<?xml version="1.0" encoding="utf-8"?><testsuite errors="0" failures="2" name="pytest" skips="1" tests="264" time="81.892"><testcase classname="parsyfiles.tests.combining_parsers_converters.test_default_instance" file="parsyfiles/tests/combining_parsers_converters/test_default_instance.py" line="50" name="test_copy" time="0.032436370849609375"></testcase><testcase classname="parsyfiles.tests.combining_parsers_converters.test_default_instance" file="parsyfiles/tests/combining_parsers_converters/test_default_instance.py" line="55" name="test_deep_copy" time="0.037522315979003906"></testcase><testcase classname="parsyfiles.tests.combining_parsers_converters.test_default_instance" file="parsyfiles/tests/combining_parsers_converters/test_default_instance.py" line="60" name="test_get_all_parsers" time="0.07483625411987305"><system-out>
127 Root parser parsers:
[$&lt;read_config&gt; =&gt; &lt;config_to_dict_of_dict&gt; -&gt; &lt;dict_to_object&gt;$,
 $&lt;read_config&gt; =&gt; &lt;config_to_dict_of_dict&gt; -&gt; &lt;dict_of_dict_to_object&gt;$,
 $&lt;read_config&gt; =&gt; &lt;merge_all_config_sections_into_a_single_dict&gt; -&gt; &lt;dict_to_object&gt;$,
 $&lt;read_dataframe_from_xls&gt; =&gt; &lt;single_row_or_col_df_to_dict&gt; -&gt; &lt;dict_to_object&gt;$,
 $&lt;read_df_or_series_from_csv&gt; =&gt; &lt;single_row_or_col_df_to_dict&gt; -&gt; &lt;dict_to_object&gt;$,
 $&lt;read_str_from_txt&gt; =&gt; &lt;base64_ascii_str_pickle_to_object&gt;$,
 $&lt;read_collection_from_yaml&gt; =&gt; &lt;dict_to_object&gt;$,
 $&lt;read_str_from_txt&gt; =&gt; &lt;constructor_with_str_arg&gt;$,
 $&lt;read_dict_or_list_from_json&gt; =&gt; &lt;dict_to_object&gt;$,
 $&lt;read_dict_from_properties&gt; =&gt; &lt;dict_to_object&gt;$,
 &lt;read_object_from_pickle&gt;,
 Multifile Object parser (parsyfiles defaults),
 &lt;read_object_from_yaml&gt;,
 $&lt;read_object_from_pickle&gt; =&gt; &lt;config_to_dict_of_dict&gt; -&gt; &lt;dict_to_df&gt; -&gt; &lt;single_row_or_col_df_to_series&gt;$,
 $&lt;read_object_from_pickle&gt; =&gt; &lt;merge_all_config_sections_into_a_single_dict&gt; -&gt; &lt;dict_to_df&gt; -&gt; &lt;single_row_or_col_df_to_series&gt;$,
 $Multifile Object parser (parsyfiles defaults) =&gt; &lt;config_to_dict_of_dict&gt; -&gt; &lt;dict_to_df&gt; -&gt; &lt;single_row_or_col_df_to_series&gt;$,
 $Multifile Object parser (parsyfiles defaults) =&gt; &lt;merge_all_config_sections_into_a_single_dict&gt; -&gt; &lt;dict_to_df&gt; -&gt; &lt;single_row_or_col_df_to_series&gt;$,
 $&lt;read_object_from_yaml&gt; =&gt; &lt;config_to_dict_of_dict&gt; -&gt; &lt;dict_to_df&gt; -&gt; &lt;single_row_or_col_df_to_series&gt;$,
 $&lt;read_object_from_yaml&gt; =&gt; &lt;merge_all_config_sections_into_a_single_dict&gt; -&gt; &lt;dict_to_df&gt; -&gt; &lt;single_row_or_col_df_to_series&gt;$,
 $&lt;read_config&gt; =&gt; &lt;config_to_dict_of_dict&gt; -&gt; &lt;dict_to_df&gt; -&gt; &lt;single_row_or_col_df_to_series&gt;$,
 $&lt;read_config&gt; =&gt; &lt;merge_all_config_sections_into_a_single_dict&gt; -&gt; &lt;dict_to_df&gt; -&gt; &lt;single_row_or_col_df_to_series&gt;$,
 $&lt;read_str_from_txt&gt; =&gt; &lt;base64_ascii_str_pickle_to_object&gt; -&gt; &lt;str_to_int&gt;$,
 $&lt;read_str_from_txt&gt; =&gt; &lt;base64_ascii_str_pickle_to_object&gt; -&gt; &lt;float_to_int&gt;$,
 $&lt;read_str_from_txt&gt; =&gt; &lt;base64_ascii_str_pickle_to_object&gt; -&gt; &lt;bool_to_int&gt;$,
 $&lt;read_str_from_txt&gt; =&gt; &lt;base64_ascii_str_pickle_to_object&gt; -&gt; &lt;str_to_float&gt;$,
 $&lt;read_str_from_txt&gt; =&gt; &lt;base64_ascii_str_pickle_to_object&gt; -&gt; &lt;int_to_float&gt;$,
 $&lt;read_str_from_txt&gt; =&gt; &lt;base64_ascii_str_pickle_to_object&gt; -&gt; &lt;bool_to_float&gt;$,
 $&lt;read_str_from_txt&gt; =&gt; &lt;base64_ascii_str_pickle_to_object&gt; -&gt; &lt;str_to_bool&gt;$,
 $&lt;read_str_from_txt&gt; =&gt; &lt;base64_ascii_str_pickle_to_object&gt; -&gt; &lt;int_to_bool&gt;$,
 $&lt;read_str_from_txt&gt; =&gt; &lt;base64_ascii_str_pickle_to_object&gt; -&gt; &lt;float_to_bool&gt;$,
 $&lt;read_str_from_txt&gt; =&gt; &lt;base64_ascii_str_pickle_to_object&gt; -&gt; &lt;list_to_set&gt;$,
 $&lt;read_str_from_txt&gt; =&gt; &lt;base64_ascii_str_pickle_to_object&gt; -&gt; &lt;list_to_tuple&gt;$,
 $&lt;read_collection_from_yaml&gt; =&gt; &lt;dict_to_df&gt; -&gt; &lt;single_row_or_col_df_to_series&gt;$,
 $&lt;read_object_from_pickle&gt; =&gt; &lt;config_to_dict_of_dict&gt; -&gt; &lt;dict_to_df&gt;$,
 $&lt;read_object_from_pickle&gt; =&gt; &lt;merge_all_config_sections_into_a_single_dict&gt; -&gt; &lt;dict_to_df&gt;$,
 $&lt;read_object_from_pickle&gt; =&gt; &lt;dict_to_df&gt; -&gt; &lt;single_row_or_col_df_to_series&gt;$,
 $Multifile Object parser (parsyfiles defaults) =&gt; &lt;config_to_dict_of_dict&gt; -&gt; &lt;dict_to_df&gt;$,
 $Multifile Object parser (parsyfiles defaults) =&gt; &lt;merge_all_config_sections_into_a_single_dict&gt; -&gt; &lt;dict_to_df&gt;$,
 $Multifile Object parser (parsyfiles defaults) =&gt; &lt;dict_to_df&gt; -&gt; &lt;single_row_or_col_df_to_series&gt;$,
 $&lt;read_object_from_yaml&gt; =&gt; &lt;config_to_dict_of_dict&gt; -&gt; &lt;dict_to_df&gt;$,
 $&lt;read_object_from_yaml&gt; =&gt; &lt;merge_all_config_sections_into_a_single_dict&gt; -&gt; &lt;dict_to_df&gt;$,
 $&lt;read_object_from_yaml&gt; =&gt; &lt;dict_to_df&gt; -&gt; &lt;single_row_or_col_df_to_series&gt;$,
 $&lt;read_dict_or_list_from_json&gt; =&gt; &lt;dict_to_df&gt; -&gt; &lt;single_row_or_col_df_to_series&gt;$,
 $&lt;read_config&gt; =&gt; &lt;config_to_dict_of_dict&gt; -&gt; &lt;dict_to_df&gt;$,
 $&lt;read_config&gt; =&gt; &lt;merge_all_config_sections_into_a_single_dict&gt; -&gt; &lt;dict_to_df&gt;$,
 $&lt;read_dict_from_properties&gt; =&gt; &lt;dict_to_df&gt; -&gt; &lt;single_row_or_col_df_to_series&gt;$,
 $&lt;read_dict_or_list_from_json&gt; =&gt; &lt;list_to_set&gt;$,
 $&lt;read_dict_or_list_from_json&gt; =&gt; &lt;list_to_tuple&gt;$,
 $&lt;read_collection_from_yaml&gt; =&gt; &lt;dict_to_df&gt;$,
 $&lt;read_object_from_pickle&gt; =&gt; &lt;str_to_int&gt;$,
 $&lt;read_object_from_pickle&gt; =&gt; &lt;float_to_int&gt;$,
 $&lt;read_object_from_pickle&gt; =&gt; &lt;bool_to_int&gt;$,
 $&lt;read_object_from_pickle&gt; =&gt; &lt;str_to_float&gt;$,
 $&lt;read_object_from_pickle&gt; =&gt; &lt;int_to_float&gt;$,
 $&lt;read_object_from_pickle&gt; =&gt; &lt;bool_to_float&gt;$,
 $&lt;read_object_from_pickle&gt; =&gt; &lt;str_to_bool&gt;$,
 $&lt;read_object_from_pickle&gt; =&gt; &lt;int_to_bool&gt;$,
 $&lt;read_object_from_pickle&gt; =&gt; &lt;float_to_bool&gt;$,
 $&lt;read_object_from_pickle&gt; =&gt; &lt;int_to_string&gt;$,
 $&lt;read_object_from_pickle&gt; =&gt; &lt;float_to_string&gt;$,
 $&lt;read_object_from_pickle&gt; =&gt; &lt;bool_to_string&gt;$,
 $&lt;read_object_from_pickle&gt; =&gt; &lt;list_to_set&gt;$,
 $&lt;read_object_from_pickle&gt; =&gt; &lt;list_to_tuple&gt;$,
 $&lt;read_object_from_pickle&gt; =&gt; &lt;config_to_dict_of_dict&gt;$,
 $&lt;read_object_from_pickle&gt; =&gt; &lt;merge_all_config_sections_into_a_single_dict&gt;$,
 $&lt;read_object_from_pickle&gt; =&gt; &lt;single_row_or_col_df_to_dict&gt;$,
 $&lt;read_object_from_pickle&gt; =&gt; &lt;dict_to_df&gt;$,
 $&lt;read_object_from_pickle&gt; =&gt; &lt;single_row_or_col_df_to_series&gt;$,
 $Multifile Object parser (parsyfiles defaults) =&gt; &lt;str_to_int&gt;$,
 $Multifile Object parser (parsyfiles defaults) =&gt; &lt;float_to_int&gt;$,
 $Multifile Object parser (parsyfiles defaults) =&gt; &lt;bool_to_int&gt;$,
 $Multifile Object parser (parsyfiles defaults) =&gt; &lt;str_to_float&gt;$,
 $Multifile Object parser (parsyfiles defaults) =&gt; &lt;int_to_float&gt;$,
 $Multifile Object parser (parsyfiles defaults) =&gt; &lt;bool_to_float&gt;$,
 $Multifile Object parser (parsyfiles defaults) =&gt; &lt;str_to_bool&gt;$,
 $Multifile Object parser (parsyfiles defaults) =&gt; &lt;int_to_bool&gt;$,
 $Multifile Object parser (parsyfiles defaults) =&gt; &lt;float_to_bool&gt;$,
 $Multifile Object parser (parsyfiles defaults) =&gt; &lt;int_to_string&gt;$,
 $Multifile Object parser (parsyfiles defaults) =&gt; &lt;float_to_string&gt;$,
 $Multifile Object parser (parsyfiles defaults) =&gt; &lt;bool_to_string&gt;$,
 $Multifile Object parser (parsyfiles defaults) =&gt; &lt;list_to_set&gt;$,
 $Multifile Object parser (parsyfiles defaults) =&gt; &lt;list_to_tuple&gt;$,
 $Multifile Object parser (parsyfiles defaults) =&gt; &lt;config_to_dict_of_dict&gt;$,
 $Multifile Object parser (parsyfiles defaults) =&gt; &lt;merge_all_config_sections_into_a_single_dict&gt;$,
 $Multifile Object parser (parsyfiles defaults) =&gt; &lt;single_row_or_col_df_to_dict&gt;$,
 $Multifile Object parser (parsyfiles defaults) =&gt; &lt;dict_to_df&gt;$,
 $Multifile Object parser (parsyfiles defaults) =&gt; &lt;single_row_or_col_df_to_series&gt;$,
 $&lt;read_object_from_yaml&gt; =&gt; &lt;str_to_int&gt;$,
 $&lt;read_object_from_yaml&gt; =&gt; &lt;float_to_int&gt;$,
 $&lt;read_object_from_yaml&gt; =&gt; &lt;bool_to_int&gt;$,
 $&lt;read_object_from_yaml&gt; =&gt; &lt;str_to_float&gt;$,
 $&lt;read_object_from_yaml&gt; =&gt; &lt;int_to_float&gt;$,
 $&lt;read_object_from_yaml&gt; =&gt; &lt;bool_to_float&gt;$,
 $&lt;read_object_from_yaml&gt; =&gt; &lt;str_to_bool&gt;$,
 $&lt;read_object_from_yaml&gt; =&gt; &lt;int_to_bool&gt;$,
 $&lt;read_object_from_yaml&gt; =&gt; &lt;float_to_bool&gt;$,
 $&lt;read_object_from_yaml&gt; =&gt; &lt;int_to_string&gt;$,
 $&lt;read_object_from_yaml&gt; =&gt; &lt;float_to_string&gt;$,
 $&lt;read_object_from_yaml&gt; =&gt; &lt;bool_to_string&gt;$,
 $&lt;read_object_from_yaml&gt; =&gt; &lt;list_to_set&gt;$,
 $&lt;read_object_from_yaml&gt; =&gt; &lt;list_to_tuple&gt;$,
 $&lt;read_object_from_yaml&gt; =&gt; &lt;config_to_dict_of_dict&gt;$,
 $&lt;read_object_from_yaml&gt; =&gt; &lt;merge_all_config_sections_into_a_single_dict&gt;$,
 $&lt;read_object_from_yaml&gt; =&gt; &lt;single_row_or_col_df_to_dict&gt;$,
 $&lt;read_object_from_yaml&gt; =&gt; &lt;dict_to_df&gt;$,
 $&lt;read_object_from_yaml&gt; =&gt; &lt;single_row_or_col_df_to_series&gt;$,
 $&lt;read_str_from_txt&gt; =&gt; &lt;str_to_int&gt;$,
 $&lt;read_str_from_txt&gt; =&gt; &lt;str_to_float&gt;$,
 $&lt;read_str_from_txt&gt; =&gt; &lt;str_to_bool&gt;$,
 $&lt;read_dict_or_list_from_json&gt; =&gt; &lt;dict_to_df&gt;$,
 $&lt;read_config&gt; =&gt; &lt;config_to_dict_of_dict&gt;$,
 $&lt;read_config&gt; =&gt; &lt;merge_all_config_sections_into_a_single_dict&gt;$,
 $&lt;read_dict_from_properties&gt; =&gt; &lt;dict_to_df&gt;$,
 $&lt;read_collection_from_yaml&gt; =&gt; &lt;list_to_set&gt;$,
 $&lt;read_collection_from_yaml&gt; =&gt; &lt;list_to_tuple&gt;$,
 $&lt;read_dataframe_from_xls&gt; =&gt; &lt;single_row_or_col_df_to_dict&gt;$,
 $&lt;read_dataframe_from_xls&gt; =&gt; &lt;single_row_or_col_df_to_series&gt;$,
 $&lt;read_df_or_series_from_csv&gt; =&gt; &lt;single_row_or_col_df_to_dict&gt;$,
 $&lt;read_df_or_series_from_csv&gt; =&gt; &lt;single_row_or_col_df_to_series&gt;$,
 &lt;read_str_from_txt&gt;,
 &lt;read_dict_or_list_from_json&gt;,
 Multifile Collection parser (parsyfiles defaults),
 &lt;read_config&gt;,
 &lt;read_dict_from_properties&gt;,
 &lt;read_collection_from_yaml&gt;,
 &lt;read_dataframe_from_xls&gt;,
 &lt;read_df_or_series_from_csv&gt;]
</system-out></testcase><testcase classname="parsyfiles.tests.combining_parsers_converters.test_default_instance" file="parsyfiles/tests/combining_parsers_converters/test_default_instance.py" line="73" name="test_option_hints" time="0.06908869743347168"><system-out>Testing option hints for parsing chain
read_config: No declared option
config_to_dict_of_dict: No declared option
dict_to_object: No declared option

</system-out></testcase><testcase classname="parsyfiles.tests.combining_parsers_converters.test_default_instance" file="parsyfiles/tests/combining_parsers_converters/test_default_instance.py" line="81" name="test_get_all_conversion_chains" time="0.03229236602783203"><system-out>
22(generic) + 200(specific) Root parser converters:
([$&lt;config_to_dict_of_dict&gt; -&gt; &lt;dict_to_object&gt;$,
  $&lt;config_to_dict_of_dict&gt; -&gt; &lt;dict_of_dict_to_object&gt;$,
  $&lt;merge_all_config_sections_into_a_single_dict&gt; -&gt; &lt;dict_to_object&gt;$,
  $&lt;single_row_or_col_df_to_dict&gt; -&gt; &lt;dict_to_object&gt;$,
  $&lt;constructor_with_str_arg&gt;$,
  $&lt;base64_ascii_str_pickle_to_object&gt;$,
  $&lt;dict_of_dict_to_object&gt;$,
  $&lt;dict_to_object&gt;$,
  $&lt;construct_from_bool_&gt;$,
  $&lt;construct_from_int8&gt;$,
  $&lt;construct_from_int16&gt;$,
  $&lt;construct_from_int32&gt;$,
  $&lt;construct_from_int64&gt;$,
  $&lt;construct_from_uint8&gt;$,
  $&lt;construct_from_uint16&gt;$,
  $&lt;construct_from_uint32&gt;$,
  $&lt;construct_from_uint64&gt;$,
  $&lt;construct_from_float16&gt;$,
  $&lt;construct_from_float32&gt;$,
  $&lt;construct_from_float64&gt;$,
  $&lt;construct_from_complex64&gt;$,
  $&lt;construct_from_complex128&gt;$],
 [],
 [$&lt;config_to_dict_of_dict&gt; -&gt; &lt;dict_to_df&gt; -&gt; &lt;single_row_or_col_df_to_series&gt;$,
  $&lt;config_to_dict_of_dict&gt; -&gt; &lt;dict_to_df&gt;$,
  $&lt;merge_all_config_sections_into_a_single_dict&gt; -&gt; &lt;dict_to_df&gt; -&gt; &lt;single_row_or_col_df_to_series&gt;$,
  $&lt;base64_ascii_str_pickle_to_object&gt; -&gt; &lt;str_to_int&gt;$,
  $&lt;base64_ascii_str_pickle_to_object&gt; -&gt; &lt;float_to_int&gt;$,
  $&lt;base64_ascii_str_pickle_to_object&gt; -&gt; &lt;bool_to_int&gt;$,
  $&lt;base64_ascii_str_pickle_to_object&gt; -&gt; &lt;str_to_float&gt;$,
  $&lt;base64_ascii_str_pickle_to_object&gt; -&gt; &lt;int_to_float&gt;$,
  $&lt;base64_ascii_str_pickle_to_object&gt; -&gt; &lt;bool_to_float&gt;$,
  $&lt;base64_ascii_str_pickle_to_object&gt; -&gt; &lt;str_to_bool&gt;$,
  $&lt;base64_ascii_str_pickle_to_object&gt; -&gt; &lt;int_to_bool&gt;$,
  $&lt;base64_ascii_str_pickle_to_object&gt; -&gt; &lt;float_to_bool&gt;$,
  $&lt;base64_ascii_str_pickle_to_object&gt; -&gt; &lt;int_to_string&gt;$,
  $&lt;base64_ascii_str_pickle_to_object&gt; -&gt; &lt;float_to_string&gt;$,
  $&lt;base64_ascii_str_pickle_to_object&gt; -&gt; &lt;bool_to_string&gt;$,
  $&lt;base64_ascii_str_pickle_to_object&gt; -&gt; &lt;list_to_set&gt;$,
  $&lt;base64_ascii_str_pickle_to_object&gt; -&gt; &lt;list_to_tuple&gt;$,
  $&lt;construct_from_bool_&gt; -&gt; &lt;str_to_int&gt;$,
  $&lt;construct_from_bool_&gt; -&gt; &lt;float_to_int&gt;$,
  $&lt;construct_from_bool_&gt; -&gt; &lt;bool_to_int&gt;$,
  $&lt;construct_from_bool_&gt; -&gt; &lt;str_to_float&gt;$,
  $&lt;construct_from_bool_&gt; -&gt; &lt;int_to_float&gt;$,
  $&lt;construct_from_bool_&gt; -&gt; &lt;bool_to_float&gt;$,
  $&lt;construct_from_bool_&gt; -&gt; &lt;str_to_bool&gt;$,
  $&lt;construct_from_bool_&gt; -&gt; &lt;int_to_bool&gt;$,
  $&lt;construct_from_bool_&gt; -&gt; &lt;float_to_bool&gt;$,
  $&lt;construct_from_bool_&gt; -&gt; &lt;int_to_string&gt;$,
  $&lt;construct_from_bool_&gt; -&gt; &lt;float_to_string&gt;$,
  $&lt;construct_from_bool_&gt; -&gt; &lt;bool_to_string&gt;$,
  $&lt;construct_from_int8&gt; -&gt; &lt;str_to_int&gt;$,
  $&lt;construct_from_int8&gt; -&gt; &lt;float_to_int&gt;$,
  $&lt;construct_from_int8&gt; -&gt; &lt;bool_to_int&gt;$,
  $&lt;construct_from_int8&gt; -&gt; &lt;str_to_float&gt;$,
  $&lt;construct_from_int8&gt; -&gt; &lt;int_to_float&gt;$,
  $&lt;construct_from_int8&gt; -&gt; &lt;bool_to_float&gt;$,
  $&lt;construct_from_int8&gt; -&gt; &lt;str_to_bool&gt;$,
  $&lt;construct_from_int8&gt; -&gt; &lt;int_to_bool&gt;$,
  $&lt;construct_from_int8&gt; -&gt; &lt;float_to_bool&gt;$,
  $&lt;construct_from_int8&gt; -&gt; &lt;int_to_string&gt;$,
  $&lt;construct_from_int8&gt; -&gt; &lt;float_to_string&gt;$,
  $&lt;construct_from_int8&gt; -&gt; &lt;bool_to_string&gt;$,
  $&lt;construct_from_int16&gt; -&gt; &lt;str_to_int&gt;$,
  $&lt;construct_from_int16&gt; -&gt; &lt;float_to_int&gt;$,
  $&lt;construct_from_int16&gt; -&gt; &lt;bool_to_int&gt;$,
  $&lt;construct_from_int16&gt; -&gt; &lt;str_to_float&gt;$,
  $&lt;construct_from_int16&gt; -&gt; &lt;int_to_float&gt;$,
  $&lt;construct_from_int16&gt; -&gt; &lt;bool_to_float&gt;$,
  $&lt;construct_from_int16&gt; -&gt; &lt;str_to_bool&gt;$,
  $&lt;construct_from_int16&gt; -&gt; &lt;int_to_bool&gt;$,
  $&lt;construct_from_int16&gt; -&gt; &lt;float_to_bool&gt;$,
  $&lt;construct_from_int16&gt; -&gt; &lt;int_to_string&gt;$,
  $&lt;construct_from_int16&gt; -&gt; &lt;float_to_string&gt;$,
  $&lt;construct_from_int16&gt; -&gt; &lt;bool_to_string&gt;$,
  $&lt;construct_from_int32&gt; -&gt; &lt;str_to_int&gt;$,
  $&lt;construct_from_int32&gt; -&gt; &lt;float_to_int&gt;$,
  $&lt;construct_from_int32&gt; -&gt; &lt;bool_to_int&gt;$,
  $&lt;construct_from_int32&gt; -&gt; &lt;str_to_float&gt;$,
  $&lt;construct_from_int32&gt; -&gt; &lt;int_to_float&gt;$,
  $&lt;construct_from_int32&gt; -&gt; &lt;bool_to_float&gt;$,
  $&lt;construct_from_int32&gt; -&gt; &lt;str_to_bool&gt;$,
  $&lt;construct_from_int32&gt; -&gt; &lt;int_to_bool&gt;$,
  $&lt;construct_from_int32&gt; -&gt; &lt;float_to_bool&gt;$,
  $&lt;construct_from_int32&gt; -&gt; &lt;int_to_string&gt;$,
  $&lt;construct_from_int32&gt; -&gt; &lt;float_to_string&gt;$,
  $&lt;construct_from_int32&gt; -&gt; &lt;bool_to_string&gt;$,
  $&lt;construct_from_int64&gt; -&gt; &lt;str_to_int&gt;$,
  $&lt;construct_from_int64&gt; -&gt; &lt;float_to_int&gt;$,
  $&lt;construct_from_int64&gt; -&gt; &lt;bool_to_int&gt;$,
  $&lt;construct_from_int64&gt; -&gt; &lt;str_to_float&gt;$,
  $&lt;construct_from_int64&gt; -&gt; &lt;int_to_float&gt;$,
  $&lt;construct_from_int64&gt; -&gt; &lt;bool_to_float&gt;$,
  $&lt;construct_from_int64&gt; -&gt; &lt;str_to_bool&gt;$,
  $&lt;construct_from_int64&gt; -&gt; &lt;int_to_bool&gt;$,
  $&lt;construct_from_int64&gt; -&gt; &lt;float_to_bool&gt;$,
  $&lt;construct_from_int64&gt; -&gt; &lt;int_to_string&gt;$,
  $&lt;construct_from_int64&gt; -&gt; &lt;float_to_string&gt;$,
  $&lt;construct_from_int64&gt; -&gt; &lt;bool_to_string&gt;$,
  $&lt;construct_from_uint8&gt; -&gt; &lt;str_to_int&gt;$,
  $&lt;construct_from_uint8&gt; -&gt; &lt;float_to_int&gt;$,
  $&lt;construct_from_uint8&gt; -&gt; &lt;bool_to_int&gt;$,
  $&lt;construct_from_uint8&gt; -&gt; &lt;str_to_float&gt;$,
  $&lt;construct_from_uint8&gt; -&gt; &lt;int_to_float&gt;$,
  $&lt;construct_from_uint8&gt; -&gt; &lt;bool_to_float&gt;$,
  $&lt;construct_from_uint8&gt; -&gt; &lt;str_to_bool&gt;$,
  $&lt;construct_from_uint8&gt; -&gt; &lt;int_to_bool&gt;$,
  $&lt;construct_from_uint8&gt; -&gt; &lt;float_to_bool&gt;$,
  $&lt;construct_from_uint8&gt; -&gt; &lt;int_to_string&gt;$,
  $&lt;construct_from_uint8&gt; -&gt; &lt;float_to_string&gt;$,
  $&lt;construct_from_uint8&gt; -&gt; &lt;bool_to_string&gt;$,
  $&lt;construct_from_uint16&gt; -&gt; &lt;str_to_int&gt;$,
  $&lt;construct_from_uint16&gt; -&gt; &lt;float_to_int&gt;$,
  $&lt;construct_from_uint16&gt; -&gt; &lt;bool_to_int&gt;$,
  $&lt;construct_from_uint16&gt; -&gt; &lt;str_to_float&gt;$,
  $&lt;construct_from_uint16&gt; -&gt; &lt;int_to_float&gt;$,
  $&lt;construct_from_uint16&gt; -&gt; &lt;bool_to_float&gt;$,
  $&lt;construct_from_uint16&gt; -&gt; &lt;str_to_bool&gt;$,
  $&lt;construct_from_uint16&gt; -&gt; &lt;int_to_bool&gt;$,
  $&lt;construct_from_uint16&gt; -&gt; &lt;float_to_bool&gt;$,
  $&lt;construct_from_uint16&gt; -&gt; &lt;int_to_string&gt;$,
  $&lt;construct_from_uint16&gt; -&gt; &lt;float_to_string&gt;$,
  $&lt;construct_from_uint16&gt; -&gt; &lt;bool_to_string&gt;$,
  $&lt;construct_from_uint32&gt; -&gt; &lt;str_to_int&gt;$,
  $&lt;construct_from_uint32&gt; -&gt; &lt;float_to_int&gt;$,
  $&lt;construct_from_uint32&gt; -&gt; &lt;bool_to_int&gt;$,
  $&lt;construct_from_uint32&gt; -&gt; &lt;str_to_float&gt;$,
  $&lt;construct_from_uint32&gt; -&gt; &lt;int_to_float&gt;$,
  $&lt;construct_from_uint32&gt; -&gt; &lt;bool_to_float&gt;$,
  $&lt;construct_from_uint32&gt; -&gt; &lt;str_to_bool&gt;$,
  $&lt;construct_from_uint32&gt; -&gt; &lt;int_to_bool&gt;$,
  $&lt;construct_from_uint32&gt; -&gt; &lt;float_to_bool&gt;$,
  $&lt;construct_from_uint32&gt; -&gt; &lt;int_to_string&gt;$,
  $&lt;construct_from_uint32&gt; -&gt; &lt;float_to_string&gt;$,
  $&lt;construct_from_uint32&gt; -&gt; &lt;bool_to_string&gt;$,
  $&lt;construct_from_uint64&gt; -&gt; &lt;str_to_int&gt;$,
  $&lt;construct_from_uint64&gt; -&gt; &lt;float_to_int&gt;$,
  $&lt;construct_from_uint64&gt; -&gt; &lt;bool_to_int&gt;$,
  $&lt;construct_from_uint64&gt; -&gt; &lt;str_to_float&gt;$,
  $&lt;construct_from_uint64&gt; -&gt; &lt;int_to_float&gt;$,
  $&lt;construct_from_uint64&gt; -&gt; &lt;bool_to_float&gt;$,
  $&lt;construct_from_uint64&gt; -&gt; &lt;str_to_bool&gt;$,
  $&lt;construct_from_uint64&gt; -&gt; &lt;int_to_bool&gt;$,
  $&lt;construct_from_uint64&gt; -&gt; &lt;float_to_bool&gt;$,
  $&lt;construct_from_uint64&gt; -&gt; &lt;int_to_string&gt;$,
  $&lt;construct_from_uint64&gt; -&gt; &lt;float_to_string&gt;$,
  $&lt;construct_from_uint64&gt; -&gt; &lt;bool_to_string&gt;$,
  $&lt;construct_from_float16&gt; -&gt; &lt;str_to_int&gt;$,
  $&lt;construct_from_float16&gt; -&gt; &lt;float_to_int&gt;$,
  $&lt;construct_from_float16&gt; -&gt; &lt;bool_to_int&gt;$,
  $&lt;construct_from_float16&gt; -&gt; &lt;str_to_float&gt;$,
  $&lt;construct_from_float16&gt; -&gt; &lt;int_to_float&gt;$,
  $&lt;construct_from_float16&gt; -&gt; &lt;bool_to_float&gt;$,
  $&lt;construct_from_float16&gt; -&gt; &lt;str_to_bool&gt;$,
  $&lt;construct_from_float16&gt; -&gt; &lt;int_to_bool&gt;$,
  $&lt;construct_from_float16&gt; -&gt; &lt;float_to_bool&gt;$,
  $&lt;construct_from_float16&gt; -&gt; &lt;int_to_string&gt;$,
  $&lt;construct_from_float16&gt; -&gt; &lt;float_to_string&gt;$,
  $&lt;construct_from_float16&gt; -&gt; &lt;bool_to_string&gt;$,
  $&lt;construct_from_float32&gt; -&gt; &lt;str_to_int&gt;$,
  $&lt;construct_from_float32&gt; -&gt; &lt;float_to_int&gt;$,
  $&lt;construct_from_float32&gt; -&gt; &lt;bool_to_int&gt;$,
  $&lt;construct_from_float32&gt; -&gt; &lt;str_to_float&gt;$,
  $&lt;construct_from_float32&gt; -&gt; &lt;int_to_float&gt;$,
  $&lt;construct_from_float32&gt; -&gt; &lt;bool_to_float&gt;$,
  $&lt;construct_from_float32&gt; -&gt; &lt;str_to_bool&gt;$,
  $&lt;construct_from_float32&gt; -&gt; &lt;int_to_bool&gt;$,
  $&lt;construct_from_float32&gt; -&gt; &lt;float_to_bool&gt;$,
  $&lt;construct_from_float32&gt; -&gt; &lt;int_to_string&gt;$,
  $&lt;construct_from_float32&gt; -&gt; &lt;float_to_string&gt;$,
  $&lt;construct_from_float32&gt; -&gt; &lt;bool_to_string&gt;$,
  $&lt;construct_from_float64&gt; -&gt; &lt;str_to_int&gt;$,
  $&lt;construct_from_float64&gt; -&gt; &lt;bool_to_int&gt;$,
  $&lt;construct_from_float64&gt; -&gt; &lt;str_to_bool&gt;$,
  $&lt;construct_from_float64&gt; -&gt; &lt;int_to_bool&gt;$,
  $&lt;construct_from_float64&gt; -&gt; &lt;int_to_string&gt;$,
  $&lt;construct_from_float64&gt; -&gt; &lt;bool_to_string&gt;$,
  $&lt;construct_from_complex64&gt; -&gt; &lt;str_to_int&gt;$,
  $&lt;construct_from_complex64&gt; -&gt; &lt;float_to_int&gt;$,
  $&lt;construct_from_complex64&gt; -&gt; &lt;bool_to_int&gt;$,
  $&lt;construct_from_complex64&gt; -&gt; &lt;str_to_float&gt;$,
  $&lt;construct_from_complex64&gt; -&gt; &lt;int_to_float&gt;$,
  $&lt;construct_from_complex64&gt; -&gt; &lt;bool_to_float&gt;$,
  $&lt;construct_from_complex64&gt; -&gt; &lt;str_to_bool&gt;$,
  $&lt;construct_from_complex64&gt; -&gt; &lt;int_to_bool&gt;$,
  $&lt;construct_from_complex64&gt; -&gt; &lt;float_to_bool&gt;$,
  $&lt;construct_from_complex64&gt; -&gt; &lt;int_to_string&gt;$,
  $&lt;construct_from_complex64&gt; -&gt; &lt;float_to_string&gt;$,
  $&lt;construct_from_complex64&gt; -&gt; &lt;bool_to_string&gt;$,
  $&lt;construct_from_complex128&gt; -&gt; &lt;str_to_int&gt;$,
  $&lt;construct_from_complex128&gt; -&gt; &lt;float_to_int&gt;$,
  $&lt;construct_from_complex128&gt; -&gt; &lt;bool_to_int&gt;$,
  $&lt;construct_from_complex128&gt; -&gt; &lt;str_to_float&gt;$,
  $&lt;construct_from_complex128&gt; -&gt; &lt;int_to_float&gt;$,
  $&lt;construct_from_complex128&gt; -&gt; &lt;bool_to_float&gt;$,
  $&lt;construct_from_complex128&gt; -&gt; &lt;str_to_bool&gt;$,
  $&lt;construct_from_complex128&gt; -&gt; &lt;int_to_bool&gt;$,
  $&lt;construct_from_complex128&gt; -&gt; &lt;float_to_bool&gt;$,
  $&lt;construct_from_complex128&gt; -&gt; &lt;int_to_string&gt;$,
  $&lt;construct_from_complex128&gt; -&gt; &lt;float_to_string&gt;$,
  $&lt;construct_from_complex128&gt; -&gt; &lt;bool_to_string&gt;$,
  $&lt;merge_all_config_sections_into_a_single_dict&gt; -&gt; &lt;dict_to_df&gt;$,
  $&lt;dict_to_df&gt; -&gt; &lt;single_row_or_col_df_to_series&gt;$,
  $&lt;str_to_int&gt;$,
  $&lt;float_to_int&gt;$,
  $&lt;bool_to_int&gt;$,
  $&lt;str_to_float&gt;$,
  $&lt;int_to_float&gt;$,
  $&lt;bool_to_float&gt;$,
  $&lt;str_to_bool&gt;$,
  $&lt;int_to_bool&gt;$,
  $&lt;float_to_bool&gt;$,
  $&lt;int_to_string&gt;$,
  $&lt;float_to_string&gt;$,
  $&lt;bool_to_string&gt;$,
  $&lt;list_to_set&gt;$,
  $&lt;list_to_tuple&gt;$,
  $&lt;config_to_dict_of_dict&gt;$,
  $&lt;merge_all_config_sections_into_a_single_dict&gt;$,
  $&lt;single_row_or_col_df_to_dict&gt;$,
  $&lt;dict_to_df&gt;$,
  $&lt;single_row_or_col_df_to_series&gt;$])
</system-out></testcase><testcase classname="parsyfiles.tests.combining_parsers_converters.test_default_instance" file="parsyfiles/tests/combining_parsers_converters/test_default_instance.py" line="101" name="test_get_all_supported_exts" time="0.06893730163574219"><system-out>
13 Root parser supported extensions:
{&apos;.cfg&apos;,
 &apos;.csv&apos;,
 &apos;.ini&apos;,
 &apos;.json&apos;,
 &apos;.properties&apos;,
 &apos;.pyc&apos;,
 &apos;.txt&apos;,
 &apos;.xls&apos;,
 &apos;.xlsm&apos;,
 &apos;.xlsx&apos;,
 &apos;.yaml&apos;,
 &apos;.yml&apos;,
 &apos;&lt;multifile&gt;&apos;}
</system-out></testcase><testcase classname="parsyfiles.tests.combining_parsers_converters.test_default_instance" file="parsyfiles/tests/combining_parsers_converters/test_default_instance.py" line="113" name="test_get_all_supported_types_pretty_str" time="0.07795166969299316"><system-out>
15 Root parser supported types:
{&apos;AnyObject&apos;,
 &apos;ConfigParser&apos;,
 &apos;DataFrame&apos;,
 &apos;Dict&apos;,
 &apos;DictOfDict&apos;,
 &apos;List&apos;,
 &apos;Series&apos;,
 &apos;Set&apos;,
 &apos;Tuple&apos;,
 &apos;bool&apos;,
 &apos;dict&apos;,
 &apos;float&apos;,
 &apos;int&apos;,
 &apos;list&apos;,
 &apos;str&apos;}
</system-out></testcase><testcase classname="parsyfiles.tests.combining_parsers_converters.test_default_instance" file="parsyfiles/tests/combining_parsers_converters/test_default_instance.py" line="124" name="test_print_and_get_capabilities_by_ext" time="9.373727798461914"><system-out>WARNING: Object constructor signature for type Series does not allow parsyfiles to automatically create instances from dict content. Caught TypeInformationRequiredError: Cannot create instances of type &lt;class &apos;pandas.core.series.Series&apos;&gt;: constructor attribute &apos;data&apos; has no PEP484 type hint.
WARNING: Object constructor signature for type ConfigParser does not allow parsyfiles to automatically create instances from dict content. Caught TypeInformationRequiredError: Cannot create instances of type &lt;class &apos;configparser.ConfigParser&apos;&gt;: constructor attribute &apos;defaults&apos; has no PEP484 type hint.

13 Root parser capabilities by ext:

Capabilities by file extension: 
{&apos;.cfg&apos;: {&apos;AnyObject&apos;: {&apos;1_exact_match&apos;: [$&lt;read_config&gt; =&gt; &lt;merge_all_config_sections_into_a_single_dict&gt; -&gt; &lt;dict_to_object&gt;$,
                                          $&lt;read_config&gt; =&gt; &lt;config_to_dict_of_dict&gt; -&gt; &lt;dict_of_dict_to_object&gt;$,
                                          $&lt;read_config&gt; =&gt; &lt;config_to_dict_of_dict&gt; -&gt; &lt;dict_to_object&gt;$]},
          &apos;ConfigParser&apos;: {&apos;1_exact_match&apos;: [&lt;read_config&gt;]},
          &apos;DataFrame&apos;: {&apos;1_exact_match&apos;: [$&lt;read_config&gt; =&gt; &lt;merge_all_config_sections_into_a_single_dict&gt; -&gt; &lt;dict_to_df&gt;$,
                                          $&lt;read_config&gt; =&gt; &lt;config_to_dict_of_dict&gt; -&gt; &lt;dict_to_df&gt;$]},
          &apos;DictOfDict&apos;: {&apos;1_exact_match&apos;: [$&lt;read_config&gt; =&gt; &lt;config_to_dict_of_dict&gt;$]},
          &apos;Series&apos;: {&apos;1_exact_match&apos;: [$&lt;read_config&gt; =&gt; &lt;merge_all_config_sections_into_a_single_dict&gt; -&gt; &lt;dict_to_df&gt; -&gt; &lt;single_row_or_col_df_to_series&gt;$,
                                       $&lt;read_config&gt; =&gt; &lt;config_to_dict_of_dict&gt; -&gt; &lt;dict_to_df&gt; -&gt; &lt;single_row_or_col_df_to_series&gt;$]},
          &apos;dict&apos;: {&apos;1_exact_match&apos;: [$&lt;read_config&gt; =&gt; &lt;merge_all_config_sections_into_a_single_dict&gt;$],
                   &apos;2_approx_match&apos;: [$&lt;read_config&gt; =&gt; &lt;config_to_dict_of_dict&gt;$]}},
 &apos;.csv&apos;: {&apos;AnyObject&apos;: {&apos;1_exact_match&apos;: [$&lt;read_df_or_series_from_csv&gt; =&gt; &lt;single_row_or_col_df_to_dict&gt; -&gt; &lt;dict_to_object&gt;$]},
          &apos;DataFrame&apos;: {&apos;1_exact_match&apos;: [&lt;read_df_or_series_from_csv&gt;]},
          &apos;Series&apos;: {&apos;1_exact_match&apos;: [&lt;read_df_or_series_from_csv&gt;]},
          &apos;dict&apos;: {&apos;1_exact_match&apos;: [$&lt;read_df_or_series_from_csv&gt; =&gt; &lt;single_row_or_col_df_to_dict&gt;$]}},
 &apos;.ini&apos;: {&apos;AnyObject&apos;: {&apos;1_exact_match&apos;: [$&lt;read_config&gt; =&gt; &lt;merge_all_config_sections_into_a_single_dict&gt; -&gt; &lt;dict_to_object&gt;$,
                                          $&lt;read_config&gt; =&gt; &lt;config_to_dict_of_dict&gt; -&gt; &lt;dict_of_dict_to_object&gt;$,
                                          $&lt;read_config&gt; =&gt; &lt;config_to_dict_of_dict&gt; -&gt; &lt;dict_to_object&gt;$]},
          &apos;ConfigParser&apos;: {&apos;1_exact_match&apos;: [&lt;read_config&gt;]},
          &apos;DataFrame&apos;: {&apos;1_exact_match&apos;: [$&lt;read_config&gt; =&gt; &lt;merge_all_config_sections_into_a_single_dict&gt; -&gt; &lt;dict_to_df&gt;$,
                                          $&lt;read_config&gt; =&gt; &lt;config_to_dict_of_dict&gt; -&gt; &lt;dict_to_df&gt;$]},
          &apos;DictOfDict&apos;: {&apos;1_exact_match&apos;: [$&lt;read_config&gt; =&gt; &lt;config_to_dict_of_dict&gt;$]},
          &apos;Series&apos;: {&apos;1_exact_match&apos;: [$&lt;read_config&gt; =&gt; &lt;merge_all_config_sections_into_a_single_dict&gt; -&gt; &lt;dict_to_df&gt; -&gt; &lt;single_row_or_col_df_to_series&gt;$,
                                       $&lt;read_config&gt; =&gt; &lt;config_to_dict_of_dict&gt; -&gt; &lt;dict_to_df&gt; -&gt; &lt;single_row_or_col_df_to_series&gt;$]},
          &apos;dict&apos;: {&apos;1_exact_match&apos;: [$&lt;read_config&gt; =&gt; &lt;merge_all_config_sections_into_a_single_dict&gt;$],
                   &apos;2_approx_match&apos;: [$&lt;read_config&gt; =&gt; &lt;config_to_dict_of_dict&gt;$]}},
 &apos;.json&apos;: {&apos;AnyObject&apos;: {&apos;1_exact_match&apos;: [$&lt;read_dict_or_list_from_json&gt; =&gt; &lt;dict_to_object&gt;$]},
           &apos;DataFrame&apos;: {&apos;1_exact_match&apos;: [$&lt;read_dict_or_list_from_json&gt; =&gt; &lt;dict_to_df&gt;$]},
           &apos;Series&apos;: {&apos;1_exact_match&apos;: [$&lt;read_dict_or_list_from_json&gt; =&gt; &lt;dict_to_df&gt; -&gt; &lt;single_row_or_col_df_to_series&gt;$]},
           &apos;Set&apos;: {&apos;1_exact_match&apos;: [$&lt;read_dict_or_list_from_json&gt; =&gt; &lt;list_to_set&gt;$]},
           &apos;Tuple&apos;: {&apos;1_exact_match&apos;: [$&lt;read_dict_or_list_from_json&gt; =&gt; &lt;list_to_tuple&gt;$]},
           &apos;dict&apos;: {&apos;1_exact_match&apos;: [&lt;read_dict_or_list_from_json&gt;]},
           &apos;list&apos;: {&apos;1_exact_match&apos;: [&lt;read_dict_or_list_from_json&gt;]}},
 &apos;.properties&apos;: {&apos;AnyObject&apos;: {&apos;1_exact_match&apos;: [$&lt;read_dict_from_properties&gt; =&gt; &lt;dict_to_object&gt;$]},
                 &apos;DataFrame&apos;: {&apos;1_exact_match&apos;: [$&lt;read_dict_from_properties&gt; =&gt; &lt;dict_to_df&gt;$]},
                 &apos;Series&apos;: {&apos;1_exact_match&apos;: [$&lt;read_dict_from_properties&gt; =&gt; &lt;dict_to_df&gt; -&gt; &lt;single_row_or_col_df_to_series&gt;$]},
                 &apos;dict&apos;: {&apos;1_exact_match&apos;: [&lt;read_dict_from_properties&gt;]}},
 &apos;.pyc&apos;: {&apos;AnyObject&apos;: {&apos;1_exact_match&apos;: [&lt;read_object_from_pickle&gt;]},
          &apos;DataFrame&apos;: {&apos;1_exact_match&apos;: [$&lt;read_object_from_pickle&gt; =&gt; &lt;dict_to_df&gt;$,
                                          $&lt;read_object_from_pickle&gt; =&gt; &lt;merge_all_config_sections_into_a_single_dict&gt; -&gt; &lt;dict_to_df&gt;$,
                                          $&lt;read_object_from_pickle&gt; =&gt; &lt;config_to_dict_of_dict&gt; -&gt; &lt;dict_to_df&gt;$],
                        &apos;3_generic&apos;: [&lt;read_object_from_pickle&gt;]},
          &apos;DictOfDict&apos;: {&apos;1_exact_match&apos;: [$&lt;read_object_from_pickle&gt; =&gt; &lt;config_to_dict_of_dict&gt;$],
                         &apos;3_generic&apos;: [&lt;read_object_from_pickle&gt;]},
          &apos;Series&apos;: {&apos;1_exact_match&apos;: [$&lt;read_object_from_pickle&gt; =&gt; &lt;single_row_or_col_df_to_series&gt;$,
                                       $&lt;read_object_from_pickle&gt; =&gt; &lt;dict_to_df&gt; -&gt; &lt;single_row_or_col_df_to_series&gt;$,
                                       $&lt;read_object_from_pickle&gt; =&gt; &lt;merge_all_config_sections_into_a_single_dict&gt; -&gt; &lt;dict_to_df&gt; -&gt; &lt;single_row_or_col_df_to_series&gt;$,
                                       $&lt;read_object_from_pickle&gt; =&gt; &lt;config_to_dict_of_dict&gt; -&gt; &lt;dict_to_df&gt; -&gt; &lt;single_row_or_col_df_to_series&gt;$],
                     &apos;3_generic&apos;: [&lt;read_object_from_pickle&gt;]},
          &apos;Set&apos;: {&apos;1_exact_match&apos;: [$&lt;read_object_from_pickle&gt; =&gt; &lt;list_to_set&gt;$],
                  &apos;3_generic&apos;: [&lt;read_object_from_pickle&gt;]},
          &apos;Tuple&apos;: {&apos;1_exact_match&apos;: [$&lt;read_object_from_pickle&gt; =&gt; &lt;list_to_tuple&gt;$],
                    &apos;3_generic&apos;: [&lt;read_object_from_pickle&gt;]},
          &apos;bool&apos;: {&apos;1_exact_match&apos;: [$&lt;read_object_from_pickle&gt; =&gt; &lt;float_to_bool&gt;$,
                                     $&lt;read_object_from_pickle&gt; =&gt; &lt;int_to_bool&gt;$,
                                     $&lt;read_object_from_pickle&gt; =&gt; &lt;str_to_bool&gt;$],
                   &apos;3_generic&apos;: [&lt;read_object_from_pickle&gt;]},
          &apos;dict&apos;: {&apos;1_exact_match&apos;: [$&lt;read_object_from_pickle&gt; =&gt; &lt;single_row_or_col_df_to_dict&gt;$,
                                     $&lt;read_object_from_pickle&gt; =&gt; &lt;merge_all_config_sections_into_a_single_dict&gt;$],
                   &apos;2_approx_match&apos;: [$&lt;read_object_from_pickle&gt; =&gt; &lt;config_to_dict_of_dict&gt;$],
                   &apos;3_generic&apos;: [&lt;read_object_from_pickle&gt;]},
          &apos;float&apos;: {&apos;1_exact_match&apos;: [$&lt;read_object_from_pickle&gt; =&gt; &lt;bool_to_float&gt;$,
                                      $&lt;read_object_from_pickle&gt; =&gt; &lt;int_to_float&gt;$,
                                      $&lt;read_object_from_pickle&gt; =&gt; &lt;str_to_float&gt;$],
                    &apos;3_generic&apos;: [&lt;read_object_from_pickle&gt;]},
          &apos;int&apos;: {&apos;1_exact_match&apos;: [$&lt;read_object_from_pickle&gt; =&gt; &lt;bool_to_int&gt;$,
                                    $&lt;read_object_from_pickle&gt; =&gt; &lt;float_to_int&gt;$,
                                    $&lt;read_object_from_pickle&gt; =&gt; &lt;str_to_int&gt;$],
                  &apos;2_approx_match&apos;: [$&lt;read_object_from_pickle&gt; =&gt; &lt;float_to_bool&gt;$,
                                     $&lt;read_object_from_pickle&gt; =&gt; &lt;int_to_bool&gt;$,
                                     $&lt;read_object_from_pickle&gt; =&gt; &lt;str_to_bool&gt;$],
                  &apos;3_generic&apos;: [&lt;read_object_from_pickle&gt;]},
          &apos;str&apos;: {&apos;1_exact_match&apos;: [$&lt;read_object_from_pickle&gt; =&gt; &lt;bool_to_string&gt;$,
                                    $&lt;read_object_from_pickle&gt; =&gt; &lt;float_to_string&gt;$,
                                    $&lt;read_object_from_pickle&gt; =&gt; &lt;int_to_string&gt;$],
                  &apos;3_generic&apos;: [&lt;read_object_from_pickle&gt;]}},
 &apos;.txt&apos;: {&apos;AnyObject&apos;: {&apos;1_exact_match&apos;: [$&lt;read_dict_from_properties&gt; =&gt; &lt;dict_to_object&gt;$,
                                          $&lt;read_str_from_txt&gt; =&gt; &lt;constructor_with_str_arg&gt;$,
                                          $&lt;read_str_from_txt&gt; =&gt; &lt;base64_ascii_str_pickle_to_object&gt;$,
                                          $&lt;read_df_or_series_from_csv&gt; =&gt; &lt;single_row_or_col_df_to_dict&gt; -&gt; &lt;dict_to_object&gt;$]},
          &apos;DataFrame&apos;: {&apos;1_exact_match&apos;: [&lt;read_df_or_series_from_csv&gt;,
                                          $&lt;read_dict_from_properties&gt; =&gt; &lt;dict_to_df&gt;$],
                        &apos;3_generic&apos;: [$&lt;read_str_from_txt&gt; =&gt; &lt;constructor_with_str_arg&gt;$,
                                      $&lt;read_str_from_txt&gt; =&gt; &lt;base64_ascii_str_pickle_to_object&gt;$]},
          &apos;Series&apos;: {&apos;1_exact_match&apos;: [&lt;read_df_or_series_from_csv&gt;,
                                       $&lt;read_dict_from_properties&gt; =&gt; &lt;dict_to_df&gt; -&gt; &lt;single_row_or_col_df_to_series&gt;$],
                     &apos;3_generic&apos;: [$&lt;read_str_from_txt&gt; =&gt; &lt;constructor_with_str_arg&gt;$,
                                   $&lt;read_str_from_txt&gt; =&gt; &lt;base64_ascii_str_pickle_to_object&gt;$]},
          &apos;Set&apos;: {&apos;1_exact_match&apos;: [$&lt;read_str_from_txt&gt; =&gt; &lt;base64_ascii_str_pickle_to_object&gt; -&gt; &lt;list_to_set&gt;$],
                  &apos;3_generic&apos;: [$&lt;read_str_from_txt&gt; =&gt; &lt;constructor_with_str_arg&gt;$,
                                $&lt;read_str_from_txt&gt; =&gt; &lt;base64_ascii_str_pickle_to_object&gt;$]},
          &apos;Tuple&apos;: {&apos;1_exact_match&apos;: [$&lt;read_str_from_txt&gt; =&gt; &lt;base64_ascii_str_pickle_to_object&gt; -&gt; &lt;list_to_tuple&gt;$],
                    &apos;3_generic&apos;: [$&lt;read_str_from_txt&gt; =&gt; &lt;constructor_with_str_arg&gt;$,
                                  $&lt;read_str_from_txt&gt; =&gt; &lt;base64_ascii_str_pickle_to_object&gt;$]},
          &apos;bool&apos;: {&apos;1_exact_match&apos;: [$&lt;read_str_from_txt&gt; =&gt; &lt;str_to_bool&gt;$,
                                     $&lt;read_str_from_txt&gt; =&gt; &lt;base64_ascii_str_pickle_to_object&gt; -&gt; &lt;float_to_bool&gt;$,
                                     $&lt;read_str_from_txt&gt; =&gt; &lt;base64_ascii_str_pickle_to_object&gt; -&gt; &lt;int_to_bool&gt;$,
                                     $&lt;read_str_from_txt&gt; =&gt; &lt;base64_ascii_str_pickle_to_object&gt; -&gt; &lt;str_to_bool&gt;$],
                   &apos;3_generic&apos;: [$&lt;read_str_from_txt&gt; =&gt; &lt;base64_ascii_str_pickle_to_object&gt;$]},
          &apos;dict&apos;: {&apos;1_exact_match&apos;: [&lt;read_dict_from_properties&gt;,
                                     $&lt;read_df_or_series_from_csv&gt; =&gt; &lt;single_row_or_col_df_to_dict&gt;$],
                   &apos;3_generic&apos;: [$&lt;read_str_from_txt&gt; =&gt; &lt;constructor_with_str_arg&gt;$,
                                 $&lt;read_str_from_txt&gt; =&gt; &lt;base64_ascii_str_pickle_to_object&gt;$]},
          &apos;float&apos;: {&apos;1_exact_match&apos;: [$&lt;read_str_from_txt&gt; =&gt; &lt;str_to_float&gt;$,
                                      $&lt;read_str_from_txt&gt; =&gt; &lt;base64_ascii_str_pickle_to_object&gt; -&gt; &lt;bool_to_float&gt;$,
                                      $&lt;read_str_from_txt&gt; =&gt; &lt;base64_ascii_str_pickle_to_object&gt; -&gt; &lt;int_to_float&gt;$,
                                      $&lt;read_str_from_txt&gt; =&gt; &lt;base64_ascii_str_pickle_to_object&gt; -&gt; &lt;str_to_float&gt;$],
                    &apos;3_generic&apos;: [$&lt;read_str_from_txt&gt; =&gt; &lt;base64_ascii_str_pickle_to_object&gt;$]},
          &apos;int&apos;: {&apos;1_exact_match&apos;: [$&lt;read_str_from_txt&gt; =&gt; &lt;str_to_int&gt;$,
                                    $&lt;read_str_from_txt&gt; =&gt; &lt;base64_ascii_str_pickle_to_object&gt; -&gt; &lt;bool_to_int&gt;$,
                                    $&lt;read_str_from_txt&gt; =&gt; &lt;base64_ascii_str_pickle_to_object&gt; -&gt; &lt;float_to_int&gt;$,
                                    $&lt;read_str_from_txt&gt; =&gt; &lt;base64_ascii_str_pickle_to_object&gt; -&gt; &lt;str_to_int&gt;$],
                  &apos;2_approx_match&apos;: [$&lt;read_str_from_txt&gt; =&gt; &lt;str_to_bool&gt;$,
                                     $&lt;read_str_from_txt&gt; =&gt; &lt;base64_ascii_str_pickle_to_object&gt; -&gt; &lt;float_to_bool&gt;$,
                                     $&lt;read_str_from_txt&gt; =&gt; &lt;base64_ascii_str_pickle_to_object&gt; -&gt; &lt;int_to_bool&gt;$,
                                     $&lt;read_str_from_txt&gt; =&gt; &lt;base64_ascii_str_pickle_to_object&gt; -&gt; &lt;str_to_bool&gt;$],
                  &apos;3_generic&apos;: [$&lt;read_str_from_txt&gt; =&gt; &lt;base64_ascii_str_pickle_to_object&gt;$]},
          &apos;str&apos;: {&apos;1_exact_match&apos;: [&lt;read_str_from_txt&gt;]}},
 &apos;.xls&apos;: {&apos;AnyObject&apos;: {&apos;1_exact_match&apos;: [$&lt;read_dataframe_from_xls&gt; =&gt; &lt;single_row_or_col_df_to_dict&gt; -&gt; &lt;dict_to_object&gt;$]},
          &apos;DataFrame&apos;: {&apos;1_exact_match&apos;: [&lt;read_dataframe_from_xls&gt;]},
          &apos;Series&apos;: {&apos;1_exact_match&apos;: [$&lt;read_dataframe_from_xls&gt; =&gt; &lt;single_row_or_col_df_to_series&gt;$]},
          &apos;dict&apos;: {&apos;1_exact_match&apos;: [$&lt;read_dataframe_from_xls&gt; =&gt; &lt;single_row_or_col_df_to_dict&gt;$]}},
 &apos;.xlsm&apos;: {&apos;AnyObject&apos;: {&apos;1_exact_match&apos;: [$&lt;read_dataframe_from_xls&gt; =&gt; &lt;single_row_or_col_df_to_dict&gt; -&gt; &lt;dict_to_object&gt;$]},
           &apos;DataFrame&apos;: {&apos;1_exact_match&apos;: [&lt;read_dataframe_from_xls&gt;]},
           &apos;Series&apos;: {&apos;1_exact_match&apos;: [$&lt;read_dataframe_from_xls&gt; =&gt; &lt;single_row_or_col_df_to_series&gt;$]},
           &apos;dict&apos;: {&apos;1_exact_match&apos;: [$&lt;read_dataframe_from_xls&gt; =&gt; &lt;single_row_or_col_df_to_dict&gt;$]}},
 &apos;.xlsx&apos;: {&apos;AnyObject&apos;: {&apos;1_exact_match&apos;: [$&lt;read_dataframe_from_xls&gt; =&gt; &lt;single_row_or_col_df_to_dict&gt; -&gt; &lt;dict_to_object&gt;$]},
           &apos;DataFrame&apos;: {&apos;1_exact_match&apos;: [&lt;read_dataframe_from_xls&gt;]},
           &apos;Series&apos;: {&apos;1_exact_match&apos;: [$&lt;read_dataframe_from_xls&gt; =&gt; &lt;single_row_or_col_df_to_series&gt;$]},
           &apos;dict&apos;: {&apos;1_exact_match&apos;: [$&lt;read_dataframe_from_xls&gt; =&gt; &lt;single_row_or_col_df_to_dict&gt;$]}},
 &apos;.yaml&apos;: {&apos;AnyObject&apos;: {&apos;1_exact_match&apos;: [&lt;read_object_from_yaml&gt;,
                                           $&lt;read_collection_from_yaml&gt; =&gt; &lt;dict_to_object&gt;$]},
           &apos;DataFrame&apos;: {&apos;1_exact_match&apos;: [$&lt;read_object_from_yaml&gt; =&gt; &lt;dict_to_df&gt;$,
                                           $&lt;read_collection_from_yaml&gt; =&gt; &lt;dict_to_df&gt;$,
                                           $&lt;read_object_from_yaml&gt; =&gt; &lt;merge_all_config_sections_into_a_single_dict&gt; -&gt; &lt;dict_to_df&gt;$,
                                           $&lt;read_object_from_yaml&gt; =&gt; &lt;config_to_dict_of_dict&gt; -&gt; &lt;dict_to_df&gt;$],
                         &apos;3_generic&apos;: [&lt;read_object_from_yaml&gt;]},
           &apos;Dict&apos;: {&apos;1_exact_match&apos;: [&lt;read_collection_from_yaml&gt;],
                    &apos;2_approx_match&apos;: [$&lt;read_object_from_yaml&gt; =&gt; &lt;single_row_or_col_df_to_dict&gt;$,
                                       $&lt;read_object_from_yaml&gt; =&gt; &lt;merge_all_config_sections_into_a_single_dict&gt;$,
                                       $&lt;read_object_from_yaml&gt; =&gt; &lt;config_to_dict_of_dict&gt;$],
                    &apos;3_generic&apos;: [&lt;read_object_from_yaml&gt;]},
           &apos;DictOfDict&apos;: {&apos;1_exact_match&apos;: [$&lt;read_object_from_yaml&gt; =&gt; &lt;config_to_dict_of_dict&gt;$],
                          &apos;3_generic&apos;: [&lt;read_object_from_yaml&gt;]},
           &apos;List&apos;: {&apos;1_exact_match&apos;: [&lt;read_collection_from_yaml&gt;],
                    &apos;3_generic&apos;: [&lt;read_object_from_yaml&gt;]},
           &apos;Series&apos;: {&apos;1_exact_match&apos;: [$&lt;read_object_from_yaml&gt; =&gt; &lt;single_row_or_col_df_to_series&gt;$,
                                        $&lt;read_object_from_yaml&gt; =&gt; &lt;dict_to_df&gt; -&gt; &lt;single_row_or_col_df_to_series&gt;$,
                                        $&lt;read_collection_from_yaml&gt; =&gt; &lt;dict_to_df&gt; -&gt; &lt;single_row_or_col_df_to_series&gt;$,
                                        $&lt;read_object_from_yaml&gt; =&gt; &lt;merge_all_config_sections_into_a_single_dict&gt; -&gt; &lt;dict_to_df&gt; -&gt; &lt;single_row_or_col_df_to_series&gt;$,
                                        $&lt;read_object_from_yaml&gt; =&gt; &lt;config_to_dict_of_dict&gt; -&gt; &lt;dict_to_df&gt; -&gt; &lt;single_row_or_col_df_to_series&gt;$],
                      &apos;3_generic&apos;: [&lt;read_object_from_yaml&gt;]},
           &apos;Set&apos;: {&apos;1_exact_match&apos;: [&lt;read_collection_from_yaml&gt;,
                                     $&lt;read_object_from_yaml&gt; =&gt; &lt;list_to_set&gt;$],
                   &apos;3_generic&apos;: [&lt;read_object_from_yaml&gt;]},
           &apos;Tuple&apos;: {&apos;1_exact_match&apos;: [&lt;read_collection_from_yaml&gt;,
                                       $&lt;read_object_from_yaml&gt; =&gt; &lt;list_to_tuple&gt;$],
                     &apos;3_generic&apos;: [&lt;read_object_from_yaml&gt;]},
           &apos;bool&apos;: {&apos;1_exact_match&apos;: [$&lt;read_object_from_yaml&gt; =&gt; &lt;float_to_bool&gt;$,
                                      $&lt;read_object_from_yaml&gt; =&gt; &lt;int_to_bool&gt;$,
                                      $&lt;read_object_from_yaml&gt; =&gt; &lt;str_to_bool&gt;$],
                    &apos;3_generic&apos;: [&lt;read_object_from_yaml&gt;]},
           &apos;dict&apos;: {&apos;1_exact_match&apos;: [$&lt;read_object_from_yaml&gt; =&gt; &lt;single_row_or_col_df_to_dict&gt;$,
                                      $&lt;read_object_from_yaml&gt; =&gt; &lt;merge_all_config_sections_into_a_single_dict&gt;$],
                    &apos;2_approx_match&apos;: [&lt;read_collection_from_yaml&gt;,
                                       $&lt;read_object_from_yaml&gt; =&gt; &lt;config_to_dict_of_dict&gt;$],
                    &apos;3_generic&apos;: [&lt;read_object_from_yaml&gt;]},
           &apos;float&apos;: {&apos;1_exact_match&apos;: [$&lt;read_object_from_yaml&gt; =&gt; &lt;bool_to_float&gt;$,
                                       $&lt;read_object_from_yaml&gt; =&gt; &lt;int_to_float&gt;$,
                                       $&lt;read_object_from_yaml&gt; =&gt; &lt;str_to_float&gt;$],
                     &apos;3_generic&apos;: [&lt;read_object_from_yaml&gt;]},
           &apos;int&apos;: {&apos;1_exact_match&apos;: [$&lt;read_object_from_yaml&gt; =&gt; &lt;bool_to_int&gt;$,
                                     $&lt;read_object_from_yaml&gt; =&gt; &lt;float_to_int&gt;$,
                                     $&lt;read_object_from_yaml&gt; =&gt; &lt;str_to_int&gt;$],
                   &apos;2_approx_match&apos;: [$&lt;read_object_from_yaml&gt; =&gt; &lt;float_to_bool&gt;$,
                                      $&lt;read_object_from_yaml&gt; =&gt; &lt;int_to_bool&gt;$,
                                      $&lt;read_object_from_yaml&gt; =&gt; &lt;str_to_bool&gt;$],
                   &apos;3_generic&apos;: [&lt;read_object_from_yaml&gt;]},
           &apos;str&apos;: {&apos;1_exact_match&apos;: [$&lt;read_object_from_yaml&gt; =&gt; &lt;bool_to_string&gt;$,
                                     $&lt;read_object_from_yaml&gt; =&gt; &lt;float_to_string&gt;$,
                                     $&lt;read_object_from_yaml&gt; =&gt; &lt;int_to_string&gt;$],
                   &apos;3_generic&apos;: [&lt;read_object_from_yaml&gt;]}},
 &apos;.yml&apos;: {&apos;AnyObject&apos;: {&apos;1_exact_match&apos;: [&lt;read_object_from_yaml&gt;,
                                          $&lt;read_collection_from_yaml&gt; =&gt; &lt;dict_to_object&gt;$]},
          &apos;DataFrame&apos;: {&apos;1_exact_match&apos;: [$&lt;read_object_from_yaml&gt; =&gt; &lt;dict_to_df&gt;$,
                                          $&lt;read_collection_from_yaml&gt; =&gt; &lt;dict_to_df&gt;$,
                                          $&lt;read_object_from_yaml&gt; =&gt; &lt;merge_all_config_sections_into_a_single_dict&gt; -&gt; &lt;dict_to_df&gt;$,
                                          $&lt;read_object_from_yaml&gt; =&gt; &lt;config_to_dict_of_dict&gt; -&gt; &lt;dict_to_df&gt;$],
                        &apos;3_generic&apos;: [&lt;read_object_from_yaml&gt;]},
          &apos;Dict&apos;: {&apos;1_exact_match&apos;: [&lt;read_collection_from_yaml&gt;],
                   &apos;2_approx_match&apos;: [$&lt;read_object_from_yaml&gt; =&gt; &lt;single_row_or_col_df_to_dict&gt;$,
                                      $&lt;read_object_from_yaml&gt; =&gt; &lt;merge_all_config_sections_into_a_single_dict&gt;$,
                                      $&lt;read_object_from_yaml&gt; =&gt; &lt;config_to_dict_of_dict&gt;$],
                   &apos;3_generic&apos;: [&lt;read_object_from_yaml&gt;]},
          &apos;DictOfDict&apos;: {&apos;1_exact_match&apos;: [$&lt;read_object_from_yaml&gt; =&gt; &lt;config_to_dict_of_dict&gt;$],
                         &apos;3_generic&apos;: [&lt;read_object_from_yaml&gt;]},
          &apos;List&apos;: {&apos;1_exact_match&apos;: [&lt;read_collection_from_yaml&gt;],
                   &apos;3_generic&apos;: [&lt;read_object_from_yaml&gt;]},
          &apos;Series&apos;: {&apos;1_exact_match&apos;: [$&lt;read_object_from_yaml&gt; =&gt; &lt;single_row_or_col_df_to_series&gt;$,
                                       $&lt;read_object_from_yaml&gt; =&gt; &lt;dict_to_df&gt; -&gt; &lt;single_row_or_col_df_to_series&gt;$,
                                       $&lt;read_collection_from_yaml&gt; =&gt; &lt;dict_to_df&gt; -&gt; &lt;single_row_or_col_df_to_series&gt;$,
                                       $&lt;read_object_from_yaml&gt; =&gt; &lt;merge_all_config_sections_into_a_single_dict&gt; -&gt; &lt;dict_to_df&gt; -&gt; &lt;single_row_or_col_df_to_series&gt;$,
                                       $&lt;read_object_from_yaml&gt; =&gt; &lt;config_to_dict_of_dict&gt; -&gt; &lt;dict_to_df&gt; -&gt; &lt;single_row_or_col_df_to_series&gt;$],
                     &apos;3_generic&apos;: [&lt;read_object_from_yaml&gt;]},
          &apos;Set&apos;: {&apos;1_exact_match&apos;: [&lt;read_collection_from_yaml&gt;,
                                    $&lt;read_object_from_yaml&gt; =&gt; &lt;list_to_set&gt;$],
                  &apos;3_generic&apos;: [&lt;read_object_from_yaml&gt;]},
          &apos;Tuple&apos;: {&apos;1_exact_match&apos;: [&lt;read_collection_from_yaml&gt;,
                                      $&lt;read_object_from_yaml&gt; =&gt; &lt;list_to_tuple&gt;$],
                    &apos;3_generic&apos;: [&lt;read_object_from_yaml&gt;]},
          &apos;bool&apos;: {&apos;1_exact_match&apos;: [$&lt;read_object_from_yaml&gt; =&gt; &lt;float_to_bool&gt;$,
                                     $&lt;read_object_from_yaml&gt; =&gt; &lt;int_to_bool&gt;$,
                                     $&lt;read_object_from_yaml&gt; =&gt; &lt;str_to_bool&gt;$],
                   &apos;3_generic&apos;: [&lt;read_object_from_yaml&gt;]},
          &apos;dict&apos;: {&apos;1_exact_match&apos;: [$&lt;read_object_from_yaml&gt; =&gt; &lt;single_row_or_col_df_to_dict&gt;$,
                                     $&lt;read_object_from_yaml&gt; =&gt; &lt;merge_all_config_sections_into_a_single_dict&gt;$],
                   &apos;2_approx_match&apos;: [&lt;read_collection_from_yaml&gt;,
                                      $&lt;read_object_from_yaml&gt; =&gt; &lt;config_to_dict_of_dict&gt;$],
                   &apos;3_generic&apos;: [&lt;read_object_from_yaml&gt;]},
          &apos;float&apos;: {&apos;1_exact_match&apos;: [$&lt;read_object_from_yaml&gt; =&gt; &lt;bool_to_float&gt;$,
                                      $&lt;read_object_from_yaml&gt; =&gt; &lt;int_to_float&gt;$,
                                      $&lt;read_object_from_yaml&gt; =&gt; &lt;str_to_float&gt;$],
                    &apos;3_generic&apos;: [&lt;read_object_from_yaml&gt;]},
          &apos;int&apos;: {&apos;1_exact_match&apos;: [$&lt;read_object_from_yaml&gt; =&gt; &lt;bool_to_int&gt;$,
                                    $&lt;read_object_from_yaml&gt; =&gt; &lt;float_to_int&gt;$,
                                    $&lt;read_object_from_yaml&gt; =&gt; &lt;str_to_int&gt;$],
                  &apos;2_approx_match&apos;: [$&lt;read_object_from_yaml&gt; =&gt; &lt;float_to_bool&gt;$,
                                     $&lt;read_object_from_yaml&gt; =&gt; &lt;int_to_bool&gt;$,
                                     $&lt;read_object_from_yaml&gt; =&gt; &lt;str_to_bool&gt;$],
                  &apos;3_generic&apos;: [&lt;read_object_from_yaml&gt;]},
          &apos;str&apos;: {&apos;1_exact_match&apos;: [$&lt;read_object_from_yaml&gt; =&gt; &lt;bool_to_string&gt;$,
                                    $&lt;read_object_from_yaml&gt; =&gt; &lt;float_to_string&gt;$,
                                    $&lt;read_object_from_yaml&gt; =&gt; &lt;int_to_string&gt;$],
                  &apos;3_generic&apos;: [&lt;read_object_from_yaml&gt;]}},
 &apos;&lt;multifile&gt;&apos;: {&apos;AnyObject&apos;: {&apos;1_exact_match&apos;: [Multifile Object parser (parsyfiles defaults)]},
                 &apos;DataFrame&apos;: {},
                 &apos;Dict&apos;: {&apos;1_exact_match&apos;: [Multifile Collection parser (parsyfiles defaults)]},
                 &apos;DictOfDict&apos;: {},
                 &apos;List&apos;: {&apos;1_exact_match&apos;: [Multifile Collection parser (parsyfiles defaults)]},
                 &apos;Series&apos;: {},
                 &apos;Set&apos;: {&apos;1_exact_match&apos;: [Multifile Collection parser (parsyfiles defaults)]},
                 &apos;Tuple&apos;: {&apos;1_exact_match&apos;: [Multifile Collection parser (parsyfiles defaults)]},
                 &apos;bool&apos;: {},
                 &apos;dict&apos;: {&apos;2_approx_match&apos;: [Multifile Collection parser (parsyfiles defaults)]},
                 &apos;float&apos;: {},
                 &apos;int&apos;: {},
                 &apos;str&apos;: {}}}


</system-out></testcase><testcase classname="parsyfiles.tests.combining_parsers_converters.test_default_instance" file="parsyfiles/tests/combining_parsers_converters/test_default_instance.py" line="139" name="test_print_and_get_capabilities_by_type" time="22.330007791519165"><system-out>
15 Root parser capabilities by type:

Capabilities by object type: 
{&apos;AnyObject&apos;: {&apos;.cfg&apos;: {&apos;1_exact_match&apos;: [$&lt;read_config&gt; =&gt; &lt;merge_all_config_sections_into_a_single_dict&gt; -&gt; &lt;dict_to_object&gt;$,
                                          $&lt;read_config&gt; =&gt; &lt;config_to_dict_of_dict&gt; -&gt; &lt;dict_of_dict_to_object&gt;$,
                                          $&lt;read_config&gt; =&gt; &lt;config_to_dict_of_dict&gt; -&gt; &lt;dict_to_object&gt;$]},
               &apos;.csv&apos;: {&apos;1_exact_match&apos;: [$&lt;read_df_or_series_from_csv&gt; =&gt; &lt;single_row_or_col_df_to_dict&gt; -&gt; &lt;dict_to_object&gt;$]},
               &apos;.ini&apos;: {&apos;1_exact_match&apos;: [$&lt;read_config&gt; =&gt; &lt;merge_all_config_sections_into_a_single_dict&gt; -&gt; &lt;dict_to_object&gt;$,
                                          $&lt;read_config&gt; =&gt; &lt;config_to_dict_of_dict&gt; -&gt; &lt;dict_of_dict_to_object&gt;$,
                                          $&lt;read_config&gt; =&gt; &lt;config_to_dict_of_dict&gt; -&gt; &lt;dict_to_object&gt;$]},
               &apos;.json&apos;: {&apos;1_exact_match&apos;: [$&lt;read_dict_or_list_from_json&gt; =&gt; &lt;dict_to_object&gt;$]},
               &apos;.properties&apos;: {&apos;1_exact_match&apos;: [$&lt;read_dict_from_properties&gt; =&gt; &lt;dict_to_object&gt;$]},
               &apos;.pyc&apos;: {&apos;1_exact_match&apos;: [&lt;read_object_from_pickle&gt;]},
               &apos;.txt&apos;: {&apos;1_exact_match&apos;: [$&lt;read_dict_from_properties&gt; =&gt; &lt;dict_to_object&gt;$,
                                          $&lt;read_str_from_txt&gt; =&gt; &lt;constructor_with_str_arg&gt;$,
                                          $&lt;read_str_from_txt&gt; =&gt; &lt;base64_ascii_str_pickle_to_object&gt;$,
                                          $&lt;read_df_or_series_from_csv&gt; =&gt; &lt;single_row_or_col_df_to_dict&gt; -&gt; &lt;dict_to_object&gt;$]},
               &apos;.xls&apos;: {&apos;1_exact_match&apos;: [$&lt;read_dataframe_from_xls&gt; =&gt; &lt;single_row_or_col_df_to_dict&gt; -&gt; &lt;dict_to_object&gt;$]},
               &apos;.xlsm&apos;: {&apos;1_exact_match&apos;: [$&lt;read_dataframe_from_xls&gt; =&gt; &lt;single_row_or_col_df_to_dict&gt; -&gt; &lt;dict_to_object&gt;$]},
               &apos;.xlsx&apos;: {&apos;1_exact_match&apos;: [$&lt;read_dataframe_from_xls&gt; =&gt; &lt;single_row_or_col_df_to_dict&gt; -&gt; &lt;dict_to_object&gt;$]},
               &apos;.yaml&apos;: {&apos;1_exact_match&apos;: [&lt;read_object_from_yaml&gt;,
                                           $&lt;read_collection_from_yaml&gt; =&gt; &lt;dict_to_object&gt;$]},
               &apos;.yml&apos;: {&apos;1_exact_match&apos;: [&lt;read_object_from_yaml&gt;,
                                          $&lt;read_collection_from_yaml&gt; =&gt; &lt;dict_to_object&gt;$]},
               &apos;&lt;multifile&gt;&apos;: {&apos;1_exact_match&apos;: [Multifile Object parser (parsyfiles defaults)]}},
 &apos;ConfigParser&apos;: {&apos;.cfg&apos;: {&apos;1_exact_match&apos;: [&lt;read_config&gt;]},
                  &apos;.csv&apos;: {},
                  &apos;.ini&apos;: {&apos;1_exact_match&apos;: [&lt;read_config&gt;]},
                  &apos;.json&apos;: {},
                  &apos;.properties&apos;: {},
                  &apos;.pyc&apos;: {&apos;3_generic&apos;: [&lt;read_object_from_pickle&gt;]},
                  &apos;.txt&apos;: {&apos;3_generic&apos;: [$&lt;read_str_from_txt&gt; =&gt; &lt;constructor_with_str_arg&gt;$,
                                         $&lt;read_str_from_txt&gt; =&gt; &lt;base64_ascii_str_pickle_to_object&gt;$]},
                  &apos;.xls&apos;: {},
                  &apos;.xlsm&apos;: {},
                  &apos;.xlsx&apos;: {},
                  &apos;.yaml&apos;: {&apos;3_generic&apos;: [&lt;read_object_from_yaml&gt;]},
                  &apos;.yml&apos;: {&apos;3_generic&apos;: [&lt;read_object_from_yaml&gt;]},
                  &apos;&lt;multifile&gt;&apos;: {}},
 &apos;DataFrame&apos;: {&apos;.cfg&apos;: {&apos;1_exact_match&apos;: [$&lt;read_config&gt; =&gt; &lt;merge_all_config_sections_into_a_single_dict&gt; -&gt; &lt;dict_to_df&gt;$,
                                          $&lt;read_config&gt; =&gt; &lt;config_to_dict_of_dict&gt; -&gt; &lt;dict_to_df&gt;$]},
               &apos;.csv&apos;: {&apos;1_exact_match&apos;: [&lt;read_df_or_series_from_csv&gt;]},
               &apos;.ini&apos;: {&apos;1_exact_match&apos;: [$&lt;read_config&gt; =&gt; &lt;merge_all_config_sections_into_a_single_dict&gt; -&gt; &lt;dict_to_df&gt;$,
                                          $&lt;read_config&gt; =&gt; &lt;config_to_dict_of_dict&gt; -&gt; &lt;dict_to_df&gt;$]},
               &apos;.json&apos;: {&apos;1_exact_match&apos;: [$&lt;read_dict_or_list_from_json&gt; =&gt; &lt;dict_to_df&gt;$]},
               &apos;.properties&apos;: {&apos;1_exact_match&apos;: [$&lt;read_dict_from_properties&gt; =&gt; &lt;dict_to_df&gt;$]},
               &apos;.pyc&apos;: {&apos;1_exact_match&apos;: [$&lt;read_object_from_pickle&gt; =&gt; &lt;dict_to_df&gt;$,
                                          $&lt;read_object_from_pickle&gt; =&gt; &lt;merge_all_config_sections_into_a_single_dict&gt; -&gt; &lt;dict_to_df&gt;$,
                                          $&lt;read_object_from_pickle&gt; =&gt; &lt;config_to_dict_of_dict&gt; -&gt; &lt;dict_to_df&gt;$],
                        &apos;3_generic&apos;: [&lt;read_object_from_pickle&gt;]},
               &apos;.txt&apos;: {&apos;1_exact_match&apos;: [&lt;read_df_or_series_from_csv&gt;,
                                          $&lt;read_dict_from_properties&gt; =&gt; &lt;dict_to_df&gt;$],
                        &apos;3_generic&apos;: [$&lt;read_str_from_txt&gt; =&gt; &lt;constructor_with_str_arg&gt;$,
                                      $&lt;read_str_from_txt&gt; =&gt; &lt;base64_ascii_str_pickle_to_object&gt;$]},
               &apos;.xls&apos;: {&apos;1_exact_match&apos;: [&lt;read_dataframe_from_xls&gt;]},
               &apos;.xlsm&apos;: {&apos;1_exact_match&apos;: [&lt;read_dataframe_from_xls&gt;]},
               &apos;.xlsx&apos;: {&apos;1_exact_match&apos;: [&lt;read_dataframe_from_xls&gt;]},
               &apos;.yaml&apos;: {&apos;1_exact_match&apos;: [$&lt;read_object_from_yaml&gt; =&gt; &lt;dict_to_df&gt;$,
                                           $&lt;read_collection_from_yaml&gt; =&gt; &lt;dict_to_df&gt;$,
                                           $&lt;read_object_from_yaml&gt; =&gt; &lt;merge_all_config_sections_into_a_single_dict&gt; -&gt; &lt;dict_to_df&gt;$,
                                           $&lt;read_object_from_yaml&gt; =&gt; &lt;config_to_dict_of_dict&gt; -&gt; &lt;dict_to_df&gt;$],
                         &apos;3_generic&apos;: [&lt;read_object_from_yaml&gt;]},
               &apos;.yml&apos;: {&apos;1_exact_match&apos;: [$&lt;read_object_from_yaml&gt; =&gt; &lt;dict_to_df&gt;$,
                                          $&lt;read_collection_from_yaml&gt; =&gt; &lt;dict_to_df&gt;$,
                                          $&lt;read_object_from_yaml&gt; =&gt; &lt;merge_all_config_sections_into_a_single_dict&gt; -&gt; &lt;dict_to_df&gt;$,
                                          $&lt;read_object_from_yaml&gt; =&gt; &lt;config_to_dict_of_dict&gt; -&gt; &lt;dict_to_df&gt;$],
                        &apos;3_generic&apos;: [&lt;read_object_from_yaml&gt;]},
               &apos;&lt;multifile&gt;&apos;: {}},
 &apos;Dict&apos;: {&apos;.cfg&apos;: {&apos;2_approx_match&apos;: [$&lt;read_config&gt; =&gt; &lt;merge_all_config_sections_into_a_single_dict&gt;$,
                                      $&lt;read_config&gt; =&gt; &lt;config_to_dict_of_dict&gt;$]},
          &apos;.csv&apos;: {&apos;2_approx_match&apos;: [$&lt;read_df_or_series_from_csv&gt; =&gt; &lt;single_row_or_col_df_to_dict&gt;$]},
          &apos;.ini&apos;: {&apos;2_approx_match&apos;: [$&lt;read_config&gt; =&gt; &lt;merge_all_config_sections_into_a_single_dict&gt;$,
                                      $&lt;read_config&gt; =&gt; &lt;config_to_dict_of_dict&gt;$]},
          &apos;.json&apos;: {&apos;2_approx_match&apos;: [&lt;read_dict_or_list_from_json&gt;]},
          &apos;.properties&apos;: {&apos;2_approx_match&apos;: [&lt;read_dict_from_properties&gt;]},
          &apos;.pyc&apos;: {&apos;2_approx_match&apos;: [$&lt;read_object_from_pickle&gt; =&gt; &lt;single_row_or_col_df_to_dict&gt;$,
                                      $&lt;read_object_from_pickle&gt; =&gt; &lt;merge_all_config_sections_into_a_single_dict&gt;$,
                                      $&lt;read_object_from_pickle&gt; =&gt; &lt;config_to_dict_of_dict&gt;$],
                   &apos;3_generic&apos;: [&lt;read_object_from_pickle&gt;]},
          &apos;.txt&apos;: {&apos;2_approx_match&apos;: [&lt;read_dict_from_properties&gt;,
                                      $&lt;read_df_or_series_from_csv&gt; =&gt; &lt;single_row_or_col_df_to_dict&gt;$],
                   &apos;3_generic&apos;: [$&lt;read_str_from_txt&gt; =&gt; &lt;constructor_with_str_arg&gt;$,
                                 $&lt;read_str_from_txt&gt; =&gt; &lt;base64_ascii_str_pickle_to_object&gt;$]},
          &apos;.xls&apos;: {&apos;2_approx_match&apos;: [$&lt;read_dataframe_from_xls&gt; =&gt; &lt;single_row_or_col_df_to_dict&gt;$]},
          &apos;.xlsm&apos;: {&apos;2_approx_match&apos;: [$&lt;read_dataframe_from_xls&gt; =&gt; &lt;single_row_or_col_df_to_dict&gt;$]},
          &apos;.xlsx&apos;: {&apos;2_approx_match&apos;: [$&lt;read_dataframe_from_xls&gt; =&gt; &lt;single_row_or_col_df_to_dict&gt;$]},
          &apos;.yaml&apos;: {&apos;1_exact_match&apos;: [&lt;read_collection_from_yaml&gt;],
                    &apos;2_approx_match&apos;: [$&lt;read_object_from_yaml&gt; =&gt; &lt;single_row_or_col_df_to_dict&gt;$,
                                       $&lt;read_object_from_yaml&gt; =&gt; &lt;merge_all_config_sections_into_a_single_dict&gt;$,
                                       $&lt;read_object_from_yaml&gt; =&gt; &lt;config_to_dict_of_dict&gt;$],
                    &apos;3_generic&apos;: [&lt;read_object_from_yaml&gt;]},
          &apos;.yml&apos;: {&apos;1_exact_match&apos;: [&lt;read_collection_from_yaml&gt;],
                   &apos;2_approx_match&apos;: [$&lt;read_object_from_yaml&gt; =&gt; &lt;single_row_or_col_df_to_dict&gt;$,
                                      $&lt;read_object_from_yaml&gt; =&gt; &lt;merge_all_config_sections_into_a_single_dict&gt;$,
                                      $&lt;read_object_from_yaml&gt; =&gt; &lt;config_to_dict_of_dict&gt;$],
                   &apos;3_generic&apos;: [&lt;read_object_from_yaml&gt;]},
          &apos;&lt;multifile&gt;&apos;: {&apos;1_exact_match&apos;: [Multifile Collection parser (parsyfiles defaults)]}},
 &apos;DictOfDict&apos;: {&apos;.cfg&apos;: {&apos;1_exact_match&apos;: [$&lt;read_config&gt; =&gt; &lt;config_to_dict_of_dict&gt;$]},
                &apos;.csv&apos;: {},
                &apos;.ini&apos;: {&apos;1_exact_match&apos;: [$&lt;read_config&gt; =&gt; &lt;config_to_dict_of_dict&gt;$]},
                &apos;.json&apos;: {},
                &apos;.properties&apos;: {},
                &apos;.pyc&apos;: {&apos;1_exact_match&apos;: [$&lt;read_object_from_pickle&gt; =&gt; &lt;config_to_dict_of_dict&gt;$],
                         &apos;3_generic&apos;: [&lt;read_object_from_pickle&gt;]},
                &apos;.txt&apos;: {&apos;3_generic&apos;: [$&lt;read_str_from_txt&gt; =&gt; &lt;constructor_with_str_arg&gt;$,
                                       $&lt;read_str_from_txt&gt; =&gt; &lt;base64_ascii_str_pickle_to_object&gt;$]},
                &apos;.xls&apos;: {},
                &apos;.xlsm&apos;: {},
                &apos;.xlsx&apos;: {},
                &apos;.yaml&apos;: {&apos;1_exact_match&apos;: [$&lt;read_object_from_yaml&gt; =&gt; &lt;config_to_dict_of_dict&gt;$],
                          &apos;3_generic&apos;: [&lt;read_object_from_yaml&gt;]},
                &apos;.yml&apos;: {&apos;1_exact_match&apos;: [$&lt;read_object_from_yaml&gt; =&gt; &lt;config_to_dict_of_dict&gt;$],
                         &apos;3_generic&apos;: [&lt;read_object_from_yaml&gt;]},
                &apos;&lt;multifile&gt;&apos;: {}},
 &apos;List&apos;: {&apos;.cfg&apos;: {},
          &apos;.csv&apos;: {},
          &apos;.ini&apos;: {},
          &apos;.json&apos;: {&apos;2_approx_match&apos;: [&lt;read_dict_or_list_from_json&gt;]},
          &apos;.properties&apos;: {},
          &apos;.pyc&apos;: {&apos;3_generic&apos;: [&lt;read_object_from_pickle&gt;]},
          &apos;.txt&apos;: {&apos;3_generic&apos;: [$&lt;read_str_from_txt&gt; =&gt; &lt;constructor_with_str_arg&gt;$,
                                 $&lt;read_str_from_txt&gt; =&gt; &lt;base64_ascii_str_pickle_to_object&gt;$]},
          &apos;.xls&apos;: {},
          &apos;.xlsm&apos;: {},
          &apos;.xlsx&apos;: {},
          &apos;.yaml&apos;: {&apos;1_exact_match&apos;: [&lt;read_collection_from_yaml&gt;],
                    &apos;3_generic&apos;: [&lt;read_object_from_yaml&gt;]},
          &apos;.yml&apos;: {&apos;1_exact_match&apos;: [&lt;read_collection_from_yaml&gt;],
                   &apos;3_generic&apos;: [&lt;read_object_from_yaml&gt;]},
          &apos;&lt;multifile&gt;&apos;: {&apos;1_exact_match&apos;: [Multifile Collection parser (parsyfiles defaults)]}},
 &apos;Series&apos;: {&apos;.cfg&apos;: {&apos;1_exact_match&apos;: [$&lt;read_config&gt; =&gt; &lt;merge_all_config_sections_into_a_single_dict&gt; -&gt; &lt;dict_to_df&gt; -&gt; &lt;single_row_or_col_df_to_series&gt;$,
                                       $&lt;read_config&gt; =&gt; &lt;config_to_dict_of_dict&gt; -&gt; &lt;dict_to_df&gt; -&gt; &lt;single_row_or_col_df_to_series&gt;$]},
            &apos;.csv&apos;: {&apos;1_exact_match&apos;: [&lt;read_df_or_series_from_csv&gt;]},
            &apos;.ini&apos;: {&apos;1_exact_match&apos;: [$&lt;read_config&gt; =&gt; &lt;merge_all_config_sections_into_a_single_dict&gt; -&gt; &lt;dict_to_df&gt; -&gt; &lt;single_row_or_col_df_to_series&gt;$,
                                       $&lt;read_config&gt; =&gt; &lt;config_to_dict_of_dict&gt; -&gt; &lt;dict_to_df&gt; -&gt; &lt;single_row_or_col_df_to_series&gt;$]},
            &apos;.json&apos;: {&apos;1_exact_match&apos;: [$&lt;read_dict_or_list_from_json&gt; =&gt; &lt;dict_to_df&gt; -&gt; &lt;single_row_or_col_df_to_series&gt;$]},
            &apos;.properties&apos;: {&apos;1_exact_match&apos;: [$&lt;read_dict_from_properties&gt; =&gt; &lt;dict_to_df&gt; -&gt; &lt;single_row_or_col_df_to_series&gt;$]},
            &apos;.pyc&apos;: {&apos;1_exact_match&apos;: [$&lt;read_object_from_pickle&gt; =&gt; &lt;single_row_or_col_df_to_series&gt;$,
                                       $&lt;read_object_from_pickle&gt; =&gt; &lt;dict_to_df&gt; -&gt; &lt;single_row_or_col_df_to_series&gt;$,
                                       $&lt;read_object_from_pickle&gt; =&gt; &lt;merge_all_config_sections_into_a_single_dict&gt; -&gt; &lt;dict_to_df&gt; -&gt; &lt;single_row_or_col_df_to_series&gt;$,
                                       $&lt;read_object_from_pickle&gt; =&gt; &lt;config_to_dict_of_dict&gt; -&gt; &lt;dict_to_df&gt; -&gt; &lt;single_row_or_col_df_to_series&gt;$],
                     &apos;3_generic&apos;: [&lt;read_object_from_pickle&gt;]},
            &apos;.txt&apos;: {&apos;1_exact_match&apos;: [&lt;read_df_or_series_from_csv&gt;,
                                       $&lt;read_dict_from_properties&gt; =&gt; &lt;dict_to_df&gt; -&gt; &lt;single_row_or_col_df_to_series&gt;$],
                     &apos;3_generic&apos;: [$&lt;read_str_from_txt&gt; =&gt; &lt;constructor_with_str_arg&gt;$,
                                   $&lt;read_str_from_txt&gt; =&gt; &lt;base64_ascii_str_pickle_to_object&gt;$]},
            &apos;.xls&apos;: {&apos;1_exact_match&apos;: [$&lt;read_dataframe_from_xls&gt; =&gt; &lt;single_row_or_col_df_to_series&gt;$]},
            &apos;.xlsm&apos;: {&apos;1_exact_match&apos;: [$&lt;read_dataframe_from_xls&gt; =&gt; &lt;single_row_or_col_df_to_series&gt;$]},
            &apos;.xlsx&apos;: {&apos;1_exact_match&apos;: [$&lt;read_dataframe_from_xls&gt; =&gt; &lt;single_row_or_col_df_to_series&gt;$]},
            &apos;.yaml&apos;: {&apos;1_exact_match&apos;: [$&lt;read_object_from_yaml&gt; =&gt; &lt;single_row_or_col_df_to_series&gt;$,
                                        $&lt;read_object_from_yaml&gt; =&gt; &lt;dict_to_df&gt; -&gt; &lt;single_row_or_col_df_to_series&gt;$,
                                        $&lt;read_collection_from_yaml&gt; =&gt; &lt;dict_to_df&gt; -&gt; &lt;single_row_or_col_df_to_series&gt;$,
                                        $&lt;read_object_from_yaml&gt; =&gt; &lt;merge_all_config_sections_into_a_single_dict&gt; -&gt; &lt;dict_to_df&gt; -&gt; &lt;single_row_or_col_df_to_series&gt;$,
                                        $&lt;read_object_from_yaml&gt; =&gt; &lt;config_to_dict_of_dict&gt; -&gt; &lt;dict_to_df&gt; -&gt; &lt;single_row_or_col_df_to_series&gt;$],
                      &apos;3_generic&apos;: [&lt;read_object_from_yaml&gt;]},
            &apos;.yml&apos;: {&apos;1_exact_match&apos;: [$&lt;read_object_from_yaml&gt; =&gt; &lt;single_row_or_col_df_to_series&gt;$,
                                       $&lt;read_object_from_yaml&gt; =&gt; &lt;dict_to_df&gt; -&gt; &lt;single_row_or_col_df_to_series&gt;$,
                                       $&lt;read_collection_from_yaml&gt; =&gt; &lt;dict_to_df&gt; -&gt; &lt;single_row_or_col_df_to_series&gt;$,
                                       $&lt;read_object_from_yaml&gt; =&gt; &lt;merge_all_config_sections_into_a_single_dict&gt; -&gt; &lt;dict_to_df&gt; -&gt; &lt;single_row_or_col_df_to_series&gt;$,
                                       $&lt;read_object_from_yaml&gt; =&gt; &lt;config_to_dict_of_dict&gt; -&gt; &lt;dict_to_df&gt; -&gt; &lt;single_row_or_col_df_to_series&gt;$],
                     &apos;3_generic&apos;: [&lt;read_object_from_yaml&gt;]},
            &apos;&lt;multifile&gt;&apos;: {}},
 &apos;Set&apos;: {&apos;.cfg&apos;: {},
         &apos;.csv&apos;: {},
         &apos;.ini&apos;: {},
         &apos;.json&apos;: {&apos;1_exact_match&apos;: [$&lt;read_dict_or_list_from_json&gt; =&gt; &lt;list_to_set&gt;$]},
         &apos;.properties&apos;: {},
         &apos;.pyc&apos;: {&apos;1_exact_match&apos;: [$&lt;read_object_from_pickle&gt; =&gt; &lt;list_to_set&gt;$],
                  &apos;3_generic&apos;: [&lt;read_object_from_pickle&gt;]},
         &apos;.txt&apos;: {&apos;1_exact_match&apos;: [$&lt;read_str_from_txt&gt; =&gt; &lt;base64_ascii_str_pickle_to_object&gt; -&gt; &lt;list_to_set&gt;$],
                  &apos;3_generic&apos;: [$&lt;read_str_from_txt&gt; =&gt; &lt;constructor_with_str_arg&gt;$,
                                $&lt;read_str_from_txt&gt; =&gt; &lt;base64_ascii_str_pickle_to_object&gt;$]},
         &apos;.xls&apos;: {},
         &apos;.xlsm&apos;: {},
         &apos;.xlsx&apos;: {},
         &apos;.yaml&apos;: {&apos;1_exact_match&apos;: [&lt;read_collection_from_yaml&gt;,
                                     $&lt;read_object_from_yaml&gt; =&gt; &lt;list_to_set&gt;$],
                   &apos;3_generic&apos;: [&lt;read_object_from_yaml&gt;]},
         &apos;.yml&apos;: {&apos;1_exact_match&apos;: [&lt;read_collection_from_yaml&gt;,
                                    $&lt;read_object_from_yaml&gt; =&gt; &lt;list_to_set&gt;$],
                  &apos;3_generic&apos;: [&lt;read_object_from_yaml&gt;]},
         &apos;&lt;multifile&gt;&apos;: {&apos;1_exact_match&apos;: [Multifile Collection parser (parsyfiles defaults)]}},
 &apos;Tuple&apos;: {&apos;.cfg&apos;: {},
           &apos;.csv&apos;: {},
           &apos;.ini&apos;: {},
           &apos;.json&apos;: {&apos;1_exact_match&apos;: [$&lt;read_dict_or_list_from_json&gt; =&gt; &lt;list_to_tuple&gt;$]},
           &apos;.properties&apos;: {},
           &apos;.pyc&apos;: {&apos;1_exact_match&apos;: [$&lt;read_object_from_pickle&gt; =&gt; &lt;list_to_tuple&gt;$],
                    &apos;3_generic&apos;: [&lt;read_object_from_pickle&gt;]},
           &apos;.txt&apos;: {&apos;1_exact_match&apos;: [$&lt;read_str_from_txt&gt; =&gt; &lt;base64_ascii_str_pickle_to_object&gt; -&gt; &lt;list_to_tuple&gt;$],
                    &apos;3_generic&apos;: [$&lt;read_str_from_txt&gt; =&gt; &lt;constructor_with_str_arg&gt;$,
                                  $&lt;read_str_from_txt&gt; =&gt; &lt;base64_ascii_str_pickle_to_object&gt;$]},
           &apos;.xls&apos;: {},
           &apos;.xlsm&apos;: {},
           &apos;.xlsx&apos;: {},
           &apos;.yaml&apos;: {&apos;1_exact_match&apos;: [&lt;read_collection_from_yaml&gt;,
                                       $&lt;read_object_from_yaml&gt; =&gt; &lt;list_to_tuple&gt;$],
                     &apos;3_generic&apos;: [&lt;read_object_from_yaml&gt;]},
           &apos;.yml&apos;: {&apos;1_exact_match&apos;: [&lt;read_collection_from_yaml&gt;,
                                      $&lt;read_object_from_yaml&gt; =&gt; &lt;list_to_tuple&gt;$],
                    &apos;3_generic&apos;: [&lt;read_object_from_yaml&gt;]},
           &apos;&lt;multifile&gt;&apos;: {&apos;1_exact_match&apos;: [Multifile Collection parser (parsyfiles defaults)]}},
 &apos;bool&apos;: {&apos;.cfg&apos;: {},
          &apos;.csv&apos;: {},
          &apos;.ini&apos;: {},
          &apos;.json&apos;: {},
          &apos;.properties&apos;: {},
          &apos;.pyc&apos;: {&apos;1_exact_match&apos;: [$&lt;read_object_from_pickle&gt; =&gt; &lt;float_to_bool&gt;$,
                                     $&lt;read_object_from_pickle&gt; =&gt; &lt;int_to_bool&gt;$,
                                     $&lt;read_object_from_pickle&gt; =&gt; &lt;str_to_bool&gt;$],
                   &apos;3_generic&apos;: [&lt;read_object_from_pickle&gt;]},
          &apos;.txt&apos;: {&apos;1_exact_match&apos;: [$&lt;read_str_from_txt&gt; =&gt; &lt;str_to_bool&gt;$,
                                     $&lt;read_str_from_txt&gt; =&gt; &lt;base64_ascii_str_pickle_to_object&gt; -&gt; &lt;float_to_bool&gt;$,
                                     $&lt;read_str_from_txt&gt; =&gt; &lt;base64_ascii_str_pickle_to_object&gt; -&gt; &lt;int_to_bool&gt;$,
                                     $&lt;read_str_from_txt&gt; =&gt; &lt;base64_ascii_str_pickle_to_object&gt; -&gt; &lt;str_to_bool&gt;$],
                   &apos;3_generic&apos;: [$&lt;read_str_from_txt&gt; =&gt; &lt;base64_ascii_str_pickle_to_object&gt;$]},
          &apos;.xls&apos;: {},
          &apos;.xlsm&apos;: {},
          &apos;.xlsx&apos;: {},
          &apos;.yaml&apos;: {&apos;1_exact_match&apos;: [$&lt;read_object_from_yaml&gt; =&gt; &lt;float_to_bool&gt;$,
                                      $&lt;read_object_from_yaml&gt; =&gt; &lt;int_to_bool&gt;$,
                                      $&lt;read_object_from_yaml&gt; =&gt; &lt;str_to_bool&gt;$],
                    &apos;3_generic&apos;: [&lt;read_object_from_yaml&gt;]},
          &apos;.yml&apos;: {&apos;1_exact_match&apos;: [$&lt;read_object_from_yaml&gt; =&gt; &lt;float_to_bool&gt;$,
                                     $&lt;read_object_from_yaml&gt; =&gt; &lt;int_to_bool&gt;$,
                                     $&lt;read_object_from_yaml&gt; =&gt; &lt;str_to_bool&gt;$],
                   &apos;3_generic&apos;: [&lt;read_object_from_yaml&gt;]},
          &apos;&lt;multifile&gt;&apos;: {}},
 &apos;dict&apos;: {&apos;.cfg&apos;: {&apos;1_exact_match&apos;: [$&lt;read_config&gt; =&gt; &lt;merge_all_config_sections_into_a_single_dict&gt;$],
                   &apos;2_approx_match&apos;: [$&lt;read_config&gt; =&gt; &lt;config_to_dict_of_dict&gt;$]},
          &apos;.csv&apos;: {&apos;1_exact_match&apos;: [$&lt;read_df_or_series_from_csv&gt; =&gt; &lt;single_row_or_col_df_to_dict&gt;$]},
          &apos;.ini&apos;: {&apos;1_exact_match&apos;: [$&lt;read_config&gt; =&gt; &lt;merge_all_config_sections_into_a_single_dict&gt;$],
                   &apos;2_approx_match&apos;: [$&lt;read_config&gt; =&gt; &lt;config_to_dict_of_dict&gt;$]},
          &apos;.json&apos;: {&apos;1_exact_match&apos;: [&lt;read_dict_or_list_from_json&gt;]},
          &apos;.properties&apos;: {&apos;1_exact_match&apos;: [&lt;read_dict_from_properties&gt;]},
          &apos;.pyc&apos;: {&apos;1_exact_match&apos;: [$&lt;read_object_from_pickle&gt; =&gt; &lt;single_row_or_col_df_to_dict&gt;$,
                                     $&lt;read_object_from_pickle&gt; =&gt; &lt;merge_all_config_sections_into_a_single_dict&gt;$],
                   &apos;2_approx_match&apos;: [$&lt;read_object_from_pickle&gt; =&gt; &lt;config_to_dict_of_dict&gt;$],
                   &apos;3_generic&apos;: [&lt;read_object_from_pickle&gt;]},
          &apos;.txt&apos;: {&apos;1_exact_match&apos;: [&lt;read_dict_from_properties&gt;,
                                     $&lt;read_df_or_series_from_csv&gt; =&gt; &lt;single_row_or_col_df_to_dict&gt;$],
                   &apos;3_generic&apos;: [$&lt;read_str_from_txt&gt; =&gt; &lt;constructor_with_str_arg&gt;$,
                                 $&lt;read_str_from_txt&gt; =&gt; &lt;base64_ascii_str_pickle_to_object&gt;$]},
          &apos;.xls&apos;: {&apos;1_exact_match&apos;: [$&lt;read_dataframe_from_xls&gt; =&gt; &lt;single_row_or_col_df_to_dict&gt;$]},
          &apos;.xlsm&apos;: {&apos;1_exact_match&apos;: [$&lt;read_dataframe_from_xls&gt; =&gt; &lt;single_row_or_col_df_to_dict&gt;$]},
          &apos;.xlsx&apos;: {&apos;1_exact_match&apos;: [$&lt;read_dataframe_from_xls&gt; =&gt; &lt;single_row_or_col_df_to_dict&gt;$]},
          &apos;.yaml&apos;: {&apos;1_exact_match&apos;: [$&lt;read_object_from_yaml&gt; =&gt; &lt;single_row_or_col_df_to_dict&gt;$,
                                      $&lt;read_object_from_yaml&gt; =&gt; &lt;merge_all_config_sections_into_a_single_dict&gt;$],
                    &apos;2_approx_match&apos;: [&lt;read_collection_from_yaml&gt;,
                                       $&lt;read_object_from_yaml&gt; =&gt; &lt;config_to_dict_of_dict&gt;$],
                    &apos;3_generic&apos;: [&lt;read_object_from_yaml&gt;]},
          &apos;.yml&apos;: {&apos;1_exact_match&apos;: [$&lt;read_object_from_yaml&gt; =&gt; &lt;single_row_or_col_df_to_dict&gt;$,
                                     $&lt;read_object_from_yaml&gt; =&gt; &lt;merge_all_config_sections_into_a_single_dict&gt;$],
                   &apos;2_approx_match&apos;: [&lt;read_collection_from_yaml&gt;,
                                      $&lt;read_object_from_yaml&gt; =&gt; &lt;config_to_dict_of_dict&gt;$],
                   &apos;3_generic&apos;: [&lt;read_object_from_yaml&gt;]},
          &apos;&lt;multifile&gt;&apos;: {&apos;2_approx_match&apos;: [Multifile Collection parser (parsyfiles defaults)]}},
 &apos;float&apos;: {&apos;.cfg&apos;: {},
           &apos;.csv&apos;: {},
           &apos;.ini&apos;: {},
           &apos;.json&apos;: {},
           &apos;.properties&apos;: {},
           &apos;.pyc&apos;: {&apos;1_exact_match&apos;: [$&lt;read_object_from_pickle&gt; =&gt; &lt;bool_to_float&gt;$,
                                      $&lt;read_object_from_pickle&gt; =&gt; &lt;int_to_float&gt;$,
                                      $&lt;read_object_from_pickle&gt; =&gt; &lt;str_to_float&gt;$],
                    &apos;3_generic&apos;: [&lt;read_object_from_pickle&gt;]},
           &apos;.txt&apos;: {&apos;1_exact_match&apos;: [$&lt;read_str_from_txt&gt; =&gt; &lt;str_to_float&gt;$,
                                      $&lt;read_str_from_txt&gt; =&gt; &lt;base64_ascii_str_pickle_to_object&gt; -&gt; &lt;bool_to_float&gt;$,
                                      $&lt;read_str_from_txt&gt; =&gt; &lt;base64_ascii_str_pickle_to_object&gt; -&gt; &lt;int_to_float&gt;$,
                                      $&lt;read_str_from_txt&gt; =&gt; &lt;base64_ascii_str_pickle_to_object&gt; -&gt; &lt;str_to_float&gt;$],
                    &apos;3_generic&apos;: [$&lt;read_str_from_txt&gt; =&gt; &lt;base64_ascii_str_pickle_to_object&gt;$]},
           &apos;.xls&apos;: {},
           &apos;.xlsm&apos;: {},
           &apos;.xlsx&apos;: {},
           &apos;.yaml&apos;: {&apos;1_exact_match&apos;: [$&lt;read_object_from_yaml&gt; =&gt; &lt;bool_to_float&gt;$,
                                       $&lt;read_object_from_yaml&gt; =&gt; &lt;int_to_float&gt;$,
                                       $&lt;read_object_from_yaml&gt; =&gt; &lt;str_to_float&gt;$],
                     &apos;3_generic&apos;: [&lt;read_object_from_yaml&gt;]},
           &apos;.yml&apos;: {&apos;1_exact_match&apos;: [$&lt;read_object_from_yaml&gt; =&gt; &lt;bool_to_float&gt;$,
                                      $&lt;read_object_from_yaml&gt; =&gt; &lt;int_to_float&gt;$,
                                      $&lt;read_object_from_yaml&gt; =&gt; &lt;str_to_float&gt;$],
                    &apos;3_generic&apos;: [&lt;read_object_from_yaml&gt;]},
           &apos;&lt;multifile&gt;&apos;: {}},
 &apos;int&apos;: {&apos;.cfg&apos;: {},
         &apos;.csv&apos;: {},
         &apos;.ini&apos;: {},
         &apos;.json&apos;: {},
         &apos;.properties&apos;: {},
         &apos;.pyc&apos;: {&apos;1_exact_match&apos;: [$&lt;read_object_from_pickle&gt; =&gt; &lt;bool_to_int&gt;$,
                                    $&lt;read_object_from_pickle&gt; =&gt; &lt;float_to_int&gt;$,
                                    $&lt;read_object_from_pickle&gt; =&gt; &lt;str_to_int&gt;$],
                  &apos;2_approx_match&apos;: [$&lt;read_object_from_pickle&gt; =&gt; &lt;float_to_bool&gt;$,
                                     $&lt;read_object_from_pickle&gt; =&gt; &lt;int_to_bool&gt;$,
                                     $&lt;read_object_from_pickle&gt; =&gt; &lt;str_to_bool&gt;$],
                  &apos;3_generic&apos;: [&lt;read_object_from_pickle&gt;]},
         &apos;.txt&apos;: {&apos;1_exact_match&apos;: [$&lt;read_str_from_txt&gt; =&gt; &lt;str_to_int&gt;$,
                                    $&lt;read_str_from_txt&gt; =&gt; &lt;base64_ascii_str_pickle_to_object&gt; -&gt; &lt;bool_to_int&gt;$,
                                    $&lt;read_str_from_txt&gt; =&gt; &lt;base64_ascii_str_pickle_to_object&gt; -&gt; &lt;float_to_int&gt;$,
                                    $&lt;read_str_from_txt&gt; =&gt; &lt;base64_ascii_str_pickle_to_object&gt; -&gt; &lt;str_to_int&gt;$],
                  &apos;2_approx_match&apos;: [$&lt;read_str_from_txt&gt; =&gt; &lt;str_to_bool&gt;$,
                                     $&lt;read_str_from_txt&gt; =&gt; &lt;base64_ascii_str_pickle_to_object&gt; -&gt; &lt;float_to_bool&gt;$,
                                     $&lt;read_str_from_txt&gt; =&gt; &lt;base64_ascii_str_pickle_to_object&gt; -&gt; &lt;int_to_bool&gt;$,
                                     $&lt;read_str_from_txt&gt; =&gt; &lt;base64_ascii_str_pickle_to_object&gt; -&gt; &lt;str_to_bool&gt;$],
                  &apos;3_generic&apos;: [$&lt;read_str_from_txt&gt; =&gt; &lt;base64_ascii_str_pickle_to_object&gt;$]},
         &apos;.xls&apos;: {},
         &apos;.xlsm&apos;: {},
         &apos;.xlsx&apos;: {},
         &apos;.yaml&apos;: {&apos;1_exact_match&apos;: [$&lt;read_object_from_yaml&gt; =&gt; &lt;bool_to_int&gt;$,
                                     $&lt;read_object_from_yaml&gt; =&gt; &lt;float_to_int&gt;$,
                                     $&lt;read_object_from_yaml&gt; =&gt; &lt;str_to_int&gt;$],
                   &apos;2_approx_match&apos;: [$&lt;read_object_from_yaml&gt; =&gt; &lt;float_to_bool&gt;$,
                                      $&lt;read_object_from_yaml&gt; =&gt; &lt;int_to_bool&gt;$,
                                      $&lt;read_object_from_yaml&gt; =&gt; &lt;str_to_bool&gt;$],
                   &apos;3_generic&apos;: [&lt;read_object_from_yaml&gt;]},
         &apos;.yml&apos;: {&apos;1_exact_match&apos;: [$&lt;read_object_from_yaml&gt; =&gt; &lt;bool_to_int&gt;$,
                                    $&lt;read_object_from_yaml&gt; =&gt; &lt;float_to_int&gt;$,
                                    $&lt;read_object_from_yaml&gt; =&gt; &lt;str_to_int&gt;$],
                  &apos;2_approx_match&apos;: [$&lt;read_object_from_yaml&gt; =&gt; &lt;float_to_bool&gt;$,
                                     $&lt;read_object_from_yaml&gt; =&gt; &lt;int_to_bool&gt;$,
                                     $&lt;read_object_from_yaml&gt; =&gt; &lt;str_to_bool&gt;$],
                  &apos;3_generic&apos;: [&lt;read_object_from_yaml&gt;]},
         &apos;&lt;multifile&gt;&apos;: {}},
 &apos;list&apos;: {&apos;.cfg&apos;: {},
          &apos;.csv&apos;: {},
          &apos;.ini&apos;: {},
          &apos;.json&apos;: {&apos;1_exact_match&apos;: [&lt;read_dict_or_list_from_json&gt;]},
          &apos;.properties&apos;: {},
          &apos;.pyc&apos;: {&apos;3_generic&apos;: [&lt;read_object_from_pickle&gt;]},
          &apos;.txt&apos;: {&apos;3_generic&apos;: [$&lt;read_str_from_txt&gt; =&gt; &lt;constructor_with_str_arg&gt;$,
                                 $&lt;read_str_from_txt&gt; =&gt; &lt;base64_ascii_str_pickle_to_object&gt;$]},
          &apos;.xls&apos;: {},
          &apos;.xlsm&apos;: {},
          &apos;.xlsx&apos;: {},
          &apos;.yaml&apos;: {&apos;2_approx_match&apos;: [&lt;read_collection_from_yaml&gt;],
                    &apos;3_generic&apos;: [&lt;read_object_from_yaml&gt;]},
          &apos;.yml&apos;: {&apos;2_approx_match&apos;: [&lt;read_collection_from_yaml&gt;],
                   &apos;3_generic&apos;: [&lt;read_object_from_yaml&gt;]},
          &apos;&lt;multifile&gt;&apos;: {&apos;2_approx_match&apos;: [Multifile Collection parser (parsyfiles defaults)]}},
 &apos;str&apos;: {&apos;.cfg&apos;: {},
         &apos;.csv&apos;: {},
         &apos;.ini&apos;: {},
         &apos;.json&apos;: {},
         &apos;.properties&apos;: {},
         &apos;.pyc&apos;: {&apos;1_exact_match&apos;: [$&lt;read_object_from_pickle&gt; =&gt; &lt;bool_to_string&gt;$,
                                    $&lt;read_object_from_pickle&gt; =&gt; &lt;float_to_string&gt;$,
                                    $&lt;read_object_from_pickle&gt; =&gt; &lt;int_to_string&gt;$],
                  &apos;3_generic&apos;: [&lt;read_object_from_pickle&gt;]},
         &apos;.txt&apos;: {&apos;1_exact_match&apos;: [&lt;read_str_from_txt&gt;]},
         &apos;.xls&apos;: {},
         &apos;.xlsm&apos;: {},
         &apos;.xlsx&apos;: {},
         &apos;.yaml&apos;: {&apos;1_exact_match&apos;: [$&lt;read_object_from_yaml&gt; =&gt; &lt;bool_to_string&gt;$,
                                     $&lt;read_object_from_yaml&gt; =&gt; &lt;float_to_string&gt;$,
                                     $&lt;read_object_from_yaml&gt; =&gt; &lt;int_to_string&gt;$],
                   &apos;3_generic&apos;: [&lt;read_object_from_yaml&gt;]},
         &apos;.yml&apos;: {&apos;1_exact_match&apos;: [$&lt;read_object_from_yaml&gt; =&gt; &lt;bool_to_string&gt;$,
                                    $&lt;read_object_from_yaml&gt; =&gt; &lt;float_to_string&gt;$,
                                    $&lt;read_object_from_yaml&gt; =&gt; &lt;int_to_string&gt;$],
                  &apos;3_generic&apos;: [&lt;read_object_from_yaml&gt;]},
         &apos;&lt;multifile&gt;&apos;: {}}}


</system-out></testcase><testcase classname="parsyfiles.tests.combining_parsers_converters.test_default_instance" file="parsyfiles/tests/combining_parsers_converters/test_default_instance.py" line="154" name="test_root_parser_any" time="0.10461664199829102"><system-out>{&apos;.cfg&apos;: {&apos;1_exact_match&apos;: [$&lt;read_config&gt; =&gt; &lt;merge_all_config_sections_into_a_single_dict&gt; -&gt; &lt;dict_to_object&gt;$,
                            $&lt;read_config&gt; =&gt; &lt;config_to_dict_of_dict&gt; -&gt; &lt;dict_of_dict_to_object&gt;$,
                            $&lt;read_config&gt; =&gt; &lt;config_to_dict_of_dict&gt; -&gt; &lt;dict_to_object&gt;$]},
 &apos;.csv&apos;: {&apos;1_exact_match&apos;: [$&lt;read_df_or_series_from_csv&gt; =&gt; &lt;single_row_or_col_df_to_dict&gt; -&gt; &lt;dict_to_object&gt;$]},
 &apos;.ini&apos;: {&apos;1_exact_match&apos;: [$&lt;read_config&gt; =&gt; &lt;merge_all_config_sections_into_a_single_dict&gt; -&gt; &lt;dict_to_object&gt;$,
                            $&lt;read_config&gt; =&gt; &lt;config_to_dict_of_dict&gt; -&gt; &lt;dict_of_dict_to_object&gt;$,
                            $&lt;read_config&gt; =&gt; &lt;config_to_dict_of_dict&gt; -&gt; &lt;dict_to_object&gt;$]},
 &apos;.json&apos;: {&apos;1_exact_match&apos;: [$&lt;read_dict_or_list_from_json&gt; =&gt; &lt;dict_to_object&gt;$]},
 &apos;.properties&apos;: {&apos;1_exact_match&apos;: [$&lt;read_dict_from_properties&gt; =&gt; &lt;dict_to_object&gt;$]},
 &apos;.pyc&apos;: {&apos;1_exact_match&apos;: [&lt;read_object_from_pickle&gt;]},
 &apos;.txt&apos;: {&apos;1_exact_match&apos;: [$&lt;read_dict_from_properties&gt; =&gt; &lt;dict_to_object&gt;$,
                            $&lt;read_str_from_txt&gt; =&gt; &lt;constructor_with_str_arg&gt;$,
                            $&lt;read_str_from_txt&gt; =&gt; &lt;base64_ascii_str_pickle_to_object&gt;$,
                            $&lt;read_df_or_series_from_csv&gt; =&gt; &lt;single_row_or_col_df_to_dict&gt; -&gt; &lt;dict_to_object&gt;$]},
 &apos;.xls&apos;: {&apos;1_exact_match&apos;: [$&lt;read_dataframe_from_xls&gt; =&gt; &lt;single_row_or_col_df_to_dict&gt; -&gt; &lt;dict_to_object&gt;$]},
 &apos;.xlsm&apos;: {&apos;1_exact_match&apos;: [$&lt;read_dataframe_from_xls&gt; =&gt; &lt;single_row_or_col_df_to_dict&gt; -&gt; &lt;dict_to_object&gt;$]},
 &apos;.xlsx&apos;: {&apos;1_exact_match&apos;: [$&lt;read_dataframe_from_xls&gt; =&gt; &lt;single_row_or_col_df_to_dict&gt; -&gt; &lt;dict_to_object&gt;$]},
 &apos;.yaml&apos;: {&apos;1_exact_match&apos;: [&lt;read_object_from_yaml&gt;,
                             $&lt;read_collection_from_yaml&gt; =&gt; &lt;dict_to_object&gt;$]},
 &apos;.yml&apos;: {&apos;1_exact_match&apos;: [&lt;read_object_from_yaml&gt;,
                            $&lt;read_collection_from_yaml&gt; =&gt; &lt;dict_to_object&gt;$]},
 &apos;&lt;multifile&gt;&apos;: {&apos;1_exact_match&apos;: [Multifile Object parser (parsyfiles defaults)]}}
</system-out></testcase><testcase classname="parsyfiles.tests.combining_parsers_converters.test_default_instance" file="parsyfiles/tests/combining_parsers_converters/test_default_instance.py" line="170" name="test_custom_parser_ok_for_subclasses" time="0.1810135841369629"><system-out>WARNING: Object constructor signature for type A does not allow parsyfiles to automatically create instances from dict content. Caught TypeInformationRequiredError: Cannot create instances of type &lt;class &apos;test_default_instance.test_custom_parser_ok_for_subclasses.&lt;locals&gt;.A&apos;&gt;: constructor attribute &apos;txt&apos; has no PEP484 type hint.
**** Starting to parse single object of type &lt;A&gt; at location /home/travis/build/smarie/python-parsyfiles/parsyfiles/tests/combining_parsers_converters/test_data/b64pickle-float-1.0=True ****
Checking all files under [/home/travis/build/smarie/python-parsyfiles/parsyfiles/tests/combining_parsers_converters/test_data/b64pickle-float-1.0=True]
(C) /home/travis/build/smarie/python-parsyfiles/parsyfiles/tests/combining_parsers_converters/test_data/b64pickle-float-1.0=True (singlefile, .txt)
File checks done

Building a parsing plan to parse [/home/travis/build/smarie/python-parsyfiles/parsyfiles/tests/combining_parsers_converters/test_data/b64pickle-float-1.0=True] into a A
WARNING: Object constructor signature for type B does not allow parsyfiles to automatically create instances from dict content. Caught TypeInformationRequiredError: Cannot create instances of type &lt;class &apos;test_default_instance.test_custom_parser_ok_for_subclasses.&lt;locals&gt;.B&apos;&gt;: constructor attribute &apos;txt&apos; has no PEP484 type hint.
(B) /home/travis/build/smarie/python-parsyfiles/parsyfiles/tests/combining_parsers_converters/test_data/b64pickle-float-1.0=True.txt -&gt; A ------- using [Try &apos;[Try &apos;&lt;read_B_from_txt&gt;&apos; then &apos;$&lt;read_str_from_txt&gt; =&gt; &lt;constructor_with_str_arg&gt;$&apos; then &apos;$&lt;read_str_from_txt&gt; =&gt; &lt;base64_ascii_str_pickle_to_object&gt;$]&apos;]&apos; -&gt; [A] then &apos;[Try &apos;&lt;read_B_from_txt&gt;&apos; then &apos;$&lt;read_str_from_txt&gt; =&gt; &lt;constructor_with_str_arg&gt;$&apos; then &apos;$&lt;read_str_from_txt&gt; =&gt; &lt;base64_ascii_str_pickle_to_object&gt;$]&apos;]&apos; -&gt; [B]]]
(B)                                                                                                  |--b64pickle-float-1.0=True.txt -&gt; A ------- using [Try &apos;&lt;read_B_from_txt&gt;&apos; then &apos;$&lt;read_str_from_txt&gt; =&gt; &lt;constructor_with_str_arg&gt;$&apos; then &apos;$&lt;read_str_from_txt&gt; =&gt; &lt;base64_ascii_str_pickle_to_object&gt;$]&apos;]
(B)                                                                                                  |--b64pickle-float-1.0=True.txt -&gt; A ------- using &lt;read_B_from_txt&gt;
Parsing Plan created successfully

Executing Parsing Plan for [/home/travis/build/smarie/python-parsyfiles/parsyfiles/tests/combining_parsers_converters/test_data/b64pickle-float-1.0=True]
(P) /home/travis/build/smarie/python-parsyfiles/parsyfiles/tests/combining_parsers_converters/test_data/b64pickle-float-1.0=True.txt -&gt; A ------- using &lt;read_B_from_txt&gt;
(P)                                                                                                  |--b64pickle-float-1.0=True.txt -&gt; A SUCCESS !
Completed parsing successfully

</system-out></testcase><testcase classname="parsyfiles.tests.combining_parsers_converters.test_default_instance_creation" file="parsyfiles/tests/combining_parsers_converters/test_default_instance_creation.py" line="21" name="test_create_default_instance_with_constructor" time="2.6529734134674072"><system-out>**** Starting to parse single object of type &lt;bool&gt; at location /home/travis/build/smarie/python-parsyfiles/parsyfiles/tests/combining_parsers_converters/test_data/b64pickle-float-1.0=True ****
Checking all files under [/home/travis/build/smarie/python-parsyfiles/parsyfiles/tests/combining_parsers_converters/test_data/b64pickle-float-1.0=True]
(C) /home/travis/build/smarie/python-parsyfiles/parsyfiles/tests/combining_parsers_converters/test_data/b64pickle-float-1.0=True (singlefile, .txt)
File checks done

Building a parsing plan to parse [/home/travis/build/smarie/python-parsyfiles/parsyfiles/tests/combining_parsers_converters/test_data/b64pickle-float-1.0=True] into a bool
(B) /home/travis/build/smarie/python-parsyfiles/parsyfiles/tests/combining_parsers_converters/test_data/b64pickle-float-1.0=True.txt -&gt; bool ------- using [Try &apos;$&lt;read_str_from_txt&gt; =&gt; &lt;str_to_bool&gt;$&apos; then &apos;$&lt;read_str_from_txt&gt; =&gt; &lt;base64_ascii_str_pickle_to_object&gt; -&gt; &lt;float_to_bool&gt;$&apos; then &apos;$&lt;read_str_from_txt&gt; =&gt; &lt;base64_ascii_str_pickle_to_object&gt; -&gt; &lt;int_to_bool&gt;$&apos; then &apos;$&lt;read_str_from_txt&gt; =&gt; &lt;base64_ascii_str_pickle_to_object&gt; -&gt; &lt;str_to_bool&gt;$&apos; then &apos;$&lt;read_str_from_txt&gt; =&gt; &lt;base64_ascii_str_pickle_to_object&gt;$]&apos;]
(B)                                                                                                  |--b64pickle-float-1.0=True.txt -&gt; bool ------- using $&lt;read_str_from_txt&gt; =&gt; &lt;str_to_bool&gt;$
Parsing Plan created successfully

Executing Parsing Plan for [/home/travis/build/smarie/python-parsyfiles/parsyfiles/tests/combining_parsers_converters/test_data/b64pickle-float-1.0=True]
(P) /home/travis/build/smarie/python-parsyfiles/parsyfiles/tests/combining_parsers_converters/test_data/b64pickle-float-1.0=True.txt -&gt; bool ------- using $&lt;read_str_from_txt&gt; =&gt; &lt;str_to_bool&gt;$
  !! Caught error during execution !!
  File &quot;/home/travis/build/smarie/python-parsyfiles/parsyfiles/converting_core.py&quot;, line 524, in _convert
    return self.conversion_method(desired_type, source_obj, logger, **opts)
  File &quot;/home/travis/build/smarie/python-parsyfiles/parsyfiles/plugins_base/support_for_primitive_types.py&quot;, line 84, in primitive_to_bool
    return bool(strtobool(source))
  File &quot;/opt/python/3.5.5/lib/python3.5/distutils/util.py&quot;, line 317, in strtobool
    raise ValueError(&quot;invalid truth value %r&quot; % (val,))
  ValueError : invalid truth value &apos;ganhp/aaaaaaaaau&apos;
(B)                                                                                                  |--b64pickle-float-1.0=True.txt -&gt; bool ------- using $&lt;read_str_from_txt&gt; =&gt; &lt;base64_ascii_str_pickle_to_object&gt; -&gt; &lt;float_to_bool&gt;$
Executing Parsing Plan for [/home/travis/build/smarie/python-parsyfiles/parsyfiles/tests/combining_parsers_converters/test_data/b64pickle-float-1.0=True]
(P) /home/travis/build/smarie/python-parsyfiles/parsyfiles/tests/combining_parsers_converters/test_data/b64pickle-float-1.0=True.txt -&gt; bool ------- using $&lt;read_str_from_txt&gt; =&gt; &lt;base64_ascii_str_pickle_to_object&gt; -&gt; &lt;float_to_bool&gt;$
(P)                                                                                                  |--b64pickle-float-1.0=True.txt -&gt; bool SUCCESS !
Completed parsing successfully

**** Starting to parse single object of type &lt;bool&gt; at location /home/travis/build/smarie/python-parsyfiles/parsyfiles/tests/combining_parsers_converters/test_data/b64pickle-float-1.0=True ****
Checking all files under [/home/travis/build/smarie/python-parsyfiles/parsyfiles/tests/combining_parsers_converters/test_data/b64pickle-float-1.0=True]
(C) /home/travis/build/smarie/python-parsyfiles/parsyfiles/tests/combining_parsers_converters/test_data/b64pickle-float-1.0=True (singlefile, .txt)
File checks done

Building a parsing plan to parse [/home/travis/build/smarie/python-parsyfiles/parsyfiles/tests/combining_parsers_converters/test_data/b64pickle-float-1.0=True] into a bool
(B) /home/travis/build/smarie/python-parsyfiles/parsyfiles/tests/combining_parsers_converters/test_data/b64pickle-float-1.0=True.txt -&gt; bool ------- using [Try &apos;$&lt;read_str_from_txt&gt; =&gt; &lt;str_to_bool&gt;$&apos; then &apos;$&lt;read_str_from_txt&gt; =&gt; &lt;base64_ascii_str_pickle_to_object&gt; -&gt; &lt;float_to_bool&gt;$&apos; then &apos;$&lt;read_str_from_txt&gt; =&gt; &lt;base64_ascii_str_pickle_to_object&gt; -&gt; &lt;int_to_bool&gt;$&apos; then &apos;$&lt;read_str_from_txt&gt; =&gt; &lt;base64_ascii_str_pickle_to_object&gt; -&gt; &lt;str_to_bool&gt;$&apos; then &apos;$&lt;read_str_from_txt&gt; =&gt; &lt;base64_ascii_str_pickle_to_object&gt;$]&apos;]
(B)                                                                                                  |--b64pickle-float-1.0=True.txt -&gt; bool ------- using $&lt;read_str_from_txt&gt; =&gt; &lt;str_to_bool&gt;$
Parsing Plan created successfully

Executing Parsing Plan for [/home/travis/build/smarie/python-parsyfiles/parsyfiles/tests/combining_parsers_converters/test_data/b64pickle-float-1.0=True]
(P) /home/travis/build/smarie/python-parsyfiles/parsyfiles/tests/combining_parsers_converters/test_data/b64pickle-float-1.0=True.txt -&gt; bool ------- using $&lt;read_str_from_txt&gt; =&gt; &lt;str_to_bool&gt;$
  !! Caught error during execution !!
  File &quot;/home/travis/build/smarie/python-parsyfiles/parsyfiles/converting_core.py&quot;, line 524, in _convert
    return self.conversion_method(desired_type, source_obj, logger, **opts)
  File &quot;/home/travis/build/smarie/python-parsyfiles/parsyfiles/plugins_base/support_for_primitive_types.py&quot;, line 84, in primitive_to_bool
    return bool(strtobool(source))
  File &quot;/opt/python/3.5.5/lib/python3.5/distutils/util.py&quot;, line 317, in strtobool
    raise ValueError(&quot;invalid truth value %r&quot; % (val,))
  ValueError : invalid truth value &apos;ganhp/aaaaaaaaau&apos;
(B)                                                                                                  |--b64pickle-float-1.0=True.txt -&gt; bool ------- using $&lt;read_str_from_txt&gt; =&gt; &lt;base64_ascii_str_pickle_to_object&gt; -&gt; &lt;float_to_bool&gt;$
Executing Parsing Plan for [/home/travis/build/smarie/python-parsyfiles/parsyfiles/tests/combining_parsers_converters/test_data/b64pickle-float-1.0=True]
(P) /home/travis/build/smarie/python-parsyfiles/parsyfiles/tests/combining_parsers_converters/test_data/b64pickle-float-1.0=True.txt -&gt; bool ------- using $&lt;read_str_from_txt&gt; =&gt; &lt;base64_ascii_str_pickle_to_object&gt; -&gt; &lt;float_to_bool&gt;$
(P)                                                                                                  |--b64pickle-float-1.0=True.txt -&gt; bool SUCCESS !
Completed parsing successfully

**** Starting to parse single object of type &lt;bool&gt; at location /home/travis/build/smarie/python-parsyfiles/parsyfiles/tests/combining_parsers_converters/test_data/b64pickle-float-1.0=True ****
Checking all files under [/home/travis/build/smarie/python-parsyfiles/parsyfiles/tests/combining_parsers_converters/test_data/b64pickle-float-1.0=True]
(C) /home/travis/build/smarie/python-parsyfiles/parsyfiles/tests/combining_parsers_converters/test_data/b64pickle-float-1.0=True (singlefile, .txt)
File checks done

Building a parsing plan to parse [/home/travis/build/smarie/python-parsyfiles/parsyfiles/tests/combining_parsers_converters/test_data/b64pickle-float-1.0=True] into a bool
(B) /home/travis/build/smarie/python-parsyfiles/parsyfiles/tests/combining_parsers_converters/test_data/b64pickle-float-1.0=True.txt -&gt; bool ------- using [Try &apos;$&lt;read_str_from_txt&gt; =&gt; &lt;str_to_bool&gt;$&apos; then &apos;$&lt;read_str_from_txt&gt; =&gt; &lt;base64_ascii_str_pickle_to_object&gt; -&gt; &lt;float_to_bool&gt;$&apos; then &apos;$&lt;read_str_from_txt&gt; =&gt; &lt;base64_ascii_str_pickle_to_object&gt; -&gt; &lt;int_to_bool&gt;$&apos; then &apos;$&lt;read_str_from_txt&gt; =&gt; &lt;base64_ascii_str_pickle_to_object&gt; -&gt; &lt;str_to_bool&gt;$&apos; then &apos;$&lt;read_str_from_txt&gt; =&gt; &lt;base64_ascii_str_pickle_to_object&gt;$]&apos;]
(B)                                                                                                  |--b64pickle-float-1.0=True.txt -&gt; bool ------- using $&lt;read_str_from_txt&gt; =&gt; &lt;str_to_bool&gt;$
Parsing Plan created successfully

Executing Parsing Plan for [/home/travis/build/smarie/python-parsyfiles/parsyfiles/tests/combining_parsers_converters/test_data/b64pickle-float-1.0=True]
(P) /home/travis/build/smarie/python-parsyfiles/parsyfiles/tests/combining_parsers_converters/test_data/b64pickle-float-1.0=True.txt -&gt; bool ------- using $&lt;read_str_from_txt&gt; =&gt; &lt;str_to_bool&gt;$
  !! Caught error during execution !!
  File &quot;/home/travis/build/smarie/python-parsyfiles/parsyfiles/converting_core.py&quot;, line 524, in _convert
    return self.conversion_method(desired_type, source_obj, logger, **opts)
  File &quot;/home/travis/build/smarie/python-parsyfiles/parsyfiles/plugins_base/support_for_primitive_types.py&quot;, line 84, in primitive_to_bool
    return bool(strtobool(source))
  File &quot;/opt/python/3.5.5/lib/python3.5/distutils/util.py&quot;, line 317, in strtobool
    raise ValueError(&quot;invalid truth value %r&quot; % (val,))
  ValueError : invalid truth value &apos;ganhp/aaaaaaaaau&apos;
(B)                                                                                                  |--b64pickle-float-1.0=True.txt -&gt; bool ------- using $&lt;read_str_from_txt&gt; =&gt; &lt;base64_ascii_str_pickle_to_object&gt; -&gt; &lt;float_to_bool&gt;$
Executing Parsing Plan for [/home/travis/build/smarie/python-parsyfiles/parsyfiles/tests/combining_parsers_converters/test_data/b64pickle-float-1.0=True]
(P) /home/travis/build/smarie/python-parsyfiles/parsyfiles/tests/combining_parsers_converters/test_data/b64pickle-float-1.0=True.txt -&gt; bool ------- using $&lt;read_str_from_txt&gt; =&gt; &lt;base64_ascii_str_pickle_to_object&gt; -&gt; &lt;float_to_bool&gt;$
(P)                                                                                                  |--b64pickle-float-1.0=True.txt -&gt; bool SUCCESS !
Completed parsing successfully

**** Starting to parse single object of type &lt;bool&gt; at location /home/travis/build/smarie/python-parsyfiles/parsyfiles/tests/combining_parsers_converters/test_data/b64pickle-float-1.0=True ****
Checking all files under [/home/travis/build/smarie/python-parsyfiles/parsyfiles/tests/combining_parsers_converters/test_data/b64pickle-float-1.0=True]
(C) /home/travis/build/smarie/python-parsyfiles/parsyfiles/tests/combining_parsers_converters/test_data/b64pickle-float-1.0=True (singlefile, .txt)
File checks done

Building a parsing plan to parse [/home/travis/build/smarie/python-parsyfiles/parsyfiles/tests/combining_parsers_converters/test_data/b64pickle-float-1.0=True] into a bool
(B) /home/travis/build/smarie/python-parsyfiles/parsyfiles/tests/combining_parsers_converters/test_data/b64pickle-float-1.0=True.txt -&gt; bool ------- using [Try &apos;$&lt;read_str_from_txt&gt; =&gt; &lt;str_to_bool&gt;$&apos; then &apos;$&lt;read_str_from_txt&gt; =&gt; &lt;base64_ascii_str_pickle_to_object&gt; -&gt; &lt;float_to_bool&gt;$&apos; then &apos;$&lt;read_str_from_txt&gt; =&gt; &lt;base64_ascii_str_pickle_to_object&gt; -&gt; &lt;int_to_bool&gt;$&apos; then &apos;$&lt;read_str_from_txt&gt; =&gt; &lt;base64_ascii_str_pickle_to_object&gt; -&gt; &lt;str_to_bool&gt;$&apos; then &apos;$&lt;read_str_from_txt&gt; =&gt; &lt;base64_ascii_str_pickle_to_object&gt;$]&apos;]
(B)                                                                                                  |--b64pickle-float-1.0=True.txt -&gt; bool ------- using $&lt;read_str_from_txt&gt; =&gt; &lt;str_to_bool&gt;$
Parsing Plan created successfully

Executing Parsing Plan for [/home/travis/build/smarie/python-parsyfiles/parsyfiles/tests/combining_parsers_converters/test_data/b64pickle-float-1.0=True]
(P) /home/travis/build/smarie/python-parsyfiles/parsyfiles/tests/combining_parsers_converters/test_data/b64pickle-float-1.0=True.txt -&gt; bool ------- using $&lt;read_str_from_txt&gt; =&gt; &lt;str_to_bool&gt;$
  !! Caught error during execution !!
  File &quot;/home/travis/build/smarie/python-parsyfiles/parsyfiles/converting_core.py&quot;, line 524, in _convert
    return self.conversion_method(desired_type, source_obj, logger, **opts)
  File &quot;/home/travis/build/smarie/python-parsyfiles/parsyfiles/plugins_base/support_for_primitive_types.py&quot;, line 84, in primitive_to_bool
    return bool(strtobool(source))
  File &quot;/opt/python/3.5.5/lib/python3.5/distutils/util.py&quot;, line 317, in strtobool
    raise ValueError(&quot;invalid truth value %r&quot; % (val,))
  ValueError : invalid truth value &apos;ganhp/aaaaaaaaau&apos;
(B)                                                                                                  |--b64pickle-float-1.0=True.txt -&gt; bool ------- using $&lt;read_str_from_txt&gt; =&gt; &lt;base64_ascii_str_pickle_to_object&gt; -&gt; &lt;float_to_bool&gt;$
Executing Parsing Plan for [/home/travis/build/smarie/python-parsyfiles/parsyfiles/tests/combining_parsers_converters/test_data/b64pickle-float-1.0=True]
(P) /home/travis/build/smarie/python-parsyfiles/parsyfiles/tests/combining_parsers_converters/test_data/b64pickle-float-1.0=True.txt -&gt; bool ------- using $&lt;read_str_from_txt&gt; =&gt; &lt;base64_ascii_str_pickle_to_object&gt; -&gt; &lt;float_to_bool&gt;$
(P)                                                                                                  |--b64pickle-float-1.0=True.txt -&gt; bool SUCCESS !
Completed parsing successfully

**** Starting to parse single object of type &lt;bool&gt; at location /home/travis/build/smarie/python-parsyfiles/parsyfiles/tests/combining_parsers_converters/test_data/b64pickle-float-1.0=True ****
Checking all files under [/home/travis/build/smarie/python-parsyfiles/parsyfiles/tests/combining_parsers_converters/test_data/b64pickle-float-1.0=True]
(C) /home/travis/build/smarie/python-parsyfiles/parsyfiles/tests/combining_parsers_converters/test_data/b64pickle-float-1.0=True (singlefile, .txt)
File checks done

Building a parsing plan to parse [/home/travis/build/smarie/python-parsyfiles/parsyfiles/tests/combining_parsers_converters/test_data/b64pickle-float-1.0=True] into a bool
(B) /home/travis/build/smarie/python-parsyfiles/parsyfiles/tests/combining_parsers_converters/test_data/b64pickle-float-1.0=True.txt -&gt; bool ------- using [Try &apos;$&lt;read_str_from_txt&gt; =&gt; &lt;str_to_bool&gt;$&apos; then &apos;$&lt;read_str_from_txt&gt; =&gt; &lt;base64_ascii_str_pickle_to_object&gt; -&gt; &lt;float_to_bool&gt;$&apos; then &apos;$&lt;read_str_from_txt&gt; =&gt; &lt;base64_ascii_str_pickle_to_object&gt; -&gt; &lt;int_to_bool&gt;$&apos; then &apos;$&lt;read_str_from_txt&gt; =&gt; &lt;base64_ascii_str_pickle_to_object&gt; -&gt; &lt;str_to_bool&gt;$&apos; then &apos;$&lt;read_str_from_txt&gt; =&gt; &lt;base64_ascii_str_pickle_to_object&gt;$]&apos;]
(B)                                                                                                  |--b64pickle-float-1.0=True.txt -&gt; bool ------- using $&lt;read_str_from_txt&gt; =&gt; &lt;str_to_bool&gt;$
Parsing Plan created successfully

Executing Parsing Plan for [/home/travis/build/smarie/python-parsyfiles/parsyfiles/tests/combining_parsers_converters/test_data/b64pickle-float-1.0=True]
(P) /home/travis/build/smarie/python-parsyfiles/parsyfiles/tests/combining_parsers_converters/test_data/b64pickle-float-1.0=True.txt -&gt; bool ------- using $&lt;read_str_from_txt&gt; =&gt; &lt;str_to_bool&gt;$
  !! Caught error during execution !!
  File &quot;/home/travis/build/smarie/python-parsyfiles/parsyfiles/converting_core.py&quot;, line 524, in _convert
    return self.conversion_method(desired_type, source_obj, logger, **opts)
  File &quot;/home/travis/build/smarie/python-parsyfiles/parsyfiles/plugins_base/support_for_primitive_types.py&quot;, line 84, in primitive_to_bool
    return bool(strtobool(source))
  File &quot;/opt/python/3.5.5/lib/python3.5/distutils/util.py&quot;, line 317, in strtobool
    raise ValueError(&quot;invalid truth value %r&quot; % (val,))
  ValueError : invalid truth value &apos;ganhp/aaaaaaaaau&apos;
(B)                                                                                                  |--b64pickle-float-1.0=True.txt -&gt; bool ------- using $&lt;read_str_from_txt&gt; =&gt; &lt;base64_ascii_str_pickle_to_object&gt; -&gt; &lt;float_to_bool&gt;$
Executing Parsing Plan for [/home/travis/build/smarie/python-parsyfiles/parsyfiles/tests/combining_parsers_converters/test_data/b64pickle-float-1.0=True]
(P) /home/travis/build/smarie/python-parsyfiles/parsyfiles/tests/combining_parsers_converters/test_data/b64pickle-float-1.0=True.txt -&gt; bool ------- using $&lt;read_str_from_txt&gt; =&gt; &lt;base64_ascii_str_pickle_to_object&gt; -&gt; &lt;float_to_bool&gt;$
(P)                                                                                                  |--b64pickle-float-1.0=True.txt -&gt; bool SUCCESS !
Completed parsing successfully

**** Starting to parse single object of type &lt;bool&gt; at location /home/travis/build/smarie/python-parsyfiles/parsyfiles/tests/combining_parsers_converters/test_data/b64pickle-float-1.0=True ****
Checking all files under [/home/travis/build/smarie/python-parsyfiles/parsyfiles/tests/combining_parsers_converters/test_data/b64pickle-float-1.0=True]
(C) /home/travis/build/smarie/python-parsyfiles/parsyfiles/tests/combining_parsers_converters/test_data/b64pickle-float-1.0=True (singlefile, .txt)
File checks done

Building a parsing plan to parse [/home/travis/build/smarie/python-parsyfiles/parsyfiles/tests/combining_parsers_converters/test_data/b64pickle-float-1.0=True] into a bool
(B) /home/travis/build/smarie/python-parsyfiles/parsyfiles/tests/combining_parsers_converters/test_data/b64pickle-float-1.0=True.txt -&gt; bool ------- using [Try &apos;$&lt;read_str_from_txt&gt; =&gt; &lt;str_to_bool&gt;$&apos; then &apos;$&lt;read_str_from_txt&gt; =&gt; &lt;base64_ascii_str_pickle_to_object&gt; -&gt; &lt;float_to_bool&gt;$&apos; then &apos;$&lt;read_str_from_txt&gt; =&gt; &lt;base64_ascii_str_pickle_to_object&gt; -&gt; &lt;int_to_bool&gt;$&apos; then &apos;$&lt;read_str_from_txt&gt; =&gt; &lt;base64_ascii_str_pickle_to_object&gt; -&gt; &lt;str_to_bool&gt;$&apos; then &apos;$&lt;read_str_from_txt&gt; =&gt; &lt;base64_ascii_str_pickle_to_object&gt;$]&apos;]
(B)                                                                                                  |--b64pickle-float-1.0=True.txt -&gt; bool ------- using $&lt;read_str_from_txt&gt; =&gt; &lt;str_to_bool&gt;$
Parsing Plan created successfully

Executing Parsing Plan for [/home/travis/build/smarie/python-parsyfiles/parsyfiles/tests/combining_parsers_converters/test_data/b64pickle-float-1.0=True]
(P) /home/travis/build/smarie/python-parsyfiles/parsyfiles/tests/combining_parsers_converters/test_data/b64pickle-float-1.0=True.txt -&gt; bool ------- using $&lt;read_str_from_txt&gt; =&gt; &lt;str_to_bool&gt;$
  !! Caught error during execution !!
  File &quot;/home/travis/build/smarie/python-parsyfiles/parsyfiles/converting_core.py&quot;, line 524, in _convert
    return self.conversion_method(desired_type, source_obj, logger, **opts)
  File &quot;/home/travis/build/smarie/python-parsyfiles/parsyfiles/plugins_base/support_for_primitive_types.py&quot;, line 84, in primitive_to_bool
    return bool(strtobool(source))
  File &quot;/opt/python/3.5.5/lib/python3.5/distutils/util.py&quot;, line 317, in strtobool
    raise ValueError(&quot;invalid truth value %r&quot; % (val,))
  ValueError : invalid truth value &apos;ganhp/aaaaaaaaau&apos;
(B)                                                                                                  |--b64pickle-float-1.0=True.txt -&gt; bool ------- using $&lt;read_str_from_txt&gt; =&gt; &lt;base64_ascii_str_pickle_to_object&gt; -&gt; &lt;float_to_bool&gt;$
Executing Parsing Plan for [/home/travis/build/smarie/python-parsyfiles/parsyfiles/tests/combining_parsers_converters/test_data/b64pickle-float-1.0=True]
(P) /home/travis/build/smarie/python-parsyfiles/parsyfiles/tests/combining_parsers_converters/test_data/b64pickle-float-1.0=True.txt -&gt; bool ------- using $&lt;read_str_from_txt&gt; =&gt; &lt;base64_ascii_str_pickle_to_object&gt; -&gt; &lt;float_to_bool&gt;$
(P)                                                                                                  |--b64pickle-float-1.0=True.txt -&gt; bool SUCCESS !
Completed parsing successfully

**** Starting to parse single object of type &lt;bool&gt; at location /home/travis/build/smarie/python-parsyfiles/parsyfiles/tests/combining_parsers_converters/test_data/b64pickle-float-1.0=True ****
Checking all files under [/home/travis/build/smarie/python-parsyfiles/parsyfiles/tests/combining_parsers_converters/test_data/b64pickle-float-1.0=True]
(C) /home/travis/build/smarie/python-parsyfiles/parsyfiles/tests/combining_parsers_converters/test_data/b64pickle-float-1.0=True (singlefile, .txt)
File checks done

Building a parsing plan to parse [/home/travis/build/smarie/python-parsyfiles/parsyfiles/tests/combining_parsers_converters/test_data/b64pickle-float-1.0=True] into a bool
(B) /home/travis/build/smarie/python-parsyfiles/parsyfiles/tests/combining_parsers_converters/test_data/b64pickle-float-1.0=True.txt -&gt; bool ------- using [Try &apos;$&lt;read_str_from_txt&gt; =&gt; &lt;str_to_bool&gt;$&apos; then &apos;$&lt;read_str_from_txt&gt; =&gt; &lt;base64_ascii_str_pickle_to_object&gt; -&gt; &lt;float_to_bool&gt;$&apos; then &apos;$&lt;read_str_from_txt&gt; =&gt; &lt;base64_ascii_str_pickle_to_object&gt; -&gt; &lt;int_to_bool&gt;$&apos; then &apos;$&lt;read_str_from_txt&gt; =&gt; &lt;base64_ascii_str_pickle_to_object&gt; -&gt; &lt;str_to_bool&gt;$&apos; then &apos;$&lt;read_str_from_txt&gt; =&gt; &lt;base64_ascii_str_pickle_to_object&gt;$]&apos;]
(B)                                                                                                  |--b64pickle-float-1.0=True.txt -&gt; bool ------- using $&lt;read_str_from_txt&gt; =&gt; &lt;str_to_bool&gt;$
Parsing Plan created successfully

Executing Parsing Plan for [/home/travis/build/smarie/python-parsyfiles/parsyfiles/tests/combining_parsers_converters/test_data/b64pickle-float-1.0=True]
(P) /home/travis/build/smarie/python-parsyfiles/parsyfiles/tests/combining_parsers_converters/test_data/b64pickle-float-1.0=True.txt -&gt; bool ------- using $&lt;read_str_from_txt&gt; =&gt; &lt;str_to_bool&gt;$
  !! Caught error during execution !!
  File &quot;/home/travis/build/smarie/python-parsyfiles/parsyfiles/converting_core.py&quot;, line 524, in _convert
    return self.conversion_method(desired_type, source_obj, logger, **opts)
  File &quot;/home/travis/build/smarie/python-parsyfiles/parsyfiles/plugins_base/support_for_primitive_types.py&quot;, line 84, in primitive_to_bool
    return bool(strtobool(source))
  File &quot;/opt/python/3.5.5/lib/python3.5/distutils/util.py&quot;, line 317, in strtobool
    raise ValueError(&quot;invalid truth value %r&quot; % (val,))
  ValueError : invalid truth value &apos;ganhp/aaaaaaaaau&apos;
(B)                                                                                                  |--b64pickle-float-1.0=True.txt -&gt; bool ------- using $&lt;read_str_from_txt&gt; =&gt; &lt;base64_ascii_str_pickle_to_object&gt; -&gt; &lt;float_to_bool&gt;$
Executing Parsing Plan for [/home/travis/build/smarie/python-parsyfiles/parsyfiles/tests/combining_parsers_converters/test_data/b64pickle-float-1.0=True]
(P) /home/travis/build/smarie/python-parsyfiles/parsyfiles/tests/combining_parsers_converters/test_data/b64pickle-float-1.0=True.txt -&gt; bool ------- using $&lt;read_str_from_txt&gt; =&gt; &lt;base64_ascii_str_pickle_to_object&gt; -&gt; &lt;float_to_bool&gt;$
(P)                                                                                                  |--b64pickle-float-1.0=True.txt -&gt; bool SUCCESS !
Completed parsing successfully

**** Starting to parse single object of type &lt;bool&gt; at location /home/travis/build/smarie/python-parsyfiles/parsyfiles/tests/combining_parsers_converters/test_data/b64pickle-float-1.0=True ****
Checking all files under [/home/travis/build/smarie/python-parsyfiles/parsyfiles/tests/combining_parsers_converters/test_data/b64pickle-float-1.0=True]
(C) /home/travis/build/smarie/python-parsyfiles/parsyfiles/tests/combining_parsers_converters/test_data/b64pickle-float-1.0=True (singlefile, .txt)
File checks done

Building a parsing plan to parse [/home/travis/build/smarie/python-parsyfiles/parsyfiles/tests/combining_parsers_converters/test_data/b64pickle-float-1.0=True] into a bool
(B) /home/travis/build/smarie/python-parsyfiles/parsyfiles/tests/combining_parsers_converters/test_data/b64pickle-float-1.0=True.txt -&gt; bool ------- using [Try &apos;$&lt;read_str_from_txt&gt; =&gt; &lt;str_to_bool&gt;$&apos; then &apos;$&lt;read_str_from_txt&gt; =&gt; &lt;base64_ascii_str_pickle_to_object&gt; -&gt; &lt;float_to_bool&gt;$&apos; then &apos;$&lt;read_str_from_txt&gt; =&gt; &lt;base64_ascii_str_pickle_to_object&gt; -&gt; &lt;int_to_bool&gt;$&apos; then &apos;$&lt;read_str_from_txt&gt; =&gt; &lt;base64_ascii_str_pickle_to_object&gt; -&gt; &lt;str_to_bool&gt;$&apos; then &apos;$&lt;read_str_from_txt&gt; =&gt; &lt;base64_ascii_str_pickle_to_object&gt;$]&apos;]
(B)                                                                                                  |--b64pickle-float-1.0=True.txt -&gt; bool ------- using $&lt;read_str_from_txt&gt; =&gt; &lt;str_to_bool&gt;$
Parsing Plan created successfully

Executing Parsing Plan for [/home/travis/build/smarie/python-parsyfiles/parsyfiles/tests/combining_parsers_converters/test_data/b64pickle-float-1.0=True]
(P) /home/travis/build/smarie/python-parsyfiles/parsyfiles/tests/combining_parsers_converters/test_data/b64pickle-float-1.0=True.txt -&gt; bool ------- using $&lt;read_str_from_txt&gt; =&gt; &lt;str_to_bool&gt;$
  !! Caught error during execution !!
  File &quot;/home/travis/build/smarie/python-parsyfiles/parsyfiles/converting_core.py&quot;, line 524, in _convert
    return self.conversion_method(desired_type, source_obj, logger, **opts)
  File &quot;/home/travis/build/smarie/python-parsyfiles/parsyfiles/plugins_base/support_for_primitive_types.py&quot;, line 84, in primitive_to_bool
    return bool(strtobool(source))
  File &quot;/opt/python/3.5.5/lib/python3.5/distutils/util.py&quot;, line 317, in strtobool
    raise ValueError(&quot;invalid truth value %r&quot; % (val,))
  ValueError : invalid truth value &apos;ganhp/aaaaaaaaau&apos;
(B)                                                                                                  |--b64pickle-float-1.0=True.txt -&gt; bool ------- using $&lt;read_str_from_txt&gt; =&gt; &lt;base64_ascii_str_pickle_to_object&gt; -&gt; &lt;float_to_bool&gt;$
Executing Parsing Plan for [/home/travis/build/smarie/python-parsyfiles/parsyfiles/tests/combining_parsers_converters/test_data/b64pickle-float-1.0=True]
(P) /home/travis/build/smarie/python-parsyfiles/parsyfiles/tests/combining_parsers_converters/test_data/b64pickle-float-1.0=True.txt -&gt; bool ------- using $&lt;read_str_from_txt&gt; =&gt; &lt;base64_ascii_str_pickle_to_object&gt; -&gt; &lt;float_to_bool&gt;$
(P)                                                                                                  |--b64pickle-float-1.0=True.txt -&gt; bool SUCCESS !
Completed parsing successfully

**** Starting to parse single object of type &lt;bool&gt; at location /home/travis/build/smarie/python-parsyfiles/parsyfiles/tests/combining_parsers_converters/test_data/b64pickle-float-1.0=True ****
Checking all files under [/home/travis/build/smarie/python-parsyfiles/parsyfiles/tests/combining_parsers_converters/test_data/b64pickle-float-1.0=True]
(C) /home/travis/build/smarie/python-parsyfiles/parsyfiles/tests/combining_parsers_converters/test_data/b64pickle-float-1.0=True (singlefile, .txt)
File checks done

Building a parsing plan to parse [/home/travis/build/smarie/python-parsyfiles/parsyfiles/tests/combining_parsers_converters/test_data/b64pickle-float-1.0=True] into a bool
(B) /home/travis/build/smarie/python-parsyfiles/parsyfiles/tests/combining_parsers_converters/test_data/b64pickle-float-1.0=True.txt -&gt; bool ------- using [Try &apos;$&lt;read_str_from_txt&gt; =&gt; &lt;str_to_bool&gt;$&apos; then &apos;$&lt;read_str_from_txt&gt; =&gt; &lt;base64_ascii_str_pickle_to_object&gt; -&gt; &lt;float_to_bool&gt;$&apos; then &apos;$&lt;read_str_from_txt&gt; =&gt; &lt;base64_ascii_str_pickle_to_object&gt; -&gt; &lt;int_to_bool&gt;$&apos; then &apos;$&lt;read_str_from_txt&gt; =&gt; &lt;base64_ascii_str_pickle_to_object&gt; -&gt; &lt;str_to_bool&gt;$&apos; then &apos;$&lt;read_str_from_txt&gt; =&gt; &lt;base64_ascii_str_pickle_to_object&gt;$]&apos;]
(B)                                                                                                  |--b64pickle-float-1.0=True.txt -&gt; bool ------- using $&lt;read_str_from_txt&gt; =&gt; &lt;str_to_bool&gt;$
Parsing Plan created successfully

Executing Parsing Plan for [/home/travis/build/smarie/python-parsyfiles/parsyfiles/tests/combining_parsers_converters/test_data/b64pickle-float-1.0=True]
(P) /home/travis/build/smarie/python-parsyfiles/parsyfiles/tests/combining_parsers_converters/test_data/b64pickle-float-1.0=True.txt -&gt; bool ------- using $&lt;read_str_from_txt&gt; =&gt; &lt;str_to_bool&gt;$
  !! Caught error during execution !!
  File &quot;/home/travis/build/smarie/python-parsyfiles/parsyfiles/converting_core.py&quot;, line 524, in _convert
    return self.conversion_method(desired_type, source_obj, logger, **opts)
  File &quot;/home/travis/build/smarie/python-parsyfiles/parsyfiles/plugins_base/support_for_primitive_types.py&quot;, line 84, in primitive_to_bool
    return bool(strtobool(source))
  File &quot;/opt/python/3.5.5/lib/python3.5/distutils/util.py&quot;, line 317, in strtobool
    raise ValueError(&quot;invalid truth value %r&quot; % (val,))
  ValueError : invalid truth value &apos;ganhp/aaaaaaaaau&apos;
(B)                                                                                                  |--b64pickle-float-1.0=True.txt -&gt; bool ------- using $&lt;read_str_from_txt&gt; =&gt; &lt;base64_ascii_str_pickle_to_object&gt; -&gt; &lt;float_to_bool&gt;$
Executing Parsing Plan for [/home/travis/build/smarie/python-parsyfiles/parsyfiles/tests/combining_parsers_converters/test_data/b64pickle-float-1.0=True]
(P) /home/travis/build/smarie/python-parsyfiles/parsyfiles/tests/combining_parsers_converters/test_data/b64pickle-float-1.0=True.txt -&gt; bool ------- using $&lt;read_str_from_txt&gt; =&gt; &lt;base64_ascii_str_pickle_to_object&gt; -&gt; &lt;float_to_bool&gt;$
(P)                                                                                                  |--b64pickle-float-1.0=True.txt -&gt; bool SUCCESS !
Completed parsing successfully

**** Starting to parse single object of type &lt;bool&gt; at location /home/travis/build/smarie/python-parsyfiles/parsyfiles/tests/combining_parsers_converters/test_data/b64pickle-float-1.0=True ****
Checking all files under [/home/travis/build/smarie/python-parsyfiles/parsyfiles/tests/combining_parsers_converters/test_data/b64pickle-float-1.0=True]
(C) /home/travis/build/smarie/python-parsyfiles/parsyfiles/tests/combining_parsers_converters/test_data/b64pickle-float-1.0=True (singlefile, .txt)
File checks done

Building a parsing plan to parse [/home/travis/build/smarie/python-parsyfiles/parsyfiles/tests/combining_parsers_converters/test_data/b64pickle-float-1.0=True] into a bool
(B) /home/travis/build/smarie/python-parsyfiles/parsyfiles/tests/combining_parsers_converters/test_data/b64pickle-float-1.0=True.txt -&gt; bool ------- using [Try &apos;$&lt;read_str_from_txt&gt; =&gt; &lt;str_to_bool&gt;$&apos; then &apos;$&lt;read_str_from_txt&gt; =&gt; &lt;base64_ascii_str_pickle_to_object&gt; -&gt; &lt;float_to_bool&gt;$&apos; then &apos;$&lt;read_str_from_txt&gt; =&gt; &lt;base64_ascii_str_pickle_to_object&gt; -&gt; &lt;int_to_bool&gt;$&apos; then &apos;$&lt;read_str_from_txt&gt; =&gt; &lt;base64_ascii_str_pickle_to_object&gt; -&gt; &lt;str_to_bool&gt;$&apos; then &apos;$&lt;read_str_from_txt&gt; =&gt; &lt;base64_ascii_str_pickle_to_object&gt;$]&apos;]
(B)                                                                                                  |--b64pickle-float-1.0=True.txt -&gt; bool ------- using $&lt;read_str_from_txt&gt; =&gt; &lt;str_to_bool&gt;$
Parsing Plan created successfully

Executing Parsing Plan for [/home/travis/build/smarie/python-parsyfiles/parsyfiles/tests/combining_parsers_converters/test_data/b64pickle-float-1.0=True]
(P) /home/travis/build/smarie/python-parsyfiles/parsyfiles/tests/combining_parsers_converters/test_data/b64pickle-float-1.0=True.txt -&gt; bool ------- using $&lt;read_str_from_txt&gt; =&gt; &lt;str_to_bool&gt;$
  !! Caught error during execution !!
  File &quot;/home/travis/build/smarie/python-parsyfiles/parsyfiles/converting_core.py&quot;, line 524, in _convert
    return self.conversion_method(desired_type, source_obj, logger, **opts)
  File &quot;/home/travis/build/smarie/python-parsyfiles/parsyfiles/plugins_base/support_for_primitive_types.py&quot;, line 84, in primitive_to_bool
    return bool(strtobool(source))
  File &quot;/opt/python/3.5.5/lib/python3.5/distutils/util.py&quot;, line 317, in strtobool
    raise ValueError(&quot;invalid truth value %r&quot; % (val,))
  ValueError : invalid truth value &apos;ganhp/aaaaaaaaau&apos;
(B)                                                                                                  |--b64pickle-float-1.0=True.txt -&gt; bool ------- using $&lt;read_str_from_txt&gt; =&gt; &lt;base64_ascii_str_pickle_to_object&gt; -&gt; &lt;float_to_bool&gt;$
Executing Parsing Plan for [/home/travis/build/smarie/python-parsyfiles/parsyfiles/tests/combining_parsers_converters/test_data/b64pickle-float-1.0=True]
(P) /home/travis/build/smarie/python-parsyfiles/parsyfiles/tests/combining_parsers_converters/test_data/b64pickle-float-1.0=True.txt -&gt; bool ------- using $&lt;read_str_from_txt&gt; =&gt; &lt;base64_ascii_str_pickle_to_object&gt; -&gt; &lt;float_to_bool&gt;$
(P)                                                                                                  |--b64pickle-float-1.0=True.txt -&gt; bool SUCCESS !
Completed parsing successfully

**** Starting to parse single object of type &lt;bool&gt; at location /home/travis/build/smarie/python-parsyfiles/parsyfiles/tests/combining_parsers_converters/test_data/b64pickle-float-1.0=True ****
Checking all files under [/home/travis/build/smarie/python-parsyfiles/parsyfiles/tests/combining_parsers_converters/test_data/b64pickle-float-1.0=True]
(C) /home/travis/build/smarie/python-parsyfiles/parsyfiles/tests/combining_parsers_converters/test_data/b64pickle-float-1.0=True (singlefile, .txt)
File checks done

Building a parsing plan to parse [/home/travis/build/smarie/python-parsyfiles/parsyfiles/tests/combining_parsers_converters/test_data/b64pickle-float-1.0=True] into a bool
(B) /home/travis/build/smarie/python-parsyfiles/parsyfiles/tests/combining_parsers_converters/test_data/b64pickle-float-1.0=True.txt -&gt; bool ------- using [Try &apos;$&lt;read_str_from_txt&gt; =&gt; &lt;str_to_bool&gt;$&apos; then &apos;$&lt;read_str_from_txt&gt; =&gt; &lt;base64_ascii_str_pickle_to_object&gt; -&gt; &lt;float_to_bool&gt;$&apos; then &apos;$&lt;read_str_from_txt&gt; =&gt; &lt;base64_ascii_str_pickle_to_object&gt; -&gt; &lt;int_to_bool&gt;$&apos; then &apos;$&lt;read_str_from_txt&gt; =&gt; &lt;base64_ascii_str_pickle_to_object&gt; -&gt; &lt;str_to_bool&gt;$&apos; then &apos;$&lt;read_str_from_txt&gt; =&gt; &lt;base64_ascii_str_pickle_to_object&gt;$]&apos;]
(B)                                                                                                  |--b64pickle-float-1.0=True.txt -&gt; bool ------- using $&lt;read_str_from_txt&gt; =&gt; &lt;str_to_bool&gt;$
Parsing Plan created successfully

Executing Parsing Plan for [/home/travis/build/smarie/python-parsyfiles/parsyfiles/tests/combining_parsers_converters/test_data/b64pickle-float-1.0=True]
(P) /home/travis/build/smarie/python-parsyfiles/parsyfiles/tests/combining_parsers_converters/test_data/b64pickle-float-1.0=True.txt -&gt; bool ------- using $&lt;read_str_from_txt&gt; =&gt; &lt;str_to_bool&gt;$
  !! Caught error during execution !!
  File &quot;/home/travis/build/smarie/python-parsyfiles/parsyfiles/converting_core.py&quot;, line 524, in _convert
    return self.conversion_method(desired_type, source_obj, logger, **opts)
  File &quot;/home/travis/build/smarie/python-parsyfiles/parsyfiles/plugins_base/support_for_primitive_types.py&quot;, line 84, in primitive_to_bool
    return bool(strtobool(source))
  File &quot;/opt/python/3.5.5/lib/python3.5/distutils/util.py&quot;, line 317, in strtobool
    raise ValueError(&quot;invalid truth value %r&quot; % (val,))
  ValueError : invalid truth value &apos;ganhp/aaaaaaaaau&apos;
(B)                                                                                                  |--b64pickle-float-1.0=True.txt -&gt; bool ------- using $&lt;read_str_from_txt&gt; =&gt; &lt;base64_ascii_str_pickle_to_object&gt; -&gt; &lt;float_to_bool&gt;$
Executing Parsing Plan for [/home/travis/build/smarie/python-parsyfiles/parsyfiles/tests/combining_parsers_converters/test_data/b64pickle-float-1.0=True]
(P) /home/travis/build/smarie/python-parsyfiles/parsyfiles/tests/combining_parsers_converters/test_data/b64pickle-float-1.0=True.txt -&gt; bool ------- using $&lt;read_str_from_txt&gt; =&gt; &lt;base64_ascii_str_pickle_to_object&gt; -&gt; &lt;float_to_bool&gt;$
(P)                                                                                                  |--b64pickle-float-1.0=True.txt -&gt; bool SUCCESS !
Completed parsing successfully

**** Starting to parse single object of type &lt;bool&gt; at location /home/travis/build/smarie/python-parsyfiles/parsyfiles/tests/combining_parsers_converters/test_data/b64pickle-float-1.0=True ****
Checking all files under [/home/travis/build/smarie/python-parsyfiles/parsyfiles/tests/combining_parsers_converters/test_data/b64pickle-float-1.0=True]
(C) /home/travis/build/smarie/python-parsyfiles/parsyfiles/tests/combining_parsers_converters/test_data/b64pickle-float-1.0=True (singlefile, .txt)
File checks done

Building a parsing plan to parse [/home/travis/build/smarie/python-parsyfiles/parsyfiles/tests/combining_parsers_converters/test_data/b64pickle-float-1.0=True] into a bool
(B) /home/travis/build/smarie/python-parsyfiles/parsyfiles/tests/combining_parsers_converters/test_data/b64pickle-float-1.0=True.txt -&gt; bool ------- using [Try &apos;$&lt;read_str_from_txt&gt; =&gt; &lt;str_to_bool&gt;$&apos; then &apos;$&lt;read_str_from_txt&gt; =&gt; &lt;base64_ascii_str_pickle_to_object&gt; -&gt; &lt;float_to_bool&gt;$&apos; then &apos;$&lt;read_str_from_txt&gt; =&gt; &lt;base64_ascii_str_pickle_to_object&gt; -&gt; &lt;int_to_bool&gt;$&apos; then &apos;$&lt;read_str_from_txt&gt; =&gt; &lt;base64_ascii_str_pickle_to_object&gt; -&gt; &lt;str_to_bool&gt;$&apos; then &apos;$&lt;read_str_from_txt&gt; =&gt; &lt;base64_ascii_str_pickle_to_object&gt;$]&apos;]
(B)                                                                                                  |--b64pickle-float-1.0=True.txt -&gt; bool ------- using $&lt;read_str_from_txt&gt; =&gt; &lt;str_to_bool&gt;$
Parsing Plan created successfully

Executing Parsing Plan for [/home/travis/build/smarie/python-parsyfiles/parsyfiles/tests/combining_parsers_converters/test_data/b64pickle-float-1.0=True]
(P) /home/travis/build/smarie/python-parsyfiles/parsyfiles/tests/combining_parsers_converters/test_data/b64pickle-float-1.0=True.txt -&gt; bool ------- using $&lt;read_str_from_txt&gt; =&gt; &lt;str_to_bool&gt;$
  !! Caught error during execution !!
  File &quot;/home/travis/build/smarie/python-parsyfiles/parsyfiles/converting_core.py&quot;, line 524, in _convert
    return self.conversion_method(desired_type, source_obj, logger, **opts)
  File &quot;/home/travis/build/smarie/python-parsyfiles/parsyfiles/plugins_base/support_for_primitive_types.py&quot;, line 84, in primitive_to_bool
    return bool(strtobool(source))
  File &quot;/opt/python/3.5.5/lib/python3.5/distutils/util.py&quot;, line 317, in strtobool
    raise ValueError(&quot;invalid truth value %r&quot; % (val,))
  ValueError : invalid truth value &apos;ganhp/aaaaaaaaau&apos;
(B)                                                                                                  |--b64pickle-float-1.0=True.txt -&gt; bool ------- using $&lt;read_str_from_txt&gt; =&gt; &lt;base64_ascii_str_pickle_to_object&gt; -&gt; &lt;float_to_bool&gt;$
Executing Parsing Plan for [/home/travis/build/smarie/python-parsyfiles/parsyfiles/tests/combining_parsers_converters/test_data/b64pickle-float-1.0=True]
(P) /home/travis/build/smarie/python-parsyfiles/parsyfiles/tests/combining_parsers_converters/test_data/b64pickle-float-1.0=True.txt -&gt; bool ------- using $&lt;read_str_from_txt&gt; =&gt; &lt;base64_ascii_str_pickle_to_object&gt; -&gt; &lt;float_to_bool&gt;$
(P)                                                                                                  |--b64pickle-float-1.0=True.txt -&gt; bool SUCCESS !
Completed parsing successfully

**** Starting to parse single object of type &lt;bool&gt; at location /home/travis/build/smarie/python-parsyfiles/parsyfiles/tests/combining_parsers_converters/test_data/b64pickle-float-1.0=True ****
Checking all files under [/home/travis/build/smarie/python-parsyfiles/parsyfiles/tests/combining_parsers_converters/test_data/b64pickle-float-1.0=True]
(C) /home/travis/build/smarie/python-parsyfiles/parsyfiles/tests/combining_parsers_converters/test_data/b64pickle-float-1.0=True (singlefile, .txt)
File checks done

Building a parsing plan to parse [/home/travis/build/smarie/python-parsyfiles/parsyfiles/tests/combining_parsers_converters/test_data/b64pickle-float-1.0=True] into a bool
(B) /home/travis/build/smarie/python-parsyfiles/parsyfiles/tests/combining_parsers_converters/test_data/b64pickle-float-1.0=True.txt -&gt; bool ------- using [Try &apos;$&lt;read_str_from_txt&gt; =&gt; &lt;str_to_bool&gt;$&apos; then &apos;$&lt;read_str_from_txt&gt; =&gt; &lt;base64_ascii_str_pickle_to_object&gt; -&gt; &lt;float_to_bool&gt;$&apos; then &apos;$&lt;read_str_from_txt&gt; =&gt; &lt;base64_ascii_str_pickle_to_object&gt; -&gt; &lt;int_to_bool&gt;$&apos; then &apos;$&lt;read_str_from_txt&gt; =&gt; &lt;base64_ascii_str_pickle_to_object&gt; -&gt; &lt;str_to_bool&gt;$&apos; then &apos;$&lt;read_str_from_txt&gt; =&gt; &lt;base64_ascii_str_pickle_to_object&gt;$]&apos;]
(B)                                                                                                  |--b64pickle-float-1.0=True.txt -&gt; bool ------- using $&lt;read_str_from_txt&gt; =&gt; &lt;str_to_bool&gt;$
Parsing Plan created successfully

Executing Parsing Plan for [/home/travis/build/smarie/python-parsyfiles/parsyfiles/tests/combining_parsers_converters/test_data/b64pickle-float-1.0=True]
(P) /home/travis/build/smarie/python-parsyfiles/parsyfiles/tests/combining_parsers_converters/test_data/b64pickle-float-1.0=True.txt -&gt; bool ------- using $&lt;read_str_from_txt&gt; =&gt; &lt;str_to_bool&gt;$
  !! Caught error during execution !!
  File &quot;/home/travis/build/smarie/python-parsyfiles/parsyfiles/converting_core.py&quot;, line 524, in _convert
    return self.conversion_method(desired_type, source_obj, logger, **opts)
  File &quot;/home/travis/build/smarie/python-parsyfiles/parsyfiles/plugins_base/support_for_primitive_types.py&quot;, line 84, in primitive_to_bool
    return bool(strtobool(source))
  File &quot;/opt/python/3.5.5/lib/python3.5/distutils/util.py&quot;, line 317, in strtobool
    raise ValueError(&quot;invalid truth value %r&quot; % (val,))
  ValueError : invalid truth value &apos;ganhp/aaaaaaaaau&apos;
(B)                                                                                                  |--b64pickle-float-1.0=True.txt -&gt; bool ------- using $&lt;read_str_from_txt&gt; =&gt; &lt;base64_ascii_str_pickle_to_object&gt; -&gt; &lt;float_to_bool&gt;$
Executing Parsing Plan for [/home/travis/build/smarie/python-parsyfiles/parsyfiles/tests/combining_parsers_converters/test_data/b64pickle-float-1.0=True]
(P) /home/travis/build/smarie/python-parsyfiles/parsyfiles/tests/combining_parsers_converters/test_data/b64pickle-float-1.0=True.txt -&gt; bool ------- using $&lt;read_str_from_txt&gt; =&gt; &lt;base64_ascii_str_pickle_to_object&gt; -&gt; &lt;float_to_bool&gt;$
(P)                                                                                                  |--b64pickle-float-1.0=True.txt -&gt; bool SUCCESS !
Completed parsing successfully

**** Starting to parse single object of type &lt;bool&gt; at location /home/travis/build/smarie/python-parsyfiles/parsyfiles/tests/combining_parsers_converters/test_data/b64pickle-float-1.0=True ****
Checking all files under [/home/travis/build/smarie/python-parsyfiles/parsyfiles/tests/combining_parsers_converters/test_data/b64pickle-float-1.0=True]
(C) /home/travis/build/smarie/python-parsyfiles/parsyfiles/tests/combining_parsers_converters/test_data/b64pickle-float-1.0=True (singlefile, .txt)
File checks done

Building a parsing plan to parse [/home/travis/build/smarie/python-parsyfiles/parsyfiles/tests/combining_parsers_converters/test_data/b64pickle-float-1.0=True] into a bool
(B) /home/travis/build/smarie/python-parsyfiles/parsyfiles/tests/combining_parsers_converters/test_data/b64pickle-float-1.0=True.txt -&gt; bool ------- using [Try &apos;$&lt;read_str_from_txt&gt; =&gt; &lt;str_to_bool&gt;$&apos; then &apos;$&lt;read_str_from_txt&gt; =&gt; &lt;base64_ascii_str_pickle_to_object&gt; -&gt; &lt;float_to_bool&gt;$&apos; then &apos;$&lt;read_str_from_txt&gt; =&gt; &lt;base64_ascii_str_pickle_to_object&gt; -&gt; &lt;int_to_bool&gt;$&apos; then &apos;$&lt;read_str_from_txt&gt; =&gt; &lt;base64_ascii_str_pickle_to_object&gt; -&gt; &lt;str_to_bool&gt;$&apos; then &apos;$&lt;read_str_from_txt&gt; =&gt; &lt;base64_ascii_str_pickle_to_object&gt;$]&apos;]
(B)                                                                                                  |--b64pickle-float-1.0=True.txt -&gt; bool ------- using $&lt;read_str_from_txt&gt; =&gt; &lt;str_to_bool&gt;$
Parsing Plan created successfully

Executing Parsing Plan for [/home/travis/build/smarie/python-parsyfiles/parsyfiles/tests/combining_parsers_converters/test_data/b64pickle-float-1.0=True]
(P) /home/travis/build/smarie/python-parsyfiles/parsyfiles/tests/combining_parsers_converters/test_data/b64pickle-float-1.0=True.txt -&gt; bool ------- using $&lt;read_str_from_txt&gt; =&gt; &lt;str_to_bool&gt;$
  !! Caught error during execution !!
  File &quot;/home/travis/build/smarie/python-parsyfiles/parsyfiles/converting_core.py&quot;, line 524, in _convert
    return self.conversion_method(desired_type, source_obj, logger, **opts)
  File &quot;/home/travis/build/smarie/python-parsyfiles/parsyfiles/plugins_base/support_for_primitive_types.py&quot;, line 84, in primitive_to_bool
    return bool(strtobool(source))
  File &quot;/opt/python/3.5.5/lib/python3.5/distutils/util.py&quot;, line 317, in strtobool
    raise ValueError(&quot;invalid truth value %r&quot; % (val,))
  ValueError : invalid truth value &apos;ganhp/aaaaaaaaau&apos;
(B)                                                                                                  |--b64pickle-float-1.0=True.txt -&gt; bool ------- using $&lt;read_str_from_txt&gt; =&gt; &lt;base64_ascii_str_pickle_to_object&gt; -&gt; &lt;float_to_bool&gt;$
Executing Parsing Plan for [/home/travis/build/smarie/python-parsyfiles/parsyfiles/tests/combining_parsers_converters/test_data/b64pickle-float-1.0=True]
(P) /home/travis/build/smarie/python-parsyfiles/parsyfiles/tests/combining_parsers_converters/test_data/b64pickle-float-1.0=True.txt -&gt; bool ------- using $&lt;read_str_from_txt&gt; =&gt; &lt;base64_ascii_str_pickle_to_object&gt; -&gt; &lt;float_to_bool&gt;$
(P)                                                                                                  |--b64pickle-float-1.0=True.txt -&gt; bool SUCCESS !
Completed parsing successfully

**** Starting to parse single object of type &lt;bool&gt; at location /home/travis/build/smarie/python-parsyfiles/parsyfiles/tests/combining_parsers_converters/test_data/b64pickle-float-1.0=True ****
Checking all files under [/home/travis/build/smarie/python-parsyfiles/parsyfiles/tests/combining_parsers_converters/test_data/b64pickle-float-1.0=True]
(C) /home/travis/build/smarie/python-parsyfiles/parsyfiles/tests/combining_parsers_converters/test_data/b64pickle-float-1.0=True (singlefile, .txt)
File checks done

Building a parsing plan to parse [/home/travis/build/smarie/python-parsyfiles/parsyfiles/tests/combining_parsers_converters/test_data/b64pickle-float-1.0=True] into a bool
(B) /home/travis/build/smarie/python-parsyfiles/parsyfiles/tests/combining_parsers_converters/test_data/b64pickle-float-1.0=True.txt -&gt; bool ------- using [Try &apos;$&lt;read_str_from_txt&gt; =&gt; &lt;str_to_bool&gt;$&apos; then &apos;$&lt;read_str_from_txt&gt; =&gt; &lt;base64_ascii_str_pickle_to_object&gt; -&gt; &lt;float_to_bool&gt;$&apos; then &apos;$&lt;read_str_from_txt&gt; =&gt; &lt;base64_ascii_str_pickle_to_object&gt; -&gt; &lt;int_to_bool&gt;$&apos; then &apos;$&lt;read_str_from_txt&gt; =&gt; &lt;base64_ascii_str_pickle_to_object&gt; -&gt; &lt;str_to_bool&gt;$&apos; then &apos;$&lt;read_str_from_txt&gt; =&gt; &lt;base64_ascii_str_pickle_to_object&gt;$]&apos;]
(B)                                                                                                  |--b64pickle-float-1.0=True.txt -&gt; bool ------- using $&lt;read_str_from_txt&gt; =&gt; &lt;str_to_bool&gt;$
Parsing Plan created successfully

Executing Parsing Plan for [/home/travis/build/smarie/python-parsyfiles/parsyfiles/tests/combining_parsers_converters/test_data/b64pickle-float-1.0=True]
(P) /home/travis/build/smarie/python-parsyfiles/parsyfiles/tests/combining_parsers_converters/test_data/b64pickle-float-1.0=True.txt -&gt; bool ------- using $&lt;read_str_from_txt&gt; =&gt; &lt;str_to_bool&gt;$
  !! Caught error during execution !!
  File &quot;/home/travis/build/smarie/python-parsyfiles/parsyfiles/converting_core.py&quot;, line 524, in _convert
    return self.conversion_method(desired_type, source_obj, logger, **opts)
  File &quot;/home/travis/build/smarie/python-parsyfiles/parsyfiles/plugins_base/support_for_primitive_types.py&quot;, line 84, in primitive_to_bool
    return bool(strtobool(source))
  File &quot;/opt/python/3.5.5/lib/python3.5/distutils/util.py&quot;, line 317, in strtobool
    raise ValueError(&quot;invalid truth value %r&quot; % (val,))
  ValueError : invalid truth value &apos;ganhp/aaaaaaaaau&apos;
(B)                                                                                                  |--b64pickle-float-1.0=True.txt -&gt; bool ------- using $&lt;read_str_from_txt&gt; =&gt; &lt;base64_ascii_str_pickle_to_object&gt; -&gt; &lt;float_to_bool&gt;$
Executing Parsing Plan for [/home/travis/build/smarie/python-parsyfiles/parsyfiles/tests/combining_parsers_converters/test_data/b64pickle-float-1.0=True]
(P) /home/travis/build/smarie/python-parsyfiles/parsyfiles/tests/combining_parsers_converters/test_data/b64pickle-float-1.0=True.txt -&gt; bool ------- using $&lt;read_str_from_txt&gt; =&gt; &lt;base64_ascii_str_pickle_to_object&gt; -&gt; &lt;float_to_bool&gt;$
(P)                                                                                                  |--b64pickle-float-1.0=True.txt -&gt; bool SUCCESS !
Completed parsing successfully

**** Starting to parse single object of type &lt;bool&gt; at location /home/travis/build/smarie/python-parsyfiles/parsyfiles/tests/combining_parsers_converters/test_data/b64pickle-float-1.0=True ****
Checking all files under [/home/travis/build/smarie/python-parsyfiles/parsyfiles/tests/combining_parsers_converters/test_data/b64pickle-float-1.0=True]
(C) /home/travis/build/smarie/python-parsyfiles/parsyfiles/tests/combining_parsers_converters/test_data/b64pickle-float-1.0=True (singlefile, .txt)
File checks done

Building a parsing plan to parse [/home/travis/build/smarie/python-parsyfiles/parsyfiles/tests/combining_parsers_converters/test_data/b64pickle-float-1.0=True] into a bool
(B) /home/travis/build/smarie/python-parsyfiles/parsyfiles/tests/combining_parsers_converters/test_data/b64pickle-float-1.0=True.txt -&gt; bool ------- using [Try &apos;$&lt;read_str_from_txt&gt; =&gt; &lt;str_to_bool&gt;$&apos; then &apos;$&lt;read_str_from_txt&gt; =&gt; &lt;base64_ascii_str_pickle_to_object&gt; -&gt; &lt;float_to_bool&gt;$&apos; then &apos;$&lt;read_str_from_txt&gt; =&gt; &lt;base64_ascii_str_pickle_to_object&gt; -&gt; &lt;int_to_bool&gt;$&apos; then &apos;$&lt;read_str_from_txt&gt; =&gt; &lt;base64_ascii_str_pickle_to_object&gt; -&gt; &lt;str_to_bool&gt;$&apos; then &apos;$&lt;read_str_from_txt&gt; =&gt; &lt;base64_ascii_str_pickle_to_object&gt;$]&apos;]
(B)                                                                                                  |--b64pickle-float-1.0=True.txt -&gt; bool ------- using $&lt;read_str_from_txt&gt; =&gt; &lt;str_to_bool&gt;$
Parsing Plan created successfully

Executing Parsing Plan for [/home/travis/build/smarie/python-parsyfiles/parsyfiles/tests/combining_parsers_converters/test_data/b64pickle-float-1.0=True]
(P) /home/travis/build/smarie/python-parsyfiles/parsyfiles/tests/combining_parsers_converters/test_data/b64pickle-float-1.0=True.txt -&gt; bool ------- using $&lt;read_str_from_txt&gt; =&gt; &lt;str_to_bool&gt;$
  !! Caught error during execution !!
  File &quot;/home/travis/build/smarie/python-parsyfiles/parsyfiles/converting_core.py&quot;, line 524, in _convert
    return self.conversion_method(desired_type, source_obj, logger, **opts)
  File &quot;/home/travis/build/smarie/python-parsyfiles/parsyfiles/plugins_base/support_for_primitive_types.py&quot;, line 84, in primitive_to_bool
    return bool(strtobool(source))
  File &quot;/opt/python/3.5.5/lib/python3.5/distutils/util.py&quot;, line 317, in strtobool
    raise ValueError(&quot;invalid truth value %r&quot; % (val,))
  ValueError : invalid truth value &apos;ganhp/aaaaaaaaau&apos;
(B)                                                                                                  |--b64pickle-float-1.0=True.txt -&gt; bool ------- using $&lt;read_str_from_txt&gt; =&gt; &lt;base64_ascii_str_pickle_to_object&gt; -&gt; &lt;float_to_bool&gt;$
Executing Parsing Plan for [/home/travis/build/smarie/python-parsyfiles/parsyfiles/tests/combining_parsers_converters/test_data/b64pickle-float-1.0=True]
(P) /home/travis/build/smarie/python-parsyfiles/parsyfiles/tests/combining_parsers_converters/test_data/b64pickle-float-1.0=True.txt -&gt; bool ------- using $&lt;read_str_from_txt&gt; =&gt; &lt;base64_ascii_str_pickle_to_object&gt; -&gt; &lt;float_to_bool&gt;$
(P)                                                                                                  |--b64pickle-float-1.0=True.txt -&gt; bool SUCCESS !
Completed parsing successfully

**** Starting to parse single object of type &lt;bool&gt; at location /home/travis/build/smarie/python-parsyfiles/parsyfiles/tests/combining_parsers_converters/test_data/b64pickle-float-1.0=True ****
Checking all files under [/home/travis/build/smarie/python-parsyfiles/parsyfiles/tests/combining_parsers_converters/test_data/b64pickle-float-1.0=True]
(C) /home/travis/build/smarie/python-parsyfiles/parsyfiles/tests/combining_parsers_converters/test_data/b64pickle-float-1.0=True (singlefile, .txt)
File checks done

Building a parsing plan to parse [/home/travis/build/smarie/python-parsyfiles/parsyfiles/tests/combining_parsers_converters/test_data/b64pickle-float-1.0=True] into a bool
(B) /home/travis/build/smarie/python-parsyfiles/parsyfiles/tests/combining_parsers_converters/test_data/b64pickle-float-1.0=True.txt -&gt; bool ------- using [Try &apos;$&lt;read_str_from_txt&gt; =&gt; &lt;str_to_bool&gt;$&apos; then &apos;$&lt;read_str_from_txt&gt; =&gt; &lt;base64_ascii_str_pickle_to_object&gt; -&gt; &lt;float_to_bool&gt;$&apos; then &apos;$&lt;read_str_from_txt&gt; =&gt; &lt;base64_ascii_str_pickle_to_object&gt; -&gt; &lt;int_to_bool&gt;$&apos; then &apos;$&lt;read_str_from_txt&gt; =&gt; &lt;base64_ascii_str_pickle_to_object&gt; -&gt; &lt;str_to_bool&gt;$&apos; then &apos;$&lt;read_str_from_txt&gt; =&gt; &lt;base64_ascii_str_pickle_to_object&gt;$]&apos;]
(B)                                                                                                  |--b64pickle-float-1.0=True.txt -&gt; bool ------- using $&lt;read_str_from_txt&gt; =&gt; &lt;str_to_bool&gt;$
Parsing Plan created successfully

Executing Parsing Plan for [/home/travis/build/smarie/python-parsyfiles/parsyfiles/tests/combining_parsers_converters/test_data/b64pickle-float-1.0=True]
(P) /home/travis/build/smarie/python-parsyfiles/parsyfiles/tests/combining_parsers_converters/test_data/b64pickle-float-1.0=True.txt -&gt; bool ------- using $&lt;read_str_from_txt&gt; =&gt; &lt;str_to_bool&gt;$
  !! Caught error during execution !!
  File &quot;/home/travis/build/smarie/python-parsyfiles/parsyfiles/converting_core.py&quot;, line 524, in _convert
    return self.conversion_method(desired_type, source_obj, logger, **opts)
  File &quot;/home/travis/build/smarie/python-parsyfiles/parsyfiles/plugins_base/support_for_primitive_types.py&quot;, line 84, in primitive_to_bool
    return bool(strtobool(source))
  File &quot;/opt/python/3.5.5/lib/python3.5/distutils/util.py&quot;, line 317, in strtobool
    raise ValueError(&quot;invalid truth value %r&quot; % (val,))
  ValueError : invalid truth value &apos;ganhp/aaaaaaaaau&apos;
(B)                                                                                                  |--b64pickle-float-1.0=True.txt -&gt; bool ------- using $&lt;read_str_from_txt&gt; =&gt; &lt;base64_ascii_str_pickle_to_object&gt; -&gt; &lt;float_to_bool&gt;$
Executing Parsing Plan for [/home/travis/build/smarie/python-parsyfiles/parsyfiles/tests/combining_parsers_converters/test_data/b64pickle-float-1.0=True]
(P) /home/travis/build/smarie/python-parsyfiles/parsyfiles/tests/combining_parsers_converters/test_data/b64pickle-float-1.0=True.txt -&gt; bool ------- using $&lt;read_str_from_txt&gt; =&gt; &lt;base64_ascii_str_pickle_to_object&gt; -&gt; &lt;float_to_bool&gt;$
(P)                                                                                                  |--b64pickle-float-1.0=True.txt -&gt; bool SUCCESS !
Completed parsing successfully

**** Starting to parse single object of type &lt;bool&gt; at location /home/travis/build/smarie/python-parsyfiles/parsyfiles/tests/combining_parsers_converters/test_data/b64pickle-float-1.0=True ****
Checking all files under [/home/travis/build/smarie/python-parsyfiles/parsyfiles/tests/combining_parsers_converters/test_data/b64pickle-float-1.0=True]
(C) /home/travis/build/smarie/python-parsyfiles/parsyfiles/tests/combining_parsers_converters/test_data/b64pickle-float-1.0=True (singlefile, .txt)
File checks done

Building a parsing plan to parse [/home/travis/build/smarie/python-parsyfiles/parsyfiles/tests/combining_parsers_converters/test_data/b64pickle-float-1.0=True] into a bool
(B) /home/travis/build/smarie/python-parsyfiles/parsyfiles/tests/combining_parsers_converters/test_data/b64pickle-float-1.0=True.txt -&gt; bool ------- using [Try &apos;$&lt;read_str_from_txt&gt; =&gt; &lt;str_to_bool&gt;$&apos; then &apos;$&lt;read_str_from_txt&gt; =&gt; &lt;base64_ascii_str_pickle_to_object&gt; -&gt; &lt;float_to_bool&gt;$&apos; then &apos;$&lt;read_str_from_txt&gt; =&gt; &lt;base64_ascii_str_pickle_to_object&gt; -&gt; &lt;int_to_bool&gt;$&apos; then &apos;$&lt;read_str_from_txt&gt; =&gt; &lt;base64_ascii_str_pickle_to_object&gt; -&gt; &lt;str_to_bool&gt;$&apos; then &apos;$&lt;read_str_from_txt&gt; =&gt; &lt;base64_ascii_str_pickle_to_object&gt;$]&apos;]
(B)                                                                                                  |--b64pickle-float-1.0=True.txt -&gt; bool ------- using $&lt;read_str_from_txt&gt; =&gt; &lt;str_to_bool&gt;$
Parsing Plan created successfully

Executing Parsing Plan for [/home/travis/build/smarie/python-parsyfiles/parsyfiles/tests/combining_parsers_converters/test_data/b64pickle-float-1.0=True]
(P) /home/travis/build/smarie/python-parsyfiles/parsyfiles/tests/combining_parsers_converters/test_data/b64pickle-float-1.0=True.txt -&gt; bool ------- using $&lt;read_str_from_txt&gt; =&gt; &lt;str_to_bool&gt;$
  !! Caught error during execution !!
  File &quot;/home/travis/build/smarie/python-parsyfiles/parsyfiles/converting_core.py&quot;, line 524, in _convert
    return self.conversion_method(desired_type, source_obj, logger, **opts)
  File &quot;/home/travis/build/smarie/python-parsyfiles/parsyfiles/plugins_base/support_for_primitive_types.py&quot;, line 84, in primitive_to_bool
    return bool(strtobool(source))
  File &quot;/opt/python/3.5.5/lib/python3.5/distutils/util.py&quot;, line 317, in strtobool
    raise ValueError(&quot;invalid truth value %r&quot; % (val,))
  ValueError : invalid truth value &apos;ganhp/aaaaaaaaau&apos;
(B)                                                                                                  |--b64pickle-float-1.0=True.txt -&gt; bool ------- using $&lt;read_str_from_txt&gt; =&gt; &lt;base64_ascii_str_pickle_to_object&gt; -&gt; &lt;float_to_bool&gt;$
Executing Parsing Plan for [/home/travis/build/smarie/python-parsyfiles/parsyfiles/tests/combining_parsers_converters/test_data/b64pickle-float-1.0=True]
(P) /home/travis/build/smarie/python-parsyfiles/parsyfiles/tests/combining_parsers_converters/test_data/b64pickle-float-1.0=True.txt -&gt; bool ------- using $&lt;read_str_from_txt&gt; =&gt; &lt;base64_ascii_str_pickle_to_object&gt; -&gt; &lt;float_to_bool&gt;$
(P)                                                                                                  |--b64pickle-float-1.0=True.txt -&gt; bool SUCCESS !
Completed parsing successfully

**** Starting to parse single object of type &lt;bool&gt; at location /home/travis/build/smarie/python-parsyfiles/parsyfiles/tests/combining_parsers_converters/test_data/b64pickle-float-1.0=True ****
Checking all files under [/home/travis/build/smarie/python-parsyfiles/parsyfiles/tests/combining_parsers_converters/test_data/b64pickle-float-1.0=True]
(C) /home/travis/build/smarie/python-parsyfiles/parsyfiles/tests/combining_parsers_converters/test_data/b64pickle-float-1.0=True (singlefile, .txt)
File checks done

Building a parsing plan to parse [/home/travis/build/smarie/python-parsyfiles/parsyfiles/tests/combining_parsers_converters/test_data/b64pickle-float-1.0=True] into a bool
(B) /home/travis/build/smarie/python-parsyfiles/parsyfiles/tests/combining_parsers_converters/test_data/b64pickle-float-1.0=True.txt -&gt; bool ------- using [Try &apos;$&lt;read_str_from_txt&gt; =&gt; &lt;str_to_bool&gt;$&apos; then &apos;$&lt;read_str_from_txt&gt; =&gt; &lt;base64_ascii_str_pickle_to_object&gt; -&gt; &lt;float_to_bool&gt;$&apos; then &apos;$&lt;read_str_from_txt&gt; =&gt; &lt;base64_ascii_str_pickle_to_object&gt; -&gt; &lt;int_to_bool&gt;$&apos; then &apos;$&lt;read_str_from_txt&gt; =&gt; &lt;base64_ascii_str_pickle_to_object&gt; -&gt; &lt;str_to_bool&gt;$&apos; then &apos;$&lt;read_str_from_txt&gt; =&gt; &lt;base64_ascii_str_pickle_to_object&gt;$]&apos;]
(B)                                                                                                  |--b64pickle-float-1.0=True.txt -&gt; bool ------- using $&lt;read_str_from_txt&gt; =&gt; &lt;str_to_bool&gt;$
Parsing Plan created successfully

Executing Parsing Plan for [/home/travis/build/smarie/python-parsyfiles/parsyfiles/tests/combining_parsers_converters/test_data/b64pickle-float-1.0=True]
(P) /home/travis/build/smarie/python-parsyfiles/parsyfiles/tests/combining_parsers_converters/test_data/b64pickle-float-1.0=True.txt -&gt; bool ------- using $&lt;read_str_from_txt&gt; =&gt; &lt;str_to_bool&gt;$
  !! Caught error during execution !!
  File &quot;/home/travis/build/smarie/python-parsyfiles/parsyfiles/converting_core.py&quot;, line 524, in _convert
    return self.conversion_method(desired_type, source_obj, logger, **opts)
  File &quot;/home/travis/build/smarie/python-parsyfiles/parsyfiles/plugins_base/support_for_primitive_types.py&quot;, line 84, in primitive_to_bool
    return bool(strtobool(source))
  File &quot;/opt/python/3.5.5/lib/python3.5/distutils/util.py&quot;, line 317, in strtobool
    raise ValueError(&quot;invalid truth value %r&quot; % (val,))
  ValueError : invalid truth value &apos;ganhp/aaaaaaaaau&apos;
(B)                                                                                                  |--b64pickle-float-1.0=True.txt -&gt; bool ------- using $&lt;read_str_from_txt&gt; =&gt; &lt;base64_ascii_str_pickle_to_object&gt; -&gt; &lt;float_to_bool&gt;$
Executing Parsing Plan for [/home/travis/build/smarie/python-parsyfiles/parsyfiles/tests/combining_parsers_converters/test_data/b64pickle-float-1.0=True]
(P) /home/travis/build/smarie/python-parsyfiles/parsyfiles/tests/combining_parsers_converters/test_data/b64pickle-float-1.0=True.txt -&gt; bool ------- using $&lt;read_str_from_txt&gt; =&gt; &lt;base64_ascii_str_pickle_to_object&gt; -&gt; &lt;float_to_bool&gt;$
(P)                                                                                                  |--b64pickle-float-1.0=True.txt -&gt; bool SUCCESS !
Completed parsing successfully

**** Starting to parse single object of type &lt;bool&gt; at location /home/travis/build/smarie/python-parsyfiles/parsyfiles/tests/combining_parsers_converters/test_data/b64pickle-float-1.0=True ****
Checking all files under [/home/travis/build/smarie/python-parsyfiles/parsyfiles/tests/combining_parsers_converters/test_data/b64pickle-float-1.0=True]
(C) /home/travis/build/smarie/python-parsyfiles/parsyfiles/tests/combining_parsers_converters/test_data/b64pickle-float-1.0=True (singlefile, .txt)
File checks done

Building a parsing plan to parse [/home/travis/build/smarie/python-parsyfiles/parsyfiles/tests/combining_parsers_converters/test_data/b64pickle-float-1.0=True] into a bool
(B) /home/travis/build/smarie/python-parsyfiles/parsyfiles/tests/combining_parsers_converters/test_data/b64pickle-float-1.0=True.txt -&gt; bool ------- using [Try &apos;$&lt;read_str_from_txt&gt; =&gt; &lt;str_to_bool&gt;$&apos; then &apos;$&lt;read_str_from_txt&gt; =&gt; &lt;base64_ascii_str_pickle_to_object&gt; -&gt; &lt;float_to_bool&gt;$&apos; then &apos;$&lt;read_str_from_txt&gt; =&gt; &lt;base64_ascii_str_pickle_to_object&gt; -&gt; &lt;int_to_bool&gt;$&apos; then &apos;$&lt;read_str_from_txt&gt; =&gt; &lt;base64_ascii_str_pickle_to_object&gt; -&gt; &lt;str_to_bool&gt;$&apos; then &apos;$&lt;read_str_from_txt&gt; =&gt; &lt;base64_ascii_str_pickle_to_object&gt;$]&apos;]
(B)                                                                                                  |--b64pickle-float-1.0=True.txt -&gt; bool ------- using $&lt;read_str_from_txt&gt; =&gt; &lt;str_to_bool&gt;$
Parsing Plan created successfully

Executing Parsing Plan for [/home/travis/build/smarie/python-parsyfiles/parsyfiles/tests/combining_parsers_converters/test_data/b64pickle-float-1.0=True]
(P) /home/travis/build/smarie/python-parsyfiles/parsyfiles/tests/combining_parsers_converters/test_data/b64pickle-float-1.0=True.txt -&gt; bool ------- using $&lt;read_str_from_txt&gt; =&gt; &lt;str_to_bool&gt;$
  !! Caught error during execution !!
  File &quot;/home/travis/build/smarie/python-parsyfiles/parsyfiles/converting_core.py&quot;, line 524, in _convert
    return self.conversion_method(desired_type, source_obj, logger, **opts)
  File &quot;/home/travis/build/smarie/python-parsyfiles/parsyfiles/plugins_base/support_for_primitive_types.py&quot;, line 84, in primitive_to_bool
    return bool(strtobool(source))
  File &quot;/opt/python/3.5.5/lib/python3.5/distutils/util.py&quot;, line 317, in strtobool
    raise ValueError(&quot;invalid truth value %r&quot; % (val,))
  ValueError : invalid truth value &apos;ganhp/aaaaaaaaau&apos;
(B)                                                                                                  |--b64pickle-float-1.0=True.txt -&gt; bool ------- using $&lt;read_str_from_txt&gt; =&gt; &lt;base64_ascii_str_pickle_to_object&gt; -&gt; &lt;float_to_bool&gt;$
Executing Parsing Plan for [/home/travis/build/smarie/python-parsyfiles/parsyfiles/tests/combining_parsers_converters/test_data/b64pickle-float-1.0=True]
(P) /home/travis/build/smarie/python-parsyfiles/parsyfiles/tests/combining_parsers_converters/test_data/b64pickle-float-1.0=True.txt -&gt; bool ------- using $&lt;read_str_from_txt&gt; =&gt; &lt;base64_ascii_str_pickle_to_object&gt; -&gt; &lt;float_to_bool&gt;$
(P)                                                                                                  |--b64pickle-float-1.0=True.txt -&gt; bool SUCCESS !
Completed parsing successfully

**** Starting to parse single object of type &lt;bool&gt; at location /home/travis/build/smarie/python-parsyfiles/parsyfiles/tests/combining_parsers_converters/test_data/b64pickle-float-1.0=True ****
Checking all files under [/home/travis/build/smarie/python-parsyfiles/parsyfiles/tests/combining_parsers_converters/test_data/b64pickle-float-1.0=True]
(C) /home/travis/build/smarie/python-parsyfiles/parsyfiles/tests/combining_parsers_converters/test_data/b64pickle-float-1.0=True (singlefile, .txt)
File checks done

Building a parsing plan to parse [/home/travis/build/smarie/python-parsyfiles/parsyfiles/tests/combining_parsers_converters/test_data/b64pickle-float-1.0=True] into a bool
(B) /home/travis/build/smarie/python-parsyfiles/parsyfiles/tests/combining_parsers_converters/test_data/b64pickle-float-1.0=True.txt -&gt; bool ------- using [Try &apos;$&lt;read_str_from_txt&gt; =&gt; &lt;str_to_bool&gt;$&apos; then &apos;$&lt;read_str_from_txt&gt; =&gt; &lt;base64_ascii_str_pickle_to_object&gt; -&gt; &lt;float_to_bool&gt;$&apos; then &apos;$&lt;read_str_from_txt&gt; =&gt; &lt;base64_ascii_str_pickle_to_object&gt; -&gt; &lt;int_to_bool&gt;$&apos; then &apos;$&lt;read_str_from_txt&gt; =&gt; &lt;base64_ascii_str_pickle_to_object&gt; -&gt; &lt;str_to_bool&gt;$&apos; then &apos;$&lt;read_str_from_txt&gt; =&gt; &lt;base64_ascii_str_pickle_to_object&gt;$]&apos;]
(B)                                                                                                  |--b64pickle-float-1.0=True.txt -&gt; bool ------- using $&lt;read_str_from_txt&gt; =&gt; &lt;str_to_bool&gt;$
Parsing Plan created successfully

Executing Parsing Plan for [/home/travis/build/smarie/python-parsyfiles/parsyfiles/tests/combining_parsers_converters/test_data/b64pickle-float-1.0=True]
(P) /home/travis/build/smarie/python-parsyfiles/parsyfiles/tests/combining_parsers_converters/test_data/b64pickle-float-1.0=True.txt -&gt; bool ------- using $&lt;read_str_from_txt&gt; =&gt; &lt;str_to_bool&gt;$
  !! Caught error during execution !!
  File &quot;/home/travis/build/smarie/python-parsyfiles/parsyfiles/converting_core.py&quot;, line 524, in _convert
    return self.conversion_method(desired_type, source_obj, logger, **opts)
  File &quot;/home/travis/build/smarie/python-parsyfiles/parsyfiles/plugins_base/support_for_primitive_types.py&quot;, line 84, in primitive_to_bool
    return bool(strtobool(source))
  File &quot;/opt/python/3.5.5/lib/python3.5/distutils/util.py&quot;, line 317, in strtobool
    raise ValueError(&quot;invalid truth value %r&quot; % (val,))
  ValueError : invalid truth value &apos;ganhp/aaaaaaaaau&apos;
(B)                                                                                                  |--b64pickle-float-1.0=True.txt -&gt; bool ------- using $&lt;read_str_from_txt&gt; =&gt; &lt;base64_ascii_str_pickle_to_object&gt; -&gt; &lt;float_to_bool&gt;$
Executing Parsing Plan for [/home/travis/build/smarie/python-parsyfiles/parsyfiles/tests/combining_parsers_converters/test_data/b64pickle-float-1.0=True]
(P) /home/travis/build/smarie/python-parsyfiles/parsyfiles/tests/combining_parsers_converters/test_data/b64pickle-float-1.0=True.txt -&gt; bool ------- using $&lt;read_str_from_txt&gt; =&gt; &lt;base64_ascii_str_pickle_to_object&gt; -&gt; &lt;float_to_bool&gt;$
(P)                                                                                                  |--b64pickle-float-1.0=True.txt -&gt; bool SUCCESS !
Completed parsing successfully

**** Starting to parse single object of type &lt;bool&gt; at location /home/travis/build/smarie/python-parsyfiles/parsyfiles/tests/combining_parsers_converters/test_data/b64pickle-float-1.0=True ****
Checking all files under [/home/travis/build/smarie/python-parsyfiles/parsyfiles/tests/combining_parsers_converters/test_data/b64pickle-float-1.0=True]
(C) /home/travis/build/smarie/python-parsyfiles/parsyfiles/tests/combining_parsers_converters/test_data/b64pickle-float-1.0=True (singlefile, .txt)
File checks done

Building a parsing plan to parse [/home/travis/build/smarie/python-parsyfiles/parsyfiles/tests/combining_parsers_converters/test_data/b64pickle-float-1.0=True] into a bool
(B) /home/travis/build/smarie/python-parsyfiles/parsyfiles/tests/combining_parsers_converters/test_data/b64pickle-float-1.0=True.txt -&gt; bool ------- using [Try &apos;$&lt;read_str_from_txt&gt; =&gt; &lt;str_to_bool&gt;$&apos; then &apos;$&lt;read_str_from_txt&gt; =&gt; &lt;base64_ascii_str_pickle_to_object&gt; -&gt; &lt;float_to_bool&gt;$&apos; then &apos;$&lt;read_str_from_txt&gt; =&gt; &lt;base64_ascii_str_pickle_to_object&gt; -&gt; &lt;int_to_bool&gt;$&apos; then &apos;$&lt;read_str_from_txt&gt; =&gt; &lt;base64_ascii_str_pickle_to_object&gt; -&gt; &lt;str_to_bool&gt;$&apos; then &apos;$&lt;read_str_from_txt&gt; =&gt; &lt;base64_ascii_str_pickle_to_object&gt;$]&apos;]
(B)                                                                                                  |--b64pickle-float-1.0=True.txt -&gt; bool ------- using $&lt;read_str_from_txt&gt; =&gt; &lt;str_to_bool&gt;$
Parsing Plan created successfully

Executing Parsing Plan for [/home/travis/build/smarie/python-parsyfiles/parsyfiles/tests/combining_parsers_converters/test_data/b64pickle-float-1.0=True]
(P) /home/travis/build/smarie/python-parsyfiles/parsyfiles/tests/combining_parsers_converters/test_data/b64pickle-float-1.0=True.txt -&gt; bool ------- using $&lt;read_str_from_txt&gt; =&gt; &lt;str_to_bool&gt;$
  !! Caught error during execution !!
  File &quot;/home/travis/build/smarie/python-parsyfiles/parsyfiles/converting_core.py&quot;, line 524, in _convert
    return self.conversion_method(desired_type, source_obj, logger, **opts)
  File &quot;/home/travis/build/smarie/python-parsyfiles/parsyfiles/plugins_base/support_for_primitive_types.py&quot;, line 84, in primitive_to_bool
    return bool(strtobool(source))
  File &quot;/opt/python/3.5.5/lib/python3.5/distutils/util.py&quot;, line 317, in strtobool
    raise ValueError(&quot;invalid truth value %r&quot; % (val,))
  ValueError : invalid truth value &apos;ganhp/aaaaaaaaau&apos;
(B)                                                                                                  |--b64pickle-float-1.0=True.txt -&gt; bool ------- using $&lt;read_str_from_txt&gt; =&gt; &lt;base64_ascii_str_pickle_to_object&gt; -&gt; &lt;float_to_bool&gt;$
Executing Parsing Plan for [/home/travis/build/smarie/python-parsyfiles/parsyfiles/tests/combining_parsers_converters/test_data/b64pickle-float-1.0=True]
(P) /home/travis/build/smarie/python-parsyfiles/parsyfiles/tests/combining_parsers_converters/test_data/b64pickle-float-1.0=True.txt -&gt; bool ------- using $&lt;read_str_from_txt&gt; =&gt; &lt;base64_ascii_str_pickle_to_object&gt; -&gt; &lt;float_to_bool&gt;$
(P)                                                                                                  |--b64pickle-float-1.0=True.txt -&gt; bool SUCCESS !
Completed parsing successfully

**** Starting to parse single object of type &lt;bool&gt; at location /home/travis/build/smarie/python-parsyfiles/parsyfiles/tests/combining_parsers_converters/test_data/b64pickle-float-1.0=True ****
Checking all files under [/home/travis/build/smarie/python-parsyfiles/parsyfiles/tests/combining_parsers_converters/test_data/b64pickle-float-1.0=True]
(C) /home/travis/build/smarie/python-parsyfiles/parsyfiles/tests/combining_parsers_converters/test_data/b64pickle-float-1.0=True (singlefile, .txt)
File checks done

Building a parsing plan to parse [/home/travis/build/smarie/python-parsyfiles/parsyfiles/tests/combining_parsers_converters/test_data/b64pickle-float-1.0=True] into a bool
(B) /home/travis/build/smarie/python-parsyfiles/parsyfiles/tests/combining_parsers_converters/test_data/b64pickle-float-1.0=True.txt -&gt; bool ------- using [Try &apos;$&lt;read_str_from_txt&gt; =&gt; &lt;str_to_bool&gt;$&apos; then &apos;$&lt;read_str_from_txt&gt; =&gt; &lt;base64_ascii_str_pickle_to_object&gt; -&gt; &lt;float_to_bool&gt;$&apos; then &apos;$&lt;read_str_from_txt&gt; =&gt; &lt;base64_ascii_str_pickle_to_object&gt; -&gt; &lt;int_to_bool&gt;$&apos; then &apos;$&lt;read_str_from_txt&gt; =&gt; &lt;base64_ascii_str_pickle_to_object&gt; -&gt; &lt;str_to_bool&gt;$&apos; then &apos;$&lt;read_str_from_txt&gt; =&gt; &lt;base64_ascii_str_pickle_to_object&gt;$]&apos;]
(B)                                                                                                  |--b64pickle-float-1.0=True.txt -&gt; bool ------- using $&lt;read_str_from_txt&gt; =&gt; &lt;str_to_bool&gt;$
Parsing Plan created successfully

Executing Parsing Plan for [/home/travis/build/smarie/python-parsyfiles/parsyfiles/tests/combining_parsers_converters/test_data/b64pickle-float-1.0=True]
(P) /home/travis/build/smarie/python-parsyfiles/parsyfiles/tests/combining_parsers_converters/test_data/b64pickle-float-1.0=True.txt -&gt; bool ------- using $&lt;read_str_from_txt&gt; =&gt; &lt;str_to_bool&gt;$
  !! Caught error during execution !!
  File &quot;/home/travis/build/smarie/python-parsyfiles/parsyfiles/converting_core.py&quot;, line 524, in _convert
    return self.conversion_method(desired_type, source_obj, logger, **opts)
  File &quot;/home/travis/build/smarie/python-parsyfiles/parsyfiles/plugins_base/support_for_primitive_types.py&quot;, line 84, in primitive_to_bool
    return bool(strtobool(source))
  File &quot;/opt/python/3.5.5/lib/python3.5/distutils/util.py&quot;, line 317, in strtobool
    raise ValueError(&quot;invalid truth value %r&quot; % (val,))
  ValueError : invalid truth value &apos;ganhp/aaaaaaaaau&apos;
(B)                                                                                                  |--b64pickle-float-1.0=True.txt -&gt; bool ------- using $&lt;read_str_from_txt&gt; =&gt; &lt;base64_ascii_str_pickle_to_object&gt; -&gt; &lt;float_to_bool&gt;$
Executing Parsing Plan for [/home/travis/build/smarie/python-parsyfiles/parsyfiles/tests/combining_parsers_converters/test_data/b64pickle-float-1.0=True]
(P) /home/travis/build/smarie/python-parsyfiles/parsyfiles/tests/combining_parsers_converters/test_data/b64pickle-float-1.0=True.txt -&gt; bool ------- using $&lt;read_str_from_txt&gt; =&gt; &lt;base64_ascii_str_pickle_to_object&gt; -&gt; &lt;float_to_bool&gt;$
(P)                                                                                                  |--b64pickle-float-1.0=True.txt -&gt; bool SUCCESS !
Completed parsing successfully

**** Starting to parse single object of type &lt;bool&gt; at location /home/travis/build/smarie/python-parsyfiles/parsyfiles/tests/combining_parsers_converters/test_data/b64pickle-float-1.0=True ****
Checking all files under [/home/travis/build/smarie/python-parsyfiles/parsyfiles/tests/combining_parsers_converters/test_data/b64pickle-float-1.0=True]
(C) /home/travis/build/smarie/python-parsyfiles/parsyfiles/tests/combining_parsers_converters/test_data/b64pickle-float-1.0=True (singlefile, .txt)
File checks done

Building a parsing plan to parse [/home/travis/build/smarie/python-parsyfiles/parsyfiles/tests/combining_parsers_converters/test_data/b64pickle-float-1.0=True] into a bool
(B) /home/travis/build/smarie/python-parsyfiles/parsyfiles/tests/combining_parsers_converters/test_data/b64pickle-float-1.0=True.txt -&gt; bool ------- using [Try &apos;$&lt;read_str_from_txt&gt; =&gt; &lt;str_to_bool&gt;$&apos; then &apos;$&lt;read_str_from_txt&gt; =&gt; &lt;base64_ascii_str_pickle_to_object&gt; -&gt; &lt;float_to_bool&gt;$&apos; then &apos;$&lt;read_str_from_txt&gt; =&gt; &lt;base64_ascii_str_pickle_to_object&gt; -&gt; &lt;int_to_bool&gt;$&apos; then &apos;$&lt;read_str_from_txt&gt; =&gt; &lt;base64_ascii_str_pickle_to_object&gt; -&gt; &lt;str_to_bool&gt;$&apos; then &apos;$&lt;read_str_from_txt&gt; =&gt; &lt;base64_ascii_str_pickle_to_object&gt;$]&apos;]
(B)                                                                                                  |--b64pickle-float-1.0=True.txt -&gt; bool ------- using $&lt;read_str_from_txt&gt; =&gt; &lt;str_to_bool&gt;$
Parsing Plan created successfully

Executing Parsing Plan for [/home/travis/build/smarie/python-parsyfiles/parsyfiles/tests/combining_parsers_converters/test_data/b64pickle-float-1.0=True]
(P) /home/travis/build/smarie/python-parsyfiles/parsyfiles/tests/combining_parsers_converters/test_data/b64pickle-float-1.0=True.txt -&gt; bool ------- using $&lt;read_str_from_txt&gt; =&gt; &lt;str_to_bool&gt;$
  !! Caught error during execution !!
  File &quot;/home/travis/build/smarie/python-parsyfiles/parsyfiles/converting_core.py&quot;, line 524, in _convert
    return self.conversion_method(desired_type, source_obj, logger, **opts)
  File &quot;/home/travis/build/smarie/python-parsyfiles/parsyfiles/plugins_base/support_for_primitive_types.py&quot;, line 84, in primitive_to_bool
    return bool(strtobool(source))
  File &quot;/opt/python/3.5.5/lib/python3.5/distutils/util.py&quot;, line 317, in strtobool
    raise ValueError(&quot;invalid truth value %r&quot; % (val,))
  ValueError : invalid truth value &apos;ganhp/aaaaaaaaau&apos;
(B)                                                                                                  |--b64pickle-float-1.0=True.txt -&gt; bool ------- using $&lt;read_str_from_txt&gt; =&gt; &lt;base64_ascii_str_pickle_to_object&gt; -&gt; &lt;float_to_bool&gt;$
Executing Parsing Plan for [/home/travis/build/smarie/python-parsyfiles/parsyfiles/tests/combining_parsers_converters/test_data/b64pickle-float-1.0=True]
(P) /home/travis/build/smarie/python-parsyfiles/parsyfiles/tests/combining_parsers_converters/test_data/b64pickle-float-1.0=True.txt -&gt; bool ------- using $&lt;read_str_from_txt&gt; =&gt; &lt;base64_ascii_str_pickle_to_object&gt; -&gt; &lt;float_to_bool&gt;$
(P)                                                                                                  |--b64pickle-float-1.0=True.txt -&gt; bool SUCCESS !
Completed parsing successfully

**** Starting to parse single object of type &lt;bool&gt; at location /home/travis/build/smarie/python-parsyfiles/parsyfiles/tests/combining_parsers_converters/test_data/b64pickle-float-1.0=True ****
Checking all files under [/home/travis/build/smarie/python-parsyfiles/parsyfiles/tests/combining_parsers_converters/test_data/b64pickle-float-1.0=True]
(C) /home/travis/build/smarie/python-parsyfiles/parsyfiles/tests/combining_parsers_converters/test_data/b64pickle-float-1.0=True (singlefile, .txt)
File checks done

Building a parsing plan to parse [/home/travis/build/smarie/python-parsyfiles/parsyfiles/tests/combining_parsers_converters/test_data/b64pickle-float-1.0=True] into a bool
(B) /home/travis/build/smarie/python-parsyfiles/parsyfiles/tests/combining_parsers_converters/test_data/b64pickle-float-1.0=True.txt -&gt; bool ------- using [Try &apos;$&lt;read_str_from_txt&gt; =&gt; &lt;str_to_bool&gt;$&apos; then &apos;$&lt;read_str_from_txt&gt; =&gt; &lt;base64_ascii_str_pickle_to_object&gt; -&gt; &lt;float_to_bool&gt;$&apos; then &apos;$&lt;read_str_from_txt&gt; =&gt; &lt;base64_ascii_str_pickle_to_object&gt; -&gt; &lt;int_to_bool&gt;$&apos; then &apos;$&lt;read_str_from_txt&gt; =&gt; &lt;base64_ascii_str_pickle_to_object&gt; -&gt; &lt;str_to_bool&gt;$&apos; then &apos;$&lt;read_str_from_txt&gt; =&gt; &lt;base64_ascii_str_pickle_to_object&gt;$]&apos;]
(B)                                                                                                  |--b64pickle-float-1.0=True.txt -&gt; bool ------- using $&lt;read_str_from_txt&gt; =&gt; &lt;str_to_bool&gt;$
Parsing Plan created successfully

Executing Parsing Plan for [/home/travis/build/smarie/python-parsyfiles/parsyfiles/tests/combining_parsers_converters/test_data/b64pickle-float-1.0=True]
(P) /home/travis/build/smarie/python-parsyfiles/parsyfiles/tests/combining_parsers_converters/test_data/b64pickle-float-1.0=True.txt -&gt; bool ------- using $&lt;read_str_from_txt&gt; =&gt; &lt;str_to_bool&gt;$
  !! Caught error during execution !!
  File &quot;/home/travis/build/smarie/python-parsyfiles/parsyfiles/converting_core.py&quot;, line 524, in _convert
    return self.conversion_method(desired_type, source_obj, logger, **opts)
  File &quot;/home/travis/build/smarie/python-parsyfiles/parsyfiles/plugins_base/support_for_primitive_types.py&quot;, line 84, in primitive_to_bool
    return bool(strtobool(source))
  File &quot;/opt/python/3.5.5/lib/python3.5/distutils/util.py&quot;, line 317, in strtobool
    raise ValueError(&quot;invalid truth value %r&quot; % (val,))
  ValueError : invalid truth value &apos;ganhp/aaaaaaaaau&apos;
(B)                                                                                                  |--b64pickle-float-1.0=True.txt -&gt; bool ------- using $&lt;read_str_from_txt&gt; =&gt; &lt;base64_ascii_str_pickle_to_object&gt; -&gt; &lt;float_to_bool&gt;$
Executing Parsing Plan for [/home/travis/build/smarie/python-parsyfiles/parsyfiles/tests/combining_parsers_converters/test_data/b64pickle-float-1.0=True]
(P) /home/travis/build/smarie/python-parsyfiles/parsyfiles/tests/combining_parsers_converters/test_data/b64pickle-float-1.0=True.txt -&gt; bool ------- using $&lt;read_str_from_txt&gt; =&gt; &lt;base64_ascii_str_pickle_to_object&gt; -&gt; &lt;float_to_bool&gt;$
(P)                                                                                                  |--b64pickle-float-1.0=True.txt -&gt; bool SUCCESS !
Completed parsing successfully

**** Starting to parse single object of type &lt;bool&gt; at location /home/travis/build/smarie/python-parsyfiles/parsyfiles/tests/combining_parsers_converters/test_data/b64pickle-float-1.0=True ****
Checking all files under [/home/travis/build/smarie/python-parsyfiles/parsyfiles/tests/combining_parsers_converters/test_data/b64pickle-float-1.0=True]
(C) /home/travis/build/smarie/python-parsyfiles/parsyfiles/tests/combining_parsers_converters/test_data/b64pickle-float-1.0=True (singlefile, .txt)
File checks done

Building a parsing plan to parse [/home/travis/build/smarie/python-parsyfiles/parsyfiles/tests/combining_parsers_converters/test_data/b64pickle-float-1.0=True] into a bool
(B) /home/travis/build/smarie/python-parsyfiles/parsyfiles/tests/combining_parsers_converters/test_data/b64pickle-float-1.0=True.txt -&gt; bool ------- using [Try &apos;$&lt;read_str_from_txt&gt; =&gt; &lt;str_to_bool&gt;$&apos; then &apos;$&lt;read_str_from_txt&gt; =&gt; &lt;base64_ascii_str_pickle_to_object&gt; -&gt; &lt;float_to_bool&gt;$&apos; then &apos;$&lt;read_str_from_txt&gt; =&gt; &lt;base64_ascii_str_pickle_to_object&gt; -&gt; &lt;int_to_bool&gt;$&apos; then &apos;$&lt;read_str_from_txt&gt; =&gt; &lt;base64_ascii_str_pickle_to_object&gt; -&gt; &lt;str_to_bool&gt;$&apos; then &apos;$&lt;read_str_from_txt&gt; =&gt; &lt;base64_ascii_str_pickle_to_object&gt;$]&apos;]
(B)                                                                                                  |--b64pickle-float-1.0=True.txt -&gt; bool ------- using $&lt;read_str_from_txt&gt; =&gt; &lt;str_to_bool&gt;$
Parsing Plan created successfully

Executing Parsing Plan for [/home/travis/build/smarie/python-parsyfiles/parsyfiles/tests/combining_parsers_converters/test_data/b64pickle-float-1.0=True]
(P) /home/travis/build/smarie/python-parsyfiles/parsyfiles/tests/combining_parsers_converters/test_data/b64pickle-float-1.0=True.txt -&gt; bool ------- using $&lt;read_str_from_txt&gt; =&gt; &lt;str_to_bool&gt;$
  !! Caught error during execution !!
  File &quot;/home/travis/build/smarie/python-parsyfiles/parsyfiles/converting_core.py&quot;, line 524, in _convert
    return self.conversion_method(desired_type, source_obj, logger, **opts)
  File &quot;/home/travis/build/smarie/python-parsyfiles/parsyfiles/plugins_base/support_for_primitive_types.py&quot;, line 84, in primitive_to_bool
    return bool(strtobool(source))
  File &quot;/opt/python/3.5.5/lib/python3.5/distutils/util.py&quot;, line 317, in strtobool
    raise ValueError(&quot;invalid truth value %r&quot; % (val,))
  ValueError : invalid truth value &apos;ganhp/aaaaaaaaau&apos;
(B)                                                                                                  |--b64pickle-float-1.0=True.txt -&gt; bool ------- using $&lt;read_str_from_txt&gt; =&gt; &lt;base64_ascii_str_pickle_to_object&gt; -&gt; &lt;float_to_bool&gt;$
Executing Parsing Plan for [/home/travis/build/smarie/python-parsyfiles/parsyfiles/tests/combining_parsers_converters/test_data/b64pickle-float-1.0=True]
(P) /home/travis/build/smarie/python-parsyfiles/parsyfiles/tests/combining_parsers_converters/test_data/b64pickle-float-1.0=True.txt -&gt; bool ------- using $&lt;read_str_from_txt&gt; =&gt; &lt;base64_ascii_str_pickle_to_object&gt; -&gt; &lt;float_to_bool&gt;$
(P)                                                                                                  |--b64pickle-float-1.0=True.txt -&gt; bool SUCCESS !
Completed parsing successfully

**** Starting to parse single object of type &lt;bool&gt; at location /home/travis/build/smarie/python-parsyfiles/parsyfiles/tests/combining_parsers_converters/test_data/b64pickle-float-1.0=True ****
Checking all files under [/home/travis/build/smarie/python-parsyfiles/parsyfiles/tests/combining_parsers_converters/test_data/b64pickle-float-1.0=True]
(C) /home/travis/build/smarie/python-parsyfiles/parsyfiles/tests/combining_parsers_converters/test_data/b64pickle-float-1.0=True (singlefile, .txt)
File checks done

Building a parsing plan to parse [/home/travis/build/smarie/python-parsyfiles/parsyfiles/tests/combining_parsers_converters/test_data/b64pickle-float-1.0=True] into a bool
(B) /home/travis/build/smarie/python-parsyfiles/parsyfiles/tests/combining_parsers_converters/test_data/b64pickle-float-1.0=True.txt -&gt; bool ------- using [Try &apos;$&lt;read_str_from_txt&gt; =&gt; &lt;str_to_bool&gt;$&apos; then &apos;$&lt;read_str_from_txt&gt; =&gt; &lt;base64_ascii_str_pickle_to_object&gt; -&gt; &lt;float_to_bool&gt;$&apos; then &apos;$&lt;read_str_from_txt&gt; =&gt; &lt;base64_ascii_str_pickle_to_object&gt; -&gt; &lt;int_to_bool&gt;$&apos; then &apos;$&lt;read_str_from_txt&gt; =&gt; &lt;base64_ascii_str_pickle_to_object&gt; -&gt; &lt;str_to_bool&gt;$&apos; then &apos;$&lt;read_str_from_txt&gt; =&gt; &lt;base64_ascii_str_pickle_to_object&gt;$]&apos;]
(B)                                                                                                  |--b64pickle-float-1.0=True.txt -&gt; bool ------- using $&lt;read_str_from_txt&gt; =&gt; &lt;str_to_bool&gt;$
Parsing Plan created successfully

Executing Parsing Plan for [/home/travis/build/smarie/python-parsyfiles/parsyfiles/tests/combining_parsers_converters/test_data/b64pickle-float-1.0=True]
(P) /home/travis/build/smarie/python-parsyfiles/parsyfiles/tests/combining_parsers_converters/test_data/b64pickle-float-1.0=True.txt -&gt; bool ------- using $&lt;read_str_from_txt&gt; =&gt; &lt;str_to_bool&gt;$
  !! Caught error during execution !!
  File &quot;/home/travis/build/smarie/python-parsyfiles/parsyfiles/converting_core.py&quot;, line 524, in _convert
    return self.conversion_method(desired_type, source_obj, logger, **opts)
  File &quot;/home/travis/build/smarie/python-parsyfiles/parsyfiles/plugins_base/support_for_primitive_types.py&quot;, line 84, in primitive_to_bool
    return bool(strtobool(source))
  File &quot;/opt/python/3.5.5/lib/python3.5/distutils/util.py&quot;, line 317, in strtobool
    raise ValueError(&quot;invalid truth value %r&quot; % (val,))
  ValueError : invalid truth value &apos;ganhp/aaaaaaaaau&apos;
(B)                                                                                                  |--b64pickle-float-1.0=True.txt -&gt; bool ------- using $&lt;read_str_from_txt&gt; =&gt; &lt;base64_ascii_str_pickle_to_object&gt; -&gt; &lt;float_to_bool&gt;$
Executing Parsing Plan for [/home/travis/build/smarie/python-parsyfiles/parsyfiles/tests/combining_parsers_converters/test_data/b64pickle-float-1.0=True]
(P) /home/travis/build/smarie/python-parsyfiles/parsyfiles/tests/combining_parsers_converters/test_data/b64pickle-float-1.0=True.txt -&gt; bool ------- using $&lt;read_str_from_txt&gt; =&gt; &lt;base64_ascii_str_pickle_to_object&gt; -&gt; &lt;float_to_bool&gt;$
(P)                                                                                                  |--b64pickle-float-1.0=True.txt -&gt; bool SUCCESS !
Completed parsing successfully

**** Starting to parse single object of type &lt;bool&gt; at location /home/travis/build/smarie/python-parsyfiles/parsyfiles/tests/combining_parsers_converters/test_data/b64pickle-float-1.0=True ****
Checking all files under [/home/travis/build/smarie/python-parsyfiles/parsyfiles/tests/combining_parsers_converters/test_data/b64pickle-float-1.0=True]
(C) /home/travis/build/smarie/python-parsyfiles/parsyfiles/tests/combining_parsers_converters/test_data/b64pickle-float-1.0=True (singlefile, .txt)
File checks done

Building a parsing plan to parse [/home/travis/build/smarie/python-parsyfiles/parsyfiles/tests/combining_parsers_converters/test_data/b64pickle-float-1.0=True] into a bool
(B) /home/travis/build/smarie/python-parsyfiles/parsyfiles/tests/combining_parsers_converters/test_data/b64pickle-float-1.0=True.txt -&gt; bool ------- using [Try &apos;$&lt;read_str_from_txt&gt; =&gt; &lt;str_to_bool&gt;$&apos; then &apos;$&lt;read_str_from_txt&gt; =&gt; &lt;base64_ascii_str_pickle_to_object&gt; -&gt; &lt;float_to_bool&gt;$&apos; then &apos;$&lt;read_str_from_txt&gt; =&gt; &lt;base64_ascii_str_pickle_to_object&gt; -&gt; &lt;int_to_bool&gt;$&apos; then &apos;$&lt;read_str_from_txt&gt; =&gt; &lt;base64_ascii_str_pickle_to_object&gt; -&gt; &lt;str_to_bool&gt;$&apos; then &apos;$&lt;read_str_from_txt&gt; =&gt; &lt;base64_ascii_str_pickle_to_object&gt;$]&apos;]
(B)                                                                                                  |--b64pickle-float-1.0=True.txt -&gt; bool ------- using $&lt;read_str_from_txt&gt; =&gt; &lt;str_to_bool&gt;$
Parsing Plan created successfully

Executing Parsing Plan for [/home/travis/build/smarie/python-parsyfiles/parsyfiles/tests/combining_parsers_converters/test_data/b64pickle-float-1.0=True]
(P) /home/travis/build/smarie/python-parsyfiles/parsyfiles/tests/combining_parsers_converters/test_data/b64pickle-float-1.0=True.txt -&gt; bool ------- using $&lt;read_str_from_txt&gt; =&gt; &lt;str_to_bool&gt;$
  !! Caught error during execution !!
  File &quot;/home/travis/build/smarie/python-parsyfiles/parsyfiles/converting_core.py&quot;, line 524, in _convert
    return self.conversion_method(desired_type, source_obj, logger, **opts)
  File &quot;/home/travis/build/smarie/python-parsyfiles/parsyfiles/plugins_base/support_for_primitive_types.py&quot;, line 84, in primitive_to_bool
    return bool(strtobool(source))
  File &quot;/opt/python/3.5.5/lib/python3.5/distutils/util.py&quot;, line 317, in strtobool
    raise ValueError(&quot;invalid truth value %r&quot; % (val,))
  ValueError : invalid truth value &apos;ganhp/aaaaaaaaau&apos;
(B)                                                                                                  |--b64pickle-float-1.0=True.txt -&gt; bool ------- using $&lt;read_str_from_txt&gt; =&gt; &lt;base64_ascii_str_pickle_to_object&gt; -&gt; &lt;float_to_bool&gt;$
Executing Parsing Plan for [/home/travis/build/smarie/python-parsyfiles/parsyfiles/tests/combining_parsers_converters/test_data/b64pickle-float-1.0=True]
(P) /home/travis/build/smarie/python-parsyfiles/parsyfiles/tests/combining_parsers_converters/test_data/b64pickle-float-1.0=True.txt -&gt; bool ------- using $&lt;read_str_from_txt&gt; =&gt; &lt;base64_ascii_str_pickle_to_object&gt; -&gt; &lt;float_to_bool&gt;$
(P)                                                                                                  |--b64pickle-float-1.0=True.txt -&gt; bool SUCCESS !
Completed parsing successfully

**** Starting to parse single object of type &lt;bool&gt; at location /home/travis/build/smarie/python-parsyfiles/parsyfiles/tests/combining_parsers_converters/test_data/b64pickle-float-1.0=True ****
Checking all files under [/home/travis/build/smarie/python-parsyfiles/parsyfiles/tests/combining_parsers_converters/test_data/b64pickle-float-1.0=True]
(C) /home/travis/build/smarie/python-parsyfiles/parsyfiles/tests/combining_parsers_converters/test_data/b64pickle-float-1.0=True (singlefile, .txt)
File checks done

Building a parsing plan to parse [/home/travis/build/smarie/python-parsyfiles/parsyfiles/tests/combining_parsers_converters/test_data/b64pickle-float-1.0=True] into a bool
(B) /home/travis/build/smarie/python-parsyfiles/parsyfiles/tests/combining_parsers_converters/test_data/b64pickle-float-1.0=True.txt -&gt; bool ------- using [Try &apos;$&lt;read_str_from_txt&gt; =&gt; &lt;str_to_bool&gt;$&apos; then &apos;$&lt;read_str_from_txt&gt; =&gt; &lt;base64_ascii_str_pickle_to_object&gt; -&gt; &lt;float_to_bool&gt;$&apos; then &apos;$&lt;read_str_from_txt&gt; =&gt; &lt;base64_ascii_str_pickle_to_object&gt; -&gt; &lt;int_to_bool&gt;$&apos; then &apos;$&lt;read_str_from_txt&gt; =&gt; &lt;base64_ascii_str_pickle_to_object&gt; -&gt; &lt;str_to_bool&gt;$&apos; then &apos;$&lt;read_str_from_txt&gt; =&gt; &lt;base64_ascii_str_pickle_to_object&gt;$]&apos;]
(B)                                                                                                  |--b64pickle-float-1.0=True.txt -&gt; bool ------- using $&lt;read_str_from_txt&gt; =&gt; &lt;str_to_bool&gt;$
Parsing Plan created successfully

Executing Parsing Plan for [/home/travis/build/smarie/python-parsyfiles/parsyfiles/tests/combining_parsers_converters/test_data/b64pickle-float-1.0=True]
(P) /home/travis/build/smarie/python-parsyfiles/parsyfiles/tests/combining_parsers_converters/test_data/b64pickle-float-1.0=True.txt -&gt; bool ------- using $&lt;read_str_from_txt&gt; =&gt; &lt;str_to_bool&gt;$
  !! Caught error during execution !!
  File &quot;/home/travis/build/smarie/python-parsyfiles/parsyfiles/converting_core.py&quot;, line 524, in _convert
    return self.conversion_method(desired_type, source_obj, logger, **opts)
  File &quot;/home/travis/build/smarie/python-parsyfiles/parsyfiles/plugins_base/support_for_primitive_types.py&quot;, line 84, in primitive_to_bool
    return bool(strtobool(source))
  File &quot;/opt/python/3.5.5/lib/python3.5/distutils/util.py&quot;, line 317, in strtobool
    raise ValueError(&quot;invalid truth value %r&quot; % (val,))
  ValueError : invalid truth value &apos;ganhp/aaaaaaaaau&apos;
(B)                                                                                                  |--b64pickle-float-1.0=True.txt -&gt; bool ------- using $&lt;read_str_from_txt&gt; =&gt; &lt;base64_ascii_str_pickle_to_object&gt; -&gt; &lt;float_to_bool&gt;$
Executing Parsing Plan for [/home/travis/build/smarie/python-parsyfiles/parsyfiles/tests/combining_parsers_converters/test_data/b64pickle-float-1.0=True]
(P) /home/travis/build/smarie/python-parsyfiles/parsyfiles/tests/combining_parsers_converters/test_data/b64pickle-float-1.0=True.txt -&gt; bool ------- using $&lt;read_str_from_txt&gt; =&gt; &lt;base64_ascii_str_pickle_to_object&gt; -&gt; &lt;float_to_bool&gt;$
(P)                                                                                                  |--b64pickle-float-1.0=True.txt -&gt; bool SUCCESS !
Completed parsing successfully

**** Starting to parse single object of type &lt;bool&gt; at location /home/travis/build/smarie/python-parsyfiles/parsyfiles/tests/combining_parsers_converters/test_data/b64pickle-float-1.0=True ****
Checking all files under [/home/travis/build/smarie/python-parsyfiles/parsyfiles/tests/combining_parsers_converters/test_data/b64pickle-float-1.0=True]
(C) /home/travis/build/smarie/python-parsyfiles/parsyfiles/tests/combining_parsers_converters/test_data/b64pickle-float-1.0=True (singlefile, .txt)
File checks done

Building a parsing plan to parse [/home/travis/build/smarie/python-parsyfiles/parsyfiles/tests/combining_parsers_converters/test_data/b64pickle-float-1.0=True] into a bool
(B) /home/travis/build/smarie/python-parsyfiles/parsyfiles/tests/combining_parsers_converters/test_data/b64pickle-float-1.0=True.txt -&gt; bool ------- using [Try &apos;$&lt;read_str_from_txt&gt; =&gt; &lt;str_to_bool&gt;$&apos; then &apos;$&lt;read_str_from_txt&gt; =&gt; &lt;base64_ascii_str_pickle_to_object&gt; -&gt; &lt;float_to_bool&gt;$&apos; then &apos;$&lt;read_str_from_txt&gt; =&gt; &lt;base64_ascii_str_pickle_to_object&gt; -&gt; &lt;int_to_bool&gt;$&apos; then &apos;$&lt;read_str_from_txt&gt; =&gt; &lt;base64_ascii_str_pickle_to_object&gt; -&gt; &lt;str_to_bool&gt;$&apos; then &apos;$&lt;read_str_from_txt&gt; =&gt; &lt;base64_ascii_str_pickle_to_object&gt;$]&apos;]
(B)                                                                                                  |--b64pickle-float-1.0=True.txt -&gt; bool ------- using $&lt;read_str_from_txt&gt; =&gt; &lt;str_to_bool&gt;$
Parsing Plan created successfully

Executing Parsing Plan for [/home/travis/build/smarie/python-parsyfiles/parsyfiles/tests/combining_parsers_converters/test_data/b64pickle-float-1.0=True]
(P) /home/travis/build/smarie/python-parsyfiles/parsyfiles/tests/combining_parsers_converters/test_data/b64pickle-float-1.0=True.txt -&gt; bool ------- using $&lt;read_str_from_txt&gt; =&gt; &lt;str_to_bool&gt;$
  !! Caught error during execution !!
  File &quot;/home/travis/build/smarie/python-parsyfiles/parsyfiles/converting_core.py&quot;, line 524, in _convert
    return self.conversion_method(desired_type, source_obj, logger, **opts)
  File &quot;/home/travis/build/smarie/python-parsyfiles/parsyfiles/plugins_base/support_for_primitive_types.py&quot;, line 84, in primitive_to_bool
    return bool(strtobool(source))
  File &quot;/opt/python/3.5.5/lib/python3.5/distutils/util.py&quot;, line 317, in strtobool
    raise ValueError(&quot;invalid truth value %r&quot; % (val,))
  ValueError : invalid truth value &apos;ganhp/aaaaaaaaau&apos;
(B)                                                                                                  |--b64pickle-float-1.0=True.txt -&gt; bool ------- using $&lt;read_str_from_txt&gt; =&gt; &lt;base64_ascii_str_pickle_to_object&gt; -&gt; &lt;float_to_bool&gt;$
Executing Parsing Plan for [/home/travis/build/smarie/python-parsyfiles/parsyfiles/tests/combining_parsers_converters/test_data/b64pickle-float-1.0=True]
(P) /home/travis/build/smarie/python-parsyfiles/parsyfiles/tests/combining_parsers_converters/test_data/b64pickle-float-1.0=True.txt -&gt; bool ------- using $&lt;read_str_from_txt&gt; =&gt; &lt;base64_ascii_str_pickle_to_object&gt; -&gt; &lt;float_to_bool&gt;$
(P)                                                                                                  |--b64pickle-float-1.0=True.txt -&gt; bool SUCCESS !
Completed parsing successfully

**** Starting to parse single object of type &lt;bool&gt; at location /home/travis/build/smarie/python-parsyfiles/parsyfiles/tests/combining_parsers_converters/test_data/b64pickle-float-1.0=True ****
Checking all files under [/home/travis/build/smarie/python-parsyfiles/parsyfiles/tests/combining_parsers_converters/test_data/b64pickle-float-1.0=True]
(C) /home/travis/build/smarie/python-parsyfiles/parsyfiles/tests/combining_parsers_converters/test_data/b64pickle-float-1.0=True (singlefile, .txt)
File checks done

Building a parsing plan to parse [/home/travis/build/smarie/python-parsyfiles/parsyfiles/tests/combining_parsers_converters/test_data/b64pickle-float-1.0=True] into a bool
(B) /home/travis/build/smarie/python-parsyfiles/parsyfiles/tests/combining_parsers_converters/test_data/b64pickle-float-1.0=True.txt -&gt; bool ------- using [Try &apos;$&lt;read_str_from_txt&gt; =&gt; &lt;str_to_bool&gt;$&apos; then &apos;$&lt;read_str_from_txt&gt; =&gt; &lt;base64_ascii_str_pickle_to_object&gt; -&gt; &lt;float_to_bool&gt;$&apos; then &apos;$&lt;read_str_from_txt&gt; =&gt; &lt;base64_ascii_str_pickle_to_object&gt; -&gt; &lt;int_to_bool&gt;$&apos; then &apos;$&lt;read_str_from_txt&gt; =&gt; &lt;base64_ascii_str_pickle_to_object&gt; -&gt; &lt;str_to_bool&gt;$&apos; then &apos;$&lt;read_str_from_txt&gt; =&gt; &lt;base64_ascii_str_pickle_to_object&gt;$]&apos;]
(B)                                                                                                  |--b64pickle-float-1.0=True.txt -&gt; bool ------- using $&lt;read_str_from_txt&gt; =&gt; &lt;str_to_bool&gt;$
Parsing Plan created successfully

Executing Parsing Plan for [/home/travis/build/smarie/python-parsyfiles/parsyfiles/tests/combining_parsers_converters/test_data/b64pickle-float-1.0=True]
(P) /home/travis/build/smarie/python-parsyfiles/parsyfiles/tests/combining_parsers_converters/test_data/b64pickle-float-1.0=True.txt -&gt; bool ------- using $&lt;read_str_from_txt&gt; =&gt; &lt;str_to_bool&gt;$
  !! Caught error during execution !!
  File &quot;/home/travis/build/smarie/python-parsyfiles/parsyfiles/converting_core.py&quot;, line 524, in _convert
    return self.conversion_method(desired_type, source_obj, logger, **opts)
  File &quot;/home/travis/build/smarie/python-parsyfiles/parsyfiles/plugins_base/support_for_primitive_types.py&quot;, line 84, in primitive_to_bool
    return bool(strtobool(source))
  File &quot;/opt/python/3.5.5/lib/python3.5/distutils/util.py&quot;, line 317, in strtobool
    raise ValueError(&quot;invalid truth value %r&quot; % (val,))
  ValueError : invalid truth value &apos;ganhp/aaaaaaaaau&apos;
(B)                                                                                                  |--b64pickle-float-1.0=True.txt -&gt; bool ------- using $&lt;read_str_from_txt&gt; =&gt; &lt;base64_ascii_str_pickle_to_object&gt; -&gt; &lt;float_to_bool&gt;$
Executing Parsing Plan for [/home/travis/build/smarie/python-parsyfiles/parsyfiles/tests/combining_parsers_converters/test_data/b64pickle-float-1.0=True]
(P) /home/travis/build/smarie/python-parsyfiles/parsyfiles/tests/combining_parsers_converters/test_data/b64pickle-float-1.0=True.txt -&gt; bool ------- using $&lt;read_str_from_txt&gt; =&gt; &lt;base64_ascii_str_pickle_to_object&gt; -&gt; &lt;float_to_bool&gt;$
(P)                                                                                                  |--b64pickle-float-1.0=True.txt -&gt; bool SUCCESS !
Completed parsing successfully

**** Starting to parse single object of type &lt;bool&gt; at location /home/travis/build/smarie/python-parsyfiles/parsyfiles/tests/combining_parsers_converters/test_data/b64pickle-float-1.0=True ****
Checking all files under [/home/travis/build/smarie/python-parsyfiles/parsyfiles/tests/combining_parsers_converters/test_data/b64pickle-float-1.0=True]
(C) /home/travis/build/smarie/python-parsyfiles/parsyfiles/tests/combining_parsers_converters/test_data/b64pickle-float-1.0=True (singlefile, .txt)
File checks done

Building a parsing plan to parse [/home/travis/build/smarie/python-parsyfiles/parsyfiles/tests/combining_parsers_converters/test_data/b64pickle-float-1.0=True] into a bool
(B) /home/travis/build/smarie/python-parsyfiles/parsyfiles/tests/combining_parsers_converters/test_data/b64pickle-float-1.0=True.txt -&gt; bool ------- using [Try &apos;$&lt;read_str_from_txt&gt; =&gt; &lt;str_to_bool&gt;$&apos; then &apos;$&lt;read_str_from_txt&gt; =&gt; &lt;base64_ascii_str_pickle_to_object&gt; -&gt; &lt;float_to_bool&gt;$&apos; then &apos;$&lt;read_str_from_txt&gt; =&gt; &lt;base64_ascii_str_pickle_to_object&gt; -&gt; &lt;int_to_bool&gt;$&apos; then &apos;$&lt;read_str_from_txt&gt; =&gt; &lt;base64_ascii_str_pickle_to_object&gt; -&gt; &lt;str_to_bool&gt;$&apos; then &apos;$&lt;read_str_from_txt&gt; =&gt; &lt;base64_ascii_str_pickle_to_object&gt;$]&apos;]
(B)                                                                                                  |--b64pickle-float-1.0=True.txt -&gt; bool ------- using $&lt;read_str_from_txt&gt; =&gt; &lt;str_to_bool&gt;$
Parsing Plan created successfully

Executing Parsing Plan for [/home/travis/build/smarie/python-parsyfiles/parsyfiles/tests/combining_parsers_converters/test_data/b64pickle-float-1.0=True]
(P) /home/travis/build/smarie/python-parsyfiles/parsyfiles/tests/combining_parsers_converters/test_data/b64pickle-float-1.0=True.txt -&gt; bool ------- using $&lt;read_str_from_txt&gt; =&gt; &lt;str_to_bool&gt;$
  !! Caught error during execution !!
  File &quot;/home/travis/build/smarie/python-parsyfiles/parsyfiles/converting_core.py&quot;, line 524, in _convert
    return self.conversion_method(desired_type, source_obj, logger, **opts)
  File &quot;/home/travis/build/smarie/python-parsyfiles/parsyfiles/plugins_base/support_for_primitive_types.py&quot;, line 84, in primitive_to_bool
    return bool(strtobool(source))
  File &quot;/opt/python/3.5.5/lib/python3.5/distutils/util.py&quot;, line 317, in strtobool
    raise ValueError(&quot;invalid truth value %r&quot; % (val,))
  ValueError : invalid truth value &apos;ganhp/aaaaaaaaau&apos;
(B)                                                                                                  |--b64pickle-float-1.0=True.txt -&gt; bool ------- using $&lt;read_str_from_txt&gt; =&gt; &lt;base64_ascii_str_pickle_to_object&gt; -&gt; &lt;float_to_bool&gt;$
Executing Parsing Plan for [/home/travis/build/smarie/python-parsyfiles/parsyfiles/tests/combining_parsers_converters/test_data/b64pickle-float-1.0=True]
(P) /home/travis/build/smarie/python-parsyfiles/parsyfiles/tests/combining_parsers_converters/test_data/b64pickle-float-1.0=True.txt -&gt; bool ------- using $&lt;read_str_from_txt&gt; =&gt; &lt;base64_ascii_str_pickle_to_object&gt; -&gt; &lt;float_to_bool&gt;$
(P)                                                                                                  |--b64pickle-float-1.0=True.txt -&gt; bool SUCCESS !
Completed parsing successfully

**** Starting to parse single object of type &lt;bool&gt; at location /home/travis/build/smarie/python-parsyfiles/parsyfiles/tests/combining_parsers_converters/test_data/b64pickle-float-1.0=True ****
Checking all files under [/home/travis/build/smarie/python-parsyfiles/parsyfiles/tests/combining_parsers_converters/test_data/b64pickle-float-1.0=True]
(C) /home/travis/build/smarie/python-parsyfiles/parsyfiles/tests/combining_parsers_converters/test_data/b64pickle-float-1.0=True (singlefile, .txt)
File checks done

Building a parsing plan to parse [/home/travis/build/smarie/python-parsyfiles/parsyfiles/tests/combining_parsers_converters/test_data/b64pickle-float-1.0=True] into a bool
(B) /home/travis/build/smarie/python-parsyfiles/parsyfiles/tests/combining_parsers_converters/test_data/b64pickle-float-1.0=True.txt -&gt; bool ------- using [Try &apos;$&lt;read_str_from_txt&gt; =&gt; &lt;str_to_bool&gt;$&apos; then &apos;$&lt;read_str_from_txt&gt; =&gt; &lt;base64_ascii_str_pickle_to_object&gt; -&gt; &lt;float_to_bool&gt;$&apos; then &apos;$&lt;read_str_from_txt&gt; =&gt; &lt;base64_ascii_str_pickle_to_object&gt; -&gt; &lt;int_to_bool&gt;$&apos; then &apos;$&lt;read_str_from_txt&gt; =&gt; &lt;base64_ascii_str_pickle_to_object&gt; -&gt; &lt;str_to_bool&gt;$&apos; then &apos;$&lt;read_str_from_txt&gt; =&gt; &lt;base64_ascii_str_pickle_to_object&gt;$]&apos;]
(B)                                                                                                  |--b64pickle-float-1.0=True.txt -&gt; bool ------- using $&lt;read_str_from_txt&gt; =&gt; &lt;str_to_bool&gt;$
Parsing Plan created successfully

Executing Parsing Plan for [/home/travis/build/smarie/python-parsyfiles/parsyfiles/tests/combining_parsers_converters/test_data/b64pickle-float-1.0=True]
(P) /home/travis/build/smarie/python-parsyfiles/parsyfiles/tests/combining_parsers_converters/test_data/b64pickle-float-1.0=True.txt -&gt; bool ------- using $&lt;read_str_from_txt&gt; =&gt; &lt;str_to_bool&gt;$
  !! Caught error during execution !!
  File &quot;/home/travis/build/smarie/python-parsyfiles/parsyfiles/converting_core.py&quot;, line 524, in _convert
    return self.conversion_method(desired_type, source_obj, logger, **opts)
  File &quot;/home/travis/build/smarie/python-parsyfiles/parsyfiles/plugins_base/support_for_primitive_types.py&quot;, line 84, in primitive_to_bool
    return bool(strtobool(source))
  File &quot;/opt/python/3.5.5/lib/python3.5/distutils/util.py&quot;, line 317, in strtobool
    raise ValueError(&quot;invalid truth value %r&quot; % (val,))
  ValueError : invalid truth value &apos;ganhp/aaaaaaaaau&apos;
(B)                                                                                                  |--b64pickle-float-1.0=True.txt -&gt; bool ------- using $&lt;read_str_from_txt&gt; =&gt; &lt;base64_ascii_str_pickle_to_object&gt; -&gt; &lt;float_to_bool&gt;$
Executing Parsing Plan for [/home/travis/build/smarie/python-parsyfiles/parsyfiles/tests/combining_parsers_converters/test_data/b64pickle-float-1.0=True]
(P) /home/travis/build/smarie/python-parsyfiles/parsyfiles/tests/combining_parsers_converters/test_data/b64pickle-float-1.0=True.txt -&gt; bool ------- using $&lt;read_str_from_txt&gt; =&gt; &lt;base64_ascii_str_pickle_to_object&gt; -&gt; &lt;float_to_bool&gt;$
(P)                                                                                                  |--b64pickle-float-1.0=True.txt -&gt; bool SUCCESS !
Completed parsing successfully

**** Starting to parse single object of type &lt;bool&gt; at location /home/travis/build/smarie/python-parsyfiles/parsyfiles/tests/combining_parsers_converters/test_data/b64pickle-float-1.0=True ****
Checking all files under [/home/travis/build/smarie/python-parsyfiles/parsyfiles/tests/combining_parsers_converters/test_data/b64pickle-float-1.0=True]
(C) /home/travis/build/smarie/python-parsyfiles/parsyfiles/tests/combining_parsers_converters/test_data/b64pickle-float-1.0=True (singlefile, .txt)
File checks done

Building a parsing plan to parse [/home/travis/build/smarie/python-parsyfiles/parsyfiles/tests/combining_parsers_converters/test_data/b64pickle-float-1.0=True] into a bool
(B) /home/travis/build/smarie/python-parsyfiles/parsyfiles/tests/combining_parsers_converters/test_data/b64pickle-float-1.0=True.txt -&gt; bool ------- using [Try &apos;$&lt;read_str_from_txt&gt; =&gt; &lt;str_to_bool&gt;$&apos; then &apos;$&lt;read_str_from_txt&gt; =&gt; &lt;base64_ascii_str_pickle_to_object&gt; -&gt; &lt;float_to_bool&gt;$&apos; then &apos;$&lt;read_str_from_txt&gt; =&gt; &lt;base64_ascii_str_pickle_to_object&gt; -&gt; &lt;int_to_bool&gt;$&apos; then &apos;$&lt;read_str_from_txt&gt; =&gt; &lt;base64_ascii_str_pickle_to_object&gt; -&gt; &lt;str_to_bool&gt;$&apos; then &apos;$&lt;read_str_from_txt&gt; =&gt; &lt;base64_ascii_str_pickle_to_object&gt;$]&apos;]
(B)                                                                                                  |--b64pickle-float-1.0=True.txt -&gt; bool ------- using $&lt;read_str_from_txt&gt; =&gt; &lt;str_to_bool&gt;$
Parsing Plan created successfully

Executing Parsing Plan for [/home/travis/build/smarie/python-parsyfiles/parsyfiles/tests/combining_parsers_converters/test_data/b64pickle-float-1.0=True]
(P) /home/travis/build/smarie/python-parsyfiles/parsyfiles/tests/combining_parsers_converters/test_data/b64pickle-float-1.0=True.txt -&gt; bool ------- using $&lt;read_str_from_txt&gt; =&gt; &lt;str_to_bool&gt;$
  !! Caught error during execution !!
  File &quot;/home/travis/build/smarie/python-parsyfiles/parsyfiles/converting_core.py&quot;, line 524, in _convert
    return self.conversion_method(desired_type, source_obj, logger, **opts)
  File &quot;/home/travis/build/smarie/python-parsyfiles/parsyfiles/plugins_base/support_for_primitive_types.py&quot;, line 84, in primitive_to_bool
    return bool(strtobool(source))
  File &quot;/opt/python/3.5.5/lib/python3.5/distutils/util.py&quot;, line 317, in strtobool
    raise ValueError(&quot;invalid truth value %r&quot; % (val,))
  ValueError : invalid truth value &apos;ganhp/aaaaaaaaau&apos;
(B)                                                                                                  |--b64pickle-float-1.0=True.txt -&gt; bool ------- using $&lt;read_str_from_txt&gt; =&gt; &lt;base64_ascii_str_pickle_to_object&gt; -&gt; &lt;float_to_bool&gt;$
Executing Parsing Plan for [/home/travis/build/smarie/python-parsyfiles/parsyfiles/tests/combining_parsers_converters/test_data/b64pickle-float-1.0=True]
(P) /home/travis/build/smarie/python-parsyfiles/parsyfiles/tests/combining_parsers_converters/test_data/b64pickle-float-1.0=True.txt -&gt; bool ------- using $&lt;read_str_from_txt&gt; =&gt; &lt;base64_ascii_str_pickle_to_object&gt; -&gt; &lt;float_to_bool&gt;$
(P)                                                                                                  |--b64pickle-float-1.0=True.txt -&gt; bool SUCCESS !
Completed parsing successfully

**** Starting to parse single object of type &lt;bool&gt; at location /home/travis/build/smarie/python-parsyfiles/parsyfiles/tests/combining_parsers_converters/test_data/b64pickle-float-1.0=True ****
Checking all files under [/home/travis/build/smarie/python-parsyfiles/parsyfiles/tests/combining_parsers_converters/test_data/b64pickle-float-1.0=True]
(C) /home/travis/build/smarie/python-parsyfiles/parsyfiles/tests/combining_parsers_converters/test_data/b64pickle-float-1.0=True (singlefile, .txt)
File checks done

Building a parsing plan to parse [/home/travis/build/smarie/python-parsyfiles/parsyfiles/tests/combining_parsers_converters/test_data/b64pickle-float-1.0=True] into a bool
(B) /home/travis/build/smarie/python-parsyfiles/parsyfiles/tests/combining_parsers_converters/test_data/b64pickle-float-1.0=True.txt -&gt; bool ------- using [Try &apos;$&lt;read_str_from_txt&gt; =&gt; &lt;str_to_bool&gt;$&apos; then &apos;$&lt;read_str_from_txt&gt; =&gt; &lt;base64_ascii_str_pickle_to_object&gt; -&gt; &lt;float_to_bool&gt;$&apos; then &apos;$&lt;read_str_from_txt&gt; =&gt; &lt;base64_ascii_str_pickle_to_object&gt; -&gt; &lt;int_to_bool&gt;$&apos; then &apos;$&lt;read_str_from_txt&gt; =&gt; &lt;base64_ascii_str_pickle_to_object&gt; -&gt; &lt;str_to_bool&gt;$&apos; then &apos;$&lt;read_str_from_txt&gt; =&gt; &lt;base64_ascii_str_pickle_to_object&gt;$]&apos;]
(B)                                                                                                  |--b64pickle-float-1.0=True.txt -&gt; bool ------- using $&lt;read_str_from_txt&gt; =&gt; &lt;str_to_bool&gt;$
Parsing Plan created successfully

Executing Parsing Plan for [/home/travis/build/smarie/python-parsyfiles/parsyfiles/tests/combining_parsers_converters/test_data/b64pickle-float-1.0=True]
(P) /home/travis/build/smarie/python-parsyfiles/parsyfiles/tests/combining_parsers_converters/test_data/b64pickle-float-1.0=True.txt -&gt; bool ------- using $&lt;read_str_from_txt&gt; =&gt; &lt;str_to_bool&gt;$
  !! Caught error during execution !!
  File &quot;/home/travis/build/smarie/python-parsyfiles/parsyfiles/converting_core.py&quot;, line 524, in _convert
    return self.conversion_method(desired_type, source_obj, logger, **opts)
  File &quot;/home/travis/build/smarie/python-parsyfiles/parsyfiles/plugins_base/support_for_primitive_types.py&quot;, line 84, in primitive_to_bool
    return bool(strtobool(source))
  File &quot;/opt/python/3.5.5/lib/python3.5/distutils/util.py&quot;, line 317, in strtobool
    raise ValueError(&quot;invalid truth value %r&quot; % (val,))
  ValueError : invalid truth value &apos;ganhp/aaaaaaaaau&apos;
(B)                                                                                                  |--b64pickle-float-1.0=True.txt -&gt; bool ------- using $&lt;read_str_from_txt&gt; =&gt; &lt;base64_ascii_str_pickle_to_object&gt; -&gt; &lt;float_to_bool&gt;$
Executing Parsing Plan for [/home/travis/build/smarie/python-parsyfiles/parsyfiles/tests/combining_parsers_converters/test_data/b64pickle-float-1.0=True]
(P) /home/travis/build/smarie/python-parsyfiles/parsyfiles/tests/combining_parsers_converters/test_data/b64pickle-float-1.0=True.txt -&gt; bool ------- using $&lt;read_str_from_txt&gt; =&gt; &lt;base64_ascii_str_pickle_to_object&gt; -&gt; &lt;float_to_bool&gt;$
(P)                                                                                                  |--b64pickle-float-1.0=True.txt -&gt; bool SUCCESS !
Completed parsing successfully

**** Starting to parse single object of type &lt;bool&gt; at location /home/travis/build/smarie/python-parsyfiles/parsyfiles/tests/combining_parsers_converters/test_data/b64pickle-float-1.0=True ****
Checking all files under [/home/travis/build/smarie/python-parsyfiles/parsyfiles/tests/combining_parsers_converters/test_data/b64pickle-float-1.0=True]
(C) /home/travis/build/smarie/python-parsyfiles/parsyfiles/tests/combining_parsers_converters/test_data/b64pickle-float-1.0=True (singlefile, .txt)
File checks done

Building a parsing plan to parse [/home/travis/build/smarie/python-parsyfiles/parsyfiles/tests/combining_parsers_converters/test_data/b64pickle-float-1.0=True] into a bool
(B) /home/travis/build/smarie/python-parsyfiles/parsyfiles/tests/combining_parsers_converters/test_data/b64pickle-float-1.0=True.txt -&gt; bool ------- using [Try &apos;$&lt;read_str_from_txt&gt; =&gt; &lt;str_to_bool&gt;$&apos; then &apos;$&lt;read_str_from_txt&gt; =&gt; &lt;base64_ascii_str_pickle_to_object&gt; -&gt; &lt;float_to_bool&gt;$&apos; then &apos;$&lt;read_str_from_txt&gt; =&gt; &lt;base64_ascii_str_pickle_to_object&gt; -&gt; &lt;int_to_bool&gt;$&apos; then &apos;$&lt;read_str_from_txt&gt; =&gt; &lt;base64_ascii_str_pickle_to_object&gt; -&gt; &lt;str_to_bool&gt;$&apos; then &apos;$&lt;read_str_from_txt&gt; =&gt; &lt;base64_ascii_str_pickle_to_object&gt;$]&apos;]
(B)                                                                                                  |--b64pickle-float-1.0=True.txt -&gt; bool ------- using $&lt;read_str_from_txt&gt; =&gt; &lt;str_to_bool&gt;$
Parsing Plan created successfully

Executing Parsing Plan for [/home/travis/build/smarie/python-parsyfiles/parsyfiles/tests/combining_parsers_converters/test_data/b64pickle-float-1.0=True]
(P) /home/travis/build/smarie/python-parsyfiles/parsyfiles/tests/combining_parsers_converters/test_data/b64pickle-float-1.0=True.txt -&gt; bool ------- using $&lt;read_str_from_txt&gt; =&gt; &lt;str_to_bool&gt;$
  !! Caught error during execution !!
  File &quot;/home/travis/build/smarie/python-parsyfiles/parsyfiles/converting_core.py&quot;, line 524, in _convert
    return self.conversion_method(desired_type, source_obj, logger, **opts)
  File &quot;/home/travis/build/smarie/python-parsyfiles/parsyfiles/plugins_base/support_for_primitive_types.py&quot;, line 84, in primitive_to_bool
    return bool(strtobool(source))
  File &quot;/opt/python/3.5.5/lib/python3.5/distutils/util.py&quot;, line 317, in strtobool
    raise ValueError(&quot;invalid truth value %r&quot; % (val,))
  ValueError : invalid truth value &apos;ganhp/aaaaaaaaau&apos;
(B)                                                                                                  |--b64pickle-float-1.0=True.txt -&gt; bool ------- using $&lt;read_str_from_txt&gt; =&gt; &lt;base64_ascii_str_pickle_to_object&gt; -&gt; &lt;float_to_bool&gt;$
Executing Parsing Plan for [/home/travis/build/smarie/python-parsyfiles/parsyfiles/tests/combining_parsers_converters/test_data/b64pickle-float-1.0=True]
(P) /home/travis/build/smarie/python-parsyfiles/parsyfiles/tests/combining_parsers_converters/test_data/b64pickle-float-1.0=True.txt -&gt; bool ------- using $&lt;read_str_from_txt&gt; =&gt; &lt;base64_ascii_str_pickle_to_object&gt; -&gt; &lt;float_to_bool&gt;$
(P)                                                                                                  |--b64pickle-float-1.0=True.txt -&gt; bool SUCCESS !
Completed parsing successfully

**** Starting to parse single object of type &lt;bool&gt; at location /home/travis/build/smarie/python-parsyfiles/parsyfiles/tests/combining_parsers_converters/test_data/b64pickle-float-1.0=True ****
Checking all files under [/home/travis/build/smarie/python-parsyfiles/parsyfiles/tests/combining_parsers_converters/test_data/b64pickle-float-1.0=True]
(C) /home/travis/build/smarie/python-parsyfiles/parsyfiles/tests/combining_parsers_converters/test_data/b64pickle-float-1.0=True (singlefile, .txt)
File checks done

Building a parsing plan to parse [/home/travis/build/smarie/python-parsyfiles/parsyfiles/tests/combining_parsers_converters/test_data/b64pickle-float-1.0=True] into a bool
(B) /home/travis/build/smarie/python-parsyfiles/parsyfiles/tests/combining_parsers_converters/test_data/b64pickle-float-1.0=True.txt -&gt; bool ------- using [Try &apos;$&lt;read_str_from_txt&gt; =&gt; &lt;str_to_bool&gt;$&apos; then &apos;$&lt;read_str_from_txt&gt; =&gt; &lt;base64_ascii_str_pickle_to_object&gt; -&gt; &lt;float_to_bool&gt;$&apos; then &apos;$&lt;read_str_from_txt&gt; =&gt; &lt;base64_ascii_str_pickle_to_object&gt; -&gt; &lt;int_to_bool&gt;$&apos; then &apos;$&lt;read_str_from_txt&gt; =&gt; &lt;base64_ascii_str_pickle_to_object&gt; -&gt; &lt;str_to_bool&gt;$&apos; then &apos;$&lt;read_str_from_txt&gt; =&gt; &lt;base64_ascii_str_pickle_to_object&gt;$]&apos;]
(B)                                                                                                  |--b64pickle-float-1.0=True.txt -&gt; bool ------- using $&lt;read_str_from_txt&gt; =&gt; &lt;str_to_bool&gt;$
Parsing Plan created successfully

Executing Parsing Plan for [/home/travis/build/smarie/python-parsyfiles/parsyfiles/tests/combining_parsers_converters/test_data/b64pickle-float-1.0=True]
(P) /home/travis/build/smarie/python-parsyfiles/parsyfiles/tests/combining_parsers_converters/test_data/b64pickle-float-1.0=True.txt -&gt; bool ------- using $&lt;read_str_from_txt&gt; =&gt; &lt;str_to_bool&gt;$
  !! Caught error during execution !!
  File &quot;/home/travis/build/smarie/python-parsyfiles/parsyfiles/converting_core.py&quot;, line 524, in _convert
    return self.conversion_method(desired_type, source_obj, logger, **opts)
  File &quot;/home/travis/build/smarie/python-parsyfiles/parsyfiles/plugins_base/support_for_primitive_types.py&quot;, line 84, in primitive_to_bool
    return bool(strtobool(source))
  File &quot;/opt/python/3.5.5/lib/python3.5/distutils/util.py&quot;, line 317, in strtobool
    raise ValueError(&quot;invalid truth value %r&quot; % (val,))
  ValueError : invalid truth value &apos;ganhp/aaaaaaaaau&apos;
(B)                                                                                                  |--b64pickle-float-1.0=True.txt -&gt; bool ------- using $&lt;read_str_from_txt&gt; =&gt; &lt;base64_ascii_str_pickle_to_object&gt; -&gt; &lt;float_to_bool&gt;$
Executing Parsing Plan for [/home/travis/build/smarie/python-parsyfiles/parsyfiles/tests/combining_parsers_converters/test_data/b64pickle-float-1.0=True]
(P) /home/travis/build/smarie/python-parsyfiles/parsyfiles/tests/combining_parsers_converters/test_data/b64pickle-float-1.0=True.txt -&gt; bool ------- using $&lt;read_str_from_txt&gt; =&gt; &lt;base64_ascii_str_pickle_to_object&gt; -&gt; &lt;float_to_bool&gt;$
(P)                                                                                                  |--b64pickle-float-1.0=True.txt -&gt; bool SUCCESS !
Completed parsing successfully

**** Starting to parse single object of type &lt;bool&gt; at location /home/travis/build/smarie/python-parsyfiles/parsyfiles/tests/combining_parsers_converters/test_data/b64pickle-float-1.0=True ****
Checking all files under [/home/travis/build/smarie/python-parsyfiles/parsyfiles/tests/combining_parsers_converters/test_data/b64pickle-float-1.0=True]
(C) /home/travis/build/smarie/python-parsyfiles/parsyfiles/tests/combining_parsers_converters/test_data/b64pickle-float-1.0=True (singlefile, .txt)
File checks done

Building a parsing plan to parse [/home/travis/build/smarie/python-parsyfiles/parsyfiles/tests/combining_parsers_converters/test_data/b64pickle-float-1.0=True] into a bool
(B) /home/travis/build/smarie/python-parsyfiles/parsyfiles/tests/combining_parsers_converters/test_data/b64pickle-float-1.0=True.txt -&gt; bool ------- using [Try &apos;$&lt;read_str_from_txt&gt; =&gt; &lt;str_to_bool&gt;$&apos; then &apos;$&lt;read_str_from_txt&gt; =&gt; &lt;base64_ascii_str_pickle_to_object&gt; -&gt; &lt;float_to_bool&gt;$&apos; then &apos;$&lt;read_str_from_txt&gt; =&gt; &lt;base64_ascii_str_pickle_to_object&gt; -&gt; &lt;int_to_bool&gt;$&apos; then &apos;$&lt;read_str_from_txt&gt; =&gt; &lt;base64_ascii_str_pickle_to_object&gt; -&gt; &lt;str_to_bool&gt;$&apos; then &apos;$&lt;read_str_from_txt&gt; =&gt; &lt;base64_ascii_str_pickle_to_object&gt;$]&apos;]
(B)                                                                                                  |--b64pickle-float-1.0=True.txt -&gt; bool ------- using $&lt;read_str_from_txt&gt; =&gt; &lt;str_to_bool&gt;$
Parsing Plan created successfully

Executing Parsing Plan for [/home/travis/build/smarie/python-parsyfiles/parsyfiles/tests/combining_parsers_converters/test_data/b64pickle-float-1.0=True]
(P) /home/travis/build/smarie/python-parsyfiles/parsyfiles/tests/combining_parsers_converters/test_data/b64pickle-float-1.0=True.txt -&gt; bool ------- using $&lt;read_str_from_txt&gt; =&gt; &lt;str_to_bool&gt;$
  !! Caught error during execution !!
  File &quot;/home/travis/build/smarie/python-parsyfiles/parsyfiles/converting_core.py&quot;, line 524, in _convert
    return self.conversion_method(desired_type, source_obj, logger, **opts)
  File &quot;/home/travis/build/smarie/python-parsyfiles/parsyfiles/plugins_base/support_for_primitive_types.py&quot;, line 84, in primitive_to_bool
    return bool(strtobool(source))
  File &quot;/opt/python/3.5.5/lib/python3.5/distutils/util.py&quot;, line 317, in strtobool
    raise ValueError(&quot;invalid truth value %r&quot; % (val,))
  ValueError : invalid truth value &apos;ganhp/aaaaaaaaau&apos;
(B)                                                                                                  |--b64pickle-float-1.0=True.txt -&gt; bool ------- using $&lt;read_str_from_txt&gt; =&gt; &lt;base64_ascii_str_pickle_to_object&gt; -&gt; &lt;float_to_bool&gt;$
Executing Parsing Plan for [/home/travis/build/smarie/python-parsyfiles/parsyfiles/tests/combining_parsers_converters/test_data/b64pickle-float-1.0=True]
(P) /home/travis/build/smarie/python-parsyfiles/parsyfiles/tests/combining_parsers_converters/test_data/b64pickle-float-1.0=True.txt -&gt; bool ------- using $&lt;read_str_from_txt&gt; =&gt; &lt;base64_ascii_str_pickle_to_object&gt; -&gt; &lt;float_to_bool&gt;$
(P)                                                                                                  |--b64pickle-float-1.0=True.txt -&gt; bool SUCCESS !
Completed parsing successfully

**** Starting to parse single object of type &lt;bool&gt; at location /home/travis/build/smarie/python-parsyfiles/parsyfiles/tests/combining_parsers_converters/test_data/b64pickle-float-1.0=True ****
Checking all files under [/home/travis/build/smarie/python-parsyfiles/parsyfiles/tests/combining_parsers_converters/test_data/b64pickle-float-1.0=True]
(C) /home/travis/build/smarie/python-parsyfiles/parsyfiles/tests/combining_parsers_converters/test_data/b64pickle-float-1.0=True (singlefile, .txt)
File checks done

Building a parsing plan to parse [/home/travis/build/smarie/python-parsyfiles/parsyfiles/tests/combining_parsers_converters/test_data/b64pickle-float-1.0=True] into a bool
(B) /home/travis/build/smarie/python-parsyfiles/parsyfiles/tests/combining_parsers_converters/test_data/b64pickle-float-1.0=True.txt -&gt; bool ------- using [Try &apos;$&lt;read_str_from_txt&gt; =&gt; &lt;str_to_bool&gt;$&apos; then &apos;$&lt;read_str_from_txt&gt; =&gt; &lt;base64_ascii_str_pickle_to_object&gt; -&gt; &lt;float_to_bool&gt;$&apos; then &apos;$&lt;read_str_from_txt&gt; =&gt; &lt;base64_ascii_str_pickle_to_object&gt; -&gt; &lt;int_to_bool&gt;$&apos; then &apos;$&lt;read_str_from_txt&gt; =&gt; &lt;base64_ascii_str_pickle_to_object&gt; -&gt; &lt;str_to_bool&gt;$&apos; then &apos;$&lt;read_str_from_txt&gt; =&gt; &lt;base64_ascii_str_pickle_to_object&gt;$]&apos;]
(B)                                                                                                  |--b64pickle-float-1.0=True.txt -&gt; bool ------- using $&lt;read_str_from_txt&gt; =&gt; &lt;str_to_bool&gt;$
Parsing Plan created successfully

Executing Parsing Plan for [/home/travis/build/smarie/python-parsyfiles/parsyfiles/tests/combining_parsers_converters/test_data/b64pickle-float-1.0=True]
(P) /home/travis/build/smarie/python-parsyfiles/parsyfiles/tests/combining_parsers_converters/test_data/b64pickle-float-1.0=True.txt -&gt; bool ------- using $&lt;read_str_from_txt&gt; =&gt; &lt;str_to_bool&gt;$
  !! Caught error during execution !!
  File &quot;/home/travis/build/smarie/python-parsyfiles/parsyfiles/converting_core.py&quot;, line 524, in _convert
    return self.conversion_method(desired_type, source_obj, logger, **opts)
  File &quot;/home/travis/build/smarie/python-parsyfiles/parsyfiles/plugins_base/support_for_primitive_types.py&quot;, line 84, in primitive_to_bool
    return bool(strtobool(source))
  File &quot;/opt/python/3.5.5/lib/python3.5/distutils/util.py&quot;, line 317, in strtobool
    raise ValueError(&quot;invalid truth value %r&quot; % (val,))
  ValueError : invalid truth value &apos;ganhp/aaaaaaaaau&apos;
(B)                                                                                                  |--b64pickle-float-1.0=True.txt -&gt; bool ------- using $&lt;read_str_from_txt&gt; =&gt; &lt;base64_ascii_str_pickle_to_object&gt; -&gt; &lt;float_to_bool&gt;$
Executing Parsing Plan for [/home/travis/build/smarie/python-parsyfiles/parsyfiles/tests/combining_parsers_converters/test_data/b64pickle-float-1.0=True]
(P) /home/travis/build/smarie/python-parsyfiles/parsyfiles/tests/combining_parsers_converters/test_data/b64pickle-float-1.0=True.txt -&gt; bool ------- using $&lt;read_str_from_txt&gt; =&gt; &lt;base64_ascii_str_pickle_to_object&gt; -&gt; &lt;float_to_bool&gt;$
(P)                                                                                                  |--b64pickle-float-1.0=True.txt -&gt; bool SUCCESS !
Completed parsing successfully

**** Starting to parse single object of type &lt;bool&gt; at location /home/travis/build/smarie/python-parsyfiles/parsyfiles/tests/combining_parsers_converters/test_data/b64pickle-float-1.0=True ****
Checking all files under [/home/travis/build/smarie/python-parsyfiles/parsyfiles/tests/combining_parsers_converters/test_data/b64pickle-float-1.0=True]
(C) /home/travis/build/smarie/python-parsyfiles/parsyfiles/tests/combining_parsers_converters/test_data/b64pickle-float-1.0=True (singlefile, .txt)
File checks done

Building a parsing plan to parse [/home/travis/build/smarie/python-parsyfiles/parsyfiles/tests/combining_parsers_converters/test_data/b64pickle-float-1.0=True] into a bool
(B) /home/travis/build/smarie/python-parsyfiles/parsyfiles/tests/combining_parsers_converters/test_data/b64pickle-float-1.0=True.txt -&gt; bool ------- using [Try &apos;$&lt;read_str_from_txt&gt; =&gt; &lt;str_to_bool&gt;$&apos; then &apos;$&lt;read_str_from_txt&gt; =&gt; &lt;base64_ascii_str_pickle_to_object&gt; -&gt; &lt;float_to_bool&gt;$&apos; then &apos;$&lt;read_str_from_txt&gt; =&gt; &lt;base64_ascii_str_pickle_to_object&gt; -&gt; &lt;int_to_bool&gt;$&apos; then &apos;$&lt;read_str_from_txt&gt; =&gt; &lt;base64_ascii_str_pickle_to_object&gt; -&gt; &lt;str_to_bool&gt;$&apos; then &apos;$&lt;read_str_from_txt&gt; =&gt; &lt;base64_ascii_str_pickle_to_object&gt;$]&apos;]
(B)                                                                                                  |--b64pickle-float-1.0=True.txt -&gt; bool ------- using $&lt;read_str_from_txt&gt; =&gt; &lt;str_to_bool&gt;$
Parsing Plan created successfully

Executing Parsing Plan for [/home/travis/build/smarie/python-parsyfiles/parsyfiles/tests/combining_parsers_converters/test_data/b64pickle-float-1.0=True]
(P) /home/travis/build/smarie/python-parsyfiles/parsyfiles/tests/combining_parsers_converters/test_data/b64pickle-float-1.0=True.txt -&gt; bool ------- using $&lt;read_str_from_txt&gt; =&gt; &lt;str_to_bool&gt;$
  !! Caught error during execution !!
  File &quot;/home/travis/build/smarie/python-parsyfiles/parsyfiles/converting_core.py&quot;, line 524, in _convert
    return self.conversion_method(desired_type, source_obj, logger, **opts)
  File &quot;/home/travis/build/smarie/python-parsyfiles/parsyfiles/plugins_base/support_for_primitive_types.py&quot;, line 84, in primitive_to_bool
    return bool(strtobool(source))
  File &quot;/opt/python/3.5.5/lib/python3.5/distutils/util.py&quot;, line 317, in strtobool
    raise ValueError(&quot;invalid truth value %r&quot; % (val,))
  ValueError : invalid truth value &apos;ganhp/aaaaaaaaau&apos;
(B)                                                                                                  |--b64pickle-float-1.0=True.txt -&gt; bool ------- using $&lt;read_str_from_txt&gt; =&gt; &lt;base64_ascii_str_pickle_to_object&gt; -&gt; &lt;float_to_bool&gt;$
Executing Parsing Plan for [/home/travis/build/smarie/python-parsyfiles/parsyfiles/tests/combining_parsers_converters/test_data/b64pickle-float-1.0=True]
(P) /home/travis/build/smarie/python-parsyfiles/parsyfiles/tests/combining_parsers_converters/test_data/b64pickle-float-1.0=True.txt -&gt; bool ------- using $&lt;read_str_from_txt&gt; =&gt; &lt;base64_ascii_str_pickle_to_object&gt; -&gt; &lt;float_to_bool&gt;$
(P)                                                                                                  |--b64pickle-float-1.0=True.txt -&gt; bool SUCCESS !
Completed parsing successfully

**** Starting to parse single object of type &lt;bool&gt; at location /home/travis/build/smarie/python-parsyfiles/parsyfiles/tests/combining_parsers_converters/test_data/b64pickle-float-1.0=True ****
Checking all files under [/home/travis/build/smarie/python-parsyfiles/parsyfiles/tests/combining_parsers_converters/test_data/b64pickle-float-1.0=True]
(C) /home/travis/build/smarie/python-parsyfiles/parsyfiles/tests/combining_parsers_converters/test_data/b64pickle-float-1.0=True (singlefile, .txt)
File checks done

Building a parsing plan to parse [/home/travis/build/smarie/python-parsyfiles/parsyfiles/tests/combining_parsers_converters/test_data/b64pickle-float-1.0=True] into a bool
(B) /home/travis/build/smarie/python-parsyfiles/parsyfiles/tests/combining_parsers_converters/test_data/b64pickle-float-1.0=True.txt -&gt; bool ------- using [Try &apos;$&lt;read_str_from_txt&gt; =&gt; &lt;str_to_bool&gt;$&apos; then &apos;$&lt;read_str_from_txt&gt; =&gt; &lt;base64_ascii_str_pickle_to_object&gt; -&gt; &lt;float_to_bool&gt;$&apos; then &apos;$&lt;read_str_from_txt&gt; =&gt; &lt;base64_ascii_str_pickle_to_object&gt; -&gt; &lt;int_to_bool&gt;$&apos; then &apos;$&lt;read_str_from_txt&gt; =&gt; &lt;base64_ascii_str_pickle_to_object&gt; -&gt; &lt;str_to_bool&gt;$&apos; then &apos;$&lt;read_str_from_txt&gt; =&gt; &lt;base64_ascii_str_pickle_to_object&gt;$]&apos;]
(B)                                                                                                  |--b64pickle-float-1.0=True.txt -&gt; bool ------- using $&lt;read_str_from_txt&gt; =&gt; &lt;str_to_bool&gt;$
Parsing Plan created successfully

Executing Parsing Plan for [/home/travis/build/smarie/python-parsyfiles/parsyfiles/tests/combining_parsers_converters/test_data/b64pickle-float-1.0=True]
(P) /home/travis/build/smarie/python-parsyfiles/parsyfiles/tests/combining_parsers_converters/test_data/b64pickle-float-1.0=True.txt -&gt; bool ------- using $&lt;read_str_from_txt&gt; =&gt; &lt;str_to_bool&gt;$
  !! Caught error during execution !!
  File &quot;/home/travis/build/smarie/python-parsyfiles/parsyfiles/converting_core.py&quot;, line 524, in _convert
    return self.conversion_method(desired_type, source_obj, logger, **opts)
  File &quot;/home/travis/build/smarie/python-parsyfiles/parsyfiles/plugins_base/support_for_primitive_types.py&quot;, line 84, in primitive_to_bool
    return bool(strtobool(source))
  File &quot;/opt/python/3.5.5/lib/python3.5/distutils/util.py&quot;, line 317, in strtobool
    raise ValueError(&quot;invalid truth value %r&quot; % (val,))
  ValueError : invalid truth value &apos;ganhp/aaaaaaaaau&apos;
(B)                                                                                                  |--b64pickle-float-1.0=True.txt -&gt; bool ------- using $&lt;read_str_from_txt&gt; =&gt; &lt;base64_ascii_str_pickle_to_object&gt; -&gt; &lt;float_to_bool&gt;$
Executing Parsing Plan for [/home/travis/build/smarie/python-parsyfiles/parsyfiles/tests/combining_parsers_converters/test_data/b64pickle-float-1.0=True]
(P) /home/travis/build/smarie/python-parsyfiles/parsyfiles/tests/combining_parsers_converters/test_data/b64pickle-float-1.0=True.txt -&gt; bool ------- using $&lt;read_str_from_txt&gt; =&gt; &lt;base64_ascii_str_pickle_to_object&gt; -&gt; &lt;float_to_bool&gt;$
(P)                                                                                                  |--b64pickle-float-1.0=True.txt -&gt; bool SUCCESS !
Completed parsing successfully

**** Starting to parse single object of type &lt;bool&gt; at location /home/travis/build/smarie/python-parsyfiles/parsyfiles/tests/combining_parsers_converters/test_data/b64pickle-float-1.0=True ****
Checking all files under [/home/travis/build/smarie/python-parsyfiles/parsyfiles/tests/combining_parsers_converters/test_data/b64pickle-float-1.0=True]
(C) /home/travis/build/smarie/python-parsyfiles/parsyfiles/tests/combining_parsers_converters/test_data/b64pickle-float-1.0=True (singlefile, .txt)
File checks done

Building a parsing plan to parse [/home/travis/build/smarie/python-parsyfiles/parsyfiles/tests/combining_parsers_converters/test_data/b64pickle-float-1.0=True] into a bool
(B) /home/travis/build/smarie/python-parsyfiles/parsyfiles/tests/combining_parsers_converters/test_data/b64pickle-float-1.0=True.txt -&gt; bool ------- using [Try &apos;$&lt;read_str_from_txt&gt; =&gt; &lt;str_to_bool&gt;$&apos; then &apos;$&lt;read_str_from_txt&gt; =&gt; &lt;base64_ascii_str_pickle_to_object&gt; -&gt; &lt;float_to_bool&gt;$&apos; then &apos;$&lt;read_str_from_txt&gt; =&gt; &lt;base64_ascii_str_pickle_to_object&gt; -&gt; &lt;int_to_bool&gt;$&apos; then &apos;$&lt;read_str_from_txt&gt; =&gt; &lt;base64_ascii_str_pickle_to_object&gt; -&gt; &lt;str_to_bool&gt;$&apos; then &apos;$&lt;read_str_from_txt&gt; =&gt; &lt;base64_ascii_str_pickle_to_object&gt;$]&apos;]
(B)                                                                                                  |--b64pickle-float-1.0=True.txt -&gt; bool ------- using $&lt;read_str_from_txt&gt; =&gt; &lt;str_to_bool&gt;$
Parsing Plan created successfully

Executing Parsing Plan for [/home/travis/build/smarie/python-parsyfiles/parsyfiles/tests/combining_parsers_converters/test_data/b64pickle-float-1.0=True]
(P) /home/travis/build/smarie/python-parsyfiles/parsyfiles/tests/combining_parsers_converters/test_data/b64pickle-float-1.0=True.txt -&gt; bool ------- using $&lt;read_str_from_txt&gt; =&gt; &lt;str_to_bool&gt;$
  !! Caught error during execution !!
  File &quot;/home/travis/build/smarie/python-parsyfiles/parsyfiles/converting_core.py&quot;, line 524, in _convert
    return self.conversion_method(desired_type, source_obj, logger, **opts)
  File &quot;/home/travis/build/smarie/python-parsyfiles/parsyfiles/plugins_base/support_for_primitive_types.py&quot;, line 84, in primitive_to_bool
    return bool(strtobool(source))
  File &quot;/opt/python/3.5.5/lib/python3.5/distutils/util.py&quot;, line 317, in strtobool
    raise ValueError(&quot;invalid truth value %r&quot; % (val,))
  ValueError : invalid truth value &apos;ganhp/aaaaaaaaau&apos;
(B)                                                                                                  |--b64pickle-float-1.0=True.txt -&gt; bool ------- using $&lt;read_str_from_txt&gt; =&gt; &lt;base64_ascii_str_pickle_to_object&gt; -&gt; &lt;float_to_bool&gt;$
Executing Parsing Plan for [/home/travis/build/smarie/python-parsyfiles/parsyfiles/tests/combining_parsers_converters/test_data/b64pickle-float-1.0=True]
(P) /home/travis/build/smarie/python-parsyfiles/parsyfiles/tests/combining_parsers_converters/test_data/b64pickle-float-1.0=True.txt -&gt; bool ------- using $&lt;read_str_from_txt&gt; =&gt; &lt;base64_ascii_str_pickle_to_object&gt; -&gt; &lt;float_to_bool&gt;$
(P)                                                                                                  |--b64pickle-float-1.0=True.txt -&gt; bool SUCCESS !
Completed parsing successfully

**** Starting to parse single object of type &lt;bool&gt; at location /home/travis/build/smarie/python-parsyfiles/parsyfiles/tests/combining_parsers_converters/test_data/b64pickle-float-1.0=True ****
Checking all files under [/home/travis/build/smarie/python-parsyfiles/parsyfiles/tests/combining_parsers_converters/test_data/b64pickle-float-1.0=True]
(C) /home/travis/build/smarie/python-parsyfiles/parsyfiles/tests/combining_parsers_converters/test_data/b64pickle-float-1.0=True (singlefile, .txt)
File checks done

Building a parsing plan to parse [/home/travis/build/smarie/python-parsyfiles/parsyfiles/tests/combining_parsers_converters/test_data/b64pickle-float-1.0=True] into a bool
(B) /home/travis/build/smarie/python-parsyfiles/parsyfiles/tests/combining_parsers_converters/test_data/b64pickle-float-1.0=True.txt -&gt; bool ------- using [Try &apos;$&lt;read_str_from_txt&gt; =&gt; &lt;str_to_bool&gt;$&apos; then &apos;$&lt;read_str_from_txt&gt; =&gt; &lt;base64_ascii_str_pickle_to_object&gt; -&gt; &lt;float_to_bool&gt;$&apos; then &apos;$&lt;read_str_from_txt&gt; =&gt; &lt;base64_ascii_str_pickle_to_object&gt; -&gt; &lt;int_to_bool&gt;$&apos; then &apos;$&lt;read_str_from_txt&gt; =&gt; &lt;base64_ascii_str_pickle_to_object&gt; -&gt; &lt;str_to_bool&gt;$&apos; then &apos;$&lt;read_str_from_txt&gt; =&gt; &lt;base64_ascii_str_pickle_to_object&gt;$]&apos;]
(B)                                                                                                  |--b64pickle-float-1.0=True.txt -&gt; bool ------- using $&lt;read_str_from_txt&gt; =&gt; &lt;str_to_bool&gt;$
Parsing Plan created successfully

Executing Parsing Plan for [/home/travis/build/smarie/python-parsyfiles/parsyfiles/tests/combining_parsers_converters/test_data/b64pickle-float-1.0=True]
(P) /home/travis/build/smarie/python-parsyfiles/parsyfiles/tests/combining_parsers_converters/test_data/b64pickle-float-1.0=True.txt -&gt; bool ------- using $&lt;read_str_from_txt&gt; =&gt; &lt;str_to_bool&gt;$
  !! Caught error during execution !!
  File &quot;/home/travis/build/smarie/python-parsyfiles/parsyfiles/converting_core.py&quot;, line 524, in _convert
    return self.conversion_method(desired_type, source_obj, logger, **opts)
  File &quot;/home/travis/build/smarie/python-parsyfiles/parsyfiles/plugins_base/support_for_primitive_types.py&quot;, line 84, in primitive_to_bool
    return bool(strtobool(source))
  File &quot;/opt/python/3.5.5/lib/python3.5/distutils/util.py&quot;, line 317, in strtobool
    raise ValueError(&quot;invalid truth value %r&quot; % (val,))
  ValueError : invalid truth value &apos;ganhp/aaaaaaaaau&apos;
(B)                                                                                                  |--b64pickle-float-1.0=True.txt -&gt; bool ------- using $&lt;read_str_from_txt&gt; =&gt; &lt;base64_ascii_str_pickle_to_object&gt; -&gt; &lt;float_to_bool&gt;$
Executing Parsing Plan for [/home/travis/build/smarie/python-parsyfiles/parsyfiles/tests/combining_parsers_converters/test_data/b64pickle-float-1.0=True]
(P) /home/travis/build/smarie/python-parsyfiles/parsyfiles/tests/combining_parsers_converters/test_data/b64pickle-float-1.0=True.txt -&gt; bool ------- using $&lt;read_str_from_txt&gt; =&gt; &lt;base64_ascii_str_pickle_to_object&gt; -&gt; &lt;float_to_bool&gt;$
(P)                                                                                                  |--b64pickle-float-1.0=True.txt -&gt; bool SUCCESS !
Completed parsing successfully

**** Starting to parse single object of type &lt;bool&gt; at location /home/travis/build/smarie/python-parsyfiles/parsyfiles/tests/combining_parsers_converters/test_data/b64pickle-float-1.0=True ****
Checking all files under [/home/travis/build/smarie/python-parsyfiles/parsyfiles/tests/combining_parsers_converters/test_data/b64pickle-float-1.0=True]
(C) /home/travis/build/smarie/python-parsyfiles/parsyfiles/tests/combining_parsers_converters/test_data/b64pickle-float-1.0=True (singlefile, .txt)
File checks done

Building a parsing plan to parse [/home/travis/build/smarie/python-parsyfiles/parsyfiles/tests/combining_parsers_converters/test_data/b64pickle-float-1.0=True] into a bool
(B) /home/travis/build/smarie/python-parsyfiles/parsyfiles/tests/combining_parsers_converters/test_data/b64pickle-float-1.0=True.txt -&gt; bool ------- using [Try &apos;$&lt;read_str_from_txt&gt; =&gt; &lt;str_to_bool&gt;$&apos; then &apos;$&lt;read_str_from_txt&gt; =&gt; &lt;base64_ascii_str_pickle_to_object&gt; -&gt; &lt;float_to_bool&gt;$&apos; then &apos;$&lt;read_str_from_txt&gt; =&gt; &lt;base64_ascii_str_pickle_to_object&gt; -&gt; &lt;int_to_bool&gt;$&apos; then &apos;$&lt;read_str_from_txt&gt; =&gt; &lt;base64_ascii_str_pickle_to_object&gt; -&gt; &lt;str_to_bool&gt;$&apos; then &apos;$&lt;read_str_from_txt&gt; =&gt; &lt;base64_ascii_str_pickle_to_object&gt;$]&apos;]
(B)                                                                                                  |--b64pickle-float-1.0=True.txt -&gt; bool ------- using $&lt;read_str_from_txt&gt; =&gt; &lt;str_to_bool&gt;$
Parsing Plan created successfully

Executing Parsing Plan for [/home/travis/build/smarie/python-parsyfiles/parsyfiles/tests/combining_parsers_converters/test_data/b64pickle-float-1.0=True]
(P) /home/travis/build/smarie/python-parsyfiles/parsyfiles/tests/combining_parsers_converters/test_data/b64pickle-float-1.0=True.txt -&gt; bool ------- using $&lt;read_str_from_txt&gt; =&gt; &lt;str_to_bool&gt;$
  !! Caught error during execution !!
  File &quot;/home/travis/build/smarie/python-parsyfiles/parsyfiles/converting_core.py&quot;, line 524, in _convert
    return self.conversion_method(desired_type, source_obj, logger, **opts)
  File &quot;/home/travis/build/smarie/python-parsyfiles/parsyfiles/plugins_base/support_for_primitive_types.py&quot;, line 84, in primitive_to_bool
    return bool(strtobool(source))
  File &quot;/opt/python/3.5.5/lib/python3.5/distutils/util.py&quot;, line 317, in strtobool
    raise ValueError(&quot;invalid truth value %r&quot; % (val,))
  ValueError : invalid truth value &apos;ganhp/aaaaaaaaau&apos;
(B)                                                                                                  |--b64pickle-float-1.0=True.txt -&gt; bool ------- using $&lt;read_str_from_txt&gt; =&gt; &lt;base64_ascii_str_pickle_to_object&gt; -&gt; &lt;float_to_bool&gt;$
Executing Parsing Plan for [/home/travis/build/smarie/python-parsyfiles/parsyfiles/tests/combining_parsers_converters/test_data/b64pickle-float-1.0=True]
(P) /home/travis/build/smarie/python-parsyfiles/parsyfiles/tests/combining_parsers_converters/test_data/b64pickle-float-1.0=True.txt -&gt; bool ------- using $&lt;read_str_from_txt&gt; =&gt; &lt;base64_ascii_str_pickle_to_object&gt; -&gt; &lt;float_to_bool&gt;$
(P)                                                                                                  |--b64pickle-float-1.0=True.txt -&gt; bool SUCCESS !
Completed parsing successfully

**** Starting to parse single object of type &lt;bool&gt; at location /home/travis/build/smarie/python-parsyfiles/parsyfiles/tests/combining_parsers_converters/test_data/b64pickle-float-1.0=True ****
Checking all files under [/home/travis/build/smarie/python-parsyfiles/parsyfiles/tests/combining_parsers_converters/test_data/b64pickle-float-1.0=True]
(C) /home/travis/build/smarie/python-parsyfiles/parsyfiles/tests/combining_parsers_converters/test_data/b64pickle-float-1.0=True (singlefile, .txt)
File checks done

Building a parsing plan to parse [/home/travis/build/smarie/python-parsyfiles/parsyfiles/tests/combining_parsers_converters/test_data/b64pickle-float-1.0=True] into a bool
(B) /home/travis/build/smarie/python-parsyfiles/parsyfiles/tests/combining_parsers_converters/test_data/b64pickle-float-1.0=True.txt -&gt; bool ------- using [Try &apos;$&lt;read_str_from_txt&gt; =&gt; &lt;str_to_bool&gt;$&apos; then &apos;$&lt;read_str_from_txt&gt; =&gt; &lt;base64_ascii_str_pickle_to_object&gt; -&gt; &lt;float_to_bool&gt;$&apos; then &apos;$&lt;read_str_from_txt&gt; =&gt; &lt;base64_ascii_str_pickle_to_object&gt; -&gt; &lt;int_to_bool&gt;$&apos; then &apos;$&lt;read_str_from_txt&gt; =&gt; &lt;base64_ascii_str_pickle_to_object&gt; -&gt; &lt;str_to_bool&gt;$&apos; then &apos;$&lt;read_str_from_txt&gt; =&gt; &lt;base64_ascii_str_pickle_to_object&gt;$]&apos;]
(B)                                                                                                  |--b64pickle-float-1.0=True.txt -&gt; bool ------- using $&lt;read_str_from_txt&gt; =&gt; &lt;str_to_bool&gt;$
Parsing Plan created successfully

Executing Parsing Plan for [/home/travis/build/smarie/python-parsyfiles/parsyfiles/tests/combining_parsers_converters/test_data/b64pickle-float-1.0=True]
(P) /home/travis/build/smarie/python-parsyfiles/parsyfiles/tests/combining_parsers_converters/test_data/b64pickle-float-1.0=True.txt -&gt; bool ------- using $&lt;read_str_from_txt&gt; =&gt; &lt;str_to_bool&gt;$
  !! Caught error during execution !!
  File &quot;/home/travis/build/smarie/python-parsyfiles/parsyfiles/converting_core.py&quot;, line 524, in _convert
    return self.conversion_method(desired_type, source_obj, logger, **opts)
  File &quot;/home/travis/build/smarie/python-parsyfiles/parsyfiles/plugins_base/support_for_primitive_types.py&quot;, line 84, in primitive_to_bool
    return bool(strtobool(source))
  File &quot;/opt/python/3.5.5/lib/python3.5/distutils/util.py&quot;, line 317, in strtobool
    raise ValueError(&quot;invalid truth value %r&quot; % (val,))
  ValueError : invalid truth value &apos;ganhp/aaaaaaaaau&apos;
(B)                                                                                                  |--b64pickle-float-1.0=True.txt -&gt; bool ------- using $&lt;read_str_from_txt&gt; =&gt; &lt;base64_ascii_str_pickle_to_object&gt; -&gt; &lt;float_to_bool&gt;$
Executing Parsing Plan for [/home/travis/build/smarie/python-parsyfiles/parsyfiles/tests/combining_parsers_converters/test_data/b64pickle-float-1.0=True]
(P) /home/travis/build/smarie/python-parsyfiles/parsyfiles/tests/combining_parsers_converters/test_data/b64pickle-float-1.0=True.txt -&gt; bool ------- using $&lt;read_str_from_txt&gt; =&gt; &lt;base64_ascii_str_pickle_to_object&gt; -&gt; &lt;float_to_bool&gt;$
(P)                                                                                                  |--b64pickle-float-1.0=True.txt -&gt; bool SUCCESS !
Completed parsing successfully

**** Starting to parse single object of type &lt;bool&gt; at location /home/travis/build/smarie/python-parsyfiles/parsyfiles/tests/combining_parsers_converters/test_data/b64pickle-float-1.0=True ****
Checking all files under [/home/travis/build/smarie/python-parsyfiles/parsyfiles/tests/combining_parsers_converters/test_data/b64pickle-float-1.0=True]
(C) /home/travis/build/smarie/python-parsyfiles/parsyfiles/tests/combining_parsers_converters/test_data/b64pickle-float-1.0=True (singlefile, .txt)
File checks done

Building a parsing plan to parse [/home/travis/build/smarie/python-parsyfiles/parsyfiles/tests/combining_parsers_converters/test_data/b64pickle-float-1.0=True] into a bool
(B) /home/travis/build/smarie/python-parsyfiles/parsyfiles/tests/combining_parsers_converters/test_data/b64pickle-float-1.0=True.txt -&gt; bool ------- using [Try &apos;$&lt;read_str_from_txt&gt; =&gt; &lt;str_to_bool&gt;$&apos; then &apos;$&lt;read_str_from_txt&gt; =&gt; &lt;base64_ascii_str_pickle_to_object&gt; -&gt; &lt;float_to_bool&gt;$&apos; then &apos;$&lt;read_str_from_txt&gt; =&gt; &lt;base64_ascii_str_pickle_to_object&gt; -&gt; &lt;int_to_bool&gt;$&apos; then &apos;$&lt;read_str_from_txt&gt; =&gt; &lt;base64_ascii_str_pickle_to_object&gt; -&gt; &lt;str_to_bool&gt;$&apos; then &apos;$&lt;read_str_from_txt&gt; =&gt; &lt;base64_ascii_str_pickle_to_object&gt;$]&apos;]
(B)                                                                                                  |--b64pickle-float-1.0=True.txt -&gt; bool ------- using $&lt;read_str_from_txt&gt; =&gt; &lt;str_to_bool&gt;$
Parsing Plan created successfully

Executing Parsing Plan for [/home/travis/build/smarie/python-parsyfiles/parsyfiles/tests/combining_parsers_converters/test_data/b64pickle-float-1.0=True]
(P) /home/travis/build/smarie/python-parsyfiles/parsyfiles/tests/combining_parsers_converters/test_data/b64pickle-float-1.0=True.txt -&gt; bool ------- using $&lt;read_str_from_txt&gt; =&gt; &lt;str_to_bool&gt;$
  !! Caught error during execution !!
  File &quot;/home/travis/build/smarie/python-parsyfiles/parsyfiles/converting_core.py&quot;, line 524, in _convert
    return self.conversion_method(desired_type, source_obj, logger, **opts)
  File &quot;/home/travis/build/smarie/python-parsyfiles/parsyfiles/plugins_base/support_for_primitive_types.py&quot;, line 84, in primitive_to_bool
    return bool(strtobool(source))
  File &quot;/opt/python/3.5.5/lib/python3.5/distutils/util.py&quot;, line 317, in strtobool
    raise ValueError(&quot;invalid truth value %r&quot; % (val,))
  ValueError : invalid truth value &apos;ganhp/aaaaaaaaau&apos;
(B)                                                                                                  |--b64pickle-float-1.0=True.txt -&gt; bool ------- using $&lt;read_str_from_txt&gt; =&gt; &lt;base64_ascii_str_pickle_to_object&gt; -&gt; &lt;float_to_bool&gt;$
Executing Parsing Plan for [/home/travis/build/smarie/python-parsyfiles/parsyfiles/tests/combining_parsers_converters/test_data/b64pickle-float-1.0=True]
(P) /home/travis/build/smarie/python-parsyfiles/parsyfiles/tests/combining_parsers_converters/test_data/b64pickle-float-1.0=True.txt -&gt; bool ------- using $&lt;read_str_from_txt&gt; =&gt; &lt;base64_ascii_str_pickle_to_object&gt; -&gt; &lt;float_to_bool&gt;$
(P)                                                                                                  |--b64pickle-float-1.0=True.txt -&gt; bool SUCCESS !
Completed parsing successfully

**** Starting to parse single object of type &lt;bool&gt; at location /home/travis/build/smarie/python-parsyfiles/parsyfiles/tests/combining_parsers_converters/test_data/b64pickle-float-1.0=True ****
Checking all files under [/home/travis/build/smarie/python-parsyfiles/parsyfiles/tests/combining_parsers_converters/test_data/b64pickle-float-1.0=True]
(C) /home/travis/build/smarie/python-parsyfiles/parsyfiles/tests/combining_parsers_converters/test_data/b64pickle-float-1.0=True (singlefile, .txt)
File checks done

Building a parsing plan to parse [/home/travis/build/smarie/python-parsyfiles/parsyfiles/tests/combining_parsers_converters/test_data/b64pickle-float-1.0=True] into a bool
(B) /home/travis/build/smarie/python-parsyfiles/parsyfiles/tests/combining_parsers_converters/test_data/b64pickle-float-1.0=True.txt -&gt; bool ------- using [Try &apos;$&lt;read_str_from_txt&gt; =&gt; &lt;str_to_bool&gt;$&apos; then &apos;$&lt;read_str_from_txt&gt; =&gt; &lt;base64_ascii_str_pickle_to_object&gt; -&gt; &lt;float_to_bool&gt;$&apos; then &apos;$&lt;read_str_from_txt&gt; =&gt; &lt;base64_ascii_str_pickle_to_object&gt; -&gt; &lt;int_to_bool&gt;$&apos; then &apos;$&lt;read_str_from_txt&gt; =&gt; &lt;base64_ascii_str_pickle_to_object&gt; -&gt; &lt;str_to_bool&gt;$&apos; then &apos;$&lt;read_str_from_txt&gt; =&gt; &lt;base64_ascii_str_pickle_to_object&gt;$]&apos;]
(B)                                                                                                  |--b64pickle-float-1.0=True.txt -&gt; bool ------- using $&lt;read_str_from_txt&gt; =&gt; &lt;str_to_bool&gt;$
Parsing Plan created successfully

Executing Parsing Plan for [/home/travis/build/smarie/python-parsyfiles/parsyfiles/tests/combining_parsers_converters/test_data/b64pickle-float-1.0=True]
(P) /home/travis/build/smarie/python-parsyfiles/parsyfiles/tests/combining_parsers_converters/test_data/b64pickle-float-1.0=True.txt -&gt; bool ------- using $&lt;read_str_from_txt&gt; =&gt; &lt;str_to_bool&gt;$
  !! Caught error during execution !!
  File &quot;/home/travis/build/smarie/python-parsyfiles/parsyfiles/converting_core.py&quot;, line 524, in _convert
    return self.conversion_method(desired_type, source_obj, logger, **opts)
  File &quot;/home/travis/build/smarie/python-parsyfiles/parsyfiles/plugins_base/support_for_primitive_types.py&quot;, line 84, in primitive_to_bool
    return bool(strtobool(source))
  File &quot;/opt/python/3.5.5/lib/python3.5/distutils/util.py&quot;, line 317, in strtobool
    raise ValueError(&quot;invalid truth value %r&quot; % (val,))
  ValueError : invalid truth value &apos;ganhp/aaaaaaaaau&apos;
(B)                                                                                                  |--b64pickle-float-1.0=True.txt -&gt; bool ------- using $&lt;read_str_from_txt&gt; =&gt; &lt;base64_ascii_str_pickle_to_object&gt; -&gt; &lt;float_to_bool&gt;$
Executing Parsing Plan for [/home/travis/build/smarie/python-parsyfiles/parsyfiles/tests/combining_parsers_converters/test_data/b64pickle-float-1.0=True]
(P) /home/travis/build/smarie/python-parsyfiles/parsyfiles/tests/combining_parsers_converters/test_data/b64pickle-float-1.0=True.txt -&gt; bool ------- using $&lt;read_str_from_txt&gt; =&gt; &lt;base64_ascii_str_pickle_to_object&gt; -&gt; &lt;float_to_bool&gt;$
(P)                                                                                                  |--b64pickle-float-1.0=True.txt -&gt; bool SUCCESS !
Completed parsing successfully

**** Starting to parse single object of type &lt;bool&gt; at location /home/travis/build/smarie/python-parsyfiles/parsyfiles/tests/combining_parsers_converters/test_data/b64pickle-float-1.0=True ****
Checking all files under [/home/travis/build/smarie/python-parsyfiles/parsyfiles/tests/combining_parsers_converters/test_data/b64pickle-float-1.0=True]
(C) /home/travis/build/smarie/python-parsyfiles/parsyfiles/tests/combining_parsers_converters/test_data/b64pickle-float-1.0=True (singlefile, .txt)
File checks done

Building a parsing plan to parse [/home/travis/build/smarie/python-parsyfiles/parsyfiles/tests/combining_parsers_converters/test_data/b64pickle-float-1.0=True] into a bool
(B) /home/travis/build/smarie/python-parsyfiles/parsyfiles/tests/combining_parsers_converters/test_data/b64pickle-float-1.0=True.txt -&gt; bool ------- using [Try &apos;$&lt;read_str_from_txt&gt; =&gt; &lt;str_to_bool&gt;$&apos; then &apos;$&lt;read_str_from_txt&gt; =&gt; &lt;base64_ascii_str_pickle_to_object&gt; -&gt; &lt;float_to_bool&gt;$&apos; then &apos;$&lt;read_str_from_txt&gt; =&gt; &lt;base64_ascii_str_pickle_to_object&gt; -&gt; &lt;int_to_bool&gt;$&apos; then &apos;$&lt;read_str_from_txt&gt; =&gt; &lt;base64_ascii_str_pickle_to_object&gt; -&gt; &lt;str_to_bool&gt;$&apos; then &apos;$&lt;read_str_from_txt&gt; =&gt; &lt;base64_ascii_str_pickle_to_object&gt;$]&apos;]
(B)                                                                                                  |--b64pickle-float-1.0=True.txt -&gt; bool ------- using $&lt;read_str_from_txt&gt; =&gt; &lt;str_to_bool&gt;$
Parsing Plan created successfully

Executing Parsing Plan for [/home/travis/build/smarie/python-parsyfiles/parsyfiles/tests/combining_parsers_converters/test_data/b64pickle-float-1.0=True]
(P) /home/travis/build/smarie/python-parsyfiles/parsyfiles/tests/combining_parsers_converters/test_data/b64pickle-float-1.0=True.txt -&gt; bool ------- using $&lt;read_str_from_txt&gt; =&gt; &lt;str_to_bool&gt;$
  !! Caught error during execution !!
  File &quot;/home/travis/build/smarie/python-parsyfiles/parsyfiles/converting_core.py&quot;, line 524, in _convert
    return self.conversion_method(desired_type, source_obj, logger, **opts)
  File &quot;/home/travis/build/smarie/python-parsyfiles/parsyfiles/plugins_base/support_for_primitive_types.py&quot;, line 84, in primitive_to_bool
    return bool(strtobool(source))
  File &quot;/opt/python/3.5.5/lib/python3.5/distutils/util.py&quot;, line 317, in strtobool
    raise ValueError(&quot;invalid truth value %r&quot; % (val,))
  ValueError : invalid truth value &apos;ganhp/aaaaaaaaau&apos;
(B)                                                                                                  |--b64pickle-float-1.0=True.txt -&gt; bool ------- using $&lt;read_str_from_txt&gt; =&gt; &lt;base64_ascii_str_pickle_to_object&gt; -&gt; &lt;float_to_bool&gt;$
Executing Parsing Plan for [/home/travis/build/smarie/python-parsyfiles/parsyfiles/tests/combining_parsers_converters/test_data/b64pickle-float-1.0=True]
(P) /home/travis/build/smarie/python-parsyfiles/parsyfiles/tests/combining_parsers_converters/test_data/b64pickle-float-1.0=True.txt -&gt; bool ------- using $&lt;read_str_from_txt&gt; =&gt; &lt;base64_ascii_str_pickle_to_object&gt; -&gt; &lt;float_to_bool&gt;$
(P)                                                                                                  |--b64pickle-float-1.0=True.txt -&gt; bool SUCCESS !
Completed parsing successfully

**** Starting to parse single object of type &lt;bool&gt; at location /home/travis/build/smarie/python-parsyfiles/parsyfiles/tests/combining_parsers_converters/test_data/b64pickle-float-1.0=True ****
Checking all files under [/home/travis/build/smarie/python-parsyfiles/parsyfiles/tests/combining_parsers_converters/test_data/b64pickle-float-1.0=True]
(C) /home/travis/build/smarie/python-parsyfiles/parsyfiles/tests/combining_parsers_converters/test_data/b64pickle-float-1.0=True (singlefile, .txt)
File checks done

Building a parsing plan to parse [/home/travis/build/smarie/python-parsyfiles/parsyfiles/tests/combining_parsers_converters/test_data/b64pickle-float-1.0=True] into a bool
(B) /home/travis/build/smarie/python-parsyfiles/parsyfiles/tests/combining_parsers_converters/test_data/b64pickle-float-1.0=True.txt -&gt; bool ------- using [Try &apos;$&lt;read_str_from_txt&gt; =&gt; &lt;str_to_bool&gt;$&apos; then &apos;$&lt;read_str_from_txt&gt; =&gt; &lt;base64_ascii_str_pickle_to_object&gt; -&gt; &lt;float_to_bool&gt;$&apos; then &apos;$&lt;read_str_from_txt&gt; =&gt; &lt;base64_ascii_str_pickle_to_object&gt; -&gt; &lt;int_to_bool&gt;$&apos; then &apos;$&lt;read_str_from_txt&gt; =&gt; &lt;base64_ascii_str_pickle_to_object&gt; -&gt; &lt;str_to_bool&gt;$&apos; then &apos;$&lt;read_str_from_txt&gt; =&gt; &lt;base64_ascii_str_pickle_to_object&gt;$]&apos;]
(B)                                                                                                  |--b64pickle-float-1.0=True.txt -&gt; bool ------- using $&lt;read_str_from_txt&gt; =&gt; &lt;str_to_bool&gt;$
Parsing Plan created successfully

Executing Parsing Plan for [/home/travis/build/smarie/python-parsyfiles/parsyfiles/tests/combining_parsers_converters/test_data/b64pickle-float-1.0=True]
(P) /home/travis/build/smarie/python-parsyfiles/parsyfiles/tests/combining_parsers_converters/test_data/b64pickle-float-1.0=True.txt -&gt; bool ------- using $&lt;read_str_from_txt&gt; =&gt; &lt;str_to_bool&gt;$
  !! Caught error during execution !!
  File &quot;/home/travis/build/smarie/python-parsyfiles/parsyfiles/converting_core.py&quot;, line 524, in _convert
    return self.conversion_method(desired_type, source_obj, logger, **opts)
  File &quot;/home/travis/build/smarie/python-parsyfiles/parsyfiles/plugins_base/support_for_primitive_types.py&quot;, line 84, in primitive_to_bool
    return bool(strtobool(source))
  File &quot;/opt/python/3.5.5/lib/python3.5/distutils/util.py&quot;, line 317, in strtobool
    raise ValueError(&quot;invalid truth value %r&quot; % (val,))
  ValueError : invalid truth value &apos;ganhp/aaaaaaaaau&apos;
(B)                                                                                                  |--b64pickle-float-1.0=True.txt -&gt; bool ------- using $&lt;read_str_from_txt&gt; =&gt; &lt;base64_ascii_str_pickle_to_object&gt; -&gt; &lt;float_to_bool&gt;$
Executing Parsing Plan for [/home/travis/build/smarie/python-parsyfiles/parsyfiles/tests/combining_parsers_converters/test_data/b64pickle-float-1.0=True]
(P) /home/travis/build/smarie/python-parsyfiles/parsyfiles/tests/combining_parsers_converters/test_data/b64pickle-float-1.0=True.txt -&gt; bool ------- using $&lt;read_str_from_txt&gt; =&gt; &lt;base64_ascii_str_pickle_to_object&gt; -&gt; &lt;float_to_bool&gt;$
(P)                                                                                                  |--b64pickle-float-1.0=True.txt -&gt; bool SUCCESS !
Completed parsing successfully

**** Starting to parse single object of type &lt;bool&gt; at location /home/travis/build/smarie/python-parsyfiles/parsyfiles/tests/combining_parsers_converters/test_data/b64pickle-float-1.0=True ****
Checking all files under [/home/travis/build/smarie/python-parsyfiles/parsyfiles/tests/combining_parsers_converters/test_data/b64pickle-float-1.0=True]
(C) /home/travis/build/smarie/python-parsyfiles/parsyfiles/tests/combining_parsers_converters/test_data/b64pickle-float-1.0=True (singlefile, .txt)
File checks done

Building a parsing plan to parse [/home/travis/build/smarie/python-parsyfiles/parsyfiles/tests/combining_parsers_converters/test_data/b64pickle-float-1.0=True] into a bool
(B) /home/travis/build/smarie/python-parsyfiles/parsyfiles/tests/combining_parsers_converters/test_data/b64pickle-float-1.0=True.txt -&gt; bool ------- using [Try &apos;$&lt;read_str_from_txt&gt; =&gt; &lt;str_to_bool&gt;$&apos; then &apos;$&lt;read_str_from_txt&gt; =&gt; &lt;base64_ascii_str_pickle_to_object&gt; -&gt; &lt;float_to_bool&gt;$&apos; then &apos;$&lt;read_str_from_txt&gt; =&gt; &lt;base64_ascii_str_pickle_to_object&gt; -&gt; &lt;int_to_bool&gt;$&apos; then &apos;$&lt;read_str_from_txt&gt; =&gt; &lt;base64_ascii_str_pickle_to_object&gt; -&gt; &lt;str_to_bool&gt;$&apos; then &apos;$&lt;read_str_from_txt&gt; =&gt; &lt;base64_ascii_str_pickle_to_object&gt;$]&apos;]
(B)                                                                                                  |--b64pickle-float-1.0=True.txt -&gt; bool ------- using $&lt;read_str_from_txt&gt; =&gt; &lt;str_to_bool&gt;$
Parsing Plan created successfully

Executing Parsing Plan for [/home/travis/build/smarie/python-parsyfiles/parsyfiles/tests/combining_parsers_converters/test_data/b64pickle-float-1.0=True]
(P) /home/travis/build/smarie/python-parsyfiles/parsyfiles/tests/combining_parsers_converters/test_data/b64pickle-float-1.0=True.txt -&gt; bool ------- using $&lt;read_str_from_txt&gt; =&gt; &lt;str_to_bool&gt;$
  !! Caught error during execution !!
  File &quot;/home/travis/build/smarie/python-parsyfiles/parsyfiles/converting_core.py&quot;, line 524, in _convert
    return self.conversion_method(desired_type, source_obj, logger, **opts)
  File &quot;/home/travis/build/smarie/python-parsyfiles/parsyfiles/plugins_base/support_for_primitive_types.py&quot;, line 84, in primitive_to_bool
    return bool(strtobool(source))
  File &quot;/opt/python/3.5.5/lib/python3.5/distutils/util.py&quot;, line 317, in strtobool
    raise ValueError(&quot;invalid truth value %r&quot; % (val,))
  ValueError : invalid truth value &apos;ganhp/aaaaaaaaau&apos;
(B)                                                                                                  |--b64pickle-float-1.0=True.txt -&gt; bool ------- using $&lt;read_str_from_txt&gt; =&gt; &lt;base64_ascii_str_pickle_to_object&gt; -&gt; &lt;float_to_bool&gt;$
Executing Parsing Plan for [/home/travis/build/smarie/python-parsyfiles/parsyfiles/tests/combining_parsers_converters/test_data/b64pickle-float-1.0=True]
(P) /home/travis/build/smarie/python-parsyfiles/parsyfiles/tests/combining_parsers_converters/test_data/b64pickle-float-1.0=True.txt -&gt; bool ------- using $&lt;read_str_from_txt&gt; =&gt; &lt;base64_ascii_str_pickle_to_object&gt; -&gt; &lt;float_to_bool&gt;$
(P)                                                                                                  |--b64pickle-float-1.0=True.txt -&gt; bool SUCCESS !
Completed parsing successfully

**** Starting to parse single object of type &lt;bool&gt; at location /home/travis/build/smarie/python-parsyfiles/parsyfiles/tests/combining_parsers_converters/test_data/b64pickle-float-1.0=True ****
Checking all files under [/home/travis/build/smarie/python-parsyfiles/parsyfiles/tests/combining_parsers_converters/test_data/b64pickle-float-1.0=True]
(C) /home/travis/build/smarie/python-parsyfiles/parsyfiles/tests/combining_parsers_converters/test_data/b64pickle-float-1.0=True (singlefile, .txt)
File checks done

Building a parsing plan to parse [/home/travis/build/smarie/python-parsyfiles/parsyfiles/tests/combining_parsers_converters/test_data/b64pickle-float-1.0=True] into a bool
(B) /home/travis/build/smarie/python-parsyfiles/parsyfiles/tests/combining_parsers_converters/test_data/b64pickle-float-1.0=True.txt -&gt; bool ------- using [Try &apos;$&lt;read_str_from_txt&gt; =&gt; &lt;str_to_bool&gt;$&apos; then &apos;$&lt;read_str_from_txt&gt; =&gt; &lt;base64_ascii_str_pickle_to_object&gt; -&gt; &lt;float_to_bool&gt;$&apos; then &apos;$&lt;read_str_from_txt&gt; =&gt; &lt;base64_ascii_str_pickle_to_object&gt; -&gt; &lt;int_to_bool&gt;$&apos; then &apos;$&lt;read_str_from_txt&gt; =&gt; &lt;base64_ascii_str_pickle_to_object&gt; -&gt; &lt;str_to_bool&gt;$&apos; then &apos;$&lt;read_str_from_txt&gt; =&gt; &lt;base64_ascii_str_pickle_to_object&gt;$]&apos;]
(B)                                                                                                  |--b64pickle-float-1.0=True.txt -&gt; bool ------- using $&lt;read_str_from_txt&gt; =&gt; &lt;str_to_bool&gt;$
Parsing Plan created successfully

Executing Parsing Plan for [/home/travis/build/smarie/python-parsyfiles/parsyfiles/tests/combining_parsers_converters/test_data/b64pickle-float-1.0=True]
(P) /home/travis/build/smarie/python-parsyfiles/parsyfiles/tests/combining_parsers_converters/test_data/b64pickle-float-1.0=True.txt -&gt; bool ------- using $&lt;read_str_from_txt&gt; =&gt; &lt;str_to_bool&gt;$
  !! Caught error during execution !!
  File &quot;/home/travis/build/smarie/python-parsyfiles/parsyfiles/converting_core.py&quot;, line 524, in _convert
    return self.conversion_method(desired_type, source_obj, logger, **opts)
  File &quot;/home/travis/build/smarie/python-parsyfiles/parsyfiles/plugins_base/support_for_primitive_types.py&quot;, line 84, in primitive_to_bool
    return bool(strtobool(source))
  File &quot;/opt/python/3.5.5/lib/python3.5/distutils/util.py&quot;, line 317, in strtobool
    raise ValueError(&quot;invalid truth value %r&quot; % (val,))
  ValueError : invalid truth value &apos;ganhp/aaaaaaaaau&apos;
(B)                                                                                                  |--b64pickle-float-1.0=True.txt -&gt; bool ------- using $&lt;read_str_from_txt&gt; =&gt; &lt;base64_ascii_str_pickle_to_object&gt; -&gt; &lt;float_to_bool&gt;$
Executing Parsing Plan for [/home/travis/build/smarie/python-parsyfiles/parsyfiles/tests/combining_parsers_converters/test_data/b64pickle-float-1.0=True]
(P) /home/travis/build/smarie/python-parsyfiles/parsyfiles/tests/combining_parsers_converters/test_data/b64pickle-float-1.0=True.txt -&gt; bool ------- using $&lt;read_str_from_txt&gt; =&gt; &lt;base64_ascii_str_pickle_to_object&gt; -&gt; &lt;float_to_bool&gt;$
(P)                                                                                                  |--b64pickle-float-1.0=True.txt -&gt; bool SUCCESS !
Completed parsing successfully

**** Starting to parse single object of type &lt;bool&gt; at location /home/travis/build/smarie/python-parsyfiles/parsyfiles/tests/combining_parsers_converters/test_data/b64pickle-float-1.0=True ****
Checking all files under [/home/travis/build/smarie/python-parsyfiles/parsyfiles/tests/combining_parsers_converters/test_data/b64pickle-float-1.0=True]
(C) /home/travis/build/smarie/python-parsyfiles/parsyfiles/tests/combining_parsers_converters/test_data/b64pickle-float-1.0=True (singlefile, .txt)
File checks done

Building a parsing plan to parse [/home/travis/build/smarie/python-parsyfiles/parsyfiles/tests/combining_parsers_converters/test_data/b64pickle-float-1.0=True] into a bool
(B) /home/travis/build/smarie/python-parsyfiles/parsyfiles/tests/combining_parsers_converters/test_data/b64pickle-float-1.0=True.txt -&gt; bool ------- using [Try &apos;$&lt;read_str_from_txt&gt; =&gt; &lt;str_to_bool&gt;$&apos; then &apos;$&lt;read_str_from_txt&gt; =&gt; &lt;base64_ascii_str_pickle_to_object&gt; -&gt; &lt;float_to_bool&gt;$&apos; then &apos;$&lt;read_str_from_txt&gt; =&gt; &lt;base64_ascii_str_pickle_to_object&gt; -&gt; &lt;int_to_bool&gt;$&apos; then &apos;$&lt;read_str_from_txt&gt; =&gt; &lt;base64_ascii_str_pickle_to_object&gt; -&gt; &lt;str_to_bool&gt;$&apos; then &apos;$&lt;read_str_from_txt&gt; =&gt; &lt;base64_ascii_str_pickle_to_object&gt;$]&apos;]
(B)                                                                                                  |--b64pickle-float-1.0=True.txt -&gt; bool ------- using $&lt;read_str_from_txt&gt; =&gt; &lt;str_to_bool&gt;$
Parsing Plan created successfully

Executing Parsing Plan for [/home/travis/build/smarie/python-parsyfiles/parsyfiles/tests/combining_parsers_converters/test_data/b64pickle-float-1.0=True]
(P) /home/travis/build/smarie/python-parsyfiles/parsyfiles/tests/combining_parsers_converters/test_data/b64pickle-float-1.0=True.txt -&gt; bool ------- using $&lt;read_str_from_txt&gt; =&gt; &lt;str_to_bool&gt;$
  !! Caught error during execution !!
  File &quot;/home/travis/build/smarie/python-parsyfiles/parsyfiles/converting_core.py&quot;, line 524, in _convert
    return self.conversion_method(desired_type, source_obj, logger, **opts)
  File &quot;/home/travis/build/smarie/python-parsyfiles/parsyfiles/plugins_base/support_for_primitive_types.py&quot;, line 84, in primitive_to_bool
    return bool(strtobool(source))
  File &quot;/opt/python/3.5.5/lib/python3.5/distutils/util.py&quot;, line 317, in strtobool
    raise ValueError(&quot;invalid truth value %r&quot; % (val,))
  ValueError : invalid truth value &apos;ganhp/aaaaaaaaau&apos;
(B)                                                                                                  |--b64pickle-float-1.0=True.txt -&gt; bool ------- using $&lt;read_str_from_txt&gt; =&gt; &lt;base64_ascii_str_pickle_to_object&gt; -&gt; &lt;float_to_bool&gt;$
Executing Parsing Plan for [/home/travis/build/smarie/python-parsyfiles/parsyfiles/tests/combining_parsers_converters/test_data/b64pickle-float-1.0=True]
(P) /home/travis/build/smarie/python-parsyfiles/parsyfiles/tests/combining_parsers_converters/test_data/b64pickle-float-1.0=True.txt -&gt; bool ------- using $&lt;read_str_from_txt&gt; =&gt; &lt;base64_ascii_str_pickle_to_object&gt; -&gt; &lt;float_to_bool&gt;$
(P)                                                                                                  |--b64pickle-float-1.0=True.txt -&gt; bool SUCCESS !
Completed parsing successfully

**** Starting to parse single object of type &lt;bool&gt; at location /home/travis/build/smarie/python-parsyfiles/parsyfiles/tests/combining_parsers_converters/test_data/b64pickle-float-1.0=True ****
Checking all files under [/home/travis/build/smarie/python-parsyfiles/parsyfiles/tests/combining_parsers_converters/test_data/b64pickle-float-1.0=True]
(C) /home/travis/build/smarie/python-parsyfiles/parsyfiles/tests/combining_parsers_converters/test_data/b64pickle-float-1.0=True (singlefile, .txt)
File checks done

Building a parsing plan to parse [/home/travis/build/smarie/python-parsyfiles/parsyfiles/tests/combining_parsers_converters/test_data/b64pickle-float-1.0=True] into a bool
(B) /home/travis/build/smarie/python-parsyfiles/parsyfiles/tests/combining_parsers_converters/test_data/b64pickle-float-1.0=True.txt -&gt; bool ------- using [Try &apos;$&lt;read_str_from_txt&gt; =&gt; &lt;str_to_bool&gt;$&apos; then &apos;$&lt;read_str_from_txt&gt; =&gt; &lt;base64_ascii_str_pickle_to_object&gt; -&gt; &lt;float_to_bool&gt;$&apos; then &apos;$&lt;read_str_from_txt&gt; =&gt; &lt;base64_ascii_str_pickle_to_object&gt; -&gt; &lt;int_to_bool&gt;$&apos; then &apos;$&lt;read_str_from_txt&gt; =&gt; &lt;base64_ascii_str_pickle_to_object&gt; -&gt; &lt;str_to_bool&gt;$&apos; then &apos;$&lt;read_str_from_txt&gt; =&gt; &lt;base64_ascii_str_pickle_to_object&gt;$]&apos;]
(B)                                                                                                  |--b64pickle-float-1.0=True.txt -&gt; bool ------- using $&lt;read_str_from_txt&gt; =&gt; &lt;str_to_bool&gt;$
Parsing Plan created successfully

Executing Parsing Plan for [/home/travis/build/smarie/python-parsyfiles/parsyfiles/tests/combining_parsers_converters/test_data/b64pickle-float-1.0=True]
(P) /home/travis/build/smarie/python-parsyfiles/parsyfiles/tests/combining_parsers_converters/test_data/b64pickle-float-1.0=True.txt -&gt; bool ------- using $&lt;read_str_from_txt&gt; =&gt; &lt;str_to_bool&gt;$
  !! Caught error during execution !!
  File &quot;/home/travis/build/smarie/python-parsyfiles/parsyfiles/converting_core.py&quot;, line 524, in _convert
    return self.conversion_method(desired_type, source_obj, logger, **opts)
  File &quot;/home/travis/build/smarie/python-parsyfiles/parsyfiles/plugins_base/support_for_primitive_types.py&quot;, line 84, in primitive_to_bool
    return bool(strtobool(source))
  File &quot;/opt/python/3.5.5/lib/python3.5/distutils/util.py&quot;, line 317, in strtobool
    raise ValueError(&quot;invalid truth value %r&quot; % (val,))
  ValueError : invalid truth value &apos;ganhp/aaaaaaaaau&apos;
(B)                                                                                                  |--b64pickle-float-1.0=True.txt -&gt; bool ------- using $&lt;read_str_from_txt&gt; =&gt; &lt;base64_ascii_str_pickle_to_object&gt; -&gt; &lt;float_to_bool&gt;$
Executing Parsing Plan for [/home/travis/build/smarie/python-parsyfiles/parsyfiles/tests/combining_parsers_converters/test_data/b64pickle-float-1.0=True]
(P) /home/travis/build/smarie/python-parsyfiles/parsyfiles/tests/combining_parsers_converters/test_data/b64pickle-float-1.0=True.txt -&gt; bool ------- using $&lt;read_str_from_txt&gt; =&gt; &lt;base64_ascii_str_pickle_to_object&gt; -&gt; &lt;float_to_bool&gt;$
(P)                                                                                                  |--b64pickle-float-1.0=True.txt -&gt; bool SUCCESS !
Completed parsing successfully

**** Starting to parse single object of type &lt;bool&gt; at location /home/travis/build/smarie/python-parsyfiles/parsyfiles/tests/combining_parsers_converters/test_data/b64pickle-float-1.0=True ****
Checking all files under [/home/travis/build/smarie/python-parsyfiles/parsyfiles/tests/combining_parsers_converters/test_data/b64pickle-float-1.0=True]
(C) /home/travis/build/smarie/python-parsyfiles/parsyfiles/tests/combining_parsers_converters/test_data/b64pickle-float-1.0=True (singlefile, .txt)
File checks done

Building a parsing plan to parse [/home/travis/build/smarie/python-parsyfiles/parsyfiles/tests/combining_parsers_converters/test_data/b64pickle-float-1.0=True] into a bool
(B) /home/travis/build/smarie/python-parsyfiles/parsyfiles/tests/combining_parsers_converters/test_data/b64pickle-float-1.0=True.txt -&gt; bool ------- using [Try &apos;$&lt;read_str_from_txt&gt; =&gt; &lt;str_to_bool&gt;$&apos; then &apos;$&lt;read_str_from_txt&gt; =&gt; &lt;base64_ascii_str_pickle_to_object&gt; -&gt; &lt;float_to_bool&gt;$&apos; then &apos;$&lt;read_str_from_txt&gt; =&gt; &lt;base64_ascii_str_pickle_to_object&gt; -&gt; &lt;int_to_bool&gt;$&apos; then &apos;$&lt;read_str_from_txt&gt; =&gt; &lt;base64_ascii_str_pickle_to_object&gt; -&gt; &lt;str_to_bool&gt;$&apos; then &apos;$&lt;read_str_from_txt&gt; =&gt; &lt;base64_ascii_str_pickle_to_object&gt;$]&apos;]
(B)                                                                                                  |--b64pickle-float-1.0=True.txt -&gt; bool ------- using $&lt;read_str_from_txt&gt; =&gt; &lt;str_to_bool&gt;$
Parsing Plan created successfully

Executing Parsing Plan for [/home/travis/build/smarie/python-parsyfiles/parsyfiles/tests/combining_parsers_converters/test_data/b64pickle-float-1.0=True]
(P) /home/travis/build/smarie/python-parsyfiles/parsyfiles/tests/combining_parsers_converters/test_data/b64pickle-float-1.0=True.txt -&gt; bool ------- using $&lt;read_str_from_txt&gt; =&gt; &lt;str_to_bool&gt;$
  !! Caught error during execution !!
  File &quot;/home/travis/build/smarie/python-parsyfiles/parsyfiles/converting_core.py&quot;, line 524, in _convert
    return self.conversion_method(desired_type, source_obj, logger, **opts)
  File &quot;/home/travis/build/smarie/python-parsyfiles/parsyfiles/plugins_base/support_for_primitive_types.py&quot;, line 84, in primitive_to_bool
    return bool(strtobool(source))
  File &quot;/opt/python/3.5.5/lib/python3.5/distutils/util.py&quot;, line 317, in strtobool
    raise ValueError(&quot;invalid truth value %r&quot; % (val,))
  ValueError : invalid truth value &apos;ganhp/aaaaaaaaau&apos;
(B)                                                                                                  |--b64pickle-float-1.0=True.txt -&gt; bool ------- using $&lt;read_str_from_txt&gt; =&gt; &lt;base64_ascii_str_pickle_to_object&gt; -&gt; &lt;float_to_bool&gt;$
Executing Parsing Plan for [/home/travis/build/smarie/python-parsyfiles/parsyfiles/tests/combining_parsers_converters/test_data/b64pickle-float-1.0=True]
(P) /home/travis/build/smarie/python-parsyfiles/parsyfiles/tests/combining_parsers_converters/test_data/b64pickle-float-1.0=True.txt -&gt; bool ------- using $&lt;read_str_from_txt&gt; =&gt; &lt;base64_ascii_str_pickle_to_object&gt; -&gt; &lt;float_to_bool&gt;$
(P)                                                                                                  |--b64pickle-float-1.0=True.txt -&gt; bool SUCCESS !
Completed parsing successfully

**** Starting to parse single object of type &lt;bool&gt; at location /home/travis/build/smarie/python-parsyfiles/parsyfiles/tests/combining_parsers_converters/test_data/b64pickle-float-1.0=True ****
Checking all files under [/home/travis/build/smarie/python-parsyfiles/parsyfiles/tests/combining_parsers_converters/test_data/b64pickle-float-1.0=True]
(C) /home/travis/build/smarie/python-parsyfiles/parsyfiles/tests/combining_parsers_converters/test_data/b64pickle-float-1.0=True (singlefile, .txt)
File checks done

Building a parsing plan to parse [/home/travis/build/smarie/python-parsyfiles/parsyfiles/tests/combining_parsers_converters/test_data/b64pickle-float-1.0=True] into a bool
(B) /home/travis/build/smarie/python-parsyfiles/parsyfiles/tests/combining_parsers_converters/test_data/b64pickle-float-1.0=True.txt -&gt; bool ------- using [Try &apos;$&lt;read_str_from_txt&gt; =&gt; &lt;str_to_bool&gt;$&apos; then &apos;$&lt;read_str_from_txt&gt; =&gt; &lt;base64_ascii_str_pickle_to_object&gt; -&gt; &lt;float_to_bool&gt;$&apos; then &apos;$&lt;read_str_from_txt&gt; =&gt; &lt;base64_ascii_str_pickle_to_object&gt; -&gt; &lt;int_to_bool&gt;$&apos; then &apos;$&lt;read_str_from_txt&gt; =&gt; &lt;base64_ascii_str_pickle_to_object&gt; -&gt; &lt;str_to_bool&gt;$&apos; then &apos;$&lt;read_str_from_txt&gt; =&gt; &lt;base64_ascii_str_pickle_to_object&gt;$]&apos;]
(B)                                                                                                  |--b64pickle-float-1.0=True.txt -&gt; bool ------- using $&lt;read_str_from_txt&gt; =&gt; &lt;str_to_bool&gt;$
Parsing Plan created successfully

Executing Parsing Plan for [/home/travis/build/smarie/python-parsyfiles/parsyfiles/tests/combining_parsers_converters/test_data/b64pickle-float-1.0=True]
(P) /home/travis/build/smarie/python-parsyfiles/parsyfiles/tests/combining_parsers_converters/test_data/b64pickle-float-1.0=True.txt -&gt; bool ------- using $&lt;read_str_from_txt&gt; =&gt; &lt;str_to_bool&gt;$
  !! Caught error during execution !!
  File &quot;/home/travis/build/smarie/python-parsyfiles/parsyfiles/converting_core.py&quot;, line 524, in _convert
    return self.conversion_method(desired_type, source_obj, logger, **opts)
  File &quot;/home/travis/build/smarie/python-parsyfiles/parsyfiles/plugins_base/support_for_primitive_types.py&quot;, line 84, in primitive_to_bool
    return bool(strtobool(source))
  File &quot;/opt/python/3.5.5/lib/python3.5/distutils/util.py&quot;, line 317, in strtobool
    raise ValueError(&quot;invalid truth value %r&quot; % (val,))
  ValueError : invalid truth value &apos;ganhp/aaaaaaaaau&apos;
(B)                                                                                                  |--b64pickle-float-1.0=True.txt -&gt; bool ------- using $&lt;read_str_from_txt&gt; =&gt; &lt;base64_ascii_str_pickle_to_object&gt; -&gt; &lt;float_to_bool&gt;$
Executing Parsing Plan for [/home/travis/build/smarie/python-parsyfiles/parsyfiles/tests/combining_parsers_converters/test_data/b64pickle-float-1.0=True]
(P) /home/travis/build/smarie/python-parsyfiles/parsyfiles/tests/combining_parsers_converters/test_data/b64pickle-float-1.0=True.txt -&gt; bool ------- using $&lt;read_str_from_txt&gt; =&gt; &lt;base64_ascii_str_pickle_to_object&gt; -&gt; &lt;float_to_bool&gt;$
(P)                                                                                                  |--b64pickle-float-1.0=True.txt -&gt; bool SUCCESS !
Completed parsing successfully

**** Starting to parse single object of type &lt;bool&gt; at location /home/travis/build/smarie/python-parsyfiles/parsyfiles/tests/combining_parsers_converters/test_data/b64pickle-float-1.0=True ****
Checking all files under [/home/travis/build/smarie/python-parsyfiles/parsyfiles/tests/combining_parsers_converters/test_data/b64pickle-float-1.0=True]
(C) /home/travis/build/smarie/python-parsyfiles/parsyfiles/tests/combining_parsers_converters/test_data/b64pickle-float-1.0=True (singlefile, .txt)
File checks done

Building a parsing plan to parse [/home/travis/build/smarie/python-parsyfiles/parsyfiles/tests/combining_parsers_converters/test_data/b64pickle-float-1.0=True] into a bool
(B) /home/travis/build/smarie/python-parsyfiles/parsyfiles/tests/combining_parsers_converters/test_data/b64pickle-float-1.0=True.txt -&gt; bool ------- using [Try &apos;$&lt;read_str_from_txt&gt; =&gt; &lt;str_to_bool&gt;$&apos; then &apos;$&lt;read_str_from_txt&gt; =&gt; &lt;base64_ascii_str_pickle_to_object&gt; -&gt; &lt;float_to_bool&gt;$&apos; then &apos;$&lt;read_str_from_txt&gt; =&gt; &lt;base64_ascii_str_pickle_to_object&gt; -&gt; &lt;int_to_bool&gt;$&apos; then &apos;$&lt;read_str_from_txt&gt; =&gt; &lt;base64_ascii_str_pickle_to_object&gt; -&gt; &lt;str_to_bool&gt;$&apos; then &apos;$&lt;read_str_from_txt&gt; =&gt; &lt;base64_ascii_str_pickle_to_object&gt;$]&apos;]
(B)                                                                                                  |--b64pickle-float-1.0=True.txt -&gt; bool ------- using $&lt;read_str_from_txt&gt; =&gt; &lt;str_to_bool&gt;$
Parsing Plan created successfully

Executing Parsing Plan for [/home/travis/build/smarie/python-parsyfiles/parsyfiles/tests/combining_parsers_converters/test_data/b64pickle-float-1.0=True]
(P) /home/travis/build/smarie/python-parsyfiles/parsyfiles/tests/combining_parsers_converters/test_data/b64pickle-float-1.0=True.txt -&gt; bool ------- using $&lt;read_str_from_txt&gt; =&gt; &lt;str_to_bool&gt;$
  !! Caught error during execution !!
  File &quot;/home/travis/build/smarie/python-parsyfiles/parsyfiles/converting_core.py&quot;, line 524, in _convert
    return self.conversion_method(desired_type, source_obj, logger, **opts)
  File &quot;/home/travis/build/smarie/python-parsyfiles/parsyfiles/plugins_base/support_for_primitive_types.py&quot;, line 84, in primitive_to_bool
    return bool(strtobool(source))
  File &quot;/opt/python/3.5.5/lib/python3.5/distutils/util.py&quot;, line 317, in strtobool
    raise ValueError(&quot;invalid truth value %r&quot; % (val,))
  ValueError : invalid truth value &apos;ganhp/aaaaaaaaau&apos;
(B)                                                                                                  |--b64pickle-float-1.0=True.txt -&gt; bool ------- using $&lt;read_str_from_txt&gt; =&gt; &lt;base64_ascii_str_pickle_to_object&gt; -&gt; &lt;float_to_bool&gt;$
Executing Parsing Plan for [/home/travis/build/smarie/python-parsyfiles/parsyfiles/tests/combining_parsers_converters/test_data/b64pickle-float-1.0=True]
(P) /home/travis/build/smarie/python-parsyfiles/parsyfiles/tests/combining_parsers_converters/test_data/b64pickle-float-1.0=True.txt -&gt; bool ------- using $&lt;read_str_from_txt&gt; =&gt; &lt;base64_ascii_str_pickle_to_object&gt; -&gt; &lt;float_to_bool&gt;$
(P)                                                                                                  |--b64pickle-float-1.0=True.txt -&gt; bool SUCCESS !
Completed parsing successfully

**** Starting to parse single object of type &lt;bool&gt; at location /home/travis/build/smarie/python-parsyfiles/parsyfiles/tests/combining_parsers_converters/test_data/b64pickle-float-1.0=True ****
Checking all files under [/home/travis/build/smarie/python-parsyfiles/parsyfiles/tests/combining_parsers_converters/test_data/b64pickle-float-1.0=True]
(C) /home/travis/build/smarie/python-parsyfiles/parsyfiles/tests/combining_parsers_converters/test_data/b64pickle-float-1.0=True (singlefile, .txt)
File checks done

Building a parsing plan to parse [/home/travis/build/smarie/python-parsyfiles/parsyfiles/tests/combining_parsers_converters/test_data/b64pickle-float-1.0=True] into a bool
(B) /home/travis/build/smarie/python-parsyfiles/parsyfiles/tests/combining_parsers_converters/test_data/b64pickle-float-1.0=True.txt -&gt; bool ------- using [Try &apos;$&lt;read_str_from_txt&gt; =&gt; &lt;str_to_bool&gt;$&apos; then &apos;$&lt;read_str_from_txt&gt; =&gt; &lt;base64_ascii_str_pickle_to_object&gt; -&gt; &lt;float_to_bool&gt;$&apos; then &apos;$&lt;read_str_from_txt&gt; =&gt; &lt;base64_ascii_str_pickle_to_object&gt; -&gt; &lt;int_to_bool&gt;$&apos; then &apos;$&lt;read_str_from_txt&gt; =&gt; &lt;base64_ascii_str_pickle_to_object&gt; -&gt; &lt;str_to_bool&gt;$&apos; then &apos;$&lt;read_str_from_txt&gt; =&gt; &lt;base64_ascii_str_pickle_to_object&gt;$]&apos;]
(B)                                                                                                  |--b64pickle-float-1.0=True.txt -&gt; bool ------- using $&lt;read_str_from_txt&gt; =&gt; &lt;str_to_bool&gt;$
Parsing Plan created successfully

Executing Parsing Plan for [/home/travis/build/smarie/python-parsyfiles/parsyfiles/tests/combining_parsers_converters/test_data/b64pickle-float-1.0=True]
(P) /home/travis/build/smarie/python-parsyfiles/parsyfiles/tests/combining_parsers_converters/test_data/b64pickle-float-1.0=True.txt -&gt; bool ------- using $&lt;read_str_from_txt&gt; =&gt; &lt;str_to_bool&gt;$
  !! Caught error during execution !!
  File &quot;/home/travis/build/smarie/python-parsyfiles/parsyfiles/converting_core.py&quot;, line 524, in _convert
    return self.conversion_method(desired_type, source_obj, logger, **opts)
  File &quot;/home/travis/build/smarie/python-parsyfiles/parsyfiles/plugins_base/support_for_primitive_types.py&quot;, line 84, in primitive_to_bool
    return bool(strtobool(source))
  File &quot;/opt/python/3.5.5/lib/python3.5/distutils/util.py&quot;, line 317, in strtobool
    raise ValueError(&quot;invalid truth value %r&quot; % (val,))
  ValueError : invalid truth value &apos;ganhp/aaaaaaaaau&apos;
(B)                                                                                                  |--b64pickle-float-1.0=True.txt -&gt; bool ------- using $&lt;read_str_from_txt&gt; =&gt; &lt;base64_ascii_str_pickle_to_object&gt; -&gt; &lt;float_to_bool&gt;$
Executing Parsing Plan for [/home/travis/build/smarie/python-parsyfiles/parsyfiles/tests/combining_parsers_converters/test_data/b64pickle-float-1.0=True]
(P) /home/travis/build/smarie/python-parsyfiles/parsyfiles/tests/combining_parsers_converters/test_data/b64pickle-float-1.0=True.txt -&gt; bool ------- using $&lt;read_str_from_txt&gt; =&gt; &lt;base64_ascii_str_pickle_to_object&gt; -&gt; &lt;float_to_bool&gt;$
(P)                                                                                                  |--b64pickle-float-1.0=True.txt -&gt; bool SUCCESS !
Completed parsing successfully

**** Starting to parse single object of type &lt;bool&gt; at location /home/travis/build/smarie/python-parsyfiles/parsyfiles/tests/combining_parsers_converters/test_data/b64pickle-float-1.0=True ****
Checking all files under [/home/travis/build/smarie/python-parsyfiles/parsyfiles/tests/combining_parsers_converters/test_data/b64pickle-float-1.0=True]
(C) /home/travis/build/smarie/python-parsyfiles/parsyfiles/tests/combining_parsers_converters/test_data/b64pickle-float-1.0=True (singlefile, .txt)
File checks done

Building a parsing plan to parse [/home/travis/build/smarie/python-parsyfiles/parsyfiles/tests/combining_parsers_converters/test_data/b64pickle-float-1.0=True] into a bool
(B) /home/travis/build/smarie/python-parsyfiles/parsyfiles/tests/combining_parsers_converters/test_data/b64pickle-float-1.0=True.txt -&gt; bool ------- using [Try &apos;$&lt;read_str_from_txt&gt; =&gt; &lt;str_to_bool&gt;$&apos; then &apos;$&lt;read_str_from_txt&gt; =&gt; &lt;base64_ascii_str_pickle_to_object&gt; -&gt; &lt;float_to_bool&gt;$&apos; then &apos;$&lt;read_str_from_txt&gt; =&gt; &lt;base64_ascii_str_pickle_to_object&gt; -&gt; &lt;int_to_bool&gt;$&apos; then &apos;$&lt;read_str_from_txt&gt; =&gt; &lt;base64_ascii_str_pickle_to_object&gt; -&gt; &lt;str_to_bool&gt;$&apos; then &apos;$&lt;read_str_from_txt&gt; =&gt; &lt;base64_ascii_str_pickle_to_object&gt;$]&apos;]
(B)                                                                                                  |--b64pickle-float-1.0=True.txt -&gt; bool ------- using $&lt;read_str_from_txt&gt; =&gt; &lt;str_to_bool&gt;$
Parsing Plan created successfully

Executing Parsing Plan for [/home/travis/build/smarie/python-parsyfiles/parsyfiles/tests/combining_parsers_converters/test_data/b64pickle-float-1.0=True]
(P) /home/travis/build/smarie/python-parsyfiles/parsyfiles/tests/combining_parsers_converters/test_data/b64pickle-float-1.0=True.txt -&gt; bool ------- using $&lt;read_str_from_txt&gt; =&gt; &lt;str_to_bool&gt;$
  !! Caught error during execution !!
  File &quot;/home/travis/build/smarie/python-parsyfiles/parsyfiles/converting_core.py&quot;, line 524, in _convert
    return self.conversion_method(desired_type, source_obj, logger, **opts)
  File &quot;/home/travis/build/smarie/python-parsyfiles/parsyfiles/plugins_base/support_for_primitive_types.py&quot;, line 84, in primitive_to_bool
    return bool(strtobool(source))
  File &quot;/opt/python/3.5.5/lib/python3.5/distutils/util.py&quot;, line 317, in strtobool
    raise ValueError(&quot;invalid truth value %r&quot; % (val,))
  ValueError : invalid truth value &apos;ganhp/aaaaaaaaau&apos;
(B)                                                                                                  |--b64pickle-float-1.0=True.txt -&gt; bool ------- using $&lt;read_str_from_txt&gt; =&gt; &lt;base64_ascii_str_pickle_to_object&gt; -&gt; &lt;float_to_bool&gt;$
Executing Parsing Plan for [/home/travis/build/smarie/python-parsyfiles/parsyfiles/tests/combining_parsers_converters/test_data/b64pickle-float-1.0=True]
(P) /home/travis/build/smarie/python-parsyfiles/parsyfiles/tests/combining_parsers_converters/test_data/b64pickle-float-1.0=True.txt -&gt; bool ------- using $&lt;read_str_from_txt&gt; =&gt; &lt;base64_ascii_str_pickle_to_object&gt; -&gt; &lt;float_to_bool&gt;$
(P)                                                                                                  |--b64pickle-float-1.0=True.txt -&gt; bool SUCCESS !
Completed parsing successfully

**** Starting to parse single object of type &lt;bool&gt; at location /home/travis/build/smarie/python-parsyfiles/parsyfiles/tests/combining_parsers_converters/test_data/b64pickle-float-1.0=True ****
Checking all files under [/home/travis/build/smarie/python-parsyfiles/parsyfiles/tests/combining_parsers_converters/test_data/b64pickle-float-1.0=True]
(C) /home/travis/build/smarie/python-parsyfiles/parsyfiles/tests/combining_parsers_converters/test_data/b64pickle-float-1.0=True (singlefile, .txt)
File checks done

Building a parsing plan to parse [/home/travis/build/smarie/python-parsyfiles/parsyfiles/tests/combining_parsers_converters/test_data/b64pickle-float-1.0=True] into a bool
(B) /home/travis/build/smarie/python-parsyfiles/parsyfiles/tests/combining_parsers_converters/test_data/b64pickle-float-1.0=True.txt -&gt; bool ------- using [Try &apos;$&lt;read_str_from_txt&gt; =&gt; &lt;str_to_bool&gt;$&apos; then &apos;$&lt;read_str_from_txt&gt; =&gt; &lt;base64_ascii_str_pickle_to_object&gt; -&gt; &lt;float_to_bool&gt;$&apos; then &apos;$&lt;read_str_from_txt&gt; =&gt; &lt;base64_ascii_str_pickle_to_object&gt; -&gt; &lt;int_to_bool&gt;$&apos; then &apos;$&lt;read_str_from_txt&gt; =&gt; &lt;base64_ascii_str_pickle_to_object&gt; -&gt; &lt;str_to_bool&gt;$&apos; then &apos;$&lt;read_str_from_txt&gt; =&gt; &lt;base64_ascii_str_pickle_to_object&gt;$]&apos;]
(B)                                                                                                  |--b64pickle-float-1.0=True.txt -&gt; bool ------- using $&lt;read_str_from_txt&gt; =&gt; &lt;str_to_bool&gt;$
Parsing Plan created successfully

Executing Parsing Plan for [/home/travis/build/smarie/python-parsyfiles/parsyfiles/tests/combining_parsers_converters/test_data/b64pickle-float-1.0=True]
(P) /home/travis/build/smarie/python-parsyfiles/parsyfiles/tests/combining_parsers_converters/test_data/b64pickle-float-1.0=True.txt -&gt; bool ------- using $&lt;read_str_from_txt&gt; =&gt; &lt;str_to_bool&gt;$
  !! Caught error during execution !!
  File &quot;/home/travis/build/smarie/python-parsyfiles/parsyfiles/converting_core.py&quot;, line 524, in _convert
    return self.conversion_method(desired_type, source_obj, logger, **opts)
  File &quot;/home/travis/build/smarie/python-parsyfiles/parsyfiles/plugins_base/support_for_primitive_types.py&quot;, line 84, in primitive_to_bool
    return bool(strtobool(source))
  File &quot;/opt/python/3.5.5/lib/python3.5/distutils/util.py&quot;, line 317, in strtobool
    raise ValueError(&quot;invalid truth value %r&quot; % (val,))
  ValueError : invalid truth value &apos;ganhp/aaaaaaaaau&apos;
(B)                                                                                                  |--b64pickle-float-1.0=True.txt -&gt; bool ------- using $&lt;read_str_from_txt&gt; =&gt; &lt;base64_ascii_str_pickle_to_object&gt; -&gt; &lt;float_to_bool&gt;$
Executing Parsing Plan for [/home/travis/build/smarie/python-parsyfiles/parsyfiles/tests/combining_parsers_converters/test_data/b64pickle-float-1.0=True]
(P) /home/travis/build/smarie/python-parsyfiles/parsyfiles/tests/combining_parsers_converters/test_data/b64pickle-float-1.0=True.txt -&gt; bool ------- using $&lt;read_str_from_txt&gt; =&gt; &lt;base64_ascii_str_pickle_to_object&gt; -&gt; &lt;float_to_bool&gt;$
(P)                                                                                                  |--b64pickle-float-1.0=True.txt -&gt; bool SUCCESS !
Completed parsing successfully

**** Starting to parse single object of type &lt;bool&gt; at location /home/travis/build/smarie/python-parsyfiles/parsyfiles/tests/combining_parsers_converters/test_data/b64pickle-float-1.0=True ****
Checking all files under [/home/travis/build/smarie/python-parsyfiles/parsyfiles/tests/combining_parsers_converters/test_data/b64pickle-float-1.0=True]
(C) /home/travis/build/smarie/python-parsyfiles/parsyfiles/tests/combining_parsers_converters/test_data/b64pickle-float-1.0=True (singlefile, .txt)
File checks done

Building a parsing plan to parse [/home/travis/build/smarie/python-parsyfiles/parsyfiles/tests/combining_parsers_converters/test_data/b64pickle-float-1.0=True] into a bool
(B) /home/travis/build/smarie/python-parsyfiles/parsyfiles/tests/combining_parsers_converters/test_data/b64pickle-float-1.0=True.txt -&gt; bool ------- using [Try &apos;$&lt;read_str_from_txt&gt; =&gt; &lt;str_to_bool&gt;$&apos; then &apos;$&lt;read_str_from_txt&gt; =&gt; &lt;base64_ascii_str_pickle_to_object&gt; -&gt; &lt;float_to_bool&gt;$&apos; then &apos;$&lt;read_str_from_txt&gt; =&gt; &lt;base64_ascii_str_pickle_to_object&gt; -&gt; &lt;int_to_bool&gt;$&apos; then &apos;$&lt;read_str_from_txt&gt; =&gt; &lt;base64_ascii_str_pickle_to_object&gt; -&gt; &lt;str_to_bool&gt;$&apos; then &apos;$&lt;read_str_from_txt&gt; =&gt; &lt;base64_ascii_str_pickle_to_object&gt;$]&apos;]
(B)                                                                                                  |--b64pickle-float-1.0=True.txt -&gt; bool ------- using $&lt;read_str_from_txt&gt; =&gt; &lt;str_to_bool&gt;$
Parsing Plan created successfully

Executing Parsing Plan for [/home/travis/build/smarie/python-parsyfiles/parsyfiles/tests/combining_parsers_converters/test_data/b64pickle-float-1.0=True]
(P) /home/travis/build/smarie/python-parsyfiles/parsyfiles/tests/combining_parsers_converters/test_data/b64pickle-float-1.0=True.txt -&gt; bool ------- using $&lt;read_str_from_txt&gt; =&gt; &lt;str_to_bool&gt;$
  !! Caught error during execution !!
  File &quot;/home/travis/build/smarie/python-parsyfiles/parsyfiles/converting_core.py&quot;, line 524, in _convert
    return self.conversion_method(desired_type, source_obj, logger, **opts)
  File &quot;/home/travis/build/smarie/python-parsyfiles/parsyfiles/plugins_base/support_for_primitive_types.py&quot;, line 84, in primitive_to_bool
    return bool(strtobool(source))
  File &quot;/opt/python/3.5.5/lib/python3.5/distutils/util.py&quot;, line 317, in strtobool
    raise ValueError(&quot;invalid truth value %r&quot; % (val,))
  ValueError : invalid truth value &apos;ganhp/aaaaaaaaau&apos;
(B)                                                                                                  |--b64pickle-float-1.0=True.txt -&gt; bool ------- using $&lt;read_str_from_txt&gt; =&gt; &lt;base64_ascii_str_pickle_to_object&gt; -&gt; &lt;float_to_bool&gt;$
Executing Parsing Plan for [/home/travis/build/smarie/python-parsyfiles/parsyfiles/tests/combining_parsers_converters/test_data/b64pickle-float-1.0=True]
(P) /home/travis/build/smarie/python-parsyfiles/parsyfiles/tests/combining_parsers_converters/test_data/b64pickle-float-1.0=True.txt -&gt; bool ------- using $&lt;read_str_from_txt&gt; =&gt; &lt;base64_ascii_str_pickle_to_object&gt; -&gt; &lt;float_to_bool&gt;$
(P)                                                                                                  |--b64pickle-float-1.0=True.txt -&gt; bool SUCCESS !
Completed parsing successfully

**** Starting to parse single object of type &lt;bool&gt; at location /home/travis/build/smarie/python-parsyfiles/parsyfiles/tests/combining_parsers_converters/test_data/b64pickle-float-1.0=True ****
Checking all files under [/home/travis/build/smarie/python-parsyfiles/parsyfiles/tests/combining_parsers_converters/test_data/b64pickle-float-1.0=True]
(C) /home/travis/build/smarie/python-parsyfiles/parsyfiles/tests/combining_parsers_converters/test_data/b64pickle-float-1.0=True (singlefile, .txt)
File checks done

Building a parsing plan to parse [/home/travis/build/smarie/python-parsyfiles/parsyfiles/tests/combining_parsers_converters/test_data/b64pickle-float-1.0=True] into a bool
(B) /home/travis/build/smarie/python-parsyfiles/parsyfiles/tests/combining_parsers_converters/test_data/b64pickle-float-1.0=True.txt -&gt; bool ------- using [Try &apos;$&lt;read_str_from_txt&gt; =&gt; &lt;str_to_bool&gt;$&apos; then &apos;$&lt;read_str_from_txt&gt; =&gt; &lt;base64_ascii_str_pickle_to_object&gt; -&gt; &lt;float_to_bool&gt;$&apos; then &apos;$&lt;read_str_from_txt&gt; =&gt; &lt;base64_ascii_str_pickle_to_object&gt; -&gt; &lt;int_to_bool&gt;$&apos; then &apos;$&lt;read_str_from_txt&gt; =&gt; &lt;base64_ascii_str_pickle_to_object&gt; -&gt; &lt;str_to_bool&gt;$&apos; then &apos;$&lt;read_str_from_txt&gt; =&gt; &lt;base64_ascii_str_pickle_to_object&gt;$]&apos;]
(B)                                                                                                  |--b64pickle-float-1.0=True.txt -&gt; bool ------- using $&lt;read_str_from_txt&gt; =&gt; &lt;str_to_bool&gt;$
Parsing Plan created successfully

Executing Parsing Plan for [/home/travis/build/smarie/python-parsyfiles/parsyfiles/tests/combining_parsers_converters/test_data/b64pickle-float-1.0=True]
(P) /home/travis/build/smarie/python-parsyfiles/parsyfiles/tests/combining_parsers_converters/test_data/b64pickle-float-1.0=True.txt -&gt; bool ------- using $&lt;read_str_from_txt&gt; =&gt; &lt;str_to_bool&gt;$
  !! Caught error during execution !!
  File &quot;/home/travis/build/smarie/python-parsyfiles/parsyfiles/converting_core.py&quot;, line 524, in _convert
    return self.conversion_method(desired_type, source_obj, logger, **opts)
  File &quot;/home/travis/build/smarie/python-parsyfiles/parsyfiles/plugins_base/support_for_primitive_types.py&quot;, line 84, in primitive_to_bool
    return bool(strtobool(source))
  File &quot;/opt/python/3.5.5/lib/python3.5/distutils/util.py&quot;, line 317, in strtobool
    raise ValueError(&quot;invalid truth value %r&quot; % (val,))
  ValueError : invalid truth value &apos;ganhp/aaaaaaaaau&apos;
(B)                                                                                                  |--b64pickle-float-1.0=True.txt -&gt; bool ------- using $&lt;read_str_from_txt&gt; =&gt; &lt;base64_ascii_str_pickle_to_object&gt; -&gt; &lt;float_to_bool&gt;$
Executing Parsing Plan for [/home/travis/build/smarie/python-parsyfiles/parsyfiles/tests/combining_parsers_converters/test_data/b64pickle-float-1.0=True]
(P) /home/travis/build/smarie/python-parsyfiles/parsyfiles/tests/combining_parsers_converters/test_data/b64pickle-float-1.0=True.txt -&gt; bool ------- using $&lt;read_str_from_txt&gt; =&gt; &lt;base64_ascii_str_pickle_to_object&gt; -&gt; &lt;float_to_bool&gt;$
(P)                                                                                                  |--b64pickle-float-1.0=True.txt -&gt; bool SUCCESS !
Completed parsing successfully

**** Starting to parse single object of type &lt;bool&gt; at location /home/travis/build/smarie/python-parsyfiles/parsyfiles/tests/combining_parsers_converters/test_data/b64pickle-float-1.0=True ****
Checking all files under [/home/travis/build/smarie/python-parsyfiles/parsyfiles/tests/combining_parsers_converters/test_data/b64pickle-float-1.0=True]
(C) /home/travis/build/smarie/python-parsyfiles/parsyfiles/tests/combining_parsers_converters/test_data/b64pickle-float-1.0=True (singlefile, .txt)
File checks done

Building a parsing plan to parse [/home/travis/build/smarie/python-parsyfiles/parsyfiles/tests/combining_parsers_converters/test_data/b64pickle-float-1.0=True] into a bool
(B) /home/travis/build/smarie/python-parsyfiles/parsyfiles/tests/combining_parsers_converters/test_data/b64pickle-float-1.0=True.txt -&gt; bool ------- using [Try &apos;$&lt;read_str_from_txt&gt; =&gt; &lt;str_to_bool&gt;$&apos; then &apos;$&lt;read_str_from_txt&gt; =&gt; &lt;base64_ascii_str_pickle_to_object&gt; -&gt; &lt;float_to_bool&gt;$&apos; then &apos;$&lt;read_str_from_txt&gt; =&gt; &lt;base64_ascii_str_pickle_to_object&gt; -&gt; &lt;int_to_bool&gt;$&apos; then &apos;$&lt;read_str_from_txt&gt; =&gt; &lt;base64_ascii_str_pickle_to_object&gt; -&gt; &lt;str_to_bool&gt;$&apos; then &apos;$&lt;read_str_from_txt&gt; =&gt; &lt;base64_ascii_str_pickle_to_object&gt;$]&apos;]
(B)                                                                                                  |--b64pickle-float-1.0=True.txt -&gt; bool ------- using $&lt;read_str_from_txt&gt; =&gt; &lt;str_to_bool&gt;$
Parsing Plan created successfully

Executing Parsing Plan for [/home/travis/build/smarie/python-parsyfiles/parsyfiles/tests/combining_parsers_converters/test_data/b64pickle-float-1.0=True]
(P) /home/travis/build/smarie/python-parsyfiles/parsyfiles/tests/combining_parsers_converters/test_data/b64pickle-float-1.0=True.txt -&gt; bool ------- using $&lt;read_str_from_txt&gt; =&gt; &lt;str_to_bool&gt;$
  !! Caught error during execution !!
  File &quot;/home/travis/build/smarie/python-parsyfiles/parsyfiles/converting_core.py&quot;, line 524, in _convert
    return self.conversion_method(desired_type, source_obj, logger, **opts)
  File &quot;/home/travis/build/smarie/python-parsyfiles/parsyfiles/plugins_base/support_for_primitive_types.py&quot;, line 84, in primitive_to_bool
    return bool(strtobool(source))
  File &quot;/opt/python/3.5.5/lib/python3.5/distutils/util.py&quot;, line 317, in strtobool
    raise ValueError(&quot;invalid truth value %r&quot; % (val,))
  ValueError : invalid truth value &apos;ganhp/aaaaaaaaau&apos;
(B)                                                                                                  |--b64pickle-float-1.0=True.txt -&gt; bool ------- using $&lt;read_str_from_txt&gt; =&gt; &lt;base64_ascii_str_pickle_to_object&gt; -&gt; &lt;float_to_bool&gt;$
Executing Parsing Plan for [/home/travis/build/smarie/python-parsyfiles/parsyfiles/tests/combining_parsers_converters/test_data/b64pickle-float-1.0=True]
(P) /home/travis/build/smarie/python-parsyfiles/parsyfiles/tests/combining_parsers_converters/test_data/b64pickle-float-1.0=True.txt -&gt; bool ------- using $&lt;read_str_from_txt&gt; =&gt; &lt;base64_ascii_str_pickle_to_object&gt; -&gt; &lt;float_to_bool&gt;$
(P)                                                                                                  |--b64pickle-float-1.0=True.txt -&gt; bool SUCCESS !
Completed parsing successfully

**** Starting to parse single object of type &lt;bool&gt; at location /home/travis/build/smarie/python-parsyfiles/parsyfiles/tests/combining_parsers_converters/test_data/b64pickle-float-1.0=True ****
Checking all files under [/home/travis/build/smarie/python-parsyfiles/parsyfiles/tests/combining_parsers_converters/test_data/b64pickle-float-1.0=True]
(C) /home/travis/build/smarie/python-parsyfiles/parsyfiles/tests/combining_parsers_converters/test_data/b64pickle-float-1.0=True (singlefile, .txt)
File checks done

Building a parsing plan to parse [/home/travis/build/smarie/python-parsyfiles/parsyfiles/tests/combining_parsers_converters/test_data/b64pickle-float-1.0=True] into a bool
(B) /home/travis/build/smarie/python-parsyfiles/parsyfiles/tests/combining_parsers_converters/test_data/b64pickle-float-1.0=True.txt -&gt; bool ------- using [Try &apos;$&lt;read_str_from_txt&gt; =&gt; &lt;str_to_bool&gt;$&apos; then &apos;$&lt;read_str_from_txt&gt; =&gt; &lt;base64_ascii_str_pickle_to_object&gt; -&gt; &lt;float_to_bool&gt;$&apos; then &apos;$&lt;read_str_from_txt&gt; =&gt; &lt;base64_ascii_str_pickle_to_object&gt; -&gt; &lt;int_to_bool&gt;$&apos; then &apos;$&lt;read_str_from_txt&gt; =&gt; &lt;base64_ascii_str_pickle_to_object&gt; -&gt; &lt;str_to_bool&gt;$&apos; then &apos;$&lt;read_str_from_txt&gt; =&gt; &lt;base64_ascii_str_pickle_to_object&gt;$]&apos;]
(B)                                                                                                  |--b64pickle-float-1.0=True.txt -&gt; bool ------- using $&lt;read_str_from_txt&gt; =&gt; &lt;str_to_bool&gt;$
Parsing Plan created successfully

Executing Parsing Plan for [/home/travis/build/smarie/python-parsyfiles/parsyfiles/tests/combining_parsers_converters/test_data/b64pickle-float-1.0=True]
(P) /home/travis/build/smarie/python-parsyfiles/parsyfiles/tests/combining_parsers_converters/test_data/b64pickle-float-1.0=True.txt -&gt; bool ------- using $&lt;read_str_from_txt&gt; =&gt; &lt;str_to_bool&gt;$
  !! Caught error during execution !!
  File &quot;/home/travis/build/smarie/python-parsyfiles/parsyfiles/converting_core.py&quot;, line 524, in _convert
    return self.conversion_method(desired_type, source_obj, logger, **opts)
  File &quot;/home/travis/build/smarie/python-parsyfiles/parsyfiles/plugins_base/support_for_primitive_types.py&quot;, line 84, in primitive_to_bool
    return bool(strtobool(source))
  File &quot;/opt/python/3.5.5/lib/python3.5/distutils/util.py&quot;, line 317, in strtobool
    raise ValueError(&quot;invalid truth value %r&quot; % (val,))
  ValueError : invalid truth value &apos;ganhp/aaaaaaaaau&apos;
(B)                                                                                                  |--b64pickle-float-1.0=True.txt -&gt; bool ------- using $&lt;read_str_from_txt&gt; =&gt; &lt;base64_ascii_str_pickle_to_object&gt; -&gt; &lt;float_to_bool&gt;$
Executing Parsing Plan for [/home/travis/build/smarie/python-parsyfiles/parsyfiles/tests/combining_parsers_converters/test_data/b64pickle-float-1.0=True]
(P) /home/travis/build/smarie/python-parsyfiles/parsyfiles/tests/combining_parsers_converters/test_data/b64pickle-float-1.0=True.txt -&gt; bool ------- using $&lt;read_str_from_txt&gt; =&gt; &lt;base64_ascii_str_pickle_to_object&gt; -&gt; &lt;float_to_bool&gt;$
(P)                                                                                                  |--b64pickle-float-1.0=True.txt -&gt; bool SUCCESS !
Completed parsing successfully

**** Starting to parse single object of type &lt;bool&gt; at location /home/travis/build/smarie/python-parsyfiles/parsyfiles/tests/combining_parsers_converters/test_data/b64pickle-float-1.0=True ****
Checking all files under [/home/travis/build/smarie/python-parsyfiles/parsyfiles/tests/combining_parsers_converters/test_data/b64pickle-float-1.0=True]
(C) /home/travis/build/smarie/python-parsyfiles/parsyfiles/tests/combining_parsers_converters/test_data/b64pickle-float-1.0=True (singlefile, .txt)
File checks done

Building a parsing plan to parse [/home/travis/build/smarie/python-parsyfiles/parsyfiles/tests/combining_parsers_converters/test_data/b64pickle-float-1.0=True] into a bool
(B) /home/travis/build/smarie/python-parsyfiles/parsyfiles/tests/combining_parsers_converters/test_data/b64pickle-float-1.0=True.txt -&gt; bool ------- using [Try &apos;$&lt;read_str_from_txt&gt; =&gt; &lt;str_to_bool&gt;$&apos; then &apos;$&lt;read_str_from_txt&gt; =&gt; &lt;base64_ascii_str_pickle_to_object&gt; -&gt; &lt;float_to_bool&gt;$&apos; then &apos;$&lt;read_str_from_txt&gt; =&gt; &lt;base64_ascii_str_pickle_to_object&gt; -&gt; &lt;int_to_bool&gt;$&apos; then &apos;$&lt;read_str_from_txt&gt; =&gt; &lt;base64_ascii_str_pickle_to_object&gt; -&gt; &lt;str_to_bool&gt;$&apos; then &apos;$&lt;read_str_from_txt&gt; =&gt; &lt;base64_ascii_str_pickle_to_object&gt;$]&apos;]
(B)                                                                                                  |--b64pickle-float-1.0=True.txt -&gt; bool ------- using $&lt;read_str_from_txt&gt; =&gt; &lt;str_to_bool&gt;$
Parsing Plan created successfully

Executing Parsing Plan for [/home/travis/build/smarie/python-parsyfiles/parsyfiles/tests/combining_parsers_converters/test_data/b64pickle-float-1.0=True]
(P) /home/travis/build/smarie/python-parsyfiles/parsyfiles/tests/combining_parsers_converters/test_data/b64pickle-float-1.0=True.txt -&gt; bool ------- using $&lt;read_str_from_txt&gt; =&gt; &lt;str_to_bool&gt;$
  !! Caught error during execution !!
  File &quot;/home/travis/build/smarie/python-parsyfiles/parsyfiles/converting_core.py&quot;, line 524, in _convert
    return self.conversion_method(desired_type, source_obj, logger, **opts)
  File &quot;/home/travis/build/smarie/python-parsyfiles/parsyfiles/plugins_base/support_for_primitive_types.py&quot;, line 84, in primitive_to_bool
    return bool(strtobool(source))
  File &quot;/opt/python/3.5.5/lib/python3.5/distutils/util.py&quot;, line 317, in strtobool
    raise ValueError(&quot;invalid truth value %r&quot; % (val,))
  ValueError : invalid truth value &apos;ganhp/aaaaaaaaau&apos;
(B)                                                                                                  |--b64pickle-float-1.0=True.txt -&gt; bool ------- using $&lt;read_str_from_txt&gt; =&gt; &lt;base64_ascii_str_pickle_to_object&gt; -&gt; &lt;float_to_bool&gt;$
Executing Parsing Plan for [/home/travis/build/smarie/python-parsyfiles/parsyfiles/tests/combining_parsers_converters/test_data/b64pickle-float-1.0=True]
(P) /home/travis/build/smarie/python-parsyfiles/parsyfiles/tests/combining_parsers_converters/test_data/b64pickle-float-1.0=True.txt -&gt; bool ------- using $&lt;read_str_from_txt&gt; =&gt; &lt;base64_ascii_str_pickle_to_object&gt; -&gt; &lt;float_to_bool&gt;$
(P)                                                                                                  |--b64pickle-float-1.0=True.txt -&gt; bool SUCCESS !
Completed parsing successfully

**** Starting to parse single object of type &lt;bool&gt; at location /home/travis/build/smarie/python-parsyfiles/parsyfiles/tests/combining_parsers_converters/test_data/b64pickle-float-1.0=True ****
Checking all files under [/home/travis/build/smarie/python-parsyfiles/parsyfiles/tests/combining_parsers_converters/test_data/b64pickle-float-1.0=True]
(C) /home/travis/build/smarie/python-parsyfiles/parsyfiles/tests/combining_parsers_converters/test_data/b64pickle-float-1.0=True (singlefile, .txt)
File checks done

Building a parsing plan to parse [/home/travis/build/smarie/python-parsyfiles/parsyfiles/tests/combining_parsers_converters/test_data/b64pickle-float-1.0=True] into a bool
(B) /home/travis/build/smarie/python-parsyfiles/parsyfiles/tests/combining_parsers_converters/test_data/b64pickle-float-1.0=True.txt -&gt; bool ------- using [Try &apos;$&lt;read_str_from_txt&gt; =&gt; &lt;str_to_bool&gt;$&apos; then &apos;$&lt;read_str_from_txt&gt; =&gt; &lt;base64_ascii_str_pickle_to_object&gt; -&gt; &lt;float_to_bool&gt;$&apos; then &apos;$&lt;read_str_from_txt&gt; =&gt; &lt;base64_ascii_str_pickle_to_object&gt; -&gt; &lt;int_to_bool&gt;$&apos; then &apos;$&lt;read_str_from_txt&gt; =&gt; &lt;base64_ascii_str_pickle_to_object&gt; -&gt; &lt;str_to_bool&gt;$&apos; then &apos;$&lt;read_str_from_txt&gt; =&gt; &lt;base64_ascii_str_pickle_to_object&gt;$]&apos;]
(B)                                                                                                  |--b64pickle-float-1.0=True.txt -&gt; bool ------- using $&lt;read_str_from_txt&gt; =&gt; &lt;str_to_bool&gt;$
Parsing Plan created successfully

Executing Parsing Plan for [/home/travis/build/smarie/python-parsyfiles/parsyfiles/tests/combining_parsers_converters/test_data/b64pickle-float-1.0=True]
(P) /home/travis/build/smarie/python-parsyfiles/parsyfiles/tests/combining_parsers_converters/test_data/b64pickle-float-1.0=True.txt -&gt; bool ------- using $&lt;read_str_from_txt&gt; =&gt; &lt;str_to_bool&gt;$
  !! Caught error during execution !!
  File &quot;/home/travis/build/smarie/python-parsyfiles/parsyfiles/converting_core.py&quot;, line 524, in _convert
    return self.conversion_method(desired_type, source_obj, logger, **opts)
  File &quot;/home/travis/build/smarie/python-parsyfiles/parsyfiles/plugins_base/support_for_primitive_types.py&quot;, line 84, in primitive_to_bool
    return bool(strtobool(source))
  File &quot;/opt/python/3.5.5/lib/python3.5/distutils/util.py&quot;, line 317, in strtobool
    raise ValueError(&quot;invalid truth value %r&quot; % (val,))
  ValueError : invalid truth value &apos;ganhp/aaaaaaaaau&apos;
(B)                                                                                                  |--b64pickle-float-1.0=True.txt -&gt; bool ------- using $&lt;read_str_from_txt&gt; =&gt; &lt;base64_ascii_str_pickle_to_object&gt; -&gt; &lt;float_to_bool&gt;$
Executing Parsing Plan for [/home/travis/build/smarie/python-parsyfiles/parsyfiles/tests/combining_parsers_converters/test_data/b64pickle-float-1.0=True]
(P) /home/travis/build/smarie/python-parsyfiles/parsyfiles/tests/combining_parsers_converters/test_data/b64pickle-float-1.0=True.txt -&gt; bool ------- using $&lt;read_str_from_txt&gt; =&gt; &lt;base64_ascii_str_pickle_to_object&gt; -&gt; &lt;float_to_bool&gt;$
(P)                                                                                                  |--b64pickle-float-1.0=True.txt -&gt; bool SUCCESS !
Completed parsing successfully

**** Starting to parse single object of type &lt;bool&gt; at location /home/travis/build/smarie/python-parsyfiles/parsyfiles/tests/combining_parsers_converters/test_data/b64pickle-float-1.0=True ****
Checking all files under [/home/travis/build/smarie/python-parsyfiles/parsyfiles/tests/combining_parsers_converters/test_data/b64pickle-float-1.0=True]
(C) /home/travis/build/smarie/python-parsyfiles/parsyfiles/tests/combining_parsers_converters/test_data/b64pickle-float-1.0=True (singlefile, .txt)
File checks done

Building a parsing plan to parse [/home/travis/build/smarie/python-parsyfiles/parsyfiles/tests/combining_parsers_converters/test_data/b64pickle-float-1.0=True] into a bool
(B) /home/travis/build/smarie/python-parsyfiles/parsyfiles/tests/combining_parsers_converters/test_data/b64pickle-float-1.0=True.txt -&gt; bool ------- using [Try &apos;$&lt;read_str_from_txt&gt; =&gt; &lt;str_to_bool&gt;$&apos; then &apos;$&lt;read_str_from_txt&gt; =&gt; &lt;base64_ascii_str_pickle_to_object&gt; -&gt; &lt;float_to_bool&gt;$&apos; then &apos;$&lt;read_str_from_txt&gt; =&gt; &lt;base64_ascii_str_pickle_to_object&gt; -&gt; &lt;int_to_bool&gt;$&apos; then &apos;$&lt;read_str_from_txt&gt; =&gt; &lt;base64_ascii_str_pickle_to_object&gt; -&gt; &lt;str_to_bool&gt;$&apos; then &apos;$&lt;read_str_from_txt&gt; =&gt; &lt;base64_ascii_str_pickle_to_object&gt;$]&apos;]
(B)                                                                                                  |--b64pickle-float-1.0=True.txt -&gt; bool ------- using $&lt;read_str_from_txt&gt; =&gt; &lt;str_to_bool&gt;$
Parsing Plan created successfully

Executing Parsing Plan for [/home/travis/build/smarie/python-parsyfiles/parsyfiles/tests/combining_parsers_converters/test_data/b64pickle-float-1.0=True]
(P) /home/travis/build/smarie/python-parsyfiles/parsyfiles/tests/combining_parsers_converters/test_data/b64pickle-float-1.0=True.txt -&gt; bool ------- using $&lt;read_str_from_txt&gt; =&gt; &lt;str_to_bool&gt;$
  !! Caught error during execution !!
  File &quot;/home/travis/build/smarie/python-parsyfiles/parsyfiles/converting_core.py&quot;, line 524, in _convert
    return self.conversion_method(desired_type, source_obj, logger, **opts)
  File &quot;/home/travis/build/smarie/python-parsyfiles/parsyfiles/plugins_base/support_for_primitive_types.py&quot;, line 84, in primitive_to_bool
    return bool(strtobool(source))
  File &quot;/opt/python/3.5.5/lib/python3.5/distutils/util.py&quot;, line 317, in strtobool
    raise ValueError(&quot;invalid truth value %r&quot; % (val,))
  ValueError : invalid truth value &apos;ganhp/aaaaaaaaau&apos;
(B)                                                                                                  |--b64pickle-float-1.0=True.txt -&gt; bool ------- using $&lt;read_str_from_txt&gt; =&gt; &lt;base64_ascii_str_pickle_to_object&gt; -&gt; &lt;float_to_bool&gt;$
Executing Parsing Plan for [/home/travis/build/smarie/python-parsyfiles/parsyfiles/tests/combining_parsers_converters/test_data/b64pickle-float-1.0=True]
(P) /home/travis/build/smarie/python-parsyfiles/parsyfiles/tests/combining_parsers_converters/test_data/b64pickle-float-1.0=True.txt -&gt; bool ------- using $&lt;read_str_from_txt&gt; =&gt; &lt;base64_ascii_str_pickle_to_object&gt; -&gt; &lt;float_to_bool&gt;$
(P)                                                                                                  |--b64pickle-float-1.0=True.txt -&gt; bool SUCCESS !
Completed parsing successfully

**** Starting to parse single object of type &lt;bool&gt; at location /home/travis/build/smarie/python-parsyfiles/parsyfiles/tests/combining_parsers_converters/test_data/b64pickle-float-1.0=True ****
Checking all files under [/home/travis/build/smarie/python-parsyfiles/parsyfiles/tests/combining_parsers_converters/test_data/b64pickle-float-1.0=True]
(C) /home/travis/build/smarie/python-parsyfiles/parsyfiles/tests/combining_parsers_converters/test_data/b64pickle-float-1.0=True (singlefile, .txt)
File checks done

Building a parsing plan to parse [/home/travis/build/smarie/python-parsyfiles/parsyfiles/tests/combining_parsers_converters/test_data/b64pickle-float-1.0=True] into a bool
(B) /home/travis/build/smarie/python-parsyfiles/parsyfiles/tests/combining_parsers_converters/test_data/b64pickle-float-1.0=True.txt -&gt; bool ------- using [Try &apos;$&lt;read_str_from_txt&gt; =&gt; &lt;str_to_bool&gt;$&apos; then &apos;$&lt;read_str_from_txt&gt; =&gt; &lt;base64_ascii_str_pickle_to_object&gt; -&gt; &lt;float_to_bool&gt;$&apos; then &apos;$&lt;read_str_from_txt&gt; =&gt; &lt;base64_ascii_str_pickle_to_object&gt; -&gt; &lt;int_to_bool&gt;$&apos; then &apos;$&lt;read_str_from_txt&gt; =&gt; &lt;base64_ascii_str_pickle_to_object&gt; -&gt; &lt;str_to_bool&gt;$&apos; then &apos;$&lt;read_str_from_txt&gt; =&gt; &lt;base64_ascii_str_pickle_to_object&gt;$]&apos;]
(B)                                                                                                  |--b64pickle-float-1.0=True.txt -&gt; bool ------- using $&lt;read_str_from_txt&gt; =&gt; &lt;str_to_bool&gt;$
Parsing Plan created successfully

Executing Parsing Plan for [/home/travis/build/smarie/python-parsyfiles/parsyfiles/tests/combining_parsers_converters/test_data/b64pickle-float-1.0=True]
(P) /home/travis/build/smarie/python-parsyfiles/parsyfiles/tests/combining_parsers_converters/test_data/b64pickle-float-1.0=True.txt -&gt; bool ------- using $&lt;read_str_from_txt&gt; =&gt; &lt;str_to_bool&gt;$
  !! Caught error during execution !!
  File &quot;/home/travis/build/smarie/python-parsyfiles/parsyfiles/converting_core.py&quot;, line 524, in _convert
    return self.conversion_method(desired_type, source_obj, logger, **opts)
  File &quot;/home/travis/build/smarie/python-parsyfiles/parsyfiles/plugins_base/support_for_primitive_types.py&quot;, line 84, in primitive_to_bool
    return bool(strtobool(source))
  File &quot;/opt/python/3.5.5/lib/python3.5/distutils/util.py&quot;, line 317, in strtobool
    raise ValueError(&quot;invalid truth value %r&quot; % (val,))
  ValueError : invalid truth value &apos;ganhp/aaaaaaaaau&apos;
(B)                                                                                                  |--b64pickle-float-1.0=True.txt -&gt; bool ------- using $&lt;read_str_from_txt&gt; =&gt; &lt;base64_ascii_str_pickle_to_object&gt; -&gt; &lt;float_to_bool&gt;$
Executing Parsing Plan for [/home/travis/build/smarie/python-parsyfiles/parsyfiles/tests/combining_parsers_converters/test_data/b64pickle-float-1.0=True]
(P) /home/travis/build/smarie/python-parsyfiles/parsyfiles/tests/combining_parsers_converters/test_data/b64pickle-float-1.0=True.txt -&gt; bool ------- using $&lt;read_str_from_txt&gt; =&gt; &lt;base64_ascii_str_pickle_to_object&gt; -&gt; &lt;float_to_bool&gt;$
(P)                                                                                                  |--b64pickle-float-1.0=True.txt -&gt; bool SUCCESS !
Completed parsing successfully

**** Starting to parse single object of type &lt;bool&gt; at location /home/travis/build/smarie/python-parsyfiles/parsyfiles/tests/combining_parsers_converters/test_data/b64pickle-float-1.0=True ****
Checking all files under [/home/travis/build/smarie/python-parsyfiles/parsyfiles/tests/combining_parsers_converters/test_data/b64pickle-float-1.0=True]
(C) /home/travis/build/smarie/python-parsyfiles/parsyfiles/tests/combining_parsers_converters/test_data/b64pickle-float-1.0=True (singlefile, .txt)
File checks done

Building a parsing plan to parse [/home/travis/build/smarie/python-parsyfiles/parsyfiles/tests/combining_parsers_converters/test_data/b64pickle-float-1.0=True] into a bool
(B) /home/travis/build/smarie/python-parsyfiles/parsyfiles/tests/combining_parsers_converters/test_data/b64pickle-float-1.0=True.txt -&gt; bool ------- using [Try &apos;$&lt;read_str_from_txt&gt; =&gt; &lt;str_to_bool&gt;$&apos; then &apos;$&lt;read_str_from_txt&gt; =&gt; &lt;base64_ascii_str_pickle_to_object&gt; -&gt; &lt;float_to_bool&gt;$&apos; then &apos;$&lt;read_str_from_txt&gt; =&gt; &lt;base64_ascii_str_pickle_to_object&gt; -&gt; &lt;int_to_bool&gt;$&apos; then &apos;$&lt;read_str_from_txt&gt; =&gt; &lt;base64_ascii_str_pickle_to_object&gt; -&gt; &lt;str_to_bool&gt;$&apos; then &apos;$&lt;read_str_from_txt&gt; =&gt; &lt;base64_ascii_str_pickle_to_object&gt;$]&apos;]
(B)                                                                                                  |--b64pickle-float-1.0=True.txt -&gt; bool ------- using $&lt;read_str_from_txt&gt; =&gt; &lt;str_to_bool&gt;$
Parsing Plan created successfully

Executing Parsing Plan for [/home/travis/build/smarie/python-parsyfiles/parsyfiles/tests/combining_parsers_converters/test_data/b64pickle-float-1.0=True]
(P) /home/travis/build/smarie/python-parsyfiles/parsyfiles/tests/combining_parsers_converters/test_data/b64pickle-float-1.0=True.txt -&gt; bool ------- using $&lt;read_str_from_txt&gt; =&gt; &lt;str_to_bool&gt;$
  !! Caught error during execution !!
  File &quot;/home/travis/build/smarie/python-parsyfiles/parsyfiles/converting_core.py&quot;, line 524, in _convert
    return self.conversion_method(desired_type, source_obj, logger, **opts)
  File &quot;/home/travis/build/smarie/python-parsyfiles/parsyfiles/plugins_base/support_for_primitive_types.py&quot;, line 84, in primitive_to_bool
    return bool(strtobool(source))
  File &quot;/opt/python/3.5.5/lib/python3.5/distutils/util.py&quot;, line 317, in strtobool
    raise ValueError(&quot;invalid truth value %r&quot; % (val,))
  ValueError : invalid truth value &apos;ganhp/aaaaaaaaau&apos;
(B)                                                                                                  |--b64pickle-float-1.0=True.txt -&gt; bool ------- using $&lt;read_str_from_txt&gt; =&gt; &lt;base64_ascii_str_pickle_to_object&gt; -&gt; &lt;float_to_bool&gt;$
Executing Parsing Plan for [/home/travis/build/smarie/python-parsyfiles/parsyfiles/tests/combining_parsers_converters/test_data/b64pickle-float-1.0=True]
(P) /home/travis/build/smarie/python-parsyfiles/parsyfiles/tests/combining_parsers_converters/test_data/b64pickle-float-1.0=True.txt -&gt; bool ------- using $&lt;read_str_from_txt&gt; =&gt; &lt;base64_ascii_str_pickle_to_object&gt; -&gt; &lt;float_to_bool&gt;$
(P)                                                                                                  |--b64pickle-float-1.0=True.txt -&gt; bool SUCCESS !
Completed parsing successfully

**** Starting to parse single object of type &lt;bool&gt; at location /home/travis/build/smarie/python-parsyfiles/parsyfiles/tests/combining_parsers_converters/test_data/b64pickle-float-1.0=True ****
Checking all files under [/home/travis/build/smarie/python-parsyfiles/parsyfiles/tests/combining_parsers_converters/test_data/b64pickle-float-1.0=True]
(C) /home/travis/build/smarie/python-parsyfiles/parsyfiles/tests/combining_parsers_converters/test_data/b64pickle-float-1.0=True (singlefile, .txt)
File checks done

Building a parsing plan to parse [/home/travis/build/smarie/python-parsyfiles/parsyfiles/tests/combining_parsers_converters/test_data/b64pickle-float-1.0=True] into a bool
(B) /home/travis/build/smarie/python-parsyfiles/parsyfiles/tests/combining_parsers_converters/test_data/b64pickle-float-1.0=True.txt -&gt; bool ------- using [Try &apos;$&lt;read_str_from_txt&gt; =&gt; &lt;str_to_bool&gt;$&apos; then &apos;$&lt;read_str_from_txt&gt; =&gt; &lt;base64_ascii_str_pickle_to_object&gt; -&gt; &lt;float_to_bool&gt;$&apos; then &apos;$&lt;read_str_from_txt&gt; =&gt; &lt;base64_ascii_str_pickle_to_object&gt; -&gt; &lt;int_to_bool&gt;$&apos; then &apos;$&lt;read_str_from_txt&gt; =&gt; &lt;base64_ascii_str_pickle_to_object&gt; -&gt; &lt;str_to_bool&gt;$&apos; then &apos;$&lt;read_str_from_txt&gt; =&gt; &lt;base64_ascii_str_pickle_to_object&gt;$]&apos;]
(B)                                                                                                  |--b64pickle-float-1.0=True.txt -&gt; bool ------- using $&lt;read_str_from_txt&gt; =&gt; &lt;str_to_bool&gt;$
Parsing Plan created successfully

Executing Parsing Plan for [/home/travis/build/smarie/python-parsyfiles/parsyfiles/tests/combining_parsers_converters/test_data/b64pickle-float-1.0=True]
(P) /home/travis/build/smarie/python-parsyfiles/parsyfiles/tests/combining_parsers_converters/test_data/b64pickle-float-1.0=True.txt -&gt; bool ------- using $&lt;read_str_from_txt&gt; =&gt; &lt;str_to_bool&gt;$
  !! Caught error during execution !!
  File &quot;/home/travis/build/smarie/python-parsyfiles/parsyfiles/converting_core.py&quot;, line 524, in _convert
    return self.conversion_method(desired_type, source_obj, logger, **opts)
  File &quot;/home/travis/build/smarie/python-parsyfiles/parsyfiles/plugins_base/support_for_primitive_types.py&quot;, line 84, in primitive_to_bool
    return bool(strtobool(source))
  File &quot;/opt/python/3.5.5/lib/python3.5/distutils/util.py&quot;, line 317, in strtobool
    raise ValueError(&quot;invalid truth value %r&quot; % (val,))
  ValueError : invalid truth value &apos;ganhp/aaaaaaaaau&apos;
(B)                                                                                                  |--b64pickle-float-1.0=True.txt -&gt; bool ------- using $&lt;read_str_from_txt&gt; =&gt; &lt;base64_ascii_str_pickle_to_object&gt; -&gt; &lt;float_to_bool&gt;$
Executing Parsing Plan for [/home/travis/build/smarie/python-parsyfiles/parsyfiles/tests/combining_parsers_converters/test_data/b64pickle-float-1.0=True]
(P) /home/travis/build/smarie/python-parsyfiles/parsyfiles/tests/combining_parsers_converters/test_data/b64pickle-float-1.0=True.txt -&gt; bool ------- using $&lt;read_str_from_txt&gt; =&gt; &lt;base64_ascii_str_pickle_to_object&gt; -&gt; &lt;float_to_bool&gt;$
(P)                                                                                                  |--b64pickle-float-1.0=True.txt -&gt; bool SUCCESS !
Completed parsing successfully

**** Starting to parse single object of type &lt;bool&gt; at location /home/travis/build/smarie/python-parsyfiles/parsyfiles/tests/combining_parsers_converters/test_data/b64pickle-float-1.0=True ****
Checking all files under [/home/travis/build/smarie/python-parsyfiles/parsyfiles/tests/combining_parsers_converters/test_data/b64pickle-float-1.0=True]
(C) /home/travis/build/smarie/python-parsyfiles/parsyfiles/tests/combining_parsers_converters/test_data/b64pickle-float-1.0=True (singlefile, .txt)
File checks done

Building a parsing plan to parse [/home/travis/build/smarie/python-parsyfiles/parsyfiles/tests/combining_parsers_converters/test_data/b64pickle-float-1.0=True] into a bool
(B) /home/travis/build/smarie/python-parsyfiles/parsyfiles/tests/combining_parsers_converters/test_data/b64pickle-float-1.0=True.txt -&gt; bool ------- using [Try &apos;$&lt;read_str_from_txt&gt; =&gt; &lt;str_to_bool&gt;$&apos; then &apos;$&lt;read_str_from_txt&gt; =&gt; &lt;base64_ascii_str_pickle_to_object&gt; -&gt; &lt;float_to_bool&gt;$&apos; then &apos;$&lt;read_str_from_txt&gt; =&gt; &lt;base64_ascii_str_pickle_to_object&gt; -&gt; &lt;int_to_bool&gt;$&apos; then &apos;$&lt;read_str_from_txt&gt; =&gt; &lt;base64_ascii_str_pickle_to_object&gt; -&gt; &lt;str_to_bool&gt;$&apos; then &apos;$&lt;read_str_from_txt&gt; =&gt; &lt;base64_ascii_str_pickle_to_object&gt;$]&apos;]
(B)                                                                                                  |--b64pickle-float-1.0=True.txt -&gt; bool ------- using $&lt;read_str_from_txt&gt; =&gt; &lt;str_to_bool&gt;$
Parsing Plan created successfully

Executing Parsing Plan for [/home/travis/build/smarie/python-parsyfiles/parsyfiles/tests/combining_parsers_converters/test_data/b64pickle-float-1.0=True]
(P) /home/travis/build/smarie/python-parsyfiles/parsyfiles/tests/combining_parsers_converters/test_data/b64pickle-float-1.0=True.txt -&gt; bool ------- using $&lt;read_str_from_txt&gt; =&gt; &lt;str_to_bool&gt;$
  !! Caught error during execution !!
  File &quot;/home/travis/build/smarie/python-parsyfiles/parsyfiles/converting_core.py&quot;, line 524, in _convert
    return self.conversion_method(desired_type, source_obj, logger, **opts)
  File &quot;/home/travis/build/smarie/python-parsyfiles/parsyfiles/plugins_base/support_for_primitive_types.py&quot;, line 84, in primitive_to_bool
    return bool(strtobool(source))
  File &quot;/opt/python/3.5.5/lib/python3.5/distutils/util.py&quot;, line 317, in strtobool
    raise ValueError(&quot;invalid truth value %r&quot; % (val,))
  ValueError : invalid truth value &apos;ganhp/aaaaaaaaau&apos;
(B)                                                                                                  |--b64pickle-float-1.0=True.txt -&gt; bool ------- using $&lt;read_str_from_txt&gt; =&gt; &lt;base64_ascii_str_pickle_to_object&gt; -&gt; &lt;float_to_bool&gt;$
Executing Parsing Plan for [/home/travis/build/smarie/python-parsyfiles/parsyfiles/tests/combining_parsers_converters/test_data/b64pickle-float-1.0=True]
(P) /home/travis/build/smarie/python-parsyfiles/parsyfiles/tests/combining_parsers_converters/test_data/b64pickle-float-1.0=True.txt -&gt; bool ------- using $&lt;read_str_from_txt&gt; =&gt; &lt;base64_ascii_str_pickle_to_object&gt; -&gt; &lt;float_to_bool&gt;$
(P)                                                                                                  |--b64pickle-float-1.0=True.txt -&gt; bool SUCCESS !
Completed parsing successfully

**** Starting to parse single object of type &lt;bool&gt; at location /home/travis/build/smarie/python-parsyfiles/parsyfiles/tests/combining_parsers_converters/test_data/b64pickle-float-1.0=True ****
Checking all files under [/home/travis/build/smarie/python-parsyfiles/parsyfiles/tests/combining_parsers_converters/test_data/b64pickle-float-1.0=True]
(C) /home/travis/build/smarie/python-parsyfiles/parsyfiles/tests/combining_parsers_converters/test_data/b64pickle-float-1.0=True (singlefile, .txt)
File checks done

Building a parsing plan to parse [/home/travis/build/smarie/python-parsyfiles/parsyfiles/tests/combining_parsers_converters/test_data/b64pickle-float-1.0=True] into a bool
(B) /home/travis/build/smarie/python-parsyfiles/parsyfiles/tests/combining_parsers_converters/test_data/b64pickle-float-1.0=True.txt -&gt; bool ------- using [Try &apos;$&lt;read_str_from_txt&gt; =&gt; &lt;str_to_bool&gt;$&apos; then &apos;$&lt;read_str_from_txt&gt; =&gt; &lt;base64_ascii_str_pickle_to_object&gt; -&gt; &lt;float_to_bool&gt;$&apos; then &apos;$&lt;read_str_from_txt&gt; =&gt; &lt;base64_ascii_str_pickle_to_object&gt; -&gt; &lt;int_to_bool&gt;$&apos; then &apos;$&lt;read_str_from_txt&gt; =&gt; &lt;base64_ascii_str_pickle_to_object&gt; -&gt; &lt;str_to_bool&gt;$&apos; then &apos;$&lt;read_str_from_txt&gt; =&gt; &lt;base64_ascii_str_pickle_to_object&gt;$]&apos;]
(B)                                                                                                  |--b64pickle-float-1.0=True.txt -&gt; bool ------- using $&lt;read_str_from_txt&gt; =&gt; &lt;str_to_bool&gt;$
Parsing Plan created successfully

Executing Parsing Plan for [/home/travis/build/smarie/python-parsyfiles/parsyfiles/tests/combining_parsers_converters/test_data/b64pickle-float-1.0=True]
(P) /home/travis/build/smarie/python-parsyfiles/parsyfiles/tests/combining_parsers_converters/test_data/b64pickle-float-1.0=True.txt -&gt; bool ------- using $&lt;read_str_from_txt&gt; =&gt; &lt;str_to_bool&gt;$
  !! Caught error during execution !!
  File &quot;/home/travis/build/smarie/python-parsyfiles/parsyfiles/converting_core.py&quot;, line 524, in _convert
    return self.conversion_method(desired_type, source_obj, logger, **opts)
  File &quot;/home/travis/build/smarie/python-parsyfiles/parsyfiles/plugins_base/support_for_primitive_types.py&quot;, line 84, in primitive_to_bool
    return bool(strtobool(source))
  File &quot;/opt/python/3.5.5/lib/python3.5/distutils/util.py&quot;, line 317, in strtobool
    raise ValueError(&quot;invalid truth value %r&quot; % (val,))
  ValueError : invalid truth value &apos;ganhp/aaaaaaaaau&apos;
(B)                                                                                                  |--b64pickle-float-1.0=True.txt -&gt; bool ------- using $&lt;read_str_from_txt&gt; =&gt; &lt;base64_ascii_str_pickle_to_object&gt; -&gt; &lt;float_to_bool&gt;$
Executing Parsing Plan for [/home/travis/build/smarie/python-parsyfiles/parsyfiles/tests/combining_parsers_converters/test_data/b64pickle-float-1.0=True]
(P) /home/travis/build/smarie/python-parsyfiles/parsyfiles/tests/combining_parsers_converters/test_data/b64pickle-float-1.0=True.txt -&gt; bool ------- using $&lt;read_str_from_txt&gt; =&gt; &lt;base64_ascii_str_pickle_to_object&gt; -&gt; &lt;float_to_bool&gt;$
(P)                                                                                                  |--b64pickle-float-1.0=True.txt -&gt; bool SUCCESS !
Completed parsing successfully

**** Starting to parse single object of type &lt;bool&gt; at location /home/travis/build/smarie/python-parsyfiles/parsyfiles/tests/combining_parsers_converters/test_data/b64pickle-float-1.0=True ****
Checking all files under [/home/travis/build/smarie/python-parsyfiles/parsyfiles/tests/combining_parsers_converters/test_data/b64pickle-float-1.0=True]
(C) /home/travis/build/smarie/python-parsyfiles/parsyfiles/tests/combining_parsers_converters/test_data/b64pickle-float-1.0=True (singlefile, .txt)
File checks done

Building a parsing plan to parse [/home/travis/build/smarie/python-parsyfiles/parsyfiles/tests/combining_parsers_converters/test_data/b64pickle-float-1.0=True] into a bool
(B) /home/travis/build/smarie/python-parsyfiles/parsyfiles/tests/combining_parsers_converters/test_data/b64pickle-float-1.0=True.txt -&gt; bool ------- using [Try &apos;$&lt;read_str_from_txt&gt; =&gt; &lt;str_to_bool&gt;$&apos; then &apos;$&lt;read_str_from_txt&gt; =&gt; &lt;base64_ascii_str_pickle_to_object&gt; -&gt; &lt;float_to_bool&gt;$&apos; then &apos;$&lt;read_str_from_txt&gt; =&gt; &lt;base64_ascii_str_pickle_to_object&gt; -&gt; &lt;int_to_bool&gt;$&apos; then &apos;$&lt;read_str_from_txt&gt; =&gt; &lt;base64_ascii_str_pickle_to_object&gt; -&gt; &lt;str_to_bool&gt;$&apos; then &apos;$&lt;read_str_from_txt&gt; =&gt; &lt;base64_ascii_str_pickle_to_object&gt;$]&apos;]
(B)                                                                                                  |--b64pickle-float-1.0=True.txt -&gt; bool ------- using $&lt;read_str_from_txt&gt; =&gt; &lt;str_to_bool&gt;$
Parsing Plan created successfully

Executing Parsing Plan for [/home/travis/build/smarie/python-parsyfiles/parsyfiles/tests/combining_parsers_converters/test_data/b64pickle-float-1.0=True]
(P) /home/travis/build/smarie/python-parsyfiles/parsyfiles/tests/combining_parsers_converters/test_data/b64pickle-float-1.0=True.txt -&gt; bool ------- using $&lt;read_str_from_txt&gt; =&gt; &lt;str_to_bool&gt;$
  !! Caught error during execution !!
  File &quot;/home/travis/build/smarie/python-parsyfiles/parsyfiles/converting_core.py&quot;, line 524, in _convert
    return self.conversion_method(desired_type, source_obj, logger, **opts)
  File &quot;/home/travis/build/smarie/python-parsyfiles/parsyfiles/plugins_base/support_for_primitive_types.py&quot;, line 84, in primitive_to_bool
    return bool(strtobool(source))
  File &quot;/opt/python/3.5.5/lib/python3.5/distutils/util.py&quot;, line 317, in strtobool
    raise ValueError(&quot;invalid truth value %r&quot; % (val,))
  ValueError : invalid truth value &apos;ganhp/aaaaaaaaau&apos;
(B)                                                                                                  |--b64pickle-float-1.0=True.txt -&gt; bool ------- using $&lt;read_str_from_txt&gt; =&gt; &lt;base64_ascii_str_pickle_to_object&gt; -&gt; &lt;float_to_bool&gt;$
Executing Parsing Plan for [/home/travis/build/smarie/python-parsyfiles/parsyfiles/tests/combining_parsers_converters/test_data/b64pickle-float-1.0=True]
(P) /home/travis/build/smarie/python-parsyfiles/parsyfiles/tests/combining_parsers_converters/test_data/b64pickle-float-1.0=True.txt -&gt; bool ------- using $&lt;read_str_from_txt&gt; =&gt; &lt;base64_ascii_str_pickle_to_object&gt; -&gt; &lt;float_to_bool&gt;$
(P)                                                                                                  |--b64pickle-float-1.0=True.txt -&gt; bool SUCCESS !
Completed parsing successfully

**** Starting to parse single object of type &lt;bool&gt; at location /home/travis/build/smarie/python-parsyfiles/parsyfiles/tests/combining_parsers_converters/test_data/b64pickle-float-1.0=True ****
Checking all files under [/home/travis/build/smarie/python-parsyfiles/parsyfiles/tests/combining_parsers_converters/test_data/b64pickle-float-1.0=True]
(C) /home/travis/build/smarie/python-parsyfiles/parsyfiles/tests/combining_parsers_converters/test_data/b64pickle-float-1.0=True (singlefile, .txt)
File checks done

Building a parsing plan to parse [/home/travis/build/smarie/python-parsyfiles/parsyfiles/tests/combining_parsers_converters/test_data/b64pickle-float-1.0=True] into a bool
(B) /home/travis/build/smarie/python-parsyfiles/parsyfiles/tests/combining_parsers_converters/test_data/b64pickle-float-1.0=True.txt -&gt; bool ------- using [Try &apos;$&lt;read_str_from_txt&gt; =&gt; &lt;str_to_bool&gt;$&apos; then &apos;$&lt;read_str_from_txt&gt; =&gt; &lt;base64_ascii_str_pickle_to_object&gt; -&gt; &lt;float_to_bool&gt;$&apos; then &apos;$&lt;read_str_from_txt&gt; =&gt; &lt;base64_ascii_str_pickle_to_object&gt; -&gt; &lt;int_to_bool&gt;$&apos; then &apos;$&lt;read_str_from_txt&gt; =&gt; &lt;base64_ascii_str_pickle_to_object&gt; -&gt; &lt;str_to_bool&gt;$&apos; then &apos;$&lt;read_str_from_txt&gt; =&gt; &lt;base64_ascii_str_pickle_to_object&gt;$]&apos;]
(B)                                                                                                  |--b64pickle-float-1.0=True.txt -&gt; bool ------- using $&lt;read_str_from_txt&gt; =&gt; &lt;str_to_bool&gt;$
Parsing Plan created successfully

Executing Parsing Plan for [/home/travis/build/smarie/python-parsyfiles/parsyfiles/tests/combining_parsers_converters/test_data/b64pickle-float-1.0=True]
(P) /home/travis/build/smarie/python-parsyfiles/parsyfiles/tests/combining_parsers_converters/test_data/b64pickle-float-1.0=True.txt -&gt; bool ------- using $&lt;read_str_from_txt&gt; =&gt; &lt;str_to_bool&gt;$
  !! Caught error during execution !!
  File &quot;/home/travis/build/smarie/python-parsyfiles/parsyfiles/converting_core.py&quot;, line 524, in _convert
    return self.conversion_method(desired_type, source_obj, logger, **opts)
  File &quot;/home/travis/build/smarie/python-parsyfiles/parsyfiles/plugins_base/support_for_primitive_types.py&quot;, line 84, in primitive_to_bool
    return bool(strtobool(source))
  File &quot;/opt/python/3.5.5/lib/python3.5/distutils/util.py&quot;, line 317, in strtobool
    raise ValueError(&quot;invalid truth value %r&quot; % (val,))
  ValueError : invalid truth value &apos;ganhp/aaaaaaaaau&apos;
(B)                                                                                                  |--b64pickle-float-1.0=True.txt -&gt; bool ------- using $&lt;read_str_from_txt&gt; =&gt; &lt;base64_ascii_str_pickle_to_object&gt; -&gt; &lt;float_to_bool&gt;$
Executing Parsing Plan for [/home/travis/build/smarie/python-parsyfiles/parsyfiles/tests/combining_parsers_converters/test_data/b64pickle-float-1.0=True]
(P) /home/travis/build/smarie/python-parsyfiles/parsyfiles/tests/combining_parsers_converters/test_data/b64pickle-float-1.0=True.txt -&gt; bool ------- using $&lt;read_str_from_txt&gt; =&gt; &lt;base64_ascii_str_pickle_to_object&gt; -&gt; &lt;float_to_bool&gt;$
(P)                                                                                                  |--b64pickle-float-1.0=True.txt -&gt; bool SUCCESS !
Completed parsing successfully

**** Starting to parse single object of type &lt;bool&gt; at location /home/travis/build/smarie/python-parsyfiles/parsyfiles/tests/combining_parsers_converters/test_data/b64pickle-float-1.0=True ****
Checking all files under [/home/travis/build/smarie/python-parsyfiles/parsyfiles/tests/combining_parsers_converters/test_data/b64pickle-float-1.0=True]
(C) /home/travis/build/smarie/python-parsyfiles/parsyfiles/tests/combining_parsers_converters/test_data/b64pickle-float-1.0=True (singlefile, .txt)
File checks done

Building a parsing plan to parse [/home/travis/build/smarie/python-parsyfiles/parsyfiles/tests/combining_parsers_converters/test_data/b64pickle-float-1.0=True] into a bool
(B) /home/travis/build/smarie/python-parsyfiles/parsyfiles/tests/combining_parsers_converters/test_data/b64pickle-float-1.0=True.txt -&gt; bool ------- using [Try &apos;$&lt;read_str_from_txt&gt; =&gt; &lt;str_to_bool&gt;$&apos; then &apos;$&lt;read_str_from_txt&gt; =&gt; &lt;base64_ascii_str_pickle_to_object&gt; -&gt; &lt;float_to_bool&gt;$&apos; then &apos;$&lt;read_str_from_txt&gt; =&gt; &lt;base64_ascii_str_pickle_to_object&gt; -&gt; &lt;int_to_bool&gt;$&apos; then &apos;$&lt;read_str_from_txt&gt; =&gt; &lt;base64_ascii_str_pickle_to_object&gt; -&gt; &lt;str_to_bool&gt;$&apos; then &apos;$&lt;read_str_from_txt&gt; =&gt; &lt;base64_ascii_str_pickle_to_object&gt;$]&apos;]
(B)                                                                                                  |--b64pickle-float-1.0=True.txt -&gt; bool ------- using $&lt;read_str_from_txt&gt; =&gt; &lt;str_to_bool&gt;$
Parsing Plan created successfully

Executing Parsing Plan for [/home/travis/build/smarie/python-parsyfiles/parsyfiles/tests/combining_parsers_converters/test_data/b64pickle-float-1.0=True]
(P) /home/travis/build/smarie/python-parsyfiles/parsyfiles/tests/combining_parsers_converters/test_data/b64pickle-float-1.0=True.txt -&gt; bool ------- using $&lt;read_str_from_txt&gt; =&gt; &lt;str_to_bool&gt;$
  !! Caught error during execution !!
  File &quot;/home/travis/build/smarie/python-parsyfiles/parsyfiles/converting_core.py&quot;, line 524, in _convert
    return self.conversion_method(desired_type, source_obj, logger, **opts)
  File &quot;/home/travis/build/smarie/python-parsyfiles/parsyfiles/plugins_base/support_for_primitive_types.py&quot;, line 84, in primitive_to_bool
    return bool(strtobool(source))
  File &quot;/opt/python/3.5.5/lib/python3.5/distutils/util.py&quot;, line 317, in strtobool
    raise ValueError(&quot;invalid truth value %r&quot; % (val,))
  ValueError : invalid truth value &apos;ganhp/aaaaaaaaau&apos;
(B)                                                                                                  |--b64pickle-float-1.0=True.txt -&gt; bool ------- using $&lt;read_str_from_txt&gt; =&gt; &lt;base64_ascii_str_pickle_to_object&gt; -&gt; &lt;float_to_bool&gt;$
Executing Parsing Plan for [/home/travis/build/smarie/python-parsyfiles/parsyfiles/tests/combining_parsers_converters/test_data/b64pickle-float-1.0=True]
(P) /home/travis/build/smarie/python-parsyfiles/parsyfiles/tests/combining_parsers_converters/test_data/b64pickle-float-1.0=True.txt -&gt; bool ------- using $&lt;read_str_from_txt&gt; =&gt; &lt;base64_ascii_str_pickle_to_object&gt; -&gt; &lt;float_to_bool&gt;$
(P)                                                                                                  |--b64pickle-float-1.0=True.txt -&gt; bool SUCCESS !
Completed parsing successfully

**** Starting to parse single object of type &lt;bool&gt; at location /home/travis/build/smarie/python-parsyfiles/parsyfiles/tests/combining_parsers_converters/test_data/b64pickle-float-1.0=True ****
Checking all files under [/home/travis/build/smarie/python-parsyfiles/parsyfiles/tests/combining_parsers_converters/test_data/b64pickle-float-1.0=True]
(C) /home/travis/build/smarie/python-parsyfiles/parsyfiles/tests/combining_parsers_converters/test_data/b64pickle-float-1.0=True (singlefile, .txt)
File checks done

Building a parsing plan to parse [/home/travis/build/smarie/python-parsyfiles/parsyfiles/tests/combining_parsers_converters/test_data/b64pickle-float-1.0=True] into a bool
(B) /home/travis/build/smarie/python-parsyfiles/parsyfiles/tests/combining_parsers_converters/test_data/b64pickle-float-1.0=True.txt -&gt; bool ------- using [Try &apos;$&lt;read_str_from_txt&gt; =&gt; &lt;str_to_bool&gt;$&apos; then &apos;$&lt;read_str_from_txt&gt; =&gt; &lt;base64_ascii_str_pickle_to_object&gt; -&gt; &lt;float_to_bool&gt;$&apos; then &apos;$&lt;read_str_from_txt&gt; =&gt; &lt;base64_ascii_str_pickle_to_object&gt; -&gt; &lt;int_to_bool&gt;$&apos; then &apos;$&lt;read_str_from_txt&gt; =&gt; &lt;base64_ascii_str_pickle_to_object&gt; -&gt; &lt;str_to_bool&gt;$&apos; then &apos;$&lt;read_str_from_txt&gt; =&gt; &lt;base64_ascii_str_pickle_to_object&gt;$]&apos;]
(B)                                                                                                  |--b64pickle-float-1.0=True.txt -&gt; bool ------- using $&lt;read_str_from_txt&gt; =&gt; &lt;str_to_bool&gt;$
Parsing Plan created successfully

Executing Parsing Plan for [/home/travis/build/smarie/python-parsyfiles/parsyfiles/tests/combining_parsers_converters/test_data/b64pickle-float-1.0=True]
(P) /home/travis/build/smarie/python-parsyfiles/parsyfiles/tests/combining_parsers_converters/test_data/b64pickle-float-1.0=True.txt -&gt; bool ------- using $&lt;read_str_from_txt&gt; =&gt; &lt;str_to_bool&gt;$
  !! Caught error during execution !!
  File &quot;/home/travis/build/smarie/python-parsyfiles/parsyfiles/converting_core.py&quot;, line 524, in _convert
    return self.conversion_method(desired_type, source_obj, logger, **opts)
  File &quot;/home/travis/build/smarie/python-parsyfiles/parsyfiles/plugins_base/support_for_primitive_types.py&quot;, line 84, in primitive_to_bool
    return bool(strtobool(source))
  File &quot;/opt/python/3.5.5/lib/python3.5/distutils/util.py&quot;, line 317, in strtobool
    raise ValueError(&quot;invalid truth value %r&quot; % (val,))
  ValueError : invalid truth value &apos;ganhp/aaaaaaaaau&apos;
(B)                                                                                                  |--b64pickle-float-1.0=True.txt -&gt; bool ------- using $&lt;read_str_from_txt&gt; =&gt; &lt;base64_ascii_str_pickle_to_object&gt; -&gt; &lt;float_to_bool&gt;$
Executing Parsing Plan for [/home/travis/build/smarie/python-parsyfiles/parsyfiles/tests/combining_parsers_converters/test_data/b64pickle-float-1.0=True]
(P) /home/travis/build/smarie/python-parsyfiles/parsyfiles/tests/combining_parsers_converters/test_data/b64pickle-float-1.0=True.txt -&gt; bool ------- using $&lt;read_str_from_txt&gt; =&gt; &lt;base64_ascii_str_pickle_to_object&gt; -&gt; &lt;float_to_bool&gt;$
(P)                                                                                                  |--b64pickle-float-1.0=True.txt -&gt; bool SUCCESS !
Completed parsing successfully

**** Starting to parse single object of type &lt;bool&gt; at location /home/travis/build/smarie/python-parsyfiles/parsyfiles/tests/combining_parsers_converters/test_data/b64pickle-float-1.0=True ****
Checking all files under [/home/travis/build/smarie/python-parsyfiles/parsyfiles/tests/combining_parsers_converters/test_data/b64pickle-float-1.0=True]
(C) /home/travis/build/smarie/python-parsyfiles/parsyfiles/tests/combining_parsers_converters/test_data/b64pickle-float-1.0=True (singlefile, .txt)
File checks done

Building a parsing plan to parse [/home/travis/build/smarie/python-parsyfiles/parsyfiles/tests/combining_parsers_converters/test_data/b64pickle-float-1.0=True] into a bool
(B) /home/travis/build/smarie/python-parsyfiles/parsyfiles/tests/combining_parsers_converters/test_data/b64pickle-float-1.0=True.txt -&gt; bool ------- using [Try &apos;$&lt;read_str_from_txt&gt; =&gt; &lt;str_to_bool&gt;$&apos; then &apos;$&lt;read_str_from_txt&gt; =&gt; &lt;base64_ascii_str_pickle_to_object&gt; -&gt; &lt;float_to_bool&gt;$&apos; then &apos;$&lt;read_str_from_txt&gt; =&gt; &lt;base64_ascii_str_pickle_to_object&gt; -&gt; &lt;int_to_bool&gt;$&apos; then &apos;$&lt;read_str_from_txt&gt; =&gt; &lt;base64_ascii_str_pickle_to_object&gt; -&gt; &lt;str_to_bool&gt;$&apos; then &apos;$&lt;read_str_from_txt&gt; =&gt; &lt;base64_ascii_str_pickle_to_object&gt;$]&apos;]
(B)                                                                                                  |--b64pickle-float-1.0=True.txt -&gt; bool ------- using $&lt;read_str_from_txt&gt; =&gt; &lt;str_to_bool&gt;$
Parsing Plan created successfully

Executing Parsing Plan for [/home/travis/build/smarie/python-parsyfiles/parsyfiles/tests/combining_parsers_converters/test_data/b64pickle-float-1.0=True]
(P) /home/travis/build/smarie/python-parsyfiles/parsyfiles/tests/combining_parsers_converters/test_data/b64pickle-float-1.0=True.txt -&gt; bool ------- using $&lt;read_str_from_txt&gt; =&gt; &lt;str_to_bool&gt;$
  !! Caught error during execution !!
  File &quot;/home/travis/build/smarie/python-parsyfiles/parsyfiles/converting_core.py&quot;, line 524, in _convert
    return self.conversion_method(desired_type, source_obj, logger, **opts)
  File &quot;/home/travis/build/smarie/python-parsyfiles/parsyfiles/plugins_base/support_for_primitive_types.py&quot;, line 84, in primitive_to_bool
    return bool(strtobool(source))
  File &quot;/opt/python/3.5.5/lib/python3.5/distutils/util.py&quot;, line 317, in strtobool
    raise ValueError(&quot;invalid truth value %r&quot; % (val,))
  ValueError : invalid truth value &apos;ganhp/aaaaaaaaau&apos;
(B)                                                                                                  |--b64pickle-float-1.0=True.txt -&gt; bool ------- using $&lt;read_str_from_txt&gt; =&gt; &lt;base64_ascii_str_pickle_to_object&gt; -&gt; &lt;float_to_bool&gt;$
Executing Parsing Plan for [/home/travis/build/smarie/python-parsyfiles/parsyfiles/tests/combining_parsers_converters/test_data/b64pickle-float-1.0=True]
(P) /home/travis/build/smarie/python-parsyfiles/parsyfiles/tests/combining_parsers_converters/test_data/b64pickle-float-1.0=True.txt -&gt; bool ------- using $&lt;read_str_from_txt&gt; =&gt; &lt;base64_ascii_str_pickle_to_object&gt; -&gt; &lt;float_to_bool&gt;$
(P)                                                                                                  |--b64pickle-float-1.0=True.txt -&gt; bool SUCCESS !
Completed parsing successfully

**** Starting to parse single object of type &lt;bool&gt; at location /home/travis/build/smarie/python-parsyfiles/parsyfiles/tests/combining_parsers_converters/test_data/b64pickle-float-1.0=True ****
Checking all files under [/home/travis/build/smarie/python-parsyfiles/parsyfiles/tests/combining_parsers_converters/test_data/b64pickle-float-1.0=True]
(C) /home/travis/build/smarie/python-parsyfiles/parsyfiles/tests/combining_parsers_converters/test_data/b64pickle-float-1.0=True (singlefile, .txt)
File checks done

Building a parsing plan to parse [/home/travis/build/smarie/python-parsyfiles/parsyfiles/tests/combining_parsers_converters/test_data/b64pickle-float-1.0=True] into a bool
(B) /home/travis/build/smarie/python-parsyfiles/parsyfiles/tests/combining_parsers_converters/test_data/b64pickle-float-1.0=True.txt -&gt; bool ------- using [Try &apos;$&lt;read_str_from_txt&gt; =&gt; &lt;str_to_bool&gt;$&apos; then &apos;$&lt;read_str_from_txt&gt; =&gt; &lt;base64_ascii_str_pickle_to_object&gt; -&gt; &lt;float_to_bool&gt;$&apos; then &apos;$&lt;read_str_from_txt&gt; =&gt; &lt;base64_ascii_str_pickle_to_object&gt; -&gt; &lt;int_to_bool&gt;$&apos; then &apos;$&lt;read_str_from_txt&gt; =&gt; &lt;base64_ascii_str_pickle_to_object&gt; -&gt; &lt;str_to_bool&gt;$&apos; then &apos;$&lt;read_str_from_txt&gt; =&gt; &lt;base64_ascii_str_pickle_to_object&gt;$]&apos;]
(B)                                                                                                  |--b64pickle-float-1.0=True.txt -&gt; bool ------- using $&lt;read_str_from_txt&gt; =&gt; &lt;str_to_bool&gt;$
Parsing Plan created successfully

Executing Parsing Plan for [/home/travis/build/smarie/python-parsyfiles/parsyfiles/tests/combining_parsers_converters/test_data/b64pickle-float-1.0=True]
(P) /home/travis/build/smarie/python-parsyfiles/parsyfiles/tests/combining_parsers_converters/test_data/b64pickle-float-1.0=True.txt -&gt; bool ------- using $&lt;read_str_from_txt&gt; =&gt; &lt;str_to_bool&gt;$
  !! Caught error during execution !!
  File &quot;/home/travis/build/smarie/python-parsyfiles/parsyfiles/converting_core.py&quot;, line 524, in _convert
    return self.conversion_method(desired_type, source_obj, logger, **opts)
  File &quot;/home/travis/build/smarie/python-parsyfiles/parsyfiles/plugins_base/support_for_primitive_types.py&quot;, line 84, in primitive_to_bool
    return bool(strtobool(source))
  File &quot;/opt/python/3.5.5/lib/python3.5/distutils/util.py&quot;, line 317, in strtobool
    raise ValueError(&quot;invalid truth value %r&quot; % (val,))
  ValueError : invalid truth value &apos;ganhp/aaaaaaaaau&apos;
(B)                                                                                                  |--b64pickle-float-1.0=True.txt -&gt; bool ------- using $&lt;read_str_from_txt&gt; =&gt; &lt;base64_ascii_str_pickle_to_object&gt; -&gt; &lt;float_to_bool&gt;$
Executing Parsing Plan for [/home/travis/build/smarie/python-parsyfiles/parsyfiles/tests/combining_parsers_converters/test_data/b64pickle-float-1.0=True]
(P) /home/travis/build/smarie/python-parsyfiles/parsyfiles/tests/combining_parsers_converters/test_data/b64pickle-float-1.0=True.txt -&gt; bool ------- using $&lt;read_str_from_txt&gt; =&gt; &lt;base64_ascii_str_pickle_to_object&gt; -&gt; &lt;float_to_bool&gt;$
(P)                                                                                                  |--b64pickle-float-1.0=True.txt -&gt; bool SUCCESS !
Completed parsing successfully

**** Starting to parse single object of type &lt;bool&gt; at location /home/travis/build/smarie/python-parsyfiles/parsyfiles/tests/combining_parsers_converters/test_data/b64pickle-float-1.0=True ****
Checking all files under [/home/travis/build/smarie/python-parsyfiles/parsyfiles/tests/combining_parsers_converters/test_data/b64pickle-float-1.0=True]
(C) /home/travis/build/smarie/python-parsyfiles/parsyfiles/tests/combining_parsers_converters/test_data/b64pickle-float-1.0=True (singlefile, .txt)
File checks done

Building a parsing plan to parse [/home/travis/build/smarie/python-parsyfiles/parsyfiles/tests/combining_parsers_converters/test_data/b64pickle-float-1.0=True] into a bool
(B) /home/travis/build/smarie/python-parsyfiles/parsyfiles/tests/combining_parsers_converters/test_data/b64pickle-float-1.0=True.txt -&gt; bool ------- using [Try &apos;$&lt;read_str_from_txt&gt; =&gt; &lt;str_to_bool&gt;$&apos; then &apos;$&lt;read_str_from_txt&gt; =&gt; &lt;base64_ascii_str_pickle_to_object&gt; -&gt; &lt;float_to_bool&gt;$&apos; then &apos;$&lt;read_str_from_txt&gt; =&gt; &lt;base64_ascii_str_pickle_to_object&gt; -&gt; &lt;int_to_bool&gt;$&apos; then &apos;$&lt;read_str_from_txt&gt; =&gt; &lt;base64_ascii_str_pickle_to_object&gt; -&gt; &lt;str_to_bool&gt;$&apos; then &apos;$&lt;read_str_from_txt&gt; =&gt; &lt;base64_ascii_str_pickle_to_object&gt;$]&apos;]
(B)                                                                                                  |--b64pickle-float-1.0=True.txt -&gt; bool ------- using $&lt;read_str_from_txt&gt; =&gt; &lt;str_to_bool&gt;$
Parsing Plan created successfully

Executing Parsing Plan for [/home/travis/build/smarie/python-parsyfiles/parsyfiles/tests/combining_parsers_converters/test_data/b64pickle-float-1.0=True]
(P) /home/travis/build/smarie/python-parsyfiles/parsyfiles/tests/combining_parsers_converters/test_data/b64pickle-float-1.0=True.txt -&gt; bool ------- using $&lt;read_str_from_txt&gt; =&gt; &lt;str_to_bool&gt;$
  !! Caught error during execution !!
  File &quot;/home/travis/build/smarie/python-parsyfiles/parsyfiles/converting_core.py&quot;, line 524, in _convert
    return self.conversion_method(desired_type, source_obj, logger, **opts)
  File &quot;/home/travis/build/smarie/python-parsyfiles/parsyfiles/plugins_base/support_for_primitive_types.py&quot;, line 84, in primitive_to_bool
    return bool(strtobool(source))
  File &quot;/opt/python/3.5.5/lib/python3.5/distutils/util.py&quot;, line 317, in strtobool
    raise ValueError(&quot;invalid truth value %r&quot; % (val,))
  ValueError : invalid truth value &apos;ganhp/aaaaaaaaau&apos;
(B)                                                                                                  |--b64pickle-float-1.0=True.txt -&gt; bool ------- using $&lt;read_str_from_txt&gt; =&gt; &lt;base64_ascii_str_pickle_to_object&gt; -&gt; &lt;float_to_bool&gt;$
Executing Parsing Plan for [/home/travis/build/smarie/python-parsyfiles/parsyfiles/tests/combining_parsers_converters/test_data/b64pickle-float-1.0=True]
(P) /home/travis/build/smarie/python-parsyfiles/parsyfiles/tests/combining_parsers_converters/test_data/b64pickle-float-1.0=True.txt -&gt; bool ------- using $&lt;read_str_from_txt&gt; =&gt; &lt;base64_ascii_str_pickle_to_object&gt; -&gt; &lt;float_to_bool&gt;$
(P)                                                                                                  |--b64pickle-float-1.0=True.txt -&gt; bool SUCCESS !
Completed parsing successfully

**** Starting to parse single object of type &lt;bool&gt; at location /home/travis/build/smarie/python-parsyfiles/parsyfiles/tests/combining_parsers_converters/test_data/b64pickle-float-1.0=True ****
Checking all files under [/home/travis/build/smarie/python-parsyfiles/parsyfiles/tests/combining_parsers_converters/test_data/b64pickle-float-1.0=True]
(C) /home/travis/build/smarie/python-parsyfiles/parsyfiles/tests/combining_parsers_converters/test_data/b64pickle-float-1.0=True (singlefile, .txt)
File checks done

Building a parsing plan to parse [/home/travis/build/smarie/python-parsyfiles/parsyfiles/tests/combining_parsers_converters/test_data/b64pickle-float-1.0=True] into a bool
(B) /home/travis/build/smarie/python-parsyfiles/parsyfiles/tests/combining_parsers_converters/test_data/b64pickle-float-1.0=True.txt -&gt; bool ------- using [Try &apos;$&lt;read_str_from_txt&gt; =&gt; &lt;str_to_bool&gt;$&apos; then &apos;$&lt;read_str_from_txt&gt; =&gt; &lt;base64_ascii_str_pickle_to_object&gt; -&gt; &lt;float_to_bool&gt;$&apos; then &apos;$&lt;read_str_from_txt&gt; =&gt; &lt;base64_ascii_str_pickle_to_object&gt; -&gt; &lt;int_to_bool&gt;$&apos; then &apos;$&lt;read_str_from_txt&gt; =&gt; &lt;base64_ascii_str_pickle_to_object&gt; -&gt; &lt;str_to_bool&gt;$&apos; then &apos;$&lt;read_str_from_txt&gt; =&gt; &lt;base64_ascii_str_pickle_to_object&gt;$]&apos;]
(B)                                                                                                  |--b64pickle-float-1.0=True.txt -&gt; bool ------- using $&lt;read_str_from_txt&gt; =&gt; &lt;str_to_bool&gt;$
Parsing Plan created successfully

Executing Parsing Plan for [/home/travis/build/smarie/python-parsyfiles/parsyfiles/tests/combining_parsers_converters/test_data/b64pickle-float-1.0=True]
(P) /home/travis/build/smarie/python-parsyfiles/parsyfiles/tests/combining_parsers_converters/test_data/b64pickle-float-1.0=True.txt -&gt; bool ------- using $&lt;read_str_from_txt&gt; =&gt; &lt;str_to_bool&gt;$
  !! Caught error during execution !!
  File &quot;/home/travis/build/smarie/python-parsyfiles/parsyfiles/converting_core.py&quot;, line 524, in _convert
    return self.conversion_method(desired_type, source_obj, logger, **opts)
  File &quot;/home/travis/build/smarie/python-parsyfiles/parsyfiles/plugins_base/support_for_primitive_types.py&quot;, line 84, in primitive_to_bool
    return bool(strtobool(source))
  File &quot;/opt/python/3.5.5/lib/python3.5/distutils/util.py&quot;, line 317, in strtobool
    raise ValueError(&quot;invalid truth value %r&quot; % (val,))
  ValueError : invalid truth value &apos;ganhp/aaaaaaaaau&apos;
(B)                                                                                                  |--b64pickle-float-1.0=True.txt -&gt; bool ------- using $&lt;read_str_from_txt&gt; =&gt; &lt;base64_ascii_str_pickle_to_object&gt; -&gt; &lt;float_to_bool&gt;$
Executing Parsing Plan for [/home/travis/build/smarie/python-parsyfiles/parsyfiles/tests/combining_parsers_converters/test_data/b64pickle-float-1.0=True]
(P) /home/travis/build/smarie/python-parsyfiles/parsyfiles/tests/combining_parsers_converters/test_data/b64pickle-float-1.0=True.txt -&gt; bool ------- using $&lt;read_str_from_txt&gt; =&gt; &lt;base64_ascii_str_pickle_to_object&gt; -&gt; &lt;float_to_bool&gt;$
(P)                                                                                                  |--b64pickle-float-1.0=True.txt -&gt; bool SUCCESS !
Completed parsing successfully

**** Starting to parse single object of type &lt;bool&gt; at location /home/travis/build/smarie/python-parsyfiles/parsyfiles/tests/combining_parsers_converters/test_data/b64pickle-float-1.0=True ****
Checking all files under [/home/travis/build/smarie/python-parsyfiles/parsyfiles/tests/combining_parsers_converters/test_data/b64pickle-float-1.0=True]
(C) /home/travis/build/smarie/python-parsyfiles/parsyfiles/tests/combining_parsers_converters/test_data/b64pickle-float-1.0=True (singlefile, .txt)
File checks done

Building a parsing plan to parse [/home/travis/build/smarie/python-parsyfiles/parsyfiles/tests/combining_parsers_converters/test_data/b64pickle-float-1.0=True] into a bool
(B) /home/travis/build/smarie/python-parsyfiles/parsyfiles/tests/combining_parsers_converters/test_data/b64pickle-float-1.0=True.txt -&gt; bool ------- using [Try &apos;$&lt;read_str_from_txt&gt; =&gt; &lt;str_to_bool&gt;$&apos; then &apos;$&lt;read_str_from_txt&gt; =&gt; &lt;base64_ascii_str_pickle_to_object&gt; -&gt; &lt;float_to_bool&gt;$&apos; then &apos;$&lt;read_str_from_txt&gt; =&gt; &lt;base64_ascii_str_pickle_to_object&gt; -&gt; &lt;int_to_bool&gt;$&apos; then &apos;$&lt;read_str_from_txt&gt; =&gt; &lt;base64_ascii_str_pickle_to_object&gt; -&gt; &lt;str_to_bool&gt;$&apos; then &apos;$&lt;read_str_from_txt&gt; =&gt; &lt;base64_ascii_str_pickle_to_object&gt;$]&apos;]
(B)                                                                                                  |--b64pickle-float-1.0=True.txt -&gt; bool ------- using $&lt;read_str_from_txt&gt; =&gt; &lt;str_to_bool&gt;$
Parsing Plan created successfully

Executing Parsing Plan for [/home/travis/build/smarie/python-parsyfiles/parsyfiles/tests/combining_parsers_converters/test_data/b64pickle-float-1.0=True]
(P) /home/travis/build/smarie/python-parsyfiles/parsyfiles/tests/combining_parsers_converters/test_data/b64pickle-float-1.0=True.txt -&gt; bool ------- using $&lt;read_str_from_txt&gt; =&gt; &lt;str_to_bool&gt;$
  !! Caught error during execution !!
  File &quot;/home/travis/build/smarie/python-parsyfiles/parsyfiles/converting_core.py&quot;, line 524, in _convert
    return self.conversion_method(desired_type, source_obj, logger, **opts)
  File &quot;/home/travis/build/smarie/python-parsyfiles/parsyfiles/plugins_base/support_for_primitive_types.py&quot;, line 84, in primitive_to_bool
    return bool(strtobool(source))
  File &quot;/opt/python/3.5.5/lib/python3.5/distutils/util.py&quot;, line 317, in strtobool
    raise ValueError(&quot;invalid truth value %r&quot; % (val,))
  ValueError : invalid truth value &apos;ganhp/aaaaaaaaau&apos;
(B)                                                                                                  |--b64pickle-float-1.0=True.txt -&gt; bool ------- using $&lt;read_str_from_txt&gt; =&gt; &lt;base64_ascii_str_pickle_to_object&gt; -&gt; &lt;float_to_bool&gt;$
Executing Parsing Plan for [/home/travis/build/smarie/python-parsyfiles/parsyfiles/tests/combining_parsers_converters/test_data/b64pickle-float-1.0=True]
(P) /home/travis/build/smarie/python-parsyfiles/parsyfiles/tests/combining_parsers_converters/test_data/b64pickle-float-1.0=True.txt -&gt; bool ------- using $&lt;read_str_from_txt&gt; =&gt; &lt;base64_ascii_str_pickle_to_object&gt; -&gt; &lt;float_to_bool&gt;$
(P)                                                                                                  |--b64pickle-float-1.0=True.txt -&gt; bool SUCCESS !
Completed parsing successfully

**** Starting to parse single object of type &lt;bool&gt; at location /home/travis/build/smarie/python-parsyfiles/parsyfiles/tests/combining_parsers_converters/test_data/b64pickle-float-1.0=True ****
Checking all files under [/home/travis/build/smarie/python-parsyfiles/parsyfiles/tests/combining_parsers_converters/test_data/b64pickle-float-1.0=True]
(C) /home/travis/build/smarie/python-parsyfiles/parsyfiles/tests/combining_parsers_converters/test_data/b64pickle-float-1.0=True (singlefile, .txt)
File checks done

Building a parsing plan to parse [/home/travis/build/smarie/python-parsyfiles/parsyfiles/tests/combining_parsers_converters/test_data/b64pickle-float-1.0=True] into a bool
(B) /home/travis/build/smarie/python-parsyfiles/parsyfiles/tests/combining_parsers_converters/test_data/b64pickle-float-1.0=True.txt -&gt; bool ------- using [Try &apos;$&lt;read_str_from_txt&gt; =&gt; &lt;str_to_bool&gt;$&apos; then &apos;$&lt;read_str_from_txt&gt; =&gt; &lt;base64_ascii_str_pickle_to_object&gt; -&gt; &lt;float_to_bool&gt;$&apos; then &apos;$&lt;read_str_from_txt&gt; =&gt; &lt;base64_ascii_str_pickle_to_object&gt; -&gt; &lt;int_to_bool&gt;$&apos; then &apos;$&lt;read_str_from_txt&gt; =&gt; &lt;base64_ascii_str_pickle_to_object&gt; -&gt; &lt;str_to_bool&gt;$&apos; then &apos;$&lt;read_str_from_txt&gt; =&gt; &lt;base64_ascii_str_pickle_to_object&gt;$]&apos;]
(B)                                                                                                  |--b64pickle-float-1.0=True.txt -&gt; bool ------- using $&lt;read_str_from_txt&gt; =&gt; &lt;str_to_bool&gt;$
Parsing Plan created successfully

Executing Parsing Plan for [/home/travis/build/smarie/python-parsyfiles/parsyfiles/tests/combining_parsers_converters/test_data/b64pickle-float-1.0=True]
(P) /home/travis/build/smarie/python-parsyfiles/parsyfiles/tests/combining_parsers_converters/test_data/b64pickle-float-1.0=True.txt -&gt; bool ------- using $&lt;read_str_from_txt&gt; =&gt; &lt;str_to_bool&gt;$
  !! Caught error during execution !!
  File &quot;/home/travis/build/smarie/python-parsyfiles/parsyfiles/converting_core.py&quot;, line 524, in _convert
    return self.conversion_method(desired_type, source_obj, logger, **opts)
  File &quot;/home/travis/build/smarie/python-parsyfiles/parsyfiles/plugins_base/support_for_primitive_types.py&quot;, line 84, in primitive_to_bool
    return bool(strtobool(source))
  File &quot;/opt/python/3.5.5/lib/python3.5/distutils/util.py&quot;, line 317, in strtobool
    raise ValueError(&quot;invalid truth value %r&quot; % (val,))
  ValueError : invalid truth value &apos;ganhp/aaaaaaaaau&apos;
(B)                                                                                                  |--b64pickle-float-1.0=True.txt -&gt; bool ------- using $&lt;read_str_from_txt&gt; =&gt; &lt;base64_ascii_str_pickle_to_object&gt; -&gt; &lt;float_to_bool&gt;$
Executing Parsing Plan for [/home/travis/build/smarie/python-parsyfiles/parsyfiles/tests/combining_parsers_converters/test_data/b64pickle-float-1.0=True]
(P) /home/travis/build/smarie/python-parsyfiles/parsyfiles/tests/combining_parsers_converters/test_data/b64pickle-float-1.0=True.txt -&gt; bool ------- using $&lt;read_str_from_txt&gt; =&gt; &lt;base64_ascii_str_pickle_to_object&gt; -&gt; &lt;float_to_bool&gt;$
(P)                                                                                                  |--b64pickle-float-1.0=True.txt -&gt; bool SUCCESS !
Completed parsing successfully

**** Starting to parse single object of type &lt;bool&gt; at location /home/travis/build/smarie/python-parsyfiles/parsyfiles/tests/combining_parsers_converters/test_data/b64pickle-float-1.0=True ****
Checking all files under [/home/travis/build/smarie/python-parsyfiles/parsyfiles/tests/combining_parsers_converters/test_data/b64pickle-float-1.0=True]
(C) /home/travis/build/smarie/python-parsyfiles/parsyfiles/tests/combining_parsers_converters/test_data/b64pickle-float-1.0=True (singlefile, .txt)
File checks done

Building a parsing plan to parse [/home/travis/build/smarie/python-parsyfiles/parsyfiles/tests/combining_parsers_converters/test_data/b64pickle-float-1.0=True] into a bool
(B) /home/travis/build/smarie/python-parsyfiles/parsyfiles/tests/combining_parsers_converters/test_data/b64pickle-float-1.0=True.txt -&gt; bool ------- using [Try &apos;$&lt;read_str_from_txt&gt; =&gt; &lt;str_to_bool&gt;$&apos; then &apos;$&lt;read_str_from_txt&gt; =&gt; &lt;base64_ascii_str_pickle_to_object&gt; -&gt; &lt;float_to_bool&gt;$&apos; then &apos;$&lt;read_str_from_txt&gt; =&gt; &lt;base64_ascii_str_pickle_to_object&gt; -&gt; &lt;int_to_bool&gt;$&apos; then &apos;$&lt;read_str_from_txt&gt; =&gt; &lt;base64_ascii_str_pickle_to_object&gt; -&gt; &lt;str_to_bool&gt;$&apos; then &apos;$&lt;read_str_from_txt&gt; =&gt; &lt;base64_ascii_str_pickle_to_object&gt;$]&apos;]
(B)                                                                                                  |--b64pickle-float-1.0=True.txt -&gt; bool ------- using $&lt;read_str_from_txt&gt; =&gt; &lt;str_to_bool&gt;$
Parsing Plan created successfully

Executing Parsing Plan for [/home/travis/build/smarie/python-parsyfiles/parsyfiles/tests/combining_parsers_converters/test_data/b64pickle-float-1.0=True]
(P) /home/travis/build/smarie/python-parsyfiles/parsyfiles/tests/combining_parsers_converters/test_data/b64pickle-float-1.0=True.txt -&gt; bool ------- using $&lt;read_str_from_txt&gt; =&gt; &lt;str_to_bool&gt;$
  !! Caught error during execution !!
  File &quot;/home/travis/build/smarie/python-parsyfiles/parsyfiles/converting_core.py&quot;, line 524, in _convert
    return self.conversion_method(desired_type, source_obj, logger, **opts)
  File &quot;/home/travis/build/smarie/python-parsyfiles/parsyfiles/plugins_base/support_for_primitive_types.py&quot;, line 84, in primitive_to_bool
    return bool(strtobool(source))
  File &quot;/opt/python/3.5.5/lib/python3.5/distutils/util.py&quot;, line 317, in strtobool
    raise ValueError(&quot;invalid truth value %r&quot; % (val,))
  ValueError : invalid truth value &apos;ganhp/aaaaaaaaau&apos;
(B)                                                                                                  |--b64pickle-float-1.0=True.txt -&gt; bool ------- using $&lt;read_str_from_txt&gt; =&gt; &lt;base64_ascii_str_pickle_to_object&gt; -&gt; &lt;float_to_bool&gt;$
Executing Parsing Plan for [/home/travis/build/smarie/python-parsyfiles/parsyfiles/tests/combining_parsers_converters/test_data/b64pickle-float-1.0=True]
(P) /home/travis/build/smarie/python-parsyfiles/parsyfiles/tests/combining_parsers_converters/test_data/b64pickle-float-1.0=True.txt -&gt; bool ------- using $&lt;read_str_from_txt&gt; =&gt; &lt;base64_ascii_str_pickle_to_object&gt; -&gt; &lt;float_to_bool&gt;$
(P)                                                                                                  |--b64pickle-float-1.0=True.txt -&gt; bool SUCCESS !
Completed parsing successfully

**** Starting to parse single object of type &lt;bool&gt; at location /home/travis/build/smarie/python-parsyfiles/parsyfiles/tests/combining_parsers_converters/test_data/b64pickle-float-1.0=True ****
Checking all files under [/home/travis/build/smarie/python-parsyfiles/parsyfiles/tests/combining_parsers_converters/test_data/b64pickle-float-1.0=True]
(C) /home/travis/build/smarie/python-parsyfiles/parsyfiles/tests/combining_parsers_converters/test_data/b64pickle-float-1.0=True (singlefile, .txt)
File checks done

Building a parsing plan to parse [/home/travis/build/smarie/python-parsyfiles/parsyfiles/tests/combining_parsers_converters/test_data/b64pickle-float-1.0=True] into a bool
(B) /home/travis/build/smarie/python-parsyfiles/parsyfiles/tests/combining_parsers_converters/test_data/b64pickle-float-1.0=True.txt -&gt; bool ------- using [Try &apos;$&lt;read_str_from_txt&gt; =&gt; &lt;str_to_bool&gt;$&apos; then &apos;$&lt;read_str_from_txt&gt; =&gt; &lt;base64_ascii_str_pickle_to_object&gt; -&gt; &lt;float_to_bool&gt;$&apos; then &apos;$&lt;read_str_from_txt&gt; =&gt; &lt;base64_ascii_str_pickle_to_object&gt; -&gt; &lt;int_to_bool&gt;$&apos; then &apos;$&lt;read_str_from_txt&gt; =&gt; &lt;base64_ascii_str_pickle_to_object&gt; -&gt; &lt;str_to_bool&gt;$&apos; then &apos;$&lt;read_str_from_txt&gt; =&gt; &lt;base64_ascii_str_pickle_to_object&gt;$]&apos;]
(B)                                                                                                  |--b64pickle-float-1.0=True.txt -&gt; bool ------- using $&lt;read_str_from_txt&gt; =&gt; &lt;str_to_bool&gt;$
Parsing Plan created successfully

Executing Parsing Plan for [/home/travis/build/smarie/python-parsyfiles/parsyfiles/tests/combining_parsers_converters/test_data/b64pickle-float-1.0=True]
(P) /home/travis/build/smarie/python-parsyfiles/parsyfiles/tests/combining_parsers_converters/test_data/b64pickle-float-1.0=True.txt -&gt; bool ------- using $&lt;read_str_from_txt&gt; =&gt; &lt;str_to_bool&gt;$
  !! Caught error during execution !!
  File &quot;/home/travis/build/smarie/python-parsyfiles/parsyfiles/converting_core.py&quot;, line 524, in _convert
    return self.conversion_method(desired_type, source_obj, logger, **opts)
  File &quot;/home/travis/build/smarie/python-parsyfiles/parsyfiles/plugins_base/support_for_primitive_types.py&quot;, line 84, in primitive_to_bool
    return bool(strtobool(source))
  File &quot;/opt/python/3.5.5/lib/python3.5/distutils/util.py&quot;, line 317, in strtobool
    raise ValueError(&quot;invalid truth value %r&quot; % (val,))
  ValueError : invalid truth value &apos;ganhp/aaaaaaaaau&apos;
(B)                                                                                                  |--b64pickle-float-1.0=True.txt -&gt; bool ------- using $&lt;read_str_from_txt&gt; =&gt; &lt;base64_ascii_str_pickle_to_object&gt; -&gt; &lt;float_to_bool&gt;$
Executing Parsing Plan for [/home/travis/build/smarie/python-parsyfiles/parsyfiles/tests/combining_parsers_converters/test_data/b64pickle-float-1.0=True]
(P) /home/travis/build/smarie/python-parsyfiles/parsyfiles/tests/combining_parsers_converters/test_data/b64pickle-float-1.0=True.txt -&gt; bool ------- using $&lt;read_str_from_txt&gt; =&gt; &lt;base64_ascii_str_pickle_to_object&gt; -&gt; &lt;float_to_bool&gt;$
(P)                                                                                                  |--b64pickle-float-1.0=True.txt -&gt; bool SUCCESS !
Completed parsing successfully

**** Starting to parse single object of type &lt;bool&gt; at location /home/travis/build/smarie/python-parsyfiles/parsyfiles/tests/combining_parsers_converters/test_data/b64pickle-float-1.0=True ****
Checking all files under [/home/travis/build/smarie/python-parsyfiles/parsyfiles/tests/combining_parsers_converters/test_data/b64pickle-float-1.0=True]
(C) /home/travis/build/smarie/python-parsyfiles/parsyfiles/tests/combining_parsers_converters/test_data/b64pickle-float-1.0=True (singlefile, .txt)
File checks done

Building a parsing plan to parse [/home/travis/build/smarie/python-parsyfiles/parsyfiles/tests/combining_parsers_converters/test_data/b64pickle-float-1.0=True] into a bool
(B) /home/travis/build/smarie/python-parsyfiles/parsyfiles/tests/combining_parsers_converters/test_data/b64pickle-float-1.0=True.txt -&gt; bool ------- using [Try &apos;$&lt;read_str_from_txt&gt; =&gt; &lt;str_to_bool&gt;$&apos; then &apos;$&lt;read_str_from_txt&gt; =&gt; &lt;base64_ascii_str_pickle_to_object&gt; -&gt; &lt;float_to_bool&gt;$&apos; then &apos;$&lt;read_str_from_txt&gt; =&gt; &lt;base64_ascii_str_pickle_to_object&gt; -&gt; &lt;int_to_bool&gt;$&apos; then &apos;$&lt;read_str_from_txt&gt; =&gt; &lt;base64_ascii_str_pickle_to_object&gt; -&gt; &lt;str_to_bool&gt;$&apos; then &apos;$&lt;read_str_from_txt&gt; =&gt; &lt;base64_ascii_str_pickle_to_object&gt;$]&apos;]
(B)                                                                                                  |--b64pickle-float-1.0=True.txt -&gt; bool ------- using $&lt;read_str_from_txt&gt; =&gt; &lt;str_to_bool&gt;$
Parsing Plan created successfully

Executing Parsing Plan for [/home/travis/build/smarie/python-parsyfiles/parsyfiles/tests/combining_parsers_converters/test_data/b64pickle-float-1.0=True]
(P) /home/travis/build/smarie/python-parsyfiles/parsyfiles/tests/combining_parsers_converters/test_data/b64pickle-float-1.0=True.txt -&gt; bool ------- using $&lt;read_str_from_txt&gt; =&gt; &lt;str_to_bool&gt;$
  !! Caught error during execution !!
  File &quot;/home/travis/build/smarie/python-parsyfiles/parsyfiles/converting_core.py&quot;, line 524, in _convert
    return self.conversion_method(desired_type, source_obj, logger, **opts)
  File &quot;/home/travis/build/smarie/python-parsyfiles/parsyfiles/plugins_base/support_for_primitive_types.py&quot;, line 84, in primitive_to_bool
    return bool(strtobool(source))
  File &quot;/opt/python/3.5.5/lib/python3.5/distutils/util.py&quot;, line 317, in strtobool
    raise ValueError(&quot;invalid truth value %r&quot; % (val,))
  ValueError : invalid truth value &apos;ganhp/aaaaaaaaau&apos;
(B)                                                                                                  |--b64pickle-float-1.0=True.txt -&gt; bool ------- using $&lt;read_str_from_txt&gt; =&gt; &lt;base64_ascii_str_pickle_to_object&gt; -&gt; &lt;float_to_bool&gt;$
Executing Parsing Plan for [/home/travis/build/smarie/python-parsyfiles/parsyfiles/tests/combining_parsers_converters/test_data/b64pickle-float-1.0=True]
(P) /home/travis/build/smarie/python-parsyfiles/parsyfiles/tests/combining_parsers_converters/test_data/b64pickle-float-1.0=True.txt -&gt; bool ------- using $&lt;read_str_from_txt&gt; =&gt; &lt;base64_ascii_str_pickle_to_object&gt; -&gt; &lt;float_to_bool&gt;$
(P)                                                                                                  |--b64pickle-float-1.0=True.txt -&gt; bool SUCCESS !
Completed parsing successfully

**** Starting to parse single object of type &lt;bool&gt; at location /home/travis/build/smarie/python-parsyfiles/parsyfiles/tests/combining_parsers_converters/test_data/b64pickle-float-1.0=True ****
Checking all files under [/home/travis/build/smarie/python-parsyfiles/parsyfiles/tests/combining_parsers_converters/test_data/b64pickle-float-1.0=True]
(C) /home/travis/build/smarie/python-parsyfiles/parsyfiles/tests/combining_parsers_converters/test_data/b64pickle-float-1.0=True (singlefile, .txt)
File checks done

Building a parsing plan to parse [/home/travis/build/smarie/python-parsyfiles/parsyfiles/tests/combining_parsers_converters/test_data/b64pickle-float-1.0=True] into a bool
(B) /home/travis/build/smarie/python-parsyfiles/parsyfiles/tests/combining_parsers_converters/test_data/b64pickle-float-1.0=True.txt -&gt; bool ------- using [Try &apos;$&lt;read_str_from_txt&gt; =&gt; &lt;str_to_bool&gt;$&apos; then &apos;$&lt;read_str_from_txt&gt; =&gt; &lt;base64_ascii_str_pickle_to_object&gt; -&gt; &lt;float_to_bool&gt;$&apos; then &apos;$&lt;read_str_from_txt&gt; =&gt; &lt;base64_ascii_str_pickle_to_object&gt; -&gt; &lt;int_to_bool&gt;$&apos; then &apos;$&lt;read_str_from_txt&gt; =&gt; &lt;base64_ascii_str_pickle_to_object&gt; -&gt; &lt;str_to_bool&gt;$&apos; then &apos;$&lt;read_str_from_txt&gt; =&gt; &lt;base64_ascii_str_pickle_to_object&gt;$]&apos;]
(B)                                                                                                  |--b64pickle-float-1.0=True.txt -&gt; bool ------- using $&lt;read_str_from_txt&gt; =&gt; &lt;str_to_bool&gt;$
Parsing Plan created successfully

Executing Parsing Plan for [/home/travis/build/smarie/python-parsyfiles/parsyfiles/tests/combining_parsers_converters/test_data/b64pickle-float-1.0=True]
(P) /home/travis/build/smarie/python-parsyfiles/parsyfiles/tests/combining_parsers_converters/test_data/b64pickle-float-1.0=True.txt -&gt; bool ------- using $&lt;read_str_from_txt&gt; =&gt; &lt;str_to_bool&gt;$
  !! Caught error during execution !!
  File &quot;/home/travis/build/smarie/python-parsyfiles/parsyfiles/converting_core.py&quot;, line 524, in _convert
    return self.conversion_method(desired_type, source_obj, logger, **opts)
  File &quot;/home/travis/build/smarie/python-parsyfiles/parsyfiles/plugins_base/support_for_primitive_types.py&quot;, line 84, in primitive_to_bool
    return bool(strtobool(source))
  File &quot;/opt/python/3.5.5/lib/python3.5/distutils/util.py&quot;, line 317, in strtobool
    raise ValueError(&quot;invalid truth value %r&quot; % (val,))
  ValueError : invalid truth value &apos;ganhp/aaaaaaaaau&apos;
(B)                                                                                                  |--b64pickle-float-1.0=True.txt -&gt; bool ------- using $&lt;read_str_from_txt&gt; =&gt; &lt;base64_ascii_str_pickle_to_object&gt; -&gt; &lt;float_to_bool&gt;$
Executing Parsing Plan for [/home/travis/build/smarie/python-parsyfiles/parsyfiles/tests/combining_parsers_converters/test_data/b64pickle-float-1.0=True]
(P) /home/travis/build/smarie/python-parsyfiles/parsyfiles/tests/combining_parsers_converters/test_data/b64pickle-float-1.0=True.txt -&gt; bool ------- using $&lt;read_str_from_txt&gt; =&gt; &lt;base64_ascii_str_pickle_to_object&gt; -&gt; &lt;float_to_bool&gt;$
(P)                                                                                                  |--b64pickle-float-1.0=True.txt -&gt; bool SUCCESS !
Completed parsing successfully

**** Starting to parse single object of type &lt;bool&gt; at location /home/travis/build/smarie/python-parsyfiles/parsyfiles/tests/combining_parsers_converters/test_data/b64pickle-float-1.0=True ****
Checking all files under [/home/travis/build/smarie/python-parsyfiles/parsyfiles/tests/combining_parsers_converters/test_data/b64pickle-float-1.0=True]
(C) /home/travis/build/smarie/python-parsyfiles/parsyfiles/tests/combining_parsers_converters/test_data/b64pickle-float-1.0=True (singlefile, .txt)
File checks done

Building a parsing plan to parse [/home/travis/build/smarie/python-parsyfiles/parsyfiles/tests/combining_parsers_converters/test_data/b64pickle-float-1.0=True] into a bool
(B) /home/travis/build/smarie/python-parsyfiles/parsyfiles/tests/combining_parsers_converters/test_data/b64pickle-float-1.0=True.txt -&gt; bool ------- using [Try &apos;$&lt;read_str_from_txt&gt; =&gt; &lt;str_to_bool&gt;$&apos; then &apos;$&lt;read_str_from_txt&gt; =&gt; &lt;base64_ascii_str_pickle_to_object&gt; -&gt; &lt;float_to_bool&gt;$&apos; then &apos;$&lt;read_str_from_txt&gt; =&gt; &lt;base64_ascii_str_pickle_to_object&gt; -&gt; &lt;int_to_bool&gt;$&apos; then &apos;$&lt;read_str_from_txt&gt; =&gt; &lt;base64_ascii_str_pickle_to_object&gt; -&gt; &lt;str_to_bool&gt;$&apos; then &apos;$&lt;read_str_from_txt&gt; =&gt; &lt;base64_ascii_str_pickle_to_object&gt;$]&apos;]
(B)                                                                                                  |--b64pickle-float-1.0=True.txt -&gt; bool ------- using $&lt;read_str_from_txt&gt; =&gt; &lt;str_to_bool&gt;$
Parsing Plan created successfully

Executing Parsing Plan for [/home/travis/build/smarie/python-parsyfiles/parsyfiles/tests/combining_parsers_converters/test_data/b64pickle-float-1.0=True]
(P) /home/travis/build/smarie/python-parsyfiles/parsyfiles/tests/combining_parsers_converters/test_data/b64pickle-float-1.0=True.txt -&gt; bool ------- using $&lt;read_str_from_txt&gt; =&gt; &lt;str_to_bool&gt;$
  !! Caught error during execution !!
  File &quot;/home/travis/build/smarie/python-parsyfiles/parsyfiles/converting_core.py&quot;, line 524, in _convert
    return self.conversion_method(desired_type, source_obj, logger, **opts)
  File &quot;/home/travis/build/smarie/python-parsyfiles/parsyfiles/plugins_base/support_for_primitive_types.py&quot;, line 84, in primitive_to_bool
    return bool(strtobool(source))
  File &quot;/opt/python/3.5.5/lib/python3.5/distutils/util.py&quot;, line 317, in strtobool
    raise ValueError(&quot;invalid truth value %r&quot; % (val,))
  ValueError : invalid truth value &apos;ganhp/aaaaaaaaau&apos;
(B)                                                                                                  |--b64pickle-float-1.0=True.txt -&gt; bool ------- using $&lt;read_str_from_txt&gt; =&gt; &lt;base64_ascii_str_pickle_to_object&gt; -&gt; &lt;float_to_bool&gt;$
Executing Parsing Plan for [/home/travis/build/smarie/python-parsyfiles/parsyfiles/tests/combining_parsers_converters/test_data/b64pickle-float-1.0=True]
(P) /home/travis/build/smarie/python-parsyfiles/parsyfiles/tests/combining_parsers_converters/test_data/b64pickle-float-1.0=True.txt -&gt; bool ------- using $&lt;read_str_from_txt&gt; =&gt; &lt;base64_ascii_str_pickle_to_object&gt; -&gt; &lt;float_to_bool&gt;$
(P)                                                                                                  |--b64pickle-float-1.0=True.txt -&gt; bool SUCCESS !
Completed parsing successfully

**** Starting to parse single object of type &lt;bool&gt; at location /home/travis/build/smarie/python-parsyfiles/parsyfiles/tests/combining_parsers_converters/test_data/b64pickle-float-1.0=True ****
Checking all files under [/home/travis/build/smarie/python-parsyfiles/parsyfiles/tests/combining_parsers_converters/test_data/b64pickle-float-1.0=True]
(C) /home/travis/build/smarie/python-parsyfiles/parsyfiles/tests/combining_parsers_converters/test_data/b64pickle-float-1.0=True (singlefile, .txt)
File checks done

Building a parsing plan to parse [/home/travis/build/smarie/python-parsyfiles/parsyfiles/tests/combining_parsers_converters/test_data/b64pickle-float-1.0=True] into a bool
(B) /home/travis/build/smarie/python-parsyfiles/parsyfiles/tests/combining_parsers_converters/test_data/b64pickle-float-1.0=True.txt -&gt; bool ------- using [Try &apos;$&lt;read_str_from_txt&gt; =&gt; &lt;str_to_bool&gt;$&apos; then &apos;$&lt;read_str_from_txt&gt; =&gt; &lt;base64_ascii_str_pickle_to_object&gt; -&gt; &lt;float_to_bool&gt;$&apos; then &apos;$&lt;read_str_from_txt&gt; =&gt; &lt;base64_ascii_str_pickle_to_object&gt; -&gt; &lt;int_to_bool&gt;$&apos; then &apos;$&lt;read_str_from_txt&gt; =&gt; &lt;base64_ascii_str_pickle_to_object&gt; -&gt; &lt;str_to_bool&gt;$&apos; then &apos;$&lt;read_str_from_txt&gt; =&gt; &lt;base64_ascii_str_pickle_to_object&gt;$]&apos;]
(B)                                                                                                  |--b64pickle-float-1.0=True.txt -&gt; bool ------- using $&lt;read_str_from_txt&gt; =&gt; &lt;str_to_bool&gt;$
Parsing Plan created successfully

Executing Parsing Plan for [/home/travis/build/smarie/python-parsyfiles/parsyfiles/tests/combining_parsers_converters/test_data/b64pickle-float-1.0=True]
(P) /home/travis/build/smarie/python-parsyfiles/parsyfiles/tests/combining_parsers_converters/test_data/b64pickle-float-1.0=True.txt -&gt; bool ------- using $&lt;read_str_from_txt&gt; =&gt; &lt;str_to_bool&gt;$
  !! Caught error during execution !!
  File &quot;/home/travis/build/smarie/python-parsyfiles/parsyfiles/converting_core.py&quot;, line 524, in _convert
    return self.conversion_method(desired_type, source_obj, logger, **opts)
  File &quot;/home/travis/build/smarie/python-parsyfiles/parsyfiles/plugins_base/support_for_primitive_types.py&quot;, line 84, in primitive_to_bool
    return bool(strtobool(source))
  File &quot;/opt/python/3.5.5/lib/python3.5/distutils/util.py&quot;, line 317, in strtobool
    raise ValueError(&quot;invalid truth value %r&quot; % (val,))
  ValueError : invalid truth value &apos;ganhp/aaaaaaaaau&apos;
(B)                                                                                                  |--b64pickle-float-1.0=True.txt -&gt; bool ------- using $&lt;read_str_from_txt&gt; =&gt; &lt;base64_ascii_str_pickle_to_object&gt; -&gt; &lt;float_to_bool&gt;$
Executing Parsing Plan for [/home/travis/build/smarie/python-parsyfiles/parsyfiles/tests/combining_parsers_converters/test_data/b64pickle-float-1.0=True]
(P) /home/travis/build/smarie/python-parsyfiles/parsyfiles/tests/combining_parsers_converters/test_data/b64pickle-float-1.0=True.txt -&gt; bool ------- using $&lt;read_str_from_txt&gt; =&gt; &lt;base64_ascii_str_pickle_to_object&gt; -&gt; &lt;float_to_bool&gt;$
(P)                                                                                                  |--b64pickle-float-1.0=True.txt -&gt; bool SUCCESS !
Completed parsing successfully

**** Starting to parse single object of type &lt;bool&gt; at location /home/travis/build/smarie/python-parsyfiles/parsyfiles/tests/combining_parsers_converters/test_data/b64pickle-float-1.0=True ****
Checking all files under [/home/travis/build/smarie/python-parsyfiles/parsyfiles/tests/combining_parsers_converters/test_data/b64pickle-float-1.0=True]
(C) /home/travis/build/smarie/python-parsyfiles/parsyfiles/tests/combining_parsers_converters/test_data/b64pickle-float-1.0=True (singlefile, .txt)
File checks done

Building a parsing plan to parse [/home/travis/build/smarie/python-parsyfiles/parsyfiles/tests/combining_parsers_converters/test_data/b64pickle-float-1.0=True] into a bool
(B) /home/travis/build/smarie/python-parsyfiles/parsyfiles/tests/combining_parsers_converters/test_data/b64pickle-float-1.0=True.txt -&gt; bool ------- using [Try &apos;$&lt;read_str_from_txt&gt; =&gt; &lt;str_to_bool&gt;$&apos; then &apos;$&lt;read_str_from_txt&gt; =&gt; &lt;base64_ascii_str_pickle_to_object&gt; -&gt; &lt;float_to_bool&gt;$&apos; then &apos;$&lt;read_str_from_txt&gt; =&gt; &lt;base64_ascii_str_pickle_to_object&gt; -&gt; &lt;int_to_bool&gt;$&apos; then &apos;$&lt;read_str_from_txt&gt; =&gt; &lt;base64_ascii_str_pickle_to_object&gt; -&gt; &lt;str_to_bool&gt;$&apos; then &apos;$&lt;read_str_from_txt&gt; =&gt; &lt;base64_ascii_str_pickle_to_object&gt;$]&apos;]
(B)                                                                                                  |--b64pickle-float-1.0=True.txt -&gt; bool ------- using $&lt;read_str_from_txt&gt; =&gt; &lt;str_to_bool&gt;$
Parsing Plan created successfully

Executing Parsing Plan for [/home/travis/build/smarie/python-parsyfiles/parsyfiles/tests/combining_parsers_converters/test_data/b64pickle-float-1.0=True]
(P) /home/travis/build/smarie/python-parsyfiles/parsyfiles/tests/combining_parsers_converters/test_data/b64pickle-float-1.0=True.txt -&gt; bool ------- using $&lt;read_str_from_txt&gt; =&gt; &lt;str_to_bool&gt;$
  !! Caught error during execution !!
  File &quot;/home/travis/build/smarie/python-parsyfiles/parsyfiles/converting_core.py&quot;, line 524, in _convert
    return self.conversion_method(desired_type, source_obj, logger, **opts)
  File &quot;/home/travis/build/smarie/python-parsyfiles/parsyfiles/plugins_base/support_for_primitive_types.py&quot;, line 84, in primitive_to_bool
    return bool(strtobool(source))
  File &quot;/opt/python/3.5.5/lib/python3.5/distutils/util.py&quot;, line 317, in strtobool
    raise ValueError(&quot;invalid truth value %r&quot; % (val,))
  ValueError : invalid truth value &apos;ganhp/aaaaaaaaau&apos;
(B)                                                                                                  |--b64pickle-float-1.0=True.txt -&gt; bool ------- using $&lt;read_str_from_txt&gt; =&gt; &lt;base64_ascii_str_pickle_to_object&gt; -&gt; &lt;float_to_bool&gt;$
Executing Parsing Plan for [/home/travis/build/smarie/python-parsyfiles/parsyfiles/tests/combining_parsers_converters/test_data/b64pickle-float-1.0=True]
(P) /home/travis/build/smarie/python-parsyfiles/parsyfiles/tests/combining_parsers_converters/test_data/b64pickle-float-1.0=True.txt -&gt; bool ------- using $&lt;read_str_from_txt&gt; =&gt; &lt;base64_ascii_str_pickle_to_object&gt; -&gt; &lt;float_to_bool&gt;$
(P)                                                                                                  |--b64pickle-float-1.0=True.txt -&gt; bool SUCCESS !
Completed parsing successfully

**** Starting to parse single object of type &lt;bool&gt; at location /home/travis/build/smarie/python-parsyfiles/parsyfiles/tests/combining_parsers_converters/test_data/b64pickle-float-1.0=True ****
Checking all files under [/home/travis/build/smarie/python-parsyfiles/parsyfiles/tests/combining_parsers_converters/test_data/b64pickle-float-1.0=True]
(C) /home/travis/build/smarie/python-parsyfiles/parsyfiles/tests/combining_parsers_converters/test_data/b64pickle-float-1.0=True (singlefile, .txt)
File checks done

Building a parsing plan to parse [/home/travis/build/smarie/python-parsyfiles/parsyfiles/tests/combining_parsers_converters/test_data/b64pickle-float-1.0=True] into a bool
(B) /home/travis/build/smarie/python-parsyfiles/parsyfiles/tests/combining_parsers_converters/test_data/b64pickle-float-1.0=True.txt -&gt; bool ------- using [Try &apos;$&lt;read_str_from_txt&gt; =&gt; &lt;str_to_bool&gt;$&apos; then &apos;$&lt;read_str_from_txt&gt; =&gt; &lt;base64_ascii_str_pickle_to_object&gt; -&gt; &lt;float_to_bool&gt;$&apos; then &apos;$&lt;read_str_from_txt&gt; =&gt; &lt;base64_ascii_str_pickle_to_object&gt; -&gt; &lt;int_to_bool&gt;$&apos; then &apos;$&lt;read_str_from_txt&gt; =&gt; &lt;base64_ascii_str_pickle_to_object&gt; -&gt; &lt;str_to_bool&gt;$&apos; then &apos;$&lt;read_str_from_txt&gt; =&gt; &lt;base64_ascii_str_pickle_to_object&gt;$]&apos;]
(B)                                                                                                  |--b64pickle-float-1.0=True.txt -&gt; bool ------- using $&lt;read_str_from_txt&gt; =&gt; &lt;str_to_bool&gt;$
Parsing Plan created successfully

Executing Parsing Plan for [/home/travis/build/smarie/python-parsyfiles/parsyfiles/tests/combining_parsers_converters/test_data/b64pickle-float-1.0=True]
(P) /home/travis/build/smarie/python-parsyfiles/parsyfiles/tests/combining_parsers_converters/test_data/b64pickle-float-1.0=True.txt -&gt; bool ------- using $&lt;read_str_from_txt&gt; =&gt; &lt;str_to_bool&gt;$
  !! Caught error during execution !!
  File &quot;/home/travis/build/smarie/python-parsyfiles/parsyfiles/converting_core.py&quot;, line 524, in _convert
    return self.conversion_method(desired_type, source_obj, logger, **opts)
  File &quot;/home/travis/build/smarie/python-parsyfiles/parsyfiles/plugins_base/support_for_primitive_types.py&quot;, line 84, in primitive_to_bool
    return bool(strtobool(source))
  File &quot;/opt/python/3.5.5/lib/python3.5/distutils/util.py&quot;, line 317, in strtobool
    raise ValueError(&quot;invalid truth value %r&quot; % (val,))
  ValueError : invalid truth value &apos;ganhp/aaaaaaaaau&apos;
(B)                                                                                                  |--b64pickle-float-1.0=True.txt -&gt; bool ------- using $&lt;read_str_from_txt&gt; =&gt; &lt;base64_ascii_str_pickle_to_object&gt; -&gt; &lt;float_to_bool&gt;$
Executing Parsing Plan for [/home/travis/build/smarie/python-parsyfiles/parsyfiles/tests/combining_parsers_converters/test_data/b64pickle-float-1.0=True]
(P) /home/travis/build/smarie/python-parsyfiles/parsyfiles/tests/combining_parsers_converters/test_data/b64pickle-float-1.0=True.txt -&gt; bool ------- using $&lt;read_str_from_txt&gt; =&gt; &lt;base64_ascii_str_pickle_to_object&gt; -&gt; &lt;float_to_bool&gt;$
(P)                                                                                                  |--b64pickle-float-1.0=True.txt -&gt; bool SUCCESS !
Completed parsing successfully

**** Starting to parse single object of type &lt;bool&gt; at location /home/travis/build/smarie/python-parsyfiles/parsyfiles/tests/combining_parsers_converters/test_data/b64pickle-float-1.0=True ****
Checking all files under [/home/travis/build/smarie/python-parsyfiles/parsyfiles/tests/combining_parsers_converters/test_data/b64pickle-float-1.0=True]
(C) /home/travis/build/smarie/python-parsyfiles/parsyfiles/tests/combining_parsers_converters/test_data/b64pickle-float-1.0=True (singlefile, .txt)
File checks done

Building a parsing plan to parse [/home/travis/build/smarie/python-parsyfiles/parsyfiles/tests/combining_parsers_converters/test_data/b64pickle-float-1.0=True] into a bool
(B) /home/travis/build/smarie/python-parsyfiles/parsyfiles/tests/combining_parsers_converters/test_data/b64pickle-float-1.0=True.txt -&gt; bool ------- using [Try &apos;$&lt;read_str_from_txt&gt; =&gt; &lt;str_to_bool&gt;$&apos; then &apos;$&lt;read_str_from_txt&gt; =&gt; &lt;base64_ascii_str_pickle_to_object&gt; -&gt; &lt;float_to_bool&gt;$&apos; then &apos;$&lt;read_str_from_txt&gt; =&gt; &lt;base64_ascii_str_pickle_to_object&gt; -&gt; &lt;int_to_bool&gt;$&apos; then &apos;$&lt;read_str_from_txt&gt; =&gt; &lt;base64_ascii_str_pickle_to_object&gt; -&gt; &lt;str_to_bool&gt;$&apos; then &apos;$&lt;read_str_from_txt&gt; =&gt; &lt;base64_ascii_str_pickle_to_object&gt;$]&apos;]
(B)                                                                                                  |--b64pickle-float-1.0=True.txt -&gt; bool ------- using $&lt;read_str_from_txt&gt; =&gt; &lt;str_to_bool&gt;$
Parsing Plan created successfully

Executing Parsing Plan for [/home/travis/build/smarie/python-parsyfiles/parsyfiles/tests/combining_parsers_converters/test_data/b64pickle-float-1.0=True]
(P) /home/travis/build/smarie/python-parsyfiles/parsyfiles/tests/combining_parsers_converters/test_data/b64pickle-float-1.0=True.txt -&gt; bool ------- using $&lt;read_str_from_txt&gt; =&gt; &lt;str_to_bool&gt;$
  !! Caught error during execution !!
  File &quot;/home/travis/build/smarie/python-parsyfiles/parsyfiles/converting_core.py&quot;, line 524, in _convert
    return self.conversion_method(desired_type, source_obj, logger, **opts)
  File &quot;/home/travis/build/smarie/python-parsyfiles/parsyfiles/plugins_base/support_for_primitive_types.py&quot;, line 84, in primitive_to_bool
    return bool(strtobool(source))
  File &quot;/opt/python/3.5.5/lib/python3.5/distutils/util.py&quot;, line 317, in strtobool
    raise ValueError(&quot;invalid truth value %r&quot; % (val,))
  ValueError : invalid truth value &apos;ganhp/aaaaaaaaau&apos;
(B)                                                                                                  |--b64pickle-float-1.0=True.txt -&gt; bool ------- using $&lt;read_str_from_txt&gt; =&gt; &lt;base64_ascii_str_pickle_to_object&gt; -&gt; &lt;float_to_bool&gt;$
Executing Parsing Plan for [/home/travis/build/smarie/python-parsyfiles/parsyfiles/tests/combining_parsers_converters/test_data/b64pickle-float-1.0=True]
(P) /home/travis/build/smarie/python-parsyfiles/parsyfiles/tests/combining_parsers_converters/test_data/b64pickle-float-1.0=True.txt -&gt; bool ------- using $&lt;read_str_from_txt&gt; =&gt; &lt;base64_ascii_str_pickle_to_object&gt; -&gt; &lt;float_to_bool&gt;$
(P)                                                                                                  |--b64pickle-float-1.0=True.txt -&gt; bool SUCCESS !
Completed parsing successfully

**** Starting to parse single object of type &lt;bool&gt; at location /home/travis/build/smarie/python-parsyfiles/parsyfiles/tests/combining_parsers_converters/test_data/b64pickle-float-1.0=True ****
Checking all files under [/home/travis/build/smarie/python-parsyfiles/parsyfiles/tests/combining_parsers_converters/test_data/b64pickle-float-1.0=True]
(C) /home/travis/build/smarie/python-parsyfiles/parsyfiles/tests/combining_parsers_converters/test_data/b64pickle-float-1.0=True (singlefile, .txt)
File checks done

Building a parsing plan to parse [/home/travis/build/smarie/python-parsyfiles/parsyfiles/tests/combining_parsers_converters/test_data/b64pickle-float-1.0=True] into a bool
(B) /home/travis/build/smarie/python-parsyfiles/parsyfiles/tests/combining_parsers_converters/test_data/b64pickle-float-1.0=True.txt -&gt; bool ------- using [Try &apos;$&lt;read_str_from_txt&gt; =&gt; &lt;str_to_bool&gt;$&apos; then &apos;$&lt;read_str_from_txt&gt; =&gt; &lt;base64_ascii_str_pickle_to_object&gt; -&gt; &lt;float_to_bool&gt;$&apos; then &apos;$&lt;read_str_from_txt&gt; =&gt; &lt;base64_ascii_str_pickle_to_object&gt; -&gt; &lt;int_to_bool&gt;$&apos; then &apos;$&lt;read_str_from_txt&gt; =&gt; &lt;base64_ascii_str_pickle_to_object&gt; -&gt; &lt;str_to_bool&gt;$&apos; then &apos;$&lt;read_str_from_txt&gt; =&gt; &lt;base64_ascii_str_pickle_to_object&gt;$]&apos;]
(B)                                                                                                  |--b64pickle-float-1.0=True.txt -&gt; bool ------- using $&lt;read_str_from_txt&gt; =&gt; &lt;str_to_bool&gt;$
Parsing Plan created successfully

Executing Parsing Plan for [/home/travis/build/smarie/python-parsyfiles/parsyfiles/tests/combining_parsers_converters/test_data/b64pickle-float-1.0=True]
(P) /home/travis/build/smarie/python-parsyfiles/parsyfiles/tests/combining_parsers_converters/test_data/b64pickle-float-1.0=True.txt -&gt; bool ------- using $&lt;read_str_from_txt&gt; =&gt; &lt;str_to_bool&gt;$
  !! Caught error during execution !!
  File &quot;/home/travis/build/smarie/python-parsyfiles/parsyfiles/converting_core.py&quot;, line 524, in _convert
    return self.conversion_method(desired_type, source_obj, logger, **opts)
  File &quot;/home/travis/build/smarie/python-parsyfiles/parsyfiles/plugins_base/support_for_primitive_types.py&quot;, line 84, in primitive_to_bool
    return bool(strtobool(source))
  File &quot;/opt/python/3.5.5/lib/python3.5/distutils/util.py&quot;, line 317, in strtobool
    raise ValueError(&quot;invalid truth value %r&quot; % (val,))
  ValueError : invalid truth value &apos;ganhp/aaaaaaaaau&apos;
(B)                                                                                                  |--b64pickle-float-1.0=True.txt -&gt; bool ------- using $&lt;read_str_from_txt&gt; =&gt; &lt;base64_ascii_str_pickle_to_object&gt; -&gt; &lt;float_to_bool&gt;$
Executing Parsing Plan for [/home/travis/build/smarie/python-parsyfiles/parsyfiles/tests/combining_parsers_converters/test_data/b64pickle-float-1.0=True]
(P) /home/travis/build/smarie/python-parsyfiles/parsyfiles/tests/combining_parsers_converters/test_data/b64pickle-float-1.0=True.txt -&gt; bool ------- using $&lt;read_str_from_txt&gt; =&gt; &lt;base64_ascii_str_pickle_to_object&gt; -&gt; &lt;float_to_bool&gt;$
(P)                                                                                                  |--b64pickle-float-1.0=True.txt -&gt; bool SUCCESS !
Completed parsing successfully

**** Starting to parse single object of type &lt;bool&gt; at location /home/travis/build/smarie/python-parsyfiles/parsyfiles/tests/combining_parsers_converters/test_data/b64pickle-float-1.0=True ****
Checking all files under [/home/travis/build/smarie/python-parsyfiles/parsyfiles/tests/combining_parsers_converters/test_data/b64pickle-float-1.0=True]
(C) /home/travis/build/smarie/python-parsyfiles/parsyfiles/tests/combining_parsers_converters/test_data/b64pickle-float-1.0=True (singlefile, .txt)
File checks done

Building a parsing plan to parse [/home/travis/build/smarie/python-parsyfiles/parsyfiles/tests/combining_parsers_converters/test_data/b64pickle-float-1.0=True] into a bool
(B) /home/travis/build/smarie/python-parsyfiles/parsyfiles/tests/combining_parsers_converters/test_data/b64pickle-float-1.0=True.txt -&gt; bool ------- using [Try &apos;$&lt;read_str_from_txt&gt; =&gt; &lt;str_to_bool&gt;$&apos; then &apos;$&lt;read_str_from_txt&gt; =&gt; &lt;base64_ascii_str_pickle_to_object&gt; -&gt; &lt;float_to_bool&gt;$&apos; then &apos;$&lt;read_str_from_txt&gt; =&gt; &lt;base64_ascii_str_pickle_to_object&gt; -&gt; &lt;int_to_bool&gt;$&apos; then &apos;$&lt;read_str_from_txt&gt; =&gt; &lt;base64_ascii_str_pickle_to_object&gt; -&gt; &lt;str_to_bool&gt;$&apos; then &apos;$&lt;read_str_from_txt&gt; =&gt; &lt;base64_ascii_str_pickle_to_object&gt;$]&apos;]
(B)                                                                                                  |--b64pickle-float-1.0=True.txt -&gt; bool ------- using $&lt;read_str_from_txt&gt; =&gt; &lt;str_to_bool&gt;$
Parsing Plan created successfully

Executing Parsing Plan for [/home/travis/build/smarie/python-parsyfiles/parsyfiles/tests/combining_parsers_converters/test_data/b64pickle-float-1.0=True]
(P) /home/travis/build/smarie/python-parsyfiles/parsyfiles/tests/combining_parsers_converters/test_data/b64pickle-float-1.0=True.txt -&gt; bool ------- using $&lt;read_str_from_txt&gt; =&gt; &lt;str_to_bool&gt;$
  !! Caught error during execution !!
  File &quot;/home/travis/build/smarie/python-parsyfiles/parsyfiles/converting_core.py&quot;, line 524, in _convert
    return self.conversion_method(desired_type, source_obj, logger, **opts)
  File &quot;/home/travis/build/smarie/python-parsyfiles/parsyfiles/plugins_base/support_for_primitive_types.py&quot;, line 84, in primitive_to_bool
    return bool(strtobool(source))
  File &quot;/opt/python/3.5.5/lib/python3.5/distutils/util.py&quot;, line 317, in strtobool
    raise ValueError(&quot;invalid truth value %r&quot; % (val,))
  ValueError : invalid truth value &apos;ganhp/aaaaaaaaau&apos;
(B)                                                                                                  |--b64pickle-float-1.0=True.txt -&gt; bool ------- using $&lt;read_str_from_txt&gt; =&gt; &lt;base64_ascii_str_pickle_to_object&gt; -&gt; &lt;float_to_bool&gt;$
Executing Parsing Plan for [/home/travis/build/smarie/python-parsyfiles/parsyfiles/tests/combining_parsers_converters/test_data/b64pickle-float-1.0=True]
(P) /home/travis/build/smarie/python-parsyfiles/parsyfiles/tests/combining_parsers_converters/test_data/b64pickle-float-1.0=True.txt -&gt; bool ------- using $&lt;read_str_from_txt&gt; =&gt; &lt;base64_ascii_str_pickle_to_object&gt; -&gt; &lt;float_to_bool&gt;$
(P)                                                                                                  |--b64pickle-float-1.0=True.txt -&gt; bool SUCCESS !
Completed parsing successfully

**** Starting to parse single object of type &lt;bool&gt; at location /home/travis/build/smarie/python-parsyfiles/parsyfiles/tests/combining_parsers_converters/test_data/b64pickle-float-1.0=True ****
Checking all files under [/home/travis/build/smarie/python-parsyfiles/parsyfiles/tests/combining_parsers_converters/test_data/b64pickle-float-1.0=True]
(C) /home/travis/build/smarie/python-parsyfiles/parsyfiles/tests/combining_parsers_converters/test_data/b64pickle-float-1.0=True (singlefile, .txt)
File checks done

Building a parsing plan to parse [/home/travis/build/smarie/python-parsyfiles/parsyfiles/tests/combining_parsers_converters/test_data/b64pickle-float-1.0=True] into a bool
(B) /home/travis/build/smarie/python-parsyfiles/parsyfiles/tests/combining_parsers_converters/test_data/b64pickle-float-1.0=True.txt -&gt; bool ------- using [Try &apos;$&lt;read_str_from_txt&gt; =&gt; &lt;str_to_bool&gt;$&apos; then &apos;$&lt;read_str_from_txt&gt; =&gt; &lt;base64_ascii_str_pickle_to_object&gt; -&gt; &lt;float_to_bool&gt;$&apos; then &apos;$&lt;read_str_from_txt&gt; =&gt; &lt;base64_ascii_str_pickle_to_object&gt; -&gt; &lt;int_to_bool&gt;$&apos; then &apos;$&lt;read_str_from_txt&gt; =&gt; &lt;base64_ascii_str_pickle_to_object&gt; -&gt; &lt;str_to_bool&gt;$&apos; then &apos;$&lt;read_str_from_txt&gt; =&gt; &lt;base64_ascii_str_pickle_to_object&gt;$]&apos;]
(B)                                                                                                  |--b64pickle-float-1.0=True.txt -&gt; bool ------- using $&lt;read_str_from_txt&gt; =&gt; &lt;str_to_bool&gt;$
Parsing Plan created successfully

Executing Parsing Plan for [/home/travis/build/smarie/python-parsyfiles/parsyfiles/tests/combining_parsers_converters/test_data/b64pickle-float-1.0=True]
(P) /home/travis/build/smarie/python-parsyfiles/parsyfiles/tests/combining_parsers_converters/test_data/b64pickle-float-1.0=True.txt -&gt; bool ------- using $&lt;read_str_from_txt&gt; =&gt; &lt;str_to_bool&gt;$
  !! Caught error during execution !!
  File &quot;/home/travis/build/smarie/python-parsyfiles/parsyfiles/converting_core.py&quot;, line 524, in _convert
    return self.conversion_method(desired_type, source_obj, logger, **opts)
  File &quot;/home/travis/build/smarie/python-parsyfiles/parsyfiles/plugins_base/support_for_primitive_types.py&quot;, line 84, in primitive_to_bool
    return bool(strtobool(source))
  File &quot;/opt/python/3.5.5/lib/python3.5/distutils/util.py&quot;, line 317, in strtobool
    raise ValueError(&quot;invalid truth value %r&quot; % (val,))
  ValueError : invalid truth value &apos;ganhp/aaaaaaaaau&apos;
(B)                                                                                                  |--b64pickle-float-1.0=True.txt -&gt; bool ------- using $&lt;read_str_from_txt&gt; =&gt; &lt;base64_ascii_str_pickle_to_object&gt; -&gt; &lt;float_to_bool&gt;$
Executing Parsing Plan for [/home/travis/build/smarie/python-parsyfiles/parsyfiles/tests/combining_parsers_converters/test_data/b64pickle-float-1.0=True]
(P) /home/travis/build/smarie/python-parsyfiles/parsyfiles/tests/combining_parsers_converters/test_data/b64pickle-float-1.0=True.txt -&gt; bool ------- using $&lt;read_str_from_txt&gt; =&gt; &lt;base64_ascii_str_pickle_to_object&gt; -&gt; &lt;float_to_bool&gt;$
(P)                                                                                                  |--b64pickle-float-1.0=True.txt -&gt; bool SUCCESS !
Completed parsing successfully

**** Starting to parse single object of type &lt;bool&gt; at location /home/travis/build/smarie/python-parsyfiles/parsyfiles/tests/combining_parsers_converters/test_data/b64pickle-float-1.0=True ****
Checking all files under [/home/travis/build/smarie/python-parsyfiles/parsyfiles/tests/combining_parsers_converters/test_data/b64pickle-float-1.0=True]
(C) /home/travis/build/smarie/python-parsyfiles/parsyfiles/tests/combining_parsers_converters/test_data/b64pickle-float-1.0=True (singlefile, .txt)
File checks done

Building a parsing plan to parse [/home/travis/build/smarie/python-parsyfiles/parsyfiles/tests/combining_parsers_converters/test_data/b64pickle-float-1.0=True] into a bool
(B) /home/travis/build/smarie/python-parsyfiles/parsyfiles/tests/combining_parsers_converters/test_data/b64pickle-float-1.0=True.txt -&gt; bool ------- using [Try &apos;$&lt;read_str_from_txt&gt; =&gt; &lt;str_to_bool&gt;$&apos; then &apos;$&lt;read_str_from_txt&gt; =&gt; &lt;base64_ascii_str_pickle_to_object&gt; -&gt; &lt;float_to_bool&gt;$&apos; then &apos;$&lt;read_str_from_txt&gt; =&gt; &lt;base64_ascii_str_pickle_to_object&gt; -&gt; &lt;int_to_bool&gt;$&apos; then &apos;$&lt;read_str_from_txt&gt; =&gt; &lt;base64_ascii_str_pickle_to_object&gt; -&gt; &lt;str_to_bool&gt;$&apos; then &apos;$&lt;read_str_from_txt&gt; =&gt; &lt;base64_ascii_str_pickle_to_object&gt;$]&apos;]
(B)                                                                                                  |--b64pickle-float-1.0=True.txt -&gt; bool ------- using $&lt;read_str_from_txt&gt; =&gt; &lt;str_to_bool&gt;$
Parsing Plan created successfully

Executing Parsing Plan for [/home/travis/build/smarie/python-parsyfiles/parsyfiles/tests/combining_parsers_converters/test_data/b64pickle-float-1.0=True]
(P) /home/travis/build/smarie/python-parsyfiles/parsyfiles/tests/combining_parsers_converters/test_data/b64pickle-float-1.0=True.txt -&gt; bool ------- using $&lt;read_str_from_txt&gt; =&gt; &lt;str_to_bool&gt;$
  !! Caught error during execution !!
  File &quot;/home/travis/build/smarie/python-parsyfiles/parsyfiles/converting_core.py&quot;, line 524, in _convert
    return self.conversion_method(desired_type, source_obj, logger, **opts)
  File &quot;/home/travis/build/smarie/python-parsyfiles/parsyfiles/plugins_base/support_for_primitive_types.py&quot;, line 84, in primitive_to_bool
    return bool(strtobool(source))
  File &quot;/opt/python/3.5.5/lib/python3.5/distutils/util.py&quot;, line 317, in strtobool
    raise ValueError(&quot;invalid truth value %r&quot; % (val,))
  ValueError : invalid truth value &apos;ganhp/aaaaaaaaau&apos;
(B)                                                                                                  |--b64pickle-float-1.0=True.txt -&gt; bool ------- using $&lt;read_str_from_txt&gt; =&gt; &lt;base64_ascii_str_pickle_to_object&gt; -&gt; &lt;float_to_bool&gt;$
Executing Parsing Plan for [/home/travis/build/smarie/python-parsyfiles/parsyfiles/tests/combining_parsers_converters/test_data/b64pickle-float-1.0=True]
(P) /home/travis/build/smarie/python-parsyfiles/parsyfiles/tests/combining_parsers_converters/test_data/b64pickle-float-1.0=True.txt -&gt; bool ------- using $&lt;read_str_from_txt&gt; =&gt; &lt;base64_ascii_str_pickle_to_object&gt; -&gt; &lt;float_to_bool&gt;$
(P)                                                                                                  |--b64pickle-float-1.0=True.txt -&gt; bool SUCCESS !
Completed parsing successfully

**** Starting to parse single object of type &lt;bool&gt; at location /home/travis/build/smarie/python-parsyfiles/parsyfiles/tests/combining_parsers_converters/test_data/b64pickle-float-1.0=True ****
Checking all files under [/home/travis/build/smarie/python-parsyfiles/parsyfiles/tests/combining_parsers_converters/test_data/b64pickle-float-1.0=True]
(C) /home/travis/build/smarie/python-parsyfiles/parsyfiles/tests/combining_parsers_converters/test_data/b64pickle-float-1.0=True (singlefile, .txt)
File checks done

Building a parsing plan to parse [/home/travis/build/smarie/python-parsyfiles/parsyfiles/tests/combining_parsers_converters/test_data/b64pickle-float-1.0=True] into a bool
(B) /home/travis/build/smarie/python-parsyfiles/parsyfiles/tests/combining_parsers_converters/test_data/b64pickle-float-1.0=True.txt -&gt; bool ------- using [Try &apos;$&lt;read_str_from_txt&gt; =&gt; &lt;str_to_bool&gt;$&apos; then &apos;$&lt;read_str_from_txt&gt; =&gt; &lt;base64_ascii_str_pickle_to_object&gt; -&gt; &lt;float_to_bool&gt;$&apos; then &apos;$&lt;read_str_from_txt&gt; =&gt; &lt;base64_ascii_str_pickle_to_object&gt; -&gt; &lt;int_to_bool&gt;$&apos; then &apos;$&lt;read_str_from_txt&gt; =&gt; &lt;base64_ascii_str_pickle_to_object&gt; -&gt; &lt;str_to_bool&gt;$&apos; then &apos;$&lt;read_str_from_txt&gt; =&gt; &lt;base64_ascii_str_pickle_to_object&gt;$]&apos;]
(B)                                                                                                  |--b64pickle-float-1.0=True.txt -&gt; bool ------- using $&lt;read_str_from_txt&gt; =&gt; &lt;str_to_bool&gt;$
Parsing Plan created successfully

Executing Parsing Plan for [/home/travis/build/smarie/python-parsyfiles/parsyfiles/tests/combining_parsers_converters/test_data/b64pickle-float-1.0=True]
(P) /home/travis/build/smarie/python-parsyfiles/parsyfiles/tests/combining_parsers_converters/test_data/b64pickle-float-1.0=True.txt -&gt; bool ------- using $&lt;read_str_from_txt&gt; =&gt; &lt;str_to_bool&gt;$
  !! Caught error during execution !!
  File &quot;/home/travis/build/smarie/python-parsyfiles/parsyfiles/converting_core.py&quot;, line 524, in _convert
    return self.conversion_method(desired_type, source_obj, logger, **opts)
  File &quot;/home/travis/build/smarie/python-parsyfiles/parsyfiles/plugins_base/support_for_primitive_types.py&quot;, line 84, in primitive_to_bool
    return bool(strtobool(source))
  File &quot;/opt/python/3.5.5/lib/python3.5/distutils/util.py&quot;, line 317, in strtobool
    raise ValueError(&quot;invalid truth value %r&quot; % (val,))
  ValueError : invalid truth value &apos;ganhp/aaaaaaaaau&apos;
(B)                                                                                                  |--b64pickle-float-1.0=True.txt -&gt; bool ------- using $&lt;read_str_from_txt&gt; =&gt; &lt;base64_ascii_str_pickle_to_object&gt; -&gt; &lt;float_to_bool&gt;$
Executing Parsing Plan for [/home/travis/build/smarie/python-parsyfiles/parsyfiles/tests/combining_parsers_converters/test_data/b64pickle-float-1.0=True]
(P) /home/travis/build/smarie/python-parsyfiles/parsyfiles/tests/combining_parsers_converters/test_data/b64pickle-float-1.0=True.txt -&gt; bool ------- using $&lt;read_str_from_txt&gt; =&gt; &lt;base64_ascii_str_pickle_to_object&gt; -&gt; &lt;float_to_bool&gt;$
(P)                                                                                                  |--b64pickle-float-1.0=True.txt -&gt; bool SUCCESS !
Completed parsing successfully

**** Starting to parse single object of type &lt;bool&gt; at location /home/travis/build/smarie/python-parsyfiles/parsyfiles/tests/combining_parsers_converters/test_data/b64pickle-float-1.0=True ****
Checking all files under [/home/travis/build/smarie/python-parsyfiles/parsyfiles/tests/combining_parsers_converters/test_data/b64pickle-float-1.0=True]
(C) /home/travis/build/smarie/python-parsyfiles/parsyfiles/tests/combining_parsers_converters/test_data/b64pickle-float-1.0=True (singlefile, .txt)
File checks done

Building a parsing plan to parse [/home/travis/build/smarie/python-parsyfiles/parsyfiles/tests/combining_parsers_converters/test_data/b64pickle-float-1.0=True] into a bool
(B) /home/travis/build/smarie/python-parsyfiles/parsyfiles/tests/combining_parsers_converters/test_data/b64pickle-float-1.0=True.txt -&gt; bool ------- using [Try &apos;$&lt;read_str_from_txt&gt; =&gt; &lt;str_to_bool&gt;$&apos; then &apos;$&lt;read_str_from_txt&gt; =&gt; &lt;base64_ascii_str_pickle_to_object&gt; -&gt; &lt;float_to_bool&gt;$&apos; then &apos;$&lt;read_str_from_txt&gt; =&gt; &lt;base64_ascii_str_pickle_to_object&gt; -&gt; &lt;int_to_bool&gt;$&apos; then &apos;$&lt;read_str_from_txt&gt; =&gt; &lt;base64_ascii_str_pickle_to_object&gt; -&gt; &lt;str_to_bool&gt;$&apos; then &apos;$&lt;read_str_from_txt&gt; =&gt; &lt;base64_ascii_str_pickle_to_object&gt;$]&apos;]
(B)                                                                                                  |--b64pickle-float-1.0=True.txt -&gt; bool ------- using $&lt;read_str_from_txt&gt; =&gt; &lt;str_to_bool&gt;$
Parsing Plan created successfully

Executing Parsing Plan for [/home/travis/build/smarie/python-parsyfiles/parsyfiles/tests/combining_parsers_converters/test_data/b64pickle-float-1.0=True]
(P) /home/travis/build/smarie/python-parsyfiles/parsyfiles/tests/combining_parsers_converters/test_data/b64pickle-float-1.0=True.txt -&gt; bool ------- using $&lt;read_str_from_txt&gt; =&gt; &lt;str_to_bool&gt;$
  !! Caught error during execution !!
  File &quot;/home/travis/build/smarie/python-parsyfiles/parsyfiles/converting_core.py&quot;, line 524, in _convert
    return self.conversion_method(desired_type, source_obj, logger, **opts)
  File &quot;/home/travis/build/smarie/python-parsyfiles/parsyfiles/plugins_base/support_for_primitive_types.py&quot;, line 84, in primitive_to_bool
    return bool(strtobool(source))
  File &quot;/opt/python/3.5.5/lib/python3.5/distutils/util.py&quot;, line 317, in strtobool
    raise ValueError(&quot;invalid truth value %r&quot; % (val,))
  ValueError : invalid truth value &apos;ganhp/aaaaaaaaau&apos;
(B)                                                                                                  |--b64pickle-float-1.0=True.txt -&gt; bool ------- using $&lt;read_str_from_txt&gt; =&gt; &lt;base64_ascii_str_pickle_to_object&gt; -&gt; &lt;float_to_bool&gt;$
Executing Parsing Plan for [/home/travis/build/smarie/python-parsyfiles/parsyfiles/tests/combining_parsers_converters/test_data/b64pickle-float-1.0=True]
(P) /home/travis/build/smarie/python-parsyfiles/parsyfiles/tests/combining_parsers_converters/test_data/b64pickle-float-1.0=True.txt -&gt; bool ------- using $&lt;read_str_from_txt&gt; =&gt; &lt;base64_ascii_str_pickle_to_object&gt; -&gt; &lt;float_to_bool&gt;$
(P)                                                                                                  |--b64pickle-float-1.0=True.txt -&gt; bool SUCCESS !
Completed parsing successfully

**** Starting to parse single object of type &lt;bool&gt; at location /home/travis/build/smarie/python-parsyfiles/parsyfiles/tests/combining_parsers_converters/test_data/b64pickle-float-1.0=True ****
Checking all files under [/home/travis/build/smarie/python-parsyfiles/parsyfiles/tests/combining_parsers_converters/test_data/b64pickle-float-1.0=True]
(C) /home/travis/build/smarie/python-parsyfiles/parsyfiles/tests/combining_parsers_converters/test_data/b64pickle-float-1.0=True (singlefile, .txt)
File checks done

Building a parsing plan to parse [/home/travis/build/smarie/python-parsyfiles/parsyfiles/tests/combining_parsers_converters/test_data/b64pickle-float-1.0=True] into a bool
(B) /home/travis/build/smarie/python-parsyfiles/parsyfiles/tests/combining_parsers_converters/test_data/b64pickle-float-1.0=True.txt -&gt; bool ------- using [Try &apos;$&lt;read_str_from_txt&gt; =&gt; &lt;str_to_bool&gt;$&apos; then &apos;$&lt;read_str_from_txt&gt; =&gt; &lt;base64_ascii_str_pickle_to_object&gt; -&gt; &lt;float_to_bool&gt;$&apos; then &apos;$&lt;read_str_from_txt&gt; =&gt; &lt;base64_ascii_str_pickle_to_object&gt; -&gt; &lt;int_to_bool&gt;$&apos; then &apos;$&lt;read_str_from_txt&gt; =&gt; &lt;base64_ascii_str_pickle_to_object&gt; -&gt; &lt;str_to_bool&gt;$&apos; then &apos;$&lt;read_str_from_txt&gt; =&gt; &lt;base64_ascii_str_pickle_to_object&gt;$]&apos;]
(B)                                                                                                  |--b64pickle-float-1.0=True.txt -&gt; bool ------- using $&lt;read_str_from_txt&gt; =&gt; &lt;str_to_bool&gt;$
Parsing Plan created successfully

Executing Parsing Plan for [/home/travis/build/smarie/python-parsyfiles/parsyfiles/tests/combining_parsers_converters/test_data/b64pickle-float-1.0=True]
(P) /home/travis/build/smarie/python-parsyfiles/parsyfiles/tests/combining_parsers_converters/test_data/b64pickle-float-1.0=True.txt -&gt; bool ------- using $&lt;read_str_from_txt&gt; =&gt; &lt;str_to_bool&gt;$
  !! Caught error during execution !!
  File &quot;/home/travis/build/smarie/python-parsyfiles/parsyfiles/converting_core.py&quot;, line 524, in _convert
    return self.conversion_method(desired_type, source_obj, logger, **opts)
  File &quot;/home/travis/build/smarie/python-parsyfiles/parsyfiles/plugins_base/support_for_primitive_types.py&quot;, line 84, in primitive_to_bool
    return bool(strtobool(source))
  File &quot;/opt/python/3.5.5/lib/python3.5/distutils/util.py&quot;, line 317, in strtobool
    raise ValueError(&quot;invalid truth value %r&quot; % (val,))
  ValueError : invalid truth value &apos;ganhp/aaaaaaaaau&apos;
(B)                                                                                                  |--b64pickle-float-1.0=True.txt -&gt; bool ------- using $&lt;read_str_from_txt&gt; =&gt; &lt;base64_ascii_str_pickle_to_object&gt; -&gt; &lt;float_to_bool&gt;$
Executing Parsing Plan for [/home/travis/build/smarie/python-parsyfiles/parsyfiles/tests/combining_parsers_converters/test_data/b64pickle-float-1.0=True]
(P) /home/travis/build/smarie/python-parsyfiles/parsyfiles/tests/combining_parsers_converters/test_data/b64pickle-float-1.0=True.txt -&gt; bool ------- using $&lt;read_str_from_txt&gt; =&gt; &lt;base64_ascii_str_pickle_to_object&gt; -&gt; &lt;float_to_bool&gt;$
(P)                                                                                                  |--b64pickle-float-1.0=True.txt -&gt; bool SUCCESS !
Completed parsing successfully

**** Starting to parse single object of type &lt;bool&gt; at location /home/travis/build/smarie/python-parsyfiles/parsyfiles/tests/combining_parsers_converters/test_data/b64pickle-float-1.0=True ****
Checking all files under [/home/travis/build/smarie/python-parsyfiles/parsyfiles/tests/combining_parsers_converters/test_data/b64pickle-float-1.0=True]
(C) /home/travis/build/smarie/python-parsyfiles/parsyfiles/tests/combining_parsers_converters/test_data/b64pickle-float-1.0=True (singlefile, .txt)
File checks done

Building a parsing plan to parse [/home/travis/build/smarie/python-parsyfiles/parsyfiles/tests/combining_parsers_converters/test_data/b64pickle-float-1.0=True] into a bool
(B) /home/travis/build/smarie/python-parsyfiles/parsyfiles/tests/combining_parsers_converters/test_data/b64pickle-float-1.0=True.txt -&gt; bool ------- using [Try &apos;$&lt;read_str_from_txt&gt; =&gt; &lt;str_to_bool&gt;$&apos; then &apos;$&lt;read_str_from_txt&gt; =&gt; &lt;base64_ascii_str_pickle_to_object&gt; -&gt; &lt;float_to_bool&gt;$&apos; then &apos;$&lt;read_str_from_txt&gt; =&gt; &lt;base64_ascii_str_pickle_to_object&gt; -&gt; &lt;int_to_bool&gt;$&apos; then &apos;$&lt;read_str_from_txt&gt; =&gt; &lt;base64_ascii_str_pickle_to_object&gt; -&gt; &lt;str_to_bool&gt;$&apos; then &apos;$&lt;read_str_from_txt&gt; =&gt; &lt;base64_ascii_str_pickle_to_object&gt;$]&apos;]
(B)                                                                                                  |--b64pickle-float-1.0=True.txt -&gt; bool ------- using $&lt;read_str_from_txt&gt; =&gt; &lt;str_to_bool&gt;$
Parsing Plan created successfully

Executing Parsing Plan for [/home/travis/build/smarie/python-parsyfiles/parsyfiles/tests/combining_parsers_converters/test_data/b64pickle-float-1.0=True]
(P) /home/travis/build/smarie/python-parsyfiles/parsyfiles/tests/combining_parsers_converters/test_data/b64pickle-float-1.0=True.txt -&gt; bool ------- using $&lt;read_str_from_txt&gt; =&gt; &lt;str_to_bool&gt;$
  !! Caught error during execution !!
  File &quot;/home/travis/build/smarie/python-parsyfiles/parsyfiles/converting_core.py&quot;, line 524, in _convert
    return self.conversion_method(desired_type, source_obj, logger, **opts)
  File &quot;/home/travis/build/smarie/python-parsyfiles/parsyfiles/plugins_base/support_for_primitive_types.py&quot;, line 84, in primitive_to_bool
    return bool(strtobool(source))
  File &quot;/opt/python/3.5.5/lib/python3.5/distutils/util.py&quot;, line 317, in strtobool
    raise ValueError(&quot;invalid truth value %r&quot; % (val,))
  ValueError : invalid truth value &apos;ganhp/aaaaaaaaau&apos;
(B)                                                                                                  |--b64pickle-float-1.0=True.txt -&gt; bool ------- using $&lt;read_str_from_txt&gt; =&gt; &lt;base64_ascii_str_pickle_to_object&gt; -&gt; &lt;float_to_bool&gt;$
Executing Parsing Plan for [/home/travis/build/smarie/python-parsyfiles/parsyfiles/tests/combining_parsers_converters/test_data/b64pickle-float-1.0=True]
(P) /home/travis/build/smarie/python-parsyfiles/parsyfiles/tests/combining_parsers_converters/test_data/b64pickle-float-1.0=True.txt -&gt; bool ------- using $&lt;read_str_from_txt&gt; =&gt; &lt;base64_ascii_str_pickle_to_object&gt; -&gt; &lt;float_to_bool&gt;$
(P)                                                                                                  |--b64pickle-float-1.0=True.txt -&gt; bool SUCCESS !
Completed parsing successfully

**** Starting to parse single object of type &lt;bool&gt; at location /home/travis/build/smarie/python-parsyfiles/parsyfiles/tests/combining_parsers_converters/test_data/b64pickle-float-1.0=True ****
Checking all files under [/home/travis/build/smarie/python-parsyfiles/parsyfiles/tests/combining_parsers_converters/test_data/b64pickle-float-1.0=True]
(C) /home/travis/build/smarie/python-parsyfiles/parsyfiles/tests/combining_parsers_converters/test_data/b64pickle-float-1.0=True (singlefile, .txt)
File checks done

Building a parsing plan to parse [/home/travis/build/smarie/python-parsyfiles/parsyfiles/tests/combining_parsers_converters/test_data/b64pickle-float-1.0=True] into a bool
(B) /home/travis/build/smarie/python-parsyfiles/parsyfiles/tests/combining_parsers_converters/test_data/b64pickle-float-1.0=True.txt -&gt; bool ------- using [Try &apos;$&lt;read_str_from_txt&gt; =&gt; &lt;str_to_bool&gt;$&apos; then &apos;$&lt;read_str_from_txt&gt; =&gt; &lt;base64_ascii_str_pickle_to_object&gt; -&gt; &lt;float_to_bool&gt;$&apos; then &apos;$&lt;read_str_from_txt&gt; =&gt; &lt;base64_ascii_str_pickle_to_object&gt; -&gt; &lt;int_to_bool&gt;$&apos; then &apos;$&lt;read_str_from_txt&gt; =&gt; &lt;base64_ascii_str_pickle_to_object&gt; -&gt; &lt;str_to_bool&gt;$&apos; then &apos;$&lt;read_str_from_txt&gt; =&gt; &lt;base64_ascii_str_pickle_to_object&gt;$]&apos;]
(B)                                                                                                  |--b64pickle-float-1.0=True.txt -&gt; bool ------- using $&lt;read_str_from_txt&gt; =&gt; &lt;str_to_bool&gt;$
Parsing Plan created successfully

Executing Parsing Plan for [/home/travis/build/smarie/python-parsyfiles/parsyfiles/tests/combining_parsers_converters/test_data/b64pickle-float-1.0=True]
(P) /home/travis/build/smarie/python-parsyfiles/parsyfiles/tests/combining_parsers_converters/test_data/b64pickle-float-1.0=True.txt -&gt; bool ------- using $&lt;read_str_from_txt&gt; =&gt; &lt;str_to_bool&gt;$
  !! Caught error during execution !!
  File &quot;/home/travis/build/smarie/python-parsyfiles/parsyfiles/converting_core.py&quot;, line 524, in _convert
    return self.conversion_method(desired_type, source_obj, logger, **opts)
  File &quot;/home/travis/build/smarie/python-parsyfiles/parsyfiles/plugins_base/support_for_primitive_types.py&quot;, line 84, in primitive_to_bool
    return bool(strtobool(source))
  File &quot;/opt/python/3.5.5/lib/python3.5/distutils/util.py&quot;, line 317, in strtobool
    raise ValueError(&quot;invalid truth value %r&quot; % (val,))
  ValueError : invalid truth value &apos;ganhp/aaaaaaaaau&apos;
(B)                                                                                                  |--b64pickle-float-1.0=True.txt -&gt; bool ------- using $&lt;read_str_from_txt&gt; =&gt; &lt;base64_ascii_str_pickle_to_object&gt; -&gt; &lt;float_to_bool&gt;$
Executing Parsing Plan for [/home/travis/build/smarie/python-parsyfiles/parsyfiles/tests/combining_parsers_converters/test_data/b64pickle-float-1.0=True]
(P) /home/travis/build/smarie/python-parsyfiles/parsyfiles/tests/combining_parsers_converters/test_data/b64pickle-float-1.0=True.txt -&gt; bool ------- using $&lt;read_str_from_txt&gt; =&gt; &lt;base64_ascii_str_pickle_to_object&gt; -&gt; &lt;float_to_bool&gt;$
(P)                                                                                                  |--b64pickle-float-1.0=True.txt -&gt; bool SUCCESS !
Completed parsing successfully

**** Starting to parse single object of type &lt;bool&gt; at location /home/travis/build/smarie/python-parsyfiles/parsyfiles/tests/combining_parsers_converters/test_data/b64pickle-float-1.0=True ****
Checking all files under [/home/travis/build/smarie/python-parsyfiles/parsyfiles/tests/combining_parsers_converters/test_data/b64pickle-float-1.0=True]
(C) /home/travis/build/smarie/python-parsyfiles/parsyfiles/tests/combining_parsers_converters/test_data/b64pickle-float-1.0=True (singlefile, .txt)
File checks done

Building a parsing plan to parse [/home/travis/build/smarie/python-parsyfiles/parsyfiles/tests/combining_parsers_converters/test_data/b64pickle-float-1.0=True] into a bool
(B) /home/travis/build/smarie/python-parsyfiles/parsyfiles/tests/combining_parsers_converters/test_data/b64pickle-float-1.0=True.txt -&gt; bool ------- using [Try &apos;$&lt;read_str_from_txt&gt; =&gt; &lt;str_to_bool&gt;$&apos; then &apos;$&lt;read_str_from_txt&gt; =&gt; &lt;base64_ascii_str_pickle_to_object&gt; -&gt; &lt;float_to_bool&gt;$&apos; then &apos;$&lt;read_str_from_txt&gt; =&gt; &lt;base64_ascii_str_pickle_to_object&gt; -&gt; &lt;int_to_bool&gt;$&apos; then &apos;$&lt;read_str_from_txt&gt; =&gt; &lt;base64_ascii_str_pickle_to_object&gt; -&gt; &lt;str_to_bool&gt;$&apos; then &apos;$&lt;read_str_from_txt&gt; =&gt; &lt;base64_ascii_str_pickle_to_object&gt;$]&apos;]
(B)                                                                                                  |--b64pickle-float-1.0=True.txt -&gt; bool ------- using $&lt;read_str_from_txt&gt; =&gt; &lt;str_to_bool&gt;$
Parsing Plan created successfully

Executing Parsing Plan for [/home/travis/build/smarie/python-parsyfiles/parsyfiles/tests/combining_parsers_converters/test_data/b64pickle-float-1.0=True]
(P) /home/travis/build/smarie/python-parsyfiles/parsyfiles/tests/combining_parsers_converters/test_data/b64pickle-float-1.0=True.txt -&gt; bool ------- using $&lt;read_str_from_txt&gt; =&gt; &lt;str_to_bool&gt;$
  !! Caught error during execution !!
  File &quot;/home/travis/build/smarie/python-parsyfiles/parsyfiles/converting_core.py&quot;, line 524, in _convert
    return self.conversion_method(desired_type, source_obj, logger, **opts)
  File &quot;/home/travis/build/smarie/python-parsyfiles/parsyfiles/plugins_base/support_for_primitive_types.py&quot;, line 84, in primitive_to_bool
    return bool(strtobool(source))
  File &quot;/opt/python/3.5.5/lib/python3.5/distutils/util.py&quot;, line 317, in strtobool
    raise ValueError(&quot;invalid truth value %r&quot; % (val,))
  ValueError : invalid truth value &apos;ganhp/aaaaaaaaau&apos;
(B)                                                                                                  |--b64pickle-float-1.0=True.txt -&gt; bool ------- using $&lt;read_str_from_txt&gt; =&gt; &lt;base64_ascii_str_pickle_to_object&gt; -&gt; &lt;float_to_bool&gt;$
Executing Parsing Plan for [/home/travis/build/smarie/python-parsyfiles/parsyfiles/tests/combining_parsers_converters/test_data/b64pickle-float-1.0=True]
(P) /home/travis/build/smarie/python-parsyfiles/parsyfiles/tests/combining_parsers_converters/test_data/b64pickle-float-1.0=True.txt -&gt; bool ------- using $&lt;read_str_from_txt&gt; =&gt; &lt;base64_ascii_str_pickle_to_object&gt; -&gt; &lt;float_to_bool&gt;$
(P)                                                                                                  |--b64pickle-float-1.0=True.txt -&gt; bool SUCCESS !
Completed parsing successfully

</system-out></testcase><testcase classname="parsyfiles.tests.combining_parsers_converters.test_default_instance_creation" file="parsyfiles/tests/combining_parsers_converters/test_default_instance_creation.py" line="44" name="test_create_default_instance_through_method" time="2.6372506618499756"><system-out>**** Starting to parse single object of type &lt;bool&gt; at location /home/travis/build/smarie/python-parsyfiles/parsyfiles/tests/combining_parsers_converters/test_data/b64pickle-float-1.0=True ****
Checking all files under [/home/travis/build/smarie/python-parsyfiles/parsyfiles/tests/combining_parsers_converters/test_data/b64pickle-float-1.0=True]
(C) /home/travis/build/smarie/python-parsyfiles/parsyfiles/tests/combining_parsers_converters/test_data/b64pickle-float-1.0=True (singlefile, .txt)
File checks done

Building a parsing plan to parse [/home/travis/build/smarie/python-parsyfiles/parsyfiles/tests/combining_parsers_converters/test_data/b64pickle-float-1.0=True] into a bool
(B) /home/travis/build/smarie/python-parsyfiles/parsyfiles/tests/combining_parsers_converters/test_data/b64pickle-float-1.0=True.txt -&gt; bool ------- using [Try &apos;$&lt;read_str_from_txt&gt; =&gt; &lt;str_to_bool&gt;$&apos; then &apos;$&lt;read_str_from_txt&gt; =&gt; &lt;base64_ascii_str_pickle_to_object&gt; -&gt; &lt;float_to_bool&gt;$&apos; then &apos;$&lt;read_str_from_txt&gt; =&gt; &lt;base64_ascii_str_pickle_to_object&gt; -&gt; &lt;int_to_bool&gt;$&apos; then &apos;$&lt;read_str_from_txt&gt; =&gt; &lt;base64_ascii_str_pickle_to_object&gt; -&gt; &lt;str_to_bool&gt;$&apos; then &apos;$&lt;read_str_from_txt&gt; =&gt; &lt;base64_ascii_str_pickle_to_object&gt;$]&apos;]
(B)                                                                                                  |--b64pickle-float-1.0=True.txt -&gt; bool ------- using $&lt;read_str_from_txt&gt; =&gt; &lt;str_to_bool&gt;$
Parsing Plan created successfully

Executing Parsing Plan for [/home/travis/build/smarie/python-parsyfiles/parsyfiles/tests/combining_parsers_converters/test_data/b64pickle-float-1.0=True]
(P) /home/travis/build/smarie/python-parsyfiles/parsyfiles/tests/combining_parsers_converters/test_data/b64pickle-float-1.0=True.txt -&gt; bool ------- using $&lt;read_str_from_txt&gt; =&gt; &lt;str_to_bool&gt;$
  !! Caught error during execution !!
  File &quot;/home/travis/build/smarie/python-parsyfiles/parsyfiles/converting_core.py&quot;, line 524, in _convert
    return self.conversion_method(desired_type, source_obj, logger, **opts)
  File &quot;/home/travis/build/smarie/python-parsyfiles/parsyfiles/plugins_base/support_for_primitive_types.py&quot;, line 84, in primitive_to_bool
    return bool(strtobool(source))
  File &quot;/opt/python/3.5.5/lib/python3.5/distutils/util.py&quot;, line 317, in strtobool
    raise ValueError(&quot;invalid truth value %r&quot; % (val,))
  ValueError : invalid truth value &apos;ganhp/aaaaaaaaau&apos;
(B)                                                                                                  |--b64pickle-float-1.0=True.txt -&gt; bool ------- using $&lt;read_str_from_txt&gt; =&gt; &lt;base64_ascii_str_pickle_to_object&gt; -&gt; &lt;float_to_bool&gt;$
Executing Parsing Plan for [/home/travis/build/smarie/python-parsyfiles/parsyfiles/tests/combining_parsers_converters/test_data/b64pickle-float-1.0=True]
(P) /home/travis/build/smarie/python-parsyfiles/parsyfiles/tests/combining_parsers_converters/test_data/b64pickle-float-1.0=True.txt -&gt; bool ------- using $&lt;read_str_from_txt&gt; =&gt; &lt;base64_ascii_str_pickle_to_object&gt; -&gt; &lt;float_to_bool&gt;$
(P)                                                                                                  |--b64pickle-float-1.0=True.txt -&gt; bool SUCCESS !
Completed parsing successfully

**** Starting to parse single object of type &lt;bool&gt; at location /home/travis/build/smarie/python-parsyfiles/parsyfiles/tests/combining_parsers_converters/test_data/b64pickle-float-1.0=True ****
Checking all files under [/home/travis/build/smarie/python-parsyfiles/parsyfiles/tests/combining_parsers_converters/test_data/b64pickle-float-1.0=True]
(C) /home/travis/build/smarie/python-parsyfiles/parsyfiles/tests/combining_parsers_converters/test_data/b64pickle-float-1.0=True (singlefile, .txt)
File checks done

Building a parsing plan to parse [/home/travis/build/smarie/python-parsyfiles/parsyfiles/tests/combining_parsers_converters/test_data/b64pickle-float-1.0=True] into a bool
(B) /home/travis/build/smarie/python-parsyfiles/parsyfiles/tests/combining_parsers_converters/test_data/b64pickle-float-1.0=True.txt -&gt; bool ------- using [Try &apos;$&lt;read_str_from_txt&gt; =&gt; &lt;str_to_bool&gt;$&apos; then &apos;$&lt;read_str_from_txt&gt; =&gt; &lt;base64_ascii_str_pickle_to_object&gt; -&gt; &lt;float_to_bool&gt;$&apos; then &apos;$&lt;read_str_from_txt&gt; =&gt; &lt;base64_ascii_str_pickle_to_object&gt; -&gt; &lt;int_to_bool&gt;$&apos; then &apos;$&lt;read_str_from_txt&gt; =&gt; &lt;base64_ascii_str_pickle_to_object&gt; -&gt; &lt;str_to_bool&gt;$&apos; then &apos;$&lt;read_str_from_txt&gt; =&gt; &lt;base64_ascii_str_pickle_to_object&gt;$]&apos;]
(B)                                                                                                  |--b64pickle-float-1.0=True.txt -&gt; bool ------- using $&lt;read_str_from_txt&gt; =&gt; &lt;str_to_bool&gt;$
Parsing Plan created successfully

Executing Parsing Plan for [/home/travis/build/smarie/python-parsyfiles/parsyfiles/tests/combining_parsers_converters/test_data/b64pickle-float-1.0=True]
(P) /home/travis/build/smarie/python-parsyfiles/parsyfiles/tests/combining_parsers_converters/test_data/b64pickle-float-1.0=True.txt -&gt; bool ------- using $&lt;read_str_from_txt&gt; =&gt; &lt;str_to_bool&gt;$
  !! Caught error during execution !!
  File &quot;/home/travis/build/smarie/python-parsyfiles/parsyfiles/converting_core.py&quot;, line 524, in _convert
    return self.conversion_method(desired_type, source_obj, logger, **opts)
  File &quot;/home/travis/build/smarie/python-parsyfiles/parsyfiles/plugins_base/support_for_primitive_types.py&quot;, line 84, in primitive_to_bool
    return bool(strtobool(source))
  File &quot;/opt/python/3.5.5/lib/python3.5/distutils/util.py&quot;, line 317, in strtobool
    raise ValueError(&quot;invalid truth value %r&quot; % (val,))
  ValueError : invalid truth value &apos;ganhp/aaaaaaaaau&apos;
(B)                                                                                                  |--b64pickle-float-1.0=True.txt -&gt; bool ------- using $&lt;read_str_from_txt&gt; =&gt; &lt;base64_ascii_str_pickle_to_object&gt; -&gt; &lt;float_to_bool&gt;$
Executing Parsing Plan for [/home/travis/build/smarie/python-parsyfiles/parsyfiles/tests/combining_parsers_converters/test_data/b64pickle-float-1.0=True]
(P) /home/travis/build/smarie/python-parsyfiles/parsyfiles/tests/combining_parsers_converters/test_data/b64pickle-float-1.0=True.txt -&gt; bool ------- using $&lt;read_str_from_txt&gt; =&gt; &lt;base64_ascii_str_pickle_to_object&gt; -&gt; &lt;float_to_bool&gt;$
(P)                                                                                                  |--b64pickle-float-1.0=True.txt -&gt; bool SUCCESS !
Completed parsing successfully

**** Starting to parse single object of type &lt;bool&gt; at location /home/travis/build/smarie/python-parsyfiles/parsyfiles/tests/combining_parsers_converters/test_data/b64pickle-float-1.0=True ****
Checking all files under [/home/travis/build/smarie/python-parsyfiles/parsyfiles/tests/combining_parsers_converters/test_data/b64pickle-float-1.0=True]
(C) /home/travis/build/smarie/python-parsyfiles/parsyfiles/tests/combining_parsers_converters/test_data/b64pickle-float-1.0=True (singlefile, .txt)
File checks done

Building a parsing plan to parse [/home/travis/build/smarie/python-parsyfiles/parsyfiles/tests/combining_parsers_converters/test_data/b64pickle-float-1.0=True] into a bool
(B) /home/travis/build/smarie/python-parsyfiles/parsyfiles/tests/combining_parsers_converters/test_data/b64pickle-float-1.0=True.txt -&gt; bool ------- using [Try &apos;$&lt;read_str_from_txt&gt; =&gt; &lt;str_to_bool&gt;$&apos; then &apos;$&lt;read_str_from_txt&gt; =&gt; &lt;base64_ascii_str_pickle_to_object&gt; -&gt; &lt;float_to_bool&gt;$&apos; then &apos;$&lt;read_str_from_txt&gt; =&gt; &lt;base64_ascii_str_pickle_to_object&gt; -&gt; &lt;int_to_bool&gt;$&apos; then &apos;$&lt;read_str_from_txt&gt; =&gt; &lt;base64_ascii_str_pickle_to_object&gt; -&gt; &lt;str_to_bool&gt;$&apos; then &apos;$&lt;read_str_from_txt&gt; =&gt; &lt;base64_ascii_str_pickle_to_object&gt;$]&apos;]
(B)                                                                                                  |--b64pickle-float-1.0=True.txt -&gt; bool ------- using $&lt;read_str_from_txt&gt; =&gt; &lt;str_to_bool&gt;$
Parsing Plan created successfully

Executing Parsing Plan for [/home/travis/build/smarie/python-parsyfiles/parsyfiles/tests/combining_parsers_converters/test_data/b64pickle-float-1.0=True]
(P) /home/travis/build/smarie/python-parsyfiles/parsyfiles/tests/combining_parsers_converters/test_data/b64pickle-float-1.0=True.txt -&gt; bool ------- using $&lt;read_str_from_txt&gt; =&gt; &lt;str_to_bool&gt;$
  !! Caught error during execution !!
  File &quot;/home/travis/build/smarie/python-parsyfiles/parsyfiles/converting_core.py&quot;, line 524, in _convert
    return self.conversion_method(desired_type, source_obj, logger, **opts)
  File &quot;/home/travis/build/smarie/python-parsyfiles/parsyfiles/plugins_base/support_for_primitive_types.py&quot;, line 84, in primitive_to_bool
    return bool(strtobool(source))
  File &quot;/opt/python/3.5.5/lib/python3.5/distutils/util.py&quot;, line 317, in strtobool
    raise ValueError(&quot;invalid truth value %r&quot; % (val,))
  ValueError : invalid truth value &apos;ganhp/aaaaaaaaau&apos;
(B)                                                                                                  |--b64pickle-float-1.0=True.txt -&gt; bool ------- using $&lt;read_str_from_txt&gt; =&gt; &lt;base64_ascii_str_pickle_to_object&gt; -&gt; &lt;float_to_bool&gt;$
Executing Parsing Plan for [/home/travis/build/smarie/python-parsyfiles/parsyfiles/tests/combining_parsers_converters/test_data/b64pickle-float-1.0=True]
(P) /home/travis/build/smarie/python-parsyfiles/parsyfiles/tests/combining_parsers_converters/test_data/b64pickle-float-1.0=True.txt -&gt; bool ------- using $&lt;read_str_from_txt&gt; =&gt; &lt;base64_ascii_str_pickle_to_object&gt; -&gt; &lt;float_to_bool&gt;$
(P)                                                                                                  |--b64pickle-float-1.0=True.txt -&gt; bool SUCCESS !
Completed parsing successfully

**** Starting to parse single object of type &lt;bool&gt; at location /home/travis/build/smarie/python-parsyfiles/parsyfiles/tests/combining_parsers_converters/test_data/b64pickle-float-1.0=True ****
Checking all files under [/home/travis/build/smarie/python-parsyfiles/parsyfiles/tests/combining_parsers_converters/test_data/b64pickle-float-1.0=True]
(C) /home/travis/build/smarie/python-parsyfiles/parsyfiles/tests/combining_parsers_converters/test_data/b64pickle-float-1.0=True (singlefile, .txt)
File checks done

Building a parsing plan to parse [/home/travis/build/smarie/python-parsyfiles/parsyfiles/tests/combining_parsers_converters/test_data/b64pickle-float-1.0=True] into a bool
(B) /home/travis/build/smarie/python-parsyfiles/parsyfiles/tests/combining_parsers_converters/test_data/b64pickle-float-1.0=True.txt -&gt; bool ------- using [Try &apos;$&lt;read_str_from_txt&gt; =&gt; &lt;str_to_bool&gt;$&apos; then &apos;$&lt;read_str_from_txt&gt; =&gt; &lt;base64_ascii_str_pickle_to_object&gt; -&gt; &lt;float_to_bool&gt;$&apos; then &apos;$&lt;read_str_from_txt&gt; =&gt; &lt;base64_ascii_str_pickle_to_object&gt; -&gt; &lt;int_to_bool&gt;$&apos; then &apos;$&lt;read_str_from_txt&gt; =&gt; &lt;base64_ascii_str_pickle_to_object&gt; -&gt; &lt;str_to_bool&gt;$&apos; then &apos;$&lt;read_str_from_txt&gt; =&gt; &lt;base64_ascii_str_pickle_to_object&gt;$]&apos;]
(B)                                                                                                  |--b64pickle-float-1.0=True.txt -&gt; bool ------- using $&lt;read_str_from_txt&gt; =&gt; &lt;str_to_bool&gt;$
Parsing Plan created successfully

Executing Parsing Plan for [/home/travis/build/smarie/python-parsyfiles/parsyfiles/tests/combining_parsers_converters/test_data/b64pickle-float-1.0=True]
(P) /home/travis/build/smarie/python-parsyfiles/parsyfiles/tests/combining_parsers_converters/test_data/b64pickle-float-1.0=True.txt -&gt; bool ------- using $&lt;read_str_from_txt&gt; =&gt; &lt;str_to_bool&gt;$
  !! Caught error during execution !!
  File &quot;/home/travis/build/smarie/python-parsyfiles/parsyfiles/converting_core.py&quot;, line 524, in _convert
    return self.conversion_method(desired_type, source_obj, logger, **opts)
  File &quot;/home/travis/build/smarie/python-parsyfiles/parsyfiles/plugins_base/support_for_primitive_types.py&quot;, line 84, in primitive_to_bool
    return bool(strtobool(source))
  File &quot;/opt/python/3.5.5/lib/python3.5/distutils/util.py&quot;, line 317, in strtobool
    raise ValueError(&quot;invalid truth value %r&quot; % (val,))
  ValueError : invalid truth value &apos;ganhp/aaaaaaaaau&apos;
(B)                                                                                                  |--b64pickle-float-1.0=True.txt -&gt; bool ------- using $&lt;read_str_from_txt&gt; =&gt; &lt;base64_ascii_str_pickle_to_object&gt; -&gt; &lt;float_to_bool&gt;$
Executing Parsing Plan for [/home/travis/build/smarie/python-parsyfiles/parsyfiles/tests/combining_parsers_converters/test_data/b64pickle-float-1.0=True]
(P) /home/travis/build/smarie/python-parsyfiles/parsyfiles/tests/combining_parsers_converters/test_data/b64pickle-float-1.0=True.txt -&gt; bool ------- using $&lt;read_str_from_txt&gt; =&gt; &lt;base64_ascii_str_pickle_to_object&gt; -&gt; &lt;float_to_bool&gt;$
(P)                                                                                                  |--b64pickle-float-1.0=True.txt -&gt; bool SUCCESS !
Completed parsing successfully

**** Starting to parse single object of type &lt;bool&gt; at location /home/travis/build/smarie/python-parsyfiles/parsyfiles/tests/combining_parsers_converters/test_data/b64pickle-float-1.0=True ****
Checking all files under [/home/travis/build/smarie/python-parsyfiles/parsyfiles/tests/combining_parsers_converters/test_data/b64pickle-float-1.0=True]
(C) /home/travis/build/smarie/python-parsyfiles/parsyfiles/tests/combining_parsers_converters/test_data/b64pickle-float-1.0=True (singlefile, .txt)
File checks done

Building a parsing plan to parse [/home/travis/build/smarie/python-parsyfiles/parsyfiles/tests/combining_parsers_converters/test_data/b64pickle-float-1.0=True] into a bool
(B) /home/travis/build/smarie/python-parsyfiles/parsyfiles/tests/combining_parsers_converters/test_data/b64pickle-float-1.0=True.txt -&gt; bool ------- using [Try &apos;$&lt;read_str_from_txt&gt; =&gt; &lt;str_to_bool&gt;$&apos; then &apos;$&lt;read_str_from_txt&gt; =&gt; &lt;base64_ascii_str_pickle_to_object&gt; -&gt; &lt;float_to_bool&gt;$&apos; then &apos;$&lt;read_str_from_txt&gt; =&gt; &lt;base64_ascii_str_pickle_to_object&gt; -&gt; &lt;int_to_bool&gt;$&apos; then &apos;$&lt;read_str_from_txt&gt; =&gt; &lt;base64_ascii_str_pickle_to_object&gt; -&gt; &lt;str_to_bool&gt;$&apos; then &apos;$&lt;read_str_from_txt&gt; =&gt; &lt;base64_ascii_str_pickle_to_object&gt;$]&apos;]
(B)                                                                                                  |--b64pickle-float-1.0=True.txt -&gt; bool ------- using $&lt;read_str_from_txt&gt; =&gt; &lt;str_to_bool&gt;$
Parsing Plan created successfully

Executing Parsing Plan for [/home/travis/build/smarie/python-parsyfiles/parsyfiles/tests/combining_parsers_converters/test_data/b64pickle-float-1.0=True]
(P) /home/travis/build/smarie/python-parsyfiles/parsyfiles/tests/combining_parsers_converters/test_data/b64pickle-float-1.0=True.txt -&gt; bool ------- using $&lt;read_str_from_txt&gt; =&gt; &lt;str_to_bool&gt;$
  !! Caught error during execution !!
  File &quot;/home/travis/build/smarie/python-parsyfiles/parsyfiles/converting_core.py&quot;, line 524, in _convert
    return self.conversion_method(desired_type, source_obj, logger, **opts)
  File &quot;/home/travis/build/smarie/python-parsyfiles/parsyfiles/plugins_base/support_for_primitive_types.py&quot;, line 84, in primitive_to_bool
    return bool(strtobool(source))
  File &quot;/opt/python/3.5.5/lib/python3.5/distutils/util.py&quot;, line 317, in strtobool
    raise ValueError(&quot;invalid truth value %r&quot; % (val,))
  ValueError : invalid truth value &apos;ganhp/aaaaaaaaau&apos;
(B)                                                                                                  |--b64pickle-float-1.0=True.txt -&gt; bool ------- using $&lt;read_str_from_txt&gt; =&gt; &lt;base64_ascii_str_pickle_to_object&gt; -&gt; &lt;float_to_bool&gt;$
Executing Parsing Plan for [/home/travis/build/smarie/python-parsyfiles/parsyfiles/tests/combining_parsers_converters/test_data/b64pickle-float-1.0=True]
(P) /home/travis/build/smarie/python-parsyfiles/parsyfiles/tests/combining_parsers_converters/test_data/b64pickle-float-1.0=True.txt -&gt; bool ------- using $&lt;read_str_from_txt&gt; =&gt; &lt;base64_ascii_str_pickle_to_object&gt; -&gt; &lt;float_to_bool&gt;$
(P)                                                                                                  |--b64pickle-float-1.0=True.txt -&gt; bool SUCCESS !
Completed parsing successfully

**** Starting to parse single object of type &lt;bool&gt; at location /home/travis/build/smarie/python-parsyfiles/parsyfiles/tests/combining_parsers_converters/test_data/b64pickle-float-1.0=True ****
Checking all files under [/home/travis/build/smarie/python-parsyfiles/parsyfiles/tests/combining_parsers_converters/test_data/b64pickle-float-1.0=True]
(C) /home/travis/build/smarie/python-parsyfiles/parsyfiles/tests/combining_parsers_converters/test_data/b64pickle-float-1.0=True (singlefile, .txt)
File checks done

Building a parsing plan to parse [/home/travis/build/smarie/python-parsyfiles/parsyfiles/tests/combining_parsers_converters/test_data/b64pickle-float-1.0=True] into a bool
(B) /home/travis/build/smarie/python-parsyfiles/parsyfiles/tests/combining_parsers_converters/test_data/b64pickle-float-1.0=True.txt -&gt; bool ------- using [Try &apos;$&lt;read_str_from_txt&gt; =&gt; &lt;str_to_bool&gt;$&apos; then &apos;$&lt;read_str_from_txt&gt; =&gt; &lt;base64_ascii_str_pickle_to_object&gt; -&gt; &lt;float_to_bool&gt;$&apos; then &apos;$&lt;read_str_from_txt&gt; =&gt; &lt;base64_ascii_str_pickle_to_object&gt; -&gt; &lt;int_to_bool&gt;$&apos; then &apos;$&lt;read_str_from_txt&gt; =&gt; &lt;base64_ascii_str_pickle_to_object&gt; -&gt; &lt;str_to_bool&gt;$&apos; then &apos;$&lt;read_str_from_txt&gt; =&gt; &lt;base64_ascii_str_pickle_to_object&gt;$]&apos;]
(B)                                                                                                  |--b64pickle-float-1.0=True.txt -&gt; bool ------- using $&lt;read_str_from_txt&gt; =&gt; &lt;str_to_bool&gt;$
Parsing Plan created successfully

Executing Parsing Plan for [/home/travis/build/smarie/python-parsyfiles/parsyfiles/tests/combining_parsers_converters/test_data/b64pickle-float-1.0=True]
(P) /home/travis/build/smarie/python-parsyfiles/parsyfiles/tests/combining_parsers_converters/test_data/b64pickle-float-1.0=True.txt -&gt; bool ------- using $&lt;read_str_from_txt&gt; =&gt; &lt;str_to_bool&gt;$
  !! Caught error during execution !!
  File &quot;/home/travis/build/smarie/python-parsyfiles/parsyfiles/converting_core.py&quot;, line 524, in _convert
    return self.conversion_method(desired_type, source_obj, logger, **opts)
  File &quot;/home/travis/build/smarie/python-parsyfiles/parsyfiles/plugins_base/support_for_primitive_types.py&quot;, line 84, in primitive_to_bool
    return bool(strtobool(source))
  File &quot;/opt/python/3.5.5/lib/python3.5/distutils/util.py&quot;, line 317, in strtobool
    raise ValueError(&quot;invalid truth value %r&quot; % (val,))
  ValueError : invalid truth value &apos;ganhp/aaaaaaaaau&apos;
(B)                                                                                                  |--b64pickle-float-1.0=True.txt -&gt; bool ------- using $&lt;read_str_from_txt&gt; =&gt; &lt;base64_ascii_str_pickle_to_object&gt; -&gt; &lt;float_to_bool&gt;$
Executing Parsing Plan for [/home/travis/build/smarie/python-parsyfiles/parsyfiles/tests/combining_parsers_converters/test_data/b64pickle-float-1.0=True]
(P) /home/travis/build/smarie/python-parsyfiles/parsyfiles/tests/combining_parsers_converters/test_data/b64pickle-float-1.0=True.txt -&gt; bool ------- using $&lt;read_str_from_txt&gt; =&gt; &lt;base64_ascii_str_pickle_to_object&gt; -&gt; &lt;float_to_bool&gt;$
(P)                                                                                                  |--b64pickle-float-1.0=True.txt -&gt; bool SUCCESS !
Completed parsing successfully

**** Starting to parse single object of type &lt;bool&gt; at location /home/travis/build/smarie/python-parsyfiles/parsyfiles/tests/combining_parsers_converters/test_data/b64pickle-float-1.0=True ****
Checking all files under [/home/travis/build/smarie/python-parsyfiles/parsyfiles/tests/combining_parsers_converters/test_data/b64pickle-float-1.0=True]
(C) /home/travis/build/smarie/python-parsyfiles/parsyfiles/tests/combining_parsers_converters/test_data/b64pickle-float-1.0=True (singlefile, .txt)
File checks done

Building a parsing plan to parse [/home/travis/build/smarie/python-parsyfiles/parsyfiles/tests/combining_parsers_converters/test_data/b64pickle-float-1.0=True] into a bool
(B) /home/travis/build/smarie/python-parsyfiles/parsyfiles/tests/combining_parsers_converters/test_data/b64pickle-float-1.0=True.txt -&gt; bool ------- using [Try &apos;$&lt;read_str_from_txt&gt; =&gt; &lt;str_to_bool&gt;$&apos; then &apos;$&lt;read_str_from_txt&gt; =&gt; &lt;base64_ascii_str_pickle_to_object&gt; -&gt; &lt;float_to_bool&gt;$&apos; then &apos;$&lt;read_str_from_txt&gt; =&gt; &lt;base64_ascii_str_pickle_to_object&gt; -&gt; &lt;int_to_bool&gt;$&apos; then &apos;$&lt;read_str_from_txt&gt; =&gt; &lt;base64_ascii_str_pickle_to_object&gt; -&gt; &lt;str_to_bool&gt;$&apos; then &apos;$&lt;read_str_from_txt&gt; =&gt; &lt;base64_ascii_str_pickle_to_object&gt;$]&apos;]
(B)                                                                                                  |--b64pickle-float-1.0=True.txt -&gt; bool ------- using $&lt;read_str_from_txt&gt; =&gt; &lt;str_to_bool&gt;$
Parsing Plan created successfully

Executing Parsing Plan for [/home/travis/build/smarie/python-parsyfiles/parsyfiles/tests/combining_parsers_converters/test_data/b64pickle-float-1.0=True]
(P) /home/travis/build/smarie/python-parsyfiles/parsyfiles/tests/combining_parsers_converters/test_data/b64pickle-float-1.0=True.txt -&gt; bool ------- using $&lt;read_str_from_txt&gt; =&gt; &lt;str_to_bool&gt;$
  !! Caught error during execution !!
  File &quot;/home/travis/build/smarie/python-parsyfiles/parsyfiles/converting_core.py&quot;, line 524, in _convert
    return self.conversion_method(desired_type, source_obj, logger, **opts)
  File &quot;/home/travis/build/smarie/python-parsyfiles/parsyfiles/plugins_base/support_for_primitive_types.py&quot;, line 84, in primitive_to_bool
    return bool(strtobool(source))
  File &quot;/opt/python/3.5.5/lib/python3.5/distutils/util.py&quot;, line 317, in strtobool
    raise ValueError(&quot;invalid truth value %r&quot; % (val,))
  ValueError : invalid truth value &apos;ganhp/aaaaaaaaau&apos;
(B)                                                                                                  |--b64pickle-float-1.0=True.txt -&gt; bool ------- using $&lt;read_str_from_txt&gt; =&gt; &lt;base64_ascii_str_pickle_to_object&gt; -&gt; &lt;float_to_bool&gt;$
Executing Parsing Plan for [/home/travis/build/smarie/python-parsyfiles/parsyfiles/tests/combining_parsers_converters/test_data/b64pickle-float-1.0=True]
(P) /home/travis/build/smarie/python-parsyfiles/parsyfiles/tests/combining_parsers_converters/test_data/b64pickle-float-1.0=True.txt -&gt; bool ------- using $&lt;read_str_from_txt&gt; =&gt; &lt;base64_ascii_str_pickle_to_object&gt; -&gt; &lt;float_to_bool&gt;$
(P)                                                                                                  |--b64pickle-float-1.0=True.txt -&gt; bool SUCCESS !
Completed parsing successfully

**** Starting to parse single object of type &lt;bool&gt; at location /home/travis/build/smarie/python-parsyfiles/parsyfiles/tests/combining_parsers_converters/test_data/b64pickle-float-1.0=True ****
Checking all files under [/home/travis/build/smarie/python-parsyfiles/parsyfiles/tests/combining_parsers_converters/test_data/b64pickle-float-1.0=True]
(C) /home/travis/build/smarie/python-parsyfiles/parsyfiles/tests/combining_parsers_converters/test_data/b64pickle-float-1.0=True (singlefile, .txt)
File checks done

Building a parsing plan to parse [/home/travis/build/smarie/python-parsyfiles/parsyfiles/tests/combining_parsers_converters/test_data/b64pickle-float-1.0=True] into a bool
(B) /home/travis/build/smarie/python-parsyfiles/parsyfiles/tests/combining_parsers_converters/test_data/b64pickle-float-1.0=True.txt -&gt; bool ------- using [Try &apos;$&lt;read_str_from_txt&gt; =&gt; &lt;str_to_bool&gt;$&apos; then &apos;$&lt;read_str_from_txt&gt; =&gt; &lt;base64_ascii_str_pickle_to_object&gt; -&gt; &lt;float_to_bool&gt;$&apos; then &apos;$&lt;read_str_from_txt&gt; =&gt; &lt;base64_ascii_str_pickle_to_object&gt; -&gt; &lt;int_to_bool&gt;$&apos; then &apos;$&lt;read_str_from_txt&gt; =&gt; &lt;base64_ascii_str_pickle_to_object&gt; -&gt; &lt;str_to_bool&gt;$&apos; then &apos;$&lt;read_str_from_txt&gt; =&gt; &lt;base64_ascii_str_pickle_to_object&gt;$]&apos;]
(B)                                                                                                  |--b64pickle-float-1.0=True.txt -&gt; bool ------- using $&lt;read_str_from_txt&gt; =&gt; &lt;str_to_bool&gt;$
Parsing Plan created successfully

Executing Parsing Plan for [/home/travis/build/smarie/python-parsyfiles/parsyfiles/tests/combining_parsers_converters/test_data/b64pickle-float-1.0=True]
(P) /home/travis/build/smarie/python-parsyfiles/parsyfiles/tests/combining_parsers_converters/test_data/b64pickle-float-1.0=True.txt -&gt; bool ------- using $&lt;read_str_from_txt&gt; =&gt; &lt;str_to_bool&gt;$
  !! Caught error during execution !!
  File &quot;/home/travis/build/smarie/python-parsyfiles/parsyfiles/converting_core.py&quot;, line 524, in _convert
    return self.conversion_method(desired_type, source_obj, logger, **opts)
  File &quot;/home/travis/build/smarie/python-parsyfiles/parsyfiles/plugins_base/support_for_primitive_types.py&quot;, line 84, in primitive_to_bool
    return bool(strtobool(source))
  File &quot;/opt/python/3.5.5/lib/python3.5/distutils/util.py&quot;, line 317, in strtobool
    raise ValueError(&quot;invalid truth value %r&quot; % (val,))
  ValueError : invalid truth value &apos;ganhp/aaaaaaaaau&apos;
(B)                                                                                                  |--b64pickle-float-1.0=True.txt -&gt; bool ------- using $&lt;read_str_from_txt&gt; =&gt; &lt;base64_ascii_str_pickle_to_object&gt; -&gt; &lt;float_to_bool&gt;$
Executing Parsing Plan for [/home/travis/build/smarie/python-parsyfiles/parsyfiles/tests/combining_parsers_converters/test_data/b64pickle-float-1.0=True]
(P) /home/travis/build/smarie/python-parsyfiles/parsyfiles/tests/combining_parsers_converters/test_data/b64pickle-float-1.0=True.txt -&gt; bool ------- using $&lt;read_str_from_txt&gt; =&gt; &lt;base64_ascii_str_pickle_to_object&gt; -&gt; &lt;float_to_bool&gt;$
(P)                                                                                                  |--b64pickle-float-1.0=True.txt -&gt; bool SUCCESS !
Completed parsing successfully

**** Starting to parse single object of type &lt;bool&gt; at location /home/travis/build/smarie/python-parsyfiles/parsyfiles/tests/combining_parsers_converters/test_data/b64pickle-float-1.0=True ****
Checking all files under [/home/travis/build/smarie/python-parsyfiles/parsyfiles/tests/combining_parsers_converters/test_data/b64pickle-float-1.0=True]
(C) /home/travis/build/smarie/python-parsyfiles/parsyfiles/tests/combining_parsers_converters/test_data/b64pickle-float-1.0=True (singlefile, .txt)
File checks done

Building a parsing plan to parse [/home/travis/build/smarie/python-parsyfiles/parsyfiles/tests/combining_parsers_converters/test_data/b64pickle-float-1.0=True] into a bool
(B) /home/travis/build/smarie/python-parsyfiles/parsyfiles/tests/combining_parsers_converters/test_data/b64pickle-float-1.0=True.txt -&gt; bool ------- using [Try &apos;$&lt;read_str_from_txt&gt; =&gt; &lt;str_to_bool&gt;$&apos; then &apos;$&lt;read_str_from_txt&gt; =&gt; &lt;base64_ascii_str_pickle_to_object&gt; -&gt; &lt;float_to_bool&gt;$&apos; then &apos;$&lt;read_str_from_txt&gt; =&gt; &lt;base64_ascii_str_pickle_to_object&gt; -&gt; &lt;int_to_bool&gt;$&apos; then &apos;$&lt;read_str_from_txt&gt; =&gt; &lt;base64_ascii_str_pickle_to_object&gt; -&gt; &lt;str_to_bool&gt;$&apos; then &apos;$&lt;read_str_from_txt&gt; =&gt; &lt;base64_ascii_str_pickle_to_object&gt;$]&apos;]
(B)                                                                                                  |--b64pickle-float-1.0=True.txt -&gt; bool ------- using $&lt;read_str_from_txt&gt; =&gt; &lt;str_to_bool&gt;$
Parsing Plan created successfully

Executing Parsing Plan for [/home/travis/build/smarie/python-parsyfiles/parsyfiles/tests/combining_parsers_converters/test_data/b64pickle-float-1.0=True]
(P) /home/travis/build/smarie/python-parsyfiles/parsyfiles/tests/combining_parsers_converters/test_data/b64pickle-float-1.0=True.txt -&gt; bool ------- using $&lt;read_str_from_txt&gt; =&gt; &lt;str_to_bool&gt;$
  !! Caught error during execution !!
  File &quot;/home/travis/build/smarie/python-parsyfiles/parsyfiles/converting_core.py&quot;, line 524, in _convert
    return self.conversion_method(desired_type, source_obj, logger, **opts)
  File &quot;/home/travis/build/smarie/python-parsyfiles/parsyfiles/plugins_base/support_for_primitive_types.py&quot;, line 84, in primitive_to_bool
    return bool(strtobool(source))
  File &quot;/opt/python/3.5.5/lib/python3.5/distutils/util.py&quot;, line 317, in strtobool
    raise ValueError(&quot;invalid truth value %r&quot; % (val,))
  ValueError : invalid truth value &apos;ganhp/aaaaaaaaau&apos;
(B)                                                                                                  |--b64pickle-float-1.0=True.txt -&gt; bool ------- using $&lt;read_str_from_txt&gt; =&gt; &lt;base64_ascii_str_pickle_to_object&gt; -&gt; &lt;float_to_bool&gt;$
Executing Parsing Plan for [/home/travis/build/smarie/python-parsyfiles/parsyfiles/tests/combining_parsers_converters/test_data/b64pickle-float-1.0=True]
(P) /home/travis/build/smarie/python-parsyfiles/parsyfiles/tests/combining_parsers_converters/test_data/b64pickle-float-1.0=True.txt -&gt; bool ------- using $&lt;read_str_from_txt&gt; =&gt; &lt;base64_ascii_str_pickle_to_object&gt; -&gt; &lt;float_to_bool&gt;$
(P)                                                                                                  |--b64pickle-float-1.0=True.txt -&gt; bool SUCCESS !
Completed parsing successfully

**** Starting to parse single object of type &lt;bool&gt; at location /home/travis/build/smarie/python-parsyfiles/parsyfiles/tests/combining_parsers_converters/test_data/b64pickle-float-1.0=True ****
Checking all files under [/home/travis/build/smarie/python-parsyfiles/parsyfiles/tests/combining_parsers_converters/test_data/b64pickle-float-1.0=True]
(C) /home/travis/build/smarie/python-parsyfiles/parsyfiles/tests/combining_parsers_converters/test_data/b64pickle-float-1.0=True (singlefile, .txt)
File checks done

Building a parsing plan to parse [/home/travis/build/smarie/python-parsyfiles/parsyfiles/tests/combining_parsers_converters/test_data/b64pickle-float-1.0=True] into a bool
(B) /home/travis/build/smarie/python-parsyfiles/parsyfiles/tests/combining_parsers_converters/test_data/b64pickle-float-1.0=True.txt -&gt; bool ------- using [Try &apos;$&lt;read_str_from_txt&gt; =&gt; &lt;str_to_bool&gt;$&apos; then &apos;$&lt;read_str_from_txt&gt; =&gt; &lt;base64_ascii_str_pickle_to_object&gt; -&gt; &lt;float_to_bool&gt;$&apos; then &apos;$&lt;read_str_from_txt&gt; =&gt; &lt;base64_ascii_str_pickle_to_object&gt; -&gt; &lt;int_to_bool&gt;$&apos; then &apos;$&lt;read_str_from_txt&gt; =&gt; &lt;base64_ascii_str_pickle_to_object&gt; -&gt; &lt;str_to_bool&gt;$&apos; then &apos;$&lt;read_str_from_txt&gt; =&gt; &lt;base64_ascii_str_pickle_to_object&gt;$]&apos;]
(B)                                                                                                  |--b64pickle-float-1.0=True.txt -&gt; bool ------- using $&lt;read_str_from_txt&gt; =&gt; &lt;str_to_bool&gt;$
Parsing Plan created successfully

Executing Parsing Plan for [/home/travis/build/smarie/python-parsyfiles/parsyfiles/tests/combining_parsers_converters/test_data/b64pickle-float-1.0=True]
(P) /home/travis/build/smarie/python-parsyfiles/parsyfiles/tests/combining_parsers_converters/test_data/b64pickle-float-1.0=True.txt -&gt; bool ------- using $&lt;read_str_from_txt&gt; =&gt; &lt;str_to_bool&gt;$
  !! Caught error during execution !!
  File &quot;/home/travis/build/smarie/python-parsyfiles/parsyfiles/converting_core.py&quot;, line 524, in _convert
    return self.conversion_method(desired_type, source_obj, logger, **opts)
  File &quot;/home/travis/build/smarie/python-parsyfiles/parsyfiles/plugins_base/support_for_primitive_types.py&quot;, line 84, in primitive_to_bool
    return bool(strtobool(source))
  File &quot;/opt/python/3.5.5/lib/python3.5/distutils/util.py&quot;, line 317, in strtobool
    raise ValueError(&quot;invalid truth value %r&quot; % (val,))
  ValueError : invalid truth value &apos;ganhp/aaaaaaaaau&apos;
(B)                                                                                                  |--b64pickle-float-1.0=True.txt -&gt; bool ------- using $&lt;read_str_from_txt&gt; =&gt; &lt;base64_ascii_str_pickle_to_object&gt; -&gt; &lt;float_to_bool&gt;$
Executing Parsing Plan for [/home/travis/build/smarie/python-parsyfiles/parsyfiles/tests/combining_parsers_converters/test_data/b64pickle-float-1.0=True]
(P) /home/travis/build/smarie/python-parsyfiles/parsyfiles/tests/combining_parsers_converters/test_data/b64pickle-float-1.0=True.txt -&gt; bool ------- using $&lt;read_str_from_txt&gt; =&gt; &lt;base64_ascii_str_pickle_to_object&gt; -&gt; &lt;float_to_bool&gt;$
(P)                                                                                                  |--b64pickle-float-1.0=True.txt -&gt; bool SUCCESS !
Completed parsing successfully

**** Starting to parse single object of type &lt;bool&gt; at location /home/travis/build/smarie/python-parsyfiles/parsyfiles/tests/combining_parsers_converters/test_data/b64pickle-float-1.0=True ****
Checking all files under [/home/travis/build/smarie/python-parsyfiles/parsyfiles/tests/combining_parsers_converters/test_data/b64pickle-float-1.0=True]
(C) /home/travis/build/smarie/python-parsyfiles/parsyfiles/tests/combining_parsers_converters/test_data/b64pickle-float-1.0=True (singlefile, .txt)
File checks done

Building a parsing plan to parse [/home/travis/build/smarie/python-parsyfiles/parsyfiles/tests/combining_parsers_converters/test_data/b64pickle-float-1.0=True] into a bool
(B) /home/travis/build/smarie/python-parsyfiles/parsyfiles/tests/combining_parsers_converters/test_data/b64pickle-float-1.0=True.txt -&gt; bool ------- using [Try &apos;$&lt;read_str_from_txt&gt; =&gt; &lt;str_to_bool&gt;$&apos; then &apos;$&lt;read_str_from_txt&gt; =&gt; &lt;base64_ascii_str_pickle_to_object&gt; -&gt; &lt;float_to_bool&gt;$&apos; then &apos;$&lt;read_str_from_txt&gt; =&gt; &lt;base64_ascii_str_pickle_to_object&gt; -&gt; &lt;int_to_bool&gt;$&apos; then &apos;$&lt;read_str_from_txt&gt; =&gt; &lt;base64_ascii_str_pickle_to_object&gt; -&gt; &lt;str_to_bool&gt;$&apos; then &apos;$&lt;read_str_from_txt&gt; =&gt; &lt;base64_ascii_str_pickle_to_object&gt;$]&apos;]
(B)                                                                                                  |--b64pickle-float-1.0=True.txt -&gt; bool ------- using $&lt;read_str_from_txt&gt; =&gt; &lt;str_to_bool&gt;$
Parsing Plan created successfully

Executing Parsing Plan for [/home/travis/build/smarie/python-parsyfiles/parsyfiles/tests/combining_parsers_converters/test_data/b64pickle-float-1.0=True]
(P) /home/travis/build/smarie/python-parsyfiles/parsyfiles/tests/combining_parsers_converters/test_data/b64pickle-float-1.0=True.txt -&gt; bool ------- using $&lt;read_str_from_txt&gt; =&gt; &lt;str_to_bool&gt;$
  !! Caught error during execution !!
  File &quot;/home/travis/build/smarie/python-parsyfiles/parsyfiles/converting_core.py&quot;, line 524, in _convert
    return self.conversion_method(desired_type, source_obj, logger, **opts)
  File &quot;/home/travis/build/smarie/python-parsyfiles/parsyfiles/plugins_base/support_for_primitive_types.py&quot;, line 84, in primitive_to_bool
    return bool(strtobool(source))
  File &quot;/opt/python/3.5.5/lib/python3.5/distutils/util.py&quot;, line 317, in strtobool
    raise ValueError(&quot;invalid truth value %r&quot; % (val,))
  ValueError : invalid truth value &apos;ganhp/aaaaaaaaau&apos;
(B)                                                                                                  |--b64pickle-float-1.0=True.txt -&gt; bool ------- using $&lt;read_str_from_txt&gt; =&gt; &lt;base64_ascii_str_pickle_to_object&gt; -&gt; &lt;float_to_bool&gt;$
Executing Parsing Plan for [/home/travis/build/smarie/python-parsyfiles/parsyfiles/tests/combining_parsers_converters/test_data/b64pickle-float-1.0=True]
(P) /home/travis/build/smarie/python-parsyfiles/parsyfiles/tests/combining_parsers_converters/test_data/b64pickle-float-1.0=True.txt -&gt; bool ------- using $&lt;read_str_from_txt&gt; =&gt; &lt;base64_ascii_str_pickle_to_object&gt; -&gt; &lt;float_to_bool&gt;$
(P)                                                                                                  |--b64pickle-float-1.0=True.txt -&gt; bool SUCCESS !
Completed parsing successfully

**** Starting to parse single object of type &lt;bool&gt; at location /home/travis/build/smarie/python-parsyfiles/parsyfiles/tests/combining_parsers_converters/test_data/b64pickle-float-1.0=True ****
Checking all files under [/home/travis/build/smarie/python-parsyfiles/parsyfiles/tests/combining_parsers_converters/test_data/b64pickle-float-1.0=True]
(C) /home/travis/build/smarie/python-parsyfiles/parsyfiles/tests/combining_parsers_converters/test_data/b64pickle-float-1.0=True (singlefile, .txt)
File checks done

Building a parsing plan to parse [/home/travis/build/smarie/python-parsyfiles/parsyfiles/tests/combining_parsers_converters/test_data/b64pickle-float-1.0=True] into a bool
(B) /home/travis/build/smarie/python-parsyfiles/parsyfiles/tests/combining_parsers_converters/test_data/b64pickle-float-1.0=True.txt -&gt; bool ------- using [Try &apos;$&lt;read_str_from_txt&gt; =&gt; &lt;str_to_bool&gt;$&apos; then &apos;$&lt;read_str_from_txt&gt; =&gt; &lt;base64_ascii_str_pickle_to_object&gt; -&gt; &lt;float_to_bool&gt;$&apos; then &apos;$&lt;read_str_from_txt&gt; =&gt; &lt;base64_ascii_str_pickle_to_object&gt; -&gt; &lt;int_to_bool&gt;$&apos; then &apos;$&lt;read_str_from_txt&gt; =&gt; &lt;base64_ascii_str_pickle_to_object&gt; -&gt; &lt;str_to_bool&gt;$&apos; then &apos;$&lt;read_str_from_txt&gt; =&gt; &lt;base64_ascii_str_pickle_to_object&gt;$]&apos;]
(B)                                                                                                  |--b64pickle-float-1.0=True.txt -&gt; bool ------- using $&lt;read_str_from_txt&gt; =&gt; &lt;str_to_bool&gt;$
Parsing Plan created successfully

Executing Parsing Plan for [/home/travis/build/smarie/python-parsyfiles/parsyfiles/tests/combining_parsers_converters/test_data/b64pickle-float-1.0=True]
(P) /home/travis/build/smarie/python-parsyfiles/parsyfiles/tests/combining_parsers_converters/test_data/b64pickle-float-1.0=True.txt -&gt; bool ------- using $&lt;read_str_from_txt&gt; =&gt; &lt;str_to_bool&gt;$
  !! Caught error during execution !!
  File &quot;/home/travis/build/smarie/python-parsyfiles/parsyfiles/converting_core.py&quot;, line 524, in _convert
    return self.conversion_method(desired_type, source_obj, logger, **opts)
  File &quot;/home/travis/build/smarie/python-parsyfiles/parsyfiles/plugins_base/support_for_primitive_types.py&quot;, line 84, in primitive_to_bool
    return bool(strtobool(source))
  File &quot;/opt/python/3.5.5/lib/python3.5/distutils/util.py&quot;, line 317, in strtobool
    raise ValueError(&quot;invalid truth value %r&quot; % (val,))
  ValueError : invalid truth value &apos;ganhp/aaaaaaaaau&apos;
(B)                                                                                                  |--b64pickle-float-1.0=True.txt -&gt; bool ------- using $&lt;read_str_from_txt&gt; =&gt; &lt;base64_ascii_str_pickle_to_object&gt; -&gt; &lt;float_to_bool&gt;$
Executing Parsing Plan for [/home/travis/build/smarie/python-parsyfiles/parsyfiles/tests/combining_parsers_converters/test_data/b64pickle-float-1.0=True]
(P) /home/travis/build/smarie/python-parsyfiles/parsyfiles/tests/combining_parsers_converters/test_data/b64pickle-float-1.0=True.txt -&gt; bool ------- using $&lt;read_str_from_txt&gt; =&gt; &lt;base64_ascii_str_pickle_to_object&gt; -&gt; &lt;float_to_bool&gt;$
(P)                                                                                                  |--b64pickle-float-1.0=True.txt -&gt; bool SUCCESS !
Completed parsing successfully

**** Starting to parse single object of type &lt;bool&gt; at location /home/travis/build/smarie/python-parsyfiles/parsyfiles/tests/combining_parsers_converters/test_data/b64pickle-float-1.0=True ****
Checking all files under [/home/travis/build/smarie/python-parsyfiles/parsyfiles/tests/combining_parsers_converters/test_data/b64pickle-float-1.0=True]
(C) /home/travis/build/smarie/python-parsyfiles/parsyfiles/tests/combining_parsers_converters/test_data/b64pickle-float-1.0=True (singlefile, .txt)
File checks done

Building a parsing plan to parse [/home/travis/build/smarie/python-parsyfiles/parsyfiles/tests/combining_parsers_converters/test_data/b64pickle-float-1.0=True] into a bool
(B) /home/travis/build/smarie/python-parsyfiles/parsyfiles/tests/combining_parsers_converters/test_data/b64pickle-float-1.0=True.txt -&gt; bool ------- using [Try &apos;$&lt;read_str_from_txt&gt; =&gt; &lt;str_to_bool&gt;$&apos; then &apos;$&lt;read_str_from_txt&gt; =&gt; &lt;base64_ascii_str_pickle_to_object&gt; -&gt; &lt;float_to_bool&gt;$&apos; then &apos;$&lt;read_str_from_txt&gt; =&gt; &lt;base64_ascii_str_pickle_to_object&gt; -&gt; &lt;int_to_bool&gt;$&apos; then &apos;$&lt;read_str_from_txt&gt; =&gt; &lt;base64_ascii_str_pickle_to_object&gt; -&gt; &lt;str_to_bool&gt;$&apos; then &apos;$&lt;read_str_from_txt&gt; =&gt; &lt;base64_ascii_str_pickle_to_object&gt;$]&apos;]
(B)                                                                                                  |--b64pickle-float-1.0=True.txt -&gt; bool ------- using $&lt;read_str_from_txt&gt; =&gt; &lt;str_to_bool&gt;$
Parsing Plan created successfully

Executing Parsing Plan for [/home/travis/build/smarie/python-parsyfiles/parsyfiles/tests/combining_parsers_converters/test_data/b64pickle-float-1.0=True]
(P) /home/travis/build/smarie/python-parsyfiles/parsyfiles/tests/combining_parsers_converters/test_data/b64pickle-float-1.0=True.txt -&gt; bool ------- using $&lt;read_str_from_txt&gt; =&gt; &lt;str_to_bool&gt;$
  !! Caught error during execution !!
  File &quot;/home/travis/build/smarie/python-parsyfiles/parsyfiles/converting_core.py&quot;, line 524, in _convert
    return self.conversion_method(desired_type, source_obj, logger, **opts)
  File &quot;/home/travis/build/smarie/python-parsyfiles/parsyfiles/plugins_base/support_for_primitive_types.py&quot;, line 84, in primitive_to_bool
    return bool(strtobool(source))
  File &quot;/opt/python/3.5.5/lib/python3.5/distutils/util.py&quot;, line 317, in strtobool
    raise ValueError(&quot;invalid truth value %r&quot; % (val,))
  ValueError : invalid truth value &apos;ganhp/aaaaaaaaau&apos;
(B)                                                                                                  |--b64pickle-float-1.0=True.txt -&gt; bool ------- using $&lt;read_str_from_txt&gt; =&gt; &lt;base64_ascii_str_pickle_to_object&gt; -&gt; &lt;float_to_bool&gt;$
Executing Parsing Plan for [/home/travis/build/smarie/python-parsyfiles/parsyfiles/tests/combining_parsers_converters/test_data/b64pickle-float-1.0=True]
(P) /home/travis/build/smarie/python-parsyfiles/parsyfiles/tests/combining_parsers_converters/test_data/b64pickle-float-1.0=True.txt -&gt; bool ------- using $&lt;read_str_from_txt&gt; =&gt; &lt;base64_ascii_str_pickle_to_object&gt; -&gt; &lt;float_to_bool&gt;$
(P)                                                                                                  |--b64pickle-float-1.0=True.txt -&gt; bool SUCCESS !
Completed parsing successfully

**** Starting to parse single object of type &lt;bool&gt; at location /home/travis/build/smarie/python-parsyfiles/parsyfiles/tests/combining_parsers_converters/test_data/b64pickle-float-1.0=True ****
Checking all files under [/home/travis/build/smarie/python-parsyfiles/parsyfiles/tests/combining_parsers_converters/test_data/b64pickle-float-1.0=True]
(C) /home/travis/build/smarie/python-parsyfiles/parsyfiles/tests/combining_parsers_converters/test_data/b64pickle-float-1.0=True (singlefile, .txt)
File checks done

Building a parsing plan to parse [/home/travis/build/smarie/python-parsyfiles/parsyfiles/tests/combining_parsers_converters/test_data/b64pickle-float-1.0=True] into a bool
(B) /home/travis/build/smarie/python-parsyfiles/parsyfiles/tests/combining_parsers_converters/test_data/b64pickle-float-1.0=True.txt -&gt; bool ------- using [Try &apos;$&lt;read_str_from_txt&gt; =&gt; &lt;str_to_bool&gt;$&apos; then &apos;$&lt;read_str_from_txt&gt; =&gt; &lt;base64_ascii_str_pickle_to_object&gt; -&gt; &lt;float_to_bool&gt;$&apos; then &apos;$&lt;read_str_from_txt&gt; =&gt; &lt;base64_ascii_str_pickle_to_object&gt; -&gt; &lt;int_to_bool&gt;$&apos; then &apos;$&lt;read_str_from_txt&gt; =&gt; &lt;base64_ascii_str_pickle_to_object&gt; -&gt; &lt;str_to_bool&gt;$&apos; then &apos;$&lt;read_str_from_txt&gt; =&gt; &lt;base64_ascii_str_pickle_to_object&gt;$]&apos;]
(B)                                                                                                  |--b64pickle-float-1.0=True.txt -&gt; bool ------- using $&lt;read_str_from_txt&gt; =&gt; &lt;str_to_bool&gt;$
Parsing Plan created successfully

Executing Parsing Plan for [/home/travis/build/smarie/python-parsyfiles/parsyfiles/tests/combining_parsers_converters/test_data/b64pickle-float-1.0=True]
(P) /home/travis/build/smarie/python-parsyfiles/parsyfiles/tests/combining_parsers_converters/test_data/b64pickle-float-1.0=True.txt -&gt; bool ------- using $&lt;read_str_from_txt&gt; =&gt; &lt;str_to_bool&gt;$
  !! Caught error during execution !!
  File &quot;/home/travis/build/smarie/python-parsyfiles/parsyfiles/converting_core.py&quot;, line 524, in _convert
    return self.conversion_method(desired_type, source_obj, logger, **opts)
  File &quot;/home/travis/build/smarie/python-parsyfiles/parsyfiles/plugins_base/support_for_primitive_types.py&quot;, line 84, in primitive_to_bool
    return bool(strtobool(source))
  File &quot;/opt/python/3.5.5/lib/python3.5/distutils/util.py&quot;, line 317, in strtobool
    raise ValueError(&quot;invalid truth value %r&quot; % (val,))
  ValueError : invalid truth value &apos;ganhp/aaaaaaaaau&apos;
(B)                                                                                                  |--b64pickle-float-1.0=True.txt -&gt; bool ------- using $&lt;read_str_from_txt&gt; =&gt; &lt;base64_ascii_str_pickle_to_object&gt; -&gt; &lt;float_to_bool&gt;$
Executing Parsing Plan for [/home/travis/build/smarie/python-parsyfiles/parsyfiles/tests/combining_parsers_converters/test_data/b64pickle-float-1.0=True]
(P) /home/travis/build/smarie/python-parsyfiles/parsyfiles/tests/combining_parsers_converters/test_data/b64pickle-float-1.0=True.txt -&gt; bool ------- using $&lt;read_str_from_txt&gt; =&gt; &lt;base64_ascii_str_pickle_to_object&gt; -&gt; &lt;float_to_bool&gt;$
(P)                                                                                                  |--b64pickle-float-1.0=True.txt -&gt; bool SUCCESS !
Completed parsing successfully

**** Starting to parse single object of type &lt;bool&gt; at location /home/travis/build/smarie/python-parsyfiles/parsyfiles/tests/combining_parsers_converters/test_data/b64pickle-float-1.0=True ****
Checking all files under [/home/travis/build/smarie/python-parsyfiles/parsyfiles/tests/combining_parsers_converters/test_data/b64pickle-float-1.0=True]
(C) /home/travis/build/smarie/python-parsyfiles/parsyfiles/tests/combining_parsers_converters/test_data/b64pickle-float-1.0=True (singlefile, .txt)
File checks done

Building a parsing plan to parse [/home/travis/build/smarie/python-parsyfiles/parsyfiles/tests/combining_parsers_converters/test_data/b64pickle-float-1.0=True] into a bool
(B) /home/travis/build/smarie/python-parsyfiles/parsyfiles/tests/combining_parsers_converters/test_data/b64pickle-float-1.0=True.txt -&gt; bool ------- using [Try &apos;$&lt;read_str_from_txt&gt; =&gt; &lt;str_to_bool&gt;$&apos; then &apos;$&lt;read_str_from_txt&gt; =&gt; &lt;base64_ascii_str_pickle_to_object&gt; -&gt; &lt;float_to_bool&gt;$&apos; then &apos;$&lt;read_str_from_txt&gt; =&gt; &lt;base64_ascii_str_pickle_to_object&gt; -&gt; &lt;int_to_bool&gt;$&apos; then &apos;$&lt;read_str_from_txt&gt; =&gt; &lt;base64_ascii_str_pickle_to_object&gt; -&gt; &lt;str_to_bool&gt;$&apos; then &apos;$&lt;read_str_from_txt&gt; =&gt; &lt;base64_ascii_str_pickle_to_object&gt;$]&apos;]
(B)                                                                                                  |--b64pickle-float-1.0=True.txt -&gt; bool ------- using $&lt;read_str_from_txt&gt; =&gt; &lt;str_to_bool&gt;$
Parsing Plan created successfully

Executing Parsing Plan for [/home/travis/build/smarie/python-parsyfiles/parsyfiles/tests/combining_parsers_converters/test_data/b64pickle-float-1.0=True]
(P) /home/travis/build/smarie/python-parsyfiles/parsyfiles/tests/combining_parsers_converters/test_data/b64pickle-float-1.0=True.txt -&gt; bool ------- using $&lt;read_str_from_txt&gt; =&gt; &lt;str_to_bool&gt;$
  !! Caught error during execution !!
  File &quot;/home/travis/build/smarie/python-parsyfiles/parsyfiles/converting_core.py&quot;, line 524, in _convert
    return self.conversion_method(desired_type, source_obj, logger, **opts)
  File &quot;/home/travis/build/smarie/python-parsyfiles/parsyfiles/plugins_base/support_for_primitive_types.py&quot;, line 84, in primitive_to_bool
    return bool(strtobool(source))
  File &quot;/opt/python/3.5.5/lib/python3.5/distutils/util.py&quot;, line 317, in strtobool
    raise ValueError(&quot;invalid truth value %r&quot; % (val,))
  ValueError : invalid truth value &apos;ganhp/aaaaaaaaau&apos;
(B)                                                                                                  |--b64pickle-float-1.0=True.txt -&gt; bool ------- using $&lt;read_str_from_txt&gt; =&gt; &lt;base64_ascii_str_pickle_to_object&gt; -&gt; &lt;float_to_bool&gt;$
Executing Parsing Plan for [/home/travis/build/smarie/python-parsyfiles/parsyfiles/tests/combining_parsers_converters/test_data/b64pickle-float-1.0=True]
(P) /home/travis/build/smarie/python-parsyfiles/parsyfiles/tests/combining_parsers_converters/test_data/b64pickle-float-1.0=True.txt -&gt; bool ------- using $&lt;read_str_from_txt&gt; =&gt; &lt;base64_ascii_str_pickle_to_object&gt; -&gt; &lt;float_to_bool&gt;$
(P)                                                                                                  |--b64pickle-float-1.0=True.txt -&gt; bool SUCCESS !
Completed parsing successfully

**** Starting to parse single object of type &lt;bool&gt; at location /home/travis/build/smarie/python-parsyfiles/parsyfiles/tests/combining_parsers_converters/test_data/b64pickle-float-1.0=True ****
Checking all files under [/home/travis/build/smarie/python-parsyfiles/parsyfiles/tests/combining_parsers_converters/test_data/b64pickle-float-1.0=True]
(C) /home/travis/build/smarie/python-parsyfiles/parsyfiles/tests/combining_parsers_converters/test_data/b64pickle-float-1.0=True (singlefile, .txt)
File checks done

Building a parsing plan to parse [/home/travis/build/smarie/python-parsyfiles/parsyfiles/tests/combining_parsers_converters/test_data/b64pickle-float-1.0=True] into a bool
(B) /home/travis/build/smarie/python-parsyfiles/parsyfiles/tests/combining_parsers_converters/test_data/b64pickle-float-1.0=True.txt -&gt; bool ------- using [Try &apos;$&lt;read_str_from_txt&gt; =&gt; &lt;str_to_bool&gt;$&apos; then &apos;$&lt;read_str_from_txt&gt; =&gt; &lt;base64_ascii_str_pickle_to_object&gt; -&gt; &lt;float_to_bool&gt;$&apos; then &apos;$&lt;read_str_from_txt&gt; =&gt; &lt;base64_ascii_str_pickle_to_object&gt; -&gt; &lt;int_to_bool&gt;$&apos; then &apos;$&lt;read_str_from_txt&gt; =&gt; &lt;base64_ascii_str_pickle_to_object&gt; -&gt; &lt;str_to_bool&gt;$&apos; then &apos;$&lt;read_str_from_txt&gt; =&gt; &lt;base64_ascii_str_pickle_to_object&gt;$]&apos;]
(B)                                                                                                  |--b64pickle-float-1.0=True.txt -&gt; bool ------- using $&lt;read_str_from_txt&gt; =&gt; &lt;str_to_bool&gt;$
Parsing Plan created successfully

Executing Parsing Plan for [/home/travis/build/smarie/python-parsyfiles/parsyfiles/tests/combining_parsers_converters/test_data/b64pickle-float-1.0=True]
(P) /home/travis/build/smarie/python-parsyfiles/parsyfiles/tests/combining_parsers_converters/test_data/b64pickle-float-1.0=True.txt -&gt; bool ------- using $&lt;read_str_from_txt&gt; =&gt; &lt;str_to_bool&gt;$
  !! Caught error during execution !!
  File &quot;/home/travis/build/smarie/python-parsyfiles/parsyfiles/converting_core.py&quot;, line 524, in _convert
    return self.conversion_method(desired_type, source_obj, logger, **opts)
  File &quot;/home/travis/build/smarie/python-parsyfiles/parsyfiles/plugins_base/support_for_primitive_types.py&quot;, line 84, in primitive_to_bool
    return bool(strtobool(source))
  File &quot;/opt/python/3.5.5/lib/python3.5/distutils/util.py&quot;, line 317, in strtobool
    raise ValueError(&quot;invalid truth value %r&quot; % (val,))
  ValueError : invalid truth value &apos;ganhp/aaaaaaaaau&apos;
(B)                                                                                                  |--b64pickle-float-1.0=True.txt -&gt; bool ------- using $&lt;read_str_from_txt&gt; =&gt; &lt;base64_ascii_str_pickle_to_object&gt; -&gt; &lt;float_to_bool&gt;$
Executing Parsing Plan for [/home/travis/build/smarie/python-parsyfiles/parsyfiles/tests/combining_parsers_converters/test_data/b64pickle-float-1.0=True]
(P) /home/travis/build/smarie/python-parsyfiles/parsyfiles/tests/combining_parsers_converters/test_data/b64pickle-float-1.0=True.txt -&gt; bool ------- using $&lt;read_str_from_txt&gt; =&gt; &lt;base64_ascii_str_pickle_to_object&gt; -&gt; &lt;float_to_bool&gt;$
(P)                                                                                                  |--b64pickle-float-1.0=True.txt -&gt; bool SUCCESS !
Completed parsing successfully

**** Starting to parse single object of type &lt;bool&gt; at location /home/travis/build/smarie/python-parsyfiles/parsyfiles/tests/combining_parsers_converters/test_data/b64pickle-float-1.0=True ****
Checking all files under [/home/travis/build/smarie/python-parsyfiles/parsyfiles/tests/combining_parsers_converters/test_data/b64pickle-float-1.0=True]
(C) /home/travis/build/smarie/python-parsyfiles/parsyfiles/tests/combining_parsers_converters/test_data/b64pickle-float-1.0=True (singlefile, .txt)
File checks done

Building a parsing plan to parse [/home/travis/build/smarie/python-parsyfiles/parsyfiles/tests/combining_parsers_converters/test_data/b64pickle-float-1.0=True] into a bool
(B) /home/travis/build/smarie/python-parsyfiles/parsyfiles/tests/combining_parsers_converters/test_data/b64pickle-float-1.0=True.txt -&gt; bool ------- using [Try &apos;$&lt;read_str_from_txt&gt; =&gt; &lt;str_to_bool&gt;$&apos; then &apos;$&lt;read_str_from_txt&gt; =&gt; &lt;base64_ascii_str_pickle_to_object&gt; -&gt; &lt;float_to_bool&gt;$&apos; then &apos;$&lt;read_str_from_txt&gt; =&gt; &lt;base64_ascii_str_pickle_to_object&gt; -&gt; &lt;int_to_bool&gt;$&apos; then &apos;$&lt;read_str_from_txt&gt; =&gt; &lt;base64_ascii_str_pickle_to_object&gt; -&gt; &lt;str_to_bool&gt;$&apos; then &apos;$&lt;read_str_from_txt&gt; =&gt; &lt;base64_ascii_str_pickle_to_object&gt;$]&apos;]
(B)                                                                                                  |--b64pickle-float-1.0=True.txt -&gt; bool ------- using $&lt;read_str_from_txt&gt; =&gt; &lt;str_to_bool&gt;$
Parsing Plan created successfully

Executing Parsing Plan for [/home/travis/build/smarie/python-parsyfiles/parsyfiles/tests/combining_parsers_converters/test_data/b64pickle-float-1.0=True]
(P) /home/travis/build/smarie/python-parsyfiles/parsyfiles/tests/combining_parsers_converters/test_data/b64pickle-float-1.0=True.txt -&gt; bool ------- using $&lt;read_str_from_txt&gt; =&gt; &lt;str_to_bool&gt;$
  !! Caught error during execution !!
  File &quot;/home/travis/build/smarie/python-parsyfiles/parsyfiles/converting_core.py&quot;, line 524, in _convert
    return self.conversion_method(desired_type, source_obj, logger, **opts)
  File &quot;/home/travis/build/smarie/python-parsyfiles/parsyfiles/plugins_base/support_for_primitive_types.py&quot;, line 84, in primitive_to_bool
    return bool(strtobool(source))
  File &quot;/opt/python/3.5.5/lib/python3.5/distutils/util.py&quot;, line 317, in strtobool
    raise ValueError(&quot;invalid truth value %r&quot; % (val,))
  ValueError : invalid truth value &apos;ganhp/aaaaaaaaau&apos;
(B)                                                                                                  |--b64pickle-float-1.0=True.txt -&gt; bool ------- using $&lt;read_str_from_txt&gt; =&gt; &lt;base64_ascii_str_pickle_to_object&gt; -&gt; &lt;float_to_bool&gt;$
Executing Parsing Plan for [/home/travis/build/smarie/python-parsyfiles/parsyfiles/tests/combining_parsers_converters/test_data/b64pickle-float-1.0=True]
(P) /home/travis/build/smarie/python-parsyfiles/parsyfiles/tests/combining_parsers_converters/test_data/b64pickle-float-1.0=True.txt -&gt; bool ------- using $&lt;read_str_from_txt&gt; =&gt; &lt;base64_ascii_str_pickle_to_object&gt; -&gt; &lt;float_to_bool&gt;$
(P)                                                                                                  |--b64pickle-float-1.0=True.txt -&gt; bool SUCCESS !
Completed parsing successfully

**** Starting to parse single object of type &lt;bool&gt; at location /home/travis/build/smarie/python-parsyfiles/parsyfiles/tests/combining_parsers_converters/test_data/b64pickle-float-1.0=True ****
Checking all files under [/home/travis/build/smarie/python-parsyfiles/parsyfiles/tests/combining_parsers_converters/test_data/b64pickle-float-1.0=True]
(C) /home/travis/build/smarie/python-parsyfiles/parsyfiles/tests/combining_parsers_converters/test_data/b64pickle-float-1.0=True (singlefile, .txt)
File checks done

Building a parsing plan to parse [/home/travis/build/smarie/python-parsyfiles/parsyfiles/tests/combining_parsers_converters/test_data/b64pickle-float-1.0=True] into a bool
(B) /home/travis/build/smarie/python-parsyfiles/parsyfiles/tests/combining_parsers_converters/test_data/b64pickle-float-1.0=True.txt -&gt; bool ------- using [Try &apos;$&lt;read_str_from_txt&gt; =&gt; &lt;str_to_bool&gt;$&apos; then &apos;$&lt;read_str_from_txt&gt; =&gt; &lt;base64_ascii_str_pickle_to_object&gt; -&gt; &lt;float_to_bool&gt;$&apos; then &apos;$&lt;read_str_from_txt&gt; =&gt; &lt;base64_ascii_str_pickle_to_object&gt; -&gt; &lt;int_to_bool&gt;$&apos; then &apos;$&lt;read_str_from_txt&gt; =&gt; &lt;base64_ascii_str_pickle_to_object&gt; -&gt; &lt;str_to_bool&gt;$&apos; then &apos;$&lt;read_str_from_txt&gt; =&gt; &lt;base64_ascii_str_pickle_to_object&gt;$]&apos;]
(B)                                                                                                  |--b64pickle-float-1.0=True.txt -&gt; bool ------- using $&lt;read_str_from_txt&gt; =&gt; &lt;str_to_bool&gt;$
Parsing Plan created successfully

Executing Parsing Plan for [/home/travis/build/smarie/python-parsyfiles/parsyfiles/tests/combining_parsers_converters/test_data/b64pickle-float-1.0=True]
(P) /home/travis/build/smarie/python-parsyfiles/parsyfiles/tests/combining_parsers_converters/test_data/b64pickle-float-1.0=True.txt -&gt; bool ------- using $&lt;read_str_from_txt&gt; =&gt; &lt;str_to_bool&gt;$
  !! Caught error during execution !!
  File &quot;/home/travis/build/smarie/python-parsyfiles/parsyfiles/converting_core.py&quot;, line 524, in _convert
    return self.conversion_method(desired_type, source_obj, logger, **opts)
  File &quot;/home/travis/build/smarie/python-parsyfiles/parsyfiles/plugins_base/support_for_primitive_types.py&quot;, line 84, in primitive_to_bool
    return bool(strtobool(source))
  File &quot;/opt/python/3.5.5/lib/python3.5/distutils/util.py&quot;, line 317, in strtobool
    raise ValueError(&quot;invalid truth value %r&quot; % (val,))
  ValueError : invalid truth value &apos;ganhp/aaaaaaaaau&apos;
(B)                                                                                                  |--b64pickle-float-1.0=True.txt -&gt; bool ------- using $&lt;read_str_from_txt&gt; =&gt; &lt;base64_ascii_str_pickle_to_object&gt; -&gt; &lt;float_to_bool&gt;$
Executing Parsing Plan for [/home/travis/build/smarie/python-parsyfiles/parsyfiles/tests/combining_parsers_converters/test_data/b64pickle-float-1.0=True]
(P) /home/travis/build/smarie/python-parsyfiles/parsyfiles/tests/combining_parsers_converters/test_data/b64pickle-float-1.0=True.txt -&gt; bool ------- using $&lt;read_str_from_txt&gt; =&gt; &lt;base64_ascii_str_pickle_to_object&gt; -&gt; &lt;float_to_bool&gt;$
(P)                                                                                                  |--b64pickle-float-1.0=True.txt -&gt; bool SUCCESS !
Completed parsing successfully

**** Starting to parse single object of type &lt;bool&gt; at location /home/travis/build/smarie/python-parsyfiles/parsyfiles/tests/combining_parsers_converters/test_data/b64pickle-float-1.0=True ****
Checking all files under [/home/travis/build/smarie/python-parsyfiles/parsyfiles/tests/combining_parsers_converters/test_data/b64pickle-float-1.0=True]
(C) /home/travis/build/smarie/python-parsyfiles/parsyfiles/tests/combining_parsers_converters/test_data/b64pickle-float-1.0=True (singlefile, .txt)
File checks done

Building a parsing plan to parse [/home/travis/build/smarie/python-parsyfiles/parsyfiles/tests/combining_parsers_converters/test_data/b64pickle-float-1.0=True] into a bool
(B) /home/travis/build/smarie/python-parsyfiles/parsyfiles/tests/combining_parsers_converters/test_data/b64pickle-float-1.0=True.txt -&gt; bool ------- using [Try &apos;$&lt;read_str_from_txt&gt; =&gt; &lt;str_to_bool&gt;$&apos; then &apos;$&lt;read_str_from_txt&gt; =&gt; &lt;base64_ascii_str_pickle_to_object&gt; -&gt; &lt;float_to_bool&gt;$&apos; then &apos;$&lt;read_str_from_txt&gt; =&gt; &lt;base64_ascii_str_pickle_to_object&gt; -&gt; &lt;int_to_bool&gt;$&apos; then &apos;$&lt;read_str_from_txt&gt; =&gt; &lt;base64_ascii_str_pickle_to_object&gt; -&gt; &lt;str_to_bool&gt;$&apos; then &apos;$&lt;read_str_from_txt&gt; =&gt; &lt;base64_ascii_str_pickle_to_object&gt;$]&apos;]
(B)                                                                                                  |--b64pickle-float-1.0=True.txt -&gt; bool ------- using $&lt;read_str_from_txt&gt; =&gt; &lt;str_to_bool&gt;$
Parsing Plan created successfully

Executing Parsing Plan for [/home/travis/build/smarie/python-parsyfiles/parsyfiles/tests/combining_parsers_converters/test_data/b64pickle-float-1.0=True]
(P) /home/travis/build/smarie/python-parsyfiles/parsyfiles/tests/combining_parsers_converters/test_data/b64pickle-float-1.0=True.txt -&gt; bool ------- using $&lt;read_str_from_txt&gt; =&gt; &lt;str_to_bool&gt;$
  !! Caught error during execution !!
  File &quot;/home/travis/build/smarie/python-parsyfiles/parsyfiles/converting_core.py&quot;, line 524, in _convert
    return self.conversion_method(desired_type, source_obj, logger, **opts)
  File &quot;/home/travis/build/smarie/python-parsyfiles/parsyfiles/plugins_base/support_for_primitive_types.py&quot;, line 84, in primitive_to_bool
    return bool(strtobool(source))
  File &quot;/opt/python/3.5.5/lib/python3.5/distutils/util.py&quot;, line 317, in strtobool
    raise ValueError(&quot;invalid truth value %r&quot; % (val,))
  ValueError : invalid truth value &apos;ganhp/aaaaaaaaau&apos;
(B)                                                                                                  |--b64pickle-float-1.0=True.txt -&gt; bool ------- using $&lt;read_str_from_txt&gt; =&gt; &lt;base64_ascii_str_pickle_to_object&gt; -&gt; &lt;float_to_bool&gt;$
Executing Parsing Plan for [/home/travis/build/smarie/python-parsyfiles/parsyfiles/tests/combining_parsers_converters/test_data/b64pickle-float-1.0=True]
(P) /home/travis/build/smarie/python-parsyfiles/parsyfiles/tests/combining_parsers_converters/test_data/b64pickle-float-1.0=True.txt -&gt; bool ------- using $&lt;read_str_from_txt&gt; =&gt; &lt;base64_ascii_str_pickle_to_object&gt; -&gt; &lt;float_to_bool&gt;$
(P)                                                                                                  |--b64pickle-float-1.0=True.txt -&gt; bool SUCCESS !
Completed parsing successfully

**** Starting to parse single object of type &lt;bool&gt; at location /home/travis/build/smarie/python-parsyfiles/parsyfiles/tests/combining_parsers_converters/test_data/b64pickle-float-1.0=True ****
Checking all files under [/home/travis/build/smarie/python-parsyfiles/parsyfiles/tests/combining_parsers_converters/test_data/b64pickle-float-1.0=True]
(C) /home/travis/build/smarie/python-parsyfiles/parsyfiles/tests/combining_parsers_converters/test_data/b64pickle-float-1.0=True (singlefile, .txt)
File checks done

Building a parsing plan to parse [/home/travis/build/smarie/python-parsyfiles/parsyfiles/tests/combining_parsers_converters/test_data/b64pickle-float-1.0=True] into a bool
(B) /home/travis/build/smarie/python-parsyfiles/parsyfiles/tests/combining_parsers_converters/test_data/b64pickle-float-1.0=True.txt -&gt; bool ------- using [Try &apos;$&lt;read_str_from_txt&gt; =&gt; &lt;str_to_bool&gt;$&apos; then &apos;$&lt;read_str_from_txt&gt; =&gt; &lt;base64_ascii_str_pickle_to_object&gt; -&gt; &lt;float_to_bool&gt;$&apos; then &apos;$&lt;read_str_from_txt&gt; =&gt; &lt;base64_ascii_str_pickle_to_object&gt; -&gt; &lt;int_to_bool&gt;$&apos; then &apos;$&lt;read_str_from_txt&gt; =&gt; &lt;base64_ascii_str_pickle_to_object&gt; -&gt; &lt;str_to_bool&gt;$&apos; then &apos;$&lt;read_str_from_txt&gt; =&gt; &lt;base64_ascii_str_pickle_to_object&gt;$]&apos;]
(B)                                                                                                  |--b64pickle-float-1.0=True.txt -&gt; bool ------- using $&lt;read_str_from_txt&gt; =&gt; &lt;str_to_bool&gt;$
Parsing Plan created successfully

Executing Parsing Plan for [/home/travis/build/smarie/python-parsyfiles/parsyfiles/tests/combining_parsers_converters/test_data/b64pickle-float-1.0=True]
(P) /home/travis/build/smarie/python-parsyfiles/parsyfiles/tests/combining_parsers_converters/test_data/b64pickle-float-1.0=True.txt -&gt; bool ------- using $&lt;read_str_from_txt&gt; =&gt; &lt;str_to_bool&gt;$
  !! Caught error during execution !!
  File &quot;/home/travis/build/smarie/python-parsyfiles/parsyfiles/converting_core.py&quot;, line 524, in _convert
    return self.conversion_method(desired_type, source_obj, logger, **opts)
  File &quot;/home/travis/build/smarie/python-parsyfiles/parsyfiles/plugins_base/support_for_primitive_types.py&quot;, line 84, in primitive_to_bool
    return bool(strtobool(source))
  File &quot;/opt/python/3.5.5/lib/python3.5/distutils/util.py&quot;, line 317, in strtobool
    raise ValueError(&quot;invalid truth value %r&quot; % (val,))
  ValueError : invalid truth value &apos;ganhp/aaaaaaaaau&apos;
(B)                                                                                                  |--b64pickle-float-1.0=True.txt -&gt; bool ------- using $&lt;read_str_from_txt&gt; =&gt; &lt;base64_ascii_str_pickle_to_object&gt; -&gt; &lt;float_to_bool&gt;$
Executing Parsing Plan for [/home/travis/build/smarie/python-parsyfiles/parsyfiles/tests/combining_parsers_converters/test_data/b64pickle-float-1.0=True]
(P) /home/travis/build/smarie/python-parsyfiles/parsyfiles/tests/combining_parsers_converters/test_data/b64pickle-float-1.0=True.txt -&gt; bool ------- using $&lt;read_str_from_txt&gt; =&gt; &lt;base64_ascii_str_pickle_to_object&gt; -&gt; &lt;float_to_bool&gt;$
(P)                                                                                                  |--b64pickle-float-1.0=True.txt -&gt; bool SUCCESS !
Completed parsing successfully

**** Starting to parse single object of type &lt;bool&gt; at location /home/travis/build/smarie/python-parsyfiles/parsyfiles/tests/combining_parsers_converters/test_data/b64pickle-float-1.0=True ****
Checking all files under [/home/travis/build/smarie/python-parsyfiles/parsyfiles/tests/combining_parsers_converters/test_data/b64pickle-float-1.0=True]
(C) /home/travis/build/smarie/python-parsyfiles/parsyfiles/tests/combining_parsers_converters/test_data/b64pickle-float-1.0=True (singlefile, .txt)
File checks done

Building a parsing plan to parse [/home/travis/build/smarie/python-parsyfiles/parsyfiles/tests/combining_parsers_converters/test_data/b64pickle-float-1.0=True] into a bool
(B) /home/travis/build/smarie/python-parsyfiles/parsyfiles/tests/combining_parsers_converters/test_data/b64pickle-float-1.0=True.txt -&gt; bool ------- using [Try &apos;$&lt;read_str_from_txt&gt; =&gt; &lt;str_to_bool&gt;$&apos; then &apos;$&lt;read_str_from_txt&gt; =&gt; &lt;base64_ascii_str_pickle_to_object&gt; -&gt; &lt;float_to_bool&gt;$&apos; then &apos;$&lt;read_str_from_txt&gt; =&gt; &lt;base64_ascii_str_pickle_to_object&gt; -&gt; &lt;int_to_bool&gt;$&apos; then &apos;$&lt;read_str_from_txt&gt; =&gt; &lt;base64_ascii_str_pickle_to_object&gt; -&gt; &lt;str_to_bool&gt;$&apos; then &apos;$&lt;read_str_from_txt&gt; =&gt; &lt;base64_ascii_str_pickle_to_object&gt;$]&apos;]
(B)                                                                                                  |--b64pickle-float-1.0=True.txt -&gt; bool ------- using $&lt;read_str_from_txt&gt; =&gt; &lt;str_to_bool&gt;$
Parsing Plan created successfully

Executing Parsing Plan for [/home/travis/build/smarie/python-parsyfiles/parsyfiles/tests/combining_parsers_converters/test_data/b64pickle-float-1.0=True]
(P) /home/travis/build/smarie/python-parsyfiles/parsyfiles/tests/combining_parsers_converters/test_data/b64pickle-float-1.0=True.txt -&gt; bool ------- using $&lt;read_str_from_txt&gt; =&gt; &lt;str_to_bool&gt;$
  !! Caught error during execution !!
  File &quot;/home/travis/build/smarie/python-parsyfiles/parsyfiles/converting_core.py&quot;, line 524, in _convert
    return self.conversion_method(desired_type, source_obj, logger, **opts)
  File &quot;/home/travis/build/smarie/python-parsyfiles/parsyfiles/plugins_base/support_for_primitive_types.py&quot;, line 84, in primitive_to_bool
    return bool(strtobool(source))
  File &quot;/opt/python/3.5.5/lib/python3.5/distutils/util.py&quot;, line 317, in strtobool
    raise ValueError(&quot;invalid truth value %r&quot; % (val,))
  ValueError : invalid truth value &apos;ganhp/aaaaaaaaau&apos;
(B)                                                                                                  |--b64pickle-float-1.0=True.txt -&gt; bool ------- using $&lt;read_str_from_txt&gt; =&gt; &lt;base64_ascii_str_pickle_to_object&gt; -&gt; &lt;float_to_bool&gt;$
Executing Parsing Plan for [/home/travis/build/smarie/python-parsyfiles/parsyfiles/tests/combining_parsers_converters/test_data/b64pickle-float-1.0=True]
(P) /home/travis/build/smarie/python-parsyfiles/parsyfiles/tests/combining_parsers_converters/test_data/b64pickle-float-1.0=True.txt -&gt; bool ------- using $&lt;read_str_from_txt&gt; =&gt; &lt;base64_ascii_str_pickle_to_object&gt; -&gt; &lt;float_to_bool&gt;$
(P)                                                                                                  |--b64pickle-float-1.0=True.txt -&gt; bool SUCCESS !
Completed parsing successfully

**** Starting to parse single object of type &lt;bool&gt; at location /home/travis/build/smarie/python-parsyfiles/parsyfiles/tests/combining_parsers_converters/test_data/b64pickle-float-1.0=True ****
Checking all files under [/home/travis/build/smarie/python-parsyfiles/parsyfiles/tests/combining_parsers_converters/test_data/b64pickle-float-1.0=True]
(C) /home/travis/build/smarie/python-parsyfiles/parsyfiles/tests/combining_parsers_converters/test_data/b64pickle-float-1.0=True (singlefile, .txt)
File checks done

Building a parsing plan to parse [/home/travis/build/smarie/python-parsyfiles/parsyfiles/tests/combining_parsers_converters/test_data/b64pickle-float-1.0=True] into a bool
(B) /home/travis/build/smarie/python-parsyfiles/parsyfiles/tests/combining_parsers_converters/test_data/b64pickle-float-1.0=True.txt -&gt; bool ------- using [Try &apos;$&lt;read_str_from_txt&gt; =&gt; &lt;str_to_bool&gt;$&apos; then &apos;$&lt;read_str_from_txt&gt; =&gt; &lt;base64_ascii_str_pickle_to_object&gt; -&gt; &lt;float_to_bool&gt;$&apos; then &apos;$&lt;read_str_from_txt&gt; =&gt; &lt;base64_ascii_str_pickle_to_object&gt; -&gt; &lt;int_to_bool&gt;$&apos; then &apos;$&lt;read_str_from_txt&gt; =&gt; &lt;base64_ascii_str_pickle_to_object&gt; -&gt; &lt;str_to_bool&gt;$&apos; then &apos;$&lt;read_str_from_txt&gt; =&gt; &lt;base64_ascii_str_pickle_to_object&gt;$]&apos;]
(B)                                                                                                  |--b64pickle-float-1.0=True.txt -&gt; bool ------- using $&lt;read_str_from_txt&gt; =&gt; &lt;str_to_bool&gt;$
Parsing Plan created successfully

Executing Parsing Plan for [/home/travis/build/smarie/python-parsyfiles/parsyfiles/tests/combining_parsers_converters/test_data/b64pickle-float-1.0=True]
(P) /home/travis/build/smarie/python-parsyfiles/parsyfiles/tests/combining_parsers_converters/test_data/b64pickle-float-1.0=True.txt -&gt; bool ------- using $&lt;read_str_from_txt&gt; =&gt; &lt;str_to_bool&gt;$
  !! Caught error during execution !!
  File &quot;/home/travis/build/smarie/python-parsyfiles/parsyfiles/converting_core.py&quot;, line 524, in _convert
    return self.conversion_method(desired_type, source_obj, logger, **opts)
  File &quot;/home/travis/build/smarie/python-parsyfiles/parsyfiles/plugins_base/support_for_primitive_types.py&quot;, line 84, in primitive_to_bool
    return bool(strtobool(source))
  File &quot;/opt/python/3.5.5/lib/python3.5/distutils/util.py&quot;, line 317, in strtobool
    raise ValueError(&quot;invalid truth value %r&quot; % (val,))
  ValueError : invalid truth value &apos;ganhp/aaaaaaaaau&apos;
(B)                                                                                                  |--b64pickle-float-1.0=True.txt -&gt; bool ------- using $&lt;read_str_from_txt&gt; =&gt; &lt;base64_ascii_str_pickle_to_object&gt; -&gt; &lt;float_to_bool&gt;$
Executing Parsing Plan for [/home/travis/build/smarie/python-parsyfiles/parsyfiles/tests/combining_parsers_converters/test_data/b64pickle-float-1.0=True]
(P) /home/travis/build/smarie/python-parsyfiles/parsyfiles/tests/combining_parsers_converters/test_data/b64pickle-float-1.0=True.txt -&gt; bool ------- using $&lt;read_str_from_txt&gt; =&gt; &lt;base64_ascii_str_pickle_to_object&gt; -&gt; &lt;float_to_bool&gt;$
(P)                                                                                                  |--b64pickle-float-1.0=True.txt -&gt; bool SUCCESS !
Completed parsing successfully

**** Starting to parse single object of type &lt;bool&gt; at location /home/travis/build/smarie/python-parsyfiles/parsyfiles/tests/combining_parsers_converters/test_data/b64pickle-float-1.0=True ****
Checking all files under [/home/travis/build/smarie/python-parsyfiles/parsyfiles/tests/combining_parsers_converters/test_data/b64pickle-float-1.0=True]
(C) /home/travis/build/smarie/python-parsyfiles/parsyfiles/tests/combining_parsers_converters/test_data/b64pickle-float-1.0=True (singlefile, .txt)
File checks done

Building a parsing plan to parse [/home/travis/build/smarie/python-parsyfiles/parsyfiles/tests/combining_parsers_converters/test_data/b64pickle-float-1.0=True] into a bool
(B) /home/travis/build/smarie/python-parsyfiles/parsyfiles/tests/combining_parsers_converters/test_data/b64pickle-float-1.0=True.txt -&gt; bool ------- using [Try &apos;$&lt;read_str_from_txt&gt; =&gt; &lt;str_to_bool&gt;$&apos; then &apos;$&lt;read_str_from_txt&gt; =&gt; &lt;base64_ascii_str_pickle_to_object&gt; -&gt; &lt;float_to_bool&gt;$&apos; then &apos;$&lt;read_str_from_txt&gt; =&gt; &lt;base64_ascii_str_pickle_to_object&gt; -&gt; &lt;int_to_bool&gt;$&apos; then &apos;$&lt;read_str_from_txt&gt; =&gt; &lt;base64_ascii_str_pickle_to_object&gt; -&gt; &lt;str_to_bool&gt;$&apos; then &apos;$&lt;read_str_from_txt&gt; =&gt; &lt;base64_ascii_str_pickle_to_object&gt;$]&apos;]
(B)                                                                                                  |--b64pickle-float-1.0=True.txt -&gt; bool ------- using $&lt;read_str_from_txt&gt; =&gt; &lt;str_to_bool&gt;$
Parsing Plan created successfully

Executing Parsing Plan for [/home/travis/build/smarie/python-parsyfiles/parsyfiles/tests/combining_parsers_converters/test_data/b64pickle-float-1.0=True]
(P) /home/travis/build/smarie/python-parsyfiles/parsyfiles/tests/combining_parsers_converters/test_data/b64pickle-float-1.0=True.txt -&gt; bool ------- using $&lt;read_str_from_txt&gt; =&gt; &lt;str_to_bool&gt;$
  !! Caught error during execution !!
  File &quot;/home/travis/build/smarie/python-parsyfiles/parsyfiles/converting_core.py&quot;, line 524, in _convert
    return self.conversion_method(desired_type, source_obj, logger, **opts)
  File &quot;/home/travis/build/smarie/python-parsyfiles/parsyfiles/plugins_base/support_for_primitive_types.py&quot;, line 84, in primitive_to_bool
    return bool(strtobool(source))
  File &quot;/opt/python/3.5.5/lib/python3.5/distutils/util.py&quot;, line 317, in strtobool
    raise ValueError(&quot;invalid truth value %r&quot; % (val,))
  ValueError : invalid truth value &apos;ganhp/aaaaaaaaau&apos;
(B)                                                                                                  |--b64pickle-float-1.0=True.txt -&gt; bool ------- using $&lt;read_str_from_txt&gt; =&gt; &lt;base64_ascii_str_pickle_to_object&gt; -&gt; &lt;float_to_bool&gt;$
Executing Parsing Plan for [/home/travis/build/smarie/python-parsyfiles/parsyfiles/tests/combining_parsers_converters/test_data/b64pickle-float-1.0=True]
(P) /home/travis/build/smarie/python-parsyfiles/parsyfiles/tests/combining_parsers_converters/test_data/b64pickle-float-1.0=True.txt -&gt; bool ------- using $&lt;read_str_from_txt&gt; =&gt; &lt;base64_ascii_str_pickle_to_object&gt; -&gt; &lt;float_to_bool&gt;$
(P)                                                                                                  |--b64pickle-float-1.0=True.txt -&gt; bool SUCCESS !
Completed parsing successfully

**** Starting to parse single object of type &lt;bool&gt; at location /home/travis/build/smarie/python-parsyfiles/parsyfiles/tests/combining_parsers_converters/test_data/b64pickle-float-1.0=True ****
Checking all files under [/home/travis/build/smarie/python-parsyfiles/parsyfiles/tests/combining_parsers_converters/test_data/b64pickle-float-1.0=True]
(C) /home/travis/build/smarie/python-parsyfiles/parsyfiles/tests/combining_parsers_converters/test_data/b64pickle-float-1.0=True (singlefile, .txt)
File checks done

Building a parsing plan to parse [/home/travis/build/smarie/python-parsyfiles/parsyfiles/tests/combining_parsers_converters/test_data/b64pickle-float-1.0=True] into a bool
(B) /home/travis/build/smarie/python-parsyfiles/parsyfiles/tests/combining_parsers_converters/test_data/b64pickle-float-1.0=True.txt -&gt; bool ------- using [Try &apos;$&lt;read_str_from_txt&gt; =&gt; &lt;str_to_bool&gt;$&apos; then &apos;$&lt;read_str_from_txt&gt; =&gt; &lt;base64_ascii_str_pickle_to_object&gt; -&gt; &lt;float_to_bool&gt;$&apos; then &apos;$&lt;read_str_from_txt&gt; =&gt; &lt;base64_ascii_str_pickle_to_object&gt; -&gt; &lt;int_to_bool&gt;$&apos; then &apos;$&lt;read_str_from_txt&gt; =&gt; &lt;base64_ascii_str_pickle_to_object&gt; -&gt; &lt;str_to_bool&gt;$&apos; then &apos;$&lt;read_str_from_txt&gt; =&gt; &lt;base64_ascii_str_pickle_to_object&gt;$]&apos;]
(B)                                                                                                  |--b64pickle-float-1.0=True.txt -&gt; bool ------- using $&lt;read_str_from_txt&gt; =&gt; &lt;str_to_bool&gt;$
Parsing Plan created successfully

Executing Parsing Plan for [/home/travis/build/smarie/python-parsyfiles/parsyfiles/tests/combining_parsers_converters/test_data/b64pickle-float-1.0=True]
(P) /home/travis/build/smarie/python-parsyfiles/parsyfiles/tests/combining_parsers_converters/test_data/b64pickle-float-1.0=True.txt -&gt; bool ------- using $&lt;read_str_from_txt&gt; =&gt; &lt;str_to_bool&gt;$
  !! Caught error during execution !!
  File &quot;/home/travis/build/smarie/python-parsyfiles/parsyfiles/converting_core.py&quot;, line 524, in _convert
    return self.conversion_method(desired_type, source_obj, logger, **opts)
  File &quot;/home/travis/build/smarie/python-parsyfiles/parsyfiles/plugins_base/support_for_primitive_types.py&quot;, line 84, in primitive_to_bool
    return bool(strtobool(source))
  File &quot;/opt/python/3.5.5/lib/python3.5/distutils/util.py&quot;, line 317, in strtobool
    raise ValueError(&quot;invalid truth value %r&quot; % (val,))
  ValueError : invalid truth value &apos;ganhp/aaaaaaaaau&apos;
(B)                                                                                                  |--b64pickle-float-1.0=True.txt -&gt; bool ------- using $&lt;read_str_from_txt&gt; =&gt; &lt;base64_ascii_str_pickle_to_object&gt; -&gt; &lt;float_to_bool&gt;$
Executing Parsing Plan for [/home/travis/build/smarie/python-parsyfiles/parsyfiles/tests/combining_parsers_converters/test_data/b64pickle-float-1.0=True]
(P) /home/travis/build/smarie/python-parsyfiles/parsyfiles/tests/combining_parsers_converters/test_data/b64pickle-float-1.0=True.txt -&gt; bool ------- using $&lt;read_str_from_txt&gt; =&gt; &lt;base64_ascii_str_pickle_to_object&gt; -&gt; &lt;float_to_bool&gt;$
(P)                                                                                                  |--b64pickle-float-1.0=True.txt -&gt; bool SUCCESS !
Completed parsing successfully

**** Starting to parse single object of type &lt;bool&gt; at location /home/travis/build/smarie/python-parsyfiles/parsyfiles/tests/combining_parsers_converters/test_data/b64pickle-float-1.0=True ****
Checking all files under [/home/travis/build/smarie/python-parsyfiles/parsyfiles/tests/combining_parsers_converters/test_data/b64pickle-float-1.0=True]
(C) /home/travis/build/smarie/python-parsyfiles/parsyfiles/tests/combining_parsers_converters/test_data/b64pickle-float-1.0=True (singlefile, .txt)
File checks done

Building a parsing plan to parse [/home/travis/build/smarie/python-parsyfiles/parsyfiles/tests/combining_parsers_converters/test_data/b64pickle-float-1.0=True] into a bool
(B) /home/travis/build/smarie/python-parsyfiles/parsyfiles/tests/combining_parsers_converters/test_data/b64pickle-float-1.0=True.txt -&gt; bool ------- using [Try &apos;$&lt;read_str_from_txt&gt; =&gt; &lt;str_to_bool&gt;$&apos; then &apos;$&lt;read_str_from_txt&gt; =&gt; &lt;base64_ascii_str_pickle_to_object&gt; -&gt; &lt;float_to_bool&gt;$&apos; then &apos;$&lt;read_str_from_txt&gt; =&gt; &lt;base64_ascii_str_pickle_to_object&gt; -&gt; &lt;int_to_bool&gt;$&apos; then &apos;$&lt;read_str_from_txt&gt; =&gt; &lt;base64_ascii_str_pickle_to_object&gt; -&gt; &lt;str_to_bool&gt;$&apos; then &apos;$&lt;read_str_from_txt&gt; =&gt; &lt;base64_ascii_str_pickle_to_object&gt;$]&apos;]
(B)                                                                                                  |--b64pickle-float-1.0=True.txt -&gt; bool ------- using $&lt;read_str_from_txt&gt; =&gt; &lt;str_to_bool&gt;$
Parsing Plan created successfully

Executing Parsing Plan for [/home/travis/build/smarie/python-parsyfiles/parsyfiles/tests/combining_parsers_converters/test_data/b64pickle-float-1.0=True]
(P) /home/travis/build/smarie/python-parsyfiles/parsyfiles/tests/combining_parsers_converters/test_data/b64pickle-float-1.0=True.txt -&gt; bool ------- using $&lt;read_str_from_txt&gt; =&gt; &lt;str_to_bool&gt;$
  !! Caught error during execution !!
  File &quot;/home/travis/build/smarie/python-parsyfiles/parsyfiles/converting_core.py&quot;, line 524, in _convert
    return self.conversion_method(desired_type, source_obj, logger, **opts)
  File &quot;/home/travis/build/smarie/python-parsyfiles/parsyfiles/plugins_base/support_for_primitive_types.py&quot;, line 84, in primitive_to_bool
    return bool(strtobool(source))
  File &quot;/opt/python/3.5.5/lib/python3.5/distutils/util.py&quot;, line 317, in strtobool
    raise ValueError(&quot;invalid truth value %r&quot; % (val,))
  ValueError : invalid truth value &apos;ganhp/aaaaaaaaau&apos;
(B)                                                                                                  |--b64pickle-float-1.0=True.txt -&gt; bool ------- using $&lt;read_str_from_txt&gt; =&gt; &lt;base64_ascii_str_pickle_to_object&gt; -&gt; &lt;float_to_bool&gt;$
Executing Parsing Plan for [/home/travis/build/smarie/python-parsyfiles/parsyfiles/tests/combining_parsers_converters/test_data/b64pickle-float-1.0=True]
(P) /home/travis/build/smarie/python-parsyfiles/parsyfiles/tests/combining_parsers_converters/test_data/b64pickle-float-1.0=True.txt -&gt; bool ------- using $&lt;read_str_from_txt&gt; =&gt; &lt;base64_ascii_str_pickle_to_object&gt; -&gt; &lt;float_to_bool&gt;$
(P)                                                                                                  |--b64pickle-float-1.0=True.txt -&gt; bool SUCCESS !
Completed parsing successfully

**** Starting to parse single object of type &lt;bool&gt; at location /home/travis/build/smarie/python-parsyfiles/parsyfiles/tests/combining_parsers_converters/test_data/b64pickle-float-1.0=True ****
Checking all files under [/home/travis/build/smarie/python-parsyfiles/parsyfiles/tests/combining_parsers_converters/test_data/b64pickle-float-1.0=True]
(C) /home/travis/build/smarie/python-parsyfiles/parsyfiles/tests/combining_parsers_converters/test_data/b64pickle-float-1.0=True (singlefile, .txt)
File checks done

Building a parsing plan to parse [/home/travis/build/smarie/python-parsyfiles/parsyfiles/tests/combining_parsers_converters/test_data/b64pickle-float-1.0=True] into a bool
(B) /home/travis/build/smarie/python-parsyfiles/parsyfiles/tests/combining_parsers_converters/test_data/b64pickle-float-1.0=True.txt -&gt; bool ------- using [Try &apos;$&lt;read_str_from_txt&gt; =&gt; &lt;str_to_bool&gt;$&apos; then &apos;$&lt;read_str_from_txt&gt; =&gt; &lt;base64_ascii_str_pickle_to_object&gt; -&gt; &lt;float_to_bool&gt;$&apos; then &apos;$&lt;read_str_from_txt&gt; =&gt; &lt;base64_ascii_str_pickle_to_object&gt; -&gt; &lt;int_to_bool&gt;$&apos; then &apos;$&lt;read_str_from_txt&gt; =&gt; &lt;base64_ascii_str_pickle_to_object&gt; -&gt; &lt;str_to_bool&gt;$&apos; then &apos;$&lt;read_str_from_txt&gt; =&gt; &lt;base64_ascii_str_pickle_to_object&gt;$]&apos;]
(B)                                                                                                  |--b64pickle-float-1.0=True.txt -&gt; bool ------- using $&lt;read_str_from_txt&gt; =&gt; &lt;str_to_bool&gt;$
Parsing Plan created successfully

Executing Parsing Plan for [/home/travis/build/smarie/python-parsyfiles/parsyfiles/tests/combining_parsers_converters/test_data/b64pickle-float-1.0=True]
(P) /home/travis/build/smarie/python-parsyfiles/parsyfiles/tests/combining_parsers_converters/test_data/b64pickle-float-1.0=True.txt -&gt; bool ------- using $&lt;read_str_from_txt&gt; =&gt; &lt;str_to_bool&gt;$
  !! Caught error during execution !!
  File &quot;/home/travis/build/smarie/python-parsyfiles/parsyfiles/converting_core.py&quot;, line 524, in _convert
    return self.conversion_method(desired_type, source_obj, logger, **opts)
  File &quot;/home/travis/build/smarie/python-parsyfiles/parsyfiles/plugins_base/support_for_primitive_types.py&quot;, line 84, in primitive_to_bool
    return bool(strtobool(source))
  File &quot;/opt/python/3.5.5/lib/python3.5/distutils/util.py&quot;, line 317, in strtobool
    raise ValueError(&quot;invalid truth value %r&quot; % (val,))
  ValueError : invalid truth value &apos;ganhp/aaaaaaaaau&apos;
(B)                                                                                                  |--b64pickle-float-1.0=True.txt -&gt; bool ------- using $&lt;read_str_from_txt&gt; =&gt; &lt;base64_ascii_str_pickle_to_object&gt; -&gt; &lt;float_to_bool&gt;$
Executing Parsing Plan for [/home/travis/build/smarie/python-parsyfiles/parsyfiles/tests/combining_parsers_converters/test_data/b64pickle-float-1.0=True]
(P) /home/travis/build/smarie/python-parsyfiles/parsyfiles/tests/combining_parsers_converters/test_data/b64pickle-float-1.0=True.txt -&gt; bool ------- using $&lt;read_str_from_txt&gt; =&gt; &lt;base64_ascii_str_pickle_to_object&gt; -&gt; &lt;float_to_bool&gt;$
(P)                                                                                                  |--b64pickle-float-1.0=True.txt -&gt; bool SUCCESS !
Completed parsing successfully

**** Starting to parse single object of type &lt;bool&gt; at location /home/travis/build/smarie/python-parsyfiles/parsyfiles/tests/combining_parsers_converters/test_data/b64pickle-float-1.0=True ****
Checking all files under [/home/travis/build/smarie/python-parsyfiles/parsyfiles/tests/combining_parsers_converters/test_data/b64pickle-float-1.0=True]
(C) /home/travis/build/smarie/python-parsyfiles/parsyfiles/tests/combining_parsers_converters/test_data/b64pickle-float-1.0=True (singlefile, .txt)
File checks done

Building a parsing plan to parse [/home/travis/build/smarie/python-parsyfiles/parsyfiles/tests/combining_parsers_converters/test_data/b64pickle-float-1.0=True] into a bool
(B) /home/travis/build/smarie/python-parsyfiles/parsyfiles/tests/combining_parsers_converters/test_data/b64pickle-float-1.0=True.txt -&gt; bool ------- using [Try &apos;$&lt;read_str_from_txt&gt; =&gt; &lt;str_to_bool&gt;$&apos; then &apos;$&lt;read_str_from_txt&gt; =&gt; &lt;base64_ascii_str_pickle_to_object&gt; -&gt; &lt;float_to_bool&gt;$&apos; then &apos;$&lt;read_str_from_txt&gt; =&gt; &lt;base64_ascii_str_pickle_to_object&gt; -&gt; &lt;int_to_bool&gt;$&apos; then &apos;$&lt;read_str_from_txt&gt; =&gt; &lt;base64_ascii_str_pickle_to_object&gt; -&gt; &lt;str_to_bool&gt;$&apos; then &apos;$&lt;read_str_from_txt&gt; =&gt; &lt;base64_ascii_str_pickle_to_object&gt;$]&apos;]
(B)                                                                                                  |--b64pickle-float-1.0=True.txt -&gt; bool ------- using $&lt;read_str_from_txt&gt; =&gt; &lt;str_to_bool&gt;$
Parsing Plan created successfully

Executing Parsing Plan for [/home/travis/build/smarie/python-parsyfiles/parsyfiles/tests/combining_parsers_converters/test_data/b64pickle-float-1.0=True]
(P) /home/travis/build/smarie/python-parsyfiles/parsyfiles/tests/combining_parsers_converters/test_data/b64pickle-float-1.0=True.txt -&gt; bool ------- using $&lt;read_str_from_txt&gt; =&gt; &lt;str_to_bool&gt;$
  !! Caught error during execution !!
  File &quot;/home/travis/build/smarie/python-parsyfiles/parsyfiles/converting_core.py&quot;, line 524, in _convert
    return self.conversion_method(desired_type, source_obj, logger, **opts)
  File &quot;/home/travis/build/smarie/python-parsyfiles/parsyfiles/plugins_base/support_for_primitive_types.py&quot;, line 84, in primitive_to_bool
    return bool(strtobool(source))
  File &quot;/opt/python/3.5.5/lib/python3.5/distutils/util.py&quot;, line 317, in strtobool
    raise ValueError(&quot;invalid truth value %r&quot; % (val,))
  ValueError : invalid truth value &apos;ganhp/aaaaaaaaau&apos;
(B)                                                                                                  |--b64pickle-float-1.0=True.txt -&gt; bool ------- using $&lt;read_str_from_txt&gt; =&gt; &lt;base64_ascii_str_pickle_to_object&gt; -&gt; &lt;float_to_bool&gt;$
Executing Parsing Plan for [/home/travis/build/smarie/python-parsyfiles/parsyfiles/tests/combining_parsers_converters/test_data/b64pickle-float-1.0=True]
(P) /home/travis/build/smarie/python-parsyfiles/parsyfiles/tests/combining_parsers_converters/test_data/b64pickle-float-1.0=True.txt -&gt; bool ------- using $&lt;read_str_from_txt&gt; =&gt; &lt;base64_ascii_str_pickle_to_object&gt; -&gt; &lt;float_to_bool&gt;$
(P)                                                                                                  |--b64pickle-float-1.0=True.txt -&gt; bool SUCCESS !
Completed parsing successfully

**** Starting to parse single object of type &lt;bool&gt; at location /home/travis/build/smarie/python-parsyfiles/parsyfiles/tests/combining_parsers_converters/test_data/b64pickle-float-1.0=True ****
Checking all files under [/home/travis/build/smarie/python-parsyfiles/parsyfiles/tests/combining_parsers_converters/test_data/b64pickle-float-1.0=True]
(C) /home/travis/build/smarie/python-parsyfiles/parsyfiles/tests/combining_parsers_converters/test_data/b64pickle-float-1.0=True (singlefile, .txt)
File checks done

Building a parsing plan to parse [/home/travis/build/smarie/python-parsyfiles/parsyfiles/tests/combining_parsers_converters/test_data/b64pickle-float-1.0=True] into a bool
(B) /home/travis/build/smarie/python-parsyfiles/parsyfiles/tests/combining_parsers_converters/test_data/b64pickle-float-1.0=True.txt -&gt; bool ------- using [Try &apos;$&lt;read_str_from_txt&gt; =&gt; &lt;str_to_bool&gt;$&apos; then &apos;$&lt;read_str_from_txt&gt; =&gt; &lt;base64_ascii_str_pickle_to_object&gt; -&gt; &lt;float_to_bool&gt;$&apos; then &apos;$&lt;read_str_from_txt&gt; =&gt; &lt;base64_ascii_str_pickle_to_object&gt; -&gt; &lt;int_to_bool&gt;$&apos; then &apos;$&lt;read_str_from_txt&gt; =&gt; &lt;base64_ascii_str_pickle_to_object&gt; -&gt; &lt;str_to_bool&gt;$&apos; then &apos;$&lt;read_str_from_txt&gt; =&gt; &lt;base64_ascii_str_pickle_to_object&gt;$]&apos;]
(B)                                                                                                  |--b64pickle-float-1.0=True.txt -&gt; bool ------- using $&lt;read_str_from_txt&gt; =&gt; &lt;str_to_bool&gt;$
Parsing Plan created successfully

Executing Parsing Plan for [/home/travis/build/smarie/python-parsyfiles/parsyfiles/tests/combining_parsers_converters/test_data/b64pickle-float-1.0=True]
(P) /home/travis/build/smarie/python-parsyfiles/parsyfiles/tests/combining_parsers_converters/test_data/b64pickle-float-1.0=True.txt -&gt; bool ------- using $&lt;read_str_from_txt&gt; =&gt; &lt;str_to_bool&gt;$
  !! Caught error during execution !!
  File &quot;/home/travis/build/smarie/python-parsyfiles/parsyfiles/converting_core.py&quot;, line 524, in _convert
    return self.conversion_method(desired_type, source_obj, logger, **opts)
  File &quot;/home/travis/build/smarie/python-parsyfiles/parsyfiles/plugins_base/support_for_primitive_types.py&quot;, line 84, in primitive_to_bool
    return bool(strtobool(source))
  File &quot;/opt/python/3.5.5/lib/python3.5/distutils/util.py&quot;, line 317, in strtobool
    raise ValueError(&quot;invalid truth value %r&quot; % (val,))
  ValueError : invalid truth value &apos;ganhp/aaaaaaaaau&apos;
(B)                                                                                                  |--b64pickle-float-1.0=True.txt -&gt; bool ------- using $&lt;read_str_from_txt&gt; =&gt; &lt;base64_ascii_str_pickle_to_object&gt; -&gt; &lt;float_to_bool&gt;$
Executing Parsing Plan for [/home/travis/build/smarie/python-parsyfiles/parsyfiles/tests/combining_parsers_converters/test_data/b64pickle-float-1.0=True]
(P) /home/travis/build/smarie/python-parsyfiles/parsyfiles/tests/combining_parsers_converters/test_data/b64pickle-float-1.0=True.txt -&gt; bool ------- using $&lt;read_str_from_txt&gt; =&gt; &lt;base64_ascii_str_pickle_to_object&gt; -&gt; &lt;float_to_bool&gt;$
(P)                                                                                                  |--b64pickle-float-1.0=True.txt -&gt; bool SUCCESS !
Completed parsing successfully

**** Starting to parse single object of type &lt;bool&gt; at location /home/travis/build/smarie/python-parsyfiles/parsyfiles/tests/combining_parsers_converters/test_data/b64pickle-float-1.0=True ****
Checking all files under [/home/travis/build/smarie/python-parsyfiles/parsyfiles/tests/combining_parsers_converters/test_data/b64pickle-float-1.0=True]
(C) /home/travis/build/smarie/python-parsyfiles/parsyfiles/tests/combining_parsers_converters/test_data/b64pickle-float-1.0=True (singlefile, .txt)
File checks done

Building a parsing plan to parse [/home/travis/build/smarie/python-parsyfiles/parsyfiles/tests/combining_parsers_converters/test_data/b64pickle-float-1.0=True] into a bool
(B) /home/travis/build/smarie/python-parsyfiles/parsyfiles/tests/combining_parsers_converters/test_data/b64pickle-float-1.0=True.txt -&gt; bool ------- using [Try &apos;$&lt;read_str_from_txt&gt; =&gt; &lt;str_to_bool&gt;$&apos; then &apos;$&lt;read_str_from_txt&gt; =&gt; &lt;base64_ascii_str_pickle_to_object&gt; -&gt; &lt;float_to_bool&gt;$&apos; then &apos;$&lt;read_str_from_txt&gt; =&gt; &lt;base64_ascii_str_pickle_to_object&gt; -&gt; &lt;int_to_bool&gt;$&apos; then &apos;$&lt;read_str_from_txt&gt; =&gt; &lt;base64_ascii_str_pickle_to_object&gt; -&gt; &lt;str_to_bool&gt;$&apos; then &apos;$&lt;read_str_from_txt&gt; =&gt; &lt;base64_ascii_str_pickle_to_object&gt;$]&apos;]
(B)                                                                                                  |--b64pickle-float-1.0=True.txt -&gt; bool ------- using $&lt;read_str_from_txt&gt; =&gt; &lt;str_to_bool&gt;$
Parsing Plan created successfully

Executing Parsing Plan for [/home/travis/build/smarie/python-parsyfiles/parsyfiles/tests/combining_parsers_converters/test_data/b64pickle-float-1.0=True]
(P) /home/travis/build/smarie/python-parsyfiles/parsyfiles/tests/combining_parsers_converters/test_data/b64pickle-float-1.0=True.txt -&gt; bool ------- using $&lt;read_str_from_txt&gt; =&gt; &lt;str_to_bool&gt;$
  !! Caught error during execution !!
  File &quot;/home/travis/build/smarie/python-parsyfiles/parsyfiles/converting_core.py&quot;, line 524, in _convert
    return self.conversion_method(desired_type, source_obj, logger, **opts)
  File &quot;/home/travis/build/smarie/python-parsyfiles/parsyfiles/plugins_base/support_for_primitive_types.py&quot;, line 84, in primitive_to_bool
    return bool(strtobool(source))
  File &quot;/opt/python/3.5.5/lib/python3.5/distutils/util.py&quot;, line 317, in strtobool
    raise ValueError(&quot;invalid truth value %r&quot; % (val,))
  ValueError : invalid truth value &apos;ganhp/aaaaaaaaau&apos;
(B)                                                                                                  |--b64pickle-float-1.0=True.txt -&gt; bool ------- using $&lt;read_str_from_txt&gt; =&gt; &lt;base64_ascii_str_pickle_to_object&gt; -&gt; &lt;float_to_bool&gt;$
Executing Parsing Plan for [/home/travis/build/smarie/python-parsyfiles/parsyfiles/tests/combining_parsers_converters/test_data/b64pickle-float-1.0=True]
(P) /home/travis/build/smarie/python-parsyfiles/parsyfiles/tests/combining_parsers_converters/test_data/b64pickle-float-1.0=True.txt -&gt; bool ------- using $&lt;read_str_from_txt&gt; =&gt; &lt;base64_ascii_str_pickle_to_object&gt; -&gt; &lt;float_to_bool&gt;$
(P)                                                                                                  |--b64pickle-float-1.0=True.txt -&gt; bool SUCCESS !
Completed parsing successfully

**** Starting to parse single object of type &lt;bool&gt; at location /home/travis/build/smarie/python-parsyfiles/parsyfiles/tests/combining_parsers_converters/test_data/b64pickle-float-1.0=True ****
Checking all files under [/home/travis/build/smarie/python-parsyfiles/parsyfiles/tests/combining_parsers_converters/test_data/b64pickle-float-1.0=True]
(C) /home/travis/build/smarie/python-parsyfiles/parsyfiles/tests/combining_parsers_converters/test_data/b64pickle-float-1.0=True (singlefile, .txt)
File checks done

Building a parsing plan to parse [/home/travis/build/smarie/python-parsyfiles/parsyfiles/tests/combining_parsers_converters/test_data/b64pickle-float-1.0=True] into a bool
(B) /home/travis/build/smarie/python-parsyfiles/parsyfiles/tests/combining_parsers_converters/test_data/b64pickle-float-1.0=True.txt -&gt; bool ------- using [Try &apos;$&lt;read_str_from_txt&gt; =&gt; &lt;str_to_bool&gt;$&apos; then &apos;$&lt;read_str_from_txt&gt; =&gt; &lt;base64_ascii_str_pickle_to_object&gt; -&gt; &lt;float_to_bool&gt;$&apos; then &apos;$&lt;read_str_from_txt&gt; =&gt; &lt;base64_ascii_str_pickle_to_object&gt; -&gt; &lt;int_to_bool&gt;$&apos; then &apos;$&lt;read_str_from_txt&gt; =&gt; &lt;base64_ascii_str_pickle_to_object&gt; -&gt; &lt;str_to_bool&gt;$&apos; then &apos;$&lt;read_str_from_txt&gt; =&gt; &lt;base64_ascii_str_pickle_to_object&gt;$]&apos;]
(B)                                                                                                  |--b64pickle-float-1.0=True.txt -&gt; bool ------- using $&lt;read_str_from_txt&gt; =&gt; &lt;str_to_bool&gt;$
Parsing Plan created successfully

Executing Parsing Plan for [/home/travis/build/smarie/python-parsyfiles/parsyfiles/tests/combining_parsers_converters/test_data/b64pickle-float-1.0=True]
(P) /home/travis/build/smarie/python-parsyfiles/parsyfiles/tests/combining_parsers_converters/test_data/b64pickle-float-1.0=True.txt -&gt; bool ------- using $&lt;read_str_from_txt&gt; =&gt; &lt;str_to_bool&gt;$
  !! Caught error during execution !!
  File &quot;/home/travis/build/smarie/python-parsyfiles/parsyfiles/converting_core.py&quot;, line 524, in _convert
    return self.conversion_method(desired_type, source_obj, logger, **opts)
  File &quot;/home/travis/build/smarie/python-parsyfiles/parsyfiles/plugins_base/support_for_primitive_types.py&quot;, line 84, in primitive_to_bool
    return bool(strtobool(source))
  File &quot;/opt/python/3.5.5/lib/python3.5/distutils/util.py&quot;, line 317, in strtobool
    raise ValueError(&quot;invalid truth value %r&quot; % (val,))
  ValueError : invalid truth value &apos;ganhp/aaaaaaaaau&apos;
(B)                                                                                                  |--b64pickle-float-1.0=True.txt -&gt; bool ------- using $&lt;read_str_from_txt&gt; =&gt; &lt;base64_ascii_str_pickle_to_object&gt; -&gt; &lt;float_to_bool&gt;$
Executing Parsing Plan for [/home/travis/build/smarie/python-parsyfiles/parsyfiles/tests/combining_parsers_converters/test_data/b64pickle-float-1.0=True]
(P) /home/travis/build/smarie/python-parsyfiles/parsyfiles/tests/combining_parsers_converters/test_data/b64pickle-float-1.0=True.txt -&gt; bool ------- using $&lt;read_str_from_txt&gt; =&gt; &lt;base64_ascii_str_pickle_to_object&gt; -&gt; &lt;float_to_bool&gt;$
(P)                                                                                                  |--b64pickle-float-1.0=True.txt -&gt; bool SUCCESS !
Completed parsing successfully

**** Starting to parse single object of type &lt;bool&gt; at location /home/travis/build/smarie/python-parsyfiles/parsyfiles/tests/combining_parsers_converters/test_data/b64pickle-float-1.0=True ****
Checking all files under [/home/travis/build/smarie/python-parsyfiles/parsyfiles/tests/combining_parsers_converters/test_data/b64pickle-float-1.0=True]
(C) /home/travis/build/smarie/python-parsyfiles/parsyfiles/tests/combining_parsers_converters/test_data/b64pickle-float-1.0=True (singlefile, .txt)
File checks done

Building a parsing plan to parse [/home/travis/build/smarie/python-parsyfiles/parsyfiles/tests/combining_parsers_converters/test_data/b64pickle-float-1.0=True] into a bool
(B) /home/travis/build/smarie/python-parsyfiles/parsyfiles/tests/combining_parsers_converters/test_data/b64pickle-float-1.0=True.txt -&gt; bool ------- using [Try &apos;$&lt;read_str_from_txt&gt; =&gt; &lt;str_to_bool&gt;$&apos; then &apos;$&lt;read_str_from_txt&gt; =&gt; &lt;base64_ascii_str_pickle_to_object&gt; -&gt; &lt;float_to_bool&gt;$&apos; then &apos;$&lt;read_str_from_txt&gt; =&gt; &lt;base64_ascii_str_pickle_to_object&gt; -&gt; &lt;int_to_bool&gt;$&apos; then &apos;$&lt;read_str_from_txt&gt; =&gt; &lt;base64_ascii_str_pickle_to_object&gt; -&gt; &lt;str_to_bool&gt;$&apos; then &apos;$&lt;read_str_from_txt&gt; =&gt; &lt;base64_ascii_str_pickle_to_object&gt;$]&apos;]
(B)                                                                                                  |--b64pickle-float-1.0=True.txt -&gt; bool ------- using $&lt;read_str_from_txt&gt; =&gt; &lt;str_to_bool&gt;$
Parsing Plan created successfully

Executing Parsing Plan for [/home/travis/build/smarie/python-parsyfiles/parsyfiles/tests/combining_parsers_converters/test_data/b64pickle-float-1.0=True]
(P) /home/travis/build/smarie/python-parsyfiles/parsyfiles/tests/combining_parsers_converters/test_data/b64pickle-float-1.0=True.txt -&gt; bool ------- using $&lt;read_str_from_txt&gt; =&gt; &lt;str_to_bool&gt;$
  !! Caught error during execution !!
  File &quot;/home/travis/build/smarie/python-parsyfiles/parsyfiles/converting_core.py&quot;, line 524, in _convert
    return self.conversion_method(desired_type, source_obj, logger, **opts)
  File &quot;/home/travis/build/smarie/python-parsyfiles/parsyfiles/plugins_base/support_for_primitive_types.py&quot;, line 84, in primitive_to_bool
    return bool(strtobool(source))
  File &quot;/opt/python/3.5.5/lib/python3.5/distutils/util.py&quot;, line 317, in strtobool
    raise ValueError(&quot;invalid truth value %r&quot; % (val,))
  ValueError : invalid truth value &apos;ganhp/aaaaaaaaau&apos;
(B)                                                                                                  |--b64pickle-float-1.0=True.txt -&gt; bool ------- using $&lt;read_str_from_txt&gt; =&gt; &lt;base64_ascii_str_pickle_to_object&gt; -&gt; &lt;float_to_bool&gt;$
Executing Parsing Plan for [/home/travis/build/smarie/python-parsyfiles/parsyfiles/tests/combining_parsers_converters/test_data/b64pickle-float-1.0=True]
(P) /home/travis/build/smarie/python-parsyfiles/parsyfiles/tests/combining_parsers_converters/test_data/b64pickle-float-1.0=True.txt -&gt; bool ------- using $&lt;read_str_from_txt&gt; =&gt; &lt;base64_ascii_str_pickle_to_object&gt; -&gt; &lt;float_to_bool&gt;$
(P)                                                                                                  |--b64pickle-float-1.0=True.txt -&gt; bool SUCCESS !
Completed parsing successfully

**** Starting to parse single object of type &lt;bool&gt; at location /home/travis/build/smarie/python-parsyfiles/parsyfiles/tests/combining_parsers_converters/test_data/b64pickle-float-1.0=True ****
Checking all files under [/home/travis/build/smarie/python-parsyfiles/parsyfiles/tests/combining_parsers_converters/test_data/b64pickle-float-1.0=True]
(C) /home/travis/build/smarie/python-parsyfiles/parsyfiles/tests/combining_parsers_converters/test_data/b64pickle-float-1.0=True (singlefile, .txt)
File checks done

Building a parsing plan to parse [/home/travis/build/smarie/python-parsyfiles/parsyfiles/tests/combining_parsers_converters/test_data/b64pickle-float-1.0=True] into a bool
(B) /home/travis/build/smarie/python-parsyfiles/parsyfiles/tests/combining_parsers_converters/test_data/b64pickle-float-1.0=True.txt -&gt; bool ------- using [Try &apos;$&lt;read_str_from_txt&gt; =&gt; &lt;str_to_bool&gt;$&apos; then &apos;$&lt;read_str_from_txt&gt; =&gt; &lt;base64_ascii_str_pickle_to_object&gt; -&gt; &lt;float_to_bool&gt;$&apos; then &apos;$&lt;read_str_from_txt&gt; =&gt; &lt;base64_ascii_str_pickle_to_object&gt; -&gt; &lt;int_to_bool&gt;$&apos; then &apos;$&lt;read_str_from_txt&gt; =&gt; &lt;base64_ascii_str_pickle_to_object&gt; -&gt; &lt;str_to_bool&gt;$&apos; then &apos;$&lt;read_str_from_txt&gt; =&gt; &lt;base64_ascii_str_pickle_to_object&gt;$]&apos;]
(B)                                                                                                  |--b64pickle-float-1.0=True.txt -&gt; bool ------- using $&lt;read_str_from_txt&gt; =&gt; &lt;str_to_bool&gt;$
Parsing Plan created successfully

Executing Parsing Plan for [/home/travis/build/smarie/python-parsyfiles/parsyfiles/tests/combining_parsers_converters/test_data/b64pickle-float-1.0=True]
(P) /home/travis/build/smarie/python-parsyfiles/parsyfiles/tests/combining_parsers_converters/test_data/b64pickle-float-1.0=True.txt -&gt; bool ------- using $&lt;read_str_from_txt&gt; =&gt; &lt;str_to_bool&gt;$
  !! Caught error during execution !!
  File &quot;/home/travis/build/smarie/python-parsyfiles/parsyfiles/converting_core.py&quot;, line 524, in _convert
    return self.conversion_method(desired_type, source_obj, logger, **opts)
  File &quot;/home/travis/build/smarie/python-parsyfiles/parsyfiles/plugins_base/support_for_primitive_types.py&quot;, line 84, in primitive_to_bool
    return bool(strtobool(source))
  File &quot;/opt/python/3.5.5/lib/python3.5/distutils/util.py&quot;, line 317, in strtobool
    raise ValueError(&quot;invalid truth value %r&quot; % (val,))
  ValueError : invalid truth value &apos;ganhp/aaaaaaaaau&apos;
(B)                                                                                                  |--b64pickle-float-1.0=True.txt -&gt; bool ------- using $&lt;read_str_from_txt&gt; =&gt; &lt;base64_ascii_str_pickle_to_object&gt; -&gt; &lt;float_to_bool&gt;$
Executing Parsing Plan for [/home/travis/build/smarie/python-parsyfiles/parsyfiles/tests/combining_parsers_converters/test_data/b64pickle-float-1.0=True]
(P) /home/travis/build/smarie/python-parsyfiles/parsyfiles/tests/combining_parsers_converters/test_data/b64pickle-float-1.0=True.txt -&gt; bool ------- using $&lt;read_str_from_txt&gt; =&gt; &lt;base64_ascii_str_pickle_to_object&gt; -&gt; &lt;float_to_bool&gt;$
(P)                                                                                                  |--b64pickle-float-1.0=True.txt -&gt; bool SUCCESS !
Completed parsing successfully

**** Starting to parse single object of type &lt;bool&gt; at location /home/travis/build/smarie/python-parsyfiles/parsyfiles/tests/combining_parsers_converters/test_data/b64pickle-float-1.0=True ****
Checking all files under [/home/travis/build/smarie/python-parsyfiles/parsyfiles/tests/combining_parsers_converters/test_data/b64pickle-float-1.0=True]
(C) /home/travis/build/smarie/python-parsyfiles/parsyfiles/tests/combining_parsers_converters/test_data/b64pickle-float-1.0=True (singlefile, .txt)
File checks done

Building a parsing plan to parse [/home/travis/build/smarie/python-parsyfiles/parsyfiles/tests/combining_parsers_converters/test_data/b64pickle-float-1.0=True] into a bool
(B) /home/travis/build/smarie/python-parsyfiles/parsyfiles/tests/combining_parsers_converters/test_data/b64pickle-float-1.0=True.txt -&gt; bool ------- using [Try &apos;$&lt;read_str_from_txt&gt; =&gt; &lt;str_to_bool&gt;$&apos; then &apos;$&lt;read_str_from_txt&gt; =&gt; &lt;base64_ascii_str_pickle_to_object&gt; -&gt; &lt;float_to_bool&gt;$&apos; then &apos;$&lt;read_str_from_txt&gt; =&gt; &lt;base64_ascii_str_pickle_to_object&gt; -&gt; &lt;int_to_bool&gt;$&apos; then &apos;$&lt;read_str_from_txt&gt; =&gt; &lt;base64_ascii_str_pickle_to_object&gt; -&gt; &lt;str_to_bool&gt;$&apos; then &apos;$&lt;read_str_from_txt&gt; =&gt; &lt;base64_ascii_str_pickle_to_object&gt;$]&apos;]
(B)                                                                                                  |--b64pickle-float-1.0=True.txt -&gt; bool ------- using $&lt;read_str_from_txt&gt; =&gt; &lt;str_to_bool&gt;$
Parsing Plan created successfully

Executing Parsing Plan for [/home/travis/build/smarie/python-parsyfiles/parsyfiles/tests/combining_parsers_converters/test_data/b64pickle-float-1.0=True]
(P) /home/travis/build/smarie/python-parsyfiles/parsyfiles/tests/combining_parsers_converters/test_data/b64pickle-float-1.0=True.txt -&gt; bool ------- using $&lt;read_str_from_txt&gt; =&gt; &lt;str_to_bool&gt;$
  !! Caught error during execution !!
  File &quot;/home/travis/build/smarie/python-parsyfiles/parsyfiles/converting_core.py&quot;, line 524, in _convert
    return self.conversion_method(desired_type, source_obj, logger, **opts)
  File &quot;/home/travis/build/smarie/python-parsyfiles/parsyfiles/plugins_base/support_for_primitive_types.py&quot;, line 84, in primitive_to_bool
    return bool(strtobool(source))
  File &quot;/opt/python/3.5.5/lib/python3.5/distutils/util.py&quot;, line 317, in strtobool
    raise ValueError(&quot;invalid truth value %r&quot; % (val,))
  ValueError : invalid truth value &apos;ganhp/aaaaaaaaau&apos;
(B)                                                                                                  |--b64pickle-float-1.0=True.txt -&gt; bool ------- using $&lt;read_str_from_txt&gt; =&gt; &lt;base64_ascii_str_pickle_to_object&gt; -&gt; &lt;float_to_bool&gt;$
Executing Parsing Plan for [/home/travis/build/smarie/python-parsyfiles/parsyfiles/tests/combining_parsers_converters/test_data/b64pickle-float-1.0=True]
(P) /home/travis/build/smarie/python-parsyfiles/parsyfiles/tests/combining_parsers_converters/test_data/b64pickle-float-1.0=True.txt -&gt; bool ------- using $&lt;read_str_from_txt&gt; =&gt; &lt;base64_ascii_str_pickle_to_object&gt; -&gt; &lt;float_to_bool&gt;$
(P)                                                                                                  |--b64pickle-float-1.0=True.txt -&gt; bool SUCCESS !
Completed parsing successfully

**** Starting to parse single object of type &lt;bool&gt; at location /home/travis/build/smarie/python-parsyfiles/parsyfiles/tests/combining_parsers_converters/test_data/b64pickle-float-1.0=True ****
Checking all files under [/home/travis/build/smarie/python-parsyfiles/parsyfiles/tests/combining_parsers_converters/test_data/b64pickle-float-1.0=True]
(C) /home/travis/build/smarie/python-parsyfiles/parsyfiles/tests/combining_parsers_converters/test_data/b64pickle-float-1.0=True (singlefile, .txt)
File checks done

Building a parsing plan to parse [/home/travis/build/smarie/python-parsyfiles/parsyfiles/tests/combining_parsers_converters/test_data/b64pickle-float-1.0=True] into a bool
(B) /home/travis/build/smarie/python-parsyfiles/parsyfiles/tests/combining_parsers_converters/test_data/b64pickle-float-1.0=True.txt -&gt; bool ------- using [Try &apos;$&lt;read_str_from_txt&gt; =&gt; &lt;str_to_bool&gt;$&apos; then &apos;$&lt;read_str_from_txt&gt; =&gt; &lt;base64_ascii_str_pickle_to_object&gt; -&gt; &lt;float_to_bool&gt;$&apos; then &apos;$&lt;read_str_from_txt&gt; =&gt; &lt;base64_ascii_str_pickle_to_object&gt; -&gt; &lt;int_to_bool&gt;$&apos; then &apos;$&lt;read_str_from_txt&gt; =&gt; &lt;base64_ascii_str_pickle_to_object&gt; -&gt; &lt;str_to_bool&gt;$&apos; then &apos;$&lt;read_str_from_txt&gt; =&gt; &lt;base64_ascii_str_pickle_to_object&gt;$]&apos;]
(B)                                                                                                  |--b64pickle-float-1.0=True.txt -&gt; bool ------- using $&lt;read_str_from_txt&gt; =&gt; &lt;str_to_bool&gt;$
Parsing Plan created successfully

Executing Parsing Plan for [/home/travis/build/smarie/python-parsyfiles/parsyfiles/tests/combining_parsers_converters/test_data/b64pickle-float-1.0=True]
(P) /home/travis/build/smarie/python-parsyfiles/parsyfiles/tests/combining_parsers_converters/test_data/b64pickle-float-1.0=True.txt -&gt; bool ------- using $&lt;read_str_from_txt&gt; =&gt; &lt;str_to_bool&gt;$
  !! Caught error during execution !!
  File &quot;/home/travis/build/smarie/python-parsyfiles/parsyfiles/converting_core.py&quot;, line 524, in _convert
    return self.conversion_method(desired_type, source_obj, logger, **opts)
  File &quot;/home/travis/build/smarie/python-parsyfiles/parsyfiles/plugins_base/support_for_primitive_types.py&quot;, line 84, in primitive_to_bool
    return bool(strtobool(source))
  File &quot;/opt/python/3.5.5/lib/python3.5/distutils/util.py&quot;, line 317, in strtobool
    raise ValueError(&quot;invalid truth value %r&quot; % (val,))
  ValueError : invalid truth value &apos;ganhp/aaaaaaaaau&apos;
(B)                                                                                                  |--b64pickle-float-1.0=True.txt -&gt; bool ------- using $&lt;read_str_from_txt&gt; =&gt; &lt;base64_ascii_str_pickle_to_object&gt; -&gt; &lt;float_to_bool&gt;$
Executing Parsing Plan for [/home/travis/build/smarie/python-parsyfiles/parsyfiles/tests/combining_parsers_converters/test_data/b64pickle-float-1.0=True]
(P) /home/travis/build/smarie/python-parsyfiles/parsyfiles/tests/combining_parsers_converters/test_data/b64pickle-float-1.0=True.txt -&gt; bool ------- using $&lt;read_str_from_txt&gt; =&gt; &lt;base64_ascii_str_pickle_to_object&gt; -&gt; &lt;float_to_bool&gt;$
(P)                                                                                                  |--b64pickle-float-1.0=True.txt -&gt; bool SUCCESS !
Completed parsing successfully

**** Starting to parse single object of type &lt;bool&gt; at location /home/travis/build/smarie/python-parsyfiles/parsyfiles/tests/combining_parsers_converters/test_data/b64pickle-float-1.0=True ****
Checking all files under [/home/travis/build/smarie/python-parsyfiles/parsyfiles/tests/combining_parsers_converters/test_data/b64pickle-float-1.0=True]
(C) /home/travis/build/smarie/python-parsyfiles/parsyfiles/tests/combining_parsers_converters/test_data/b64pickle-float-1.0=True (singlefile, .txt)
File checks done

Building a parsing plan to parse [/home/travis/build/smarie/python-parsyfiles/parsyfiles/tests/combining_parsers_converters/test_data/b64pickle-float-1.0=True] into a bool
(B) /home/travis/build/smarie/python-parsyfiles/parsyfiles/tests/combining_parsers_converters/test_data/b64pickle-float-1.0=True.txt -&gt; bool ------- using [Try &apos;$&lt;read_str_from_txt&gt; =&gt; &lt;str_to_bool&gt;$&apos; then &apos;$&lt;read_str_from_txt&gt; =&gt; &lt;base64_ascii_str_pickle_to_object&gt; -&gt; &lt;float_to_bool&gt;$&apos; then &apos;$&lt;read_str_from_txt&gt; =&gt; &lt;base64_ascii_str_pickle_to_object&gt; -&gt; &lt;int_to_bool&gt;$&apos; then &apos;$&lt;read_str_from_txt&gt; =&gt; &lt;base64_ascii_str_pickle_to_object&gt; -&gt; &lt;str_to_bool&gt;$&apos; then &apos;$&lt;read_str_from_txt&gt; =&gt; &lt;base64_ascii_str_pickle_to_object&gt;$]&apos;]
(B)                                                                                                  |--b64pickle-float-1.0=True.txt -&gt; bool ------- using $&lt;read_str_from_txt&gt; =&gt; &lt;str_to_bool&gt;$
Parsing Plan created successfully

Executing Parsing Plan for [/home/travis/build/smarie/python-parsyfiles/parsyfiles/tests/combining_parsers_converters/test_data/b64pickle-float-1.0=True]
(P) /home/travis/build/smarie/python-parsyfiles/parsyfiles/tests/combining_parsers_converters/test_data/b64pickle-float-1.0=True.txt -&gt; bool ------- using $&lt;read_str_from_txt&gt; =&gt; &lt;str_to_bool&gt;$
  !! Caught error during execution !!
  File &quot;/home/travis/build/smarie/python-parsyfiles/parsyfiles/converting_core.py&quot;, line 524, in _convert
    return self.conversion_method(desired_type, source_obj, logger, **opts)
  File &quot;/home/travis/build/smarie/python-parsyfiles/parsyfiles/plugins_base/support_for_primitive_types.py&quot;, line 84, in primitive_to_bool
    return bool(strtobool(source))
  File &quot;/opt/python/3.5.5/lib/python3.5/distutils/util.py&quot;, line 317, in strtobool
    raise ValueError(&quot;invalid truth value %r&quot; % (val,))
  ValueError : invalid truth value &apos;ganhp/aaaaaaaaau&apos;
(B)                                                                                                  |--b64pickle-float-1.0=True.txt -&gt; bool ------- using $&lt;read_str_from_txt&gt; =&gt; &lt;base64_ascii_str_pickle_to_object&gt; -&gt; &lt;float_to_bool&gt;$
Executing Parsing Plan for [/home/travis/build/smarie/python-parsyfiles/parsyfiles/tests/combining_parsers_converters/test_data/b64pickle-float-1.0=True]
(P) /home/travis/build/smarie/python-parsyfiles/parsyfiles/tests/combining_parsers_converters/test_data/b64pickle-float-1.0=True.txt -&gt; bool ------- using $&lt;read_str_from_txt&gt; =&gt; &lt;base64_ascii_str_pickle_to_object&gt; -&gt; &lt;float_to_bool&gt;$
(P)                                                                                                  |--b64pickle-float-1.0=True.txt -&gt; bool SUCCESS !
Completed parsing successfully

**** Starting to parse single object of type &lt;bool&gt; at location /home/travis/build/smarie/python-parsyfiles/parsyfiles/tests/combining_parsers_converters/test_data/b64pickle-float-1.0=True ****
Checking all files under [/home/travis/build/smarie/python-parsyfiles/parsyfiles/tests/combining_parsers_converters/test_data/b64pickle-float-1.0=True]
(C) /home/travis/build/smarie/python-parsyfiles/parsyfiles/tests/combining_parsers_converters/test_data/b64pickle-float-1.0=True (singlefile, .txt)
File checks done

Building a parsing plan to parse [/home/travis/build/smarie/python-parsyfiles/parsyfiles/tests/combining_parsers_converters/test_data/b64pickle-float-1.0=True] into a bool
(B) /home/travis/build/smarie/python-parsyfiles/parsyfiles/tests/combining_parsers_converters/test_data/b64pickle-float-1.0=True.txt -&gt; bool ------- using [Try &apos;$&lt;read_str_from_txt&gt; =&gt; &lt;str_to_bool&gt;$&apos; then &apos;$&lt;read_str_from_txt&gt; =&gt; &lt;base64_ascii_str_pickle_to_object&gt; -&gt; &lt;float_to_bool&gt;$&apos; then &apos;$&lt;read_str_from_txt&gt; =&gt; &lt;base64_ascii_str_pickle_to_object&gt; -&gt; &lt;int_to_bool&gt;$&apos; then &apos;$&lt;read_str_from_txt&gt; =&gt; &lt;base64_ascii_str_pickle_to_object&gt; -&gt; &lt;str_to_bool&gt;$&apos; then &apos;$&lt;read_str_from_txt&gt; =&gt; &lt;base64_ascii_str_pickle_to_object&gt;$]&apos;]
(B)                                                                                                  |--b64pickle-float-1.0=True.txt -&gt; bool ------- using $&lt;read_str_from_txt&gt; =&gt; &lt;str_to_bool&gt;$
Parsing Plan created successfully

Executing Parsing Plan for [/home/travis/build/smarie/python-parsyfiles/parsyfiles/tests/combining_parsers_converters/test_data/b64pickle-float-1.0=True]
(P) /home/travis/build/smarie/python-parsyfiles/parsyfiles/tests/combining_parsers_converters/test_data/b64pickle-float-1.0=True.txt -&gt; bool ------- using $&lt;read_str_from_txt&gt; =&gt; &lt;str_to_bool&gt;$
  !! Caught error during execution !!
  File &quot;/home/travis/build/smarie/python-parsyfiles/parsyfiles/converting_core.py&quot;, line 524, in _convert
    return self.conversion_method(desired_type, source_obj, logger, **opts)
  File &quot;/home/travis/build/smarie/python-parsyfiles/parsyfiles/plugins_base/support_for_primitive_types.py&quot;, line 84, in primitive_to_bool
    return bool(strtobool(source))
  File &quot;/opt/python/3.5.5/lib/python3.5/distutils/util.py&quot;, line 317, in strtobool
    raise ValueError(&quot;invalid truth value %r&quot; % (val,))
  ValueError : invalid truth value &apos;ganhp/aaaaaaaaau&apos;
(B)                                                                                                  |--b64pickle-float-1.0=True.txt -&gt; bool ------- using $&lt;read_str_from_txt&gt; =&gt; &lt;base64_ascii_str_pickle_to_object&gt; -&gt; &lt;float_to_bool&gt;$
Executing Parsing Plan for [/home/travis/build/smarie/python-parsyfiles/parsyfiles/tests/combining_parsers_converters/test_data/b64pickle-float-1.0=True]
(P) /home/travis/build/smarie/python-parsyfiles/parsyfiles/tests/combining_parsers_converters/test_data/b64pickle-float-1.0=True.txt -&gt; bool ------- using $&lt;read_str_from_txt&gt; =&gt; &lt;base64_ascii_str_pickle_to_object&gt; -&gt; &lt;float_to_bool&gt;$
(P)                                                                                                  |--b64pickle-float-1.0=True.txt -&gt; bool SUCCESS !
Completed parsing successfully

**** Starting to parse single object of type &lt;bool&gt; at location /home/travis/build/smarie/python-parsyfiles/parsyfiles/tests/combining_parsers_converters/test_data/b64pickle-float-1.0=True ****
Checking all files under [/home/travis/build/smarie/python-parsyfiles/parsyfiles/tests/combining_parsers_converters/test_data/b64pickle-float-1.0=True]
(C) /home/travis/build/smarie/python-parsyfiles/parsyfiles/tests/combining_parsers_converters/test_data/b64pickle-float-1.0=True (singlefile, .txt)
File checks done

Building a parsing plan to parse [/home/travis/build/smarie/python-parsyfiles/parsyfiles/tests/combining_parsers_converters/test_data/b64pickle-float-1.0=True] into a bool
(B) /home/travis/build/smarie/python-parsyfiles/parsyfiles/tests/combining_parsers_converters/test_data/b64pickle-float-1.0=True.txt -&gt; bool ------- using [Try &apos;$&lt;read_str_from_txt&gt; =&gt; &lt;str_to_bool&gt;$&apos; then &apos;$&lt;read_str_from_txt&gt; =&gt; &lt;base64_ascii_str_pickle_to_object&gt; -&gt; &lt;float_to_bool&gt;$&apos; then &apos;$&lt;read_str_from_txt&gt; =&gt; &lt;base64_ascii_str_pickle_to_object&gt; -&gt; &lt;int_to_bool&gt;$&apos; then &apos;$&lt;read_str_from_txt&gt; =&gt; &lt;base64_ascii_str_pickle_to_object&gt; -&gt; &lt;str_to_bool&gt;$&apos; then &apos;$&lt;read_str_from_txt&gt; =&gt; &lt;base64_ascii_str_pickle_to_object&gt;$]&apos;]
(B)                                                                                                  |--b64pickle-float-1.0=True.txt -&gt; bool ------- using $&lt;read_str_from_txt&gt; =&gt; &lt;str_to_bool&gt;$
Parsing Plan created successfully

Executing Parsing Plan for [/home/travis/build/smarie/python-parsyfiles/parsyfiles/tests/combining_parsers_converters/test_data/b64pickle-float-1.0=True]
(P) /home/travis/build/smarie/python-parsyfiles/parsyfiles/tests/combining_parsers_converters/test_data/b64pickle-float-1.0=True.txt -&gt; bool ------- using $&lt;read_str_from_txt&gt; =&gt; &lt;str_to_bool&gt;$
  !! Caught error during execution !!
  File &quot;/home/travis/build/smarie/python-parsyfiles/parsyfiles/converting_core.py&quot;, line 524, in _convert
    return self.conversion_method(desired_type, source_obj, logger, **opts)
  File &quot;/home/travis/build/smarie/python-parsyfiles/parsyfiles/plugins_base/support_for_primitive_types.py&quot;, line 84, in primitive_to_bool
    return bool(strtobool(source))
  File &quot;/opt/python/3.5.5/lib/python3.5/distutils/util.py&quot;, line 317, in strtobool
    raise ValueError(&quot;invalid truth value %r&quot; % (val,))
  ValueError : invalid truth value &apos;ganhp/aaaaaaaaau&apos;
(B)                                                                                                  |--b64pickle-float-1.0=True.txt -&gt; bool ------- using $&lt;read_str_from_txt&gt; =&gt; &lt;base64_ascii_str_pickle_to_object&gt; -&gt; &lt;float_to_bool&gt;$
Executing Parsing Plan for [/home/travis/build/smarie/python-parsyfiles/parsyfiles/tests/combining_parsers_converters/test_data/b64pickle-float-1.0=True]
(P) /home/travis/build/smarie/python-parsyfiles/parsyfiles/tests/combining_parsers_converters/test_data/b64pickle-float-1.0=True.txt -&gt; bool ------- using $&lt;read_str_from_txt&gt; =&gt; &lt;base64_ascii_str_pickle_to_object&gt; -&gt; &lt;float_to_bool&gt;$
(P)                                                                                                  |--b64pickle-float-1.0=True.txt -&gt; bool SUCCESS !
Completed parsing successfully

**** Starting to parse single object of type &lt;bool&gt; at location /home/travis/build/smarie/python-parsyfiles/parsyfiles/tests/combining_parsers_converters/test_data/b64pickle-float-1.0=True ****
Checking all files under [/home/travis/build/smarie/python-parsyfiles/parsyfiles/tests/combining_parsers_converters/test_data/b64pickle-float-1.0=True]
(C) /home/travis/build/smarie/python-parsyfiles/parsyfiles/tests/combining_parsers_converters/test_data/b64pickle-float-1.0=True (singlefile, .txt)
File checks done

Building a parsing plan to parse [/home/travis/build/smarie/python-parsyfiles/parsyfiles/tests/combining_parsers_converters/test_data/b64pickle-float-1.0=True] into a bool
(B) /home/travis/build/smarie/python-parsyfiles/parsyfiles/tests/combining_parsers_converters/test_data/b64pickle-float-1.0=True.txt -&gt; bool ------- using [Try &apos;$&lt;read_str_from_txt&gt; =&gt; &lt;str_to_bool&gt;$&apos; then &apos;$&lt;read_str_from_txt&gt; =&gt; &lt;base64_ascii_str_pickle_to_object&gt; -&gt; &lt;float_to_bool&gt;$&apos; then &apos;$&lt;read_str_from_txt&gt; =&gt; &lt;base64_ascii_str_pickle_to_object&gt; -&gt; &lt;int_to_bool&gt;$&apos; then &apos;$&lt;read_str_from_txt&gt; =&gt; &lt;base64_ascii_str_pickle_to_object&gt; -&gt; &lt;str_to_bool&gt;$&apos; then &apos;$&lt;read_str_from_txt&gt; =&gt; &lt;base64_ascii_str_pickle_to_object&gt;$]&apos;]
(B)                                                                                                  |--b64pickle-float-1.0=True.txt -&gt; bool ------- using $&lt;read_str_from_txt&gt; =&gt; &lt;str_to_bool&gt;$
Parsing Plan created successfully

Executing Parsing Plan for [/home/travis/build/smarie/python-parsyfiles/parsyfiles/tests/combining_parsers_converters/test_data/b64pickle-float-1.0=True]
(P) /home/travis/build/smarie/python-parsyfiles/parsyfiles/tests/combining_parsers_converters/test_data/b64pickle-float-1.0=True.txt -&gt; bool ------- using $&lt;read_str_from_txt&gt; =&gt; &lt;str_to_bool&gt;$
  !! Caught error during execution !!
  File &quot;/home/travis/build/smarie/python-parsyfiles/parsyfiles/converting_core.py&quot;, line 524, in _convert
    return self.conversion_method(desired_type, source_obj, logger, **opts)
  File &quot;/home/travis/build/smarie/python-parsyfiles/parsyfiles/plugins_base/support_for_primitive_types.py&quot;, line 84, in primitive_to_bool
    return bool(strtobool(source))
  File &quot;/opt/python/3.5.5/lib/python3.5/distutils/util.py&quot;, line 317, in strtobool
    raise ValueError(&quot;invalid truth value %r&quot; % (val,))
  ValueError : invalid truth value &apos;ganhp/aaaaaaaaau&apos;
(B)                                                                                                  |--b64pickle-float-1.0=True.txt -&gt; bool ------- using $&lt;read_str_from_txt&gt; =&gt; &lt;base64_ascii_str_pickle_to_object&gt; -&gt; &lt;float_to_bool&gt;$
Executing Parsing Plan for [/home/travis/build/smarie/python-parsyfiles/parsyfiles/tests/combining_parsers_converters/test_data/b64pickle-float-1.0=True]
(P) /home/travis/build/smarie/python-parsyfiles/parsyfiles/tests/combining_parsers_converters/test_data/b64pickle-float-1.0=True.txt -&gt; bool ------- using $&lt;read_str_from_txt&gt; =&gt; &lt;base64_ascii_str_pickle_to_object&gt; -&gt; &lt;float_to_bool&gt;$
(P)                                                                                                  |--b64pickle-float-1.0=True.txt -&gt; bool SUCCESS !
Completed parsing successfully

**** Starting to parse single object of type &lt;bool&gt; at location /home/travis/build/smarie/python-parsyfiles/parsyfiles/tests/combining_parsers_converters/test_data/b64pickle-float-1.0=True ****
Checking all files under [/home/travis/build/smarie/python-parsyfiles/parsyfiles/tests/combining_parsers_converters/test_data/b64pickle-float-1.0=True]
(C) /home/travis/build/smarie/python-parsyfiles/parsyfiles/tests/combining_parsers_converters/test_data/b64pickle-float-1.0=True (singlefile, .txt)
File checks done

Building a parsing plan to parse [/home/travis/build/smarie/python-parsyfiles/parsyfiles/tests/combining_parsers_converters/test_data/b64pickle-float-1.0=True] into a bool
(B) /home/travis/build/smarie/python-parsyfiles/parsyfiles/tests/combining_parsers_converters/test_data/b64pickle-float-1.0=True.txt -&gt; bool ------- using [Try &apos;$&lt;read_str_from_txt&gt; =&gt; &lt;str_to_bool&gt;$&apos; then &apos;$&lt;read_str_from_txt&gt; =&gt; &lt;base64_ascii_str_pickle_to_object&gt; -&gt; &lt;float_to_bool&gt;$&apos; then &apos;$&lt;read_str_from_txt&gt; =&gt; &lt;base64_ascii_str_pickle_to_object&gt; -&gt; &lt;int_to_bool&gt;$&apos; then &apos;$&lt;read_str_from_txt&gt; =&gt; &lt;base64_ascii_str_pickle_to_object&gt; -&gt; &lt;str_to_bool&gt;$&apos; then &apos;$&lt;read_str_from_txt&gt; =&gt; &lt;base64_ascii_str_pickle_to_object&gt;$]&apos;]
(B)                                                                                                  |--b64pickle-float-1.0=True.txt -&gt; bool ------- using $&lt;read_str_from_txt&gt; =&gt; &lt;str_to_bool&gt;$
Parsing Plan created successfully

Executing Parsing Plan for [/home/travis/build/smarie/python-parsyfiles/parsyfiles/tests/combining_parsers_converters/test_data/b64pickle-float-1.0=True]
(P) /home/travis/build/smarie/python-parsyfiles/parsyfiles/tests/combining_parsers_converters/test_data/b64pickle-float-1.0=True.txt -&gt; bool ------- using $&lt;read_str_from_txt&gt; =&gt; &lt;str_to_bool&gt;$
  !! Caught error during execution !!
  File &quot;/home/travis/build/smarie/python-parsyfiles/parsyfiles/converting_core.py&quot;, line 524, in _convert
    return self.conversion_method(desired_type, source_obj, logger, **opts)
  File &quot;/home/travis/build/smarie/python-parsyfiles/parsyfiles/plugins_base/support_for_primitive_types.py&quot;, line 84, in primitive_to_bool
    return bool(strtobool(source))
  File &quot;/opt/python/3.5.5/lib/python3.5/distutils/util.py&quot;, line 317, in strtobool
    raise ValueError(&quot;invalid truth value %r&quot; % (val,))
  ValueError : invalid truth value &apos;ganhp/aaaaaaaaau&apos;
(B)                                                                                                  |--b64pickle-float-1.0=True.txt -&gt; bool ------- using $&lt;read_str_from_txt&gt; =&gt; &lt;base64_ascii_str_pickle_to_object&gt; -&gt; &lt;float_to_bool&gt;$
Executing Parsing Plan for [/home/travis/build/smarie/python-parsyfiles/parsyfiles/tests/combining_parsers_converters/test_data/b64pickle-float-1.0=True]
(P) /home/travis/build/smarie/python-parsyfiles/parsyfiles/tests/combining_parsers_converters/test_data/b64pickle-float-1.0=True.txt -&gt; bool ------- using $&lt;read_str_from_txt&gt; =&gt; &lt;base64_ascii_str_pickle_to_object&gt; -&gt; &lt;float_to_bool&gt;$
(P)                                                                                                  |--b64pickle-float-1.0=True.txt -&gt; bool SUCCESS !
Completed parsing successfully

**** Starting to parse single object of type &lt;bool&gt; at location /home/travis/build/smarie/python-parsyfiles/parsyfiles/tests/combining_parsers_converters/test_data/b64pickle-float-1.0=True ****
Checking all files under [/home/travis/build/smarie/python-parsyfiles/parsyfiles/tests/combining_parsers_converters/test_data/b64pickle-float-1.0=True]
(C) /home/travis/build/smarie/python-parsyfiles/parsyfiles/tests/combining_parsers_converters/test_data/b64pickle-float-1.0=True (singlefile, .txt)
File checks done

Building a parsing plan to parse [/home/travis/build/smarie/python-parsyfiles/parsyfiles/tests/combining_parsers_converters/test_data/b64pickle-float-1.0=True] into a bool
(B) /home/travis/build/smarie/python-parsyfiles/parsyfiles/tests/combining_parsers_converters/test_data/b64pickle-float-1.0=True.txt -&gt; bool ------- using [Try &apos;$&lt;read_str_from_txt&gt; =&gt; &lt;str_to_bool&gt;$&apos; then &apos;$&lt;read_str_from_txt&gt; =&gt; &lt;base64_ascii_str_pickle_to_object&gt; -&gt; &lt;float_to_bool&gt;$&apos; then &apos;$&lt;read_str_from_txt&gt; =&gt; &lt;base64_ascii_str_pickle_to_object&gt; -&gt; &lt;int_to_bool&gt;$&apos; then &apos;$&lt;read_str_from_txt&gt; =&gt; &lt;base64_ascii_str_pickle_to_object&gt; -&gt; &lt;str_to_bool&gt;$&apos; then &apos;$&lt;read_str_from_txt&gt; =&gt; &lt;base64_ascii_str_pickle_to_object&gt;$]&apos;]
(B)                                                                                                  |--b64pickle-float-1.0=True.txt -&gt; bool ------- using $&lt;read_str_from_txt&gt; =&gt; &lt;str_to_bool&gt;$
Parsing Plan created successfully

Executing Parsing Plan for [/home/travis/build/smarie/python-parsyfiles/parsyfiles/tests/combining_parsers_converters/test_data/b64pickle-float-1.0=True]
(P) /home/travis/build/smarie/python-parsyfiles/parsyfiles/tests/combining_parsers_converters/test_data/b64pickle-float-1.0=True.txt -&gt; bool ------- using $&lt;read_str_from_txt&gt; =&gt; &lt;str_to_bool&gt;$
  !! Caught error during execution !!
  File &quot;/home/travis/build/smarie/python-parsyfiles/parsyfiles/converting_core.py&quot;, line 524, in _convert
    return self.conversion_method(desired_type, source_obj, logger, **opts)
  File &quot;/home/travis/build/smarie/python-parsyfiles/parsyfiles/plugins_base/support_for_primitive_types.py&quot;, line 84, in primitive_to_bool
    return bool(strtobool(source))
  File &quot;/opt/python/3.5.5/lib/python3.5/distutils/util.py&quot;, line 317, in strtobool
    raise ValueError(&quot;invalid truth value %r&quot; % (val,))
  ValueError : invalid truth value &apos;ganhp/aaaaaaaaau&apos;
(B)                                                                                                  |--b64pickle-float-1.0=True.txt -&gt; bool ------- using $&lt;read_str_from_txt&gt; =&gt; &lt;base64_ascii_str_pickle_to_object&gt; -&gt; &lt;float_to_bool&gt;$
Executing Parsing Plan for [/home/travis/build/smarie/python-parsyfiles/parsyfiles/tests/combining_parsers_converters/test_data/b64pickle-float-1.0=True]
(P) /home/travis/build/smarie/python-parsyfiles/parsyfiles/tests/combining_parsers_converters/test_data/b64pickle-float-1.0=True.txt -&gt; bool ------- using $&lt;read_str_from_txt&gt; =&gt; &lt;base64_ascii_str_pickle_to_object&gt; -&gt; &lt;float_to_bool&gt;$
(P)                                                                                                  |--b64pickle-float-1.0=True.txt -&gt; bool SUCCESS !
Completed parsing successfully

**** Starting to parse single object of type &lt;bool&gt; at location /home/travis/build/smarie/python-parsyfiles/parsyfiles/tests/combining_parsers_converters/test_data/b64pickle-float-1.0=True ****
Checking all files under [/home/travis/build/smarie/python-parsyfiles/parsyfiles/tests/combining_parsers_converters/test_data/b64pickle-float-1.0=True]
(C) /home/travis/build/smarie/python-parsyfiles/parsyfiles/tests/combining_parsers_converters/test_data/b64pickle-float-1.0=True (singlefile, .txt)
File checks done

Building a parsing plan to parse [/home/travis/build/smarie/python-parsyfiles/parsyfiles/tests/combining_parsers_converters/test_data/b64pickle-float-1.0=True] into a bool
(B) /home/travis/build/smarie/python-parsyfiles/parsyfiles/tests/combining_parsers_converters/test_data/b64pickle-float-1.0=True.txt -&gt; bool ------- using [Try &apos;$&lt;read_str_from_txt&gt; =&gt; &lt;str_to_bool&gt;$&apos; then &apos;$&lt;read_str_from_txt&gt; =&gt; &lt;base64_ascii_str_pickle_to_object&gt; -&gt; &lt;float_to_bool&gt;$&apos; then &apos;$&lt;read_str_from_txt&gt; =&gt; &lt;base64_ascii_str_pickle_to_object&gt; -&gt; &lt;int_to_bool&gt;$&apos; then &apos;$&lt;read_str_from_txt&gt; =&gt; &lt;base64_ascii_str_pickle_to_object&gt; -&gt; &lt;str_to_bool&gt;$&apos; then &apos;$&lt;read_str_from_txt&gt; =&gt; &lt;base64_ascii_str_pickle_to_object&gt;$]&apos;]
(B)                                                                                                  |--b64pickle-float-1.0=True.txt -&gt; bool ------- using $&lt;read_str_from_txt&gt; =&gt; &lt;str_to_bool&gt;$
Parsing Plan created successfully

Executing Parsing Plan for [/home/travis/build/smarie/python-parsyfiles/parsyfiles/tests/combining_parsers_converters/test_data/b64pickle-float-1.0=True]
(P) /home/travis/build/smarie/python-parsyfiles/parsyfiles/tests/combining_parsers_converters/test_data/b64pickle-float-1.0=True.txt -&gt; bool ------- using $&lt;read_str_from_txt&gt; =&gt; &lt;str_to_bool&gt;$
  !! Caught error during execution !!
  File &quot;/home/travis/build/smarie/python-parsyfiles/parsyfiles/converting_core.py&quot;, line 524, in _convert
    return self.conversion_method(desired_type, source_obj, logger, **opts)
  File &quot;/home/travis/build/smarie/python-parsyfiles/parsyfiles/plugins_base/support_for_primitive_types.py&quot;, line 84, in primitive_to_bool
    return bool(strtobool(source))
  File &quot;/opt/python/3.5.5/lib/python3.5/distutils/util.py&quot;, line 317, in strtobool
    raise ValueError(&quot;invalid truth value %r&quot; % (val,))
  ValueError : invalid truth value &apos;ganhp/aaaaaaaaau&apos;
(B)                                                                                                  |--b64pickle-float-1.0=True.txt -&gt; bool ------- using $&lt;read_str_from_txt&gt; =&gt; &lt;base64_ascii_str_pickle_to_object&gt; -&gt; &lt;float_to_bool&gt;$
Executing Parsing Plan for [/home/travis/build/smarie/python-parsyfiles/parsyfiles/tests/combining_parsers_converters/test_data/b64pickle-float-1.0=True]
(P) /home/travis/build/smarie/python-parsyfiles/parsyfiles/tests/combining_parsers_converters/test_data/b64pickle-float-1.0=True.txt -&gt; bool ------- using $&lt;read_str_from_txt&gt; =&gt; &lt;base64_ascii_str_pickle_to_object&gt; -&gt; &lt;float_to_bool&gt;$
(P)                                                                                                  |--b64pickle-float-1.0=True.txt -&gt; bool SUCCESS !
Completed parsing successfully

**** Starting to parse single object of type &lt;bool&gt; at location /home/travis/build/smarie/python-parsyfiles/parsyfiles/tests/combining_parsers_converters/test_data/b64pickle-float-1.0=True ****
Checking all files under [/home/travis/build/smarie/python-parsyfiles/parsyfiles/tests/combining_parsers_converters/test_data/b64pickle-float-1.0=True]
(C) /home/travis/build/smarie/python-parsyfiles/parsyfiles/tests/combining_parsers_converters/test_data/b64pickle-float-1.0=True (singlefile, .txt)
File checks done

Building a parsing plan to parse [/home/travis/build/smarie/python-parsyfiles/parsyfiles/tests/combining_parsers_converters/test_data/b64pickle-float-1.0=True] into a bool
(B) /home/travis/build/smarie/python-parsyfiles/parsyfiles/tests/combining_parsers_converters/test_data/b64pickle-float-1.0=True.txt -&gt; bool ------- using [Try &apos;$&lt;read_str_from_txt&gt; =&gt; &lt;str_to_bool&gt;$&apos; then &apos;$&lt;read_str_from_txt&gt; =&gt; &lt;base64_ascii_str_pickle_to_object&gt; -&gt; &lt;float_to_bool&gt;$&apos; then &apos;$&lt;read_str_from_txt&gt; =&gt; &lt;base64_ascii_str_pickle_to_object&gt; -&gt; &lt;int_to_bool&gt;$&apos; then &apos;$&lt;read_str_from_txt&gt; =&gt; &lt;base64_ascii_str_pickle_to_object&gt; -&gt; &lt;str_to_bool&gt;$&apos; then &apos;$&lt;read_str_from_txt&gt; =&gt; &lt;base64_ascii_str_pickle_to_object&gt;$]&apos;]
(B)                                                                                                  |--b64pickle-float-1.0=True.txt -&gt; bool ------- using $&lt;read_str_from_txt&gt; =&gt; &lt;str_to_bool&gt;$
Parsing Plan created successfully

Executing Parsing Plan for [/home/travis/build/smarie/python-parsyfiles/parsyfiles/tests/combining_parsers_converters/test_data/b64pickle-float-1.0=True]
(P) /home/travis/build/smarie/python-parsyfiles/parsyfiles/tests/combining_parsers_converters/test_data/b64pickle-float-1.0=True.txt -&gt; bool ------- using $&lt;read_str_from_txt&gt; =&gt; &lt;str_to_bool&gt;$
  !! Caught error during execution !!
  File &quot;/home/travis/build/smarie/python-parsyfiles/parsyfiles/converting_core.py&quot;, line 524, in _convert
    return self.conversion_method(desired_type, source_obj, logger, **opts)
  File &quot;/home/travis/build/smarie/python-parsyfiles/parsyfiles/plugins_base/support_for_primitive_types.py&quot;, line 84, in primitive_to_bool
    return bool(strtobool(source))
  File &quot;/opt/python/3.5.5/lib/python3.5/distutils/util.py&quot;, line 317, in strtobool
    raise ValueError(&quot;invalid truth value %r&quot; % (val,))
  ValueError : invalid truth value &apos;ganhp/aaaaaaaaau&apos;
(B)                                                                                                  |--b64pickle-float-1.0=True.txt -&gt; bool ------- using $&lt;read_str_from_txt&gt; =&gt; &lt;base64_ascii_str_pickle_to_object&gt; -&gt; &lt;float_to_bool&gt;$
Executing Parsing Plan for [/home/travis/build/smarie/python-parsyfiles/parsyfiles/tests/combining_parsers_converters/test_data/b64pickle-float-1.0=True]
(P) /home/travis/build/smarie/python-parsyfiles/parsyfiles/tests/combining_parsers_converters/test_data/b64pickle-float-1.0=True.txt -&gt; bool ------- using $&lt;read_str_from_txt&gt; =&gt; &lt;base64_ascii_str_pickle_to_object&gt; -&gt; &lt;float_to_bool&gt;$
(P)                                                                                                  |--b64pickle-float-1.0=True.txt -&gt; bool SUCCESS !
Completed parsing successfully

**** Starting to parse single object of type &lt;bool&gt; at location /home/travis/build/smarie/python-parsyfiles/parsyfiles/tests/combining_parsers_converters/test_data/b64pickle-float-1.0=True ****
Checking all files under [/home/travis/build/smarie/python-parsyfiles/parsyfiles/tests/combining_parsers_converters/test_data/b64pickle-float-1.0=True]
(C) /home/travis/build/smarie/python-parsyfiles/parsyfiles/tests/combining_parsers_converters/test_data/b64pickle-float-1.0=True (singlefile, .txt)
File checks done

Building a parsing plan to parse [/home/travis/build/smarie/python-parsyfiles/parsyfiles/tests/combining_parsers_converters/test_data/b64pickle-float-1.0=True] into a bool
(B) /home/travis/build/smarie/python-parsyfiles/parsyfiles/tests/combining_parsers_converters/test_data/b64pickle-float-1.0=True.txt -&gt; bool ------- using [Try &apos;$&lt;read_str_from_txt&gt; =&gt; &lt;str_to_bool&gt;$&apos; then &apos;$&lt;read_str_from_txt&gt; =&gt; &lt;base64_ascii_str_pickle_to_object&gt; -&gt; &lt;float_to_bool&gt;$&apos; then &apos;$&lt;read_str_from_txt&gt; =&gt; &lt;base64_ascii_str_pickle_to_object&gt; -&gt; &lt;int_to_bool&gt;$&apos; then &apos;$&lt;read_str_from_txt&gt; =&gt; &lt;base64_ascii_str_pickle_to_object&gt; -&gt; &lt;str_to_bool&gt;$&apos; then &apos;$&lt;read_str_from_txt&gt; =&gt; &lt;base64_ascii_str_pickle_to_object&gt;$]&apos;]
(B)                                                                                                  |--b64pickle-float-1.0=True.txt -&gt; bool ------- using $&lt;read_str_from_txt&gt; =&gt; &lt;str_to_bool&gt;$
Parsing Plan created successfully

Executing Parsing Plan for [/home/travis/build/smarie/python-parsyfiles/parsyfiles/tests/combining_parsers_converters/test_data/b64pickle-float-1.0=True]
(P) /home/travis/build/smarie/python-parsyfiles/parsyfiles/tests/combining_parsers_converters/test_data/b64pickle-float-1.0=True.txt -&gt; bool ------- using $&lt;read_str_from_txt&gt; =&gt; &lt;str_to_bool&gt;$
  !! Caught error during execution !!
  File &quot;/home/travis/build/smarie/python-parsyfiles/parsyfiles/converting_core.py&quot;, line 524, in _convert
    return self.conversion_method(desired_type, source_obj, logger, **opts)
  File &quot;/home/travis/build/smarie/python-parsyfiles/parsyfiles/plugins_base/support_for_primitive_types.py&quot;, line 84, in primitive_to_bool
    return bool(strtobool(source))
  File &quot;/opt/python/3.5.5/lib/python3.5/distutils/util.py&quot;, line 317, in strtobool
    raise ValueError(&quot;invalid truth value %r&quot; % (val,))
  ValueError : invalid truth value &apos;ganhp/aaaaaaaaau&apos;
(B)                                                                                                  |--b64pickle-float-1.0=True.txt -&gt; bool ------- using $&lt;read_str_from_txt&gt; =&gt; &lt;base64_ascii_str_pickle_to_object&gt; -&gt; &lt;float_to_bool&gt;$
Executing Parsing Plan for [/home/travis/build/smarie/python-parsyfiles/parsyfiles/tests/combining_parsers_converters/test_data/b64pickle-float-1.0=True]
(P) /home/travis/build/smarie/python-parsyfiles/parsyfiles/tests/combining_parsers_converters/test_data/b64pickle-float-1.0=True.txt -&gt; bool ------- using $&lt;read_str_from_txt&gt; =&gt; &lt;base64_ascii_str_pickle_to_object&gt; -&gt; &lt;float_to_bool&gt;$
(P)                                                                                                  |--b64pickle-float-1.0=True.txt -&gt; bool SUCCESS !
Completed parsing successfully

**** Starting to parse single object of type &lt;bool&gt; at location /home/travis/build/smarie/python-parsyfiles/parsyfiles/tests/combining_parsers_converters/test_data/b64pickle-float-1.0=True ****
Checking all files under [/home/travis/build/smarie/python-parsyfiles/parsyfiles/tests/combining_parsers_converters/test_data/b64pickle-float-1.0=True]
(C) /home/travis/build/smarie/python-parsyfiles/parsyfiles/tests/combining_parsers_converters/test_data/b64pickle-float-1.0=True (singlefile, .txt)
File checks done

Building a parsing plan to parse [/home/travis/build/smarie/python-parsyfiles/parsyfiles/tests/combining_parsers_converters/test_data/b64pickle-float-1.0=True] into a bool
(B) /home/travis/build/smarie/python-parsyfiles/parsyfiles/tests/combining_parsers_converters/test_data/b64pickle-float-1.0=True.txt -&gt; bool ------- using [Try &apos;$&lt;read_str_from_txt&gt; =&gt; &lt;str_to_bool&gt;$&apos; then &apos;$&lt;read_str_from_txt&gt; =&gt; &lt;base64_ascii_str_pickle_to_object&gt; -&gt; &lt;float_to_bool&gt;$&apos; then &apos;$&lt;read_str_from_txt&gt; =&gt; &lt;base64_ascii_str_pickle_to_object&gt; -&gt; &lt;int_to_bool&gt;$&apos; then &apos;$&lt;read_str_from_txt&gt; =&gt; &lt;base64_ascii_str_pickle_to_object&gt; -&gt; &lt;str_to_bool&gt;$&apos; then &apos;$&lt;read_str_from_txt&gt; =&gt; &lt;base64_ascii_str_pickle_to_object&gt;$]&apos;]
(B)                                                                                                  |--b64pickle-float-1.0=True.txt -&gt; bool ------- using $&lt;read_str_from_txt&gt; =&gt; &lt;str_to_bool&gt;$
Parsing Plan created successfully

Executing Parsing Plan for [/home/travis/build/smarie/python-parsyfiles/parsyfiles/tests/combining_parsers_converters/test_data/b64pickle-float-1.0=True]
(P) /home/travis/build/smarie/python-parsyfiles/parsyfiles/tests/combining_parsers_converters/test_data/b64pickle-float-1.0=True.txt -&gt; bool ------- using $&lt;read_str_from_txt&gt; =&gt; &lt;str_to_bool&gt;$
  !! Caught error during execution !!
  File &quot;/home/travis/build/smarie/python-parsyfiles/parsyfiles/converting_core.py&quot;, line 524, in _convert
    return self.conversion_method(desired_type, source_obj, logger, **opts)
  File &quot;/home/travis/build/smarie/python-parsyfiles/parsyfiles/plugins_base/support_for_primitive_types.py&quot;, line 84, in primitive_to_bool
    return bool(strtobool(source))
  File &quot;/opt/python/3.5.5/lib/python3.5/distutils/util.py&quot;, line 317, in strtobool
    raise ValueError(&quot;invalid truth value %r&quot; % (val,))
  ValueError : invalid truth value &apos;ganhp/aaaaaaaaau&apos;
(B)                                                                                                  |--b64pickle-float-1.0=True.txt -&gt; bool ------- using $&lt;read_str_from_txt&gt; =&gt; &lt;base64_ascii_str_pickle_to_object&gt; -&gt; &lt;float_to_bool&gt;$
Executing Parsing Plan for [/home/travis/build/smarie/python-parsyfiles/parsyfiles/tests/combining_parsers_converters/test_data/b64pickle-float-1.0=True]
(P) /home/travis/build/smarie/python-parsyfiles/parsyfiles/tests/combining_parsers_converters/test_data/b64pickle-float-1.0=True.txt -&gt; bool ------- using $&lt;read_str_from_txt&gt; =&gt; &lt;base64_ascii_str_pickle_to_object&gt; -&gt; &lt;float_to_bool&gt;$
(P)                                                                                                  |--b64pickle-float-1.0=True.txt -&gt; bool SUCCESS !
Completed parsing successfully

**** Starting to parse single object of type &lt;bool&gt; at location /home/travis/build/smarie/python-parsyfiles/parsyfiles/tests/combining_parsers_converters/test_data/b64pickle-float-1.0=True ****
Checking all files under [/home/travis/build/smarie/python-parsyfiles/parsyfiles/tests/combining_parsers_converters/test_data/b64pickle-float-1.0=True]
(C) /home/travis/build/smarie/python-parsyfiles/parsyfiles/tests/combining_parsers_converters/test_data/b64pickle-float-1.0=True (singlefile, .txt)
File checks done

Building a parsing plan to parse [/home/travis/build/smarie/python-parsyfiles/parsyfiles/tests/combining_parsers_converters/test_data/b64pickle-float-1.0=True] into a bool
(B) /home/travis/build/smarie/python-parsyfiles/parsyfiles/tests/combining_parsers_converters/test_data/b64pickle-float-1.0=True.txt -&gt; bool ------- using [Try &apos;$&lt;read_str_from_txt&gt; =&gt; &lt;str_to_bool&gt;$&apos; then &apos;$&lt;read_str_from_txt&gt; =&gt; &lt;base64_ascii_str_pickle_to_object&gt; -&gt; &lt;float_to_bool&gt;$&apos; then &apos;$&lt;read_str_from_txt&gt; =&gt; &lt;base64_ascii_str_pickle_to_object&gt; -&gt; &lt;int_to_bool&gt;$&apos; then &apos;$&lt;read_str_from_txt&gt; =&gt; &lt;base64_ascii_str_pickle_to_object&gt; -&gt; &lt;str_to_bool&gt;$&apos; then &apos;$&lt;read_str_from_txt&gt; =&gt; &lt;base64_ascii_str_pickle_to_object&gt;$]&apos;]
(B)                                                                                                  |--b64pickle-float-1.0=True.txt -&gt; bool ------- using $&lt;read_str_from_txt&gt; =&gt; &lt;str_to_bool&gt;$
Parsing Plan created successfully

Executing Parsing Plan for [/home/travis/build/smarie/python-parsyfiles/parsyfiles/tests/combining_parsers_converters/test_data/b64pickle-float-1.0=True]
(P) /home/travis/build/smarie/python-parsyfiles/parsyfiles/tests/combining_parsers_converters/test_data/b64pickle-float-1.0=True.txt -&gt; bool ------- using $&lt;read_str_from_txt&gt; =&gt; &lt;str_to_bool&gt;$
  !! Caught error during execution !!
  File &quot;/home/travis/build/smarie/python-parsyfiles/parsyfiles/converting_core.py&quot;, line 524, in _convert
    return self.conversion_method(desired_type, source_obj, logger, **opts)
  File &quot;/home/travis/build/smarie/python-parsyfiles/parsyfiles/plugins_base/support_for_primitive_types.py&quot;, line 84, in primitive_to_bool
    return bool(strtobool(source))
  File &quot;/opt/python/3.5.5/lib/python3.5/distutils/util.py&quot;, line 317, in strtobool
    raise ValueError(&quot;invalid truth value %r&quot; % (val,))
  ValueError : invalid truth value &apos;ganhp/aaaaaaaaau&apos;
(B)                                                                                                  |--b64pickle-float-1.0=True.txt -&gt; bool ------- using $&lt;read_str_from_txt&gt; =&gt; &lt;base64_ascii_str_pickle_to_object&gt; -&gt; &lt;float_to_bool&gt;$
Executing Parsing Plan for [/home/travis/build/smarie/python-parsyfiles/parsyfiles/tests/combining_parsers_converters/test_data/b64pickle-float-1.0=True]
(P) /home/travis/build/smarie/python-parsyfiles/parsyfiles/tests/combining_parsers_converters/test_data/b64pickle-float-1.0=True.txt -&gt; bool ------- using $&lt;read_str_from_txt&gt; =&gt; &lt;base64_ascii_str_pickle_to_object&gt; -&gt; &lt;float_to_bool&gt;$
(P)                                                                                                  |--b64pickle-float-1.0=True.txt -&gt; bool SUCCESS !
Completed parsing successfully

**** Starting to parse single object of type &lt;bool&gt; at location /home/travis/build/smarie/python-parsyfiles/parsyfiles/tests/combining_parsers_converters/test_data/b64pickle-float-1.0=True ****
Checking all files under [/home/travis/build/smarie/python-parsyfiles/parsyfiles/tests/combining_parsers_converters/test_data/b64pickle-float-1.0=True]
(C) /home/travis/build/smarie/python-parsyfiles/parsyfiles/tests/combining_parsers_converters/test_data/b64pickle-float-1.0=True (singlefile, .txt)
File checks done

Building a parsing plan to parse [/home/travis/build/smarie/python-parsyfiles/parsyfiles/tests/combining_parsers_converters/test_data/b64pickle-float-1.0=True] into a bool
(B) /home/travis/build/smarie/python-parsyfiles/parsyfiles/tests/combining_parsers_converters/test_data/b64pickle-float-1.0=True.txt -&gt; bool ------- using [Try &apos;$&lt;read_str_from_txt&gt; =&gt; &lt;str_to_bool&gt;$&apos; then &apos;$&lt;read_str_from_txt&gt; =&gt; &lt;base64_ascii_str_pickle_to_object&gt; -&gt; &lt;float_to_bool&gt;$&apos; then &apos;$&lt;read_str_from_txt&gt; =&gt; &lt;base64_ascii_str_pickle_to_object&gt; -&gt; &lt;int_to_bool&gt;$&apos; then &apos;$&lt;read_str_from_txt&gt; =&gt; &lt;base64_ascii_str_pickle_to_object&gt; -&gt; &lt;str_to_bool&gt;$&apos; then &apos;$&lt;read_str_from_txt&gt; =&gt; &lt;base64_ascii_str_pickle_to_object&gt;$]&apos;]
(B)                                                                                                  |--b64pickle-float-1.0=True.txt -&gt; bool ------- using $&lt;read_str_from_txt&gt; =&gt; &lt;str_to_bool&gt;$
Parsing Plan created successfully

Executing Parsing Plan for [/home/travis/build/smarie/python-parsyfiles/parsyfiles/tests/combining_parsers_converters/test_data/b64pickle-float-1.0=True]
(P) /home/travis/build/smarie/python-parsyfiles/parsyfiles/tests/combining_parsers_converters/test_data/b64pickle-float-1.0=True.txt -&gt; bool ------- using $&lt;read_str_from_txt&gt; =&gt; &lt;str_to_bool&gt;$
  !! Caught error during execution !!
  File &quot;/home/travis/build/smarie/python-parsyfiles/parsyfiles/converting_core.py&quot;, line 524, in _convert
    return self.conversion_method(desired_type, source_obj, logger, **opts)
  File &quot;/home/travis/build/smarie/python-parsyfiles/parsyfiles/plugins_base/support_for_primitive_types.py&quot;, line 84, in primitive_to_bool
    return bool(strtobool(source))
  File &quot;/opt/python/3.5.5/lib/python3.5/distutils/util.py&quot;, line 317, in strtobool
    raise ValueError(&quot;invalid truth value %r&quot; % (val,))
  ValueError : invalid truth value &apos;ganhp/aaaaaaaaau&apos;
(B)                                                                                                  |--b64pickle-float-1.0=True.txt -&gt; bool ------- using $&lt;read_str_from_txt&gt; =&gt; &lt;base64_ascii_str_pickle_to_object&gt; -&gt; &lt;float_to_bool&gt;$
Executing Parsing Plan for [/home/travis/build/smarie/python-parsyfiles/parsyfiles/tests/combining_parsers_converters/test_data/b64pickle-float-1.0=True]
(P) /home/travis/build/smarie/python-parsyfiles/parsyfiles/tests/combining_parsers_converters/test_data/b64pickle-float-1.0=True.txt -&gt; bool ------- using $&lt;read_str_from_txt&gt; =&gt; &lt;base64_ascii_str_pickle_to_object&gt; -&gt; &lt;float_to_bool&gt;$
(P)                                                                                                  |--b64pickle-float-1.0=True.txt -&gt; bool SUCCESS !
Completed parsing successfully

**** Starting to parse single object of type &lt;bool&gt; at location /home/travis/build/smarie/python-parsyfiles/parsyfiles/tests/combining_parsers_converters/test_data/b64pickle-float-1.0=True ****
Checking all files under [/home/travis/build/smarie/python-parsyfiles/parsyfiles/tests/combining_parsers_converters/test_data/b64pickle-float-1.0=True]
(C) /home/travis/build/smarie/python-parsyfiles/parsyfiles/tests/combining_parsers_converters/test_data/b64pickle-float-1.0=True (singlefile, .txt)
File checks done

Building a parsing plan to parse [/home/travis/build/smarie/python-parsyfiles/parsyfiles/tests/combining_parsers_converters/test_data/b64pickle-float-1.0=True] into a bool
(B) /home/travis/build/smarie/python-parsyfiles/parsyfiles/tests/combining_parsers_converters/test_data/b64pickle-float-1.0=True.txt -&gt; bool ------- using [Try &apos;$&lt;read_str_from_txt&gt; =&gt; &lt;str_to_bool&gt;$&apos; then &apos;$&lt;read_str_from_txt&gt; =&gt; &lt;base64_ascii_str_pickle_to_object&gt; -&gt; &lt;float_to_bool&gt;$&apos; then &apos;$&lt;read_str_from_txt&gt; =&gt; &lt;base64_ascii_str_pickle_to_object&gt; -&gt; &lt;int_to_bool&gt;$&apos; then &apos;$&lt;read_str_from_txt&gt; =&gt; &lt;base64_ascii_str_pickle_to_object&gt; -&gt; &lt;str_to_bool&gt;$&apos; then &apos;$&lt;read_str_from_txt&gt; =&gt; &lt;base64_ascii_str_pickle_to_object&gt;$]&apos;]
(B)                                                                                                  |--b64pickle-float-1.0=True.txt -&gt; bool ------- using $&lt;read_str_from_txt&gt; =&gt; &lt;str_to_bool&gt;$
Parsing Plan created successfully

Executing Parsing Plan for [/home/travis/build/smarie/python-parsyfiles/parsyfiles/tests/combining_parsers_converters/test_data/b64pickle-float-1.0=True]
(P) /home/travis/build/smarie/python-parsyfiles/parsyfiles/tests/combining_parsers_converters/test_data/b64pickle-float-1.0=True.txt -&gt; bool ------- using $&lt;read_str_from_txt&gt; =&gt; &lt;str_to_bool&gt;$
  !! Caught error during execution !!
  File &quot;/home/travis/build/smarie/python-parsyfiles/parsyfiles/converting_core.py&quot;, line 524, in _convert
    return self.conversion_method(desired_type, source_obj, logger, **opts)
  File &quot;/home/travis/build/smarie/python-parsyfiles/parsyfiles/plugins_base/support_for_primitive_types.py&quot;, line 84, in primitive_to_bool
    return bool(strtobool(source))
  File &quot;/opt/python/3.5.5/lib/python3.5/distutils/util.py&quot;, line 317, in strtobool
    raise ValueError(&quot;invalid truth value %r&quot; % (val,))
  ValueError : invalid truth value &apos;ganhp/aaaaaaaaau&apos;
(B)                                                                                                  |--b64pickle-float-1.0=True.txt -&gt; bool ------- using $&lt;read_str_from_txt&gt; =&gt; &lt;base64_ascii_str_pickle_to_object&gt; -&gt; &lt;float_to_bool&gt;$
Executing Parsing Plan for [/home/travis/build/smarie/python-parsyfiles/parsyfiles/tests/combining_parsers_converters/test_data/b64pickle-float-1.0=True]
(P) /home/travis/build/smarie/python-parsyfiles/parsyfiles/tests/combining_parsers_converters/test_data/b64pickle-float-1.0=True.txt -&gt; bool ------- using $&lt;read_str_from_txt&gt; =&gt; &lt;base64_ascii_str_pickle_to_object&gt; -&gt; &lt;float_to_bool&gt;$
(P)                                                                                                  |--b64pickle-float-1.0=True.txt -&gt; bool SUCCESS !
Completed parsing successfully

**** Starting to parse single object of type &lt;bool&gt; at location /home/travis/build/smarie/python-parsyfiles/parsyfiles/tests/combining_parsers_converters/test_data/b64pickle-float-1.0=True ****
Checking all files under [/home/travis/build/smarie/python-parsyfiles/parsyfiles/tests/combining_parsers_converters/test_data/b64pickle-float-1.0=True]
(C) /home/travis/build/smarie/python-parsyfiles/parsyfiles/tests/combining_parsers_converters/test_data/b64pickle-float-1.0=True (singlefile, .txt)
File checks done

Building a parsing plan to parse [/home/travis/build/smarie/python-parsyfiles/parsyfiles/tests/combining_parsers_converters/test_data/b64pickle-float-1.0=True] into a bool
(B) /home/travis/build/smarie/python-parsyfiles/parsyfiles/tests/combining_parsers_converters/test_data/b64pickle-float-1.0=True.txt -&gt; bool ------- using [Try &apos;$&lt;read_str_from_txt&gt; =&gt; &lt;str_to_bool&gt;$&apos; then &apos;$&lt;read_str_from_txt&gt; =&gt; &lt;base64_ascii_str_pickle_to_object&gt; -&gt; &lt;float_to_bool&gt;$&apos; then &apos;$&lt;read_str_from_txt&gt; =&gt; &lt;base64_ascii_str_pickle_to_object&gt; -&gt; &lt;int_to_bool&gt;$&apos; then &apos;$&lt;read_str_from_txt&gt; =&gt; &lt;base64_ascii_str_pickle_to_object&gt; -&gt; &lt;str_to_bool&gt;$&apos; then &apos;$&lt;read_str_from_txt&gt; =&gt; &lt;base64_ascii_str_pickle_to_object&gt;$]&apos;]
(B)                                                                                                  |--b64pickle-float-1.0=True.txt -&gt; bool ------- using $&lt;read_str_from_txt&gt; =&gt; &lt;str_to_bool&gt;$
Parsing Plan created successfully

Executing Parsing Plan for [/home/travis/build/smarie/python-parsyfiles/parsyfiles/tests/combining_parsers_converters/test_data/b64pickle-float-1.0=True]
(P) /home/travis/build/smarie/python-parsyfiles/parsyfiles/tests/combining_parsers_converters/test_data/b64pickle-float-1.0=True.txt -&gt; bool ------- using $&lt;read_str_from_txt&gt; =&gt; &lt;str_to_bool&gt;$
  !! Caught error during execution !!
  File &quot;/home/travis/build/smarie/python-parsyfiles/parsyfiles/converting_core.py&quot;, line 524, in _convert
    return self.conversion_method(desired_type, source_obj, logger, **opts)
  File &quot;/home/travis/build/smarie/python-parsyfiles/parsyfiles/plugins_base/support_for_primitive_types.py&quot;, line 84, in primitive_to_bool
    return bool(strtobool(source))
  File &quot;/opt/python/3.5.5/lib/python3.5/distutils/util.py&quot;, line 317, in strtobool
    raise ValueError(&quot;invalid truth value %r&quot; % (val,))
  ValueError : invalid truth value &apos;ganhp/aaaaaaaaau&apos;
(B)                                                                                                  |--b64pickle-float-1.0=True.txt -&gt; bool ------- using $&lt;read_str_from_txt&gt; =&gt; &lt;base64_ascii_str_pickle_to_object&gt; -&gt; &lt;float_to_bool&gt;$
Executing Parsing Plan for [/home/travis/build/smarie/python-parsyfiles/parsyfiles/tests/combining_parsers_converters/test_data/b64pickle-float-1.0=True]
(P) /home/travis/build/smarie/python-parsyfiles/parsyfiles/tests/combining_parsers_converters/test_data/b64pickle-float-1.0=True.txt -&gt; bool ------- using $&lt;read_str_from_txt&gt; =&gt; &lt;base64_ascii_str_pickle_to_object&gt; -&gt; &lt;float_to_bool&gt;$
(P)                                                                                                  |--b64pickle-float-1.0=True.txt -&gt; bool SUCCESS !
Completed parsing successfully

**** Starting to parse single object of type &lt;bool&gt; at location /home/travis/build/smarie/python-parsyfiles/parsyfiles/tests/combining_parsers_converters/test_data/b64pickle-float-1.0=True ****
Checking all files under [/home/travis/build/smarie/python-parsyfiles/parsyfiles/tests/combining_parsers_converters/test_data/b64pickle-float-1.0=True]
(C) /home/travis/build/smarie/python-parsyfiles/parsyfiles/tests/combining_parsers_converters/test_data/b64pickle-float-1.0=True (singlefile, .txt)
File checks done

Building a parsing plan to parse [/home/travis/build/smarie/python-parsyfiles/parsyfiles/tests/combining_parsers_converters/test_data/b64pickle-float-1.0=True] into a bool
(B) /home/travis/build/smarie/python-parsyfiles/parsyfiles/tests/combining_parsers_converters/test_data/b64pickle-float-1.0=True.txt -&gt; bool ------- using [Try &apos;$&lt;read_str_from_txt&gt; =&gt; &lt;str_to_bool&gt;$&apos; then &apos;$&lt;read_str_from_txt&gt; =&gt; &lt;base64_ascii_str_pickle_to_object&gt; -&gt; &lt;float_to_bool&gt;$&apos; then &apos;$&lt;read_str_from_txt&gt; =&gt; &lt;base64_ascii_str_pickle_to_object&gt; -&gt; &lt;int_to_bool&gt;$&apos; then &apos;$&lt;read_str_from_txt&gt; =&gt; &lt;base64_ascii_str_pickle_to_object&gt; -&gt; &lt;str_to_bool&gt;$&apos; then &apos;$&lt;read_str_from_txt&gt; =&gt; &lt;base64_ascii_str_pickle_to_object&gt;$]&apos;]
(B)                                                                                                  |--b64pickle-float-1.0=True.txt -&gt; bool ------- using $&lt;read_str_from_txt&gt; =&gt; &lt;str_to_bool&gt;$
Parsing Plan created successfully

Executing Parsing Plan for [/home/travis/build/smarie/python-parsyfiles/parsyfiles/tests/combining_parsers_converters/test_data/b64pickle-float-1.0=True]
(P) /home/travis/build/smarie/python-parsyfiles/parsyfiles/tests/combining_parsers_converters/test_data/b64pickle-float-1.0=True.txt -&gt; bool ------- using $&lt;read_str_from_txt&gt; =&gt; &lt;str_to_bool&gt;$
  !! Caught error during execution !!
  File &quot;/home/travis/build/smarie/python-parsyfiles/parsyfiles/converting_core.py&quot;, line 524, in _convert
    return self.conversion_method(desired_type, source_obj, logger, **opts)
  File &quot;/home/travis/build/smarie/python-parsyfiles/parsyfiles/plugins_base/support_for_primitive_types.py&quot;, line 84, in primitive_to_bool
    return bool(strtobool(source))
  File &quot;/opt/python/3.5.5/lib/python3.5/distutils/util.py&quot;, line 317, in strtobool
    raise ValueError(&quot;invalid truth value %r&quot; % (val,))
  ValueError : invalid truth value &apos;ganhp/aaaaaaaaau&apos;
(B)                                                                                                  |--b64pickle-float-1.0=True.txt -&gt; bool ------- using $&lt;read_str_from_txt&gt; =&gt; &lt;base64_ascii_str_pickle_to_object&gt; -&gt; &lt;float_to_bool&gt;$
Executing Parsing Plan for [/home/travis/build/smarie/python-parsyfiles/parsyfiles/tests/combining_parsers_converters/test_data/b64pickle-float-1.0=True]
(P) /home/travis/build/smarie/python-parsyfiles/parsyfiles/tests/combining_parsers_converters/test_data/b64pickle-float-1.0=True.txt -&gt; bool ------- using $&lt;read_str_from_txt&gt; =&gt; &lt;base64_ascii_str_pickle_to_object&gt; -&gt; &lt;float_to_bool&gt;$
(P)                                                                                                  |--b64pickle-float-1.0=True.txt -&gt; bool SUCCESS !
Completed parsing successfully

**** Starting to parse single object of type &lt;bool&gt; at location /home/travis/build/smarie/python-parsyfiles/parsyfiles/tests/combining_parsers_converters/test_data/b64pickle-float-1.0=True ****
Checking all files under [/home/travis/build/smarie/python-parsyfiles/parsyfiles/tests/combining_parsers_converters/test_data/b64pickle-float-1.0=True]
(C) /home/travis/build/smarie/python-parsyfiles/parsyfiles/tests/combining_parsers_converters/test_data/b64pickle-float-1.0=True (singlefile, .txt)
File checks done

Building a parsing plan to parse [/home/travis/build/smarie/python-parsyfiles/parsyfiles/tests/combining_parsers_converters/test_data/b64pickle-float-1.0=True] into a bool
(B) /home/travis/build/smarie/python-parsyfiles/parsyfiles/tests/combining_parsers_converters/test_data/b64pickle-float-1.0=True.txt -&gt; bool ------- using [Try &apos;$&lt;read_str_from_txt&gt; =&gt; &lt;str_to_bool&gt;$&apos; then &apos;$&lt;read_str_from_txt&gt; =&gt; &lt;base64_ascii_str_pickle_to_object&gt; -&gt; &lt;float_to_bool&gt;$&apos; then &apos;$&lt;read_str_from_txt&gt; =&gt; &lt;base64_ascii_str_pickle_to_object&gt; -&gt; &lt;int_to_bool&gt;$&apos; then &apos;$&lt;read_str_from_txt&gt; =&gt; &lt;base64_ascii_str_pickle_to_object&gt; -&gt; &lt;str_to_bool&gt;$&apos; then &apos;$&lt;read_str_from_txt&gt; =&gt; &lt;base64_ascii_str_pickle_to_object&gt;$]&apos;]
(B)                                                                                                  |--b64pickle-float-1.0=True.txt -&gt; bool ------- using $&lt;read_str_from_txt&gt; =&gt; &lt;str_to_bool&gt;$
Parsing Plan created successfully

Executing Parsing Plan for [/home/travis/build/smarie/python-parsyfiles/parsyfiles/tests/combining_parsers_converters/test_data/b64pickle-float-1.0=True]
(P) /home/travis/build/smarie/python-parsyfiles/parsyfiles/tests/combining_parsers_converters/test_data/b64pickle-float-1.0=True.txt -&gt; bool ------- using $&lt;read_str_from_txt&gt; =&gt; &lt;str_to_bool&gt;$
  !! Caught error during execution !!
  File &quot;/home/travis/build/smarie/python-parsyfiles/parsyfiles/converting_core.py&quot;, line 524, in _convert
    return self.conversion_method(desired_type, source_obj, logger, **opts)
  File &quot;/home/travis/build/smarie/python-parsyfiles/parsyfiles/plugins_base/support_for_primitive_types.py&quot;, line 84, in primitive_to_bool
    return bool(strtobool(source))
  File &quot;/opt/python/3.5.5/lib/python3.5/distutils/util.py&quot;, line 317, in strtobool
    raise ValueError(&quot;invalid truth value %r&quot; % (val,))
  ValueError : invalid truth value &apos;ganhp/aaaaaaaaau&apos;
(B)                                                                                                  |--b64pickle-float-1.0=True.txt -&gt; bool ------- using $&lt;read_str_from_txt&gt; =&gt; &lt;base64_ascii_str_pickle_to_object&gt; -&gt; &lt;float_to_bool&gt;$
Executing Parsing Plan for [/home/travis/build/smarie/python-parsyfiles/parsyfiles/tests/combining_parsers_converters/test_data/b64pickle-float-1.0=True]
(P) /home/travis/build/smarie/python-parsyfiles/parsyfiles/tests/combining_parsers_converters/test_data/b64pickle-float-1.0=True.txt -&gt; bool ------- using $&lt;read_str_from_txt&gt; =&gt; &lt;base64_ascii_str_pickle_to_object&gt; -&gt; &lt;float_to_bool&gt;$
(P)                                                                                                  |--b64pickle-float-1.0=True.txt -&gt; bool SUCCESS !
Completed parsing successfully

**** Starting to parse single object of type &lt;bool&gt; at location /home/travis/build/smarie/python-parsyfiles/parsyfiles/tests/combining_parsers_converters/test_data/b64pickle-float-1.0=True ****
Checking all files under [/home/travis/build/smarie/python-parsyfiles/parsyfiles/tests/combining_parsers_converters/test_data/b64pickle-float-1.0=True]
(C) /home/travis/build/smarie/python-parsyfiles/parsyfiles/tests/combining_parsers_converters/test_data/b64pickle-float-1.0=True (singlefile, .txt)
File checks done

Building a parsing plan to parse [/home/travis/build/smarie/python-parsyfiles/parsyfiles/tests/combining_parsers_converters/test_data/b64pickle-float-1.0=True] into a bool
(B) /home/travis/build/smarie/python-parsyfiles/parsyfiles/tests/combining_parsers_converters/test_data/b64pickle-float-1.0=True.txt -&gt; bool ------- using [Try &apos;$&lt;read_str_from_txt&gt; =&gt; &lt;str_to_bool&gt;$&apos; then &apos;$&lt;read_str_from_txt&gt; =&gt; &lt;base64_ascii_str_pickle_to_object&gt; -&gt; &lt;float_to_bool&gt;$&apos; then &apos;$&lt;read_str_from_txt&gt; =&gt; &lt;base64_ascii_str_pickle_to_object&gt; -&gt; &lt;int_to_bool&gt;$&apos; then &apos;$&lt;read_str_from_txt&gt; =&gt; &lt;base64_ascii_str_pickle_to_object&gt; -&gt; &lt;str_to_bool&gt;$&apos; then &apos;$&lt;read_str_from_txt&gt; =&gt; &lt;base64_ascii_str_pickle_to_object&gt;$]&apos;]
(B)                                                                                                  |--b64pickle-float-1.0=True.txt -&gt; bool ------- using $&lt;read_str_from_txt&gt; =&gt; &lt;str_to_bool&gt;$
Parsing Plan created successfully

Executing Parsing Plan for [/home/travis/build/smarie/python-parsyfiles/parsyfiles/tests/combining_parsers_converters/test_data/b64pickle-float-1.0=True]
(P) /home/travis/build/smarie/python-parsyfiles/parsyfiles/tests/combining_parsers_converters/test_data/b64pickle-float-1.0=True.txt -&gt; bool ------- using $&lt;read_str_from_txt&gt; =&gt; &lt;str_to_bool&gt;$
  !! Caught error during execution !!
  File &quot;/home/travis/build/smarie/python-parsyfiles/parsyfiles/converting_core.py&quot;, line 524, in _convert
    return self.conversion_method(desired_type, source_obj, logger, **opts)
  File &quot;/home/travis/build/smarie/python-parsyfiles/parsyfiles/plugins_base/support_for_primitive_types.py&quot;, line 84, in primitive_to_bool
    return bool(strtobool(source))
  File &quot;/opt/python/3.5.5/lib/python3.5/distutils/util.py&quot;, line 317, in strtobool
    raise ValueError(&quot;invalid truth value %r&quot; % (val,))
  ValueError : invalid truth value &apos;ganhp/aaaaaaaaau&apos;
(B)                                                                                                  |--b64pickle-float-1.0=True.txt -&gt; bool ------- using $&lt;read_str_from_txt&gt; =&gt; &lt;base64_ascii_str_pickle_to_object&gt; -&gt; &lt;float_to_bool&gt;$
Executing Parsing Plan for [/home/travis/build/smarie/python-parsyfiles/parsyfiles/tests/combining_parsers_converters/test_data/b64pickle-float-1.0=True]
(P) /home/travis/build/smarie/python-parsyfiles/parsyfiles/tests/combining_parsers_converters/test_data/b64pickle-float-1.0=True.txt -&gt; bool ------- using $&lt;read_str_from_txt&gt; =&gt; &lt;base64_ascii_str_pickle_to_object&gt; -&gt; &lt;float_to_bool&gt;$
(P)                                                                                                  |--b64pickle-float-1.0=True.txt -&gt; bool SUCCESS !
Completed parsing successfully

**** Starting to parse single object of type &lt;bool&gt; at location /home/travis/build/smarie/python-parsyfiles/parsyfiles/tests/combining_parsers_converters/test_data/b64pickle-float-1.0=True ****
Checking all files under [/home/travis/build/smarie/python-parsyfiles/parsyfiles/tests/combining_parsers_converters/test_data/b64pickle-float-1.0=True]
(C) /home/travis/build/smarie/python-parsyfiles/parsyfiles/tests/combining_parsers_converters/test_data/b64pickle-float-1.0=True (singlefile, .txt)
File checks done

Building a parsing plan to parse [/home/travis/build/smarie/python-parsyfiles/parsyfiles/tests/combining_parsers_converters/test_data/b64pickle-float-1.0=True] into a bool
(B) /home/travis/build/smarie/python-parsyfiles/parsyfiles/tests/combining_parsers_converters/test_data/b64pickle-float-1.0=True.txt -&gt; bool ------- using [Try &apos;$&lt;read_str_from_txt&gt; =&gt; &lt;str_to_bool&gt;$&apos; then &apos;$&lt;read_str_from_txt&gt; =&gt; &lt;base64_ascii_str_pickle_to_object&gt; -&gt; &lt;float_to_bool&gt;$&apos; then &apos;$&lt;read_str_from_txt&gt; =&gt; &lt;base64_ascii_str_pickle_to_object&gt; -&gt; &lt;int_to_bool&gt;$&apos; then &apos;$&lt;read_str_from_txt&gt; =&gt; &lt;base64_ascii_str_pickle_to_object&gt; -&gt; &lt;str_to_bool&gt;$&apos; then &apos;$&lt;read_str_from_txt&gt; =&gt; &lt;base64_ascii_str_pickle_to_object&gt;$]&apos;]
(B)                                                                                                  |--b64pickle-float-1.0=True.txt -&gt; bool ------- using $&lt;read_str_from_txt&gt; =&gt; &lt;str_to_bool&gt;$
Parsing Plan created successfully

Executing Parsing Plan for [/home/travis/build/smarie/python-parsyfiles/parsyfiles/tests/combining_parsers_converters/test_data/b64pickle-float-1.0=True]
(P) /home/travis/build/smarie/python-parsyfiles/parsyfiles/tests/combining_parsers_converters/test_data/b64pickle-float-1.0=True.txt -&gt; bool ------- using $&lt;read_str_from_txt&gt; =&gt; &lt;str_to_bool&gt;$
  !! Caught error during execution !!
  File &quot;/home/travis/build/smarie/python-parsyfiles/parsyfiles/converting_core.py&quot;, line 524, in _convert
    return self.conversion_method(desired_type, source_obj, logger, **opts)
  File &quot;/home/travis/build/smarie/python-parsyfiles/parsyfiles/plugins_base/support_for_primitive_types.py&quot;, line 84, in primitive_to_bool
    return bool(strtobool(source))
  File &quot;/opt/python/3.5.5/lib/python3.5/distutils/util.py&quot;, line 317, in strtobool
    raise ValueError(&quot;invalid truth value %r&quot; % (val,))
  ValueError : invalid truth value &apos;ganhp/aaaaaaaaau&apos;
(B)                                                                                                  |--b64pickle-float-1.0=True.txt -&gt; bool ------- using $&lt;read_str_from_txt&gt; =&gt; &lt;base64_ascii_str_pickle_to_object&gt; -&gt; &lt;float_to_bool&gt;$
Executing Parsing Plan for [/home/travis/build/smarie/python-parsyfiles/parsyfiles/tests/combining_parsers_converters/test_data/b64pickle-float-1.0=True]
(P) /home/travis/build/smarie/python-parsyfiles/parsyfiles/tests/combining_parsers_converters/test_data/b64pickle-float-1.0=True.txt -&gt; bool ------- using $&lt;read_str_from_txt&gt; =&gt; &lt;base64_ascii_str_pickle_to_object&gt; -&gt; &lt;float_to_bool&gt;$
(P)                                                                                                  |--b64pickle-float-1.0=True.txt -&gt; bool SUCCESS !
Completed parsing successfully

**** Starting to parse single object of type &lt;bool&gt; at location /home/travis/build/smarie/python-parsyfiles/parsyfiles/tests/combining_parsers_converters/test_data/b64pickle-float-1.0=True ****
Checking all files under [/home/travis/build/smarie/python-parsyfiles/parsyfiles/tests/combining_parsers_converters/test_data/b64pickle-float-1.0=True]
(C) /home/travis/build/smarie/python-parsyfiles/parsyfiles/tests/combining_parsers_converters/test_data/b64pickle-float-1.0=True (singlefile, .txt)
File checks done

Building a parsing plan to parse [/home/travis/build/smarie/python-parsyfiles/parsyfiles/tests/combining_parsers_converters/test_data/b64pickle-float-1.0=True] into a bool
(B) /home/travis/build/smarie/python-parsyfiles/parsyfiles/tests/combining_parsers_converters/test_data/b64pickle-float-1.0=True.txt -&gt; bool ------- using [Try &apos;$&lt;read_str_from_txt&gt; =&gt; &lt;str_to_bool&gt;$&apos; then &apos;$&lt;read_str_from_txt&gt; =&gt; &lt;base64_ascii_str_pickle_to_object&gt; -&gt; &lt;float_to_bool&gt;$&apos; then &apos;$&lt;read_str_from_txt&gt; =&gt; &lt;base64_ascii_str_pickle_to_object&gt; -&gt; &lt;int_to_bool&gt;$&apos; then &apos;$&lt;read_str_from_txt&gt; =&gt; &lt;base64_ascii_str_pickle_to_object&gt; -&gt; &lt;str_to_bool&gt;$&apos; then &apos;$&lt;read_str_from_txt&gt; =&gt; &lt;base64_ascii_str_pickle_to_object&gt;$]&apos;]
(B)                                                                                                  |--b64pickle-float-1.0=True.txt -&gt; bool ------- using $&lt;read_str_from_txt&gt; =&gt; &lt;str_to_bool&gt;$
Parsing Plan created successfully

Executing Parsing Plan for [/home/travis/build/smarie/python-parsyfiles/parsyfiles/tests/combining_parsers_converters/test_data/b64pickle-float-1.0=True]
(P) /home/travis/build/smarie/python-parsyfiles/parsyfiles/tests/combining_parsers_converters/test_data/b64pickle-float-1.0=True.txt -&gt; bool ------- using $&lt;read_str_from_txt&gt; =&gt; &lt;str_to_bool&gt;$
  !! Caught error during execution !!
  File &quot;/home/travis/build/smarie/python-parsyfiles/parsyfiles/converting_core.py&quot;, line 524, in _convert
    return self.conversion_method(desired_type, source_obj, logger, **opts)
  File &quot;/home/travis/build/smarie/python-parsyfiles/parsyfiles/plugins_base/support_for_primitive_types.py&quot;, line 84, in primitive_to_bool
    return bool(strtobool(source))
  File &quot;/opt/python/3.5.5/lib/python3.5/distutils/util.py&quot;, line 317, in strtobool
    raise ValueError(&quot;invalid truth value %r&quot; % (val,))
  ValueError : invalid truth value &apos;ganhp/aaaaaaaaau&apos;
(B)                                                                                                  |--b64pickle-float-1.0=True.txt -&gt; bool ------- using $&lt;read_str_from_txt&gt; =&gt; &lt;base64_ascii_str_pickle_to_object&gt; -&gt; &lt;float_to_bool&gt;$
Executing Parsing Plan for [/home/travis/build/smarie/python-parsyfiles/parsyfiles/tests/combining_parsers_converters/test_data/b64pickle-float-1.0=True]
(P) /home/travis/build/smarie/python-parsyfiles/parsyfiles/tests/combining_parsers_converters/test_data/b64pickle-float-1.0=True.txt -&gt; bool ------- using $&lt;read_str_from_txt&gt; =&gt; &lt;base64_ascii_str_pickle_to_object&gt; -&gt; &lt;float_to_bool&gt;$
(P)                                                                                                  |--b64pickle-float-1.0=True.txt -&gt; bool SUCCESS !
Completed parsing successfully

**** Starting to parse single object of type &lt;bool&gt; at location /home/travis/build/smarie/python-parsyfiles/parsyfiles/tests/combining_parsers_converters/test_data/b64pickle-float-1.0=True ****
Checking all files under [/home/travis/build/smarie/python-parsyfiles/parsyfiles/tests/combining_parsers_converters/test_data/b64pickle-float-1.0=True]
(C) /home/travis/build/smarie/python-parsyfiles/parsyfiles/tests/combining_parsers_converters/test_data/b64pickle-float-1.0=True (singlefile, .txt)
File checks done

Building a parsing plan to parse [/home/travis/build/smarie/python-parsyfiles/parsyfiles/tests/combining_parsers_converters/test_data/b64pickle-float-1.0=True] into a bool
(B) /home/travis/build/smarie/python-parsyfiles/parsyfiles/tests/combining_parsers_converters/test_data/b64pickle-float-1.0=True.txt -&gt; bool ------- using [Try &apos;$&lt;read_str_from_txt&gt; =&gt; &lt;str_to_bool&gt;$&apos; then &apos;$&lt;read_str_from_txt&gt; =&gt; &lt;base64_ascii_str_pickle_to_object&gt; -&gt; &lt;float_to_bool&gt;$&apos; then &apos;$&lt;read_str_from_txt&gt; =&gt; &lt;base64_ascii_str_pickle_to_object&gt; -&gt; &lt;int_to_bool&gt;$&apos; then &apos;$&lt;read_str_from_txt&gt; =&gt; &lt;base64_ascii_str_pickle_to_object&gt; -&gt; &lt;str_to_bool&gt;$&apos; then &apos;$&lt;read_str_from_txt&gt; =&gt; &lt;base64_ascii_str_pickle_to_object&gt;$]&apos;]
(B)                                                                                                  |--b64pickle-float-1.0=True.txt -&gt; bool ------- using $&lt;read_str_from_txt&gt; =&gt; &lt;str_to_bool&gt;$
Parsing Plan created successfully

Executing Parsing Plan for [/home/travis/build/smarie/python-parsyfiles/parsyfiles/tests/combining_parsers_converters/test_data/b64pickle-float-1.0=True]
(P) /home/travis/build/smarie/python-parsyfiles/parsyfiles/tests/combining_parsers_converters/test_data/b64pickle-float-1.0=True.txt -&gt; bool ------- using $&lt;read_str_from_txt&gt; =&gt; &lt;str_to_bool&gt;$
  !! Caught error during execution !!
  File &quot;/home/travis/build/smarie/python-parsyfiles/parsyfiles/converting_core.py&quot;, line 524, in _convert
    return self.conversion_method(desired_type, source_obj, logger, **opts)
  File &quot;/home/travis/build/smarie/python-parsyfiles/parsyfiles/plugins_base/support_for_primitive_types.py&quot;, line 84, in primitive_to_bool
    return bool(strtobool(source))
  File &quot;/opt/python/3.5.5/lib/python3.5/distutils/util.py&quot;, line 317, in strtobool
    raise ValueError(&quot;invalid truth value %r&quot; % (val,))
  ValueError : invalid truth value &apos;ganhp/aaaaaaaaau&apos;
(B)                                                                                                  |--b64pickle-float-1.0=True.txt -&gt; bool ------- using $&lt;read_str_from_txt&gt; =&gt; &lt;base64_ascii_str_pickle_to_object&gt; -&gt; &lt;float_to_bool&gt;$
Executing Parsing Plan for [/home/travis/build/smarie/python-parsyfiles/parsyfiles/tests/combining_parsers_converters/test_data/b64pickle-float-1.0=True]
(P) /home/travis/build/smarie/python-parsyfiles/parsyfiles/tests/combining_parsers_converters/test_data/b64pickle-float-1.0=True.txt -&gt; bool ------- using $&lt;read_str_from_txt&gt; =&gt; &lt;base64_ascii_str_pickle_to_object&gt; -&gt; &lt;float_to_bool&gt;$
(P)                                                                                                  |--b64pickle-float-1.0=True.txt -&gt; bool SUCCESS !
Completed parsing successfully

**** Starting to parse single object of type &lt;bool&gt; at location /home/travis/build/smarie/python-parsyfiles/parsyfiles/tests/combining_parsers_converters/test_data/b64pickle-float-1.0=True ****
Checking all files under [/home/travis/build/smarie/python-parsyfiles/parsyfiles/tests/combining_parsers_converters/test_data/b64pickle-float-1.0=True]
(C) /home/travis/build/smarie/python-parsyfiles/parsyfiles/tests/combining_parsers_converters/test_data/b64pickle-float-1.0=True (singlefile, .txt)
File checks done

Building a parsing plan to parse [/home/travis/build/smarie/python-parsyfiles/parsyfiles/tests/combining_parsers_converters/test_data/b64pickle-float-1.0=True] into a bool
(B) /home/travis/build/smarie/python-parsyfiles/parsyfiles/tests/combining_parsers_converters/test_data/b64pickle-float-1.0=True.txt -&gt; bool ------- using [Try &apos;$&lt;read_str_from_txt&gt; =&gt; &lt;str_to_bool&gt;$&apos; then &apos;$&lt;read_str_from_txt&gt; =&gt; &lt;base64_ascii_str_pickle_to_object&gt; -&gt; &lt;float_to_bool&gt;$&apos; then &apos;$&lt;read_str_from_txt&gt; =&gt; &lt;base64_ascii_str_pickle_to_object&gt; -&gt; &lt;int_to_bool&gt;$&apos; then &apos;$&lt;read_str_from_txt&gt; =&gt; &lt;base64_ascii_str_pickle_to_object&gt; -&gt; &lt;str_to_bool&gt;$&apos; then &apos;$&lt;read_str_from_txt&gt; =&gt; &lt;base64_ascii_str_pickle_to_object&gt;$]&apos;]
(B)                                                                                                  |--b64pickle-float-1.0=True.txt -&gt; bool ------- using $&lt;read_str_from_txt&gt; =&gt; &lt;str_to_bool&gt;$
Parsing Plan created successfully

Executing Parsing Plan for [/home/travis/build/smarie/python-parsyfiles/parsyfiles/tests/combining_parsers_converters/test_data/b64pickle-float-1.0=True]
(P) /home/travis/build/smarie/python-parsyfiles/parsyfiles/tests/combining_parsers_converters/test_data/b64pickle-float-1.0=True.txt -&gt; bool ------- using $&lt;read_str_from_txt&gt; =&gt; &lt;str_to_bool&gt;$
  !! Caught error during execution !!
  File &quot;/home/travis/build/smarie/python-parsyfiles/parsyfiles/converting_core.py&quot;, line 524, in _convert
    return self.conversion_method(desired_type, source_obj, logger, **opts)
  File &quot;/home/travis/build/smarie/python-parsyfiles/parsyfiles/plugins_base/support_for_primitive_types.py&quot;, line 84, in primitive_to_bool
    return bool(strtobool(source))
  File &quot;/opt/python/3.5.5/lib/python3.5/distutils/util.py&quot;, line 317, in strtobool
    raise ValueError(&quot;invalid truth value %r&quot; % (val,))
  ValueError : invalid truth value &apos;ganhp/aaaaaaaaau&apos;
(B)                                                                                                  |--b64pickle-float-1.0=True.txt -&gt; bool ------- using $&lt;read_str_from_txt&gt; =&gt; &lt;base64_ascii_str_pickle_to_object&gt; -&gt; &lt;float_to_bool&gt;$
Executing Parsing Plan for [/home/travis/build/smarie/python-parsyfiles/parsyfiles/tests/combining_parsers_converters/test_data/b64pickle-float-1.0=True]
(P) /home/travis/build/smarie/python-parsyfiles/parsyfiles/tests/combining_parsers_converters/test_data/b64pickle-float-1.0=True.txt -&gt; bool ------- using $&lt;read_str_from_txt&gt; =&gt; &lt;base64_ascii_str_pickle_to_object&gt; -&gt; &lt;float_to_bool&gt;$
(P)                                                                                                  |--b64pickle-float-1.0=True.txt -&gt; bool SUCCESS !
Completed parsing successfully

**** Starting to parse single object of type &lt;bool&gt; at location /home/travis/build/smarie/python-parsyfiles/parsyfiles/tests/combining_parsers_converters/test_data/b64pickle-float-1.0=True ****
Checking all files under [/home/travis/build/smarie/python-parsyfiles/parsyfiles/tests/combining_parsers_converters/test_data/b64pickle-float-1.0=True]
(C) /home/travis/build/smarie/python-parsyfiles/parsyfiles/tests/combining_parsers_converters/test_data/b64pickle-float-1.0=True (singlefile, .txt)
File checks done

Building a parsing plan to parse [/home/travis/build/smarie/python-parsyfiles/parsyfiles/tests/combining_parsers_converters/test_data/b64pickle-float-1.0=True] into a bool
(B) /home/travis/build/smarie/python-parsyfiles/parsyfiles/tests/combining_parsers_converters/test_data/b64pickle-float-1.0=True.txt -&gt; bool ------- using [Try &apos;$&lt;read_str_from_txt&gt; =&gt; &lt;str_to_bool&gt;$&apos; then &apos;$&lt;read_str_from_txt&gt; =&gt; &lt;base64_ascii_str_pickle_to_object&gt; -&gt; &lt;float_to_bool&gt;$&apos; then &apos;$&lt;read_str_from_txt&gt; =&gt; &lt;base64_ascii_str_pickle_to_object&gt; -&gt; &lt;int_to_bool&gt;$&apos; then &apos;$&lt;read_str_from_txt&gt; =&gt; &lt;base64_ascii_str_pickle_to_object&gt; -&gt; &lt;str_to_bool&gt;$&apos; then &apos;$&lt;read_str_from_txt&gt; =&gt; &lt;base64_ascii_str_pickle_to_object&gt;$]&apos;]
(B)                                                                                                  |--b64pickle-float-1.0=True.txt -&gt; bool ------- using $&lt;read_str_from_txt&gt; =&gt; &lt;str_to_bool&gt;$
Parsing Plan created successfully

Executing Parsing Plan for [/home/travis/build/smarie/python-parsyfiles/parsyfiles/tests/combining_parsers_converters/test_data/b64pickle-float-1.0=True]
(P) /home/travis/build/smarie/python-parsyfiles/parsyfiles/tests/combining_parsers_converters/test_data/b64pickle-float-1.0=True.txt -&gt; bool ------- using $&lt;read_str_from_txt&gt; =&gt; &lt;str_to_bool&gt;$
  !! Caught error during execution !!
  File &quot;/home/travis/build/smarie/python-parsyfiles/parsyfiles/converting_core.py&quot;, line 524, in _convert
    return self.conversion_method(desired_type, source_obj, logger, **opts)
  File &quot;/home/travis/build/smarie/python-parsyfiles/parsyfiles/plugins_base/support_for_primitive_types.py&quot;, line 84, in primitive_to_bool
    return bool(strtobool(source))
  File &quot;/opt/python/3.5.5/lib/python3.5/distutils/util.py&quot;, line 317, in strtobool
    raise ValueError(&quot;invalid truth value %r&quot; % (val,))
  ValueError : invalid truth value &apos;ganhp/aaaaaaaaau&apos;
(B)                                                                                                  |--b64pickle-float-1.0=True.txt -&gt; bool ------- using $&lt;read_str_from_txt&gt; =&gt; &lt;base64_ascii_str_pickle_to_object&gt; -&gt; &lt;float_to_bool&gt;$
Executing Parsing Plan for [/home/travis/build/smarie/python-parsyfiles/parsyfiles/tests/combining_parsers_converters/test_data/b64pickle-float-1.0=True]
(P) /home/travis/build/smarie/python-parsyfiles/parsyfiles/tests/combining_parsers_converters/test_data/b64pickle-float-1.0=True.txt -&gt; bool ------- using $&lt;read_str_from_txt&gt; =&gt; &lt;base64_ascii_str_pickle_to_object&gt; -&gt; &lt;float_to_bool&gt;$
(P)                                                                                                  |--b64pickle-float-1.0=True.txt -&gt; bool SUCCESS !
Completed parsing successfully

**** Starting to parse single object of type &lt;bool&gt; at location /home/travis/build/smarie/python-parsyfiles/parsyfiles/tests/combining_parsers_converters/test_data/b64pickle-float-1.0=True ****
Checking all files under [/home/travis/build/smarie/python-parsyfiles/parsyfiles/tests/combining_parsers_converters/test_data/b64pickle-float-1.0=True]
(C) /home/travis/build/smarie/python-parsyfiles/parsyfiles/tests/combining_parsers_converters/test_data/b64pickle-float-1.0=True (singlefile, .txt)
File checks done

Building a parsing plan to parse [/home/travis/build/smarie/python-parsyfiles/parsyfiles/tests/combining_parsers_converters/test_data/b64pickle-float-1.0=True] into a bool
(B) /home/travis/build/smarie/python-parsyfiles/parsyfiles/tests/combining_parsers_converters/test_data/b64pickle-float-1.0=True.txt -&gt; bool ------- using [Try &apos;$&lt;read_str_from_txt&gt; =&gt; &lt;str_to_bool&gt;$&apos; then &apos;$&lt;read_str_from_txt&gt; =&gt; &lt;base64_ascii_str_pickle_to_object&gt; -&gt; &lt;float_to_bool&gt;$&apos; then &apos;$&lt;read_str_from_txt&gt; =&gt; &lt;base64_ascii_str_pickle_to_object&gt; -&gt; &lt;int_to_bool&gt;$&apos; then &apos;$&lt;read_str_from_txt&gt; =&gt; &lt;base64_ascii_str_pickle_to_object&gt; -&gt; &lt;str_to_bool&gt;$&apos; then &apos;$&lt;read_str_from_txt&gt; =&gt; &lt;base64_ascii_str_pickle_to_object&gt;$]&apos;]
(B)                                                                                                  |--b64pickle-float-1.0=True.txt -&gt; bool ------- using $&lt;read_str_from_txt&gt; =&gt; &lt;str_to_bool&gt;$
Parsing Plan created successfully

Executing Parsing Plan for [/home/travis/build/smarie/python-parsyfiles/parsyfiles/tests/combining_parsers_converters/test_data/b64pickle-float-1.0=True]
(P) /home/travis/build/smarie/python-parsyfiles/parsyfiles/tests/combining_parsers_converters/test_data/b64pickle-float-1.0=True.txt -&gt; bool ------- using $&lt;read_str_from_txt&gt; =&gt; &lt;str_to_bool&gt;$
  !! Caught error during execution !!
  File &quot;/home/travis/build/smarie/python-parsyfiles/parsyfiles/converting_core.py&quot;, line 524, in _convert
    return self.conversion_method(desired_type, source_obj, logger, **opts)
  File &quot;/home/travis/build/smarie/python-parsyfiles/parsyfiles/plugins_base/support_for_primitive_types.py&quot;, line 84, in primitive_to_bool
    return bool(strtobool(source))
  File &quot;/opt/python/3.5.5/lib/python3.5/distutils/util.py&quot;, line 317, in strtobool
    raise ValueError(&quot;invalid truth value %r&quot; % (val,))
  ValueError : invalid truth value &apos;ganhp/aaaaaaaaau&apos;
(B)                                                                                                  |--b64pickle-float-1.0=True.txt -&gt; bool ------- using $&lt;read_str_from_txt&gt; =&gt; &lt;base64_ascii_str_pickle_to_object&gt; -&gt; &lt;float_to_bool&gt;$
Executing Parsing Plan for [/home/travis/build/smarie/python-parsyfiles/parsyfiles/tests/combining_parsers_converters/test_data/b64pickle-float-1.0=True]
(P) /home/travis/build/smarie/python-parsyfiles/parsyfiles/tests/combining_parsers_converters/test_data/b64pickle-float-1.0=True.txt -&gt; bool ------- using $&lt;read_str_from_txt&gt; =&gt; &lt;base64_ascii_str_pickle_to_object&gt; -&gt; &lt;float_to_bool&gt;$
(P)                                                                                                  |--b64pickle-float-1.0=True.txt -&gt; bool SUCCESS !
Completed parsing successfully

**** Starting to parse single object of type &lt;bool&gt; at location /home/travis/build/smarie/python-parsyfiles/parsyfiles/tests/combining_parsers_converters/test_data/b64pickle-float-1.0=True ****
Checking all files under [/home/travis/build/smarie/python-parsyfiles/parsyfiles/tests/combining_parsers_converters/test_data/b64pickle-float-1.0=True]
(C) /home/travis/build/smarie/python-parsyfiles/parsyfiles/tests/combining_parsers_converters/test_data/b64pickle-float-1.0=True (singlefile, .txt)
File checks done

Building a parsing plan to parse [/home/travis/build/smarie/python-parsyfiles/parsyfiles/tests/combining_parsers_converters/test_data/b64pickle-float-1.0=True] into a bool
(B) /home/travis/build/smarie/python-parsyfiles/parsyfiles/tests/combining_parsers_converters/test_data/b64pickle-float-1.0=True.txt -&gt; bool ------- using [Try &apos;$&lt;read_str_from_txt&gt; =&gt; &lt;str_to_bool&gt;$&apos; then &apos;$&lt;read_str_from_txt&gt; =&gt; &lt;base64_ascii_str_pickle_to_object&gt; -&gt; &lt;float_to_bool&gt;$&apos; then &apos;$&lt;read_str_from_txt&gt; =&gt; &lt;base64_ascii_str_pickle_to_object&gt; -&gt; &lt;int_to_bool&gt;$&apos; then &apos;$&lt;read_str_from_txt&gt; =&gt; &lt;base64_ascii_str_pickle_to_object&gt; -&gt; &lt;str_to_bool&gt;$&apos; then &apos;$&lt;read_str_from_txt&gt; =&gt; &lt;base64_ascii_str_pickle_to_object&gt;$]&apos;]
(B)                                                                                                  |--b64pickle-float-1.0=True.txt -&gt; bool ------- using $&lt;read_str_from_txt&gt; =&gt; &lt;str_to_bool&gt;$
Parsing Plan created successfully

Executing Parsing Plan for [/home/travis/build/smarie/python-parsyfiles/parsyfiles/tests/combining_parsers_converters/test_data/b64pickle-float-1.0=True]
(P) /home/travis/build/smarie/python-parsyfiles/parsyfiles/tests/combining_parsers_converters/test_data/b64pickle-float-1.0=True.txt -&gt; bool ------- using $&lt;read_str_from_txt&gt; =&gt; &lt;str_to_bool&gt;$
  !! Caught error during execution !!
  File &quot;/home/travis/build/smarie/python-parsyfiles/parsyfiles/converting_core.py&quot;, line 524, in _convert
    return self.conversion_method(desired_type, source_obj, logger, **opts)
  File &quot;/home/travis/build/smarie/python-parsyfiles/parsyfiles/plugins_base/support_for_primitive_types.py&quot;, line 84, in primitive_to_bool
    return bool(strtobool(source))
  File &quot;/opt/python/3.5.5/lib/python3.5/distutils/util.py&quot;, line 317, in strtobool
    raise ValueError(&quot;invalid truth value %r&quot; % (val,))
  ValueError : invalid truth value &apos;ganhp/aaaaaaaaau&apos;
(B)                                                                                                  |--b64pickle-float-1.0=True.txt -&gt; bool ------- using $&lt;read_str_from_txt&gt; =&gt; &lt;base64_ascii_str_pickle_to_object&gt; -&gt; &lt;float_to_bool&gt;$
Executing Parsing Plan for [/home/travis/build/smarie/python-parsyfiles/parsyfiles/tests/combining_parsers_converters/test_data/b64pickle-float-1.0=True]
(P) /home/travis/build/smarie/python-parsyfiles/parsyfiles/tests/combining_parsers_converters/test_data/b64pickle-float-1.0=True.txt -&gt; bool ------- using $&lt;read_str_from_txt&gt; =&gt; &lt;base64_ascii_str_pickle_to_object&gt; -&gt; &lt;float_to_bool&gt;$
(P)                                                                                                  |--b64pickle-float-1.0=True.txt -&gt; bool SUCCESS !
Completed parsing successfully

**** Starting to parse single object of type &lt;bool&gt; at location /home/travis/build/smarie/python-parsyfiles/parsyfiles/tests/combining_parsers_converters/test_data/b64pickle-float-1.0=True ****
Checking all files under [/home/travis/build/smarie/python-parsyfiles/parsyfiles/tests/combining_parsers_converters/test_data/b64pickle-float-1.0=True]
(C) /home/travis/build/smarie/python-parsyfiles/parsyfiles/tests/combining_parsers_converters/test_data/b64pickle-float-1.0=True (singlefile, .txt)
File checks done

Building a parsing plan to parse [/home/travis/build/smarie/python-parsyfiles/parsyfiles/tests/combining_parsers_converters/test_data/b64pickle-float-1.0=True] into a bool
(B) /home/travis/build/smarie/python-parsyfiles/parsyfiles/tests/combining_parsers_converters/test_data/b64pickle-float-1.0=True.txt -&gt; bool ------- using [Try &apos;$&lt;read_str_from_txt&gt; =&gt; &lt;str_to_bool&gt;$&apos; then &apos;$&lt;read_str_from_txt&gt; =&gt; &lt;base64_ascii_str_pickle_to_object&gt; -&gt; &lt;float_to_bool&gt;$&apos; then &apos;$&lt;read_str_from_txt&gt; =&gt; &lt;base64_ascii_str_pickle_to_object&gt; -&gt; &lt;int_to_bool&gt;$&apos; then &apos;$&lt;read_str_from_txt&gt; =&gt; &lt;base64_ascii_str_pickle_to_object&gt; -&gt; &lt;str_to_bool&gt;$&apos; then &apos;$&lt;read_str_from_txt&gt; =&gt; &lt;base64_ascii_str_pickle_to_object&gt;$]&apos;]
(B)                                                                                                  |--b64pickle-float-1.0=True.txt -&gt; bool ------- using $&lt;read_str_from_txt&gt; =&gt; &lt;str_to_bool&gt;$
Parsing Plan created successfully

Executing Parsing Plan for [/home/travis/build/smarie/python-parsyfiles/parsyfiles/tests/combining_parsers_converters/test_data/b64pickle-float-1.0=True]
(P) /home/travis/build/smarie/python-parsyfiles/parsyfiles/tests/combining_parsers_converters/test_data/b64pickle-float-1.0=True.txt -&gt; bool ------- using $&lt;read_str_from_txt&gt; =&gt; &lt;str_to_bool&gt;$
  !! Caught error during execution !!
  File &quot;/home/travis/build/smarie/python-parsyfiles/parsyfiles/converting_core.py&quot;, line 524, in _convert
    return self.conversion_method(desired_type, source_obj, logger, **opts)
  File &quot;/home/travis/build/smarie/python-parsyfiles/parsyfiles/plugins_base/support_for_primitive_types.py&quot;, line 84, in primitive_to_bool
    return bool(strtobool(source))
  File &quot;/opt/python/3.5.5/lib/python3.5/distutils/util.py&quot;, line 317, in strtobool
    raise ValueError(&quot;invalid truth value %r&quot; % (val,))
  ValueError : invalid truth value &apos;ganhp/aaaaaaaaau&apos;
(B)                                                                                                  |--b64pickle-float-1.0=True.txt -&gt; bool ------- using $&lt;read_str_from_txt&gt; =&gt; &lt;base64_ascii_str_pickle_to_object&gt; -&gt; &lt;float_to_bool&gt;$
Executing Parsing Plan for [/home/travis/build/smarie/python-parsyfiles/parsyfiles/tests/combining_parsers_converters/test_data/b64pickle-float-1.0=True]
(P) /home/travis/build/smarie/python-parsyfiles/parsyfiles/tests/combining_parsers_converters/test_data/b64pickle-float-1.0=True.txt -&gt; bool ------- using $&lt;read_str_from_txt&gt; =&gt; &lt;base64_ascii_str_pickle_to_object&gt; -&gt; &lt;float_to_bool&gt;$
(P)                                                                                                  |--b64pickle-float-1.0=True.txt -&gt; bool SUCCESS !
Completed parsing successfully

**** Starting to parse single object of type &lt;bool&gt; at location /home/travis/build/smarie/python-parsyfiles/parsyfiles/tests/combining_parsers_converters/test_data/b64pickle-float-1.0=True ****
Checking all files under [/home/travis/build/smarie/python-parsyfiles/parsyfiles/tests/combining_parsers_converters/test_data/b64pickle-float-1.0=True]
(C) /home/travis/build/smarie/python-parsyfiles/parsyfiles/tests/combining_parsers_converters/test_data/b64pickle-float-1.0=True (singlefile, .txt)
File checks done

Building a parsing plan to parse [/home/travis/build/smarie/python-parsyfiles/parsyfiles/tests/combining_parsers_converters/test_data/b64pickle-float-1.0=True] into a bool
(B) /home/travis/build/smarie/python-parsyfiles/parsyfiles/tests/combining_parsers_converters/test_data/b64pickle-float-1.0=True.txt -&gt; bool ------- using [Try &apos;$&lt;read_str_from_txt&gt; =&gt; &lt;str_to_bool&gt;$&apos; then &apos;$&lt;read_str_from_txt&gt; =&gt; &lt;base64_ascii_str_pickle_to_object&gt; -&gt; &lt;float_to_bool&gt;$&apos; then &apos;$&lt;read_str_from_txt&gt; =&gt; &lt;base64_ascii_str_pickle_to_object&gt; -&gt; &lt;int_to_bool&gt;$&apos; then &apos;$&lt;read_str_from_txt&gt; =&gt; &lt;base64_ascii_str_pickle_to_object&gt; -&gt; &lt;str_to_bool&gt;$&apos; then &apos;$&lt;read_str_from_txt&gt; =&gt; &lt;base64_ascii_str_pickle_to_object&gt;$]&apos;]
(B)                                                                                                  |--b64pickle-float-1.0=True.txt -&gt; bool ------- using $&lt;read_str_from_txt&gt; =&gt; &lt;str_to_bool&gt;$
Parsing Plan created successfully

Executing Parsing Plan for [/home/travis/build/smarie/python-parsyfiles/parsyfiles/tests/combining_parsers_converters/test_data/b64pickle-float-1.0=True]
(P) /home/travis/build/smarie/python-parsyfiles/parsyfiles/tests/combining_parsers_converters/test_data/b64pickle-float-1.0=True.txt -&gt; bool ------- using $&lt;read_str_from_txt&gt; =&gt; &lt;str_to_bool&gt;$
  !! Caught error during execution !!
  File &quot;/home/travis/build/smarie/python-parsyfiles/parsyfiles/converting_core.py&quot;, line 524, in _convert
    return self.conversion_method(desired_type, source_obj, logger, **opts)
  File &quot;/home/travis/build/smarie/python-parsyfiles/parsyfiles/plugins_base/support_for_primitive_types.py&quot;, line 84, in primitive_to_bool
    return bool(strtobool(source))
  File &quot;/opt/python/3.5.5/lib/python3.5/distutils/util.py&quot;, line 317, in strtobool
    raise ValueError(&quot;invalid truth value %r&quot; % (val,))
  ValueError : invalid truth value &apos;ganhp/aaaaaaaaau&apos;
(B)                                                                                                  |--b64pickle-float-1.0=True.txt -&gt; bool ------- using $&lt;read_str_from_txt&gt; =&gt; &lt;base64_ascii_str_pickle_to_object&gt; -&gt; &lt;float_to_bool&gt;$
Executing Parsing Plan for [/home/travis/build/smarie/python-parsyfiles/parsyfiles/tests/combining_parsers_converters/test_data/b64pickle-float-1.0=True]
(P) /home/travis/build/smarie/python-parsyfiles/parsyfiles/tests/combining_parsers_converters/test_data/b64pickle-float-1.0=True.txt -&gt; bool ------- using $&lt;read_str_from_txt&gt; =&gt; &lt;base64_ascii_str_pickle_to_object&gt; -&gt; &lt;float_to_bool&gt;$
(P)                                                                                                  |--b64pickle-float-1.0=True.txt -&gt; bool SUCCESS !
Completed parsing successfully

**** Starting to parse single object of type &lt;bool&gt; at location /home/travis/build/smarie/python-parsyfiles/parsyfiles/tests/combining_parsers_converters/test_data/b64pickle-float-1.0=True ****
Checking all files under [/home/travis/build/smarie/python-parsyfiles/parsyfiles/tests/combining_parsers_converters/test_data/b64pickle-float-1.0=True]
(C) /home/travis/build/smarie/python-parsyfiles/parsyfiles/tests/combining_parsers_converters/test_data/b64pickle-float-1.0=True (singlefile, .txt)
File checks done

Building a parsing plan to parse [/home/travis/build/smarie/python-parsyfiles/parsyfiles/tests/combining_parsers_converters/test_data/b64pickle-float-1.0=True] into a bool
(B) /home/travis/build/smarie/python-parsyfiles/parsyfiles/tests/combining_parsers_converters/test_data/b64pickle-float-1.0=True.txt -&gt; bool ------- using [Try &apos;$&lt;read_str_from_txt&gt; =&gt; &lt;str_to_bool&gt;$&apos; then &apos;$&lt;read_str_from_txt&gt; =&gt; &lt;base64_ascii_str_pickle_to_object&gt; -&gt; &lt;float_to_bool&gt;$&apos; then &apos;$&lt;read_str_from_txt&gt; =&gt; &lt;base64_ascii_str_pickle_to_object&gt; -&gt; &lt;int_to_bool&gt;$&apos; then &apos;$&lt;read_str_from_txt&gt; =&gt; &lt;base64_ascii_str_pickle_to_object&gt; -&gt; &lt;str_to_bool&gt;$&apos; then &apos;$&lt;read_str_from_txt&gt; =&gt; &lt;base64_ascii_str_pickle_to_object&gt;$]&apos;]
(B)                                                                                                  |--b64pickle-float-1.0=True.txt -&gt; bool ------- using $&lt;read_str_from_txt&gt; =&gt; &lt;str_to_bool&gt;$
Parsing Plan created successfully

Executing Parsing Plan for [/home/travis/build/smarie/python-parsyfiles/parsyfiles/tests/combining_parsers_converters/test_data/b64pickle-float-1.0=True]
(P) /home/travis/build/smarie/python-parsyfiles/parsyfiles/tests/combining_parsers_converters/test_data/b64pickle-float-1.0=True.txt -&gt; bool ------- using $&lt;read_str_from_txt&gt; =&gt; &lt;str_to_bool&gt;$
  !! Caught error during execution !!
  File &quot;/home/travis/build/smarie/python-parsyfiles/parsyfiles/converting_core.py&quot;, line 524, in _convert
    return self.conversion_method(desired_type, source_obj, logger, **opts)
  File &quot;/home/travis/build/smarie/python-parsyfiles/parsyfiles/plugins_base/support_for_primitive_types.py&quot;, line 84, in primitive_to_bool
    return bool(strtobool(source))
  File &quot;/opt/python/3.5.5/lib/python3.5/distutils/util.py&quot;, line 317, in strtobool
    raise ValueError(&quot;invalid truth value %r&quot; % (val,))
  ValueError : invalid truth value &apos;ganhp/aaaaaaaaau&apos;
(B)                                                                                                  |--b64pickle-float-1.0=True.txt -&gt; bool ------- using $&lt;read_str_from_txt&gt; =&gt; &lt;base64_ascii_str_pickle_to_object&gt; -&gt; &lt;float_to_bool&gt;$
Executing Parsing Plan for [/home/travis/build/smarie/python-parsyfiles/parsyfiles/tests/combining_parsers_converters/test_data/b64pickle-float-1.0=True]
(P) /home/travis/build/smarie/python-parsyfiles/parsyfiles/tests/combining_parsers_converters/test_data/b64pickle-float-1.0=True.txt -&gt; bool ------- using $&lt;read_str_from_txt&gt; =&gt; &lt;base64_ascii_str_pickle_to_object&gt; -&gt; &lt;float_to_bool&gt;$
(P)                                                                                                  |--b64pickle-float-1.0=True.txt -&gt; bool SUCCESS !
Completed parsing successfully

**** Starting to parse single object of type &lt;bool&gt; at location /home/travis/build/smarie/python-parsyfiles/parsyfiles/tests/combining_parsers_converters/test_data/b64pickle-float-1.0=True ****
Checking all files under [/home/travis/build/smarie/python-parsyfiles/parsyfiles/tests/combining_parsers_converters/test_data/b64pickle-float-1.0=True]
(C) /home/travis/build/smarie/python-parsyfiles/parsyfiles/tests/combining_parsers_converters/test_data/b64pickle-float-1.0=True (singlefile, .txt)
File checks done

Building a parsing plan to parse [/home/travis/build/smarie/python-parsyfiles/parsyfiles/tests/combining_parsers_converters/test_data/b64pickle-float-1.0=True] into a bool
(B) /home/travis/build/smarie/python-parsyfiles/parsyfiles/tests/combining_parsers_converters/test_data/b64pickle-float-1.0=True.txt -&gt; bool ------- using [Try &apos;$&lt;read_str_from_txt&gt; =&gt; &lt;str_to_bool&gt;$&apos; then &apos;$&lt;read_str_from_txt&gt; =&gt; &lt;base64_ascii_str_pickle_to_object&gt; -&gt; &lt;float_to_bool&gt;$&apos; then &apos;$&lt;read_str_from_txt&gt; =&gt; &lt;base64_ascii_str_pickle_to_object&gt; -&gt; &lt;int_to_bool&gt;$&apos; then &apos;$&lt;read_str_from_txt&gt; =&gt; &lt;base64_ascii_str_pickle_to_object&gt; -&gt; &lt;str_to_bool&gt;$&apos; then &apos;$&lt;read_str_from_txt&gt; =&gt; &lt;base64_ascii_str_pickle_to_object&gt;$]&apos;]
(B)                                                                                                  |--b64pickle-float-1.0=True.txt -&gt; bool ------- using $&lt;read_str_from_txt&gt; =&gt; &lt;str_to_bool&gt;$
Parsing Plan created successfully

Executing Parsing Plan for [/home/travis/build/smarie/python-parsyfiles/parsyfiles/tests/combining_parsers_converters/test_data/b64pickle-float-1.0=True]
(P) /home/travis/build/smarie/python-parsyfiles/parsyfiles/tests/combining_parsers_converters/test_data/b64pickle-float-1.0=True.txt -&gt; bool ------- using $&lt;read_str_from_txt&gt; =&gt; &lt;str_to_bool&gt;$
  !! Caught error during execution !!
  File &quot;/home/travis/build/smarie/python-parsyfiles/parsyfiles/converting_core.py&quot;, line 524, in _convert
    return self.conversion_method(desired_type, source_obj, logger, **opts)
  File &quot;/home/travis/build/smarie/python-parsyfiles/parsyfiles/plugins_base/support_for_primitive_types.py&quot;, line 84, in primitive_to_bool
    return bool(strtobool(source))
  File &quot;/opt/python/3.5.5/lib/python3.5/distutils/util.py&quot;, line 317, in strtobool
    raise ValueError(&quot;invalid truth value %r&quot; % (val,))
  ValueError : invalid truth value &apos;ganhp/aaaaaaaaau&apos;
(B)                                                                                                  |--b64pickle-float-1.0=True.txt -&gt; bool ------- using $&lt;read_str_from_txt&gt; =&gt; &lt;base64_ascii_str_pickle_to_object&gt; -&gt; &lt;float_to_bool&gt;$
Executing Parsing Plan for [/home/travis/build/smarie/python-parsyfiles/parsyfiles/tests/combining_parsers_converters/test_data/b64pickle-float-1.0=True]
(P) /home/travis/build/smarie/python-parsyfiles/parsyfiles/tests/combining_parsers_converters/test_data/b64pickle-float-1.0=True.txt -&gt; bool ------- using $&lt;read_str_from_txt&gt; =&gt; &lt;base64_ascii_str_pickle_to_object&gt; -&gt; &lt;float_to_bool&gt;$
(P)                                                                                                  |--b64pickle-float-1.0=True.txt -&gt; bool SUCCESS !
Completed parsing successfully

**** Starting to parse single object of type &lt;bool&gt; at location /home/travis/build/smarie/python-parsyfiles/parsyfiles/tests/combining_parsers_converters/test_data/b64pickle-float-1.0=True ****
Checking all files under [/home/travis/build/smarie/python-parsyfiles/parsyfiles/tests/combining_parsers_converters/test_data/b64pickle-float-1.0=True]
(C) /home/travis/build/smarie/python-parsyfiles/parsyfiles/tests/combining_parsers_converters/test_data/b64pickle-float-1.0=True (singlefile, .txt)
File checks done

Building a parsing plan to parse [/home/travis/build/smarie/python-parsyfiles/parsyfiles/tests/combining_parsers_converters/test_data/b64pickle-float-1.0=True] into a bool
(B) /home/travis/build/smarie/python-parsyfiles/parsyfiles/tests/combining_parsers_converters/test_data/b64pickle-float-1.0=True.txt -&gt; bool ------- using [Try &apos;$&lt;read_str_from_txt&gt; =&gt; &lt;str_to_bool&gt;$&apos; then &apos;$&lt;read_str_from_txt&gt; =&gt; &lt;base64_ascii_str_pickle_to_object&gt; -&gt; &lt;float_to_bool&gt;$&apos; then &apos;$&lt;read_str_from_txt&gt; =&gt; &lt;base64_ascii_str_pickle_to_object&gt; -&gt; &lt;int_to_bool&gt;$&apos; then &apos;$&lt;read_str_from_txt&gt; =&gt; &lt;base64_ascii_str_pickle_to_object&gt; -&gt; &lt;str_to_bool&gt;$&apos; then &apos;$&lt;read_str_from_txt&gt; =&gt; &lt;base64_ascii_str_pickle_to_object&gt;$]&apos;]
(B)                                                                                                  |--b64pickle-float-1.0=True.txt -&gt; bool ------- using $&lt;read_str_from_txt&gt; =&gt; &lt;str_to_bool&gt;$
Parsing Plan created successfully

Executing Parsing Plan for [/home/travis/build/smarie/python-parsyfiles/parsyfiles/tests/combining_parsers_converters/test_data/b64pickle-float-1.0=True]
(P) /home/travis/build/smarie/python-parsyfiles/parsyfiles/tests/combining_parsers_converters/test_data/b64pickle-float-1.0=True.txt -&gt; bool ------- using $&lt;read_str_from_txt&gt; =&gt; &lt;str_to_bool&gt;$
  !! Caught error during execution !!
  File &quot;/home/travis/build/smarie/python-parsyfiles/parsyfiles/converting_core.py&quot;, line 524, in _convert
    return self.conversion_method(desired_type, source_obj, logger, **opts)
  File &quot;/home/travis/build/smarie/python-parsyfiles/parsyfiles/plugins_base/support_for_primitive_types.py&quot;, line 84, in primitive_to_bool
    return bool(strtobool(source))
  File &quot;/opt/python/3.5.5/lib/python3.5/distutils/util.py&quot;, line 317, in strtobool
    raise ValueError(&quot;invalid truth value %r&quot; % (val,))
  ValueError : invalid truth value &apos;ganhp/aaaaaaaaau&apos;
(B)                                                                                                  |--b64pickle-float-1.0=True.txt -&gt; bool ------- using $&lt;read_str_from_txt&gt; =&gt; &lt;base64_ascii_str_pickle_to_object&gt; -&gt; &lt;float_to_bool&gt;$
Executing Parsing Plan for [/home/travis/build/smarie/python-parsyfiles/parsyfiles/tests/combining_parsers_converters/test_data/b64pickle-float-1.0=True]
(P) /home/travis/build/smarie/python-parsyfiles/parsyfiles/tests/combining_parsers_converters/test_data/b64pickle-float-1.0=True.txt -&gt; bool ------- using $&lt;read_str_from_txt&gt; =&gt; &lt;base64_ascii_str_pickle_to_object&gt; -&gt; &lt;float_to_bool&gt;$
(P)                                                                                                  |--b64pickle-float-1.0=True.txt -&gt; bool SUCCESS !
Completed parsing successfully

**** Starting to parse single object of type &lt;bool&gt; at location /home/travis/build/smarie/python-parsyfiles/parsyfiles/tests/combining_parsers_converters/test_data/b64pickle-float-1.0=True ****
Checking all files under [/home/travis/build/smarie/python-parsyfiles/parsyfiles/tests/combining_parsers_converters/test_data/b64pickle-float-1.0=True]
(C) /home/travis/build/smarie/python-parsyfiles/parsyfiles/tests/combining_parsers_converters/test_data/b64pickle-float-1.0=True (singlefile, .txt)
File checks done

Building a parsing plan to parse [/home/travis/build/smarie/python-parsyfiles/parsyfiles/tests/combining_parsers_converters/test_data/b64pickle-float-1.0=True] into a bool
(B) /home/travis/build/smarie/python-parsyfiles/parsyfiles/tests/combining_parsers_converters/test_data/b64pickle-float-1.0=True.txt -&gt; bool ------- using [Try &apos;$&lt;read_str_from_txt&gt; =&gt; &lt;str_to_bool&gt;$&apos; then &apos;$&lt;read_str_from_txt&gt; =&gt; &lt;base64_ascii_str_pickle_to_object&gt; -&gt; &lt;float_to_bool&gt;$&apos; then &apos;$&lt;read_str_from_txt&gt; =&gt; &lt;base64_ascii_str_pickle_to_object&gt; -&gt; &lt;int_to_bool&gt;$&apos; then &apos;$&lt;read_str_from_txt&gt; =&gt; &lt;base64_ascii_str_pickle_to_object&gt; -&gt; &lt;str_to_bool&gt;$&apos; then &apos;$&lt;read_str_from_txt&gt; =&gt; &lt;base64_ascii_str_pickle_to_object&gt;$]&apos;]
(B)                                                                                                  |--b64pickle-float-1.0=True.txt -&gt; bool ------- using $&lt;read_str_from_txt&gt; =&gt; &lt;str_to_bool&gt;$
Parsing Plan created successfully

Executing Parsing Plan for [/home/travis/build/smarie/python-parsyfiles/parsyfiles/tests/combining_parsers_converters/test_data/b64pickle-float-1.0=True]
(P) /home/travis/build/smarie/python-parsyfiles/parsyfiles/tests/combining_parsers_converters/test_data/b64pickle-float-1.0=True.txt -&gt; bool ------- using $&lt;read_str_from_txt&gt; =&gt; &lt;str_to_bool&gt;$
  !! Caught error during execution !!
  File &quot;/home/travis/build/smarie/python-parsyfiles/parsyfiles/converting_core.py&quot;, line 524, in _convert
    return self.conversion_method(desired_type, source_obj, logger, **opts)
  File &quot;/home/travis/build/smarie/python-parsyfiles/parsyfiles/plugins_base/support_for_primitive_types.py&quot;, line 84, in primitive_to_bool
    return bool(strtobool(source))
  File &quot;/opt/python/3.5.5/lib/python3.5/distutils/util.py&quot;, line 317, in strtobool
    raise ValueError(&quot;invalid truth value %r&quot; % (val,))
  ValueError : invalid truth value &apos;ganhp/aaaaaaaaau&apos;
(B)                                                                                                  |--b64pickle-float-1.0=True.txt -&gt; bool ------- using $&lt;read_str_from_txt&gt; =&gt; &lt;base64_ascii_str_pickle_to_object&gt; -&gt; &lt;float_to_bool&gt;$
Executing Parsing Plan for [/home/travis/build/smarie/python-parsyfiles/parsyfiles/tests/combining_parsers_converters/test_data/b64pickle-float-1.0=True]
(P) /home/travis/build/smarie/python-parsyfiles/parsyfiles/tests/combining_parsers_converters/test_data/b64pickle-float-1.0=True.txt -&gt; bool ------- using $&lt;read_str_from_txt&gt; =&gt; &lt;base64_ascii_str_pickle_to_object&gt; -&gt; &lt;float_to_bool&gt;$
(P)                                                                                                  |--b64pickle-float-1.0=True.txt -&gt; bool SUCCESS !
Completed parsing successfully

**** Starting to parse single object of type &lt;bool&gt; at location /home/travis/build/smarie/python-parsyfiles/parsyfiles/tests/combining_parsers_converters/test_data/b64pickle-float-1.0=True ****
Checking all files under [/home/travis/build/smarie/python-parsyfiles/parsyfiles/tests/combining_parsers_converters/test_data/b64pickle-float-1.0=True]
(C) /home/travis/build/smarie/python-parsyfiles/parsyfiles/tests/combining_parsers_converters/test_data/b64pickle-float-1.0=True (singlefile, .txt)
File checks done

Building a parsing plan to parse [/home/travis/build/smarie/python-parsyfiles/parsyfiles/tests/combining_parsers_converters/test_data/b64pickle-float-1.0=True] into a bool
(B) /home/travis/build/smarie/python-parsyfiles/parsyfiles/tests/combining_parsers_converters/test_data/b64pickle-float-1.0=True.txt -&gt; bool ------- using [Try &apos;$&lt;read_str_from_txt&gt; =&gt; &lt;str_to_bool&gt;$&apos; then &apos;$&lt;read_str_from_txt&gt; =&gt; &lt;base64_ascii_str_pickle_to_object&gt; -&gt; &lt;float_to_bool&gt;$&apos; then &apos;$&lt;read_str_from_txt&gt; =&gt; &lt;base64_ascii_str_pickle_to_object&gt; -&gt; &lt;int_to_bool&gt;$&apos; then &apos;$&lt;read_str_from_txt&gt; =&gt; &lt;base64_ascii_str_pickle_to_object&gt; -&gt; &lt;str_to_bool&gt;$&apos; then &apos;$&lt;read_str_from_txt&gt; =&gt; &lt;base64_ascii_str_pickle_to_object&gt;$]&apos;]
(B)                                                                                                  |--b64pickle-float-1.0=True.txt -&gt; bool ------- using $&lt;read_str_from_txt&gt; =&gt; &lt;str_to_bool&gt;$
Parsing Plan created successfully

Executing Parsing Plan for [/home/travis/build/smarie/python-parsyfiles/parsyfiles/tests/combining_parsers_converters/test_data/b64pickle-float-1.0=True]
(P) /home/travis/build/smarie/python-parsyfiles/parsyfiles/tests/combining_parsers_converters/test_data/b64pickle-float-1.0=True.txt -&gt; bool ------- using $&lt;read_str_from_txt&gt; =&gt; &lt;str_to_bool&gt;$
  !! Caught error during execution !!
  File &quot;/home/travis/build/smarie/python-parsyfiles/parsyfiles/converting_core.py&quot;, line 524, in _convert
    return self.conversion_method(desired_type, source_obj, logger, **opts)
  File &quot;/home/travis/build/smarie/python-parsyfiles/parsyfiles/plugins_base/support_for_primitive_types.py&quot;, line 84, in primitive_to_bool
    return bool(strtobool(source))
  File &quot;/opt/python/3.5.5/lib/python3.5/distutils/util.py&quot;, line 317, in strtobool
    raise ValueError(&quot;invalid truth value %r&quot; % (val,))
  ValueError : invalid truth value &apos;ganhp/aaaaaaaaau&apos;
(B)                                                                                                  |--b64pickle-float-1.0=True.txt -&gt; bool ------- using $&lt;read_str_from_txt&gt; =&gt; &lt;base64_ascii_str_pickle_to_object&gt; -&gt; &lt;float_to_bool&gt;$
Executing Parsing Plan for [/home/travis/build/smarie/python-parsyfiles/parsyfiles/tests/combining_parsers_converters/test_data/b64pickle-float-1.0=True]
(P) /home/travis/build/smarie/python-parsyfiles/parsyfiles/tests/combining_parsers_converters/test_data/b64pickle-float-1.0=True.txt -&gt; bool ------- using $&lt;read_str_from_txt&gt; =&gt; &lt;base64_ascii_str_pickle_to_object&gt; -&gt; &lt;float_to_bool&gt;$
(P)                                                                                                  |--b64pickle-float-1.0=True.txt -&gt; bool SUCCESS !
Completed parsing successfully

**** Starting to parse single object of type &lt;bool&gt; at location /home/travis/build/smarie/python-parsyfiles/parsyfiles/tests/combining_parsers_converters/test_data/b64pickle-float-1.0=True ****
Checking all files under [/home/travis/build/smarie/python-parsyfiles/parsyfiles/tests/combining_parsers_converters/test_data/b64pickle-float-1.0=True]
(C) /home/travis/build/smarie/python-parsyfiles/parsyfiles/tests/combining_parsers_converters/test_data/b64pickle-float-1.0=True (singlefile, .txt)
File checks done

Building a parsing plan to parse [/home/travis/build/smarie/python-parsyfiles/parsyfiles/tests/combining_parsers_converters/test_data/b64pickle-float-1.0=True] into a bool
(B) /home/travis/build/smarie/python-parsyfiles/parsyfiles/tests/combining_parsers_converters/test_data/b64pickle-float-1.0=True.txt -&gt; bool ------- using [Try &apos;$&lt;read_str_from_txt&gt; =&gt; &lt;str_to_bool&gt;$&apos; then &apos;$&lt;read_str_from_txt&gt; =&gt; &lt;base64_ascii_str_pickle_to_object&gt; -&gt; &lt;float_to_bool&gt;$&apos; then &apos;$&lt;read_str_from_txt&gt; =&gt; &lt;base64_ascii_str_pickle_to_object&gt; -&gt; &lt;int_to_bool&gt;$&apos; then &apos;$&lt;read_str_from_txt&gt; =&gt; &lt;base64_ascii_str_pickle_to_object&gt; -&gt; &lt;str_to_bool&gt;$&apos; then &apos;$&lt;read_str_from_txt&gt; =&gt; &lt;base64_ascii_str_pickle_to_object&gt;$]&apos;]
(B)                                                                                                  |--b64pickle-float-1.0=True.txt -&gt; bool ------- using $&lt;read_str_from_txt&gt; =&gt; &lt;str_to_bool&gt;$
Parsing Plan created successfully

Executing Parsing Plan for [/home/travis/build/smarie/python-parsyfiles/parsyfiles/tests/combining_parsers_converters/test_data/b64pickle-float-1.0=True]
(P) /home/travis/build/smarie/python-parsyfiles/parsyfiles/tests/combining_parsers_converters/test_data/b64pickle-float-1.0=True.txt -&gt; bool ------- using $&lt;read_str_from_txt&gt; =&gt; &lt;str_to_bool&gt;$
  !! Caught error during execution !!
  File &quot;/home/travis/build/smarie/python-parsyfiles/parsyfiles/converting_core.py&quot;, line 524, in _convert
    return self.conversion_method(desired_type, source_obj, logger, **opts)
  File &quot;/home/travis/build/smarie/python-parsyfiles/parsyfiles/plugins_base/support_for_primitive_types.py&quot;, line 84, in primitive_to_bool
    return bool(strtobool(source))
  File &quot;/opt/python/3.5.5/lib/python3.5/distutils/util.py&quot;, line 317, in strtobool
    raise ValueError(&quot;invalid truth value %r&quot; % (val,))
  ValueError : invalid truth value &apos;ganhp/aaaaaaaaau&apos;
(B)                                                                                                  |--b64pickle-float-1.0=True.txt -&gt; bool ------- using $&lt;read_str_from_txt&gt; =&gt; &lt;base64_ascii_str_pickle_to_object&gt; -&gt; &lt;float_to_bool&gt;$
Executing Parsing Plan for [/home/travis/build/smarie/python-parsyfiles/parsyfiles/tests/combining_parsers_converters/test_data/b64pickle-float-1.0=True]
(P) /home/travis/build/smarie/python-parsyfiles/parsyfiles/tests/combining_parsers_converters/test_data/b64pickle-float-1.0=True.txt -&gt; bool ------- using $&lt;read_str_from_txt&gt; =&gt; &lt;base64_ascii_str_pickle_to_object&gt; -&gt; &lt;float_to_bool&gt;$
(P)                                                                                                  |--b64pickle-float-1.0=True.txt -&gt; bool SUCCESS !
Completed parsing successfully

**** Starting to parse single object of type &lt;bool&gt; at location /home/travis/build/smarie/python-parsyfiles/parsyfiles/tests/combining_parsers_converters/test_data/b64pickle-float-1.0=True ****
Checking all files under [/home/travis/build/smarie/python-parsyfiles/parsyfiles/tests/combining_parsers_converters/test_data/b64pickle-float-1.0=True]
(C) /home/travis/build/smarie/python-parsyfiles/parsyfiles/tests/combining_parsers_converters/test_data/b64pickle-float-1.0=True (singlefile, .txt)
File checks done

Building a parsing plan to parse [/home/travis/build/smarie/python-parsyfiles/parsyfiles/tests/combining_parsers_converters/test_data/b64pickle-float-1.0=True] into a bool
(B) /home/travis/build/smarie/python-parsyfiles/parsyfiles/tests/combining_parsers_converters/test_data/b64pickle-float-1.0=True.txt -&gt; bool ------- using [Try &apos;$&lt;read_str_from_txt&gt; =&gt; &lt;str_to_bool&gt;$&apos; then &apos;$&lt;read_str_from_txt&gt; =&gt; &lt;base64_ascii_str_pickle_to_object&gt; -&gt; &lt;float_to_bool&gt;$&apos; then &apos;$&lt;read_str_from_txt&gt; =&gt; &lt;base64_ascii_str_pickle_to_object&gt; -&gt; &lt;int_to_bool&gt;$&apos; then &apos;$&lt;read_str_from_txt&gt; =&gt; &lt;base64_ascii_str_pickle_to_object&gt; -&gt; &lt;str_to_bool&gt;$&apos; then &apos;$&lt;read_str_from_txt&gt; =&gt; &lt;base64_ascii_str_pickle_to_object&gt;$]&apos;]
(B)                                                                                                  |--b64pickle-float-1.0=True.txt -&gt; bool ------- using $&lt;read_str_from_txt&gt; =&gt; &lt;str_to_bool&gt;$
Parsing Plan created successfully

Executing Parsing Plan for [/home/travis/build/smarie/python-parsyfiles/parsyfiles/tests/combining_parsers_converters/test_data/b64pickle-float-1.0=True]
(P) /home/travis/build/smarie/python-parsyfiles/parsyfiles/tests/combining_parsers_converters/test_data/b64pickle-float-1.0=True.txt -&gt; bool ------- using $&lt;read_str_from_txt&gt; =&gt; &lt;str_to_bool&gt;$
  !! Caught error during execution !!
  File &quot;/home/travis/build/smarie/python-parsyfiles/parsyfiles/converting_core.py&quot;, line 524, in _convert
    return self.conversion_method(desired_type, source_obj, logger, **opts)
  File &quot;/home/travis/build/smarie/python-parsyfiles/parsyfiles/plugins_base/support_for_primitive_types.py&quot;, line 84, in primitive_to_bool
    return bool(strtobool(source))
  File &quot;/opt/python/3.5.5/lib/python3.5/distutils/util.py&quot;, line 317, in strtobool
    raise ValueError(&quot;invalid truth value %r&quot; % (val,))
  ValueError : invalid truth value &apos;ganhp/aaaaaaaaau&apos;
(B)                                                                                                  |--b64pickle-float-1.0=True.txt -&gt; bool ------- using $&lt;read_str_from_txt&gt; =&gt; &lt;base64_ascii_str_pickle_to_object&gt; -&gt; &lt;float_to_bool&gt;$
Executing Parsing Plan for [/home/travis/build/smarie/python-parsyfiles/parsyfiles/tests/combining_parsers_converters/test_data/b64pickle-float-1.0=True]
(P) /home/travis/build/smarie/python-parsyfiles/parsyfiles/tests/combining_parsers_converters/test_data/b64pickle-float-1.0=True.txt -&gt; bool ------- using $&lt;read_str_from_txt&gt; =&gt; &lt;base64_ascii_str_pickle_to_object&gt; -&gt; &lt;float_to_bool&gt;$
(P)                                                                                                  |--b64pickle-float-1.0=True.txt -&gt; bool SUCCESS !
Completed parsing successfully

**** Starting to parse single object of type &lt;bool&gt; at location /home/travis/build/smarie/python-parsyfiles/parsyfiles/tests/combining_parsers_converters/test_data/b64pickle-float-1.0=True ****
Checking all files under [/home/travis/build/smarie/python-parsyfiles/parsyfiles/tests/combining_parsers_converters/test_data/b64pickle-float-1.0=True]
(C) /home/travis/build/smarie/python-parsyfiles/parsyfiles/tests/combining_parsers_converters/test_data/b64pickle-float-1.0=True (singlefile, .txt)
File checks done

Building a parsing plan to parse [/home/travis/build/smarie/python-parsyfiles/parsyfiles/tests/combining_parsers_converters/test_data/b64pickle-float-1.0=True] into a bool
(B) /home/travis/build/smarie/python-parsyfiles/parsyfiles/tests/combining_parsers_converters/test_data/b64pickle-float-1.0=True.txt -&gt; bool ------- using [Try &apos;$&lt;read_str_from_txt&gt; =&gt; &lt;str_to_bool&gt;$&apos; then &apos;$&lt;read_str_from_txt&gt; =&gt; &lt;base64_ascii_str_pickle_to_object&gt; -&gt; &lt;float_to_bool&gt;$&apos; then &apos;$&lt;read_str_from_txt&gt; =&gt; &lt;base64_ascii_str_pickle_to_object&gt; -&gt; &lt;int_to_bool&gt;$&apos; then &apos;$&lt;read_str_from_txt&gt; =&gt; &lt;base64_ascii_str_pickle_to_object&gt; -&gt; &lt;str_to_bool&gt;$&apos; then &apos;$&lt;read_str_from_txt&gt; =&gt; &lt;base64_ascii_str_pickle_to_object&gt;$]&apos;]
(B)                                                                                                  |--b64pickle-float-1.0=True.txt -&gt; bool ------- using $&lt;read_str_from_txt&gt; =&gt; &lt;str_to_bool&gt;$
Parsing Plan created successfully

Executing Parsing Plan for [/home/travis/build/smarie/python-parsyfiles/parsyfiles/tests/combining_parsers_converters/test_data/b64pickle-float-1.0=True]
(P) /home/travis/build/smarie/python-parsyfiles/parsyfiles/tests/combining_parsers_converters/test_data/b64pickle-float-1.0=True.txt -&gt; bool ------- using $&lt;read_str_from_txt&gt; =&gt; &lt;str_to_bool&gt;$
  !! Caught error during execution !!
  File &quot;/home/travis/build/smarie/python-parsyfiles/parsyfiles/converting_core.py&quot;, line 524, in _convert
    return self.conversion_method(desired_type, source_obj, logger, **opts)
  File &quot;/home/travis/build/smarie/python-parsyfiles/parsyfiles/plugins_base/support_for_primitive_types.py&quot;, line 84, in primitive_to_bool
    return bool(strtobool(source))
  File &quot;/opt/python/3.5.5/lib/python3.5/distutils/util.py&quot;, line 317, in strtobool
    raise ValueError(&quot;invalid truth value %r&quot; % (val,))
  ValueError : invalid truth value &apos;ganhp/aaaaaaaaau&apos;
(B)                                                                                                  |--b64pickle-float-1.0=True.txt -&gt; bool ------- using $&lt;read_str_from_txt&gt; =&gt; &lt;base64_ascii_str_pickle_to_object&gt; -&gt; &lt;float_to_bool&gt;$
Executing Parsing Plan for [/home/travis/build/smarie/python-parsyfiles/parsyfiles/tests/combining_parsers_converters/test_data/b64pickle-float-1.0=True]
(P) /home/travis/build/smarie/python-parsyfiles/parsyfiles/tests/combining_parsers_converters/test_data/b64pickle-float-1.0=True.txt -&gt; bool ------- using $&lt;read_str_from_txt&gt; =&gt; &lt;base64_ascii_str_pickle_to_object&gt; -&gt; &lt;float_to_bool&gt;$
(P)                                                                                                  |--b64pickle-float-1.0=True.txt -&gt; bool SUCCESS !
Completed parsing successfully

**** Starting to parse single object of type &lt;bool&gt; at location /home/travis/build/smarie/python-parsyfiles/parsyfiles/tests/combining_parsers_converters/test_data/b64pickle-float-1.0=True ****
Checking all files under [/home/travis/build/smarie/python-parsyfiles/parsyfiles/tests/combining_parsers_converters/test_data/b64pickle-float-1.0=True]
(C) /home/travis/build/smarie/python-parsyfiles/parsyfiles/tests/combining_parsers_converters/test_data/b64pickle-float-1.0=True (singlefile, .txt)
File checks done

Building a parsing plan to parse [/home/travis/build/smarie/python-parsyfiles/parsyfiles/tests/combining_parsers_converters/test_data/b64pickle-float-1.0=True] into a bool
(B) /home/travis/build/smarie/python-parsyfiles/parsyfiles/tests/combining_parsers_converters/test_data/b64pickle-float-1.0=True.txt -&gt; bool ------- using [Try &apos;$&lt;read_str_from_txt&gt; =&gt; &lt;str_to_bool&gt;$&apos; then &apos;$&lt;read_str_from_txt&gt; =&gt; &lt;base64_ascii_str_pickle_to_object&gt; -&gt; &lt;float_to_bool&gt;$&apos; then &apos;$&lt;read_str_from_txt&gt; =&gt; &lt;base64_ascii_str_pickle_to_object&gt; -&gt; &lt;int_to_bool&gt;$&apos; then &apos;$&lt;read_str_from_txt&gt; =&gt; &lt;base64_ascii_str_pickle_to_object&gt; -&gt; &lt;str_to_bool&gt;$&apos; then &apos;$&lt;read_str_from_txt&gt; =&gt; &lt;base64_ascii_str_pickle_to_object&gt;$]&apos;]
(B)                                                                                                  |--b64pickle-float-1.0=True.txt -&gt; bool ------- using $&lt;read_str_from_txt&gt; =&gt; &lt;str_to_bool&gt;$
Parsing Plan created successfully

Executing Parsing Plan for [/home/travis/build/smarie/python-parsyfiles/parsyfiles/tests/combining_parsers_converters/test_data/b64pickle-float-1.0=True]
(P) /home/travis/build/smarie/python-parsyfiles/parsyfiles/tests/combining_parsers_converters/test_data/b64pickle-float-1.0=True.txt -&gt; bool ------- using $&lt;read_str_from_txt&gt; =&gt; &lt;str_to_bool&gt;$
  !! Caught error during execution !!
  File &quot;/home/travis/build/smarie/python-parsyfiles/parsyfiles/converting_core.py&quot;, line 524, in _convert
    return self.conversion_method(desired_type, source_obj, logger, **opts)
  File &quot;/home/travis/build/smarie/python-parsyfiles/parsyfiles/plugins_base/support_for_primitive_types.py&quot;, line 84, in primitive_to_bool
    return bool(strtobool(source))
  File &quot;/opt/python/3.5.5/lib/python3.5/distutils/util.py&quot;, line 317, in strtobool
    raise ValueError(&quot;invalid truth value %r&quot; % (val,))
  ValueError : invalid truth value &apos;ganhp/aaaaaaaaau&apos;
(B)                                                                                                  |--b64pickle-float-1.0=True.txt -&gt; bool ------- using $&lt;read_str_from_txt&gt; =&gt; &lt;base64_ascii_str_pickle_to_object&gt; -&gt; &lt;float_to_bool&gt;$
Executing Parsing Plan for [/home/travis/build/smarie/python-parsyfiles/parsyfiles/tests/combining_parsers_converters/test_data/b64pickle-float-1.0=True]
(P) /home/travis/build/smarie/python-parsyfiles/parsyfiles/tests/combining_parsers_converters/test_data/b64pickle-float-1.0=True.txt -&gt; bool ------- using $&lt;read_str_from_txt&gt; =&gt; &lt;base64_ascii_str_pickle_to_object&gt; -&gt; &lt;float_to_bool&gt;$
(P)                                                                                                  |--b64pickle-float-1.0=True.txt -&gt; bool SUCCESS !
Completed parsing successfully

**** Starting to parse single object of type &lt;bool&gt; at location /home/travis/build/smarie/python-parsyfiles/parsyfiles/tests/combining_parsers_converters/test_data/b64pickle-float-1.0=True ****
Checking all files under [/home/travis/build/smarie/python-parsyfiles/parsyfiles/tests/combining_parsers_converters/test_data/b64pickle-float-1.0=True]
(C) /home/travis/build/smarie/python-parsyfiles/parsyfiles/tests/combining_parsers_converters/test_data/b64pickle-float-1.0=True (singlefile, .txt)
File checks done

Building a parsing plan to parse [/home/travis/build/smarie/python-parsyfiles/parsyfiles/tests/combining_parsers_converters/test_data/b64pickle-float-1.0=True] into a bool
(B) /home/travis/build/smarie/python-parsyfiles/parsyfiles/tests/combining_parsers_converters/test_data/b64pickle-float-1.0=True.txt -&gt; bool ------- using [Try &apos;$&lt;read_str_from_txt&gt; =&gt; &lt;str_to_bool&gt;$&apos; then &apos;$&lt;read_str_from_txt&gt; =&gt; &lt;base64_ascii_str_pickle_to_object&gt; -&gt; &lt;float_to_bool&gt;$&apos; then &apos;$&lt;read_str_from_txt&gt; =&gt; &lt;base64_ascii_str_pickle_to_object&gt; -&gt; &lt;int_to_bool&gt;$&apos; then &apos;$&lt;read_str_from_txt&gt; =&gt; &lt;base64_ascii_str_pickle_to_object&gt; -&gt; &lt;str_to_bool&gt;$&apos; then &apos;$&lt;read_str_from_txt&gt; =&gt; &lt;base64_ascii_str_pickle_to_object&gt;$]&apos;]
(B)                                                                                                  |--b64pickle-float-1.0=True.txt -&gt; bool ------- using $&lt;read_str_from_txt&gt; =&gt; &lt;str_to_bool&gt;$
Parsing Plan created successfully

Executing Parsing Plan for [/home/travis/build/smarie/python-parsyfiles/parsyfiles/tests/combining_parsers_converters/test_data/b64pickle-float-1.0=True]
(P) /home/travis/build/smarie/python-parsyfiles/parsyfiles/tests/combining_parsers_converters/test_data/b64pickle-float-1.0=True.txt -&gt; bool ------- using $&lt;read_str_from_txt&gt; =&gt; &lt;str_to_bool&gt;$
  !! Caught error during execution !!
  File &quot;/home/travis/build/smarie/python-parsyfiles/parsyfiles/converting_core.py&quot;, line 524, in _convert
    return self.conversion_method(desired_type, source_obj, logger, **opts)
  File &quot;/home/travis/build/smarie/python-parsyfiles/parsyfiles/plugins_base/support_for_primitive_types.py&quot;, line 84, in primitive_to_bool
    return bool(strtobool(source))
  File &quot;/opt/python/3.5.5/lib/python3.5/distutils/util.py&quot;, line 317, in strtobool
    raise ValueError(&quot;invalid truth value %r&quot; % (val,))
  ValueError : invalid truth value &apos;ganhp/aaaaaaaaau&apos;
(B)                                                                                                  |--b64pickle-float-1.0=True.txt -&gt; bool ------- using $&lt;read_str_from_txt&gt; =&gt; &lt;base64_ascii_str_pickle_to_object&gt; -&gt; &lt;float_to_bool&gt;$
Executing Parsing Plan for [/home/travis/build/smarie/python-parsyfiles/parsyfiles/tests/combining_parsers_converters/test_data/b64pickle-float-1.0=True]
(P) /home/travis/build/smarie/python-parsyfiles/parsyfiles/tests/combining_parsers_converters/test_data/b64pickle-float-1.0=True.txt -&gt; bool ------- using $&lt;read_str_from_txt&gt; =&gt; &lt;base64_ascii_str_pickle_to_object&gt; -&gt; &lt;float_to_bool&gt;$
(P)                                                                                                  |--b64pickle-float-1.0=True.txt -&gt; bool SUCCESS !
Completed parsing successfully

**** Starting to parse single object of type &lt;bool&gt; at location /home/travis/build/smarie/python-parsyfiles/parsyfiles/tests/combining_parsers_converters/test_data/b64pickle-float-1.0=True ****
Checking all files under [/home/travis/build/smarie/python-parsyfiles/parsyfiles/tests/combining_parsers_converters/test_data/b64pickle-float-1.0=True]
(C) /home/travis/build/smarie/python-parsyfiles/parsyfiles/tests/combining_parsers_converters/test_data/b64pickle-float-1.0=True (singlefile, .txt)
File checks done

Building a parsing plan to parse [/home/travis/build/smarie/python-parsyfiles/parsyfiles/tests/combining_parsers_converters/test_data/b64pickle-float-1.0=True] into a bool
(B) /home/travis/build/smarie/python-parsyfiles/parsyfiles/tests/combining_parsers_converters/test_data/b64pickle-float-1.0=True.txt -&gt; bool ------- using [Try &apos;$&lt;read_str_from_txt&gt; =&gt; &lt;str_to_bool&gt;$&apos; then &apos;$&lt;read_str_from_txt&gt; =&gt; &lt;base64_ascii_str_pickle_to_object&gt; -&gt; &lt;float_to_bool&gt;$&apos; then &apos;$&lt;read_str_from_txt&gt; =&gt; &lt;base64_ascii_str_pickle_to_object&gt; -&gt; &lt;int_to_bool&gt;$&apos; then &apos;$&lt;read_str_from_txt&gt; =&gt; &lt;base64_ascii_str_pickle_to_object&gt; -&gt; &lt;str_to_bool&gt;$&apos; then &apos;$&lt;read_str_from_txt&gt; =&gt; &lt;base64_ascii_str_pickle_to_object&gt;$]&apos;]
(B)                                                                                                  |--b64pickle-float-1.0=True.txt -&gt; bool ------- using $&lt;read_str_from_txt&gt; =&gt; &lt;str_to_bool&gt;$
Parsing Plan created successfully

Executing Parsing Plan for [/home/travis/build/smarie/python-parsyfiles/parsyfiles/tests/combining_parsers_converters/test_data/b64pickle-float-1.0=True]
(P) /home/travis/build/smarie/python-parsyfiles/parsyfiles/tests/combining_parsers_converters/test_data/b64pickle-float-1.0=True.txt -&gt; bool ------- using $&lt;read_str_from_txt&gt; =&gt; &lt;str_to_bool&gt;$
  !! Caught error during execution !!
  File &quot;/home/travis/build/smarie/python-parsyfiles/parsyfiles/converting_core.py&quot;, line 524, in _convert
    return self.conversion_method(desired_type, source_obj, logger, **opts)
  File &quot;/home/travis/build/smarie/python-parsyfiles/parsyfiles/plugins_base/support_for_primitive_types.py&quot;, line 84, in primitive_to_bool
    return bool(strtobool(source))
  File &quot;/opt/python/3.5.5/lib/python3.5/distutils/util.py&quot;, line 317, in strtobool
    raise ValueError(&quot;invalid truth value %r&quot; % (val,))
  ValueError : invalid truth value &apos;ganhp/aaaaaaaaau&apos;
(B)                                                                                                  |--b64pickle-float-1.0=True.txt -&gt; bool ------- using $&lt;read_str_from_txt&gt; =&gt; &lt;base64_ascii_str_pickle_to_object&gt; -&gt; &lt;float_to_bool&gt;$
Executing Parsing Plan for [/home/travis/build/smarie/python-parsyfiles/parsyfiles/tests/combining_parsers_converters/test_data/b64pickle-float-1.0=True]
(P) /home/travis/build/smarie/python-parsyfiles/parsyfiles/tests/combining_parsers_converters/test_data/b64pickle-float-1.0=True.txt -&gt; bool ------- using $&lt;read_str_from_txt&gt; =&gt; &lt;base64_ascii_str_pickle_to_object&gt; -&gt; &lt;float_to_bool&gt;$
(P)                                                                                                  |--b64pickle-float-1.0=True.txt -&gt; bool SUCCESS !
Completed parsing successfully

**** Starting to parse single object of type &lt;bool&gt; at location /home/travis/build/smarie/python-parsyfiles/parsyfiles/tests/combining_parsers_converters/test_data/b64pickle-float-1.0=True ****
Checking all files under [/home/travis/build/smarie/python-parsyfiles/parsyfiles/tests/combining_parsers_converters/test_data/b64pickle-float-1.0=True]
(C) /home/travis/build/smarie/python-parsyfiles/parsyfiles/tests/combining_parsers_converters/test_data/b64pickle-float-1.0=True (singlefile, .txt)
File checks done

Building a parsing plan to parse [/home/travis/build/smarie/python-parsyfiles/parsyfiles/tests/combining_parsers_converters/test_data/b64pickle-float-1.0=True] into a bool
(B) /home/travis/build/smarie/python-parsyfiles/parsyfiles/tests/combining_parsers_converters/test_data/b64pickle-float-1.0=True.txt -&gt; bool ------- using [Try &apos;$&lt;read_str_from_txt&gt; =&gt; &lt;str_to_bool&gt;$&apos; then &apos;$&lt;read_str_from_txt&gt; =&gt; &lt;base64_ascii_str_pickle_to_object&gt; -&gt; &lt;float_to_bool&gt;$&apos; then &apos;$&lt;read_str_from_txt&gt; =&gt; &lt;base64_ascii_str_pickle_to_object&gt; -&gt; &lt;int_to_bool&gt;$&apos; then &apos;$&lt;read_str_from_txt&gt; =&gt; &lt;base64_ascii_str_pickle_to_object&gt; -&gt; &lt;str_to_bool&gt;$&apos; then &apos;$&lt;read_str_from_txt&gt; =&gt; &lt;base64_ascii_str_pickle_to_object&gt;$]&apos;]
(B)                                                                                                  |--b64pickle-float-1.0=True.txt -&gt; bool ------- using $&lt;read_str_from_txt&gt; =&gt; &lt;str_to_bool&gt;$
Parsing Plan created successfully

Executing Parsing Plan for [/home/travis/build/smarie/python-parsyfiles/parsyfiles/tests/combining_parsers_converters/test_data/b64pickle-float-1.0=True]
(P) /home/travis/build/smarie/python-parsyfiles/parsyfiles/tests/combining_parsers_converters/test_data/b64pickle-float-1.0=True.txt -&gt; bool ------- using $&lt;read_str_from_txt&gt; =&gt; &lt;str_to_bool&gt;$
  !! Caught error during execution !!
  File &quot;/home/travis/build/smarie/python-parsyfiles/parsyfiles/converting_core.py&quot;, line 524, in _convert
    return self.conversion_method(desired_type, source_obj, logger, **opts)
  File &quot;/home/travis/build/smarie/python-parsyfiles/parsyfiles/plugins_base/support_for_primitive_types.py&quot;, line 84, in primitive_to_bool
    return bool(strtobool(source))
  File &quot;/opt/python/3.5.5/lib/python3.5/distutils/util.py&quot;, line 317, in strtobool
    raise ValueError(&quot;invalid truth value %r&quot; % (val,))
  ValueError : invalid truth value &apos;ganhp/aaaaaaaaau&apos;
(B)                                                                                                  |--b64pickle-float-1.0=True.txt -&gt; bool ------- using $&lt;read_str_from_txt&gt; =&gt; &lt;base64_ascii_str_pickle_to_object&gt; -&gt; &lt;float_to_bool&gt;$
Executing Parsing Plan for [/home/travis/build/smarie/python-parsyfiles/parsyfiles/tests/combining_parsers_converters/test_data/b64pickle-float-1.0=True]
(P) /home/travis/build/smarie/python-parsyfiles/parsyfiles/tests/combining_parsers_converters/test_data/b64pickle-float-1.0=True.txt -&gt; bool ------- using $&lt;read_str_from_txt&gt; =&gt; &lt;base64_ascii_str_pickle_to_object&gt; -&gt; &lt;float_to_bool&gt;$
(P)                                                                                                  |--b64pickle-float-1.0=True.txt -&gt; bool SUCCESS !
Completed parsing successfully

**** Starting to parse single object of type &lt;bool&gt; at location /home/travis/build/smarie/python-parsyfiles/parsyfiles/tests/combining_parsers_converters/test_data/b64pickle-float-1.0=True ****
Checking all files under [/home/travis/build/smarie/python-parsyfiles/parsyfiles/tests/combining_parsers_converters/test_data/b64pickle-float-1.0=True]
(C) /home/travis/build/smarie/python-parsyfiles/parsyfiles/tests/combining_parsers_converters/test_data/b64pickle-float-1.0=True (singlefile, .txt)
File checks done

Building a parsing plan to parse [/home/travis/build/smarie/python-parsyfiles/parsyfiles/tests/combining_parsers_converters/test_data/b64pickle-float-1.0=True] into a bool
(B) /home/travis/build/smarie/python-parsyfiles/parsyfiles/tests/combining_parsers_converters/test_data/b64pickle-float-1.0=True.txt -&gt; bool ------- using [Try &apos;$&lt;read_str_from_txt&gt; =&gt; &lt;str_to_bool&gt;$&apos; then &apos;$&lt;read_str_from_txt&gt; =&gt; &lt;base64_ascii_str_pickle_to_object&gt; -&gt; &lt;float_to_bool&gt;$&apos; then &apos;$&lt;read_str_from_txt&gt; =&gt; &lt;base64_ascii_str_pickle_to_object&gt; -&gt; &lt;int_to_bool&gt;$&apos; then &apos;$&lt;read_str_from_txt&gt; =&gt; &lt;base64_ascii_str_pickle_to_object&gt; -&gt; &lt;str_to_bool&gt;$&apos; then &apos;$&lt;read_str_from_txt&gt; =&gt; &lt;base64_ascii_str_pickle_to_object&gt;$]&apos;]
(B)                                                                                                  |--b64pickle-float-1.0=True.txt -&gt; bool ------- using $&lt;read_str_from_txt&gt; =&gt; &lt;str_to_bool&gt;$
Parsing Plan created successfully

Executing Parsing Plan for [/home/travis/build/smarie/python-parsyfiles/parsyfiles/tests/combining_parsers_converters/test_data/b64pickle-float-1.0=True]
(P) /home/travis/build/smarie/python-parsyfiles/parsyfiles/tests/combining_parsers_converters/test_data/b64pickle-float-1.0=True.txt -&gt; bool ------- using $&lt;read_str_from_txt&gt; =&gt; &lt;str_to_bool&gt;$
  !! Caught error during execution !!
  File &quot;/home/travis/build/smarie/python-parsyfiles/parsyfiles/converting_core.py&quot;, line 524, in _convert
    return self.conversion_method(desired_type, source_obj, logger, **opts)
  File &quot;/home/travis/build/smarie/python-parsyfiles/parsyfiles/plugins_base/support_for_primitive_types.py&quot;, line 84, in primitive_to_bool
    return bool(strtobool(source))
  File &quot;/opt/python/3.5.5/lib/python3.5/distutils/util.py&quot;, line 317, in strtobool
    raise ValueError(&quot;invalid truth value %r&quot; % (val,))
  ValueError : invalid truth value &apos;ganhp/aaaaaaaaau&apos;
(B)                                                                                                  |--b64pickle-float-1.0=True.txt -&gt; bool ------- using $&lt;read_str_from_txt&gt; =&gt; &lt;base64_ascii_str_pickle_to_object&gt; -&gt; &lt;float_to_bool&gt;$
Executing Parsing Plan for [/home/travis/build/smarie/python-parsyfiles/parsyfiles/tests/combining_parsers_converters/test_data/b64pickle-float-1.0=True]
(P) /home/travis/build/smarie/python-parsyfiles/parsyfiles/tests/combining_parsers_converters/test_data/b64pickle-float-1.0=True.txt -&gt; bool ------- using $&lt;read_str_from_txt&gt; =&gt; &lt;base64_ascii_str_pickle_to_object&gt; -&gt; &lt;float_to_bool&gt;$
(P)                                                                                                  |--b64pickle-float-1.0=True.txt -&gt; bool SUCCESS !
Completed parsing successfully

**** Starting to parse single object of type &lt;bool&gt; at location /home/travis/build/smarie/python-parsyfiles/parsyfiles/tests/combining_parsers_converters/test_data/b64pickle-float-1.0=True ****
Checking all files under [/home/travis/build/smarie/python-parsyfiles/parsyfiles/tests/combining_parsers_converters/test_data/b64pickle-float-1.0=True]
(C) /home/travis/build/smarie/python-parsyfiles/parsyfiles/tests/combining_parsers_converters/test_data/b64pickle-float-1.0=True (singlefile, .txt)
File checks done

Building a parsing plan to parse [/home/travis/build/smarie/python-parsyfiles/parsyfiles/tests/combining_parsers_converters/test_data/b64pickle-float-1.0=True] into a bool
(B) /home/travis/build/smarie/python-parsyfiles/parsyfiles/tests/combining_parsers_converters/test_data/b64pickle-float-1.0=True.txt -&gt; bool ------- using [Try &apos;$&lt;read_str_from_txt&gt; =&gt; &lt;str_to_bool&gt;$&apos; then &apos;$&lt;read_str_from_txt&gt; =&gt; &lt;base64_ascii_str_pickle_to_object&gt; -&gt; &lt;float_to_bool&gt;$&apos; then &apos;$&lt;read_str_from_txt&gt; =&gt; &lt;base64_ascii_str_pickle_to_object&gt; -&gt; &lt;int_to_bool&gt;$&apos; then &apos;$&lt;read_str_from_txt&gt; =&gt; &lt;base64_ascii_str_pickle_to_object&gt; -&gt; &lt;str_to_bool&gt;$&apos; then &apos;$&lt;read_str_from_txt&gt; =&gt; &lt;base64_ascii_str_pickle_to_object&gt;$]&apos;]
(B)                                                                                                  |--b64pickle-float-1.0=True.txt -&gt; bool ------- using $&lt;read_str_from_txt&gt; =&gt; &lt;str_to_bool&gt;$
Parsing Plan created successfully

Executing Parsing Plan for [/home/travis/build/smarie/python-parsyfiles/parsyfiles/tests/combining_parsers_converters/test_data/b64pickle-float-1.0=True]
(P) /home/travis/build/smarie/python-parsyfiles/parsyfiles/tests/combining_parsers_converters/test_data/b64pickle-float-1.0=True.txt -&gt; bool ------- using $&lt;read_str_from_txt&gt; =&gt; &lt;str_to_bool&gt;$
  !! Caught error during execution !!
  File &quot;/home/travis/build/smarie/python-parsyfiles/parsyfiles/converting_core.py&quot;, line 524, in _convert
    return self.conversion_method(desired_type, source_obj, logger, **opts)
  File &quot;/home/travis/build/smarie/python-parsyfiles/parsyfiles/plugins_base/support_for_primitive_types.py&quot;, line 84, in primitive_to_bool
    return bool(strtobool(source))
  File &quot;/opt/python/3.5.5/lib/python3.5/distutils/util.py&quot;, line 317, in strtobool
    raise ValueError(&quot;invalid truth value %r&quot; % (val,))
  ValueError : invalid truth value &apos;ganhp/aaaaaaaaau&apos;
(B)                                                                                                  |--b64pickle-float-1.0=True.txt -&gt; bool ------- using $&lt;read_str_from_txt&gt; =&gt; &lt;base64_ascii_str_pickle_to_object&gt; -&gt; &lt;float_to_bool&gt;$
Executing Parsing Plan for [/home/travis/build/smarie/python-parsyfiles/parsyfiles/tests/combining_parsers_converters/test_data/b64pickle-float-1.0=True]
(P) /home/travis/build/smarie/python-parsyfiles/parsyfiles/tests/combining_parsers_converters/test_data/b64pickle-float-1.0=True.txt -&gt; bool ------- using $&lt;read_str_from_txt&gt; =&gt; &lt;base64_ascii_str_pickle_to_object&gt; -&gt; &lt;float_to_bool&gt;$
(P)                                                                                                  |--b64pickle-float-1.0=True.txt -&gt; bool SUCCESS !
Completed parsing successfully

**** Starting to parse single object of type &lt;bool&gt; at location /home/travis/build/smarie/python-parsyfiles/parsyfiles/tests/combining_parsers_converters/test_data/b64pickle-float-1.0=True ****
Checking all files under [/home/travis/build/smarie/python-parsyfiles/parsyfiles/tests/combining_parsers_converters/test_data/b64pickle-float-1.0=True]
(C) /home/travis/build/smarie/python-parsyfiles/parsyfiles/tests/combining_parsers_converters/test_data/b64pickle-float-1.0=True (singlefile, .txt)
File checks done

Building a parsing plan to parse [/home/travis/build/smarie/python-parsyfiles/parsyfiles/tests/combining_parsers_converters/test_data/b64pickle-float-1.0=True] into a bool
(B) /home/travis/build/smarie/python-parsyfiles/parsyfiles/tests/combining_parsers_converters/test_data/b64pickle-float-1.0=True.txt -&gt; bool ------- using [Try &apos;$&lt;read_str_from_txt&gt; =&gt; &lt;str_to_bool&gt;$&apos; then &apos;$&lt;read_str_from_txt&gt; =&gt; &lt;base64_ascii_str_pickle_to_object&gt; -&gt; &lt;float_to_bool&gt;$&apos; then &apos;$&lt;read_str_from_txt&gt; =&gt; &lt;base64_ascii_str_pickle_to_object&gt; -&gt; &lt;int_to_bool&gt;$&apos; then &apos;$&lt;read_str_from_txt&gt; =&gt; &lt;base64_ascii_str_pickle_to_object&gt; -&gt; &lt;str_to_bool&gt;$&apos; then &apos;$&lt;read_str_from_txt&gt; =&gt; &lt;base64_ascii_str_pickle_to_object&gt;$]&apos;]
(B)                                                                                                  |--b64pickle-float-1.0=True.txt -&gt; bool ------- using $&lt;read_str_from_txt&gt; =&gt; &lt;str_to_bool&gt;$
Parsing Plan created successfully

Executing Parsing Plan for [/home/travis/build/smarie/python-parsyfiles/parsyfiles/tests/combining_parsers_converters/test_data/b64pickle-float-1.0=True]
(P) /home/travis/build/smarie/python-parsyfiles/parsyfiles/tests/combining_parsers_converters/test_data/b64pickle-float-1.0=True.txt -&gt; bool ------- using $&lt;read_str_from_txt&gt; =&gt; &lt;str_to_bool&gt;$
  !! Caught error during execution !!
  File &quot;/home/travis/build/smarie/python-parsyfiles/parsyfiles/converting_core.py&quot;, line 524, in _convert
    return self.conversion_method(desired_type, source_obj, logger, **opts)
  File &quot;/home/travis/build/smarie/python-parsyfiles/parsyfiles/plugins_base/support_for_primitive_types.py&quot;, line 84, in primitive_to_bool
    return bool(strtobool(source))
  File &quot;/opt/python/3.5.5/lib/python3.5/distutils/util.py&quot;, line 317, in strtobool
    raise ValueError(&quot;invalid truth value %r&quot; % (val,))
  ValueError : invalid truth value &apos;ganhp/aaaaaaaaau&apos;
(B)                                                                                                  |--b64pickle-float-1.0=True.txt -&gt; bool ------- using $&lt;read_str_from_txt&gt; =&gt; &lt;base64_ascii_str_pickle_to_object&gt; -&gt; &lt;float_to_bool&gt;$
Executing Parsing Plan for [/home/travis/build/smarie/python-parsyfiles/parsyfiles/tests/combining_parsers_converters/test_data/b64pickle-float-1.0=True]
(P) /home/travis/build/smarie/python-parsyfiles/parsyfiles/tests/combining_parsers_converters/test_data/b64pickle-float-1.0=True.txt -&gt; bool ------- using $&lt;read_str_from_txt&gt; =&gt; &lt;base64_ascii_str_pickle_to_object&gt; -&gt; &lt;float_to_bool&gt;$
(P)                                                                                                  |--b64pickle-float-1.0=True.txt -&gt; bool SUCCESS !
Completed parsing successfully

**** Starting to parse single object of type &lt;bool&gt; at location /home/travis/build/smarie/python-parsyfiles/parsyfiles/tests/combining_parsers_converters/test_data/b64pickle-float-1.0=True ****
Checking all files under [/home/travis/build/smarie/python-parsyfiles/parsyfiles/tests/combining_parsers_converters/test_data/b64pickle-float-1.0=True]
(C) /home/travis/build/smarie/python-parsyfiles/parsyfiles/tests/combining_parsers_converters/test_data/b64pickle-float-1.0=True (singlefile, .txt)
File checks done

Building a parsing plan to parse [/home/travis/build/smarie/python-parsyfiles/parsyfiles/tests/combining_parsers_converters/test_data/b64pickle-float-1.0=True] into a bool
(B) /home/travis/build/smarie/python-parsyfiles/parsyfiles/tests/combining_parsers_converters/test_data/b64pickle-float-1.0=True.txt -&gt; bool ------- using [Try &apos;$&lt;read_str_from_txt&gt; =&gt; &lt;str_to_bool&gt;$&apos; then &apos;$&lt;read_str_from_txt&gt; =&gt; &lt;base64_ascii_str_pickle_to_object&gt; -&gt; &lt;float_to_bool&gt;$&apos; then &apos;$&lt;read_str_from_txt&gt; =&gt; &lt;base64_ascii_str_pickle_to_object&gt; -&gt; &lt;int_to_bool&gt;$&apos; then &apos;$&lt;read_str_from_txt&gt; =&gt; &lt;base64_ascii_str_pickle_to_object&gt; -&gt; &lt;str_to_bool&gt;$&apos; then &apos;$&lt;read_str_from_txt&gt; =&gt; &lt;base64_ascii_str_pickle_to_object&gt;$]&apos;]
(B)                                                                                                  |--b64pickle-float-1.0=True.txt -&gt; bool ------- using $&lt;read_str_from_txt&gt; =&gt; &lt;str_to_bool&gt;$
Parsing Plan created successfully

Executing Parsing Plan for [/home/travis/build/smarie/python-parsyfiles/parsyfiles/tests/combining_parsers_converters/test_data/b64pickle-float-1.0=True]
(P) /home/travis/build/smarie/python-parsyfiles/parsyfiles/tests/combining_parsers_converters/test_data/b64pickle-float-1.0=True.txt -&gt; bool ------- using $&lt;read_str_from_txt&gt; =&gt; &lt;str_to_bool&gt;$
  !! Caught error during execution !!
  File &quot;/home/travis/build/smarie/python-parsyfiles/parsyfiles/converting_core.py&quot;, line 524, in _convert
    return self.conversion_method(desired_type, source_obj, logger, **opts)
  File &quot;/home/travis/build/smarie/python-parsyfiles/parsyfiles/plugins_base/support_for_primitive_types.py&quot;, line 84, in primitive_to_bool
    return bool(strtobool(source))
  File &quot;/opt/python/3.5.5/lib/python3.5/distutils/util.py&quot;, line 317, in strtobool
    raise ValueError(&quot;invalid truth value %r&quot; % (val,))
  ValueError : invalid truth value &apos;ganhp/aaaaaaaaau&apos;
(B)                                                                                                  |--b64pickle-float-1.0=True.txt -&gt; bool ------- using $&lt;read_str_from_txt&gt; =&gt; &lt;base64_ascii_str_pickle_to_object&gt; -&gt; &lt;float_to_bool&gt;$
Executing Parsing Plan for [/home/travis/build/smarie/python-parsyfiles/parsyfiles/tests/combining_parsers_converters/test_data/b64pickle-float-1.0=True]
(P) /home/travis/build/smarie/python-parsyfiles/parsyfiles/tests/combining_parsers_converters/test_data/b64pickle-float-1.0=True.txt -&gt; bool ------- using $&lt;read_str_from_txt&gt; =&gt; &lt;base64_ascii_str_pickle_to_object&gt; -&gt; &lt;float_to_bool&gt;$
(P)                                                                                                  |--b64pickle-float-1.0=True.txt -&gt; bool SUCCESS !
Completed parsing successfully

**** Starting to parse single object of type &lt;bool&gt; at location /home/travis/build/smarie/python-parsyfiles/parsyfiles/tests/combining_parsers_converters/test_data/b64pickle-float-1.0=True ****
Checking all files under [/home/travis/build/smarie/python-parsyfiles/parsyfiles/tests/combining_parsers_converters/test_data/b64pickle-float-1.0=True]
(C) /home/travis/build/smarie/python-parsyfiles/parsyfiles/tests/combining_parsers_converters/test_data/b64pickle-float-1.0=True (singlefile, .txt)
File checks done

Building a parsing plan to parse [/home/travis/build/smarie/python-parsyfiles/parsyfiles/tests/combining_parsers_converters/test_data/b64pickle-float-1.0=True] into a bool
(B) /home/travis/build/smarie/python-parsyfiles/parsyfiles/tests/combining_parsers_converters/test_data/b64pickle-float-1.0=True.txt -&gt; bool ------- using [Try &apos;$&lt;read_str_from_txt&gt; =&gt; &lt;str_to_bool&gt;$&apos; then &apos;$&lt;read_str_from_txt&gt; =&gt; &lt;base64_ascii_str_pickle_to_object&gt; -&gt; &lt;float_to_bool&gt;$&apos; then &apos;$&lt;read_str_from_txt&gt; =&gt; &lt;base64_ascii_str_pickle_to_object&gt; -&gt; &lt;int_to_bool&gt;$&apos; then &apos;$&lt;read_str_from_txt&gt; =&gt; &lt;base64_ascii_str_pickle_to_object&gt; -&gt; &lt;str_to_bool&gt;$&apos; then &apos;$&lt;read_str_from_txt&gt; =&gt; &lt;base64_ascii_str_pickle_to_object&gt;$]&apos;]
(B)                                                                                                  |--b64pickle-float-1.0=True.txt -&gt; bool ------- using $&lt;read_str_from_txt&gt; =&gt; &lt;str_to_bool&gt;$
Parsing Plan created successfully

Executing Parsing Plan for [/home/travis/build/smarie/python-parsyfiles/parsyfiles/tests/combining_parsers_converters/test_data/b64pickle-float-1.0=True]
(P) /home/travis/build/smarie/python-parsyfiles/parsyfiles/tests/combining_parsers_converters/test_data/b64pickle-float-1.0=True.txt -&gt; bool ------- using $&lt;read_str_from_txt&gt; =&gt; &lt;str_to_bool&gt;$
  !! Caught error during execution !!
  File &quot;/home/travis/build/smarie/python-parsyfiles/parsyfiles/converting_core.py&quot;, line 524, in _convert
    return self.conversion_method(desired_type, source_obj, logger, **opts)
  File &quot;/home/travis/build/smarie/python-parsyfiles/parsyfiles/plugins_base/support_for_primitive_types.py&quot;, line 84, in primitive_to_bool
    return bool(strtobool(source))
  File &quot;/opt/python/3.5.5/lib/python3.5/distutils/util.py&quot;, line 317, in strtobool
    raise ValueError(&quot;invalid truth value %r&quot; % (val,))
  ValueError : invalid truth value &apos;ganhp/aaaaaaaaau&apos;
(B)                                                                                                  |--b64pickle-float-1.0=True.txt -&gt; bool ------- using $&lt;read_str_from_txt&gt; =&gt; &lt;base64_ascii_str_pickle_to_object&gt; -&gt; &lt;float_to_bool&gt;$
Executing Parsing Plan for [/home/travis/build/smarie/python-parsyfiles/parsyfiles/tests/combining_parsers_converters/test_data/b64pickle-float-1.0=True]
(P) /home/travis/build/smarie/python-parsyfiles/parsyfiles/tests/combining_parsers_converters/test_data/b64pickle-float-1.0=True.txt -&gt; bool ------- using $&lt;read_str_from_txt&gt; =&gt; &lt;base64_ascii_str_pickle_to_object&gt; -&gt; &lt;float_to_bool&gt;$
(P)                                                                                                  |--b64pickle-float-1.0=True.txt -&gt; bool SUCCESS !
Completed parsing successfully

**** Starting to parse single object of type &lt;bool&gt; at location /home/travis/build/smarie/python-parsyfiles/parsyfiles/tests/combining_parsers_converters/test_data/b64pickle-float-1.0=True ****
Checking all files under [/home/travis/build/smarie/python-parsyfiles/parsyfiles/tests/combining_parsers_converters/test_data/b64pickle-float-1.0=True]
(C) /home/travis/build/smarie/python-parsyfiles/parsyfiles/tests/combining_parsers_converters/test_data/b64pickle-float-1.0=True (singlefile, .txt)
File checks done

Building a parsing plan to parse [/home/travis/build/smarie/python-parsyfiles/parsyfiles/tests/combining_parsers_converters/test_data/b64pickle-float-1.0=True] into a bool
(B) /home/travis/build/smarie/python-parsyfiles/parsyfiles/tests/combining_parsers_converters/test_data/b64pickle-float-1.0=True.txt -&gt; bool ------- using [Try &apos;$&lt;read_str_from_txt&gt; =&gt; &lt;str_to_bool&gt;$&apos; then &apos;$&lt;read_str_from_txt&gt; =&gt; &lt;base64_ascii_str_pickle_to_object&gt; -&gt; &lt;float_to_bool&gt;$&apos; then &apos;$&lt;read_str_from_txt&gt; =&gt; &lt;base64_ascii_str_pickle_to_object&gt; -&gt; &lt;int_to_bool&gt;$&apos; then &apos;$&lt;read_str_from_txt&gt; =&gt; &lt;base64_ascii_str_pickle_to_object&gt; -&gt; &lt;str_to_bool&gt;$&apos; then &apos;$&lt;read_str_from_txt&gt; =&gt; &lt;base64_ascii_str_pickle_to_object&gt;$]&apos;]
(B)                                                                                                  |--b64pickle-float-1.0=True.txt -&gt; bool ------- using $&lt;read_str_from_txt&gt; =&gt; &lt;str_to_bool&gt;$
Parsing Plan created successfully

Executing Parsing Plan for [/home/travis/build/smarie/python-parsyfiles/parsyfiles/tests/combining_parsers_converters/test_data/b64pickle-float-1.0=True]
(P) /home/travis/build/smarie/python-parsyfiles/parsyfiles/tests/combining_parsers_converters/test_data/b64pickle-float-1.0=True.txt -&gt; bool ------- using $&lt;read_str_from_txt&gt; =&gt; &lt;str_to_bool&gt;$
  !! Caught error during execution !!
  File &quot;/home/travis/build/smarie/python-parsyfiles/parsyfiles/converting_core.py&quot;, line 524, in _convert
    return self.conversion_method(desired_type, source_obj, logger, **opts)
  File &quot;/home/travis/build/smarie/python-parsyfiles/parsyfiles/plugins_base/support_for_primitive_types.py&quot;, line 84, in primitive_to_bool
    return bool(strtobool(source))
  File &quot;/opt/python/3.5.5/lib/python3.5/distutils/util.py&quot;, line 317, in strtobool
    raise ValueError(&quot;invalid truth value %r&quot; % (val,))
  ValueError : invalid truth value &apos;ganhp/aaaaaaaaau&apos;
(B)                                                                                                  |--b64pickle-float-1.0=True.txt -&gt; bool ------- using $&lt;read_str_from_txt&gt; =&gt; &lt;base64_ascii_str_pickle_to_object&gt; -&gt; &lt;float_to_bool&gt;$
Executing Parsing Plan for [/home/travis/build/smarie/python-parsyfiles/parsyfiles/tests/combining_parsers_converters/test_data/b64pickle-float-1.0=True]
(P) /home/travis/build/smarie/python-parsyfiles/parsyfiles/tests/combining_parsers_converters/test_data/b64pickle-float-1.0=True.txt -&gt; bool ------- using $&lt;read_str_from_txt&gt; =&gt; &lt;base64_ascii_str_pickle_to_object&gt; -&gt; &lt;float_to_bool&gt;$
(P)                                                                                                  |--b64pickle-float-1.0=True.txt -&gt; bool SUCCESS !
Completed parsing successfully

**** Starting to parse single object of type &lt;bool&gt; at location /home/travis/build/smarie/python-parsyfiles/parsyfiles/tests/combining_parsers_converters/test_data/b64pickle-float-1.0=True ****
Checking all files under [/home/travis/build/smarie/python-parsyfiles/parsyfiles/tests/combining_parsers_converters/test_data/b64pickle-float-1.0=True]
(C) /home/travis/build/smarie/python-parsyfiles/parsyfiles/tests/combining_parsers_converters/test_data/b64pickle-float-1.0=True (singlefile, .txt)
File checks done

Building a parsing plan to parse [/home/travis/build/smarie/python-parsyfiles/parsyfiles/tests/combining_parsers_converters/test_data/b64pickle-float-1.0=True] into a bool
(B) /home/travis/build/smarie/python-parsyfiles/parsyfiles/tests/combining_parsers_converters/test_data/b64pickle-float-1.0=True.txt -&gt; bool ------- using [Try &apos;$&lt;read_str_from_txt&gt; =&gt; &lt;str_to_bool&gt;$&apos; then &apos;$&lt;read_str_from_txt&gt; =&gt; &lt;base64_ascii_str_pickle_to_object&gt; -&gt; &lt;float_to_bool&gt;$&apos; then &apos;$&lt;read_str_from_txt&gt; =&gt; &lt;base64_ascii_str_pickle_to_object&gt; -&gt; &lt;int_to_bool&gt;$&apos; then &apos;$&lt;read_str_from_txt&gt; =&gt; &lt;base64_ascii_str_pickle_to_object&gt; -&gt; &lt;str_to_bool&gt;$&apos; then &apos;$&lt;read_str_from_txt&gt; =&gt; &lt;base64_ascii_str_pickle_to_object&gt;$]&apos;]
(B)                                                                                                  |--b64pickle-float-1.0=True.txt -&gt; bool ------- using $&lt;read_str_from_txt&gt; =&gt; &lt;str_to_bool&gt;$
Parsing Plan created successfully

Executing Parsing Plan for [/home/travis/build/smarie/python-parsyfiles/parsyfiles/tests/combining_parsers_converters/test_data/b64pickle-float-1.0=True]
(P) /home/travis/build/smarie/python-parsyfiles/parsyfiles/tests/combining_parsers_converters/test_data/b64pickle-float-1.0=True.txt -&gt; bool ------- using $&lt;read_str_from_txt&gt; =&gt; &lt;str_to_bool&gt;$
  !! Caught error during execution !!
  File &quot;/home/travis/build/smarie/python-parsyfiles/parsyfiles/converting_core.py&quot;, line 524, in _convert
    return self.conversion_method(desired_type, source_obj, logger, **opts)
  File &quot;/home/travis/build/smarie/python-parsyfiles/parsyfiles/plugins_base/support_for_primitive_types.py&quot;, line 84, in primitive_to_bool
    return bool(strtobool(source))
  File &quot;/opt/python/3.5.5/lib/python3.5/distutils/util.py&quot;, line 317, in strtobool
    raise ValueError(&quot;invalid truth value %r&quot; % (val,))
  ValueError : invalid truth value &apos;ganhp/aaaaaaaaau&apos;
(B)                                                                                                  |--b64pickle-float-1.0=True.txt -&gt; bool ------- using $&lt;read_str_from_txt&gt; =&gt; &lt;base64_ascii_str_pickle_to_object&gt; -&gt; &lt;float_to_bool&gt;$
Executing Parsing Plan for [/home/travis/build/smarie/python-parsyfiles/parsyfiles/tests/combining_parsers_converters/test_data/b64pickle-float-1.0=True]
(P) /home/travis/build/smarie/python-parsyfiles/parsyfiles/tests/combining_parsers_converters/test_data/b64pickle-float-1.0=True.txt -&gt; bool ------- using $&lt;read_str_from_txt&gt; =&gt; &lt;base64_ascii_str_pickle_to_object&gt; -&gt; &lt;float_to_bool&gt;$
(P)                                                                                                  |--b64pickle-float-1.0=True.txt -&gt; bool SUCCESS !
Completed parsing successfully

**** Starting to parse single object of type &lt;bool&gt; at location /home/travis/build/smarie/python-parsyfiles/parsyfiles/tests/combining_parsers_converters/test_data/b64pickle-float-1.0=True ****
Checking all files under [/home/travis/build/smarie/python-parsyfiles/parsyfiles/tests/combining_parsers_converters/test_data/b64pickle-float-1.0=True]
(C) /home/travis/build/smarie/python-parsyfiles/parsyfiles/tests/combining_parsers_converters/test_data/b64pickle-float-1.0=True (singlefile, .txt)
File checks done

Building a parsing plan to parse [/home/travis/build/smarie/python-parsyfiles/parsyfiles/tests/combining_parsers_converters/test_data/b64pickle-float-1.0=True] into a bool
(B) /home/travis/build/smarie/python-parsyfiles/parsyfiles/tests/combining_parsers_converters/test_data/b64pickle-float-1.0=True.txt -&gt; bool ------- using [Try &apos;$&lt;read_str_from_txt&gt; =&gt; &lt;str_to_bool&gt;$&apos; then &apos;$&lt;read_str_from_txt&gt; =&gt; &lt;base64_ascii_str_pickle_to_object&gt; -&gt; &lt;float_to_bool&gt;$&apos; then &apos;$&lt;read_str_from_txt&gt; =&gt; &lt;base64_ascii_str_pickle_to_object&gt; -&gt; &lt;int_to_bool&gt;$&apos; then &apos;$&lt;read_str_from_txt&gt; =&gt; &lt;base64_ascii_str_pickle_to_object&gt; -&gt; &lt;str_to_bool&gt;$&apos; then &apos;$&lt;read_str_from_txt&gt; =&gt; &lt;base64_ascii_str_pickle_to_object&gt;$]&apos;]
(B)                                                                                                  |--b64pickle-float-1.0=True.txt -&gt; bool ------- using $&lt;read_str_from_txt&gt; =&gt; &lt;str_to_bool&gt;$
Parsing Plan created successfully

Executing Parsing Plan for [/home/travis/build/smarie/python-parsyfiles/parsyfiles/tests/combining_parsers_converters/test_data/b64pickle-float-1.0=True]
(P) /home/travis/build/smarie/python-parsyfiles/parsyfiles/tests/combining_parsers_converters/test_data/b64pickle-float-1.0=True.txt -&gt; bool ------- using $&lt;read_str_from_txt&gt; =&gt; &lt;str_to_bool&gt;$
  !! Caught error during execution !!
  File &quot;/home/travis/build/smarie/python-parsyfiles/parsyfiles/converting_core.py&quot;, line 524, in _convert
    return self.conversion_method(desired_type, source_obj, logger, **opts)
  File &quot;/home/travis/build/smarie/python-parsyfiles/parsyfiles/plugins_base/support_for_primitive_types.py&quot;, line 84, in primitive_to_bool
    return bool(strtobool(source))
  File &quot;/opt/python/3.5.5/lib/python3.5/distutils/util.py&quot;, line 317, in strtobool
    raise ValueError(&quot;invalid truth value %r&quot; % (val,))
  ValueError : invalid truth value &apos;ganhp/aaaaaaaaau&apos;
(B)                                                                                                  |--b64pickle-float-1.0=True.txt -&gt; bool ------- using $&lt;read_str_from_txt&gt; =&gt; &lt;base64_ascii_str_pickle_to_object&gt; -&gt; &lt;float_to_bool&gt;$
Executing Parsing Plan for [/home/travis/build/smarie/python-parsyfiles/parsyfiles/tests/combining_parsers_converters/test_data/b64pickle-float-1.0=True]
(P) /home/travis/build/smarie/python-parsyfiles/parsyfiles/tests/combining_parsers_converters/test_data/b64pickle-float-1.0=True.txt -&gt; bool ------- using $&lt;read_str_from_txt&gt; =&gt; &lt;base64_ascii_str_pickle_to_object&gt; -&gt; &lt;float_to_bool&gt;$
(P)                                                                                                  |--b64pickle-float-1.0=True.txt -&gt; bool SUCCESS !
Completed parsing successfully

**** Starting to parse single object of type &lt;bool&gt; at location /home/travis/build/smarie/python-parsyfiles/parsyfiles/tests/combining_parsers_converters/test_data/b64pickle-float-1.0=True ****
Checking all files under [/home/travis/build/smarie/python-parsyfiles/parsyfiles/tests/combining_parsers_converters/test_data/b64pickle-float-1.0=True]
(C) /home/travis/build/smarie/python-parsyfiles/parsyfiles/tests/combining_parsers_converters/test_data/b64pickle-float-1.0=True (singlefile, .txt)
File checks done

Building a parsing plan to parse [/home/travis/build/smarie/python-parsyfiles/parsyfiles/tests/combining_parsers_converters/test_data/b64pickle-float-1.0=True] into a bool
(B) /home/travis/build/smarie/python-parsyfiles/parsyfiles/tests/combining_parsers_converters/test_data/b64pickle-float-1.0=True.txt -&gt; bool ------- using [Try &apos;$&lt;read_str_from_txt&gt; =&gt; &lt;str_to_bool&gt;$&apos; then &apos;$&lt;read_str_from_txt&gt; =&gt; &lt;base64_ascii_str_pickle_to_object&gt; -&gt; &lt;float_to_bool&gt;$&apos; then &apos;$&lt;read_str_from_txt&gt; =&gt; &lt;base64_ascii_str_pickle_to_object&gt; -&gt; &lt;int_to_bool&gt;$&apos; then &apos;$&lt;read_str_from_txt&gt; =&gt; &lt;base64_ascii_str_pickle_to_object&gt; -&gt; &lt;str_to_bool&gt;$&apos; then &apos;$&lt;read_str_from_txt&gt; =&gt; &lt;base64_ascii_str_pickle_to_object&gt;$]&apos;]
(B)                                                                                                  |--b64pickle-float-1.0=True.txt -&gt; bool ------- using $&lt;read_str_from_txt&gt; =&gt; &lt;str_to_bool&gt;$
Parsing Plan created successfully

Executing Parsing Plan for [/home/travis/build/smarie/python-parsyfiles/parsyfiles/tests/combining_parsers_converters/test_data/b64pickle-float-1.0=True]
(P) /home/travis/build/smarie/python-parsyfiles/parsyfiles/tests/combining_parsers_converters/test_data/b64pickle-float-1.0=True.txt -&gt; bool ------- using $&lt;read_str_from_txt&gt; =&gt; &lt;str_to_bool&gt;$
  !! Caught error during execution !!
  File &quot;/home/travis/build/smarie/python-parsyfiles/parsyfiles/converting_core.py&quot;, line 524, in _convert
    return self.conversion_method(desired_type, source_obj, logger, **opts)
  File &quot;/home/travis/build/smarie/python-parsyfiles/parsyfiles/plugins_base/support_for_primitive_types.py&quot;, line 84, in primitive_to_bool
    return bool(strtobool(source))
  File &quot;/opt/python/3.5.5/lib/python3.5/distutils/util.py&quot;, line 317, in strtobool
    raise ValueError(&quot;invalid truth value %r&quot; % (val,))
  ValueError : invalid truth value &apos;ganhp/aaaaaaaaau&apos;
(B)                                                                                                  |--b64pickle-float-1.0=True.txt -&gt; bool ------- using $&lt;read_str_from_txt&gt; =&gt; &lt;base64_ascii_str_pickle_to_object&gt; -&gt; &lt;float_to_bool&gt;$
Executing Parsing Plan for [/home/travis/build/smarie/python-parsyfiles/parsyfiles/tests/combining_parsers_converters/test_data/b64pickle-float-1.0=True]
(P) /home/travis/build/smarie/python-parsyfiles/parsyfiles/tests/combining_parsers_converters/test_data/b64pickle-float-1.0=True.txt -&gt; bool ------- using $&lt;read_str_from_txt&gt; =&gt; &lt;base64_ascii_str_pickle_to_object&gt; -&gt; &lt;float_to_bool&gt;$
(P)                                                                                                  |--b64pickle-float-1.0=True.txt -&gt; bool SUCCESS !
Completed parsing successfully

**** Starting to parse single object of type &lt;bool&gt; at location /home/travis/build/smarie/python-parsyfiles/parsyfiles/tests/combining_parsers_converters/test_data/b64pickle-float-1.0=True ****
Checking all files under [/home/travis/build/smarie/python-parsyfiles/parsyfiles/tests/combining_parsers_converters/test_data/b64pickle-float-1.0=True]
(C) /home/travis/build/smarie/python-parsyfiles/parsyfiles/tests/combining_parsers_converters/test_data/b64pickle-float-1.0=True (singlefile, .txt)
File checks done

Building a parsing plan to parse [/home/travis/build/smarie/python-parsyfiles/parsyfiles/tests/combining_parsers_converters/test_data/b64pickle-float-1.0=True] into a bool
(B) /home/travis/build/smarie/python-parsyfiles/parsyfiles/tests/combining_parsers_converters/test_data/b64pickle-float-1.0=True.txt -&gt; bool ------- using [Try &apos;$&lt;read_str_from_txt&gt; =&gt; &lt;str_to_bool&gt;$&apos; then &apos;$&lt;read_str_from_txt&gt; =&gt; &lt;base64_ascii_str_pickle_to_object&gt; -&gt; &lt;float_to_bool&gt;$&apos; then &apos;$&lt;read_str_from_txt&gt; =&gt; &lt;base64_ascii_str_pickle_to_object&gt; -&gt; &lt;int_to_bool&gt;$&apos; then &apos;$&lt;read_str_from_txt&gt; =&gt; &lt;base64_ascii_str_pickle_to_object&gt; -&gt; &lt;str_to_bool&gt;$&apos; then &apos;$&lt;read_str_from_txt&gt; =&gt; &lt;base64_ascii_str_pickle_to_object&gt;$]&apos;]
(B)                                                                                                  |--b64pickle-float-1.0=True.txt -&gt; bool ------- using $&lt;read_str_from_txt&gt; =&gt; &lt;str_to_bool&gt;$
Parsing Plan created successfully

Executing Parsing Plan for [/home/travis/build/smarie/python-parsyfiles/parsyfiles/tests/combining_parsers_converters/test_data/b64pickle-float-1.0=True]
(P) /home/travis/build/smarie/python-parsyfiles/parsyfiles/tests/combining_parsers_converters/test_data/b64pickle-float-1.0=True.txt -&gt; bool ------- using $&lt;read_str_from_txt&gt; =&gt; &lt;str_to_bool&gt;$
  !! Caught error during execution !!
  File &quot;/home/travis/build/smarie/python-parsyfiles/parsyfiles/converting_core.py&quot;, line 524, in _convert
    return self.conversion_method(desired_type, source_obj, logger, **opts)
  File &quot;/home/travis/build/smarie/python-parsyfiles/parsyfiles/plugins_base/support_for_primitive_types.py&quot;, line 84, in primitive_to_bool
    return bool(strtobool(source))
  File &quot;/opt/python/3.5.5/lib/python3.5/distutils/util.py&quot;, line 317, in strtobool
    raise ValueError(&quot;invalid truth value %r&quot; % (val,))
  ValueError : invalid truth value &apos;ganhp/aaaaaaaaau&apos;
(B)                                                                                                  |--b64pickle-float-1.0=True.txt -&gt; bool ------- using $&lt;read_str_from_txt&gt; =&gt; &lt;base64_ascii_str_pickle_to_object&gt; -&gt; &lt;float_to_bool&gt;$
Executing Parsing Plan for [/home/travis/build/smarie/python-parsyfiles/parsyfiles/tests/combining_parsers_converters/test_data/b64pickle-float-1.0=True]
(P) /home/travis/build/smarie/python-parsyfiles/parsyfiles/tests/combining_parsers_converters/test_data/b64pickle-float-1.0=True.txt -&gt; bool ------- using $&lt;read_str_from_txt&gt; =&gt; &lt;base64_ascii_str_pickle_to_object&gt; -&gt; &lt;float_to_bool&gt;$
(P)                                                                                                  |--b64pickle-float-1.0=True.txt -&gt; bool SUCCESS !
Completed parsing successfully

**** Starting to parse single object of type &lt;bool&gt; at location /home/travis/build/smarie/python-parsyfiles/parsyfiles/tests/combining_parsers_converters/test_data/b64pickle-float-1.0=True ****
Checking all files under [/home/travis/build/smarie/python-parsyfiles/parsyfiles/tests/combining_parsers_converters/test_data/b64pickle-float-1.0=True]
(C) /home/travis/build/smarie/python-parsyfiles/parsyfiles/tests/combining_parsers_converters/test_data/b64pickle-float-1.0=True (singlefile, .txt)
File checks done

Building a parsing plan to parse [/home/travis/build/smarie/python-parsyfiles/parsyfiles/tests/combining_parsers_converters/test_data/b64pickle-float-1.0=True] into a bool
(B) /home/travis/build/smarie/python-parsyfiles/parsyfiles/tests/combining_parsers_converters/test_data/b64pickle-float-1.0=True.txt -&gt; bool ------- using [Try &apos;$&lt;read_str_from_txt&gt; =&gt; &lt;str_to_bool&gt;$&apos; then &apos;$&lt;read_str_from_txt&gt; =&gt; &lt;base64_ascii_str_pickle_to_object&gt; -&gt; &lt;float_to_bool&gt;$&apos; then &apos;$&lt;read_str_from_txt&gt; =&gt; &lt;base64_ascii_str_pickle_to_object&gt; -&gt; &lt;int_to_bool&gt;$&apos; then &apos;$&lt;read_str_from_txt&gt; =&gt; &lt;base64_ascii_str_pickle_to_object&gt; -&gt; &lt;str_to_bool&gt;$&apos; then &apos;$&lt;read_str_from_txt&gt; =&gt; &lt;base64_ascii_str_pickle_to_object&gt;$]&apos;]
(B)                                                                                                  |--b64pickle-float-1.0=True.txt -&gt; bool ------- using $&lt;read_str_from_txt&gt; =&gt; &lt;str_to_bool&gt;$
Parsing Plan created successfully

Executing Parsing Plan for [/home/travis/build/smarie/python-parsyfiles/parsyfiles/tests/combining_parsers_converters/test_data/b64pickle-float-1.0=True]
(P) /home/travis/build/smarie/python-parsyfiles/parsyfiles/tests/combining_parsers_converters/test_data/b64pickle-float-1.0=True.txt -&gt; bool ------- using $&lt;read_str_from_txt&gt; =&gt; &lt;str_to_bool&gt;$
  !! Caught error during execution !!
  File &quot;/home/travis/build/smarie/python-parsyfiles/parsyfiles/converting_core.py&quot;, line 524, in _convert
    return self.conversion_method(desired_type, source_obj, logger, **opts)
  File &quot;/home/travis/build/smarie/python-parsyfiles/parsyfiles/plugins_base/support_for_primitive_types.py&quot;, line 84, in primitive_to_bool
    return bool(strtobool(source))
  File &quot;/opt/python/3.5.5/lib/python3.5/distutils/util.py&quot;, line 317, in strtobool
    raise ValueError(&quot;invalid truth value %r&quot; % (val,))
  ValueError : invalid truth value &apos;ganhp/aaaaaaaaau&apos;
(B)                                                                                                  |--b64pickle-float-1.0=True.txt -&gt; bool ------- using $&lt;read_str_from_txt&gt; =&gt; &lt;base64_ascii_str_pickle_to_object&gt; -&gt; &lt;float_to_bool&gt;$
Executing Parsing Plan for [/home/travis/build/smarie/python-parsyfiles/parsyfiles/tests/combining_parsers_converters/test_data/b64pickle-float-1.0=True]
(P) /home/travis/build/smarie/python-parsyfiles/parsyfiles/tests/combining_parsers_converters/test_data/b64pickle-float-1.0=True.txt -&gt; bool ------- using $&lt;read_str_from_txt&gt; =&gt; &lt;base64_ascii_str_pickle_to_object&gt; -&gt; &lt;float_to_bool&gt;$
(P)                                                                                                  |--b64pickle-float-1.0=True.txt -&gt; bool SUCCESS !
Completed parsing successfully

**** Starting to parse single object of type &lt;bool&gt; at location /home/travis/build/smarie/python-parsyfiles/parsyfiles/tests/combining_parsers_converters/test_data/b64pickle-float-1.0=True ****
Checking all files under [/home/travis/build/smarie/python-parsyfiles/parsyfiles/tests/combining_parsers_converters/test_data/b64pickle-float-1.0=True]
(C) /home/travis/build/smarie/python-parsyfiles/parsyfiles/tests/combining_parsers_converters/test_data/b64pickle-float-1.0=True (singlefile, .txt)
File checks done

Building a parsing plan to parse [/home/travis/build/smarie/python-parsyfiles/parsyfiles/tests/combining_parsers_converters/test_data/b64pickle-float-1.0=True] into a bool
(B) /home/travis/build/smarie/python-parsyfiles/parsyfiles/tests/combining_parsers_converters/test_data/b64pickle-float-1.0=True.txt -&gt; bool ------- using [Try &apos;$&lt;read_str_from_txt&gt; =&gt; &lt;str_to_bool&gt;$&apos; then &apos;$&lt;read_str_from_txt&gt; =&gt; &lt;base64_ascii_str_pickle_to_object&gt; -&gt; &lt;float_to_bool&gt;$&apos; then &apos;$&lt;read_str_from_txt&gt; =&gt; &lt;base64_ascii_str_pickle_to_object&gt; -&gt; &lt;int_to_bool&gt;$&apos; then &apos;$&lt;read_str_from_txt&gt; =&gt; &lt;base64_ascii_str_pickle_to_object&gt; -&gt; &lt;str_to_bool&gt;$&apos; then &apos;$&lt;read_str_from_txt&gt; =&gt; &lt;base64_ascii_str_pickle_to_object&gt;$]&apos;]
(B)                                                                                                  |--b64pickle-float-1.0=True.txt -&gt; bool ------- using $&lt;read_str_from_txt&gt; =&gt; &lt;str_to_bool&gt;$
Parsing Plan created successfully

Executing Parsing Plan for [/home/travis/build/smarie/python-parsyfiles/parsyfiles/tests/combining_parsers_converters/test_data/b64pickle-float-1.0=True]
(P) /home/travis/build/smarie/python-parsyfiles/parsyfiles/tests/combining_parsers_converters/test_data/b64pickle-float-1.0=True.txt -&gt; bool ------- using $&lt;read_str_from_txt&gt; =&gt; &lt;str_to_bool&gt;$
  !! Caught error during execution !!
  File &quot;/home/travis/build/smarie/python-parsyfiles/parsyfiles/converting_core.py&quot;, line 524, in _convert
    return self.conversion_method(desired_type, source_obj, logger, **opts)
  File &quot;/home/travis/build/smarie/python-parsyfiles/parsyfiles/plugins_base/support_for_primitive_types.py&quot;, line 84, in primitive_to_bool
    return bool(strtobool(source))
  File &quot;/opt/python/3.5.5/lib/python3.5/distutils/util.py&quot;, line 317, in strtobool
    raise ValueError(&quot;invalid truth value %r&quot; % (val,))
  ValueError : invalid truth value &apos;ganhp/aaaaaaaaau&apos;
(B)                                                                                                  |--b64pickle-float-1.0=True.txt -&gt; bool ------- using $&lt;read_str_from_txt&gt; =&gt; &lt;base64_ascii_str_pickle_to_object&gt; -&gt; &lt;float_to_bool&gt;$
Executing Parsing Plan for [/home/travis/build/smarie/python-parsyfiles/parsyfiles/tests/combining_parsers_converters/test_data/b64pickle-float-1.0=True]
(P) /home/travis/build/smarie/python-parsyfiles/parsyfiles/tests/combining_parsers_converters/test_data/b64pickle-float-1.0=True.txt -&gt; bool ------- using $&lt;read_str_from_txt&gt; =&gt; &lt;base64_ascii_str_pickle_to_object&gt; -&gt; &lt;float_to_bool&gt;$
(P)                                                                                                  |--b64pickle-float-1.0=True.txt -&gt; bool SUCCESS !
Completed parsing successfully

**** Starting to parse single object of type &lt;bool&gt; at location /home/travis/build/smarie/python-parsyfiles/parsyfiles/tests/combining_parsers_converters/test_data/b64pickle-float-1.0=True ****
Checking all files under [/home/travis/build/smarie/python-parsyfiles/parsyfiles/tests/combining_parsers_converters/test_data/b64pickle-float-1.0=True]
(C) /home/travis/build/smarie/python-parsyfiles/parsyfiles/tests/combining_parsers_converters/test_data/b64pickle-float-1.0=True (singlefile, .txt)
File checks done

Building a parsing plan to parse [/home/travis/build/smarie/python-parsyfiles/parsyfiles/tests/combining_parsers_converters/test_data/b64pickle-float-1.0=True] into a bool
(B) /home/travis/build/smarie/python-parsyfiles/parsyfiles/tests/combining_parsers_converters/test_data/b64pickle-float-1.0=True.txt -&gt; bool ------- using [Try &apos;$&lt;read_str_from_txt&gt; =&gt; &lt;str_to_bool&gt;$&apos; then &apos;$&lt;read_str_from_txt&gt; =&gt; &lt;base64_ascii_str_pickle_to_object&gt; -&gt; &lt;float_to_bool&gt;$&apos; then &apos;$&lt;read_str_from_txt&gt; =&gt; &lt;base64_ascii_str_pickle_to_object&gt; -&gt; &lt;int_to_bool&gt;$&apos; then &apos;$&lt;read_str_from_txt&gt; =&gt; &lt;base64_ascii_str_pickle_to_object&gt; -&gt; &lt;str_to_bool&gt;$&apos; then &apos;$&lt;read_str_from_txt&gt; =&gt; &lt;base64_ascii_str_pickle_to_object&gt;$]&apos;]
(B)                                                                                                  |--b64pickle-float-1.0=True.txt -&gt; bool ------- using $&lt;read_str_from_txt&gt; =&gt; &lt;str_to_bool&gt;$
Parsing Plan created successfully

Executing Parsing Plan for [/home/travis/build/smarie/python-parsyfiles/parsyfiles/tests/combining_parsers_converters/test_data/b64pickle-float-1.0=True]
(P) /home/travis/build/smarie/python-parsyfiles/parsyfiles/tests/combining_parsers_converters/test_data/b64pickle-float-1.0=True.txt -&gt; bool ------- using $&lt;read_str_from_txt&gt; =&gt; &lt;str_to_bool&gt;$
  !! Caught error during execution !!
  File &quot;/home/travis/build/smarie/python-parsyfiles/parsyfiles/converting_core.py&quot;, line 524, in _convert
    return self.conversion_method(desired_type, source_obj, logger, **opts)
  File &quot;/home/travis/build/smarie/python-parsyfiles/parsyfiles/plugins_base/support_for_primitive_types.py&quot;, line 84, in primitive_to_bool
    return bool(strtobool(source))
  File &quot;/opt/python/3.5.5/lib/python3.5/distutils/util.py&quot;, line 317, in strtobool
    raise ValueError(&quot;invalid truth value %r&quot; % (val,))
  ValueError : invalid truth value &apos;ganhp/aaaaaaaaau&apos;
(B)                                                                                                  |--b64pickle-float-1.0=True.txt -&gt; bool ------- using $&lt;read_str_from_txt&gt; =&gt; &lt;base64_ascii_str_pickle_to_object&gt; -&gt; &lt;float_to_bool&gt;$
Executing Parsing Plan for [/home/travis/build/smarie/python-parsyfiles/parsyfiles/tests/combining_parsers_converters/test_data/b64pickle-float-1.0=True]
(P) /home/travis/build/smarie/python-parsyfiles/parsyfiles/tests/combining_parsers_converters/test_data/b64pickle-float-1.0=True.txt -&gt; bool ------- using $&lt;read_str_from_txt&gt; =&gt; &lt;base64_ascii_str_pickle_to_object&gt; -&gt; &lt;float_to_bool&gt;$
(P)                                                                                                  |--b64pickle-float-1.0=True.txt -&gt; bool SUCCESS !
Completed parsing successfully

**** Starting to parse single object of type &lt;bool&gt; at location /home/travis/build/smarie/python-parsyfiles/parsyfiles/tests/combining_parsers_converters/test_data/b64pickle-float-1.0=True ****
Checking all files under [/home/travis/build/smarie/python-parsyfiles/parsyfiles/tests/combining_parsers_converters/test_data/b64pickle-float-1.0=True]
(C) /home/travis/build/smarie/python-parsyfiles/parsyfiles/tests/combining_parsers_converters/test_data/b64pickle-float-1.0=True (singlefile, .txt)
File checks done

Building a parsing plan to parse [/home/travis/build/smarie/python-parsyfiles/parsyfiles/tests/combining_parsers_converters/test_data/b64pickle-float-1.0=True] into a bool
(B) /home/travis/build/smarie/python-parsyfiles/parsyfiles/tests/combining_parsers_converters/test_data/b64pickle-float-1.0=True.txt -&gt; bool ------- using [Try &apos;$&lt;read_str_from_txt&gt; =&gt; &lt;str_to_bool&gt;$&apos; then &apos;$&lt;read_str_from_txt&gt; =&gt; &lt;base64_ascii_str_pickle_to_object&gt; -&gt; &lt;float_to_bool&gt;$&apos; then &apos;$&lt;read_str_from_txt&gt; =&gt; &lt;base64_ascii_str_pickle_to_object&gt; -&gt; &lt;int_to_bool&gt;$&apos; then &apos;$&lt;read_str_from_txt&gt; =&gt; &lt;base64_ascii_str_pickle_to_object&gt; -&gt; &lt;str_to_bool&gt;$&apos; then &apos;$&lt;read_str_from_txt&gt; =&gt; &lt;base64_ascii_str_pickle_to_object&gt;$]&apos;]
(B)                                                                                                  |--b64pickle-float-1.0=True.txt -&gt; bool ------- using $&lt;read_str_from_txt&gt; =&gt; &lt;str_to_bool&gt;$
Parsing Plan created successfully

Executing Parsing Plan for [/home/travis/build/smarie/python-parsyfiles/parsyfiles/tests/combining_parsers_converters/test_data/b64pickle-float-1.0=True]
(P) /home/travis/build/smarie/python-parsyfiles/parsyfiles/tests/combining_parsers_converters/test_data/b64pickle-float-1.0=True.txt -&gt; bool ------- using $&lt;read_str_from_txt&gt; =&gt; &lt;str_to_bool&gt;$
  !! Caught error during execution !!
  File &quot;/home/travis/build/smarie/python-parsyfiles/parsyfiles/converting_core.py&quot;, line 524, in _convert
    return self.conversion_method(desired_type, source_obj, logger, **opts)
  File &quot;/home/travis/build/smarie/python-parsyfiles/parsyfiles/plugins_base/support_for_primitive_types.py&quot;, line 84, in primitive_to_bool
    return bool(strtobool(source))
  File &quot;/opt/python/3.5.5/lib/python3.5/distutils/util.py&quot;, line 317, in strtobool
    raise ValueError(&quot;invalid truth value %r&quot; % (val,))
  ValueError : invalid truth value &apos;ganhp/aaaaaaaaau&apos;
(B)                                                                                                  |--b64pickle-float-1.0=True.txt -&gt; bool ------- using $&lt;read_str_from_txt&gt; =&gt; &lt;base64_ascii_str_pickle_to_object&gt; -&gt; &lt;float_to_bool&gt;$
Executing Parsing Plan for [/home/travis/build/smarie/python-parsyfiles/parsyfiles/tests/combining_parsers_converters/test_data/b64pickle-float-1.0=True]
(P) /home/travis/build/smarie/python-parsyfiles/parsyfiles/tests/combining_parsers_converters/test_data/b64pickle-float-1.0=True.txt -&gt; bool ------- using $&lt;read_str_from_txt&gt; =&gt; &lt;base64_ascii_str_pickle_to_object&gt; -&gt; &lt;float_to_bool&gt;$
(P)                                                                                                  |--b64pickle-float-1.0=True.txt -&gt; bool SUCCESS !
Completed parsing successfully

**** Starting to parse single object of type &lt;bool&gt; at location /home/travis/build/smarie/python-parsyfiles/parsyfiles/tests/combining_parsers_converters/test_data/b64pickle-float-1.0=True ****
Checking all files under [/home/travis/build/smarie/python-parsyfiles/parsyfiles/tests/combining_parsers_converters/test_data/b64pickle-float-1.0=True]
(C) /home/travis/build/smarie/python-parsyfiles/parsyfiles/tests/combining_parsers_converters/test_data/b64pickle-float-1.0=True (singlefile, .txt)
File checks done

Building a parsing plan to parse [/home/travis/build/smarie/python-parsyfiles/parsyfiles/tests/combining_parsers_converters/test_data/b64pickle-float-1.0=True] into a bool
(B) /home/travis/build/smarie/python-parsyfiles/parsyfiles/tests/combining_parsers_converters/test_data/b64pickle-float-1.0=True.txt -&gt; bool ------- using [Try &apos;$&lt;read_str_from_txt&gt; =&gt; &lt;str_to_bool&gt;$&apos; then &apos;$&lt;read_str_from_txt&gt; =&gt; &lt;base64_ascii_str_pickle_to_object&gt; -&gt; &lt;float_to_bool&gt;$&apos; then &apos;$&lt;read_str_from_txt&gt; =&gt; &lt;base64_ascii_str_pickle_to_object&gt; -&gt; &lt;int_to_bool&gt;$&apos; then &apos;$&lt;read_str_from_txt&gt; =&gt; &lt;base64_ascii_str_pickle_to_object&gt; -&gt; &lt;str_to_bool&gt;$&apos; then &apos;$&lt;read_str_from_txt&gt; =&gt; &lt;base64_ascii_str_pickle_to_object&gt;$]&apos;]
(B)                                                                                                  |--b64pickle-float-1.0=True.txt -&gt; bool ------- using $&lt;read_str_from_txt&gt; =&gt; &lt;str_to_bool&gt;$
Parsing Plan created successfully

Executing Parsing Plan for [/home/travis/build/smarie/python-parsyfiles/parsyfiles/tests/combining_parsers_converters/test_data/b64pickle-float-1.0=True]
(P) /home/travis/build/smarie/python-parsyfiles/parsyfiles/tests/combining_parsers_converters/test_data/b64pickle-float-1.0=True.txt -&gt; bool ------- using $&lt;read_str_from_txt&gt; =&gt; &lt;str_to_bool&gt;$
  !! Caught error during execution !!
  File &quot;/home/travis/build/smarie/python-parsyfiles/parsyfiles/converting_core.py&quot;, line 524, in _convert
    return self.conversion_method(desired_type, source_obj, logger, **opts)
  File &quot;/home/travis/build/smarie/python-parsyfiles/parsyfiles/plugins_base/support_for_primitive_types.py&quot;, line 84, in primitive_to_bool
    return bool(strtobool(source))
  File &quot;/opt/python/3.5.5/lib/python3.5/distutils/util.py&quot;, line 317, in strtobool
    raise ValueError(&quot;invalid truth value %r&quot; % (val,))
  ValueError : invalid truth value &apos;ganhp/aaaaaaaaau&apos;
(B)                                                                                                  |--b64pickle-float-1.0=True.txt -&gt; bool ------- using $&lt;read_str_from_txt&gt; =&gt; &lt;base64_ascii_str_pickle_to_object&gt; -&gt; &lt;float_to_bool&gt;$
Executing Parsing Plan for [/home/travis/build/smarie/python-parsyfiles/parsyfiles/tests/combining_parsers_converters/test_data/b64pickle-float-1.0=True]
(P) /home/travis/build/smarie/python-parsyfiles/parsyfiles/tests/combining_parsers_converters/test_data/b64pickle-float-1.0=True.txt -&gt; bool ------- using $&lt;read_str_from_txt&gt; =&gt; &lt;base64_ascii_str_pickle_to_object&gt; -&gt; &lt;float_to_bool&gt;$
(P)                                                                                                  |--b64pickle-float-1.0=True.txt -&gt; bool SUCCESS !
Completed parsing successfully

**** Starting to parse single object of type &lt;bool&gt; at location /home/travis/build/smarie/python-parsyfiles/parsyfiles/tests/combining_parsers_converters/test_data/b64pickle-float-1.0=True ****
Checking all files under [/home/travis/build/smarie/python-parsyfiles/parsyfiles/tests/combining_parsers_converters/test_data/b64pickle-float-1.0=True]
(C) /home/travis/build/smarie/python-parsyfiles/parsyfiles/tests/combining_parsers_converters/test_data/b64pickle-float-1.0=True (singlefile, .txt)
File checks done

Building a parsing plan to parse [/home/travis/build/smarie/python-parsyfiles/parsyfiles/tests/combining_parsers_converters/test_data/b64pickle-float-1.0=True] into a bool
(B) /home/travis/build/smarie/python-parsyfiles/parsyfiles/tests/combining_parsers_converters/test_data/b64pickle-float-1.0=True.txt -&gt; bool ------- using [Try &apos;$&lt;read_str_from_txt&gt; =&gt; &lt;str_to_bool&gt;$&apos; then &apos;$&lt;read_str_from_txt&gt; =&gt; &lt;base64_ascii_str_pickle_to_object&gt; -&gt; &lt;float_to_bool&gt;$&apos; then &apos;$&lt;read_str_from_txt&gt; =&gt; &lt;base64_ascii_str_pickle_to_object&gt; -&gt; &lt;int_to_bool&gt;$&apos; then &apos;$&lt;read_str_from_txt&gt; =&gt; &lt;base64_ascii_str_pickle_to_object&gt; -&gt; &lt;str_to_bool&gt;$&apos; then &apos;$&lt;read_str_from_txt&gt; =&gt; &lt;base64_ascii_str_pickle_to_object&gt;$]&apos;]
(B)                                                                                                  |--b64pickle-float-1.0=True.txt -&gt; bool ------- using $&lt;read_str_from_txt&gt; =&gt; &lt;str_to_bool&gt;$
Parsing Plan created successfully

Executing Parsing Plan for [/home/travis/build/smarie/python-parsyfiles/parsyfiles/tests/combining_parsers_converters/test_data/b64pickle-float-1.0=True]
(P) /home/travis/build/smarie/python-parsyfiles/parsyfiles/tests/combining_parsers_converters/test_data/b64pickle-float-1.0=True.txt -&gt; bool ------- using $&lt;read_str_from_txt&gt; =&gt; &lt;str_to_bool&gt;$
  !! Caught error during execution !!
  File &quot;/home/travis/build/smarie/python-parsyfiles/parsyfiles/converting_core.py&quot;, line 524, in _convert
    return self.conversion_method(desired_type, source_obj, logger, **opts)
  File &quot;/home/travis/build/smarie/python-parsyfiles/parsyfiles/plugins_base/support_for_primitive_types.py&quot;, line 84, in primitive_to_bool
    return bool(strtobool(source))
  File &quot;/opt/python/3.5.5/lib/python3.5/distutils/util.py&quot;, line 317, in strtobool
    raise ValueError(&quot;invalid truth value %r&quot; % (val,))
  ValueError : invalid truth value &apos;ganhp/aaaaaaaaau&apos;
(B)                                                                                                  |--b64pickle-float-1.0=True.txt -&gt; bool ------- using $&lt;read_str_from_txt&gt; =&gt; &lt;base64_ascii_str_pickle_to_object&gt; -&gt; &lt;float_to_bool&gt;$
Executing Parsing Plan for [/home/travis/build/smarie/python-parsyfiles/parsyfiles/tests/combining_parsers_converters/test_data/b64pickle-float-1.0=True]
(P) /home/travis/build/smarie/python-parsyfiles/parsyfiles/tests/combining_parsers_converters/test_data/b64pickle-float-1.0=True.txt -&gt; bool ------- using $&lt;read_str_from_txt&gt; =&gt; &lt;base64_ascii_str_pickle_to_object&gt; -&gt; &lt;float_to_bool&gt;$
(P)                                                                                                  |--b64pickle-float-1.0=True.txt -&gt; bool SUCCESS !
Completed parsing successfully

**** Starting to parse single object of type &lt;bool&gt; at location /home/travis/build/smarie/python-parsyfiles/parsyfiles/tests/combining_parsers_converters/test_data/b64pickle-float-1.0=True ****
Checking all files under [/home/travis/build/smarie/python-parsyfiles/parsyfiles/tests/combining_parsers_converters/test_data/b64pickle-float-1.0=True]
(C) /home/travis/build/smarie/python-parsyfiles/parsyfiles/tests/combining_parsers_converters/test_data/b64pickle-float-1.0=True (singlefile, .txt)
File checks done

Building a parsing plan to parse [/home/travis/build/smarie/python-parsyfiles/parsyfiles/tests/combining_parsers_converters/test_data/b64pickle-float-1.0=True] into a bool
(B) /home/travis/build/smarie/python-parsyfiles/parsyfiles/tests/combining_parsers_converters/test_data/b64pickle-float-1.0=True.txt -&gt; bool ------- using [Try &apos;$&lt;read_str_from_txt&gt; =&gt; &lt;str_to_bool&gt;$&apos; then &apos;$&lt;read_str_from_txt&gt; =&gt; &lt;base64_ascii_str_pickle_to_object&gt; -&gt; &lt;float_to_bool&gt;$&apos; then &apos;$&lt;read_str_from_txt&gt; =&gt; &lt;base64_ascii_str_pickle_to_object&gt; -&gt; &lt;int_to_bool&gt;$&apos; then &apos;$&lt;read_str_from_txt&gt; =&gt; &lt;base64_ascii_str_pickle_to_object&gt; -&gt; &lt;str_to_bool&gt;$&apos; then &apos;$&lt;read_str_from_txt&gt; =&gt; &lt;base64_ascii_str_pickle_to_object&gt;$]&apos;]
(B)                                                                                                  |--b64pickle-float-1.0=True.txt -&gt; bool ------- using $&lt;read_str_from_txt&gt; =&gt; &lt;str_to_bool&gt;$
Parsing Plan created successfully

Executing Parsing Plan for [/home/travis/build/smarie/python-parsyfiles/parsyfiles/tests/combining_parsers_converters/test_data/b64pickle-float-1.0=True]
(P) /home/travis/build/smarie/python-parsyfiles/parsyfiles/tests/combining_parsers_converters/test_data/b64pickle-float-1.0=True.txt -&gt; bool ------- using $&lt;read_str_from_txt&gt; =&gt; &lt;str_to_bool&gt;$
  !! Caught error during execution !!
  File &quot;/home/travis/build/smarie/python-parsyfiles/parsyfiles/converting_core.py&quot;, line 524, in _convert
    return self.conversion_method(desired_type, source_obj, logger, **opts)
  File &quot;/home/travis/build/smarie/python-parsyfiles/parsyfiles/plugins_base/support_for_primitive_types.py&quot;, line 84, in primitive_to_bool
    return bool(strtobool(source))
  File &quot;/opt/python/3.5.5/lib/python3.5/distutils/util.py&quot;, line 317, in strtobool
    raise ValueError(&quot;invalid truth value %r&quot; % (val,))
  ValueError : invalid truth value &apos;ganhp/aaaaaaaaau&apos;
(B)                                                                                                  |--b64pickle-float-1.0=True.txt -&gt; bool ------- using $&lt;read_str_from_txt&gt; =&gt; &lt;base64_ascii_str_pickle_to_object&gt; -&gt; &lt;float_to_bool&gt;$
Executing Parsing Plan for [/home/travis/build/smarie/python-parsyfiles/parsyfiles/tests/combining_parsers_converters/test_data/b64pickle-float-1.0=True]
(P) /home/travis/build/smarie/python-parsyfiles/parsyfiles/tests/combining_parsers_converters/test_data/b64pickle-float-1.0=True.txt -&gt; bool ------- using $&lt;read_str_from_txt&gt; =&gt; &lt;base64_ascii_str_pickle_to_object&gt; -&gt; &lt;float_to_bool&gt;$
(P)                                                                                                  |--b64pickle-float-1.0=True.txt -&gt; bool SUCCESS !
Completed parsing successfully

**** Starting to parse single object of type &lt;bool&gt; at location /home/travis/build/smarie/python-parsyfiles/parsyfiles/tests/combining_parsers_converters/test_data/b64pickle-float-1.0=True ****
Checking all files under [/home/travis/build/smarie/python-parsyfiles/parsyfiles/tests/combining_parsers_converters/test_data/b64pickle-float-1.0=True]
(C) /home/travis/build/smarie/python-parsyfiles/parsyfiles/tests/combining_parsers_converters/test_data/b64pickle-float-1.0=True (singlefile, .txt)
File checks done

Building a parsing plan to parse [/home/travis/build/smarie/python-parsyfiles/parsyfiles/tests/combining_parsers_converters/test_data/b64pickle-float-1.0=True] into a bool
(B) /home/travis/build/smarie/python-parsyfiles/parsyfiles/tests/combining_parsers_converters/test_data/b64pickle-float-1.0=True.txt -&gt; bool ------- using [Try &apos;$&lt;read_str_from_txt&gt; =&gt; &lt;str_to_bool&gt;$&apos; then &apos;$&lt;read_str_from_txt&gt; =&gt; &lt;base64_ascii_str_pickle_to_object&gt; -&gt; &lt;float_to_bool&gt;$&apos; then &apos;$&lt;read_str_from_txt&gt; =&gt; &lt;base64_ascii_str_pickle_to_object&gt; -&gt; &lt;int_to_bool&gt;$&apos; then &apos;$&lt;read_str_from_txt&gt; =&gt; &lt;base64_ascii_str_pickle_to_object&gt; -&gt; &lt;str_to_bool&gt;$&apos; then &apos;$&lt;read_str_from_txt&gt; =&gt; &lt;base64_ascii_str_pickle_to_object&gt;$]&apos;]
(B)                                                                                                  |--b64pickle-float-1.0=True.txt -&gt; bool ------- using $&lt;read_str_from_txt&gt; =&gt; &lt;str_to_bool&gt;$
Parsing Plan created successfully

Executing Parsing Plan for [/home/travis/build/smarie/python-parsyfiles/parsyfiles/tests/combining_parsers_converters/test_data/b64pickle-float-1.0=True]
(P) /home/travis/build/smarie/python-parsyfiles/parsyfiles/tests/combining_parsers_converters/test_data/b64pickle-float-1.0=True.txt -&gt; bool ------- using $&lt;read_str_from_txt&gt; =&gt; &lt;str_to_bool&gt;$
  !! Caught error during execution !!
  File &quot;/home/travis/build/smarie/python-parsyfiles/parsyfiles/converting_core.py&quot;, line 524, in _convert
    return self.conversion_method(desired_type, source_obj, logger, **opts)
  File &quot;/home/travis/build/smarie/python-parsyfiles/parsyfiles/plugins_base/support_for_primitive_types.py&quot;, line 84, in primitive_to_bool
    return bool(strtobool(source))
  File &quot;/opt/python/3.5.5/lib/python3.5/distutils/util.py&quot;, line 317, in strtobool
    raise ValueError(&quot;invalid truth value %r&quot; % (val,))
  ValueError : invalid truth value &apos;ganhp/aaaaaaaaau&apos;
(B)                                                                                                  |--b64pickle-float-1.0=True.txt -&gt; bool ------- using $&lt;read_str_from_txt&gt; =&gt; &lt;base64_ascii_str_pickle_to_object&gt; -&gt; &lt;float_to_bool&gt;$
Executing Parsing Plan for [/home/travis/build/smarie/python-parsyfiles/parsyfiles/tests/combining_parsers_converters/test_data/b64pickle-float-1.0=True]
(P) /home/travis/build/smarie/python-parsyfiles/parsyfiles/tests/combining_parsers_converters/test_data/b64pickle-float-1.0=True.txt -&gt; bool ------- using $&lt;read_str_from_txt&gt; =&gt; &lt;base64_ascii_str_pickle_to_object&gt; -&gt; &lt;float_to_bool&gt;$
(P)                                                                                                  |--b64pickle-float-1.0=True.txt -&gt; bool SUCCESS !
Completed parsing successfully

**** Starting to parse single object of type &lt;bool&gt; at location /home/travis/build/smarie/python-parsyfiles/parsyfiles/tests/combining_parsers_converters/test_data/b64pickle-float-1.0=True ****
Checking all files under [/home/travis/build/smarie/python-parsyfiles/parsyfiles/tests/combining_parsers_converters/test_data/b64pickle-float-1.0=True]
(C) /home/travis/build/smarie/python-parsyfiles/parsyfiles/tests/combining_parsers_converters/test_data/b64pickle-float-1.0=True (singlefile, .txt)
File checks done

Building a parsing plan to parse [/home/travis/build/smarie/python-parsyfiles/parsyfiles/tests/combining_parsers_converters/test_data/b64pickle-float-1.0=True] into a bool
(B) /home/travis/build/smarie/python-parsyfiles/parsyfiles/tests/combining_parsers_converters/test_data/b64pickle-float-1.0=True.txt -&gt; bool ------- using [Try &apos;$&lt;read_str_from_txt&gt; =&gt; &lt;str_to_bool&gt;$&apos; then &apos;$&lt;read_str_from_txt&gt; =&gt; &lt;base64_ascii_str_pickle_to_object&gt; -&gt; &lt;float_to_bool&gt;$&apos; then &apos;$&lt;read_str_from_txt&gt; =&gt; &lt;base64_ascii_str_pickle_to_object&gt; -&gt; &lt;int_to_bool&gt;$&apos; then &apos;$&lt;read_str_from_txt&gt; =&gt; &lt;base64_ascii_str_pickle_to_object&gt; -&gt; &lt;str_to_bool&gt;$&apos; then &apos;$&lt;read_str_from_txt&gt; =&gt; &lt;base64_ascii_str_pickle_to_object&gt;$]&apos;]
(B)                                                                                                  |--b64pickle-float-1.0=True.txt -&gt; bool ------- using $&lt;read_str_from_txt&gt; =&gt; &lt;str_to_bool&gt;$
Parsing Plan created successfully

Executing Parsing Plan for [/home/travis/build/smarie/python-parsyfiles/parsyfiles/tests/combining_parsers_converters/test_data/b64pickle-float-1.0=True]
(P) /home/travis/build/smarie/python-parsyfiles/parsyfiles/tests/combining_parsers_converters/test_data/b64pickle-float-1.0=True.txt -&gt; bool ------- using $&lt;read_str_from_txt&gt; =&gt; &lt;str_to_bool&gt;$
  !! Caught error during execution !!
  File &quot;/home/travis/build/smarie/python-parsyfiles/parsyfiles/converting_core.py&quot;, line 524, in _convert
    return self.conversion_method(desired_type, source_obj, logger, **opts)
  File &quot;/home/travis/build/smarie/python-parsyfiles/parsyfiles/plugins_base/support_for_primitive_types.py&quot;, line 84, in primitive_to_bool
    return bool(strtobool(source))
  File &quot;/opt/python/3.5.5/lib/python3.5/distutils/util.py&quot;, line 317, in strtobool
    raise ValueError(&quot;invalid truth value %r&quot; % (val,))
  ValueError : invalid truth value &apos;ganhp/aaaaaaaaau&apos;
(B)                                                                                                  |--b64pickle-float-1.0=True.txt -&gt; bool ------- using $&lt;read_str_from_txt&gt; =&gt; &lt;base64_ascii_str_pickle_to_object&gt; -&gt; &lt;float_to_bool&gt;$
Executing Parsing Plan for [/home/travis/build/smarie/python-parsyfiles/parsyfiles/tests/combining_parsers_converters/test_data/b64pickle-float-1.0=True]
(P) /home/travis/build/smarie/python-parsyfiles/parsyfiles/tests/combining_parsers_converters/test_data/b64pickle-float-1.0=True.txt -&gt; bool ------- using $&lt;read_str_from_txt&gt; =&gt; &lt;base64_ascii_str_pickle_to_object&gt; -&gt; &lt;float_to_bool&gt;$
(P)                                                                                                  |--b64pickle-float-1.0=True.txt -&gt; bool SUCCESS !
Completed parsing successfully

**** Starting to parse single object of type &lt;bool&gt; at location /home/travis/build/smarie/python-parsyfiles/parsyfiles/tests/combining_parsers_converters/test_data/b64pickle-float-1.0=True ****
Checking all files under [/home/travis/build/smarie/python-parsyfiles/parsyfiles/tests/combining_parsers_converters/test_data/b64pickle-float-1.0=True]
(C) /home/travis/build/smarie/python-parsyfiles/parsyfiles/tests/combining_parsers_converters/test_data/b64pickle-float-1.0=True (singlefile, .txt)
File checks done

Building a parsing plan to parse [/home/travis/build/smarie/python-parsyfiles/parsyfiles/tests/combining_parsers_converters/test_data/b64pickle-float-1.0=True] into a bool
(B) /home/travis/build/smarie/python-parsyfiles/parsyfiles/tests/combining_parsers_converters/test_data/b64pickle-float-1.0=True.txt -&gt; bool ------- using [Try &apos;$&lt;read_str_from_txt&gt; =&gt; &lt;str_to_bool&gt;$&apos; then &apos;$&lt;read_str_from_txt&gt; =&gt; &lt;base64_ascii_str_pickle_to_object&gt; -&gt; &lt;float_to_bool&gt;$&apos; then &apos;$&lt;read_str_from_txt&gt; =&gt; &lt;base64_ascii_str_pickle_to_object&gt; -&gt; &lt;int_to_bool&gt;$&apos; then &apos;$&lt;read_str_from_txt&gt; =&gt; &lt;base64_ascii_str_pickle_to_object&gt; -&gt; &lt;str_to_bool&gt;$&apos; then &apos;$&lt;read_str_from_txt&gt; =&gt; &lt;base64_ascii_str_pickle_to_object&gt;$]&apos;]
(B)                                                                                                  |--b64pickle-float-1.0=True.txt -&gt; bool ------- using $&lt;read_str_from_txt&gt; =&gt; &lt;str_to_bool&gt;$
Parsing Plan created successfully

Executing Parsing Plan for [/home/travis/build/smarie/python-parsyfiles/parsyfiles/tests/combining_parsers_converters/test_data/b64pickle-float-1.0=True]
(P) /home/travis/build/smarie/python-parsyfiles/parsyfiles/tests/combining_parsers_converters/test_data/b64pickle-float-1.0=True.txt -&gt; bool ------- using $&lt;read_str_from_txt&gt; =&gt; &lt;str_to_bool&gt;$
  !! Caught error during execution !!
  File &quot;/home/travis/build/smarie/python-parsyfiles/parsyfiles/converting_core.py&quot;, line 524, in _convert
    return self.conversion_method(desired_type, source_obj, logger, **opts)
  File &quot;/home/travis/build/smarie/python-parsyfiles/parsyfiles/plugins_base/support_for_primitive_types.py&quot;, line 84, in primitive_to_bool
    return bool(strtobool(source))
  File &quot;/opt/python/3.5.5/lib/python3.5/distutils/util.py&quot;, line 317, in strtobool
    raise ValueError(&quot;invalid truth value %r&quot; % (val,))
  ValueError : invalid truth value &apos;ganhp/aaaaaaaaau&apos;
(B)                                                                                                  |--b64pickle-float-1.0=True.txt -&gt; bool ------- using $&lt;read_str_from_txt&gt; =&gt; &lt;base64_ascii_str_pickle_to_object&gt; -&gt; &lt;float_to_bool&gt;$
Executing Parsing Plan for [/home/travis/build/smarie/python-parsyfiles/parsyfiles/tests/combining_parsers_converters/test_data/b64pickle-float-1.0=True]
(P) /home/travis/build/smarie/python-parsyfiles/parsyfiles/tests/combining_parsers_converters/test_data/b64pickle-float-1.0=True.txt -&gt; bool ------- using $&lt;read_str_from_txt&gt; =&gt; &lt;base64_ascii_str_pickle_to_object&gt; -&gt; &lt;float_to_bool&gt;$
(P)                                                                                                  |--b64pickle-float-1.0=True.txt -&gt; bool SUCCESS !
Completed parsing successfully

**** Starting to parse single object of type &lt;bool&gt; at location /home/travis/build/smarie/python-parsyfiles/parsyfiles/tests/combining_parsers_converters/test_data/b64pickle-float-1.0=True ****
Checking all files under [/home/travis/build/smarie/python-parsyfiles/parsyfiles/tests/combining_parsers_converters/test_data/b64pickle-float-1.0=True]
(C) /home/travis/build/smarie/python-parsyfiles/parsyfiles/tests/combining_parsers_converters/test_data/b64pickle-float-1.0=True (singlefile, .txt)
File checks done

Building a parsing plan to parse [/home/travis/build/smarie/python-parsyfiles/parsyfiles/tests/combining_parsers_converters/test_data/b64pickle-float-1.0=True] into a bool
(B) /home/travis/build/smarie/python-parsyfiles/parsyfiles/tests/combining_parsers_converters/test_data/b64pickle-float-1.0=True.txt -&gt; bool ------- using [Try &apos;$&lt;read_str_from_txt&gt; =&gt; &lt;str_to_bool&gt;$&apos; then &apos;$&lt;read_str_from_txt&gt; =&gt; &lt;base64_ascii_str_pickle_to_object&gt; -&gt; &lt;float_to_bool&gt;$&apos; then &apos;$&lt;read_str_from_txt&gt; =&gt; &lt;base64_ascii_str_pickle_to_object&gt; -&gt; &lt;int_to_bool&gt;$&apos; then &apos;$&lt;read_str_from_txt&gt; =&gt; &lt;base64_ascii_str_pickle_to_object&gt; -&gt; &lt;str_to_bool&gt;$&apos; then &apos;$&lt;read_str_from_txt&gt; =&gt; &lt;base64_ascii_str_pickle_to_object&gt;$]&apos;]
(B)                                                                                                  |--b64pickle-float-1.0=True.txt -&gt; bool ------- using $&lt;read_str_from_txt&gt; =&gt; &lt;str_to_bool&gt;$
Parsing Plan created successfully

Executing Parsing Plan for [/home/travis/build/smarie/python-parsyfiles/parsyfiles/tests/combining_parsers_converters/test_data/b64pickle-float-1.0=True]
(P) /home/travis/build/smarie/python-parsyfiles/parsyfiles/tests/combining_parsers_converters/test_data/b64pickle-float-1.0=True.txt -&gt; bool ------- using $&lt;read_str_from_txt&gt; =&gt; &lt;str_to_bool&gt;$
  !! Caught error during execution !!
  File &quot;/home/travis/build/smarie/python-parsyfiles/parsyfiles/converting_core.py&quot;, line 524, in _convert
    return self.conversion_method(desired_type, source_obj, logger, **opts)
  File &quot;/home/travis/build/smarie/python-parsyfiles/parsyfiles/plugins_base/support_for_primitive_types.py&quot;, line 84, in primitive_to_bool
    return bool(strtobool(source))
  File &quot;/opt/python/3.5.5/lib/python3.5/distutils/util.py&quot;, line 317, in strtobool
    raise ValueError(&quot;invalid truth value %r&quot; % (val,))
  ValueError : invalid truth value &apos;ganhp/aaaaaaaaau&apos;
(B)                                                                                                  |--b64pickle-float-1.0=True.txt -&gt; bool ------- using $&lt;read_str_from_txt&gt; =&gt; &lt;base64_ascii_str_pickle_to_object&gt; -&gt; &lt;float_to_bool&gt;$
Executing Parsing Plan for [/home/travis/build/smarie/python-parsyfiles/parsyfiles/tests/combining_parsers_converters/test_data/b64pickle-float-1.0=True]
(P) /home/travis/build/smarie/python-parsyfiles/parsyfiles/tests/combining_parsers_converters/test_data/b64pickle-float-1.0=True.txt -&gt; bool ------- using $&lt;read_str_from_txt&gt; =&gt; &lt;base64_ascii_str_pickle_to_object&gt; -&gt; &lt;float_to_bool&gt;$
(P)                                                                                                  |--b64pickle-float-1.0=True.txt -&gt; bool SUCCESS !
Completed parsing successfully

**** Starting to parse single object of type &lt;bool&gt; at location /home/travis/build/smarie/python-parsyfiles/parsyfiles/tests/combining_parsers_converters/test_data/b64pickle-float-1.0=True ****
Checking all files under [/home/travis/build/smarie/python-parsyfiles/parsyfiles/tests/combining_parsers_converters/test_data/b64pickle-float-1.0=True]
(C) /home/travis/build/smarie/python-parsyfiles/parsyfiles/tests/combining_parsers_converters/test_data/b64pickle-float-1.0=True (singlefile, .txt)
File checks done

Building a parsing plan to parse [/home/travis/build/smarie/python-parsyfiles/parsyfiles/tests/combining_parsers_converters/test_data/b64pickle-float-1.0=True] into a bool
(B) /home/travis/build/smarie/python-parsyfiles/parsyfiles/tests/combining_parsers_converters/test_data/b64pickle-float-1.0=True.txt -&gt; bool ------- using [Try &apos;$&lt;read_str_from_txt&gt; =&gt; &lt;str_to_bool&gt;$&apos; then &apos;$&lt;read_str_from_txt&gt; =&gt; &lt;base64_ascii_str_pickle_to_object&gt; -&gt; &lt;float_to_bool&gt;$&apos; then &apos;$&lt;read_str_from_txt&gt; =&gt; &lt;base64_ascii_str_pickle_to_object&gt; -&gt; &lt;int_to_bool&gt;$&apos; then &apos;$&lt;read_str_from_txt&gt; =&gt; &lt;base64_ascii_str_pickle_to_object&gt; -&gt; &lt;str_to_bool&gt;$&apos; then &apos;$&lt;read_str_from_txt&gt; =&gt; &lt;base64_ascii_str_pickle_to_object&gt;$]&apos;]
(B)                                                                                                  |--b64pickle-float-1.0=True.txt -&gt; bool ------- using $&lt;read_str_from_txt&gt; =&gt; &lt;str_to_bool&gt;$
Parsing Plan created successfully

Executing Parsing Plan for [/home/travis/build/smarie/python-parsyfiles/parsyfiles/tests/combining_parsers_converters/test_data/b64pickle-float-1.0=True]
(P) /home/travis/build/smarie/python-parsyfiles/parsyfiles/tests/combining_parsers_converters/test_data/b64pickle-float-1.0=True.txt -&gt; bool ------- using $&lt;read_str_from_txt&gt; =&gt; &lt;str_to_bool&gt;$
  !! Caught error during execution !!
  File &quot;/home/travis/build/smarie/python-parsyfiles/parsyfiles/converting_core.py&quot;, line 524, in _convert
    return self.conversion_method(desired_type, source_obj, logger, **opts)
  File &quot;/home/travis/build/smarie/python-parsyfiles/parsyfiles/plugins_base/support_for_primitive_types.py&quot;, line 84, in primitive_to_bool
    return bool(strtobool(source))
  File &quot;/opt/python/3.5.5/lib/python3.5/distutils/util.py&quot;, line 317, in strtobool
    raise ValueError(&quot;invalid truth value %r&quot; % (val,))
  ValueError : invalid truth value &apos;ganhp/aaaaaaaaau&apos;
(B)                                                                                                  |--b64pickle-float-1.0=True.txt -&gt; bool ------- using $&lt;read_str_from_txt&gt; =&gt; &lt;base64_ascii_str_pickle_to_object&gt; -&gt; &lt;float_to_bool&gt;$
Executing Parsing Plan for [/home/travis/build/smarie/python-parsyfiles/parsyfiles/tests/combining_parsers_converters/test_data/b64pickle-float-1.0=True]
(P) /home/travis/build/smarie/python-parsyfiles/parsyfiles/tests/combining_parsers_converters/test_data/b64pickle-float-1.0=True.txt -&gt; bool ------- using $&lt;read_str_from_txt&gt; =&gt; &lt;base64_ascii_str_pickle_to_object&gt; -&gt; &lt;float_to_bool&gt;$
(P)                                                                                                  |--b64pickle-float-1.0=True.txt -&gt; bool SUCCESS !
Completed parsing successfully

**** Starting to parse single object of type &lt;bool&gt; at location /home/travis/build/smarie/python-parsyfiles/parsyfiles/tests/combining_parsers_converters/test_data/b64pickle-float-1.0=True ****
Checking all files under [/home/travis/build/smarie/python-parsyfiles/parsyfiles/tests/combining_parsers_converters/test_data/b64pickle-float-1.0=True]
(C) /home/travis/build/smarie/python-parsyfiles/parsyfiles/tests/combining_parsers_converters/test_data/b64pickle-float-1.0=True (singlefile, .txt)
File checks done

Building a parsing plan to parse [/home/travis/build/smarie/python-parsyfiles/parsyfiles/tests/combining_parsers_converters/test_data/b64pickle-float-1.0=True] into a bool
(B) /home/travis/build/smarie/python-parsyfiles/parsyfiles/tests/combining_parsers_converters/test_data/b64pickle-float-1.0=True.txt -&gt; bool ------- using [Try &apos;$&lt;read_str_from_txt&gt; =&gt; &lt;str_to_bool&gt;$&apos; then &apos;$&lt;read_str_from_txt&gt; =&gt; &lt;base64_ascii_str_pickle_to_object&gt; -&gt; &lt;float_to_bool&gt;$&apos; then &apos;$&lt;read_str_from_txt&gt; =&gt; &lt;base64_ascii_str_pickle_to_object&gt; -&gt; &lt;int_to_bool&gt;$&apos; then &apos;$&lt;read_str_from_txt&gt; =&gt; &lt;base64_ascii_str_pickle_to_object&gt; -&gt; &lt;str_to_bool&gt;$&apos; then &apos;$&lt;read_str_from_txt&gt; =&gt; &lt;base64_ascii_str_pickle_to_object&gt;$]&apos;]
(B)                                                                                                  |--b64pickle-float-1.0=True.txt -&gt; bool ------- using $&lt;read_str_from_txt&gt; =&gt; &lt;str_to_bool&gt;$
Parsing Plan created successfully

Executing Parsing Plan for [/home/travis/build/smarie/python-parsyfiles/parsyfiles/tests/combining_parsers_converters/test_data/b64pickle-float-1.0=True]
(P) /home/travis/build/smarie/python-parsyfiles/parsyfiles/tests/combining_parsers_converters/test_data/b64pickle-float-1.0=True.txt -&gt; bool ------- using $&lt;read_str_from_txt&gt; =&gt; &lt;str_to_bool&gt;$
  !! Caught error during execution !!
  File &quot;/home/travis/build/smarie/python-parsyfiles/parsyfiles/converting_core.py&quot;, line 524, in _convert
    return self.conversion_method(desired_type, source_obj, logger, **opts)
  File &quot;/home/travis/build/smarie/python-parsyfiles/parsyfiles/plugins_base/support_for_primitive_types.py&quot;, line 84, in primitive_to_bool
    return bool(strtobool(source))
  File &quot;/opt/python/3.5.5/lib/python3.5/distutils/util.py&quot;, line 317, in strtobool
    raise ValueError(&quot;invalid truth value %r&quot; % (val,))
  ValueError : invalid truth value &apos;ganhp/aaaaaaaaau&apos;
(B)                                                                                                  |--b64pickle-float-1.0=True.txt -&gt; bool ------- using $&lt;read_str_from_txt&gt; =&gt; &lt;base64_ascii_str_pickle_to_object&gt; -&gt; &lt;float_to_bool&gt;$
Executing Parsing Plan for [/home/travis/build/smarie/python-parsyfiles/parsyfiles/tests/combining_parsers_converters/test_data/b64pickle-float-1.0=True]
(P) /home/travis/build/smarie/python-parsyfiles/parsyfiles/tests/combining_parsers_converters/test_data/b64pickle-float-1.0=True.txt -&gt; bool ------- using $&lt;read_str_from_txt&gt; =&gt; &lt;base64_ascii_str_pickle_to_object&gt; -&gt; &lt;float_to_bool&gt;$
(P)                                                                                                  |--b64pickle-float-1.0=True.txt -&gt; bool SUCCESS !
Completed parsing successfully

**** Starting to parse single object of type &lt;bool&gt; at location /home/travis/build/smarie/python-parsyfiles/parsyfiles/tests/combining_parsers_converters/test_data/b64pickle-float-1.0=True ****
Checking all files under [/home/travis/build/smarie/python-parsyfiles/parsyfiles/tests/combining_parsers_converters/test_data/b64pickle-float-1.0=True]
(C) /home/travis/build/smarie/python-parsyfiles/parsyfiles/tests/combining_parsers_converters/test_data/b64pickle-float-1.0=True (singlefile, .txt)
File checks done

Building a parsing plan to parse [/home/travis/build/smarie/python-parsyfiles/parsyfiles/tests/combining_parsers_converters/test_data/b64pickle-float-1.0=True] into a bool
(B) /home/travis/build/smarie/python-parsyfiles/parsyfiles/tests/combining_parsers_converters/test_data/b64pickle-float-1.0=True.txt -&gt; bool ------- using [Try &apos;$&lt;read_str_from_txt&gt; =&gt; &lt;str_to_bool&gt;$&apos; then &apos;$&lt;read_str_from_txt&gt; =&gt; &lt;base64_ascii_str_pickle_to_object&gt; -&gt; &lt;float_to_bool&gt;$&apos; then &apos;$&lt;read_str_from_txt&gt; =&gt; &lt;base64_ascii_str_pickle_to_object&gt; -&gt; &lt;int_to_bool&gt;$&apos; then &apos;$&lt;read_str_from_txt&gt; =&gt; &lt;base64_ascii_str_pickle_to_object&gt; -&gt; &lt;str_to_bool&gt;$&apos; then &apos;$&lt;read_str_from_txt&gt; =&gt; &lt;base64_ascii_str_pickle_to_object&gt;$]&apos;]
(B)                                                                                                  |--b64pickle-float-1.0=True.txt -&gt; bool ------- using $&lt;read_str_from_txt&gt; =&gt; &lt;str_to_bool&gt;$
Parsing Plan created successfully

Executing Parsing Plan for [/home/travis/build/smarie/python-parsyfiles/parsyfiles/tests/combining_parsers_converters/test_data/b64pickle-float-1.0=True]
(P) /home/travis/build/smarie/python-parsyfiles/parsyfiles/tests/combining_parsers_converters/test_data/b64pickle-float-1.0=True.txt -&gt; bool ------- using $&lt;read_str_from_txt&gt; =&gt; &lt;str_to_bool&gt;$
  !! Caught error during execution !!
  File &quot;/home/travis/build/smarie/python-parsyfiles/parsyfiles/converting_core.py&quot;, line 524, in _convert
    return self.conversion_method(desired_type, source_obj, logger, **opts)
  File &quot;/home/travis/build/smarie/python-parsyfiles/parsyfiles/plugins_base/support_for_primitive_types.py&quot;, line 84, in primitive_to_bool
    return bool(strtobool(source))
  File &quot;/opt/python/3.5.5/lib/python3.5/distutils/util.py&quot;, line 317, in strtobool
    raise ValueError(&quot;invalid truth value %r&quot; % (val,))
  ValueError : invalid truth value &apos;ganhp/aaaaaaaaau&apos;
(B)                                                                                                  |--b64pickle-float-1.0=True.txt -&gt; bool ------- using $&lt;read_str_from_txt&gt; =&gt; &lt;base64_ascii_str_pickle_to_object&gt; -&gt; &lt;float_to_bool&gt;$
Executing Parsing Plan for [/home/travis/build/smarie/python-parsyfiles/parsyfiles/tests/combining_parsers_converters/test_data/b64pickle-float-1.0=True]
(P) /home/travis/build/smarie/python-parsyfiles/parsyfiles/tests/combining_parsers_converters/test_data/b64pickle-float-1.0=True.txt -&gt; bool ------- using $&lt;read_str_from_txt&gt; =&gt; &lt;base64_ascii_str_pickle_to_object&gt; -&gt; &lt;float_to_bool&gt;$
(P)                                                                                                  |--b64pickle-float-1.0=True.txt -&gt; bool SUCCESS !
Completed parsing successfully

**** Starting to parse single object of type &lt;bool&gt; at location /home/travis/build/smarie/python-parsyfiles/parsyfiles/tests/combining_parsers_converters/test_data/b64pickle-float-1.0=True ****
Checking all files under [/home/travis/build/smarie/python-parsyfiles/parsyfiles/tests/combining_parsers_converters/test_data/b64pickle-float-1.0=True]
(C) /home/travis/build/smarie/python-parsyfiles/parsyfiles/tests/combining_parsers_converters/test_data/b64pickle-float-1.0=True (singlefile, .txt)
File checks done

Building a parsing plan to parse [/home/travis/build/smarie/python-parsyfiles/parsyfiles/tests/combining_parsers_converters/test_data/b64pickle-float-1.0=True] into a bool
(B) /home/travis/build/smarie/python-parsyfiles/parsyfiles/tests/combining_parsers_converters/test_data/b64pickle-float-1.0=True.txt -&gt; bool ------- using [Try &apos;$&lt;read_str_from_txt&gt; =&gt; &lt;str_to_bool&gt;$&apos; then &apos;$&lt;read_str_from_txt&gt; =&gt; &lt;base64_ascii_str_pickle_to_object&gt; -&gt; &lt;float_to_bool&gt;$&apos; then &apos;$&lt;read_str_from_txt&gt; =&gt; &lt;base64_ascii_str_pickle_to_object&gt; -&gt; &lt;int_to_bool&gt;$&apos; then &apos;$&lt;read_str_from_txt&gt; =&gt; &lt;base64_ascii_str_pickle_to_object&gt; -&gt; &lt;str_to_bool&gt;$&apos; then &apos;$&lt;read_str_from_txt&gt; =&gt; &lt;base64_ascii_str_pickle_to_object&gt;$]&apos;]
(B)                                                                                                  |--b64pickle-float-1.0=True.txt -&gt; bool ------- using $&lt;read_str_from_txt&gt; =&gt; &lt;str_to_bool&gt;$
Parsing Plan created successfully

Executing Parsing Plan for [/home/travis/build/smarie/python-parsyfiles/parsyfiles/tests/combining_parsers_converters/test_data/b64pickle-float-1.0=True]
(P) /home/travis/build/smarie/python-parsyfiles/parsyfiles/tests/combining_parsers_converters/test_data/b64pickle-float-1.0=True.txt -&gt; bool ------- using $&lt;read_str_from_txt&gt; =&gt; &lt;str_to_bool&gt;$
  !! Caught error during execution !!
  File &quot;/home/travis/build/smarie/python-parsyfiles/parsyfiles/converting_core.py&quot;, line 524, in _convert
    return self.conversion_method(desired_type, source_obj, logger, **opts)
  File &quot;/home/travis/build/smarie/python-parsyfiles/parsyfiles/plugins_base/support_for_primitive_types.py&quot;, line 84, in primitive_to_bool
    return bool(strtobool(source))
  File &quot;/opt/python/3.5.5/lib/python3.5/distutils/util.py&quot;, line 317, in strtobool
    raise ValueError(&quot;invalid truth value %r&quot; % (val,))
  ValueError : invalid truth value &apos;ganhp/aaaaaaaaau&apos;
(B)                                                                                                  |--b64pickle-float-1.0=True.txt -&gt; bool ------- using $&lt;read_str_from_txt&gt; =&gt; &lt;base64_ascii_str_pickle_to_object&gt; -&gt; &lt;float_to_bool&gt;$
Executing Parsing Plan for [/home/travis/build/smarie/python-parsyfiles/parsyfiles/tests/combining_parsers_converters/test_data/b64pickle-float-1.0=True]
(P) /home/travis/build/smarie/python-parsyfiles/parsyfiles/tests/combining_parsers_converters/test_data/b64pickle-float-1.0=True.txt -&gt; bool ------- using $&lt;read_str_from_txt&gt; =&gt; &lt;base64_ascii_str_pickle_to_object&gt; -&gt; &lt;float_to_bool&gt;$
(P)                                                                                                  |--b64pickle-float-1.0=True.txt -&gt; bool SUCCESS !
Completed parsing successfully

**** Starting to parse single object of type &lt;bool&gt; at location /home/travis/build/smarie/python-parsyfiles/parsyfiles/tests/combining_parsers_converters/test_data/b64pickle-float-1.0=True ****
Checking all files under [/home/travis/build/smarie/python-parsyfiles/parsyfiles/tests/combining_parsers_converters/test_data/b64pickle-float-1.0=True]
(C) /home/travis/build/smarie/python-parsyfiles/parsyfiles/tests/combining_parsers_converters/test_data/b64pickle-float-1.0=True (singlefile, .txt)
File checks done

Building a parsing plan to parse [/home/travis/build/smarie/python-parsyfiles/parsyfiles/tests/combining_parsers_converters/test_data/b64pickle-float-1.0=True] into a bool
(B) /home/travis/build/smarie/python-parsyfiles/parsyfiles/tests/combining_parsers_converters/test_data/b64pickle-float-1.0=True.txt -&gt; bool ------- using [Try &apos;$&lt;read_str_from_txt&gt; =&gt; &lt;str_to_bool&gt;$&apos; then &apos;$&lt;read_str_from_txt&gt; =&gt; &lt;base64_ascii_str_pickle_to_object&gt; -&gt; &lt;float_to_bool&gt;$&apos; then &apos;$&lt;read_str_from_txt&gt; =&gt; &lt;base64_ascii_str_pickle_to_object&gt; -&gt; &lt;int_to_bool&gt;$&apos; then &apos;$&lt;read_str_from_txt&gt; =&gt; &lt;base64_ascii_str_pickle_to_object&gt; -&gt; &lt;str_to_bool&gt;$&apos; then &apos;$&lt;read_str_from_txt&gt; =&gt; &lt;base64_ascii_str_pickle_to_object&gt;$]&apos;]
(B)                                                                                                  |--b64pickle-float-1.0=True.txt -&gt; bool ------- using $&lt;read_str_from_txt&gt; =&gt; &lt;str_to_bool&gt;$
Parsing Plan created successfully

Executing Parsing Plan for [/home/travis/build/smarie/python-parsyfiles/parsyfiles/tests/combining_parsers_converters/test_data/b64pickle-float-1.0=True]
(P) /home/travis/build/smarie/python-parsyfiles/parsyfiles/tests/combining_parsers_converters/test_data/b64pickle-float-1.0=True.txt -&gt; bool ------- using $&lt;read_str_from_txt&gt; =&gt; &lt;str_to_bool&gt;$
  !! Caught error during execution !!
  File &quot;/home/travis/build/smarie/python-parsyfiles/parsyfiles/converting_core.py&quot;, line 524, in _convert
    return self.conversion_method(desired_type, source_obj, logger, **opts)
  File &quot;/home/travis/build/smarie/python-parsyfiles/parsyfiles/plugins_base/support_for_primitive_types.py&quot;, line 84, in primitive_to_bool
    return bool(strtobool(source))
  File &quot;/opt/python/3.5.5/lib/python3.5/distutils/util.py&quot;, line 317, in strtobool
    raise ValueError(&quot;invalid truth value %r&quot; % (val,))
  ValueError : invalid truth value &apos;ganhp/aaaaaaaaau&apos;
(B)                                                                                                  |--b64pickle-float-1.0=True.txt -&gt; bool ------- using $&lt;read_str_from_txt&gt; =&gt; &lt;base64_ascii_str_pickle_to_object&gt; -&gt; &lt;float_to_bool&gt;$
Executing Parsing Plan for [/home/travis/build/smarie/python-parsyfiles/parsyfiles/tests/combining_parsers_converters/test_data/b64pickle-float-1.0=True]
(P) /home/travis/build/smarie/python-parsyfiles/parsyfiles/tests/combining_parsers_converters/test_data/b64pickle-float-1.0=True.txt -&gt; bool ------- using $&lt;read_str_from_txt&gt; =&gt; &lt;base64_ascii_str_pickle_to_object&gt; -&gt; &lt;float_to_bool&gt;$
(P)                                                                                                  |--b64pickle-float-1.0=True.txt -&gt; bool SUCCESS !
Completed parsing successfully

**** Starting to parse single object of type &lt;bool&gt; at location /home/travis/build/smarie/python-parsyfiles/parsyfiles/tests/combining_parsers_converters/test_data/b64pickle-float-1.0=True ****
Checking all files under [/home/travis/build/smarie/python-parsyfiles/parsyfiles/tests/combining_parsers_converters/test_data/b64pickle-float-1.0=True]
(C) /home/travis/build/smarie/python-parsyfiles/parsyfiles/tests/combining_parsers_converters/test_data/b64pickle-float-1.0=True (singlefile, .txt)
File checks done

Building a parsing plan to parse [/home/travis/build/smarie/python-parsyfiles/parsyfiles/tests/combining_parsers_converters/test_data/b64pickle-float-1.0=True] into a bool
(B) /home/travis/build/smarie/python-parsyfiles/parsyfiles/tests/combining_parsers_converters/test_data/b64pickle-float-1.0=True.txt -&gt; bool ------- using [Try &apos;$&lt;read_str_from_txt&gt; =&gt; &lt;str_to_bool&gt;$&apos; then &apos;$&lt;read_str_from_txt&gt; =&gt; &lt;base64_ascii_str_pickle_to_object&gt; -&gt; &lt;float_to_bool&gt;$&apos; then &apos;$&lt;read_str_from_txt&gt; =&gt; &lt;base64_ascii_str_pickle_to_object&gt; -&gt; &lt;int_to_bool&gt;$&apos; then &apos;$&lt;read_str_from_txt&gt; =&gt; &lt;base64_ascii_str_pickle_to_object&gt; -&gt; &lt;str_to_bool&gt;$&apos; then &apos;$&lt;read_str_from_txt&gt; =&gt; &lt;base64_ascii_str_pickle_to_object&gt;$]&apos;]
(B)                                                                                                  |--b64pickle-float-1.0=True.txt -&gt; bool ------- using $&lt;read_str_from_txt&gt; =&gt; &lt;str_to_bool&gt;$
Parsing Plan created successfully

Executing Parsing Plan for [/home/travis/build/smarie/python-parsyfiles/parsyfiles/tests/combining_parsers_converters/test_data/b64pickle-float-1.0=True]
(P) /home/travis/build/smarie/python-parsyfiles/parsyfiles/tests/combining_parsers_converters/test_data/b64pickle-float-1.0=True.txt -&gt; bool ------- using $&lt;read_str_from_txt&gt; =&gt; &lt;str_to_bool&gt;$
  !! Caught error during execution !!
  File &quot;/home/travis/build/smarie/python-parsyfiles/parsyfiles/converting_core.py&quot;, line 524, in _convert
    return self.conversion_method(desired_type, source_obj, logger, **opts)
  File &quot;/home/travis/build/smarie/python-parsyfiles/parsyfiles/plugins_base/support_for_primitive_types.py&quot;, line 84, in primitive_to_bool
    return bool(strtobool(source))
  File &quot;/opt/python/3.5.5/lib/python3.5/distutils/util.py&quot;, line 317, in strtobool
    raise ValueError(&quot;invalid truth value %r&quot; % (val,))
  ValueError : invalid truth value &apos;ganhp/aaaaaaaaau&apos;
(B)                                                                                                  |--b64pickle-float-1.0=True.txt -&gt; bool ------- using $&lt;read_str_from_txt&gt; =&gt; &lt;base64_ascii_str_pickle_to_object&gt; -&gt; &lt;float_to_bool&gt;$
Executing Parsing Plan for [/home/travis/build/smarie/python-parsyfiles/parsyfiles/tests/combining_parsers_converters/test_data/b64pickle-float-1.0=True]
(P) /home/travis/build/smarie/python-parsyfiles/parsyfiles/tests/combining_parsers_converters/test_data/b64pickle-float-1.0=True.txt -&gt; bool ------- using $&lt;read_str_from_txt&gt; =&gt; &lt;base64_ascii_str_pickle_to_object&gt; -&gt; &lt;float_to_bool&gt;$
(P)                                                                                                  |--b64pickle-float-1.0=True.txt -&gt; bool SUCCESS !
Completed parsing successfully

**** Starting to parse single object of type &lt;bool&gt; at location /home/travis/build/smarie/python-parsyfiles/parsyfiles/tests/combining_parsers_converters/test_data/b64pickle-float-1.0=True ****
Checking all files under [/home/travis/build/smarie/python-parsyfiles/parsyfiles/tests/combining_parsers_converters/test_data/b64pickle-float-1.0=True]
(C) /home/travis/build/smarie/python-parsyfiles/parsyfiles/tests/combining_parsers_converters/test_data/b64pickle-float-1.0=True (singlefile, .txt)
File checks done

Building a parsing plan to parse [/home/travis/build/smarie/python-parsyfiles/parsyfiles/tests/combining_parsers_converters/test_data/b64pickle-float-1.0=True] into a bool
(B) /home/travis/build/smarie/python-parsyfiles/parsyfiles/tests/combining_parsers_converters/test_data/b64pickle-float-1.0=True.txt -&gt; bool ------- using [Try &apos;$&lt;read_str_from_txt&gt; =&gt; &lt;str_to_bool&gt;$&apos; then &apos;$&lt;read_str_from_txt&gt; =&gt; &lt;base64_ascii_str_pickle_to_object&gt; -&gt; &lt;float_to_bool&gt;$&apos; then &apos;$&lt;read_str_from_txt&gt; =&gt; &lt;base64_ascii_str_pickle_to_object&gt; -&gt; &lt;int_to_bool&gt;$&apos; then &apos;$&lt;read_str_from_txt&gt; =&gt; &lt;base64_ascii_str_pickle_to_object&gt; -&gt; &lt;str_to_bool&gt;$&apos; then &apos;$&lt;read_str_from_txt&gt; =&gt; &lt;base64_ascii_str_pickle_to_object&gt;$]&apos;]
(B)                                                                                                  |--b64pickle-float-1.0=True.txt -&gt; bool ------- using $&lt;read_str_from_txt&gt; =&gt; &lt;str_to_bool&gt;$
Parsing Plan created successfully

Executing Parsing Plan for [/home/travis/build/smarie/python-parsyfiles/parsyfiles/tests/combining_parsers_converters/test_data/b64pickle-float-1.0=True]
(P) /home/travis/build/smarie/python-parsyfiles/parsyfiles/tests/combining_parsers_converters/test_data/b64pickle-float-1.0=True.txt -&gt; bool ------- using $&lt;read_str_from_txt&gt; =&gt; &lt;str_to_bool&gt;$
  !! Caught error during execution !!
  File &quot;/home/travis/build/smarie/python-parsyfiles/parsyfiles/converting_core.py&quot;, line 524, in _convert
    return self.conversion_method(desired_type, source_obj, logger, **opts)
  File &quot;/home/travis/build/smarie/python-parsyfiles/parsyfiles/plugins_base/support_for_primitive_types.py&quot;, line 84, in primitive_to_bool
    return bool(strtobool(source))
  File &quot;/opt/python/3.5.5/lib/python3.5/distutils/util.py&quot;, line 317, in strtobool
    raise ValueError(&quot;invalid truth value %r&quot; % (val,))
  ValueError : invalid truth value &apos;ganhp/aaaaaaaaau&apos;
(B)                                                                                                  |--b64pickle-float-1.0=True.txt -&gt; bool ------- using $&lt;read_str_from_txt&gt; =&gt; &lt;base64_ascii_str_pickle_to_object&gt; -&gt; &lt;float_to_bool&gt;$
Executing Parsing Plan for [/home/travis/build/smarie/python-parsyfiles/parsyfiles/tests/combining_parsers_converters/test_data/b64pickle-float-1.0=True]
(P) /home/travis/build/smarie/python-parsyfiles/parsyfiles/tests/combining_parsers_converters/test_data/b64pickle-float-1.0=True.txt -&gt; bool ------- using $&lt;read_str_from_txt&gt; =&gt; &lt;base64_ascii_str_pickle_to_object&gt; -&gt; &lt;float_to_bool&gt;$
(P)                                                                                                  |--b64pickle-float-1.0=True.txt -&gt; bool SUCCESS !
Completed parsing successfully

</system-out></testcase><testcase classname="parsyfiles.tests.combining_parsers_converters.test_registries.TestParserRegistry" file="parsyfiles/tests/combining_parsers_converters/test_registries.py" line="277" name="test_a_all_extensions_and_types_are_present" time="0.019249439239501953"><system-out>.
.d
.c
.cd
.b
.bd
.bc
.bcd
.a
.ad
.ac
.acd
.ab
.abd
.abc
.abcd
</system-out></testcase><testcase classname="parsyfiles.tests.combining_parsers_converters.test_registries.TestParserRegistry" file="parsyfiles/tests/combining_parsers_converters/test_registries.py" line="292" name="test_b_capabilities_equal_query_strict" time="0.5609428882598877"><system-out>.
.d
.c
.cd
.b
.bd
.bc
.bcd
.a
.ad
.ac
.acd
.ab
.abd
.abc
.abcd
Asserting (strict mode) type=C ext=.abcd
Asserting (strict mode) type=B ext=.abcd
Asserting (strict mode) type=D ext=.abcd
Asserting (strict mode) type=A ext=.abcd
Asserting (strict mode) type=AnyObject ext=.abcd
Asserting (strict mode) type=C ext=.acd
Asserting (strict mode) type=B ext=.acd
Asserting (strict mode) type=D ext=.acd
Asserting (strict mode) type=A ext=.acd
Asserting (strict mode) type=AnyObject ext=.acd
Asserting (strict mode) type=C ext=.bd
Asserting (strict mode) type=B ext=.bd
Asserting (strict mode) type=D ext=.bd
Asserting (strict mode) type=A ext=.bd
Asserting (strict mode) type=AnyObject ext=.bd
Asserting (strict mode) type=C ext=.bcd
Asserting (strict mode) type=B ext=.bcd
Asserting (strict mode) type=D ext=.bcd
Asserting (strict mode) type=A ext=.bcd
Asserting (strict mode) type=AnyObject ext=.bcd
Asserting (strict mode) type=C ext=.c
Asserting (strict mode) type=B ext=.c
Asserting (strict mode) type=D ext=.c
Asserting (strict mode) type=A ext=.c
Asserting (strict mode) type=C ext=.abc
Asserting (strict mode) type=B ext=.abc
Asserting (strict mode) type=D ext=.abc
Asserting (strict mode) type=A ext=.abc
Asserting (strict mode) type=AnyObject ext=.abc
Asserting (strict mode) type=C ext=.b
Asserting (strict mode) type=B ext=.b
Asserting (strict mode) type=A ext=.b
Asserting (strict mode) type=C ext=.ad
Asserting (strict mode) type=B ext=.ad
Asserting (strict mode) type=D ext=.ad
Asserting (strict mode) type=A ext=.ad
Asserting (strict mode) type=AnyObject ext=.ad
Asserting (strict mode) type=C ext=.abd
Asserting (strict mode) type=B ext=.abd
Asserting (strict mode) type=D ext=.abd
Asserting (strict mode) type=A ext=.abd
Asserting (strict mode) type=AnyObject ext=.abd
Asserting (strict mode) type=C ext=.a
Asserting (strict mode) type=B ext=.a
Asserting (strict mode) type=D ext=.a
Asserting (strict mode) type=A ext=.a
Asserting (strict mode) type=AnyObject ext=.a
Asserting (strict mode) type=C ext=.cd
Asserting (strict mode) type=B ext=.cd
Asserting (strict mode) type=D ext=.cd
Asserting (strict mode) type=A ext=.cd
Asserting (strict mode) type=AnyObject ext=.cd
Asserting (strict mode) type=C ext=.d
Asserting (strict mode) type=D ext=.d
Asserting (strict mode) type=A ext=.d
Asserting (strict mode) type=AnyObject ext=.d
Asserting (strict mode) type=C ext=.ab
Asserting (strict mode) type=B ext=.ab
Asserting (strict mode) type=D ext=.ab
Asserting (strict mode) type=A ext=.ab
Asserting (strict mode) type=AnyObject ext=.ab
Asserting (strict mode) type=C ext=.bc
Asserting (strict mode) type=B ext=.bc
Asserting (strict mode) type=D ext=.bc
Asserting (strict mode) type=A ext=.bc
Asserting (strict mode) type=C ext=&lt;multifile&gt;
Asserting (strict mode) type=B ext=&lt;multifile&gt;
Asserting (strict mode) type=D ext=&lt;multifile&gt;
Asserting (strict mode) type=A ext=&lt;multifile&gt;
Asserting (strict mode) type=AnyObject ext=&lt;multifile&gt;
Asserting (strict mode) type=C ext=.ac
Asserting (strict mode) type=B ext=.ac
Asserting (strict mode) type=D ext=.ac
Asserting (strict mode) type=A ext=.ac
Asserting (strict mode) type=AnyObject ext=.ac
Asserting (strict mode) type=B ext=.abcd
Asserting (strict mode) type=C ext=.abcd
Asserting (strict mode) type=D ext=.abcd
Asserting (strict mode) type=A ext=.abcd
Asserting (strict mode) type=AnyObject ext=.abcd
Asserting (strict mode) type=B ext=.acd
Asserting (strict mode) type=C ext=.acd
Asserting (strict mode) type=D ext=.acd
Asserting (strict mode) type=A ext=.acd
Asserting (strict mode) type=AnyObject ext=.acd
Asserting (strict mode) type=B ext=.bd
Asserting (strict mode) type=C ext=.bd
Asserting (strict mode) type=D ext=.bd
Asserting (strict mode) type=A ext=.bd
Asserting (strict mode) type=AnyObject ext=.bd
Asserting (strict mode) type=B ext=.bcd
Asserting (strict mode) type=C ext=.bcd
Asserting (strict mode) type=D ext=.bcd
Asserting (strict mode) type=A ext=.bcd
Asserting (strict mode) type=AnyObject ext=.bcd
Asserting (strict mode) type=C ext=.c
Asserting (strict mode) type=B ext=.c
Asserting (strict mode) type=D ext=.c
Asserting (strict mode) type=A ext=.c
Asserting (strict mode) type=C ext=.abc
Asserting (strict mode) type=B ext=.abc
Asserting (strict mode) type=D ext=.abc
Asserting (strict mode) type=A ext=.abc
Asserting (strict mode) type=AnyObject ext=.abc
Asserting (strict mode) type=C ext=.b
Asserting (strict mode) type=B ext=.b
Asserting (strict mode) type=A ext=.b
Asserting (strict mode) type=B ext=.ad
Asserting (strict mode) type=C ext=.ad
Asserting (strict mode) type=D ext=.ad
Asserting (strict mode) type=A ext=.ad
Asserting (strict mode) type=AnyObject ext=.ad
Asserting (strict mode) type=B ext=.abd
Asserting (strict mode) type=C ext=.abd
Asserting (strict mode) type=D ext=.abd
Asserting (strict mode) type=A ext=.abd
Asserting (strict mode) type=AnyObject ext=.abd
Asserting (strict mode) type=B ext=.a
Asserting (strict mode) type=C ext=.a
Asserting (strict mode) type=D ext=.a
Asserting (strict mode) type=A ext=.a
Asserting (strict mode) type=AnyObject ext=.a
Asserting (strict mode) type=B ext=.cd
Asserting (strict mode) type=C ext=.cd
Asserting (strict mode) type=D ext=.cd
Asserting (strict mode) type=A ext=.cd
Asserting (strict mode) type=AnyObject ext=.cd
Asserting (strict mode) type=C ext=.d
Asserting (strict mode) type=D ext=.d
Asserting (strict mode) type=A ext=.d
Asserting (strict mode) type=AnyObject ext=.d
Asserting (strict mode) type=C ext=.ab
Asserting (strict mode) type=B ext=.ab
Asserting (strict mode) type=D ext=.ab
Asserting (strict mode) type=A ext=.ab
Asserting (strict mode) type=AnyObject ext=.ab
Asserting (strict mode) type=C ext=.bc
Asserting (strict mode) type=B ext=.bc
Asserting (strict mode) type=D ext=.bc
Asserting (strict mode) type=A ext=.bc
Asserting (strict mode) type=B ext=&lt;multifile&gt;
Asserting (strict mode) type=C ext=&lt;multifile&gt;
Asserting (strict mode) type=D ext=&lt;multifile&gt;
Asserting (strict mode) type=A ext=&lt;multifile&gt;
Asserting (strict mode) type=AnyObject ext=&lt;multifile&gt;
Asserting (strict mode) type=C ext=.ac
Asserting (strict mode) type=B ext=.ac
Asserting (strict mode) type=D ext=.ac
Asserting (strict mode) type=A ext=.ac
Asserting (strict mode) type=AnyObject ext=.ac
Asserting (strict mode) type=C ext=.acd
Asserting (strict mode) type=B ext=.acd
Asserting (strict mode) type=D ext=.acd
Asserting (strict mode) type=A ext=.acd
Asserting (strict mode) type=AnyObject ext=.acd
Asserting (strict mode) type=C ext=.bd
Asserting (strict mode) type=B ext=.bd
Asserting (strict mode) type=D ext=.bd
Asserting (strict mode) type=A ext=.bd
Asserting (strict mode) type=AnyObject ext=.bd
Asserting (strict mode) type=C ext=.bcd
Asserting (strict mode) type=B ext=.bcd
Asserting (strict mode) type=D ext=.bcd
Asserting (strict mode) type=A ext=.bcd
Asserting (strict mode) type=AnyObject ext=.bcd
Asserting (strict mode) type=C ext=.c
Asserting (strict mode) type=B ext=.c
Asserting (strict mode) type=D ext=.c
Asserting (strict mode) type=A ext=.c
Asserting (strict mode) type=C ext=.abc
Asserting (strict mode) type=B ext=.abc
Asserting (strict mode) type=D ext=.abc
Asserting (strict mode) type=A ext=.abc
Asserting (strict mode) type=AnyObject ext=.abc
Asserting (strict mode) type=C ext=.b
Asserting (strict mode) type=B ext=.b
Asserting (strict mode) type=A ext=.b
Asserting (strict mode) type=C ext=.abd
Asserting (strict mode) type=B ext=.abd
Asserting (strict mode) type=D ext=.abd
Asserting (strict mode) type=A ext=.abd
Asserting (strict mode) type=AnyObject ext=.abd
Asserting (strict mode) type=C ext=.ab
Asserting (strict mode) type=B ext=.ab
Asserting (strict mode) type=D ext=.ab
Asserting (strict mode) type=A ext=.ab
Asserting (strict mode) type=AnyObject ext=.ab
Asserting (strict mode) type=C ext=.ad
Asserting (strict mode) type=B ext=.ad
Asserting (strict mode) type=D ext=.ad
Asserting (strict mode) type=A ext=.ad
Asserting (strict mode) type=AnyObject ext=.ad
Asserting (strict mode) type=C ext=.a
Asserting (strict mode) type=B ext=.a
Asserting (strict mode) type=D ext=.a
Asserting (strict mode) type=A ext=.a
Asserting (strict mode) type=AnyObject ext=.a
Asserting (strict mode) type=C ext=.cd
Asserting (strict mode) type=B ext=.cd
Asserting (strict mode) type=D ext=.cd
Asserting (strict mode) type=A ext=.cd
Asserting (strict mode) type=AnyObject ext=.cd
Asserting (strict mode) type=C ext=.d
Asserting (strict mode) type=D ext=.d
Asserting (strict mode) type=A ext=.d
Asserting (strict mode) type=AnyObject ext=.d
Asserting (strict mode) type=C ext=.abcd
Asserting (strict mode) type=B ext=.abcd
Asserting (strict mode) type=D ext=.abcd
Asserting (strict mode) type=A ext=.abcd
Asserting (strict mode) type=AnyObject ext=.abcd
Asserting (strict mode) type=C ext=.bc
Asserting (strict mode) type=B ext=.bc
Asserting (strict mode) type=D ext=.bc
Asserting (strict mode) type=A ext=.bc
Asserting (strict mode) type=B ext=&lt;multifile&gt;
Asserting (strict mode) type=C ext=&lt;multifile&gt;
Asserting (strict mode) type=D ext=&lt;multifile&gt;
Asserting (strict mode) type=A ext=&lt;multifile&gt;
Asserting (strict mode) type=AnyObject ext=&lt;multifile&gt;
Asserting (strict mode) type=C ext=.ac
Asserting (strict mode) type=B ext=.ac
Asserting (strict mode) type=D ext=.ac
Asserting (strict mode) type=A ext=.ac
Asserting (strict mode) type=AnyObject ext=.ac
Asserting (strict mode) type=C ext=.acd
Asserting (strict mode) type=B ext=.acd
Asserting (strict mode) type=D ext=.acd
Asserting (strict mode) type=A ext=.acd
Asserting (strict mode) type=AnyObject ext=.acd
Asserting (strict mode) type=C ext=.bd
Asserting (strict mode) type=B ext=.bd
Asserting (strict mode) type=D ext=.bd
Asserting (strict mode) type=A ext=.bd
Asserting (strict mode) type=AnyObject ext=.bd
Asserting (strict mode) type=C ext=.bcd
Asserting (strict mode) type=B ext=.bcd
Asserting (strict mode) type=D ext=.bcd
Asserting (strict mode) type=A ext=.bcd
Asserting (strict mode) type=AnyObject ext=.bcd
Asserting (strict mode) type=C ext=.c
Asserting (strict mode) type=B ext=.c
Asserting (strict mode) type=D ext=.c
Asserting (strict mode) type=A ext=.c
Asserting (strict mode) type=C ext=.abc
Asserting (strict mode) type=B ext=.abc
Asserting (strict mode) type=D ext=.abc
Asserting (strict mode) type=A ext=.abc
Asserting (strict mode) type=AnyObject ext=.abc
Asserting (strict mode) type=C ext=.b
Asserting (strict mode) type=B ext=.b
Asserting (strict mode) type=A ext=.b
Asserting (strict mode) type=C ext=.abd
Asserting (strict mode) type=B ext=.abd
Asserting (strict mode) type=D ext=.abd
Asserting (strict mode) type=A ext=.abd
Asserting (strict mode) type=AnyObject ext=.abd
Asserting (strict mode) type=C ext=.ab
Asserting (strict mode) type=B ext=.ab
Asserting (strict mode) type=D ext=.ab
Asserting (strict mode) type=A ext=.ab
Asserting (strict mode) type=AnyObject ext=.ab
Asserting (strict mode) type=C ext=.ad
Asserting (strict mode) type=B ext=.ad
Asserting (strict mode) type=D ext=.ad
Asserting (strict mode) type=A ext=.ad
Asserting (strict mode) type=AnyObject ext=.ad
Asserting (strict mode) type=C ext=.a
Asserting (strict mode) type=B ext=.a
Asserting (strict mode) type=D ext=.a
Asserting (strict mode) type=A ext=.a
Asserting (strict mode) type=AnyObject ext=.a
Asserting (strict mode) type=C ext=.cd
Asserting (strict mode) type=B ext=.cd
Asserting (strict mode) type=D ext=.cd
Asserting (strict mode) type=A ext=.cd
Asserting (strict mode) type=AnyObject ext=.cd
Asserting (strict mode) type=C ext=.d
Asserting (strict mode) type=D ext=.d
Asserting (strict mode) type=A ext=.d
Asserting (strict mode) type=AnyObject ext=.d
Asserting (strict mode) type=C ext=.abcd
Asserting (strict mode) type=B ext=.abcd
Asserting (strict mode) type=D ext=.abcd
Asserting (strict mode) type=A ext=.abcd
Asserting (strict mode) type=AnyObject ext=.abcd
Asserting (strict mode) type=C ext=.bc
Asserting (strict mode) type=B ext=.bc
Asserting (strict mode) type=D ext=.bc
Asserting (strict mode) type=A ext=.bc
Asserting (strict mode) type=C ext=&lt;multifile&gt;
Asserting (strict mode) type=B ext=&lt;multifile&gt;
Asserting (strict mode) type=D ext=&lt;multifile&gt;
Asserting (strict mode) type=A ext=&lt;multifile&gt;
Asserting (strict mode) type=AnyObject ext=&lt;multifile&gt;
Asserting (strict mode) type=C ext=.ac
Asserting (strict mode) type=B ext=.ac
Asserting (strict mode) type=D ext=.ac
Asserting (strict mode) type=A ext=.ac
Asserting (strict mode) type=AnyObject ext=.ac
Asserting (strict mode) type=B ext=.abcd
Asserting (strict mode) type=C ext=.abcd
Asserting (strict mode) type=D ext=.abcd
Asserting (strict mode) type=A ext=.abcd
Asserting (strict mode) type=AnyObject ext=.abcd
Asserting (strict mode) type=B ext=.acd
Asserting (strict mode) type=C ext=.acd
Asserting (strict mode) type=D ext=.acd
Asserting (strict mode) type=A ext=.acd
Asserting (strict mode) type=AnyObject ext=.acd
Asserting (strict mode) type=B ext=.bd
Asserting (strict mode) type=C ext=.bd
Asserting (strict mode) type=D ext=.bd
Asserting (strict mode) type=A ext=.bd
Asserting (strict mode) type=AnyObject ext=.bd
Asserting (strict mode) type=B ext=.bcd
Asserting (strict mode) type=C ext=.bcd
Asserting (strict mode) type=D ext=.bcd
Asserting (strict mode) type=A ext=.bcd
Asserting (strict mode) type=AnyObject ext=.bcd
Asserting (strict mode) type=C ext=.c
Asserting (strict mode) type=B ext=.c
Asserting (strict mode) type=D ext=.c
Asserting (strict mode) type=A ext=.c
Asserting (strict mode) type=C ext=.abc
Asserting (strict mode) type=B ext=.abc
Asserting (strict mode) type=D ext=.abc
Asserting (strict mode) type=A ext=.abc
Asserting (strict mode) type=AnyObject ext=.abc
Asserting (strict mode) type=C ext=.b
Asserting (strict mode) type=B ext=.b
Asserting (strict mode) type=A ext=.b
Asserting (strict mode) type=B ext=.ad
Asserting (strict mode) type=C ext=.ad
Asserting (strict mode) type=D ext=.ad
Asserting (strict mode) type=A ext=.ad
Asserting (strict mode) type=AnyObject ext=.ad
Asserting (strict mode) type=B ext=.abd
Asserting (strict mode) type=C ext=.abd
Asserting (strict mode) type=D ext=.abd
Asserting (strict mode) type=A ext=.abd
Asserting (strict mode) type=AnyObject ext=.abd
Asserting (strict mode) type=C ext=.a
Asserting (strict mode) type=B ext=.a
Asserting (strict mode) type=D ext=.a
Asserting (strict mode) type=A ext=.a
Asserting (strict mode) type=AnyObject ext=.a
Asserting (strict mode) type=B ext=.cd
Asserting (strict mode) type=C ext=.cd
Asserting (strict mode) type=D ext=.cd
Asserting (strict mode) type=A ext=.cd
Asserting (strict mode) type=AnyObject ext=.cd
Asserting (strict mode) type=C ext=.d
Asserting (strict mode) type=D ext=.d
Asserting (strict mode) type=A ext=.d
Asserting (strict mode) type=AnyObject ext=.d
Asserting (strict mode) type=C ext=.ab
Asserting (strict mode) type=B ext=.ab
Asserting (strict mode) type=D ext=.ab
Asserting (strict mode) type=A ext=.ab
Asserting (strict mode) type=AnyObject ext=.ab
Asserting (strict mode) type=C ext=.bc
Asserting (strict mode) type=B ext=.bc
Asserting (strict mode) type=D ext=.bc
Asserting (strict mode) type=A ext=.bc
Asserting (strict mode) type=C ext=&lt;multifile&gt;
Asserting (strict mode) type=B ext=&lt;multifile&gt;
Asserting (strict mode) type=D ext=&lt;multifile&gt;
Asserting (strict mode) type=A ext=&lt;multifile&gt;
Asserting (strict mode) type=AnyObject ext=&lt;multifile&gt;
Asserting (strict mode) type=C ext=.ac
Asserting (strict mode) type=B ext=.ac
Asserting (strict mode) type=D ext=.ac
Asserting (strict mode) type=A ext=.ac
Asserting (strict mode) type=AnyObject ext=.ac
Asserting (strict mode) type=B ext=.abcd
Asserting (strict mode) type=C ext=.abcd
Asserting (strict mode) type=D ext=.abcd
Asserting (strict mode) type=A ext=.abcd
Asserting (strict mode) type=AnyObject ext=.abcd
Asserting (strict mode) type=B ext=.acd
Asserting (strict mode) type=C ext=.acd
Asserting (strict mode) type=D ext=.acd
Asserting (strict mode) type=A ext=.acd
Asserting (strict mode) type=AnyObject ext=.acd
Asserting (strict mode) type=B ext=.bd
Asserting (strict mode) type=C ext=.bd
Asserting (strict mode) type=D ext=.bd
Asserting (strict mode) type=A ext=.bd
Asserting (strict mode) type=AnyObject ext=.bd
Asserting (strict mode) type=B ext=.bcd
Asserting (strict mode) type=C ext=.bcd
Asserting (strict mode) type=D ext=.bcd
Asserting (strict mode) type=A ext=.bcd
Asserting (strict mode) type=AnyObject ext=.bcd
Asserting (strict mode) type=C ext=.c
Asserting (strict mode) type=B ext=.c
Asserting (strict mode) type=D ext=.c
Asserting (strict mode) type=A ext=.c
Asserting (strict mode) type=C ext=.abc
Asserting (strict mode) type=B ext=.abc
Asserting (strict mode) type=D ext=.abc
Asserting (strict mode) type=A ext=.abc
Asserting (strict mode) type=AnyObject ext=.abc
Asserting (strict mode) type=C ext=.b
Asserting (strict mode) type=B ext=.b
Asserting (strict mode) type=A ext=.b
Asserting (strict mode) type=B ext=.ad
Asserting (strict mode) type=C ext=.ad
Asserting (strict mode) type=D ext=.ad
Asserting (strict mode) type=A ext=.ad
Asserting (strict mode) type=AnyObject ext=.ad
Asserting (strict mode) type=B ext=.abd
Asserting (strict mode) type=C ext=.abd
Asserting (strict mode) type=D ext=.abd
Asserting (strict mode) type=A ext=.abd
Asserting (strict mode) type=AnyObject ext=.abd
Asserting (strict mode) type=C ext=.a
Asserting (strict mode) type=B ext=.a
Asserting (strict mode) type=D ext=.a
Asserting (strict mode) type=A ext=.a
Asserting (strict mode) type=AnyObject ext=.a
Asserting (strict mode) type=B ext=.cd
Asserting (strict mode) type=C ext=.cd
Asserting (strict mode) type=D ext=.cd
Asserting (strict mode) type=A ext=.cd
Asserting (strict mode) type=AnyObject ext=.cd
Asserting (strict mode) type=C ext=.d
Asserting (strict mode) type=D ext=.d
Asserting (strict mode) type=A ext=.d
Asserting (strict mode) type=AnyObject ext=.d
Asserting (strict mode) type=C ext=.ab
Asserting (strict mode) type=B ext=.ab
Asserting (strict mode) type=D ext=.ab
Asserting (strict mode) type=A ext=.ab
Asserting (strict mode) type=AnyObject ext=.ab
Asserting (strict mode) type=C ext=.bc
Asserting (strict mode) type=B ext=.bc
Asserting (strict mode) type=D ext=.bc
Asserting (strict mode) type=A ext=.bc
Asserting (strict mode) type=B ext=&lt;multifile&gt;
Asserting (strict mode) type=C ext=&lt;multifile&gt;
Asserting (strict mode) type=D ext=&lt;multifile&gt;
Asserting (strict mode) type=A ext=&lt;multifile&gt;
Asserting (strict mode) type=AnyObject ext=&lt;multifile&gt;
Asserting (strict mode) type=C ext=.ac
Asserting (strict mode) type=B ext=.ac
Asserting (strict mode) type=D ext=.ac
Asserting (strict mode) type=A ext=.ac
Asserting (strict mode) type=AnyObject ext=.ac
Asserting (strict mode) type=B ext=.abcd
Asserting (strict mode) type=C ext=.abcd
Asserting (strict mode) type=D ext=.abcd
Asserting (strict mode) type=A ext=.abcd
Asserting (strict mode) type=AnyObject ext=.abcd
Asserting (strict mode) type=B ext=.acd
Asserting (strict mode) type=C ext=.acd
Asserting (strict mode) type=D ext=.acd
Asserting (strict mode) type=A ext=.acd
Asserting (strict mode) type=AnyObject ext=.acd
Asserting (strict mode) type=B ext=.bd
Asserting (strict mode) type=C ext=.bd
Asserting (strict mode) type=D ext=.bd
Asserting (strict mode) type=A ext=.bd
Asserting (strict mode) type=AnyObject ext=.bd
Asserting (strict mode) type=B ext=.bcd
Asserting (strict mode) type=C ext=.bcd
Asserting (strict mode) type=D ext=.bcd
Asserting (strict mode) type=A ext=.bcd
Asserting (strict mode) type=AnyObject ext=.bcd
Asserting (strict mode) type=C ext=.c
Asserting (strict mode) type=B ext=.c
Asserting (strict mode) type=D ext=.c
Asserting (strict mode) type=A ext=.c
Asserting (strict mode) type=B ext=.abc
Asserting (strict mode) type=C ext=.abc
Asserting (strict mode) type=D ext=.abc
Asserting (strict mode) type=A ext=.abc
Asserting (strict mode) type=AnyObject ext=.abc
Asserting (strict mode) type=C ext=.b
Asserting (strict mode) type=B ext=.b
Asserting (strict mode) type=A ext=.b
Asserting (strict mode) type=B ext=.ad
Asserting (strict mode) type=C ext=.ad
Asserting (strict mode) type=D ext=.ad
Asserting (strict mode) type=A ext=.ad
Asserting (strict mode) type=AnyObject ext=.ad
Asserting (strict mode) type=B ext=.abd
Asserting (strict mode) type=C ext=.abd
Asserting (strict mode) type=D ext=.abd
Asserting (strict mode) type=A ext=.abd
Asserting (strict mode) type=AnyObject ext=.abd
Asserting (strict mode) type=B ext=.a
Asserting (strict mode) type=C ext=.a
Asserting (strict mode) type=D ext=.a
Asserting (strict mode) type=A ext=.a
Asserting (strict mode) type=AnyObject ext=.a
Asserting (strict mode) type=B ext=.cd
Asserting (strict mode) type=C ext=.cd
Asserting (strict mode) type=D ext=.cd
Asserting (strict mode) type=A ext=.cd
Asserting (strict mode) type=AnyObject ext=.cd
Asserting (strict mode) type=C ext=.d
Asserting (strict mode) type=D ext=.d
Asserting (strict mode) type=A ext=.d
Asserting (strict mode) type=AnyObject ext=.d
Asserting (strict mode) type=B ext=.ab
Asserting (strict mode) type=C ext=.ab
Asserting (strict mode) type=D ext=.ab
Asserting (strict mode) type=A ext=.ab
Asserting (strict mode) type=AnyObject ext=.ab
Asserting (strict mode) type=C ext=.bc
Asserting (strict mode) type=B ext=.bc
Asserting (strict mode) type=D ext=.bc
Asserting (strict mode) type=A ext=.bc
Asserting (strict mode) type=B ext=&lt;multifile&gt;
Asserting (strict mode) type=C ext=&lt;multifile&gt;
Asserting (strict mode) type=D ext=&lt;multifile&gt;
Asserting (strict mode) type=A ext=&lt;multifile&gt;
Asserting (strict mode) type=AnyObject ext=&lt;multifile&gt;
Asserting (strict mode) type=B ext=.ac
Asserting (strict mode) type=C ext=.ac
Asserting (strict mode) type=D ext=.ac
Asserting (strict mode) type=A ext=.ac
Asserting (strict mode) type=AnyObject ext=.ac
Asserting (strict mode) type=C ext=.abcd
Asserting (strict mode) type=B ext=.abcd
Asserting (strict mode) type=D ext=.abcd
Asserting (strict mode) type=A ext=.abcd
Asserting (strict mode) type=AnyObject ext=.abcd
Asserting (strict mode) type=C ext=.acd
Asserting (strict mode) type=B ext=.acd
Asserting (strict mode) type=D ext=.acd
Asserting (strict mode) type=A ext=.acd
Asserting (strict mode) type=AnyObject ext=.acd
Asserting (strict mode) type=C ext=.bd
Asserting (strict mode) type=B ext=.bd
Asserting (strict mode) type=D ext=.bd
Asserting (strict mode) type=A ext=.bd
Asserting (strict mode) type=AnyObject ext=.bd
Asserting (strict mode) type=C ext=.bcd
Asserting (strict mode) type=B ext=.bcd
Asserting (strict mode) type=D ext=.bcd
Asserting (strict mode) type=A ext=.bcd
Asserting (strict mode) type=AnyObject ext=.bcd
Asserting (strict mode) type=C ext=.c
Asserting (strict mode) type=B ext=.c
Asserting (strict mode) type=D ext=.c
Asserting (strict mode) type=A ext=.c
Asserting (strict mode) type=C ext=.abc
Asserting (strict mode) type=B ext=.abc
Asserting (strict mode) type=D ext=.abc
Asserting (strict mode) type=A ext=.abc
Asserting (strict mode) type=AnyObject ext=.abc
Asserting (strict mode) type=C ext=.b
Asserting (strict mode) type=B ext=.b
Asserting (strict mode) type=A ext=.b
Asserting (strict mode) type=C ext=.ad
Asserting (strict mode) type=B ext=.ad
Asserting (strict mode) type=D ext=.ad
Asserting (strict mode) type=A ext=.ad
Asserting (strict mode) type=AnyObject ext=.ad
Asserting (strict mode) type=C ext=.abd
Asserting (strict mode) type=B ext=.abd
Asserting (strict mode) type=D ext=.abd
Asserting (strict mode) type=A ext=.abd
Asserting (strict mode) type=AnyObject ext=.abd
Asserting (strict mode) type=C ext=.a
Asserting (strict mode) type=B ext=.a
Asserting (strict mode) type=D ext=.a
Asserting (strict mode) type=A ext=.a
Asserting (strict mode) type=AnyObject ext=.a
Asserting (strict mode) type=C ext=.cd
Asserting (strict mode) type=B ext=.cd
Asserting (strict mode) type=D ext=.cd
Asserting (strict mode) type=A ext=.cd
Asserting (strict mode) type=AnyObject ext=.cd
Asserting (strict mode) type=C ext=.d
Asserting (strict mode) type=D ext=.d
Asserting (strict mode) type=A ext=.d
Asserting (strict mode) type=AnyObject ext=.d
Asserting (strict mode) type=C ext=.ab
Asserting (strict mode) type=B ext=.ab
Asserting (strict mode) type=D ext=.ab
Asserting (strict mode) type=A ext=.ab
Asserting (strict mode) type=AnyObject ext=.ab
Asserting (strict mode) type=C ext=.bc
Asserting (strict mode) type=B ext=.bc
Asserting (strict mode) type=D ext=.bc
Asserting (strict mode) type=A ext=.bc
Asserting (strict mode) type=C ext=&lt;multifile&gt;
Asserting (strict mode) type=B ext=&lt;multifile&gt;
Asserting (strict mode) type=D ext=&lt;multifile&gt;
Asserting (strict mode) type=A ext=&lt;multifile&gt;
Asserting (strict mode) type=AnyObject ext=&lt;multifile&gt;
Asserting (strict mode) type=C ext=.ac
Asserting (strict mode) type=B ext=.ac
Asserting (strict mode) type=D ext=.ac
Asserting (strict mode) type=A ext=.ac
Asserting (strict mode) type=AnyObject ext=.ac
Asserting (strict mode) type=C ext=.acd
Asserting (strict mode) type=B ext=.acd
Asserting (strict mode) type=D ext=.acd
Asserting (strict mode) type=A ext=.acd
Asserting (strict mode) type=AnyObject ext=.acd
Asserting (strict mode) type=C ext=.bd
Asserting (strict mode) type=B ext=.bd
Asserting (strict mode) type=D ext=.bd
Asserting (strict mode) type=A ext=.bd
Asserting (strict mode) type=AnyObject ext=.bd
Asserting (strict mode) type=C ext=.bcd
Asserting (strict mode) type=B ext=.bcd
Asserting (strict mode) type=D ext=.bcd
Asserting (strict mode) type=A ext=.bcd
Asserting (strict mode) type=AnyObject ext=.bcd
Asserting (strict mode) type=C ext=.c
Asserting (strict mode) type=B ext=.c
Asserting (strict mode) type=D ext=.c
Asserting (strict mode) type=A ext=.c
Asserting (strict mode) type=C ext=.abc
Asserting (strict mode) type=B ext=.abc
Asserting (strict mode) type=D ext=.abc
Asserting (strict mode) type=A ext=.abc
Asserting (strict mode) type=AnyObject ext=.abc
Asserting (strict mode) type=C ext=.b
Asserting (strict mode) type=B ext=.b
Asserting (strict mode) type=A ext=.b
Asserting (strict mode) type=C ext=.ad
Asserting (strict mode) type=B ext=.ad
Asserting (strict mode) type=D ext=.ad
Asserting (strict mode) type=A ext=.ad
Asserting (strict mode) type=AnyObject ext=.ad
Asserting (strict mode) type=C ext=.ab
Asserting (strict mode) type=B ext=.ab
Asserting (strict mode) type=D ext=.ab
Asserting (strict mode) type=A ext=.ab
Asserting (strict mode) type=AnyObject ext=.ab
Asserting (strict mode) type=C ext=.abd
Asserting (strict mode) type=B ext=.abd
Asserting (strict mode) type=D ext=.abd
Asserting (strict mode) type=A ext=.abd
Asserting (strict mode) type=AnyObject ext=.abd
Asserting (strict mode) type=C ext=.a
Asserting (strict mode) type=B ext=.a
Asserting (strict mode) type=D ext=.a
Asserting (strict mode) type=A ext=.a
Asserting (strict mode) type=AnyObject ext=.a
Asserting (strict mode) type=C ext=.cd
Asserting (strict mode) type=B ext=.cd
Asserting (strict mode) type=D ext=.cd
Asserting (strict mode) type=A ext=.cd
Asserting (strict mode) type=AnyObject ext=.cd
Asserting (strict mode) type=C ext=.d
Asserting (strict mode) type=D ext=.d
Asserting (strict mode) type=A ext=.d
Asserting (strict mode) type=AnyObject ext=.d
Asserting (strict mode) type=C ext=.abcd
Asserting (strict mode) type=B ext=.abcd
Asserting (strict mode) type=D ext=.abcd
Asserting (strict mode) type=A ext=.abcd
Asserting (strict mode) type=AnyObject ext=.abcd
Asserting (strict mode) type=C ext=.bc
Asserting (strict mode) type=B ext=.bc
Asserting (strict mode) type=D ext=.bc
Asserting (strict mode) type=A ext=.bc
Asserting (strict mode) type=C ext=&lt;multifile&gt;
Asserting (strict mode) type=B ext=&lt;multifile&gt;
Asserting (strict mode) type=D ext=&lt;multifile&gt;
Asserting (strict mode) type=A ext=&lt;multifile&gt;
Asserting (strict mode) type=AnyObject ext=&lt;multifile&gt;
Asserting (strict mode) type=C ext=.ac
Asserting (strict mode) type=B ext=.ac
Asserting (strict mode) type=D ext=.ac
Asserting (strict mode) type=A ext=.ac
Asserting (strict mode) type=AnyObject ext=.ac
</system-out></testcase><testcase classname="parsyfiles.tests.combining_parsers_converters.test_registries.TestParserRegistry" file="parsyfiles/tests/combining_parsers_converters/test_registries.py" line="304" name="test_c_capabilities_equal_query_nonstrict" time="0.6325571537017822"><system-out>.
.d
.c
.cd
.b
.bd
.bc
.bcd
.a
.ad
.ac
.acd
.ab
.abd
.abc
.abcd
Asserting (non-strict mode) type=D ext=.abcd
Asserting (non-strict mode) type=C ext=.abcd
Asserting (non-strict mode) type=B ext=.abcd
Asserting (non-strict mode) type=AnyObject ext=.abcd
Asserting (non-strict mode) type=A ext=.abcd
Asserting (non-strict mode) type=D ext=.acd
Asserting (non-strict mode) type=C ext=.acd
Asserting (non-strict mode) type=B ext=.acd
Asserting (non-strict mode) type=AnyObject ext=.acd
Asserting (non-strict mode) type=A ext=.acd
Asserting (non-strict mode) type=D ext=.bd
Asserting (non-strict mode) type=C ext=.bd
Asserting (non-strict mode) type=B ext=.bd
Asserting (non-strict mode) type=AnyObject ext=.bd
Asserting (non-strict mode) type=A ext=.bd
Asserting (non-strict mode) type=D ext=.bcd
Asserting (non-strict mode) type=C ext=.bcd
Asserting (non-strict mode) type=B ext=.bcd
Asserting (non-strict mode) type=AnyObject ext=.bcd
Asserting (non-strict mode) type=A ext=.bcd
Asserting (non-strict mode) type=D ext=.c
Asserting (non-strict mode) type=C ext=.c
Asserting (non-strict mode) type=B ext=.c
Asserting (non-strict mode) type=A ext=.c
Asserting (non-strict mode) type=D ext=.abc
Asserting (non-strict mode) type=C ext=.abc
Asserting (non-strict mode) type=B ext=.abc
Asserting (non-strict mode) type=AnyObject ext=.abc
Asserting (non-strict mode) type=A ext=.abc
Asserting (non-strict mode) type=C ext=.b
Asserting (non-strict mode) type=B ext=.b
Asserting (non-strict mode) type=A ext=.b
Asserting (non-strict mode) type=D ext=.ad
Asserting (non-strict mode) type=C ext=.ad
Asserting (non-strict mode) type=B ext=.ad
Asserting (non-strict mode) type=AnyObject ext=.ad
Asserting (non-strict mode) type=A ext=.ad
Asserting (non-strict mode) type=D ext=.abd
Asserting (non-strict mode) type=C ext=.abd
Asserting (non-strict mode) type=B ext=.abd
Asserting (non-strict mode) type=AnyObject ext=.abd
Asserting (non-strict mode) type=A ext=.abd
Asserting (non-strict mode) type=D ext=.a
Asserting (non-strict mode) type=C ext=.a
Asserting (non-strict mode) type=B ext=.a
Asserting (non-strict mode) type=AnyObject ext=.a
Asserting (non-strict mode) type=A ext=.a
Asserting (non-strict mode) type=D ext=.cd
Asserting (non-strict mode) type=C ext=.cd
Asserting (non-strict mode) type=B ext=.cd
Asserting (non-strict mode) type=AnyObject ext=.cd
Asserting (non-strict mode) type=A ext=.cd
Asserting (non-strict mode) type=D ext=.d
Asserting (non-strict mode) type=C ext=.d
Asserting (non-strict mode) type=AnyObject ext=.d
Asserting (non-strict mode) type=A ext=.d
Asserting (non-strict mode) type=D ext=.ab
Asserting (non-strict mode) type=C ext=.ab
Asserting (non-strict mode) type=B ext=.ab
Asserting (non-strict mode) type=AnyObject ext=.ab
Asserting (non-strict mode) type=A ext=.ab
Asserting (non-strict mode) type=D ext=.bc
Asserting (non-strict mode) type=C ext=.bc
Asserting (non-strict mode) type=B ext=.bc
Asserting (non-strict mode) type=A ext=.bc
Asserting (non-strict mode) type=D ext=&lt;multifile&gt;
Asserting (non-strict mode) type=C ext=&lt;multifile&gt;
Asserting (non-strict mode) type=B ext=&lt;multifile&gt;
Asserting (non-strict mode) type=AnyObject ext=&lt;multifile&gt;
Asserting (non-strict mode) type=A ext=&lt;multifile&gt;
Asserting (non-strict mode) type=D ext=.ac
Asserting (non-strict mode) type=C ext=.ac
Asserting (non-strict mode) type=B ext=.ac
Asserting (non-strict mode) type=AnyObject ext=.ac
Asserting (non-strict mode) type=A ext=.ac
Asserting (non-strict mode) type=D ext=.abcd
Asserting (non-strict mode) type=C ext=.abcd
Asserting (non-strict mode) type=B ext=.abcd
Asserting (non-strict mode) type=AnyObject ext=.abcd
Asserting (non-strict mode) type=A ext=.abcd
Asserting (non-strict mode) type=D ext=.acd
Asserting (non-strict mode) type=C ext=.acd
Asserting (non-strict mode) type=B ext=.acd
Asserting (non-strict mode) type=AnyObject ext=.acd
Asserting (non-strict mode) type=A ext=.acd
Asserting (non-strict mode) type=D ext=.bd
Asserting (non-strict mode) type=C ext=.bd
Asserting (non-strict mode) type=B ext=.bd
Asserting (non-strict mode) type=AnyObject ext=.bd
Asserting (non-strict mode) type=A ext=.bd
Asserting (non-strict mode) type=D ext=.bcd
Asserting (non-strict mode) type=C ext=.bcd
Asserting (non-strict mode) type=B ext=.bcd
Asserting (non-strict mode) type=AnyObject ext=.bcd
Asserting (non-strict mode) type=A ext=.bcd
Asserting (non-strict mode) type=D ext=.c
Asserting (non-strict mode) type=C ext=.c
Asserting (non-strict mode) type=B ext=.c
Asserting (non-strict mode) type=A ext=.c
Asserting (non-strict mode) type=D ext=.abc
Asserting (non-strict mode) type=C ext=.abc
Asserting (non-strict mode) type=B ext=.abc
Asserting (non-strict mode) type=AnyObject ext=.abc
Asserting (non-strict mode) type=A ext=.abc
Asserting (non-strict mode) type=C ext=.b
Asserting (non-strict mode) type=B ext=.b
Asserting (non-strict mode) type=A ext=.b
Asserting (non-strict mode) type=D ext=.ad
Asserting (non-strict mode) type=C ext=.ad
Asserting (non-strict mode) type=B ext=.ad
Asserting (non-strict mode) type=AnyObject ext=.ad
Asserting (non-strict mode) type=A ext=.ad
Asserting (non-strict mode) type=D ext=.abd
Asserting (non-strict mode) type=C ext=.abd
Asserting (non-strict mode) type=B ext=.abd
Asserting (non-strict mode) type=AnyObject ext=.abd
Asserting (non-strict mode) type=A ext=.abd
Asserting (non-strict mode) type=D ext=.a
Asserting (non-strict mode) type=C ext=.a
Asserting (non-strict mode) type=B ext=.a
Asserting (non-strict mode) type=AnyObject ext=.a
Asserting (non-strict mode) type=A ext=.a
Asserting (non-strict mode) type=D ext=.cd
Asserting (non-strict mode) type=C ext=.cd
Asserting (non-strict mode) type=B ext=.cd
Asserting (non-strict mode) type=AnyObject ext=.cd
Asserting (non-strict mode) type=A ext=.cd
Asserting (non-strict mode) type=D ext=.d
Asserting (non-strict mode) type=C ext=.d
Asserting (non-strict mode) type=AnyObject ext=.d
Asserting (non-strict mode) type=A ext=.d
Asserting (non-strict mode) type=D ext=.ab
Asserting (non-strict mode) type=C ext=.ab
Asserting (non-strict mode) type=B ext=.ab
Asserting (non-strict mode) type=AnyObject ext=.ab
Asserting (non-strict mode) type=A ext=.ab
Asserting (non-strict mode) type=D ext=.bc
Asserting (non-strict mode) type=C ext=.bc
Asserting (non-strict mode) type=B ext=.bc
Asserting (non-strict mode) type=A ext=.bc
Asserting (non-strict mode) type=D ext=&lt;multifile&gt;
Asserting (non-strict mode) type=C ext=&lt;multifile&gt;
Asserting (non-strict mode) type=B ext=&lt;multifile&gt;
Asserting (non-strict mode) type=AnyObject ext=&lt;multifile&gt;
Asserting (non-strict mode) type=A ext=&lt;multifile&gt;
Asserting (non-strict mode) type=D ext=.ac
Asserting (non-strict mode) type=C ext=.ac
Asserting (non-strict mode) type=B ext=.ac
Asserting (non-strict mode) type=AnyObject ext=.ac
Asserting (non-strict mode) type=A ext=.ac
Asserting (non-strict mode) type=D ext=.abcd
Asserting (non-strict mode) type=C ext=.abcd
Asserting (non-strict mode) type=B ext=.abcd
Asserting (non-strict mode) type=AnyObject ext=.abcd
Asserting (non-strict mode) type=A ext=.abcd
Asserting (non-strict mode) type=D ext=.acd
Asserting (non-strict mode) type=C ext=.acd
Asserting (non-strict mode) type=B ext=.acd
Asserting (non-strict mode) type=AnyObject ext=.acd
Asserting (non-strict mode) type=A ext=.acd
Asserting (non-strict mode) type=D ext=.bd
Asserting (non-strict mode) type=C ext=.bd
Asserting (non-strict mode) type=B ext=.bd
Asserting (non-strict mode) type=AnyObject ext=.bd
Asserting (non-strict mode) type=A ext=.bd
Asserting (non-strict mode) type=D ext=.bcd
Asserting (non-strict mode) type=C ext=.bcd
Asserting (non-strict mode) type=B ext=.bcd
Asserting (non-strict mode) type=AnyObject ext=.bcd
Asserting (non-strict mode) type=A ext=.bcd
Asserting (non-strict mode) type=D ext=.c
Asserting (non-strict mode) type=C ext=.c
Asserting (non-strict mode) type=B ext=.c
Asserting (non-strict mode) type=A ext=.c
Asserting (non-strict mode) type=D ext=.abc
Asserting (non-strict mode) type=C ext=.abc
Asserting (non-strict mode) type=B ext=.abc
Asserting (non-strict mode) type=AnyObject ext=.abc
Asserting (non-strict mode) type=A ext=.abc
Asserting (non-strict mode) type=C ext=.b
Asserting (non-strict mode) type=B ext=.b
Asserting (non-strict mode) type=A ext=.b
Asserting (non-strict mode) type=D ext=.ad
Asserting (non-strict mode) type=C ext=.ad
Asserting (non-strict mode) type=B ext=.ad
Asserting (non-strict mode) type=AnyObject ext=.ad
Asserting (non-strict mode) type=A ext=.ad
Asserting (non-strict mode) type=D ext=.abd
Asserting (non-strict mode) type=C ext=.abd
Asserting (non-strict mode) type=B ext=.abd
Asserting (non-strict mode) type=AnyObject ext=.abd
Asserting (non-strict mode) type=A ext=.abd
Asserting (non-strict mode) type=D ext=.a
Asserting (non-strict mode) type=C ext=.a
Asserting (non-strict mode) type=B ext=.a
Asserting (non-strict mode) type=AnyObject ext=.a
Asserting (non-strict mode) type=A ext=.a
Asserting (non-strict mode) type=D ext=.cd
Asserting (non-strict mode) type=C ext=.cd
Asserting (non-strict mode) type=B ext=.cd
Asserting (non-strict mode) type=AnyObject ext=.cd
Asserting (non-strict mode) type=A ext=.cd
Asserting (non-strict mode) type=D ext=.d
Asserting (non-strict mode) type=C ext=.d
Asserting (non-strict mode) type=AnyObject ext=.d
Asserting (non-strict mode) type=A ext=.d
Asserting (non-strict mode) type=D ext=.ab
Asserting (non-strict mode) type=C ext=.ab
Asserting (non-strict mode) type=B ext=.ab
Asserting (non-strict mode) type=AnyObject ext=.ab
Asserting (non-strict mode) type=A ext=.ab
Asserting (non-strict mode) type=D ext=.bc
Asserting (non-strict mode) type=C ext=.bc
Asserting (non-strict mode) type=B ext=.bc
Asserting (non-strict mode) type=A ext=.bc
Asserting (non-strict mode) type=D ext=&lt;multifile&gt;
Asserting (non-strict mode) type=C ext=&lt;multifile&gt;
Asserting (non-strict mode) type=B ext=&lt;multifile&gt;
Asserting (non-strict mode) type=AnyObject ext=&lt;multifile&gt;
Asserting (non-strict mode) type=A ext=&lt;multifile&gt;
Asserting (non-strict mode) type=D ext=.ac
Asserting (non-strict mode) type=C ext=.ac
Asserting (non-strict mode) type=B ext=.ac
Asserting (non-strict mode) type=AnyObject ext=.ac
Asserting (non-strict mode) type=A ext=.ac
Asserting (non-strict mode) type=D ext=.abcd
Asserting (non-strict mode) type=C ext=.abcd
Asserting (non-strict mode) type=B ext=.abcd
Asserting (non-strict mode) type=AnyObject ext=.abcd
Asserting (non-strict mode) type=A ext=.abcd
Asserting (non-strict mode) type=D ext=.acd
Asserting (non-strict mode) type=C ext=.acd
Asserting (non-strict mode) type=B ext=.acd
Asserting (non-strict mode) type=AnyObject ext=.acd
Asserting (non-strict mode) type=A ext=.acd
Asserting (non-strict mode) type=D ext=.bd
Asserting (non-strict mode) type=C ext=.bd
Asserting (non-strict mode) type=B ext=.bd
Asserting (non-strict mode) type=AnyObject ext=.bd
Asserting (non-strict mode) type=A ext=.bd
Asserting (non-strict mode) type=D ext=.bcd
Asserting (non-strict mode) type=C ext=.bcd
Asserting (non-strict mode) type=B ext=.bcd
Asserting (non-strict mode) type=AnyObject ext=.bcd
Asserting (non-strict mode) type=A ext=.bcd
Asserting (non-strict mode) type=D ext=.c
Asserting (non-strict mode) type=C ext=.c
Asserting (non-strict mode) type=B ext=.c
Asserting (non-strict mode) type=A ext=.c
Asserting (non-strict mode) type=D ext=.abc
Asserting (non-strict mode) type=C ext=.abc
Asserting (non-strict mode) type=B ext=.abc
Asserting (non-strict mode) type=AnyObject ext=.abc
Asserting (non-strict mode) type=A ext=.abc
Asserting (non-strict mode) type=C ext=.b
Asserting (non-strict mode) type=B ext=.b
Asserting (non-strict mode) type=A ext=.b
Asserting (non-strict mode) type=D ext=.ad
Asserting (non-strict mode) type=C ext=.ad
Asserting (non-strict mode) type=B ext=.ad
Asserting (non-strict mode) type=AnyObject ext=.ad
Asserting (non-strict mode) type=A ext=.ad
Asserting (non-strict mode) type=D ext=.abd
Asserting (non-strict mode) type=C ext=.abd
Asserting (non-strict mode) type=B ext=.abd
Asserting (non-strict mode) type=AnyObject ext=.abd
Asserting (non-strict mode) type=A ext=.abd
Asserting (non-strict mode) type=D ext=.a
Asserting (non-strict mode) type=C ext=.a
Asserting (non-strict mode) type=B ext=.a
Asserting (non-strict mode) type=AnyObject ext=.a
Asserting (non-strict mode) type=A ext=.a
Asserting (non-strict mode) type=D ext=.cd
Asserting (non-strict mode) type=C ext=.cd
Asserting (non-strict mode) type=B ext=.cd
Asserting (non-strict mode) type=AnyObject ext=.cd
Asserting (non-strict mode) type=A ext=.cd
Asserting (non-strict mode) type=D ext=.d
Asserting (non-strict mode) type=C ext=.d
Asserting (non-strict mode) type=AnyObject ext=.d
Asserting (non-strict mode) type=A ext=.d
Asserting (non-strict mode) type=D ext=.ab
Asserting (non-strict mode) type=C ext=.ab
Asserting (non-strict mode) type=B ext=.ab
Asserting (non-strict mode) type=AnyObject ext=.ab
Asserting (non-strict mode) type=A ext=.ab
Asserting (non-strict mode) type=D ext=.bc
Asserting (non-strict mode) type=C ext=.bc
Asserting (non-strict mode) type=B ext=.bc
Asserting (non-strict mode) type=A ext=.bc
Asserting (non-strict mode) type=D ext=&lt;multifile&gt;
Asserting (non-strict mode) type=C ext=&lt;multifile&gt;
Asserting (non-strict mode) type=B ext=&lt;multifile&gt;
Asserting (non-strict mode) type=AnyObject ext=&lt;multifile&gt;
Asserting (non-strict mode) type=A ext=&lt;multifile&gt;
Asserting (non-strict mode) type=D ext=.ac
Asserting (non-strict mode) type=C ext=.ac
Asserting (non-strict mode) type=B ext=.ac
Asserting (non-strict mode) type=AnyObject ext=.ac
Asserting (non-strict mode) type=A ext=.ac
Asserting (non-strict mode) type=D ext=.abcd
Asserting (non-strict mode) type=C ext=.abcd
Asserting (non-strict mode) type=B ext=.abcd
Asserting (non-strict mode) type=AnyObject ext=.abcd
Asserting (non-strict mode) type=A ext=.abcd
Asserting (non-strict mode) type=D ext=.acd
Asserting (non-strict mode) type=C ext=.acd
Asserting (non-strict mode) type=B ext=.acd
Asserting (non-strict mode) type=AnyObject ext=.acd
Asserting (non-strict mode) type=A ext=.acd
Asserting (non-strict mode) type=D ext=.bd
Asserting (non-strict mode) type=C ext=.bd
Asserting (non-strict mode) type=B ext=.bd
Asserting (non-strict mode) type=AnyObject ext=.bd
Asserting (non-strict mode) type=A ext=.bd
Asserting (non-strict mode) type=D ext=.bcd
Asserting (non-strict mode) type=C ext=.bcd
Asserting (non-strict mode) type=B ext=.bcd
Asserting (non-strict mode) type=AnyObject ext=.bcd
Asserting (non-strict mode) type=A ext=.bcd
Asserting (non-strict mode) type=D ext=.c
Asserting (non-strict mode) type=C ext=.c
Asserting (non-strict mode) type=B ext=.c
Asserting (non-strict mode) type=A ext=.c
Asserting (non-strict mode) type=D ext=.abc
Asserting (non-strict mode) type=C ext=.abc
Asserting (non-strict mode) type=B ext=.abc
Asserting (non-strict mode) type=AnyObject ext=.abc
Asserting (non-strict mode) type=A ext=.abc
Asserting (non-strict mode) type=C ext=.b
Asserting (non-strict mode) type=B ext=.b
Asserting (non-strict mode) type=A ext=.b
Asserting (non-strict mode) type=D ext=.ad
Asserting (non-strict mode) type=C ext=.ad
Asserting (non-strict mode) type=B ext=.ad
Asserting (non-strict mode) type=AnyObject ext=.ad
Asserting (non-strict mode) type=A ext=.ad
Asserting (non-strict mode) type=D ext=.abd
Asserting (non-strict mode) type=C ext=.abd
Asserting (non-strict mode) type=B ext=.abd
Asserting (non-strict mode) type=AnyObject ext=.abd
Asserting (non-strict mode) type=A ext=.abd
Asserting (non-strict mode) type=D ext=.a
Asserting (non-strict mode) type=C ext=.a
Asserting (non-strict mode) type=B ext=.a
Asserting (non-strict mode) type=AnyObject ext=.a
Asserting (non-strict mode) type=A ext=.a
Asserting (non-strict mode) type=D ext=.cd
Asserting (non-strict mode) type=C ext=.cd
Asserting (non-strict mode) type=B ext=.cd
Asserting (non-strict mode) type=AnyObject ext=.cd
Asserting (non-strict mode) type=A ext=.cd
Asserting (non-strict mode) type=D ext=.d
Asserting (non-strict mode) type=C ext=.d
Asserting (non-strict mode) type=AnyObject ext=.d
Asserting (non-strict mode) type=A ext=.d
Asserting (non-strict mode) type=D ext=.ab
Asserting (non-strict mode) type=C ext=.ab
Asserting (non-strict mode) type=B ext=.ab
Asserting (non-strict mode) type=AnyObject ext=.ab
Asserting (non-strict mode) type=A ext=.ab
Asserting (non-strict mode) type=D ext=.bc
Asserting (non-strict mode) type=C ext=.bc
Asserting (non-strict mode) type=B ext=.bc
Asserting (non-strict mode) type=A ext=.bc
Asserting (non-strict mode) type=D ext=&lt;multifile&gt;
Asserting (non-strict mode) type=C ext=&lt;multifile&gt;
Asserting (non-strict mode) type=B ext=&lt;multifile&gt;
Asserting (non-strict mode) type=AnyObject ext=&lt;multifile&gt;
Asserting (non-strict mode) type=A ext=&lt;multifile&gt;
Asserting (non-strict mode) type=D ext=.ac
Asserting (non-strict mode) type=C ext=.ac
Asserting (non-strict mode) type=B ext=.ac
Asserting (non-strict mode) type=AnyObject ext=.ac
Asserting (non-strict mode) type=A ext=.ac
Asserting (non-strict mode) type=D ext=.acd
Asserting (non-strict mode) type=C ext=.acd
Asserting (non-strict mode) type=B ext=.acd
Asserting (non-strict mode) type=AnyObject ext=.acd
Asserting (non-strict mode) type=A ext=.acd
Asserting (non-strict mode) type=D ext=.bd
Asserting (non-strict mode) type=C ext=.bd
Asserting (non-strict mode) type=B ext=.bd
Asserting (non-strict mode) type=AnyObject ext=.bd
Asserting (non-strict mode) type=A ext=.bd
Asserting (non-strict mode) type=D ext=.bcd
Asserting (non-strict mode) type=C ext=.bcd
Asserting (non-strict mode) type=B ext=.bcd
Asserting (non-strict mode) type=AnyObject ext=.bcd
Asserting (non-strict mode) type=A ext=.bcd
Asserting (non-strict mode) type=D ext=.c
Asserting (non-strict mode) type=C ext=.c
Asserting (non-strict mode) type=B ext=.c
Asserting (non-strict mode) type=A ext=.c
Asserting (non-strict mode) type=D ext=.abc
Asserting (non-strict mode) type=C ext=.abc
Asserting (non-strict mode) type=B ext=.abc
Asserting (non-strict mode) type=AnyObject ext=.abc
Asserting (non-strict mode) type=A ext=.abc
Asserting (non-strict mode) type=C ext=.b
Asserting (non-strict mode) type=B ext=.b
Asserting (non-strict mode) type=A ext=.b
Asserting (non-strict mode) type=D ext=.abd
Asserting (non-strict mode) type=C ext=.abd
Asserting (non-strict mode) type=B ext=.abd
Asserting (non-strict mode) type=AnyObject ext=.abd
Asserting (non-strict mode) type=A ext=.abd
Asserting (non-strict mode) type=D ext=.ab
Asserting (non-strict mode) type=C ext=.ab
Asserting (non-strict mode) type=B ext=.ab
Asserting (non-strict mode) type=AnyObject ext=.ab
Asserting (non-strict mode) type=A ext=.ab
Asserting (non-strict mode) type=D ext=.ad
Asserting (non-strict mode) type=C ext=.ad
Asserting (non-strict mode) type=B ext=.ad
Asserting (non-strict mode) type=AnyObject ext=.ad
Asserting (non-strict mode) type=A ext=.ad
Asserting (non-strict mode) type=D ext=.a
Asserting (non-strict mode) type=C ext=.a
Asserting (non-strict mode) type=B ext=.a
Asserting (non-strict mode) type=AnyObject ext=.a
Asserting (non-strict mode) type=A ext=.a
Asserting (non-strict mode) type=D ext=.cd
Asserting (non-strict mode) type=C ext=.cd
Asserting (non-strict mode) type=B ext=.cd
Asserting (non-strict mode) type=AnyObject ext=.cd
Asserting (non-strict mode) type=A ext=.cd
Asserting (non-strict mode) type=D ext=.d
Asserting (non-strict mode) type=C ext=.d
Asserting (non-strict mode) type=AnyObject ext=.d
Asserting (non-strict mode) type=A ext=.d
Asserting (non-strict mode) type=D ext=.abcd
Asserting (non-strict mode) type=C ext=.abcd
Asserting (non-strict mode) type=B ext=.abcd
Asserting (non-strict mode) type=AnyObject ext=.abcd
Asserting (non-strict mode) type=A ext=.abcd
Asserting (non-strict mode) type=D ext=.bc
Asserting (non-strict mode) type=C ext=.bc
Asserting (non-strict mode) type=B ext=.bc
Asserting (non-strict mode) type=A ext=.bc
Asserting (non-strict mode) type=D ext=&lt;multifile&gt;
Asserting (non-strict mode) type=C ext=&lt;multifile&gt;
Asserting (non-strict mode) type=B ext=&lt;multifile&gt;
Asserting (non-strict mode) type=AnyObject ext=&lt;multifile&gt;
Asserting (non-strict mode) type=A ext=&lt;multifile&gt;
Asserting (non-strict mode) type=D ext=.ac
Asserting (non-strict mode) type=C ext=.ac
Asserting (non-strict mode) type=B ext=.ac
Asserting (non-strict mode) type=AnyObject ext=.ac
Asserting (non-strict mode) type=A ext=.ac
Asserting (non-strict mode) type=D ext=.acd
Asserting (non-strict mode) type=C ext=.acd
Asserting (non-strict mode) type=B ext=.acd
Asserting (non-strict mode) type=AnyObject ext=.acd
Asserting (non-strict mode) type=A ext=.acd
Asserting (non-strict mode) type=D ext=.bd
Asserting (non-strict mode) type=C ext=.bd
Asserting (non-strict mode) type=B ext=.bd
Asserting (non-strict mode) type=AnyObject ext=.bd
Asserting (non-strict mode) type=A ext=.bd
Asserting (non-strict mode) type=D ext=.bcd
Asserting (non-strict mode) type=C ext=.bcd
Asserting (non-strict mode) type=B ext=.bcd
Asserting (non-strict mode) type=AnyObject ext=.bcd
Asserting (non-strict mode) type=A ext=.bcd
Asserting (non-strict mode) type=D ext=.c
Asserting (non-strict mode) type=C ext=.c
Asserting (non-strict mode) type=B ext=.c
Asserting (non-strict mode) type=A ext=.c
Asserting (non-strict mode) type=D ext=.abc
Asserting (non-strict mode) type=C ext=.abc
Asserting (non-strict mode) type=B ext=.abc
Asserting (non-strict mode) type=AnyObject ext=.abc
Asserting (non-strict mode) type=A ext=.abc
Asserting (non-strict mode) type=C ext=.b
Asserting (non-strict mode) type=B ext=.b
Asserting (non-strict mode) type=A ext=.b
Asserting (non-strict mode) type=D ext=.ad
Asserting (non-strict mode) type=C ext=.ad
Asserting (non-strict mode) type=B ext=.ad
Asserting (non-strict mode) type=AnyObject ext=.ad
Asserting (non-strict mode) type=A ext=.ad
Asserting (non-strict mode) type=D ext=.ab
Asserting (non-strict mode) type=C ext=.ab
Asserting (non-strict mode) type=B ext=.ab
Asserting (non-strict mode) type=AnyObject ext=.ab
Asserting (non-strict mode) type=A ext=.ab
Asserting (non-strict mode) type=D ext=.abd
Asserting (non-strict mode) type=C ext=.abd
Asserting (non-strict mode) type=B ext=.abd
Asserting (non-strict mode) type=AnyObject ext=.abd
Asserting (non-strict mode) type=A ext=.abd
Asserting (non-strict mode) type=D ext=.a
Asserting (non-strict mode) type=C ext=.a
Asserting (non-strict mode) type=B ext=.a
Asserting (non-strict mode) type=AnyObject ext=.a
Asserting (non-strict mode) type=A ext=.a
Asserting (non-strict mode) type=D ext=.cd
Asserting (non-strict mode) type=C ext=.cd
Asserting (non-strict mode) type=B ext=.cd
Asserting (non-strict mode) type=AnyObject ext=.cd
Asserting (non-strict mode) type=A ext=.cd
Asserting (non-strict mode) type=D ext=.d
Asserting (non-strict mode) type=C ext=.d
Asserting (non-strict mode) type=AnyObject ext=.d
Asserting (non-strict mode) type=A ext=.d
Asserting (non-strict mode) type=D ext=.abcd
Asserting (non-strict mode) type=C ext=.abcd
Asserting (non-strict mode) type=B ext=.abcd
Asserting (non-strict mode) type=AnyObject ext=.abcd
Asserting (non-strict mode) type=A ext=.abcd
Asserting (non-strict mode) type=D ext=.bc
Asserting (non-strict mode) type=C ext=.bc
Asserting (non-strict mode) type=B ext=.bc
Asserting (non-strict mode) type=A ext=.bc
Asserting (non-strict mode) type=D ext=&lt;multifile&gt;
Asserting (non-strict mode) type=C ext=&lt;multifile&gt;
Asserting (non-strict mode) type=B ext=&lt;multifile&gt;
Asserting (non-strict mode) type=AnyObject ext=&lt;multifile&gt;
Asserting (non-strict mode) type=A ext=&lt;multifile&gt;
Asserting (non-strict mode) type=D ext=.ac
Asserting (non-strict mode) type=C ext=.ac
Asserting (non-strict mode) type=B ext=.ac
Asserting (non-strict mode) type=AnyObject ext=.ac
Asserting (non-strict mode) type=A ext=.ac
Asserting (non-strict mode) type=D ext=.abcd
Asserting (non-strict mode) type=C ext=.abcd
Asserting (non-strict mode) type=B ext=.abcd
Asserting (non-strict mode) type=AnyObject ext=.abcd
Asserting (non-strict mode) type=A ext=.abcd
Asserting (non-strict mode) type=D ext=.acd
Asserting (non-strict mode) type=C ext=.acd
Asserting (non-strict mode) type=B ext=.acd
Asserting (non-strict mode) type=AnyObject ext=.acd
Asserting (non-strict mode) type=A ext=.acd
Asserting (non-strict mode) type=D ext=.bd
Asserting (non-strict mode) type=C ext=.bd
Asserting (non-strict mode) type=B ext=.bd
Asserting (non-strict mode) type=AnyObject ext=.bd
Asserting (non-strict mode) type=A ext=.bd
Asserting (non-strict mode) type=D ext=.bcd
Asserting (non-strict mode) type=C ext=.bcd
Asserting (non-strict mode) type=B ext=.bcd
Asserting (non-strict mode) type=AnyObject ext=.bcd
Asserting (non-strict mode) type=A ext=.bcd
Asserting (non-strict mode) type=D ext=.c
Asserting (non-strict mode) type=C ext=.c
Asserting (non-strict mode) type=B ext=.c
Asserting (non-strict mode) type=A ext=.c
Asserting (non-strict mode) type=D ext=.abc
Asserting (non-strict mode) type=C ext=.abc
Asserting (non-strict mode) type=B ext=.abc
Asserting (non-strict mode) type=AnyObject ext=.abc
Asserting (non-strict mode) type=A ext=.abc
Asserting (non-strict mode) type=C ext=.b
Asserting (non-strict mode) type=B ext=.b
Asserting (non-strict mode) type=A ext=.b
Asserting (non-strict mode) type=D ext=.ad
Asserting (non-strict mode) type=C ext=.ad
Asserting (non-strict mode) type=B ext=.ad
Asserting (non-strict mode) type=AnyObject ext=.ad
Asserting (non-strict mode) type=A ext=.ad
Asserting (non-strict mode) type=D ext=.abd
Asserting (non-strict mode) type=C ext=.abd
Asserting (non-strict mode) type=B ext=.abd
Asserting (non-strict mode) type=AnyObject ext=.abd
Asserting (non-strict mode) type=A ext=.abd
Asserting (non-strict mode) type=D ext=.a
Asserting (non-strict mode) type=C ext=.a
Asserting (non-strict mode) type=B ext=.a
Asserting (non-strict mode) type=AnyObject ext=.a
Asserting (non-strict mode) type=A ext=.a
Asserting (non-strict mode) type=D ext=.cd
Asserting (non-strict mode) type=C ext=.cd
Asserting (non-strict mode) type=B ext=.cd
Asserting (non-strict mode) type=AnyObject ext=.cd
Asserting (non-strict mode) type=A ext=.cd
Asserting (non-strict mode) type=D ext=.d
Asserting (non-strict mode) type=C ext=.d
Asserting (non-strict mode) type=AnyObject ext=.d
Asserting (non-strict mode) type=A ext=.d
Asserting (non-strict mode) type=D ext=.ab
Asserting (non-strict mode) type=C ext=.ab
Asserting (non-strict mode) type=B ext=.ab
Asserting (non-strict mode) type=AnyObject ext=.ab
Asserting (non-strict mode) type=A ext=.ab
Asserting (non-strict mode) type=D ext=.bc
Asserting (non-strict mode) type=C ext=.bc
Asserting (non-strict mode) type=B ext=.bc
Asserting (non-strict mode) type=A ext=.bc
Asserting (non-strict mode) type=D ext=&lt;multifile&gt;
Asserting (non-strict mode) type=C ext=&lt;multifile&gt;
Asserting (non-strict mode) type=B ext=&lt;multifile&gt;
Asserting (non-strict mode) type=AnyObject ext=&lt;multifile&gt;
Asserting (non-strict mode) type=A ext=&lt;multifile&gt;
Asserting (non-strict mode) type=D ext=.ac
Asserting (non-strict mode) type=C ext=.ac
Asserting (non-strict mode) type=B ext=.ac
Asserting (non-strict mode) type=AnyObject ext=.ac
Asserting (non-strict mode) type=A ext=.ac
Asserting (non-strict mode) type=D ext=.abcd
Asserting (non-strict mode) type=C ext=.abcd
Asserting (non-strict mode) type=B ext=.abcd
Asserting (non-strict mode) type=AnyObject ext=.abcd
Asserting (non-strict mode) type=A ext=.abcd
Asserting (non-strict mode) type=D ext=.acd
Asserting (non-strict mode) type=C ext=.acd
Asserting (non-strict mode) type=B ext=.acd
Asserting (non-strict mode) type=AnyObject ext=.acd
Asserting (non-strict mode) type=A ext=.acd
Asserting (non-strict mode) type=D ext=.bd
Asserting (non-strict mode) type=C ext=.bd
Asserting (non-strict mode) type=B ext=.bd
Asserting (non-strict mode) type=AnyObject ext=.bd
Asserting (non-strict mode) type=A ext=.bd
Asserting (non-strict mode) type=D ext=.bcd
Asserting (non-strict mode) type=C ext=.bcd
Asserting (non-strict mode) type=B ext=.bcd
Asserting (non-strict mode) type=AnyObject ext=.bcd
Asserting (non-strict mode) type=A ext=.bcd
Asserting (non-strict mode) type=D ext=.c
Asserting (non-strict mode) type=C ext=.c
Asserting (non-strict mode) type=B ext=.c
Asserting (non-strict mode) type=A ext=.c
Asserting (non-strict mode) type=D ext=.abc
Asserting (non-strict mode) type=C ext=.abc
Asserting (non-strict mode) type=B ext=.abc
Asserting (non-strict mode) type=AnyObject ext=.abc
Asserting (non-strict mode) type=A ext=.abc
Asserting (non-strict mode) type=C ext=.b
Asserting (non-strict mode) type=B ext=.b
Asserting (non-strict mode) type=A ext=.b
Asserting (non-strict mode) type=D ext=.ad
Asserting (non-strict mode) type=C ext=.ad
Asserting (non-strict mode) type=B ext=.ad
Asserting (non-strict mode) type=AnyObject ext=.ad
Asserting (non-strict mode) type=A ext=.ad
Asserting (non-strict mode) type=D ext=.abd
Asserting (non-strict mode) type=C ext=.abd
Asserting (non-strict mode) type=B ext=.abd
Asserting (non-strict mode) type=AnyObject ext=.abd
Asserting (non-strict mode) type=A ext=.abd
Asserting (non-strict mode) type=D ext=.a
Asserting (non-strict mode) type=C ext=.a
Asserting (non-strict mode) type=B ext=.a
Asserting (non-strict mode) type=AnyObject ext=.a
Asserting (non-strict mode) type=A ext=.a
Asserting (non-strict mode) type=D ext=.cd
Asserting (non-strict mode) type=C ext=.cd
Asserting (non-strict mode) type=B ext=.cd
Asserting (non-strict mode) type=AnyObject ext=.cd
Asserting (non-strict mode) type=A ext=.cd
Asserting (non-strict mode) type=D ext=.d
Asserting (non-strict mode) type=C ext=.d
Asserting (non-strict mode) type=AnyObject ext=.d
Asserting (non-strict mode) type=A ext=.d
Asserting (non-strict mode) type=D ext=.ab
Asserting (non-strict mode) type=C ext=.ab
Asserting (non-strict mode) type=B ext=.ab
Asserting (non-strict mode) type=AnyObject ext=.ab
Asserting (non-strict mode) type=A ext=.ab
Asserting (non-strict mode) type=D ext=.bc
Asserting (non-strict mode) type=C ext=.bc
Asserting (non-strict mode) type=B ext=.bc
Asserting (non-strict mode) type=A ext=.bc
Asserting (non-strict mode) type=D ext=&lt;multifile&gt;
Asserting (non-strict mode) type=C ext=&lt;multifile&gt;
Asserting (non-strict mode) type=B ext=&lt;multifile&gt;
Asserting (non-strict mode) type=AnyObject ext=&lt;multifile&gt;
Asserting (non-strict mode) type=A ext=&lt;multifile&gt;
Asserting (non-strict mode) type=D ext=.ac
Asserting (non-strict mode) type=C ext=.ac
Asserting (non-strict mode) type=B ext=.ac
Asserting (non-strict mode) type=AnyObject ext=.ac
Asserting (non-strict mode) type=A ext=.ac
</system-out></testcase><testcase classname="parsyfiles.tests.combining_parsers_converters.test_registries.TestParserRegistry" file="parsyfiles/tests/combining_parsers_converters/test_registries.py" line="356" name="test_d_correct_parsers_in_order_strict" time="0.27111268043518066"><system-out>.
.d
.c
.cd
.b
.bd
.bc
.bcd
.a
.ad
.ac
.acd
.ab
.abd
.abc
.abcd
Checking list of parsers returned for (strict mode) type=A ext=.acd
First generic
Then specific strict
Checking list of parsers returned for (strict mode) type=A ext=.bd
First generic
Then specific strict
Checking list of parsers returned for (strict mode) type=A ext=.bcd
First generic
Then specific strict
Checking list of parsers returned for (strict mode) type=A ext=.c
First generic
Then specific strict
Checking list of parsers returned for (strict mode) type=A ext=.abc
First generic
Then specific strict
Checking list of parsers returned for (strict mode) type=A ext=.b
First generic
Then specific strict
Checking list of parsers returned for (strict mode) type=A ext=.ad
First generic
Then specific strict
Checking list of parsers returned for (strict mode) type=A ext=.abd
First generic
Then specific strict
Checking list of parsers returned for (strict mode) type=A ext=.a
First generic
Then specific strict
Checking list of parsers returned for (strict mode) type=A ext=.cd
First generic
Then specific strict
Checking list of parsers returned for (strict mode) type=A ext=.d
First generic
Then specific strict
Checking list of parsers returned for (strict mode) type=A ext=.ab
First generic
Then specific strict
Checking list of parsers returned for (strict mode) type=A ext=.abcd
First generic
Then specific strict
Checking list of parsers returned for (strict mode) type=A ext=.bc
First generic
Then specific strict
Checking list of parsers returned for (strict mode) type=A ext=&lt;multifile&gt;
First generic
Then specific strict
Checking list of parsers returned for (strict mode) type=A ext=.ac
First generic
Then specific strict
Checking list of parsers returned for (strict mode) type=B ext=.acd
First generic
Then specific strict
Checking list of parsers returned for (strict mode) type=B ext=.bd
First generic
Then specific strict
Checking list of parsers returned for (strict mode) type=B ext=.bcd
First generic
Then specific strict
Checking list of parsers returned for (strict mode) type=B ext=.c
First generic
Then specific strict
Checking list of parsers returned for (strict mode) type=B ext=.abc
First generic
Then specific strict
Checking list of parsers returned for (strict mode) type=B ext=.b
First generic
Then specific strict
Checking list of parsers returned for (strict mode) type=B ext=.ad
First generic
Then specific strict
Checking list of parsers returned for (strict mode) type=B ext=.abd
First generic
Then specific strict
Checking list of parsers returned for (strict mode) type=B ext=.a
First generic
Then specific strict
Checking list of parsers returned for (strict mode) type=B ext=.cd
First generic
Then specific strict
Checking list of parsers returned for (strict mode) type=B ext=.d
First generic
Then specific strict
Checking list of parsers returned for (strict mode) type=B ext=.ab
First generic
Then specific strict
Checking list of parsers returned for (strict mode) type=B ext=.abcd
First generic
Then specific strict
Checking list of parsers returned for (strict mode) type=B ext=.bc
First generic
Then specific strict
Checking list of parsers returned for (strict mode) type=B ext=&lt;multifile&gt;
First generic
Then specific strict
Checking list of parsers returned for (strict mode) type=B ext=.ac
First generic
Then specific strict
Checking list of parsers returned for (strict mode) type=C ext=.acd
First generic
Then specific strict
Checking list of parsers returned for (strict mode) type=C ext=.bd
First generic
Then specific strict
Checking list of parsers returned for (strict mode) type=C ext=.bcd
First generic
Then specific strict
Checking list of parsers returned for (strict mode) type=C ext=.c
First generic
Then specific strict
Checking list of parsers returned for (strict mode) type=C ext=.abc
First generic
Then specific strict
Checking list of parsers returned for (strict mode) type=C ext=.b
First generic
Then specific strict
Checking list of parsers returned for (strict mode) type=C ext=.ad
First generic
Then specific strict
Checking list of parsers returned for (strict mode) type=C ext=.abd
First generic
Then specific strict
Checking list of parsers returned for (strict mode) type=C ext=.a
First generic
Then specific strict
Checking list of parsers returned for (strict mode) type=C ext=.cd
First generic
Then specific strict
Checking list of parsers returned for (strict mode) type=C ext=.d
First generic
Then specific strict
Checking list of parsers returned for (strict mode) type=C ext=.ab
First generic
Then specific strict
Checking list of parsers returned for (strict mode) type=C ext=.abcd
First generic
Then specific strict
Checking list of parsers returned for (strict mode) type=C ext=.bc
First generic
Then specific strict
Checking list of parsers returned for (strict mode) type=C ext=&lt;multifile&gt;
First generic
Then specific strict
Checking list of parsers returned for (strict mode) type=C ext=.ac
First generic
Then specific strict
Checking list of parsers returned for (strict mode) type=D ext=.acd
First generic
Then specific strict
Checking list of parsers returned for (strict mode) type=D ext=.bd
First generic
Then specific strict
Checking list of parsers returned for (strict mode) type=D ext=.bcd
First generic
Then specific strict
Checking list of parsers returned for (strict mode) type=D ext=.c
First generic
Then specific strict
Checking list of parsers returned for (strict mode) type=D ext=.abc
First generic
Then specific strict
Checking list of parsers returned for (strict mode) type=D ext=.b
First generic
Then specific strict
Checking list of parsers returned for (strict mode) type=D ext=.ad
First generic
Then specific strict
Checking list of parsers returned for (strict mode) type=D ext=.abd
First generic
Then specific strict
Checking list of parsers returned for (strict mode) type=D ext=.a
First generic
Then specific strict
Checking list of parsers returned for (strict mode) type=D ext=.cd
First generic
Then specific strict
Checking list of parsers returned for (strict mode) type=D ext=.d
First generic
Then specific strict
Checking list of parsers returned for (strict mode) type=D ext=.ab
First generic
Then specific strict
Checking list of parsers returned for (strict mode) type=D ext=.abcd
First generic
Then specific strict
Checking list of parsers returned for (strict mode) type=D ext=.bc
First generic
Then specific strict
Checking list of parsers returned for (strict mode) type=D ext=&lt;multifile&gt;
First generic
Then specific strict
Checking list of parsers returned for (strict mode) type=D ext=.ac
First generic
Then specific strict
Checking list of parsers returned for (strict mode) type=A ext=.acd
First generic
Then specific strict
Checking list of parsers returned for (strict mode) type=A ext=.bd
First generic
Then specific strict
Checking list of parsers returned for (strict mode) type=A ext=.bcd
First generic
Then specific strict
Checking list of parsers returned for (strict mode) type=A ext=.c
First generic
Then specific strict
Checking list of parsers returned for (strict mode) type=A ext=.abc
First generic
Then specific strict
Checking list of parsers returned for (strict mode) type=A ext=.b
First generic
Then specific strict
Checking list of parsers returned for (strict mode) type=A ext=.ad
First generic
Then specific strict
Checking list of parsers returned for (strict mode) type=A ext=.abd
First generic
Then specific strict
Checking list of parsers returned for (strict mode) type=A ext=.a
First generic
Then specific strict
Checking list of parsers returned for (strict mode) type=A ext=.cd
First generic
Then specific strict
Checking list of parsers returned for (strict mode) type=A ext=.d
First generic
Then specific strict
Checking list of parsers returned for (strict mode) type=A ext=.ab
First generic
Then specific strict
Checking list of parsers returned for (strict mode) type=A ext=.abcd
First generic
Then specific strict
Checking list of parsers returned for (strict mode) type=A ext=.bc
First generic
Then specific strict
Checking list of parsers returned for (strict mode) type=A ext=&lt;multifile&gt;
First generic
Then specific strict
Checking list of parsers returned for (strict mode) type=A ext=.ac
First generic
Then specific strict
Checking list of parsers returned for (strict mode) type=B ext=.acd
First generic
Then specific strict
Checking list of parsers returned for (strict mode) type=B ext=.bd
First generic
Then specific strict
Checking list of parsers returned for (strict mode) type=B ext=.bcd
First generic
Then specific strict
Checking list of parsers returned for (strict mode) type=B ext=.c
First generic
Then specific strict
Checking list of parsers returned for (strict mode) type=B ext=.abc
First generic
Then specific strict
Checking list of parsers returned for (strict mode) type=B ext=.b
First generic
Then specific strict
Checking list of parsers returned for (strict mode) type=B ext=.ad
First generic
Then specific strict
Checking list of parsers returned for (strict mode) type=B ext=.abd
First generic
Then specific strict
Checking list of parsers returned for (strict mode) type=B ext=.a
First generic
Then specific strict
Checking list of parsers returned for (strict mode) type=B ext=.cd
First generic
Then specific strict
Checking list of parsers returned for (strict mode) type=B ext=.d
First generic
Then specific strict
Checking list of parsers returned for (strict mode) type=B ext=.ab
First generic
Then specific strict
Checking list of parsers returned for (strict mode) type=B ext=.abcd
First generic
Then specific strict
Checking list of parsers returned for (strict mode) type=B ext=.bc
First generic
Then specific strict
Checking list of parsers returned for (strict mode) type=B ext=&lt;multifile&gt;
First generic
Then specific strict
Checking list of parsers returned for (strict mode) type=B ext=.ac
First generic
Then specific strict
Checking list of parsers returned for (strict mode) type=C ext=.acd
First generic
Then specific strict
Checking list of parsers returned for (strict mode) type=C ext=.bd
First generic
Then specific strict
Checking list of parsers returned for (strict mode) type=C ext=.bcd
First generic
Then specific strict
Checking list of parsers returned for (strict mode) type=C ext=.c
First generic
Then specific strict
Checking list of parsers returned for (strict mode) type=C ext=.abc
First generic
Then specific strict
Checking list of parsers returned for (strict mode) type=C ext=.b
First generic
Then specific strict
Checking list of parsers returned for (strict mode) type=C ext=.ad
First generic
Then specific strict
Checking list of parsers returned for (strict mode) type=C ext=.abd
First generic
Then specific strict
Checking list of parsers returned for (strict mode) type=C ext=.a
First generic
Then specific strict
Checking list of parsers returned for (strict mode) type=C ext=.cd
First generic
Then specific strict
Checking list of parsers returned for (strict mode) type=C ext=.d
First generic
Then specific strict
Checking list of parsers returned for (strict mode) type=C ext=.ab
First generic
Then specific strict
Checking list of parsers returned for (strict mode) type=C ext=.abcd
First generic
Then specific strict
Checking list of parsers returned for (strict mode) type=C ext=.bc
First generic
Then specific strict
Checking list of parsers returned for (strict mode) type=C ext=&lt;multifile&gt;
First generic
Then specific strict
Checking list of parsers returned for (strict mode) type=C ext=.ac
First generic
Then specific strict
Checking list of parsers returned for (strict mode) type=D ext=.acd
First generic
Then specific strict
Checking list of parsers returned for (strict mode) type=D ext=.bd
First generic
Then specific strict
Checking list of parsers returned for (strict mode) type=D ext=.bcd
First generic
Then specific strict
Checking list of parsers returned for (strict mode) type=D ext=.c
First generic
Then specific strict
Checking list of parsers returned for (strict mode) type=D ext=.abc
First generic
Then specific strict
Checking list of parsers returned for (strict mode) type=D ext=.b
First generic
Then specific strict
Checking list of parsers returned for (strict mode) type=D ext=.ad
First generic
Then specific strict
Checking list of parsers returned for (strict mode) type=D ext=.abd
First generic
Then specific strict
Checking list of parsers returned for (strict mode) type=D ext=.a
First generic
Then specific strict
Checking list of parsers returned for (strict mode) type=D ext=.cd
First generic
Then specific strict
Checking list of parsers returned for (strict mode) type=D ext=.d
First generic
Then specific strict
Checking list of parsers returned for (strict mode) type=D ext=.ab
First generic
Then specific strict
Checking list of parsers returned for (strict mode) type=D ext=.abcd
First generic
Then specific strict
Checking list of parsers returned for (strict mode) type=D ext=.bc
First generic
Then specific strict
Checking list of parsers returned for (strict mode) type=D ext=&lt;multifile&gt;
First generic
Then specific strict
Checking list of parsers returned for (strict mode) type=D ext=.ac
First generic
Then specific strict
Checking list of parsers returned for (strict mode) type=A ext=.acd
First generic
Then specific strict
Checking list of parsers returned for (strict mode) type=A ext=.bd
First generic
Then specific strict
Checking list of parsers returned for (strict mode) type=A ext=.bcd
First generic
Then specific strict
Checking list of parsers returned for (strict mode) type=A ext=.c
First generic
Then specific strict
Checking list of parsers returned for (strict mode) type=A ext=.abc
First generic
Then specific strict
Checking list of parsers returned for (strict mode) type=A ext=.b
First generic
Then specific strict
Checking list of parsers returned for (strict mode) type=A ext=.ad
First generic
Then specific strict
Checking list of parsers returned for (strict mode) type=A ext=.abd
First generic
Then specific strict
Checking list of parsers returned for (strict mode) type=A ext=.a
First generic
Then specific strict
Checking list of parsers returned for (strict mode) type=A ext=.cd
First generic
Then specific strict
Checking list of parsers returned for (strict mode) type=A ext=.d
First generic
Then specific strict
Checking list of parsers returned for (strict mode) type=A ext=.ab
First generic
Then specific strict
Checking list of parsers returned for (strict mode) type=A ext=.abcd
First generic
Then specific strict
Checking list of parsers returned for (strict mode) type=A ext=.bc
First generic
Then specific strict
Checking list of parsers returned for (strict mode) type=A ext=&lt;multifile&gt;
First generic
Then specific strict
Checking list of parsers returned for (strict mode) type=A ext=.ac
First generic
Then specific strict
Checking list of parsers returned for (strict mode) type=B ext=.acd
First generic
Then specific strict
Checking list of parsers returned for (strict mode) type=B ext=.bd
First generic
Then specific strict
Checking list of parsers returned for (strict mode) type=B ext=.bcd
First generic
Then specific strict
Checking list of parsers returned for (strict mode) type=B ext=.c
First generic
Then specific strict
Checking list of parsers returned for (strict mode) type=B ext=.abc
First generic
Then specific strict
Checking list of parsers returned for (strict mode) type=B ext=.b
First generic
Then specific strict
Checking list of parsers returned for (strict mode) type=B ext=.ad
First generic
Then specific strict
Checking list of parsers returned for (strict mode) type=B ext=.abd
First generic
Then specific strict
Checking list of parsers returned for (strict mode) type=B ext=.a
First generic
Then specific strict
Checking list of parsers returned for (strict mode) type=B ext=.cd
First generic
Then specific strict
Checking list of parsers returned for (strict mode) type=B ext=.d
First generic
Then specific strict
Checking list of parsers returned for (strict mode) type=B ext=.ab
First generic
Then specific strict
Checking list of parsers returned for (strict mode) type=B ext=.abcd
First generic
Then specific strict
Checking list of parsers returned for (strict mode) type=B ext=.bc
First generic
Then specific strict
Checking list of parsers returned for (strict mode) type=B ext=&lt;multifile&gt;
First generic
Then specific strict
Checking list of parsers returned for (strict mode) type=B ext=.ac
First generic
Then specific strict
Checking list of parsers returned for (strict mode) type=C ext=.acd
First generic
Then specific strict
Checking list of parsers returned for (strict mode) type=C ext=.bd
First generic
Then specific strict
Checking list of parsers returned for (strict mode) type=C ext=.bcd
First generic
Then specific strict
Checking list of parsers returned for (strict mode) type=C ext=.c
First generic
Then specific strict
Checking list of parsers returned for (strict mode) type=C ext=.abc
First generic
Then specific strict
Checking list of parsers returned for (strict mode) type=C ext=.b
First generic
Then specific strict
Checking list of parsers returned for (strict mode) type=C ext=.ad
First generic
Then specific strict
Checking list of parsers returned for (strict mode) type=C ext=.abd
First generic
Then specific strict
Checking list of parsers returned for (strict mode) type=C ext=.a
First generic
Then specific strict
Checking list of parsers returned for (strict mode) type=C ext=.cd
First generic
Then specific strict
Checking list of parsers returned for (strict mode) type=C ext=.d
First generic
Then specific strict
Checking list of parsers returned for (strict mode) type=C ext=.ab
First generic
Then specific strict
Checking list of parsers returned for (strict mode) type=C ext=.abcd
First generic
Then specific strict
Checking list of parsers returned for (strict mode) type=C ext=.bc
First generic
Then specific strict
Checking list of parsers returned for (strict mode) type=C ext=&lt;multifile&gt;
First generic
Then specific strict
Checking list of parsers returned for (strict mode) type=C ext=.ac
First generic
Then specific strict
Checking list of parsers returned for (strict mode) type=D ext=.acd
First generic
Then specific strict
Checking list of parsers returned for (strict mode) type=D ext=.bd
First generic
Then specific strict
Checking list of parsers returned for (strict mode) type=D ext=.bcd
First generic
Then specific strict
Checking list of parsers returned for (strict mode) type=D ext=.c
First generic
Then specific strict
Checking list of parsers returned for (strict mode) type=D ext=.abc
First generic
Then specific strict
Checking list of parsers returned for (strict mode) type=D ext=.b
First generic
Then specific strict
Checking list of parsers returned for (strict mode) type=D ext=.ad
First generic
Then specific strict
Checking list of parsers returned for (strict mode) type=D ext=.abd
First generic
Then specific strict
Checking list of parsers returned for (strict mode) type=D ext=.a
First generic
Then specific strict
Checking list of parsers returned for (strict mode) type=D ext=.cd
First generic
Then specific strict
Checking list of parsers returned for (strict mode) type=D ext=.d
First generic
Then specific strict
Checking list of parsers returned for (strict mode) type=D ext=.ab
First generic
Then specific strict
Checking list of parsers returned for (strict mode) type=D ext=.abcd
First generic
Then specific strict
Checking list of parsers returned for (strict mode) type=D ext=.bc
First generic
Then specific strict
Checking list of parsers returned for (strict mode) type=D ext=&lt;multifile&gt;
First generic
Then specific strict
Checking list of parsers returned for (strict mode) type=D ext=.ac
First generic
Then specific strict
Checking list of parsers returned for (strict mode) type=A ext=.acd
First generic
Then specific strict
Checking list of parsers returned for (strict mode) type=A ext=.bd
First generic
Then specific strict
Checking list of parsers returned for (strict mode) type=A ext=.bcd
First generic
Then specific strict
Checking list of parsers returned for (strict mode) type=A ext=.c
First generic
Then specific strict
Checking list of parsers returned for (strict mode) type=A ext=.abc
First generic
Then specific strict
Checking list of parsers returned for (strict mode) type=A ext=.b
First generic
Then specific strict
Checking list of parsers returned for (strict mode) type=A ext=.ad
First generic
Then specific strict
Checking list of parsers returned for (strict mode) type=A ext=.abd
First generic
Then specific strict
Checking list of parsers returned for (strict mode) type=A ext=.a
First generic
Then specific strict
Checking list of parsers returned for (strict mode) type=A ext=.cd
First generic
Then specific strict
Checking list of parsers returned for (strict mode) type=A ext=.d
First generic
Then specific strict
Checking list of parsers returned for (strict mode) type=A ext=.ab
First generic
Then specific strict
Checking list of parsers returned for (strict mode) type=A ext=.abcd
First generic
Then specific strict
Checking list of parsers returned for (strict mode) type=A ext=.bc
First generic
Then specific strict
Checking list of parsers returned for (strict mode) type=A ext=&lt;multifile&gt;
First generic
Then specific strict
Checking list of parsers returned for (strict mode) type=A ext=.ac
First generic
Then specific strict
Checking list of parsers returned for (strict mode) type=B ext=.acd
First generic
Then specific strict
Checking list of parsers returned for (strict mode) type=B ext=.bd
First generic
Then specific strict
Checking list of parsers returned for (strict mode) type=B ext=.bcd
First generic
Then specific strict
Checking list of parsers returned for (strict mode) type=B ext=.c
First generic
Then specific strict
Checking list of parsers returned for (strict mode) type=B ext=.abc
First generic
Then specific strict
Checking list of parsers returned for (strict mode) type=B ext=.b
First generic
Then specific strict
Checking list of parsers returned for (strict mode) type=B ext=.ad
First generic
Then specific strict
Checking list of parsers returned for (strict mode) type=B ext=.abd
First generic
Then specific strict
Checking list of parsers returned for (strict mode) type=B ext=.a
First generic
Then specific strict
Checking list of parsers returned for (strict mode) type=B ext=.cd
First generic
Then specific strict
Checking list of parsers returned for (strict mode) type=B ext=.d
First generic
Then specific strict
Checking list of parsers returned for (strict mode) type=B ext=.ab
First generic
Then specific strict
Checking list of parsers returned for (strict mode) type=B ext=.abcd
First generic
Then specific strict
Checking list of parsers returned for (strict mode) type=B ext=.bc
First generic
Then specific strict
Checking list of parsers returned for (strict mode) type=B ext=&lt;multifile&gt;
First generic
Then specific strict
Checking list of parsers returned for (strict mode) type=B ext=.ac
First generic
Then specific strict
Checking list of parsers returned for (strict mode) type=C ext=.acd
First generic
Then specific strict
Checking list of parsers returned for (strict mode) type=C ext=.bd
First generic
Then specific strict
Checking list of parsers returned for (strict mode) type=C ext=.bcd
First generic
Then specific strict
Checking list of parsers returned for (strict mode) type=C ext=.c
First generic
Then specific strict
Checking list of parsers returned for (strict mode) type=C ext=.abc
First generic
Then specific strict
Checking list of parsers returned for (strict mode) type=C ext=.b
First generic
Then specific strict
Checking list of parsers returned for (strict mode) type=C ext=.ad
First generic
Then specific strict
Checking list of parsers returned for (strict mode) type=C ext=.abd
First generic
Then specific strict
Checking list of parsers returned for (strict mode) type=C ext=.a
First generic
Then specific strict
Checking list of parsers returned for (strict mode) type=C ext=.cd
First generic
Then specific strict
Checking list of parsers returned for (strict mode) type=C ext=.d
First generic
Then specific strict
Checking list of parsers returned for (strict mode) type=C ext=.ab
First generic
Then specific strict
Checking list of parsers returned for (strict mode) type=C ext=.abcd
First generic
Then specific strict
Checking list of parsers returned for (strict mode) type=C ext=.bc
First generic
Then specific strict
Checking list of parsers returned for (strict mode) type=C ext=&lt;multifile&gt;
First generic
Then specific strict
Checking list of parsers returned for (strict mode) type=C ext=.ac
First generic
Then specific strict
Checking list of parsers returned for (strict mode) type=D ext=.acd
First generic
Then specific strict
Checking list of parsers returned for (strict mode) type=D ext=.bd
First generic
Then specific strict
Checking list of parsers returned for (strict mode) type=D ext=.bcd
First generic
Then specific strict
Checking list of parsers returned for (strict mode) type=D ext=.c
First generic
Then specific strict
Checking list of parsers returned for (strict mode) type=D ext=.abc
First generic
Then specific strict
Checking list of parsers returned for (strict mode) type=D ext=.b
First generic
Then specific strict
Checking list of parsers returned for (strict mode) type=D ext=.ad
First generic
Then specific strict
Checking list of parsers returned for (strict mode) type=D ext=.abd
First generic
Then specific strict
Checking list of parsers returned for (strict mode) type=D ext=.a
First generic
Then specific strict
Checking list of parsers returned for (strict mode) type=D ext=.cd
First generic
Then specific strict
Checking list of parsers returned for (strict mode) type=D ext=.d
First generic
Then specific strict
Checking list of parsers returned for (strict mode) type=D ext=.ab
First generic
Then specific strict
Checking list of parsers returned for (strict mode) type=D ext=.abcd
First generic
Then specific strict
Checking list of parsers returned for (strict mode) type=D ext=.bc
First generic
Then specific strict
Checking list of parsers returned for (strict mode) type=D ext=&lt;multifile&gt;
First generic
Then specific strict
Checking list of parsers returned for (strict mode) type=D ext=.ac
First generic
Then specific strict
Checking list of parsers returned for (strict mode) type=A ext=.acd
First generic
Then specific strict
Checking list of parsers returned for (strict mode) type=A ext=.bd
First generic
Then specific strict
Checking list of parsers returned for (strict mode) type=A ext=.bcd
First generic
Then specific strict
Checking list of parsers returned for (strict mode) type=A ext=.c
First generic
Then specific strict
Checking list of parsers returned for (strict mode) type=A ext=.abc
First generic
Then specific strict
Checking list of parsers returned for (strict mode) type=A ext=.b
First generic
Then specific strict
Checking list of parsers returned for (strict mode) type=A ext=.ad
First generic
Then specific strict
Checking list of parsers returned for (strict mode) type=A ext=.abd
First generic
Then specific strict
Checking list of parsers returned for (strict mode) type=A ext=.a
First generic
Then specific strict
Checking list of parsers returned for (strict mode) type=A ext=.cd
First generic
Then specific strict
Checking list of parsers returned for (strict mode) type=A ext=.d
First generic
Then specific strict
Checking list of parsers returned for (strict mode) type=A ext=.ab
First generic
Then specific strict
Checking list of parsers returned for (strict mode) type=A ext=.abcd
First generic
Then specific strict
Checking list of parsers returned for (strict mode) type=A ext=.bc
First generic
Then specific strict
Checking list of parsers returned for (strict mode) type=A ext=&lt;multifile&gt;
First generic
Then specific strict
Checking list of parsers returned for (strict mode) type=A ext=.ac
First generic
Then specific strict
Checking list of parsers returned for (strict mode) type=B ext=.acd
First generic
Then specific strict
Checking list of parsers returned for (strict mode) type=B ext=.bd
First generic
Then specific strict
Checking list of parsers returned for (strict mode) type=B ext=.bcd
First generic
Then specific strict
Checking list of parsers returned for (strict mode) type=B ext=.c
First generic
Then specific strict
Checking list of parsers returned for (strict mode) type=B ext=.abc
First generic
Then specific strict
Checking list of parsers returned for (strict mode) type=B ext=.b
First generic
Then specific strict
Checking list of parsers returned for (strict mode) type=B ext=.ad
First generic
Then specific strict
Checking list of parsers returned for (strict mode) type=B ext=.abd
First generic
Then specific strict
Checking list of parsers returned for (strict mode) type=B ext=.a
First generic
Then specific strict
Checking list of parsers returned for (strict mode) type=B ext=.cd
First generic
Then specific strict
Checking list of parsers returned for (strict mode) type=B ext=.d
First generic
Then specific strict
Checking list of parsers returned for (strict mode) type=B ext=.ab
First generic
Then specific strict
Checking list of parsers returned for (strict mode) type=B ext=.abcd
First generic
Then specific strict
Checking list of parsers returned for (strict mode) type=B ext=.bc
First generic
Then specific strict
Checking list of parsers returned for (strict mode) type=B ext=&lt;multifile&gt;
First generic
Then specific strict
Checking list of parsers returned for (strict mode) type=B ext=.ac
First generic
Then specific strict
Checking list of parsers returned for (strict mode) type=C ext=.acd
First generic
Then specific strict
Checking list of parsers returned for (strict mode) type=C ext=.bd
First generic
Then specific strict
Checking list of parsers returned for (strict mode) type=C ext=.bcd
First generic
Then specific strict
Checking list of parsers returned for (strict mode) type=C ext=.c
First generic
Then specific strict
Checking list of parsers returned for (strict mode) type=C ext=.abc
First generic
Then specific strict
Checking list of parsers returned for (strict mode) type=C ext=.b
First generic
Then specific strict
Checking list of parsers returned for (strict mode) type=C ext=.ad
First generic
Then specific strict
Checking list of parsers returned for (strict mode) type=C ext=.abd
First generic
Then specific strict
Checking list of parsers returned for (strict mode) type=C ext=.a
First generic
Then specific strict
Checking list of parsers returned for (strict mode) type=C ext=.cd
First generic
Then specific strict
Checking list of parsers returned for (strict mode) type=C ext=.d
First generic
Then specific strict
Checking list of parsers returned for (strict mode) type=C ext=.ab
First generic
Then specific strict
Checking list of parsers returned for (strict mode) type=C ext=.abcd
First generic
Then specific strict
Checking list of parsers returned for (strict mode) type=C ext=.bc
First generic
Then specific strict
Checking list of parsers returned for (strict mode) type=C ext=&lt;multifile&gt;
First generic
Then specific strict
Checking list of parsers returned for (strict mode) type=C ext=.ac
First generic
Then specific strict
Checking list of parsers returned for (strict mode) type=D ext=.acd
First generic
Then specific strict
Checking list of parsers returned for (strict mode) type=D ext=.bd
First generic
Then specific strict
Checking list of parsers returned for (strict mode) type=D ext=.bcd
First generic
Then specific strict
Checking list of parsers returned for (strict mode) type=D ext=.c
First generic
Then specific strict
Checking list of parsers returned for (strict mode) type=D ext=.abc
First generic
Then specific strict
Checking list of parsers returned for (strict mode) type=D ext=.b
First generic
Then specific strict
Checking list of parsers returned for (strict mode) type=D ext=.ad
First generic
Then specific strict
Checking list of parsers returned for (strict mode) type=D ext=.abd
First generic
Then specific strict
Checking list of parsers returned for (strict mode) type=D ext=.a
First generic
Then specific strict
Checking list of parsers returned for (strict mode) type=D ext=.cd
First generic
Then specific strict
Checking list of parsers returned for (strict mode) type=D ext=.d
First generic
Then specific strict
Checking list of parsers returned for (strict mode) type=D ext=.ab
First generic
Then specific strict
Checking list of parsers returned for (strict mode) type=D ext=.abcd
First generic
Then specific strict
Checking list of parsers returned for (strict mode) type=D ext=.bc
First generic
Then specific strict
Checking list of parsers returned for (strict mode) type=D ext=&lt;multifile&gt;
First generic
Then specific strict
Checking list of parsers returned for (strict mode) type=D ext=.ac
First generic
Then specific strict
Checking list of parsers returned for (strict mode) type=A ext=.acd
First generic
Then specific strict
Checking list of parsers returned for (strict mode) type=A ext=.bd
First generic
Then specific strict
Checking list of parsers returned for (strict mode) type=A ext=.bcd
First generic
Then specific strict
Checking list of parsers returned for (strict mode) type=A ext=.c
First generic
Then specific strict
Checking list of parsers returned for (strict mode) type=A ext=.abc
First generic
Then specific strict
Checking list of parsers returned for (strict mode) type=A ext=.b
First generic
Then specific strict
Checking list of parsers returned for (strict mode) type=A ext=.ad
First generic
Then specific strict
Checking list of parsers returned for (strict mode) type=A ext=.abd
First generic
Then specific strict
Checking list of parsers returned for (strict mode) type=A ext=.a
First generic
Then specific strict
Checking list of parsers returned for (strict mode) type=A ext=.cd
First generic
Then specific strict
Checking list of parsers returned for (strict mode) type=A ext=.d
First generic
Then specific strict
Checking list of parsers returned for (strict mode) type=A ext=.ab
First generic
Then specific strict
Checking list of parsers returned for (strict mode) type=A ext=.abcd
First generic
Then specific strict
Checking list of parsers returned for (strict mode) type=A ext=.bc
First generic
Then specific strict
Checking list of parsers returned for (strict mode) type=A ext=&lt;multifile&gt;
First generic
Then specific strict
Checking list of parsers returned for (strict mode) type=A ext=.ac
First generic
Then specific strict
Checking list of parsers returned for (strict mode) type=B ext=.acd
First generic
Then specific strict
Checking list of parsers returned for (strict mode) type=B ext=.bd
First generic
Then specific strict
Checking list of parsers returned for (strict mode) type=B ext=.bcd
First generic
Then specific strict
Checking list of parsers returned for (strict mode) type=B ext=.c
First generic
Then specific strict
Checking list of parsers returned for (strict mode) type=B ext=.abc
First generic
Then specific strict
Checking list of parsers returned for (strict mode) type=B ext=.b
First generic
Then specific strict
Checking list of parsers returned for (strict mode) type=B ext=.ad
First generic
Then specific strict
Checking list of parsers returned for (strict mode) type=B ext=.abd
First generic
Then specific strict
Checking list of parsers returned for (strict mode) type=B ext=.a
First generic
Then specific strict
Checking list of parsers returned for (strict mode) type=B ext=.cd
First generic
Then specific strict
Checking list of parsers returned for (strict mode) type=B ext=.d
First generic
Then specific strict
Checking list of parsers returned for (strict mode) type=B ext=.ab
First generic
Then specific strict
Checking list of parsers returned for (strict mode) type=B ext=.abcd
First generic
Then specific strict
Checking list of parsers returned for (strict mode) type=B ext=.bc
First generic
Then specific strict
Checking list of parsers returned for (strict mode) type=B ext=&lt;multifile&gt;
First generic
Then specific strict
Checking list of parsers returned for (strict mode) type=B ext=.ac
First generic
Then specific strict
Checking list of parsers returned for (strict mode) type=C ext=.acd
First generic
Then specific strict
Checking list of parsers returned for (strict mode) type=C ext=.bd
First generic
Then specific strict
Checking list of parsers returned for (strict mode) type=C ext=.bcd
First generic
Then specific strict
Checking list of parsers returned for (strict mode) type=C ext=.c
First generic
Then specific strict
Checking list of parsers returned for (strict mode) type=C ext=.abc
First generic
Then specific strict
Checking list of parsers returned for (strict mode) type=C ext=.b
First generic
Then specific strict
Checking list of parsers returned for (strict mode) type=C ext=.ad
First generic
Then specific strict
Checking list of parsers returned for (strict mode) type=C ext=.abd
First generic
Then specific strict
Checking list of parsers returned for (strict mode) type=C ext=.a
First generic
Then specific strict
Checking list of parsers returned for (strict mode) type=C ext=.cd
First generic
Then specific strict
Checking list of parsers returned for (strict mode) type=C ext=.d
First generic
Then specific strict
Checking list of parsers returned for (strict mode) type=C ext=.ab
First generic
Then specific strict
Checking list of parsers returned for (strict mode) type=C ext=.abcd
First generic
Then specific strict
Checking list of parsers returned for (strict mode) type=C ext=.bc
First generic
Then specific strict
Checking list of parsers returned for (strict mode) type=C ext=&lt;multifile&gt;
First generic
Then specific strict
Checking list of parsers returned for (strict mode) type=C ext=.ac
First generic
Then specific strict
Checking list of parsers returned for (strict mode) type=D ext=.acd
First generic
Then specific strict
Checking list of parsers returned for (strict mode) type=D ext=.bd
First generic
Then specific strict
Checking list of parsers returned for (strict mode) type=D ext=.bcd
First generic
Then specific strict
Checking list of parsers returned for (strict mode) type=D ext=.c
First generic
Then specific strict
Checking list of parsers returned for (strict mode) type=D ext=.abc
First generic
Then specific strict
Checking list of parsers returned for (strict mode) type=D ext=.b
First generic
Then specific strict
Checking list of parsers returned for (strict mode) type=D ext=.ad
First generic
Then specific strict
Checking list of parsers returned for (strict mode) type=D ext=.abd
First generic
Then specific strict
Checking list of parsers returned for (strict mode) type=D ext=.a
First generic
Then specific strict
Checking list of parsers returned for (strict mode) type=D ext=.cd
First generic
Then specific strict
Checking list of parsers returned for (strict mode) type=D ext=.d
First generic
Then specific strict
Checking list of parsers returned for (strict mode) type=D ext=.ab
First generic
Then specific strict
Checking list of parsers returned for (strict mode) type=D ext=.abcd
First generic
Then specific strict
Checking list of parsers returned for (strict mode) type=D ext=.bc
First generic
Then specific strict
Checking list of parsers returned for (strict mode) type=D ext=&lt;multifile&gt;
First generic
Then specific strict
Checking list of parsers returned for (strict mode) type=D ext=.ac
First generic
Then specific strict
Checking list of parsers returned for (strict mode) type=A ext=.acd
First generic
Then specific strict
Checking list of parsers returned for (strict mode) type=A ext=.bd
First generic
Then specific strict
Checking list of parsers returned for (strict mode) type=A ext=.bcd
First generic
Then specific strict
Checking list of parsers returned for (strict mode) type=A ext=.c
First generic
Then specific strict
Checking list of parsers returned for (strict mode) type=A ext=.abc
First generic
Then specific strict
Checking list of parsers returned for (strict mode) type=A ext=.b
First generic
Then specific strict
Checking list of parsers returned for (strict mode) type=A ext=.ad
First generic
Then specific strict
Checking list of parsers returned for (strict mode) type=A ext=.abd
First generic
Then specific strict
Checking list of parsers returned for (strict mode) type=A ext=.a
First generic
Then specific strict
Checking list of parsers returned for (strict mode) type=A ext=.cd
First generic
Then specific strict
Checking list of parsers returned for (strict mode) type=A ext=.d
First generic
Then specific strict
Checking list of parsers returned for (strict mode) type=A ext=.ab
First generic
Then specific strict
Checking list of parsers returned for (strict mode) type=A ext=.abcd
First generic
Then specific strict
Checking list of parsers returned for (strict mode) type=A ext=.bc
First generic
Then specific strict
Checking list of parsers returned for (strict mode) type=A ext=&lt;multifile&gt;
First generic
Then specific strict
Checking list of parsers returned for (strict mode) type=A ext=.ac
First generic
Then specific strict
Checking list of parsers returned for (strict mode) type=B ext=.acd
First generic
Then specific strict
Checking list of parsers returned for (strict mode) type=B ext=.bd
First generic
Then specific strict
Checking list of parsers returned for (strict mode) type=B ext=.bcd
First generic
Then specific strict
Checking list of parsers returned for (strict mode) type=B ext=.c
First generic
Then specific strict
Checking list of parsers returned for (strict mode) type=B ext=.abc
First generic
Then specific strict
Checking list of parsers returned for (strict mode) type=B ext=.b
First generic
Then specific strict
Checking list of parsers returned for (strict mode) type=B ext=.ad
First generic
Then specific strict
Checking list of parsers returned for (strict mode) type=B ext=.abd
First generic
Then specific strict
Checking list of parsers returned for (strict mode) type=B ext=.a
First generic
Then specific strict
Checking list of parsers returned for (strict mode) type=B ext=.cd
First generic
Then specific strict
Checking list of parsers returned for (strict mode) type=B ext=.d
First generic
Then specific strict
Checking list of parsers returned for (strict mode) type=B ext=.ab
First generic
Then specific strict
Checking list of parsers returned for (strict mode) type=B ext=.abcd
First generic
Then specific strict
Checking list of parsers returned for (strict mode) type=B ext=.bc
First generic
Then specific strict
Checking list of parsers returned for (strict mode) type=B ext=&lt;multifile&gt;
First generic
Then specific strict
Checking list of parsers returned for (strict mode) type=B ext=.ac
First generic
Then specific strict
Checking list of parsers returned for (strict mode) type=C ext=.acd
First generic
Then specific strict
Checking list of parsers returned for (strict mode) type=C ext=.bd
First generic
Then specific strict
Checking list of parsers returned for (strict mode) type=C ext=.bcd
First generic
Then specific strict
Checking list of parsers returned for (strict mode) type=C ext=.c
First generic
Then specific strict
Checking list of parsers returned for (strict mode) type=C ext=.abc
First generic
Then specific strict
Checking list of parsers returned for (strict mode) type=C ext=.b
First generic
Then specific strict
Checking list of parsers returned for (strict mode) type=C ext=.ad
First generic
Then specific strict
Checking list of parsers returned for (strict mode) type=C ext=.abd
First generic
Then specific strict
Checking list of parsers returned for (strict mode) type=C ext=.a
First generic
Then specific strict
Checking list of parsers returned for (strict mode) type=C ext=.cd
First generic
Then specific strict
Checking list of parsers returned for (strict mode) type=C ext=.d
First generic
Then specific strict
Checking list of parsers returned for (strict mode) type=C ext=.ab
First generic
Then specific strict
Checking list of parsers returned for (strict mode) type=C ext=.abcd
First generic
Then specific strict
Checking list of parsers returned for (strict mode) type=C ext=.bc
First generic
Then specific strict
Checking list of parsers returned for (strict mode) type=C ext=&lt;multifile&gt;
First generic
Then specific strict
Checking list of parsers returned for (strict mode) type=C ext=.ac
First generic
Then specific strict
Checking list of parsers returned for (strict mode) type=D ext=.acd
First generic
Then specific strict
Checking list of parsers returned for (strict mode) type=D ext=.bd
First generic
Then specific strict
Checking list of parsers returned for (strict mode) type=D ext=.bcd
First generic
Then specific strict
Checking list of parsers returned for (strict mode) type=D ext=.c
First generic
Then specific strict
Checking list of parsers returned for (strict mode) type=D ext=.abc
First generic
Then specific strict
Checking list of parsers returned for (strict mode) type=D ext=.b
First generic
Then specific strict
Checking list of parsers returned for (strict mode) type=D ext=.ad
First generic
Then specific strict
Checking list of parsers returned for (strict mode) type=D ext=.abd
First generic
Then specific strict
Checking list of parsers returned for (strict mode) type=D ext=.a
First generic
Then specific strict
Checking list of parsers returned for (strict mode) type=D ext=.cd
First generic
Then specific strict
Checking list of parsers returned for (strict mode) type=D ext=.d
First generic
Then specific strict
Checking list of parsers returned for (strict mode) type=D ext=.ab
First generic
Then specific strict
Checking list of parsers returned for (strict mode) type=D ext=.abcd
First generic
Then specific strict
Checking list of parsers returned for (strict mode) type=D ext=.bc
First generic
Then specific strict
Checking list of parsers returned for (strict mode) type=D ext=&lt;multifile&gt;
First generic
Then specific strict
Checking list of parsers returned for (strict mode) type=D ext=.ac
First generic
Then specific strict
Checking list of parsers returned for (strict mode) type=A ext=.acd
First generic
Then specific strict
Checking list of parsers returned for (strict mode) type=A ext=.bd
First generic
Then specific strict
Checking list of parsers returned for (strict mode) type=A ext=.bcd
First generic
Then specific strict
Checking list of parsers returned for (strict mode) type=A ext=.c
First generic
Then specific strict
Checking list of parsers returned for (strict mode) type=A ext=.abc
First generic
Then specific strict
Checking list of parsers returned for (strict mode) type=A ext=.b
First generic
Then specific strict
Checking list of parsers returned for (strict mode) type=A ext=.ad
First generic
Then specific strict
Checking list of parsers returned for (strict mode) type=A ext=.abd
First generic
Then specific strict
Checking list of parsers returned for (strict mode) type=A ext=.a
First generic
Then specific strict
Checking list of parsers returned for (strict mode) type=A ext=.cd
First generic
Then specific strict
Checking list of parsers returned for (strict mode) type=A ext=.d
First generic
Then specific strict
Checking list of parsers returned for (strict mode) type=A ext=.ab
First generic
Then specific strict
Checking list of parsers returned for (strict mode) type=A ext=.abcd
First generic
Then specific strict
Checking list of parsers returned for (strict mode) type=A ext=.bc
First generic
Then specific strict
Checking list of parsers returned for (strict mode) type=A ext=&lt;multifile&gt;
First generic
Then specific strict
Checking list of parsers returned for (strict mode) type=A ext=.ac
First generic
Then specific strict
Checking list of parsers returned for (strict mode) type=B ext=.acd
First generic
Then specific strict
Checking list of parsers returned for (strict mode) type=B ext=.bd
First generic
Then specific strict
Checking list of parsers returned for (strict mode) type=B ext=.bcd
First generic
Then specific strict
Checking list of parsers returned for (strict mode) type=B ext=.c
First generic
Then specific strict
Checking list of parsers returned for (strict mode) type=B ext=.abc
First generic
Then specific strict
Checking list of parsers returned for (strict mode) type=B ext=.b
First generic
Then specific strict
Checking list of parsers returned for (strict mode) type=B ext=.ad
First generic
Then specific strict
Checking list of parsers returned for (strict mode) type=B ext=.abd
First generic
Then specific strict
Checking list of parsers returned for (strict mode) type=B ext=.a
First generic
Then specific strict
Checking list of parsers returned for (strict mode) type=B ext=.cd
First generic
Then specific strict
Checking list of parsers returned for (strict mode) type=B ext=.d
First generic
Then specific strict
Checking list of parsers returned for (strict mode) type=B ext=.ab
First generic
Then specific strict
Checking list of parsers returned for (strict mode) type=B ext=.abcd
First generic
Then specific strict
Checking list of parsers returned for (strict mode) type=B ext=.bc
First generic
Then specific strict
Checking list of parsers returned for (strict mode) type=B ext=&lt;multifile&gt;
First generic
Then specific strict
Checking list of parsers returned for (strict mode) type=B ext=.ac
First generic
Then specific strict
Checking list of parsers returned for (strict mode) type=C ext=.acd
First generic
Then specific strict
Checking list of parsers returned for (strict mode) type=C ext=.bd
First generic
Then specific strict
Checking list of parsers returned for (strict mode) type=C ext=.bcd
First generic
Then specific strict
Checking list of parsers returned for (strict mode) type=C ext=.c
First generic
Then specific strict
Checking list of parsers returned for (strict mode) type=C ext=.abc
First generic
Then specific strict
Checking list of parsers returned for (strict mode) type=C ext=.b
First generic
Then specific strict
Checking list of parsers returned for (strict mode) type=C ext=.ad
First generic
Then specific strict
Checking list of parsers returned for (strict mode) type=C ext=.abd
First generic
Then specific strict
Checking list of parsers returned for (strict mode) type=C ext=.a
First generic
Then specific strict
Checking list of parsers returned for (strict mode) type=C ext=.cd
First generic
Then specific strict
Checking list of parsers returned for (strict mode) type=C ext=.d
First generic
Then specific strict
Checking list of parsers returned for (strict mode) type=C ext=.ab
First generic
Then specific strict
Checking list of parsers returned for (strict mode) type=C ext=.abcd
First generic
Then specific strict
Checking list of parsers returned for (strict mode) type=C ext=.bc
First generic
Then specific strict
Checking list of parsers returned for (strict mode) type=C ext=&lt;multifile&gt;
First generic
Then specific strict
Checking list of parsers returned for (strict mode) type=C ext=.ac
First generic
Then specific strict
Checking list of parsers returned for (strict mode) type=D ext=.acd
First generic
Then specific strict
Checking list of parsers returned for (strict mode) type=D ext=.bd
First generic
Then specific strict
Checking list of parsers returned for (strict mode) type=D ext=.bcd
First generic
Then specific strict
Checking list of parsers returned for (strict mode) type=D ext=.c
First generic
Then specific strict
Checking list of parsers returned for (strict mode) type=D ext=.abc
First generic
Then specific strict
Checking list of parsers returned for (strict mode) type=D ext=.b
First generic
Then specific strict
Checking list of parsers returned for (strict mode) type=D ext=.ad
First generic
Then specific strict
Checking list of parsers returned for (strict mode) type=D ext=.abd
First generic
Then specific strict
Checking list of parsers returned for (strict mode) type=D ext=.a
First generic
Then specific strict
Checking list of parsers returned for (strict mode) type=D ext=.cd
First generic
Then specific strict
Checking list of parsers returned for (strict mode) type=D ext=.d
First generic
Then specific strict
Checking list of parsers returned for (strict mode) type=D ext=.ab
First generic
Then specific strict
Checking list of parsers returned for (strict mode) type=D ext=.abcd
First generic
Then specific strict
Checking list of parsers returned for (strict mode) type=D ext=.bc
First generic
Then specific strict
Checking list of parsers returned for (strict mode) type=D ext=&lt;multifile&gt;
First generic
Then specific strict
Checking list of parsers returned for (strict mode) type=D ext=.ac
First generic
Then specific strict
Checking list of parsers returned for (strict mode) type=A ext=.acd
First generic
Then specific strict
Checking list of parsers returned for (strict mode) type=A ext=.bd
First generic
Then specific strict
Checking list of parsers returned for (strict mode) type=A ext=.bcd
First generic
Then specific strict
Checking list of parsers returned for (strict mode) type=A ext=.c
First generic
Then specific strict
Checking list of parsers returned for (strict mode) type=A ext=.abc
First generic
Then specific strict
Checking list of parsers returned for (strict mode) type=A ext=.b
First generic
Then specific strict
Checking list of parsers returned for (strict mode) type=A ext=.ad
First generic
Then specific strict
Checking list of parsers returned for (strict mode) type=A ext=.abd
First generic
Then specific strict
Checking list of parsers returned for (strict mode) type=A ext=.a
First generic
Then specific strict
Checking list of parsers returned for (strict mode) type=A ext=.cd
First generic
Then specific strict
Checking list of parsers returned for (strict mode) type=A ext=.d
First generic
Then specific strict
Checking list of parsers returned for (strict mode) type=A ext=.ab
First generic
Then specific strict
Checking list of parsers returned for (strict mode) type=A ext=.abcd
First generic
Then specific strict
Checking list of parsers returned for (strict mode) type=A ext=.bc
First generic
Then specific strict
Checking list of parsers returned for (strict mode) type=A ext=&lt;multifile&gt;
First generic
Then specific strict
Checking list of parsers returned for (strict mode) type=A ext=.ac
First generic
Then specific strict
Checking list of parsers returned for (strict mode) type=B ext=.acd
First generic
Then specific strict
Checking list of parsers returned for (strict mode) type=B ext=.bd
First generic
Then specific strict
Checking list of parsers returned for (strict mode) type=B ext=.bcd
First generic
Then specific strict
Checking list of parsers returned for (strict mode) type=B ext=.c
First generic
Then specific strict
Checking list of parsers returned for (strict mode) type=B ext=.abc
First generic
Then specific strict
Checking list of parsers returned for (strict mode) type=B ext=.b
First generic
Then specific strict
Checking list of parsers returned for (strict mode) type=B ext=.ad
First generic
Then specific strict
Checking list of parsers returned for (strict mode) type=B ext=.abd
First generic
Then specific strict
Checking list of parsers returned for (strict mode) type=B ext=.a
First generic
Then specific strict
Checking list of parsers returned for (strict mode) type=B ext=.cd
First generic
Then specific strict
Checking list of parsers returned for (strict mode) type=B ext=.d
First generic
Then specific strict
Checking list of parsers returned for (strict mode) type=B ext=.ab
First generic
Then specific strict
Checking list of parsers returned for (strict mode) type=B ext=.abcd
First generic
Then specific strict
Checking list of parsers returned for (strict mode) type=B ext=.bc
First generic
Then specific strict
Checking list of parsers returned for (strict mode) type=B ext=&lt;multifile&gt;
First generic
Then specific strict
Checking list of parsers returned for (strict mode) type=B ext=.ac
First generic
Then specific strict
Checking list of parsers returned for (strict mode) type=C ext=.acd
First generic
Then specific strict
Checking list of parsers returned for (strict mode) type=C ext=.bd
First generic
Then specific strict
Checking list of parsers returned for (strict mode) type=C ext=.bcd
First generic
Then specific strict
Checking list of parsers returned for (strict mode) type=C ext=.c
First generic
Then specific strict
Checking list of parsers returned for (strict mode) type=C ext=.abc
First generic
Then specific strict
Checking list of parsers returned for (strict mode) type=C ext=.b
First generic
Then specific strict
Checking list of parsers returned for (strict mode) type=C ext=.ad
First generic
Then specific strict
Checking list of parsers returned for (strict mode) type=C ext=.abd
First generic
Then specific strict
Checking list of parsers returned for (strict mode) type=C ext=.a
First generic
Then specific strict
Checking list of parsers returned for (strict mode) type=C ext=.cd
First generic
Then specific strict
Checking list of parsers returned for (strict mode) type=C ext=.d
First generic
Then specific strict
Checking list of parsers returned for (strict mode) type=C ext=.ab
First generic
Then specific strict
Checking list of parsers returned for (strict mode) type=C ext=.abcd
First generic
Then specific strict
Checking list of parsers returned for (strict mode) type=C ext=.bc
First generic
Then specific strict
Checking list of parsers returned for (strict mode) type=C ext=&lt;multifile&gt;
First generic
Then specific strict
Checking list of parsers returned for (strict mode) type=C ext=.ac
First generic
Then specific strict
Checking list of parsers returned for (strict mode) type=D ext=.acd
First generic
Then specific strict
Checking list of parsers returned for (strict mode) type=D ext=.bd
First generic
Then specific strict
Checking list of parsers returned for (strict mode) type=D ext=.bcd
First generic
Then specific strict
Checking list of parsers returned for (strict mode) type=D ext=.c
First generic
Then specific strict
Checking list of parsers returned for (strict mode) type=D ext=.abc
First generic
Then specific strict
Checking list of parsers returned for (strict mode) type=D ext=.b
First generic
Then specific strict
Checking list of parsers returned for (strict mode) type=D ext=.ad
First generic
Then specific strict
Checking list of parsers returned for (strict mode) type=D ext=.abd
First generic
Then specific strict
Checking list of parsers returned for (strict mode) type=D ext=.a
First generic
Then specific strict
Checking list of parsers returned for (strict mode) type=D ext=.cd
First generic
Then specific strict
Checking list of parsers returned for (strict mode) type=D ext=.d
First generic
Then specific strict
Checking list of parsers returned for (strict mode) type=D ext=.ab
First generic
Then specific strict
Checking list of parsers returned for (strict mode) type=D ext=.abcd
First generic
Then specific strict
Checking list of parsers returned for (strict mode) type=D ext=.bc
First generic
Then specific strict
Checking list of parsers returned for (strict mode) type=D ext=&lt;multifile&gt;
First generic
Then specific strict
Checking list of parsers returned for (strict mode) type=D ext=.ac
First generic
Then specific strict
</system-out></testcase><testcase classname="parsyfiles.tests.combining_parsers_converters.test_registries.TestParserRegistry" file="parsyfiles/tests/combining_parsers_converters/test_registries.py" line="364" name="test_e_correct_parsers_in_order_nonstrict" time="0.29004383087158203"><system-out>.
.d
.c
.cd
.b
.bd
.bc
.bcd
.a
.ad
.ac
.acd
.ab
.abd
.abc
.abcd
Checking list of parsers returned for (non-strict mode) type=A ext=.acd
First generic
Then specific non-strict
Then specific strict
Checking list of parsers returned for (non-strict mode) type=A ext=.bd
First generic
Then specific non-strict
Then specific strict
Checking list of parsers returned for (non-strict mode) type=A ext=.bcd
First generic
Then specific non-strict
Then specific strict
Checking list of parsers returned for (non-strict mode) type=A ext=.c
First generic
Then specific non-strict
Then specific strict
Checking list of parsers returned for (non-strict mode) type=A ext=.abc
First generic
Then specific non-strict
Then specific strict
Checking list of parsers returned for (non-strict mode) type=A ext=.b
First generic
Then specific non-strict
Then specific strict
Checking list of parsers returned for (non-strict mode) type=A ext=.ad
First generic
Then specific non-strict
Then specific strict
Checking list of parsers returned for (non-strict mode) type=A ext=.abd
First generic
Then specific non-strict
Then specific strict
Checking list of parsers returned for (non-strict mode) type=A ext=.a
First generic
Then specific non-strict
Then specific strict
Checking list of parsers returned for (non-strict mode) type=A ext=.cd
First generic
Then specific non-strict
Then specific strict
Checking list of parsers returned for (non-strict mode) type=A ext=.d
First generic
Then specific non-strict
Then specific strict
Checking list of parsers returned for (non-strict mode) type=A ext=.ab
First generic
Then specific non-strict
Then specific strict
Checking list of parsers returned for (non-strict mode) type=A ext=.abcd
First generic
Then specific non-strict
Then specific strict
Checking list of parsers returned for (non-strict mode) type=A ext=.bc
First generic
Then specific non-strict
Then specific strict
Checking list of parsers returned for (non-strict mode) type=A ext=&lt;multifile&gt;
First generic
Then specific non-strict
Then specific strict
Checking list of parsers returned for (non-strict mode) type=A ext=.ac
First generic
Then specific non-strict
Then specific strict
Checking list of parsers returned for (strict mode) type=B ext=.acd
First generic
Then specific strict
Checking list of parsers returned for (strict mode) type=B ext=.bd
First generic
Then specific strict
Checking list of parsers returned for (strict mode) type=B ext=.bcd
First generic
Then specific strict
Checking list of parsers returned for (strict mode) type=B ext=.c
First generic
Then specific strict
Checking list of parsers returned for (strict mode) type=B ext=.abc
First generic
Then specific strict
Checking list of parsers returned for (strict mode) type=B ext=.b
First generic
Then specific strict
Checking list of parsers returned for (strict mode) type=B ext=.ad
First generic
Then specific strict
Checking list of parsers returned for (strict mode) type=B ext=.abd
First generic
Then specific strict
Checking list of parsers returned for (strict mode) type=B ext=.a
First generic
Then specific strict
Checking list of parsers returned for (strict mode) type=B ext=.cd
First generic
Then specific strict
Checking list of parsers returned for (strict mode) type=B ext=.d
First generic
Then specific strict
Checking list of parsers returned for (strict mode) type=B ext=.ab
First generic
Then specific strict
Checking list of parsers returned for (strict mode) type=B ext=.abcd
First generic
Then specific strict
Checking list of parsers returned for (strict mode) type=B ext=.bc
First generic
Then specific strict
Checking list of parsers returned for (strict mode) type=B ext=&lt;multifile&gt;
First generic
Then specific strict
Checking list of parsers returned for (strict mode) type=B ext=.ac
First generic
Then specific strict
Checking list of parsers returned for (non-strict mode) type=C ext=.acd
First generic
Then specific non-strict
Then specific strict
Checking list of parsers returned for (non-strict mode) type=C ext=.bd
First generic
Then specific non-strict
Then specific strict
Checking list of parsers returned for (non-strict mode) type=C ext=.bcd
First generic
Then specific non-strict
Then specific strict
Checking list of parsers returned for (non-strict mode) type=C ext=.c
First generic
Then specific non-strict
Then specific strict
Checking list of parsers returned for (non-strict mode) type=C ext=.abc
First generic
Then specific non-strict
Then specific strict
Checking list of parsers returned for (non-strict mode) type=C ext=.b
First generic
Then specific non-strict
Then specific strict
Checking list of parsers returned for (non-strict mode) type=C ext=.ad
First generic
Then specific non-strict
Then specific strict
Checking list of parsers returned for (non-strict mode) type=C ext=.abd
First generic
Then specific non-strict
Then specific strict
Checking list of parsers returned for (non-strict mode) type=C ext=.a
First generic
Then specific non-strict
Then specific strict
Checking list of parsers returned for (non-strict mode) type=C ext=.cd
First generic
Then specific non-strict
Then specific strict
Checking list of parsers returned for (non-strict mode) type=C ext=.d
First generic
Then specific non-strict
Then specific strict
Checking list of parsers returned for (non-strict mode) type=C ext=.ab
First generic
Then specific non-strict
Then specific strict
Checking list of parsers returned for (non-strict mode) type=C ext=.abcd
First generic
Then specific non-strict
Then specific strict
Checking list of parsers returned for (non-strict mode) type=C ext=.bc
First generic
Then specific non-strict
Then specific strict
Checking list of parsers returned for (non-strict mode) type=C ext=&lt;multifile&gt;
First generic
Then specific non-strict
Then specific strict
Checking list of parsers returned for (non-strict mode) type=C ext=.ac
First generic
Then specific non-strict
Then specific strict
Checking list of parsers returned for (strict mode) type=D ext=.acd
First generic
Then specific strict
Checking list of parsers returned for (strict mode) type=D ext=.bd
First generic
Then specific strict
Checking list of parsers returned for (strict mode) type=D ext=.bcd
First generic
Then specific strict
Checking list of parsers returned for (strict mode) type=D ext=.c
First generic
Then specific strict
Checking list of parsers returned for (strict mode) type=D ext=.abc
First generic
Then specific strict
Checking list of parsers returned for (strict mode) type=D ext=.b
First generic
Then specific strict
Checking list of parsers returned for (strict mode) type=D ext=.ad
First generic
Then specific strict
Checking list of parsers returned for (strict mode) type=D ext=.abd
First generic
Then specific strict
Checking list of parsers returned for (strict mode) type=D ext=.a
First generic
Then specific strict
Checking list of parsers returned for (strict mode) type=D ext=.cd
First generic
Then specific strict
Checking list of parsers returned for (strict mode) type=D ext=.d
First generic
Then specific strict
Checking list of parsers returned for (strict mode) type=D ext=.ab
First generic
Then specific strict
Checking list of parsers returned for (strict mode) type=D ext=.abcd
First generic
Then specific strict
Checking list of parsers returned for (strict mode) type=D ext=.bc
First generic
Then specific strict
Checking list of parsers returned for (strict mode) type=D ext=&lt;multifile&gt;
First generic
Then specific strict
Checking list of parsers returned for (strict mode) type=D ext=.ac
First generic
Then specific strict
Checking list of parsers returned for (non-strict mode) type=A ext=.acd
First generic
Then specific non-strict
Then specific strict
Checking list of parsers returned for (non-strict mode) type=A ext=.bd
First generic
Then specific non-strict
Then specific strict
Checking list of parsers returned for (non-strict mode) type=A ext=.bcd
First generic
Then specific non-strict
Then specific strict
Checking list of parsers returned for (non-strict mode) type=A ext=.c
First generic
Then specific non-strict
Then specific strict
Checking list of parsers returned for (non-strict mode) type=A ext=.abc
First generic
Then specific non-strict
Then specific strict
Checking list of parsers returned for (non-strict mode) type=A ext=.b
First generic
Then specific non-strict
Then specific strict
Checking list of parsers returned for (non-strict mode) type=A ext=.ad
First generic
Then specific non-strict
Then specific strict
Checking list of parsers returned for (non-strict mode) type=A ext=.abd
First generic
Then specific non-strict
Then specific strict
Checking list of parsers returned for (non-strict mode) type=A ext=.a
First generic
Then specific non-strict
Then specific strict
Checking list of parsers returned for (non-strict mode) type=A ext=.cd
First generic
Then specific non-strict
Then specific strict
Checking list of parsers returned for (non-strict mode) type=A ext=.d
First generic
Then specific non-strict
Then specific strict
Checking list of parsers returned for (non-strict mode) type=A ext=.ab
First generic
Then specific non-strict
Then specific strict
Checking list of parsers returned for (non-strict mode) type=A ext=.abcd
First generic
Then specific non-strict
Then specific strict
Checking list of parsers returned for (non-strict mode) type=A ext=.bc
First generic
Then specific non-strict
Then specific strict
Checking list of parsers returned for (non-strict mode) type=A ext=&lt;multifile&gt;
First generic
Then specific non-strict
Then specific strict
Checking list of parsers returned for (non-strict mode) type=A ext=.ac
First generic
Then specific non-strict
Then specific strict
Checking list of parsers returned for (strict mode) type=B ext=.acd
First generic
Then specific strict
Checking list of parsers returned for (strict mode) type=B ext=.bd
First generic
Then specific strict
Checking list of parsers returned for (strict mode) type=B ext=.bcd
First generic
Then specific strict
Checking list of parsers returned for (strict mode) type=B ext=.c
First generic
Then specific strict
Checking list of parsers returned for (strict mode) type=B ext=.abc
First generic
Then specific strict
Checking list of parsers returned for (strict mode) type=B ext=.b
First generic
Then specific strict
Checking list of parsers returned for (strict mode) type=B ext=.ad
First generic
Then specific strict
Checking list of parsers returned for (strict mode) type=B ext=.abd
First generic
Then specific strict
Checking list of parsers returned for (strict mode) type=B ext=.a
First generic
Then specific strict
Checking list of parsers returned for (strict mode) type=B ext=.cd
First generic
Then specific strict
Checking list of parsers returned for (strict mode) type=B ext=.d
First generic
Then specific strict
Checking list of parsers returned for (strict mode) type=B ext=.ab
First generic
Then specific strict
Checking list of parsers returned for (strict mode) type=B ext=.abcd
First generic
Then specific strict
Checking list of parsers returned for (strict mode) type=B ext=.bc
First generic
Then specific strict
Checking list of parsers returned for (strict mode) type=B ext=&lt;multifile&gt;
First generic
Then specific strict
Checking list of parsers returned for (strict mode) type=B ext=.ac
First generic
Then specific strict
Checking list of parsers returned for (non-strict mode) type=C ext=.acd
First generic
Then specific non-strict
Then specific strict
Checking list of parsers returned for (non-strict mode) type=C ext=.bd
First generic
Then specific non-strict
Then specific strict
Checking list of parsers returned for (non-strict mode) type=C ext=.bcd
First generic
Then specific non-strict
Then specific strict
Checking list of parsers returned for (non-strict mode) type=C ext=.c
First generic
Then specific non-strict
Then specific strict
Checking list of parsers returned for (non-strict mode) type=C ext=.abc
First generic
Then specific non-strict
Then specific strict
Checking list of parsers returned for (non-strict mode) type=C ext=.b
First generic
Then specific non-strict
Then specific strict
Checking list of parsers returned for (non-strict mode) type=C ext=.ad
First generic
Then specific non-strict
Then specific strict
Checking list of parsers returned for (non-strict mode) type=C ext=.abd
First generic
Then specific non-strict
Then specific strict
Checking list of parsers returned for (non-strict mode) type=C ext=.a
First generic
Then specific non-strict
Then specific strict
Checking list of parsers returned for (non-strict mode) type=C ext=.cd
First generic
Then specific non-strict
Then specific strict
Checking list of parsers returned for (non-strict mode) type=C ext=.d
First generic
Then specific non-strict
Then specific strict
Checking list of parsers returned for (non-strict mode) type=C ext=.ab
First generic
Then specific non-strict
Then specific strict
Checking list of parsers returned for (non-strict mode) type=C ext=.abcd
First generic
Then specific non-strict
Then specific strict
Checking list of parsers returned for (non-strict mode) type=C ext=.bc
First generic
Then specific non-strict
Then specific strict
Checking list of parsers returned for (non-strict mode) type=C ext=&lt;multifile&gt;
First generic
Then specific non-strict
Then specific strict
Checking list of parsers returned for (non-strict mode) type=C ext=.ac
First generic
Then specific non-strict
Then specific strict
Checking list of parsers returned for (strict mode) type=D ext=.acd
First generic
Then specific strict
Checking list of parsers returned for (strict mode) type=D ext=.bd
First generic
Then specific strict
Checking list of parsers returned for (strict mode) type=D ext=.bcd
First generic
Then specific strict
Checking list of parsers returned for (strict mode) type=D ext=.c
First generic
Then specific strict
Checking list of parsers returned for (strict mode) type=D ext=.abc
First generic
Then specific strict
Checking list of parsers returned for (strict mode) type=D ext=.b
First generic
Then specific strict
Checking list of parsers returned for (strict mode) type=D ext=.ad
First generic
Then specific strict
Checking list of parsers returned for (strict mode) type=D ext=.abd
First generic
Then specific strict
Checking list of parsers returned for (strict mode) type=D ext=.a
First generic
Then specific strict
Checking list of parsers returned for (strict mode) type=D ext=.cd
First generic
Then specific strict
Checking list of parsers returned for (strict mode) type=D ext=.d
First generic
Then specific strict
Checking list of parsers returned for (strict mode) type=D ext=.ab
First generic
Then specific strict
Checking list of parsers returned for (strict mode) type=D ext=.abcd
First generic
Then specific strict
Checking list of parsers returned for (strict mode) type=D ext=.bc
First generic
Then specific strict
Checking list of parsers returned for (strict mode) type=D ext=&lt;multifile&gt;
First generic
Then specific strict
Checking list of parsers returned for (strict mode) type=D ext=.ac
First generic
Then specific strict
Checking list of parsers returned for (non-strict mode) type=A ext=.acd
First generic
Then specific non-strict
Then specific strict
Checking list of parsers returned for (non-strict mode) type=A ext=.bd
First generic
Then specific non-strict
Then specific strict
Checking list of parsers returned for (non-strict mode) type=A ext=.bcd
First generic
Then specific non-strict
Then specific strict
Checking list of parsers returned for (non-strict mode) type=A ext=.c
First generic
Then specific non-strict
Then specific strict
Checking list of parsers returned for (non-strict mode) type=A ext=.abc
First generic
Then specific non-strict
Then specific strict
Checking list of parsers returned for (non-strict mode) type=A ext=.b
First generic
Then specific non-strict
Then specific strict
Checking list of parsers returned for (non-strict mode) type=A ext=.ad
First generic
Then specific non-strict
Then specific strict
Checking list of parsers returned for (non-strict mode) type=A ext=.abd
First generic
Then specific non-strict
Then specific strict
Checking list of parsers returned for (non-strict mode) type=A ext=.a
First generic
Then specific non-strict
Then specific strict
Checking list of parsers returned for (non-strict mode) type=A ext=.cd
First generic
Then specific non-strict
Then specific strict
Checking list of parsers returned for (non-strict mode) type=A ext=.d
First generic
Then specific non-strict
Then specific strict
Checking list of parsers returned for (non-strict mode) type=A ext=.ab
First generic
Then specific non-strict
Then specific strict
Checking list of parsers returned for (non-strict mode) type=A ext=.abcd
First generic
Then specific non-strict
Then specific strict
Checking list of parsers returned for (non-strict mode) type=A ext=.bc
First generic
Then specific non-strict
Then specific strict
Checking list of parsers returned for (non-strict mode) type=A ext=&lt;multifile&gt;
First generic
Then specific non-strict
Then specific strict
Checking list of parsers returned for (non-strict mode) type=A ext=.ac
First generic
Then specific non-strict
Then specific strict
Checking list of parsers returned for (strict mode) type=B ext=.acd
First generic
Then specific strict
Checking list of parsers returned for (strict mode) type=B ext=.bd
First generic
Then specific strict
Checking list of parsers returned for (strict mode) type=B ext=.bcd
First generic
Then specific strict
Checking list of parsers returned for (strict mode) type=B ext=.c
First generic
Then specific strict
Checking list of parsers returned for (strict mode) type=B ext=.abc
First generic
Then specific strict
Checking list of parsers returned for (strict mode) type=B ext=.b
First generic
Then specific strict
Checking list of parsers returned for (strict mode) type=B ext=.ad
First generic
Then specific strict
Checking list of parsers returned for (strict mode) type=B ext=.abd
First generic
Then specific strict
Checking list of parsers returned for (strict mode) type=B ext=.a
First generic
Then specific strict
Checking list of parsers returned for (strict mode) type=B ext=.cd
First generic
Then specific strict
Checking list of parsers returned for (strict mode) type=B ext=.d
First generic
Then specific strict
Checking list of parsers returned for (strict mode) type=B ext=.ab
First generic
Then specific strict
Checking list of parsers returned for (strict mode) type=B ext=.abcd
First generic
Then specific strict
Checking list of parsers returned for (strict mode) type=B ext=.bc
First generic
Then specific strict
Checking list of parsers returned for (strict mode) type=B ext=&lt;multifile&gt;
First generic
Then specific strict
Checking list of parsers returned for (strict mode) type=B ext=.ac
First generic
Then specific strict
Checking list of parsers returned for (non-strict mode) type=C ext=.acd
First generic
Then specific non-strict
Then specific strict
Checking list of parsers returned for (non-strict mode) type=C ext=.bd
First generic
Then specific non-strict
Then specific strict
Checking list of parsers returned for (non-strict mode) type=C ext=.bcd
First generic
Then specific non-strict
Then specific strict
Checking list of parsers returned for (non-strict mode) type=C ext=.c
First generic
Then specific non-strict
Then specific strict
Checking list of parsers returned for (non-strict mode) type=C ext=.abc
First generic
Then specific non-strict
Then specific strict
Checking list of parsers returned for (non-strict mode) type=C ext=.b
First generic
Then specific non-strict
Then specific strict
Checking list of parsers returned for (non-strict mode) type=C ext=.ad
First generic
Then specific non-strict
Then specific strict
Checking list of parsers returned for (non-strict mode) type=C ext=.abd
First generic
Then specific non-strict
Then specific strict
Checking list of parsers returned for (non-strict mode) type=C ext=.a
First generic
Then specific non-strict
Then specific strict
Checking list of parsers returned for (non-strict mode) type=C ext=.cd
First generic
Then specific non-strict
Then specific strict
Checking list of parsers returned for (non-strict mode) type=C ext=.d
First generic
Then specific non-strict
Then specific strict
Checking list of parsers returned for (non-strict mode) type=C ext=.ab
First generic
Then specific non-strict
Then specific strict
Checking list of parsers returned for (non-strict mode) type=C ext=.abcd
First generic
Then specific non-strict
Then specific strict
Checking list of parsers returned for (non-strict mode) type=C ext=.bc
First generic
Then specific non-strict
Then specific strict
Checking list of parsers returned for (non-strict mode) type=C ext=&lt;multifile&gt;
First generic
Then specific non-strict
Then specific strict
Checking list of parsers returned for (non-strict mode) type=C ext=.ac
First generic
Then specific non-strict
Then specific strict
Checking list of parsers returned for (strict mode) type=D ext=.acd
First generic
Then specific strict
Checking list of parsers returned for (strict mode) type=D ext=.bd
First generic
Then specific strict
Checking list of parsers returned for (strict mode) type=D ext=.bcd
First generic
Then specific strict
Checking list of parsers returned for (strict mode) type=D ext=.c
First generic
Then specific strict
Checking list of parsers returned for (strict mode) type=D ext=.abc
First generic
Then specific strict
Checking list of parsers returned for (strict mode) type=D ext=.b
First generic
Then specific strict
Checking list of parsers returned for (strict mode) type=D ext=.ad
First generic
Then specific strict
Checking list of parsers returned for (strict mode) type=D ext=.abd
First generic
Then specific strict
Checking list of parsers returned for (strict mode) type=D ext=.a
First generic
Then specific strict
Checking list of parsers returned for (strict mode) type=D ext=.cd
First generic
Then specific strict
Checking list of parsers returned for (strict mode) type=D ext=.d
First generic
Then specific strict
Checking list of parsers returned for (strict mode) type=D ext=.ab
First generic
Then specific strict
Checking list of parsers returned for (strict mode) type=D ext=.abcd
First generic
Then specific strict
Checking list of parsers returned for (strict mode) type=D ext=.bc
First generic
Then specific strict
Checking list of parsers returned for (strict mode) type=D ext=&lt;multifile&gt;
First generic
Then specific strict
Checking list of parsers returned for (strict mode) type=D ext=.ac
First generic
Then specific strict
Checking list of parsers returned for (non-strict mode) type=A ext=.acd
First generic
Then specific non-strict
Then specific strict
Checking list of parsers returned for (non-strict mode) type=A ext=.bd
First generic
Then specific non-strict
Then specific strict
Checking list of parsers returned for (non-strict mode) type=A ext=.bcd
First generic
Then specific non-strict
Then specific strict
Checking list of parsers returned for (non-strict mode) type=A ext=.c
First generic
Then specific non-strict
Then specific strict
Checking list of parsers returned for (non-strict mode) type=A ext=.abc
First generic
Then specific non-strict
Then specific strict
Checking list of parsers returned for (non-strict mode) type=A ext=.b
First generic
Then specific non-strict
Then specific strict
Checking list of parsers returned for (non-strict mode) type=A ext=.ad
First generic
Then specific non-strict
Then specific strict
Checking list of parsers returned for (non-strict mode) type=A ext=.abd
First generic
Then specific non-strict
Then specific strict
Checking list of parsers returned for (non-strict mode) type=A ext=.a
First generic
Then specific non-strict
Then specific strict
Checking list of parsers returned for (non-strict mode) type=A ext=.cd
First generic
Then specific non-strict
Then specific strict
Checking list of parsers returned for (non-strict mode) type=A ext=.d
First generic
Then specific non-strict
Then specific strict
Checking list of parsers returned for (non-strict mode) type=A ext=.ab
First generic
Then specific non-strict
Then specific strict
Checking list of parsers returned for (non-strict mode) type=A ext=.abcd
First generic
Then specific non-strict
Then specific strict
Checking list of parsers returned for (non-strict mode) type=A ext=.bc
First generic
Then specific non-strict
Then specific strict
Checking list of parsers returned for (non-strict mode) type=A ext=&lt;multifile&gt;
First generic
Then specific non-strict
Then specific strict
Checking list of parsers returned for (non-strict mode) type=A ext=.ac
First generic
Then specific non-strict
Then specific strict
Checking list of parsers returned for (strict mode) type=B ext=.acd
First generic
Then specific strict
Checking list of parsers returned for (strict mode) type=B ext=.bd
First generic
Then specific strict
Checking list of parsers returned for (strict mode) type=B ext=.bcd
First generic
Then specific strict
Checking list of parsers returned for (strict mode) type=B ext=.c
First generic
Then specific strict
Checking list of parsers returned for (strict mode) type=B ext=.abc
First generic
Then specific strict
Checking list of parsers returned for (strict mode) type=B ext=.b
First generic
Then specific strict
Checking list of parsers returned for (strict mode) type=B ext=.ad
First generic
Then specific strict
Checking list of parsers returned for (strict mode) type=B ext=.abd
First generic
Then specific strict
Checking list of parsers returned for (strict mode) type=B ext=.a
First generic
Then specific strict
Checking list of parsers returned for (strict mode) type=B ext=.cd
First generic
Then specific strict
Checking list of parsers returned for (strict mode) type=B ext=.d
First generic
Then specific strict
Checking list of parsers returned for (strict mode) type=B ext=.ab
First generic
Then specific strict
Checking list of parsers returned for (strict mode) type=B ext=.abcd
First generic
Then specific strict
Checking list of parsers returned for (strict mode) type=B ext=.bc
First generic
Then specific strict
Checking list of parsers returned for (strict mode) type=B ext=&lt;multifile&gt;
First generic
Then specific strict
Checking list of parsers returned for (strict mode) type=B ext=.ac
First generic
Then specific strict
Checking list of parsers returned for (non-strict mode) type=C ext=.acd
First generic
Then specific non-strict
Then specific strict
Checking list of parsers returned for (non-strict mode) type=C ext=.bd
First generic
Then specific non-strict
Then specific strict
Checking list of parsers returned for (non-strict mode) type=C ext=.bcd
First generic
Then specific non-strict
Then specific strict
Checking list of parsers returned for (non-strict mode) type=C ext=.c
First generic
Then specific non-strict
Then specific strict
Checking list of parsers returned for (non-strict mode) type=C ext=.abc
First generic
Then specific non-strict
Then specific strict
Checking list of parsers returned for (non-strict mode) type=C ext=.b
First generic
Then specific non-strict
Then specific strict
Checking list of parsers returned for (non-strict mode) type=C ext=.ad
First generic
Then specific non-strict
Then specific strict
Checking list of parsers returned for (non-strict mode) type=C ext=.abd
First generic
Then specific non-strict
Then specific strict
Checking list of parsers returned for (non-strict mode) type=C ext=.a
First generic
Then specific non-strict
Then specific strict
Checking list of parsers returned for (non-strict mode) type=C ext=.cd
First generic
Then specific non-strict
Then specific strict
Checking list of parsers returned for (non-strict mode) type=C ext=.d
First generic
Then specific non-strict
Then specific strict
Checking list of parsers returned for (non-strict mode) type=C ext=.ab
First generic
Then specific non-strict
Then specific strict
Checking list of parsers returned for (non-strict mode) type=C ext=.abcd
First generic
Then specific non-strict
Then specific strict
Checking list of parsers returned for (non-strict mode) type=C ext=.bc
First generic
Then specific non-strict
Then specific strict
Checking list of parsers returned for (non-strict mode) type=C ext=&lt;multifile&gt;
First generic
Then specific non-strict
Then specific strict
Checking list of parsers returned for (non-strict mode) type=C ext=.ac
First generic
Then specific non-strict
Then specific strict
Checking list of parsers returned for (strict mode) type=D ext=.acd
First generic
Then specific strict
Checking list of parsers returned for (strict mode) type=D ext=.bd
First generic
Then specific strict
Checking list of parsers returned for (strict mode) type=D ext=.bcd
First generic
Then specific strict
Checking list of parsers returned for (strict mode) type=D ext=.c
First generic
Then specific strict
Checking list of parsers returned for (strict mode) type=D ext=.abc
First generic
Then specific strict
Checking list of parsers returned for (strict mode) type=D ext=.b
First generic
Then specific strict
Checking list of parsers returned for (strict mode) type=D ext=.ad
First generic
Then specific strict
Checking list of parsers returned for (strict mode) type=D ext=.abd
First generic
Then specific strict
Checking list of parsers returned for (strict mode) type=D ext=.a
First generic
Then specific strict
Checking list of parsers returned for (strict mode) type=D ext=.cd
First generic
Then specific strict
Checking list of parsers returned for (strict mode) type=D ext=.d
First generic
Then specific strict
Checking list of parsers returned for (strict mode) type=D ext=.ab
First generic
Then specific strict
Checking list of parsers returned for (strict mode) type=D ext=.abcd
First generic
Then specific strict
Checking list of parsers returned for (strict mode) type=D ext=.bc
First generic
Then specific strict
Checking list of parsers returned for (strict mode) type=D ext=&lt;multifile&gt;
First generic
Then specific strict
Checking list of parsers returned for (strict mode) type=D ext=.ac
First generic
Then specific strict
Checking list of parsers returned for (non-strict mode) type=A ext=.acd
First generic
Then specific non-strict
Then specific strict
Checking list of parsers returned for (non-strict mode) type=A ext=.bd
First generic
Then specific non-strict
Then specific strict
Checking list of parsers returned for (non-strict mode) type=A ext=.bcd
First generic
Then specific non-strict
Then specific strict
Checking list of parsers returned for (non-strict mode) type=A ext=.c
First generic
Then specific non-strict
Then specific strict
Checking list of parsers returned for (non-strict mode) type=A ext=.abc
First generic
Then specific non-strict
Then specific strict
Checking list of parsers returned for (non-strict mode) type=A ext=.b
First generic
Then specific non-strict
Then specific strict
Checking list of parsers returned for (non-strict mode) type=A ext=.ad
First generic
Then specific non-strict
Then specific strict
Checking list of parsers returned for (non-strict mode) type=A ext=.abd
First generic
Then specific non-strict
Then specific strict
Checking list of parsers returned for (non-strict mode) type=A ext=.a
First generic
Then specific non-strict
Then specific strict
Checking list of parsers returned for (non-strict mode) type=A ext=.cd
First generic
Then specific non-strict
Then specific strict
Checking list of parsers returned for (non-strict mode) type=A ext=.d
First generic
Then specific non-strict
Then specific strict
Checking list of parsers returned for (non-strict mode) type=A ext=.ab
First generic
Then specific non-strict
Then specific strict
Checking list of parsers returned for (non-strict mode) type=A ext=.abcd
First generic
Then specific non-strict
Then specific strict
Checking list of parsers returned for (non-strict mode) type=A ext=.bc
First generic
Then specific non-strict
Then specific strict
Checking list of parsers returned for (non-strict mode) type=A ext=&lt;multifile&gt;
First generic
Then specific non-strict
Then specific strict
Checking list of parsers returned for (non-strict mode) type=A ext=.ac
First generic
Then specific non-strict
Then specific strict
Checking list of parsers returned for (strict mode) type=B ext=.acd
First generic
Then specific strict
Checking list of parsers returned for (strict mode) type=B ext=.bd
First generic
Then specific strict
Checking list of parsers returned for (strict mode) type=B ext=.bcd
First generic
Then specific strict
Checking list of parsers returned for (strict mode) type=B ext=.c
First generic
Then specific strict
Checking list of parsers returned for (strict mode) type=B ext=.abc
First generic
Then specific strict
Checking list of parsers returned for (strict mode) type=B ext=.b
First generic
Then specific strict
Checking list of parsers returned for (strict mode) type=B ext=.ad
First generic
Then specific strict
Checking list of parsers returned for (strict mode) type=B ext=.abd
First generic
Then specific strict
Checking list of parsers returned for (strict mode) type=B ext=.a
First generic
Then specific strict
Checking list of parsers returned for (strict mode) type=B ext=.cd
First generic
Then specific strict
Checking list of parsers returned for (strict mode) type=B ext=.d
First generic
Then specific strict
Checking list of parsers returned for (strict mode) type=B ext=.ab
First generic
Then specific strict
Checking list of parsers returned for (strict mode) type=B ext=.abcd
First generic
Then specific strict
Checking list of parsers returned for (strict mode) type=B ext=.bc
First generic
Then specific strict
Checking list of parsers returned for (strict mode) type=B ext=&lt;multifile&gt;
First generic
Then specific strict
Checking list of parsers returned for (strict mode) type=B ext=.ac
First generic
Then specific strict
Checking list of parsers returned for (non-strict mode) type=C ext=.acd
First generic
Then specific non-strict
Then specific strict
Checking list of parsers returned for (non-strict mode) type=C ext=.bd
First generic
Then specific non-strict
Then specific strict
Checking list of parsers returned for (non-strict mode) type=C ext=.bcd
First generic
Then specific non-strict
Then specific strict
Checking list of parsers returned for (non-strict mode) type=C ext=.c
First generic
Then specific non-strict
Then specific strict
Checking list of parsers returned for (non-strict mode) type=C ext=.abc
First generic
Then specific non-strict
Then specific strict
Checking list of parsers returned for (non-strict mode) type=C ext=.b
First generic
Then specific non-strict
Then specific strict
Checking list of parsers returned for (non-strict mode) type=C ext=.ad
First generic
Then specific non-strict
Then specific strict
Checking list of parsers returned for (non-strict mode) type=C ext=.abd
First generic
Then specific non-strict
Then specific strict
Checking list of parsers returned for (non-strict mode) type=C ext=.a
First generic
Then specific non-strict
Then specific strict
Checking list of parsers returned for (non-strict mode) type=C ext=.cd
First generic
Then specific non-strict
Then specific strict
Checking list of parsers returned for (non-strict mode) type=C ext=.d
First generic
Then specific non-strict
Then specific strict
Checking list of parsers returned for (non-strict mode) type=C ext=.ab
First generic
Then specific non-strict
Then specific strict
Checking list of parsers returned for (non-strict mode) type=C ext=.abcd
First generic
Then specific non-strict
Then specific strict
Checking list of parsers returned for (non-strict mode) type=C ext=.bc
First generic
Then specific non-strict
Then specific strict
Checking list of parsers returned for (non-strict mode) type=C ext=&lt;multifile&gt;
First generic
Then specific non-strict
Then specific strict
Checking list of parsers returned for (non-strict mode) type=C ext=.ac
First generic
Then specific non-strict
Then specific strict
Checking list of parsers returned for (strict mode) type=D ext=.acd
First generic
Then specific strict
Checking list of parsers returned for (strict mode) type=D ext=.bd
First generic
Then specific strict
Checking list of parsers returned for (strict mode) type=D ext=.bcd
First generic
Then specific strict
Checking list of parsers returned for (strict mode) type=D ext=.c
First generic
Then specific strict
Checking list of parsers returned for (strict mode) type=D ext=.abc
First generic
Then specific strict
Checking list of parsers returned for (strict mode) type=D ext=.b
First generic
Then specific strict
Checking list of parsers returned for (strict mode) type=D ext=.ad
First generic
Then specific strict
Checking list of parsers returned for (strict mode) type=D ext=.abd
First generic
Then specific strict
Checking list of parsers returned for (strict mode) type=D ext=.a
First generic
Then specific strict
Checking list of parsers returned for (strict mode) type=D ext=.cd
First generic
Then specific strict
Checking list of parsers returned for (strict mode) type=D ext=.d
First generic
Then specific strict
Checking list of parsers returned for (strict mode) type=D ext=.ab
First generic
Then specific strict
Checking list of parsers returned for (strict mode) type=D ext=.abcd
First generic
Then specific strict
Checking list of parsers returned for (strict mode) type=D ext=.bc
First generic
Then specific strict
Checking list of parsers returned for (strict mode) type=D ext=&lt;multifile&gt;
First generic
Then specific strict
Checking list of parsers returned for (strict mode) type=D ext=.ac
First generic
Then specific strict
Checking list of parsers returned for (non-strict mode) type=A ext=.acd
First generic
Then specific non-strict
Then specific strict
Checking list of parsers returned for (non-strict mode) type=A ext=.bd
First generic
Then specific non-strict
Then specific strict
Checking list of parsers returned for (non-strict mode) type=A ext=.bcd
First generic
Then specific non-strict
Then specific strict
Checking list of parsers returned for (non-strict mode) type=A ext=.c
First generic
Then specific non-strict
Then specific strict
Checking list of parsers returned for (non-strict mode) type=A ext=.abc
First generic
Then specific non-strict
Then specific strict
Checking list of parsers returned for (non-strict mode) type=A ext=.b
First generic
Then specific non-strict
Then specific strict
Checking list of parsers returned for (non-strict mode) type=A ext=.ad
First generic
Then specific non-strict
Then specific strict
Checking list of parsers returned for (non-strict mode) type=A ext=.abd
First generic
Then specific non-strict
Then specific strict
Checking list of parsers returned for (non-strict mode) type=A ext=.a
First generic
Then specific non-strict
Then specific strict
Checking list of parsers returned for (non-strict mode) type=A ext=.cd
First generic
Then specific non-strict
Then specific strict
Checking list of parsers returned for (non-strict mode) type=A ext=.d
First generic
Then specific non-strict
Then specific strict
Checking list of parsers returned for (non-strict mode) type=A ext=.ab
First generic
Then specific non-strict
Then specific strict
Checking list of parsers returned for (non-strict mode) type=A ext=.abcd
First generic
Then specific non-strict
Then specific strict
Checking list of parsers returned for (non-strict mode) type=A ext=.bc
First generic
Then specific non-strict
Then specific strict
Checking list of parsers returned for (non-strict mode) type=A ext=&lt;multifile&gt;
First generic
Then specific non-strict
Then specific strict
Checking list of parsers returned for (non-strict mode) type=A ext=.ac
First generic
Then specific non-strict
Then specific strict
Checking list of parsers returned for (strict mode) type=B ext=.acd
First generic
Then specific strict
Checking list of parsers returned for (strict mode) type=B ext=.bd
First generic
Then specific strict
Checking list of parsers returned for (strict mode) type=B ext=.bcd
First generic
Then specific strict
Checking list of parsers returned for (strict mode) type=B ext=.c
First generic
Then specific strict
Checking list of parsers returned for (strict mode) type=B ext=.abc
First generic
Then specific strict
Checking list of parsers returned for (strict mode) type=B ext=.b
First generic
Then specific strict
Checking list of parsers returned for (strict mode) type=B ext=.ad
First generic
Then specific strict
Checking list of parsers returned for (strict mode) type=B ext=.abd
First generic
Then specific strict
Checking list of parsers returned for (strict mode) type=B ext=.a
First generic
Then specific strict
Checking list of parsers returned for (strict mode) type=B ext=.cd
First generic
Then specific strict
Checking list of parsers returned for (strict mode) type=B ext=.d
First generic
Then specific strict
Checking list of parsers returned for (strict mode) type=B ext=.ab
First generic
Then specific strict
Checking list of parsers returned for (strict mode) type=B ext=.abcd
First generic
Then specific strict
Checking list of parsers returned for (strict mode) type=B ext=.bc
First generic
Then specific strict
Checking list of parsers returned for (strict mode) type=B ext=&lt;multifile&gt;
First generic
Then specific strict
Checking list of parsers returned for (strict mode) type=B ext=.ac
First generic
Then specific strict
Checking list of parsers returned for (non-strict mode) type=C ext=.acd
First generic
Then specific non-strict
Then specific strict
Checking list of parsers returned for (non-strict mode) type=C ext=.bd
First generic
Then specific non-strict
Then specific strict
Checking list of parsers returned for (non-strict mode) type=C ext=.bcd
First generic
Then specific non-strict
Then specific strict
Checking list of parsers returned for (non-strict mode) type=C ext=.c
First generic
Then specific non-strict
Then specific strict
Checking list of parsers returned for (non-strict mode) type=C ext=.abc
First generic
Then specific non-strict
Then specific strict
Checking list of parsers returned for (non-strict mode) type=C ext=.b
First generic
Then specific non-strict
Then specific strict
Checking list of parsers returned for (non-strict mode) type=C ext=.ad
First generic
Then specific non-strict
Then specific strict
Checking list of parsers returned for (non-strict mode) type=C ext=.abd
First generic
Then specific non-strict
Then specific strict
Checking list of parsers returned for (non-strict mode) type=C ext=.a
First generic
Then specific non-strict
Then specific strict
Checking list of parsers returned for (non-strict mode) type=C ext=.cd
First generic
Then specific non-strict
Then specific strict
Checking list of parsers returned for (non-strict mode) type=C ext=.d
First generic
Then specific non-strict
Then specific strict
Checking list of parsers returned for (non-strict mode) type=C ext=.ab
First generic
Then specific non-strict
Then specific strict
Checking list of parsers returned for (non-strict mode) type=C ext=.abcd
First generic
Then specific non-strict
Then specific strict
Checking list of parsers returned for (non-strict mode) type=C ext=.bc
First generic
Then specific non-strict
Then specific strict
Checking list of parsers returned for (non-strict mode) type=C ext=&lt;multifile&gt;
First generic
Then specific non-strict
Then specific strict
Checking list of parsers returned for (non-strict mode) type=C ext=.ac
First generic
Then specific non-strict
Then specific strict
Checking list of parsers returned for (strict mode) type=D ext=.acd
First generic
Then specific strict
Checking list of parsers returned for (strict mode) type=D ext=.bd
First generic
Then specific strict
Checking list of parsers returned for (strict mode) type=D ext=.bcd
First generic
Then specific strict
Checking list of parsers returned for (strict mode) type=D ext=.c
First generic
Then specific strict
Checking list of parsers returned for (strict mode) type=D ext=.abc
First generic
Then specific strict
Checking list of parsers returned for (strict mode) type=D ext=.b
First generic
Then specific strict
Checking list of parsers returned for (strict mode) type=D ext=.ad
First generic
Then specific strict
Checking list of parsers returned for (strict mode) type=D ext=.abd
First generic
Then specific strict
Checking list of parsers returned for (strict mode) type=D ext=.a
First generic
Then specific strict
Checking list of parsers returned for (strict mode) type=D ext=.cd
First generic
Then specific strict
Checking list of parsers returned for (strict mode) type=D ext=.d
First generic
Then specific strict
Checking list of parsers returned for (strict mode) type=D ext=.ab
First generic
Then specific strict
Checking list of parsers returned for (strict mode) type=D ext=.abcd
First generic
Then specific strict
Checking list of parsers returned for (strict mode) type=D ext=.bc
First generic
Then specific strict
Checking list of parsers returned for (strict mode) type=D ext=&lt;multifile&gt;
First generic
Then specific strict
Checking list of parsers returned for (strict mode) type=D ext=.ac
First generic
Then specific strict
Checking list of parsers returned for (non-strict mode) type=A ext=.acd
First generic
Then specific non-strict
Then specific strict
Checking list of parsers returned for (non-strict mode) type=A ext=.bd
First generic
Then specific non-strict
Then specific strict
Checking list of parsers returned for (non-strict mode) type=A ext=.bcd
First generic
Then specific non-strict
Then specific strict
Checking list of parsers returned for (non-strict mode) type=A ext=.c
First generic
Then specific non-strict
Then specific strict
Checking list of parsers returned for (non-strict mode) type=A ext=.abc
First generic
Then specific non-strict
Then specific strict
Checking list of parsers returned for (non-strict mode) type=A ext=.b
First generic
Then specific non-strict
Then specific strict
Checking list of parsers returned for (non-strict mode) type=A ext=.ad
First generic
Then specific non-strict
Then specific strict
Checking list of parsers returned for (non-strict mode) type=A ext=.abd
First generic
Then specific non-strict
Then specific strict
Checking list of parsers returned for (non-strict mode) type=A ext=.a
First generic
Then specific non-strict
Then specific strict
Checking list of parsers returned for (non-strict mode) type=A ext=.cd
First generic
Then specific non-strict
Then specific strict
Checking list of parsers returned for (non-strict mode) type=A ext=.d
First generic
Then specific non-strict
Then specific strict
Checking list of parsers returned for (non-strict mode) type=A ext=.ab
First generic
Then specific non-strict
Then specific strict
Checking list of parsers returned for (non-strict mode) type=A ext=.abcd
First generic
Then specific non-strict
Then specific strict
Checking list of parsers returned for (non-strict mode) type=A ext=.bc
First generic
Then specific non-strict
Then specific strict
Checking list of parsers returned for (non-strict mode) type=A ext=&lt;multifile&gt;
First generic
Then specific non-strict
Then specific strict
Checking list of parsers returned for (non-strict mode) type=A ext=.ac
First generic
Then specific non-strict
Then specific strict
Checking list of parsers returned for (strict mode) type=B ext=.acd
First generic
Then specific strict
Checking list of parsers returned for (strict mode) type=B ext=.bd
First generic
Then specific strict
Checking list of parsers returned for (strict mode) type=B ext=.bcd
First generic
Then specific strict
Checking list of parsers returned for (strict mode) type=B ext=.c
First generic
Then specific strict
Checking list of parsers returned for (strict mode) type=B ext=.abc
First generic
Then specific strict
Checking list of parsers returned for (strict mode) type=B ext=.b
First generic
Then specific strict
Checking list of parsers returned for (strict mode) type=B ext=.ad
First generic
Then specific strict
Checking list of parsers returned for (strict mode) type=B ext=.abd
First generic
Then specific strict
Checking list of parsers returned for (strict mode) type=B ext=.a
First generic
Then specific strict
Checking list of parsers returned for (strict mode) type=B ext=.cd
First generic
Then specific strict
Checking list of parsers returned for (strict mode) type=B ext=.d
First generic
Then specific strict
Checking list of parsers returned for (strict mode) type=B ext=.ab
First generic
Then specific strict
Checking list of parsers returned for (strict mode) type=B ext=.abcd
First generic
Then specific strict
Checking list of parsers returned for (strict mode) type=B ext=.bc
First generic
Then specific strict
Checking list of parsers returned for (strict mode) type=B ext=&lt;multifile&gt;
First generic
Then specific strict
Checking list of parsers returned for (strict mode) type=B ext=.ac
First generic
Then specific strict
Checking list of parsers returned for (non-strict mode) type=C ext=.acd
First generic
Then specific non-strict
Then specific strict
Checking list of parsers returned for (non-strict mode) type=C ext=.bd
First generic
Then specific non-strict
Then specific strict
Checking list of parsers returned for (non-strict mode) type=C ext=.bcd
First generic
Then specific non-strict
Then specific strict
Checking list of parsers returned for (non-strict mode) type=C ext=.c
First generic
Then specific non-strict
Then specific strict
Checking list of parsers returned for (non-strict mode) type=C ext=.abc
First generic
Then specific non-strict
Then specific strict
Checking list of parsers returned for (non-strict mode) type=C ext=.b
First generic
Then specific non-strict
Then specific strict
Checking list of parsers returned for (non-strict mode) type=C ext=.ad
First generic
Then specific non-strict
Then specific strict
Checking list of parsers returned for (non-strict mode) type=C ext=.abd
First generic
Then specific non-strict
Then specific strict
Checking list of parsers returned for (non-strict mode) type=C ext=.a
First generic
Then specific non-strict
Then specific strict
Checking list of parsers returned for (non-strict mode) type=C ext=.cd
First generic
Then specific non-strict
Then specific strict
Checking list of parsers returned for (non-strict mode) type=C ext=.d
First generic
Then specific non-strict
Then specific strict
Checking list of parsers returned for (non-strict mode) type=C ext=.ab
First generic
Then specific non-strict
Then specific strict
Checking list of parsers returned for (non-strict mode) type=C ext=.abcd
First generic
Then specific non-strict
Then specific strict
Checking list of parsers returned for (non-strict mode) type=C ext=.bc
First generic
Then specific non-strict
Then specific strict
Checking list of parsers returned for (non-strict mode) type=C ext=&lt;multifile&gt;
First generic
Then specific non-strict
Then specific strict
Checking list of parsers returned for (non-strict mode) type=C ext=.ac
First generic
Then specific non-strict
Then specific strict
Checking list of parsers returned for (strict mode) type=D ext=.acd
First generic
Then specific strict
Checking list of parsers returned for (strict mode) type=D ext=.bd
First generic
Then specific strict
Checking list of parsers returned for (strict mode) type=D ext=.bcd
First generic
Then specific strict
Checking list of parsers returned for (strict mode) type=D ext=.c
First generic
Then specific strict
Checking list of parsers returned for (strict mode) type=D ext=.abc
First generic
Then specific strict
Checking list of parsers returned for (strict mode) type=D ext=.b
First generic
Then specific strict
Checking list of parsers returned for (strict mode) type=D ext=.ad
First generic
Then specific strict
Checking list of parsers returned for (strict mode) type=D ext=.abd
First generic
Then specific strict
Checking list of parsers returned for (strict mode) type=D ext=.a
First generic
Then specific strict
Checking list of parsers returned for (strict mode) type=D ext=.cd
First generic
Then specific strict
Checking list of parsers returned for (strict mode) type=D ext=.d
First generic
Then specific strict
Checking list of parsers returned for (strict mode) type=D ext=.ab
First generic
Then specific strict
Checking list of parsers returned for (strict mode) type=D ext=.abcd
First generic
Then specific strict
Checking list of parsers returned for (strict mode) type=D ext=.bc
First generic
Then specific strict
Checking list of parsers returned for (strict mode) type=D ext=&lt;multifile&gt;
First generic
Then specific strict
Checking list of parsers returned for (strict mode) type=D ext=.ac
First generic
Then specific strict
Checking list of parsers returned for (non-strict mode) type=A ext=.acd
First generic
Then specific non-strict
Then specific strict
Checking list of parsers returned for (non-strict mode) type=A ext=.bd
First generic
Then specific non-strict
Then specific strict
Checking list of parsers returned for (non-strict mode) type=A ext=.bcd
First generic
Then specific non-strict
Then specific strict
Checking list of parsers returned for (non-strict mode) type=A ext=.c
First generic
Then specific non-strict
Then specific strict
Checking list of parsers returned for (non-strict mode) type=A ext=.abc
First generic
Then specific non-strict
Then specific strict
Checking list of parsers returned for (non-strict mode) type=A ext=.b
First generic
Then specific non-strict
Then specific strict
Checking list of parsers returned for (non-strict mode) type=A ext=.ad
First generic
Then specific non-strict
Then specific strict
Checking list of parsers returned for (non-strict mode) type=A ext=.abd
First generic
Then specific non-strict
Then specific strict
Checking list of parsers returned for (non-strict mode) type=A ext=.a
First generic
Then specific non-strict
Then specific strict
Checking list of parsers returned for (non-strict mode) type=A ext=.cd
First generic
Then specific non-strict
Then specific strict
Checking list of parsers returned for (non-strict mode) type=A ext=.d
First generic
Then specific non-strict
Then specific strict
Checking list of parsers returned for (non-strict mode) type=A ext=.ab
First generic
Then specific non-strict
Then specific strict
Checking list of parsers returned for (non-strict mode) type=A ext=.abcd
First generic
Then specific non-strict
Then specific strict
Checking list of parsers returned for (non-strict mode) type=A ext=.bc
First generic
Then specific non-strict
Then specific strict
Checking list of parsers returned for (non-strict mode) type=A ext=&lt;multifile&gt;
First generic
Then specific non-strict
Then specific strict
Checking list of parsers returned for (non-strict mode) type=A ext=.ac
First generic
Then specific non-strict
Then specific strict
Checking list of parsers returned for (strict mode) type=B ext=.acd
First generic
Then specific strict
Checking list of parsers returned for (strict mode) type=B ext=.bd
First generic
Then specific strict
Checking list of parsers returned for (strict mode) type=B ext=.bcd
First generic
Then specific strict
Checking list of parsers returned for (strict mode) type=B ext=.c
First generic
Then specific strict
Checking list of parsers returned for (strict mode) type=B ext=.abc
First generic
Then specific strict
Checking list of parsers returned for (strict mode) type=B ext=.b
First generic
Then specific strict
Checking list of parsers returned for (strict mode) type=B ext=.ad
First generic
Then specific strict
Checking list of parsers returned for (strict mode) type=B ext=.abd
First generic
Then specific strict
Checking list of parsers returned for (strict mode) type=B ext=.a
First generic
Then specific strict
Checking list of parsers returned for (strict mode) type=B ext=.cd
First generic
Then specific strict
Checking list of parsers returned for (strict mode) type=B ext=.d
First generic
Then specific strict
Checking list of parsers returned for (strict mode) type=B ext=.ab
First generic
Then specific strict
Checking list of parsers returned for (strict mode) type=B ext=.abcd
First generic
Then specific strict
Checking list of parsers returned for (strict mode) type=B ext=.bc
First generic
Then specific strict
Checking list of parsers returned for (strict mode) type=B ext=&lt;multifile&gt;
First generic
Then specific strict
Checking list of parsers returned for (strict mode) type=B ext=.ac
First generic
Then specific strict
Checking list of parsers returned for (non-strict mode) type=C ext=.acd
First generic
Then specific non-strict
Then specific strict
Checking list of parsers returned for (non-strict mode) type=C ext=.bd
First generic
Then specific non-strict
Then specific strict
Checking list of parsers returned for (non-strict mode) type=C ext=.bcd
First generic
Then specific non-strict
Then specific strict
Checking list of parsers returned for (non-strict mode) type=C ext=.c
First generic
Then specific non-strict
Then specific strict
Checking list of parsers returned for (non-strict mode) type=C ext=.abc
First generic
Then specific non-strict
Then specific strict
Checking list of parsers returned for (non-strict mode) type=C ext=.b
First generic
Then specific non-strict
Then specific strict
Checking list of parsers returned for (non-strict mode) type=C ext=.ad
First generic
Then specific non-strict
Then specific strict
Checking list of parsers returned for (non-strict mode) type=C ext=.abd
First generic
Then specific non-strict
Then specific strict
Checking list of parsers returned for (non-strict mode) type=C ext=.a
First generic
Then specific non-strict
Then specific strict
Checking list of parsers returned for (non-strict mode) type=C ext=.cd
First generic
Then specific non-strict
Then specific strict
Checking list of parsers returned for (non-strict mode) type=C ext=.d
First generic
Then specific non-strict
Then specific strict
Checking list of parsers returned for (non-strict mode) type=C ext=.ab
First generic
Then specific non-strict
Then specific strict
Checking list of parsers returned for (non-strict mode) type=C ext=.abcd
First generic
Then specific non-strict
Then specific strict
Checking list of parsers returned for (non-strict mode) type=C ext=.bc
First generic
Then specific non-strict
Then specific strict
Checking list of parsers returned for (non-strict mode) type=C ext=&lt;multifile&gt;
First generic
Then specific non-strict
Then specific strict
Checking list of parsers returned for (non-strict mode) type=C ext=.ac
First generic
Then specific non-strict
Then specific strict
Checking list of parsers returned for (strict mode) type=D ext=.acd
First generic
Then specific strict
Checking list of parsers returned for (strict mode) type=D ext=.bd
First generic
Then specific strict
Checking list of parsers returned for (strict mode) type=D ext=.bcd
First generic
Then specific strict
Checking list of parsers returned for (strict mode) type=D ext=.c
First generic
Then specific strict
Checking list of parsers returned for (strict mode) type=D ext=.abc
First generic
Then specific strict
Checking list of parsers returned for (strict mode) type=D ext=.b
First generic
Then specific strict
Checking list of parsers returned for (strict mode) type=D ext=.ad
First generic
Then specific strict
Checking list of parsers returned for (strict mode) type=D ext=.abd
First generic
Then specific strict
Checking list of parsers returned for (strict mode) type=D ext=.a
First generic
Then specific strict
Checking list of parsers returned for (strict mode) type=D ext=.cd
First generic
Then specific strict
Checking list of parsers returned for (strict mode) type=D ext=.d
First generic
Then specific strict
Checking list of parsers returned for (strict mode) type=D ext=.ab
First generic
Then specific strict
Checking list of parsers returned for (strict mode) type=D ext=.abcd
First generic
Then specific strict
Checking list of parsers returned for (strict mode) type=D ext=.bc
First generic
Then specific strict
Checking list of parsers returned for (strict mode) type=D ext=&lt;multifile&gt;
First generic
Then specific strict
Checking list of parsers returned for (strict mode) type=D ext=.ac
First generic
Then specific strict
Checking list of parsers returned for (non-strict mode) type=A ext=.acd
First generic
Then specific non-strict
Then specific strict
Checking list of parsers returned for (non-strict mode) type=A ext=.bd
First generic
Then specific non-strict
Then specific strict
Checking list of parsers returned for (non-strict mode) type=A ext=.bcd
First generic
Then specific non-strict
Then specific strict
Checking list of parsers returned for (non-strict mode) type=A ext=.c
First generic
Then specific non-strict
Then specific strict
Checking list of parsers returned for (non-strict mode) type=A ext=.abc
First generic
Then specific non-strict
Then specific strict
Checking list of parsers returned for (non-strict mode) type=A ext=.b
First generic
Then specific non-strict
Then specific strict
Checking list of parsers returned for (non-strict mode) type=A ext=.ad
First generic
Then specific non-strict
Then specific strict
Checking list of parsers returned for (non-strict mode) type=A ext=.abd
First generic
Then specific non-strict
Then specific strict
Checking list of parsers returned for (non-strict mode) type=A ext=.a
First generic
Then specific non-strict
Then specific strict
Checking list of parsers returned for (non-strict mode) type=A ext=.cd
First generic
Then specific non-strict
Then specific strict
Checking list of parsers returned for (non-strict mode) type=A ext=.d
First generic
Then specific non-strict
Then specific strict
Checking list of parsers returned for (non-strict mode) type=A ext=.ab
First generic
Then specific non-strict
Then specific strict
Checking list of parsers returned for (non-strict mode) type=A ext=.abcd
First generic
Then specific non-strict
Then specific strict
Checking list of parsers returned for (non-strict mode) type=A ext=.bc
First generic
Then specific non-strict
Then specific strict
Checking list of parsers returned for (non-strict mode) type=A ext=&lt;multifile&gt;
First generic
Then specific non-strict
Then specific strict
Checking list of parsers returned for (non-strict mode) type=A ext=.ac
First generic
Then specific non-strict
Then specific strict
Checking list of parsers returned for (strict mode) type=B ext=.acd
First generic
Then specific strict
Checking list of parsers returned for (strict mode) type=B ext=.bd
First generic
Then specific strict
Checking list of parsers returned for (strict mode) type=B ext=.bcd
First generic
Then specific strict
Checking list of parsers returned for (strict mode) type=B ext=.c
First generic
Then specific strict
Checking list of parsers returned for (strict mode) type=B ext=.abc
First generic
Then specific strict
Checking list of parsers returned for (strict mode) type=B ext=.b
First generic
Then specific strict
Checking list of parsers returned for (strict mode) type=B ext=.ad
First generic
Then specific strict
Checking list of parsers returned for (strict mode) type=B ext=.abd
First generic
Then specific strict
Checking list of parsers returned for (strict mode) type=B ext=.a
First generic
Then specific strict
Checking list of parsers returned for (strict mode) type=B ext=.cd
First generic
Then specific strict
Checking list of parsers returned for (strict mode) type=B ext=.d
First generic
Then specific strict
Checking list of parsers returned for (strict mode) type=B ext=.ab
First generic
Then specific strict
Checking list of parsers returned for (strict mode) type=B ext=.abcd
First generic
Then specific strict
Checking list of parsers returned for (strict mode) type=B ext=.bc
First generic
Then specific strict
Checking list of parsers returned for (strict mode) type=B ext=&lt;multifile&gt;
First generic
Then specific strict
Checking list of parsers returned for (strict mode) type=B ext=.ac
First generic
Then specific strict
Checking list of parsers returned for (non-strict mode) type=C ext=.acd
First generic
Then specific non-strict
Then specific strict
Checking list of parsers returned for (non-strict mode) type=C ext=.bd
First generic
Then specific non-strict
Then specific strict
Checking list of parsers returned for (non-strict mode) type=C ext=.bcd
First generic
Then specific non-strict
Then specific strict
Checking list of parsers returned for (non-strict mode) type=C ext=.c
First generic
Then specific non-strict
Then specific strict
Checking list of parsers returned for (non-strict mode) type=C ext=.abc
First generic
Then specific non-strict
Then specific strict
Checking list of parsers returned for (non-strict mode) type=C ext=.b
First generic
Then specific non-strict
Then specific strict
Checking list of parsers returned for (non-strict mode) type=C ext=.ad
First generic
Then specific non-strict
Then specific strict
Checking list of parsers returned for (non-strict mode) type=C ext=.abd
First generic
Then specific non-strict
Then specific strict
Checking list of parsers returned for (non-strict mode) type=C ext=.a
First generic
Then specific non-strict
Then specific strict
Checking list of parsers returned for (non-strict mode) type=C ext=.cd
First generic
Then specific non-strict
Then specific strict
Checking list of parsers returned for (non-strict mode) type=C ext=.d
First generic
Then specific non-strict
Then specific strict
Checking list of parsers returned for (non-strict mode) type=C ext=.ab
First generic
Then specific non-strict
Then specific strict
Checking list of parsers returned for (non-strict mode) type=C ext=.abcd
First generic
Then specific non-strict
Then specific strict
Checking list of parsers returned for (non-strict mode) type=C ext=.bc
First generic
Then specific non-strict
Then specific strict
Checking list of parsers returned for (non-strict mode) type=C ext=&lt;multifile&gt;
First generic
Then specific non-strict
Then specific strict
Checking list of parsers returned for (non-strict mode) type=C ext=.ac
First generic
Then specific non-strict
Then specific strict
Checking list of parsers returned for (strict mode) type=D ext=.acd
First generic
Then specific strict
Checking list of parsers returned for (strict mode) type=D ext=.bd
First generic
Then specific strict
Checking list of parsers returned for (strict mode) type=D ext=.bcd
First generic
Then specific strict
Checking list of parsers returned for (strict mode) type=D ext=.c
First generic
Then specific strict
Checking list of parsers returned for (strict mode) type=D ext=.abc
First generic
Then specific strict
Checking list of parsers returned for (strict mode) type=D ext=.b
First generic
Then specific strict
Checking list of parsers returned for (strict mode) type=D ext=.ad
First generic
Then specific strict
Checking list of parsers returned for (strict mode) type=D ext=.abd
First generic
Then specific strict
Checking list of parsers returned for (strict mode) type=D ext=.a
First generic
Then specific strict
Checking list of parsers returned for (strict mode) type=D ext=.cd
First generic
Then specific strict
Checking list of parsers returned for (strict mode) type=D ext=.d
First generic
Then specific strict
Checking list of parsers returned for (strict mode) type=D ext=.ab
First generic
Then specific strict
Checking list of parsers returned for (strict mode) type=D ext=.abcd
First generic
Then specific strict
Checking list of parsers returned for (strict mode) type=D ext=.bc
First generic
Then specific strict
Checking list of parsers returned for (strict mode) type=D ext=&lt;multifile&gt;
First generic
Then specific strict
Checking list of parsers returned for (strict mode) type=D ext=.ac
First generic
Then specific strict
</system-out></testcase><testcase classname="parsyfiles.tests.demo.test_parsyfiles_readme.DemoTests" file="parsyfiles/tests/demo/test_parsyfiles_readme.py" line="32" name="test_a_helloworld" time="0.06507325172424316"><system-out>**** Starting to parse single object of type &lt;str&gt; at location /home/travis/build/smarie/python-parsyfiles/parsyfiles/tests/demo/hello_world ****
Checking all files under [/home/travis/build/smarie/python-parsyfiles/parsyfiles/tests/demo/hello_world]
/home/travis/build/smarie/python-parsyfiles/parsyfiles/tests/demo/hello_world
**** Starting to parse single object of type &lt;str&gt; at location /home/travis/build/smarie/python-parsyfiles/parsyfiles/tests/demo/a_helloworld/hello_world.txt ****
Checking all files under [/home/travis/build/smarie/python-parsyfiles/parsyfiles/tests/demo/a_helloworld/hello_world.txt]
/home/travis/build/smarie/python-parsyfiles/parsyfiles/tests/demo/a_helloworld/hello_world.txt
**** Starting to parse single object of type &lt;str&gt; at location /home/travis/build/smarie/python-parsyfiles/parsyfiles/tests/demo/a_helloworld/hello_world ****
Checking all files under [/home/travis/build/smarie/python-parsyfiles/parsyfiles/tests/demo/a_helloworld/hello_world]
(C) /home/travis/build/smarie/python-parsyfiles/parsyfiles/tests/demo/a_helloworld/hello_world (singlefile, .txt)
File checks done

Building a parsing plan to parse [/home/travis/build/smarie/python-parsyfiles/parsyfiles/tests/demo/a_helloworld/hello_world] into a str
(B) /home/travis/build/smarie/python-parsyfiles/parsyfiles/tests/demo/a_helloworld/hello_world.txt -&gt; str ------- using [Try &apos;&lt;read_str_from_txt&gt;&apos; -&gt; [str] then &apos;[Try &apos;$&lt;read_str_from_txt&gt; =&gt; &lt;constructor_with_str_arg&gt;$&apos; then &apos;$&lt;read_str_from_txt&gt; =&gt; &lt;base64_ascii_str_pickle_to_object&gt;$]&apos;]&apos; -&gt; [_rstr] then &apos;[Try &apos;$&lt;read_str_from_txt&gt; =&gt; &lt;constructor_with_str_arg&gt;$&apos; then &apos;$&lt;read_str_from_txt&gt; =&gt; &lt;base64_ascii_str_pickle_to_object&gt;$]&apos;]&apos; -&gt; [str_]]]
(B)                                                                             |--hello_world.txt -&gt; str ------- using &lt;read_str_from_txt&gt;
Parsing Plan created successfully

Executing Parsing Plan for [/home/travis/build/smarie/python-parsyfiles/parsyfiles/tests/demo/a_helloworld/hello_world]
(P) /home/travis/build/smarie/python-parsyfiles/parsyfiles/tests/demo/a_helloworld/hello_world.txt -&gt; str ------- using &lt;read_str_from_txt&gt;
(P)                                                                             |--hello_world.txt -&gt; str SUCCESS !
Completed parsing successfully

hello
</system-out></testcase><testcase classname="parsyfiles.tests.demo.test_parsyfiles_readme.DemoTests" file="parsyfiles/tests/demo/test_parsyfiles_readme.py" line="281" name="test_multifile_objects" time="0.8054256439208984"><system-out>**** Starting to parse collection of &lt;ExecOpSeriesTest&gt; at location /home/travis/build/smarie/python-parsyfiles/parsyfiles/tests/demo/./complex_objects ****
Checking all files under [/home/travis/build/smarie/python-parsyfiles/parsyfiles/tests/demo/./complex_objects]
(C) /home/travis/build/smarie/python-parsyfiles/parsyfiles/tests/demo/./complex_objects (multifile)
(C)                                                                                  |--case1 (multifile)
(C)                                                                                        |--expected_results (singlefile, .txt)
(C)                                                                                        |--x (singlefile, .csv)
(C)                                                                                        |--y (singlefile, .txt)
(C)                                                                                  |--case2 (multifile)
(C)                                                                                        |--expected_results (singlefile, .txt)
(C)                                                                                        |--x (singlefile, .csv)
(C)                                                                                        |--y (singlefile, .txt)
File checks done

Building a parsing plan to parse [/home/travis/build/smarie/python-parsyfiles/parsyfiles/tests/demo/./complex_objects] into a Dict[str, ExecOpSeriesTest]
(B) /home/travis/build/smarie/python-parsyfiles/parsyfiles/tests/demo/./complex_objects -&gt; Dict[str, ExecOpSeriesTest] ------- using Multifile Collection parser (parsyfiles defaults)
(B)                                                                                  |--case1 -&gt; ExecOpSeriesTest ------- using Multifile Object parser (parsyfiles defaults)
(B)                                                                                        |--expected_results.txt -&gt; AlgoResults ------- using [Try &apos;$&lt;read_dict_from_properties&gt; =&gt; &lt;dict_to_object&gt;$&apos; then &apos;$&lt;read_str_from_txt&gt; =&gt; &lt;constructor_with_str_arg&gt;$&apos; then &apos;$&lt;read_str_from_txt&gt; =&gt; &lt;base64_ascii_str_pickle_to_object&gt;$&apos; then &apos;$&lt;read_df_or_series_from_csv&gt; =&gt; &lt;single_row_or_col_df_to_dict&gt; -&gt; &lt;dict_to_object&gt;$]&apos;]
(B)                                                                                        |--expected_results.txt -&gt; AlgoResults ------- using $&lt;read_dict_from_properties&gt; =&gt; &lt;dict_to_object&gt;$
WARNING: Object constructor signature for type SparseSeries does not allow parsyfiles to automatically create instances from dict content. Caught TypeInformationRequiredError: Cannot create instances of type &lt;class &apos;pandas.core.sparse.series.SparseSeries&apos;&gt;: constructor attribute &apos;data&apos; has no PEP484 type hint.
NoParserFoundForObjectExt - /home/travis/build/smarie/python-parsyfiles/parsyfiles/tests/demo/./complex_objects/case1/x (singlefile, .csv) cannot be parsed as a SparseSeries because no parser supporting that extension (singlefile, .csv) is able to create this type of object. If you wish to parse this fileobject to that precise type, you may wish to either (1) replace the file with any of the following extensions currently supported : {&apos;.pyc&apos;, &apos;.yml&apos;, &apos;.yaml&apos;, &apos;.txt&apos;} (see get_capabilities_for_type(SparseSeries, strict_type_matching=False) for details). Or (2) register a new parser.
WARNING: Object constructor signature for type SubclassedSeries does not allow parsyfiles to automatically create instances from dict content. Caught TypeInformationRequiredError: Cannot create instances of type &lt;class &apos;pandas.util.testing.SubclassedSeries&apos;&gt;: constructor attribute &apos;data&apos; has no PEP484 type hint.
NoParserFoundForObjectExt - /home/travis/build/smarie/python-parsyfiles/parsyfiles/tests/demo/./complex_objects/case1/x (singlefile, .csv) cannot be parsed as a SubclassedSeries because no parser supporting that extension (singlefile, .csv) is able to create this type of object. If you wish to parse this fileobject to that precise type, you may wish to either (1) replace the file with any of the following extensions currently supported : {&apos;.pyc&apos;, &apos;.yml&apos;, &apos;.yaml&apos;, &apos;.txt&apos;} (see get_capabilities_for_type(SubclassedSeries, strict_type_matching=False) for details). Or (2) register a new parser.
WARNING: Object constructor signature for type SubclassedSparseSeries does not allow parsyfiles to automatically create instances from dict content. Caught TypeInformationRequiredError: Cannot create instances of type &lt;class &apos;pandas.util.testing.SubclassedSparseSeries&apos;&gt;: constructor attribute &apos;data&apos; has no PEP484 type hint.
NoParserFoundForObjectExt - /home/travis/build/smarie/python-parsyfiles/parsyfiles/tests/demo/./complex_objects/case1/x (singlefile, .csv) cannot be parsed as a SubclassedSparseSeries because no parser supporting that extension (singlefile, .csv) is able to create this type of object. If you wish to parse this fileobject to that precise type, you may wish to either (1) replace the file with any of the following extensions currently supported : {&apos;.pyc&apos;, &apos;.yml&apos;, &apos;.yaml&apos;, &apos;.txt&apos;} (see get_capabilities_for_type(SubclassedSparseSeries, strict_type_matching=False) for details). Or (2) register a new parser.
(B)                                                                                        |--x.csv -&gt; Series ------- using &lt;read_df_or_series_from_csv&gt;
(B)                                                                                        |--y.txt -&gt; AlgoConf ------- using [Try &apos;$&lt;read_dict_from_properties&gt; =&gt; &lt;dict_to_object&gt;$&apos; then &apos;$&lt;read_str_from_txt&gt; =&gt; &lt;constructor_with_str_arg&gt;$&apos; then &apos;$&lt;read_str_from_txt&gt; =&gt; &lt;base64_ascii_str_pickle_to_object&gt;$&apos; then &apos;$&lt;read_df_or_series_from_csv&gt; =&gt; &lt;single_row_or_col_df_to_dict&gt; -&gt; &lt;dict_to_object&gt;$]&apos;]
(B)                                                                                        |--y.txt -&gt; AlgoConf ------- using $&lt;read_dict_from_properties&gt; =&gt; &lt;dict_to_object&gt;$
(B)                                                                                  |--case2 -&gt; ExecOpSeriesTest ------- using Multifile Object parser (parsyfiles defaults)
(B)                                                                                        |--expected_results.txt -&gt; AlgoResults ------- using [Try &apos;$&lt;read_dict_from_properties&gt; =&gt; &lt;dict_to_object&gt;$&apos; then &apos;$&lt;read_str_from_txt&gt; =&gt; &lt;constructor_with_str_arg&gt;$&apos; then &apos;$&lt;read_str_from_txt&gt; =&gt; &lt;base64_ascii_str_pickle_to_object&gt;$&apos; then &apos;$&lt;read_df_or_series_from_csv&gt; =&gt; &lt;single_row_or_col_df_to_dict&gt; -&gt; &lt;dict_to_object&gt;$]&apos;]
(B)                                                                                        |--expected_results.txt -&gt; AlgoResults ------- using $&lt;read_dict_from_properties&gt; =&gt; &lt;dict_to_object&gt;$
NoParserFoundForObjectExt - /home/travis/build/smarie/python-parsyfiles/parsyfiles/tests/demo/./complex_objects/case2/x (singlefile, .csv) cannot be parsed as a SparseSeries because no parser supporting that extension (singlefile, .csv) is able to create this type of object. If you wish to parse this fileobject to that precise type, you may wish to either (1) replace the file with any of the following extensions currently supported : {&apos;.pyc&apos;, &apos;.yml&apos;, &apos;.yaml&apos;, &apos;.txt&apos;} (see get_capabilities_for_type(SparseSeries, strict_type_matching=False) for details). Or (2) register a new parser.
NoParserFoundForObjectExt - /home/travis/build/smarie/python-parsyfiles/parsyfiles/tests/demo/./complex_objects/case2/x (singlefile, .csv) cannot be parsed as a SubclassedSeries because no parser supporting that extension (singlefile, .csv) is able to create this type of object. If you wish to parse this fileobject to that precise type, you may wish to either (1) replace the file with any of the following extensions currently supported : {&apos;.pyc&apos;, &apos;.yml&apos;, &apos;.yaml&apos;, &apos;.txt&apos;} (see get_capabilities_for_type(SubclassedSeries, strict_type_matching=False) for details). Or (2) register a new parser.
NoParserFoundForObjectExt - /home/travis/build/smarie/python-parsyfiles/parsyfiles/tests/demo/./complex_objects/case2/x (singlefile, .csv) cannot be parsed as a SubclassedSparseSeries because no parser supporting that extension (singlefile, .csv) is able to create this type of object. If you wish to parse this fileobject to that precise type, you may wish to either (1) replace the file with any of the following extensions currently supported : {&apos;.pyc&apos;, &apos;.yml&apos;, &apos;.yaml&apos;, &apos;.txt&apos;} (see get_capabilities_for_type(SubclassedSparseSeries, strict_type_matching=False) for details). Or (2) register a new parser.
(B)                                                                                        |--x.csv -&gt; Series ------- using &lt;read_df_or_series_from_csv&gt;
(B)                                                                                        |--y.txt -&gt; AlgoConf ------- using [Try &apos;$&lt;read_dict_from_properties&gt; =&gt; &lt;dict_to_object&gt;$&apos; then &apos;$&lt;read_str_from_txt&gt; =&gt; &lt;constructor_with_str_arg&gt;$&apos; then &apos;$&lt;read_str_from_txt&gt; =&gt; &lt;base64_ascii_str_pickle_to_object&gt;$&apos; then &apos;$&lt;read_df_or_series_from_csv&gt; =&gt; &lt;single_row_or_col_df_to_dict&gt; -&gt; &lt;dict_to_object&gt;$]&apos;]
(B)                                                                                        |--y.txt -&gt; AlgoConf ------- using $&lt;read_dict_from_properties&gt; =&gt; &lt;dict_to_object&gt;$
Parsing Plan created successfully

Executing Parsing Plan for [/home/travis/build/smarie/python-parsyfiles/parsyfiles/tests/demo/./complex_objects]
(P) /home/travis/build/smarie/python-parsyfiles/parsyfiles/tests/demo/./complex_objects -&gt; Dict[str, ExecOpSeriesTest] ------- using Multifile Collection parser (parsyfiles defaults)
(P)                                                                                  |--case1 -&gt; ExecOpSeriesTest ------- using Multifile Object parser (parsyfiles defaults)
(P)                                                                                        |--expected_results.txt -&gt; AlgoResults ------- using $&lt;read_dict_from_properties&gt; =&gt; &lt;dict_to_object&gt;$
(P)                                                                                        |--expected_results.txt -&gt; AlgoResults SUCCESS !
(P)                                                                                        |--x.csv -&gt; Series ------- using &lt;read_df_or_series_from_csv&gt;
(P)                                                                                        |--x.csv -&gt; Series SUCCESS !
(P)                                                                                        |--y.txt -&gt; AlgoConf ------- using $&lt;read_dict_from_properties&gt; =&gt; &lt;dict_to_object&gt;$
(P)                                                                                        |--y.txt -&gt; AlgoConf SUCCESS !
(P)                                                                                  |--case1 -&gt; ExecOpSeriesTest SUCCESS !
(P)                                                                                  |--case2 -&gt; ExecOpSeriesTest ------- using Multifile Object parser (parsyfiles defaults)
(P)                                                                                        |--expected_results.txt -&gt; AlgoResults ------- using $&lt;read_dict_from_properties&gt; =&gt; &lt;dict_to_object&gt;$
(P)                                                                                        |--expected_results.txt -&gt; AlgoResults SUCCESS !
(P)                                                                                        |--x.csv -&gt; Series ------- using &lt;read_df_or_series_from_csv&gt;
(P)                                                                                        |--x.csv -&gt; Series SUCCESS !
(P)                                                                                        |--y.txt -&gt; AlgoConf ------- using $&lt;read_dict_from_properties&gt; =&gt; &lt;dict_to_object&gt;$
(P)                                                                                        |--y.txt -&gt; AlgoConf SUCCESS !
(P)                                                                                  |--case2 -&gt; ExecOpSeriesTest SUCCESS !
(P)                                                                  |--complex_objects -&gt; Dict[str, ExecOpSeriesTest] SUCCESS !
Completed parsing successfully

OrderedDict([(&apos;case1&apos;,
              &lt;test_parsyfiles_readme.DemoTests.test_multifile_objects.&lt;locals&gt;.ExecOpSeriesTest object at 0x7f33d4b59160&gt;),
             (&apos;case2&apos;,
              &lt;test_parsyfiles_readme.DemoTests.test_multifile_objects.&lt;locals&gt;.ExecOpSeriesTest object at 0x7f33d4b598d0&gt;)])
{&apos;.cfg&apos;: {&apos;3_generic&apos;: [$&lt;read_config&gt; =&gt; &lt;merge_all_config_sections_into_a_single_dict&gt; -&gt; &lt;dict_to_object&gt;$,
                        $&lt;read_config&gt; =&gt; &lt;config_to_dict_of_dict&gt; -&gt; &lt;dict_of_dict_to_object&gt;$,
                        $&lt;read_config&gt; =&gt; &lt;config_to_dict_of_dict&gt; -&gt; &lt;dict_to_object&gt;$]},
 &apos;.csv&apos;: {&apos;3_generic&apos;: [$&lt;read_df_or_series_from_csv&gt; =&gt; &lt;single_row_or_col_df_to_dict&gt; -&gt; &lt;dict_to_object&gt;$]},
 &apos;.ini&apos;: {&apos;3_generic&apos;: [$&lt;read_config&gt; =&gt; &lt;merge_all_config_sections_into_a_single_dict&gt; -&gt; &lt;dict_to_object&gt;$,
                        $&lt;read_config&gt; =&gt; &lt;config_to_dict_of_dict&gt; -&gt; &lt;dict_of_dict_to_object&gt;$,
                        $&lt;read_config&gt; =&gt; &lt;config_to_dict_of_dict&gt; -&gt; &lt;dict_to_object&gt;$]},
 &apos;.json&apos;: {&apos;3_generic&apos;: [$&lt;read_dict_or_list_from_json&gt; =&gt; &lt;dict_to_object&gt;$]},
 &apos;.properties&apos;: {&apos;3_generic&apos;: [$&lt;read_dict_from_properties&gt; =&gt; &lt;dict_to_object&gt;$]},
 &apos;.pyc&apos;: {&apos;3_generic&apos;: [&lt;read_object_from_pickle&gt;]},
 &apos;.txt&apos;: {&apos;3_generic&apos;: [$&lt;read_dict_from_properties&gt; =&gt; &lt;dict_to_object&gt;$,
                        $&lt;read_str_from_txt&gt; =&gt; &lt;constructor_with_str_arg&gt;$,
                        $&lt;read_str_from_txt&gt; =&gt; &lt;base64_ascii_str_pickle_to_object&gt;$,
                        $&lt;read_df_or_series_from_csv&gt; =&gt; &lt;single_row_or_col_df_to_dict&gt; -&gt; &lt;dict_to_object&gt;$]},
 &apos;.xls&apos;: {&apos;3_generic&apos;: [$&lt;read_dataframe_from_xls&gt; =&gt; &lt;single_row_or_col_df_to_dict&gt; -&gt; &lt;dict_to_object&gt;$]},
 &apos;.xlsm&apos;: {&apos;3_generic&apos;: [$&lt;read_dataframe_from_xls&gt; =&gt; &lt;single_row_or_col_df_to_dict&gt; -&gt; &lt;dict_to_object&gt;$]},
 &apos;.xlsx&apos;: {&apos;3_generic&apos;: [$&lt;read_dataframe_from_xls&gt; =&gt; &lt;single_row_or_col_df_to_dict&gt; -&gt; &lt;dict_to_object&gt;$]},
 &apos;.yaml&apos;: {&apos;3_generic&apos;: [&lt;read_object_from_yaml&gt;,
                         $&lt;read_collection_from_yaml&gt; =&gt; &lt;dict_to_object&gt;$]},
 &apos;.yml&apos;: {&apos;3_generic&apos;: [&lt;read_object_from_yaml&gt;,
                        $&lt;read_collection_from_yaml&gt; =&gt; &lt;dict_to_object&gt;$]},
 &apos;&lt;multifile&gt;&apos;: {&apos;3_generic&apos;: [Multifile Object parser (parsyfiles defaults)]}}
**** Starting to parse collection of &lt;DataFrame&gt; at location /home/travis/build/smarie/python-parsyfiles/parsyfiles/tests/demo/./complex_objects_flat ****
Checking all files under [/home/travis/build/smarie/python-parsyfiles/parsyfiles/tests/demo/./complex_objects_flat]
(C) /home/travis/build/smarie/python-parsyfiles/parsyfiles/tests/demo/./complex_objects_flat (multifile)
(C)                                                                                       |--case1--expected_results (singlefile, .txt)
(C)                                                                                       |--case1--x (singlefile, .csv)
(C)                                                                                       |--case1--y (singlefile, .txt)
(C)                                                                                       |--case2--expected_results (singlefile, .txt)
(C)                                                                                       |--case2--x (singlefile, .csv)
(C)                                                                                       |--case2--y (singlefile, .txt)
File checks done

Building a parsing plan to parse [/home/travis/build/smarie/python-parsyfiles/parsyfiles/tests/demo/./complex_objects_flat] into a Dict[str, DataFrame]
(B) /home/travis/build/smarie/python-parsyfiles/parsyfiles/tests/demo/./complex_objects_flat -&gt; Dict[str, DataFrame] ------- using Multifile Collection parser (parsyfiles defaults)
WARNING: Object constructor signature for type LongPanel does not allow parsyfiles to automatically create instances from dict content. Caught TypeInformationRequiredError: Cannot create instances of type &lt;class &apos;pandas.core.panel.LongPanel&apos;&gt;: constructor attribute &apos;args&apos; has no PEP484 type hint.
WARNING: Object constructor signature for type SparseDataFrame does not allow parsyfiles to automatically create instances from dict content. Caught TypeInformationRequiredError: Cannot create instances of type &lt;class &apos;pandas.core.sparse.frame.SparseDataFrame&apos;&gt;: constructor attribute &apos;data&apos; has no PEP484 type hint.
WARNING: Object constructor signature for type SubclassedDataFrame does not allow parsyfiles to automatically create instances from dict content. Caught TypeInformationRequiredError: Cannot create instances of type &lt;class &apos;pandas.util.testing.SubclassedDataFrame&apos;&gt;: constructor attribute &apos;data&apos; has no PEP484 type hint.
WARNING: Object constructor signature for type SubclassedSparseDataFrame does not allow parsyfiles to automatically create instances from dict content. Caught TypeInformationRequiredError: Cannot create instances of type &lt;class &apos;pandas.util.testing.SubclassedSparseDataFrame&apos;&gt;: constructor attribute &apos;data&apos; has no PEP484 type hint.
(B)                                                                                       |--case1--expected_results.txt -&gt; DataFrame ------- using [Try &apos;[Try &apos;&lt;read_df_or_series_from_csv&gt;&apos; then &apos;$&lt;read_dict_from_properties&gt; =&gt; &lt;dict_to_df&gt;$&apos; then &apos;$&lt;read_str_from_txt&gt; =&gt; &lt;constructor_with_str_arg&gt;$&apos; then &apos;$&lt;read_str_from_txt&gt; =&gt; &lt;base64_ascii_str_pickle_to_object&gt;$]&apos;]&apos; -&gt; [DataFrame] then &apos;[Try &apos;$&lt;read_str_from_txt&gt; =&gt; &lt;constructor_with_str_arg&gt;$&apos; then &apos;$&lt;read_str_from_txt&gt; =&gt; &lt;base64_ascii_str_pickle_to_object&gt;$]&apos;]&apos; -&gt; [LongPanel] then &apos;[Try &apos;$&lt;read_str_from_txt&gt; =&gt; &lt;constructor_with_str_arg&gt;$&apos; then &apos;$&lt;read_str_from_txt&gt; =&gt; &lt;base64_ascii_str_pickle_to_object&gt;$]&apos;]&apos; -&gt; [SparseDataFrame] then &apos;[Try &apos;$&lt;read_str_from_txt&gt; =&gt; &lt;constructor_with_str_arg&gt;$&apos; then &apos;$&lt;read_str_from_txt&gt; =&gt; &lt;base64_ascii_str_pickle_to_object&gt;$]&apos;]&apos; -&gt; [SubclassedDataFrame] then &apos;[Try &apos;$&lt;read_str_from_txt&gt; =&gt; &lt;constructor_with_str_arg&gt;$&apos; then &apos;$&lt;read_str_from_txt&gt; =&gt; &lt;base64_ascii_str_pickle_to_object&gt;$]&apos;]&apos; -&gt; [SubclassedSparseDataFrame]]]
(B)                                                                                       |--case1--expected_results.txt -&gt; DataFrame ------- using [Try &apos;&lt;read_df_or_series_from_csv&gt;&apos; then &apos;$&lt;read_dict_from_properties&gt; =&gt; &lt;dict_to_df&gt;$&apos; then &apos;$&lt;read_str_from_txt&gt; =&gt; &lt;constructor_with_str_arg&gt;$&apos; then &apos;$&lt;read_str_from_txt&gt; =&gt; &lt;base64_ascii_str_pickle_to_object&gt;$]&apos;]
(B)                                                                                       |--case1--expected_results.txt -&gt; DataFrame ------- using &lt;read_df_or_series_from_csv&gt;
NoParserFoundForObjectExt - /home/travis/build/smarie/python-parsyfiles/parsyfiles/tests/demo/./complex_objects_flat/case1--x (singlefile, .csv) cannot be parsed as a LongPanel because no parser supporting that extension (singlefile, .csv) is able to create this type of object. If you wish to parse this fileobject to that precise type, you may wish to either (1) replace the file with any of the following extensions currently supported : {&apos;.pyc&apos;, &apos;.yml&apos;, &apos;.yaml&apos;, &apos;.txt&apos;} (see get_capabilities_for_type(LongPanel, strict_type_matching=False) for details). Or (2) register a new parser.
NoParserFoundForObjectExt - /home/travis/build/smarie/python-parsyfiles/parsyfiles/tests/demo/./complex_objects_flat/case1--x (singlefile, .csv) cannot be parsed as a SparseDataFrame because no parser supporting that extension (singlefile, .csv) is able to create this type of object. If you wish to parse this fileobject to that precise type, you may wish to either (1) replace the file with any of the following extensions currently supported : {&apos;.pyc&apos;, &apos;.yml&apos;, &apos;.yaml&apos;, &apos;.txt&apos;} (see get_capabilities_for_type(SparseDataFrame, strict_type_matching=False) for details). Or (2) register a new parser.
NoParserFoundForObjectExt - /home/travis/build/smarie/python-parsyfiles/parsyfiles/tests/demo/./complex_objects_flat/case1--x (singlefile, .csv) cannot be parsed as a SubclassedDataFrame because no parser supporting that extension (singlefile, .csv) is able to create this type of object. If you wish to parse this fileobject to that precise type, you may wish to either (1) replace the file with any of the following extensions currently supported : {&apos;.pyc&apos;, &apos;.yml&apos;, &apos;.yaml&apos;, &apos;.txt&apos;} (see get_capabilities_for_type(SubclassedDataFrame, strict_type_matching=False) for details). Or (2) register a new parser.
NoParserFoundForObjectExt - /home/travis/build/smarie/python-parsyfiles/parsyfiles/tests/demo/./complex_objects_flat/case1--x (singlefile, .csv) cannot be parsed as a SubclassedSparseDataFrame because no parser supporting that extension (singlefile, .csv) is able to create this type of object. If you wish to parse this fileobject to that precise type, you may wish to either (1) replace the file with any of the following extensions currently supported : {&apos;.pyc&apos;, &apos;.yml&apos;, &apos;.yaml&apos;, &apos;.txt&apos;} (see get_capabilities_for_type(SubclassedSparseDataFrame, strict_type_matching=False) for details). Or (2) register a new parser.
(B)                                                                                       |--case1--x.csv -&gt; DataFrame ------- using &lt;read_df_or_series_from_csv&gt;
(B)                                                                                       |--case1--y.txt -&gt; DataFrame ------- using [Try &apos;[Try &apos;&lt;read_df_or_series_from_csv&gt;&apos; then &apos;$&lt;read_dict_from_properties&gt; =&gt; &lt;dict_to_df&gt;$&apos; then &apos;$&lt;read_str_from_txt&gt; =&gt; &lt;constructor_with_str_arg&gt;$&apos; then &apos;$&lt;read_str_from_txt&gt; =&gt; &lt;base64_ascii_str_pickle_to_object&gt;$]&apos;]&apos; -&gt; [DataFrame] then &apos;[Try &apos;$&lt;read_str_from_txt&gt; =&gt; &lt;constructor_with_str_arg&gt;$&apos; then &apos;$&lt;read_str_from_txt&gt; =&gt; &lt;base64_ascii_str_pickle_to_object&gt;$]&apos;]&apos; -&gt; [LongPanel] then &apos;[Try &apos;$&lt;read_str_from_txt&gt; =&gt; &lt;constructor_with_str_arg&gt;$&apos; then &apos;$&lt;read_str_from_txt&gt; =&gt; &lt;base64_ascii_str_pickle_to_object&gt;$]&apos;]&apos; -&gt; [SparseDataFrame] then &apos;[Try &apos;$&lt;read_str_from_txt&gt; =&gt; &lt;constructor_with_str_arg&gt;$&apos; then &apos;$&lt;read_str_from_txt&gt; =&gt; &lt;base64_ascii_str_pickle_to_object&gt;$]&apos;]&apos; -&gt; [SubclassedDataFrame] then &apos;[Try &apos;$&lt;read_str_from_txt&gt; =&gt; &lt;constructor_with_str_arg&gt;$&apos; then &apos;$&lt;read_str_from_txt&gt; =&gt; &lt;base64_ascii_str_pickle_to_object&gt;$]&apos;]&apos; -&gt; [SubclassedSparseDataFrame]]]
(B)                                                                                       |--case1--y.txt -&gt; DataFrame ------- using [Try &apos;&lt;read_df_or_series_from_csv&gt;&apos; then &apos;$&lt;read_dict_from_properties&gt; =&gt; &lt;dict_to_df&gt;$&apos; then &apos;$&lt;read_str_from_txt&gt; =&gt; &lt;constructor_with_str_arg&gt;$&apos; then &apos;$&lt;read_str_from_txt&gt; =&gt; &lt;base64_ascii_str_pickle_to_object&gt;$]&apos;]
(B)                                                                                       |--case1--y.txt -&gt; DataFrame ------- using &lt;read_df_or_series_from_csv&gt;
(B)                                                                                       |--case2--expected_results.txt -&gt; DataFrame ------- using [Try &apos;[Try &apos;&lt;read_df_or_series_from_csv&gt;&apos; then &apos;$&lt;read_dict_from_properties&gt; =&gt; &lt;dict_to_df&gt;$&apos; then &apos;$&lt;read_str_from_txt&gt; =&gt; &lt;constructor_with_str_arg&gt;$&apos; then &apos;$&lt;read_str_from_txt&gt; =&gt; &lt;base64_ascii_str_pickle_to_object&gt;$]&apos;]&apos; -&gt; [DataFrame] then &apos;[Try &apos;$&lt;read_str_from_txt&gt; =&gt; &lt;constructor_with_str_arg&gt;$&apos; then &apos;$&lt;read_str_from_txt&gt; =&gt; &lt;base64_ascii_str_pickle_to_object&gt;$]&apos;]&apos; -&gt; [LongPanel] then &apos;[Try &apos;$&lt;read_str_from_txt&gt; =&gt; &lt;constructor_with_str_arg&gt;$&apos; then &apos;$&lt;read_str_from_txt&gt; =&gt; &lt;base64_ascii_str_pickle_to_object&gt;$]&apos;]&apos; -&gt; [SparseDataFrame] then &apos;[Try &apos;$&lt;read_str_from_txt&gt; =&gt; &lt;constructor_with_str_arg&gt;$&apos; then &apos;$&lt;read_str_from_txt&gt; =&gt; &lt;base64_ascii_str_pickle_to_object&gt;$]&apos;]&apos; -&gt; [SubclassedDataFrame] then &apos;[Try &apos;$&lt;read_str_from_txt&gt; =&gt; &lt;constructor_with_str_arg&gt;$&apos; then &apos;$&lt;read_str_from_txt&gt; =&gt; &lt;base64_ascii_str_pickle_to_object&gt;$]&apos;]&apos; -&gt; [SubclassedSparseDataFrame]]]
(B)                                                                                       |--case2--expected_results.txt -&gt; DataFrame ------- using [Try &apos;&lt;read_df_or_series_from_csv&gt;&apos; then &apos;$&lt;read_dict_from_properties&gt; =&gt; &lt;dict_to_df&gt;$&apos; then &apos;$&lt;read_str_from_txt&gt; =&gt; &lt;constructor_with_str_arg&gt;$&apos; then &apos;$&lt;read_str_from_txt&gt; =&gt; &lt;base64_ascii_str_pickle_to_object&gt;$]&apos;]
(B)                                                                                       |--case2--expected_results.txt -&gt; DataFrame ------- using &lt;read_df_or_series_from_csv&gt;
NoParserFoundForObjectExt - /home/travis/build/smarie/python-parsyfiles/parsyfiles/tests/demo/./complex_objects_flat/case2--x (singlefile, .csv) cannot be parsed as a LongPanel because no parser supporting that extension (singlefile, .csv) is able to create this type of object. If you wish to parse this fileobject to that precise type, you may wish to either (1) replace the file with any of the following extensions currently supported : {&apos;.pyc&apos;, &apos;.yml&apos;, &apos;.yaml&apos;, &apos;.txt&apos;} (see get_capabilities_for_type(LongPanel, strict_type_matching=False) for details). Or (2) register a new parser.
NoParserFoundForObjectExt - /home/travis/build/smarie/python-parsyfiles/parsyfiles/tests/demo/./complex_objects_flat/case2--x (singlefile, .csv) cannot be parsed as a SparseDataFrame because no parser supporting that extension (singlefile, .csv) is able to create this type of object. If you wish to parse this fileobject to that precise type, you may wish to either (1) replace the file with any of the following extensions currently supported : {&apos;.pyc&apos;, &apos;.yml&apos;, &apos;.yaml&apos;, &apos;.txt&apos;} (see get_capabilities_for_type(SparseDataFrame, strict_type_matching=False) for details). Or (2) register a new parser.
NoParserFoundForObjectExt - /home/travis/build/smarie/python-parsyfiles/parsyfiles/tests/demo/./complex_objects_flat/case2--x (singlefile, .csv) cannot be parsed as a SubclassedDataFrame because no parser supporting that extension (singlefile, .csv) is able to create this type of object. If you wish to parse this fileobject to that precise type, you may wish to either (1) replace the file with any of the following extensions currently supported : {&apos;.pyc&apos;, &apos;.yml&apos;, &apos;.yaml&apos;, &apos;.txt&apos;} (see get_capabilities_for_type(SubclassedDataFrame, strict_type_matching=False) for details). Or (2) register a new parser.
NoParserFoundForObjectExt - /home/travis/build/smarie/python-parsyfiles/parsyfiles/tests/demo/./complex_objects_flat/case2--x (singlefile, .csv) cannot be parsed as a SubclassedSparseDataFrame because no parser supporting that extension (singlefile, .csv) is able to create this type of object. If you wish to parse this fileobject to that precise type, you may wish to either (1) replace the file with any of the following extensions currently supported : {&apos;.pyc&apos;, &apos;.yml&apos;, &apos;.yaml&apos;, &apos;.txt&apos;} (see get_capabilities_for_type(SubclassedSparseDataFrame, strict_type_matching=False) for details). Or (2) register a new parser.
(B)                                                                                       |--case2--x.csv -&gt; DataFrame ------- using &lt;read_df_or_series_from_csv&gt;
(B)                                                                                       |--case2--y.txt -&gt; DataFrame ------- using [Try &apos;[Try &apos;&lt;read_df_or_series_from_csv&gt;&apos; then &apos;$&lt;read_dict_from_properties&gt; =&gt; &lt;dict_to_df&gt;$&apos; then &apos;$&lt;read_str_from_txt&gt; =&gt; &lt;constructor_with_str_arg&gt;$&apos; then &apos;$&lt;read_str_from_txt&gt; =&gt; &lt;base64_ascii_str_pickle_to_object&gt;$]&apos;]&apos; -&gt; [DataFrame] then &apos;[Try &apos;$&lt;read_str_from_txt&gt; =&gt; &lt;constructor_with_str_arg&gt;$&apos; then &apos;$&lt;read_str_from_txt&gt; =&gt; &lt;base64_ascii_str_pickle_to_object&gt;$]&apos;]&apos; -&gt; [LongPanel] then &apos;[Try &apos;$&lt;read_str_from_txt&gt; =&gt; &lt;constructor_with_str_arg&gt;$&apos; then &apos;$&lt;read_str_from_txt&gt; =&gt; &lt;base64_ascii_str_pickle_to_object&gt;$]&apos;]&apos; -&gt; [SparseDataFrame] then &apos;[Try &apos;$&lt;read_str_from_txt&gt; =&gt; &lt;constructor_with_str_arg&gt;$&apos; then &apos;$&lt;read_str_from_txt&gt; =&gt; &lt;base64_ascii_str_pickle_to_object&gt;$]&apos;]&apos; -&gt; [SubclassedDataFrame] then &apos;[Try &apos;$&lt;read_str_from_txt&gt; =&gt; &lt;constructor_with_str_arg&gt;$&apos; then &apos;$&lt;read_str_from_txt&gt; =&gt; &lt;base64_ascii_str_pickle_to_object&gt;$]&apos;]&apos; -&gt; [SubclassedSparseDataFrame]]]
(B)                                                                                       |--case2--y.txt -&gt; DataFrame ------- using [Try &apos;&lt;read_df_or_series_from_csv&gt;&apos; then &apos;$&lt;read_dict_from_properties&gt; =&gt; &lt;dict_to_df&gt;$&apos; then &apos;$&lt;read_str_from_txt&gt; =&gt; &lt;constructor_with_str_arg&gt;$&apos; then &apos;$&lt;read_str_from_txt&gt; =&gt; &lt;base64_ascii_str_pickle_to_object&gt;$]&apos;]
(B)                                                                                       |--case2--y.txt -&gt; DataFrame ------- using &lt;read_df_or_series_from_csv&gt;
Parsing Plan created successfully

Executing Parsing Plan for [/home/travis/build/smarie/python-parsyfiles/parsyfiles/tests/demo/./complex_objects_flat]
(P) /home/travis/build/smarie/python-parsyfiles/parsyfiles/tests/demo/./complex_objects_flat -&gt; Dict[str, DataFrame] ------- using Multifile Collection parser (parsyfiles defaults)
(P)                                                                                       |--case1--expected_results.txt -&gt; DataFrame ------- using &lt;read_df_or_series_from_csv&gt;
(P)                                                                                       |--case1--expected_results.txt -&gt; DataFrame SUCCESS !
(P)                                                                                       |--case1--x.csv -&gt; DataFrame ------- using &lt;read_df_or_series_from_csv&gt;
(P)                                                                                       |--case1--x.csv -&gt; DataFrame SUCCESS !
(P)                                                                                       |--case1--y.txt -&gt; DataFrame ------- using &lt;read_df_or_series_from_csv&gt;
(P)                                                                                       |--case1--y.txt -&gt; DataFrame SUCCESS !
(P)                                                                                       |--case2--expected_results.txt -&gt; DataFrame ------- using &lt;read_df_or_series_from_csv&gt;
(P)                                                                                       |--case2--expected_results.txt -&gt; DataFrame SUCCESS !
(P)                                                                                       |--case2--x.csv -&gt; DataFrame ------- using &lt;read_df_or_series_from_csv&gt;
(P)                                                                                       |--case2--x.csv -&gt; DataFrame SUCCESS !
(P)                                                                                       |--case2--y.txt -&gt; DataFrame ------- using &lt;read_df_or_series_from_csv&gt;
(P)                                                                                       |--case2--y.txt -&gt; DataFrame SUCCESS !
(P)                                                                  |--complex_objects_flat -&gt; Dict[str, DataFrame] SUCCESS !
Completed parsing successfully

OrderedDict([(&apos;case1--expected_results&apos;,   score = 5.0
0  perf = 2.1),
             (&apos;case1--x&apos;,
                          t       v
0  2000-01-01     bug
1  2000-01-02  normal),
             (&apos;case1--y&apos;,   foo_param = &quot;foo&quot;
0   bar_param = 2.0),
             (&apos;case2--expected_results&apos;,   score = 5.0
0  perf = 2.1),
             (&apos;case2--x&apos;,   2000-01-05 2000-01-06
0        foo        bar),
             (&apos;case2--y&apos;,   foo_param = &quot;bar&quot;
0     bar_param = 2)])
</system-out></testcase><testcase classname="parsyfiles.tests.demo.test_parsyfiles_readme.DemoTests" file="parsyfiles/tests/demo/test_parsyfiles_readme.py" line="360" name="test_parse_subclass_of_known_with_custom_converter" time="0.3489878177642822"><system-out>**** Starting to parse collection of &lt;TimeSeries&gt; at location /home/travis/build/smarie/python-parsyfiles/parsyfiles/tests/demo/./ts_collection ****
Checking all files under [/home/travis/build/smarie/python-parsyfiles/parsyfiles/tests/demo/./ts_collection]
(C) /home/travis/build/smarie/python-parsyfiles/parsyfiles/tests/demo/./ts_collection (multifile)
(C)                                                                                |--a (singlefile, .csv)
(C)                                                                                |--b (singlefile, .txt)
(C)                                                                                |--c (singlefile, .xlsx)
File checks done

Building a parsing plan to parse [/home/travis/build/smarie/python-parsyfiles/parsyfiles/tests/demo/./ts_collection] into a Dict[str, TimeSeries]
(B) /home/travis/build/smarie/python-parsyfiles/parsyfiles/tests/demo/./ts_collection -&gt; Dict[str, TimeSeries] ------- using Multifile Collection parser (parsyfiles defaults)
(B)                                                                                |--a.csv -&gt; TimeSeries ------- using [Try &apos;$&lt;read_df_or_series_from_csv&gt; =&gt; &lt;df_to_ts&gt;$&apos; then &apos;$&lt;read_df_or_series_from_csv&gt; =&gt; &lt;single_row_or_col_df_to_dict&gt; -&gt; &lt;dict_to_object&gt;$]&apos;]
(B)                                                                                |--a.csv -&gt; TimeSeries ------- using $&lt;read_df_or_series_from_csv&gt; =&gt; &lt;df_to_ts&gt;$
(B)                                                                                |--b.txt -&gt; TimeSeries ------- using [Try &apos;$&lt;read_df_or_series_from_csv&gt; =&gt; &lt;df_to_ts&gt;$&apos; then &apos;$&lt;read_dict_from_properties&gt; =&gt; &lt;dict_to_df&gt; -&gt; &lt;df_to_ts&gt;$&apos; then &apos;$&lt;read_dict_from_properties&gt; =&gt; &lt;dict_to_object&gt;$&apos; then &apos;$&lt;read_str_from_txt&gt; =&gt; &lt;constructor_with_str_arg&gt;$&apos; then &apos;$&lt;read_str_from_txt&gt; =&gt; &lt;base64_ascii_str_pickle_to_object&gt;$&apos; then &apos;$&lt;read_df_or_series_from_csv&gt; =&gt; &lt;single_row_or_col_df_to_dict&gt; -&gt; &lt;dict_to_object&gt;$]&apos;]
(B)                                                                                |--b.txt -&gt; TimeSeries ------- using $&lt;read_df_or_series_from_csv&gt; =&gt; &lt;df_to_ts&gt;$
(B)                                                                                |--c.xlsx -&gt; TimeSeries ------- using [Try &apos;$&lt;read_dataframe_from_xls&gt; =&gt; &lt;df_to_ts&gt;$&apos; then &apos;$&lt;read_dataframe_from_xls&gt; =&gt; &lt;single_row_or_col_df_to_dict&gt; -&gt; &lt;dict_to_object&gt;$]&apos;]
(B)                                                                                |--c.xlsx -&gt; TimeSeries ------- using $&lt;read_dataframe_from_xls&gt; =&gt; &lt;df_to_ts&gt;$
Parsing Plan created successfully

Executing Parsing Plan for [/home/travis/build/smarie/python-parsyfiles/parsyfiles/tests/demo/./ts_collection]
(P) /home/travis/build/smarie/python-parsyfiles/parsyfiles/tests/demo/./ts_collection -&gt; Dict[str, TimeSeries] ------- using Multifile Collection parser (parsyfiles defaults)
(P)                                                                                |--a.csv -&gt; TimeSeries ------- using $&lt;read_df_or_series_from_csv&gt; =&gt; &lt;df_to_ts&gt;$
(P)                                                                                |--a.csv -&gt; TimeSeries SUCCESS !
(P)                                                                                |--b.txt -&gt; TimeSeries ------- using $&lt;read_df_or_series_from_csv&gt; =&gt; &lt;df_to_ts&gt;$
(P)                                                                                |--b.txt -&gt; TimeSeries SUCCESS !
(P)                                                                                |--c.xlsx -&gt; TimeSeries ------- using $&lt;read_dataframe_from_xls&gt; =&gt; &lt;df_to_ts&gt;$
(P)                                                                                |--c.xlsx -&gt; TimeSeries SUCCESS !
(P)                                                                  |--ts_collection -&gt; Dict[str, TimeSeries] SUCCESS !
Completed parsing successfully

</system-out></testcase><testcase classname="parsyfiles.tests.demo.test_parsyfiles_readme.DemoTests" file="parsyfiles/tests/demo/test_parsyfiles_readme.py" line="428" name="test_parse_with_custom_parser" time="0.3128783702850342"><system-out>**** Starting to parse collection of &lt;ElementTree&gt; at location /home/travis/build/smarie/python-parsyfiles/parsyfiles/tests/demo/./xml_collection ****
Checking all files under [/home/travis/build/smarie/python-parsyfiles/parsyfiles/tests/demo/./xml_collection]
(C) /home/travis/build/smarie/python-parsyfiles/parsyfiles/tests/demo/./xml_collection (multifile)
(C)                                                                                 |--a (singlefile, .xml)
(C)                                                                                 |--b (singlefile, .xml)
File checks done

Building a parsing plan to parse [/home/travis/build/smarie/python-parsyfiles/parsyfiles/tests/demo/./xml_collection] into a Dict[str, ElementTree]
(B) /home/travis/build/smarie/python-parsyfiles/parsyfiles/tests/demo/./xml_collection -&gt; Dict[str, ElementTree] ------- using Multifile Collection parser (parsyfiles defaults)
WARNING: Object constructor signature for type ElementTree does not allow parsyfiles to automatically create instances from dict content. Caught TypeInformationRequiredError: Cannot create instances of type &lt;class &apos;xml.etree.ElementTree.ElementTree&apos;&gt;: constructor attribute &apos;element&apos; has no PEP484 type hint.
(B)                                                                                 |--a.xml -&gt; ElementTree ------- using &lt;read_xml&gt;
(B)                                                                                 |--b.xml -&gt; ElementTree ------- using &lt;read_xml&gt;
Parsing Plan created successfully

Executing Parsing Plan for [/home/travis/build/smarie/python-parsyfiles/parsyfiles/tests/demo/./xml_collection]
(P) /home/travis/build/smarie/python-parsyfiles/parsyfiles/tests/demo/./xml_collection -&gt; Dict[str, ElementTree] ------- using Multifile Collection parser (parsyfiles defaults)
(P)                                                                                 |--a.xml -&gt; ElementTree ------- using &lt;read_xml&gt;
(P)                                                                                 |--a.xml -&gt; ElementTree SUCCESS !
(P)                                                                                 |--b.xml -&gt; ElementTree ------- using &lt;read_xml&gt;
(P)                                                                                 |--b.xml -&gt; ElementTree SUCCESS !
(P)                                                                  |--xml_collection -&gt; Dict[str, ElementTree] SUCCESS !
Completed parsing successfully

{&apos;a&apos;: b&apos;&lt;a&gt;\n\t&lt;hello /&gt;\n&lt;/a&gt;&apos;, &apos;b&apos;: b&apos;&lt;a&gt;\n\t&lt;hello /&gt;\n&lt;/a&gt;&apos;}
</system-out></testcase><testcase classname="parsyfiles.tests.demo.test_parsyfiles_readme.DemoTests" file="parsyfiles/tests/demo/test_parsyfiles_readme.py" line="328" name="test_pass_parser_options" time="0.4487888813018799"><system-out>Parser id for csv is : read_df_or_series_from_csv, implementing function is &lt;function read_df_or_series_from_csv at 0x7f33d4e3d7b8&gt;
option hints : read_df_or_series_from_csv: all options from read_csv are supported, see http://pandas.pydata.org/pandas-docs/stable/generated/pandas.read_csv.html
Parser id for csv is : read_dataframe_from_xls, implementing function is &lt;function read_dataframe_from_xls at 0x7f33d5fb9488&gt;
option hints : read_dataframe_from_xls: all options from read_excel are supported, see http://pandas.pydata.org/pandas-docs/stable/generated/pandas.read_excel.html
**** Starting to parse collection of &lt;DataFrame&gt; at location /home/travis/build/smarie/python-parsyfiles/parsyfiles/tests/demo/./ts_collection ****
Checking all files under [/home/travis/build/smarie/python-parsyfiles/parsyfiles/tests/demo/./ts_collection]
(C) /home/travis/build/smarie/python-parsyfiles/parsyfiles/tests/demo/./ts_collection (multifile)
(C)                                                                                |--a (singlefile, .csv)
(C)                                                                                |--b (singlefile, .txt)
(C)                                                                                |--c (singlefile, .xlsx)
File checks done

Building a parsing plan to parse [/home/travis/build/smarie/python-parsyfiles/parsyfiles/tests/demo/./ts_collection] into a Dict[str, DataFrame]
(B) /home/travis/build/smarie/python-parsyfiles/parsyfiles/tests/demo/./ts_collection -&gt; Dict[str, DataFrame] ------- using Multifile Collection parser (parsyfiles defaults)
NoParserFoundForObjectExt - /home/travis/build/smarie/python-parsyfiles/parsyfiles/tests/demo/./ts_collection/a (singlefile, .csv) cannot be parsed as a LongPanel because no parser supporting that extension (singlefile, .csv) is able to create this type of object. If you wish to parse this fileobject to that precise type, you may wish to either (1) replace the file with any of the following extensions currently supported : {&apos;.pyc&apos;, &apos;.yml&apos;, &apos;.yaml&apos;, &apos;.txt&apos;} (see get_capabilities_for_type(LongPanel, strict_type_matching=False) for details). Or (2) register a new parser.
NoParserFoundForObjectExt - /home/travis/build/smarie/python-parsyfiles/parsyfiles/tests/demo/./ts_collection/a (singlefile, .csv) cannot be parsed as a SparseDataFrame because no parser supporting that extension (singlefile, .csv) is able to create this type of object. If you wish to parse this fileobject to that precise type, you may wish to either (1) replace the file with any of the following extensions currently supported : {&apos;.pyc&apos;, &apos;.yml&apos;, &apos;.yaml&apos;, &apos;.txt&apos;} (see get_capabilities_for_type(SparseDataFrame, strict_type_matching=False) for details). Or (2) register a new parser.
NoParserFoundForObjectExt - /home/travis/build/smarie/python-parsyfiles/parsyfiles/tests/demo/./ts_collection/a (singlefile, .csv) cannot be parsed as a SubclassedDataFrame because no parser supporting that extension (singlefile, .csv) is able to create this type of object. If you wish to parse this fileobject to that precise type, you may wish to either (1) replace the file with any of the following extensions currently supported : {&apos;.pyc&apos;, &apos;.yml&apos;, &apos;.yaml&apos;, &apos;.txt&apos;} (see get_capabilities_for_type(SubclassedDataFrame, strict_type_matching=False) for details). Or (2) register a new parser.
NoParserFoundForObjectExt - /home/travis/build/smarie/python-parsyfiles/parsyfiles/tests/demo/./ts_collection/a (singlefile, .csv) cannot be parsed as a SubclassedSparseDataFrame because no parser supporting that extension (singlefile, .csv) is able to create this type of object. If you wish to parse this fileobject to that precise type, you may wish to either (1) replace the file with any of the following extensions currently supported : {&apos;.pyc&apos;, &apos;.yml&apos;, &apos;.yaml&apos;, &apos;.txt&apos;} (see get_capabilities_for_type(SubclassedSparseDataFrame, strict_type_matching=False) for details). Or (2) register a new parser.
(B)                                                                                |--a.csv -&gt; DataFrame ------- using [Try &apos;&lt;read_df_or_series_from_csv&gt;&apos; -&gt; [DataFrame] then &apos;$&lt;read_df_or_series_from_csv&gt; =&gt; &lt;single_row_or_col_df_to_dict&gt; -&gt; &lt;dict_to_object&gt;$&apos; -&gt; [TimeSeries]]]
(B)                                                                                |--a.csv -&gt; DataFrame ------- using &lt;read_df_or_series_from_csv&gt;
(B)                                                                                |--b.txt -&gt; DataFrame ------- using [Try &apos;[Try &apos;&lt;read_df_or_series_from_csv&gt;&apos; then &apos;$&lt;read_dict_from_properties&gt; =&gt; &lt;dict_to_df&gt;$&apos; then &apos;$&lt;read_str_from_txt&gt; =&gt; &lt;constructor_with_str_arg&gt;$&apos; then &apos;$&lt;read_str_from_txt&gt; =&gt; &lt;base64_ascii_str_pickle_to_object&gt;$]&apos;]&apos; -&gt; [DataFrame] then &apos;[Try &apos;$&lt;read_str_from_txt&gt; =&gt; &lt;constructor_with_str_arg&gt;$&apos; then &apos;$&lt;read_str_from_txt&gt; =&gt; &lt;base64_ascii_str_pickle_to_object&gt;$]&apos;]&apos; -&gt; [LongPanel] then &apos;[Try &apos;$&lt;read_str_from_txt&gt; =&gt; &lt;constructor_with_str_arg&gt;$&apos; then &apos;$&lt;read_str_from_txt&gt; =&gt; &lt;base64_ascii_str_pickle_to_object&gt;$]&apos;]&apos; -&gt; [SparseDataFrame] then &apos;[Try &apos;$&lt;read_str_from_txt&gt; =&gt; &lt;constructor_with_str_arg&gt;$&apos; then &apos;$&lt;read_str_from_txt&gt; =&gt; &lt;base64_ascii_str_pickle_to_object&gt;$]&apos;]&apos; -&gt; [SubclassedDataFrame] then &apos;[Try &apos;$&lt;read_dict_from_properties&gt; =&gt; &lt;dict_to_object&gt;$&apos; then &apos;$&lt;read_str_from_txt&gt; =&gt; &lt;constructor_with_str_arg&gt;$&apos; then &apos;$&lt;read_str_from_txt&gt; =&gt; &lt;base64_ascii_str_pickle_to_object&gt;$&apos; then &apos;$&lt;read_df_or_series_from_csv&gt; =&gt; &lt;single_row_or_col_df_to_dict&gt; -&gt; &lt;dict_to_object&gt;$]&apos;]&apos; -&gt; [TimeSeries] then &apos;[Try &apos;$&lt;read_str_from_txt&gt; =&gt; &lt;constructor_with_str_arg&gt;$&apos; then &apos;$&lt;read_str_from_txt&gt; =&gt; &lt;base64_ascii_str_pickle_to_object&gt;$]&apos;]&apos; -&gt; [SubclassedSparseDataFrame]]]
(B)                                                                                |--b.txt -&gt; DataFrame ------- using [Try &apos;&lt;read_df_or_series_from_csv&gt;&apos; then &apos;$&lt;read_dict_from_properties&gt; =&gt; &lt;dict_to_df&gt;$&apos; then &apos;$&lt;read_str_from_txt&gt; =&gt; &lt;constructor_with_str_arg&gt;$&apos; then &apos;$&lt;read_str_from_txt&gt; =&gt; &lt;base64_ascii_str_pickle_to_object&gt;$]&apos;]
(B)                                                                                |--b.txt -&gt; DataFrame ------- using &lt;read_df_or_series_from_csv&gt;
NoParserFoundForObjectExt - /home/travis/build/smarie/python-parsyfiles/parsyfiles/tests/demo/./ts_collection/c (singlefile, .xlsx) cannot be parsed as a LongPanel because no parser supporting that extension (singlefile, .xlsx) is able to create this type of object. If you wish to parse this fileobject to that precise type, you may wish to either (1) replace the file with any of the following extensions currently supported : {&apos;.pyc&apos;, &apos;.yml&apos;, &apos;.yaml&apos;, &apos;.txt&apos;} (see get_capabilities_for_type(LongPanel, strict_type_matching=False) for details). Or (2) register a new parser.
NoParserFoundForObjectExt - /home/travis/build/smarie/python-parsyfiles/parsyfiles/tests/demo/./ts_collection/c (singlefile, .xlsx) cannot be parsed as a SparseDataFrame because no parser supporting that extension (singlefile, .xlsx) is able to create this type of object. If you wish to parse this fileobject to that precise type, you may wish to either (1) replace the file with any of the following extensions currently supported : {&apos;.pyc&apos;, &apos;.yml&apos;, &apos;.yaml&apos;, &apos;.txt&apos;} (see get_capabilities_for_type(SparseDataFrame, strict_type_matching=False) for details). Or (2) register a new parser.
NoParserFoundForObjectExt - /home/travis/build/smarie/python-parsyfiles/parsyfiles/tests/demo/./ts_collection/c (singlefile, .xlsx) cannot be parsed as a SubclassedDataFrame because no parser supporting that extension (singlefile, .xlsx) is able to create this type of object. If you wish to parse this fileobject to that precise type, you may wish to either (1) replace the file with any of the following extensions currently supported : {&apos;.pyc&apos;, &apos;.yml&apos;, &apos;.yaml&apos;, &apos;.txt&apos;} (see get_capabilities_for_type(SubclassedDataFrame, strict_type_matching=False) for details). Or (2) register a new parser.
NoParserFoundForObjectExt - /home/travis/build/smarie/python-parsyfiles/parsyfiles/tests/demo/./ts_collection/c (singlefile, .xlsx) cannot be parsed as a SubclassedSparseDataFrame because no parser supporting that extension (singlefile, .xlsx) is able to create this type of object. If you wish to parse this fileobject to that precise type, you may wish to either (1) replace the file with any of the following extensions currently supported : {&apos;.pyc&apos;, &apos;.yml&apos;, &apos;.yaml&apos;, &apos;.txt&apos;} (see get_capabilities_for_type(SubclassedSparseDataFrame, strict_type_matching=False) for details). Or (2) register a new parser.
(B)                                                                                |--c.xlsx -&gt; DataFrame ------- using [Try &apos;&lt;read_dataframe_from_xls&gt;&apos; -&gt; [DataFrame] then &apos;$&lt;read_dataframe_from_xls&gt; =&gt; &lt;single_row_or_col_df_to_dict&gt; -&gt; &lt;dict_to_object&gt;$&apos; -&gt; [TimeSeries]]]
(B)                                                                                |--c.xlsx -&gt; DataFrame ------- using &lt;read_dataframe_from_xls&gt;
Parsing Plan created successfully

Executing Parsing Plan for [/home/travis/build/smarie/python-parsyfiles/parsyfiles/tests/demo/./ts_collection]
(P) /home/travis/build/smarie/python-parsyfiles/parsyfiles/tests/demo/./ts_collection -&gt; Dict[str, DataFrame] ------- using Multifile Collection parser (parsyfiles defaults)
(P)                                                                                |--a.csv -&gt; DataFrame ------- using &lt;read_df_or_series_from_csv&gt;
(P)                                                                                |--a.csv -&gt; DataFrame SUCCESS !
(P)                                                                                |--b.txt -&gt; DataFrame ------- using &lt;read_df_or_series_from_csv&gt;
(P)                                                                                |--b.txt -&gt; DataFrame SUCCESS !
(P)                                                                                |--c.xlsx -&gt; DataFrame ------- using &lt;read_dataframe_from_xls&gt;
(P)                                                                                |--c.xlsx -&gt; DataFrame SUCCESS !
(P)                                                                  |--ts_collection -&gt; Dict[str, DataFrame] SUCCESS !
Completed parsing successfully

OrderedDict([(&apos;a&apos;,                      a  b  c  d
time                           
2015-08-28 23:30:00  1  2  3  4
2015-08-29 00:00:00  1  2  3  5), (&apos;b&apos;,                      a  b  c  d
time                           
2015-08-28 23:30:00  1  2  3  4
2015-08-29 00:00:00  1  2  3  5), (&apos;c&apos;,             a  b
date            
2015-01-01  1  2
2015-01-02  4  3)])
</system-out></testcase><testcase classname="parsyfiles.tests.demo.test_parsyfiles_readme.DemoTests" file="parsyfiles/tests/demo/test_parsyfiles_readme.py" line="44" name="test_simple_collection" time="0.5929088592529297"><system-out>**** Starting to parse collection of &lt;DataFrame&gt; at location /home/travis/build/smarie/python-parsyfiles/parsyfiles/tests/demo/./simple_collection ****
Checking all files under [/home/travis/build/smarie/python-parsyfiles/parsyfiles/tests/demo/./simple_collection]
(C) /home/travis/build/smarie/python-parsyfiles/parsyfiles/tests/demo/./simple_collection (multifile)
(C)                                                                                    |--a (singlefile, .csv)
(C)                                                                                    |--b (singlefile, .txt)
(C)                                                                                    |--c (singlefile, .xls)
(C)                                                                                    |--d (singlefile, .xlsx)
(C)                                                                                    |--e (singlefile, .xlsm)
File checks done

Building a parsing plan to parse [/home/travis/build/smarie/python-parsyfiles/parsyfiles/tests/demo/./simple_collection] into a Dict[str, DataFrame]
(B) /home/travis/build/smarie/python-parsyfiles/parsyfiles/tests/demo/./simple_collection -&gt; Dict[str, DataFrame] ------- using Multifile Collection parser (parsyfiles defaults)
NoParserFoundForObjectExt - /home/travis/build/smarie/python-parsyfiles/parsyfiles/tests/demo/./simple_collection/a (singlefile, .csv) cannot be parsed as a LongPanel because no parser supporting that extension (singlefile, .csv) is able to create this type of object. If you wish to parse this fileobject to that precise type, you may wish to either (1) replace the file with any of the following extensions currently supported : {&apos;.pyc&apos;, &apos;.yml&apos;, &apos;.yaml&apos;, &apos;.txt&apos;} (see get_capabilities_for_type(LongPanel, strict_type_matching=False) for details). Or (2) register a new parser.
NoParserFoundForObjectExt - /home/travis/build/smarie/python-parsyfiles/parsyfiles/tests/demo/./simple_collection/a (singlefile, .csv) cannot be parsed as a SparseDataFrame because no parser supporting that extension (singlefile, .csv) is able to create this type of object. If you wish to parse this fileobject to that precise type, you may wish to either (1) replace the file with any of the following extensions currently supported : {&apos;.pyc&apos;, &apos;.yml&apos;, &apos;.yaml&apos;, &apos;.txt&apos;} (see get_capabilities_for_type(SparseDataFrame, strict_type_matching=False) for details). Or (2) register a new parser.
NoParserFoundForObjectExt - /home/travis/build/smarie/python-parsyfiles/parsyfiles/tests/demo/./simple_collection/a (singlefile, .csv) cannot be parsed as a SubclassedDataFrame because no parser supporting that extension (singlefile, .csv) is able to create this type of object. If you wish to parse this fileobject to that precise type, you may wish to either (1) replace the file with any of the following extensions currently supported : {&apos;.pyc&apos;, &apos;.yml&apos;, &apos;.yaml&apos;, &apos;.txt&apos;} (see get_capabilities_for_type(SubclassedDataFrame, strict_type_matching=False) for details). Or (2) register a new parser.
NoParserFoundForObjectExt - /home/travis/build/smarie/python-parsyfiles/parsyfiles/tests/demo/./simple_collection/a (singlefile, .csv) cannot be parsed as a SubclassedSparseDataFrame because no parser supporting that extension (singlefile, .csv) is able to create this type of object. If you wish to parse this fileobject to that precise type, you may wish to either (1) replace the file with any of the following extensions currently supported : {&apos;.pyc&apos;, &apos;.yml&apos;, &apos;.yaml&apos;, &apos;.txt&apos;} (see get_capabilities_for_type(SubclassedSparseDataFrame, strict_type_matching=False) for details). Or (2) register a new parser.
(B)                                                                                    |--a.csv -&gt; DataFrame ------- using [Try &apos;&lt;read_df_or_series_from_csv&gt;&apos; -&gt; [DataFrame] then &apos;$&lt;read_df_or_series_from_csv&gt; =&gt; &lt;single_row_or_col_df_to_dict&gt; -&gt; &lt;dict_to_object&gt;$&apos; -&gt; [TimeSeries]]]
(B)                                                                                    |--a.csv -&gt; DataFrame ------- using &lt;read_df_or_series_from_csv&gt;
(B)                                                                                    |--b.txt -&gt; DataFrame ------- using [Try &apos;[Try &apos;&lt;read_df_or_series_from_csv&gt;&apos; then &apos;$&lt;read_dict_from_properties&gt; =&gt; &lt;dict_to_df&gt;$&apos; then &apos;$&lt;read_str_from_txt&gt; =&gt; &lt;constructor_with_str_arg&gt;$&apos; then &apos;$&lt;read_str_from_txt&gt; =&gt; &lt;base64_ascii_str_pickle_to_object&gt;$]&apos;]&apos; -&gt; [DataFrame] then &apos;[Try &apos;$&lt;read_str_from_txt&gt; =&gt; &lt;constructor_with_str_arg&gt;$&apos; then &apos;$&lt;read_str_from_txt&gt; =&gt; &lt;base64_ascii_str_pickle_to_object&gt;$]&apos;]&apos; -&gt; [LongPanel] then &apos;[Try &apos;$&lt;read_str_from_txt&gt; =&gt; &lt;constructor_with_str_arg&gt;$&apos; then &apos;$&lt;read_str_from_txt&gt; =&gt; &lt;base64_ascii_str_pickle_to_object&gt;$]&apos;]&apos; -&gt; [SparseDataFrame] then &apos;[Try &apos;$&lt;read_str_from_txt&gt; =&gt; &lt;constructor_with_str_arg&gt;$&apos; then &apos;$&lt;read_str_from_txt&gt; =&gt; &lt;base64_ascii_str_pickle_to_object&gt;$]&apos;]&apos; -&gt; [SubclassedDataFrame] then &apos;[Try &apos;$&lt;read_dict_from_properties&gt; =&gt; &lt;dict_to_object&gt;$&apos; then &apos;$&lt;read_str_from_txt&gt; =&gt; &lt;constructor_with_str_arg&gt;$&apos; then &apos;$&lt;read_str_from_txt&gt; =&gt; &lt;base64_ascii_str_pickle_to_object&gt;$&apos; then &apos;$&lt;read_df_or_series_from_csv&gt; =&gt; &lt;single_row_or_col_df_to_dict&gt; -&gt; &lt;dict_to_object&gt;$]&apos;]&apos; -&gt; [TimeSeries] then &apos;[Try &apos;$&lt;read_str_from_txt&gt; =&gt; &lt;constructor_with_str_arg&gt;$&apos; then &apos;$&lt;read_str_from_txt&gt; =&gt; &lt;base64_ascii_str_pickle_to_object&gt;$]&apos;]&apos; -&gt; [SubclassedSparseDataFrame]]]
(B)                                                                                    |--b.txt -&gt; DataFrame ------- using [Try &apos;&lt;read_df_or_series_from_csv&gt;&apos; then &apos;$&lt;read_dict_from_properties&gt; =&gt; &lt;dict_to_df&gt;$&apos; then &apos;$&lt;read_str_from_txt&gt; =&gt; &lt;constructor_with_str_arg&gt;$&apos; then &apos;$&lt;read_str_from_txt&gt; =&gt; &lt;base64_ascii_str_pickle_to_object&gt;$]&apos;]
(B)                                                                                    |--b.txt -&gt; DataFrame ------- using &lt;read_df_or_series_from_csv&gt;
NoParserFoundForObjectExt - /home/travis/build/smarie/python-parsyfiles/parsyfiles/tests/demo/./simple_collection/c (singlefile, .xls) cannot be parsed as a LongPanel because no parser supporting that extension (singlefile, .xls) is able to create this type of object. If you wish to parse this fileobject to that precise type, you may wish to either (1) replace the file with any of the following extensions currently supported : {&apos;.pyc&apos;, &apos;.yml&apos;, &apos;.yaml&apos;, &apos;.txt&apos;} (see get_capabilities_for_type(LongPanel, strict_type_matching=False) for details). Or (2) register a new parser.
NoParserFoundForObjectExt - /home/travis/build/smarie/python-parsyfiles/parsyfiles/tests/demo/./simple_collection/c (singlefile, .xls) cannot be parsed as a SparseDataFrame because no parser supporting that extension (singlefile, .xls) is able to create this type of object. If you wish to parse this fileobject to that precise type, you may wish to either (1) replace the file with any of the following extensions currently supported : {&apos;.pyc&apos;, &apos;.yml&apos;, &apos;.yaml&apos;, &apos;.txt&apos;} (see get_capabilities_for_type(SparseDataFrame, strict_type_matching=False) for details). Or (2) register a new parser.
NoParserFoundForObjectExt - /home/travis/build/smarie/python-parsyfiles/parsyfiles/tests/demo/./simple_collection/c (singlefile, .xls) cannot be parsed as a SubclassedDataFrame because no parser supporting that extension (singlefile, .xls) is able to create this type of object. If you wish to parse this fileobject to that precise type, you may wish to either (1) replace the file with any of the following extensions currently supported : {&apos;.pyc&apos;, &apos;.yml&apos;, &apos;.yaml&apos;, &apos;.txt&apos;} (see get_capabilities_for_type(SubclassedDataFrame, strict_type_matching=False) for details). Or (2) register a new parser.
NoParserFoundForObjectExt - /home/travis/build/smarie/python-parsyfiles/parsyfiles/tests/demo/./simple_collection/c (singlefile, .xls) cannot be parsed as a SubclassedSparseDataFrame because no parser supporting that extension (singlefile, .xls) is able to create this type of object. If you wish to parse this fileobject to that precise type, you may wish to either (1) replace the file with any of the following extensions currently supported : {&apos;.pyc&apos;, &apos;.yml&apos;, &apos;.yaml&apos;, &apos;.txt&apos;} (see get_capabilities_for_type(SubclassedSparseDataFrame, strict_type_matching=False) for details). Or (2) register a new parser.
(B)                                                                                    |--c.xls -&gt; DataFrame ------- using [Try &apos;&lt;read_dataframe_from_xls&gt;&apos; -&gt; [DataFrame] then &apos;$&lt;read_dataframe_from_xls&gt; =&gt; &lt;single_row_or_col_df_to_dict&gt; -&gt; &lt;dict_to_object&gt;$&apos; -&gt; [TimeSeries]]]
(B)                                                                                    |--c.xls -&gt; DataFrame ------- using &lt;read_dataframe_from_xls&gt;
NoParserFoundForObjectExt - /home/travis/build/smarie/python-parsyfiles/parsyfiles/tests/demo/./simple_collection/d (singlefile, .xlsx) cannot be parsed as a LongPanel because no parser supporting that extension (singlefile, .xlsx) is able to create this type of object. If you wish to parse this fileobject to that precise type, you may wish to either (1) replace the file with any of the following extensions currently supported : {&apos;.pyc&apos;, &apos;.yml&apos;, &apos;.yaml&apos;, &apos;.txt&apos;} (see get_capabilities_for_type(LongPanel, strict_type_matching=False) for details). Or (2) register a new parser.
NoParserFoundForObjectExt - /home/travis/build/smarie/python-parsyfiles/parsyfiles/tests/demo/./simple_collection/d (singlefile, .xlsx) cannot be parsed as a SparseDataFrame because no parser supporting that extension (singlefile, .xlsx) is able to create this type of object. If you wish to parse this fileobject to that precise type, you may wish to either (1) replace the file with any of the following extensions currently supported : {&apos;.pyc&apos;, &apos;.yml&apos;, &apos;.yaml&apos;, &apos;.txt&apos;} (see get_capabilities_for_type(SparseDataFrame, strict_type_matching=False) for details). Or (2) register a new parser.
NoParserFoundForObjectExt - /home/travis/build/smarie/python-parsyfiles/parsyfiles/tests/demo/./simple_collection/d (singlefile, .xlsx) cannot be parsed as a SubclassedDataFrame because no parser supporting that extension (singlefile, .xlsx) is able to create this type of object. If you wish to parse this fileobject to that precise type, you may wish to either (1) replace the file with any of the following extensions currently supported : {&apos;.pyc&apos;, &apos;.yml&apos;, &apos;.yaml&apos;, &apos;.txt&apos;} (see get_capabilities_for_type(SubclassedDataFrame, strict_type_matching=False) for details). Or (2) register a new parser.
NoParserFoundForObjectExt - /home/travis/build/smarie/python-parsyfiles/parsyfiles/tests/demo/./simple_collection/d (singlefile, .xlsx) cannot be parsed as a SubclassedSparseDataFrame because no parser supporting that extension (singlefile, .xlsx) is able to create this type of object. If you wish to parse this fileobject to that precise type, you may wish to either (1) replace the file with any of the following extensions currently supported : {&apos;.pyc&apos;, &apos;.yml&apos;, &apos;.yaml&apos;, &apos;.txt&apos;} (see get_capabilities_for_type(SubclassedSparseDataFrame, strict_type_matching=False) for details). Or (2) register a new parser.
(B)                                                                                    |--d.xlsx -&gt; DataFrame ------- using [Try &apos;&lt;read_dataframe_from_xls&gt;&apos; -&gt; [DataFrame] then &apos;$&lt;read_dataframe_from_xls&gt; =&gt; &lt;single_row_or_col_df_to_dict&gt; -&gt; &lt;dict_to_object&gt;$&apos; -&gt; [TimeSeries]]]
(B)                                                                                    |--d.xlsx -&gt; DataFrame ------- using &lt;read_dataframe_from_xls&gt;
NoParserFoundForObjectExt - /home/travis/build/smarie/python-parsyfiles/parsyfiles/tests/demo/./simple_collection/e (singlefile, .xlsm) cannot be parsed as a LongPanel because no parser supporting that extension (singlefile, .xlsm) is able to create this type of object. If you wish to parse this fileobject to that precise type, you may wish to either (1) replace the file with any of the following extensions currently supported : {&apos;.pyc&apos;, &apos;.yml&apos;, &apos;.yaml&apos;, &apos;.txt&apos;} (see get_capabilities_for_type(LongPanel, strict_type_matching=False) for details). Or (2) register a new parser.
NoParserFoundForObjectExt - /home/travis/build/smarie/python-parsyfiles/parsyfiles/tests/demo/./simple_collection/e (singlefile, .xlsm) cannot be parsed as a SparseDataFrame because no parser supporting that extension (singlefile, .xlsm) is able to create this type of object. If you wish to parse this fileobject to that precise type, you may wish to either (1) replace the file with any of the following extensions currently supported : {&apos;.pyc&apos;, &apos;.yml&apos;, &apos;.yaml&apos;, &apos;.txt&apos;} (see get_capabilities_for_type(SparseDataFrame, strict_type_matching=False) for details). Or (2) register a new parser.
NoParserFoundForObjectExt - /home/travis/build/smarie/python-parsyfiles/parsyfiles/tests/demo/./simple_collection/e (singlefile, .xlsm) cannot be parsed as a SubclassedDataFrame because no parser supporting that extension (singlefile, .xlsm) is able to create this type of object. If you wish to parse this fileobject to that precise type, you may wish to either (1) replace the file with any of the following extensions currently supported : {&apos;.pyc&apos;, &apos;.yml&apos;, &apos;.yaml&apos;, &apos;.txt&apos;} (see get_capabilities_for_type(SubclassedDataFrame, strict_type_matching=False) for details). Or (2) register a new parser.
NoParserFoundForObjectExt - /home/travis/build/smarie/python-parsyfiles/parsyfiles/tests/demo/./simple_collection/e (singlefile, .xlsm) cannot be parsed as a SubclassedSparseDataFrame because no parser supporting that extension (singlefile, .xlsm) is able to create this type of object. If you wish to parse this fileobject to that precise type, you may wish to either (1) replace the file with any of the following extensions currently supported : {&apos;.pyc&apos;, &apos;.yml&apos;, &apos;.yaml&apos;, &apos;.txt&apos;} (see get_capabilities_for_type(SubclassedSparseDataFrame, strict_type_matching=False) for details). Or (2) register a new parser.
(B)                                                                                    |--e.xlsm -&gt; DataFrame ------- using [Try &apos;&lt;read_dataframe_from_xls&gt;&apos; -&gt; [DataFrame] then &apos;$&lt;read_dataframe_from_xls&gt; =&gt; &lt;single_row_or_col_df_to_dict&gt; -&gt; &lt;dict_to_object&gt;$&apos; -&gt; [TimeSeries]]]
(B)                                                                                    |--e.xlsm -&gt; DataFrame ------- using &lt;read_dataframe_from_xls&gt;
Parsing Plan created successfully

Executing Parsing Plan for [/home/travis/build/smarie/python-parsyfiles/parsyfiles/tests/demo/./simple_collection]
(P) /home/travis/build/smarie/python-parsyfiles/parsyfiles/tests/demo/./simple_collection -&gt; Dict[str, DataFrame] ------- using Multifile Collection parser (parsyfiles defaults)
(P)                                                                                    |--a.csv -&gt; DataFrame ------- using &lt;read_df_or_series_from_csv&gt;
(P)                                                                                    |--a.csv -&gt; DataFrame SUCCESS !
(P)                                                                                    |--b.txt -&gt; DataFrame ------- using &lt;read_df_or_series_from_csv&gt;
(P)                                                                                    |--b.txt -&gt; DataFrame SUCCESS !
(P)                                                                                    |--c.xls -&gt; DataFrame ------- using &lt;read_dataframe_from_xls&gt;
(P)                                                                                    |--c.xls -&gt; DataFrame SUCCESS !
(P)                                                                                    |--d.xlsx -&gt; DataFrame ------- using &lt;read_dataframe_from_xls&gt;
(P)                                                                                    |--d.xlsx -&gt; DataFrame SUCCESS !
(P)                                                                                    |--e.xlsm -&gt; DataFrame ------- using &lt;read_dataframe_from_xls&gt;
(P)                                                                                    |--e.xlsm -&gt; DataFrame SUCCESS !
(P)                                                                  |--simple_collection -&gt; Dict[str, DataFrame] SUCCESS !
Completed parsing successfully

OrderedDict([(&apos;a&apos;,    a  b  c  d
0  1  2  3  4),
             (&apos;b&apos;,    a  b  c  d
0  1  2  3  4),
             (&apos;c&apos;,    c   5
0  d   8
1  e  12
2  f   3),
             (&apos;d&apos;,    c   5
0  d   8
1  e  12
2  f   3),
             (&apos;e&apos;,    c   5
0  d   8
1  e  12
2  f   3)])
**** Starting to parse single object of type &lt;DataFrame&gt; at location /home/travis/build/smarie/python-parsyfiles/parsyfiles/tests/demo/./simple_collection/c ****
Checking all files under [/home/travis/build/smarie/python-parsyfiles/parsyfiles/tests/demo/./simple_collection/c]
(C) /home/travis/build/smarie/python-parsyfiles/parsyfiles/tests/demo/./simple_collection/c (singlefile, .xls)
File checks done

Building a parsing plan to parse [/home/travis/build/smarie/python-parsyfiles/parsyfiles/tests/demo/./simple_collection/c] into a DataFrame
NoParserFoundForObjectExt - /home/travis/build/smarie/python-parsyfiles/parsyfiles/tests/demo/./simple_collection/c (singlefile, .xls) cannot be parsed as a LongPanel because no parser supporting that extension (singlefile, .xls) is able to create this type of object. If you wish to parse this fileobject to that precise type, you may wish to either (1) replace the file with any of the following extensions currently supported : {&apos;.pyc&apos;, &apos;.yml&apos;, &apos;.yaml&apos;, &apos;.txt&apos;} (see get_capabilities_for_type(LongPanel, strict_type_matching=False) for details). Or (2) register a new parser.
NoParserFoundForObjectExt - /home/travis/build/smarie/python-parsyfiles/parsyfiles/tests/demo/./simple_collection/c (singlefile, .xls) cannot be parsed as a SparseDataFrame because no parser supporting that extension (singlefile, .xls) is able to create this type of object. If you wish to parse this fileobject to that precise type, you may wish to either (1) replace the file with any of the following extensions currently supported : {&apos;.pyc&apos;, &apos;.yml&apos;, &apos;.yaml&apos;, &apos;.txt&apos;} (see get_capabilities_for_type(SparseDataFrame, strict_type_matching=False) for details). Or (2) register a new parser.
NoParserFoundForObjectExt - /home/travis/build/smarie/python-parsyfiles/parsyfiles/tests/demo/./simple_collection/c (singlefile, .xls) cannot be parsed as a SubclassedDataFrame because no parser supporting that extension (singlefile, .xls) is able to create this type of object. If you wish to parse this fileobject to that precise type, you may wish to either (1) replace the file with any of the following extensions currently supported : {&apos;.pyc&apos;, &apos;.yml&apos;, &apos;.yaml&apos;, &apos;.txt&apos;} (see get_capabilities_for_type(SubclassedDataFrame, strict_type_matching=False) for details). Or (2) register a new parser.
NoParserFoundForObjectExt - /home/travis/build/smarie/python-parsyfiles/parsyfiles/tests/demo/./simple_collection/c (singlefile, .xls) cannot be parsed as a SubclassedSparseDataFrame because no parser supporting that extension (singlefile, .xls) is able to create this type of object. If you wish to parse this fileobject to that precise type, you may wish to either (1) replace the file with any of the following extensions currently supported : {&apos;.pyc&apos;, &apos;.yml&apos;, &apos;.yaml&apos;, &apos;.txt&apos;} (see get_capabilities_for_type(SubclassedSparseDataFrame, strict_type_matching=False) for details). Or (2) register a new parser.
(B) /home/travis/build/smarie/python-parsyfiles/parsyfiles/tests/demo/./simple_collection/c.xls -&gt; DataFrame ------- using [Try &apos;&lt;read_dataframe_from_xls&gt;&apos; -&gt; [DataFrame] then &apos;$&lt;read_dataframe_from_xls&gt; =&gt; &lt;single_row_or_col_df_to_dict&gt; -&gt; &lt;dict_to_object&gt;$&apos; -&gt; [TimeSeries]]]
(B)                                                                                    |--c.xls -&gt; DataFrame ------- using &lt;read_dataframe_from_xls&gt;
Parsing Plan created successfully

Executing Parsing Plan for [/home/travis/build/smarie/python-parsyfiles/parsyfiles/tests/demo/./simple_collection/c]
(P) /home/travis/build/smarie/python-parsyfiles/parsyfiles/tests/demo/./simple_collection/c.xls -&gt; DataFrame ------- using &lt;read_dataframe_from_xls&gt;
(P)                                                                                    |--c.xls -&gt; DataFrame SUCCESS !
Completed parsing successfully

   c   5
0  d   8
1  e  12
2  f   3
{&apos;.cfg&apos;: {&apos;1_exact_match&apos;: [$&lt;read_config&gt; =&gt; &lt;merge_all_config_sections_into_a_single_dict&gt; -&gt; &lt;dict_to_df&gt;$,
                            $&lt;read_config&gt; =&gt; &lt;config_to_dict_of_dict&gt; -&gt; &lt;dict_to_df&gt;$]},
 &apos;.csv&apos;: {&apos;1_exact_match&apos;: [&lt;read_df_or_series_from_csv&gt;]},
 &apos;.ini&apos;: {&apos;1_exact_match&apos;: [$&lt;read_config&gt; =&gt; &lt;merge_all_config_sections_into_a_single_dict&gt; -&gt; &lt;dict_to_df&gt;$,
                            $&lt;read_config&gt; =&gt; &lt;config_to_dict_of_dict&gt; -&gt; &lt;dict_to_df&gt;$]},
 &apos;.json&apos;: {&apos;1_exact_match&apos;: [$&lt;read_dict_or_list_from_json&gt; =&gt; &lt;dict_to_df&gt;$]},
 &apos;.properties&apos;: {&apos;1_exact_match&apos;: [$&lt;read_dict_from_properties&gt; =&gt; &lt;dict_to_df&gt;$]},
 &apos;.pyc&apos;: {&apos;1_exact_match&apos;: [$&lt;read_object_from_pickle&gt; =&gt; &lt;dict_to_df&gt;$,
                            $&lt;read_object_from_pickle&gt; =&gt; &lt;merge_all_config_sections_into_a_single_dict&gt; -&gt; &lt;dict_to_df&gt;$,
                            $&lt;read_object_from_pickle&gt; =&gt; &lt;config_to_dict_of_dict&gt; -&gt; &lt;dict_to_df&gt;$],
          &apos;3_generic&apos;: [&lt;read_object_from_pickle&gt;]},
 &apos;.txt&apos;: {&apos;1_exact_match&apos;: [&lt;read_df_or_series_from_csv&gt;,
                            $&lt;read_dict_from_properties&gt; =&gt; &lt;dict_to_df&gt;$],
          &apos;3_generic&apos;: [$&lt;read_str_from_txt&gt; =&gt; &lt;constructor_with_str_arg&gt;$,
                        $&lt;read_str_from_txt&gt; =&gt; &lt;base64_ascii_str_pickle_to_object&gt;$]},
 &apos;.xls&apos;: {&apos;1_exact_match&apos;: [&lt;read_dataframe_from_xls&gt;]},
 &apos;.xlsm&apos;: {&apos;1_exact_match&apos;: [&lt;read_dataframe_from_xls&gt;]},
 &apos;.xlsx&apos;: {&apos;1_exact_match&apos;: [&lt;read_dataframe_from_xls&gt;]},
 &apos;.yaml&apos;: {&apos;1_exact_match&apos;: [$&lt;read_object_from_yaml&gt; =&gt; &lt;dict_to_df&gt;$,
                             $&lt;read_collection_from_yaml&gt; =&gt; &lt;dict_to_df&gt;$,
                             $&lt;read_object_from_yaml&gt; =&gt; &lt;merge_all_config_sections_into_a_single_dict&gt; -&gt; &lt;dict_to_df&gt;$,
                             $&lt;read_object_from_yaml&gt; =&gt; &lt;config_to_dict_of_dict&gt; -&gt; &lt;dict_to_df&gt;$],
           &apos;3_generic&apos;: [&lt;read_object_from_yaml&gt;]},
 &apos;.yml&apos;: {&apos;1_exact_match&apos;: [$&lt;read_object_from_yaml&gt; =&gt; &lt;dict_to_df&gt;$,
                            $&lt;read_collection_from_yaml&gt; =&gt; &lt;dict_to_df&gt;$,
                            $&lt;read_object_from_yaml&gt; =&gt; &lt;merge_all_config_sections_into_a_single_dict&gt; -&gt; &lt;dict_to_df&gt;$,
                            $&lt;read_object_from_yaml&gt; =&gt; &lt;config_to_dict_of_dict&gt; -&gt; &lt;dict_to_df&gt;$],
          &apos;3_generic&apos;: [&lt;read_object_from_yaml&gt;]},
 &apos;&lt;multifile&gt;&apos;: {}}
</system-out></testcase><testcase classname="parsyfiles.tests.demo.test_parsyfiles_readme.DemoTests" file="parsyfiles/tests/demo/test_parsyfiles_readme.py" line="318" name="test_simple_collection_dataframe_all" time="0.5679478645324707"><system-out>**** Starting to parse collection of &lt;DataFrame&gt; at location /home/travis/build/smarie/python-parsyfiles/parsyfiles/tests/demo/./simple_collection_dataframe_inference ****
Checking all files under [/home/travis/build/smarie/python-parsyfiles/parsyfiles/tests/demo/./simple_collection_dataframe_inference]
(C) /home/travis/build/smarie/python-parsyfiles/parsyfiles/tests/demo/./simple_collection_dataframe_inference (multifile)
(C)                                                                                                        |--a (singlefile, .csv)
(C)                                                                                                        |--b (singlefile, .txt)
(C)                                                                                                        |--c (singlefile, .xls)
(C)                                                                                                        |--d (singlefile, .xlsx)
(C)                                                                                                        |--s_b64_pickle (singlefile, .txt)
(C)                                                                                                        |--u (singlefile, .json)
(C)                                                                                                        |--v_properties (singlefile, .txt)
(C)                                                                                                        |--w (singlefile, .properties)
(C)                                                                                                        |--x (singlefile, .yaml)
(C)                                                                                                        |--y (singlefile, .cfg)
(C)                                                                                                        |--z (singlefile, .ini)
File checks done

Building a parsing plan to parse [/home/travis/build/smarie/python-parsyfiles/parsyfiles/tests/demo/./simple_collection_dataframe_inference] into a Dict[str, DataFrame]
(B) /home/travis/build/smarie/python-parsyfiles/parsyfiles/tests/demo/./simple_collection_dataframe_inference -&gt; Dict[str, DataFrame] ------- using Multifile Collection parser (parsyfiles defaults)
NoParserFoundForObjectExt - /home/travis/build/smarie/python-parsyfiles/parsyfiles/tests/demo/./simple_collection_dataframe_inference/a (singlefile, .csv) cannot be parsed as a LongPanel because no parser supporting that extension (singlefile, .csv) is able to create this type of object. If you wish to parse this fileobject to that precise type, you may wish to either (1) replace the file with any of the following extensions currently supported : {&apos;.pyc&apos;, &apos;.yml&apos;, &apos;.yaml&apos;, &apos;.txt&apos;} (see get_capabilities_for_type(LongPanel, strict_type_matching=False) for details). Or (2) register a new parser.
NoParserFoundForObjectExt - /home/travis/build/smarie/python-parsyfiles/parsyfiles/tests/demo/./simple_collection_dataframe_inference/a (singlefile, .csv) cannot be parsed as a SparseDataFrame because no parser supporting that extension (singlefile, .csv) is able to create this type of object. If you wish to parse this fileobject to that precise type, you may wish to either (1) replace the file with any of the following extensions currently supported : {&apos;.pyc&apos;, &apos;.yml&apos;, &apos;.yaml&apos;, &apos;.txt&apos;} (see get_capabilities_for_type(SparseDataFrame, strict_type_matching=False) for details). Or (2) register a new parser.
NoParserFoundForObjectExt - /home/travis/build/smarie/python-parsyfiles/parsyfiles/tests/demo/./simple_collection_dataframe_inference/a (singlefile, .csv) cannot be parsed as a SubclassedDataFrame because no parser supporting that extension (singlefile, .csv) is able to create this type of object. If you wish to parse this fileobject to that precise type, you may wish to either (1) replace the file with any of the following extensions currently supported : {&apos;.pyc&apos;, &apos;.yml&apos;, &apos;.yaml&apos;, &apos;.txt&apos;} (see get_capabilities_for_type(SubclassedDataFrame, strict_type_matching=False) for details). Or (2) register a new parser.
NoParserFoundForObjectExt - /home/travis/build/smarie/python-parsyfiles/parsyfiles/tests/demo/./simple_collection_dataframe_inference/a (singlefile, .csv) cannot be parsed as a SubclassedSparseDataFrame because no parser supporting that extension (singlefile, .csv) is able to create this type of object. If you wish to parse this fileobject to that precise type, you may wish to either (1) replace the file with any of the following extensions currently supported : {&apos;.pyc&apos;, &apos;.yml&apos;, &apos;.yaml&apos;, &apos;.txt&apos;} (see get_capabilities_for_type(SubclassedSparseDataFrame, strict_type_matching=False) for details). Or (2) register a new parser.
(B)                                                                                                        |--a.csv -&gt; DataFrame ------- using [Try &apos;&lt;read_df_or_series_from_csv&gt;&apos; -&gt; [DataFrame] then &apos;$&lt;read_df_or_series_from_csv&gt; =&gt; &lt;single_row_or_col_df_to_dict&gt; -&gt; &lt;dict_to_object&gt;$&apos; -&gt; [TimeSeries]]]
(B)                                                                                                        |--a.csv -&gt; DataFrame ------- using &lt;read_df_or_series_from_csv&gt;
(B)                                                                                                        |--b.txt -&gt; DataFrame ------- using [Try &apos;[Try &apos;&lt;read_df_or_series_from_csv&gt;&apos; then &apos;$&lt;read_dict_from_properties&gt; =&gt; &lt;dict_to_df&gt;$&apos; then &apos;$&lt;read_str_from_txt&gt; =&gt; &lt;constructor_with_str_arg&gt;$&apos; then &apos;$&lt;read_str_from_txt&gt; =&gt; &lt;base64_ascii_str_pickle_to_object&gt;$]&apos;]&apos; -&gt; [DataFrame] then &apos;[Try &apos;$&lt;read_str_from_txt&gt; =&gt; &lt;constructor_with_str_arg&gt;$&apos; then &apos;$&lt;read_str_from_txt&gt; =&gt; &lt;base64_ascii_str_pickle_to_object&gt;$]&apos;]&apos; -&gt; [LongPanel] then &apos;[Try &apos;$&lt;read_str_from_txt&gt; =&gt; &lt;constructor_with_str_arg&gt;$&apos; then &apos;$&lt;read_str_from_txt&gt; =&gt; &lt;base64_ascii_str_pickle_to_object&gt;$]&apos;]&apos; -&gt; [SparseDataFrame] then &apos;[Try &apos;$&lt;read_str_from_txt&gt; =&gt; &lt;constructor_with_str_arg&gt;$&apos; then &apos;$&lt;read_str_from_txt&gt; =&gt; &lt;base64_ascii_str_pickle_to_object&gt;$]&apos;]&apos; -&gt; [SubclassedDataFrame] then &apos;[Try &apos;$&lt;read_dict_from_properties&gt; =&gt; &lt;dict_to_object&gt;$&apos; then &apos;$&lt;read_str_from_txt&gt; =&gt; &lt;constructor_with_str_arg&gt;$&apos; then &apos;$&lt;read_str_from_txt&gt; =&gt; &lt;base64_ascii_str_pickle_to_object&gt;$&apos; then &apos;$&lt;read_df_or_series_from_csv&gt; =&gt; &lt;single_row_or_col_df_to_dict&gt; -&gt; &lt;dict_to_object&gt;$]&apos;]&apos; -&gt; [TimeSeries] then &apos;[Try &apos;$&lt;read_str_from_txt&gt; =&gt; &lt;constructor_with_str_arg&gt;$&apos; then &apos;$&lt;read_str_from_txt&gt; =&gt; &lt;base64_ascii_str_pickle_to_object&gt;$]&apos;]&apos; -&gt; [SubclassedSparseDataFrame]]]
(B)                                                                                                        |--b.txt -&gt; DataFrame ------- using [Try &apos;&lt;read_df_or_series_from_csv&gt;&apos; then &apos;$&lt;read_dict_from_properties&gt; =&gt; &lt;dict_to_df&gt;$&apos; then &apos;$&lt;read_str_from_txt&gt; =&gt; &lt;constructor_with_str_arg&gt;$&apos; then &apos;$&lt;read_str_from_txt&gt; =&gt; &lt;base64_ascii_str_pickle_to_object&gt;$]&apos;]
(B)                                                                                                        |--b.txt -&gt; DataFrame ------- using &lt;read_df_or_series_from_csv&gt;
NoParserFoundForObjectExt - /home/travis/build/smarie/python-parsyfiles/parsyfiles/tests/demo/./simple_collection_dataframe_inference/c (singlefile, .xls) cannot be parsed as a LongPanel because no parser supporting that extension (singlefile, .xls) is able to create this type of object. If you wish to parse this fileobject to that precise type, you may wish to either (1) replace the file with any of the following extensions currently supported : {&apos;.pyc&apos;, &apos;.yml&apos;, &apos;.yaml&apos;, &apos;.txt&apos;} (see get_capabilities_for_type(LongPanel, strict_type_matching=False) for details). Or (2) register a new parser.
NoParserFoundForObjectExt - /home/travis/build/smarie/python-parsyfiles/parsyfiles/tests/demo/./simple_collection_dataframe_inference/c (singlefile, .xls) cannot be parsed as a SparseDataFrame because no parser supporting that extension (singlefile, .xls) is able to create this type of object. If you wish to parse this fileobject to that precise type, you may wish to either (1) replace the file with any of the following extensions currently supported : {&apos;.pyc&apos;, &apos;.yml&apos;, &apos;.yaml&apos;, &apos;.txt&apos;} (see get_capabilities_for_type(SparseDataFrame, strict_type_matching=False) for details). Or (2) register a new parser.
NoParserFoundForObjectExt - /home/travis/build/smarie/python-parsyfiles/parsyfiles/tests/demo/./simple_collection_dataframe_inference/c (singlefile, .xls) cannot be parsed as a SubclassedDataFrame because no parser supporting that extension (singlefile, .xls) is able to create this type of object. If you wish to parse this fileobject to that precise type, you may wish to either (1) replace the file with any of the following extensions currently supported : {&apos;.pyc&apos;, &apos;.yml&apos;, &apos;.yaml&apos;, &apos;.txt&apos;} (see get_capabilities_for_type(SubclassedDataFrame, strict_type_matching=False) for details). Or (2) register a new parser.
NoParserFoundForObjectExt - /home/travis/build/smarie/python-parsyfiles/parsyfiles/tests/demo/./simple_collection_dataframe_inference/c (singlefile, .xls) cannot be parsed as a SubclassedSparseDataFrame because no parser supporting that extension (singlefile, .xls) is able to create this type of object. If you wish to parse this fileobject to that precise type, you may wish to either (1) replace the file with any of the following extensions currently supported : {&apos;.pyc&apos;, &apos;.yml&apos;, &apos;.yaml&apos;, &apos;.txt&apos;} (see get_capabilities_for_type(SubclassedSparseDataFrame, strict_type_matching=False) for details). Or (2) register a new parser.
(B)                                                                                                        |--c.xls -&gt; DataFrame ------- using [Try &apos;&lt;read_dataframe_from_xls&gt;&apos; -&gt; [DataFrame] then &apos;$&lt;read_dataframe_from_xls&gt; =&gt; &lt;single_row_or_col_df_to_dict&gt; -&gt; &lt;dict_to_object&gt;$&apos; -&gt; [TimeSeries]]]
(B)                                                                                                        |--c.xls -&gt; DataFrame ------- using &lt;read_dataframe_from_xls&gt;
NoParserFoundForObjectExt - /home/travis/build/smarie/python-parsyfiles/parsyfiles/tests/demo/./simple_collection_dataframe_inference/d (singlefile, .xlsx) cannot be parsed as a LongPanel because no parser supporting that extension (singlefile, .xlsx) is able to create this type of object. If you wish to parse this fileobject to that precise type, you may wish to either (1) replace the file with any of the following extensions currently supported : {&apos;.pyc&apos;, &apos;.yml&apos;, &apos;.yaml&apos;, &apos;.txt&apos;} (see get_capabilities_for_type(LongPanel, strict_type_matching=False) for details). Or (2) register a new parser.
NoParserFoundForObjectExt - /home/travis/build/smarie/python-parsyfiles/parsyfiles/tests/demo/./simple_collection_dataframe_inference/d (singlefile, .xlsx) cannot be parsed as a SparseDataFrame because no parser supporting that extension (singlefile, .xlsx) is able to create this type of object. If you wish to parse this fileobject to that precise type, you may wish to either (1) replace the file with any of the following extensions currently supported : {&apos;.pyc&apos;, &apos;.yml&apos;, &apos;.yaml&apos;, &apos;.txt&apos;} (see get_capabilities_for_type(SparseDataFrame, strict_type_matching=False) for details). Or (2) register a new parser.
NoParserFoundForObjectExt - /home/travis/build/smarie/python-parsyfiles/parsyfiles/tests/demo/./simple_collection_dataframe_inference/d (singlefile, .xlsx) cannot be parsed as a SubclassedDataFrame because no parser supporting that extension (singlefile, .xlsx) is able to create this type of object. If you wish to parse this fileobject to that precise type, you may wish to either (1) replace the file with any of the following extensions currently supported : {&apos;.pyc&apos;, &apos;.yml&apos;, &apos;.yaml&apos;, &apos;.txt&apos;} (see get_capabilities_for_type(SubclassedDataFrame, strict_type_matching=False) for details). Or (2) register a new parser.
NoParserFoundForObjectExt - /home/travis/build/smarie/python-parsyfiles/parsyfiles/tests/demo/./simple_collection_dataframe_inference/d (singlefile, .xlsx) cannot be parsed as a SubclassedSparseDataFrame because no parser supporting that extension (singlefile, .xlsx) is able to create this type of object. If you wish to parse this fileobject to that precise type, you may wish to either (1) replace the file with any of the following extensions currently supported : {&apos;.pyc&apos;, &apos;.yml&apos;, &apos;.yaml&apos;, &apos;.txt&apos;} (see get_capabilities_for_type(SubclassedSparseDataFrame, strict_type_matching=False) for details). Or (2) register a new parser.
(B)                                                                                                        |--d.xlsx -&gt; DataFrame ------- using [Try &apos;&lt;read_dataframe_from_xls&gt;&apos; -&gt; [DataFrame] then &apos;$&lt;read_dataframe_from_xls&gt; =&gt; &lt;single_row_or_col_df_to_dict&gt; -&gt; &lt;dict_to_object&gt;$&apos; -&gt; [TimeSeries]]]
(B)                                                                                                        |--d.xlsx -&gt; DataFrame ------- using &lt;read_dataframe_from_xls&gt;
(B)                                                                                                        |--s_b64_pickle.txt -&gt; DataFrame ------- using [Try &apos;[Try &apos;&lt;read_df_or_series_from_csv&gt;&apos; then &apos;$&lt;read_dict_from_properties&gt; =&gt; &lt;dict_to_df&gt;$&apos; then &apos;$&lt;read_str_from_txt&gt; =&gt; &lt;constructor_with_str_arg&gt;$&apos; then &apos;$&lt;read_str_from_txt&gt; =&gt; &lt;base64_ascii_str_pickle_to_object&gt;$]&apos;]&apos; -&gt; [DataFrame] then &apos;[Try &apos;$&lt;read_str_from_txt&gt; =&gt; &lt;constructor_with_str_arg&gt;$&apos; then &apos;$&lt;read_str_from_txt&gt; =&gt; &lt;base64_ascii_str_pickle_to_object&gt;$]&apos;]&apos; -&gt; [LongPanel] then &apos;[Try &apos;$&lt;read_str_from_txt&gt; =&gt; &lt;constructor_with_str_arg&gt;$&apos; then &apos;$&lt;read_str_from_txt&gt; =&gt; &lt;base64_ascii_str_pickle_to_object&gt;$]&apos;]&apos; -&gt; [SparseDataFrame] then &apos;[Try &apos;$&lt;read_str_from_txt&gt; =&gt; &lt;constructor_with_str_arg&gt;$&apos; then &apos;$&lt;read_str_from_txt&gt; =&gt; &lt;base64_ascii_str_pickle_to_object&gt;$]&apos;]&apos; -&gt; [SubclassedDataFrame] then &apos;[Try &apos;$&lt;read_dict_from_properties&gt; =&gt; &lt;dict_to_object&gt;$&apos; then &apos;$&lt;read_str_from_txt&gt; =&gt; &lt;constructor_with_str_arg&gt;$&apos; then &apos;$&lt;read_str_from_txt&gt; =&gt; &lt;base64_ascii_str_pickle_to_object&gt;$&apos; then &apos;$&lt;read_df_or_series_from_csv&gt; =&gt; &lt;single_row_or_col_df_to_dict&gt; -&gt; &lt;dict_to_object&gt;$]&apos;]&apos; -&gt; [TimeSeries] then &apos;[Try &apos;$&lt;read_str_from_txt&gt; =&gt; &lt;constructor_with_str_arg&gt;$&apos; then &apos;$&lt;read_str_from_txt&gt; =&gt; &lt;base64_ascii_str_pickle_to_object&gt;$]&apos;]&apos; -&gt; [SubclassedSparseDataFrame]]]
(B)                                                                                                        |--s_b64_pickle.txt -&gt; DataFrame ------- using [Try &apos;&lt;read_df_or_series_from_csv&gt;&apos; then &apos;$&lt;read_dict_from_properties&gt; =&gt; &lt;dict_to_df&gt;$&apos; then &apos;$&lt;read_str_from_txt&gt; =&gt; &lt;constructor_with_str_arg&gt;$&apos; then &apos;$&lt;read_str_from_txt&gt; =&gt; &lt;base64_ascii_str_pickle_to_object&gt;$]&apos;]
(B)                                                                                                        |--s_b64_pickle.txt -&gt; DataFrame ------- using &lt;read_df_or_series_from_csv&gt;
NoParserFoundForObjectExt - /home/travis/build/smarie/python-parsyfiles/parsyfiles/tests/demo/./simple_collection_dataframe_inference/u (singlefile, .json) cannot be parsed as a LongPanel because no parser supporting that extension (singlefile, .json) is able to create this type of object. If you wish to parse this fileobject to that precise type, you may wish to either (1) replace the file with any of the following extensions currently supported : {&apos;.pyc&apos;, &apos;.yml&apos;, &apos;.yaml&apos;, &apos;.txt&apos;} (see get_capabilities_for_type(LongPanel, strict_type_matching=False) for details). Or (2) register a new parser.
NoParserFoundForObjectExt - /home/travis/build/smarie/python-parsyfiles/parsyfiles/tests/demo/./simple_collection_dataframe_inference/u (singlefile, .json) cannot be parsed as a SparseDataFrame because no parser supporting that extension (singlefile, .json) is able to create this type of object. If you wish to parse this fileobject to that precise type, you may wish to either (1) replace the file with any of the following extensions currently supported : {&apos;.pyc&apos;, &apos;.yml&apos;, &apos;.yaml&apos;, &apos;.txt&apos;} (see get_capabilities_for_type(SparseDataFrame, strict_type_matching=False) for details). Or (2) register a new parser.
NoParserFoundForObjectExt - /home/travis/build/smarie/python-parsyfiles/parsyfiles/tests/demo/./simple_collection_dataframe_inference/u (singlefile, .json) cannot be parsed as a SubclassedDataFrame because no parser supporting that extension (singlefile, .json) is able to create this type of object. If you wish to parse this fileobject to that precise type, you may wish to either (1) replace the file with any of the following extensions currently supported : {&apos;.pyc&apos;, &apos;.yml&apos;, &apos;.yaml&apos;, &apos;.txt&apos;} (see get_capabilities_for_type(SubclassedDataFrame, strict_type_matching=False) for details). Or (2) register a new parser.
NoParserFoundForObjectExt - /home/travis/build/smarie/python-parsyfiles/parsyfiles/tests/demo/./simple_collection_dataframe_inference/u (singlefile, .json) cannot be parsed as a SubclassedSparseDataFrame because no parser supporting that extension (singlefile, .json) is able to create this type of object. If you wish to parse this fileobject to that precise type, you may wish to either (1) replace the file with any of the following extensions currently supported : {&apos;.pyc&apos;, &apos;.yml&apos;, &apos;.yaml&apos;, &apos;.txt&apos;} (see get_capabilities_for_type(SubclassedSparseDataFrame, strict_type_matching=False) for details). Or (2) register a new parser.
(B)                                                                                                        |--u.json -&gt; DataFrame ------- using [Try &apos;$&lt;read_dict_or_list_from_json&gt; =&gt; &lt;dict_to_df&gt;$&apos; -&gt; [DataFrame] then &apos;$&lt;read_dict_or_list_from_json&gt; =&gt; &lt;dict_to_object&gt;$&apos; -&gt; [TimeSeries]]]
(B)                                                                                                        |--u.json -&gt; DataFrame ------- using $&lt;read_dict_or_list_from_json&gt; =&gt; &lt;dict_to_df&gt;$
(B)                                                                                                        |--v_properties.txt -&gt; DataFrame ------- using [Try &apos;[Try &apos;&lt;read_df_or_series_from_csv&gt;&apos; then &apos;$&lt;read_dict_from_properties&gt; =&gt; &lt;dict_to_df&gt;$&apos; then &apos;$&lt;read_str_from_txt&gt; =&gt; &lt;constructor_with_str_arg&gt;$&apos; then &apos;$&lt;read_str_from_txt&gt; =&gt; &lt;base64_ascii_str_pickle_to_object&gt;$]&apos;]&apos; -&gt; [DataFrame] then &apos;[Try &apos;$&lt;read_str_from_txt&gt; =&gt; &lt;constructor_with_str_arg&gt;$&apos; then &apos;$&lt;read_str_from_txt&gt; =&gt; &lt;base64_ascii_str_pickle_to_object&gt;$]&apos;]&apos; -&gt; [LongPanel] then &apos;[Try &apos;$&lt;read_str_from_txt&gt; =&gt; &lt;constructor_with_str_arg&gt;$&apos; then &apos;$&lt;read_str_from_txt&gt; =&gt; &lt;base64_ascii_str_pickle_to_object&gt;$]&apos;]&apos; -&gt; [SparseDataFrame] then &apos;[Try &apos;$&lt;read_str_from_txt&gt; =&gt; &lt;constructor_with_str_arg&gt;$&apos; then &apos;$&lt;read_str_from_txt&gt; =&gt; &lt;base64_ascii_str_pickle_to_object&gt;$]&apos;]&apos; -&gt; [SubclassedDataFrame] then &apos;[Try &apos;$&lt;read_dict_from_properties&gt; =&gt; &lt;dict_to_object&gt;$&apos; then &apos;$&lt;read_str_from_txt&gt; =&gt; &lt;constructor_with_str_arg&gt;$&apos; then &apos;$&lt;read_str_from_txt&gt; =&gt; &lt;base64_ascii_str_pickle_to_object&gt;$&apos; then &apos;$&lt;read_df_or_series_from_csv&gt; =&gt; &lt;single_row_or_col_df_to_dict&gt; -&gt; &lt;dict_to_object&gt;$]&apos;]&apos; -&gt; [TimeSeries] then &apos;[Try &apos;$&lt;read_str_from_txt&gt; =&gt; &lt;constructor_with_str_arg&gt;$&apos; then &apos;$&lt;read_str_from_txt&gt; =&gt; &lt;base64_ascii_str_pickle_to_object&gt;$]&apos;]&apos; -&gt; [SubclassedSparseDataFrame]]]
(B)                                                                                                        |--v_properties.txt -&gt; DataFrame ------- using [Try &apos;&lt;read_df_or_series_from_csv&gt;&apos; then &apos;$&lt;read_dict_from_properties&gt; =&gt; &lt;dict_to_df&gt;$&apos; then &apos;$&lt;read_str_from_txt&gt; =&gt; &lt;constructor_with_str_arg&gt;$&apos; then &apos;$&lt;read_str_from_txt&gt; =&gt; &lt;base64_ascii_str_pickle_to_object&gt;$]&apos;]
(B)                                                                                                        |--v_properties.txt -&gt; DataFrame ------- using &lt;read_df_or_series_from_csv&gt;
NoParserFoundForObjectExt - /home/travis/build/smarie/python-parsyfiles/parsyfiles/tests/demo/./simple_collection_dataframe_inference/w (singlefile, .properties) cannot be parsed as a LongPanel because no parser supporting that extension (singlefile, .properties) is able to create this type of object. If you wish to parse this fileobject to that precise type, you may wish to either (1) replace the file with any of the following extensions currently supported : {&apos;.pyc&apos;, &apos;.yml&apos;, &apos;.yaml&apos;, &apos;.txt&apos;} (see get_capabilities_for_type(LongPanel, strict_type_matching=False) for details). Or (2) register a new parser.
NoParserFoundForObjectExt - /home/travis/build/smarie/python-parsyfiles/parsyfiles/tests/demo/./simple_collection_dataframe_inference/w (singlefile, .properties) cannot be parsed as a SparseDataFrame because no parser supporting that extension (singlefile, .properties) is able to create this type of object. If you wish to parse this fileobject to that precise type, you may wish to either (1) replace the file with any of the following extensions currently supported : {&apos;.pyc&apos;, &apos;.yml&apos;, &apos;.yaml&apos;, &apos;.txt&apos;} (see get_capabilities_for_type(SparseDataFrame, strict_type_matching=False) for details). Or (2) register a new parser.
NoParserFoundForObjectExt - /home/travis/build/smarie/python-parsyfiles/parsyfiles/tests/demo/./simple_collection_dataframe_inference/w (singlefile, .properties) cannot be parsed as a SubclassedDataFrame because no parser supporting that extension (singlefile, .properties) is able to create this type of object. If you wish to parse this fileobject to that precise type, you may wish to either (1) replace the file with any of the following extensions currently supported : {&apos;.pyc&apos;, &apos;.yml&apos;, &apos;.yaml&apos;, &apos;.txt&apos;} (see get_capabilities_for_type(SubclassedDataFrame, strict_type_matching=False) for details). Or (2) register a new parser.
NoParserFoundForObjectExt - /home/travis/build/smarie/python-parsyfiles/parsyfiles/tests/demo/./simple_collection_dataframe_inference/w (singlefile, .properties) cannot be parsed as a SubclassedSparseDataFrame because no parser supporting that extension (singlefile, .properties) is able to create this type of object. If you wish to parse this fileobject to that precise type, you may wish to either (1) replace the file with any of the following extensions currently supported : {&apos;.pyc&apos;, &apos;.yml&apos;, &apos;.yaml&apos;, &apos;.txt&apos;} (see get_capabilities_for_type(SubclassedSparseDataFrame, strict_type_matching=False) for details). Or (2) register a new parser.
(B)                                                                                                        |--w.properties -&gt; DataFrame ------- using [Try &apos;$&lt;read_dict_from_properties&gt; =&gt; &lt;dict_to_df&gt;$&apos; -&gt; [DataFrame] then &apos;$&lt;read_dict_from_properties&gt; =&gt; &lt;dict_to_object&gt;$&apos; -&gt; [TimeSeries]]]
(B)                                                                                                        |--w.properties -&gt; DataFrame ------- using $&lt;read_dict_from_properties&gt; =&gt; &lt;dict_to_df&gt;$
(B)                                                                                                        |--x.yaml -&gt; DataFrame ------- using [Try &apos;[Try &apos;$&lt;read_object_from_yaml&gt; =&gt; &lt;dict_to_df&gt;$&apos; then &apos;$&lt;read_collection_from_yaml&gt; =&gt; &lt;dict_to_df&gt;$&apos; then &apos;$&lt;read_object_from_yaml&gt; =&gt; &lt;merge_all_config_sections_into_a_single_dict&gt; -&gt; &lt;dict_to_df&gt;$&apos; then &apos;$&lt;read_object_from_yaml&gt; =&gt; &lt;config_to_dict_of_dict&gt; -&gt; &lt;dict_to_df&gt;$&apos; then &apos;&lt;read_object_from_yaml&gt;]&apos;]&apos; -&gt; [DataFrame] then &apos;&lt;read_object_from_yaml&gt;&apos; -&gt; [LongPanel] then &apos;&lt;read_object_from_yaml&gt;&apos; -&gt; [SparseDataFrame] then &apos;&lt;read_object_from_yaml&gt;&apos; -&gt; [SubclassedDataFrame] then &apos;[Try &apos;&lt;read_object_from_yaml&gt;&apos; then &apos;$&lt;read_collection_from_yaml&gt; =&gt; &lt;dict_to_object&gt;$]&apos;]&apos; -&gt; [TimeSeries] then &apos;&lt;read_object_from_yaml&gt;&apos; -&gt; [SubclassedSparseDataFrame]]]
(B)                                                                                                        |--x.yaml -&gt; DataFrame ------- using [Try &apos;$&lt;read_object_from_yaml&gt; =&gt; &lt;dict_to_df&gt;$&apos; then &apos;$&lt;read_collection_from_yaml&gt; =&gt; &lt;dict_to_df&gt;$&apos; then &apos;$&lt;read_object_from_yaml&gt; =&gt; &lt;merge_all_config_sections_into_a_single_dict&gt; -&gt; &lt;dict_to_df&gt;$&apos; then &apos;$&lt;read_object_from_yaml&gt; =&gt; &lt;config_to_dict_of_dict&gt; -&gt; &lt;dict_to_df&gt;$&apos; then &apos;&lt;read_object_from_yaml&gt;]&apos;]
(B)                                                                                                        |--x.yaml -&gt; DataFrame ------- using $&lt;read_object_from_yaml&gt; =&gt; &lt;dict_to_df&gt;$
NoParserFoundForObjectExt - /home/travis/build/smarie/python-parsyfiles/parsyfiles/tests/demo/./simple_collection_dataframe_inference/y (singlefile, .cfg) cannot be parsed as a LongPanel because no parser supporting that extension (singlefile, .cfg) is able to create this type of object. If you wish to parse this fileobject to that precise type, you may wish to either (1) replace the file with any of the following extensions currently supported : {&apos;.pyc&apos;, &apos;.yml&apos;, &apos;.yaml&apos;, &apos;.txt&apos;} (see get_capabilities_for_type(LongPanel, strict_type_matching=False) for details). Or (2) register a new parser.
NoParserFoundForObjectExt - /home/travis/build/smarie/python-parsyfiles/parsyfiles/tests/demo/./simple_collection_dataframe_inference/y (singlefile, .cfg) cannot be parsed as a SparseDataFrame because no parser supporting that extension (singlefile, .cfg) is able to create this type of object. If you wish to parse this fileobject to that precise type, you may wish to either (1) replace the file with any of the following extensions currently supported : {&apos;.pyc&apos;, &apos;.yml&apos;, &apos;.yaml&apos;, &apos;.txt&apos;} (see get_capabilities_for_type(SparseDataFrame, strict_type_matching=False) for details). Or (2) register a new parser.
NoParserFoundForObjectExt - /home/travis/build/smarie/python-parsyfiles/parsyfiles/tests/demo/./simple_collection_dataframe_inference/y (singlefile, .cfg) cannot be parsed as a SubclassedDataFrame because no parser supporting that extension (singlefile, .cfg) is able to create this type of object. If you wish to parse this fileobject to that precise type, you may wish to either (1) replace the file with any of the following extensions currently supported : {&apos;.pyc&apos;, &apos;.yml&apos;, &apos;.yaml&apos;, &apos;.txt&apos;} (see get_capabilities_for_type(SubclassedDataFrame, strict_type_matching=False) for details). Or (2) register a new parser.
NoParserFoundForObjectExt - /home/travis/build/smarie/python-parsyfiles/parsyfiles/tests/demo/./simple_collection_dataframe_inference/y (singlefile, .cfg) cannot be parsed as a SubclassedSparseDataFrame because no parser supporting that extension (singlefile, .cfg) is able to create this type of object. If you wish to parse this fileobject to that precise type, you may wish to either (1) replace the file with any of the following extensions currently supported : {&apos;.pyc&apos;, &apos;.yml&apos;, &apos;.yaml&apos;, &apos;.txt&apos;} (see get_capabilities_for_type(SubclassedSparseDataFrame, strict_type_matching=False) for details). Or (2) register a new parser.
(B)                                                                                                        |--y.cfg -&gt; DataFrame ------- using [Try &apos;[Try &apos;$&lt;read_config&gt; =&gt; &lt;merge_all_config_sections_into_a_single_dict&gt; -&gt; &lt;dict_to_df&gt;$&apos; then &apos;$&lt;read_config&gt; =&gt; &lt;config_to_dict_of_dict&gt; -&gt; &lt;dict_to_df&gt;$]&apos;]&apos; -&gt; [DataFrame] then &apos;[Try &apos;$&lt;read_config&gt; =&gt; &lt;merge_all_config_sections_into_a_single_dict&gt; -&gt; &lt;dict_to_object&gt;$&apos; then &apos;$&lt;read_config&gt; =&gt; &lt;config_to_dict_of_dict&gt; -&gt; &lt;dict_of_dict_to_object&gt;$&apos; then &apos;$&lt;read_config&gt; =&gt; &lt;config_to_dict_of_dict&gt; -&gt; &lt;dict_to_object&gt;$]&apos;]&apos; -&gt; [TimeSeries]]]
(B)                                                                                                        |--y.cfg -&gt; DataFrame ------- using [Try &apos;$&lt;read_config&gt; =&gt; &lt;merge_all_config_sections_into_a_single_dict&gt; -&gt; &lt;dict_to_df&gt;$&apos; then &apos;$&lt;read_config&gt; =&gt; &lt;config_to_dict_of_dict&gt; -&gt; &lt;dict_to_df&gt;$]&apos;]
(B)                                                                                                        |--y.cfg -&gt; DataFrame ------- using $&lt;read_config&gt; =&gt; &lt;merge_all_config_sections_into_a_single_dict&gt; -&gt; &lt;dict_to_df&gt;$
NoParserFoundForObjectExt - /home/travis/build/smarie/python-parsyfiles/parsyfiles/tests/demo/./simple_collection_dataframe_inference/z (singlefile, .ini) cannot be parsed as a LongPanel because no parser supporting that extension (singlefile, .ini) is able to create this type of object. If you wish to parse this fileobject to that precise type, you may wish to either (1) replace the file with any of the following extensions currently supported : {&apos;.pyc&apos;, &apos;.yml&apos;, &apos;.yaml&apos;, &apos;.txt&apos;} (see get_capabilities_for_type(LongPanel, strict_type_matching=False) for details). Or (2) register a new parser.
NoParserFoundForObjectExt - /home/travis/build/smarie/python-parsyfiles/parsyfiles/tests/demo/./simple_collection_dataframe_inference/z (singlefile, .ini) cannot be parsed as a SparseDataFrame because no parser supporting that extension (singlefile, .ini) is able to create this type of object. If you wish to parse this fileobject to that precise type, you may wish to either (1) replace the file with any of the following extensions currently supported : {&apos;.pyc&apos;, &apos;.yml&apos;, &apos;.yaml&apos;, &apos;.txt&apos;} (see get_capabilities_for_type(SparseDataFrame, strict_type_matching=False) for details). Or (2) register a new parser.
NoParserFoundForObjectExt - /home/travis/build/smarie/python-parsyfiles/parsyfiles/tests/demo/./simple_collection_dataframe_inference/z (singlefile, .ini) cannot be parsed as a SubclassedDataFrame because no parser supporting that extension (singlefile, .ini) is able to create this type of object. If you wish to parse this fileobject to that precise type, you may wish to either (1) replace the file with any of the following extensions currently supported : {&apos;.pyc&apos;, &apos;.yml&apos;, &apos;.yaml&apos;, &apos;.txt&apos;} (see get_capabilities_for_type(SubclassedDataFrame, strict_type_matching=False) for details). Or (2) register a new parser.
NoParserFoundForObjectExt - /home/travis/build/smarie/python-parsyfiles/parsyfiles/tests/demo/./simple_collection_dataframe_inference/z (singlefile, .ini) cannot be parsed as a SubclassedSparseDataFrame because no parser supporting that extension (singlefile, .ini) is able to create this type of object. If you wish to parse this fileobject to that precise type, you may wish to either (1) replace the file with any of the following extensions currently supported : {&apos;.pyc&apos;, &apos;.yml&apos;, &apos;.yaml&apos;, &apos;.txt&apos;} (see get_capabilities_for_type(SubclassedSparseDataFrame, strict_type_matching=False) for details). Or (2) register a new parser.
(B)                                                                                                        |--z.ini -&gt; DataFrame ------- using [Try &apos;[Try &apos;$&lt;read_config&gt; =&gt; &lt;merge_all_config_sections_into_a_single_dict&gt; -&gt; &lt;dict_to_df&gt;$&apos; then &apos;$&lt;read_config&gt; =&gt; &lt;config_to_dict_of_dict&gt; -&gt; &lt;dict_to_df&gt;$]&apos;]&apos; -&gt; [DataFrame] then &apos;[Try &apos;$&lt;read_config&gt; =&gt; &lt;merge_all_config_sections_into_a_single_dict&gt; -&gt; &lt;dict_to_object&gt;$&apos; then &apos;$&lt;read_config&gt; =&gt; &lt;config_to_dict_of_dict&gt; -&gt; &lt;dict_of_dict_to_object&gt;$&apos; then &apos;$&lt;read_config&gt; =&gt; &lt;config_to_dict_of_dict&gt; -&gt; &lt;dict_to_object&gt;$]&apos;]&apos; -&gt; [TimeSeries]]]
(B)                                                                                                        |--z.ini -&gt; DataFrame ------- using [Try &apos;$&lt;read_config&gt; =&gt; &lt;merge_all_config_sections_into_a_single_dict&gt; -&gt; &lt;dict_to_df&gt;$&apos; then &apos;$&lt;read_config&gt; =&gt; &lt;config_to_dict_of_dict&gt; -&gt; &lt;dict_to_df&gt;$]&apos;]
(B)                                                                                                        |--z.ini -&gt; DataFrame ------- using $&lt;read_config&gt; =&gt; &lt;merge_all_config_sections_into_a_single_dict&gt; -&gt; &lt;dict_to_df&gt;$
Parsing Plan created successfully

Executing Parsing Plan for [/home/travis/build/smarie/python-parsyfiles/parsyfiles/tests/demo/./simple_collection_dataframe_inference]
(P) /home/travis/build/smarie/python-parsyfiles/parsyfiles/tests/demo/./simple_collection_dataframe_inference -&gt; Dict[str, DataFrame] ------- using Multifile Collection parser (parsyfiles defaults)
(P)                                                                                                        |--a.csv -&gt; DataFrame ------- using &lt;read_df_or_series_from_csv&gt;
(P)                                                                                                        |--a.csv -&gt; DataFrame SUCCESS !
(P)                                                                                                        |--b.txt -&gt; DataFrame ------- using &lt;read_df_or_series_from_csv&gt;
(P)                                                                                                        |--b.txt -&gt; DataFrame SUCCESS !
(P)                                                                                                        |--c.xls -&gt; DataFrame ------- using &lt;read_dataframe_from_xls&gt;
(P)                                                                                                        |--c.xls -&gt; DataFrame SUCCESS !
(P)                                                                                                        |--d.xlsx -&gt; DataFrame ------- using &lt;read_dataframe_from_xls&gt;
(P)                                                                                                        |--d.xlsx -&gt; DataFrame SUCCESS !
(P)                                                                                                        |--s_b64_pickle.txt -&gt; DataFrame ------- using &lt;read_df_or_series_from_csv&gt;
(P)                                                                                                        |--s_b64_pickle.txt -&gt; DataFrame SUCCESS !
(P)                                                                                                        |--u.json -&gt; DataFrame ------- using $&lt;read_dict_or_list_from_json&gt; =&gt; &lt;dict_to_df&gt;$
(P)                                                                                                        |--u.json -&gt; DataFrame SUCCESS !
(P)                                                                                                        |--v_properties.txt -&gt; DataFrame ------- using &lt;read_df_or_series_from_csv&gt;
(P)                                                                                                        |--v_properties.txt -&gt; DataFrame SUCCESS !
(P)                                                                                                        |--w.properties -&gt; DataFrame ------- using $&lt;read_dict_from_properties&gt; =&gt; &lt;dict_to_df&gt;$
(P)                                                                                                        |--w.properties -&gt; DataFrame SUCCESS !
(P)                                                                                                        |--x.yaml -&gt; DataFrame ------- using $&lt;read_object_from_yaml&gt; =&gt; &lt;dict_to_df&gt;$
(P)                                                                                                        |--x.yaml -&gt; DataFrame SUCCESS !
(P)                                                                                                        |--y.cfg -&gt; DataFrame ------- using $&lt;read_config&gt; =&gt; &lt;merge_all_config_sections_into_a_single_dict&gt; -&gt; &lt;dict_to_df&gt;$
(P)                                                                                                        |--y.cfg -&gt; DataFrame SUCCESS !
(P)                                                                                                        |--z.ini -&gt; DataFrame ------- using $&lt;read_config&gt; =&gt; &lt;merge_all_config_sections_into_a_single_dict&gt; -&gt; &lt;dict_to_df&gt;$
(P)                                                                                                        |--z.ini -&gt; DataFrame SUCCESS !
(P)                                                                  |--simple_collection_dataframe_inference -&gt; Dict[str, DataFrame] SUCCESS !
Completed parsing successfully

OrderedDict([(&apos;a&apos;,    a  b  c  d
0  1  2  3  4),
             (&apos;b&apos;,    a  b  c  d
0  1  2  3  4),
             (&apos;c&apos;, Empty DataFrame
Columns: []
Index: []),
             (&apos;d&apos;, Empty DataFrame
Columns: []
Index: []),
             (&apos;s_b64_pickle&apos;,
              Empty DataFrame
Columns: [gANjcGFuZGFzLmNvcmUuZnJhbWUKRGF0YUZyYW1lCnEAKYFxAX1xAihYCQAAAF9tZXRhZGF0YXEDXXEEWAQAAABfdHlwcQVYCQAAAGRhdGFmcmFtZXEGWAUAAABfZGF0YXEHY3BhbmRhcy5jb3JlLmludGVybmFscwpCbG9ja01hbmFnZXIKcQgpgXEJKF1xCihjcGFuZGFzLmluZGV4ZXMuYmFzZQpfbmV3X0luZGV4CnELY3BhbmRhcy5pbmRleGVzLmJhc2UKSW5kZXgKcQx9cQ0oWAQAAABkYXRhcQ5jbnVtcHkuY29yZS5tdWx0aWFycmF5Cl9yZWNvbnN0cnVjdApxD2NudW1weQpuZGFycmF5CnEQSwCFcRFDAWJxEodxE1JxFChLAUsChXEVY251bXB5CmR0eXBlCnEWWAIAAABPOHEXSwBLAYdxGFJxGShLA1gBAAAAfHEaTk5OSv////9K/////0s/dHEbYoldcRwoWAEAAABjcR1LBWV0cR5iWAQAAABuYW1lcR9OdYZxIFJxIWgLY3BhbmRhcy5pbmRleGVzLnJhbmdlClJhbmdlSW5kZXgKcSJ9cSMoWAUAAABzdGFydHEkSwBYBAAAAHN0ZXBxJUsBWAQAAABzdG9wcSZLA2gfTnWGcSdScShlXXEpKGgPaBBLAIVxKmgSh3ErUnEsKEsBSwFLA4ZxLWgWWAIAAABpOHEuSwBLAYdxL1JxMChLA1gBAAAAPHExTk5OSv////9K/////0sAdHEyYolDGAgAAAAAAAAADAAAAAAAAAADAAAAAAAAAHEzdHE0YmgPaBBLAIVxNWgSh3E2UnE3KEsBSwFLA4ZxOGgZiV1xOShYAQAAAGRxOlgBAAAAZXE7WAEAAABmcTxldHE9YmVdcT4oaAtoDH1xPyhoDmgPaBBLAIVxQGgSh3FBUnFCKEsBSwGFcUNoGYldcURLBWF0cUViaB9OdYZxRlJxR2gLaAx9cUgoaA5oD2gQSwCFcUloEodxSlJxSyhLAUsBhXFMaBmJXXFNaB1hdHFOYmgfTnWGcU9ScVBlfXFRWAYAAAAwLjE0LjFxUn1xUyhYBAAAAGF4ZXNxVGgKWAYAAABibG9ja3NxVV1xVih9cVcoWAYAAAB2YWx1ZXNxWGgsWAgAAABtZ3JfbG9jc3FZY2J1aWx0aW5zCnNsaWNlCnFaSwFLAksBh3FbUnFcdX1xXShoWGg3aFloWksASwFLAYdxXlJxX3VldXN0cWBidWIu]
Index: []),
             (&apos;u&apos;,    a  b  c  d
0  1  2  +  3),
             (&apos;v_properties&apos;,    a = 1
0  b = 1
1  c = +
2  d = 2),
             (&apos;w&apos;,    a  b  c  d
0  0  1  +  1),
             (&apos;x&apos;,    r  t  u  x
0  7  +  5  2),
             (&apos;y&apos;,    d  r  s  t
0  0  1  1  -),
             (&apos;z&apos;,     d  r  s  t
0  -1  0  1  -)])
</system-out></testcase><testcase classname="parsyfiles.tests.demo.test_parsyfiles_readme.DemoTests" file="parsyfiles/tests/demo/test_parsyfiles_readme.py" line="92" name="test_simple_collection_lazy" time="0.46485328674316406"><system-out>**** Starting to parse collection of &lt;DataFrame&gt; at location /home/travis/build/smarie/python-parsyfiles/parsyfiles/tests/demo/./simple_collection ****
Checking all files under [/home/travis/build/smarie/python-parsyfiles/parsyfiles/tests/demo/./simple_collection]
(C) /home/travis/build/smarie/python-parsyfiles/parsyfiles/tests/demo/./simple_collection (multifile)
(C)                                                                                    |--a (singlefile, .csv)
(C)                                                                                    |--b (singlefile, .txt)
(C)                                                                                    |--c (singlefile, .xls)
(C)                                                                                    |--d (singlefile, .xlsx)
(C)                                                                                    |--e (singlefile, .xlsm)
File checks done

Building a parsing plan to parse [/home/travis/build/smarie/python-parsyfiles/parsyfiles/tests/demo/./simple_collection] into a Dict[str, DataFrame]
(B) /home/travis/build/smarie/python-parsyfiles/parsyfiles/tests/demo/./simple_collection -&gt; Dict[str, DataFrame] ------- using Multifile Collection parser (parsyfiles defaults)
NoParserFoundForObjectExt - /home/travis/build/smarie/python-parsyfiles/parsyfiles/tests/demo/./simple_collection/a (singlefile, .csv) cannot be parsed as a LongPanel because no parser supporting that extension (singlefile, .csv) is able to create this type of object. If you wish to parse this fileobject to that precise type, you may wish to either (1) replace the file with any of the following extensions currently supported : {&apos;.pyc&apos;, &apos;.yml&apos;, &apos;.yaml&apos;, &apos;.txt&apos;} (see get_capabilities_for_type(LongPanel, strict_type_matching=False) for details). Or (2) register a new parser.
NoParserFoundForObjectExt - /home/travis/build/smarie/python-parsyfiles/parsyfiles/tests/demo/./simple_collection/a (singlefile, .csv) cannot be parsed as a SparseDataFrame because no parser supporting that extension (singlefile, .csv) is able to create this type of object. If you wish to parse this fileobject to that precise type, you may wish to either (1) replace the file with any of the following extensions currently supported : {&apos;.pyc&apos;, &apos;.yml&apos;, &apos;.yaml&apos;, &apos;.txt&apos;} (see get_capabilities_for_type(SparseDataFrame, strict_type_matching=False) for details). Or (2) register a new parser.
NoParserFoundForObjectExt - /home/travis/build/smarie/python-parsyfiles/parsyfiles/tests/demo/./simple_collection/a (singlefile, .csv) cannot be parsed as a SubclassedDataFrame because no parser supporting that extension (singlefile, .csv) is able to create this type of object. If you wish to parse this fileobject to that precise type, you may wish to either (1) replace the file with any of the following extensions currently supported : {&apos;.pyc&apos;, &apos;.yml&apos;, &apos;.yaml&apos;, &apos;.txt&apos;} (see get_capabilities_for_type(SubclassedDataFrame, strict_type_matching=False) for details). Or (2) register a new parser.
NoParserFoundForObjectExt - /home/travis/build/smarie/python-parsyfiles/parsyfiles/tests/demo/./simple_collection/a (singlefile, .csv) cannot be parsed as a SubclassedSparseDataFrame because no parser supporting that extension (singlefile, .csv) is able to create this type of object. If you wish to parse this fileobject to that precise type, you may wish to either (1) replace the file with any of the following extensions currently supported : {&apos;.pyc&apos;, &apos;.yml&apos;, &apos;.yaml&apos;, &apos;.txt&apos;} (see get_capabilities_for_type(SubclassedSparseDataFrame, strict_type_matching=False) for details). Or (2) register a new parser.
(B)                                                                                    |--a.csv -&gt; DataFrame ------- using [Try &apos;&lt;read_df_or_series_from_csv&gt;&apos; -&gt; [DataFrame] then &apos;$&lt;read_df_or_series_from_csv&gt; =&gt; &lt;single_row_or_col_df_to_dict&gt; -&gt; &lt;dict_to_object&gt;$&apos; -&gt; [TimeSeries]]]
(B)                                                                                    |--a.csv -&gt; DataFrame ------- using &lt;read_df_or_series_from_csv&gt;
(B)                                                                                    |--b.txt -&gt; DataFrame ------- using [Try &apos;[Try &apos;&lt;read_df_or_series_from_csv&gt;&apos; then &apos;$&lt;read_dict_from_properties&gt; =&gt; &lt;dict_to_df&gt;$&apos; then &apos;$&lt;read_str_from_txt&gt; =&gt; &lt;constructor_with_str_arg&gt;$&apos; then &apos;$&lt;read_str_from_txt&gt; =&gt; &lt;base64_ascii_str_pickle_to_object&gt;$]&apos;]&apos; -&gt; [DataFrame] then &apos;[Try &apos;$&lt;read_str_from_txt&gt; =&gt; &lt;constructor_with_str_arg&gt;$&apos; then &apos;$&lt;read_str_from_txt&gt; =&gt; &lt;base64_ascii_str_pickle_to_object&gt;$]&apos;]&apos; -&gt; [LongPanel] then &apos;[Try &apos;$&lt;read_str_from_txt&gt; =&gt; &lt;constructor_with_str_arg&gt;$&apos; then &apos;$&lt;read_str_from_txt&gt; =&gt; &lt;base64_ascii_str_pickle_to_object&gt;$]&apos;]&apos; -&gt; [SparseDataFrame] then &apos;[Try &apos;$&lt;read_str_from_txt&gt; =&gt; &lt;constructor_with_str_arg&gt;$&apos; then &apos;$&lt;read_str_from_txt&gt; =&gt; &lt;base64_ascii_str_pickle_to_object&gt;$]&apos;]&apos; -&gt; [SubclassedDataFrame] then &apos;[Try &apos;$&lt;read_dict_from_properties&gt; =&gt; &lt;dict_to_object&gt;$&apos; then &apos;$&lt;read_str_from_txt&gt; =&gt; &lt;constructor_with_str_arg&gt;$&apos; then &apos;$&lt;read_str_from_txt&gt; =&gt; &lt;base64_ascii_str_pickle_to_object&gt;$&apos; then &apos;$&lt;read_df_or_series_from_csv&gt; =&gt; &lt;single_row_or_col_df_to_dict&gt; -&gt; &lt;dict_to_object&gt;$]&apos;]&apos; -&gt; [TimeSeries] then &apos;[Try &apos;$&lt;read_str_from_txt&gt; =&gt; &lt;constructor_with_str_arg&gt;$&apos; then &apos;$&lt;read_str_from_txt&gt; =&gt; &lt;base64_ascii_str_pickle_to_object&gt;$]&apos;]&apos; -&gt; [SubclassedSparseDataFrame]]]
(B)                                                                                    |--b.txt -&gt; DataFrame ------- using [Try &apos;&lt;read_df_or_series_from_csv&gt;&apos; then &apos;$&lt;read_dict_from_properties&gt; =&gt; &lt;dict_to_df&gt;$&apos; then &apos;$&lt;read_str_from_txt&gt; =&gt; &lt;constructor_with_str_arg&gt;$&apos; then &apos;$&lt;read_str_from_txt&gt; =&gt; &lt;base64_ascii_str_pickle_to_object&gt;$]&apos;]
(B)                                                                                    |--b.txt -&gt; DataFrame ------- using &lt;read_df_or_series_from_csv&gt;
NoParserFoundForObjectExt - /home/travis/build/smarie/python-parsyfiles/parsyfiles/tests/demo/./simple_collection/c (singlefile, .xls) cannot be parsed as a LongPanel because no parser supporting that extension (singlefile, .xls) is able to create this type of object. If you wish to parse this fileobject to that precise type, you may wish to either (1) replace the file with any of the following extensions currently supported : {&apos;.pyc&apos;, &apos;.yml&apos;, &apos;.yaml&apos;, &apos;.txt&apos;} (see get_capabilities_for_type(LongPanel, strict_type_matching=False) for details). Or (2) register a new parser.
NoParserFoundForObjectExt - /home/travis/build/smarie/python-parsyfiles/parsyfiles/tests/demo/./simple_collection/c (singlefile, .xls) cannot be parsed as a SparseDataFrame because no parser supporting that extension (singlefile, .xls) is able to create this type of object. If you wish to parse this fileobject to that precise type, you may wish to either (1) replace the file with any of the following extensions currently supported : {&apos;.pyc&apos;, &apos;.yml&apos;, &apos;.yaml&apos;, &apos;.txt&apos;} (see get_capabilities_for_type(SparseDataFrame, strict_type_matching=False) for details). Or (2) register a new parser.
NoParserFoundForObjectExt - /home/travis/build/smarie/python-parsyfiles/parsyfiles/tests/demo/./simple_collection/c (singlefile, .xls) cannot be parsed as a SubclassedDataFrame because no parser supporting that extension (singlefile, .xls) is able to create this type of object. If you wish to parse this fileobject to that precise type, you may wish to either (1) replace the file with any of the following extensions currently supported : {&apos;.pyc&apos;, &apos;.yml&apos;, &apos;.yaml&apos;, &apos;.txt&apos;} (see get_capabilities_for_type(SubclassedDataFrame, strict_type_matching=False) for details). Or (2) register a new parser.
NoParserFoundForObjectExt - /home/travis/build/smarie/python-parsyfiles/parsyfiles/tests/demo/./simple_collection/c (singlefile, .xls) cannot be parsed as a SubclassedSparseDataFrame because no parser supporting that extension (singlefile, .xls) is able to create this type of object. If you wish to parse this fileobject to that precise type, you may wish to either (1) replace the file with any of the following extensions currently supported : {&apos;.pyc&apos;, &apos;.yml&apos;, &apos;.yaml&apos;, &apos;.txt&apos;} (see get_capabilities_for_type(SubclassedSparseDataFrame, strict_type_matching=False) for details). Or (2) register a new parser.
(B)                                                                                    |--c.xls -&gt; DataFrame ------- using [Try &apos;&lt;read_dataframe_from_xls&gt;&apos; -&gt; [DataFrame] then &apos;$&lt;read_dataframe_from_xls&gt; =&gt; &lt;single_row_or_col_df_to_dict&gt; -&gt; &lt;dict_to_object&gt;$&apos; -&gt; [TimeSeries]]]
(B)                                                                                    |--c.xls -&gt; DataFrame ------- using &lt;read_dataframe_from_xls&gt;
NoParserFoundForObjectExt - /home/travis/build/smarie/python-parsyfiles/parsyfiles/tests/demo/./simple_collection/d (singlefile, .xlsx) cannot be parsed as a LongPanel because no parser supporting that extension (singlefile, .xlsx) is able to create this type of object. If you wish to parse this fileobject to that precise type, you may wish to either (1) replace the file with any of the following extensions currently supported : {&apos;.pyc&apos;, &apos;.yml&apos;, &apos;.yaml&apos;, &apos;.txt&apos;} (see get_capabilities_for_type(LongPanel, strict_type_matching=False) for details). Or (2) register a new parser.
NoParserFoundForObjectExt - /home/travis/build/smarie/python-parsyfiles/parsyfiles/tests/demo/./simple_collection/d (singlefile, .xlsx) cannot be parsed as a SparseDataFrame because no parser supporting that extension (singlefile, .xlsx) is able to create this type of object. If you wish to parse this fileobject to that precise type, you may wish to either (1) replace the file with any of the following extensions currently supported : {&apos;.pyc&apos;, &apos;.yml&apos;, &apos;.yaml&apos;, &apos;.txt&apos;} (see get_capabilities_for_type(SparseDataFrame, strict_type_matching=False) for details). Or (2) register a new parser.
NoParserFoundForObjectExt - /home/travis/build/smarie/python-parsyfiles/parsyfiles/tests/demo/./simple_collection/d (singlefile, .xlsx) cannot be parsed as a SubclassedDataFrame because no parser supporting that extension (singlefile, .xlsx) is able to create this type of object. If you wish to parse this fileobject to that precise type, you may wish to either (1) replace the file with any of the following extensions currently supported : {&apos;.pyc&apos;, &apos;.yml&apos;, &apos;.yaml&apos;, &apos;.txt&apos;} (see get_capabilities_for_type(SubclassedDataFrame, strict_type_matching=False) for details). Or (2) register a new parser.
NoParserFoundForObjectExt - /home/travis/build/smarie/python-parsyfiles/parsyfiles/tests/demo/./simple_collection/d (singlefile, .xlsx) cannot be parsed as a SubclassedSparseDataFrame because no parser supporting that extension (singlefile, .xlsx) is able to create this type of object. If you wish to parse this fileobject to that precise type, you may wish to either (1) replace the file with any of the following extensions currently supported : {&apos;.pyc&apos;, &apos;.yml&apos;, &apos;.yaml&apos;, &apos;.txt&apos;} (see get_capabilities_for_type(SubclassedSparseDataFrame, strict_type_matching=False) for details). Or (2) register a new parser.
(B)                                                                                    |--d.xlsx -&gt; DataFrame ------- using [Try &apos;&lt;read_dataframe_from_xls&gt;&apos; -&gt; [DataFrame] then &apos;$&lt;read_dataframe_from_xls&gt; =&gt; &lt;single_row_or_col_df_to_dict&gt; -&gt; &lt;dict_to_object&gt;$&apos; -&gt; [TimeSeries]]]
(B)                                                                                    |--d.xlsx -&gt; DataFrame ------- using &lt;read_dataframe_from_xls&gt;
NoParserFoundForObjectExt - /home/travis/build/smarie/python-parsyfiles/parsyfiles/tests/demo/./simple_collection/e (singlefile, .xlsm) cannot be parsed as a LongPanel because no parser supporting that extension (singlefile, .xlsm) is able to create this type of object. If you wish to parse this fileobject to that precise type, you may wish to either (1) replace the file with any of the following extensions currently supported : {&apos;.pyc&apos;, &apos;.yml&apos;, &apos;.yaml&apos;, &apos;.txt&apos;} (see get_capabilities_for_type(LongPanel, strict_type_matching=False) for details). Or (2) register a new parser.
NoParserFoundForObjectExt - /home/travis/build/smarie/python-parsyfiles/parsyfiles/tests/demo/./simple_collection/e (singlefile, .xlsm) cannot be parsed as a SparseDataFrame because no parser supporting that extension (singlefile, .xlsm) is able to create this type of object. If you wish to parse this fileobject to that precise type, you may wish to either (1) replace the file with any of the following extensions currently supported : {&apos;.pyc&apos;, &apos;.yml&apos;, &apos;.yaml&apos;, &apos;.txt&apos;} (see get_capabilities_for_type(SparseDataFrame, strict_type_matching=False) for details). Or (2) register a new parser.
NoParserFoundForObjectExt - /home/travis/build/smarie/python-parsyfiles/parsyfiles/tests/demo/./simple_collection/e (singlefile, .xlsm) cannot be parsed as a SubclassedDataFrame because no parser supporting that extension (singlefile, .xlsm) is able to create this type of object. If you wish to parse this fileobject to that precise type, you may wish to either (1) replace the file with any of the following extensions currently supported : {&apos;.pyc&apos;, &apos;.yml&apos;, &apos;.yaml&apos;, &apos;.txt&apos;} (see get_capabilities_for_type(SubclassedDataFrame, strict_type_matching=False) for details). Or (2) register a new parser.
NoParserFoundForObjectExt - /home/travis/build/smarie/python-parsyfiles/parsyfiles/tests/demo/./simple_collection/e (singlefile, .xlsm) cannot be parsed as a SubclassedSparseDataFrame because no parser supporting that extension (singlefile, .xlsm) is able to create this type of object. If you wish to parse this fileobject to that precise type, you may wish to either (1) replace the file with any of the following extensions currently supported : {&apos;.pyc&apos;, &apos;.yml&apos;, &apos;.yaml&apos;, &apos;.txt&apos;} (see get_capabilities_for_type(SubclassedSparseDataFrame, strict_type_matching=False) for details). Or (2) register a new parser.
(B)                                                                                    |--e.xlsm -&gt; DataFrame ------- using [Try &apos;&lt;read_dataframe_from_xls&gt;&apos; -&gt; [DataFrame] then &apos;$&lt;read_dataframe_from_xls&gt; =&gt; &lt;single_row_or_col_df_to_dict&gt; -&gt; &lt;dict_to_object&gt;$&apos; -&gt; [TimeSeries]]]
(B)                                                                                    |--e.xlsm -&gt; DataFrame ------- using &lt;read_dataframe_from_xls&gt;
Parsing Plan created successfully

Executing Parsing Plan for [/home/travis/build/smarie/python-parsyfiles/parsyfiles/tests/demo/./simple_collection]
(P) /home/travis/build/smarie/python-parsyfiles/parsyfiles/tests/demo/./simple_collection -&gt; Dict[str, DataFrame] ------- using Multifile Collection parser (parsyfiles defaults)
(P)                                                                  |--simple_collection : lazy parsing ON, children will be parsed only if/when used
(P)                                                                  |--simple_collection -&gt; Dict[str, DataFrame] SUCCESS !
Completed parsing successfully

dfs length : 5
dfs keys : odict_keys([&apos;a&apos;, &apos;b&apos;, &apos;c&apos;, &apos;d&apos;, &apos;e&apos;])
Is b in dfs : True
Executing Parsing Plan for [/home/travis/build/smarie/python-parsyfiles/parsyfiles/tests/demo/./simple_collection/b]
(P) /home/travis/build/smarie/python-parsyfiles/parsyfiles/tests/demo/./simple_collection/b.txt -&gt; DataFrame ------- using &lt;read_df_or_series_from_csv&gt;
(P)                                                                                    |--b.txt -&gt; DataFrame SUCCESS !
Completed parsing successfully
   a  b  c  d
0  1  2  3  4
Executing Parsing Plan for [/home/travis/build/smarie/python-parsyfiles/parsyfiles/tests/demo/./simple_collection/a]
(P) /home/travis/build/smarie/python-parsyfiles/parsyfiles/tests/demo/./simple_collection/a.csv -&gt; DataFrame ------- using &lt;read_df_or_series_from_csv&gt;
(P)                                                                                    |--a.csv -&gt; DataFrame SUCCESS !
Completed parsing successfully
   a  b  c  d
0  1  2  3  4
   a  b  c  d
0  1  2  3  4
Executing Parsing Plan for [/home/travis/build/smarie/python-parsyfiles/parsyfiles/tests/demo/./simple_collection/c]
(P) /home/travis/build/smarie/python-parsyfiles/parsyfiles/tests/demo/./simple_collection/c.xls -&gt; DataFrame ------- using &lt;read_dataframe_from_xls&gt;
(P)                                                                                    |--c.xls -&gt; DataFrame SUCCESS !
Completed parsing successfully
   c   5
0  d   8
1  e  12
2  f   3
Executing Parsing Plan for [/home/travis/build/smarie/python-parsyfiles/parsyfiles/tests/demo/./simple_collection/d]
(P) /home/travis/build/smarie/python-parsyfiles/parsyfiles/tests/demo/./simple_collection/d.xlsx -&gt; DataFrame ------- using &lt;read_dataframe_from_xls&gt;
(P)                                                                                    |--d.xlsx -&gt; DataFrame SUCCESS !
Completed parsing successfully
   c   5
0  d   8
1  e  12
2  f   3
Executing Parsing Plan for [/home/travis/build/smarie/python-parsyfiles/parsyfiles/tests/demo/./simple_collection/e]
(P) /home/travis/build/smarie/python-parsyfiles/parsyfiles/tests/demo/./simple_collection/e.xlsm -&gt; DataFrame ------- using &lt;read_dataframe_from_xls&gt;
(P)                                                                                    |--e.xlsm -&gt; DataFrame SUCCESS !
Completed parsing successfully
   c   5
0  d   8
1  e  12
2  f   3
   a  b  c  d
0  1  2  3  4
   a  b  c  d
0  1  2  3  4
   c   5
0  d   8
1  e  12
2  f   3
   c   5
0  d   8
1  e  12
2  f   3
   c   5
0  d   8
1  e  12
2  f   3
{&apos;a&apos;:    a  b  c  d
0  1  2  3  4,
 &apos;b&apos;:    a  b  c  d
0  1  2  3  4,
 &apos;c&apos;:    c   5
0  d   8
1  e  12
2  f   3,
 &apos;d&apos;:    c   5
0  d   8
1  e  12
2  f   3,
 &apos;e&apos;:    c   5
0  d   8
1  e  12
2  f   3}
</system-out></testcase><testcase classname="parsyfiles.tests.demo.test_parsyfiles_readme.DemoTests" file="parsyfiles/tests/demo/test_parsyfiles_readme.py" line="73" name="test_simple_collection_nologs" time="0.47359323501586914"><system-out>OrderedDict([(&apos;a&apos;,    a  b  c  d
0  1  2  3  4),
             (&apos;b&apos;,    a  b  c  d
0  1  2  3  4),
             (&apos;c&apos;,    c   5
0  d   8
1  e  12
2  f   3),
             (&apos;d&apos;,    c   5
0  d   8
1  e  12
2  f   3),
             (&apos;e&apos;,    c   5
0  d   8
1  e  12
2  f   3)])
   c   5
0  d   8
1  e  12
2  f   3
</system-out></testcase><testcase classname="parsyfiles.tests.demo.test_parsyfiles_readme.DemoTests" file="parsyfiles/tests/demo/test_parsyfiles_readme.py" line="58" name="test_simple_collection_set_list_tuple" time="0.44420909881591797"><system-out>**** Starting to parse single object of type &lt;List[DataFrame]&gt; at location /home/travis/build/smarie/python-parsyfiles/parsyfiles/tests/demo/./simple_collection ****
Checking all files under [/home/travis/build/smarie/python-parsyfiles/parsyfiles/tests/demo/./simple_collection]
(C) /home/travis/build/smarie/python-parsyfiles/parsyfiles/tests/demo/./simple_collection (multifile)
(C)                                                                                    |--a (singlefile, .csv)
(C)                                                                                    |--b (singlefile, .txt)
(C)                                                                                    |--c (singlefile, .xls)
(C)                                                                                    |--d (singlefile, .xlsx)
(C)                                                                                    |--e (singlefile, .xlsm)
File checks done

Building a parsing plan to parse [/home/travis/build/smarie/python-parsyfiles/parsyfiles/tests/demo/./simple_collection] into a List[DataFrame]
(B) /home/travis/build/smarie/python-parsyfiles/parsyfiles/tests/demo/./simple_collection -&gt; List[DataFrame] ------- using Multifile Collection parser (parsyfiles defaults)
NoParserFoundForObjectExt - /home/travis/build/smarie/python-parsyfiles/parsyfiles/tests/demo/./simple_collection/a (singlefile, .csv) cannot be parsed as a LongPanel because no parser supporting that extension (singlefile, .csv) is able to create this type of object. If you wish to parse this fileobject to that precise type, you may wish to either (1) replace the file with any of the following extensions currently supported : {&apos;.pyc&apos;, &apos;.yml&apos;, &apos;.yaml&apos;, &apos;.txt&apos;} (see get_capabilities_for_type(LongPanel, strict_type_matching=False) for details). Or (2) register a new parser.
NoParserFoundForObjectExt - /home/travis/build/smarie/python-parsyfiles/parsyfiles/tests/demo/./simple_collection/a (singlefile, .csv) cannot be parsed as a SparseDataFrame because no parser supporting that extension (singlefile, .csv) is able to create this type of object. If you wish to parse this fileobject to that precise type, you may wish to either (1) replace the file with any of the following extensions currently supported : {&apos;.pyc&apos;, &apos;.yml&apos;, &apos;.yaml&apos;, &apos;.txt&apos;} (see get_capabilities_for_type(SparseDataFrame, strict_type_matching=False) for details). Or (2) register a new parser.
NoParserFoundForObjectExt - /home/travis/build/smarie/python-parsyfiles/parsyfiles/tests/demo/./simple_collection/a (singlefile, .csv) cannot be parsed as a SubclassedDataFrame because no parser supporting that extension (singlefile, .csv) is able to create this type of object. If you wish to parse this fileobject to that precise type, you may wish to either (1) replace the file with any of the following extensions currently supported : {&apos;.pyc&apos;, &apos;.yml&apos;, &apos;.yaml&apos;, &apos;.txt&apos;} (see get_capabilities_for_type(SubclassedDataFrame, strict_type_matching=False) for details). Or (2) register a new parser.
NoParserFoundForObjectExt - /home/travis/build/smarie/python-parsyfiles/parsyfiles/tests/demo/./simple_collection/a (singlefile, .csv) cannot be parsed as a SubclassedSparseDataFrame because no parser supporting that extension (singlefile, .csv) is able to create this type of object. If you wish to parse this fileobject to that precise type, you may wish to either (1) replace the file with any of the following extensions currently supported : {&apos;.pyc&apos;, &apos;.yml&apos;, &apos;.yaml&apos;, &apos;.txt&apos;} (see get_capabilities_for_type(SubclassedSparseDataFrame, strict_type_matching=False) for details). Or (2) register a new parser.
(B)                                                                                    |--a.csv -&gt; DataFrame ------- using [Try &apos;&lt;read_df_or_series_from_csv&gt;&apos; -&gt; [DataFrame] then &apos;$&lt;read_df_or_series_from_csv&gt; =&gt; &lt;single_row_or_col_df_to_dict&gt; -&gt; &lt;dict_to_object&gt;$&apos; -&gt; [TimeSeries]]]
(B)                                                                                    |--a.csv -&gt; DataFrame ------- using &lt;read_df_or_series_from_csv&gt;
(B)                                                                                    |--b.txt -&gt; DataFrame ------- using [Try &apos;[Try &apos;&lt;read_df_or_series_from_csv&gt;&apos; then &apos;$&lt;read_dict_from_properties&gt; =&gt; &lt;dict_to_df&gt;$&apos; then &apos;$&lt;read_str_from_txt&gt; =&gt; &lt;constructor_with_str_arg&gt;$&apos; then &apos;$&lt;read_str_from_txt&gt; =&gt; &lt;base64_ascii_str_pickle_to_object&gt;$]&apos;]&apos; -&gt; [DataFrame] then &apos;[Try &apos;$&lt;read_str_from_txt&gt; =&gt; &lt;constructor_with_str_arg&gt;$&apos; then &apos;$&lt;read_str_from_txt&gt; =&gt; &lt;base64_ascii_str_pickle_to_object&gt;$]&apos;]&apos; -&gt; [LongPanel] then &apos;[Try &apos;$&lt;read_str_from_txt&gt; =&gt; &lt;constructor_with_str_arg&gt;$&apos; then &apos;$&lt;read_str_from_txt&gt; =&gt; &lt;base64_ascii_str_pickle_to_object&gt;$]&apos;]&apos; -&gt; [SparseDataFrame] then &apos;[Try &apos;$&lt;read_str_from_txt&gt; =&gt; &lt;constructor_with_str_arg&gt;$&apos; then &apos;$&lt;read_str_from_txt&gt; =&gt; &lt;base64_ascii_str_pickle_to_object&gt;$]&apos;]&apos; -&gt; [SubclassedDataFrame] then &apos;[Try &apos;$&lt;read_dict_from_properties&gt; =&gt; &lt;dict_to_object&gt;$&apos; then &apos;$&lt;read_str_from_txt&gt; =&gt; &lt;constructor_with_str_arg&gt;$&apos; then &apos;$&lt;read_str_from_txt&gt; =&gt; &lt;base64_ascii_str_pickle_to_object&gt;$&apos; then &apos;$&lt;read_df_or_series_from_csv&gt; =&gt; &lt;single_row_or_col_df_to_dict&gt; -&gt; &lt;dict_to_object&gt;$]&apos;]&apos; -&gt; [TimeSeries] then &apos;[Try &apos;$&lt;read_str_from_txt&gt; =&gt; &lt;constructor_with_str_arg&gt;$&apos; then &apos;$&lt;read_str_from_txt&gt; =&gt; &lt;base64_ascii_str_pickle_to_object&gt;$]&apos;]&apos; -&gt; [SubclassedSparseDataFrame]]]
(B)                                                                                    |--b.txt -&gt; DataFrame ------- using [Try &apos;&lt;read_df_or_series_from_csv&gt;&apos; then &apos;$&lt;read_dict_from_properties&gt; =&gt; &lt;dict_to_df&gt;$&apos; then &apos;$&lt;read_str_from_txt&gt; =&gt; &lt;constructor_with_str_arg&gt;$&apos; then &apos;$&lt;read_str_from_txt&gt; =&gt; &lt;base64_ascii_str_pickle_to_object&gt;$]&apos;]
(B)                                                                                    |--b.txt -&gt; DataFrame ------- using &lt;read_df_or_series_from_csv&gt;
NoParserFoundForObjectExt - /home/travis/build/smarie/python-parsyfiles/parsyfiles/tests/demo/./simple_collection/c (singlefile, .xls) cannot be parsed as a LongPanel because no parser supporting that extension (singlefile, .xls) is able to create this type of object. If you wish to parse this fileobject to that precise type, you may wish to either (1) replace the file with any of the following extensions currently supported : {&apos;.pyc&apos;, &apos;.yml&apos;, &apos;.yaml&apos;, &apos;.txt&apos;} (see get_capabilities_for_type(LongPanel, strict_type_matching=False) for details). Or (2) register a new parser.
NoParserFoundForObjectExt - /home/travis/build/smarie/python-parsyfiles/parsyfiles/tests/demo/./simple_collection/c (singlefile, .xls) cannot be parsed as a SparseDataFrame because no parser supporting that extension (singlefile, .xls) is able to create this type of object. If you wish to parse this fileobject to that precise type, you may wish to either (1) replace the file with any of the following extensions currently supported : {&apos;.pyc&apos;, &apos;.yml&apos;, &apos;.yaml&apos;, &apos;.txt&apos;} (see get_capabilities_for_type(SparseDataFrame, strict_type_matching=False) for details). Or (2) register a new parser.
NoParserFoundForObjectExt - /home/travis/build/smarie/python-parsyfiles/parsyfiles/tests/demo/./simple_collection/c (singlefile, .xls) cannot be parsed as a SubclassedDataFrame because no parser supporting that extension (singlefile, .xls) is able to create this type of object. If you wish to parse this fileobject to that precise type, you may wish to either (1) replace the file with any of the following extensions currently supported : {&apos;.pyc&apos;, &apos;.yml&apos;, &apos;.yaml&apos;, &apos;.txt&apos;} (see get_capabilities_for_type(SubclassedDataFrame, strict_type_matching=False) for details). Or (2) register a new parser.
NoParserFoundForObjectExt - /home/travis/build/smarie/python-parsyfiles/parsyfiles/tests/demo/./simple_collection/c (singlefile, .xls) cannot be parsed as a SubclassedSparseDataFrame because no parser supporting that extension (singlefile, .xls) is able to create this type of object. If you wish to parse this fileobject to that precise type, you may wish to either (1) replace the file with any of the following extensions currently supported : {&apos;.pyc&apos;, &apos;.yml&apos;, &apos;.yaml&apos;, &apos;.txt&apos;} (see get_capabilities_for_type(SubclassedSparseDataFrame, strict_type_matching=False) for details). Or (2) register a new parser.
(B)                                                                                    |--c.xls -&gt; DataFrame ------- using [Try &apos;&lt;read_dataframe_from_xls&gt;&apos; -&gt; [DataFrame] then &apos;$&lt;read_dataframe_from_xls&gt; =&gt; &lt;single_row_or_col_df_to_dict&gt; -&gt; &lt;dict_to_object&gt;$&apos; -&gt; [TimeSeries]]]
(B)                                                                                    |--c.xls -&gt; DataFrame ------- using &lt;read_dataframe_from_xls&gt;
NoParserFoundForObjectExt - /home/travis/build/smarie/python-parsyfiles/parsyfiles/tests/demo/./simple_collection/d (singlefile, .xlsx) cannot be parsed as a LongPanel because no parser supporting that extension (singlefile, .xlsx) is able to create this type of object. If you wish to parse this fileobject to that precise type, you may wish to either (1) replace the file with any of the following extensions currently supported : {&apos;.pyc&apos;, &apos;.yml&apos;, &apos;.yaml&apos;, &apos;.txt&apos;} (see get_capabilities_for_type(LongPanel, strict_type_matching=False) for details). Or (2) register a new parser.
NoParserFoundForObjectExt - /home/travis/build/smarie/python-parsyfiles/parsyfiles/tests/demo/./simple_collection/d (singlefile, .xlsx) cannot be parsed as a SparseDataFrame because no parser supporting that extension (singlefile, .xlsx) is able to create this type of object. If you wish to parse this fileobject to that precise type, you may wish to either (1) replace the file with any of the following extensions currently supported : {&apos;.pyc&apos;, &apos;.yml&apos;, &apos;.yaml&apos;, &apos;.txt&apos;} (see get_capabilities_for_type(SparseDataFrame, strict_type_matching=False) for details). Or (2) register a new parser.
NoParserFoundForObjectExt - /home/travis/build/smarie/python-parsyfiles/parsyfiles/tests/demo/./simple_collection/d (singlefile, .xlsx) cannot be parsed as a SubclassedDataFrame because no parser supporting that extension (singlefile, .xlsx) is able to create this type of object. If you wish to parse this fileobject to that precise type, you may wish to either (1) replace the file with any of the following extensions currently supported : {&apos;.pyc&apos;, &apos;.yml&apos;, &apos;.yaml&apos;, &apos;.txt&apos;} (see get_capabilities_for_type(SubclassedDataFrame, strict_type_matching=False) for details). Or (2) register a new parser.
NoParserFoundForObjectExt - /home/travis/build/smarie/python-parsyfiles/parsyfiles/tests/demo/./simple_collection/d (singlefile, .xlsx) cannot be parsed as a SubclassedSparseDataFrame because no parser supporting that extension (singlefile, .xlsx) is able to create this type of object. If you wish to parse this fileobject to that precise type, you may wish to either (1) replace the file with any of the following extensions currently supported : {&apos;.pyc&apos;, &apos;.yml&apos;, &apos;.yaml&apos;, &apos;.txt&apos;} (see get_capabilities_for_type(SubclassedSparseDataFrame, strict_type_matching=False) for details). Or (2) register a new parser.
(B)                                                                                    |--d.xlsx -&gt; DataFrame ------- using [Try &apos;&lt;read_dataframe_from_xls&gt;&apos; -&gt; [DataFrame] then &apos;$&lt;read_dataframe_from_xls&gt; =&gt; &lt;single_row_or_col_df_to_dict&gt; -&gt; &lt;dict_to_object&gt;$&apos; -&gt; [TimeSeries]]]
(B)                                                                                    |--d.xlsx -&gt; DataFrame ------- using &lt;read_dataframe_from_xls&gt;
NoParserFoundForObjectExt - /home/travis/build/smarie/python-parsyfiles/parsyfiles/tests/demo/./simple_collection/e (singlefile, .xlsm) cannot be parsed as a LongPanel because no parser supporting that extension (singlefile, .xlsm) is able to create this type of object. If you wish to parse this fileobject to that precise type, you may wish to either (1) replace the file with any of the following extensions currently supported : {&apos;.pyc&apos;, &apos;.yml&apos;, &apos;.yaml&apos;, &apos;.txt&apos;} (see get_capabilities_for_type(LongPanel, strict_type_matching=False) for details). Or (2) register a new parser.
NoParserFoundForObjectExt - /home/travis/build/smarie/python-parsyfiles/parsyfiles/tests/demo/./simple_collection/e (singlefile, .xlsm) cannot be parsed as a SparseDataFrame because no parser supporting that extension (singlefile, .xlsm) is able to create this type of object. If you wish to parse this fileobject to that precise type, you may wish to either (1) replace the file with any of the following extensions currently supported : {&apos;.pyc&apos;, &apos;.yml&apos;, &apos;.yaml&apos;, &apos;.txt&apos;} (see get_capabilities_for_type(SparseDataFrame, strict_type_matching=False) for details). Or (2) register a new parser.
NoParserFoundForObjectExt - /home/travis/build/smarie/python-parsyfiles/parsyfiles/tests/demo/./simple_collection/e (singlefile, .xlsm) cannot be parsed as a SubclassedDataFrame because no parser supporting that extension (singlefile, .xlsm) is able to create this type of object. If you wish to parse this fileobject to that precise type, you may wish to either (1) replace the file with any of the following extensions currently supported : {&apos;.pyc&apos;, &apos;.yml&apos;, &apos;.yaml&apos;, &apos;.txt&apos;} (see get_capabilities_for_type(SubclassedDataFrame, strict_type_matching=False) for details). Or (2) register a new parser.
NoParserFoundForObjectExt - /home/travis/build/smarie/python-parsyfiles/parsyfiles/tests/demo/./simple_collection/e (singlefile, .xlsm) cannot be parsed as a SubclassedSparseDataFrame because no parser supporting that extension (singlefile, .xlsm) is able to create this type of object. If you wish to parse this fileobject to that precise type, you may wish to either (1) replace the file with any of the following extensions currently supported : {&apos;.pyc&apos;, &apos;.yml&apos;, &apos;.yaml&apos;, &apos;.txt&apos;} (see get_capabilities_for_type(SubclassedSparseDataFrame, strict_type_matching=False) for details). Or (2) register a new parser.
(B)                                                                                    |--e.xlsm -&gt; DataFrame ------- using [Try &apos;&lt;read_dataframe_from_xls&gt;&apos; -&gt; [DataFrame] then &apos;$&lt;read_dataframe_from_xls&gt; =&gt; &lt;single_row_or_col_df_to_dict&gt; -&gt; &lt;dict_to_object&gt;$&apos; -&gt; [TimeSeries]]]
(B)                                                                                    |--e.xlsm -&gt; DataFrame ------- using &lt;read_dataframe_from_xls&gt;
Parsing Plan created successfully

Executing Parsing Plan for [/home/travis/build/smarie/python-parsyfiles/parsyfiles/tests/demo/./simple_collection]
(P) /home/travis/build/smarie/python-parsyfiles/parsyfiles/tests/demo/./simple_collection -&gt; List[DataFrame] ------- using Multifile Collection parser (parsyfiles defaults)
(P)                                                                                    |--a.csv -&gt; DataFrame ------- using &lt;read_df_or_series_from_csv&gt;
(P)                                                                                    |--a.csv -&gt; DataFrame SUCCESS !
(P)                                                                                    |--b.txt -&gt; DataFrame ------- using &lt;read_df_or_series_from_csv&gt;
(P)                                                                                    |--b.txt -&gt; DataFrame SUCCESS !
(P)                                                                                    |--c.xls -&gt; DataFrame ------- using &lt;read_dataframe_from_xls&gt;
(P)                                                                                    |--c.xls -&gt; DataFrame SUCCESS !
(P)                                                                                    |--d.xlsx -&gt; DataFrame ------- using &lt;read_dataframe_from_xls&gt;
(P)                                                                                    |--d.xlsx -&gt; DataFrame SUCCESS !
(P)                                                                                    |--e.xlsm -&gt; DataFrame ------- using &lt;read_dataframe_from_xls&gt;
(P)                                                                                    |--e.xlsm -&gt; DataFrame SUCCESS !
(P)                                                                  |--simple_collection -&gt; List[DataFrame] SUCCESS !
Completed parsing successfully

[   a  b  c  d
0  1  2  3  4,    a  b  c  d
0  1  2  3  4,    c   5
0  d   8
1  e  12
2  f   3,    c   5
0  d   8
1  e  12
2  f   3,    c   5
0  d   8
1  e  12
2  f   3]
**** Starting to parse single object of type &lt;Tuple[DataFrame, DataFrame, DataFrame, DataFrame, DataFrame]&gt; at location /home/travis/build/smarie/python-parsyfiles/parsyfiles/tests/demo/./simple_collection ****
Checking all files under [/home/travis/build/smarie/python-parsyfiles/parsyfiles/tests/demo/./simple_collection]
(C) /home/travis/build/smarie/python-parsyfiles/parsyfiles/tests/demo/./simple_collection (multifile)
(C)                                                                                    |--a (singlefile, .csv)
(C)                                                                                    |--b (singlefile, .txt)
(C)                                                                                    |--c (singlefile, .xls)
(C)                                                                                    |--d (singlefile, .xlsx)
(C)                                                                                    |--e (singlefile, .xlsm)
File checks done

Building a parsing plan to parse [/home/travis/build/smarie/python-parsyfiles/parsyfiles/tests/demo/./simple_collection] into a Tuple[DataFrame, DataFrame, DataFrame, DataFrame, DataFrame]
(B) /home/travis/build/smarie/python-parsyfiles/parsyfiles/tests/demo/./simple_collection -&gt; Tuple[DataFrame, DataFrame, DataFrame, DataFrame, DataFrame] ------- using Multifile Collection parser (parsyfiles defaults)
NoParserFoundForObjectExt - /home/travis/build/smarie/python-parsyfiles/parsyfiles/tests/demo/./simple_collection/a (singlefile, .csv) cannot be parsed as a LongPanel because no parser supporting that extension (singlefile, .csv) is able to create this type of object. If you wish to parse this fileobject to that precise type, you may wish to either (1) replace the file with any of the following extensions currently supported : {&apos;.pyc&apos;, &apos;.yml&apos;, &apos;.yaml&apos;, &apos;.txt&apos;} (see get_capabilities_for_type(LongPanel, strict_type_matching=False) for details). Or (2) register a new parser.
NoParserFoundForObjectExt - /home/travis/build/smarie/python-parsyfiles/parsyfiles/tests/demo/./simple_collection/a (singlefile, .csv) cannot be parsed as a SparseDataFrame because no parser supporting that extension (singlefile, .csv) is able to create this type of object. If you wish to parse this fileobject to that precise type, you may wish to either (1) replace the file with any of the following extensions currently supported : {&apos;.pyc&apos;, &apos;.yml&apos;, &apos;.yaml&apos;, &apos;.txt&apos;} (see get_capabilities_for_type(SparseDataFrame, strict_type_matching=False) for details). Or (2) register a new parser.
NoParserFoundForObjectExt - /home/travis/build/smarie/python-parsyfiles/parsyfiles/tests/demo/./simple_collection/a (singlefile, .csv) cannot be parsed as a SubclassedDataFrame because no parser supporting that extension (singlefile, .csv) is able to create this type of object. If you wish to parse this fileobject to that precise type, you may wish to either (1) replace the file with any of the following extensions currently supported : {&apos;.pyc&apos;, &apos;.yml&apos;, &apos;.yaml&apos;, &apos;.txt&apos;} (see get_capabilities_for_type(SubclassedDataFrame, strict_type_matching=False) for details). Or (2) register a new parser.
NoParserFoundForObjectExt - /home/travis/build/smarie/python-parsyfiles/parsyfiles/tests/demo/./simple_collection/a (singlefile, .csv) cannot be parsed as a SubclassedSparseDataFrame because no parser supporting that extension (singlefile, .csv) is able to create this type of object. If you wish to parse this fileobject to that precise type, you may wish to either (1) replace the file with any of the following extensions currently supported : {&apos;.pyc&apos;, &apos;.yml&apos;, &apos;.yaml&apos;, &apos;.txt&apos;} (see get_capabilities_for_type(SubclassedSparseDataFrame, strict_type_matching=False) for details). Or (2) register a new parser.
(B)                                                                                    |--a.csv -&gt; DataFrame ------- using [Try &apos;&lt;read_df_or_series_from_csv&gt;&apos; -&gt; [DataFrame] then &apos;$&lt;read_df_or_series_from_csv&gt; =&gt; &lt;single_row_or_col_df_to_dict&gt; -&gt; &lt;dict_to_object&gt;$&apos; -&gt; [TimeSeries]]]
(B)                                                                                    |--a.csv -&gt; DataFrame ------- using &lt;read_df_or_series_from_csv&gt;
(B)                                                                                    |--b.txt -&gt; DataFrame ------- using [Try &apos;[Try &apos;&lt;read_df_or_series_from_csv&gt;&apos; then &apos;$&lt;read_dict_from_properties&gt; =&gt; &lt;dict_to_df&gt;$&apos; then &apos;$&lt;read_str_from_txt&gt; =&gt; &lt;constructor_with_str_arg&gt;$&apos; then &apos;$&lt;read_str_from_txt&gt; =&gt; &lt;base64_ascii_str_pickle_to_object&gt;$]&apos;]&apos; -&gt; [DataFrame] then &apos;[Try &apos;$&lt;read_str_from_txt&gt; =&gt; &lt;constructor_with_str_arg&gt;$&apos; then &apos;$&lt;read_str_from_txt&gt; =&gt; &lt;base64_ascii_str_pickle_to_object&gt;$]&apos;]&apos; -&gt; [LongPanel] then &apos;[Try &apos;$&lt;read_str_from_txt&gt; =&gt; &lt;constructor_with_str_arg&gt;$&apos; then &apos;$&lt;read_str_from_txt&gt; =&gt; &lt;base64_ascii_str_pickle_to_object&gt;$]&apos;]&apos; -&gt; [SparseDataFrame] then &apos;[Try &apos;$&lt;read_str_from_txt&gt; =&gt; &lt;constructor_with_str_arg&gt;$&apos; then &apos;$&lt;read_str_from_txt&gt; =&gt; &lt;base64_ascii_str_pickle_to_object&gt;$]&apos;]&apos; -&gt; [SubclassedDataFrame] then &apos;[Try &apos;$&lt;read_dict_from_properties&gt; =&gt; &lt;dict_to_object&gt;$&apos; then &apos;$&lt;read_str_from_txt&gt; =&gt; &lt;constructor_with_str_arg&gt;$&apos; then &apos;$&lt;read_str_from_txt&gt; =&gt; &lt;base64_ascii_str_pickle_to_object&gt;$&apos; then &apos;$&lt;read_df_or_series_from_csv&gt; =&gt; &lt;single_row_or_col_df_to_dict&gt; -&gt; &lt;dict_to_object&gt;$]&apos;]&apos; -&gt; [TimeSeries] then &apos;[Try &apos;$&lt;read_str_from_txt&gt; =&gt; &lt;constructor_with_str_arg&gt;$&apos; then &apos;$&lt;read_str_from_txt&gt; =&gt; &lt;base64_ascii_str_pickle_to_object&gt;$]&apos;]&apos; -&gt; [SubclassedSparseDataFrame]]]
(B)                                                                                    |--b.txt -&gt; DataFrame ------- using [Try &apos;&lt;read_df_or_series_from_csv&gt;&apos; then &apos;$&lt;read_dict_from_properties&gt; =&gt; &lt;dict_to_df&gt;$&apos; then &apos;$&lt;read_str_from_txt&gt; =&gt; &lt;constructor_with_str_arg&gt;$&apos; then &apos;$&lt;read_str_from_txt&gt; =&gt; &lt;base64_ascii_str_pickle_to_object&gt;$]&apos;]
(B)                                                                                    |--b.txt -&gt; DataFrame ------- using &lt;read_df_or_series_from_csv&gt;
NoParserFoundForObjectExt - /home/travis/build/smarie/python-parsyfiles/parsyfiles/tests/demo/./simple_collection/c (singlefile, .xls) cannot be parsed as a LongPanel because no parser supporting that extension (singlefile, .xls) is able to create this type of object. If you wish to parse this fileobject to that precise type, you may wish to either (1) replace the file with any of the following extensions currently supported : {&apos;.pyc&apos;, &apos;.yml&apos;, &apos;.yaml&apos;, &apos;.txt&apos;} (see get_capabilities_for_type(LongPanel, strict_type_matching=False) for details). Or (2) register a new parser.
NoParserFoundForObjectExt - /home/travis/build/smarie/python-parsyfiles/parsyfiles/tests/demo/./simple_collection/c (singlefile, .xls) cannot be parsed as a SparseDataFrame because no parser supporting that extension (singlefile, .xls) is able to create this type of object. If you wish to parse this fileobject to that precise type, you may wish to either (1) replace the file with any of the following extensions currently supported : {&apos;.pyc&apos;, &apos;.yml&apos;, &apos;.yaml&apos;, &apos;.txt&apos;} (see get_capabilities_for_type(SparseDataFrame, strict_type_matching=False) for details). Or (2) register a new parser.
NoParserFoundForObjectExt - /home/travis/build/smarie/python-parsyfiles/parsyfiles/tests/demo/./simple_collection/c (singlefile, .xls) cannot be parsed as a SubclassedDataFrame because no parser supporting that extension (singlefile, .xls) is able to create this type of object. If you wish to parse this fileobject to that precise type, you may wish to either (1) replace the file with any of the following extensions currently supported : {&apos;.pyc&apos;, &apos;.yml&apos;, &apos;.yaml&apos;, &apos;.txt&apos;} (see get_capabilities_for_type(SubclassedDataFrame, strict_type_matching=False) for details). Or (2) register a new parser.
NoParserFoundForObjectExt - /home/travis/build/smarie/python-parsyfiles/parsyfiles/tests/demo/./simple_collection/c (singlefile, .xls) cannot be parsed as a SubclassedSparseDataFrame because no parser supporting that extension (singlefile, .xls) is able to create this type of object. If you wish to parse this fileobject to that precise type, you may wish to either (1) replace the file with any of the following extensions currently supported : {&apos;.pyc&apos;, &apos;.yml&apos;, &apos;.yaml&apos;, &apos;.txt&apos;} (see get_capabilities_for_type(SubclassedSparseDataFrame, strict_type_matching=False) for details). Or (2) register a new parser.
(B)                                                                                    |--c.xls -&gt; DataFrame ------- using [Try &apos;&lt;read_dataframe_from_xls&gt;&apos; -&gt; [DataFrame] then &apos;$&lt;read_dataframe_from_xls&gt; =&gt; &lt;single_row_or_col_df_to_dict&gt; -&gt; &lt;dict_to_object&gt;$&apos; -&gt; [TimeSeries]]]
(B)                                                                                    |--c.xls -&gt; DataFrame ------- using &lt;read_dataframe_from_xls&gt;
NoParserFoundForObjectExt - /home/travis/build/smarie/python-parsyfiles/parsyfiles/tests/demo/./simple_collection/d (singlefile, .xlsx) cannot be parsed as a LongPanel because no parser supporting that extension (singlefile, .xlsx) is able to create this type of object. If you wish to parse this fileobject to that precise type, you may wish to either (1) replace the file with any of the following extensions currently supported : {&apos;.pyc&apos;, &apos;.yml&apos;, &apos;.yaml&apos;, &apos;.txt&apos;} (see get_capabilities_for_type(LongPanel, strict_type_matching=False) for details). Or (2) register a new parser.
NoParserFoundForObjectExt - /home/travis/build/smarie/python-parsyfiles/parsyfiles/tests/demo/./simple_collection/d (singlefile, .xlsx) cannot be parsed as a SparseDataFrame because no parser supporting that extension (singlefile, .xlsx) is able to create this type of object. If you wish to parse this fileobject to that precise type, you may wish to either (1) replace the file with any of the following extensions currently supported : {&apos;.pyc&apos;, &apos;.yml&apos;, &apos;.yaml&apos;, &apos;.txt&apos;} (see get_capabilities_for_type(SparseDataFrame, strict_type_matching=False) for details). Or (2) register a new parser.
NoParserFoundForObjectExt - /home/travis/build/smarie/python-parsyfiles/parsyfiles/tests/demo/./simple_collection/d (singlefile, .xlsx) cannot be parsed as a SubclassedDataFrame because no parser supporting that extension (singlefile, .xlsx) is able to create this type of object. If you wish to parse this fileobject to that precise type, you may wish to either (1) replace the file with any of the following extensions currently supported : {&apos;.pyc&apos;, &apos;.yml&apos;, &apos;.yaml&apos;, &apos;.txt&apos;} (see get_capabilities_for_type(SubclassedDataFrame, strict_type_matching=False) for details). Or (2) register a new parser.
NoParserFoundForObjectExt - /home/travis/build/smarie/python-parsyfiles/parsyfiles/tests/demo/./simple_collection/d (singlefile, .xlsx) cannot be parsed as a SubclassedSparseDataFrame because no parser supporting that extension (singlefile, .xlsx) is able to create this type of object. If you wish to parse this fileobject to that precise type, you may wish to either (1) replace the file with any of the following extensions currently supported : {&apos;.pyc&apos;, &apos;.yml&apos;, &apos;.yaml&apos;, &apos;.txt&apos;} (see get_capabilities_for_type(SubclassedSparseDataFrame, strict_type_matching=False) for details). Or (2) register a new parser.
(B)                                                                                    |--d.xlsx -&gt; DataFrame ------- using [Try &apos;&lt;read_dataframe_from_xls&gt;&apos; -&gt; [DataFrame] then &apos;$&lt;read_dataframe_from_xls&gt; =&gt; &lt;single_row_or_col_df_to_dict&gt; -&gt; &lt;dict_to_object&gt;$&apos; -&gt; [TimeSeries]]]
(B)                                                                                    |--d.xlsx -&gt; DataFrame ------- using &lt;read_dataframe_from_xls&gt;
NoParserFoundForObjectExt - /home/travis/build/smarie/python-parsyfiles/parsyfiles/tests/demo/./simple_collection/e (singlefile, .xlsm) cannot be parsed as a LongPanel because no parser supporting that extension (singlefile, .xlsm) is able to create this type of object. If you wish to parse this fileobject to that precise type, you may wish to either (1) replace the file with any of the following extensions currently supported : {&apos;.pyc&apos;, &apos;.yml&apos;, &apos;.yaml&apos;, &apos;.txt&apos;} (see get_capabilities_for_type(LongPanel, strict_type_matching=False) for details). Or (2) register a new parser.
NoParserFoundForObjectExt - /home/travis/build/smarie/python-parsyfiles/parsyfiles/tests/demo/./simple_collection/e (singlefile, .xlsm) cannot be parsed as a SparseDataFrame because no parser supporting that extension (singlefile, .xlsm) is able to create this type of object. If you wish to parse this fileobject to that precise type, you may wish to either (1) replace the file with any of the following extensions currently supported : {&apos;.pyc&apos;, &apos;.yml&apos;, &apos;.yaml&apos;, &apos;.txt&apos;} (see get_capabilities_for_type(SparseDataFrame, strict_type_matching=False) for details). Or (2) register a new parser.
NoParserFoundForObjectExt - /home/travis/build/smarie/python-parsyfiles/parsyfiles/tests/demo/./simple_collection/e (singlefile, .xlsm) cannot be parsed as a SubclassedDataFrame because no parser supporting that extension (singlefile, .xlsm) is able to create this type of object. If you wish to parse this fileobject to that precise type, you may wish to either (1) replace the file with any of the following extensions currently supported : {&apos;.pyc&apos;, &apos;.yml&apos;, &apos;.yaml&apos;, &apos;.txt&apos;} (see get_capabilities_for_type(SubclassedDataFrame, strict_type_matching=False) for details). Or (2) register a new parser.
NoParserFoundForObjectExt - /home/travis/build/smarie/python-parsyfiles/parsyfiles/tests/demo/./simple_collection/e (singlefile, .xlsm) cannot be parsed as a SubclassedSparseDataFrame because no parser supporting that extension (singlefile, .xlsm) is able to create this type of object. If you wish to parse this fileobject to that precise type, you may wish to either (1) replace the file with any of the following extensions currently supported : {&apos;.pyc&apos;, &apos;.yml&apos;, &apos;.yaml&apos;, &apos;.txt&apos;} (see get_capabilities_for_type(SubclassedSparseDataFrame, strict_type_matching=False) for details). Or (2) register a new parser.
(B)                                                                                    |--e.xlsm -&gt; DataFrame ------- using [Try &apos;&lt;read_dataframe_from_xls&gt;&apos; -&gt; [DataFrame] then &apos;$&lt;read_dataframe_from_xls&gt; =&gt; &lt;single_row_or_col_df_to_dict&gt; -&gt; &lt;dict_to_object&gt;$&apos; -&gt; [TimeSeries]]]
(B)                                                                                    |--e.xlsm -&gt; DataFrame ------- using &lt;read_dataframe_from_xls&gt;
Parsing Plan created successfully

Executing Parsing Plan for [/home/travis/build/smarie/python-parsyfiles/parsyfiles/tests/demo/./simple_collection]
(P) /home/travis/build/smarie/python-parsyfiles/parsyfiles/tests/demo/./simple_collection -&gt; Tuple[DataFrame, DataFrame, DataFrame, DataFrame, DataFrame] ------- using Multifile Collection parser (parsyfiles defaults)
(P)                                                                                    |--a.csv -&gt; DataFrame ------- using &lt;read_df_or_series_from_csv&gt;
(P)                                                                                    |--a.csv -&gt; DataFrame SUCCESS !
(P)                                                                                    |--b.txt -&gt; DataFrame ------- using &lt;read_df_or_series_from_csv&gt;
(P)                                                                                    |--b.txt -&gt; DataFrame SUCCESS !
(P)                                                                                    |--c.xls -&gt; DataFrame ------- using &lt;read_dataframe_from_xls&gt;
(P)                                                                                    |--c.xls -&gt; DataFrame SUCCESS !
(P)                                                                                    |--d.xlsx -&gt; DataFrame ------- using &lt;read_dataframe_from_xls&gt;
(P)                                                                                    |--d.xlsx -&gt; DataFrame SUCCESS !
(P)                                                                                    |--e.xlsm -&gt; DataFrame ------- using &lt;read_dataframe_from_xls&gt;
(P)                                                                                    |--e.xlsm -&gt; DataFrame SUCCESS !
(P)                                                                  |--simple_collection -&gt; Tuple[DataFrame, DataFrame, DataFrame, DataFrame, DataFrame] SUCCESS !
Completed parsing successfully

(   a  b  c  d
0  1  2  3  4,    a  b  c  d
0  1  2  3  4,    c   5
0  d   8
1  e  12
2  f   3,    c   5
0  d   8
1  e  12
2  f   3,    c   5
0  d   8
1  e  12
2  f   3)
</system-out></testcase><testcase classname="parsyfiles.tests.demo.test_parsyfiles_readme.DemoTests" file="parsyfiles/tests/demo/test_parsyfiles_readme.py" line="253" name="test_simple_object_with_contract_attrs" time="0.39206409454345703"><system-out>**** Starting to parse collection of &lt;ExecOpTest&gt; at location /home/travis/build/smarie/python-parsyfiles/parsyfiles/tests/demo/./simple_objects ****
Checking all files under [/home/travis/build/smarie/python-parsyfiles/parsyfiles/tests/demo/./simple_objects]
(C) /home/travis/build/smarie/python-parsyfiles/parsyfiles/tests/demo/./simple_objects (multifile)
(C)                                                                                 |--test_diff_1 (singlefile, .cfg)
(C)                                                                                 |--test_diff_2 (singlefile, .ini)
(C)                                                                                 |--test_diff_3_csv_format (singlefile, .txt)
(C)                                                                                 |--test_diff_4_csv_format2 (singlefile, .txt)
(C)                                                                                 |--test_sum_1 (singlefile, .json)
(C)                                                                                 |--test_sum_2 (singlefile, .properties)
(C)                                                                                 |--test_sum_3_properties_format (singlefile, .txt)
(C)                                                                                 |--test_sum_4 (singlefile, .yaml)
(C)                                                                                 |--test_sum_5 (singlefile, .xls)
(C)                                                                                 |--test_sum_6 (singlefile, .xlsx)
(C)                                                                                 |--test_sum_7 (singlefile, .xlsm)
File checks done

Building a parsing plan to parse [/home/travis/build/smarie/python-parsyfiles/parsyfiles/tests/demo/./simple_objects] into a Dict[str, ExecOpTest]
(B) /home/travis/build/smarie/python-parsyfiles/parsyfiles/tests/demo/./simple_objects -&gt; Dict[str, ExecOpTest] ------- using Multifile Collection parser (parsyfiles defaults)
(B)                                                                                 |--test_diff_1.cfg -&gt; ExecOpTest ------- using [Try &apos;$&lt;read_config&gt; =&gt; &lt;merge_all_config_sections_into_a_single_dict&gt; -&gt; &lt;dict_to_object&gt;$&apos; then &apos;$&lt;read_config&gt; =&gt; &lt;config_to_dict_of_dict&gt; -&gt; &lt;dict_of_dict_to_object&gt;$&apos; then &apos;$&lt;read_config&gt; =&gt; &lt;config_to_dict_of_dict&gt; -&gt; &lt;dict_to_object&gt;$]&apos;]
(B)                                                                                 |--test_diff_1.cfg -&gt; ExecOpTest ------- using $&lt;read_config&gt; =&gt; &lt;merge_all_config_sections_into_a_single_dict&gt; -&gt; &lt;dict_to_object&gt;$
(B)                                                                                 |--test_diff_2.ini -&gt; ExecOpTest ------- using [Try &apos;$&lt;read_config&gt; =&gt; &lt;merge_all_config_sections_into_a_single_dict&gt; -&gt; &lt;dict_to_object&gt;$&apos; then &apos;$&lt;read_config&gt; =&gt; &lt;config_to_dict_of_dict&gt; -&gt; &lt;dict_of_dict_to_object&gt;$&apos; then &apos;$&lt;read_config&gt; =&gt; &lt;config_to_dict_of_dict&gt; -&gt; &lt;dict_to_object&gt;$]&apos;]
(B)                                                                                 |--test_diff_2.ini -&gt; ExecOpTest ------- using $&lt;read_config&gt; =&gt; &lt;merge_all_config_sections_into_a_single_dict&gt; -&gt; &lt;dict_to_object&gt;$
(B)                                                                                 |--test_diff_3_csv_format.txt -&gt; ExecOpTest ------- using [Try &apos;$&lt;read_dict_from_properties&gt; =&gt; &lt;dict_to_object&gt;$&apos; then &apos;$&lt;read_str_from_txt&gt; =&gt; &lt;constructor_with_str_arg&gt;$&apos; then &apos;$&lt;read_str_from_txt&gt; =&gt; &lt;base64_ascii_str_pickle_to_object&gt;$&apos; then &apos;$&lt;read_df_or_series_from_csv&gt; =&gt; &lt;single_row_or_col_df_to_dict&gt; -&gt; &lt;dict_to_object&gt;$]&apos;]
(B)                                                                                 |--test_diff_3_csv_format.txt -&gt; ExecOpTest ------- using $&lt;read_dict_from_properties&gt; =&gt; &lt;dict_to_object&gt;$
(B)                                                                                 |--test_diff_4_csv_format2.txt -&gt; ExecOpTest ------- using [Try &apos;$&lt;read_dict_from_properties&gt; =&gt; &lt;dict_to_object&gt;$&apos; then &apos;$&lt;read_str_from_txt&gt; =&gt; &lt;constructor_with_str_arg&gt;$&apos; then &apos;$&lt;read_str_from_txt&gt; =&gt; &lt;base64_ascii_str_pickle_to_object&gt;$&apos; then &apos;$&lt;read_df_or_series_from_csv&gt; =&gt; &lt;single_row_or_col_df_to_dict&gt; -&gt; &lt;dict_to_object&gt;$]&apos;]
(B)                                                                                 |--test_diff_4_csv_format2.txt -&gt; ExecOpTest ------- using $&lt;read_dict_from_properties&gt; =&gt; &lt;dict_to_object&gt;$
(B)                                                                                 |--test_sum_1.json -&gt; ExecOpTest ------- using $&lt;read_dict_or_list_from_json&gt; =&gt; &lt;dict_to_object&gt;$
(B)                                                                                 |--test_sum_2.properties -&gt; ExecOpTest ------- using $&lt;read_dict_from_properties&gt; =&gt; &lt;dict_to_object&gt;$
(B)                                                                                 |--test_sum_3_properties_format.txt -&gt; ExecOpTest ------- using [Try &apos;$&lt;read_dict_from_properties&gt; =&gt; &lt;dict_to_object&gt;$&apos; then &apos;$&lt;read_str_from_txt&gt; =&gt; &lt;constructor_with_str_arg&gt;$&apos; then &apos;$&lt;read_str_from_txt&gt; =&gt; &lt;base64_ascii_str_pickle_to_object&gt;$&apos; then &apos;$&lt;read_df_or_series_from_csv&gt; =&gt; &lt;single_row_or_col_df_to_dict&gt; -&gt; &lt;dict_to_object&gt;$]&apos;]
(B)                                                                                 |--test_sum_3_properties_format.txt -&gt; ExecOpTest ------- using $&lt;read_dict_from_properties&gt; =&gt; &lt;dict_to_object&gt;$
(B)                                                                                 |--test_sum_4.yaml -&gt; ExecOpTest ------- using [Try &apos;&lt;read_object_from_yaml&gt;&apos; then &apos;$&lt;read_collection_from_yaml&gt; =&gt; &lt;dict_to_object&gt;$]&apos;]
(B)                                                                                 |--test_sum_4.yaml -&gt; ExecOpTest ------- using &lt;read_object_from_yaml&gt;
(B)                                                                                 |--test_sum_5.xls -&gt; ExecOpTest ------- using $&lt;read_dataframe_from_xls&gt; =&gt; &lt;single_row_or_col_df_to_dict&gt; -&gt; &lt;dict_to_object&gt;$
(B)                                                                                 |--test_sum_6.xlsx -&gt; ExecOpTest ------- using $&lt;read_dataframe_from_xls&gt; =&gt; &lt;single_row_or_col_df_to_dict&gt; -&gt; &lt;dict_to_object&gt;$
(B)                                                                                 |--test_sum_7.xlsm -&gt; ExecOpTest ------- using $&lt;read_dataframe_from_xls&gt; =&gt; &lt;single_row_or_col_df_to_dict&gt; -&gt; &lt;dict_to_object&gt;$
Parsing Plan created successfully

Executing Parsing Plan for [/home/travis/build/smarie/python-parsyfiles/parsyfiles/tests/demo/./simple_objects]
(P) /home/travis/build/smarie/python-parsyfiles/parsyfiles/tests/demo/./simple_objects -&gt; Dict[str, ExecOpTest] ------- using Multifile Collection parser (parsyfiles defaults)
(P)                                                                                 |--test_diff_1.cfg -&gt; ExecOpTest ------- using $&lt;read_config&gt; =&gt; &lt;merge_all_config_sections_into_a_single_dict&gt; -&gt; &lt;dict_to_object&gt;$
  !! Caught error during execution !!
  File &quot;&lt;attrs generated init bcb05d2091c73b6c1ca6cae9bd1ad8726fdec557&gt;&quot;, line 9, in __init__
    __attr_validator_op(self, __attr_op, self.op)
  File &quot;/home/travis/build/smarie/python-parsyfiles/parsyfiles/plugins_optional/support_for_attrs.py&quot;, line 91, in __call__
    v(inst, attr, value)
  File &quot;/home/travis/build/smarie/python-parsyfiles/parsyfiles/tests/demo/test_parsyfiles_readme.py&quot;, line 268, in validate_io_op
    raise ValueError(&apos;\&apos;op\&apos; has to be a string, in &apos; + str(allowed) + &apos;!&apos;)
  ObjectInstantiationException : Error while building object of type &lt;ExecOpTest&gt; using its constructor and parsed contents : {&apos;y&apos;: 1.0, &apos;op&apos;: &apos;-&apos;, &apos;x&apos;: 1.0, &apos;expected_result&apos;: 0.0} : 
&lt;class &apos;ValueError&apos;&gt; &apos;op&apos; has to be a string, in {&apos;+&apos;, &apos;*&apos;}!
(B)                                                                                 |--test_diff_1.cfg -&gt; ExecOpTest ------- using $&lt;read_config&gt; =&gt; &lt;config_to_dict_of_dict&gt; -&gt; &lt;dict_of_dict_to_object&gt;$
(P)                                                                                 |--test_diff_1.cfg -&gt; ExecOpTest ------- using $&lt;read_config&gt; =&gt; &lt;config_to_dict_of_dict&gt; -&gt; &lt;dict_of_dict_to_object&gt;$
  !! Caught error during execution !!
  File &quot;/home/travis/build/smarie/python-parsyfiles/parsyfiles/parsing_registries.py&quot;, line 1094, in try_convert_value
    options=options)
  File &quot;/home/travis/build/smarie/python-parsyfiles/parsyfiles/parsing_registries.py&quot;, line 1140, in _try_convert_value
    logger, options)
  File &quot;/home/travis/build/smarie/python-parsyfiles/parsyfiles/parsing_registries.py&quot;, line 988, in find_and_convert
    raise NoConverterFoundForObjectType.create(self, attr_value, desired_attr_type)
  NoConverterFoundForObjectType : No conversion chain found between parsed attribute &apos;&lt;Section: DEFAULT&gt;&apos; of type &apos;SectionProxy&apos; and expected type &apos;Dict&apos; using conversion finder parsyfiles defaults.
(B)                                                                                 |--test_diff_1.cfg -&gt; ExecOpTest ------- using $&lt;read_config&gt; =&gt; &lt;config_to_dict_of_dict&gt; -&gt; &lt;dict_to_object&gt;$
(P)                                                                                 |--test_diff_1.cfg -&gt; ExecOpTest ------- using $&lt;read_config&gt; =&gt; &lt;config_to_dict_of_dict&gt; -&gt; &lt;dict_to_object&gt;$
  !! Caught error during execution !!
  File &quot;/home/travis/build/smarie/python-parsyfiles/parsyfiles/parsing_registries.py&quot;, line 1094, in try_convert_value
    options=options)
  File &quot;/home/travis/build/smarie/python-parsyfiles/parsyfiles/parsing_registries.py&quot;, line 1140, in _try_convert_value
    logger, options)
  File &quot;/home/travis/build/smarie/python-parsyfiles/parsyfiles/parsing_registries.py&quot;, line 988, in find_and_convert
    raise NoConverterFoundForObjectType.create(self, attr_value, desired_attr_type)
  NoConverterFoundForObjectType : No conversion chain found between parsed attribute &apos;&lt;Section: DEFAULT&gt;&apos; of type &apos;SectionProxy&apos; and expected type &apos;Dict&apos; using conversion finder parsyfiles defaults.
</system-out></testcase><testcase classname="parsyfiles.tests.demo.test_parsyfiles_readme.DemoTests" file="parsyfiles/tests/demo/test_parsyfiles_readme.py" line="213" name="test_simple_object_with_contract_autoclass_enforce" time="0.0814828872680664"><system-out>**** Starting to parse single object of type &lt;ExecOpTest&gt; at location /home/travis/build/smarie/python-parsyfiles/parsyfiles/tests/demo/./simple_objects/test_diff_1 ****
Checking all files under [/home/travis/build/smarie/python-parsyfiles/parsyfiles/tests/demo/./simple_objects/test_diff_1]
(C) /home/travis/build/smarie/python-parsyfiles/parsyfiles/tests/demo/./simple_objects/test_diff_1 (singlefile, .cfg)
File checks done

Building a parsing plan to parse [/home/travis/build/smarie/python-parsyfiles/parsyfiles/tests/demo/./simple_objects/test_diff_1] into a ExecOpTest
(B) /home/travis/build/smarie/python-parsyfiles/parsyfiles/tests/demo/./simple_objects/test_diff_1.cfg -&gt; ExecOpTest ------- using [Try &apos;$&lt;read_config&gt; =&gt; &lt;merge_all_config_sections_into_a_single_dict&gt; -&gt; &lt;dict_to_object&gt;$&apos; then &apos;$&lt;read_config&gt; =&gt; &lt;config_to_dict_of_dict&gt; -&gt; &lt;dict_of_dict_to_object&gt;$&apos; then &apos;$&lt;read_config&gt; =&gt; &lt;config_to_dict_of_dict&gt; -&gt; &lt;dict_to_object&gt;$]&apos;]
(B)                                                                                 |--test_diff_1.cfg -&gt; ExecOpTest ------- using $&lt;read_config&gt; =&gt; &lt;merge_all_config_sections_into_a_single_dict&gt; -&gt; &lt;dict_to_object&gt;$
Parsing Plan created successfully

Executing Parsing Plan for [/home/travis/build/smarie/python-parsyfiles/parsyfiles/tests/demo/./simple_objects/test_diff_1]
(P) /home/travis/build/smarie/python-parsyfiles/parsyfiles/tests/demo/./simple_objects/test_diff_1.cfg -&gt; ExecOpTest ------- using $&lt;read_config&gt; =&gt; &lt;merge_all_config_sections_into_a_single_dict&gt; -&gt; &lt;dict_to_object&gt;$
  !! Caught error during execution !!
  File &quot;/home/travis/virtualenv/python3.5.5/lib/python3.5/site-packages/valid8/utils_decoration.py&quot;, line 150, in apply_on_each_func_args_sig
    func_to_apply(att_value, func_to_apply_params_dict[att_name], func, att_name)
  File &quot;/home/travis/virtualenv/python3.5.5/lib/python3.5/site-packages/valid8/entry_points_annotations.py&quot;, line 764, in _assert_input_is_valid
    validator.assert_valid(input_name, input_value)
  File &quot;/home/travis/virtualenv/python3.5.5/lib/python3.5/site-packages/valid8/entry_points.py&quot;, line 500, in assert_valid
    help_msg=help_msg, **kw_context_args)
  ObjectInstantiationException : Error while building object of type &lt;ExecOpTest&gt; using its constructor and parsed contents : {&apos;y&apos;: True, &apos;op&apos;: &apos;-&apos;, &apos;x&apos;: True, &apos;expected_result&apos;: False} : 
&lt;class &apos;valid8.entry_points_annotations.InputValidationError[ValueError]&apos;&gt; Error validating input [op=-] for function [__init__]. Validation function [is_in_{&apos;+&apos;, &apos;*&apos;}] raised NotInAllowedValues: x in {&apos;+&apos;, &apos;*&apos;} does not hold for x=-. Wrong value: [-].
(B)                                                                                 |--test_diff_1.cfg -&gt; ExecOpTest ------- using $&lt;read_config&gt; =&gt; &lt;config_to_dict_of_dict&gt; -&gt; &lt;dict_of_dict_to_object&gt;$
Executing Parsing Plan for [/home/travis/build/smarie/python-parsyfiles/parsyfiles/tests/demo/./simple_objects/test_diff_1]
(P) /home/travis/build/smarie/python-parsyfiles/parsyfiles/tests/demo/./simple_objects/test_diff_1.cfg -&gt; ExecOpTest ------- using $&lt;read_config&gt; =&gt; &lt;config_to_dict_of_dict&gt; -&gt; &lt;dict_of_dict_to_object&gt;$
  !! Caught error during execution !!
  File &quot;/home/travis/build/smarie/python-parsyfiles/parsyfiles/parsing_registries.py&quot;, line 1094, in try_convert_value
    options=options)
  File &quot;/home/travis/build/smarie/python-parsyfiles/parsyfiles/parsing_registries.py&quot;, line 1140, in _try_convert_value
    logger, options)
  File &quot;/home/travis/build/smarie/python-parsyfiles/parsyfiles/parsing_registries.py&quot;, line 988, in find_and_convert
    raise NoConverterFoundForObjectType.create(self, attr_value, desired_attr_type)
  NoConverterFoundForObjectType : No conversion chain found between parsed attribute &apos;&lt;Section: DEFAULT&gt;&apos; of type &apos;SectionProxy&apos; and expected type &apos;Dict&apos; using conversion finder parsyfiles defaults.
(B)                                                                                 |--test_diff_1.cfg -&gt; ExecOpTest ------- using $&lt;read_config&gt; =&gt; &lt;config_to_dict_of_dict&gt; -&gt; &lt;dict_to_object&gt;$
Executing Parsing Plan for [/home/travis/build/smarie/python-parsyfiles/parsyfiles/tests/demo/./simple_objects/test_diff_1]
(P) /home/travis/build/smarie/python-parsyfiles/parsyfiles/tests/demo/./simple_objects/test_diff_1.cfg -&gt; ExecOpTest ------- using $&lt;read_config&gt; =&gt; &lt;config_to_dict_of_dict&gt; -&gt; &lt;dict_to_object&gt;$
  !! Caught error during execution !!
  File &quot;/home/travis/build/smarie/python-parsyfiles/parsyfiles/parsing_registries.py&quot;, line 1094, in try_convert_value
    options=options)
  File &quot;/home/travis/build/smarie/python-parsyfiles/parsyfiles/parsing_registries.py&quot;, line 1140, in _try_convert_value
    logger, options)
  File &quot;/home/travis/build/smarie/python-parsyfiles/parsyfiles/parsing_registries.py&quot;, line 988, in find_and_convert
    raise NoConverterFoundForObjectType.create(self, attr_value, desired_attr_type)
  NoConverterFoundForObjectType : No conversion chain found between parsed attribute &apos;&lt;Section: DEFAULT&gt;&apos; of type &apos;SectionProxy&apos; and expected type &apos;Dict&apos; using conversion finder parsyfiles defaults.
</system-out></testcase><testcase classname="parsyfiles.tests.demo.test_parsyfiles_readme.DemoTests" file="parsyfiles/tests/demo/test_parsyfiles_readme.py" line="180" name="test_simple_object_with_contract_autoclass_pycontract" time="0.3652610778808594"><system-out>**** Starting to parse single object of type &lt;ExecOpTest&gt; at location /home/travis/build/smarie/python-parsyfiles/parsyfiles/tests/demo/./simple_objects/test_diff_1 ****
Checking all files under [/home/travis/build/smarie/python-parsyfiles/parsyfiles/tests/demo/./simple_objects/test_diff_1]
(C) /home/travis/build/smarie/python-parsyfiles/parsyfiles/tests/demo/./simple_objects/test_diff_1 (singlefile, .cfg)
File checks done

Building a parsing plan to parse [/home/travis/build/smarie/python-parsyfiles/parsyfiles/tests/demo/./simple_objects/test_diff_1] into a ExecOpTest
(B) /home/travis/build/smarie/python-parsyfiles/parsyfiles/tests/demo/./simple_objects/test_diff_1.cfg -&gt; ExecOpTest ------- using [Try &apos;$&lt;read_config&gt; =&gt; &lt;merge_all_config_sections_into_a_single_dict&gt; -&gt; &lt;dict_to_object&gt;$&apos; then &apos;$&lt;read_config&gt; =&gt; &lt;config_to_dict_of_dict&gt; -&gt; &lt;dict_of_dict_to_object&gt;$&apos; then &apos;$&lt;read_config&gt; =&gt; &lt;config_to_dict_of_dict&gt; -&gt; &lt;dict_to_object&gt;$]&apos;]
(B)                                                                                 |--test_diff_1.cfg -&gt; ExecOpTest ------- using $&lt;read_config&gt; =&gt; &lt;merge_all_config_sections_into_a_single_dict&gt; -&gt; &lt;dict_to_object&gt;$
Parsing Plan created successfully

Executing Parsing Plan for [/home/travis/build/smarie/python-parsyfiles/parsyfiles/tests/demo/./simple_objects/test_diff_1]
(P) /home/travis/build/smarie/python-parsyfiles/parsyfiles/tests/demo/./simple_objects/test_diff_1.cfg -&gt; ExecOpTest ------- using $&lt;read_config&gt; =&gt; &lt;merge_all_config_sections_into_a_single_dict&gt; -&gt; &lt;dict_to_object&gt;$
  !! Caught error during execution !!
  File &quot;/home/travis/virtualenv/python3.5.5/lib/python3.5/site-packages/contracts/library/extensions.py&quot;, line 48, in check_contract
    self.contract._check_contract(context, value, silent)
  File &quot;/home/travis/virtualenv/python3.5.5/lib/python3.5/site-packages/contracts/interface.py&quot;, line 439, in _check_contract
    self.check_contract(context, value, silent)
  File &quot;/home/travis/virtualenv/python3.5.5/lib/python3.5/site-packages/contracts/library/extensions.py&quot;, line 121, in check_contract
    raise ContractNotRespected(self, msg, value, context)
  ObjectInstantiationException : Error while building object of type &lt;ExecOpTest&gt; using its constructor and parsed contents : {&apos;y&apos;: 1.0, &apos;op&apos;: &apos;-&apos;, &apos;x&apos;: 1.0, &apos;expected_result&apos;: 0.0} : 
&lt;class &apos;contracts.interface.ContractNotRespected&apos;&gt; Breach for argument &apos;op&apos; to ExecOpTest:autoprops_generated_setter().
Value does not pass criteria of &lt;lambda&gt;()() (module: test_parsyfiles_readme).
checking: callable()       for value: Instance of &lt;class &apos;str&apos;&gt;: &apos;-&apos;   
checking: allowed_op       for value: Instance of &lt;class &apos;str&apos;&gt;: &apos;-&apos;   
checking: str,allowed_op   for value: Instance of &lt;class &apos;str&apos;&gt;: &apos;-&apos;   
Variables bound in inner context:
! cannot write context
(B)                                                                                 |--test_diff_1.cfg -&gt; ExecOpTest ------- using $&lt;read_config&gt; =&gt; &lt;config_to_dict_of_dict&gt; -&gt; &lt;dict_of_dict_to_object&gt;$
Executing Parsing Plan for [/home/travis/build/smarie/python-parsyfiles/parsyfiles/tests/demo/./simple_objects/test_diff_1]
(P) /home/travis/build/smarie/python-parsyfiles/parsyfiles/tests/demo/./simple_objects/test_diff_1.cfg -&gt; ExecOpTest ------- using $&lt;read_config&gt; =&gt; &lt;config_to_dict_of_dict&gt; -&gt; &lt;dict_of_dict_to_object&gt;$
  !! Caught error during execution !!
  File &quot;/home/travis/build/smarie/python-parsyfiles/parsyfiles/parsing_registries.py&quot;, line 1094, in try_convert_value
    options=options)
  File &quot;/home/travis/build/smarie/python-parsyfiles/parsyfiles/parsing_registries.py&quot;, line 1140, in _try_convert_value
    logger, options)
  File &quot;/home/travis/build/smarie/python-parsyfiles/parsyfiles/parsing_registries.py&quot;, line 988, in find_and_convert
    raise NoConverterFoundForObjectType.create(self, attr_value, desired_attr_type)
  NoConverterFoundForObjectType : No conversion chain found between parsed attribute &apos;&lt;Section: DEFAULT&gt;&apos; of type &apos;SectionProxy&apos; and expected type &apos;Dict&apos; using conversion finder parsyfiles defaults.
(B)                                                                                 |--test_diff_1.cfg -&gt; ExecOpTest ------- using $&lt;read_config&gt; =&gt; &lt;config_to_dict_of_dict&gt; -&gt; &lt;dict_to_object&gt;$
Executing Parsing Plan for [/home/travis/build/smarie/python-parsyfiles/parsyfiles/tests/demo/./simple_objects/test_diff_1]
(P) /home/travis/build/smarie/python-parsyfiles/parsyfiles/tests/demo/./simple_objects/test_diff_1.cfg -&gt; ExecOpTest ------- using $&lt;read_config&gt; =&gt; &lt;config_to_dict_of_dict&gt; -&gt; &lt;dict_to_object&gt;$
  !! Caught error during execution !!
  File &quot;/home/travis/build/smarie/python-parsyfiles/parsyfiles/parsing_registries.py&quot;, line 1094, in try_convert_value
    options=options)
  File &quot;/home/travis/build/smarie/python-parsyfiles/parsyfiles/parsing_registries.py&quot;, line 1140, in _try_convert_value
    logger, options)
  File &quot;/home/travis/build/smarie/python-parsyfiles/parsyfiles/parsing_registries.py&quot;, line 988, in find_and_convert
    raise NoConverterFoundForObjectType.create(self, attr_value, desired_attr_type)
  NoConverterFoundForObjectType : No conversion chain found between parsed attribute &apos;&lt;Section: DEFAULT&gt;&apos; of type &apos;SectionProxy&apos; and expected type &apos;Dict&apos; using conversion finder parsyfiles defaults.
</system-out></testcase><testcase classname="parsyfiles.tests.demo.test_parsyfiles_readme.DemoTests" file="parsyfiles/tests/demo/test_parsyfiles_readme.py" line="133" name="test_simple_objects" time="4.703965425491333"><system-out>**** Starting to parse collection of &lt;Dict&gt; at location /home/travis/build/smarie/python-parsyfiles/parsyfiles/tests/demo/./simple_objects ****
Checking all files under [/home/travis/build/smarie/python-parsyfiles/parsyfiles/tests/demo/./simple_objects]
(C) /home/travis/build/smarie/python-parsyfiles/parsyfiles/tests/demo/./simple_objects (multifile)
(C)                                                                                 |--test_diff_1 (singlefile, .cfg)
(C)                                                                                 |--test_diff_2 (singlefile, .ini)
(C)                                                                                 |--test_diff_3_csv_format (singlefile, .txt)
(C)                                                                                 |--test_diff_4_csv_format2 (singlefile, .txt)
(C)                                                                                 |--test_sum_1 (singlefile, .json)
(C)                                                                                 |--test_sum_2 (singlefile, .properties)
(C)                                                                                 |--test_sum_3_properties_format (singlefile, .txt)
(C)                                                                                 |--test_sum_4 (singlefile, .yaml)
(C)                                                                                 |--test_sum_5 (singlefile, .xls)
(C)                                                                                 |--test_sum_6 (singlefile, .xlsx)
(C)                                                                                 |--test_sum_7 (singlefile, .xlsm)
File checks done

Building a parsing plan to parse [/home/travis/build/smarie/python-parsyfiles/parsyfiles/tests/demo/./simple_objects] into a Dict[str, Dict]
(B) /home/travis/build/smarie/python-parsyfiles/parsyfiles/tests/demo/./simple_objects -&gt; Dict[str, Dict] ------- using Multifile Collection parser (parsyfiles defaults)
(B)                                                                                 |--test_diff_1.cfg -&gt; Dict ------- using [Try &apos;$&lt;read_config&gt; =&gt; &lt;merge_all_config_sections_into_a_single_dict&gt;$&apos; then &apos;$&lt;read_config&gt; =&gt; &lt;config_to_dict_of_dict&gt;$]&apos;]
(B)                                                                                 |--test_diff_1.cfg -&gt; Dict ------- using $&lt;read_config&gt; =&gt; &lt;merge_all_config_sections_into_a_single_dict&gt;$
(B)                                                                                 |--test_diff_2.ini -&gt; Dict ------- using [Try &apos;$&lt;read_config&gt; =&gt; &lt;merge_all_config_sections_into_a_single_dict&gt;$&apos; then &apos;$&lt;read_config&gt; =&gt; &lt;config_to_dict_of_dict&gt;$]&apos;]
(B)                                                                                 |--test_diff_2.ini -&gt; Dict ------- using $&lt;read_config&gt; =&gt; &lt;merge_all_config_sections_into_a_single_dict&gt;$
(B)                                                                                 |--test_diff_3_csv_format.txt -&gt; Dict ------- using [Try &apos;&lt;read_dict_from_properties&gt;&apos; then &apos;$&lt;read_df_or_series_from_csv&gt; =&gt; &lt;single_row_or_col_df_to_dict&gt;$&apos; then &apos;$&lt;read_str_from_txt&gt; =&gt; &lt;constructor_with_str_arg&gt;$&apos; then &apos;$&lt;read_str_from_txt&gt; =&gt; &lt;base64_ascii_str_pickle_to_object&gt;$]&apos;]
(B)                                                                                 |--test_diff_3_csv_format.txt -&gt; Dict ------- using &lt;read_dict_from_properties&gt;
(B)                                                                                 |--test_diff_4_csv_format2.txt -&gt; Dict ------- using [Try &apos;&lt;read_dict_from_properties&gt;&apos; then &apos;$&lt;read_df_or_series_from_csv&gt; =&gt; &lt;single_row_or_col_df_to_dict&gt;$&apos; then &apos;$&lt;read_str_from_txt&gt; =&gt; &lt;constructor_with_str_arg&gt;$&apos; then &apos;$&lt;read_str_from_txt&gt; =&gt; &lt;base64_ascii_str_pickle_to_object&gt;$]&apos;]
(B)                                                                                 |--test_diff_4_csv_format2.txt -&gt; Dict ------- using &lt;read_dict_from_properties&gt;
(B)                                                                                 |--test_sum_1.json -&gt; Dict ------- using &lt;read_dict_or_list_from_json&gt;
(B)                                                                                 |--test_sum_2.properties -&gt; Dict ------- using &lt;read_dict_from_properties&gt;
(B)                                                                                 |--test_sum_3_properties_format.txt -&gt; Dict ------- using [Try &apos;&lt;read_dict_from_properties&gt;&apos; then &apos;$&lt;read_df_or_series_from_csv&gt; =&gt; &lt;single_row_or_col_df_to_dict&gt;$&apos; then &apos;$&lt;read_str_from_txt&gt; =&gt; &lt;constructor_with_str_arg&gt;$&apos; then &apos;$&lt;read_str_from_txt&gt; =&gt; &lt;base64_ascii_str_pickle_to_object&gt;$]&apos;]
(B)                                                                                 |--test_sum_3_properties_format.txt -&gt; Dict ------- using &lt;read_dict_from_properties&gt;
(B)                                                                                 |--test_sum_4.yaml -&gt; Dict ------- using [Try &apos;&lt;read_collection_from_yaml&gt;&apos; then &apos;$&lt;read_object_from_yaml&gt; =&gt; &lt;single_row_or_col_df_to_dict&gt;$&apos; then &apos;$&lt;read_object_from_yaml&gt; =&gt; &lt;merge_all_config_sections_into_a_single_dict&gt;$&apos; then &apos;$&lt;read_object_from_yaml&gt; =&gt; &lt;config_to_dict_of_dict&gt;$&apos; then &apos;&lt;read_object_from_yaml&gt;]&apos;]
(B)                                                                                 |--test_sum_4.yaml -&gt; Dict ------- using &lt;read_collection_from_yaml&gt;
(B)                                                                                 |--test_sum_5.xls -&gt; Dict ------- using $&lt;read_dataframe_from_xls&gt; =&gt; &lt;single_row_or_col_df_to_dict&gt;$
(B)                                                                                 |--test_sum_6.xlsx -&gt; Dict ------- using $&lt;read_dataframe_from_xls&gt; =&gt; &lt;single_row_or_col_df_to_dict&gt;$
(B)                                                                                 |--test_sum_7.xlsm -&gt; Dict ------- using $&lt;read_dataframe_from_xls&gt; =&gt; &lt;single_row_or_col_df_to_dict&gt;$
Parsing Plan created successfully

Executing Parsing Plan for [/home/travis/build/smarie/python-parsyfiles/parsyfiles/tests/demo/./simple_objects]
(P) /home/travis/build/smarie/python-parsyfiles/parsyfiles/tests/demo/./simple_objects -&gt; Dict[str, Dict] ------- using Multifile Collection parser (parsyfiles defaults)
(P)                                                                                 |--test_diff_1.cfg -&gt; Dict ------- using $&lt;read_config&gt; =&gt; &lt;merge_all_config_sections_into_a_single_dict&gt;$
(P)                                                                                 |--test_diff_1.cfg -&gt; Dict SUCCESS !
(P)                                                                                 |--test_diff_2.ini -&gt; Dict ------- using $&lt;read_config&gt; =&gt; &lt;merge_all_config_sections_into_a_single_dict&gt;$
(P)                                                                                 |--test_diff_2.ini -&gt; Dict SUCCESS !
(P)                                                                                 |--test_diff_3_csv_format.txt -&gt; Dict ------- using &lt;read_dict_from_properties&gt;
(P)                                                                                 |--test_diff_3_csv_format.txt -&gt; Dict SUCCESS !
(P)                                                                                 |--test_diff_4_csv_format2.txt -&gt; Dict ------- using &lt;read_dict_from_properties&gt;
(P)                                                                                 |--test_diff_4_csv_format2.txt -&gt; Dict SUCCESS !
(P)                                                                                 |--test_sum_1.json -&gt; Dict ------- using &lt;read_dict_or_list_from_json&gt;
(P)                                                                                 |--test_sum_1.json -&gt; Dict SUCCESS !
(P)                                                                                 |--test_sum_2.properties -&gt; Dict ------- using &lt;read_dict_from_properties&gt;
(P)                                                                                 |--test_sum_2.properties -&gt; Dict SUCCESS !
(P)                                                                                 |--test_sum_3_properties_format.txt -&gt; Dict ------- using &lt;read_dict_from_properties&gt;
(P)                                                                                 |--test_sum_3_properties_format.txt -&gt; Dict SUCCESS !
(P)                                                                                 |--test_sum_4.yaml -&gt; Dict ------- using &lt;read_collection_from_yaml&gt;
(P)                                                                                 |--test_sum_4.yaml -&gt; Dict SUCCESS !
(P)                                                                                 |--test_sum_5.xls -&gt; Dict ------- using $&lt;read_dataframe_from_xls&gt; =&gt; &lt;single_row_or_col_df_to_dict&gt;$
(P)                                                                                 |--test_sum_5.xls -&gt; Dict SUCCESS !
(P)                                                                                 |--test_sum_6.xlsx -&gt; Dict ------- using $&lt;read_dataframe_from_xls&gt; =&gt; &lt;single_row_or_col_df_to_dict&gt;$
(P)                                                                                 |--test_sum_6.xlsx -&gt; Dict SUCCESS !
(P)                                                                                 |--test_sum_7.xlsm -&gt; Dict ------- using $&lt;read_dataframe_from_xls&gt; =&gt; &lt;single_row_or_col_df_to_dict&gt;$
(P)                                                                                 |--test_sum_7.xlsm -&gt; Dict SUCCESS !
(P)                                                                  |--simple_objects -&gt; Dict[str, Dict] SUCCESS !
Completed parsing successfully

**** Starting to parse collection of &lt;ExecOpTest&gt; at location /home/travis/build/smarie/python-parsyfiles/parsyfiles/tests/demo/./simple_objects ****
Checking all files under [/home/travis/build/smarie/python-parsyfiles/parsyfiles/tests/demo/./simple_objects]
(C) /home/travis/build/smarie/python-parsyfiles/parsyfiles/tests/demo/./simple_objects (multifile)
(C)                                                                                 |--test_diff_1 (singlefile, .cfg)
(C)                                                                                 |--test_diff_2 (singlefile, .ini)
(C)                                                                                 |--test_diff_3_csv_format (singlefile, .txt)
(C)                                                                                 |--test_diff_4_csv_format2 (singlefile, .txt)
(C)                                                                                 |--test_sum_1 (singlefile, .json)
(C)                                                                                 |--test_sum_2 (singlefile, .properties)
(C)                                                                                 |--test_sum_3_properties_format (singlefile, .txt)
(C)                                                                                 |--test_sum_4 (singlefile, .yaml)
(C)                                                                                 |--test_sum_5 (singlefile, .xls)
(C)                                                                                 |--test_sum_6 (singlefile, .xlsx)
(C)                                                                                 |--test_sum_7 (singlefile, .xlsm)
File checks done

Building a parsing plan to parse [/home/travis/build/smarie/python-parsyfiles/parsyfiles/tests/demo/./simple_objects] into a Dict[str, ExecOpTest]
(B) /home/travis/build/smarie/python-parsyfiles/parsyfiles/tests/demo/./simple_objects -&gt; Dict[str, ExecOpTest] ------- using Multifile Collection parser (parsyfiles defaults)
(B)                                                                                 |--test_diff_1.cfg -&gt; ExecOpTest ------- using [Try &apos;$&lt;read_config&gt; =&gt; &lt;merge_all_config_sections_into_a_single_dict&gt; -&gt; &lt;dict_to_object&gt;$&apos; then &apos;$&lt;read_config&gt; =&gt; &lt;config_to_dict_of_dict&gt; -&gt; &lt;dict_of_dict_to_object&gt;$&apos; then &apos;$&lt;read_config&gt; =&gt; &lt;config_to_dict_of_dict&gt; -&gt; &lt;dict_to_object&gt;$]&apos;]
(B)                                                                                 |--test_diff_1.cfg -&gt; ExecOpTest ------- using $&lt;read_config&gt; =&gt; &lt;merge_all_config_sections_into_a_single_dict&gt; -&gt; &lt;dict_to_object&gt;$
(B)                                                                                 |--test_diff_2.ini -&gt; ExecOpTest ------- using [Try &apos;$&lt;read_config&gt; =&gt; &lt;merge_all_config_sections_into_a_single_dict&gt; -&gt; &lt;dict_to_object&gt;$&apos; then &apos;$&lt;read_config&gt; =&gt; &lt;config_to_dict_of_dict&gt; -&gt; &lt;dict_of_dict_to_object&gt;$&apos; then &apos;$&lt;read_config&gt; =&gt; &lt;config_to_dict_of_dict&gt; -&gt; &lt;dict_to_object&gt;$]&apos;]
(B)                                                                                 |--test_diff_2.ini -&gt; ExecOpTest ------- using $&lt;read_config&gt; =&gt; &lt;merge_all_config_sections_into_a_single_dict&gt; -&gt; &lt;dict_to_object&gt;$
(B)                                                                                 |--test_diff_3_csv_format.txt -&gt; ExecOpTest ------- using [Try &apos;$&lt;read_dict_from_properties&gt; =&gt; &lt;dict_to_object&gt;$&apos; then &apos;$&lt;read_str_from_txt&gt; =&gt; &lt;constructor_with_str_arg&gt;$&apos; then &apos;$&lt;read_str_from_txt&gt; =&gt; &lt;base64_ascii_str_pickle_to_object&gt;$&apos; then &apos;$&lt;read_df_or_series_from_csv&gt; =&gt; &lt;single_row_or_col_df_to_dict&gt; -&gt; &lt;dict_to_object&gt;$]&apos;]
(B)                                                                                 |--test_diff_3_csv_format.txt -&gt; ExecOpTest ------- using $&lt;read_dict_from_properties&gt; =&gt; &lt;dict_to_object&gt;$
(B)                                                                                 |--test_diff_4_csv_format2.txt -&gt; ExecOpTest ------- using [Try &apos;$&lt;read_dict_from_properties&gt; =&gt; &lt;dict_to_object&gt;$&apos; then &apos;$&lt;read_str_from_txt&gt; =&gt; &lt;constructor_with_str_arg&gt;$&apos; then &apos;$&lt;read_str_from_txt&gt; =&gt; &lt;base64_ascii_str_pickle_to_object&gt;$&apos; then &apos;$&lt;read_df_or_series_from_csv&gt; =&gt; &lt;single_row_or_col_df_to_dict&gt; -&gt; &lt;dict_to_object&gt;$]&apos;]
(B)                                                                                 |--test_diff_4_csv_format2.txt -&gt; ExecOpTest ------- using $&lt;read_dict_from_properties&gt; =&gt; &lt;dict_to_object&gt;$
(B)                                                                                 |--test_sum_1.json -&gt; ExecOpTest ------- using $&lt;read_dict_or_list_from_json&gt; =&gt; &lt;dict_to_object&gt;$
(B)                                                                                 |--test_sum_2.properties -&gt; ExecOpTest ------- using $&lt;read_dict_from_properties&gt; =&gt; &lt;dict_to_object&gt;$
(B)                                                                                 |--test_sum_3_properties_format.txt -&gt; ExecOpTest ------- using [Try &apos;$&lt;read_dict_from_properties&gt; =&gt; &lt;dict_to_object&gt;$&apos; then &apos;$&lt;read_str_from_txt&gt; =&gt; &lt;constructor_with_str_arg&gt;$&apos; then &apos;$&lt;read_str_from_txt&gt; =&gt; &lt;base64_ascii_str_pickle_to_object&gt;$&apos; then &apos;$&lt;read_df_or_series_from_csv&gt; =&gt; &lt;single_row_or_col_df_to_dict&gt; -&gt; &lt;dict_to_object&gt;$]&apos;]
(B)                                                                                 |--test_sum_3_properties_format.txt -&gt; ExecOpTest ------- using $&lt;read_dict_from_properties&gt; =&gt; &lt;dict_to_object&gt;$
(B)                                                                                 |--test_sum_4.yaml -&gt; ExecOpTest ------- using [Try &apos;&lt;read_object_from_yaml&gt;&apos; then &apos;$&lt;read_collection_from_yaml&gt; =&gt; &lt;dict_to_object&gt;$]&apos;]
(B)                                                                                 |--test_sum_4.yaml -&gt; ExecOpTest ------- using &lt;read_object_from_yaml&gt;
(B)                                                                                 |--test_sum_5.xls -&gt; ExecOpTest ------- using $&lt;read_dataframe_from_xls&gt; =&gt; &lt;single_row_or_col_df_to_dict&gt; -&gt; &lt;dict_to_object&gt;$
(B)                                                                                 |--test_sum_6.xlsx -&gt; ExecOpTest ------- using $&lt;read_dataframe_from_xls&gt; =&gt; &lt;single_row_or_col_df_to_dict&gt; -&gt; &lt;dict_to_object&gt;$
(B)                                                                                 |--test_sum_7.xlsm -&gt; ExecOpTest ------- using $&lt;read_dataframe_from_xls&gt; =&gt; &lt;single_row_or_col_df_to_dict&gt; -&gt; &lt;dict_to_object&gt;$
Parsing Plan created successfully

Executing Parsing Plan for [/home/travis/build/smarie/python-parsyfiles/parsyfiles/tests/demo/./simple_objects]
(P) /home/travis/build/smarie/python-parsyfiles/parsyfiles/tests/demo/./simple_objects -&gt; Dict[str, ExecOpTest] ------- using Multifile Collection parser (parsyfiles defaults)
(P)                                                                                 |--test_diff_1.cfg -&gt; ExecOpTest ------- using $&lt;read_config&gt; =&gt; &lt;merge_all_config_sections_into_a_single_dict&gt; -&gt; &lt;dict_to_object&gt;$
(P)                                                                                 |--test_diff_1.cfg -&gt; ExecOpTest SUCCESS !
(P)                                                                                 |--test_diff_2.ini -&gt; ExecOpTest ------- using $&lt;read_config&gt; =&gt; &lt;merge_all_config_sections_into_a_single_dict&gt; -&gt; &lt;dict_to_object&gt;$
(P)                                                                                 |--test_diff_2.ini -&gt; ExecOpTest SUCCESS !
(P)                                                                                 |--test_diff_3_csv_format.txt -&gt; ExecOpTest ------- using $&lt;read_dict_from_properties&gt; =&gt; &lt;dict_to_object&gt;$
                                                                                     ! CAUGHT: InvalidAttributeNameForConstructorError - Cannot parse object of type &lt;ExecOpTest&gt; using the provided configuration file: configuration contains a property name (&apos;5,4,-,1&apos;)that is not an attribute of the object constructor. &lt;ExecOpTest&gt; constructor attributes are : [&apos;y&apos;, &apos;op&apos;, &apos;x&apos;, &apos;expected_result&apos;]
(B)                                                                                 |--test_diff_3_csv_format.txt -&gt; ExecOpTest ------- using $&lt;read_str_from_txt&gt; =&gt; &lt;constructor_with_str_arg&gt;$
(P)                                                                                 |--test_diff_3_csv_format.txt -&gt; ExecOpTest ------- using $&lt;read_str_from_txt&gt; =&gt; &lt;constructor_with_str_arg&gt;$
  !! Caught error during execution !!
  File &quot;/home/travis/build/smarie/python-parsyfiles/parsyfiles/converting_core.py&quot;, line 532, in _convert
    raise CaughtTypeError.create(self.conversion_method, e)
  File &quot;/home/travis/build/smarie/python-parsyfiles/parsyfiles/converting_core.py&quot;, line 524, in _convert
    return self.conversion_method(desired_type, source_obj, logger, **opts)
  File &quot;/home/travis/build/smarie/python-parsyfiles/parsyfiles/plugins_base/support_for_primitive_types.py&quot;, line 111, in constructor_with_str_arg
    return desired_type(source)
  CaughtTypeError : Caught TypeError while calling conversion function &apos;constructor_with_str_arg&apos;. Note that the conversion function signature should be &apos;def my_convert_fun(desired_type: Type[T], source: S, logger: Logger, **kwargs) -&gt; T&apos; (unpacked options mode - default) or def my_convert_fun(desired_type: Type[T], source: S, logger: Logger, options: Dict[str, Dict[str, Any]]) -&gt; T (unpack_options = False).Caught error message is : TypeError : __init__() missing 3 required positional arguments: &apos;y&apos;, &apos;op&apos;, and &apos;expected_result&apos;
(B)                                                                                 |--test_diff_3_csv_format.txt -&gt; ExecOpTest ------- using $&lt;read_str_from_txt&gt; =&gt; &lt;base64_ascii_str_pickle_to_object&gt;$
(P)                                                                                 |--test_diff_3_csv_format.txt -&gt; ExecOpTest ------- using $&lt;read_str_from_txt&gt; =&gt; &lt;base64_ascii_str_pickle_to_object&gt;$
  !! Caught error during execution !!
  File &quot;/home/travis/build/smarie/python-parsyfiles/parsyfiles/converting_core.py&quot;, line 524, in _convert
    return self.conversion_method(desired_type, source_obj, logger, **opts)
  File &quot;/home/travis/build/smarie/python-parsyfiles/parsyfiles/plugins_base/support_for_objects.py&quot;, line 56, in base64_ascii_str_pickle_to_object
    return pickle.loads(base64.b64decode(b64_ascii_str), fix_imports=True, encoding=&quot;ASCII&quot;, errors=&quot;strict&quot;)
  File &quot;/home/travis/virtualenv/python3.5.5/lib/python3.5/base64.py&quot;, line 88, in b64decode
    return binascii.a2b_base64(s)
  Error : Incorrect padding
(B)                                                                                 |--test_diff_3_csv_format.txt -&gt; ExecOpTest ------- using $&lt;read_df_or_series_from_csv&gt; =&gt; &lt;single_row_or_col_df_to_dict&gt; -&gt; &lt;dict_to_object&gt;$
(P)                                                                                 |--test_diff_3_csv_format.txt -&gt; ExecOpTest ------- using $&lt;read_df_or_series_from_csv&gt; =&gt; &lt;single_row_or_col_df_to_dict&gt; -&gt; &lt;dict_to_object&gt;$
(P)                                                                                 |--test_diff_3_csv_format.txt -&gt; ExecOpTest SUCCESS !
(P)                                                                                 |--test_diff_4_csv_format2.txt -&gt; ExecOpTest ------- using $&lt;read_dict_from_properties&gt; =&gt; &lt;dict_to_object&gt;$
                                                                                     ! CAUGHT: InvalidAttributeNameForConstructorError - Cannot parse object of type &lt;ExecOpTest&gt; using the provided configuration file: configuration contains a property name (&apos;x,4&apos;)that is not an attribute of the object constructor. &lt;ExecOpTest&gt; constructor attributes are : [&apos;y&apos;, &apos;op&apos;, &apos;x&apos;, &apos;expected_result&apos;]
(B)                                                                                 |--test_diff_4_csv_format2.txt -&gt; ExecOpTest ------- using $&lt;read_str_from_txt&gt; =&gt; &lt;constructor_with_str_arg&gt;$
(P)                                                                                 |--test_diff_4_csv_format2.txt -&gt; ExecOpTest ------- using $&lt;read_str_from_txt&gt; =&gt; &lt;constructor_with_str_arg&gt;$
  !! Caught error during execution !!
  File &quot;/home/travis/build/smarie/python-parsyfiles/parsyfiles/converting_core.py&quot;, line 532, in _convert
    raise CaughtTypeError.create(self.conversion_method, e)
  File &quot;/home/travis/build/smarie/python-parsyfiles/parsyfiles/converting_core.py&quot;, line 524, in _convert
    return self.conversion_method(desired_type, source_obj, logger, **opts)
  File &quot;/home/travis/build/smarie/python-parsyfiles/parsyfiles/plugins_base/support_for_primitive_types.py&quot;, line 111, in constructor_with_str_arg
    return desired_type(source)
  CaughtTypeError : Caught TypeError while calling conversion function &apos;constructor_with_str_arg&apos;. Note that the conversion function signature should be &apos;def my_convert_fun(desired_type: Type[T], source: S, logger: Logger, **kwargs) -&gt; T&apos; (unpacked options mode - default) or def my_convert_fun(desired_type: Type[T], source: S, logger: Logger, options: Dict[str, Dict[str, Any]]) -&gt; T (unpack_options = False).Caught error message is : TypeError : __init__() missing 3 required positional arguments: &apos;y&apos;, &apos;op&apos;, and &apos;expected_result&apos;
(B)                                                                                 |--test_diff_4_csv_format2.txt -&gt; ExecOpTest ------- using $&lt;read_str_from_txt&gt; =&gt; &lt;base64_ascii_str_pickle_to_object&gt;$
(P)                                                                                 |--test_diff_4_csv_format2.txt -&gt; ExecOpTest ------- using $&lt;read_str_from_txt&gt; =&gt; &lt;base64_ascii_str_pickle_to_object&gt;$
  !! Caught error during execution !!
  File &quot;/home/travis/build/smarie/python-parsyfiles/parsyfiles/converting_core.py&quot;, line 524, in _convert
    return self.conversion_method(desired_type, source_obj, logger, **opts)
  File &quot;/home/travis/build/smarie/python-parsyfiles/parsyfiles/plugins_base/support_for_objects.py&quot;, line 56, in base64_ascii_str_pickle_to_object
    return pickle.loads(base64.b64decode(b64_ascii_str), fix_imports=True, encoding=&quot;ASCII&quot;, errors=&quot;strict&quot;)
  File &quot;/home/travis/virtualenv/python3.5.5/lib/python3.5/base64.py&quot;, line 88, in b64decode
    return binascii.a2b_base64(s)
  Error : Incorrect padding
(B)                                                                                 |--test_diff_4_csv_format2.txt -&gt; ExecOpTest ------- using $&lt;read_df_or_series_from_csv&gt; =&gt; &lt;single_row_or_col_df_to_dict&gt; -&gt; &lt;dict_to_object&gt;$
(P)                                                                                 |--test_diff_4_csv_format2.txt -&gt; ExecOpTest ------- using $&lt;read_df_or_series_from_csv&gt; =&gt; &lt;single_row_or_col_df_to_dict&gt; -&gt; &lt;dict_to_object&gt;$
(P)                                                                                 |--test_diff_4_csv_format2.txt -&gt; ExecOpTest SUCCESS !
(P)                                                                                 |--test_sum_1.json -&gt; ExecOpTest ------- using $&lt;read_dict_or_list_from_json&gt; =&gt; &lt;dict_to_object&gt;$
(P)                                                                                 |--test_sum_1.json -&gt; ExecOpTest SUCCESS !
(P)                                                                                 |--test_sum_2.properties -&gt; ExecOpTest ------- using $&lt;read_dict_from_properties&gt; =&gt; &lt;dict_to_object&gt;$
(P)                                                                                 |--test_sum_2.properties -&gt; ExecOpTest SUCCESS !
(P)                                                                                 |--test_sum_3_properties_format.txt -&gt; ExecOpTest ------- using $&lt;read_dict_from_properties&gt; =&gt; &lt;dict_to_object&gt;$
(P)                                                                                 |--test_sum_3_properties_format.txt -&gt; ExecOpTest SUCCESS !
(P)                                                                                 |--test_sum_4.yaml -&gt; ExecOpTest ------- using &lt;read_object_from_yaml&gt;
                                                                                     ! CAUGHT: WrongTypeCreatedError - Error while parsing /home/travis/build/smarie/python-parsyfiles/parsyfiles/tests/demo/./simple_objects/test_sum_4 (singlefile, .yaml) as a ExecOpTest with parser &lt;read_object_from_yaml&gt; using options=({&apos;MultifileCollectionParser&apos;: {&apos;lazy_parsing&apos;: False}}) - parser returned an object of wrong type &lt;class &apos;dict&apos;&gt;: {&apos;y&apos;: 5, &apos;op&apos;: &apos;+&apos;, &apos;x&apos;: 2, &apos;expected_result&apos;: 7}
(B)                                                                                 |--test_sum_4.yaml -&gt; ExecOpTest ------- using $&lt;read_collection_from_yaml&gt; =&gt; &lt;dict_to_object&gt;$
(P)                                                                                 |--test_sum_4.yaml -&gt; ExecOpTest ------- using $&lt;read_collection_from_yaml&gt; =&gt; &lt;dict_to_object&gt;$
(P)                                                                                 |--test_sum_4.yaml -&gt; ExecOpTest SUCCESS !
(P)                                                                                 |--test_sum_5.xls -&gt; ExecOpTest ------- using $&lt;read_dataframe_from_xls&gt; =&gt; &lt;single_row_or_col_df_to_dict&gt; -&gt; &lt;dict_to_object&gt;$
(P)                                                                                 |--test_sum_5.xls -&gt; ExecOpTest SUCCESS !
(P)                                                                                 |--test_sum_6.xlsx -&gt; ExecOpTest ------- using $&lt;read_dataframe_from_xls&gt; =&gt; &lt;single_row_or_col_df_to_dict&gt; -&gt; &lt;dict_to_object&gt;$
(P)                                                                                 |--test_sum_6.xlsx -&gt; ExecOpTest SUCCESS !
(P)                                                                                 |--test_sum_7.xlsm -&gt; ExecOpTest ------- using $&lt;read_dataframe_from_xls&gt; =&gt; &lt;single_row_or_col_df_to_dict&gt; -&gt; &lt;dict_to_object&gt;$
(P)                                                                                 |--test_sum_7.xlsm -&gt; ExecOpTest SUCCESS !
(P)                                                                  |--simple_objects -&gt; Dict[str, ExecOpTest] SUCCESS !
Completed parsing successfully

OrderedDict([(&apos;test_diff_1&apos;, 1.0 - 1.0 =? 0.0),
             (&apos;test_diff_2&apos;, 0.0 - 1.0 =? -1.0),
             (&apos;test_diff_3_csv_format&apos;, 5.0 - 4.0 =? 1.0),
             (&apos;test_diff_4_csv_format2&apos;, 4.0 - 4.0 =? 0.0),
             (&apos;test_sum_1&apos;, 1.0 + 2.0 =? 3.0),
             (&apos;test_sum_2&apos;, 0.0 + 1.0 =? 1.0),
             (&apos;test_sum_3_properties_format&apos;, 1.0 + 1.0 =? 2.0),
             (&apos;test_sum_4&apos;, 2.0 + 5.0 =? 7.0),
             (&apos;test_sum_5&apos;, 56.0 + 12.0 =? 68.0),
             (&apos;test_sum_6&apos;, 56.0 + 13.0 =? 69.0),
             (&apos;test_sum_7&apos;, 56.0 + 14.0 =? 70.0)])
{&apos;.cfg&apos;: {&apos;3_generic&apos;: [$&lt;read_config&gt; =&gt; &lt;merge_all_config_sections_into_a_single_dict&gt; -&gt; &lt;dict_to_object&gt;$,
                        $&lt;read_config&gt; =&gt; &lt;config_to_dict_of_dict&gt; -&gt; &lt;dict_of_dict_to_object&gt;$,
                        $&lt;read_config&gt; =&gt; &lt;config_to_dict_of_dict&gt; -&gt; &lt;dict_to_object&gt;$]},
 &apos;.csv&apos;: {&apos;3_generic&apos;: [$&lt;read_df_or_series_from_csv&gt; =&gt; &lt;single_row_or_col_df_to_dict&gt; -&gt; &lt;dict_to_object&gt;$]},
 &apos;.ini&apos;: {&apos;3_generic&apos;: [$&lt;read_config&gt; =&gt; &lt;merge_all_config_sections_into_a_single_dict&gt; -&gt; &lt;dict_to_object&gt;$,
                        $&lt;read_config&gt; =&gt; &lt;config_to_dict_of_dict&gt; -&gt; &lt;dict_of_dict_to_object&gt;$,
                        $&lt;read_config&gt; =&gt; &lt;config_to_dict_of_dict&gt; -&gt; &lt;dict_to_object&gt;$]},
 &apos;.json&apos;: {&apos;3_generic&apos;: [$&lt;read_dict_or_list_from_json&gt; =&gt; &lt;dict_to_object&gt;$]},
 &apos;.properties&apos;: {&apos;3_generic&apos;: [$&lt;read_dict_from_properties&gt; =&gt; &lt;dict_to_object&gt;$]},
 &apos;.pyc&apos;: {&apos;3_generic&apos;: [&lt;read_object_from_pickle&gt;]},
 &apos;.txt&apos;: {&apos;3_generic&apos;: [$&lt;read_dict_from_properties&gt; =&gt; &lt;dict_to_object&gt;$,
                        $&lt;read_str_from_txt&gt; =&gt; &lt;constructor_with_str_arg&gt;$,
                        $&lt;read_str_from_txt&gt; =&gt; &lt;base64_ascii_str_pickle_to_object&gt;$,
                        $&lt;read_df_or_series_from_csv&gt; =&gt; &lt;single_row_or_col_df_to_dict&gt; -&gt; &lt;dict_to_object&gt;$]},
 &apos;.xls&apos;: {&apos;3_generic&apos;: [$&lt;read_dataframe_from_xls&gt; =&gt; &lt;single_row_or_col_df_to_dict&gt; -&gt; &lt;dict_to_object&gt;$]},
 &apos;.xlsm&apos;: {&apos;3_generic&apos;: [$&lt;read_dataframe_from_xls&gt; =&gt; &lt;single_row_or_col_df_to_dict&gt; -&gt; &lt;dict_to_object&gt;$]},
 &apos;.xlsx&apos;: {&apos;3_generic&apos;: [$&lt;read_dataframe_from_xls&gt; =&gt; &lt;single_row_or_col_df_to_dict&gt; -&gt; &lt;dict_to_object&gt;$]},
 &apos;.yaml&apos;: {&apos;3_generic&apos;: [&lt;read_object_from_yaml&gt;,
                         $&lt;read_collection_from_yaml&gt; =&gt; &lt;dict_to_object&gt;$]},
 &apos;.yml&apos;: {&apos;3_generic&apos;: [&lt;read_object_from_yaml&gt;,
                        $&lt;read_collection_from_yaml&gt; =&gt; &lt;dict_to_object&gt;$]},
 &apos;&lt;multifile&gt;&apos;: {&apos;3_generic&apos;: [Multifile Object parser (parsyfiles defaults)]}}
</system-out></testcase><testcase classname="parsyfiles.tests.old.test_parsyfiles_old.MultifileAndCustomFunctionsTest" file="parsyfiles/tests/old/test_parsyfiles_old.py" line="71" name="test_list_object_with_folders" time="0.2936055660247803"><system-out>[setup]
Elapsed: 0.02469635009765625
**** Starting to parse single object of type &lt;List[MainFooBarItem]&gt; at location /home/travis/build/smarie/python-parsyfiles/parsyfiles/tests/old/./custom_with_folders ****
Checking all files under [/home/travis/build/smarie/python-parsyfiles/parsyfiles/tests/old/./custom_with_folders]
(C) /home/travis/build/smarie/python-parsyfiles/parsyfiles/tests/old/./custom_with_folders (multifile)
(C)                                                                                     |--item1 (multifile)
(C)                                                                                           |--expected_out (singlefile, .txt)
(C)                                                                                           |--expected_perf (singlefile, .cfg)
(C)                                                                                           |--input_simple (singlefile, .txt)
(C)                                                                                     |--item2 (multifile)
(C)                                                                                           |--expected_out (singlefile, .cfg)
(C)                                                                                           |--expected_perf (singlefile, .cfg)
(C)                                                                                           |--input_simple (singlefile, .txt)
(C)                                                                                     |--item3 (multifile)
(C)                                                                                           |--expected_out (singlefile, .cfg)
(C)                                                                                           |--input_simple (singlefile, .txt)
File checks done

Building a parsing plan to parse [/home/travis/build/smarie/python-parsyfiles/parsyfiles/tests/old/./custom_with_folders] into a List[MainFooBarItem]
(B) /home/travis/build/smarie/python-parsyfiles/parsyfiles/tests/old/./custom_with_folders -&gt; List[MainFooBarItem] ------- using Multifile Collection parser (parsyfiles defaults)
(B)                                                                                     |--item1 -&gt; MainFooBarItem ------- using Multifile Object parser (parsyfiles defaults)
(B)                                                                                           |--expected_out.txt -&gt; Config ------- using [Try &apos;&lt;test_custom_read_config_from_config_file_stream&gt;&apos; then &apos;$&lt;read_dict_from_properties&gt; =&gt; &lt;dict_to_object&gt;$&apos; then &apos;$&lt;read_str_from_txt&gt; =&gt; &lt;constructor_with_str_arg&gt;$&apos; then &apos;$&lt;read_str_from_txt&gt; =&gt; &lt;base64_ascii_str_pickle_to_object&gt;$&apos; then &apos;$&lt;read_df_or_series_from_csv&gt; =&gt; &lt;single_row_or_col_df_to_dict&gt; -&gt; &lt;dict_to_object&gt;$]&apos;]
(B)                                                                                           |--expected_out.txt -&gt; Config ------- using &lt;test_custom_read_config_from_config_file_stream&gt;
(B)                                                                                           |--expected_perf.cfg -&gt; Config ------- using [Try &apos;&lt;test_custom_read_config_from_config_file_stream&gt;&apos; then &apos;$&lt;read_config&gt; =&gt; &lt;merge_all_config_sections_into_a_single_dict&gt; -&gt; &lt;dict_to_object&gt;$&apos; then &apos;$&lt;read_config&gt; =&gt; &lt;config_to_dict_of_dict&gt; -&gt; &lt;dict_of_dict_to_object&gt;$&apos; then &apos;$&lt;read_config&gt; =&gt; &lt;config_to_dict_of_dict&gt; -&gt; &lt;dict_to_object&gt;$]&apos;]
(B)                                                                                           |--expected_perf.cfg -&gt; Config ------- using &lt;test_custom_read_config_from_config_file_stream&gt;
(B)                                                                                           |--input_simple.txt -&gt; OneLiner ------- using [Try &apos;&lt;test_custom_read_oneliner_from_txt_file_stream&gt;&apos; then &apos;$&lt;read_dict_from_properties&gt; =&gt; &lt;dict_to_object&gt;$&apos; then &apos;$&lt;read_str_from_txt&gt; =&gt; &lt;constructor_with_str_arg&gt;$&apos; then &apos;$&lt;read_str_from_txt&gt; =&gt; &lt;base64_ascii_str_pickle_to_object&gt;$&apos; then &apos;$&lt;read_df_or_series_from_csv&gt; =&gt; &lt;single_row_or_col_df_to_dict&gt; -&gt; &lt;dict_to_object&gt;$&apos; then &apos;$&lt;test_custom_read_config_from_config_file_stream&gt; =&gt; &lt;merge_all_config_sections_into_a_single_dict&gt; -&gt; &lt;dict_to_object&gt;$&apos; then &apos;$&lt;test_custom_read_config_from_config_file_stream&gt; =&gt; &lt;config_to_dict_of_dict&gt; -&gt; &lt;dict_of_dict_to_object&gt;$&apos; then &apos;$&lt;test_custom_read_config_from_config_file_stream&gt; =&gt; &lt;config_to_dict_of_dict&gt; -&gt; &lt;dict_to_object&gt;$]&apos;]
(B)                                                                                           |--input_simple.txt -&gt; OneLiner ------- using &lt;test_custom_read_oneliner_from_txt_file_stream&gt;
(B)                                                                                     |--item2 -&gt; MainFooBarItem ------- using Multifile Object parser (parsyfiles defaults)
(B)                                                                                           |--expected_out.cfg -&gt; Config ------- using [Try &apos;&lt;test_custom_read_config_from_config_file_stream&gt;&apos; then &apos;$&lt;read_config&gt; =&gt; &lt;merge_all_config_sections_into_a_single_dict&gt; -&gt; &lt;dict_to_object&gt;$&apos; then &apos;$&lt;read_config&gt; =&gt; &lt;config_to_dict_of_dict&gt; -&gt; &lt;dict_of_dict_to_object&gt;$&apos; then &apos;$&lt;read_config&gt; =&gt; &lt;config_to_dict_of_dict&gt; -&gt; &lt;dict_to_object&gt;$]&apos;]
(B)                                                                                           |--expected_out.cfg -&gt; Config ------- using &lt;test_custom_read_config_from_config_file_stream&gt;
(B)                                                                                           |--expected_perf.cfg -&gt; Config ------- using [Try &apos;&lt;test_custom_read_config_from_config_file_stream&gt;&apos; then &apos;$&lt;read_config&gt; =&gt; &lt;merge_all_config_sections_into_a_single_dict&gt; -&gt; &lt;dict_to_object&gt;$&apos; then &apos;$&lt;read_config&gt; =&gt; &lt;config_to_dict_of_dict&gt; -&gt; &lt;dict_of_dict_to_object&gt;$&apos; then &apos;$&lt;read_config&gt; =&gt; &lt;config_to_dict_of_dict&gt; -&gt; &lt;dict_to_object&gt;$]&apos;]
(B)                                                                                           |--expected_perf.cfg -&gt; Config ------- using &lt;test_custom_read_config_from_config_file_stream&gt;
(B)                                                                                           |--input_simple.txt -&gt; OneLiner ------- using [Try &apos;&lt;test_custom_read_oneliner_from_txt_file_stream&gt;&apos; then &apos;$&lt;read_dict_from_properties&gt; =&gt; &lt;dict_to_object&gt;$&apos; then &apos;$&lt;read_str_from_txt&gt; =&gt; &lt;constructor_with_str_arg&gt;$&apos; then &apos;$&lt;read_str_from_txt&gt; =&gt; &lt;base64_ascii_str_pickle_to_object&gt;$&apos; then &apos;$&lt;read_df_or_series_from_csv&gt; =&gt; &lt;single_row_or_col_df_to_dict&gt; -&gt; &lt;dict_to_object&gt;$&apos; then &apos;$&lt;test_custom_read_config_from_config_file_stream&gt; =&gt; &lt;merge_all_config_sections_into_a_single_dict&gt; -&gt; &lt;dict_to_object&gt;$&apos; then &apos;$&lt;test_custom_read_config_from_config_file_stream&gt; =&gt; &lt;config_to_dict_of_dict&gt; -&gt; &lt;dict_of_dict_to_object&gt;$&apos; then &apos;$&lt;test_custom_read_config_from_config_file_stream&gt; =&gt; &lt;config_to_dict_of_dict&gt; -&gt; &lt;dict_to_object&gt;$]&apos;]
(B)                                                                                           |--input_simple.txt -&gt; OneLiner ------- using &lt;test_custom_read_oneliner_from_txt_file_stream&gt;
(B)                                                                                     |--item3 -&gt; MainFooBarItem ------- using Multifile Object parser (parsyfiles defaults)
(B)                                                                                           |--expected_out.cfg -&gt; Config ------- using [Try &apos;&lt;test_custom_read_config_from_config_file_stream&gt;&apos; then &apos;$&lt;read_config&gt; =&gt; &lt;merge_all_config_sections_into_a_single_dict&gt; -&gt; &lt;dict_to_object&gt;$&apos; then &apos;$&lt;read_config&gt; =&gt; &lt;config_to_dict_of_dict&gt; -&gt; &lt;dict_of_dict_to_object&gt;$&apos; then &apos;$&lt;read_config&gt; =&gt; &lt;config_to_dict_of_dict&gt; -&gt; &lt;dict_to_object&gt;$]&apos;]
(B)                                                                                           |--expected_out.cfg -&gt; Config ------- using &lt;test_custom_read_config_from_config_file_stream&gt;
(B)                                                                                          |--expected_perf: NOT FOUND - This optional constructor attribute for type MainFooBarItem was not found on file system, but this may be normal - this message is displayed &apos;just in case&apos;.
(B)                                                                                           |--input_simple.txt -&gt; OneLiner ------- using [Try &apos;&lt;test_custom_read_oneliner_from_txt_file_stream&gt;&apos; then &apos;$&lt;read_dict_from_properties&gt; =&gt; &lt;dict_to_object&gt;$&apos; then &apos;$&lt;read_str_from_txt&gt; =&gt; &lt;constructor_with_str_arg&gt;$&apos; then &apos;$&lt;read_str_from_txt&gt; =&gt; &lt;base64_ascii_str_pickle_to_object&gt;$&apos; then &apos;$&lt;read_df_or_series_from_csv&gt; =&gt; &lt;single_row_or_col_df_to_dict&gt; -&gt; &lt;dict_to_object&gt;$&apos; then &apos;$&lt;test_custom_read_config_from_config_file_stream&gt; =&gt; &lt;merge_all_config_sections_into_a_single_dict&gt; -&gt; &lt;dict_to_object&gt;$&apos; then &apos;$&lt;test_custom_read_config_from_config_file_stream&gt; =&gt; &lt;config_to_dict_of_dict&gt; -&gt; &lt;dict_of_dict_to_object&gt;$&apos; then &apos;$&lt;test_custom_read_config_from_config_file_stream&gt; =&gt; &lt;config_to_dict_of_dict&gt; -&gt; &lt;dict_to_object&gt;$]&apos;]
(B)                                                                                           |--input_simple.txt -&gt; OneLiner ------- using &lt;test_custom_read_oneliner_from_txt_file_stream&gt;
Parsing Plan created successfully

Executing Parsing Plan for [/home/travis/build/smarie/python-parsyfiles/parsyfiles/tests/old/./custom_with_folders]
(P) /home/travis/build/smarie/python-parsyfiles/parsyfiles/tests/old/./custom_with_folders -&gt; List[MainFooBarItem] ------- using Multifile Collection parser (parsyfiles defaults)
(P)                                                                                     |--item1 -&gt; MainFooBarItem ------- using Multifile Object parser (parsyfiles defaults)
(P)                                                                                           |--expected_out.txt -&gt; Config ------- using &lt;test_custom_read_config_from_config_file_stream&gt;
(P)                                                                                           |--expected_out.txt -&gt; Config SUCCESS !
(P)                                                                                           |--expected_perf.cfg -&gt; Config ------- using &lt;test_custom_read_config_from_config_file_stream&gt;
(P)                                                                                           |--expected_perf.cfg -&gt; Config SUCCESS !
(P)                                                                                           |--input_simple.txt -&gt; OneLiner ------- using &lt;test_custom_read_oneliner_from_txt_file_stream&gt;
(P)                                                                                           |--input_simple.txt -&gt; OneLiner SUCCESS !
(P)                                                                                     |--item1 -&gt; MainFooBarItem SUCCESS !
(P)                                                                                     |--item2 -&gt; MainFooBarItem ------- using Multifile Object parser (parsyfiles defaults)
(P)                                                                                           |--expected_out.cfg -&gt; Config ------- using &lt;test_custom_read_config_from_config_file_stream&gt;
(P)                                                                                           |--expected_out.cfg -&gt; Config SUCCESS !
(P)                                                                                           |--expected_perf.cfg -&gt; Config ------- using &lt;test_custom_read_config_from_config_file_stream&gt;
(P)                                                                                           |--expected_perf.cfg -&gt; Config SUCCESS !
(P)                                                                                           |--input_simple.txt -&gt; OneLiner ------- using &lt;test_custom_read_oneliner_from_txt_file_stream&gt;
(P)                                                                                           |--input_simple.txt -&gt; OneLiner SUCCESS !
(P)                                                                                     |--item2 -&gt; MainFooBarItem SUCCESS !
(P)                                                                                     |--item3 -&gt; MainFooBarItem ------- using Multifile Object parser (parsyfiles defaults)
(P)                                                                                           |--expected_out.cfg -&gt; Config ------- using &lt;test_custom_read_config_from_config_file_stream&gt;
(P)                                                                                           |--expected_out.cfg -&gt; Config SUCCESS !
(P)                                                                                           |--input_simple.txt -&gt; OneLiner ------- using &lt;test_custom_read_oneliner_from_txt_file_stream&gt;
(P)                                                                                           |--input_simple.txt -&gt; OneLiner SUCCESS !
(P)                                                                                     |--item3 -&gt; MainFooBarItem SUCCESS !
(P)                                                                 |--custom_with_folders -&gt; List[MainFooBarItem] SUCCESS !
Completed parsing successfully

[{&apos;expected_out&apos;: &lt;test_parsyfiles_old.MultifileAndCustomFunctionsTest._create_root_parser.&lt;locals&gt;.Config object at 0x7f33d3e72ac8&gt;, &apos;expected_perf&apos;: &lt;test_parsyfiles_old.MultifileAndCustomFunctionsTest._create_root_parser.&lt;locals&gt;.Config object at 0x7f33d3e72dd8&gt;, &apos;input_simple&apos;: this content is really interesting}, {&apos;expected_out&apos;: &lt;test_parsyfiles_old.MultifileAndCustomFunctionsTest._create_root_parser.&lt;locals&gt;.Config object at 0x7f33e1b0e048&gt;, &apos;expected_perf&apos;: &lt;test_parsyfiles_old.MultifileAndCustomFunctionsTest._create_root_parser.&lt;locals&gt;.Config object at 0x7f33d4931c88&gt;, &apos;input_simple&apos;: this content is really interesting}, {&apos;expected_out&apos;: &lt;test_parsyfiles_old.MultifileAndCustomFunctionsTest._create_root_parser.&lt;locals&gt;.Config object at 0x7f33d3e96ef0&gt;, &apos;expected_perf&apos;: None, &apos;input_simple&apos;: this content is really interesting}]
</system-out></testcase><testcase classname="parsyfiles.tests.old.test_parsyfiles_old.MultifileAndCustomFunctionsTest" file="parsyfiles/tests/old/test_parsyfiles_old.py" line="89" name="test_no_folders" time="0.4603695869445801"><system-out>[setup]
Elapsed: 0.022741079330444336
**** Starting to parse collection of &lt;MainFooBarItem&gt; at location /home/travis/build/smarie/python-parsyfiles/parsyfiles/tests/old/./custom_without_folders ****
Checking all files under [/home/travis/build/smarie/python-parsyfiles/parsyfiles/tests/old/./custom_without_folders]
(C) /home/travis/build/smarie/python-parsyfiles/parsyfiles/tests/old/./custom_without_folders (multifile)
(C)                                                                                        |--item1 (multifile)
(C)                                                                                        |--item1.expected_out (singlefile, .txt)
(C)                                                                                        |--item1.expected_perf (singlefile, .cfg)
(C)                                                                                        |--item1.input_simple (singlefile, .txt)
(C)                                                                                        |--item2 (multifile)
(C)                                                                                        |--item2.expected_out (singlefile, .cfg)
(C)                                                                                        |--item2.expected_perf (singlefile, .cfg)
(C)                                                                                        |--item2.input_simple (singlefile, .txt)
(C)                                                                                        |--item3 (multifile)
(C)                                                                                        |--item3.expected_out (singlefile, .cfg)
(C)                                                                                        |--item3.input_simple (singlefile, .txt)
File checks done

Building a parsing plan to parse [/home/travis/build/smarie/python-parsyfiles/parsyfiles/tests/old/./custom_without_folders] into a Dict[str, MainFooBarItem]
(B) /home/travis/build/smarie/python-parsyfiles/parsyfiles/tests/old/./custom_without_folders -&gt; Dict[str, MainFooBarItem] ------- using Multifile Collection parser (parsyfiles defaults)
(B)                                                                                        |--item1 -&gt; MainFooBarItem ------- using Multifile Object parser (parsyfiles defaults)
(B)                                                                                        |--item1.expected_out.txt -&gt; Config ------- using [Try &apos;&lt;test_custom_read_config_from_config_file_stream&gt;&apos; then &apos;$&lt;read_dict_from_properties&gt; =&gt; &lt;dict_to_object&gt;$&apos; then &apos;$&lt;read_str_from_txt&gt; =&gt; &lt;constructor_with_str_arg&gt;$&apos; then &apos;$&lt;read_str_from_txt&gt; =&gt; &lt;base64_ascii_str_pickle_to_object&gt;$&apos; then &apos;$&lt;read_df_or_series_from_csv&gt; =&gt; &lt;single_row_or_col_df_to_dict&gt; -&gt; &lt;dict_to_object&gt;$]&apos;]
(B)                                                                                        |--item1.expected_out.txt -&gt; Config ------- using &lt;test_custom_read_config_from_config_file_stream&gt;
(B)                                                                                        |--item1.expected_perf.cfg -&gt; Config ------- using [Try &apos;&lt;test_custom_read_config_from_config_file_stream&gt;&apos; then &apos;$&lt;read_config&gt; =&gt; &lt;merge_all_config_sections_into_a_single_dict&gt; -&gt; &lt;dict_to_object&gt;$&apos; then &apos;$&lt;read_config&gt; =&gt; &lt;config_to_dict_of_dict&gt; -&gt; &lt;dict_of_dict_to_object&gt;$&apos; then &apos;$&lt;read_config&gt; =&gt; &lt;config_to_dict_of_dict&gt; -&gt; &lt;dict_to_object&gt;$]&apos;]
(B)                                                                                        |--item1.expected_perf.cfg -&gt; Config ------- using &lt;test_custom_read_config_from_config_file_stream&gt;
(B)                                                                                        |--item1.input_simple.txt -&gt; OneLiner ------- using [Try &apos;&lt;test_custom_read_oneliner_from_txt_file_stream&gt;&apos; then &apos;$&lt;read_dict_from_properties&gt; =&gt; &lt;dict_to_object&gt;$&apos; then &apos;$&lt;read_str_from_txt&gt; =&gt; &lt;constructor_with_str_arg&gt;$&apos; then &apos;$&lt;read_str_from_txt&gt; =&gt; &lt;base64_ascii_str_pickle_to_object&gt;$&apos; then &apos;$&lt;read_df_or_series_from_csv&gt; =&gt; &lt;single_row_or_col_df_to_dict&gt; -&gt; &lt;dict_to_object&gt;$&apos; then &apos;$&lt;test_custom_read_config_from_config_file_stream&gt; =&gt; &lt;merge_all_config_sections_into_a_single_dict&gt; -&gt; &lt;dict_to_object&gt;$&apos; then &apos;$&lt;test_custom_read_config_from_config_file_stream&gt; =&gt; &lt;config_to_dict_of_dict&gt; -&gt; &lt;dict_of_dict_to_object&gt;$&apos; then &apos;$&lt;test_custom_read_config_from_config_file_stream&gt; =&gt; &lt;config_to_dict_of_dict&gt; -&gt; &lt;dict_to_object&gt;$]&apos;]
(B)                                                                                        |--item1.input_simple.txt -&gt; OneLiner ------- using &lt;test_custom_read_oneliner_from_txt_file_stream&gt;
(B)                                                                                        |--item2 -&gt; MainFooBarItem ------- using Multifile Object parser (parsyfiles defaults)
(B)                                                                                        |--item2.expected_out.cfg -&gt; Config ------- using [Try &apos;&lt;test_custom_read_config_from_config_file_stream&gt;&apos; then &apos;$&lt;read_config&gt; =&gt; &lt;merge_all_config_sections_into_a_single_dict&gt; -&gt; &lt;dict_to_object&gt;$&apos; then &apos;$&lt;read_config&gt; =&gt; &lt;config_to_dict_of_dict&gt; -&gt; &lt;dict_of_dict_to_object&gt;$&apos; then &apos;$&lt;read_config&gt; =&gt; &lt;config_to_dict_of_dict&gt; -&gt; &lt;dict_to_object&gt;$]&apos;]
(B)                                                                                        |--item2.expected_out.cfg -&gt; Config ------- using &lt;test_custom_read_config_from_config_file_stream&gt;
(B)                                                                                        |--item2.expected_perf.cfg -&gt; Config ------- using [Try &apos;&lt;test_custom_read_config_from_config_file_stream&gt;&apos; then &apos;$&lt;read_config&gt; =&gt; &lt;merge_all_config_sections_into_a_single_dict&gt; -&gt; &lt;dict_to_object&gt;$&apos; then &apos;$&lt;read_config&gt; =&gt; &lt;config_to_dict_of_dict&gt; -&gt; &lt;dict_of_dict_to_object&gt;$&apos; then &apos;$&lt;read_config&gt; =&gt; &lt;config_to_dict_of_dict&gt; -&gt; &lt;dict_to_object&gt;$]&apos;]
(B)                                                                                        |--item2.expected_perf.cfg -&gt; Config ------- using &lt;test_custom_read_config_from_config_file_stream&gt;
(B)                                                                                        |--item2.input_simple.txt -&gt; OneLiner ------- using [Try &apos;&lt;test_custom_read_oneliner_from_txt_file_stream&gt;&apos; then &apos;$&lt;read_dict_from_properties&gt; =&gt; &lt;dict_to_object&gt;$&apos; then &apos;$&lt;read_str_from_txt&gt; =&gt; &lt;constructor_with_str_arg&gt;$&apos; then &apos;$&lt;read_str_from_txt&gt; =&gt; &lt;base64_ascii_str_pickle_to_object&gt;$&apos; then &apos;$&lt;read_df_or_series_from_csv&gt; =&gt; &lt;single_row_or_col_df_to_dict&gt; -&gt; &lt;dict_to_object&gt;$&apos; then &apos;$&lt;test_custom_read_config_from_config_file_stream&gt; =&gt; &lt;merge_all_config_sections_into_a_single_dict&gt; -&gt; &lt;dict_to_object&gt;$&apos; then &apos;$&lt;test_custom_read_config_from_config_file_stream&gt; =&gt; &lt;config_to_dict_of_dict&gt; -&gt; &lt;dict_of_dict_to_object&gt;$&apos; then &apos;$&lt;test_custom_read_config_from_config_file_stream&gt; =&gt; &lt;config_to_dict_of_dict&gt; -&gt; &lt;dict_to_object&gt;$]&apos;]
(B)                                                                                        |--item2.input_simple.txt -&gt; OneLiner ------- using &lt;test_custom_read_oneliner_from_txt_file_stream&gt;
(B)                                                                                        |--item3 -&gt; MainFooBarItem ------- using Multifile Object parser (parsyfiles defaults)
(B)                                                                                        |--item3.expected_out.cfg -&gt; Config ------- using [Try &apos;&lt;test_custom_read_config_from_config_file_stream&gt;&apos; then &apos;$&lt;read_config&gt; =&gt; &lt;merge_all_config_sections_into_a_single_dict&gt; -&gt; &lt;dict_to_object&gt;$&apos; then &apos;$&lt;read_config&gt; =&gt; &lt;config_to_dict_of_dict&gt; -&gt; &lt;dict_of_dict_to_object&gt;$&apos; then &apos;$&lt;read_config&gt; =&gt; &lt;config_to_dict_of_dict&gt; -&gt; &lt;dict_to_object&gt;$]&apos;]
(B)                                                                                        |--item3.expected_out.cfg -&gt; Config ------- using &lt;test_custom_read_config_from_config_file_stream&gt;
(B)                                                                                             |--expected_perf: NOT FOUND - This optional constructor attribute for type MainFooBarItem was not found on file system, but this may be normal - this message is displayed &apos;just in case&apos;.
(B)                                                                                        |--item3.input_simple.txt -&gt; OneLiner ------- using [Try &apos;&lt;test_custom_read_oneliner_from_txt_file_stream&gt;&apos; then &apos;$&lt;read_dict_from_properties&gt; =&gt; &lt;dict_to_object&gt;$&apos; then &apos;$&lt;read_str_from_txt&gt; =&gt; &lt;constructor_with_str_arg&gt;$&apos; then &apos;$&lt;read_str_from_txt&gt; =&gt; &lt;base64_ascii_str_pickle_to_object&gt;$&apos; then &apos;$&lt;read_df_or_series_from_csv&gt; =&gt; &lt;single_row_or_col_df_to_dict&gt; -&gt; &lt;dict_to_object&gt;$&apos; then &apos;$&lt;test_custom_read_config_from_config_file_stream&gt; =&gt; &lt;merge_all_config_sections_into_a_single_dict&gt; -&gt; &lt;dict_to_object&gt;$&apos; then &apos;$&lt;test_custom_read_config_from_config_file_stream&gt; =&gt; &lt;config_to_dict_of_dict&gt; -&gt; &lt;dict_of_dict_to_object&gt;$&apos; then &apos;$&lt;test_custom_read_config_from_config_file_stream&gt; =&gt; &lt;config_to_dict_of_dict&gt; -&gt; &lt;dict_to_object&gt;$]&apos;]
(B)                                                                                        |--item3.input_simple.txt -&gt; OneLiner ------- using &lt;test_custom_read_oneliner_from_txt_file_stream&gt;
Parsing Plan created successfully

Executing Parsing Plan for [/home/travis/build/smarie/python-parsyfiles/parsyfiles/tests/old/./custom_without_folders]
(P) /home/travis/build/smarie/python-parsyfiles/parsyfiles/tests/old/./custom_without_folders -&gt; Dict[str, MainFooBarItem] ------- using Multifile Collection parser (parsyfiles defaults)
(P)                                                                                        |--item1 -&gt; MainFooBarItem ------- using Multifile Object parser (parsyfiles defaults)
(P)                                                                                        |--item1.expected_out.txt -&gt; Config ------- using &lt;test_custom_read_config_from_config_file_stream&gt;
(P)                                                                                        |--item1.expected_out.txt -&gt; Config SUCCESS !
(P)                                                                                        |--item1.expected_perf.cfg -&gt; Config ------- using &lt;test_custom_read_config_from_config_file_stream&gt;
(P)                                                                                        |--item1.expected_perf.cfg -&gt; Config SUCCESS !
(P)                                                                                        |--item1.input_simple.txt -&gt; OneLiner ------- using &lt;test_custom_read_oneliner_from_txt_file_stream&gt;
(P)                                                                                        |--item1.input_simple.txt -&gt; OneLiner SUCCESS !
(P)                                                                                        |--item1 -&gt; MainFooBarItem SUCCESS !
(P)                                                                                        |--item2 -&gt; MainFooBarItem ------- using Multifile Object parser (parsyfiles defaults)
(P)                                                                                        |--item2.expected_out.cfg -&gt; Config ------- using &lt;test_custom_read_config_from_config_file_stream&gt;
(P)                                                                                        |--item2.expected_out.cfg -&gt; Config SUCCESS !
(P)                                                                                        |--item2.expected_perf.cfg -&gt; Config ------- using &lt;test_custom_read_config_from_config_file_stream&gt;
(P)                                                                                        |--item2.expected_perf.cfg -&gt; Config SUCCESS !
(P)                                                                                        |--item2.input_simple.txt -&gt; OneLiner ------- using &lt;test_custom_read_oneliner_from_txt_file_stream&gt;
(P)                                                                                        |--item2.input_simple.txt -&gt; OneLiner SUCCESS !
(P)                                                                                        |--item2 -&gt; MainFooBarItem SUCCESS !
(P)                                                                                        |--item3 -&gt; MainFooBarItem ------- using Multifile Object parser (parsyfiles defaults)
(P)                                                                                        |--item3.expected_out.cfg -&gt; Config ------- using &lt;test_custom_read_config_from_config_file_stream&gt;
(P)                                                                                        |--item3.expected_out.cfg -&gt; Config SUCCESS !
(P)                                                                                        |--item3.input_simple.txt -&gt; OneLiner ------- using &lt;test_custom_read_oneliner_from_txt_file_stream&gt;
(P)                                                                                        |--item3.input_simple.txt -&gt; OneLiner SUCCESS !
(P)                                                                                        |--item3 -&gt; MainFooBarItem SUCCESS !
(P)                                                                 |--custom_without_folders -&gt; Dict[str, MainFooBarItem] SUCCESS !
Completed parsing successfully

OrderedDict([(&apos;item1&apos;,
              {&apos;expected_out&apos;: &lt;test_parsyfiles_old.MultifileAndCustomFunctionsTest._create_root_parser.&lt;locals&gt;.Config object at 0x7f33d4b61860&gt;, &apos;expected_perf&apos;: &lt;test_parsyfiles_old.MultifileAndCustomFunctionsTest._create_root_parser.&lt;locals&gt;.Config object at 0x7f33d4b61898&gt;, &apos;input_simple&apos;: this content is really interesting}),
             (&apos;item2&apos;,
              {&apos;expected_out&apos;: &lt;test_parsyfiles_old.MultifileAndCustomFunctionsTest._create_root_parser.&lt;locals&gt;.Config object at 0x7f33d4b95978&gt;, &apos;expected_perf&apos;: &lt;test_parsyfiles_old.MultifileAndCustomFunctionsTest._create_root_parser.&lt;locals&gt;.Config object at 0x7f33d4b95400&gt;, &apos;input_simple&apos;: this content is really interesting}),
             (&apos;item3&apos;,
              {&apos;expected_out&apos;: &lt;test_parsyfiles_old.MultifileAndCustomFunctionsTest._create_root_parser.&lt;locals&gt;.Config object at 0x7f33d4b95080&gt;, &apos;expected_perf&apos;: None, &apos;input_simple&apos;: this content is really interesting})])
</system-out></testcase><testcase classname="parsyfiles.tests.old.test_parsyfiles_old.MultifileAndCustomFunctionsTest" file="parsyfiles/tests/old/test_parsyfiles_old.py" line="65" name="test_single_list_object_with_folders" time="0.30966615676879883"><system-out>[setup]
Elapsed: 0.021485090255737305
**** Starting to parse single object of type &lt;List[MainFooBarItem]&gt; at location /home/travis/build/smarie/python-parsyfiles/parsyfiles/tests/old/./custom_with_folders ****
Checking all files under [/home/travis/build/smarie/python-parsyfiles/parsyfiles/tests/old/./custom_with_folders]
(C) /home/travis/build/smarie/python-parsyfiles/parsyfiles/tests/old/./custom_with_folders (multifile)
(C)                                                                                     |--item1 (multifile)
(C)                                                                                           |--expected_out (singlefile, .txt)
(C)                                                                                           |--expected_perf (singlefile, .cfg)
(C)                                                                                           |--input_simple (singlefile, .txt)
(C)                                                                                     |--item2 (multifile)
(C)                                                                                           |--expected_out (singlefile, .cfg)
(C)                                                                                           |--expected_perf (singlefile, .cfg)
(C)                                                                                           |--input_simple (singlefile, .txt)
(C)                                                                                     |--item3 (multifile)
(C)                                                                                           |--expected_out (singlefile, .cfg)
(C)                                                                                           |--input_simple (singlefile, .txt)
File checks done

Building a parsing plan to parse [/home/travis/build/smarie/python-parsyfiles/parsyfiles/tests/old/./custom_with_folders] into a List[MainFooBarItem]
(B) /home/travis/build/smarie/python-parsyfiles/parsyfiles/tests/old/./custom_with_folders -&gt; List[MainFooBarItem] ------- using Multifile Collection parser (parsyfiles defaults)
(B)                                                                                     |--item1 -&gt; MainFooBarItem ------- using Multifile Object parser (parsyfiles defaults)
(B)                                                                                           |--expected_out.txt -&gt; Config ------- using [Try &apos;&lt;test_custom_read_config_from_config_file_stream&gt;&apos; then &apos;$&lt;read_dict_from_properties&gt; =&gt; &lt;dict_to_object&gt;$&apos; then &apos;$&lt;read_str_from_txt&gt; =&gt; &lt;constructor_with_str_arg&gt;$&apos; then &apos;$&lt;read_str_from_txt&gt; =&gt; &lt;base64_ascii_str_pickle_to_object&gt;$&apos; then &apos;$&lt;read_df_or_series_from_csv&gt; =&gt; &lt;single_row_or_col_df_to_dict&gt; -&gt; &lt;dict_to_object&gt;$]&apos;]
(B)                                                                                           |--expected_out.txt -&gt; Config ------- using &lt;test_custom_read_config_from_config_file_stream&gt;
(B)                                                                                           |--expected_perf.cfg -&gt; Config ------- using [Try &apos;&lt;test_custom_read_config_from_config_file_stream&gt;&apos; then &apos;$&lt;read_config&gt; =&gt; &lt;merge_all_config_sections_into_a_single_dict&gt; -&gt; &lt;dict_to_object&gt;$&apos; then &apos;$&lt;read_config&gt; =&gt; &lt;config_to_dict_of_dict&gt; -&gt; &lt;dict_of_dict_to_object&gt;$&apos; then &apos;$&lt;read_config&gt; =&gt; &lt;config_to_dict_of_dict&gt; -&gt; &lt;dict_to_object&gt;$]&apos;]
(B)                                                                                           |--expected_perf.cfg -&gt; Config ------- using &lt;test_custom_read_config_from_config_file_stream&gt;
(B)                                                                                           |--input_simple.txt -&gt; OneLiner ------- using [Try &apos;&lt;test_custom_read_oneliner_from_txt_file_stream&gt;&apos; then &apos;$&lt;read_dict_from_properties&gt; =&gt; &lt;dict_to_object&gt;$&apos; then &apos;$&lt;read_str_from_txt&gt; =&gt; &lt;constructor_with_str_arg&gt;$&apos; then &apos;$&lt;read_str_from_txt&gt; =&gt; &lt;base64_ascii_str_pickle_to_object&gt;$&apos; then &apos;$&lt;read_df_or_series_from_csv&gt; =&gt; &lt;single_row_or_col_df_to_dict&gt; -&gt; &lt;dict_to_object&gt;$&apos; then &apos;$&lt;test_custom_read_config_from_config_file_stream&gt; =&gt; &lt;merge_all_config_sections_into_a_single_dict&gt; -&gt; &lt;dict_to_object&gt;$&apos; then &apos;$&lt;test_custom_read_config_from_config_file_stream&gt; =&gt; &lt;config_to_dict_of_dict&gt; -&gt; &lt;dict_of_dict_to_object&gt;$&apos; then &apos;$&lt;test_custom_read_config_from_config_file_stream&gt; =&gt; &lt;config_to_dict_of_dict&gt; -&gt; &lt;dict_to_object&gt;$]&apos;]
(B)                                                                                           |--input_simple.txt -&gt; OneLiner ------- using &lt;test_custom_read_oneliner_from_txt_file_stream&gt;
(B)                                                                                     |--item2 -&gt; MainFooBarItem ------- using Multifile Object parser (parsyfiles defaults)
(B)                                                                                           |--expected_out.cfg -&gt; Config ------- using [Try &apos;&lt;test_custom_read_config_from_config_file_stream&gt;&apos; then &apos;$&lt;read_config&gt; =&gt; &lt;merge_all_config_sections_into_a_single_dict&gt; -&gt; &lt;dict_to_object&gt;$&apos; then &apos;$&lt;read_config&gt; =&gt; &lt;config_to_dict_of_dict&gt; -&gt; &lt;dict_of_dict_to_object&gt;$&apos; then &apos;$&lt;read_config&gt; =&gt; &lt;config_to_dict_of_dict&gt; -&gt; &lt;dict_to_object&gt;$]&apos;]
(B)                                                                                           |--expected_out.cfg -&gt; Config ------- using &lt;test_custom_read_config_from_config_file_stream&gt;
(B)                                                                                           |--expected_perf.cfg -&gt; Config ------- using [Try &apos;&lt;test_custom_read_config_from_config_file_stream&gt;&apos; then &apos;$&lt;read_config&gt; =&gt; &lt;merge_all_config_sections_into_a_single_dict&gt; -&gt; &lt;dict_to_object&gt;$&apos; then &apos;$&lt;read_config&gt; =&gt; &lt;config_to_dict_of_dict&gt; -&gt; &lt;dict_of_dict_to_object&gt;$&apos; then &apos;$&lt;read_config&gt; =&gt; &lt;config_to_dict_of_dict&gt; -&gt; &lt;dict_to_object&gt;$]&apos;]
(B)                                                                                           |--expected_perf.cfg -&gt; Config ------- using &lt;test_custom_read_config_from_config_file_stream&gt;
(B)                                                                                           |--input_simple.txt -&gt; OneLiner ------- using [Try &apos;&lt;test_custom_read_oneliner_from_txt_file_stream&gt;&apos; then &apos;$&lt;read_dict_from_properties&gt; =&gt; &lt;dict_to_object&gt;$&apos; then &apos;$&lt;read_str_from_txt&gt; =&gt; &lt;constructor_with_str_arg&gt;$&apos; then &apos;$&lt;read_str_from_txt&gt; =&gt; &lt;base64_ascii_str_pickle_to_object&gt;$&apos; then &apos;$&lt;read_df_or_series_from_csv&gt; =&gt; &lt;single_row_or_col_df_to_dict&gt; -&gt; &lt;dict_to_object&gt;$&apos; then &apos;$&lt;test_custom_read_config_from_config_file_stream&gt; =&gt; &lt;merge_all_config_sections_into_a_single_dict&gt; -&gt; &lt;dict_to_object&gt;$&apos; then &apos;$&lt;test_custom_read_config_from_config_file_stream&gt; =&gt; &lt;config_to_dict_of_dict&gt; -&gt; &lt;dict_of_dict_to_object&gt;$&apos; then &apos;$&lt;test_custom_read_config_from_config_file_stream&gt; =&gt; &lt;config_to_dict_of_dict&gt; -&gt; &lt;dict_to_object&gt;$]&apos;]
(B)                                                                                           |--input_simple.txt -&gt; OneLiner ------- using &lt;test_custom_read_oneliner_from_txt_file_stream&gt;
(B)                                                                                     |--item3 -&gt; MainFooBarItem ------- using Multifile Object parser (parsyfiles defaults)
(B)                                                                                           |--expected_out.cfg -&gt; Config ------- using [Try &apos;&lt;test_custom_read_config_from_config_file_stream&gt;&apos; then &apos;$&lt;read_config&gt; =&gt; &lt;merge_all_config_sections_into_a_single_dict&gt; -&gt; &lt;dict_to_object&gt;$&apos; then &apos;$&lt;read_config&gt; =&gt; &lt;config_to_dict_of_dict&gt; -&gt; &lt;dict_of_dict_to_object&gt;$&apos; then &apos;$&lt;read_config&gt; =&gt; &lt;config_to_dict_of_dict&gt; -&gt; &lt;dict_to_object&gt;$]&apos;]
(B)                                                                                           |--expected_out.cfg -&gt; Config ------- using &lt;test_custom_read_config_from_config_file_stream&gt;
(B)                                                                                          |--expected_perf: NOT FOUND - This optional constructor attribute for type MainFooBarItem was not found on file system, but this may be normal - this message is displayed &apos;just in case&apos;.
(B)                                                                                           |--input_simple.txt -&gt; OneLiner ------- using [Try &apos;&lt;test_custom_read_oneliner_from_txt_file_stream&gt;&apos; then &apos;$&lt;read_dict_from_properties&gt; =&gt; &lt;dict_to_object&gt;$&apos; then &apos;$&lt;read_str_from_txt&gt; =&gt; &lt;constructor_with_str_arg&gt;$&apos; then &apos;$&lt;read_str_from_txt&gt; =&gt; &lt;base64_ascii_str_pickle_to_object&gt;$&apos; then &apos;$&lt;read_df_or_series_from_csv&gt; =&gt; &lt;single_row_or_col_df_to_dict&gt; -&gt; &lt;dict_to_object&gt;$&apos; then &apos;$&lt;test_custom_read_config_from_config_file_stream&gt; =&gt; &lt;merge_all_config_sections_into_a_single_dict&gt; -&gt; &lt;dict_to_object&gt;$&apos; then &apos;$&lt;test_custom_read_config_from_config_file_stream&gt; =&gt; &lt;config_to_dict_of_dict&gt; -&gt; &lt;dict_of_dict_to_object&gt;$&apos; then &apos;$&lt;test_custom_read_config_from_config_file_stream&gt; =&gt; &lt;config_to_dict_of_dict&gt; -&gt; &lt;dict_to_object&gt;$]&apos;]
(B)                                                                                           |--input_simple.txt -&gt; OneLiner ------- using &lt;test_custom_read_oneliner_from_txt_file_stream&gt;
Parsing Plan created successfully

Executing Parsing Plan for [/home/travis/build/smarie/python-parsyfiles/parsyfiles/tests/old/./custom_with_folders]
(P) /home/travis/build/smarie/python-parsyfiles/parsyfiles/tests/old/./custom_with_folders -&gt; List[MainFooBarItem] ------- using Multifile Collection parser (parsyfiles defaults)
(P)                                                                                     |--item1 -&gt; MainFooBarItem ------- using Multifile Object parser (parsyfiles defaults)
(P)                                                                                           |--expected_out.txt -&gt; Config ------- using &lt;test_custom_read_config_from_config_file_stream&gt;
(P)                                                                                           |--expected_out.txt -&gt; Config SUCCESS !
(P)                                                                                           |--expected_perf.cfg -&gt; Config ------- using &lt;test_custom_read_config_from_config_file_stream&gt;
(P)                                                                                           |--expected_perf.cfg -&gt; Config SUCCESS !
(P)                                                                                           |--input_simple.txt -&gt; OneLiner ------- using &lt;test_custom_read_oneliner_from_txt_file_stream&gt;
(P)                                                                                           |--input_simple.txt -&gt; OneLiner SUCCESS !
(P)                                                                                     |--item1 -&gt; MainFooBarItem SUCCESS !
(P)                                                                                     |--item2 -&gt; MainFooBarItem ------- using Multifile Object parser (parsyfiles defaults)
(P)                                                                                           |--expected_out.cfg -&gt; Config ------- using &lt;test_custom_read_config_from_config_file_stream&gt;
(P)                                                                                           |--expected_out.cfg -&gt; Config SUCCESS !
(P)                                                                                           |--expected_perf.cfg -&gt; Config ------- using &lt;test_custom_read_config_from_config_file_stream&gt;
(P)                                                                                           |--expected_perf.cfg -&gt; Config SUCCESS !
(P)                                                                                           |--input_simple.txt -&gt; OneLiner ------- using &lt;test_custom_read_oneliner_from_txt_file_stream&gt;
(P)                                                                                           |--input_simple.txt -&gt; OneLiner SUCCESS !
(P)                                                                                     |--item2 -&gt; MainFooBarItem SUCCESS !
(P)                                                                                     |--item3 -&gt; MainFooBarItem ------- using Multifile Object parser (parsyfiles defaults)
(P)                                                                                           |--expected_out.cfg -&gt; Config ------- using &lt;test_custom_read_config_from_config_file_stream&gt;
(P)                                                                                           |--expected_out.cfg -&gt; Config SUCCESS !
(P)                                                                                           |--input_simple.txt -&gt; OneLiner ------- using &lt;test_custom_read_oneliner_from_txt_file_stream&gt;
(P)                                                                                           |--input_simple.txt -&gt; OneLiner SUCCESS !
(P)                                                                                     |--item3 -&gt; MainFooBarItem SUCCESS !
(P)                                                                 |--custom_with_folders -&gt; List[MainFooBarItem] SUCCESS !
Completed parsing successfully

[{&apos;expected_out&apos;: &lt;test_parsyfiles_old.MultifileAndCustomFunctionsTest._create_root_parser.&lt;locals&gt;.Config object at 0x7f33d4a09710&gt;, &apos;expected_perf&apos;: &lt;test_parsyfiles_old.MultifileAndCustomFunctionsTest._create_root_parser.&lt;locals&gt;.Config object at 0x7f33d4a09208&gt;, &apos;input_simple&apos;: this content is really interesting}, {&apos;expected_out&apos;: &lt;test_parsyfiles_old.MultifileAndCustomFunctionsTest._create_root_parser.&lt;locals&gt;.Config object at 0x7f33d4985630&gt;, &apos;expected_perf&apos;: &lt;test_parsyfiles_old.MultifileAndCustomFunctionsTest._create_root_parser.&lt;locals&gt;.Config object at 0x7f33d4a47208&gt;, &apos;input_simple&apos;: this content is really interesting}, {&apos;expected_out&apos;: &lt;test_parsyfiles_old.MultifileAndCustomFunctionsTest._create_root_parser.&lt;locals&gt;.Config object at 0x7f33d4a477b8&gt;, &apos;expected_perf&apos;: None, &apos;input_simple&apos;: this content is really interesting}]
</system-out></testcase><testcase classname="parsyfiles.tests.old.test_parsyfiles_old.MultifileAndCustomFunctionsTest" file="parsyfiles/tests/old/test_parsyfiles_old.py" line="53" name="test_single_multifile_object_flatmode" time="0.32576704025268555"><system-out>[setup]
Elapsed: 0.02335214614868164
**** Starting to parse single object of type &lt;List[MainFooBarItem]&gt; at location /home/travis/build/smarie/python-parsyfiles/parsyfiles/tests/old/./custom_without_folders/item1 ****
Checking all files under [/home/travis/build/smarie/python-parsyfiles/parsyfiles/tests/old/./custom_without_folders/item1]
(C) /home/travis/build/smarie/python-parsyfiles/parsyfiles/tests/old/./custom_without_folders/item1 (multifile)
(C)                                                                                        |--item1.expected_out (singlefile, .txt)
(C)                                                                                        |--item1.expected_perf (singlefile, .cfg)
(C)                                                                                        |--item1.input_simple (singlefile, .txt)
File checks done

Building a parsing plan to parse [/home/travis/build/smarie/python-parsyfiles/parsyfiles/tests/old/./custom_without_folders/item1] into a List[MainFooBarItem]
(B) /home/travis/build/smarie/python-parsyfiles/parsyfiles/tests/old/./custom_without_folders/item1 -&gt; List[MainFooBarItem] ------- using Multifile Collection parser (parsyfiles defaults)
(B)                                                                                        |--item1.expected_out.txt -&gt; MainFooBarItem ------- using [Try &apos;$&lt;read_dict_from_properties&gt; =&gt; &lt;dict_to_object&gt;$&apos; then &apos;$&lt;read_str_from_txt&gt; =&gt; &lt;constructor_with_str_arg&gt;$&apos; then &apos;$&lt;read_str_from_txt&gt; =&gt; &lt;base64_ascii_str_pickle_to_object&gt;$&apos; then &apos;$&lt;read_df_or_series_from_csv&gt; =&gt; &lt;single_row_or_col_df_to_dict&gt; -&gt; &lt;dict_to_object&gt;$&apos; then &apos;$&lt;test_custom_read_config_from_config_file_stream&gt; =&gt; &lt;merge_all_config_sections_into_a_single_dict&gt; -&gt; &lt;dict_to_object&gt;$&apos; then &apos;$&lt;test_custom_read_config_from_config_file_stream&gt; =&gt; &lt;config_to_dict_of_dict&gt; -&gt; &lt;dict_of_dict_to_object&gt;$&apos; then &apos;$&lt;test_custom_read_config_from_config_file_stream&gt; =&gt; &lt;config_to_dict_of_dict&gt; -&gt; &lt;dict_to_object&gt;$]&apos;]
(B)                                                                                        |--item1.expected_out.txt -&gt; MainFooBarItem ------- using $&lt;read_dict_from_properties&gt; =&gt; &lt;dict_to_object&gt;$
(B)                                                                                        |--item1.expected_perf.cfg -&gt; MainFooBarItem ------- using [Try &apos;$&lt;read_config&gt; =&gt; &lt;merge_all_config_sections_into_a_single_dict&gt; -&gt; &lt;dict_to_object&gt;$&apos; then &apos;$&lt;read_config&gt; =&gt; &lt;config_to_dict_of_dict&gt; -&gt; &lt;dict_of_dict_to_object&gt;$&apos; then &apos;$&lt;read_config&gt; =&gt; &lt;config_to_dict_of_dict&gt; -&gt; &lt;dict_to_object&gt;$&apos; then &apos;$&lt;test_custom_read_config_from_config_file_stream&gt; =&gt; &lt;merge_all_config_sections_into_a_single_dict&gt; -&gt; &lt;dict_to_object&gt;$&apos; then &apos;$&lt;test_custom_read_config_from_config_file_stream&gt; =&gt; &lt;config_to_dict_of_dict&gt; -&gt; &lt;dict_of_dict_to_object&gt;$&apos; then &apos;$&lt;test_custom_read_config_from_config_file_stream&gt; =&gt; &lt;config_to_dict_of_dict&gt; -&gt; &lt;dict_to_object&gt;$]&apos;]
(B)                                                                                        |--item1.expected_perf.cfg -&gt; MainFooBarItem ------- using $&lt;read_config&gt; =&gt; &lt;merge_all_config_sections_into_a_single_dict&gt; -&gt; &lt;dict_to_object&gt;$
(B)                                                                                        |--item1.input_simple.txt -&gt; MainFooBarItem ------- using [Try &apos;$&lt;read_dict_from_properties&gt; =&gt; &lt;dict_to_object&gt;$&apos; then &apos;$&lt;read_str_from_txt&gt; =&gt; &lt;constructor_with_str_arg&gt;$&apos; then &apos;$&lt;read_str_from_txt&gt; =&gt; &lt;base64_ascii_str_pickle_to_object&gt;$&apos; then &apos;$&lt;read_df_or_series_from_csv&gt; =&gt; &lt;single_row_or_col_df_to_dict&gt; -&gt; &lt;dict_to_object&gt;$&apos; then &apos;$&lt;test_custom_read_config_from_config_file_stream&gt; =&gt; &lt;merge_all_config_sections_into_a_single_dict&gt; -&gt; &lt;dict_to_object&gt;$&apos; then &apos;$&lt;test_custom_read_config_from_config_file_stream&gt; =&gt; &lt;config_to_dict_of_dict&gt; -&gt; &lt;dict_of_dict_to_object&gt;$&apos; then &apos;$&lt;test_custom_read_config_from_config_file_stream&gt; =&gt; &lt;config_to_dict_of_dict&gt; -&gt; &lt;dict_to_object&gt;$]&apos;]
(B)                                                                                        |--item1.input_simple.txt -&gt; MainFooBarItem ------- using $&lt;read_dict_from_properties&gt; =&gt; &lt;dict_to_object&gt;$
Parsing Plan created successfully

Executing Parsing Plan for [/home/travis/build/smarie/python-parsyfiles/parsyfiles/tests/old/./custom_without_folders/item1]
(P) /home/travis/build/smarie/python-parsyfiles/parsyfiles/tests/old/./custom_without_folders/item1 -&gt; List[MainFooBarItem] ------- using Multifile Collection parser (parsyfiles defaults)
(P)                                                                                        |--item1.expected_out.txt -&gt; MainFooBarItem ------- using $&lt;read_dict_from_properties&gt; =&gt; &lt;dict_to_object&gt;$
                                                                                            ! CAUGHT: InvalidAttributeNameForConstructorError - Cannot parse object of type &lt;MainFooBarItem&gt; using the provided configuration file: configuration contains a property name (&apos;[main]&apos;)that is not an attribute of the object constructor. &lt;MainFooBarItem&gt; constructor attributes are : [&apos;expected_out&apos;, &apos;expected_perf&apos;, &apos;input_simple&apos;]
(B)                                                                                        |--item1.expected_out.txt -&gt; MainFooBarItem ------- using $&lt;read_str_from_txt&gt; =&gt; &lt;constructor_with_str_arg&gt;$
(P)                                                                                        |--item1.expected_out.txt -&gt; MainFooBarItem ------- using $&lt;read_str_from_txt&gt; =&gt; &lt;constructor_with_str_arg&gt;$
  !! Caught error during execution !!
  File &quot;/home/travis/build/smarie/python-parsyfiles/parsyfiles/converting_core.py&quot;, line 532, in _convert
    raise CaughtTypeError.create(self.conversion_method, e)
  File &quot;/home/travis/build/smarie/python-parsyfiles/parsyfiles/converting_core.py&quot;, line 524, in _convert
    return self.conversion_method(desired_type, source_obj, logger, **opts)
  File &quot;/home/travis/build/smarie/python-parsyfiles/parsyfiles/plugins_base/support_for_primitive_types.py&quot;, line 111, in constructor_with_str_arg
    return desired_type(source)
  CaughtTypeError : Caught TypeError while calling conversion function &apos;constructor_with_str_arg&apos;. Note that the conversion function signature should be &apos;def my_convert_fun(desired_type: Type[T], source: S, logger: Logger, **kwargs) -&gt; T&apos; (unpacked options mode - default) or def my_convert_fun(desired_type: Type[T], source: S, logger: Logger, options: Dict[str, Dict[str, Any]]) -&gt; T (unpack_options = False).Caught error message is : TypeError : __init__() missing 1 required positional argument: &apos;expected_out&apos;
(B)                                                                                        |--item1.expected_out.txt -&gt; MainFooBarItem ------- using $&lt;read_str_from_txt&gt; =&gt; &lt;base64_ascii_str_pickle_to_object&gt;$
(P)                                                                                        |--item1.expected_out.txt -&gt; MainFooBarItem ------- using $&lt;read_str_from_txt&gt; =&gt; &lt;base64_ascii_str_pickle_to_object&gt;$
  !! Caught error during execution !!
  File &quot;/home/travis/build/smarie/python-parsyfiles/parsyfiles/converting_core.py&quot;, line 319, in convert
    return self._convert(desired_type, source_obj, logger, options)
  File &quot;/home/travis/build/smarie/python-parsyfiles/parsyfiles/converting_core.py&quot;, line 524, in _convert
    return self.conversion_method(desired_type, source_obj, logger, **opts)
  File &quot;/home/travis/build/smarie/python-parsyfiles/parsyfiles/plugins_base/support_for_objects.py&quot;, line 56, in base64_ascii_str_pickle_to_object
    return pickle.loads(base64.b64decode(b64_ascii_str), fix_imports=True, encoding=&quot;ASCII&quot;, errors=&quot;strict&quot;)
  UnpicklingError : 
(B)                                                                                        |--item1.expected_out.txt -&gt; MainFooBarItem ------- using $&lt;read_df_or_series_from_csv&gt; =&gt; &lt;single_row_or_col_df_to_dict&gt; -&gt; &lt;dict_to_object&gt;$
(P)                                                                                        |--item1.expected_out.txt -&gt; MainFooBarItem ------- using $&lt;read_df_or_series_from_csv&gt; =&gt; &lt;single_row_or_col_df_to_dict&gt; -&gt; &lt;dict_to_object&gt;$
  !! Caught error during execution !!
  File &quot;/home/travis/build/smarie/python-parsyfiles/parsyfiles/plugins_base/support_for_objects.py&quot;, line 482, in _dict_to_object
    raise CaughtTypeErrorDuringInstantiation.create(desired_type, contents_dict, e)
  File &quot;/home/travis/build/smarie/python-parsyfiles/parsyfiles/plugins_base/support_for_objects.py&quot;, line 472, in _dict_to_object
    attr_name)
  File &quot;/home/travis/build/smarie/python-parsyfiles/parsyfiles/plugins_base/support_for_objects.py&quot;, line 122, in create
    + &apos;are : &apos; + str(constructor_atts))
  CaughtTypeErrorDuringInstantiation : Error while trying to instantiate object of type &lt;class &apos;test_parsyfiles_old.MultifileAndCustomFunctionsTest._create_root_parser.&lt;locals&gt;.MainFooBarItem&apos;&gt; using dictionary input_dict:Caught error message is : TypeError : Can&apos;t convert &apos;int&apos; object to str implicitly
Dict provided was {0: &apos;dummy_int = 0&apos;, 1: &apos;dummy_float = 1.1&apos;}
(B)                                                                                        |--item1.expected_out.txt -&gt; MainFooBarItem ------- using $&lt;test_custom_read_config_from_config_file_stream&gt; =&gt; &lt;merge_all_config_sections_into_a_single_dict&gt; -&gt; &lt;dict_to_object&gt;$
(P)                                                                                        |--item1.expected_out.txt -&gt; MainFooBarItem ------- using $&lt;test_custom_read_config_from_config_file_stream&gt; =&gt; &lt;merge_all_config_sections_into_a_single_dict&gt; -&gt; &lt;dict_to_object&gt;$
  !! Caught error during execution !!
  File &quot;/home/travis/build/smarie/python-parsyfiles/parsyfiles/plugins_base/support_for_objects.py&quot;, line 363, in dict_to_object
    conversion_finder=conversion_finder, is_dict_of_dicts=is_dict_of_dicts)
  File &quot;/home/travis/build/smarie/python-parsyfiles/parsyfiles/plugins_base/support_for_objects.py&quot;, line 479, in _dict_to_object
    raise ObjectInstantiationException.create(desired_type, dict_for_init, e)
  File &quot;/home/travis/build/smarie/python-parsyfiles/parsyfiles/plugins_base/support_for_objects.py&quot;, line 476, in _dict_to_object
    return desired_type(**dict_for_init)
  ObjectInstantiationException : Error while building object of type &lt;MainFooBarItem&gt; using its constructor and parsed contents : {} : 
&lt;class &apos;TypeError&apos;&gt; __init__() missing 2 required positional arguments: &apos;input_simple&apos; and &apos;expected_out&apos;
(B)                                                                                        |--item1.expected_out.txt -&gt; MainFooBarItem ------- using $&lt;test_custom_read_config_from_config_file_stream&gt; =&gt; &lt;config_to_dict_of_dict&gt; -&gt; &lt;dict_of_dict_to_object&gt;$
(P)                                                                                        |--item1.expected_out.txt -&gt; MainFooBarItem ------- using $&lt;test_custom_read_config_from_config_file_stream&gt; =&gt; &lt;config_to_dict_of_dict&gt; -&gt; &lt;dict_of_dict_to_object&gt;$
  !! Caught error during execution !!
  File &quot;/home/travis/build/smarie/python-parsyfiles/parsyfiles/parsing_registries.py&quot;, line 1094, in try_convert_value
    options=options)
  File &quot;/home/travis/build/smarie/python-parsyfiles/parsyfiles/parsing_registries.py&quot;, line 1140, in _try_convert_value
    logger, options)
  File &quot;/home/travis/build/smarie/python-parsyfiles/parsyfiles/parsing_registries.py&quot;, line 988, in find_and_convert
    raise NoConverterFoundForObjectType.create(self, attr_value, desired_attr_type)
  NoConverterFoundForObjectType : No conversion chain found between parsed attribute &apos;&lt;Section: DEFAULT&gt;&apos; of type &apos;SectionProxy&apos; and expected type &apos;Dict&apos; using conversion finder parsyfiles defaults.
(B)                                                                                        |--item1.expected_out.txt -&gt; MainFooBarItem ------- using $&lt;test_custom_read_config_from_config_file_stream&gt; =&gt; &lt;config_to_dict_of_dict&gt; -&gt; &lt;dict_to_object&gt;$
(P)                                                                                        |--item1.expected_out.txt -&gt; MainFooBarItem ------- using $&lt;test_custom_read_config_from_config_file_stream&gt; =&gt; &lt;config_to_dict_of_dict&gt; -&gt; &lt;dict_to_object&gt;$
  !! Caught error during execution !!
  File &quot;/home/travis/build/smarie/python-parsyfiles/parsyfiles/parsing_registries.py&quot;, line 1094, in try_convert_value
    options=options)
  File &quot;/home/travis/build/smarie/python-parsyfiles/parsyfiles/parsing_registries.py&quot;, line 1140, in _try_convert_value
    logger, options)
  File &quot;/home/travis/build/smarie/python-parsyfiles/parsyfiles/parsing_registries.py&quot;, line 988, in find_and_convert
    raise NoConverterFoundForObjectType.create(self, attr_value, desired_attr_type)
  NoConverterFoundForObjectType : No conversion chain found between parsed attribute &apos;&lt;Section: DEFAULT&gt;&apos; of type &apos;SectionProxy&apos; and expected type &apos;Dict&apos; using conversion finder parsyfiles defaults.
**** Starting to parse single object of type &lt;MainFooBarItem&gt; at location /home/travis/build/smarie/python-parsyfiles/parsyfiles/tests/old/./custom_without_folders/item1 ****
Checking all files under [/home/travis/build/smarie/python-parsyfiles/parsyfiles/tests/old/./custom_without_folders/item1]
(C) /home/travis/build/smarie/python-parsyfiles/parsyfiles/tests/old/./custom_without_folders/item1 (multifile)
(C)                                                                                        |--item1.expected_out (singlefile, .txt)
(C)                                                                                        |--item1.expected_perf (singlefile, .cfg)
(C)                                                                                        |--item1.input_simple (singlefile, .txt)
File checks done

Building a parsing plan to parse [/home/travis/build/smarie/python-parsyfiles/parsyfiles/tests/old/./custom_without_folders/item1] into a MainFooBarItem
(B) /home/travis/build/smarie/python-parsyfiles/parsyfiles/tests/old/./custom_without_folders/item1 -&gt; MainFooBarItem ------- using Multifile Object parser (parsyfiles defaults)
(B)                                                                                        |--item1.expected_out.txt -&gt; Config ------- using [Try &apos;&lt;test_custom_read_config_from_config_file_stream&gt;&apos; then &apos;$&lt;read_dict_from_properties&gt; =&gt; &lt;dict_to_object&gt;$&apos; then &apos;$&lt;read_str_from_txt&gt; =&gt; &lt;constructor_with_str_arg&gt;$&apos; then &apos;$&lt;read_str_from_txt&gt; =&gt; &lt;base64_ascii_str_pickle_to_object&gt;$&apos; then &apos;$&lt;read_df_or_series_from_csv&gt; =&gt; &lt;single_row_or_col_df_to_dict&gt; -&gt; &lt;dict_to_object&gt;$]&apos;]
(B)                                                                                        |--item1.expected_out.txt -&gt; Config ------- using &lt;test_custom_read_config_from_config_file_stream&gt;
(B)                                                                                        |--item1.expected_perf.cfg -&gt; Config ------- using [Try &apos;&lt;test_custom_read_config_from_config_file_stream&gt;&apos; then &apos;$&lt;read_config&gt; =&gt; &lt;merge_all_config_sections_into_a_single_dict&gt; -&gt; &lt;dict_to_object&gt;$&apos; then &apos;$&lt;read_config&gt; =&gt; &lt;config_to_dict_of_dict&gt; -&gt; &lt;dict_of_dict_to_object&gt;$&apos; then &apos;$&lt;read_config&gt; =&gt; &lt;config_to_dict_of_dict&gt; -&gt; &lt;dict_to_object&gt;$]&apos;]
(B)                                                                                        |--item1.expected_perf.cfg -&gt; Config ------- using &lt;test_custom_read_config_from_config_file_stream&gt;
(B)                                                                                        |--item1.input_simple.txt -&gt; OneLiner ------- using [Try &apos;&lt;test_custom_read_oneliner_from_txt_file_stream&gt;&apos; then &apos;$&lt;read_dict_from_properties&gt; =&gt; &lt;dict_to_object&gt;$&apos; then &apos;$&lt;read_str_from_txt&gt; =&gt; &lt;constructor_with_str_arg&gt;$&apos; then &apos;$&lt;read_str_from_txt&gt; =&gt; &lt;base64_ascii_str_pickle_to_object&gt;$&apos; then &apos;$&lt;read_df_or_series_from_csv&gt; =&gt; &lt;single_row_or_col_df_to_dict&gt; -&gt; &lt;dict_to_object&gt;$&apos; then &apos;$&lt;test_custom_read_config_from_config_file_stream&gt; =&gt; &lt;merge_all_config_sections_into_a_single_dict&gt; -&gt; &lt;dict_to_object&gt;$&apos; then &apos;$&lt;test_custom_read_config_from_config_file_stream&gt; =&gt; &lt;config_to_dict_of_dict&gt; -&gt; &lt;dict_of_dict_to_object&gt;$&apos; then &apos;$&lt;test_custom_read_config_from_config_file_stream&gt; =&gt; &lt;config_to_dict_of_dict&gt; -&gt; &lt;dict_to_object&gt;$]&apos;]
(B)                                                                                        |--item1.input_simple.txt -&gt; OneLiner ------- using &lt;test_custom_read_oneliner_from_txt_file_stream&gt;
Parsing Plan created successfully

Executing Parsing Plan for [/home/travis/build/smarie/python-parsyfiles/parsyfiles/tests/old/./custom_without_folders/item1]
(P) /home/travis/build/smarie/python-parsyfiles/parsyfiles/tests/old/./custom_without_folders/item1 -&gt; MainFooBarItem ------- using Multifile Object parser (parsyfiles defaults)
(P)                                                                                        |--item1.expected_out.txt -&gt; Config ------- using &lt;test_custom_read_config_from_config_file_stream&gt;
(P)                                                                                        |--item1.expected_out.txt -&gt; Config SUCCESS !
(P)                                                                                        |--item1.expected_perf.cfg -&gt; Config ------- using &lt;test_custom_read_config_from_config_file_stream&gt;
(P)                                                                                        |--item1.expected_perf.cfg -&gt; Config SUCCESS !
(P)                                                                                        |--item1.input_simple.txt -&gt; OneLiner ------- using &lt;test_custom_read_oneliner_from_txt_file_stream&gt;
(P)                                                                                        |--item1.input_simple.txt -&gt; OneLiner SUCCESS !
(P)                                                                                        |--item1 -&gt; MainFooBarItem SUCCESS !
Completed parsing successfully

{&apos;expected_out&apos;: &lt;test_parsyfiles_old.MultifileAndCustomFunctionsTest._create_root_parser.&lt;locals&gt;.Config object at 0x7f33d4aa85c0&gt;, &apos;expected_perf&apos;: &lt;test_parsyfiles_old.MultifileAndCustomFunctionsTest._create_root_parser.&lt;locals&gt;.Config object at 0x7f33d4aa8f98&gt;, &apos;input_simple&apos;: this content is really interesting}
</system-out></testcase><testcase classname="parsyfiles.tests.old.test_parsyfiles_old.MultifileAndCustomFunctionsTest" file="parsyfiles/tests/old/test_parsyfiles_old.py" line="48" name="test_single_multifile_object_folders" time="0.04763031005859375"><system-out>[setup]
Elapsed: 0.019366741180419922
**** Starting to parse single object of type &lt;MainFooBarItem&gt; at location /home/travis/build/smarie/python-parsyfiles/parsyfiles/tests/old/./custom_with_folders/item1 ****
Checking all files under [/home/travis/build/smarie/python-parsyfiles/parsyfiles/tests/old/./custom_with_folders/item1]
(C) /home/travis/build/smarie/python-parsyfiles/parsyfiles/tests/old/./custom_with_folders/item1 (multifile)
(C)                                                                                           |--expected_out (singlefile, .txt)
(C)                                                                                           |--expected_perf (singlefile, .cfg)
(C)                                                                                           |--input_simple (singlefile, .txt)
File checks done

Building a parsing plan to parse [/home/travis/build/smarie/python-parsyfiles/parsyfiles/tests/old/./custom_with_folders/item1] into a MainFooBarItem
(B) /home/travis/build/smarie/python-parsyfiles/parsyfiles/tests/old/./custom_with_folders/item1 -&gt; MainFooBarItem ------- using Multifile Object parser (parsyfiles defaults)
(B)                                                                                           |--expected_out.txt -&gt; Config ------- using [Try &apos;&lt;test_custom_read_config_from_config_file_stream&gt;&apos; then &apos;$&lt;read_dict_from_properties&gt; =&gt; &lt;dict_to_object&gt;$&apos; then &apos;$&lt;read_str_from_txt&gt; =&gt; &lt;constructor_with_str_arg&gt;$&apos; then &apos;$&lt;read_str_from_txt&gt; =&gt; &lt;base64_ascii_str_pickle_to_object&gt;$&apos; then &apos;$&lt;read_df_or_series_from_csv&gt; =&gt; &lt;single_row_or_col_df_to_dict&gt; -&gt; &lt;dict_to_object&gt;$]&apos;]
(B)                                                                                           |--expected_out.txt -&gt; Config ------- using &lt;test_custom_read_config_from_config_file_stream&gt;
(B)                                                                                           |--expected_perf.cfg -&gt; Config ------- using [Try &apos;&lt;test_custom_read_config_from_config_file_stream&gt;&apos; then &apos;$&lt;read_config&gt; =&gt; &lt;merge_all_config_sections_into_a_single_dict&gt; -&gt; &lt;dict_to_object&gt;$&apos; then &apos;$&lt;read_config&gt; =&gt; &lt;config_to_dict_of_dict&gt; -&gt; &lt;dict_of_dict_to_object&gt;$&apos; then &apos;$&lt;read_config&gt; =&gt; &lt;config_to_dict_of_dict&gt; -&gt; &lt;dict_to_object&gt;$]&apos;]
(B)                                                                                           |--expected_perf.cfg -&gt; Config ------- using &lt;test_custom_read_config_from_config_file_stream&gt;
(B)                                                                                           |--input_simple.txt -&gt; OneLiner ------- using [Try &apos;&lt;test_custom_read_oneliner_from_txt_file_stream&gt;&apos; then &apos;$&lt;read_dict_from_properties&gt; =&gt; &lt;dict_to_object&gt;$&apos; then &apos;$&lt;read_str_from_txt&gt; =&gt; &lt;constructor_with_str_arg&gt;$&apos; then &apos;$&lt;read_str_from_txt&gt; =&gt; &lt;base64_ascii_str_pickle_to_object&gt;$&apos; then &apos;$&lt;read_df_or_series_from_csv&gt; =&gt; &lt;single_row_or_col_df_to_dict&gt; -&gt; &lt;dict_to_object&gt;$&apos; then &apos;$&lt;test_custom_read_config_from_config_file_stream&gt; =&gt; &lt;merge_all_config_sections_into_a_single_dict&gt; -&gt; &lt;dict_to_object&gt;$&apos; then &apos;$&lt;test_custom_read_config_from_config_file_stream&gt; =&gt; &lt;config_to_dict_of_dict&gt; -&gt; &lt;dict_of_dict_to_object&gt;$&apos; then &apos;$&lt;test_custom_read_config_from_config_file_stream&gt; =&gt; &lt;config_to_dict_of_dict&gt; -&gt; &lt;dict_to_object&gt;$]&apos;]
(B)                                                                                           |--input_simple.txt -&gt; OneLiner ------- using &lt;test_custom_read_oneliner_from_txt_file_stream&gt;
Parsing Plan created successfully

Executing Parsing Plan for [/home/travis/build/smarie/python-parsyfiles/parsyfiles/tests/old/./custom_with_folders/item1]
(P) /home/travis/build/smarie/python-parsyfiles/parsyfiles/tests/old/./custom_with_folders/item1 -&gt; MainFooBarItem ------- using Multifile Object parser (parsyfiles defaults)
(P)                                                                                           |--expected_out.txt -&gt; Config ------- using &lt;test_custom_read_config_from_config_file_stream&gt;
(P)                                                                                           |--expected_out.txt -&gt; Config SUCCESS !
(P)                                                                                           |--expected_perf.cfg -&gt; Config ------- using &lt;test_custom_read_config_from_config_file_stream&gt;
(P)                                                                                           |--expected_perf.cfg -&gt; Config SUCCESS !
(P)                                                                                           |--input_simple.txt -&gt; OneLiner ------- using &lt;test_custom_read_oneliner_from_txt_file_stream&gt;
(P)                                                                                           |--input_simple.txt -&gt; OneLiner SUCCESS !
(P)                                                                                     |--item1 -&gt; MainFooBarItem SUCCESS !
Completed parsing successfully

{&apos;expected_out&apos;: &lt;test_parsyfiles_old.MultifileAndCustomFunctionsTest._create_root_parser.&lt;locals&gt;.Config object at 0x7f33d496aa58&gt;, &apos;expected_perf&apos;: &lt;test_parsyfiles_old.MultifileAndCustomFunctionsTest._create_root_parser.&lt;locals&gt;.Config object at 0x7f33d4969860&gt;, &apos;input_simple&apos;: this content is really interesting}
</system-out></testcase><testcase classname="parsyfiles.tests.old.test_parsyfiles_old.MultifileAndCustomFunctionsTest" file="parsyfiles/tests/old/test_parsyfiles_old.py" line="83" name="test_with_folders_dict" time="0.4789574146270752"><system-out>[setup]
Elapsed: 0.02228689193725586
**** Starting to parse collection of &lt;MainFooBarItem&gt; at location /home/travis/build/smarie/python-parsyfiles/parsyfiles/tests/old/./custom_with_folders ****
Checking all files under [/home/travis/build/smarie/python-parsyfiles/parsyfiles/tests/old/./custom_with_folders]
(C) /home/travis/build/smarie/python-parsyfiles/parsyfiles/tests/old/./custom_with_folders (multifile)
(C)                                                                                     |--item1 (multifile)
(C)                                                                                           |--expected_out (singlefile, .txt)
(C)                                                                                           |--expected_perf (singlefile, .cfg)
(C)                                                                                           |--input_simple (singlefile, .txt)
(C)                                                                                     |--item2 (multifile)
(C)                                                                                           |--expected_out (singlefile, .cfg)
(C)                                                                                           |--expected_perf (singlefile, .cfg)
(C)                                                                                           |--input_simple (singlefile, .txt)
(C)                                                                                     |--item3 (multifile)
(C)                                                                                           |--expected_out (singlefile, .cfg)
(C)                                                                                           |--input_simple (singlefile, .txt)
File checks done

Building a parsing plan to parse [/home/travis/build/smarie/python-parsyfiles/parsyfiles/tests/old/./custom_with_folders] into a Dict[str, MainFooBarItem]
(B) /home/travis/build/smarie/python-parsyfiles/parsyfiles/tests/old/./custom_with_folders -&gt; Dict[str, MainFooBarItem] ------- using Multifile Collection parser (parsyfiles defaults)
(B)                                                                                     |--item1 -&gt; MainFooBarItem ------- using Multifile Object parser (parsyfiles defaults)
(B)                                                                                           |--expected_out.txt -&gt; Config ------- using [Try &apos;&lt;test_custom_read_config_from_config_file_stream&gt;&apos; then &apos;$&lt;read_dict_from_properties&gt; =&gt; &lt;dict_to_object&gt;$&apos; then &apos;$&lt;read_str_from_txt&gt; =&gt; &lt;constructor_with_str_arg&gt;$&apos; then &apos;$&lt;read_str_from_txt&gt; =&gt; &lt;base64_ascii_str_pickle_to_object&gt;$&apos; then &apos;$&lt;read_df_or_series_from_csv&gt; =&gt; &lt;single_row_or_col_df_to_dict&gt; -&gt; &lt;dict_to_object&gt;$]&apos;]
(B)                                                                                           |--expected_out.txt -&gt; Config ------- using &lt;test_custom_read_config_from_config_file_stream&gt;
(B)                                                                                           |--expected_perf.cfg -&gt; Config ------- using [Try &apos;&lt;test_custom_read_config_from_config_file_stream&gt;&apos; then &apos;$&lt;read_config&gt; =&gt; &lt;merge_all_config_sections_into_a_single_dict&gt; -&gt; &lt;dict_to_object&gt;$&apos; then &apos;$&lt;read_config&gt; =&gt; &lt;config_to_dict_of_dict&gt; -&gt; &lt;dict_of_dict_to_object&gt;$&apos; then &apos;$&lt;read_config&gt; =&gt; &lt;config_to_dict_of_dict&gt; -&gt; &lt;dict_to_object&gt;$]&apos;]
(B)                                                                                           |--expected_perf.cfg -&gt; Config ------- using &lt;test_custom_read_config_from_config_file_stream&gt;
(B)                                                                                           |--input_simple.txt -&gt; OneLiner ------- using [Try &apos;&lt;test_custom_read_oneliner_from_txt_file_stream&gt;&apos; then &apos;$&lt;read_dict_from_properties&gt; =&gt; &lt;dict_to_object&gt;$&apos; then &apos;$&lt;read_str_from_txt&gt; =&gt; &lt;constructor_with_str_arg&gt;$&apos; then &apos;$&lt;read_str_from_txt&gt; =&gt; &lt;base64_ascii_str_pickle_to_object&gt;$&apos; then &apos;$&lt;read_df_or_series_from_csv&gt; =&gt; &lt;single_row_or_col_df_to_dict&gt; -&gt; &lt;dict_to_object&gt;$&apos; then &apos;$&lt;test_custom_read_config_from_config_file_stream&gt; =&gt; &lt;merge_all_config_sections_into_a_single_dict&gt; -&gt; &lt;dict_to_object&gt;$&apos; then &apos;$&lt;test_custom_read_config_from_config_file_stream&gt; =&gt; &lt;config_to_dict_of_dict&gt; -&gt; &lt;dict_of_dict_to_object&gt;$&apos; then &apos;$&lt;test_custom_read_config_from_config_file_stream&gt; =&gt; &lt;config_to_dict_of_dict&gt; -&gt; &lt;dict_to_object&gt;$]&apos;]
(B)                                                                                           |--input_simple.txt -&gt; OneLiner ------- using &lt;test_custom_read_oneliner_from_txt_file_stream&gt;
(B)                                                                                     |--item2 -&gt; MainFooBarItem ------- using Multifile Object parser (parsyfiles defaults)
(B)                                                                                           |--expected_out.cfg -&gt; Config ------- using [Try &apos;&lt;test_custom_read_config_from_config_file_stream&gt;&apos; then &apos;$&lt;read_config&gt; =&gt; &lt;merge_all_config_sections_into_a_single_dict&gt; -&gt; &lt;dict_to_object&gt;$&apos; then &apos;$&lt;read_config&gt; =&gt; &lt;config_to_dict_of_dict&gt; -&gt; &lt;dict_of_dict_to_object&gt;$&apos; then &apos;$&lt;read_config&gt; =&gt; &lt;config_to_dict_of_dict&gt; -&gt; &lt;dict_to_object&gt;$]&apos;]
(B)                                                                                           |--expected_out.cfg -&gt; Config ------- using &lt;test_custom_read_config_from_config_file_stream&gt;
(B)                                                                                           |--expected_perf.cfg -&gt; Config ------- using [Try &apos;&lt;test_custom_read_config_from_config_file_stream&gt;&apos; then &apos;$&lt;read_config&gt; =&gt; &lt;merge_all_config_sections_into_a_single_dict&gt; -&gt; &lt;dict_to_object&gt;$&apos; then &apos;$&lt;read_config&gt; =&gt; &lt;config_to_dict_of_dict&gt; -&gt; &lt;dict_of_dict_to_object&gt;$&apos; then &apos;$&lt;read_config&gt; =&gt; &lt;config_to_dict_of_dict&gt; -&gt; &lt;dict_to_object&gt;$]&apos;]
(B)                                                                                           |--expected_perf.cfg -&gt; Config ------- using &lt;test_custom_read_config_from_config_file_stream&gt;
(B)                                                                                           |--input_simple.txt -&gt; OneLiner ------- using [Try &apos;&lt;test_custom_read_oneliner_from_txt_file_stream&gt;&apos; then &apos;$&lt;read_dict_from_properties&gt; =&gt; &lt;dict_to_object&gt;$&apos; then &apos;$&lt;read_str_from_txt&gt; =&gt; &lt;constructor_with_str_arg&gt;$&apos; then &apos;$&lt;read_str_from_txt&gt; =&gt; &lt;base64_ascii_str_pickle_to_object&gt;$&apos; then &apos;$&lt;read_df_or_series_from_csv&gt; =&gt; &lt;single_row_or_col_df_to_dict&gt; -&gt; &lt;dict_to_object&gt;$&apos; then &apos;$&lt;test_custom_read_config_from_config_file_stream&gt; =&gt; &lt;merge_all_config_sections_into_a_single_dict&gt; -&gt; &lt;dict_to_object&gt;$&apos; then &apos;$&lt;test_custom_read_config_from_config_file_stream&gt; =&gt; &lt;config_to_dict_of_dict&gt; -&gt; &lt;dict_of_dict_to_object&gt;$&apos; then &apos;$&lt;test_custom_read_config_from_config_file_stream&gt; =&gt; &lt;config_to_dict_of_dict&gt; -&gt; &lt;dict_to_object&gt;$]&apos;]
(B)                                                                                           |--input_simple.txt -&gt; OneLiner ------- using &lt;test_custom_read_oneliner_from_txt_file_stream&gt;
(B)                                                                                     |--item3 -&gt; MainFooBarItem ------- using Multifile Object parser (parsyfiles defaults)
(B)                                                                                           |--expected_out.cfg -&gt; Config ------- using [Try &apos;&lt;test_custom_read_config_from_config_file_stream&gt;&apos; then &apos;$&lt;read_config&gt; =&gt; &lt;merge_all_config_sections_into_a_single_dict&gt; -&gt; &lt;dict_to_object&gt;$&apos; then &apos;$&lt;read_config&gt; =&gt; &lt;config_to_dict_of_dict&gt; -&gt; &lt;dict_of_dict_to_object&gt;$&apos; then &apos;$&lt;read_config&gt; =&gt; &lt;config_to_dict_of_dict&gt; -&gt; &lt;dict_to_object&gt;$]&apos;]
(B)                                                                                           |--expected_out.cfg -&gt; Config ------- using &lt;test_custom_read_config_from_config_file_stream&gt;
(B)                                                                                          |--expected_perf: NOT FOUND - This optional constructor attribute for type MainFooBarItem was not found on file system, but this may be normal - this message is displayed &apos;just in case&apos;.
(B)                                                                                           |--input_simple.txt -&gt; OneLiner ------- using [Try &apos;&lt;test_custom_read_oneliner_from_txt_file_stream&gt;&apos; then &apos;$&lt;read_dict_from_properties&gt; =&gt; &lt;dict_to_object&gt;$&apos; then &apos;$&lt;read_str_from_txt&gt; =&gt; &lt;constructor_with_str_arg&gt;$&apos; then &apos;$&lt;read_str_from_txt&gt; =&gt; &lt;base64_ascii_str_pickle_to_object&gt;$&apos; then &apos;$&lt;read_df_or_series_from_csv&gt; =&gt; &lt;single_row_or_col_df_to_dict&gt; -&gt; &lt;dict_to_object&gt;$&apos; then &apos;$&lt;test_custom_read_config_from_config_file_stream&gt; =&gt; &lt;merge_all_config_sections_into_a_single_dict&gt; -&gt; &lt;dict_to_object&gt;$&apos; then &apos;$&lt;test_custom_read_config_from_config_file_stream&gt; =&gt; &lt;config_to_dict_of_dict&gt; -&gt; &lt;dict_of_dict_to_object&gt;$&apos; then &apos;$&lt;test_custom_read_config_from_config_file_stream&gt; =&gt; &lt;config_to_dict_of_dict&gt; -&gt; &lt;dict_to_object&gt;$]&apos;]
(B)                                                                                           |--input_simple.txt -&gt; OneLiner ------- using &lt;test_custom_read_oneliner_from_txt_file_stream&gt;
Parsing Plan created successfully

Executing Parsing Plan for [/home/travis/build/smarie/python-parsyfiles/parsyfiles/tests/old/./custom_with_folders]
(P) /home/travis/build/smarie/python-parsyfiles/parsyfiles/tests/old/./custom_with_folders -&gt; Dict[str, MainFooBarItem] ------- using Multifile Collection parser (parsyfiles defaults)
(P)                                                                                     |--item1 -&gt; MainFooBarItem ------- using Multifile Object parser (parsyfiles defaults)
(P)                                                                                           |--expected_out.txt -&gt; Config ------- using &lt;test_custom_read_config_from_config_file_stream&gt;
(P)                                                                                           |--expected_out.txt -&gt; Config SUCCESS !
(P)                                                                                           |--expected_perf.cfg -&gt; Config ------- using &lt;test_custom_read_config_from_config_file_stream&gt;
(P)                                                                                           |--expected_perf.cfg -&gt; Config SUCCESS !
(P)                                                                                           |--input_simple.txt -&gt; OneLiner ------- using &lt;test_custom_read_oneliner_from_txt_file_stream&gt;
(P)                                                                                           |--input_simple.txt -&gt; OneLiner SUCCESS !
(P)                                                                                     |--item1 -&gt; MainFooBarItem SUCCESS !
(P)                                                                                     |--item2 -&gt; MainFooBarItem ------- using Multifile Object parser (parsyfiles defaults)
(P)                                                                                           |--expected_out.cfg -&gt; Config ------- using &lt;test_custom_read_config_from_config_file_stream&gt;
(P)                                                                                           |--expected_out.cfg -&gt; Config SUCCESS !
(P)                                                                                           |--expected_perf.cfg -&gt; Config ------- using &lt;test_custom_read_config_from_config_file_stream&gt;
(P)                                                                                           |--expected_perf.cfg -&gt; Config SUCCESS !
(P)                                                                                           |--input_simple.txt -&gt; OneLiner ------- using &lt;test_custom_read_oneliner_from_txt_file_stream&gt;
(P)                                                                                           |--input_simple.txt -&gt; OneLiner SUCCESS !
(P)                                                                                     |--item2 -&gt; MainFooBarItem SUCCESS !
(P)                                                                                     |--item3 -&gt; MainFooBarItem ------- using Multifile Object parser (parsyfiles defaults)
(P)                                                                                           |--expected_out.cfg -&gt; Config ------- using &lt;test_custom_read_config_from_config_file_stream&gt;
(P)                                                                                           |--expected_out.cfg -&gt; Config SUCCESS !
(P)                                                                                           |--input_simple.txt -&gt; OneLiner ------- using &lt;test_custom_read_oneliner_from_txt_file_stream&gt;
(P)                                                                                           |--input_simple.txt -&gt; OneLiner SUCCESS !
(P)                                                                                     |--item3 -&gt; MainFooBarItem SUCCESS !
(P)                                                                 |--custom_with_folders -&gt; Dict[str, MainFooBarItem] SUCCESS !
Completed parsing successfully

OrderedDict([(&apos;item1&apos;,
              {&apos;expected_out&apos;: &lt;test_parsyfiles_old.MultifileAndCustomFunctionsTest._create_root_parser.&lt;locals&gt;.Config object at 0x7f33d3ea1ef0&gt;, &apos;expected_perf&apos;: &lt;test_parsyfiles_old.MultifileAndCustomFunctionsTest._create_root_parser.&lt;locals&gt;.Config object at 0x7f33d3e242b0&gt;, &apos;input_simple&apos;: this content is really interesting}),
             (&apos;item2&apos;,
              {&apos;expected_out&apos;: &lt;test_parsyfiles_old.MultifileAndCustomFunctionsTest._create_root_parser.&lt;locals&gt;.Config object at 0x7f33d3e247b8&gt;, &apos;expected_perf&apos;: &lt;test_parsyfiles_old.MultifileAndCustomFunctionsTest._create_root_parser.&lt;locals&gt;.Config object at 0x7f33d3e24b70&gt;, &apos;input_simple&apos;: this content is really interesting}),
             (&apos;item3&apos;,
              {&apos;expected_out&apos;: &lt;test_parsyfiles_old.MultifileAndCustomFunctionsTest._create_root_parser.&lt;locals&gt;.Config object at 0x7f33d3e29128&gt;, &apos;expected_perf&apos;: None, &apos;input_simple&apos;: this content is really interesting})])
</system-out></testcase><testcase classname="parsyfiles.tests.old.test_parsyfiles_old.MultifileAndCustomFunctionsTest" file="parsyfiles/tests/old/test_parsyfiles_old.py" line="77" name="test_with_folders_set" time="0.1172480583190918"><system-out>[setup]
Elapsed: 0.02446746826171875
**** Starting to parse single object of type &lt;Set[MainFooBarItem]&gt; at location /home/travis/build/smarie/python-parsyfiles/parsyfiles/tests/old/./custom_with_folders ****
Checking all files under [/home/travis/build/smarie/python-parsyfiles/parsyfiles/tests/old/./custom_with_folders]
(C) /home/travis/build/smarie/python-parsyfiles/parsyfiles/tests/old/./custom_with_folders (multifile)
(C)                                                                                     |--item1 (multifile)
(C)                                                                                           |--expected_out (singlefile, .txt)
(C)                                                                                           |--expected_perf (singlefile, .cfg)
(C)                                                                                           |--input_simple (singlefile, .txt)
(C)                                                                                     |--item2 (multifile)
(C)                                                                                           |--expected_out (singlefile, .cfg)
(C)                                                                                           |--expected_perf (singlefile, .cfg)
(C)                                                                                           |--input_simple (singlefile, .txt)
(C)                                                                                     |--item3 (multifile)
(C)                                                                                           |--expected_out (singlefile, .cfg)
(C)                                                                                           |--input_simple (singlefile, .txt)
File checks done

Building a parsing plan to parse [/home/travis/build/smarie/python-parsyfiles/parsyfiles/tests/old/./custom_with_folders] into a Set[MainFooBarItem]
(B) /home/travis/build/smarie/python-parsyfiles/parsyfiles/tests/old/./custom_with_folders -&gt; Set[MainFooBarItem] ------- using Multifile Collection parser (parsyfiles defaults)
(B)                                                                                     |--item1 -&gt; MainFooBarItem ------- using Multifile Object parser (parsyfiles defaults)
(B)                                                                                           |--expected_out.txt -&gt; Config ------- using [Try &apos;&lt;test_custom_read_config_from_config_file_stream&gt;&apos; then &apos;$&lt;read_dict_from_properties&gt; =&gt; &lt;dict_to_object&gt;$&apos; then &apos;$&lt;read_str_from_txt&gt; =&gt; &lt;constructor_with_str_arg&gt;$&apos; then &apos;$&lt;read_str_from_txt&gt; =&gt; &lt;base64_ascii_str_pickle_to_object&gt;$&apos; then &apos;$&lt;read_df_or_series_from_csv&gt; =&gt; &lt;single_row_or_col_df_to_dict&gt; -&gt; &lt;dict_to_object&gt;$]&apos;]
(B)                                                                                           |--expected_out.txt -&gt; Config ------- using &lt;test_custom_read_config_from_config_file_stream&gt;
(B)                                                                                           |--expected_perf.cfg -&gt; Config ------- using [Try &apos;&lt;test_custom_read_config_from_config_file_stream&gt;&apos; then &apos;$&lt;read_config&gt; =&gt; &lt;merge_all_config_sections_into_a_single_dict&gt; -&gt; &lt;dict_to_object&gt;$&apos; then &apos;$&lt;read_config&gt; =&gt; &lt;config_to_dict_of_dict&gt; -&gt; &lt;dict_of_dict_to_object&gt;$&apos; then &apos;$&lt;read_config&gt; =&gt; &lt;config_to_dict_of_dict&gt; -&gt; &lt;dict_to_object&gt;$]&apos;]
(B)                                                                                           |--expected_perf.cfg -&gt; Config ------- using &lt;test_custom_read_config_from_config_file_stream&gt;
(B)                                                                                           |--input_simple.txt -&gt; OneLiner ------- using [Try &apos;&lt;test_custom_read_oneliner_from_txt_file_stream&gt;&apos; then &apos;$&lt;read_dict_from_properties&gt; =&gt; &lt;dict_to_object&gt;$&apos; then &apos;$&lt;read_str_from_txt&gt; =&gt; &lt;constructor_with_str_arg&gt;$&apos; then &apos;$&lt;read_str_from_txt&gt; =&gt; &lt;base64_ascii_str_pickle_to_object&gt;$&apos; then &apos;$&lt;read_df_or_series_from_csv&gt; =&gt; &lt;single_row_or_col_df_to_dict&gt; -&gt; &lt;dict_to_object&gt;$&apos; then &apos;$&lt;test_custom_read_config_from_config_file_stream&gt; =&gt; &lt;merge_all_config_sections_into_a_single_dict&gt; -&gt; &lt;dict_to_object&gt;$&apos; then &apos;$&lt;test_custom_read_config_from_config_file_stream&gt; =&gt; &lt;config_to_dict_of_dict&gt; -&gt; &lt;dict_of_dict_to_object&gt;$&apos; then &apos;$&lt;test_custom_read_config_from_config_file_stream&gt; =&gt; &lt;config_to_dict_of_dict&gt; -&gt; &lt;dict_to_object&gt;$]&apos;]
(B)                                                                                           |--input_simple.txt -&gt; OneLiner ------- using &lt;test_custom_read_oneliner_from_txt_file_stream&gt;
(B)                                                                                     |--item2 -&gt; MainFooBarItem ------- using Multifile Object parser (parsyfiles defaults)
(B)                                                                                           |--expected_out.cfg -&gt; Config ------- using [Try &apos;&lt;test_custom_read_config_from_config_file_stream&gt;&apos; then &apos;$&lt;read_config&gt; =&gt; &lt;merge_all_config_sections_into_a_single_dict&gt; -&gt; &lt;dict_to_object&gt;$&apos; then &apos;$&lt;read_config&gt; =&gt; &lt;config_to_dict_of_dict&gt; -&gt; &lt;dict_of_dict_to_object&gt;$&apos; then &apos;$&lt;read_config&gt; =&gt; &lt;config_to_dict_of_dict&gt; -&gt; &lt;dict_to_object&gt;$]&apos;]
(B)                                                                                           |--expected_out.cfg -&gt; Config ------- using &lt;test_custom_read_config_from_config_file_stream&gt;
(B)                                                                                           |--expected_perf.cfg -&gt; Config ------- using [Try &apos;&lt;test_custom_read_config_from_config_file_stream&gt;&apos; then &apos;$&lt;read_config&gt; =&gt; &lt;merge_all_config_sections_into_a_single_dict&gt; -&gt; &lt;dict_to_object&gt;$&apos; then &apos;$&lt;read_config&gt; =&gt; &lt;config_to_dict_of_dict&gt; -&gt; &lt;dict_of_dict_to_object&gt;$&apos; then &apos;$&lt;read_config&gt; =&gt; &lt;config_to_dict_of_dict&gt; -&gt; &lt;dict_to_object&gt;$]&apos;]
(B)                                                                                           |--expected_perf.cfg -&gt; Config ------- using &lt;test_custom_read_config_from_config_file_stream&gt;
(B)                                                                                           |--input_simple.txt -&gt; OneLiner ------- using [Try &apos;&lt;test_custom_read_oneliner_from_txt_file_stream&gt;&apos; then &apos;$&lt;read_dict_from_properties&gt; =&gt; &lt;dict_to_object&gt;$&apos; then &apos;$&lt;read_str_from_txt&gt; =&gt; &lt;constructor_with_str_arg&gt;$&apos; then &apos;$&lt;read_str_from_txt&gt; =&gt; &lt;base64_ascii_str_pickle_to_object&gt;$&apos; then &apos;$&lt;read_df_or_series_from_csv&gt; =&gt; &lt;single_row_or_col_df_to_dict&gt; -&gt; &lt;dict_to_object&gt;$&apos; then &apos;$&lt;test_custom_read_config_from_config_file_stream&gt; =&gt; &lt;merge_all_config_sections_into_a_single_dict&gt; -&gt; &lt;dict_to_object&gt;$&apos; then &apos;$&lt;test_custom_read_config_from_config_file_stream&gt; =&gt; &lt;config_to_dict_of_dict&gt; -&gt; &lt;dict_of_dict_to_object&gt;$&apos; then &apos;$&lt;test_custom_read_config_from_config_file_stream&gt; =&gt; &lt;config_to_dict_of_dict&gt; -&gt; &lt;dict_to_object&gt;$]&apos;]
(B)                                                                                           |--input_simple.txt -&gt; OneLiner ------- using &lt;test_custom_read_oneliner_from_txt_file_stream&gt;
(B)                                                                                     |--item3 -&gt; MainFooBarItem ------- using Multifile Object parser (parsyfiles defaults)
(B)                                                                                           |--expected_out.cfg -&gt; Config ------- using [Try &apos;&lt;test_custom_read_config_from_config_file_stream&gt;&apos; then &apos;$&lt;read_config&gt; =&gt; &lt;merge_all_config_sections_into_a_single_dict&gt; -&gt; &lt;dict_to_object&gt;$&apos; then &apos;$&lt;read_config&gt; =&gt; &lt;config_to_dict_of_dict&gt; -&gt; &lt;dict_of_dict_to_object&gt;$&apos; then &apos;$&lt;read_config&gt; =&gt; &lt;config_to_dict_of_dict&gt; -&gt; &lt;dict_to_object&gt;$]&apos;]
(B)                                                                                           |--expected_out.cfg -&gt; Config ------- using &lt;test_custom_read_config_from_config_file_stream&gt;
(B)                                                                                          |--expected_perf: NOT FOUND - This optional constructor attribute for type MainFooBarItem was not found on file system, but this may be normal - this message is displayed &apos;just in case&apos;.
(B)                                                                                           |--input_simple.txt -&gt; OneLiner ------- using [Try &apos;&lt;test_custom_read_oneliner_from_txt_file_stream&gt;&apos; then &apos;$&lt;read_dict_from_properties&gt; =&gt; &lt;dict_to_object&gt;$&apos; then &apos;$&lt;read_str_from_txt&gt; =&gt; &lt;constructor_with_str_arg&gt;$&apos; then &apos;$&lt;read_str_from_txt&gt; =&gt; &lt;base64_ascii_str_pickle_to_object&gt;$&apos; then &apos;$&lt;read_df_or_series_from_csv&gt; =&gt; &lt;single_row_or_col_df_to_dict&gt; -&gt; &lt;dict_to_object&gt;$&apos; then &apos;$&lt;test_custom_read_config_from_config_file_stream&gt; =&gt; &lt;merge_all_config_sections_into_a_single_dict&gt; -&gt; &lt;dict_to_object&gt;$&apos; then &apos;$&lt;test_custom_read_config_from_config_file_stream&gt; =&gt; &lt;config_to_dict_of_dict&gt; -&gt; &lt;dict_of_dict_to_object&gt;$&apos; then &apos;$&lt;test_custom_read_config_from_config_file_stream&gt; =&gt; &lt;config_to_dict_of_dict&gt; -&gt; &lt;dict_to_object&gt;$]&apos;]
(B)                                                                                           |--input_simple.txt -&gt; OneLiner ------- using &lt;test_custom_read_oneliner_from_txt_file_stream&gt;
Parsing Plan created successfully

Executing Parsing Plan for [/home/travis/build/smarie/python-parsyfiles/parsyfiles/tests/old/./custom_with_folders]
(P) /home/travis/build/smarie/python-parsyfiles/parsyfiles/tests/old/./custom_with_folders -&gt; Set[MainFooBarItem] ------- using Multifile Collection parser (parsyfiles defaults)
(P)                                                                                     |--item1 -&gt; MainFooBarItem ------- using Multifile Object parser (parsyfiles defaults)
(P)                                                                                           |--expected_out.txt -&gt; Config ------- using &lt;test_custom_read_config_from_config_file_stream&gt;
(P)                                                                                           |--expected_out.txt -&gt; Config SUCCESS !
(P)                                                                                           |--expected_perf.cfg -&gt; Config ------- using &lt;test_custom_read_config_from_config_file_stream&gt;
(P)                                                                                           |--expected_perf.cfg -&gt; Config SUCCESS !
(P)                                                                                           |--input_simple.txt -&gt; OneLiner ------- using &lt;test_custom_read_oneliner_from_txt_file_stream&gt;
(P)                                                                                           |--input_simple.txt -&gt; OneLiner SUCCESS !
(P)                                                                                     |--item1 -&gt; MainFooBarItem SUCCESS !
(P)                                                                                     |--item2 -&gt; MainFooBarItem ------- using Multifile Object parser (parsyfiles defaults)
(P)                                                                                           |--expected_out.cfg -&gt; Config ------- using &lt;test_custom_read_config_from_config_file_stream&gt;
(P)                                                                                           |--expected_out.cfg -&gt; Config SUCCESS !
(P)                                                                                           |--expected_perf.cfg -&gt; Config ------- using &lt;test_custom_read_config_from_config_file_stream&gt;
(P)                                                                                           |--expected_perf.cfg -&gt; Config SUCCESS !
(P)                                                                                           |--input_simple.txt -&gt; OneLiner ------- using &lt;test_custom_read_oneliner_from_txt_file_stream&gt;
(P)                                                                                           |--input_simple.txt -&gt; OneLiner SUCCESS !
(P)                                                                                     |--item2 -&gt; MainFooBarItem SUCCESS !
(P)                                                                                     |--item3 -&gt; MainFooBarItem ------- using Multifile Object parser (parsyfiles defaults)
(P)                                                                                           |--expected_out.cfg -&gt; Config ------- using &lt;test_custom_read_config_from_config_file_stream&gt;
(P)                                                                                           |--expected_out.cfg -&gt; Config SUCCESS !
(P)                                                                                           |--input_simple.txt -&gt; OneLiner ------- using &lt;test_custom_read_oneliner_from_txt_file_stream&gt;
(P)                                                                                           |--input_simple.txt -&gt; OneLiner SUCCESS !
(P)                                                                                     |--item3 -&gt; MainFooBarItem SUCCESS !
(P)                                                                 |--custom_with_folders -&gt; Set[MainFooBarItem] SUCCESS !
Completed parsing successfully

{{&apos;expected_out&apos;: &lt;test_parsyfiles_old.MultifileAndCustomFunctionsTest._create_root_parser.&lt;locals&gt;.Config object at 0x7f33d49621d0&gt;, &apos;expected_perf&apos;: &lt;test_parsyfiles_old.MultifileAndCustomFunctionsTest._create_root_parser.&lt;locals&gt;.Config object at 0x7f33d496aa90&gt;, &apos;input_simple&apos;: this content is really interesting}, {&apos;expected_out&apos;: &lt;test_parsyfiles_old.MultifileAndCustomFunctionsTest._create_root_parser.&lt;locals&gt;.Config object at 0x7f33d4ab9438&gt;, &apos;expected_perf&apos;: &lt;test_parsyfiles_old.MultifileAndCustomFunctionsTest._create_root_parser.&lt;locals&gt;.Config object at 0x7f33d4969898&gt;, &apos;input_simple&apos;: this content is really interesting}, {&apos;expected_out&apos;: &lt;test_parsyfiles_old.MultifileAndCustomFunctionsTest._create_root_parser.&lt;locals&gt;.Config object at 0x7f33d4b58a58&gt;, &apos;expected_perf&apos;: None, &apos;input_simple&apos;: this content is really interesting}}
</system-out></testcase><testcase classname="parsyfiles.tests.old.test_parsyfiles_old.TestDemo" file="parsyfiles/tests/old/test_parsyfiles_old.py" line="238" name="test_old_demo" time="1.3264553546905518"><system-out>**** Starting to parse collection of &lt;OpTestCase&gt; at location /home/travis/build/smarie/python-parsyfiles/parsyfiles/tests/old/./custom_old_demo ****
Checking all files under [/home/travis/build/smarie/python-parsyfiles/parsyfiles/tests/old/./custom_old_demo]
(C) /home/travis/build/smarie/python-parsyfiles/parsyfiles/tests/old/./custom_old_demo (multifile)
(C)                                                                                 |--case1 (multifile)
(C)                                                                                       |--input_a (singlefile, .txt)
(C)                                                                                       |--input_b (singlefile, .txt)
(C)                                                                                       |--output (singlefile, .txt)
(C)                                                                                 |--case2 (multifile)
(C)                                                                                       |--input_a (singlefile, .txt)
(C)                                                                                       |--input_b (singlefile, .txt)
(C)                                                                                       |--options (singlefile, .txt)
(C)                                                                                       |--output (singlefile, .txt)
(C)                                                                                 |--case3 (multifile)
(C)                                                                                       |--input_a (singlefile, .txt)
(C)                                                                                       |--input_b (singlefile, .txt)
(C)                                                                                       |--options (singlefile, .cfg)
(C)                                                                                       |--output (singlefile, .txt)
File checks done

Building a parsing plan to parse [/home/travis/build/smarie/python-parsyfiles/parsyfiles/tests/old/./custom_old_demo] into a Dict[str, OpTestCase]
(B) /home/travis/build/smarie/python-parsyfiles/parsyfiles/tests/old/./custom_old_demo -&gt; Dict[str, OpTestCase] ------- using Multifile Collection parser (parsyfiles defaults+test custom functions)
(B)                                                                                 |--case1 -&gt; OpTestCase ------- using Multifile Object parser (parsyfiles defaults+test custom functions)
NoParserFoundForObjectType - /home/travis/build/smarie/python-parsyfiles/parsyfiles/tests/old/./custom_old_demo/case1/input_a (singlefile, .txt) cannot be parsed as a bool because no parser supporting that type is registered for singlefile, .txt.
 If you wish to parse this object from this extension, you may wish to parse it as one of the following supported types : {&lt;class &apos;test_parsyfiles_old.TestDemo.test_old_demo.&lt;locals&gt;.OpConfig&apos;&gt;, &lt;class &apos;int&apos;&gt;}. 
Otherwise, please register a new parser for type bool and extension singlefile, .txt
 Reminder: use print_capabilities_by_ext() and print_capabilities_by_type() to diagnose what are the parsers available
NoParserFoundForObjectType - /home/travis/build/smarie/python-parsyfiles/parsyfiles/tests/old/./custom_old_demo/case1/input_a (singlefile, .txt) cannot be parsed as a _NamedIntConstant because no parser supporting that type is registered for singlefile, .txt.
 If you wish to parse this object from this extension, you may wish to parse it as one of the following supported types : {&lt;class &apos;test_parsyfiles_old.TestDemo.test_old_demo.&lt;locals&gt;.OpConfig&apos;&gt;, &lt;class &apos;int&apos;&gt;}. 
Otherwise, please register a new parser for type _NamedIntConstant and extension singlefile, .txt
 Reminder: use print_capabilities_by_ext() and print_capabilities_by_type() to diagnose what are the parsers available
NoParserFoundForObjectType - /home/travis/build/smarie/python-parsyfiles/parsyfiles/tests/old/./custom_old_demo/case1/input_a (singlefile, .txt) cannot be parsed as a IntEnum because no parser supporting that type is registered for singlefile, .txt.
 If you wish to parse this object from this extension, you may wish to parse it as one of the following supported types : {&lt;class &apos;test_parsyfiles_old.TestDemo.test_old_demo.&lt;locals&gt;.OpConfig&apos;&gt;, &lt;class &apos;int&apos;&gt;}. 
Otherwise, please register a new parser for type IntEnum and extension singlefile, .txt
 Reminder: use print_capabilities_by_ext() and print_capabilities_by_type() to diagnose what are the parsers available
NoParserFoundForObjectType - /home/travis/build/smarie/python-parsyfiles/parsyfiles/tests/old/./custom_old_demo/case1/input_a (singlefile, .txt) cannot be parsed as a Signals because no parser supporting that type is registered for singlefile, .txt.
 If you wish to parse this object from this extension, you may wish to parse it as one of the following supported types : {&lt;class &apos;test_parsyfiles_old.TestDemo.test_old_demo.&lt;locals&gt;.OpConfig&apos;&gt;, &lt;class &apos;int&apos;&gt;}. 
Otherwise, please register a new parser for type Signals and extension singlefile, .txt
 Reminder: use print_capabilities_by_ext() and print_capabilities_by_type() to diagnose what are the parsers available
NoParserFoundForObjectType - /home/travis/build/smarie/python-parsyfiles/parsyfiles/tests/old/./custom_old_demo/case1/input_a (singlefile, .txt) cannot be parsed as a SocketKind because no parser supporting that type is registered for singlefile, .txt.
 If you wish to parse this object from this extension, you may wish to parse it as one of the following supported types : {&lt;class &apos;test_parsyfiles_old.TestDemo.test_old_demo.&lt;locals&gt;.OpConfig&apos;&gt;, &lt;class &apos;int&apos;&gt;}. 
Otherwise, please register a new parser for type SocketKind and extension singlefile, .txt
 Reminder: use print_capabilities_by_ext() and print_capabilities_by_type() to diagnose what are the parsers available
NoParserFoundForObjectType - /home/travis/build/smarie/python-parsyfiles/parsyfiles/tests/old/./custom_old_demo/case1/input_a (singlefile, .txt) cannot be parsed as a HTTPStatus because no parser supporting that type is registered for singlefile, .txt.
 If you wish to parse this object from this extension, you may wish to parse it as one of the following supported types : {&lt;class &apos;test_parsyfiles_old.TestDemo.test_old_demo.&lt;locals&gt;.OpConfig&apos;&gt;, &lt;class &apos;int&apos;&gt;}. 
Otherwise, please register a new parser for type HTTPStatus and extension singlefile, .txt
 Reminder: use print_capabilities_by_ext() and print_capabilities_by_type() to diagnose what are the parsers available
NoParserFoundForObjectType - /home/travis/build/smarie/python-parsyfiles/parsyfiles/tests/old/./custom_old_demo/case1/input_a (singlefile, .txt) cannot be parsed as a _SSLMethod because no parser supporting that type is registered for singlefile, .txt.
 If you wish to parse this object from this extension, you may wish to parse it as one of the following supported types : {&lt;class &apos;test_parsyfiles_old.TestDemo.test_old_demo.&lt;locals&gt;.OpConfig&apos;&gt;, &lt;class &apos;int&apos;&gt;}. 
Otherwise, please register a new parser for type _SSLMethod and extension singlefile, .txt
 Reminder: use print_capabilities_by_ext() and print_capabilities_by_type() to diagnose what are the parsers available
NoParserFoundForObjectType - /home/travis/build/smarie/python-parsyfiles/parsyfiles/tests/old/./custom_old_demo/case1/input_a (singlefile, .txt) cannot be parsed as a _ParameterKind because no parser supporting that type is registered for singlefile, .txt.
 If you wish to parse this object from this extension, you may wish to parse it as one of the following supported types : {&lt;class &apos;test_parsyfiles_old.TestDemo.test_old_demo.&lt;locals&gt;.OpConfig&apos;&gt;, &lt;class &apos;int&apos;&gt;}. 
Otherwise, please register a new parser for type _ParameterKind and extension singlefile, .txt
 Reminder: use print_capabilities_by_ext() and print_capabilities_by_type() to diagnose what are the parsers available
NoParserFoundForObjectType - /home/travis/build/smarie/python-parsyfiles/parsyfiles/tests/old/./custom_old_demo/case1/input_a (singlefile, .txt) cannot be parsed as a Sigmasks because no parser supporting that type is registered for singlefile, .txt.
 If you wish to parse this object from this extension, you may wish to parse it as one of the following supported types : {&lt;class &apos;test_parsyfiles_old.TestDemo.test_old_demo.&lt;locals&gt;.OpConfig&apos;&gt;, &lt;class &apos;int&apos;&gt;}. 
Otherwise, please register a new parser for type Sigmasks and extension singlefile, .txt
 Reminder: use print_capabilities_by_ext() and print_capabilities_by_type() to diagnose what are the parsers available
NoParserFoundForObjectType - /home/travis/build/smarie/python-parsyfiles/parsyfiles/tests/old/./custom_old_demo/case1/input_a (singlefile, .txt) cannot be parsed as a Handlers because no parser supporting that type is registered for singlefile, .txt.
 If you wish to parse this object from this extension, you may wish to parse it as one of the following supported types : {&lt;class &apos;test_parsyfiles_old.TestDemo.test_old_demo.&lt;locals&gt;.OpConfig&apos;&gt;, &lt;class &apos;int&apos;&gt;}. 
Otherwise, please register a new parser for type Handlers and extension singlefile, .txt
 Reminder: use print_capabilities_by_ext() and print_capabilities_by_type() to diagnose what are the parsers available
NoParserFoundForObjectType - /home/travis/build/smarie/python-parsyfiles/parsyfiles/tests/old/./custom_old_demo/case1/input_a (singlefile, .txt) cannot be parsed as a AddressFamily because no parser supporting that type is registered for singlefile, .txt.
 If you wish to parse this object from this extension, you may wish to parse it as one of the following supported types : {&lt;class &apos;test_parsyfiles_old.TestDemo.test_old_demo.&lt;locals&gt;.OpConfig&apos;&gt;, &lt;class &apos;int&apos;&gt;}. 
Otherwise, please register a new parser for type AddressFamily and extension singlefile, .txt
 Reminder: use print_capabilities_by_ext() and print_capabilities_by_type() to diagnose what are the parsers available
(B)                                                                                       |--input_a.txt -&gt; int ------- using &lt;test_parse_int_file&gt;
NoParserFoundForObjectType - /home/travis/build/smarie/python-parsyfiles/parsyfiles/tests/old/./custom_old_demo/case1/input_b (singlefile, .txt) cannot be parsed as a bool because no parser supporting that type is registered for singlefile, .txt.
 If you wish to parse this object from this extension, you may wish to parse it as one of the following supported types : {&lt;class &apos;test_parsyfiles_old.TestDemo.test_old_demo.&lt;locals&gt;.OpConfig&apos;&gt;, &lt;class &apos;int&apos;&gt;}. 
Otherwise, please register a new parser for type bool and extension singlefile, .txt
 Reminder: use print_capabilities_by_ext() and print_capabilities_by_type() to diagnose what are the parsers available
NoParserFoundForObjectType - /home/travis/build/smarie/python-parsyfiles/parsyfiles/tests/old/./custom_old_demo/case1/input_b (singlefile, .txt) cannot be parsed as a _NamedIntConstant because no parser supporting that type is registered for singlefile, .txt.
 If you wish to parse this object from this extension, you may wish to parse it as one of the following supported types : {&lt;class &apos;test_parsyfiles_old.TestDemo.test_old_demo.&lt;locals&gt;.OpConfig&apos;&gt;, &lt;class &apos;int&apos;&gt;}. 
Otherwise, please register a new parser for type _NamedIntConstant and extension singlefile, .txt
 Reminder: use print_capabilities_by_ext() and print_capabilities_by_type() to diagnose what are the parsers available
NoParserFoundForObjectType - /home/travis/build/smarie/python-parsyfiles/parsyfiles/tests/old/./custom_old_demo/case1/input_b (singlefile, .txt) cannot be parsed as a IntEnum because no parser supporting that type is registered for singlefile, .txt.
 If you wish to parse this object from this extension, you may wish to parse it as one of the following supported types : {&lt;class &apos;test_parsyfiles_old.TestDemo.test_old_demo.&lt;locals&gt;.OpConfig&apos;&gt;, &lt;class &apos;int&apos;&gt;}. 
Otherwise, please register a new parser for type IntEnum and extension singlefile, .txt
 Reminder: use print_capabilities_by_ext() and print_capabilities_by_type() to diagnose what are the parsers available
NoParserFoundForObjectType - /home/travis/build/smarie/python-parsyfiles/parsyfiles/tests/old/./custom_old_demo/case1/input_b (singlefile, .txt) cannot be parsed as a Signals because no parser supporting that type is registered for singlefile, .txt.
 If you wish to parse this object from this extension, you may wish to parse it as one of the following supported types : {&lt;class &apos;test_parsyfiles_old.TestDemo.test_old_demo.&lt;locals&gt;.OpConfig&apos;&gt;, &lt;class &apos;int&apos;&gt;}. 
Otherwise, please register a new parser for type Signals and extension singlefile, .txt
 Reminder: use print_capabilities_by_ext() and print_capabilities_by_type() to diagnose what are the parsers available
NoParserFoundForObjectType - /home/travis/build/smarie/python-parsyfiles/parsyfiles/tests/old/./custom_old_demo/case1/input_b (singlefile, .txt) cannot be parsed as a SocketKind because no parser supporting that type is registered for singlefile, .txt.
 If you wish to parse this object from this extension, you may wish to parse it as one of the following supported types : {&lt;class &apos;test_parsyfiles_old.TestDemo.test_old_demo.&lt;locals&gt;.OpConfig&apos;&gt;, &lt;class &apos;int&apos;&gt;}. 
Otherwise, please register a new parser for type SocketKind and extension singlefile, .txt
 Reminder: use print_capabilities_by_ext() and print_capabilities_by_type() to diagnose what are the parsers available
NoParserFoundForObjectType - /home/travis/build/smarie/python-parsyfiles/parsyfiles/tests/old/./custom_old_demo/case1/input_b (singlefile, .txt) cannot be parsed as a HTTPStatus because no parser supporting that type is registered for singlefile, .txt.
 If you wish to parse this object from this extension, you may wish to parse it as one of the following supported types : {&lt;class &apos;test_parsyfiles_old.TestDemo.test_old_demo.&lt;locals&gt;.OpConfig&apos;&gt;, &lt;class &apos;int&apos;&gt;}. 
Otherwise, please register a new parser for type HTTPStatus and extension singlefile, .txt
 Reminder: use print_capabilities_by_ext() and print_capabilities_by_type() to diagnose what are the parsers available
NoParserFoundForObjectType - /home/travis/build/smarie/python-parsyfiles/parsyfiles/tests/old/./custom_old_demo/case1/input_b (singlefile, .txt) cannot be parsed as a _SSLMethod because no parser supporting that type is registered for singlefile, .txt.
 If you wish to parse this object from this extension, you may wish to parse it as one of the following supported types : {&lt;class &apos;test_parsyfiles_old.TestDemo.test_old_demo.&lt;locals&gt;.OpConfig&apos;&gt;, &lt;class &apos;int&apos;&gt;}. 
Otherwise, please register a new parser for type _SSLMethod and extension singlefile, .txt
 Reminder: use print_capabilities_by_ext() and print_capabilities_by_type() to diagnose what are the parsers available
NoParserFoundForObjectType - /home/travis/build/smarie/python-parsyfiles/parsyfiles/tests/old/./custom_old_demo/case1/input_b (singlefile, .txt) cannot be parsed as a _ParameterKind because no parser supporting that type is registered for singlefile, .txt.
 If you wish to parse this object from this extension, you may wish to parse it as one of the following supported types : {&lt;class &apos;test_parsyfiles_old.TestDemo.test_old_demo.&lt;locals&gt;.OpConfig&apos;&gt;, &lt;class &apos;int&apos;&gt;}. 
Otherwise, please register a new parser for type _ParameterKind and extension singlefile, .txt
 Reminder: use print_capabilities_by_ext() and print_capabilities_by_type() to diagnose what are the parsers available
NoParserFoundForObjectType - /home/travis/build/smarie/python-parsyfiles/parsyfiles/tests/old/./custom_old_demo/case1/input_b (singlefile, .txt) cannot be parsed as a Sigmasks because no parser supporting that type is registered for singlefile, .txt.
 If you wish to parse this object from this extension, you may wish to parse it as one of the following supported types : {&lt;class &apos;test_parsyfiles_old.TestDemo.test_old_demo.&lt;locals&gt;.OpConfig&apos;&gt;, &lt;class &apos;int&apos;&gt;}. 
Otherwise, please register a new parser for type Sigmasks and extension singlefile, .txt
 Reminder: use print_capabilities_by_ext() and print_capabilities_by_type() to diagnose what are the parsers available
NoParserFoundForObjectType - /home/travis/build/smarie/python-parsyfiles/parsyfiles/tests/old/./custom_old_demo/case1/input_b (singlefile, .txt) cannot be parsed as a Handlers because no parser supporting that type is registered for singlefile, .txt.
 If you wish to parse this object from this extension, you may wish to parse it as one of the following supported types : {&lt;class &apos;test_parsyfiles_old.TestDemo.test_old_demo.&lt;locals&gt;.OpConfig&apos;&gt;, &lt;class &apos;int&apos;&gt;}. 
Otherwise, please register a new parser for type Handlers and extension singlefile, .txt
 Reminder: use print_capabilities_by_ext() and print_capabilities_by_type() to diagnose what are the parsers available
NoParserFoundForObjectType - /home/travis/build/smarie/python-parsyfiles/parsyfiles/tests/old/./custom_old_demo/case1/input_b (singlefile, .txt) cannot be parsed as a AddressFamily because no parser supporting that type is registered for singlefile, .txt.
 If you wish to parse this object from this extension, you may wish to parse it as one of the following supported types : {&lt;class &apos;test_parsyfiles_old.TestDemo.test_old_demo.&lt;locals&gt;.OpConfig&apos;&gt;, &lt;class &apos;int&apos;&gt;}. 
Otherwise, please register a new parser for type AddressFamily and extension singlefile, .txt
 Reminder: use print_capabilities_by_ext() and print_capabilities_by_type() to diagnose what are the parsers available
(B)                                                                                       |--input_b.txt -&gt; int ------- using &lt;test_parse_int_file&gt;
(B)                                                                                      |--options: NOT FOUND - This optional constructor attribute for type OpTestCase was not found on file system, but this may be normal - this message is displayed &apos;just in case&apos;.
NoParserFoundForObjectType - /home/travis/build/smarie/python-parsyfiles/parsyfiles/tests/old/./custom_old_demo/case1/output (singlefile, .txt) cannot be parsed as a bool because no parser supporting that type is registered for singlefile, .txt.
 If you wish to parse this object from this extension, you may wish to parse it as one of the following supported types : {&lt;class &apos;test_parsyfiles_old.TestDemo.test_old_demo.&lt;locals&gt;.OpConfig&apos;&gt;, &lt;class &apos;int&apos;&gt;}. 
Otherwise, please register a new parser for type bool and extension singlefile, .txt
 Reminder: use print_capabilities_by_ext() and print_capabilities_by_type() to diagnose what are the parsers available
NoParserFoundForObjectType - /home/travis/build/smarie/python-parsyfiles/parsyfiles/tests/old/./custom_old_demo/case1/output (singlefile, .txt) cannot be parsed as a _NamedIntConstant because no parser supporting that type is registered for singlefile, .txt.
 If you wish to parse this object from this extension, you may wish to parse it as one of the following supported types : {&lt;class &apos;test_parsyfiles_old.TestDemo.test_old_demo.&lt;locals&gt;.OpConfig&apos;&gt;, &lt;class &apos;int&apos;&gt;}. 
Otherwise, please register a new parser for type _NamedIntConstant and extension singlefile, .txt
 Reminder: use print_capabilities_by_ext() and print_capabilities_by_type() to diagnose what are the parsers available
NoParserFoundForObjectType - /home/travis/build/smarie/python-parsyfiles/parsyfiles/tests/old/./custom_old_demo/case1/output (singlefile, .txt) cannot be parsed as a IntEnum because no parser supporting that type is registered for singlefile, .txt.
 If you wish to parse this object from this extension, you may wish to parse it as one of the following supported types : {&lt;class &apos;test_parsyfiles_old.TestDemo.test_old_demo.&lt;locals&gt;.OpConfig&apos;&gt;, &lt;class &apos;int&apos;&gt;}. 
Otherwise, please register a new parser for type IntEnum and extension singlefile, .txt
 Reminder: use print_capabilities_by_ext() and print_capabilities_by_type() to diagnose what are the parsers available
NoParserFoundForObjectType - /home/travis/build/smarie/python-parsyfiles/parsyfiles/tests/old/./custom_old_demo/case1/output (singlefile, .txt) cannot be parsed as a Signals because no parser supporting that type is registered for singlefile, .txt.
 If you wish to parse this object from this extension, you may wish to parse it as one of the following supported types : {&lt;class &apos;test_parsyfiles_old.TestDemo.test_old_demo.&lt;locals&gt;.OpConfig&apos;&gt;, &lt;class &apos;int&apos;&gt;}. 
Otherwise, please register a new parser for type Signals and extension singlefile, .txt
 Reminder: use print_capabilities_by_ext() and print_capabilities_by_type() to diagnose what are the parsers available
NoParserFoundForObjectType - /home/travis/build/smarie/python-parsyfiles/parsyfiles/tests/old/./custom_old_demo/case1/output (singlefile, .txt) cannot be parsed as a SocketKind because no parser supporting that type is registered for singlefile, .txt.
 If you wish to parse this object from this extension, you may wish to parse it as one of the following supported types : {&lt;class &apos;test_parsyfiles_old.TestDemo.test_old_demo.&lt;locals&gt;.OpConfig&apos;&gt;, &lt;class &apos;int&apos;&gt;}. 
Otherwise, please register a new parser for type SocketKind and extension singlefile, .txt
 Reminder: use print_capabilities_by_ext() and print_capabilities_by_type() to diagnose what are the parsers available
NoParserFoundForObjectType - /home/travis/build/smarie/python-parsyfiles/parsyfiles/tests/old/./custom_old_demo/case1/output (singlefile, .txt) cannot be parsed as a HTTPStatus because no parser supporting that type is registered for singlefile, .txt.
 If you wish to parse this object from this extension, you may wish to parse it as one of the following supported types : {&lt;class &apos;test_parsyfiles_old.TestDemo.test_old_demo.&lt;locals&gt;.OpConfig&apos;&gt;, &lt;class &apos;int&apos;&gt;}. 
Otherwise, please register a new parser for type HTTPStatus and extension singlefile, .txt
 Reminder: use print_capabilities_by_ext() and print_capabilities_by_type() to diagnose what are the parsers available
NoParserFoundForObjectType - /home/travis/build/smarie/python-parsyfiles/parsyfiles/tests/old/./custom_old_demo/case1/output (singlefile, .txt) cannot be parsed as a _SSLMethod because no parser supporting that type is registered for singlefile, .txt.
 If you wish to parse this object from this extension, you may wish to parse it as one of the following supported types : {&lt;class &apos;test_parsyfiles_old.TestDemo.test_old_demo.&lt;locals&gt;.OpConfig&apos;&gt;, &lt;class &apos;int&apos;&gt;}. 
Otherwise, please register a new parser for type _SSLMethod and extension singlefile, .txt
 Reminder: use print_capabilities_by_ext() and print_capabilities_by_type() to diagnose what are the parsers available
NoParserFoundForObjectType - /home/travis/build/smarie/python-parsyfiles/parsyfiles/tests/old/./custom_old_demo/case1/output (singlefile, .txt) cannot be parsed as a _ParameterKind because no parser supporting that type is registered for singlefile, .txt.
 If you wish to parse this object from this extension, you may wish to parse it as one of the following supported types : {&lt;class &apos;test_parsyfiles_old.TestDemo.test_old_demo.&lt;locals&gt;.OpConfig&apos;&gt;, &lt;class &apos;int&apos;&gt;}. 
Otherwise, please register a new parser for type _ParameterKind and extension singlefile, .txt
 Reminder: use print_capabilities_by_ext() and print_capabilities_by_type() to diagnose what are the parsers available
NoParserFoundForObjectType - /home/travis/build/smarie/python-parsyfiles/parsyfiles/tests/old/./custom_old_demo/case1/output (singlefile, .txt) cannot be parsed as a Sigmasks because no parser supporting that type is registered for singlefile, .txt.
 If you wish to parse this object from this extension, you may wish to parse it as one of the following supported types : {&lt;class &apos;test_parsyfiles_old.TestDemo.test_old_demo.&lt;locals&gt;.OpConfig&apos;&gt;, &lt;class &apos;int&apos;&gt;}. 
Otherwise, please register a new parser for type Sigmasks and extension singlefile, .txt
 Reminder: use print_capabilities_by_ext() and print_capabilities_by_type() to diagnose what are the parsers available
NoParserFoundForObjectType - /home/travis/build/smarie/python-parsyfiles/parsyfiles/tests/old/./custom_old_demo/case1/output (singlefile, .txt) cannot be parsed as a Handlers because no parser supporting that type is registered for singlefile, .txt.
 If you wish to parse this object from this extension, you may wish to parse it as one of the following supported types : {&lt;class &apos;test_parsyfiles_old.TestDemo.test_old_demo.&lt;locals&gt;.OpConfig&apos;&gt;, &lt;class &apos;int&apos;&gt;}. 
Otherwise, please register a new parser for type Handlers and extension singlefile, .txt
 Reminder: use print_capabilities_by_ext() and print_capabilities_by_type() to diagnose what are the parsers available
NoParserFoundForObjectType - /home/travis/build/smarie/python-parsyfiles/parsyfiles/tests/old/./custom_old_demo/case1/output (singlefile, .txt) cannot be parsed as a AddressFamily because no parser supporting that type is registered for singlefile, .txt.
 If you wish to parse this object from this extension, you may wish to parse it as one of the following supported types : {&lt;class &apos;test_parsyfiles_old.TestDemo.test_old_demo.&lt;locals&gt;.OpConfig&apos;&gt;, &lt;class &apos;int&apos;&gt;}. 
Otherwise, please register a new parser for type AddressFamily and extension singlefile, .txt
 Reminder: use print_capabilities_by_ext() and print_capabilities_by_type() to diagnose what are the parsers available
(B)                                                                                       |--output.txt -&gt; int ------- using &lt;test_parse_int_file&gt;
(B)                                                                                 |--case2 -&gt; OpTestCase ------- using Multifile Object parser (parsyfiles defaults+test custom functions)
NoParserFoundForObjectType - /home/travis/build/smarie/python-parsyfiles/parsyfiles/tests/old/./custom_old_demo/case2/input_a (singlefile, .txt) cannot be parsed as a bool because no parser supporting that type is registered for singlefile, .txt.
 If you wish to parse this object from this extension, you may wish to parse it as one of the following supported types : {&lt;class &apos;test_parsyfiles_old.TestDemo.test_old_demo.&lt;locals&gt;.OpConfig&apos;&gt;, &lt;class &apos;int&apos;&gt;}. 
Otherwise, please register a new parser for type bool and extension singlefile, .txt
 Reminder: use print_capabilities_by_ext() and print_capabilities_by_type() to diagnose what are the parsers available
NoParserFoundForObjectType - /home/travis/build/smarie/python-parsyfiles/parsyfiles/tests/old/./custom_old_demo/case2/input_a (singlefile, .txt) cannot be parsed as a _NamedIntConstant because no parser supporting that type is registered for singlefile, .txt.
 If you wish to parse this object from this extension, you may wish to parse it as one of the following supported types : {&lt;class &apos;test_parsyfiles_old.TestDemo.test_old_demo.&lt;locals&gt;.OpConfig&apos;&gt;, &lt;class &apos;int&apos;&gt;}. 
Otherwise, please register a new parser for type _NamedIntConstant and extension singlefile, .txt
 Reminder: use print_capabilities_by_ext() and print_capabilities_by_type() to diagnose what are the parsers available
NoParserFoundForObjectType - /home/travis/build/smarie/python-parsyfiles/parsyfiles/tests/old/./custom_old_demo/case2/input_a (singlefile, .txt) cannot be parsed as a IntEnum because no parser supporting that type is registered for singlefile, .txt.
 If you wish to parse this object from this extension, you may wish to parse it as one of the following supported types : {&lt;class &apos;test_parsyfiles_old.TestDemo.test_old_demo.&lt;locals&gt;.OpConfig&apos;&gt;, &lt;class &apos;int&apos;&gt;}. 
Otherwise, please register a new parser for type IntEnum and extension singlefile, .txt
 Reminder: use print_capabilities_by_ext() and print_capabilities_by_type() to diagnose what are the parsers available
NoParserFoundForObjectType - /home/travis/build/smarie/python-parsyfiles/parsyfiles/tests/old/./custom_old_demo/case2/input_a (singlefile, .txt) cannot be parsed as a Signals because no parser supporting that type is registered for singlefile, .txt.
 If you wish to parse this object from this extension, you may wish to parse it as one of the following supported types : {&lt;class &apos;test_parsyfiles_old.TestDemo.test_old_demo.&lt;locals&gt;.OpConfig&apos;&gt;, &lt;class &apos;int&apos;&gt;}. 
Otherwise, please register a new parser for type Signals and extension singlefile, .txt
 Reminder: use print_capabilities_by_ext() and print_capabilities_by_type() to diagnose what are the parsers available
NoParserFoundForObjectType - /home/travis/build/smarie/python-parsyfiles/parsyfiles/tests/old/./custom_old_demo/case2/input_a (singlefile, .txt) cannot be parsed as a SocketKind because no parser supporting that type is registered for singlefile, .txt.
 If you wish to parse this object from this extension, you may wish to parse it as one of the following supported types : {&lt;class &apos;test_parsyfiles_old.TestDemo.test_old_demo.&lt;locals&gt;.OpConfig&apos;&gt;, &lt;class &apos;int&apos;&gt;}. 
Otherwise, please register a new parser for type SocketKind and extension singlefile, .txt
 Reminder: use print_capabilities_by_ext() and print_capabilities_by_type() to diagnose what are the parsers available
NoParserFoundForObjectType - /home/travis/build/smarie/python-parsyfiles/parsyfiles/tests/old/./custom_old_demo/case2/input_a (singlefile, .txt) cannot be parsed as a HTTPStatus because no parser supporting that type is registered for singlefile, .txt.
 If you wish to parse this object from this extension, you may wish to parse it as one of the following supported types : {&lt;class &apos;test_parsyfiles_old.TestDemo.test_old_demo.&lt;locals&gt;.OpConfig&apos;&gt;, &lt;class &apos;int&apos;&gt;}. 
Otherwise, please register a new parser for type HTTPStatus and extension singlefile, .txt
 Reminder: use print_capabilities_by_ext() and print_capabilities_by_type() to diagnose what are the parsers available
NoParserFoundForObjectType - /home/travis/build/smarie/python-parsyfiles/parsyfiles/tests/old/./custom_old_demo/case2/input_a (singlefile, .txt) cannot be parsed as a _SSLMethod because no parser supporting that type is registered for singlefile, .txt.
 If you wish to parse this object from this extension, you may wish to parse it as one of the following supported types : {&lt;class &apos;test_parsyfiles_old.TestDemo.test_old_demo.&lt;locals&gt;.OpConfig&apos;&gt;, &lt;class &apos;int&apos;&gt;}. 
Otherwise, please register a new parser for type _SSLMethod and extension singlefile, .txt
 Reminder: use print_capabilities_by_ext() and print_capabilities_by_type() to diagnose what are the parsers available
NoParserFoundForObjectType - /home/travis/build/smarie/python-parsyfiles/parsyfiles/tests/old/./custom_old_demo/case2/input_a (singlefile, .txt) cannot be parsed as a _ParameterKind because no parser supporting that type is registered for singlefile, .txt.
 If you wish to parse this object from this extension, you may wish to parse it as one of the following supported types : {&lt;class &apos;test_parsyfiles_old.TestDemo.test_old_demo.&lt;locals&gt;.OpConfig&apos;&gt;, &lt;class &apos;int&apos;&gt;}. 
Otherwise, please register a new parser for type _ParameterKind and extension singlefile, .txt
 Reminder: use print_capabilities_by_ext() and print_capabilities_by_type() to diagnose what are the parsers available
NoParserFoundForObjectType - /home/travis/build/smarie/python-parsyfiles/parsyfiles/tests/old/./custom_old_demo/case2/input_a (singlefile, .txt) cannot be parsed as a Sigmasks because no parser supporting that type is registered for singlefile, .txt.
 If you wish to parse this object from this extension, you may wish to parse it as one of the following supported types : {&lt;class &apos;test_parsyfiles_old.TestDemo.test_old_demo.&lt;locals&gt;.OpConfig&apos;&gt;, &lt;class &apos;int&apos;&gt;}. 
Otherwise, please register a new parser for type Sigmasks and extension singlefile, .txt
 Reminder: use print_capabilities_by_ext() and print_capabilities_by_type() to diagnose what are the parsers available
NoParserFoundForObjectType - /home/travis/build/smarie/python-parsyfiles/parsyfiles/tests/old/./custom_old_demo/case2/input_a (singlefile, .txt) cannot be parsed as a Handlers because no parser supporting that type is registered for singlefile, .txt.
 If you wish to parse this object from this extension, you may wish to parse it as one of the following supported types : {&lt;class &apos;test_parsyfiles_old.TestDemo.test_old_demo.&lt;locals&gt;.OpConfig&apos;&gt;, &lt;class &apos;int&apos;&gt;}. 
Otherwise, please register a new parser for type Handlers and extension singlefile, .txt
 Reminder: use print_capabilities_by_ext() and print_capabilities_by_type() to diagnose what are the parsers available
NoParserFoundForObjectType - /home/travis/build/smarie/python-parsyfiles/parsyfiles/tests/old/./custom_old_demo/case2/input_a (singlefile, .txt) cannot be parsed as a AddressFamily because no parser supporting that type is registered for singlefile, .txt.
 If you wish to parse this object from this extension, you may wish to parse it as one of the following supported types : {&lt;class &apos;test_parsyfiles_old.TestDemo.test_old_demo.&lt;locals&gt;.OpConfig&apos;&gt;, &lt;class &apos;int&apos;&gt;}. 
Otherwise, please register a new parser for type AddressFamily and extension singlefile, .txt
 Reminder: use print_capabilities_by_ext() and print_capabilities_by_type() to diagnose what are the parsers available
(B)                                                                                       |--input_a.txt -&gt; int ------- using &lt;test_parse_int_file&gt;
NoParserFoundForObjectType - /home/travis/build/smarie/python-parsyfiles/parsyfiles/tests/old/./custom_old_demo/case2/input_b (singlefile, .txt) cannot be parsed as a bool because no parser supporting that type is registered for singlefile, .txt.
 If you wish to parse this object from this extension, you may wish to parse it as one of the following supported types : {&lt;class &apos;test_parsyfiles_old.TestDemo.test_old_demo.&lt;locals&gt;.OpConfig&apos;&gt;, &lt;class &apos;int&apos;&gt;}. 
Otherwise, please register a new parser for type bool and extension singlefile, .txt
 Reminder: use print_capabilities_by_ext() and print_capabilities_by_type() to diagnose what are the parsers available
NoParserFoundForObjectType - /home/travis/build/smarie/python-parsyfiles/parsyfiles/tests/old/./custom_old_demo/case2/input_b (singlefile, .txt) cannot be parsed as a _NamedIntConstant because no parser supporting that type is registered for singlefile, .txt.
 If you wish to parse this object from this extension, you may wish to parse it as one of the following supported types : {&lt;class &apos;test_parsyfiles_old.TestDemo.test_old_demo.&lt;locals&gt;.OpConfig&apos;&gt;, &lt;class &apos;int&apos;&gt;}. 
Otherwise, please register a new parser for type _NamedIntConstant and extension singlefile, .txt
 Reminder: use print_capabilities_by_ext() and print_capabilities_by_type() to diagnose what are the parsers available
NoParserFoundForObjectType - /home/travis/build/smarie/python-parsyfiles/parsyfiles/tests/old/./custom_old_demo/case2/input_b (singlefile, .txt) cannot be parsed as a IntEnum because no parser supporting that type is registered for singlefile, .txt.
 If you wish to parse this object from this extension, you may wish to parse it as one of the following supported types : {&lt;class &apos;test_parsyfiles_old.TestDemo.test_old_demo.&lt;locals&gt;.OpConfig&apos;&gt;, &lt;class &apos;int&apos;&gt;}. 
Otherwise, please register a new parser for type IntEnum and extension singlefile, .txt
 Reminder: use print_capabilities_by_ext() and print_capabilities_by_type() to diagnose what are the parsers available
NoParserFoundForObjectType - /home/travis/build/smarie/python-parsyfiles/parsyfiles/tests/old/./custom_old_demo/case2/input_b (singlefile, .txt) cannot be parsed as a Signals because no parser supporting that type is registered for singlefile, .txt.
 If you wish to parse this object from this extension, you may wish to parse it as one of the following supported types : {&lt;class &apos;test_parsyfiles_old.TestDemo.test_old_demo.&lt;locals&gt;.OpConfig&apos;&gt;, &lt;class &apos;int&apos;&gt;}. 
Otherwise, please register a new parser for type Signals and extension singlefile, .txt
 Reminder: use print_capabilities_by_ext() and print_capabilities_by_type() to diagnose what are the parsers available
NoParserFoundForObjectType - /home/travis/build/smarie/python-parsyfiles/parsyfiles/tests/old/./custom_old_demo/case2/input_b (singlefile, .txt) cannot be parsed as a SocketKind because no parser supporting that type is registered for singlefile, .txt.
 If you wish to parse this object from this extension, you may wish to parse it as one of the following supported types : {&lt;class &apos;test_parsyfiles_old.TestDemo.test_old_demo.&lt;locals&gt;.OpConfig&apos;&gt;, &lt;class &apos;int&apos;&gt;}. 
Otherwise, please register a new parser for type SocketKind and extension singlefile, .txt
 Reminder: use print_capabilities_by_ext() and print_capabilities_by_type() to diagnose what are the parsers available
NoParserFoundForObjectType - /home/travis/build/smarie/python-parsyfiles/parsyfiles/tests/old/./custom_old_demo/case2/input_b (singlefile, .txt) cannot be parsed as a HTTPStatus because no parser supporting that type is registered for singlefile, .txt.
 If you wish to parse this object from this extension, you may wish to parse it as one of the following supported types : {&lt;class &apos;test_parsyfiles_old.TestDemo.test_old_demo.&lt;locals&gt;.OpConfig&apos;&gt;, &lt;class &apos;int&apos;&gt;}. 
Otherwise, please register a new parser for type HTTPStatus and extension singlefile, .txt
 Reminder: use print_capabilities_by_ext() and print_capabilities_by_type() to diagnose what are the parsers available
NoParserFoundForObjectType - /home/travis/build/smarie/python-parsyfiles/parsyfiles/tests/old/./custom_old_demo/case2/input_b (singlefile, .txt) cannot be parsed as a _SSLMethod because no parser supporting that type is registered for singlefile, .txt.
 If you wish to parse this object from this extension, you may wish to parse it as one of the following supported types : {&lt;class &apos;test_parsyfiles_old.TestDemo.test_old_demo.&lt;locals&gt;.OpConfig&apos;&gt;, &lt;class &apos;int&apos;&gt;}. 
Otherwise, please register a new parser for type _SSLMethod and extension singlefile, .txt
 Reminder: use print_capabilities_by_ext() and print_capabilities_by_type() to diagnose what are the parsers available
NoParserFoundForObjectType - /home/travis/build/smarie/python-parsyfiles/parsyfiles/tests/old/./custom_old_demo/case2/input_b (singlefile, .txt) cannot be parsed as a _ParameterKind because no parser supporting that type is registered for singlefile, .txt.
 If you wish to parse this object from this extension, you may wish to parse it as one of the following supported types : {&lt;class &apos;test_parsyfiles_old.TestDemo.test_old_demo.&lt;locals&gt;.OpConfig&apos;&gt;, &lt;class &apos;int&apos;&gt;}. 
Otherwise, please register a new parser for type _ParameterKind and extension singlefile, .txt
 Reminder: use print_capabilities_by_ext() and print_capabilities_by_type() to diagnose what are the parsers available
NoParserFoundForObjectType - /home/travis/build/smarie/python-parsyfiles/parsyfiles/tests/old/./custom_old_demo/case2/input_b (singlefile, .txt) cannot be parsed as a Sigmasks because no parser supporting that type is registered for singlefile, .txt.
 If you wish to parse this object from this extension, you may wish to parse it as one of the following supported types : {&lt;class &apos;test_parsyfiles_old.TestDemo.test_old_demo.&lt;locals&gt;.OpConfig&apos;&gt;, &lt;class &apos;int&apos;&gt;}. 
Otherwise, please register a new parser for type Sigmasks and extension singlefile, .txt
 Reminder: use print_capabilities_by_ext() and print_capabilities_by_type() to diagnose what are the parsers available
NoParserFoundForObjectType - /home/travis/build/smarie/python-parsyfiles/parsyfiles/tests/old/./custom_old_demo/case2/input_b (singlefile, .txt) cannot be parsed as a Handlers because no parser supporting that type is registered for singlefile, .txt.
 If you wish to parse this object from this extension, you may wish to parse it as one of the following supported types : {&lt;class &apos;test_parsyfiles_old.TestDemo.test_old_demo.&lt;locals&gt;.OpConfig&apos;&gt;, &lt;class &apos;int&apos;&gt;}. 
Otherwise, please register a new parser for type Handlers and extension singlefile, .txt
 Reminder: use print_capabilities_by_ext() and print_capabilities_by_type() to diagnose what are the parsers available
NoParserFoundForObjectType - /home/travis/build/smarie/python-parsyfiles/parsyfiles/tests/old/./custom_old_demo/case2/input_b (singlefile, .txt) cannot be parsed as a AddressFamily because no parser supporting that type is registered for singlefile, .txt.
 If you wish to parse this object from this extension, you may wish to parse it as one of the following supported types : {&lt;class &apos;test_parsyfiles_old.TestDemo.test_old_demo.&lt;locals&gt;.OpConfig&apos;&gt;, &lt;class &apos;int&apos;&gt;}. 
Otherwise, please register a new parser for type AddressFamily and extension singlefile, .txt
 Reminder: use print_capabilities_by_ext() and print_capabilities_by_type() to diagnose what are the parsers available
(B)                                                                                       |--input_b.txt -&gt; int ------- using &lt;test_parse_int_file&gt;
(B)                                                                                       |--options.txt -&gt; OpConfig ------- using &lt;test_parse_configuration_txt_file&gt;
NoParserFoundForObjectType - /home/travis/build/smarie/python-parsyfiles/parsyfiles/tests/old/./custom_old_demo/case2/output (singlefile, .txt) cannot be parsed as a bool because no parser supporting that type is registered for singlefile, .txt.
 If you wish to parse this object from this extension, you may wish to parse it as one of the following supported types : {&lt;class &apos;test_parsyfiles_old.TestDemo.test_old_demo.&lt;locals&gt;.OpConfig&apos;&gt;, &lt;class &apos;int&apos;&gt;}. 
Otherwise, please register a new parser for type bool and extension singlefile, .txt
 Reminder: use print_capabilities_by_ext() and print_capabilities_by_type() to diagnose what are the parsers available
NoParserFoundForObjectType - /home/travis/build/smarie/python-parsyfiles/parsyfiles/tests/old/./custom_old_demo/case2/output (singlefile, .txt) cannot be parsed as a _NamedIntConstant because no parser supporting that type is registered for singlefile, .txt.
 If you wish to parse this object from this extension, you may wish to parse it as one of the following supported types : {&lt;class &apos;test_parsyfiles_old.TestDemo.test_old_demo.&lt;locals&gt;.OpConfig&apos;&gt;, &lt;class &apos;int&apos;&gt;}. 
Otherwise, please register a new parser for type _NamedIntConstant and extension singlefile, .txt
 Reminder: use print_capabilities_by_ext() and print_capabilities_by_type() to diagnose what are the parsers available
NoParserFoundForObjectType - /home/travis/build/smarie/python-parsyfiles/parsyfiles/tests/old/./custom_old_demo/case2/output (singlefile, .txt) cannot be parsed as a IntEnum because no parser supporting that type is registered for singlefile, .txt.
 If you wish to parse this object from this extension, you may wish to parse it as one of the following supported types : {&lt;class &apos;test_parsyfiles_old.TestDemo.test_old_demo.&lt;locals&gt;.OpConfig&apos;&gt;, &lt;class &apos;int&apos;&gt;}. 
Otherwise, please register a new parser for type IntEnum and extension singlefile, .txt
 Reminder: use print_capabilities_by_ext() and print_capabilities_by_type() to diagnose what are the parsers available
NoParserFoundForObjectType - /home/travis/build/smarie/python-parsyfiles/parsyfiles/tests/old/./custom_old_demo/case2/output (singlefile, .txt) cannot be parsed as a Signals because no parser supporting that type is registered for singlefile, .txt.
 If you wish to parse this object from this extension, you may wish to parse it as one of the following supported types : {&lt;class &apos;test_parsyfiles_old.TestDemo.test_old_demo.&lt;locals&gt;.OpConfig&apos;&gt;, &lt;class &apos;int&apos;&gt;}. 
Otherwise, please register a new parser for type Signals and extension singlefile, .txt
 Reminder: use print_capabilities_by_ext() and print_capabilities_by_type() to diagnose what are the parsers available
NoParserFoundForObjectType - /home/travis/build/smarie/python-parsyfiles/parsyfiles/tests/old/./custom_old_demo/case2/output (singlefile, .txt) cannot be parsed as a SocketKind because no parser supporting that type is registered for singlefile, .txt.
 If you wish to parse this object from this extension, you may wish to parse it as one of the following supported types : {&lt;class &apos;test_parsyfiles_old.TestDemo.test_old_demo.&lt;locals&gt;.OpConfig&apos;&gt;, &lt;class &apos;int&apos;&gt;}. 
Otherwise, please register a new parser for type SocketKind and extension singlefile, .txt
 Reminder: use print_capabilities_by_ext() and print_capabilities_by_type() to diagnose what are the parsers available
NoParserFoundForObjectType - /home/travis/build/smarie/python-parsyfiles/parsyfiles/tests/old/./custom_old_demo/case2/output (singlefile, .txt) cannot be parsed as a HTTPStatus because no parser supporting that type is registered for singlefile, .txt.
 If you wish to parse this object from this extension, you may wish to parse it as one of the following supported types : {&lt;class &apos;test_parsyfiles_old.TestDemo.test_old_demo.&lt;locals&gt;.OpConfig&apos;&gt;, &lt;class &apos;int&apos;&gt;}. 
Otherwise, please register a new parser for type HTTPStatus and extension singlefile, .txt
 Reminder: use print_capabilities_by_ext() and print_capabilities_by_type() to diagnose what are the parsers available
NoParserFoundForObjectType - /home/travis/build/smarie/python-parsyfiles/parsyfiles/tests/old/./custom_old_demo/case2/output (singlefile, .txt) cannot be parsed as a _SSLMethod because no parser supporting that type is registered for singlefile, .txt.
 If you wish to parse this object from this extension, you may wish to parse it as one of the following supported types : {&lt;class &apos;test_parsyfiles_old.TestDemo.test_old_demo.&lt;locals&gt;.OpConfig&apos;&gt;, &lt;class &apos;int&apos;&gt;}. 
Otherwise, please register a new parser for type _SSLMethod and extension singlefile, .txt
 Reminder: use print_capabilities_by_ext() and print_capabilities_by_type() to diagnose what are the parsers available
NoParserFoundForObjectType - /home/travis/build/smarie/python-parsyfiles/parsyfiles/tests/old/./custom_old_demo/case2/output (singlefile, .txt) cannot be parsed as a _ParameterKind because no parser supporting that type is registered for singlefile, .txt.
 If you wish to parse this object from this extension, you may wish to parse it as one of the following supported types : {&lt;class &apos;test_parsyfiles_old.TestDemo.test_old_demo.&lt;locals&gt;.OpConfig&apos;&gt;, &lt;class &apos;int&apos;&gt;}. 
Otherwise, please register a new parser for type _ParameterKind and extension singlefile, .txt
 Reminder: use print_capabilities_by_ext() and print_capabilities_by_type() to diagnose what are the parsers available
NoParserFoundForObjectType - /home/travis/build/smarie/python-parsyfiles/parsyfiles/tests/old/./custom_old_demo/case2/output (singlefile, .txt) cannot be parsed as a Sigmasks because no parser supporting that type is registered for singlefile, .txt.
 If you wish to parse this object from this extension, you may wish to parse it as one of the following supported types : {&lt;class &apos;test_parsyfiles_old.TestDemo.test_old_demo.&lt;locals&gt;.OpConfig&apos;&gt;, &lt;class &apos;int&apos;&gt;}. 
Otherwise, please register a new parser for type Sigmasks and extension singlefile, .txt
 Reminder: use print_capabilities_by_ext() and print_capabilities_by_type() to diagnose what are the parsers available
NoParserFoundForObjectType - /home/travis/build/smarie/python-parsyfiles/parsyfiles/tests/old/./custom_old_demo/case2/output (singlefile, .txt) cannot be parsed as a Handlers because no parser supporting that type is registered for singlefile, .txt.
 If you wish to parse this object from this extension, you may wish to parse it as one of the following supported types : {&lt;class &apos;test_parsyfiles_old.TestDemo.test_old_demo.&lt;locals&gt;.OpConfig&apos;&gt;, &lt;class &apos;int&apos;&gt;}. 
Otherwise, please register a new parser for type Handlers and extension singlefile, .txt
 Reminder: use print_capabilities_by_ext() and print_capabilities_by_type() to diagnose what are the parsers available
NoParserFoundForObjectType - /home/travis/build/smarie/python-parsyfiles/parsyfiles/tests/old/./custom_old_demo/case2/output (singlefile, .txt) cannot be parsed as a AddressFamily because no parser supporting that type is registered for singlefile, .txt.
 If you wish to parse this object from this extension, you may wish to parse it as one of the following supported types : {&lt;class &apos;test_parsyfiles_old.TestDemo.test_old_demo.&lt;locals&gt;.OpConfig&apos;&gt;, &lt;class &apos;int&apos;&gt;}. 
Otherwise, please register a new parser for type AddressFamily and extension singlefile, .txt
 Reminder: use print_capabilities_by_ext() and print_capabilities_by_type() to diagnose what are the parsers available
(B)                                                                                       |--output.txt -&gt; int ------- using &lt;test_parse_int_file&gt;
(B)                                                                                 |--case3 -&gt; OpTestCase ------- using Multifile Object parser (parsyfiles defaults+test custom functions)
NoParserFoundForObjectType - /home/travis/build/smarie/python-parsyfiles/parsyfiles/tests/old/./custom_old_demo/case3/input_a (singlefile, .txt) cannot be parsed as a bool because no parser supporting that type is registered for singlefile, .txt.
 If you wish to parse this object from this extension, you may wish to parse it as one of the following supported types : {&lt;class &apos;test_parsyfiles_old.TestDemo.test_old_demo.&lt;locals&gt;.OpConfig&apos;&gt;, &lt;class &apos;int&apos;&gt;}. 
Otherwise, please register a new parser for type bool and extension singlefile, .txt
 Reminder: use print_capabilities_by_ext() and print_capabilities_by_type() to diagnose what are the parsers available
NoParserFoundForObjectType - /home/travis/build/smarie/python-parsyfiles/parsyfiles/tests/old/./custom_old_demo/case3/input_a (singlefile, .txt) cannot be parsed as a _NamedIntConstant because no parser supporting that type is registered for singlefile, .txt.
 If you wish to parse this object from this extension, you may wish to parse it as one of the following supported types : {&lt;class &apos;test_parsyfiles_old.TestDemo.test_old_demo.&lt;locals&gt;.OpConfig&apos;&gt;, &lt;class &apos;int&apos;&gt;}. 
Otherwise, please register a new parser for type _NamedIntConstant and extension singlefile, .txt
 Reminder: use print_capabilities_by_ext() and print_capabilities_by_type() to diagnose what are the parsers available
NoParserFoundForObjectType - /home/travis/build/smarie/python-parsyfiles/parsyfiles/tests/old/./custom_old_demo/case3/input_a (singlefile, .txt) cannot be parsed as a IntEnum because no parser supporting that type is registered for singlefile, .txt.
 If you wish to parse this object from this extension, you may wish to parse it as one of the following supported types : {&lt;class &apos;test_parsyfiles_old.TestDemo.test_old_demo.&lt;locals&gt;.OpConfig&apos;&gt;, &lt;class &apos;int&apos;&gt;}. 
Otherwise, please register a new parser for type IntEnum and extension singlefile, .txt
 Reminder: use print_capabilities_by_ext() and print_capabilities_by_type() to diagnose what are the parsers available
NoParserFoundForObjectType - /home/travis/build/smarie/python-parsyfiles/parsyfiles/tests/old/./custom_old_demo/case3/input_a (singlefile, .txt) cannot be parsed as a Signals because no parser supporting that type is registered for singlefile, .txt.
 If you wish to parse this object from this extension, you may wish to parse it as one of the following supported types : {&lt;class &apos;test_parsyfiles_old.TestDemo.test_old_demo.&lt;locals&gt;.OpConfig&apos;&gt;, &lt;class &apos;int&apos;&gt;}. 
Otherwise, please register a new parser for type Signals and extension singlefile, .txt
 Reminder: use print_capabilities_by_ext() and print_capabilities_by_type() to diagnose what are the parsers available
NoParserFoundForObjectType - /home/travis/build/smarie/python-parsyfiles/parsyfiles/tests/old/./custom_old_demo/case3/input_a (singlefile, .txt) cannot be parsed as a SocketKind because no parser supporting that type is registered for singlefile, .txt.
 If you wish to parse this object from this extension, you may wish to parse it as one of the following supported types : {&lt;class &apos;test_parsyfiles_old.TestDemo.test_old_demo.&lt;locals&gt;.OpConfig&apos;&gt;, &lt;class &apos;int&apos;&gt;}. 
Otherwise, please register a new parser for type SocketKind and extension singlefile, .txt
 Reminder: use print_capabilities_by_ext() and print_capabilities_by_type() to diagnose what are the parsers available
NoParserFoundForObjectType - /home/travis/build/smarie/python-parsyfiles/parsyfiles/tests/old/./custom_old_demo/case3/input_a (singlefile, .txt) cannot be parsed as a HTTPStatus because no parser supporting that type is registered for singlefile, .txt.
 If you wish to parse this object from this extension, you may wish to parse it as one of the following supported types : {&lt;class &apos;test_parsyfiles_old.TestDemo.test_old_demo.&lt;locals&gt;.OpConfig&apos;&gt;, &lt;class &apos;int&apos;&gt;}. 
Otherwise, please register a new parser for type HTTPStatus and extension singlefile, .txt
 Reminder: use print_capabilities_by_ext() and print_capabilities_by_type() to diagnose what are the parsers available
NoParserFoundForObjectType - /home/travis/build/smarie/python-parsyfiles/parsyfiles/tests/old/./custom_old_demo/case3/input_a (singlefile, .txt) cannot be parsed as a _SSLMethod because no parser supporting that type is registered for singlefile, .txt.
 If you wish to parse this object from this extension, you may wish to parse it as one of the following supported types : {&lt;class &apos;test_parsyfiles_old.TestDemo.test_old_demo.&lt;locals&gt;.OpConfig&apos;&gt;, &lt;class &apos;int&apos;&gt;}. 
Otherwise, please register a new parser for type _SSLMethod and extension singlefile, .txt
 Reminder: use print_capabilities_by_ext() and print_capabilities_by_type() to diagnose what are the parsers available
NoParserFoundForObjectType - /home/travis/build/smarie/python-parsyfiles/parsyfiles/tests/old/./custom_old_demo/case3/input_a (singlefile, .txt) cannot be parsed as a _ParameterKind because no parser supporting that type is registered for singlefile, .txt.
 If you wish to parse this object from this extension, you may wish to parse it as one of the following supported types : {&lt;class &apos;test_parsyfiles_old.TestDemo.test_old_demo.&lt;locals&gt;.OpConfig&apos;&gt;, &lt;class &apos;int&apos;&gt;}. 
Otherwise, please register a new parser for type _ParameterKind and extension singlefile, .txt
 Reminder: use print_capabilities_by_ext() and print_capabilities_by_type() to diagnose what are the parsers available
NoParserFoundForObjectType - /home/travis/build/smarie/python-parsyfiles/parsyfiles/tests/old/./custom_old_demo/case3/input_a (singlefile, .txt) cannot be parsed as a Sigmasks because no parser supporting that type is registered for singlefile, .txt.
 If you wish to parse this object from this extension, you may wish to parse it as one of the following supported types : {&lt;class &apos;test_parsyfiles_old.TestDemo.test_old_demo.&lt;locals&gt;.OpConfig&apos;&gt;, &lt;class &apos;int&apos;&gt;}. 
Otherwise, please register a new parser for type Sigmasks and extension singlefile, .txt
 Reminder: use print_capabilities_by_ext() and print_capabilities_by_type() to diagnose what are the parsers available
NoParserFoundForObjectType - /home/travis/build/smarie/python-parsyfiles/parsyfiles/tests/old/./custom_old_demo/case3/input_a (singlefile, .txt) cannot be parsed as a Handlers because no parser supporting that type is registered for singlefile, .txt.
 If you wish to parse this object from this extension, you may wish to parse it as one of the following supported types : {&lt;class &apos;test_parsyfiles_old.TestDemo.test_old_demo.&lt;locals&gt;.OpConfig&apos;&gt;, &lt;class &apos;int&apos;&gt;}. 
Otherwise, please register a new parser for type Handlers and extension singlefile, .txt
 Reminder: use print_capabilities_by_ext() and print_capabilities_by_type() to diagnose what are the parsers available
NoParserFoundForObjectType - /home/travis/build/smarie/python-parsyfiles/parsyfiles/tests/old/./custom_old_demo/case3/input_a (singlefile, .txt) cannot be parsed as a AddressFamily because no parser supporting that type is registered for singlefile, .txt.
 If you wish to parse this object from this extension, you may wish to parse it as one of the following supported types : {&lt;class &apos;test_parsyfiles_old.TestDemo.test_old_demo.&lt;locals&gt;.OpConfig&apos;&gt;, &lt;class &apos;int&apos;&gt;}. 
Otherwise, please register a new parser for type AddressFamily and extension singlefile, .txt
 Reminder: use print_capabilities_by_ext() and print_capabilities_by_type() to diagnose what are the parsers available
(B)                                                                                       |--input_a.txt -&gt; int ------- using &lt;test_parse_int_file&gt;
NoParserFoundForObjectType - /home/travis/build/smarie/python-parsyfiles/parsyfiles/tests/old/./custom_old_demo/case3/input_b (singlefile, .txt) cannot be parsed as a bool because no parser supporting that type is registered for singlefile, .txt.
 If you wish to parse this object from this extension, you may wish to parse it as one of the following supported types : {&lt;class &apos;test_parsyfiles_old.TestDemo.test_old_demo.&lt;locals&gt;.OpConfig&apos;&gt;, &lt;class &apos;int&apos;&gt;}. 
Otherwise, please register a new parser for type bool and extension singlefile, .txt
 Reminder: use print_capabilities_by_ext() and print_capabilities_by_type() to diagnose what are the parsers available
NoParserFoundForObjectType - /home/travis/build/smarie/python-parsyfiles/parsyfiles/tests/old/./custom_old_demo/case3/input_b (singlefile, .txt) cannot be parsed as a _NamedIntConstant because no parser supporting that type is registered for singlefile, .txt.
 If you wish to parse this object from this extension, you may wish to parse it as one of the following supported types : {&lt;class &apos;test_parsyfiles_old.TestDemo.test_old_demo.&lt;locals&gt;.OpConfig&apos;&gt;, &lt;class &apos;int&apos;&gt;}. 
Otherwise, please register a new parser for type _NamedIntConstant and extension singlefile, .txt
 Reminder: use print_capabilities_by_ext() and print_capabilities_by_type() to diagnose what are the parsers available
NoParserFoundForObjectType - /home/travis/build/smarie/python-parsyfiles/parsyfiles/tests/old/./custom_old_demo/case3/input_b (singlefile, .txt) cannot be parsed as a IntEnum because no parser supporting that type is registered for singlefile, .txt.
 If you wish to parse this object from this extension, you may wish to parse it as one of the following supported types : {&lt;class &apos;test_parsyfiles_old.TestDemo.test_old_demo.&lt;locals&gt;.OpConfig&apos;&gt;, &lt;class &apos;int&apos;&gt;}. 
Otherwise, please register a new parser for type IntEnum and extension singlefile, .txt
 Reminder: use print_capabilities_by_ext() and print_capabilities_by_type() to diagnose what are the parsers available
NoParserFoundForObjectType - /home/travis/build/smarie/python-parsyfiles/parsyfiles/tests/old/./custom_old_demo/case3/input_b (singlefile, .txt) cannot be parsed as a Signals because no parser supporting that type is registered for singlefile, .txt.
 If you wish to parse this object from this extension, you may wish to parse it as one of the following supported types : {&lt;class &apos;test_parsyfiles_old.TestDemo.test_old_demo.&lt;locals&gt;.OpConfig&apos;&gt;, &lt;class &apos;int&apos;&gt;}. 
Otherwise, please register a new parser for type Signals and extension singlefile, .txt
 Reminder: use print_capabilities_by_ext() and print_capabilities_by_type() to diagnose what are the parsers available
NoParserFoundForObjectType - /home/travis/build/smarie/python-parsyfiles/parsyfiles/tests/old/./custom_old_demo/case3/input_b (singlefile, .txt) cannot be parsed as a SocketKind because no parser supporting that type is registered for singlefile, .txt.
 If you wish to parse this object from this extension, you may wish to parse it as one of the following supported types : {&lt;class &apos;test_parsyfiles_old.TestDemo.test_old_demo.&lt;locals&gt;.OpConfig&apos;&gt;, &lt;class &apos;int&apos;&gt;}. 
Otherwise, please register a new parser for type SocketKind and extension singlefile, .txt
 Reminder: use print_capabilities_by_ext() and print_capabilities_by_type() to diagnose what are the parsers available
NoParserFoundForObjectType - /home/travis/build/smarie/python-parsyfiles/parsyfiles/tests/old/./custom_old_demo/case3/input_b (singlefile, .txt) cannot be parsed as a HTTPStatus because no parser supporting that type is registered for singlefile, .txt.
 If you wish to parse this object from this extension, you may wish to parse it as one of the following supported types : {&lt;class &apos;test_parsyfiles_old.TestDemo.test_old_demo.&lt;locals&gt;.OpConfig&apos;&gt;, &lt;class &apos;int&apos;&gt;}. 
Otherwise, please register a new parser for type HTTPStatus and extension singlefile, .txt
 Reminder: use print_capabilities_by_ext() and print_capabilities_by_type() to diagnose what are the parsers available
NoParserFoundForObjectType - /home/travis/build/smarie/python-parsyfiles/parsyfiles/tests/old/./custom_old_demo/case3/input_b (singlefile, .txt) cannot be parsed as a _SSLMethod because no parser supporting that type is registered for singlefile, .txt.
 If you wish to parse this object from this extension, you may wish to parse it as one of the following supported types : {&lt;class &apos;test_parsyfiles_old.TestDemo.test_old_demo.&lt;locals&gt;.OpConfig&apos;&gt;, &lt;class &apos;int&apos;&gt;}. 
Otherwise, please register a new parser for type _SSLMethod and extension singlefile, .txt
 Reminder: use print_capabilities_by_ext() and print_capabilities_by_type() to diagnose what are the parsers available
NoParserFoundForObjectType - /home/travis/build/smarie/python-parsyfiles/parsyfiles/tests/old/./custom_old_demo/case3/input_b (singlefile, .txt) cannot be parsed as a _ParameterKind because no parser supporting that type is registered for singlefile, .txt.
 If you wish to parse this object from this extension, you may wish to parse it as one of the following supported types : {&lt;class &apos;test_parsyfiles_old.TestDemo.test_old_demo.&lt;locals&gt;.OpConfig&apos;&gt;, &lt;class &apos;int&apos;&gt;}. 
Otherwise, please register a new parser for type _ParameterKind and extension singlefile, .txt
 Reminder: use print_capabilities_by_ext() and print_capabilities_by_type() to diagnose what are the parsers available
NoParserFoundForObjectType - /home/travis/build/smarie/python-parsyfiles/parsyfiles/tests/old/./custom_old_demo/case3/input_b (singlefile, .txt) cannot be parsed as a Sigmasks because no parser supporting that type is registered for singlefile, .txt.
 If you wish to parse this object from this extension, you may wish to parse it as one of the following supported types : {&lt;class &apos;test_parsyfiles_old.TestDemo.test_old_demo.&lt;locals&gt;.OpConfig&apos;&gt;, &lt;class &apos;int&apos;&gt;}. 
Otherwise, please register a new parser for type Sigmasks and extension singlefile, .txt
 Reminder: use print_capabilities_by_ext() and print_capabilities_by_type() to diagnose what are the parsers available
NoParserFoundForObjectType - /home/travis/build/smarie/python-parsyfiles/parsyfiles/tests/old/./custom_old_demo/case3/input_b (singlefile, .txt) cannot be parsed as a Handlers because no parser supporting that type is registered for singlefile, .txt.
 If you wish to parse this object from this extension, you may wish to parse it as one of the following supported types : {&lt;class &apos;test_parsyfiles_old.TestDemo.test_old_demo.&lt;locals&gt;.OpConfig&apos;&gt;, &lt;class &apos;int&apos;&gt;}. 
Otherwise, please register a new parser for type Handlers and extension singlefile, .txt
 Reminder: use print_capabilities_by_ext() and print_capabilities_by_type() to diagnose what are the parsers available
NoParserFoundForObjectType - /home/travis/build/smarie/python-parsyfiles/parsyfiles/tests/old/./custom_old_demo/case3/input_b (singlefile, .txt) cannot be parsed as a AddressFamily because no parser supporting that type is registered for singlefile, .txt.
 If you wish to parse this object from this extension, you may wish to parse it as one of the following supported types : {&lt;class &apos;test_parsyfiles_old.TestDemo.test_old_demo.&lt;locals&gt;.OpConfig&apos;&gt;, &lt;class &apos;int&apos;&gt;}. 
Otherwise, please register a new parser for type AddressFamily and extension singlefile, .txt
 Reminder: use print_capabilities_by_ext() and print_capabilities_by_type() to diagnose what are the parsers available
(B)                                                                                       |--input_b.txt -&gt; int ------- using &lt;test_parse_int_file&gt;
(B)                                                                                       |--options.cfg -&gt; OpConfig ------- using &lt;test_parse_configuration_cfg_file&gt;
NoParserFoundForObjectType - /home/travis/build/smarie/python-parsyfiles/parsyfiles/tests/old/./custom_old_demo/case3/output (singlefile, .txt) cannot be parsed as a bool because no parser supporting that type is registered for singlefile, .txt.
 If you wish to parse this object from this extension, you may wish to parse it as one of the following supported types : {&lt;class &apos;test_parsyfiles_old.TestDemo.test_old_demo.&lt;locals&gt;.OpConfig&apos;&gt;, &lt;class &apos;int&apos;&gt;}. 
Otherwise, please register a new parser for type bool and extension singlefile, .txt
 Reminder: use print_capabilities_by_ext() and print_capabilities_by_type() to diagnose what are the parsers available
NoParserFoundForObjectType - /home/travis/build/smarie/python-parsyfiles/parsyfiles/tests/old/./custom_old_demo/case3/output (singlefile, .txt) cannot be parsed as a _NamedIntConstant because no parser supporting that type is registered for singlefile, .txt.
 If you wish to parse this object from this extension, you may wish to parse it as one of the following supported types : {&lt;class &apos;test_parsyfiles_old.TestDemo.test_old_demo.&lt;locals&gt;.OpConfig&apos;&gt;, &lt;class &apos;int&apos;&gt;}. 
Otherwise, please register a new parser for type _NamedIntConstant and extension singlefile, .txt
 Reminder: use print_capabilities_by_ext() and print_capabilities_by_type() to diagnose what are the parsers available
NoParserFoundForObjectType - /home/travis/build/smarie/python-parsyfiles/parsyfiles/tests/old/./custom_old_demo/case3/output (singlefile, .txt) cannot be parsed as a IntEnum because no parser supporting that type is registered for singlefile, .txt.
 If you wish to parse this object from this extension, you may wish to parse it as one of the following supported types : {&lt;class &apos;test_parsyfiles_old.TestDemo.test_old_demo.&lt;locals&gt;.OpConfig&apos;&gt;, &lt;class &apos;int&apos;&gt;}. 
Otherwise, please register a new parser for type IntEnum and extension singlefile, .txt
 Reminder: use print_capabilities_by_ext() and print_capabilities_by_type() to diagnose what are the parsers available
NoParserFoundForObjectType - /home/travis/build/smarie/python-parsyfiles/parsyfiles/tests/old/./custom_old_demo/case3/output (singlefile, .txt) cannot be parsed as a Signals because no parser supporting that type is registered for singlefile, .txt.
 If you wish to parse this object from this extension, you may wish to parse it as one of the following supported types : {&lt;class &apos;test_parsyfiles_old.TestDemo.test_old_demo.&lt;locals&gt;.OpConfig&apos;&gt;, &lt;class &apos;int&apos;&gt;}. 
Otherwise, please register a new parser for type Signals and extension singlefile, .txt
 Reminder: use print_capabilities_by_ext() and print_capabilities_by_type() to diagnose what are the parsers available
NoParserFoundForObjectType - /home/travis/build/smarie/python-parsyfiles/parsyfiles/tests/old/./custom_old_demo/case3/output (singlefile, .txt) cannot be parsed as a SocketKind because no parser supporting that type is registered for singlefile, .txt.
 If you wish to parse this object from this extension, you may wish to parse it as one of the following supported types : {&lt;class &apos;test_parsyfiles_old.TestDemo.test_old_demo.&lt;locals&gt;.OpConfig&apos;&gt;, &lt;class &apos;int&apos;&gt;}. 
Otherwise, please register a new parser for type SocketKind and extension singlefile, .txt
 Reminder: use print_capabilities_by_ext() and print_capabilities_by_type() to diagnose what are the parsers available
NoParserFoundForObjectType - /home/travis/build/smarie/python-parsyfiles/parsyfiles/tests/old/./custom_old_demo/case3/output (singlefile, .txt) cannot be parsed as a HTTPStatus because no parser supporting that type is registered for singlefile, .txt.
 If you wish to parse this object from this extension, you may wish to parse it as one of the following supported types : {&lt;class &apos;test_parsyfiles_old.TestDemo.test_old_demo.&lt;locals&gt;.OpConfig&apos;&gt;, &lt;class &apos;int&apos;&gt;}. 
Otherwise, please register a new parser for type HTTPStatus and extension singlefile, .txt
 Reminder: use print_capabilities_by_ext() and print_capabilities_by_type() to diagnose what are the parsers available
NoParserFoundForObjectType - /home/travis/build/smarie/python-parsyfiles/parsyfiles/tests/old/./custom_old_demo/case3/output (singlefile, .txt) cannot be parsed as a _SSLMethod because no parser supporting that type is registered for singlefile, .txt.
 If you wish to parse this object from this extension, you may wish to parse it as one of the following supported types : {&lt;class &apos;test_parsyfiles_old.TestDemo.test_old_demo.&lt;locals&gt;.OpConfig&apos;&gt;, &lt;class &apos;int&apos;&gt;}. 
Otherwise, please register a new parser for type _SSLMethod and extension singlefile, .txt
 Reminder: use print_capabilities_by_ext() and print_capabilities_by_type() to diagnose what are the parsers available
NoParserFoundForObjectType - /home/travis/build/smarie/python-parsyfiles/parsyfiles/tests/old/./custom_old_demo/case3/output (singlefile, .txt) cannot be parsed as a _ParameterKind because no parser supporting that type is registered for singlefile, .txt.
 If you wish to parse this object from this extension, you may wish to parse it as one of the following supported types : {&lt;class &apos;test_parsyfiles_old.TestDemo.test_old_demo.&lt;locals&gt;.OpConfig&apos;&gt;, &lt;class &apos;int&apos;&gt;}. 
Otherwise, please register a new parser for type _ParameterKind and extension singlefile, .txt
 Reminder: use print_capabilities_by_ext() and print_capabilities_by_type() to diagnose what are the parsers available
NoParserFoundForObjectType - /home/travis/build/smarie/python-parsyfiles/parsyfiles/tests/old/./custom_old_demo/case3/output (singlefile, .txt) cannot be parsed as a Sigmasks because no parser supporting that type is registered for singlefile, .txt.
 If you wish to parse this object from this extension, you may wish to parse it as one of the following supported types : {&lt;class &apos;test_parsyfiles_old.TestDemo.test_old_demo.&lt;locals&gt;.OpConfig&apos;&gt;, &lt;class &apos;int&apos;&gt;}. 
Otherwise, please register a new parser for type Sigmasks and extension singlefile, .txt
 Reminder: use print_capabilities_by_ext() and print_capabilities_by_type() to diagnose what are the parsers available
NoParserFoundForObjectType - /home/travis/build/smarie/python-parsyfiles/parsyfiles/tests/old/./custom_old_demo/case3/output (singlefile, .txt) cannot be parsed as a Handlers because no parser supporting that type is registered for singlefile, .txt.
 If you wish to parse this object from this extension, you may wish to parse it as one of the following supported types : {&lt;class &apos;test_parsyfiles_old.TestDemo.test_old_demo.&lt;locals&gt;.OpConfig&apos;&gt;, &lt;class &apos;int&apos;&gt;}. 
Otherwise, please register a new parser for type Handlers and extension singlefile, .txt
 Reminder: use print_capabilities_by_ext() and print_capabilities_by_type() to diagnose what are the parsers available
NoParserFoundForObjectType - /home/travis/build/smarie/python-parsyfiles/parsyfiles/tests/old/./custom_old_demo/case3/output (singlefile, .txt) cannot be parsed as a AddressFamily because no parser supporting that type is registered for singlefile, .txt.
 If you wish to parse this object from this extension, you may wish to parse it as one of the following supported types : {&lt;class &apos;test_parsyfiles_old.TestDemo.test_old_demo.&lt;locals&gt;.OpConfig&apos;&gt;, &lt;class &apos;int&apos;&gt;}. 
Otherwise, please register a new parser for type AddressFamily and extension singlefile, .txt
 Reminder: use print_capabilities_by_ext() and print_capabilities_by_type() to diagnose what are the parsers available
(B)                                                                                       |--output.txt -&gt; int ------- using &lt;test_parse_int_file&gt;
Parsing Plan created successfully

Executing Parsing Plan for [/home/travis/build/smarie/python-parsyfiles/parsyfiles/tests/old/./custom_old_demo]
(P) /home/travis/build/smarie/python-parsyfiles/parsyfiles/tests/old/./custom_old_demo -&gt; Dict[str, OpTestCase] ------- using Multifile Collection parser (parsyfiles defaults+test custom functions)
(P)                                                                                 |--case1 -&gt; OpTestCase ------- using Multifile Object parser (parsyfiles defaults+test custom functions)
(P)                                                                                       |--input_a.txt -&gt; int ------- using &lt;test_parse_int_file&gt;
(P)                                                                                       |--input_a.txt -&gt; int SUCCESS !
(P)                                                                                       |--input_b.txt -&gt; int ------- using &lt;test_parse_int_file&gt;
(P)                                                                                       |--input_b.txt -&gt; int SUCCESS !
(P)                                                                                       |--output.txt -&gt; int ------- using &lt;test_parse_int_file&gt;
(P)                                                                                       |--output.txt -&gt; int SUCCESS !
(P)                                                                                 |--case1 -&gt; OpTestCase SUCCESS !
(P)                                                                                 |--case2 -&gt; OpTestCase ------- using Multifile Object parser (parsyfiles defaults+test custom functions)
(P)                                                                                       |--input_a.txt -&gt; int ------- using &lt;test_parse_int_file&gt;
(P)                                                                                       |--input_a.txt -&gt; int SUCCESS !
(P)                                                                                       |--input_b.txt -&gt; int ------- using &lt;test_parse_int_file&gt;
(P)                                                                                       |--input_b.txt -&gt; int SUCCESS !
(P)                                                                                       |--options.txt -&gt; OpConfig ------- using &lt;test_parse_configuration_txt_file&gt;
(P)                                                                                       |--options.txt -&gt; OpConfig SUCCESS !
(P)                                                                                       |--output.txt -&gt; int ------- using &lt;test_parse_int_file&gt;
(P)                                                                                       |--output.txt -&gt; int SUCCESS !
(P)                                                                                 |--case2 -&gt; OpTestCase SUCCESS !
(P)                                                                                 |--case3 -&gt; OpTestCase ------- using Multifile Object parser (parsyfiles defaults+test custom functions)
(P)                                                                                       |--input_a.txt -&gt; int ------- using &lt;test_parse_int_file&gt;
(P)                                                                                       |--input_a.txt -&gt; int SUCCESS !
(P)                                                                                       |--input_b.txt -&gt; int ------- using &lt;test_parse_int_file&gt;
(P)                                                                                       |--input_b.txt -&gt; int SUCCESS !
(P)                                                                                       |--options.cfg -&gt; OpConfig ------- using &lt;test_parse_configuration_cfg_file&gt;
(P)                                                                                       |--options.cfg -&gt; OpConfig SUCCESS !
(P)                                                                                       |--output.txt -&gt; int ------- using &lt;test_parse_int_file&gt;
(P)                                                                                       |--output.txt -&gt; int SUCCESS !
(P)                                                                                 |--case3 -&gt; OpTestCase SUCCESS !
(P)                                                                 |--custom_old_demo -&gt; Dict[str, OpTestCase] SUCCESS !
Completed parsing successfully

OrderedDict([(&apos;case1&apos;, 1 + 2 =? 3),
             (&apos;case2&apos;, 1 + 3 =? 4),
             (&apos;case3&apos;, 1 - 2 =? -1)])
**** Starting to parse collection of &lt;OpTestCase&gt; at location /home/travis/build/smarie/python-parsyfiles/parsyfiles/tests/old/./custom_old_demo_flat ****
Checking all files under [/home/travis/build/smarie/python-parsyfiles/parsyfiles/tests/old/./custom_old_demo_flat]
(C) /home/travis/build/smarie/python-parsyfiles/parsyfiles/tests/old/./custom_old_demo_flat (multifile)
(C)                                                                                      |--case1 (multifile)
(C)                                                                                      |--case1--input_a (singlefile, .txt)
(C)                                                                                      |--case1--input_b (singlefile, .txt)
(C)                                                                                      |--case1--output (singlefile, .txt)
(C)                                                                                      |--case2 (multifile)
(C)                                                                                      |--case2--input_a (singlefile, .txt)
(C)                                                                                      |--case2--input_b (singlefile, .txt)
(C)                                                                                      |--case2--options (singlefile, .txt)
(C)                                                                                      |--case2--output (singlefile, .txt)
(C)                                                                                      |--case3 (multifile)
(C)                                                                                      |--case3--input_a (singlefile, .txt)
(C)                                                                                      |--case3--input_b (singlefile, .txt)
(C)                                                                                      |--case3--options (singlefile, .cfg)
(C)                                                                                      |--case3--output (singlefile, .txt)
File checks done

Building a parsing plan to parse [/home/travis/build/smarie/python-parsyfiles/parsyfiles/tests/old/./custom_old_demo_flat] into a Dict[str, OpTestCase]
(B) /home/travis/build/smarie/python-parsyfiles/parsyfiles/tests/old/./custom_old_demo_flat -&gt; Dict[str, OpTestCase] ------- using Multifile Collection parser (parsyfiles defaults+test custom functions)
(B)                                                                                      |--case1 -&gt; OpTestCase ------- using Multifile Object parser (parsyfiles defaults+test custom functions)
NoParserFoundForObjectType - /home/travis/build/smarie/python-parsyfiles/parsyfiles/tests/old/./custom_old_demo_flat/case1--input_a (singlefile, .txt) cannot be parsed as a bool because no parser supporting that type is registered for singlefile, .txt.
 If you wish to parse this object from this extension, you may wish to parse it as one of the following supported types : {&lt;class &apos;test_parsyfiles_old.TestDemo.test_old_demo.&lt;locals&gt;.OpConfig&apos;&gt;, &lt;class &apos;int&apos;&gt;}. 
Otherwise, please register a new parser for type bool and extension singlefile, .txt
 Reminder: use print_capabilities_by_ext() and print_capabilities_by_type() to diagnose what are the parsers available
NoParserFoundForObjectType - /home/travis/build/smarie/python-parsyfiles/parsyfiles/tests/old/./custom_old_demo_flat/case1--input_a (singlefile, .txt) cannot be parsed as a _NamedIntConstant because no parser supporting that type is registered for singlefile, .txt.
 If you wish to parse this object from this extension, you may wish to parse it as one of the following supported types : {&lt;class &apos;test_parsyfiles_old.TestDemo.test_old_demo.&lt;locals&gt;.OpConfig&apos;&gt;, &lt;class &apos;int&apos;&gt;}. 
Otherwise, please register a new parser for type _NamedIntConstant and extension singlefile, .txt
 Reminder: use print_capabilities_by_ext() and print_capabilities_by_type() to diagnose what are the parsers available
NoParserFoundForObjectType - /home/travis/build/smarie/python-parsyfiles/parsyfiles/tests/old/./custom_old_demo_flat/case1--input_a (singlefile, .txt) cannot be parsed as a IntEnum because no parser supporting that type is registered for singlefile, .txt.
 If you wish to parse this object from this extension, you may wish to parse it as one of the following supported types : {&lt;class &apos;test_parsyfiles_old.TestDemo.test_old_demo.&lt;locals&gt;.OpConfig&apos;&gt;, &lt;class &apos;int&apos;&gt;}. 
Otherwise, please register a new parser for type IntEnum and extension singlefile, .txt
 Reminder: use print_capabilities_by_ext() and print_capabilities_by_type() to diagnose what are the parsers available
NoParserFoundForObjectType - /home/travis/build/smarie/python-parsyfiles/parsyfiles/tests/old/./custom_old_demo_flat/case1--input_a (singlefile, .txt) cannot be parsed as a Signals because no parser supporting that type is registered for singlefile, .txt.
 If you wish to parse this object from this extension, you may wish to parse it as one of the following supported types : {&lt;class &apos;test_parsyfiles_old.TestDemo.test_old_demo.&lt;locals&gt;.OpConfig&apos;&gt;, &lt;class &apos;int&apos;&gt;}. 
Otherwise, please register a new parser for type Signals and extension singlefile, .txt
 Reminder: use print_capabilities_by_ext() and print_capabilities_by_type() to diagnose what are the parsers available
NoParserFoundForObjectType - /home/travis/build/smarie/python-parsyfiles/parsyfiles/tests/old/./custom_old_demo_flat/case1--input_a (singlefile, .txt) cannot be parsed as a SocketKind because no parser supporting that type is registered for singlefile, .txt.
 If you wish to parse this object from this extension, you may wish to parse it as one of the following supported types : {&lt;class &apos;test_parsyfiles_old.TestDemo.test_old_demo.&lt;locals&gt;.OpConfig&apos;&gt;, &lt;class &apos;int&apos;&gt;}. 
Otherwise, please register a new parser for type SocketKind and extension singlefile, .txt
 Reminder: use print_capabilities_by_ext() and print_capabilities_by_type() to diagnose what are the parsers available
NoParserFoundForObjectType - /home/travis/build/smarie/python-parsyfiles/parsyfiles/tests/old/./custom_old_demo_flat/case1--input_a (singlefile, .txt) cannot be parsed as a HTTPStatus because no parser supporting that type is registered for singlefile, .txt.
 If you wish to parse this object from this extension, you may wish to parse it as one of the following supported types : {&lt;class &apos;test_parsyfiles_old.TestDemo.test_old_demo.&lt;locals&gt;.OpConfig&apos;&gt;, &lt;class &apos;int&apos;&gt;}. 
Otherwise, please register a new parser for type HTTPStatus and extension singlefile, .txt
 Reminder: use print_capabilities_by_ext() and print_capabilities_by_type() to diagnose what are the parsers available
NoParserFoundForObjectType - /home/travis/build/smarie/python-parsyfiles/parsyfiles/tests/old/./custom_old_demo_flat/case1--input_a (singlefile, .txt) cannot be parsed as a _SSLMethod because no parser supporting that type is registered for singlefile, .txt.
 If you wish to parse this object from this extension, you may wish to parse it as one of the following supported types : {&lt;class &apos;test_parsyfiles_old.TestDemo.test_old_demo.&lt;locals&gt;.OpConfig&apos;&gt;, &lt;class &apos;int&apos;&gt;}. 
Otherwise, please register a new parser for type _SSLMethod and extension singlefile, .txt
 Reminder: use print_capabilities_by_ext() and print_capabilities_by_type() to diagnose what are the parsers available
NoParserFoundForObjectType - /home/travis/build/smarie/python-parsyfiles/parsyfiles/tests/old/./custom_old_demo_flat/case1--input_a (singlefile, .txt) cannot be parsed as a _ParameterKind because no parser supporting that type is registered for singlefile, .txt.
 If you wish to parse this object from this extension, you may wish to parse it as one of the following supported types : {&lt;class &apos;test_parsyfiles_old.TestDemo.test_old_demo.&lt;locals&gt;.OpConfig&apos;&gt;, &lt;class &apos;int&apos;&gt;}. 
Otherwise, please register a new parser for type _ParameterKind and extension singlefile, .txt
 Reminder: use print_capabilities_by_ext() and print_capabilities_by_type() to diagnose what are the parsers available
NoParserFoundForObjectType - /home/travis/build/smarie/python-parsyfiles/parsyfiles/tests/old/./custom_old_demo_flat/case1--input_a (singlefile, .txt) cannot be parsed as a Sigmasks because no parser supporting that type is registered for singlefile, .txt.
 If you wish to parse this object from this extension, you may wish to parse it as one of the following supported types : {&lt;class &apos;test_parsyfiles_old.TestDemo.test_old_demo.&lt;locals&gt;.OpConfig&apos;&gt;, &lt;class &apos;int&apos;&gt;}. 
Otherwise, please register a new parser for type Sigmasks and extension singlefile, .txt
 Reminder: use print_capabilities_by_ext() and print_capabilities_by_type() to diagnose what are the parsers available
NoParserFoundForObjectType - /home/travis/build/smarie/python-parsyfiles/parsyfiles/tests/old/./custom_old_demo_flat/case1--input_a (singlefile, .txt) cannot be parsed as a Handlers because no parser supporting that type is registered for singlefile, .txt.
 If you wish to parse this object from this extension, you may wish to parse it as one of the following supported types : {&lt;class &apos;test_parsyfiles_old.TestDemo.test_old_demo.&lt;locals&gt;.OpConfig&apos;&gt;, &lt;class &apos;int&apos;&gt;}. 
Otherwise, please register a new parser for type Handlers and extension singlefile, .txt
 Reminder: use print_capabilities_by_ext() and print_capabilities_by_type() to diagnose what are the parsers available
NoParserFoundForObjectType - /home/travis/build/smarie/python-parsyfiles/parsyfiles/tests/old/./custom_old_demo_flat/case1--input_a (singlefile, .txt) cannot be parsed as a AddressFamily because no parser supporting that type is registered for singlefile, .txt.
 If you wish to parse this object from this extension, you may wish to parse it as one of the following supported types : {&lt;class &apos;test_parsyfiles_old.TestDemo.test_old_demo.&lt;locals&gt;.OpConfig&apos;&gt;, &lt;class &apos;int&apos;&gt;}. 
Otherwise, please register a new parser for type AddressFamily and extension singlefile, .txt
 Reminder: use print_capabilities_by_ext() and print_capabilities_by_type() to diagnose what are the parsers available
(B)                                                                                      |--case1--input_a.txt -&gt; int ------- using &lt;test_parse_int_file&gt;
NoParserFoundForObjectType - /home/travis/build/smarie/python-parsyfiles/parsyfiles/tests/old/./custom_old_demo_flat/case1--input_b (singlefile, .txt) cannot be parsed as a bool because no parser supporting that type is registered for singlefile, .txt.
 If you wish to parse this object from this extension, you may wish to parse it as one of the following supported types : {&lt;class &apos;test_parsyfiles_old.TestDemo.test_old_demo.&lt;locals&gt;.OpConfig&apos;&gt;, &lt;class &apos;int&apos;&gt;}. 
Otherwise, please register a new parser for type bool and extension singlefile, .txt
 Reminder: use print_capabilities_by_ext() and print_capabilities_by_type() to diagnose what are the parsers available
NoParserFoundForObjectType - /home/travis/build/smarie/python-parsyfiles/parsyfiles/tests/old/./custom_old_demo_flat/case1--input_b (singlefile, .txt) cannot be parsed as a _NamedIntConstant because no parser supporting that type is registered for singlefile, .txt.
 If you wish to parse this object from this extension, you may wish to parse it as one of the following supported types : {&lt;class &apos;test_parsyfiles_old.TestDemo.test_old_demo.&lt;locals&gt;.OpConfig&apos;&gt;, &lt;class &apos;int&apos;&gt;}. 
Otherwise, please register a new parser for type _NamedIntConstant and extension singlefile, .txt
 Reminder: use print_capabilities_by_ext() and print_capabilities_by_type() to diagnose what are the parsers available
NoParserFoundForObjectType - /home/travis/build/smarie/python-parsyfiles/parsyfiles/tests/old/./custom_old_demo_flat/case1--input_b (singlefile, .txt) cannot be parsed as a IntEnum because no parser supporting that type is registered for singlefile, .txt.
 If you wish to parse this object from this extension, you may wish to parse it as one of the following supported types : {&lt;class &apos;test_parsyfiles_old.TestDemo.test_old_demo.&lt;locals&gt;.OpConfig&apos;&gt;, &lt;class &apos;int&apos;&gt;}. 
Otherwise, please register a new parser for type IntEnum and extension singlefile, .txt
 Reminder: use print_capabilities_by_ext() and print_capabilities_by_type() to diagnose what are the parsers available
NoParserFoundForObjectType - /home/travis/build/smarie/python-parsyfiles/parsyfiles/tests/old/./custom_old_demo_flat/case1--input_b (singlefile, .txt) cannot be parsed as a Signals because no parser supporting that type is registered for singlefile, .txt.
 If you wish to parse this object from this extension, you may wish to parse it as one of the following supported types : {&lt;class &apos;test_parsyfiles_old.TestDemo.test_old_demo.&lt;locals&gt;.OpConfig&apos;&gt;, &lt;class &apos;int&apos;&gt;}. 
Otherwise, please register a new parser for type Signals and extension singlefile, .txt
 Reminder: use print_capabilities_by_ext() and print_capabilities_by_type() to diagnose what are the parsers available
NoParserFoundForObjectType - /home/travis/build/smarie/python-parsyfiles/parsyfiles/tests/old/./custom_old_demo_flat/case1--input_b (singlefile, .txt) cannot be parsed as a SocketKind because no parser supporting that type is registered for singlefile, .txt.
 If you wish to parse this object from this extension, you may wish to parse it as one of the following supported types : {&lt;class &apos;test_parsyfiles_old.TestDemo.test_old_demo.&lt;locals&gt;.OpConfig&apos;&gt;, &lt;class &apos;int&apos;&gt;}. 
Otherwise, please register a new parser for type SocketKind and extension singlefile, .txt
 Reminder: use print_capabilities_by_ext() and print_capabilities_by_type() to diagnose what are the parsers available
NoParserFoundForObjectType - /home/travis/build/smarie/python-parsyfiles/parsyfiles/tests/old/./custom_old_demo_flat/case1--input_b (singlefile, .txt) cannot be parsed as a HTTPStatus because no parser supporting that type is registered for singlefile, .txt.
 If you wish to parse this object from this extension, you may wish to parse it as one of the following supported types : {&lt;class &apos;test_parsyfiles_old.TestDemo.test_old_demo.&lt;locals&gt;.OpConfig&apos;&gt;, &lt;class &apos;int&apos;&gt;}. 
Otherwise, please register a new parser for type HTTPStatus and extension singlefile, .txt
 Reminder: use print_capabilities_by_ext() and print_capabilities_by_type() to diagnose what are the parsers available
NoParserFoundForObjectType - /home/travis/build/smarie/python-parsyfiles/parsyfiles/tests/old/./custom_old_demo_flat/case1--input_b (singlefile, .txt) cannot be parsed as a _SSLMethod because no parser supporting that type is registered for singlefile, .txt.
 If you wish to parse this object from this extension, you may wish to parse it as one of the following supported types : {&lt;class &apos;test_parsyfiles_old.TestDemo.test_old_demo.&lt;locals&gt;.OpConfig&apos;&gt;, &lt;class &apos;int&apos;&gt;}. 
Otherwise, please register a new parser for type _SSLMethod and extension singlefile, .txt
 Reminder: use print_capabilities_by_ext() and print_capabilities_by_type() to diagnose what are the parsers available
NoParserFoundForObjectType - /home/travis/build/smarie/python-parsyfiles/parsyfiles/tests/old/./custom_old_demo_flat/case1--input_b (singlefile, .txt) cannot be parsed as a _ParameterKind because no parser supporting that type is registered for singlefile, .txt.
 If you wish to parse this object from this extension, you may wish to parse it as one of the following supported types : {&lt;class &apos;test_parsyfiles_old.TestDemo.test_old_demo.&lt;locals&gt;.OpConfig&apos;&gt;, &lt;class &apos;int&apos;&gt;}. 
Otherwise, please register a new parser for type _ParameterKind and extension singlefile, .txt
 Reminder: use print_capabilities_by_ext() and print_capabilities_by_type() to diagnose what are the parsers available
NoParserFoundForObjectType - /home/travis/build/smarie/python-parsyfiles/parsyfiles/tests/old/./custom_old_demo_flat/case1--input_b (singlefile, .txt) cannot be parsed as a Sigmasks because no parser supporting that type is registered for singlefile, .txt.
 If you wish to parse this object from this extension, you may wish to parse it as one of the following supported types : {&lt;class &apos;test_parsyfiles_old.TestDemo.test_old_demo.&lt;locals&gt;.OpConfig&apos;&gt;, &lt;class &apos;int&apos;&gt;}. 
Otherwise, please register a new parser for type Sigmasks and extension singlefile, .txt
 Reminder: use print_capabilities_by_ext() and print_capabilities_by_type() to diagnose what are the parsers available
NoParserFoundForObjectType - /home/travis/build/smarie/python-parsyfiles/parsyfiles/tests/old/./custom_old_demo_flat/case1--input_b (singlefile, .txt) cannot be parsed as a Handlers because no parser supporting that type is registered for singlefile, .txt.
 If you wish to parse this object from this extension, you may wish to parse it as one of the following supported types : {&lt;class &apos;test_parsyfiles_old.TestDemo.test_old_demo.&lt;locals&gt;.OpConfig&apos;&gt;, &lt;class &apos;int&apos;&gt;}. 
Otherwise, please register a new parser for type Handlers and extension singlefile, .txt
 Reminder: use print_capabilities_by_ext() and print_capabilities_by_type() to diagnose what are the parsers available
NoParserFoundForObjectType - /home/travis/build/smarie/python-parsyfiles/parsyfiles/tests/old/./custom_old_demo_flat/case1--input_b (singlefile, .txt) cannot be parsed as a AddressFamily because no parser supporting that type is registered for singlefile, .txt.
 If you wish to parse this object from this extension, you may wish to parse it as one of the following supported types : {&lt;class &apos;test_parsyfiles_old.TestDemo.test_old_demo.&lt;locals&gt;.OpConfig&apos;&gt;, &lt;class &apos;int&apos;&gt;}. 
Otherwise, please register a new parser for type AddressFamily and extension singlefile, .txt
 Reminder: use print_capabilities_by_ext() and print_capabilities_by_type() to diagnose what are the parsers available
(B)                                                                                      |--case1--input_b.txt -&gt; int ------- using &lt;test_parse_int_file&gt;
(B)                                                                                           |--options: NOT FOUND - This optional constructor attribute for type OpTestCase was not found on file system, but this may be normal - this message is displayed &apos;just in case&apos;.
NoParserFoundForObjectType - /home/travis/build/smarie/python-parsyfiles/parsyfiles/tests/old/./custom_old_demo_flat/case1--output (singlefile, .txt) cannot be parsed as a bool because no parser supporting that type is registered for singlefile, .txt.
 If you wish to parse this object from this extension, you may wish to parse it as one of the following supported types : {&lt;class &apos;test_parsyfiles_old.TestDemo.test_old_demo.&lt;locals&gt;.OpConfig&apos;&gt;, &lt;class &apos;int&apos;&gt;}. 
Otherwise, please register a new parser for type bool and extension singlefile, .txt
 Reminder: use print_capabilities_by_ext() and print_capabilities_by_type() to diagnose what are the parsers available
NoParserFoundForObjectType - /home/travis/build/smarie/python-parsyfiles/parsyfiles/tests/old/./custom_old_demo_flat/case1--output (singlefile, .txt) cannot be parsed as a _NamedIntConstant because no parser supporting that type is registered for singlefile, .txt.
 If you wish to parse this object from this extension, you may wish to parse it as one of the following supported types : {&lt;class &apos;test_parsyfiles_old.TestDemo.test_old_demo.&lt;locals&gt;.OpConfig&apos;&gt;, &lt;class &apos;int&apos;&gt;}. 
Otherwise, please register a new parser for type _NamedIntConstant and extension singlefile, .txt
 Reminder: use print_capabilities_by_ext() and print_capabilities_by_type() to diagnose what are the parsers available
NoParserFoundForObjectType - /home/travis/build/smarie/python-parsyfiles/parsyfiles/tests/old/./custom_old_demo_flat/case1--output (singlefile, .txt) cannot be parsed as a IntEnum because no parser supporting that type is registered for singlefile, .txt.
 If you wish to parse this object from this extension, you may wish to parse it as one of the following supported types : {&lt;class &apos;test_parsyfiles_old.TestDemo.test_old_demo.&lt;locals&gt;.OpConfig&apos;&gt;, &lt;class &apos;int&apos;&gt;}. 
Otherwise, please register a new parser for type IntEnum and extension singlefile, .txt
 Reminder: use print_capabilities_by_ext() and print_capabilities_by_type() to diagnose what are the parsers available
NoParserFoundForObjectType - /home/travis/build/smarie/python-parsyfiles/parsyfiles/tests/old/./custom_old_demo_flat/case1--output (singlefile, .txt) cannot be parsed as a Signals because no parser supporting that type is registered for singlefile, .txt.
 If you wish to parse this object from this extension, you may wish to parse it as one of the following supported types : {&lt;class &apos;test_parsyfiles_old.TestDemo.test_old_demo.&lt;locals&gt;.OpConfig&apos;&gt;, &lt;class &apos;int&apos;&gt;}. 
Otherwise, please register a new parser for type Signals and extension singlefile, .txt
 Reminder: use print_capabilities_by_ext() and print_capabilities_by_type() to diagnose what are the parsers available
NoParserFoundForObjectType - /home/travis/build/smarie/python-parsyfiles/parsyfiles/tests/old/./custom_old_demo_flat/case1--output (singlefile, .txt) cannot be parsed as a SocketKind because no parser supporting that type is registered for singlefile, .txt.
 If you wish to parse this object from this extension, you may wish to parse it as one of the following supported types : {&lt;class &apos;test_parsyfiles_old.TestDemo.test_old_demo.&lt;locals&gt;.OpConfig&apos;&gt;, &lt;class &apos;int&apos;&gt;}. 
Otherwise, please register a new parser for type SocketKind and extension singlefile, .txt
 Reminder: use print_capabilities_by_ext() and print_capabilities_by_type() to diagnose what are the parsers available
NoParserFoundForObjectType - /home/travis/build/smarie/python-parsyfiles/parsyfiles/tests/old/./custom_old_demo_flat/case1--output (singlefile, .txt) cannot be parsed as a HTTPStatus because no parser supporting that type is registered for singlefile, .txt.
 If you wish to parse this object from this extension, you may wish to parse it as one of the following supported types : {&lt;class &apos;test_parsyfiles_old.TestDemo.test_old_demo.&lt;locals&gt;.OpConfig&apos;&gt;, &lt;class &apos;int&apos;&gt;}. 
Otherwise, please register a new parser for type HTTPStatus and extension singlefile, .txt
 Reminder: use print_capabilities_by_ext() and print_capabilities_by_type() to diagnose what are the parsers available
NoParserFoundForObjectType - /home/travis/build/smarie/python-parsyfiles/parsyfiles/tests/old/./custom_old_demo_flat/case1--output (singlefile, .txt) cannot be parsed as a _SSLMethod because no parser supporting that type is registered for singlefile, .txt.
 If you wish to parse this object from this extension, you may wish to parse it as one of the following supported types : {&lt;class &apos;test_parsyfiles_old.TestDemo.test_old_demo.&lt;locals&gt;.OpConfig&apos;&gt;, &lt;class &apos;int&apos;&gt;}. 
Otherwise, please register a new parser for type _SSLMethod and extension singlefile, .txt
 Reminder: use print_capabilities_by_ext() and print_capabilities_by_type() to diagnose what are the parsers available
NoParserFoundForObjectType - /home/travis/build/smarie/python-parsyfiles/parsyfiles/tests/old/./custom_old_demo_flat/case1--output (singlefile, .txt) cannot be parsed as a _ParameterKind because no parser supporting that type is registered for singlefile, .txt.
 If you wish to parse this object from this extension, you may wish to parse it as one of the following supported types : {&lt;class &apos;test_parsyfiles_old.TestDemo.test_old_demo.&lt;locals&gt;.OpConfig&apos;&gt;, &lt;class &apos;int&apos;&gt;}. 
Otherwise, please register a new parser for type _ParameterKind and extension singlefile, .txt
 Reminder: use print_capabilities_by_ext() and print_capabilities_by_type() to diagnose what are the parsers available
NoParserFoundForObjectType - /home/travis/build/smarie/python-parsyfiles/parsyfiles/tests/old/./custom_old_demo_flat/case1--output (singlefile, .txt) cannot be parsed as a Sigmasks because no parser supporting that type is registered for singlefile, .txt.
 If you wish to parse this object from this extension, you may wish to parse it as one of the following supported types : {&lt;class &apos;test_parsyfiles_old.TestDemo.test_old_demo.&lt;locals&gt;.OpConfig&apos;&gt;, &lt;class &apos;int&apos;&gt;}. 
Otherwise, please register a new parser for type Sigmasks and extension singlefile, .txt
 Reminder: use print_capabilities_by_ext() and print_capabilities_by_type() to diagnose what are the parsers available
NoParserFoundForObjectType - /home/travis/build/smarie/python-parsyfiles/parsyfiles/tests/old/./custom_old_demo_flat/case1--output (singlefile, .txt) cannot be parsed as a Handlers because no parser supporting that type is registered for singlefile, .txt.
 If you wish to parse this object from this extension, you may wish to parse it as one of the following supported types : {&lt;class &apos;test_parsyfiles_old.TestDemo.test_old_demo.&lt;locals&gt;.OpConfig&apos;&gt;, &lt;class &apos;int&apos;&gt;}. 
Otherwise, please register a new parser for type Handlers and extension singlefile, .txt
 Reminder: use print_capabilities_by_ext() and print_capabilities_by_type() to diagnose what are the parsers available
NoParserFoundForObjectType - /home/travis/build/smarie/python-parsyfiles/parsyfiles/tests/old/./custom_old_demo_flat/case1--output (singlefile, .txt) cannot be parsed as a AddressFamily because no parser supporting that type is registered for singlefile, .txt.
 If you wish to parse this object from this extension, you may wish to parse it as one of the following supported types : {&lt;class &apos;test_parsyfiles_old.TestDemo.test_old_demo.&lt;locals&gt;.OpConfig&apos;&gt;, &lt;class &apos;int&apos;&gt;}. 
Otherwise, please register a new parser for type AddressFamily and extension singlefile, .txt
 Reminder: use print_capabilities_by_ext() and print_capabilities_by_type() to diagnose what are the parsers available
(B)                                                                                      |--case1--output.txt -&gt; int ------- using &lt;test_parse_int_file&gt;
(B)                                                                                      |--case2 -&gt; OpTestCase ------- using Multifile Object parser (parsyfiles defaults+test custom functions)
NoParserFoundForObjectType - /home/travis/build/smarie/python-parsyfiles/parsyfiles/tests/old/./custom_old_demo_flat/case2--input_a (singlefile, .txt) cannot be parsed as a bool because no parser supporting that type is registered for singlefile, .txt.
 If you wish to parse this object from this extension, you may wish to parse it as one of the following supported types : {&lt;class &apos;test_parsyfiles_old.TestDemo.test_old_demo.&lt;locals&gt;.OpConfig&apos;&gt;, &lt;class &apos;int&apos;&gt;}. 
Otherwise, please register a new parser for type bool and extension singlefile, .txt
 Reminder: use print_capabilities_by_ext() and print_capabilities_by_type() to diagnose what are the parsers available
NoParserFoundForObjectType - /home/travis/build/smarie/python-parsyfiles/parsyfiles/tests/old/./custom_old_demo_flat/case2--input_a (singlefile, .txt) cannot be parsed as a _NamedIntConstant because no parser supporting that type is registered for singlefile, .txt.
 If you wish to parse this object from this extension, you may wish to parse it as one of the following supported types : {&lt;class &apos;test_parsyfiles_old.TestDemo.test_old_demo.&lt;locals&gt;.OpConfig&apos;&gt;, &lt;class &apos;int&apos;&gt;}. 
Otherwise, please register a new parser for type _NamedIntConstant and extension singlefile, .txt
 Reminder: use print_capabilities_by_ext() and print_capabilities_by_type() to diagnose what are the parsers available
NoParserFoundForObjectType - /home/travis/build/smarie/python-parsyfiles/parsyfiles/tests/old/./custom_old_demo_flat/case2--input_a (singlefile, .txt) cannot be parsed as a IntEnum because no parser supporting that type is registered for singlefile, .txt.
 If you wish to parse this object from this extension, you may wish to parse it as one of the following supported types : {&lt;class &apos;test_parsyfiles_old.TestDemo.test_old_demo.&lt;locals&gt;.OpConfig&apos;&gt;, &lt;class &apos;int&apos;&gt;}. 
Otherwise, please register a new parser for type IntEnum and extension singlefile, .txt
 Reminder: use print_capabilities_by_ext() and print_capabilities_by_type() to diagnose what are the parsers available
NoParserFoundForObjectType - /home/travis/build/smarie/python-parsyfiles/parsyfiles/tests/old/./custom_old_demo_flat/case2--input_a (singlefile, .txt) cannot be parsed as a Signals because no parser supporting that type is registered for singlefile, .txt.
 If you wish to parse this object from this extension, you may wish to parse it as one of the following supported types : {&lt;class &apos;test_parsyfiles_old.TestDemo.test_old_demo.&lt;locals&gt;.OpConfig&apos;&gt;, &lt;class &apos;int&apos;&gt;}. 
Otherwise, please register a new parser for type Signals and extension singlefile, .txt
 Reminder: use print_capabilities_by_ext() and print_capabilities_by_type() to diagnose what are the parsers available
NoParserFoundForObjectType - /home/travis/build/smarie/python-parsyfiles/parsyfiles/tests/old/./custom_old_demo_flat/case2--input_a (singlefile, .txt) cannot be parsed as a SocketKind because no parser supporting that type is registered for singlefile, .txt.
 If you wish to parse this object from this extension, you may wish to parse it as one of the following supported types : {&lt;class &apos;test_parsyfiles_old.TestDemo.test_old_demo.&lt;locals&gt;.OpConfig&apos;&gt;, &lt;class &apos;int&apos;&gt;}. 
Otherwise, please register a new parser for type SocketKind and extension singlefile, .txt
 Reminder: use print_capabilities_by_ext() and print_capabilities_by_type() to diagnose what are the parsers available
NoParserFoundForObjectType - /home/travis/build/smarie/python-parsyfiles/parsyfiles/tests/old/./custom_old_demo_flat/case2--input_a (singlefile, .txt) cannot be parsed as a HTTPStatus because no parser supporting that type is registered for singlefile, .txt.
 If you wish to parse this object from this extension, you may wish to parse it as one of the following supported types : {&lt;class &apos;test_parsyfiles_old.TestDemo.test_old_demo.&lt;locals&gt;.OpConfig&apos;&gt;, &lt;class &apos;int&apos;&gt;}. 
Otherwise, please register a new parser for type HTTPStatus and extension singlefile, .txt
 Reminder: use print_capabilities_by_ext() and print_capabilities_by_type() to diagnose what are the parsers available
NoParserFoundForObjectType - /home/travis/build/smarie/python-parsyfiles/parsyfiles/tests/old/./custom_old_demo_flat/case2--input_a (singlefile, .txt) cannot be parsed as a _SSLMethod because no parser supporting that type is registered for singlefile, .txt.
 If you wish to parse this object from this extension, you may wish to parse it as one of the following supported types : {&lt;class &apos;test_parsyfiles_old.TestDemo.test_old_demo.&lt;locals&gt;.OpConfig&apos;&gt;, &lt;class &apos;int&apos;&gt;}. 
Otherwise, please register a new parser for type _SSLMethod and extension singlefile, .txt
 Reminder: use print_capabilities_by_ext() and print_capabilities_by_type() to diagnose what are the parsers available
NoParserFoundForObjectType - /home/travis/build/smarie/python-parsyfiles/parsyfiles/tests/old/./custom_old_demo_flat/case2--input_a (singlefile, .txt) cannot be parsed as a _ParameterKind because no parser supporting that type is registered for singlefile, .txt.
 If you wish to parse this object from this extension, you may wish to parse it as one of the following supported types : {&lt;class &apos;test_parsyfiles_old.TestDemo.test_old_demo.&lt;locals&gt;.OpConfig&apos;&gt;, &lt;class &apos;int&apos;&gt;}. 
Otherwise, please register a new parser for type _ParameterKind and extension singlefile, .txt
 Reminder: use print_capabilities_by_ext() and print_capabilities_by_type() to diagnose what are the parsers available
NoParserFoundForObjectType - /home/travis/build/smarie/python-parsyfiles/parsyfiles/tests/old/./custom_old_demo_flat/case2--input_a (singlefile, .txt) cannot be parsed as a Sigmasks because no parser supporting that type is registered for singlefile, .txt.
 If you wish to parse this object from this extension, you may wish to parse it as one of the following supported types : {&lt;class &apos;test_parsyfiles_old.TestDemo.test_old_demo.&lt;locals&gt;.OpConfig&apos;&gt;, &lt;class &apos;int&apos;&gt;}. 
Otherwise, please register a new parser for type Sigmasks and extension singlefile, .txt
 Reminder: use print_capabilities_by_ext() and print_capabilities_by_type() to diagnose what are the parsers available
NoParserFoundForObjectType - /home/travis/build/smarie/python-parsyfiles/parsyfiles/tests/old/./custom_old_demo_flat/case2--input_a (singlefile, .txt) cannot be parsed as a Handlers because no parser supporting that type is registered for singlefile, .txt.
 If you wish to parse this object from this extension, you may wish to parse it as one of the following supported types : {&lt;class &apos;test_parsyfiles_old.TestDemo.test_old_demo.&lt;locals&gt;.OpConfig&apos;&gt;, &lt;class &apos;int&apos;&gt;}. 
Otherwise, please register a new parser for type Handlers and extension singlefile, .txt
 Reminder: use print_capabilities_by_ext() and print_capabilities_by_type() to diagnose what are the parsers available
NoParserFoundForObjectType - /home/travis/build/smarie/python-parsyfiles/parsyfiles/tests/old/./custom_old_demo_flat/case2--input_a (singlefile, .txt) cannot be parsed as a AddressFamily because no parser supporting that type is registered for singlefile, .txt.
 If you wish to parse this object from this extension, you may wish to parse it as one of the following supported types : {&lt;class &apos;test_parsyfiles_old.TestDemo.test_old_demo.&lt;locals&gt;.OpConfig&apos;&gt;, &lt;class &apos;int&apos;&gt;}. 
Otherwise, please register a new parser for type AddressFamily and extension singlefile, .txt
 Reminder: use print_capabilities_by_ext() and print_capabilities_by_type() to diagnose what are the parsers available
(B)                                                                                      |--case2--input_a.txt -&gt; int ------- using &lt;test_parse_int_file&gt;
NoParserFoundForObjectType - /home/travis/build/smarie/python-parsyfiles/parsyfiles/tests/old/./custom_old_demo_flat/case2--input_b (singlefile, .txt) cannot be parsed as a bool because no parser supporting that type is registered for singlefile, .txt.
 If you wish to parse this object from this extension, you may wish to parse it as one of the following supported types : {&lt;class &apos;test_parsyfiles_old.TestDemo.test_old_demo.&lt;locals&gt;.OpConfig&apos;&gt;, &lt;class &apos;int&apos;&gt;}. 
Otherwise, please register a new parser for type bool and extension singlefile, .txt
 Reminder: use print_capabilities_by_ext() and print_capabilities_by_type() to diagnose what are the parsers available
NoParserFoundForObjectType - /home/travis/build/smarie/python-parsyfiles/parsyfiles/tests/old/./custom_old_demo_flat/case2--input_b (singlefile, .txt) cannot be parsed as a _NamedIntConstant because no parser supporting that type is registered for singlefile, .txt.
 If you wish to parse this object from this extension, you may wish to parse it as one of the following supported types : {&lt;class &apos;test_parsyfiles_old.TestDemo.test_old_demo.&lt;locals&gt;.OpConfig&apos;&gt;, &lt;class &apos;int&apos;&gt;}. 
Otherwise, please register a new parser for type _NamedIntConstant and extension singlefile, .txt
 Reminder: use print_capabilities_by_ext() and print_capabilities_by_type() to diagnose what are the parsers available
NoParserFoundForObjectType - /home/travis/build/smarie/python-parsyfiles/parsyfiles/tests/old/./custom_old_demo_flat/case2--input_b (singlefile, .txt) cannot be parsed as a IntEnum because no parser supporting that type is registered for singlefile, .txt.
 If you wish to parse this object from this extension, you may wish to parse it as one of the following supported types : {&lt;class &apos;test_parsyfiles_old.TestDemo.test_old_demo.&lt;locals&gt;.OpConfig&apos;&gt;, &lt;class &apos;int&apos;&gt;}. 
Otherwise, please register a new parser for type IntEnum and extension singlefile, .txt
 Reminder: use print_capabilities_by_ext() and print_capabilities_by_type() to diagnose what are the parsers available
NoParserFoundForObjectType - /home/travis/build/smarie/python-parsyfiles/parsyfiles/tests/old/./custom_old_demo_flat/case2--input_b (singlefile, .txt) cannot be parsed as a Signals because no parser supporting that type is registered for singlefile, .txt.
 If you wish to parse this object from this extension, you may wish to parse it as one of the following supported types : {&lt;class &apos;test_parsyfiles_old.TestDemo.test_old_demo.&lt;locals&gt;.OpConfig&apos;&gt;, &lt;class &apos;int&apos;&gt;}. 
Otherwise, please register a new parser for type Signals and extension singlefile, .txt
 Reminder: use print_capabilities_by_ext() and print_capabilities_by_type() to diagnose what are the parsers available
NoParserFoundForObjectType - /home/travis/build/smarie/python-parsyfiles/parsyfiles/tests/old/./custom_old_demo_flat/case2--input_b (singlefile, .txt) cannot be parsed as a SocketKind because no parser supporting that type is registered for singlefile, .txt.
 If you wish to parse this object from this extension, you may wish to parse it as one of the following supported types : {&lt;class &apos;test_parsyfiles_old.TestDemo.test_old_demo.&lt;locals&gt;.OpConfig&apos;&gt;, &lt;class &apos;int&apos;&gt;}. 
Otherwise, please register a new parser for type SocketKind and extension singlefile, .txt
 Reminder: use print_capabilities_by_ext() and print_capabilities_by_type() to diagnose what are the parsers available
NoParserFoundForObjectType - /home/travis/build/smarie/python-parsyfiles/parsyfiles/tests/old/./custom_old_demo_flat/case2--input_b (singlefile, .txt) cannot be parsed as a HTTPStatus because no parser supporting that type is registered for singlefile, .txt.
 If you wish to parse this object from this extension, you may wish to parse it as one of the following supported types : {&lt;class &apos;test_parsyfiles_old.TestDemo.test_old_demo.&lt;locals&gt;.OpConfig&apos;&gt;, &lt;class &apos;int&apos;&gt;}. 
Otherwise, please register a new parser for type HTTPStatus and extension singlefile, .txt
 Reminder: use print_capabilities_by_ext() and print_capabilities_by_type() to diagnose what are the parsers available
NoParserFoundForObjectType - /home/travis/build/smarie/python-parsyfiles/parsyfiles/tests/old/./custom_old_demo_flat/case2--input_b (singlefile, .txt) cannot be parsed as a _SSLMethod because no parser supporting that type is registered for singlefile, .txt.
 If you wish to parse this object from this extension, you may wish to parse it as one of the following supported types : {&lt;class &apos;test_parsyfiles_old.TestDemo.test_old_demo.&lt;locals&gt;.OpConfig&apos;&gt;, &lt;class &apos;int&apos;&gt;}. 
Otherwise, please register a new parser for type _SSLMethod and extension singlefile, .txt
 Reminder: use print_capabilities_by_ext() and print_capabilities_by_type() to diagnose what are the parsers available
NoParserFoundForObjectType - /home/travis/build/smarie/python-parsyfiles/parsyfiles/tests/old/./custom_old_demo_flat/case2--input_b (singlefile, .txt) cannot be parsed as a _ParameterKind because no parser supporting that type is registered for singlefile, .txt.
 If you wish to parse this object from this extension, you may wish to parse it as one of the following supported types : {&lt;class &apos;test_parsyfiles_old.TestDemo.test_old_demo.&lt;locals&gt;.OpConfig&apos;&gt;, &lt;class &apos;int&apos;&gt;}. 
Otherwise, please register a new parser for type _ParameterKind and extension singlefile, .txt
 Reminder: use print_capabilities_by_ext() and print_capabilities_by_type() to diagnose what are the parsers available
NoParserFoundForObjectType - /home/travis/build/smarie/python-parsyfiles/parsyfiles/tests/old/./custom_old_demo_flat/case2--input_b (singlefile, .txt) cannot be parsed as a Sigmasks because no parser supporting that type is registered for singlefile, .txt.
 If you wish to parse this object from this extension, you may wish to parse it as one of the following supported types : {&lt;class &apos;test_parsyfiles_old.TestDemo.test_old_demo.&lt;locals&gt;.OpConfig&apos;&gt;, &lt;class &apos;int&apos;&gt;}. 
Otherwise, please register a new parser for type Sigmasks and extension singlefile, .txt
 Reminder: use print_capabilities_by_ext() and print_capabilities_by_type() to diagnose what are the parsers available
NoParserFoundForObjectType - /home/travis/build/smarie/python-parsyfiles/parsyfiles/tests/old/./custom_old_demo_flat/case2--input_b (singlefile, .txt) cannot be parsed as a Handlers because no parser supporting that type is registered for singlefile, .txt.
 If you wish to parse this object from this extension, you may wish to parse it as one of the following supported types : {&lt;class &apos;test_parsyfiles_old.TestDemo.test_old_demo.&lt;locals&gt;.OpConfig&apos;&gt;, &lt;class &apos;int&apos;&gt;}. 
Otherwise, please register a new parser for type Handlers and extension singlefile, .txt
 Reminder: use print_capabilities_by_ext() and print_capabilities_by_type() to diagnose what are the parsers available
NoParserFoundForObjectType - /home/travis/build/smarie/python-parsyfiles/parsyfiles/tests/old/./custom_old_demo_flat/case2--input_b (singlefile, .txt) cannot be parsed as a AddressFamily because no parser supporting that type is registered for singlefile, .txt.
 If you wish to parse this object from this extension, you may wish to parse it as one of the following supported types : {&lt;class &apos;test_parsyfiles_old.TestDemo.test_old_demo.&lt;locals&gt;.OpConfig&apos;&gt;, &lt;class &apos;int&apos;&gt;}. 
Otherwise, please register a new parser for type AddressFamily and extension singlefile, .txt
 Reminder: use print_capabilities_by_ext() and print_capabilities_by_type() to diagnose what are the parsers available
(B)                                                                                      |--case2--input_b.txt -&gt; int ------- using &lt;test_parse_int_file&gt;
(B)                                                                                      |--case2--options.txt -&gt; OpConfig ------- using &lt;test_parse_configuration_txt_file&gt;
NoParserFoundForObjectType - /home/travis/build/smarie/python-parsyfiles/parsyfiles/tests/old/./custom_old_demo_flat/case2--output (singlefile, .txt) cannot be parsed as a bool because no parser supporting that type is registered for singlefile, .txt.
 If you wish to parse this object from this extension, you may wish to parse it as one of the following supported types : {&lt;class &apos;test_parsyfiles_old.TestDemo.test_old_demo.&lt;locals&gt;.OpConfig&apos;&gt;, &lt;class &apos;int&apos;&gt;}. 
Otherwise, please register a new parser for type bool and extension singlefile, .txt
 Reminder: use print_capabilities_by_ext() and print_capabilities_by_type() to diagnose what are the parsers available
NoParserFoundForObjectType - /home/travis/build/smarie/python-parsyfiles/parsyfiles/tests/old/./custom_old_demo_flat/case2--output (singlefile, .txt) cannot be parsed as a _NamedIntConstant because no parser supporting that type is registered for singlefile, .txt.
 If you wish to parse this object from this extension, you may wish to parse it as one of the following supported types : {&lt;class &apos;test_parsyfiles_old.TestDemo.test_old_demo.&lt;locals&gt;.OpConfig&apos;&gt;, &lt;class &apos;int&apos;&gt;}. 
Otherwise, please register a new parser for type _NamedIntConstant and extension singlefile, .txt
 Reminder: use print_capabilities_by_ext() and print_capabilities_by_type() to diagnose what are the parsers available
NoParserFoundForObjectType - /home/travis/build/smarie/python-parsyfiles/parsyfiles/tests/old/./custom_old_demo_flat/case2--output (singlefile, .txt) cannot be parsed as a IntEnum because no parser supporting that type is registered for singlefile, .txt.
 If you wish to parse this object from this extension, you may wish to parse it as one of the following supported types : {&lt;class &apos;test_parsyfiles_old.TestDemo.test_old_demo.&lt;locals&gt;.OpConfig&apos;&gt;, &lt;class &apos;int&apos;&gt;}. 
Otherwise, please register a new parser for type IntEnum and extension singlefile, .txt
 Reminder: use print_capabilities_by_ext() and print_capabilities_by_type() to diagnose what are the parsers available
NoParserFoundForObjectType - /home/travis/build/smarie/python-parsyfiles/parsyfiles/tests/old/./custom_old_demo_flat/case2--output (singlefile, .txt) cannot be parsed as a Signals because no parser supporting that type is registered for singlefile, .txt.
 If you wish to parse this object from this extension, you may wish to parse it as one of the following supported types : {&lt;class &apos;test_parsyfiles_old.TestDemo.test_old_demo.&lt;locals&gt;.OpConfig&apos;&gt;, &lt;class &apos;int&apos;&gt;}. 
Otherwise, please register a new parser for type Signals and extension singlefile, .txt
 Reminder: use print_capabilities_by_ext() and print_capabilities_by_type() to diagnose what are the parsers available
NoParserFoundForObjectType - /home/travis/build/smarie/python-parsyfiles/parsyfiles/tests/old/./custom_old_demo_flat/case2--output (singlefile, .txt) cannot be parsed as a SocketKind because no parser supporting that type is registered for singlefile, .txt.
 If you wish to parse this object from this extension, you may wish to parse it as one of the following supported types : {&lt;class &apos;test_parsyfiles_old.TestDemo.test_old_demo.&lt;locals&gt;.OpConfig&apos;&gt;, &lt;class &apos;int&apos;&gt;}. 
Otherwise, please register a new parser for type SocketKind and extension singlefile, .txt
 Reminder: use print_capabilities_by_ext() and print_capabilities_by_type() to diagnose what are the parsers available
NoParserFoundForObjectType - /home/travis/build/smarie/python-parsyfiles/parsyfiles/tests/old/./custom_old_demo_flat/case2--output (singlefile, .txt) cannot be parsed as a HTTPStatus because no parser supporting that type is registered for singlefile, .txt.
 If you wish to parse this object from this extension, you may wish to parse it as one of the following supported types : {&lt;class &apos;test_parsyfiles_old.TestDemo.test_old_demo.&lt;locals&gt;.OpConfig&apos;&gt;, &lt;class &apos;int&apos;&gt;}. 
Otherwise, please register a new parser for type HTTPStatus and extension singlefile, .txt
 Reminder: use print_capabilities_by_ext() and print_capabilities_by_type() to diagnose what are the parsers available
NoParserFoundForObjectType - /home/travis/build/smarie/python-parsyfiles/parsyfiles/tests/old/./custom_old_demo_flat/case2--output (singlefile, .txt) cannot be parsed as a _SSLMethod because no parser supporting that type is registered for singlefile, .txt.
 If you wish to parse this object from this extension, you may wish to parse it as one of the following supported types : {&lt;class &apos;test_parsyfiles_old.TestDemo.test_old_demo.&lt;locals&gt;.OpConfig&apos;&gt;, &lt;class &apos;int&apos;&gt;}. 
Otherwise, please register a new parser for type _SSLMethod and extension singlefile, .txt
 Reminder: use print_capabilities_by_ext() and print_capabilities_by_type() to diagnose what are the parsers available
NoParserFoundForObjectType - /home/travis/build/smarie/python-parsyfiles/parsyfiles/tests/old/./custom_old_demo_flat/case2--output (singlefile, .txt) cannot be parsed as a _ParameterKind because no parser supporting that type is registered for singlefile, .txt.
 If you wish to parse this object from this extension, you may wish to parse it as one of the following supported types : {&lt;class &apos;test_parsyfiles_old.TestDemo.test_old_demo.&lt;locals&gt;.OpConfig&apos;&gt;, &lt;class &apos;int&apos;&gt;}. 
Otherwise, please register a new parser for type _ParameterKind and extension singlefile, .txt
 Reminder: use print_capabilities_by_ext() and print_capabilities_by_type() to diagnose what are the parsers available
NoParserFoundForObjectType - /home/travis/build/smarie/python-parsyfiles/parsyfiles/tests/old/./custom_old_demo_flat/case2--output (singlefile, .txt) cannot be parsed as a Sigmasks because no parser supporting that type is registered for singlefile, .txt.
 If you wish to parse this object from this extension, you may wish to parse it as one of the following supported types : {&lt;class &apos;test_parsyfiles_old.TestDemo.test_old_demo.&lt;locals&gt;.OpConfig&apos;&gt;, &lt;class &apos;int&apos;&gt;}. 
Otherwise, please register a new parser for type Sigmasks and extension singlefile, .txt
 Reminder: use print_capabilities_by_ext() and print_capabilities_by_type() to diagnose what are the parsers available
NoParserFoundForObjectType - /home/travis/build/smarie/python-parsyfiles/parsyfiles/tests/old/./custom_old_demo_flat/case2--output (singlefile, .txt) cannot be parsed as a Handlers because no parser supporting that type is registered for singlefile, .txt.
 If you wish to parse this object from this extension, you may wish to parse it as one of the following supported types : {&lt;class &apos;test_parsyfiles_old.TestDemo.test_old_demo.&lt;locals&gt;.OpConfig&apos;&gt;, &lt;class &apos;int&apos;&gt;}. 
Otherwise, please register a new parser for type Handlers and extension singlefile, .txt
 Reminder: use print_capabilities_by_ext() and print_capabilities_by_type() to diagnose what are the parsers available
NoParserFoundForObjectType - /home/travis/build/smarie/python-parsyfiles/parsyfiles/tests/old/./custom_old_demo_flat/case2--output (singlefile, .txt) cannot be parsed as a AddressFamily because no parser supporting that type is registered for singlefile, .txt.
 If you wish to parse this object from this extension, you may wish to parse it as one of the following supported types : {&lt;class &apos;test_parsyfiles_old.TestDemo.test_old_demo.&lt;locals&gt;.OpConfig&apos;&gt;, &lt;class &apos;int&apos;&gt;}. 
Otherwise, please register a new parser for type AddressFamily and extension singlefile, .txt
 Reminder: use print_capabilities_by_ext() and print_capabilities_by_type() to diagnose what are the parsers available
(B)                                                                                      |--case2--output.txt -&gt; int ------- using &lt;test_parse_int_file&gt;
(B)                                                                                      |--case3 -&gt; OpTestCase ------- using Multifile Object parser (parsyfiles defaults+test custom functions)
NoParserFoundForObjectType - /home/travis/build/smarie/python-parsyfiles/parsyfiles/tests/old/./custom_old_demo_flat/case3--input_a (singlefile, .txt) cannot be parsed as a bool because no parser supporting that type is registered for singlefile, .txt.
 If you wish to parse this object from this extension, you may wish to parse it as one of the following supported types : {&lt;class &apos;test_parsyfiles_old.TestDemo.test_old_demo.&lt;locals&gt;.OpConfig&apos;&gt;, &lt;class &apos;int&apos;&gt;}. 
Otherwise, please register a new parser for type bool and extension singlefile, .txt
 Reminder: use print_capabilities_by_ext() and print_capabilities_by_type() to diagnose what are the parsers available
NoParserFoundForObjectType - /home/travis/build/smarie/python-parsyfiles/parsyfiles/tests/old/./custom_old_demo_flat/case3--input_a (singlefile, .txt) cannot be parsed as a _NamedIntConstant because no parser supporting that type is registered for singlefile, .txt.
 If you wish to parse this object from this extension, you may wish to parse it as one of the following supported types : {&lt;class &apos;test_parsyfiles_old.TestDemo.test_old_demo.&lt;locals&gt;.OpConfig&apos;&gt;, &lt;class &apos;int&apos;&gt;}. 
Otherwise, please register a new parser for type _NamedIntConstant and extension singlefile, .txt
 Reminder: use print_capabilities_by_ext() and print_capabilities_by_type() to diagnose what are the parsers available
NoParserFoundForObjectType - /home/travis/build/smarie/python-parsyfiles/parsyfiles/tests/old/./custom_old_demo_flat/case3--input_a (singlefile, .txt) cannot be parsed as a IntEnum because no parser supporting that type is registered for singlefile, .txt.
 If you wish to parse this object from this extension, you may wish to parse it as one of the following supported types : {&lt;class &apos;test_parsyfiles_old.TestDemo.test_old_demo.&lt;locals&gt;.OpConfig&apos;&gt;, &lt;class &apos;int&apos;&gt;}. 
Otherwise, please register a new parser for type IntEnum and extension singlefile, .txt
 Reminder: use print_capabilities_by_ext() and print_capabilities_by_type() to diagnose what are the parsers available
NoParserFoundForObjectType - /home/travis/build/smarie/python-parsyfiles/parsyfiles/tests/old/./custom_old_demo_flat/case3--input_a (singlefile, .txt) cannot be parsed as a Signals because no parser supporting that type is registered for singlefile, .txt.
 If you wish to parse this object from this extension, you may wish to parse it as one of the following supported types : {&lt;class &apos;test_parsyfiles_old.TestDemo.test_old_demo.&lt;locals&gt;.OpConfig&apos;&gt;, &lt;class &apos;int&apos;&gt;}. 
Otherwise, please register a new parser for type Signals and extension singlefile, .txt
 Reminder: use print_capabilities_by_ext() and print_capabilities_by_type() to diagnose what are the parsers available
NoParserFoundForObjectType - /home/travis/build/smarie/python-parsyfiles/parsyfiles/tests/old/./custom_old_demo_flat/case3--input_a (singlefile, .txt) cannot be parsed as a SocketKind because no parser supporting that type is registered for singlefile, .txt.
 If you wish to parse this object from this extension, you may wish to parse it as one of the following supported types : {&lt;class &apos;test_parsyfiles_old.TestDemo.test_old_demo.&lt;locals&gt;.OpConfig&apos;&gt;, &lt;class &apos;int&apos;&gt;}. 
Otherwise, please register a new parser for type SocketKind and extension singlefile, .txt
 Reminder: use print_capabilities_by_ext() and print_capabilities_by_type() to diagnose what are the parsers available
NoParserFoundForObjectType - /home/travis/build/smarie/python-parsyfiles/parsyfiles/tests/old/./custom_old_demo_flat/case3--input_a (singlefile, .txt) cannot be parsed as a HTTPStatus because no parser supporting that type is registered for singlefile, .txt.
 If you wish to parse this object from this extension, you may wish to parse it as one of the following supported types : {&lt;class &apos;test_parsyfiles_old.TestDemo.test_old_demo.&lt;locals&gt;.OpConfig&apos;&gt;, &lt;class &apos;int&apos;&gt;}. 
Otherwise, please register a new parser for type HTTPStatus and extension singlefile, .txt
 Reminder: use print_capabilities_by_ext() and print_capabilities_by_type() to diagnose what are the parsers available
NoParserFoundForObjectType - /home/travis/build/smarie/python-parsyfiles/parsyfiles/tests/old/./custom_old_demo_flat/case3--input_a (singlefile, .txt) cannot be parsed as a _SSLMethod because no parser supporting that type is registered for singlefile, .txt.
 If you wish to parse this object from this extension, you may wish to parse it as one of the following supported types : {&lt;class &apos;test_parsyfiles_old.TestDemo.test_old_demo.&lt;locals&gt;.OpConfig&apos;&gt;, &lt;class &apos;int&apos;&gt;}. 
Otherwise, please register a new parser for type _SSLMethod and extension singlefile, .txt
 Reminder: use print_capabilities_by_ext() and print_capabilities_by_type() to diagnose what are the parsers available
NoParserFoundForObjectType - /home/travis/build/smarie/python-parsyfiles/parsyfiles/tests/old/./custom_old_demo_flat/case3--input_a (singlefile, .txt) cannot be parsed as a _ParameterKind because no parser supporting that type is registered for singlefile, .txt.
 If you wish to parse this object from this extension, you may wish to parse it as one of the following supported types : {&lt;class &apos;test_parsyfiles_old.TestDemo.test_old_demo.&lt;locals&gt;.OpConfig&apos;&gt;, &lt;class &apos;int&apos;&gt;}. 
Otherwise, please register a new parser for type _ParameterKind and extension singlefile, .txt
 Reminder: use print_capabilities_by_ext() and print_capabilities_by_type() to diagnose what are the parsers available
NoParserFoundForObjectType - /home/travis/build/smarie/python-parsyfiles/parsyfiles/tests/old/./custom_old_demo_flat/case3--input_a (singlefile, .txt) cannot be parsed as a Sigmasks because no parser supporting that type is registered for singlefile, .txt.
 If you wish to parse this object from this extension, you may wish to parse it as one of the following supported types : {&lt;class &apos;test_parsyfiles_old.TestDemo.test_old_demo.&lt;locals&gt;.OpConfig&apos;&gt;, &lt;class &apos;int&apos;&gt;}. 
Otherwise, please register a new parser for type Sigmasks and extension singlefile, .txt
 Reminder: use print_capabilities_by_ext() and print_capabilities_by_type() to diagnose what are the parsers available
NoParserFoundForObjectType - /home/travis/build/smarie/python-parsyfiles/parsyfiles/tests/old/./custom_old_demo_flat/case3--input_a (singlefile, .txt) cannot be parsed as a Handlers because no parser supporting that type is registered for singlefile, .txt.
 If you wish to parse this object from this extension, you may wish to parse it as one of the following supported types : {&lt;class &apos;test_parsyfiles_old.TestDemo.test_old_demo.&lt;locals&gt;.OpConfig&apos;&gt;, &lt;class &apos;int&apos;&gt;}. 
Otherwise, please register a new parser for type Handlers and extension singlefile, .txt
 Reminder: use print_capabilities_by_ext() and print_capabilities_by_type() to diagnose what are the parsers available
NoParserFoundForObjectType - /home/travis/build/smarie/python-parsyfiles/parsyfiles/tests/old/./custom_old_demo_flat/case3--input_a (singlefile, .txt) cannot be parsed as a AddressFamily because no parser supporting that type is registered for singlefile, .txt.
 If you wish to parse this object from this extension, you may wish to parse it as one of the following supported types : {&lt;class &apos;test_parsyfiles_old.TestDemo.test_old_demo.&lt;locals&gt;.OpConfig&apos;&gt;, &lt;class &apos;int&apos;&gt;}. 
Otherwise, please register a new parser for type AddressFamily and extension singlefile, .txt
 Reminder: use print_capabilities_by_ext() and print_capabilities_by_type() to diagnose what are the parsers available
(B)                                                                                      |--case3--input_a.txt -&gt; int ------- using &lt;test_parse_int_file&gt;
NoParserFoundForObjectType - /home/travis/build/smarie/python-parsyfiles/parsyfiles/tests/old/./custom_old_demo_flat/case3--input_b (singlefile, .txt) cannot be parsed as a bool because no parser supporting that type is registered for singlefile, .txt.
 If you wish to parse this object from this extension, you may wish to parse it as one of the following supported types : {&lt;class &apos;test_parsyfiles_old.TestDemo.test_old_demo.&lt;locals&gt;.OpConfig&apos;&gt;, &lt;class &apos;int&apos;&gt;}. 
Otherwise, please register a new parser for type bool and extension singlefile, .txt
 Reminder: use print_capabilities_by_ext() and print_capabilities_by_type() to diagnose what are the parsers available
NoParserFoundForObjectType - /home/travis/build/smarie/python-parsyfiles/parsyfiles/tests/old/./custom_old_demo_flat/case3--input_b (singlefile, .txt) cannot be parsed as a _NamedIntConstant because no parser supporting that type is registered for singlefile, .txt.
 If you wish to parse this object from this extension, you may wish to parse it as one of the following supported types : {&lt;class &apos;test_parsyfiles_old.TestDemo.test_old_demo.&lt;locals&gt;.OpConfig&apos;&gt;, &lt;class &apos;int&apos;&gt;}. 
Otherwise, please register a new parser for type _NamedIntConstant and extension singlefile, .txt
 Reminder: use print_capabilities_by_ext() and print_capabilities_by_type() to diagnose what are the parsers available
NoParserFoundForObjectType - /home/travis/build/smarie/python-parsyfiles/parsyfiles/tests/old/./custom_old_demo_flat/case3--input_b (singlefile, .txt) cannot be parsed as a IntEnum because no parser supporting that type is registered for singlefile, .txt.
 If you wish to parse this object from this extension, you may wish to parse it as one of the following supported types : {&lt;class &apos;test_parsyfiles_old.TestDemo.test_old_demo.&lt;locals&gt;.OpConfig&apos;&gt;, &lt;class &apos;int&apos;&gt;}. 
Otherwise, please register a new parser for type IntEnum and extension singlefile, .txt
 Reminder: use print_capabilities_by_ext() and print_capabilities_by_type() to diagnose what are the parsers available
NoParserFoundForObjectType - /home/travis/build/smarie/python-parsyfiles/parsyfiles/tests/old/./custom_old_demo_flat/case3--input_b (singlefile, .txt) cannot be parsed as a Signals because no parser supporting that type is registered for singlefile, .txt.
 If you wish to parse this object from this extension, you may wish to parse it as one of the following supported types : {&lt;class &apos;test_parsyfiles_old.TestDemo.test_old_demo.&lt;locals&gt;.OpConfig&apos;&gt;, &lt;class &apos;int&apos;&gt;}. 
Otherwise, please register a new parser for type Signals and extension singlefile, .txt
 Reminder: use print_capabilities_by_ext() and print_capabilities_by_type() to diagnose what are the parsers available
NoParserFoundForObjectType - /home/travis/build/smarie/python-parsyfiles/parsyfiles/tests/old/./custom_old_demo_flat/case3--input_b (singlefile, .txt) cannot be parsed as a SocketKind because no parser supporting that type is registered for singlefile, .txt.
 If you wish to parse this object from this extension, you may wish to parse it as one of the following supported types : {&lt;class &apos;test_parsyfiles_old.TestDemo.test_old_demo.&lt;locals&gt;.OpConfig&apos;&gt;, &lt;class &apos;int&apos;&gt;}. 
Otherwise, please register a new parser for type SocketKind and extension singlefile, .txt
 Reminder: use print_capabilities_by_ext() and print_capabilities_by_type() to diagnose what are the parsers available
NoParserFoundForObjectType - /home/travis/build/smarie/python-parsyfiles/parsyfiles/tests/old/./custom_old_demo_flat/case3--input_b (singlefile, .txt) cannot be parsed as a HTTPStatus because no parser supporting that type is registered for singlefile, .txt.
 If you wish to parse this object from this extension, you may wish to parse it as one of the following supported types : {&lt;class &apos;test_parsyfiles_old.TestDemo.test_old_demo.&lt;locals&gt;.OpConfig&apos;&gt;, &lt;class &apos;int&apos;&gt;}. 
Otherwise, please register a new parser for type HTTPStatus and extension singlefile, .txt
 Reminder: use print_capabilities_by_ext() and print_capabilities_by_type() to diagnose what are the parsers available
NoParserFoundForObjectType - /home/travis/build/smarie/python-parsyfiles/parsyfiles/tests/old/./custom_old_demo_flat/case3--input_b (singlefile, .txt) cannot be parsed as a _SSLMethod because no parser supporting that type is registered for singlefile, .txt.
 If you wish to parse this object from this extension, you may wish to parse it as one of the following supported types : {&lt;class &apos;test_parsyfiles_old.TestDemo.test_old_demo.&lt;locals&gt;.OpConfig&apos;&gt;, &lt;class &apos;int&apos;&gt;}. 
Otherwise, please register a new parser for type _SSLMethod and extension singlefile, .txt
 Reminder: use print_capabilities_by_ext() and print_capabilities_by_type() to diagnose what are the parsers available
NoParserFoundForObjectType - /home/travis/build/smarie/python-parsyfiles/parsyfiles/tests/old/./custom_old_demo_flat/case3--input_b (singlefile, .txt) cannot be parsed as a _ParameterKind because no parser supporting that type is registered for singlefile, .txt.
 If you wish to parse this object from this extension, you may wish to parse it as one of the following supported types : {&lt;class &apos;test_parsyfiles_old.TestDemo.test_old_demo.&lt;locals&gt;.OpConfig&apos;&gt;, &lt;class &apos;int&apos;&gt;}. 
Otherwise, please register a new parser for type _ParameterKind and extension singlefile, .txt
 Reminder: use print_capabilities_by_ext() and print_capabilities_by_type() to diagnose what are the parsers available
NoParserFoundForObjectType - /home/travis/build/smarie/python-parsyfiles/parsyfiles/tests/old/./custom_old_demo_flat/case3--input_b (singlefile, .txt) cannot be parsed as a Sigmasks because no parser supporting that type is registered for singlefile, .txt.
 If you wish to parse this object from this extension, you may wish to parse it as one of the following supported types : {&lt;class &apos;test_parsyfiles_old.TestDemo.test_old_demo.&lt;locals&gt;.OpConfig&apos;&gt;, &lt;class &apos;int&apos;&gt;}. 
Otherwise, please register a new parser for type Sigmasks and extension singlefile, .txt
 Reminder: use print_capabilities_by_ext() and print_capabilities_by_type() to diagnose what are the parsers available
NoParserFoundForObjectType - /home/travis/build/smarie/python-parsyfiles/parsyfiles/tests/old/./custom_old_demo_flat/case3--input_b (singlefile, .txt) cannot be parsed as a Handlers because no parser supporting that type is registered for singlefile, .txt.
 If you wish to parse this object from this extension, you may wish to parse it as one of the following supported types : {&lt;class &apos;test_parsyfiles_old.TestDemo.test_old_demo.&lt;locals&gt;.OpConfig&apos;&gt;, &lt;class &apos;int&apos;&gt;}. 
Otherwise, please register a new parser for type Handlers and extension singlefile, .txt
 Reminder: use print_capabilities_by_ext() and print_capabilities_by_type() to diagnose what are the parsers available
NoParserFoundForObjectType - /home/travis/build/smarie/python-parsyfiles/parsyfiles/tests/old/./custom_old_demo_flat/case3--input_b (singlefile, .txt) cannot be parsed as a AddressFamily because no parser supporting that type is registered for singlefile, .txt.
 If you wish to parse this object from this extension, you may wish to parse it as one of the following supported types : {&lt;class &apos;test_parsyfiles_old.TestDemo.test_old_demo.&lt;locals&gt;.OpConfig&apos;&gt;, &lt;class &apos;int&apos;&gt;}. 
Otherwise, please register a new parser for type AddressFamily and extension singlefile, .txt
 Reminder: use print_capabilities_by_ext() and print_capabilities_by_type() to diagnose what are the parsers available
(B)                                                                                      |--case3--input_b.txt -&gt; int ------- using &lt;test_parse_int_file&gt;
(B)                                                                                      |--case3--options.cfg -&gt; OpConfig ------- using &lt;test_parse_configuration_cfg_file&gt;
NoParserFoundForObjectType - /home/travis/build/smarie/python-parsyfiles/parsyfiles/tests/old/./custom_old_demo_flat/case3--output (singlefile, .txt) cannot be parsed as a bool because no parser supporting that type is registered for singlefile, .txt.
 If you wish to parse this object from this extension, you may wish to parse it as one of the following supported types : {&lt;class &apos;test_parsyfiles_old.TestDemo.test_old_demo.&lt;locals&gt;.OpConfig&apos;&gt;, &lt;class &apos;int&apos;&gt;}. 
Otherwise, please register a new parser for type bool and extension singlefile, .txt
 Reminder: use print_capabilities_by_ext() and print_capabilities_by_type() to diagnose what are the parsers available
NoParserFoundForObjectType - /home/travis/build/smarie/python-parsyfiles/parsyfiles/tests/old/./custom_old_demo_flat/case3--output (singlefile, .txt) cannot be parsed as a _NamedIntConstant because no parser supporting that type is registered for singlefile, .txt.
 If you wish to parse this object from this extension, you may wish to parse it as one of the following supported types : {&lt;class &apos;test_parsyfiles_old.TestDemo.test_old_demo.&lt;locals&gt;.OpConfig&apos;&gt;, &lt;class &apos;int&apos;&gt;}. 
Otherwise, please register a new parser for type _NamedIntConstant and extension singlefile, .txt
 Reminder: use print_capabilities_by_ext() and print_capabilities_by_type() to diagnose what are the parsers available
NoParserFoundForObjectType - /home/travis/build/smarie/python-parsyfiles/parsyfiles/tests/old/./custom_old_demo_flat/case3--output (singlefile, .txt) cannot be parsed as a IntEnum because no parser supporting that type is registered for singlefile, .txt.
 If you wish to parse this object from this extension, you may wish to parse it as one of the following supported types : {&lt;class &apos;test_parsyfiles_old.TestDemo.test_old_demo.&lt;locals&gt;.OpConfig&apos;&gt;, &lt;class &apos;int&apos;&gt;}. 
Otherwise, please register a new parser for type IntEnum and extension singlefile, .txt
 Reminder: use print_capabilities_by_ext() and print_capabilities_by_type() to diagnose what are the parsers available
NoParserFoundForObjectType - /home/travis/build/smarie/python-parsyfiles/parsyfiles/tests/old/./custom_old_demo_flat/case3--output (singlefile, .txt) cannot be parsed as a Signals because no parser supporting that type is registered for singlefile, .txt.
 If you wish to parse this object from this extension, you may wish to parse it as one of the following supported types : {&lt;class &apos;test_parsyfiles_old.TestDemo.test_old_demo.&lt;locals&gt;.OpConfig&apos;&gt;, &lt;class &apos;int&apos;&gt;}. 
Otherwise, please register a new parser for type Signals and extension singlefile, .txt
 Reminder: use print_capabilities_by_ext() and print_capabilities_by_type() to diagnose what are the parsers available
NoParserFoundForObjectType - /home/travis/build/smarie/python-parsyfiles/parsyfiles/tests/old/./custom_old_demo_flat/case3--output (singlefile, .txt) cannot be parsed as a SocketKind because no parser supporting that type is registered for singlefile, .txt.
 If you wish to parse this object from this extension, you may wish to parse it as one of the following supported types : {&lt;class &apos;test_parsyfiles_old.TestDemo.test_old_demo.&lt;locals&gt;.OpConfig&apos;&gt;, &lt;class &apos;int&apos;&gt;}. 
Otherwise, please register a new parser for type SocketKind and extension singlefile, .txt
 Reminder: use print_capabilities_by_ext() and print_capabilities_by_type() to diagnose what are the parsers available
NoParserFoundForObjectType - /home/travis/build/smarie/python-parsyfiles/parsyfiles/tests/old/./custom_old_demo_flat/case3--output (singlefile, .txt) cannot be parsed as a HTTPStatus because no parser supporting that type is registered for singlefile, .txt.
 If you wish to parse this object from this extension, you may wish to parse it as one of the following supported types : {&lt;class &apos;test_parsyfiles_old.TestDemo.test_old_demo.&lt;locals&gt;.OpConfig&apos;&gt;, &lt;class &apos;int&apos;&gt;}. 
Otherwise, please register a new parser for type HTTPStatus and extension singlefile, .txt
 Reminder: use print_capabilities_by_ext() and print_capabilities_by_type() to diagnose what are the parsers available
NoParserFoundForObjectType - /home/travis/build/smarie/python-parsyfiles/parsyfiles/tests/old/./custom_old_demo_flat/case3--output (singlefile, .txt) cannot be parsed as a _SSLMethod because no parser supporting that type is registered for singlefile, .txt.
 If you wish to parse this object from this extension, you may wish to parse it as one of the following supported types : {&lt;class &apos;test_parsyfiles_old.TestDemo.test_old_demo.&lt;locals&gt;.OpConfig&apos;&gt;, &lt;class &apos;int&apos;&gt;}. 
Otherwise, please register a new parser for type _SSLMethod and extension singlefile, .txt
 Reminder: use print_capabilities_by_ext() and print_capabilities_by_type() to diagnose what are the parsers available
NoParserFoundForObjectType - /home/travis/build/smarie/python-parsyfiles/parsyfiles/tests/old/./custom_old_demo_flat/case3--output (singlefile, .txt) cannot be parsed as a _ParameterKind because no parser supporting that type is registered for singlefile, .txt.
 If you wish to parse this object from this extension, you may wish to parse it as one of the following supported types : {&lt;class &apos;test_parsyfiles_old.TestDemo.test_old_demo.&lt;locals&gt;.OpConfig&apos;&gt;, &lt;class &apos;int&apos;&gt;}. 
Otherwise, please register a new parser for type _ParameterKind and extension singlefile, .txt
 Reminder: use print_capabilities_by_ext() and print_capabilities_by_type() to diagnose what are the parsers available
NoParserFoundForObjectType - /home/travis/build/smarie/python-parsyfiles/parsyfiles/tests/old/./custom_old_demo_flat/case3--output (singlefile, .txt) cannot be parsed as a Sigmasks because no parser supporting that type is registered for singlefile, .txt.
 If you wish to parse this object from this extension, you may wish to parse it as one of the following supported types : {&lt;class &apos;test_parsyfiles_old.TestDemo.test_old_demo.&lt;locals&gt;.OpConfig&apos;&gt;, &lt;class &apos;int&apos;&gt;}. 
Otherwise, please register a new parser for type Sigmasks and extension singlefile, .txt
 Reminder: use print_capabilities_by_ext() and print_capabilities_by_type() to diagnose what are the parsers available
NoParserFoundForObjectType - /home/travis/build/smarie/python-parsyfiles/parsyfiles/tests/old/./custom_old_demo_flat/case3--output (singlefile, .txt) cannot be parsed as a Handlers because no parser supporting that type is registered for singlefile, .txt.
 If you wish to parse this object from this extension, you may wish to parse it as one of the following supported types : {&lt;class &apos;test_parsyfiles_old.TestDemo.test_old_demo.&lt;locals&gt;.OpConfig&apos;&gt;, &lt;class &apos;int&apos;&gt;}. 
Otherwise, please register a new parser for type Handlers and extension singlefile, .txt
 Reminder: use print_capabilities_by_ext() and print_capabilities_by_type() to diagnose what are the parsers available
NoParserFoundForObjectType - /home/travis/build/smarie/python-parsyfiles/parsyfiles/tests/old/./custom_old_demo_flat/case3--output (singlefile, .txt) cannot be parsed as a AddressFamily because no parser supporting that type is registered for singlefile, .txt.
 If you wish to parse this object from this extension, you may wish to parse it as one of the following supported types : {&lt;class &apos;test_parsyfiles_old.TestDemo.test_old_demo.&lt;locals&gt;.OpConfig&apos;&gt;, &lt;class &apos;int&apos;&gt;}. 
Otherwise, please register a new parser for type AddressFamily and extension singlefile, .txt
 Reminder: use print_capabilities_by_ext() and print_capabilities_by_type() to diagnose what are the parsers available
(B)                                                                                      |--case3--output.txt -&gt; int ------- using &lt;test_parse_int_file&gt;
Parsing Plan created successfully

Executing Parsing Plan for [/home/travis/build/smarie/python-parsyfiles/parsyfiles/tests/old/./custom_old_demo_flat]
(P) /home/travis/build/smarie/python-parsyfiles/parsyfiles/tests/old/./custom_old_demo_flat -&gt; Dict[str, OpTestCase] ------- using Multifile Collection parser (parsyfiles defaults+test custom functions)
(P)                                                                                      |--case1 -&gt; OpTestCase ------- using Multifile Object parser (parsyfiles defaults+test custom functions)
(P)                                                                                      |--case1--input_a.txt -&gt; int ------- using &lt;test_parse_int_file&gt;
(P)                                                                                      |--case1--input_a.txt -&gt; int SUCCESS !
(P)                                                                                      |--case1--input_b.txt -&gt; int ------- using &lt;test_parse_int_file&gt;
(P)                                                                                      |--case1--input_b.txt -&gt; int SUCCESS !
(P)                                                                                      |--case1--output.txt -&gt; int ------- using &lt;test_parse_int_file&gt;
(P)                                                                                      |--case1--output.txt -&gt; int SUCCESS !
(P)                                                                                      |--case1 -&gt; OpTestCase SUCCESS !
(P)                                                                                      |--case2 -&gt; OpTestCase ------- using Multifile Object parser (parsyfiles defaults+test custom functions)
(P)                                                                                      |--case2--input_a.txt -&gt; int ------- using &lt;test_parse_int_file&gt;
(P)                                                                                      |--case2--input_a.txt -&gt; int SUCCESS !
(P)                                                                                      |--case2--input_b.txt -&gt; int ------- using &lt;test_parse_int_file&gt;
(P)                                                                                      |--case2--input_b.txt -&gt; int SUCCESS !
(P)                                                                                      |--case2--options.txt -&gt; OpConfig ------- using &lt;test_parse_configuration_txt_file&gt;
(P)                                                                                      |--case2--options.txt -&gt; OpConfig SUCCESS !
(P)                                                                                      |--case2--output.txt -&gt; int ------- using &lt;test_parse_int_file&gt;
(P)                                                                                      |--case2--output.txt -&gt; int SUCCESS !
(P)                                                                                      |--case2 -&gt; OpTestCase SUCCESS !
(P)                                                                                      |--case3 -&gt; OpTestCase ------- using Multifile Object parser (parsyfiles defaults+test custom functions)
(P)                                                                                      |--case3--input_a.txt -&gt; int ------- using &lt;test_parse_int_file&gt;
(P)                                                                                      |--case3--input_a.txt -&gt; int SUCCESS !
(P)                                                                                      |--case3--input_b.txt -&gt; int ------- using &lt;test_parse_int_file&gt;
(P)                                                                                      |--case3--input_b.txt -&gt; int SUCCESS !
(P)                                                                                      |--case3--options.cfg -&gt; OpConfig ------- using &lt;test_parse_configuration_cfg_file&gt;
(P)                                                                                      |--case3--options.cfg -&gt; OpConfig SUCCESS !
(P)                                                                                      |--case3--output.txt -&gt; int ------- using &lt;test_parse_int_file&gt;
(P)                                                                                      |--case3--output.txt -&gt; int SUCCESS !
(P)                                                                                      |--case3 -&gt; OpTestCase SUCCESS !
(P)                                                                 |--custom_old_demo_flat -&gt; Dict[str, OpTestCase] SUCCESS !
Completed parsing successfully

OrderedDict([(&apos;case1&apos;, 1 + 2 =? 3),
             (&apos;case2&apos;, 1 + 3 =? 4),
             (&apos;case3&apos;, 1 - 2 =? -1)])
**** Starting to parse collection of &lt;OpTestCaseColl&gt; at location /home/travis/build/smarie/python-parsyfiles/parsyfiles/tests/old/./custom_old_demo_flat_coll ****
Checking all files under [/home/travis/build/smarie/python-parsyfiles/parsyfiles/tests/old/./custom_old_demo_flat_coll]
(C) /home/travis/build/smarie/python-parsyfiles/parsyfiles/tests/old/./custom_old_demo_flat_coll (multifile)
(C)                                                                                           |--case1 (multifile)
(C)                                                                                           |--case1--input_a (singlefile, .txt)
(C)                                                                                           |--case1--input_b (singlefile, .txt)
(C)                                                                                           |--case1--output (singlefile, .txt)
(C)                                                                                           |--case2 (multifile)
(C)                                                                                           |--case2--input_a (singlefile, .txt)
(C)                                                                                           |--case2--input_b (singlefile, .txt)
(C)                                                                                           |--case2--options (singlefile, .txt)
(C)                                                                                           |--case2--output (singlefile, .txt)
(C)                                                                                           |--case3 (multifile)
(C)                                                                                           |--case3--input_a (singlefile, .txt)
(C)                                                                                           |--case3--input_b (singlefile, .txt)
(C)                                                                                           |--case3--input_c (multifile)
(C)                                                                                           |--case3--input_c--keyA (multifile)
(C)                                                                                           |--case3--input_c--keyA--item1 (singlefile, .txt)
(C)                                                                                           |--case3--input_c--keyA--item2 (singlefile, .txt)
(C)                                                                                           |--case3--input_c--keyB (multifile)
(C)                                                                                           |--case3--input_c--keyB--item1 (singlefile, .txt)
(C)                                                                                           |--case3--options (singlefile, .cfg)
(C)                                                                                           |--case3--output (singlefile, .txt)
File checks done

Building a parsing plan to parse [/home/travis/build/smarie/python-parsyfiles/parsyfiles/tests/old/./custom_old_demo_flat_coll] into a Dict[str, OpTestCaseColl]
(B) /home/travis/build/smarie/python-parsyfiles/parsyfiles/tests/old/./custom_old_demo_flat_coll -&gt; Dict[str, OpTestCaseColl] ------- using Multifile Collection parser (parsyfiles defaults+test custom functions)
(B)                                                                                           |--case1 -&gt; OpTestCaseColl ------- using Multifile Object parser (parsyfiles defaults+test custom functions)
NoParserFoundForObjectType - /home/travis/build/smarie/python-parsyfiles/parsyfiles/tests/old/./custom_old_demo_flat_coll/case1--input_a (singlefile, .txt) cannot be parsed as a bool because no parser supporting that type is registered for singlefile, .txt.
 If you wish to parse this object from this extension, you may wish to parse it as one of the following supported types : {&lt;class &apos;test_parsyfiles_old.TestDemo.test_old_demo.&lt;locals&gt;.OpConfig&apos;&gt;, &lt;class &apos;int&apos;&gt;}. 
Otherwise, please register a new parser for type bool and extension singlefile, .txt
 Reminder: use print_capabilities_by_ext() and print_capabilities_by_type() to diagnose what are the parsers available
NoParserFoundForObjectType - /home/travis/build/smarie/python-parsyfiles/parsyfiles/tests/old/./custom_old_demo_flat_coll/case1--input_a (singlefile, .txt) cannot be parsed as a _NamedIntConstant because no parser supporting that type is registered for singlefile, .txt.
 If you wish to parse this object from this extension, you may wish to parse it as one of the following supported types : {&lt;class &apos;test_parsyfiles_old.TestDemo.test_old_demo.&lt;locals&gt;.OpConfig&apos;&gt;, &lt;class &apos;int&apos;&gt;}. 
Otherwise, please register a new parser for type _NamedIntConstant and extension singlefile, .txt
 Reminder: use print_capabilities_by_ext() and print_capabilities_by_type() to diagnose what are the parsers available
NoParserFoundForObjectType - /home/travis/build/smarie/python-parsyfiles/parsyfiles/tests/old/./custom_old_demo_flat_coll/case1--input_a (singlefile, .txt) cannot be parsed as a IntEnum because no parser supporting that type is registered for singlefile, .txt.
 If you wish to parse this object from this extension, you may wish to parse it as one of the following supported types : {&lt;class &apos;test_parsyfiles_old.TestDemo.test_old_demo.&lt;locals&gt;.OpConfig&apos;&gt;, &lt;class &apos;int&apos;&gt;}. 
Otherwise, please register a new parser for type IntEnum and extension singlefile, .txt
 Reminder: use print_capabilities_by_ext() and print_capabilities_by_type() to diagnose what are the parsers available
NoParserFoundForObjectType - /home/travis/build/smarie/python-parsyfiles/parsyfiles/tests/old/./custom_old_demo_flat_coll/case1--input_a (singlefile, .txt) cannot be parsed as a Signals because no parser supporting that type is registered for singlefile, .txt.
 If you wish to parse this object from this extension, you may wish to parse it as one of the following supported types : {&lt;class &apos;test_parsyfiles_old.TestDemo.test_old_demo.&lt;locals&gt;.OpConfig&apos;&gt;, &lt;class &apos;int&apos;&gt;}. 
Otherwise, please register a new parser for type Signals and extension singlefile, .txt
 Reminder: use print_capabilities_by_ext() and print_capabilities_by_type() to diagnose what are the parsers available
NoParserFoundForObjectType - /home/travis/build/smarie/python-parsyfiles/parsyfiles/tests/old/./custom_old_demo_flat_coll/case1--input_a (singlefile, .txt) cannot be parsed as a SocketKind because no parser supporting that type is registered for singlefile, .txt.
 If you wish to parse this object from this extension, you may wish to parse it as one of the following supported types : {&lt;class &apos;test_parsyfiles_old.TestDemo.test_old_demo.&lt;locals&gt;.OpConfig&apos;&gt;, &lt;class &apos;int&apos;&gt;}. 
Otherwise, please register a new parser for type SocketKind and extension singlefile, .txt
 Reminder: use print_capabilities_by_ext() and print_capabilities_by_type() to diagnose what are the parsers available
NoParserFoundForObjectType - /home/travis/build/smarie/python-parsyfiles/parsyfiles/tests/old/./custom_old_demo_flat_coll/case1--input_a (singlefile, .txt) cannot be parsed as a HTTPStatus because no parser supporting that type is registered for singlefile, .txt.
 If you wish to parse this object from this extension, you may wish to parse it as one of the following supported types : {&lt;class &apos;test_parsyfiles_old.TestDemo.test_old_demo.&lt;locals&gt;.OpConfig&apos;&gt;, &lt;class &apos;int&apos;&gt;}. 
Otherwise, please register a new parser for type HTTPStatus and extension singlefile, .txt
 Reminder: use print_capabilities_by_ext() and print_capabilities_by_type() to diagnose what are the parsers available
NoParserFoundForObjectType - /home/travis/build/smarie/python-parsyfiles/parsyfiles/tests/old/./custom_old_demo_flat_coll/case1--input_a (singlefile, .txt) cannot be parsed as a _SSLMethod because no parser supporting that type is registered for singlefile, .txt.
 If you wish to parse this object from this extension, you may wish to parse it as one of the following supported types : {&lt;class &apos;test_parsyfiles_old.TestDemo.test_old_demo.&lt;locals&gt;.OpConfig&apos;&gt;, &lt;class &apos;int&apos;&gt;}. 
Otherwise, please register a new parser for type _SSLMethod and extension singlefile, .txt
 Reminder: use print_capabilities_by_ext() and print_capabilities_by_type() to diagnose what are the parsers available
NoParserFoundForObjectType - /home/travis/build/smarie/python-parsyfiles/parsyfiles/tests/old/./custom_old_demo_flat_coll/case1--input_a (singlefile, .txt) cannot be parsed as a _ParameterKind because no parser supporting that type is registered for singlefile, .txt.
 If you wish to parse this object from this extension, you may wish to parse it as one of the following supported types : {&lt;class &apos;test_parsyfiles_old.TestDemo.test_old_demo.&lt;locals&gt;.OpConfig&apos;&gt;, &lt;class &apos;int&apos;&gt;}. 
Otherwise, please register a new parser for type _ParameterKind and extension singlefile, .txt
 Reminder: use print_capabilities_by_ext() and print_capabilities_by_type() to diagnose what are the parsers available
NoParserFoundForObjectType - /home/travis/build/smarie/python-parsyfiles/parsyfiles/tests/old/./custom_old_demo_flat_coll/case1--input_a (singlefile, .txt) cannot be parsed as a Sigmasks because no parser supporting that type is registered for singlefile, .txt.
 If you wish to parse this object from this extension, you may wish to parse it as one of the following supported types : {&lt;class &apos;test_parsyfiles_old.TestDemo.test_old_demo.&lt;locals&gt;.OpConfig&apos;&gt;, &lt;class &apos;int&apos;&gt;}. 
Otherwise, please register a new parser for type Sigmasks and extension singlefile, .txt
 Reminder: use print_capabilities_by_ext() and print_capabilities_by_type() to diagnose what are the parsers available
NoParserFoundForObjectType - /home/travis/build/smarie/python-parsyfiles/parsyfiles/tests/old/./custom_old_demo_flat_coll/case1--input_a (singlefile, .txt) cannot be parsed as a Handlers because no parser supporting that type is registered for singlefile, .txt.
 If you wish to parse this object from this extension, you may wish to parse it as one of the following supported types : {&lt;class &apos;test_parsyfiles_old.TestDemo.test_old_demo.&lt;locals&gt;.OpConfig&apos;&gt;, &lt;class &apos;int&apos;&gt;}. 
Otherwise, please register a new parser for type Handlers and extension singlefile, .txt
 Reminder: use print_capabilities_by_ext() and print_capabilities_by_type() to diagnose what are the parsers available
NoParserFoundForObjectType - /home/travis/build/smarie/python-parsyfiles/parsyfiles/tests/old/./custom_old_demo_flat_coll/case1--input_a (singlefile, .txt) cannot be parsed as a AddressFamily because no parser supporting that type is registered for singlefile, .txt.
 If you wish to parse this object from this extension, you may wish to parse it as one of the following supported types : {&lt;class &apos;test_parsyfiles_old.TestDemo.test_old_demo.&lt;locals&gt;.OpConfig&apos;&gt;, &lt;class &apos;int&apos;&gt;}. 
Otherwise, please register a new parser for type AddressFamily and extension singlefile, .txt
 Reminder: use print_capabilities_by_ext() and print_capabilities_by_type() to diagnose what are the parsers available
(B)                                                                                           |--case1--input_a.txt -&gt; int ------- using &lt;test_parse_int_file&gt;
NoParserFoundForObjectType - /home/travis/build/smarie/python-parsyfiles/parsyfiles/tests/old/./custom_old_demo_flat_coll/case1--input_b (singlefile, .txt) cannot be parsed as a bool because no parser supporting that type is registered for singlefile, .txt.
 If you wish to parse this object from this extension, you may wish to parse it as one of the following supported types : {&lt;class &apos;test_parsyfiles_old.TestDemo.test_old_demo.&lt;locals&gt;.OpConfig&apos;&gt;, &lt;class &apos;int&apos;&gt;}. 
Otherwise, please register a new parser for type bool and extension singlefile, .txt
 Reminder: use print_capabilities_by_ext() and print_capabilities_by_type() to diagnose what are the parsers available
NoParserFoundForObjectType - /home/travis/build/smarie/python-parsyfiles/parsyfiles/tests/old/./custom_old_demo_flat_coll/case1--input_b (singlefile, .txt) cannot be parsed as a _NamedIntConstant because no parser supporting that type is registered for singlefile, .txt.
 If you wish to parse this object from this extension, you may wish to parse it as one of the following supported types : {&lt;class &apos;test_parsyfiles_old.TestDemo.test_old_demo.&lt;locals&gt;.OpConfig&apos;&gt;, &lt;class &apos;int&apos;&gt;}. 
Otherwise, please register a new parser for type _NamedIntConstant and extension singlefile, .txt
 Reminder: use print_capabilities_by_ext() and print_capabilities_by_type() to diagnose what are the parsers available
NoParserFoundForObjectType - /home/travis/build/smarie/python-parsyfiles/parsyfiles/tests/old/./custom_old_demo_flat_coll/case1--input_b (singlefile, .txt) cannot be parsed as a IntEnum because no parser supporting that type is registered for singlefile, .txt.
 If you wish to parse this object from this extension, you may wish to parse it as one of the following supported types : {&lt;class &apos;test_parsyfiles_old.TestDemo.test_old_demo.&lt;locals&gt;.OpConfig&apos;&gt;, &lt;class &apos;int&apos;&gt;}. 
Otherwise, please register a new parser for type IntEnum and extension singlefile, .txt
 Reminder: use print_capabilities_by_ext() and print_capabilities_by_type() to diagnose what are the parsers available
NoParserFoundForObjectType - /home/travis/build/smarie/python-parsyfiles/parsyfiles/tests/old/./custom_old_demo_flat_coll/case1--input_b (singlefile, .txt) cannot be parsed as a Signals because no parser supporting that type is registered for singlefile, .txt.
 If you wish to parse this object from this extension, you may wish to parse it as one of the following supported types : {&lt;class &apos;test_parsyfiles_old.TestDemo.test_old_demo.&lt;locals&gt;.OpConfig&apos;&gt;, &lt;class &apos;int&apos;&gt;}. 
Otherwise, please register a new parser for type Signals and extension singlefile, .txt
 Reminder: use print_capabilities_by_ext() and print_capabilities_by_type() to diagnose what are the parsers available
NoParserFoundForObjectType - /home/travis/build/smarie/python-parsyfiles/parsyfiles/tests/old/./custom_old_demo_flat_coll/case1--input_b (singlefile, .txt) cannot be parsed as a SocketKind because no parser supporting that type is registered for singlefile, .txt.
 If you wish to parse this object from this extension, you may wish to parse it as one of the following supported types : {&lt;class &apos;test_parsyfiles_old.TestDemo.test_old_demo.&lt;locals&gt;.OpConfig&apos;&gt;, &lt;class &apos;int&apos;&gt;}. 
Otherwise, please register a new parser for type SocketKind and extension singlefile, .txt
 Reminder: use print_capabilities_by_ext() and print_capabilities_by_type() to diagnose what are the parsers available
NoParserFoundForObjectType - /home/travis/build/smarie/python-parsyfiles/parsyfiles/tests/old/./custom_old_demo_flat_coll/case1--input_b (singlefile, .txt) cannot be parsed as a HTTPStatus because no parser supporting that type is registered for singlefile, .txt.
 If you wish to parse this object from this extension, you may wish to parse it as one of the following supported types : {&lt;class &apos;test_parsyfiles_old.TestDemo.test_old_demo.&lt;locals&gt;.OpConfig&apos;&gt;, &lt;class &apos;int&apos;&gt;}. 
Otherwise, please register a new parser for type HTTPStatus and extension singlefile, .txt
 Reminder: use print_capabilities_by_ext() and print_capabilities_by_type() to diagnose what are the parsers available
NoParserFoundForObjectType - /home/travis/build/smarie/python-parsyfiles/parsyfiles/tests/old/./custom_old_demo_flat_coll/case1--input_b (singlefile, .txt) cannot be parsed as a _SSLMethod because no parser supporting that type is registered for singlefile, .txt.
 If you wish to parse this object from this extension, you may wish to parse it as one of the following supported types : {&lt;class &apos;test_parsyfiles_old.TestDemo.test_old_demo.&lt;locals&gt;.OpConfig&apos;&gt;, &lt;class &apos;int&apos;&gt;}. 
Otherwise, please register a new parser for type _SSLMethod and extension singlefile, .txt
 Reminder: use print_capabilities_by_ext() and print_capabilities_by_type() to diagnose what are the parsers available
NoParserFoundForObjectType - /home/travis/build/smarie/python-parsyfiles/parsyfiles/tests/old/./custom_old_demo_flat_coll/case1--input_b (singlefile, .txt) cannot be parsed as a _ParameterKind because no parser supporting that type is registered for singlefile, .txt.
 If you wish to parse this object from this extension, you may wish to parse it as one of the following supported types : {&lt;class &apos;test_parsyfiles_old.TestDemo.test_old_demo.&lt;locals&gt;.OpConfig&apos;&gt;, &lt;class &apos;int&apos;&gt;}. 
Otherwise, please register a new parser for type _ParameterKind and extension singlefile, .txt
 Reminder: use print_capabilities_by_ext() and print_capabilities_by_type() to diagnose what are the parsers available
NoParserFoundForObjectType - /home/travis/build/smarie/python-parsyfiles/parsyfiles/tests/old/./custom_old_demo_flat_coll/case1--input_b (singlefile, .txt) cannot be parsed as a Sigmasks because no parser supporting that type is registered for singlefile, .txt.
 If you wish to parse this object from this extension, you may wish to parse it as one of the following supported types : {&lt;class &apos;test_parsyfiles_old.TestDemo.test_old_demo.&lt;locals&gt;.OpConfig&apos;&gt;, &lt;class &apos;int&apos;&gt;}. 
Otherwise, please register a new parser for type Sigmasks and extension singlefile, .txt
 Reminder: use print_capabilities_by_ext() and print_capabilities_by_type() to diagnose what are the parsers available
NoParserFoundForObjectType - /home/travis/build/smarie/python-parsyfiles/parsyfiles/tests/old/./custom_old_demo_flat_coll/case1--input_b (singlefile, .txt) cannot be parsed as a Handlers because no parser supporting that type is registered for singlefile, .txt.
 If you wish to parse this object from this extension, you may wish to parse it as one of the following supported types : {&lt;class &apos;test_parsyfiles_old.TestDemo.test_old_demo.&lt;locals&gt;.OpConfig&apos;&gt;, &lt;class &apos;int&apos;&gt;}. 
Otherwise, please register a new parser for type Handlers and extension singlefile, .txt
 Reminder: use print_capabilities_by_ext() and print_capabilities_by_type() to diagnose what are the parsers available
NoParserFoundForObjectType - /home/travis/build/smarie/python-parsyfiles/parsyfiles/tests/old/./custom_old_demo_flat_coll/case1--input_b (singlefile, .txt) cannot be parsed as a AddressFamily because no parser supporting that type is registered for singlefile, .txt.
 If you wish to parse this object from this extension, you may wish to parse it as one of the following supported types : {&lt;class &apos;test_parsyfiles_old.TestDemo.test_old_demo.&lt;locals&gt;.OpConfig&apos;&gt;, &lt;class &apos;int&apos;&gt;}. 
Otherwise, please register a new parser for type AddressFamily and extension singlefile, .txt
 Reminder: use print_capabilities_by_ext() and print_capabilities_by_type() to diagnose what are the parsers available
(B)                                                                                           |--case1--input_b.txt -&gt; int ------- using &lt;test_parse_int_file&gt;
(B)                                                                                                |--input_c: NOT FOUND - This optional constructor attribute for type OpTestCaseColl was not found on file system, but this may be normal - this message is displayed &apos;just in case&apos;.
(B)                                                                                                |--options: NOT FOUND - This optional constructor attribute for type OpTestCaseColl was not found on file system, but this may be normal - this message is displayed &apos;just in case&apos;.
NoParserFoundForObjectType - /home/travis/build/smarie/python-parsyfiles/parsyfiles/tests/old/./custom_old_demo_flat_coll/case1--output (singlefile, .txt) cannot be parsed as a bool because no parser supporting that type is registered for singlefile, .txt.
 If you wish to parse this object from this extension, you may wish to parse it as one of the following supported types : {&lt;class &apos;test_parsyfiles_old.TestDemo.test_old_demo.&lt;locals&gt;.OpConfig&apos;&gt;, &lt;class &apos;int&apos;&gt;}. 
Otherwise, please register a new parser for type bool and extension singlefile, .txt
 Reminder: use print_capabilities_by_ext() and print_capabilities_by_type() to diagnose what are the parsers available
NoParserFoundForObjectType - /home/travis/build/smarie/python-parsyfiles/parsyfiles/tests/old/./custom_old_demo_flat_coll/case1--output (singlefile, .txt) cannot be parsed as a _NamedIntConstant because no parser supporting that type is registered for singlefile, .txt.
 If you wish to parse this object from this extension, you may wish to parse it as one of the following supported types : {&lt;class &apos;test_parsyfiles_old.TestDemo.test_old_demo.&lt;locals&gt;.OpConfig&apos;&gt;, &lt;class &apos;int&apos;&gt;}. 
Otherwise, please register a new parser for type _NamedIntConstant and extension singlefile, .txt
 Reminder: use print_capabilities_by_ext() and print_capabilities_by_type() to diagnose what are the parsers available
NoParserFoundForObjectType - /home/travis/build/smarie/python-parsyfiles/parsyfiles/tests/old/./custom_old_demo_flat_coll/case1--output (singlefile, .txt) cannot be parsed as a IntEnum because no parser supporting that type is registered for singlefile, .txt.
 If you wish to parse this object from this extension, you may wish to parse it as one of the following supported types : {&lt;class &apos;test_parsyfiles_old.TestDemo.test_old_demo.&lt;locals&gt;.OpConfig&apos;&gt;, &lt;class &apos;int&apos;&gt;}. 
Otherwise, please register a new parser for type IntEnum and extension singlefile, .txt
 Reminder: use print_capabilities_by_ext() and print_capabilities_by_type() to diagnose what are the parsers available
NoParserFoundForObjectType - /home/travis/build/smarie/python-parsyfiles/parsyfiles/tests/old/./custom_old_demo_flat_coll/case1--output (singlefile, .txt) cannot be parsed as a Signals because no parser supporting that type is registered for singlefile, .txt.
 If you wish to parse this object from this extension, you may wish to parse it as one of the following supported types : {&lt;class &apos;test_parsyfiles_old.TestDemo.test_old_demo.&lt;locals&gt;.OpConfig&apos;&gt;, &lt;class &apos;int&apos;&gt;}. 
Otherwise, please register a new parser for type Signals and extension singlefile, .txt
 Reminder: use print_capabilities_by_ext() and print_capabilities_by_type() to diagnose what are the parsers available
NoParserFoundForObjectType - /home/travis/build/smarie/python-parsyfiles/parsyfiles/tests/old/./custom_old_demo_flat_coll/case1--output (singlefile, .txt) cannot be parsed as a SocketKind because no parser supporting that type is registered for singlefile, .txt.
 If you wish to parse this object from this extension, you may wish to parse it as one of the following supported types : {&lt;class &apos;test_parsyfiles_old.TestDemo.test_old_demo.&lt;locals&gt;.OpConfig&apos;&gt;, &lt;class &apos;int&apos;&gt;}. 
Otherwise, please register a new parser for type SocketKind and extension singlefile, .txt
 Reminder: use print_capabilities_by_ext() and print_capabilities_by_type() to diagnose what are the parsers available
NoParserFoundForObjectType - /home/travis/build/smarie/python-parsyfiles/parsyfiles/tests/old/./custom_old_demo_flat_coll/case1--output (singlefile, .txt) cannot be parsed as a HTTPStatus because no parser supporting that type is registered for singlefile, .txt.
 If you wish to parse this object from this extension, you may wish to parse it as one of the following supported types : {&lt;class &apos;test_parsyfiles_old.TestDemo.test_old_demo.&lt;locals&gt;.OpConfig&apos;&gt;, &lt;class &apos;int&apos;&gt;}. 
Otherwise, please register a new parser for type HTTPStatus and extension singlefile, .txt
 Reminder: use print_capabilities_by_ext() and print_capabilities_by_type() to diagnose what are the parsers available
NoParserFoundForObjectType - /home/travis/build/smarie/python-parsyfiles/parsyfiles/tests/old/./custom_old_demo_flat_coll/case1--output (singlefile, .txt) cannot be parsed as a _SSLMethod because no parser supporting that type is registered for singlefile, .txt.
 If you wish to parse this object from this extension, you may wish to parse it as one of the following supported types : {&lt;class &apos;test_parsyfiles_old.TestDemo.test_old_demo.&lt;locals&gt;.OpConfig&apos;&gt;, &lt;class &apos;int&apos;&gt;}. 
Otherwise, please register a new parser for type _SSLMethod and extension singlefile, .txt
 Reminder: use print_capabilities_by_ext() and print_capabilities_by_type() to diagnose what are the parsers available
NoParserFoundForObjectType - /home/travis/build/smarie/python-parsyfiles/parsyfiles/tests/old/./custom_old_demo_flat_coll/case1--output (singlefile, .txt) cannot be parsed as a _ParameterKind because no parser supporting that type is registered for singlefile, .txt.
 If you wish to parse this object from this extension, you may wish to parse it as one of the following supported types : {&lt;class &apos;test_parsyfiles_old.TestDemo.test_old_demo.&lt;locals&gt;.OpConfig&apos;&gt;, &lt;class &apos;int&apos;&gt;}. 
Otherwise, please register a new parser for type _ParameterKind and extension singlefile, .txt
 Reminder: use print_capabilities_by_ext() and print_capabilities_by_type() to diagnose what are the parsers available
NoParserFoundForObjectType - /home/travis/build/smarie/python-parsyfiles/parsyfiles/tests/old/./custom_old_demo_flat_coll/case1--output (singlefile, .txt) cannot be parsed as a Sigmasks because no parser supporting that type is registered for singlefile, .txt.
 If you wish to parse this object from this extension, you may wish to parse it as one of the following supported types : {&lt;class &apos;test_parsyfiles_old.TestDemo.test_old_demo.&lt;locals&gt;.OpConfig&apos;&gt;, &lt;class &apos;int&apos;&gt;}. 
Otherwise, please register a new parser for type Sigmasks and extension singlefile, .txt
 Reminder: use print_capabilities_by_ext() and print_capabilities_by_type() to diagnose what are the parsers available
NoParserFoundForObjectType - /home/travis/build/smarie/python-parsyfiles/parsyfiles/tests/old/./custom_old_demo_flat_coll/case1--output (singlefile, .txt) cannot be parsed as a Handlers because no parser supporting that type is registered for singlefile, .txt.
 If you wish to parse this object from this extension, you may wish to parse it as one of the following supported types : {&lt;class &apos;test_parsyfiles_old.TestDemo.test_old_demo.&lt;locals&gt;.OpConfig&apos;&gt;, &lt;class &apos;int&apos;&gt;}. 
Otherwise, please register a new parser for type Handlers and extension singlefile, .txt
 Reminder: use print_capabilities_by_ext() and print_capabilities_by_type() to diagnose what are the parsers available
NoParserFoundForObjectType - /home/travis/build/smarie/python-parsyfiles/parsyfiles/tests/old/./custom_old_demo_flat_coll/case1--output (singlefile, .txt) cannot be parsed as a AddressFamily because no parser supporting that type is registered for singlefile, .txt.
 If you wish to parse this object from this extension, you may wish to parse it as one of the following supported types : {&lt;class &apos;test_parsyfiles_old.TestDemo.test_old_demo.&lt;locals&gt;.OpConfig&apos;&gt;, &lt;class &apos;int&apos;&gt;}. 
Otherwise, please register a new parser for type AddressFamily and extension singlefile, .txt
 Reminder: use print_capabilities_by_ext() and print_capabilities_by_type() to diagnose what are the parsers available
(B)                                                                                           |--case1--output.txt -&gt; int ------- using &lt;test_parse_int_file&gt;
(B)                                                                                           |--case2 -&gt; OpTestCaseColl ------- using Multifile Object parser (parsyfiles defaults+test custom functions)
NoParserFoundForObjectType - /home/travis/build/smarie/python-parsyfiles/parsyfiles/tests/old/./custom_old_demo_flat_coll/case2--input_a (singlefile, .txt) cannot be parsed as a bool because no parser supporting that type is registered for singlefile, .txt.
 If you wish to parse this object from this extension, you may wish to parse it as one of the following supported types : {&lt;class &apos;test_parsyfiles_old.TestDemo.test_old_demo.&lt;locals&gt;.OpConfig&apos;&gt;, &lt;class &apos;int&apos;&gt;}. 
Otherwise, please register a new parser for type bool and extension singlefile, .txt
 Reminder: use print_capabilities_by_ext() and print_capabilities_by_type() to diagnose what are the parsers available
NoParserFoundForObjectType - /home/travis/build/smarie/python-parsyfiles/parsyfiles/tests/old/./custom_old_demo_flat_coll/case2--input_a (singlefile, .txt) cannot be parsed as a _NamedIntConstant because no parser supporting that type is registered for singlefile, .txt.
 If you wish to parse this object from this extension, you may wish to parse it as one of the following supported types : {&lt;class &apos;test_parsyfiles_old.TestDemo.test_old_demo.&lt;locals&gt;.OpConfig&apos;&gt;, &lt;class &apos;int&apos;&gt;}. 
Otherwise, please register a new parser for type _NamedIntConstant and extension singlefile, .txt
 Reminder: use print_capabilities_by_ext() and print_capabilities_by_type() to diagnose what are the parsers available
NoParserFoundForObjectType - /home/travis/build/smarie/python-parsyfiles/parsyfiles/tests/old/./custom_old_demo_flat_coll/case2--input_a (singlefile, .txt) cannot be parsed as a IntEnum because no parser supporting that type is registered for singlefile, .txt.
 If you wish to parse this object from this extension, you may wish to parse it as one of the following supported types : {&lt;class &apos;test_parsyfiles_old.TestDemo.test_old_demo.&lt;locals&gt;.OpConfig&apos;&gt;, &lt;class &apos;int&apos;&gt;}. 
Otherwise, please register a new parser for type IntEnum and extension singlefile, .txt
 Reminder: use print_capabilities_by_ext() and print_capabilities_by_type() to diagnose what are the parsers available
NoParserFoundForObjectType - /home/travis/build/smarie/python-parsyfiles/parsyfiles/tests/old/./custom_old_demo_flat_coll/case2--input_a (singlefile, .txt) cannot be parsed as a Signals because no parser supporting that type is registered for singlefile, .txt.
 If you wish to parse this object from this extension, you may wish to parse it as one of the following supported types : {&lt;class &apos;test_parsyfiles_old.TestDemo.test_old_demo.&lt;locals&gt;.OpConfig&apos;&gt;, &lt;class &apos;int&apos;&gt;}. 
Otherwise, please register a new parser for type Signals and extension singlefile, .txt
 Reminder: use print_capabilities_by_ext() and print_capabilities_by_type() to diagnose what are the parsers available
NoParserFoundForObjectType - /home/travis/build/smarie/python-parsyfiles/parsyfiles/tests/old/./custom_old_demo_flat_coll/case2--input_a (singlefile, .txt) cannot be parsed as a SocketKind because no parser supporting that type is registered for singlefile, .txt.
 If you wish to parse this object from this extension, you may wish to parse it as one of the following supported types : {&lt;class &apos;test_parsyfiles_old.TestDemo.test_old_demo.&lt;locals&gt;.OpConfig&apos;&gt;, &lt;class &apos;int&apos;&gt;}. 
Otherwise, please register a new parser for type SocketKind and extension singlefile, .txt
 Reminder: use print_capabilities_by_ext() and print_capabilities_by_type() to diagnose what are the parsers available
NoParserFoundForObjectType - /home/travis/build/smarie/python-parsyfiles/parsyfiles/tests/old/./custom_old_demo_flat_coll/case2--input_a (singlefile, .txt) cannot be parsed as a HTTPStatus because no parser supporting that type is registered for singlefile, .txt.
 If you wish to parse this object from this extension, you may wish to parse it as one of the following supported types : {&lt;class &apos;test_parsyfiles_old.TestDemo.test_old_demo.&lt;locals&gt;.OpConfig&apos;&gt;, &lt;class &apos;int&apos;&gt;}. 
Otherwise, please register a new parser for type HTTPStatus and extension singlefile, .txt
 Reminder: use print_capabilities_by_ext() and print_capabilities_by_type() to diagnose what are the parsers available
NoParserFoundForObjectType - /home/travis/build/smarie/python-parsyfiles/parsyfiles/tests/old/./custom_old_demo_flat_coll/case2--input_a (singlefile, .txt) cannot be parsed as a _SSLMethod because no parser supporting that type is registered for singlefile, .txt.
 If you wish to parse this object from this extension, you may wish to parse it as one of the following supported types : {&lt;class &apos;test_parsyfiles_old.TestDemo.test_old_demo.&lt;locals&gt;.OpConfig&apos;&gt;, &lt;class &apos;int&apos;&gt;}. 
Otherwise, please register a new parser for type _SSLMethod and extension singlefile, .txt
 Reminder: use print_capabilities_by_ext() and print_capabilities_by_type() to diagnose what are the parsers available
NoParserFoundForObjectType - /home/travis/build/smarie/python-parsyfiles/parsyfiles/tests/old/./custom_old_demo_flat_coll/case2--input_a (singlefile, .txt) cannot be parsed as a _ParameterKind because no parser supporting that type is registered for singlefile, .txt.
 If you wish to parse this object from this extension, you may wish to parse it as one of the following supported types : {&lt;class &apos;test_parsyfiles_old.TestDemo.test_old_demo.&lt;locals&gt;.OpConfig&apos;&gt;, &lt;class &apos;int&apos;&gt;}. 
Otherwise, please register a new parser for type _ParameterKind and extension singlefile, .txt
 Reminder: use print_capabilities_by_ext() and print_capabilities_by_type() to diagnose what are the parsers available
NoParserFoundForObjectType - /home/travis/build/smarie/python-parsyfiles/parsyfiles/tests/old/./custom_old_demo_flat_coll/case2--input_a (singlefile, .txt) cannot be parsed as a Sigmasks because no parser supporting that type is registered for singlefile, .txt.
 If you wish to parse this object from this extension, you may wish to parse it as one of the following supported types : {&lt;class &apos;test_parsyfiles_old.TestDemo.test_old_demo.&lt;locals&gt;.OpConfig&apos;&gt;, &lt;class &apos;int&apos;&gt;}. 
Otherwise, please register a new parser for type Sigmasks and extension singlefile, .txt
 Reminder: use print_capabilities_by_ext() and print_capabilities_by_type() to diagnose what are the parsers available
NoParserFoundForObjectType - /home/travis/build/smarie/python-parsyfiles/parsyfiles/tests/old/./custom_old_demo_flat_coll/case2--input_a (singlefile, .txt) cannot be parsed as a Handlers because no parser supporting that type is registered for singlefile, .txt.
 If you wish to parse this object from this extension, you may wish to parse it as one of the following supported types : {&lt;class &apos;test_parsyfiles_old.TestDemo.test_old_demo.&lt;locals&gt;.OpConfig&apos;&gt;, &lt;class &apos;int&apos;&gt;}. 
Otherwise, please register a new parser for type Handlers and extension singlefile, .txt
 Reminder: use print_capabilities_by_ext() and print_capabilities_by_type() to diagnose what are the parsers available
NoParserFoundForObjectType - /home/travis/build/smarie/python-parsyfiles/parsyfiles/tests/old/./custom_old_demo_flat_coll/case2--input_a (singlefile, .txt) cannot be parsed as a AddressFamily because no parser supporting that type is registered for singlefile, .txt.
 If you wish to parse this object from this extension, you may wish to parse it as one of the following supported types : {&lt;class &apos;test_parsyfiles_old.TestDemo.test_old_demo.&lt;locals&gt;.OpConfig&apos;&gt;, &lt;class &apos;int&apos;&gt;}. 
Otherwise, please register a new parser for type AddressFamily and extension singlefile, .txt
 Reminder: use print_capabilities_by_ext() and print_capabilities_by_type() to diagnose what are the parsers available
(B)                                                                                           |--case2--input_a.txt -&gt; int ------- using &lt;test_parse_int_file&gt;
NoParserFoundForObjectType - /home/travis/build/smarie/python-parsyfiles/parsyfiles/tests/old/./custom_old_demo_flat_coll/case2--input_b (singlefile, .txt) cannot be parsed as a bool because no parser supporting that type is registered for singlefile, .txt.
 If you wish to parse this object from this extension, you may wish to parse it as one of the following supported types : {&lt;class &apos;test_parsyfiles_old.TestDemo.test_old_demo.&lt;locals&gt;.OpConfig&apos;&gt;, &lt;class &apos;int&apos;&gt;}. 
Otherwise, please register a new parser for type bool and extension singlefile, .txt
 Reminder: use print_capabilities_by_ext() and print_capabilities_by_type() to diagnose what are the parsers available
NoParserFoundForObjectType - /home/travis/build/smarie/python-parsyfiles/parsyfiles/tests/old/./custom_old_demo_flat_coll/case2--input_b (singlefile, .txt) cannot be parsed as a _NamedIntConstant because no parser supporting that type is registered for singlefile, .txt.
 If you wish to parse this object from this extension, you may wish to parse it as one of the following supported types : {&lt;class &apos;test_parsyfiles_old.TestDemo.test_old_demo.&lt;locals&gt;.OpConfig&apos;&gt;, &lt;class &apos;int&apos;&gt;}. 
Otherwise, please register a new parser for type _NamedIntConstant and extension singlefile, .txt
 Reminder: use print_capabilities_by_ext() and print_capabilities_by_type() to diagnose what are the parsers available
NoParserFoundForObjectType - /home/travis/build/smarie/python-parsyfiles/parsyfiles/tests/old/./custom_old_demo_flat_coll/case2--input_b (singlefile, .txt) cannot be parsed as a IntEnum because no parser supporting that type is registered for singlefile, .txt.
 If you wish to parse this object from this extension, you may wish to parse it as one of the following supported types : {&lt;class &apos;test_parsyfiles_old.TestDemo.test_old_demo.&lt;locals&gt;.OpConfig&apos;&gt;, &lt;class &apos;int&apos;&gt;}. 
Otherwise, please register a new parser for type IntEnum and extension singlefile, .txt
 Reminder: use print_capabilities_by_ext() and print_capabilities_by_type() to diagnose what are the parsers available
NoParserFoundForObjectType - /home/travis/build/smarie/python-parsyfiles/parsyfiles/tests/old/./custom_old_demo_flat_coll/case2--input_b (singlefile, .txt) cannot be parsed as a Signals because no parser supporting that type is registered for singlefile, .txt.
 If you wish to parse this object from this extension, you may wish to parse it as one of the following supported types : {&lt;class &apos;test_parsyfiles_old.TestDemo.test_old_demo.&lt;locals&gt;.OpConfig&apos;&gt;, &lt;class &apos;int&apos;&gt;}. 
Otherwise, please register a new parser for type Signals and extension singlefile, .txt
 Reminder: use print_capabilities_by_ext() and print_capabilities_by_type() to diagnose what are the parsers available
NoParserFoundForObjectType - /home/travis/build/smarie/python-parsyfiles/parsyfiles/tests/old/./custom_old_demo_flat_coll/case2--input_b (singlefile, .txt) cannot be parsed as a SocketKind because no parser supporting that type is registered for singlefile, .txt.
 If you wish to parse this object from this extension, you may wish to parse it as one of the following supported types : {&lt;class &apos;test_parsyfiles_old.TestDemo.test_old_demo.&lt;locals&gt;.OpConfig&apos;&gt;, &lt;class &apos;int&apos;&gt;}. 
Otherwise, please register a new parser for type SocketKind and extension singlefile, .txt
 Reminder: use print_capabilities_by_ext() and print_capabilities_by_type() to diagnose what are the parsers available
NoParserFoundForObjectType - /home/travis/build/smarie/python-parsyfiles/parsyfiles/tests/old/./custom_old_demo_flat_coll/case2--input_b (singlefile, .txt) cannot be parsed as a HTTPStatus because no parser supporting that type is registered for singlefile, .txt.
 If you wish to parse this object from this extension, you may wish to parse it as one of the following supported types : {&lt;class &apos;test_parsyfiles_old.TestDemo.test_old_demo.&lt;locals&gt;.OpConfig&apos;&gt;, &lt;class &apos;int&apos;&gt;}. 
Otherwise, please register a new parser for type HTTPStatus and extension singlefile, .txt
 Reminder: use print_capabilities_by_ext() and print_capabilities_by_type() to diagnose what are the parsers available
NoParserFoundForObjectType - /home/travis/build/smarie/python-parsyfiles/parsyfiles/tests/old/./custom_old_demo_flat_coll/case2--input_b (singlefile, .txt) cannot be parsed as a _SSLMethod because no parser supporting that type is registered for singlefile, .txt.
 If you wish to parse this object from this extension, you may wish to parse it as one of the following supported types : {&lt;class &apos;test_parsyfiles_old.TestDemo.test_old_demo.&lt;locals&gt;.OpConfig&apos;&gt;, &lt;class &apos;int&apos;&gt;}. 
Otherwise, please register a new parser for type _SSLMethod and extension singlefile, .txt
 Reminder: use print_capabilities_by_ext() and print_capabilities_by_type() to diagnose what are the parsers available
NoParserFoundForObjectType - /home/travis/build/smarie/python-parsyfiles/parsyfiles/tests/old/./custom_old_demo_flat_coll/case2--input_b (singlefile, .txt) cannot be parsed as a _ParameterKind because no parser supporting that type is registered for singlefile, .txt.
 If you wish to parse this object from this extension, you may wish to parse it as one of the following supported types : {&lt;class &apos;test_parsyfiles_old.TestDemo.test_old_demo.&lt;locals&gt;.OpConfig&apos;&gt;, &lt;class &apos;int&apos;&gt;}. 
Otherwise, please register a new parser for type _ParameterKind and extension singlefile, .txt
 Reminder: use print_capabilities_by_ext() and print_capabilities_by_type() to diagnose what are the parsers available
NoParserFoundForObjectType - /home/travis/build/smarie/python-parsyfiles/parsyfiles/tests/old/./custom_old_demo_flat_coll/case2--input_b (singlefile, .txt) cannot be parsed as a Sigmasks because no parser supporting that type is registered for singlefile, .txt.
 If you wish to parse this object from this extension, you may wish to parse it as one of the following supported types : {&lt;class &apos;test_parsyfiles_old.TestDemo.test_old_demo.&lt;locals&gt;.OpConfig&apos;&gt;, &lt;class &apos;int&apos;&gt;}. 
Otherwise, please register a new parser for type Sigmasks and extension singlefile, .txt
 Reminder: use print_capabilities_by_ext() and print_capabilities_by_type() to diagnose what are the parsers available
NoParserFoundForObjectType - /home/travis/build/smarie/python-parsyfiles/parsyfiles/tests/old/./custom_old_demo_flat_coll/case2--input_b (singlefile, .txt) cannot be parsed as a Handlers because no parser supporting that type is registered for singlefile, .txt.
 If you wish to parse this object from this extension, you may wish to parse it as one of the following supported types : {&lt;class &apos;test_parsyfiles_old.TestDemo.test_old_demo.&lt;locals&gt;.OpConfig&apos;&gt;, &lt;class &apos;int&apos;&gt;}. 
Otherwise, please register a new parser for type Handlers and extension singlefile, .txt
 Reminder: use print_capabilities_by_ext() and print_capabilities_by_type() to diagnose what are the parsers available
NoParserFoundForObjectType - /home/travis/build/smarie/python-parsyfiles/parsyfiles/tests/old/./custom_old_demo_flat_coll/case2--input_b (singlefile, .txt) cannot be parsed as a AddressFamily because no parser supporting that type is registered for singlefile, .txt.
 If you wish to parse this object from this extension, you may wish to parse it as one of the following supported types : {&lt;class &apos;test_parsyfiles_old.TestDemo.test_old_demo.&lt;locals&gt;.OpConfig&apos;&gt;, &lt;class &apos;int&apos;&gt;}. 
Otherwise, please register a new parser for type AddressFamily and extension singlefile, .txt
 Reminder: use print_capabilities_by_ext() and print_capabilities_by_type() to diagnose what are the parsers available
(B)                                                                                           |--case2--input_b.txt -&gt; int ------- using &lt;test_parse_int_file&gt;
(B)                                                                                                |--input_c: NOT FOUND - This optional constructor attribute for type OpTestCaseColl was not found on file system, but this may be normal - this message is displayed &apos;just in case&apos;.
(B)                                                                                           |--case2--options.txt -&gt; OpConfig ------- using &lt;test_parse_configuration_txt_file&gt;
NoParserFoundForObjectType - /home/travis/build/smarie/python-parsyfiles/parsyfiles/tests/old/./custom_old_demo_flat_coll/case2--output (singlefile, .txt) cannot be parsed as a bool because no parser supporting that type is registered for singlefile, .txt.
 If you wish to parse this object from this extension, you may wish to parse it as one of the following supported types : {&lt;class &apos;test_parsyfiles_old.TestDemo.test_old_demo.&lt;locals&gt;.OpConfig&apos;&gt;, &lt;class &apos;int&apos;&gt;}. 
Otherwise, please register a new parser for type bool and extension singlefile, .txt
 Reminder: use print_capabilities_by_ext() and print_capabilities_by_type() to diagnose what are the parsers available
NoParserFoundForObjectType - /home/travis/build/smarie/python-parsyfiles/parsyfiles/tests/old/./custom_old_demo_flat_coll/case2--output (singlefile, .txt) cannot be parsed as a _NamedIntConstant because no parser supporting that type is registered for singlefile, .txt.
 If you wish to parse this object from this extension, you may wish to parse it as one of the following supported types : {&lt;class &apos;test_parsyfiles_old.TestDemo.test_old_demo.&lt;locals&gt;.OpConfig&apos;&gt;, &lt;class &apos;int&apos;&gt;}. 
Otherwise, please register a new parser for type _NamedIntConstant and extension singlefile, .txt
 Reminder: use print_capabilities_by_ext() and print_capabilities_by_type() to diagnose what are the parsers available
NoParserFoundForObjectType - /home/travis/build/smarie/python-parsyfiles/parsyfiles/tests/old/./custom_old_demo_flat_coll/case2--output (singlefile, .txt) cannot be parsed as a IntEnum because no parser supporting that type is registered for singlefile, .txt.
 If you wish to parse this object from this extension, you may wish to parse it as one of the following supported types : {&lt;class &apos;test_parsyfiles_old.TestDemo.test_old_demo.&lt;locals&gt;.OpConfig&apos;&gt;, &lt;class &apos;int&apos;&gt;}. 
Otherwise, please register a new parser for type IntEnum and extension singlefile, .txt
 Reminder: use print_capabilities_by_ext() and print_capabilities_by_type() to diagnose what are the parsers available
NoParserFoundForObjectType - /home/travis/build/smarie/python-parsyfiles/parsyfiles/tests/old/./custom_old_demo_flat_coll/case2--output (singlefile, .txt) cannot be parsed as a Signals because no parser supporting that type is registered for singlefile, .txt.
 If you wish to parse this object from this extension, you may wish to parse it as one of the following supported types : {&lt;class &apos;test_parsyfiles_old.TestDemo.test_old_demo.&lt;locals&gt;.OpConfig&apos;&gt;, &lt;class &apos;int&apos;&gt;}. 
Otherwise, please register a new parser for type Signals and extension singlefile, .txt
 Reminder: use print_capabilities_by_ext() and print_capabilities_by_type() to diagnose what are the parsers available
NoParserFoundForObjectType - /home/travis/build/smarie/python-parsyfiles/parsyfiles/tests/old/./custom_old_demo_flat_coll/case2--output (singlefile, .txt) cannot be parsed as a SocketKind because no parser supporting that type is registered for singlefile, .txt.
 If you wish to parse this object from this extension, you may wish to parse it as one of the following supported types : {&lt;class &apos;test_parsyfiles_old.TestDemo.test_old_demo.&lt;locals&gt;.OpConfig&apos;&gt;, &lt;class &apos;int&apos;&gt;}. 
Otherwise, please register a new parser for type SocketKind and extension singlefile, .txt
 Reminder: use print_capabilities_by_ext() and print_capabilities_by_type() to diagnose what are the parsers available
NoParserFoundForObjectType - /home/travis/build/smarie/python-parsyfiles/parsyfiles/tests/old/./custom_old_demo_flat_coll/case2--output (singlefile, .txt) cannot be parsed as a HTTPStatus because no parser supporting that type is registered for singlefile, .txt.
 If you wish to parse this object from this extension, you may wish to parse it as one of the following supported types : {&lt;class &apos;test_parsyfiles_old.TestDemo.test_old_demo.&lt;locals&gt;.OpConfig&apos;&gt;, &lt;class &apos;int&apos;&gt;}. 
Otherwise, please register a new parser for type HTTPStatus and extension singlefile, .txt
 Reminder: use print_capabilities_by_ext() and print_capabilities_by_type() to diagnose what are the parsers available
NoParserFoundForObjectType - /home/travis/build/smarie/python-parsyfiles/parsyfiles/tests/old/./custom_old_demo_flat_coll/case2--output (singlefile, .txt) cannot be parsed as a _SSLMethod because no parser supporting that type is registered for singlefile, .txt.
 If you wish to parse this object from this extension, you may wish to parse it as one of the following supported types : {&lt;class &apos;test_parsyfiles_old.TestDemo.test_old_demo.&lt;locals&gt;.OpConfig&apos;&gt;, &lt;class &apos;int&apos;&gt;}. 
Otherwise, please register a new parser for type _SSLMethod and extension singlefile, .txt
 Reminder: use print_capabilities_by_ext() and print_capabilities_by_type() to diagnose what are the parsers available
NoParserFoundForObjectType - /home/travis/build/smarie/python-parsyfiles/parsyfiles/tests/old/./custom_old_demo_flat_coll/case2--output (singlefile, .txt) cannot be parsed as a _ParameterKind because no parser supporting that type is registered for singlefile, .txt.
 If you wish to parse this object from this extension, you may wish to parse it as one of the following supported types : {&lt;class &apos;test_parsyfiles_old.TestDemo.test_old_demo.&lt;locals&gt;.OpConfig&apos;&gt;, &lt;class &apos;int&apos;&gt;}. 
Otherwise, please register a new parser for type _ParameterKind and extension singlefile, .txt
 Reminder: use print_capabilities_by_ext() and print_capabilities_by_type() to diagnose what are the parsers available
NoParserFoundForObjectType - /home/travis/build/smarie/python-parsyfiles/parsyfiles/tests/old/./custom_old_demo_flat_coll/case2--output (singlefile, .txt) cannot be parsed as a Sigmasks because no parser supporting that type is registered for singlefile, .txt.
 If you wish to parse this object from this extension, you may wish to parse it as one of the following supported types : {&lt;class &apos;test_parsyfiles_old.TestDemo.test_old_demo.&lt;locals&gt;.OpConfig&apos;&gt;, &lt;class &apos;int&apos;&gt;}. 
Otherwise, please register a new parser for type Sigmasks and extension singlefile, .txt
 Reminder: use print_capabilities_by_ext() and print_capabilities_by_type() to diagnose what are the parsers available
NoParserFoundForObjectType - /home/travis/build/smarie/python-parsyfiles/parsyfiles/tests/old/./custom_old_demo_flat_coll/case2--output (singlefile, .txt) cannot be parsed as a Handlers because no parser supporting that type is registered for singlefile, .txt.
 If you wish to parse this object from this extension, you may wish to parse it as one of the following supported types : {&lt;class &apos;test_parsyfiles_old.TestDemo.test_old_demo.&lt;locals&gt;.OpConfig&apos;&gt;, &lt;class &apos;int&apos;&gt;}. 
Otherwise, please register a new parser for type Handlers and extension singlefile, .txt
 Reminder: use print_capabilities_by_ext() and print_capabilities_by_type() to diagnose what are the parsers available
NoParserFoundForObjectType - /home/travis/build/smarie/python-parsyfiles/parsyfiles/tests/old/./custom_old_demo_flat_coll/case2--output (singlefile, .txt) cannot be parsed as a AddressFamily because no parser supporting that type is registered for singlefile, .txt.
 If you wish to parse this object from this extension, you may wish to parse it as one of the following supported types : {&lt;class &apos;test_parsyfiles_old.TestDemo.test_old_demo.&lt;locals&gt;.OpConfig&apos;&gt;, &lt;class &apos;int&apos;&gt;}. 
Otherwise, please register a new parser for type AddressFamily and extension singlefile, .txt
 Reminder: use print_capabilities_by_ext() and print_capabilities_by_type() to diagnose what are the parsers available
(B)                                                                                           |--case2--output.txt -&gt; int ------- using &lt;test_parse_int_file&gt;
(B)                                                                                           |--case3 -&gt; OpTestCaseColl ------- using Multifile Object parser (parsyfiles defaults+test custom functions)
NoParserFoundForObjectType - /home/travis/build/smarie/python-parsyfiles/parsyfiles/tests/old/./custom_old_demo_flat_coll/case3--input_a (singlefile, .txt) cannot be parsed as a bool because no parser supporting that type is registered for singlefile, .txt.
 If you wish to parse this object from this extension, you may wish to parse it as one of the following supported types : {&lt;class &apos;test_parsyfiles_old.TestDemo.test_old_demo.&lt;locals&gt;.OpConfig&apos;&gt;, &lt;class &apos;int&apos;&gt;}. 
Otherwise, please register a new parser for type bool and extension singlefile, .txt
 Reminder: use print_capabilities_by_ext() and print_capabilities_by_type() to diagnose what are the parsers available
NoParserFoundForObjectType - /home/travis/build/smarie/python-parsyfiles/parsyfiles/tests/old/./custom_old_demo_flat_coll/case3--input_a (singlefile, .txt) cannot be parsed as a _NamedIntConstant because no parser supporting that type is registered for singlefile, .txt.
 If you wish to parse this object from this extension, you may wish to parse it as one of the following supported types : {&lt;class &apos;test_parsyfiles_old.TestDemo.test_old_demo.&lt;locals&gt;.OpConfig&apos;&gt;, &lt;class &apos;int&apos;&gt;}. 
Otherwise, please register a new parser for type _NamedIntConstant and extension singlefile, .txt
 Reminder: use print_capabilities_by_ext() and print_capabilities_by_type() to diagnose what are the parsers available
NoParserFoundForObjectType - /home/travis/build/smarie/python-parsyfiles/parsyfiles/tests/old/./custom_old_demo_flat_coll/case3--input_a (singlefile, .txt) cannot be parsed as a IntEnum because no parser supporting that type is registered for singlefile, .txt.
 If you wish to parse this object from this extension, you may wish to parse it as one of the following supported types : {&lt;class &apos;test_parsyfiles_old.TestDemo.test_old_demo.&lt;locals&gt;.OpConfig&apos;&gt;, &lt;class &apos;int&apos;&gt;}. 
Otherwise, please register a new parser for type IntEnum and extension singlefile, .txt
 Reminder: use print_capabilities_by_ext() and print_capabilities_by_type() to diagnose what are the parsers available
NoParserFoundForObjectType - /home/travis/build/smarie/python-parsyfiles/parsyfiles/tests/old/./custom_old_demo_flat_coll/case3--input_a (singlefile, .txt) cannot be parsed as a Signals because no parser supporting that type is registered for singlefile, .txt.
 If you wish to parse this object from this extension, you may wish to parse it as one of the following supported types : {&lt;class &apos;test_parsyfiles_old.TestDemo.test_old_demo.&lt;locals&gt;.OpConfig&apos;&gt;, &lt;class &apos;int&apos;&gt;}. 
Otherwise, please register a new parser for type Signals and extension singlefile, .txt
 Reminder: use print_capabilities_by_ext() and print_capabilities_by_type() to diagnose what are the parsers available
NoParserFoundForObjectType - /home/travis/build/smarie/python-parsyfiles/parsyfiles/tests/old/./custom_old_demo_flat_coll/case3--input_a (singlefile, .txt) cannot be parsed as a SocketKind because no parser supporting that type is registered for singlefile, .txt.
 If you wish to parse this object from this extension, you may wish to parse it as one of the following supported types : {&lt;class &apos;test_parsyfiles_old.TestDemo.test_old_demo.&lt;locals&gt;.OpConfig&apos;&gt;, &lt;class &apos;int&apos;&gt;}. 
Otherwise, please register a new parser for type SocketKind and extension singlefile, .txt
 Reminder: use print_capabilities_by_ext() and print_capabilities_by_type() to diagnose what are the parsers available
NoParserFoundForObjectType - /home/travis/build/smarie/python-parsyfiles/parsyfiles/tests/old/./custom_old_demo_flat_coll/case3--input_a (singlefile, .txt) cannot be parsed as a HTTPStatus because no parser supporting that type is registered for singlefile, .txt.
 If you wish to parse this object from this extension, you may wish to parse it as one of the following supported types : {&lt;class &apos;test_parsyfiles_old.TestDemo.test_old_demo.&lt;locals&gt;.OpConfig&apos;&gt;, &lt;class &apos;int&apos;&gt;}. 
Otherwise, please register a new parser for type HTTPStatus and extension singlefile, .txt
 Reminder: use print_capabilities_by_ext() and print_capabilities_by_type() to diagnose what are the parsers available
NoParserFoundForObjectType - /home/travis/build/smarie/python-parsyfiles/parsyfiles/tests/old/./custom_old_demo_flat_coll/case3--input_a (singlefile, .txt) cannot be parsed as a _SSLMethod because no parser supporting that type is registered for singlefile, .txt.
 If you wish to parse this object from this extension, you may wish to parse it as one of the following supported types : {&lt;class &apos;test_parsyfiles_old.TestDemo.test_old_demo.&lt;locals&gt;.OpConfig&apos;&gt;, &lt;class &apos;int&apos;&gt;}. 
Otherwise, please register a new parser for type _SSLMethod and extension singlefile, .txt
 Reminder: use print_capabilities_by_ext() and print_capabilities_by_type() to diagnose what are the parsers available
NoParserFoundForObjectType - /home/travis/build/smarie/python-parsyfiles/parsyfiles/tests/old/./custom_old_demo_flat_coll/case3--input_a (singlefile, .txt) cannot be parsed as a _ParameterKind because no parser supporting that type is registered for singlefile, .txt.
 If you wish to parse this object from this extension, you may wish to parse it as one of the following supported types : {&lt;class &apos;test_parsyfiles_old.TestDemo.test_old_demo.&lt;locals&gt;.OpConfig&apos;&gt;, &lt;class &apos;int&apos;&gt;}. 
Otherwise, please register a new parser for type _ParameterKind and extension singlefile, .txt
 Reminder: use print_capabilities_by_ext() and print_capabilities_by_type() to diagnose what are the parsers available
NoParserFoundForObjectType - /home/travis/build/smarie/python-parsyfiles/parsyfiles/tests/old/./custom_old_demo_flat_coll/case3--input_a (singlefile, .txt) cannot be parsed as a Sigmasks because no parser supporting that type is registered for singlefile, .txt.
 If you wish to parse this object from this extension, you may wish to parse it as one of the following supported types : {&lt;class &apos;test_parsyfiles_old.TestDemo.test_old_demo.&lt;locals&gt;.OpConfig&apos;&gt;, &lt;class &apos;int&apos;&gt;}. 
Otherwise, please register a new parser for type Sigmasks and extension singlefile, .txt
 Reminder: use print_capabilities_by_ext() and print_capabilities_by_type() to diagnose what are the parsers available
NoParserFoundForObjectType - /home/travis/build/smarie/python-parsyfiles/parsyfiles/tests/old/./custom_old_demo_flat_coll/case3--input_a (singlefile, .txt) cannot be parsed as a Handlers because no parser supporting that type is registered for singlefile, .txt.
 If you wish to parse this object from this extension, you may wish to parse it as one of the following supported types : {&lt;class &apos;test_parsyfiles_old.TestDemo.test_old_demo.&lt;locals&gt;.OpConfig&apos;&gt;, &lt;class &apos;int&apos;&gt;}. 
Otherwise, please register a new parser for type Handlers and extension singlefile, .txt
 Reminder: use print_capabilities_by_ext() and print_capabilities_by_type() to diagnose what are the parsers available
NoParserFoundForObjectType - /home/travis/build/smarie/python-parsyfiles/parsyfiles/tests/old/./custom_old_demo_flat_coll/case3--input_a (singlefile, .txt) cannot be parsed as a AddressFamily because no parser supporting that type is registered for singlefile, .txt.
 If you wish to parse this object from this extension, you may wish to parse it as one of the following supported types : {&lt;class &apos;test_parsyfiles_old.TestDemo.test_old_demo.&lt;locals&gt;.OpConfig&apos;&gt;, &lt;class &apos;int&apos;&gt;}. 
Otherwise, please register a new parser for type AddressFamily and extension singlefile, .txt
 Reminder: use print_capabilities_by_ext() and print_capabilities_by_type() to diagnose what are the parsers available
(B)                                                                                           |--case3--input_a.txt -&gt; int ------- using &lt;test_parse_int_file&gt;
NoParserFoundForObjectType - /home/travis/build/smarie/python-parsyfiles/parsyfiles/tests/old/./custom_old_demo_flat_coll/case3--input_b (singlefile, .txt) cannot be parsed as a bool because no parser supporting that type is registered for singlefile, .txt.
 If you wish to parse this object from this extension, you may wish to parse it as one of the following supported types : {&lt;class &apos;test_parsyfiles_old.TestDemo.test_old_demo.&lt;locals&gt;.OpConfig&apos;&gt;, &lt;class &apos;int&apos;&gt;}. 
Otherwise, please register a new parser for type bool and extension singlefile, .txt
 Reminder: use print_capabilities_by_ext() and print_capabilities_by_type() to diagnose what are the parsers available
NoParserFoundForObjectType - /home/travis/build/smarie/python-parsyfiles/parsyfiles/tests/old/./custom_old_demo_flat_coll/case3--input_b (singlefile, .txt) cannot be parsed as a _NamedIntConstant because no parser supporting that type is registered for singlefile, .txt.
 If you wish to parse this object from this extension, you may wish to parse it as one of the following supported types : {&lt;class &apos;test_parsyfiles_old.TestDemo.test_old_demo.&lt;locals&gt;.OpConfig&apos;&gt;, &lt;class &apos;int&apos;&gt;}. 
Otherwise, please register a new parser for type _NamedIntConstant and extension singlefile, .txt
 Reminder: use print_capabilities_by_ext() and print_capabilities_by_type() to diagnose what are the parsers available
NoParserFoundForObjectType - /home/travis/build/smarie/python-parsyfiles/parsyfiles/tests/old/./custom_old_demo_flat_coll/case3--input_b (singlefile, .txt) cannot be parsed as a IntEnum because no parser supporting that type is registered for singlefile, .txt.
 If you wish to parse this object from this extension, you may wish to parse it as one of the following supported types : {&lt;class &apos;test_parsyfiles_old.TestDemo.test_old_demo.&lt;locals&gt;.OpConfig&apos;&gt;, &lt;class &apos;int&apos;&gt;}. 
Otherwise, please register a new parser for type IntEnum and extension singlefile, .txt
 Reminder: use print_capabilities_by_ext() and print_capabilities_by_type() to diagnose what are the parsers available
NoParserFoundForObjectType - /home/travis/build/smarie/python-parsyfiles/parsyfiles/tests/old/./custom_old_demo_flat_coll/case3--input_b (singlefile, .txt) cannot be parsed as a Signals because no parser supporting that type is registered for singlefile, .txt.
 If you wish to parse this object from this extension, you may wish to parse it as one of the following supported types : {&lt;class &apos;test_parsyfiles_old.TestDemo.test_old_demo.&lt;locals&gt;.OpConfig&apos;&gt;, &lt;class &apos;int&apos;&gt;}. 
Otherwise, please register a new parser for type Signals and extension singlefile, .txt
 Reminder: use print_capabilities_by_ext() and print_capabilities_by_type() to diagnose what are the parsers available
NoParserFoundForObjectType - /home/travis/build/smarie/python-parsyfiles/parsyfiles/tests/old/./custom_old_demo_flat_coll/case3--input_b (singlefile, .txt) cannot be parsed as a SocketKind because no parser supporting that type is registered for singlefile, .txt.
 If you wish to parse this object from this extension, you may wish to parse it as one of the following supported types : {&lt;class &apos;test_parsyfiles_old.TestDemo.test_old_demo.&lt;locals&gt;.OpConfig&apos;&gt;, &lt;class &apos;int&apos;&gt;}. 
Otherwise, please register a new parser for type SocketKind and extension singlefile, .txt
 Reminder: use print_capabilities_by_ext() and print_capabilities_by_type() to diagnose what are the parsers available
NoParserFoundForObjectType - /home/travis/build/smarie/python-parsyfiles/parsyfiles/tests/old/./custom_old_demo_flat_coll/case3--input_b (singlefile, .txt) cannot be parsed as a HTTPStatus because no parser supporting that type is registered for singlefile, .txt.
 If you wish to parse this object from this extension, you may wish to parse it as one of the following supported types : {&lt;class &apos;test_parsyfiles_old.TestDemo.test_old_demo.&lt;locals&gt;.OpConfig&apos;&gt;, &lt;class &apos;int&apos;&gt;}. 
Otherwise, please register a new parser for type HTTPStatus and extension singlefile, .txt
 Reminder: use print_capabilities_by_ext() and print_capabilities_by_type() to diagnose what are the parsers available
NoParserFoundForObjectType - /home/travis/build/smarie/python-parsyfiles/parsyfiles/tests/old/./custom_old_demo_flat_coll/case3--input_b (singlefile, .txt) cannot be parsed as a _SSLMethod because no parser supporting that type is registered for singlefile, .txt.
 If you wish to parse this object from this extension, you may wish to parse it as one of the following supported types : {&lt;class &apos;test_parsyfiles_old.TestDemo.test_old_demo.&lt;locals&gt;.OpConfig&apos;&gt;, &lt;class &apos;int&apos;&gt;}. 
Otherwise, please register a new parser for type _SSLMethod and extension singlefile, .txt
 Reminder: use print_capabilities_by_ext() and print_capabilities_by_type() to diagnose what are the parsers available
NoParserFoundForObjectType - /home/travis/build/smarie/python-parsyfiles/parsyfiles/tests/old/./custom_old_demo_flat_coll/case3--input_b (singlefile, .txt) cannot be parsed as a _ParameterKind because no parser supporting that type is registered for singlefile, .txt.
 If you wish to parse this object from this extension, you may wish to parse it as one of the following supported types : {&lt;class &apos;test_parsyfiles_old.TestDemo.test_old_demo.&lt;locals&gt;.OpConfig&apos;&gt;, &lt;class &apos;int&apos;&gt;}. 
Otherwise, please register a new parser for type _ParameterKind and extension singlefile, .txt
 Reminder: use print_capabilities_by_ext() and print_capabilities_by_type() to diagnose what are the parsers available
NoParserFoundForObjectType - /home/travis/build/smarie/python-parsyfiles/parsyfiles/tests/old/./custom_old_demo_flat_coll/case3--input_b (singlefile, .txt) cannot be parsed as a Sigmasks because no parser supporting that type is registered for singlefile, .txt.
 If you wish to parse this object from this extension, you may wish to parse it as one of the following supported types : {&lt;class &apos;test_parsyfiles_old.TestDemo.test_old_demo.&lt;locals&gt;.OpConfig&apos;&gt;, &lt;class &apos;int&apos;&gt;}. 
Otherwise, please register a new parser for type Sigmasks and extension singlefile, .txt
 Reminder: use print_capabilities_by_ext() and print_capabilities_by_type() to diagnose what are the parsers available
NoParserFoundForObjectType - /home/travis/build/smarie/python-parsyfiles/parsyfiles/tests/old/./custom_old_demo_flat_coll/case3--input_b (singlefile, .txt) cannot be parsed as a Handlers because no parser supporting that type is registered for singlefile, .txt.
 If you wish to parse this object from this extension, you may wish to parse it as one of the following supported types : {&lt;class &apos;test_parsyfiles_old.TestDemo.test_old_demo.&lt;locals&gt;.OpConfig&apos;&gt;, &lt;class &apos;int&apos;&gt;}. 
Otherwise, please register a new parser for type Handlers and extension singlefile, .txt
 Reminder: use print_capabilities_by_ext() and print_capabilities_by_type() to diagnose what are the parsers available
NoParserFoundForObjectType - /home/travis/build/smarie/python-parsyfiles/parsyfiles/tests/old/./custom_old_demo_flat_coll/case3--input_b (singlefile, .txt) cannot be parsed as a AddressFamily because no parser supporting that type is registered for singlefile, .txt.
 If you wish to parse this object from this extension, you may wish to parse it as one of the following supported types : {&lt;class &apos;test_parsyfiles_old.TestDemo.test_old_demo.&lt;locals&gt;.OpConfig&apos;&gt;, &lt;class &apos;int&apos;&gt;}. 
Otherwise, please register a new parser for type AddressFamily and extension singlefile, .txt
 Reminder: use print_capabilities_by_ext() and print_capabilities_by_type() to diagnose what are the parsers available
(B)                                                                                           |--case3--input_b.txt -&gt; int ------- using &lt;test_parse_int_file&gt;
(B)                                                                                           |--case3--input_c -&gt; Dict[str, List[int]] ------- using Multifile Collection parser (parsyfiles defaults+test custom functions)
(B)                                                                                           |--case3--input_c--keyA -&gt; List[int] ------- using Multifile Collection parser (parsyfiles defaults+test custom functions)
NoParserFoundForObjectType - /home/travis/build/smarie/python-parsyfiles/parsyfiles/tests/old/./custom_old_demo_flat_coll/case3--input_c--keyA--item1 (singlefile, .txt) cannot be parsed as a bool because no parser supporting that type is registered for singlefile, .txt.
 If you wish to parse this object from this extension, you may wish to parse it as one of the following supported types : {&lt;class &apos;test_parsyfiles_old.TestDemo.test_old_demo.&lt;locals&gt;.OpConfig&apos;&gt;, &lt;class &apos;int&apos;&gt;}. 
Otherwise, please register a new parser for type bool and extension singlefile, .txt
 Reminder: use print_capabilities_by_ext() and print_capabilities_by_type() to diagnose what are the parsers available
NoParserFoundForObjectType - /home/travis/build/smarie/python-parsyfiles/parsyfiles/tests/old/./custom_old_demo_flat_coll/case3--input_c--keyA--item1 (singlefile, .txt) cannot be parsed as a _NamedIntConstant because no parser supporting that type is registered for singlefile, .txt.
 If you wish to parse this object from this extension, you may wish to parse it as one of the following supported types : {&lt;class &apos;test_parsyfiles_old.TestDemo.test_old_demo.&lt;locals&gt;.OpConfig&apos;&gt;, &lt;class &apos;int&apos;&gt;}. 
Otherwise, please register a new parser for type _NamedIntConstant and extension singlefile, .txt
 Reminder: use print_capabilities_by_ext() and print_capabilities_by_type() to diagnose what are the parsers available
NoParserFoundForObjectType - /home/travis/build/smarie/python-parsyfiles/parsyfiles/tests/old/./custom_old_demo_flat_coll/case3--input_c--keyA--item1 (singlefile, .txt) cannot be parsed as a IntEnum because no parser supporting that type is registered for singlefile, .txt.
 If you wish to parse this object from this extension, you may wish to parse it as one of the following supported types : {&lt;class &apos;test_parsyfiles_old.TestDemo.test_old_demo.&lt;locals&gt;.OpConfig&apos;&gt;, &lt;class &apos;int&apos;&gt;}. 
Otherwise, please register a new parser for type IntEnum and extension singlefile, .txt
 Reminder: use print_capabilities_by_ext() and print_capabilities_by_type() to diagnose what are the parsers available
NoParserFoundForObjectType - /home/travis/build/smarie/python-parsyfiles/parsyfiles/tests/old/./custom_old_demo_flat_coll/case3--input_c--keyA--item1 (singlefile, .txt) cannot be parsed as a Signals because no parser supporting that type is registered for singlefile, .txt.
 If you wish to parse this object from this extension, you may wish to parse it as one of the following supported types : {&lt;class &apos;test_parsyfiles_old.TestDemo.test_old_demo.&lt;locals&gt;.OpConfig&apos;&gt;, &lt;class &apos;int&apos;&gt;}. 
Otherwise, please register a new parser for type Signals and extension singlefile, .txt
 Reminder: use print_capabilities_by_ext() and print_capabilities_by_type() to diagnose what are the parsers available
NoParserFoundForObjectType - /home/travis/build/smarie/python-parsyfiles/parsyfiles/tests/old/./custom_old_demo_flat_coll/case3--input_c--keyA--item1 (singlefile, .txt) cannot be parsed as a SocketKind because no parser supporting that type is registered for singlefile, .txt.
 If you wish to parse this object from this extension, you may wish to parse it as one of the following supported types : {&lt;class &apos;test_parsyfiles_old.TestDemo.test_old_demo.&lt;locals&gt;.OpConfig&apos;&gt;, &lt;class &apos;int&apos;&gt;}. 
Otherwise, please register a new parser for type SocketKind and extension singlefile, .txt
 Reminder: use print_capabilities_by_ext() and print_capabilities_by_type() to diagnose what are the parsers available
NoParserFoundForObjectType - /home/travis/build/smarie/python-parsyfiles/parsyfiles/tests/old/./custom_old_demo_flat_coll/case3--input_c--keyA--item1 (singlefile, .txt) cannot be parsed as a HTTPStatus because no parser supporting that type is registered for singlefile, .txt.
 If you wish to parse this object from this extension, you may wish to parse it as one of the following supported types : {&lt;class &apos;test_parsyfiles_old.TestDemo.test_old_demo.&lt;locals&gt;.OpConfig&apos;&gt;, &lt;class &apos;int&apos;&gt;}. 
Otherwise, please register a new parser for type HTTPStatus and extension singlefile, .txt
 Reminder: use print_capabilities_by_ext() and print_capabilities_by_type() to diagnose what are the parsers available
NoParserFoundForObjectType - /home/travis/build/smarie/python-parsyfiles/parsyfiles/tests/old/./custom_old_demo_flat_coll/case3--input_c--keyA--item1 (singlefile, .txt) cannot be parsed as a _SSLMethod because no parser supporting that type is registered for singlefile, .txt.
 If you wish to parse this object from this extension, you may wish to parse it as one of the following supported types : {&lt;class &apos;test_parsyfiles_old.TestDemo.test_old_demo.&lt;locals&gt;.OpConfig&apos;&gt;, &lt;class &apos;int&apos;&gt;}. 
Otherwise, please register a new parser for type _SSLMethod and extension singlefile, .txt
 Reminder: use print_capabilities_by_ext() and print_capabilities_by_type() to diagnose what are the parsers available
NoParserFoundForObjectType - /home/travis/build/smarie/python-parsyfiles/parsyfiles/tests/old/./custom_old_demo_flat_coll/case3--input_c--keyA--item1 (singlefile, .txt) cannot be parsed as a _ParameterKind because no parser supporting that type is registered for singlefile, .txt.
 If you wish to parse this object from this extension, you may wish to parse it as one of the following supported types : {&lt;class &apos;test_parsyfiles_old.TestDemo.test_old_demo.&lt;locals&gt;.OpConfig&apos;&gt;, &lt;class &apos;int&apos;&gt;}. 
Otherwise, please register a new parser for type _ParameterKind and extension singlefile, .txt
 Reminder: use print_capabilities_by_ext() and print_capabilities_by_type() to diagnose what are the parsers available
NoParserFoundForObjectType - /home/travis/build/smarie/python-parsyfiles/parsyfiles/tests/old/./custom_old_demo_flat_coll/case3--input_c--keyA--item1 (singlefile, .txt) cannot be parsed as a Sigmasks because no parser supporting that type is registered for singlefile, .txt.
 If you wish to parse this object from this extension, you may wish to parse it as one of the following supported types : {&lt;class &apos;test_parsyfiles_old.TestDemo.test_old_demo.&lt;locals&gt;.OpConfig&apos;&gt;, &lt;class &apos;int&apos;&gt;}. 
Otherwise, please register a new parser for type Sigmasks and extension singlefile, .txt
 Reminder: use print_capabilities_by_ext() and print_capabilities_by_type() to diagnose what are the parsers available
NoParserFoundForObjectType - /home/travis/build/smarie/python-parsyfiles/parsyfiles/tests/old/./custom_old_demo_flat_coll/case3--input_c--keyA--item1 (singlefile, .txt) cannot be parsed as a Handlers because no parser supporting that type is registered for singlefile, .txt.
 If you wish to parse this object from this extension, you may wish to parse it as one of the following supported types : {&lt;class &apos;test_parsyfiles_old.TestDemo.test_old_demo.&lt;locals&gt;.OpConfig&apos;&gt;, &lt;class &apos;int&apos;&gt;}. 
Otherwise, please register a new parser for type Handlers and extension singlefile, .txt
 Reminder: use print_capabilities_by_ext() and print_capabilities_by_type() to diagnose what are the parsers available
NoParserFoundForObjectType - /home/travis/build/smarie/python-parsyfiles/parsyfiles/tests/old/./custom_old_demo_flat_coll/case3--input_c--keyA--item1 (singlefile, .txt) cannot be parsed as a AddressFamily because no parser supporting that type is registered for singlefile, .txt.
 If you wish to parse this object from this extension, you may wish to parse it as one of the following supported types : {&lt;class &apos;test_parsyfiles_old.TestDemo.test_old_demo.&lt;locals&gt;.OpConfig&apos;&gt;, &lt;class &apos;int&apos;&gt;}. 
Otherwise, please register a new parser for type AddressFamily and extension singlefile, .txt
 Reminder: use print_capabilities_by_ext() and print_capabilities_by_type() to diagnose what are the parsers available
(B)                                                                                           |--case3--input_c--keyA--item1.txt -&gt; int ------- using &lt;test_parse_int_file&gt;
NoParserFoundForObjectType - /home/travis/build/smarie/python-parsyfiles/parsyfiles/tests/old/./custom_old_demo_flat_coll/case3--input_c--keyA--item2 (singlefile, .txt) cannot be parsed as a bool because no parser supporting that type is registered for singlefile, .txt.
 If you wish to parse this object from this extension, you may wish to parse it as one of the following supported types : {&lt;class &apos;test_parsyfiles_old.TestDemo.test_old_demo.&lt;locals&gt;.OpConfig&apos;&gt;, &lt;class &apos;int&apos;&gt;}. 
Otherwise, please register a new parser for type bool and extension singlefile, .txt
 Reminder: use print_capabilities_by_ext() and print_capabilities_by_type() to diagnose what are the parsers available
NoParserFoundForObjectType - /home/travis/build/smarie/python-parsyfiles/parsyfiles/tests/old/./custom_old_demo_flat_coll/case3--input_c--keyA--item2 (singlefile, .txt) cannot be parsed as a _NamedIntConstant because no parser supporting that type is registered for singlefile, .txt.
 If you wish to parse this object from this extension, you may wish to parse it as one of the following supported types : {&lt;class &apos;test_parsyfiles_old.TestDemo.test_old_demo.&lt;locals&gt;.OpConfig&apos;&gt;, &lt;class &apos;int&apos;&gt;}. 
Otherwise, please register a new parser for type _NamedIntConstant and extension singlefile, .txt
 Reminder: use print_capabilities_by_ext() and print_capabilities_by_type() to diagnose what are the parsers available
NoParserFoundForObjectType - /home/travis/build/smarie/python-parsyfiles/parsyfiles/tests/old/./custom_old_demo_flat_coll/case3--input_c--keyA--item2 (singlefile, .txt) cannot be parsed as a IntEnum because no parser supporting that type is registered for singlefile, .txt.
 If you wish to parse this object from this extension, you may wish to parse it as one of the following supported types : {&lt;class &apos;test_parsyfiles_old.TestDemo.test_old_demo.&lt;locals&gt;.OpConfig&apos;&gt;, &lt;class &apos;int&apos;&gt;}. 
Otherwise, please register a new parser for type IntEnum and extension singlefile, .txt
 Reminder: use print_capabilities_by_ext() and print_capabilities_by_type() to diagnose what are the parsers available
NoParserFoundForObjectType - /home/travis/build/smarie/python-parsyfiles/parsyfiles/tests/old/./custom_old_demo_flat_coll/case3--input_c--keyA--item2 (singlefile, .txt) cannot be parsed as a Signals because no parser supporting that type is registered for singlefile, .txt.
 If you wish to parse this object from this extension, you may wish to parse it as one of the following supported types : {&lt;class &apos;test_parsyfiles_old.TestDemo.test_old_demo.&lt;locals&gt;.OpConfig&apos;&gt;, &lt;class &apos;int&apos;&gt;}. 
Otherwise, please register a new parser for type Signals and extension singlefile, .txt
 Reminder: use print_capabilities_by_ext() and print_capabilities_by_type() to diagnose what are the parsers available
NoParserFoundForObjectType - /home/travis/build/smarie/python-parsyfiles/parsyfiles/tests/old/./custom_old_demo_flat_coll/case3--input_c--keyA--item2 (singlefile, .txt) cannot be parsed as a SocketKind because no parser supporting that type is registered for singlefile, .txt.
 If you wish to parse this object from this extension, you may wish to parse it as one of the following supported types : {&lt;class &apos;test_parsyfiles_old.TestDemo.test_old_demo.&lt;locals&gt;.OpConfig&apos;&gt;, &lt;class &apos;int&apos;&gt;}. 
Otherwise, please register a new parser for type SocketKind and extension singlefile, .txt
 Reminder: use print_capabilities_by_ext() and print_capabilities_by_type() to diagnose what are the parsers available
NoParserFoundForObjectType - /home/travis/build/smarie/python-parsyfiles/parsyfiles/tests/old/./custom_old_demo_flat_coll/case3--input_c--keyA--item2 (singlefile, .txt) cannot be parsed as a HTTPStatus because no parser supporting that type is registered for singlefile, .txt.
 If you wish to parse this object from this extension, you may wish to parse it as one of the following supported types : {&lt;class &apos;test_parsyfiles_old.TestDemo.test_old_demo.&lt;locals&gt;.OpConfig&apos;&gt;, &lt;class &apos;int&apos;&gt;}. 
Otherwise, please register a new parser for type HTTPStatus and extension singlefile, .txt
 Reminder: use print_capabilities_by_ext() and print_capabilities_by_type() to diagnose what are the parsers available
NoParserFoundForObjectType - /home/travis/build/smarie/python-parsyfiles/parsyfiles/tests/old/./custom_old_demo_flat_coll/case3--input_c--keyA--item2 (singlefile, .txt) cannot be parsed as a _SSLMethod because no parser supporting that type is registered for singlefile, .txt.
 If you wish to parse this object from this extension, you may wish to parse it as one of the following supported types : {&lt;class &apos;test_parsyfiles_old.TestDemo.test_old_demo.&lt;locals&gt;.OpConfig&apos;&gt;, &lt;class &apos;int&apos;&gt;}. 
Otherwise, please register a new parser for type _SSLMethod and extension singlefile, .txt
 Reminder: use print_capabilities_by_ext() and print_capabilities_by_type() to diagnose what are the parsers available
NoParserFoundForObjectType - /home/travis/build/smarie/python-parsyfiles/parsyfiles/tests/old/./custom_old_demo_flat_coll/case3--input_c--keyA--item2 (singlefile, .txt) cannot be parsed as a _ParameterKind because no parser supporting that type is registered for singlefile, .txt.
 If you wish to parse this object from this extension, you may wish to parse it as one of the following supported types : {&lt;class &apos;test_parsyfiles_old.TestDemo.test_old_demo.&lt;locals&gt;.OpConfig&apos;&gt;, &lt;class &apos;int&apos;&gt;}. 
Otherwise, please register a new parser for type _ParameterKind and extension singlefile, .txt
 Reminder: use print_capabilities_by_ext() and print_capabilities_by_type() to diagnose what are the parsers available
NoParserFoundForObjectType - /home/travis/build/smarie/python-parsyfiles/parsyfiles/tests/old/./custom_old_demo_flat_coll/case3--input_c--keyA--item2 (singlefile, .txt) cannot be parsed as a Sigmasks because no parser supporting that type is registered for singlefile, .txt.
 If you wish to parse this object from this extension, you may wish to parse it as one of the following supported types : {&lt;class &apos;test_parsyfiles_old.TestDemo.test_old_demo.&lt;locals&gt;.OpConfig&apos;&gt;, &lt;class &apos;int&apos;&gt;}. 
Otherwise, please register a new parser for type Sigmasks and extension singlefile, .txt
 Reminder: use print_capabilities_by_ext() and print_capabilities_by_type() to diagnose what are the parsers available
NoParserFoundForObjectType - /home/travis/build/smarie/python-parsyfiles/parsyfiles/tests/old/./custom_old_demo_flat_coll/case3--input_c--keyA--item2 (singlefile, .txt) cannot be parsed as a Handlers because no parser supporting that type is registered for singlefile, .txt.
 If you wish to parse this object from this extension, you may wish to parse it as one of the following supported types : {&lt;class &apos;test_parsyfiles_old.TestDemo.test_old_demo.&lt;locals&gt;.OpConfig&apos;&gt;, &lt;class &apos;int&apos;&gt;}. 
Otherwise, please register a new parser for type Handlers and extension singlefile, .txt
 Reminder: use print_capabilities_by_ext() and print_capabilities_by_type() to diagnose what are the parsers available
NoParserFoundForObjectType - /home/travis/build/smarie/python-parsyfiles/parsyfiles/tests/old/./custom_old_demo_flat_coll/case3--input_c--keyA--item2 (singlefile, .txt) cannot be parsed as a AddressFamily because no parser supporting that type is registered for singlefile, .txt.
 If you wish to parse this object from this extension, you may wish to parse it as one of the following supported types : {&lt;class &apos;test_parsyfiles_old.TestDemo.test_old_demo.&lt;locals&gt;.OpConfig&apos;&gt;, &lt;class &apos;int&apos;&gt;}. 
Otherwise, please register a new parser for type AddressFamily and extension singlefile, .txt
 Reminder: use print_capabilities_by_ext() and print_capabilities_by_type() to diagnose what are the parsers available
(B)                                                                                           |--case3--input_c--keyA--item2.txt -&gt; int ------- using &lt;test_parse_int_file&gt;
(B)                                                                                           |--case3--input_c--keyB -&gt; List[int] ------- using Multifile Collection parser (parsyfiles defaults+test custom functions)
NoParserFoundForObjectType - /home/travis/build/smarie/python-parsyfiles/parsyfiles/tests/old/./custom_old_demo_flat_coll/case3--input_c--keyB--item1 (singlefile, .txt) cannot be parsed as a bool because no parser supporting that type is registered for singlefile, .txt.
 If you wish to parse this object from this extension, you may wish to parse it as one of the following supported types : {&lt;class &apos;test_parsyfiles_old.TestDemo.test_old_demo.&lt;locals&gt;.OpConfig&apos;&gt;, &lt;class &apos;int&apos;&gt;}. 
Otherwise, please register a new parser for type bool and extension singlefile, .txt
 Reminder: use print_capabilities_by_ext() and print_capabilities_by_type() to diagnose what are the parsers available
NoParserFoundForObjectType - /home/travis/build/smarie/python-parsyfiles/parsyfiles/tests/old/./custom_old_demo_flat_coll/case3--input_c--keyB--item1 (singlefile, .txt) cannot be parsed as a _NamedIntConstant because no parser supporting that type is registered for singlefile, .txt.
 If you wish to parse this object from this extension, you may wish to parse it as one of the following supported types : {&lt;class &apos;test_parsyfiles_old.TestDemo.test_old_demo.&lt;locals&gt;.OpConfig&apos;&gt;, &lt;class &apos;int&apos;&gt;}. 
Otherwise, please register a new parser for type _NamedIntConstant and extension singlefile, .txt
 Reminder: use print_capabilities_by_ext() and print_capabilities_by_type() to diagnose what are the parsers available
NoParserFoundForObjectType - /home/travis/build/smarie/python-parsyfiles/parsyfiles/tests/old/./custom_old_demo_flat_coll/case3--input_c--keyB--item1 (singlefile, .txt) cannot be parsed as a IntEnum because no parser supporting that type is registered for singlefile, .txt.
 If you wish to parse this object from this extension, you may wish to parse it as one of the following supported types : {&lt;class &apos;test_parsyfiles_old.TestDemo.test_old_demo.&lt;locals&gt;.OpConfig&apos;&gt;, &lt;class &apos;int&apos;&gt;}. 
Otherwise, please register a new parser for type IntEnum and extension singlefile, .txt
 Reminder: use print_capabilities_by_ext() and print_capabilities_by_type() to diagnose what are the parsers available
NoParserFoundForObjectType - /home/travis/build/smarie/python-parsyfiles/parsyfiles/tests/old/./custom_old_demo_flat_coll/case3--input_c--keyB--item1 (singlefile, .txt) cannot be parsed as a Signals because no parser supporting that type is registered for singlefile, .txt.
 If you wish to parse this object from this extension, you may wish to parse it as one of the following supported types : {&lt;class &apos;test_parsyfiles_old.TestDemo.test_old_demo.&lt;locals&gt;.OpConfig&apos;&gt;, &lt;class &apos;int&apos;&gt;}. 
Otherwise, please register a new parser for type Signals and extension singlefile, .txt
 Reminder: use print_capabilities_by_ext() and print_capabilities_by_type() to diagnose what are the parsers available
NoParserFoundForObjectType - /home/travis/build/smarie/python-parsyfiles/parsyfiles/tests/old/./custom_old_demo_flat_coll/case3--input_c--keyB--item1 (singlefile, .txt) cannot be parsed as a SocketKind because no parser supporting that type is registered for singlefile, .txt.
 If you wish to parse this object from this extension, you may wish to parse it as one of the following supported types : {&lt;class &apos;test_parsyfiles_old.TestDemo.test_old_demo.&lt;locals&gt;.OpConfig&apos;&gt;, &lt;class &apos;int&apos;&gt;}. 
Otherwise, please register a new parser for type SocketKind and extension singlefile, .txt
 Reminder: use print_capabilities_by_ext() and print_capabilities_by_type() to diagnose what are the parsers available
NoParserFoundForObjectType - /home/travis/build/smarie/python-parsyfiles/parsyfiles/tests/old/./custom_old_demo_flat_coll/case3--input_c--keyB--item1 (singlefile, .txt) cannot be parsed as a HTTPStatus because no parser supporting that type is registered for singlefile, .txt.
 If you wish to parse this object from this extension, you may wish to parse it as one of the following supported types : {&lt;class &apos;test_parsyfiles_old.TestDemo.test_old_demo.&lt;locals&gt;.OpConfig&apos;&gt;, &lt;class &apos;int&apos;&gt;}. 
Otherwise, please register a new parser for type HTTPStatus and extension singlefile, .txt
 Reminder: use print_capabilities_by_ext() and print_capabilities_by_type() to diagnose what are the parsers available
NoParserFoundForObjectType - /home/travis/build/smarie/python-parsyfiles/parsyfiles/tests/old/./custom_old_demo_flat_coll/case3--input_c--keyB--item1 (singlefile, .txt) cannot be parsed as a _SSLMethod because no parser supporting that type is registered for singlefile, .txt.
 If you wish to parse this object from this extension, you may wish to parse it as one of the following supported types : {&lt;class &apos;test_parsyfiles_old.TestDemo.test_old_demo.&lt;locals&gt;.OpConfig&apos;&gt;, &lt;class &apos;int&apos;&gt;}. 
Otherwise, please register a new parser for type _SSLMethod and extension singlefile, .txt
 Reminder: use print_capabilities_by_ext() and print_capabilities_by_type() to diagnose what are the parsers available
NoParserFoundForObjectType - /home/travis/build/smarie/python-parsyfiles/parsyfiles/tests/old/./custom_old_demo_flat_coll/case3--input_c--keyB--item1 (singlefile, .txt) cannot be parsed as a _ParameterKind because no parser supporting that type is registered for singlefile, .txt.
 If you wish to parse this object from this extension, you may wish to parse it as one of the following supported types : {&lt;class &apos;test_parsyfiles_old.TestDemo.test_old_demo.&lt;locals&gt;.OpConfig&apos;&gt;, &lt;class &apos;int&apos;&gt;}. 
Otherwise, please register a new parser for type _ParameterKind and extension singlefile, .txt
 Reminder: use print_capabilities_by_ext() and print_capabilities_by_type() to diagnose what are the parsers available
NoParserFoundForObjectType - /home/travis/build/smarie/python-parsyfiles/parsyfiles/tests/old/./custom_old_demo_flat_coll/case3--input_c--keyB--item1 (singlefile, .txt) cannot be parsed as a Sigmasks because no parser supporting that type is registered for singlefile, .txt.
 If you wish to parse this object from this extension, you may wish to parse it as one of the following supported types : {&lt;class &apos;test_parsyfiles_old.TestDemo.test_old_demo.&lt;locals&gt;.OpConfig&apos;&gt;, &lt;class &apos;int&apos;&gt;}. 
Otherwise, please register a new parser for type Sigmasks and extension singlefile, .txt
 Reminder: use print_capabilities_by_ext() and print_capabilities_by_type() to diagnose what are the parsers available
NoParserFoundForObjectType - /home/travis/build/smarie/python-parsyfiles/parsyfiles/tests/old/./custom_old_demo_flat_coll/case3--input_c--keyB--item1 (singlefile, .txt) cannot be parsed as a Handlers because no parser supporting that type is registered for singlefile, .txt.
 If you wish to parse this object from this extension, you may wish to parse it as one of the following supported types : {&lt;class &apos;test_parsyfiles_old.TestDemo.test_old_demo.&lt;locals&gt;.OpConfig&apos;&gt;, &lt;class &apos;int&apos;&gt;}. 
Otherwise, please register a new parser for type Handlers and extension singlefile, .txt
 Reminder: use print_capabilities_by_ext() and print_capabilities_by_type() to diagnose what are the parsers available
NoParserFoundForObjectType - /home/travis/build/smarie/python-parsyfiles/parsyfiles/tests/old/./custom_old_demo_flat_coll/case3--input_c--keyB--item1 (singlefile, .txt) cannot be parsed as a AddressFamily because no parser supporting that type is registered for singlefile, .txt.
 If you wish to parse this object from this extension, you may wish to parse it as one of the following supported types : {&lt;class &apos;test_parsyfiles_old.TestDemo.test_old_demo.&lt;locals&gt;.OpConfig&apos;&gt;, &lt;class &apos;int&apos;&gt;}. 
Otherwise, please register a new parser for type AddressFamily and extension singlefile, .txt
 Reminder: use print_capabilities_by_ext() and print_capabilities_by_type() to diagnose what are the parsers available
(B)                                                                                           |--case3--input_c--keyB--item1.txt -&gt; int ------- using &lt;test_parse_int_file&gt;
(B)                                                                                           |--case3--options.cfg -&gt; OpConfig ------- using &lt;test_parse_configuration_cfg_file&gt;
NoParserFoundForObjectType - /home/travis/build/smarie/python-parsyfiles/parsyfiles/tests/old/./custom_old_demo_flat_coll/case3--output (singlefile, .txt) cannot be parsed as a bool because no parser supporting that type is registered for singlefile, .txt.
 If you wish to parse this object from this extension, you may wish to parse it as one of the following supported types : {&lt;class &apos;test_parsyfiles_old.TestDemo.test_old_demo.&lt;locals&gt;.OpConfig&apos;&gt;, &lt;class &apos;int&apos;&gt;}. 
Otherwise, please register a new parser for type bool and extension singlefile, .txt
 Reminder: use print_capabilities_by_ext() and print_capabilities_by_type() to diagnose what are the parsers available
NoParserFoundForObjectType - /home/travis/build/smarie/python-parsyfiles/parsyfiles/tests/old/./custom_old_demo_flat_coll/case3--output (singlefile, .txt) cannot be parsed as a _NamedIntConstant because no parser supporting that type is registered for singlefile, .txt.
 If you wish to parse this object from this extension, you may wish to parse it as one of the following supported types : {&lt;class &apos;test_parsyfiles_old.TestDemo.test_old_demo.&lt;locals&gt;.OpConfig&apos;&gt;, &lt;class &apos;int&apos;&gt;}. 
Otherwise, please register a new parser for type _NamedIntConstant and extension singlefile, .txt
 Reminder: use print_capabilities_by_ext() and print_capabilities_by_type() to diagnose what are the parsers available
NoParserFoundForObjectType - /home/travis/build/smarie/python-parsyfiles/parsyfiles/tests/old/./custom_old_demo_flat_coll/case3--output (singlefile, .txt) cannot be parsed as a IntEnum because no parser supporting that type is registered for singlefile, .txt.
 If you wish to parse this object from this extension, you may wish to parse it as one of the following supported types : {&lt;class &apos;test_parsyfiles_old.TestDemo.test_old_demo.&lt;locals&gt;.OpConfig&apos;&gt;, &lt;class &apos;int&apos;&gt;}. 
Otherwise, please register a new parser for type IntEnum and extension singlefile, .txt
 Reminder: use print_capabilities_by_ext() and print_capabilities_by_type() to diagnose what are the parsers available
NoParserFoundForObjectType - /home/travis/build/smarie/python-parsyfiles/parsyfiles/tests/old/./custom_old_demo_flat_coll/case3--output (singlefile, .txt) cannot be parsed as a Signals because no parser supporting that type is registered for singlefile, .txt.
 If you wish to parse this object from this extension, you may wish to parse it as one of the following supported types : {&lt;class &apos;test_parsyfiles_old.TestDemo.test_old_demo.&lt;locals&gt;.OpConfig&apos;&gt;, &lt;class &apos;int&apos;&gt;}. 
Otherwise, please register a new parser for type Signals and extension singlefile, .txt
 Reminder: use print_capabilities_by_ext() and print_capabilities_by_type() to diagnose what are the parsers available
NoParserFoundForObjectType - /home/travis/build/smarie/python-parsyfiles/parsyfiles/tests/old/./custom_old_demo_flat_coll/case3--output (singlefile, .txt) cannot be parsed as a SocketKind because no parser supporting that type is registered for singlefile, .txt.
 If you wish to parse this object from this extension, you may wish to parse it as one of the following supported types : {&lt;class &apos;test_parsyfiles_old.TestDemo.test_old_demo.&lt;locals&gt;.OpConfig&apos;&gt;, &lt;class &apos;int&apos;&gt;}. 
Otherwise, please register a new parser for type SocketKind and extension singlefile, .txt
 Reminder: use print_capabilities_by_ext() and print_capabilities_by_type() to diagnose what are the parsers available
NoParserFoundForObjectType - /home/travis/build/smarie/python-parsyfiles/parsyfiles/tests/old/./custom_old_demo_flat_coll/case3--output (singlefile, .txt) cannot be parsed as a HTTPStatus because no parser supporting that type is registered for singlefile, .txt.
 If you wish to parse this object from this extension, you may wish to parse it as one of the following supported types : {&lt;class &apos;test_parsyfiles_old.TestDemo.test_old_demo.&lt;locals&gt;.OpConfig&apos;&gt;, &lt;class &apos;int&apos;&gt;}. 
Otherwise, please register a new parser for type HTTPStatus and extension singlefile, .txt
 Reminder: use print_capabilities_by_ext() and print_capabilities_by_type() to diagnose what are the parsers available
NoParserFoundForObjectType - /home/travis/build/smarie/python-parsyfiles/parsyfiles/tests/old/./custom_old_demo_flat_coll/case3--output (singlefile, .txt) cannot be parsed as a _SSLMethod because no parser supporting that type is registered for singlefile, .txt.
 If you wish to parse this object from this extension, you may wish to parse it as one of the following supported types : {&lt;class &apos;test_parsyfiles_old.TestDemo.test_old_demo.&lt;locals&gt;.OpConfig&apos;&gt;, &lt;class &apos;int&apos;&gt;}. 
Otherwise, please register a new parser for type _SSLMethod and extension singlefile, .txt
 Reminder: use print_capabilities_by_ext() and print_capabilities_by_type() to diagnose what are the parsers available
NoParserFoundForObjectType - /home/travis/build/smarie/python-parsyfiles/parsyfiles/tests/old/./custom_old_demo_flat_coll/case3--output (singlefile, .txt) cannot be parsed as a _ParameterKind because no parser supporting that type is registered for singlefile, .txt.
 If you wish to parse this object from this extension, you may wish to parse it as one of the following supported types : {&lt;class &apos;test_parsyfiles_old.TestDemo.test_old_demo.&lt;locals&gt;.OpConfig&apos;&gt;, &lt;class &apos;int&apos;&gt;}. 
Otherwise, please register a new parser for type _ParameterKind and extension singlefile, .txt
 Reminder: use print_capabilities_by_ext() and print_capabilities_by_type() to diagnose what are the parsers available
NoParserFoundForObjectType - /home/travis/build/smarie/python-parsyfiles/parsyfiles/tests/old/./custom_old_demo_flat_coll/case3--output (singlefile, .txt) cannot be parsed as a Sigmasks because no parser supporting that type is registered for singlefile, .txt.
 If you wish to parse this object from this extension, you may wish to parse it as one of the following supported types : {&lt;class &apos;test_parsyfiles_old.TestDemo.test_old_demo.&lt;locals&gt;.OpConfig&apos;&gt;, &lt;class &apos;int&apos;&gt;}. 
Otherwise, please register a new parser for type Sigmasks and extension singlefile, .txt
 Reminder: use print_capabilities_by_ext() and print_capabilities_by_type() to diagnose what are the parsers available
NoParserFoundForObjectType - /home/travis/build/smarie/python-parsyfiles/parsyfiles/tests/old/./custom_old_demo_flat_coll/case3--output (singlefile, .txt) cannot be parsed as a Handlers because no parser supporting that type is registered for singlefile, .txt.
 If you wish to parse this object from this extension, you may wish to parse it as one of the following supported types : {&lt;class &apos;test_parsyfiles_old.TestDemo.test_old_demo.&lt;locals&gt;.OpConfig&apos;&gt;, &lt;class &apos;int&apos;&gt;}. 
Otherwise, please register a new parser for type Handlers and extension singlefile, .txt
 Reminder: use print_capabilities_by_ext() and print_capabilities_by_type() to diagnose what are the parsers available
NoParserFoundForObjectType - /home/travis/build/smarie/python-parsyfiles/parsyfiles/tests/old/./custom_old_demo_flat_coll/case3--output (singlefile, .txt) cannot be parsed as a AddressFamily because no parser supporting that type is registered for singlefile, .txt.
 If you wish to parse this object from this extension, you may wish to parse it as one of the following supported types : {&lt;class &apos;test_parsyfiles_old.TestDemo.test_old_demo.&lt;locals&gt;.OpConfig&apos;&gt;, &lt;class &apos;int&apos;&gt;}. 
Otherwise, please register a new parser for type AddressFamily and extension singlefile, .txt
 Reminder: use print_capabilities_by_ext() and print_capabilities_by_type() to diagnose what are the parsers available
(B)                                                                                           |--case3--output.txt -&gt; int ------- using &lt;test_parse_int_file&gt;
Parsing Plan created successfully

Executing Parsing Plan for [/home/travis/build/smarie/python-parsyfiles/parsyfiles/tests/old/./custom_old_demo_flat_coll]
(P) /home/travis/build/smarie/python-parsyfiles/parsyfiles/tests/old/./custom_old_demo_flat_coll -&gt; Dict[str, OpTestCaseColl] ------- using Multifile Collection parser (parsyfiles defaults+test custom functions)
(P)                                                                                           |--case1 -&gt; OpTestCaseColl ------- using Multifile Object parser (parsyfiles defaults+test custom functions)
(P)                                                                                           |--case1--input_a.txt -&gt; int ------- using &lt;test_parse_int_file&gt;
(P)                                                                                           |--case1--input_a.txt -&gt; int SUCCESS !
(P)                                                                                           |--case1--input_b.txt -&gt; int ------- using &lt;test_parse_int_file&gt;
(P)                                                                                           |--case1--input_b.txt -&gt; int SUCCESS !
(P)                                                                                           |--case1--output.txt -&gt; int ------- using &lt;test_parse_int_file&gt;
(P)                                                                                           |--case1--output.txt -&gt; int SUCCESS !
(P)                                                                                           |--case1 -&gt; OpTestCaseColl SUCCESS !
(P)                                                                                           |--case2 -&gt; OpTestCaseColl ------- using Multifile Object parser (parsyfiles defaults+test custom functions)
(P)                                                                                           |--case2--input_a.txt -&gt; int ------- using &lt;test_parse_int_file&gt;
(P)                                                                                           |--case2--input_a.txt -&gt; int SUCCESS !
(P)                                                                                           |--case2--input_b.txt -&gt; int ------- using &lt;test_parse_int_file&gt;
(P)                                                                                           |--case2--input_b.txt -&gt; int SUCCESS !
(P)                                                                                           |--case2--options.txt -&gt; OpConfig ------- using &lt;test_parse_configuration_txt_file&gt;
(P)                                                                                           |--case2--options.txt -&gt; OpConfig SUCCESS !
(P)                                                                                           |--case2--output.txt -&gt; int ------- using &lt;test_parse_int_file&gt;
(P)                                                                                           |--case2--output.txt -&gt; int SUCCESS !
(P)                                                                                           |--case2 -&gt; OpTestCaseColl SUCCESS !
(P)                                                                                           |--case3 -&gt; OpTestCaseColl ------- using Multifile Object parser (parsyfiles defaults+test custom functions)
(P)                                                                                           |--case3--input_a.txt -&gt; int ------- using &lt;test_parse_int_file&gt;
(P)                                                                                           |--case3--input_a.txt -&gt; int SUCCESS !
(P)                                                                                           |--case3--input_b.txt -&gt; int ------- using &lt;test_parse_int_file&gt;
(P)                                                                                           |--case3--input_b.txt -&gt; int SUCCESS !
(P)                                                                                           |--case3--input_c -&gt; Dict[str, List[int]] ------- using Multifile Collection parser (parsyfiles defaults+test custom functions)
(P)                                                                                           |--case3--input_c--keyA -&gt; List[int] ------- using Multifile Collection parser (parsyfiles defaults+test custom functions)
(P)                                                                                           |--case3--input_c--keyA--item1.txt -&gt; int ------- using &lt;test_parse_int_file&gt;
(P)                                                                                           |--case3--input_c--keyA--item1.txt -&gt; int SUCCESS !
(P)                                                                                           |--case3--input_c--keyA--item2.txt -&gt; int ------- using &lt;test_parse_int_file&gt;
(P)                                                                                           |--case3--input_c--keyA--item2.txt -&gt; int SUCCESS !
(P)                                                                                           |--case3--input_c--keyA -&gt; List[int] SUCCESS !
(P)                                                                                           |--case3--input_c--keyB -&gt; List[int] ------- using Multifile Collection parser (parsyfiles defaults+test custom functions)
(P)                                                                                           |--case3--input_c--keyB--item1.txt -&gt; int ------- using &lt;test_parse_int_file&gt;
(P)                                                                                           |--case3--input_c--keyB--item1.txt -&gt; int SUCCESS !
(P)                                                                                           |--case3--input_c--keyB -&gt; List[int] SUCCESS !
(P)                                                                                           |--case3--input_c -&gt; Dict[str, List[int]] SUCCESS !
(P)                                                                                           |--case3--options.cfg -&gt; OpConfig ------- using &lt;test_parse_configuration_cfg_file&gt;
(P)                                                                                           |--case3--options.cfg -&gt; OpConfig SUCCESS !
(P)                                                                                           |--case3--output.txt -&gt; int ------- using &lt;test_parse_int_file&gt;
(P)                                                                                           |--case3--output.txt -&gt; int SUCCESS !
(P)                                                                                           |--case3 -&gt; OpTestCaseColl SUCCESS !
(P)                                                                 |--custom_old_demo_flat_coll -&gt; Dict[str, OpTestCaseColl] SUCCESS !
Completed parsing successfully

{&apos;keyA&apos;: [-1, -1], &apos;keyB&apos;: [-1]}
**** Starting to parse collection of &lt;OpTestCaseColl&gt; at location /home/travis/build/smarie/python-parsyfiles/parsyfiles/tests/old/./custom_old_demo_coll ****
Checking all files under [/home/travis/build/smarie/python-parsyfiles/parsyfiles/tests/old/./custom_old_demo_coll]
(C) /home/travis/build/smarie/python-parsyfiles/parsyfiles/tests/old/./custom_old_demo_coll (multifile)
(C)                                                                                      |--case1 (multifile)
(C)                                                                                            |--input_a (singlefile, .txt)
(C)                                                                                            |--input_b (singlefile, .txt)
(C)                                                                                            |--output (singlefile, .txt)
(C)                                                                                      |--case2 (multifile)
(C)                                                                                            |--input_a (singlefile, .txt)
(C)                                                                                            |--input_b (singlefile, .txt)
(C)                                                                                            |--options (singlefile, .txt)
(C)                                                                                            |--output (singlefile, .txt)
(C)                                                                                      |--case3 (multifile)
(C)                                                                                            |--input_a (singlefile, .txt)
(C)                                                                                            |--input_b (singlefile, .txt)
(C)                                                                                            |--input_c (multifile)
(C)                                                                                                    |--keyA (multifile)
(C)                                                                                                         |--item1 (singlefile, .txt)
(C)                                                                                                         |--item2 (singlefile, .txt)
(C)                                                                                                    |--keyB (multifile)
(C)                                                                                                         |--item1 (singlefile, .txt)
(C)                                                                                            |--options (singlefile, .cfg)
(C)                                                                                            |--output (singlefile, .txt)
File checks done

Building a parsing plan to parse [/home/travis/build/smarie/python-parsyfiles/parsyfiles/tests/old/./custom_old_demo_coll] into a Dict[str, OpTestCaseColl]
(B) /home/travis/build/smarie/python-parsyfiles/parsyfiles/tests/old/./custom_old_demo_coll -&gt; Dict[str, OpTestCaseColl] ------- using Multifile Collection parser (parsyfiles defaults+test custom functions)
(B)                                                                                      |--case1 -&gt; OpTestCaseColl ------- using Multifile Object parser (parsyfiles defaults+test custom functions)
NoParserFoundForObjectType - /home/travis/build/smarie/python-parsyfiles/parsyfiles/tests/old/./custom_old_demo_coll/case1/input_a (singlefile, .txt) cannot be parsed as a bool because no parser supporting that type is registered for singlefile, .txt.
 If you wish to parse this object from this extension, you may wish to parse it as one of the following supported types : {&lt;class &apos;test_parsyfiles_old.TestDemo.test_old_demo.&lt;locals&gt;.OpConfig&apos;&gt;, &lt;class &apos;int&apos;&gt;}. 
Otherwise, please register a new parser for type bool and extension singlefile, .txt
 Reminder: use print_capabilities_by_ext() and print_capabilities_by_type() to diagnose what are the parsers available
NoParserFoundForObjectType - /home/travis/build/smarie/python-parsyfiles/parsyfiles/tests/old/./custom_old_demo_coll/case1/input_a (singlefile, .txt) cannot be parsed as a _NamedIntConstant because no parser supporting that type is registered for singlefile, .txt.
 If you wish to parse this object from this extension, you may wish to parse it as one of the following supported types : {&lt;class &apos;test_parsyfiles_old.TestDemo.test_old_demo.&lt;locals&gt;.OpConfig&apos;&gt;, &lt;class &apos;int&apos;&gt;}. 
Otherwise, please register a new parser for type _NamedIntConstant and extension singlefile, .txt
 Reminder: use print_capabilities_by_ext() and print_capabilities_by_type() to diagnose what are the parsers available
NoParserFoundForObjectType - /home/travis/build/smarie/python-parsyfiles/parsyfiles/tests/old/./custom_old_demo_coll/case1/input_a (singlefile, .txt) cannot be parsed as a IntEnum because no parser supporting that type is registered for singlefile, .txt.
 If you wish to parse this object from this extension, you may wish to parse it as one of the following supported types : {&lt;class &apos;test_parsyfiles_old.TestDemo.test_old_demo.&lt;locals&gt;.OpConfig&apos;&gt;, &lt;class &apos;int&apos;&gt;}. 
Otherwise, please register a new parser for type IntEnum and extension singlefile, .txt
 Reminder: use print_capabilities_by_ext() and print_capabilities_by_type() to diagnose what are the parsers available
NoParserFoundForObjectType - /home/travis/build/smarie/python-parsyfiles/parsyfiles/tests/old/./custom_old_demo_coll/case1/input_a (singlefile, .txt) cannot be parsed as a Signals because no parser supporting that type is registered for singlefile, .txt.
 If you wish to parse this object from this extension, you may wish to parse it as one of the following supported types : {&lt;class &apos;test_parsyfiles_old.TestDemo.test_old_demo.&lt;locals&gt;.OpConfig&apos;&gt;, &lt;class &apos;int&apos;&gt;}. 
Otherwise, please register a new parser for type Signals and extension singlefile, .txt
 Reminder: use print_capabilities_by_ext() and print_capabilities_by_type() to diagnose what are the parsers available
NoParserFoundForObjectType - /home/travis/build/smarie/python-parsyfiles/parsyfiles/tests/old/./custom_old_demo_coll/case1/input_a (singlefile, .txt) cannot be parsed as a SocketKind because no parser supporting that type is registered for singlefile, .txt.
 If you wish to parse this object from this extension, you may wish to parse it as one of the following supported types : {&lt;class &apos;test_parsyfiles_old.TestDemo.test_old_demo.&lt;locals&gt;.OpConfig&apos;&gt;, &lt;class &apos;int&apos;&gt;}. 
Otherwise, please register a new parser for type SocketKind and extension singlefile, .txt
 Reminder: use print_capabilities_by_ext() and print_capabilities_by_type() to diagnose what are the parsers available
NoParserFoundForObjectType - /home/travis/build/smarie/python-parsyfiles/parsyfiles/tests/old/./custom_old_demo_coll/case1/input_a (singlefile, .txt) cannot be parsed as a HTTPStatus because no parser supporting that type is registered for singlefile, .txt.
 If you wish to parse this object from this extension, you may wish to parse it as one of the following supported types : {&lt;class &apos;test_parsyfiles_old.TestDemo.test_old_demo.&lt;locals&gt;.OpConfig&apos;&gt;, &lt;class &apos;int&apos;&gt;}. 
Otherwise, please register a new parser for type HTTPStatus and extension singlefile, .txt
 Reminder: use print_capabilities_by_ext() and print_capabilities_by_type() to diagnose what are the parsers available
NoParserFoundForObjectType - /home/travis/build/smarie/python-parsyfiles/parsyfiles/tests/old/./custom_old_demo_coll/case1/input_a (singlefile, .txt) cannot be parsed as a _SSLMethod because no parser supporting that type is registered for singlefile, .txt.
 If you wish to parse this object from this extension, you may wish to parse it as one of the following supported types : {&lt;class &apos;test_parsyfiles_old.TestDemo.test_old_demo.&lt;locals&gt;.OpConfig&apos;&gt;, &lt;class &apos;int&apos;&gt;}. 
Otherwise, please register a new parser for type _SSLMethod and extension singlefile, .txt
 Reminder: use print_capabilities_by_ext() and print_capabilities_by_type() to diagnose what are the parsers available
NoParserFoundForObjectType - /home/travis/build/smarie/python-parsyfiles/parsyfiles/tests/old/./custom_old_demo_coll/case1/input_a (singlefile, .txt) cannot be parsed as a _ParameterKind because no parser supporting that type is registered for singlefile, .txt.
 If you wish to parse this object from this extension, you may wish to parse it as one of the following supported types : {&lt;class &apos;test_parsyfiles_old.TestDemo.test_old_demo.&lt;locals&gt;.OpConfig&apos;&gt;, &lt;class &apos;int&apos;&gt;}. 
Otherwise, please register a new parser for type _ParameterKind and extension singlefile, .txt
 Reminder: use print_capabilities_by_ext() and print_capabilities_by_type() to diagnose what are the parsers available
NoParserFoundForObjectType - /home/travis/build/smarie/python-parsyfiles/parsyfiles/tests/old/./custom_old_demo_coll/case1/input_a (singlefile, .txt) cannot be parsed as a Sigmasks because no parser supporting that type is registered for singlefile, .txt.
 If you wish to parse this object from this extension, you may wish to parse it as one of the following supported types : {&lt;class &apos;test_parsyfiles_old.TestDemo.test_old_demo.&lt;locals&gt;.OpConfig&apos;&gt;, &lt;class &apos;int&apos;&gt;}. 
Otherwise, please register a new parser for type Sigmasks and extension singlefile, .txt
 Reminder: use print_capabilities_by_ext() and print_capabilities_by_type() to diagnose what are the parsers available
NoParserFoundForObjectType - /home/travis/build/smarie/python-parsyfiles/parsyfiles/tests/old/./custom_old_demo_coll/case1/input_a (singlefile, .txt) cannot be parsed as a Handlers because no parser supporting that type is registered for singlefile, .txt.
 If you wish to parse this object from this extension, you may wish to parse it as one of the following supported types : {&lt;class &apos;test_parsyfiles_old.TestDemo.test_old_demo.&lt;locals&gt;.OpConfig&apos;&gt;, &lt;class &apos;int&apos;&gt;}. 
Otherwise, please register a new parser for type Handlers and extension singlefile, .txt
 Reminder: use print_capabilities_by_ext() and print_capabilities_by_type() to diagnose what are the parsers available
NoParserFoundForObjectType - /home/travis/build/smarie/python-parsyfiles/parsyfiles/tests/old/./custom_old_demo_coll/case1/input_a (singlefile, .txt) cannot be parsed as a AddressFamily because no parser supporting that type is registered for singlefile, .txt.
 If you wish to parse this object from this extension, you may wish to parse it as one of the following supported types : {&lt;class &apos;test_parsyfiles_old.TestDemo.test_old_demo.&lt;locals&gt;.OpConfig&apos;&gt;, &lt;class &apos;int&apos;&gt;}. 
Otherwise, please register a new parser for type AddressFamily and extension singlefile, .txt
 Reminder: use print_capabilities_by_ext() and print_capabilities_by_type() to diagnose what are the parsers available
(B)                                                                                            |--input_a.txt -&gt; int ------- using &lt;test_parse_int_file&gt;
NoParserFoundForObjectType - /home/travis/build/smarie/python-parsyfiles/parsyfiles/tests/old/./custom_old_demo_coll/case1/input_b (singlefile, .txt) cannot be parsed as a bool because no parser supporting that type is registered for singlefile, .txt.
 If you wish to parse this object from this extension, you may wish to parse it as one of the following supported types : {&lt;class &apos;test_parsyfiles_old.TestDemo.test_old_demo.&lt;locals&gt;.OpConfig&apos;&gt;, &lt;class &apos;int&apos;&gt;}. 
Otherwise, please register a new parser for type bool and extension singlefile, .txt
 Reminder: use print_capabilities_by_ext() and print_capabilities_by_type() to diagnose what are the parsers available
NoParserFoundForObjectType - /home/travis/build/smarie/python-parsyfiles/parsyfiles/tests/old/./custom_old_demo_coll/case1/input_b (singlefile, .txt) cannot be parsed as a _NamedIntConstant because no parser supporting that type is registered for singlefile, .txt.
 If you wish to parse this object from this extension, you may wish to parse it as one of the following supported types : {&lt;class &apos;test_parsyfiles_old.TestDemo.test_old_demo.&lt;locals&gt;.OpConfig&apos;&gt;, &lt;class &apos;int&apos;&gt;}. 
Otherwise, please register a new parser for type _NamedIntConstant and extension singlefile, .txt
 Reminder: use print_capabilities_by_ext() and print_capabilities_by_type() to diagnose what are the parsers available
NoParserFoundForObjectType - /home/travis/build/smarie/python-parsyfiles/parsyfiles/tests/old/./custom_old_demo_coll/case1/input_b (singlefile, .txt) cannot be parsed as a IntEnum because no parser supporting that type is registered for singlefile, .txt.
 If you wish to parse this object from this extension, you may wish to parse it as one of the following supported types : {&lt;class &apos;test_parsyfiles_old.TestDemo.test_old_demo.&lt;locals&gt;.OpConfig&apos;&gt;, &lt;class &apos;int&apos;&gt;}. 
Otherwise, please register a new parser for type IntEnum and extension singlefile, .txt
 Reminder: use print_capabilities_by_ext() and print_capabilities_by_type() to diagnose what are the parsers available
NoParserFoundForObjectType - /home/travis/build/smarie/python-parsyfiles/parsyfiles/tests/old/./custom_old_demo_coll/case1/input_b (singlefile, .txt) cannot be parsed as a Signals because no parser supporting that type is registered for singlefile, .txt.
 If you wish to parse this object from this extension, you may wish to parse it as one of the following supported types : {&lt;class &apos;test_parsyfiles_old.TestDemo.test_old_demo.&lt;locals&gt;.OpConfig&apos;&gt;, &lt;class &apos;int&apos;&gt;}. 
Otherwise, please register a new parser for type Signals and extension singlefile, .txt
 Reminder: use print_capabilities_by_ext() and print_capabilities_by_type() to diagnose what are the parsers available
NoParserFoundForObjectType - /home/travis/build/smarie/python-parsyfiles/parsyfiles/tests/old/./custom_old_demo_coll/case1/input_b (singlefile, .txt) cannot be parsed as a SocketKind because no parser supporting that type is registered for singlefile, .txt.
 If you wish to parse this object from this extension, you may wish to parse it as one of the following supported types : {&lt;class &apos;test_parsyfiles_old.TestDemo.test_old_demo.&lt;locals&gt;.OpConfig&apos;&gt;, &lt;class &apos;int&apos;&gt;}. 
Otherwise, please register a new parser for type SocketKind and extension singlefile, .txt
 Reminder: use print_capabilities_by_ext() and print_capabilities_by_type() to diagnose what are the parsers available
NoParserFoundForObjectType - /home/travis/build/smarie/python-parsyfiles/parsyfiles/tests/old/./custom_old_demo_coll/case1/input_b (singlefile, .txt) cannot be parsed as a HTTPStatus because no parser supporting that type is registered for singlefile, .txt.
 If you wish to parse this object from this extension, you may wish to parse it as one of the following supported types : {&lt;class &apos;test_parsyfiles_old.TestDemo.test_old_demo.&lt;locals&gt;.OpConfig&apos;&gt;, &lt;class &apos;int&apos;&gt;}. 
Otherwise, please register a new parser for type HTTPStatus and extension singlefile, .txt
 Reminder: use print_capabilities_by_ext() and print_capabilities_by_type() to diagnose what are the parsers available
NoParserFoundForObjectType - /home/travis/build/smarie/python-parsyfiles/parsyfiles/tests/old/./custom_old_demo_coll/case1/input_b (singlefile, .txt) cannot be parsed as a _SSLMethod because no parser supporting that type is registered for singlefile, .txt.
 If you wish to parse this object from this extension, you may wish to parse it as one of the following supported types : {&lt;class &apos;test_parsyfiles_old.TestDemo.test_old_demo.&lt;locals&gt;.OpConfig&apos;&gt;, &lt;class &apos;int&apos;&gt;}. 
Otherwise, please register a new parser for type _SSLMethod and extension singlefile, .txt
 Reminder: use print_capabilities_by_ext() and print_capabilities_by_type() to diagnose what are the parsers available
NoParserFoundForObjectType - /home/travis/build/smarie/python-parsyfiles/parsyfiles/tests/old/./custom_old_demo_coll/case1/input_b (singlefile, .txt) cannot be parsed as a _ParameterKind because no parser supporting that type is registered for singlefile, .txt.
 If you wish to parse this object from this extension, you may wish to parse it as one of the following supported types : {&lt;class &apos;test_parsyfiles_old.TestDemo.test_old_demo.&lt;locals&gt;.OpConfig&apos;&gt;, &lt;class &apos;int&apos;&gt;}. 
Otherwise, please register a new parser for type _ParameterKind and extension singlefile, .txt
 Reminder: use print_capabilities_by_ext() and print_capabilities_by_type() to diagnose what are the parsers available
NoParserFoundForObjectType - /home/travis/build/smarie/python-parsyfiles/parsyfiles/tests/old/./custom_old_demo_coll/case1/input_b (singlefile, .txt) cannot be parsed as a Sigmasks because no parser supporting that type is registered for singlefile, .txt.
 If you wish to parse this object from this extension, you may wish to parse it as one of the following supported types : {&lt;class &apos;test_parsyfiles_old.TestDemo.test_old_demo.&lt;locals&gt;.OpConfig&apos;&gt;, &lt;class &apos;int&apos;&gt;}. 
Otherwise, please register a new parser for type Sigmasks and extension singlefile, .txt
 Reminder: use print_capabilities_by_ext() and print_capabilities_by_type() to diagnose what are the parsers available
NoParserFoundForObjectType - /home/travis/build/smarie/python-parsyfiles/parsyfiles/tests/old/./custom_old_demo_coll/case1/input_b (singlefile, .txt) cannot be parsed as a Handlers because no parser supporting that type is registered for singlefile, .txt.
 If you wish to parse this object from this extension, you may wish to parse it as one of the following supported types : {&lt;class &apos;test_parsyfiles_old.TestDemo.test_old_demo.&lt;locals&gt;.OpConfig&apos;&gt;, &lt;class &apos;int&apos;&gt;}. 
Otherwise, please register a new parser for type Handlers and extension singlefile, .txt
 Reminder: use print_capabilities_by_ext() and print_capabilities_by_type() to diagnose what are the parsers available
NoParserFoundForObjectType - /home/travis/build/smarie/python-parsyfiles/parsyfiles/tests/old/./custom_old_demo_coll/case1/input_b (singlefile, .txt) cannot be parsed as a AddressFamily because no parser supporting that type is registered for singlefile, .txt.
 If you wish to parse this object from this extension, you may wish to parse it as one of the following supported types : {&lt;class &apos;test_parsyfiles_old.TestDemo.test_old_demo.&lt;locals&gt;.OpConfig&apos;&gt;, &lt;class &apos;int&apos;&gt;}. 
Otherwise, please register a new parser for type AddressFamily and extension singlefile, .txt
 Reminder: use print_capabilities_by_ext() and print_capabilities_by_type() to diagnose what are the parsers available
(B)                                                                                            |--input_b.txt -&gt; int ------- using &lt;test_parse_int_file&gt;
(B)                                                                                           |--input_c: NOT FOUND - This optional constructor attribute for type OpTestCaseColl was not found on file system, but this may be normal - this message is displayed &apos;just in case&apos;.
(B)                                                                                           |--options: NOT FOUND - This optional constructor attribute for type OpTestCaseColl was not found on file system, but this may be normal - this message is displayed &apos;just in case&apos;.
NoParserFoundForObjectType - /home/travis/build/smarie/python-parsyfiles/parsyfiles/tests/old/./custom_old_demo_coll/case1/output (singlefile, .txt) cannot be parsed as a bool because no parser supporting that type is registered for singlefile, .txt.
 If you wish to parse this object from this extension, you may wish to parse it as one of the following supported types : {&lt;class &apos;test_parsyfiles_old.TestDemo.test_old_demo.&lt;locals&gt;.OpConfig&apos;&gt;, &lt;class &apos;int&apos;&gt;}. 
Otherwise, please register a new parser for type bool and extension singlefile, .txt
 Reminder: use print_capabilities_by_ext() and print_capabilities_by_type() to diagnose what are the parsers available
NoParserFoundForObjectType - /home/travis/build/smarie/python-parsyfiles/parsyfiles/tests/old/./custom_old_demo_coll/case1/output (singlefile, .txt) cannot be parsed as a _NamedIntConstant because no parser supporting that type is registered for singlefile, .txt.
 If you wish to parse this object from this extension, you may wish to parse it as one of the following supported types : {&lt;class &apos;test_parsyfiles_old.TestDemo.test_old_demo.&lt;locals&gt;.OpConfig&apos;&gt;, &lt;class &apos;int&apos;&gt;}. 
Otherwise, please register a new parser for type _NamedIntConstant and extension singlefile, .txt
 Reminder: use print_capabilities_by_ext() and print_capabilities_by_type() to diagnose what are the parsers available
NoParserFoundForObjectType - /home/travis/build/smarie/python-parsyfiles/parsyfiles/tests/old/./custom_old_demo_coll/case1/output (singlefile, .txt) cannot be parsed as a IntEnum because no parser supporting that type is registered for singlefile, .txt.
 If you wish to parse this object from this extension, you may wish to parse it as one of the following supported types : {&lt;class &apos;test_parsyfiles_old.TestDemo.test_old_demo.&lt;locals&gt;.OpConfig&apos;&gt;, &lt;class &apos;int&apos;&gt;}. 
Otherwise, please register a new parser for type IntEnum and extension singlefile, .txt
 Reminder: use print_capabilities_by_ext() and print_capabilities_by_type() to diagnose what are the parsers available
NoParserFoundForObjectType - /home/travis/build/smarie/python-parsyfiles/parsyfiles/tests/old/./custom_old_demo_coll/case1/output (singlefile, .txt) cannot be parsed as a Signals because no parser supporting that type is registered for singlefile, .txt.
 If you wish to parse this object from this extension, you may wish to parse it as one of the following supported types : {&lt;class &apos;test_parsyfiles_old.TestDemo.test_old_demo.&lt;locals&gt;.OpConfig&apos;&gt;, &lt;class &apos;int&apos;&gt;}. 
Otherwise, please register a new parser for type Signals and extension singlefile, .txt
 Reminder: use print_capabilities_by_ext() and print_capabilities_by_type() to diagnose what are the parsers available
NoParserFoundForObjectType - /home/travis/build/smarie/python-parsyfiles/parsyfiles/tests/old/./custom_old_demo_coll/case1/output (singlefile, .txt) cannot be parsed as a SocketKind because no parser supporting that type is registered for singlefile, .txt.
 If you wish to parse this object from this extension, you may wish to parse it as one of the following supported types : {&lt;class &apos;test_parsyfiles_old.TestDemo.test_old_demo.&lt;locals&gt;.OpConfig&apos;&gt;, &lt;class &apos;int&apos;&gt;}. 
Otherwise, please register a new parser for type SocketKind and extension singlefile, .txt
 Reminder: use print_capabilities_by_ext() and print_capabilities_by_type() to diagnose what are the parsers available
NoParserFoundForObjectType - /home/travis/build/smarie/python-parsyfiles/parsyfiles/tests/old/./custom_old_demo_coll/case1/output (singlefile, .txt) cannot be parsed as a HTTPStatus because no parser supporting that type is registered for singlefile, .txt.
 If you wish to parse this object from this extension, you may wish to parse it as one of the following supported types : {&lt;class &apos;test_parsyfiles_old.TestDemo.test_old_demo.&lt;locals&gt;.OpConfig&apos;&gt;, &lt;class &apos;int&apos;&gt;}. 
Otherwise, please register a new parser for type HTTPStatus and extension singlefile, .txt
 Reminder: use print_capabilities_by_ext() and print_capabilities_by_type() to diagnose what are the parsers available
NoParserFoundForObjectType - /home/travis/build/smarie/python-parsyfiles/parsyfiles/tests/old/./custom_old_demo_coll/case1/output (singlefile, .txt) cannot be parsed as a _SSLMethod because no parser supporting that type is registered for singlefile, .txt.
 If you wish to parse this object from this extension, you may wish to parse it as one of the following supported types : {&lt;class &apos;test_parsyfiles_old.TestDemo.test_old_demo.&lt;locals&gt;.OpConfig&apos;&gt;, &lt;class &apos;int&apos;&gt;}. 
Otherwise, please register a new parser for type _SSLMethod and extension singlefile, .txt
 Reminder: use print_capabilities_by_ext() and print_capabilities_by_type() to diagnose what are the parsers available
NoParserFoundForObjectType - /home/travis/build/smarie/python-parsyfiles/parsyfiles/tests/old/./custom_old_demo_coll/case1/output (singlefile, .txt) cannot be parsed as a _ParameterKind because no parser supporting that type is registered for singlefile, .txt.
 If you wish to parse this object from this extension, you may wish to parse it as one of the following supported types : {&lt;class &apos;test_parsyfiles_old.TestDemo.test_old_demo.&lt;locals&gt;.OpConfig&apos;&gt;, &lt;class &apos;int&apos;&gt;}. 
Otherwise, please register a new parser for type _ParameterKind and extension singlefile, .txt
 Reminder: use print_capabilities_by_ext() and print_capabilities_by_type() to diagnose what are the parsers available
NoParserFoundForObjectType - /home/travis/build/smarie/python-parsyfiles/parsyfiles/tests/old/./custom_old_demo_coll/case1/output (singlefile, .txt) cannot be parsed as a Sigmasks because no parser supporting that type is registered for singlefile, .txt.
 If you wish to parse this object from this extension, you may wish to parse it as one of the following supported types : {&lt;class &apos;test_parsyfiles_old.TestDemo.test_old_demo.&lt;locals&gt;.OpConfig&apos;&gt;, &lt;class &apos;int&apos;&gt;}. 
Otherwise, please register a new parser for type Sigmasks and extension singlefile, .txt
 Reminder: use print_capabilities_by_ext() and print_capabilities_by_type() to diagnose what are the parsers available
NoParserFoundForObjectType - /home/travis/build/smarie/python-parsyfiles/parsyfiles/tests/old/./custom_old_demo_coll/case1/output (singlefile, .txt) cannot be parsed as a Handlers because no parser supporting that type is registered for singlefile, .txt.
 If you wish to parse this object from this extension, you may wish to parse it as one of the following supported types : {&lt;class &apos;test_parsyfiles_old.TestDemo.test_old_demo.&lt;locals&gt;.OpConfig&apos;&gt;, &lt;class &apos;int&apos;&gt;}. 
Otherwise, please register a new parser for type Handlers and extension singlefile, .txt
 Reminder: use print_capabilities_by_ext() and print_capabilities_by_type() to diagnose what are the parsers available
NoParserFoundForObjectType - /home/travis/build/smarie/python-parsyfiles/parsyfiles/tests/old/./custom_old_demo_coll/case1/output (singlefile, .txt) cannot be parsed as a AddressFamily because no parser supporting that type is registered for singlefile, .txt.
 If you wish to parse this object from this extension, you may wish to parse it as one of the following supported types : {&lt;class &apos;test_parsyfiles_old.TestDemo.test_old_demo.&lt;locals&gt;.OpConfig&apos;&gt;, &lt;class &apos;int&apos;&gt;}. 
Otherwise, please register a new parser for type AddressFamily and extension singlefile, .txt
 Reminder: use print_capabilities_by_ext() and print_capabilities_by_type() to diagnose what are the parsers available
(B)                                                                                            |--output.txt -&gt; int ------- using &lt;test_parse_int_file&gt;
(B)                                                                                      |--case2 -&gt; OpTestCaseColl ------- using Multifile Object parser (parsyfiles defaults+test custom functions)
NoParserFoundForObjectType - /home/travis/build/smarie/python-parsyfiles/parsyfiles/tests/old/./custom_old_demo_coll/case2/input_a (singlefile, .txt) cannot be parsed as a bool because no parser supporting that type is registered for singlefile, .txt.
 If you wish to parse this object from this extension, you may wish to parse it as one of the following supported types : {&lt;class &apos;test_parsyfiles_old.TestDemo.test_old_demo.&lt;locals&gt;.OpConfig&apos;&gt;, &lt;class &apos;int&apos;&gt;}. 
Otherwise, please register a new parser for type bool and extension singlefile, .txt
 Reminder: use print_capabilities_by_ext() and print_capabilities_by_type() to diagnose what are the parsers available
NoParserFoundForObjectType - /home/travis/build/smarie/python-parsyfiles/parsyfiles/tests/old/./custom_old_demo_coll/case2/input_a (singlefile, .txt) cannot be parsed as a _NamedIntConstant because no parser supporting that type is registered for singlefile, .txt.
 If you wish to parse this object from this extension, you may wish to parse it as one of the following supported types : {&lt;class &apos;test_parsyfiles_old.TestDemo.test_old_demo.&lt;locals&gt;.OpConfig&apos;&gt;, &lt;class &apos;int&apos;&gt;}. 
Otherwise, please register a new parser for type _NamedIntConstant and extension singlefile, .txt
 Reminder: use print_capabilities_by_ext() and print_capabilities_by_type() to diagnose what are the parsers available
NoParserFoundForObjectType - /home/travis/build/smarie/python-parsyfiles/parsyfiles/tests/old/./custom_old_demo_coll/case2/input_a (singlefile, .txt) cannot be parsed as a IntEnum because no parser supporting that type is registered for singlefile, .txt.
 If you wish to parse this object from this extension, you may wish to parse it as one of the following supported types : {&lt;class &apos;test_parsyfiles_old.TestDemo.test_old_demo.&lt;locals&gt;.OpConfig&apos;&gt;, &lt;class &apos;int&apos;&gt;}. 
Otherwise, please register a new parser for type IntEnum and extension singlefile, .txt
 Reminder: use print_capabilities_by_ext() and print_capabilities_by_type() to diagnose what are the parsers available
NoParserFoundForObjectType - /home/travis/build/smarie/python-parsyfiles/parsyfiles/tests/old/./custom_old_demo_coll/case2/input_a (singlefile, .txt) cannot be parsed as a Signals because no parser supporting that type is registered for singlefile, .txt.
 If you wish to parse this object from this extension, you may wish to parse it as one of the following supported types : {&lt;class &apos;test_parsyfiles_old.TestDemo.test_old_demo.&lt;locals&gt;.OpConfig&apos;&gt;, &lt;class &apos;int&apos;&gt;}. 
Otherwise, please register a new parser for type Signals and extension singlefile, .txt
 Reminder: use print_capabilities_by_ext() and print_capabilities_by_type() to diagnose what are the parsers available
NoParserFoundForObjectType - /home/travis/build/smarie/python-parsyfiles/parsyfiles/tests/old/./custom_old_demo_coll/case2/input_a (singlefile, .txt) cannot be parsed as a SocketKind because no parser supporting that type is registered for singlefile, .txt.
 If you wish to parse this object from this extension, you may wish to parse it as one of the following supported types : {&lt;class &apos;test_parsyfiles_old.TestDemo.test_old_demo.&lt;locals&gt;.OpConfig&apos;&gt;, &lt;class &apos;int&apos;&gt;}. 
Otherwise, please register a new parser for type SocketKind and extension singlefile, .txt
 Reminder: use print_capabilities_by_ext() and print_capabilities_by_type() to diagnose what are the parsers available
NoParserFoundForObjectType - /home/travis/build/smarie/python-parsyfiles/parsyfiles/tests/old/./custom_old_demo_coll/case2/input_a (singlefile, .txt) cannot be parsed as a HTTPStatus because no parser supporting that type is registered for singlefile, .txt.
 If you wish to parse this object from this extension, you may wish to parse it as one of the following supported types : {&lt;class &apos;test_parsyfiles_old.TestDemo.test_old_demo.&lt;locals&gt;.OpConfig&apos;&gt;, &lt;class &apos;int&apos;&gt;}. 
Otherwise, please register a new parser for type HTTPStatus and extension singlefile, .txt
 Reminder: use print_capabilities_by_ext() and print_capabilities_by_type() to diagnose what are the parsers available
NoParserFoundForObjectType - /home/travis/build/smarie/python-parsyfiles/parsyfiles/tests/old/./custom_old_demo_coll/case2/input_a (singlefile, .txt) cannot be parsed as a _SSLMethod because no parser supporting that type is registered for singlefile, .txt.
 If you wish to parse this object from this extension, you may wish to parse it as one of the following supported types : {&lt;class &apos;test_parsyfiles_old.TestDemo.test_old_demo.&lt;locals&gt;.OpConfig&apos;&gt;, &lt;class &apos;int&apos;&gt;}. 
Otherwise, please register a new parser for type _SSLMethod and extension singlefile, .txt
 Reminder: use print_capabilities_by_ext() and print_capabilities_by_type() to diagnose what are the parsers available
NoParserFoundForObjectType - /home/travis/build/smarie/python-parsyfiles/parsyfiles/tests/old/./custom_old_demo_coll/case2/input_a (singlefile, .txt) cannot be parsed as a _ParameterKind because no parser supporting that type is registered for singlefile, .txt.
 If you wish to parse this object from this extension, you may wish to parse it as one of the following supported types : {&lt;class &apos;test_parsyfiles_old.TestDemo.test_old_demo.&lt;locals&gt;.OpConfig&apos;&gt;, &lt;class &apos;int&apos;&gt;}. 
Otherwise, please register a new parser for type _ParameterKind and extension singlefile, .txt
 Reminder: use print_capabilities_by_ext() and print_capabilities_by_type() to diagnose what are the parsers available
NoParserFoundForObjectType - /home/travis/build/smarie/python-parsyfiles/parsyfiles/tests/old/./custom_old_demo_coll/case2/input_a (singlefile, .txt) cannot be parsed as a Sigmasks because no parser supporting that type is registered for singlefile, .txt.
 If you wish to parse this object from this extension, you may wish to parse it as one of the following supported types : {&lt;class &apos;test_parsyfiles_old.TestDemo.test_old_demo.&lt;locals&gt;.OpConfig&apos;&gt;, &lt;class &apos;int&apos;&gt;}. 
Otherwise, please register a new parser for type Sigmasks and extension singlefile, .txt
 Reminder: use print_capabilities_by_ext() and print_capabilities_by_type() to diagnose what are the parsers available
NoParserFoundForObjectType - /home/travis/build/smarie/python-parsyfiles/parsyfiles/tests/old/./custom_old_demo_coll/case2/input_a (singlefile, .txt) cannot be parsed as a Handlers because no parser supporting that type is registered for singlefile, .txt.
 If you wish to parse this object from this extension, you may wish to parse it as one of the following supported types : {&lt;class &apos;test_parsyfiles_old.TestDemo.test_old_demo.&lt;locals&gt;.OpConfig&apos;&gt;, &lt;class &apos;int&apos;&gt;}. 
Otherwise, please register a new parser for type Handlers and extension singlefile, .txt
 Reminder: use print_capabilities_by_ext() and print_capabilities_by_type() to diagnose what are the parsers available
NoParserFoundForObjectType - /home/travis/build/smarie/python-parsyfiles/parsyfiles/tests/old/./custom_old_demo_coll/case2/input_a (singlefile, .txt) cannot be parsed as a AddressFamily because no parser supporting that type is registered for singlefile, .txt.
 If you wish to parse this object from this extension, you may wish to parse it as one of the following supported types : {&lt;class &apos;test_parsyfiles_old.TestDemo.test_old_demo.&lt;locals&gt;.OpConfig&apos;&gt;, &lt;class &apos;int&apos;&gt;}. 
Otherwise, please register a new parser for type AddressFamily and extension singlefile, .txt
 Reminder: use print_capabilities_by_ext() and print_capabilities_by_type() to diagnose what are the parsers available
(B)                                                                                            |--input_a.txt -&gt; int ------- using &lt;test_parse_int_file&gt;
NoParserFoundForObjectType - /home/travis/build/smarie/python-parsyfiles/parsyfiles/tests/old/./custom_old_demo_coll/case2/input_b (singlefile, .txt) cannot be parsed as a bool because no parser supporting that type is registered for singlefile, .txt.
 If you wish to parse this object from this extension, you may wish to parse it as one of the following supported types : {&lt;class &apos;test_parsyfiles_old.TestDemo.test_old_demo.&lt;locals&gt;.OpConfig&apos;&gt;, &lt;class &apos;int&apos;&gt;}. 
Otherwise, please register a new parser for type bool and extension singlefile, .txt
 Reminder: use print_capabilities_by_ext() and print_capabilities_by_type() to diagnose what are the parsers available
NoParserFoundForObjectType - /home/travis/build/smarie/python-parsyfiles/parsyfiles/tests/old/./custom_old_demo_coll/case2/input_b (singlefile, .txt) cannot be parsed as a _NamedIntConstant because no parser supporting that type is registered for singlefile, .txt.
 If you wish to parse this object from this extension, you may wish to parse it as one of the following supported types : {&lt;class &apos;test_parsyfiles_old.TestDemo.test_old_demo.&lt;locals&gt;.OpConfig&apos;&gt;, &lt;class &apos;int&apos;&gt;}. 
Otherwise, please register a new parser for type _NamedIntConstant and extension singlefile, .txt
 Reminder: use print_capabilities_by_ext() and print_capabilities_by_type() to diagnose what are the parsers available
NoParserFoundForObjectType - /home/travis/build/smarie/python-parsyfiles/parsyfiles/tests/old/./custom_old_demo_coll/case2/input_b (singlefile, .txt) cannot be parsed as a IntEnum because no parser supporting that type is registered for singlefile, .txt.
 If you wish to parse this object from this extension, you may wish to parse it as one of the following supported types : {&lt;class &apos;test_parsyfiles_old.TestDemo.test_old_demo.&lt;locals&gt;.OpConfig&apos;&gt;, &lt;class &apos;int&apos;&gt;}. 
Otherwise, please register a new parser for type IntEnum and extension singlefile, .txt
 Reminder: use print_capabilities_by_ext() and print_capabilities_by_type() to diagnose what are the parsers available
NoParserFoundForObjectType - /home/travis/build/smarie/python-parsyfiles/parsyfiles/tests/old/./custom_old_demo_coll/case2/input_b (singlefile, .txt) cannot be parsed as a Signals because no parser supporting that type is registered for singlefile, .txt.
 If you wish to parse this object from this extension, you may wish to parse it as one of the following supported types : {&lt;class &apos;test_parsyfiles_old.TestDemo.test_old_demo.&lt;locals&gt;.OpConfig&apos;&gt;, &lt;class &apos;int&apos;&gt;}. 
Otherwise, please register a new parser for type Signals and extension singlefile, .txt
 Reminder: use print_capabilities_by_ext() and print_capabilities_by_type() to diagnose what are the parsers available
NoParserFoundForObjectType - /home/travis/build/smarie/python-parsyfiles/parsyfiles/tests/old/./custom_old_demo_coll/case2/input_b (singlefile, .txt) cannot be parsed as a SocketKind because no parser supporting that type is registered for singlefile, .txt.
 If you wish to parse this object from this extension, you may wish to parse it as one of the following supported types : {&lt;class &apos;test_parsyfiles_old.TestDemo.test_old_demo.&lt;locals&gt;.OpConfig&apos;&gt;, &lt;class &apos;int&apos;&gt;}. 
Otherwise, please register a new parser for type SocketKind and extension singlefile, .txt
 Reminder: use print_capabilities_by_ext() and print_capabilities_by_type() to diagnose what are the parsers available
NoParserFoundForObjectType - /home/travis/build/smarie/python-parsyfiles/parsyfiles/tests/old/./custom_old_demo_coll/case2/input_b (singlefile, .txt) cannot be parsed as a HTTPStatus because no parser supporting that type is registered for singlefile, .txt.
 If you wish to parse this object from this extension, you may wish to parse it as one of the following supported types : {&lt;class &apos;test_parsyfiles_old.TestDemo.test_old_demo.&lt;locals&gt;.OpConfig&apos;&gt;, &lt;class &apos;int&apos;&gt;}. 
Otherwise, please register a new parser for type HTTPStatus and extension singlefile, .txt
 Reminder: use print_capabilities_by_ext() and print_capabilities_by_type() to diagnose what are the parsers available
NoParserFoundForObjectType - /home/travis/build/smarie/python-parsyfiles/parsyfiles/tests/old/./custom_old_demo_coll/case2/input_b (singlefile, .txt) cannot be parsed as a _SSLMethod because no parser supporting that type is registered for singlefile, .txt.
 If you wish to parse this object from this extension, you may wish to parse it as one of the following supported types : {&lt;class &apos;test_parsyfiles_old.TestDemo.test_old_demo.&lt;locals&gt;.OpConfig&apos;&gt;, &lt;class &apos;int&apos;&gt;}. 
Otherwise, please register a new parser for type _SSLMethod and extension singlefile, .txt
 Reminder: use print_capabilities_by_ext() and print_capabilities_by_type() to diagnose what are the parsers available
NoParserFoundForObjectType - /home/travis/build/smarie/python-parsyfiles/parsyfiles/tests/old/./custom_old_demo_coll/case2/input_b (singlefile, .txt) cannot be parsed as a _ParameterKind because no parser supporting that type is registered for singlefile, .txt.
 If you wish to parse this object from this extension, you may wish to parse it as one of the following supported types : {&lt;class &apos;test_parsyfiles_old.TestDemo.test_old_demo.&lt;locals&gt;.OpConfig&apos;&gt;, &lt;class &apos;int&apos;&gt;}. 
Otherwise, please register a new parser for type _ParameterKind and extension singlefile, .txt
 Reminder: use print_capabilities_by_ext() and print_capabilities_by_type() to diagnose what are the parsers available
NoParserFoundForObjectType - /home/travis/build/smarie/python-parsyfiles/parsyfiles/tests/old/./custom_old_demo_coll/case2/input_b (singlefile, .txt) cannot be parsed as a Sigmasks because no parser supporting that type is registered for singlefile, .txt.
 If you wish to parse this object from this extension, you may wish to parse it as one of the following supported types : {&lt;class &apos;test_parsyfiles_old.TestDemo.test_old_demo.&lt;locals&gt;.OpConfig&apos;&gt;, &lt;class &apos;int&apos;&gt;}. 
Otherwise, please register a new parser for type Sigmasks and extension singlefile, .txt
 Reminder: use print_capabilities_by_ext() and print_capabilities_by_type() to diagnose what are the parsers available
NoParserFoundForObjectType - /home/travis/build/smarie/python-parsyfiles/parsyfiles/tests/old/./custom_old_demo_coll/case2/input_b (singlefile, .txt) cannot be parsed as a Handlers because no parser supporting that type is registered for singlefile, .txt.
 If you wish to parse this object from this extension, you may wish to parse it as one of the following supported types : {&lt;class &apos;test_parsyfiles_old.TestDemo.test_old_demo.&lt;locals&gt;.OpConfig&apos;&gt;, &lt;class &apos;int&apos;&gt;}. 
Otherwise, please register a new parser for type Handlers and extension singlefile, .txt
 Reminder: use print_capabilities_by_ext() and print_capabilities_by_type() to diagnose what are the parsers available
NoParserFoundForObjectType - /home/travis/build/smarie/python-parsyfiles/parsyfiles/tests/old/./custom_old_demo_coll/case2/input_b (singlefile, .txt) cannot be parsed as a AddressFamily because no parser supporting that type is registered for singlefile, .txt.
 If you wish to parse this object from this extension, you may wish to parse it as one of the following supported types : {&lt;class &apos;test_parsyfiles_old.TestDemo.test_old_demo.&lt;locals&gt;.OpConfig&apos;&gt;, &lt;class &apos;int&apos;&gt;}. 
Otherwise, please register a new parser for type AddressFamily and extension singlefile, .txt
 Reminder: use print_capabilities_by_ext() and print_capabilities_by_type() to diagnose what are the parsers available
(B)                                                                                            |--input_b.txt -&gt; int ------- using &lt;test_parse_int_file&gt;
(B)                                                                                           |--input_c: NOT FOUND - This optional constructor attribute for type OpTestCaseColl was not found on file system, but this may be normal - this message is displayed &apos;just in case&apos;.
(B)                                                                                            |--options.txt -&gt; OpConfig ------- using &lt;test_parse_configuration_txt_file&gt;
NoParserFoundForObjectType - /home/travis/build/smarie/python-parsyfiles/parsyfiles/tests/old/./custom_old_demo_coll/case2/output (singlefile, .txt) cannot be parsed as a bool because no parser supporting that type is registered for singlefile, .txt.
 If you wish to parse this object from this extension, you may wish to parse it as one of the following supported types : {&lt;class &apos;test_parsyfiles_old.TestDemo.test_old_demo.&lt;locals&gt;.OpConfig&apos;&gt;, &lt;class &apos;int&apos;&gt;}. 
Otherwise, please register a new parser for type bool and extension singlefile, .txt
 Reminder: use print_capabilities_by_ext() and print_capabilities_by_type() to diagnose what are the parsers available
NoParserFoundForObjectType - /home/travis/build/smarie/python-parsyfiles/parsyfiles/tests/old/./custom_old_demo_coll/case2/output (singlefile, .txt) cannot be parsed as a _NamedIntConstant because no parser supporting that type is registered for singlefile, .txt.
 If you wish to parse this object from this extension, you may wish to parse it as one of the following supported types : {&lt;class &apos;test_parsyfiles_old.TestDemo.test_old_demo.&lt;locals&gt;.OpConfig&apos;&gt;, &lt;class &apos;int&apos;&gt;}. 
Otherwise, please register a new parser for type _NamedIntConstant and extension singlefile, .txt
 Reminder: use print_capabilities_by_ext() and print_capabilities_by_type() to diagnose what are the parsers available
NoParserFoundForObjectType - /home/travis/build/smarie/python-parsyfiles/parsyfiles/tests/old/./custom_old_demo_coll/case2/output (singlefile, .txt) cannot be parsed as a IntEnum because no parser supporting that type is registered for singlefile, .txt.
 If you wish to parse this object from this extension, you may wish to parse it as one of the following supported types : {&lt;class &apos;test_parsyfiles_old.TestDemo.test_old_demo.&lt;locals&gt;.OpConfig&apos;&gt;, &lt;class &apos;int&apos;&gt;}. 
Otherwise, please register a new parser for type IntEnum and extension singlefile, .txt
 Reminder: use print_capabilities_by_ext() and print_capabilities_by_type() to diagnose what are the parsers available
NoParserFoundForObjectType - /home/travis/build/smarie/python-parsyfiles/parsyfiles/tests/old/./custom_old_demo_coll/case2/output (singlefile, .txt) cannot be parsed as a Signals because no parser supporting that type is registered for singlefile, .txt.
 If you wish to parse this object from this extension, you may wish to parse it as one of the following supported types : {&lt;class &apos;test_parsyfiles_old.TestDemo.test_old_demo.&lt;locals&gt;.OpConfig&apos;&gt;, &lt;class &apos;int&apos;&gt;}. 
Otherwise, please register a new parser for type Signals and extension singlefile, .txt
 Reminder: use print_capabilities_by_ext() and print_capabilities_by_type() to diagnose what are the parsers available
NoParserFoundForObjectType - /home/travis/build/smarie/python-parsyfiles/parsyfiles/tests/old/./custom_old_demo_coll/case2/output (singlefile, .txt) cannot be parsed as a SocketKind because no parser supporting that type is registered for singlefile, .txt.
 If you wish to parse this object from this extension, you may wish to parse it as one of the following supported types : {&lt;class &apos;test_parsyfiles_old.TestDemo.test_old_demo.&lt;locals&gt;.OpConfig&apos;&gt;, &lt;class &apos;int&apos;&gt;}. 
Otherwise, please register a new parser for type SocketKind and extension singlefile, .txt
 Reminder: use print_capabilities_by_ext() and print_capabilities_by_type() to diagnose what are the parsers available
NoParserFoundForObjectType - /home/travis/build/smarie/python-parsyfiles/parsyfiles/tests/old/./custom_old_demo_coll/case2/output (singlefile, .txt) cannot be parsed as a HTTPStatus because no parser supporting that type is registered for singlefile, .txt.
 If you wish to parse this object from this extension, you may wish to parse it as one of the following supported types : {&lt;class &apos;test_parsyfiles_old.TestDemo.test_old_demo.&lt;locals&gt;.OpConfig&apos;&gt;, &lt;class &apos;int&apos;&gt;}. 
Otherwise, please register a new parser for type HTTPStatus and extension singlefile, .txt
 Reminder: use print_capabilities_by_ext() and print_capabilities_by_type() to diagnose what are the parsers available
NoParserFoundForObjectType - /home/travis/build/smarie/python-parsyfiles/parsyfiles/tests/old/./custom_old_demo_coll/case2/output (singlefile, .txt) cannot be parsed as a _SSLMethod because no parser supporting that type is registered for singlefile, .txt.
 If you wish to parse this object from this extension, you may wish to parse it as one of the following supported types : {&lt;class &apos;test_parsyfiles_old.TestDemo.test_old_demo.&lt;locals&gt;.OpConfig&apos;&gt;, &lt;class &apos;int&apos;&gt;}. 
Otherwise, please register a new parser for type _SSLMethod and extension singlefile, .txt
 Reminder: use print_capabilities_by_ext() and print_capabilities_by_type() to diagnose what are the parsers available
NoParserFoundForObjectType - /home/travis/build/smarie/python-parsyfiles/parsyfiles/tests/old/./custom_old_demo_coll/case2/output (singlefile, .txt) cannot be parsed as a _ParameterKind because no parser supporting that type is registered for singlefile, .txt.
 If you wish to parse this object from this extension, you may wish to parse it as one of the following supported types : {&lt;class &apos;test_parsyfiles_old.TestDemo.test_old_demo.&lt;locals&gt;.OpConfig&apos;&gt;, &lt;class &apos;int&apos;&gt;}. 
Otherwise, please register a new parser for type _ParameterKind and extension singlefile, .txt
 Reminder: use print_capabilities_by_ext() and print_capabilities_by_type() to diagnose what are the parsers available
NoParserFoundForObjectType - /home/travis/build/smarie/python-parsyfiles/parsyfiles/tests/old/./custom_old_demo_coll/case2/output (singlefile, .txt) cannot be parsed as a Sigmasks because no parser supporting that type is registered for singlefile, .txt.
 If you wish to parse this object from this extension, you may wish to parse it as one of the following supported types : {&lt;class &apos;test_parsyfiles_old.TestDemo.test_old_demo.&lt;locals&gt;.OpConfig&apos;&gt;, &lt;class &apos;int&apos;&gt;}. 
Otherwise, please register a new parser for type Sigmasks and extension singlefile, .txt
 Reminder: use print_capabilities_by_ext() and print_capabilities_by_type() to diagnose what are the parsers available
NoParserFoundForObjectType - /home/travis/build/smarie/python-parsyfiles/parsyfiles/tests/old/./custom_old_demo_coll/case2/output (singlefile, .txt) cannot be parsed as a Handlers because no parser supporting that type is registered for singlefile, .txt.
 If you wish to parse this object from this extension, you may wish to parse it as one of the following supported types : {&lt;class &apos;test_parsyfiles_old.TestDemo.test_old_demo.&lt;locals&gt;.OpConfig&apos;&gt;, &lt;class &apos;int&apos;&gt;}. 
Otherwise, please register a new parser for type Handlers and extension singlefile, .txt
 Reminder: use print_capabilities_by_ext() and print_capabilities_by_type() to diagnose what are the parsers available
NoParserFoundForObjectType - /home/travis/build/smarie/python-parsyfiles/parsyfiles/tests/old/./custom_old_demo_coll/case2/output (singlefile, .txt) cannot be parsed as a AddressFamily because no parser supporting that type is registered for singlefile, .txt.
 If you wish to parse this object from this extension, you may wish to parse it as one of the following supported types : {&lt;class &apos;test_parsyfiles_old.TestDemo.test_old_demo.&lt;locals&gt;.OpConfig&apos;&gt;, &lt;class &apos;int&apos;&gt;}. 
Otherwise, please register a new parser for type AddressFamily and extension singlefile, .txt
 Reminder: use print_capabilities_by_ext() and print_capabilities_by_type() to diagnose what are the parsers available
(B)                                                                                            |--output.txt -&gt; int ------- using &lt;test_parse_int_file&gt;
(B)                                                                                      |--case3 -&gt; OpTestCaseColl ------- using Multifile Object parser (parsyfiles defaults+test custom functions)
NoParserFoundForObjectType - /home/travis/build/smarie/python-parsyfiles/parsyfiles/tests/old/./custom_old_demo_coll/case3/input_a (singlefile, .txt) cannot be parsed as a bool because no parser supporting that type is registered for singlefile, .txt.
 If you wish to parse this object from this extension, you may wish to parse it as one of the following supported types : {&lt;class &apos;test_parsyfiles_old.TestDemo.test_old_demo.&lt;locals&gt;.OpConfig&apos;&gt;, &lt;class &apos;int&apos;&gt;}. 
Otherwise, please register a new parser for type bool and extension singlefile, .txt
 Reminder: use print_capabilities_by_ext() and print_capabilities_by_type() to diagnose what are the parsers available
NoParserFoundForObjectType - /home/travis/build/smarie/python-parsyfiles/parsyfiles/tests/old/./custom_old_demo_coll/case3/input_a (singlefile, .txt) cannot be parsed as a _NamedIntConstant because no parser supporting that type is registered for singlefile, .txt.
 If you wish to parse this object from this extension, you may wish to parse it as one of the following supported types : {&lt;class &apos;test_parsyfiles_old.TestDemo.test_old_demo.&lt;locals&gt;.OpConfig&apos;&gt;, &lt;class &apos;int&apos;&gt;}. 
Otherwise, please register a new parser for type _NamedIntConstant and extension singlefile, .txt
 Reminder: use print_capabilities_by_ext() and print_capabilities_by_type() to diagnose what are the parsers available
NoParserFoundForObjectType - /home/travis/build/smarie/python-parsyfiles/parsyfiles/tests/old/./custom_old_demo_coll/case3/input_a (singlefile, .txt) cannot be parsed as a IntEnum because no parser supporting that type is registered for singlefile, .txt.
 If you wish to parse this object from this extension, you may wish to parse it as one of the following supported types : {&lt;class &apos;test_parsyfiles_old.TestDemo.test_old_demo.&lt;locals&gt;.OpConfig&apos;&gt;, &lt;class &apos;int&apos;&gt;}. 
Otherwise, please register a new parser for type IntEnum and extension singlefile, .txt
 Reminder: use print_capabilities_by_ext() and print_capabilities_by_type() to diagnose what are the parsers available
NoParserFoundForObjectType - /home/travis/build/smarie/python-parsyfiles/parsyfiles/tests/old/./custom_old_demo_coll/case3/input_a (singlefile, .txt) cannot be parsed as a Signals because no parser supporting that type is registered for singlefile, .txt.
 If you wish to parse this object from this extension, you may wish to parse it as one of the following supported types : {&lt;class &apos;test_parsyfiles_old.TestDemo.test_old_demo.&lt;locals&gt;.OpConfig&apos;&gt;, &lt;class &apos;int&apos;&gt;}. 
Otherwise, please register a new parser for type Signals and extension singlefile, .txt
 Reminder: use print_capabilities_by_ext() and print_capabilities_by_type() to diagnose what are the parsers available
NoParserFoundForObjectType - /home/travis/build/smarie/python-parsyfiles/parsyfiles/tests/old/./custom_old_demo_coll/case3/input_a (singlefile, .txt) cannot be parsed as a SocketKind because no parser supporting that type is registered for singlefile, .txt.
 If you wish to parse this object from this extension, you may wish to parse it as one of the following supported types : {&lt;class &apos;test_parsyfiles_old.TestDemo.test_old_demo.&lt;locals&gt;.OpConfig&apos;&gt;, &lt;class &apos;int&apos;&gt;}. 
Otherwise, please register a new parser for type SocketKind and extension singlefile, .txt
 Reminder: use print_capabilities_by_ext() and print_capabilities_by_type() to diagnose what are the parsers available
NoParserFoundForObjectType - /home/travis/build/smarie/python-parsyfiles/parsyfiles/tests/old/./custom_old_demo_coll/case3/input_a (singlefile, .txt) cannot be parsed as a HTTPStatus because no parser supporting that type is registered for singlefile, .txt.
 If you wish to parse this object from this extension, you may wish to parse it as one of the following supported types : {&lt;class &apos;test_parsyfiles_old.TestDemo.test_old_demo.&lt;locals&gt;.OpConfig&apos;&gt;, &lt;class &apos;int&apos;&gt;}. 
Otherwise, please register a new parser for type HTTPStatus and extension singlefile, .txt
 Reminder: use print_capabilities_by_ext() and print_capabilities_by_type() to diagnose what are the parsers available
NoParserFoundForObjectType - /home/travis/build/smarie/python-parsyfiles/parsyfiles/tests/old/./custom_old_demo_coll/case3/input_a (singlefile, .txt) cannot be parsed as a _SSLMethod because no parser supporting that type is registered for singlefile, .txt.
 If you wish to parse this object from this extension, you may wish to parse it as one of the following supported types : {&lt;class &apos;test_parsyfiles_old.TestDemo.test_old_demo.&lt;locals&gt;.OpConfig&apos;&gt;, &lt;class &apos;int&apos;&gt;}. 
Otherwise, please register a new parser for type _SSLMethod and extension singlefile, .txt
 Reminder: use print_capabilities_by_ext() and print_capabilities_by_type() to diagnose what are the parsers available
NoParserFoundForObjectType - /home/travis/build/smarie/python-parsyfiles/parsyfiles/tests/old/./custom_old_demo_coll/case3/input_a (singlefile, .txt) cannot be parsed as a _ParameterKind because no parser supporting that type is registered for singlefile, .txt.
 If you wish to parse this object from this extension, you may wish to parse it as one of the following supported types : {&lt;class &apos;test_parsyfiles_old.TestDemo.test_old_demo.&lt;locals&gt;.OpConfig&apos;&gt;, &lt;class &apos;int&apos;&gt;}. 
Otherwise, please register a new parser for type _ParameterKind and extension singlefile, .txt
 Reminder: use print_capabilities_by_ext() and print_capabilities_by_type() to diagnose what are the parsers available
NoParserFoundForObjectType - /home/travis/build/smarie/python-parsyfiles/parsyfiles/tests/old/./custom_old_demo_coll/case3/input_a (singlefile, .txt) cannot be parsed as a Sigmasks because no parser supporting that type is registered for singlefile, .txt.
 If you wish to parse this object from this extension, you may wish to parse it as one of the following supported types : {&lt;class &apos;test_parsyfiles_old.TestDemo.test_old_demo.&lt;locals&gt;.OpConfig&apos;&gt;, &lt;class &apos;int&apos;&gt;}. 
Otherwise, please register a new parser for type Sigmasks and extension singlefile, .txt
 Reminder: use print_capabilities_by_ext() and print_capabilities_by_type() to diagnose what are the parsers available
NoParserFoundForObjectType - /home/travis/build/smarie/python-parsyfiles/parsyfiles/tests/old/./custom_old_demo_coll/case3/input_a (singlefile, .txt) cannot be parsed as a Handlers because no parser supporting that type is registered for singlefile, .txt.
 If you wish to parse this object from this extension, you may wish to parse it as one of the following supported types : {&lt;class &apos;test_parsyfiles_old.TestDemo.test_old_demo.&lt;locals&gt;.OpConfig&apos;&gt;, &lt;class &apos;int&apos;&gt;}. 
Otherwise, please register a new parser for type Handlers and extension singlefile, .txt
 Reminder: use print_capabilities_by_ext() and print_capabilities_by_type() to diagnose what are the parsers available
NoParserFoundForObjectType - /home/travis/build/smarie/python-parsyfiles/parsyfiles/tests/old/./custom_old_demo_coll/case3/input_a (singlefile, .txt) cannot be parsed as a AddressFamily because no parser supporting that type is registered for singlefile, .txt.
 If you wish to parse this object from this extension, you may wish to parse it as one of the following supported types : {&lt;class &apos;test_parsyfiles_old.TestDemo.test_old_demo.&lt;locals&gt;.OpConfig&apos;&gt;, &lt;class &apos;int&apos;&gt;}. 
Otherwise, please register a new parser for type AddressFamily and extension singlefile, .txt
 Reminder: use print_capabilities_by_ext() and print_capabilities_by_type() to diagnose what are the parsers available
(B)                                                                                            |--input_a.txt -&gt; int ------- using &lt;test_parse_int_file&gt;
NoParserFoundForObjectType - /home/travis/build/smarie/python-parsyfiles/parsyfiles/tests/old/./custom_old_demo_coll/case3/input_b (singlefile, .txt) cannot be parsed as a bool because no parser supporting that type is registered for singlefile, .txt.
 If you wish to parse this object from this extension, you may wish to parse it as one of the following supported types : {&lt;class &apos;test_parsyfiles_old.TestDemo.test_old_demo.&lt;locals&gt;.OpConfig&apos;&gt;, &lt;class &apos;int&apos;&gt;}. 
Otherwise, please register a new parser for type bool and extension singlefile, .txt
 Reminder: use print_capabilities_by_ext() and print_capabilities_by_type() to diagnose what are the parsers available
NoParserFoundForObjectType - /home/travis/build/smarie/python-parsyfiles/parsyfiles/tests/old/./custom_old_demo_coll/case3/input_b (singlefile, .txt) cannot be parsed as a _NamedIntConstant because no parser supporting that type is registered for singlefile, .txt.
 If you wish to parse this object from this extension, you may wish to parse it as one of the following supported types : {&lt;class &apos;test_parsyfiles_old.TestDemo.test_old_demo.&lt;locals&gt;.OpConfig&apos;&gt;, &lt;class &apos;int&apos;&gt;}. 
Otherwise, please register a new parser for type _NamedIntConstant and extension singlefile, .txt
 Reminder: use print_capabilities_by_ext() and print_capabilities_by_type() to diagnose what are the parsers available
NoParserFoundForObjectType - /home/travis/build/smarie/python-parsyfiles/parsyfiles/tests/old/./custom_old_demo_coll/case3/input_b (singlefile, .txt) cannot be parsed as a IntEnum because no parser supporting that type is registered for singlefile, .txt.
 If you wish to parse this object from this extension, you may wish to parse it as one of the following supported types : {&lt;class &apos;test_parsyfiles_old.TestDemo.test_old_demo.&lt;locals&gt;.OpConfig&apos;&gt;, &lt;class &apos;int&apos;&gt;}. 
Otherwise, please register a new parser for type IntEnum and extension singlefile, .txt
 Reminder: use print_capabilities_by_ext() and print_capabilities_by_type() to diagnose what are the parsers available
NoParserFoundForObjectType - /home/travis/build/smarie/python-parsyfiles/parsyfiles/tests/old/./custom_old_demo_coll/case3/input_b (singlefile, .txt) cannot be parsed as a Signals because no parser supporting that type is registered for singlefile, .txt.
 If you wish to parse this object from this extension, you may wish to parse it as one of the following supported types : {&lt;class &apos;test_parsyfiles_old.TestDemo.test_old_demo.&lt;locals&gt;.OpConfig&apos;&gt;, &lt;class &apos;int&apos;&gt;}. 
Otherwise, please register a new parser for type Signals and extension singlefile, .txt
 Reminder: use print_capabilities_by_ext() and print_capabilities_by_type() to diagnose what are the parsers available
NoParserFoundForObjectType - /home/travis/build/smarie/python-parsyfiles/parsyfiles/tests/old/./custom_old_demo_coll/case3/input_b (singlefile, .txt) cannot be parsed as a SocketKind because no parser supporting that type is registered for singlefile, .txt.
 If you wish to parse this object from this extension, you may wish to parse it as one of the following supported types : {&lt;class &apos;test_parsyfiles_old.TestDemo.test_old_demo.&lt;locals&gt;.OpConfig&apos;&gt;, &lt;class &apos;int&apos;&gt;}. 
Otherwise, please register a new parser for type SocketKind and extension singlefile, .txt
 Reminder: use print_capabilities_by_ext() and print_capabilities_by_type() to diagnose what are the parsers available
NoParserFoundForObjectType - /home/travis/build/smarie/python-parsyfiles/parsyfiles/tests/old/./custom_old_demo_coll/case3/input_b (singlefile, .txt) cannot be parsed as a HTTPStatus because no parser supporting that type is registered for singlefile, .txt.
 If you wish to parse this object from this extension, you may wish to parse it as one of the following supported types : {&lt;class &apos;test_parsyfiles_old.TestDemo.test_old_demo.&lt;locals&gt;.OpConfig&apos;&gt;, &lt;class &apos;int&apos;&gt;}. 
Otherwise, please register a new parser for type HTTPStatus and extension singlefile, .txt
 Reminder: use print_capabilities_by_ext() and print_capabilities_by_type() to diagnose what are the parsers available
NoParserFoundForObjectType - /home/travis/build/smarie/python-parsyfiles/parsyfiles/tests/old/./custom_old_demo_coll/case3/input_b (singlefile, .txt) cannot be parsed as a _SSLMethod because no parser supporting that type is registered for singlefile, .txt.
 If you wish to parse this object from this extension, you may wish to parse it as one of the following supported types : {&lt;class &apos;test_parsyfiles_old.TestDemo.test_old_demo.&lt;locals&gt;.OpConfig&apos;&gt;, &lt;class &apos;int&apos;&gt;}. 
Otherwise, please register a new parser for type _SSLMethod and extension singlefile, .txt
 Reminder: use print_capabilities_by_ext() and print_capabilities_by_type() to diagnose what are the parsers available
NoParserFoundForObjectType - /home/travis/build/smarie/python-parsyfiles/parsyfiles/tests/old/./custom_old_demo_coll/case3/input_b (singlefile, .txt) cannot be parsed as a _ParameterKind because no parser supporting that type is registered for singlefile, .txt.
 If you wish to parse this object from this extension, you may wish to parse it as one of the following supported types : {&lt;class &apos;test_parsyfiles_old.TestDemo.test_old_demo.&lt;locals&gt;.OpConfig&apos;&gt;, &lt;class &apos;int&apos;&gt;}. 
Otherwise, please register a new parser for type _ParameterKind and extension singlefile, .txt
 Reminder: use print_capabilities_by_ext() and print_capabilities_by_type() to diagnose what are the parsers available
NoParserFoundForObjectType - /home/travis/build/smarie/python-parsyfiles/parsyfiles/tests/old/./custom_old_demo_coll/case3/input_b (singlefile, .txt) cannot be parsed as a Sigmasks because no parser supporting that type is registered for singlefile, .txt.
 If you wish to parse this object from this extension, you may wish to parse it as one of the following supported types : {&lt;class &apos;test_parsyfiles_old.TestDemo.test_old_demo.&lt;locals&gt;.OpConfig&apos;&gt;, &lt;class &apos;int&apos;&gt;}. 
Otherwise, please register a new parser for type Sigmasks and extension singlefile, .txt
 Reminder: use print_capabilities_by_ext() and print_capabilities_by_type() to diagnose what are the parsers available
NoParserFoundForObjectType - /home/travis/build/smarie/python-parsyfiles/parsyfiles/tests/old/./custom_old_demo_coll/case3/input_b (singlefile, .txt) cannot be parsed as a Handlers because no parser supporting that type is registered for singlefile, .txt.
 If you wish to parse this object from this extension, you may wish to parse it as one of the following supported types : {&lt;class &apos;test_parsyfiles_old.TestDemo.test_old_demo.&lt;locals&gt;.OpConfig&apos;&gt;, &lt;class &apos;int&apos;&gt;}. 
Otherwise, please register a new parser for type Handlers and extension singlefile, .txt
 Reminder: use print_capabilities_by_ext() and print_capabilities_by_type() to diagnose what are the parsers available
NoParserFoundForObjectType - /home/travis/build/smarie/python-parsyfiles/parsyfiles/tests/old/./custom_old_demo_coll/case3/input_b (singlefile, .txt) cannot be parsed as a AddressFamily because no parser supporting that type is registered for singlefile, .txt.
 If you wish to parse this object from this extension, you may wish to parse it as one of the following supported types : {&lt;class &apos;test_parsyfiles_old.TestDemo.test_old_demo.&lt;locals&gt;.OpConfig&apos;&gt;, &lt;class &apos;int&apos;&gt;}. 
Otherwise, please register a new parser for type AddressFamily and extension singlefile, .txt
 Reminder: use print_capabilities_by_ext() and print_capabilities_by_type() to diagnose what are the parsers available
(B)                                                                                            |--input_b.txt -&gt; int ------- using &lt;test_parse_int_file&gt;
(B)                                                                                            |--input_c -&gt; Dict[str, List[int]] ------- using Multifile Collection parser (parsyfiles defaults+test custom functions)
(B)                                                                                                    |--keyA -&gt; List[int] ------- using Multifile Collection parser (parsyfiles defaults+test custom functions)
NoParserFoundForObjectType - /home/travis/build/smarie/python-parsyfiles/parsyfiles/tests/old/./custom_old_demo_coll/case3/input_c/keyA/item1 (singlefile, .txt) cannot be parsed as a bool because no parser supporting that type is registered for singlefile, .txt.
 If you wish to parse this object from this extension, you may wish to parse it as one of the following supported types : {&lt;class &apos;test_parsyfiles_old.TestDemo.test_old_demo.&lt;locals&gt;.OpConfig&apos;&gt;, &lt;class &apos;int&apos;&gt;}. 
Otherwise, please register a new parser for type bool and extension singlefile, .txt
 Reminder: use print_capabilities_by_ext() and print_capabilities_by_type() to diagnose what are the parsers available
NoParserFoundForObjectType - /home/travis/build/smarie/python-parsyfiles/parsyfiles/tests/old/./custom_old_demo_coll/case3/input_c/keyA/item1 (singlefile, .txt) cannot be parsed as a _NamedIntConstant because no parser supporting that type is registered for singlefile, .txt.
 If you wish to parse this object from this extension, you may wish to parse it as one of the following supported types : {&lt;class &apos;test_parsyfiles_old.TestDemo.test_old_demo.&lt;locals&gt;.OpConfig&apos;&gt;, &lt;class &apos;int&apos;&gt;}. 
Otherwise, please register a new parser for type _NamedIntConstant and extension singlefile, .txt
 Reminder: use print_capabilities_by_ext() and print_capabilities_by_type() to diagnose what are the parsers available
NoParserFoundForObjectType - /home/travis/build/smarie/python-parsyfiles/parsyfiles/tests/old/./custom_old_demo_coll/case3/input_c/keyA/item1 (singlefile, .txt) cannot be parsed as a IntEnum because no parser supporting that type is registered for singlefile, .txt.
 If you wish to parse this object from this extension, you may wish to parse it as one of the following supported types : {&lt;class &apos;test_parsyfiles_old.TestDemo.test_old_demo.&lt;locals&gt;.OpConfig&apos;&gt;, &lt;class &apos;int&apos;&gt;}. 
Otherwise, please register a new parser for type IntEnum and extension singlefile, .txt
 Reminder: use print_capabilities_by_ext() and print_capabilities_by_type() to diagnose what are the parsers available
NoParserFoundForObjectType - /home/travis/build/smarie/python-parsyfiles/parsyfiles/tests/old/./custom_old_demo_coll/case3/input_c/keyA/item1 (singlefile, .txt) cannot be parsed as a Signals because no parser supporting that type is registered for singlefile, .txt.
 If you wish to parse this object from this extension, you may wish to parse it as one of the following supported types : {&lt;class &apos;test_parsyfiles_old.TestDemo.test_old_demo.&lt;locals&gt;.OpConfig&apos;&gt;, &lt;class &apos;int&apos;&gt;}. 
Otherwise, please register a new parser for type Signals and extension singlefile, .txt
 Reminder: use print_capabilities_by_ext() and print_capabilities_by_type() to diagnose what are the parsers available
NoParserFoundForObjectType - /home/travis/build/smarie/python-parsyfiles/parsyfiles/tests/old/./custom_old_demo_coll/case3/input_c/keyA/item1 (singlefile, .txt) cannot be parsed as a SocketKind because no parser supporting that type is registered for singlefile, .txt.
 If you wish to parse this object from this extension, you may wish to parse it as one of the following supported types : {&lt;class &apos;test_parsyfiles_old.TestDemo.test_old_demo.&lt;locals&gt;.OpConfig&apos;&gt;, &lt;class &apos;int&apos;&gt;}. 
Otherwise, please register a new parser for type SocketKind and extension singlefile, .txt
 Reminder: use print_capabilities_by_ext() and print_capabilities_by_type() to diagnose what are the parsers available
NoParserFoundForObjectType - /home/travis/build/smarie/python-parsyfiles/parsyfiles/tests/old/./custom_old_demo_coll/case3/input_c/keyA/item1 (singlefile, .txt) cannot be parsed as a HTTPStatus because no parser supporting that type is registered for singlefile, .txt.
 If you wish to parse this object from this extension, you may wish to parse it as one of the following supported types : {&lt;class &apos;test_parsyfiles_old.TestDemo.test_old_demo.&lt;locals&gt;.OpConfig&apos;&gt;, &lt;class &apos;int&apos;&gt;}. 
Otherwise, please register a new parser for type HTTPStatus and extension singlefile, .txt
 Reminder: use print_capabilities_by_ext() and print_capabilities_by_type() to diagnose what are the parsers available
NoParserFoundForObjectType - /home/travis/build/smarie/python-parsyfiles/parsyfiles/tests/old/./custom_old_demo_coll/case3/input_c/keyA/item1 (singlefile, .txt) cannot be parsed as a _SSLMethod because no parser supporting that type is registered for singlefile, .txt.
 If you wish to parse this object from this extension, you may wish to parse it as one of the following supported types : {&lt;class &apos;test_parsyfiles_old.TestDemo.test_old_demo.&lt;locals&gt;.OpConfig&apos;&gt;, &lt;class &apos;int&apos;&gt;}. 
Otherwise, please register a new parser for type _SSLMethod and extension singlefile, .txt
 Reminder: use print_capabilities_by_ext() and print_capabilities_by_type() to diagnose what are the parsers available
NoParserFoundForObjectType - /home/travis/build/smarie/python-parsyfiles/parsyfiles/tests/old/./custom_old_demo_coll/case3/input_c/keyA/item1 (singlefile, .txt) cannot be parsed as a _ParameterKind because no parser supporting that type is registered for singlefile, .txt.
 If you wish to parse this object from this extension, you may wish to parse it as one of the following supported types : {&lt;class &apos;test_parsyfiles_old.TestDemo.test_old_demo.&lt;locals&gt;.OpConfig&apos;&gt;, &lt;class &apos;int&apos;&gt;}. 
Otherwise, please register a new parser for type _ParameterKind and extension singlefile, .txt
 Reminder: use print_capabilities_by_ext() and print_capabilities_by_type() to diagnose what are the parsers available
NoParserFoundForObjectType - /home/travis/build/smarie/python-parsyfiles/parsyfiles/tests/old/./custom_old_demo_coll/case3/input_c/keyA/item1 (singlefile, .txt) cannot be parsed as a Sigmasks because no parser supporting that type is registered for singlefile, .txt.
 If you wish to parse this object from this extension, you may wish to parse it as one of the following supported types : {&lt;class &apos;test_parsyfiles_old.TestDemo.test_old_demo.&lt;locals&gt;.OpConfig&apos;&gt;, &lt;class &apos;int&apos;&gt;}. 
Otherwise, please register a new parser for type Sigmasks and extension singlefile, .txt
 Reminder: use print_capabilities_by_ext() and print_capabilities_by_type() to diagnose what are the parsers available
NoParserFoundForObjectType - /home/travis/build/smarie/python-parsyfiles/parsyfiles/tests/old/./custom_old_demo_coll/case3/input_c/keyA/item1 (singlefile, .txt) cannot be parsed as a Handlers because no parser supporting that type is registered for singlefile, .txt.
 If you wish to parse this object from this extension, you may wish to parse it as one of the following supported types : {&lt;class &apos;test_parsyfiles_old.TestDemo.test_old_demo.&lt;locals&gt;.OpConfig&apos;&gt;, &lt;class &apos;int&apos;&gt;}. 
Otherwise, please register a new parser for type Handlers and extension singlefile, .txt
 Reminder: use print_capabilities_by_ext() and print_capabilities_by_type() to diagnose what are the parsers available
NoParserFoundForObjectType - /home/travis/build/smarie/python-parsyfiles/parsyfiles/tests/old/./custom_old_demo_coll/case3/input_c/keyA/item1 (singlefile, .txt) cannot be parsed as a AddressFamily because no parser supporting that type is registered for singlefile, .txt.
 If you wish to parse this object from this extension, you may wish to parse it as one of the following supported types : {&lt;class &apos;test_parsyfiles_old.TestDemo.test_old_demo.&lt;locals&gt;.OpConfig&apos;&gt;, &lt;class &apos;int&apos;&gt;}. 
Otherwise, please register a new parser for type AddressFamily and extension singlefile, .txt
 Reminder: use print_capabilities_by_ext() and print_capabilities_by_type() to diagnose what are the parsers available
(B)                                                                                                         |--item1.txt -&gt; int ------- using &lt;test_parse_int_file&gt;
NoParserFoundForObjectType - /home/travis/build/smarie/python-parsyfiles/parsyfiles/tests/old/./custom_old_demo_coll/case3/input_c/keyA/item2 (singlefile, .txt) cannot be parsed as a bool because no parser supporting that type is registered for singlefile, .txt.
 If you wish to parse this object from this extension, you may wish to parse it as one of the following supported types : {&lt;class &apos;test_parsyfiles_old.TestDemo.test_old_demo.&lt;locals&gt;.OpConfig&apos;&gt;, &lt;class &apos;int&apos;&gt;}. 
Otherwise, please register a new parser for type bool and extension singlefile, .txt
 Reminder: use print_capabilities_by_ext() and print_capabilities_by_type() to diagnose what are the parsers available
NoParserFoundForObjectType - /home/travis/build/smarie/python-parsyfiles/parsyfiles/tests/old/./custom_old_demo_coll/case3/input_c/keyA/item2 (singlefile, .txt) cannot be parsed as a _NamedIntConstant because no parser supporting that type is registered for singlefile, .txt.
 If you wish to parse this object from this extension, you may wish to parse it as one of the following supported types : {&lt;class &apos;test_parsyfiles_old.TestDemo.test_old_demo.&lt;locals&gt;.OpConfig&apos;&gt;, &lt;class &apos;int&apos;&gt;}. 
Otherwise, please register a new parser for type _NamedIntConstant and extension singlefile, .txt
 Reminder: use print_capabilities_by_ext() and print_capabilities_by_type() to diagnose what are the parsers available
NoParserFoundForObjectType - /home/travis/build/smarie/python-parsyfiles/parsyfiles/tests/old/./custom_old_demo_coll/case3/input_c/keyA/item2 (singlefile, .txt) cannot be parsed as a IntEnum because no parser supporting that type is registered for singlefile, .txt.
 If you wish to parse this object from this extension, you may wish to parse it as one of the following supported types : {&lt;class &apos;test_parsyfiles_old.TestDemo.test_old_demo.&lt;locals&gt;.OpConfig&apos;&gt;, &lt;class &apos;int&apos;&gt;}. 
Otherwise, please register a new parser for type IntEnum and extension singlefile, .txt
 Reminder: use print_capabilities_by_ext() and print_capabilities_by_type() to diagnose what are the parsers available
NoParserFoundForObjectType - /home/travis/build/smarie/python-parsyfiles/parsyfiles/tests/old/./custom_old_demo_coll/case3/input_c/keyA/item2 (singlefile, .txt) cannot be parsed as a Signals because no parser supporting that type is registered for singlefile, .txt.
 If you wish to parse this object from this extension, you may wish to parse it as one of the following supported types : {&lt;class &apos;test_parsyfiles_old.TestDemo.test_old_demo.&lt;locals&gt;.OpConfig&apos;&gt;, &lt;class &apos;int&apos;&gt;}. 
Otherwise, please register a new parser for type Signals and extension singlefile, .txt
 Reminder: use print_capabilities_by_ext() and print_capabilities_by_type() to diagnose what are the parsers available
NoParserFoundForObjectType - /home/travis/build/smarie/python-parsyfiles/parsyfiles/tests/old/./custom_old_demo_coll/case3/input_c/keyA/item2 (singlefile, .txt) cannot be parsed as a SocketKind because no parser supporting that type is registered for singlefile, .txt.
 If you wish to parse this object from this extension, you may wish to parse it as one of the following supported types : {&lt;class &apos;test_parsyfiles_old.TestDemo.test_old_demo.&lt;locals&gt;.OpConfig&apos;&gt;, &lt;class &apos;int&apos;&gt;}. 
Otherwise, please register a new parser for type SocketKind and extension singlefile, .txt
 Reminder: use print_capabilities_by_ext() and print_capabilities_by_type() to diagnose what are the parsers available
NoParserFoundForObjectType - /home/travis/build/smarie/python-parsyfiles/parsyfiles/tests/old/./custom_old_demo_coll/case3/input_c/keyA/item2 (singlefile, .txt) cannot be parsed as a HTTPStatus because no parser supporting that type is registered for singlefile, .txt.
 If you wish to parse this object from this extension, you may wish to parse it as one of the following supported types : {&lt;class &apos;test_parsyfiles_old.TestDemo.test_old_demo.&lt;locals&gt;.OpConfig&apos;&gt;, &lt;class &apos;int&apos;&gt;}. 
Otherwise, please register a new parser for type HTTPStatus and extension singlefile, .txt
 Reminder: use print_capabilities_by_ext() and print_capabilities_by_type() to diagnose what are the parsers available
NoParserFoundForObjectType - /home/travis/build/smarie/python-parsyfiles/parsyfiles/tests/old/./custom_old_demo_coll/case3/input_c/keyA/item2 (singlefile, .txt) cannot be parsed as a _SSLMethod because no parser supporting that type is registered for singlefile, .txt.
 If you wish to parse this object from this extension, you may wish to parse it as one of the following supported types : {&lt;class &apos;test_parsyfiles_old.TestDemo.test_old_demo.&lt;locals&gt;.OpConfig&apos;&gt;, &lt;class &apos;int&apos;&gt;}. 
Otherwise, please register a new parser for type _SSLMethod and extension singlefile, .txt
 Reminder: use print_capabilities_by_ext() and print_capabilities_by_type() to diagnose what are the parsers available
NoParserFoundForObjectType - /home/travis/build/smarie/python-parsyfiles/parsyfiles/tests/old/./custom_old_demo_coll/case3/input_c/keyA/item2 (singlefile, .txt) cannot be parsed as a _ParameterKind because no parser supporting that type is registered for singlefile, .txt.
 If you wish to parse this object from this extension, you may wish to parse it as one of the following supported types : {&lt;class &apos;test_parsyfiles_old.TestDemo.test_old_demo.&lt;locals&gt;.OpConfig&apos;&gt;, &lt;class &apos;int&apos;&gt;}. 
Otherwise, please register a new parser for type _ParameterKind and extension singlefile, .txt
 Reminder: use print_capabilities_by_ext() and print_capabilities_by_type() to diagnose what are the parsers available
NoParserFoundForObjectType - /home/travis/build/smarie/python-parsyfiles/parsyfiles/tests/old/./custom_old_demo_coll/case3/input_c/keyA/item2 (singlefile, .txt) cannot be parsed as a Sigmasks because no parser supporting that type is registered for singlefile, .txt.
 If you wish to parse this object from this extension, you may wish to parse it as one of the following supported types : {&lt;class &apos;test_parsyfiles_old.TestDemo.test_old_demo.&lt;locals&gt;.OpConfig&apos;&gt;, &lt;class &apos;int&apos;&gt;}. 
Otherwise, please register a new parser for type Sigmasks and extension singlefile, .txt
 Reminder: use print_capabilities_by_ext() and print_capabilities_by_type() to diagnose what are the parsers available
NoParserFoundForObjectType - /home/travis/build/smarie/python-parsyfiles/parsyfiles/tests/old/./custom_old_demo_coll/case3/input_c/keyA/item2 (singlefile, .txt) cannot be parsed as a Handlers because no parser supporting that type is registered for singlefile, .txt.
 If you wish to parse this object from this extension, you may wish to parse it as one of the following supported types : {&lt;class &apos;test_parsyfiles_old.TestDemo.test_old_demo.&lt;locals&gt;.OpConfig&apos;&gt;, &lt;class &apos;int&apos;&gt;}. 
Otherwise, please register a new parser for type Handlers and extension singlefile, .txt
 Reminder: use print_capabilities_by_ext() and print_capabilities_by_type() to diagnose what are the parsers available
NoParserFoundForObjectType - /home/travis/build/smarie/python-parsyfiles/parsyfiles/tests/old/./custom_old_demo_coll/case3/input_c/keyA/item2 (singlefile, .txt) cannot be parsed as a AddressFamily because no parser supporting that type is registered for singlefile, .txt.
 If you wish to parse this object from this extension, you may wish to parse it as one of the following supported types : {&lt;class &apos;test_parsyfiles_old.TestDemo.test_old_demo.&lt;locals&gt;.OpConfig&apos;&gt;, &lt;class &apos;int&apos;&gt;}. 
Otherwise, please register a new parser for type AddressFamily and extension singlefile, .txt
 Reminder: use print_capabilities_by_ext() and print_capabilities_by_type() to diagnose what are the parsers available
(B)                                                                                                         |--item2.txt -&gt; int ------- using &lt;test_parse_int_file&gt;
(B)                                                                                                    |--keyB -&gt; List[int] ------- using Multifile Collection parser (parsyfiles defaults+test custom functions)
NoParserFoundForObjectType - /home/travis/build/smarie/python-parsyfiles/parsyfiles/tests/old/./custom_old_demo_coll/case3/input_c/keyB/item1 (singlefile, .txt) cannot be parsed as a bool because no parser supporting that type is registered for singlefile, .txt.
 If you wish to parse this object from this extension, you may wish to parse it as one of the following supported types : {&lt;class &apos;test_parsyfiles_old.TestDemo.test_old_demo.&lt;locals&gt;.OpConfig&apos;&gt;, &lt;class &apos;int&apos;&gt;}. 
Otherwise, please register a new parser for type bool and extension singlefile, .txt
 Reminder: use print_capabilities_by_ext() and print_capabilities_by_type() to diagnose what are the parsers available
NoParserFoundForObjectType - /home/travis/build/smarie/python-parsyfiles/parsyfiles/tests/old/./custom_old_demo_coll/case3/input_c/keyB/item1 (singlefile, .txt) cannot be parsed as a _NamedIntConstant because no parser supporting that type is registered for singlefile, .txt.
 If you wish to parse this object from this extension, you may wish to parse it as one of the following supported types : {&lt;class &apos;test_parsyfiles_old.TestDemo.test_old_demo.&lt;locals&gt;.OpConfig&apos;&gt;, &lt;class &apos;int&apos;&gt;}. 
Otherwise, please register a new parser for type _NamedIntConstant and extension singlefile, .txt
 Reminder: use print_capabilities_by_ext() and print_capabilities_by_type() to diagnose what are the parsers available
NoParserFoundForObjectType - /home/travis/build/smarie/python-parsyfiles/parsyfiles/tests/old/./custom_old_demo_coll/case3/input_c/keyB/item1 (singlefile, .txt) cannot be parsed as a IntEnum because no parser supporting that type is registered for singlefile, .txt.
 If you wish to parse this object from this extension, you may wish to parse it as one of the following supported types : {&lt;class &apos;test_parsyfiles_old.TestDemo.test_old_demo.&lt;locals&gt;.OpConfig&apos;&gt;, &lt;class &apos;int&apos;&gt;}. 
Otherwise, please register a new parser for type IntEnum and extension singlefile, .txt
 Reminder: use print_capabilities_by_ext() and print_capabilities_by_type() to diagnose what are the parsers available
NoParserFoundForObjectType - /home/travis/build/smarie/python-parsyfiles/parsyfiles/tests/old/./custom_old_demo_coll/case3/input_c/keyB/item1 (singlefile, .txt) cannot be parsed as a Signals because no parser supporting that type is registered for singlefile, .txt.
 If you wish to parse this object from this extension, you may wish to parse it as one of the following supported types : {&lt;class &apos;test_parsyfiles_old.TestDemo.test_old_demo.&lt;locals&gt;.OpConfig&apos;&gt;, &lt;class &apos;int&apos;&gt;}. 
Otherwise, please register a new parser for type Signals and extension singlefile, .txt
 Reminder: use print_capabilities_by_ext() and print_capabilities_by_type() to diagnose what are the parsers available
NoParserFoundForObjectType - /home/travis/build/smarie/python-parsyfiles/parsyfiles/tests/old/./custom_old_demo_coll/case3/input_c/keyB/item1 (singlefile, .txt) cannot be parsed as a SocketKind because no parser supporting that type is registered for singlefile, .txt.
 If you wish to parse this object from this extension, you may wish to parse it as one of the following supported types : {&lt;class &apos;test_parsyfiles_old.TestDemo.test_old_demo.&lt;locals&gt;.OpConfig&apos;&gt;, &lt;class &apos;int&apos;&gt;}. 
Otherwise, please register a new parser for type SocketKind and extension singlefile, .txt
 Reminder: use print_capabilities_by_ext() and print_capabilities_by_type() to diagnose what are the parsers available
NoParserFoundForObjectType - /home/travis/build/smarie/python-parsyfiles/parsyfiles/tests/old/./custom_old_demo_coll/case3/input_c/keyB/item1 (singlefile, .txt) cannot be parsed as a HTTPStatus because no parser supporting that type is registered for singlefile, .txt.
 If you wish to parse this object from this extension, you may wish to parse it as one of the following supported types : {&lt;class &apos;test_parsyfiles_old.TestDemo.test_old_demo.&lt;locals&gt;.OpConfig&apos;&gt;, &lt;class &apos;int&apos;&gt;}. 
Otherwise, please register a new parser for type HTTPStatus and extension singlefile, .txt
 Reminder: use print_capabilities_by_ext() and print_capabilities_by_type() to diagnose what are the parsers available
NoParserFoundForObjectType - /home/travis/build/smarie/python-parsyfiles/parsyfiles/tests/old/./custom_old_demo_coll/case3/input_c/keyB/item1 (singlefile, .txt) cannot be parsed as a _SSLMethod because no parser supporting that type is registered for singlefile, .txt.
 If you wish to parse this object from this extension, you may wish to parse it as one of the following supported types : {&lt;class &apos;test_parsyfiles_old.TestDemo.test_old_demo.&lt;locals&gt;.OpConfig&apos;&gt;, &lt;class &apos;int&apos;&gt;}. 
Otherwise, please register a new parser for type _SSLMethod and extension singlefile, .txt
 Reminder: use print_capabilities_by_ext() and print_capabilities_by_type() to diagnose what are the parsers available
NoParserFoundForObjectType - /home/travis/build/smarie/python-parsyfiles/parsyfiles/tests/old/./custom_old_demo_coll/case3/input_c/keyB/item1 (singlefile, .txt) cannot be parsed as a _ParameterKind because no parser supporting that type is registered for singlefile, .txt.
 If you wish to parse this object from this extension, you may wish to parse it as one of the following supported types : {&lt;class &apos;test_parsyfiles_old.TestDemo.test_old_demo.&lt;locals&gt;.OpConfig&apos;&gt;, &lt;class &apos;int&apos;&gt;}. 
Otherwise, please register a new parser for type _ParameterKind and extension singlefile, .txt
 Reminder: use print_capabilities_by_ext() and print_capabilities_by_type() to diagnose what are the parsers available
NoParserFoundForObjectType - /home/travis/build/smarie/python-parsyfiles/parsyfiles/tests/old/./custom_old_demo_coll/case3/input_c/keyB/item1 (singlefile, .txt) cannot be parsed as a Sigmasks because no parser supporting that type is registered for singlefile, .txt.
 If you wish to parse this object from this extension, you may wish to parse it as one of the following supported types : {&lt;class &apos;test_parsyfiles_old.TestDemo.test_old_demo.&lt;locals&gt;.OpConfig&apos;&gt;, &lt;class &apos;int&apos;&gt;}. 
Otherwise, please register a new parser for type Sigmasks and extension singlefile, .txt
 Reminder: use print_capabilities_by_ext() and print_capabilities_by_type() to diagnose what are the parsers available
NoParserFoundForObjectType - /home/travis/build/smarie/python-parsyfiles/parsyfiles/tests/old/./custom_old_demo_coll/case3/input_c/keyB/item1 (singlefile, .txt) cannot be parsed as a Handlers because no parser supporting that type is registered for singlefile, .txt.
 If you wish to parse this object from this extension, you may wish to parse it as one of the following supported types : {&lt;class &apos;test_parsyfiles_old.TestDemo.test_old_demo.&lt;locals&gt;.OpConfig&apos;&gt;, &lt;class &apos;int&apos;&gt;}. 
Otherwise, please register a new parser for type Handlers and extension singlefile, .txt
 Reminder: use print_capabilities_by_ext() and print_capabilities_by_type() to diagnose what are the parsers available
NoParserFoundForObjectType - /home/travis/build/smarie/python-parsyfiles/parsyfiles/tests/old/./custom_old_demo_coll/case3/input_c/keyB/item1 (singlefile, .txt) cannot be parsed as a AddressFamily because no parser supporting that type is registered for singlefile, .txt.
 If you wish to parse this object from this extension, you may wish to parse it as one of the following supported types : {&lt;class &apos;test_parsyfiles_old.TestDemo.test_old_demo.&lt;locals&gt;.OpConfig&apos;&gt;, &lt;class &apos;int&apos;&gt;}. 
Otherwise, please register a new parser for type AddressFamily and extension singlefile, .txt
 Reminder: use print_capabilities_by_ext() and print_capabilities_by_type() to diagnose what are the parsers available
(B)                                                                                                         |--item1.txt -&gt; int ------- using &lt;test_parse_int_file&gt;
(B)                                                                                            |--options.cfg -&gt; OpConfig ------- using &lt;test_parse_configuration_cfg_file&gt;
NoParserFoundForObjectType - /home/travis/build/smarie/python-parsyfiles/parsyfiles/tests/old/./custom_old_demo_coll/case3/output (singlefile, .txt) cannot be parsed as a bool because no parser supporting that type is registered for singlefile, .txt.
 If you wish to parse this object from this extension, you may wish to parse it as one of the following supported types : {&lt;class &apos;test_parsyfiles_old.TestDemo.test_old_demo.&lt;locals&gt;.OpConfig&apos;&gt;, &lt;class &apos;int&apos;&gt;}. 
Otherwise, please register a new parser for type bool and extension singlefile, .txt
 Reminder: use print_capabilities_by_ext() and print_capabilities_by_type() to diagnose what are the parsers available
NoParserFoundForObjectType - /home/travis/build/smarie/python-parsyfiles/parsyfiles/tests/old/./custom_old_demo_coll/case3/output (singlefile, .txt) cannot be parsed as a _NamedIntConstant because no parser supporting that type is registered for singlefile, .txt.
 If you wish to parse this object from this extension, you may wish to parse it as one of the following supported types : {&lt;class &apos;test_parsyfiles_old.TestDemo.test_old_demo.&lt;locals&gt;.OpConfig&apos;&gt;, &lt;class &apos;int&apos;&gt;}. 
Otherwise, please register a new parser for type _NamedIntConstant and extension singlefile, .txt
 Reminder: use print_capabilities_by_ext() and print_capabilities_by_type() to diagnose what are the parsers available
NoParserFoundForObjectType - /home/travis/build/smarie/python-parsyfiles/parsyfiles/tests/old/./custom_old_demo_coll/case3/output (singlefile, .txt) cannot be parsed as a IntEnum because no parser supporting that type is registered for singlefile, .txt.
 If you wish to parse this object from this extension, you may wish to parse it as one of the following supported types : {&lt;class &apos;test_parsyfiles_old.TestDemo.test_old_demo.&lt;locals&gt;.OpConfig&apos;&gt;, &lt;class &apos;int&apos;&gt;}. 
Otherwise, please register a new parser for type IntEnum and extension singlefile, .txt
 Reminder: use print_capabilities_by_ext() and print_capabilities_by_type() to diagnose what are the parsers available
NoParserFoundForObjectType - /home/travis/build/smarie/python-parsyfiles/parsyfiles/tests/old/./custom_old_demo_coll/case3/output (singlefile, .txt) cannot be parsed as a Signals because no parser supporting that type is registered for singlefile, .txt.
 If you wish to parse this object from this extension, you may wish to parse it as one of the following supported types : {&lt;class &apos;test_parsyfiles_old.TestDemo.test_old_demo.&lt;locals&gt;.OpConfig&apos;&gt;, &lt;class &apos;int&apos;&gt;}. 
Otherwise, please register a new parser for type Signals and extension singlefile, .txt
 Reminder: use print_capabilities_by_ext() and print_capabilities_by_type() to diagnose what are the parsers available
NoParserFoundForObjectType - /home/travis/build/smarie/python-parsyfiles/parsyfiles/tests/old/./custom_old_demo_coll/case3/output (singlefile, .txt) cannot be parsed as a SocketKind because no parser supporting that type is registered for singlefile, .txt.
 If you wish to parse this object from this extension, you may wish to parse it as one of the following supported types : {&lt;class &apos;test_parsyfiles_old.TestDemo.test_old_demo.&lt;locals&gt;.OpConfig&apos;&gt;, &lt;class &apos;int&apos;&gt;}. 
Otherwise, please register a new parser for type SocketKind and extension singlefile, .txt
 Reminder: use print_capabilities_by_ext() and print_capabilities_by_type() to diagnose what are the parsers available
NoParserFoundForObjectType - /home/travis/build/smarie/python-parsyfiles/parsyfiles/tests/old/./custom_old_demo_coll/case3/output (singlefile, .txt) cannot be parsed as a HTTPStatus because no parser supporting that type is registered for singlefile, .txt.
 If you wish to parse this object from this extension, you may wish to parse it as one of the following supported types : {&lt;class &apos;test_parsyfiles_old.TestDemo.test_old_demo.&lt;locals&gt;.OpConfig&apos;&gt;, &lt;class &apos;int&apos;&gt;}. 
Otherwise, please register a new parser for type HTTPStatus and extension singlefile, .txt
 Reminder: use print_capabilities_by_ext() and print_capabilities_by_type() to diagnose what are the parsers available
NoParserFoundForObjectType - /home/travis/build/smarie/python-parsyfiles/parsyfiles/tests/old/./custom_old_demo_coll/case3/output (singlefile, .txt) cannot be parsed as a _SSLMethod because no parser supporting that type is registered for singlefile, .txt.
 If you wish to parse this object from this extension, you may wish to parse it as one of the following supported types : {&lt;class &apos;test_parsyfiles_old.TestDemo.test_old_demo.&lt;locals&gt;.OpConfig&apos;&gt;, &lt;class &apos;int&apos;&gt;}. 
Otherwise, please register a new parser for type _SSLMethod and extension singlefile, .txt
 Reminder: use print_capabilities_by_ext() and print_capabilities_by_type() to diagnose what are the parsers available
NoParserFoundForObjectType - /home/travis/build/smarie/python-parsyfiles/parsyfiles/tests/old/./custom_old_demo_coll/case3/output (singlefile, .txt) cannot be parsed as a _ParameterKind because no parser supporting that type is registered for singlefile, .txt.
 If you wish to parse this object from this extension, you may wish to parse it as one of the following supported types : {&lt;class &apos;test_parsyfiles_old.TestDemo.test_old_demo.&lt;locals&gt;.OpConfig&apos;&gt;, &lt;class &apos;int&apos;&gt;}. 
Otherwise, please register a new parser for type _ParameterKind and extension singlefile, .txt
 Reminder: use print_capabilities_by_ext() and print_capabilities_by_type() to diagnose what are the parsers available
NoParserFoundForObjectType - /home/travis/build/smarie/python-parsyfiles/parsyfiles/tests/old/./custom_old_demo_coll/case3/output (singlefile, .txt) cannot be parsed as a Sigmasks because no parser supporting that type is registered for singlefile, .txt.
 If you wish to parse this object from this extension, you may wish to parse it as one of the following supported types : {&lt;class &apos;test_parsyfiles_old.TestDemo.test_old_demo.&lt;locals&gt;.OpConfig&apos;&gt;, &lt;class &apos;int&apos;&gt;}. 
Otherwise, please register a new parser for type Sigmasks and extension singlefile, .txt
 Reminder: use print_capabilities_by_ext() and print_capabilities_by_type() to diagnose what are the parsers available
NoParserFoundForObjectType - /home/travis/build/smarie/python-parsyfiles/parsyfiles/tests/old/./custom_old_demo_coll/case3/output (singlefile, .txt) cannot be parsed as a Handlers because no parser supporting that type is registered for singlefile, .txt.
 If you wish to parse this object from this extension, you may wish to parse it as one of the following supported types : {&lt;class &apos;test_parsyfiles_old.TestDemo.test_old_demo.&lt;locals&gt;.OpConfig&apos;&gt;, &lt;class &apos;int&apos;&gt;}. 
Otherwise, please register a new parser for type Handlers and extension singlefile, .txt
 Reminder: use print_capabilities_by_ext() and print_capabilities_by_type() to diagnose what are the parsers available
NoParserFoundForObjectType - /home/travis/build/smarie/python-parsyfiles/parsyfiles/tests/old/./custom_old_demo_coll/case3/output (singlefile, .txt) cannot be parsed as a AddressFamily because no parser supporting that type is registered for singlefile, .txt.
 If you wish to parse this object from this extension, you may wish to parse it as one of the following supported types : {&lt;class &apos;test_parsyfiles_old.TestDemo.test_old_demo.&lt;locals&gt;.OpConfig&apos;&gt;, &lt;class &apos;int&apos;&gt;}. 
Otherwise, please register a new parser for type AddressFamily and extension singlefile, .txt
 Reminder: use print_capabilities_by_ext() and print_capabilities_by_type() to diagnose what are the parsers available
(B)                                                                                            |--output.txt -&gt; int ------- using &lt;test_parse_int_file&gt;
Parsing Plan created successfully

Executing Parsing Plan for [/home/travis/build/smarie/python-parsyfiles/parsyfiles/tests/old/./custom_old_demo_coll]
(P) /home/travis/build/smarie/python-parsyfiles/parsyfiles/tests/old/./custom_old_demo_coll -&gt; Dict[str, OpTestCaseColl] ------- using Multifile Collection parser (parsyfiles defaults+test custom functions)
(P)                                                                                      |--case1 -&gt; OpTestCaseColl ------- using Multifile Object parser (parsyfiles defaults+test custom functions)
(P)                                                                                            |--input_a.txt -&gt; int ------- using &lt;test_parse_int_file&gt;
(P)                                                                                            |--input_a.txt -&gt; int SUCCESS !
(P)                                                                                            |--input_b.txt -&gt; int ------- using &lt;test_parse_int_file&gt;
(P)                                                                                            |--input_b.txt -&gt; int SUCCESS !
(P)                                                                                            |--output.txt -&gt; int ------- using &lt;test_parse_int_file&gt;
(P)                                                                                            |--output.txt -&gt; int SUCCESS !
(P)                                                                                      |--case1 -&gt; OpTestCaseColl SUCCESS !
(P)                                                                                      |--case2 -&gt; OpTestCaseColl ------- using Multifile Object parser (parsyfiles defaults+test custom functions)
(P)                                                                                            |--input_a.txt -&gt; int ------- using &lt;test_parse_int_file&gt;
(P)                                                                                            |--input_a.txt -&gt; int SUCCESS !
(P)                                                                                            |--input_b.txt -&gt; int ------- using &lt;test_parse_int_file&gt;
(P)                                                                                            |--input_b.txt -&gt; int SUCCESS !
(P)                                                                                            |--options.txt -&gt; OpConfig ------- using &lt;test_parse_configuration_txt_file&gt;
(P)                                                                                            |--options.txt -&gt; OpConfig SUCCESS !
(P)                                                                                            |--output.txt -&gt; int ------- using &lt;test_parse_int_file&gt;
(P)                                                                                            |--output.txt -&gt; int SUCCESS !
(P)                                                                                      |--case2 -&gt; OpTestCaseColl SUCCESS !
(P)                                                                                      |--case3 -&gt; OpTestCaseColl ------- using Multifile Object parser (parsyfiles defaults+test custom functions)
(P)                                                                                            |--input_a.txt -&gt; int ------- using &lt;test_parse_int_file&gt;
(P)                                                                                            |--input_a.txt -&gt; int SUCCESS !
(P)                                                                                            |--input_b.txt -&gt; int ------- using &lt;test_parse_int_file&gt;
(P)                                                                                            |--input_b.txt -&gt; int SUCCESS !
(P)                                                                                            |--input_c -&gt; Dict[str, List[int]] ------- using Multifile Collection parser (parsyfiles defaults+test custom functions)
(P)                                                                                                    |--keyA -&gt; List[int] ------- using Multifile Collection parser (parsyfiles defaults+test custom functions)
(P)                                                                                                         |--item1.txt -&gt; int ------- using &lt;test_parse_int_file&gt;
(P)                                                                                                         |--item1.txt -&gt; int SUCCESS !
(P)                                                                                                         |--item2.txt -&gt; int ------- using &lt;test_parse_int_file&gt;
(P)                                                                                                         |--item2.txt -&gt; int SUCCESS !
(P)                                                                                                    |--keyA -&gt; List[int] SUCCESS !
(P)                                                                                                    |--keyB -&gt; List[int] ------- using Multifile Collection parser (parsyfiles defaults+test custom functions)
(P)                                                                                                         |--item1.txt -&gt; int ------- using &lt;test_parse_int_file&gt;
(P)                                                                                                         |--item1.txt -&gt; int SUCCESS !
(P)                                                                                                    |--keyB -&gt; List[int] SUCCESS !
(P)                                                                                            |--input_c -&gt; Dict[str, List[int]] SUCCESS !
(P)                                                                                            |--options.cfg -&gt; OpConfig ------- using &lt;test_parse_configuration_cfg_file&gt;
(P)                                                                                            |--options.cfg -&gt; OpConfig SUCCESS !
(P)                                                                                            |--output.txt -&gt; int ------- using &lt;test_parse_int_file&gt;
(P)                                                                                            |--output.txt -&gt; int SUCCESS !
(P)                                                                                      |--case3 -&gt; OpTestCaseColl SUCCESS !
(P)                                                                 |--custom_old_demo_coll -&gt; Dict[str, OpTestCaseColl] SUCCESS !
Completed parsing successfully

{&apos;keyA&apos;: [-1, -1], &apos;keyB&apos;: [-1]}
</system-out></testcase><testcase classname="parsyfiles.tests.parsing_capabilities_by_type.test_parse_collections" file="parsyfiles/tests/parsing_capabilities_by_type/test_parse_collections.py" line="13" name="test_collections" time="1.270655870437622"><system-out>**** Starting to parse single object of type &lt;Tuple[Dict[str, int], List[int], Set[int], Tuple[str, int, str]]&gt; at location /home/travis/build/smarie/python-parsyfiles/parsyfiles/tests/parsing_capabilities_by_type/collections_data ****
Checking all files under [/home/travis/build/smarie/python-parsyfiles/parsyfiles/tests/parsing_capabilities_by_type/collections_data]
(C) /home/travis/build/smarie/python-parsyfiles/parsyfiles/tests/parsing_capabilities_by_type/collections_data (multifile)
(C)                                                                                                         |--dict (multifile)
(C)                                                                                                              |--a (singlefile, .txt)
(C)                                                                                                              |--b (singlefile, .txt)
(C)                                                                                                              |--c (singlefile, .txt)
(C)                                                                                                         |--list (multifile)
(C)                                                                                                              |--a (singlefile, .txt)
(C)                                                                                                              |--b (singlefile, .txt)
(C)                                                                                                              |--c (singlefile, .txt)
(C)                                                                                                         |--set (multifile)
(C)                                                                                                             |--a (singlefile, .txt)
(C)                                                                                                             |--b (singlefile, .txt)
(C)                                                                                                             |--c (singlefile, .txt)
(C)                                                                                                         |--tuple (multifile)
(C)                                                                                                               |--a (singlefile, .txt)
(C)                                                                                                               |--b (singlefile, .txt)
(C)                                                                                                               |--c (singlefile, .txt)
File checks done

Building a parsing plan to parse [/home/travis/build/smarie/python-parsyfiles/parsyfiles/tests/parsing_capabilities_by_type/collections_data] into a Tuple[Dict[str, int], List[int], Set[int], Tuple[str, int, str]]
(B) /home/travis/build/smarie/python-parsyfiles/parsyfiles/tests/parsing_capabilities_by_type/collections_data -&gt; Tuple[Dict[str, int], List[int], Set[int], Tuple[str, int, str]] ------- using Multifile Collection parser (parsyfiles defaults)
(B)                                                                                                         |--dict -&gt; Dict[str, int] ------- using Multifile Collection parser (parsyfiles defaults)
(B)                                                                                                              |--a.txt -&gt; int ------- using [Try &apos;[Try &apos;$&lt;read_str_from_txt&gt; =&gt; &lt;str_to_int&gt;$&apos; then &apos;$&lt;read_str_from_txt&gt; =&gt; &lt;base64_ascii_str_pickle_to_object&gt; -&gt; &lt;bool_to_int&gt;$&apos; then &apos;$&lt;read_str_from_txt&gt; =&gt; &lt;base64_ascii_str_pickle_to_object&gt; -&gt; &lt;float_to_int&gt;$&apos; then &apos;$&lt;read_str_from_txt&gt; =&gt; &lt;base64_ascii_str_pickle_to_object&gt; -&gt; &lt;str_to_int&gt;$&apos; then &apos;$&lt;read_str_from_txt&gt; =&gt; &lt;str_to_bool&gt;$&apos; then &apos;$&lt;read_str_from_txt&gt; =&gt; &lt;base64_ascii_str_pickle_to_object&gt; -&gt; &lt;float_to_bool&gt;$&apos; then &apos;$&lt;read_str_from_txt&gt; =&gt; &lt;base64_ascii_str_pickle_to_object&gt; -&gt; &lt;int_to_bool&gt;$&apos; then &apos;$&lt;read_str_from_txt&gt; =&gt; &lt;base64_ascii_str_pickle_to_object&gt; -&gt; &lt;str_to_bool&gt;$&apos; then &apos;$&lt;read_str_from_txt&gt; =&gt; &lt;base64_ascii_str_pickle_to_object&gt;$]&apos;]&apos; -&gt; [int] then &apos;[Try &apos;$&lt;read_str_from_txt&gt; =&gt; &lt;str_to_bool&gt;$&apos; then &apos;$&lt;read_str_from_txt&gt; =&gt; &lt;base64_ascii_str_pickle_to_object&gt; -&gt; &lt;float_to_bool&gt;$&apos; then &apos;$&lt;read_str_from_txt&gt; =&gt; &lt;base64_ascii_str_pickle_to_object&gt; -&gt; &lt;int_to_bool&gt;$&apos; then &apos;$&lt;read_str_from_txt&gt; =&gt; &lt;base64_ascii_str_pickle_to_object&gt; -&gt; &lt;str_to_bool&gt;$&apos; then &apos;$&lt;read_str_from_txt&gt; =&gt; &lt;base64_ascii_str_pickle_to_object&gt;$]&apos;]&apos; -&gt; [bool] then &apos;[Try &apos;$&lt;read_str_from_txt&gt; =&gt; &lt;constructor_with_str_arg&gt;$&apos; then &apos;$&lt;read_str_from_txt&gt; =&gt; &lt;base64_ascii_str_pickle_to_object&gt;$]&apos;]&apos; -&gt; [_NamedIntConstant] then &apos;[Try &apos;$&lt;read_str_from_txt&gt; =&gt; &lt;constructor_with_str_arg&gt;$&apos; then &apos;$&lt;read_str_from_txt&gt; =&gt; &lt;base64_ascii_str_pickle_to_object&gt;$]&apos;]&apos; -&gt; [IntEnum] then &apos;[Try &apos;$&lt;read_str_from_txt&gt; =&gt; &lt;constructor_with_str_arg&gt;$&apos; then &apos;$&lt;read_str_from_txt&gt; =&gt; &lt;base64_ascii_str_pickle_to_object&gt;$]&apos;]&apos; -&gt; [Signals] then &apos;[Try &apos;$&lt;read_str_from_txt&gt; =&gt; &lt;constructor_with_str_arg&gt;$&apos; then &apos;$&lt;read_str_from_txt&gt; =&gt; &lt;base64_ascii_str_pickle_to_object&gt;$]&apos;]&apos; -&gt; [SocketKind] then &apos;[Try &apos;$&lt;read_str_from_txt&gt; =&gt; &lt;constructor_with_str_arg&gt;$&apos; then &apos;$&lt;read_str_from_txt&gt; =&gt; &lt;base64_ascii_str_pickle_to_object&gt;$]&apos;]&apos; -&gt; [HTTPStatus] then &apos;[Try &apos;$&lt;read_str_from_txt&gt; =&gt; &lt;constructor_with_str_arg&gt;$&apos; then &apos;$&lt;read_str_from_txt&gt; =&gt; &lt;base64_ascii_str_pickle_to_object&gt;$]&apos;]&apos; -&gt; [_SSLMethod] then &apos;[Try &apos;$&lt;read_str_from_txt&gt; =&gt; &lt;constructor_with_str_arg&gt;$&apos; then &apos;$&lt;read_str_from_txt&gt; =&gt; &lt;base64_ascii_str_pickle_to_object&gt;$]&apos;]&apos; -&gt; [_ParameterKind] then &apos;[Try &apos;$&lt;read_str_from_txt&gt; =&gt; &lt;constructor_with_str_arg&gt;$&apos; then &apos;$&lt;read_str_from_txt&gt; =&gt; &lt;base64_ascii_str_pickle_to_object&gt;$]&apos;]&apos; -&gt; [Sigmasks] then &apos;[Try &apos;$&lt;read_str_from_txt&gt; =&gt; &lt;constructor_with_str_arg&gt;$&apos; then &apos;$&lt;read_str_from_txt&gt; =&gt; &lt;base64_ascii_str_pickle_to_object&gt;$]&apos;]&apos; -&gt; [Handlers] then &apos;[Try &apos;$&lt;read_str_from_txt&gt; =&gt; &lt;constructor_with_str_arg&gt;$&apos; then &apos;$&lt;read_str_from_txt&gt; =&gt; &lt;base64_ascii_str_pickle_to_object&gt;$]&apos;]&apos; -&gt; [AddressFamily]]]
(B)                                                                                                              |--a.txt -&gt; int ------- using [Try &apos;$&lt;read_str_from_txt&gt; =&gt; &lt;str_to_int&gt;$&apos; then &apos;$&lt;read_str_from_txt&gt; =&gt; &lt;base64_ascii_str_pickle_to_object&gt; -&gt; &lt;bool_to_int&gt;$&apos; then &apos;$&lt;read_str_from_txt&gt; =&gt; &lt;base64_ascii_str_pickle_to_object&gt; -&gt; &lt;float_to_int&gt;$&apos; then &apos;$&lt;read_str_from_txt&gt; =&gt; &lt;base64_ascii_str_pickle_to_object&gt; -&gt; &lt;str_to_int&gt;$&apos; then &apos;$&lt;read_str_from_txt&gt; =&gt; &lt;str_to_bool&gt;$&apos; then &apos;$&lt;read_str_from_txt&gt; =&gt; &lt;base64_ascii_str_pickle_to_object&gt; -&gt; &lt;float_to_bool&gt;$&apos; then &apos;$&lt;read_str_from_txt&gt; =&gt; &lt;base64_ascii_str_pickle_to_object&gt; -&gt; &lt;int_to_bool&gt;$&apos; then &apos;$&lt;read_str_from_txt&gt; =&gt; &lt;base64_ascii_str_pickle_to_object&gt; -&gt; &lt;str_to_bool&gt;$&apos; then &apos;$&lt;read_str_from_txt&gt; =&gt; &lt;base64_ascii_str_pickle_to_object&gt;$]&apos;]
(B)                                                                                                              |--a.txt -&gt; int ------- using $&lt;read_str_from_txt&gt; =&gt; &lt;str_to_int&gt;$
(B)                                                                                                              |--b.txt -&gt; int ------- using [Try &apos;[Try &apos;$&lt;read_str_from_txt&gt; =&gt; &lt;str_to_int&gt;$&apos; then &apos;$&lt;read_str_from_txt&gt; =&gt; &lt;base64_ascii_str_pickle_to_object&gt; -&gt; &lt;bool_to_int&gt;$&apos; then &apos;$&lt;read_str_from_txt&gt; =&gt; &lt;base64_ascii_str_pickle_to_object&gt; -&gt; &lt;float_to_int&gt;$&apos; then &apos;$&lt;read_str_from_txt&gt; =&gt; &lt;base64_ascii_str_pickle_to_object&gt; -&gt; &lt;str_to_int&gt;$&apos; then &apos;$&lt;read_str_from_txt&gt; =&gt; &lt;str_to_bool&gt;$&apos; then &apos;$&lt;read_str_from_txt&gt; =&gt; &lt;base64_ascii_str_pickle_to_object&gt; -&gt; &lt;float_to_bool&gt;$&apos; then &apos;$&lt;read_str_from_txt&gt; =&gt; &lt;base64_ascii_str_pickle_to_object&gt; -&gt; &lt;int_to_bool&gt;$&apos; then &apos;$&lt;read_str_from_txt&gt; =&gt; &lt;base64_ascii_str_pickle_to_object&gt; -&gt; &lt;str_to_bool&gt;$&apos; then &apos;$&lt;read_str_from_txt&gt; =&gt; &lt;base64_ascii_str_pickle_to_object&gt;$]&apos;]&apos; -&gt; [int] then &apos;[Try &apos;$&lt;read_str_from_txt&gt; =&gt; &lt;str_to_bool&gt;$&apos; then &apos;$&lt;read_str_from_txt&gt; =&gt; &lt;base64_ascii_str_pickle_to_object&gt; -&gt; &lt;float_to_bool&gt;$&apos; then &apos;$&lt;read_str_from_txt&gt; =&gt; &lt;base64_ascii_str_pickle_to_object&gt; -&gt; &lt;int_to_bool&gt;$&apos; then &apos;$&lt;read_str_from_txt&gt; =&gt; &lt;base64_ascii_str_pickle_to_object&gt; -&gt; &lt;str_to_bool&gt;$&apos; then &apos;$&lt;read_str_from_txt&gt; =&gt; &lt;base64_ascii_str_pickle_to_object&gt;$]&apos;]&apos; -&gt; [bool] then &apos;[Try &apos;$&lt;read_str_from_txt&gt; =&gt; &lt;constructor_with_str_arg&gt;$&apos; then &apos;$&lt;read_str_from_txt&gt; =&gt; &lt;base64_ascii_str_pickle_to_object&gt;$]&apos;]&apos; -&gt; [_NamedIntConstant] then &apos;[Try &apos;$&lt;read_str_from_txt&gt; =&gt; &lt;constructor_with_str_arg&gt;$&apos; then &apos;$&lt;read_str_from_txt&gt; =&gt; &lt;base64_ascii_str_pickle_to_object&gt;$]&apos;]&apos; -&gt; [IntEnum] then &apos;[Try &apos;$&lt;read_str_from_txt&gt; =&gt; &lt;constructor_with_str_arg&gt;$&apos; then &apos;$&lt;read_str_from_txt&gt; =&gt; &lt;base64_ascii_str_pickle_to_object&gt;$]&apos;]&apos; -&gt; [Signals] then &apos;[Try &apos;$&lt;read_str_from_txt&gt; =&gt; &lt;constructor_with_str_arg&gt;$&apos; then &apos;$&lt;read_str_from_txt&gt; =&gt; &lt;base64_ascii_str_pickle_to_object&gt;$]&apos;]&apos; -&gt; [SocketKind] then &apos;[Try &apos;$&lt;read_str_from_txt&gt; =&gt; &lt;constructor_with_str_arg&gt;$&apos; then &apos;$&lt;read_str_from_txt&gt; =&gt; &lt;base64_ascii_str_pickle_to_object&gt;$]&apos;]&apos; -&gt; [HTTPStatus] then &apos;[Try &apos;$&lt;read_str_from_txt&gt; =&gt; &lt;constructor_with_str_arg&gt;$&apos; then &apos;$&lt;read_str_from_txt&gt; =&gt; &lt;base64_ascii_str_pickle_to_object&gt;$]&apos;]&apos; -&gt; [_SSLMethod] then &apos;[Try &apos;$&lt;read_str_from_txt&gt; =&gt; &lt;constructor_with_str_arg&gt;$&apos; then &apos;$&lt;read_str_from_txt&gt; =&gt; &lt;base64_ascii_str_pickle_to_object&gt;$]&apos;]&apos; -&gt; [_ParameterKind] then &apos;[Try &apos;$&lt;read_str_from_txt&gt; =&gt; &lt;constructor_with_str_arg&gt;$&apos; then &apos;$&lt;read_str_from_txt&gt; =&gt; &lt;base64_ascii_str_pickle_to_object&gt;$]&apos;]&apos; -&gt; [Sigmasks] then &apos;[Try &apos;$&lt;read_str_from_txt&gt; =&gt; &lt;constructor_with_str_arg&gt;$&apos; then &apos;$&lt;read_str_from_txt&gt; =&gt; &lt;base64_ascii_str_pickle_to_object&gt;$]&apos;]&apos; -&gt; [Handlers] then &apos;[Try &apos;$&lt;read_str_from_txt&gt; =&gt; &lt;constructor_with_str_arg&gt;$&apos; then &apos;$&lt;read_str_from_txt&gt; =&gt; &lt;base64_ascii_str_pickle_to_object&gt;$]&apos;]&apos; -&gt; [AddressFamily]]]
(B)                                                                                                              |--b.txt -&gt; int ------- using [Try &apos;$&lt;read_str_from_txt&gt; =&gt; &lt;str_to_int&gt;$&apos; then &apos;$&lt;read_str_from_txt&gt; =&gt; &lt;base64_ascii_str_pickle_to_object&gt; -&gt; &lt;bool_to_int&gt;$&apos; then &apos;$&lt;read_str_from_txt&gt; =&gt; &lt;base64_ascii_str_pickle_to_object&gt; -&gt; &lt;float_to_int&gt;$&apos; then &apos;$&lt;read_str_from_txt&gt; =&gt; &lt;base64_ascii_str_pickle_to_object&gt; -&gt; &lt;str_to_int&gt;$&apos; then &apos;$&lt;read_str_from_txt&gt; =&gt; &lt;str_to_bool&gt;$&apos; then &apos;$&lt;read_str_from_txt&gt; =&gt; &lt;base64_ascii_str_pickle_to_object&gt; -&gt; &lt;float_to_bool&gt;$&apos; then &apos;$&lt;read_str_from_txt&gt; =&gt; &lt;base64_ascii_str_pickle_to_object&gt; -&gt; &lt;int_to_bool&gt;$&apos; then &apos;$&lt;read_str_from_txt&gt; =&gt; &lt;base64_ascii_str_pickle_to_object&gt; -&gt; &lt;str_to_bool&gt;$&apos; then &apos;$&lt;read_str_from_txt&gt; =&gt; &lt;base64_ascii_str_pickle_to_object&gt;$]&apos;]
(B)                                                                                                              |--b.txt -&gt; int ------- using $&lt;read_str_from_txt&gt; =&gt; &lt;str_to_int&gt;$
(B)                                                                                                              |--c.txt -&gt; int ------- using [Try &apos;[Try &apos;$&lt;read_str_from_txt&gt; =&gt; &lt;str_to_int&gt;$&apos; then &apos;$&lt;read_str_from_txt&gt; =&gt; &lt;base64_ascii_str_pickle_to_object&gt; -&gt; &lt;bool_to_int&gt;$&apos; then &apos;$&lt;read_str_from_txt&gt; =&gt; &lt;base64_ascii_str_pickle_to_object&gt; -&gt; &lt;float_to_int&gt;$&apos; then &apos;$&lt;read_str_from_txt&gt; =&gt; &lt;base64_ascii_str_pickle_to_object&gt; -&gt; &lt;str_to_int&gt;$&apos; then &apos;$&lt;read_str_from_txt&gt; =&gt; &lt;str_to_bool&gt;$&apos; then &apos;$&lt;read_str_from_txt&gt; =&gt; &lt;base64_ascii_str_pickle_to_object&gt; -&gt; &lt;float_to_bool&gt;$&apos; then &apos;$&lt;read_str_from_txt&gt; =&gt; &lt;base64_ascii_str_pickle_to_object&gt; -&gt; &lt;int_to_bool&gt;$&apos; then &apos;$&lt;read_str_from_txt&gt; =&gt; &lt;base64_ascii_str_pickle_to_object&gt; -&gt; &lt;str_to_bool&gt;$&apos; then &apos;$&lt;read_str_from_txt&gt; =&gt; &lt;base64_ascii_str_pickle_to_object&gt;$]&apos;]&apos; -&gt; [int] then &apos;[Try &apos;$&lt;read_str_from_txt&gt; =&gt; &lt;str_to_bool&gt;$&apos; then &apos;$&lt;read_str_from_txt&gt; =&gt; &lt;base64_ascii_str_pickle_to_object&gt; -&gt; &lt;float_to_bool&gt;$&apos; then &apos;$&lt;read_str_from_txt&gt; =&gt; &lt;base64_ascii_str_pickle_to_object&gt; -&gt; &lt;int_to_bool&gt;$&apos; then &apos;$&lt;read_str_from_txt&gt; =&gt; &lt;base64_ascii_str_pickle_to_object&gt; -&gt; &lt;str_to_bool&gt;$&apos; then &apos;$&lt;read_str_from_txt&gt; =&gt; &lt;base64_ascii_str_pickle_to_object&gt;$]&apos;]&apos; -&gt; [bool] then &apos;[Try &apos;$&lt;read_str_from_txt&gt; =&gt; &lt;constructor_with_str_arg&gt;$&apos; then &apos;$&lt;read_str_from_txt&gt; =&gt; &lt;base64_ascii_str_pickle_to_object&gt;$]&apos;]&apos; -&gt; [_NamedIntConstant] then &apos;[Try &apos;$&lt;read_str_from_txt&gt; =&gt; &lt;constructor_with_str_arg&gt;$&apos; then &apos;$&lt;read_str_from_txt&gt; =&gt; &lt;base64_ascii_str_pickle_to_object&gt;$]&apos;]&apos; -&gt; [IntEnum] then &apos;[Try &apos;$&lt;read_str_from_txt&gt; =&gt; &lt;constructor_with_str_arg&gt;$&apos; then &apos;$&lt;read_str_from_txt&gt; =&gt; &lt;base64_ascii_str_pickle_to_object&gt;$]&apos;]&apos; -&gt; [Signals] then &apos;[Try &apos;$&lt;read_str_from_txt&gt; =&gt; &lt;constructor_with_str_arg&gt;$&apos; then &apos;$&lt;read_str_from_txt&gt; =&gt; &lt;base64_ascii_str_pickle_to_object&gt;$]&apos;]&apos; -&gt; [SocketKind] then &apos;[Try &apos;$&lt;read_str_from_txt&gt; =&gt; &lt;constructor_with_str_arg&gt;$&apos; then &apos;$&lt;read_str_from_txt&gt; =&gt; &lt;base64_ascii_str_pickle_to_object&gt;$]&apos;]&apos; -&gt; [HTTPStatus] then &apos;[Try &apos;$&lt;read_str_from_txt&gt; =&gt; &lt;constructor_with_str_arg&gt;$&apos; then &apos;$&lt;read_str_from_txt&gt; =&gt; &lt;base64_ascii_str_pickle_to_object&gt;$]&apos;]&apos; -&gt; [_SSLMethod] then &apos;[Try &apos;$&lt;read_str_from_txt&gt; =&gt; &lt;constructor_with_str_arg&gt;$&apos; then &apos;$&lt;read_str_from_txt&gt; =&gt; &lt;base64_ascii_str_pickle_to_object&gt;$]&apos;]&apos; -&gt; [_ParameterKind] then &apos;[Try &apos;$&lt;read_str_from_txt&gt; =&gt; &lt;constructor_with_str_arg&gt;$&apos; then &apos;$&lt;read_str_from_txt&gt; =&gt; &lt;base64_ascii_str_pickle_to_object&gt;$]&apos;]&apos; -&gt; [Sigmasks] then &apos;[Try &apos;$&lt;read_str_from_txt&gt; =&gt; &lt;constructor_with_str_arg&gt;$&apos; then &apos;$&lt;read_str_from_txt&gt; =&gt; &lt;base64_ascii_str_pickle_to_object&gt;$]&apos;]&apos; -&gt; [Handlers] then &apos;[Try &apos;$&lt;read_str_from_txt&gt; =&gt; &lt;constructor_with_str_arg&gt;$&apos; then &apos;$&lt;read_str_from_txt&gt; =&gt; &lt;base64_ascii_str_pickle_to_object&gt;$]&apos;]&apos; -&gt; [AddressFamily]]]
(B)                                                                                                              |--c.txt -&gt; int ------- using [Try &apos;$&lt;read_str_from_txt&gt; =&gt; &lt;str_to_int&gt;$&apos; then &apos;$&lt;read_str_from_txt&gt; =&gt; &lt;base64_ascii_str_pickle_to_object&gt; -&gt; &lt;bool_to_int&gt;$&apos; then &apos;$&lt;read_str_from_txt&gt; =&gt; &lt;base64_ascii_str_pickle_to_object&gt; -&gt; &lt;float_to_int&gt;$&apos; then &apos;$&lt;read_str_from_txt&gt; =&gt; &lt;base64_ascii_str_pickle_to_object&gt; -&gt; &lt;str_to_int&gt;$&apos; then &apos;$&lt;read_str_from_txt&gt; =&gt; &lt;str_to_bool&gt;$&apos; then &apos;$&lt;read_str_from_txt&gt; =&gt; &lt;base64_ascii_str_pickle_to_object&gt; -&gt; &lt;float_to_bool&gt;$&apos; then &apos;$&lt;read_str_from_txt&gt; =&gt; &lt;base64_ascii_str_pickle_to_object&gt; -&gt; &lt;int_to_bool&gt;$&apos; then &apos;$&lt;read_str_from_txt&gt; =&gt; &lt;base64_ascii_str_pickle_to_object&gt; -&gt; &lt;str_to_bool&gt;$&apos; then &apos;$&lt;read_str_from_txt&gt; =&gt; &lt;base64_ascii_str_pickle_to_object&gt;$]&apos;]
(B)                                                                                                              |--c.txt -&gt; int ------- using $&lt;read_str_from_txt&gt; =&gt; &lt;str_to_int&gt;$
(B)                                                                                                         |--list -&gt; List[int] ------- using Multifile Collection parser (parsyfiles defaults)
(B)                                                                                                              |--a.txt -&gt; int ------- using [Try &apos;[Try &apos;$&lt;read_str_from_txt&gt; =&gt; &lt;str_to_int&gt;$&apos; then &apos;$&lt;read_str_from_txt&gt; =&gt; &lt;base64_ascii_str_pickle_to_object&gt; -&gt; &lt;bool_to_int&gt;$&apos; then &apos;$&lt;read_str_from_txt&gt; =&gt; &lt;base64_ascii_str_pickle_to_object&gt; -&gt; &lt;float_to_int&gt;$&apos; then &apos;$&lt;read_str_from_txt&gt; =&gt; &lt;base64_ascii_str_pickle_to_object&gt; -&gt; &lt;str_to_int&gt;$&apos; then &apos;$&lt;read_str_from_txt&gt; =&gt; &lt;str_to_bool&gt;$&apos; then &apos;$&lt;read_str_from_txt&gt; =&gt; &lt;base64_ascii_str_pickle_to_object&gt; -&gt; &lt;float_to_bool&gt;$&apos; then &apos;$&lt;read_str_from_txt&gt; =&gt; &lt;base64_ascii_str_pickle_to_object&gt; -&gt; &lt;int_to_bool&gt;$&apos; then &apos;$&lt;read_str_from_txt&gt; =&gt; &lt;base64_ascii_str_pickle_to_object&gt; -&gt; &lt;str_to_bool&gt;$&apos; then &apos;$&lt;read_str_from_txt&gt; =&gt; &lt;base64_ascii_str_pickle_to_object&gt;$]&apos;]&apos; -&gt; [int] then &apos;[Try &apos;$&lt;read_str_from_txt&gt; =&gt; &lt;str_to_bool&gt;$&apos; then &apos;$&lt;read_str_from_txt&gt; =&gt; &lt;base64_ascii_str_pickle_to_object&gt; -&gt; &lt;float_to_bool&gt;$&apos; then &apos;$&lt;read_str_from_txt&gt; =&gt; &lt;base64_ascii_str_pickle_to_object&gt; -&gt; &lt;int_to_bool&gt;$&apos; then &apos;$&lt;read_str_from_txt&gt; =&gt; &lt;base64_ascii_str_pickle_to_object&gt; -&gt; &lt;str_to_bool&gt;$&apos; then &apos;$&lt;read_str_from_txt&gt; =&gt; &lt;base64_ascii_str_pickle_to_object&gt;$]&apos;]&apos; -&gt; [bool] then &apos;[Try &apos;$&lt;read_str_from_txt&gt; =&gt; &lt;constructor_with_str_arg&gt;$&apos; then &apos;$&lt;read_str_from_txt&gt; =&gt; &lt;base64_ascii_str_pickle_to_object&gt;$]&apos;]&apos; -&gt; [_NamedIntConstant] then &apos;[Try &apos;$&lt;read_str_from_txt&gt; =&gt; &lt;constructor_with_str_arg&gt;$&apos; then &apos;$&lt;read_str_from_txt&gt; =&gt; &lt;base64_ascii_str_pickle_to_object&gt;$]&apos;]&apos; -&gt; [IntEnum] then &apos;[Try &apos;$&lt;read_str_from_txt&gt; =&gt; &lt;constructor_with_str_arg&gt;$&apos; then &apos;$&lt;read_str_from_txt&gt; =&gt; &lt;base64_ascii_str_pickle_to_object&gt;$]&apos;]&apos; -&gt; [Signals] then &apos;[Try &apos;$&lt;read_str_from_txt&gt; =&gt; &lt;constructor_with_str_arg&gt;$&apos; then &apos;$&lt;read_str_from_txt&gt; =&gt; &lt;base64_ascii_str_pickle_to_object&gt;$]&apos;]&apos; -&gt; [SocketKind] then &apos;[Try &apos;$&lt;read_str_from_txt&gt; =&gt; &lt;constructor_with_str_arg&gt;$&apos; then &apos;$&lt;read_str_from_txt&gt; =&gt; &lt;base64_ascii_str_pickle_to_object&gt;$]&apos;]&apos; -&gt; [HTTPStatus] then &apos;[Try &apos;$&lt;read_str_from_txt&gt; =&gt; &lt;constructor_with_str_arg&gt;$&apos; then &apos;$&lt;read_str_from_txt&gt; =&gt; &lt;base64_ascii_str_pickle_to_object&gt;$]&apos;]&apos; -&gt; [_SSLMethod] then &apos;[Try &apos;$&lt;read_str_from_txt&gt; =&gt; &lt;constructor_with_str_arg&gt;$&apos; then &apos;$&lt;read_str_from_txt&gt; =&gt; &lt;base64_ascii_str_pickle_to_object&gt;$]&apos;]&apos; -&gt; [_ParameterKind] then &apos;[Try &apos;$&lt;read_str_from_txt&gt; =&gt; &lt;constructor_with_str_arg&gt;$&apos; then &apos;$&lt;read_str_from_txt&gt; =&gt; &lt;base64_ascii_str_pickle_to_object&gt;$]&apos;]&apos; -&gt; [Sigmasks] then &apos;[Try &apos;$&lt;read_str_from_txt&gt; =&gt; &lt;constructor_with_str_arg&gt;$&apos; then &apos;$&lt;read_str_from_txt&gt; =&gt; &lt;base64_ascii_str_pickle_to_object&gt;$]&apos;]&apos; -&gt; [Handlers] then &apos;[Try &apos;$&lt;read_str_from_txt&gt; =&gt; &lt;constructor_with_str_arg&gt;$&apos; then &apos;$&lt;read_str_from_txt&gt; =&gt; &lt;base64_ascii_str_pickle_to_object&gt;$]&apos;]&apos; -&gt; [AddressFamily]]]
(B)                                                                                                              |--a.txt -&gt; int ------- using [Try &apos;$&lt;read_str_from_txt&gt; =&gt; &lt;str_to_int&gt;$&apos; then &apos;$&lt;read_str_from_txt&gt; =&gt; &lt;base64_ascii_str_pickle_to_object&gt; -&gt; &lt;bool_to_int&gt;$&apos; then &apos;$&lt;read_str_from_txt&gt; =&gt; &lt;base64_ascii_str_pickle_to_object&gt; -&gt; &lt;float_to_int&gt;$&apos; then &apos;$&lt;read_str_from_txt&gt; =&gt; &lt;base64_ascii_str_pickle_to_object&gt; -&gt; &lt;str_to_int&gt;$&apos; then &apos;$&lt;read_str_from_txt&gt; =&gt; &lt;str_to_bool&gt;$&apos; then &apos;$&lt;read_str_from_txt&gt; =&gt; &lt;base64_ascii_str_pickle_to_object&gt; -&gt; &lt;float_to_bool&gt;$&apos; then &apos;$&lt;read_str_from_txt&gt; =&gt; &lt;base64_ascii_str_pickle_to_object&gt; -&gt; &lt;int_to_bool&gt;$&apos; then &apos;$&lt;read_str_from_txt&gt; =&gt; &lt;base64_ascii_str_pickle_to_object&gt; -&gt; &lt;str_to_bool&gt;$&apos; then &apos;$&lt;read_str_from_txt&gt; =&gt; &lt;base64_ascii_str_pickle_to_object&gt;$]&apos;]
(B)                                                                                                              |--a.txt -&gt; int ------- using $&lt;read_str_from_txt&gt; =&gt; &lt;str_to_int&gt;$
(B)                                                                                                              |--b.txt -&gt; int ------- using [Try &apos;[Try &apos;$&lt;read_str_from_txt&gt; =&gt; &lt;str_to_int&gt;$&apos; then &apos;$&lt;read_str_from_txt&gt; =&gt; &lt;base64_ascii_str_pickle_to_object&gt; -&gt; &lt;bool_to_int&gt;$&apos; then &apos;$&lt;read_str_from_txt&gt; =&gt; &lt;base64_ascii_str_pickle_to_object&gt; -&gt; &lt;float_to_int&gt;$&apos; then &apos;$&lt;read_str_from_txt&gt; =&gt; &lt;base64_ascii_str_pickle_to_object&gt; -&gt; &lt;str_to_int&gt;$&apos; then &apos;$&lt;read_str_from_txt&gt; =&gt; &lt;str_to_bool&gt;$&apos; then &apos;$&lt;read_str_from_txt&gt; =&gt; &lt;base64_ascii_str_pickle_to_object&gt; -&gt; &lt;float_to_bool&gt;$&apos; then &apos;$&lt;read_str_from_txt&gt; =&gt; &lt;base64_ascii_str_pickle_to_object&gt; -&gt; &lt;int_to_bool&gt;$&apos; then &apos;$&lt;read_str_from_txt&gt; =&gt; &lt;base64_ascii_str_pickle_to_object&gt; -&gt; &lt;str_to_bool&gt;$&apos; then &apos;$&lt;read_str_from_txt&gt; =&gt; &lt;base64_ascii_str_pickle_to_object&gt;$]&apos;]&apos; -&gt; [int] then &apos;[Try &apos;$&lt;read_str_from_txt&gt; =&gt; &lt;str_to_bool&gt;$&apos; then &apos;$&lt;read_str_from_txt&gt; =&gt; &lt;base64_ascii_str_pickle_to_object&gt; -&gt; &lt;float_to_bool&gt;$&apos; then &apos;$&lt;read_str_from_txt&gt; =&gt; &lt;base64_ascii_str_pickle_to_object&gt; -&gt; &lt;int_to_bool&gt;$&apos; then &apos;$&lt;read_str_from_txt&gt; =&gt; &lt;base64_ascii_str_pickle_to_object&gt; -&gt; &lt;str_to_bool&gt;$&apos; then &apos;$&lt;read_str_from_txt&gt; =&gt; &lt;base64_ascii_str_pickle_to_object&gt;$]&apos;]&apos; -&gt; [bool] then &apos;[Try &apos;$&lt;read_str_from_txt&gt; =&gt; &lt;constructor_with_str_arg&gt;$&apos; then &apos;$&lt;read_str_from_txt&gt; =&gt; &lt;base64_ascii_str_pickle_to_object&gt;$]&apos;]&apos; -&gt; [_NamedIntConstant] then &apos;[Try &apos;$&lt;read_str_from_txt&gt; =&gt; &lt;constructor_with_str_arg&gt;$&apos; then &apos;$&lt;read_str_from_txt&gt; =&gt; &lt;base64_ascii_str_pickle_to_object&gt;$]&apos;]&apos; -&gt; [IntEnum] then &apos;[Try &apos;$&lt;read_str_from_txt&gt; =&gt; &lt;constructor_with_str_arg&gt;$&apos; then &apos;$&lt;read_str_from_txt&gt; =&gt; &lt;base64_ascii_str_pickle_to_object&gt;$]&apos;]&apos; -&gt; [Signals] then &apos;[Try &apos;$&lt;read_str_from_txt&gt; =&gt; &lt;constructor_with_str_arg&gt;$&apos; then &apos;$&lt;read_str_from_txt&gt; =&gt; &lt;base64_ascii_str_pickle_to_object&gt;$]&apos;]&apos; -&gt; [SocketKind] then &apos;[Try &apos;$&lt;read_str_from_txt&gt; =&gt; &lt;constructor_with_str_arg&gt;$&apos; then &apos;$&lt;read_str_from_txt&gt; =&gt; &lt;base64_ascii_str_pickle_to_object&gt;$]&apos;]&apos; -&gt; [HTTPStatus] then &apos;[Try &apos;$&lt;read_str_from_txt&gt; =&gt; &lt;constructor_with_str_arg&gt;$&apos; then &apos;$&lt;read_str_from_txt&gt; =&gt; &lt;base64_ascii_str_pickle_to_object&gt;$]&apos;]&apos; -&gt; [_SSLMethod] then &apos;[Try &apos;$&lt;read_str_from_txt&gt; =&gt; &lt;constructor_with_str_arg&gt;$&apos; then &apos;$&lt;read_str_from_txt&gt; =&gt; &lt;base64_ascii_str_pickle_to_object&gt;$]&apos;]&apos; -&gt; [_ParameterKind] then &apos;[Try &apos;$&lt;read_str_from_txt&gt; =&gt; &lt;constructor_with_str_arg&gt;$&apos; then &apos;$&lt;read_str_from_txt&gt; =&gt; &lt;base64_ascii_str_pickle_to_object&gt;$]&apos;]&apos; -&gt; [Sigmasks] then &apos;[Try &apos;$&lt;read_str_from_txt&gt; =&gt; &lt;constructor_with_str_arg&gt;$&apos; then &apos;$&lt;read_str_from_txt&gt; =&gt; &lt;base64_ascii_str_pickle_to_object&gt;$]&apos;]&apos; -&gt; [Handlers] then &apos;[Try &apos;$&lt;read_str_from_txt&gt; =&gt; &lt;constructor_with_str_arg&gt;$&apos; then &apos;$&lt;read_str_from_txt&gt; =&gt; &lt;base64_ascii_str_pickle_to_object&gt;$]&apos;]&apos; -&gt; [AddressFamily]]]
(B)                                                                                                              |--b.txt -&gt; int ------- using [Try &apos;$&lt;read_str_from_txt&gt; =&gt; &lt;str_to_int&gt;$&apos; then &apos;$&lt;read_str_from_txt&gt; =&gt; &lt;base64_ascii_str_pickle_to_object&gt; -&gt; &lt;bool_to_int&gt;$&apos; then &apos;$&lt;read_str_from_txt&gt; =&gt; &lt;base64_ascii_str_pickle_to_object&gt; -&gt; &lt;float_to_int&gt;$&apos; then &apos;$&lt;read_str_from_txt&gt; =&gt; &lt;base64_ascii_str_pickle_to_object&gt; -&gt; &lt;str_to_int&gt;$&apos; then &apos;$&lt;read_str_from_txt&gt; =&gt; &lt;str_to_bool&gt;$&apos; then &apos;$&lt;read_str_from_txt&gt; =&gt; &lt;base64_ascii_str_pickle_to_object&gt; -&gt; &lt;float_to_bool&gt;$&apos; then &apos;$&lt;read_str_from_txt&gt; =&gt; &lt;base64_ascii_str_pickle_to_object&gt; -&gt; &lt;int_to_bool&gt;$&apos; then &apos;$&lt;read_str_from_txt&gt; =&gt; &lt;base64_ascii_str_pickle_to_object&gt; -&gt; &lt;str_to_bool&gt;$&apos; then &apos;$&lt;read_str_from_txt&gt; =&gt; &lt;base64_ascii_str_pickle_to_object&gt;$]&apos;]
(B)                                                                                                              |--b.txt -&gt; int ------- using $&lt;read_str_from_txt&gt; =&gt; &lt;str_to_int&gt;$
(B)                                                                                                              |--c.txt -&gt; int ------- using [Try &apos;[Try &apos;$&lt;read_str_from_txt&gt; =&gt; &lt;str_to_int&gt;$&apos; then &apos;$&lt;read_str_from_txt&gt; =&gt; &lt;base64_ascii_str_pickle_to_object&gt; -&gt; &lt;bool_to_int&gt;$&apos; then &apos;$&lt;read_str_from_txt&gt; =&gt; &lt;base64_ascii_str_pickle_to_object&gt; -&gt; &lt;float_to_int&gt;$&apos; then &apos;$&lt;read_str_from_txt&gt; =&gt; &lt;base64_ascii_str_pickle_to_object&gt; -&gt; &lt;str_to_int&gt;$&apos; then &apos;$&lt;read_str_from_txt&gt; =&gt; &lt;str_to_bool&gt;$&apos; then &apos;$&lt;read_str_from_txt&gt; =&gt; &lt;base64_ascii_str_pickle_to_object&gt; -&gt; &lt;float_to_bool&gt;$&apos; then &apos;$&lt;read_str_from_txt&gt; =&gt; &lt;base64_ascii_str_pickle_to_object&gt; -&gt; &lt;int_to_bool&gt;$&apos; then &apos;$&lt;read_str_from_txt&gt; =&gt; &lt;base64_ascii_str_pickle_to_object&gt; -&gt; &lt;str_to_bool&gt;$&apos; then &apos;$&lt;read_str_from_txt&gt; =&gt; &lt;base64_ascii_str_pickle_to_object&gt;$]&apos;]&apos; -&gt; [int] then &apos;[Try &apos;$&lt;read_str_from_txt&gt; =&gt; &lt;str_to_bool&gt;$&apos; then &apos;$&lt;read_str_from_txt&gt; =&gt; &lt;base64_ascii_str_pickle_to_object&gt; -&gt; &lt;float_to_bool&gt;$&apos; then &apos;$&lt;read_str_from_txt&gt; =&gt; &lt;base64_ascii_str_pickle_to_object&gt; -&gt; &lt;int_to_bool&gt;$&apos; then &apos;$&lt;read_str_from_txt&gt; =&gt; &lt;base64_ascii_str_pickle_to_object&gt; -&gt; &lt;str_to_bool&gt;$&apos; then &apos;$&lt;read_str_from_txt&gt; =&gt; &lt;base64_ascii_str_pickle_to_object&gt;$]&apos;]&apos; -&gt; [bool] then &apos;[Try &apos;$&lt;read_str_from_txt&gt; =&gt; &lt;constructor_with_str_arg&gt;$&apos; then &apos;$&lt;read_str_from_txt&gt; =&gt; &lt;base64_ascii_str_pickle_to_object&gt;$]&apos;]&apos; -&gt; [_NamedIntConstant] then &apos;[Try &apos;$&lt;read_str_from_txt&gt; =&gt; &lt;constructor_with_str_arg&gt;$&apos; then &apos;$&lt;read_str_from_txt&gt; =&gt; &lt;base64_ascii_str_pickle_to_object&gt;$]&apos;]&apos; -&gt; [IntEnum] then &apos;[Try &apos;$&lt;read_str_from_txt&gt; =&gt; &lt;constructor_with_str_arg&gt;$&apos; then &apos;$&lt;read_str_from_txt&gt; =&gt; &lt;base64_ascii_str_pickle_to_object&gt;$]&apos;]&apos; -&gt; [Signals] then &apos;[Try &apos;$&lt;read_str_from_txt&gt; =&gt; &lt;constructor_with_str_arg&gt;$&apos; then &apos;$&lt;read_str_from_txt&gt; =&gt; &lt;base64_ascii_str_pickle_to_object&gt;$]&apos;]&apos; -&gt; [SocketKind] then &apos;[Try &apos;$&lt;read_str_from_txt&gt; =&gt; &lt;constructor_with_str_arg&gt;$&apos; then &apos;$&lt;read_str_from_txt&gt; =&gt; &lt;base64_ascii_str_pickle_to_object&gt;$]&apos;]&apos; -&gt; [HTTPStatus] then &apos;[Try &apos;$&lt;read_str_from_txt&gt; =&gt; &lt;constructor_with_str_arg&gt;$&apos; then &apos;$&lt;read_str_from_txt&gt; =&gt; &lt;base64_ascii_str_pickle_to_object&gt;$]&apos;]&apos; -&gt; [_SSLMethod] then &apos;[Try &apos;$&lt;read_str_from_txt&gt; =&gt; &lt;constructor_with_str_arg&gt;$&apos; then &apos;$&lt;read_str_from_txt&gt; =&gt; &lt;base64_ascii_str_pickle_to_object&gt;$]&apos;]&apos; -&gt; [_ParameterKind] then &apos;[Try &apos;$&lt;read_str_from_txt&gt; =&gt; &lt;constructor_with_str_arg&gt;$&apos; then &apos;$&lt;read_str_from_txt&gt; =&gt; &lt;base64_ascii_str_pickle_to_object&gt;$]&apos;]&apos; -&gt; [Sigmasks] then &apos;[Try &apos;$&lt;read_str_from_txt&gt; =&gt; &lt;constructor_with_str_arg&gt;$&apos; then &apos;$&lt;read_str_from_txt&gt; =&gt; &lt;base64_ascii_str_pickle_to_object&gt;$]&apos;]&apos; -&gt; [Handlers] then &apos;[Try &apos;$&lt;read_str_from_txt&gt; =&gt; &lt;constructor_with_str_arg&gt;$&apos; then &apos;$&lt;read_str_from_txt&gt; =&gt; &lt;base64_ascii_str_pickle_to_object&gt;$]&apos;]&apos; -&gt; [AddressFamily]]]
(B)                                                                                                              |--c.txt -&gt; int ------- using [Try &apos;$&lt;read_str_from_txt&gt; =&gt; &lt;str_to_int&gt;$&apos; then &apos;$&lt;read_str_from_txt&gt; =&gt; &lt;base64_ascii_str_pickle_to_object&gt; -&gt; &lt;bool_to_int&gt;$&apos; then &apos;$&lt;read_str_from_txt&gt; =&gt; &lt;base64_ascii_str_pickle_to_object&gt; -&gt; &lt;float_to_int&gt;$&apos; then &apos;$&lt;read_str_from_txt&gt; =&gt; &lt;base64_ascii_str_pickle_to_object&gt; -&gt; &lt;str_to_int&gt;$&apos; then &apos;$&lt;read_str_from_txt&gt; =&gt; &lt;str_to_bool&gt;$&apos; then &apos;$&lt;read_str_from_txt&gt; =&gt; &lt;base64_ascii_str_pickle_to_object&gt; -&gt; &lt;float_to_bool&gt;$&apos; then &apos;$&lt;read_str_from_txt&gt; =&gt; &lt;base64_ascii_str_pickle_to_object&gt; -&gt; &lt;int_to_bool&gt;$&apos; then &apos;$&lt;read_str_from_txt&gt; =&gt; &lt;base64_ascii_str_pickle_to_object&gt; -&gt; &lt;str_to_bool&gt;$&apos; then &apos;$&lt;read_str_from_txt&gt; =&gt; &lt;base64_ascii_str_pickle_to_object&gt;$]&apos;]
(B)                                                                                                              |--c.txt -&gt; int ------- using $&lt;read_str_from_txt&gt; =&gt; &lt;str_to_int&gt;$
(B)                                                                                                         |--set -&gt; Set[int] ------- using Multifile Collection parser (parsyfiles defaults)
(B)                                                                                                             |--a.txt -&gt; int ------- using [Try &apos;[Try &apos;$&lt;read_str_from_txt&gt; =&gt; &lt;str_to_int&gt;$&apos; then &apos;$&lt;read_str_from_txt&gt; =&gt; &lt;base64_ascii_str_pickle_to_object&gt; -&gt; &lt;bool_to_int&gt;$&apos; then &apos;$&lt;read_str_from_txt&gt; =&gt; &lt;base64_ascii_str_pickle_to_object&gt; -&gt; &lt;float_to_int&gt;$&apos; then &apos;$&lt;read_str_from_txt&gt; =&gt; &lt;base64_ascii_str_pickle_to_object&gt; -&gt; &lt;str_to_int&gt;$&apos; then &apos;$&lt;read_str_from_txt&gt; =&gt; &lt;str_to_bool&gt;$&apos; then &apos;$&lt;read_str_from_txt&gt; =&gt; &lt;base64_ascii_str_pickle_to_object&gt; -&gt; &lt;float_to_bool&gt;$&apos; then &apos;$&lt;read_str_from_txt&gt; =&gt; &lt;base64_ascii_str_pickle_to_object&gt; -&gt; &lt;int_to_bool&gt;$&apos; then &apos;$&lt;read_str_from_txt&gt; =&gt; &lt;base64_ascii_str_pickle_to_object&gt; -&gt; &lt;str_to_bool&gt;$&apos; then &apos;$&lt;read_str_from_txt&gt; =&gt; &lt;base64_ascii_str_pickle_to_object&gt;$]&apos;]&apos; -&gt; [int] then &apos;[Try &apos;$&lt;read_str_from_txt&gt; =&gt; &lt;str_to_bool&gt;$&apos; then &apos;$&lt;read_str_from_txt&gt; =&gt; &lt;base64_ascii_str_pickle_to_object&gt; -&gt; &lt;float_to_bool&gt;$&apos; then &apos;$&lt;read_str_from_txt&gt; =&gt; &lt;base64_ascii_str_pickle_to_object&gt; -&gt; &lt;int_to_bool&gt;$&apos; then &apos;$&lt;read_str_from_txt&gt; =&gt; &lt;base64_ascii_str_pickle_to_object&gt; -&gt; &lt;str_to_bool&gt;$&apos; then &apos;$&lt;read_str_from_txt&gt; =&gt; &lt;base64_ascii_str_pickle_to_object&gt;$]&apos;]&apos; -&gt; [bool] then &apos;[Try &apos;$&lt;read_str_from_txt&gt; =&gt; &lt;constructor_with_str_arg&gt;$&apos; then &apos;$&lt;read_str_from_txt&gt; =&gt; &lt;base64_ascii_str_pickle_to_object&gt;$]&apos;]&apos; -&gt; [_NamedIntConstant] then &apos;[Try &apos;$&lt;read_str_from_txt&gt; =&gt; &lt;constructor_with_str_arg&gt;$&apos; then &apos;$&lt;read_str_from_txt&gt; =&gt; &lt;base64_ascii_str_pickle_to_object&gt;$]&apos;]&apos; -&gt; [IntEnum] then &apos;[Try &apos;$&lt;read_str_from_txt&gt; =&gt; &lt;constructor_with_str_arg&gt;$&apos; then &apos;$&lt;read_str_from_txt&gt; =&gt; &lt;base64_ascii_str_pickle_to_object&gt;$]&apos;]&apos; -&gt; [Signals] then &apos;[Try &apos;$&lt;read_str_from_txt&gt; =&gt; &lt;constructor_with_str_arg&gt;$&apos; then &apos;$&lt;read_str_from_txt&gt; =&gt; &lt;base64_ascii_str_pickle_to_object&gt;$]&apos;]&apos; -&gt; [SocketKind] then &apos;[Try &apos;$&lt;read_str_from_txt&gt; =&gt; &lt;constructor_with_str_arg&gt;$&apos; then &apos;$&lt;read_str_from_txt&gt; =&gt; &lt;base64_ascii_str_pickle_to_object&gt;$]&apos;]&apos; -&gt; [HTTPStatus] then &apos;[Try &apos;$&lt;read_str_from_txt&gt; =&gt; &lt;constructor_with_str_arg&gt;$&apos; then &apos;$&lt;read_str_from_txt&gt; =&gt; &lt;base64_ascii_str_pickle_to_object&gt;$]&apos;]&apos; -&gt; [_SSLMethod] then &apos;[Try &apos;$&lt;read_str_from_txt&gt; =&gt; &lt;constructor_with_str_arg&gt;$&apos; then &apos;$&lt;read_str_from_txt&gt; =&gt; &lt;base64_ascii_str_pickle_to_object&gt;$]&apos;]&apos; -&gt; [_ParameterKind] then &apos;[Try &apos;$&lt;read_str_from_txt&gt; =&gt; &lt;constructor_with_str_arg&gt;$&apos; then &apos;$&lt;read_str_from_txt&gt; =&gt; &lt;base64_ascii_str_pickle_to_object&gt;$]&apos;]&apos; -&gt; [Sigmasks] then &apos;[Try &apos;$&lt;read_str_from_txt&gt; =&gt; &lt;constructor_with_str_arg&gt;$&apos; then &apos;$&lt;read_str_from_txt&gt; =&gt; &lt;base64_ascii_str_pickle_to_object&gt;$]&apos;]&apos; -&gt; [Handlers] then &apos;[Try &apos;$&lt;read_str_from_txt&gt; =&gt; &lt;constructor_with_str_arg&gt;$&apos; then &apos;$&lt;read_str_from_txt&gt; =&gt; &lt;base64_ascii_str_pickle_to_object&gt;$]&apos;]&apos; -&gt; [AddressFamily]]]
(B)                                                                                                             |--a.txt -&gt; int ------- using [Try &apos;$&lt;read_str_from_txt&gt; =&gt; &lt;str_to_int&gt;$&apos; then &apos;$&lt;read_str_from_txt&gt; =&gt; &lt;base64_ascii_str_pickle_to_object&gt; -&gt; &lt;bool_to_int&gt;$&apos; then &apos;$&lt;read_str_from_txt&gt; =&gt; &lt;base64_ascii_str_pickle_to_object&gt; -&gt; &lt;float_to_int&gt;$&apos; then &apos;$&lt;read_str_from_txt&gt; =&gt; &lt;base64_ascii_str_pickle_to_object&gt; -&gt; &lt;str_to_int&gt;$&apos; then &apos;$&lt;read_str_from_txt&gt; =&gt; &lt;str_to_bool&gt;$&apos; then &apos;$&lt;read_str_from_txt&gt; =&gt; &lt;base64_ascii_str_pickle_to_object&gt; -&gt; &lt;float_to_bool&gt;$&apos; then &apos;$&lt;read_str_from_txt&gt; =&gt; &lt;base64_ascii_str_pickle_to_object&gt; -&gt; &lt;int_to_bool&gt;$&apos; then &apos;$&lt;read_str_from_txt&gt; =&gt; &lt;base64_ascii_str_pickle_to_object&gt; -&gt; &lt;str_to_bool&gt;$&apos; then &apos;$&lt;read_str_from_txt&gt; =&gt; &lt;base64_ascii_str_pickle_to_object&gt;$]&apos;]
(B)                                                                                                             |--a.txt -&gt; int ------- using $&lt;read_str_from_txt&gt; =&gt; &lt;str_to_int&gt;$
(B)                                                                                                             |--b.txt -&gt; int ------- using [Try &apos;[Try &apos;$&lt;read_str_from_txt&gt; =&gt; &lt;str_to_int&gt;$&apos; then &apos;$&lt;read_str_from_txt&gt; =&gt; &lt;base64_ascii_str_pickle_to_object&gt; -&gt; &lt;bool_to_int&gt;$&apos; then &apos;$&lt;read_str_from_txt&gt; =&gt; &lt;base64_ascii_str_pickle_to_object&gt; -&gt; &lt;float_to_int&gt;$&apos; then &apos;$&lt;read_str_from_txt&gt; =&gt; &lt;base64_ascii_str_pickle_to_object&gt; -&gt; &lt;str_to_int&gt;$&apos; then &apos;$&lt;read_str_from_txt&gt; =&gt; &lt;str_to_bool&gt;$&apos; then &apos;$&lt;read_str_from_txt&gt; =&gt; &lt;base64_ascii_str_pickle_to_object&gt; -&gt; &lt;float_to_bool&gt;$&apos; then &apos;$&lt;read_str_from_txt&gt; =&gt; &lt;base64_ascii_str_pickle_to_object&gt; -&gt; &lt;int_to_bool&gt;$&apos; then &apos;$&lt;read_str_from_txt&gt; =&gt; &lt;base64_ascii_str_pickle_to_object&gt; -&gt; &lt;str_to_bool&gt;$&apos; then &apos;$&lt;read_str_from_txt&gt; =&gt; &lt;base64_ascii_str_pickle_to_object&gt;$]&apos;]&apos; -&gt; [int] then &apos;[Try &apos;$&lt;read_str_from_txt&gt; =&gt; &lt;str_to_bool&gt;$&apos; then &apos;$&lt;read_str_from_txt&gt; =&gt; &lt;base64_ascii_str_pickle_to_object&gt; -&gt; &lt;float_to_bool&gt;$&apos; then &apos;$&lt;read_str_from_txt&gt; =&gt; &lt;base64_ascii_str_pickle_to_object&gt; -&gt; &lt;int_to_bool&gt;$&apos; then &apos;$&lt;read_str_from_txt&gt; =&gt; &lt;base64_ascii_str_pickle_to_object&gt; -&gt; &lt;str_to_bool&gt;$&apos; then &apos;$&lt;read_str_from_txt&gt; =&gt; &lt;base64_ascii_str_pickle_to_object&gt;$]&apos;]&apos; -&gt; [bool] then &apos;[Try &apos;$&lt;read_str_from_txt&gt; =&gt; &lt;constructor_with_str_arg&gt;$&apos; then &apos;$&lt;read_str_from_txt&gt; =&gt; &lt;base64_ascii_str_pickle_to_object&gt;$]&apos;]&apos; -&gt; [_NamedIntConstant] then &apos;[Try &apos;$&lt;read_str_from_txt&gt; =&gt; &lt;constructor_with_str_arg&gt;$&apos; then &apos;$&lt;read_str_from_txt&gt; =&gt; &lt;base64_ascii_str_pickle_to_object&gt;$]&apos;]&apos; -&gt; [IntEnum] then &apos;[Try &apos;$&lt;read_str_from_txt&gt; =&gt; &lt;constructor_with_str_arg&gt;$&apos; then &apos;$&lt;read_str_from_txt&gt; =&gt; &lt;base64_ascii_str_pickle_to_object&gt;$]&apos;]&apos; -&gt; [Signals] then &apos;[Try &apos;$&lt;read_str_from_txt&gt; =&gt; &lt;constructor_with_str_arg&gt;$&apos; then &apos;$&lt;read_str_from_txt&gt; =&gt; &lt;base64_ascii_str_pickle_to_object&gt;$]&apos;]&apos; -&gt; [SocketKind] then &apos;[Try &apos;$&lt;read_str_from_txt&gt; =&gt; &lt;constructor_with_str_arg&gt;$&apos; then &apos;$&lt;read_str_from_txt&gt; =&gt; &lt;base64_ascii_str_pickle_to_object&gt;$]&apos;]&apos; -&gt; [HTTPStatus] then &apos;[Try &apos;$&lt;read_str_from_txt&gt; =&gt; &lt;constructor_with_str_arg&gt;$&apos; then &apos;$&lt;read_str_from_txt&gt; =&gt; &lt;base64_ascii_str_pickle_to_object&gt;$]&apos;]&apos; -&gt; [_SSLMethod] then &apos;[Try &apos;$&lt;read_str_from_txt&gt; =&gt; &lt;constructor_with_str_arg&gt;$&apos; then &apos;$&lt;read_str_from_txt&gt; =&gt; &lt;base64_ascii_str_pickle_to_object&gt;$]&apos;]&apos; -&gt; [_ParameterKind] then &apos;[Try &apos;$&lt;read_str_from_txt&gt; =&gt; &lt;constructor_with_str_arg&gt;$&apos; then &apos;$&lt;read_str_from_txt&gt; =&gt; &lt;base64_ascii_str_pickle_to_object&gt;$]&apos;]&apos; -&gt; [Sigmasks] then &apos;[Try &apos;$&lt;read_str_from_txt&gt; =&gt; &lt;constructor_with_str_arg&gt;$&apos; then &apos;$&lt;read_str_from_txt&gt; =&gt; &lt;base64_ascii_str_pickle_to_object&gt;$]&apos;]&apos; -&gt; [Handlers] then &apos;[Try &apos;$&lt;read_str_from_txt&gt; =&gt; &lt;constructor_with_str_arg&gt;$&apos; then &apos;$&lt;read_str_from_txt&gt; =&gt; &lt;base64_ascii_str_pickle_to_object&gt;$]&apos;]&apos; -&gt; [AddressFamily]]]
(B)                                                                                                             |--b.txt -&gt; int ------- using [Try &apos;$&lt;read_str_from_txt&gt; =&gt; &lt;str_to_int&gt;$&apos; then &apos;$&lt;read_str_from_txt&gt; =&gt; &lt;base64_ascii_str_pickle_to_object&gt; -&gt; &lt;bool_to_int&gt;$&apos; then &apos;$&lt;read_str_from_txt&gt; =&gt; &lt;base64_ascii_str_pickle_to_object&gt; -&gt; &lt;float_to_int&gt;$&apos; then &apos;$&lt;read_str_from_txt&gt; =&gt; &lt;base64_ascii_str_pickle_to_object&gt; -&gt; &lt;str_to_int&gt;$&apos; then &apos;$&lt;read_str_from_txt&gt; =&gt; &lt;str_to_bool&gt;$&apos; then &apos;$&lt;read_str_from_txt&gt; =&gt; &lt;base64_ascii_str_pickle_to_object&gt; -&gt; &lt;float_to_bool&gt;$&apos; then &apos;$&lt;read_str_from_txt&gt; =&gt; &lt;base64_ascii_str_pickle_to_object&gt; -&gt; &lt;int_to_bool&gt;$&apos; then &apos;$&lt;read_str_from_txt&gt; =&gt; &lt;base64_ascii_str_pickle_to_object&gt; -&gt; &lt;str_to_bool&gt;$&apos; then &apos;$&lt;read_str_from_txt&gt; =&gt; &lt;base64_ascii_str_pickle_to_object&gt;$]&apos;]
(B)                                                                                                             |--b.txt -&gt; int ------- using $&lt;read_str_from_txt&gt; =&gt; &lt;str_to_int&gt;$
(B)                                                                                                             |--c.txt -&gt; int ------- using [Try &apos;[Try &apos;$&lt;read_str_from_txt&gt; =&gt; &lt;str_to_int&gt;$&apos; then &apos;$&lt;read_str_from_txt&gt; =&gt; &lt;base64_ascii_str_pickle_to_object&gt; -&gt; &lt;bool_to_int&gt;$&apos; then &apos;$&lt;read_str_from_txt&gt; =&gt; &lt;base64_ascii_str_pickle_to_object&gt; -&gt; &lt;float_to_int&gt;$&apos; then &apos;$&lt;read_str_from_txt&gt; =&gt; &lt;base64_ascii_str_pickle_to_object&gt; -&gt; &lt;str_to_int&gt;$&apos; then &apos;$&lt;read_str_from_txt&gt; =&gt; &lt;str_to_bool&gt;$&apos; then &apos;$&lt;read_str_from_txt&gt; =&gt; &lt;base64_ascii_str_pickle_to_object&gt; -&gt; &lt;float_to_bool&gt;$&apos; then &apos;$&lt;read_str_from_txt&gt; =&gt; &lt;base64_ascii_str_pickle_to_object&gt; -&gt; &lt;int_to_bool&gt;$&apos; then &apos;$&lt;read_str_from_txt&gt; =&gt; &lt;base64_ascii_str_pickle_to_object&gt; -&gt; &lt;str_to_bool&gt;$&apos; then &apos;$&lt;read_str_from_txt&gt; =&gt; &lt;base64_ascii_str_pickle_to_object&gt;$]&apos;]&apos; -&gt; [int] then &apos;[Try &apos;$&lt;read_str_from_txt&gt; =&gt; &lt;str_to_bool&gt;$&apos; then &apos;$&lt;read_str_from_txt&gt; =&gt; &lt;base64_ascii_str_pickle_to_object&gt; -&gt; &lt;float_to_bool&gt;$&apos; then &apos;$&lt;read_str_from_txt&gt; =&gt; &lt;base64_ascii_str_pickle_to_object&gt; -&gt; &lt;int_to_bool&gt;$&apos; then &apos;$&lt;read_str_from_txt&gt; =&gt; &lt;base64_ascii_str_pickle_to_object&gt; -&gt; &lt;str_to_bool&gt;$&apos; then &apos;$&lt;read_str_from_txt&gt; =&gt; &lt;base64_ascii_str_pickle_to_object&gt;$]&apos;]&apos; -&gt; [bool] then &apos;[Try &apos;$&lt;read_str_from_txt&gt; =&gt; &lt;constructor_with_str_arg&gt;$&apos; then &apos;$&lt;read_str_from_txt&gt; =&gt; &lt;base64_ascii_str_pickle_to_object&gt;$]&apos;]&apos; -&gt; [_NamedIntConstant] then &apos;[Try &apos;$&lt;read_str_from_txt&gt; =&gt; &lt;constructor_with_str_arg&gt;$&apos; then &apos;$&lt;read_str_from_txt&gt; =&gt; &lt;base64_ascii_str_pickle_to_object&gt;$]&apos;]&apos; -&gt; [IntEnum] then &apos;[Try &apos;$&lt;read_str_from_txt&gt; =&gt; &lt;constructor_with_str_arg&gt;$&apos; then &apos;$&lt;read_str_from_txt&gt; =&gt; &lt;base64_ascii_str_pickle_to_object&gt;$]&apos;]&apos; -&gt; [Signals] then &apos;[Try &apos;$&lt;read_str_from_txt&gt; =&gt; &lt;constructor_with_str_arg&gt;$&apos; then &apos;$&lt;read_str_from_txt&gt; =&gt; &lt;base64_ascii_str_pickle_to_object&gt;$]&apos;]&apos; -&gt; [SocketKind] then &apos;[Try &apos;$&lt;read_str_from_txt&gt; =&gt; &lt;constructor_with_str_arg&gt;$&apos; then &apos;$&lt;read_str_from_txt&gt; =&gt; &lt;base64_ascii_str_pickle_to_object&gt;$]&apos;]&apos; -&gt; [HTTPStatus] then &apos;[Try &apos;$&lt;read_str_from_txt&gt; =&gt; &lt;constructor_with_str_arg&gt;$&apos; then &apos;$&lt;read_str_from_txt&gt; =&gt; &lt;base64_ascii_str_pickle_to_object&gt;$]&apos;]&apos; -&gt; [_SSLMethod] then &apos;[Try &apos;$&lt;read_str_from_txt&gt; =&gt; &lt;constructor_with_str_arg&gt;$&apos; then &apos;$&lt;read_str_from_txt&gt; =&gt; &lt;base64_ascii_str_pickle_to_object&gt;$]&apos;]&apos; -&gt; [_ParameterKind] then &apos;[Try &apos;$&lt;read_str_from_txt&gt; =&gt; &lt;constructor_with_str_arg&gt;$&apos; then &apos;$&lt;read_str_from_txt&gt; =&gt; &lt;base64_ascii_str_pickle_to_object&gt;$]&apos;]&apos; -&gt; [Sigmasks] then &apos;[Try &apos;$&lt;read_str_from_txt&gt; =&gt; &lt;constructor_with_str_arg&gt;$&apos; then &apos;$&lt;read_str_from_txt&gt; =&gt; &lt;base64_ascii_str_pickle_to_object&gt;$]&apos;]&apos; -&gt; [Handlers] then &apos;[Try &apos;$&lt;read_str_from_txt&gt; =&gt; &lt;constructor_with_str_arg&gt;$&apos; then &apos;$&lt;read_str_from_txt&gt; =&gt; &lt;base64_ascii_str_pickle_to_object&gt;$]&apos;]&apos; -&gt; [AddressFamily]]]
(B)                                                                                                             |--c.txt -&gt; int ------- using [Try &apos;$&lt;read_str_from_txt&gt; =&gt; &lt;str_to_int&gt;$&apos; then &apos;$&lt;read_str_from_txt&gt; =&gt; &lt;base64_ascii_str_pickle_to_object&gt; -&gt; &lt;bool_to_int&gt;$&apos; then &apos;$&lt;read_str_from_txt&gt; =&gt; &lt;base64_ascii_str_pickle_to_object&gt; -&gt; &lt;float_to_int&gt;$&apos; then &apos;$&lt;read_str_from_txt&gt; =&gt; &lt;base64_ascii_str_pickle_to_object&gt; -&gt; &lt;str_to_int&gt;$&apos; then &apos;$&lt;read_str_from_txt&gt; =&gt; &lt;str_to_bool&gt;$&apos; then &apos;$&lt;read_str_from_txt&gt; =&gt; &lt;base64_ascii_str_pickle_to_object&gt; -&gt; &lt;float_to_bool&gt;$&apos; then &apos;$&lt;read_str_from_txt&gt; =&gt; &lt;base64_ascii_str_pickle_to_object&gt; -&gt; &lt;int_to_bool&gt;$&apos; then &apos;$&lt;read_str_from_txt&gt; =&gt; &lt;base64_ascii_str_pickle_to_object&gt; -&gt; &lt;str_to_bool&gt;$&apos; then &apos;$&lt;read_str_from_txt&gt; =&gt; &lt;base64_ascii_str_pickle_to_object&gt;$]&apos;]
(B)                                                                                                             |--c.txt -&gt; int ------- using $&lt;read_str_from_txt&gt; =&gt; &lt;str_to_int&gt;$
(B)                                                                                                         |--tuple -&gt; Tuple[str, int, str] ------- using Multifile Collection parser (parsyfiles defaults)
(B)                                                                                                               |--a.txt -&gt; str ------- using [Try &apos;&lt;read_str_from_txt&gt;&apos; -&gt; [str] then &apos;[Try &apos;$&lt;read_str_from_txt&gt; =&gt; &lt;constructor_with_str_arg&gt;$&apos; then &apos;$&lt;read_str_from_txt&gt; =&gt; &lt;base64_ascii_str_pickle_to_object&gt;$]&apos;]&apos; -&gt; [_rstr] then &apos;[Try &apos;$&lt;read_str_from_txt&gt; =&gt; &lt;constructor_with_str_arg&gt;$&apos; then &apos;$&lt;read_str_from_txt&gt; =&gt; &lt;base64_ascii_str_pickle_to_object&gt;$]&apos;]&apos; -&gt; [str_]]]
(B)                                                                                                               |--a.txt -&gt; str ------- using &lt;read_str_from_txt&gt;
(B)                                                                                                               |--b.txt -&gt; int ------- using [Try &apos;[Try &apos;$&lt;read_str_from_txt&gt; =&gt; &lt;str_to_int&gt;$&apos; then &apos;$&lt;read_str_from_txt&gt; =&gt; &lt;base64_ascii_str_pickle_to_object&gt; -&gt; &lt;bool_to_int&gt;$&apos; then &apos;$&lt;read_str_from_txt&gt; =&gt; &lt;base64_ascii_str_pickle_to_object&gt; -&gt; &lt;float_to_int&gt;$&apos; then &apos;$&lt;read_str_from_txt&gt; =&gt; &lt;base64_ascii_str_pickle_to_object&gt; -&gt; &lt;str_to_int&gt;$&apos; then &apos;$&lt;read_str_from_txt&gt; =&gt; &lt;str_to_bool&gt;$&apos; then &apos;$&lt;read_str_from_txt&gt; =&gt; &lt;base64_ascii_str_pickle_to_object&gt; -&gt; &lt;float_to_bool&gt;$&apos; then &apos;$&lt;read_str_from_txt&gt; =&gt; &lt;base64_ascii_str_pickle_to_object&gt; -&gt; &lt;int_to_bool&gt;$&apos; then &apos;$&lt;read_str_from_txt&gt; =&gt; &lt;base64_ascii_str_pickle_to_object&gt; -&gt; &lt;str_to_bool&gt;$&apos; then &apos;$&lt;read_str_from_txt&gt; =&gt; &lt;base64_ascii_str_pickle_to_object&gt;$]&apos;]&apos; -&gt; [int] then &apos;[Try &apos;$&lt;read_str_from_txt&gt; =&gt; &lt;str_to_bool&gt;$&apos; then &apos;$&lt;read_str_from_txt&gt; =&gt; &lt;base64_ascii_str_pickle_to_object&gt; -&gt; &lt;float_to_bool&gt;$&apos; then &apos;$&lt;read_str_from_txt&gt; =&gt; &lt;base64_ascii_str_pickle_to_object&gt; -&gt; &lt;int_to_bool&gt;$&apos; then &apos;$&lt;read_str_from_txt&gt; =&gt; &lt;base64_ascii_str_pickle_to_object&gt; -&gt; &lt;str_to_bool&gt;$&apos; then &apos;$&lt;read_str_from_txt&gt; =&gt; &lt;base64_ascii_str_pickle_to_object&gt;$]&apos;]&apos; -&gt; [bool] then &apos;[Try &apos;$&lt;read_str_from_txt&gt; =&gt; &lt;constructor_with_str_arg&gt;$&apos; then &apos;$&lt;read_str_from_txt&gt; =&gt; &lt;base64_ascii_str_pickle_to_object&gt;$]&apos;]&apos; -&gt; [_NamedIntConstant] then &apos;[Try &apos;$&lt;read_str_from_txt&gt; =&gt; &lt;constructor_with_str_arg&gt;$&apos; then &apos;$&lt;read_str_from_txt&gt; =&gt; &lt;base64_ascii_str_pickle_to_object&gt;$]&apos;]&apos; -&gt; [IntEnum] then &apos;[Try &apos;$&lt;read_str_from_txt&gt; =&gt; &lt;constructor_with_str_arg&gt;$&apos; then &apos;$&lt;read_str_from_txt&gt; =&gt; &lt;base64_ascii_str_pickle_to_object&gt;$]&apos;]&apos; -&gt; [Signals] then &apos;[Try &apos;$&lt;read_str_from_txt&gt; =&gt; &lt;constructor_with_str_arg&gt;$&apos; then &apos;$&lt;read_str_from_txt&gt; =&gt; &lt;base64_ascii_str_pickle_to_object&gt;$]&apos;]&apos; -&gt; [SocketKind] then &apos;[Try &apos;$&lt;read_str_from_txt&gt; =&gt; &lt;constructor_with_str_arg&gt;$&apos; then &apos;$&lt;read_str_from_txt&gt; =&gt; &lt;base64_ascii_str_pickle_to_object&gt;$]&apos;]&apos; -&gt; [HTTPStatus] then &apos;[Try &apos;$&lt;read_str_from_txt&gt; =&gt; &lt;constructor_with_str_arg&gt;$&apos; then &apos;$&lt;read_str_from_txt&gt; =&gt; &lt;base64_ascii_str_pickle_to_object&gt;$]&apos;]&apos; -&gt; [_SSLMethod] then &apos;[Try &apos;$&lt;read_str_from_txt&gt; =&gt; &lt;constructor_with_str_arg&gt;$&apos; then &apos;$&lt;read_str_from_txt&gt; =&gt; &lt;base64_ascii_str_pickle_to_object&gt;$]&apos;]&apos; -&gt; [_ParameterKind] then &apos;[Try &apos;$&lt;read_str_from_txt&gt; =&gt; &lt;constructor_with_str_arg&gt;$&apos; then &apos;$&lt;read_str_from_txt&gt; =&gt; &lt;base64_ascii_str_pickle_to_object&gt;$]&apos;]&apos; -&gt; [Sigmasks] then &apos;[Try &apos;$&lt;read_str_from_txt&gt; =&gt; &lt;constructor_with_str_arg&gt;$&apos; then &apos;$&lt;read_str_from_txt&gt; =&gt; &lt;base64_ascii_str_pickle_to_object&gt;$]&apos;]&apos; -&gt; [Handlers] then &apos;[Try &apos;$&lt;read_str_from_txt&gt; =&gt; &lt;constructor_with_str_arg&gt;$&apos; then &apos;$&lt;read_str_from_txt&gt; =&gt; &lt;base64_ascii_str_pickle_to_object&gt;$]&apos;]&apos; -&gt; [AddressFamily]]]
(B)                                                                                                               |--b.txt -&gt; int ------- using [Try &apos;$&lt;read_str_from_txt&gt; =&gt; &lt;str_to_int&gt;$&apos; then &apos;$&lt;read_str_from_txt&gt; =&gt; &lt;base64_ascii_str_pickle_to_object&gt; -&gt; &lt;bool_to_int&gt;$&apos; then &apos;$&lt;read_str_from_txt&gt; =&gt; &lt;base64_ascii_str_pickle_to_object&gt; -&gt; &lt;float_to_int&gt;$&apos; then &apos;$&lt;read_str_from_txt&gt; =&gt; &lt;base64_ascii_str_pickle_to_object&gt; -&gt; &lt;str_to_int&gt;$&apos; then &apos;$&lt;read_str_from_txt&gt; =&gt; &lt;str_to_bool&gt;$&apos; then &apos;$&lt;read_str_from_txt&gt; =&gt; &lt;base64_ascii_str_pickle_to_object&gt; -&gt; &lt;float_to_bool&gt;$&apos; then &apos;$&lt;read_str_from_txt&gt; =&gt; &lt;base64_ascii_str_pickle_to_object&gt; -&gt; &lt;int_to_bool&gt;$&apos; then &apos;$&lt;read_str_from_txt&gt; =&gt; &lt;base64_ascii_str_pickle_to_object&gt; -&gt; &lt;str_to_bool&gt;$&apos; then &apos;$&lt;read_str_from_txt&gt; =&gt; &lt;base64_ascii_str_pickle_to_object&gt;$]&apos;]
(B)                                                                                                               |--b.txt -&gt; int ------- using $&lt;read_str_from_txt&gt; =&gt; &lt;str_to_int&gt;$
(B)                                                                                                               |--c.txt -&gt; str ------- using [Try &apos;&lt;read_str_from_txt&gt;&apos; -&gt; [str] then &apos;[Try &apos;$&lt;read_str_from_txt&gt; =&gt; &lt;constructor_with_str_arg&gt;$&apos; then &apos;$&lt;read_str_from_txt&gt; =&gt; &lt;base64_ascii_str_pickle_to_object&gt;$]&apos;]&apos; -&gt; [_rstr] then &apos;[Try &apos;$&lt;read_str_from_txt&gt; =&gt; &lt;constructor_with_str_arg&gt;$&apos; then &apos;$&lt;read_str_from_txt&gt; =&gt; &lt;base64_ascii_str_pickle_to_object&gt;$]&apos;]&apos; -&gt; [str_]]]
(B)                                                                                                               |--c.txt -&gt; str ------- using &lt;read_str_from_txt&gt;
Parsing Plan created successfully

Executing Parsing Plan for [/home/travis/build/smarie/python-parsyfiles/parsyfiles/tests/parsing_capabilities_by_type/collections_data]
(P) /home/travis/build/smarie/python-parsyfiles/parsyfiles/tests/parsing_capabilities_by_type/collections_data -&gt; Tuple[Dict[str, int], List[int], Set[int], Tuple[str, int, str]] ------- using Multifile Collection parser (parsyfiles defaults)
(P)                                                                                                         |--dict -&gt; Dict[str, int] ------- using Multifile Collection parser (parsyfiles defaults)
(P)                                                                                                              |--a.txt -&gt; int ------- using $&lt;read_str_from_txt&gt; =&gt; &lt;str_to_int&gt;$
(P)                                                                                                              |--a.txt -&gt; int SUCCESS !
(P)                                                                                                              |--b.txt -&gt; int ------- using $&lt;read_str_from_txt&gt; =&gt; &lt;str_to_int&gt;$
(P)                                                                                                              |--b.txt -&gt; int SUCCESS !
(P)                                                                                                              |--c.txt -&gt; int ------- using $&lt;read_str_from_txt&gt; =&gt; &lt;str_to_int&gt;$
(P)                                                                                                              |--c.txt -&gt; int SUCCESS !
(P)                                                                                                         |--dict -&gt; Dict[str, int] SUCCESS !
(P)                                                                                                         |--list -&gt; List[int] ------- using Multifile Collection parser (parsyfiles defaults)
(P)                                                                                                              |--a.txt -&gt; int ------- using $&lt;read_str_from_txt&gt; =&gt; &lt;str_to_int&gt;$
(P)                                                                                                              |--a.txt -&gt; int SUCCESS !
(P)                                                                                                              |--b.txt -&gt; int ------- using $&lt;read_str_from_txt&gt; =&gt; &lt;str_to_int&gt;$
(P)                                                                                                              |--b.txt -&gt; int SUCCESS !
(P)                                                                                                              |--c.txt -&gt; int ------- using $&lt;read_str_from_txt&gt; =&gt; &lt;str_to_int&gt;$
(P)                                                                                                              |--c.txt -&gt; int SUCCESS !
(P)                                                                                                         |--list -&gt; List[int] SUCCESS !
(P)                                                                                                         |--set -&gt; Set[int] ------- using Multifile Collection parser (parsyfiles defaults)
(P)                                                                                                             |--a.txt -&gt; int ------- using $&lt;read_str_from_txt&gt; =&gt; &lt;str_to_int&gt;$
(P)                                                                                                             |--a.txt -&gt; int SUCCESS !
(P)                                                                                                             |--b.txt -&gt; int ------- using $&lt;read_str_from_txt&gt; =&gt; &lt;str_to_int&gt;$
(P)                                                                                                             |--b.txt -&gt; int SUCCESS !
(P)                                                                                                             |--c.txt -&gt; int ------- using $&lt;read_str_from_txt&gt; =&gt; &lt;str_to_int&gt;$
(P)                                                                                                             |--c.txt -&gt; int SUCCESS !
(P)                                                                                                         |--set -&gt; Set[int] SUCCESS !
(P)                                                                                                         |--tuple -&gt; Tuple[str, int, str] ------- using Multifile Collection parser (parsyfiles defaults)
(P)                                                                                                               |--a.txt -&gt; str ------- using &lt;read_str_from_txt&gt;
(P)                                                                                                               |--a.txt -&gt; str SUCCESS !
(P)                                                                                                               |--b.txt -&gt; int ------- using $&lt;read_str_from_txt&gt; =&gt; &lt;str_to_int&gt;$
(P)                                                                                                               |--b.txt -&gt; int SUCCESS !
(P)                                                                                                               |--c.txt -&gt; str ------- using &lt;read_str_from_txt&gt;
(P)                                                                                                               |--c.txt -&gt; str SUCCESS !
(P)                                                                                                         |--tuple -&gt; Tuple[str, int, str] SUCCESS !
(P)                                                                                        |--collections_data -&gt; Tuple[Dict[str, int], List[int], Set[int], Tuple[str, int, str]] SUCCESS !
Completed parsing successfully

(OrderedDict([(&apos;a&apos;, 1), (&apos;b&apos;, 2), (&apos;c&apos;, 3)]), [1, 2, 3], {1, 2, 3}, (&apos;text&apos;, 2, &apos;text&apos;))
</system-out></testcase><testcase classname="parsyfiles.tests.parsing_capabilities_by_type.test_parse_collections" file="parsyfiles/tests/parsing_capabilities_by_type/test_parse_collections.py" line="37" name="test_nested_and_custom_dict1" time="0.5055656433105469"><system-out>**** Starting to parse single object of type &lt;Dict[str, Foo]&gt; at location /home/travis/build/smarie/python-parsyfiles/parsyfiles/tests/parsing_capabilities_by_type/collections_data2/foo_file ****
Checking all files under [/home/travis/build/smarie/python-parsyfiles/parsyfiles/tests/parsing_capabilities_by_type/collections_data2/foo_file]
(C) /home/travis/build/smarie/python-parsyfiles/parsyfiles/tests/parsing_capabilities_by_type/collections_data2/foo_file (singlefile, .yaml)
File checks done

Building a parsing plan to parse [/home/travis/build/smarie/python-parsyfiles/parsyfiles/tests/parsing_capabilities_by_type/collections_data2/foo_file] into a Dict[str, Foo]
(B) /home/travis/build/smarie/python-parsyfiles/parsyfiles/tests/parsing_capabilities_by_type/collections_data2/foo_file.yaml -&gt; Dict[str, Foo] ------- using [Try &apos;&lt;read_collection_from_yaml&gt;&apos; then &apos;$&lt;read_object_from_yaml&gt; =&gt; &lt;single_row_or_col_df_to_dict&gt;$&apos; then &apos;$&lt;read_object_from_yaml&gt; =&gt; &lt;merge_all_config_sections_into_a_single_dict&gt;$&apos; then &apos;$&lt;read_object_from_yaml&gt; =&gt; &lt;config_to_dict_of_dict&gt;$&apos; then &apos;&lt;read_object_from_yaml&gt;]&apos;]
(B)                                                                                                          |--foo_file.yaml -&gt; Dict[str, Foo] ------- using &lt;read_collection_from_yaml&gt;
Parsing Plan created successfully

Executing Parsing Plan for [/home/travis/build/smarie/python-parsyfiles/parsyfiles/tests/parsing_capabilities_by_type/collections_data2/foo_file]
(P) /home/travis/build/smarie/python-parsyfiles/parsyfiles/tests/parsing_capabilities_by_type/collections_data2/foo_file.yaml -&gt; Dict[str, Foo] ------- using &lt;read_collection_from_yaml&gt;
(P)                                                                                                          |--foo_file.yaml -&gt; Dict[str, Foo] SUCCESS !
Completed parsing successfully

</system-out></testcase><testcase classname="parsyfiles.tests.parsing_capabilities_by_type.test_parse_collections" file="parsyfiles/tests/parsing_capabilities_by_type/test_parse_collections.py" line="45" name="test_nested_and_custom_dict2" time="0.5506858825683594"><system-out>**** Starting to parse single object of type &lt;Dict[str, FooDct]&gt; at location /home/travis/build/smarie/python-parsyfiles/parsyfiles/tests/parsing_capabilities_by_type/collections_data2/foo_file2 ****
Checking all files under [/home/travis/build/smarie/python-parsyfiles/parsyfiles/tests/parsing_capabilities_by_type/collections_data2/foo_file2]
(C) /home/travis/build/smarie/python-parsyfiles/parsyfiles/tests/parsing_capabilities_by_type/collections_data2/foo_file2 (singlefile, .yaml)
File checks done

Building a parsing plan to parse [/home/travis/build/smarie/python-parsyfiles/parsyfiles/tests/parsing_capabilities_by_type/collections_data2/foo_file2] into a Dict[str, FooDct]
(B) /home/travis/build/smarie/python-parsyfiles/parsyfiles/tests/parsing_capabilities_by_type/collections_data2/foo_file2.yaml -&gt; Dict[str, FooDct] ------- using [Try &apos;&lt;read_collection_from_yaml&gt;&apos; then &apos;$&lt;read_object_from_yaml&gt; =&gt; &lt;single_row_or_col_df_to_dict&gt;$&apos; then &apos;$&lt;read_object_from_yaml&gt; =&gt; &lt;merge_all_config_sections_into_a_single_dict&gt;$&apos; then &apos;$&lt;read_object_from_yaml&gt; =&gt; &lt;config_to_dict_of_dict&gt;$&apos; then &apos;&lt;read_object_from_yaml&gt;]&apos;]
(B)                                                                                                          |--foo_file2.yaml -&gt; Dict[str, FooDct] ------- using &lt;read_collection_from_yaml&gt;
Parsing Plan created successfully

Executing Parsing Plan for [/home/travis/build/smarie/python-parsyfiles/parsyfiles/tests/parsing_capabilities_by_type/collections_data2/foo_file2]
(P) /home/travis/build/smarie/python-parsyfiles/parsyfiles/tests/parsing_capabilities_by_type/collections_data2/foo_file2.yaml -&gt; Dict[str, FooDct] ------- using &lt;read_collection_from_yaml&gt;
(P)                                                                                                          |--foo_file2.yaml -&gt; Dict[str, FooDct] SUCCESS !
Completed parsing successfully

</system-out></testcase><testcase classname="parsyfiles.tests.parsing_capabilities_by_type.test_parse_collections" file="parsyfiles/tests/parsing_capabilities_by_type/test_parse_collections.py" line="53" name="test_nested_and_custom_dict3" time="0.03978586196899414"><system-out>**** Starting to parse single object of type &lt;FooDct&gt; at location /home/travis/build/smarie/python-parsyfiles/parsyfiles/tests/parsing_capabilities_by_type/collections_data2/foo_file ****
Checking all files under [/home/travis/build/smarie/python-parsyfiles/parsyfiles/tests/parsing_capabilities_by_type/collections_data2/foo_file]
(C) /home/travis/build/smarie/python-parsyfiles/parsyfiles/tests/parsing_capabilities_by_type/collections_data2/foo_file (singlefile, .yaml)
File checks done

Building a parsing plan to parse [/home/travis/build/smarie/python-parsyfiles/parsyfiles/tests/parsing_capabilities_by_type/collections_data2/foo_file] into a FooDct
(B) /home/travis/build/smarie/python-parsyfiles/parsyfiles/tests/parsing_capabilities_by_type/collections_data2/foo_file.yaml -&gt; FooDct ------- using [Try &apos;&lt;read_object_from_yaml&gt;&apos; then &apos;$&lt;read_collection_from_yaml&gt; =&gt; &lt;dict_to_object&gt;$]&apos;]
(B)                                                                                                          |--foo_file.yaml -&gt; FooDct ------- using &lt;read_object_from_yaml&gt;
Parsing Plan created successfully

Executing Parsing Plan for [/home/travis/build/smarie/python-parsyfiles/parsyfiles/tests/parsing_capabilities_by_type/collections_data2/foo_file]
(P) /home/travis/build/smarie/python-parsyfiles/parsyfiles/tests/parsing_capabilities_by_type/collections_data2/foo_file.yaml -&gt; FooDct ------- using &lt;read_object_from_yaml&gt;
                                                                                                              ! CAUGHT: WrongTypeCreatedError - Error while parsing /home/travis/build/smarie/python-parsyfiles/parsyfiles/tests/parsing_capabilities_by_type/collections_data2/foo_file (singlefile, .yaml) as a FooDct with parser &lt;read_object_from_yaml&gt; using options=({&apos;MultifileCollectionParser&apos;: {&apos;lazy_parsing&apos;: False}}) - parser returned an object of wrong type &lt;class &apos;dict&apos;&gt;: {&apos;foo2&apos;: {&apos;id&apos;: &apos;c&apos;, &apos;info&apos;: &apos;d&apos;}, &apos;foo1&apos;: {&apos;id&apos;: &apos;a&apos;, &apos;info&apos;: &apos;b&apos;}}
(B)                                                                                                          |--foo_file.yaml -&gt; FooDct ------- using $&lt;read_collection_from_yaml&gt; =&gt; &lt;dict_to_object&gt;$
Executing Parsing Plan for [/home/travis/build/smarie/python-parsyfiles/parsyfiles/tests/parsing_capabilities_by_type/collections_data2/foo_file]
(P) /home/travis/build/smarie/python-parsyfiles/parsyfiles/tests/parsing_capabilities_by_type/collections_data2/foo_file.yaml -&gt; FooDct ------- using $&lt;read_collection_from_yaml&gt; =&gt; &lt;dict_to_object&gt;$
(P)                                                                                                          |--foo_file.yaml -&gt; FooDct SUCCESS !
Completed parsing successfully

</system-out></testcase><testcase classname="parsyfiles.tests.parsing_capabilities_by_type.test_parse_custom_object" file="parsyfiles/tests/parsing_capabilities_by_type/test_parse_custom_object.py" line="35" name="test_simple_objects_support" time="0.7751600742340088"><system-out>**** Starting to parse single object of type &lt;ExecOpTest&gt; at location /home/travis/build/smarie/python-parsyfiles/parsyfiles/tests/parsing_capabilities_by_type/objects_data/test1/test_diff_1 ****
Checking all files under [/home/travis/build/smarie/python-parsyfiles/parsyfiles/tests/parsing_capabilities_by_type/objects_data/test1/test_diff_1]
(C) /home/travis/build/smarie/python-parsyfiles/parsyfiles/tests/parsing_capabilities_by_type/objects_data/test1/test_diff_1 (singlefile, .cfg)
File checks done

Building a parsing plan to parse [/home/travis/build/smarie/python-parsyfiles/parsyfiles/tests/parsing_capabilities_by_type/objects_data/test1/test_diff_1] into a ExecOpTest
(B) /home/travis/build/smarie/python-parsyfiles/parsyfiles/tests/parsing_capabilities_by_type/objects_data/test1/test_diff_1.cfg -&gt; ExecOpTest ------- using [Try &apos;$&lt;read_config&gt; =&gt; &lt;merge_all_config_sections_into_a_single_dict&gt; -&gt; &lt;dict_to_object&gt;$&apos; then &apos;$&lt;read_config&gt; =&gt; &lt;config_to_dict_of_dict&gt; -&gt; &lt;dict_of_dict_to_object&gt;$&apos; then &apos;$&lt;read_config&gt; =&gt; &lt;config_to_dict_of_dict&gt; -&gt; &lt;dict_to_object&gt;$]&apos;]
(B)                                                                                                           |--test_diff_1.cfg -&gt; ExecOpTest ------- using $&lt;read_config&gt; =&gt; &lt;merge_all_config_sections_into_a_single_dict&gt; -&gt; &lt;dict_to_object&gt;$
Parsing Plan created successfully

Executing Parsing Plan for [/home/travis/build/smarie/python-parsyfiles/parsyfiles/tests/parsing_capabilities_by_type/objects_data/test1/test_diff_1]
(P) /home/travis/build/smarie/python-parsyfiles/parsyfiles/tests/parsing_capabilities_by_type/objects_data/test1/test_diff_1.cfg -&gt; ExecOpTest ------- using $&lt;read_config&gt; =&gt; &lt;merge_all_config_sections_into_a_single_dict&gt; -&gt; &lt;dict_to_object&gt;$
(P)                                                                                                           |--test_diff_1.cfg -&gt; ExecOpTest SUCCESS !
Completed parsing successfully

1.0 - 1.0 =? 0.0
**** Starting to parse collection of &lt;ExecOpTest&gt; at location /home/travis/build/smarie/python-parsyfiles/parsyfiles/tests/parsing_capabilities_by_type/objects_data/test1 ****
Checking all files under [/home/travis/build/smarie/python-parsyfiles/parsyfiles/tests/parsing_capabilities_by_type/objects_data/test1]
(C) /home/travis/build/smarie/python-parsyfiles/parsyfiles/tests/parsing_capabilities_by_type/objects_data/test1 (multifile)
(C)                                                                                                           |--test_diff_1 (singlefile, .cfg)
(C)                                                                                                           |--test_diff_2 (singlefile, .ini)
(C)                                                                                                           |--test_diff_3 (multifile)
(C)                                                                                                                       |--expected_result (singlefile, .txt)
(C)                                                                                                                       |--op (singlefile, .txt)
(C)                                                                                                                       |--x (singlefile, .txt)
(C)                                                                                                                       |--y (singlefile, .txt)
(C)                                                                                                           |--test_diff_3_csv_format (singlefile, .txt)
(C)                                                                                                           |--test_diff_4_csv_format2 (singlefile, .txt)
(C)                                                                                                           |--test_sum_1 (singlefile, .json)
(C)                                                                                                           |--test_sum_2 (singlefile, .properties)
(C)                                                                                                           |--test_sum_3_properties_format (singlefile, .txt)
(C)                                                                                                           |--test_sum_3_with_inner_b64_pickle (singlefile, .txt)
(C)                                                                                                           |--test_sum_4 (singlefile, .yaml)
(C)                                                                                                           |--test_sum_5 (singlefile, .yaml)
(C)                                                                                                           |--test_sum_6 (singlefile, .xlsx)
(C)                                                                                                           |--test_sum_7 (singlefile, .xlsm)
(C)                                                                                                           |--test_sum_8 (singlefile, .xls)
File checks done

Building a parsing plan to parse [/home/travis/build/smarie/python-parsyfiles/parsyfiles/tests/parsing_capabilities_by_type/objects_data/test1] into a Dict[str, ExecOpTest]
(B) /home/travis/build/smarie/python-parsyfiles/parsyfiles/tests/parsing_capabilities_by_type/objects_data/test1 -&gt; Dict[str, ExecOpTest] ------- using Multifile Collection parser (parsyfiles defaults)
(B)                                                                                                           |--test_diff_1.cfg -&gt; ExecOpTest ------- using [Try &apos;$&lt;read_config&gt; =&gt; &lt;merge_all_config_sections_into_a_single_dict&gt; -&gt; &lt;dict_to_object&gt;$&apos; then &apos;$&lt;read_config&gt; =&gt; &lt;config_to_dict_of_dict&gt; -&gt; &lt;dict_of_dict_to_object&gt;$&apos; then &apos;$&lt;read_config&gt; =&gt; &lt;config_to_dict_of_dict&gt; -&gt; &lt;dict_to_object&gt;$]&apos;]
(B)                                                                                                           |--test_diff_1.cfg -&gt; ExecOpTest ------- using $&lt;read_config&gt; =&gt; &lt;merge_all_config_sections_into_a_single_dict&gt; -&gt; &lt;dict_to_object&gt;$
(B)                                                                                                           |--test_diff_2.ini -&gt; ExecOpTest ------- using [Try &apos;$&lt;read_config&gt; =&gt; &lt;merge_all_config_sections_into_a_single_dict&gt; -&gt; &lt;dict_to_object&gt;$&apos; then &apos;$&lt;read_config&gt; =&gt; &lt;config_to_dict_of_dict&gt; -&gt; &lt;dict_of_dict_to_object&gt;$&apos; then &apos;$&lt;read_config&gt; =&gt; &lt;config_to_dict_of_dict&gt; -&gt; &lt;dict_to_object&gt;$]&apos;]
(B)                                                                                                           |--test_diff_2.ini -&gt; ExecOpTest ------- using $&lt;read_config&gt; =&gt; &lt;merge_all_config_sections_into_a_single_dict&gt; -&gt; &lt;dict_to_object&gt;$
(B)                                                                                                           |--test_diff_3 -&gt; ExecOpTest ------- using Multifile Object parser (parsyfiles defaults)
(B)                                                                                                                       |--expected_result.txt -&gt; float ------- using [Try &apos;[Try &apos;$&lt;read_str_from_txt&gt; =&gt; &lt;str_to_float&gt;$&apos; then &apos;$&lt;read_str_from_txt&gt; =&gt; &lt;base64_ascii_str_pickle_to_object&gt; -&gt; &lt;bool_to_float&gt;$&apos; then &apos;$&lt;read_str_from_txt&gt; =&gt; &lt;base64_ascii_str_pickle_to_object&gt; -&gt; &lt;int_to_float&gt;$&apos; then &apos;$&lt;read_str_from_txt&gt; =&gt; &lt;base64_ascii_str_pickle_to_object&gt; -&gt; &lt;str_to_float&gt;$&apos; then &apos;$&lt;read_str_from_txt&gt; =&gt; &lt;base64_ascii_str_pickle_to_object&gt;$]&apos;]&apos; -&gt; [float] then &apos;[Try &apos;$&lt;read_str_from_txt&gt; =&gt; &lt;constructor_with_str_arg&gt;$&apos; then &apos;$&lt;read_str_from_txt&gt; =&gt; &lt;base64_ascii_str_pickle_to_object&gt;$]&apos;]&apos; -&gt; [float64]]]
(B)                                                                                                                       |--expected_result.txt -&gt; float ------- using [Try &apos;$&lt;read_str_from_txt&gt; =&gt; &lt;str_to_float&gt;$&apos; then &apos;$&lt;read_str_from_txt&gt; =&gt; &lt;base64_ascii_str_pickle_to_object&gt; -&gt; &lt;bool_to_float&gt;$&apos; then &apos;$&lt;read_str_from_txt&gt; =&gt; &lt;base64_ascii_str_pickle_to_object&gt; -&gt; &lt;int_to_float&gt;$&apos; then &apos;$&lt;read_str_from_txt&gt; =&gt; &lt;base64_ascii_str_pickle_to_object&gt; -&gt; &lt;str_to_float&gt;$&apos; then &apos;$&lt;read_str_from_txt&gt; =&gt; &lt;base64_ascii_str_pickle_to_object&gt;$]&apos;]
(B)                                                                                                                       |--expected_result.txt -&gt; float ------- using $&lt;read_str_from_txt&gt; =&gt; &lt;str_to_float&gt;$
(B)                                                                                                                       |--op.txt -&gt; str ------- using [Try &apos;&lt;read_str_from_txt&gt;&apos; -&gt; [str] then &apos;[Try &apos;$&lt;read_str_from_txt&gt; =&gt; &lt;constructor_with_str_arg&gt;$&apos; then &apos;$&lt;read_str_from_txt&gt; =&gt; &lt;base64_ascii_str_pickle_to_object&gt;$]&apos;]&apos; -&gt; [_rstr] then &apos;[Try &apos;$&lt;read_str_from_txt&gt; =&gt; &lt;constructor_with_str_arg&gt;$&apos; then &apos;$&lt;read_str_from_txt&gt; =&gt; &lt;base64_ascii_str_pickle_to_object&gt;$]&apos;]&apos; -&gt; [str_]]]
(B)                                                                                                                       |--op.txt -&gt; str ------- using &lt;read_str_from_txt&gt;
(B)                                                                                                                       |--x.txt -&gt; float ------- using [Try &apos;[Try &apos;$&lt;read_str_from_txt&gt; =&gt; &lt;str_to_float&gt;$&apos; then &apos;$&lt;read_str_from_txt&gt; =&gt; &lt;base64_ascii_str_pickle_to_object&gt; -&gt; &lt;bool_to_float&gt;$&apos; then &apos;$&lt;read_str_from_txt&gt; =&gt; &lt;base64_ascii_str_pickle_to_object&gt; -&gt; &lt;int_to_float&gt;$&apos; then &apos;$&lt;read_str_from_txt&gt; =&gt; &lt;base64_ascii_str_pickle_to_object&gt; -&gt; &lt;str_to_float&gt;$&apos; then &apos;$&lt;read_str_from_txt&gt; =&gt; &lt;base64_ascii_str_pickle_to_object&gt;$]&apos;]&apos; -&gt; [float] then &apos;[Try &apos;$&lt;read_str_from_txt&gt; =&gt; &lt;constructor_with_str_arg&gt;$&apos; then &apos;$&lt;read_str_from_txt&gt; =&gt; &lt;base64_ascii_str_pickle_to_object&gt;$]&apos;]&apos; -&gt; [float64]]]
(B)                                                                                                                       |--x.txt -&gt; float ------- using [Try &apos;$&lt;read_str_from_txt&gt; =&gt; &lt;str_to_float&gt;$&apos; then &apos;$&lt;read_str_from_txt&gt; =&gt; &lt;base64_ascii_str_pickle_to_object&gt; -&gt; &lt;bool_to_float&gt;$&apos; then &apos;$&lt;read_str_from_txt&gt; =&gt; &lt;base64_ascii_str_pickle_to_object&gt; -&gt; &lt;int_to_float&gt;$&apos; then &apos;$&lt;read_str_from_txt&gt; =&gt; &lt;base64_ascii_str_pickle_to_object&gt; -&gt; &lt;str_to_float&gt;$&apos; then &apos;$&lt;read_str_from_txt&gt; =&gt; &lt;base64_ascii_str_pickle_to_object&gt;$]&apos;]
(B)                                                                                                                       |--x.txt -&gt; float ------- using $&lt;read_str_from_txt&gt; =&gt; &lt;str_to_float&gt;$
(B)                                                                                                                       |--y.txt -&gt; float ------- using [Try &apos;[Try &apos;$&lt;read_str_from_txt&gt; =&gt; &lt;str_to_float&gt;$&apos; then &apos;$&lt;read_str_from_txt&gt; =&gt; &lt;base64_ascii_str_pickle_to_object&gt; -&gt; &lt;bool_to_float&gt;$&apos; then &apos;$&lt;read_str_from_txt&gt; =&gt; &lt;base64_ascii_str_pickle_to_object&gt; -&gt; &lt;int_to_float&gt;$&apos; then &apos;$&lt;read_str_from_txt&gt; =&gt; &lt;base64_ascii_str_pickle_to_object&gt; -&gt; &lt;str_to_float&gt;$&apos; then &apos;$&lt;read_str_from_txt&gt; =&gt; &lt;base64_ascii_str_pickle_to_object&gt;$]&apos;]&apos; -&gt; [float] then &apos;[Try &apos;$&lt;read_str_from_txt&gt; =&gt; &lt;constructor_with_str_arg&gt;$&apos; then &apos;$&lt;read_str_from_txt&gt; =&gt; &lt;base64_ascii_str_pickle_to_object&gt;$]&apos;]&apos; -&gt; [float64]]]
(B)                                                                                                                       |--y.txt -&gt; float ------- using [Try &apos;$&lt;read_str_from_txt&gt; =&gt; &lt;str_to_float&gt;$&apos; then &apos;$&lt;read_str_from_txt&gt; =&gt; &lt;base64_ascii_str_pickle_to_object&gt; -&gt; &lt;bool_to_float&gt;$&apos; then &apos;$&lt;read_str_from_txt&gt; =&gt; &lt;base64_ascii_str_pickle_to_object&gt; -&gt; &lt;int_to_float&gt;$&apos; then &apos;$&lt;read_str_from_txt&gt; =&gt; &lt;base64_ascii_str_pickle_to_object&gt; -&gt; &lt;str_to_float&gt;$&apos; then &apos;$&lt;read_str_from_txt&gt; =&gt; &lt;base64_ascii_str_pickle_to_object&gt;$]&apos;]
(B)                                                                                                                       |--y.txt -&gt; float ------- using $&lt;read_str_from_txt&gt; =&gt; &lt;str_to_float&gt;$
(B)                                                                                                           |--test_diff_3_csv_format.txt -&gt; ExecOpTest ------- using [Try &apos;$&lt;read_dict_from_properties&gt; =&gt; &lt;dict_to_object&gt;$&apos; then &apos;$&lt;read_str_from_txt&gt; =&gt; &lt;constructor_with_str_arg&gt;$&apos; then &apos;$&lt;read_str_from_txt&gt; =&gt; &lt;base64_ascii_str_pickle_to_object&gt;$&apos; then &apos;$&lt;read_df_or_series_from_csv&gt; =&gt; &lt;single_row_or_col_df_to_dict&gt; -&gt; &lt;dict_to_object&gt;$]&apos;]
(B)                                                                                                           |--test_diff_3_csv_format.txt -&gt; ExecOpTest ------- using $&lt;read_dict_from_properties&gt; =&gt; &lt;dict_to_object&gt;$
(B)                                                                                                           |--test_diff_4_csv_format2.txt -&gt; ExecOpTest ------- using [Try &apos;$&lt;read_dict_from_properties&gt; =&gt; &lt;dict_to_object&gt;$&apos; then &apos;$&lt;read_str_from_txt&gt; =&gt; &lt;constructor_with_str_arg&gt;$&apos; then &apos;$&lt;read_str_from_txt&gt; =&gt; &lt;base64_ascii_str_pickle_to_object&gt;$&apos; then &apos;$&lt;read_df_or_series_from_csv&gt; =&gt; &lt;single_row_or_col_df_to_dict&gt; -&gt; &lt;dict_to_object&gt;$]&apos;]
(B)                                                                                                           |--test_diff_4_csv_format2.txt -&gt; ExecOpTest ------- using $&lt;read_dict_from_properties&gt; =&gt; &lt;dict_to_object&gt;$
(B)                                                                                                           |--test_sum_1.json -&gt; ExecOpTest ------- using $&lt;read_dict_or_list_from_json&gt; =&gt; &lt;dict_to_object&gt;$
(B)                                                                                                           |--test_sum_2.properties -&gt; ExecOpTest ------- using $&lt;read_dict_from_properties&gt; =&gt; &lt;dict_to_object&gt;$
(B)                                                                                                           |--test_sum_3_properties_format.txt -&gt; ExecOpTest ------- using [Try &apos;$&lt;read_dict_from_properties&gt; =&gt; &lt;dict_to_object&gt;$&apos; then &apos;$&lt;read_str_from_txt&gt; =&gt; &lt;constructor_with_str_arg&gt;$&apos; then &apos;$&lt;read_str_from_txt&gt; =&gt; &lt;base64_ascii_str_pickle_to_object&gt;$&apos; then &apos;$&lt;read_df_or_series_from_csv&gt; =&gt; &lt;single_row_or_col_df_to_dict&gt; -&gt; &lt;dict_to_object&gt;$]&apos;]
(B)                                                                                                           |--test_sum_3_properties_format.txt -&gt; ExecOpTest ------- using $&lt;read_dict_from_properties&gt; =&gt; &lt;dict_to_object&gt;$
(B)                                                                                                           |--test_sum_3_with_inner_b64_pickle.txt -&gt; ExecOpTest ------- using [Try &apos;$&lt;read_dict_from_properties&gt; =&gt; &lt;dict_to_object&gt;$&apos; then &apos;$&lt;read_str_from_txt&gt; =&gt; &lt;constructor_with_str_arg&gt;$&apos; then &apos;$&lt;read_str_from_txt&gt; =&gt; &lt;base64_ascii_str_pickle_to_object&gt;$&apos; then &apos;$&lt;read_df_or_series_from_csv&gt; =&gt; &lt;single_row_or_col_df_to_dict&gt; -&gt; &lt;dict_to_object&gt;$]&apos;]
(B)                                                                                                           |--test_sum_3_with_inner_b64_pickle.txt -&gt; ExecOpTest ------- using $&lt;read_dict_from_properties&gt; =&gt; &lt;dict_to_object&gt;$
(B)                                                                                                           |--test_sum_4.yaml -&gt; ExecOpTest ------- using [Try &apos;&lt;read_object_from_yaml&gt;&apos; then &apos;$&lt;read_collection_from_yaml&gt; =&gt; &lt;dict_to_object&gt;$]&apos;]
(B)                                                                                                           |--test_sum_4.yaml -&gt; ExecOpTest ------- using &lt;read_object_from_yaml&gt;
(B)                                                                                                           |--test_sum_5.yaml -&gt; ExecOpTest ------- using [Try &apos;&lt;read_object_from_yaml&gt;&apos; then &apos;$&lt;read_collection_from_yaml&gt; =&gt; &lt;dict_to_object&gt;$]&apos;]
(B)                                                                                                           |--test_sum_5.yaml -&gt; ExecOpTest ------- using &lt;read_object_from_yaml&gt;
(B)                                                                                                           |--test_sum_6.xlsx -&gt; ExecOpTest ------- using $&lt;read_dataframe_from_xls&gt; =&gt; &lt;single_row_or_col_df_to_dict&gt; -&gt; &lt;dict_to_object&gt;$
(B)                                                                                                           |--test_sum_7.xlsm -&gt; ExecOpTest ------- using $&lt;read_dataframe_from_xls&gt; =&gt; &lt;single_row_or_col_df_to_dict&gt; -&gt; &lt;dict_to_object&gt;$
(B)                                                                                                           |--test_sum_8.xls -&gt; ExecOpTest ------- using $&lt;read_dataframe_from_xls&gt; =&gt; &lt;single_row_or_col_df_to_dict&gt; -&gt; &lt;dict_to_object&gt;$
Parsing Plan created successfully

Executing Parsing Plan for [/home/travis/build/smarie/python-parsyfiles/parsyfiles/tests/parsing_capabilities_by_type/objects_data/test1]
(P) /home/travis/build/smarie/python-parsyfiles/parsyfiles/tests/parsing_capabilities_by_type/objects_data/test1 -&gt; Dict[str, ExecOpTest] ------- using Multifile Collection parser (parsyfiles defaults)
(P)                                                                                                           |--test_diff_1.cfg -&gt; ExecOpTest ------- using $&lt;read_config&gt; =&gt; &lt;merge_all_config_sections_into_a_single_dict&gt; -&gt; &lt;dict_to_object&gt;$
(P)                                                                                                           |--test_diff_1.cfg -&gt; ExecOpTest SUCCESS !
(P)                                                                                                           |--test_diff_2.ini -&gt; ExecOpTest ------- using $&lt;read_config&gt; =&gt; &lt;merge_all_config_sections_into_a_single_dict&gt; -&gt; &lt;dict_to_object&gt;$
(P)                                                                                                           |--test_diff_2.ini -&gt; ExecOpTest SUCCESS !
(P)                                                                                                           |--test_diff_3 -&gt; ExecOpTest ------- using Multifile Object parser (parsyfiles defaults)
(P)                                                                                                                       |--expected_result.txt -&gt; float ------- using $&lt;read_str_from_txt&gt; =&gt; &lt;str_to_float&gt;$
(P)                                                                                                                       |--expected_result.txt -&gt; float SUCCESS !
(P)                                                                                                                       |--op.txt -&gt; str ------- using &lt;read_str_from_txt&gt;
(P)                                                                                                                       |--op.txt -&gt; str SUCCESS !
(P)                                                                                                                       |--x.txt -&gt; float ------- using $&lt;read_str_from_txt&gt; =&gt; &lt;str_to_float&gt;$
(P)                                                                                                                       |--x.txt -&gt; float SUCCESS !
(P)                                                                                                                       |--y.txt -&gt; float ------- using $&lt;read_str_from_txt&gt; =&gt; &lt;str_to_float&gt;$
(P)                                                                                                                       |--y.txt -&gt; float SUCCESS !
(P)                                                                                                           |--test_diff_3 -&gt; ExecOpTest SUCCESS !
(P)                                                                                                           |--test_diff_3_csv_format.txt -&gt; ExecOpTest ------- using $&lt;read_dict_from_properties&gt; =&gt; &lt;dict_to_object&gt;$
                                                                                                               ! CAUGHT: InvalidAttributeNameForConstructorError - Cannot parse object of type &lt;ExecOpTest&gt; using the provided configuration file: configuration contains a property name (&apos;5,4,-,1&apos;)that is not an attribute of the object constructor. &lt;ExecOpTest&gt; constructor attributes are : [&apos;y&apos;, &apos;op&apos;, &apos;x&apos;, &apos;expected_result&apos;]
(B)                                                                                                           |--test_diff_3_csv_format.txt -&gt; ExecOpTest ------- using $&lt;read_str_from_txt&gt; =&gt; &lt;constructor_with_str_arg&gt;$
(P)                                                                                                           |--test_diff_3_csv_format.txt -&gt; ExecOpTest ------- using $&lt;read_str_from_txt&gt; =&gt; &lt;constructor_with_str_arg&gt;$
  !! Caught error during execution !!
  File &quot;/home/travis/build/smarie/python-parsyfiles/parsyfiles/converting_core.py&quot;, line 532, in _convert
    raise CaughtTypeError.create(self.conversion_method, e)
  File &quot;/home/travis/build/smarie/python-parsyfiles/parsyfiles/converting_core.py&quot;, line 524, in _convert
    return self.conversion_method(desired_type, source_obj, logger, **opts)
  File &quot;/home/travis/build/smarie/python-parsyfiles/parsyfiles/plugins_base/support_for_primitive_types.py&quot;, line 111, in constructor_with_str_arg
    return desired_type(source)
  CaughtTypeError : Caught TypeError while calling conversion function &apos;constructor_with_str_arg&apos;. Note that the conversion function signature should be &apos;def my_convert_fun(desired_type: Type[T], source: S, logger: Logger, **kwargs) -&gt; T&apos; (unpacked options mode - default) or def my_convert_fun(desired_type: Type[T], source: S, logger: Logger, options: Dict[str, Dict[str, Any]]) -&gt; T (unpack_options = False).Caught error message is : TypeError : __init__() missing 3 required positional arguments: &apos;y&apos;, &apos;op&apos;, and &apos;expected_result&apos;
(B)                                                                                                           |--test_diff_3_csv_format.txt -&gt; ExecOpTest ------- using $&lt;read_str_from_txt&gt; =&gt; &lt;base64_ascii_str_pickle_to_object&gt;$
(P)                                                                                                           |--test_diff_3_csv_format.txt -&gt; ExecOpTest ------- using $&lt;read_str_from_txt&gt; =&gt; &lt;base64_ascii_str_pickle_to_object&gt;$
  !! Caught error during execution !!
  File &quot;/home/travis/build/smarie/python-parsyfiles/parsyfiles/converting_core.py&quot;, line 524, in _convert
    return self.conversion_method(desired_type, source_obj, logger, **opts)
  File &quot;/home/travis/build/smarie/python-parsyfiles/parsyfiles/plugins_base/support_for_objects.py&quot;, line 56, in base64_ascii_str_pickle_to_object
    return pickle.loads(base64.b64decode(b64_ascii_str), fix_imports=True, encoding=&quot;ASCII&quot;, errors=&quot;strict&quot;)
  File &quot;/home/travis/virtualenv/python3.5.5/lib/python3.5/base64.py&quot;, line 88, in b64decode
    return binascii.a2b_base64(s)
  Error : Incorrect padding
(B)                                                                                                           |--test_diff_3_csv_format.txt -&gt; ExecOpTest ------- using $&lt;read_df_or_series_from_csv&gt; =&gt; &lt;single_row_or_col_df_to_dict&gt; -&gt; &lt;dict_to_object&gt;$
(P)                                                                                                           |--test_diff_3_csv_format.txt -&gt; ExecOpTest ------- using $&lt;read_df_or_series_from_csv&gt; =&gt; &lt;single_row_or_col_df_to_dict&gt; -&gt; &lt;dict_to_object&gt;$
(P)                                                                                                           |--test_diff_3_csv_format.txt -&gt; ExecOpTest SUCCESS !
(P)                                                                                                           |--test_diff_4_csv_format2.txt -&gt; ExecOpTest ------- using $&lt;read_dict_from_properties&gt; =&gt; &lt;dict_to_object&gt;$
                                                                                                               ! CAUGHT: InvalidAttributeNameForConstructorError - Cannot parse object of type &lt;ExecOpTest&gt; using the provided configuration file: configuration contains a property name (&apos;x,4&apos;)that is not an attribute of the object constructor. &lt;ExecOpTest&gt; constructor attributes are : [&apos;y&apos;, &apos;op&apos;, &apos;x&apos;, &apos;expected_result&apos;]
(B)                                                                                                           |--test_diff_4_csv_format2.txt -&gt; ExecOpTest ------- using $&lt;read_str_from_txt&gt; =&gt; &lt;constructor_with_str_arg&gt;$
(P)                                                                                                           |--test_diff_4_csv_format2.txt -&gt; ExecOpTest ------- using $&lt;read_str_from_txt&gt; =&gt; &lt;constructor_with_str_arg&gt;$
  !! Caught error during execution !!
  File &quot;/home/travis/build/smarie/python-parsyfiles/parsyfiles/converting_core.py&quot;, line 532, in _convert
    raise CaughtTypeError.create(self.conversion_method, e)
  File &quot;/home/travis/build/smarie/python-parsyfiles/parsyfiles/converting_core.py&quot;, line 524, in _convert
    return self.conversion_method(desired_type, source_obj, logger, **opts)
  File &quot;/home/travis/build/smarie/python-parsyfiles/parsyfiles/plugins_base/support_for_primitive_types.py&quot;, line 111, in constructor_with_str_arg
    return desired_type(source)
  CaughtTypeError : Caught TypeError while calling conversion function &apos;constructor_with_str_arg&apos;. Note that the conversion function signature should be &apos;def my_convert_fun(desired_type: Type[T], source: S, logger: Logger, **kwargs) -&gt; T&apos; (unpacked options mode - default) or def my_convert_fun(desired_type: Type[T], source: S, logger: Logger, options: Dict[str, Dict[str, Any]]) -&gt; T (unpack_options = False).Caught error message is : TypeError : __init__() missing 3 required positional arguments: &apos;y&apos;, &apos;op&apos;, and &apos;expected_result&apos;
(B)                                                                                                           |--test_diff_4_csv_format2.txt -&gt; ExecOpTest ------- using $&lt;read_str_from_txt&gt; =&gt; &lt;base64_ascii_str_pickle_to_object&gt;$
(P)                                                                                                           |--test_diff_4_csv_format2.txt -&gt; ExecOpTest ------- using $&lt;read_str_from_txt&gt; =&gt; &lt;base64_ascii_str_pickle_to_object&gt;$
  !! Caught error during execution !!
  File &quot;/home/travis/build/smarie/python-parsyfiles/parsyfiles/converting_core.py&quot;, line 524, in _convert
    return self.conversion_method(desired_type, source_obj, logger, **opts)
  File &quot;/home/travis/build/smarie/python-parsyfiles/parsyfiles/plugins_base/support_for_objects.py&quot;, line 56, in base64_ascii_str_pickle_to_object
    return pickle.loads(base64.b64decode(b64_ascii_str), fix_imports=True, encoding=&quot;ASCII&quot;, errors=&quot;strict&quot;)
  File &quot;/home/travis/virtualenv/python3.5.5/lib/python3.5/base64.py&quot;, line 88, in b64decode
    return binascii.a2b_base64(s)
  Error : Incorrect padding
(B)                                                                                                           |--test_diff_4_csv_format2.txt -&gt; ExecOpTest ------- using $&lt;read_df_or_series_from_csv&gt; =&gt; &lt;single_row_or_col_df_to_dict&gt; -&gt; &lt;dict_to_object&gt;$
(P)                                                                                                           |--test_diff_4_csv_format2.txt -&gt; ExecOpTest ------- using $&lt;read_df_or_series_from_csv&gt; =&gt; &lt;single_row_or_col_df_to_dict&gt; -&gt; &lt;dict_to_object&gt;$
(P)                                                                                                           |--test_diff_4_csv_format2.txt -&gt; ExecOpTest SUCCESS !
(P)                                                                                                           |--test_sum_1.json -&gt; ExecOpTest ------- using $&lt;read_dict_or_list_from_json&gt; =&gt; &lt;dict_to_object&gt;$
(P)                                                                                                           |--test_sum_1.json -&gt; ExecOpTest SUCCESS !
(P)                                                                                                           |--test_sum_2.properties -&gt; ExecOpTest ------- using $&lt;read_dict_from_properties&gt; =&gt; &lt;dict_to_object&gt;$
(P)                                                                                                           |--test_sum_2.properties -&gt; ExecOpTest SUCCESS !
(P)                                                                                                           |--test_sum_3_properties_format.txt -&gt; ExecOpTest ------- using $&lt;read_dict_from_properties&gt; =&gt; &lt;dict_to_object&gt;$
(P)                                                                                                           |--test_sum_3_properties_format.txt -&gt; ExecOpTest SUCCESS !
(P)                                                                                                           |--test_sum_3_with_inner_b64_pickle.txt -&gt; ExecOpTest ------- using $&lt;read_dict_from_properties&gt; =&gt; &lt;dict_to_object&gt;$
(P)                                                                                                           |--test_sum_3_with_inner_b64_pickle.txt -&gt; ExecOpTest SUCCESS !
(P)                                                                                                           |--test_sum_4.yaml -&gt; ExecOpTest ------- using &lt;read_object_from_yaml&gt;
                                                                                                               ! CAUGHT: WrongTypeCreatedError - Error while parsing /home/travis/build/smarie/python-parsyfiles/parsyfiles/tests/parsing_capabilities_by_type/objects_data/test1/test_sum_4 (singlefile, .yaml) as a ExecOpTest with parser &lt;read_object_from_yaml&gt; using options=({&apos;MultifileCollectionParser&apos;: {&apos;lazy_parsing&apos;: False}}) - parser returned an object of wrong type &lt;class &apos;dict&apos;&gt;: {&apos;y&apos;: 5, &apos;op&apos;: &apos;+&apos;, &apos;x&apos;: 2, &apos;expected_result&apos;: 7}
(B)                                                                                                           |--test_sum_4.yaml -&gt; ExecOpTest ------- using $&lt;read_collection_from_yaml&gt; =&gt; &lt;dict_to_object&gt;$
(P)                                                                                                           |--test_sum_4.yaml -&gt; ExecOpTest ------- using $&lt;read_collection_from_yaml&gt; =&gt; &lt;dict_to_object&gt;$
(P)                                                                                                           |--test_sum_4.yaml -&gt; ExecOpTest SUCCESS !
(P)                                                                                                           |--test_sum_5.yaml -&gt; ExecOpTest ------- using &lt;read_object_from_yaml&gt;
                                                                                                               ! CAUGHT: WrongTypeCreatedError - Error while parsing /home/travis/build/smarie/python-parsyfiles/parsyfiles/tests/parsing_capabilities_by_type/objects_data/test1/test_sum_5 (singlefile, .yaml) as a ExecOpTest with parser &lt;read_object_from_yaml&gt; using options=({&apos;MultifileCollectionParser&apos;: {&apos;lazy_parsing&apos;: False}}) - parser returned an object of wrong type &lt;class &apos;dict&apos;&gt;: {&apos;y&apos;: 5, &apos;op&apos;: &apos;+&apos;, &apos;x&apos;: 1, &apos;expected_result&apos;: 6}
(B)                                                                                                           |--test_sum_5.yaml -&gt; ExecOpTest ------- using $&lt;read_collection_from_yaml&gt; =&gt; &lt;dict_to_object&gt;$
(P)                                                                                                           |--test_sum_5.yaml -&gt; ExecOpTest ------- using $&lt;read_collection_from_yaml&gt; =&gt; &lt;dict_to_object&gt;$
(P)                                                                                                           |--test_sum_5.yaml -&gt; ExecOpTest SUCCESS !
(P)                                                                                                           |--test_sum_6.xlsx -&gt; ExecOpTest ------- using $&lt;read_dataframe_from_xls&gt; =&gt; &lt;single_row_or_col_df_to_dict&gt; -&gt; &lt;dict_to_object&gt;$
(P)                                                                                                           |--test_sum_6.xlsx -&gt; ExecOpTest SUCCESS !
(P)                                                                                                           |--test_sum_7.xlsm -&gt; ExecOpTest ------- using $&lt;read_dataframe_from_xls&gt; =&gt; &lt;single_row_or_col_df_to_dict&gt; -&gt; &lt;dict_to_object&gt;$
(P)                                                                                                           |--test_sum_7.xlsm -&gt; ExecOpTest SUCCESS !
(P)                                                                                                           |--test_sum_8.xls -&gt; ExecOpTest ------- using $&lt;read_dataframe_from_xls&gt; =&gt; &lt;single_row_or_col_df_to_dict&gt; -&gt; &lt;dict_to_object&gt;$
(P)                                                                                                           |--test_sum_8.xls -&gt; ExecOpTest SUCCESS !
(P)                                                                                                     |--test1 -&gt; Dict[str, ExecOpTest] SUCCESS !
Completed parsing successfully

OrderedDict([(&apos;test_diff_1&apos;, 1.0 - 1.0 =? 0.0),
             (&apos;test_diff_2&apos;, 0.0 - 1.0 =? -1.0),
             (&apos;test_diff_3&apos;, 6.0 - 1.0 =? 5.0),
             (&apos;test_diff_3_csv_format&apos;, 5.0 - 4.0 =? 1.0),
             (&apos;test_diff_4_csv_format2&apos;, 4.0 - 4.0 =? 0.0),
             (&apos;test_sum_1&apos;, 1.0 + 2.0 =? 3.0),
             (&apos;test_sum_2&apos;, 0.0 + 1.0 =? 1.0),
             (&apos;test_sum_3_properties_format&apos;, 1.0 + 1.0 =? 2.0),
             (&apos;test_sum_3_with_inner_b64_pickle&apos;, 1.0 + 1.0 =? 2.0),
             (&apos;test_sum_4&apos;, 2.0 + 5.0 =? 7.0),
             (&apos;test_sum_5&apos;, 1.0 + 5.0 =? 6.0),
             (&apos;test_sum_6&apos;, 56.0 + 13.0 =? 69.0),
             (&apos;test_sum_7&apos;, 56.0 + 14.0 =? 70.0),
             (&apos;test_sum_8&apos;, 56.0 + 12.0 =? 68.0)])
</system-out></testcase><testcase classname="parsyfiles.tests.parsing_capabilities_by_type.test_parse_custom_object" file="parsyfiles/tests/parsing_capabilities_by_type/test_parse_custom_object.py" line="53" name="test_parse_subtypes" time="0.5854549407958984"><system-out>**** Starting to parse collection of &lt;A&gt; at location /home/travis/build/smarie/python-parsyfiles/parsyfiles/tests/parsing_capabilities_by_type/objects_data/test2 ****
Checking all files under [/home/travis/build/smarie/python-parsyfiles/parsyfiles/tests/parsing_capabilities_by_type/objects_data/test2]
(C) /home/travis/build/smarie/python-parsyfiles/parsyfiles/tests/parsing_capabilities_by_type/objects_data/test2 (multifile)
(C)                                                                                                           |--b (singlefile, .properties)
(C)                                                                                                           |--c (singlefile, .properties)
File checks done

Building a parsing plan to parse [/home/travis/build/smarie/python-parsyfiles/parsyfiles/tests/parsing_capabilities_by_type/objects_data/test2] into a Dict[str, A]
(B) /home/travis/build/smarie/python-parsyfiles/parsyfiles/tests/parsing_capabilities_by_type/objects_data/test2 -&gt; Dict[str, A] ------- using Multifile Collection parser (parsyfiles defaults)
NoParserFoundForObjectExt - /home/travis/build/smarie/python-parsyfiles/parsyfiles/tests/parsing_capabilities_by_type/objects_data/test2/b (singlefile, .properties) cannot be parsed as a A because no parser supporting that extension (singlefile, .properties) is able to create this type of object. If you wish to parse this fileobject to that precise type, you may wish to either (1) replace the file with any of the following extensions currently supported : {&apos;.pyc&apos;, &apos;.yml&apos;, &apos;.yaml&apos;, &apos;.txt&apos;} (see get_capabilities_for_type(A, strict_type_matching=False) for details). Or (2) register a new parser.
(B)                                                                                                           |--b.properties -&gt; A ------- using [Try &apos;$&lt;read_dict_from_properties&gt; =&gt; &lt;dict_to_object&gt;$&apos; -&gt; [B] then &apos;$&lt;read_dict_from_properties&gt; =&gt; &lt;dict_to_object&gt;$&apos; -&gt; [C]]]
(B)                                                                                                           |--b.properties -&gt; B ------- using $&lt;read_dict_from_properties&gt; =&gt; &lt;dict_to_object&gt;$
NoParserFoundForObjectExt - /home/travis/build/smarie/python-parsyfiles/parsyfiles/tests/parsing_capabilities_by_type/objects_data/test2/c (singlefile, .properties) cannot be parsed as a A because no parser supporting that extension (singlefile, .properties) is able to create this type of object. If you wish to parse this fileobject to that precise type, you may wish to either (1) replace the file with any of the following extensions currently supported : {&apos;.pyc&apos;, &apos;.yml&apos;, &apos;.yaml&apos;, &apos;.txt&apos;} (see get_capabilities_for_type(A, strict_type_matching=False) for details). Or (2) register a new parser.
(B)                                                                                                           |--c.properties -&gt; A ------- using [Try &apos;$&lt;read_dict_from_properties&gt; =&gt; &lt;dict_to_object&gt;$&apos; -&gt; [B] then &apos;$&lt;read_dict_from_properties&gt; =&gt; &lt;dict_to_object&gt;$&apos; -&gt; [C]]]
(B)                                                                                                           |--c.properties -&gt; B ------- using $&lt;read_dict_from_properties&gt; =&gt; &lt;dict_to_object&gt;$
Parsing Plan created successfully

Executing Parsing Plan for [/home/travis/build/smarie/python-parsyfiles/parsyfiles/tests/parsing_capabilities_by_type/objects_data/test2]
(P) /home/travis/build/smarie/python-parsyfiles/parsyfiles/tests/parsing_capabilities_by_type/objects_data/test2 -&gt; Dict[str, A] ------- using Multifile Collection parser (parsyfiles defaults)
(P)                                                                                                           |--b.properties -&gt; B ------- using $&lt;read_dict_from_properties&gt; =&gt; &lt;dict_to_object&gt;$
(P)                                                                                                           |--b.properties -&gt; B SUCCESS !
(P)                                                                                                           |--c.properties -&gt; B ------- using $&lt;read_dict_from_properties&gt; =&gt; &lt;dict_to_object&gt;$
                                                                                                               ! CAUGHT: InvalidAttributeNameForConstructorError - Cannot parse object of type &lt;B&gt; using the provided configuration file: configuration contains a property name (&apos;bar&apos;)that is not an attribute of the object constructor. &lt;B&gt; constructor attributes are : [&apos;foo&apos;]
(B)                                                                                                           |--c.properties -&gt; C ------- using $&lt;read_dict_from_properties&gt; =&gt; &lt;dict_to_object&gt;$
(P)                                                                                                           |--c.properties -&gt; C ------- using $&lt;read_dict_from_properties&gt; =&gt; &lt;dict_to_object&gt;$
(P)                                                                                                           |--c.properties -&gt; C SUCCESS !
(P)                                                                                                     |--test2 -&gt; Dict[str, A] SUCCESS !
Completed parsing successfully

</system-out></testcase><testcase classname="parsyfiles.tests.parsing_capabilities_by_type.test_parse_primitives" file="parsyfiles/tests/parsing_capabilities_by_type/test_parse_primitives.py" line="147" name="test_get_capabilities_for_type[float]" time="0.16784286499023438"><system-out>{&apos;.cfg&apos;: {},
 &apos;.csv&apos;: {},
 &apos;.ini&apos;: {},
 &apos;.json&apos;: {},
 &apos;.properties&apos;: {},
 &apos;.pyc&apos;: {&apos;1_exact_match&apos;: [$&lt;read_object_from_pickle&gt; =&gt; &lt;bool_to_float&gt;$,
                            $&lt;read_object_from_pickle&gt; =&gt; &lt;int_to_float&gt;$,
                            $&lt;read_object_from_pickle&gt; =&gt; &lt;str_to_float&gt;$],
          &apos;3_generic&apos;: [&lt;read_object_from_pickle&gt;]},
 &apos;.txt&apos;: {&apos;1_exact_match&apos;: [$&lt;read_str_from_txt&gt; =&gt; &lt;str_to_float&gt;$,
                            $&lt;read_str_from_txt&gt; =&gt; &lt;base64_ascii_str_pickle_to_object&gt; -&gt; &lt;bool_to_float&gt;$,
                            $&lt;read_str_from_txt&gt; =&gt; &lt;base64_ascii_str_pickle_to_object&gt; -&gt; &lt;int_to_float&gt;$,
                            $&lt;read_str_from_txt&gt; =&gt; &lt;base64_ascii_str_pickle_to_object&gt; -&gt; &lt;str_to_float&gt;$],
          &apos;3_generic&apos;: [$&lt;read_str_from_txt&gt; =&gt; &lt;base64_ascii_str_pickle_to_object&gt;$]},
 &apos;.xls&apos;: {},
 &apos;.xlsm&apos;: {},
 &apos;.xlsx&apos;: {},
 &apos;.yaml&apos;: {&apos;1_exact_match&apos;: [$&lt;read_object_from_yaml&gt; =&gt; &lt;bool_to_float&gt;$,
                             $&lt;read_object_from_yaml&gt; =&gt; &lt;int_to_float&gt;$,
                             $&lt;read_object_from_yaml&gt; =&gt; &lt;str_to_float&gt;$],
           &apos;3_generic&apos;: [&lt;read_object_from_yaml&gt;]},
 &apos;.yml&apos;: {&apos;1_exact_match&apos;: [$&lt;read_object_from_yaml&gt; =&gt; &lt;bool_to_float&gt;$,
                            $&lt;read_object_from_yaml&gt; =&gt; &lt;int_to_float&gt;$,
                            $&lt;read_object_from_yaml&gt; =&gt; &lt;str_to_float&gt;$],
          &apos;3_generic&apos;: [&lt;read_object_from_yaml&gt;]},
 &apos;&lt;multifile&gt;&apos;: {}}
</system-out></testcase><testcase classname="parsyfiles.tests.parsing_capabilities_by_type.test_parse_primitives" file="parsyfiles/tests/parsing_capabilities_by_type/test_parse_primitives.py" line="147" name="test_get_capabilities_for_type[int]" time="0.25972938537597656"><system-out>{&apos;.cfg&apos;: {},
 &apos;.csv&apos;: {},
 &apos;.ini&apos;: {},
 &apos;.json&apos;: {},
 &apos;.properties&apos;: {},
 &apos;.pyc&apos;: {&apos;1_exact_match&apos;: [$&lt;read_object_from_pickle&gt; =&gt; &lt;bool_to_int&gt;$,
                            $&lt;read_object_from_pickle&gt; =&gt; &lt;float_to_int&gt;$,
                            $&lt;read_object_from_pickle&gt; =&gt; &lt;str_to_int&gt;$],
          &apos;2_approx_match&apos;: [$&lt;read_object_from_pickle&gt; =&gt; &lt;float_to_bool&gt;$,
                             $&lt;read_object_from_pickle&gt; =&gt; &lt;int_to_bool&gt;$,
                             $&lt;read_object_from_pickle&gt; =&gt; &lt;str_to_bool&gt;$],
          &apos;3_generic&apos;: [&lt;read_object_from_pickle&gt;]},
 &apos;.txt&apos;: {&apos;1_exact_match&apos;: [$&lt;read_str_from_txt&gt; =&gt; &lt;str_to_int&gt;$,
                            $&lt;read_str_from_txt&gt; =&gt; &lt;base64_ascii_str_pickle_to_object&gt; -&gt; &lt;bool_to_int&gt;$,
                            $&lt;read_str_from_txt&gt; =&gt; &lt;base64_ascii_str_pickle_to_object&gt; -&gt; &lt;float_to_int&gt;$,
                            $&lt;read_str_from_txt&gt; =&gt; &lt;base64_ascii_str_pickle_to_object&gt; -&gt; &lt;str_to_int&gt;$],
          &apos;2_approx_match&apos;: [$&lt;read_str_from_txt&gt; =&gt; &lt;str_to_bool&gt;$,
                             $&lt;read_str_from_txt&gt; =&gt; &lt;base64_ascii_str_pickle_to_object&gt; -&gt; &lt;float_to_bool&gt;$,
                             $&lt;read_str_from_txt&gt; =&gt; &lt;base64_ascii_str_pickle_to_object&gt; -&gt; &lt;int_to_bool&gt;$,
                             $&lt;read_str_from_txt&gt; =&gt; &lt;base64_ascii_str_pickle_to_object&gt; -&gt; &lt;str_to_bool&gt;$],
          &apos;3_generic&apos;: [$&lt;read_str_from_txt&gt; =&gt; &lt;base64_ascii_str_pickle_to_object&gt;$]},
 &apos;.xls&apos;: {},
 &apos;.xlsm&apos;: {},
 &apos;.xlsx&apos;: {},
 &apos;.yaml&apos;: {&apos;1_exact_match&apos;: [$&lt;read_object_from_yaml&gt; =&gt; &lt;bool_to_int&gt;$,
                             $&lt;read_object_from_yaml&gt; =&gt; &lt;float_to_int&gt;$,
                             $&lt;read_object_from_yaml&gt; =&gt; &lt;str_to_int&gt;$],
           &apos;2_approx_match&apos;: [$&lt;read_object_from_yaml&gt; =&gt; &lt;float_to_bool&gt;$,
                              $&lt;read_object_from_yaml&gt; =&gt; &lt;int_to_bool&gt;$,
                              $&lt;read_object_from_yaml&gt; =&gt; &lt;str_to_bool&gt;$],
           &apos;3_generic&apos;: [&lt;read_object_from_yaml&gt;]},
 &apos;.yml&apos;: {&apos;1_exact_match&apos;: [$&lt;read_object_from_yaml&gt; =&gt; &lt;bool_to_int&gt;$,
                            $&lt;read_object_from_yaml&gt; =&gt; &lt;float_to_int&gt;$,
                            $&lt;read_object_from_yaml&gt; =&gt; &lt;str_to_int&gt;$],
          &apos;2_approx_match&apos;: [$&lt;read_object_from_yaml&gt; =&gt; &lt;float_to_bool&gt;$,
                             $&lt;read_object_from_yaml&gt; =&gt; &lt;int_to_bool&gt;$,
                             $&lt;read_object_from_yaml&gt; =&gt; &lt;str_to_bool&gt;$],
          &apos;3_generic&apos;: [&lt;read_object_from_yaml&gt;]},
 &apos;&lt;multifile&gt;&apos;: {}}
</system-out></testcase><testcase classname="parsyfiles.tests.parsing_capabilities_by_type.test_parse_primitives" file="parsyfiles/tests/parsing_capabilities_by_type/test_parse_primitives.py" line="147" name="test_get_capabilities_for_type[bool]" time="0.1624159812927246"><system-out>{&apos;.cfg&apos;: {},
 &apos;.csv&apos;: {},
 &apos;.ini&apos;: {},
 &apos;.json&apos;: {},
 &apos;.properties&apos;: {},
 &apos;.pyc&apos;: {&apos;1_exact_match&apos;: [$&lt;read_object_from_pickle&gt; =&gt; &lt;float_to_bool&gt;$,
                            $&lt;read_object_from_pickle&gt; =&gt; &lt;int_to_bool&gt;$,
                            $&lt;read_object_from_pickle&gt; =&gt; &lt;str_to_bool&gt;$],
          &apos;3_generic&apos;: [&lt;read_object_from_pickle&gt;]},
 &apos;.txt&apos;: {&apos;1_exact_match&apos;: [$&lt;read_str_from_txt&gt; =&gt; &lt;str_to_bool&gt;$,
                            $&lt;read_str_from_txt&gt; =&gt; &lt;base64_ascii_str_pickle_to_object&gt; -&gt; &lt;float_to_bool&gt;$,
                            $&lt;read_str_from_txt&gt; =&gt; &lt;base64_ascii_str_pickle_to_object&gt; -&gt; &lt;int_to_bool&gt;$,
                            $&lt;read_str_from_txt&gt; =&gt; &lt;base64_ascii_str_pickle_to_object&gt; -&gt; &lt;str_to_bool&gt;$],
          &apos;3_generic&apos;: [$&lt;read_str_from_txt&gt; =&gt; &lt;base64_ascii_str_pickle_to_object&gt;$]},
 &apos;.xls&apos;: {},
 &apos;.xlsm&apos;: {},
 &apos;.xlsx&apos;: {},
 &apos;.yaml&apos;: {&apos;1_exact_match&apos;: [$&lt;read_object_from_yaml&gt; =&gt; &lt;float_to_bool&gt;$,
                             $&lt;read_object_from_yaml&gt; =&gt; &lt;int_to_bool&gt;$,
                             $&lt;read_object_from_yaml&gt; =&gt; &lt;str_to_bool&gt;$],
           &apos;3_generic&apos;: [&lt;read_object_from_yaml&gt;]},
 &apos;.yml&apos;: {&apos;1_exact_match&apos;: [$&lt;read_object_from_yaml&gt; =&gt; &lt;float_to_bool&gt;$,
                            $&lt;read_object_from_yaml&gt; =&gt; &lt;int_to_bool&gt;$,
                            $&lt;read_object_from_yaml&gt; =&gt; &lt;str_to_bool&gt;$],
          &apos;3_generic&apos;: [&lt;read_object_from_yaml&gt;]},
 &apos;&lt;multifile&gt;&apos;: {}}
</system-out></testcase><testcase classname="parsyfiles.tests.parsing_capabilities_by_type.test_parse_primitives" file="parsyfiles/tests/parsing_capabilities_by_type/test_parse_primitives.py" line="147" name="test_get_capabilities_for_type[str]" time="0.15810537338256836"><system-out>{&apos;.cfg&apos;: {},
 &apos;.csv&apos;: {},
 &apos;.ini&apos;: {},
 &apos;.json&apos;: {},
 &apos;.properties&apos;: {},
 &apos;.pyc&apos;: {&apos;1_exact_match&apos;: [$&lt;read_object_from_pickle&gt; =&gt; &lt;bool_to_string&gt;$,
                            $&lt;read_object_from_pickle&gt; =&gt; &lt;float_to_string&gt;$,
                            $&lt;read_object_from_pickle&gt; =&gt; &lt;int_to_string&gt;$],
          &apos;3_generic&apos;: [&lt;read_object_from_pickle&gt;]},
 &apos;.txt&apos;: {&apos;1_exact_match&apos;: [&lt;read_str_from_txt&gt;]},
 &apos;.xls&apos;: {},
 &apos;.xlsm&apos;: {},
 &apos;.xlsx&apos;: {},
 &apos;.yaml&apos;: {&apos;1_exact_match&apos;: [$&lt;read_object_from_yaml&gt; =&gt; &lt;bool_to_string&gt;$,
                             $&lt;read_object_from_yaml&gt; =&gt; &lt;float_to_string&gt;$,
                             $&lt;read_object_from_yaml&gt; =&gt; &lt;int_to_string&gt;$],
           &apos;3_generic&apos;: [&lt;read_object_from_yaml&gt;]},
 &apos;.yml&apos;: {&apos;1_exact_match&apos;: [$&lt;read_object_from_yaml&gt; =&gt; &lt;bool_to_string&gt;$,
                            $&lt;read_object_from_yaml&gt; =&gt; &lt;float_to_string&gt;$,
                            $&lt;read_object_from_yaml&gt; =&gt; &lt;int_to_string&gt;$],
          &apos;3_generic&apos;: [&lt;read_object_from_yaml&gt;]},
 &apos;&lt;multifile&gt;&apos;: {}}
</system-out></testcase><testcase classname="parsyfiles.tests.parsing_capabilities_by_type.test_parse_primitives" file="parsyfiles/tests/parsing_capabilities_by_type/test_parse_primitives.py" line="179" name="test_parse_by_type[float-ok-b64pickle-float--5.2=-5.2.txt]" time="0.04484891891479492"><system-out>**** Starting to parse single object of type &lt;float&gt; at location /home/travis/build/smarie/python-parsyfiles/parsyfiles/tests/parsing_capabilities_by_type/primitives_data/float/ok/b64pickle-float--5.2=-5.2 ****
Checking all files under [/home/travis/build/smarie/python-parsyfiles/parsyfiles/tests/parsing_capabilities_by_type/primitives_data/float/ok/b64pickle-float--5.2=-5.2]
(C) /home/travis/build/smarie/python-parsyfiles/parsyfiles/tests/parsing_capabilities_by_type/primitives_data/float/ok/b64pickle-float--5.2=-5.2 (singlefile, .txt)
File checks done

Building a parsing plan to parse [/home/travis/build/smarie/python-parsyfiles/parsyfiles/tests/parsing_capabilities_by_type/primitives_data/float/ok/b64pickle-float--5.2=-5.2] into a float
(B) /home/travis/build/smarie/python-parsyfiles/parsyfiles/tests/parsing_capabilities_by_type/primitives_data/float/ok/b64pickle-float--5.2=-5.2.txt -&gt; float ------- using [Try &apos;[Try &apos;$&lt;read_str_from_txt&gt; =&gt; &lt;str_to_float&gt;$&apos; then &apos;$&lt;read_str_from_txt&gt; =&gt; &lt;base64_ascii_str_pickle_to_object&gt; -&gt; &lt;bool_to_float&gt;$&apos; then &apos;$&lt;read_str_from_txt&gt; =&gt; &lt;base64_ascii_str_pickle_to_object&gt; -&gt; &lt;int_to_float&gt;$&apos; then &apos;$&lt;read_str_from_txt&gt; =&gt; &lt;base64_ascii_str_pickle_to_object&gt; -&gt; &lt;str_to_float&gt;$&apos; then &apos;$&lt;read_str_from_txt&gt; =&gt; &lt;base64_ascii_str_pickle_to_object&gt;$]&apos;]&apos; -&gt; [float] then &apos;[Try &apos;$&lt;read_str_from_txt&gt; =&gt; &lt;constructor_with_str_arg&gt;$&apos; then &apos;$&lt;read_str_from_txt&gt; =&gt; &lt;base64_ascii_str_pickle_to_object&gt;$]&apos;]&apos; -&gt; [float64]]]
(B)                                                                                                                 |--b64pickle-float--5.2=-5.2.txt -&gt; float ------- using [Try &apos;$&lt;read_str_from_txt&gt; =&gt; &lt;str_to_float&gt;$&apos; then &apos;$&lt;read_str_from_txt&gt; =&gt; &lt;base64_ascii_str_pickle_to_object&gt; -&gt; &lt;bool_to_float&gt;$&apos; then &apos;$&lt;read_str_from_txt&gt; =&gt; &lt;base64_ascii_str_pickle_to_object&gt; -&gt; &lt;int_to_float&gt;$&apos; then &apos;$&lt;read_str_from_txt&gt; =&gt; &lt;base64_ascii_str_pickle_to_object&gt; -&gt; &lt;str_to_float&gt;$&apos; then &apos;$&lt;read_str_from_txt&gt; =&gt; &lt;base64_ascii_str_pickle_to_object&gt;$]&apos;]
(B)                                                                                                                 |--b64pickle-float--5.2=-5.2.txt -&gt; float ------- using $&lt;read_str_from_txt&gt; =&gt; &lt;str_to_float&gt;$
Parsing Plan created successfully

Executing Parsing Plan for [/home/travis/build/smarie/python-parsyfiles/parsyfiles/tests/parsing_capabilities_by_type/primitives_data/float/ok/b64pickle-float--5.2=-5.2]
(P) /home/travis/build/smarie/python-parsyfiles/parsyfiles/tests/parsing_capabilities_by_type/primitives_data/float/ok/b64pickle-float--5.2=-5.2.txt -&gt; float ------- using $&lt;read_str_from_txt&gt; =&gt; &lt;str_to_float&gt;$
  !! Caught error during execution !!
  File &quot;/home/travis/build/smarie/python-parsyfiles/parsyfiles/plugins_base/support_for_primitive_types.py&quot;, line 61, in primitive_to_float
    source = literal_eval(source)
  File &quot;/opt/python/3.5.5/lib/python3.5/ast.py&quot;, line 84, in literal_eval
    return _convert(node_or_string)
  File &quot;/opt/python/3.5.5/lib/python3.5/ast.py&quot;, line 83, in _convert
    raise ValueError(&apos;malformed node or string: &apos; + repr(node))
  ValueError : malformed node or string: &lt;_ast.Name object at 0x7f33d3e18908&gt;
(B)                                                                                                                 |--b64pickle-float--5.2=-5.2.txt -&gt; float ------- using $&lt;read_str_from_txt&gt; =&gt; &lt;base64_ascii_str_pickle_to_object&gt; -&gt; &lt;bool_to_float&gt;$
Executing Parsing Plan for [/home/travis/build/smarie/python-parsyfiles/parsyfiles/tests/parsing_capabilities_by_type/primitives_data/float/ok/b64pickle-float--5.2=-5.2]
(P) /home/travis/build/smarie/python-parsyfiles/parsyfiles/tests/parsing_capabilities_by_type/primitives_data/float/ok/b64pickle-float--5.2=-5.2.txt -&gt; float ------- using $&lt;read_str_from_txt&gt; =&gt; &lt;base64_ascii_str_pickle_to_object&gt; -&gt; &lt;bool_to_float&gt;$
  !! Caught error during execution !!
  File &quot;/home/travis/build/smarie/python-parsyfiles/parsyfiles/converting_core.py&quot;, line 319, in convert
    return self._convert(desired_type, source_obj, logger, options)
  File &quot;/home/travis/build/smarie/python-parsyfiles/parsyfiles/converting_core.py&quot;, line 770, in _convert
    return self._converters_list[-1].convert(desired_type, obj, logger, options)
  File &quot;/home/travis/build/smarie/python-parsyfiles/parsyfiles/converting_core.py&quot;, line 321, in convert
    raise ConversionException.create_not_able_to_convert(source_obj, self, desired_type)
  ConversionException : Converter &lt;bool_to_float&gt; is not able to ingest source value &apos;-5.2&apos; of type &apos;float&apos; and/or convert it to type &apos;float&apos;. This can happen in a chain when the previous step in the chain is generic and actually produced  an output of the wrong type/content
(B)                                                                                                                 |--b64pickle-float--5.2=-5.2.txt -&gt; float ------- using $&lt;read_str_from_txt&gt; =&gt; &lt;base64_ascii_str_pickle_to_object&gt; -&gt; &lt;int_to_float&gt;$
Executing Parsing Plan for [/home/travis/build/smarie/python-parsyfiles/parsyfiles/tests/parsing_capabilities_by_type/primitives_data/float/ok/b64pickle-float--5.2=-5.2]
(P) /home/travis/build/smarie/python-parsyfiles/parsyfiles/tests/parsing_capabilities_by_type/primitives_data/float/ok/b64pickle-float--5.2=-5.2.txt -&gt; float ------- using $&lt;read_str_from_txt&gt; =&gt; &lt;base64_ascii_str_pickle_to_object&gt; -&gt; &lt;int_to_float&gt;$
  !! Caught error during execution !!
  File &quot;/home/travis/build/smarie/python-parsyfiles/parsyfiles/converting_core.py&quot;, line 319, in convert
    return self._convert(desired_type, source_obj, logger, options)
  File &quot;/home/travis/build/smarie/python-parsyfiles/parsyfiles/converting_core.py&quot;, line 770, in _convert
    return self._converters_list[-1].convert(desired_type, obj, logger, options)
  File &quot;/home/travis/build/smarie/python-parsyfiles/parsyfiles/converting_core.py&quot;, line 321, in convert
    raise ConversionException.create_not_able_to_convert(source_obj, self, desired_type)
  ConversionException : Converter &lt;int_to_float&gt; is not able to ingest source value &apos;-5.2&apos; of type &apos;float&apos; and/or convert it to type &apos;float&apos;. This can happen in a chain when the previous step in the chain is generic and actually produced  an output of the wrong type/content
(B)                                                                                                                 |--b64pickle-float--5.2=-5.2.txt -&gt; float ------- using $&lt;read_str_from_txt&gt; =&gt; &lt;base64_ascii_str_pickle_to_object&gt; -&gt; &lt;str_to_float&gt;$
Executing Parsing Plan for [/home/travis/build/smarie/python-parsyfiles/parsyfiles/tests/parsing_capabilities_by_type/primitives_data/float/ok/b64pickle-float--5.2=-5.2]
(P) /home/travis/build/smarie/python-parsyfiles/parsyfiles/tests/parsing_capabilities_by_type/primitives_data/float/ok/b64pickle-float--5.2=-5.2.txt -&gt; float ------- using $&lt;read_str_from_txt&gt; =&gt; &lt;base64_ascii_str_pickle_to_object&gt; -&gt; &lt;str_to_float&gt;$
  !! Caught error during execution !!
  File &quot;/home/travis/build/smarie/python-parsyfiles/parsyfiles/converting_core.py&quot;, line 319, in convert
    return self._convert(desired_type, source_obj, logger, options)
  File &quot;/home/travis/build/smarie/python-parsyfiles/parsyfiles/converting_core.py&quot;, line 770, in _convert
    return self._converters_list[-1].convert(desired_type, obj, logger, options)
  File &quot;/home/travis/build/smarie/python-parsyfiles/parsyfiles/converting_core.py&quot;, line 321, in convert
    raise ConversionException.create_not_able_to_convert(source_obj, self, desired_type)
  ConversionException : Converter &lt;str_to_float&gt; is not able to ingest source value &apos;-5.2&apos; of type &apos;float&apos; and/or convert it to type &apos;float&apos;. This can happen in a chain when the previous step in the chain is generic and actually produced  an output of the wrong type/content
(B)                                                                                                                 |--b64pickle-float--5.2=-5.2.txt -&gt; float ------- using $&lt;read_str_from_txt&gt; =&gt; &lt;base64_ascii_str_pickle_to_object&gt;$
Executing Parsing Plan for [/home/travis/build/smarie/python-parsyfiles/parsyfiles/tests/parsing_capabilities_by_type/primitives_data/float/ok/b64pickle-float--5.2=-5.2]
(P) /home/travis/build/smarie/python-parsyfiles/parsyfiles/tests/parsing_capabilities_by_type/primitives_data/float/ok/b64pickle-float--5.2=-5.2.txt -&gt; float ------- using $&lt;read_str_from_txt&gt; =&gt; &lt;base64_ascii_str_pickle_to_object&gt;$
(P)                                                                                                                 |--b64pickle-float--5.2=-5.2.txt -&gt; float SUCCESS !
Completed parsing successfully

-5.2==-5.2
</system-out></testcase><testcase classname="parsyfiles.tests.parsing_capabilities_by_type.test_parse_primitives" file="parsyfiles/tests/parsing_capabilities_by_type/test_parse_primitives.py" line="179" name="test_parse_by_type[float-ok-b64pickle-int--2=-2.0.txt]" time="0.043619632720947266"><system-out>**** Starting to parse single object of type &lt;float&gt; at location /home/travis/build/smarie/python-parsyfiles/parsyfiles/tests/parsing_capabilities_by_type/primitives_data/float/ok/b64pickle-int--2=-2.0 ****
Checking all files under [/home/travis/build/smarie/python-parsyfiles/parsyfiles/tests/parsing_capabilities_by_type/primitives_data/float/ok/b64pickle-int--2=-2.0]
(C) /home/travis/build/smarie/python-parsyfiles/parsyfiles/tests/parsing_capabilities_by_type/primitives_data/float/ok/b64pickle-int--2=-2.0 (singlefile, .txt)
File checks done

Building a parsing plan to parse [/home/travis/build/smarie/python-parsyfiles/parsyfiles/tests/parsing_capabilities_by_type/primitives_data/float/ok/b64pickle-int--2=-2.0] into a float
(B) /home/travis/build/smarie/python-parsyfiles/parsyfiles/tests/parsing_capabilities_by_type/primitives_data/float/ok/b64pickle-int--2=-2.0.txt -&gt; float ------- using [Try &apos;[Try &apos;$&lt;read_str_from_txt&gt; =&gt; &lt;str_to_float&gt;$&apos; then &apos;$&lt;read_str_from_txt&gt; =&gt; &lt;base64_ascii_str_pickle_to_object&gt; -&gt; &lt;bool_to_float&gt;$&apos; then &apos;$&lt;read_str_from_txt&gt; =&gt; &lt;base64_ascii_str_pickle_to_object&gt; -&gt; &lt;int_to_float&gt;$&apos; then &apos;$&lt;read_str_from_txt&gt; =&gt; &lt;base64_ascii_str_pickle_to_object&gt; -&gt; &lt;str_to_float&gt;$&apos; then &apos;$&lt;read_str_from_txt&gt; =&gt; &lt;base64_ascii_str_pickle_to_object&gt;$]&apos;]&apos; -&gt; [float] then &apos;[Try &apos;$&lt;read_str_from_txt&gt; =&gt; &lt;constructor_with_str_arg&gt;$&apos; then &apos;$&lt;read_str_from_txt&gt; =&gt; &lt;base64_ascii_str_pickle_to_object&gt;$]&apos;]&apos; -&gt; [float64]]]
(B)                                                                                                                 |--b64pickle-int--2=-2.0.txt -&gt; float ------- using [Try &apos;$&lt;read_str_from_txt&gt; =&gt; &lt;str_to_float&gt;$&apos; then &apos;$&lt;read_str_from_txt&gt; =&gt; &lt;base64_ascii_str_pickle_to_object&gt; -&gt; &lt;bool_to_float&gt;$&apos; then &apos;$&lt;read_str_from_txt&gt; =&gt; &lt;base64_ascii_str_pickle_to_object&gt; -&gt; &lt;int_to_float&gt;$&apos; then &apos;$&lt;read_str_from_txt&gt; =&gt; &lt;base64_ascii_str_pickle_to_object&gt; -&gt; &lt;str_to_float&gt;$&apos; then &apos;$&lt;read_str_from_txt&gt; =&gt; &lt;base64_ascii_str_pickle_to_object&gt;$]&apos;]
(B)                                                                                                                 |--b64pickle-int--2=-2.0.txt -&gt; float ------- using $&lt;read_str_from_txt&gt; =&gt; &lt;str_to_float&gt;$
Parsing Plan created successfully

Executing Parsing Plan for [/home/travis/build/smarie/python-parsyfiles/parsyfiles/tests/parsing_capabilities_by_type/primitives_data/float/ok/b64pickle-int--2=-2.0]
(P) /home/travis/build/smarie/python-parsyfiles/parsyfiles/tests/parsing_capabilities_by_type/primitives_data/float/ok/b64pickle-int--2=-2.0.txt -&gt; float ------- using $&lt;read_str_from_txt&gt; =&gt; &lt;str_to_float&gt;$
  !! Caught error during execution !!
  File &quot;/home/travis/build/smarie/python-parsyfiles/parsyfiles/plugins_base/support_for_primitive_types.py&quot;, line 61, in primitive_to_float
    source = literal_eval(source)
  File &quot;/opt/python/3.5.5/lib/python3.5/ast.py&quot;, line 46, in literal_eval
    node_or_string = parse(node_or_string, mode=&apos;eval&apos;)
  File &quot;/opt/python/3.5.5/lib/python3.5/ast.py&quot;, line 35, in parse
    return compile(source, filename, mode, PyCF_ONLY_AST)
  SyntaxError : invalid syntax (&lt;unknown&gt;, line 1)
(B)                                                                                                                 |--b64pickle-int--2=-2.0.txt -&gt; float ------- using $&lt;read_str_from_txt&gt; =&gt; &lt;base64_ascii_str_pickle_to_object&gt; -&gt; &lt;bool_to_float&gt;$
Executing Parsing Plan for [/home/travis/build/smarie/python-parsyfiles/parsyfiles/tests/parsing_capabilities_by_type/primitives_data/float/ok/b64pickle-int--2=-2.0]
(P) /home/travis/build/smarie/python-parsyfiles/parsyfiles/tests/parsing_capabilities_by_type/primitives_data/float/ok/b64pickle-int--2=-2.0.txt -&gt; float ------- using $&lt;read_str_from_txt&gt; =&gt; &lt;base64_ascii_str_pickle_to_object&gt; -&gt; &lt;bool_to_float&gt;$
  !! Caught error during execution !!
  File &quot;/home/travis/build/smarie/python-parsyfiles/parsyfiles/converting_core.py&quot;, line 319, in convert
    return self._convert(desired_type, source_obj, logger, options)
  File &quot;/home/travis/build/smarie/python-parsyfiles/parsyfiles/converting_core.py&quot;, line 770, in _convert
    return self._converters_list[-1].convert(desired_type, obj, logger, options)
  File &quot;/home/travis/build/smarie/python-parsyfiles/parsyfiles/converting_core.py&quot;, line 321, in convert
    raise ConversionException.create_not_able_to_convert(source_obj, self, desired_type)
  ConversionException : Converter &lt;bool_to_float&gt; is not able to ingest source value &apos;-2&apos; of type &apos;int&apos; and/or convert it to type &apos;float&apos;. This can happen in a chain when the previous step in the chain is generic and actually produced  an output of the wrong type/content
(B)                                                                                                                 |--b64pickle-int--2=-2.0.txt -&gt; float ------- using $&lt;read_str_from_txt&gt; =&gt; &lt;base64_ascii_str_pickle_to_object&gt; -&gt; &lt;int_to_float&gt;$
Executing Parsing Plan for [/home/travis/build/smarie/python-parsyfiles/parsyfiles/tests/parsing_capabilities_by_type/primitives_data/float/ok/b64pickle-int--2=-2.0]
(P) /home/travis/build/smarie/python-parsyfiles/parsyfiles/tests/parsing_capabilities_by_type/primitives_data/float/ok/b64pickle-int--2=-2.0.txt -&gt; float ------- using $&lt;read_str_from_txt&gt; =&gt; &lt;base64_ascii_str_pickle_to_object&gt; -&gt; &lt;int_to_float&gt;$
(P)                                                                                                                 |--b64pickle-int--2=-2.0.txt -&gt; float SUCCESS !
Completed parsing successfully

-2.0==-2.0
</system-out></testcase><testcase classname="parsyfiles.tests.parsing_capabilities_by_type.test_parse_primitives" file="parsyfiles/tests/parsing_capabilities_by_type/test_parse_primitives.py" line="179" name="test_parse_by_type[float-ok-txt-float--5.2=-5.2.txt]" time="0.04170942306518555"><system-out>**** Starting to parse single object of type &lt;float&gt; at location /home/travis/build/smarie/python-parsyfiles/parsyfiles/tests/parsing_capabilities_by_type/primitives_data/float/ok/txt-float--5.2=-5.2 ****
Checking all files under [/home/travis/build/smarie/python-parsyfiles/parsyfiles/tests/parsing_capabilities_by_type/primitives_data/float/ok/txt-float--5.2=-5.2]
(C) /home/travis/build/smarie/python-parsyfiles/parsyfiles/tests/parsing_capabilities_by_type/primitives_data/float/ok/txt-float--5.2=-5.2 (singlefile, .txt)
File checks done

Building a parsing plan to parse [/home/travis/build/smarie/python-parsyfiles/parsyfiles/tests/parsing_capabilities_by_type/primitives_data/float/ok/txt-float--5.2=-5.2] into a float
(B) /home/travis/build/smarie/python-parsyfiles/parsyfiles/tests/parsing_capabilities_by_type/primitives_data/float/ok/txt-float--5.2=-5.2.txt -&gt; float ------- using [Try &apos;[Try &apos;$&lt;read_str_from_txt&gt; =&gt; &lt;str_to_float&gt;$&apos; then &apos;$&lt;read_str_from_txt&gt; =&gt; &lt;base64_ascii_str_pickle_to_object&gt; -&gt; &lt;bool_to_float&gt;$&apos; then &apos;$&lt;read_str_from_txt&gt; =&gt; &lt;base64_ascii_str_pickle_to_object&gt; -&gt; &lt;int_to_float&gt;$&apos; then &apos;$&lt;read_str_from_txt&gt; =&gt; &lt;base64_ascii_str_pickle_to_object&gt; -&gt; &lt;str_to_float&gt;$&apos; then &apos;$&lt;read_str_from_txt&gt; =&gt; &lt;base64_ascii_str_pickle_to_object&gt;$]&apos;]&apos; -&gt; [float] then &apos;[Try &apos;$&lt;read_str_from_txt&gt; =&gt; &lt;constructor_with_str_arg&gt;$&apos; then &apos;$&lt;read_str_from_txt&gt; =&gt; &lt;base64_ascii_str_pickle_to_object&gt;$]&apos;]&apos; -&gt; [float64]]]
(B)                                                                                                                 |--txt-float--5.2=-5.2.txt -&gt; float ------- using [Try &apos;$&lt;read_str_from_txt&gt; =&gt; &lt;str_to_float&gt;$&apos; then &apos;$&lt;read_str_from_txt&gt; =&gt; &lt;base64_ascii_str_pickle_to_object&gt; -&gt; &lt;bool_to_float&gt;$&apos; then &apos;$&lt;read_str_from_txt&gt; =&gt; &lt;base64_ascii_str_pickle_to_object&gt; -&gt; &lt;int_to_float&gt;$&apos; then &apos;$&lt;read_str_from_txt&gt; =&gt; &lt;base64_ascii_str_pickle_to_object&gt; -&gt; &lt;str_to_float&gt;$&apos; then &apos;$&lt;read_str_from_txt&gt; =&gt; &lt;base64_ascii_str_pickle_to_object&gt;$]&apos;]
(B)                                                                                                                 |--txt-float--5.2=-5.2.txt -&gt; float ------- using $&lt;read_str_from_txt&gt; =&gt; &lt;str_to_float&gt;$
Parsing Plan created successfully

Executing Parsing Plan for [/home/travis/build/smarie/python-parsyfiles/parsyfiles/tests/parsing_capabilities_by_type/primitives_data/float/ok/txt-float--5.2=-5.2]
(P) /home/travis/build/smarie/python-parsyfiles/parsyfiles/tests/parsing_capabilities_by_type/primitives_data/float/ok/txt-float--5.2=-5.2.txt -&gt; float ------- using $&lt;read_str_from_txt&gt; =&gt; &lt;str_to_float&gt;$
(P)                                                                                                                 |--txt-float--5.2=-5.2.txt -&gt; float SUCCESS !
Completed parsing successfully

-5.2==-5.2
</system-out></testcase><testcase classname="parsyfiles.tests.parsing_capabilities_by_type.test_parse_primitives" file="parsyfiles/tests/parsing_capabilities_by_type/test_parse_primitives.py" line="179" name="test_parse_by_type[float-ok-b64pickle-int-5=5.0.txt]" time="0.0432131290435791"><system-out>**** Starting to parse single object of type &lt;float&gt; at location /home/travis/build/smarie/python-parsyfiles/parsyfiles/tests/parsing_capabilities_by_type/primitives_data/float/ok/b64pickle-int-5=5.0 ****
Checking all files under [/home/travis/build/smarie/python-parsyfiles/parsyfiles/tests/parsing_capabilities_by_type/primitives_data/float/ok/b64pickle-int-5=5.0]
(C) /home/travis/build/smarie/python-parsyfiles/parsyfiles/tests/parsing_capabilities_by_type/primitives_data/float/ok/b64pickle-int-5=5.0 (singlefile, .txt)
File checks done

Building a parsing plan to parse [/home/travis/build/smarie/python-parsyfiles/parsyfiles/tests/parsing_capabilities_by_type/primitives_data/float/ok/b64pickle-int-5=5.0] into a float
(B) /home/travis/build/smarie/python-parsyfiles/parsyfiles/tests/parsing_capabilities_by_type/primitives_data/float/ok/b64pickle-int-5=5.0.txt -&gt; float ------- using [Try &apos;[Try &apos;$&lt;read_str_from_txt&gt; =&gt; &lt;str_to_float&gt;$&apos; then &apos;$&lt;read_str_from_txt&gt; =&gt; &lt;base64_ascii_str_pickle_to_object&gt; -&gt; &lt;bool_to_float&gt;$&apos; then &apos;$&lt;read_str_from_txt&gt; =&gt; &lt;base64_ascii_str_pickle_to_object&gt; -&gt; &lt;int_to_float&gt;$&apos; then &apos;$&lt;read_str_from_txt&gt; =&gt; &lt;base64_ascii_str_pickle_to_object&gt; -&gt; &lt;str_to_float&gt;$&apos; then &apos;$&lt;read_str_from_txt&gt; =&gt; &lt;base64_ascii_str_pickle_to_object&gt;$]&apos;]&apos; -&gt; [float] then &apos;[Try &apos;$&lt;read_str_from_txt&gt; =&gt; &lt;constructor_with_str_arg&gt;$&apos; then &apos;$&lt;read_str_from_txt&gt; =&gt; &lt;base64_ascii_str_pickle_to_object&gt;$]&apos;]&apos; -&gt; [float64]]]
(B)                                                                                                                 |--b64pickle-int-5=5.0.txt -&gt; float ------- using [Try &apos;$&lt;read_str_from_txt&gt; =&gt; &lt;str_to_float&gt;$&apos; then &apos;$&lt;read_str_from_txt&gt; =&gt; &lt;base64_ascii_str_pickle_to_object&gt; -&gt; &lt;bool_to_float&gt;$&apos; then &apos;$&lt;read_str_from_txt&gt; =&gt; &lt;base64_ascii_str_pickle_to_object&gt; -&gt; &lt;int_to_float&gt;$&apos; then &apos;$&lt;read_str_from_txt&gt; =&gt; &lt;base64_ascii_str_pickle_to_object&gt; -&gt; &lt;str_to_float&gt;$&apos; then &apos;$&lt;read_str_from_txt&gt; =&gt; &lt;base64_ascii_str_pickle_to_object&gt;$]&apos;]
(B)                                                                                                                 |--b64pickle-int-5=5.0.txt -&gt; float ------- using $&lt;read_str_from_txt&gt; =&gt; &lt;str_to_float&gt;$
Parsing Plan created successfully

Executing Parsing Plan for [/home/travis/build/smarie/python-parsyfiles/parsyfiles/tests/parsing_capabilities_by_type/primitives_data/float/ok/b64pickle-int-5=5.0]
(P) /home/travis/build/smarie/python-parsyfiles/parsyfiles/tests/parsing_capabilities_by_type/primitives_data/float/ok/b64pickle-int-5=5.0.txt -&gt; float ------- using $&lt;read_str_from_txt&gt; =&gt; &lt;str_to_float&gt;$
  !! Caught error during execution !!
  File &quot;/home/travis/build/smarie/python-parsyfiles/parsyfiles/plugins_base/support_for_primitive_types.py&quot;, line 61, in primitive_to_float
    source = literal_eval(source)
  File &quot;/opt/python/3.5.5/lib/python3.5/ast.py&quot;, line 46, in literal_eval
    node_or_string = parse(node_or_string, mode=&apos;eval&apos;)
  File &quot;/opt/python/3.5.5/lib/python3.5/ast.py&quot;, line 35, in parse
    return compile(source, filename, mode, PyCF_ONLY_AST)
  SyntaxError : unexpected EOF while parsing (&lt;unknown&gt;, line 1)
(B)                                                                                                                 |--b64pickle-int-5=5.0.txt -&gt; float ------- using $&lt;read_str_from_txt&gt; =&gt; &lt;base64_ascii_str_pickle_to_object&gt; -&gt; &lt;bool_to_float&gt;$
Executing Parsing Plan for [/home/travis/build/smarie/python-parsyfiles/parsyfiles/tests/parsing_capabilities_by_type/primitives_data/float/ok/b64pickle-int-5=5.0]
(P) /home/travis/build/smarie/python-parsyfiles/parsyfiles/tests/parsing_capabilities_by_type/primitives_data/float/ok/b64pickle-int-5=5.0.txt -&gt; float ------- using $&lt;read_str_from_txt&gt; =&gt; &lt;base64_ascii_str_pickle_to_object&gt; -&gt; &lt;bool_to_float&gt;$
  !! Caught error during execution !!
  File &quot;/home/travis/build/smarie/python-parsyfiles/parsyfiles/converting_core.py&quot;, line 319, in convert
    return self._convert(desired_type, source_obj, logger, options)
  File &quot;/home/travis/build/smarie/python-parsyfiles/parsyfiles/converting_core.py&quot;, line 770, in _convert
    return self._converters_list[-1].convert(desired_type, obj, logger, options)
  File &quot;/home/travis/build/smarie/python-parsyfiles/parsyfiles/converting_core.py&quot;, line 321, in convert
    raise ConversionException.create_not_able_to_convert(source_obj, self, desired_type)
  ConversionException : Converter &lt;bool_to_float&gt; is not able to ingest source value &apos;5&apos; of type &apos;int&apos; and/or convert it to type &apos;float&apos;. This can happen in a chain when the previous step in the chain is generic and actually produced  an output of the wrong type/content
(B)                                                                                                                 |--b64pickle-int-5=5.0.txt -&gt; float ------- using $&lt;read_str_from_txt&gt; =&gt; &lt;base64_ascii_str_pickle_to_object&gt; -&gt; &lt;int_to_float&gt;$
Executing Parsing Plan for [/home/travis/build/smarie/python-parsyfiles/parsyfiles/tests/parsing_capabilities_by_type/primitives_data/float/ok/b64pickle-int-5=5.0]
(P) /home/travis/build/smarie/python-parsyfiles/parsyfiles/tests/parsing_capabilities_by_type/primitives_data/float/ok/b64pickle-int-5=5.0.txt -&gt; float ------- using $&lt;read_str_from_txt&gt; =&gt; &lt;base64_ascii_str_pickle_to_object&gt; -&gt; &lt;int_to_float&gt;$
(P)                                                                                                                 |--b64pickle-int-5=5.0.txt -&gt; float SUCCESS !
Completed parsing successfully

5.0==5.0
</system-out></testcase><testcase classname="parsyfiles.tests.parsing_capabilities_by_type.test_parse_primitives" file="parsyfiles/tests/parsing_capabilities_by_type/test_parse_primitives.py" line="179" name="test_parse_by_type[float-ok-b64pickle-bool-False=0.0.txt]" time="0.04270815849304199"><system-out>**** Starting to parse single object of type &lt;float&gt; at location /home/travis/build/smarie/python-parsyfiles/parsyfiles/tests/parsing_capabilities_by_type/primitives_data/float/ok/b64pickle-bool-False=0.0 ****
Checking all files under [/home/travis/build/smarie/python-parsyfiles/parsyfiles/tests/parsing_capabilities_by_type/primitives_data/float/ok/b64pickle-bool-False=0.0]
(C) /home/travis/build/smarie/python-parsyfiles/parsyfiles/tests/parsing_capabilities_by_type/primitives_data/float/ok/b64pickle-bool-False=0.0 (singlefile, .txt)
File checks done

Building a parsing plan to parse [/home/travis/build/smarie/python-parsyfiles/parsyfiles/tests/parsing_capabilities_by_type/primitives_data/float/ok/b64pickle-bool-False=0.0] into a float
(B) /home/travis/build/smarie/python-parsyfiles/parsyfiles/tests/parsing_capabilities_by_type/primitives_data/float/ok/b64pickle-bool-False=0.0.txt -&gt; float ------- using [Try &apos;[Try &apos;$&lt;read_str_from_txt&gt; =&gt; &lt;str_to_float&gt;$&apos; then &apos;$&lt;read_str_from_txt&gt; =&gt; &lt;base64_ascii_str_pickle_to_object&gt; -&gt; &lt;bool_to_float&gt;$&apos; then &apos;$&lt;read_str_from_txt&gt; =&gt; &lt;base64_ascii_str_pickle_to_object&gt; -&gt; &lt;int_to_float&gt;$&apos; then &apos;$&lt;read_str_from_txt&gt; =&gt; &lt;base64_ascii_str_pickle_to_object&gt; -&gt; &lt;str_to_float&gt;$&apos; then &apos;$&lt;read_str_from_txt&gt; =&gt; &lt;base64_ascii_str_pickle_to_object&gt;$]&apos;]&apos; -&gt; [float] then &apos;[Try &apos;$&lt;read_str_from_txt&gt; =&gt; &lt;constructor_with_str_arg&gt;$&apos; then &apos;$&lt;read_str_from_txt&gt; =&gt; &lt;base64_ascii_str_pickle_to_object&gt;$]&apos;]&apos; -&gt; [float64]]]
(B)                                                                                                                 |--b64pickle-bool-False=0.0.txt -&gt; float ------- using [Try &apos;$&lt;read_str_from_txt&gt; =&gt; &lt;str_to_float&gt;$&apos; then &apos;$&lt;read_str_from_txt&gt; =&gt; &lt;base64_ascii_str_pickle_to_object&gt; -&gt; &lt;bool_to_float&gt;$&apos; then &apos;$&lt;read_str_from_txt&gt; =&gt; &lt;base64_ascii_str_pickle_to_object&gt; -&gt; &lt;int_to_float&gt;$&apos; then &apos;$&lt;read_str_from_txt&gt; =&gt; &lt;base64_ascii_str_pickle_to_object&gt; -&gt; &lt;str_to_float&gt;$&apos; then &apos;$&lt;read_str_from_txt&gt; =&gt; &lt;base64_ascii_str_pickle_to_object&gt;$]&apos;]
(B)                                                                                                                 |--b64pickle-bool-False=0.0.txt -&gt; float ------- using $&lt;read_str_from_txt&gt; =&gt; &lt;str_to_float&gt;$
Parsing Plan created successfully

Executing Parsing Plan for [/home/travis/build/smarie/python-parsyfiles/parsyfiles/tests/parsing_capabilities_by_type/primitives_data/float/ok/b64pickle-bool-False=0.0]
(P) /home/travis/build/smarie/python-parsyfiles/parsyfiles/tests/parsing_capabilities_by_type/primitives_data/float/ok/b64pickle-bool-False=0.0.txt -&gt; float ------- using $&lt;read_str_from_txt&gt; =&gt; &lt;str_to_float&gt;$
  !! Caught error during execution !!
  File &quot;/home/travis/build/smarie/python-parsyfiles/parsyfiles/plugins_base/support_for_primitive_types.py&quot;, line 61, in primitive_to_float
    source = literal_eval(source)
  File &quot;/opt/python/3.5.5/lib/python3.5/ast.py&quot;, line 46, in literal_eval
    node_or_string = parse(node_or_string, mode=&apos;eval&apos;)
  File &quot;/opt/python/3.5.5/lib/python3.5/ast.py&quot;, line 35, in parse
    return compile(source, filename, mode, PyCF_ONLY_AST)
  SyntaxError : unexpected EOF while parsing (&lt;unknown&gt;, line 1)
(B)                                                                                                                 |--b64pickle-bool-False=0.0.txt -&gt; float ------- using $&lt;read_str_from_txt&gt; =&gt; &lt;base64_ascii_str_pickle_to_object&gt; -&gt; &lt;bool_to_float&gt;$
Executing Parsing Plan for [/home/travis/build/smarie/python-parsyfiles/parsyfiles/tests/parsing_capabilities_by_type/primitives_data/float/ok/b64pickle-bool-False=0.0]
(P) /home/travis/build/smarie/python-parsyfiles/parsyfiles/tests/parsing_capabilities_by_type/primitives_data/float/ok/b64pickle-bool-False=0.0.txt -&gt; float ------- using $&lt;read_str_from_txt&gt; =&gt; &lt;base64_ascii_str_pickle_to_object&gt; -&gt; &lt;bool_to_float&gt;$
(P)                                                                                                                 |--b64pickle-bool-False=0.0.txt -&gt; float SUCCESS !
Completed parsing successfully

0.0==0.0
</system-out></testcase><testcase classname="parsyfiles.tests.parsing_capabilities_by_type.test_parse_primitives" file="parsyfiles/tests/parsing_capabilities_by_type/test_parse_primitives.py" line="179" name="test_parse_by_type[float-ok-pickle-bool-False=0.0.pyc]" time="0.03879690170288086"><system-out>**** Starting to parse single object of type &lt;float&gt; at location /home/travis/build/smarie/python-parsyfiles/parsyfiles/tests/parsing_capabilities_by_type/primitives_data/float/ok/pickle-bool-False=0.0 ****
Checking all files under [/home/travis/build/smarie/python-parsyfiles/parsyfiles/tests/parsing_capabilities_by_type/primitives_data/float/ok/pickle-bool-False=0.0]
(C) /home/travis/build/smarie/python-parsyfiles/parsyfiles/tests/parsing_capabilities_by_type/primitives_data/float/ok/pickle-bool-False=0.0 (singlefile, .pyc)
File checks done

Building a parsing plan to parse [/home/travis/build/smarie/python-parsyfiles/parsyfiles/tests/parsing_capabilities_by_type/primitives_data/float/ok/pickle-bool-False=0.0] into a float
(B) /home/travis/build/smarie/python-parsyfiles/parsyfiles/tests/parsing_capabilities_by_type/primitives_data/float/ok/pickle-bool-False=0.0.pyc -&gt; float ------- using [Try &apos;[Try &apos;$&lt;read_object_from_pickle&gt; =&gt; &lt;bool_to_float&gt;$&apos; then &apos;$&lt;read_object_from_pickle&gt; =&gt; &lt;int_to_float&gt;$&apos; then &apos;$&lt;read_object_from_pickle&gt; =&gt; &lt;str_to_float&gt;$&apos; then &apos;&lt;read_object_from_pickle&gt;]&apos;]&apos; -&gt; [float] then &apos;&lt;read_object_from_pickle&gt;&apos; -&gt; [float64]]]
(B)                                                                                                                 |--pickle-bool-False=0.0.pyc -&gt; float ------- using [Try &apos;$&lt;read_object_from_pickle&gt; =&gt; &lt;bool_to_float&gt;$&apos; then &apos;$&lt;read_object_from_pickle&gt; =&gt; &lt;int_to_float&gt;$&apos; then &apos;$&lt;read_object_from_pickle&gt; =&gt; &lt;str_to_float&gt;$&apos; then &apos;&lt;read_object_from_pickle&gt;]&apos;]
(B)                                                                                                                 |--pickle-bool-False=0.0.pyc -&gt; float ------- using $&lt;read_object_from_pickle&gt; =&gt; &lt;bool_to_float&gt;$
Parsing Plan created successfully

Executing Parsing Plan for [/home/travis/build/smarie/python-parsyfiles/parsyfiles/tests/parsing_capabilities_by_type/primitives_data/float/ok/pickle-bool-False=0.0]
(P) /home/travis/build/smarie/python-parsyfiles/parsyfiles/tests/parsing_capabilities_by_type/primitives_data/float/ok/pickle-bool-False=0.0.pyc -&gt; float ------- using $&lt;read_object_from_pickle&gt; =&gt; &lt;bool_to_float&gt;$
(P)                                                                                                                 |--pickle-bool-False=0.0.pyc -&gt; float SUCCESS !
Completed parsing successfully

0.0==0.0
</system-out></testcase><testcase classname="parsyfiles.tests.parsing_capabilities_by_type.test_parse_primitives" file="parsyfiles/tests/parsing_capabilities_by_type/test_parse_primitives.py" line="179" name="test_parse_by_type[float-ok-txt-bool-True=1.0.txt]" time="0.0390775203704834"><system-out>**** Starting to parse single object of type &lt;float&gt; at location /home/travis/build/smarie/python-parsyfiles/parsyfiles/tests/parsing_capabilities_by_type/primitives_data/float/ok/txt-bool-True=1.0 ****
Checking all files under [/home/travis/build/smarie/python-parsyfiles/parsyfiles/tests/parsing_capabilities_by_type/primitives_data/float/ok/txt-bool-True=1.0]
(C) /home/travis/build/smarie/python-parsyfiles/parsyfiles/tests/parsing_capabilities_by_type/primitives_data/float/ok/txt-bool-True=1.0 (singlefile, .txt)
File checks done

Building a parsing plan to parse [/home/travis/build/smarie/python-parsyfiles/parsyfiles/tests/parsing_capabilities_by_type/primitives_data/float/ok/txt-bool-True=1.0] into a float
(B) /home/travis/build/smarie/python-parsyfiles/parsyfiles/tests/parsing_capabilities_by_type/primitives_data/float/ok/txt-bool-True=1.0.txt -&gt; float ------- using [Try &apos;[Try &apos;$&lt;read_str_from_txt&gt; =&gt; &lt;str_to_float&gt;$&apos; then &apos;$&lt;read_str_from_txt&gt; =&gt; &lt;base64_ascii_str_pickle_to_object&gt; -&gt; &lt;bool_to_float&gt;$&apos; then &apos;$&lt;read_str_from_txt&gt; =&gt; &lt;base64_ascii_str_pickle_to_object&gt; -&gt; &lt;int_to_float&gt;$&apos; then &apos;$&lt;read_str_from_txt&gt; =&gt; &lt;base64_ascii_str_pickle_to_object&gt; -&gt; &lt;str_to_float&gt;$&apos; then &apos;$&lt;read_str_from_txt&gt; =&gt; &lt;base64_ascii_str_pickle_to_object&gt;$]&apos;]&apos; -&gt; [float] then &apos;[Try &apos;$&lt;read_str_from_txt&gt; =&gt; &lt;constructor_with_str_arg&gt;$&apos; then &apos;$&lt;read_str_from_txt&gt; =&gt; &lt;base64_ascii_str_pickle_to_object&gt;$]&apos;]&apos; -&gt; [float64]]]
(B)                                                                                                                 |--txt-bool-True=1.0.txt -&gt; float ------- using [Try &apos;$&lt;read_str_from_txt&gt; =&gt; &lt;str_to_float&gt;$&apos; then &apos;$&lt;read_str_from_txt&gt; =&gt; &lt;base64_ascii_str_pickle_to_object&gt; -&gt; &lt;bool_to_float&gt;$&apos; then &apos;$&lt;read_str_from_txt&gt; =&gt; &lt;base64_ascii_str_pickle_to_object&gt; -&gt; &lt;int_to_float&gt;$&apos; then &apos;$&lt;read_str_from_txt&gt; =&gt; &lt;base64_ascii_str_pickle_to_object&gt; -&gt; &lt;str_to_float&gt;$&apos; then &apos;$&lt;read_str_from_txt&gt; =&gt; &lt;base64_ascii_str_pickle_to_object&gt;$]&apos;]
(B)                                                                                                                 |--txt-bool-True=1.0.txt -&gt; float ------- using $&lt;read_str_from_txt&gt; =&gt; &lt;str_to_float&gt;$
Parsing Plan created successfully

Executing Parsing Plan for [/home/travis/build/smarie/python-parsyfiles/parsyfiles/tests/parsing_capabilities_by_type/primitives_data/float/ok/txt-bool-True=1.0]
(P) /home/travis/build/smarie/python-parsyfiles/parsyfiles/tests/parsing_capabilities_by_type/primitives_data/float/ok/txt-bool-True=1.0.txt -&gt; float ------- using $&lt;read_str_from_txt&gt; =&gt; &lt;str_to_float&gt;$
(P)                                                                                                                 |--txt-bool-True=1.0.txt -&gt; float SUCCESS !
Completed parsing successfully

1.0==1.0
</system-out></testcase><testcase classname="parsyfiles.tests.parsing_capabilities_by_type.test_parse_primitives" file="parsyfiles/tests/parsing_capabilities_by_type/test_parse_primitives.py" line="179" name="test_parse_by_type[float-ok-txt-float-10.1=10.1.txt]" time="0.03982973098754883"><system-out>**** Starting to parse single object of type &lt;float&gt; at location /home/travis/build/smarie/python-parsyfiles/parsyfiles/tests/parsing_capabilities_by_type/primitives_data/float/ok/txt-float-10.1=10.1 ****
Checking all files under [/home/travis/build/smarie/python-parsyfiles/parsyfiles/tests/parsing_capabilities_by_type/primitives_data/float/ok/txt-float-10.1=10.1]
(C) /home/travis/build/smarie/python-parsyfiles/parsyfiles/tests/parsing_capabilities_by_type/primitives_data/float/ok/txt-float-10.1=10.1 (singlefile, .txt)
File checks done

Building a parsing plan to parse [/home/travis/build/smarie/python-parsyfiles/parsyfiles/tests/parsing_capabilities_by_type/primitives_data/float/ok/txt-float-10.1=10.1] into a float
(B) /home/travis/build/smarie/python-parsyfiles/parsyfiles/tests/parsing_capabilities_by_type/primitives_data/float/ok/txt-float-10.1=10.1.txt -&gt; float ------- using [Try &apos;[Try &apos;$&lt;read_str_from_txt&gt; =&gt; &lt;str_to_float&gt;$&apos; then &apos;$&lt;read_str_from_txt&gt; =&gt; &lt;base64_ascii_str_pickle_to_object&gt; -&gt; &lt;bool_to_float&gt;$&apos; then &apos;$&lt;read_str_from_txt&gt; =&gt; &lt;base64_ascii_str_pickle_to_object&gt; -&gt; &lt;int_to_float&gt;$&apos; then &apos;$&lt;read_str_from_txt&gt; =&gt; &lt;base64_ascii_str_pickle_to_object&gt; -&gt; &lt;str_to_float&gt;$&apos; then &apos;$&lt;read_str_from_txt&gt; =&gt; &lt;base64_ascii_str_pickle_to_object&gt;$]&apos;]&apos; -&gt; [float] then &apos;[Try &apos;$&lt;read_str_from_txt&gt; =&gt; &lt;constructor_with_str_arg&gt;$&apos; then &apos;$&lt;read_str_from_txt&gt; =&gt; &lt;base64_ascii_str_pickle_to_object&gt;$]&apos;]&apos; -&gt; [float64]]]
(B)                                                                                                                 |--txt-float-10.1=10.1.txt -&gt; float ------- using [Try &apos;$&lt;read_str_from_txt&gt; =&gt; &lt;str_to_float&gt;$&apos; then &apos;$&lt;read_str_from_txt&gt; =&gt; &lt;base64_ascii_str_pickle_to_object&gt; -&gt; &lt;bool_to_float&gt;$&apos; then &apos;$&lt;read_str_from_txt&gt; =&gt; &lt;base64_ascii_str_pickle_to_object&gt; -&gt; &lt;int_to_float&gt;$&apos; then &apos;$&lt;read_str_from_txt&gt; =&gt; &lt;base64_ascii_str_pickle_to_object&gt; -&gt; &lt;str_to_float&gt;$&apos; then &apos;$&lt;read_str_from_txt&gt; =&gt; &lt;base64_ascii_str_pickle_to_object&gt;$]&apos;]
(B)                                                                                                                 |--txt-float-10.1=10.1.txt -&gt; float ------- using $&lt;read_str_from_txt&gt; =&gt; &lt;str_to_float&gt;$
Parsing Plan created successfully

Executing Parsing Plan for [/home/travis/build/smarie/python-parsyfiles/parsyfiles/tests/parsing_capabilities_by_type/primitives_data/float/ok/txt-float-10.1=10.1]
(P) /home/travis/build/smarie/python-parsyfiles/parsyfiles/tests/parsing_capabilities_by_type/primitives_data/float/ok/txt-float-10.1=10.1.txt -&gt; float ------- using $&lt;read_str_from_txt&gt; =&gt; &lt;str_to_float&gt;$
(P)                                                                                                                 |--txt-float-10.1=10.1.txt -&gt; float SUCCESS !
Completed parsing successfully

10.1==10.1
</system-out></testcase><testcase classname="parsyfiles.tests.parsing_capabilities_by_type.test_parse_primitives" file="parsyfiles/tests/parsing_capabilities_by_type/test_parse_primitives.py" line="179" name="test_parse_by_type[float-ok-b64pickle-int-0=0.0.txt]" time="0.04352426528930664"><system-out>**** Starting to parse single object of type &lt;float&gt; at location /home/travis/build/smarie/python-parsyfiles/parsyfiles/tests/parsing_capabilities_by_type/primitives_data/float/ok/b64pickle-int-0=0.0 ****
Checking all files under [/home/travis/build/smarie/python-parsyfiles/parsyfiles/tests/parsing_capabilities_by_type/primitives_data/float/ok/b64pickle-int-0=0.0]
(C) /home/travis/build/smarie/python-parsyfiles/parsyfiles/tests/parsing_capabilities_by_type/primitives_data/float/ok/b64pickle-int-0=0.0 (singlefile, .txt)
File checks done

Building a parsing plan to parse [/home/travis/build/smarie/python-parsyfiles/parsyfiles/tests/parsing_capabilities_by_type/primitives_data/float/ok/b64pickle-int-0=0.0] into a float
(B) /home/travis/build/smarie/python-parsyfiles/parsyfiles/tests/parsing_capabilities_by_type/primitives_data/float/ok/b64pickle-int-0=0.0.txt -&gt; float ------- using [Try &apos;[Try &apos;$&lt;read_str_from_txt&gt; =&gt; &lt;str_to_float&gt;$&apos; then &apos;$&lt;read_str_from_txt&gt; =&gt; &lt;base64_ascii_str_pickle_to_object&gt; -&gt; &lt;bool_to_float&gt;$&apos; then &apos;$&lt;read_str_from_txt&gt; =&gt; &lt;base64_ascii_str_pickle_to_object&gt; -&gt; &lt;int_to_float&gt;$&apos; then &apos;$&lt;read_str_from_txt&gt; =&gt; &lt;base64_ascii_str_pickle_to_object&gt; -&gt; &lt;str_to_float&gt;$&apos; then &apos;$&lt;read_str_from_txt&gt; =&gt; &lt;base64_ascii_str_pickle_to_object&gt;$]&apos;]&apos; -&gt; [float] then &apos;[Try &apos;$&lt;read_str_from_txt&gt; =&gt; &lt;constructor_with_str_arg&gt;$&apos; then &apos;$&lt;read_str_from_txt&gt; =&gt; &lt;base64_ascii_str_pickle_to_object&gt;$]&apos;]&apos; -&gt; [float64]]]
(B)                                                                                                                 |--b64pickle-int-0=0.0.txt -&gt; float ------- using [Try &apos;$&lt;read_str_from_txt&gt; =&gt; &lt;str_to_float&gt;$&apos; then &apos;$&lt;read_str_from_txt&gt; =&gt; &lt;base64_ascii_str_pickle_to_object&gt; -&gt; &lt;bool_to_float&gt;$&apos; then &apos;$&lt;read_str_from_txt&gt; =&gt; &lt;base64_ascii_str_pickle_to_object&gt; -&gt; &lt;int_to_float&gt;$&apos; then &apos;$&lt;read_str_from_txt&gt; =&gt; &lt;base64_ascii_str_pickle_to_object&gt; -&gt; &lt;str_to_float&gt;$&apos; then &apos;$&lt;read_str_from_txt&gt; =&gt; &lt;base64_ascii_str_pickle_to_object&gt;$]&apos;]
(B)                                                                                                                 |--b64pickle-int-0=0.0.txt -&gt; float ------- using $&lt;read_str_from_txt&gt; =&gt; &lt;str_to_float&gt;$
Parsing Plan created successfully

Executing Parsing Plan for [/home/travis/build/smarie/python-parsyfiles/parsyfiles/tests/parsing_capabilities_by_type/primitives_data/float/ok/b64pickle-int-0=0.0]
(P) /home/travis/build/smarie/python-parsyfiles/parsyfiles/tests/parsing_capabilities_by_type/primitives_data/float/ok/b64pickle-int-0=0.0.txt -&gt; float ------- using $&lt;read_str_from_txt&gt; =&gt; &lt;str_to_float&gt;$
  !! Caught error during execution !!
  File &quot;/home/travis/build/smarie/python-parsyfiles/parsyfiles/plugins_base/support_for_primitive_types.py&quot;, line 61, in primitive_to_float
    source = literal_eval(source)
  File &quot;/opt/python/3.5.5/lib/python3.5/ast.py&quot;, line 46, in literal_eval
    node_or_string = parse(node_or_string, mode=&apos;eval&apos;)
  File &quot;/opt/python/3.5.5/lib/python3.5/ast.py&quot;, line 35, in parse
    return compile(source, filename, mode, PyCF_ONLY_AST)
  SyntaxError : unexpected EOF while parsing (&lt;unknown&gt;, line 1)
(B)                                                                                                                 |--b64pickle-int-0=0.0.txt -&gt; float ------- using $&lt;read_str_from_txt&gt; =&gt; &lt;base64_ascii_str_pickle_to_object&gt; -&gt; &lt;bool_to_float&gt;$
Executing Parsing Plan for [/home/travis/build/smarie/python-parsyfiles/parsyfiles/tests/parsing_capabilities_by_type/primitives_data/float/ok/b64pickle-int-0=0.0]
(P) /home/travis/build/smarie/python-parsyfiles/parsyfiles/tests/parsing_capabilities_by_type/primitives_data/float/ok/b64pickle-int-0=0.0.txt -&gt; float ------- using $&lt;read_str_from_txt&gt; =&gt; &lt;base64_ascii_str_pickle_to_object&gt; -&gt; &lt;bool_to_float&gt;$
  !! Caught error during execution !!
  File &quot;/home/travis/build/smarie/python-parsyfiles/parsyfiles/converting_core.py&quot;, line 319, in convert
    return self._convert(desired_type, source_obj, logger, options)
  File &quot;/home/travis/build/smarie/python-parsyfiles/parsyfiles/converting_core.py&quot;, line 770, in _convert
    return self._converters_list[-1].convert(desired_type, obj, logger, options)
  File &quot;/home/travis/build/smarie/python-parsyfiles/parsyfiles/converting_core.py&quot;, line 321, in convert
    raise ConversionException.create_not_able_to_convert(source_obj, self, desired_type)
  ConversionException : Converter &lt;bool_to_float&gt; is not able to ingest source value &apos;0&apos; of type &apos;int&apos; and/or convert it to type &apos;float&apos;. This can happen in a chain when the previous step in the chain is generic and actually produced  an output of the wrong type/content
(B)                                                                                                                 |--b64pickle-int-0=0.0.txt -&gt; float ------- using $&lt;read_str_from_txt&gt; =&gt; &lt;base64_ascii_str_pickle_to_object&gt; -&gt; &lt;int_to_float&gt;$
Executing Parsing Plan for [/home/travis/build/smarie/python-parsyfiles/parsyfiles/tests/parsing_capabilities_by_type/primitives_data/float/ok/b64pickle-int-0=0.0]
(P) /home/travis/build/smarie/python-parsyfiles/parsyfiles/tests/parsing_capabilities_by_type/primitives_data/float/ok/b64pickle-int-0=0.0.txt -&gt; float ------- using $&lt;read_str_from_txt&gt; =&gt; &lt;base64_ascii_str_pickle_to_object&gt; -&gt; &lt;int_to_float&gt;$
(P)                                                                                                                 |--b64pickle-int-0=0.0.txt -&gt; float SUCCESS !
Completed parsing successfully

0.0==0.0
</system-out></testcase><testcase classname="parsyfiles.tests.parsing_capabilities_by_type.test_parse_primitives" file="parsyfiles/tests/parsing_capabilities_by_type/test_parse_primitives.py" line="179" name="test_parse_by_type[float-ok-pickle-bool-True=1.0.pyc]" time="0.0438385009765625"><system-out>**** Starting to parse single object of type &lt;float&gt; at location /home/travis/build/smarie/python-parsyfiles/parsyfiles/tests/parsing_capabilities_by_type/primitives_data/float/ok/pickle-bool-True=1.0 ****
Checking all files under [/home/travis/build/smarie/python-parsyfiles/parsyfiles/tests/parsing_capabilities_by_type/primitives_data/float/ok/pickle-bool-True=1.0]
(C) /home/travis/build/smarie/python-parsyfiles/parsyfiles/tests/parsing_capabilities_by_type/primitives_data/float/ok/pickle-bool-True=1.0 (singlefile, .pyc)
File checks done

Building a parsing plan to parse [/home/travis/build/smarie/python-parsyfiles/parsyfiles/tests/parsing_capabilities_by_type/primitives_data/float/ok/pickle-bool-True=1.0] into a float
(B) /home/travis/build/smarie/python-parsyfiles/parsyfiles/tests/parsing_capabilities_by_type/primitives_data/float/ok/pickle-bool-True=1.0.pyc -&gt; float ------- using [Try &apos;[Try &apos;$&lt;read_object_from_pickle&gt; =&gt; &lt;bool_to_float&gt;$&apos; then &apos;$&lt;read_object_from_pickle&gt; =&gt; &lt;int_to_float&gt;$&apos; then &apos;$&lt;read_object_from_pickle&gt; =&gt; &lt;str_to_float&gt;$&apos; then &apos;&lt;read_object_from_pickle&gt;]&apos;]&apos; -&gt; [float] then &apos;&lt;read_object_from_pickle&gt;&apos; -&gt; [float64]]]
(B)                                                                                                                 |--pickle-bool-True=1.0.pyc -&gt; float ------- using [Try &apos;$&lt;read_object_from_pickle&gt; =&gt; &lt;bool_to_float&gt;$&apos; then &apos;$&lt;read_object_from_pickle&gt; =&gt; &lt;int_to_float&gt;$&apos; then &apos;$&lt;read_object_from_pickle&gt; =&gt; &lt;str_to_float&gt;$&apos; then &apos;&lt;read_object_from_pickle&gt;]&apos;]
(B)                                                                                                                 |--pickle-bool-True=1.0.pyc -&gt; float ------- using $&lt;read_object_from_pickle&gt; =&gt; &lt;bool_to_float&gt;$
Parsing Plan created successfully

Executing Parsing Plan for [/home/travis/build/smarie/python-parsyfiles/parsyfiles/tests/parsing_capabilities_by_type/primitives_data/float/ok/pickle-bool-True=1.0]
(P) /home/travis/build/smarie/python-parsyfiles/parsyfiles/tests/parsing_capabilities_by_type/primitives_data/float/ok/pickle-bool-True=1.0.pyc -&gt; float ------- using $&lt;read_object_from_pickle&gt; =&gt; &lt;bool_to_float&gt;$
(P)                                                                                                                 |--pickle-bool-True=1.0.pyc -&gt; float SUCCESS !
Completed parsing successfully

1.0==1.0
</system-out></testcase><testcase classname="parsyfiles.tests.parsing_capabilities_by_type.test_parse_primitives" file="parsyfiles/tests/parsing_capabilities_by_type/test_parse_primitives.py" line="179" name="test_parse_by_type[float-ok-pickle-float-10.1=10.1.pyc]" time="0.04321169853210449"><system-out>**** Starting to parse single object of type &lt;float&gt; at location /home/travis/build/smarie/python-parsyfiles/parsyfiles/tests/parsing_capabilities_by_type/primitives_data/float/ok/pickle-float-10.1=10.1 ****
Checking all files under [/home/travis/build/smarie/python-parsyfiles/parsyfiles/tests/parsing_capabilities_by_type/primitives_data/float/ok/pickle-float-10.1=10.1]
(C) /home/travis/build/smarie/python-parsyfiles/parsyfiles/tests/parsing_capabilities_by_type/primitives_data/float/ok/pickle-float-10.1=10.1 (singlefile, .pyc)
File checks done

Building a parsing plan to parse [/home/travis/build/smarie/python-parsyfiles/parsyfiles/tests/parsing_capabilities_by_type/primitives_data/float/ok/pickle-float-10.1=10.1] into a float
(B) /home/travis/build/smarie/python-parsyfiles/parsyfiles/tests/parsing_capabilities_by_type/primitives_data/float/ok/pickle-float-10.1=10.1.pyc -&gt; float ------- using [Try &apos;[Try &apos;$&lt;read_object_from_pickle&gt; =&gt; &lt;bool_to_float&gt;$&apos; then &apos;$&lt;read_object_from_pickle&gt; =&gt; &lt;int_to_float&gt;$&apos; then &apos;$&lt;read_object_from_pickle&gt; =&gt; &lt;str_to_float&gt;$&apos; then &apos;&lt;read_object_from_pickle&gt;]&apos;]&apos; -&gt; [float] then &apos;&lt;read_object_from_pickle&gt;&apos; -&gt; [float64]]]
(B)                                                                                                                 |--pickle-float-10.1=10.1.pyc -&gt; float ------- using [Try &apos;$&lt;read_object_from_pickle&gt; =&gt; &lt;bool_to_float&gt;$&apos; then &apos;$&lt;read_object_from_pickle&gt; =&gt; &lt;int_to_float&gt;$&apos; then &apos;$&lt;read_object_from_pickle&gt; =&gt; &lt;str_to_float&gt;$&apos; then &apos;&lt;read_object_from_pickle&gt;]&apos;]
(B)                                                                                                                 |--pickle-float-10.1=10.1.pyc -&gt; float ------- using $&lt;read_object_from_pickle&gt; =&gt; &lt;bool_to_float&gt;$
Parsing Plan created successfully

Executing Parsing Plan for [/home/travis/build/smarie/python-parsyfiles/parsyfiles/tests/parsing_capabilities_by_type/primitives_data/float/ok/pickle-float-10.1=10.1]
(P) /home/travis/build/smarie/python-parsyfiles/parsyfiles/tests/parsing_capabilities_by_type/primitives_data/float/ok/pickle-float-10.1=10.1.pyc -&gt; float ------- using $&lt;read_object_from_pickle&gt; =&gt; &lt;bool_to_float&gt;$
  !! Caught error during execution !!
  File &quot;/home/travis/build/smarie/python-parsyfiles/parsyfiles/parsing_core.py&quot;, line 177, in _execute
    self.get_singlefile_encoding(), logger, options)
  File &quot;/home/travis/build/smarie/python-parsyfiles/parsyfiles/parsing_combining_parsers.py&quot;, line 598, in _parse_singlefile
    return self._converter.convert(desired_type, first, logger, options)
  File &quot;/home/travis/build/smarie/python-parsyfiles/parsyfiles/converting_core.py&quot;, line 321, in convert
    raise ConversionException.create_not_able_to_convert(source_obj, self, desired_type)
  ConversionException : Converter $&lt;bool_to_float&gt;$ is not able to ingest source value &apos;10.1&apos; of type &apos;float&apos; and/or convert it to type &apos;float&apos;. This can happen in a chain when the previous step in the chain is generic and actually produced  an output of the wrong type/content
(B)                                                                                                                 |--pickle-float-10.1=10.1.pyc -&gt; float ------- using $&lt;read_object_from_pickle&gt; =&gt; &lt;int_to_float&gt;$
Executing Parsing Plan for [/home/travis/build/smarie/python-parsyfiles/parsyfiles/tests/parsing_capabilities_by_type/primitives_data/float/ok/pickle-float-10.1=10.1]
(P) /home/travis/build/smarie/python-parsyfiles/parsyfiles/tests/parsing_capabilities_by_type/primitives_data/float/ok/pickle-float-10.1=10.1.pyc -&gt; float ------- using $&lt;read_object_from_pickle&gt; =&gt; &lt;int_to_float&gt;$
  !! Caught error during execution !!
  File &quot;/home/travis/build/smarie/python-parsyfiles/parsyfiles/parsing_core.py&quot;, line 177, in _execute
    self.get_singlefile_encoding(), logger, options)
  File &quot;/home/travis/build/smarie/python-parsyfiles/parsyfiles/parsing_combining_parsers.py&quot;, line 598, in _parse_singlefile
    return self._converter.convert(desired_type, first, logger, options)
  File &quot;/home/travis/build/smarie/python-parsyfiles/parsyfiles/converting_core.py&quot;, line 321, in convert
    raise ConversionException.create_not_able_to_convert(source_obj, self, desired_type)
  ConversionException : Converter $&lt;int_to_float&gt;$ is not able to ingest source value &apos;10.1&apos; of type &apos;float&apos; and/or convert it to type &apos;float&apos;. This can happen in a chain when the previous step in the chain is generic and actually produced  an output of the wrong type/content
(B)                                                                                                                 |--pickle-float-10.1=10.1.pyc -&gt; float ------- using $&lt;read_object_from_pickle&gt; =&gt; &lt;str_to_float&gt;$
Executing Parsing Plan for [/home/travis/build/smarie/python-parsyfiles/parsyfiles/tests/parsing_capabilities_by_type/primitives_data/float/ok/pickle-float-10.1=10.1]
(P) /home/travis/build/smarie/python-parsyfiles/parsyfiles/tests/parsing_capabilities_by_type/primitives_data/float/ok/pickle-float-10.1=10.1.pyc -&gt; float ------- using $&lt;read_object_from_pickle&gt; =&gt; &lt;str_to_float&gt;$
  !! Caught error during execution !!
  File &quot;/home/travis/build/smarie/python-parsyfiles/parsyfiles/parsing_core.py&quot;, line 177, in _execute
    self.get_singlefile_encoding(), logger, options)
  File &quot;/home/travis/build/smarie/python-parsyfiles/parsyfiles/parsing_combining_parsers.py&quot;, line 598, in _parse_singlefile
    return self._converter.convert(desired_type, first, logger, options)
  File &quot;/home/travis/build/smarie/python-parsyfiles/parsyfiles/converting_core.py&quot;, line 321, in convert
    raise ConversionException.create_not_able_to_convert(source_obj, self, desired_type)
  ConversionException : Converter $&lt;str_to_float&gt;$ is not able to ingest source value &apos;10.1&apos; of type &apos;float&apos; and/or convert it to type &apos;float&apos;. This can happen in a chain when the previous step in the chain is generic and actually produced  an output of the wrong type/content
(B)                                                                                                                 |--pickle-float-10.1=10.1.pyc -&gt; float ------- using &lt;read_object_from_pickle&gt;
Executing Parsing Plan for [/home/travis/build/smarie/python-parsyfiles/parsyfiles/tests/parsing_capabilities_by_type/primitives_data/float/ok/pickle-float-10.1=10.1]
(P) /home/travis/build/smarie/python-parsyfiles/parsyfiles/tests/parsing_capabilities_by_type/primitives_data/float/ok/pickle-float-10.1=10.1.pyc -&gt; float ------- using &lt;read_object_from_pickle&gt;
(P)                                                                                                                 |--pickle-float-10.1=10.1.pyc -&gt; float SUCCESS !
Completed parsing successfully

10.1==10.1
</system-out></testcase><testcase classname="parsyfiles.tests.parsing_capabilities_by_type.test_parse_primitives" file="parsyfiles/tests/parsing_capabilities_by_type/test_parse_primitives.py" line="179" name="test_parse_by_type[float-ok-pickle-float--5.2=-5.2.pyc]" time="0.04307198524475098"><system-out>**** Starting to parse single object of type &lt;float&gt; at location /home/travis/build/smarie/python-parsyfiles/parsyfiles/tests/parsing_capabilities_by_type/primitives_data/float/ok/pickle-float--5.2=-5.2 ****
Checking all files under [/home/travis/build/smarie/python-parsyfiles/parsyfiles/tests/parsing_capabilities_by_type/primitives_data/float/ok/pickle-float--5.2=-5.2]
(C) /home/travis/build/smarie/python-parsyfiles/parsyfiles/tests/parsing_capabilities_by_type/primitives_data/float/ok/pickle-float--5.2=-5.2 (singlefile, .pyc)
File checks done

Building a parsing plan to parse [/home/travis/build/smarie/python-parsyfiles/parsyfiles/tests/parsing_capabilities_by_type/primitives_data/float/ok/pickle-float--5.2=-5.2] into a float
(B) /home/travis/build/smarie/python-parsyfiles/parsyfiles/tests/parsing_capabilities_by_type/primitives_data/float/ok/pickle-float--5.2=-5.2.pyc -&gt; float ------- using [Try &apos;[Try &apos;$&lt;read_object_from_pickle&gt; =&gt; &lt;bool_to_float&gt;$&apos; then &apos;$&lt;read_object_from_pickle&gt; =&gt; &lt;int_to_float&gt;$&apos; then &apos;$&lt;read_object_from_pickle&gt; =&gt; &lt;str_to_float&gt;$&apos; then &apos;&lt;read_object_from_pickle&gt;]&apos;]&apos; -&gt; [float] then &apos;&lt;read_object_from_pickle&gt;&apos; -&gt; [float64]]]
(B)                                                                                                                 |--pickle-float--5.2=-5.2.pyc -&gt; float ------- using [Try &apos;$&lt;read_object_from_pickle&gt; =&gt; &lt;bool_to_float&gt;$&apos; then &apos;$&lt;read_object_from_pickle&gt; =&gt; &lt;int_to_float&gt;$&apos; then &apos;$&lt;read_object_from_pickle&gt; =&gt; &lt;str_to_float&gt;$&apos; then &apos;&lt;read_object_from_pickle&gt;]&apos;]
(B)                                                                                                                 |--pickle-float--5.2=-5.2.pyc -&gt; float ------- using $&lt;read_object_from_pickle&gt; =&gt; &lt;bool_to_float&gt;$
Parsing Plan created successfully

Executing Parsing Plan for [/home/travis/build/smarie/python-parsyfiles/parsyfiles/tests/parsing_capabilities_by_type/primitives_data/float/ok/pickle-float--5.2=-5.2]
(P) /home/travis/build/smarie/python-parsyfiles/parsyfiles/tests/parsing_capabilities_by_type/primitives_data/float/ok/pickle-float--5.2=-5.2.pyc -&gt; float ------- using $&lt;read_object_from_pickle&gt; =&gt; &lt;bool_to_float&gt;$
  !! Caught error during execution !!
  File &quot;/home/travis/build/smarie/python-parsyfiles/parsyfiles/parsing_core.py&quot;, line 177, in _execute
    self.get_singlefile_encoding(), logger, options)
  File &quot;/home/travis/build/smarie/python-parsyfiles/parsyfiles/parsing_combining_parsers.py&quot;, line 598, in _parse_singlefile
    return self._converter.convert(desired_type, first, logger, options)
  File &quot;/home/travis/build/smarie/python-parsyfiles/parsyfiles/converting_core.py&quot;, line 321, in convert
    raise ConversionException.create_not_able_to_convert(source_obj, self, desired_type)
  ConversionException : Converter $&lt;bool_to_float&gt;$ is not able to ingest source value &apos;-5.2&apos; of type &apos;float&apos; and/or convert it to type &apos;float&apos;. This can happen in a chain when the previous step in the chain is generic and actually produced  an output of the wrong type/content
(B)                                                                                                                 |--pickle-float--5.2=-5.2.pyc -&gt; float ------- using $&lt;read_object_from_pickle&gt; =&gt; &lt;int_to_float&gt;$
Executing Parsing Plan for [/home/travis/build/smarie/python-parsyfiles/parsyfiles/tests/parsing_capabilities_by_type/primitives_data/float/ok/pickle-float--5.2=-5.2]
(P) /home/travis/build/smarie/python-parsyfiles/parsyfiles/tests/parsing_capabilities_by_type/primitives_data/float/ok/pickle-float--5.2=-5.2.pyc -&gt; float ------- using $&lt;read_object_from_pickle&gt; =&gt; &lt;int_to_float&gt;$
  !! Caught error during execution !!
  File &quot;/home/travis/build/smarie/python-parsyfiles/parsyfiles/parsing_core.py&quot;, line 177, in _execute
    self.get_singlefile_encoding(), logger, options)
  File &quot;/home/travis/build/smarie/python-parsyfiles/parsyfiles/parsing_combining_parsers.py&quot;, line 598, in _parse_singlefile
    return self._converter.convert(desired_type, first, logger, options)
  File &quot;/home/travis/build/smarie/python-parsyfiles/parsyfiles/converting_core.py&quot;, line 321, in convert
    raise ConversionException.create_not_able_to_convert(source_obj, self, desired_type)
  ConversionException : Converter $&lt;int_to_float&gt;$ is not able to ingest source value &apos;-5.2&apos; of type &apos;float&apos; and/or convert it to type &apos;float&apos;. This can happen in a chain when the previous step in the chain is generic and actually produced  an output of the wrong type/content
(B)                                                                                                                 |--pickle-float--5.2=-5.2.pyc -&gt; float ------- using $&lt;read_object_from_pickle&gt; =&gt; &lt;str_to_float&gt;$
Executing Parsing Plan for [/home/travis/build/smarie/python-parsyfiles/parsyfiles/tests/parsing_capabilities_by_type/primitives_data/float/ok/pickle-float--5.2=-5.2]
(P) /home/travis/build/smarie/python-parsyfiles/parsyfiles/tests/parsing_capabilities_by_type/primitives_data/float/ok/pickle-float--5.2=-5.2.pyc -&gt; float ------- using $&lt;read_object_from_pickle&gt; =&gt; &lt;str_to_float&gt;$
  !! Caught error during execution !!
  File &quot;/home/travis/build/smarie/python-parsyfiles/parsyfiles/parsing_core.py&quot;, line 177, in _execute
    self.get_singlefile_encoding(), logger, options)
  File &quot;/home/travis/build/smarie/python-parsyfiles/parsyfiles/parsing_combining_parsers.py&quot;, line 598, in _parse_singlefile
    return self._converter.convert(desired_type, first, logger, options)
  File &quot;/home/travis/build/smarie/python-parsyfiles/parsyfiles/converting_core.py&quot;, line 321, in convert
    raise ConversionException.create_not_able_to_convert(source_obj, self, desired_type)
  ConversionException : Converter $&lt;str_to_float&gt;$ is not able to ingest source value &apos;-5.2&apos; of type &apos;float&apos; and/or convert it to type &apos;float&apos;. This can happen in a chain when the previous step in the chain is generic and actually produced  an output of the wrong type/content
(B)                                                                                                                 |--pickle-float--5.2=-5.2.pyc -&gt; float ------- using &lt;read_object_from_pickle&gt;
Executing Parsing Plan for [/home/travis/build/smarie/python-parsyfiles/parsyfiles/tests/parsing_capabilities_by_type/primitives_data/float/ok/pickle-float--5.2=-5.2]
(P) /home/travis/build/smarie/python-parsyfiles/parsyfiles/tests/parsing_capabilities_by_type/primitives_data/float/ok/pickle-float--5.2=-5.2.pyc -&gt; float ------- using &lt;read_object_from_pickle&gt;
(P)                                                                                                                 |--pickle-float--5.2=-5.2.pyc -&gt; float SUCCESS !
Completed parsing successfully

-5.2==-5.2
</system-out></testcase><testcase classname="parsyfiles.tests.parsing_capabilities_by_type.test_parse_primitives" file="parsyfiles/tests/parsing_capabilities_by_type/test_parse_primitives.py" line="179" name="test_parse_by_type[float-ok-pickle-float-0.0=0.0.pyc]" time="0.042392730712890625"><system-out>**** Starting to parse single object of type &lt;float&gt; at location /home/travis/build/smarie/python-parsyfiles/parsyfiles/tests/parsing_capabilities_by_type/primitives_data/float/ok/pickle-float-0.0=0.0 ****
Checking all files under [/home/travis/build/smarie/python-parsyfiles/parsyfiles/tests/parsing_capabilities_by_type/primitives_data/float/ok/pickle-float-0.0=0.0]
(C) /home/travis/build/smarie/python-parsyfiles/parsyfiles/tests/parsing_capabilities_by_type/primitives_data/float/ok/pickle-float-0.0=0.0 (singlefile, .pyc)
File checks done

Building a parsing plan to parse [/home/travis/build/smarie/python-parsyfiles/parsyfiles/tests/parsing_capabilities_by_type/primitives_data/float/ok/pickle-float-0.0=0.0] into a float
(B) /home/travis/build/smarie/python-parsyfiles/parsyfiles/tests/parsing_capabilities_by_type/primitives_data/float/ok/pickle-float-0.0=0.0.pyc -&gt; float ------- using [Try &apos;[Try &apos;$&lt;read_object_from_pickle&gt; =&gt; &lt;bool_to_float&gt;$&apos; then &apos;$&lt;read_object_from_pickle&gt; =&gt; &lt;int_to_float&gt;$&apos; then &apos;$&lt;read_object_from_pickle&gt; =&gt; &lt;str_to_float&gt;$&apos; then &apos;&lt;read_object_from_pickle&gt;]&apos;]&apos; -&gt; [float] then &apos;&lt;read_object_from_pickle&gt;&apos; -&gt; [float64]]]
(B)                                                                                                                 |--pickle-float-0.0=0.0.pyc -&gt; float ------- using [Try &apos;$&lt;read_object_from_pickle&gt; =&gt; &lt;bool_to_float&gt;$&apos; then &apos;$&lt;read_object_from_pickle&gt; =&gt; &lt;int_to_float&gt;$&apos; then &apos;$&lt;read_object_from_pickle&gt; =&gt; &lt;str_to_float&gt;$&apos; then &apos;&lt;read_object_from_pickle&gt;]&apos;]
(B)                                                                                                                 |--pickle-float-0.0=0.0.pyc -&gt; float ------- using $&lt;read_object_from_pickle&gt; =&gt; &lt;bool_to_float&gt;$
Parsing Plan created successfully

Executing Parsing Plan for [/home/travis/build/smarie/python-parsyfiles/parsyfiles/tests/parsing_capabilities_by_type/primitives_data/float/ok/pickle-float-0.0=0.0]
(P) /home/travis/build/smarie/python-parsyfiles/parsyfiles/tests/parsing_capabilities_by_type/primitives_data/float/ok/pickle-float-0.0=0.0.pyc -&gt; float ------- using $&lt;read_object_from_pickle&gt; =&gt; &lt;bool_to_float&gt;$
  !! Caught error during execution !!
  File &quot;/home/travis/build/smarie/python-parsyfiles/parsyfiles/parsing_core.py&quot;, line 177, in _execute
    self.get_singlefile_encoding(), logger, options)
  File &quot;/home/travis/build/smarie/python-parsyfiles/parsyfiles/parsing_combining_parsers.py&quot;, line 598, in _parse_singlefile
    return self._converter.convert(desired_type, first, logger, options)
  File &quot;/home/travis/build/smarie/python-parsyfiles/parsyfiles/converting_core.py&quot;, line 321, in convert
    raise ConversionException.create_not_able_to_convert(source_obj, self, desired_type)
  ConversionException : Converter $&lt;bool_to_float&gt;$ is not able to ingest source value &apos;0.0&apos; of type &apos;float&apos; and/or convert it to type &apos;float&apos;. This can happen in a chain when the previous step in the chain is generic and actually produced  an output of the wrong type/content
(B)                                                                                                                 |--pickle-float-0.0=0.0.pyc -&gt; float ------- using $&lt;read_object_from_pickle&gt; =&gt; &lt;int_to_float&gt;$
Executing Parsing Plan for [/home/travis/build/smarie/python-parsyfiles/parsyfiles/tests/parsing_capabilities_by_type/primitives_data/float/ok/pickle-float-0.0=0.0]
(P) /home/travis/build/smarie/python-parsyfiles/parsyfiles/tests/parsing_capabilities_by_type/primitives_data/float/ok/pickle-float-0.0=0.0.pyc -&gt; float ------- using $&lt;read_object_from_pickle&gt; =&gt; &lt;int_to_float&gt;$
  !! Caught error during execution !!
  File &quot;/home/travis/build/smarie/python-parsyfiles/parsyfiles/parsing_core.py&quot;, line 177, in _execute
    self.get_singlefile_encoding(), logger, options)
  File &quot;/home/travis/build/smarie/python-parsyfiles/parsyfiles/parsing_combining_parsers.py&quot;, line 598, in _parse_singlefile
    return self._converter.convert(desired_type, first, logger, options)
  File &quot;/home/travis/build/smarie/python-parsyfiles/parsyfiles/converting_core.py&quot;, line 321, in convert
    raise ConversionException.create_not_able_to_convert(source_obj, self, desired_type)
  ConversionException : Converter $&lt;int_to_float&gt;$ is not able to ingest source value &apos;0.0&apos; of type &apos;float&apos; and/or convert it to type &apos;float&apos;. This can happen in a chain when the previous step in the chain is generic and actually produced  an output of the wrong type/content
(B)                                                                                                                 |--pickle-float-0.0=0.0.pyc -&gt; float ------- using $&lt;read_object_from_pickle&gt; =&gt; &lt;str_to_float&gt;$
Executing Parsing Plan for [/home/travis/build/smarie/python-parsyfiles/parsyfiles/tests/parsing_capabilities_by_type/primitives_data/float/ok/pickle-float-0.0=0.0]
(P) /home/travis/build/smarie/python-parsyfiles/parsyfiles/tests/parsing_capabilities_by_type/primitives_data/float/ok/pickle-float-0.0=0.0.pyc -&gt; float ------- using $&lt;read_object_from_pickle&gt; =&gt; &lt;str_to_float&gt;$
  !! Caught error during execution !!
  File &quot;/home/travis/build/smarie/python-parsyfiles/parsyfiles/parsing_core.py&quot;, line 177, in _execute
    self.get_singlefile_encoding(), logger, options)
  File &quot;/home/travis/build/smarie/python-parsyfiles/parsyfiles/parsing_combining_parsers.py&quot;, line 598, in _parse_singlefile
    return self._converter.convert(desired_type, first, logger, options)
  File &quot;/home/travis/build/smarie/python-parsyfiles/parsyfiles/converting_core.py&quot;, line 321, in convert
    raise ConversionException.create_not_able_to_convert(source_obj, self, desired_type)
  ConversionException : Converter $&lt;str_to_float&gt;$ is not able to ingest source value &apos;0.0&apos; of type &apos;float&apos; and/or convert it to type &apos;float&apos;. This can happen in a chain when the previous step in the chain is generic and actually produced  an output of the wrong type/content
(B)                                                                                                                 |--pickle-float-0.0=0.0.pyc -&gt; float ------- using &lt;read_object_from_pickle&gt;
Executing Parsing Plan for [/home/travis/build/smarie/python-parsyfiles/parsyfiles/tests/parsing_capabilities_by_type/primitives_data/float/ok/pickle-float-0.0=0.0]
(P) /home/travis/build/smarie/python-parsyfiles/parsyfiles/tests/parsing_capabilities_by_type/primitives_data/float/ok/pickle-float-0.0=0.0.pyc -&gt; float ------- using &lt;read_object_from_pickle&gt;
(P)                                                                                                                 |--pickle-float-0.0=0.0.pyc -&gt; float SUCCESS !
Completed parsing successfully

0.0==0.0
</system-out></testcase><testcase classname="parsyfiles.tests.parsing_capabilities_by_type.test_parse_primitives" file="parsyfiles/tests/parsing_capabilities_by_type/test_parse_primitives.py" line="179" name="test_parse_by_type[float-ok-txt-int--2=-2.0.txt]" time="0.03709101676940918"><system-out>**** Starting to parse single object of type &lt;float&gt; at location /home/travis/build/smarie/python-parsyfiles/parsyfiles/tests/parsing_capabilities_by_type/primitives_data/float/ok/txt-int--2=-2.0 ****
Checking all files under [/home/travis/build/smarie/python-parsyfiles/parsyfiles/tests/parsing_capabilities_by_type/primitives_data/float/ok/txt-int--2=-2.0]
(C) /home/travis/build/smarie/python-parsyfiles/parsyfiles/tests/parsing_capabilities_by_type/primitives_data/float/ok/txt-int--2=-2.0 (singlefile, .txt)
File checks done

Building a parsing plan to parse [/home/travis/build/smarie/python-parsyfiles/parsyfiles/tests/parsing_capabilities_by_type/primitives_data/float/ok/txt-int--2=-2.0] into a float
(B) /home/travis/build/smarie/python-parsyfiles/parsyfiles/tests/parsing_capabilities_by_type/primitives_data/float/ok/txt-int--2=-2.0.txt -&gt; float ------- using [Try &apos;[Try &apos;$&lt;read_str_from_txt&gt; =&gt; &lt;str_to_float&gt;$&apos; then &apos;$&lt;read_str_from_txt&gt; =&gt; &lt;base64_ascii_str_pickle_to_object&gt; -&gt; &lt;bool_to_float&gt;$&apos; then &apos;$&lt;read_str_from_txt&gt; =&gt; &lt;base64_ascii_str_pickle_to_object&gt; -&gt; &lt;int_to_float&gt;$&apos; then &apos;$&lt;read_str_from_txt&gt; =&gt; &lt;base64_ascii_str_pickle_to_object&gt; -&gt; &lt;str_to_float&gt;$&apos; then &apos;$&lt;read_str_from_txt&gt; =&gt; &lt;base64_ascii_str_pickle_to_object&gt;$]&apos;]&apos; -&gt; [float] then &apos;[Try &apos;$&lt;read_str_from_txt&gt; =&gt; &lt;constructor_with_str_arg&gt;$&apos; then &apos;$&lt;read_str_from_txt&gt; =&gt; &lt;base64_ascii_str_pickle_to_object&gt;$]&apos;]&apos; -&gt; [float64]]]
(B)                                                                                                                 |--txt-int--2=-2.0.txt -&gt; float ------- using [Try &apos;$&lt;read_str_from_txt&gt; =&gt; &lt;str_to_float&gt;$&apos; then &apos;$&lt;read_str_from_txt&gt; =&gt; &lt;base64_ascii_str_pickle_to_object&gt; -&gt; &lt;bool_to_float&gt;$&apos; then &apos;$&lt;read_str_from_txt&gt; =&gt; &lt;base64_ascii_str_pickle_to_object&gt; -&gt; &lt;int_to_float&gt;$&apos; then &apos;$&lt;read_str_from_txt&gt; =&gt; &lt;base64_ascii_str_pickle_to_object&gt; -&gt; &lt;str_to_float&gt;$&apos; then &apos;$&lt;read_str_from_txt&gt; =&gt; &lt;base64_ascii_str_pickle_to_object&gt;$]&apos;]
(B)                                                                                                                 |--txt-int--2=-2.0.txt -&gt; float ------- using $&lt;read_str_from_txt&gt; =&gt; &lt;str_to_float&gt;$
Parsing Plan created successfully

Executing Parsing Plan for [/home/travis/build/smarie/python-parsyfiles/parsyfiles/tests/parsing_capabilities_by_type/primitives_data/float/ok/txt-int--2=-2.0]
(P) /home/travis/build/smarie/python-parsyfiles/parsyfiles/tests/parsing_capabilities_by_type/primitives_data/float/ok/txt-int--2=-2.0.txt -&gt; float ------- using $&lt;read_str_from_txt&gt; =&gt; &lt;str_to_float&gt;$
(P)                                                                                                                 |--txt-int--2=-2.0.txt -&gt; float SUCCESS !
Completed parsing successfully

-2.0==-2.0
</system-out></testcase><testcase classname="parsyfiles.tests.parsing_capabilities_by_type.test_parse_primitives" file="parsyfiles/tests/parsing_capabilities_by_type/test_parse_primitives.py" line="179" name="test_parse_by_type[float-ok-txt-float-0.0=0.0.txt]" time="0.04003453254699707"><system-out>**** Starting to parse single object of type &lt;float&gt; at location /home/travis/build/smarie/python-parsyfiles/parsyfiles/tests/parsing_capabilities_by_type/primitives_data/float/ok/txt-float-0.0=0.0 ****
Checking all files under [/home/travis/build/smarie/python-parsyfiles/parsyfiles/tests/parsing_capabilities_by_type/primitives_data/float/ok/txt-float-0.0=0.0]
(C) /home/travis/build/smarie/python-parsyfiles/parsyfiles/tests/parsing_capabilities_by_type/primitives_data/float/ok/txt-float-0.0=0.0 (singlefile, .txt)
File checks done

Building a parsing plan to parse [/home/travis/build/smarie/python-parsyfiles/parsyfiles/tests/parsing_capabilities_by_type/primitives_data/float/ok/txt-float-0.0=0.0] into a float
(B) /home/travis/build/smarie/python-parsyfiles/parsyfiles/tests/parsing_capabilities_by_type/primitives_data/float/ok/txt-float-0.0=0.0.txt -&gt; float ------- using [Try &apos;[Try &apos;$&lt;read_str_from_txt&gt; =&gt; &lt;str_to_float&gt;$&apos; then &apos;$&lt;read_str_from_txt&gt; =&gt; &lt;base64_ascii_str_pickle_to_object&gt; -&gt; &lt;bool_to_float&gt;$&apos; then &apos;$&lt;read_str_from_txt&gt; =&gt; &lt;base64_ascii_str_pickle_to_object&gt; -&gt; &lt;int_to_float&gt;$&apos; then &apos;$&lt;read_str_from_txt&gt; =&gt; &lt;base64_ascii_str_pickle_to_object&gt; -&gt; &lt;str_to_float&gt;$&apos; then &apos;$&lt;read_str_from_txt&gt; =&gt; &lt;base64_ascii_str_pickle_to_object&gt;$]&apos;]&apos; -&gt; [float] then &apos;[Try &apos;$&lt;read_str_from_txt&gt; =&gt; &lt;constructor_with_str_arg&gt;$&apos; then &apos;$&lt;read_str_from_txt&gt; =&gt; &lt;base64_ascii_str_pickle_to_object&gt;$]&apos;]&apos; -&gt; [float64]]]
(B)                                                                                                                 |--txt-float-0.0=0.0.txt -&gt; float ------- using [Try &apos;$&lt;read_str_from_txt&gt; =&gt; &lt;str_to_float&gt;$&apos; then &apos;$&lt;read_str_from_txt&gt; =&gt; &lt;base64_ascii_str_pickle_to_object&gt; -&gt; &lt;bool_to_float&gt;$&apos; then &apos;$&lt;read_str_from_txt&gt; =&gt; &lt;base64_ascii_str_pickle_to_object&gt; -&gt; &lt;int_to_float&gt;$&apos; then &apos;$&lt;read_str_from_txt&gt; =&gt; &lt;base64_ascii_str_pickle_to_object&gt; -&gt; &lt;str_to_float&gt;$&apos; then &apos;$&lt;read_str_from_txt&gt; =&gt; &lt;base64_ascii_str_pickle_to_object&gt;$]&apos;]
(B)                                                                                                                 |--txt-float-0.0=0.0.txt -&gt; float ------- using $&lt;read_str_from_txt&gt; =&gt; &lt;str_to_float&gt;$
Parsing Plan created successfully

Executing Parsing Plan for [/home/travis/build/smarie/python-parsyfiles/parsyfiles/tests/parsing_capabilities_by_type/primitives_data/float/ok/txt-float-0.0=0.0]
(P) /home/travis/build/smarie/python-parsyfiles/parsyfiles/tests/parsing_capabilities_by_type/primitives_data/float/ok/txt-float-0.0=0.0.txt -&gt; float ------- using $&lt;read_str_from_txt&gt; =&gt; &lt;str_to_float&gt;$
(P)                                                                                                                 |--txt-float-0.0=0.0.txt -&gt; float SUCCESS !
Completed parsing successfully

0.0==0.0
</system-out></testcase><testcase classname="parsyfiles.tests.parsing_capabilities_by_type.test_parse_primitives" file="parsyfiles/tests/parsing_capabilities_by_type/test_parse_primitives.py" line="179" name="test_parse_by_type[float-ok-txt-int-0=0.0.txt]" time="0.03923773765563965"><system-out>**** Starting to parse single object of type &lt;float&gt; at location /home/travis/build/smarie/python-parsyfiles/parsyfiles/tests/parsing_capabilities_by_type/primitives_data/float/ok/txt-int-0=0.0 ****
Checking all files under [/home/travis/build/smarie/python-parsyfiles/parsyfiles/tests/parsing_capabilities_by_type/primitives_data/float/ok/txt-int-0=0.0]
(C) /home/travis/build/smarie/python-parsyfiles/parsyfiles/tests/parsing_capabilities_by_type/primitives_data/float/ok/txt-int-0=0.0 (singlefile, .txt)
File checks done

Building a parsing plan to parse [/home/travis/build/smarie/python-parsyfiles/parsyfiles/tests/parsing_capabilities_by_type/primitives_data/float/ok/txt-int-0=0.0] into a float
(B) /home/travis/build/smarie/python-parsyfiles/parsyfiles/tests/parsing_capabilities_by_type/primitives_data/float/ok/txt-int-0=0.0.txt -&gt; float ------- using [Try &apos;[Try &apos;$&lt;read_str_from_txt&gt; =&gt; &lt;str_to_float&gt;$&apos; then &apos;$&lt;read_str_from_txt&gt; =&gt; &lt;base64_ascii_str_pickle_to_object&gt; -&gt; &lt;bool_to_float&gt;$&apos; then &apos;$&lt;read_str_from_txt&gt; =&gt; &lt;base64_ascii_str_pickle_to_object&gt; -&gt; &lt;int_to_float&gt;$&apos; then &apos;$&lt;read_str_from_txt&gt; =&gt; &lt;base64_ascii_str_pickle_to_object&gt; -&gt; &lt;str_to_float&gt;$&apos; then &apos;$&lt;read_str_from_txt&gt; =&gt; &lt;base64_ascii_str_pickle_to_object&gt;$]&apos;]&apos; -&gt; [float] then &apos;[Try &apos;$&lt;read_str_from_txt&gt; =&gt; &lt;constructor_with_str_arg&gt;$&apos; then &apos;$&lt;read_str_from_txt&gt; =&gt; &lt;base64_ascii_str_pickle_to_object&gt;$]&apos;]&apos; -&gt; [float64]]]
(B)                                                                                                                 |--txt-int-0=0.0.txt -&gt; float ------- using [Try &apos;$&lt;read_str_from_txt&gt; =&gt; &lt;str_to_float&gt;$&apos; then &apos;$&lt;read_str_from_txt&gt; =&gt; &lt;base64_ascii_str_pickle_to_object&gt; -&gt; &lt;bool_to_float&gt;$&apos; then &apos;$&lt;read_str_from_txt&gt; =&gt; &lt;base64_ascii_str_pickle_to_object&gt; -&gt; &lt;int_to_float&gt;$&apos; then &apos;$&lt;read_str_from_txt&gt; =&gt; &lt;base64_ascii_str_pickle_to_object&gt; -&gt; &lt;str_to_float&gt;$&apos; then &apos;$&lt;read_str_from_txt&gt; =&gt; &lt;base64_ascii_str_pickle_to_object&gt;$]&apos;]
(B)                                                                                                                 |--txt-int-0=0.0.txt -&gt; float ------- using $&lt;read_str_from_txt&gt; =&gt; &lt;str_to_float&gt;$
Parsing Plan created successfully

Executing Parsing Plan for [/home/travis/build/smarie/python-parsyfiles/parsyfiles/tests/parsing_capabilities_by_type/primitives_data/float/ok/txt-int-0=0.0]
(P) /home/travis/build/smarie/python-parsyfiles/parsyfiles/tests/parsing_capabilities_by_type/primitives_data/float/ok/txt-int-0=0.0.txt -&gt; float ------- using $&lt;read_str_from_txt&gt; =&gt; &lt;str_to_float&gt;$
(P)                                                                                                                 |--txt-int-0=0.0.txt -&gt; float SUCCESS !
Completed parsing successfully

0.0==0.0
</system-out></testcase><testcase classname="parsyfiles.tests.parsing_capabilities_by_type.test_parse_primitives" file="parsyfiles/tests/parsing_capabilities_by_type/test_parse_primitives.py" line="179" name="test_parse_by_type[float-ok-pickle-int--2=-2.0.pyc]" time="0.03876948356628418"><system-out>**** Starting to parse single object of type &lt;float&gt; at location /home/travis/build/smarie/python-parsyfiles/parsyfiles/tests/parsing_capabilities_by_type/primitives_data/float/ok/pickle-int--2=-2.0 ****
Checking all files under [/home/travis/build/smarie/python-parsyfiles/parsyfiles/tests/parsing_capabilities_by_type/primitives_data/float/ok/pickle-int--2=-2.0]
(C) /home/travis/build/smarie/python-parsyfiles/parsyfiles/tests/parsing_capabilities_by_type/primitives_data/float/ok/pickle-int--2=-2.0 (singlefile, .pyc)
File checks done

Building a parsing plan to parse [/home/travis/build/smarie/python-parsyfiles/parsyfiles/tests/parsing_capabilities_by_type/primitives_data/float/ok/pickle-int--2=-2.0] into a float
(B) /home/travis/build/smarie/python-parsyfiles/parsyfiles/tests/parsing_capabilities_by_type/primitives_data/float/ok/pickle-int--2=-2.0.pyc -&gt; float ------- using [Try &apos;[Try &apos;$&lt;read_object_from_pickle&gt; =&gt; &lt;bool_to_float&gt;$&apos; then &apos;$&lt;read_object_from_pickle&gt; =&gt; &lt;int_to_float&gt;$&apos; then &apos;$&lt;read_object_from_pickle&gt; =&gt; &lt;str_to_float&gt;$&apos; then &apos;&lt;read_object_from_pickle&gt;]&apos;]&apos; -&gt; [float] then &apos;&lt;read_object_from_pickle&gt;&apos; -&gt; [float64]]]
(B)                                                                                                                 |--pickle-int--2=-2.0.pyc -&gt; float ------- using [Try &apos;$&lt;read_object_from_pickle&gt; =&gt; &lt;bool_to_float&gt;$&apos; then &apos;$&lt;read_object_from_pickle&gt; =&gt; &lt;int_to_float&gt;$&apos; then &apos;$&lt;read_object_from_pickle&gt; =&gt; &lt;str_to_float&gt;$&apos; then &apos;&lt;read_object_from_pickle&gt;]&apos;]
(B)                                                                                                                 |--pickle-int--2=-2.0.pyc -&gt; float ------- using $&lt;read_object_from_pickle&gt; =&gt; &lt;bool_to_float&gt;$
Parsing Plan created successfully

Executing Parsing Plan for [/home/travis/build/smarie/python-parsyfiles/parsyfiles/tests/parsing_capabilities_by_type/primitives_data/float/ok/pickle-int--2=-2.0]
(P) /home/travis/build/smarie/python-parsyfiles/parsyfiles/tests/parsing_capabilities_by_type/primitives_data/float/ok/pickle-int--2=-2.0.pyc -&gt; float ------- using $&lt;read_object_from_pickle&gt; =&gt; &lt;bool_to_float&gt;$
  !! Caught error during execution !!
  File &quot;/home/travis/build/smarie/python-parsyfiles/parsyfiles/parsing_core.py&quot;, line 177, in _execute
    self.get_singlefile_encoding(), logger, options)
  File &quot;/home/travis/build/smarie/python-parsyfiles/parsyfiles/parsing_combining_parsers.py&quot;, line 598, in _parse_singlefile
    return self._converter.convert(desired_type, first, logger, options)
  File &quot;/home/travis/build/smarie/python-parsyfiles/parsyfiles/converting_core.py&quot;, line 321, in convert
    raise ConversionException.create_not_able_to_convert(source_obj, self, desired_type)
  ConversionException : Converter $&lt;bool_to_float&gt;$ is not able to ingest source value &apos;-2&apos; of type &apos;int&apos; and/or convert it to type &apos;float&apos;. This can happen in a chain when the previous step in the chain is generic and actually produced  an output of the wrong type/content
(B)                                                                                                                 |--pickle-int--2=-2.0.pyc -&gt; float ------- using $&lt;read_object_from_pickle&gt; =&gt; &lt;int_to_float&gt;$
Executing Parsing Plan for [/home/travis/build/smarie/python-parsyfiles/parsyfiles/tests/parsing_capabilities_by_type/primitives_data/float/ok/pickle-int--2=-2.0]
(P) /home/travis/build/smarie/python-parsyfiles/parsyfiles/tests/parsing_capabilities_by_type/primitives_data/float/ok/pickle-int--2=-2.0.pyc -&gt; float ------- using $&lt;read_object_from_pickle&gt; =&gt; &lt;int_to_float&gt;$
(P)                                                                                                                 |--pickle-int--2=-2.0.pyc -&gt; float SUCCESS !
Completed parsing successfully

-2.0==-2.0
</system-out></testcase><testcase classname="parsyfiles.tests.parsing_capabilities_by_type.test_parse_primitives" file="parsyfiles/tests/parsing_capabilities_by_type/test_parse_primitives.py" line="179" name="test_parse_by_type[float-ok-pickle-int-0=0.0.pyc]" time="0.04232001304626465"><system-out>**** Starting to parse single object of type &lt;float&gt; at location /home/travis/build/smarie/python-parsyfiles/parsyfiles/tests/parsing_capabilities_by_type/primitives_data/float/ok/pickle-int-0=0.0 ****
Checking all files under [/home/travis/build/smarie/python-parsyfiles/parsyfiles/tests/parsing_capabilities_by_type/primitives_data/float/ok/pickle-int-0=0.0]
(C) /home/travis/build/smarie/python-parsyfiles/parsyfiles/tests/parsing_capabilities_by_type/primitives_data/float/ok/pickle-int-0=0.0 (singlefile, .pyc)
File checks done

Building a parsing plan to parse [/home/travis/build/smarie/python-parsyfiles/parsyfiles/tests/parsing_capabilities_by_type/primitives_data/float/ok/pickle-int-0=0.0] into a float
(B) /home/travis/build/smarie/python-parsyfiles/parsyfiles/tests/parsing_capabilities_by_type/primitives_data/float/ok/pickle-int-0=0.0.pyc -&gt; float ------- using [Try &apos;[Try &apos;$&lt;read_object_from_pickle&gt; =&gt; &lt;bool_to_float&gt;$&apos; then &apos;$&lt;read_object_from_pickle&gt; =&gt; &lt;int_to_float&gt;$&apos; then &apos;$&lt;read_object_from_pickle&gt; =&gt; &lt;str_to_float&gt;$&apos; then &apos;&lt;read_object_from_pickle&gt;]&apos;]&apos; -&gt; [float] then &apos;&lt;read_object_from_pickle&gt;&apos; -&gt; [float64]]]
(B)                                                                                                                 |--pickle-int-0=0.0.pyc -&gt; float ------- using [Try &apos;$&lt;read_object_from_pickle&gt; =&gt; &lt;bool_to_float&gt;$&apos; then &apos;$&lt;read_object_from_pickle&gt; =&gt; &lt;int_to_float&gt;$&apos; then &apos;$&lt;read_object_from_pickle&gt; =&gt; &lt;str_to_float&gt;$&apos; then &apos;&lt;read_object_from_pickle&gt;]&apos;]
(B)                                                                                                                 |--pickle-int-0=0.0.pyc -&gt; float ------- using $&lt;read_object_from_pickle&gt; =&gt; &lt;bool_to_float&gt;$
Parsing Plan created successfully

Executing Parsing Plan for [/home/travis/build/smarie/python-parsyfiles/parsyfiles/tests/parsing_capabilities_by_type/primitives_data/float/ok/pickle-int-0=0.0]
(P) /home/travis/build/smarie/python-parsyfiles/parsyfiles/tests/parsing_capabilities_by_type/primitives_data/float/ok/pickle-int-0=0.0.pyc -&gt; float ------- using $&lt;read_object_from_pickle&gt; =&gt; &lt;bool_to_float&gt;$
  !! Caught error during execution !!
  File &quot;/home/travis/build/smarie/python-parsyfiles/parsyfiles/parsing_core.py&quot;, line 177, in _execute
    self.get_singlefile_encoding(), logger, options)
  File &quot;/home/travis/build/smarie/python-parsyfiles/parsyfiles/parsing_combining_parsers.py&quot;, line 598, in _parse_singlefile
    return self._converter.convert(desired_type, first, logger, options)
  File &quot;/home/travis/build/smarie/python-parsyfiles/parsyfiles/converting_core.py&quot;, line 321, in convert
    raise ConversionException.create_not_able_to_convert(source_obj, self, desired_type)
  ConversionException : Converter $&lt;bool_to_float&gt;$ is not able to ingest source value &apos;0&apos; of type &apos;int&apos; and/or convert it to type &apos;float&apos;. This can happen in a chain when the previous step in the chain is generic and actually produced  an output of the wrong type/content
(B)                                                                                                                 |--pickle-int-0=0.0.pyc -&gt; float ------- using $&lt;read_object_from_pickle&gt; =&gt; &lt;int_to_float&gt;$
Executing Parsing Plan for [/home/travis/build/smarie/python-parsyfiles/parsyfiles/tests/parsing_capabilities_by_type/primitives_data/float/ok/pickle-int-0=0.0]
(P) /home/travis/build/smarie/python-parsyfiles/parsyfiles/tests/parsing_capabilities_by_type/primitives_data/float/ok/pickle-int-0=0.0.pyc -&gt; float ------- using $&lt;read_object_from_pickle&gt; =&gt; &lt;int_to_float&gt;$
(P)                                                                                                                 |--pickle-int-0=0.0.pyc -&gt; float SUCCESS !
Completed parsing successfully

0.0==0.0
</system-out></testcase><testcase classname="parsyfiles.tests.parsing_capabilities_by_type.test_parse_primitives" file="parsyfiles/tests/parsing_capabilities_by_type/test_parse_primitives.py" line="179" name="test_parse_by_type[float-ok-txt-int-5=5.0.txt]" time="0.03994131088256836"><system-out>**** Starting to parse single object of type &lt;float&gt; at location /home/travis/build/smarie/python-parsyfiles/parsyfiles/tests/parsing_capabilities_by_type/primitives_data/float/ok/txt-int-5=5.0 ****
Checking all files under [/home/travis/build/smarie/python-parsyfiles/parsyfiles/tests/parsing_capabilities_by_type/primitives_data/float/ok/txt-int-5=5.0]
(C) /home/travis/build/smarie/python-parsyfiles/parsyfiles/tests/parsing_capabilities_by_type/primitives_data/float/ok/txt-int-5=5.0 (singlefile, .txt)
File checks done

Building a parsing plan to parse [/home/travis/build/smarie/python-parsyfiles/parsyfiles/tests/parsing_capabilities_by_type/primitives_data/float/ok/txt-int-5=5.0] into a float
(B) /home/travis/build/smarie/python-parsyfiles/parsyfiles/tests/parsing_capabilities_by_type/primitives_data/float/ok/txt-int-5=5.0.txt -&gt; float ------- using [Try &apos;[Try &apos;$&lt;read_str_from_txt&gt; =&gt; &lt;str_to_float&gt;$&apos; then &apos;$&lt;read_str_from_txt&gt; =&gt; &lt;base64_ascii_str_pickle_to_object&gt; -&gt; &lt;bool_to_float&gt;$&apos; then &apos;$&lt;read_str_from_txt&gt; =&gt; &lt;base64_ascii_str_pickle_to_object&gt; -&gt; &lt;int_to_float&gt;$&apos; then &apos;$&lt;read_str_from_txt&gt; =&gt; &lt;base64_ascii_str_pickle_to_object&gt; -&gt; &lt;str_to_float&gt;$&apos; then &apos;$&lt;read_str_from_txt&gt; =&gt; &lt;base64_ascii_str_pickle_to_object&gt;$]&apos;]&apos; -&gt; [float] then &apos;[Try &apos;$&lt;read_str_from_txt&gt; =&gt; &lt;constructor_with_str_arg&gt;$&apos; then &apos;$&lt;read_str_from_txt&gt; =&gt; &lt;base64_ascii_str_pickle_to_object&gt;$]&apos;]&apos; -&gt; [float64]]]
(B)                                                                                                                 |--txt-int-5=5.0.txt -&gt; float ------- using [Try &apos;$&lt;read_str_from_txt&gt; =&gt; &lt;str_to_float&gt;$&apos; then &apos;$&lt;read_str_from_txt&gt; =&gt; &lt;base64_ascii_str_pickle_to_object&gt; -&gt; &lt;bool_to_float&gt;$&apos; then &apos;$&lt;read_str_from_txt&gt; =&gt; &lt;base64_ascii_str_pickle_to_object&gt; -&gt; &lt;int_to_float&gt;$&apos; then &apos;$&lt;read_str_from_txt&gt; =&gt; &lt;base64_ascii_str_pickle_to_object&gt; -&gt; &lt;str_to_float&gt;$&apos; then &apos;$&lt;read_str_from_txt&gt; =&gt; &lt;base64_ascii_str_pickle_to_object&gt;$]&apos;]
(B)                                                                                                                 |--txt-int-5=5.0.txt -&gt; float ------- using $&lt;read_str_from_txt&gt; =&gt; &lt;str_to_float&gt;$
Parsing Plan created successfully

Executing Parsing Plan for [/home/travis/build/smarie/python-parsyfiles/parsyfiles/tests/parsing_capabilities_by_type/primitives_data/float/ok/txt-int-5=5.0]
(P) /home/travis/build/smarie/python-parsyfiles/parsyfiles/tests/parsing_capabilities_by_type/primitives_data/float/ok/txt-int-5=5.0.txt -&gt; float ------- using $&lt;read_str_from_txt&gt; =&gt; &lt;str_to_float&gt;$
(P)                                                                                                                 |--txt-int-5=5.0.txt -&gt; float SUCCESS !
Completed parsing successfully

5.0==5.0
</system-out></testcase><testcase classname="parsyfiles.tests.parsing_capabilities_by_type.test_parse_primitives" file="parsyfiles/tests/parsing_capabilities_by_type/test_parse_primitives.py" line="179" name="test_parse_by_type[float-ok-pickle-int-5=5.0.pyc]" time="0.040038347244262695"><system-out>**** Starting to parse single object of type &lt;float&gt; at location /home/travis/build/smarie/python-parsyfiles/parsyfiles/tests/parsing_capabilities_by_type/primitives_data/float/ok/pickle-int-5=5.0 ****
Checking all files under [/home/travis/build/smarie/python-parsyfiles/parsyfiles/tests/parsing_capabilities_by_type/primitives_data/float/ok/pickle-int-5=5.0]
(C) /home/travis/build/smarie/python-parsyfiles/parsyfiles/tests/parsing_capabilities_by_type/primitives_data/float/ok/pickle-int-5=5.0 (singlefile, .pyc)
File checks done

Building a parsing plan to parse [/home/travis/build/smarie/python-parsyfiles/parsyfiles/tests/parsing_capabilities_by_type/primitives_data/float/ok/pickle-int-5=5.0] into a float
(B) /home/travis/build/smarie/python-parsyfiles/parsyfiles/tests/parsing_capabilities_by_type/primitives_data/float/ok/pickle-int-5=5.0.pyc -&gt; float ------- using [Try &apos;[Try &apos;$&lt;read_object_from_pickle&gt; =&gt; &lt;bool_to_float&gt;$&apos; then &apos;$&lt;read_object_from_pickle&gt; =&gt; &lt;int_to_float&gt;$&apos; then &apos;$&lt;read_object_from_pickle&gt; =&gt; &lt;str_to_float&gt;$&apos; then &apos;&lt;read_object_from_pickle&gt;]&apos;]&apos; -&gt; [float] then &apos;&lt;read_object_from_pickle&gt;&apos; -&gt; [float64]]]
(B)                                                                                                                 |--pickle-int-5=5.0.pyc -&gt; float ------- using [Try &apos;$&lt;read_object_from_pickle&gt; =&gt; &lt;bool_to_float&gt;$&apos; then &apos;$&lt;read_object_from_pickle&gt; =&gt; &lt;int_to_float&gt;$&apos; then &apos;$&lt;read_object_from_pickle&gt; =&gt; &lt;str_to_float&gt;$&apos; then &apos;&lt;read_object_from_pickle&gt;]&apos;]
(B)                                                                                                                 |--pickle-int-5=5.0.pyc -&gt; float ------- using $&lt;read_object_from_pickle&gt; =&gt; &lt;bool_to_float&gt;$
Parsing Plan created successfully

Executing Parsing Plan for [/home/travis/build/smarie/python-parsyfiles/parsyfiles/tests/parsing_capabilities_by_type/primitives_data/float/ok/pickle-int-5=5.0]
(P) /home/travis/build/smarie/python-parsyfiles/parsyfiles/tests/parsing_capabilities_by_type/primitives_data/float/ok/pickle-int-5=5.0.pyc -&gt; float ------- using $&lt;read_object_from_pickle&gt; =&gt; &lt;bool_to_float&gt;$
  !! Caught error during execution !!
  File &quot;/home/travis/build/smarie/python-parsyfiles/parsyfiles/parsing_core.py&quot;, line 177, in _execute
    self.get_singlefile_encoding(), logger, options)
  File &quot;/home/travis/build/smarie/python-parsyfiles/parsyfiles/parsing_combining_parsers.py&quot;, line 598, in _parse_singlefile
    return self._converter.convert(desired_type, first, logger, options)
  File &quot;/home/travis/build/smarie/python-parsyfiles/parsyfiles/converting_core.py&quot;, line 321, in convert
    raise ConversionException.create_not_able_to_convert(source_obj, self, desired_type)
  ConversionException : Converter $&lt;bool_to_float&gt;$ is not able to ingest source value &apos;5&apos; of type &apos;int&apos; and/or convert it to type &apos;float&apos;. This can happen in a chain when the previous step in the chain is generic and actually produced  an output of the wrong type/content
(B)                                                                                                                 |--pickle-int-5=5.0.pyc -&gt; float ------- using $&lt;read_object_from_pickle&gt; =&gt; &lt;int_to_float&gt;$
Executing Parsing Plan for [/home/travis/build/smarie/python-parsyfiles/parsyfiles/tests/parsing_capabilities_by_type/primitives_data/float/ok/pickle-int-5=5.0]
(P) /home/travis/build/smarie/python-parsyfiles/parsyfiles/tests/parsing_capabilities_by_type/primitives_data/float/ok/pickle-int-5=5.0.pyc -&gt; float ------- using $&lt;read_object_from_pickle&gt; =&gt; &lt;int_to_float&gt;$
(P)                                                                                                                 |--pickle-int-5=5.0.pyc -&gt; float SUCCESS !
Completed parsing successfully

5.0==5.0
</system-out></testcase><testcase classname="parsyfiles.tests.parsing_capabilities_by_type.test_parse_primitives" file="parsyfiles/tests/parsing_capabilities_by_type/test_parse_primitives.py" line="179" name="test_parse_by_type[float-ok-b64pickle-bool-True=1.0.txt]" time="0.04228377342224121"><system-out>**** Starting to parse single object of type &lt;float&gt; at location /home/travis/build/smarie/python-parsyfiles/parsyfiles/tests/parsing_capabilities_by_type/primitives_data/float/ok/b64pickle-bool-True=1.0 ****
Checking all files under [/home/travis/build/smarie/python-parsyfiles/parsyfiles/tests/parsing_capabilities_by_type/primitives_data/float/ok/b64pickle-bool-True=1.0]
(C) /home/travis/build/smarie/python-parsyfiles/parsyfiles/tests/parsing_capabilities_by_type/primitives_data/float/ok/b64pickle-bool-True=1.0 (singlefile, .txt)
File checks done

Building a parsing plan to parse [/home/travis/build/smarie/python-parsyfiles/parsyfiles/tests/parsing_capabilities_by_type/primitives_data/float/ok/b64pickle-bool-True=1.0] into a float
(B) /home/travis/build/smarie/python-parsyfiles/parsyfiles/tests/parsing_capabilities_by_type/primitives_data/float/ok/b64pickle-bool-True=1.0.txt -&gt; float ------- using [Try &apos;[Try &apos;$&lt;read_str_from_txt&gt; =&gt; &lt;str_to_float&gt;$&apos; then &apos;$&lt;read_str_from_txt&gt; =&gt; &lt;base64_ascii_str_pickle_to_object&gt; -&gt; &lt;bool_to_float&gt;$&apos; then &apos;$&lt;read_str_from_txt&gt; =&gt; &lt;base64_ascii_str_pickle_to_object&gt; -&gt; &lt;int_to_float&gt;$&apos; then &apos;$&lt;read_str_from_txt&gt; =&gt; &lt;base64_ascii_str_pickle_to_object&gt; -&gt; &lt;str_to_float&gt;$&apos; then &apos;$&lt;read_str_from_txt&gt; =&gt; &lt;base64_ascii_str_pickle_to_object&gt;$]&apos;]&apos; -&gt; [float] then &apos;[Try &apos;$&lt;read_str_from_txt&gt; =&gt; &lt;constructor_with_str_arg&gt;$&apos; then &apos;$&lt;read_str_from_txt&gt; =&gt; &lt;base64_ascii_str_pickle_to_object&gt;$]&apos;]&apos; -&gt; [float64]]]
(B)                                                                                                                 |--b64pickle-bool-True=1.0.txt -&gt; float ------- using [Try &apos;$&lt;read_str_from_txt&gt; =&gt; &lt;str_to_float&gt;$&apos; then &apos;$&lt;read_str_from_txt&gt; =&gt; &lt;base64_ascii_str_pickle_to_object&gt; -&gt; &lt;bool_to_float&gt;$&apos; then &apos;$&lt;read_str_from_txt&gt; =&gt; &lt;base64_ascii_str_pickle_to_object&gt; -&gt; &lt;int_to_float&gt;$&apos; then &apos;$&lt;read_str_from_txt&gt; =&gt; &lt;base64_ascii_str_pickle_to_object&gt; -&gt; &lt;str_to_float&gt;$&apos; then &apos;$&lt;read_str_from_txt&gt; =&gt; &lt;base64_ascii_str_pickle_to_object&gt;$]&apos;]
(B)                                                                                                                 |--b64pickle-bool-True=1.0.txt -&gt; float ------- using $&lt;read_str_from_txt&gt; =&gt; &lt;str_to_float&gt;$
Parsing Plan created successfully

Executing Parsing Plan for [/home/travis/build/smarie/python-parsyfiles/parsyfiles/tests/parsing_capabilities_by_type/primitives_data/float/ok/b64pickle-bool-True=1.0]
(P) /home/travis/build/smarie/python-parsyfiles/parsyfiles/tests/parsing_capabilities_by_type/primitives_data/float/ok/b64pickle-bool-True=1.0.txt -&gt; float ------- using $&lt;read_str_from_txt&gt; =&gt; &lt;str_to_float&gt;$
  !! Caught error during execution !!
  File &quot;/home/travis/build/smarie/python-parsyfiles/parsyfiles/plugins_base/support_for_primitive_types.py&quot;, line 61, in primitive_to_float
    source = literal_eval(source)
  File &quot;/opt/python/3.5.5/lib/python3.5/ast.py&quot;, line 46, in literal_eval
    node_or_string = parse(node_or_string, mode=&apos;eval&apos;)
  File &quot;/opt/python/3.5.5/lib/python3.5/ast.py&quot;, line 35, in parse
    return compile(source, filename, mode, PyCF_ONLY_AST)
  SyntaxError : unexpected EOF while parsing (&lt;unknown&gt;, line 1)
(B)                                                                                                                 |--b64pickle-bool-True=1.0.txt -&gt; float ------- using $&lt;read_str_from_txt&gt; =&gt; &lt;base64_ascii_str_pickle_to_object&gt; -&gt; &lt;bool_to_float&gt;$
Executing Parsing Plan for [/home/travis/build/smarie/python-parsyfiles/parsyfiles/tests/parsing_capabilities_by_type/primitives_data/float/ok/b64pickle-bool-True=1.0]
(P) /home/travis/build/smarie/python-parsyfiles/parsyfiles/tests/parsing_capabilities_by_type/primitives_data/float/ok/b64pickle-bool-True=1.0.txt -&gt; float ------- using $&lt;read_str_from_txt&gt; =&gt; &lt;base64_ascii_str_pickle_to_object&gt; -&gt; &lt;bool_to_float&gt;$
(P)                                                                                                                 |--b64pickle-bool-True=1.0.txt -&gt; float SUCCESS !
Completed parsing successfully

1.0==1.0
</system-out></testcase><testcase classname="parsyfiles.tests.parsing_capabilities_by_type.test_parse_primitives" file="parsyfiles/tests/parsing_capabilities_by_type/test_parse_primitives.py" line="179" name="test_parse_by_type[float-ok-b64pickle-float-0.0=0.0.txt]" time="0.04575824737548828"><system-out>**** Starting to parse single object of type &lt;float&gt; at location /home/travis/build/smarie/python-parsyfiles/parsyfiles/tests/parsing_capabilities_by_type/primitives_data/float/ok/b64pickle-float-0.0=0.0 ****
Checking all files under [/home/travis/build/smarie/python-parsyfiles/parsyfiles/tests/parsing_capabilities_by_type/primitives_data/float/ok/b64pickle-float-0.0=0.0]
(C) /home/travis/build/smarie/python-parsyfiles/parsyfiles/tests/parsing_capabilities_by_type/primitives_data/float/ok/b64pickle-float-0.0=0.0 (singlefile, .txt)
File checks done

Building a parsing plan to parse [/home/travis/build/smarie/python-parsyfiles/parsyfiles/tests/parsing_capabilities_by_type/primitives_data/float/ok/b64pickle-float-0.0=0.0] into a float
(B) /home/travis/build/smarie/python-parsyfiles/parsyfiles/tests/parsing_capabilities_by_type/primitives_data/float/ok/b64pickle-float-0.0=0.0.txt -&gt; float ------- using [Try &apos;[Try &apos;$&lt;read_str_from_txt&gt; =&gt; &lt;str_to_float&gt;$&apos; then &apos;$&lt;read_str_from_txt&gt; =&gt; &lt;base64_ascii_str_pickle_to_object&gt; -&gt; &lt;bool_to_float&gt;$&apos; then &apos;$&lt;read_str_from_txt&gt; =&gt; &lt;base64_ascii_str_pickle_to_object&gt; -&gt; &lt;int_to_float&gt;$&apos; then &apos;$&lt;read_str_from_txt&gt; =&gt; &lt;base64_ascii_str_pickle_to_object&gt; -&gt; &lt;str_to_float&gt;$&apos; then &apos;$&lt;read_str_from_txt&gt; =&gt; &lt;base64_ascii_str_pickle_to_object&gt;$]&apos;]&apos; -&gt; [float] then &apos;[Try &apos;$&lt;read_str_from_txt&gt; =&gt; &lt;constructor_with_str_arg&gt;$&apos; then &apos;$&lt;read_str_from_txt&gt; =&gt; &lt;base64_ascii_str_pickle_to_object&gt;$]&apos;]&apos; -&gt; [float64]]]
(B)                                                                                                                 |--b64pickle-float-0.0=0.0.txt -&gt; float ------- using [Try &apos;$&lt;read_str_from_txt&gt; =&gt; &lt;str_to_float&gt;$&apos; then &apos;$&lt;read_str_from_txt&gt; =&gt; &lt;base64_ascii_str_pickle_to_object&gt; -&gt; &lt;bool_to_float&gt;$&apos; then &apos;$&lt;read_str_from_txt&gt; =&gt; &lt;base64_ascii_str_pickle_to_object&gt; -&gt; &lt;int_to_float&gt;$&apos; then &apos;$&lt;read_str_from_txt&gt; =&gt; &lt;base64_ascii_str_pickle_to_object&gt; -&gt; &lt;str_to_float&gt;$&apos; then &apos;$&lt;read_str_from_txt&gt; =&gt; &lt;base64_ascii_str_pickle_to_object&gt;$]&apos;]
(B)                                                                                                                 |--b64pickle-float-0.0=0.0.txt -&gt; float ------- using $&lt;read_str_from_txt&gt; =&gt; &lt;str_to_float&gt;$
Parsing Plan created successfully

Executing Parsing Plan for [/home/travis/build/smarie/python-parsyfiles/parsyfiles/tests/parsing_capabilities_by_type/primitives_data/float/ok/b64pickle-float-0.0=0.0]
(P) /home/travis/build/smarie/python-parsyfiles/parsyfiles/tests/parsing_capabilities_by_type/primitives_data/float/ok/b64pickle-float-0.0=0.0.txt -&gt; float ------- using $&lt;read_str_from_txt&gt; =&gt; &lt;str_to_float&gt;$
  !! Caught error during execution !!
  File &quot;/home/travis/build/smarie/python-parsyfiles/parsyfiles/plugins_base/support_for_primitive_types.py&quot;, line 61, in primitive_to_float
    source = literal_eval(source)
  File &quot;/opt/python/3.5.5/lib/python3.5/ast.py&quot;, line 84, in literal_eval
    return _convert(node_or_string)
  File &quot;/opt/python/3.5.5/lib/python3.5/ast.py&quot;, line 83, in _convert
    raise ValueError(&apos;malformed node or string: &apos; + repr(node))
  ValueError : malformed node or string: &lt;_ast.Name object at 0x7f33d3e1b860&gt;
(B)                                                                                                                 |--b64pickle-float-0.0=0.0.txt -&gt; float ------- using $&lt;read_str_from_txt&gt; =&gt; &lt;base64_ascii_str_pickle_to_object&gt; -&gt; &lt;bool_to_float&gt;$
Executing Parsing Plan for [/home/travis/build/smarie/python-parsyfiles/parsyfiles/tests/parsing_capabilities_by_type/primitives_data/float/ok/b64pickle-float-0.0=0.0]
(P) /home/travis/build/smarie/python-parsyfiles/parsyfiles/tests/parsing_capabilities_by_type/primitives_data/float/ok/b64pickle-float-0.0=0.0.txt -&gt; float ------- using $&lt;read_str_from_txt&gt; =&gt; &lt;base64_ascii_str_pickle_to_object&gt; -&gt; &lt;bool_to_float&gt;$
  !! Caught error during execution !!
  File &quot;/home/travis/build/smarie/python-parsyfiles/parsyfiles/converting_core.py&quot;, line 319, in convert
    return self._convert(desired_type, source_obj, logger, options)
  File &quot;/home/travis/build/smarie/python-parsyfiles/parsyfiles/converting_core.py&quot;, line 770, in _convert
    return self._converters_list[-1].convert(desired_type, obj, logger, options)
  File &quot;/home/travis/build/smarie/python-parsyfiles/parsyfiles/converting_core.py&quot;, line 321, in convert
    raise ConversionException.create_not_able_to_convert(source_obj, self, desired_type)
  ConversionException : Converter &lt;bool_to_float&gt; is not able to ingest source value &apos;0.0&apos; of type &apos;float&apos; and/or convert it to type &apos;float&apos;. This can happen in a chain when the previous step in the chain is generic and actually produced  an output of the wrong type/content
(B)                                                                                                                 |--b64pickle-float-0.0=0.0.txt -&gt; float ------- using $&lt;read_str_from_txt&gt; =&gt; &lt;base64_ascii_str_pickle_to_object&gt; -&gt; &lt;int_to_float&gt;$
Executing Parsing Plan for [/home/travis/build/smarie/python-parsyfiles/parsyfiles/tests/parsing_capabilities_by_type/primitives_data/float/ok/b64pickle-float-0.0=0.0]
(P) /home/travis/build/smarie/python-parsyfiles/parsyfiles/tests/parsing_capabilities_by_type/primitives_data/float/ok/b64pickle-float-0.0=0.0.txt -&gt; float ------- using $&lt;read_str_from_txt&gt; =&gt; &lt;base64_ascii_str_pickle_to_object&gt; -&gt; &lt;int_to_float&gt;$
  !! Caught error during execution !!
  File &quot;/home/travis/build/smarie/python-parsyfiles/parsyfiles/converting_core.py&quot;, line 319, in convert
    return self._convert(desired_type, source_obj, logger, options)
  File &quot;/home/travis/build/smarie/python-parsyfiles/parsyfiles/converting_core.py&quot;, line 770, in _convert
    return self._converters_list[-1].convert(desired_type, obj, logger, options)
  File &quot;/home/travis/build/smarie/python-parsyfiles/parsyfiles/converting_core.py&quot;, line 321, in convert
    raise ConversionException.create_not_able_to_convert(source_obj, self, desired_type)
  ConversionException : Converter &lt;int_to_float&gt; is not able to ingest source value &apos;0.0&apos; of type &apos;float&apos; and/or convert it to type &apos;float&apos;. This can happen in a chain when the previous step in the chain is generic and actually produced  an output of the wrong type/content
(B)                                                                                                                 |--b64pickle-float-0.0=0.0.txt -&gt; float ------- using $&lt;read_str_from_txt&gt; =&gt; &lt;base64_ascii_str_pickle_to_object&gt; -&gt; &lt;str_to_float&gt;$
Executing Parsing Plan for [/home/travis/build/smarie/python-parsyfiles/parsyfiles/tests/parsing_capabilities_by_type/primitives_data/float/ok/b64pickle-float-0.0=0.0]
(P) /home/travis/build/smarie/python-parsyfiles/parsyfiles/tests/parsing_capabilities_by_type/primitives_data/float/ok/b64pickle-float-0.0=0.0.txt -&gt; float ------- using $&lt;read_str_from_txt&gt; =&gt; &lt;base64_ascii_str_pickle_to_object&gt; -&gt; &lt;str_to_float&gt;$
  !! Caught error during execution !!
  File &quot;/home/travis/build/smarie/python-parsyfiles/parsyfiles/converting_core.py&quot;, line 319, in convert
    return self._convert(desired_type, source_obj, logger, options)
  File &quot;/home/travis/build/smarie/python-parsyfiles/parsyfiles/converting_core.py&quot;, line 770, in _convert
    return self._converters_list[-1].convert(desired_type, obj, logger, options)
  File &quot;/home/travis/build/smarie/python-parsyfiles/parsyfiles/converting_core.py&quot;, line 321, in convert
    raise ConversionException.create_not_able_to_convert(source_obj, self, desired_type)
  ConversionException : Converter &lt;str_to_float&gt; is not able to ingest source value &apos;0.0&apos; of type &apos;float&apos; and/or convert it to type &apos;float&apos;. This can happen in a chain when the previous step in the chain is generic and actually produced  an output of the wrong type/content
(B)                                                                                                                 |--b64pickle-float-0.0=0.0.txt -&gt; float ------- using $&lt;read_str_from_txt&gt; =&gt; &lt;base64_ascii_str_pickle_to_object&gt;$
Executing Parsing Plan for [/home/travis/build/smarie/python-parsyfiles/parsyfiles/tests/parsing_capabilities_by_type/primitives_data/float/ok/b64pickle-float-0.0=0.0]
(P) /home/travis/build/smarie/python-parsyfiles/parsyfiles/tests/parsing_capabilities_by_type/primitives_data/float/ok/b64pickle-float-0.0=0.0.txt -&gt; float ------- using $&lt;read_str_from_txt&gt; =&gt; &lt;base64_ascii_str_pickle_to_object&gt;$
(P)                                                                                                                 |--b64pickle-float-0.0=0.0.txt -&gt; float SUCCESS !
Completed parsing successfully

0.0==0.0
</system-out></testcase><testcase classname="parsyfiles.tests.parsing_capabilities_by_type.test_parse_primitives" file="parsyfiles/tests/parsing_capabilities_by_type/test_parse_primitives.py" line="179" name="test_parse_by_type[float-ok-txt-bool-False=0.0.txt]" time="0.040543317794799805"><system-out>**** Starting to parse single object of type &lt;float&gt; at location /home/travis/build/smarie/python-parsyfiles/parsyfiles/tests/parsing_capabilities_by_type/primitives_data/float/ok/txt-bool-False=0.0 ****
Checking all files under [/home/travis/build/smarie/python-parsyfiles/parsyfiles/tests/parsing_capabilities_by_type/primitives_data/float/ok/txt-bool-False=0.0]
(C) /home/travis/build/smarie/python-parsyfiles/parsyfiles/tests/parsing_capabilities_by_type/primitives_data/float/ok/txt-bool-False=0.0 (singlefile, .txt)
File checks done

Building a parsing plan to parse [/home/travis/build/smarie/python-parsyfiles/parsyfiles/tests/parsing_capabilities_by_type/primitives_data/float/ok/txt-bool-False=0.0] into a float
(B) /home/travis/build/smarie/python-parsyfiles/parsyfiles/tests/parsing_capabilities_by_type/primitives_data/float/ok/txt-bool-False=0.0.txt -&gt; float ------- using [Try &apos;[Try &apos;$&lt;read_str_from_txt&gt; =&gt; &lt;str_to_float&gt;$&apos; then &apos;$&lt;read_str_from_txt&gt; =&gt; &lt;base64_ascii_str_pickle_to_object&gt; -&gt; &lt;bool_to_float&gt;$&apos; then &apos;$&lt;read_str_from_txt&gt; =&gt; &lt;base64_ascii_str_pickle_to_object&gt; -&gt; &lt;int_to_float&gt;$&apos; then &apos;$&lt;read_str_from_txt&gt; =&gt; &lt;base64_ascii_str_pickle_to_object&gt; -&gt; &lt;str_to_float&gt;$&apos; then &apos;$&lt;read_str_from_txt&gt; =&gt; &lt;base64_ascii_str_pickle_to_object&gt;$]&apos;]&apos; -&gt; [float] then &apos;[Try &apos;$&lt;read_str_from_txt&gt; =&gt; &lt;constructor_with_str_arg&gt;$&apos; then &apos;$&lt;read_str_from_txt&gt; =&gt; &lt;base64_ascii_str_pickle_to_object&gt;$]&apos;]&apos; -&gt; [float64]]]
(B)                                                                                                                 |--txt-bool-False=0.0.txt -&gt; float ------- using [Try &apos;$&lt;read_str_from_txt&gt; =&gt; &lt;str_to_float&gt;$&apos; then &apos;$&lt;read_str_from_txt&gt; =&gt; &lt;base64_ascii_str_pickle_to_object&gt; -&gt; &lt;bool_to_float&gt;$&apos; then &apos;$&lt;read_str_from_txt&gt; =&gt; &lt;base64_ascii_str_pickle_to_object&gt; -&gt; &lt;int_to_float&gt;$&apos; then &apos;$&lt;read_str_from_txt&gt; =&gt; &lt;base64_ascii_str_pickle_to_object&gt; -&gt; &lt;str_to_float&gt;$&apos; then &apos;$&lt;read_str_from_txt&gt; =&gt; &lt;base64_ascii_str_pickle_to_object&gt;$]&apos;]
(B)                                                                                                                 |--txt-bool-False=0.0.txt -&gt; float ------- using $&lt;read_str_from_txt&gt; =&gt; &lt;str_to_float&gt;$
Parsing Plan created successfully

Executing Parsing Plan for [/home/travis/build/smarie/python-parsyfiles/parsyfiles/tests/parsing_capabilities_by_type/primitives_data/float/ok/txt-bool-False=0.0]
(P) /home/travis/build/smarie/python-parsyfiles/parsyfiles/tests/parsing_capabilities_by_type/primitives_data/float/ok/txt-bool-False=0.0.txt -&gt; float ------- using $&lt;read_str_from_txt&gt; =&gt; &lt;str_to_float&gt;$
(P)                                                                                                                 |--txt-bool-False=0.0.txt -&gt; float SUCCESS !
Completed parsing successfully

0.0==0.0
</system-out></testcase><testcase classname="parsyfiles.tests.parsing_capabilities_by_type.test_parse_primitives" file="parsyfiles/tests/parsing_capabilities_by_type/test_parse_primitives.py" line="179" name="test_parse_by_type[float-ok-b64pickle-float-10.1=10.1.txt]" time="0.04448699951171875"><system-out>**** Starting to parse single object of type &lt;float&gt; at location /home/travis/build/smarie/python-parsyfiles/parsyfiles/tests/parsing_capabilities_by_type/primitives_data/float/ok/b64pickle-float-10.1=10.1 ****
Checking all files under [/home/travis/build/smarie/python-parsyfiles/parsyfiles/tests/parsing_capabilities_by_type/primitives_data/float/ok/b64pickle-float-10.1=10.1]
(C) /home/travis/build/smarie/python-parsyfiles/parsyfiles/tests/parsing_capabilities_by_type/primitives_data/float/ok/b64pickle-float-10.1=10.1 (singlefile, .txt)
File checks done

Building a parsing plan to parse [/home/travis/build/smarie/python-parsyfiles/parsyfiles/tests/parsing_capabilities_by_type/primitives_data/float/ok/b64pickle-float-10.1=10.1] into a float
(B) /home/travis/build/smarie/python-parsyfiles/parsyfiles/tests/parsing_capabilities_by_type/primitives_data/float/ok/b64pickle-float-10.1=10.1.txt -&gt; float ------- using [Try &apos;[Try &apos;$&lt;read_str_from_txt&gt; =&gt; &lt;str_to_float&gt;$&apos; then &apos;$&lt;read_str_from_txt&gt; =&gt; &lt;base64_ascii_str_pickle_to_object&gt; -&gt; &lt;bool_to_float&gt;$&apos; then &apos;$&lt;read_str_from_txt&gt; =&gt; &lt;base64_ascii_str_pickle_to_object&gt; -&gt; &lt;int_to_float&gt;$&apos; then &apos;$&lt;read_str_from_txt&gt; =&gt; &lt;base64_ascii_str_pickle_to_object&gt; -&gt; &lt;str_to_float&gt;$&apos; then &apos;$&lt;read_str_from_txt&gt; =&gt; &lt;base64_ascii_str_pickle_to_object&gt;$]&apos;]&apos; -&gt; [float] then &apos;[Try &apos;$&lt;read_str_from_txt&gt; =&gt; &lt;constructor_with_str_arg&gt;$&apos; then &apos;$&lt;read_str_from_txt&gt; =&gt; &lt;base64_ascii_str_pickle_to_object&gt;$]&apos;]&apos; -&gt; [float64]]]
(B)                                                                                                                 |--b64pickle-float-10.1=10.1.txt -&gt; float ------- using [Try &apos;$&lt;read_str_from_txt&gt; =&gt; &lt;str_to_float&gt;$&apos; then &apos;$&lt;read_str_from_txt&gt; =&gt; &lt;base64_ascii_str_pickle_to_object&gt; -&gt; &lt;bool_to_float&gt;$&apos; then &apos;$&lt;read_str_from_txt&gt; =&gt; &lt;base64_ascii_str_pickle_to_object&gt; -&gt; &lt;int_to_float&gt;$&apos; then &apos;$&lt;read_str_from_txt&gt; =&gt; &lt;base64_ascii_str_pickle_to_object&gt; -&gt; &lt;str_to_float&gt;$&apos; then &apos;$&lt;read_str_from_txt&gt; =&gt; &lt;base64_ascii_str_pickle_to_object&gt;$]&apos;]
(B)                                                                                                                 |--b64pickle-float-10.1=10.1.txt -&gt; float ------- using $&lt;read_str_from_txt&gt; =&gt; &lt;str_to_float&gt;$
Parsing Plan created successfully

Executing Parsing Plan for [/home/travis/build/smarie/python-parsyfiles/parsyfiles/tests/parsing_capabilities_by_type/primitives_data/float/ok/b64pickle-float-10.1=10.1]
(P) /home/travis/build/smarie/python-parsyfiles/parsyfiles/tests/parsing_capabilities_by_type/primitives_data/float/ok/b64pickle-float-10.1=10.1.txt -&gt; float ------- using $&lt;read_str_from_txt&gt; =&gt; &lt;str_to_float&gt;$
  !! Caught error during execution !!
  File &quot;/home/travis/build/smarie/python-parsyfiles/parsyfiles/plugins_base/support_for_primitive_types.py&quot;, line 61, in primitive_to_float
    source = literal_eval(source)
  File &quot;/opt/python/3.5.5/lib/python3.5/ast.py&quot;, line 84, in literal_eval
    return _convert(node_or_string)
  File &quot;/opt/python/3.5.5/lib/python3.5/ast.py&quot;, line 83, in _convert
    raise ValueError(&apos;malformed node or string: &apos; + repr(node))
  ValueError : malformed node or string: &lt;_ast.Name object at 0x7f33d3dd9f98&gt;
(B)                                                                                                                 |--b64pickle-float-10.1=10.1.txt -&gt; float ------- using $&lt;read_str_from_txt&gt; =&gt; &lt;base64_ascii_str_pickle_to_object&gt; -&gt; &lt;bool_to_float&gt;$
Executing Parsing Plan for [/home/travis/build/smarie/python-parsyfiles/parsyfiles/tests/parsing_capabilities_by_type/primitives_data/float/ok/b64pickle-float-10.1=10.1]
(P) /home/travis/build/smarie/python-parsyfiles/parsyfiles/tests/parsing_capabilities_by_type/primitives_data/float/ok/b64pickle-float-10.1=10.1.txt -&gt; float ------- using $&lt;read_str_from_txt&gt; =&gt; &lt;base64_ascii_str_pickle_to_object&gt; -&gt; &lt;bool_to_float&gt;$
  !! Caught error during execution !!
  File &quot;/home/travis/build/smarie/python-parsyfiles/parsyfiles/converting_core.py&quot;, line 319, in convert
    return self._convert(desired_type, source_obj, logger, options)
  File &quot;/home/travis/build/smarie/python-parsyfiles/parsyfiles/converting_core.py&quot;, line 770, in _convert
    return self._converters_list[-1].convert(desired_type, obj, logger, options)
  File &quot;/home/travis/build/smarie/python-parsyfiles/parsyfiles/converting_core.py&quot;, line 321, in convert
    raise ConversionException.create_not_able_to_convert(source_obj, self, desired_type)
  ConversionException : Converter &lt;bool_to_float&gt; is not able to ingest source value &apos;10.1&apos; of type &apos;float&apos; and/or convert it to type &apos;float&apos;. This can happen in a chain when the previous step in the chain is generic and actually produced  an output of the wrong type/content
(B)                                                                                                                 |--b64pickle-float-10.1=10.1.txt -&gt; float ------- using $&lt;read_str_from_txt&gt; =&gt; &lt;base64_ascii_str_pickle_to_object&gt; -&gt; &lt;int_to_float&gt;$
Executing Parsing Plan for [/home/travis/build/smarie/python-parsyfiles/parsyfiles/tests/parsing_capabilities_by_type/primitives_data/float/ok/b64pickle-float-10.1=10.1]
(P) /home/travis/build/smarie/python-parsyfiles/parsyfiles/tests/parsing_capabilities_by_type/primitives_data/float/ok/b64pickle-float-10.1=10.1.txt -&gt; float ------- using $&lt;read_str_from_txt&gt; =&gt; &lt;base64_ascii_str_pickle_to_object&gt; -&gt; &lt;int_to_float&gt;$
  !! Caught error during execution !!
  File &quot;/home/travis/build/smarie/python-parsyfiles/parsyfiles/converting_core.py&quot;, line 319, in convert
    return self._convert(desired_type, source_obj, logger, options)
  File &quot;/home/travis/build/smarie/python-parsyfiles/parsyfiles/converting_core.py&quot;, line 770, in _convert
    return self._converters_list[-1].convert(desired_type, obj, logger, options)
  File &quot;/home/travis/build/smarie/python-parsyfiles/parsyfiles/converting_core.py&quot;, line 321, in convert
    raise ConversionException.create_not_able_to_convert(source_obj, self, desired_type)
  ConversionException : Converter &lt;int_to_float&gt; is not able to ingest source value &apos;10.1&apos; of type &apos;float&apos; and/or convert it to type &apos;float&apos;. This can happen in a chain when the previous step in the chain is generic and actually produced  an output of the wrong type/content
(B)                                                                                                                 |--b64pickle-float-10.1=10.1.txt -&gt; float ------- using $&lt;read_str_from_txt&gt; =&gt; &lt;base64_ascii_str_pickle_to_object&gt; -&gt; &lt;str_to_float&gt;$
Executing Parsing Plan for [/home/travis/build/smarie/python-parsyfiles/parsyfiles/tests/parsing_capabilities_by_type/primitives_data/float/ok/b64pickle-float-10.1=10.1]
(P) /home/travis/build/smarie/python-parsyfiles/parsyfiles/tests/parsing_capabilities_by_type/primitives_data/float/ok/b64pickle-float-10.1=10.1.txt -&gt; float ------- using $&lt;read_str_from_txt&gt; =&gt; &lt;base64_ascii_str_pickle_to_object&gt; -&gt; &lt;str_to_float&gt;$
  !! Caught error during execution !!
  File &quot;/home/travis/build/smarie/python-parsyfiles/parsyfiles/converting_core.py&quot;, line 319, in convert
    return self._convert(desired_type, source_obj, logger, options)
  File &quot;/home/travis/build/smarie/python-parsyfiles/parsyfiles/converting_core.py&quot;, line 770, in _convert
    return self._converters_list[-1].convert(desired_type, obj, logger, options)
  File &quot;/home/travis/build/smarie/python-parsyfiles/parsyfiles/converting_core.py&quot;, line 321, in convert
    raise ConversionException.create_not_able_to_convert(source_obj, self, desired_type)
  ConversionException : Converter &lt;str_to_float&gt; is not able to ingest source value &apos;10.1&apos; of type &apos;float&apos; and/or convert it to type &apos;float&apos;. This can happen in a chain when the previous step in the chain is generic and actually produced  an output of the wrong type/content
(B)                                                                                                                 |--b64pickle-float-10.1=10.1.txt -&gt; float ------- using $&lt;read_str_from_txt&gt; =&gt; &lt;base64_ascii_str_pickle_to_object&gt;$
Executing Parsing Plan for [/home/travis/build/smarie/python-parsyfiles/parsyfiles/tests/parsing_capabilities_by_type/primitives_data/float/ok/b64pickle-float-10.1=10.1]
(P) /home/travis/build/smarie/python-parsyfiles/parsyfiles/tests/parsing_capabilities_by_type/primitives_data/float/ok/b64pickle-float-10.1=10.1.txt -&gt; float ------- using $&lt;read_str_from_txt&gt; =&gt; &lt;base64_ascii_str_pickle_to_object&gt;$
(P)                                                                                                                 |--b64pickle-float-10.1=10.1.txt -&gt; float SUCCESS !
Completed parsing successfully

10.1==10.1
</system-out></testcase><testcase classname="parsyfiles.tests.parsing_capabilities_by_type.test_parse_primitives" file="parsyfiles/tests/parsing_capabilities_by_type/test_parse_primitives.py" line="179" name="test_parse_by_type[float-err-pickle-str-.pyc]" time="0.04557633399963379"><system-out>**** Starting to parse single object of type &lt;float&gt; at location /home/travis/build/smarie/python-parsyfiles/parsyfiles/tests/parsing_capabilities_by_type/primitives_data/float/err/pickle-str- ****
Checking all files under [/home/travis/build/smarie/python-parsyfiles/parsyfiles/tests/parsing_capabilities_by_type/primitives_data/float/err/pickle-str-]
(C) /home/travis/build/smarie/python-parsyfiles/parsyfiles/tests/parsing_capabilities_by_type/primitives_data/float/err/pickle-str- (singlefile, .pyc)
File checks done

Building a parsing plan to parse [/home/travis/build/smarie/python-parsyfiles/parsyfiles/tests/parsing_capabilities_by_type/primitives_data/float/err/pickle-str-] into a float
(B) /home/travis/build/smarie/python-parsyfiles/parsyfiles/tests/parsing_capabilities_by_type/primitives_data/float/err/pickle-str-.pyc -&gt; float ------- using [Try &apos;[Try &apos;$&lt;read_object_from_pickle&gt; =&gt; &lt;bool_to_float&gt;$&apos; then &apos;$&lt;read_object_from_pickle&gt; =&gt; &lt;int_to_float&gt;$&apos; then &apos;$&lt;read_object_from_pickle&gt; =&gt; &lt;str_to_float&gt;$&apos; then &apos;&lt;read_object_from_pickle&gt;]&apos;]&apos; -&gt; [float] then &apos;&lt;read_object_from_pickle&gt;&apos; -&gt; [float64]]]
(B)                                                                                                                  |--pickle-str-.pyc -&gt; float ------- using [Try &apos;$&lt;read_object_from_pickle&gt; =&gt; &lt;bool_to_float&gt;$&apos; then &apos;$&lt;read_object_from_pickle&gt; =&gt; &lt;int_to_float&gt;$&apos; then &apos;$&lt;read_object_from_pickle&gt; =&gt; &lt;str_to_float&gt;$&apos; then &apos;&lt;read_object_from_pickle&gt;]&apos;]
(B)                                                                                                                  |--pickle-str-.pyc -&gt; float ------- using $&lt;read_object_from_pickle&gt; =&gt; &lt;bool_to_float&gt;$
Parsing Plan created successfully

Executing Parsing Plan for [/home/travis/build/smarie/python-parsyfiles/parsyfiles/tests/parsing_capabilities_by_type/primitives_data/float/err/pickle-str-]
(P) /home/travis/build/smarie/python-parsyfiles/parsyfiles/tests/parsing_capabilities_by_type/primitives_data/float/err/pickle-str-.pyc -&gt; float ------- using $&lt;read_object_from_pickle&gt; =&gt; &lt;bool_to_float&gt;$
  !! Caught error during execution !!
  File &quot;/home/travis/build/smarie/python-parsyfiles/parsyfiles/parsing_core.py&quot;, line 177, in _execute
    self.get_singlefile_encoding(), logger, options)
  File &quot;/home/travis/build/smarie/python-parsyfiles/parsyfiles/parsing_combining_parsers.py&quot;, line 598, in _parse_singlefile
    return self._converter.convert(desired_type, first, logger, options)
  File &quot;/home/travis/build/smarie/python-parsyfiles/parsyfiles/converting_core.py&quot;, line 321, in convert
    raise ConversionException.create_not_able_to_convert(source_obj, self, desired_type)
  ConversionException : Converter $&lt;bool_to_float&gt;$ is not able to ingest source value &apos;&apos; of type &apos;str&apos; and/or convert it to type &apos;float&apos;. This can happen in a chain when the previous step in the chain is generic and actually produced  an output of the wrong type/content
(B)                                                                                                                  |--pickle-str-.pyc -&gt; float ------- using $&lt;read_object_from_pickle&gt; =&gt; &lt;int_to_float&gt;$
Executing Parsing Plan for [/home/travis/build/smarie/python-parsyfiles/parsyfiles/tests/parsing_capabilities_by_type/primitives_data/float/err/pickle-str-]
(P) /home/travis/build/smarie/python-parsyfiles/parsyfiles/tests/parsing_capabilities_by_type/primitives_data/float/err/pickle-str-.pyc -&gt; float ------- using $&lt;read_object_from_pickle&gt; =&gt; &lt;int_to_float&gt;$
  !! Caught error during execution !!
  File &quot;/home/travis/build/smarie/python-parsyfiles/parsyfiles/parsing_core.py&quot;, line 177, in _execute
    self.get_singlefile_encoding(), logger, options)
  File &quot;/home/travis/build/smarie/python-parsyfiles/parsyfiles/parsing_combining_parsers.py&quot;, line 598, in _parse_singlefile
    return self._converter.convert(desired_type, first, logger, options)
  File &quot;/home/travis/build/smarie/python-parsyfiles/parsyfiles/converting_core.py&quot;, line 321, in convert
    raise ConversionException.create_not_able_to_convert(source_obj, self, desired_type)
  ConversionException : Converter $&lt;int_to_float&gt;$ is not able to ingest source value &apos;&apos; of type &apos;str&apos; and/or convert it to type &apos;float&apos;. This can happen in a chain when the previous step in the chain is generic and actually produced  an output of the wrong type/content
(B)                                                                                                                  |--pickle-str-.pyc -&gt; float ------- using $&lt;read_object_from_pickle&gt; =&gt; &lt;str_to_float&gt;$
Executing Parsing Plan for [/home/travis/build/smarie/python-parsyfiles/parsyfiles/tests/parsing_capabilities_by_type/primitives_data/float/err/pickle-str-]
(P) /home/travis/build/smarie/python-parsyfiles/parsyfiles/tests/parsing_capabilities_by_type/primitives_data/float/err/pickle-str-.pyc -&gt; float ------- using $&lt;read_object_from_pickle&gt; =&gt; &lt;str_to_float&gt;$
  !! Caught error during execution !!
  File &quot;/home/travis/build/smarie/python-parsyfiles/parsyfiles/plugins_base/support_for_primitive_types.py&quot;, line 61, in primitive_to_float
    source = literal_eval(source)
  File &quot;/opt/python/3.5.5/lib/python3.5/ast.py&quot;, line 46, in literal_eval
    node_or_string = parse(node_or_string, mode=&apos;eval&apos;)
  File &quot;/opt/python/3.5.5/lib/python3.5/ast.py&quot;, line 35, in parse
    return compile(source, filename, mode, PyCF_ONLY_AST)
  SyntaxError : unexpected EOF while parsing (&lt;unknown&gt;, line 0)
(B)                                                                                                                  |--pickle-str-.pyc -&gt; float ------- using &lt;read_object_from_pickle&gt;
Executing Parsing Plan for [/home/travis/build/smarie/python-parsyfiles/parsyfiles/tests/parsing_capabilities_by_type/primitives_data/float/err/pickle-str-]
(P) /home/travis/build/smarie/python-parsyfiles/parsyfiles/tests/parsing_capabilities_by_type/primitives_data/float/err/pickle-str-.pyc -&gt; float ------- using &lt;read_object_from_pickle&gt;
                                                                                                                      ! CAUGHT: WrongTypeCreatedError - Error while parsing /home/travis/build/smarie/python-parsyfiles/parsyfiles/tests/parsing_capabilities_by_type/primitives_data/float/err/pickle-str- (singlefile, .pyc) as a float with parser &lt;read_object_from_pickle&gt; using options=({&apos;MultifileCollectionParser&apos;: {&apos;lazy_parsing&apos;: False}}) - parser returned an object of wrong type &lt;class &apos;str&apos;&gt;: 
                                                                                                                      ! CAUGHT: CascadeError - See previous log messages for details
(B)                                                                                                                  |--pickle-str-.pyc -&gt; float64 ------- using &lt;read_object_from_pickle&gt;
Executing Parsing Plan for [/home/travis/build/smarie/python-parsyfiles/parsyfiles/tests/parsing_capabilities_by_type/primitives_data/float/err/pickle-str-]
(P) /home/travis/build/smarie/python-parsyfiles/parsyfiles/tests/parsing_capabilities_by_type/primitives_data/float/err/pickle-str-.pyc -&gt; float64 ------- using &lt;read_object_from_pickle&gt;
                                                                                                                      ! CAUGHT: WrongTypeCreatedError - Error while parsing /home/travis/build/smarie/python-parsyfiles/parsyfiles/tests/parsing_capabilities_by_type/primitives_data/float/err/pickle-str- (singlefile, .pyc) as a float64 with parser &lt;read_object_from_pickle&gt; using options=({&apos;MultifileCollectionParser&apos;: {&apos;lazy_parsing&apos;: False}}) - parser returned an object of wrong type &lt;class &apos;str&apos;&gt;: 
</system-out></testcase><testcase classname="parsyfiles.tests.parsing_capabilities_by_type.test_parse_primitives" file="parsyfiles/tests/parsing_capabilities_by_type/test_parse_primitives.py" line="179" name="test_parse_by_type[float-err-pickle-str-truth.pyc]" time="0.049538373947143555"><system-out>**** Starting to parse single object of type &lt;float&gt; at location /home/travis/build/smarie/python-parsyfiles/parsyfiles/tests/parsing_capabilities_by_type/primitives_data/float/err/pickle-str-truth ****
Checking all files under [/home/travis/build/smarie/python-parsyfiles/parsyfiles/tests/parsing_capabilities_by_type/primitives_data/float/err/pickle-str-truth]
(C) /home/travis/build/smarie/python-parsyfiles/parsyfiles/tests/parsing_capabilities_by_type/primitives_data/float/err/pickle-str-truth (singlefile, .pyc)
File checks done

Building a parsing plan to parse [/home/travis/build/smarie/python-parsyfiles/parsyfiles/tests/parsing_capabilities_by_type/primitives_data/float/err/pickle-str-truth] into a float
(B) /home/travis/build/smarie/python-parsyfiles/parsyfiles/tests/parsing_capabilities_by_type/primitives_data/float/err/pickle-str-truth.pyc -&gt; float ------- using [Try &apos;[Try &apos;$&lt;read_object_from_pickle&gt; =&gt; &lt;bool_to_float&gt;$&apos; then &apos;$&lt;read_object_from_pickle&gt; =&gt; &lt;int_to_float&gt;$&apos; then &apos;$&lt;read_object_from_pickle&gt; =&gt; &lt;str_to_float&gt;$&apos; then &apos;&lt;read_object_from_pickle&gt;]&apos;]&apos; -&gt; [float] then &apos;&lt;read_object_from_pickle&gt;&apos; -&gt; [float64]]]
(B)                                                                                                                  |--pickle-str-truth.pyc -&gt; float ------- using [Try &apos;$&lt;read_object_from_pickle&gt; =&gt; &lt;bool_to_float&gt;$&apos; then &apos;$&lt;read_object_from_pickle&gt; =&gt; &lt;int_to_float&gt;$&apos; then &apos;$&lt;read_object_from_pickle&gt; =&gt; &lt;str_to_float&gt;$&apos; then &apos;&lt;read_object_from_pickle&gt;]&apos;]
(B)                                                                                                                  |--pickle-str-truth.pyc -&gt; float ------- using $&lt;read_object_from_pickle&gt; =&gt; &lt;bool_to_float&gt;$
Parsing Plan created successfully

Executing Parsing Plan for [/home/travis/build/smarie/python-parsyfiles/parsyfiles/tests/parsing_capabilities_by_type/primitives_data/float/err/pickle-str-truth]
(P) /home/travis/build/smarie/python-parsyfiles/parsyfiles/tests/parsing_capabilities_by_type/primitives_data/float/err/pickle-str-truth.pyc -&gt; float ------- using $&lt;read_object_from_pickle&gt; =&gt; &lt;bool_to_float&gt;$
  !! Caught error during execution !!
  File &quot;/home/travis/build/smarie/python-parsyfiles/parsyfiles/parsing_core.py&quot;, line 177, in _execute
    self.get_singlefile_encoding(), logger, options)
  File &quot;/home/travis/build/smarie/python-parsyfiles/parsyfiles/parsing_combining_parsers.py&quot;, line 598, in _parse_singlefile
    return self._converter.convert(desired_type, first, logger, options)
  File &quot;/home/travis/build/smarie/python-parsyfiles/parsyfiles/converting_core.py&quot;, line 321, in convert
    raise ConversionException.create_not_able_to_convert(source_obj, self, desired_type)
  ConversionException : Converter $&lt;bool_to_float&gt;$ is not able to ingest source value &apos;truth&apos; of type &apos;str&apos; and/or convert it to type &apos;float&apos;. This can happen in a chain when the previous step in the chain is generic and actually produced  an output of the wrong type/content
(B)                                                                                                                  |--pickle-str-truth.pyc -&gt; float ------- using $&lt;read_object_from_pickle&gt; =&gt; &lt;int_to_float&gt;$
Executing Parsing Plan for [/home/travis/build/smarie/python-parsyfiles/parsyfiles/tests/parsing_capabilities_by_type/primitives_data/float/err/pickle-str-truth]
(P) /home/travis/build/smarie/python-parsyfiles/parsyfiles/tests/parsing_capabilities_by_type/primitives_data/float/err/pickle-str-truth.pyc -&gt; float ------- using $&lt;read_object_from_pickle&gt; =&gt; &lt;int_to_float&gt;$
  !! Caught error during execution !!
  File &quot;/home/travis/build/smarie/python-parsyfiles/parsyfiles/parsing_core.py&quot;, line 177, in _execute
    self.get_singlefile_encoding(), logger, options)
  File &quot;/home/travis/build/smarie/python-parsyfiles/parsyfiles/parsing_combining_parsers.py&quot;, line 598, in _parse_singlefile
    return self._converter.convert(desired_type, first, logger, options)
  File &quot;/home/travis/build/smarie/python-parsyfiles/parsyfiles/converting_core.py&quot;, line 321, in convert
    raise ConversionException.create_not_able_to_convert(source_obj, self, desired_type)
  ConversionException : Converter $&lt;int_to_float&gt;$ is not able to ingest source value &apos;truth&apos; of type &apos;str&apos; and/or convert it to type &apos;float&apos;. This can happen in a chain when the previous step in the chain is generic and actually produced  an output of the wrong type/content
(B)                                                                                                                  |--pickle-str-truth.pyc -&gt; float ------- using $&lt;read_object_from_pickle&gt; =&gt; &lt;str_to_float&gt;$
Executing Parsing Plan for [/home/travis/build/smarie/python-parsyfiles/parsyfiles/tests/parsing_capabilities_by_type/primitives_data/float/err/pickle-str-truth]
(P) /home/travis/build/smarie/python-parsyfiles/parsyfiles/tests/parsing_capabilities_by_type/primitives_data/float/err/pickle-str-truth.pyc -&gt; float ------- using $&lt;read_object_from_pickle&gt; =&gt; &lt;str_to_float&gt;$
  !! Caught error during execution !!
  File &quot;/home/travis/build/smarie/python-parsyfiles/parsyfiles/plugins_base/support_for_primitive_types.py&quot;, line 61, in primitive_to_float
    source = literal_eval(source)
  File &quot;/opt/python/3.5.5/lib/python3.5/ast.py&quot;, line 84, in literal_eval
    return _convert(node_or_string)
  File &quot;/opt/python/3.5.5/lib/python3.5/ast.py&quot;, line 83, in _convert
    raise ValueError(&apos;malformed node or string: &apos; + repr(node))
  ValueError : malformed node or string: &lt;_ast.Name object at 0x7f33d3dd9be0&gt;
(B)                                                                                                                  |--pickle-str-truth.pyc -&gt; float ------- using &lt;read_object_from_pickle&gt;
Executing Parsing Plan for [/home/travis/build/smarie/python-parsyfiles/parsyfiles/tests/parsing_capabilities_by_type/primitives_data/float/err/pickle-str-truth]
(P) /home/travis/build/smarie/python-parsyfiles/parsyfiles/tests/parsing_capabilities_by_type/primitives_data/float/err/pickle-str-truth.pyc -&gt; float ------- using &lt;read_object_from_pickle&gt;
                                                                                                                      ! CAUGHT: WrongTypeCreatedError - Error while parsing /home/travis/build/smarie/python-parsyfiles/parsyfiles/tests/parsing_capabilities_by_type/primitives_data/float/err/pickle-str-truth (singlefile, .pyc) as a float with parser &lt;read_object_from_pickle&gt; using options=({&apos;MultifileCollectionParser&apos;: {&apos;lazy_parsing&apos;: False}}) - parser returned an object of wrong type &lt;class &apos;str&apos;&gt;: truth
                                                                                                                      ! CAUGHT: CascadeError - See previous log messages for details
(B)                                                                                                                  |--pickle-str-truth.pyc -&gt; float64 ------- using &lt;read_object_from_pickle&gt;
Executing Parsing Plan for [/home/travis/build/smarie/python-parsyfiles/parsyfiles/tests/parsing_capabilities_by_type/primitives_data/float/err/pickle-str-truth]
(P) /home/travis/build/smarie/python-parsyfiles/parsyfiles/tests/parsing_capabilities_by_type/primitives_data/float/err/pickle-str-truth.pyc -&gt; float64 ------- using &lt;read_object_from_pickle&gt;
                                                                                                                      ! CAUGHT: WrongTypeCreatedError - Error while parsing /home/travis/build/smarie/python-parsyfiles/parsyfiles/tests/parsing_capabilities_by_type/primitives_data/float/err/pickle-str-truth (singlefile, .pyc) as a float64 with parser &lt;read_object_from_pickle&gt; using options=({&apos;MultifileCollectionParser&apos;: {&apos;lazy_parsing&apos;: False}}) - parser returned an object of wrong type &lt;class &apos;str&apos;&gt;: truth
</system-out></testcase><testcase classname="parsyfiles.tests.parsing_capabilities_by_type.test_parse_primitives" file="parsyfiles/tests/parsing_capabilities_by_type/test_parse_primitives.py" line="179" name="test_parse_by_type[float-err-txt-str-.txt]" time="0.04781675338745117"><system-out>**** Starting to parse single object of type &lt;float&gt; at location /home/travis/build/smarie/python-parsyfiles/parsyfiles/tests/parsing_capabilities_by_type/primitives_data/float/err/txt-str- ****
Checking all files under [/home/travis/build/smarie/python-parsyfiles/parsyfiles/tests/parsing_capabilities_by_type/primitives_data/float/err/txt-str-]
(C) /home/travis/build/smarie/python-parsyfiles/parsyfiles/tests/parsing_capabilities_by_type/primitives_data/float/err/txt-str- (singlefile, .txt)
File checks done

Building a parsing plan to parse [/home/travis/build/smarie/python-parsyfiles/parsyfiles/tests/parsing_capabilities_by_type/primitives_data/float/err/txt-str-] into a float
(B) /home/travis/build/smarie/python-parsyfiles/parsyfiles/tests/parsing_capabilities_by_type/primitives_data/float/err/txt-str-.txt -&gt; float ------- using [Try &apos;[Try &apos;$&lt;read_str_from_txt&gt; =&gt; &lt;str_to_float&gt;$&apos; then &apos;$&lt;read_str_from_txt&gt; =&gt; &lt;base64_ascii_str_pickle_to_object&gt; -&gt; &lt;bool_to_float&gt;$&apos; then &apos;$&lt;read_str_from_txt&gt; =&gt; &lt;base64_ascii_str_pickle_to_object&gt; -&gt; &lt;int_to_float&gt;$&apos; then &apos;$&lt;read_str_from_txt&gt; =&gt; &lt;base64_ascii_str_pickle_to_object&gt; -&gt; &lt;str_to_float&gt;$&apos; then &apos;$&lt;read_str_from_txt&gt; =&gt; &lt;base64_ascii_str_pickle_to_object&gt;$]&apos;]&apos; -&gt; [float] then &apos;[Try &apos;$&lt;read_str_from_txt&gt; =&gt; &lt;constructor_with_str_arg&gt;$&apos; then &apos;$&lt;read_str_from_txt&gt; =&gt; &lt;base64_ascii_str_pickle_to_object&gt;$]&apos;]&apos; -&gt; [float64]]]
(B)                                                                                                                  |--txt-str-.txt -&gt; float ------- using [Try &apos;$&lt;read_str_from_txt&gt; =&gt; &lt;str_to_float&gt;$&apos; then &apos;$&lt;read_str_from_txt&gt; =&gt; &lt;base64_ascii_str_pickle_to_object&gt; -&gt; &lt;bool_to_float&gt;$&apos; then &apos;$&lt;read_str_from_txt&gt; =&gt; &lt;base64_ascii_str_pickle_to_object&gt; -&gt; &lt;int_to_float&gt;$&apos; then &apos;$&lt;read_str_from_txt&gt; =&gt; &lt;base64_ascii_str_pickle_to_object&gt; -&gt; &lt;str_to_float&gt;$&apos; then &apos;$&lt;read_str_from_txt&gt; =&gt; &lt;base64_ascii_str_pickle_to_object&gt;$]&apos;]
(B)                                                                                                                  |--txt-str-.txt -&gt; float ------- using $&lt;read_str_from_txt&gt; =&gt; &lt;str_to_float&gt;$
Parsing Plan created successfully

Executing Parsing Plan for [/home/travis/build/smarie/python-parsyfiles/parsyfiles/tests/parsing_capabilities_by_type/primitives_data/float/err/txt-str-]
(P) /home/travis/build/smarie/python-parsyfiles/parsyfiles/tests/parsing_capabilities_by_type/primitives_data/float/err/txt-str-.txt -&gt; float ------- using $&lt;read_str_from_txt&gt; =&gt; &lt;str_to_float&gt;$
  !! Caught error during execution !!
  File &quot;/home/travis/build/smarie/python-parsyfiles/parsyfiles/plugins_base/support_for_primitive_types.py&quot;, line 61, in primitive_to_float
    source = literal_eval(source)
  File &quot;/opt/python/3.5.5/lib/python3.5/ast.py&quot;, line 46, in literal_eval
    node_or_string = parse(node_or_string, mode=&apos;eval&apos;)
  File &quot;/opt/python/3.5.5/lib/python3.5/ast.py&quot;, line 35, in parse
    return compile(source, filename, mode, PyCF_ONLY_AST)
  SyntaxError : unexpected EOF while parsing (&lt;unknown&gt;, line 0)
(B)                                                                                                                  |--txt-str-.txt -&gt; float ------- using $&lt;read_str_from_txt&gt; =&gt; &lt;base64_ascii_str_pickle_to_object&gt; -&gt; &lt;bool_to_float&gt;$
Executing Parsing Plan for [/home/travis/build/smarie/python-parsyfiles/parsyfiles/tests/parsing_capabilities_by_type/primitives_data/float/err/txt-str-]
(P) /home/travis/build/smarie/python-parsyfiles/parsyfiles/tests/parsing_capabilities_by_type/primitives_data/float/err/txt-str-.txt -&gt; float ------- using $&lt;read_str_from_txt&gt; =&gt; &lt;base64_ascii_str_pickle_to_object&gt; -&gt; &lt;bool_to_float&gt;$
  !! Caught error during execution !!
  File &quot;/home/travis/build/smarie/python-parsyfiles/parsyfiles/converting_core.py&quot;, line 319, in convert
    return self._convert(desired_type, source_obj, logger, options)
  File &quot;/home/travis/build/smarie/python-parsyfiles/parsyfiles/converting_core.py&quot;, line 524, in _convert
    return self.conversion_method(desired_type, source_obj, logger, **opts)
  File &quot;/home/travis/build/smarie/python-parsyfiles/parsyfiles/plugins_base/support_for_objects.py&quot;, line 56, in base64_ascii_str_pickle_to_object
    return pickle.loads(base64.b64decode(b64_ascii_str), fix_imports=True, encoding=&quot;ASCII&quot;, errors=&quot;strict&quot;)
  EOFError : Ran out of input
(B)                                                                                                                  |--txt-str-.txt -&gt; float ------- using $&lt;read_str_from_txt&gt; =&gt; &lt;base64_ascii_str_pickle_to_object&gt; -&gt; &lt;int_to_float&gt;$
Executing Parsing Plan for [/home/travis/build/smarie/python-parsyfiles/parsyfiles/tests/parsing_capabilities_by_type/primitives_data/float/err/txt-str-]
(P) /home/travis/build/smarie/python-parsyfiles/parsyfiles/tests/parsing_capabilities_by_type/primitives_data/float/err/txt-str-.txt -&gt; float ------- using $&lt;read_str_from_txt&gt; =&gt; &lt;base64_ascii_str_pickle_to_object&gt; -&gt; &lt;int_to_float&gt;$
  !! Caught error during execution !!
  File &quot;/home/travis/build/smarie/python-parsyfiles/parsyfiles/converting_core.py&quot;, line 319, in convert
    return self._convert(desired_type, source_obj, logger, options)
  File &quot;/home/travis/build/smarie/python-parsyfiles/parsyfiles/converting_core.py&quot;, line 524, in _convert
    return self.conversion_method(desired_type, source_obj, logger, **opts)
  File &quot;/home/travis/build/smarie/python-parsyfiles/parsyfiles/plugins_base/support_for_objects.py&quot;, line 56, in base64_ascii_str_pickle_to_object
    return pickle.loads(base64.b64decode(b64_ascii_str), fix_imports=True, encoding=&quot;ASCII&quot;, errors=&quot;strict&quot;)
  EOFError : Ran out of input
(B)                                                                                                                  |--txt-str-.txt -&gt; float ------- using $&lt;read_str_from_txt&gt; =&gt; &lt;base64_ascii_str_pickle_to_object&gt; -&gt; &lt;str_to_float&gt;$
Executing Parsing Plan for [/home/travis/build/smarie/python-parsyfiles/parsyfiles/tests/parsing_capabilities_by_type/primitives_data/float/err/txt-str-]
(P) /home/travis/build/smarie/python-parsyfiles/parsyfiles/tests/parsing_capabilities_by_type/primitives_data/float/err/txt-str-.txt -&gt; float ------- using $&lt;read_str_from_txt&gt; =&gt; &lt;base64_ascii_str_pickle_to_object&gt; -&gt; &lt;str_to_float&gt;$
  !! Caught error during execution !!
  File &quot;/home/travis/build/smarie/python-parsyfiles/parsyfiles/converting_core.py&quot;, line 319, in convert
    return self._convert(desired_type, source_obj, logger, options)
  File &quot;/home/travis/build/smarie/python-parsyfiles/parsyfiles/converting_core.py&quot;, line 524, in _convert
    return self.conversion_method(desired_type, source_obj, logger, **opts)
  File &quot;/home/travis/build/smarie/python-parsyfiles/parsyfiles/plugins_base/support_for_objects.py&quot;, line 56, in base64_ascii_str_pickle_to_object
    return pickle.loads(base64.b64decode(b64_ascii_str), fix_imports=True, encoding=&quot;ASCII&quot;, errors=&quot;strict&quot;)
  EOFError : Ran out of input
(B)                                                                                                                  |--txt-str-.txt -&gt; float ------- using $&lt;read_str_from_txt&gt; =&gt; &lt;base64_ascii_str_pickle_to_object&gt;$
Executing Parsing Plan for [/home/travis/build/smarie/python-parsyfiles/parsyfiles/tests/parsing_capabilities_by_type/primitives_data/float/err/txt-str-]
(P) /home/travis/build/smarie/python-parsyfiles/parsyfiles/tests/parsing_capabilities_by_type/primitives_data/float/err/txt-str-.txt -&gt; float ------- using $&lt;read_str_from_txt&gt; =&gt; &lt;base64_ascii_str_pickle_to_object&gt;$
  !! Caught error during execution !!
  File &quot;/home/travis/build/smarie/python-parsyfiles/parsyfiles/converting_core.py&quot;, line 319, in convert
    return self._convert(desired_type, source_obj, logger, options)
  File &quot;/home/travis/build/smarie/python-parsyfiles/parsyfiles/converting_core.py&quot;, line 524, in _convert
    return self.conversion_method(desired_type, source_obj, logger, **opts)
  File &quot;/home/travis/build/smarie/python-parsyfiles/parsyfiles/plugins_base/support_for_objects.py&quot;, line 56, in base64_ascii_str_pickle_to_object
    return pickle.loads(base64.b64decode(b64_ascii_str), fix_imports=True, encoding=&quot;ASCII&quot;, errors=&quot;strict&quot;)
  EOFError : Ran out of input
                                                                                                                      ! CAUGHT: CascadeError - See previous log messages for details
(B)                                                                                                                  |--txt-str-.txt -&gt; float64 ------- using [Try &apos;$&lt;read_str_from_txt&gt; =&gt; &lt;constructor_with_str_arg&gt;$&apos; then &apos;$&lt;read_str_from_txt&gt; =&gt; &lt;base64_ascii_str_pickle_to_object&gt;$]&apos;]
(B)                                                                                                                  |--txt-str-.txt -&gt; float64 ------- using $&lt;read_str_from_txt&gt; =&gt; &lt;constructor_with_str_arg&gt;$
Executing Parsing Plan for [/home/travis/build/smarie/python-parsyfiles/parsyfiles/tests/parsing_capabilities_by_type/primitives_data/float/err/txt-str-]
(P) /home/travis/build/smarie/python-parsyfiles/parsyfiles/tests/parsing_capabilities_by_type/primitives_data/float/err/txt-str-.txt -&gt; float64 ------- using $&lt;read_str_from_txt&gt; =&gt; &lt;constructor_with_str_arg&gt;$
  !! Caught error during execution !!
  File &quot;/home/travis/build/smarie/python-parsyfiles/parsyfiles/converting_core.py&quot;, line 319, in convert
    return self._convert(desired_type, source_obj, logger, options)
  File &quot;/home/travis/build/smarie/python-parsyfiles/parsyfiles/converting_core.py&quot;, line 524, in _convert
    return self.conversion_method(desired_type, source_obj, logger, **opts)
  File &quot;/home/travis/build/smarie/python-parsyfiles/parsyfiles/plugins_base/support_for_primitive_types.py&quot;, line 111, in constructor_with_str_arg
    return desired_type(source)
  ValueError : could not convert string to float: 
(B)                                                                                                                  |--txt-str-.txt -&gt; float64 ------- using $&lt;read_str_from_txt&gt; =&gt; &lt;base64_ascii_str_pickle_to_object&gt;$
Executing Parsing Plan for [/home/travis/build/smarie/python-parsyfiles/parsyfiles/tests/parsing_capabilities_by_type/primitives_data/float/err/txt-str-]
(P) /home/travis/build/smarie/python-parsyfiles/parsyfiles/tests/parsing_capabilities_by_type/primitives_data/float/err/txt-str-.txt -&gt; float64 ------- using $&lt;read_str_from_txt&gt; =&gt; &lt;base64_ascii_str_pickle_to_object&gt;$
  !! Caught error during execution !!
  File &quot;/home/travis/build/smarie/python-parsyfiles/parsyfiles/converting_core.py&quot;, line 319, in convert
    return self._convert(desired_type, source_obj, logger, options)
  File &quot;/home/travis/build/smarie/python-parsyfiles/parsyfiles/converting_core.py&quot;, line 524, in _convert
    return self.conversion_method(desired_type, source_obj, logger, **opts)
  File &quot;/home/travis/build/smarie/python-parsyfiles/parsyfiles/plugins_base/support_for_objects.py&quot;, line 56, in base64_ascii_str_pickle_to_object
    return pickle.loads(base64.b64decode(b64_ascii_str), fix_imports=True, encoding=&quot;ASCII&quot;, errors=&quot;strict&quot;)
  EOFError : Ran out of input
                                                                                                                      ! CAUGHT: CascadeError - See previous log messages for details
</system-out></testcase><testcase classname="parsyfiles.tests.parsing_capabilities_by_type.test_parse_primitives" file="parsyfiles/tests/parsing_capabilities_by_type/test_parse_primitives.py" line="179" name="test_parse_by_type[float-err-b64pickle-str-.txt]" time="0.05157899856567383"><system-out>**** Starting to parse single object of type &lt;float&gt; at location /home/travis/build/smarie/python-parsyfiles/parsyfiles/tests/parsing_capabilities_by_type/primitives_data/float/err/b64pickle-str- ****
Checking all files under [/home/travis/build/smarie/python-parsyfiles/parsyfiles/tests/parsing_capabilities_by_type/primitives_data/float/err/b64pickle-str-]
(C) /home/travis/build/smarie/python-parsyfiles/parsyfiles/tests/parsing_capabilities_by_type/primitives_data/float/err/b64pickle-str- (singlefile, .txt)
File checks done

Building a parsing plan to parse [/home/travis/build/smarie/python-parsyfiles/parsyfiles/tests/parsing_capabilities_by_type/primitives_data/float/err/b64pickle-str-] into a float
(B) /home/travis/build/smarie/python-parsyfiles/parsyfiles/tests/parsing_capabilities_by_type/primitives_data/float/err/b64pickle-str-.txt -&gt; float ------- using [Try &apos;[Try &apos;$&lt;read_str_from_txt&gt; =&gt; &lt;str_to_float&gt;$&apos; then &apos;$&lt;read_str_from_txt&gt; =&gt; &lt;base64_ascii_str_pickle_to_object&gt; -&gt; &lt;bool_to_float&gt;$&apos; then &apos;$&lt;read_str_from_txt&gt; =&gt; &lt;base64_ascii_str_pickle_to_object&gt; -&gt; &lt;int_to_float&gt;$&apos; then &apos;$&lt;read_str_from_txt&gt; =&gt; &lt;base64_ascii_str_pickle_to_object&gt; -&gt; &lt;str_to_float&gt;$&apos; then &apos;$&lt;read_str_from_txt&gt; =&gt; &lt;base64_ascii_str_pickle_to_object&gt;$]&apos;]&apos; -&gt; [float] then &apos;[Try &apos;$&lt;read_str_from_txt&gt; =&gt; &lt;constructor_with_str_arg&gt;$&apos; then &apos;$&lt;read_str_from_txt&gt; =&gt; &lt;base64_ascii_str_pickle_to_object&gt;$]&apos;]&apos; -&gt; [float64]]]
(B)                                                                                                                  |--b64pickle-str-.txt -&gt; float ------- using [Try &apos;$&lt;read_str_from_txt&gt; =&gt; &lt;str_to_float&gt;$&apos; then &apos;$&lt;read_str_from_txt&gt; =&gt; &lt;base64_ascii_str_pickle_to_object&gt; -&gt; &lt;bool_to_float&gt;$&apos; then &apos;$&lt;read_str_from_txt&gt; =&gt; &lt;base64_ascii_str_pickle_to_object&gt; -&gt; &lt;int_to_float&gt;$&apos; then &apos;$&lt;read_str_from_txt&gt; =&gt; &lt;base64_ascii_str_pickle_to_object&gt; -&gt; &lt;str_to_float&gt;$&apos; then &apos;$&lt;read_str_from_txt&gt; =&gt; &lt;base64_ascii_str_pickle_to_object&gt;$]&apos;]
(B)                                                                                                                  |--b64pickle-str-.txt -&gt; float ------- using $&lt;read_str_from_txt&gt; =&gt; &lt;str_to_float&gt;$
Parsing Plan created successfully

Executing Parsing Plan for [/home/travis/build/smarie/python-parsyfiles/parsyfiles/tests/parsing_capabilities_by_type/primitives_data/float/err/b64pickle-str-]
(P) /home/travis/build/smarie/python-parsyfiles/parsyfiles/tests/parsing_capabilities_by_type/primitives_data/float/err/b64pickle-str-.txt -&gt; float ------- using $&lt;read_str_from_txt&gt; =&gt; &lt;str_to_float&gt;$
  !! Caught error during execution !!
  File &quot;/home/travis/build/smarie/python-parsyfiles/parsyfiles/plugins_base/support_for_primitive_types.py&quot;, line 61, in primitive_to_float
    source = literal_eval(source)
  File &quot;/opt/python/3.5.5/lib/python3.5/ast.py&quot;, line 46, in literal_eval
    node_or_string = parse(node_or_string, mode=&apos;eval&apos;)
  File &quot;/opt/python/3.5.5/lib/python3.5/ast.py&quot;, line 35, in parse
    return compile(source, filename, mode, PyCF_ONLY_AST)
  SyntaxError : unexpected EOF while parsing (&lt;unknown&gt;, line 1)
(B)                                                                                                                  |--b64pickle-str-.txt -&gt; float ------- using $&lt;read_str_from_txt&gt; =&gt; &lt;base64_ascii_str_pickle_to_object&gt; -&gt; &lt;bool_to_float&gt;$
Executing Parsing Plan for [/home/travis/build/smarie/python-parsyfiles/parsyfiles/tests/parsing_capabilities_by_type/primitives_data/float/err/b64pickle-str-]
(P) /home/travis/build/smarie/python-parsyfiles/parsyfiles/tests/parsing_capabilities_by_type/primitives_data/float/err/b64pickle-str-.txt -&gt; float ------- using $&lt;read_str_from_txt&gt; =&gt; &lt;base64_ascii_str_pickle_to_object&gt; -&gt; &lt;bool_to_float&gt;$
  !! Caught error during execution !!
  File &quot;/home/travis/build/smarie/python-parsyfiles/parsyfiles/converting_core.py&quot;, line 319, in convert
    return self._convert(desired_type, source_obj, logger, options)
  File &quot;/home/travis/build/smarie/python-parsyfiles/parsyfiles/converting_core.py&quot;, line 770, in _convert
    return self._converters_list[-1].convert(desired_type, obj, logger, options)
  File &quot;/home/travis/build/smarie/python-parsyfiles/parsyfiles/converting_core.py&quot;, line 321, in convert
    raise ConversionException.create_not_able_to_convert(source_obj, self, desired_type)
  ConversionException : Converter &lt;bool_to_float&gt; is not able to ingest source value &apos;&apos; of type &apos;str&apos; and/or convert it to type &apos;float&apos;. This can happen in a chain when the previous step in the chain is generic and actually produced  an output of the wrong type/content
(B)                                                                                                                  |--b64pickle-str-.txt -&gt; float ------- using $&lt;read_str_from_txt&gt; =&gt; &lt;base64_ascii_str_pickle_to_object&gt; -&gt; &lt;int_to_float&gt;$
Executing Parsing Plan for [/home/travis/build/smarie/python-parsyfiles/parsyfiles/tests/parsing_capabilities_by_type/primitives_data/float/err/b64pickle-str-]
(P) /home/travis/build/smarie/python-parsyfiles/parsyfiles/tests/parsing_capabilities_by_type/primitives_data/float/err/b64pickle-str-.txt -&gt; float ------- using $&lt;read_str_from_txt&gt; =&gt; &lt;base64_ascii_str_pickle_to_object&gt; -&gt; &lt;int_to_float&gt;$
  !! Caught error during execution !!
  File &quot;/home/travis/build/smarie/python-parsyfiles/parsyfiles/converting_core.py&quot;, line 319, in convert
    return self._convert(desired_type, source_obj, logger, options)
  File &quot;/home/travis/build/smarie/python-parsyfiles/parsyfiles/converting_core.py&quot;, line 770, in _convert
    return self._converters_list[-1].convert(desired_type, obj, logger, options)
  File &quot;/home/travis/build/smarie/python-parsyfiles/parsyfiles/converting_core.py&quot;, line 321, in convert
    raise ConversionException.create_not_able_to_convert(source_obj, self, desired_type)
  ConversionException : Converter &lt;int_to_float&gt; is not able to ingest source value &apos;&apos; of type &apos;str&apos; and/or convert it to type &apos;float&apos;. This can happen in a chain when the previous step in the chain is generic and actually produced  an output of the wrong type/content
(B)                                                                                                                  |--b64pickle-str-.txt -&gt; float ------- using $&lt;read_str_from_txt&gt; =&gt; &lt;base64_ascii_str_pickle_to_object&gt; -&gt; &lt;str_to_float&gt;$
Executing Parsing Plan for [/home/travis/build/smarie/python-parsyfiles/parsyfiles/tests/parsing_capabilities_by_type/primitives_data/float/err/b64pickle-str-]
(P) /home/travis/build/smarie/python-parsyfiles/parsyfiles/tests/parsing_capabilities_by_type/primitives_data/float/err/b64pickle-str-.txt -&gt; float ------- using $&lt;read_str_from_txt&gt; =&gt; &lt;base64_ascii_str_pickle_to_object&gt; -&gt; &lt;str_to_float&gt;$
  !! Caught error during execution !!
  File &quot;/home/travis/build/smarie/python-parsyfiles/parsyfiles/plugins_base/support_for_primitive_types.py&quot;, line 61, in primitive_to_float
    source = literal_eval(source)
  File &quot;/opt/python/3.5.5/lib/python3.5/ast.py&quot;, line 46, in literal_eval
    node_or_string = parse(node_or_string, mode=&apos;eval&apos;)
  File &quot;/opt/python/3.5.5/lib/python3.5/ast.py&quot;, line 35, in parse
    return compile(source, filename, mode, PyCF_ONLY_AST)
  SyntaxError : unexpected EOF while parsing (&lt;unknown&gt;, line 0)
(B)                                                                                                                  |--b64pickle-str-.txt -&gt; float ------- using $&lt;read_str_from_txt&gt; =&gt; &lt;base64_ascii_str_pickle_to_object&gt;$
Executing Parsing Plan for [/home/travis/build/smarie/python-parsyfiles/parsyfiles/tests/parsing_capabilities_by_type/primitives_data/float/err/b64pickle-str-]
(P) /home/travis/build/smarie/python-parsyfiles/parsyfiles/tests/parsing_capabilities_by_type/primitives_data/float/err/b64pickle-str-.txt -&gt; float ------- using $&lt;read_str_from_txt&gt; =&gt; &lt;base64_ascii_str_pickle_to_object&gt;$
                                                                                                                      ! CAUGHT: WrongTypeCreatedError - Error while parsing /home/travis/build/smarie/python-parsyfiles/parsyfiles/tests/parsing_capabilities_by_type/primitives_data/float/err/b64pickle-str- (singlefile, .txt) as a float with parser $&lt;read_str_from_txt&gt; =&gt; &lt;base64_ascii_str_pickle_to_object&gt;$ using options=({&apos;MultifileCollectionParser&apos;: {&apos;lazy_parsing&apos;: False}}) - parser returned an object of wrong type &lt;class &apos;str&apos;&gt;: 
                                                                                                                      ! CAUGHT: CascadeError - See previous log messages for details
(B)                                                                                                                  |--b64pickle-str-.txt -&gt; float64 ------- using [Try &apos;$&lt;read_str_from_txt&gt; =&gt; &lt;constructor_with_str_arg&gt;$&apos; then &apos;$&lt;read_str_from_txt&gt; =&gt; &lt;base64_ascii_str_pickle_to_object&gt;$]&apos;]
(B)                                                                                                                  |--b64pickle-str-.txt -&gt; float64 ------- using $&lt;read_str_from_txt&gt; =&gt; &lt;constructor_with_str_arg&gt;$
Executing Parsing Plan for [/home/travis/build/smarie/python-parsyfiles/parsyfiles/tests/parsing_capabilities_by_type/primitives_data/float/err/b64pickle-str-]
(P) /home/travis/build/smarie/python-parsyfiles/parsyfiles/tests/parsing_capabilities_by_type/primitives_data/float/err/b64pickle-str-.txt -&gt; float64 ------- using $&lt;read_str_from_txt&gt; =&gt; &lt;constructor_with_str_arg&gt;$
  !! Caught error during execution !!
  File &quot;/home/travis/build/smarie/python-parsyfiles/parsyfiles/converting_core.py&quot;, line 319, in convert
    return self._convert(desired_type, source_obj, logger, options)
  File &quot;/home/travis/build/smarie/python-parsyfiles/parsyfiles/converting_core.py&quot;, line 524, in _convert
    return self.conversion_method(desired_type, source_obj, logger, **opts)
  File &quot;/home/travis/build/smarie/python-parsyfiles/parsyfiles/plugins_base/support_for_primitive_types.py&quot;, line 111, in constructor_with_str_arg
    return desired_type(source)
  ValueError : could not convert string to float: &apos;gANYAAAAAHEALg==&apos;
(B)                                                                                                                  |--b64pickle-str-.txt -&gt; float64 ------- using $&lt;read_str_from_txt&gt; =&gt; &lt;base64_ascii_str_pickle_to_object&gt;$
Executing Parsing Plan for [/home/travis/build/smarie/python-parsyfiles/parsyfiles/tests/parsing_capabilities_by_type/primitives_data/float/err/b64pickle-str-]
(P) /home/travis/build/smarie/python-parsyfiles/parsyfiles/tests/parsing_capabilities_by_type/primitives_data/float/err/b64pickle-str-.txt -&gt; float64 ------- using $&lt;read_str_from_txt&gt; =&gt; &lt;base64_ascii_str_pickle_to_object&gt;$
                                                                                                                      ! CAUGHT: WrongTypeCreatedError - Error while parsing /home/travis/build/smarie/python-parsyfiles/parsyfiles/tests/parsing_capabilities_by_type/primitives_data/float/err/b64pickle-str- (singlefile, .txt) as a float64 with parser $&lt;read_str_from_txt&gt; =&gt; &lt;base64_ascii_str_pickle_to_object&gt;$ using options=({&apos;MultifileCollectionParser&apos;: {&apos;lazy_parsing&apos;: False}}) - parser returned an object of wrong type &lt;class &apos;str&apos;&gt;: 
                                                                                                                      ! CAUGHT: CascadeError - See previous log messages for details
</system-out></testcase><testcase classname="parsyfiles.tests.parsing_capabilities_by_type.test_parse_primitives" file="parsyfiles/tests/parsing_capabilities_by_type/test_parse_primitives.py" line="179" name="test_parse_by_type[float-err-b64pickle-str-truth.txt]" time="0.051950693130493164"><system-out>**** Starting to parse single object of type &lt;float&gt; at location /home/travis/build/smarie/python-parsyfiles/parsyfiles/tests/parsing_capabilities_by_type/primitives_data/float/err/b64pickle-str-truth ****
Checking all files under [/home/travis/build/smarie/python-parsyfiles/parsyfiles/tests/parsing_capabilities_by_type/primitives_data/float/err/b64pickle-str-truth]
(C) /home/travis/build/smarie/python-parsyfiles/parsyfiles/tests/parsing_capabilities_by_type/primitives_data/float/err/b64pickle-str-truth (singlefile, .txt)
File checks done

Building a parsing plan to parse [/home/travis/build/smarie/python-parsyfiles/parsyfiles/tests/parsing_capabilities_by_type/primitives_data/float/err/b64pickle-str-truth] into a float
(B) /home/travis/build/smarie/python-parsyfiles/parsyfiles/tests/parsing_capabilities_by_type/primitives_data/float/err/b64pickle-str-truth.txt -&gt; float ------- using [Try &apos;[Try &apos;$&lt;read_str_from_txt&gt; =&gt; &lt;str_to_float&gt;$&apos; then &apos;$&lt;read_str_from_txt&gt; =&gt; &lt;base64_ascii_str_pickle_to_object&gt; -&gt; &lt;bool_to_float&gt;$&apos; then &apos;$&lt;read_str_from_txt&gt; =&gt; &lt;base64_ascii_str_pickle_to_object&gt; -&gt; &lt;int_to_float&gt;$&apos; then &apos;$&lt;read_str_from_txt&gt; =&gt; &lt;base64_ascii_str_pickle_to_object&gt; -&gt; &lt;str_to_float&gt;$&apos; then &apos;$&lt;read_str_from_txt&gt; =&gt; &lt;base64_ascii_str_pickle_to_object&gt;$]&apos;]&apos; -&gt; [float] then &apos;[Try &apos;$&lt;read_str_from_txt&gt; =&gt; &lt;constructor_with_str_arg&gt;$&apos; then &apos;$&lt;read_str_from_txt&gt; =&gt; &lt;base64_ascii_str_pickle_to_object&gt;$]&apos;]&apos; -&gt; [float64]]]
(B)                                                                                                                  |--b64pickle-str-truth.txt -&gt; float ------- using [Try &apos;$&lt;read_str_from_txt&gt; =&gt; &lt;str_to_float&gt;$&apos; then &apos;$&lt;read_str_from_txt&gt; =&gt; &lt;base64_ascii_str_pickle_to_object&gt; -&gt; &lt;bool_to_float&gt;$&apos; then &apos;$&lt;read_str_from_txt&gt; =&gt; &lt;base64_ascii_str_pickle_to_object&gt; -&gt; &lt;int_to_float&gt;$&apos; then &apos;$&lt;read_str_from_txt&gt; =&gt; &lt;base64_ascii_str_pickle_to_object&gt; -&gt; &lt;str_to_float&gt;$&apos; then &apos;$&lt;read_str_from_txt&gt; =&gt; &lt;base64_ascii_str_pickle_to_object&gt;$]&apos;]
(B)                                                                                                                  |--b64pickle-str-truth.txt -&gt; float ------- using $&lt;read_str_from_txt&gt; =&gt; &lt;str_to_float&gt;$
Parsing Plan created successfully

Executing Parsing Plan for [/home/travis/build/smarie/python-parsyfiles/parsyfiles/tests/parsing_capabilities_by_type/primitives_data/float/err/b64pickle-str-truth]
(P) /home/travis/build/smarie/python-parsyfiles/parsyfiles/tests/parsing_capabilities_by_type/primitives_data/float/err/b64pickle-str-truth.txt -&gt; float ------- using $&lt;read_str_from_txt&gt; =&gt; &lt;str_to_float&gt;$
  !! Caught error during execution !!
  File &quot;/home/travis/build/smarie/python-parsyfiles/parsyfiles/plugins_base/support_for_primitive_types.py&quot;, line 61, in primitive_to_float
    source = literal_eval(source)
  File &quot;/opt/python/3.5.5/lib/python3.5/ast.py&quot;, line 84, in literal_eval
    return _convert(node_or_string)
  File &quot;/opt/python/3.5.5/lib/python3.5/ast.py&quot;, line 83, in _convert
    raise ValueError(&apos;malformed node or string: &apos; + repr(node))
  ValueError : malformed node or string: &lt;_ast.Name object at 0x7f33dac00048&gt;
(B)                                                                                                                  |--b64pickle-str-truth.txt -&gt; float ------- using $&lt;read_str_from_txt&gt; =&gt; &lt;base64_ascii_str_pickle_to_object&gt; -&gt; &lt;bool_to_float&gt;$
Executing Parsing Plan for [/home/travis/build/smarie/python-parsyfiles/parsyfiles/tests/parsing_capabilities_by_type/primitives_data/float/err/b64pickle-str-truth]
(P) /home/travis/build/smarie/python-parsyfiles/parsyfiles/tests/parsing_capabilities_by_type/primitives_data/float/err/b64pickle-str-truth.txt -&gt; float ------- using $&lt;read_str_from_txt&gt; =&gt; &lt;base64_ascii_str_pickle_to_object&gt; -&gt; &lt;bool_to_float&gt;$
  !! Caught error during execution !!
  File &quot;/home/travis/build/smarie/python-parsyfiles/parsyfiles/converting_core.py&quot;, line 319, in convert
    return self._convert(desired_type, source_obj, logger, options)
  File &quot;/home/travis/build/smarie/python-parsyfiles/parsyfiles/converting_core.py&quot;, line 770, in _convert
    return self._converters_list[-1].convert(desired_type, obj, logger, options)
  File &quot;/home/travis/build/smarie/python-parsyfiles/parsyfiles/converting_core.py&quot;, line 321, in convert
    raise ConversionException.create_not_able_to_convert(source_obj, self, desired_type)
  ConversionException : Converter &lt;bool_to_float&gt; is not able to ingest source value &apos;truth&apos; of type &apos;str&apos; and/or convert it to type &apos;float&apos;. This can happen in a chain when the previous step in the chain is generic and actually produced  an output of the wrong type/content
(B)                                                                                                                  |--b64pickle-str-truth.txt -&gt; float ------- using $&lt;read_str_from_txt&gt; =&gt; &lt;base64_ascii_str_pickle_to_object&gt; -&gt; &lt;int_to_float&gt;$
Executing Parsing Plan for [/home/travis/build/smarie/python-parsyfiles/parsyfiles/tests/parsing_capabilities_by_type/primitives_data/float/err/b64pickle-str-truth]
(P) /home/travis/build/smarie/python-parsyfiles/parsyfiles/tests/parsing_capabilities_by_type/primitives_data/float/err/b64pickle-str-truth.txt -&gt; float ------- using $&lt;read_str_from_txt&gt; =&gt; &lt;base64_ascii_str_pickle_to_object&gt; -&gt; &lt;int_to_float&gt;$
  !! Caught error during execution !!
  File &quot;/home/travis/build/smarie/python-parsyfiles/parsyfiles/converting_core.py&quot;, line 319, in convert
    return self._convert(desired_type, source_obj, logger, options)
  File &quot;/home/travis/build/smarie/python-parsyfiles/parsyfiles/converting_core.py&quot;, line 770, in _convert
    return self._converters_list[-1].convert(desired_type, obj, logger, options)
  File &quot;/home/travis/build/smarie/python-parsyfiles/parsyfiles/converting_core.py&quot;, line 321, in convert
    raise ConversionException.create_not_able_to_convert(source_obj, self, desired_type)
  ConversionException : Converter &lt;int_to_float&gt; is not able to ingest source value &apos;truth&apos; of type &apos;str&apos; and/or convert it to type &apos;float&apos;. This can happen in a chain when the previous step in the chain is generic and actually produced  an output of the wrong type/content
(B)                                                                                                                  |--b64pickle-str-truth.txt -&gt; float ------- using $&lt;read_str_from_txt&gt; =&gt; &lt;base64_ascii_str_pickle_to_object&gt; -&gt; &lt;str_to_float&gt;$
Executing Parsing Plan for [/home/travis/build/smarie/python-parsyfiles/parsyfiles/tests/parsing_capabilities_by_type/primitives_data/float/err/b64pickle-str-truth]
(P) /home/travis/build/smarie/python-parsyfiles/parsyfiles/tests/parsing_capabilities_by_type/primitives_data/float/err/b64pickle-str-truth.txt -&gt; float ------- using $&lt;read_str_from_txt&gt; =&gt; &lt;base64_ascii_str_pickle_to_object&gt; -&gt; &lt;str_to_float&gt;$
  !! Caught error during execution !!
  File &quot;/home/travis/build/smarie/python-parsyfiles/parsyfiles/plugins_base/support_for_primitive_types.py&quot;, line 61, in primitive_to_float
    source = literal_eval(source)
  File &quot;/opt/python/3.5.5/lib/python3.5/ast.py&quot;, line 84, in literal_eval
    return _convert(node_or_string)
  File &quot;/opt/python/3.5.5/lib/python3.5/ast.py&quot;, line 83, in _convert
    raise ValueError(&apos;malformed node or string: &apos; + repr(node))
  ValueError : malformed node or string: &lt;_ast.Name object at 0x7f33d491f908&gt;
(B)                                                                                                                  |--b64pickle-str-truth.txt -&gt; float ------- using $&lt;read_str_from_txt&gt; =&gt; &lt;base64_ascii_str_pickle_to_object&gt;$
Executing Parsing Plan for [/home/travis/build/smarie/python-parsyfiles/parsyfiles/tests/parsing_capabilities_by_type/primitives_data/float/err/b64pickle-str-truth]
(P) /home/travis/build/smarie/python-parsyfiles/parsyfiles/tests/parsing_capabilities_by_type/primitives_data/float/err/b64pickle-str-truth.txt -&gt; float ------- using $&lt;read_str_from_txt&gt; =&gt; &lt;base64_ascii_str_pickle_to_object&gt;$
                                                                                                                      ! CAUGHT: WrongTypeCreatedError - Error while parsing /home/travis/build/smarie/python-parsyfiles/parsyfiles/tests/parsing_capabilities_by_type/primitives_data/float/err/b64pickle-str-truth (singlefile, .txt) as a float with parser $&lt;read_str_from_txt&gt; =&gt; &lt;base64_ascii_str_pickle_to_object&gt;$ using options=({&apos;MultifileCollectionParser&apos;: {&apos;lazy_parsing&apos;: False}}) - parser returned an object of wrong type &lt;class &apos;str&apos;&gt;: truth
                                                                                                                      ! CAUGHT: CascadeError - See previous log messages for details
(B)                                                                                                                  |--b64pickle-str-truth.txt -&gt; float64 ------- using [Try &apos;$&lt;read_str_from_txt&gt; =&gt; &lt;constructor_with_str_arg&gt;$&apos; then &apos;$&lt;read_str_from_txt&gt; =&gt; &lt;base64_ascii_str_pickle_to_object&gt;$]&apos;]
(B)                                                                                                                  |--b64pickle-str-truth.txt -&gt; float64 ------- using $&lt;read_str_from_txt&gt; =&gt; &lt;constructor_with_str_arg&gt;$
Executing Parsing Plan for [/home/travis/build/smarie/python-parsyfiles/parsyfiles/tests/parsing_capabilities_by_type/primitives_data/float/err/b64pickle-str-truth]
(P) /home/travis/build/smarie/python-parsyfiles/parsyfiles/tests/parsing_capabilities_by_type/primitives_data/float/err/b64pickle-str-truth.txt -&gt; float64 ------- using $&lt;read_str_from_txt&gt; =&gt; &lt;constructor_with_str_arg&gt;$
  !! Caught error during execution !!
  File &quot;/home/travis/build/smarie/python-parsyfiles/parsyfiles/converting_core.py&quot;, line 319, in convert
    return self._convert(desired_type, source_obj, logger, options)
  File &quot;/home/travis/build/smarie/python-parsyfiles/parsyfiles/converting_core.py&quot;, line 524, in _convert
    return self.conversion_method(desired_type, source_obj, logger, **opts)
  File &quot;/home/travis/build/smarie/python-parsyfiles/parsyfiles/plugins_base/support_for_primitive_types.py&quot;, line 111, in constructor_with_str_arg
    return desired_type(source)
  ValueError : could not convert string to float: &apos;gANYBQAAAHRydXRocQAu&apos;
(B)                                                                                                                  |--b64pickle-str-truth.txt -&gt; float64 ------- using $&lt;read_str_from_txt&gt; =&gt; &lt;base64_ascii_str_pickle_to_object&gt;$
Executing Parsing Plan for [/home/travis/build/smarie/python-parsyfiles/parsyfiles/tests/parsing_capabilities_by_type/primitives_data/float/err/b64pickle-str-truth]
(P) /home/travis/build/smarie/python-parsyfiles/parsyfiles/tests/parsing_capabilities_by_type/primitives_data/float/err/b64pickle-str-truth.txt -&gt; float64 ------- using $&lt;read_str_from_txt&gt; =&gt; &lt;base64_ascii_str_pickle_to_object&gt;$
                                                                                                                      ! CAUGHT: WrongTypeCreatedError - Error while parsing /home/travis/build/smarie/python-parsyfiles/parsyfiles/tests/parsing_capabilities_by_type/primitives_data/float/err/b64pickle-str-truth (singlefile, .txt) as a float64 with parser $&lt;read_str_from_txt&gt; =&gt; &lt;base64_ascii_str_pickle_to_object&gt;$ using options=({&apos;MultifileCollectionParser&apos;: {&apos;lazy_parsing&apos;: False}}) - parser returned an object of wrong type &lt;class &apos;str&apos;&gt;: truth
                                                                                                                      ! CAUGHT: CascadeError - See previous log messages for details
</system-out></testcase><testcase classname="parsyfiles.tests.parsing_capabilities_by_type.test_parse_primitives" file="parsyfiles/tests/parsing_capabilities_by_type/test_parse_primitives.py" line="179" name="test_parse_by_type[float-err-txt-str-truth.txt]" time="0.052373647689819336"><system-out>**** Starting to parse single object of type &lt;float&gt; at location /home/travis/build/smarie/python-parsyfiles/parsyfiles/tests/parsing_capabilities_by_type/primitives_data/float/err/txt-str-truth ****
Checking all files under [/home/travis/build/smarie/python-parsyfiles/parsyfiles/tests/parsing_capabilities_by_type/primitives_data/float/err/txt-str-truth]
(C) /home/travis/build/smarie/python-parsyfiles/parsyfiles/tests/parsing_capabilities_by_type/primitives_data/float/err/txt-str-truth (singlefile, .txt)
File checks done

Building a parsing plan to parse [/home/travis/build/smarie/python-parsyfiles/parsyfiles/tests/parsing_capabilities_by_type/primitives_data/float/err/txt-str-truth] into a float
(B) /home/travis/build/smarie/python-parsyfiles/parsyfiles/tests/parsing_capabilities_by_type/primitives_data/float/err/txt-str-truth.txt -&gt; float ------- using [Try &apos;[Try &apos;$&lt;read_str_from_txt&gt; =&gt; &lt;str_to_float&gt;$&apos; then &apos;$&lt;read_str_from_txt&gt; =&gt; &lt;base64_ascii_str_pickle_to_object&gt; -&gt; &lt;bool_to_float&gt;$&apos; then &apos;$&lt;read_str_from_txt&gt; =&gt; &lt;base64_ascii_str_pickle_to_object&gt; -&gt; &lt;int_to_float&gt;$&apos; then &apos;$&lt;read_str_from_txt&gt; =&gt; &lt;base64_ascii_str_pickle_to_object&gt; -&gt; &lt;str_to_float&gt;$&apos; then &apos;$&lt;read_str_from_txt&gt; =&gt; &lt;base64_ascii_str_pickle_to_object&gt;$]&apos;]&apos; -&gt; [float] then &apos;[Try &apos;$&lt;read_str_from_txt&gt; =&gt; &lt;constructor_with_str_arg&gt;$&apos; then &apos;$&lt;read_str_from_txt&gt; =&gt; &lt;base64_ascii_str_pickle_to_object&gt;$]&apos;]&apos; -&gt; [float64]]]
(B)                                                                                                                  |--txt-str-truth.txt -&gt; float ------- using [Try &apos;$&lt;read_str_from_txt&gt; =&gt; &lt;str_to_float&gt;$&apos; then &apos;$&lt;read_str_from_txt&gt; =&gt; &lt;base64_ascii_str_pickle_to_object&gt; -&gt; &lt;bool_to_float&gt;$&apos; then &apos;$&lt;read_str_from_txt&gt; =&gt; &lt;base64_ascii_str_pickle_to_object&gt; -&gt; &lt;int_to_float&gt;$&apos; then &apos;$&lt;read_str_from_txt&gt; =&gt; &lt;base64_ascii_str_pickle_to_object&gt; -&gt; &lt;str_to_float&gt;$&apos; then &apos;$&lt;read_str_from_txt&gt; =&gt; &lt;base64_ascii_str_pickle_to_object&gt;$]&apos;]
(B)                                                                                                                  |--txt-str-truth.txt -&gt; float ------- using $&lt;read_str_from_txt&gt; =&gt; &lt;str_to_float&gt;$
Parsing Plan created successfully

Executing Parsing Plan for [/home/travis/build/smarie/python-parsyfiles/parsyfiles/tests/parsing_capabilities_by_type/primitives_data/float/err/txt-str-truth]
(P) /home/travis/build/smarie/python-parsyfiles/parsyfiles/tests/parsing_capabilities_by_type/primitives_data/float/err/txt-str-truth.txt -&gt; float ------- using $&lt;read_str_from_txt&gt; =&gt; &lt;str_to_float&gt;$
  !! Caught error during execution !!
  File &quot;/home/travis/build/smarie/python-parsyfiles/parsyfiles/plugins_base/support_for_primitive_types.py&quot;, line 61, in primitive_to_float
    source = literal_eval(source)
  File &quot;/opt/python/3.5.5/lib/python3.5/ast.py&quot;, line 84, in literal_eval
    return _convert(node_or_string)
  File &quot;/opt/python/3.5.5/lib/python3.5/ast.py&quot;, line 83, in _convert
    raise ValueError(&apos;malformed node or string: &apos; + repr(node))
  ValueError : malformed node or string: &lt;_ast.Name object at 0x7f33d3de3630&gt;
(B)                                                                                                                  |--txt-str-truth.txt -&gt; float ------- using $&lt;read_str_from_txt&gt; =&gt; &lt;base64_ascii_str_pickle_to_object&gt; -&gt; &lt;bool_to_float&gt;$
Executing Parsing Plan for [/home/travis/build/smarie/python-parsyfiles/parsyfiles/tests/parsing_capabilities_by_type/primitives_data/float/err/txt-str-truth]
(P) /home/travis/build/smarie/python-parsyfiles/parsyfiles/tests/parsing_capabilities_by_type/primitives_data/float/err/txt-str-truth.txt -&gt; float ------- using $&lt;read_str_from_txt&gt; =&gt; &lt;base64_ascii_str_pickle_to_object&gt; -&gt; &lt;bool_to_float&gt;$
  !! Caught error during execution !!
  File &quot;/home/travis/build/smarie/python-parsyfiles/parsyfiles/converting_core.py&quot;, line 524, in _convert
    return self.conversion_method(desired_type, source_obj, logger, **opts)
  File &quot;/home/travis/build/smarie/python-parsyfiles/parsyfiles/plugins_base/support_for_objects.py&quot;, line 56, in base64_ascii_str_pickle_to_object
    return pickle.loads(base64.b64decode(b64_ascii_str), fix_imports=True, encoding=&quot;ASCII&quot;, errors=&quot;strict&quot;)
  File &quot;/home/travis/virtualenv/python3.5.5/lib/python3.5/base64.py&quot;, line 88, in b64decode
    return binascii.a2b_base64(s)
  Error : Incorrect padding
(B)                                                                                                                  |--txt-str-truth.txt -&gt; float ------- using $&lt;read_str_from_txt&gt; =&gt; &lt;base64_ascii_str_pickle_to_object&gt; -&gt; &lt;int_to_float&gt;$
Executing Parsing Plan for [/home/travis/build/smarie/python-parsyfiles/parsyfiles/tests/parsing_capabilities_by_type/primitives_data/float/err/txt-str-truth]
(P) /home/travis/build/smarie/python-parsyfiles/parsyfiles/tests/parsing_capabilities_by_type/primitives_data/float/err/txt-str-truth.txt -&gt; float ------- using $&lt;read_str_from_txt&gt; =&gt; &lt;base64_ascii_str_pickle_to_object&gt; -&gt; &lt;int_to_float&gt;$
  !! Caught error during execution !!
  File &quot;/home/travis/build/smarie/python-parsyfiles/parsyfiles/converting_core.py&quot;, line 524, in _convert
    return self.conversion_method(desired_type, source_obj, logger, **opts)
  File &quot;/home/travis/build/smarie/python-parsyfiles/parsyfiles/plugins_base/support_for_objects.py&quot;, line 56, in base64_ascii_str_pickle_to_object
    return pickle.loads(base64.b64decode(b64_ascii_str), fix_imports=True, encoding=&quot;ASCII&quot;, errors=&quot;strict&quot;)
  File &quot;/home/travis/virtualenv/python3.5.5/lib/python3.5/base64.py&quot;, line 88, in b64decode
    return binascii.a2b_base64(s)
  Error : Incorrect padding
(B)                                                                                                                  |--txt-str-truth.txt -&gt; float ------- using $&lt;read_str_from_txt&gt; =&gt; &lt;base64_ascii_str_pickle_to_object&gt; -&gt; &lt;str_to_float&gt;$
Executing Parsing Plan for [/home/travis/build/smarie/python-parsyfiles/parsyfiles/tests/parsing_capabilities_by_type/primitives_data/float/err/txt-str-truth]
(P) /home/travis/build/smarie/python-parsyfiles/parsyfiles/tests/parsing_capabilities_by_type/primitives_data/float/err/txt-str-truth.txt -&gt; float ------- using $&lt;read_str_from_txt&gt; =&gt; &lt;base64_ascii_str_pickle_to_object&gt; -&gt; &lt;str_to_float&gt;$
  !! Caught error during execution !!
  File &quot;/home/travis/build/smarie/python-parsyfiles/parsyfiles/converting_core.py&quot;, line 524, in _convert
    return self.conversion_method(desired_type, source_obj, logger, **opts)
  File &quot;/home/travis/build/smarie/python-parsyfiles/parsyfiles/plugins_base/support_for_objects.py&quot;, line 56, in base64_ascii_str_pickle_to_object
    return pickle.loads(base64.b64decode(b64_ascii_str), fix_imports=True, encoding=&quot;ASCII&quot;, errors=&quot;strict&quot;)
  File &quot;/home/travis/virtualenv/python3.5.5/lib/python3.5/base64.py&quot;, line 88, in b64decode
    return binascii.a2b_base64(s)
  Error : Incorrect padding
(B)                                                                                                                  |--txt-str-truth.txt -&gt; float ------- using $&lt;read_str_from_txt&gt; =&gt; &lt;base64_ascii_str_pickle_to_object&gt;$
Executing Parsing Plan for [/home/travis/build/smarie/python-parsyfiles/parsyfiles/tests/parsing_capabilities_by_type/primitives_data/float/err/txt-str-truth]
(P) /home/travis/build/smarie/python-parsyfiles/parsyfiles/tests/parsing_capabilities_by_type/primitives_data/float/err/txt-str-truth.txt -&gt; float ------- using $&lt;read_str_from_txt&gt; =&gt; &lt;base64_ascii_str_pickle_to_object&gt;$
  !! Caught error during execution !!
  File &quot;/home/travis/build/smarie/python-parsyfiles/parsyfiles/converting_core.py&quot;, line 524, in _convert
    return self.conversion_method(desired_type, source_obj, logger, **opts)
  File &quot;/home/travis/build/smarie/python-parsyfiles/parsyfiles/plugins_base/support_for_objects.py&quot;, line 56, in base64_ascii_str_pickle_to_object
    return pickle.loads(base64.b64decode(b64_ascii_str), fix_imports=True, encoding=&quot;ASCII&quot;, errors=&quot;strict&quot;)
  File &quot;/home/travis/virtualenv/python3.5.5/lib/python3.5/base64.py&quot;, line 88, in b64decode
    return binascii.a2b_base64(s)
  Error : Incorrect padding
                                                                                                                      ! CAUGHT: CascadeError - See previous log messages for details
(B)                                                                                                                  |--txt-str-truth.txt -&gt; float64 ------- using [Try &apos;$&lt;read_str_from_txt&gt; =&gt; &lt;constructor_with_str_arg&gt;$&apos; then &apos;$&lt;read_str_from_txt&gt; =&gt; &lt;base64_ascii_str_pickle_to_object&gt;$]&apos;]
(B)                                                                                                                  |--txt-str-truth.txt -&gt; float64 ------- using $&lt;read_str_from_txt&gt; =&gt; &lt;constructor_with_str_arg&gt;$
Executing Parsing Plan for [/home/travis/build/smarie/python-parsyfiles/parsyfiles/tests/parsing_capabilities_by_type/primitives_data/float/err/txt-str-truth]
(P) /home/travis/build/smarie/python-parsyfiles/parsyfiles/tests/parsing_capabilities_by_type/primitives_data/float/err/txt-str-truth.txt -&gt; float64 ------- using $&lt;read_str_from_txt&gt; =&gt; &lt;constructor_with_str_arg&gt;$
  !! Caught error during execution !!
  File &quot;/home/travis/build/smarie/python-parsyfiles/parsyfiles/converting_core.py&quot;, line 319, in convert
    return self._convert(desired_type, source_obj, logger, options)
  File &quot;/home/travis/build/smarie/python-parsyfiles/parsyfiles/converting_core.py&quot;, line 524, in _convert
    return self.conversion_method(desired_type, source_obj, logger, **opts)
  File &quot;/home/travis/build/smarie/python-parsyfiles/parsyfiles/plugins_base/support_for_primitive_types.py&quot;, line 111, in constructor_with_str_arg
    return desired_type(source)
  ValueError : could not convert string to float: &apos;truth&apos;
(B)                                                                                                                  |--txt-str-truth.txt -&gt; float64 ------- using $&lt;read_str_from_txt&gt; =&gt; &lt;base64_ascii_str_pickle_to_object&gt;$
Executing Parsing Plan for [/home/travis/build/smarie/python-parsyfiles/parsyfiles/tests/parsing_capabilities_by_type/primitives_data/float/err/txt-str-truth]
(P) /home/travis/build/smarie/python-parsyfiles/parsyfiles/tests/parsing_capabilities_by_type/primitives_data/float/err/txt-str-truth.txt -&gt; float64 ------- using $&lt;read_str_from_txt&gt; =&gt; &lt;base64_ascii_str_pickle_to_object&gt;$
  !! Caught error during execution !!
  File &quot;/home/travis/build/smarie/python-parsyfiles/parsyfiles/converting_core.py&quot;, line 524, in _convert
    return self.conversion_method(desired_type, source_obj, logger, **opts)
  File &quot;/home/travis/build/smarie/python-parsyfiles/parsyfiles/plugins_base/support_for_objects.py&quot;, line 56, in base64_ascii_str_pickle_to_object
    return pickle.loads(base64.b64decode(b64_ascii_str), fix_imports=True, encoding=&quot;ASCII&quot;, errors=&quot;strict&quot;)
  File &quot;/home/travis/virtualenv/python3.5.5/lib/python3.5/base64.py&quot;, line 88, in b64decode
    return binascii.a2b_base64(s)
  Error : Incorrect padding
                                                                                                                      ! CAUGHT: CascadeError - See previous log messages for details
</system-out></testcase><testcase classname="parsyfiles.tests.parsing_capabilities_by_type.test_parse_primitives" file="parsyfiles/tests/parsing_capabilities_by_type/test_parse_primitives.py" line="179" name="test_parse_by_type[int-ok-b64pickle-bool-False=0.txt]" time="0.07701945304870605"><system-out>**** Starting to parse single object of type &lt;int&gt; at location /home/travis/build/smarie/python-parsyfiles/parsyfiles/tests/parsing_capabilities_by_type/primitives_data/int/ok/b64pickle-bool-False=0 ****
Checking all files under [/home/travis/build/smarie/python-parsyfiles/parsyfiles/tests/parsing_capabilities_by_type/primitives_data/int/ok/b64pickle-bool-False=0]
(C) /home/travis/build/smarie/python-parsyfiles/parsyfiles/tests/parsing_capabilities_by_type/primitives_data/int/ok/b64pickle-bool-False=0 (singlefile, .txt)
File checks done

Building a parsing plan to parse [/home/travis/build/smarie/python-parsyfiles/parsyfiles/tests/parsing_capabilities_by_type/primitives_data/int/ok/b64pickle-bool-False=0] into a int
(B) /home/travis/build/smarie/python-parsyfiles/parsyfiles/tests/parsing_capabilities_by_type/primitives_data/int/ok/b64pickle-bool-False=0.txt -&gt; int ------- using [Try &apos;[Try &apos;$&lt;read_str_from_txt&gt; =&gt; &lt;str_to_int&gt;$&apos; then &apos;$&lt;read_str_from_txt&gt; =&gt; &lt;base64_ascii_str_pickle_to_object&gt; -&gt; &lt;bool_to_int&gt;$&apos; then &apos;$&lt;read_str_from_txt&gt; =&gt; &lt;base64_ascii_str_pickle_to_object&gt; -&gt; &lt;float_to_int&gt;$&apos; then &apos;$&lt;read_str_from_txt&gt; =&gt; &lt;base64_ascii_str_pickle_to_object&gt; -&gt; &lt;str_to_int&gt;$&apos; then &apos;$&lt;read_str_from_txt&gt; =&gt; &lt;str_to_bool&gt;$&apos; then &apos;$&lt;read_str_from_txt&gt; =&gt; &lt;base64_ascii_str_pickle_to_object&gt; -&gt; &lt;float_to_bool&gt;$&apos; then &apos;$&lt;read_str_from_txt&gt; =&gt; &lt;base64_ascii_str_pickle_to_object&gt; -&gt; &lt;int_to_bool&gt;$&apos; then &apos;$&lt;read_str_from_txt&gt; =&gt; &lt;base64_ascii_str_pickle_to_object&gt; -&gt; &lt;str_to_bool&gt;$&apos; then &apos;$&lt;read_str_from_txt&gt; =&gt; &lt;base64_ascii_str_pickle_to_object&gt;$]&apos;]&apos; -&gt; [int] then &apos;[Try &apos;$&lt;read_str_from_txt&gt; =&gt; &lt;str_to_bool&gt;$&apos; then &apos;$&lt;read_str_from_txt&gt; =&gt; &lt;base64_ascii_str_pickle_to_object&gt; -&gt; &lt;float_to_bool&gt;$&apos; then &apos;$&lt;read_str_from_txt&gt; =&gt; &lt;base64_ascii_str_pickle_to_object&gt; -&gt; &lt;int_to_bool&gt;$&apos; then &apos;$&lt;read_str_from_txt&gt; =&gt; &lt;base64_ascii_str_pickle_to_object&gt; -&gt; &lt;str_to_bool&gt;$&apos; then &apos;$&lt;read_str_from_txt&gt; =&gt; &lt;base64_ascii_str_pickle_to_object&gt;$]&apos;]&apos; -&gt; [bool] then &apos;[Try &apos;$&lt;read_str_from_txt&gt; =&gt; &lt;constructor_with_str_arg&gt;$&apos; then &apos;$&lt;read_str_from_txt&gt; =&gt; &lt;base64_ascii_str_pickle_to_object&gt;$]&apos;]&apos; -&gt; [_NamedIntConstant] then &apos;[Try &apos;$&lt;read_str_from_txt&gt; =&gt; &lt;constructor_with_str_arg&gt;$&apos; then &apos;$&lt;read_str_from_txt&gt; =&gt; &lt;base64_ascii_str_pickle_to_object&gt;$]&apos;]&apos; -&gt; [IntEnum] then &apos;[Try &apos;$&lt;read_str_from_txt&gt; =&gt; &lt;constructor_with_str_arg&gt;$&apos; then &apos;$&lt;read_str_from_txt&gt; =&gt; &lt;base64_ascii_str_pickle_to_object&gt;$]&apos;]&apos; -&gt; [Signals] then &apos;[Try &apos;$&lt;read_str_from_txt&gt; =&gt; &lt;constructor_with_str_arg&gt;$&apos; then &apos;$&lt;read_str_from_txt&gt; =&gt; &lt;base64_ascii_str_pickle_to_object&gt;$]&apos;]&apos; -&gt; [SocketKind] then &apos;[Try &apos;$&lt;read_str_from_txt&gt; =&gt; &lt;constructor_with_str_arg&gt;$&apos; then &apos;$&lt;read_str_from_txt&gt; =&gt; &lt;base64_ascii_str_pickle_to_object&gt;$]&apos;]&apos; -&gt; [HTTPStatus] then &apos;[Try &apos;$&lt;read_str_from_txt&gt; =&gt; &lt;constructor_with_str_arg&gt;$&apos; then &apos;$&lt;read_str_from_txt&gt; =&gt; &lt;base64_ascii_str_pickle_to_object&gt;$]&apos;]&apos; -&gt; [_SSLMethod] then &apos;[Try &apos;$&lt;read_str_from_txt&gt; =&gt; &lt;constructor_with_str_arg&gt;$&apos; then &apos;$&lt;read_str_from_txt&gt; =&gt; &lt;base64_ascii_str_pickle_to_object&gt;$]&apos;]&apos; -&gt; [_ParameterKind] then &apos;[Try &apos;$&lt;read_str_from_txt&gt; =&gt; &lt;constructor_with_str_arg&gt;$&apos; then &apos;$&lt;read_str_from_txt&gt; =&gt; &lt;base64_ascii_str_pickle_to_object&gt;$]&apos;]&apos; -&gt; [Sigmasks] then &apos;[Try &apos;$&lt;read_str_from_txt&gt; =&gt; &lt;constructor_with_str_arg&gt;$&apos; then &apos;$&lt;read_str_from_txt&gt; =&gt; &lt;base64_ascii_str_pickle_to_object&gt;$]&apos;]&apos; -&gt; [Handlers] then &apos;[Try &apos;$&lt;read_str_from_txt&gt; =&gt; &lt;constructor_with_str_arg&gt;$&apos; then &apos;$&lt;read_str_from_txt&gt; =&gt; &lt;base64_ascii_str_pickle_to_object&gt;$]&apos;]&apos; -&gt; [AddressFamily]]]
(B)                                                                                                               |--b64pickle-bool-False=0.txt -&gt; int ------- using [Try &apos;$&lt;read_str_from_txt&gt; =&gt; &lt;str_to_int&gt;$&apos; then &apos;$&lt;read_str_from_txt&gt; =&gt; &lt;base64_ascii_str_pickle_to_object&gt; -&gt; &lt;bool_to_int&gt;$&apos; then &apos;$&lt;read_str_from_txt&gt; =&gt; &lt;base64_ascii_str_pickle_to_object&gt; -&gt; &lt;float_to_int&gt;$&apos; then &apos;$&lt;read_str_from_txt&gt; =&gt; &lt;base64_ascii_str_pickle_to_object&gt; -&gt; &lt;str_to_int&gt;$&apos; then &apos;$&lt;read_str_from_txt&gt; =&gt; &lt;str_to_bool&gt;$&apos; then &apos;$&lt;read_str_from_txt&gt; =&gt; &lt;base64_ascii_str_pickle_to_object&gt; -&gt; &lt;float_to_bool&gt;$&apos; then &apos;$&lt;read_str_from_txt&gt; =&gt; &lt;base64_ascii_str_pickle_to_object&gt; -&gt; &lt;int_to_bool&gt;$&apos; then &apos;$&lt;read_str_from_txt&gt; =&gt; &lt;base64_ascii_str_pickle_to_object&gt; -&gt; &lt;str_to_bool&gt;$&apos; then &apos;$&lt;read_str_from_txt&gt; =&gt; &lt;base64_ascii_str_pickle_to_object&gt;$]&apos;]
(B)                                                                                                               |--b64pickle-bool-False=0.txt -&gt; int ------- using $&lt;read_str_from_txt&gt; =&gt; &lt;str_to_int&gt;$
Parsing Plan created successfully

Executing Parsing Plan for [/home/travis/build/smarie/python-parsyfiles/parsyfiles/tests/parsing_capabilities_by_type/primitives_data/int/ok/b64pickle-bool-False=0]
(P) /home/travis/build/smarie/python-parsyfiles/parsyfiles/tests/parsing_capabilities_by_type/primitives_data/int/ok/b64pickle-bool-False=0.txt -&gt; int ------- using $&lt;read_str_from_txt&gt; =&gt; &lt;str_to_int&gt;$
  !! Caught error during execution !!
  File &quot;/home/travis/build/smarie/python-parsyfiles/parsyfiles/plugins_base/support_for_primitive_types.py&quot;, line 37, in primitive_to_int
    source = literal_eval(source)
  File &quot;/opt/python/3.5.5/lib/python3.5/ast.py&quot;, line 46, in literal_eval
    node_or_string = parse(node_or_string, mode=&apos;eval&apos;)
  File &quot;/opt/python/3.5.5/lib/python3.5/ast.py&quot;, line 35, in parse
    return compile(source, filename, mode, PyCF_ONLY_AST)
  SyntaxError : unexpected EOF while parsing (&lt;unknown&gt;, line 1)
(B)                                                                                                               |--b64pickle-bool-False=0.txt -&gt; int ------- using $&lt;read_str_from_txt&gt; =&gt; &lt;base64_ascii_str_pickle_to_object&gt; -&gt; &lt;bool_to_int&gt;$
Executing Parsing Plan for [/home/travis/build/smarie/python-parsyfiles/parsyfiles/tests/parsing_capabilities_by_type/primitives_data/int/ok/b64pickle-bool-False=0]
(P) /home/travis/build/smarie/python-parsyfiles/parsyfiles/tests/parsing_capabilities_by_type/primitives_data/int/ok/b64pickle-bool-False=0.txt -&gt; int ------- using $&lt;read_str_from_txt&gt; =&gt; &lt;base64_ascii_str_pickle_to_object&gt; -&gt; &lt;bool_to_int&gt;$
(P)                                                                                                               |--b64pickle-bool-False=0.txt -&gt; int SUCCESS !
Completed parsing successfully

0==0
</system-out></testcase><testcase classname="parsyfiles.tests.parsing_capabilities_by_type.test_parse_primitives" file="parsyfiles/tests/parsing_capabilities_by_type/test_parse_primitives.py" line="179" name="test_parse_by_type[int-ok-b64pickle-float--5.0=-5.txt]" time="0.07859086990356445"><system-out>**** Starting to parse single object of type &lt;int&gt; at location /home/travis/build/smarie/python-parsyfiles/parsyfiles/tests/parsing_capabilities_by_type/primitives_data/int/ok/b64pickle-float--5.0=-5 ****
Checking all files under [/home/travis/build/smarie/python-parsyfiles/parsyfiles/tests/parsing_capabilities_by_type/primitives_data/int/ok/b64pickle-float--5.0=-5]
(C) /home/travis/build/smarie/python-parsyfiles/parsyfiles/tests/parsing_capabilities_by_type/primitives_data/int/ok/b64pickle-float--5.0=-5 (singlefile, .txt)
File checks done

Building a parsing plan to parse [/home/travis/build/smarie/python-parsyfiles/parsyfiles/tests/parsing_capabilities_by_type/primitives_data/int/ok/b64pickle-float--5.0=-5] into a int
(B) /home/travis/build/smarie/python-parsyfiles/parsyfiles/tests/parsing_capabilities_by_type/primitives_data/int/ok/b64pickle-float--5.0=-5.txt -&gt; int ------- using [Try &apos;[Try &apos;$&lt;read_str_from_txt&gt; =&gt; &lt;str_to_int&gt;$&apos; then &apos;$&lt;read_str_from_txt&gt; =&gt; &lt;base64_ascii_str_pickle_to_object&gt; -&gt; &lt;bool_to_int&gt;$&apos; then &apos;$&lt;read_str_from_txt&gt; =&gt; &lt;base64_ascii_str_pickle_to_object&gt; -&gt; &lt;float_to_int&gt;$&apos; then &apos;$&lt;read_str_from_txt&gt; =&gt; &lt;base64_ascii_str_pickle_to_object&gt; -&gt; &lt;str_to_int&gt;$&apos; then &apos;$&lt;read_str_from_txt&gt; =&gt; &lt;str_to_bool&gt;$&apos; then &apos;$&lt;read_str_from_txt&gt; =&gt; &lt;base64_ascii_str_pickle_to_object&gt; -&gt; &lt;float_to_bool&gt;$&apos; then &apos;$&lt;read_str_from_txt&gt; =&gt; &lt;base64_ascii_str_pickle_to_object&gt; -&gt; &lt;int_to_bool&gt;$&apos; then &apos;$&lt;read_str_from_txt&gt; =&gt; &lt;base64_ascii_str_pickle_to_object&gt; -&gt; &lt;str_to_bool&gt;$&apos; then &apos;$&lt;read_str_from_txt&gt; =&gt; &lt;base64_ascii_str_pickle_to_object&gt;$]&apos;]&apos; -&gt; [int] then &apos;[Try &apos;$&lt;read_str_from_txt&gt; =&gt; &lt;str_to_bool&gt;$&apos; then &apos;$&lt;read_str_from_txt&gt; =&gt; &lt;base64_ascii_str_pickle_to_object&gt; -&gt; &lt;float_to_bool&gt;$&apos; then &apos;$&lt;read_str_from_txt&gt; =&gt; &lt;base64_ascii_str_pickle_to_object&gt; -&gt; &lt;int_to_bool&gt;$&apos; then &apos;$&lt;read_str_from_txt&gt; =&gt; &lt;base64_ascii_str_pickle_to_object&gt; -&gt; &lt;str_to_bool&gt;$&apos; then &apos;$&lt;read_str_from_txt&gt; =&gt; &lt;base64_ascii_str_pickle_to_object&gt;$]&apos;]&apos; -&gt; [bool] then &apos;[Try &apos;$&lt;read_str_from_txt&gt; =&gt; &lt;constructor_with_str_arg&gt;$&apos; then &apos;$&lt;read_str_from_txt&gt; =&gt; &lt;base64_ascii_str_pickle_to_object&gt;$]&apos;]&apos; -&gt; [_NamedIntConstant] then &apos;[Try &apos;$&lt;read_str_from_txt&gt; =&gt; &lt;constructor_with_str_arg&gt;$&apos; then &apos;$&lt;read_str_from_txt&gt; =&gt; &lt;base64_ascii_str_pickle_to_object&gt;$]&apos;]&apos; -&gt; [IntEnum] then &apos;[Try &apos;$&lt;read_str_from_txt&gt; =&gt; &lt;constructor_with_str_arg&gt;$&apos; then &apos;$&lt;read_str_from_txt&gt; =&gt; &lt;base64_ascii_str_pickle_to_object&gt;$]&apos;]&apos; -&gt; [Signals] then &apos;[Try &apos;$&lt;read_str_from_txt&gt; =&gt; &lt;constructor_with_str_arg&gt;$&apos; then &apos;$&lt;read_str_from_txt&gt; =&gt; &lt;base64_ascii_str_pickle_to_object&gt;$]&apos;]&apos; -&gt; [SocketKind] then &apos;[Try &apos;$&lt;read_str_from_txt&gt; =&gt; &lt;constructor_with_str_arg&gt;$&apos; then &apos;$&lt;read_str_from_txt&gt; =&gt; &lt;base64_ascii_str_pickle_to_object&gt;$]&apos;]&apos; -&gt; [HTTPStatus] then &apos;[Try &apos;$&lt;read_str_from_txt&gt; =&gt; &lt;constructor_with_str_arg&gt;$&apos; then &apos;$&lt;read_str_from_txt&gt; =&gt; &lt;base64_ascii_str_pickle_to_object&gt;$]&apos;]&apos; -&gt; [_SSLMethod] then &apos;[Try &apos;$&lt;read_str_from_txt&gt; =&gt; &lt;constructor_with_str_arg&gt;$&apos; then &apos;$&lt;read_str_from_txt&gt; =&gt; &lt;base64_ascii_str_pickle_to_object&gt;$]&apos;]&apos; -&gt; [_ParameterKind] then &apos;[Try &apos;$&lt;read_str_from_txt&gt; =&gt; &lt;constructor_with_str_arg&gt;$&apos; then &apos;$&lt;read_str_from_txt&gt; =&gt; &lt;base64_ascii_str_pickle_to_object&gt;$]&apos;]&apos; -&gt; [Sigmasks] then &apos;[Try &apos;$&lt;read_str_from_txt&gt; =&gt; &lt;constructor_with_str_arg&gt;$&apos; then &apos;$&lt;read_str_from_txt&gt; =&gt; &lt;base64_ascii_str_pickle_to_object&gt;$]&apos;]&apos; -&gt; [Handlers] then &apos;[Try &apos;$&lt;read_str_from_txt&gt; =&gt; &lt;constructor_with_str_arg&gt;$&apos; then &apos;$&lt;read_str_from_txt&gt; =&gt; &lt;base64_ascii_str_pickle_to_object&gt;$]&apos;]&apos; -&gt; [AddressFamily]]]
(B)                                                                                                               |--b64pickle-float--5.0=-5.txt -&gt; int ------- using [Try &apos;$&lt;read_str_from_txt&gt; =&gt; &lt;str_to_int&gt;$&apos; then &apos;$&lt;read_str_from_txt&gt; =&gt; &lt;base64_ascii_str_pickle_to_object&gt; -&gt; &lt;bool_to_int&gt;$&apos; then &apos;$&lt;read_str_from_txt&gt; =&gt; &lt;base64_ascii_str_pickle_to_object&gt; -&gt; &lt;float_to_int&gt;$&apos; then &apos;$&lt;read_str_from_txt&gt; =&gt; &lt;base64_ascii_str_pickle_to_object&gt; -&gt; &lt;str_to_int&gt;$&apos; then &apos;$&lt;read_str_from_txt&gt; =&gt; &lt;str_to_bool&gt;$&apos; then &apos;$&lt;read_str_from_txt&gt; =&gt; &lt;base64_ascii_str_pickle_to_object&gt; -&gt; &lt;float_to_bool&gt;$&apos; then &apos;$&lt;read_str_from_txt&gt; =&gt; &lt;base64_ascii_str_pickle_to_object&gt; -&gt; &lt;int_to_bool&gt;$&apos; then &apos;$&lt;read_str_from_txt&gt; =&gt; &lt;base64_ascii_str_pickle_to_object&gt; -&gt; &lt;str_to_bool&gt;$&apos; then &apos;$&lt;read_str_from_txt&gt; =&gt; &lt;base64_ascii_str_pickle_to_object&gt;$]&apos;]
(B)                                                                                                               |--b64pickle-float--5.0=-5.txt -&gt; int ------- using $&lt;read_str_from_txt&gt; =&gt; &lt;str_to_int&gt;$
Parsing Plan created successfully

Executing Parsing Plan for [/home/travis/build/smarie/python-parsyfiles/parsyfiles/tests/parsing_capabilities_by_type/primitives_data/int/ok/b64pickle-float--5.0=-5]
(P) /home/travis/build/smarie/python-parsyfiles/parsyfiles/tests/parsing_capabilities_by_type/primitives_data/int/ok/b64pickle-float--5.0=-5.txt -&gt; int ------- using $&lt;read_str_from_txt&gt; =&gt; &lt;str_to_int&gt;$
  !! Caught error during execution !!
  File &quot;/home/travis/build/smarie/python-parsyfiles/parsyfiles/plugins_base/support_for_primitive_types.py&quot;, line 37, in primitive_to_int
    source = literal_eval(source)
  File &quot;/opt/python/3.5.5/lib/python3.5/ast.py&quot;, line 84, in literal_eval
    return _convert(node_or_string)
  File &quot;/opt/python/3.5.5/lib/python3.5/ast.py&quot;, line 83, in _convert
    raise ValueError(&apos;malformed node or string: &apos; + repr(node))
  ValueError : malformed node or string: &lt;_ast.Name object at 0x7f33d3ddba90&gt;
(B)                                                                                                               |--b64pickle-float--5.0=-5.txt -&gt; int ------- using $&lt;read_str_from_txt&gt; =&gt; &lt;base64_ascii_str_pickle_to_object&gt; -&gt; &lt;bool_to_int&gt;$
Executing Parsing Plan for [/home/travis/build/smarie/python-parsyfiles/parsyfiles/tests/parsing_capabilities_by_type/primitives_data/int/ok/b64pickle-float--5.0=-5]
(P) /home/travis/build/smarie/python-parsyfiles/parsyfiles/tests/parsing_capabilities_by_type/primitives_data/int/ok/b64pickle-float--5.0=-5.txt -&gt; int ------- using $&lt;read_str_from_txt&gt; =&gt; &lt;base64_ascii_str_pickle_to_object&gt; -&gt; &lt;bool_to_int&gt;$
  !! Caught error during execution !!
  File &quot;/home/travis/build/smarie/python-parsyfiles/parsyfiles/converting_core.py&quot;, line 319, in convert
    return self._convert(desired_type, source_obj, logger, options)
  File &quot;/home/travis/build/smarie/python-parsyfiles/parsyfiles/converting_core.py&quot;, line 770, in _convert
    return self._converters_list[-1].convert(desired_type, obj, logger, options)
  File &quot;/home/travis/build/smarie/python-parsyfiles/parsyfiles/converting_core.py&quot;, line 321, in convert
    raise ConversionException.create_not_able_to_convert(source_obj, self, desired_type)
  ConversionException : Converter &lt;bool_to_int&gt; is not able to ingest source value &apos;-5.0&apos; of type &apos;float&apos; and/or convert it to type &apos;int&apos;. This can happen in a chain when the previous step in the chain is generic and actually produced  an output of the wrong type/content
(B)                                                                                                               |--b64pickle-float--5.0=-5.txt -&gt; int ------- using $&lt;read_str_from_txt&gt; =&gt; &lt;base64_ascii_str_pickle_to_object&gt; -&gt; &lt;float_to_int&gt;$
Executing Parsing Plan for [/home/travis/build/smarie/python-parsyfiles/parsyfiles/tests/parsing_capabilities_by_type/primitives_data/int/ok/b64pickle-float--5.0=-5]
(P) /home/travis/build/smarie/python-parsyfiles/parsyfiles/tests/parsing_capabilities_by_type/primitives_data/int/ok/b64pickle-float--5.0=-5.txt -&gt; int ------- using $&lt;read_str_from_txt&gt; =&gt; &lt;base64_ascii_str_pickle_to_object&gt; -&gt; &lt;float_to_int&gt;$
(P)                                                                                                               |--b64pickle-float--5.0=-5.txt -&gt; int SUCCESS !
Completed parsing successfully

-5==-5
</system-out></testcase><testcase classname="parsyfiles.tests.parsing_capabilities_by_type.test_parse_primitives" file="parsyfiles/tests/parsing_capabilities_by_type/test_parse_primitives.py" line="179" name="test_parse_by_type[int-ok-b64pickle-int--2=-2.txt]" time="0.0873873233795166"><system-out>**** Starting to parse single object of type &lt;int&gt; at location /home/travis/build/smarie/python-parsyfiles/parsyfiles/tests/parsing_capabilities_by_type/primitives_data/int/ok/b64pickle-int--2=-2 ****
Checking all files under [/home/travis/build/smarie/python-parsyfiles/parsyfiles/tests/parsing_capabilities_by_type/primitives_data/int/ok/b64pickle-int--2=-2]
(C) /home/travis/build/smarie/python-parsyfiles/parsyfiles/tests/parsing_capabilities_by_type/primitives_data/int/ok/b64pickle-int--2=-2 (singlefile, .txt)
File checks done

Building a parsing plan to parse [/home/travis/build/smarie/python-parsyfiles/parsyfiles/tests/parsing_capabilities_by_type/primitives_data/int/ok/b64pickle-int--2=-2] into a int
(B) /home/travis/build/smarie/python-parsyfiles/parsyfiles/tests/parsing_capabilities_by_type/primitives_data/int/ok/b64pickle-int--2=-2.txt -&gt; int ------- using [Try &apos;[Try &apos;$&lt;read_str_from_txt&gt; =&gt; &lt;str_to_int&gt;$&apos; then &apos;$&lt;read_str_from_txt&gt; =&gt; &lt;base64_ascii_str_pickle_to_object&gt; -&gt; &lt;bool_to_int&gt;$&apos; then &apos;$&lt;read_str_from_txt&gt; =&gt; &lt;base64_ascii_str_pickle_to_object&gt; -&gt; &lt;float_to_int&gt;$&apos; then &apos;$&lt;read_str_from_txt&gt; =&gt; &lt;base64_ascii_str_pickle_to_object&gt; -&gt; &lt;str_to_int&gt;$&apos; then &apos;$&lt;read_str_from_txt&gt; =&gt; &lt;str_to_bool&gt;$&apos; then &apos;$&lt;read_str_from_txt&gt; =&gt; &lt;base64_ascii_str_pickle_to_object&gt; -&gt; &lt;float_to_bool&gt;$&apos; then &apos;$&lt;read_str_from_txt&gt; =&gt; &lt;base64_ascii_str_pickle_to_object&gt; -&gt; &lt;int_to_bool&gt;$&apos; then &apos;$&lt;read_str_from_txt&gt; =&gt; &lt;base64_ascii_str_pickle_to_object&gt; -&gt; &lt;str_to_bool&gt;$&apos; then &apos;$&lt;read_str_from_txt&gt; =&gt; &lt;base64_ascii_str_pickle_to_object&gt;$]&apos;]&apos; -&gt; [int] then &apos;[Try &apos;$&lt;read_str_from_txt&gt; =&gt; &lt;str_to_bool&gt;$&apos; then &apos;$&lt;read_str_from_txt&gt; =&gt; &lt;base64_ascii_str_pickle_to_object&gt; -&gt; &lt;float_to_bool&gt;$&apos; then &apos;$&lt;read_str_from_txt&gt; =&gt; &lt;base64_ascii_str_pickle_to_object&gt; -&gt; &lt;int_to_bool&gt;$&apos; then &apos;$&lt;read_str_from_txt&gt; =&gt; &lt;base64_ascii_str_pickle_to_object&gt; -&gt; &lt;str_to_bool&gt;$&apos; then &apos;$&lt;read_str_from_txt&gt; =&gt; &lt;base64_ascii_str_pickle_to_object&gt;$]&apos;]&apos; -&gt; [bool] then &apos;[Try &apos;$&lt;read_str_from_txt&gt; =&gt; &lt;constructor_with_str_arg&gt;$&apos; then &apos;$&lt;read_str_from_txt&gt; =&gt; &lt;base64_ascii_str_pickle_to_object&gt;$]&apos;]&apos; -&gt; [_NamedIntConstant] then &apos;[Try &apos;$&lt;read_str_from_txt&gt; =&gt; &lt;constructor_with_str_arg&gt;$&apos; then &apos;$&lt;read_str_from_txt&gt; =&gt; &lt;base64_ascii_str_pickle_to_object&gt;$]&apos;]&apos; -&gt; [IntEnum] then &apos;[Try &apos;$&lt;read_str_from_txt&gt; =&gt; &lt;constructor_with_str_arg&gt;$&apos; then &apos;$&lt;read_str_from_txt&gt; =&gt; &lt;base64_ascii_str_pickle_to_object&gt;$]&apos;]&apos; -&gt; [Signals] then &apos;[Try &apos;$&lt;read_str_from_txt&gt; =&gt; &lt;constructor_with_str_arg&gt;$&apos; then &apos;$&lt;read_str_from_txt&gt; =&gt; &lt;base64_ascii_str_pickle_to_object&gt;$]&apos;]&apos; -&gt; [SocketKind] then &apos;[Try &apos;$&lt;read_str_from_txt&gt; =&gt; &lt;constructor_with_str_arg&gt;$&apos; then &apos;$&lt;read_str_from_txt&gt; =&gt; &lt;base64_ascii_str_pickle_to_object&gt;$]&apos;]&apos; -&gt; [HTTPStatus] then &apos;[Try &apos;$&lt;read_str_from_txt&gt; =&gt; &lt;constructor_with_str_arg&gt;$&apos; then &apos;$&lt;read_str_from_txt&gt; =&gt; &lt;base64_ascii_str_pickle_to_object&gt;$]&apos;]&apos; -&gt; [_SSLMethod] then &apos;[Try &apos;$&lt;read_str_from_txt&gt; =&gt; &lt;constructor_with_str_arg&gt;$&apos; then &apos;$&lt;read_str_from_txt&gt; =&gt; &lt;base64_ascii_str_pickle_to_object&gt;$]&apos;]&apos; -&gt; [_ParameterKind] then &apos;[Try &apos;$&lt;read_str_from_txt&gt; =&gt; &lt;constructor_with_str_arg&gt;$&apos; then &apos;$&lt;read_str_from_txt&gt; =&gt; &lt;base64_ascii_str_pickle_to_object&gt;$]&apos;]&apos; -&gt; [Sigmasks] then &apos;[Try &apos;$&lt;read_str_from_txt&gt; =&gt; &lt;constructor_with_str_arg&gt;$&apos; then &apos;$&lt;read_str_from_txt&gt; =&gt; &lt;base64_ascii_str_pickle_to_object&gt;$]&apos;]&apos; -&gt; [Handlers] then &apos;[Try &apos;$&lt;read_str_from_txt&gt; =&gt; &lt;constructor_with_str_arg&gt;$&apos; then &apos;$&lt;read_str_from_txt&gt; =&gt; &lt;base64_ascii_str_pickle_to_object&gt;$]&apos;]&apos; -&gt; [AddressFamily]]]
(B)                                                                                                               |--b64pickle-int--2=-2.txt -&gt; int ------- using [Try &apos;$&lt;read_str_from_txt&gt; =&gt; &lt;str_to_int&gt;$&apos; then &apos;$&lt;read_str_from_txt&gt; =&gt; &lt;base64_ascii_str_pickle_to_object&gt; -&gt; &lt;bool_to_int&gt;$&apos; then &apos;$&lt;read_str_from_txt&gt; =&gt; &lt;base64_ascii_str_pickle_to_object&gt; -&gt; &lt;float_to_int&gt;$&apos; then &apos;$&lt;read_str_from_txt&gt; =&gt; &lt;base64_ascii_str_pickle_to_object&gt; -&gt; &lt;str_to_int&gt;$&apos; then &apos;$&lt;read_str_from_txt&gt; =&gt; &lt;str_to_bool&gt;$&apos; then &apos;$&lt;read_str_from_txt&gt; =&gt; &lt;base64_ascii_str_pickle_to_object&gt; -&gt; &lt;float_to_bool&gt;$&apos; then &apos;$&lt;read_str_from_txt&gt; =&gt; &lt;base64_ascii_str_pickle_to_object&gt; -&gt; &lt;int_to_bool&gt;$&apos; then &apos;$&lt;read_str_from_txt&gt; =&gt; &lt;base64_ascii_str_pickle_to_object&gt; -&gt; &lt;str_to_bool&gt;$&apos; then &apos;$&lt;read_str_from_txt&gt; =&gt; &lt;base64_ascii_str_pickle_to_object&gt;$]&apos;]
(B)                                                                                                               |--b64pickle-int--2=-2.txt -&gt; int ------- using $&lt;read_str_from_txt&gt; =&gt; &lt;str_to_int&gt;$
Parsing Plan created successfully

Executing Parsing Plan for [/home/travis/build/smarie/python-parsyfiles/parsyfiles/tests/parsing_capabilities_by_type/primitives_data/int/ok/b64pickle-int--2=-2]
(P) /home/travis/build/smarie/python-parsyfiles/parsyfiles/tests/parsing_capabilities_by_type/primitives_data/int/ok/b64pickle-int--2=-2.txt -&gt; int ------- using $&lt;read_str_from_txt&gt; =&gt; &lt;str_to_int&gt;$
  !! Caught error during execution !!
  File &quot;/home/travis/build/smarie/python-parsyfiles/parsyfiles/plugins_base/support_for_primitive_types.py&quot;, line 37, in primitive_to_int
    source = literal_eval(source)
  File &quot;/opt/python/3.5.5/lib/python3.5/ast.py&quot;, line 46, in literal_eval
    node_or_string = parse(node_or_string, mode=&apos;eval&apos;)
  File &quot;/opt/python/3.5.5/lib/python3.5/ast.py&quot;, line 35, in parse
    return compile(source, filename, mode, PyCF_ONLY_AST)
  SyntaxError : invalid syntax (&lt;unknown&gt;, line 1)
(B)                                                                                                               |--b64pickle-int--2=-2.txt -&gt; int ------- using $&lt;read_str_from_txt&gt; =&gt; &lt;base64_ascii_str_pickle_to_object&gt; -&gt; &lt;bool_to_int&gt;$
Executing Parsing Plan for [/home/travis/build/smarie/python-parsyfiles/parsyfiles/tests/parsing_capabilities_by_type/primitives_data/int/ok/b64pickle-int--2=-2]
(P) /home/travis/build/smarie/python-parsyfiles/parsyfiles/tests/parsing_capabilities_by_type/primitives_data/int/ok/b64pickle-int--2=-2.txt -&gt; int ------- using $&lt;read_str_from_txt&gt; =&gt; &lt;base64_ascii_str_pickle_to_object&gt; -&gt; &lt;bool_to_int&gt;$
  !! Caught error during execution !!
  File &quot;/home/travis/build/smarie/python-parsyfiles/parsyfiles/converting_core.py&quot;, line 319, in convert
    return self._convert(desired_type, source_obj, logger, options)
  File &quot;/home/travis/build/smarie/python-parsyfiles/parsyfiles/converting_core.py&quot;, line 770, in _convert
    return self._converters_list[-1].convert(desired_type, obj, logger, options)
  File &quot;/home/travis/build/smarie/python-parsyfiles/parsyfiles/converting_core.py&quot;, line 321, in convert
    raise ConversionException.create_not_able_to_convert(source_obj, self, desired_type)
  ConversionException : Converter &lt;bool_to_int&gt; is not able to ingest source value &apos;-2&apos; of type &apos;int&apos; and/or convert it to type &apos;int&apos;. This can happen in a chain when the previous step in the chain is generic and actually produced  an output of the wrong type/content
(B)                                                                                                               |--b64pickle-int--2=-2.txt -&gt; int ------- using $&lt;read_str_from_txt&gt; =&gt; &lt;base64_ascii_str_pickle_to_object&gt; -&gt; &lt;float_to_int&gt;$
Executing Parsing Plan for [/home/travis/build/smarie/python-parsyfiles/parsyfiles/tests/parsing_capabilities_by_type/primitives_data/int/ok/b64pickle-int--2=-2]
(P) /home/travis/build/smarie/python-parsyfiles/parsyfiles/tests/parsing_capabilities_by_type/primitives_data/int/ok/b64pickle-int--2=-2.txt -&gt; int ------- using $&lt;read_str_from_txt&gt; =&gt; &lt;base64_ascii_str_pickle_to_object&gt; -&gt; &lt;float_to_int&gt;$
  !! Caught error during execution !!
  File &quot;/home/travis/build/smarie/python-parsyfiles/parsyfiles/converting_core.py&quot;, line 319, in convert
    return self._convert(desired_type, source_obj, logger, options)
  File &quot;/home/travis/build/smarie/python-parsyfiles/parsyfiles/converting_core.py&quot;, line 770, in _convert
    return self._converters_list[-1].convert(desired_type, obj, logger, options)
  File &quot;/home/travis/build/smarie/python-parsyfiles/parsyfiles/converting_core.py&quot;, line 321, in convert
    raise ConversionException.create_not_able_to_convert(source_obj, self, desired_type)
  ConversionException : Converter &lt;float_to_int&gt; is not able to ingest source value &apos;-2&apos; of type &apos;int&apos; and/or convert it to type &apos;int&apos;. This can happen in a chain when the previous step in the chain is generic and actually produced  an output of the wrong type/content
(B)                                                                                                               |--b64pickle-int--2=-2.txt -&gt; int ------- using $&lt;read_str_from_txt&gt; =&gt; &lt;base64_ascii_str_pickle_to_object&gt; -&gt; &lt;str_to_int&gt;$
Executing Parsing Plan for [/home/travis/build/smarie/python-parsyfiles/parsyfiles/tests/parsing_capabilities_by_type/primitives_data/int/ok/b64pickle-int--2=-2]
(P) /home/travis/build/smarie/python-parsyfiles/parsyfiles/tests/parsing_capabilities_by_type/primitives_data/int/ok/b64pickle-int--2=-2.txt -&gt; int ------- using $&lt;read_str_from_txt&gt; =&gt; &lt;base64_ascii_str_pickle_to_object&gt; -&gt; &lt;str_to_int&gt;$
  !! Caught error during execution !!
  File &quot;/home/travis/build/smarie/python-parsyfiles/parsyfiles/converting_core.py&quot;, line 319, in convert
    return self._convert(desired_type, source_obj, logger, options)
  File &quot;/home/travis/build/smarie/python-parsyfiles/parsyfiles/converting_core.py&quot;, line 770, in _convert
    return self._converters_list[-1].convert(desired_type, obj, logger, options)
  File &quot;/home/travis/build/smarie/python-parsyfiles/parsyfiles/converting_core.py&quot;, line 321, in convert
    raise ConversionException.create_not_able_to_convert(source_obj, self, desired_type)
  ConversionException : Converter &lt;str_to_int&gt; is not able to ingest source value &apos;-2&apos; of type &apos;int&apos; and/or convert it to type &apos;int&apos;. This can happen in a chain when the previous step in the chain is generic and actually produced  an output of the wrong type/content
(B)                                                                                                               |--b64pickle-int--2=-2.txt -&gt; int ------- using $&lt;read_str_from_txt&gt; =&gt; &lt;str_to_bool&gt;$
Executing Parsing Plan for [/home/travis/build/smarie/python-parsyfiles/parsyfiles/tests/parsing_capabilities_by_type/primitives_data/int/ok/b64pickle-int--2=-2]
(P) /home/travis/build/smarie/python-parsyfiles/parsyfiles/tests/parsing_capabilities_by_type/primitives_data/int/ok/b64pickle-int--2=-2.txt -&gt; int ------- using $&lt;read_str_from_txt&gt; =&gt; &lt;str_to_bool&gt;$
  !! Caught error during execution !!
  File &quot;/home/travis/build/smarie/python-parsyfiles/parsyfiles/converting_core.py&quot;, line 524, in _convert
    return self.conversion_method(desired_type, source_obj, logger, **opts)
  File &quot;/home/travis/build/smarie/python-parsyfiles/parsyfiles/plugins_base/support_for_primitive_types.py&quot;, line 84, in primitive_to_bool
    return bool(strtobool(source))
  File &quot;/opt/python/3.5.5/lib/python3.5/distutils/util.py&quot;, line 317, in strtobool
    raise ValueError(&quot;invalid truth value %r&quot; % (val,))
  ValueError : invalid truth value &apos;gank/v///y4=&apos;
(B)                                                                                                               |--b64pickle-int--2=-2.txt -&gt; int ------- using $&lt;read_str_from_txt&gt; =&gt; &lt;base64_ascii_str_pickle_to_object&gt; -&gt; &lt;float_to_bool&gt;$
Executing Parsing Plan for [/home/travis/build/smarie/python-parsyfiles/parsyfiles/tests/parsing_capabilities_by_type/primitives_data/int/ok/b64pickle-int--2=-2]
(P) /home/travis/build/smarie/python-parsyfiles/parsyfiles/tests/parsing_capabilities_by_type/primitives_data/int/ok/b64pickle-int--2=-2.txt -&gt; int ------- using $&lt;read_str_from_txt&gt; =&gt; &lt;base64_ascii_str_pickle_to_object&gt; -&gt; &lt;float_to_bool&gt;$
  !! Caught error during execution !!
  File &quot;/home/travis/build/smarie/python-parsyfiles/parsyfiles/converting_core.py&quot;, line 319, in convert
    return self._convert(desired_type, source_obj, logger, options)
  File &quot;/home/travis/build/smarie/python-parsyfiles/parsyfiles/converting_core.py&quot;, line 770, in _convert
    return self._converters_list[-1].convert(desired_type, obj, logger, options)
  File &quot;/home/travis/build/smarie/python-parsyfiles/parsyfiles/converting_core.py&quot;, line 321, in convert
    raise ConversionException.create_not_able_to_convert(source_obj, self, desired_type)
  ConversionException : Converter &lt;float_to_bool&gt; is not able to ingest source value &apos;-2&apos; of type &apos;int&apos; and/or convert it to type &apos;int&apos;. This can happen in a chain when the previous step in the chain is generic and actually produced  an output of the wrong type/content
(B)                                                                                                               |--b64pickle-int--2=-2.txt -&gt; int ------- using $&lt;read_str_from_txt&gt; =&gt; &lt;base64_ascii_str_pickle_to_object&gt; -&gt; &lt;int_to_bool&gt;$
Executing Parsing Plan for [/home/travis/build/smarie/python-parsyfiles/parsyfiles/tests/parsing_capabilities_by_type/primitives_data/int/ok/b64pickle-int--2=-2]
(P) /home/travis/build/smarie/python-parsyfiles/parsyfiles/tests/parsing_capabilities_by_type/primitives_data/int/ok/b64pickle-int--2=-2.txt -&gt; int ------- using $&lt;read_str_from_txt&gt; =&gt; &lt;base64_ascii_str_pickle_to_object&gt; -&gt; &lt;int_to_bool&gt;$
  !! Caught error during execution !!
  File &quot;/home/travis/build/smarie/python-parsyfiles/parsyfiles/converting_core.py&quot;, line 319, in convert
    return self._convert(desired_type, source_obj, logger, options)
  File &quot;/home/travis/build/smarie/python-parsyfiles/parsyfiles/converting_core.py&quot;, line 524, in _convert
    return self.conversion_method(desired_type, source_obj, logger, **opts)
  File &quot;/home/travis/build/smarie/python-parsyfiles/parsyfiles/plugins_base/support_for_primitive_types.py&quot;, line 91, in primitive_to_bool
    raise ValueError(&apos;Cannot convert to bool : source is a number but is not 1 nor 0 : \&apos;&apos; + str(source) + &apos;\&apos;&apos;)
  ValueError : Cannot convert to bool : source is a number but is not 1 nor 0 : &apos;-2&apos;
(B)                                                                                                               |--b64pickle-int--2=-2.txt -&gt; int ------- using $&lt;read_str_from_txt&gt; =&gt; &lt;base64_ascii_str_pickle_to_object&gt; -&gt; &lt;str_to_bool&gt;$
Executing Parsing Plan for [/home/travis/build/smarie/python-parsyfiles/parsyfiles/tests/parsing_capabilities_by_type/primitives_data/int/ok/b64pickle-int--2=-2]
(P) /home/travis/build/smarie/python-parsyfiles/parsyfiles/tests/parsing_capabilities_by_type/primitives_data/int/ok/b64pickle-int--2=-2.txt -&gt; int ------- using $&lt;read_str_from_txt&gt; =&gt; &lt;base64_ascii_str_pickle_to_object&gt; -&gt; &lt;str_to_bool&gt;$
  !! Caught error during execution !!
  File &quot;/home/travis/build/smarie/python-parsyfiles/parsyfiles/converting_core.py&quot;, line 319, in convert
    return self._convert(desired_type, source_obj, logger, options)
  File &quot;/home/travis/build/smarie/python-parsyfiles/parsyfiles/converting_core.py&quot;, line 770, in _convert
    return self._converters_list[-1].convert(desired_type, obj, logger, options)
  File &quot;/home/travis/build/smarie/python-parsyfiles/parsyfiles/converting_core.py&quot;, line 321, in convert
    raise ConversionException.create_not_able_to_convert(source_obj, self, desired_type)
  ConversionException : Converter &lt;str_to_bool&gt; is not able to ingest source value &apos;-2&apos; of type &apos;int&apos; and/or convert it to type &apos;int&apos;. This can happen in a chain when the previous step in the chain is generic and actually produced  an output of the wrong type/content
(B)                                                                                                               |--b64pickle-int--2=-2.txt -&gt; int ------- using $&lt;read_str_from_txt&gt; =&gt; &lt;base64_ascii_str_pickle_to_object&gt;$
Executing Parsing Plan for [/home/travis/build/smarie/python-parsyfiles/parsyfiles/tests/parsing_capabilities_by_type/primitives_data/int/ok/b64pickle-int--2=-2]
(P) /home/travis/build/smarie/python-parsyfiles/parsyfiles/tests/parsing_capabilities_by_type/primitives_data/int/ok/b64pickle-int--2=-2.txt -&gt; int ------- using $&lt;read_str_from_txt&gt; =&gt; &lt;base64_ascii_str_pickle_to_object&gt;$
(P)                                                                                                               |--b64pickle-int--2=-2.txt -&gt; int SUCCESS !
Completed parsing successfully

-2==-2
</system-out></testcase><testcase classname="parsyfiles.tests.parsing_capabilities_by_type.test_parse_primitives" file="parsyfiles/tests/parsing_capabilities_by_type/test_parse_primitives.py" line="179" name="test_parse_by_type[int-ok-pickle-float--5.0=-5.pyc]" time="0.07446479797363281"><system-out>**** Starting to parse single object of type &lt;int&gt; at location /home/travis/build/smarie/python-parsyfiles/parsyfiles/tests/parsing_capabilities_by_type/primitives_data/int/ok/pickle-float--5.0=-5 ****
Checking all files under [/home/travis/build/smarie/python-parsyfiles/parsyfiles/tests/parsing_capabilities_by_type/primitives_data/int/ok/pickle-float--5.0=-5]
(C) /home/travis/build/smarie/python-parsyfiles/parsyfiles/tests/parsing_capabilities_by_type/primitives_data/int/ok/pickle-float--5.0=-5 (singlefile, .pyc)
File checks done

Building a parsing plan to parse [/home/travis/build/smarie/python-parsyfiles/parsyfiles/tests/parsing_capabilities_by_type/primitives_data/int/ok/pickle-float--5.0=-5] into a int
(B) /home/travis/build/smarie/python-parsyfiles/parsyfiles/tests/parsing_capabilities_by_type/primitives_data/int/ok/pickle-float--5.0=-5.pyc -&gt; int ------- using [Try &apos;[Try &apos;$&lt;read_object_from_pickle&gt; =&gt; &lt;bool_to_int&gt;$&apos; then &apos;$&lt;read_object_from_pickle&gt; =&gt; &lt;float_to_int&gt;$&apos; then &apos;$&lt;read_object_from_pickle&gt; =&gt; &lt;str_to_int&gt;$&apos; then &apos;$&lt;read_object_from_pickle&gt; =&gt; &lt;float_to_bool&gt;$&apos; then &apos;$&lt;read_object_from_pickle&gt; =&gt; &lt;int_to_bool&gt;$&apos; then &apos;$&lt;read_object_from_pickle&gt; =&gt; &lt;str_to_bool&gt;$&apos; then &apos;&lt;read_object_from_pickle&gt;]&apos;]&apos; -&gt; [int] then &apos;[Try &apos;$&lt;read_object_from_pickle&gt; =&gt; &lt;float_to_bool&gt;$&apos; then &apos;$&lt;read_object_from_pickle&gt; =&gt; &lt;int_to_bool&gt;$&apos; then &apos;$&lt;read_object_from_pickle&gt; =&gt; &lt;str_to_bool&gt;$&apos; then &apos;&lt;read_object_from_pickle&gt;]&apos;]&apos; -&gt; [bool] then &apos;&lt;read_object_from_pickle&gt;&apos; -&gt; [_NamedIntConstant] then &apos;&lt;read_object_from_pickle&gt;&apos; -&gt; [IntEnum] then &apos;&lt;read_object_from_pickle&gt;&apos; -&gt; [Signals] then &apos;&lt;read_object_from_pickle&gt;&apos; -&gt; [SocketKind] then &apos;&lt;read_object_from_pickle&gt;&apos; -&gt; [HTTPStatus] then &apos;&lt;read_object_from_pickle&gt;&apos; -&gt; [_SSLMethod] then &apos;&lt;read_object_from_pickle&gt;&apos; -&gt; [_ParameterKind] then &apos;&lt;read_object_from_pickle&gt;&apos; -&gt; [Sigmasks] then &apos;&lt;read_object_from_pickle&gt;&apos; -&gt; [Handlers] then &apos;&lt;read_object_from_pickle&gt;&apos; -&gt; [AddressFamily]]]
(B)                                                                                                               |--pickle-float--5.0=-5.pyc -&gt; int ------- using [Try &apos;$&lt;read_object_from_pickle&gt; =&gt; &lt;bool_to_int&gt;$&apos; then &apos;$&lt;read_object_from_pickle&gt; =&gt; &lt;float_to_int&gt;$&apos; then &apos;$&lt;read_object_from_pickle&gt; =&gt; &lt;str_to_int&gt;$&apos; then &apos;$&lt;read_object_from_pickle&gt; =&gt; &lt;float_to_bool&gt;$&apos; then &apos;$&lt;read_object_from_pickle&gt; =&gt; &lt;int_to_bool&gt;$&apos; then &apos;$&lt;read_object_from_pickle&gt; =&gt; &lt;str_to_bool&gt;$&apos; then &apos;&lt;read_object_from_pickle&gt;]&apos;]
(B)                                                                                                               |--pickle-float--5.0=-5.pyc -&gt; int ------- using $&lt;read_object_from_pickle&gt; =&gt; &lt;bool_to_int&gt;$
Parsing Plan created successfully

Executing Parsing Plan for [/home/travis/build/smarie/python-parsyfiles/parsyfiles/tests/parsing_capabilities_by_type/primitives_data/int/ok/pickle-float--5.0=-5]
(P) /home/travis/build/smarie/python-parsyfiles/parsyfiles/tests/parsing_capabilities_by_type/primitives_data/int/ok/pickle-float--5.0=-5.pyc -&gt; int ------- using $&lt;read_object_from_pickle&gt; =&gt; &lt;bool_to_int&gt;$
  !! Caught error during execution !!
  File &quot;/home/travis/build/smarie/python-parsyfiles/parsyfiles/parsing_core.py&quot;, line 177, in _execute
    self.get_singlefile_encoding(), logger, options)
  File &quot;/home/travis/build/smarie/python-parsyfiles/parsyfiles/parsing_combining_parsers.py&quot;, line 598, in _parse_singlefile
    return self._converter.convert(desired_type, first, logger, options)
  File &quot;/home/travis/build/smarie/python-parsyfiles/parsyfiles/converting_core.py&quot;, line 321, in convert
    raise ConversionException.create_not_able_to_convert(source_obj, self, desired_type)
  ConversionException : Converter $&lt;bool_to_int&gt;$ is not able to ingest source value &apos;-5.0&apos; of type &apos;float&apos; and/or convert it to type &apos;int&apos;. This can happen in a chain when the previous step in the chain is generic and actually produced  an output of the wrong type/content
(B)                                                                                                               |--pickle-float--5.0=-5.pyc -&gt; int ------- using $&lt;read_object_from_pickle&gt; =&gt; &lt;float_to_int&gt;$
Executing Parsing Plan for [/home/travis/build/smarie/python-parsyfiles/parsyfiles/tests/parsing_capabilities_by_type/primitives_data/int/ok/pickle-float--5.0=-5]
(P) /home/travis/build/smarie/python-parsyfiles/parsyfiles/tests/parsing_capabilities_by_type/primitives_data/int/ok/pickle-float--5.0=-5.pyc -&gt; int ------- using $&lt;read_object_from_pickle&gt; =&gt; &lt;float_to_int&gt;$
(P)                                                                                                               |--pickle-float--5.0=-5.pyc -&gt; int SUCCESS !
Completed parsing successfully

-5==-5
</system-out></testcase><testcase classname="parsyfiles.tests.parsing_capabilities_by_type.test_parse_primitives" file="parsyfiles/tests/parsing_capabilities_by_type/test_parse_primitives.py" line="179" name="test_parse_by_type[int-ok-b64pickle-float-0.0=0.txt]" time="0.07790684700012207"><system-out>**** Starting to parse single object of type &lt;int&gt; at location /home/travis/build/smarie/python-parsyfiles/parsyfiles/tests/parsing_capabilities_by_type/primitives_data/int/ok/b64pickle-float-0.0=0 ****
Checking all files under [/home/travis/build/smarie/python-parsyfiles/parsyfiles/tests/parsing_capabilities_by_type/primitives_data/int/ok/b64pickle-float-0.0=0]
(C) /home/travis/build/smarie/python-parsyfiles/parsyfiles/tests/parsing_capabilities_by_type/primitives_data/int/ok/b64pickle-float-0.0=0 (singlefile, .txt)
File checks done

Building a parsing plan to parse [/home/travis/build/smarie/python-parsyfiles/parsyfiles/tests/parsing_capabilities_by_type/primitives_data/int/ok/b64pickle-float-0.0=0] into a int
(B) /home/travis/build/smarie/python-parsyfiles/parsyfiles/tests/parsing_capabilities_by_type/primitives_data/int/ok/b64pickle-float-0.0=0.txt -&gt; int ------- using [Try &apos;[Try &apos;$&lt;read_str_from_txt&gt; =&gt; &lt;str_to_int&gt;$&apos; then &apos;$&lt;read_str_from_txt&gt; =&gt; &lt;base64_ascii_str_pickle_to_object&gt; -&gt; &lt;bool_to_int&gt;$&apos; then &apos;$&lt;read_str_from_txt&gt; =&gt; &lt;base64_ascii_str_pickle_to_object&gt; -&gt; &lt;float_to_int&gt;$&apos; then &apos;$&lt;read_str_from_txt&gt; =&gt; &lt;base64_ascii_str_pickle_to_object&gt; -&gt; &lt;str_to_int&gt;$&apos; then &apos;$&lt;read_str_from_txt&gt; =&gt; &lt;str_to_bool&gt;$&apos; then &apos;$&lt;read_str_from_txt&gt; =&gt; &lt;base64_ascii_str_pickle_to_object&gt; -&gt; &lt;float_to_bool&gt;$&apos; then &apos;$&lt;read_str_from_txt&gt; =&gt; &lt;base64_ascii_str_pickle_to_object&gt; -&gt; &lt;int_to_bool&gt;$&apos; then &apos;$&lt;read_str_from_txt&gt; =&gt; &lt;base64_ascii_str_pickle_to_object&gt; -&gt; &lt;str_to_bool&gt;$&apos; then &apos;$&lt;read_str_from_txt&gt; =&gt; &lt;base64_ascii_str_pickle_to_object&gt;$]&apos;]&apos; -&gt; [int] then &apos;[Try &apos;$&lt;read_str_from_txt&gt; =&gt; &lt;str_to_bool&gt;$&apos; then &apos;$&lt;read_str_from_txt&gt; =&gt; &lt;base64_ascii_str_pickle_to_object&gt; -&gt; &lt;float_to_bool&gt;$&apos; then &apos;$&lt;read_str_from_txt&gt; =&gt; &lt;base64_ascii_str_pickle_to_object&gt; -&gt; &lt;int_to_bool&gt;$&apos; then &apos;$&lt;read_str_from_txt&gt; =&gt; &lt;base64_ascii_str_pickle_to_object&gt; -&gt; &lt;str_to_bool&gt;$&apos; then &apos;$&lt;read_str_from_txt&gt; =&gt; &lt;base64_ascii_str_pickle_to_object&gt;$]&apos;]&apos; -&gt; [bool] then &apos;[Try &apos;$&lt;read_str_from_txt&gt; =&gt; &lt;constructor_with_str_arg&gt;$&apos; then &apos;$&lt;read_str_from_txt&gt; =&gt; &lt;base64_ascii_str_pickle_to_object&gt;$]&apos;]&apos; -&gt; [_NamedIntConstant] then &apos;[Try &apos;$&lt;read_str_from_txt&gt; =&gt; &lt;constructor_with_str_arg&gt;$&apos; then &apos;$&lt;read_str_from_txt&gt; =&gt; &lt;base64_ascii_str_pickle_to_object&gt;$]&apos;]&apos; -&gt; [IntEnum] then &apos;[Try &apos;$&lt;read_str_from_txt&gt; =&gt; &lt;constructor_with_str_arg&gt;$&apos; then &apos;$&lt;read_str_from_txt&gt; =&gt; &lt;base64_ascii_str_pickle_to_object&gt;$]&apos;]&apos; -&gt; [Signals] then &apos;[Try &apos;$&lt;read_str_from_txt&gt; =&gt; &lt;constructor_with_str_arg&gt;$&apos; then &apos;$&lt;read_str_from_txt&gt; =&gt; &lt;base64_ascii_str_pickle_to_object&gt;$]&apos;]&apos; -&gt; [SocketKind] then &apos;[Try &apos;$&lt;read_str_from_txt&gt; =&gt; &lt;constructor_with_str_arg&gt;$&apos; then &apos;$&lt;read_str_from_txt&gt; =&gt; &lt;base64_ascii_str_pickle_to_object&gt;$]&apos;]&apos; -&gt; [HTTPStatus] then &apos;[Try &apos;$&lt;read_str_from_txt&gt; =&gt; &lt;constructor_with_str_arg&gt;$&apos; then &apos;$&lt;read_str_from_txt&gt; =&gt; &lt;base64_ascii_str_pickle_to_object&gt;$]&apos;]&apos; -&gt; [_SSLMethod] then &apos;[Try &apos;$&lt;read_str_from_txt&gt; =&gt; &lt;constructor_with_str_arg&gt;$&apos; then &apos;$&lt;read_str_from_txt&gt; =&gt; &lt;base64_ascii_str_pickle_to_object&gt;$]&apos;]&apos; -&gt; [_ParameterKind] then &apos;[Try &apos;$&lt;read_str_from_txt&gt; =&gt; &lt;constructor_with_str_arg&gt;$&apos; then &apos;$&lt;read_str_from_txt&gt; =&gt; &lt;base64_ascii_str_pickle_to_object&gt;$]&apos;]&apos; -&gt; [Sigmasks] then &apos;[Try &apos;$&lt;read_str_from_txt&gt; =&gt; &lt;constructor_with_str_arg&gt;$&apos; then &apos;$&lt;read_str_from_txt&gt; =&gt; &lt;base64_ascii_str_pickle_to_object&gt;$]&apos;]&apos; -&gt; [Handlers] then &apos;[Try &apos;$&lt;read_str_from_txt&gt; =&gt; &lt;constructor_with_str_arg&gt;$&apos; then &apos;$&lt;read_str_from_txt&gt; =&gt; &lt;base64_ascii_str_pickle_to_object&gt;$]&apos;]&apos; -&gt; [AddressFamily]]]
(B)                                                                                                               |--b64pickle-float-0.0=0.txt -&gt; int ------- using [Try &apos;$&lt;read_str_from_txt&gt; =&gt; &lt;str_to_int&gt;$&apos; then &apos;$&lt;read_str_from_txt&gt; =&gt; &lt;base64_ascii_str_pickle_to_object&gt; -&gt; &lt;bool_to_int&gt;$&apos; then &apos;$&lt;read_str_from_txt&gt; =&gt; &lt;base64_ascii_str_pickle_to_object&gt; -&gt; &lt;float_to_int&gt;$&apos; then &apos;$&lt;read_str_from_txt&gt; =&gt; &lt;base64_ascii_str_pickle_to_object&gt; -&gt; &lt;str_to_int&gt;$&apos; then &apos;$&lt;read_str_from_txt&gt; =&gt; &lt;str_to_bool&gt;$&apos; then &apos;$&lt;read_str_from_txt&gt; =&gt; &lt;base64_ascii_str_pickle_to_object&gt; -&gt; &lt;float_to_bool&gt;$&apos; then &apos;$&lt;read_str_from_txt&gt; =&gt; &lt;base64_ascii_str_pickle_to_object&gt; -&gt; &lt;int_to_bool&gt;$&apos; then &apos;$&lt;read_str_from_txt&gt; =&gt; &lt;base64_ascii_str_pickle_to_object&gt; -&gt; &lt;str_to_bool&gt;$&apos; then &apos;$&lt;read_str_from_txt&gt; =&gt; &lt;base64_ascii_str_pickle_to_object&gt;$]&apos;]
(B)                                                                                                               |--b64pickle-float-0.0=0.txt -&gt; int ------- using $&lt;read_str_from_txt&gt; =&gt; &lt;str_to_int&gt;$
Parsing Plan created successfully

Executing Parsing Plan for [/home/travis/build/smarie/python-parsyfiles/parsyfiles/tests/parsing_capabilities_by_type/primitives_data/int/ok/b64pickle-float-0.0=0]
(P) /home/travis/build/smarie/python-parsyfiles/parsyfiles/tests/parsing_capabilities_by_type/primitives_data/int/ok/b64pickle-float-0.0=0.txt -&gt; int ------- using $&lt;read_str_from_txt&gt; =&gt; &lt;str_to_int&gt;$
  !! Caught error during execution !!
  File &quot;/home/travis/build/smarie/python-parsyfiles/parsyfiles/plugins_base/support_for_primitive_types.py&quot;, line 37, in primitive_to_int
    source = literal_eval(source)
  File &quot;/opt/python/3.5.5/lib/python3.5/ast.py&quot;, line 84, in literal_eval
    return _convert(node_or_string)
  File &quot;/opt/python/3.5.5/lib/python3.5/ast.py&quot;, line 83, in _convert
    raise ValueError(&apos;malformed node or string: &apos; + repr(node))
  ValueError : malformed node or string: &lt;_ast.Name object at 0x7f33d4afeb38&gt;
(B)                                                                                                               |--b64pickle-float-0.0=0.txt -&gt; int ------- using $&lt;read_str_from_txt&gt; =&gt; &lt;base64_ascii_str_pickle_to_object&gt; -&gt; &lt;bool_to_int&gt;$
Executing Parsing Plan for [/home/travis/build/smarie/python-parsyfiles/parsyfiles/tests/parsing_capabilities_by_type/primitives_data/int/ok/b64pickle-float-0.0=0]
(P) /home/travis/build/smarie/python-parsyfiles/parsyfiles/tests/parsing_capabilities_by_type/primitives_data/int/ok/b64pickle-float-0.0=0.txt -&gt; int ------- using $&lt;read_str_from_txt&gt; =&gt; &lt;base64_ascii_str_pickle_to_object&gt; -&gt; &lt;bool_to_int&gt;$
  !! Caught error during execution !!
  File &quot;/home/travis/build/smarie/python-parsyfiles/parsyfiles/converting_core.py&quot;, line 319, in convert
    return self._convert(desired_type, source_obj, logger, options)
  File &quot;/home/travis/build/smarie/python-parsyfiles/parsyfiles/converting_core.py&quot;, line 770, in _convert
    return self._converters_list[-1].convert(desired_type, obj, logger, options)
  File &quot;/home/travis/build/smarie/python-parsyfiles/parsyfiles/converting_core.py&quot;, line 321, in convert
    raise ConversionException.create_not_able_to_convert(source_obj, self, desired_type)
  ConversionException : Converter &lt;bool_to_int&gt; is not able to ingest source value &apos;0.0&apos; of type &apos;float&apos; and/or convert it to type &apos;int&apos;. This can happen in a chain when the previous step in the chain is generic and actually produced  an output of the wrong type/content
(B)                                                                                                               |--b64pickle-float-0.0=0.txt -&gt; int ------- using $&lt;read_str_from_txt&gt; =&gt; &lt;base64_ascii_str_pickle_to_object&gt; -&gt; &lt;float_to_int&gt;$
Executing Parsing Plan for [/home/travis/build/smarie/python-parsyfiles/parsyfiles/tests/parsing_capabilities_by_type/primitives_data/int/ok/b64pickle-float-0.0=0]
(P) /home/travis/build/smarie/python-parsyfiles/parsyfiles/tests/parsing_capabilities_by_type/primitives_data/int/ok/b64pickle-float-0.0=0.txt -&gt; int ------- using $&lt;read_str_from_txt&gt; =&gt; &lt;base64_ascii_str_pickle_to_object&gt; -&gt; &lt;float_to_int&gt;$
(P)                                                                                                               |--b64pickle-float-0.0=0.txt -&gt; int SUCCESS !
Completed parsing successfully

0==0
</system-out></testcase><testcase classname="parsyfiles.tests.parsing_capabilities_by_type.test_parse_primitives" file="parsyfiles/tests/parsing_capabilities_by_type/test_parse_primitives.py" line="179" name="test_parse_by_type[int-ok-txt-float-10.0=10.txt]" time="0.0725088119506836"><system-out>**** Starting to parse single object of type &lt;int&gt; at location /home/travis/build/smarie/python-parsyfiles/parsyfiles/tests/parsing_capabilities_by_type/primitives_data/int/ok/txt-float-10.0=10 ****
Checking all files under [/home/travis/build/smarie/python-parsyfiles/parsyfiles/tests/parsing_capabilities_by_type/primitives_data/int/ok/txt-float-10.0=10]
(C) /home/travis/build/smarie/python-parsyfiles/parsyfiles/tests/parsing_capabilities_by_type/primitives_data/int/ok/txt-float-10.0=10 (singlefile, .txt)
File checks done

Building a parsing plan to parse [/home/travis/build/smarie/python-parsyfiles/parsyfiles/tests/parsing_capabilities_by_type/primitives_data/int/ok/txt-float-10.0=10] into a int
(B) /home/travis/build/smarie/python-parsyfiles/parsyfiles/tests/parsing_capabilities_by_type/primitives_data/int/ok/txt-float-10.0=10.txt -&gt; int ------- using [Try &apos;[Try &apos;$&lt;read_str_from_txt&gt; =&gt; &lt;str_to_int&gt;$&apos; then &apos;$&lt;read_str_from_txt&gt; =&gt; &lt;base64_ascii_str_pickle_to_object&gt; -&gt; &lt;bool_to_int&gt;$&apos; then &apos;$&lt;read_str_from_txt&gt; =&gt; &lt;base64_ascii_str_pickle_to_object&gt; -&gt; &lt;float_to_int&gt;$&apos; then &apos;$&lt;read_str_from_txt&gt; =&gt; &lt;base64_ascii_str_pickle_to_object&gt; -&gt; &lt;str_to_int&gt;$&apos; then &apos;$&lt;read_str_from_txt&gt; =&gt; &lt;str_to_bool&gt;$&apos; then &apos;$&lt;read_str_from_txt&gt; =&gt; &lt;base64_ascii_str_pickle_to_object&gt; -&gt; &lt;float_to_bool&gt;$&apos; then &apos;$&lt;read_str_from_txt&gt; =&gt; &lt;base64_ascii_str_pickle_to_object&gt; -&gt; &lt;int_to_bool&gt;$&apos; then &apos;$&lt;read_str_from_txt&gt; =&gt; &lt;base64_ascii_str_pickle_to_object&gt; -&gt; &lt;str_to_bool&gt;$&apos; then &apos;$&lt;read_str_from_txt&gt; =&gt; &lt;base64_ascii_str_pickle_to_object&gt;$]&apos;]&apos; -&gt; [int] then &apos;[Try &apos;$&lt;read_str_from_txt&gt; =&gt; &lt;str_to_bool&gt;$&apos; then &apos;$&lt;read_str_from_txt&gt; =&gt; &lt;base64_ascii_str_pickle_to_object&gt; -&gt; &lt;float_to_bool&gt;$&apos; then &apos;$&lt;read_str_from_txt&gt; =&gt; &lt;base64_ascii_str_pickle_to_object&gt; -&gt; &lt;int_to_bool&gt;$&apos; then &apos;$&lt;read_str_from_txt&gt; =&gt; &lt;base64_ascii_str_pickle_to_object&gt; -&gt; &lt;str_to_bool&gt;$&apos; then &apos;$&lt;read_str_from_txt&gt; =&gt; &lt;base64_ascii_str_pickle_to_object&gt;$]&apos;]&apos; -&gt; [bool] then &apos;[Try &apos;$&lt;read_str_from_txt&gt; =&gt; &lt;constructor_with_str_arg&gt;$&apos; then &apos;$&lt;read_str_from_txt&gt; =&gt; &lt;base64_ascii_str_pickle_to_object&gt;$]&apos;]&apos; -&gt; [_NamedIntConstant] then &apos;[Try &apos;$&lt;read_str_from_txt&gt; =&gt; &lt;constructor_with_str_arg&gt;$&apos; then &apos;$&lt;read_str_from_txt&gt; =&gt; &lt;base64_ascii_str_pickle_to_object&gt;$]&apos;]&apos; -&gt; [IntEnum] then &apos;[Try &apos;$&lt;read_str_from_txt&gt; =&gt; &lt;constructor_with_str_arg&gt;$&apos; then &apos;$&lt;read_str_from_txt&gt; =&gt; &lt;base64_ascii_str_pickle_to_object&gt;$]&apos;]&apos; -&gt; [Signals] then &apos;[Try &apos;$&lt;read_str_from_txt&gt; =&gt; &lt;constructor_with_str_arg&gt;$&apos; then &apos;$&lt;read_str_from_txt&gt; =&gt; &lt;base64_ascii_str_pickle_to_object&gt;$]&apos;]&apos; -&gt; [SocketKind] then &apos;[Try &apos;$&lt;read_str_from_txt&gt; =&gt; &lt;constructor_with_str_arg&gt;$&apos; then &apos;$&lt;read_str_from_txt&gt; =&gt; &lt;base64_ascii_str_pickle_to_object&gt;$]&apos;]&apos; -&gt; [HTTPStatus] then &apos;[Try &apos;$&lt;read_str_from_txt&gt; =&gt; &lt;constructor_with_str_arg&gt;$&apos; then &apos;$&lt;read_str_from_txt&gt; =&gt; &lt;base64_ascii_str_pickle_to_object&gt;$]&apos;]&apos; -&gt; [_SSLMethod] then &apos;[Try &apos;$&lt;read_str_from_txt&gt; =&gt; &lt;constructor_with_str_arg&gt;$&apos; then &apos;$&lt;read_str_from_txt&gt; =&gt; &lt;base64_ascii_str_pickle_to_object&gt;$]&apos;]&apos; -&gt; [_ParameterKind] then &apos;[Try &apos;$&lt;read_str_from_txt&gt; =&gt; &lt;constructor_with_str_arg&gt;$&apos; then &apos;$&lt;read_str_from_txt&gt; =&gt; &lt;base64_ascii_str_pickle_to_object&gt;$]&apos;]&apos; -&gt; [Sigmasks] then &apos;[Try &apos;$&lt;read_str_from_txt&gt; =&gt; &lt;constructor_with_str_arg&gt;$&apos; then &apos;$&lt;read_str_from_txt&gt; =&gt; &lt;base64_ascii_str_pickle_to_object&gt;$]&apos;]&apos; -&gt; [Handlers] then &apos;[Try &apos;$&lt;read_str_from_txt&gt; =&gt; &lt;constructor_with_str_arg&gt;$&apos; then &apos;$&lt;read_str_from_txt&gt; =&gt; &lt;base64_ascii_str_pickle_to_object&gt;$]&apos;]&apos; -&gt; [AddressFamily]]]
(B)                                                                                                               |--txt-float-10.0=10.txt -&gt; int ------- using [Try &apos;$&lt;read_str_from_txt&gt; =&gt; &lt;str_to_int&gt;$&apos; then &apos;$&lt;read_str_from_txt&gt; =&gt; &lt;base64_ascii_str_pickle_to_object&gt; -&gt; &lt;bool_to_int&gt;$&apos; then &apos;$&lt;read_str_from_txt&gt; =&gt; &lt;base64_ascii_str_pickle_to_object&gt; -&gt; &lt;float_to_int&gt;$&apos; then &apos;$&lt;read_str_from_txt&gt; =&gt; &lt;base64_ascii_str_pickle_to_object&gt; -&gt; &lt;str_to_int&gt;$&apos; then &apos;$&lt;read_str_from_txt&gt; =&gt; &lt;str_to_bool&gt;$&apos; then &apos;$&lt;read_str_from_txt&gt; =&gt; &lt;base64_ascii_str_pickle_to_object&gt; -&gt; &lt;float_to_bool&gt;$&apos; then &apos;$&lt;read_str_from_txt&gt; =&gt; &lt;base64_ascii_str_pickle_to_object&gt; -&gt; &lt;int_to_bool&gt;$&apos; then &apos;$&lt;read_str_from_txt&gt; =&gt; &lt;base64_ascii_str_pickle_to_object&gt; -&gt; &lt;str_to_bool&gt;$&apos; then &apos;$&lt;read_str_from_txt&gt; =&gt; &lt;base64_ascii_str_pickle_to_object&gt;$]&apos;]
(B)                                                                                                               |--txt-float-10.0=10.txt -&gt; int ------- using $&lt;read_str_from_txt&gt; =&gt; &lt;str_to_int&gt;$
Parsing Plan created successfully

Executing Parsing Plan for [/home/travis/build/smarie/python-parsyfiles/parsyfiles/tests/parsing_capabilities_by_type/primitives_data/int/ok/txt-float-10.0=10]
(P) /home/travis/build/smarie/python-parsyfiles/parsyfiles/tests/parsing_capabilities_by_type/primitives_data/int/ok/txt-float-10.0=10.txt -&gt; int ------- using $&lt;read_str_from_txt&gt; =&gt; &lt;str_to_int&gt;$
(P)                                                                                                               |--txt-float-10.0=10.txt -&gt; int SUCCESS !
Completed parsing successfully

10==10
</system-out></testcase><testcase classname="parsyfiles.tests.parsing_capabilities_by_type.test_parse_primitives" file="parsyfiles/tests/parsing_capabilities_by_type/test_parse_primitives.py" line="179" name="test_parse_by_type[int-ok-txt-int--2=-2.txt]" time="0.07598376274108887"><system-out>**** Starting to parse single object of type &lt;int&gt; at location /home/travis/build/smarie/python-parsyfiles/parsyfiles/tests/parsing_capabilities_by_type/primitives_data/int/ok/txt-int--2=-2 ****
Checking all files under [/home/travis/build/smarie/python-parsyfiles/parsyfiles/tests/parsing_capabilities_by_type/primitives_data/int/ok/txt-int--2=-2]
(C) /home/travis/build/smarie/python-parsyfiles/parsyfiles/tests/parsing_capabilities_by_type/primitives_data/int/ok/txt-int--2=-2 (singlefile, .txt)
File checks done

Building a parsing plan to parse [/home/travis/build/smarie/python-parsyfiles/parsyfiles/tests/parsing_capabilities_by_type/primitives_data/int/ok/txt-int--2=-2] into a int
(B) /home/travis/build/smarie/python-parsyfiles/parsyfiles/tests/parsing_capabilities_by_type/primitives_data/int/ok/txt-int--2=-2.txt -&gt; int ------- using [Try &apos;[Try &apos;$&lt;read_str_from_txt&gt; =&gt; &lt;str_to_int&gt;$&apos; then &apos;$&lt;read_str_from_txt&gt; =&gt; &lt;base64_ascii_str_pickle_to_object&gt; -&gt; &lt;bool_to_int&gt;$&apos; then &apos;$&lt;read_str_from_txt&gt; =&gt; &lt;base64_ascii_str_pickle_to_object&gt; -&gt; &lt;float_to_int&gt;$&apos; then &apos;$&lt;read_str_from_txt&gt; =&gt; &lt;base64_ascii_str_pickle_to_object&gt; -&gt; &lt;str_to_int&gt;$&apos; then &apos;$&lt;read_str_from_txt&gt; =&gt; &lt;str_to_bool&gt;$&apos; then &apos;$&lt;read_str_from_txt&gt; =&gt; &lt;base64_ascii_str_pickle_to_object&gt; -&gt; &lt;float_to_bool&gt;$&apos; then &apos;$&lt;read_str_from_txt&gt; =&gt; &lt;base64_ascii_str_pickle_to_object&gt; -&gt; &lt;int_to_bool&gt;$&apos; then &apos;$&lt;read_str_from_txt&gt; =&gt; &lt;base64_ascii_str_pickle_to_object&gt; -&gt; &lt;str_to_bool&gt;$&apos; then &apos;$&lt;read_str_from_txt&gt; =&gt; &lt;base64_ascii_str_pickle_to_object&gt;$]&apos;]&apos; -&gt; [int] then &apos;[Try &apos;$&lt;read_str_from_txt&gt; =&gt; &lt;str_to_bool&gt;$&apos; then &apos;$&lt;read_str_from_txt&gt; =&gt; &lt;base64_ascii_str_pickle_to_object&gt; -&gt; &lt;float_to_bool&gt;$&apos; then &apos;$&lt;read_str_from_txt&gt; =&gt; &lt;base64_ascii_str_pickle_to_object&gt; -&gt; &lt;int_to_bool&gt;$&apos; then &apos;$&lt;read_str_from_txt&gt; =&gt; &lt;base64_ascii_str_pickle_to_object&gt; -&gt; &lt;str_to_bool&gt;$&apos; then &apos;$&lt;read_str_from_txt&gt; =&gt; &lt;base64_ascii_str_pickle_to_object&gt;$]&apos;]&apos; -&gt; [bool] then &apos;[Try &apos;$&lt;read_str_from_txt&gt; =&gt; &lt;constructor_with_str_arg&gt;$&apos; then &apos;$&lt;read_str_from_txt&gt; =&gt; &lt;base64_ascii_str_pickle_to_object&gt;$]&apos;]&apos; -&gt; [_NamedIntConstant] then &apos;[Try &apos;$&lt;read_str_from_txt&gt; =&gt; &lt;constructor_with_str_arg&gt;$&apos; then &apos;$&lt;read_str_from_txt&gt; =&gt; &lt;base64_ascii_str_pickle_to_object&gt;$]&apos;]&apos; -&gt; [IntEnum] then &apos;[Try &apos;$&lt;read_str_from_txt&gt; =&gt; &lt;constructor_with_str_arg&gt;$&apos; then &apos;$&lt;read_str_from_txt&gt; =&gt; &lt;base64_ascii_str_pickle_to_object&gt;$]&apos;]&apos; -&gt; [Signals] then &apos;[Try &apos;$&lt;read_str_from_txt&gt; =&gt; &lt;constructor_with_str_arg&gt;$&apos; then &apos;$&lt;read_str_from_txt&gt; =&gt; &lt;base64_ascii_str_pickle_to_object&gt;$]&apos;]&apos; -&gt; [SocketKind] then &apos;[Try &apos;$&lt;read_str_from_txt&gt; =&gt; &lt;constructor_with_str_arg&gt;$&apos; then &apos;$&lt;read_str_from_txt&gt; =&gt; &lt;base64_ascii_str_pickle_to_object&gt;$]&apos;]&apos; -&gt; [HTTPStatus] then &apos;[Try &apos;$&lt;read_str_from_txt&gt; =&gt; &lt;constructor_with_str_arg&gt;$&apos; then &apos;$&lt;read_str_from_txt&gt; =&gt; &lt;base64_ascii_str_pickle_to_object&gt;$]&apos;]&apos; -&gt; [_SSLMethod] then &apos;[Try &apos;$&lt;read_str_from_txt&gt; =&gt; &lt;constructor_with_str_arg&gt;$&apos; then &apos;$&lt;read_str_from_txt&gt; =&gt; &lt;base64_ascii_str_pickle_to_object&gt;$]&apos;]&apos; -&gt; [_ParameterKind] then &apos;[Try &apos;$&lt;read_str_from_txt&gt; =&gt; &lt;constructor_with_str_arg&gt;$&apos; then &apos;$&lt;read_str_from_txt&gt; =&gt; &lt;base64_ascii_str_pickle_to_object&gt;$]&apos;]&apos; -&gt; [Sigmasks] then &apos;[Try &apos;$&lt;read_str_from_txt&gt; =&gt; &lt;constructor_with_str_arg&gt;$&apos; then &apos;$&lt;read_str_from_txt&gt; =&gt; &lt;base64_ascii_str_pickle_to_object&gt;$]&apos;]&apos; -&gt; [Handlers] then &apos;[Try &apos;$&lt;read_str_from_txt&gt; =&gt; &lt;constructor_with_str_arg&gt;$&apos; then &apos;$&lt;read_str_from_txt&gt; =&gt; &lt;base64_ascii_str_pickle_to_object&gt;$]&apos;]&apos; -&gt; [AddressFamily]]]
(B)                                                                                                               |--txt-int--2=-2.txt -&gt; int ------- using [Try &apos;$&lt;read_str_from_txt&gt; =&gt; &lt;str_to_int&gt;$&apos; then &apos;$&lt;read_str_from_txt&gt; =&gt; &lt;base64_ascii_str_pickle_to_object&gt; -&gt; &lt;bool_to_int&gt;$&apos; then &apos;$&lt;read_str_from_txt&gt; =&gt; &lt;base64_ascii_str_pickle_to_object&gt; -&gt; &lt;float_to_int&gt;$&apos; then &apos;$&lt;read_str_from_txt&gt; =&gt; &lt;base64_ascii_str_pickle_to_object&gt; -&gt; &lt;str_to_int&gt;$&apos; then &apos;$&lt;read_str_from_txt&gt; =&gt; &lt;str_to_bool&gt;$&apos; then &apos;$&lt;read_str_from_txt&gt; =&gt; &lt;base64_ascii_str_pickle_to_object&gt; -&gt; &lt;float_to_bool&gt;$&apos; then &apos;$&lt;read_str_from_txt&gt; =&gt; &lt;base64_ascii_str_pickle_to_object&gt; -&gt; &lt;int_to_bool&gt;$&apos; then &apos;$&lt;read_str_from_txt&gt; =&gt; &lt;base64_ascii_str_pickle_to_object&gt; -&gt; &lt;str_to_bool&gt;$&apos; then &apos;$&lt;read_str_from_txt&gt; =&gt; &lt;base64_ascii_str_pickle_to_object&gt;$]&apos;]
(B)                                                                                                               |--txt-int--2=-2.txt -&gt; int ------- using $&lt;read_str_from_txt&gt; =&gt; &lt;str_to_int&gt;$
Parsing Plan created successfully

Executing Parsing Plan for [/home/travis/build/smarie/python-parsyfiles/parsyfiles/tests/parsing_capabilities_by_type/primitives_data/int/ok/txt-int--2=-2]
(P) /home/travis/build/smarie/python-parsyfiles/parsyfiles/tests/parsing_capabilities_by_type/primitives_data/int/ok/txt-int--2=-2.txt -&gt; int ------- using $&lt;read_str_from_txt&gt; =&gt; &lt;str_to_int&gt;$
(P)                                                                                                               |--txt-int--2=-2.txt -&gt; int SUCCESS !
Completed parsing successfully

-2==-2
</system-out></testcase><testcase classname="parsyfiles.tests.parsing_capabilities_by_type.test_parse_primitives" file="parsyfiles/tests/parsing_capabilities_by_type/test_parse_primitives.py" line="179" name="test_parse_by_type[int-ok-pickle-bool-True=1.pyc]" time="0.07362508773803711"><system-out>**** Starting to parse single object of type &lt;int&gt; at location /home/travis/build/smarie/python-parsyfiles/parsyfiles/tests/parsing_capabilities_by_type/primitives_data/int/ok/pickle-bool-True=1 ****
Checking all files under [/home/travis/build/smarie/python-parsyfiles/parsyfiles/tests/parsing_capabilities_by_type/primitives_data/int/ok/pickle-bool-True=1]
(C) /home/travis/build/smarie/python-parsyfiles/parsyfiles/tests/parsing_capabilities_by_type/primitives_data/int/ok/pickle-bool-True=1 (singlefile, .pyc)
File checks done

Building a parsing plan to parse [/home/travis/build/smarie/python-parsyfiles/parsyfiles/tests/parsing_capabilities_by_type/primitives_data/int/ok/pickle-bool-True=1] into a int
(B) /home/travis/build/smarie/python-parsyfiles/parsyfiles/tests/parsing_capabilities_by_type/primitives_data/int/ok/pickle-bool-True=1.pyc -&gt; int ------- using [Try &apos;[Try &apos;$&lt;read_object_from_pickle&gt; =&gt; &lt;bool_to_int&gt;$&apos; then &apos;$&lt;read_object_from_pickle&gt; =&gt; &lt;float_to_int&gt;$&apos; then &apos;$&lt;read_object_from_pickle&gt; =&gt; &lt;str_to_int&gt;$&apos; then &apos;$&lt;read_object_from_pickle&gt; =&gt; &lt;float_to_bool&gt;$&apos; then &apos;$&lt;read_object_from_pickle&gt; =&gt; &lt;int_to_bool&gt;$&apos; then &apos;$&lt;read_object_from_pickle&gt; =&gt; &lt;str_to_bool&gt;$&apos; then &apos;&lt;read_object_from_pickle&gt;]&apos;]&apos; -&gt; [int] then &apos;[Try &apos;$&lt;read_object_from_pickle&gt; =&gt; &lt;float_to_bool&gt;$&apos; then &apos;$&lt;read_object_from_pickle&gt; =&gt; &lt;int_to_bool&gt;$&apos; then &apos;$&lt;read_object_from_pickle&gt; =&gt; &lt;str_to_bool&gt;$&apos; then &apos;&lt;read_object_from_pickle&gt;]&apos;]&apos; -&gt; [bool] then &apos;&lt;read_object_from_pickle&gt;&apos; -&gt; [_NamedIntConstant] then &apos;&lt;read_object_from_pickle&gt;&apos; -&gt; [IntEnum] then &apos;&lt;read_object_from_pickle&gt;&apos; -&gt; [Signals] then &apos;&lt;read_object_from_pickle&gt;&apos; -&gt; [SocketKind] then &apos;&lt;read_object_from_pickle&gt;&apos; -&gt; [HTTPStatus] then &apos;&lt;read_object_from_pickle&gt;&apos; -&gt; [_SSLMethod] then &apos;&lt;read_object_from_pickle&gt;&apos; -&gt; [_ParameterKind] then &apos;&lt;read_object_from_pickle&gt;&apos; -&gt; [Sigmasks] then &apos;&lt;read_object_from_pickle&gt;&apos; -&gt; [Handlers] then &apos;&lt;read_object_from_pickle&gt;&apos; -&gt; [AddressFamily]]]
(B)                                                                                                               |--pickle-bool-True=1.pyc -&gt; int ------- using [Try &apos;$&lt;read_object_from_pickle&gt; =&gt; &lt;bool_to_int&gt;$&apos; then &apos;$&lt;read_object_from_pickle&gt; =&gt; &lt;float_to_int&gt;$&apos; then &apos;$&lt;read_object_from_pickle&gt; =&gt; &lt;str_to_int&gt;$&apos; then &apos;$&lt;read_object_from_pickle&gt; =&gt; &lt;float_to_bool&gt;$&apos; then &apos;$&lt;read_object_from_pickle&gt; =&gt; &lt;int_to_bool&gt;$&apos; then &apos;$&lt;read_object_from_pickle&gt; =&gt; &lt;str_to_bool&gt;$&apos; then &apos;&lt;read_object_from_pickle&gt;]&apos;]
(B)                                                                                                               |--pickle-bool-True=1.pyc -&gt; int ------- using $&lt;read_object_from_pickle&gt; =&gt; &lt;bool_to_int&gt;$
Parsing Plan created successfully

Executing Parsing Plan for [/home/travis/build/smarie/python-parsyfiles/parsyfiles/tests/parsing_capabilities_by_type/primitives_data/int/ok/pickle-bool-True=1]
(P) /home/travis/build/smarie/python-parsyfiles/parsyfiles/tests/parsing_capabilities_by_type/primitives_data/int/ok/pickle-bool-True=1.pyc -&gt; int ------- using $&lt;read_object_from_pickle&gt; =&gt; &lt;bool_to_int&gt;$
(P)                                                                                                               |--pickle-bool-True=1.pyc -&gt; int SUCCESS !
Completed parsing successfully

1==1
</system-out></testcase><testcase classname="parsyfiles.tests.parsing_capabilities_by_type.test_parse_primitives" file="parsyfiles/tests/parsing_capabilities_by_type/test_parse_primitives.py" line="179" name="test_parse_by_type[int-ok-b64pickle-float-10.0=10.txt]" time="0.08431196212768555"><system-out>**** Starting to parse single object of type &lt;int&gt; at location /home/travis/build/smarie/python-parsyfiles/parsyfiles/tests/parsing_capabilities_by_type/primitives_data/int/ok/b64pickle-float-10.0=10 ****
Checking all files under [/home/travis/build/smarie/python-parsyfiles/parsyfiles/tests/parsing_capabilities_by_type/primitives_data/int/ok/b64pickle-float-10.0=10]
(C) /home/travis/build/smarie/python-parsyfiles/parsyfiles/tests/parsing_capabilities_by_type/primitives_data/int/ok/b64pickle-float-10.0=10 (singlefile, .txt)
File checks done

Building a parsing plan to parse [/home/travis/build/smarie/python-parsyfiles/parsyfiles/tests/parsing_capabilities_by_type/primitives_data/int/ok/b64pickle-float-10.0=10] into a int
(B) /home/travis/build/smarie/python-parsyfiles/parsyfiles/tests/parsing_capabilities_by_type/primitives_data/int/ok/b64pickle-float-10.0=10.txt -&gt; int ------- using [Try &apos;[Try &apos;$&lt;read_str_from_txt&gt; =&gt; &lt;str_to_int&gt;$&apos; then &apos;$&lt;read_str_from_txt&gt; =&gt; &lt;base64_ascii_str_pickle_to_object&gt; -&gt; &lt;bool_to_int&gt;$&apos; then &apos;$&lt;read_str_from_txt&gt; =&gt; &lt;base64_ascii_str_pickle_to_object&gt; -&gt; &lt;float_to_int&gt;$&apos; then &apos;$&lt;read_str_from_txt&gt; =&gt; &lt;base64_ascii_str_pickle_to_object&gt; -&gt; &lt;str_to_int&gt;$&apos; then &apos;$&lt;read_str_from_txt&gt; =&gt; &lt;str_to_bool&gt;$&apos; then &apos;$&lt;read_str_from_txt&gt; =&gt; &lt;base64_ascii_str_pickle_to_object&gt; -&gt; &lt;float_to_bool&gt;$&apos; then &apos;$&lt;read_str_from_txt&gt; =&gt; &lt;base64_ascii_str_pickle_to_object&gt; -&gt; &lt;int_to_bool&gt;$&apos; then &apos;$&lt;read_str_from_txt&gt; =&gt; &lt;base64_ascii_str_pickle_to_object&gt; -&gt; &lt;str_to_bool&gt;$&apos; then &apos;$&lt;read_str_from_txt&gt; =&gt; &lt;base64_ascii_str_pickle_to_object&gt;$]&apos;]&apos; -&gt; [int] then &apos;[Try &apos;$&lt;read_str_from_txt&gt; =&gt; &lt;str_to_bool&gt;$&apos; then &apos;$&lt;read_str_from_txt&gt; =&gt; &lt;base64_ascii_str_pickle_to_object&gt; -&gt; &lt;float_to_bool&gt;$&apos; then &apos;$&lt;read_str_from_txt&gt; =&gt; &lt;base64_ascii_str_pickle_to_object&gt; -&gt; &lt;int_to_bool&gt;$&apos; then &apos;$&lt;read_str_from_txt&gt; =&gt; &lt;base64_ascii_str_pickle_to_object&gt; -&gt; &lt;str_to_bool&gt;$&apos; then &apos;$&lt;read_str_from_txt&gt; =&gt; &lt;base64_ascii_str_pickle_to_object&gt;$]&apos;]&apos; -&gt; [bool] then &apos;[Try &apos;$&lt;read_str_from_txt&gt; =&gt; &lt;constructor_with_str_arg&gt;$&apos; then &apos;$&lt;read_str_from_txt&gt; =&gt; &lt;base64_ascii_str_pickle_to_object&gt;$]&apos;]&apos; -&gt; [_NamedIntConstant] then &apos;[Try &apos;$&lt;read_str_from_txt&gt; =&gt; &lt;constructor_with_str_arg&gt;$&apos; then &apos;$&lt;read_str_from_txt&gt; =&gt; &lt;base64_ascii_str_pickle_to_object&gt;$]&apos;]&apos; -&gt; [IntEnum] then &apos;[Try &apos;$&lt;read_str_from_txt&gt; =&gt; &lt;constructor_with_str_arg&gt;$&apos; then &apos;$&lt;read_str_from_txt&gt; =&gt; &lt;base64_ascii_str_pickle_to_object&gt;$]&apos;]&apos; -&gt; [Signals] then &apos;[Try &apos;$&lt;read_str_from_txt&gt; =&gt; &lt;constructor_with_str_arg&gt;$&apos; then &apos;$&lt;read_str_from_txt&gt; =&gt; &lt;base64_ascii_str_pickle_to_object&gt;$]&apos;]&apos; -&gt; [SocketKind] then &apos;[Try &apos;$&lt;read_str_from_txt&gt; =&gt; &lt;constructor_with_str_arg&gt;$&apos; then &apos;$&lt;read_str_from_txt&gt; =&gt; &lt;base64_ascii_str_pickle_to_object&gt;$]&apos;]&apos; -&gt; [HTTPStatus] then &apos;[Try &apos;$&lt;read_str_from_txt&gt; =&gt; &lt;constructor_with_str_arg&gt;$&apos; then &apos;$&lt;read_str_from_txt&gt; =&gt; &lt;base64_ascii_str_pickle_to_object&gt;$]&apos;]&apos; -&gt; [_SSLMethod] then &apos;[Try &apos;$&lt;read_str_from_txt&gt; =&gt; &lt;constructor_with_str_arg&gt;$&apos; then &apos;$&lt;read_str_from_txt&gt; =&gt; &lt;base64_ascii_str_pickle_to_object&gt;$]&apos;]&apos; -&gt; [_ParameterKind] then &apos;[Try &apos;$&lt;read_str_from_txt&gt; =&gt; &lt;constructor_with_str_arg&gt;$&apos; then &apos;$&lt;read_str_from_txt&gt; =&gt; &lt;base64_ascii_str_pickle_to_object&gt;$]&apos;]&apos; -&gt; [Sigmasks] then &apos;[Try &apos;$&lt;read_str_from_txt&gt; =&gt; &lt;constructor_with_str_arg&gt;$&apos; then &apos;$&lt;read_str_from_txt&gt; =&gt; &lt;base64_ascii_str_pickle_to_object&gt;$]&apos;]&apos; -&gt; [Handlers] then &apos;[Try &apos;$&lt;read_str_from_txt&gt; =&gt; &lt;constructor_with_str_arg&gt;$&apos; then &apos;$&lt;read_str_from_txt&gt; =&gt; &lt;base64_ascii_str_pickle_to_object&gt;$]&apos;]&apos; -&gt; [AddressFamily]]]
(B)                                                                                                               |--b64pickle-float-10.0=10.txt -&gt; int ------- using [Try &apos;$&lt;read_str_from_txt&gt; =&gt; &lt;str_to_int&gt;$&apos; then &apos;$&lt;read_str_from_txt&gt; =&gt; &lt;base64_ascii_str_pickle_to_object&gt; -&gt; &lt;bool_to_int&gt;$&apos; then &apos;$&lt;read_str_from_txt&gt; =&gt; &lt;base64_ascii_str_pickle_to_object&gt; -&gt; &lt;float_to_int&gt;$&apos; then &apos;$&lt;read_str_from_txt&gt; =&gt; &lt;base64_ascii_str_pickle_to_object&gt; -&gt; &lt;str_to_int&gt;$&apos; then &apos;$&lt;read_str_from_txt&gt; =&gt; &lt;str_to_bool&gt;$&apos; then &apos;$&lt;read_str_from_txt&gt; =&gt; &lt;base64_ascii_str_pickle_to_object&gt; -&gt; &lt;float_to_bool&gt;$&apos; then &apos;$&lt;read_str_from_txt&gt; =&gt; &lt;base64_ascii_str_pickle_to_object&gt; -&gt; &lt;int_to_bool&gt;$&apos; then &apos;$&lt;read_str_from_txt&gt; =&gt; &lt;base64_ascii_str_pickle_to_object&gt; -&gt; &lt;str_to_bool&gt;$&apos; then &apos;$&lt;read_str_from_txt&gt; =&gt; &lt;base64_ascii_str_pickle_to_object&gt;$]&apos;]
(B)                                                                                                               |--b64pickle-float-10.0=10.txt -&gt; int ------- using $&lt;read_str_from_txt&gt; =&gt; &lt;str_to_int&gt;$
Parsing Plan created successfully

Executing Parsing Plan for [/home/travis/build/smarie/python-parsyfiles/parsyfiles/tests/parsing_capabilities_by_type/primitives_data/int/ok/b64pickle-float-10.0=10]
(P) /home/travis/build/smarie/python-parsyfiles/parsyfiles/tests/parsing_capabilities_by_type/primitives_data/int/ok/b64pickle-float-10.0=10.txt -&gt; int ------- using $&lt;read_str_from_txt&gt; =&gt; &lt;str_to_int&gt;$
  !! Caught error during execution !!
  File &quot;/home/travis/build/smarie/python-parsyfiles/parsyfiles/plugins_base/support_for_primitive_types.py&quot;, line 37, in primitive_to_int
    source = literal_eval(source)
  File &quot;/opt/python/3.5.5/lib/python3.5/ast.py&quot;, line 84, in literal_eval
    return _convert(node_or_string)
  File &quot;/opt/python/3.5.5/lib/python3.5/ast.py&quot;, line 83, in _convert
    raise ValueError(&apos;malformed node or string: &apos; + repr(node))
  ValueError : malformed node or string: &lt;_ast.Name object at 0x7f33d3d9f550&gt;
(B)                                                                                                               |--b64pickle-float-10.0=10.txt -&gt; int ------- using $&lt;read_str_from_txt&gt; =&gt; &lt;base64_ascii_str_pickle_to_object&gt; -&gt; &lt;bool_to_int&gt;$
Executing Parsing Plan for [/home/travis/build/smarie/python-parsyfiles/parsyfiles/tests/parsing_capabilities_by_type/primitives_data/int/ok/b64pickle-float-10.0=10]
(P) /home/travis/build/smarie/python-parsyfiles/parsyfiles/tests/parsing_capabilities_by_type/primitives_data/int/ok/b64pickle-float-10.0=10.txt -&gt; int ------- using $&lt;read_str_from_txt&gt; =&gt; &lt;base64_ascii_str_pickle_to_object&gt; -&gt; &lt;bool_to_int&gt;$
  !! Caught error during execution !!
  File &quot;/home/travis/build/smarie/python-parsyfiles/parsyfiles/converting_core.py&quot;, line 319, in convert
    return self._convert(desired_type, source_obj, logger, options)
  File &quot;/home/travis/build/smarie/python-parsyfiles/parsyfiles/converting_core.py&quot;, line 770, in _convert
    return self._converters_list[-1].convert(desired_type, obj, logger, options)
  File &quot;/home/travis/build/smarie/python-parsyfiles/parsyfiles/converting_core.py&quot;, line 321, in convert
    raise ConversionException.create_not_able_to_convert(source_obj, self, desired_type)
  ConversionException : Converter &lt;bool_to_int&gt; is not able to ingest source value &apos;10.0&apos; of type &apos;float&apos; and/or convert it to type &apos;int&apos;. This can happen in a chain when the previous step in the chain is generic and actually produced  an output of the wrong type/content
(B)                                                                                                               |--b64pickle-float-10.0=10.txt -&gt; int ------- using $&lt;read_str_from_txt&gt; =&gt; &lt;base64_ascii_str_pickle_to_object&gt; -&gt; &lt;float_to_int&gt;$
Executing Parsing Plan for [/home/travis/build/smarie/python-parsyfiles/parsyfiles/tests/parsing_capabilities_by_type/primitives_data/int/ok/b64pickle-float-10.0=10]
(P) /home/travis/build/smarie/python-parsyfiles/parsyfiles/tests/parsing_capabilities_by_type/primitives_data/int/ok/b64pickle-float-10.0=10.txt -&gt; int ------- using $&lt;read_str_from_txt&gt; =&gt; &lt;base64_ascii_str_pickle_to_object&gt; -&gt; &lt;float_to_int&gt;$
(P)                                                                                                               |--b64pickle-float-10.0=10.txt -&gt; int SUCCESS !
Completed parsing successfully

10==10
</system-out></testcase><testcase classname="parsyfiles.tests.parsing_capabilities_by_type.test_parse_primitives" file="parsyfiles/tests/parsing_capabilities_by_type/test_parse_primitives.py" line="179" name="test_parse_by_type[int-ok-b64pickle-int-0=0.txt]" time="0.0820002555847168"><system-out>**** Starting to parse single object of type &lt;int&gt; at location /home/travis/build/smarie/python-parsyfiles/parsyfiles/tests/parsing_capabilities_by_type/primitives_data/int/ok/b64pickle-int-0=0 ****
Checking all files under [/home/travis/build/smarie/python-parsyfiles/parsyfiles/tests/parsing_capabilities_by_type/primitives_data/int/ok/b64pickle-int-0=0]
(C) /home/travis/build/smarie/python-parsyfiles/parsyfiles/tests/parsing_capabilities_by_type/primitives_data/int/ok/b64pickle-int-0=0 (singlefile, .txt)
File checks done

Building a parsing plan to parse [/home/travis/build/smarie/python-parsyfiles/parsyfiles/tests/parsing_capabilities_by_type/primitives_data/int/ok/b64pickle-int-0=0] into a int
(B) /home/travis/build/smarie/python-parsyfiles/parsyfiles/tests/parsing_capabilities_by_type/primitives_data/int/ok/b64pickle-int-0=0.txt -&gt; int ------- using [Try &apos;[Try &apos;$&lt;read_str_from_txt&gt; =&gt; &lt;str_to_int&gt;$&apos; then &apos;$&lt;read_str_from_txt&gt; =&gt; &lt;base64_ascii_str_pickle_to_object&gt; -&gt; &lt;bool_to_int&gt;$&apos; then &apos;$&lt;read_str_from_txt&gt; =&gt; &lt;base64_ascii_str_pickle_to_object&gt; -&gt; &lt;float_to_int&gt;$&apos; then &apos;$&lt;read_str_from_txt&gt; =&gt; &lt;base64_ascii_str_pickle_to_object&gt; -&gt; &lt;str_to_int&gt;$&apos; then &apos;$&lt;read_str_from_txt&gt; =&gt; &lt;str_to_bool&gt;$&apos; then &apos;$&lt;read_str_from_txt&gt; =&gt; &lt;base64_ascii_str_pickle_to_object&gt; -&gt; &lt;float_to_bool&gt;$&apos; then &apos;$&lt;read_str_from_txt&gt; =&gt; &lt;base64_ascii_str_pickle_to_object&gt; -&gt; &lt;int_to_bool&gt;$&apos; then &apos;$&lt;read_str_from_txt&gt; =&gt; &lt;base64_ascii_str_pickle_to_object&gt; -&gt; &lt;str_to_bool&gt;$&apos; then &apos;$&lt;read_str_from_txt&gt; =&gt; &lt;base64_ascii_str_pickle_to_object&gt;$]&apos;]&apos; -&gt; [int] then &apos;[Try &apos;$&lt;read_str_from_txt&gt; =&gt; &lt;str_to_bool&gt;$&apos; then &apos;$&lt;read_str_from_txt&gt; =&gt; &lt;base64_ascii_str_pickle_to_object&gt; -&gt; &lt;float_to_bool&gt;$&apos; then &apos;$&lt;read_str_from_txt&gt; =&gt; &lt;base64_ascii_str_pickle_to_object&gt; -&gt; &lt;int_to_bool&gt;$&apos; then &apos;$&lt;read_str_from_txt&gt; =&gt; &lt;base64_ascii_str_pickle_to_object&gt; -&gt; &lt;str_to_bool&gt;$&apos; then &apos;$&lt;read_str_from_txt&gt; =&gt; &lt;base64_ascii_str_pickle_to_object&gt;$]&apos;]&apos; -&gt; [bool] then &apos;[Try &apos;$&lt;read_str_from_txt&gt; =&gt; &lt;constructor_with_str_arg&gt;$&apos; then &apos;$&lt;read_str_from_txt&gt; =&gt; &lt;base64_ascii_str_pickle_to_object&gt;$]&apos;]&apos; -&gt; [_NamedIntConstant] then &apos;[Try &apos;$&lt;read_str_from_txt&gt; =&gt; &lt;constructor_with_str_arg&gt;$&apos; then &apos;$&lt;read_str_from_txt&gt; =&gt; &lt;base64_ascii_str_pickle_to_object&gt;$]&apos;]&apos; -&gt; [IntEnum] then &apos;[Try &apos;$&lt;read_str_from_txt&gt; =&gt; &lt;constructor_with_str_arg&gt;$&apos; then &apos;$&lt;read_str_from_txt&gt; =&gt; &lt;base64_ascii_str_pickle_to_object&gt;$]&apos;]&apos; -&gt; [Signals] then &apos;[Try &apos;$&lt;read_str_from_txt&gt; =&gt; &lt;constructor_with_str_arg&gt;$&apos; then &apos;$&lt;read_str_from_txt&gt; =&gt; &lt;base64_ascii_str_pickle_to_object&gt;$]&apos;]&apos; -&gt; [SocketKind] then &apos;[Try &apos;$&lt;read_str_from_txt&gt; =&gt; &lt;constructor_with_str_arg&gt;$&apos; then &apos;$&lt;read_str_from_txt&gt; =&gt; &lt;base64_ascii_str_pickle_to_object&gt;$]&apos;]&apos; -&gt; [HTTPStatus] then &apos;[Try &apos;$&lt;read_str_from_txt&gt; =&gt; &lt;constructor_with_str_arg&gt;$&apos; then &apos;$&lt;read_str_from_txt&gt; =&gt; &lt;base64_ascii_str_pickle_to_object&gt;$]&apos;]&apos; -&gt; [_SSLMethod] then &apos;[Try &apos;$&lt;read_str_from_txt&gt; =&gt; &lt;constructor_with_str_arg&gt;$&apos; then &apos;$&lt;read_str_from_txt&gt; =&gt; &lt;base64_ascii_str_pickle_to_object&gt;$]&apos;]&apos; -&gt; [_ParameterKind] then &apos;[Try &apos;$&lt;read_str_from_txt&gt; =&gt; &lt;constructor_with_str_arg&gt;$&apos; then &apos;$&lt;read_str_from_txt&gt; =&gt; &lt;base64_ascii_str_pickle_to_object&gt;$]&apos;]&apos; -&gt; [Sigmasks] then &apos;[Try &apos;$&lt;read_str_from_txt&gt; =&gt; &lt;constructor_with_str_arg&gt;$&apos; then &apos;$&lt;read_str_from_txt&gt; =&gt; &lt;base64_ascii_str_pickle_to_object&gt;$]&apos;]&apos; -&gt; [Handlers] then &apos;[Try &apos;$&lt;read_str_from_txt&gt; =&gt; &lt;constructor_with_str_arg&gt;$&apos; then &apos;$&lt;read_str_from_txt&gt; =&gt; &lt;base64_ascii_str_pickle_to_object&gt;$]&apos;]&apos; -&gt; [AddressFamily]]]
(B)                                                                                                               |--b64pickle-int-0=0.txt -&gt; int ------- using [Try &apos;$&lt;read_str_from_txt&gt; =&gt; &lt;str_to_int&gt;$&apos; then &apos;$&lt;read_str_from_txt&gt; =&gt; &lt;base64_ascii_str_pickle_to_object&gt; -&gt; &lt;bool_to_int&gt;$&apos; then &apos;$&lt;read_str_from_txt&gt; =&gt; &lt;base64_ascii_str_pickle_to_object&gt; -&gt; &lt;float_to_int&gt;$&apos; then &apos;$&lt;read_str_from_txt&gt; =&gt; &lt;base64_ascii_str_pickle_to_object&gt; -&gt; &lt;str_to_int&gt;$&apos; then &apos;$&lt;read_str_from_txt&gt; =&gt; &lt;str_to_bool&gt;$&apos; then &apos;$&lt;read_str_from_txt&gt; =&gt; &lt;base64_ascii_str_pickle_to_object&gt; -&gt; &lt;float_to_bool&gt;$&apos; then &apos;$&lt;read_str_from_txt&gt; =&gt; &lt;base64_ascii_str_pickle_to_object&gt; -&gt; &lt;int_to_bool&gt;$&apos; then &apos;$&lt;read_str_from_txt&gt; =&gt; &lt;base64_ascii_str_pickle_to_object&gt; -&gt; &lt;str_to_bool&gt;$&apos; then &apos;$&lt;read_str_from_txt&gt; =&gt; &lt;base64_ascii_str_pickle_to_object&gt;$]&apos;]
(B)                                                                                                               |--b64pickle-int-0=0.txt -&gt; int ------- using $&lt;read_str_from_txt&gt; =&gt; &lt;str_to_int&gt;$
Parsing Plan created successfully

Executing Parsing Plan for [/home/travis/build/smarie/python-parsyfiles/parsyfiles/tests/parsing_capabilities_by_type/primitives_data/int/ok/b64pickle-int-0=0]
(P) /home/travis/build/smarie/python-parsyfiles/parsyfiles/tests/parsing_capabilities_by_type/primitives_data/int/ok/b64pickle-int-0=0.txt -&gt; int ------- using $&lt;read_str_from_txt&gt; =&gt; &lt;str_to_int&gt;$
  !! Caught error during execution !!
  File &quot;/home/travis/build/smarie/python-parsyfiles/parsyfiles/plugins_base/support_for_primitive_types.py&quot;, line 37, in primitive_to_int
    source = literal_eval(source)
  File &quot;/opt/python/3.5.5/lib/python3.5/ast.py&quot;, line 46, in literal_eval
    node_or_string = parse(node_or_string, mode=&apos;eval&apos;)
  File &quot;/opt/python/3.5.5/lib/python3.5/ast.py&quot;, line 35, in parse
    return compile(source, filename, mode, PyCF_ONLY_AST)
  SyntaxError : unexpected EOF while parsing (&lt;unknown&gt;, line 1)
(B)                                                                                                               |--b64pickle-int-0=0.txt -&gt; int ------- using $&lt;read_str_from_txt&gt; =&gt; &lt;base64_ascii_str_pickle_to_object&gt; -&gt; &lt;bool_to_int&gt;$
Executing Parsing Plan for [/home/travis/build/smarie/python-parsyfiles/parsyfiles/tests/parsing_capabilities_by_type/primitives_data/int/ok/b64pickle-int-0=0]
(P) /home/travis/build/smarie/python-parsyfiles/parsyfiles/tests/parsing_capabilities_by_type/primitives_data/int/ok/b64pickle-int-0=0.txt -&gt; int ------- using $&lt;read_str_from_txt&gt; =&gt; &lt;base64_ascii_str_pickle_to_object&gt; -&gt; &lt;bool_to_int&gt;$
  !! Caught error during execution !!
  File &quot;/home/travis/build/smarie/python-parsyfiles/parsyfiles/converting_core.py&quot;, line 319, in convert
    return self._convert(desired_type, source_obj, logger, options)
  File &quot;/home/travis/build/smarie/python-parsyfiles/parsyfiles/converting_core.py&quot;, line 770, in _convert
    return self._converters_list[-1].convert(desired_type, obj, logger, options)
  File &quot;/home/travis/build/smarie/python-parsyfiles/parsyfiles/converting_core.py&quot;, line 321, in convert
    raise ConversionException.create_not_able_to_convert(source_obj, self, desired_type)
  ConversionException : Converter &lt;bool_to_int&gt; is not able to ingest source value &apos;0&apos; of type &apos;int&apos; and/or convert it to type &apos;int&apos;. This can happen in a chain when the previous step in the chain is generic and actually produced  an output of the wrong type/content
(B)                                                                                                               |--b64pickle-int-0=0.txt -&gt; int ------- using $&lt;read_str_from_txt&gt; =&gt; &lt;base64_ascii_str_pickle_to_object&gt; -&gt; &lt;float_to_int&gt;$
Executing Parsing Plan for [/home/travis/build/smarie/python-parsyfiles/parsyfiles/tests/parsing_capabilities_by_type/primitives_data/int/ok/b64pickle-int-0=0]
(P) /home/travis/build/smarie/python-parsyfiles/parsyfiles/tests/parsing_capabilities_by_type/primitives_data/int/ok/b64pickle-int-0=0.txt -&gt; int ------- using $&lt;read_str_from_txt&gt; =&gt; &lt;base64_ascii_str_pickle_to_object&gt; -&gt; &lt;float_to_int&gt;$
  !! Caught error during execution !!
  File &quot;/home/travis/build/smarie/python-parsyfiles/parsyfiles/converting_core.py&quot;, line 319, in convert
    return self._convert(desired_type, source_obj, logger, options)
  File &quot;/home/travis/build/smarie/python-parsyfiles/parsyfiles/converting_core.py&quot;, line 770, in _convert
    return self._converters_list[-1].convert(desired_type, obj, logger, options)
  File &quot;/home/travis/build/smarie/python-parsyfiles/parsyfiles/converting_core.py&quot;, line 321, in convert
    raise ConversionException.create_not_able_to_convert(source_obj, self, desired_type)
  ConversionException : Converter &lt;float_to_int&gt; is not able to ingest source value &apos;0&apos; of type &apos;int&apos; and/or convert it to type &apos;int&apos;. This can happen in a chain when the previous step in the chain is generic and actually produced  an output of the wrong type/content
(B)                                                                                                               |--b64pickle-int-0=0.txt -&gt; int ------- using $&lt;read_str_from_txt&gt; =&gt; &lt;base64_ascii_str_pickle_to_object&gt; -&gt; &lt;str_to_int&gt;$
Executing Parsing Plan for [/home/travis/build/smarie/python-parsyfiles/parsyfiles/tests/parsing_capabilities_by_type/primitives_data/int/ok/b64pickle-int-0=0]
(P) /home/travis/build/smarie/python-parsyfiles/parsyfiles/tests/parsing_capabilities_by_type/primitives_data/int/ok/b64pickle-int-0=0.txt -&gt; int ------- using $&lt;read_str_from_txt&gt; =&gt; &lt;base64_ascii_str_pickle_to_object&gt; -&gt; &lt;str_to_int&gt;$
  !! Caught error during execution !!
  File &quot;/home/travis/build/smarie/python-parsyfiles/parsyfiles/converting_core.py&quot;, line 319, in convert
    return self._convert(desired_type, source_obj, logger, options)
  File &quot;/home/travis/build/smarie/python-parsyfiles/parsyfiles/converting_core.py&quot;, line 770, in _convert
    return self._converters_list[-1].convert(desired_type, obj, logger, options)
  File &quot;/home/travis/build/smarie/python-parsyfiles/parsyfiles/converting_core.py&quot;, line 321, in convert
    raise ConversionException.create_not_able_to_convert(source_obj, self, desired_type)
  ConversionException : Converter &lt;str_to_int&gt; is not able to ingest source value &apos;0&apos; of type &apos;int&apos; and/or convert it to type &apos;int&apos;. This can happen in a chain when the previous step in the chain is generic and actually produced  an output of the wrong type/content
(B)                                                                                                               |--b64pickle-int-0=0.txt -&gt; int ------- using $&lt;read_str_from_txt&gt; =&gt; &lt;str_to_bool&gt;$
Executing Parsing Plan for [/home/travis/build/smarie/python-parsyfiles/parsyfiles/tests/parsing_capabilities_by_type/primitives_data/int/ok/b64pickle-int-0=0]
(P) /home/travis/build/smarie/python-parsyfiles/parsyfiles/tests/parsing_capabilities_by_type/primitives_data/int/ok/b64pickle-int-0=0.txt -&gt; int ------- using $&lt;read_str_from_txt&gt; =&gt; &lt;str_to_bool&gt;$
  !! Caught error during execution !!
  File &quot;/home/travis/build/smarie/python-parsyfiles/parsyfiles/converting_core.py&quot;, line 524, in _convert
    return self.conversion_method(desired_type, source_obj, logger, **opts)
  File &quot;/home/travis/build/smarie/python-parsyfiles/parsyfiles/plugins_base/support_for_primitive_types.py&quot;, line 84, in primitive_to_bool
    return bool(strtobool(source))
  File &quot;/opt/python/3.5.5/lib/python3.5/distutils/util.py&quot;, line 317, in strtobool
    raise ValueError(&quot;invalid truth value %r&quot; % (val,))
  ValueError : invalid truth value &apos;ganlac4=&apos;
(B)                                                                                                               |--b64pickle-int-0=0.txt -&gt; int ------- using $&lt;read_str_from_txt&gt; =&gt; &lt;base64_ascii_str_pickle_to_object&gt; -&gt; &lt;float_to_bool&gt;$
Executing Parsing Plan for [/home/travis/build/smarie/python-parsyfiles/parsyfiles/tests/parsing_capabilities_by_type/primitives_data/int/ok/b64pickle-int-0=0]
(P) /home/travis/build/smarie/python-parsyfiles/parsyfiles/tests/parsing_capabilities_by_type/primitives_data/int/ok/b64pickle-int-0=0.txt -&gt; int ------- using $&lt;read_str_from_txt&gt; =&gt; &lt;base64_ascii_str_pickle_to_object&gt; -&gt; &lt;float_to_bool&gt;$
  !! Caught error during execution !!
  File &quot;/home/travis/build/smarie/python-parsyfiles/parsyfiles/converting_core.py&quot;, line 319, in convert
    return self._convert(desired_type, source_obj, logger, options)
  File &quot;/home/travis/build/smarie/python-parsyfiles/parsyfiles/converting_core.py&quot;, line 770, in _convert
    return self._converters_list[-1].convert(desired_type, obj, logger, options)
  File &quot;/home/travis/build/smarie/python-parsyfiles/parsyfiles/converting_core.py&quot;, line 321, in convert
    raise ConversionException.create_not_able_to_convert(source_obj, self, desired_type)
  ConversionException : Converter &lt;float_to_bool&gt; is not able to ingest source value &apos;0&apos; of type &apos;int&apos; and/or convert it to type &apos;int&apos;. This can happen in a chain when the previous step in the chain is generic and actually produced  an output of the wrong type/content
(B)                                                                                                               |--b64pickle-int-0=0.txt -&gt; int ------- using $&lt;read_str_from_txt&gt; =&gt; &lt;base64_ascii_str_pickle_to_object&gt; -&gt; &lt;int_to_bool&gt;$
Executing Parsing Plan for [/home/travis/build/smarie/python-parsyfiles/parsyfiles/tests/parsing_capabilities_by_type/primitives_data/int/ok/b64pickle-int-0=0]
(P) /home/travis/build/smarie/python-parsyfiles/parsyfiles/tests/parsing_capabilities_by_type/primitives_data/int/ok/b64pickle-int-0=0.txt -&gt; int ------- using $&lt;read_str_from_txt&gt; =&gt; &lt;base64_ascii_str_pickle_to_object&gt; -&gt; &lt;int_to_bool&gt;$
(P)                                                                                                               |--b64pickle-int-0=0.txt -&gt; int SUCCESS !
Completed parsing successfully

False==0
</system-out></testcase><testcase classname="parsyfiles.tests.parsing_capabilities_by_type.test_parse_primitives" file="parsyfiles/tests/parsing_capabilities_by_type/test_parse_primitives.py" line="179" name="test_parse_by_type[int-ok-pickle-bool-False=0.pyc]" time="0.07689929008483887"><system-out>**** Starting to parse single object of type &lt;int&gt; at location /home/travis/build/smarie/python-parsyfiles/parsyfiles/tests/parsing_capabilities_by_type/primitives_data/int/ok/pickle-bool-False=0 ****
Checking all files under [/home/travis/build/smarie/python-parsyfiles/parsyfiles/tests/parsing_capabilities_by_type/primitives_data/int/ok/pickle-bool-False=0]
(C) /home/travis/build/smarie/python-parsyfiles/parsyfiles/tests/parsing_capabilities_by_type/primitives_data/int/ok/pickle-bool-False=0 (singlefile, .pyc)
File checks done

Building a parsing plan to parse [/home/travis/build/smarie/python-parsyfiles/parsyfiles/tests/parsing_capabilities_by_type/primitives_data/int/ok/pickle-bool-False=0] into a int
(B) /home/travis/build/smarie/python-parsyfiles/parsyfiles/tests/parsing_capabilities_by_type/primitives_data/int/ok/pickle-bool-False=0.pyc -&gt; int ------- using [Try &apos;[Try &apos;$&lt;read_object_from_pickle&gt; =&gt; &lt;bool_to_int&gt;$&apos; then &apos;$&lt;read_object_from_pickle&gt; =&gt; &lt;float_to_int&gt;$&apos; then &apos;$&lt;read_object_from_pickle&gt; =&gt; &lt;str_to_int&gt;$&apos; then &apos;$&lt;read_object_from_pickle&gt; =&gt; &lt;float_to_bool&gt;$&apos; then &apos;$&lt;read_object_from_pickle&gt; =&gt; &lt;int_to_bool&gt;$&apos; then &apos;$&lt;read_object_from_pickle&gt; =&gt; &lt;str_to_bool&gt;$&apos; then &apos;&lt;read_object_from_pickle&gt;]&apos;]&apos; -&gt; [int] then &apos;[Try &apos;$&lt;read_object_from_pickle&gt; =&gt; &lt;float_to_bool&gt;$&apos; then &apos;$&lt;read_object_from_pickle&gt; =&gt; &lt;int_to_bool&gt;$&apos; then &apos;$&lt;read_object_from_pickle&gt; =&gt; &lt;str_to_bool&gt;$&apos; then &apos;&lt;read_object_from_pickle&gt;]&apos;]&apos; -&gt; [bool] then &apos;&lt;read_object_from_pickle&gt;&apos; -&gt; [_NamedIntConstant] then &apos;&lt;read_object_from_pickle&gt;&apos; -&gt; [IntEnum] then &apos;&lt;read_object_from_pickle&gt;&apos; -&gt; [Signals] then &apos;&lt;read_object_from_pickle&gt;&apos; -&gt; [SocketKind] then &apos;&lt;read_object_from_pickle&gt;&apos; -&gt; [HTTPStatus] then &apos;&lt;read_object_from_pickle&gt;&apos; -&gt; [_SSLMethod] then &apos;&lt;read_object_from_pickle&gt;&apos; -&gt; [_ParameterKind] then &apos;&lt;read_object_from_pickle&gt;&apos; -&gt; [Sigmasks] then &apos;&lt;read_object_from_pickle&gt;&apos; -&gt; [Handlers] then &apos;&lt;read_object_from_pickle&gt;&apos; -&gt; [AddressFamily]]]
(B)                                                                                                               |--pickle-bool-False=0.pyc -&gt; int ------- using [Try &apos;$&lt;read_object_from_pickle&gt; =&gt; &lt;bool_to_int&gt;$&apos; then &apos;$&lt;read_object_from_pickle&gt; =&gt; &lt;float_to_int&gt;$&apos; then &apos;$&lt;read_object_from_pickle&gt; =&gt; &lt;str_to_int&gt;$&apos; then &apos;$&lt;read_object_from_pickle&gt; =&gt; &lt;float_to_bool&gt;$&apos; then &apos;$&lt;read_object_from_pickle&gt; =&gt; &lt;int_to_bool&gt;$&apos; then &apos;$&lt;read_object_from_pickle&gt; =&gt; &lt;str_to_bool&gt;$&apos; then &apos;&lt;read_object_from_pickle&gt;]&apos;]
(B)                                                                                                               |--pickle-bool-False=0.pyc -&gt; int ------- using $&lt;read_object_from_pickle&gt; =&gt; &lt;bool_to_int&gt;$
Parsing Plan created successfully

Executing Parsing Plan for [/home/travis/build/smarie/python-parsyfiles/parsyfiles/tests/parsing_capabilities_by_type/primitives_data/int/ok/pickle-bool-False=0]
(P) /home/travis/build/smarie/python-parsyfiles/parsyfiles/tests/parsing_capabilities_by_type/primitives_data/int/ok/pickle-bool-False=0.pyc -&gt; int ------- using $&lt;read_object_from_pickle&gt; =&gt; &lt;bool_to_int&gt;$
(P)                                                                                                               |--pickle-bool-False=0.pyc -&gt; int SUCCESS !
Completed parsing successfully

0==0
</system-out></testcase><testcase classname="parsyfiles.tests.parsing_capabilities_by_type.test_parse_primitives" file="parsyfiles/tests/parsing_capabilities_by_type/test_parse_primitives.py" line="179" name="test_parse_by_type[int-ok-pickle-float-10.0=10.pyc]" time="0.07269716262817383"><system-out>**** Starting to parse single object of type &lt;int&gt; at location /home/travis/build/smarie/python-parsyfiles/parsyfiles/tests/parsing_capabilities_by_type/primitives_data/int/ok/pickle-float-10.0=10 ****
Checking all files under [/home/travis/build/smarie/python-parsyfiles/parsyfiles/tests/parsing_capabilities_by_type/primitives_data/int/ok/pickle-float-10.0=10]
(C) /home/travis/build/smarie/python-parsyfiles/parsyfiles/tests/parsing_capabilities_by_type/primitives_data/int/ok/pickle-float-10.0=10 (singlefile, .pyc)
File checks done

Building a parsing plan to parse [/home/travis/build/smarie/python-parsyfiles/parsyfiles/tests/parsing_capabilities_by_type/primitives_data/int/ok/pickle-float-10.0=10] into a int
(B) /home/travis/build/smarie/python-parsyfiles/parsyfiles/tests/parsing_capabilities_by_type/primitives_data/int/ok/pickle-float-10.0=10.pyc -&gt; int ------- using [Try &apos;[Try &apos;$&lt;read_object_from_pickle&gt; =&gt; &lt;bool_to_int&gt;$&apos; then &apos;$&lt;read_object_from_pickle&gt; =&gt; &lt;float_to_int&gt;$&apos; then &apos;$&lt;read_object_from_pickle&gt; =&gt; &lt;str_to_int&gt;$&apos; then &apos;$&lt;read_object_from_pickle&gt; =&gt; &lt;float_to_bool&gt;$&apos; then &apos;$&lt;read_object_from_pickle&gt; =&gt; &lt;int_to_bool&gt;$&apos; then &apos;$&lt;read_object_from_pickle&gt; =&gt; &lt;str_to_bool&gt;$&apos; then &apos;&lt;read_object_from_pickle&gt;]&apos;]&apos; -&gt; [int] then &apos;[Try &apos;$&lt;read_object_from_pickle&gt; =&gt; &lt;float_to_bool&gt;$&apos; then &apos;$&lt;read_object_from_pickle&gt; =&gt; &lt;int_to_bool&gt;$&apos; then &apos;$&lt;read_object_from_pickle&gt; =&gt; &lt;str_to_bool&gt;$&apos; then &apos;&lt;read_object_from_pickle&gt;]&apos;]&apos; -&gt; [bool] then &apos;&lt;read_object_from_pickle&gt;&apos; -&gt; [_NamedIntConstant] then &apos;&lt;read_object_from_pickle&gt;&apos; -&gt; [IntEnum] then &apos;&lt;read_object_from_pickle&gt;&apos; -&gt; [Signals] then &apos;&lt;read_object_from_pickle&gt;&apos; -&gt; [SocketKind] then &apos;&lt;read_object_from_pickle&gt;&apos; -&gt; [HTTPStatus] then &apos;&lt;read_object_from_pickle&gt;&apos; -&gt; [_SSLMethod] then &apos;&lt;read_object_from_pickle&gt;&apos; -&gt; [_ParameterKind] then &apos;&lt;read_object_from_pickle&gt;&apos; -&gt; [Sigmasks] then &apos;&lt;read_object_from_pickle&gt;&apos; -&gt; [Handlers] then &apos;&lt;read_object_from_pickle&gt;&apos; -&gt; [AddressFamily]]]
(B)                                                                                                               |--pickle-float-10.0=10.pyc -&gt; int ------- using [Try &apos;$&lt;read_object_from_pickle&gt; =&gt; &lt;bool_to_int&gt;$&apos; then &apos;$&lt;read_object_from_pickle&gt; =&gt; &lt;float_to_int&gt;$&apos; then &apos;$&lt;read_object_from_pickle&gt; =&gt; &lt;str_to_int&gt;$&apos; then &apos;$&lt;read_object_from_pickle&gt; =&gt; &lt;float_to_bool&gt;$&apos; then &apos;$&lt;read_object_from_pickle&gt; =&gt; &lt;int_to_bool&gt;$&apos; then &apos;$&lt;read_object_from_pickle&gt; =&gt; &lt;str_to_bool&gt;$&apos; then &apos;&lt;read_object_from_pickle&gt;]&apos;]
(B)                                                                                                               |--pickle-float-10.0=10.pyc -&gt; int ------- using $&lt;read_object_from_pickle&gt; =&gt; &lt;bool_to_int&gt;$
Parsing Plan created successfully

Executing Parsing Plan for [/home/travis/build/smarie/python-parsyfiles/parsyfiles/tests/parsing_capabilities_by_type/primitives_data/int/ok/pickle-float-10.0=10]
(P) /home/travis/build/smarie/python-parsyfiles/parsyfiles/tests/parsing_capabilities_by_type/primitives_data/int/ok/pickle-float-10.0=10.pyc -&gt; int ------- using $&lt;read_object_from_pickle&gt; =&gt; &lt;bool_to_int&gt;$
  !! Caught error during execution !!
  File &quot;/home/travis/build/smarie/python-parsyfiles/parsyfiles/parsing_core.py&quot;, line 177, in _execute
    self.get_singlefile_encoding(), logger, options)
  File &quot;/home/travis/build/smarie/python-parsyfiles/parsyfiles/parsing_combining_parsers.py&quot;, line 598, in _parse_singlefile
    return self._converter.convert(desired_type, first, logger, options)
  File &quot;/home/travis/build/smarie/python-parsyfiles/parsyfiles/converting_core.py&quot;, line 321, in convert
    raise ConversionException.create_not_able_to_convert(source_obj, self, desired_type)
  ConversionException : Converter $&lt;bool_to_int&gt;$ is not able to ingest source value &apos;10.0&apos; of type &apos;float&apos; and/or convert it to type &apos;int&apos;. This can happen in a chain when the previous step in the chain is generic and actually produced  an output of the wrong type/content
(B)                                                                                                               |--pickle-float-10.0=10.pyc -&gt; int ------- using $&lt;read_object_from_pickle&gt; =&gt; &lt;float_to_int&gt;$
Executing Parsing Plan for [/home/travis/build/smarie/python-parsyfiles/parsyfiles/tests/parsing_capabilities_by_type/primitives_data/int/ok/pickle-float-10.0=10]
(P) /home/travis/build/smarie/python-parsyfiles/parsyfiles/tests/parsing_capabilities_by_type/primitives_data/int/ok/pickle-float-10.0=10.pyc -&gt; int ------- using $&lt;read_object_from_pickle&gt; =&gt; &lt;float_to_int&gt;$
(P)                                                                                                               |--pickle-float-10.0=10.pyc -&gt; int SUCCESS !
Completed parsing successfully

10==10
</system-out></testcase><testcase classname="parsyfiles.tests.parsing_capabilities_by_type.test_parse_primitives" file="parsyfiles/tests/parsing_capabilities_by_type/test_parse_primitives.py" line="179" name="test_parse_by_type[int-ok-pickle-int--2=-2.pyc]" time="0.08106374740600586"><system-out>**** Starting to parse single object of type &lt;int&gt; at location /home/travis/build/smarie/python-parsyfiles/parsyfiles/tests/parsing_capabilities_by_type/primitives_data/int/ok/pickle-int--2=-2 ****
Checking all files under [/home/travis/build/smarie/python-parsyfiles/parsyfiles/tests/parsing_capabilities_by_type/primitives_data/int/ok/pickle-int--2=-2]
(C) /home/travis/build/smarie/python-parsyfiles/parsyfiles/tests/parsing_capabilities_by_type/primitives_data/int/ok/pickle-int--2=-2 (singlefile, .pyc)
File checks done

Building a parsing plan to parse [/home/travis/build/smarie/python-parsyfiles/parsyfiles/tests/parsing_capabilities_by_type/primitives_data/int/ok/pickle-int--2=-2] into a int
(B) /home/travis/build/smarie/python-parsyfiles/parsyfiles/tests/parsing_capabilities_by_type/primitives_data/int/ok/pickle-int--2=-2.pyc -&gt; int ------- using [Try &apos;[Try &apos;$&lt;read_object_from_pickle&gt; =&gt; &lt;bool_to_int&gt;$&apos; then &apos;$&lt;read_object_from_pickle&gt; =&gt; &lt;float_to_int&gt;$&apos; then &apos;$&lt;read_object_from_pickle&gt; =&gt; &lt;str_to_int&gt;$&apos; then &apos;$&lt;read_object_from_pickle&gt; =&gt; &lt;float_to_bool&gt;$&apos; then &apos;$&lt;read_object_from_pickle&gt; =&gt; &lt;int_to_bool&gt;$&apos; then &apos;$&lt;read_object_from_pickle&gt; =&gt; &lt;str_to_bool&gt;$&apos; then &apos;&lt;read_object_from_pickle&gt;]&apos;]&apos; -&gt; [int] then &apos;[Try &apos;$&lt;read_object_from_pickle&gt; =&gt; &lt;float_to_bool&gt;$&apos; then &apos;$&lt;read_object_from_pickle&gt; =&gt; &lt;int_to_bool&gt;$&apos; then &apos;$&lt;read_object_from_pickle&gt; =&gt; &lt;str_to_bool&gt;$&apos; then &apos;&lt;read_object_from_pickle&gt;]&apos;]&apos; -&gt; [bool] then &apos;&lt;read_object_from_pickle&gt;&apos; -&gt; [_NamedIntConstant] then &apos;&lt;read_object_from_pickle&gt;&apos; -&gt; [IntEnum] then &apos;&lt;read_object_from_pickle&gt;&apos; -&gt; [Signals] then &apos;&lt;read_object_from_pickle&gt;&apos; -&gt; [SocketKind] then &apos;&lt;read_object_from_pickle&gt;&apos; -&gt; [HTTPStatus] then &apos;&lt;read_object_from_pickle&gt;&apos; -&gt; [_SSLMethod] then &apos;&lt;read_object_from_pickle&gt;&apos; -&gt; [_ParameterKind] then &apos;&lt;read_object_from_pickle&gt;&apos; -&gt; [Sigmasks] then &apos;&lt;read_object_from_pickle&gt;&apos; -&gt; [Handlers] then &apos;&lt;read_object_from_pickle&gt;&apos; -&gt; [AddressFamily]]]
(B)                                                                                                               |--pickle-int--2=-2.pyc -&gt; int ------- using [Try &apos;$&lt;read_object_from_pickle&gt; =&gt; &lt;bool_to_int&gt;$&apos; then &apos;$&lt;read_object_from_pickle&gt; =&gt; &lt;float_to_int&gt;$&apos; then &apos;$&lt;read_object_from_pickle&gt; =&gt; &lt;str_to_int&gt;$&apos; then &apos;$&lt;read_object_from_pickle&gt; =&gt; &lt;float_to_bool&gt;$&apos; then &apos;$&lt;read_object_from_pickle&gt; =&gt; &lt;int_to_bool&gt;$&apos; then &apos;$&lt;read_object_from_pickle&gt; =&gt; &lt;str_to_bool&gt;$&apos; then &apos;&lt;read_object_from_pickle&gt;]&apos;]
(B)                                                                                                               |--pickle-int--2=-2.pyc -&gt; int ------- using $&lt;read_object_from_pickle&gt; =&gt; &lt;bool_to_int&gt;$
Parsing Plan created successfully

Executing Parsing Plan for [/home/travis/build/smarie/python-parsyfiles/parsyfiles/tests/parsing_capabilities_by_type/primitives_data/int/ok/pickle-int--2=-2]
(P) /home/travis/build/smarie/python-parsyfiles/parsyfiles/tests/parsing_capabilities_by_type/primitives_data/int/ok/pickle-int--2=-2.pyc -&gt; int ------- using $&lt;read_object_from_pickle&gt; =&gt; &lt;bool_to_int&gt;$
  !! Caught error during execution !!
  File &quot;/home/travis/build/smarie/python-parsyfiles/parsyfiles/parsing_core.py&quot;, line 177, in _execute
    self.get_singlefile_encoding(), logger, options)
  File &quot;/home/travis/build/smarie/python-parsyfiles/parsyfiles/parsing_combining_parsers.py&quot;, line 598, in _parse_singlefile
    return self._converter.convert(desired_type, first, logger, options)
  File &quot;/home/travis/build/smarie/python-parsyfiles/parsyfiles/converting_core.py&quot;, line 321, in convert
    raise ConversionException.create_not_able_to_convert(source_obj, self, desired_type)
  ConversionException : Converter $&lt;bool_to_int&gt;$ is not able to ingest source value &apos;-2&apos; of type &apos;int&apos; and/or convert it to type &apos;int&apos;. This can happen in a chain when the previous step in the chain is generic and actually produced  an output of the wrong type/content
(B)                                                                                                               |--pickle-int--2=-2.pyc -&gt; int ------- using $&lt;read_object_from_pickle&gt; =&gt; &lt;float_to_int&gt;$
Executing Parsing Plan for [/home/travis/build/smarie/python-parsyfiles/parsyfiles/tests/parsing_capabilities_by_type/primitives_data/int/ok/pickle-int--2=-2]
(P) /home/travis/build/smarie/python-parsyfiles/parsyfiles/tests/parsing_capabilities_by_type/primitives_data/int/ok/pickle-int--2=-2.pyc -&gt; int ------- using $&lt;read_object_from_pickle&gt; =&gt; &lt;float_to_int&gt;$
  !! Caught error during execution !!
  File &quot;/home/travis/build/smarie/python-parsyfiles/parsyfiles/parsing_core.py&quot;, line 177, in _execute
    self.get_singlefile_encoding(), logger, options)
  File &quot;/home/travis/build/smarie/python-parsyfiles/parsyfiles/parsing_combining_parsers.py&quot;, line 598, in _parse_singlefile
    return self._converter.convert(desired_type, first, logger, options)
  File &quot;/home/travis/build/smarie/python-parsyfiles/parsyfiles/converting_core.py&quot;, line 321, in convert
    raise ConversionException.create_not_able_to_convert(source_obj, self, desired_type)
  ConversionException : Converter $&lt;float_to_int&gt;$ is not able to ingest source value &apos;-2&apos; of type &apos;int&apos; and/or convert it to type &apos;int&apos;. This can happen in a chain when the previous step in the chain is generic and actually produced  an output of the wrong type/content
(B)                                                                                                               |--pickle-int--2=-2.pyc -&gt; int ------- using $&lt;read_object_from_pickle&gt; =&gt; &lt;str_to_int&gt;$
Executing Parsing Plan for [/home/travis/build/smarie/python-parsyfiles/parsyfiles/tests/parsing_capabilities_by_type/primitives_data/int/ok/pickle-int--2=-2]
(P) /home/travis/build/smarie/python-parsyfiles/parsyfiles/tests/parsing_capabilities_by_type/primitives_data/int/ok/pickle-int--2=-2.pyc -&gt; int ------- using $&lt;read_object_from_pickle&gt; =&gt; &lt;str_to_int&gt;$
  !! Caught error during execution !!
  File &quot;/home/travis/build/smarie/python-parsyfiles/parsyfiles/parsing_core.py&quot;, line 177, in _execute
    self.get_singlefile_encoding(), logger, options)
  File &quot;/home/travis/build/smarie/python-parsyfiles/parsyfiles/parsing_combining_parsers.py&quot;, line 598, in _parse_singlefile
    return self._converter.convert(desired_type, first, logger, options)
  File &quot;/home/travis/build/smarie/python-parsyfiles/parsyfiles/converting_core.py&quot;, line 321, in convert
    raise ConversionException.create_not_able_to_convert(source_obj, self, desired_type)
  ConversionException : Converter $&lt;str_to_int&gt;$ is not able to ingest source value &apos;-2&apos; of type &apos;int&apos; and/or convert it to type &apos;int&apos;. This can happen in a chain when the previous step in the chain is generic and actually produced  an output of the wrong type/content
(B)                                                                                                               |--pickle-int--2=-2.pyc -&gt; int ------- using $&lt;read_object_from_pickle&gt; =&gt; &lt;float_to_bool&gt;$
Executing Parsing Plan for [/home/travis/build/smarie/python-parsyfiles/parsyfiles/tests/parsing_capabilities_by_type/primitives_data/int/ok/pickle-int--2=-2]
(P) /home/travis/build/smarie/python-parsyfiles/parsyfiles/tests/parsing_capabilities_by_type/primitives_data/int/ok/pickle-int--2=-2.pyc -&gt; int ------- using $&lt;read_object_from_pickle&gt; =&gt; &lt;float_to_bool&gt;$
  !! Caught error during execution !!
  File &quot;/home/travis/build/smarie/python-parsyfiles/parsyfiles/parsing_core.py&quot;, line 177, in _execute
    self.get_singlefile_encoding(), logger, options)
  File &quot;/home/travis/build/smarie/python-parsyfiles/parsyfiles/parsing_combining_parsers.py&quot;, line 598, in _parse_singlefile
    return self._converter.convert(desired_type, first, logger, options)
  File &quot;/home/travis/build/smarie/python-parsyfiles/parsyfiles/converting_core.py&quot;, line 321, in convert
    raise ConversionException.create_not_able_to_convert(source_obj, self, desired_type)
  ConversionException : Converter $&lt;float_to_bool&gt;$ is not able to ingest source value &apos;-2&apos; of type &apos;int&apos; and/or convert it to type &apos;int&apos;. This can happen in a chain when the previous step in the chain is generic and actually produced  an output of the wrong type/content
(B)                                                                                                               |--pickle-int--2=-2.pyc -&gt; int ------- using $&lt;read_object_from_pickle&gt; =&gt; &lt;int_to_bool&gt;$
Executing Parsing Plan for [/home/travis/build/smarie/python-parsyfiles/parsyfiles/tests/parsing_capabilities_by_type/primitives_data/int/ok/pickle-int--2=-2]
(P) /home/travis/build/smarie/python-parsyfiles/parsyfiles/tests/parsing_capabilities_by_type/primitives_data/int/ok/pickle-int--2=-2.pyc -&gt; int ------- using $&lt;read_object_from_pickle&gt; =&gt; &lt;int_to_bool&gt;$
  !! Caught error during execution !!
  File &quot;/home/travis/build/smarie/python-parsyfiles/parsyfiles/converting_core.py&quot;, line 319, in convert
    return self._convert(desired_type, source_obj, logger, options)
  File &quot;/home/travis/build/smarie/python-parsyfiles/parsyfiles/converting_core.py&quot;, line 524, in _convert
    return self.conversion_method(desired_type, source_obj, logger, **opts)
  File &quot;/home/travis/build/smarie/python-parsyfiles/parsyfiles/plugins_base/support_for_primitive_types.py&quot;, line 91, in primitive_to_bool
    raise ValueError(&apos;Cannot convert to bool : source is a number but is not 1 nor 0 : \&apos;&apos; + str(source) + &apos;\&apos;&apos;)
  ValueError : Cannot convert to bool : source is a number but is not 1 nor 0 : &apos;-2&apos;
(B)                                                                                                               |--pickle-int--2=-2.pyc -&gt; int ------- using $&lt;read_object_from_pickle&gt; =&gt; &lt;str_to_bool&gt;$
Executing Parsing Plan for [/home/travis/build/smarie/python-parsyfiles/parsyfiles/tests/parsing_capabilities_by_type/primitives_data/int/ok/pickle-int--2=-2]
(P) /home/travis/build/smarie/python-parsyfiles/parsyfiles/tests/parsing_capabilities_by_type/primitives_data/int/ok/pickle-int--2=-2.pyc -&gt; int ------- using $&lt;read_object_from_pickle&gt; =&gt; &lt;str_to_bool&gt;$
  !! Caught error during execution !!
  File &quot;/home/travis/build/smarie/python-parsyfiles/parsyfiles/parsing_core.py&quot;, line 177, in _execute
    self.get_singlefile_encoding(), logger, options)
  File &quot;/home/travis/build/smarie/python-parsyfiles/parsyfiles/parsing_combining_parsers.py&quot;, line 598, in _parse_singlefile
    return self._converter.convert(desired_type, first, logger, options)
  File &quot;/home/travis/build/smarie/python-parsyfiles/parsyfiles/converting_core.py&quot;, line 321, in convert
    raise ConversionException.create_not_able_to_convert(source_obj, self, desired_type)
  ConversionException : Converter $&lt;str_to_bool&gt;$ is not able to ingest source value &apos;-2&apos; of type &apos;int&apos; and/or convert it to type &apos;int&apos;. This can happen in a chain when the previous step in the chain is generic and actually produced  an output of the wrong type/content
(B)                                                                                                               |--pickle-int--2=-2.pyc -&gt; int ------- using &lt;read_object_from_pickle&gt;
Executing Parsing Plan for [/home/travis/build/smarie/python-parsyfiles/parsyfiles/tests/parsing_capabilities_by_type/primitives_data/int/ok/pickle-int--2=-2]
(P) /home/travis/build/smarie/python-parsyfiles/parsyfiles/tests/parsing_capabilities_by_type/primitives_data/int/ok/pickle-int--2=-2.pyc -&gt; int ------- using &lt;read_object_from_pickle&gt;
(P)                                                                                                               |--pickle-int--2=-2.pyc -&gt; int SUCCESS !
Completed parsing successfully

-2==-2
</system-out></testcase><testcase classname="parsyfiles.tests.parsing_capabilities_by_type.test_parse_primitives" file="parsyfiles/tests/parsing_capabilities_by_type/test_parse_primitives.py" line="179" name="test_parse_by_type[int-ok-b64pickle-bool-True=1.txt]" time="0.08001923561096191"><system-out>**** Starting to parse single object of type &lt;int&gt; at location /home/travis/build/smarie/python-parsyfiles/parsyfiles/tests/parsing_capabilities_by_type/primitives_data/int/ok/b64pickle-bool-True=1 ****
Checking all files under [/home/travis/build/smarie/python-parsyfiles/parsyfiles/tests/parsing_capabilities_by_type/primitives_data/int/ok/b64pickle-bool-True=1]
(C) /home/travis/build/smarie/python-parsyfiles/parsyfiles/tests/parsing_capabilities_by_type/primitives_data/int/ok/b64pickle-bool-True=1 (singlefile, .txt)
File checks done

Building a parsing plan to parse [/home/travis/build/smarie/python-parsyfiles/parsyfiles/tests/parsing_capabilities_by_type/primitives_data/int/ok/b64pickle-bool-True=1] into a int
(B) /home/travis/build/smarie/python-parsyfiles/parsyfiles/tests/parsing_capabilities_by_type/primitives_data/int/ok/b64pickle-bool-True=1.txt -&gt; int ------- using [Try &apos;[Try &apos;$&lt;read_str_from_txt&gt; =&gt; &lt;str_to_int&gt;$&apos; then &apos;$&lt;read_str_from_txt&gt; =&gt; &lt;base64_ascii_str_pickle_to_object&gt; -&gt; &lt;bool_to_int&gt;$&apos; then &apos;$&lt;read_str_from_txt&gt; =&gt; &lt;base64_ascii_str_pickle_to_object&gt; -&gt; &lt;float_to_int&gt;$&apos; then &apos;$&lt;read_str_from_txt&gt; =&gt; &lt;base64_ascii_str_pickle_to_object&gt; -&gt; &lt;str_to_int&gt;$&apos; then &apos;$&lt;read_str_from_txt&gt; =&gt; &lt;str_to_bool&gt;$&apos; then &apos;$&lt;read_str_from_txt&gt; =&gt; &lt;base64_ascii_str_pickle_to_object&gt; -&gt; &lt;float_to_bool&gt;$&apos; then &apos;$&lt;read_str_from_txt&gt; =&gt; &lt;base64_ascii_str_pickle_to_object&gt; -&gt; &lt;int_to_bool&gt;$&apos; then &apos;$&lt;read_str_from_txt&gt; =&gt; &lt;base64_ascii_str_pickle_to_object&gt; -&gt; &lt;str_to_bool&gt;$&apos; then &apos;$&lt;read_str_from_txt&gt; =&gt; &lt;base64_ascii_str_pickle_to_object&gt;$]&apos;]&apos; -&gt; [int] then &apos;[Try &apos;$&lt;read_str_from_txt&gt; =&gt; &lt;str_to_bool&gt;$&apos; then &apos;$&lt;read_str_from_txt&gt; =&gt; &lt;base64_ascii_str_pickle_to_object&gt; -&gt; &lt;float_to_bool&gt;$&apos; then &apos;$&lt;read_str_from_txt&gt; =&gt; &lt;base64_ascii_str_pickle_to_object&gt; -&gt; &lt;int_to_bool&gt;$&apos; then &apos;$&lt;read_str_from_txt&gt; =&gt; &lt;base64_ascii_str_pickle_to_object&gt; -&gt; &lt;str_to_bool&gt;$&apos; then &apos;$&lt;read_str_from_txt&gt; =&gt; &lt;base64_ascii_str_pickle_to_object&gt;$]&apos;]&apos; -&gt; [bool] then &apos;[Try &apos;$&lt;read_str_from_txt&gt; =&gt; &lt;constructor_with_str_arg&gt;$&apos; then &apos;$&lt;read_str_from_txt&gt; =&gt; &lt;base64_ascii_str_pickle_to_object&gt;$]&apos;]&apos; -&gt; [_NamedIntConstant] then &apos;[Try &apos;$&lt;read_str_from_txt&gt; =&gt; &lt;constructor_with_str_arg&gt;$&apos; then &apos;$&lt;read_str_from_txt&gt; =&gt; &lt;base64_ascii_str_pickle_to_object&gt;$]&apos;]&apos; -&gt; [IntEnum] then &apos;[Try &apos;$&lt;read_str_from_txt&gt; =&gt; &lt;constructor_with_str_arg&gt;$&apos; then &apos;$&lt;read_str_from_txt&gt; =&gt; &lt;base64_ascii_str_pickle_to_object&gt;$]&apos;]&apos; -&gt; [Signals] then &apos;[Try &apos;$&lt;read_str_from_txt&gt; =&gt; &lt;constructor_with_str_arg&gt;$&apos; then &apos;$&lt;read_str_from_txt&gt; =&gt; &lt;base64_ascii_str_pickle_to_object&gt;$]&apos;]&apos; -&gt; [SocketKind] then &apos;[Try &apos;$&lt;read_str_from_txt&gt; =&gt; &lt;constructor_with_str_arg&gt;$&apos; then &apos;$&lt;read_str_from_txt&gt; =&gt; &lt;base64_ascii_str_pickle_to_object&gt;$]&apos;]&apos; -&gt; [HTTPStatus] then &apos;[Try &apos;$&lt;read_str_from_txt&gt; =&gt; &lt;constructor_with_str_arg&gt;$&apos; then &apos;$&lt;read_str_from_txt&gt; =&gt; &lt;base64_ascii_str_pickle_to_object&gt;$]&apos;]&apos; -&gt; [_SSLMethod] then &apos;[Try &apos;$&lt;read_str_from_txt&gt; =&gt; &lt;constructor_with_str_arg&gt;$&apos; then &apos;$&lt;read_str_from_txt&gt; =&gt; &lt;base64_ascii_str_pickle_to_object&gt;$]&apos;]&apos; -&gt; [_ParameterKind] then &apos;[Try &apos;$&lt;read_str_from_txt&gt; =&gt; &lt;constructor_with_str_arg&gt;$&apos; then &apos;$&lt;read_str_from_txt&gt; =&gt; &lt;base64_ascii_str_pickle_to_object&gt;$]&apos;]&apos; -&gt; [Sigmasks] then &apos;[Try &apos;$&lt;read_str_from_txt&gt; =&gt; &lt;constructor_with_str_arg&gt;$&apos; then &apos;$&lt;read_str_from_txt&gt; =&gt; &lt;base64_ascii_str_pickle_to_object&gt;$]&apos;]&apos; -&gt; [Handlers] then &apos;[Try &apos;$&lt;read_str_from_txt&gt; =&gt; &lt;constructor_with_str_arg&gt;$&apos; then &apos;$&lt;read_str_from_txt&gt; =&gt; &lt;base64_ascii_str_pickle_to_object&gt;$]&apos;]&apos; -&gt; [AddressFamily]]]
(B)                                                                                                               |--b64pickle-bool-True=1.txt -&gt; int ------- using [Try &apos;$&lt;read_str_from_txt&gt; =&gt; &lt;str_to_int&gt;$&apos; then &apos;$&lt;read_str_from_txt&gt; =&gt; &lt;base64_ascii_str_pickle_to_object&gt; -&gt; &lt;bool_to_int&gt;$&apos; then &apos;$&lt;read_str_from_txt&gt; =&gt; &lt;base64_ascii_str_pickle_to_object&gt; -&gt; &lt;float_to_int&gt;$&apos; then &apos;$&lt;read_str_from_txt&gt; =&gt; &lt;base64_ascii_str_pickle_to_object&gt; -&gt; &lt;str_to_int&gt;$&apos; then &apos;$&lt;read_str_from_txt&gt; =&gt; &lt;str_to_bool&gt;$&apos; then &apos;$&lt;read_str_from_txt&gt; =&gt; &lt;base64_ascii_str_pickle_to_object&gt; -&gt; &lt;float_to_bool&gt;$&apos; then &apos;$&lt;read_str_from_txt&gt; =&gt; &lt;base64_ascii_str_pickle_to_object&gt; -&gt; &lt;int_to_bool&gt;$&apos; then &apos;$&lt;read_str_from_txt&gt; =&gt; &lt;base64_ascii_str_pickle_to_object&gt; -&gt; &lt;str_to_bool&gt;$&apos; then &apos;$&lt;read_str_from_txt&gt; =&gt; &lt;base64_ascii_str_pickle_to_object&gt;$]&apos;]
(B)                                                                                                               |--b64pickle-bool-True=1.txt -&gt; int ------- using $&lt;read_str_from_txt&gt; =&gt; &lt;str_to_int&gt;$
Parsing Plan created successfully

Executing Parsing Plan for [/home/travis/build/smarie/python-parsyfiles/parsyfiles/tests/parsing_capabilities_by_type/primitives_data/int/ok/b64pickle-bool-True=1]
(P) /home/travis/build/smarie/python-parsyfiles/parsyfiles/tests/parsing_capabilities_by_type/primitives_data/int/ok/b64pickle-bool-True=1.txt -&gt; int ------- using $&lt;read_str_from_txt&gt; =&gt; &lt;str_to_int&gt;$
  !! Caught error during execution !!
  File &quot;/home/travis/build/smarie/python-parsyfiles/parsyfiles/plugins_base/support_for_primitive_types.py&quot;, line 37, in primitive_to_int
    source = literal_eval(source)
  File &quot;/opt/python/3.5.5/lib/python3.5/ast.py&quot;, line 46, in literal_eval
    node_or_string = parse(node_or_string, mode=&apos;eval&apos;)
  File &quot;/opt/python/3.5.5/lib/python3.5/ast.py&quot;, line 35, in parse
    return compile(source, filename, mode, PyCF_ONLY_AST)
  SyntaxError : unexpected EOF while parsing (&lt;unknown&gt;, line 1)
(B)                                                                                                               |--b64pickle-bool-True=1.txt -&gt; int ------- using $&lt;read_str_from_txt&gt; =&gt; &lt;base64_ascii_str_pickle_to_object&gt; -&gt; &lt;bool_to_int&gt;$
Executing Parsing Plan for [/home/travis/build/smarie/python-parsyfiles/parsyfiles/tests/parsing_capabilities_by_type/primitives_data/int/ok/b64pickle-bool-True=1]
(P) /home/travis/build/smarie/python-parsyfiles/parsyfiles/tests/parsing_capabilities_by_type/primitives_data/int/ok/b64pickle-bool-True=1.txt -&gt; int ------- using $&lt;read_str_from_txt&gt; =&gt; &lt;base64_ascii_str_pickle_to_object&gt; -&gt; &lt;bool_to_int&gt;$
(P)                                                                                                               |--b64pickle-bool-True=1.txt -&gt; int SUCCESS !
Completed parsing successfully

1==1
</system-out></testcase><testcase classname="parsyfiles.tests.parsing_capabilities_by_type.test_parse_primitives" file="parsyfiles/tests/parsing_capabilities_by_type/test_parse_primitives.py" line="179" name="test_parse_by_type[int-ok-pickle-int-0=0.pyc]" time="0.07894539833068848"><system-out>**** Starting to parse single object of type &lt;int&gt; at location /home/travis/build/smarie/python-parsyfiles/parsyfiles/tests/parsing_capabilities_by_type/primitives_data/int/ok/pickle-int-0=0 ****
Checking all files under [/home/travis/build/smarie/python-parsyfiles/parsyfiles/tests/parsing_capabilities_by_type/primitives_data/int/ok/pickle-int-0=0]
(C) /home/travis/build/smarie/python-parsyfiles/parsyfiles/tests/parsing_capabilities_by_type/primitives_data/int/ok/pickle-int-0=0 (singlefile, .pyc)
File checks done

Building a parsing plan to parse [/home/travis/build/smarie/python-parsyfiles/parsyfiles/tests/parsing_capabilities_by_type/primitives_data/int/ok/pickle-int-0=0] into a int
(B) /home/travis/build/smarie/python-parsyfiles/parsyfiles/tests/parsing_capabilities_by_type/primitives_data/int/ok/pickle-int-0=0.pyc -&gt; int ------- using [Try &apos;[Try &apos;$&lt;read_object_from_pickle&gt; =&gt; &lt;bool_to_int&gt;$&apos; then &apos;$&lt;read_object_from_pickle&gt; =&gt; &lt;float_to_int&gt;$&apos; then &apos;$&lt;read_object_from_pickle&gt; =&gt; &lt;str_to_int&gt;$&apos; then &apos;$&lt;read_object_from_pickle&gt; =&gt; &lt;float_to_bool&gt;$&apos; then &apos;$&lt;read_object_from_pickle&gt; =&gt; &lt;int_to_bool&gt;$&apos; then &apos;$&lt;read_object_from_pickle&gt; =&gt; &lt;str_to_bool&gt;$&apos; then &apos;&lt;read_object_from_pickle&gt;]&apos;]&apos; -&gt; [int] then &apos;[Try &apos;$&lt;read_object_from_pickle&gt; =&gt; &lt;float_to_bool&gt;$&apos; then &apos;$&lt;read_object_from_pickle&gt; =&gt; &lt;int_to_bool&gt;$&apos; then &apos;$&lt;read_object_from_pickle&gt; =&gt; &lt;str_to_bool&gt;$&apos; then &apos;&lt;read_object_from_pickle&gt;]&apos;]&apos; -&gt; [bool] then &apos;&lt;read_object_from_pickle&gt;&apos; -&gt; [_NamedIntConstant] then &apos;&lt;read_object_from_pickle&gt;&apos; -&gt; [IntEnum] then &apos;&lt;read_object_from_pickle&gt;&apos; -&gt; [Signals] then &apos;&lt;read_object_from_pickle&gt;&apos; -&gt; [SocketKind] then &apos;&lt;read_object_from_pickle&gt;&apos; -&gt; [HTTPStatus] then &apos;&lt;read_object_from_pickle&gt;&apos; -&gt; [_SSLMethod] then &apos;&lt;read_object_from_pickle&gt;&apos; -&gt; [_ParameterKind] then &apos;&lt;read_object_from_pickle&gt;&apos; -&gt; [Sigmasks] then &apos;&lt;read_object_from_pickle&gt;&apos; -&gt; [Handlers] then &apos;&lt;read_object_from_pickle&gt;&apos; -&gt; [AddressFamily]]]
(B)                                                                                                               |--pickle-int-0=0.pyc -&gt; int ------- using [Try &apos;$&lt;read_object_from_pickle&gt; =&gt; &lt;bool_to_int&gt;$&apos; then &apos;$&lt;read_object_from_pickle&gt; =&gt; &lt;float_to_int&gt;$&apos; then &apos;$&lt;read_object_from_pickle&gt; =&gt; &lt;str_to_int&gt;$&apos; then &apos;$&lt;read_object_from_pickle&gt; =&gt; &lt;float_to_bool&gt;$&apos; then &apos;$&lt;read_object_from_pickle&gt; =&gt; &lt;int_to_bool&gt;$&apos; then &apos;$&lt;read_object_from_pickle&gt; =&gt; &lt;str_to_bool&gt;$&apos; then &apos;&lt;read_object_from_pickle&gt;]&apos;]
(B)                                                                                                               |--pickle-int-0=0.pyc -&gt; int ------- using $&lt;read_object_from_pickle&gt; =&gt; &lt;bool_to_int&gt;$
Parsing Plan created successfully

Executing Parsing Plan for [/home/travis/build/smarie/python-parsyfiles/parsyfiles/tests/parsing_capabilities_by_type/primitives_data/int/ok/pickle-int-0=0]
(P) /home/travis/build/smarie/python-parsyfiles/parsyfiles/tests/parsing_capabilities_by_type/primitives_data/int/ok/pickle-int-0=0.pyc -&gt; int ------- using $&lt;read_object_from_pickle&gt; =&gt; &lt;bool_to_int&gt;$
  !! Caught error during execution !!
  File &quot;/home/travis/build/smarie/python-parsyfiles/parsyfiles/parsing_core.py&quot;, line 177, in _execute
    self.get_singlefile_encoding(), logger, options)
  File &quot;/home/travis/build/smarie/python-parsyfiles/parsyfiles/parsing_combining_parsers.py&quot;, line 598, in _parse_singlefile
    return self._converter.convert(desired_type, first, logger, options)
  File &quot;/home/travis/build/smarie/python-parsyfiles/parsyfiles/converting_core.py&quot;, line 321, in convert
    raise ConversionException.create_not_able_to_convert(source_obj, self, desired_type)
  ConversionException : Converter $&lt;bool_to_int&gt;$ is not able to ingest source value &apos;0&apos; of type &apos;int&apos; and/or convert it to type &apos;int&apos;. This can happen in a chain when the previous step in the chain is generic and actually produced  an output of the wrong type/content
(B)                                                                                                               |--pickle-int-0=0.pyc -&gt; int ------- using $&lt;read_object_from_pickle&gt; =&gt; &lt;float_to_int&gt;$
Executing Parsing Plan for [/home/travis/build/smarie/python-parsyfiles/parsyfiles/tests/parsing_capabilities_by_type/primitives_data/int/ok/pickle-int-0=0]
(P) /home/travis/build/smarie/python-parsyfiles/parsyfiles/tests/parsing_capabilities_by_type/primitives_data/int/ok/pickle-int-0=0.pyc -&gt; int ------- using $&lt;read_object_from_pickle&gt; =&gt; &lt;float_to_int&gt;$
  !! Caught error during execution !!
  File &quot;/home/travis/build/smarie/python-parsyfiles/parsyfiles/parsing_core.py&quot;, line 177, in _execute
    self.get_singlefile_encoding(), logger, options)
  File &quot;/home/travis/build/smarie/python-parsyfiles/parsyfiles/parsing_combining_parsers.py&quot;, line 598, in _parse_singlefile
    return self._converter.convert(desired_type, first, logger, options)
  File &quot;/home/travis/build/smarie/python-parsyfiles/parsyfiles/converting_core.py&quot;, line 321, in convert
    raise ConversionException.create_not_able_to_convert(source_obj, self, desired_type)
  ConversionException : Converter $&lt;float_to_int&gt;$ is not able to ingest source value &apos;0&apos; of type &apos;int&apos; and/or convert it to type &apos;int&apos;. This can happen in a chain when the previous step in the chain is generic and actually produced  an output of the wrong type/content
(B)                                                                                                               |--pickle-int-0=0.pyc -&gt; int ------- using $&lt;read_object_from_pickle&gt; =&gt; &lt;str_to_int&gt;$
Executing Parsing Plan for [/home/travis/build/smarie/python-parsyfiles/parsyfiles/tests/parsing_capabilities_by_type/primitives_data/int/ok/pickle-int-0=0]
(P) /home/travis/build/smarie/python-parsyfiles/parsyfiles/tests/parsing_capabilities_by_type/primitives_data/int/ok/pickle-int-0=0.pyc -&gt; int ------- using $&lt;read_object_from_pickle&gt; =&gt; &lt;str_to_int&gt;$
  !! Caught error during execution !!
  File &quot;/home/travis/build/smarie/python-parsyfiles/parsyfiles/parsing_core.py&quot;, line 177, in _execute
    self.get_singlefile_encoding(), logger, options)
  File &quot;/home/travis/build/smarie/python-parsyfiles/parsyfiles/parsing_combining_parsers.py&quot;, line 598, in _parse_singlefile
    return self._converter.convert(desired_type, first, logger, options)
  File &quot;/home/travis/build/smarie/python-parsyfiles/parsyfiles/converting_core.py&quot;, line 321, in convert
    raise ConversionException.create_not_able_to_convert(source_obj, self, desired_type)
  ConversionException : Converter $&lt;str_to_int&gt;$ is not able to ingest source value &apos;0&apos; of type &apos;int&apos; and/or convert it to type &apos;int&apos;. This can happen in a chain when the previous step in the chain is generic and actually produced  an output of the wrong type/content
(B)                                                                                                               |--pickle-int-0=0.pyc -&gt; int ------- using $&lt;read_object_from_pickle&gt; =&gt; &lt;float_to_bool&gt;$
Executing Parsing Plan for [/home/travis/build/smarie/python-parsyfiles/parsyfiles/tests/parsing_capabilities_by_type/primitives_data/int/ok/pickle-int-0=0]
(P) /home/travis/build/smarie/python-parsyfiles/parsyfiles/tests/parsing_capabilities_by_type/primitives_data/int/ok/pickle-int-0=0.pyc -&gt; int ------- using $&lt;read_object_from_pickle&gt; =&gt; &lt;float_to_bool&gt;$
  !! Caught error during execution !!
  File &quot;/home/travis/build/smarie/python-parsyfiles/parsyfiles/parsing_core.py&quot;, line 177, in _execute
    self.get_singlefile_encoding(), logger, options)
  File &quot;/home/travis/build/smarie/python-parsyfiles/parsyfiles/parsing_combining_parsers.py&quot;, line 598, in _parse_singlefile
    return self._converter.convert(desired_type, first, logger, options)
  File &quot;/home/travis/build/smarie/python-parsyfiles/parsyfiles/converting_core.py&quot;, line 321, in convert
    raise ConversionException.create_not_able_to_convert(source_obj, self, desired_type)
  ConversionException : Converter $&lt;float_to_bool&gt;$ is not able to ingest source value &apos;0&apos; of type &apos;int&apos; and/or convert it to type &apos;int&apos;. This can happen in a chain when the previous step in the chain is generic and actually produced  an output of the wrong type/content
(B)                                                                                                               |--pickle-int-0=0.pyc -&gt; int ------- using $&lt;read_object_from_pickle&gt; =&gt; &lt;int_to_bool&gt;$
Executing Parsing Plan for [/home/travis/build/smarie/python-parsyfiles/parsyfiles/tests/parsing_capabilities_by_type/primitives_data/int/ok/pickle-int-0=0]
(P) /home/travis/build/smarie/python-parsyfiles/parsyfiles/tests/parsing_capabilities_by_type/primitives_data/int/ok/pickle-int-0=0.pyc -&gt; int ------- using $&lt;read_object_from_pickle&gt; =&gt; &lt;int_to_bool&gt;$
(P)                                                                                                               |--pickle-int-0=0.pyc -&gt; int SUCCESS !
Completed parsing successfully

False==0
</system-out></testcase><testcase classname="parsyfiles.tests.parsing_capabilities_by_type.test_parse_primitives" file="parsyfiles/tests/parsing_capabilities_by_type/test_parse_primitives.py" line="179" name="test_parse_by_type[int-ok-txt-bool-False=0.txt]" time="0.07612991333007812"><system-out>**** Starting to parse single object of type &lt;int&gt; at location /home/travis/build/smarie/python-parsyfiles/parsyfiles/tests/parsing_capabilities_by_type/primitives_data/int/ok/txt-bool-False=0 ****
Checking all files under [/home/travis/build/smarie/python-parsyfiles/parsyfiles/tests/parsing_capabilities_by_type/primitives_data/int/ok/txt-bool-False=0]
(C) /home/travis/build/smarie/python-parsyfiles/parsyfiles/tests/parsing_capabilities_by_type/primitives_data/int/ok/txt-bool-False=0 (singlefile, .txt)
File checks done

Building a parsing plan to parse [/home/travis/build/smarie/python-parsyfiles/parsyfiles/tests/parsing_capabilities_by_type/primitives_data/int/ok/txt-bool-False=0] into a int
(B) /home/travis/build/smarie/python-parsyfiles/parsyfiles/tests/parsing_capabilities_by_type/primitives_data/int/ok/txt-bool-False=0.txt -&gt; int ------- using [Try &apos;[Try &apos;$&lt;read_str_from_txt&gt; =&gt; &lt;str_to_int&gt;$&apos; then &apos;$&lt;read_str_from_txt&gt; =&gt; &lt;base64_ascii_str_pickle_to_object&gt; -&gt; &lt;bool_to_int&gt;$&apos; then &apos;$&lt;read_str_from_txt&gt; =&gt; &lt;base64_ascii_str_pickle_to_object&gt; -&gt; &lt;float_to_int&gt;$&apos; then &apos;$&lt;read_str_from_txt&gt; =&gt; &lt;base64_ascii_str_pickle_to_object&gt; -&gt; &lt;str_to_int&gt;$&apos; then &apos;$&lt;read_str_from_txt&gt; =&gt; &lt;str_to_bool&gt;$&apos; then &apos;$&lt;read_str_from_txt&gt; =&gt; &lt;base64_ascii_str_pickle_to_object&gt; -&gt; &lt;float_to_bool&gt;$&apos; then &apos;$&lt;read_str_from_txt&gt; =&gt; &lt;base64_ascii_str_pickle_to_object&gt; -&gt; &lt;int_to_bool&gt;$&apos; then &apos;$&lt;read_str_from_txt&gt; =&gt; &lt;base64_ascii_str_pickle_to_object&gt; -&gt; &lt;str_to_bool&gt;$&apos; then &apos;$&lt;read_str_from_txt&gt; =&gt; &lt;base64_ascii_str_pickle_to_object&gt;$]&apos;]&apos; -&gt; [int] then &apos;[Try &apos;$&lt;read_str_from_txt&gt; =&gt; &lt;str_to_bool&gt;$&apos; then &apos;$&lt;read_str_from_txt&gt; =&gt; &lt;base64_ascii_str_pickle_to_object&gt; -&gt; &lt;float_to_bool&gt;$&apos; then &apos;$&lt;read_str_from_txt&gt; =&gt; &lt;base64_ascii_str_pickle_to_object&gt; -&gt; &lt;int_to_bool&gt;$&apos; then &apos;$&lt;read_str_from_txt&gt; =&gt; &lt;base64_ascii_str_pickle_to_object&gt; -&gt; &lt;str_to_bool&gt;$&apos; then &apos;$&lt;read_str_from_txt&gt; =&gt; &lt;base64_ascii_str_pickle_to_object&gt;$]&apos;]&apos; -&gt; [bool] then &apos;[Try &apos;$&lt;read_str_from_txt&gt; =&gt; &lt;constructor_with_str_arg&gt;$&apos; then &apos;$&lt;read_str_from_txt&gt; =&gt; &lt;base64_ascii_str_pickle_to_object&gt;$]&apos;]&apos; -&gt; [_NamedIntConstant] then &apos;[Try &apos;$&lt;read_str_from_txt&gt; =&gt; &lt;constructor_with_str_arg&gt;$&apos; then &apos;$&lt;read_str_from_txt&gt; =&gt; &lt;base64_ascii_str_pickle_to_object&gt;$]&apos;]&apos; -&gt; [IntEnum] then &apos;[Try &apos;$&lt;read_str_from_txt&gt; =&gt; &lt;constructor_with_str_arg&gt;$&apos; then &apos;$&lt;read_str_from_txt&gt; =&gt; &lt;base64_ascii_str_pickle_to_object&gt;$]&apos;]&apos; -&gt; [Signals] then &apos;[Try &apos;$&lt;read_str_from_txt&gt; =&gt; &lt;constructor_with_str_arg&gt;$&apos; then &apos;$&lt;read_str_from_txt&gt; =&gt; &lt;base64_ascii_str_pickle_to_object&gt;$]&apos;]&apos; -&gt; [SocketKind] then &apos;[Try &apos;$&lt;read_str_from_txt&gt; =&gt; &lt;constructor_with_str_arg&gt;$&apos; then &apos;$&lt;read_str_from_txt&gt; =&gt; &lt;base64_ascii_str_pickle_to_object&gt;$]&apos;]&apos; -&gt; [HTTPStatus] then &apos;[Try &apos;$&lt;read_str_from_txt&gt; =&gt; &lt;constructor_with_str_arg&gt;$&apos; then &apos;$&lt;read_str_from_txt&gt; =&gt; &lt;base64_ascii_str_pickle_to_object&gt;$]&apos;]&apos; -&gt; [_SSLMethod] then &apos;[Try &apos;$&lt;read_str_from_txt&gt; =&gt; &lt;constructor_with_str_arg&gt;$&apos; then &apos;$&lt;read_str_from_txt&gt; =&gt; &lt;base64_ascii_str_pickle_to_object&gt;$]&apos;]&apos; -&gt; [_ParameterKind] then &apos;[Try &apos;$&lt;read_str_from_txt&gt; =&gt; &lt;constructor_with_str_arg&gt;$&apos; then &apos;$&lt;read_str_from_txt&gt; =&gt; &lt;base64_ascii_str_pickle_to_object&gt;$]&apos;]&apos; -&gt; [Sigmasks] then &apos;[Try &apos;$&lt;read_str_from_txt&gt; =&gt; &lt;constructor_with_str_arg&gt;$&apos; then &apos;$&lt;read_str_from_txt&gt; =&gt; &lt;base64_ascii_str_pickle_to_object&gt;$]&apos;]&apos; -&gt; [Handlers] then &apos;[Try &apos;$&lt;read_str_from_txt&gt; =&gt; &lt;constructor_with_str_arg&gt;$&apos; then &apos;$&lt;read_str_from_txt&gt; =&gt; &lt;base64_ascii_str_pickle_to_object&gt;$]&apos;]&apos; -&gt; [AddressFamily]]]
(B)                                                                                                               |--txt-bool-False=0.txt -&gt; int ------- using [Try &apos;$&lt;read_str_from_txt&gt; =&gt; &lt;str_to_int&gt;$&apos; then &apos;$&lt;read_str_from_txt&gt; =&gt; &lt;base64_ascii_str_pickle_to_object&gt; -&gt; &lt;bool_to_int&gt;$&apos; then &apos;$&lt;read_str_from_txt&gt; =&gt; &lt;base64_ascii_str_pickle_to_object&gt; -&gt; &lt;float_to_int&gt;$&apos; then &apos;$&lt;read_str_from_txt&gt; =&gt; &lt;base64_ascii_str_pickle_to_object&gt; -&gt; &lt;str_to_int&gt;$&apos; then &apos;$&lt;read_str_from_txt&gt; =&gt; &lt;str_to_bool&gt;$&apos; then &apos;$&lt;read_str_from_txt&gt; =&gt; &lt;base64_ascii_str_pickle_to_object&gt; -&gt; &lt;float_to_bool&gt;$&apos; then &apos;$&lt;read_str_from_txt&gt; =&gt; &lt;base64_ascii_str_pickle_to_object&gt; -&gt; &lt;int_to_bool&gt;$&apos; then &apos;$&lt;read_str_from_txt&gt; =&gt; &lt;base64_ascii_str_pickle_to_object&gt; -&gt; &lt;str_to_bool&gt;$&apos; then &apos;$&lt;read_str_from_txt&gt; =&gt; &lt;base64_ascii_str_pickle_to_object&gt;$]&apos;]
(B)                                                                                                               |--txt-bool-False=0.txt -&gt; int ------- using $&lt;read_str_from_txt&gt; =&gt; &lt;str_to_int&gt;$
Parsing Plan created successfully

Executing Parsing Plan for [/home/travis/build/smarie/python-parsyfiles/parsyfiles/tests/parsing_capabilities_by_type/primitives_data/int/ok/txt-bool-False=0]
(P) /home/travis/build/smarie/python-parsyfiles/parsyfiles/tests/parsing_capabilities_by_type/primitives_data/int/ok/txt-bool-False=0.txt -&gt; int ------- using $&lt;read_str_from_txt&gt; =&gt; &lt;str_to_int&gt;$
(P)                                                                                                               |--txt-bool-False=0.txt -&gt; int SUCCESS !
Completed parsing successfully

0==0
</system-out></testcase><testcase classname="parsyfiles.tests.parsing_capabilities_by_type.test_parse_primitives" file="parsyfiles/tests/parsing_capabilities_by_type/test_parse_primitives.py" line="179" name="test_parse_by_type[int-ok-txt-int-5=5.txt]" time="0.0734100341796875"><system-out>**** Starting to parse single object of type &lt;int&gt; at location /home/travis/build/smarie/python-parsyfiles/parsyfiles/tests/parsing_capabilities_by_type/primitives_data/int/ok/txt-int-5=5 ****
Checking all files under [/home/travis/build/smarie/python-parsyfiles/parsyfiles/tests/parsing_capabilities_by_type/primitives_data/int/ok/txt-int-5=5]
(C) /home/travis/build/smarie/python-parsyfiles/parsyfiles/tests/parsing_capabilities_by_type/primitives_data/int/ok/txt-int-5=5 (singlefile, .txt)
File checks done

Building a parsing plan to parse [/home/travis/build/smarie/python-parsyfiles/parsyfiles/tests/parsing_capabilities_by_type/primitives_data/int/ok/txt-int-5=5] into a int
(B) /home/travis/build/smarie/python-parsyfiles/parsyfiles/tests/parsing_capabilities_by_type/primitives_data/int/ok/txt-int-5=5.txt -&gt; int ------- using [Try &apos;[Try &apos;$&lt;read_str_from_txt&gt; =&gt; &lt;str_to_int&gt;$&apos; then &apos;$&lt;read_str_from_txt&gt; =&gt; &lt;base64_ascii_str_pickle_to_object&gt; -&gt; &lt;bool_to_int&gt;$&apos; then &apos;$&lt;read_str_from_txt&gt; =&gt; &lt;base64_ascii_str_pickle_to_object&gt; -&gt; &lt;float_to_int&gt;$&apos; then &apos;$&lt;read_str_from_txt&gt; =&gt; &lt;base64_ascii_str_pickle_to_object&gt; -&gt; &lt;str_to_int&gt;$&apos; then &apos;$&lt;read_str_from_txt&gt; =&gt; &lt;str_to_bool&gt;$&apos; then &apos;$&lt;read_str_from_txt&gt; =&gt; &lt;base64_ascii_str_pickle_to_object&gt; -&gt; &lt;float_to_bool&gt;$&apos; then &apos;$&lt;read_str_from_txt&gt; =&gt; &lt;base64_ascii_str_pickle_to_object&gt; -&gt; &lt;int_to_bool&gt;$&apos; then &apos;$&lt;read_str_from_txt&gt; =&gt; &lt;base64_ascii_str_pickle_to_object&gt; -&gt; &lt;str_to_bool&gt;$&apos; then &apos;$&lt;read_str_from_txt&gt; =&gt; &lt;base64_ascii_str_pickle_to_object&gt;$]&apos;]&apos; -&gt; [int] then &apos;[Try &apos;$&lt;read_str_from_txt&gt; =&gt; &lt;str_to_bool&gt;$&apos; then &apos;$&lt;read_str_from_txt&gt; =&gt; &lt;base64_ascii_str_pickle_to_object&gt; -&gt; &lt;float_to_bool&gt;$&apos; then &apos;$&lt;read_str_from_txt&gt; =&gt; &lt;base64_ascii_str_pickle_to_object&gt; -&gt; &lt;int_to_bool&gt;$&apos; then &apos;$&lt;read_str_from_txt&gt; =&gt; &lt;base64_ascii_str_pickle_to_object&gt; -&gt; &lt;str_to_bool&gt;$&apos; then &apos;$&lt;read_str_from_txt&gt; =&gt; &lt;base64_ascii_str_pickle_to_object&gt;$]&apos;]&apos; -&gt; [bool] then &apos;[Try &apos;$&lt;read_str_from_txt&gt; =&gt; &lt;constructor_with_str_arg&gt;$&apos; then &apos;$&lt;read_str_from_txt&gt; =&gt; &lt;base64_ascii_str_pickle_to_object&gt;$]&apos;]&apos; -&gt; [_NamedIntConstant] then &apos;[Try &apos;$&lt;read_str_from_txt&gt; =&gt; &lt;constructor_with_str_arg&gt;$&apos; then &apos;$&lt;read_str_from_txt&gt; =&gt; &lt;base64_ascii_str_pickle_to_object&gt;$]&apos;]&apos; -&gt; [IntEnum] then &apos;[Try &apos;$&lt;read_str_from_txt&gt; =&gt; &lt;constructor_with_str_arg&gt;$&apos; then &apos;$&lt;read_str_from_txt&gt; =&gt; &lt;base64_ascii_str_pickle_to_object&gt;$]&apos;]&apos; -&gt; [Signals] then &apos;[Try &apos;$&lt;read_str_from_txt&gt; =&gt; &lt;constructor_with_str_arg&gt;$&apos; then &apos;$&lt;read_str_from_txt&gt; =&gt; &lt;base64_ascii_str_pickle_to_object&gt;$]&apos;]&apos; -&gt; [SocketKind] then &apos;[Try &apos;$&lt;read_str_from_txt&gt; =&gt; &lt;constructor_with_str_arg&gt;$&apos; then &apos;$&lt;read_str_from_txt&gt; =&gt; &lt;base64_ascii_str_pickle_to_object&gt;$]&apos;]&apos; -&gt; [HTTPStatus] then &apos;[Try &apos;$&lt;read_str_from_txt&gt; =&gt; &lt;constructor_with_str_arg&gt;$&apos; then &apos;$&lt;read_str_from_txt&gt; =&gt; &lt;base64_ascii_str_pickle_to_object&gt;$]&apos;]&apos; -&gt; [_SSLMethod] then &apos;[Try &apos;$&lt;read_str_from_txt&gt; =&gt; &lt;constructor_with_str_arg&gt;$&apos; then &apos;$&lt;read_str_from_txt&gt; =&gt; &lt;base64_ascii_str_pickle_to_object&gt;$]&apos;]&apos; -&gt; [_ParameterKind] then &apos;[Try &apos;$&lt;read_str_from_txt&gt; =&gt; &lt;constructor_with_str_arg&gt;$&apos; then &apos;$&lt;read_str_from_txt&gt; =&gt; &lt;base64_ascii_str_pickle_to_object&gt;$]&apos;]&apos; -&gt; [Sigmasks] then &apos;[Try &apos;$&lt;read_str_from_txt&gt; =&gt; &lt;constructor_with_str_arg&gt;$&apos; then &apos;$&lt;read_str_from_txt&gt; =&gt; &lt;base64_ascii_str_pickle_to_object&gt;$]&apos;]&apos; -&gt; [Handlers] then &apos;[Try &apos;$&lt;read_str_from_txt&gt; =&gt; &lt;constructor_with_str_arg&gt;$&apos; then &apos;$&lt;read_str_from_txt&gt; =&gt; &lt;base64_ascii_str_pickle_to_object&gt;$]&apos;]&apos; -&gt; [AddressFamily]]]
(B)                                                                                                               |--txt-int-5=5.txt -&gt; int ------- using [Try &apos;$&lt;read_str_from_txt&gt; =&gt; &lt;str_to_int&gt;$&apos; then &apos;$&lt;read_str_from_txt&gt; =&gt; &lt;base64_ascii_str_pickle_to_object&gt; -&gt; &lt;bool_to_int&gt;$&apos; then &apos;$&lt;read_str_from_txt&gt; =&gt; &lt;base64_ascii_str_pickle_to_object&gt; -&gt; &lt;float_to_int&gt;$&apos; then &apos;$&lt;read_str_from_txt&gt; =&gt; &lt;base64_ascii_str_pickle_to_object&gt; -&gt; &lt;str_to_int&gt;$&apos; then &apos;$&lt;read_str_from_txt&gt; =&gt; &lt;str_to_bool&gt;$&apos; then &apos;$&lt;read_str_from_txt&gt; =&gt; &lt;base64_ascii_str_pickle_to_object&gt; -&gt; &lt;float_to_bool&gt;$&apos; then &apos;$&lt;read_str_from_txt&gt; =&gt; &lt;base64_ascii_str_pickle_to_object&gt; -&gt; &lt;int_to_bool&gt;$&apos; then &apos;$&lt;read_str_from_txt&gt; =&gt; &lt;base64_ascii_str_pickle_to_object&gt; -&gt; &lt;str_to_bool&gt;$&apos; then &apos;$&lt;read_str_from_txt&gt; =&gt; &lt;base64_ascii_str_pickle_to_object&gt;$]&apos;]
(B)                                                                                                               |--txt-int-5=5.txt -&gt; int ------- using $&lt;read_str_from_txt&gt; =&gt; &lt;str_to_int&gt;$
Parsing Plan created successfully

Executing Parsing Plan for [/home/travis/build/smarie/python-parsyfiles/parsyfiles/tests/parsing_capabilities_by_type/primitives_data/int/ok/txt-int-5=5]
(P) /home/travis/build/smarie/python-parsyfiles/parsyfiles/tests/parsing_capabilities_by_type/primitives_data/int/ok/txt-int-5=5.txt -&gt; int ------- using $&lt;read_str_from_txt&gt; =&gt; &lt;str_to_int&gt;$
(P)                                                                                                               |--txt-int-5=5.txt -&gt; int SUCCESS !
Completed parsing successfully

5==5
</system-out></testcase><testcase classname="parsyfiles.tests.parsing_capabilities_by_type.test_parse_primitives" file="parsyfiles/tests/parsing_capabilities_by_type/test_parse_primitives.py" line="179" name="test_parse_by_type[int-ok-b64pickle-int-5=5.txt]" time="0.08424663543701172"><system-out>**** Starting to parse single object of type &lt;int&gt; at location /home/travis/build/smarie/python-parsyfiles/parsyfiles/tests/parsing_capabilities_by_type/primitives_data/int/ok/b64pickle-int-5=5 ****
Checking all files under [/home/travis/build/smarie/python-parsyfiles/parsyfiles/tests/parsing_capabilities_by_type/primitives_data/int/ok/b64pickle-int-5=5]
(C) /home/travis/build/smarie/python-parsyfiles/parsyfiles/tests/parsing_capabilities_by_type/primitives_data/int/ok/b64pickle-int-5=5 (singlefile, .txt)
File checks done

Building a parsing plan to parse [/home/travis/build/smarie/python-parsyfiles/parsyfiles/tests/parsing_capabilities_by_type/primitives_data/int/ok/b64pickle-int-5=5] into a int
(B) /home/travis/build/smarie/python-parsyfiles/parsyfiles/tests/parsing_capabilities_by_type/primitives_data/int/ok/b64pickle-int-5=5.txt -&gt; int ------- using [Try &apos;[Try &apos;$&lt;read_str_from_txt&gt; =&gt; &lt;str_to_int&gt;$&apos; then &apos;$&lt;read_str_from_txt&gt; =&gt; &lt;base64_ascii_str_pickle_to_object&gt; -&gt; &lt;bool_to_int&gt;$&apos; then &apos;$&lt;read_str_from_txt&gt; =&gt; &lt;base64_ascii_str_pickle_to_object&gt; -&gt; &lt;float_to_int&gt;$&apos; then &apos;$&lt;read_str_from_txt&gt; =&gt; &lt;base64_ascii_str_pickle_to_object&gt; -&gt; &lt;str_to_int&gt;$&apos; then &apos;$&lt;read_str_from_txt&gt; =&gt; &lt;str_to_bool&gt;$&apos; then &apos;$&lt;read_str_from_txt&gt; =&gt; &lt;base64_ascii_str_pickle_to_object&gt; -&gt; &lt;float_to_bool&gt;$&apos; then &apos;$&lt;read_str_from_txt&gt; =&gt; &lt;base64_ascii_str_pickle_to_object&gt; -&gt; &lt;int_to_bool&gt;$&apos; then &apos;$&lt;read_str_from_txt&gt; =&gt; &lt;base64_ascii_str_pickle_to_object&gt; -&gt; &lt;str_to_bool&gt;$&apos; then &apos;$&lt;read_str_from_txt&gt; =&gt; &lt;base64_ascii_str_pickle_to_object&gt;$]&apos;]&apos; -&gt; [int] then &apos;[Try &apos;$&lt;read_str_from_txt&gt; =&gt; &lt;str_to_bool&gt;$&apos; then &apos;$&lt;read_str_from_txt&gt; =&gt; &lt;base64_ascii_str_pickle_to_object&gt; -&gt; &lt;float_to_bool&gt;$&apos; then &apos;$&lt;read_str_from_txt&gt; =&gt; &lt;base64_ascii_str_pickle_to_object&gt; -&gt; &lt;int_to_bool&gt;$&apos; then &apos;$&lt;read_str_from_txt&gt; =&gt; &lt;base64_ascii_str_pickle_to_object&gt; -&gt; &lt;str_to_bool&gt;$&apos; then &apos;$&lt;read_str_from_txt&gt; =&gt; &lt;base64_ascii_str_pickle_to_object&gt;$]&apos;]&apos; -&gt; [bool] then &apos;[Try &apos;$&lt;read_str_from_txt&gt; =&gt; &lt;constructor_with_str_arg&gt;$&apos; then &apos;$&lt;read_str_from_txt&gt; =&gt; &lt;base64_ascii_str_pickle_to_object&gt;$]&apos;]&apos; -&gt; [_NamedIntConstant] then &apos;[Try &apos;$&lt;read_str_from_txt&gt; =&gt; &lt;constructor_with_str_arg&gt;$&apos; then &apos;$&lt;read_str_from_txt&gt; =&gt; &lt;base64_ascii_str_pickle_to_object&gt;$]&apos;]&apos; -&gt; [IntEnum] then &apos;[Try &apos;$&lt;read_str_from_txt&gt; =&gt; &lt;constructor_with_str_arg&gt;$&apos; then &apos;$&lt;read_str_from_txt&gt; =&gt; &lt;base64_ascii_str_pickle_to_object&gt;$]&apos;]&apos; -&gt; [Signals] then &apos;[Try &apos;$&lt;read_str_from_txt&gt; =&gt; &lt;constructor_with_str_arg&gt;$&apos; then &apos;$&lt;read_str_from_txt&gt; =&gt; &lt;base64_ascii_str_pickle_to_object&gt;$]&apos;]&apos; -&gt; [SocketKind] then &apos;[Try &apos;$&lt;read_str_from_txt&gt; =&gt; &lt;constructor_with_str_arg&gt;$&apos; then &apos;$&lt;read_str_from_txt&gt; =&gt; &lt;base64_ascii_str_pickle_to_object&gt;$]&apos;]&apos; -&gt; [HTTPStatus] then &apos;[Try &apos;$&lt;read_str_from_txt&gt; =&gt; &lt;constructor_with_str_arg&gt;$&apos; then &apos;$&lt;read_str_from_txt&gt; =&gt; &lt;base64_ascii_str_pickle_to_object&gt;$]&apos;]&apos; -&gt; [_SSLMethod] then &apos;[Try &apos;$&lt;read_str_from_txt&gt; =&gt; &lt;constructor_with_str_arg&gt;$&apos; then &apos;$&lt;read_str_from_txt&gt; =&gt; &lt;base64_ascii_str_pickle_to_object&gt;$]&apos;]&apos; -&gt; [_ParameterKind] then &apos;[Try &apos;$&lt;read_str_from_txt&gt; =&gt; &lt;constructor_with_str_arg&gt;$&apos; then &apos;$&lt;read_str_from_txt&gt; =&gt; &lt;base64_ascii_str_pickle_to_object&gt;$]&apos;]&apos; -&gt; [Sigmasks] then &apos;[Try &apos;$&lt;read_str_from_txt&gt; =&gt; &lt;constructor_with_str_arg&gt;$&apos; then &apos;$&lt;read_str_from_txt&gt; =&gt; &lt;base64_ascii_str_pickle_to_object&gt;$]&apos;]&apos; -&gt; [Handlers] then &apos;[Try &apos;$&lt;read_str_from_txt&gt; =&gt; &lt;constructor_with_str_arg&gt;$&apos; then &apos;$&lt;read_str_from_txt&gt; =&gt; &lt;base64_ascii_str_pickle_to_object&gt;$]&apos;]&apos; -&gt; [AddressFamily]]]
(B)                                                                                                               |--b64pickle-int-5=5.txt -&gt; int ------- using [Try &apos;$&lt;read_str_from_txt&gt; =&gt; &lt;str_to_int&gt;$&apos; then &apos;$&lt;read_str_from_txt&gt; =&gt; &lt;base64_ascii_str_pickle_to_object&gt; -&gt; &lt;bool_to_int&gt;$&apos; then &apos;$&lt;read_str_from_txt&gt; =&gt; &lt;base64_ascii_str_pickle_to_object&gt; -&gt; &lt;float_to_int&gt;$&apos; then &apos;$&lt;read_str_from_txt&gt; =&gt; &lt;base64_ascii_str_pickle_to_object&gt; -&gt; &lt;str_to_int&gt;$&apos; then &apos;$&lt;read_str_from_txt&gt; =&gt; &lt;str_to_bool&gt;$&apos; then &apos;$&lt;read_str_from_txt&gt; =&gt; &lt;base64_ascii_str_pickle_to_object&gt; -&gt; &lt;float_to_bool&gt;$&apos; then &apos;$&lt;read_str_from_txt&gt; =&gt; &lt;base64_ascii_str_pickle_to_object&gt; -&gt; &lt;int_to_bool&gt;$&apos; then &apos;$&lt;read_str_from_txt&gt; =&gt; &lt;base64_ascii_str_pickle_to_object&gt; -&gt; &lt;str_to_bool&gt;$&apos; then &apos;$&lt;read_str_from_txt&gt; =&gt; &lt;base64_ascii_str_pickle_to_object&gt;$]&apos;]
(B)                                                                                                               |--b64pickle-int-5=5.txt -&gt; int ------- using $&lt;read_str_from_txt&gt; =&gt; &lt;str_to_int&gt;$
Parsing Plan created successfully

Executing Parsing Plan for [/home/travis/build/smarie/python-parsyfiles/parsyfiles/tests/parsing_capabilities_by_type/primitives_data/int/ok/b64pickle-int-5=5]
(P) /home/travis/build/smarie/python-parsyfiles/parsyfiles/tests/parsing_capabilities_by_type/primitives_data/int/ok/b64pickle-int-5=5.txt -&gt; int ------- using $&lt;read_str_from_txt&gt; =&gt; &lt;str_to_int&gt;$
  !! Caught error during execution !!
  File &quot;/home/travis/build/smarie/python-parsyfiles/parsyfiles/plugins_base/support_for_primitive_types.py&quot;, line 37, in primitive_to_int
    source = literal_eval(source)
  File &quot;/opt/python/3.5.5/lib/python3.5/ast.py&quot;, line 46, in literal_eval
    node_or_string = parse(node_or_string, mode=&apos;eval&apos;)
  File &quot;/opt/python/3.5.5/lib/python3.5/ast.py&quot;, line 35, in parse
    return compile(source, filename, mode, PyCF_ONLY_AST)
  SyntaxError : unexpected EOF while parsing (&lt;unknown&gt;, line 1)
(B)                                                                                                               |--b64pickle-int-5=5.txt -&gt; int ------- using $&lt;read_str_from_txt&gt; =&gt; &lt;base64_ascii_str_pickle_to_object&gt; -&gt; &lt;bool_to_int&gt;$
Executing Parsing Plan for [/home/travis/build/smarie/python-parsyfiles/parsyfiles/tests/parsing_capabilities_by_type/primitives_data/int/ok/b64pickle-int-5=5]
(P) /home/travis/build/smarie/python-parsyfiles/parsyfiles/tests/parsing_capabilities_by_type/primitives_data/int/ok/b64pickle-int-5=5.txt -&gt; int ------- using $&lt;read_str_from_txt&gt; =&gt; &lt;base64_ascii_str_pickle_to_object&gt; -&gt; &lt;bool_to_int&gt;$
  !! Caught error during execution !!
  File &quot;/home/travis/build/smarie/python-parsyfiles/parsyfiles/converting_core.py&quot;, line 319, in convert
    return self._convert(desired_type, source_obj, logger, options)
  File &quot;/home/travis/build/smarie/python-parsyfiles/parsyfiles/converting_core.py&quot;, line 770, in _convert
    return self._converters_list[-1].convert(desired_type, obj, logger, options)
  File &quot;/home/travis/build/smarie/python-parsyfiles/parsyfiles/converting_core.py&quot;, line 321, in convert
    raise ConversionException.create_not_able_to_convert(source_obj, self, desired_type)
  ConversionException : Converter &lt;bool_to_int&gt; is not able to ingest source value &apos;5&apos; of type &apos;int&apos; and/or convert it to type &apos;int&apos;. This can happen in a chain when the previous step in the chain is generic and actually produced  an output of the wrong type/content
(B)                                                                                                               |--b64pickle-int-5=5.txt -&gt; int ------- using $&lt;read_str_from_txt&gt; =&gt; &lt;base64_ascii_str_pickle_to_object&gt; -&gt; &lt;float_to_int&gt;$
Executing Parsing Plan for [/home/travis/build/smarie/python-parsyfiles/parsyfiles/tests/parsing_capabilities_by_type/primitives_data/int/ok/b64pickle-int-5=5]
(P) /home/travis/build/smarie/python-parsyfiles/parsyfiles/tests/parsing_capabilities_by_type/primitives_data/int/ok/b64pickle-int-5=5.txt -&gt; int ------- using $&lt;read_str_from_txt&gt; =&gt; &lt;base64_ascii_str_pickle_to_object&gt; -&gt; &lt;float_to_int&gt;$
  !! Caught error during execution !!
  File &quot;/home/travis/build/smarie/python-parsyfiles/parsyfiles/converting_core.py&quot;, line 319, in convert
    return self._convert(desired_type, source_obj, logger, options)
  File &quot;/home/travis/build/smarie/python-parsyfiles/parsyfiles/converting_core.py&quot;, line 770, in _convert
    return self._converters_list[-1].convert(desired_type, obj, logger, options)
  File &quot;/home/travis/build/smarie/python-parsyfiles/parsyfiles/converting_core.py&quot;, line 321, in convert
    raise ConversionException.create_not_able_to_convert(source_obj, self, desired_type)
  ConversionException : Converter &lt;float_to_int&gt; is not able to ingest source value &apos;5&apos; of type &apos;int&apos; and/or convert it to type &apos;int&apos;. This can happen in a chain when the previous step in the chain is generic and actually produced  an output of the wrong type/content
(B)                                                                                                               |--b64pickle-int-5=5.txt -&gt; int ------- using $&lt;read_str_from_txt&gt; =&gt; &lt;base64_ascii_str_pickle_to_object&gt; -&gt; &lt;str_to_int&gt;$
Executing Parsing Plan for [/home/travis/build/smarie/python-parsyfiles/parsyfiles/tests/parsing_capabilities_by_type/primitives_data/int/ok/b64pickle-int-5=5]
(P) /home/travis/build/smarie/python-parsyfiles/parsyfiles/tests/parsing_capabilities_by_type/primitives_data/int/ok/b64pickle-int-5=5.txt -&gt; int ------- using $&lt;read_str_from_txt&gt; =&gt; &lt;base64_ascii_str_pickle_to_object&gt; -&gt; &lt;str_to_int&gt;$
  !! Caught error during execution !!
  File &quot;/home/travis/build/smarie/python-parsyfiles/parsyfiles/converting_core.py&quot;, line 319, in convert
    return self._convert(desired_type, source_obj, logger, options)
  File &quot;/home/travis/build/smarie/python-parsyfiles/parsyfiles/converting_core.py&quot;, line 770, in _convert
    return self._converters_list[-1].convert(desired_type, obj, logger, options)
  File &quot;/home/travis/build/smarie/python-parsyfiles/parsyfiles/converting_core.py&quot;, line 321, in convert
    raise ConversionException.create_not_able_to_convert(source_obj, self, desired_type)
  ConversionException : Converter &lt;str_to_int&gt; is not able to ingest source value &apos;5&apos; of type &apos;int&apos; and/or convert it to type &apos;int&apos;. This can happen in a chain when the previous step in the chain is generic and actually produced  an output of the wrong type/content
(B)                                                                                                               |--b64pickle-int-5=5.txt -&gt; int ------- using $&lt;read_str_from_txt&gt; =&gt; &lt;str_to_bool&gt;$
Executing Parsing Plan for [/home/travis/build/smarie/python-parsyfiles/parsyfiles/tests/parsing_capabilities_by_type/primitives_data/int/ok/b64pickle-int-5=5]
(P) /home/travis/build/smarie/python-parsyfiles/parsyfiles/tests/parsing_capabilities_by_type/primitives_data/int/ok/b64pickle-int-5=5.txt -&gt; int ------- using $&lt;read_str_from_txt&gt; =&gt; &lt;str_to_bool&gt;$
  !! Caught error during execution !!
  File &quot;/home/travis/build/smarie/python-parsyfiles/parsyfiles/converting_core.py&quot;, line 524, in _convert
    return self.conversion_method(desired_type, source_obj, logger, **opts)
  File &quot;/home/travis/build/smarie/python-parsyfiles/parsyfiles/plugins_base/support_for_primitive_types.py&quot;, line 84, in primitive_to_bool
    return bool(strtobool(source))
  File &quot;/opt/python/3.5.5/lib/python3.5/distutils/util.py&quot;, line 317, in strtobool
    raise ValueError(&quot;invalid truth value %r&quot; % (val,))
  ValueError : invalid truth value &apos;ganlbs4=&apos;
(B)                                                                                                               |--b64pickle-int-5=5.txt -&gt; int ------- using $&lt;read_str_from_txt&gt; =&gt; &lt;base64_ascii_str_pickle_to_object&gt; -&gt; &lt;float_to_bool&gt;$
Executing Parsing Plan for [/home/travis/build/smarie/python-parsyfiles/parsyfiles/tests/parsing_capabilities_by_type/primitives_data/int/ok/b64pickle-int-5=5]
(P) /home/travis/build/smarie/python-parsyfiles/parsyfiles/tests/parsing_capabilities_by_type/primitives_data/int/ok/b64pickle-int-5=5.txt -&gt; int ------- using $&lt;read_str_from_txt&gt; =&gt; &lt;base64_ascii_str_pickle_to_object&gt; -&gt; &lt;float_to_bool&gt;$
  !! Caught error during execution !!
  File &quot;/home/travis/build/smarie/python-parsyfiles/parsyfiles/converting_core.py&quot;, line 319, in convert
    return self._convert(desired_type, source_obj, logger, options)
  File &quot;/home/travis/build/smarie/python-parsyfiles/parsyfiles/converting_core.py&quot;, line 770, in _convert
    return self._converters_list[-1].convert(desired_type, obj, logger, options)
  File &quot;/home/travis/build/smarie/python-parsyfiles/parsyfiles/converting_core.py&quot;, line 321, in convert
    raise ConversionException.create_not_able_to_convert(source_obj, self, desired_type)
  ConversionException : Converter &lt;float_to_bool&gt; is not able to ingest source value &apos;5&apos; of type &apos;int&apos; and/or convert it to type &apos;int&apos;. This can happen in a chain when the previous step in the chain is generic and actually produced  an output of the wrong type/content
(B)                                                                                                               |--b64pickle-int-5=5.txt -&gt; int ------- using $&lt;read_str_from_txt&gt; =&gt; &lt;base64_ascii_str_pickle_to_object&gt; -&gt; &lt;int_to_bool&gt;$
Executing Parsing Plan for [/home/travis/build/smarie/python-parsyfiles/parsyfiles/tests/parsing_capabilities_by_type/primitives_data/int/ok/b64pickle-int-5=5]
(P) /home/travis/build/smarie/python-parsyfiles/parsyfiles/tests/parsing_capabilities_by_type/primitives_data/int/ok/b64pickle-int-5=5.txt -&gt; int ------- using $&lt;read_str_from_txt&gt; =&gt; &lt;base64_ascii_str_pickle_to_object&gt; -&gt; &lt;int_to_bool&gt;$
  !! Caught error during execution !!
  File &quot;/home/travis/build/smarie/python-parsyfiles/parsyfiles/converting_core.py&quot;, line 319, in convert
    return self._convert(desired_type, source_obj, logger, options)
  File &quot;/home/travis/build/smarie/python-parsyfiles/parsyfiles/converting_core.py&quot;, line 524, in _convert
    return self.conversion_method(desired_type, source_obj, logger, **opts)
  File &quot;/home/travis/build/smarie/python-parsyfiles/parsyfiles/plugins_base/support_for_primitive_types.py&quot;, line 91, in primitive_to_bool
    raise ValueError(&apos;Cannot convert to bool : source is a number but is not 1 nor 0 : \&apos;&apos; + str(source) + &apos;\&apos;&apos;)
  ValueError : Cannot convert to bool : source is a number but is not 1 nor 0 : &apos;5&apos;
(B)                                                                                                               |--b64pickle-int-5=5.txt -&gt; int ------- using $&lt;read_str_from_txt&gt; =&gt; &lt;base64_ascii_str_pickle_to_object&gt; -&gt; &lt;str_to_bool&gt;$
Executing Parsing Plan for [/home/travis/build/smarie/python-parsyfiles/parsyfiles/tests/parsing_capabilities_by_type/primitives_data/int/ok/b64pickle-int-5=5]
(P) /home/travis/build/smarie/python-parsyfiles/parsyfiles/tests/parsing_capabilities_by_type/primitives_data/int/ok/b64pickle-int-5=5.txt -&gt; int ------- using $&lt;read_str_from_txt&gt; =&gt; &lt;base64_ascii_str_pickle_to_object&gt; -&gt; &lt;str_to_bool&gt;$
  !! Caught error during execution !!
  File &quot;/home/travis/build/smarie/python-parsyfiles/parsyfiles/converting_core.py&quot;, line 319, in convert
    return self._convert(desired_type, source_obj, logger, options)
  File &quot;/home/travis/build/smarie/python-parsyfiles/parsyfiles/converting_core.py&quot;, line 770, in _convert
    return self._converters_list[-1].convert(desired_type, obj, logger, options)
  File &quot;/home/travis/build/smarie/python-parsyfiles/parsyfiles/converting_core.py&quot;, line 321, in convert
    raise ConversionException.create_not_able_to_convert(source_obj, self, desired_type)
  ConversionException : Converter &lt;str_to_bool&gt; is not able to ingest source value &apos;5&apos; of type &apos;int&apos; and/or convert it to type &apos;int&apos;. This can happen in a chain when the previous step in the chain is generic and actually produced  an output of the wrong type/content
(B)                                                                                                               |--b64pickle-int-5=5.txt -&gt; int ------- using $&lt;read_str_from_txt&gt; =&gt; &lt;base64_ascii_str_pickle_to_object&gt;$
Executing Parsing Plan for [/home/travis/build/smarie/python-parsyfiles/parsyfiles/tests/parsing_capabilities_by_type/primitives_data/int/ok/b64pickle-int-5=5]
(P) /home/travis/build/smarie/python-parsyfiles/parsyfiles/tests/parsing_capabilities_by_type/primitives_data/int/ok/b64pickle-int-5=5.txt -&gt; int ------- using $&lt;read_str_from_txt&gt; =&gt; &lt;base64_ascii_str_pickle_to_object&gt;$
(P)                                                                                                               |--b64pickle-int-5=5.txt -&gt; int SUCCESS !
Completed parsing successfully

5==5
</system-out></testcase><testcase classname="parsyfiles.tests.parsing_capabilities_by_type.test_parse_primitives" file="parsyfiles/tests/parsing_capabilities_by_type/test_parse_primitives.py" line="179" name="test_parse_by_type[int-ok-txt-bool-True=1.txt]" time="0.07884931564331055"><system-out>**** Starting to parse single object of type &lt;int&gt; at location /home/travis/build/smarie/python-parsyfiles/parsyfiles/tests/parsing_capabilities_by_type/primitives_data/int/ok/txt-bool-True=1 ****
Checking all files under [/home/travis/build/smarie/python-parsyfiles/parsyfiles/tests/parsing_capabilities_by_type/primitives_data/int/ok/txt-bool-True=1]
(C) /home/travis/build/smarie/python-parsyfiles/parsyfiles/tests/parsing_capabilities_by_type/primitives_data/int/ok/txt-bool-True=1 (singlefile, .txt)
File checks done

Building a parsing plan to parse [/home/travis/build/smarie/python-parsyfiles/parsyfiles/tests/parsing_capabilities_by_type/primitives_data/int/ok/txt-bool-True=1] into a int
(B) /home/travis/build/smarie/python-parsyfiles/parsyfiles/tests/parsing_capabilities_by_type/primitives_data/int/ok/txt-bool-True=1.txt -&gt; int ------- using [Try &apos;[Try &apos;$&lt;read_str_from_txt&gt; =&gt; &lt;str_to_int&gt;$&apos; then &apos;$&lt;read_str_from_txt&gt; =&gt; &lt;base64_ascii_str_pickle_to_object&gt; -&gt; &lt;bool_to_int&gt;$&apos; then &apos;$&lt;read_str_from_txt&gt; =&gt; &lt;base64_ascii_str_pickle_to_object&gt; -&gt; &lt;float_to_int&gt;$&apos; then &apos;$&lt;read_str_from_txt&gt; =&gt; &lt;base64_ascii_str_pickle_to_object&gt; -&gt; &lt;str_to_int&gt;$&apos; then &apos;$&lt;read_str_from_txt&gt; =&gt; &lt;str_to_bool&gt;$&apos; then &apos;$&lt;read_str_from_txt&gt; =&gt; &lt;base64_ascii_str_pickle_to_object&gt; -&gt; &lt;float_to_bool&gt;$&apos; then &apos;$&lt;read_str_from_txt&gt; =&gt; &lt;base64_ascii_str_pickle_to_object&gt; -&gt; &lt;int_to_bool&gt;$&apos; then &apos;$&lt;read_str_from_txt&gt; =&gt; &lt;base64_ascii_str_pickle_to_object&gt; -&gt; &lt;str_to_bool&gt;$&apos; then &apos;$&lt;read_str_from_txt&gt; =&gt; &lt;base64_ascii_str_pickle_to_object&gt;$]&apos;]&apos; -&gt; [int] then &apos;[Try &apos;$&lt;read_str_from_txt&gt; =&gt; &lt;str_to_bool&gt;$&apos; then &apos;$&lt;read_str_from_txt&gt; =&gt; &lt;base64_ascii_str_pickle_to_object&gt; -&gt; &lt;float_to_bool&gt;$&apos; then &apos;$&lt;read_str_from_txt&gt; =&gt; &lt;base64_ascii_str_pickle_to_object&gt; -&gt; &lt;int_to_bool&gt;$&apos; then &apos;$&lt;read_str_from_txt&gt; =&gt; &lt;base64_ascii_str_pickle_to_object&gt; -&gt; &lt;str_to_bool&gt;$&apos; then &apos;$&lt;read_str_from_txt&gt; =&gt; &lt;base64_ascii_str_pickle_to_object&gt;$]&apos;]&apos; -&gt; [bool] then &apos;[Try &apos;$&lt;read_str_from_txt&gt; =&gt; &lt;constructor_with_str_arg&gt;$&apos; then &apos;$&lt;read_str_from_txt&gt; =&gt; &lt;base64_ascii_str_pickle_to_object&gt;$]&apos;]&apos; -&gt; [_NamedIntConstant] then &apos;[Try &apos;$&lt;read_str_from_txt&gt; =&gt; &lt;constructor_with_str_arg&gt;$&apos; then &apos;$&lt;read_str_from_txt&gt; =&gt; &lt;base64_ascii_str_pickle_to_object&gt;$]&apos;]&apos; -&gt; [IntEnum] then &apos;[Try &apos;$&lt;read_str_from_txt&gt; =&gt; &lt;constructor_with_str_arg&gt;$&apos; then &apos;$&lt;read_str_from_txt&gt; =&gt; &lt;base64_ascii_str_pickle_to_object&gt;$]&apos;]&apos; -&gt; [Signals] then &apos;[Try &apos;$&lt;read_str_from_txt&gt; =&gt; &lt;constructor_with_str_arg&gt;$&apos; then &apos;$&lt;read_str_from_txt&gt; =&gt; &lt;base64_ascii_str_pickle_to_object&gt;$]&apos;]&apos; -&gt; [SocketKind] then &apos;[Try &apos;$&lt;read_str_from_txt&gt; =&gt; &lt;constructor_with_str_arg&gt;$&apos; then &apos;$&lt;read_str_from_txt&gt; =&gt; &lt;base64_ascii_str_pickle_to_object&gt;$]&apos;]&apos; -&gt; [HTTPStatus] then &apos;[Try &apos;$&lt;read_str_from_txt&gt; =&gt; &lt;constructor_with_str_arg&gt;$&apos; then &apos;$&lt;read_str_from_txt&gt; =&gt; &lt;base64_ascii_str_pickle_to_object&gt;$]&apos;]&apos; -&gt; [_SSLMethod] then &apos;[Try &apos;$&lt;read_str_from_txt&gt; =&gt; &lt;constructor_with_str_arg&gt;$&apos; then &apos;$&lt;read_str_from_txt&gt; =&gt; &lt;base64_ascii_str_pickle_to_object&gt;$]&apos;]&apos; -&gt; [_ParameterKind] then &apos;[Try &apos;$&lt;read_str_from_txt&gt; =&gt; &lt;constructor_with_str_arg&gt;$&apos; then &apos;$&lt;read_str_from_txt&gt; =&gt; &lt;base64_ascii_str_pickle_to_object&gt;$]&apos;]&apos; -&gt; [Sigmasks] then &apos;[Try &apos;$&lt;read_str_from_txt&gt; =&gt; &lt;constructor_with_str_arg&gt;$&apos; then &apos;$&lt;read_str_from_txt&gt; =&gt; &lt;base64_ascii_str_pickle_to_object&gt;$]&apos;]&apos; -&gt; [Handlers] then &apos;[Try &apos;$&lt;read_str_from_txt&gt; =&gt; &lt;constructor_with_str_arg&gt;$&apos; then &apos;$&lt;read_str_from_txt&gt; =&gt; &lt;base64_ascii_str_pickle_to_object&gt;$]&apos;]&apos; -&gt; [AddressFamily]]]
(B)                                                                                                               |--txt-bool-True=1.txt -&gt; int ------- using [Try &apos;$&lt;read_str_from_txt&gt; =&gt; &lt;str_to_int&gt;$&apos; then &apos;$&lt;read_str_from_txt&gt; =&gt; &lt;base64_ascii_str_pickle_to_object&gt; -&gt; &lt;bool_to_int&gt;$&apos; then &apos;$&lt;read_str_from_txt&gt; =&gt; &lt;base64_ascii_str_pickle_to_object&gt; -&gt; &lt;float_to_int&gt;$&apos; then &apos;$&lt;read_str_from_txt&gt; =&gt; &lt;base64_ascii_str_pickle_to_object&gt; -&gt; &lt;str_to_int&gt;$&apos; then &apos;$&lt;read_str_from_txt&gt; =&gt; &lt;str_to_bool&gt;$&apos; then &apos;$&lt;read_str_from_txt&gt; =&gt; &lt;base64_ascii_str_pickle_to_object&gt; -&gt; &lt;float_to_bool&gt;$&apos; then &apos;$&lt;read_str_from_txt&gt; =&gt; &lt;base64_ascii_str_pickle_to_object&gt; -&gt; &lt;int_to_bool&gt;$&apos; then &apos;$&lt;read_str_from_txt&gt; =&gt; &lt;base64_ascii_str_pickle_to_object&gt; -&gt; &lt;str_to_bool&gt;$&apos; then &apos;$&lt;read_str_from_txt&gt; =&gt; &lt;base64_ascii_str_pickle_to_object&gt;$]&apos;]
(B)                                                                                                               |--txt-bool-True=1.txt -&gt; int ------- using $&lt;read_str_from_txt&gt; =&gt; &lt;str_to_int&gt;$
Parsing Plan created successfully

Executing Parsing Plan for [/home/travis/build/smarie/python-parsyfiles/parsyfiles/tests/parsing_capabilities_by_type/primitives_data/int/ok/txt-bool-True=1]
(P) /home/travis/build/smarie/python-parsyfiles/parsyfiles/tests/parsing_capabilities_by_type/primitives_data/int/ok/txt-bool-True=1.txt -&gt; int ------- using $&lt;read_str_from_txt&gt; =&gt; &lt;str_to_int&gt;$
(P)                                                                                                               |--txt-bool-True=1.txt -&gt; int SUCCESS !
Completed parsing successfully

1==1
</system-out></testcase><testcase classname="parsyfiles.tests.parsing_capabilities_by_type.test_parse_primitives" file="parsyfiles/tests/parsing_capabilities_by_type/test_parse_primitives.py" line="179" name="test_parse_by_type[int-ok-txt-float--5.0=-5.txt]" time="0.12188839912414551"><system-out>**** Starting to parse single object of type &lt;int&gt; at location /home/travis/build/smarie/python-parsyfiles/parsyfiles/tests/parsing_capabilities_by_type/primitives_data/int/ok/txt-float--5.0=-5 ****
Checking all files under [/home/travis/build/smarie/python-parsyfiles/parsyfiles/tests/parsing_capabilities_by_type/primitives_data/int/ok/txt-float--5.0=-5]
(C) /home/travis/build/smarie/python-parsyfiles/parsyfiles/tests/parsing_capabilities_by_type/primitives_data/int/ok/txt-float--5.0=-5 (singlefile, .txt)
File checks done

Building a parsing plan to parse [/home/travis/build/smarie/python-parsyfiles/parsyfiles/tests/parsing_capabilities_by_type/primitives_data/int/ok/txt-float--5.0=-5] into a int
(B) /home/travis/build/smarie/python-parsyfiles/parsyfiles/tests/parsing_capabilities_by_type/primitives_data/int/ok/txt-float--5.0=-5.txt -&gt; int ------- using [Try &apos;[Try &apos;$&lt;read_str_from_txt&gt; =&gt; &lt;str_to_int&gt;$&apos; then &apos;$&lt;read_str_from_txt&gt; =&gt; &lt;base64_ascii_str_pickle_to_object&gt; -&gt; &lt;bool_to_int&gt;$&apos; then &apos;$&lt;read_str_from_txt&gt; =&gt; &lt;base64_ascii_str_pickle_to_object&gt; -&gt; &lt;float_to_int&gt;$&apos; then &apos;$&lt;read_str_from_txt&gt; =&gt; &lt;base64_ascii_str_pickle_to_object&gt; -&gt; &lt;str_to_int&gt;$&apos; then &apos;$&lt;read_str_from_txt&gt; =&gt; &lt;str_to_bool&gt;$&apos; then &apos;$&lt;read_str_from_txt&gt; =&gt; &lt;base64_ascii_str_pickle_to_object&gt; -&gt; &lt;float_to_bool&gt;$&apos; then &apos;$&lt;read_str_from_txt&gt; =&gt; &lt;base64_ascii_str_pickle_to_object&gt; -&gt; &lt;int_to_bool&gt;$&apos; then &apos;$&lt;read_str_from_txt&gt; =&gt; &lt;base64_ascii_str_pickle_to_object&gt; -&gt; &lt;str_to_bool&gt;$&apos; then &apos;$&lt;read_str_from_txt&gt; =&gt; &lt;base64_ascii_str_pickle_to_object&gt;$]&apos;]&apos; -&gt; [int] then &apos;[Try &apos;$&lt;read_str_from_txt&gt; =&gt; &lt;str_to_bool&gt;$&apos; then &apos;$&lt;read_str_from_txt&gt; =&gt; &lt;base64_ascii_str_pickle_to_object&gt; -&gt; &lt;float_to_bool&gt;$&apos; then &apos;$&lt;read_str_from_txt&gt; =&gt; &lt;base64_ascii_str_pickle_to_object&gt; -&gt; &lt;int_to_bool&gt;$&apos; then &apos;$&lt;read_str_from_txt&gt; =&gt; &lt;base64_ascii_str_pickle_to_object&gt; -&gt; &lt;str_to_bool&gt;$&apos; then &apos;$&lt;read_str_from_txt&gt; =&gt; &lt;base64_ascii_str_pickle_to_object&gt;$]&apos;]&apos; -&gt; [bool] then &apos;[Try &apos;$&lt;read_str_from_txt&gt; =&gt; &lt;constructor_with_str_arg&gt;$&apos; then &apos;$&lt;read_str_from_txt&gt; =&gt; &lt;base64_ascii_str_pickle_to_object&gt;$]&apos;]&apos; -&gt; [_NamedIntConstant] then &apos;[Try &apos;$&lt;read_str_from_txt&gt; =&gt; &lt;constructor_with_str_arg&gt;$&apos; then &apos;$&lt;read_str_from_txt&gt; =&gt; &lt;base64_ascii_str_pickle_to_object&gt;$]&apos;]&apos; -&gt; [IntEnum] then &apos;[Try &apos;$&lt;read_str_from_txt&gt; =&gt; &lt;constructor_with_str_arg&gt;$&apos; then &apos;$&lt;read_str_from_txt&gt; =&gt; &lt;base64_ascii_str_pickle_to_object&gt;$]&apos;]&apos; -&gt; [Signals] then &apos;[Try &apos;$&lt;read_str_from_txt&gt; =&gt; &lt;constructor_with_str_arg&gt;$&apos; then &apos;$&lt;read_str_from_txt&gt; =&gt; &lt;base64_ascii_str_pickle_to_object&gt;$]&apos;]&apos; -&gt; [SocketKind] then &apos;[Try &apos;$&lt;read_str_from_txt&gt; =&gt; &lt;constructor_with_str_arg&gt;$&apos; then &apos;$&lt;read_str_from_txt&gt; =&gt; &lt;base64_ascii_str_pickle_to_object&gt;$]&apos;]&apos; -&gt; [HTTPStatus] then &apos;[Try &apos;$&lt;read_str_from_txt&gt; =&gt; &lt;constructor_with_str_arg&gt;$&apos; then &apos;$&lt;read_str_from_txt&gt; =&gt; &lt;base64_ascii_str_pickle_to_object&gt;$]&apos;]&apos; -&gt; [_SSLMethod] then &apos;[Try &apos;$&lt;read_str_from_txt&gt; =&gt; &lt;constructor_with_str_arg&gt;$&apos; then &apos;$&lt;read_str_from_txt&gt; =&gt; &lt;base64_ascii_str_pickle_to_object&gt;$]&apos;]&apos; -&gt; [_ParameterKind] then &apos;[Try &apos;$&lt;read_str_from_txt&gt; =&gt; &lt;constructor_with_str_arg&gt;$&apos; then &apos;$&lt;read_str_from_txt&gt; =&gt; &lt;base64_ascii_str_pickle_to_object&gt;$]&apos;]&apos; -&gt; [Sigmasks] then &apos;[Try &apos;$&lt;read_str_from_txt&gt; =&gt; &lt;constructor_with_str_arg&gt;$&apos; then &apos;$&lt;read_str_from_txt&gt; =&gt; &lt;base64_ascii_str_pickle_to_object&gt;$]&apos;]&apos; -&gt; [Handlers] then &apos;[Try &apos;$&lt;read_str_from_txt&gt; =&gt; &lt;constructor_with_str_arg&gt;$&apos; then &apos;$&lt;read_str_from_txt&gt; =&gt; &lt;base64_ascii_str_pickle_to_object&gt;$]&apos;]&apos; -&gt; [AddressFamily]]]
(B)                                                                                                               |--txt-float--5.0=-5.txt -&gt; int ------- using [Try &apos;$&lt;read_str_from_txt&gt; =&gt; &lt;str_to_int&gt;$&apos; then &apos;$&lt;read_str_from_txt&gt; =&gt; &lt;base64_ascii_str_pickle_to_object&gt; -&gt; &lt;bool_to_int&gt;$&apos; then &apos;$&lt;read_str_from_txt&gt; =&gt; &lt;base64_ascii_str_pickle_to_object&gt; -&gt; &lt;float_to_int&gt;$&apos; then &apos;$&lt;read_str_from_txt&gt; =&gt; &lt;base64_ascii_str_pickle_to_object&gt; -&gt; &lt;str_to_int&gt;$&apos; then &apos;$&lt;read_str_from_txt&gt; =&gt; &lt;str_to_bool&gt;$&apos; then &apos;$&lt;read_str_from_txt&gt; =&gt; &lt;base64_ascii_str_pickle_to_object&gt; -&gt; &lt;float_to_bool&gt;$&apos; then &apos;$&lt;read_str_from_txt&gt; =&gt; &lt;base64_ascii_str_pickle_to_object&gt; -&gt; &lt;int_to_bool&gt;$&apos; then &apos;$&lt;read_str_from_txt&gt; =&gt; &lt;base64_ascii_str_pickle_to_object&gt; -&gt; &lt;str_to_bool&gt;$&apos; then &apos;$&lt;read_str_from_txt&gt; =&gt; &lt;base64_ascii_str_pickle_to_object&gt;$]&apos;]
(B)                                                                                                               |--txt-float--5.0=-5.txt -&gt; int ------- using $&lt;read_str_from_txt&gt; =&gt; &lt;str_to_int&gt;$
Parsing Plan created successfully

Executing Parsing Plan for [/home/travis/build/smarie/python-parsyfiles/parsyfiles/tests/parsing_capabilities_by_type/primitives_data/int/ok/txt-float--5.0=-5]
(P) /home/travis/build/smarie/python-parsyfiles/parsyfiles/tests/parsing_capabilities_by_type/primitives_data/int/ok/txt-float--5.0=-5.txt -&gt; int ------- using $&lt;read_str_from_txt&gt; =&gt; &lt;str_to_int&gt;$
(P)                                                                                                               |--txt-float--5.0=-5.txt -&gt; int SUCCESS !
Completed parsing successfully

-5==-5
</system-out></testcase><testcase classname="parsyfiles.tests.parsing_capabilities_by_type.test_parse_primitives" file="parsyfiles/tests/parsing_capabilities_by_type/test_parse_primitives.py" line="179" name="test_parse_by_type[int-ok-txt-int-0=0.txt]" time="0.07368063926696777"><system-out>**** Starting to parse single object of type &lt;int&gt; at location /home/travis/build/smarie/python-parsyfiles/parsyfiles/tests/parsing_capabilities_by_type/primitives_data/int/ok/txt-int-0=0 ****
Checking all files under [/home/travis/build/smarie/python-parsyfiles/parsyfiles/tests/parsing_capabilities_by_type/primitives_data/int/ok/txt-int-0=0]
(C) /home/travis/build/smarie/python-parsyfiles/parsyfiles/tests/parsing_capabilities_by_type/primitives_data/int/ok/txt-int-0=0 (singlefile, .txt)
File checks done

Building a parsing plan to parse [/home/travis/build/smarie/python-parsyfiles/parsyfiles/tests/parsing_capabilities_by_type/primitives_data/int/ok/txt-int-0=0] into a int
(B) /home/travis/build/smarie/python-parsyfiles/parsyfiles/tests/parsing_capabilities_by_type/primitives_data/int/ok/txt-int-0=0.txt -&gt; int ------- using [Try &apos;[Try &apos;$&lt;read_str_from_txt&gt; =&gt; &lt;str_to_int&gt;$&apos; then &apos;$&lt;read_str_from_txt&gt; =&gt; &lt;base64_ascii_str_pickle_to_object&gt; -&gt; &lt;bool_to_int&gt;$&apos; then &apos;$&lt;read_str_from_txt&gt; =&gt; &lt;base64_ascii_str_pickle_to_object&gt; -&gt; &lt;float_to_int&gt;$&apos; then &apos;$&lt;read_str_from_txt&gt; =&gt; &lt;base64_ascii_str_pickle_to_object&gt; -&gt; &lt;str_to_int&gt;$&apos; then &apos;$&lt;read_str_from_txt&gt; =&gt; &lt;str_to_bool&gt;$&apos; then &apos;$&lt;read_str_from_txt&gt; =&gt; &lt;base64_ascii_str_pickle_to_object&gt; -&gt; &lt;float_to_bool&gt;$&apos; then &apos;$&lt;read_str_from_txt&gt; =&gt; &lt;base64_ascii_str_pickle_to_object&gt; -&gt; &lt;int_to_bool&gt;$&apos; then &apos;$&lt;read_str_from_txt&gt; =&gt; &lt;base64_ascii_str_pickle_to_object&gt; -&gt; &lt;str_to_bool&gt;$&apos; then &apos;$&lt;read_str_from_txt&gt; =&gt; &lt;base64_ascii_str_pickle_to_object&gt;$]&apos;]&apos; -&gt; [int] then &apos;[Try &apos;$&lt;read_str_from_txt&gt; =&gt; &lt;str_to_bool&gt;$&apos; then &apos;$&lt;read_str_from_txt&gt; =&gt; &lt;base64_ascii_str_pickle_to_object&gt; -&gt; &lt;float_to_bool&gt;$&apos; then &apos;$&lt;read_str_from_txt&gt; =&gt; &lt;base64_ascii_str_pickle_to_object&gt; -&gt; &lt;int_to_bool&gt;$&apos; then &apos;$&lt;read_str_from_txt&gt; =&gt; &lt;base64_ascii_str_pickle_to_object&gt; -&gt; &lt;str_to_bool&gt;$&apos; then &apos;$&lt;read_str_from_txt&gt; =&gt; &lt;base64_ascii_str_pickle_to_object&gt;$]&apos;]&apos; -&gt; [bool] then &apos;[Try &apos;$&lt;read_str_from_txt&gt; =&gt; &lt;constructor_with_str_arg&gt;$&apos; then &apos;$&lt;read_str_from_txt&gt; =&gt; &lt;base64_ascii_str_pickle_to_object&gt;$]&apos;]&apos; -&gt; [_NamedIntConstant] then &apos;[Try &apos;$&lt;read_str_from_txt&gt; =&gt; &lt;constructor_with_str_arg&gt;$&apos; then &apos;$&lt;read_str_from_txt&gt; =&gt; &lt;base64_ascii_str_pickle_to_object&gt;$]&apos;]&apos; -&gt; [IntEnum] then &apos;[Try &apos;$&lt;read_str_from_txt&gt; =&gt; &lt;constructor_with_str_arg&gt;$&apos; then &apos;$&lt;read_str_from_txt&gt; =&gt; &lt;base64_ascii_str_pickle_to_object&gt;$]&apos;]&apos; -&gt; [Signals] then &apos;[Try &apos;$&lt;read_str_from_txt&gt; =&gt; &lt;constructor_with_str_arg&gt;$&apos; then &apos;$&lt;read_str_from_txt&gt; =&gt; &lt;base64_ascii_str_pickle_to_object&gt;$]&apos;]&apos; -&gt; [SocketKind] then &apos;[Try &apos;$&lt;read_str_from_txt&gt; =&gt; &lt;constructor_with_str_arg&gt;$&apos; then &apos;$&lt;read_str_from_txt&gt; =&gt; &lt;base64_ascii_str_pickle_to_object&gt;$]&apos;]&apos; -&gt; [HTTPStatus] then &apos;[Try &apos;$&lt;read_str_from_txt&gt; =&gt; &lt;constructor_with_str_arg&gt;$&apos; then &apos;$&lt;read_str_from_txt&gt; =&gt; &lt;base64_ascii_str_pickle_to_object&gt;$]&apos;]&apos; -&gt; [_SSLMethod] then &apos;[Try &apos;$&lt;read_str_from_txt&gt; =&gt; &lt;constructor_with_str_arg&gt;$&apos; then &apos;$&lt;read_str_from_txt&gt; =&gt; &lt;base64_ascii_str_pickle_to_object&gt;$]&apos;]&apos; -&gt; [_ParameterKind] then &apos;[Try &apos;$&lt;read_str_from_txt&gt; =&gt; &lt;constructor_with_str_arg&gt;$&apos; then &apos;$&lt;read_str_from_txt&gt; =&gt; &lt;base64_ascii_str_pickle_to_object&gt;$]&apos;]&apos; -&gt; [Sigmasks] then &apos;[Try &apos;$&lt;read_str_from_txt&gt; =&gt; &lt;constructor_with_str_arg&gt;$&apos; then &apos;$&lt;read_str_from_txt&gt; =&gt; &lt;base64_ascii_str_pickle_to_object&gt;$]&apos;]&apos; -&gt; [Handlers] then &apos;[Try &apos;$&lt;read_str_from_txt&gt; =&gt; &lt;constructor_with_str_arg&gt;$&apos; then &apos;$&lt;read_str_from_txt&gt; =&gt; &lt;base64_ascii_str_pickle_to_object&gt;$]&apos;]&apos; -&gt; [AddressFamily]]]
(B)                                                                                                               |--txt-int-0=0.txt -&gt; int ------- using [Try &apos;$&lt;read_str_from_txt&gt; =&gt; &lt;str_to_int&gt;$&apos; then &apos;$&lt;read_str_from_txt&gt; =&gt; &lt;base64_ascii_str_pickle_to_object&gt; -&gt; &lt;bool_to_int&gt;$&apos; then &apos;$&lt;read_str_from_txt&gt; =&gt; &lt;base64_ascii_str_pickle_to_object&gt; -&gt; &lt;float_to_int&gt;$&apos; then &apos;$&lt;read_str_from_txt&gt; =&gt; &lt;base64_ascii_str_pickle_to_object&gt; -&gt; &lt;str_to_int&gt;$&apos; then &apos;$&lt;read_str_from_txt&gt; =&gt; &lt;str_to_bool&gt;$&apos; then &apos;$&lt;read_str_from_txt&gt; =&gt; &lt;base64_ascii_str_pickle_to_object&gt; -&gt; &lt;float_to_bool&gt;$&apos; then &apos;$&lt;read_str_from_txt&gt; =&gt; &lt;base64_ascii_str_pickle_to_object&gt; -&gt; &lt;int_to_bool&gt;$&apos; then &apos;$&lt;read_str_from_txt&gt; =&gt; &lt;base64_ascii_str_pickle_to_object&gt; -&gt; &lt;str_to_bool&gt;$&apos; then &apos;$&lt;read_str_from_txt&gt; =&gt; &lt;base64_ascii_str_pickle_to_object&gt;$]&apos;]
(B)                                                                                                               |--txt-int-0=0.txt -&gt; int ------- using $&lt;read_str_from_txt&gt; =&gt; &lt;str_to_int&gt;$
Parsing Plan created successfully

Executing Parsing Plan for [/home/travis/build/smarie/python-parsyfiles/parsyfiles/tests/parsing_capabilities_by_type/primitives_data/int/ok/txt-int-0=0]
(P) /home/travis/build/smarie/python-parsyfiles/parsyfiles/tests/parsing_capabilities_by_type/primitives_data/int/ok/txt-int-0=0.txt -&gt; int ------- using $&lt;read_str_from_txt&gt; =&gt; &lt;str_to_int&gt;$
(P)                                                                                                               |--txt-int-0=0.txt -&gt; int SUCCESS !
Completed parsing successfully

0==0
</system-out></testcase><testcase classname="parsyfiles.tests.parsing_capabilities_by_type.test_parse_primitives" file="parsyfiles/tests/parsing_capabilities_by_type/test_parse_primitives.py" line="179" name="test_parse_by_type[int-ok-pickle-int-5=5.pyc]" time="0.0760798454284668"><system-out>**** Starting to parse single object of type &lt;int&gt; at location /home/travis/build/smarie/python-parsyfiles/parsyfiles/tests/parsing_capabilities_by_type/primitives_data/int/ok/pickle-int-5=5 ****
Checking all files under [/home/travis/build/smarie/python-parsyfiles/parsyfiles/tests/parsing_capabilities_by_type/primitives_data/int/ok/pickle-int-5=5]
(C) /home/travis/build/smarie/python-parsyfiles/parsyfiles/tests/parsing_capabilities_by_type/primitives_data/int/ok/pickle-int-5=5 (singlefile, .pyc)
File checks done

Building a parsing plan to parse [/home/travis/build/smarie/python-parsyfiles/parsyfiles/tests/parsing_capabilities_by_type/primitives_data/int/ok/pickle-int-5=5] into a int
(B) /home/travis/build/smarie/python-parsyfiles/parsyfiles/tests/parsing_capabilities_by_type/primitives_data/int/ok/pickle-int-5=5.pyc -&gt; int ------- using [Try &apos;[Try &apos;$&lt;read_object_from_pickle&gt; =&gt; &lt;bool_to_int&gt;$&apos; then &apos;$&lt;read_object_from_pickle&gt; =&gt; &lt;float_to_int&gt;$&apos; then &apos;$&lt;read_object_from_pickle&gt; =&gt; &lt;str_to_int&gt;$&apos; then &apos;$&lt;read_object_from_pickle&gt; =&gt; &lt;float_to_bool&gt;$&apos; then &apos;$&lt;read_object_from_pickle&gt; =&gt; &lt;int_to_bool&gt;$&apos; then &apos;$&lt;read_object_from_pickle&gt; =&gt; &lt;str_to_bool&gt;$&apos; then &apos;&lt;read_object_from_pickle&gt;]&apos;]&apos; -&gt; [int] then &apos;[Try &apos;$&lt;read_object_from_pickle&gt; =&gt; &lt;float_to_bool&gt;$&apos; then &apos;$&lt;read_object_from_pickle&gt; =&gt; &lt;int_to_bool&gt;$&apos; then &apos;$&lt;read_object_from_pickle&gt; =&gt; &lt;str_to_bool&gt;$&apos; then &apos;&lt;read_object_from_pickle&gt;]&apos;]&apos; -&gt; [bool] then &apos;&lt;read_object_from_pickle&gt;&apos; -&gt; [_NamedIntConstant] then &apos;&lt;read_object_from_pickle&gt;&apos; -&gt; [IntEnum] then &apos;&lt;read_object_from_pickle&gt;&apos; -&gt; [Signals] then &apos;&lt;read_object_from_pickle&gt;&apos; -&gt; [SocketKind] then &apos;&lt;read_object_from_pickle&gt;&apos; -&gt; [HTTPStatus] then &apos;&lt;read_object_from_pickle&gt;&apos; -&gt; [_SSLMethod] then &apos;&lt;read_object_from_pickle&gt;&apos; -&gt; [_ParameterKind] then &apos;&lt;read_object_from_pickle&gt;&apos; -&gt; [Sigmasks] then &apos;&lt;read_object_from_pickle&gt;&apos; -&gt; [Handlers] then &apos;&lt;read_object_from_pickle&gt;&apos; -&gt; [AddressFamily]]]
(B)                                                                                                               |--pickle-int-5=5.pyc -&gt; int ------- using [Try &apos;$&lt;read_object_from_pickle&gt; =&gt; &lt;bool_to_int&gt;$&apos; then &apos;$&lt;read_object_from_pickle&gt; =&gt; &lt;float_to_int&gt;$&apos; then &apos;$&lt;read_object_from_pickle&gt; =&gt; &lt;str_to_int&gt;$&apos; then &apos;$&lt;read_object_from_pickle&gt; =&gt; &lt;float_to_bool&gt;$&apos; then &apos;$&lt;read_object_from_pickle&gt; =&gt; &lt;int_to_bool&gt;$&apos; then &apos;$&lt;read_object_from_pickle&gt; =&gt; &lt;str_to_bool&gt;$&apos; then &apos;&lt;read_object_from_pickle&gt;]&apos;]
(B)                                                                                                               |--pickle-int-5=5.pyc -&gt; int ------- using $&lt;read_object_from_pickle&gt; =&gt; &lt;bool_to_int&gt;$
Parsing Plan created successfully

Executing Parsing Plan for [/home/travis/build/smarie/python-parsyfiles/parsyfiles/tests/parsing_capabilities_by_type/primitives_data/int/ok/pickle-int-5=5]
(P) /home/travis/build/smarie/python-parsyfiles/parsyfiles/tests/parsing_capabilities_by_type/primitives_data/int/ok/pickle-int-5=5.pyc -&gt; int ------- using $&lt;read_object_from_pickle&gt; =&gt; &lt;bool_to_int&gt;$
  !! Caught error during execution !!
  File &quot;/home/travis/build/smarie/python-parsyfiles/parsyfiles/parsing_core.py&quot;, line 177, in _execute
    self.get_singlefile_encoding(), logger, options)
  File &quot;/home/travis/build/smarie/python-parsyfiles/parsyfiles/parsing_combining_parsers.py&quot;, line 598, in _parse_singlefile
    return self._converter.convert(desired_type, first, logger, options)
  File &quot;/home/travis/build/smarie/python-parsyfiles/parsyfiles/converting_core.py&quot;, line 321, in convert
    raise ConversionException.create_not_able_to_convert(source_obj, self, desired_type)
  ConversionException : Converter $&lt;bool_to_int&gt;$ is not able to ingest source value &apos;5&apos; of type &apos;int&apos; and/or convert it to type &apos;int&apos;. This can happen in a chain when the previous step in the chain is generic and actually produced  an output of the wrong type/content
(B)                                                                                                               |--pickle-int-5=5.pyc -&gt; int ------- using $&lt;read_object_from_pickle&gt; =&gt; &lt;float_to_int&gt;$
Executing Parsing Plan for [/home/travis/build/smarie/python-parsyfiles/parsyfiles/tests/parsing_capabilities_by_type/primitives_data/int/ok/pickle-int-5=5]
(P) /home/travis/build/smarie/python-parsyfiles/parsyfiles/tests/parsing_capabilities_by_type/primitives_data/int/ok/pickle-int-5=5.pyc -&gt; int ------- using $&lt;read_object_from_pickle&gt; =&gt; &lt;float_to_int&gt;$
  !! Caught error during execution !!
  File &quot;/home/travis/build/smarie/python-parsyfiles/parsyfiles/parsing_core.py&quot;, line 177, in _execute
    self.get_singlefile_encoding(), logger, options)
  File &quot;/home/travis/build/smarie/python-parsyfiles/parsyfiles/parsing_combining_parsers.py&quot;, line 598, in _parse_singlefile
    return self._converter.convert(desired_type, first, logger, options)
  File &quot;/home/travis/build/smarie/python-parsyfiles/parsyfiles/converting_core.py&quot;, line 321, in convert
    raise ConversionException.create_not_able_to_convert(source_obj, self, desired_type)
  ConversionException : Converter $&lt;float_to_int&gt;$ is not able to ingest source value &apos;5&apos; of type &apos;int&apos; and/or convert it to type &apos;int&apos;. This can happen in a chain when the previous step in the chain is generic and actually produced  an output of the wrong type/content
(B)                                                                                                               |--pickle-int-5=5.pyc -&gt; int ------- using $&lt;read_object_from_pickle&gt; =&gt; &lt;str_to_int&gt;$
Executing Parsing Plan for [/home/travis/build/smarie/python-parsyfiles/parsyfiles/tests/parsing_capabilities_by_type/primitives_data/int/ok/pickle-int-5=5]
(P) /home/travis/build/smarie/python-parsyfiles/parsyfiles/tests/parsing_capabilities_by_type/primitives_data/int/ok/pickle-int-5=5.pyc -&gt; int ------- using $&lt;read_object_from_pickle&gt; =&gt; &lt;str_to_int&gt;$
  !! Caught error during execution !!
  File &quot;/home/travis/build/smarie/python-parsyfiles/parsyfiles/parsing_core.py&quot;, line 177, in _execute
    self.get_singlefile_encoding(), logger, options)
  File &quot;/home/travis/build/smarie/python-parsyfiles/parsyfiles/parsing_combining_parsers.py&quot;, line 598, in _parse_singlefile
    return self._converter.convert(desired_type, first, logger, options)
  File &quot;/home/travis/build/smarie/python-parsyfiles/parsyfiles/converting_core.py&quot;, line 321, in convert
    raise ConversionException.create_not_able_to_convert(source_obj, self, desired_type)
  ConversionException : Converter $&lt;str_to_int&gt;$ is not able to ingest source value &apos;5&apos; of type &apos;int&apos; and/or convert it to type &apos;int&apos;. This can happen in a chain when the previous step in the chain is generic and actually produced  an output of the wrong type/content
(B)                                                                                                               |--pickle-int-5=5.pyc -&gt; int ------- using $&lt;read_object_from_pickle&gt; =&gt; &lt;float_to_bool&gt;$
Executing Parsing Plan for [/home/travis/build/smarie/python-parsyfiles/parsyfiles/tests/parsing_capabilities_by_type/primitives_data/int/ok/pickle-int-5=5]
(P) /home/travis/build/smarie/python-parsyfiles/parsyfiles/tests/parsing_capabilities_by_type/primitives_data/int/ok/pickle-int-5=5.pyc -&gt; int ------- using $&lt;read_object_from_pickle&gt; =&gt; &lt;float_to_bool&gt;$
  !! Caught error during execution !!
  File &quot;/home/travis/build/smarie/python-parsyfiles/parsyfiles/parsing_core.py&quot;, line 177, in _execute
    self.get_singlefile_encoding(), logger, options)
  File &quot;/home/travis/build/smarie/python-parsyfiles/parsyfiles/parsing_combining_parsers.py&quot;, line 598, in _parse_singlefile
    return self._converter.convert(desired_type, first, logger, options)
  File &quot;/home/travis/build/smarie/python-parsyfiles/parsyfiles/converting_core.py&quot;, line 321, in convert
    raise ConversionException.create_not_able_to_convert(source_obj, self, desired_type)
  ConversionException : Converter $&lt;float_to_bool&gt;$ is not able to ingest source value &apos;5&apos; of type &apos;int&apos; and/or convert it to type &apos;int&apos;. This can happen in a chain when the previous step in the chain is generic and actually produced  an output of the wrong type/content
(B)                                                                                                               |--pickle-int-5=5.pyc -&gt; int ------- using $&lt;read_object_from_pickle&gt; =&gt; &lt;int_to_bool&gt;$
Executing Parsing Plan for [/home/travis/build/smarie/python-parsyfiles/parsyfiles/tests/parsing_capabilities_by_type/primitives_data/int/ok/pickle-int-5=5]
(P) /home/travis/build/smarie/python-parsyfiles/parsyfiles/tests/parsing_capabilities_by_type/primitives_data/int/ok/pickle-int-5=5.pyc -&gt; int ------- using $&lt;read_object_from_pickle&gt; =&gt; &lt;int_to_bool&gt;$
  !! Caught error during execution !!
  File &quot;/home/travis/build/smarie/python-parsyfiles/parsyfiles/converting_core.py&quot;, line 319, in convert
    return self._convert(desired_type, source_obj, logger, options)
  File &quot;/home/travis/build/smarie/python-parsyfiles/parsyfiles/converting_core.py&quot;, line 524, in _convert
    return self.conversion_method(desired_type, source_obj, logger, **opts)
  File &quot;/home/travis/build/smarie/python-parsyfiles/parsyfiles/plugins_base/support_for_primitive_types.py&quot;, line 91, in primitive_to_bool
    raise ValueError(&apos;Cannot convert to bool : source is a number but is not 1 nor 0 : \&apos;&apos; + str(source) + &apos;\&apos;&apos;)
  ValueError : Cannot convert to bool : source is a number but is not 1 nor 0 : &apos;5&apos;
(B)                                                                                                               |--pickle-int-5=5.pyc -&gt; int ------- using $&lt;read_object_from_pickle&gt; =&gt; &lt;str_to_bool&gt;$
Executing Parsing Plan for [/home/travis/build/smarie/python-parsyfiles/parsyfiles/tests/parsing_capabilities_by_type/primitives_data/int/ok/pickle-int-5=5]
(P) /home/travis/build/smarie/python-parsyfiles/parsyfiles/tests/parsing_capabilities_by_type/primitives_data/int/ok/pickle-int-5=5.pyc -&gt; int ------- using $&lt;read_object_from_pickle&gt; =&gt; &lt;str_to_bool&gt;$
  !! Caught error during execution !!
  File &quot;/home/travis/build/smarie/python-parsyfiles/parsyfiles/parsing_core.py&quot;, line 177, in _execute
    self.get_singlefile_encoding(), logger, options)
  File &quot;/home/travis/build/smarie/python-parsyfiles/parsyfiles/parsing_combining_parsers.py&quot;, line 598, in _parse_singlefile
    return self._converter.convert(desired_type, first, logger, options)
  File &quot;/home/travis/build/smarie/python-parsyfiles/parsyfiles/converting_core.py&quot;, line 321, in convert
    raise ConversionException.create_not_able_to_convert(source_obj, self, desired_type)
  ConversionException : Converter $&lt;str_to_bool&gt;$ is not able to ingest source value &apos;5&apos; of type &apos;int&apos; and/or convert it to type &apos;int&apos;. This can happen in a chain when the previous step in the chain is generic and actually produced  an output of the wrong type/content
(B)                                                                                                               |--pickle-int-5=5.pyc -&gt; int ------- using &lt;read_object_from_pickle&gt;
Executing Parsing Plan for [/home/travis/build/smarie/python-parsyfiles/parsyfiles/tests/parsing_capabilities_by_type/primitives_data/int/ok/pickle-int-5=5]
(P) /home/travis/build/smarie/python-parsyfiles/parsyfiles/tests/parsing_capabilities_by_type/primitives_data/int/ok/pickle-int-5=5.pyc -&gt; int ------- using &lt;read_object_from_pickle&gt;
(P)                                                                                                               |--pickle-int-5=5.pyc -&gt; int SUCCESS !
Completed parsing successfully

5==5
</system-out></testcase><testcase classname="parsyfiles.tests.parsing_capabilities_by_type.test_parse_primitives" file="parsyfiles/tests/parsing_capabilities_by_type/test_parse_primitives.py" line="179" name="test_parse_by_type[int-ok-txt-float-0.0=0.txt]" time="0.07312321662902832"><system-out>**** Starting to parse single object of type &lt;int&gt; at location /home/travis/build/smarie/python-parsyfiles/parsyfiles/tests/parsing_capabilities_by_type/primitives_data/int/ok/txt-float-0.0=0 ****
Checking all files under [/home/travis/build/smarie/python-parsyfiles/parsyfiles/tests/parsing_capabilities_by_type/primitives_data/int/ok/txt-float-0.0=0]
(C) /home/travis/build/smarie/python-parsyfiles/parsyfiles/tests/parsing_capabilities_by_type/primitives_data/int/ok/txt-float-0.0=0 (singlefile, .txt)
File checks done

Building a parsing plan to parse [/home/travis/build/smarie/python-parsyfiles/parsyfiles/tests/parsing_capabilities_by_type/primitives_data/int/ok/txt-float-0.0=0] into a int
(B) /home/travis/build/smarie/python-parsyfiles/parsyfiles/tests/parsing_capabilities_by_type/primitives_data/int/ok/txt-float-0.0=0.txt -&gt; int ------- using [Try &apos;[Try &apos;$&lt;read_str_from_txt&gt; =&gt; &lt;str_to_int&gt;$&apos; then &apos;$&lt;read_str_from_txt&gt; =&gt; &lt;base64_ascii_str_pickle_to_object&gt; -&gt; &lt;bool_to_int&gt;$&apos; then &apos;$&lt;read_str_from_txt&gt; =&gt; &lt;base64_ascii_str_pickle_to_object&gt; -&gt; &lt;float_to_int&gt;$&apos; then &apos;$&lt;read_str_from_txt&gt; =&gt; &lt;base64_ascii_str_pickle_to_object&gt; -&gt; &lt;str_to_int&gt;$&apos; then &apos;$&lt;read_str_from_txt&gt; =&gt; &lt;str_to_bool&gt;$&apos; then &apos;$&lt;read_str_from_txt&gt; =&gt; &lt;base64_ascii_str_pickle_to_object&gt; -&gt; &lt;float_to_bool&gt;$&apos; then &apos;$&lt;read_str_from_txt&gt; =&gt; &lt;base64_ascii_str_pickle_to_object&gt; -&gt; &lt;int_to_bool&gt;$&apos; then &apos;$&lt;read_str_from_txt&gt; =&gt; &lt;base64_ascii_str_pickle_to_object&gt; -&gt; &lt;str_to_bool&gt;$&apos; then &apos;$&lt;read_str_from_txt&gt; =&gt; &lt;base64_ascii_str_pickle_to_object&gt;$]&apos;]&apos; -&gt; [int] then &apos;[Try &apos;$&lt;read_str_from_txt&gt; =&gt; &lt;str_to_bool&gt;$&apos; then &apos;$&lt;read_str_from_txt&gt; =&gt; &lt;base64_ascii_str_pickle_to_object&gt; -&gt; &lt;float_to_bool&gt;$&apos; then &apos;$&lt;read_str_from_txt&gt; =&gt; &lt;base64_ascii_str_pickle_to_object&gt; -&gt; &lt;int_to_bool&gt;$&apos; then &apos;$&lt;read_str_from_txt&gt; =&gt; &lt;base64_ascii_str_pickle_to_object&gt; -&gt; &lt;str_to_bool&gt;$&apos; then &apos;$&lt;read_str_from_txt&gt; =&gt; &lt;base64_ascii_str_pickle_to_object&gt;$]&apos;]&apos; -&gt; [bool] then &apos;[Try &apos;$&lt;read_str_from_txt&gt; =&gt; &lt;constructor_with_str_arg&gt;$&apos; then &apos;$&lt;read_str_from_txt&gt; =&gt; &lt;base64_ascii_str_pickle_to_object&gt;$]&apos;]&apos; -&gt; [_NamedIntConstant] then &apos;[Try &apos;$&lt;read_str_from_txt&gt; =&gt; &lt;constructor_with_str_arg&gt;$&apos; then &apos;$&lt;read_str_from_txt&gt; =&gt; &lt;base64_ascii_str_pickle_to_object&gt;$]&apos;]&apos; -&gt; [IntEnum] then &apos;[Try &apos;$&lt;read_str_from_txt&gt; =&gt; &lt;constructor_with_str_arg&gt;$&apos; then &apos;$&lt;read_str_from_txt&gt; =&gt; &lt;base64_ascii_str_pickle_to_object&gt;$]&apos;]&apos; -&gt; [Signals] then &apos;[Try &apos;$&lt;read_str_from_txt&gt; =&gt; &lt;constructor_with_str_arg&gt;$&apos; then &apos;$&lt;read_str_from_txt&gt; =&gt; &lt;base64_ascii_str_pickle_to_object&gt;$]&apos;]&apos; -&gt; [SocketKind] then &apos;[Try &apos;$&lt;read_str_from_txt&gt; =&gt; &lt;constructor_with_str_arg&gt;$&apos; then &apos;$&lt;read_str_from_txt&gt; =&gt; &lt;base64_ascii_str_pickle_to_object&gt;$]&apos;]&apos; -&gt; [HTTPStatus] then &apos;[Try &apos;$&lt;read_str_from_txt&gt; =&gt; &lt;constructor_with_str_arg&gt;$&apos; then &apos;$&lt;read_str_from_txt&gt; =&gt; &lt;base64_ascii_str_pickle_to_object&gt;$]&apos;]&apos; -&gt; [_SSLMethod] then &apos;[Try &apos;$&lt;read_str_from_txt&gt; =&gt; &lt;constructor_with_str_arg&gt;$&apos; then &apos;$&lt;read_str_from_txt&gt; =&gt; &lt;base64_ascii_str_pickle_to_object&gt;$]&apos;]&apos; -&gt; [_ParameterKind] then &apos;[Try &apos;$&lt;read_str_from_txt&gt; =&gt; &lt;constructor_with_str_arg&gt;$&apos; then &apos;$&lt;read_str_from_txt&gt; =&gt; &lt;base64_ascii_str_pickle_to_object&gt;$]&apos;]&apos; -&gt; [Sigmasks] then &apos;[Try &apos;$&lt;read_str_from_txt&gt; =&gt; &lt;constructor_with_str_arg&gt;$&apos; then &apos;$&lt;read_str_from_txt&gt; =&gt; &lt;base64_ascii_str_pickle_to_object&gt;$]&apos;]&apos; -&gt; [Handlers] then &apos;[Try &apos;$&lt;read_str_from_txt&gt; =&gt; &lt;constructor_with_str_arg&gt;$&apos; then &apos;$&lt;read_str_from_txt&gt; =&gt; &lt;base64_ascii_str_pickle_to_object&gt;$]&apos;]&apos; -&gt; [AddressFamily]]]
(B)                                                                                                               |--txt-float-0.0=0.txt -&gt; int ------- using [Try &apos;$&lt;read_str_from_txt&gt; =&gt; &lt;str_to_int&gt;$&apos; then &apos;$&lt;read_str_from_txt&gt; =&gt; &lt;base64_ascii_str_pickle_to_object&gt; -&gt; &lt;bool_to_int&gt;$&apos; then &apos;$&lt;read_str_from_txt&gt; =&gt; &lt;base64_ascii_str_pickle_to_object&gt; -&gt; &lt;float_to_int&gt;$&apos; then &apos;$&lt;read_str_from_txt&gt; =&gt; &lt;base64_ascii_str_pickle_to_object&gt; -&gt; &lt;str_to_int&gt;$&apos; then &apos;$&lt;read_str_from_txt&gt; =&gt; &lt;str_to_bool&gt;$&apos; then &apos;$&lt;read_str_from_txt&gt; =&gt; &lt;base64_ascii_str_pickle_to_object&gt; -&gt; &lt;float_to_bool&gt;$&apos; then &apos;$&lt;read_str_from_txt&gt; =&gt; &lt;base64_ascii_str_pickle_to_object&gt; -&gt; &lt;int_to_bool&gt;$&apos; then &apos;$&lt;read_str_from_txt&gt; =&gt; &lt;base64_ascii_str_pickle_to_object&gt; -&gt; &lt;str_to_bool&gt;$&apos; then &apos;$&lt;read_str_from_txt&gt; =&gt; &lt;base64_ascii_str_pickle_to_object&gt;$]&apos;]
(B)                                                                                                               |--txt-float-0.0=0.txt -&gt; int ------- using $&lt;read_str_from_txt&gt; =&gt; &lt;str_to_int&gt;$
Parsing Plan created successfully

Executing Parsing Plan for [/home/travis/build/smarie/python-parsyfiles/parsyfiles/tests/parsing_capabilities_by_type/primitives_data/int/ok/txt-float-0.0=0]
(P) /home/travis/build/smarie/python-parsyfiles/parsyfiles/tests/parsing_capabilities_by_type/primitives_data/int/ok/txt-float-0.0=0.txt -&gt; int ------- using $&lt;read_str_from_txt&gt; =&gt; &lt;str_to_int&gt;$
(P)                                                                                                               |--txt-float-0.0=0.txt -&gt; int SUCCESS !
Completed parsing successfully

0==0
</system-out></testcase><testcase classname="parsyfiles.tests.parsing_capabilities_by_type.test_parse_primitives" file="parsyfiles/tests/parsing_capabilities_by_type/test_parse_primitives.py" line="179" name="test_parse_by_type[int-ok-pickle-float-0.0=0.pyc]" time="0.07281613349914551"><system-out>**** Starting to parse single object of type &lt;int&gt; at location /home/travis/build/smarie/python-parsyfiles/parsyfiles/tests/parsing_capabilities_by_type/primitives_data/int/ok/pickle-float-0.0=0 ****
Checking all files under [/home/travis/build/smarie/python-parsyfiles/parsyfiles/tests/parsing_capabilities_by_type/primitives_data/int/ok/pickle-float-0.0=0]
(C) /home/travis/build/smarie/python-parsyfiles/parsyfiles/tests/parsing_capabilities_by_type/primitives_data/int/ok/pickle-float-0.0=0 (singlefile, .pyc)
File checks done

Building a parsing plan to parse [/home/travis/build/smarie/python-parsyfiles/parsyfiles/tests/parsing_capabilities_by_type/primitives_data/int/ok/pickle-float-0.0=0] into a int
(B) /home/travis/build/smarie/python-parsyfiles/parsyfiles/tests/parsing_capabilities_by_type/primitives_data/int/ok/pickle-float-0.0=0.pyc -&gt; int ------- using [Try &apos;[Try &apos;$&lt;read_object_from_pickle&gt; =&gt; &lt;bool_to_int&gt;$&apos; then &apos;$&lt;read_object_from_pickle&gt; =&gt; &lt;float_to_int&gt;$&apos; then &apos;$&lt;read_object_from_pickle&gt; =&gt; &lt;str_to_int&gt;$&apos; then &apos;$&lt;read_object_from_pickle&gt; =&gt; &lt;float_to_bool&gt;$&apos; then &apos;$&lt;read_object_from_pickle&gt; =&gt; &lt;int_to_bool&gt;$&apos; then &apos;$&lt;read_object_from_pickle&gt; =&gt; &lt;str_to_bool&gt;$&apos; then &apos;&lt;read_object_from_pickle&gt;]&apos;]&apos; -&gt; [int] then &apos;[Try &apos;$&lt;read_object_from_pickle&gt; =&gt; &lt;float_to_bool&gt;$&apos; then &apos;$&lt;read_object_from_pickle&gt; =&gt; &lt;int_to_bool&gt;$&apos; then &apos;$&lt;read_object_from_pickle&gt; =&gt; &lt;str_to_bool&gt;$&apos; then &apos;&lt;read_object_from_pickle&gt;]&apos;]&apos; -&gt; [bool] then &apos;&lt;read_object_from_pickle&gt;&apos; -&gt; [_NamedIntConstant] then &apos;&lt;read_object_from_pickle&gt;&apos; -&gt; [IntEnum] then &apos;&lt;read_object_from_pickle&gt;&apos; -&gt; [Signals] then &apos;&lt;read_object_from_pickle&gt;&apos; -&gt; [SocketKind] then &apos;&lt;read_object_from_pickle&gt;&apos; -&gt; [HTTPStatus] then &apos;&lt;read_object_from_pickle&gt;&apos; -&gt; [_SSLMethod] then &apos;&lt;read_object_from_pickle&gt;&apos; -&gt; [_ParameterKind] then &apos;&lt;read_object_from_pickle&gt;&apos; -&gt; [Sigmasks] then &apos;&lt;read_object_from_pickle&gt;&apos; -&gt; [Handlers] then &apos;&lt;read_object_from_pickle&gt;&apos; -&gt; [AddressFamily]]]
(B)                                                                                                               |--pickle-float-0.0=0.pyc -&gt; int ------- using [Try &apos;$&lt;read_object_from_pickle&gt; =&gt; &lt;bool_to_int&gt;$&apos; then &apos;$&lt;read_object_from_pickle&gt; =&gt; &lt;float_to_int&gt;$&apos; then &apos;$&lt;read_object_from_pickle&gt; =&gt; &lt;str_to_int&gt;$&apos; then &apos;$&lt;read_object_from_pickle&gt; =&gt; &lt;float_to_bool&gt;$&apos; then &apos;$&lt;read_object_from_pickle&gt; =&gt; &lt;int_to_bool&gt;$&apos; then &apos;$&lt;read_object_from_pickle&gt; =&gt; &lt;str_to_bool&gt;$&apos; then &apos;&lt;read_object_from_pickle&gt;]&apos;]
(B)                                                                                                               |--pickle-float-0.0=0.pyc -&gt; int ------- using $&lt;read_object_from_pickle&gt; =&gt; &lt;bool_to_int&gt;$
Parsing Plan created successfully

Executing Parsing Plan for [/home/travis/build/smarie/python-parsyfiles/parsyfiles/tests/parsing_capabilities_by_type/primitives_data/int/ok/pickle-float-0.0=0]
(P) /home/travis/build/smarie/python-parsyfiles/parsyfiles/tests/parsing_capabilities_by_type/primitives_data/int/ok/pickle-float-0.0=0.pyc -&gt; int ------- using $&lt;read_object_from_pickle&gt; =&gt; &lt;bool_to_int&gt;$
  !! Caught error during execution !!
  File &quot;/home/travis/build/smarie/python-parsyfiles/parsyfiles/parsing_core.py&quot;, line 177, in _execute
    self.get_singlefile_encoding(), logger, options)
  File &quot;/home/travis/build/smarie/python-parsyfiles/parsyfiles/parsing_combining_parsers.py&quot;, line 598, in _parse_singlefile
    return self._converter.convert(desired_type, first, logger, options)
  File &quot;/home/travis/build/smarie/python-parsyfiles/parsyfiles/converting_core.py&quot;, line 321, in convert
    raise ConversionException.create_not_able_to_convert(source_obj, self, desired_type)
  ConversionException : Converter $&lt;bool_to_int&gt;$ is not able to ingest source value &apos;0.0&apos; of type &apos;float&apos; and/or convert it to type &apos;int&apos;. This can happen in a chain when the previous step in the chain is generic and actually produced  an output of the wrong type/content
(B)                                                                                                               |--pickle-float-0.0=0.pyc -&gt; int ------- using $&lt;read_object_from_pickle&gt; =&gt; &lt;float_to_int&gt;$
Executing Parsing Plan for [/home/travis/build/smarie/python-parsyfiles/parsyfiles/tests/parsing_capabilities_by_type/primitives_data/int/ok/pickle-float-0.0=0]
(P) /home/travis/build/smarie/python-parsyfiles/parsyfiles/tests/parsing_capabilities_by_type/primitives_data/int/ok/pickle-float-0.0=0.pyc -&gt; int ------- using $&lt;read_object_from_pickle&gt; =&gt; &lt;float_to_int&gt;$
(P)                                                                                                               |--pickle-float-0.0=0.pyc -&gt; int SUCCESS !
Completed parsing successfully

0==0
</system-out></testcase><testcase classname="parsyfiles.tests.parsing_capabilities_by_type.test_parse_primitives" file="parsyfiles/tests/parsing_capabilities_by_type/test_parse_primitives.py" line="179" name="test_parse_by_type[int-err-pickle-str-.pyc]" time="0.09848523139953613"><system-out>**** Starting to parse single object of type &lt;int&gt; at location /home/travis/build/smarie/python-parsyfiles/parsyfiles/tests/parsing_capabilities_by_type/primitives_data/int/err/pickle-str- ****
Checking all files under [/home/travis/build/smarie/python-parsyfiles/parsyfiles/tests/parsing_capabilities_by_type/primitives_data/int/err/pickle-str-]
(C) /home/travis/build/smarie/python-parsyfiles/parsyfiles/tests/parsing_capabilities_by_type/primitives_data/int/err/pickle-str- (singlefile, .pyc)
File checks done

Building a parsing plan to parse [/home/travis/build/smarie/python-parsyfiles/parsyfiles/tests/parsing_capabilities_by_type/primitives_data/int/err/pickle-str-] into a int
(B) /home/travis/build/smarie/python-parsyfiles/parsyfiles/tests/parsing_capabilities_by_type/primitives_data/int/err/pickle-str-.pyc -&gt; int ------- using [Try &apos;[Try &apos;$&lt;read_object_from_pickle&gt; =&gt; &lt;bool_to_int&gt;$&apos; then &apos;$&lt;read_object_from_pickle&gt; =&gt; &lt;float_to_int&gt;$&apos; then &apos;$&lt;read_object_from_pickle&gt; =&gt; &lt;str_to_int&gt;$&apos; then &apos;$&lt;read_object_from_pickle&gt; =&gt; &lt;float_to_bool&gt;$&apos; then &apos;$&lt;read_object_from_pickle&gt; =&gt; &lt;int_to_bool&gt;$&apos; then &apos;$&lt;read_object_from_pickle&gt; =&gt; &lt;str_to_bool&gt;$&apos; then &apos;&lt;read_object_from_pickle&gt;]&apos;]&apos; -&gt; [int] then &apos;[Try &apos;$&lt;read_object_from_pickle&gt; =&gt; &lt;float_to_bool&gt;$&apos; then &apos;$&lt;read_object_from_pickle&gt; =&gt; &lt;int_to_bool&gt;$&apos; then &apos;$&lt;read_object_from_pickle&gt; =&gt; &lt;str_to_bool&gt;$&apos; then &apos;&lt;read_object_from_pickle&gt;]&apos;]&apos; -&gt; [bool] then &apos;&lt;read_object_from_pickle&gt;&apos; -&gt; [_NamedIntConstant] then &apos;&lt;read_object_from_pickle&gt;&apos; -&gt; [IntEnum] then &apos;&lt;read_object_from_pickle&gt;&apos; -&gt; [Signals] then &apos;&lt;read_object_from_pickle&gt;&apos; -&gt; [SocketKind] then &apos;&lt;read_object_from_pickle&gt;&apos; -&gt; [HTTPStatus] then &apos;&lt;read_object_from_pickle&gt;&apos; -&gt; [_SSLMethod] then &apos;&lt;read_object_from_pickle&gt;&apos; -&gt; [_ParameterKind] then &apos;&lt;read_object_from_pickle&gt;&apos; -&gt; [Sigmasks] then &apos;&lt;read_object_from_pickle&gt;&apos; -&gt; [Handlers] then &apos;&lt;read_object_from_pickle&gt;&apos; -&gt; [AddressFamily]]]
(B)                                                                                                                |--pickle-str-.pyc -&gt; int ------- using [Try &apos;$&lt;read_object_from_pickle&gt; =&gt; &lt;bool_to_int&gt;$&apos; then &apos;$&lt;read_object_from_pickle&gt; =&gt; &lt;float_to_int&gt;$&apos; then &apos;$&lt;read_object_from_pickle&gt; =&gt; &lt;str_to_int&gt;$&apos; then &apos;$&lt;read_object_from_pickle&gt; =&gt; &lt;float_to_bool&gt;$&apos; then &apos;$&lt;read_object_from_pickle&gt; =&gt; &lt;int_to_bool&gt;$&apos; then &apos;$&lt;read_object_from_pickle&gt; =&gt; &lt;str_to_bool&gt;$&apos; then &apos;&lt;read_object_from_pickle&gt;]&apos;]
(B)                                                                                                                |--pickle-str-.pyc -&gt; int ------- using $&lt;read_object_from_pickle&gt; =&gt; &lt;bool_to_int&gt;$
Parsing Plan created successfully

Executing Parsing Plan for [/home/travis/build/smarie/python-parsyfiles/parsyfiles/tests/parsing_capabilities_by_type/primitives_data/int/err/pickle-str-]
(P) /home/travis/build/smarie/python-parsyfiles/parsyfiles/tests/parsing_capabilities_by_type/primitives_data/int/err/pickle-str-.pyc -&gt; int ------- using $&lt;read_object_from_pickle&gt; =&gt; &lt;bool_to_int&gt;$
  !! Caught error during execution !!
  File &quot;/home/travis/build/smarie/python-parsyfiles/parsyfiles/parsing_core.py&quot;, line 177, in _execute
    self.get_singlefile_encoding(), logger, options)
  File &quot;/home/travis/build/smarie/python-parsyfiles/parsyfiles/parsing_combining_parsers.py&quot;, line 598, in _parse_singlefile
    return self._converter.convert(desired_type, first, logger, options)
  File &quot;/home/travis/build/smarie/python-parsyfiles/parsyfiles/converting_core.py&quot;, line 321, in convert
    raise ConversionException.create_not_able_to_convert(source_obj, self, desired_type)
  ConversionException : Converter $&lt;bool_to_int&gt;$ is not able to ingest source value &apos;&apos; of type &apos;str&apos; and/or convert it to type &apos;int&apos;. This can happen in a chain when the previous step in the chain is generic and actually produced  an output of the wrong type/content
(B)                                                                                                                |--pickle-str-.pyc -&gt; int ------- using $&lt;read_object_from_pickle&gt; =&gt; &lt;float_to_int&gt;$
Executing Parsing Plan for [/home/travis/build/smarie/python-parsyfiles/parsyfiles/tests/parsing_capabilities_by_type/primitives_data/int/err/pickle-str-]
(P) /home/travis/build/smarie/python-parsyfiles/parsyfiles/tests/parsing_capabilities_by_type/primitives_data/int/err/pickle-str-.pyc -&gt; int ------- using $&lt;read_object_from_pickle&gt; =&gt; &lt;float_to_int&gt;$
  !! Caught error during execution !!
  File &quot;/home/travis/build/smarie/python-parsyfiles/parsyfiles/parsing_core.py&quot;, line 177, in _execute
    self.get_singlefile_encoding(), logger, options)
  File &quot;/home/travis/build/smarie/python-parsyfiles/parsyfiles/parsing_combining_parsers.py&quot;, line 598, in _parse_singlefile
    return self._converter.convert(desired_type, first, logger, options)
  File &quot;/home/travis/build/smarie/python-parsyfiles/parsyfiles/converting_core.py&quot;, line 321, in convert
    raise ConversionException.create_not_able_to_convert(source_obj, self, desired_type)
  ConversionException : Converter $&lt;float_to_int&gt;$ is not able to ingest source value &apos;&apos; of type &apos;str&apos; and/or convert it to type &apos;int&apos;. This can happen in a chain when the previous step in the chain is generic and actually produced  an output of the wrong type/content
(B)                                                                                                                |--pickle-str-.pyc -&gt; int ------- using $&lt;read_object_from_pickle&gt; =&gt; &lt;str_to_int&gt;$
Executing Parsing Plan for [/home/travis/build/smarie/python-parsyfiles/parsyfiles/tests/parsing_capabilities_by_type/primitives_data/int/err/pickle-str-]
(P) /home/travis/build/smarie/python-parsyfiles/parsyfiles/tests/parsing_capabilities_by_type/primitives_data/int/err/pickle-str-.pyc -&gt; int ------- using $&lt;read_object_from_pickle&gt; =&gt; &lt;str_to_int&gt;$
  !! Caught error during execution !!
  File &quot;/home/travis/build/smarie/python-parsyfiles/parsyfiles/plugins_base/support_for_primitive_types.py&quot;, line 37, in primitive_to_int
    source = literal_eval(source)
  File &quot;/opt/python/3.5.5/lib/python3.5/ast.py&quot;, line 46, in literal_eval
    node_or_string = parse(node_or_string, mode=&apos;eval&apos;)
  File &quot;/opt/python/3.5.5/lib/python3.5/ast.py&quot;, line 35, in parse
    return compile(source, filename, mode, PyCF_ONLY_AST)
  SyntaxError : unexpected EOF while parsing (&lt;unknown&gt;, line 0)
(B)                                                                                                                |--pickle-str-.pyc -&gt; int ------- using $&lt;read_object_from_pickle&gt; =&gt; &lt;float_to_bool&gt;$
Executing Parsing Plan for [/home/travis/build/smarie/python-parsyfiles/parsyfiles/tests/parsing_capabilities_by_type/primitives_data/int/err/pickle-str-]
(P) /home/travis/build/smarie/python-parsyfiles/parsyfiles/tests/parsing_capabilities_by_type/primitives_data/int/err/pickle-str-.pyc -&gt; int ------- using $&lt;read_object_from_pickle&gt; =&gt; &lt;float_to_bool&gt;$
  !! Caught error during execution !!
  File &quot;/home/travis/build/smarie/python-parsyfiles/parsyfiles/parsing_core.py&quot;, line 177, in _execute
    self.get_singlefile_encoding(), logger, options)
  File &quot;/home/travis/build/smarie/python-parsyfiles/parsyfiles/parsing_combining_parsers.py&quot;, line 598, in _parse_singlefile
    return self._converter.convert(desired_type, first, logger, options)
  File &quot;/home/travis/build/smarie/python-parsyfiles/parsyfiles/converting_core.py&quot;, line 321, in convert
    raise ConversionException.create_not_able_to_convert(source_obj, self, desired_type)
  ConversionException : Converter $&lt;float_to_bool&gt;$ is not able to ingest source value &apos;&apos; of type &apos;str&apos; and/or convert it to type &apos;int&apos;. This can happen in a chain when the previous step in the chain is generic and actually produced  an output of the wrong type/content
(B)                                                                                                                |--pickle-str-.pyc -&gt; int ------- using $&lt;read_object_from_pickle&gt; =&gt; &lt;int_to_bool&gt;$
Executing Parsing Plan for [/home/travis/build/smarie/python-parsyfiles/parsyfiles/tests/parsing_capabilities_by_type/primitives_data/int/err/pickle-str-]
(P) /home/travis/build/smarie/python-parsyfiles/parsyfiles/tests/parsing_capabilities_by_type/primitives_data/int/err/pickle-str-.pyc -&gt; int ------- using $&lt;read_object_from_pickle&gt; =&gt; &lt;int_to_bool&gt;$
  !! Caught error during execution !!
  File &quot;/home/travis/build/smarie/python-parsyfiles/parsyfiles/parsing_core.py&quot;, line 177, in _execute
    self.get_singlefile_encoding(), logger, options)
  File &quot;/home/travis/build/smarie/python-parsyfiles/parsyfiles/parsing_combining_parsers.py&quot;, line 598, in _parse_singlefile
    return self._converter.convert(desired_type, first, logger, options)
  File &quot;/home/travis/build/smarie/python-parsyfiles/parsyfiles/converting_core.py&quot;, line 321, in convert
    raise ConversionException.create_not_able_to_convert(source_obj, self, desired_type)
  ConversionException : Converter $&lt;int_to_bool&gt;$ is not able to ingest source value &apos;&apos; of type &apos;str&apos; and/or convert it to type &apos;int&apos;. This can happen in a chain when the previous step in the chain is generic and actually produced  an output of the wrong type/content
(B)                                                                                                                |--pickle-str-.pyc -&gt; int ------- using $&lt;read_object_from_pickle&gt; =&gt; &lt;str_to_bool&gt;$
Executing Parsing Plan for [/home/travis/build/smarie/python-parsyfiles/parsyfiles/tests/parsing_capabilities_by_type/primitives_data/int/err/pickle-str-]
(P) /home/travis/build/smarie/python-parsyfiles/parsyfiles/tests/parsing_capabilities_by_type/primitives_data/int/err/pickle-str-.pyc -&gt; int ------- using $&lt;read_object_from_pickle&gt; =&gt; &lt;str_to_bool&gt;$
  !! Caught error during execution !!
  File &quot;/home/travis/build/smarie/python-parsyfiles/parsyfiles/converting_core.py&quot;, line 524, in _convert
    return self.conversion_method(desired_type, source_obj, logger, **opts)
  File &quot;/home/travis/build/smarie/python-parsyfiles/parsyfiles/plugins_base/support_for_primitive_types.py&quot;, line 84, in primitive_to_bool
    return bool(strtobool(source))
  File &quot;/opt/python/3.5.5/lib/python3.5/distutils/util.py&quot;, line 317, in strtobool
    raise ValueError(&quot;invalid truth value %r&quot; % (val,))
  ValueError : invalid truth value &apos;&apos;
(B)                                                                                                                |--pickle-str-.pyc -&gt; int ------- using &lt;read_object_from_pickle&gt;
Executing Parsing Plan for [/home/travis/build/smarie/python-parsyfiles/parsyfiles/tests/parsing_capabilities_by_type/primitives_data/int/err/pickle-str-]
(P) /home/travis/build/smarie/python-parsyfiles/parsyfiles/tests/parsing_capabilities_by_type/primitives_data/int/err/pickle-str-.pyc -&gt; int ------- using &lt;read_object_from_pickle&gt;
                                                                                                                    ! CAUGHT: WrongTypeCreatedError - Error while parsing /home/travis/build/smarie/python-parsyfiles/parsyfiles/tests/parsing_capabilities_by_type/primitives_data/int/err/pickle-str- (singlefile, .pyc) as a int with parser &lt;read_object_from_pickle&gt; using options=({&apos;MultifileCollectionParser&apos;: {&apos;lazy_parsing&apos;: False}}) - parser returned an object of wrong type &lt;class &apos;str&apos;&gt;: 
                                                                                                                    ! CAUGHT: CascadeError - See previous log messages for details
(B)                                                                                                                |--pickle-str-.pyc -&gt; bool ------- using [Try &apos;$&lt;read_object_from_pickle&gt; =&gt; &lt;float_to_bool&gt;$&apos; then &apos;$&lt;read_object_from_pickle&gt; =&gt; &lt;int_to_bool&gt;$&apos; then &apos;$&lt;read_object_from_pickle&gt; =&gt; &lt;str_to_bool&gt;$&apos; then &apos;&lt;read_object_from_pickle&gt;]&apos;]
(B)                                                                                                                |--pickle-str-.pyc -&gt; bool ------- using $&lt;read_object_from_pickle&gt; =&gt; &lt;float_to_bool&gt;$
Executing Parsing Plan for [/home/travis/build/smarie/python-parsyfiles/parsyfiles/tests/parsing_capabilities_by_type/primitives_data/int/err/pickle-str-]
(P) /home/travis/build/smarie/python-parsyfiles/parsyfiles/tests/parsing_capabilities_by_type/primitives_data/int/err/pickle-str-.pyc -&gt; bool ------- using $&lt;read_object_from_pickle&gt; =&gt; &lt;float_to_bool&gt;$
  !! Caught error during execution !!
  File &quot;/home/travis/build/smarie/python-parsyfiles/parsyfiles/parsing_core.py&quot;, line 177, in _execute
    self.get_singlefile_encoding(), logger, options)
  File &quot;/home/travis/build/smarie/python-parsyfiles/parsyfiles/parsing_combining_parsers.py&quot;, line 598, in _parse_singlefile
    return self._converter.convert(desired_type, first, logger, options)
  File &quot;/home/travis/build/smarie/python-parsyfiles/parsyfiles/converting_core.py&quot;, line 321, in convert
    raise ConversionException.create_not_able_to_convert(source_obj, self, desired_type)
  ConversionException : Converter $&lt;float_to_bool&gt;$ is not able to ingest source value &apos;&apos; of type &apos;str&apos; and/or convert it to type &apos;bool&apos;. This can happen in a chain when the previous step in the chain is generic and actually produced  an output of the wrong type/content
(B)                                                                                                                |--pickle-str-.pyc -&gt; bool ------- using $&lt;read_object_from_pickle&gt; =&gt; &lt;int_to_bool&gt;$
Executing Parsing Plan for [/home/travis/build/smarie/python-parsyfiles/parsyfiles/tests/parsing_capabilities_by_type/primitives_data/int/err/pickle-str-]
(P) /home/travis/build/smarie/python-parsyfiles/parsyfiles/tests/parsing_capabilities_by_type/primitives_data/int/err/pickle-str-.pyc -&gt; bool ------- using $&lt;read_object_from_pickle&gt; =&gt; &lt;int_to_bool&gt;$
  !! Caught error during execution !!
  File &quot;/home/travis/build/smarie/python-parsyfiles/parsyfiles/parsing_core.py&quot;, line 177, in _execute
    self.get_singlefile_encoding(), logger, options)
  File &quot;/home/travis/build/smarie/python-parsyfiles/parsyfiles/parsing_combining_parsers.py&quot;, line 598, in _parse_singlefile
    return self._converter.convert(desired_type, first, logger, options)
  File &quot;/home/travis/build/smarie/python-parsyfiles/parsyfiles/converting_core.py&quot;, line 321, in convert
    raise ConversionException.create_not_able_to_convert(source_obj, self, desired_type)
  ConversionException : Converter $&lt;int_to_bool&gt;$ is not able to ingest source value &apos;&apos; of type &apos;str&apos; and/or convert it to type &apos;bool&apos;. This can happen in a chain when the previous step in the chain is generic and actually produced  an output of the wrong type/content
(B)                                                                                                                |--pickle-str-.pyc -&gt; bool ------- using $&lt;read_object_from_pickle&gt; =&gt; &lt;str_to_bool&gt;$
Executing Parsing Plan for [/home/travis/build/smarie/python-parsyfiles/parsyfiles/tests/parsing_capabilities_by_type/primitives_data/int/err/pickle-str-]
(P) /home/travis/build/smarie/python-parsyfiles/parsyfiles/tests/parsing_capabilities_by_type/primitives_data/int/err/pickle-str-.pyc -&gt; bool ------- using $&lt;read_object_from_pickle&gt; =&gt; &lt;str_to_bool&gt;$
  !! Caught error during execution !!
  File &quot;/home/travis/build/smarie/python-parsyfiles/parsyfiles/converting_core.py&quot;, line 524, in _convert
    return self.conversion_method(desired_type, source_obj, logger, **opts)
  File &quot;/home/travis/build/smarie/python-parsyfiles/parsyfiles/plugins_base/support_for_primitive_types.py&quot;, line 84, in primitive_to_bool
    return bool(strtobool(source))
  File &quot;/opt/python/3.5.5/lib/python3.5/distutils/util.py&quot;, line 317, in strtobool
    raise ValueError(&quot;invalid truth value %r&quot; % (val,))
  ValueError : invalid truth value &apos;&apos;
(B)                                                                                                                |--pickle-str-.pyc -&gt; bool ------- using &lt;read_object_from_pickle&gt;
Executing Parsing Plan for [/home/travis/build/smarie/python-parsyfiles/parsyfiles/tests/parsing_capabilities_by_type/primitives_data/int/err/pickle-str-]
(P) /home/travis/build/smarie/python-parsyfiles/parsyfiles/tests/parsing_capabilities_by_type/primitives_data/int/err/pickle-str-.pyc -&gt; bool ------- using &lt;read_object_from_pickle&gt;
                                                                                                                    ! CAUGHT: WrongTypeCreatedError - Error while parsing /home/travis/build/smarie/python-parsyfiles/parsyfiles/tests/parsing_capabilities_by_type/primitives_data/int/err/pickle-str- (singlefile, .pyc) as a bool with parser &lt;read_object_from_pickle&gt; using options=({&apos;MultifileCollectionParser&apos;: {&apos;lazy_parsing&apos;: False}}) - parser returned an object of wrong type &lt;class &apos;str&apos;&gt;: 
                                                                                                                    ! CAUGHT: CascadeError - See previous log messages for details
(B)                                                                                                                |--pickle-str-.pyc -&gt; _NamedIntConstant ------- using &lt;read_object_from_pickle&gt;
Executing Parsing Plan for [/home/travis/build/smarie/python-parsyfiles/parsyfiles/tests/parsing_capabilities_by_type/primitives_data/int/err/pickle-str-]
(P) /home/travis/build/smarie/python-parsyfiles/parsyfiles/tests/parsing_capabilities_by_type/primitives_data/int/err/pickle-str-.pyc -&gt; _NamedIntConstant ------- using &lt;read_object_from_pickle&gt;
                                                                                                                    ! CAUGHT: WrongTypeCreatedError - Error while parsing /home/travis/build/smarie/python-parsyfiles/parsyfiles/tests/parsing_capabilities_by_type/primitives_data/int/err/pickle-str- (singlefile, .pyc) as a _NamedIntConstant with parser &lt;read_object_from_pickle&gt; using options=({&apos;MultifileCollectionParser&apos;: {&apos;lazy_parsing&apos;: False}}) - parser returned an object of wrong type &lt;class &apos;str&apos;&gt;: 
(B)                                                                                                                |--pickle-str-.pyc -&gt; IntEnum ------- using &lt;read_object_from_pickle&gt;
Executing Parsing Plan for [/home/travis/build/smarie/python-parsyfiles/parsyfiles/tests/parsing_capabilities_by_type/primitives_data/int/err/pickle-str-]
(P) /home/travis/build/smarie/python-parsyfiles/parsyfiles/tests/parsing_capabilities_by_type/primitives_data/int/err/pickle-str-.pyc -&gt; IntEnum ------- using &lt;read_object_from_pickle&gt;
                                                                                                                    ! CAUGHT: WrongTypeCreatedError - Error while parsing /home/travis/build/smarie/python-parsyfiles/parsyfiles/tests/parsing_capabilities_by_type/primitives_data/int/err/pickle-str- (singlefile, .pyc) as a IntEnum with parser &lt;read_object_from_pickle&gt; using options=({&apos;MultifileCollectionParser&apos;: {&apos;lazy_parsing&apos;: False}}) - parser returned an object of wrong type &lt;class &apos;str&apos;&gt;: 
(B)                                                                                                                |--pickle-str-.pyc -&gt; Signals ------- using &lt;read_object_from_pickle&gt;
Executing Parsing Plan for [/home/travis/build/smarie/python-parsyfiles/parsyfiles/tests/parsing_capabilities_by_type/primitives_data/int/err/pickle-str-]
(P) /home/travis/build/smarie/python-parsyfiles/parsyfiles/tests/parsing_capabilities_by_type/primitives_data/int/err/pickle-str-.pyc -&gt; Signals ------- using &lt;read_object_from_pickle&gt;
                                                                                                                    ! CAUGHT: WrongTypeCreatedError - Error while parsing /home/travis/build/smarie/python-parsyfiles/parsyfiles/tests/parsing_capabilities_by_type/primitives_data/int/err/pickle-str- (singlefile, .pyc) as a Signals with parser &lt;read_object_from_pickle&gt; using options=({&apos;MultifileCollectionParser&apos;: {&apos;lazy_parsing&apos;: False}}) - parser returned an object of wrong type &lt;class &apos;str&apos;&gt;: 
(B)                                                                                                                |--pickle-str-.pyc -&gt; SocketKind ------- using &lt;read_object_from_pickle&gt;
Executing Parsing Plan for [/home/travis/build/smarie/python-parsyfiles/parsyfiles/tests/parsing_capabilities_by_type/primitives_data/int/err/pickle-str-]
(P) /home/travis/build/smarie/python-parsyfiles/parsyfiles/tests/parsing_capabilities_by_type/primitives_data/int/err/pickle-str-.pyc -&gt; SocketKind ------- using &lt;read_object_from_pickle&gt;
                                                                                                                    ! CAUGHT: WrongTypeCreatedError - Error while parsing /home/travis/build/smarie/python-parsyfiles/parsyfiles/tests/parsing_capabilities_by_type/primitives_data/int/err/pickle-str- (singlefile, .pyc) as a SocketKind with parser &lt;read_object_from_pickle&gt; using options=({&apos;MultifileCollectionParser&apos;: {&apos;lazy_parsing&apos;: False}}) - parser returned an object of wrong type &lt;class &apos;str&apos;&gt;: 
(B)                                                                                                                |--pickle-str-.pyc -&gt; HTTPStatus ------- using &lt;read_object_from_pickle&gt;
Executing Parsing Plan for [/home/travis/build/smarie/python-parsyfiles/parsyfiles/tests/parsing_capabilities_by_type/primitives_data/int/err/pickle-str-]
(P) /home/travis/build/smarie/python-parsyfiles/parsyfiles/tests/parsing_capabilities_by_type/primitives_data/int/err/pickle-str-.pyc -&gt; HTTPStatus ------- using &lt;read_object_from_pickle&gt;
                                                                                                                    ! CAUGHT: WrongTypeCreatedError - Error while parsing /home/travis/build/smarie/python-parsyfiles/parsyfiles/tests/parsing_capabilities_by_type/primitives_data/int/err/pickle-str- (singlefile, .pyc) as a HTTPStatus with parser &lt;read_object_from_pickle&gt; using options=({&apos;MultifileCollectionParser&apos;: {&apos;lazy_parsing&apos;: False}}) - parser returned an object of wrong type &lt;class &apos;str&apos;&gt;: 
(B)                                                                                                                |--pickle-str-.pyc -&gt; _SSLMethod ------- using &lt;read_object_from_pickle&gt;
Executing Parsing Plan for [/home/travis/build/smarie/python-parsyfiles/parsyfiles/tests/parsing_capabilities_by_type/primitives_data/int/err/pickle-str-]
(P) /home/travis/build/smarie/python-parsyfiles/parsyfiles/tests/parsing_capabilities_by_type/primitives_data/int/err/pickle-str-.pyc -&gt; _SSLMethod ------- using &lt;read_object_from_pickle&gt;
                                                                                                                    ! CAUGHT: WrongTypeCreatedError - Error while parsing /home/travis/build/smarie/python-parsyfiles/parsyfiles/tests/parsing_capabilities_by_type/primitives_data/int/err/pickle-str- (singlefile, .pyc) as a _SSLMethod with parser &lt;read_object_from_pickle&gt; using options=({&apos;MultifileCollectionParser&apos;: {&apos;lazy_parsing&apos;: False}}) - parser returned an object of wrong type &lt;class &apos;str&apos;&gt;: 
(B)                                                                                                                |--pickle-str-.pyc -&gt; _ParameterKind ------- using &lt;read_object_from_pickle&gt;
Executing Parsing Plan for [/home/travis/build/smarie/python-parsyfiles/parsyfiles/tests/parsing_capabilities_by_type/primitives_data/int/err/pickle-str-]
(P) /home/travis/build/smarie/python-parsyfiles/parsyfiles/tests/parsing_capabilities_by_type/primitives_data/int/err/pickle-str-.pyc -&gt; _ParameterKind ------- using &lt;read_object_from_pickle&gt;
                                                                                                                    ! CAUGHT: WrongTypeCreatedError - Error while parsing /home/travis/build/smarie/python-parsyfiles/parsyfiles/tests/parsing_capabilities_by_type/primitives_data/int/err/pickle-str- (singlefile, .pyc) as a _ParameterKind with parser &lt;read_object_from_pickle&gt; using options=({&apos;MultifileCollectionParser&apos;: {&apos;lazy_parsing&apos;: False}}) - parser returned an object of wrong type &lt;class &apos;str&apos;&gt;: 
(B)                                                                                                                |--pickle-str-.pyc -&gt; Sigmasks ------- using &lt;read_object_from_pickle&gt;
Executing Parsing Plan for [/home/travis/build/smarie/python-parsyfiles/parsyfiles/tests/parsing_capabilities_by_type/primitives_data/int/err/pickle-str-]
(P) /home/travis/build/smarie/python-parsyfiles/parsyfiles/tests/parsing_capabilities_by_type/primitives_data/int/err/pickle-str-.pyc -&gt; Sigmasks ------- using &lt;read_object_from_pickle&gt;
                                                                                                                    ! CAUGHT: WrongTypeCreatedError - Error while parsing /home/travis/build/smarie/python-parsyfiles/parsyfiles/tests/parsing_capabilities_by_type/primitives_data/int/err/pickle-str- (singlefile, .pyc) as a Sigmasks with parser &lt;read_object_from_pickle&gt; using options=({&apos;MultifileCollectionParser&apos;: {&apos;lazy_parsing&apos;: False}}) - parser returned an object of wrong type &lt;class &apos;str&apos;&gt;: 
(B)                                                                                                                |--pickle-str-.pyc -&gt; Handlers ------- using &lt;read_object_from_pickle&gt;
Executing Parsing Plan for [/home/travis/build/smarie/python-parsyfiles/parsyfiles/tests/parsing_capabilities_by_type/primitives_data/int/err/pickle-str-]
(P) /home/travis/build/smarie/python-parsyfiles/parsyfiles/tests/parsing_capabilities_by_type/primitives_data/int/err/pickle-str-.pyc -&gt; Handlers ------- using &lt;read_object_from_pickle&gt;
                                                                                                                    ! CAUGHT: WrongTypeCreatedError - Error while parsing /home/travis/build/smarie/python-parsyfiles/parsyfiles/tests/parsing_capabilities_by_type/primitives_data/int/err/pickle-str- (singlefile, .pyc) as a Handlers with parser &lt;read_object_from_pickle&gt; using options=({&apos;MultifileCollectionParser&apos;: {&apos;lazy_parsing&apos;: False}}) - parser returned an object of wrong type &lt;class &apos;str&apos;&gt;: 
(B)                                                                                                                |--pickle-str-.pyc -&gt; AddressFamily ------- using &lt;read_object_from_pickle&gt;
Executing Parsing Plan for [/home/travis/build/smarie/python-parsyfiles/parsyfiles/tests/parsing_capabilities_by_type/primitives_data/int/err/pickle-str-]
(P) /home/travis/build/smarie/python-parsyfiles/parsyfiles/tests/parsing_capabilities_by_type/primitives_data/int/err/pickle-str-.pyc -&gt; AddressFamily ------- using &lt;read_object_from_pickle&gt;
                                                                                                                    ! CAUGHT: WrongTypeCreatedError - Error while parsing /home/travis/build/smarie/python-parsyfiles/parsyfiles/tests/parsing_capabilities_by_type/primitives_data/int/err/pickle-str- (singlefile, .pyc) as a AddressFamily with parser &lt;read_object_from_pickle&gt; using options=({&apos;MultifileCollectionParser&apos;: {&apos;lazy_parsing&apos;: False}}) - parser returned an object of wrong type &lt;class &apos;str&apos;&gt;: 
</system-out></testcase><testcase classname="parsyfiles.tests.parsing_capabilities_by_type.test_parse_primitives" file="parsyfiles/tests/parsing_capabilities_by_type/test_parse_primitives.py" line="179" name="test_parse_by_type[int-err-pickle-str-truth.pyc]" time="0.09818863868713379"><system-out>**** Starting to parse single object of type &lt;int&gt; at location /home/travis/build/smarie/python-parsyfiles/parsyfiles/tests/parsing_capabilities_by_type/primitives_data/int/err/pickle-str-truth ****
Checking all files under [/home/travis/build/smarie/python-parsyfiles/parsyfiles/tests/parsing_capabilities_by_type/primitives_data/int/err/pickle-str-truth]
(C) /home/travis/build/smarie/python-parsyfiles/parsyfiles/tests/parsing_capabilities_by_type/primitives_data/int/err/pickle-str-truth (singlefile, .pyc)
File checks done

Building a parsing plan to parse [/home/travis/build/smarie/python-parsyfiles/parsyfiles/tests/parsing_capabilities_by_type/primitives_data/int/err/pickle-str-truth] into a int
(B) /home/travis/build/smarie/python-parsyfiles/parsyfiles/tests/parsing_capabilities_by_type/primitives_data/int/err/pickle-str-truth.pyc -&gt; int ------- using [Try &apos;[Try &apos;$&lt;read_object_from_pickle&gt; =&gt; &lt;bool_to_int&gt;$&apos; then &apos;$&lt;read_object_from_pickle&gt; =&gt; &lt;float_to_int&gt;$&apos; then &apos;$&lt;read_object_from_pickle&gt; =&gt; &lt;str_to_int&gt;$&apos; then &apos;$&lt;read_object_from_pickle&gt; =&gt; &lt;float_to_bool&gt;$&apos; then &apos;$&lt;read_object_from_pickle&gt; =&gt; &lt;int_to_bool&gt;$&apos; then &apos;$&lt;read_object_from_pickle&gt; =&gt; &lt;str_to_bool&gt;$&apos; then &apos;&lt;read_object_from_pickle&gt;]&apos;]&apos; -&gt; [int] then &apos;[Try &apos;$&lt;read_object_from_pickle&gt; =&gt; &lt;float_to_bool&gt;$&apos; then &apos;$&lt;read_object_from_pickle&gt; =&gt; &lt;int_to_bool&gt;$&apos; then &apos;$&lt;read_object_from_pickle&gt; =&gt; &lt;str_to_bool&gt;$&apos; then &apos;&lt;read_object_from_pickle&gt;]&apos;]&apos; -&gt; [bool] then &apos;&lt;read_object_from_pickle&gt;&apos; -&gt; [_NamedIntConstant] then &apos;&lt;read_object_from_pickle&gt;&apos; -&gt; [IntEnum] then &apos;&lt;read_object_from_pickle&gt;&apos; -&gt; [Signals] then &apos;&lt;read_object_from_pickle&gt;&apos; -&gt; [SocketKind] then &apos;&lt;read_object_from_pickle&gt;&apos; -&gt; [HTTPStatus] then &apos;&lt;read_object_from_pickle&gt;&apos; -&gt; [_SSLMethod] then &apos;&lt;read_object_from_pickle&gt;&apos; -&gt; [_ParameterKind] then &apos;&lt;read_object_from_pickle&gt;&apos; -&gt; [Sigmasks] then &apos;&lt;read_object_from_pickle&gt;&apos; -&gt; [Handlers] then &apos;&lt;read_object_from_pickle&gt;&apos; -&gt; [AddressFamily]]]
(B)                                                                                                                |--pickle-str-truth.pyc -&gt; int ------- using [Try &apos;$&lt;read_object_from_pickle&gt; =&gt; &lt;bool_to_int&gt;$&apos; then &apos;$&lt;read_object_from_pickle&gt; =&gt; &lt;float_to_int&gt;$&apos; then &apos;$&lt;read_object_from_pickle&gt; =&gt; &lt;str_to_int&gt;$&apos; then &apos;$&lt;read_object_from_pickle&gt; =&gt; &lt;float_to_bool&gt;$&apos; then &apos;$&lt;read_object_from_pickle&gt; =&gt; &lt;int_to_bool&gt;$&apos; then &apos;$&lt;read_object_from_pickle&gt; =&gt; &lt;str_to_bool&gt;$&apos; then &apos;&lt;read_object_from_pickle&gt;]&apos;]
(B)                                                                                                                |--pickle-str-truth.pyc -&gt; int ------- using $&lt;read_object_from_pickle&gt; =&gt; &lt;bool_to_int&gt;$
Parsing Plan created successfully

Executing Parsing Plan for [/home/travis/build/smarie/python-parsyfiles/parsyfiles/tests/parsing_capabilities_by_type/primitives_data/int/err/pickle-str-truth]
(P) /home/travis/build/smarie/python-parsyfiles/parsyfiles/tests/parsing_capabilities_by_type/primitives_data/int/err/pickle-str-truth.pyc -&gt; int ------- using $&lt;read_object_from_pickle&gt; =&gt; &lt;bool_to_int&gt;$
  !! Caught error during execution !!
  File &quot;/home/travis/build/smarie/python-parsyfiles/parsyfiles/parsing_core.py&quot;, line 177, in _execute
    self.get_singlefile_encoding(), logger, options)
  File &quot;/home/travis/build/smarie/python-parsyfiles/parsyfiles/parsing_combining_parsers.py&quot;, line 598, in _parse_singlefile
    return self._converter.convert(desired_type, first, logger, options)
  File &quot;/home/travis/build/smarie/python-parsyfiles/parsyfiles/converting_core.py&quot;, line 321, in convert
    raise ConversionException.create_not_able_to_convert(source_obj, self, desired_type)
  ConversionException : Converter $&lt;bool_to_int&gt;$ is not able to ingest source value &apos;truth&apos; of type &apos;str&apos; and/or convert it to type &apos;int&apos;. This can happen in a chain when the previous step in the chain is generic and actually produced  an output of the wrong type/content
(B)                                                                                                                |--pickle-str-truth.pyc -&gt; int ------- using $&lt;read_object_from_pickle&gt; =&gt; &lt;float_to_int&gt;$
Executing Parsing Plan for [/home/travis/build/smarie/python-parsyfiles/parsyfiles/tests/parsing_capabilities_by_type/primitives_data/int/err/pickle-str-truth]
(P) /home/travis/build/smarie/python-parsyfiles/parsyfiles/tests/parsing_capabilities_by_type/primitives_data/int/err/pickle-str-truth.pyc -&gt; int ------- using $&lt;read_object_from_pickle&gt; =&gt; &lt;float_to_int&gt;$
  !! Caught error during execution !!
  File &quot;/home/travis/build/smarie/python-parsyfiles/parsyfiles/parsing_core.py&quot;, line 177, in _execute
    self.get_singlefile_encoding(), logger, options)
  File &quot;/home/travis/build/smarie/python-parsyfiles/parsyfiles/parsing_combining_parsers.py&quot;, line 598, in _parse_singlefile
    return self._converter.convert(desired_type, first, logger, options)
  File &quot;/home/travis/build/smarie/python-parsyfiles/parsyfiles/converting_core.py&quot;, line 321, in convert
    raise ConversionException.create_not_able_to_convert(source_obj, self, desired_type)
  ConversionException : Converter $&lt;float_to_int&gt;$ is not able to ingest source value &apos;truth&apos; of type &apos;str&apos; and/or convert it to type &apos;int&apos;. This can happen in a chain when the previous step in the chain is generic and actually produced  an output of the wrong type/content
(B)                                                                                                                |--pickle-str-truth.pyc -&gt; int ------- using $&lt;read_object_from_pickle&gt; =&gt; &lt;str_to_int&gt;$
Executing Parsing Plan for [/home/travis/build/smarie/python-parsyfiles/parsyfiles/tests/parsing_capabilities_by_type/primitives_data/int/err/pickle-str-truth]
(P) /home/travis/build/smarie/python-parsyfiles/parsyfiles/tests/parsing_capabilities_by_type/primitives_data/int/err/pickle-str-truth.pyc -&gt; int ------- using $&lt;read_object_from_pickle&gt; =&gt; &lt;str_to_int&gt;$
  !! Caught error during execution !!
  File &quot;/home/travis/build/smarie/python-parsyfiles/parsyfiles/plugins_base/support_for_primitive_types.py&quot;, line 37, in primitive_to_int
    source = literal_eval(source)
  File &quot;/opt/python/3.5.5/lib/python3.5/ast.py&quot;, line 84, in literal_eval
    return _convert(node_or_string)
  File &quot;/opt/python/3.5.5/lib/python3.5/ast.py&quot;, line 83, in _convert
    raise ValueError(&apos;malformed node or string: &apos; + repr(node))
  ValueError : malformed node or string: &lt;_ast.Name object at 0x7f33d49626a0&gt;
(B)                                                                                                                |--pickle-str-truth.pyc -&gt; int ------- using $&lt;read_object_from_pickle&gt; =&gt; &lt;float_to_bool&gt;$
Executing Parsing Plan for [/home/travis/build/smarie/python-parsyfiles/parsyfiles/tests/parsing_capabilities_by_type/primitives_data/int/err/pickle-str-truth]
(P) /home/travis/build/smarie/python-parsyfiles/parsyfiles/tests/parsing_capabilities_by_type/primitives_data/int/err/pickle-str-truth.pyc -&gt; int ------- using $&lt;read_object_from_pickle&gt; =&gt; &lt;float_to_bool&gt;$
  !! Caught error during execution !!
  File &quot;/home/travis/build/smarie/python-parsyfiles/parsyfiles/parsing_core.py&quot;, line 177, in _execute
    self.get_singlefile_encoding(), logger, options)
  File &quot;/home/travis/build/smarie/python-parsyfiles/parsyfiles/parsing_combining_parsers.py&quot;, line 598, in _parse_singlefile
    return self._converter.convert(desired_type, first, logger, options)
  File &quot;/home/travis/build/smarie/python-parsyfiles/parsyfiles/converting_core.py&quot;, line 321, in convert
    raise ConversionException.create_not_able_to_convert(source_obj, self, desired_type)
  ConversionException : Converter $&lt;float_to_bool&gt;$ is not able to ingest source value &apos;truth&apos; of type &apos;str&apos; and/or convert it to type &apos;int&apos;. This can happen in a chain when the previous step in the chain is generic and actually produced  an output of the wrong type/content
(B)                                                                                                                |--pickle-str-truth.pyc -&gt; int ------- using $&lt;read_object_from_pickle&gt; =&gt; &lt;int_to_bool&gt;$
Executing Parsing Plan for [/home/travis/build/smarie/python-parsyfiles/parsyfiles/tests/parsing_capabilities_by_type/primitives_data/int/err/pickle-str-truth]
(P) /home/travis/build/smarie/python-parsyfiles/parsyfiles/tests/parsing_capabilities_by_type/primitives_data/int/err/pickle-str-truth.pyc -&gt; int ------- using $&lt;read_object_from_pickle&gt; =&gt; &lt;int_to_bool&gt;$
  !! Caught error during execution !!
  File &quot;/home/travis/build/smarie/python-parsyfiles/parsyfiles/parsing_core.py&quot;, line 177, in _execute
    self.get_singlefile_encoding(), logger, options)
  File &quot;/home/travis/build/smarie/python-parsyfiles/parsyfiles/parsing_combining_parsers.py&quot;, line 598, in _parse_singlefile
    return self._converter.convert(desired_type, first, logger, options)
  File &quot;/home/travis/build/smarie/python-parsyfiles/parsyfiles/converting_core.py&quot;, line 321, in convert
    raise ConversionException.create_not_able_to_convert(source_obj, self, desired_type)
  ConversionException : Converter $&lt;int_to_bool&gt;$ is not able to ingest source value &apos;truth&apos; of type &apos;str&apos; and/or convert it to type &apos;int&apos;. This can happen in a chain when the previous step in the chain is generic and actually produced  an output of the wrong type/content
(B)                                                                                                                |--pickle-str-truth.pyc -&gt; int ------- using $&lt;read_object_from_pickle&gt; =&gt; &lt;str_to_bool&gt;$
Executing Parsing Plan for [/home/travis/build/smarie/python-parsyfiles/parsyfiles/tests/parsing_capabilities_by_type/primitives_data/int/err/pickle-str-truth]
(P) /home/travis/build/smarie/python-parsyfiles/parsyfiles/tests/parsing_capabilities_by_type/primitives_data/int/err/pickle-str-truth.pyc -&gt; int ------- using $&lt;read_object_from_pickle&gt; =&gt; &lt;str_to_bool&gt;$
  !! Caught error during execution !!
  File &quot;/home/travis/build/smarie/python-parsyfiles/parsyfiles/converting_core.py&quot;, line 524, in _convert
    return self.conversion_method(desired_type, source_obj, logger, **opts)
  File &quot;/home/travis/build/smarie/python-parsyfiles/parsyfiles/plugins_base/support_for_primitive_types.py&quot;, line 84, in primitive_to_bool
    return bool(strtobool(source))
  File &quot;/opt/python/3.5.5/lib/python3.5/distutils/util.py&quot;, line 317, in strtobool
    raise ValueError(&quot;invalid truth value %r&quot; % (val,))
  ValueError : invalid truth value &apos;truth&apos;
(B)                                                                                                                |--pickle-str-truth.pyc -&gt; int ------- using &lt;read_object_from_pickle&gt;
Executing Parsing Plan for [/home/travis/build/smarie/python-parsyfiles/parsyfiles/tests/parsing_capabilities_by_type/primitives_data/int/err/pickle-str-truth]
(P) /home/travis/build/smarie/python-parsyfiles/parsyfiles/tests/parsing_capabilities_by_type/primitives_data/int/err/pickle-str-truth.pyc -&gt; int ------- using &lt;read_object_from_pickle&gt;
                                                                                                                    ! CAUGHT: WrongTypeCreatedError - Error while parsing /home/travis/build/smarie/python-parsyfiles/parsyfiles/tests/parsing_capabilities_by_type/primitives_data/int/err/pickle-str-truth (singlefile, .pyc) as a int with parser &lt;read_object_from_pickle&gt; using options=({&apos;MultifileCollectionParser&apos;: {&apos;lazy_parsing&apos;: False}}) - parser returned an object of wrong type &lt;class &apos;str&apos;&gt;: truth
                                                                                                                    ! CAUGHT: CascadeError - See previous log messages for details
(B)                                                                                                                |--pickle-str-truth.pyc -&gt; bool ------- using [Try &apos;$&lt;read_object_from_pickle&gt; =&gt; &lt;float_to_bool&gt;$&apos; then &apos;$&lt;read_object_from_pickle&gt; =&gt; &lt;int_to_bool&gt;$&apos; then &apos;$&lt;read_object_from_pickle&gt; =&gt; &lt;str_to_bool&gt;$&apos; then &apos;&lt;read_object_from_pickle&gt;]&apos;]
(B)                                                                                                                |--pickle-str-truth.pyc -&gt; bool ------- using $&lt;read_object_from_pickle&gt; =&gt; &lt;float_to_bool&gt;$
Executing Parsing Plan for [/home/travis/build/smarie/python-parsyfiles/parsyfiles/tests/parsing_capabilities_by_type/primitives_data/int/err/pickle-str-truth]
(P) /home/travis/build/smarie/python-parsyfiles/parsyfiles/tests/parsing_capabilities_by_type/primitives_data/int/err/pickle-str-truth.pyc -&gt; bool ------- using $&lt;read_object_from_pickle&gt; =&gt; &lt;float_to_bool&gt;$
  !! Caught error during execution !!
  File &quot;/home/travis/build/smarie/python-parsyfiles/parsyfiles/parsing_core.py&quot;, line 177, in _execute
    self.get_singlefile_encoding(), logger, options)
  File &quot;/home/travis/build/smarie/python-parsyfiles/parsyfiles/parsing_combining_parsers.py&quot;, line 598, in _parse_singlefile
    return self._converter.convert(desired_type, first, logger, options)
  File &quot;/home/travis/build/smarie/python-parsyfiles/parsyfiles/converting_core.py&quot;, line 321, in convert
    raise ConversionException.create_not_able_to_convert(source_obj, self, desired_type)
  ConversionException : Converter $&lt;float_to_bool&gt;$ is not able to ingest source value &apos;truth&apos; of type &apos;str&apos; and/or convert it to type &apos;bool&apos;. This can happen in a chain when the previous step in the chain is generic and actually produced  an output of the wrong type/content
(B)                                                                                                                |--pickle-str-truth.pyc -&gt; bool ------- using $&lt;read_object_from_pickle&gt; =&gt; &lt;int_to_bool&gt;$
Executing Parsing Plan for [/home/travis/build/smarie/python-parsyfiles/parsyfiles/tests/parsing_capabilities_by_type/primitives_data/int/err/pickle-str-truth]
(P) /home/travis/build/smarie/python-parsyfiles/parsyfiles/tests/parsing_capabilities_by_type/primitives_data/int/err/pickle-str-truth.pyc -&gt; bool ------- using $&lt;read_object_from_pickle&gt; =&gt; &lt;int_to_bool&gt;$
  !! Caught error during execution !!
  File &quot;/home/travis/build/smarie/python-parsyfiles/parsyfiles/parsing_core.py&quot;, line 177, in _execute
    self.get_singlefile_encoding(), logger, options)
  File &quot;/home/travis/build/smarie/python-parsyfiles/parsyfiles/parsing_combining_parsers.py&quot;, line 598, in _parse_singlefile
    return self._converter.convert(desired_type, first, logger, options)
  File &quot;/home/travis/build/smarie/python-parsyfiles/parsyfiles/converting_core.py&quot;, line 321, in convert
    raise ConversionException.create_not_able_to_convert(source_obj, self, desired_type)
  ConversionException : Converter $&lt;int_to_bool&gt;$ is not able to ingest source value &apos;truth&apos; of type &apos;str&apos; and/or convert it to type &apos;bool&apos;. This can happen in a chain when the previous step in the chain is generic and actually produced  an output of the wrong type/content
(B)                                                                                                                |--pickle-str-truth.pyc -&gt; bool ------- using $&lt;read_object_from_pickle&gt; =&gt; &lt;str_to_bool&gt;$
Executing Parsing Plan for [/home/travis/build/smarie/python-parsyfiles/parsyfiles/tests/parsing_capabilities_by_type/primitives_data/int/err/pickle-str-truth]
(P) /home/travis/build/smarie/python-parsyfiles/parsyfiles/tests/parsing_capabilities_by_type/primitives_data/int/err/pickle-str-truth.pyc -&gt; bool ------- using $&lt;read_object_from_pickle&gt; =&gt; &lt;str_to_bool&gt;$
  !! Caught error during execution !!
  File &quot;/home/travis/build/smarie/python-parsyfiles/parsyfiles/converting_core.py&quot;, line 524, in _convert
    return self.conversion_method(desired_type, source_obj, logger, **opts)
  File &quot;/home/travis/build/smarie/python-parsyfiles/parsyfiles/plugins_base/support_for_primitive_types.py&quot;, line 84, in primitive_to_bool
    return bool(strtobool(source))
  File &quot;/opt/python/3.5.5/lib/python3.5/distutils/util.py&quot;, line 317, in strtobool
    raise ValueError(&quot;invalid truth value %r&quot; % (val,))
  ValueError : invalid truth value &apos;truth&apos;
(B)                                                                                                                |--pickle-str-truth.pyc -&gt; bool ------- using &lt;read_object_from_pickle&gt;
Executing Parsing Plan for [/home/travis/build/smarie/python-parsyfiles/parsyfiles/tests/parsing_capabilities_by_type/primitives_data/int/err/pickle-str-truth]
(P) /home/travis/build/smarie/python-parsyfiles/parsyfiles/tests/parsing_capabilities_by_type/primitives_data/int/err/pickle-str-truth.pyc -&gt; bool ------- using &lt;read_object_from_pickle&gt;
                                                                                                                    ! CAUGHT: WrongTypeCreatedError - Error while parsing /home/travis/build/smarie/python-parsyfiles/parsyfiles/tests/parsing_capabilities_by_type/primitives_data/int/err/pickle-str-truth (singlefile, .pyc) as a bool with parser &lt;read_object_from_pickle&gt; using options=({&apos;MultifileCollectionParser&apos;: {&apos;lazy_parsing&apos;: False}}) - parser returned an object of wrong type &lt;class &apos;str&apos;&gt;: truth
                                                                                                                    ! CAUGHT: CascadeError - See previous log messages for details
(B)                                                                                                                |--pickle-str-truth.pyc -&gt; _NamedIntConstant ------- using &lt;read_object_from_pickle&gt;
Executing Parsing Plan for [/home/travis/build/smarie/python-parsyfiles/parsyfiles/tests/parsing_capabilities_by_type/primitives_data/int/err/pickle-str-truth]
(P) /home/travis/build/smarie/python-parsyfiles/parsyfiles/tests/parsing_capabilities_by_type/primitives_data/int/err/pickle-str-truth.pyc -&gt; _NamedIntConstant ------- using &lt;read_object_from_pickle&gt;
                                                                                                                    ! CAUGHT: WrongTypeCreatedError - Error while parsing /home/travis/build/smarie/python-parsyfiles/parsyfiles/tests/parsing_capabilities_by_type/primitives_data/int/err/pickle-str-truth (singlefile, .pyc) as a _NamedIntConstant with parser &lt;read_object_from_pickle&gt; using options=({&apos;MultifileCollectionParser&apos;: {&apos;lazy_parsing&apos;: False}}) - parser returned an object of wrong type &lt;class &apos;str&apos;&gt;: truth
(B)                                                                                                                |--pickle-str-truth.pyc -&gt; IntEnum ------- using &lt;read_object_from_pickle&gt;
Executing Parsing Plan for [/home/travis/build/smarie/python-parsyfiles/parsyfiles/tests/parsing_capabilities_by_type/primitives_data/int/err/pickle-str-truth]
(P) /home/travis/build/smarie/python-parsyfiles/parsyfiles/tests/parsing_capabilities_by_type/primitives_data/int/err/pickle-str-truth.pyc -&gt; IntEnum ------- using &lt;read_object_from_pickle&gt;
                                                                                                                    ! CAUGHT: WrongTypeCreatedError - Error while parsing /home/travis/build/smarie/python-parsyfiles/parsyfiles/tests/parsing_capabilities_by_type/primitives_data/int/err/pickle-str-truth (singlefile, .pyc) as a IntEnum with parser &lt;read_object_from_pickle&gt; using options=({&apos;MultifileCollectionParser&apos;: {&apos;lazy_parsing&apos;: False}}) - parser returned an object of wrong type &lt;class &apos;str&apos;&gt;: truth
(B)                                                                                                                |--pickle-str-truth.pyc -&gt; Signals ------- using &lt;read_object_from_pickle&gt;
Executing Parsing Plan for [/home/travis/build/smarie/python-parsyfiles/parsyfiles/tests/parsing_capabilities_by_type/primitives_data/int/err/pickle-str-truth]
(P) /home/travis/build/smarie/python-parsyfiles/parsyfiles/tests/parsing_capabilities_by_type/primitives_data/int/err/pickle-str-truth.pyc -&gt; Signals ------- using &lt;read_object_from_pickle&gt;
                                                                                                                    ! CAUGHT: WrongTypeCreatedError - Error while parsing /home/travis/build/smarie/python-parsyfiles/parsyfiles/tests/parsing_capabilities_by_type/primitives_data/int/err/pickle-str-truth (singlefile, .pyc) as a Signals with parser &lt;read_object_from_pickle&gt; using options=({&apos;MultifileCollectionParser&apos;: {&apos;lazy_parsing&apos;: False}}) - parser returned an object of wrong type &lt;class &apos;str&apos;&gt;: truth
(B)                                                                                                                |--pickle-str-truth.pyc -&gt; SocketKind ------- using &lt;read_object_from_pickle&gt;
Executing Parsing Plan for [/home/travis/build/smarie/python-parsyfiles/parsyfiles/tests/parsing_capabilities_by_type/primitives_data/int/err/pickle-str-truth]
(P) /home/travis/build/smarie/python-parsyfiles/parsyfiles/tests/parsing_capabilities_by_type/primitives_data/int/err/pickle-str-truth.pyc -&gt; SocketKind ------- using &lt;read_object_from_pickle&gt;
                                                                                                                    ! CAUGHT: WrongTypeCreatedError - Error while parsing /home/travis/build/smarie/python-parsyfiles/parsyfiles/tests/parsing_capabilities_by_type/primitives_data/int/err/pickle-str-truth (singlefile, .pyc) as a SocketKind with parser &lt;read_object_from_pickle&gt; using options=({&apos;MultifileCollectionParser&apos;: {&apos;lazy_parsing&apos;: False}}) - parser returned an object of wrong type &lt;class &apos;str&apos;&gt;: truth
(B)                                                                                                                |--pickle-str-truth.pyc -&gt; HTTPStatus ------- using &lt;read_object_from_pickle&gt;
Executing Parsing Plan for [/home/travis/build/smarie/python-parsyfiles/parsyfiles/tests/parsing_capabilities_by_type/primitives_data/int/err/pickle-str-truth]
(P) /home/travis/build/smarie/python-parsyfiles/parsyfiles/tests/parsing_capabilities_by_type/primitives_data/int/err/pickle-str-truth.pyc -&gt; HTTPStatus ------- using &lt;read_object_from_pickle&gt;
                                                                                                                    ! CAUGHT: WrongTypeCreatedError - Error while parsing /home/travis/build/smarie/python-parsyfiles/parsyfiles/tests/parsing_capabilities_by_type/primitives_data/int/err/pickle-str-truth (singlefile, .pyc) as a HTTPStatus with parser &lt;read_object_from_pickle&gt; using options=({&apos;MultifileCollectionParser&apos;: {&apos;lazy_parsing&apos;: False}}) - parser returned an object of wrong type &lt;class &apos;str&apos;&gt;: truth
(B)                                                                                                                |--pickle-str-truth.pyc -&gt; _SSLMethod ------- using &lt;read_object_from_pickle&gt;
Executing Parsing Plan for [/home/travis/build/smarie/python-parsyfiles/parsyfiles/tests/parsing_capabilities_by_type/primitives_data/int/err/pickle-str-truth]
(P) /home/travis/build/smarie/python-parsyfiles/parsyfiles/tests/parsing_capabilities_by_type/primitives_data/int/err/pickle-str-truth.pyc -&gt; _SSLMethod ------- using &lt;read_object_from_pickle&gt;
                                                                                                                    ! CAUGHT: WrongTypeCreatedError - Error while parsing /home/travis/build/smarie/python-parsyfiles/parsyfiles/tests/parsing_capabilities_by_type/primitives_data/int/err/pickle-str-truth (singlefile, .pyc) as a _SSLMethod with parser &lt;read_object_from_pickle&gt; using options=({&apos;MultifileCollectionParser&apos;: {&apos;lazy_parsing&apos;: False}}) - parser returned an object of wrong type &lt;class &apos;str&apos;&gt;: truth
(B)                                                                                                                |--pickle-str-truth.pyc -&gt; _ParameterKind ------- using &lt;read_object_from_pickle&gt;
Executing Parsing Plan for [/home/travis/build/smarie/python-parsyfiles/parsyfiles/tests/parsing_capabilities_by_type/primitives_data/int/err/pickle-str-truth]
(P) /home/travis/build/smarie/python-parsyfiles/parsyfiles/tests/parsing_capabilities_by_type/primitives_data/int/err/pickle-str-truth.pyc -&gt; _ParameterKind ------- using &lt;read_object_from_pickle&gt;
                                                                                                                    ! CAUGHT: WrongTypeCreatedError - Error while parsing /home/travis/build/smarie/python-parsyfiles/parsyfiles/tests/parsing_capabilities_by_type/primitives_data/int/err/pickle-str-truth (singlefile, .pyc) as a _ParameterKind with parser &lt;read_object_from_pickle&gt; using options=({&apos;MultifileCollectionParser&apos;: {&apos;lazy_parsing&apos;: False}}) - parser returned an object of wrong type &lt;class &apos;str&apos;&gt;: truth
(B)                                                                                                                |--pickle-str-truth.pyc -&gt; Sigmasks ------- using &lt;read_object_from_pickle&gt;
Executing Parsing Plan for [/home/travis/build/smarie/python-parsyfiles/parsyfiles/tests/parsing_capabilities_by_type/primitives_data/int/err/pickle-str-truth]
(P) /home/travis/build/smarie/python-parsyfiles/parsyfiles/tests/parsing_capabilities_by_type/primitives_data/int/err/pickle-str-truth.pyc -&gt; Sigmasks ------- using &lt;read_object_from_pickle&gt;
                                                                                                                    ! CAUGHT: WrongTypeCreatedError - Error while parsing /home/travis/build/smarie/python-parsyfiles/parsyfiles/tests/parsing_capabilities_by_type/primitives_data/int/err/pickle-str-truth (singlefile, .pyc) as a Sigmasks with parser &lt;read_object_from_pickle&gt; using options=({&apos;MultifileCollectionParser&apos;: {&apos;lazy_parsing&apos;: False}}) - parser returned an object of wrong type &lt;class &apos;str&apos;&gt;: truth
(B)                                                                                                                |--pickle-str-truth.pyc -&gt; Handlers ------- using &lt;read_object_from_pickle&gt;
Executing Parsing Plan for [/home/travis/build/smarie/python-parsyfiles/parsyfiles/tests/parsing_capabilities_by_type/primitives_data/int/err/pickle-str-truth]
(P) /home/travis/build/smarie/python-parsyfiles/parsyfiles/tests/parsing_capabilities_by_type/primitives_data/int/err/pickle-str-truth.pyc -&gt; Handlers ------- using &lt;read_object_from_pickle&gt;
                                                                                                                    ! CAUGHT: WrongTypeCreatedError - Error while parsing /home/travis/build/smarie/python-parsyfiles/parsyfiles/tests/parsing_capabilities_by_type/primitives_data/int/err/pickle-str-truth (singlefile, .pyc) as a Handlers with parser &lt;read_object_from_pickle&gt; using options=({&apos;MultifileCollectionParser&apos;: {&apos;lazy_parsing&apos;: False}}) - parser returned an object of wrong type &lt;class &apos;str&apos;&gt;: truth
(B)                                                                                                                |--pickle-str-truth.pyc -&gt; AddressFamily ------- using &lt;read_object_from_pickle&gt;
Executing Parsing Plan for [/home/travis/build/smarie/python-parsyfiles/parsyfiles/tests/parsing_capabilities_by_type/primitives_data/int/err/pickle-str-truth]
(P) /home/travis/build/smarie/python-parsyfiles/parsyfiles/tests/parsing_capabilities_by_type/primitives_data/int/err/pickle-str-truth.pyc -&gt; AddressFamily ------- using &lt;read_object_from_pickle&gt;
                                                                                                                    ! CAUGHT: WrongTypeCreatedError - Error while parsing /home/travis/build/smarie/python-parsyfiles/parsyfiles/tests/parsing_capabilities_by_type/primitives_data/int/err/pickle-str-truth (singlefile, .pyc) as a AddressFamily with parser &lt;read_object_from_pickle&gt; using options=({&apos;MultifileCollectionParser&apos;: {&apos;lazy_parsing&apos;: False}}) - parser returned an object of wrong type &lt;class &apos;str&apos;&gt;: truth
</system-out></testcase><testcase classname="parsyfiles.tests.parsing_capabilities_by_type.test_parse_primitives" file="parsyfiles/tests/parsing_capabilities_by_type/test_parse_primitives.py" line="179" name="test_parse_by_type[int-err-txt-str-.txt]" time="0.14084315299987793"><system-out>**** Starting to parse single object of type &lt;int&gt; at location /home/travis/build/smarie/python-parsyfiles/parsyfiles/tests/parsing_capabilities_by_type/primitives_data/int/err/txt-str- ****
Checking all files under [/home/travis/build/smarie/python-parsyfiles/parsyfiles/tests/parsing_capabilities_by_type/primitives_data/int/err/txt-str-]
(C) /home/travis/build/smarie/python-parsyfiles/parsyfiles/tests/parsing_capabilities_by_type/primitives_data/int/err/txt-str- (singlefile, .txt)
File checks done

Building a parsing plan to parse [/home/travis/build/smarie/python-parsyfiles/parsyfiles/tests/parsing_capabilities_by_type/primitives_data/int/err/txt-str-] into a int
(B) /home/travis/build/smarie/python-parsyfiles/parsyfiles/tests/parsing_capabilities_by_type/primitives_data/int/err/txt-str-.txt -&gt; int ------- using [Try &apos;[Try &apos;$&lt;read_str_from_txt&gt; =&gt; &lt;str_to_int&gt;$&apos; then &apos;$&lt;read_str_from_txt&gt; =&gt; &lt;base64_ascii_str_pickle_to_object&gt; -&gt; &lt;bool_to_int&gt;$&apos; then &apos;$&lt;read_str_from_txt&gt; =&gt; &lt;base64_ascii_str_pickle_to_object&gt; -&gt; &lt;float_to_int&gt;$&apos; then &apos;$&lt;read_str_from_txt&gt; =&gt; &lt;base64_ascii_str_pickle_to_object&gt; -&gt; &lt;str_to_int&gt;$&apos; then &apos;$&lt;read_str_from_txt&gt; =&gt; &lt;str_to_bool&gt;$&apos; then &apos;$&lt;read_str_from_txt&gt; =&gt; &lt;base64_ascii_str_pickle_to_object&gt; -&gt; &lt;float_to_bool&gt;$&apos; then &apos;$&lt;read_str_from_txt&gt; =&gt; &lt;base64_ascii_str_pickle_to_object&gt; -&gt; &lt;int_to_bool&gt;$&apos; then &apos;$&lt;read_str_from_txt&gt; =&gt; &lt;base64_ascii_str_pickle_to_object&gt; -&gt; &lt;str_to_bool&gt;$&apos; then &apos;$&lt;read_str_from_txt&gt; =&gt; &lt;base64_ascii_str_pickle_to_object&gt;$]&apos;]&apos; -&gt; [int] then &apos;[Try &apos;$&lt;read_str_from_txt&gt; =&gt; &lt;str_to_bool&gt;$&apos; then &apos;$&lt;read_str_from_txt&gt; =&gt; &lt;base64_ascii_str_pickle_to_object&gt; -&gt; &lt;float_to_bool&gt;$&apos; then &apos;$&lt;read_str_from_txt&gt; =&gt; &lt;base64_ascii_str_pickle_to_object&gt; -&gt; &lt;int_to_bool&gt;$&apos; then &apos;$&lt;read_str_from_txt&gt; =&gt; &lt;base64_ascii_str_pickle_to_object&gt; -&gt; &lt;str_to_bool&gt;$&apos; then &apos;$&lt;read_str_from_txt&gt; =&gt; &lt;base64_ascii_str_pickle_to_object&gt;$]&apos;]&apos; -&gt; [bool] then &apos;[Try &apos;$&lt;read_str_from_txt&gt; =&gt; &lt;constructor_with_str_arg&gt;$&apos; then &apos;$&lt;read_str_from_txt&gt; =&gt; &lt;base64_ascii_str_pickle_to_object&gt;$]&apos;]&apos; -&gt; [_NamedIntConstant] then &apos;[Try &apos;$&lt;read_str_from_txt&gt; =&gt; &lt;constructor_with_str_arg&gt;$&apos; then &apos;$&lt;read_str_from_txt&gt; =&gt; &lt;base64_ascii_str_pickle_to_object&gt;$]&apos;]&apos; -&gt; [IntEnum] then &apos;[Try &apos;$&lt;read_str_from_txt&gt; =&gt; &lt;constructor_with_str_arg&gt;$&apos; then &apos;$&lt;read_str_from_txt&gt; =&gt; &lt;base64_ascii_str_pickle_to_object&gt;$]&apos;]&apos; -&gt; [Signals] then &apos;[Try &apos;$&lt;read_str_from_txt&gt; =&gt; &lt;constructor_with_str_arg&gt;$&apos; then &apos;$&lt;read_str_from_txt&gt; =&gt; &lt;base64_ascii_str_pickle_to_object&gt;$]&apos;]&apos; -&gt; [SocketKind] then &apos;[Try &apos;$&lt;read_str_from_txt&gt; =&gt; &lt;constructor_with_str_arg&gt;$&apos; then &apos;$&lt;read_str_from_txt&gt; =&gt; &lt;base64_ascii_str_pickle_to_object&gt;$]&apos;]&apos; -&gt; [HTTPStatus] then &apos;[Try &apos;$&lt;read_str_from_txt&gt; =&gt; &lt;constructor_with_str_arg&gt;$&apos; then &apos;$&lt;read_str_from_txt&gt; =&gt; &lt;base64_ascii_str_pickle_to_object&gt;$]&apos;]&apos; -&gt; [_SSLMethod] then &apos;[Try &apos;$&lt;read_str_from_txt&gt; =&gt; &lt;constructor_with_str_arg&gt;$&apos; then &apos;$&lt;read_str_from_txt&gt; =&gt; &lt;base64_ascii_str_pickle_to_object&gt;$]&apos;]&apos; -&gt; [_ParameterKind] then &apos;[Try &apos;$&lt;read_str_from_txt&gt; =&gt; &lt;constructor_with_str_arg&gt;$&apos; then &apos;$&lt;read_str_from_txt&gt; =&gt; &lt;base64_ascii_str_pickle_to_object&gt;$]&apos;]&apos; -&gt; [Sigmasks] then &apos;[Try &apos;$&lt;read_str_from_txt&gt; =&gt; &lt;constructor_with_str_arg&gt;$&apos; then &apos;$&lt;read_str_from_txt&gt; =&gt; &lt;base64_ascii_str_pickle_to_object&gt;$]&apos;]&apos; -&gt; [Handlers] then &apos;[Try &apos;$&lt;read_str_from_txt&gt; =&gt; &lt;constructor_with_str_arg&gt;$&apos; then &apos;$&lt;read_str_from_txt&gt; =&gt; &lt;base64_ascii_str_pickle_to_object&gt;$]&apos;]&apos; -&gt; [AddressFamily]]]
(B)                                                                                                                |--txt-str-.txt -&gt; int ------- using [Try &apos;$&lt;read_str_from_txt&gt; =&gt; &lt;str_to_int&gt;$&apos; then &apos;$&lt;read_str_from_txt&gt; =&gt; &lt;base64_ascii_str_pickle_to_object&gt; -&gt; &lt;bool_to_int&gt;$&apos; then &apos;$&lt;read_str_from_txt&gt; =&gt; &lt;base64_ascii_str_pickle_to_object&gt; -&gt; &lt;float_to_int&gt;$&apos; then &apos;$&lt;read_str_from_txt&gt; =&gt; &lt;base64_ascii_str_pickle_to_object&gt; -&gt; &lt;str_to_int&gt;$&apos; then &apos;$&lt;read_str_from_txt&gt; =&gt; &lt;str_to_bool&gt;$&apos; then &apos;$&lt;read_str_from_txt&gt; =&gt; &lt;base64_ascii_str_pickle_to_object&gt; -&gt; &lt;float_to_bool&gt;$&apos; then &apos;$&lt;read_str_from_txt&gt; =&gt; &lt;base64_ascii_str_pickle_to_object&gt; -&gt; &lt;int_to_bool&gt;$&apos; then &apos;$&lt;read_str_from_txt&gt; =&gt; &lt;base64_ascii_str_pickle_to_object&gt; -&gt; &lt;str_to_bool&gt;$&apos; then &apos;$&lt;read_str_from_txt&gt; =&gt; &lt;base64_ascii_str_pickle_to_object&gt;$]&apos;]
(B)                                                                                                                |--txt-str-.txt -&gt; int ------- using $&lt;read_str_from_txt&gt; =&gt; &lt;str_to_int&gt;$
Parsing Plan created successfully

Executing Parsing Plan for [/home/travis/build/smarie/python-parsyfiles/parsyfiles/tests/parsing_capabilities_by_type/primitives_data/int/err/txt-str-]
(P) /home/travis/build/smarie/python-parsyfiles/parsyfiles/tests/parsing_capabilities_by_type/primitives_data/int/err/txt-str-.txt -&gt; int ------- using $&lt;read_str_from_txt&gt; =&gt; &lt;str_to_int&gt;$
  !! Caught error during execution !!
  File &quot;/home/travis/build/smarie/python-parsyfiles/parsyfiles/plugins_base/support_for_primitive_types.py&quot;, line 37, in primitive_to_int
    source = literal_eval(source)
  File &quot;/opt/python/3.5.5/lib/python3.5/ast.py&quot;, line 46, in literal_eval
    node_or_string = parse(node_or_string, mode=&apos;eval&apos;)
  File &quot;/opt/python/3.5.5/lib/python3.5/ast.py&quot;, line 35, in parse
    return compile(source, filename, mode, PyCF_ONLY_AST)
  SyntaxError : unexpected EOF while parsing (&lt;unknown&gt;, line 0)
(B)                                                                                                                |--txt-str-.txt -&gt; int ------- using $&lt;read_str_from_txt&gt; =&gt; &lt;base64_ascii_str_pickle_to_object&gt; -&gt; &lt;bool_to_int&gt;$
Executing Parsing Plan for [/home/travis/build/smarie/python-parsyfiles/parsyfiles/tests/parsing_capabilities_by_type/primitives_data/int/err/txt-str-]
(P) /home/travis/build/smarie/python-parsyfiles/parsyfiles/tests/parsing_capabilities_by_type/primitives_data/int/err/txt-str-.txt -&gt; int ------- using $&lt;read_str_from_txt&gt; =&gt; &lt;base64_ascii_str_pickle_to_object&gt; -&gt; &lt;bool_to_int&gt;$
  !! Caught error during execution !!
  File &quot;/home/travis/build/smarie/python-parsyfiles/parsyfiles/converting_core.py&quot;, line 319, in convert
    return self._convert(desired_type, source_obj, logger, options)
  File &quot;/home/travis/build/smarie/python-parsyfiles/parsyfiles/converting_core.py&quot;, line 524, in _convert
    return self.conversion_method(desired_type, source_obj, logger, **opts)
  File &quot;/home/travis/build/smarie/python-parsyfiles/parsyfiles/plugins_base/support_for_objects.py&quot;, line 56, in base64_ascii_str_pickle_to_object
    return pickle.loads(base64.b64decode(b64_ascii_str), fix_imports=True, encoding=&quot;ASCII&quot;, errors=&quot;strict&quot;)
  EOFError : Ran out of input
(B)                                                                                                                |--txt-str-.txt -&gt; int ------- using $&lt;read_str_from_txt&gt; =&gt; &lt;base64_ascii_str_pickle_to_object&gt; -&gt; &lt;float_to_int&gt;$
Executing Parsing Plan for [/home/travis/build/smarie/python-parsyfiles/parsyfiles/tests/parsing_capabilities_by_type/primitives_data/int/err/txt-str-]
(P) /home/travis/build/smarie/python-parsyfiles/parsyfiles/tests/parsing_capabilities_by_type/primitives_data/int/err/txt-str-.txt -&gt; int ------- using $&lt;read_str_from_txt&gt; =&gt; &lt;base64_ascii_str_pickle_to_object&gt; -&gt; &lt;float_to_int&gt;$
  !! Caught error during execution !!
  File &quot;/home/travis/build/smarie/python-parsyfiles/parsyfiles/converting_core.py&quot;, line 319, in convert
    return self._convert(desired_type, source_obj, logger, options)
  File &quot;/home/travis/build/smarie/python-parsyfiles/parsyfiles/converting_core.py&quot;, line 524, in _convert
    return self.conversion_method(desired_type, source_obj, logger, **opts)
  File &quot;/home/travis/build/smarie/python-parsyfiles/parsyfiles/plugins_base/support_for_objects.py&quot;, line 56, in base64_ascii_str_pickle_to_object
    return pickle.loads(base64.b64decode(b64_ascii_str), fix_imports=True, encoding=&quot;ASCII&quot;, errors=&quot;strict&quot;)
  EOFError : Ran out of input
(B)                                                                                                                |--txt-str-.txt -&gt; int ------- using $&lt;read_str_from_txt&gt; =&gt; &lt;base64_ascii_str_pickle_to_object&gt; -&gt; &lt;str_to_int&gt;$
Executing Parsing Plan for [/home/travis/build/smarie/python-parsyfiles/parsyfiles/tests/parsing_capabilities_by_type/primitives_data/int/err/txt-str-]
(P) /home/travis/build/smarie/python-parsyfiles/parsyfiles/tests/parsing_capabilities_by_type/primitives_data/int/err/txt-str-.txt -&gt; int ------- using $&lt;read_str_from_txt&gt; =&gt; &lt;base64_ascii_str_pickle_to_object&gt; -&gt; &lt;str_to_int&gt;$
  !! Caught error during execution !!
  File &quot;/home/travis/build/smarie/python-parsyfiles/parsyfiles/converting_core.py&quot;, line 319, in convert
    return self._convert(desired_type, source_obj, logger, options)
  File &quot;/home/travis/build/smarie/python-parsyfiles/parsyfiles/converting_core.py&quot;, line 524, in _convert
    return self.conversion_method(desired_type, source_obj, logger, **opts)
  File &quot;/home/travis/build/smarie/python-parsyfiles/parsyfiles/plugins_base/support_for_objects.py&quot;, line 56, in base64_ascii_str_pickle_to_object
    return pickle.loads(base64.b64decode(b64_ascii_str), fix_imports=True, encoding=&quot;ASCII&quot;, errors=&quot;strict&quot;)
  EOFError : Ran out of input
(B)                                                                                                                |--txt-str-.txt -&gt; int ------- using $&lt;read_str_from_txt&gt; =&gt; &lt;str_to_bool&gt;$
Executing Parsing Plan for [/home/travis/build/smarie/python-parsyfiles/parsyfiles/tests/parsing_capabilities_by_type/primitives_data/int/err/txt-str-]
(P) /home/travis/build/smarie/python-parsyfiles/parsyfiles/tests/parsing_capabilities_by_type/primitives_data/int/err/txt-str-.txt -&gt; int ------- using $&lt;read_str_from_txt&gt; =&gt; &lt;str_to_bool&gt;$
  !! Caught error during execution !!
  File &quot;/home/travis/build/smarie/python-parsyfiles/parsyfiles/converting_core.py&quot;, line 524, in _convert
    return self.conversion_method(desired_type, source_obj, logger, **opts)
  File &quot;/home/travis/build/smarie/python-parsyfiles/parsyfiles/plugins_base/support_for_primitive_types.py&quot;, line 84, in primitive_to_bool
    return bool(strtobool(source))
  File &quot;/opt/python/3.5.5/lib/python3.5/distutils/util.py&quot;, line 317, in strtobool
    raise ValueError(&quot;invalid truth value %r&quot; % (val,))
  ValueError : invalid truth value &apos;&apos;
(B)                                                                                                                |--txt-str-.txt -&gt; int ------- using $&lt;read_str_from_txt&gt; =&gt; &lt;base64_ascii_str_pickle_to_object&gt; -&gt; &lt;float_to_bool&gt;$
Executing Parsing Plan for [/home/travis/build/smarie/python-parsyfiles/parsyfiles/tests/parsing_capabilities_by_type/primitives_data/int/err/txt-str-]
(P) /home/travis/build/smarie/python-parsyfiles/parsyfiles/tests/parsing_capabilities_by_type/primitives_data/int/err/txt-str-.txt -&gt; int ------- using $&lt;read_str_from_txt&gt; =&gt; &lt;base64_ascii_str_pickle_to_object&gt; -&gt; &lt;float_to_bool&gt;$
  !! Caught error during execution !!
  File &quot;/home/travis/build/smarie/python-parsyfiles/parsyfiles/converting_core.py&quot;, line 319, in convert
    return self._convert(desired_type, source_obj, logger, options)
  File &quot;/home/travis/build/smarie/python-parsyfiles/parsyfiles/converting_core.py&quot;, line 524, in _convert
    return self.conversion_method(desired_type, source_obj, logger, **opts)
  File &quot;/home/travis/build/smarie/python-parsyfiles/parsyfiles/plugins_base/support_for_objects.py&quot;, line 56, in base64_ascii_str_pickle_to_object
    return pickle.loads(base64.b64decode(b64_ascii_str), fix_imports=True, encoding=&quot;ASCII&quot;, errors=&quot;strict&quot;)
  EOFError : Ran out of input
(B)                                                                                                                |--txt-str-.txt -&gt; int ------- using $&lt;read_str_from_txt&gt; =&gt; &lt;base64_ascii_str_pickle_to_object&gt; -&gt; &lt;int_to_bool&gt;$
Executing Parsing Plan for [/home/travis/build/smarie/python-parsyfiles/parsyfiles/tests/parsing_capabilities_by_type/primitives_data/int/err/txt-str-]
(P) /home/travis/build/smarie/python-parsyfiles/parsyfiles/tests/parsing_capabilities_by_type/primitives_data/int/err/txt-str-.txt -&gt; int ------- using $&lt;read_str_from_txt&gt; =&gt; &lt;base64_ascii_str_pickle_to_object&gt; -&gt; &lt;int_to_bool&gt;$
  !! Caught error during execution !!
  File &quot;/home/travis/build/smarie/python-parsyfiles/parsyfiles/converting_core.py&quot;, line 319, in convert
    return self._convert(desired_type, source_obj, logger, options)
  File &quot;/home/travis/build/smarie/python-parsyfiles/parsyfiles/converting_core.py&quot;, line 524, in _convert
    return self.conversion_method(desired_type, source_obj, logger, **opts)
  File &quot;/home/travis/build/smarie/python-parsyfiles/parsyfiles/plugins_base/support_for_objects.py&quot;, line 56, in base64_ascii_str_pickle_to_object
    return pickle.loads(base64.b64decode(b64_ascii_str), fix_imports=True, encoding=&quot;ASCII&quot;, errors=&quot;strict&quot;)
  EOFError : Ran out of input
(B)                                                                                                                |--txt-str-.txt -&gt; int ------- using $&lt;read_str_from_txt&gt; =&gt; &lt;base64_ascii_str_pickle_to_object&gt; -&gt; &lt;str_to_bool&gt;$
Executing Parsing Plan for [/home/travis/build/smarie/python-parsyfiles/parsyfiles/tests/parsing_capabilities_by_type/primitives_data/int/err/txt-str-]
(P) /home/travis/build/smarie/python-parsyfiles/parsyfiles/tests/parsing_capabilities_by_type/primitives_data/int/err/txt-str-.txt -&gt; int ------- using $&lt;read_str_from_txt&gt; =&gt; &lt;base64_ascii_str_pickle_to_object&gt; -&gt; &lt;str_to_bool&gt;$
  !! Caught error during execution !!
  File &quot;/home/travis/build/smarie/python-parsyfiles/parsyfiles/converting_core.py&quot;, line 319, in convert
    return self._convert(desired_type, source_obj, logger, options)
  File &quot;/home/travis/build/smarie/python-parsyfiles/parsyfiles/converting_core.py&quot;, line 524, in _convert
    return self.conversion_method(desired_type, source_obj, logger, **opts)
  File &quot;/home/travis/build/smarie/python-parsyfiles/parsyfiles/plugins_base/support_for_objects.py&quot;, line 56, in base64_ascii_str_pickle_to_object
    return pickle.loads(base64.b64decode(b64_ascii_str), fix_imports=True, encoding=&quot;ASCII&quot;, errors=&quot;strict&quot;)
  EOFError : Ran out of input
(B)                                                                                                                |--txt-str-.txt -&gt; int ------- using $&lt;read_str_from_txt&gt; =&gt; &lt;base64_ascii_str_pickle_to_object&gt;$
Executing Parsing Plan for [/home/travis/build/smarie/python-parsyfiles/parsyfiles/tests/parsing_capabilities_by_type/primitives_data/int/err/txt-str-]
(P) /home/travis/build/smarie/python-parsyfiles/parsyfiles/tests/parsing_capabilities_by_type/primitives_data/int/err/txt-str-.txt -&gt; int ------- using $&lt;read_str_from_txt&gt; =&gt; &lt;base64_ascii_str_pickle_to_object&gt;$
  !! Caught error during execution !!
  File &quot;/home/travis/build/smarie/python-parsyfiles/parsyfiles/converting_core.py&quot;, line 319, in convert
    return self._convert(desired_type, source_obj, logger, options)
  File &quot;/home/travis/build/smarie/python-parsyfiles/parsyfiles/converting_core.py&quot;, line 524, in _convert
    return self.conversion_method(desired_type, source_obj, logger, **opts)
  File &quot;/home/travis/build/smarie/python-parsyfiles/parsyfiles/plugins_base/support_for_objects.py&quot;, line 56, in base64_ascii_str_pickle_to_object
    return pickle.loads(base64.b64decode(b64_ascii_str), fix_imports=True, encoding=&quot;ASCII&quot;, errors=&quot;strict&quot;)
  EOFError : Ran out of input
                                                                                                                    ! CAUGHT: CascadeError - See previous log messages for details
(B)                                                                                                                |--txt-str-.txt -&gt; bool ------- using [Try &apos;$&lt;read_str_from_txt&gt; =&gt; &lt;str_to_bool&gt;$&apos; then &apos;$&lt;read_str_from_txt&gt; =&gt; &lt;base64_ascii_str_pickle_to_object&gt; -&gt; &lt;float_to_bool&gt;$&apos; then &apos;$&lt;read_str_from_txt&gt; =&gt; &lt;base64_ascii_str_pickle_to_object&gt; -&gt; &lt;int_to_bool&gt;$&apos; then &apos;$&lt;read_str_from_txt&gt; =&gt; &lt;base64_ascii_str_pickle_to_object&gt; -&gt; &lt;str_to_bool&gt;$&apos; then &apos;$&lt;read_str_from_txt&gt; =&gt; &lt;base64_ascii_str_pickle_to_object&gt;$]&apos;]
(B)                                                                                                                |--txt-str-.txt -&gt; bool ------- using $&lt;read_str_from_txt&gt; =&gt; &lt;str_to_bool&gt;$
Executing Parsing Plan for [/home/travis/build/smarie/python-parsyfiles/parsyfiles/tests/parsing_capabilities_by_type/primitives_data/int/err/txt-str-]
(P) /home/travis/build/smarie/python-parsyfiles/parsyfiles/tests/parsing_capabilities_by_type/primitives_data/int/err/txt-str-.txt -&gt; bool ------- using $&lt;read_str_from_txt&gt; =&gt; &lt;str_to_bool&gt;$
  !! Caught error during execution !!
  File &quot;/home/travis/build/smarie/python-parsyfiles/parsyfiles/converting_core.py&quot;, line 524, in _convert
    return self.conversion_method(desired_type, source_obj, logger, **opts)
  File &quot;/home/travis/build/smarie/python-parsyfiles/parsyfiles/plugins_base/support_for_primitive_types.py&quot;, line 84, in primitive_to_bool
    return bool(strtobool(source))
  File &quot;/opt/python/3.5.5/lib/python3.5/distutils/util.py&quot;, line 317, in strtobool
    raise ValueError(&quot;invalid truth value %r&quot; % (val,))
  ValueError : invalid truth value &apos;&apos;
(B)                                                                                                                |--txt-str-.txt -&gt; bool ------- using $&lt;read_str_from_txt&gt; =&gt; &lt;base64_ascii_str_pickle_to_object&gt; -&gt; &lt;float_to_bool&gt;$
Executing Parsing Plan for [/home/travis/build/smarie/python-parsyfiles/parsyfiles/tests/parsing_capabilities_by_type/primitives_data/int/err/txt-str-]
(P) /home/travis/build/smarie/python-parsyfiles/parsyfiles/tests/parsing_capabilities_by_type/primitives_data/int/err/txt-str-.txt -&gt; bool ------- using $&lt;read_str_from_txt&gt; =&gt; &lt;base64_ascii_str_pickle_to_object&gt; -&gt; &lt;float_to_bool&gt;$
  !! Caught error during execution !!
  File &quot;/home/travis/build/smarie/python-parsyfiles/parsyfiles/converting_core.py&quot;, line 319, in convert
    return self._convert(desired_type, source_obj, logger, options)
  File &quot;/home/travis/build/smarie/python-parsyfiles/parsyfiles/converting_core.py&quot;, line 524, in _convert
    return self.conversion_method(desired_type, source_obj, logger, **opts)
  File &quot;/home/travis/build/smarie/python-parsyfiles/parsyfiles/plugins_base/support_for_objects.py&quot;, line 56, in base64_ascii_str_pickle_to_object
    return pickle.loads(base64.b64decode(b64_ascii_str), fix_imports=True, encoding=&quot;ASCII&quot;, errors=&quot;strict&quot;)
  EOFError : Ran out of input
(B)                                                                                                                |--txt-str-.txt -&gt; bool ------- using $&lt;read_str_from_txt&gt; =&gt; &lt;base64_ascii_str_pickle_to_object&gt; -&gt; &lt;int_to_bool&gt;$
Executing Parsing Plan for [/home/travis/build/smarie/python-parsyfiles/parsyfiles/tests/parsing_capabilities_by_type/primitives_data/int/err/txt-str-]
(P) /home/travis/build/smarie/python-parsyfiles/parsyfiles/tests/parsing_capabilities_by_type/primitives_data/int/err/txt-str-.txt -&gt; bool ------- using $&lt;read_str_from_txt&gt; =&gt; &lt;base64_ascii_str_pickle_to_object&gt; -&gt; &lt;int_to_bool&gt;$
  !! Caught error during execution !!
  File &quot;/home/travis/build/smarie/python-parsyfiles/parsyfiles/converting_core.py&quot;, line 319, in convert
    return self._convert(desired_type, source_obj, logger, options)
  File &quot;/home/travis/build/smarie/python-parsyfiles/parsyfiles/converting_core.py&quot;, line 524, in _convert
    return self.conversion_method(desired_type, source_obj, logger, **opts)
  File &quot;/home/travis/build/smarie/python-parsyfiles/parsyfiles/plugins_base/support_for_objects.py&quot;, line 56, in base64_ascii_str_pickle_to_object
    return pickle.loads(base64.b64decode(b64_ascii_str), fix_imports=True, encoding=&quot;ASCII&quot;, errors=&quot;strict&quot;)
  EOFError : Ran out of input
(B)                                                                                                                |--txt-str-.txt -&gt; bool ------- using $&lt;read_str_from_txt&gt; =&gt; &lt;base64_ascii_str_pickle_to_object&gt; -&gt; &lt;str_to_bool&gt;$
Executing Parsing Plan for [/home/travis/build/smarie/python-parsyfiles/parsyfiles/tests/parsing_capabilities_by_type/primitives_data/int/err/txt-str-]
(P) /home/travis/build/smarie/python-parsyfiles/parsyfiles/tests/parsing_capabilities_by_type/primitives_data/int/err/txt-str-.txt -&gt; bool ------- using $&lt;read_str_from_txt&gt; =&gt; &lt;base64_ascii_str_pickle_to_object&gt; -&gt; &lt;str_to_bool&gt;$
  !! Caught error during execution !!
  File &quot;/home/travis/build/smarie/python-parsyfiles/parsyfiles/converting_core.py&quot;, line 319, in convert
    return self._convert(desired_type, source_obj, logger, options)
  File &quot;/home/travis/build/smarie/python-parsyfiles/parsyfiles/converting_core.py&quot;, line 524, in _convert
    return self.conversion_method(desired_type, source_obj, logger, **opts)
  File &quot;/home/travis/build/smarie/python-parsyfiles/parsyfiles/plugins_base/support_for_objects.py&quot;, line 56, in base64_ascii_str_pickle_to_object
    return pickle.loads(base64.b64decode(b64_ascii_str), fix_imports=True, encoding=&quot;ASCII&quot;, errors=&quot;strict&quot;)
  EOFError : Ran out of input
(B)                                                                                                                |--txt-str-.txt -&gt; bool ------- using $&lt;read_str_from_txt&gt; =&gt; &lt;base64_ascii_str_pickle_to_object&gt;$
Executing Parsing Plan for [/home/travis/build/smarie/python-parsyfiles/parsyfiles/tests/parsing_capabilities_by_type/primitives_data/int/err/txt-str-]
(P) /home/travis/build/smarie/python-parsyfiles/parsyfiles/tests/parsing_capabilities_by_type/primitives_data/int/err/txt-str-.txt -&gt; bool ------- using $&lt;read_str_from_txt&gt; =&gt; &lt;base64_ascii_str_pickle_to_object&gt;$
  !! Caught error during execution !!
  File &quot;/home/travis/build/smarie/python-parsyfiles/parsyfiles/converting_core.py&quot;, line 319, in convert
    return self._convert(desired_type, source_obj, logger, options)
  File &quot;/home/travis/build/smarie/python-parsyfiles/parsyfiles/converting_core.py&quot;, line 524, in _convert
    return self.conversion_method(desired_type, source_obj, logger, **opts)
  File &quot;/home/travis/build/smarie/python-parsyfiles/parsyfiles/plugins_base/support_for_objects.py&quot;, line 56, in base64_ascii_str_pickle_to_object
    return pickle.loads(base64.b64decode(b64_ascii_str), fix_imports=True, encoding=&quot;ASCII&quot;, errors=&quot;strict&quot;)
  EOFError : Ran out of input
                                                                                                                    ! CAUGHT: CascadeError - See previous log messages for details
(B)                                                                                                                |--txt-str-.txt -&gt; _NamedIntConstant ------- using [Try &apos;$&lt;read_str_from_txt&gt; =&gt; &lt;constructor_with_str_arg&gt;$&apos; then &apos;$&lt;read_str_from_txt&gt; =&gt; &lt;base64_ascii_str_pickle_to_object&gt;$]&apos;]
(B)                                                                                                                |--txt-str-.txt -&gt; _NamedIntConstant ------- using $&lt;read_str_from_txt&gt; =&gt; &lt;constructor_with_str_arg&gt;$
Executing Parsing Plan for [/home/travis/build/smarie/python-parsyfiles/parsyfiles/tests/parsing_capabilities_by_type/primitives_data/int/err/txt-str-]
(P) /home/travis/build/smarie/python-parsyfiles/parsyfiles/tests/parsing_capabilities_by_type/primitives_data/int/err/txt-str-.txt -&gt; _NamedIntConstant ------- using $&lt;read_str_from_txt&gt; =&gt; &lt;constructor_with_str_arg&gt;$
  !! Caught error during execution !!
  File &quot;/home/travis/build/smarie/python-parsyfiles/parsyfiles/converting_core.py&quot;, line 532, in _convert
    raise CaughtTypeError.create(self.conversion_method, e)
  File &quot;/home/travis/build/smarie/python-parsyfiles/parsyfiles/converting_core.py&quot;, line 524, in _convert
    return self.conversion_method(desired_type, source_obj, logger, **opts)
  File &quot;/home/travis/build/smarie/python-parsyfiles/parsyfiles/plugins_base/support_for_primitive_types.py&quot;, line 111, in constructor_with_str_arg
    return desired_type(source)
  CaughtTypeError : Caught TypeError while calling conversion function &apos;constructor_with_str_arg&apos;. Note that the conversion function signature should be &apos;def my_convert_fun(desired_type: Type[T], source: S, logger: Logger, **kwargs) -&gt; T&apos; (unpacked options mode - default) or def my_convert_fun(desired_type: Type[T], source: S, logger: Logger, options: Dict[str, Dict[str, Any]]) -&gt; T (unpack_options = False).Caught error message is : TypeError : __new__() missing 1 required positional argument: &apos;name&apos;
(B)                                                                                                                |--txt-str-.txt -&gt; _NamedIntConstant ------- using $&lt;read_str_from_txt&gt; =&gt; &lt;base64_ascii_str_pickle_to_object&gt;$
Executing Parsing Plan for [/home/travis/build/smarie/python-parsyfiles/parsyfiles/tests/parsing_capabilities_by_type/primitives_data/int/err/txt-str-]
(P) /home/travis/build/smarie/python-parsyfiles/parsyfiles/tests/parsing_capabilities_by_type/primitives_data/int/err/txt-str-.txt -&gt; _NamedIntConstant ------- using $&lt;read_str_from_txt&gt; =&gt; &lt;base64_ascii_str_pickle_to_object&gt;$
  !! Caught error during execution !!
  File &quot;/home/travis/build/smarie/python-parsyfiles/parsyfiles/converting_core.py&quot;, line 319, in convert
    return self._convert(desired_type, source_obj, logger, options)
  File &quot;/home/travis/build/smarie/python-parsyfiles/parsyfiles/converting_core.py&quot;, line 524, in _convert
    return self.conversion_method(desired_type, source_obj, logger, **opts)
  File &quot;/home/travis/build/smarie/python-parsyfiles/parsyfiles/plugins_base/support_for_objects.py&quot;, line 56, in base64_ascii_str_pickle_to_object
    return pickle.loads(base64.b64decode(b64_ascii_str), fix_imports=True, encoding=&quot;ASCII&quot;, errors=&quot;strict&quot;)
  EOFError : Ran out of input
                                                                                                                    ! CAUGHT: CascadeError - See previous log messages for details
(B)                                                                                                                |--txt-str-.txt -&gt; IntEnum ------- using [Try &apos;$&lt;read_str_from_txt&gt; =&gt; &lt;constructor_with_str_arg&gt;$&apos; then &apos;$&lt;read_str_from_txt&gt; =&gt; &lt;base64_ascii_str_pickle_to_object&gt;$]&apos;]
(B)                                                                                                                |--txt-str-.txt -&gt; IntEnum ------- using $&lt;read_str_from_txt&gt; =&gt; &lt;constructor_with_str_arg&gt;$
Executing Parsing Plan for [/home/travis/build/smarie/python-parsyfiles/parsyfiles/tests/parsing_capabilities_by_type/primitives_data/int/err/txt-str-]
(P) /home/travis/build/smarie/python-parsyfiles/parsyfiles/tests/parsing_capabilities_by_type/primitives_data/int/err/txt-str-.txt -&gt; IntEnum ------- using $&lt;read_str_from_txt&gt; =&gt; &lt;constructor_with_str_arg&gt;$
  !! Caught error during execution !!
  File &quot;/home/travis/build/smarie/python-parsyfiles/parsyfiles/plugins_base/support_for_primitive_types.py&quot;, line 111, in constructor_with_str_arg
    return desired_type(source)
  File &quot;/opt/python/3.5.5/lib/python3.5/enum.py&quot;, line 241, in __call__
    return cls.__new__(cls, value)
  File &quot;/opt/python/3.5.5/lib/python3.5/enum.py&quot;, line 476, in __new__
    raise ValueError(&quot;%r is not a valid %s&quot; % (value, cls.__name__))
  ValueError : &apos;&apos; is not a valid IntEnum
(B)                                                                                                                |--txt-str-.txt -&gt; IntEnum ------- using $&lt;read_str_from_txt&gt; =&gt; &lt;base64_ascii_str_pickle_to_object&gt;$
Executing Parsing Plan for [/home/travis/build/smarie/python-parsyfiles/parsyfiles/tests/parsing_capabilities_by_type/primitives_data/int/err/txt-str-]
(P) /home/travis/build/smarie/python-parsyfiles/parsyfiles/tests/parsing_capabilities_by_type/primitives_data/int/err/txt-str-.txt -&gt; IntEnum ------- using $&lt;read_str_from_txt&gt; =&gt; &lt;base64_ascii_str_pickle_to_object&gt;$
  !! Caught error during execution !!
  File &quot;/home/travis/build/smarie/python-parsyfiles/parsyfiles/converting_core.py&quot;, line 319, in convert
    return self._convert(desired_type, source_obj, logger, options)
  File &quot;/home/travis/build/smarie/python-parsyfiles/parsyfiles/converting_core.py&quot;, line 524, in _convert
    return self.conversion_method(desired_type, source_obj, logger, **opts)
  File &quot;/home/travis/build/smarie/python-parsyfiles/parsyfiles/plugins_base/support_for_objects.py&quot;, line 56, in base64_ascii_str_pickle_to_object
    return pickle.loads(base64.b64decode(b64_ascii_str), fix_imports=True, encoding=&quot;ASCII&quot;, errors=&quot;strict&quot;)
  EOFError : Ran out of input
                                                                                                                    ! CAUGHT: CascadeError - See previous log messages for details
(B)                                                                                                                |--txt-str-.txt -&gt; Signals ------- using [Try &apos;$&lt;read_str_from_txt&gt; =&gt; &lt;constructor_with_str_arg&gt;$&apos; then &apos;$&lt;read_str_from_txt&gt; =&gt; &lt;base64_ascii_str_pickle_to_object&gt;$]&apos;]
(B)                                                                                                                |--txt-str-.txt -&gt; Signals ------- using $&lt;read_str_from_txt&gt; =&gt; &lt;constructor_with_str_arg&gt;$
Executing Parsing Plan for [/home/travis/build/smarie/python-parsyfiles/parsyfiles/tests/parsing_capabilities_by_type/primitives_data/int/err/txt-str-]
(P) /home/travis/build/smarie/python-parsyfiles/parsyfiles/tests/parsing_capabilities_by_type/primitives_data/int/err/txt-str-.txt -&gt; Signals ------- using $&lt;read_str_from_txt&gt; =&gt; &lt;constructor_with_str_arg&gt;$
  !! Caught error during execution !!
  File &quot;/home/travis/build/smarie/python-parsyfiles/parsyfiles/plugins_base/support_for_primitive_types.py&quot;, line 111, in constructor_with_str_arg
    return desired_type(source)
  File &quot;/opt/python/3.5.5/lib/python3.5/enum.py&quot;, line 241, in __call__
    return cls.__new__(cls, value)
  File &quot;/opt/python/3.5.5/lib/python3.5/enum.py&quot;, line 476, in __new__
    raise ValueError(&quot;%r is not a valid %s&quot; % (value, cls.__name__))
  ValueError : &apos;&apos; is not a valid Signals
(B)                                                                                                                |--txt-str-.txt -&gt; Signals ------- using $&lt;read_str_from_txt&gt; =&gt; &lt;base64_ascii_str_pickle_to_object&gt;$
Executing Parsing Plan for [/home/travis/build/smarie/python-parsyfiles/parsyfiles/tests/parsing_capabilities_by_type/primitives_data/int/err/txt-str-]
(P) /home/travis/build/smarie/python-parsyfiles/parsyfiles/tests/parsing_capabilities_by_type/primitives_data/int/err/txt-str-.txt -&gt; Signals ------- using $&lt;read_str_from_txt&gt; =&gt; &lt;base64_ascii_str_pickle_to_object&gt;$
  !! Caught error during execution !!
  File &quot;/home/travis/build/smarie/python-parsyfiles/parsyfiles/converting_core.py&quot;, line 319, in convert
    return self._convert(desired_type, source_obj, logger, options)
  File &quot;/home/travis/build/smarie/python-parsyfiles/parsyfiles/converting_core.py&quot;, line 524, in _convert
    return self.conversion_method(desired_type, source_obj, logger, **opts)
  File &quot;/home/travis/build/smarie/python-parsyfiles/parsyfiles/plugins_base/support_for_objects.py&quot;, line 56, in base64_ascii_str_pickle_to_object
    return pickle.loads(base64.b64decode(b64_ascii_str), fix_imports=True, encoding=&quot;ASCII&quot;, errors=&quot;strict&quot;)
  EOFError : Ran out of input
                                                                                                                    ! CAUGHT: CascadeError - See previous log messages for details
(B)                                                                                                                |--txt-str-.txt -&gt; SocketKind ------- using [Try &apos;$&lt;read_str_from_txt&gt; =&gt; &lt;constructor_with_str_arg&gt;$&apos; then &apos;$&lt;read_str_from_txt&gt; =&gt; &lt;base64_ascii_str_pickle_to_object&gt;$]&apos;]
(B)                                                                                                                |--txt-str-.txt -&gt; SocketKind ------- using $&lt;read_str_from_txt&gt; =&gt; &lt;constructor_with_str_arg&gt;$
Executing Parsing Plan for [/home/travis/build/smarie/python-parsyfiles/parsyfiles/tests/parsing_capabilities_by_type/primitives_data/int/err/txt-str-]
(P) /home/travis/build/smarie/python-parsyfiles/parsyfiles/tests/parsing_capabilities_by_type/primitives_data/int/err/txt-str-.txt -&gt; SocketKind ------- using $&lt;read_str_from_txt&gt; =&gt; &lt;constructor_with_str_arg&gt;$
  !! Caught error during execution !!
  File &quot;/home/travis/build/smarie/python-parsyfiles/parsyfiles/plugins_base/support_for_primitive_types.py&quot;, line 111, in constructor_with_str_arg
    return desired_type(source)
  File &quot;/opt/python/3.5.5/lib/python3.5/enum.py&quot;, line 241, in __call__
    return cls.__new__(cls, value)
  File &quot;/opt/python/3.5.5/lib/python3.5/enum.py&quot;, line 476, in __new__
    raise ValueError(&quot;%r is not a valid %s&quot; % (value, cls.__name__))
  ValueError : &apos;&apos; is not a valid SocketKind
(B)                                                                                                                |--txt-str-.txt -&gt; SocketKind ------- using $&lt;read_str_from_txt&gt; =&gt; &lt;base64_ascii_str_pickle_to_object&gt;$
Executing Parsing Plan for [/home/travis/build/smarie/python-parsyfiles/parsyfiles/tests/parsing_capabilities_by_type/primitives_data/int/err/txt-str-]
(P) /home/travis/build/smarie/python-parsyfiles/parsyfiles/tests/parsing_capabilities_by_type/primitives_data/int/err/txt-str-.txt -&gt; SocketKind ------- using $&lt;read_str_from_txt&gt; =&gt; &lt;base64_ascii_str_pickle_to_object&gt;$
  !! Caught error during execution !!
  File &quot;/home/travis/build/smarie/python-parsyfiles/parsyfiles/converting_core.py&quot;, line 319, in convert
    return self._convert(desired_type, source_obj, logger, options)
  File &quot;/home/travis/build/smarie/python-parsyfiles/parsyfiles/converting_core.py&quot;, line 524, in _convert
    return self.conversion_method(desired_type, source_obj, logger, **opts)
  File &quot;/home/travis/build/smarie/python-parsyfiles/parsyfiles/plugins_base/support_for_objects.py&quot;, line 56, in base64_ascii_str_pickle_to_object
    return pickle.loads(base64.b64decode(b64_ascii_str), fix_imports=True, encoding=&quot;ASCII&quot;, errors=&quot;strict&quot;)
  EOFError : Ran out of input
                                                                                                                    ! CAUGHT: CascadeError - See previous log messages for details
(B)                                                                                                                |--txt-str-.txt -&gt; HTTPStatus ------- using [Try &apos;$&lt;read_str_from_txt&gt; =&gt; &lt;constructor_with_str_arg&gt;$&apos; then &apos;$&lt;read_str_from_txt&gt; =&gt; &lt;base64_ascii_str_pickle_to_object&gt;$]&apos;]
(B)                                                                                                                |--txt-str-.txt -&gt; HTTPStatus ------- using $&lt;read_str_from_txt&gt; =&gt; &lt;constructor_with_str_arg&gt;$
Executing Parsing Plan for [/home/travis/build/smarie/python-parsyfiles/parsyfiles/tests/parsing_capabilities_by_type/primitives_data/int/err/txt-str-]
(P) /home/travis/build/smarie/python-parsyfiles/parsyfiles/tests/parsing_capabilities_by_type/primitives_data/int/err/txt-str-.txt -&gt; HTTPStatus ------- using $&lt;read_str_from_txt&gt; =&gt; &lt;constructor_with_str_arg&gt;$
  !! Caught error during execution !!
  File &quot;/home/travis/build/smarie/python-parsyfiles/parsyfiles/plugins_base/support_for_primitive_types.py&quot;, line 111, in constructor_with_str_arg
    return desired_type(source)
  File &quot;/opt/python/3.5.5/lib/python3.5/enum.py&quot;, line 241, in __call__
    return cls.__new__(cls, value)
  File &quot;/opt/python/3.5.5/lib/python3.5/enum.py&quot;, line 476, in __new__
    raise ValueError(&quot;%r is not a valid %s&quot; % (value, cls.__name__))
  ValueError : &apos;&apos; is not a valid HTTPStatus
(B)                                                                                                                |--txt-str-.txt -&gt; HTTPStatus ------- using $&lt;read_str_from_txt&gt; =&gt; &lt;base64_ascii_str_pickle_to_object&gt;$
Executing Parsing Plan for [/home/travis/build/smarie/python-parsyfiles/parsyfiles/tests/parsing_capabilities_by_type/primitives_data/int/err/txt-str-]
(P) /home/travis/build/smarie/python-parsyfiles/parsyfiles/tests/parsing_capabilities_by_type/primitives_data/int/err/txt-str-.txt -&gt; HTTPStatus ------- using $&lt;read_str_from_txt&gt; =&gt; &lt;base64_ascii_str_pickle_to_object&gt;$
  !! Caught error during execution !!
  File &quot;/home/travis/build/smarie/python-parsyfiles/parsyfiles/converting_core.py&quot;, line 319, in convert
    return self._convert(desired_type, source_obj, logger, options)
  File &quot;/home/travis/build/smarie/python-parsyfiles/parsyfiles/converting_core.py&quot;, line 524, in _convert
    return self.conversion_method(desired_type, source_obj, logger, **opts)
  File &quot;/home/travis/build/smarie/python-parsyfiles/parsyfiles/plugins_base/support_for_objects.py&quot;, line 56, in base64_ascii_str_pickle_to_object
    return pickle.loads(base64.b64decode(b64_ascii_str), fix_imports=True, encoding=&quot;ASCII&quot;, errors=&quot;strict&quot;)
  EOFError : Ran out of input
                                                                                                                    ! CAUGHT: CascadeError - See previous log messages for details
(B)                                                                                                                |--txt-str-.txt -&gt; _SSLMethod ------- using [Try &apos;$&lt;read_str_from_txt&gt; =&gt; &lt;constructor_with_str_arg&gt;$&apos; then &apos;$&lt;read_str_from_txt&gt; =&gt; &lt;base64_ascii_str_pickle_to_object&gt;$]&apos;]
(B)                                                                                                                |--txt-str-.txt -&gt; _SSLMethod ------- using $&lt;read_str_from_txt&gt; =&gt; &lt;constructor_with_str_arg&gt;$
Executing Parsing Plan for [/home/travis/build/smarie/python-parsyfiles/parsyfiles/tests/parsing_capabilities_by_type/primitives_data/int/err/txt-str-]
(P) /home/travis/build/smarie/python-parsyfiles/parsyfiles/tests/parsing_capabilities_by_type/primitives_data/int/err/txt-str-.txt -&gt; _SSLMethod ------- using $&lt;read_str_from_txt&gt; =&gt; &lt;constructor_with_str_arg&gt;$
  !! Caught error during execution !!
  File &quot;/home/travis/build/smarie/python-parsyfiles/parsyfiles/plugins_base/support_for_primitive_types.py&quot;, line 111, in constructor_with_str_arg
    return desired_type(source)
  File &quot;/opt/python/3.5.5/lib/python3.5/enum.py&quot;, line 241, in __call__
    return cls.__new__(cls, value)
  File &quot;/opt/python/3.5.5/lib/python3.5/enum.py&quot;, line 476, in __new__
    raise ValueError(&quot;%r is not a valid %s&quot; % (value, cls.__name__))
  ValueError : &apos;&apos; is not a valid _SSLMethod
(B)                                                                                                                |--txt-str-.txt -&gt; _SSLMethod ------- using $&lt;read_str_from_txt&gt; =&gt; &lt;base64_ascii_str_pickle_to_object&gt;$
Executing Parsing Plan for [/home/travis/build/smarie/python-parsyfiles/parsyfiles/tests/parsing_capabilities_by_type/primitives_data/int/err/txt-str-]
(P) /home/travis/build/smarie/python-parsyfiles/parsyfiles/tests/parsing_capabilities_by_type/primitives_data/int/err/txt-str-.txt -&gt; _SSLMethod ------- using $&lt;read_str_from_txt&gt; =&gt; &lt;base64_ascii_str_pickle_to_object&gt;$
  !! Caught error during execution !!
  File &quot;/home/travis/build/smarie/python-parsyfiles/parsyfiles/converting_core.py&quot;, line 319, in convert
    return self._convert(desired_type, source_obj, logger, options)
  File &quot;/home/travis/build/smarie/python-parsyfiles/parsyfiles/converting_core.py&quot;, line 524, in _convert
    return self.conversion_method(desired_type, source_obj, logger, **opts)
  File &quot;/home/travis/build/smarie/python-parsyfiles/parsyfiles/plugins_base/support_for_objects.py&quot;, line 56, in base64_ascii_str_pickle_to_object
    return pickle.loads(base64.b64decode(b64_ascii_str), fix_imports=True, encoding=&quot;ASCII&quot;, errors=&quot;strict&quot;)
  EOFError : Ran out of input
                                                                                                                    ! CAUGHT: CascadeError - See previous log messages for details
(B)                                                                                                                |--txt-str-.txt -&gt; _ParameterKind ------- using [Try &apos;$&lt;read_str_from_txt&gt; =&gt; &lt;constructor_with_str_arg&gt;$&apos; then &apos;$&lt;read_str_from_txt&gt; =&gt; &lt;base64_ascii_str_pickle_to_object&gt;$]&apos;]
(B)                                                                                                                |--txt-str-.txt -&gt; _ParameterKind ------- using $&lt;read_str_from_txt&gt; =&gt; &lt;constructor_with_str_arg&gt;$
Executing Parsing Plan for [/home/travis/build/smarie/python-parsyfiles/parsyfiles/tests/parsing_capabilities_by_type/primitives_data/int/err/txt-str-]
(P) /home/travis/build/smarie/python-parsyfiles/parsyfiles/tests/parsing_capabilities_by_type/primitives_data/int/err/txt-str-.txt -&gt; _ParameterKind ------- using $&lt;read_str_from_txt&gt; =&gt; &lt;constructor_with_str_arg&gt;$
  !! Caught error during execution !!
  File &quot;/home/travis/build/smarie/python-parsyfiles/parsyfiles/plugins_base/support_for_primitive_types.py&quot;, line 111, in constructor_with_str_arg
    return desired_type(source)
  File &quot;/opt/python/3.5.5/lib/python3.5/enum.py&quot;, line 241, in __call__
    return cls.__new__(cls, value)
  File &quot;/opt/python/3.5.5/lib/python3.5/enum.py&quot;, line 476, in __new__
    raise ValueError(&quot;%r is not a valid %s&quot; % (value, cls.__name__))
  ValueError : &apos;&apos; is not a valid _ParameterKind
(B)                                                                                                                |--txt-str-.txt -&gt; _ParameterKind ------- using $&lt;read_str_from_txt&gt; =&gt; &lt;base64_ascii_str_pickle_to_object&gt;$
Executing Parsing Plan for [/home/travis/build/smarie/python-parsyfiles/parsyfiles/tests/parsing_capabilities_by_type/primitives_data/int/err/txt-str-]
(P) /home/travis/build/smarie/python-parsyfiles/parsyfiles/tests/parsing_capabilities_by_type/primitives_data/int/err/txt-str-.txt -&gt; _ParameterKind ------- using $&lt;read_str_from_txt&gt; =&gt; &lt;base64_ascii_str_pickle_to_object&gt;$
  !! Caught error during execution !!
  File &quot;/home/travis/build/smarie/python-parsyfiles/parsyfiles/converting_core.py&quot;, line 319, in convert
    return self._convert(desired_type, source_obj, logger, options)
  File &quot;/home/travis/build/smarie/python-parsyfiles/parsyfiles/converting_core.py&quot;, line 524, in _convert
    return self.conversion_method(desired_type, source_obj, logger, **opts)
  File &quot;/home/travis/build/smarie/python-parsyfiles/parsyfiles/plugins_base/support_for_objects.py&quot;, line 56, in base64_ascii_str_pickle_to_object
    return pickle.loads(base64.b64decode(b64_ascii_str), fix_imports=True, encoding=&quot;ASCII&quot;, errors=&quot;strict&quot;)
  EOFError : Ran out of input
                                                                                                                    ! CAUGHT: CascadeError - See previous log messages for details
(B)                                                                                                                |--txt-str-.txt -&gt; Sigmasks ------- using [Try &apos;$&lt;read_str_from_txt&gt; =&gt; &lt;constructor_with_str_arg&gt;$&apos; then &apos;$&lt;read_str_from_txt&gt; =&gt; &lt;base64_ascii_str_pickle_to_object&gt;$]&apos;]
(B)                                                                                                                |--txt-str-.txt -&gt; Sigmasks ------- using $&lt;read_str_from_txt&gt; =&gt; &lt;constructor_with_str_arg&gt;$
Executing Parsing Plan for [/home/travis/build/smarie/python-parsyfiles/parsyfiles/tests/parsing_capabilities_by_type/primitives_data/int/err/txt-str-]
(P) /home/travis/build/smarie/python-parsyfiles/parsyfiles/tests/parsing_capabilities_by_type/primitives_data/int/err/txt-str-.txt -&gt; Sigmasks ------- using $&lt;read_str_from_txt&gt; =&gt; &lt;constructor_with_str_arg&gt;$
  !! Caught error during execution !!
  File &quot;/home/travis/build/smarie/python-parsyfiles/parsyfiles/plugins_base/support_for_primitive_types.py&quot;, line 111, in constructor_with_str_arg
    return desired_type(source)
  File &quot;/opt/python/3.5.5/lib/python3.5/enum.py&quot;, line 241, in __call__
    return cls.__new__(cls, value)
  File &quot;/opt/python/3.5.5/lib/python3.5/enum.py&quot;, line 476, in __new__
    raise ValueError(&quot;%r is not a valid %s&quot; % (value, cls.__name__))
  ValueError : &apos;&apos; is not a valid Sigmasks
(B)                                                                                                                |--txt-str-.txt -&gt; Sigmasks ------- using $&lt;read_str_from_txt&gt; =&gt; &lt;base64_ascii_str_pickle_to_object&gt;$
Executing Parsing Plan for [/home/travis/build/smarie/python-parsyfiles/parsyfiles/tests/parsing_capabilities_by_type/primitives_data/int/err/txt-str-]
(P) /home/travis/build/smarie/python-parsyfiles/parsyfiles/tests/parsing_capabilities_by_type/primitives_data/int/err/txt-str-.txt -&gt; Sigmasks ------- using $&lt;read_str_from_txt&gt; =&gt; &lt;base64_ascii_str_pickle_to_object&gt;$
  !! Caught error during execution !!
  File &quot;/home/travis/build/smarie/python-parsyfiles/parsyfiles/converting_core.py&quot;, line 319, in convert
    return self._convert(desired_type, source_obj, logger, options)
  File &quot;/home/travis/build/smarie/python-parsyfiles/parsyfiles/converting_core.py&quot;, line 524, in _convert
    return self.conversion_method(desired_type, source_obj, logger, **opts)
  File &quot;/home/travis/build/smarie/python-parsyfiles/parsyfiles/plugins_base/support_for_objects.py&quot;, line 56, in base64_ascii_str_pickle_to_object
    return pickle.loads(base64.b64decode(b64_ascii_str), fix_imports=True, encoding=&quot;ASCII&quot;, errors=&quot;strict&quot;)
  EOFError : Ran out of input
                                                                                                                    ! CAUGHT: CascadeError - See previous log messages for details
(B)                                                                                                                |--txt-str-.txt -&gt; Handlers ------- using [Try &apos;$&lt;read_str_from_txt&gt; =&gt; &lt;constructor_with_str_arg&gt;$&apos; then &apos;$&lt;read_str_from_txt&gt; =&gt; &lt;base64_ascii_str_pickle_to_object&gt;$]&apos;]
(B)                                                                                                                |--txt-str-.txt -&gt; Handlers ------- using $&lt;read_str_from_txt&gt; =&gt; &lt;constructor_with_str_arg&gt;$
Executing Parsing Plan for [/home/travis/build/smarie/python-parsyfiles/parsyfiles/tests/parsing_capabilities_by_type/primitives_data/int/err/txt-str-]
(P) /home/travis/build/smarie/python-parsyfiles/parsyfiles/tests/parsing_capabilities_by_type/primitives_data/int/err/txt-str-.txt -&gt; Handlers ------- using $&lt;read_str_from_txt&gt; =&gt; &lt;constructor_with_str_arg&gt;$
  !! Caught error during execution !!
  File &quot;/home/travis/build/smarie/python-parsyfiles/parsyfiles/plugins_base/support_for_primitive_types.py&quot;, line 111, in constructor_with_str_arg
    return desired_type(source)
  File &quot;/opt/python/3.5.5/lib/python3.5/enum.py&quot;, line 241, in __call__
    return cls.__new__(cls, value)
  File &quot;/opt/python/3.5.5/lib/python3.5/enum.py&quot;, line 476, in __new__
    raise ValueError(&quot;%r is not a valid %s&quot; % (value, cls.__name__))
  ValueError : &apos;&apos; is not a valid Handlers
(B)                                                                                                                |--txt-str-.txt -&gt; Handlers ------- using $&lt;read_str_from_txt&gt; =&gt; &lt;base64_ascii_str_pickle_to_object&gt;$
Executing Parsing Plan for [/home/travis/build/smarie/python-parsyfiles/parsyfiles/tests/parsing_capabilities_by_type/primitives_data/int/err/txt-str-]
(P) /home/travis/build/smarie/python-parsyfiles/parsyfiles/tests/parsing_capabilities_by_type/primitives_data/int/err/txt-str-.txt -&gt; Handlers ------- using $&lt;read_str_from_txt&gt; =&gt; &lt;base64_ascii_str_pickle_to_object&gt;$
  !! Caught error during execution !!
  File &quot;/home/travis/build/smarie/python-parsyfiles/parsyfiles/converting_core.py&quot;, line 319, in convert
    return self._convert(desired_type, source_obj, logger, options)
  File &quot;/home/travis/build/smarie/python-parsyfiles/parsyfiles/converting_core.py&quot;, line 524, in _convert
    return self.conversion_method(desired_type, source_obj, logger, **opts)
  File &quot;/home/travis/build/smarie/python-parsyfiles/parsyfiles/plugins_base/support_for_objects.py&quot;, line 56, in base64_ascii_str_pickle_to_object
    return pickle.loads(base64.b64decode(b64_ascii_str), fix_imports=True, encoding=&quot;ASCII&quot;, errors=&quot;strict&quot;)
  EOFError : Ran out of input
                                                                                                                    ! CAUGHT: CascadeError - See previous log messages for details
(B)                                                                                                                |--txt-str-.txt -&gt; AddressFamily ------- using [Try &apos;$&lt;read_str_from_txt&gt; =&gt; &lt;constructor_with_str_arg&gt;$&apos; then &apos;$&lt;read_str_from_txt&gt; =&gt; &lt;base64_ascii_str_pickle_to_object&gt;$]&apos;]
(B)                                                                                                                |--txt-str-.txt -&gt; AddressFamily ------- using $&lt;read_str_from_txt&gt; =&gt; &lt;constructor_with_str_arg&gt;$
Executing Parsing Plan for [/home/travis/build/smarie/python-parsyfiles/parsyfiles/tests/parsing_capabilities_by_type/primitives_data/int/err/txt-str-]
(P) /home/travis/build/smarie/python-parsyfiles/parsyfiles/tests/parsing_capabilities_by_type/primitives_data/int/err/txt-str-.txt -&gt; AddressFamily ------- using $&lt;read_str_from_txt&gt; =&gt; &lt;constructor_with_str_arg&gt;$
  !! Caught error during execution !!
  File &quot;/home/travis/build/smarie/python-parsyfiles/parsyfiles/plugins_base/support_for_primitive_types.py&quot;, line 111, in constructor_with_str_arg
    return desired_type(source)
  File &quot;/opt/python/3.5.5/lib/python3.5/enum.py&quot;, line 241, in __call__
    return cls.__new__(cls, value)
  File &quot;/opt/python/3.5.5/lib/python3.5/enum.py&quot;, line 476, in __new__
    raise ValueError(&quot;%r is not a valid %s&quot; % (value, cls.__name__))
  ValueError : &apos;&apos; is not a valid AddressFamily
(B)                                                                                                                |--txt-str-.txt -&gt; AddressFamily ------- using $&lt;read_str_from_txt&gt; =&gt; &lt;base64_ascii_str_pickle_to_object&gt;$
Executing Parsing Plan for [/home/travis/build/smarie/python-parsyfiles/parsyfiles/tests/parsing_capabilities_by_type/primitives_data/int/err/txt-str-]
(P) /home/travis/build/smarie/python-parsyfiles/parsyfiles/tests/parsing_capabilities_by_type/primitives_data/int/err/txt-str-.txt -&gt; AddressFamily ------- using $&lt;read_str_from_txt&gt; =&gt; &lt;base64_ascii_str_pickle_to_object&gt;$
  !! Caught error during execution !!
  File &quot;/home/travis/build/smarie/python-parsyfiles/parsyfiles/converting_core.py&quot;, line 319, in convert
    return self._convert(desired_type, source_obj, logger, options)
  File &quot;/home/travis/build/smarie/python-parsyfiles/parsyfiles/converting_core.py&quot;, line 524, in _convert
    return self.conversion_method(desired_type, source_obj, logger, **opts)
  File &quot;/home/travis/build/smarie/python-parsyfiles/parsyfiles/plugins_base/support_for_objects.py&quot;, line 56, in base64_ascii_str_pickle_to_object
    return pickle.loads(base64.b64decode(b64_ascii_str), fix_imports=True, encoding=&quot;ASCII&quot;, errors=&quot;strict&quot;)
  EOFError : Ran out of input
                                                                                                                    ! CAUGHT: CascadeError - See previous log messages for details
</system-out></testcase><testcase classname="parsyfiles.tests.parsing_capabilities_by_type.test_parse_primitives" file="parsyfiles/tests/parsing_capabilities_by_type/test_parse_primitives.py" line="179" name="test_parse_by_type[int-err-txt-float--5.5.txt]" time="0.13945651054382324"><system-out>**** Starting to parse single object of type &lt;int&gt; at location /home/travis/build/smarie/python-parsyfiles/parsyfiles/tests/parsing_capabilities_by_type/primitives_data/int/err/txt-float--5.5 ****
Checking all files under [/home/travis/build/smarie/python-parsyfiles/parsyfiles/tests/parsing_capabilities_by_type/primitives_data/int/err/txt-float--5.5]
(C) /home/travis/build/smarie/python-parsyfiles/parsyfiles/tests/parsing_capabilities_by_type/primitives_data/int/err/txt-float--5.5 (singlefile, .txt)
File checks done

Building a parsing plan to parse [/home/travis/build/smarie/python-parsyfiles/parsyfiles/tests/parsing_capabilities_by_type/primitives_data/int/err/txt-float--5.5] into a int
(B) /home/travis/build/smarie/python-parsyfiles/parsyfiles/tests/parsing_capabilities_by_type/primitives_data/int/err/txt-float--5.5.txt -&gt; int ------- using [Try &apos;[Try &apos;$&lt;read_str_from_txt&gt; =&gt; &lt;str_to_int&gt;$&apos; then &apos;$&lt;read_str_from_txt&gt; =&gt; &lt;base64_ascii_str_pickle_to_object&gt; -&gt; &lt;bool_to_int&gt;$&apos; then &apos;$&lt;read_str_from_txt&gt; =&gt; &lt;base64_ascii_str_pickle_to_object&gt; -&gt; &lt;float_to_int&gt;$&apos; then &apos;$&lt;read_str_from_txt&gt; =&gt; &lt;base64_ascii_str_pickle_to_object&gt; -&gt; &lt;str_to_int&gt;$&apos; then &apos;$&lt;read_str_from_txt&gt; =&gt; &lt;str_to_bool&gt;$&apos; then &apos;$&lt;read_str_from_txt&gt; =&gt; &lt;base64_ascii_str_pickle_to_object&gt; -&gt; &lt;float_to_bool&gt;$&apos; then &apos;$&lt;read_str_from_txt&gt; =&gt; &lt;base64_ascii_str_pickle_to_object&gt; -&gt; &lt;int_to_bool&gt;$&apos; then &apos;$&lt;read_str_from_txt&gt; =&gt; &lt;base64_ascii_str_pickle_to_object&gt; -&gt; &lt;str_to_bool&gt;$&apos; then &apos;$&lt;read_str_from_txt&gt; =&gt; &lt;base64_ascii_str_pickle_to_object&gt;$]&apos;]&apos; -&gt; [int] then &apos;[Try &apos;$&lt;read_str_from_txt&gt; =&gt; &lt;str_to_bool&gt;$&apos; then &apos;$&lt;read_str_from_txt&gt; =&gt; &lt;base64_ascii_str_pickle_to_object&gt; -&gt; &lt;float_to_bool&gt;$&apos; then &apos;$&lt;read_str_from_txt&gt; =&gt; &lt;base64_ascii_str_pickle_to_object&gt; -&gt; &lt;int_to_bool&gt;$&apos; then &apos;$&lt;read_str_from_txt&gt; =&gt; &lt;base64_ascii_str_pickle_to_object&gt; -&gt; &lt;str_to_bool&gt;$&apos; then &apos;$&lt;read_str_from_txt&gt; =&gt; &lt;base64_ascii_str_pickle_to_object&gt;$]&apos;]&apos; -&gt; [bool] then &apos;[Try &apos;$&lt;read_str_from_txt&gt; =&gt; &lt;constructor_with_str_arg&gt;$&apos; then &apos;$&lt;read_str_from_txt&gt; =&gt; &lt;base64_ascii_str_pickle_to_object&gt;$]&apos;]&apos; -&gt; [_NamedIntConstant] then &apos;[Try &apos;$&lt;read_str_from_txt&gt; =&gt; &lt;constructor_with_str_arg&gt;$&apos; then &apos;$&lt;read_str_from_txt&gt; =&gt; &lt;base64_ascii_str_pickle_to_object&gt;$]&apos;]&apos; -&gt; [IntEnum] then &apos;[Try &apos;$&lt;read_str_from_txt&gt; =&gt; &lt;constructor_with_str_arg&gt;$&apos; then &apos;$&lt;read_str_from_txt&gt; =&gt; &lt;base64_ascii_str_pickle_to_object&gt;$]&apos;]&apos; -&gt; [Signals] then &apos;[Try &apos;$&lt;read_str_from_txt&gt; =&gt; &lt;constructor_with_str_arg&gt;$&apos; then &apos;$&lt;read_str_from_txt&gt; =&gt; &lt;base64_ascii_str_pickle_to_object&gt;$]&apos;]&apos; -&gt; [SocketKind] then &apos;[Try &apos;$&lt;read_str_from_txt&gt; =&gt; &lt;constructor_with_str_arg&gt;$&apos; then &apos;$&lt;read_str_from_txt&gt; =&gt; &lt;base64_ascii_str_pickle_to_object&gt;$]&apos;]&apos; -&gt; [HTTPStatus] then &apos;[Try &apos;$&lt;read_str_from_txt&gt; =&gt; &lt;constructor_with_str_arg&gt;$&apos; then &apos;$&lt;read_str_from_txt&gt; =&gt; &lt;base64_ascii_str_pickle_to_object&gt;$]&apos;]&apos; -&gt; [_SSLMethod] then &apos;[Try &apos;$&lt;read_str_from_txt&gt; =&gt; &lt;constructor_with_str_arg&gt;$&apos; then &apos;$&lt;read_str_from_txt&gt; =&gt; &lt;base64_ascii_str_pickle_to_object&gt;$]&apos;]&apos; -&gt; [_ParameterKind] then &apos;[Try &apos;$&lt;read_str_from_txt&gt; =&gt; &lt;constructor_with_str_arg&gt;$&apos; then &apos;$&lt;read_str_from_txt&gt; =&gt; &lt;base64_ascii_str_pickle_to_object&gt;$]&apos;]&apos; -&gt; [Sigmasks] then &apos;[Try &apos;$&lt;read_str_from_txt&gt; =&gt; &lt;constructor_with_str_arg&gt;$&apos; then &apos;$&lt;read_str_from_txt&gt; =&gt; &lt;base64_ascii_str_pickle_to_object&gt;$]&apos;]&apos; -&gt; [Handlers] then &apos;[Try &apos;$&lt;read_str_from_txt&gt; =&gt; &lt;constructor_with_str_arg&gt;$&apos; then &apos;$&lt;read_str_from_txt&gt; =&gt; &lt;base64_ascii_str_pickle_to_object&gt;$]&apos;]&apos; -&gt; [AddressFamily]]]
(B)                                                                                                                |--txt-float--5.5.txt -&gt; int ------- using [Try &apos;$&lt;read_str_from_txt&gt; =&gt; &lt;str_to_int&gt;$&apos; then &apos;$&lt;read_str_from_txt&gt; =&gt; &lt;base64_ascii_str_pickle_to_object&gt; -&gt; &lt;bool_to_int&gt;$&apos; then &apos;$&lt;read_str_from_txt&gt; =&gt; &lt;base64_ascii_str_pickle_to_object&gt; -&gt; &lt;float_to_int&gt;$&apos; then &apos;$&lt;read_str_from_txt&gt; =&gt; &lt;base64_ascii_str_pickle_to_object&gt; -&gt; &lt;str_to_int&gt;$&apos; then &apos;$&lt;read_str_from_txt&gt; =&gt; &lt;str_to_bool&gt;$&apos; then &apos;$&lt;read_str_from_txt&gt; =&gt; &lt;base64_ascii_str_pickle_to_object&gt; -&gt; &lt;float_to_bool&gt;$&apos; then &apos;$&lt;read_str_from_txt&gt; =&gt; &lt;base64_ascii_str_pickle_to_object&gt; -&gt; &lt;int_to_bool&gt;$&apos; then &apos;$&lt;read_str_from_txt&gt; =&gt; &lt;base64_ascii_str_pickle_to_object&gt; -&gt; &lt;str_to_bool&gt;$&apos; then &apos;$&lt;read_str_from_txt&gt; =&gt; &lt;base64_ascii_str_pickle_to_object&gt;$]&apos;]
(B)                                                                                                                |--txt-float--5.5.txt -&gt; int ------- using $&lt;read_str_from_txt&gt; =&gt; &lt;str_to_int&gt;$
Parsing Plan created successfully

Executing Parsing Plan for [/home/travis/build/smarie/python-parsyfiles/parsyfiles/tests/parsing_capabilities_by_type/primitives_data/int/err/txt-float--5.5]
(P) /home/travis/build/smarie/python-parsyfiles/parsyfiles/tests/parsing_capabilities_by_type/primitives_data/int/err/txt-float--5.5.txt -&gt; int ------- using $&lt;read_str_from_txt&gt; =&gt; &lt;str_to_int&gt;$
  !! Caught error during execution !!
  File &quot;/home/travis/build/smarie/python-parsyfiles/parsyfiles/converting_core.py&quot;, line 319, in convert
    return self._convert(desired_type, source_obj, logger, options)
  File &quot;/home/travis/build/smarie/python-parsyfiles/parsyfiles/converting_core.py&quot;, line 524, in _convert
    return self.conversion_method(desired_type, source_obj, logger, **opts)
  File &quot;/home/travis/build/smarie/python-parsyfiles/parsyfiles/plugins_base/support_for_primitive_types.py&quot;, line 50, in primitive_to_int
    raise ValueError(&apos;Cannot convert to int : source is a non-integer float: &apos; + str(source))
  ValueError : Cannot convert to int : source is a non-integer float: -5.5
(B)                                                                                                                |--txt-float--5.5.txt -&gt; int ------- using $&lt;read_str_from_txt&gt; =&gt; &lt;base64_ascii_str_pickle_to_object&gt; -&gt; &lt;bool_to_int&gt;$
Executing Parsing Plan for [/home/travis/build/smarie/python-parsyfiles/parsyfiles/tests/parsing_capabilities_by_type/primitives_data/int/err/txt-float--5.5]
(P) /home/travis/build/smarie/python-parsyfiles/parsyfiles/tests/parsing_capabilities_by_type/primitives_data/int/err/txt-float--5.5.txt -&gt; int ------- using $&lt;read_str_from_txt&gt; =&gt; &lt;base64_ascii_str_pickle_to_object&gt; -&gt; &lt;bool_to_int&gt;$
  !! Caught error during execution !!
  File &quot;/home/travis/build/smarie/python-parsyfiles/parsyfiles/converting_core.py&quot;, line 524, in _convert
    return self.conversion_method(desired_type, source_obj, logger, **opts)
  File &quot;/home/travis/build/smarie/python-parsyfiles/parsyfiles/plugins_base/support_for_objects.py&quot;, line 56, in base64_ascii_str_pickle_to_object
    return pickle.loads(base64.b64decode(b64_ascii_str), fix_imports=True, encoding=&quot;ASCII&quot;, errors=&quot;strict&quot;)
  File &quot;/home/travis/virtualenv/python3.5.5/lib/python3.5/base64.py&quot;, line 88, in b64decode
    return binascii.a2b_base64(s)
  Error : Incorrect padding
(B)                                                                                                                |--txt-float--5.5.txt -&gt; int ------- using $&lt;read_str_from_txt&gt; =&gt; &lt;base64_ascii_str_pickle_to_object&gt; -&gt; &lt;float_to_int&gt;$
Executing Parsing Plan for [/home/travis/build/smarie/python-parsyfiles/parsyfiles/tests/parsing_capabilities_by_type/primitives_data/int/err/txt-float--5.5]
(P) /home/travis/build/smarie/python-parsyfiles/parsyfiles/tests/parsing_capabilities_by_type/primitives_data/int/err/txt-float--5.5.txt -&gt; int ------- using $&lt;read_str_from_txt&gt; =&gt; &lt;base64_ascii_str_pickle_to_object&gt; -&gt; &lt;float_to_int&gt;$
  !! Caught error during execution !!
  File &quot;/home/travis/build/smarie/python-parsyfiles/parsyfiles/converting_core.py&quot;, line 524, in _convert
    return self.conversion_method(desired_type, source_obj, logger, **opts)
  File &quot;/home/travis/build/smarie/python-parsyfiles/parsyfiles/plugins_base/support_for_objects.py&quot;, line 56, in base64_ascii_str_pickle_to_object
    return pickle.loads(base64.b64decode(b64_ascii_str), fix_imports=True, encoding=&quot;ASCII&quot;, errors=&quot;strict&quot;)
  File &quot;/home/travis/virtualenv/python3.5.5/lib/python3.5/base64.py&quot;, line 88, in b64decode
    return binascii.a2b_base64(s)
  Error : Incorrect padding
(B)                                                                                                                |--txt-float--5.5.txt -&gt; int ------- using $&lt;read_str_from_txt&gt; =&gt; &lt;base64_ascii_str_pickle_to_object&gt; -&gt; &lt;str_to_int&gt;$
Executing Parsing Plan for [/home/travis/build/smarie/python-parsyfiles/parsyfiles/tests/parsing_capabilities_by_type/primitives_data/int/err/txt-float--5.5]
(P) /home/travis/build/smarie/python-parsyfiles/parsyfiles/tests/parsing_capabilities_by_type/primitives_data/int/err/txt-float--5.5.txt -&gt; int ------- using $&lt;read_str_from_txt&gt; =&gt; &lt;base64_ascii_str_pickle_to_object&gt; -&gt; &lt;str_to_int&gt;$
  !! Caught error during execution !!
  File &quot;/home/travis/build/smarie/python-parsyfiles/parsyfiles/converting_core.py&quot;, line 524, in _convert
    return self.conversion_method(desired_type, source_obj, logger, **opts)
  File &quot;/home/travis/build/smarie/python-parsyfiles/parsyfiles/plugins_base/support_for_objects.py&quot;, line 56, in base64_ascii_str_pickle_to_object
    return pickle.loads(base64.b64decode(b64_ascii_str), fix_imports=True, encoding=&quot;ASCII&quot;, errors=&quot;strict&quot;)
  File &quot;/home/travis/virtualenv/python3.5.5/lib/python3.5/base64.py&quot;, line 88, in b64decode
    return binascii.a2b_base64(s)
  Error : Incorrect padding
(B)                                                                                                                |--txt-float--5.5.txt -&gt; int ------- using $&lt;read_str_from_txt&gt; =&gt; &lt;str_to_bool&gt;$
Executing Parsing Plan for [/home/travis/build/smarie/python-parsyfiles/parsyfiles/tests/parsing_capabilities_by_type/primitives_data/int/err/txt-float--5.5]
(P) /home/travis/build/smarie/python-parsyfiles/parsyfiles/tests/parsing_capabilities_by_type/primitives_data/int/err/txt-float--5.5.txt -&gt; int ------- using $&lt;read_str_from_txt&gt; =&gt; &lt;str_to_bool&gt;$
  !! Caught error during execution !!
  File &quot;/home/travis/build/smarie/python-parsyfiles/parsyfiles/converting_core.py&quot;, line 524, in _convert
    return self.conversion_method(desired_type, source_obj, logger, **opts)
  File &quot;/home/travis/build/smarie/python-parsyfiles/parsyfiles/plugins_base/support_for_primitive_types.py&quot;, line 84, in primitive_to_bool
    return bool(strtobool(source))
  File &quot;/opt/python/3.5.5/lib/python3.5/distutils/util.py&quot;, line 317, in strtobool
    raise ValueError(&quot;invalid truth value %r&quot; % (val,))
  ValueError : invalid truth value &apos;-5.5&apos;
(B)                                                                                                                |--txt-float--5.5.txt -&gt; int ------- using $&lt;read_str_from_txt&gt; =&gt; &lt;base64_ascii_str_pickle_to_object&gt; -&gt; &lt;float_to_bool&gt;$
Executing Parsing Plan for [/home/travis/build/smarie/python-parsyfiles/parsyfiles/tests/parsing_capabilities_by_type/primitives_data/int/err/txt-float--5.5]
(P) /home/travis/build/smarie/python-parsyfiles/parsyfiles/tests/parsing_capabilities_by_type/primitives_data/int/err/txt-float--5.5.txt -&gt; int ------- using $&lt;read_str_from_txt&gt; =&gt; &lt;base64_ascii_str_pickle_to_object&gt; -&gt; &lt;float_to_bool&gt;$
  !! Caught error during execution !!
  File &quot;/home/travis/build/smarie/python-parsyfiles/parsyfiles/converting_core.py&quot;, line 524, in _convert
    return self.conversion_method(desired_type, source_obj, logger, **opts)
  File &quot;/home/travis/build/smarie/python-parsyfiles/parsyfiles/plugins_base/support_for_objects.py&quot;, line 56, in base64_ascii_str_pickle_to_object
    return pickle.loads(base64.b64decode(b64_ascii_str), fix_imports=True, encoding=&quot;ASCII&quot;, errors=&quot;strict&quot;)
  File &quot;/home/travis/virtualenv/python3.5.5/lib/python3.5/base64.py&quot;, line 88, in b64decode
    return binascii.a2b_base64(s)
  Error : Incorrect padding
(B)                                                                                                                |--txt-float--5.5.txt -&gt; int ------- using $&lt;read_str_from_txt&gt; =&gt; &lt;base64_ascii_str_pickle_to_object&gt; -&gt; &lt;int_to_bool&gt;$
Executing Parsing Plan for [/home/travis/build/smarie/python-parsyfiles/parsyfiles/tests/parsing_capabilities_by_type/primitives_data/int/err/txt-float--5.5]
(P) /home/travis/build/smarie/python-parsyfiles/parsyfiles/tests/parsing_capabilities_by_type/primitives_data/int/err/txt-float--5.5.txt -&gt; int ------- using $&lt;read_str_from_txt&gt; =&gt; &lt;base64_ascii_str_pickle_to_object&gt; -&gt; &lt;int_to_bool&gt;$
  !! Caught error during execution !!
  File &quot;/home/travis/build/smarie/python-parsyfiles/parsyfiles/converting_core.py&quot;, line 524, in _convert
    return self.conversion_method(desired_type, source_obj, logger, **opts)
  File &quot;/home/travis/build/smarie/python-parsyfiles/parsyfiles/plugins_base/support_for_objects.py&quot;, line 56, in base64_ascii_str_pickle_to_object
    return pickle.loads(base64.b64decode(b64_ascii_str), fix_imports=True, encoding=&quot;ASCII&quot;, errors=&quot;strict&quot;)
  File &quot;/home/travis/virtualenv/python3.5.5/lib/python3.5/base64.py&quot;, line 88, in b64decode
    return binascii.a2b_base64(s)
  Error : Incorrect padding
(B)                                                                                                                |--txt-float--5.5.txt -&gt; int ------- using $&lt;read_str_from_txt&gt; =&gt; &lt;base64_ascii_str_pickle_to_object&gt; -&gt; &lt;str_to_bool&gt;$
Executing Parsing Plan for [/home/travis/build/smarie/python-parsyfiles/parsyfiles/tests/parsing_capabilities_by_type/primitives_data/int/err/txt-float--5.5]
(P) /home/travis/build/smarie/python-parsyfiles/parsyfiles/tests/parsing_capabilities_by_type/primitives_data/int/err/txt-float--5.5.txt -&gt; int ------- using $&lt;read_str_from_txt&gt; =&gt; &lt;base64_ascii_str_pickle_to_object&gt; -&gt; &lt;str_to_bool&gt;$
  !! Caught error during execution !!
  File &quot;/home/travis/build/smarie/python-parsyfiles/parsyfiles/converting_core.py&quot;, line 524, in _convert
    return self.conversion_method(desired_type, source_obj, logger, **opts)
  File &quot;/home/travis/build/smarie/python-parsyfiles/parsyfiles/plugins_base/support_for_objects.py&quot;, line 56, in base64_ascii_str_pickle_to_object
    return pickle.loads(base64.b64decode(b64_ascii_str), fix_imports=True, encoding=&quot;ASCII&quot;, errors=&quot;strict&quot;)
  File &quot;/home/travis/virtualenv/python3.5.5/lib/python3.5/base64.py&quot;, line 88, in b64decode
    return binascii.a2b_base64(s)
  Error : Incorrect padding
(B)                                                                                                                |--txt-float--5.5.txt -&gt; int ------- using $&lt;read_str_from_txt&gt; =&gt; &lt;base64_ascii_str_pickle_to_object&gt;$
Executing Parsing Plan for [/home/travis/build/smarie/python-parsyfiles/parsyfiles/tests/parsing_capabilities_by_type/primitives_data/int/err/txt-float--5.5]
(P) /home/travis/build/smarie/python-parsyfiles/parsyfiles/tests/parsing_capabilities_by_type/primitives_data/int/err/txt-float--5.5.txt -&gt; int ------- using $&lt;read_str_from_txt&gt; =&gt; &lt;base64_ascii_str_pickle_to_object&gt;$
  !! Caught error during execution !!
  File &quot;/home/travis/build/smarie/python-parsyfiles/parsyfiles/converting_core.py&quot;, line 524, in _convert
    return self.conversion_method(desired_type, source_obj, logger, **opts)
  File &quot;/home/travis/build/smarie/python-parsyfiles/parsyfiles/plugins_base/support_for_objects.py&quot;, line 56, in base64_ascii_str_pickle_to_object
    return pickle.loads(base64.b64decode(b64_ascii_str), fix_imports=True, encoding=&quot;ASCII&quot;, errors=&quot;strict&quot;)
  File &quot;/home/travis/virtualenv/python3.5.5/lib/python3.5/base64.py&quot;, line 88, in b64decode
    return binascii.a2b_base64(s)
  Error : Incorrect padding
                                                                                                                    ! CAUGHT: CascadeError - See previous log messages for details
(B)                                                                                                                |--txt-float--5.5.txt -&gt; bool ------- using [Try &apos;$&lt;read_str_from_txt&gt; =&gt; &lt;str_to_bool&gt;$&apos; then &apos;$&lt;read_str_from_txt&gt; =&gt; &lt;base64_ascii_str_pickle_to_object&gt; -&gt; &lt;float_to_bool&gt;$&apos; then &apos;$&lt;read_str_from_txt&gt; =&gt; &lt;base64_ascii_str_pickle_to_object&gt; -&gt; &lt;int_to_bool&gt;$&apos; then &apos;$&lt;read_str_from_txt&gt; =&gt; &lt;base64_ascii_str_pickle_to_object&gt; -&gt; &lt;str_to_bool&gt;$&apos; then &apos;$&lt;read_str_from_txt&gt; =&gt; &lt;base64_ascii_str_pickle_to_object&gt;$]&apos;]
(B)                                                                                                                |--txt-float--5.5.txt -&gt; bool ------- using $&lt;read_str_from_txt&gt; =&gt; &lt;str_to_bool&gt;$
Executing Parsing Plan for [/home/travis/build/smarie/python-parsyfiles/parsyfiles/tests/parsing_capabilities_by_type/primitives_data/int/err/txt-float--5.5]
(P) /home/travis/build/smarie/python-parsyfiles/parsyfiles/tests/parsing_capabilities_by_type/primitives_data/int/err/txt-float--5.5.txt -&gt; bool ------- using $&lt;read_str_from_txt&gt; =&gt; &lt;str_to_bool&gt;$
  !! Caught error during execution !!
  File &quot;/home/travis/build/smarie/python-parsyfiles/parsyfiles/converting_core.py&quot;, line 524, in _convert
    return self.conversion_method(desired_type, source_obj, logger, **opts)
  File &quot;/home/travis/build/smarie/python-parsyfiles/parsyfiles/plugins_base/support_for_primitive_types.py&quot;, line 84, in primitive_to_bool
    return bool(strtobool(source))
  File &quot;/opt/python/3.5.5/lib/python3.5/distutils/util.py&quot;, line 317, in strtobool
    raise ValueError(&quot;invalid truth value %r&quot; % (val,))
  ValueError : invalid truth value &apos;-5.5&apos;
(B)                                                                                                                |--txt-float--5.5.txt -&gt; bool ------- using $&lt;read_str_from_txt&gt; =&gt; &lt;base64_ascii_str_pickle_to_object&gt; -&gt; &lt;float_to_bool&gt;$
Executing Parsing Plan for [/home/travis/build/smarie/python-parsyfiles/parsyfiles/tests/parsing_capabilities_by_type/primitives_data/int/err/txt-float--5.5]
(P) /home/travis/build/smarie/python-parsyfiles/parsyfiles/tests/parsing_capabilities_by_type/primitives_data/int/err/txt-float--5.5.txt -&gt; bool ------- using $&lt;read_str_from_txt&gt; =&gt; &lt;base64_ascii_str_pickle_to_object&gt; -&gt; &lt;float_to_bool&gt;$
  !! Caught error during execution !!
  File &quot;/home/travis/build/smarie/python-parsyfiles/parsyfiles/converting_core.py&quot;, line 524, in _convert
    return self.conversion_method(desired_type, source_obj, logger, **opts)
  File &quot;/home/travis/build/smarie/python-parsyfiles/parsyfiles/plugins_base/support_for_objects.py&quot;, line 56, in base64_ascii_str_pickle_to_object
    return pickle.loads(base64.b64decode(b64_ascii_str), fix_imports=True, encoding=&quot;ASCII&quot;, errors=&quot;strict&quot;)
  File &quot;/home/travis/virtualenv/python3.5.5/lib/python3.5/base64.py&quot;, line 88, in b64decode
    return binascii.a2b_base64(s)
  Error : Incorrect padding
(B)                                                                                                                |--txt-float--5.5.txt -&gt; bool ------- using $&lt;read_str_from_txt&gt; =&gt; &lt;base64_ascii_str_pickle_to_object&gt; -&gt; &lt;int_to_bool&gt;$
Executing Parsing Plan for [/home/travis/build/smarie/python-parsyfiles/parsyfiles/tests/parsing_capabilities_by_type/primitives_data/int/err/txt-float--5.5]
(P) /home/travis/build/smarie/python-parsyfiles/parsyfiles/tests/parsing_capabilities_by_type/primitives_data/int/err/txt-float--5.5.txt -&gt; bool ------- using $&lt;read_str_from_txt&gt; =&gt; &lt;base64_ascii_str_pickle_to_object&gt; -&gt; &lt;int_to_bool&gt;$
  !! Caught error during execution !!
  File &quot;/home/travis/build/smarie/python-parsyfiles/parsyfiles/converting_core.py&quot;, line 524, in _convert
    return self.conversion_method(desired_type, source_obj, logger, **opts)
  File &quot;/home/travis/build/smarie/python-parsyfiles/parsyfiles/plugins_base/support_for_objects.py&quot;, line 56, in base64_ascii_str_pickle_to_object
    return pickle.loads(base64.b64decode(b64_ascii_str), fix_imports=True, encoding=&quot;ASCII&quot;, errors=&quot;strict&quot;)
  File &quot;/home/travis/virtualenv/python3.5.5/lib/python3.5/base64.py&quot;, line 88, in b64decode
    return binascii.a2b_base64(s)
  Error : Incorrect padding
(B)                                                                                                                |--txt-float--5.5.txt -&gt; bool ------- using $&lt;read_str_from_txt&gt; =&gt; &lt;base64_ascii_str_pickle_to_object&gt; -&gt; &lt;str_to_bool&gt;$
Executing Parsing Plan for [/home/travis/build/smarie/python-parsyfiles/parsyfiles/tests/parsing_capabilities_by_type/primitives_data/int/err/txt-float--5.5]
(P) /home/travis/build/smarie/python-parsyfiles/parsyfiles/tests/parsing_capabilities_by_type/primitives_data/int/err/txt-float--5.5.txt -&gt; bool ------- using $&lt;read_str_from_txt&gt; =&gt; &lt;base64_ascii_str_pickle_to_object&gt; -&gt; &lt;str_to_bool&gt;$
  !! Caught error during execution !!
  File &quot;/home/travis/build/smarie/python-parsyfiles/parsyfiles/converting_core.py&quot;, line 524, in _convert
    return self.conversion_method(desired_type, source_obj, logger, **opts)
  File &quot;/home/travis/build/smarie/python-parsyfiles/parsyfiles/plugins_base/support_for_objects.py&quot;, line 56, in base64_ascii_str_pickle_to_object
    return pickle.loads(base64.b64decode(b64_ascii_str), fix_imports=True, encoding=&quot;ASCII&quot;, errors=&quot;strict&quot;)
  File &quot;/home/travis/virtualenv/python3.5.5/lib/python3.5/base64.py&quot;, line 88, in b64decode
    return binascii.a2b_base64(s)
  Error : Incorrect padding
(B)                                                                                                                |--txt-float--5.5.txt -&gt; bool ------- using $&lt;read_str_from_txt&gt; =&gt; &lt;base64_ascii_str_pickle_to_object&gt;$
Executing Parsing Plan for [/home/travis/build/smarie/python-parsyfiles/parsyfiles/tests/parsing_capabilities_by_type/primitives_data/int/err/txt-float--5.5]
(P) /home/travis/build/smarie/python-parsyfiles/parsyfiles/tests/parsing_capabilities_by_type/primitives_data/int/err/txt-float--5.5.txt -&gt; bool ------- using $&lt;read_str_from_txt&gt; =&gt; &lt;base64_ascii_str_pickle_to_object&gt;$
  !! Caught error during execution !!
  File &quot;/home/travis/build/smarie/python-parsyfiles/parsyfiles/converting_core.py&quot;, line 524, in _convert
    return self.conversion_method(desired_type, source_obj, logger, **opts)
  File &quot;/home/travis/build/smarie/python-parsyfiles/parsyfiles/plugins_base/support_for_objects.py&quot;, line 56, in base64_ascii_str_pickle_to_object
    return pickle.loads(base64.b64decode(b64_ascii_str), fix_imports=True, encoding=&quot;ASCII&quot;, errors=&quot;strict&quot;)
  File &quot;/home/travis/virtualenv/python3.5.5/lib/python3.5/base64.py&quot;, line 88, in b64decode
    return binascii.a2b_base64(s)
  Error : Incorrect padding
                                                                                                                    ! CAUGHT: CascadeError - See previous log messages for details
(B)                                                                                                                |--txt-float--5.5.txt -&gt; _NamedIntConstant ------- using [Try &apos;$&lt;read_str_from_txt&gt; =&gt; &lt;constructor_with_str_arg&gt;$&apos; then &apos;$&lt;read_str_from_txt&gt; =&gt; &lt;base64_ascii_str_pickle_to_object&gt;$]&apos;]
(B)                                                                                                                |--txt-float--5.5.txt -&gt; _NamedIntConstant ------- using $&lt;read_str_from_txt&gt; =&gt; &lt;constructor_with_str_arg&gt;$
Executing Parsing Plan for [/home/travis/build/smarie/python-parsyfiles/parsyfiles/tests/parsing_capabilities_by_type/primitives_data/int/err/txt-float--5.5]
(P) /home/travis/build/smarie/python-parsyfiles/parsyfiles/tests/parsing_capabilities_by_type/primitives_data/int/err/txt-float--5.5.txt -&gt; _NamedIntConstant ------- using $&lt;read_str_from_txt&gt; =&gt; &lt;constructor_with_str_arg&gt;$
  !! Caught error during execution !!
  File &quot;/home/travis/build/smarie/python-parsyfiles/parsyfiles/converting_core.py&quot;, line 532, in _convert
    raise CaughtTypeError.create(self.conversion_method, e)
  File &quot;/home/travis/build/smarie/python-parsyfiles/parsyfiles/converting_core.py&quot;, line 524, in _convert
    return self.conversion_method(desired_type, source_obj, logger, **opts)
  File &quot;/home/travis/build/smarie/python-parsyfiles/parsyfiles/plugins_base/support_for_primitive_types.py&quot;, line 111, in constructor_with_str_arg
    return desired_type(source)
  CaughtTypeError : Caught TypeError while calling conversion function &apos;constructor_with_str_arg&apos;. Note that the conversion function signature should be &apos;def my_convert_fun(desired_type: Type[T], source: S, logger: Logger, **kwargs) -&gt; T&apos; (unpacked options mode - default) or def my_convert_fun(desired_type: Type[T], source: S, logger: Logger, options: Dict[str, Dict[str, Any]]) -&gt; T (unpack_options = False).Caught error message is : TypeError : __new__() missing 1 required positional argument: &apos;name&apos;
(B)                                                                                                                |--txt-float--5.5.txt -&gt; _NamedIntConstant ------- using $&lt;read_str_from_txt&gt; =&gt; &lt;base64_ascii_str_pickle_to_object&gt;$
Executing Parsing Plan for [/home/travis/build/smarie/python-parsyfiles/parsyfiles/tests/parsing_capabilities_by_type/primitives_data/int/err/txt-float--5.5]
(P) /home/travis/build/smarie/python-parsyfiles/parsyfiles/tests/parsing_capabilities_by_type/primitives_data/int/err/txt-float--5.5.txt -&gt; _NamedIntConstant ------- using $&lt;read_str_from_txt&gt; =&gt; &lt;base64_ascii_str_pickle_to_object&gt;$
  !! Caught error during execution !!
  File &quot;/home/travis/build/smarie/python-parsyfiles/parsyfiles/converting_core.py&quot;, line 524, in _convert
    return self.conversion_method(desired_type, source_obj, logger, **opts)
  File &quot;/home/travis/build/smarie/python-parsyfiles/parsyfiles/plugins_base/support_for_objects.py&quot;, line 56, in base64_ascii_str_pickle_to_object
    return pickle.loads(base64.b64decode(b64_ascii_str), fix_imports=True, encoding=&quot;ASCII&quot;, errors=&quot;strict&quot;)
  File &quot;/home/travis/virtualenv/python3.5.5/lib/python3.5/base64.py&quot;, line 88, in b64decode
    return binascii.a2b_base64(s)
  Error : Incorrect padding
                                                                                                                    ! CAUGHT: CascadeError - See previous log messages for details
(B)                                                                                                                |--txt-float--5.5.txt -&gt; IntEnum ------- using [Try &apos;$&lt;read_str_from_txt&gt; =&gt; &lt;constructor_with_str_arg&gt;$&apos; then &apos;$&lt;read_str_from_txt&gt; =&gt; &lt;base64_ascii_str_pickle_to_object&gt;$]&apos;]
(B)                                                                                                                |--txt-float--5.5.txt -&gt; IntEnum ------- using $&lt;read_str_from_txt&gt; =&gt; &lt;constructor_with_str_arg&gt;$
Executing Parsing Plan for [/home/travis/build/smarie/python-parsyfiles/parsyfiles/tests/parsing_capabilities_by_type/primitives_data/int/err/txt-float--5.5]
(P) /home/travis/build/smarie/python-parsyfiles/parsyfiles/tests/parsing_capabilities_by_type/primitives_data/int/err/txt-float--5.5.txt -&gt; IntEnum ------- using $&lt;read_str_from_txt&gt; =&gt; &lt;constructor_with_str_arg&gt;$
  !! Caught error during execution !!
  File &quot;/home/travis/build/smarie/python-parsyfiles/parsyfiles/plugins_base/support_for_primitive_types.py&quot;, line 111, in constructor_with_str_arg
    return desired_type(source)
  File &quot;/opt/python/3.5.5/lib/python3.5/enum.py&quot;, line 241, in __call__
    return cls.__new__(cls, value)
  File &quot;/opt/python/3.5.5/lib/python3.5/enum.py&quot;, line 476, in __new__
    raise ValueError(&quot;%r is not a valid %s&quot; % (value, cls.__name__))
  ValueError : &apos;-5.5&apos; is not a valid IntEnum
(B)                                                                                                                |--txt-float--5.5.txt -&gt; IntEnum ------- using $&lt;read_str_from_txt&gt; =&gt; &lt;base64_ascii_str_pickle_to_object&gt;$
Executing Parsing Plan for [/home/travis/build/smarie/python-parsyfiles/parsyfiles/tests/parsing_capabilities_by_type/primitives_data/int/err/txt-float--5.5]
(P) /home/travis/build/smarie/python-parsyfiles/parsyfiles/tests/parsing_capabilities_by_type/primitives_data/int/err/txt-float--5.5.txt -&gt; IntEnum ------- using $&lt;read_str_from_txt&gt; =&gt; &lt;base64_ascii_str_pickle_to_object&gt;$
  !! Caught error during execution !!
  File &quot;/home/travis/build/smarie/python-parsyfiles/parsyfiles/converting_core.py&quot;, line 524, in _convert
    return self.conversion_method(desired_type, source_obj, logger, **opts)
  File &quot;/home/travis/build/smarie/python-parsyfiles/parsyfiles/plugins_base/support_for_objects.py&quot;, line 56, in base64_ascii_str_pickle_to_object
    return pickle.loads(base64.b64decode(b64_ascii_str), fix_imports=True, encoding=&quot;ASCII&quot;, errors=&quot;strict&quot;)
  File &quot;/home/travis/virtualenv/python3.5.5/lib/python3.5/base64.py&quot;, line 88, in b64decode
    return binascii.a2b_base64(s)
  Error : Incorrect padding
                                                                                                                    ! CAUGHT: CascadeError - See previous log messages for details
(B)                                                                                                                |--txt-float--5.5.txt -&gt; Signals ------- using [Try &apos;$&lt;read_str_from_txt&gt; =&gt; &lt;constructor_with_str_arg&gt;$&apos; then &apos;$&lt;read_str_from_txt&gt; =&gt; &lt;base64_ascii_str_pickle_to_object&gt;$]&apos;]
(B)                                                                                                                |--txt-float--5.5.txt -&gt; Signals ------- using $&lt;read_str_from_txt&gt; =&gt; &lt;constructor_with_str_arg&gt;$
Executing Parsing Plan for [/home/travis/build/smarie/python-parsyfiles/parsyfiles/tests/parsing_capabilities_by_type/primitives_data/int/err/txt-float--5.5]
(P) /home/travis/build/smarie/python-parsyfiles/parsyfiles/tests/parsing_capabilities_by_type/primitives_data/int/err/txt-float--5.5.txt -&gt; Signals ------- using $&lt;read_str_from_txt&gt; =&gt; &lt;constructor_with_str_arg&gt;$
  !! Caught error during execution !!
  File &quot;/home/travis/build/smarie/python-parsyfiles/parsyfiles/plugins_base/support_for_primitive_types.py&quot;, line 111, in constructor_with_str_arg
    return desired_type(source)
  File &quot;/opt/python/3.5.5/lib/python3.5/enum.py&quot;, line 241, in __call__
    return cls.__new__(cls, value)
  File &quot;/opt/python/3.5.5/lib/python3.5/enum.py&quot;, line 476, in __new__
    raise ValueError(&quot;%r is not a valid %s&quot; % (value, cls.__name__))
  ValueError : &apos;-5.5&apos; is not a valid Signals
(B)                                                                                                                |--txt-float--5.5.txt -&gt; Signals ------- using $&lt;read_str_from_txt&gt; =&gt; &lt;base64_ascii_str_pickle_to_object&gt;$
Executing Parsing Plan for [/home/travis/build/smarie/python-parsyfiles/parsyfiles/tests/parsing_capabilities_by_type/primitives_data/int/err/txt-float--5.5]
(P) /home/travis/build/smarie/python-parsyfiles/parsyfiles/tests/parsing_capabilities_by_type/primitives_data/int/err/txt-float--5.5.txt -&gt; Signals ------- using $&lt;read_str_from_txt&gt; =&gt; &lt;base64_ascii_str_pickle_to_object&gt;$
  !! Caught error during execution !!
  File &quot;/home/travis/build/smarie/python-parsyfiles/parsyfiles/converting_core.py&quot;, line 524, in _convert
    return self.conversion_method(desired_type, source_obj, logger, **opts)
  File &quot;/home/travis/build/smarie/python-parsyfiles/parsyfiles/plugins_base/support_for_objects.py&quot;, line 56, in base64_ascii_str_pickle_to_object
    return pickle.loads(base64.b64decode(b64_ascii_str), fix_imports=True, encoding=&quot;ASCII&quot;, errors=&quot;strict&quot;)
  File &quot;/home/travis/virtualenv/python3.5.5/lib/python3.5/base64.py&quot;, line 88, in b64decode
    return binascii.a2b_base64(s)
  Error : Incorrect padding
                                                                                                                    ! CAUGHT: CascadeError - See previous log messages for details
(B)                                                                                                                |--txt-float--5.5.txt -&gt; SocketKind ------- using [Try &apos;$&lt;read_str_from_txt&gt; =&gt; &lt;constructor_with_str_arg&gt;$&apos; then &apos;$&lt;read_str_from_txt&gt; =&gt; &lt;base64_ascii_str_pickle_to_object&gt;$]&apos;]
(B)                                                                                                                |--txt-float--5.5.txt -&gt; SocketKind ------- using $&lt;read_str_from_txt&gt; =&gt; &lt;constructor_with_str_arg&gt;$
Executing Parsing Plan for [/home/travis/build/smarie/python-parsyfiles/parsyfiles/tests/parsing_capabilities_by_type/primitives_data/int/err/txt-float--5.5]
(P) /home/travis/build/smarie/python-parsyfiles/parsyfiles/tests/parsing_capabilities_by_type/primitives_data/int/err/txt-float--5.5.txt -&gt; SocketKind ------- using $&lt;read_str_from_txt&gt; =&gt; &lt;constructor_with_str_arg&gt;$
  !! Caught error during execution !!
  File &quot;/home/travis/build/smarie/python-parsyfiles/parsyfiles/plugins_base/support_for_primitive_types.py&quot;, line 111, in constructor_with_str_arg
    return desired_type(source)
  File &quot;/opt/python/3.5.5/lib/python3.5/enum.py&quot;, line 241, in __call__
    return cls.__new__(cls, value)
  File &quot;/opt/python/3.5.5/lib/python3.5/enum.py&quot;, line 476, in __new__
    raise ValueError(&quot;%r is not a valid %s&quot; % (value, cls.__name__))
  ValueError : &apos;-5.5&apos; is not a valid SocketKind
(B)                                                                                                                |--txt-float--5.5.txt -&gt; SocketKind ------- using $&lt;read_str_from_txt&gt; =&gt; &lt;base64_ascii_str_pickle_to_object&gt;$
Executing Parsing Plan for [/home/travis/build/smarie/python-parsyfiles/parsyfiles/tests/parsing_capabilities_by_type/primitives_data/int/err/txt-float--5.5]
(P) /home/travis/build/smarie/python-parsyfiles/parsyfiles/tests/parsing_capabilities_by_type/primitives_data/int/err/txt-float--5.5.txt -&gt; SocketKind ------- using $&lt;read_str_from_txt&gt; =&gt; &lt;base64_ascii_str_pickle_to_object&gt;$
  !! Caught error during execution !!
  File &quot;/home/travis/build/smarie/python-parsyfiles/parsyfiles/converting_core.py&quot;, line 524, in _convert
    return self.conversion_method(desired_type, source_obj, logger, **opts)
  File &quot;/home/travis/build/smarie/python-parsyfiles/parsyfiles/plugins_base/support_for_objects.py&quot;, line 56, in base64_ascii_str_pickle_to_object
    return pickle.loads(base64.b64decode(b64_ascii_str), fix_imports=True, encoding=&quot;ASCII&quot;, errors=&quot;strict&quot;)
  File &quot;/home/travis/virtualenv/python3.5.5/lib/python3.5/base64.py&quot;, line 88, in b64decode
    return binascii.a2b_base64(s)
  Error : Incorrect padding
                                                                                                                    ! CAUGHT: CascadeError - See previous log messages for details
(B)                                                                                                                |--txt-float--5.5.txt -&gt; HTTPStatus ------- using [Try &apos;$&lt;read_str_from_txt&gt; =&gt; &lt;constructor_with_str_arg&gt;$&apos; then &apos;$&lt;read_str_from_txt&gt; =&gt; &lt;base64_ascii_str_pickle_to_object&gt;$]&apos;]
(B)                                                                                                                |--txt-float--5.5.txt -&gt; HTTPStatus ------- using $&lt;read_str_from_txt&gt; =&gt; &lt;constructor_with_str_arg&gt;$
Executing Parsing Plan for [/home/travis/build/smarie/python-parsyfiles/parsyfiles/tests/parsing_capabilities_by_type/primitives_data/int/err/txt-float--5.5]
(P) /home/travis/build/smarie/python-parsyfiles/parsyfiles/tests/parsing_capabilities_by_type/primitives_data/int/err/txt-float--5.5.txt -&gt; HTTPStatus ------- using $&lt;read_str_from_txt&gt; =&gt; &lt;constructor_with_str_arg&gt;$
  !! Caught error during execution !!
  File &quot;/home/travis/build/smarie/python-parsyfiles/parsyfiles/plugins_base/support_for_primitive_types.py&quot;, line 111, in constructor_with_str_arg
    return desired_type(source)
  File &quot;/opt/python/3.5.5/lib/python3.5/enum.py&quot;, line 241, in __call__
    return cls.__new__(cls, value)
  File &quot;/opt/python/3.5.5/lib/python3.5/enum.py&quot;, line 476, in __new__
    raise ValueError(&quot;%r is not a valid %s&quot; % (value, cls.__name__))
  ValueError : &apos;-5.5&apos; is not a valid HTTPStatus
(B)                                                                                                                |--txt-float--5.5.txt -&gt; HTTPStatus ------- using $&lt;read_str_from_txt&gt; =&gt; &lt;base64_ascii_str_pickle_to_object&gt;$
Executing Parsing Plan for [/home/travis/build/smarie/python-parsyfiles/parsyfiles/tests/parsing_capabilities_by_type/primitives_data/int/err/txt-float--5.5]
(P) /home/travis/build/smarie/python-parsyfiles/parsyfiles/tests/parsing_capabilities_by_type/primitives_data/int/err/txt-float--5.5.txt -&gt; HTTPStatus ------- using $&lt;read_str_from_txt&gt; =&gt; &lt;base64_ascii_str_pickle_to_object&gt;$
  !! Caught error during execution !!
  File &quot;/home/travis/build/smarie/python-parsyfiles/parsyfiles/converting_core.py&quot;, line 524, in _convert
    return self.conversion_method(desired_type, source_obj, logger, **opts)
  File &quot;/home/travis/build/smarie/python-parsyfiles/parsyfiles/plugins_base/support_for_objects.py&quot;, line 56, in base64_ascii_str_pickle_to_object
    return pickle.loads(base64.b64decode(b64_ascii_str), fix_imports=True, encoding=&quot;ASCII&quot;, errors=&quot;strict&quot;)
  File &quot;/home/travis/virtualenv/python3.5.5/lib/python3.5/base64.py&quot;, line 88, in b64decode
    return binascii.a2b_base64(s)
  Error : Incorrect padding
                                                                                                                    ! CAUGHT: CascadeError - See previous log messages for details
(B)                                                                                                                |--txt-float--5.5.txt -&gt; _SSLMethod ------- using [Try &apos;$&lt;read_str_from_txt&gt; =&gt; &lt;constructor_with_str_arg&gt;$&apos; then &apos;$&lt;read_str_from_txt&gt; =&gt; &lt;base64_ascii_str_pickle_to_object&gt;$]&apos;]
(B)                                                                                                                |--txt-float--5.5.txt -&gt; _SSLMethod ------- using $&lt;read_str_from_txt&gt; =&gt; &lt;constructor_with_str_arg&gt;$
Executing Parsing Plan for [/home/travis/build/smarie/python-parsyfiles/parsyfiles/tests/parsing_capabilities_by_type/primitives_data/int/err/txt-float--5.5]
(P) /home/travis/build/smarie/python-parsyfiles/parsyfiles/tests/parsing_capabilities_by_type/primitives_data/int/err/txt-float--5.5.txt -&gt; _SSLMethod ------- using $&lt;read_str_from_txt&gt; =&gt; &lt;constructor_with_str_arg&gt;$
  !! Caught error during execution !!
  File &quot;/home/travis/build/smarie/python-parsyfiles/parsyfiles/plugins_base/support_for_primitive_types.py&quot;, line 111, in constructor_with_str_arg
    return desired_type(source)
  File &quot;/opt/python/3.5.5/lib/python3.5/enum.py&quot;, line 241, in __call__
    return cls.__new__(cls, value)
  File &quot;/opt/python/3.5.5/lib/python3.5/enum.py&quot;, line 476, in __new__
    raise ValueError(&quot;%r is not a valid %s&quot; % (value, cls.__name__))
  ValueError : &apos;-5.5&apos; is not a valid _SSLMethod
(B)                                                                                                                |--txt-float--5.5.txt -&gt; _SSLMethod ------- using $&lt;read_str_from_txt&gt; =&gt; &lt;base64_ascii_str_pickle_to_object&gt;$
Executing Parsing Plan for [/home/travis/build/smarie/python-parsyfiles/parsyfiles/tests/parsing_capabilities_by_type/primitives_data/int/err/txt-float--5.5]
(P) /home/travis/build/smarie/python-parsyfiles/parsyfiles/tests/parsing_capabilities_by_type/primitives_data/int/err/txt-float--5.5.txt -&gt; _SSLMethod ------- using $&lt;read_str_from_txt&gt; =&gt; &lt;base64_ascii_str_pickle_to_object&gt;$
  !! Caught error during execution !!
  File &quot;/home/travis/build/smarie/python-parsyfiles/parsyfiles/converting_core.py&quot;, line 524, in _convert
    return self.conversion_method(desired_type, source_obj, logger, **opts)
  File &quot;/home/travis/build/smarie/python-parsyfiles/parsyfiles/plugins_base/support_for_objects.py&quot;, line 56, in base64_ascii_str_pickle_to_object
    return pickle.loads(base64.b64decode(b64_ascii_str), fix_imports=True, encoding=&quot;ASCII&quot;, errors=&quot;strict&quot;)
  File &quot;/home/travis/virtualenv/python3.5.5/lib/python3.5/base64.py&quot;, line 88, in b64decode
    return binascii.a2b_base64(s)
  Error : Incorrect padding
                                                                                                                    ! CAUGHT: CascadeError - See previous log messages for details
(B)                                                                                                                |--txt-float--5.5.txt -&gt; _ParameterKind ------- using [Try &apos;$&lt;read_str_from_txt&gt; =&gt; &lt;constructor_with_str_arg&gt;$&apos; then &apos;$&lt;read_str_from_txt&gt; =&gt; &lt;base64_ascii_str_pickle_to_object&gt;$]&apos;]
(B)                                                                                                                |--txt-float--5.5.txt -&gt; _ParameterKind ------- using $&lt;read_str_from_txt&gt; =&gt; &lt;constructor_with_str_arg&gt;$
Executing Parsing Plan for [/home/travis/build/smarie/python-parsyfiles/parsyfiles/tests/parsing_capabilities_by_type/primitives_data/int/err/txt-float--5.5]
(P) /home/travis/build/smarie/python-parsyfiles/parsyfiles/tests/parsing_capabilities_by_type/primitives_data/int/err/txt-float--5.5.txt -&gt; _ParameterKind ------- using $&lt;read_str_from_txt&gt; =&gt; &lt;constructor_with_str_arg&gt;$
  !! Caught error during execution !!
  File &quot;/home/travis/build/smarie/python-parsyfiles/parsyfiles/plugins_base/support_for_primitive_types.py&quot;, line 111, in constructor_with_str_arg
    return desired_type(source)
  File &quot;/opt/python/3.5.5/lib/python3.5/enum.py&quot;, line 241, in __call__
    return cls.__new__(cls, value)
  File &quot;/opt/python/3.5.5/lib/python3.5/enum.py&quot;, line 476, in __new__
    raise ValueError(&quot;%r is not a valid %s&quot; % (value, cls.__name__))
  ValueError : &apos;-5.5&apos; is not a valid _ParameterKind
(B)                                                                                                                |--txt-float--5.5.txt -&gt; _ParameterKind ------- using $&lt;read_str_from_txt&gt; =&gt; &lt;base64_ascii_str_pickle_to_object&gt;$
Executing Parsing Plan for [/home/travis/build/smarie/python-parsyfiles/parsyfiles/tests/parsing_capabilities_by_type/primitives_data/int/err/txt-float--5.5]
(P) /home/travis/build/smarie/python-parsyfiles/parsyfiles/tests/parsing_capabilities_by_type/primitives_data/int/err/txt-float--5.5.txt -&gt; _ParameterKind ------- using $&lt;read_str_from_txt&gt; =&gt; &lt;base64_ascii_str_pickle_to_object&gt;$
  !! Caught error during execution !!
  File &quot;/home/travis/build/smarie/python-parsyfiles/parsyfiles/converting_core.py&quot;, line 524, in _convert
    return self.conversion_method(desired_type, source_obj, logger, **opts)
  File &quot;/home/travis/build/smarie/python-parsyfiles/parsyfiles/plugins_base/support_for_objects.py&quot;, line 56, in base64_ascii_str_pickle_to_object
    return pickle.loads(base64.b64decode(b64_ascii_str), fix_imports=True, encoding=&quot;ASCII&quot;, errors=&quot;strict&quot;)
  File &quot;/home/travis/virtualenv/python3.5.5/lib/python3.5/base64.py&quot;, line 88, in b64decode
    return binascii.a2b_base64(s)
  Error : Incorrect padding
                                                                                                                    ! CAUGHT: CascadeError - See previous log messages for details
(B)                                                                                                                |--txt-float--5.5.txt -&gt; Sigmasks ------- using [Try &apos;$&lt;read_str_from_txt&gt; =&gt; &lt;constructor_with_str_arg&gt;$&apos; then &apos;$&lt;read_str_from_txt&gt; =&gt; &lt;base64_ascii_str_pickle_to_object&gt;$]&apos;]
(B)                                                                                                                |--txt-float--5.5.txt -&gt; Sigmasks ------- using $&lt;read_str_from_txt&gt; =&gt; &lt;constructor_with_str_arg&gt;$
Executing Parsing Plan for [/home/travis/build/smarie/python-parsyfiles/parsyfiles/tests/parsing_capabilities_by_type/primitives_data/int/err/txt-float--5.5]
(P) /home/travis/build/smarie/python-parsyfiles/parsyfiles/tests/parsing_capabilities_by_type/primitives_data/int/err/txt-float--5.5.txt -&gt; Sigmasks ------- using $&lt;read_str_from_txt&gt; =&gt; &lt;constructor_with_str_arg&gt;$
  !! Caught error during execution !!
  File &quot;/home/travis/build/smarie/python-parsyfiles/parsyfiles/plugins_base/support_for_primitive_types.py&quot;, line 111, in constructor_with_str_arg
    return desired_type(source)
  File &quot;/opt/python/3.5.5/lib/python3.5/enum.py&quot;, line 241, in __call__
    return cls.__new__(cls, value)
  File &quot;/opt/python/3.5.5/lib/python3.5/enum.py&quot;, line 476, in __new__
    raise ValueError(&quot;%r is not a valid %s&quot; % (value, cls.__name__))
  ValueError : &apos;-5.5&apos; is not a valid Sigmasks
(B)                                                                                                                |--txt-float--5.5.txt -&gt; Sigmasks ------- using $&lt;read_str_from_txt&gt; =&gt; &lt;base64_ascii_str_pickle_to_object&gt;$
Executing Parsing Plan for [/home/travis/build/smarie/python-parsyfiles/parsyfiles/tests/parsing_capabilities_by_type/primitives_data/int/err/txt-float--5.5]
(P) /home/travis/build/smarie/python-parsyfiles/parsyfiles/tests/parsing_capabilities_by_type/primitives_data/int/err/txt-float--5.5.txt -&gt; Sigmasks ------- using $&lt;read_str_from_txt&gt; =&gt; &lt;base64_ascii_str_pickle_to_object&gt;$
  !! Caught error during execution !!
  File &quot;/home/travis/build/smarie/python-parsyfiles/parsyfiles/converting_core.py&quot;, line 524, in _convert
    return self.conversion_method(desired_type, source_obj, logger, **opts)
  File &quot;/home/travis/build/smarie/python-parsyfiles/parsyfiles/plugins_base/support_for_objects.py&quot;, line 56, in base64_ascii_str_pickle_to_object
    return pickle.loads(base64.b64decode(b64_ascii_str), fix_imports=True, encoding=&quot;ASCII&quot;, errors=&quot;strict&quot;)
  File &quot;/home/travis/virtualenv/python3.5.5/lib/python3.5/base64.py&quot;, line 88, in b64decode
    return binascii.a2b_base64(s)
  Error : Incorrect padding
                                                                                                                    ! CAUGHT: CascadeError - See previous log messages for details
(B)                                                                                                                |--txt-float--5.5.txt -&gt; Handlers ------- using [Try &apos;$&lt;read_str_from_txt&gt; =&gt; &lt;constructor_with_str_arg&gt;$&apos; then &apos;$&lt;read_str_from_txt&gt; =&gt; &lt;base64_ascii_str_pickle_to_object&gt;$]&apos;]
(B)                                                                                                                |--txt-float--5.5.txt -&gt; Handlers ------- using $&lt;read_str_from_txt&gt; =&gt; &lt;constructor_with_str_arg&gt;$
Executing Parsing Plan for [/home/travis/build/smarie/python-parsyfiles/parsyfiles/tests/parsing_capabilities_by_type/primitives_data/int/err/txt-float--5.5]
(P) /home/travis/build/smarie/python-parsyfiles/parsyfiles/tests/parsing_capabilities_by_type/primitives_data/int/err/txt-float--5.5.txt -&gt; Handlers ------- using $&lt;read_str_from_txt&gt; =&gt; &lt;constructor_with_str_arg&gt;$
  !! Caught error during execution !!
  File &quot;/home/travis/build/smarie/python-parsyfiles/parsyfiles/plugins_base/support_for_primitive_types.py&quot;, line 111, in constructor_with_str_arg
    return desired_type(source)
  File &quot;/opt/python/3.5.5/lib/python3.5/enum.py&quot;, line 241, in __call__
    return cls.__new__(cls, value)
  File &quot;/opt/python/3.5.5/lib/python3.5/enum.py&quot;, line 476, in __new__
    raise ValueError(&quot;%r is not a valid %s&quot; % (value, cls.__name__))
  ValueError : &apos;-5.5&apos; is not a valid Handlers
(B)                                                                                                                |--txt-float--5.5.txt -&gt; Handlers ------- using $&lt;read_str_from_txt&gt; =&gt; &lt;base64_ascii_str_pickle_to_object&gt;$
Executing Parsing Plan for [/home/travis/build/smarie/python-parsyfiles/parsyfiles/tests/parsing_capabilities_by_type/primitives_data/int/err/txt-float--5.5]
(P) /home/travis/build/smarie/python-parsyfiles/parsyfiles/tests/parsing_capabilities_by_type/primitives_data/int/err/txt-float--5.5.txt -&gt; Handlers ------- using $&lt;read_str_from_txt&gt; =&gt; &lt;base64_ascii_str_pickle_to_object&gt;$
  !! Caught error during execution !!
  File &quot;/home/travis/build/smarie/python-parsyfiles/parsyfiles/converting_core.py&quot;, line 524, in _convert
    return self.conversion_method(desired_type, source_obj, logger, **opts)
  File &quot;/home/travis/build/smarie/python-parsyfiles/parsyfiles/plugins_base/support_for_objects.py&quot;, line 56, in base64_ascii_str_pickle_to_object
    return pickle.loads(base64.b64decode(b64_ascii_str), fix_imports=True, encoding=&quot;ASCII&quot;, errors=&quot;strict&quot;)
  File &quot;/home/travis/virtualenv/python3.5.5/lib/python3.5/base64.py&quot;, line 88, in b64decode
    return binascii.a2b_base64(s)
  Error : Incorrect padding
                                                                                                                    ! CAUGHT: CascadeError - See previous log messages for details
(B)                                                                                                                |--txt-float--5.5.txt -&gt; AddressFamily ------- using [Try &apos;$&lt;read_str_from_txt&gt; =&gt; &lt;constructor_with_str_arg&gt;$&apos; then &apos;$&lt;read_str_from_txt&gt; =&gt; &lt;base64_ascii_str_pickle_to_object&gt;$]&apos;]
(B)                                                                                                                |--txt-float--5.5.txt -&gt; AddressFamily ------- using $&lt;read_str_from_txt&gt; =&gt; &lt;constructor_with_str_arg&gt;$
Executing Parsing Plan for [/home/travis/build/smarie/python-parsyfiles/parsyfiles/tests/parsing_capabilities_by_type/primitives_data/int/err/txt-float--5.5]
(P) /home/travis/build/smarie/python-parsyfiles/parsyfiles/tests/parsing_capabilities_by_type/primitives_data/int/err/txt-float--5.5.txt -&gt; AddressFamily ------- using $&lt;read_str_from_txt&gt; =&gt; &lt;constructor_with_str_arg&gt;$
  !! Caught error during execution !!
  File &quot;/home/travis/build/smarie/python-parsyfiles/parsyfiles/plugins_base/support_for_primitive_types.py&quot;, line 111, in constructor_with_str_arg
    return desired_type(source)
  File &quot;/opt/python/3.5.5/lib/python3.5/enum.py&quot;, line 241, in __call__
    return cls.__new__(cls, value)
  File &quot;/opt/python/3.5.5/lib/python3.5/enum.py&quot;, line 476, in __new__
    raise ValueError(&quot;%r is not a valid %s&quot; % (value, cls.__name__))
  ValueError : &apos;-5.5&apos; is not a valid AddressFamily
(B)                                                                                                                |--txt-float--5.5.txt -&gt; AddressFamily ------- using $&lt;read_str_from_txt&gt; =&gt; &lt;base64_ascii_str_pickle_to_object&gt;$
Executing Parsing Plan for [/home/travis/build/smarie/python-parsyfiles/parsyfiles/tests/parsing_capabilities_by_type/primitives_data/int/err/txt-float--5.5]
(P) /home/travis/build/smarie/python-parsyfiles/parsyfiles/tests/parsing_capabilities_by_type/primitives_data/int/err/txt-float--5.5.txt -&gt; AddressFamily ------- using $&lt;read_str_from_txt&gt; =&gt; &lt;base64_ascii_str_pickle_to_object&gt;$
  !! Caught error during execution !!
  File &quot;/home/travis/build/smarie/python-parsyfiles/parsyfiles/converting_core.py&quot;, line 524, in _convert
    return self.conversion_method(desired_type, source_obj, logger, **opts)
  File &quot;/home/travis/build/smarie/python-parsyfiles/parsyfiles/plugins_base/support_for_objects.py&quot;, line 56, in base64_ascii_str_pickle_to_object
    return pickle.loads(base64.b64decode(b64_ascii_str), fix_imports=True, encoding=&quot;ASCII&quot;, errors=&quot;strict&quot;)
  File &quot;/home/travis/virtualenv/python3.5.5/lib/python3.5/base64.py&quot;, line 88, in b64decode
    return binascii.a2b_base64(s)
  Error : Incorrect padding
                                                                                                                    ! CAUGHT: CascadeError - See previous log messages for details
</system-out></testcase><testcase classname="parsyfiles.tests.parsing_capabilities_by_type.test_parse_primitives" file="parsyfiles/tests/parsing_capabilities_by_type/test_parse_primitives.py" line="179" name="test_parse_by_type[int-err-b64pickle-str-.txt]" time="0.13656401634216309"><system-out>**** Starting to parse single object of type &lt;int&gt; at location /home/travis/build/smarie/python-parsyfiles/parsyfiles/tests/parsing_capabilities_by_type/primitives_data/int/err/b64pickle-str- ****
Checking all files under [/home/travis/build/smarie/python-parsyfiles/parsyfiles/tests/parsing_capabilities_by_type/primitives_data/int/err/b64pickle-str-]
(C) /home/travis/build/smarie/python-parsyfiles/parsyfiles/tests/parsing_capabilities_by_type/primitives_data/int/err/b64pickle-str- (singlefile, .txt)
File checks done

Building a parsing plan to parse [/home/travis/build/smarie/python-parsyfiles/parsyfiles/tests/parsing_capabilities_by_type/primitives_data/int/err/b64pickle-str-] into a int
(B) /home/travis/build/smarie/python-parsyfiles/parsyfiles/tests/parsing_capabilities_by_type/primitives_data/int/err/b64pickle-str-.txt -&gt; int ------- using [Try &apos;[Try &apos;$&lt;read_str_from_txt&gt; =&gt; &lt;str_to_int&gt;$&apos; then &apos;$&lt;read_str_from_txt&gt; =&gt; &lt;base64_ascii_str_pickle_to_object&gt; -&gt; &lt;bool_to_int&gt;$&apos; then &apos;$&lt;read_str_from_txt&gt; =&gt; &lt;base64_ascii_str_pickle_to_object&gt; -&gt; &lt;float_to_int&gt;$&apos; then &apos;$&lt;read_str_from_txt&gt; =&gt; &lt;base64_ascii_str_pickle_to_object&gt; -&gt; &lt;str_to_int&gt;$&apos; then &apos;$&lt;read_str_from_txt&gt; =&gt; &lt;str_to_bool&gt;$&apos; then &apos;$&lt;read_str_from_txt&gt; =&gt; &lt;base64_ascii_str_pickle_to_object&gt; -&gt; &lt;float_to_bool&gt;$&apos; then &apos;$&lt;read_str_from_txt&gt; =&gt; &lt;base64_ascii_str_pickle_to_object&gt; -&gt; &lt;int_to_bool&gt;$&apos; then &apos;$&lt;read_str_from_txt&gt; =&gt; &lt;base64_ascii_str_pickle_to_object&gt; -&gt; &lt;str_to_bool&gt;$&apos; then &apos;$&lt;read_str_from_txt&gt; =&gt; &lt;base64_ascii_str_pickle_to_object&gt;$]&apos;]&apos; -&gt; [int] then &apos;[Try &apos;$&lt;read_str_from_txt&gt; =&gt; &lt;str_to_bool&gt;$&apos; then &apos;$&lt;read_str_from_txt&gt; =&gt; &lt;base64_ascii_str_pickle_to_object&gt; -&gt; &lt;float_to_bool&gt;$&apos; then &apos;$&lt;read_str_from_txt&gt; =&gt; &lt;base64_ascii_str_pickle_to_object&gt; -&gt; &lt;int_to_bool&gt;$&apos; then &apos;$&lt;read_str_from_txt&gt; =&gt; &lt;base64_ascii_str_pickle_to_object&gt; -&gt; &lt;str_to_bool&gt;$&apos; then &apos;$&lt;read_str_from_txt&gt; =&gt; &lt;base64_ascii_str_pickle_to_object&gt;$]&apos;]&apos; -&gt; [bool] then &apos;[Try &apos;$&lt;read_str_from_txt&gt; =&gt; &lt;constructor_with_str_arg&gt;$&apos; then &apos;$&lt;read_str_from_txt&gt; =&gt; &lt;base64_ascii_str_pickle_to_object&gt;$]&apos;]&apos; -&gt; [_NamedIntConstant] then &apos;[Try &apos;$&lt;read_str_from_txt&gt; =&gt; &lt;constructor_with_str_arg&gt;$&apos; then &apos;$&lt;read_str_from_txt&gt; =&gt; &lt;base64_ascii_str_pickle_to_object&gt;$]&apos;]&apos; -&gt; [IntEnum] then &apos;[Try &apos;$&lt;read_str_from_txt&gt; =&gt; &lt;constructor_with_str_arg&gt;$&apos; then &apos;$&lt;read_str_from_txt&gt; =&gt; &lt;base64_ascii_str_pickle_to_object&gt;$]&apos;]&apos; -&gt; [Signals] then &apos;[Try &apos;$&lt;read_str_from_txt&gt; =&gt; &lt;constructor_with_str_arg&gt;$&apos; then &apos;$&lt;read_str_from_txt&gt; =&gt; &lt;base64_ascii_str_pickle_to_object&gt;$]&apos;]&apos; -&gt; [SocketKind] then &apos;[Try &apos;$&lt;read_str_from_txt&gt; =&gt; &lt;constructor_with_str_arg&gt;$&apos; then &apos;$&lt;read_str_from_txt&gt; =&gt; &lt;base64_ascii_str_pickle_to_object&gt;$]&apos;]&apos; -&gt; [HTTPStatus] then &apos;[Try &apos;$&lt;read_str_from_txt&gt; =&gt; &lt;constructor_with_str_arg&gt;$&apos; then &apos;$&lt;read_str_from_txt&gt; =&gt; &lt;base64_ascii_str_pickle_to_object&gt;$]&apos;]&apos; -&gt; [_SSLMethod] then &apos;[Try &apos;$&lt;read_str_from_txt&gt; =&gt; &lt;constructor_with_str_arg&gt;$&apos; then &apos;$&lt;read_str_from_txt&gt; =&gt; &lt;base64_ascii_str_pickle_to_object&gt;$]&apos;]&apos; -&gt; [_ParameterKind] then &apos;[Try &apos;$&lt;read_str_from_txt&gt; =&gt; &lt;constructor_with_str_arg&gt;$&apos; then &apos;$&lt;read_str_from_txt&gt; =&gt; &lt;base64_ascii_str_pickle_to_object&gt;$]&apos;]&apos; -&gt; [Sigmasks] then &apos;[Try &apos;$&lt;read_str_from_txt&gt; =&gt; &lt;constructor_with_str_arg&gt;$&apos; then &apos;$&lt;read_str_from_txt&gt; =&gt; &lt;base64_ascii_str_pickle_to_object&gt;$]&apos;]&apos; -&gt; [Handlers] then &apos;[Try &apos;$&lt;read_str_from_txt&gt; =&gt; &lt;constructor_with_str_arg&gt;$&apos; then &apos;$&lt;read_str_from_txt&gt; =&gt; &lt;base64_ascii_str_pickle_to_object&gt;$]&apos;]&apos; -&gt; [AddressFamily]]]
(B)                                                                                                                |--b64pickle-str-.txt -&gt; int ------- using [Try &apos;$&lt;read_str_from_txt&gt; =&gt; &lt;str_to_int&gt;$&apos; then &apos;$&lt;read_str_from_txt&gt; =&gt; &lt;base64_ascii_str_pickle_to_object&gt; -&gt; &lt;bool_to_int&gt;$&apos; then &apos;$&lt;read_str_from_txt&gt; =&gt; &lt;base64_ascii_str_pickle_to_object&gt; -&gt; &lt;float_to_int&gt;$&apos; then &apos;$&lt;read_str_from_txt&gt; =&gt; &lt;base64_ascii_str_pickle_to_object&gt; -&gt; &lt;str_to_int&gt;$&apos; then &apos;$&lt;read_str_from_txt&gt; =&gt; &lt;str_to_bool&gt;$&apos; then &apos;$&lt;read_str_from_txt&gt; =&gt; &lt;base64_ascii_str_pickle_to_object&gt; -&gt; &lt;float_to_bool&gt;$&apos; then &apos;$&lt;read_str_from_txt&gt; =&gt; &lt;base64_ascii_str_pickle_to_object&gt; -&gt; &lt;int_to_bool&gt;$&apos; then &apos;$&lt;read_str_from_txt&gt; =&gt; &lt;base64_ascii_str_pickle_to_object&gt; -&gt; &lt;str_to_bool&gt;$&apos; then &apos;$&lt;read_str_from_txt&gt; =&gt; &lt;base64_ascii_str_pickle_to_object&gt;$]&apos;]
(B)                                                                                                                |--b64pickle-str-.txt -&gt; int ------- using $&lt;read_str_from_txt&gt; =&gt; &lt;str_to_int&gt;$
Parsing Plan created successfully

Executing Parsing Plan for [/home/travis/build/smarie/python-parsyfiles/parsyfiles/tests/parsing_capabilities_by_type/primitives_data/int/err/b64pickle-str-]
(P) /home/travis/build/smarie/python-parsyfiles/parsyfiles/tests/parsing_capabilities_by_type/primitives_data/int/err/b64pickle-str-.txt -&gt; int ------- using $&lt;read_str_from_txt&gt; =&gt; &lt;str_to_int&gt;$
  !! Caught error during execution !!
  File &quot;/home/travis/build/smarie/python-parsyfiles/parsyfiles/plugins_base/support_for_primitive_types.py&quot;, line 37, in primitive_to_int
    source = literal_eval(source)
  File &quot;/opt/python/3.5.5/lib/python3.5/ast.py&quot;, line 46, in literal_eval
    node_or_string = parse(node_or_string, mode=&apos;eval&apos;)
  File &quot;/opt/python/3.5.5/lib/python3.5/ast.py&quot;, line 35, in parse
    return compile(source, filename, mode, PyCF_ONLY_AST)
  SyntaxError : unexpected EOF while parsing (&lt;unknown&gt;, line 1)
(B)                                                                                                                |--b64pickle-str-.txt -&gt; int ------- using $&lt;read_str_from_txt&gt; =&gt; &lt;base64_ascii_str_pickle_to_object&gt; -&gt; &lt;bool_to_int&gt;$
Executing Parsing Plan for [/home/travis/build/smarie/python-parsyfiles/parsyfiles/tests/parsing_capabilities_by_type/primitives_data/int/err/b64pickle-str-]
(P) /home/travis/build/smarie/python-parsyfiles/parsyfiles/tests/parsing_capabilities_by_type/primitives_data/int/err/b64pickle-str-.txt -&gt; int ------- using $&lt;read_str_from_txt&gt; =&gt; &lt;base64_ascii_str_pickle_to_object&gt; -&gt; &lt;bool_to_int&gt;$
  !! Caught error during execution !!
  File &quot;/home/travis/build/smarie/python-parsyfiles/parsyfiles/converting_core.py&quot;, line 319, in convert
    return self._convert(desired_type, source_obj, logger, options)
  File &quot;/home/travis/build/smarie/python-parsyfiles/parsyfiles/converting_core.py&quot;, line 770, in _convert
    return self._converters_list[-1].convert(desired_type, obj, logger, options)
  File &quot;/home/travis/build/smarie/python-parsyfiles/parsyfiles/converting_core.py&quot;, line 321, in convert
    raise ConversionException.create_not_able_to_convert(source_obj, self, desired_type)
  ConversionException : Converter &lt;bool_to_int&gt; is not able to ingest source value &apos;&apos; of type &apos;str&apos; and/or convert it to type &apos;int&apos;. This can happen in a chain when the previous step in the chain is generic and actually produced  an output of the wrong type/content
(B)                                                                                                                |--b64pickle-str-.txt -&gt; int ------- using $&lt;read_str_from_txt&gt; =&gt; &lt;base64_ascii_str_pickle_to_object&gt; -&gt; &lt;float_to_int&gt;$
Executing Parsing Plan for [/home/travis/build/smarie/python-parsyfiles/parsyfiles/tests/parsing_capabilities_by_type/primitives_data/int/err/b64pickle-str-]
(P) /home/travis/build/smarie/python-parsyfiles/parsyfiles/tests/parsing_capabilities_by_type/primitives_data/int/err/b64pickle-str-.txt -&gt; int ------- using $&lt;read_str_from_txt&gt; =&gt; &lt;base64_ascii_str_pickle_to_object&gt; -&gt; &lt;float_to_int&gt;$
  !! Caught error during execution !!
  File &quot;/home/travis/build/smarie/python-parsyfiles/parsyfiles/converting_core.py&quot;, line 319, in convert
    return self._convert(desired_type, source_obj, logger, options)
  File &quot;/home/travis/build/smarie/python-parsyfiles/parsyfiles/converting_core.py&quot;, line 770, in _convert
    return self._converters_list[-1].convert(desired_type, obj, logger, options)
  File &quot;/home/travis/build/smarie/python-parsyfiles/parsyfiles/converting_core.py&quot;, line 321, in convert
    raise ConversionException.create_not_able_to_convert(source_obj, self, desired_type)
  ConversionException : Converter &lt;float_to_int&gt; is not able to ingest source value &apos;&apos; of type &apos;str&apos; and/or convert it to type &apos;int&apos;. This can happen in a chain when the previous step in the chain is generic and actually produced  an output of the wrong type/content
(B)                                                                                                                |--b64pickle-str-.txt -&gt; int ------- using $&lt;read_str_from_txt&gt; =&gt; &lt;base64_ascii_str_pickle_to_object&gt; -&gt; &lt;str_to_int&gt;$
Executing Parsing Plan for [/home/travis/build/smarie/python-parsyfiles/parsyfiles/tests/parsing_capabilities_by_type/primitives_data/int/err/b64pickle-str-]
(P) /home/travis/build/smarie/python-parsyfiles/parsyfiles/tests/parsing_capabilities_by_type/primitives_data/int/err/b64pickle-str-.txt -&gt; int ------- using $&lt;read_str_from_txt&gt; =&gt; &lt;base64_ascii_str_pickle_to_object&gt; -&gt; &lt;str_to_int&gt;$
  !! Caught error during execution !!
  File &quot;/home/travis/build/smarie/python-parsyfiles/parsyfiles/plugins_base/support_for_primitive_types.py&quot;, line 37, in primitive_to_int
    source = literal_eval(source)
  File &quot;/opt/python/3.5.5/lib/python3.5/ast.py&quot;, line 46, in literal_eval
    node_or_string = parse(node_or_string, mode=&apos;eval&apos;)
  File &quot;/opt/python/3.5.5/lib/python3.5/ast.py&quot;, line 35, in parse
    return compile(source, filename, mode, PyCF_ONLY_AST)
  SyntaxError : unexpected EOF while parsing (&lt;unknown&gt;, line 0)
(B)                                                                                                                |--b64pickle-str-.txt -&gt; int ------- using $&lt;read_str_from_txt&gt; =&gt; &lt;str_to_bool&gt;$
Executing Parsing Plan for [/home/travis/build/smarie/python-parsyfiles/parsyfiles/tests/parsing_capabilities_by_type/primitives_data/int/err/b64pickle-str-]
(P) /home/travis/build/smarie/python-parsyfiles/parsyfiles/tests/parsing_capabilities_by_type/primitives_data/int/err/b64pickle-str-.txt -&gt; int ------- using $&lt;read_str_from_txt&gt; =&gt; &lt;str_to_bool&gt;$
  !! Caught error during execution !!
  File &quot;/home/travis/build/smarie/python-parsyfiles/parsyfiles/converting_core.py&quot;, line 524, in _convert
    return self.conversion_method(desired_type, source_obj, logger, **opts)
  File &quot;/home/travis/build/smarie/python-parsyfiles/parsyfiles/plugins_base/support_for_primitive_types.py&quot;, line 84, in primitive_to_bool
    return bool(strtobool(source))
  File &quot;/opt/python/3.5.5/lib/python3.5/distutils/util.py&quot;, line 317, in strtobool
    raise ValueError(&quot;invalid truth value %r&quot; % (val,))
  ValueError : invalid truth value &apos;ganyaaaaahealg==&apos;
(B)                                                                                                                |--b64pickle-str-.txt -&gt; int ------- using $&lt;read_str_from_txt&gt; =&gt; &lt;base64_ascii_str_pickle_to_object&gt; -&gt; &lt;float_to_bool&gt;$
Executing Parsing Plan for [/home/travis/build/smarie/python-parsyfiles/parsyfiles/tests/parsing_capabilities_by_type/primitives_data/int/err/b64pickle-str-]
(P) /home/travis/build/smarie/python-parsyfiles/parsyfiles/tests/parsing_capabilities_by_type/primitives_data/int/err/b64pickle-str-.txt -&gt; int ------- using $&lt;read_str_from_txt&gt; =&gt; &lt;base64_ascii_str_pickle_to_object&gt; -&gt; &lt;float_to_bool&gt;$
  !! Caught error during execution !!
  File &quot;/home/travis/build/smarie/python-parsyfiles/parsyfiles/converting_core.py&quot;, line 319, in convert
    return self._convert(desired_type, source_obj, logger, options)
  File &quot;/home/travis/build/smarie/python-parsyfiles/parsyfiles/converting_core.py&quot;, line 770, in _convert
    return self._converters_list[-1].convert(desired_type, obj, logger, options)
  File &quot;/home/travis/build/smarie/python-parsyfiles/parsyfiles/converting_core.py&quot;, line 321, in convert
    raise ConversionException.create_not_able_to_convert(source_obj, self, desired_type)
  ConversionException : Converter &lt;float_to_bool&gt; is not able to ingest source value &apos;&apos; of type &apos;str&apos; and/or convert it to type &apos;int&apos;. This can happen in a chain when the previous step in the chain is generic and actually produced  an output of the wrong type/content
(B)                                                                                                                |--b64pickle-str-.txt -&gt; int ------- using $&lt;read_str_from_txt&gt; =&gt; &lt;base64_ascii_str_pickle_to_object&gt; -&gt; &lt;int_to_bool&gt;$
Executing Parsing Plan for [/home/travis/build/smarie/python-parsyfiles/parsyfiles/tests/parsing_capabilities_by_type/primitives_data/int/err/b64pickle-str-]
(P) /home/travis/build/smarie/python-parsyfiles/parsyfiles/tests/parsing_capabilities_by_type/primitives_data/int/err/b64pickle-str-.txt -&gt; int ------- using $&lt;read_str_from_txt&gt; =&gt; &lt;base64_ascii_str_pickle_to_object&gt; -&gt; &lt;int_to_bool&gt;$
  !! Caught error during execution !!
  File &quot;/home/travis/build/smarie/python-parsyfiles/parsyfiles/converting_core.py&quot;, line 319, in convert
    return self._convert(desired_type, source_obj, logger, options)
  File &quot;/home/travis/build/smarie/python-parsyfiles/parsyfiles/converting_core.py&quot;, line 770, in _convert
    return self._converters_list[-1].convert(desired_type, obj, logger, options)
  File &quot;/home/travis/build/smarie/python-parsyfiles/parsyfiles/converting_core.py&quot;, line 321, in convert
    raise ConversionException.create_not_able_to_convert(source_obj, self, desired_type)
  ConversionException : Converter &lt;int_to_bool&gt; is not able to ingest source value &apos;&apos; of type &apos;str&apos; and/or convert it to type &apos;int&apos;. This can happen in a chain when the previous step in the chain is generic and actually produced  an output of the wrong type/content
(B)                                                                                                                |--b64pickle-str-.txt -&gt; int ------- using $&lt;read_str_from_txt&gt; =&gt; &lt;base64_ascii_str_pickle_to_object&gt; -&gt; &lt;str_to_bool&gt;$
Executing Parsing Plan for [/home/travis/build/smarie/python-parsyfiles/parsyfiles/tests/parsing_capabilities_by_type/primitives_data/int/err/b64pickle-str-]
(P) /home/travis/build/smarie/python-parsyfiles/parsyfiles/tests/parsing_capabilities_by_type/primitives_data/int/err/b64pickle-str-.txt -&gt; int ------- using $&lt;read_str_from_txt&gt; =&gt; &lt;base64_ascii_str_pickle_to_object&gt; -&gt; &lt;str_to_bool&gt;$
  !! Caught error during execution !!
  File &quot;/home/travis/build/smarie/python-parsyfiles/parsyfiles/converting_core.py&quot;, line 524, in _convert
    return self.conversion_method(desired_type, source_obj, logger, **opts)
  File &quot;/home/travis/build/smarie/python-parsyfiles/parsyfiles/plugins_base/support_for_primitive_types.py&quot;, line 84, in primitive_to_bool
    return bool(strtobool(source))
  File &quot;/opt/python/3.5.5/lib/python3.5/distutils/util.py&quot;, line 317, in strtobool
    raise ValueError(&quot;invalid truth value %r&quot; % (val,))
  ValueError : invalid truth value &apos;&apos;
(B)                                                                                                                |--b64pickle-str-.txt -&gt; int ------- using $&lt;read_str_from_txt&gt; =&gt; &lt;base64_ascii_str_pickle_to_object&gt;$
Executing Parsing Plan for [/home/travis/build/smarie/python-parsyfiles/parsyfiles/tests/parsing_capabilities_by_type/primitives_data/int/err/b64pickle-str-]
(P) /home/travis/build/smarie/python-parsyfiles/parsyfiles/tests/parsing_capabilities_by_type/primitives_data/int/err/b64pickle-str-.txt -&gt; int ------- using $&lt;read_str_from_txt&gt; =&gt; &lt;base64_ascii_str_pickle_to_object&gt;$
                                                                                                                    ! CAUGHT: WrongTypeCreatedError - Error while parsing /home/travis/build/smarie/python-parsyfiles/parsyfiles/tests/parsing_capabilities_by_type/primitives_data/int/err/b64pickle-str- (singlefile, .txt) as a int with parser $&lt;read_str_from_txt&gt; =&gt; &lt;base64_ascii_str_pickle_to_object&gt;$ using options=({&apos;MultifileCollectionParser&apos;: {&apos;lazy_parsing&apos;: False}}) - parser returned an object of wrong type &lt;class &apos;str&apos;&gt;: 
                                                                                                                    ! CAUGHT: CascadeError - See previous log messages for details
(B)                                                                                                                |--b64pickle-str-.txt -&gt; bool ------- using [Try &apos;$&lt;read_str_from_txt&gt; =&gt; &lt;str_to_bool&gt;$&apos; then &apos;$&lt;read_str_from_txt&gt; =&gt; &lt;base64_ascii_str_pickle_to_object&gt; -&gt; &lt;float_to_bool&gt;$&apos; then &apos;$&lt;read_str_from_txt&gt; =&gt; &lt;base64_ascii_str_pickle_to_object&gt; -&gt; &lt;int_to_bool&gt;$&apos; then &apos;$&lt;read_str_from_txt&gt; =&gt; &lt;base64_ascii_str_pickle_to_object&gt; -&gt; &lt;str_to_bool&gt;$&apos; then &apos;$&lt;read_str_from_txt&gt; =&gt; &lt;base64_ascii_str_pickle_to_object&gt;$]&apos;]
(B)                                                                                                                |--b64pickle-str-.txt -&gt; bool ------- using $&lt;read_str_from_txt&gt; =&gt; &lt;str_to_bool&gt;$
Executing Parsing Plan for [/home/travis/build/smarie/python-parsyfiles/parsyfiles/tests/parsing_capabilities_by_type/primitives_data/int/err/b64pickle-str-]
(P) /home/travis/build/smarie/python-parsyfiles/parsyfiles/tests/parsing_capabilities_by_type/primitives_data/int/err/b64pickle-str-.txt -&gt; bool ------- using $&lt;read_str_from_txt&gt; =&gt; &lt;str_to_bool&gt;$
  !! Caught error during execution !!
  File &quot;/home/travis/build/smarie/python-parsyfiles/parsyfiles/converting_core.py&quot;, line 524, in _convert
    return self.conversion_method(desired_type, source_obj, logger, **opts)
  File &quot;/home/travis/build/smarie/python-parsyfiles/parsyfiles/plugins_base/support_for_primitive_types.py&quot;, line 84, in primitive_to_bool
    return bool(strtobool(source))
  File &quot;/opt/python/3.5.5/lib/python3.5/distutils/util.py&quot;, line 317, in strtobool
    raise ValueError(&quot;invalid truth value %r&quot; % (val,))
  ValueError : invalid truth value &apos;ganyaaaaahealg==&apos;
(B)                                                                                                                |--b64pickle-str-.txt -&gt; bool ------- using $&lt;read_str_from_txt&gt; =&gt; &lt;base64_ascii_str_pickle_to_object&gt; -&gt; &lt;float_to_bool&gt;$
Executing Parsing Plan for [/home/travis/build/smarie/python-parsyfiles/parsyfiles/tests/parsing_capabilities_by_type/primitives_data/int/err/b64pickle-str-]
(P) /home/travis/build/smarie/python-parsyfiles/parsyfiles/tests/parsing_capabilities_by_type/primitives_data/int/err/b64pickle-str-.txt -&gt; bool ------- using $&lt;read_str_from_txt&gt; =&gt; &lt;base64_ascii_str_pickle_to_object&gt; -&gt; &lt;float_to_bool&gt;$
  !! Caught error during execution !!
  File &quot;/home/travis/build/smarie/python-parsyfiles/parsyfiles/converting_core.py&quot;, line 319, in convert
    return self._convert(desired_type, source_obj, logger, options)
  File &quot;/home/travis/build/smarie/python-parsyfiles/parsyfiles/converting_core.py&quot;, line 770, in _convert
    return self._converters_list[-1].convert(desired_type, obj, logger, options)
  File &quot;/home/travis/build/smarie/python-parsyfiles/parsyfiles/converting_core.py&quot;, line 321, in convert
    raise ConversionException.create_not_able_to_convert(source_obj, self, desired_type)
  ConversionException : Converter &lt;float_to_bool&gt; is not able to ingest source value &apos;&apos; of type &apos;str&apos; and/or convert it to type &apos;bool&apos;. This can happen in a chain when the previous step in the chain is generic and actually produced  an output of the wrong type/content
(B)                                                                                                                |--b64pickle-str-.txt -&gt; bool ------- using $&lt;read_str_from_txt&gt; =&gt; &lt;base64_ascii_str_pickle_to_object&gt; -&gt; &lt;int_to_bool&gt;$
Executing Parsing Plan for [/home/travis/build/smarie/python-parsyfiles/parsyfiles/tests/parsing_capabilities_by_type/primitives_data/int/err/b64pickle-str-]
(P) /home/travis/build/smarie/python-parsyfiles/parsyfiles/tests/parsing_capabilities_by_type/primitives_data/int/err/b64pickle-str-.txt -&gt; bool ------- using $&lt;read_str_from_txt&gt; =&gt; &lt;base64_ascii_str_pickle_to_object&gt; -&gt; &lt;int_to_bool&gt;$
  !! Caught error during execution !!
  File &quot;/home/travis/build/smarie/python-parsyfiles/parsyfiles/converting_core.py&quot;, line 319, in convert
    return self._convert(desired_type, source_obj, logger, options)
  File &quot;/home/travis/build/smarie/python-parsyfiles/parsyfiles/converting_core.py&quot;, line 770, in _convert
    return self._converters_list[-1].convert(desired_type, obj, logger, options)
  File &quot;/home/travis/build/smarie/python-parsyfiles/parsyfiles/converting_core.py&quot;, line 321, in convert
    raise ConversionException.create_not_able_to_convert(source_obj, self, desired_type)
  ConversionException : Converter &lt;int_to_bool&gt; is not able to ingest source value &apos;&apos; of type &apos;str&apos; and/or convert it to type &apos;bool&apos;. This can happen in a chain when the previous step in the chain is generic and actually produced  an output of the wrong type/content
(B)                                                                                                                |--b64pickle-str-.txt -&gt; bool ------- using $&lt;read_str_from_txt&gt; =&gt; &lt;base64_ascii_str_pickle_to_object&gt; -&gt; &lt;str_to_bool&gt;$
Executing Parsing Plan for [/home/travis/build/smarie/python-parsyfiles/parsyfiles/tests/parsing_capabilities_by_type/primitives_data/int/err/b64pickle-str-]
(P) /home/travis/build/smarie/python-parsyfiles/parsyfiles/tests/parsing_capabilities_by_type/primitives_data/int/err/b64pickle-str-.txt -&gt; bool ------- using $&lt;read_str_from_txt&gt; =&gt; &lt;base64_ascii_str_pickle_to_object&gt; -&gt; &lt;str_to_bool&gt;$
  !! Caught error during execution !!
  File &quot;/home/travis/build/smarie/python-parsyfiles/parsyfiles/converting_core.py&quot;, line 524, in _convert
    return self.conversion_method(desired_type, source_obj, logger, **opts)
  File &quot;/home/travis/build/smarie/python-parsyfiles/parsyfiles/plugins_base/support_for_primitive_types.py&quot;, line 84, in primitive_to_bool
    return bool(strtobool(source))
  File &quot;/opt/python/3.5.5/lib/python3.5/distutils/util.py&quot;, line 317, in strtobool
    raise ValueError(&quot;invalid truth value %r&quot; % (val,))
  ValueError : invalid truth value &apos;&apos;
(B)                                                                                                                |--b64pickle-str-.txt -&gt; bool ------- using $&lt;read_str_from_txt&gt; =&gt; &lt;base64_ascii_str_pickle_to_object&gt;$
Executing Parsing Plan for [/home/travis/build/smarie/python-parsyfiles/parsyfiles/tests/parsing_capabilities_by_type/primitives_data/int/err/b64pickle-str-]
(P) /home/travis/build/smarie/python-parsyfiles/parsyfiles/tests/parsing_capabilities_by_type/primitives_data/int/err/b64pickle-str-.txt -&gt; bool ------- using $&lt;read_str_from_txt&gt; =&gt; &lt;base64_ascii_str_pickle_to_object&gt;$
                                                                                                                    ! CAUGHT: WrongTypeCreatedError - Error while parsing /home/travis/build/smarie/python-parsyfiles/parsyfiles/tests/parsing_capabilities_by_type/primitives_data/int/err/b64pickle-str- (singlefile, .txt) as a bool with parser $&lt;read_str_from_txt&gt; =&gt; &lt;base64_ascii_str_pickle_to_object&gt;$ using options=({&apos;MultifileCollectionParser&apos;: {&apos;lazy_parsing&apos;: False}}) - parser returned an object of wrong type &lt;class &apos;str&apos;&gt;: 
                                                                                                                    ! CAUGHT: CascadeError - See previous log messages for details
(B)                                                                                                                |--b64pickle-str-.txt -&gt; _NamedIntConstant ------- using [Try &apos;$&lt;read_str_from_txt&gt; =&gt; &lt;constructor_with_str_arg&gt;$&apos; then &apos;$&lt;read_str_from_txt&gt; =&gt; &lt;base64_ascii_str_pickle_to_object&gt;$]&apos;]
(B)                                                                                                                |--b64pickle-str-.txt -&gt; _NamedIntConstant ------- using $&lt;read_str_from_txt&gt; =&gt; &lt;constructor_with_str_arg&gt;$
Executing Parsing Plan for [/home/travis/build/smarie/python-parsyfiles/parsyfiles/tests/parsing_capabilities_by_type/primitives_data/int/err/b64pickle-str-]
(P) /home/travis/build/smarie/python-parsyfiles/parsyfiles/tests/parsing_capabilities_by_type/primitives_data/int/err/b64pickle-str-.txt -&gt; _NamedIntConstant ------- using $&lt;read_str_from_txt&gt; =&gt; &lt;constructor_with_str_arg&gt;$
  !! Caught error during execution !!
  File &quot;/home/travis/build/smarie/python-parsyfiles/parsyfiles/converting_core.py&quot;, line 532, in _convert
    raise CaughtTypeError.create(self.conversion_method, e)
  File &quot;/home/travis/build/smarie/python-parsyfiles/parsyfiles/converting_core.py&quot;, line 524, in _convert
    return self.conversion_method(desired_type, source_obj, logger, **opts)
  File &quot;/home/travis/build/smarie/python-parsyfiles/parsyfiles/plugins_base/support_for_primitive_types.py&quot;, line 111, in constructor_with_str_arg
    return desired_type(source)
  CaughtTypeError : Caught TypeError while calling conversion function &apos;constructor_with_str_arg&apos;. Note that the conversion function signature should be &apos;def my_convert_fun(desired_type: Type[T], source: S, logger: Logger, **kwargs) -&gt; T&apos; (unpacked options mode - default) or def my_convert_fun(desired_type: Type[T], source: S, logger: Logger, options: Dict[str, Dict[str, Any]]) -&gt; T (unpack_options = False).Caught error message is : TypeError : __new__() missing 1 required positional argument: &apos;name&apos;
(B)                                                                                                                |--b64pickle-str-.txt -&gt; _NamedIntConstant ------- using $&lt;read_str_from_txt&gt; =&gt; &lt;base64_ascii_str_pickle_to_object&gt;$
Executing Parsing Plan for [/home/travis/build/smarie/python-parsyfiles/parsyfiles/tests/parsing_capabilities_by_type/primitives_data/int/err/b64pickle-str-]
(P) /home/travis/build/smarie/python-parsyfiles/parsyfiles/tests/parsing_capabilities_by_type/primitives_data/int/err/b64pickle-str-.txt -&gt; _NamedIntConstant ------- using $&lt;read_str_from_txt&gt; =&gt; &lt;base64_ascii_str_pickle_to_object&gt;$
                                                                                                                    ! CAUGHT: WrongTypeCreatedError - Error while parsing /home/travis/build/smarie/python-parsyfiles/parsyfiles/tests/parsing_capabilities_by_type/primitives_data/int/err/b64pickle-str- (singlefile, .txt) as a _NamedIntConstant with parser $&lt;read_str_from_txt&gt; =&gt; &lt;base64_ascii_str_pickle_to_object&gt;$ using options=({&apos;MultifileCollectionParser&apos;: {&apos;lazy_parsing&apos;: False}}) - parser returned an object of wrong type &lt;class &apos;str&apos;&gt;: 
                                                                                                                    ! CAUGHT: CascadeError - See previous log messages for details
(B)                                                                                                                |--b64pickle-str-.txt -&gt; IntEnum ------- using [Try &apos;$&lt;read_str_from_txt&gt; =&gt; &lt;constructor_with_str_arg&gt;$&apos; then &apos;$&lt;read_str_from_txt&gt; =&gt; &lt;base64_ascii_str_pickle_to_object&gt;$]&apos;]
(B)                                                                                                                |--b64pickle-str-.txt -&gt; IntEnum ------- using $&lt;read_str_from_txt&gt; =&gt; &lt;constructor_with_str_arg&gt;$
Executing Parsing Plan for [/home/travis/build/smarie/python-parsyfiles/parsyfiles/tests/parsing_capabilities_by_type/primitives_data/int/err/b64pickle-str-]
(P) /home/travis/build/smarie/python-parsyfiles/parsyfiles/tests/parsing_capabilities_by_type/primitives_data/int/err/b64pickle-str-.txt -&gt; IntEnum ------- using $&lt;read_str_from_txt&gt; =&gt; &lt;constructor_with_str_arg&gt;$
  !! Caught error during execution !!
  File &quot;/home/travis/build/smarie/python-parsyfiles/parsyfiles/plugins_base/support_for_primitive_types.py&quot;, line 111, in constructor_with_str_arg
    return desired_type(source)
  File &quot;/opt/python/3.5.5/lib/python3.5/enum.py&quot;, line 241, in __call__
    return cls.__new__(cls, value)
  File &quot;/opt/python/3.5.5/lib/python3.5/enum.py&quot;, line 476, in __new__
    raise ValueError(&quot;%r is not a valid %s&quot; % (value, cls.__name__))
  ValueError : &apos;gANYAAAAAHEALg==&apos; is not a valid IntEnum
(B)                                                                                                                |--b64pickle-str-.txt -&gt; IntEnum ------- using $&lt;read_str_from_txt&gt; =&gt; &lt;base64_ascii_str_pickle_to_object&gt;$
Executing Parsing Plan for [/home/travis/build/smarie/python-parsyfiles/parsyfiles/tests/parsing_capabilities_by_type/primitives_data/int/err/b64pickle-str-]
(P) /home/travis/build/smarie/python-parsyfiles/parsyfiles/tests/parsing_capabilities_by_type/primitives_data/int/err/b64pickle-str-.txt -&gt; IntEnum ------- using $&lt;read_str_from_txt&gt; =&gt; &lt;base64_ascii_str_pickle_to_object&gt;$
                                                                                                                    ! CAUGHT: WrongTypeCreatedError - Error while parsing /home/travis/build/smarie/python-parsyfiles/parsyfiles/tests/parsing_capabilities_by_type/primitives_data/int/err/b64pickle-str- (singlefile, .txt) as a IntEnum with parser $&lt;read_str_from_txt&gt; =&gt; &lt;base64_ascii_str_pickle_to_object&gt;$ using options=({&apos;MultifileCollectionParser&apos;: {&apos;lazy_parsing&apos;: False}}) - parser returned an object of wrong type &lt;class &apos;str&apos;&gt;: 
                                                                                                                    ! CAUGHT: CascadeError - See previous log messages for details
(B)                                                                                                                |--b64pickle-str-.txt -&gt; Signals ------- using [Try &apos;$&lt;read_str_from_txt&gt; =&gt; &lt;constructor_with_str_arg&gt;$&apos; then &apos;$&lt;read_str_from_txt&gt; =&gt; &lt;base64_ascii_str_pickle_to_object&gt;$]&apos;]
(B)                                                                                                                |--b64pickle-str-.txt -&gt; Signals ------- using $&lt;read_str_from_txt&gt; =&gt; &lt;constructor_with_str_arg&gt;$
Executing Parsing Plan for [/home/travis/build/smarie/python-parsyfiles/parsyfiles/tests/parsing_capabilities_by_type/primitives_data/int/err/b64pickle-str-]
(P) /home/travis/build/smarie/python-parsyfiles/parsyfiles/tests/parsing_capabilities_by_type/primitives_data/int/err/b64pickle-str-.txt -&gt; Signals ------- using $&lt;read_str_from_txt&gt; =&gt; &lt;constructor_with_str_arg&gt;$
  !! Caught error during execution !!
  File &quot;/home/travis/build/smarie/python-parsyfiles/parsyfiles/plugins_base/support_for_primitive_types.py&quot;, line 111, in constructor_with_str_arg
    return desired_type(source)
  File &quot;/opt/python/3.5.5/lib/python3.5/enum.py&quot;, line 241, in __call__
    return cls.__new__(cls, value)
  File &quot;/opt/python/3.5.5/lib/python3.5/enum.py&quot;, line 476, in __new__
    raise ValueError(&quot;%r is not a valid %s&quot; % (value, cls.__name__))
  ValueError : &apos;gANYAAAAAHEALg==&apos; is not a valid Signals
(B)                                                                                                                |--b64pickle-str-.txt -&gt; Signals ------- using $&lt;read_str_from_txt&gt; =&gt; &lt;base64_ascii_str_pickle_to_object&gt;$
Executing Parsing Plan for [/home/travis/build/smarie/python-parsyfiles/parsyfiles/tests/parsing_capabilities_by_type/primitives_data/int/err/b64pickle-str-]
(P) /home/travis/build/smarie/python-parsyfiles/parsyfiles/tests/parsing_capabilities_by_type/primitives_data/int/err/b64pickle-str-.txt -&gt; Signals ------- using $&lt;read_str_from_txt&gt; =&gt; &lt;base64_ascii_str_pickle_to_object&gt;$
                                                                                                                    ! CAUGHT: WrongTypeCreatedError - Error while parsing /home/travis/build/smarie/python-parsyfiles/parsyfiles/tests/parsing_capabilities_by_type/primitives_data/int/err/b64pickle-str- (singlefile, .txt) as a Signals with parser $&lt;read_str_from_txt&gt; =&gt; &lt;base64_ascii_str_pickle_to_object&gt;$ using options=({&apos;MultifileCollectionParser&apos;: {&apos;lazy_parsing&apos;: False}}) - parser returned an object of wrong type &lt;class &apos;str&apos;&gt;: 
                                                                                                                    ! CAUGHT: CascadeError - See previous log messages for details
(B)                                                                                                                |--b64pickle-str-.txt -&gt; SocketKind ------- using [Try &apos;$&lt;read_str_from_txt&gt; =&gt; &lt;constructor_with_str_arg&gt;$&apos; then &apos;$&lt;read_str_from_txt&gt; =&gt; &lt;base64_ascii_str_pickle_to_object&gt;$]&apos;]
(B)                                                                                                                |--b64pickle-str-.txt -&gt; SocketKind ------- using $&lt;read_str_from_txt&gt; =&gt; &lt;constructor_with_str_arg&gt;$
Executing Parsing Plan for [/home/travis/build/smarie/python-parsyfiles/parsyfiles/tests/parsing_capabilities_by_type/primitives_data/int/err/b64pickle-str-]
(P) /home/travis/build/smarie/python-parsyfiles/parsyfiles/tests/parsing_capabilities_by_type/primitives_data/int/err/b64pickle-str-.txt -&gt; SocketKind ------- using $&lt;read_str_from_txt&gt; =&gt; &lt;constructor_with_str_arg&gt;$
  !! Caught error during execution !!
  File &quot;/home/travis/build/smarie/python-parsyfiles/parsyfiles/plugins_base/support_for_primitive_types.py&quot;, line 111, in constructor_with_str_arg
    return desired_type(source)
  File &quot;/opt/python/3.5.5/lib/python3.5/enum.py&quot;, line 241, in __call__
    return cls.__new__(cls, value)
  File &quot;/opt/python/3.5.5/lib/python3.5/enum.py&quot;, line 476, in __new__
    raise ValueError(&quot;%r is not a valid %s&quot; % (value, cls.__name__))
  ValueError : &apos;gANYAAAAAHEALg==&apos; is not a valid SocketKind
(B)                                                                                                                |--b64pickle-str-.txt -&gt; SocketKind ------- using $&lt;read_str_from_txt&gt; =&gt; &lt;base64_ascii_str_pickle_to_object&gt;$
Executing Parsing Plan for [/home/travis/build/smarie/python-parsyfiles/parsyfiles/tests/parsing_capabilities_by_type/primitives_data/int/err/b64pickle-str-]
(P) /home/travis/build/smarie/python-parsyfiles/parsyfiles/tests/parsing_capabilities_by_type/primitives_data/int/err/b64pickle-str-.txt -&gt; SocketKind ------- using $&lt;read_str_from_txt&gt; =&gt; &lt;base64_ascii_str_pickle_to_object&gt;$
                                                                                                                    ! CAUGHT: WrongTypeCreatedError - Error while parsing /home/travis/build/smarie/python-parsyfiles/parsyfiles/tests/parsing_capabilities_by_type/primitives_data/int/err/b64pickle-str- (singlefile, .txt) as a SocketKind with parser $&lt;read_str_from_txt&gt; =&gt; &lt;base64_ascii_str_pickle_to_object&gt;$ using options=({&apos;MultifileCollectionParser&apos;: {&apos;lazy_parsing&apos;: False}}) - parser returned an object of wrong type &lt;class &apos;str&apos;&gt;: 
                                                                                                                    ! CAUGHT: CascadeError - See previous log messages for details
(B)                                                                                                                |--b64pickle-str-.txt -&gt; HTTPStatus ------- using [Try &apos;$&lt;read_str_from_txt&gt; =&gt; &lt;constructor_with_str_arg&gt;$&apos; then &apos;$&lt;read_str_from_txt&gt; =&gt; &lt;base64_ascii_str_pickle_to_object&gt;$]&apos;]
(B)                                                                                                                |--b64pickle-str-.txt -&gt; HTTPStatus ------- using $&lt;read_str_from_txt&gt; =&gt; &lt;constructor_with_str_arg&gt;$
Executing Parsing Plan for [/home/travis/build/smarie/python-parsyfiles/parsyfiles/tests/parsing_capabilities_by_type/primitives_data/int/err/b64pickle-str-]
(P) /home/travis/build/smarie/python-parsyfiles/parsyfiles/tests/parsing_capabilities_by_type/primitives_data/int/err/b64pickle-str-.txt -&gt; HTTPStatus ------- using $&lt;read_str_from_txt&gt; =&gt; &lt;constructor_with_str_arg&gt;$
  !! Caught error during execution !!
  File &quot;/home/travis/build/smarie/python-parsyfiles/parsyfiles/plugins_base/support_for_primitive_types.py&quot;, line 111, in constructor_with_str_arg
    return desired_type(source)
  File &quot;/opt/python/3.5.5/lib/python3.5/enum.py&quot;, line 241, in __call__
    return cls.__new__(cls, value)
  File &quot;/opt/python/3.5.5/lib/python3.5/enum.py&quot;, line 476, in __new__
    raise ValueError(&quot;%r is not a valid %s&quot; % (value, cls.__name__))
  ValueError : &apos;gANYAAAAAHEALg==&apos; is not a valid HTTPStatus
(B)                                                                                                                |--b64pickle-str-.txt -&gt; HTTPStatus ------- using $&lt;read_str_from_txt&gt; =&gt; &lt;base64_ascii_str_pickle_to_object&gt;$
Executing Parsing Plan for [/home/travis/build/smarie/python-parsyfiles/parsyfiles/tests/parsing_capabilities_by_type/primitives_data/int/err/b64pickle-str-]
(P) /home/travis/build/smarie/python-parsyfiles/parsyfiles/tests/parsing_capabilities_by_type/primitives_data/int/err/b64pickle-str-.txt -&gt; HTTPStatus ------- using $&lt;read_str_from_txt&gt; =&gt; &lt;base64_ascii_str_pickle_to_object&gt;$
                                                                                                                    ! CAUGHT: WrongTypeCreatedError - Error while parsing /home/travis/build/smarie/python-parsyfiles/parsyfiles/tests/parsing_capabilities_by_type/primitives_data/int/err/b64pickle-str- (singlefile, .txt) as a HTTPStatus with parser $&lt;read_str_from_txt&gt; =&gt; &lt;base64_ascii_str_pickle_to_object&gt;$ using options=({&apos;MultifileCollectionParser&apos;: {&apos;lazy_parsing&apos;: False}}) - parser returned an object of wrong type &lt;class &apos;str&apos;&gt;: 
                                                                                                                    ! CAUGHT: CascadeError - See previous log messages for details
(B)                                                                                                                |--b64pickle-str-.txt -&gt; _SSLMethod ------- using [Try &apos;$&lt;read_str_from_txt&gt; =&gt; &lt;constructor_with_str_arg&gt;$&apos; then &apos;$&lt;read_str_from_txt&gt; =&gt; &lt;base64_ascii_str_pickle_to_object&gt;$]&apos;]
(B)                                                                                                                |--b64pickle-str-.txt -&gt; _SSLMethod ------- using $&lt;read_str_from_txt&gt; =&gt; &lt;constructor_with_str_arg&gt;$
Executing Parsing Plan for [/home/travis/build/smarie/python-parsyfiles/parsyfiles/tests/parsing_capabilities_by_type/primitives_data/int/err/b64pickle-str-]
(P) /home/travis/build/smarie/python-parsyfiles/parsyfiles/tests/parsing_capabilities_by_type/primitives_data/int/err/b64pickle-str-.txt -&gt; _SSLMethod ------- using $&lt;read_str_from_txt&gt; =&gt; &lt;constructor_with_str_arg&gt;$
  !! Caught error during execution !!
  File &quot;/home/travis/build/smarie/python-parsyfiles/parsyfiles/plugins_base/support_for_primitive_types.py&quot;, line 111, in constructor_with_str_arg
    return desired_type(source)
  File &quot;/opt/python/3.5.5/lib/python3.5/enum.py&quot;, line 241, in __call__
    return cls.__new__(cls, value)
  File &quot;/opt/python/3.5.5/lib/python3.5/enum.py&quot;, line 476, in __new__
    raise ValueError(&quot;%r is not a valid %s&quot; % (value, cls.__name__))
  ValueError : &apos;gANYAAAAAHEALg==&apos; is not a valid _SSLMethod
(B)                                                                                                                |--b64pickle-str-.txt -&gt; _SSLMethod ------- using $&lt;read_str_from_txt&gt; =&gt; &lt;base64_ascii_str_pickle_to_object&gt;$
Executing Parsing Plan for [/home/travis/build/smarie/python-parsyfiles/parsyfiles/tests/parsing_capabilities_by_type/primitives_data/int/err/b64pickle-str-]
(P) /home/travis/build/smarie/python-parsyfiles/parsyfiles/tests/parsing_capabilities_by_type/primitives_data/int/err/b64pickle-str-.txt -&gt; _SSLMethod ------- using $&lt;read_str_from_txt&gt; =&gt; &lt;base64_ascii_str_pickle_to_object&gt;$
                                                                                                                    ! CAUGHT: WrongTypeCreatedError - Error while parsing /home/travis/build/smarie/python-parsyfiles/parsyfiles/tests/parsing_capabilities_by_type/primitives_data/int/err/b64pickle-str- (singlefile, .txt) as a _SSLMethod with parser $&lt;read_str_from_txt&gt; =&gt; &lt;base64_ascii_str_pickle_to_object&gt;$ using options=({&apos;MultifileCollectionParser&apos;: {&apos;lazy_parsing&apos;: False}}) - parser returned an object of wrong type &lt;class &apos;str&apos;&gt;: 
                                                                                                                    ! CAUGHT: CascadeError - See previous log messages for details
(B)                                                                                                                |--b64pickle-str-.txt -&gt; _ParameterKind ------- using [Try &apos;$&lt;read_str_from_txt&gt; =&gt; &lt;constructor_with_str_arg&gt;$&apos; then &apos;$&lt;read_str_from_txt&gt; =&gt; &lt;base64_ascii_str_pickle_to_object&gt;$]&apos;]
(B)                                                                                                                |--b64pickle-str-.txt -&gt; _ParameterKind ------- using $&lt;read_str_from_txt&gt; =&gt; &lt;constructor_with_str_arg&gt;$
Executing Parsing Plan for [/home/travis/build/smarie/python-parsyfiles/parsyfiles/tests/parsing_capabilities_by_type/primitives_data/int/err/b64pickle-str-]
(P) /home/travis/build/smarie/python-parsyfiles/parsyfiles/tests/parsing_capabilities_by_type/primitives_data/int/err/b64pickle-str-.txt -&gt; _ParameterKind ------- using $&lt;read_str_from_txt&gt; =&gt; &lt;constructor_with_str_arg&gt;$
  !! Caught error during execution !!
  File &quot;/home/travis/build/smarie/python-parsyfiles/parsyfiles/plugins_base/support_for_primitive_types.py&quot;, line 111, in constructor_with_str_arg
    return desired_type(source)
  File &quot;/opt/python/3.5.5/lib/python3.5/enum.py&quot;, line 241, in __call__
    return cls.__new__(cls, value)
  File &quot;/opt/python/3.5.5/lib/python3.5/enum.py&quot;, line 476, in __new__
    raise ValueError(&quot;%r is not a valid %s&quot; % (value, cls.__name__))
  ValueError : &apos;gANYAAAAAHEALg==&apos; is not a valid _ParameterKind
(B)                                                                                                                |--b64pickle-str-.txt -&gt; _ParameterKind ------- using $&lt;read_str_from_txt&gt; =&gt; &lt;base64_ascii_str_pickle_to_object&gt;$
Executing Parsing Plan for [/home/travis/build/smarie/python-parsyfiles/parsyfiles/tests/parsing_capabilities_by_type/primitives_data/int/err/b64pickle-str-]
(P) /home/travis/build/smarie/python-parsyfiles/parsyfiles/tests/parsing_capabilities_by_type/primitives_data/int/err/b64pickle-str-.txt -&gt; _ParameterKind ------- using $&lt;read_str_from_txt&gt; =&gt; &lt;base64_ascii_str_pickle_to_object&gt;$
                                                                                                                    ! CAUGHT: WrongTypeCreatedError - Error while parsing /home/travis/build/smarie/python-parsyfiles/parsyfiles/tests/parsing_capabilities_by_type/primitives_data/int/err/b64pickle-str- (singlefile, .txt) as a _ParameterKind with parser $&lt;read_str_from_txt&gt; =&gt; &lt;base64_ascii_str_pickle_to_object&gt;$ using options=({&apos;MultifileCollectionParser&apos;: {&apos;lazy_parsing&apos;: False}}) - parser returned an object of wrong type &lt;class &apos;str&apos;&gt;: 
                                                                                                                    ! CAUGHT: CascadeError - See previous log messages for details
(B)                                                                                                                |--b64pickle-str-.txt -&gt; Sigmasks ------- using [Try &apos;$&lt;read_str_from_txt&gt; =&gt; &lt;constructor_with_str_arg&gt;$&apos; then &apos;$&lt;read_str_from_txt&gt; =&gt; &lt;base64_ascii_str_pickle_to_object&gt;$]&apos;]
(B)                                                                                                                |--b64pickle-str-.txt -&gt; Sigmasks ------- using $&lt;read_str_from_txt&gt; =&gt; &lt;constructor_with_str_arg&gt;$
Executing Parsing Plan for [/home/travis/build/smarie/python-parsyfiles/parsyfiles/tests/parsing_capabilities_by_type/primitives_data/int/err/b64pickle-str-]
(P) /home/travis/build/smarie/python-parsyfiles/parsyfiles/tests/parsing_capabilities_by_type/primitives_data/int/err/b64pickle-str-.txt -&gt; Sigmasks ------- using $&lt;read_str_from_txt&gt; =&gt; &lt;constructor_with_str_arg&gt;$
  !! Caught error during execution !!
  File &quot;/home/travis/build/smarie/python-parsyfiles/parsyfiles/plugins_base/support_for_primitive_types.py&quot;, line 111, in constructor_with_str_arg
    return desired_type(source)
  File &quot;/opt/python/3.5.5/lib/python3.5/enum.py&quot;, line 241, in __call__
    return cls.__new__(cls, value)
  File &quot;/opt/python/3.5.5/lib/python3.5/enum.py&quot;, line 476, in __new__
    raise ValueError(&quot;%r is not a valid %s&quot; % (value, cls.__name__))
  ValueError : &apos;gANYAAAAAHEALg==&apos; is not a valid Sigmasks
(B)                                                                                                                |--b64pickle-str-.txt -&gt; Sigmasks ------- using $&lt;read_str_from_txt&gt; =&gt; &lt;base64_ascii_str_pickle_to_object&gt;$
Executing Parsing Plan for [/home/travis/build/smarie/python-parsyfiles/parsyfiles/tests/parsing_capabilities_by_type/primitives_data/int/err/b64pickle-str-]
(P) /home/travis/build/smarie/python-parsyfiles/parsyfiles/tests/parsing_capabilities_by_type/primitives_data/int/err/b64pickle-str-.txt -&gt; Sigmasks ------- using $&lt;read_str_from_txt&gt; =&gt; &lt;base64_ascii_str_pickle_to_object&gt;$
                                                                                                                    ! CAUGHT: WrongTypeCreatedError - Error while parsing /home/travis/build/smarie/python-parsyfiles/parsyfiles/tests/parsing_capabilities_by_type/primitives_data/int/err/b64pickle-str- (singlefile, .txt) as a Sigmasks with parser $&lt;read_str_from_txt&gt; =&gt; &lt;base64_ascii_str_pickle_to_object&gt;$ using options=({&apos;MultifileCollectionParser&apos;: {&apos;lazy_parsing&apos;: False}}) - parser returned an object of wrong type &lt;class &apos;str&apos;&gt;: 
                                                                                                                    ! CAUGHT: CascadeError - See previous log messages for details
(B)                                                                                                                |--b64pickle-str-.txt -&gt; Handlers ------- using [Try &apos;$&lt;read_str_from_txt&gt; =&gt; &lt;constructor_with_str_arg&gt;$&apos; then &apos;$&lt;read_str_from_txt&gt; =&gt; &lt;base64_ascii_str_pickle_to_object&gt;$]&apos;]
(B)                                                                                                                |--b64pickle-str-.txt -&gt; Handlers ------- using $&lt;read_str_from_txt&gt; =&gt; &lt;constructor_with_str_arg&gt;$
Executing Parsing Plan for [/home/travis/build/smarie/python-parsyfiles/parsyfiles/tests/parsing_capabilities_by_type/primitives_data/int/err/b64pickle-str-]
(P) /home/travis/build/smarie/python-parsyfiles/parsyfiles/tests/parsing_capabilities_by_type/primitives_data/int/err/b64pickle-str-.txt -&gt; Handlers ------- using $&lt;read_str_from_txt&gt; =&gt; &lt;constructor_with_str_arg&gt;$
  !! Caught error during execution !!
  File &quot;/home/travis/build/smarie/python-parsyfiles/parsyfiles/plugins_base/support_for_primitive_types.py&quot;, line 111, in constructor_with_str_arg
    return desired_type(source)
  File &quot;/opt/python/3.5.5/lib/python3.5/enum.py&quot;, line 241, in __call__
    return cls.__new__(cls, value)
  File &quot;/opt/python/3.5.5/lib/python3.5/enum.py&quot;, line 476, in __new__
    raise ValueError(&quot;%r is not a valid %s&quot; % (value, cls.__name__))
  ValueError : &apos;gANYAAAAAHEALg==&apos; is not a valid Handlers
(B)                                                                                                                |--b64pickle-str-.txt -&gt; Handlers ------- using $&lt;read_str_from_txt&gt; =&gt; &lt;base64_ascii_str_pickle_to_object&gt;$
Executing Parsing Plan for [/home/travis/build/smarie/python-parsyfiles/parsyfiles/tests/parsing_capabilities_by_type/primitives_data/int/err/b64pickle-str-]
(P) /home/travis/build/smarie/python-parsyfiles/parsyfiles/tests/parsing_capabilities_by_type/primitives_data/int/err/b64pickle-str-.txt -&gt; Handlers ------- using $&lt;read_str_from_txt&gt; =&gt; &lt;base64_ascii_str_pickle_to_object&gt;$
                                                                                                                    ! CAUGHT: WrongTypeCreatedError - Error while parsing /home/travis/build/smarie/python-parsyfiles/parsyfiles/tests/parsing_capabilities_by_type/primitives_data/int/err/b64pickle-str- (singlefile, .txt) as a Handlers with parser $&lt;read_str_from_txt&gt; =&gt; &lt;base64_ascii_str_pickle_to_object&gt;$ using options=({&apos;MultifileCollectionParser&apos;: {&apos;lazy_parsing&apos;: False}}) - parser returned an object of wrong type &lt;class &apos;str&apos;&gt;: 
                                                                                                                    ! CAUGHT: CascadeError - See previous log messages for details
(B)                                                                                                                |--b64pickle-str-.txt -&gt; AddressFamily ------- using [Try &apos;$&lt;read_str_from_txt&gt; =&gt; &lt;constructor_with_str_arg&gt;$&apos; then &apos;$&lt;read_str_from_txt&gt; =&gt; &lt;base64_ascii_str_pickle_to_object&gt;$]&apos;]
(B)                                                                                                                |--b64pickle-str-.txt -&gt; AddressFamily ------- using $&lt;read_str_from_txt&gt; =&gt; &lt;constructor_with_str_arg&gt;$
Executing Parsing Plan for [/home/travis/build/smarie/python-parsyfiles/parsyfiles/tests/parsing_capabilities_by_type/primitives_data/int/err/b64pickle-str-]
(P) /home/travis/build/smarie/python-parsyfiles/parsyfiles/tests/parsing_capabilities_by_type/primitives_data/int/err/b64pickle-str-.txt -&gt; AddressFamily ------- using $&lt;read_str_from_txt&gt; =&gt; &lt;constructor_with_str_arg&gt;$
  !! Caught error during execution !!
  File &quot;/home/travis/build/smarie/python-parsyfiles/parsyfiles/plugins_base/support_for_primitive_types.py&quot;, line 111, in constructor_with_str_arg
    return desired_type(source)
  File &quot;/opt/python/3.5.5/lib/python3.5/enum.py&quot;, line 241, in __call__
    return cls.__new__(cls, value)
  File &quot;/opt/python/3.5.5/lib/python3.5/enum.py&quot;, line 476, in __new__
    raise ValueError(&quot;%r is not a valid %s&quot; % (value, cls.__name__))
  ValueError : &apos;gANYAAAAAHEALg==&apos; is not a valid AddressFamily
(B)                                                                                                                |--b64pickle-str-.txt -&gt; AddressFamily ------- using $&lt;read_str_from_txt&gt; =&gt; &lt;base64_ascii_str_pickle_to_object&gt;$
Executing Parsing Plan for [/home/travis/build/smarie/python-parsyfiles/parsyfiles/tests/parsing_capabilities_by_type/primitives_data/int/err/b64pickle-str-]
(P) /home/travis/build/smarie/python-parsyfiles/parsyfiles/tests/parsing_capabilities_by_type/primitives_data/int/err/b64pickle-str-.txt -&gt; AddressFamily ------- using $&lt;read_str_from_txt&gt; =&gt; &lt;base64_ascii_str_pickle_to_object&gt;$
                                                                                                                    ! CAUGHT: WrongTypeCreatedError - Error while parsing /home/travis/build/smarie/python-parsyfiles/parsyfiles/tests/parsing_capabilities_by_type/primitives_data/int/err/b64pickle-str- (singlefile, .txt) as a AddressFamily with parser $&lt;read_str_from_txt&gt; =&gt; &lt;base64_ascii_str_pickle_to_object&gt;$ using options=({&apos;MultifileCollectionParser&apos;: {&apos;lazy_parsing&apos;: False}}) - parser returned an object of wrong type &lt;class &apos;str&apos;&gt;: 
                                                                                                                    ! CAUGHT: CascadeError - See previous log messages for details
</system-out></testcase><testcase classname="parsyfiles.tests.parsing_capabilities_by_type.test_parse_primitives" file="parsyfiles/tests/parsing_capabilities_by_type/test_parse_primitives.py" line="179" name="test_parse_by_type[int-err-pickle-float--5.5.pyc]" time="0.10178637504577637"><system-out>**** Starting to parse single object of type &lt;int&gt; at location /home/travis/build/smarie/python-parsyfiles/parsyfiles/tests/parsing_capabilities_by_type/primitives_data/int/err/pickle-float--5.5 ****
Checking all files under [/home/travis/build/smarie/python-parsyfiles/parsyfiles/tests/parsing_capabilities_by_type/primitives_data/int/err/pickle-float--5.5]
(C) /home/travis/build/smarie/python-parsyfiles/parsyfiles/tests/parsing_capabilities_by_type/primitives_data/int/err/pickle-float--5.5 (singlefile, .pyc)
File checks done

Building a parsing plan to parse [/home/travis/build/smarie/python-parsyfiles/parsyfiles/tests/parsing_capabilities_by_type/primitives_data/int/err/pickle-float--5.5] into a int
(B) /home/travis/build/smarie/python-parsyfiles/parsyfiles/tests/parsing_capabilities_by_type/primitives_data/int/err/pickle-float--5.5.pyc -&gt; int ------- using [Try &apos;[Try &apos;$&lt;read_object_from_pickle&gt; =&gt; &lt;bool_to_int&gt;$&apos; then &apos;$&lt;read_object_from_pickle&gt; =&gt; &lt;float_to_int&gt;$&apos; then &apos;$&lt;read_object_from_pickle&gt; =&gt; &lt;str_to_int&gt;$&apos; then &apos;$&lt;read_object_from_pickle&gt; =&gt; &lt;float_to_bool&gt;$&apos; then &apos;$&lt;read_object_from_pickle&gt; =&gt; &lt;int_to_bool&gt;$&apos; then &apos;$&lt;read_object_from_pickle&gt; =&gt; &lt;str_to_bool&gt;$&apos; then &apos;&lt;read_object_from_pickle&gt;]&apos;]&apos; -&gt; [int] then &apos;[Try &apos;$&lt;read_object_from_pickle&gt; =&gt; &lt;float_to_bool&gt;$&apos; then &apos;$&lt;read_object_from_pickle&gt; =&gt; &lt;int_to_bool&gt;$&apos; then &apos;$&lt;read_object_from_pickle&gt; =&gt; &lt;str_to_bool&gt;$&apos; then &apos;&lt;read_object_from_pickle&gt;]&apos;]&apos; -&gt; [bool] then &apos;&lt;read_object_from_pickle&gt;&apos; -&gt; [_NamedIntConstant] then &apos;&lt;read_object_from_pickle&gt;&apos; -&gt; [IntEnum] then &apos;&lt;read_object_from_pickle&gt;&apos; -&gt; [Signals] then &apos;&lt;read_object_from_pickle&gt;&apos; -&gt; [SocketKind] then &apos;&lt;read_object_from_pickle&gt;&apos; -&gt; [HTTPStatus] then &apos;&lt;read_object_from_pickle&gt;&apos; -&gt; [_SSLMethod] then &apos;&lt;read_object_from_pickle&gt;&apos; -&gt; [_ParameterKind] then &apos;&lt;read_object_from_pickle&gt;&apos; -&gt; [Sigmasks] then &apos;&lt;read_object_from_pickle&gt;&apos; -&gt; [Handlers] then &apos;&lt;read_object_from_pickle&gt;&apos; -&gt; [AddressFamily]]]
(B)                                                                                                                |--pickle-float--5.5.pyc -&gt; int ------- using [Try &apos;$&lt;read_object_from_pickle&gt; =&gt; &lt;bool_to_int&gt;$&apos; then &apos;$&lt;read_object_from_pickle&gt; =&gt; &lt;float_to_int&gt;$&apos; then &apos;$&lt;read_object_from_pickle&gt; =&gt; &lt;str_to_int&gt;$&apos; then &apos;$&lt;read_object_from_pickle&gt; =&gt; &lt;float_to_bool&gt;$&apos; then &apos;$&lt;read_object_from_pickle&gt; =&gt; &lt;int_to_bool&gt;$&apos; then &apos;$&lt;read_object_from_pickle&gt; =&gt; &lt;str_to_bool&gt;$&apos; then &apos;&lt;read_object_from_pickle&gt;]&apos;]
(B)                                                                                                                |--pickle-float--5.5.pyc -&gt; int ------- using $&lt;read_object_from_pickle&gt; =&gt; &lt;bool_to_int&gt;$
Parsing Plan created successfully

Executing Parsing Plan for [/home/travis/build/smarie/python-parsyfiles/parsyfiles/tests/parsing_capabilities_by_type/primitives_data/int/err/pickle-float--5.5]
(P) /home/travis/build/smarie/python-parsyfiles/parsyfiles/tests/parsing_capabilities_by_type/primitives_data/int/err/pickle-float--5.5.pyc -&gt; int ------- using $&lt;read_object_from_pickle&gt; =&gt; &lt;bool_to_int&gt;$
  !! Caught error during execution !!
  File &quot;/home/travis/build/smarie/python-parsyfiles/parsyfiles/parsing_core.py&quot;, line 177, in _execute
    self.get_singlefile_encoding(), logger, options)
  File &quot;/home/travis/build/smarie/python-parsyfiles/parsyfiles/parsing_combining_parsers.py&quot;, line 598, in _parse_singlefile
    return self._converter.convert(desired_type, first, logger, options)
  File &quot;/home/travis/build/smarie/python-parsyfiles/parsyfiles/converting_core.py&quot;, line 321, in convert
    raise ConversionException.create_not_able_to_convert(source_obj, self, desired_type)
  ConversionException : Converter $&lt;bool_to_int&gt;$ is not able to ingest source value &apos;-5.5&apos; of type &apos;float&apos; and/or convert it to type &apos;int&apos;. This can happen in a chain when the previous step in the chain is generic and actually produced  an output of the wrong type/content
(B)                                                                                                                |--pickle-float--5.5.pyc -&gt; int ------- using $&lt;read_object_from_pickle&gt; =&gt; &lt;float_to_int&gt;$
Executing Parsing Plan for [/home/travis/build/smarie/python-parsyfiles/parsyfiles/tests/parsing_capabilities_by_type/primitives_data/int/err/pickle-float--5.5]
(P) /home/travis/build/smarie/python-parsyfiles/parsyfiles/tests/parsing_capabilities_by_type/primitives_data/int/err/pickle-float--5.5.pyc -&gt; int ------- using $&lt;read_object_from_pickle&gt; =&gt; &lt;float_to_int&gt;$
  !! Caught error during execution !!
  File &quot;/home/travis/build/smarie/python-parsyfiles/parsyfiles/converting_core.py&quot;, line 319, in convert
    return self._convert(desired_type, source_obj, logger, options)
  File &quot;/home/travis/build/smarie/python-parsyfiles/parsyfiles/converting_core.py&quot;, line 524, in _convert
    return self.conversion_method(desired_type, source_obj, logger, **opts)
  File &quot;/home/travis/build/smarie/python-parsyfiles/parsyfiles/plugins_base/support_for_primitive_types.py&quot;, line 50, in primitive_to_int
    raise ValueError(&apos;Cannot convert to int : source is a non-integer float: &apos; + str(source))
  ValueError : Cannot convert to int : source is a non-integer float: -5.5
(B)                                                                                                                |--pickle-float--5.5.pyc -&gt; int ------- using $&lt;read_object_from_pickle&gt; =&gt; &lt;str_to_int&gt;$
Executing Parsing Plan for [/home/travis/build/smarie/python-parsyfiles/parsyfiles/tests/parsing_capabilities_by_type/primitives_data/int/err/pickle-float--5.5]
(P) /home/travis/build/smarie/python-parsyfiles/parsyfiles/tests/parsing_capabilities_by_type/primitives_data/int/err/pickle-float--5.5.pyc -&gt; int ------- using $&lt;read_object_from_pickle&gt; =&gt; &lt;str_to_int&gt;$
  !! Caught error during execution !!
  File &quot;/home/travis/build/smarie/python-parsyfiles/parsyfiles/parsing_core.py&quot;, line 177, in _execute
    self.get_singlefile_encoding(), logger, options)
  File &quot;/home/travis/build/smarie/python-parsyfiles/parsyfiles/parsing_combining_parsers.py&quot;, line 598, in _parse_singlefile
    return self._converter.convert(desired_type, first, logger, options)
  File &quot;/home/travis/build/smarie/python-parsyfiles/parsyfiles/converting_core.py&quot;, line 321, in convert
    raise ConversionException.create_not_able_to_convert(source_obj, self, desired_type)
  ConversionException : Converter $&lt;str_to_int&gt;$ is not able to ingest source value &apos;-5.5&apos; of type &apos;float&apos; and/or convert it to type &apos;int&apos;. This can happen in a chain when the previous step in the chain is generic and actually produced  an output of the wrong type/content
(B)                                                                                                                |--pickle-float--5.5.pyc -&gt; int ------- using $&lt;read_object_from_pickle&gt; =&gt; &lt;float_to_bool&gt;$
Executing Parsing Plan for [/home/travis/build/smarie/python-parsyfiles/parsyfiles/tests/parsing_capabilities_by_type/primitives_data/int/err/pickle-float--5.5]
(P) /home/travis/build/smarie/python-parsyfiles/parsyfiles/tests/parsing_capabilities_by_type/primitives_data/int/err/pickle-float--5.5.pyc -&gt; int ------- using $&lt;read_object_from_pickle&gt; =&gt; &lt;float_to_bool&gt;$
  !! Caught error during execution !!
  File &quot;/home/travis/build/smarie/python-parsyfiles/parsyfiles/converting_core.py&quot;, line 319, in convert
    return self._convert(desired_type, source_obj, logger, options)
  File &quot;/home/travis/build/smarie/python-parsyfiles/parsyfiles/converting_core.py&quot;, line 524, in _convert
    return self.conversion_method(desired_type, source_obj, logger, **opts)
  File &quot;/home/travis/build/smarie/python-parsyfiles/parsyfiles/plugins_base/support_for_primitive_types.py&quot;, line 91, in primitive_to_bool
    raise ValueError(&apos;Cannot convert to bool : source is a number but is not 1 nor 0 : \&apos;&apos; + str(source) + &apos;\&apos;&apos;)
  ValueError : Cannot convert to bool : source is a number but is not 1 nor 0 : &apos;-5.5&apos;
(B)                                                                                                                |--pickle-float--5.5.pyc -&gt; int ------- using $&lt;read_object_from_pickle&gt; =&gt; &lt;int_to_bool&gt;$
Executing Parsing Plan for [/home/travis/build/smarie/python-parsyfiles/parsyfiles/tests/parsing_capabilities_by_type/primitives_data/int/err/pickle-float--5.5]
(P) /home/travis/build/smarie/python-parsyfiles/parsyfiles/tests/parsing_capabilities_by_type/primitives_data/int/err/pickle-float--5.5.pyc -&gt; int ------- using $&lt;read_object_from_pickle&gt; =&gt; &lt;int_to_bool&gt;$
  !! Caught error during execution !!
  File &quot;/home/travis/build/smarie/python-parsyfiles/parsyfiles/parsing_core.py&quot;, line 177, in _execute
    self.get_singlefile_encoding(), logger, options)
  File &quot;/home/travis/build/smarie/python-parsyfiles/parsyfiles/parsing_combining_parsers.py&quot;, line 598, in _parse_singlefile
    return self._converter.convert(desired_type, first, logger, options)
  File &quot;/home/travis/build/smarie/python-parsyfiles/parsyfiles/converting_core.py&quot;, line 321, in convert
    raise ConversionException.create_not_able_to_convert(source_obj, self, desired_type)
  ConversionException : Converter $&lt;int_to_bool&gt;$ is not able to ingest source value &apos;-5.5&apos; of type &apos;float&apos; and/or convert it to type &apos;int&apos;. This can happen in a chain when the previous step in the chain is generic and actually produced  an output of the wrong type/content
(B)                                                                                                                |--pickle-float--5.5.pyc -&gt; int ------- using $&lt;read_object_from_pickle&gt; =&gt; &lt;str_to_bool&gt;$
Executing Parsing Plan for [/home/travis/build/smarie/python-parsyfiles/parsyfiles/tests/parsing_capabilities_by_type/primitives_data/int/err/pickle-float--5.5]
(P) /home/travis/build/smarie/python-parsyfiles/parsyfiles/tests/parsing_capabilities_by_type/primitives_data/int/err/pickle-float--5.5.pyc -&gt; int ------- using $&lt;read_object_from_pickle&gt; =&gt; &lt;str_to_bool&gt;$
  !! Caught error during execution !!
  File &quot;/home/travis/build/smarie/python-parsyfiles/parsyfiles/parsing_core.py&quot;, line 177, in _execute
    self.get_singlefile_encoding(), logger, options)
  File &quot;/home/travis/build/smarie/python-parsyfiles/parsyfiles/parsing_combining_parsers.py&quot;, line 598, in _parse_singlefile
    return self._converter.convert(desired_type, first, logger, options)
  File &quot;/home/travis/build/smarie/python-parsyfiles/parsyfiles/converting_core.py&quot;, line 321, in convert
    raise ConversionException.create_not_able_to_convert(source_obj, self, desired_type)
  ConversionException : Converter $&lt;str_to_bool&gt;$ is not able to ingest source value &apos;-5.5&apos; of type &apos;float&apos; and/or convert it to type &apos;int&apos;. This can happen in a chain when the previous step in the chain is generic and actually produced  an output of the wrong type/content
(B)                                                                                                                |--pickle-float--5.5.pyc -&gt; int ------- using &lt;read_object_from_pickle&gt;
Executing Parsing Plan for [/home/travis/build/smarie/python-parsyfiles/parsyfiles/tests/parsing_capabilities_by_type/primitives_data/int/err/pickle-float--5.5]
(P) /home/travis/build/smarie/python-parsyfiles/parsyfiles/tests/parsing_capabilities_by_type/primitives_data/int/err/pickle-float--5.5.pyc -&gt; int ------- using &lt;read_object_from_pickle&gt;
                                                                                                                    ! CAUGHT: WrongTypeCreatedError - Error while parsing /home/travis/build/smarie/python-parsyfiles/parsyfiles/tests/parsing_capabilities_by_type/primitives_data/int/err/pickle-float--5.5 (singlefile, .pyc) as a int with parser &lt;read_object_from_pickle&gt; using options=({&apos;MultifileCollectionParser&apos;: {&apos;lazy_parsing&apos;: False}}) - parser returned an object of wrong type &lt;class &apos;float&apos;&gt;: -5.5
                                                                                                                    ! CAUGHT: CascadeError - See previous log messages for details
(B)                                                                                                                |--pickle-float--5.5.pyc -&gt; bool ------- using [Try &apos;$&lt;read_object_from_pickle&gt; =&gt; &lt;float_to_bool&gt;$&apos; then &apos;$&lt;read_object_from_pickle&gt; =&gt; &lt;int_to_bool&gt;$&apos; then &apos;$&lt;read_object_from_pickle&gt; =&gt; &lt;str_to_bool&gt;$&apos; then &apos;&lt;read_object_from_pickle&gt;]&apos;]
(B)                                                                                                                |--pickle-float--5.5.pyc -&gt; bool ------- using $&lt;read_object_from_pickle&gt; =&gt; &lt;float_to_bool&gt;$
Executing Parsing Plan for [/home/travis/build/smarie/python-parsyfiles/parsyfiles/tests/parsing_capabilities_by_type/primitives_data/int/err/pickle-float--5.5]
(P) /home/travis/build/smarie/python-parsyfiles/parsyfiles/tests/parsing_capabilities_by_type/primitives_data/int/err/pickle-float--5.5.pyc -&gt; bool ------- using $&lt;read_object_from_pickle&gt; =&gt; &lt;float_to_bool&gt;$
  !! Caught error during execution !!
  File &quot;/home/travis/build/smarie/python-parsyfiles/parsyfiles/converting_core.py&quot;, line 319, in convert
    return self._convert(desired_type, source_obj, logger, options)
  File &quot;/home/travis/build/smarie/python-parsyfiles/parsyfiles/converting_core.py&quot;, line 524, in _convert
    return self.conversion_method(desired_type, source_obj, logger, **opts)
  File &quot;/home/travis/build/smarie/python-parsyfiles/parsyfiles/plugins_base/support_for_primitive_types.py&quot;, line 91, in primitive_to_bool
    raise ValueError(&apos;Cannot convert to bool : source is a number but is not 1 nor 0 : \&apos;&apos; + str(source) + &apos;\&apos;&apos;)
  ValueError : Cannot convert to bool : source is a number but is not 1 nor 0 : &apos;-5.5&apos;
(B)                                                                                                                |--pickle-float--5.5.pyc -&gt; bool ------- using $&lt;read_object_from_pickle&gt; =&gt; &lt;int_to_bool&gt;$
Executing Parsing Plan for [/home/travis/build/smarie/python-parsyfiles/parsyfiles/tests/parsing_capabilities_by_type/primitives_data/int/err/pickle-float--5.5]
(P) /home/travis/build/smarie/python-parsyfiles/parsyfiles/tests/parsing_capabilities_by_type/primitives_data/int/err/pickle-float--5.5.pyc -&gt; bool ------- using $&lt;read_object_from_pickle&gt; =&gt; &lt;int_to_bool&gt;$
  !! Caught error during execution !!
  File &quot;/home/travis/build/smarie/python-parsyfiles/parsyfiles/parsing_core.py&quot;, line 177, in _execute
    self.get_singlefile_encoding(), logger, options)
  File &quot;/home/travis/build/smarie/python-parsyfiles/parsyfiles/parsing_combining_parsers.py&quot;, line 598, in _parse_singlefile
    return self._converter.convert(desired_type, first, logger, options)
  File &quot;/home/travis/build/smarie/python-parsyfiles/parsyfiles/converting_core.py&quot;, line 321, in convert
    raise ConversionException.create_not_able_to_convert(source_obj, self, desired_type)
  ConversionException : Converter $&lt;int_to_bool&gt;$ is not able to ingest source value &apos;-5.5&apos; of type &apos;float&apos; and/or convert it to type &apos;bool&apos;. This can happen in a chain when the previous step in the chain is generic and actually produced  an output of the wrong type/content
(B)                                                                                                                |--pickle-float--5.5.pyc -&gt; bool ------- using $&lt;read_object_from_pickle&gt; =&gt; &lt;str_to_bool&gt;$
Executing Parsing Plan for [/home/travis/build/smarie/python-parsyfiles/parsyfiles/tests/parsing_capabilities_by_type/primitives_data/int/err/pickle-float--5.5]
(P) /home/travis/build/smarie/python-parsyfiles/parsyfiles/tests/parsing_capabilities_by_type/primitives_data/int/err/pickle-float--5.5.pyc -&gt; bool ------- using $&lt;read_object_from_pickle&gt; =&gt; &lt;str_to_bool&gt;$
  !! Caught error during execution !!
  File &quot;/home/travis/build/smarie/python-parsyfiles/parsyfiles/parsing_core.py&quot;, line 177, in _execute
    self.get_singlefile_encoding(), logger, options)
  File &quot;/home/travis/build/smarie/python-parsyfiles/parsyfiles/parsing_combining_parsers.py&quot;, line 598, in _parse_singlefile
    return self._converter.convert(desired_type, first, logger, options)
  File &quot;/home/travis/build/smarie/python-parsyfiles/parsyfiles/converting_core.py&quot;, line 321, in convert
    raise ConversionException.create_not_able_to_convert(source_obj, self, desired_type)
  ConversionException : Converter $&lt;str_to_bool&gt;$ is not able to ingest source value &apos;-5.5&apos; of type &apos;float&apos; and/or convert it to type &apos;bool&apos;. This can happen in a chain when the previous step in the chain is generic and actually produced  an output of the wrong type/content
(B)                                                                                                                |--pickle-float--5.5.pyc -&gt; bool ------- using &lt;read_object_from_pickle&gt;
Executing Parsing Plan for [/home/travis/build/smarie/python-parsyfiles/parsyfiles/tests/parsing_capabilities_by_type/primitives_data/int/err/pickle-float--5.5]
(P) /home/travis/build/smarie/python-parsyfiles/parsyfiles/tests/parsing_capabilities_by_type/primitives_data/int/err/pickle-float--5.5.pyc -&gt; bool ------- using &lt;read_object_from_pickle&gt;
                                                                                                                    ! CAUGHT: WrongTypeCreatedError - Error while parsing /home/travis/build/smarie/python-parsyfiles/parsyfiles/tests/parsing_capabilities_by_type/primitives_data/int/err/pickle-float--5.5 (singlefile, .pyc) as a bool with parser &lt;read_object_from_pickle&gt; using options=({&apos;MultifileCollectionParser&apos;: {&apos;lazy_parsing&apos;: False}}) - parser returned an object of wrong type &lt;class &apos;float&apos;&gt;: -5.5
                                                                                                                    ! CAUGHT: CascadeError - See previous log messages for details
(B)                                                                                                                |--pickle-float--5.5.pyc -&gt; _NamedIntConstant ------- using &lt;read_object_from_pickle&gt;
Executing Parsing Plan for [/home/travis/build/smarie/python-parsyfiles/parsyfiles/tests/parsing_capabilities_by_type/primitives_data/int/err/pickle-float--5.5]
(P) /home/travis/build/smarie/python-parsyfiles/parsyfiles/tests/parsing_capabilities_by_type/primitives_data/int/err/pickle-float--5.5.pyc -&gt; _NamedIntConstant ------- using &lt;read_object_from_pickle&gt;
                                                                                                                    ! CAUGHT: WrongTypeCreatedError - Error while parsing /home/travis/build/smarie/python-parsyfiles/parsyfiles/tests/parsing_capabilities_by_type/primitives_data/int/err/pickle-float--5.5 (singlefile, .pyc) as a _NamedIntConstant with parser &lt;read_object_from_pickle&gt; using options=({&apos;MultifileCollectionParser&apos;: {&apos;lazy_parsing&apos;: False}}) - parser returned an object of wrong type &lt;class &apos;float&apos;&gt;: -5.5
(B)                                                                                                                |--pickle-float--5.5.pyc -&gt; IntEnum ------- using &lt;read_object_from_pickle&gt;
Executing Parsing Plan for [/home/travis/build/smarie/python-parsyfiles/parsyfiles/tests/parsing_capabilities_by_type/primitives_data/int/err/pickle-float--5.5]
(P) /home/travis/build/smarie/python-parsyfiles/parsyfiles/tests/parsing_capabilities_by_type/primitives_data/int/err/pickle-float--5.5.pyc -&gt; IntEnum ------- using &lt;read_object_from_pickle&gt;
                                                                                                                    ! CAUGHT: WrongTypeCreatedError - Error while parsing /home/travis/build/smarie/python-parsyfiles/parsyfiles/tests/parsing_capabilities_by_type/primitives_data/int/err/pickle-float--5.5 (singlefile, .pyc) as a IntEnum with parser &lt;read_object_from_pickle&gt; using options=({&apos;MultifileCollectionParser&apos;: {&apos;lazy_parsing&apos;: False}}) - parser returned an object of wrong type &lt;class &apos;float&apos;&gt;: -5.5
(B)                                                                                                                |--pickle-float--5.5.pyc -&gt; Signals ------- using &lt;read_object_from_pickle&gt;
Executing Parsing Plan for [/home/travis/build/smarie/python-parsyfiles/parsyfiles/tests/parsing_capabilities_by_type/primitives_data/int/err/pickle-float--5.5]
(P) /home/travis/build/smarie/python-parsyfiles/parsyfiles/tests/parsing_capabilities_by_type/primitives_data/int/err/pickle-float--5.5.pyc -&gt; Signals ------- using &lt;read_object_from_pickle&gt;
                                                                                                                    ! CAUGHT: WrongTypeCreatedError - Error while parsing /home/travis/build/smarie/python-parsyfiles/parsyfiles/tests/parsing_capabilities_by_type/primitives_data/int/err/pickle-float--5.5 (singlefile, .pyc) as a Signals with parser &lt;read_object_from_pickle&gt; using options=({&apos;MultifileCollectionParser&apos;: {&apos;lazy_parsing&apos;: False}}) - parser returned an object of wrong type &lt;class &apos;float&apos;&gt;: -5.5
(B)                                                                                                                |--pickle-float--5.5.pyc -&gt; SocketKind ------- using &lt;read_object_from_pickle&gt;
Executing Parsing Plan for [/home/travis/build/smarie/python-parsyfiles/parsyfiles/tests/parsing_capabilities_by_type/primitives_data/int/err/pickle-float--5.5]
(P) /home/travis/build/smarie/python-parsyfiles/parsyfiles/tests/parsing_capabilities_by_type/primitives_data/int/err/pickle-float--5.5.pyc -&gt; SocketKind ------- using &lt;read_object_from_pickle&gt;
                                                                                                                    ! CAUGHT: WrongTypeCreatedError - Error while parsing /home/travis/build/smarie/python-parsyfiles/parsyfiles/tests/parsing_capabilities_by_type/primitives_data/int/err/pickle-float--5.5 (singlefile, .pyc) as a SocketKind with parser &lt;read_object_from_pickle&gt; using options=({&apos;MultifileCollectionParser&apos;: {&apos;lazy_parsing&apos;: False}}) - parser returned an object of wrong type &lt;class &apos;float&apos;&gt;: -5.5
(B)                                                                                                                |--pickle-float--5.5.pyc -&gt; HTTPStatus ------- using &lt;read_object_from_pickle&gt;
Executing Parsing Plan for [/home/travis/build/smarie/python-parsyfiles/parsyfiles/tests/parsing_capabilities_by_type/primitives_data/int/err/pickle-float--5.5]
(P) /home/travis/build/smarie/python-parsyfiles/parsyfiles/tests/parsing_capabilities_by_type/primitives_data/int/err/pickle-float--5.5.pyc -&gt; HTTPStatus ------- using &lt;read_object_from_pickle&gt;
                                                                                                                    ! CAUGHT: WrongTypeCreatedError - Error while parsing /home/travis/build/smarie/python-parsyfiles/parsyfiles/tests/parsing_capabilities_by_type/primitives_data/int/err/pickle-float--5.5 (singlefile, .pyc) as a HTTPStatus with parser &lt;read_object_from_pickle&gt; using options=({&apos;MultifileCollectionParser&apos;: {&apos;lazy_parsing&apos;: False}}) - parser returned an object of wrong type &lt;class &apos;float&apos;&gt;: -5.5
(B)                                                                                                                |--pickle-float--5.5.pyc -&gt; _SSLMethod ------- using &lt;read_object_from_pickle&gt;
Executing Parsing Plan for [/home/travis/build/smarie/python-parsyfiles/parsyfiles/tests/parsing_capabilities_by_type/primitives_data/int/err/pickle-float--5.5]
(P) /home/travis/build/smarie/python-parsyfiles/parsyfiles/tests/parsing_capabilities_by_type/primitives_data/int/err/pickle-float--5.5.pyc -&gt; _SSLMethod ------- using &lt;read_object_from_pickle&gt;
                                                                                                                    ! CAUGHT: WrongTypeCreatedError - Error while parsing /home/travis/build/smarie/python-parsyfiles/parsyfiles/tests/parsing_capabilities_by_type/primitives_data/int/err/pickle-float--5.5 (singlefile, .pyc) as a _SSLMethod with parser &lt;read_object_from_pickle&gt; using options=({&apos;MultifileCollectionParser&apos;: {&apos;lazy_parsing&apos;: False}}) - parser returned an object of wrong type &lt;class &apos;float&apos;&gt;: -5.5
(B)                                                                                                                |--pickle-float--5.5.pyc -&gt; _ParameterKind ------- using &lt;read_object_from_pickle&gt;
Executing Parsing Plan for [/home/travis/build/smarie/python-parsyfiles/parsyfiles/tests/parsing_capabilities_by_type/primitives_data/int/err/pickle-float--5.5]
(P) /home/travis/build/smarie/python-parsyfiles/parsyfiles/tests/parsing_capabilities_by_type/primitives_data/int/err/pickle-float--5.5.pyc -&gt; _ParameterKind ------- using &lt;read_object_from_pickle&gt;
                                                                                                                    ! CAUGHT: WrongTypeCreatedError - Error while parsing /home/travis/build/smarie/python-parsyfiles/parsyfiles/tests/parsing_capabilities_by_type/primitives_data/int/err/pickle-float--5.5 (singlefile, .pyc) as a _ParameterKind with parser &lt;read_object_from_pickle&gt; using options=({&apos;MultifileCollectionParser&apos;: {&apos;lazy_parsing&apos;: False}}) - parser returned an object of wrong type &lt;class &apos;float&apos;&gt;: -5.5
(B)                                                                                                                |--pickle-float--5.5.pyc -&gt; Sigmasks ------- using &lt;read_object_from_pickle&gt;
Executing Parsing Plan for [/home/travis/build/smarie/python-parsyfiles/parsyfiles/tests/parsing_capabilities_by_type/primitives_data/int/err/pickle-float--5.5]
(P) /home/travis/build/smarie/python-parsyfiles/parsyfiles/tests/parsing_capabilities_by_type/primitives_data/int/err/pickle-float--5.5.pyc -&gt; Sigmasks ------- using &lt;read_object_from_pickle&gt;
                                                                                                                    ! CAUGHT: WrongTypeCreatedError - Error while parsing /home/travis/build/smarie/python-parsyfiles/parsyfiles/tests/parsing_capabilities_by_type/primitives_data/int/err/pickle-float--5.5 (singlefile, .pyc) as a Sigmasks with parser &lt;read_object_from_pickle&gt; using options=({&apos;MultifileCollectionParser&apos;: {&apos;lazy_parsing&apos;: False}}) - parser returned an object of wrong type &lt;class &apos;float&apos;&gt;: -5.5
(B)                                                                                                                |--pickle-float--5.5.pyc -&gt; Handlers ------- using &lt;read_object_from_pickle&gt;
Executing Parsing Plan for [/home/travis/build/smarie/python-parsyfiles/parsyfiles/tests/parsing_capabilities_by_type/primitives_data/int/err/pickle-float--5.5]
(P) /home/travis/build/smarie/python-parsyfiles/parsyfiles/tests/parsing_capabilities_by_type/primitives_data/int/err/pickle-float--5.5.pyc -&gt; Handlers ------- using &lt;read_object_from_pickle&gt;
                                                                                                                    ! CAUGHT: WrongTypeCreatedError - Error while parsing /home/travis/build/smarie/python-parsyfiles/parsyfiles/tests/parsing_capabilities_by_type/primitives_data/int/err/pickle-float--5.5 (singlefile, .pyc) as a Handlers with parser &lt;read_object_from_pickle&gt; using options=({&apos;MultifileCollectionParser&apos;: {&apos;lazy_parsing&apos;: False}}) - parser returned an object of wrong type &lt;class &apos;float&apos;&gt;: -5.5
(B)                                                                                                                |--pickle-float--5.5.pyc -&gt; AddressFamily ------- using &lt;read_object_from_pickle&gt;
Executing Parsing Plan for [/home/travis/build/smarie/python-parsyfiles/parsyfiles/tests/parsing_capabilities_by_type/primitives_data/int/err/pickle-float--5.5]
(P) /home/travis/build/smarie/python-parsyfiles/parsyfiles/tests/parsing_capabilities_by_type/primitives_data/int/err/pickle-float--5.5.pyc -&gt; AddressFamily ------- using &lt;read_object_from_pickle&gt;
                                                                                                                    ! CAUGHT: WrongTypeCreatedError - Error while parsing /home/travis/build/smarie/python-parsyfiles/parsyfiles/tests/parsing_capabilities_by_type/primitives_data/int/err/pickle-float--5.5 (singlefile, .pyc) as a AddressFamily with parser &lt;read_object_from_pickle&gt; using options=({&apos;MultifileCollectionParser&apos;: {&apos;lazy_parsing&apos;: False}}) - parser returned an object of wrong type &lt;class &apos;float&apos;&gt;: -5.5
</system-out></testcase><testcase classname="parsyfiles.tests.parsing_capabilities_by_type.test_parse_primitives" file="parsyfiles/tests/parsing_capabilities_by_type/test_parse_primitives.py" line="179" name="test_parse_by_type[int-err-b64pickle-str-truth.txt]" time="0.13961124420166016"><system-out>**** Starting to parse single object of type &lt;int&gt; at location /home/travis/build/smarie/python-parsyfiles/parsyfiles/tests/parsing_capabilities_by_type/primitives_data/int/err/b64pickle-str-truth ****
Checking all files under [/home/travis/build/smarie/python-parsyfiles/parsyfiles/tests/parsing_capabilities_by_type/primitives_data/int/err/b64pickle-str-truth]
(C) /home/travis/build/smarie/python-parsyfiles/parsyfiles/tests/parsing_capabilities_by_type/primitives_data/int/err/b64pickle-str-truth (singlefile, .txt)
File checks done

Building a parsing plan to parse [/home/travis/build/smarie/python-parsyfiles/parsyfiles/tests/parsing_capabilities_by_type/primitives_data/int/err/b64pickle-str-truth] into a int
(B) /home/travis/build/smarie/python-parsyfiles/parsyfiles/tests/parsing_capabilities_by_type/primitives_data/int/err/b64pickle-str-truth.txt -&gt; int ------- using [Try &apos;[Try &apos;$&lt;read_str_from_txt&gt; =&gt; &lt;str_to_int&gt;$&apos; then &apos;$&lt;read_str_from_txt&gt; =&gt; &lt;base64_ascii_str_pickle_to_object&gt; -&gt; &lt;bool_to_int&gt;$&apos; then &apos;$&lt;read_str_from_txt&gt; =&gt; &lt;base64_ascii_str_pickle_to_object&gt; -&gt; &lt;float_to_int&gt;$&apos; then &apos;$&lt;read_str_from_txt&gt; =&gt; &lt;base64_ascii_str_pickle_to_object&gt; -&gt; &lt;str_to_int&gt;$&apos; then &apos;$&lt;read_str_from_txt&gt; =&gt; &lt;str_to_bool&gt;$&apos; then &apos;$&lt;read_str_from_txt&gt; =&gt; &lt;base64_ascii_str_pickle_to_object&gt; -&gt; &lt;float_to_bool&gt;$&apos; then &apos;$&lt;read_str_from_txt&gt; =&gt; &lt;base64_ascii_str_pickle_to_object&gt; -&gt; &lt;int_to_bool&gt;$&apos; then &apos;$&lt;read_str_from_txt&gt; =&gt; &lt;base64_ascii_str_pickle_to_object&gt; -&gt; &lt;str_to_bool&gt;$&apos; then &apos;$&lt;read_str_from_txt&gt; =&gt; &lt;base64_ascii_str_pickle_to_object&gt;$]&apos;]&apos; -&gt; [int] then &apos;[Try &apos;$&lt;read_str_from_txt&gt; =&gt; &lt;str_to_bool&gt;$&apos; then &apos;$&lt;read_str_from_txt&gt; =&gt; &lt;base64_ascii_str_pickle_to_object&gt; -&gt; &lt;float_to_bool&gt;$&apos; then &apos;$&lt;read_str_from_txt&gt; =&gt; &lt;base64_ascii_str_pickle_to_object&gt; -&gt; &lt;int_to_bool&gt;$&apos; then &apos;$&lt;read_str_from_txt&gt; =&gt; &lt;base64_ascii_str_pickle_to_object&gt; -&gt; &lt;str_to_bool&gt;$&apos; then &apos;$&lt;read_str_from_txt&gt; =&gt; &lt;base64_ascii_str_pickle_to_object&gt;$]&apos;]&apos; -&gt; [bool] then &apos;[Try &apos;$&lt;read_str_from_txt&gt; =&gt; &lt;constructor_with_str_arg&gt;$&apos; then &apos;$&lt;read_str_from_txt&gt; =&gt; &lt;base64_ascii_str_pickle_to_object&gt;$]&apos;]&apos; -&gt; [_NamedIntConstant] then &apos;[Try &apos;$&lt;read_str_from_txt&gt; =&gt; &lt;constructor_with_str_arg&gt;$&apos; then &apos;$&lt;read_str_from_txt&gt; =&gt; &lt;base64_ascii_str_pickle_to_object&gt;$]&apos;]&apos; -&gt; [IntEnum] then &apos;[Try &apos;$&lt;read_str_from_txt&gt; =&gt; &lt;constructor_with_str_arg&gt;$&apos; then &apos;$&lt;read_str_from_txt&gt; =&gt; &lt;base64_ascii_str_pickle_to_object&gt;$]&apos;]&apos; -&gt; [Signals] then &apos;[Try &apos;$&lt;read_str_from_txt&gt; =&gt; &lt;constructor_with_str_arg&gt;$&apos; then &apos;$&lt;read_str_from_txt&gt; =&gt; &lt;base64_ascii_str_pickle_to_object&gt;$]&apos;]&apos; -&gt; [SocketKind] then &apos;[Try &apos;$&lt;read_str_from_txt&gt; =&gt; &lt;constructor_with_str_arg&gt;$&apos; then &apos;$&lt;read_str_from_txt&gt; =&gt; &lt;base64_ascii_str_pickle_to_object&gt;$]&apos;]&apos; -&gt; [HTTPStatus] then &apos;[Try &apos;$&lt;read_str_from_txt&gt; =&gt; &lt;constructor_with_str_arg&gt;$&apos; then &apos;$&lt;read_str_from_txt&gt; =&gt; &lt;base64_ascii_str_pickle_to_object&gt;$]&apos;]&apos; -&gt; [_SSLMethod] then &apos;[Try &apos;$&lt;read_str_from_txt&gt; =&gt; &lt;constructor_with_str_arg&gt;$&apos; then &apos;$&lt;read_str_from_txt&gt; =&gt; &lt;base64_ascii_str_pickle_to_object&gt;$]&apos;]&apos; -&gt; [_ParameterKind] then &apos;[Try &apos;$&lt;read_str_from_txt&gt; =&gt; &lt;constructor_with_str_arg&gt;$&apos; then &apos;$&lt;read_str_from_txt&gt; =&gt; &lt;base64_ascii_str_pickle_to_object&gt;$]&apos;]&apos; -&gt; [Sigmasks] then &apos;[Try &apos;$&lt;read_str_from_txt&gt; =&gt; &lt;constructor_with_str_arg&gt;$&apos; then &apos;$&lt;read_str_from_txt&gt; =&gt; &lt;base64_ascii_str_pickle_to_object&gt;$]&apos;]&apos; -&gt; [Handlers] then &apos;[Try &apos;$&lt;read_str_from_txt&gt; =&gt; &lt;constructor_with_str_arg&gt;$&apos; then &apos;$&lt;read_str_from_txt&gt; =&gt; &lt;base64_ascii_str_pickle_to_object&gt;$]&apos;]&apos; -&gt; [AddressFamily]]]
(B)                                                                                                                |--b64pickle-str-truth.txt -&gt; int ------- using [Try &apos;$&lt;read_str_from_txt&gt; =&gt; &lt;str_to_int&gt;$&apos; then &apos;$&lt;read_str_from_txt&gt; =&gt; &lt;base64_ascii_str_pickle_to_object&gt; -&gt; &lt;bool_to_int&gt;$&apos; then &apos;$&lt;read_str_from_txt&gt; =&gt; &lt;base64_ascii_str_pickle_to_object&gt; -&gt; &lt;float_to_int&gt;$&apos; then &apos;$&lt;read_str_from_txt&gt; =&gt; &lt;base64_ascii_str_pickle_to_object&gt; -&gt; &lt;str_to_int&gt;$&apos; then &apos;$&lt;read_str_from_txt&gt; =&gt; &lt;str_to_bool&gt;$&apos; then &apos;$&lt;read_str_from_txt&gt; =&gt; &lt;base64_ascii_str_pickle_to_object&gt; -&gt; &lt;float_to_bool&gt;$&apos; then &apos;$&lt;read_str_from_txt&gt; =&gt; &lt;base64_ascii_str_pickle_to_object&gt; -&gt; &lt;int_to_bool&gt;$&apos; then &apos;$&lt;read_str_from_txt&gt; =&gt; &lt;base64_ascii_str_pickle_to_object&gt; -&gt; &lt;str_to_bool&gt;$&apos; then &apos;$&lt;read_str_from_txt&gt; =&gt; &lt;base64_ascii_str_pickle_to_object&gt;$]&apos;]
(B)                                                                                                                |--b64pickle-str-truth.txt -&gt; int ------- using $&lt;read_str_from_txt&gt; =&gt; &lt;str_to_int&gt;$
Parsing Plan created successfully

Executing Parsing Plan for [/home/travis/build/smarie/python-parsyfiles/parsyfiles/tests/parsing_capabilities_by_type/primitives_data/int/err/b64pickle-str-truth]
(P) /home/travis/build/smarie/python-parsyfiles/parsyfiles/tests/parsing_capabilities_by_type/primitives_data/int/err/b64pickle-str-truth.txt -&gt; int ------- using $&lt;read_str_from_txt&gt; =&gt; &lt;str_to_int&gt;$
  !! Caught error during execution !!
  File &quot;/home/travis/build/smarie/python-parsyfiles/parsyfiles/plugins_base/support_for_primitive_types.py&quot;, line 37, in primitive_to_int
    source = literal_eval(source)
  File &quot;/opt/python/3.5.5/lib/python3.5/ast.py&quot;, line 84, in literal_eval
    return _convert(node_or_string)
  File &quot;/opt/python/3.5.5/lib/python3.5/ast.py&quot;, line 83, in _convert
    raise ValueError(&apos;malformed node or string: &apos; + repr(node))
  ValueError : malformed node or string: &lt;_ast.Name object at 0x7f33d3d4c278&gt;
(B)                                                                                                                |--b64pickle-str-truth.txt -&gt; int ------- using $&lt;read_str_from_txt&gt; =&gt; &lt;base64_ascii_str_pickle_to_object&gt; -&gt; &lt;bool_to_int&gt;$
Executing Parsing Plan for [/home/travis/build/smarie/python-parsyfiles/parsyfiles/tests/parsing_capabilities_by_type/primitives_data/int/err/b64pickle-str-truth]
(P) /home/travis/build/smarie/python-parsyfiles/parsyfiles/tests/parsing_capabilities_by_type/primitives_data/int/err/b64pickle-str-truth.txt -&gt; int ------- using $&lt;read_str_from_txt&gt; =&gt; &lt;base64_ascii_str_pickle_to_object&gt; -&gt; &lt;bool_to_int&gt;$
  !! Caught error during execution !!
  File &quot;/home/travis/build/smarie/python-parsyfiles/parsyfiles/converting_core.py&quot;, line 319, in convert
    return self._convert(desired_type, source_obj, logger, options)
  File &quot;/home/travis/build/smarie/python-parsyfiles/parsyfiles/converting_core.py&quot;, line 770, in _convert
    return self._converters_list[-1].convert(desired_type, obj, logger, options)
  File &quot;/home/travis/build/smarie/python-parsyfiles/parsyfiles/converting_core.py&quot;, line 321, in convert
    raise ConversionException.create_not_able_to_convert(source_obj, self, desired_type)
  ConversionException : Converter &lt;bool_to_int&gt; is not able to ingest source value &apos;truth&apos; of type &apos;str&apos; and/or convert it to type &apos;int&apos;. This can happen in a chain when the previous step in the chain is generic and actually produced  an output of the wrong type/content
(B)                                                                                                                |--b64pickle-str-truth.txt -&gt; int ------- using $&lt;read_str_from_txt&gt; =&gt; &lt;base64_ascii_str_pickle_to_object&gt; -&gt; &lt;float_to_int&gt;$
Executing Parsing Plan for [/home/travis/build/smarie/python-parsyfiles/parsyfiles/tests/parsing_capabilities_by_type/primitives_data/int/err/b64pickle-str-truth]
(P) /home/travis/build/smarie/python-parsyfiles/parsyfiles/tests/parsing_capabilities_by_type/primitives_data/int/err/b64pickle-str-truth.txt -&gt; int ------- using $&lt;read_str_from_txt&gt; =&gt; &lt;base64_ascii_str_pickle_to_object&gt; -&gt; &lt;float_to_int&gt;$
  !! Caught error during execution !!
  File &quot;/home/travis/build/smarie/python-parsyfiles/parsyfiles/converting_core.py&quot;, line 319, in convert
    return self._convert(desired_type, source_obj, logger, options)
  File &quot;/home/travis/build/smarie/python-parsyfiles/parsyfiles/converting_core.py&quot;, line 770, in _convert
    return self._converters_list[-1].convert(desired_type, obj, logger, options)
  File &quot;/home/travis/build/smarie/python-parsyfiles/parsyfiles/converting_core.py&quot;, line 321, in convert
    raise ConversionException.create_not_able_to_convert(source_obj, self, desired_type)
  ConversionException : Converter &lt;float_to_int&gt; is not able to ingest source value &apos;truth&apos; of type &apos;str&apos; and/or convert it to type &apos;int&apos;. This can happen in a chain when the previous step in the chain is generic and actually produced  an output of the wrong type/content
(B)                                                                                                                |--b64pickle-str-truth.txt -&gt; int ------- using $&lt;read_str_from_txt&gt; =&gt; &lt;base64_ascii_str_pickle_to_object&gt; -&gt; &lt;str_to_int&gt;$
Executing Parsing Plan for [/home/travis/build/smarie/python-parsyfiles/parsyfiles/tests/parsing_capabilities_by_type/primitives_data/int/err/b64pickle-str-truth]
(P) /home/travis/build/smarie/python-parsyfiles/parsyfiles/tests/parsing_capabilities_by_type/primitives_data/int/err/b64pickle-str-truth.txt -&gt; int ------- using $&lt;read_str_from_txt&gt; =&gt; &lt;base64_ascii_str_pickle_to_object&gt; -&gt; &lt;str_to_int&gt;$
  !! Caught error during execution !!
  File &quot;/home/travis/build/smarie/python-parsyfiles/parsyfiles/plugins_base/support_for_primitive_types.py&quot;, line 37, in primitive_to_int
    source = literal_eval(source)
  File &quot;/opt/python/3.5.5/lib/python3.5/ast.py&quot;, line 84, in literal_eval
    return _convert(node_or_string)
  File &quot;/opt/python/3.5.5/lib/python3.5/ast.py&quot;, line 83, in _convert
    raise ValueError(&apos;malformed node or string: &apos; + repr(node))
  ValueError : malformed node or string: &lt;_ast.Name object at 0x7f33d3e44128&gt;
(B)                                                                                                                |--b64pickle-str-truth.txt -&gt; int ------- using $&lt;read_str_from_txt&gt; =&gt; &lt;str_to_bool&gt;$
Executing Parsing Plan for [/home/travis/build/smarie/python-parsyfiles/parsyfiles/tests/parsing_capabilities_by_type/primitives_data/int/err/b64pickle-str-truth]
(P) /home/travis/build/smarie/python-parsyfiles/parsyfiles/tests/parsing_capabilities_by_type/primitives_data/int/err/b64pickle-str-truth.txt -&gt; int ------- using $&lt;read_str_from_txt&gt; =&gt; &lt;str_to_bool&gt;$
  !! Caught error during execution !!
  File &quot;/home/travis/build/smarie/python-parsyfiles/parsyfiles/converting_core.py&quot;, line 524, in _convert
    return self.conversion_method(desired_type, source_obj, logger, **opts)
  File &quot;/home/travis/build/smarie/python-parsyfiles/parsyfiles/plugins_base/support_for_primitive_types.py&quot;, line 84, in primitive_to_bool
    return bool(strtobool(source))
  File &quot;/opt/python/3.5.5/lib/python3.5/distutils/util.py&quot;, line 317, in strtobool
    raise ValueError(&quot;invalid truth value %r&quot; % (val,))
  ValueError : invalid truth value &apos;ganybqaaahrydxrocqau&apos;
(B)                                                                                                                |--b64pickle-str-truth.txt -&gt; int ------- using $&lt;read_str_from_txt&gt; =&gt; &lt;base64_ascii_str_pickle_to_object&gt; -&gt; &lt;float_to_bool&gt;$
Executing Parsing Plan for [/home/travis/build/smarie/python-parsyfiles/parsyfiles/tests/parsing_capabilities_by_type/primitives_data/int/err/b64pickle-str-truth]
(P) /home/travis/build/smarie/python-parsyfiles/parsyfiles/tests/parsing_capabilities_by_type/primitives_data/int/err/b64pickle-str-truth.txt -&gt; int ------- using $&lt;read_str_from_txt&gt; =&gt; &lt;base64_ascii_str_pickle_to_object&gt; -&gt; &lt;float_to_bool&gt;$
  !! Caught error during execution !!
  File &quot;/home/travis/build/smarie/python-parsyfiles/parsyfiles/converting_core.py&quot;, line 319, in convert
    return self._convert(desired_type, source_obj, logger, options)
  File &quot;/home/travis/build/smarie/python-parsyfiles/parsyfiles/converting_core.py&quot;, line 770, in _convert
    return self._converters_list[-1].convert(desired_type, obj, logger, options)
  File &quot;/home/travis/build/smarie/python-parsyfiles/parsyfiles/converting_core.py&quot;, line 321, in convert
    raise ConversionException.create_not_able_to_convert(source_obj, self, desired_type)
  ConversionException : Converter &lt;float_to_bool&gt; is not able to ingest source value &apos;truth&apos; of type &apos;str&apos; and/or convert it to type &apos;int&apos;. This can happen in a chain when the previous step in the chain is generic and actually produced  an output of the wrong type/content
(B)                                                                                                                |--b64pickle-str-truth.txt -&gt; int ------- using $&lt;read_str_from_txt&gt; =&gt; &lt;base64_ascii_str_pickle_to_object&gt; -&gt; &lt;int_to_bool&gt;$
Executing Parsing Plan for [/home/travis/build/smarie/python-parsyfiles/parsyfiles/tests/parsing_capabilities_by_type/primitives_data/int/err/b64pickle-str-truth]
(P) /home/travis/build/smarie/python-parsyfiles/parsyfiles/tests/parsing_capabilities_by_type/primitives_data/int/err/b64pickle-str-truth.txt -&gt; int ------- using $&lt;read_str_from_txt&gt; =&gt; &lt;base64_ascii_str_pickle_to_object&gt; -&gt; &lt;int_to_bool&gt;$
  !! Caught error during execution !!
  File &quot;/home/travis/build/smarie/python-parsyfiles/parsyfiles/converting_core.py&quot;, line 319, in convert
    return self._convert(desired_type, source_obj, logger, options)
  File &quot;/home/travis/build/smarie/python-parsyfiles/parsyfiles/converting_core.py&quot;, line 770, in _convert
    return self._converters_list[-1].convert(desired_type, obj, logger, options)
  File &quot;/home/travis/build/smarie/python-parsyfiles/parsyfiles/converting_core.py&quot;, line 321, in convert
    raise ConversionException.create_not_able_to_convert(source_obj, self, desired_type)
  ConversionException : Converter &lt;int_to_bool&gt; is not able to ingest source value &apos;truth&apos; of type &apos;str&apos; and/or convert it to type &apos;int&apos;. This can happen in a chain when the previous step in the chain is generic and actually produced  an output of the wrong type/content
(B)                                                                                                                |--b64pickle-str-truth.txt -&gt; int ------- using $&lt;read_str_from_txt&gt; =&gt; &lt;base64_ascii_str_pickle_to_object&gt; -&gt; &lt;str_to_bool&gt;$
Executing Parsing Plan for [/home/travis/build/smarie/python-parsyfiles/parsyfiles/tests/parsing_capabilities_by_type/primitives_data/int/err/b64pickle-str-truth]
(P) /home/travis/build/smarie/python-parsyfiles/parsyfiles/tests/parsing_capabilities_by_type/primitives_data/int/err/b64pickle-str-truth.txt -&gt; int ------- using $&lt;read_str_from_txt&gt; =&gt; &lt;base64_ascii_str_pickle_to_object&gt; -&gt; &lt;str_to_bool&gt;$
  !! Caught error during execution !!
  File &quot;/home/travis/build/smarie/python-parsyfiles/parsyfiles/converting_core.py&quot;, line 524, in _convert
    return self.conversion_method(desired_type, source_obj, logger, **opts)
  File &quot;/home/travis/build/smarie/python-parsyfiles/parsyfiles/plugins_base/support_for_primitive_types.py&quot;, line 84, in primitive_to_bool
    return bool(strtobool(source))
  File &quot;/opt/python/3.5.5/lib/python3.5/distutils/util.py&quot;, line 317, in strtobool
    raise ValueError(&quot;invalid truth value %r&quot; % (val,))
  ValueError : invalid truth value &apos;truth&apos;
(B)                                                                                                                |--b64pickle-str-truth.txt -&gt; int ------- using $&lt;read_str_from_txt&gt; =&gt; &lt;base64_ascii_str_pickle_to_object&gt;$
Executing Parsing Plan for [/home/travis/build/smarie/python-parsyfiles/parsyfiles/tests/parsing_capabilities_by_type/primitives_data/int/err/b64pickle-str-truth]
(P) /home/travis/build/smarie/python-parsyfiles/parsyfiles/tests/parsing_capabilities_by_type/primitives_data/int/err/b64pickle-str-truth.txt -&gt; int ------- using $&lt;read_str_from_txt&gt; =&gt; &lt;base64_ascii_str_pickle_to_object&gt;$
                                                                                                                    ! CAUGHT: WrongTypeCreatedError - Error while parsing /home/travis/build/smarie/python-parsyfiles/parsyfiles/tests/parsing_capabilities_by_type/primitives_data/int/err/b64pickle-str-truth (singlefile, .txt) as a int with parser $&lt;read_str_from_txt&gt; =&gt; &lt;base64_ascii_str_pickle_to_object&gt;$ using options=({&apos;MultifileCollectionParser&apos;: {&apos;lazy_parsing&apos;: False}}) - parser returned an object of wrong type &lt;class &apos;str&apos;&gt;: truth
                                                                                                                    ! CAUGHT: CascadeError - See previous log messages for details
(B)                                                                                                                |--b64pickle-str-truth.txt -&gt; bool ------- using [Try &apos;$&lt;read_str_from_txt&gt; =&gt; &lt;str_to_bool&gt;$&apos; then &apos;$&lt;read_str_from_txt&gt; =&gt; &lt;base64_ascii_str_pickle_to_object&gt; -&gt; &lt;float_to_bool&gt;$&apos; then &apos;$&lt;read_str_from_txt&gt; =&gt; &lt;base64_ascii_str_pickle_to_object&gt; -&gt; &lt;int_to_bool&gt;$&apos; then &apos;$&lt;read_str_from_txt&gt; =&gt; &lt;base64_ascii_str_pickle_to_object&gt; -&gt; &lt;str_to_bool&gt;$&apos; then &apos;$&lt;read_str_from_txt&gt; =&gt; &lt;base64_ascii_str_pickle_to_object&gt;$]&apos;]
(B)                                                                                                                |--b64pickle-str-truth.txt -&gt; bool ------- using $&lt;read_str_from_txt&gt; =&gt; &lt;str_to_bool&gt;$
Executing Parsing Plan for [/home/travis/build/smarie/python-parsyfiles/parsyfiles/tests/parsing_capabilities_by_type/primitives_data/int/err/b64pickle-str-truth]
(P) /home/travis/build/smarie/python-parsyfiles/parsyfiles/tests/parsing_capabilities_by_type/primitives_data/int/err/b64pickle-str-truth.txt -&gt; bool ------- using $&lt;read_str_from_txt&gt; =&gt; &lt;str_to_bool&gt;$
  !! Caught error during execution !!
  File &quot;/home/travis/build/smarie/python-parsyfiles/parsyfiles/converting_core.py&quot;, line 524, in _convert
    return self.conversion_method(desired_type, source_obj, logger, **opts)
  File &quot;/home/travis/build/smarie/python-parsyfiles/parsyfiles/plugins_base/support_for_primitive_types.py&quot;, line 84, in primitive_to_bool
    return bool(strtobool(source))
  File &quot;/opt/python/3.5.5/lib/python3.5/distutils/util.py&quot;, line 317, in strtobool
    raise ValueError(&quot;invalid truth value %r&quot; % (val,))
  ValueError : invalid truth value &apos;ganybqaaahrydxrocqau&apos;
(B)                                                                                                                |--b64pickle-str-truth.txt -&gt; bool ------- using $&lt;read_str_from_txt&gt; =&gt; &lt;base64_ascii_str_pickle_to_object&gt; -&gt; &lt;float_to_bool&gt;$
Executing Parsing Plan for [/home/travis/build/smarie/python-parsyfiles/parsyfiles/tests/parsing_capabilities_by_type/primitives_data/int/err/b64pickle-str-truth]
(P) /home/travis/build/smarie/python-parsyfiles/parsyfiles/tests/parsing_capabilities_by_type/primitives_data/int/err/b64pickle-str-truth.txt -&gt; bool ------- using $&lt;read_str_from_txt&gt; =&gt; &lt;base64_ascii_str_pickle_to_object&gt; -&gt; &lt;float_to_bool&gt;$
  !! Caught error during execution !!
  File &quot;/home/travis/build/smarie/python-parsyfiles/parsyfiles/converting_core.py&quot;, line 319, in convert
    return self._convert(desired_type, source_obj, logger, options)
  File &quot;/home/travis/build/smarie/python-parsyfiles/parsyfiles/converting_core.py&quot;, line 770, in _convert
    return self._converters_list[-1].convert(desired_type, obj, logger, options)
  File &quot;/home/travis/build/smarie/python-parsyfiles/parsyfiles/converting_core.py&quot;, line 321, in convert
    raise ConversionException.create_not_able_to_convert(source_obj, self, desired_type)
  ConversionException : Converter &lt;float_to_bool&gt; is not able to ingest source value &apos;truth&apos; of type &apos;str&apos; and/or convert it to type &apos;bool&apos;. This can happen in a chain when the previous step in the chain is generic and actually produced  an output of the wrong type/content
(B)                                                                                                                |--b64pickle-str-truth.txt -&gt; bool ------- using $&lt;read_str_from_txt&gt; =&gt; &lt;base64_ascii_str_pickle_to_object&gt; -&gt; &lt;int_to_bool&gt;$
Executing Parsing Plan for [/home/travis/build/smarie/python-parsyfiles/parsyfiles/tests/parsing_capabilities_by_type/primitives_data/int/err/b64pickle-str-truth]
(P) /home/travis/build/smarie/python-parsyfiles/parsyfiles/tests/parsing_capabilities_by_type/primitives_data/int/err/b64pickle-str-truth.txt -&gt; bool ------- using $&lt;read_str_from_txt&gt; =&gt; &lt;base64_ascii_str_pickle_to_object&gt; -&gt; &lt;int_to_bool&gt;$
  !! Caught error during execution !!
  File &quot;/home/travis/build/smarie/python-parsyfiles/parsyfiles/converting_core.py&quot;, line 319, in convert
    return self._convert(desired_type, source_obj, logger, options)
  File &quot;/home/travis/build/smarie/python-parsyfiles/parsyfiles/converting_core.py&quot;, line 770, in _convert
    return self._converters_list[-1].convert(desired_type, obj, logger, options)
  File &quot;/home/travis/build/smarie/python-parsyfiles/parsyfiles/converting_core.py&quot;, line 321, in convert
    raise ConversionException.create_not_able_to_convert(source_obj, self, desired_type)
  ConversionException : Converter &lt;int_to_bool&gt; is not able to ingest source value &apos;truth&apos; of type &apos;str&apos; and/or convert it to type &apos;bool&apos;. This can happen in a chain when the previous step in the chain is generic and actually produced  an output of the wrong type/content
(B)                                                                                                                |--b64pickle-str-truth.txt -&gt; bool ------- using $&lt;read_str_from_txt&gt; =&gt; &lt;base64_ascii_str_pickle_to_object&gt; -&gt; &lt;str_to_bool&gt;$
Executing Parsing Plan for [/home/travis/build/smarie/python-parsyfiles/parsyfiles/tests/parsing_capabilities_by_type/primitives_data/int/err/b64pickle-str-truth]
(P) /home/travis/build/smarie/python-parsyfiles/parsyfiles/tests/parsing_capabilities_by_type/primitives_data/int/err/b64pickle-str-truth.txt -&gt; bool ------- using $&lt;read_str_from_txt&gt; =&gt; &lt;base64_ascii_str_pickle_to_object&gt; -&gt; &lt;str_to_bool&gt;$
  !! Caught error during execution !!
  File &quot;/home/travis/build/smarie/python-parsyfiles/parsyfiles/converting_core.py&quot;, line 524, in _convert
    return self.conversion_method(desired_type, source_obj, logger, **opts)
  File &quot;/home/travis/build/smarie/python-parsyfiles/parsyfiles/plugins_base/support_for_primitive_types.py&quot;, line 84, in primitive_to_bool
    return bool(strtobool(source))
  File &quot;/opt/python/3.5.5/lib/python3.5/distutils/util.py&quot;, line 317, in strtobool
    raise ValueError(&quot;invalid truth value %r&quot; % (val,))
  ValueError : invalid truth value &apos;truth&apos;
(B)                                                                                                                |--b64pickle-str-truth.txt -&gt; bool ------- using $&lt;read_str_from_txt&gt; =&gt; &lt;base64_ascii_str_pickle_to_object&gt;$
Executing Parsing Plan for [/home/travis/build/smarie/python-parsyfiles/parsyfiles/tests/parsing_capabilities_by_type/primitives_data/int/err/b64pickle-str-truth]
(P) /home/travis/build/smarie/python-parsyfiles/parsyfiles/tests/parsing_capabilities_by_type/primitives_data/int/err/b64pickle-str-truth.txt -&gt; bool ------- using $&lt;read_str_from_txt&gt; =&gt; &lt;base64_ascii_str_pickle_to_object&gt;$
                                                                                                                    ! CAUGHT: WrongTypeCreatedError - Error while parsing /home/travis/build/smarie/python-parsyfiles/parsyfiles/tests/parsing_capabilities_by_type/primitives_data/int/err/b64pickle-str-truth (singlefile, .txt) as a bool with parser $&lt;read_str_from_txt&gt; =&gt; &lt;base64_ascii_str_pickle_to_object&gt;$ using options=({&apos;MultifileCollectionParser&apos;: {&apos;lazy_parsing&apos;: False}}) - parser returned an object of wrong type &lt;class &apos;str&apos;&gt;: truth
                                                                                                                    ! CAUGHT: CascadeError - See previous log messages for details
(B)                                                                                                                |--b64pickle-str-truth.txt -&gt; _NamedIntConstant ------- using [Try &apos;$&lt;read_str_from_txt&gt; =&gt; &lt;constructor_with_str_arg&gt;$&apos; then &apos;$&lt;read_str_from_txt&gt; =&gt; &lt;base64_ascii_str_pickle_to_object&gt;$]&apos;]
(B)                                                                                                                |--b64pickle-str-truth.txt -&gt; _NamedIntConstant ------- using $&lt;read_str_from_txt&gt; =&gt; &lt;constructor_with_str_arg&gt;$
Executing Parsing Plan for [/home/travis/build/smarie/python-parsyfiles/parsyfiles/tests/parsing_capabilities_by_type/primitives_data/int/err/b64pickle-str-truth]
(P) /home/travis/build/smarie/python-parsyfiles/parsyfiles/tests/parsing_capabilities_by_type/primitives_data/int/err/b64pickle-str-truth.txt -&gt; _NamedIntConstant ------- using $&lt;read_str_from_txt&gt; =&gt; &lt;constructor_with_str_arg&gt;$
  !! Caught error during execution !!
  File &quot;/home/travis/build/smarie/python-parsyfiles/parsyfiles/converting_core.py&quot;, line 532, in _convert
    raise CaughtTypeError.create(self.conversion_method, e)
  File &quot;/home/travis/build/smarie/python-parsyfiles/parsyfiles/converting_core.py&quot;, line 524, in _convert
    return self.conversion_method(desired_type, source_obj, logger, **opts)
  File &quot;/home/travis/build/smarie/python-parsyfiles/parsyfiles/plugins_base/support_for_primitive_types.py&quot;, line 111, in constructor_with_str_arg
    return desired_type(source)
  CaughtTypeError : Caught TypeError while calling conversion function &apos;constructor_with_str_arg&apos;. Note that the conversion function signature should be &apos;def my_convert_fun(desired_type: Type[T], source: S, logger: Logger, **kwargs) -&gt; T&apos; (unpacked options mode - default) or def my_convert_fun(desired_type: Type[T], source: S, logger: Logger, options: Dict[str, Dict[str, Any]]) -&gt; T (unpack_options = False).Caught error message is : TypeError : __new__() missing 1 required positional argument: &apos;name&apos;
(B)                                                                                                                |--b64pickle-str-truth.txt -&gt; _NamedIntConstant ------- using $&lt;read_str_from_txt&gt; =&gt; &lt;base64_ascii_str_pickle_to_object&gt;$
Executing Parsing Plan for [/home/travis/build/smarie/python-parsyfiles/parsyfiles/tests/parsing_capabilities_by_type/primitives_data/int/err/b64pickle-str-truth]
(P) /home/travis/build/smarie/python-parsyfiles/parsyfiles/tests/parsing_capabilities_by_type/primitives_data/int/err/b64pickle-str-truth.txt -&gt; _NamedIntConstant ------- using $&lt;read_str_from_txt&gt; =&gt; &lt;base64_ascii_str_pickle_to_object&gt;$
                                                                                                                    ! CAUGHT: WrongTypeCreatedError - Error while parsing /home/travis/build/smarie/python-parsyfiles/parsyfiles/tests/parsing_capabilities_by_type/primitives_data/int/err/b64pickle-str-truth (singlefile, .txt) as a _NamedIntConstant with parser $&lt;read_str_from_txt&gt; =&gt; &lt;base64_ascii_str_pickle_to_object&gt;$ using options=({&apos;MultifileCollectionParser&apos;: {&apos;lazy_parsing&apos;: False}}) - parser returned an object of wrong type &lt;class &apos;str&apos;&gt;: truth
                                                                                                                    ! CAUGHT: CascadeError - See previous log messages for details
(B)                                                                                                                |--b64pickle-str-truth.txt -&gt; IntEnum ------- using [Try &apos;$&lt;read_str_from_txt&gt; =&gt; &lt;constructor_with_str_arg&gt;$&apos; then &apos;$&lt;read_str_from_txt&gt; =&gt; &lt;base64_ascii_str_pickle_to_object&gt;$]&apos;]
(B)                                                                                                                |--b64pickle-str-truth.txt -&gt; IntEnum ------- using $&lt;read_str_from_txt&gt; =&gt; &lt;constructor_with_str_arg&gt;$
Executing Parsing Plan for [/home/travis/build/smarie/python-parsyfiles/parsyfiles/tests/parsing_capabilities_by_type/primitives_data/int/err/b64pickle-str-truth]
(P) /home/travis/build/smarie/python-parsyfiles/parsyfiles/tests/parsing_capabilities_by_type/primitives_data/int/err/b64pickle-str-truth.txt -&gt; IntEnum ------- using $&lt;read_str_from_txt&gt; =&gt; &lt;constructor_with_str_arg&gt;$
  !! Caught error during execution !!
  File &quot;/home/travis/build/smarie/python-parsyfiles/parsyfiles/plugins_base/support_for_primitive_types.py&quot;, line 111, in constructor_with_str_arg
    return desired_type(source)
  File &quot;/opt/python/3.5.5/lib/python3.5/enum.py&quot;, line 241, in __call__
    return cls.__new__(cls, value)
  File &quot;/opt/python/3.5.5/lib/python3.5/enum.py&quot;, line 476, in __new__
    raise ValueError(&quot;%r is not a valid %s&quot; % (value, cls.__name__))
  ValueError : &apos;gANYBQAAAHRydXRocQAu&apos; is not a valid IntEnum
(B)                                                                                                                |--b64pickle-str-truth.txt -&gt; IntEnum ------- using $&lt;read_str_from_txt&gt; =&gt; &lt;base64_ascii_str_pickle_to_object&gt;$
Executing Parsing Plan for [/home/travis/build/smarie/python-parsyfiles/parsyfiles/tests/parsing_capabilities_by_type/primitives_data/int/err/b64pickle-str-truth]
(P) /home/travis/build/smarie/python-parsyfiles/parsyfiles/tests/parsing_capabilities_by_type/primitives_data/int/err/b64pickle-str-truth.txt -&gt; IntEnum ------- using $&lt;read_str_from_txt&gt; =&gt; &lt;base64_ascii_str_pickle_to_object&gt;$
                                                                                                                    ! CAUGHT: WrongTypeCreatedError - Error while parsing /home/travis/build/smarie/python-parsyfiles/parsyfiles/tests/parsing_capabilities_by_type/primitives_data/int/err/b64pickle-str-truth (singlefile, .txt) as a IntEnum with parser $&lt;read_str_from_txt&gt; =&gt; &lt;base64_ascii_str_pickle_to_object&gt;$ using options=({&apos;MultifileCollectionParser&apos;: {&apos;lazy_parsing&apos;: False}}) - parser returned an object of wrong type &lt;class &apos;str&apos;&gt;: truth
                                                                                                                    ! CAUGHT: CascadeError - See previous log messages for details
(B)                                                                                                                |--b64pickle-str-truth.txt -&gt; Signals ------- using [Try &apos;$&lt;read_str_from_txt&gt; =&gt; &lt;constructor_with_str_arg&gt;$&apos; then &apos;$&lt;read_str_from_txt&gt; =&gt; &lt;base64_ascii_str_pickle_to_object&gt;$]&apos;]
(B)                                                                                                                |--b64pickle-str-truth.txt -&gt; Signals ------- using $&lt;read_str_from_txt&gt; =&gt; &lt;constructor_with_str_arg&gt;$
Executing Parsing Plan for [/home/travis/build/smarie/python-parsyfiles/parsyfiles/tests/parsing_capabilities_by_type/primitives_data/int/err/b64pickle-str-truth]
(P) /home/travis/build/smarie/python-parsyfiles/parsyfiles/tests/parsing_capabilities_by_type/primitives_data/int/err/b64pickle-str-truth.txt -&gt; Signals ------- using $&lt;read_str_from_txt&gt; =&gt; &lt;constructor_with_str_arg&gt;$
  !! Caught error during execution !!
  File &quot;/home/travis/build/smarie/python-parsyfiles/parsyfiles/plugins_base/support_for_primitive_types.py&quot;, line 111, in constructor_with_str_arg
    return desired_type(source)
  File &quot;/opt/python/3.5.5/lib/python3.5/enum.py&quot;, line 241, in __call__
    return cls.__new__(cls, value)
  File &quot;/opt/python/3.5.5/lib/python3.5/enum.py&quot;, line 476, in __new__
    raise ValueError(&quot;%r is not a valid %s&quot; % (value, cls.__name__))
  ValueError : &apos;gANYBQAAAHRydXRocQAu&apos; is not a valid Signals
(B)                                                                                                                |--b64pickle-str-truth.txt -&gt; Signals ------- using $&lt;read_str_from_txt&gt; =&gt; &lt;base64_ascii_str_pickle_to_object&gt;$
Executing Parsing Plan for [/home/travis/build/smarie/python-parsyfiles/parsyfiles/tests/parsing_capabilities_by_type/primitives_data/int/err/b64pickle-str-truth]
(P) /home/travis/build/smarie/python-parsyfiles/parsyfiles/tests/parsing_capabilities_by_type/primitives_data/int/err/b64pickle-str-truth.txt -&gt; Signals ------- using $&lt;read_str_from_txt&gt; =&gt; &lt;base64_ascii_str_pickle_to_object&gt;$
                                                                                                                    ! CAUGHT: WrongTypeCreatedError - Error while parsing /home/travis/build/smarie/python-parsyfiles/parsyfiles/tests/parsing_capabilities_by_type/primitives_data/int/err/b64pickle-str-truth (singlefile, .txt) as a Signals with parser $&lt;read_str_from_txt&gt; =&gt; &lt;base64_ascii_str_pickle_to_object&gt;$ using options=({&apos;MultifileCollectionParser&apos;: {&apos;lazy_parsing&apos;: False}}) - parser returned an object of wrong type &lt;class &apos;str&apos;&gt;: truth
                                                                                                                    ! CAUGHT: CascadeError - See previous log messages for details
(B)                                                                                                                |--b64pickle-str-truth.txt -&gt; SocketKind ------- using [Try &apos;$&lt;read_str_from_txt&gt; =&gt; &lt;constructor_with_str_arg&gt;$&apos; then &apos;$&lt;read_str_from_txt&gt; =&gt; &lt;base64_ascii_str_pickle_to_object&gt;$]&apos;]
(B)                                                                                                                |--b64pickle-str-truth.txt -&gt; SocketKind ------- using $&lt;read_str_from_txt&gt; =&gt; &lt;constructor_with_str_arg&gt;$
Executing Parsing Plan for [/home/travis/build/smarie/python-parsyfiles/parsyfiles/tests/parsing_capabilities_by_type/primitives_data/int/err/b64pickle-str-truth]
(P) /home/travis/build/smarie/python-parsyfiles/parsyfiles/tests/parsing_capabilities_by_type/primitives_data/int/err/b64pickle-str-truth.txt -&gt; SocketKind ------- using $&lt;read_str_from_txt&gt; =&gt; &lt;constructor_with_str_arg&gt;$
  !! Caught error during execution !!
  File &quot;/home/travis/build/smarie/python-parsyfiles/parsyfiles/plugins_base/support_for_primitive_types.py&quot;, line 111, in constructor_with_str_arg
    return desired_type(source)
  File &quot;/opt/python/3.5.5/lib/python3.5/enum.py&quot;, line 241, in __call__
    return cls.__new__(cls, value)
  File &quot;/opt/python/3.5.5/lib/python3.5/enum.py&quot;, line 476, in __new__
    raise ValueError(&quot;%r is not a valid %s&quot; % (value, cls.__name__))
  ValueError : &apos;gANYBQAAAHRydXRocQAu&apos; is not a valid SocketKind
(B)                                                                                                                |--b64pickle-str-truth.txt -&gt; SocketKind ------- using $&lt;read_str_from_txt&gt; =&gt; &lt;base64_ascii_str_pickle_to_object&gt;$
Executing Parsing Plan for [/home/travis/build/smarie/python-parsyfiles/parsyfiles/tests/parsing_capabilities_by_type/primitives_data/int/err/b64pickle-str-truth]
(P) /home/travis/build/smarie/python-parsyfiles/parsyfiles/tests/parsing_capabilities_by_type/primitives_data/int/err/b64pickle-str-truth.txt -&gt; SocketKind ------- using $&lt;read_str_from_txt&gt; =&gt; &lt;base64_ascii_str_pickle_to_object&gt;$
                                                                                                                    ! CAUGHT: WrongTypeCreatedError - Error while parsing /home/travis/build/smarie/python-parsyfiles/parsyfiles/tests/parsing_capabilities_by_type/primitives_data/int/err/b64pickle-str-truth (singlefile, .txt) as a SocketKind with parser $&lt;read_str_from_txt&gt; =&gt; &lt;base64_ascii_str_pickle_to_object&gt;$ using options=({&apos;MultifileCollectionParser&apos;: {&apos;lazy_parsing&apos;: False}}) - parser returned an object of wrong type &lt;class &apos;str&apos;&gt;: truth
                                                                                                                    ! CAUGHT: CascadeError - See previous log messages for details
(B)                                                                                                                |--b64pickle-str-truth.txt -&gt; HTTPStatus ------- using [Try &apos;$&lt;read_str_from_txt&gt; =&gt; &lt;constructor_with_str_arg&gt;$&apos; then &apos;$&lt;read_str_from_txt&gt; =&gt; &lt;base64_ascii_str_pickle_to_object&gt;$]&apos;]
(B)                                                                                                                |--b64pickle-str-truth.txt -&gt; HTTPStatus ------- using $&lt;read_str_from_txt&gt; =&gt; &lt;constructor_with_str_arg&gt;$
Executing Parsing Plan for [/home/travis/build/smarie/python-parsyfiles/parsyfiles/tests/parsing_capabilities_by_type/primitives_data/int/err/b64pickle-str-truth]
(P) /home/travis/build/smarie/python-parsyfiles/parsyfiles/tests/parsing_capabilities_by_type/primitives_data/int/err/b64pickle-str-truth.txt -&gt; HTTPStatus ------- using $&lt;read_str_from_txt&gt; =&gt; &lt;constructor_with_str_arg&gt;$
  !! Caught error during execution !!
  File &quot;/home/travis/build/smarie/python-parsyfiles/parsyfiles/plugins_base/support_for_primitive_types.py&quot;, line 111, in constructor_with_str_arg
    return desired_type(source)
  File &quot;/opt/python/3.5.5/lib/python3.5/enum.py&quot;, line 241, in __call__
    return cls.__new__(cls, value)
  File &quot;/opt/python/3.5.5/lib/python3.5/enum.py&quot;, line 476, in __new__
    raise ValueError(&quot;%r is not a valid %s&quot; % (value, cls.__name__))
  ValueError : &apos;gANYBQAAAHRydXRocQAu&apos; is not a valid HTTPStatus
(B)                                                                                                                |--b64pickle-str-truth.txt -&gt; HTTPStatus ------- using $&lt;read_str_from_txt&gt; =&gt; &lt;base64_ascii_str_pickle_to_object&gt;$
Executing Parsing Plan for [/home/travis/build/smarie/python-parsyfiles/parsyfiles/tests/parsing_capabilities_by_type/primitives_data/int/err/b64pickle-str-truth]
(P) /home/travis/build/smarie/python-parsyfiles/parsyfiles/tests/parsing_capabilities_by_type/primitives_data/int/err/b64pickle-str-truth.txt -&gt; HTTPStatus ------- using $&lt;read_str_from_txt&gt; =&gt; &lt;base64_ascii_str_pickle_to_object&gt;$
                                                                                                                    ! CAUGHT: WrongTypeCreatedError - Error while parsing /home/travis/build/smarie/python-parsyfiles/parsyfiles/tests/parsing_capabilities_by_type/primitives_data/int/err/b64pickle-str-truth (singlefile, .txt) as a HTTPStatus with parser $&lt;read_str_from_txt&gt; =&gt; &lt;base64_ascii_str_pickle_to_object&gt;$ using options=({&apos;MultifileCollectionParser&apos;: {&apos;lazy_parsing&apos;: False}}) - parser returned an object of wrong type &lt;class &apos;str&apos;&gt;: truth
                                                                                                                    ! CAUGHT: CascadeError - See previous log messages for details
(B)                                                                                                                |--b64pickle-str-truth.txt -&gt; _SSLMethod ------- using [Try &apos;$&lt;read_str_from_txt&gt; =&gt; &lt;constructor_with_str_arg&gt;$&apos; then &apos;$&lt;read_str_from_txt&gt; =&gt; &lt;base64_ascii_str_pickle_to_object&gt;$]&apos;]
(B)                                                                                                                |--b64pickle-str-truth.txt -&gt; _SSLMethod ------- using $&lt;read_str_from_txt&gt; =&gt; &lt;constructor_with_str_arg&gt;$
Executing Parsing Plan for [/home/travis/build/smarie/python-parsyfiles/parsyfiles/tests/parsing_capabilities_by_type/primitives_data/int/err/b64pickle-str-truth]
(P) /home/travis/build/smarie/python-parsyfiles/parsyfiles/tests/parsing_capabilities_by_type/primitives_data/int/err/b64pickle-str-truth.txt -&gt; _SSLMethod ------- using $&lt;read_str_from_txt&gt; =&gt; &lt;constructor_with_str_arg&gt;$
  !! Caught error during execution !!
  File &quot;/home/travis/build/smarie/python-parsyfiles/parsyfiles/plugins_base/support_for_primitive_types.py&quot;, line 111, in constructor_with_str_arg
    return desired_type(source)
  File &quot;/opt/python/3.5.5/lib/python3.5/enum.py&quot;, line 241, in __call__
    return cls.__new__(cls, value)
  File &quot;/opt/python/3.5.5/lib/python3.5/enum.py&quot;, line 476, in __new__
    raise ValueError(&quot;%r is not a valid %s&quot; % (value, cls.__name__))
  ValueError : &apos;gANYBQAAAHRydXRocQAu&apos; is not a valid _SSLMethod
(B)                                                                                                                |--b64pickle-str-truth.txt -&gt; _SSLMethod ------- using $&lt;read_str_from_txt&gt; =&gt; &lt;base64_ascii_str_pickle_to_object&gt;$
Executing Parsing Plan for [/home/travis/build/smarie/python-parsyfiles/parsyfiles/tests/parsing_capabilities_by_type/primitives_data/int/err/b64pickle-str-truth]
(P) /home/travis/build/smarie/python-parsyfiles/parsyfiles/tests/parsing_capabilities_by_type/primitives_data/int/err/b64pickle-str-truth.txt -&gt; _SSLMethod ------- using $&lt;read_str_from_txt&gt; =&gt; &lt;base64_ascii_str_pickle_to_object&gt;$
                                                                                                                    ! CAUGHT: WrongTypeCreatedError - Error while parsing /home/travis/build/smarie/python-parsyfiles/parsyfiles/tests/parsing_capabilities_by_type/primitives_data/int/err/b64pickle-str-truth (singlefile, .txt) as a _SSLMethod with parser $&lt;read_str_from_txt&gt; =&gt; &lt;base64_ascii_str_pickle_to_object&gt;$ using options=({&apos;MultifileCollectionParser&apos;: {&apos;lazy_parsing&apos;: False}}) - parser returned an object of wrong type &lt;class &apos;str&apos;&gt;: truth
                                                                                                                    ! CAUGHT: CascadeError - See previous log messages for details
(B)                                                                                                                |--b64pickle-str-truth.txt -&gt; _ParameterKind ------- using [Try &apos;$&lt;read_str_from_txt&gt; =&gt; &lt;constructor_with_str_arg&gt;$&apos; then &apos;$&lt;read_str_from_txt&gt; =&gt; &lt;base64_ascii_str_pickle_to_object&gt;$]&apos;]
(B)                                                                                                                |--b64pickle-str-truth.txt -&gt; _ParameterKind ------- using $&lt;read_str_from_txt&gt; =&gt; &lt;constructor_with_str_arg&gt;$
Executing Parsing Plan for [/home/travis/build/smarie/python-parsyfiles/parsyfiles/tests/parsing_capabilities_by_type/primitives_data/int/err/b64pickle-str-truth]
(P) /home/travis/build/smarie/python-parsyfiles/parsyfiles/tests/parsing_capabilities_by_type/primitives_data/int/err/b64pickle-str-truth.txt -&gt; _ParameterKind ------- using $&lt;read_str_from_txt&gt; =&gt; &lt;constructor_with_str_arg&gt;$
  !! Caught error during execution !!
  File &quot;/home/travis/build/smarie/python-parsyfiles/parsyfiles/plugins_base/support_for_primitive_types.py&quot;, line 111, in constructor_with_str_arg
    return desired_type(source)
  File &quot;/opt/python/3.5.5/lib/python3.5/enum.py&quot;, line 241, in __call__
    return cls.__new__(cls, value)
  File &quot;/opt/python/3.5.5/lib/python3.5/enum.py&quot;, line 476, in __new__
    raise ValueError(&quot;%r is not a valid %s&quot; % (value, cls.__name__))
  ValueError : &apos;gANYBQAAAHRydXRocQAu&apos; is not a valid _ParameterKind
(B)                                                                                                                |--b64pickle-str-truth.txt -&gt; _ParameterKind ------- using $&lt;read_str_from_txt&gt; =&gt; &lt;base64_ascii_str_pickle_to_object&gt;$
Executing Parsing Plan for [/home/travis/build/smarie/python-parsyfiles/parsyfiles/tests/parsing_capabilities_by_type/primitives_data/int/err/b64pickle-str-truth]
(P) /home/travis/build/smarie/python-parsyfiles/parsyfiles/tests/parsing_capabilities_by_type/primitives_data/int/err/b64pickle-str-truth.txt -&gt; _ParameterKind ------- using $&lt;read_str_from_txt&gt; =&gt; &lt;base64_ascii_str_pickle_to_object&gt;$
                                                                                                                    ! CAUGHT: WrongTypeCreatedError - Error while parsing /home/travis/build/smarie/python-parsyfiles/parsyfiles/tests/parsing_capabilities_by_type/primitives_data/int/err/b64pickle-str-truth (singlefile, .txt) as a _ParameterKind with parser $&lt;read_str_from_txt&gt; =&gt; &lt;base64_ascii_str_pickle_to_object&gt;$ using options=({&apos;MultifileCollectionParser&apos;: {&apos;lazy_parsing&apos;: False}}) - parser returned an object of wrong type &lt;class &apos;str&apos;&gt;: truth
                                                                                                                    ! CAUGHT: CascadeError - See previous log messages for details
(B)                                                                                                                |--b64pickle-str-truth.txt -&gt; Sigmasks ------- using [Try &apos;$&lt;read_str_from_txt&gt; =&gt; &lt;constructor_with_str_arg&gt;$&apos; then &apos;$&lt;read_str_from_txt&gt; =&gt; &lt;base64_ascii_str_pickle_to_object&gt;$]&apos;]
(B)                                                                                                                |--b64pickle-str-truth.txt -&gt; Sigmasks ------- using $&lt;read_str_from_txt&gt; =&gt; &lt;constructor_with_str_arg&gt;$
Executing Parsing Plan for [/home/travis/build/smarie/python-parsyfiles/parsyfiles/tests/parsing_capabilities_by_type/primitives_data/int/err/b64pickle-str-truth]
(P) /home/travis/build/smarie/python-parsyfiles/parsyfiles/tests/parsing_capabilities_by_type/primitives_data/int/err/b64pickle-str-truth.txt -&gt; Sigmasks ------- using $&lt;read_str_from_txt&gt; =&gt; &lt;constructor_with_str_arg&gt;$
  !! Caught error during execution !!
  File &quot;/home/travis/build/smarie/python-parsyfiles/parsyfiles/plugins_base/support_for_primitive_types.py&quot;, line 111, in constructor_with_str_arg
    return desired_type(source)
  File &quot;/opt/python/3.5.5/lib/python3.5/enum.py&quot;, line 241, in __call__
    return cls.__new__(cls, value)
  File &quot;/opt/python/3.5.5/lib/python3.5/enum.py&quot;, line 476, in __new__
    raise ValueError(&quot;%r is not a valid %s&quot; % (value, cls.__name__))
  ValueError : &apos;gANYBQAAAHRydXRocQAu&apos; is not a valid Sigmasks
(B)                                                                                                                |--b64pickle-str-truth.txt -&gt; Sigmasks ------- using $&lt;read_str_from_txt&gt; =&gt; &lt;base64_ascii_str_pickle_to_object&gt;$
Executing Parsing Plan for [/home/travis/build/smarie/python-parsyfiles/parsyfiles/tests/parsing_capabilities_by_type/primitives_data/int/err/b64pickle-str-truth]
(P) /home/travis/build/smarie/python-parsyfiles/parsyfiles/tests/parsing_capabilities_by_type/primitives_data/int/err/b64pickle-str-truth.txt -&gt; Sigmasks ------- using $&lt;read_str_from_txt&gt; =&gt; &lt;base64_ascii_str_pickle_to_object&gt;$
                                                                                                                    ! CAUGHT: WrongTypeCreatedError - Error while parsing /home/travis/build/smarie/python-parsyfiles/parsyfiles/tests/parsing_capabilities_by_type/primitives_data/int/err/b64pickle-str-truth (singlefile, .txt) as a Sigmasks with parser $&lt;read_str_from_txt&gt; =&gt; &lt;base64_ascii_str_pickle_to_object&gt;$ using options=({&apos;MultifileCollectionParser&apos;: {&apos;lazy_parsing&apos;: False}}) - parser returned an object of wrong type &lt;class &apos;str&apos;&gt;: truth
                                                                                                                    ! CAUGHT: CascadeError - See previous log messages for details
(B)                                                                                                                |--b64pickle-str-truth.txt -&gt; Handlers ------- using [Try &apos;$&lt;read_str_from_txt&gt; =&gt; &lt;constructor_with_str_arg&gt;$&apos; then &apos;$&lt;read_str_from_txt&gt; =&gt; &lt;base64_ascii_str_pickle_to_object&gt;$]&apos;]
(B)                                                                                                                |--b64pickle-str-truth.txt -&gt; Handlers ------- using $&lt;read_str_from_txt&gt; =&gt; &lt;constructor_with_str_arg&gt;$
Executing Parsing Plan for [/home/travis/build/smarie/python-parsyfiles/parsyfiles/tests/parsing_capabilities_by_type/primitives_data/int/err/b64pickle-str-truth]
(P) /home/travis/build/smarie/python-parsyfiles/parsyfiles/tests/parsing_capabilities_by_type/primitives_data/int/err/b64pickle-str-truth.txt -&gt; Handlers ------- using $&lt;read_str_from_txt&gt; =&gt; &lt;constructor_with_str_arg&gt;$
  !! Caught error during execution !!
  File &quot;/home/travis/build/smarie/python-parsyfiles/parsyfiles/plugins_base/support_for_primitive_types.py&quot;, line 111, in constructor_with_str_arg
    return desired_type(source)
  File &quot;/opt/python/3.5.5/lib/python3.5/enum.py&quot;, line 241, in __call__
    return cls.__new__(cls, value)
  File &quot;/opt/python/3.5.5/lib/python3.5/enum.py&quot;, line 476, in __new__
    raise ValueError(&quot;%r is not a valid %s&quot; % (value, cls.__name__))
  ValueError : &apos;gANYBQAAAHRydXRocQAu&apos; is not a valid Handlers
(B)                                                                                                                |--b64pickle-str-truth.txt -&gt; Handlers ------- using $&lt;read_str_from_txt&gt; =&gt; &lt;base64_ascii_str_pickle_to_object&gt;$
Executing Parsing Plan for [/home/travis/build/smarie/python-parsyfiles/parsyfiles/tests/parsing_capabilities_by_type/primitives_data/int/err/b64pickle-str-truth]
(P) /home/travis/build/smarie/python-parsyfiles/parsyfiles/tests/parsing_capabilities_by_type/primitives_data/int/err/b64pickle-str-truth.txt -&gt; Handlers ------- using $&lt;read_str_from_txt&gt; =&gt; &lt;base64_ascii_str_pickle_to_object&gt;$
                                                                                                                    ! CAUGHT: WrongTypeCreatedError - Error while parsing /home/travis/build/smarie/python-parsyfiles/parsyfiles/tests/parsing_capabilities_by_type/primitives_data/int/err/b64pickle-str-truth (singlefile, .txt) as a Handlers with parser $&lt;read_str_from_txt&gt; =&gt; &lt;base64_ascii_str_pickle_to_object&gt;$ using options=({&apos;MultifileCollectionParser&apos;: {&apos;lazy_parsing&apos;: False}}) - parser returned an object of wrong type &lt;class &apos;str&apos;&gt;: truth
                                                                                                                    ! CAUGHT: CascadeError - See previous log messages for details
(B)                                                                                                                |--b64pickle-str-truth.txt -&gt; AddressFamily ------- using [Try &apos;$&lt;read_str_from_txt&gt; =&gt; &lt;constructor_with_str_arg&gt;$&apos; then &apos;$&lt;read_str_from_txt&gt; =&gt; &lt;base64_ascii_str_pickle_to_object&gt;$]&apos;]
(B)                                                                                                                |--b64pickle-str-truth.txt -&gt; AddressFamily ------- using $&lt;read_str_from_txt&gt; =&gt; &lt;constructor_with_str_arg&gt;$
Executing Parsing Plan for [/home/travis/build/smarie/python-parsyfiles/parsyfiles/tests/parsing_capabilities_by_type/primitives_data/int/err/b64pickle-str-truth]
(P) /home/travis/build/smarie/python-parsyfiles/parsyfiles/tests/parsing_capabilities_by_type/primitives_data/int/err/b64pickle-str-truth.txt -&gt; AddressFamily ------- using $&lt;read_str_from_txt&gt; =&gt; &lt;constructor_with_str_arg&gt;$
  !! Caught error during execution !!
  File &quot;/home/travis/build/smarie/python-parsyfiles/parsyfiles/plugins_base/support_for_primitive_types.py&quot;, line 111, in constructor_with_str_arg
    return desired_type(source)
  File &quot;/opt/python/3.5.5/lib/python3.5/enum.py&quot;, line 241, in __call__
    return cls.__new__(cls, value)
  File &quot;/opt/python/3.5.5/lib/python3.5/enum.py&quot;, line 476, in __new__
    raise ValueError(&quot;%r is not a valid %s&quot; % (value, cls.__name__))
  ValueError : &apos;gANYBQAAAHRydXRocQAu&apos; is not a valid AddressFamily
(B)                                                                                                                |--b64pickle-str-truth.txt -&gt; AddressFamily ------- using $&lt;read_str_from_txt&gt; =&gt; &lt;base64_ascii_str_pickle_to_object&gt;$
Executing Parsing Plan for [/home/travis/build/smarie/python-parsyfiles/parsyfiles/tests/parsing_capabilities_by_type/primitives_data/int/err/b64pickle-str-truth]
(P) /home/travis/build/smarie/python-parsyfiles/parsyfiles/tests/parsing_capabilities_by_type/primitives_data/int/err/b64pickle-str-truth.txt -&gt; AddressFamily ------- using $&lt;read_str_from_txt&gt; =&gt; &lt;base64_ascii_str_pickle_to_object&gt;$
                                                                                                                    ! CAUGHT: WrongTypeCreatedError - Error while parsing /home/travis/build/smarie/python-parsyfiles/parsyfiles/tests/parsing_capabilities_by_type/primitives_data/int/err/b64pickle-str-truth (singlefile, .txt) as a AddressFamily with parser $&lt;read_str_from_txt&gt; =&gt; &lt;base64_ascii_str_pickle_to_object&gt;$ using options=({&apos;MultifileCollectionParser&apos;: {&apos;lazy_parsing&apos;: False}}) - parser returned an object of wrong type &lt;class &apos;str&apos;&gt;: truth
                                                                                                                    ! CAUGHT: CascadeError - See previous log messages for details
</system-out></testcase><testcase classname="parsyfiles.tests.parsing_capabilities_by_type.test_parse_primitives" file="parsyfiles/tests/parsing_capabilities_by_type/test_parse_primitives.py" line="179" name="test_parse_by_type[int-err-txt-str-truth.txt]" time="0.1374199390411377"><system-out>**** Starting to parse single object of type &lt;int&gt; at location /home/travis/build/smarie/python-parsyfiles/parsyfiles/tests/parsing_capabilities_by_type/primitives_data/int/err/txt-str-truth ****
Checking all files under [/home/travis/build/smarie/python-parsyfiles/parsyfiles/tests/parsing_capabilities_by_type/primitives_data/int/err/txt-str-truth]
(C) /home/travis/build/smarie/python-parsyfiles/parsyfiles/tests/parsing_capabilities_by_type/primitives_data/int/err/txt-str-truth (singlefile, .txt)
File checks done

Building a parsing plan to parse [/home/travis/build/smarie/python-parsyfiles/parsyfiles/tests/parsing_capabilities_by_type/primitives_data/int/err/txt-str-truth] into a int
(B) /home/travis/build/smarie/python-parsyfiles/parsyfiles/tests/parsing_capabilities_by_type/primitives_data/int/err/txt-str-truth.txt -&gt; int ------- using [Try &apos;[Try &apos;$&lt;read_str_from_txt&gt; =&gt; &lt;str_to_int&gt;$&apos; then &apos;$&lt;read_str_from_txt&gt; =&gt; &lt;base64_ascii_str_pickle_to_object&gt; -&gt; &lt;bool_to_int&gt;$&apos; then &apos;$&lt;read_str_from_txt&gt; =&gt; &lt;base64_ascii_str_pickle_to_object&gt; -&gt; &lt;float_to_int&gt;$&apos; then &apos;$&lt;read_str_from_txt&gt; =&gt; &lt;base64_ascii_str_pickle_to_object&gt; -&gt; &lt;str_to_int&gt;$&apos; then &apos;$&lt;read_str_from_txt&gt; =&gt; &lt;str_to_bool&gt;$&apos; then &apos;$&lt;read_str_from_txt&gt; =&gt; &lt;base64_ascii_str_pickle_to_object&gt; -&gt; &lt;float_to_bool&gt;$&apos; then &apos;$&lt;read_str_from_txt&gt; =&gt; &lt;base64_ascii_str_pickle_to_object&gt; -&gt; &lt;int_to_bool&gt;$&apos; then &apos;$&lt;read_str_from_txt&gt; =&gt; &lt;base64_ascii_str_pickle_to_object&gt; -&gt; &lt;str_to_bool&gt;$&apos; then &apos;$&lt;read_str_from_txt&gt; =&gt; &lt;base64_ascii_str_pickle_to_object&gt;$]&apos;]&apos; -&gt; [int] then &apos;[Try &apos;$&lt;read_str_from_txt&gt; =&gt; &lt;str_to_bool&gt;$&apos; then &apos;$&lt;read_str_from_txt&gt; =&gt; &lt;base64_ascii_str_pickle_to_object&gt; -&gt; &lt;float_to_bool&gt;$&apos; then &apos;$&lt;read_str_from_txt&gt; =&gt; &lt;base64_ascii_str_pickle_to_object&gt; -&gt; &lt;int_to_bool&gt;$&apos; then &apos;$&lt;read_str_from_txt&gt; =&gt; &lt;base64_ascii_str_pickle_to_object&gt; -&gt; &lt;str_to_bool&gt;$&apos; then &apos;$&lt;read_str_from_txt&gt; =&gt; &lt;base64_ascii_str_pickle_to_object&gt;$]&apos;]&apos; -&gt; [bool] then &apos;[Try &apos;$&lt;read_str_from_txt&gt; =&gt; &lt;constructor_with_str_arg&gt;$&apos; then &apos;$&lt;read_str_from_txt&gt; =&gt; &lt;base64_ascii_str_pickle_to_object&gt;$]&apos;]&apos; -&gt; [_NamedIntConstant] then &apos;[Try &apos;$&lt;read_str_from_txt&gt; =&gt; &lt;constructor_with_str_arg&gt;$&apos; then &apos;$&lt;read_str_from_txt&gt; =&gt; &lt;base64_ascii_str_pickle_to_object&gt;$]&apos;]&apos; -&gt; [IntEnum] then &apos;[Try &apos;$&lt;read_str_from_txt&gt; =&gt; &lt;constructor_with_str_arg&gt;$&apos; then &apos;$&lt;read_str_from_txt&gt; =&gt; &lt;base64_ascii_str_pickle_to_object&gt;$]&apos;]&apos; -&gt; [Signals] then &apos;[Try &apos;$&lt;read_str_from_txt&gt; =&gt; &lt;constructor_with_str_arg&gt;$&apos; then &apos;$&lt;read_str_from_txt&gt; =&gt; &lt;base64_ascii_str_pickle_to_object&gt;$]&apos;]&apos; -&gt; [SocketKind] then &apos;[Try &apos;$&lt;read_str_from_txt&gt; =&gt; &lt;constructor_with_str_arg&gt;$&apos; then &apos;$&lt;read_str_from_txt&gt; =&gt; &lt;base64_ascii_str_pickle_to_object&gt;$]&apos;]&apos; -&gt; [HTTPStatus] then &apos;[Try &apos;$&lt;read_str_from_txt&gt; =&gt; &lt;constructor_with_str_arg&gt;$&apos; then &apos;$&lt;read_str_from_txt&gt; =&gt; &lt;base64_ascii_str_pickle_to_object&gt;$]&apos;]&apos; -&gt; [_SSLMethod] then &apos;[Try &apos;$&lt;read_str_from_txt&gt; =&gt; &lt;constructor_with_str_arg&gt;$&apos; then &apos;$&lt;read_str_from_txt&gt; =&gt; &lt;base64_ascii_str_pickle_to_object&gt;$]&apos;]&apos; -&gt; [_ParameterKind] then &apos;[Try &apos;$&lt;read_str_from_txt&gt; =&gt; &lt;constructor_with_str_arg&gt;$&apos; then &apos;$&lt;read_str_from_txt&gt; =&gt; &lt;base64_ascii_str_pickle_to_object&gt;$]&apos;]&apos; -&gt; [Sigmasks] then &apos;[Try &apos;$&lt;read_str_from_txt&gt; =&gt; &lt;constructor_with_str_arg&gt;$&apos; then &apos;$&lt;read_str_from_txt&gt; =&gt; &lt;base64_ascii_str_pickle_to_object&gt;$]&apos;]&apos; -&gt; [Handlers] then &apos;[Try &apos;$&lt;read_str_from_txt&gt; =&gt; &lt;constructor_with_str_arg&gt;$&apos; then &apos;$&lt;read_str_from_txt&gt; =&gt; &lt;base64_ascii_str_pickle_to_object&gt;$]&apos;]&apos; -&gt; [AddressFamily]]]
(B)                                                                                                                |--txt-str-truth.txt -&gt; int ------- using [Try &apos;$&lt;read_str_from_txt&gt; =&gt; &lt;str_to_int&gt;$&apos; then &apos;$&lt;read_str_from_txt&gt; =&gt; &lt;base64_ascii_str_pickle_to_object&gt; -&gt; &lt;bool_to_int&gt;$&apos; then &apos;$&lt;read_str_from_txt&gt; =&gt; &lt;base64_ascii_str_pickle_to_object&gt; -&gt; &lt;float_to_int&gt;$&apos; then &apos;$&lt;read_str_from_txt&gt; =&gt; &lt;base64_ascii_str_pickle_to_object&gt; -&gt; &lt;str_to_int&gt;$&apos; then &apos;$&lt;read_str_from_txt&gt; =&gt; &lt;str_to_bool&gt;$&apos; then &apos;$&lt;read_str_from_txt&gt; =&gt; &lt;base64_ascii_str_pickle_to_object&gt; -&gt; &lt;float_to_bool&gt;$&apos; then &apos;$&lt;read_str_from_txt&gt; =&gt; &lt;base64_ascii_str_pickle_to_object&gt; -&gt; &lt;int_to_bool&gt;$&apos; then &apos;$&lt;read_str_from_txt&gt; =&gt; &lt;base64_ascii_str_pickle_to_object&gt; -&gt; &lt;str_to_bool&gt;$&apos; then &apos;$&lt;read_str_from_txt&gt; =&gt; &lt;base64_ascii_str_pickle_to_object&gt;$]&apos;]
(B)                                                                                                                |--txt-str-truth.txt -&gt; int ------- using $&lt;read_str_from_txt&gt; =&gt; &lt;str_to_int&gt;$
Parsing Plan created successfully

Executing Parsing Plan for [/home/travis/build/smarie/python-parsyfiles/parsyfiles/tests/parsing_capabilities_by_type/primitives_data/int/err/txt-str-truth]
(P) /home/travis/build/smarie/python-parsyfiles/parsyfiles/tests/parsing_capabilities_by_type/primitives_data/int/err/txt-str-truth.txt -&gt; int ------- using $&lt;read_str_from_txt&gt; =&gt; &lt;str_to_int&gt;$
  !! Caught error during execution !!
  File &quot;/home/travis/build/smarie/python-parsyfiles/parsyfiles/plugins_base/support_for_primitive_types.py&quot;, line 37, in primitive_to_int
    source = literal_eval(source)
  File &quot;/opt/python/3.5.5/lib/python3.5/ast.py&quot;, line 84, in literal_eval
    return _convert(node_or_string)
  File &quot;/opt/python/3.5.5/lib/python3.5/ast.py&quot;, line 83, in _convert
    raise ValueError(&apos;malformed node or string: &apos; + repr(node))
  ValueError : malformed node or string: &lt;_ast.Name object at 0x7f33d4aabc18&gt;
(B)                                                                                                                |--txt-str-truth.txt -&gt; int ------- using $&lt;read_str_from_txt&gt; =&gt; &lt;base64_ascii_str_pickle_to_object&gt; -&gt; &lt;bool_to_int&gt;$
Executing Parsing Plan for [/home/travis/build/smarie/python-parsyfiles/parsyfiles/tests/parsing_capabilities_by_type/primitives_data/int/err/txt-str-truth]
(P) /home/travis/build/smarie/python-parsyfiles/parsyfiles/tests/parsing_capabilities_by_type/primitives_data/int/err/txt-str-truth.txt -&gt; int ------- using $&lt;read_str_from_txt&gt; =&gt; &lt;base64_ascii_str_pickle_to_object&gt; -&gt; &lt;bool_to_int&gt;$
  !! Caught error during execution !!
  File &quot;/home/travis/build/smarie/python-parsyfiles/parsyfiles/converting_core.py&quot;, line 524, in _convert
    return self.conversion_method(desired_type, source_obj, logger, **opts)
  File &quot;/home/travis/build/smarie/python-parsyfiles/parsyfiles/plugins_base/support_for_objects.py&quot;, line 56, in base64_ascii_str_pickle_to_object
    return pickle.loads(base64.b64decode(b64_ascii_str), fix_imports=True, encoding=&quot;ASCII&quot;, errors=&quot;strict&quot;)
  File &quot;/home/travis/virtualenv/python3.5.5/lib/python3.5/base64.py&quot;, line 88, in b64decode
    return binascii.a2b_base64(s)
  Error : Incorrect padding
(B)                                                                                                                |--txt-str-truth.txt -&gt; int ------- using $&lt;read_str_from_txt&gt; =&gt; &lt;base64_ascii_str_pickle_to_object&gt; -&gt; &lt;float_to_int&gt;$
Executing Parsing Plan for [/home/travis/build/smarie/python-parsyfiles/parsyfiles/tests/parsing_capabilities_by_type/primitives_data/int/err/txt-str-truth]
(P) /home/travis/build/smarie/python-parsyfiles/parsyfiles/tests/parsing_capabilities_by_type/primitives_data/int/err/txt-str-truth.txt -&gt; int ------- using $&lt;read_str_from_txt&gt; =&gt; &lt;base64_ascii_str_pickle_to_object&gt; -&gt; &lt;float_to_int&gt;$
  !! Caught error during execution !!
  File &quot;/home/travis/build/smarie/python-parsyfiles/parsyfiles/converting_core.py&quot;, line 524, in _convert
    return self.conversion_method(desired_type, source_obj, logger, **opts)
  File &quot;/home/travis/build/smarie/python-parsyfiles/parsyfiles/plugins_base/support_for_objects.py&quot;, line 56, in base64_ascii_str_pickle_to_object
    return pickle.loads(base64.b64decode(b64_ascii_str), fix_imports=True, encoding=&quot;ASCII&quot;, errors=&quot;strict&quot;)
  File &quot;/home/travis/virtualenv/python3.5.5/lib/python3.5/base64.py&quot;, line 88, in b64decode
    return binascii.a2b_base64(s)
  Error : Incorrect padding
(B)                                                                                                                |--txt-str-truth.txt -&gt; int ------- using $&lt;read_str_from_txt&gt; =&gt; &lt;base64_ascii_str_pickle_to_object&gt; -&gt; &lt;str_to_int&gt;$
Executing Parsing Plan for [/home/travis/build/smarie/python-parsyfiles/parsyfiles/tests/parsing_capabilities_by_type/primitives_data/int/err/txt-str-truth]
(P) /home/travis/build/smarie/python-parsyfiles/parsyfiles/tests/parsing_capabilities_by_type/primitives_data/int/err/txt-str-truth.txt -&gt; int ------- using $&lt;read_str_from_txt&gt; =&gt; &lt;base64_ascii_str_pickle_to_object&gt; -&gt; &lt;str_to_int&gt;$
  !! Caught error during execution !!
  File &quot;/home/travis/build/smarie/python-parsyfiles/parsyfiles/converting_core.py&quot;, line 524, in _convert
    return self.conversion_method(desired_type, source_obj, logger, **opts)
  File &quot;/home/travis/build/smarie/python-parsyfiles/parsyfiles/plugins_base/support_for_objects.py&quot;, line 56, in base64_ascii_str_pickle_to_object
    return pickle.loads(base64.b64decode(b64_ascii_str), fix_imports=True, encoding=&quot;ASCII&quot;, errors=&quot;strict&quot;)
  File &quot;/home/travis/virtualenv/python3.5.5/lib/python3.5/base64.py&quot;, line 88, in b64decode
    return binascii.a2b_base64(s)
  Error : Incorrect padding
(B)                                                                                                                |--txt-str-truth.txt -&gt; int ------- using $&lt;read_str_from_txt&gt; =&gt; &lt;str_to_bool&gt;$
Executing Parsing Plan for [/home/travis/build/smarie/python-parsyfiles/parsyfiles/tests/parsing_capabilities_by_type/primitives_data/int/err/txt-str-truth]
(P) /home/travis/build/smarie/python-parsyfiles/parsyfiles/tests/parsing_capabilities_by_type/primitives_data/int/err/txt-str-truth.txt -&gt; int ------- using $&lt;read_str_from_txt&gt; =&gt; &lt;str_to_bool&gt;$
  !! Caught error during execution !!
  File &quot;/home/travis/build/smarie/python-parsyfiles/parsyfiles/converting_core.py&quot;, line 524, in _convert
    return self.conversion_method(desired_type, source_obj, logger, **opts)
  File &quot;/home/travis/build/smarie/python-parsyfiles/parsyfiles/plugins_base/support_for_primitive_types.py&quot;, line 84, in primitive_to_bool
    return bool(strtobool(source))
  File &quot;/opt/python/3.5.5/lib/python3.5/distutils/util.py&quot;, line 317, in strtobool
    raise ValueError(&quot;invalid truth value %r&quot; % (val,))
  ValueError : invalid truth value &apos;truth&apos;
(B)                                                                                                                |--txt-str-truth.txt -&gt; int ------- using $&lt;read_str_from_txt&gt; =&gt; &lt;base64_ascii_str_pickle_to_object&gt; -&gt; &lt;float_to_bool&gt;$
Executing Parsing Plan for [/home/travis/build/smarie/python-parsyfiles/parsyfiles/tests/parsing_capabilities_by_type/primitives_data/int/err/txt-str-truth]
(P) /home/travis/build/smarie/python-parsyfiles/parsyfiles/tests/parsing_capabilities_by_type/primitives_data/int/err/txt-str-truth.txt -&gt; int ------- using $&lt;read_str_from_txt&gt; =&gt; &lt;base64_ascii_str_pickle_to_object&gt; -&gt; &lt;float_to_bool&gt;$
  !! Caught error during execution !!
  File &quot;/home/travis/build/smarie/python-parsyfiles/parsyfiles/converting_core.py&quot;, line 524, in _convert
    return self.conversion_method(desired_type, source_obj, logger, **opts)
  File &quot;/home/travis/build/smarie/python-parsyfiles/parsyfiles/plugins_base/support_for_objects.py&quot;, line 56, in base64_ascii_str_pickle_to_object
    return pickle.loads(base64.b64decode(b64_ascii_str), fix_imports=True, encoding=&quot;ASCII&quot;, errors=&quot;strict&quot;)
  File &quot;/home/travis/virtualenv/python3.5.5/lib/python3.5/base64.py&quot;, line 88, in b64decode
    return binascii.a2b_base64(s)
  Error : Incorrect padding
(B)                                                                                                                |--txt-str-truth.txt -&gt; int ------- using $&lt;read_str_from_txt&gt; =&gt; &lt;base64_ascii_str_pickle_to_object&gt; -&gt; &lt;int_to_bool&gt;$
Executing Parsing Plan for [/home/travis/build/smarie/python-parsyfiles/parsyfiles/tests/parsing_capabilities_by_type/primitives_data/int/err/txt-str-truth]
(P) /home/travis/build/smarie/python-parsyfiles/parsyfiles/tests/parsing_capabilities_by_type/primitives_data/int/err/txt-str-truth.txt -&gt; int ------- using $&lt;read_str_from_txt&gt; =&gt; &lt;base64_ascii_str_pickle_to_object&gt; -&gt; &lt;int_to_bool&gt;$
  !! Caught error during execution !!
  File &quot;/home/travis/build/smarie/python-parsyfiles/parsyfiles/converting_core.py&quot;, line 524, in _convert
    return self.conversion_method(desired_type, source_obj, logger, **opts)
  File &quot;/home/travis/build/smarie/python-parsyfiles/parsyfiles/plugins_base/support_for_objects.py&quot;, line 56, in base64_ascii_str_pickle_to_object
    return pickle.loads(base64.b64decode(b64_ascii_str), fix_imports=True, encoding=&quot;ASCII&quot;, errors=&quot;strict&quot;)
  File &quot;/home/travis/virtualenv/python3.5.5/lib/python3.5/base64.py&quot;, line 88, in b64decode
    return binascii.a2b_base64(s)
  Error : Incorrect padding
(B)                                                                                                                |--txt-str-truth.txt -&gt; int ------- using $&lt;read_str_from_txt&gt; =&gt; &lt;base64_ascii_str_pickle_to_object&gt; -&gt; &lt;str_to_bool&gt;$
Executing Parsing Plan for [/home/travis/build/smarie/python-parsyfiles/parsyfiles/tests/parsing_capabilities_by_type/primitives_data/int/err/txt-str-truth]
(P) /home/travis/build/smarie/python-parsyfiles/parsyfiles/tests/parsing_capabilities_by_type/primitives_data/int/err/txt-str-truth.txt -&gt; int ------- using $&lt;read_str_from_txt&gt; =&gt; &lt;base64_ascii_str_pickle_to_object&gt; -&gt; &lt;str_to_bool&gt;$
  !! Caught error during execution !!
  File &quot;/home/travis/build/smarie/python-parsyfiles/parsyfiles/converting_core.py&quot;, line 524, in _convert
    return self.conversion_method(desired_type, source_obj, logger, **opts)
  File &quot;/home/travis/build/smarie/python-parsyfiles/parsyfiles/plugins_base/support_for_objects.py&quot;, line 56, in base64_ascii_str_pickle_to_object
    return pickle.loads(base64.b64decode(b64_ascii_str), fix_imports=True, encoding=&quot;ASCII&quot;, errors=&quot;strict&quot;)
  File &quot;/home/travis/virtualenv/python3.5.5/lib/python3.5/base64.py&quot;, line 88, in b64decode
    return binascii.a2b_base64(s)
  Error : Incorrect padding
(B)                                                                                                                |--txt-str-truth.txt -&gt; int ------- using $&lt;read_str_from_txt&gt; =&gt; &lt;base64_ascii_str_pickle_to_object&gt;$
Executing Parsing Plan for [/home/travis/build/smarie/python-parsyfiles/parsyfiles/tests/parsing_capabilities_by_type/primitives_data/int/err/txt-str-truth]
(P) /home/travis/build/smarie/python-parsyfiles/parsyfiles/tests/parsing_capabilities_by_type/primitives_data/int/err/txt-str-truth.txt -&gt; int ------- using $&lt;read_str_from_txt&gt; =&gt; &lt;base64_ascii_str_pickle_to_object&gt;$
  !! Caught error during execution !!
  File &quot;/home/travis/build/smarie/python-parsyfiles/parsyfiles/converting_core.py&quot;, line 524, in _convert
    return self.conversion_method(desired_type, source_obj, logger, **opts)
  File &quot;/home/travis/build/smarie/python-parsyfiles/parsyfiles/plugins_base/support_for_objects.py&quot;, line 56, in base64_ascii_str_pickle_to_object
    return pickle.loads(base64.b64decode(b64_ascii_str), fix_imports=True, encoding=&quot;ASCII&quot;, errors=&quot;strict&quot;)
  File &quot;/home/travis/virtualenv/python3.5.5/lib/python3.5/base64.py&quot;, line 88, in b64decode
    return binascii.a2b_base64(s)
  Error : Incorrect padding
                                                                                                                    ! CAUGHT: CascadeError - See previous log messages for details
(B)                                                                                                                |--txt-str-truth.txt -&gt; bool ------- using [Try &apos;$&lt;read_str_from_txt&gt; =&gt; &lt;str_to_bool&gt;$&apos; then &apos;$&lt;read_str_from_txt&gt; =&gt; &lt;base64_ascii_str_pickle_to_object&gt; -&gt; &lt;float_to_bool&gt;$&apos; then &apos;$&lt;read_str_from_txt&gt; =&gt; &lt;base64_ascii_str_pickle_to_object&gt; -&gt; &lt;int_to_bool&gt;$&apos; then &apos;$&lt;read_str_from_txt&gt; =&gt; &lt;base64_ascii_str_pickle_to_object&gt; -&gt; &lt;str_to_bool&gt;$&apos; then &apos;$&lt;read_str_from_txt&gt; =&gt; &lt;base64_ascii_str_pickle_to_object&gt;$]&apos;]
(B)                                                                                                                |--txt-str-truth.txt -&gt; bool ------- using $&lt;read_str_from_txt&gt; =&gt; &lt;str_to_bool&gt;$
Executing Parsing Plan for [/home/travis/build/smarie/python-parsyfiles/parsyfiles/tests/parsing_capabilities_by_type/primitives_data/int/err/txt-str-truth]
(P) /home/travis/build/smarie/python-parsyfiles/parsyfiles/tests/parsing_capabilities_by_type/primitives_data/int/err/txt-str-truth.txt -&gt; bool ------- using $&lt;read_str_from_txt&gt; =&gt; &lt;str_to_bool&gt;$
  !! Caught error during execution !!
  File &quot;/home/travis/build/smarie/python-parsyfiles/parsyfiles/converting_core.py&quot;, line 524, in _convert
    return self.conversion_method(desired_type, source_obj, logger, **opts)
  File &quot;/home/travis/build/smarie/python-parsyfiles/parsyfiles/plugins_base/support_for_primitive_types.py&quot;, line 84, in primitive_to_bool
    return bool(strtobool(source))
  File &quot;/opt/python/3.5.5/lib/python3.5/distutils/util.py&quot;, line 317, in strtobool
    raise ValueError(&quot;invalid truth value %r&quot; % (val,))
  ValueError : invalid truth value &apos;truth&apos;
(B)                                                                                                                |--txt-str-truth.txt -&gt; bool ------- using $&lt;read_str_from_txt&gt; =&gt; &lt;base64_ascii_str_pickle_to_object&gt; -&gt; &lt;float_to_bool&gt;$
Executing Parsing Plan for [/home/travis/build/smarie/python-parsyfiles/parsyfiles/tests/parsing_capabilities_by_type/primitives_data/int/err/txt-str-truth]
(P) /home/travis/build/smarie/python-parsyfiles/parsyfiles/tests/parsing_capabilities_by_type/primitives_data/int/err/txt-str-truth.txt -&gt; bool ------- using $&lt;read_str_from_txt&gt; =&gt; &lt;base64_ascii_str_pickle_to_object&gt; -&gt; &lt;float_to_bool&gt;$
  !! Caught error during execution !!
  File &quot;/home/travis/build/smarie/python-parsyfiles/parsyfiles/converting_core.py&quot;, line 524, in _convert
    return self.conversion_method(desired_type, source_obj, logger, **opts)
  File &quot;/home/travis/build/smarie/python-parsyfiles/parsyfiles/plugins_base/support_for_objects.py&quot;, line 56, in base64_ascii_str_pickle_to_object
    return pickle.loads(base64.b64decode(b64_ascii_str), fix_imports=True, encoding=&quot;ASCII&quot;, errors=&quot;strict&quot;)
  File &quot;/home/travis/virtualenv/python3.5.5/lib/python3.5/base64.py&quot;, line 88, in b64decode
    return binascii.a2b_base64(s)
  Error : Incorrect padding
(B)                                                                                                                |--txt-str-truth.txt -&gt; bool ------- using $&lt;read_str_from_txt&gt; =&gt; &lt;base64_ascii_str_pickle_to_object&gt; -&gt; &lt;int_to_bool&gt;$
Executing Parsing Plan for [/home/travis/build/smarie/python-parsyfiles/parsyfiles/tests/parsing_capabilities_by_type/primitives_data/int/err/txt-str-truth]
(P) /home/travis/build/smarie/python-parsyfiles/parsyfiles/tests/parsing_capabilities_by_type/primitives_data/int/err/txt-str-truth.txt -&gt; bool ------- using $&lt;read_str_from_txt&gt; =&gt; &lt;base64_ascii_str_pickle_to_object&gt; -&gt; &lt;int_to_bool&gt;$
  !! Caught error during execution !!
  File &quot;/home/travis/build/smarie/python-parsyfiles/parsyfiles/converting_core.py&quot;, line 524, in _convert
    return self.conversion_method(desired_type, source_obj, logger, **opts)
  File &quot;/home/travis/build/smarie/python-parsyfiles/parsyfiles/plugins_base/support_for_objects.py&quot;, line 56, in base64_ascii_str_pickle_to_object
    return pickle.loads(base64.b64decode(b64_ascii_str), fix_imports=True, encoding=&quot;ASCII&quot;, errors=&quot;strict&quot;)
  File &quot;/home/travis/virtualenv/python3.5.5/lib/python3.5/base64.py&quot;, line 88, in b64decode
    return binascii.a2b_base64(s)
  Error : Incorrect padding
(B)                                                                                                                |--txt-str-truth.txt -&gt; bool ------- using $&lt;read_str_from_txt&gt; =&gt; &lt;base64_ascii_str_pickle_to_object&gt; -&gt; &lt;str_to_bool&gt;$
Executing Parsing Plan for [/home/travis/build/smarie/python-parsyfiles/parsyfiles/tests/parsing_capabilities_by_type/primitives_data/int/err/txt-str-truth]
(P) /home/travis/build/smarie/python-parsyfiles/parsyfiles/tests/parsing_capabilities_by_type/primitives_data/int/err/txt-str-truth.txt -&gt; bool ------- using $&lt;read_str_from_txt&gt; =&gt; &lt;base64_ascii_str_pickle_to_object&gt; -&gt; &lt;str_to_bool&gt;$
  !! Caught error during execution !!
  File &quot;/home/travis/build/smarie/python-parsyfiles/parsyfiles/converting_core.py&quot;, line 524, in _convert
    return self.conversion_method(desired_type, source_obj, logger, **opts)
  File &quot;/home/travis/build/smarie/python-parsyfiles/parsyfiles/plugins_base/support_for_objects.py&quot;, line 56, in base64_ascii_str_pickle_to_object
    return pickle.loads(base64.b64decode(b64_ascii_str), fix_imports=True, encoding=&quot;ASCII&quot;, errors=&quot;strict&quot;)
  File &quot;/home/travis/virtualenv/python3.5.5/lib/python3.5/base64.py&quot;, line 88, in b64decode
    return binascii.a2b_base64(s)
  Error : Incorrect padding
(B)                                                                                                                |--txt-str-truth.txt -&gt; bool ------- using $&lt;read_str_from_txt&gt; =&gt; &lt;base64_ascii_str_pickle_to_object&gt;$
Executing Parsing Plan for [/home/travis/build/smarie/python-parsyfiles/parsyfiles/tests/parsing_capabilities_by_type/primitives_data/int/err/txt-str-truth]
(P) /home/travis/build/smarie/python-parsyfiles/parsyfiles/tests/parsing_capabilities_by_type/primitives_data/int/err/txt-str-truth.txt -&gt; bool ------- using $&lt;read_str_from_txt&gt; =&gt; &lt;base64_ascii_str_pickle_to_object&gt;$
  !! Caught error during execution !!
  File &quot;/home/travis/build/smarie/python-parsyfiles/parsyfiles/converting_core.py&quot;, line 524, in _convert
    return self.conversion_method(desired_type, source_obj, logger, **opts)
  File &quot;/home/travis/build/smarie/python-parsyfiles/parsyfiles/plugins_base/support_for_objects.py&quot;, line 56, in base64_ascii_str_pickle_to_object
    return pickle.loads(base64.b64decode(b64_ascii_str), fix_imports=True, encoding=&quot;ASCII&quot;, errors=&quot;strict&quot;)
  File &quot;/home/travis/virtualenv/python3.5.5/lib/python3.5/base64.py&quot;, line 88, in b64decode
    return binascii.a2b_base64(s)
  Error : Incorrect padding
                                                                                                                    ! CAUGHT: CascadeError - See previous log messages for details
(B)                                                                                                                |--txt-str-truth.txt -&gt; _NamedIntConstant ------- using [Try &apos;$&lt;read_str_from_txt&gt; =&gt; &lt;constructor_with_str_arg&gt;$&apos; then &apos;$&lt;read_str_from_txt&gt; =&gt; &lt;base64_ascii_str_pickle_to_object&gt;$]&apos;]
(B)                                                                                                                |--txt-str-truth.txt -&gt; _NamedIntConstant ------- using $&lt;read_str_from_txt&gt; =&gt; &lt;constructor_with_str_arg&gt;$
Executing Parsing Plan for [/home/travis/build/smarie/python-parsyfiles/parsyfiles/tests/parsing_capabilities_by_type/primitives_data/int/err/txt-str-truth]
(P) /home/travis/build/smarie/python-parsyfiles/parsyfiles/tests/parsing_capabilities_by_type/primitives_data/int/err/txt-str-truth.txt -&gt; _NamedIntConstant ------- using $&lt;read_str_from_txt&gt; =&gt; &lt;constructor_with_str_arg&gt;$
  !! Caught error during execution !!
  File &quot;/home/travis/build/smarie/python-parsyfiles/parsyfiles/converting_core.py&quot;, line 532, in _convert
    raise CaughtTypeError.create(self.conversion_method, e)
  File &quot;/home/travis/build/smarie/python-parsyfiles/parsyfiles/converting_core.py&quot;, line 524, in _convert
    return self.conversion_method(desired_type, source_obj, logger, **opts)
  File &quot;/home/travis/build/smarie/python-parsyfiles/parsyfiles/plugins_base/support_for_primitive_types.py&quot;, line 111, in constructor_with_str_arg
    return desired_type(source)
  CaughtTypeError : Caught TypeError while calling conversion function &apos;constructor_with_str_arg&apos;. Note that the conversion function signature should be &apos;def my_convert_fun(desired_type: Type[T], source: S, logger: Logger, **kwargs) -&gt; T&apos; (unpacked options mode - default) or def my_convert_fun(desired_type: Type[T], source: S, logger: Logger, options: Dict[str, Dict[str, Any]]) -&gt; T (unpack_options = False).Caught error message is : TypeError : __new__() missing 1 required positional argument: &apos;name&apos;
(B)                                                                                                                |--txt-str-truth.txt -&gt; _NamedIntConstant ------- using $&lt;read_str_from_txt&gt; =&gt; &lt;base64_ascii_str_pickle_to_object&gt;$
Executing Parsing Plan for [/home/travis/build/smarie/python-parsyfiles/parsyfiles/tests/parsing_capabilities_by_type/primitives_data/int/err/txt-str-truth]
(P) /home/travis/build/smarie/python-parsyfiles/parsyfiles/tests/parsing_capabilities_by_type/primitives_data/int/err/txt-str-truth.txt -&gt; _NamedIntConstant ------- using $&lt;read_str_from_txt&gt; =&gt; &lt;base64_ascii_str_pickle_to_object&gt;$
  !! Caught error during execution !!
  File &quot;/home/travis/build/smarie/python-parsyfiles/parsyfiles/converting_core.py&quot;, line 524, in _convert
    return self.conversion_method(desired_type, source_obj, logger, **opts)
  File &quot;/home/travis/build/smarie/python-parsyfiles/parsyfiles/plugins_base/support_for_objects.py&quot;, line 56, in base64_ascii_str_pickle_to_object
    return pickle.loads(base64.b64decode(b64_ascii_str), fix_imports=True, encoding=&quot;ASCII&quot;, errors=&quot;strict&quot;)
  File &quot;/home/travis/virtualenv/python3.5.5/lib/python3.5/base64.py&quot;, line 88, in b64decode
    return binascii.a2b_base64(s)
  Error : Incorrect padding
                                                                                                                    ! CAUGHT: CascadeError - See previous log messages for details
(B)                                                                                                                |--txt-str-truth.txt -&gt; IntEnum ------- using [Try &apos;$&lt;read_str_from_txt&gt; =&gt; &lt;constructor_with_str_arg&gt;$&apos; then &apos;$&lt;read_str_from_txt&gt; =&gt; &lt;base64_ascii_str_pickle_to_object&gt;$]&apos;]
(B)                                                                                                                |--txt-str-truth.txt -&gt; IntEnum ------- using $&lt;read_str_from_txt&gt; =&gt; &lt;constructor_with_str_arg&gt;$
Executing Parsing Plan for [/home/travis/build/smarie/python-parsyfiles/parsyfiles/tests/parsing_capabilities_by_type/primitives_data/int/err/txt-str-truth]
(P) /home/travis/build/smarie/python-parsyfiles/parsyfiles/tests/parsing_capabilities_by_type/primitives_data/int/err/txt-str-truth.txt -&gt; IntEnum ------- using $&lt;read_str_from_txt&gt; =&gt; &lt;constructor_with_str_arg&gt;$
  !! Caught error during execution !!
  File &quot;/home/travis/build/smarie/python-parsyfiles/parsyfiles/plugins_base/support_for_primitive_types.py&quot;, line 111, in constructor_with_str_arg
    return desired_type(source)
  File &quot;/opt/python/3.5.5/lib/python3.5/enum.py&quot;, line 241, in __call__
    return cls.__new__(cls, value)
  File &quot;/opt/python/3.5.5/lib/python3.5/enum.py&quot;, line 476, in __new__
    raise ValueError(&quot;%r is not a valid %s&quot; % (value, cls.__name__))
  ValueError : &apos;truth&apos; is not a valid IntEnum
(B)                                                                                                                |--txt-str-truth.txt -&gt; IntEnum ------- using $&lt;read_str_from_txt&gt; =&gt; &lt;base64_ascii_str_pickle_to_object&gt;$
Executing Parsing Plan for [/home/travis/build/smarie/python-parsyfiles/parsyfiles/tests/parsing_capabilities_by_type/primitives_data/int/err/txt-str-truth]
(P) /home/travis/build/smarie/python-parsyfiles/parsyfiles/tests/parsing_capabilities_by_type/primitives_data/int/err/txt-str-truth.txt -&gt; IntEnum ------- using $&lt;read_str_from_txt&gt; =&gt; &lt;base64_ascii_str_pickle_to_object&gt;$
  !! Caught error during execution !!
  File &quot;/home/travis/build/smarie/python-parsyfiles/parsyfiles/converting_core.py&quot;, line 524, in _convert
    return self.conversion_method(desired_type, source_obj, logger, **opts)
  File &quot;/home/travis/build/smarie/python-parsyfiles/parsyfiles/plugins_base/support_for_objects.py&quot;, line 56, in base64_ascii_str_pickle_to_object
    return pickle.loads(base64.b64decode(b64_ascii_str), fix_imports=True, encoding=&quot;ASCII&quot;, errors=&quot;strict&quot;)
  File &quot;/home/travis/virtualenv/python3.5.5/lib/python3.5/base64.py&quot;, line 88, in b64decode
    return binascii.a2b_base64(s)
  Error : Incorrect padding
                                                                                                                    ! CAUGHT: CascadeError - See previous log messages for details
(B)                                                                                                                |--txt-str-truth.txt -&gt; Signals ------- using [Try &apos;$&lt;read_str_from_txt&gt; =&gt; &lt;constructor_with_str_arg&gt;$&apos; then &apos;$&lt;read_str_from_txt&gt; =&gt; &lt;base64_ascii_str_pickle_to_object&gt;$]&apos;]
(B)                                                                                                                |--txt-str-truth.txt -&gt; Signals ------- using $&lt;read_str_from_txt&gt; =&gt; &lt;constructor_with_str_arg&gt;$
Executing Parsing Plan for [/home/travis/build/smarie/python-parsyfiles/parsyfiles/tests/parsing_capabilities_by_type/primitives_data/int/err/txt-str-truth]
(P) /home/travis/build/smarie/python-parsyfiles/parsyfiles/tests/parsing_capabilities_by_type/primitives_data/int/err/txt-str-truth.txt -&gt; Signals ------- using $&lt;read_str_from_txt&gt; =&gt; &lt;constructor_with_str_arg&gt;$
  !! Caught error during execution !!
  File &quot;/home/travis/build/smarie/python-parsyfiles/parsyfiles/plugins_base/support_for_primitive_types.py&quot;, line 111, in constructor_with_str_arg
    return desired_type(source)
  File &quot;/opt/python/3.5.5/lib/python3.5/enum.py&quot;, line 241, in __call__
    return cls.__new__(cls, value)
  File &quot;/opt/python/3.5.5/lib/python3.5/enum.py&quot;, line 476, in __new__
    raise ValueError(&quot;%r is not a valid %s&quot; % (value, cls.__name__))
  ValueError : &apos;truth&apos; is not a valid Signals
(B)                                                                                                                |--txt-str-truth.txt -&gt; Signals ------- using $&lt;read_str_from_txt&gt; =&gt; &lt;base64_ascii_str_pickle_to_object&gt;$
Executing Parsing Plan for [/home/travis/build/smarie/python-parsyfiles/parsyfiles/tests/parsing_capabilities_by_type/primitives_data/int/err/txt-str-truth]
(P) /home/travis/build/smarie/python-parsyfiles/parsyfiles/tests/parsing_capabilities_by_type/primitives_data/int/err/txt-str-truth.txt -&gt; Signals ------- using $&lt;read_str_from_txt&gt; =&gt; &lt;base64_ascii_str_pickle_to_object&gt;$
  !! Caught error during execution !!
  File &quot;/home/travis/build/smarie/python-parsyfiles/parsyfiles/converting_core.py&quot;, line 524, in _convert
    return self.conversion_method(desired_type, source_obj, logger, **opts)
  File &quot;/home/travis/build/smarie/python-parsyfiles/parsyfiles/plugins_base/support_for_objects.py&quot;, line 56, in base64_ascii_str_pickle_to_object
    return pickle.loads(base64.b64decode(b64_ascii_str), fix_imports=True, encoding=&quot;ASCII&quot;, errors=&quot;strict&quot;)
  File &quot;/home/travis/virtualenv/python3.5.5/lib/python3.5/base64.py&quot;, line 88, in b64decode
    return binascii.a2b_base64(s)
  Error : Incorrect padding
                                                                                                                    ! CAUGHT: CascadeError - See previous log messages for details
(B)                                                                                                                |--txt-str-truth.txt -&gt; SocketKind ------- using [Try &apos;$&lt;read_str_from_txt&gt; =&gt; &lt;constructor_with_str_arg&gt;$&apos; then &apos;$&lt;read_str_from_txt&gt; =&gt; &lt;base64_ascii_str_pickle_to_object&gt;$]&apos;]
(B)                                                                                                                |--txt-str-truth.txt -&gt; SocketKind ------- using $&lt;read_str_from_txt&gt; =&gt; &lt;constructor_with_str_arg&gt;$
Executing Parsing Plan for [/home/travis/build/smarie/python-parsyfiles/parsyfiles/tests/parsing_capabilities_by_type/primitives_data/int/err/txt-str-truth]
(P) /home/travis/build/smarie/python-parsyfiles/parsyfiles/tests/parsing_capabilities_by_type/primitives_data/int/err/txt-str-truth.txt -&gt; SocketKind ------- using $&lt;read_str_from_txt&gt; =&gt; &lt;constructor_with_str_arg&gt;$
  !! Caught error during execution !!
  File &quot;/home/travis/build/smarie/python-parsyfiles/parsyfiles/plugins_base/support_for_primitive_types.py&quot;, line 111, in constructor_with_str_arg
    return desired_type(source)
  File &quot;/opt/python/3.5.5/lib/python3.5/enum.py&quot;, line 241, in __call__
    return cls.__new__(cls, value)
  File &quot;/opt/python/3.5.5/lib/python3.5/enum.py&quot;, line 476, in __new__
    raise ValueError(&quot;%r is not a valid %s&quot; % (value, cls.__name__))
  ValueError : &apos;truth&apos; is not a valid SocketKind
(B)                                                                                                                |--txt-str-truth.txt -&gt; SocketKind ------- using $&lt;read_str_from_txt&gt; =&gt; &lt;base64_ascii_str_pickle_to_object&gt;$
Executing Parsing Plan for [/home/travis/build/smarie/python-parsyfiles/parsyfiles/tests/parsing_capabilities_by_type/primitives_data/int/err/txt-str-truth]
(P) /home/travis/build/smarie/python-parsyfiles/parsyfiles/tests/parsing_capabilities_by_type/primitives_data/int/err/txt-str-truth.txt -&gt; SocketKind ------- using $&lt;read_str_from_txt&gt; =&gt; &lt;base64_ascii_str_pickle_to_object&gt;$
  !! Caught error during execution !!
  File &quot;/home/travis/build/smarie/python-parsyfiles/parsyfiles/converting_core.py&quot;, line 524, in _convert
    return self.conversion_method(desired_type, source_obj, logger, **opts)
  File &quot;/home/travis/build/smarie/python-parsyfiles/parsyfiles/plugins_base/support_for_objects.py&quot;, line 56, in base64_ascii_str_pickle_to_object
    return pickle.loads(base64.b64decode(b64_ascii_str), fix_imports=True, encoding=&quot;ASCII&quot;, errors=&quot;strict&quot;)
  File &quot;/home/travis/virtualenv/python3.5.5/lib/python3.5/base64.py&quot;, line 88, in b64decode
    return binascii.a2b_base64(s)
  Error : Incorrect padding
                                                                                                                    ! CAUGHT: CascadeError - See previous log messages for details
(B)                                                                                                                |--txt-str-truth.txt -&gt; HTTPStatus ------- using [Try &apos;$&lt;read_str_from_txt&gt; =&gt; &lt;constructor_with_str_arg&gt;$&apos; then &apos;$&lt;read_str_from_txt&gt; =&gt; &lt;base64_ascii_str_pickle_to_object&gt;$]&apos;]
(B)                                                                                                                |--txt-str-truth.txt -&gt; HTTPStatus ------- using $&lt;read_str_from_txt&gt; =&gt; &lt;constructor_with_str_arg&gt;$
Executing Parsing Plan for [/home/travis/build/smarie/python-parsyfiles/parsyfiles/tests/parsing_capabilities_by_type/primitives_data/int/err/txt-str-truth]
(P) /home/travis/build/smarie/python-parsyfiles/parsyfiles/tests/parsing_capabilities_by_type/primitives_data/int/err/txt-str-truth.txt -&gt; HTTPStatus ------- using $&lt;read_str_from_txt&gt; =&gt; &lt;constructor_with_str_arg&gt;$
  !! Caught error during execution !!
  File &quot;/home/travis/build/smarie/python-parsyfiles/parsyfiles/plugins_base/support_for_primitive_types.py&quot;, line 111, in constructor_with_str_arg
    return desired_type(source)
  File &quot;/opt/python/3.5.5/lib/python3.5/enum.py&quot;, line 241, in __call__
    return cls.__new__(cls, value)
  File &quot;/opt/python/3.5.5/lib/python3.5/enum.py&quot;, line 476, in __new__
    raise ValueError(&quot;%r is not a valid %s&quot; % (value, cls.__name__))
  ValueError : &apos;truth&apos; is not a valid HTTPStatus
(B)                                                                                                                |--txt-str-truth.txt -&gt; HTTPStatus ------- using $&lt;read_str_from_txt&gt; =&gt; &lt;base64_ascii_str_pickle_to_object&gt;$
Executing Parsing Plan for [/home/travis/build/smarie/python-parsyfiles/parsyfiles/tests/parsing_capabilities_by_type/primitives_data/int/err/txt-str-truth]
(P) /home/travis/build/smarie/python-parsyfiles/parsyfiles/tests/parsing_capabilities_by_type/primitives_data/int/err/txt-str-truth.txt -&gt; HTTPStatus ------- using $&lt;read_str_from_txt&gt; =&gt; &lt;base64_ascii_str_pickle_to_object&gt;$
  !! Caught error during execution !!
  File &quot;/home/travis/build/smarie/python-parsyfiles/parsyfiles/converting_core.py&quot;, line 524, in _convert
    return self.conversion_method(desired_type, source_obj, logger, **opts)
  File &quot;/home/travis/build/smarie/python-parsyfiles/parsyfiles/plugins_base/support_for_objects.py&quot;, line 56, in base64_ascii_str_pickle_to_object
    return pickle.loads(base64.b64decode(b64_ascii_str), fix_imports=True, encoding=&quot;ASCII&quot;, errors=&quot;strict&quot;)
  File &quot;/home/travis/virtualenv/python3.5.5/lib/python3.5/base64.py&quot;, line 88, in b64decode
    return binascii.a2b_base64(s)
  Error : Incorrect padding
                                                                                                                    ! CAUGHT: CascadeError - See previous log messages for details
(B)                                                                                                                |--txt-str-truth.txt -&gt; _SSLMethod ------- using [Try &apos;$&lt;read_str_from_txt&gt; =&gt; &lt;constructor_with_str_arg&gt;$&apos; then &apos;$&lt;read_str_from_txt&gt; =&gt; &lt;base64_ascii_str_pickle_to_object&gt;$]&apos;]
(B)                                                                                                                |--txt-str-truth.txt -&gt; _SSLMethod ------- using $&lt;read_str_from_txt&gt; =&gt; &lt;constructor_with_str_arg&gt;$
Executing Parsing Plan for [/home/travis/build/smarie/python-parsyfiles/parsyfiles/tests/parsing_capabilities_by_type/primitives_data/int/err/txt-str-truth]
(P) /home/travis/build/smarie/python-parsyfiles/parsyfiles/tests/parsing_capabilities_by_type/primitives_data/int/err/txt-str-truth.txt -&gt; _SSLMethod ------- using $&lt;read_str_from_txt&gt; =&gt; &lt;constructor_with_str_arg&gt;$
  !! Caught error during execution !!
  File &quot;/home/travis/build/smarie/python-parsyfiles/parsyfiles/plugins_base/support_for_primitive_types.py&quot;, line 111, in constructor_with_str_arg
    return desired_type(source)
  File &quot;/opt/python/3.5.5/lib/python3.5/enum.py&quot;, line 241, in __call__
    return cls.__new__(cls, value)
  File &quot;/opt/python/3.5.5/lib/python3.5/enum.py&quot;, line 476, in __new__
    raise ValueError(&quot;%r is not a valid %s&quot; % (value, cls.__name__))
  ValueError : &apos;truth&apos; is not a valid _SSLMethod
(B)                                                                                                                |--txt-str-truth.txt -&gt; _SSLMethod ------- using $&lt;read_str_from_txt&gt; =&gt; &lt;base64_ascii_str_pickle_to_object&gt;$
Executing Parsing Plan for [/home/travis/build/smarie/python-parsyfiles/parsyfiles/tests/parsing_capabilities_by_type/primitives_data/int/err/txt-str-truth]
(P) /home/travis/build/smarie/python-parsyfiles/parsyfiles/tests/parsing_capabilities_by_type/primitives_data/int/err/txt-str-truth.txt -&gt; _SSLMethod ------- using $&lt;read_str_from_txt&gt; =&gt; &lt;base64_ascii_str_pickle_to_object&gt;$
  !! Caught error during execution !!
  File &quot;/home/travis/build/smarie/python-parsyfiles/parsyfiles/converting_core.py&quot;, line 524, in _convert
    return self.conversion_method(desired_type, source_obj, logger, **opts)
  File &quot;/home/travis/build/smarie/python-parsyfiles/parsyfiles/plugins_base/support_for_objects.py&quot;, line 56, in base64_ascii_str_pickle_to_object
    return pickle.loads(base64.b64decode(b64_ascii_str), fix_imports=True, encoding=&quot;ASCII&quot;, errors=&quot;strict&quot;)
  File &quot;/home/travis/virtualenv/python3.5.5/lib/python3.5/base64.py&quot;, line 88, in b64decode
    return binascii.a2b_base64(s)
  Error : Incorrect padding
                                                                                                                    ! CAUGHT: CascadeError - See previous log messages for details
(B)                                                                                                                |--txt-str-truth.txt -&gt; _ParameterKind ------- using [Try &apos;$&lt;read_str_from_txt&gt; =&gt; &lt;constructor_with_str_arg&gt;$&apos; then &apos;$&lt;read_str_from_txt&gt; =&gt; &lt;base64_ascii_str_pickle_to_object&gt;$]&apos;]
(B)                                                                                                                |--txt-str-truth.txt -&gt; _ParameterKind ------- using $&lt;read_str_from_txt&gt; =&gt; &lt;constructor_with_str_arg&gt;$
Executing Parsing Plan for [/home/travis/build/smarie/python-parsyfiles/parsyfiles/tests/parsing_capabilities_by_type/primitives_data/int/err/txt-str-truth]
(P) /home/travis/build/smarie/python-parsyfiles/parsyfiles/tests/parsing_capabilities_by_type/primitives_data/int/err/txt-str-truth.txt -&gt; _ParameterKind ------- using $&lt;read_str_from_txt&gt; =&gt; &lt;constructor_with_str_arg&gt;$
  !! Caught error during execution !!
  File &quot;/home/travis/build/smarie/python-parsyfiles/parsyfiles/plugins_base/support_for_primitive_types.py&quot;, line 111, in constructor_with_str_arg
    return desired_type(source)
  File &quot;/opt/python/3.5.5/lib/python3.5/enum.py&quot;, line 241, in __call__
    return cls.__new__(cls, value)
  File &quot;/opt/python/3.5.5/lib/python3.5/enum.py&quot;, line 476, in __new__
    raise ValueError(&quot;%r is not a valid %s&quot; % (value, cls.__name__))
  ValueError : &apos;truth&apos; is not a valid _ParameterKind
(B)                                                                                                                |--txt-str-truth.txt -&gt; _ParameterKind ------- using $&lt;read_str_from_txt&gt; =&gt; &lt;base64_ascii_str_pickle_to_object&gt;$
Executing Parsing Plan for [/home/travis/build/smarie/python-parsyfiles/parsyfiles/tests/parsing_capabilities_by_type/primitives_data/int/err/txt-str-truth]
(P) /home/travis/build/smarie/python-parsyfiles/parsyfiles/tests/parsing_capabilities_by_type/primitives_data/int/err/txt-str-truth.txt -&gt; _ParameterKind ------- using $&lt;read_str_from_txt&gt; =&gt; &lt;base64_ascii_str_pickle_to_object&gt;$
  !! Caught error during execution !!
  File &quot;/home/travis/build/smarie/python-parsyfiles/parsyfiles/converting_core.py&quot;, line 524, in _convert
    return self.conversion_method(desired_type, source_obj, logger, **opts)
  File &quot;/home/travis/build/smarie/python-parsyfiles/parsyfiles/plugins_base/support_for_objects.py&quot;, line 56, in base64_ascii_str_pickle_to_object
    return pickle.loads(base64.b64decode(b64_ascii_str), fix_imports=True, encoding=&quot;ASCII&quot;, errors=&quot;strict&quot;)
  File &quot;/home/travis/virtualenv/python3.5.5/lib/python3.5/base64.py&quot;, line 88, in b64decode
    return binascii.a2b_base64(s)
  Error : Incorrect padding
                                                                                                                    ! CAUGHT: CascadeError - See previous log messages for details
(B)                                                                                                                |--txt-str-truth.txt -&gt; Sigmasks ------- using [Try &apos;$&lt;read_str_from_txt&gt; =&gt; &lt;constructor_with_str_arg&gt;$&apos; then &apos;$&lt;read_str_from_txt&gt; =&gt; &lt;base64_ascii_str_pickle_to_object&gt;$]&apos;]
(B)                                                                                                                |--txt-str-truth.txt -&gt; Sigmasks ------- using $&lt;read_str_from_txt&gt; =&gt; &lt;constructor_with_str_arg&gt;$
Executing Parsing Plan for [/home/travis/build/smarie/python-parsyfiles/parsyfiles/tests/parsing_capabilities_by_type/primitives_data/int/err/txt-str-truth]
(P) /home/travis/build/smarie/python-parsyfiles/parsyfiles/tests/parsing_capabilities_by_type/primitives_data/int/err/txt-str-truth.txt -&gt; Sigmasks ------- using $&lt;read_str_from_txt&gt; =&gt; &lt;constructor_with_str_arg&gt;$
  !! Caught error during execution !!
  File &quot;/home/travis/build/smarie/python-parsyfiles/parsyfiles/plugins_base/support_for_primitive_types.py&quot;, line 111, in constructor_with_str_arg
    return desired_type(source)
  File &quot;/opt/python/3.5.5/lib/python3.5/enum.py&quot;, line 241, in __call__
    return cls.__new__(cls, value)
  File &quot;/opt/python/3.5.5/lib/python3.5/enum.py&quot;, line 476, in __new__
    raise ValueError(&quot;%r is not a valid %s&quot; % (value, cls.__name__))
  ValueError : &apos;truth&apos; is not a valid Sigmasks
(B)                                                                                                                |--txt-str-truth.txt -&gt; Sigmasks ------- using $&lt;read_str_from_txt&gt; =&gt; &lt;base64_ascii_str_pickle_to_object&gt;$
Executing Parsing Plan for [/home/travis/build/smarie/python-parsyfiles/parsyfiles/tests/parsing_capabilities_by_type/primitives_data/int/err/txt-str-truth]
(P) /home/travis/build/smarie/python-parsyfiles/parsyfiles/tests/parsing_capabilities_by_type/primitives_data/int/err/txt-str-truth.txt -&gt; Sigmasks ------- using $&lt;read_str_from_txt&gt; =&gt; &lt;base64_ascii_str_pickle_to_object&gt;$
  !! Caught error during execution !!
  File &quot;/home/travis/build/smarie/python-parsyfiles/parsyfiles/converting_core.py&quot;, line 524, in _convert
    return self.conversion_method(desired_type, source_obj, logger, **opts)
  File &quot;/home/travis/build/smarie/python-parsyfiles/parsyfiles/plugins_base/support_for_objects.py&quot;, line 56, in base64_ascii_str_pickle_to_object
    return pickle.loads(base64.b64decode(b64_ascii_str), fix_imports=True, encoding=&quot;ASCII&quot;, errors=&quot;strict&quot;)
  File &quot;/home/travis/virtualenv/python3.5.5/lib/python3.5/base64.py&quot;, line 88, in b64decode
    return binascii.a2b_base64(s)
  Error : Incorrect padding
                                                                                                                    ! CAUGHT: CascadeError - See previous log messages for details
(B)                                                                                                                |--txt-str-truth.txt -&gt; Handlers ------- using [Try &apos;$&lt;read_str_from_txt&gt; =&gt; &lt;constructor_with_str_arg&gt;$&apos; then &apos;$&lt;read_str_from_txt&gt; =&gt; &lt;base64_ascii_str_pickle_to_object&gt;$]&apos;]
(B)                                                                                                                |--txt-str-truth.txt -&gt; Handlers ------- using $&lt;read_str_from_txt&gt; =&gt; &lt;constructor_with_str_arg&gt;$
Executing Parsing Plan for [/home/travis/build/smarie/python-parsyfiles/parsyfiles/tests/parsing_capabilities_by_type/primitives_data/int/err/txt-str-truth]
(P) /home/travis/build/smarie/python-parsyfiles/parsyfiles/tests/parsing_capabilities_by_type/primitives_data/int/err/txt-str-truth.txt -&gt; Handlers ------- using $&lt;read_str_from_txt&gt; =&gt; &lt;constructor_with_str_arg&gt;$
  !! Caught error during execution !!
  File &quot;/home/travis/build/smarie/python-parsyfiles/parsyfiles/plugins_base/support_for_primitive_types.py&quot;, line 111, in constructor_with_str_arg
    return desired_type(source)
  File &quot;/opt/python/3.5.5/lib/python3.5/enum.py&quot;, line 241, in __call__
    return cls.__new__(cls, value)
  File &quot;/opt/python/3.5.5/lib/python3.5/enum.py&quot;, line 476, in __new__
    raise ValueError(&quot;%r is not a valid %s&quot; % (value, cls.__name__))
  ValueError : &apos;truth&apos; is not a valid Handlers
(B)                                                                                                                |--txt-str-truth.txt -&gt; Handlers ------- using $&lt;read_str_from_txt&gt; =&gt; &lt;base64_ascii_str_pickle_to_object&gt;$
Executing Parsing Plan for [/home/travis/build/smarie/python-parsyfiles/parsyfiles/tests/parsing_capabilities_by_type/primitives_data/int/err/txt-str-truth]
(P) /home/travis/build/smarie/python-parsyfiles/parsyfiles/tests/parsing_capabilities_by_type/primitives_data/int/err/txt-str-truth.txt -&gt; Handlers ------- using $&lt;read_str_from_txt&gt; =&gt; &lt;base64_ascii_str_pickle_to_object&gt;$
  !! Caught error during execution !!
  File &quot;/home/travis/build/smarie/python-parsyfiles/parsyfiles/converting_core.py&quot;, line 524, in _convert
    return self.conversion_method(desired_type, source_obj, logger, **opts)
  File &quot;/home/travis/build/smarie/python-parsyfiles/parsyfiles/plugins_base/support_for_objects.py&quot;, line 56, in base64_ascii_str_pickle_to_object
    return pickle.loads(base64.b64decode(b64_ascii_str), fix_imports=True, encoding=&quot;ASCII&quot;, errors=&quot;strict&quot;)
  File &quot;/home/travis/virtualenv/python3.5.5/lib/python3.5/base64.py&quot;, line 88, in b64decode
    return binascii.a2b_base64(s)
  Error : Incorrect padding
                                                                                                                    ! CAUGHT: CascadeError - See previous log messages for details
(B)                                                                                                                |--txt-str-truth.txt -&gt; AddressFamily ------- using [Try &apos;$&lt;read_str_from_txt&gt; =&gt; &lt;constructor_with_str_arg&gt;$&apos; then &apos;$&lt;read_str_from_txt&gt; =&gt; &lt;base64_ascii_str_pickle_to_object&gt;$]&apos;]
(B)                                                                                                                |--txt-str-truth.txt -&gt; AddressFamily ------- using $&lt;read_str_from_txt&gt; =&gt; &lt;constructor_with_str_arg&gt;$
Executing Parsing Plan for [/home/travis/build/smarie/python-parsyfiles/parsyfiles/tests/parsing_capabilities_by_type/primitives_data/int/err/txt-str-truth]
(P) /home/travis/build/smarie/python-parsyfiles/parsyfiles/tests/parsing_capabilities_by_type/primitives_data/int/err/txt-str-truth.txt -&gt; AddressFamily ------- using $&lt;read_str_from_txt&gt; =&gt; &lt;constructor_with_str_arg&gt;$
  !! Caught error during execution !!
  File &quot;/home/travis/build/smarie/python-parsyfiles/parsyfiles/plugins_base/support_for_primitive_types.py&quot;, line 111, in constructor_with_str_arg
    return desired_type(source)
  File &quot;/opt/python/3.5.5/lib/python3.5/enum.py&quot;, line 241, in __call__
    return cls.__new__(cls, value)
  File &quot;/opt/python/3.5.5/lib/python3.5/enum.py&quot;, line 476, in __new__
    raise ValueError(&quot;%r is not a valid %s&quot; % (value, cls.__name__))
  ValueError : &apos;truth&apos; is not a valid AddressFamily
(B)                                                                                                                |--txt-str-truth.txt -&gt; AddressFamily ------- using $&lt;read_str_from_txt&gt; =&gt; &lt;base64_ascii_str_pickle_to_object&gt;$
Executing Parsing Plan for [/home/travis/build/smarie/python-parsyfiles/parsyfiles/tests/parsing_capabilities_by_type/primitives_data/int/err/txt-str-truth]
(P) /home/travis/build/smarie/python-parsyfiles/parsyfiles/tests/parsing_capabilities_by_type/primitives_data/int/err/txt-str-truth.txt -&gt; AddressFamily ------- using $&lt;read_str_from_txt&gt; =&gt; &lt;base64_ascii_str_pickle_to_object&gt;$
  !! Caught error during execution !!
  File &quot;/home/travis/build/smarie/python-parsyfiles/parsyfiles/converting_core.py&quot;, line 524, in _convert
    return self.conversion_method(desired_type, source_obj, logger, **opts)
  File &quot;/home/travis/build/smarie/python-parsyfiles/parsyfiles/plugins_base/support_for_objects.py&quot;, line 56, in base64_ascii_str_pickle_to_object
    return pickle.loads(base64.b64decode(b64_ascii_str), fix_imports=True, encoding=&quot;ASCII&quot;, errors=&quot;strict&quot;)
  File &quot;/home/travis/virtualenv/python3.5.5/lib/python3.5/base64.py&quot;, line 88, in b64decode
    return binascii.a2b_base64(s)
  Error : Incorrect padding
                                                                                                                    ! CAUGHT: CascadeError - See previous log messages for details
</system-out></testcase><testcase classname="parsyfiles.tests.parsing_capabilities_by_type.test_parse_primitives" file="parsyfiles/tests/parsing_capabilities_by_type/test_parse_primitives.py" line="179" name="test_parse_by_type[int-err-b64pickle-float--5.5.txt]" time="0.13623738288879395"><system-out>**** Starting to parse single object of type &lt;int&gt; at location /home/travis/build/smarie/python-parsyfiles/parsyfiles/tests/parsing_capabilities_by_type/primitives_data/int/err/b64pickle-float--5.5 ****
Checking all files under [/home/travis/build/smarie/python-parsyfiles/parsyfiles/tests/parsing_capabilities_by_type/primitives_data/int/err/b64pickle-float--5.5]
(C) /home/travis/build/smarie/python-parsyfiles/parsyfiles/tests/parsing_capabilities_by_type/primitives_data/int/err/b64pickle-float--5.5 (singlefile, .txt)
File checks done

Building a parsing plan to parse [/home/travis/build/smarie/python-parsyfiles/parsyfiles/tests/parsing_capabilities_by_type/primitives_data/int/err/b64pickle-float--5.5] into a int
(B) /home/travis/build/smarie/python-parsyfiles/parsyfiles/tests/parsing_capabilities_by_type/primitives_data/int/err/b64pickle-float--5.5.txt -&gt; int ------- using [Try &apos;[Try &apos;$&lt;read_str_from_txt&gt; =&gt; &lt;str_to_int&gt;$&apos; then &apos;$&lt;read_str_from_txt&gt; =&gt; &lt;base64_ascii_str_pickle_to_object&gt; -&gt; &lt;bool_to_int&gt;$&apos; then &apos;$&lt;read_str_from_txt&gt; =&gt; &lt;base64_ascii_str_pickle_to_object&gt; -&gt; &lt;float_to_int&gt;$&apos; then &apos;$&lt;read_str_from_txt&gt; =&gt; &lt;base64_ascii_str_pickle_to_object&gt; -&gt; &lt;str_to_int&gt;$&apos; then &apos;$&lt;read_str_from_txt&gt; =&gt; &lt;str_to_bool&gt;$&apos; then &apos;$&lt;read_str_from_txt&gt; =&gt; &lt;base64_ascii_str_pickle_to_object&gt; -&gt; &lt;float_to_bool&gt;$&apos; then &apos;$&lt;read_str_from_txt&gt; =&gt; &lt;base64_ascii_str_pickle_to_object&gt; -&gt; &lt;int_to_bool&gt;$&apos; then &apos;$&lt;read_str_from_txt&gt; =&gt; &lt;base64_ascii_str_pickle_to_object&gt; -&gt; &lt;str_to_bool&gt;$&apos; then &apos;$&lt;read_str_from_txt&gt; =&gt; &lt;base64_ascii_str_pickle_to_object&gt;$]&apos;]&apos; -&gt; [int] then &apos;[Try &apos;$&lt;read_str_from_txt&gt; =&gt; &lt;str_to_bool&gt;$&apos; then &apos;$&lt;read_str_from_txt&gt; =&gt; &lt;base64_ascii_str_pickle_to_object&gt; -&gt; &lt;float_to_bool&gt;$&apos; then &apos;$&lt;read_str_from_txt&gt; =&gt; &lt;base64_ascii_str_pickle_to_object&gt; -&gt; &lt;int_to_bool&gt;$&apos; then &apos;$&lt;read_str_from_txt&gt; =&gt; &lt;base64_ascii_str_pickle_to_object&gt; -&gt; &lt;str_to_bool&gt;$&apos; then &apos;$&lt;read_str_from_txt&gt; =&gt; &lt;base64_ascii_str_pickle_to_object&gt;$]&apos;]&apos; -&gt; [bool] then &apos;[Try &apos;$&lt;read_str_from_txt&gt; =&gt; &lt;constructor_with_str_arg&gt;$&apos; then &apos;$&lt;read_str_from_txt&gt; =&gt; &lt;base64_ascii_str_pickle_to_object&gt;$]&apos;]&apos; -&gt; [_NamedIntConstant] then &apos;[Try &apos;$&lt;read_str_from_txt&gt; =&gt; &lt;constructor_with_str_arg&gt;$&apos; then &apos;$&lt;read_str_from_txt&gt; =&gt; &lt;base64_ascii_str_pickle_to_object&gt;$]&apos;]&apos; -&gt; [IntEnum] then &apos;[Try &apos;$&lt;read_str_from_txt&gt; =&gt; &lt;constructor_with_str_arg&gt;$&apos; then &apos;$&lt;read_str_from_txt&gt; =&gt; &lt;base64_ascii_str_pickle_to_object&gt;$]&apos;]&apos; -&gt; [Signals] then &apos;[Try &apos;$&lt;read_str_from_txt&gt; =&gt; &lt;constructor_with_str_arg&gt;$&apos; then &apos;$&lt;read_str_from_txt&gt; =&gt; &lt;base64_ascii_str_pickle_to_object&gt;$]&apos;]&apos; -&gt; [SocketKind] then &apos;[Try &apos;$&lt;read_str_from_txt&gt; =&gt; &lt;constructor_with_str_arg&gt;$&apos; then &apos;$&lt;read_str_from_txt&gt; =&gt; &lt;base64_ascii_str_pickle_to_object&gt;$]&apos;]&apos; -&gt; [HTTPStatus] then &apos;[Try &apos;$&lt;read_str_from_txt&gt; =&gt; &lt;constructor_with_str_arg&gt;$&apos; then &apos;$&lt;read_str_from_txt&gt; =&gt; &lt;base64_ascii_str_pickle_to_object&gt;$]&apos;]&apos; -&gt; [_SSLMethod] then &apos;[Try &apos;$&lt;read_str_from_txt&gt; =&gt; &lt;constructor_with_str_arg&gt;$&apos; then &apos;$&lt;read_str_from_txt&gt; =&gt; &lt;base64_ascii_str_pickle_to_object&gt;$]&apos;]&apos; -&gt; [_ParameterKind] then &apos;[Try &apos;$&lt;read_str_from_txt&gt; =&gt; &lt;constructor_with_str_arg&gt;$&apos; then &apos;$&lt;read_str_from_txt&gt; =&gt; &lt;base64_ascii_str_pickle_to_object&gt;$]&apos;]&apos; -&gt; [Sigmasks] then &apos;[Try &apos;$&lt;read_str_from_txt&gt; =&gt; &lt;constructor_with_str_arg&gt;$&apos; then &apos;$&lt;read_str_from_txt&gt; =&gt; &lt;base64_ascii_str_pickle_to_object&gt;$]&apos;]&apos; -&gt; [Handlers] then &apos;[Try &apos;$&lt;read_str_from_txt&gt; =&gt; &lt;constructor_with_str_arg&gt;$&apos; then &apos;$&lt;read_str_from_txt&gt; =&gt; &lt;base64_ascii_str_pickle_to_object&gt;$]&apos;]&apos; -&gt; [AddressFamily]]]
(B)                                                                                                                |--b64pickle-float--5.5.txt -&gt; int ------- using [Try &apos;$&lt;read_str_from_txt&gt; =&gt; &lt;str_to_int&gt;$&apos; then &apos;$&lt;read_str_from_txt&gt; =&gt; &lt;base64_ascii_str_pickle_to_object&gt; -&gt; &lt;bool_to_int&gt;$&apos; then &apos;$&lt;read_str_from_txt&gt; =&gt; &lt;base64_ascii_str_pickle_to_object&gt; -&gt; &lt;float_to_int&gt;$&apos; then &apos;$&lt;read_str_from_txt&gt; =&gt; &lt;base64_ascii_str_pickle_to_object&gt; -&gt; &lt;str_to_int&gt;$&apos; then &apos;$&lt;read_str_from_txt&gt; =&gt; &lt;str_to_bool&gt;$&apos; then &apos;$&lt;read_str_from_txt&gt; =&gt; &lt;base64_ascii_str_pickle_to_object&gt; -&gt; &lt;float_to_bool&gt;$&apos; then &apos;$&lt;read_str_from_txt&gt; =&gt; &lt;base64_ascii_str_pickle_to_object&gt; -&gt; &lt;int_to_bool&gt;$&apos; then &apos;$&lt;read_str_from_txt&gt; =&gt; &lt;base64_ascii_str_pickle_to_object&gt; -&gt; &lt;str_to_bool&gt;$&apos; then &apos;$&lt;read_str_from_txt&gt; =&gt; &lt;base64_ascii_str_pickle_to_object&gt;$]&apos;]
(B)                                                                                                                |--b64pickle-float--5.5.txt -&gt; int ------- using $&lt;read_str_from_txt&gt; =&gt; &lt;str_to_int&gt;$
Parsing Plan created successfully

Executing Parsing Plan for [/home/travis/build/smarie/python-parsyfiles/parsyfiles/tests/parsing_capabilities_by_type/primitives_data/int/err/b64pickle-float--5.5]
(P) /home/travis/build/smarie/python-parsyfiles/parsyfiles/tests/parsing_capabilities_by_type/primitives_data/int/err/b64pickle-float--5.5.txt -&gt; int ------- using $&lt;read_str_from_txt&gt; =&gt; &lt;str_to_int&gt;$
  !! Caught error during execution !!
  File &quot;/home/travis/build/smarie/python-parsyfiles/parsyfiles/plugins_base/support_for_primitive_types.py&quot;, line 37, in primitive_to_int
    source = literal_eval(source)
  File &quot;/opt/python/3.5.5/lib/python3.5/ast.py&quot;, line 84, in literal_eval
    return _convert(node_or_string)
  File &quot;/opt/python/3.5.5/lib/python3.5/ast.py&quot;, line 83, in _convert
    raise ValueError(&apos;malformed node or string: &apos; + repr(node))
  ValueError : malformed node or string: &lt;_ast.Name object at 0x7f33d3ee8160&gt;
(B)                                                                                                                |--b64pickle-float--5.5.txt -&gt; int ------- using $&lt;read_str_from_txt&gt; =&gt; &lt;base64_ascii_str_pickle_to_object&gt; -&gt; &lt;bool_to_int&gt;$
Executing Parsing Plan for [/home/travis/build/smarie/python-parsyfiles/parsyfiles/tests/parsing_capabilities_by_type/primitives_data/int/err/b64pickle-float--5.5]
(P) /home/travis/build/smarie/python-parsyfiles/parsyfiles/tests/parsing_capabilities_by_type/primitives_data/int/err/b64pickle-float--5.5.txt -&gt; int ------- using $&lt;read_str_from_txt&gt; =&gt; &lt;base64_ascii_str_pickle_to_object&gt; -&gt; &lt;bool_to_int&gt;$
  !! Caught error during execution !!
  File &quot;/home/travis/build/smarie/python-parsyfiles/parsyfiles/converting_core.py&quot;, line 319, in convert
    return self._convert(desired_type, source_obj, logger, options)
  File &quot;/home/travis/build/smarie/python-parsyfiles/parsyfiles/converting_core.py&quot;, line 770, in _convert
    return self._converters_list[-1].convert(desired_type, obj, logger, options)
  File &quot;/home/travis/build/smarie/python-parsyfiles/parsyfiles/converting_core.py&quot;, line 321, in convert
    raise ConversionException.create_not_able_to_convert(source_obj, self, desired_type)
  ConversionException : Converter &lt;bool_to_int&gt; is not able to ingest source value &apos;-5.5&apos; of type &apos;float&apos; and/or convert it to type &apos;int&apos;. This can happen in a chain when the previous step in the chain is generic and actually produced  an output of the wrong type/content
(B)                                                                                                                |--b64pickle-float--5.5.txt -&gt; int ------- using $&lt;read_str_from_txt&gt; =&gt; &lt;base64_ascii_str_pickle_to_object&gt; -&gt; &lt;float_to_int&gt;$
Executing Parsing Plan for [/home/travis/build/smarie/python-parsyfiles/parsyfiles/tests/parsing_capabilities_by_type/primitives_data/int/err/b64pickle-float--5.5]
(P) /home/travis/build/smarie/python-parsyfiles/parsyfiles/tests/parsing_capabilities_by_type/primitives_data/int/err/b64pickle-float--5.5.txt -&gt; int ------- using $&lt;read_str_from_txt&gt; =&gt; &lt;base64_ascii_str_pickle_to_object&gt; -&gt; &lt;float_to_int&gt;$
  !! Caught error during execution !!
  File &quot;/home/travis/build/smarie/python-parsyfiles/parsyfiles/converting_core.py&quot;, line 319, in convert
    return self._convert(desired_type, source_obj, logger, options)
  File &quot;/home/travis/build/smarie/python-parsyfiles/parsyfiles/converting_core.py&quot;, line 524, in _convert
    return self.conversion_method(desired_type, source_obj, logger, **opts)
  File &quot;/home/travis/build/smarie/python-parsyfiles/parsyfiles/plugins_base/support_for_primitive_types.py&quot;, line 50, in primitive_to_int
    raise ValueError(&apos;Cannot convert to int : source is a non-integer float: &apos; + str(source))
  ValueError : Cannot convert to int : source is a non-integer float: -5.5
(B)                                                                                                                |--b64pickle-float--5.5.txt -&gt; int ------- using $&lt;read_str_from_txt&gt; =&gt; &lt;base64_ascii_str_pickle_to_object&gt; -&gt; &lt;str_to_int&gt;$
Executing Parsing Plan for [/home/travis/build/smarie/python-parsyfiles/parsyfiles/tests/parsing_capabilities_by_type/primitives_data/int/err/b64pickle-float--5.5]
(P) /home/travis/build/smarie/python-parsyfiles/parsyfiles/tests/parsing_capabilities_by_type/primitives_data/int/err/b64pickle-float--5.5.txt -&gt; int ------- using $&lt;read_str_from_txt&gt; =&gt; &lt;base64_ascii_str_pickle_to_object&gt; -&gt; &lt;str_to_int&gt;$
  !! Caught error during execution !!
  File &quot;/home/travis/build/smarie/python-parsyfiles/parsyfiles/converting_core.py&quot;, line 319, in convert
    return self._convert(desired_type, source_obj, logger, options)
  File &quot;/home/travis/build/smarie/python-parsyfiles/parsyfiles/converting_core.py&quot;, line 770, in _convert
    return self._converters_list[-1].convert(desired_type, obj, logger, options)
  File &quot;/home/travis/build/smarie/python-parsyfiles/parsyfiles/converting_core.py&quot;, line 321, in convert
    raise ConversionException.create_not_able_to_convert(source_obj, self, desired_type)
  ConversionException : Converter &lt;str_to_int&gt; is not able to ingest source value &apos;-5.5&apos; of type &apos;float&apos; and/or convert it to type &apos;int&apos;. This can happen in a chain when the previous step in the chain is generic and actually produced  an output of the wrong type/content
(B)                                                                                                                |--b64pickle-float--5.5.txt -&gt; int ------- using $&lt;read_str_from_txt&gt; =&gt; &lt;str_to_bool&gt;$
Executing Parsing Plan for [/home/travis/build/smarie/python-parsyfiles/parsyfiles/tests/parsing_capabilities_by_type/primitives_data/int/err/b64pickle-float--5.5]
(P) /home/travis/build/smarie/python-parsyfiles/parsyfiles/tests/parsing_capabilities_by_type/primitives_data/int/err/b64pickle-float--5.5.txt -&gt; int ------- using $&lt;read_str_from_txt&gt; =&gt; &lt;str_to_bool&gt;$
  !! Caught error during execution !!
  File &quot;/home/travis/build/smarie/python-parsyfiles/parsyfiles/converting_core.py&quot;, line 524, in _convert
    return self.conversion_method(desired_type, source_obj, logger, **opts)
  File &quot;/home/travis/build/smarie/python-parsyfiles/parsyfiles/plugins_base/support_for_primitive_types.py&quot;, line 84, in primitive_to_bool
    return bool(strtobool(source))
  File &quot;/opt/python/3.5.5/lib/python3.5/distutils/util.py&quot;, line 317, in strtobool
    raise ValueError(&quot;invalid truth value %r&quot; % (val,))
  ValueError : invalid truth value &apos;ganhwbyaaaaaaaau&apos;
(B)                                                                                                                |--b64pickle-float--5.5.txt -&gt; int ------- using $&lt;read_str_from_txt&gt; =&gt; &lt;base64_ascii_str_pickle_to_object&gt; -&gt; &lt;float_to_bool&gt;$
Executing Parsing Plan for [/home/travis/build/smarie/python-parsyfiles/parsyfiles/tests/parsing_capabilities_by_type/primitives_data/int/err/b64pickle-float--5.5]
(P) /home/travis/build/smarie/python-parsyfiles/parsyfiles/tests/parsing_capabilities_by_type/primitives_data/int/err/b64pickle-float--5.5.txt -&gt; int ------- using $&lt;read_str_from_txt&gt; =&gt; &lt;base64_ascii_str_pickle_to_object&gt; -&gt; &lt;float_to_bool&gt;$
  !! Caught error during execution !!
  File &quot;/home/travis/build/smarie/python-parsyfiles/parsyfiles/converting_core.py&quot;, line 319, in convert
    return self._convert(desired_type, source_obj, logger, options)
  File &quot;/home/travis/build/smarie/python-parsyfiles/parsyfiles/converting_core.py&quot;, line 524, in _convert
    return self.conversion_method(desired_type, source_obj, logger, **opts)
  File &quot;/home/travis/build/smarie/python-parsyfiles/parsyfiles/plugins_base/support_for_primitive_types.py&quot;, line 91, in primitive_to_bool
    raise ValueError(&apos;Cannot convert to bool : source is a number but is not 1 nor 0 : \&apos;&apos; + str(source) + &apos;\&apos;&apos;)
  ValueError : Cannot convert to bool : source is a number but is not 1 nor 0 : &apos;-5.5&apos;
(B)                                                                                                                |--b64pickle-float--5.5.txt -&gt; int ------- using $&lt;read_str_from_txt&gt; =&gt; &lt;base64_ascii_str_pickle_to_object&gt; -&gt; &lt;int_to_bool&gt;$
Executing Parsing Plan for [/home/travis/build/smarie/python-parsyfiles/parsyfiles/tests/parsing_capabilities_by_type/primitives_data/int/err/b64pickle-float--5.5]
(P) /home/travis/build/smarie/python-parsyfiles/parsyfiles/tests/parsing_capabilities_by_type/primitives_data/int/err/b64pickle-float--5.5.txt -&gt; int ------- using $&lt;read_str_from_txt&gt; =&gt; &lt;base64_ascii_str_pickle_to_object&gt; -&gt; &lt;int_to_bool&gt;$
  !! Caught error during execution !!
  File &quot;/home/travis/build/smarie/python-parsyfiles/parsyfiles/converting_core.py&quot;, line 319, in convert
    return self._convert(desired_type, source_obj, logger, options)
  File &quot;/home/travis/build/smarie/python-parsyfiles/parsyfiles/converting_core.py&quot;, line 770, in _convert
    return self._converters_list[-1].convert(desired_type, obj, logger, options)
  File &quot;/home/travis/build/smarie/python-parsyfiles/parsyfiles/converting_core.py&quot;, line 321, in convert
    raise ConversionException.create_not_able_to_convert(source_obj, self, desired_type)
  ConversionException : Converter &lt;int_to_bool&gt; is not able to ingest source value &apos;-5.5&apos; of type &apos;float&apos; and/or convert it to type &apos;int&apos;. This can happen in a chain when the previous step in the chain is generic and actually produced  an output of the wrong type/content
(B)                                                                                                                |--b64pickle-float--5.5.txt -&gt; int ------- using $&lt;read_str_from_txt&gt; =&gt; &lt;base64_ascii_str_pickle_to_object&gt; -&gt; &lt;str_to_bool&gt;$
Executing Parsing Plan for [/home/travis/build/smarie/python-parsyfiles/parsyfiles/tests/parsing_capabilities_by_type/primitives_data/int/err/b64pickle-float--5.5]
(P) /home/travis/build/smarie/python-parsyfiles/parsyfiles/tests/parsing_capabilities_by_type/primitives_data/int/err/b64pickle-float--5.5.txt -&gt; int ------- using $&lt;read_str_from_txt&gt; =&gt; &lt;base64_ascii_str_pickle_to_object&gt; -&gt; &lt;str_to_bool&gt;$
  !! Caught error during execution !!
  File &quot;/home/travis/build/smarie/python-parsyfiles/parsyfiles/converting_core.py&quot;, line 319, in convert
    return self._convert(desired_type, source_obj, logger, options)
  File &quot;/home/travis/build/smarie/python-parsyfiles/parsyfiles/converting_core.py&quot;, line 770, in _convert
    return self._converters_list[-1].convert(desired_type, obj, logger, options)
  File &quot;/home/travis/build/smarie/python-parsyfiles/parsyfiles/converting_core.py&quot;, line 321, in convert
    raise ConversionException.create_not_able_to_convert(source_obj, self, desired_type)
  ConversionException : Converter &lt;str_to_bool&gt; is not able to ingest source value &apos;-5.5&apos; of type &apos;float&apos; and/or convert it to type &apos;int&apos;. This can happen in a chain when the previous step in the chain is generic and actually produced  an output of the wrong type/content
(B)                                                                                                                |--b64pickle-float--5.5.txt -&gt; int ------- using $&lt;read_str_from_txt&gt; =&gt; &lt;base64_ascii_str_pickle_to_object&gt;$
Executing Parsing Plan for [/home/travis/build/smarie/python-parsyfiles/parsyfiles/tests/parsing_capabilities_by_type/primitives_data/int/err/b64pickle-float--5.5]
(P) /home/travis/build/smarie/python-parsyfiles/parsyfiles/tests/parsing_capabilities_by_type/primitives_data/int/err/b64pickle-float--5.5.txt -&gt; int ------- using $&lt;read_str_from_txt&gt; =&gt; &lt;base64_ascii_str_pickle_to_object&gt;$
                                                                                                                    ! CAUGHT: WrongTypeCreatedError - Error while parsing /home/travis/build/smarie/python-parsyfiles/parsyfiles/tests/parsing_capabilities_by_type/primitives_data/int/err/b64pickle-float--5.5 (singlefile, .txt) as a int with parser $&lt;read_str_from_txt&gt; =&gt; &lt;base64_ascii_str_pickle_to_object&gt;$ using options=({&apos;MultifileCollectionParser&apos;: {&apos;lazy_parsing&apos;: False}}) - parser returned an object of wrong type &lt;class &apos;float&apos;&gt;: -5.5
                                                                                                                    ! CAUGHT: CascadeError - See previous log messages for details
(B)                                                                                                                |--b64pickle-float--5.5.txt -&gt; bool ------- using [Try &apos;$&lt;read_str_from_txt&gt; =&gt; &lt;str_to_bool&gt;$&apos; then &apos;$&lt;read_str_from_txt&gt; =&gt; &lt;base64_ascii_str_pickle_to_object&gt; -&gt; &lt;float_to_bool&gt;$&apos; then &apos;$&lt;read_str_from_txt&gt; =&gt; &lt;base64_ascii_str_pickle_to_object&gt; -&gt; &lt;int_to_bool&gt;$&apos; then &apos;$&lt;read_str_from_txt&gt; =&gt; &lt;base64_ascii_str_pickle_to_object&gt; -&gt; &lt;str_to_bool&gt;$&apos; then &apos;$&lt;read_str_from_txt&gt; =&gt; &lt;base64_ascii_str_pickle_to_object&gt;$]&apos;]
(B)                                                                                                                |--b64pickle-float--5.5.txt -&gt; bool ------- using $&lt;read_str_from_txt&gt; =&gt; &lt;str_to_bool&gt;$
Executing Parsing Plan for [/home/travis/build/smarie/python-parsyfiles/parsyfiles/tests/parsing_capabilities_by_type/primitives_data/int/err/b64pickle-float--5.5]
(P) /home/travis/build/smarie/python-parsyfiles/parsyfiles/tests/parsing_capabilities_by_type/primitives_data/int/err/b64pickle-float--5.5.txt -&gt; bool ------- using $&lt;read_str_from_txt&gt; =&gt; &lt;str_to_bool&gt;$
  !! Caught error during execution !!
  File &quot;/home/travis/build/smarie/python-parsyfiles/parsyfiles/converting_core.py&quot;, line 524, in _convert
    return self.conversion_method(desired_type, source_obj, logger, **opts)
  File &quot;/home/travis/build/smarie/python-parsyfiles/parsyfiles/plugins_base/support_for_primitive_types.py&quot;, line 84, in primitive_to_bool
    return bool(strtobool(source))
  File &quot;/opt/python/3.5.5/lib/python3.5/distutils/util.py&quot;, line 317, in strtobool
    raise ValueError(&quot;invalid truth value %r&quot; % (val,))
  ValueError : invalid truth value &apos;ganhwbyaaaaaaaau&apos;
(B)                                                                                                                |--b64pickle-float--5.5.txt -&gt; bool ------- using $&lt;read_str_from_txt&gt; =&gt; &lt;base64_ascii_str_pickle_to_object&gt; -&gt; &lt;float_to_bool&gt;$
Executing Parsing Plan for [/home/travis/build/smarie/python-parsyfiles/parsyfiles/tests/parsing_capabilities_by_type/primitives_data/int/err/b64pickle-float--5.5]
(P) /home/travis/build/smarie/python-parsyfiles/parsyfiles/tests/parsing_capabilities_by_type/primitives_data/int/err/b64pickle-float--5.5.txt -&gt; bool ------- using $&lt;read_str_from_txt&gt; =&gt; &lt;base64_ascii_str_pickle_to_object&gt; -&gt; &lt;float_to_bool&gt;$
  !! Caught error during execution !!
  File &quot;/home/travis/build/smarie/python-parsyfiles/parsyfiles/converting_core.py&quot;, line 319, in convert
    return self._convert(desired_type, source_obj, logger, options)
  File &quot;/home/travis/build/smarie/python-parsyfiles/parsyfiles/converting_core.py&quot;, line 524, in _convert
    return self.conversion_method(desired_type, source_obj, logger, **opts)
  File &quot;/home/travis/build/smarie/python-parsyfiles/parsyfiles/plugins_base/support_for_primitive_types.py&quot;, line 91, in primitive_to_bool
    raise ValueError(&apos;Cannot convert to bool : source is a number but is not 1 nor 0 : \&apos;&apos; + str(source) + &apos;\&apos;&apos;)
  ValueError : Cannot convert to bool : source is a number but is not 1 nor 0 : &apos;-5.5&apos;
(B)                                                                                                                |--b64pickle-float--5.5.txt -&gt; bool ------- using $&lt;read_str_from_txt&gt; =&gt; &lt;base64_ascii_str_pickle_to_object&gt; -&gt; &lt;int_to_bool&gt;$
Executing Parsing Plan for [/home/travis/build/smarie/python-parsyfiles/parsyfiles/tests/parsing_capabilities_by_type/primitives_data/int/err/b64pickle-float--5.5]
(P) /home/travis/build/smarie/python-parsyfiles/parsyfiles/tests/parsing_capabilities_by_type/primitives_data/int/err/b64pickle-float--5.5.txt -&gt; bool ------- using $&lt;read_str_from_txt&gt; =&gt; &lt;base64_ascii_str_pickle_to_object&gt; -&gt; &lt;int_to_bool&gt;$
  !! Caught error during execution !!
  File &quot;/home/travis/build/smarie/python-parsyfiles/parsyfiles/converting_core.py&quot;, line 319, in convert
    return self._convert(desired_type, source_obj, logger, options)
  File &quot;/home/travis/build/smarie/python-parsyfiles/parsyfiles/converting_core.py&quot;, line 770, in _convert
    return self._converters_list[-1].convert(desired_type, obj, logger, options)
  File &quot;/home/travis/build/smarie/python-parsyfiles/parsyfiles/converting_core.py&quot;, line 321, in convert
    raise ConversionException.create_not_able_to_convert(source_obj, self, desired_type)
  ConversionException : Converter &lt;int_to_bool&gt; is not able to ingest source value &apos;-5.5&apos; of type &apos;float&apos; and/or convert it to type &apos;bool&apos;. This can happen in a chain when the previous step in the chain is generic and actually produced  an output of the wrong type/content
(B)                                                                                                                |--b64pickle-float--5.5.txt -&gt; bool ------- using $&lt;read_str_from_txt&gt; =&gt; &lt;base64_ascii_str_pickle_to_object&gt; -&gt; &lt;str_to_bool&gt;$
Executing Parsing Plan for [/home/travis/build/smarie/python-parsyfiles/parsyfiles/tests/parsing_capabilities_by_type/primitives_data/int/err/b64pickle-float--5.5]
(P) /home/travis/build/smarie/python-parsyfiles/parsyfiles/tests/parsing_capabilities_by_type/primitives_data/int/err/b64pickle-float--5.5.txt -&gt; bool ------- using $&lt;read_str_from_txt&gt; =&gt; &lt;base64_ascii_str_pickle_to_object&gt; -&gt; &lt;str_to_bool&gt;$
  !! Caught error during execution !!
  File &quot;/home/travis/build/smarie/python-parsyfiles/parsyfiles/converting_core.py&quot;, line 319, in convert
    return self._convert(desired_type, source_obj, logger, options)
  File &quot;/home/travis/build/smarie/python-parsyfiles/parsyfiles/converting_core.py&quot;, line 770, in _convert
    return self._converters_list[-1].convert(desired_type, obj, logger, options)
  File &quot;/home/travis/build/smarie/python-parsyfiles/parsyfiles/converting_core.py&quot;, line 321, in convert
    raise ConversionException.create_not_able_to_convert(source_obj, self, desired_type)
  ConversionException : Converter &lt;str_to_bool&gt; is not able to ingest source value &apos;-5.5&apos; of type &apos;float&apos; and/or convert it to type &apos;bool&apos;. This can happen in a chain when the previous step in the chain is generic and actually produced  an output of the wrong type/content
(B)                                                                                                                |--b64pickle-float--5.5.txt -&gt; bool ------- using $&lt;read_str_from_txt&gt; =&gt; &lt;base64_ascii_str_pickle_to_object&gt;$
Executing Parsing Plan for [/home/travis/build/smarie/python-parsyfiles/parsyfiles/tests/parsing_capabilities_by_type/primitives_data/int/err/b64pickle-float--5.5]
(P) /home/travis/build/smarie/python-parsyfiles/parsyfiles/tests/parsing_capabilities_by_type/primitives_data/int/err/b64pickle-float--5.5.txt -&gt; bool ------- using $&lt;read_str_from_txt&gt; =&gt; &lt;base64_ascii_str_pickle_to_object&gt;$
                                                                                                                    ! CAUGHT: WrongTypeCreatedError - Error while parsing /home/travis/build/smarie/python-parsyfiles/parsyfiles/tests/parsing_capabilities_by_type/primitives_data/int/err/b64pickle-float--5.5 (singlefile, .txt) as a bool with parser $&lt;read_str_from_txt&gt; =&gt; &lt;base64_ascii_str_pickle_to_object&gt;$ using options=({&apos;MultifileCollectionParser&apos;: {&apos;lazy_parsing&apos;: False}}) - parser returned an object of wrong type &lt;class &apos;float&apos;&gt;: -5.5
                                                                                                                    ! CAUGHT: CascadeError - See previous log messages for details
(B)                                                                                                                |--b64pickle-float--5.5.txt -&gt; _NamedIntConstant ------- using [Try &apos;$&lt;read_str_from_txt&gt; =&gt; &lt;constructor_with_str_arg&gt;$&apos; then &apos;$&lt;read_str_from_txt&gt; =&gt; &lt;base64_ascii_str_pickle_to_object&gt;$]&apos;]
(B)                                                                                                                |--b64pickle-float--5.5.txt -&gt; _NamedIntConstant ------- using $&lt;read_str_from_txt&gt; =&gt; &lt;constructor_with_str_arg&gt;$
Executing Parsing Plan for [/home/travis/build/smarie/python-parsyfiles/parsyfiles/tests/parsing_capabilities_by_type/primitives_data/int/err/b64pickle-float--5.5]
(P) /home/travis/build/smarie/python-parsyfiles/parsyfiles/tests/parsing_capabilities_by_type/primitives_data/int/err/b64pickle-float--5.5.txt -&gt; _NamedIntConstant ------- using $&lt;read_str_from_txt&gt; =&gt; &lt;constructor_with_str_arg&gt;$
  !! Caught error during execution !!
  File &quot;/home/travis/build/smarie/python-parsyfiles/parsyfiles/converting_core.py&quot;, line 532, in _convert
    raise CaughtTypeError.create(self.conversion_method, e)
  File &quot;/home/travis/build/smarie/python-parsyfiles/parsyfiles/converting_core.py&quot;, line 524, in _convert
    return self.conversion_method(desired_type, source_obj, logger, **opts)
  File &quot;/home/travis/build/smarie/python-parsyfiles/parsyfiles/plugins_base/support_for_primitive_types.py&quot;, line 111, in constructor_with_str_arg
    return desired_type(source)
  CaughtTypeError : Caught TypeError while calling conversion function &apos;constructor_with_str_arg&apos;. Note that the conversion function signature should be &apos;def my_convert_fun(desired_type: Type[T], source: S, logger: Logger, **kwargs) -&gt; T&apos; (unpacked options mode - default) or def my_convert_fun(desired_type: Type[T], source: S, logger: Logger, options: Dict[str, Dict[str, Any]]) -&gt; T (unpack_options = False).Caught error message is : TypeError : __new__() missing 1 required positional argument: &apos;name&apos;
(B)                                                                                                                |--b64pickle-float--5.5.txt -&gt; _NamedIntConstant ------- using $&lt;read_str_from_txt&gt; =&gt; &lt;base64_ascii_str_pickle_to_object&gt;$
Executing Parsing Plan for [/home/travis/build/smarie/python-parsyfiles/parsyfiles/tests/parsing_capabilities_by_type/primitives_data/int/err/b64pickle-float--5.5]
(P) /home/travis/build/smarie/python-parsyfiles/parsyfiles/tests/parsing_capabilities_by_type/primitives_data/int/err/b64pickle-float--5.5.txt -&gt; _NamedIntConstant ------- using $&lt;read_str_from_txt&gt; =&gt; &lt;base64_ascii_str_pickle_to_object&gt;$
                                                                                                                    ! CAUGHT: WrongTypeCreatedError - Error while parsing /home/travis/build/smarie/python-parsyfiles/parsyfiles/tests/parsing_capabilities_by_type/primitives_data/int/err/b64pickle-float--5.5 (singlefile, .txt) as a _NamedIntConstant with parser $&lt;read_str_from_txt&gt; =&gt; &lt;base64_ascii_str_pickle_to_object&gt;$ using options=({&apos;MultifileCollectionParser&apos;: {&apos;lazy_parsing&apos;: False}}) - parser returned an object of wrong type &lt;class &apos;float&apos;&gt;: -5.5
                                                                                                                    ! CAUGHT: CascadeError - See previous log messages for details
(B)                                                                                                                |--b64pickle-float--5.5.txt -&gt; IntEnum ------- using [Try &apos;$&lt;read_str_from_txt&gt; =&gt; &lt;constructor_with_str_arg&gt;$&apos; then &apos;$&lt;read_str_from_txt&gt; =&gt; &lt;base64_ascii_str_pickle_to_object&gt;$]&apos;]
(B)                                                                                                                |--b64pickle-float--5.5.txt -&gt; IntEnum ------- using $&lt;read_str_from_txt&gt; =&gt; &lt;constructor_with_str_arg&gt;$
Executing Parsing Plan for [/home/travis/build/smarie/python-parsyfiles/parsyfiles/tests/parsing_capabilities_by_type/primitives_data/int/err/b64pickle-float--5.5]
(P) /home/travis/build/smarie/python-parsyfiles/parsyfiles/tests/parsing_capabilities_by_type/primitives_data/int/err/b64pickle-float--5.5.txt -&gt; IntEnum ------- using $&lt;read_str_from_txt&gt; =&gt; &lt;constructor_with_str_arg&gt;$
  !! Caught error during execution !!
  File &quot;/home/travis/build/smarie/python-parsyfiles/parsyfiles/plugins_base/support_for_primitive_types.py&quot;, line 111, in constructor_with_str_arg
    return desired_type(source)
  File &quot;/opt/python/3.5.5/lib/python3.5/enum.py&quot;, line 241, in __call__
    return cls.__new__(cls, value)
  File &quot;/opt/python/3.5.5/lib/python3.5/enum.py&quot;, line 476, in __new__
    raise ValueError(&quot;%r is not a valid %s&quot; % (value, cls.__name__))
  ValueError : &apos;gANHwBYAAAAAAAAu&apos; is not a valid IntEnum
(B)                                                                                                                |--b64pickle-float--5.5.txt -&gt; IntEnum ------- using $&lt;read_str_from_txt&gt; =&gt; &lt;base64_ascii_str_pickle_to_object&gt;$
Executing Parsing Plan for [/home/travis/build/smarie/python-parsyfiles/parsyfiles/tests/parsing_capabilities_by_type/primitives_data/int/err/b64pickle-float--5.5]
(P) /home/travis/build/smarie/python-parsyfiles/parsyfiles/tests/parsing_capabilities_by_type/primitives_data/int/err/b64pickle-float--5.5.txt -&gt; IntEnum ------- using $&lt;read_str_from_txt&gt; =&gt; &lt;base64_ascii_str_pickle_to_object&gt;$
                                                                                                                    ! CAUGHT: WrongTypeCreatedError - Error while parsing /home/travis/build/smarie/python-parsyfiles/parsyfiles/tests/parsing_capabilities_by_type/primitives_data/int/err/b64pickle-float--5.5 (singlefile, .txt) as a IntEnum with parser $&lt;read_str_from_txt&gt; =&gt; &lt;base64_ascii_str_pickle_to_object&gt;$ using options=({&apos;MultifileCollectionParser&apos;: {&apos;lazy_parsing&apos;: False}}) - parser returned an object of wrong type &lt;class &apos;float&apos;&gt;: -5.5
                                                                                                                    ! CAUGHT: CascadeError - See previous log messages for details
(B)                                                                                                                |--b64pickle-float--5.5.txt -&gt; Signals ------- using [Try &apos;$&lt;read_str_from_txt&gt; =&gt; &lt;constructor_with_str_arg&gt;$&apos; then &apos;$&lt;read_str_from_txt&gt; =&gt; &lt;base64_ascii_str_pickle_to_object&gt;$]&apos;]
(B)                                                                                                                |--b64pickle-float--5.5.txt -&gt; Signals ------- using $&lt;read_str_from_txt&gt; =&gt; &lt;constructor_with_str_arg&gt;$
Executing Parsing Plan for [/home/travis/build/smarie/python-parsyfiles/parsyfiles/tests/parsing_capabilities_by_type/primitives_data/int/err/b64pickle-float--5.5]
(P) /home/travis/build/smarie/python-parsyfiles/parsyfiles/tests/parsing_capabilities_by_type/primitives_data/int/err/b64pickle-float--5.5.txt -&gt; Signals ------- using $&lt;read_str_from_txt&gt; =&gt; &lt;constructor_with_str_arg&gt;$
  !! Caught error during execution !!
  File &quot;/home/travis/build/smarie/python-parsyfiles/parsyfiles/plugins_base/support_for_primitive_types.py&quot;, line 111, in constructor_with_str_arg
    return desired_type(source)
  File &quot;/opt/python/3.5.5/lib/python3.5/enum.py&quot;, line 241, in __call__
    return cls.__new__(cls, value)
  File &quot;/opt/python/3.5.5/lib/python3.5/enum.py&quot;, line 476, in __new__
    raise ValueError(&quot;%r is not a valid %s&quot; % (value, cls.__name__))
  ValueError : &apos;gANHwBYAAAAAAAAu&apos; is not a valid Signals
(B)                                                                                                                |--b64pickle-float--5.5.txt -&gt; Signals ------- using $&lt;read_str_from_txt&gt; =&gt; &lt;base64_ascii_str_pickle_to_object&gt;$
Executing Parsing Plan for [/home/travis/build/smarie/python-parsyfiles/parsyfiles/tests/parsing_capabilities_by_type/primitives_data/int/err/b64pickle-float--5.5]
(P) /home/travis/build/smarie/python-parsyfiles/parsyfiles/tests/parsing_capabilities_by_type/primitives_data/int/err/b64pickle-float--5.5.txt -&gt; Signals ------- using $&lt;read_str_from_txt&gt; =&gt; &lt;base64_ascii_str_pickle_to_object&gt;$
                                                                                                                    ! CAUGHT: WrongTypeCreatedError - Error while parsing /home/travis/build/smarie/python-parsyfiles/parsyfiles/tests/parsing_capabilities_by_type/primitives_data/int/err/b64pickle-float--5.5 (singlefile, .txt) as a Signals with parser $&lt;read_str_from_txt&gt; =&gt; &lt;base64_ascii_str_pickle_to_object&gt;$ using options=({&apos;MultifileCollectionParser&apos;: {&apos;lazy_parsing&apos;: False}}) - parser returned an object of wrong type &lt;class &apos;float&apos;&gt;: -5.5
                                                                                                                    ! CAUGHT: CascadeError - See previous log messages for details
(B)                                                                                                                |--b64pickle-float--5.5.txt -&gt; SocketKind ------- using [Try &apos;$&lt;read_str_from_txt&gt; =&gt; &lt;constructor_with_str_arg&gt;$&apos; then &apos;$&lt;read_str_from_txt&gt; =&gt; &lt;base64_ascii_str_pickle_to_object&gt;$]&apos;]
(B)                                                                                                                |--b64pickle-float--5.5.txt -&gt; SocketKind ------- using $&lt;read_str_from_txt&gt; =&gt; &lt;constructor_with_str_arg&gt;$
Executing Parsing Plan for [/home/travis/build/smarie/python-parsyfiles/parsyfiles/tests/parsing_capabilities_by_type/primitives_data/int/err/b64pickle-float--5.5]
(P) /home/travis/build/smarie/python-parsyfiles/parsyfiles/tests/parsing_capabilities_by_type/primitives_data/int/err/b64pickle-float--5.5.txt -&gt; SocketKind ------- using $&lt;read_str_from_txt&gt; =&gt; &lt;constructor_with_str_arg&gt;$
  !! Caught error during execution !!
  File &quot;/home/travis/build/smarie/python-parsyfiles/parsyfiles/plugins_base/support_for_primitive_types.py&quot;, line 111, in constructor_with_str_arg
    return desired_type(source)
  File &quot;/opt/python/3.5.5/lib/python3.5/enum.py&quot;, line 241, in __call__
    return cls.__new__(cls, value)
  File &quot;/opt/python/3.5.5/lib/python3.5/enum.py&quot;, line 476, in __new__
    raise ValueError(&quot;%r is not a valid %s&quot; % (value, cls.__name__))
  ValueError : &apos;gANHwBYAAAAAAAAu&apos; is not a valid SocketKind
(B)                                                                                                                |--b64pickle-float--5.5.txt -&gt; SocketKind ------- using $&lt;read_str_from_txt&gt; =&gt; &lt;base64_ascii_str_pickle_to_object&gt;$
Executing Parsing Plan for [/home/travis/build/smarie/python-parsyfiles/parsyfiles/tests/parsing_capabilities_by_type/primitives_data/int/err/b64pickle-float--5.5]
(P) /home/travis/build/smarie/python-parsyfiles/parsyfiles/tests/parsing_capabilities_by_type/primitives_data/int/err/b64pickle-float--5.5.txt -&gt; SocketKind ------- using $&lt;read_str_from_txt&gt; =&gt; &lt;base64_ascii_str_pickle_to_object&gt;$
                                                                                                                    ! CAUGHT: WrongTypeCreatedError - Error while parsing /home/travis/build/smarie/python-parsyfiles/parsyfiles/tests/parsing_capabilities_by_type/primitives_data/int/err/b64pickle-float--5.5 (singlefile, .txt) as a SocketKind with parser $&lt;read_str_from_txt&gt; =&gt; &lt;base64_ascii_str_pickle_to_object&gt;$ using options=({&apos;MultifileCollectionParser&apos;: {&apos;lazy_parsing&apos;: False}}) - parser returned an object of wrong type &lt;class &apos;float&apos;&gt;: -5.5
                                                                                                                    ! CAUGHT: CascadeError - See previous log messages for details
(B)                                                                                                                |--b64pickle-float--5.5.txt -&gt; HTTPStatus ------- using [Try &apos;$&lt;read_str_from_txt&gt; =&gt; &lt;constructor_with_str_arg&gt;$&apos; then &apos;$&lt;read_str_from_txt&gt; =&gt; &lt;base64_ascii_str_pickle_to_object&gt;$]&apos;]
(B)                                                                                                                |--b64pickle-float--5.5.txt -&gt; HTTPStatus ------- using $&lt;read_str_from_txt&gt; =&gt; &lt;constructor_with_str_arg&gt;$
Executing Parsing Plan for [/home/travis/build/smarie/python-parsyfiles/parsyfiles/tests/parsing_capabilities_by_type/primitives_data/int/err/b64pickle-float--5.5]
(P) /home/travis/build/smarie/python-parsyfiles/parsyfiles/tests/parsing_capabilities_by_type/primitives_data/int/err/b64pickle-float--5.5.txt -&gt; HTTPStatus ------- using $&lt;read_str_from_txt&gt; =&gt; &lt;constructor_with_str_arg&gt;$
  !! Caught error during execution !!
  File &quot;/home/travis/build/smarie/python-parsyfiles/parsyfiles/plugins_base/support_for_primitive_types.py&quot;, line 111, in constructor_with_str_arg
    return desired_type(source)
  File &quot;/opt/python/3.5.5/lib/python3.5/enum.py&quot;, line 241, in __call__
    return cls.__new__(cls, value)
  File &quot;/opt/python/3.5.5/lib/python3.5/enum.py&quot;, line 476, in __new__
    raise ValueError(&quot;%r is not a valid %s&quot; % (value, cls.__name__))
  ValueError : &apos;gANHwBYAAAAAAAAu&apos; is not a valid HTTPStatus
(B)                                                                                                                |--b64pickle-float--5.5.txt -&gt; HTTPStatus ------- using $&lt;read_str_from_txt&gt; =&gt; &lt;base64_ascii_str_pickle_to_object&gt;$
Executing Parsing Plan for [/home/travis/build/smarie/python-parsyfiles/parsyfiles/tests/parsing_capabilities_by_type/primitives_data/int/err/b64pickle-float--5.5]
(P) /home/travis/build/smarie/python-parsyfiles/parsyfiles/tests/parsing_capabilities_by_type/primitives_data/int/err/b64pickle-float--5.5.txt -&gt; HTTPStatus ------- using $&lt;read_str_from_txt&gt; =&gt; &lt;base64_ascii_str_pickle_to_object&gt;$
                                                                                                                    ! CAUGHT: WrongTypeCreatedError - Error while parsing /home/travis/build/smarie/python-parsyfiles/parsyfiles/tests/parsing_capabilities_by_type/primitives_data/int/err/b64pickle-float--5.5 (singlefile, .txt) as a HTTPStatus with parser $&lt;read_str_from_txt&gt; =&gt; &lt;base64_ascii_str_pickle_to_object&gt;$ using options=({&apos;MultifileCollectionParser&apos;: {&apos;lazy_parsing&apos;: False}}) - parser returned an object of wrong type &lt;class &apos;float&apos;&gt;: -5.5
                                                                                                                    ! CAUGHT: CascadeError - See previous log messages for details
(B)                                                                                                                |--b64pickle-float--5.5.txt -&gt; _SSLMethod ------- using [Try &apos;$&lt;read_str_from_txt&gt; =&gt; &lt;constructor_with_str_arg&gt;$&apos; then &apos;$&lt;read_str_from_txt&gt; =&gt; &lt;base64_ascii_str_pickle_to_object&gt;$]&apos;]
(B)                                                                                                                |--b64pickle-float--5.5.txt -&gt; _SSLMethod ------- using $&lt;read_str_from_txt&gt; =&gt; &lt;constructor_with_str_arg&gt;$
Executing Parsing Plan for [/home/travis/build/smarie/python-parsyfiles/parsyfiles/tests/parsing_capabilities_by_type/primitives_data/int/err/b64pickle-float--5.5]
(P) /home/travis/build/smarie/python-parsyfiles/parsyfiles/tests/parsing_capabilities_by_type/primitives_data/int/err/b64pickle-float--5.5.txt -&gt; _SSLMethod ------- using $&lt;read_str_from_txt&gt; =&gt; &lt;constructor_with_str_arg&gt;$
  !! Caught error during execution !!
  File &quot;/home/travis/build/smarie/python-parsyfiles/parsyfiles/plugins_base/support_for_primitive_types.py&quot;, line 111, in constructor_with_str_arg
    return desired_type(source)
  File &quot;/opt/python/3.5.5/lib/python3.5/enum.py&quot;, line 241, in __call__
    return cls.__new__(cls, value)
  File &quot;/opt/python/3.5.5/lib/python3.5/enum.py&quot;, line 476, in __new__
    raise ValueError(&quot;%r is not a valid %s&quot; % (value, cls.__name__))
  ValueError : &apos;gANHwBYAAAAAAAAu&apos; is not a valid _SSLMethod
(B)                                                                                                                |--b64pickle-float--5.5.txt -&gt; _SSLMethod ------- using $&lt;read_str_from_txt&gt; =&gt; &lt;base64_ascii_str_pickle_to_object&gt;$
Executing Parsing Plan for [/home/travis/build/smarie/python-parsyfiles/parsyfiles/tests/parsing_capabilities_by_type/primitives_data/int/err/b64pickle-float--5.5]
(P) /home/travis/build/smarie/python-parsyfiles/parsyfiles/tests/parsing_capabilities_by_type/primitives_data/int/err/b64pickle-float--5.5.txt -&gt; _SSLMethod ------- using $&lt;read_str_from_txt&gt; =&gt; &lt;base64_ascii_str_pickle_to_object&gt;$
                                                                                                                    ! CAUGHT: WrongTypeCreatedError - Error while parsing /home/travis/build/smarie/python-parsyfiles/parsyfiles/tests/parsing_capabilities_by_type/primitives_data/int/err/b64pickle-float--5.5 (singlefile, .txt) as a _SSLMethod with parser $&lt;read_str_from_txt&gt; =&gt; &lt;base64_ascii_str_pickle_to_object&gt;$ using options=({&apos;MultifileCollectionParser&apos;: {&apos;lazy_parsing&apos;: False}}) - parser returned an object of wrong type &lt;class &apos;float&apos;&gt;: -5.5
                                                                                                                    ! CAUGHT: CascadeError - See previous log messages for details
(B)                                                                                                                |--b64pickle-float--5.5.txt -&gt; _ParameterKind ------- using [Try &apos;$&lt;read_str_from_txt&gt; =&gt; &lt;constructor_with_str_arg&gt;$&apos; then &apos;$&lt;read_str_from_txt&gt; =&gt; &lt;base64_ascii_str_pickle_to_object&gt;$]&apos;]
(B)                                                                                                                |--b64pickle-float--5.5.txt -&gt; _ParameterKind ------- using $&lt;read_str_from_txt&gt; =&gt; &lt;constructor_with_str_arg&gt;$
Executing Parsing Plan for [/home/travis/build/smarie/python-parsyfiles/parsyfiles/tests/parsing_capabilities_by_type/primitives_data/int/err/b64pickle-float--5.5]
(P) /home/travis/build/smarie/python-parsyfiles/parsyfiles/tests/parsing_capabilities_by_type/primitives_data/int/err/b64pickle-float--5.5.txt -&gt; _ParameterKind ------- using $&lt;read_str_from_txt&gt; =&gt; &lt;constructor_with_str_arg&gt;$
  !! Caught error during execution !!
  File &quot;/home/travis/build/smarie/python-parsyfiles/parsyfiles/plugins_base/support_for_primitive_types.py&quot;, line 111, in constructor_with_str_arg
    return desired_type(source)
  File &quot;/opt/python/3.5.5/lib/python3.5/enum.py&quot;, line 241, in __call__
    return cls.__new__(cls, value)
  File &quot;/opt/python/3.5.5/lib/python3.5/enum.py&quot;, line 476, in __new__
    raise ValueError(&quot;%r is not a valid %s&quot; % (value, cls.__name__))
  ValueError : &apos;gANHwBYAAAAAAAAu&apos; is not a valid _ParameterKind
(B)                                                                                                                |--b64pickle-float--5.5.txt -&gt; _ParameterKind ------- using $&lt;read_str_from_txt&gt; =&gt; &lt;base64_ascii_str_pickle_to_object&gt;$
Executing Parsing Plan for [/home/travis/build/smarie/python-parsyfiles/parsyfiles/tests/parsing_capabilities_by_type/primitives_data/int/err/b64pickle-float--5.5]
(P) /home/travis/build/smarie/python-parsyfiles/parsyfiles/tests/parsing_capabilities_by_type/primitives_data/int/err/b64pickle-float--5.5.txt -&gt; _ParameterKind ------- using $&lt;read_str_from_txt&gt; =&gt; &lt;base64_ascii_str_pickle_to_object&gt;$
                                                                                                                    ! CAUGHT: WrongTypeCreatedError - Error while parsing /home/travis/build/smarie/python-parsyfiles/parsyfiles/tests/parsing_capabilities_by_type/primitives_data/int/err/b64pickle-float--5.5 (singlefile, .txt) as a _ParameterKind with parser $&lt;read_str_from_txt&gt; =&gt; &lt;base64_ascii_str_pickle_to_object&gt;$ using options=({&apos;MultifileCollectionParser&apos;: {&apos;lazy_parsing&apos;: False}}) - parser returned an object of wrong type &lt;class &apos;float&apos;&gt;: -5.5
                                                                                                                    ! CAUGHT: CascadeError - See previous log messages for details
(B)                                                                                                                |--b64pickle-float--5.5.txt -&gt; Sigmasks ------- using [Try &apos;$&lt;read_str_from_txt&gt; =&gt; &lt;constructor_with_str_arg&gt;$&apos; then &apos;$&lt;read_str_from_txt&gt; =&gt; &lt;base64_ascii_str_pickle_to_object&gt;$]&apos;]
(B)                                                                                                                |--b64pickle-float--5.5.txt -&gt; Sigmasks ------- using $&lt;read_str_from_txt&gt; =&gt; &lt;constructor_with_str_arg&gt;$
Executing Parsing Plan for [/home/travis/build/smarie/python-parsyfiles/parsyfiles/tests/parsing_capabilities_by_type/primitives_data/int/err/b64pickle-float--5.5]
(P) /home/travis/build/smarie/python-parsyfiles/parsyfiles/tests/parsing_capabilities_by_type/primitives_data/int/err/b64pickle-float--5.5.txt -&gt; Sigmasks ------- using $&lt;read_str_from_txt&gt; =&gt; &lt;constructor_with_str_arg&gt;$
  !! Caught error during execution !!
  File &quot;/home/travis/build/smarie/python-parsyfiles/parsyfiles/plugins_base/support_for_primitive_types.py&quot;, line 111, in constructor_with_str_arg
    return desired_type(source)
  File &quot;/opt/python/3.5.5/lib/python3.5/enum.py&quot;, line 241, in __call__
    return cls.__new__(cls, value)
  File &quot;/opt/python/3.5.5/lib/python3.5/enum.py&quot;, line 476, in __new__
    raise ValueError(&quot;%r is not a valid %s&quot; % (value, cls.__name__))
  ValueError : &apos;gANHwBYAAAAAAAAu&apos; is not a valid Sigmasks
(B)                                                                                                                |--b64pickle-float--5.5.txt -&gt; Sigmasks ------- using $&lt;read_str_from_txt&gt; =&gt; &lt;base64_ascii_str_pickle_to_object&gt;$
Executing Parsing Plan for [/home/travis/build/smarie/python-parsyfiles/parsyfiles/tests/parsing_capabilities_by_type/primitives_data/int/err/b64pickle-float--5.5]
(P) /home/travis/build/smarie/python-parsyfiles/parsyfiles/tests/parsing_capabilities_by_type/primitives_data/int/err/b64pickle-float--5.5.txt -&gt; Sigmasks ------- using $&lt;read_str_from_txt&gt; =&gt; &lt;base64_ascii_str_pickle_to_object&gt;$
                                                                                                                    ! CAUGHT: WrongTypeCreatedError - Error while parsing /home/travis/build/smarie/python-parsyfiles/parsyfiles/tests/parsing_capabilities_by_type/primitives_data/int/err/b64pickle-float--5.5 (singlefile, .txt) as a Sigmasks with parser $&lt;read_str_from_txt&gt; =&gt; &lt;base64_ascii_str_pickle_to_object&gt;$ using options=({&apos;MultifileCollectionParser&apos;: {&apos;lazy_parsing&apos;: False}}) - parser returned an object of wrong type &lt;class &apos;float&apos;&gt;: -5.5
                                                                                                                    ! CAUGHT: CascadeError - See previous log messages for details
(B)                                                                                                                |--b64pickle-float--5.5.txt -&gt; Handlers ------- using [Try &apos;$&lt;read_str_from_txt&gt; =&gt; &lt;constructor_with_str_arg&gt;$&apos; then &apos;$&lt;read_str_from_txt&gt; =&gt; &lt;base64_ascii_str_pickle_to_object&gt;$]&apos;]
(B)                                                                                                                |--b64pickle-float--5.5.txt -&gt; Handlers ------- using $&lt;read_str_from_txt&gt; =&gt; &lt;constructor_with_str_arg&gt;$
Executing Parsing Plan for [/home/travis/build/smarie/python-parsyfiles/parsyfiles/tests/parsing_capabilities_by_type/primitives_data/int/err/b64pickle-float--5.5]
(P) /home/travis/build/smarie/python-parsyfiles/parsyfiles/tests/parsing_capabilities_by_type/primitives_data/int/err/b64pickle-float--5.5.txt -&gt; Handlers ------- using $&lt;read_str_from_txt&gt; =&gt; &lt;constructor_with_str_arg&gt;$
  !! Caught error during execution !!
  File &quot;/home/travis/build/smarie/python-parsyfiles/parsyfiles/plugins_base/support_for_primitive_types.py&quot;, line 111, in constructor_with_str_arg
    return desired_type(source)
  File &quot;/opt/python/3.5.5/lib/python3.5/enum.py&quot;, line 241, in __call__
    return cls.__new__(cls, value)
  File &quot;/opt/python/3.5.5/lib/python3.5/enum.py&quot;, line 476, in __new__
    raise ValueError(&quot;%r is not a valid %s&quot; % (value, cls.__name__))
  ValueError : &apos;gANHwBYAAAAAAAAu&apos; is not a valid Handlers
(B)                                                                                                                |--b64pickle-float--5.5.txt -&gt; Handlers ------- using $&lt;read_str_from_txt&gt; =&gt; &lt;base64_ascii_str_pickle_to_object&gt;$
Executing Parsing Plan for [/home/travis/build/smarie/python-parsyfiles/parsyfiles/tests/parsing_capabilities_by_type/primitives_data/int/err/b64pickle-float--5.5]
(P) /home/travis/build/smarie/python-parsyfiles/parsyfiles/tests/parsing_capabilities_by_type/primitives_data/int/err/b64pickle-float--5.5.txt -&gt; Handlers ------- using $&lt;read_str_from_txt&gt; =&gt; &lt;base64_ascii_str_pickle_to_object&gt;$
                                                                                                                    ! CAUGHT: WrongTypeCreatedError - Error while parsing /home/travis/build/smarie/python-parsyfiles/parsyfiles/tests/parsing_capabilities_by_type/primitives_data/int/err/b64pickle-float--5.5 (singlefile, .txt) as a Handlers with parser $&lt;read_str_from_txt&gt; =&gt; &lt;base64_ascii_str_pickle_to_object&gt;$ using options=({&apos;MultifileCollectionParser&apos;: {&apos;lazy_parsing&apos;: False}}) - parser returned an object of wrong type &lt;class &apos;float&apos;&gt;: -5.5
                                                                                                                    ! CAUGHT: CascadeError - See previous log messages for details
(B)                                                                                                                |--b64pickle-float--5.5.txt -&gt; AddressFamily ------- using [Try &apos;$&lt;read_str_from_txt&gt; =&gt; &lt;constructor_with_str_arg&gt;$&apos; then &apos;$&lt;read_str_from_txt&gt; =&gt; &lt;base64_ascii_str_pickle_to_object&gt;$]&apos;]
(B)                                                                                                                |--b64pickle-float--5.5.txt -&gt; AddressFamily ------- using $&lt;read_str_from_txt&gt; =&gt; &lt;constructor_with_str_arg&gt;$
Executing Parsing Plan for [/home/travis/build/smarie/python-parsyfiles/parsyfiles/tests/parsing_capabilities_by_type/primitives_data/int/err/b64pickle-float--5.5]
(P) /home/travis/build/smarie/python-parsyfiles/parsyfiles/tests/parsing_capabilities_by_type/primitives_data/int/err/b64pickle-float--5.5.txt -&gt; AddressFamily ------- using $&lt;read_str_from_txt&gt; =&gt; &lt;constructor_with_str_arg&gt;$
  !! Caught error during execution !!
  File &quot;/home/travis/build/smarie/python-parsyfiles/parsyfiles/plugins_base/support_for_primitive_types.py&quot;, line 111, in constructor_with_str_arg
    return desired_type(source)
  File &quot;/opt/python/3.5.5/lib/python3.5/enum.py&quot;, line 241, in __call__
    return cls.__new__(cls, value)
  File &quot;/opt/python/3.5.5/lib/python3.5/enum.py&quot;, line 476, in __new__
    raise ValueError(&quot;%r is not a valid %s&quot; % (value, cls.__name__))
  ValueError : &apos;gANHwBYAAAAAAAAu&apos; is not a valid AddressFamily
(B)                                                                                                                |--b64pickle-float--5.5.txt -&gt; AddressFamily ------- using $&lt;read_str_from_txt&gt; =&gt; &lt;base64_ascii_str_pickle_to_object&gt;$
Executing Parsing Plan for [/home/travis/build/smarie/python-parsyfiles/parsyfiles/tests/parsing_capabilities_by_type/primitives_data/int/err/b64pickle-float--5.5]
(P) /home/travis/build/smarie/python-parsyfiles/parsyfiles/tests/parsing_capabilities_by_type/primitives_data/int/err/b64pickle-float--5.5.txt -&gt; AddressFamily ------- using $&lt;read_str_from_txt&gt; =&gt; &lt;base64_ascii_str_pickle_to_object&gt;$
                                                                                                                    ! CAUGHT: WrongTypeCreatedError - Error while parsing /home/travis/build/smarie/python-parsyfiles/parsyfiles/tests/parsing_capabilities_by_type/primitives_data/int/err/b64pickle-float--5.5 (singlefile, .txt) as a AddressFamily with parser $&lt;read_str_from_txt&gt; =&gt; &lt;base64_ascii_str_pickle_to_object&gt;$ using options=({&apos;MultifileCollectionParser&apos;: {&apos;lazy_parsing&apos;: False}}) - parser returned an object of wrong type &lt;class &apos;float&apos;&gt;: -5.5
                                                                                                                    ! CAUGHT: CascadeError - See previous log messages for details
</system-out></testcase><testcase classname="parsyfiles.tests.parsing_capabilities_by_type.test_parse_primitives" file="parsyfiles/tests/parsing_capabilities_by_type/test_parse_primitives.py" line="179" name="test_parse_by_type[bool-ok-b64pickle-bool-False=False.txt]" time="0.0436246395111084"><system-out>**** Starting to parse single object of type &lt;bool&gt; at location /home/travis/build/smarie/python-parsyfiles/parsyfiles/tests/parsing_capabilities_by_type/primitives_data/bool/ok/b64pickle-bool-False=False ****
Checking all files under [/home/travis/build/smarie/python-parsyfiles/parsyfiles/tests/parsing_capabilities_by_type/primitives_data/bool/ok/b64pickle-bool-False=False]
(C) /home/travis/build/smarie/python-parsyfiles/parsyfiles/tests/parsing_capabilities_by_type/primitives_data/bool/ok/b64pickle-bool-False=False (singlefile, .txt)
File checks done

Building a parsing plan to parse [/home/travis/build/smarie/python-parsyfiles/parsyfiles/tests/parsing_capabilities_by_type/primitives_data/bool/ok/b64pickle-bool-False=False] into a bool
(B) /home/travis/build/smarie/python-parsyfiles/parsyfiles/tests/parsing_capabilities_by_type/primitives_data/bool/ok/b64pickle-bool-False=False.txt -&gt; bool ------- using [Try &apos;$&lt;read_str_from_txt&gt; =&gt; &lt;str_to_bool&gt;$&apos; then &apos;$&lt;read_str_from_txt&gt; =&gt; &lt;base64_ascii_str_pickle_to_object&gt; -&gt; &lt;float_to_bool&gt;$&apos; then &apos;$&lt;read_str_from_txt&gt; =&gt; &lt;base64_ascii_str_pickle_to_object&gt; -&gt; &lt;int_to_bool&gt;$&apos; then &apos;$&lt;read_str_from_txt&gt; =&gt; &lt;base64_ascii_str_pickle_to_object&gt; -&gt; &lt;str_to_bool&gt;$&apos; then &apos;$&lt;read_str_from_txt&gt; =&gt; &lt;base64_ascii_str_pickle_to_object&gt;$]&apos;]
(B)                                                                                                                |--b64pickle-bool-False=False.txt -&gt; bool ------- using $&lt;read_str_from_txt&gt; =&gt; &lt;str_to_bool&gt;$
Parsing Plan created successfully

Executing Parsing Plan for [/home/travis/build/smarie/python-parsyfiles/parsyfiles/tests/parsing_capabilities_by_type/primitives_data/bool/ok/b64pickle-bool-False=False]
(P) /home/travis/build/smarie/python-parsyfiles/parsyfiles/tests/parsing_capabilities_by_type/primitives_data/bool/ok/b64pickle-bool-False=False.txt -&gt; bool ------- using $&lt;read_str_from_txt&gt; =&gt; &lt;str_to_bool&gt;$
  !! Caught error during execution !!
  File &quot;/home/travis/build/smarie/python-parsyfiles/parsyfiles/converting_core.py&quot;, line 524, in _convert
    return self.conversion_method(desired_type, source_obj, logger, **opts)
  File &quot;/home/travis/build/smarie/python-parsyfiles/parsyfiles/plugins_base/support_for_primitive_types.py&quot;, line 84, in primitive_to_bool
    return bool(strtobool(source))
  File &quot;/opt/python/3.5.5/lib/python3.5/distutils/util.py&quot;, line 317, in strtobool
    raise ValueError(&quot;invalid truth value %r&quot; % (val,))
  ValueError : invalid truth value &apos;gaojlg==&apos;
(B)                                                                                                                |--b64pickle-bool-False=False.txt -&gt; bool ------- using $&lt;read_str_from_txt&gt; =&gt; &lt;base64_ascii_str_pickle_to_object&gt; -&gt; &lt;float_to_bool&gt;$
Executing Parsing Plan for [/home/travis/build/smarie/python-parsyfiles/parsyfiles/tests/parsing_capabilities_by_type/primitives_data/bool/ok/b64pickle-bool-False=False]
(P) /home/travis/build/smarie/python-parsyfiles/parsyfiles/tests/parsing_capabilities_by_type/primitives_data/bool/ok/b64pickle-bool-False=False.txt -&gt; bool ------- using $&lt;read_str_from_txt&gt; =&gt; &lt;base64_ascii_str_pickle_to_object&gt; -&gt; &lt;float_to_bool&gt;$
  !! Caught error during execution !!
  File &quot;/home/travis/build/smarie/python-parsyfiles/parsyfiles/converting_core.py&quot;, line 319, in convert
    return self._convert(desired_type, source_obj, logger, options)
  File &quot;/home/travis/build/smarie/python-parsyfiles/parsyfiles/converting_core.py&quot;, line 770, in _convert
    return self._converters_list[-1].convert(desired_type, obj, logger, options)
  File &quot;/home/travis/build/smarie/python-parsyfiles/parsyfiles/converting_core.py&quot;, line 321, in convert
    raise ConversionException.create_not_able_to_convert(source_obj, self, desired_type)
  ConversionException : Converter &lt;float_to_bool&gt; is not able to ingest source value &apos;False&apos; of type &apos;bool&apos; and/or convert it to type &apos;bool&apos;. This can happen in a chain when the previous step in the chain is generic and actually produced  an output of the wrong type/content
(B)                                                                                                                |--b64pickle-bool-False=False.txt -&gt; bool ------- using $&lt;read_str_from_txt&gt; =&gt; &lt;base64_ascii_str_pickle_to_object&gt; -&gt; &lt;int_to_bool&gt;$
Executing Parsing Plan for [/home/travis/build/smarie/python-parsyfiles/parsyfiles/tests/parsing_capabilities_by_type/primitives_data/bool/ok/b64pickle-bool-False=False]
(P) /home/travis/build/smarie/python-parsyfiles/parsyfiles/tests/parsing_capabilities_by_type/primitives_data/bool/ok/b64pickle-bool-False=False.txt -&gt; bool ------- using $&lt;read_str_from_txt&gt; =&gt; &lt;base64_ascii_str_pickle_to_object&gt; -&gt; &lt;int_to_bool&gt;$
  !! Caught error during execution !!
  File &quot;/home/travis/build/smarie/python-parsyfiles/parsyfiles/converting_core.py&quot;, line 319, in convert
    return self._convert(desired_type, source_obj, logger, options)
  File &quot;/home/travis/build/smarie/python-parsyfiles/parsyfiles/converting_core.py&quot;, line 524, in _convert
    return self.conversion_method(desired_type, source_obj, logger, **opts)
  File &quot;/home/travis/build/smarie/python-parsyfiles/parsyfiles/plugins_base/support_for_primitive_types.py&quot;, line 93, in primitive_to_bool
    raise ValueError(&apos;Cannot convert to bool : source is a \&apos;&apos; + str(typ) + &apos;\&apos; &apos;)
  ValueError : Cannot convert to bool : source is a &apos;&lt;class &apos;bool&apos;&gt;&apos; 
(B)                                                                                                                |--b64pickle-bool-False=False.txt -&gt; bool ------- using $&lt;read_str_from_txt&gt; =&gt; &lt;base64_ascii_str_pickle_to_object&gt; -&gt; &lt;str_to_bool&gt;$
Executing Parsing Plan for [/home/travis/build/smarie/python-parsyfiles/parsyfiles/tests/parsing_capabilities_by_type/primitives_data/bool/ok/b64pickle-bool-False=False]
(P) /home/travis/build/smarie/python-parsyfiles/parsyfiles/tests/parsing_capabilities_by_type/primitives_data/bool/ok/b64pickle-bool-False=False.txt -&gt; bool ------- using $&lt;read_str_from_txt&gt; =&gt; &lt;base64_ascii_str_pickle_to_object&gt; -&gt; &lt;str_to_bool&gt;$
  !! Caught error during execution !!
  File &quot;/home/travis/build/smarie/python-parsyfiles/parsyfiles/converting_core.py&quot;, line 319, in convert
    return self._convert(desired_type, source_obj, logger, options)
  File &quot;/home/travis/build/smarie/python-parsyfiles/parsyfiles/converting_core.py&quot;, line 770, in _convert
    return self._converters_list[-1].convert(desired_type, obj, logger, options)
  File &quot;/home/travis/build/smarie/python-parsyfiles/parsyfiles/converting_core.py&quot;, line 321, in convert
    raise ConversionException.create_not_able_to_convert(source_obj, self, desired_type)
  ConversionException : Converter &lt;str_to_bool&gt; is not able to ingest source value &apos;False&apos; of type &apos;bool&apos; and/or convert it to type &apos;bool&apos;. This can happen in a chain when the previous step in the chain is generic and actually produced  an output of the wrong type/content
(B)                                                                                                                |--b64pickle-bool-False=False.txt -&gt; bool ------- using $&lt;read_str_from_txt&gt; =&gt; &lt;base64_ascii_str_pickle_to_object&gt;$
Executing Parsing Plan for [/home/travis/build/smarie/python-parsyfiles/parsyfiles/tests/parsing_capabilities_by_type/primitives_data/bool/ok/b64pickle-bool-False=False]
(P) /home/travis/build/smarie/python-parsyfiles/parsyfiles/tests/parsing_capabilities_by_type/primitives_data/bool/ok/b64pickle-bool-False=False.txt -&gt; bool ------- using $&lt;read_str_from_txt&gt; =&gt; &lt;base64_ascii_str_pickle_to_object&gt;$
(P)                                                                                                                |--b64pickle-bool-False=False.txt -&gt; bool SUCCESS !
Completed parsing successfully

False==0
</system-out></testcase><testcase classname="parsyfiles.tests.parsing_capabilities_by_type.test_parse_primitives" file="parsyfiles/tests/parsing_capabilities_by_type/test_parse_primitives.py" line="179" name="test_parse_by_type[bool-ok-pickle-bool-False=False.pyc]" time="0.03801774978637695"><system-out>**** Starting to parse single object of type &lt;bool&gt; at location /home/travis/build/smarie/python-parsyfiles/parsyfiles/tests/parsing_capabilities_by_type/primitives_data/bool/ok/pickle-bool-False=False ****
Checking all files under [/home/travis/build/smarie/python-parsyfiles/parsyfiles/tests/parsing_capabilities_by_type/primitives_data/bool/ok/pickle-bool-False=False]
(C) /home/travis/build/smarie/python-parsyfiles/parsyfiles/tests/parsing_capabilities_by_type/primitives_data/bool/ok/pickle-bool-False=False (singlefile, .pyc)
File checks done

Building a parsing plan to parse [/home/travis/build/smarie/python-parsyfiles/parsyfiles/tests/parsing_capabilities_by_type/primitives_data/bool/ok/pickle-bool-False=False] into a bool
(B) /home/travis/build/smarie/python-parsyfiles/parsyfiles/tests/parsing_capabilities_by_type/primitives_data/bool/ok/pickle-bool-False=False.pyc -&gt; bool ------- using [Try &apos;$&lt;read_object_from_pickle&gt; =&gt; &lt;float_to_bool&gt;$&apos; then &apos;$&lt;read_object_from_pickle&gt; =&gt; &lt;int_to_bool&gt;$&apos; then &apos;$&lt;read_object_from_pickle&gt; =&gt; &lt;str_to_bool&gt;$&apos; then &apos;&lt;read_object_from_pickle&gt;]&apos;]
(B)                                                                                                                |--pickle-bool-False=False.pyc -&gt; bool ------- using $&lt;read_object_from_pickle&gt; =&gt; &lt;float_to_bool&gt;$
Parsing Plan created successfully

Executing Parsing Plan for [/home/travis/build/smarie/python-parsyfiles/parsyfiles/tests/parsing_capabilities_by_type/primitives_data/bool/ok/pickle-bool-False=False]
(P) /home/travis/build/smarie/python-parsyfiles/parsyfiles/tests/parsing_capabilities_by_type/primitives_data/bool/ok/pickle-bool-False=False.pyc -&gt; bool ------- using $&lt;read_object_from_pickle&gt; =&gt; &lt;float_to_bool&gt;$
  !! Caught error during execution !!
  File &quot;/home/travis/build/smarie/python-parsyfiles/parsyfiles/parsing_core.py&quot;, line 177, in _execute
    self.get_singlefile_encoding(), logger, options)
  File &quot;/home/travis/build/smarie/python-parsyfiles/parsyfiles/parsing_combining_parsers.py&quot;, line 598, in _parse_singlefile
    return self._converter.convert(desired_type, first, logger, options)
  File &quot;/home/travis/build/smarie/python-parsyfiles/parsyfiles/converting_core.py&quot;, line 321, in convert
    raise ConversionException.create_not_able_to_convert(source_obj, self, desired_type)
  ConversionException : Converter $&lt;float_to_bool&gt;$ is not able to ingest source value &apos;False&apos; of type &apos;bool&apos; and/or convert it to type &apos;bool&apos;. This can happen in a chain when the previous step in the chain is generic and actually produced  an output of the wrong type/content
(B)                                                                                                                |--pickle-bool-False=False.pyc -&gt; bool ------- using $&lt;read_object_from_pickle&gt; =&gt; &lt;int_to_bool&gt;$
Executing Parsing Plan for [/home/travis/build/smarie/python-parsyfiles/parsyfiles/tests/parsing_capabilities_by_type/primitives_data/bool/ok/pickle-bool-False=False]
(P) /home/travis/build/smarie/python-parsyfiles/parsyfiles/tests/parsing_capabilities_by_type/primitives_data/bool/ok/pickle-bool-False=False.pyc -&gt; bool ------- using $&lt;read_object_from_pickle&gt; =&gt; &lt;int_to_bool&gt;$
  !! Caught error during execution !!
  File &quot;/home/travis/build/smarie/python-parsyfiles/parsyfiles/converting_core.py&quot;, line 319, in convert
    return self._convert(desired_type, source_obj, logger, options)
  File &quot;/home/travis/build/smarie/python-parsyfiles/parsyfiles/converting_core.py&quot;, line 524, in _convert
    return self.conversion_method(desired_type, source_obj, logger, **opts)
  File &quot;/home/travis/build/smarie/python-parsyfiles/parsyfiles/plugins_base/support_for_primitive_types.py&quot;, line 93, in primitive_to_bool
    raise ValueError(&apos;Cannot convert to bool : source is a \&apos;&apos; + str(typ) + &apos;\&apos; &apos;)
  ValueError : Cannot convert to bool : source is a &apos;&lt;class &apos;bool&apos;&gt;&apos; 
(B)                                                                                                                |--pickle-bool-False=False.pyc -&gt; bool ------- using $&lt;read_object_from_pickle&gt; =&gt; &lt;str_to_bool&gt;$
Executing Parsing Plan for [/home/travis/build/smarie/python-parsyfiles/parsyfiles/tests/parsing_capabilities_by_type/primitives_data/bool/ok/pickle-bool-False=False]
(P) /home/travis/build/smarie/python-parsyfiles/parsyfiles/tests/parsing_capabilities_by_type/primitives_data/bool/ok/pickle-bool-False=False.pyc -&gt; bool ------- using $&lt;read_object_from_pickle&gt; =&gt; &lt;str_to_bool&gt;$
  !! Caught error during execution !!
  File &quot;/home/travis/build/smarie/python-parsyfiles/parsyfiles/parsing_core.py&quot;, line 177, in _execute
    self.get_singlefile_encoding(), logger, options)
  File &quot;/home/travis/build/smarie/python-parsyfiles/parsyfiles/parsing_combining_parsers.py&quot;, line 598, in _parse_singlefile
    return self._converter.convert(desired_type, first, logger, options)
  File &quot;/home/travis/build/smarie/python-parsyfiles/parsyfiles/converting_core.py&quot;, line 321, in convert
    raise ConversionException.create_not_able_to_convert(source_obj, self, desired_type)
  ConversionException : Converter $&lt;str_to_bool&gt;$ is not able to ingest source value &apos;False&apos; of type &apos;bool&apos; and/or convert it to type &apos;bool&apos;. This can happen in a chain when the previous step in the chain is generic and actually produced  an output of the wrong type/content
(B)                                                                                                                |--pickle-bool-False=False.pyc -&gt; bool ------- using &lt;read_object_from_pickle&gt;
Executing Parsing Plan for [/home/travis/build/smarie/python-parsyfiles/parsyfiles/tests/parsing_capabilities_by_type/primitives_data/bool/ok/pickle-bool-False=False]
(P) /home/travis/build/smarie/python-parsyfiles/parsyfiles/tests/parsing_capabilities_by_type/primitives_data/bool/ok/pickle-bool-False=False.pyc -&gt; bool ------- using &lt;read_object_from_pickle&gt;
(P)                                                                                                                |--pickle-bool-False=False.pyc -&gt; bool SUCCESS !
Completed parsing successfully

False==0
</system-out></testcase><testcase classname="parsyfiles.tests.parsing_capabilities_by_type.test_parse_primitives" file="parsyfiles/tests/parsing_capabilities_by_type/test_parse_primitives.py" line="179" name="test_parse_by_type[bool-ok-txt-bool-False=False.txt]" time="0.03613114356994629"><system-out>**** Starting to parse single object of type &lt;bool&gt; at location /home/travis/build/smarie/python-parsyfiles/parsyfiles/tests/parsing_capabilities_by_type/primitives_data/bool/ok/txt-bool-False=False ****
Checking all files under [/home/travis/build/smarie/python-parsyfiles/parsyfiles/tests/parsing_capabilities_by_type/primitives_data/bool/ok/txt-bool-False=False]
(C) /home/travis/build/smarie/python-parsyfiles/parsyfiles/tests/parsing_capabilities_by_type/primitives_data/bool/ok/txt-bool-False=False (singlefile, .txt)
File checks done

Building a parsing plan to parse [/home/travis/build/smarie/python-parsyfiles/parsyfiles/tests/parsing_capabilities_by_type/primitives_data/bool/ok/txt-bool-False=False] into a bool
(B) /home/travis/build/smarie/python-parsyfiles/parsyfiles/tests/parsing_capabilities_by_type/primitives_data/bool/ok/txt-bool-False=False.txt -&gt; bool ------- using [Try &apos;$&lt;read_str_from_txt&gt; =&gt; &lt;str_to_bool&gt;$&apos; then &apos;$&lt;read_str_from_txt&gt; =&gt; &lt;base64_ascii_str_pickle_to_object&gt; -&gt; &lt;float_to_bool&gt;$&apos; then &apos;$&lt;read_str_from_txt&gt; =&gt; &lt;base64_ascii_str_pickle_to_object&gt; -&gt; &lt;int_to_bool&gt;$&apos; then &apos;$&lt;read_str_from_txt&gt; =&gt; &lt;base64_ascii_str_pickle_to_object&gt; -&gt; &lt;str_to_bool&gt;$&apos; then &apos;$&lt;read_str_from_txt&gt; =&gt; &lt;base64_ascii_str_pickle_to_object&gt;$]&apos;]
(B)                                                                                                                |--txt-bool-False=False.txt -&gt; bool ------- using $&lt;read_str_from_txt&gt; =&gt; &lt;str_to_bool&gt;$
Parsing Plan created successfully

Executing Parsing Plan for [/home/travis/build/smarie/python-parsyfiles/parsyfiles/tests/parsing_capabilities_by_type/primitives_data/bool/ok/txt-bool-False=False]
(P) /home/travis/build/smarie/python-parsyfiles/parsyfiles/tests/parsing_capabilities_by_type/primitives_data/bool/ok/txt-bool-False=False.txt -&gt; bool ------- using $&lt;read_str_from_txt&gt; =&gt; &lt;str_to_bool&gt;$
(P)                                                                                                                |--txt-bool-False=False.txt -&gt; bool SUCCESS !
Completed parsing successfully

False==0
</system-out></testcase><testcase classname="parsyfiles.tests.parsing_capabilities_by_type.test_parse_primitives" file="parsyfiles/tests/parsing_capabilities_by_type/test_parse_primitives.py" line="179" name="test_parse_by_type[bool-ok-pickle-float-0.0=False.pyc]" time="0.03602004051208496"><system-out>**** Starting to parse single object of type &lt;bool&gt; at location /home/travis/build/smarie/python-parsyfiles/parsyfiles/tests/parsing_capabilities_by_type/primitives_data/bool/ok/pickle-float-0.0=False ****
Checking all files under [/home/travis/build/smarie/python-parsyfiles/parsyfiles/tests/parsing_capabilities_by_type/primitives_data/bool/ok/pickle-float-0.0=False]
(C) /home/travis/build/smarie/python-parsyfiles/parsyfiles/tests/parsing_capabilities_by_type/primitives_data/bool/ok/pickle-float-0.0=False (singlefile, .pyc)
File checks done

Building a parsing plan to parse [/home/travis/build/smarie/python-parsyfiles/parsyfiles/tests/parsing_capabilities_by_type/primitives_data/bool/ok/pickle-float-0.0=False] into a bool
(B) /home/travis/build/smarie/python-parsyfiles/parsyfiles/tests/parsing_capabilities_by_type/primitives_data/bool/ok/pickle-float-0.0=False.pyc -&gt; bool ------- using [Try &apos;$&lt;read_object_from_pickle&gt; =&gt; &lt;float_to_bool&gt;$&apos; then &apos;$&lt;read_object_from_pickle&gt; =&gt; &lt;int_to_bool&gt;$&apos; then &apos;$&lt;read_object_from_pickle&gt; =&gt; &lt;str_to_bool&gt;$&apos; then &apos;&lt;read_object_from_pickle&gt;]&apos;]
(B)                                                                                                                |--pickle-float-0.0=False.pyc -&gt; bool ------- using $&lt;read_object_from_pickle&gt; =&gt; &lt;float_to_bool&gt;$
Parsing Plan created successfully

Executing Parsing Plan for [/home/travis/build/smarie/python-parsyfiles/parsyfiles/tests/parsing_capabilities_by_type/primitives_data/bool/ok/pickle-float-0.0=False]
(P) /home/travis/build/smarie/python-parsyfiles/parsyfiles/tests/parsing_capabilities_by_type/primitives_data/bool/ok/pickle-float-0.0=False.pyc -&gt; bool ------- using $&lt;read_object_from_pickle&gt; =&gt; &lt;float_to_bool&gt;$
(P)                                                                                                                |--pickle-float-0.0=False.pyc -&gt; bool SUCCESS !
Completed parsing successfully

False==0
</system-out></testcase><testcase classname="parsyfiles.tests.parsing_capabilities_by_type.test_parse_primitives" file="parsyfiles/tests/parsing_capabilities_by_type/test_parse_primitives.py" line="179" name="test_parse_by_type[bool-ok-txt-str-y=True.txt]" time="0.036429643630981445"><system-out>**** Starting to parse single object of type &lt;bool&gt; at location /home/travis/build/smarie/python-parsyfiles/parsyfiles/tests/parsing_capabilities_by_type/primitives_data/bool/ok/txt-str-y=True ****
Checking all files under [/home/travis/build/smarie/python-parsyfiles/parsyfiles/tests/parsing_capabilities_by_type/primitives_data/bool/ok/txt-str-y=True]
(C) /home/travis/build/smarie/python-parsyfiles/parsyfiles/tests/parsing_capabilities_by_type/primitives_data/bool/ok/txt-str-y=True (singlefile, .txt)
File checks done

Building a parsing plan to parse [/home/travis/build/smarie/python-parsyfiles/parsyfiles/tests/parsing_capabilities_by_type/primitives_data/bool/ok/txt-str-y=True] into a bool
(B) /home/travis/build/smarie/python-parsyfiles/parsyfiles/tests/parsing_capabilities_by_type/primitives_data/bool/ok/txt-str-y=True.txt -&gt; bool ------- using [Try &apos;$&lt;read_str_from_txt&gt; =&gt; &lt;str_to_bool&gt;$&apos; then &apos;$&lt;read_str_from_txt&gt; =&gt; &lt;base64_ascii_str_pickle_to_object&gt; -&gt; &lt;float_to_bool&gt;$&apos; then &apos;$&lt;read_str_from_txt&gt; =&gt; &lt;base64_ascii_str_pickle_to_object&gt; -&gt; &lt;int_to_bool&gt;$&apos; then &apos;$&lt;read_str_from_txt&gt; =&gt; &lt;base64_ascii_str_pickle_to_object&gt; -&gt; &lt;str_to_bool&gt;$&apos; then &apos;$&lt;read_str_from_txt&gt; =&gt; &lt;base64_ascii_str_pickle_to_object&gt;$]&apos;]
(B)                                                                                                                |--txt-str-y=True.txt -&gt; bool ------- using $&lt;read_str_from_txt&gt; =&gt; &lt;str_to_bool&gt;$
Parsing Plan created successfully

Executing Parsing Plan for [/home/travis/build/smarie/python-parsyfiles/parsyfiles/tests/parsing_capabilities_by_type/primitives_data/bool/ok/txt-str-y=True]
(P) /home/travis/build/smarie/python-parsyfiles/parsyfiles/tests/parsing_capabilities_by_type/primitives_data/bool/ok/txt-str-y=True.txt -&gt; bool ------- using $&lt;read_str_from_txt&gt; =&gt; &lt;str_to_bool&gt;$
(P)                                                                                                                |--txt-str-y=True.txt -&gt; bool SUCCESS !
Completed parsing successfully

True==1
</system-out></testcase><testcase classname="parsyfiles.tests.parsing_capabilities_by_type.test_parse_primitives" file="parsyfiles/tests/parsing_capabilities_by_type/test_parse_primitives.py" line="179" name="test_parse_by_type[bool-ok-txt-int-0=False.txt]" time="0.03605985641479492"><system-out>**** Starting to parse single object of type &lt;bool&gt; at location /home/travis/build/smarie/python-parsyfiles/parsyfiles/tests/parsing_capabilities_by_type/primitives_data/bool/ok/txt-int-0=False ****
Checking all files under [/home/travis/build/smarie/python-parsyfiles/parsyfiles/tests/parsing_capabilities_by_type/primitives_data/bool/ok/txt-int-0=False]
(C) /home/travis/build/smarie/python-parsyfiles/parsyfiles/tests/parsing_capabilities_by_type/primitives_data/bool/ok/txt-int-0=False (singlefile, .txt)
File checks done

Building a parsing plan to parse [/home/travis/build/smarie/python-parsyfiles/parsyfiles/tests/parsing_capabilities_by_type/primitives_data/bool/ok/txt-int-0=False] into a bool
(B) /home/travis/build/smarie/python-parsyfiles/parsyfiles/tests/parsing_capabilities_by_type/primitives_data/bool/ok/txt-int-0=False.txt -&gt; bool ------- using [Try &apos;$&lt;read_str_from_txt&gt; =&gt; &lt;str_to_bool&gt;$&apos; then &apos;$&lt;read_str_from_txt&gt; =&gt; &lt;base64_ascii_str_pickle_to_object&gt; -&gt; &lt;float_to_bool&gt;$&apos; then &apos;$&lt;read_str_from_txt&gt; =&gt; &lt;base64_ascii_str_pickle_to_object&gt; -&gt; &lt;int_to_bool&gt;$&apos; then &apos;$&lt;read_str_from_txt&gt; =&gt; &lt;base64_ascii_str_pickle_to_object&gt; -&gt; &lt;str_to_bool&gt;$&apos; then &apos;$&lt;read_str_from_txt&gt; =&gt; &lt;base64_ascii_str_pickle_to_object&gt;$]&apos;]
(B)                                                                                                                |--txt-int-0=False.txt -&gt; bool ------- using $&lt;read_str_from_txt&gt; =&gt; &lt;str_to_bool&gt;$
Parsing Plan created successfully

Executing Parsing Plan for [/home/travis/build/smarie/python-parsyfiles/parsyfiles/tests/parsing_capabilities_by_type/primitives_data/bool/ok/txt-int-0=False]
(P) /home/travis/build/smarie/python-parsyfiles/parsyfiles/tests/parsing_capabilities_by_type/primitives_data/bool/ok/txt-int-0=False.txt -&gt; bool ------- using $&lt;read_str_from_txt&gt; =&gt; &lt;str_to_bool&gt;$
(P)                                                                                                                |--txt-int-0=False.txt -&gt; bool SUCCESS !
Completed parsing successfully

False==0
</system-out></testcase><testcase classname="parsyfiles.tests.parsing_capabilities_by_type.test_parse_primitives" file="parsyfiles/tests/parsing_capabilities_by_type/test_parse_primitives.py" line="179" name="test_parse_by_type[bool-ok-pickle-bool-True=True.pyc]" time="0.03625369071960449"><system-out>**** Starting to parse single object of type &lt;bool&gt; at location /home/travis/build/smarie/python-parsyfiles/parsyfiles/tests/parsing_capabilities_by_type/primitives_data/bool/ok/pickle-bool-True=True ****
Checking all files under [/home/travis/build/smarie/python-parsyfiles/parsyfiles/tests/parsing_capabilities_by_type/primitives_data/bool/ok/pickle-bool-True=True]
(C) /home/travis/build/smarie/python-parsyfiles/parsyfiles/tests/parsing_capabilities_by_type/primitives_data/bool/ok/pickle-bool-True=True (singlefile, .pyc)
File checks done

Building a parsing plan to parse [/home/travis/build/smarie/python-parsyfiles/parsyfiles/tests/parsing_capabilities_by_type/primitives_data/bool/ok/pickle-bool-True=True] into a bool
(B) /home/travis/build/smarie/python-parsyfiles/parsyfiles/tests/parsing_capabilities_by_type/primitives_data/bool/ok/pickle-bool-True=True.pyc -&gt; bool ------- using [Try &apos;$&lt;read_object_from_pickle&gt; =&gt; &lt;float_to_bool&gt;$&apos; then &apos;$&lt;read_object_from_pickle&gt; =&gt; &lt;int_to_bool&gt;$&apos; then &apos;$&lt;read_object_from_pickle&gt; =&gt; &lt;str_to_bool&gt;$&apos; then &apos;&lt;read_object_from_pickle&gt;]&apos;]
(B)                                                                                                                |--pickle-bool-True=True.pyc -&gt; bool ------- using $&lt;read_object_from_pickle&gt; =&gt; &lt;float_to_bool&gt;$
Parsing Plan created successfully

Executing Parsing Plan for [/home/travis/build/smarie/python-parsyfiles/parsyfiles/tests/parsing_capabilities_by_type/primitives_data/bool/ok/pickle-bool-True=True]
(P) /home/travis/build/smarie/python-parsyfiles/parsyfiles/tests/parsing_capabilities_by_type/primitives_data/bool/ok/pickle-bool-True=True.pyc -&gt; bool ------- using $&lt;read_object_from_pickle&gt; =&gt; &lt;float_to_bool&gt;$
  !! Caught error during execution !!
  File &quot;/home/travis/build/smarie/python-parsyfiles/parsyfiles/parsing_core.py&quot;, line 177, in _execute
    self.get_singlefile_encoding(), logger, options)
  File &quot;/home/travis/build/smarie/python-parsyfiles/parsyfiles/parsing_combining_parsers.py&quot;, line 598, in _parse_singlefile
    return self._converter.convert(desired_type, first, logger, options)
  File &quot;/home/travis/build/smarie/python-parsyfiles/parsyfiles/converting_core.py&quot;, line 321, in convert
    raise ConversionException.create_not_able_to_convert(source_obj, self, desired_type)
  ConversionException : Converter $&lt;float_to_bool&gt;$ is not able to ingest source value &apos;True&apos; of type &apos;bool&apos; and/or convert it to type &apos;bool&apos;. This can happen in a chain when the previous step in the chain is generic and actually produced  an output of the wrong type/content
(B)                                                                                                                |--pickle-bool-True=True.pyc -&gt; bool ------- using $&lt;read_object_from_pickle&gt; =&gt; &lt;int_to_bool&gt;$
Executing Parsing Plan for [/home/travis/build/smarie/python-parsyfiles/parsyfiles/tests/parsing_capabilities_by_type/primitives_data/bool/ok/pickle-bool-True=True]
(P) /home/travis/build/smarie/python-parsyfiles/parsyfiles/tests/parsing_capabilities_by_type/primitives_data/bool/ok/pickle-bool-True=True.pyc -&gt; bool ------- using $&lt;read_object_from_pickle&gt; =&gt; &lt;int_to_bool&gt;$
  !! Caught error during execution !!
  File &quot;/home/travis/build/smarie/python-parsyfiles/parsyfiles/converting_core.py&quot;, line 319, in convert
    return self._convert(desired_type, source_obj, logger, options)
  File &quot;/home/travis/build/smarie/python-parsyfiles/parsyfiles/converting_core.py&quot;, line 524, in _convert
    return self.conversion_method(desired_type, source_obj, logger, **opts)
  File &quot;/home/travis/build/smarie/python-parsyfiles/parsyfiles/plugins_base/support_for_primitive_types.py&quot;, line 93, in primitive_to_bool
    raise ValueError(&apos;Cannot convert to bool : source is a \&apos;&apos; + str(typ) + &apos;\&apos; &apos;)
  ValueError : Cannot convert to bool : source is a &apos;&lt;class &apos;bool&apos;&gt;&apos; 
(B)                                                                                                                |--pickle-bool-True=True.pyc -&gt; bool ------- using $&lt;read_object_from_pickle&gt; =&gt; &lt;str_to_bool&gt;$
Executing Parsing Plan for [/home/travis/build/smarie/python-parsyfiles/parsyfiles/tests/parsing_capabilities_by_type/primitives_data/bool/ok/pickle-bool-True=True]
(P) /home/travis/build/smarie/python-parsyfiles/parsyfiles/tests/parsing_capabilities_by_type/primitives_data/bool/ok/pickle-bool-True=True.pyc -&gt; bool ------- using $&lt;read_object_from_pickle&gt; =&gt; &lt;str_to_bool&gt;$
  !! Caught error during execution !!
  File &quot;/home/travis/build/smarie/python-parsyfiles/parsyfiles/parsing_core.py&quot;, line 177, in _execute
    self.get_singlefile_encoding(), logger, options)
  File &quot;/home/travis/build/smarie/python-parsyfiles/parsyfiles/parsing_combining_parsers.py&quot;, line 598, in _parse_singlefile
    return self._converter.convert(desired_type, first, logger, options)
  File &quot;/home/travis/build/smarie/python-parsyfiles/parsyfiles/converting_core.py&quot;, line 321, in convert
    raise ConversionException.create_not_able_to_convert(source_obj, self, desired_type)
  ConversionException : Converter $&lt;str_to_bool&gt;$ is not able to ingest source value &apos;True&apos; of type &apos;bool&apos; and/or convert it to type &apos;bool&apos;. This can happen in a chain when the previous step in the chain is generic and actually produced  an output of the wrong type/content
(B)                                                                                                                |--pickle-bool-True=True.pyc -&gt; bool ------- using &lt;read_object_from_pickle&gt;
Executing Parsing Plan for [/home/travis/build/smarie/python-parsyfiles/parsyfiles/tests/parsing_capabilities_by_type/primitives_data/bool/ok/pickle-bool-True=True]
(P) /home/travis/build/smarie/python-parsyfiles/parsyfiles/tests/parsing_capabilities_by_type/primitives_data/bool/ok/pickle-bool-True=True.pyc -&gt; bool ------- using &lt;read_object_from_pickle&gt;
(P)                                                                                                                |--pickle-bool-True=True.pyc -&gt; bool SUCCESS !
Completed parsing successfully

True==1
</system-out></testcase><testcase classname="parsyfiles.tests.parsing_capabilities_by_type.test_parse_primitives" file="parsyfiles/tests/parsing_capabilities_by_type/test_parse_primitives.py" line="179" name="test_parse_by_type[bool-ok-b64pickle-float-0.0=False.txt]" time="0.03777003288269043"><system-out>**** Starting to parse single object of type &lt;bool&gt; at location /home/travis/build/smarie/python-parsyfiles/parsyfiles/tests/parsing_capabilities_by_type/primitives_data/bool/ok/b64pickle-float-0.0=False ****
Checking all files under [/home/travis/build/smarie/python-parsyfiles/parsyfiles/tests/parsing_capabilities_by_type/primitives_data/bool/ok/b64pickle-float-0.0=False]
(C) /home/travis/build/smarie/python-parsyfiles/parsyfiles/tests/parsing_capabilities_by_type/primitives_data/bool/ok/b64pickle-float-0.0=False (singlefile, .txt)
File checks done

Building a parsing plan to parse [/home/travis/build/smarie/python-parsyfiles/parsyfiles/tests/parsing_capabilities_by_type/primitives_data/bool/ok/b64pickle-float-0.0=False] into a bool
(B) /home/travis/build/smarie/python-parsyfiles/parsyfiles/tests/parsing_capabilities_by_type/primitives_data/bool/ok/b64pickle-float-0.0=False.txt -&gt; bool ------- using [Try &apos;$&lt;read_str_from_txt&gt; =&gt; &lt;str_to_bool&gt;$&apos; then &apos;$&lt;read_str_from_txt&gt; =&gt; &lt;base64_ascii_str_pickle_to_object&gt; -&gt; &lt;float_to_bool&gt;$&apos; then &apos;$&lt;read_str_from_txt&gt; =&gt; &lt;base64_ascii_str_pickle_to_object&gt; -&gt; &lt;int_to_bool&gt;$&apos; then &apos;$&lt;read_str_from_txt&gt; =&gt; &lt;base64_ascii_str_pickle_to_object&gt; -&gt; &lt;str_to_bool&gt;$&apos; then &apos;$&lt;read_str_from_txt&gt; =&gt; &lt;base64_ascii_str_pickle_to_object&gt;$]&apos;]
(B)                                                                                                                |--b64pickle-float-0.0=False.txt -&gt; bool ------- using $&lt;read_str_from_txt&gt; =&gt; &lt;str_to_bool&gt;$
Parsing Plan created successfully

Executing Parsing Plan for [/home/travis/build/smarie/python-parsyfiles/parsyfiles/tests/parsing_capabilities_by_type/primitives_data/bool/ok/b64pickle-float-0.0=False]
(P) /home/travis/build/smarie/python-parsyfiles/parsyfiles/tests/parsing_capabilities_by_type/primitives_data/bool/ok/b64pickle-float-0.0=False.txt -&gt; bool ------- using $&lt;read_str_from_txt&gt; =&gt; &lt;str_to_bool&gt;$
  !! Caught error during execution !!
  File &quot;/home/travis/build/smarie/python-parsyfiles/parsyfiles/converting_core.py&quot;, line 524, in _convert
    return self.conversion_method(desired_type, source_obj, logger, **opts)
  File &quot;/home/travis/build/smarie/python-parsyfiles/parsyfiles/plugins_base/support_for_primitive_types.py&quot;, line 84, in primitive_to_bool
    return bool(strtobool(source))
  File &quot;/opt/python/3.5.5/lib/python3.5/distutils/util.py&quot;, line 317, in strtobool
    raise ValueError(&quot;invalid truth value %r&quot; % (val,))
  ValueError : invalid truth value &apos;ganhaaaaaaaaaaau&apos;
(B)                                                                                                                |--b64pickle-float-0.0=False.txt -&gt; bool ------- using $&lt;read_str_from_txt&gt; =&gt; &lt;base64_ascii_str_pickle_to_object&gt; -&gt; &lt;float_to_bool&gt;$
Executing Parsing Plan for [/home/travis/build/smarie/python-parsyfiles/parsyfiles/tests/parsing_capabilities_by_type/primitives_data/bool/ok/b64pickle-float-0.0=False]
(P) /home/travis/build/smarie/python-parsyfiles/parsyfiles/tests/parsing_capabilities_by_type/primitives_data/bool/ok/b64pickle-float-0.0=False.txt -&gt; bool ------- using $&lt;read_str_from_txt&gt; =&gt; &lt;base64_ascii_str_pickle_to_object&gt; -&gt; &lt;float_to_bool&gt;$
(P)                                                                                                                |--b64pickle-float-0.0=False.txt -&gt; bool SUCCESS !
Completed parsing successfully

False==0
</system-out></testcase><testcase classname="parsyfiles.tests.parsing_capabilities_by_type.test_parse_primitives" file="parsyfiles/tests/parsing_capabilities_by_type/test_parse_primitives.py" line="179" name="test_parse_by_type[bool-ok-pickle-str-y=True.pyc]" time="0.04226064682006836"><system-out>**** Starting to parse single object of type &lt;bool&gt; at location /home/travis/build/smarie/python-parsyfiles/parsyfiles/tests/parsing_capabilities_by_type/primitives_data/bool/ok/pickle-str-y=True ****
Checking all files under [/home/travis/build/smarie/python-parsyfiles/parsyfiles/tests/parsing_capabilities_by_type/primitives_data/bool/ok/pickle-str-y=True]
(C) /home/travis/build/smarie/python-parsyfiles/parsyfiles/tests/parsing_capabilities_by_type/primitives_data/bool/ok/pickle-str-y=True (singlefile, .pyc)
File checks done

Building a parsing plan to parse [/home/travis/build/smarie/python-parsyfiles/parsyfiles/tests/parsing_capabilities_by_type/primitives_data/bool/ok/pickle-str-y=True] into a bool
(B) /home/travis/build/smarie/python-parsyfiles/parsyfiles/tests/parsing_capabilities_by_type/primitives_data/bool/ok/pickle-str-y=True.pyc -&gt; bool ------- using [Try &apos;$&lt;read_object_from_pickle&gt; =&gt; &lt;float_to_bool&gt;$&apos; then &apos;$&lt;read_object_from_pickle&gt; =&gt; &lt;int_to_bool&gt;$&apos; then &apos;$&lt;read_object_from_pickle&gt; =&gt; &lt;str_to_bool&gt;$&apos; then &apos;&lt;read_object_from_pickle&gt;]&apos;]
(B)                                                                                                                |--pickle-str-y=True.pyc -&gt; bool ------- using $&lt;read_object_from_pickle&gt; =&gt; &lt;float_to_bool&gt;$
Parsing Plan created successfully

Executing Parsing Plan for [/home/travis/build/smarie/python-parsyfiles/parsyfiles/tests/parsing_capabilities_by_type/primitives_data/bool/ok/pickle-str-y=True]
(P) /home/travis/build/smarie/python-parsyfiles/parsyfiles/tests/parsing_capabilities_by_type/primitives_data/bool/ok/pickle-str-y=True.pyc -&gt; bool ------- using $&lt;read_object_from_pickle&gt; =&gt; &lt;float_to_bool&gt;$
  !! Caught error during execution !!
  File &quot;/home/travis/build/smarie/python-parsyfiles/parsyfiles/parsing_core.py&quot;, line 177, in _execute
    self.get_singlefile_encoding(), logger, options)
  File &quot;/home/travis/build/smarie/python-parsyfiles/parsyfiles/parsing_combining_parsers.py&quot;, line 598, in _parse_singlefile
    return self._converter.convert(desired_type, first, logger, options)
  File &quot;/home/travis/build/smarie/python-parsyfiles/parsyfiles/converting_core.py&quot;, line 321, in convert
    raise ConversionException.create_not_able_to_convert(source_obj, self, desired_type)
  ConversionException : Converter $&lt;float_to_bool&gt;$ is not able to ingest source value &apos;y&apos; of type &apos;str&apos; and/or convert it to type &apos;bool&apos;. This can happen in a chain when the previous step in the chain is generic and actually produced  an output of the wrong type/content
(B)                                                                                                                |--pickle-str-y=True.pyc -&gt; bool ------- using $&lt;read_object_from_pickle&gt; =&gt; &lt;int_to_bool&gt;$
Executing Parsing Plan for [/home/travis/build/smarie/python-parsyfiles/parsyfiles/tests/parsing_capabilities_by_type/primitives_data/bool/ok/pickle-str-y=True]
(P) /home/travis/build/smarie/python-parsyfiles/parsyfiles/tests/parsing_capabilities_by_type/primitives_data/bool/ok/pickle-str-y=True.pyc -&gt; bool ------- using $&lt;read_object_from_pickle&gt; =&gt; &lt;int_to_bool&gt;$
  !! Caught error during execution !!
  File &quot;/home/travis/build/smarie/python-parsyfiles/parsyfiles/parsing_core.py&quot;, line 177, in _execute
    self.get_singlefile_encoding(), logger, options)
  File &quot;/home/travis/build/smarie/python-parsyfiles/parsyfiles/parsing_combining_parsers.py&quot;, line 598, in _parse_singlefile
    return self._converter.convert(desired_type, first, logger, options)
  File &quot;/home/travis/build/smarie/python-parsyfiles/parsyfiles/converting_core.py&quot;, line 321, in convert
    raise ConversionException.create_not_able_to_convert(source_obj, self, desired_type)
  ConversionException : Converter $&lt;int_to_bool&gt;$ is not able to ingest source value &apos;y&apos; of type &apos;str&apos; and/or convert it to type &apos;bool&apos;. This can happen in a chain when the previous step in the chain is generic and actually produced  an output of the wrong type/content
(B)                                                                                                                |--pickle-str-y=True.pyc -&gt; bool ------- using $&lt;read_object_from_pickle&gt; =&gt; &lt;str_to_bool&gt;$
Executing Parsing Plan for [/home/travis/build/smarie/python-parsyfiles/parsyfiles/tests/parsing_capabilities_by_type/primitives_data/bool/ok/pickle-str-y=True]
(P) /home/travis/build/smarie/python-parsyfiles/parsyfiles/tests/parsing_capabilities_by_type/primitives_data/bool/ok/pickle-str-y=True.pyc -&gt; bool ------- using $&lt;read_object_from_pickle&gt; =&gt; &lt;str_to_bool&gt;$
(P)                                                                                                                |--pickle-str-y=True.pyc -&gt; bool SUCCESS !
Completed parsing successfully

True==1
</system-out></testcase><testcase classname="parsyfiles.tests.parsing_capabilities_by_type.test_parse_primitives" file="parsyfiles/tests/parsing_capabilities_by_type/test_parse_primitives.py" line="179" name="test_parse_by_type[bool-ok-txt-float-0.0=False.txt]" time="0.03559064865112305"><system-out>**** Starting to parse single object of type &lt;bool&gt; at location /home/travis/build/smarie/python-parsyfiles/parsyfiles/tests/parsing_capabilities_by_type/primitives_data/bool/ok/txt-float-0.0=False ****
Checking all files under [/home/travis/build/smarie/python-parsyfiles/parsyfiles/tests/parsing_capabilities_by_type/primitives_data/bool/ok/txt-float-0.0=False]
(C) /home/travis/build/smarie/python-parsyfiles/parsyfiles/tests/parsing_capabilities_by_type/primitives_data/bool/ok/txt-float-0.0=False (singlefile, .txt)
File checks done

Building a parsing plan to parse [/home/travis/build/smarie/python-parsyfiles/parsyfiles/tests/parsing_capabilities_by_type/primitives_data/bool/ok/txt-float-0.0=False] into a bool
(B) /home/travis/build/smarie/python-parsyfiles/parsyfiles/tests/parsing_capabilities_by_type/primitives_data/bool/ok/txt-float-0.0=False.txt -&gt; bool ------- using [Try &apos;$&lt;read_str_from_txt&gt; =&gt; &lt;str_to_bool&gt;$&apos; then &apos;$&lt;read_str_from_txt&gt; =&gt; &lt;base64_ascii_str_pickle_to_object&gt; -&gt; &lt;float_to_bool&gt;$&apos; then &apos;$&lt;read_str_from_txt&gt; =&gt; &lt;base64_ascii_str_pickle_to_object&gt; -&gt; &lt;int_to_bool&gt;$&apos; then &apos;$&lt;read_str_from_txt&gt; =&gt; &lt;base64_ascii_str_pickle_to_object&gt; -&gt; &lt;str_to_bool&gt;$&apos; then &apos;$&lt;read_str_from_txt&gt; =&gt; &lt;base64_ascii_str_pickle_to_object&gt;$]&apos;]
(B)                                                                                                                |--txt-float-0.0=False.txt -&gt; bool ------- using $&lt;read_str_from_txt&gt; =&gt; &lt;str_to_bool&gt;$
Parsing Plan created successfully

Executing Parsing Plan for [/home/travis/build/smarie/python-parsyfiles/parsyfiles/tests/parsing_capabilities_by_type/primitives_data/bool/ok/txt-float-0.0=False]
(P) /home/travis/build/smarie/python-parsyfiles/parsyfiles/tests/parsing_capabilities_by_type/primitives_data/bool/ok/txt-float-0.0=False.txt -&gt; bool ------- using $&lt;read_str_from_txt&gt; =&gt; &lt;str_to_bool&gt;$
(P)                                                                                                                |--txt-float-0.0=False.txt -&gt; bool SUCCESS !
Completed parsing successfully

False==0
</system-out></testcase><testcase classname="parsyfiles.tests.parsing_capabilities_by_type.test_parse_primitives" file="parsyfiles/tests/parsing_capabilities_by_type/test_parse_primitives.py" line="179" name="test_parse_by_type[bool-ok-b64pickle-bool-True=True.txt]" time="0.041686296463012695"><system-out>**** Starting to parse single object of type &lt;bool&gt; at location /home/travis/build/smarie/python-parsyfiles/parsyfiles/tests/parsing_capabilities_by_type/primitives_data/bool/ok/b64pickle-bool-True=True ****
Checking all files under [/home/travis/build/smarie/python-parsyfiles/parsyfiles/tests/parsing_capabilities_by_type/primitives_data/bool/ok/b64pickle-bool-True=True]
(C) /home/travis/build/smarie/python-parsyfiles/parsyfiles/tests/parsing_capabilities_by_type/primitives_data/bool/ok/b64pickle-bool-True=True (singlefile, .txt)
File checks done

Building a parsing plan to parse [/home/travis/build/smarie/python-parsyfiles/parsyfiles/tests/parsing_capabilities_by_type/primitives_data/bool/ok/b64pickle-bool-True=True] into a bool
(B) /home/travis/build/smarie/python-parsyfiles/parsyfiles/tests/parsing_capabilities_by_type/primitives_data/bool/ok/b64pickle-bool-True=True.txt -&gt; bool ------- using [Try &apos;$&lt;read_str_from_txt&gt; =&gt; &lt;str_to_bool&gt;$&apos; then &apos;$&lt;read_str_from_txt&gt; =&gt; &lt;base64_ascii_str_pickle_to_object&gt; -&gt; &lt;float_to_bool&gt;$&apos; then &apos;$&lt;read_str_from_txt&gt; =&gt; &lt;base64_ascii_str_pickle_to_object&gt; -&gt; &lt;int_to_bool&gt;$&apos; then &apos;$&lt;read_str_from_txt&gt; =&gt; &lt;base64_ascii_str_pickle_to_object&gt; -&gt; &lt;str_to_bool&gt;$&apos; then &apos;$&lt;read_str_from_txt&gt; =&gt; &lt;base64_ascii_str_pickle_to_object&gt;$]&apos;]
(B)                                                                                                                |--b64pickle-bool-True=True.txt -&gt; bool ------- using $&lt;read_str_from_txt&gt; =&gt; &lt;str_to_bool&gt;$
Parsing Plan created successfully

Executing Parsing Plan for [/home/travis/build/smarie/python-parsyfiles/parsyfiles/tests/parsing_capabilities_by_type/primitives_data/bool/ok/b64pickle-bool-True=True]
(P) /home/travis/build/smarie/python-parsyfiles/parsyfiles/tests/parsing_capabilities_by_type/primitives_data/bool/ok/b64pickle-bool-True=True.txt -&gt; bool ------- using $&lt;read_str_from_txt&gt; =&gt; &lt;str_to_bool&gt;$
  !! Caught error during execution !!
  File &quot;/home/travis/build/smarie/python-parsyfiles/parsyfiles/converting_core.py&quot;, line 524, in _convert
    return self.conversion_method(desired_type, source_obj, logger, **opts)
  File &quot;/home/travis/build/smarie/python-parsyfiles/parsyfiles/plugins_base/support_for_primitive_types.py&quot;, line 84, in primitive_to_bool
    return bool(strtobool(source))
  File &quot;/opt/python/3.5.5/lib/python3.5/distutils/util.py&quot;, line 317, in strtobool
    raise ValueError(&quot;invalid truth value %r&quot; % (val,))
  ValueError : invalid truth value &apos;gaoilg==&apos;
(B)                                                                                                                |--b64pickle-bool-True=True.txt -&gt; bool ------- using $&lt;read_str_from_txt&gt; =&gt; &lt;base64_ascii_str_pickle_to_object&gt; -&gt; &lt;float_to_bool&gt;$
Executing Parsing Plan for [/home/travis/build/smarie/python-parsyfiles/parsyfiles/tests/parsing_capabilities_by_type/primitives_data/bool/ok/b64pickle-bool-True=True]
(P) /home/travis/build/smarie/python-parsyfiles/parsyfiles/tests/parsing_capabilities_by_type/primitives_data/bool/ok/b64pickle-bool-True=True.txt -&gt; bool ------- using $&lt;read_str_from_txt&gt; =&gt; &lt;base64_ascii_str_pickle_to_object&gt; -&gt; &lt;float_to_bool&gt;$
  !! Caught error during execution !!
  File &quot;/home/travis/build/smarie/python-parsyfiles/parsyfiles/converting_core.py&quot;, line 319, in convert
    return self._convert(desired_type, source_obj, logger, options)
  File &quot;/home/travis/build/smarie/python-parsyfiles/parsyfiles/converting_core.py&quot;, line 770, in _convert
    return self._converters_list[-1].convert(desired_type, obj, logger, options)
  File &quot;/home/travis/build/smarie/python-parsyfiles/parsyfiles/converting_core.py&quot;, line 321, in convert
    raise ConversionException.create_not_able_to_convert(source_obj, self, desired_type)
  ConversionException : Converter &lt;float_to_bool&gt; is not able to ingest source value &apos;True&apos; of type &apos;bool&apos; and/or convert it to type &apos;bool&apos;. This can happen in a chain when the previous step in the chain is generic and actually produced  an output of the wrong type/content
(B)                                                                                                                |--b64pickle-bool-True=True.txt -&gt; bool ------- using $&lt;read_str_from_txt&gt; =&gt; &lt;base64_ascii_str_pickle_to_object&gt; -&gt; &lt;int_to_bool&gt;$
Executing Parsing Plan for [/home/travis/build/smarie/python-parsyfiles/parsyfiles/tests/parsing_capabilities_by_type/primitives_data/bool/ok/b64pickle-bool-True=True]
(P) /home/travis/build/smarie/python-parsyfiles/parsyfiles/tests/parsing_capabilities_by_type/primitives_data/bool/ok/b64pickle-bool-True=True.txt -&gt; bool ------- using $&lt;read_str_from_txt&gt; =&gt; &lt;base64_ascii_str_pickle_to_object&gt; -&gt; &lt;int_to_bool&gt;$
  !! Caught error during execution !!
  File &quot;/home/travis/build/smarie/python-parsyfiles/parsyfiles/converting_core.py&quot;, line 319, in convert
    return self._convert(desired_type, source_obj, logger, options)
  File &quot;/home/travis/build/smarie/python-parsyfiles/parsyfiles/converting_core.py&quot;, line 524, in _convert
    return self.conversion_method(desired_type, source_obj, logger, **opts)
  File &quot;/home/travis/build/smarie/python-parsyfiles/parsyfiles/plugins_base/support_for_primitive_types.py&quot;, line 93, in primitive_to_bool
    raise ValueError(&apos;Cannot convert to bool : source is a \&apos;&apos; + str(typ) + &apos;\&apos; &apos;)
  ValueError : Cannot convert to bool : source is a &apos;&lt;class &apos;bool&apos;&gt;&apos; 
(B)                                                                                                                |--b64pickle-bool-True=True.txt -&gt; bool ------- using $&lt;read_str_from_txt&gt; =&gt; &lt;base64_ascii_str_pickle_to_object&gt; -&gt; &lt;str_to_bool&gt;$
Executing Parsing Plan for [/home/travis/build/smarie/python-parsyfiles/parsyfiles/tests/parsing_capabilities_by_type/primitives_data/bool/ok/b64pickle-bool-True=True]
(P) /home/travis/build/smarie/python-parsyfiles/parsyfiles/tests/parsing_capabilities_by_type/primitives_data/bool/ok/b64pickle-bool-True=True.txt -&gt; bool ------- using $&lt;read_str_from_txt&gt; =&gt; &lt;base64_ascii_str_pickle_to_object&gt; -&gt; &lt;str_to_bool&gt;$
  !! Caught error during execution !!
  File &quot;/home/travis/build/smarie/python-parsyfiles/parsyfiles/converting_core.py&quot;, line 319, in convert
    return self._convert(desired_type, source_obj, logger, options)
  File &quot;/home/travis/build/smarie/python-parsyfiles/parsyfiles/converting_core.py&quot;, line 770, in _convert
    return self._converters_list[-1].convert(desired_type, obj, logger, options)
  File &quot;/home/travis/build/smarie/python-parsyfiles/parsyfiles/converting_core.py&quot;, line 321, in convert
    raise ConversionException.create_not_able_to_convert(source_obj, self, desired_type)
  ConversionException : Converter &lt;str_to_bool&gt; is not able to ingest source value &apos;True&apos; of type &apos;bool&apos; and/or convert it to type &apos;bool&apos;. This can happen in a chain when the previous step in the chain is generic and actually produced  an output of the wrong type/content
(B)                                                                                                                |--b64pickle-bool-True=True.txt -&gt; bool ------- using $&lt;read_str_from_txt&gt; =&gt; &lt;base64_ascii_str_pickle_to_object&gt;$
Executing Parsing Plan for [/home/travis/build/smarie/python-parsyfiles/parsyfiles/tests/parsing_capabilities_by_type/primitives_data/bool/ok/b64pickle-bool-True=True]
(P) /home/travis/build/smarie/python-parsyfiles/parsyfiles/tests/parsing_capabilities_by_type/primitives_data/bool/ok/b64pickle-bool-True=True.txt -&gt; bool ------- using $&lt;read_str_from_txt&gt; =&gt; &lt;base64_ascii_str_pickle_to_object&gt;$
(P)                                                                                                                |--b64pickle-bool-True=True.txt -&gt; bool SUCCESS !
Completed parsing successfully

True==1
</system-out></testcase><testcase classname="parsyfiles.tests.parsing_capabilities_by_type.test_parse_primitives" file="parsyfiles/tests/parsing_capabilities_by_type/test_parse_primitives.py" line="179" name="test_parse_by_type[bool-ok-txt-float-1.0=True.txt]" time="0.03631949424743652"><system-out>**** Starting to parse single object of type &lt;bool&gt; at location /home/travis/build/smarie/python-parsyfiles/parsyfiles/tests/parsing_capabilities_by_type/primitives_data/bool/ok/txt-float-1.0=True ****
Checking all files under [/home/travis/build/smarie/python-parsyfiles/parsyfiles/tests/parsing_capabilities_by_type/primitives_data/bool/ok/txt-float-1.0=True]
(C) /home/travis/build/smarie/python-parsyfiles/parsyfiles/tests/parsing_capabilities_by_type/primitives_data/bool/ok/txt-float-1.0=True (singlefile, .txt)
File checks done

Building a parsing plan to parse [/home/travis/build/smarie/python-parsyfiles/parsyfiles/tests/parsing_capabilities_by_type/primitives_data/bool/ok/txt-float-1.0=True] into a bool
(B) /home/travis/build/smarie/python-parsyfiles/parsyfiles/tests/parsing_capabilities_by_type/primitives_data/bool/ok/txt-float-1.0=True.txt -&gt; bool ------- using [Try &apos;$&lt;read_str_from_txt&gt; =&gt; &lt;str_to_bool&gt;$&apos; then &apos;$&lt;read_str_from_txt&gt; =&gt; &lt;base64_ascii_str_pickle_to_object&gt; -&gt; &lt;float_to_bool&gt;$&apos; then &apos;$&lt;read_str_from_txt&gt; =&gt; &lt;base64_ascii_str_pickle_to_object&gt; -&gt; &lt;int_to_bool&gt;$&apos; then &apos;$&lt;read_str_from_txt&gt; =&gt; &lt;base64_ascii_str_pickle_to_object&gt; -&gt; &lt;str_to_bool&gt;$&apos; then &apos;$&lt;read_str_from_txt&gt; =&gt; &lt;base64_ascii_str_pickle_to_object&gt;$]&apos;]
(B)                                                                                                                |--txt-float-1.0=True.txt -&gt; bool ------- using $&lt;read_str_from_txt&gt; =&gt; &lt;str_to_bool&gt;$
Parsing Plan created successfully

Executing Parsing Plan for [/home/travis/build/smarie/python-parsyfiles/parsyfiles/tests/parsing_capabilities_by_type/primitives_data/bool/ok/txt-float-1.0=True]
(P) /home/travis/build/smarie/python-parsyfiles/parsyfiles/tests/parsing_capabilities_by_type/primitives_data/bool/ok/txt-float-1.0=True.txt -&gt; bool ------- using $&lt;read_str_from_txt&gt; =&gt; &lt;str_to_bool&gt;$
(P)                                                                                                                |--txt-float-1.0=True.txt -&gt; bool SUCCESS !
Completed parsing successfully

True==1
</system-out></testcase><testcase classname="parsyfiles.tests.parsing_capabilities_by_type.test_parse_primitives" file="parsyfiles/tests/parsing_capabilities_by_type/test_parse_primitives.py" line="179" name="test_parse_by_type[bool-ok-b64pickle-str-No=False.txt]" time="0.041652679443359375"><system-out>**** Starting to parse single object of type &lt;bool&gt; at location /home/travis/build/smarie/python-parsyfiles/parsyfiles/tests/parsing_capabilities_by_type/primitives_data/bool/ok/b64pickle-str-No=False ****
Checking all files under [/home/travis/build/smarie/python-parsyfiles/parsyfiles/tests/parsing_capabilities_by_type/primitives_data/bool/ok/b64pickle-str-No=False]
(C) /home/travis/build/smarie/python-parsyfiles/parsyfiles/tests/parsing_capabilities_by_type/primitives_data/bool/ok/b64pickle-str-No=False (singlefile, .txt)
File checks done

Building a parsing plan to parse [/home/travis/build/smarie/python-parsyfiles/parsyfiles/tests/parsing_capabilities_by_type/primitives_data/bool/ok/b64pickle-str-No=False] into a bool
(B) /home/travis/build/smarie/python-parsyfiles/parsyfiles/tests/parsing_capabilities_by_type/primitives_data/bool/ok/b64pickle-str-No=False.txt -&gt; bool ------- using [Try &apos;$&lt;read_str_from_txt&gt; =&gt; &lt;str_to_bool&gt;$&apos; then &apos;$&lt;read_str_from_txt&gt; =&gt; &lt;base64_ascii_str_pickle_to_object&gt; -&gt; &lt;float_to_bool&gt;$&apos; then &apos;$&lt;read_str_from_txt&gt; =&gt; &lt;base64_ascii_str_pickle_to_object&gt; -&gt; &lt;int_to_bool&gt;$&apos; then &apos;$&lt;read_str_from_txt&gt; =&gt; &lt;base64_ascii_str_pickle_to_object&gt; -&gt; &lt;str_to_bool&gt;$&apos; then &apos;$&lt;read_str_from_txt&gt; =&gt; &lt;base64_ascii_str_pickle_to_object&gt;$]&apos;]
(B)                                                                                                                |--b64pickle-str-No=False.txt -&gt; bool ------- using $&lt;read_str_from_txt&gt; =&gt; &lt;str_to_bool&gt;$
Parsing Plan created successfully

Executing Parsing Plan for [/home/travis/build/smarie/python-parsyfiles/parsyfiles/tests/parsing_capabilities_by_type/primitives_data/bool/ok/b64pickle-str-No=False]
(P) /home/travis/build/smarie/python-parsyfiles/parsyfiles/tests/parsing_capabilities_by_type/primitives_data/bool/ok/b64pickle-str-No=False.txt -&gt; bool ------- using $&lt;read_str_from_txt&gt; =&gt; &lt;str_to_bool&gt;$
  !! Caught error during execution !!
  File &quot;/home/travis/build/smarie/python-parsyfiles/parsyfiles/converting_core.py&quot;, line 524, in _convert
    return self.conversion_method(desired_type, source_obj, logger, **opts)
  File &quot;/home/travis/build/smarie/python-parsyfiles/parsyfiles/plugins_base/support_for_primitive_types.py&quot;, line 84, in primitive_to_bool
    return bool(strtobool(source))
  File &quot;/opt/python/3.5.5/lib/python3.5/distutils/util.py&quot;, line 317, in strtobool
    raise ValueError(&quot;invalid truth value %r&quot; % (val,))
  ValueError : invalid truth value &apos;ganyagaaae5vcqau&apos;
(B)                                                                                                                |--b64pickle-str-No=False.txt -&gt; bool ------- using $&lt;read_str_from_txt&gt; =&gt; &lt;base64_ascii_str_pickle_to_object&gt; -&gt; &lt;float_to_bool&gt;$
Executing Parsing Plan for [/home/travis/build/smarie/python-parsyfiles/parsyfiles/tests/parsing_capabilities_by_type/primitives_data/bool/ok/b64pickle-str-No=False]
(P) /home/travis/build/smarie/python-parsyfiles/parsyfiles/tests/parsing_capabilities_by_type/primitives_data/bool/ok/b64pickle-str-No=False.txt -&gt; bool ------- using $&lt;read_str_from_txt&gt; =&gt; &lt;base64_ascii_str_pickle_to_object&gt; -&gt; &lt;float_to_bool&gt;$
  !! Caught error during execution !!
  File &quot;/home/travis/build/smarie/python-parsyfiles/parsyfiles/converting_core.py&quot;, line 319, in convert
    return self._convert(desired_type, source_obj, logger, options)
  File &quot;/home/travis/build/smarie/python-parsyfiles/parsyfiles/converting_core.py&quot;, line 770, in _convert
    return self._converters_list[-1].convert(desired_type, obj, logger, options)
  File &quot;/home/travis/build/smarie/python-parsyfiles/parsyfiles/converting_core.py&quot;, line 321, in convert
    raise ConversionException.create_not_able_to_convert(source_obj, self, desired_type)
  ConversionException : Converter &lt;float_to_bool&gt; is not able to ingest source value &apos;No&apos; of type &apos;str&apos; and/or convert it to type &apos;bool&apos;. This can happen in a chain when the previous step in the chain is generic and actually produced  an output of the wrong type/content
(B)                                                                                                                |--b64pickle-str-No=False.txt -&gt; bool ------- using $&lt;read_str_from_txt&gt; =&gt; &lt;base64_ascii_str_pickle_to_object&gt; -&gt; &lt;int_to_bool&gt;$
Executing Parsing Plan for [/home/travis/build/smarie/python-parsyfiles/parsyfiles/tests/parsing_capabilities_by_type/primitives_data/bool/ok/b64pickle-str-No=False]
(P) /home/travis/build/smarie/python-parsyfiles/parsyfiles/tests/parsing_capabilities_by_type/primitives_data/bool/ok/b64pickle-str-No=False.txt -&gt; bool ------- using $&lt;read_str_from_txt&gt; =&gt; &lt;base64_ascii_str_pickle_to_object&gt; -&gt; &lt;int_to_bool&gt;$
  !! Caught error during execution !!
  File &quot;/home/travis/build/smarie/python-parsyfiles/parsyfiles/converting_core.py&quot;, line 319, in convert
    return self._convert(desired_type, source_obj, logger, options)
  File &quot;/home/travis/build/smarie/python-parsyfiles/parsyfiles/converting_core.py&quot;, line 770, in _convert
    return self._converters_list[-1].convert(desired_type, obj, logger, options)
  File &quot;/home/travis/build/smarie/python-parsyfiles/parsyfiles/converting_core.py&quot;, line 321, in convert
    raise ConversionException.create_not_able_to_convert(source_obj, self, desired_type)
  ConversionException : Converter &lt;int_to_bool&gt; is not able to ingest source value &apos;No&apos; of type &apos;str&apos; and/or convert it to type &apos;bool&apos;. This can happen in a chain when the previous step in the chain is generic and actually produced  an output of the wrong type/content
(B)                                                                                                                |--b64pickle-str-No=False.txt -&gt; bool ------- using $&lt;read_str_from_txt&gt; =&gt; &lt;base64_ascii_str_pickle_to_object&gt; -&gt; &lt;str_to_bool&gt;$
Executing Parsing Plan for [/home/travis/build/smarie/python-parsyfiles/parsyfiles/tests/parsing_capabilities_by_type/primitives_data/bool/ok/b64pickle-str-No=False]
(P) /home/travis/build/smarie/python-parsyfiles/parsyfiles/tests/parsing_capabilities_by_type/primitives_data/bool/ok/b64pickle-str-No=False.txt -&gt; bool ------- using $&lt;read_str_from_txt&gt; =&gt; &lt;base64_ascii_str_pickle_to_object&gt; -&gt; &lt;str_to_bool&gt;$
(P)                                                                                                                |--b64pickle-str-No=False.txt -&gt; bool SUCCESS !
Completed parsing successfully

False==0
</system-out></testcase><testcase classname="parsyfiles.tests.parsing_capabilities_by_type.test_parse_primitives" file="parsyfiles/tests/parsing_capabilities_by_type/test_parse_primitives.py" line="179" name="test_parse_by_type[bool-ok-b64pickle-str-y=True.txt]" time="0.035904884338378906"><system-out>**** Starting to parse single object of type &lt;bool&gt; at location /home/travis/build/smarie/python-parsyfiles/parsyfiles/tests/parsing_capabilities_by_type/primitives_data/bool/ok/b64pickle-str-y=True ****
Checking all files under [/home/travis/build/smarie/python-parsyfiles/parsyfiles/tests/parsing_capabilities_by_type/primitives_data/bool/ok/b64pickle-str-y=True]
(C) /home/travis/build/smarie/python-parsyfiles/parsyfiles/tests/parsing_capabilities_by_type/primitives_data/bool/ok/b64pickle-str-y=True (singlefile, .txt)
File checks done

Building a parsing plan to parse [/home/travis/build/smarie/python-parsyfiles/parsyfiles/tests/parsing_capabilities_by_type/primitives_data/bool/ok/b64pickle-str-y=True] into a bool
(B) /home/travis/build/smarie/python-parsyfiles/parsyfiles/tests/parsing_capabilities_by_type/primitives_data/bool/ok/b64pickle-str-y=True.txt -&gt; bool ------- using [Try &apos;$&lt;read_str_from_txt&gt; =&gt; &lt;str_to_bool&gt;$&apos; then &apos;$&lt;read_str_from_txt&gt; =&gt; &lt;base64_ascii_str_pickle_to_object&gt; -&gt; &lt;float_to_bool&gt;$&apos; then &apos;$&lt;read_str_from_txt&gt; =&gt; &lt;base64_ascii_str_pickle_to_object&gt; -&gt; &lt;int_to_bool&gt;$&apos; then &apos;$&lt;read_str_from_txt&gt; =&gt; &lt;base64_ascii_str_pickle_to_object&gt; -&gt; &lt;str_to_bool&gt;$&apos; then &apos;$&lt;read_str_from_txt&gt; =&gt; &lt;base64_ascii_str_pickle_to_object&gt;$]&apos;]
(B)                                                                                                                |--b64pickle-str-y=True.txt -&gt; bool ------- using $&lt;read_str_from_txt&gt; =&gt; &lt;str_to_bool&gt;$
Parsing Plan created successfully

Executing Parsing Plan for [/home/travis/build/smarie/python-parsyfiles/parsyfiles/tests/parsing_capabilities_by_type/primitives_data/bool/ok/b64pickle-str-y=True]
(P) /home/travis/build/smarie/python-parsyfiles/parsyfiles/tests/parsing_capabilities_by_type/primitives_data/bool/ok/b64pickle-str-y=True.txt -&gt; bool ------- using $&lt;read_str_from_txt&gt; =&gt; &lt;str_to_bool&gt;$
  !! Caught error during execution !!
  File &quot;/home/travis/build/smarie/python-parsyfiles/parsyfiles/converting_core.py&quot;, line 524, in _convert
    return self.conversion_method(desired_type, source_obj, logger, **opts)
  File &quot;/home/travis/build/smarie/python-parsyfiles/parsyfiles/plugins_base/support_for_primitive_types.py&quot;, line 84, in primitive_to_bool
    return bool(strtobool(source))
  File &quot;/opt/python/3.5.5/lib/python3.5/distutils/util.py&quot;, line 317, in strtobool
    raise ValueError(&quot;invalid truth value %r&quot; % (val,))
  ValueError : invalid truth value &apos;ganyaqaaahlxac4=&apos;
(B)                                                                                                                |--b64pickle-str-y=True.txt -&gt; bool ------- using $&lt;read_str_from_txt&gt; =&gt; &lt;base64_ascii_str_pickle_to_object&gt; -&gt; &lt;float_to_bool&gt;$
Executing Parsing Plan for [/home/travis/build/smarie/python-parsyfiles/parsyfiles/tests/parsing_capabilities_by_type/primitives_data/bool/ok/b64pickle-str-y=True]
(P) /home/travis/build/smarie/python-parsyfiles/parsyfiles/tests/parsing_capabilities_by_type/primitives_data/bool/ok/b64pickle-str-y=True.txt -&gt; bool ------- using $&lt;read_str_from_txt&gt; =&gt; &lt;base64_ascii_str_pickle_to_object&gt; -&gt; &lt;float_to_bool&gt;$
  !! Caught error during execution !!
  File &quot;/home/travis/build/smarie/python-parsyfiles/parsyfiles/converting_core.py&quot;, line 319, in convert
    return self._convert(desired_type, source_obj, logger, options)
  File &quot;/home/travis/build/smarie/python-parsyfiles/parsyfiles/converting_core.py&quot;, line 770, in _convert
    return self._converters_list[-1].convert(desired_type, obj, logger, options)
  File &quot;/home/travis/build/smarie/python-parsyfiles/parsyfiles/converting_core.py&quot;, line 321, in convert
    raise ConversionException.create_not_able_to_convert(source_obj, self, desired_type)
  ConversionException : Converter &lt;float_to_bool&gt; is not able to ingest source value &apos;y&apos; of type &apos;str&apos; and/or convert it to type &apos;bool&apos;. This can happen in a chain when the previous step in the chain is generic and actually produced  an output of the wrong type/content
(B)                                                                                                                |--b64pickle-str-y=True.txt -&gt; bool ------- using $&lt;read_str_from_txt&gt; =&gt; &lt;base64_ascii_str_pickle_to_object&gt; -&gt; &lt;int_to_bool&gt;$
Executing Parsing Plan for [/home/travis/build/smarie/python-parsyfiles/parsyfiles/tests/parsing_capabilities_by_type/primitives_data/bool/ok/b64pickle-str-y=True]
(P) /home/travis/build/smarie/python-parsyfiles/parsyfiles/tests/parsing_capabilities_by_type/primitives_data/bool/ok/b64pickle-str-y=True.txt -&gt; bool ------- using $&lt;read_str_from_txt&gt; =&gt; &lt;base64_ascii_str_pickle_to_object&gt; -&gt; &lt;int_to_bool&gt;$
  !! Caught error during execution !!
  File &quot;/home/travis/build/smarie/python-parsyfiles/parsyfiles/converting_core.py&quot;, line 319, in convert
    return self._convert(desired_type, source_obj, logger, options)
  File &quot;/home/travis/build/smarie/python-parsyfiles/parsyfiles/converting_core.py&quot;, line 770, in _convert
    return self._converters_list[-1].convert(desired_type, obj, logger, options)
  File &quot;/home/travis/build/smarie/python-parsyfiles/parsyfiles/converting_core.py&quot;, line 321, in convert
    raise ConversionException.create_not_able_to_convert(source_obj, self, desired_type)
  ConversionException : Converter &lt;int_to_bool&gt; is not able to ingest source value &apos;y&apos; of type &apos;str&apos; and/or convert it to type &apos;bool&apos;. This can happen in a chain when the previous step in the chain is generic and actually produced  an output of the wrong type/content
(B)                                                                                                                |--b64pickle-str-y=True.txt -&gt; bool ------- using $&lt;read_str_from_txt&gt; =&gt; &lt;base64_ascii_str_pickle_to_object&gt; -&gt; &lt;str_to_bool&gt;$
Executing Parsing Plan for [/home/travis/build/smarie/python-parsyfiles/parsyfiles/tests/parsing_capabilities_by_type/primitives_data/bool/ok/b64pickle-str-y=True]
(P) /home/travis/build/smarie/python-parsyfiles/parsyfiles/tests/parsing_capabilities_by_type/primitives_data/bool/ok/b64pickle-str-y=True.txt -&gt; bool ------- using $&lt;read_str_from_txt&gt; =&gt; &lt;base64_ascii_str_pickle_to_object&gt; -&gt; &lt;str_to_bool&gt;$
(P)                                                                                                                |--b64pickle-str-y=True.txt -&gt; bool SUCCESS !
Completed parsing successfully

True==1
</system-out></testcase><testcase classname="parsyfiles.tests.parsing_capabilities_by_type.test_parse_primitives" file="parsyfiles/tests/parsing_capabilities_by_type/test_parse_primitives.py" line="179" name="test_parse_by_type[bool-ok-pickle-int-1=True.pyc]" time="0.037171363830566406"><system-out>**** Starting to parse single object of type &lt;bool&gt; at location /home/travis/build/smarie/python-parsyfiles/parsyfiles/tests/parsing_capabilities_by_type/primitives_data/bool/ok/pickle-int-1=True ****
Checking all files under [/home/travis/build/smarie/python-parsyfiles/parsyfiles/tests/parsing_capabilities_by_type/primitives_data/bool/ok/pickle-int-1=True]
(C) /home/travis/build/smarie/python-parsyfiles/parsyfiles/tests/parsing_capabilities_by_type/primitives_data/bool/ok/pickle-int-1=True (singlefile, .pyc)
File checks done

Building a parsing plan to parse [/home/travis/build/smarie/python-parsyfiles/parsyfiles/tests/parsing_capabilities_by_type/primitives_data/bool/ok/pickle-int-1=True] into a bool
(B) /home/travis/build/smarie/python-parsyfiles/parsyfiles/tests/parsing_capabilities_by_type/primitives_data/bool/ok/pickle-int-1=True.pyc -&gt; bool ------- using [Try &apos;$&lt;read_object_from_pickle&gt; =&gt; &lt;float_to_bool&gt;$&apos; then &apos;$&lt;read_object_from_pickle&gt; =&gt; &lt;int_to_bool&gt;$&apos; then &apos;$&lt;read_object_from_pickle&gt; =&gt; &lt;str_to_bool&gt;$&apos; then &apos;&lt;read_object_from_pickle&gt;]&apos;]
(B)                                                                                                                |--pickle-int-1=True.pyc -&gt; bool ------- using $&lt;read_object_from_pickle&gt; =&gt; &lt;float_to_bool&gt;$
Parsing Plan created successfully

Executing Parsing Plan for [/home/travis/build/smarie/python-parsyfiles/parsyfiles/tests/parsing_capabilities_by_type/primitives_data/bool/ok/pickle-int-1=True]
(P) /home/travis/build/smarie/python-parsyfiles/parsyfiles/tests/parsing_capabilities_by_type/primitives_data/bool/ok/pickle-int-1=True.pyc -&gt; bool ------- using $&lt;read_object_from_pickle&gt; =&gt; &lt;float_to_bool&gt;$
  !! Caught error during execution !!
  File &quot;/home/travis/build/smarie/python-parsyfiles/parsyfiles/parsing_core.py&quot;, line 177, in _execute
    self.get_singlefile_encoding(), logger, options)
  File &quot;/home/travis/build/smarie/python-parsyfiles/parsyfiles/parsing_combining_parsers.py&quot;, line 598, in _parse_singlefile
    return self._converter.convert(desired_type, first, logger, options)
  File &quot;/home/travis/build/smarie/python-parsyfiles/parsyfiles/converting_core.py&quot;, line 321, in convert
    raise ConversionException.create_not_able_to_convert(source_obj, self, desired_type)
  ConversionException : Converter $&lt;float_to_bool&gt;$ is not able to ingest source value &apos;1&apos; of type &apos;int&apos; and/or convert it to type &apos;bool&apos;. This can happen in a chain when the previous step in the chain is generic and actually produced  an output of the wrong type/content
(B)                                                                                                                |--pickle-int-1=True.pyc -&gt; bool ------- using $&lt;read_object_from_pickle&gt; =&gt; &lt;int_to_bool&gt;$
Executing Parsing Plan for [/home/travis/build/smarie/python-parsyfiles/parsyfiles/tests/parsing_capabilities_by_type/primitives_data/bool/ok/pickle-int-1=True]
(P) /home/travis/build/smarie/python-parsyfiles/parsyfiles/tests/parsing_capabilities_by_type/primitives_data/bool/ok/pickle-int-1=True.pyc -&gt; bool ------- using $&lt;read_object_from_pickle&gt; =&gt; &lt;int_to_bool&gt;$
(P)                                                                                                                |--pickle-int-1=True.pyc -&gt; bool SUCCESS !
Completed parsing successfully

True==1
</system-out></testcase><testcase classname="parsyfiles.tests.parsing_capabilities_by_type.test_parse_primitives" file="parsyfiles/tests/parsing_capabilities_by_type/test_parse_primitives.py" line="179" name="test_parse_by_type[bool-ok-txt-int-1=True.txt]" time="0.036408185958862305"><system-out>**** Starting to parse single object of type &lt;bool&gt; at location /home/travis/build/smarie/python-parsyfiles/parsyfiles/tests/parsing_capabilities_by_type/primitives_data/bool/ok/txt-int-1=True ****
Checking all files under [/home/travis/build/smarie/python-parsyfiles/parsyfiles/tests/parsing_capabilities_by_type/primitives_data/bool/ok/txt-int-1=True]
(C) /home/travis/build/smarie/python-parsyfiles/parsyfiles/tests/parsing_capabilities_by_type/primitives_data/bool/ok/txt-int-1=True (singlefile, .txt)
File checks done

Building a parsing plan to parse [/home/travis/build/smarie/python-parsyfiles/parsyfiles/tests/parsing_capabilities_by_type/primitives_data/bool/ok/txt-int-1=True] into a bool
(B) /home/travis/build/smarie/python-parsyfiles/parsyfiles/tests/parsing_capabilities_by_type/primitives_data/bool/ok/txt-int-1=True.txt -&gt; bool ------- using [Try &apos;$&lt;read_str_from_txt&gt; =&gt; &lt;str_to_bool&gt;$&apos; then &apos;$&lt;read_str_from_txt&gt; =&gt; &lt;base64_ascii_str_pickle_to_object&gt; -&gt; &lt;float_to_bool&gt;$&apos; then &apos;$&lt;read_str_from_txt&gt; =&gt; &lt;base64_ascii_str_pickle_to_object&gt; -&gt; &lt;int_to_bool&gt;$&apos; then &apos;$&lt;read_str_from_txt&gt; =&gt; &lt;base64_ascii_str_pickle_to_object&gt; -&gt; &lt;str_to_bool&gt;$&apos; then &apos;$&lt;read_str_from_txt&gt; =&gt; &lt;base64_ascii_str_pickle_to_object&gt;$]&apos;]
(B)                                                                                                                |--txt-int-1=True.txt -&gt; bool ------- using $&lt;read_str_from_txt&gt; =&gt; &lt;str_to_bool&gt;$
Parsing Plan created successfully

Executing Parsing Plan for [/home/travis/build/smarie/python-parsyfiles/parsyfiles/tests/parsing_capabilities_by_type/primitives_data/bool/ok/txt-int-1=True]
(P) /home/travis/build/smarie/python-parsyfiles/parsyfiles/tests/parsing_capabilities_by_type/primitives_data/bool/ok/txt-int-1=True.txt -&gt; bool ------- using $&lt;read_str_from_txt&gt; =&gt; &lt;str_to_bool&gt;$
(P)                                                                                                                |--txt-int-1=True.txt -&gt; bool SUCCESS !
Completed parsing successfully

True==1
</system-out></testcase><testcase classname="parsyfiles.tests.parsing_capabilities_by_type.test_parse_primitives" file="parsyfiles/tests/parsing_capabilities_by_type/test_parse_primitives.py" line="179" name="test_parse_by_type[bool-ok-txt-bool-True=True.txt]" time="0.037953853607177734"><system-out>**** Starting to parse single object of type &lt;bool&gt; at location /home/travis/build/smarie/python-parsyfiles/parsyfiles/tests/parsing_capabilities_by_type/primitives_data/bool/ok/txt-bool-True=True ****
Checking all files under [/home/travis/build/smarie/python-parsyfiles/parsyfiles/tests/parsing_capabilities_by_type/primitives_data/bool/ok/txt-bool-True=True]
(C) /home/travis/build/smarie/python-parsyfiles/parsyfiles/tests/parsing_capabilities_by_type/primitives_data/bool/ok/txt-bool-True=True (singlefile, .txt)
File checks done

Building a parsing plan to parse [/home/travis/build/smarie/python-parsyfiles/parsyfiles/tests/parsing_capabilities_by_type/primitives_data/bool/ok/txt-bool-True=True] into a bool
(B) /home/travis/build/smarie/python-parsyfiles/parsyfiles/tests/parsing_capabilities_by_type/primitives_data/bool/ok/txt-bool-True=True.txt -&gt; bool ------- using [Try &apos;$&lt;read_str_from_txt&gt; =&gt; &lt;str_to_bool&gt;$&apos; then &apos;$&lt;read_str_from_txt&gt; =&gt; &lt;base64_ascii_str_pickle_to_object&gt; -&gt; &lt;float_to_bool&gt;$&apos; then &apos;$&lt;read_str_from_txt&gt; =&gt; &lt;base64_ascii_str_pickle_to_object&gt; -&gt; &lt;int_to_bool&gt;$&apos; then &apos;$&lt;read_str_from_txt&gt; =&gt; &lt;base64_ascii_str_pickle_to_object&gt; -&gt; &lt;str_to_bool&gt;$&apos; then &apos;$&lt;read_str_from_txt&gt; =&gt; &lt;base64_ascii_str_pickle_to_object&gt;$]&apos;]
(B)                                                                                                                |--txt-bool-True=True.txt -&gt; bool ------- using $&lt;read_str_from_txt&gt; =&gt; &lt;str_to_bool&gt;$
Parsing Plan created successfully

Executing Parsing Plan for [/home/travis/build/smarie/python-parsyfiles/parsyfiles/tests/parsing_capabilities_by_type/primitives_data/bool/ok/txt-bool-True=True]
(P) /home/travis/build/smarie/python-parsyfiles/parsyfiles/tests/parsing_capabilities_by_type/primitives_data/bool/ok/txt-bool-True=True.txt -&gt; bool ------- using $&lt;read_str_from_txt&gt; =&gt; &lt;str_to_bool&gt;$
(P)                                                                                                                |--txt-bool-True=True.txt -&gt; bool SUCCESS !
Completed parsing successfully

True==1
</system-out></testcase><testcase classname="parsyfiles.tests.parsing_capabilities_by_type.test_parse_primitives" file="parsyfiles/tests/parsing_capabilities_by_type/test_parse_primitives.py" line="179" name="test_parse_by_type[bool-ok-b64pickle-int-0=False.txt]" time="0.03880167007446289"><system-out>**** Starting to parse single object of type &lt;bool&gt; at location /home/travis/build/smarie/python-parsyfiles/parsyfiles/tests/parsing_capabilities_by_type/primitives_data/bool/ok/b64pickle-int-0=False ****
Checking all files under [/home/travis/build/smarie/python-parsyfiles/parsyfiles/tests/parsing_capabilities_by_type/primitives_data/bool/ok/b64pickle-int-0=False]
(C) /home/travis/build/smarie/python-parsyfiles/parsyfiles/tests/parsing_capabilities_by_type/primitives_data/bool/ok/b64pickle-int-0=False (singlefile, .txt)
File checks done

Building a parsing plan to parse [/home/travis/build/smarie/python-parsyfiles/parsyfiles/tests/parsing_capabilities_by_type/primitives_data/bool/ok/b64pickle-int-0=False] into a bool
(B) /home/travis/build/smarie/python-parsyfiles/parsyfiles/tests/parsing_capabilities_by_type/primitives_data/bool/ok/b64pickle-int-0=False.txt -&gt; bool ------- using [Try &apos;$&lt;read_str_from_txt&gt; =&gt; &lt;str_to_bool&gt;$&apos; then &apos;$&lt;read_str_from_txt&gt; =&gt; &lt;base64_ascii_str_pickle_to_object&gt; -&gt; &lt;float_to_bool&gt;$&apos; then &apos;$&lt;read_str_from_txt&gt; =&gt; &lt;base64_ascii_str_pickle_to_object&gt; -&gt; &lt;int_to_bool&gt;$&apos; then &apos;$&lt;read_str_from_txt&gt; =&gt; &lt;base64_ascii_str_pickle_to_object&gt; -&gt; &lt;str_to_bool&gt;$&apos; then &apos;$&lt;read_str_from_txt&gt; =&gt; &lt;base64_ascii_str_pickle_to_object&gt;$]&apos;]
(B)                                                                                                                |--b64pickle-int-0=False.txt -&gt; bool ------- using $&lt;read_str_from_txt&gt; =&gt; &lt;str_to_bool&gt;$
Parsing Plan created successfully

Executing Parsing Plan for [/home/travis/build/smarie/python-parsyfiles/parsyfiles/tests/parsing_capabilities_by_type/primitives_data/bool/ok/b64pickle-int-0=False]
(P) /home/travis/build/smarie/python-parsyfiles/parsyfiles/tests/parsing_capabilities_by_type/primitives_data/bool/ok/b64pickle-int-0=False.txt -&gt; bool ------- using $&lt;read_str_from_txt&gt; =&gt; &lt;str_to_bool&gt;$
  !! Caught error during execution !!
  File &quot;/home/travis/build/smarie/python-parsyfiles/parsyfiles/converting_core.py&quot;, line 524, in _convert
    return self.conversion_method(desired_type, source_obj, logger, **opts)
  File &quot;/home/travis/build/smarie/python-parsyfiles/parsyfiles/plugins_base/support_for_primitive_types.py&quot;, line 84, in primitive_to_bool
    return bool(strtobool(source))
  File &quot;/opt/python/3.5.5/lib/python3.5/distutils/util.py&quot;, line 317, in strtobool
    raise ValueError(&quot;invalid truth value %r&quot; % (val,))
  ValueError : invalid truth value &apos;ganlac4=&apos;
(B)                                                                                                                |--b64pickle-int-0=False.txt -&gt; bool ------- using $&lt;read_str_from_txt&gt; =&gt; &lt;base64_ascii_str_pickle_to_object&gt; -&gt; &lt;float_to_bool&gt;$
Executing Parsing Plan for [/home/travis/build/smarie/python-parsyfiles/parsyfiles/tests/parsing_capabilities_by_type/primitives_data/bool/ok/b64pickle-int-0=False]
(P) /home/travis/build/smarie/python-parsyfiles/parsyfiles/tests/parsing_capabilities_by_type/primitives_data/bool/ok/b64pickle-int-0=False.txt -&gt; bool ------- using $&lt;read_str_from_txt&gt; =&gt; &lt;base64_ascii_str_pickle_to_object&gt; -&gt; &lt;float_to_bool&gt;$
  !! Caught error during execution !!
  File &quot;/home/travis/build/smarie/python-parsyfiles/parsyfiles/converting_core.py&quot;, line 319, in convert
    return self._convert(desired_type, source_obj, logger, options)
  File &quot;/home/travis/build/smarie/python-parsyfiles/parsyfiles/converting_core.py&quot;, line 770, in _convert
    return self._converters_list[-1].convert(desired_type, obj, logger, options)
  File &quot;/home/travis/build/smarie/python-parsyfiles/parsyfiles/converting_core.py&quot;, line 321, in convert
    raise ConversionException.create_not_able_to_convert(source_obj, self, desired_type)
  ConversionException : Converter &lt;float_to_bool&gt; is not able to ingest source value &apos;0&apos; of type &apos;int&apos; and/or convert it to type &apos;bool&apos;. This can happen in a chain when the previous step in the chain is generic and actually produced  an output of the wrong type/content
(B)                                                                                                                |--b64pickle-int-0=False.txt -&gt; bool ------- using $&lt;read_str_from_txt&gt; =&gt; &lt;base64_ascii_str_pickle_to_object&gt; -&gt; &lt;int_to_bool&gt;$
Executing Parsing Plan for [/home/travis/build/smarie/python-parsyfiles/parsyfiles/tests/parsing_capabilities_by_type/primitives_data/bool/ok/b64pickle-int-0=False]
(P) /home/travis/build/smarie/python-parsyfiles/parsyfiles/tests/parsing_capabilities_by_type/primitives_data/bool/ok/b64pickle-int-0=False.txt -&gt; bool ------- using $&lt;read_str_from_txt&gt; =&gt; &lt;base64_ascii_str_pickle_to_object&gt; -&gt; &lt;int_to_bool&gt;$
(P)                                                                                                                |--b64pickle-int-0=False.txt -&gt; bool SUCCESS !
Completed parsing successfully

False==0
</system-out></testcase><testcase classname="parsyfiles.tests.parsing_capabilities_by_type.test_parse_primitives" file="parsyfiles/tests/parsing_capabilities_by_type/test_parse_primitives.py" line="179" name="test_parse_by_type[bool-ok-pickle-int-0=False.pyc]" time="0.03707265853881836"><system-out>**** Starting to parse single object of type &lt;bool&gt; at location /home/travis/build/smarie/python-parsyfiles/parsyfiles/tests/parsing_capabilities_by_type/primitives_data/bool/ok/pickle-int-0=False ****
Checking all files under [/home/travis/build/smarie/python-parsyfiles/parsyfiles/tests/parsing_capabilities_by_type/primitives_data/bool/ok/pickle-int-0=False]
(C) /home/travis/build/smarie/python-parsyfiles/parsyfiles/tests/parsing_capabilities_by_type/primitives_data/bool/ok/pickle-int-0=False (singlefile, .pyc)
File checks done

Building a parsing plan to parse [/home/travis/build/smarie/python-parsyfiles/parsyfiles/tests/parsing_capabilities_by_type/primitives_data/bool/ok/pickle-int-0=False] into a bool
(B) /home/travis/build/smarie/python-parsyfiles/parsyfiles/tests/parsing_capabilities_by_type/primitives_data/bool/ok/pickle-int-0=False.pyc -&gt; bool ------- using [Try &apos;$&lt;read_object_from_pickle&gt; =&gt; &lt;float_to_bool&gt;$&apos; then &apos;$&lt;read_object_from_pickle&gt; =&gt; &lt;int_to_bool&gt;$&apos; then &apos;$&lt;read_object_from_pickle&gt; =&gt; &lt;str_to_bool&gt;$&apos; then &apos;&lt;read_object_from_pickle&gt;]&apos;]
(B)                                                                                                                |--pickle-int-0=False.pyc -&gt; bool ------- using $&lt;read_object_from_pickle&gt; =&gt; &lt;float_to_bool&gt;$
Parsing Plan created successfully

Executing Parsing Plan for [/home/travis/build/smarie/python-parsyfiles/parsyfiles/tests/parsing_capabilities_by_type/primitives_data/bool/ok/pickle-int-0=False]
(P) /home/travis/build/smarie/python-parsyfiles/parsyfiles/tests/parsing_capabilities_by_type/primitives_data/bool/ok/pickle-int-0=False.pyc -&gt; bool ------- using $&lt;read_object_from_pickle&gt; =&gt; &lt;float_to_bool&gt;$
  !! Caught error during execution !!
  File &quot;/home/travis/build/smarie/python-parsyfiles/parsyfiles/parsing_core.py&quot;, line 177, in _execute
    self.get_singlefile_encoding(), logger, options)
  File &quot;/home/travis/build/smarie/python-parsyfiles/parsyfiles/parsing_combining_parsers.py&quot;, line 598, in _parse_singlefile
    return self._converter.convert(desired_type, first, logger, options)
  File &quot;/home/travis/build/smarie/python-parsyfiles/parsyfiles/converting_core.py&quot;, line 321, in convert
    raise ConversionException.create_not_able_to_convert(source_obj, self, desired_type)
  ConversionException : Converter $&lt;float_to_bool&gt;$ is not able to ingest source value &apos;0&apos; of type &apos;int&apos; and/or convert it to type &apos;bool&apos;. This can happen in a chain when the previous step in the chain is generic and actually produced  an output of the wrong type/content
(B)                                                                                                                |--pickle-int-0=False.pyc -&gt; bool ------- using $&lt;read_object_from_pickle&gt; =&gt; &lt;int_to_bool&gt;$
Executing Parsing Plan for [/home/travis/build/smarie/python-parsyfiles/parsyfiles/tests/parsing_capabilities_by_type/primitives_data/bool/ok/pickle-int-0=False]
(P) /home/travis/build/smarie/python-parsyfiles/parsyfiles/tests/parsing_capabilities_by_type/primitives_data/bool/ok/pickle-int-0=False.pyc -&gt; bool ------- using $&lt;read_object_from_pickle&gt; =&gt; &lt;int_to_bool&gt;$
(P)                                                                                                                |--pickle-int-0=False.pyc -&gt; bool SUCCESS !
Completed parsing successfully

False==0
</system-out></testcase><testcase classname="parsyfiles.tests.parsing_capabilities_by_type.test_parse_primitives" file="parsyfiles/tests/parsing_capabilities_by_type/test_parse_primitives.py" line="179" name="test_parse_by_type[bool-ok-b64pickle-int-1=True.txt]" time="0.039423227310180664"><system-out>**** Starting to parse single object of type &lt;bool&gt; at location /home/travis/build/smarie/python-parsyfiles/parsyfiles/tests/parsing_capabilities_by_type/primitives_data/bool/ok/b64pickle-int-1=True ****
Checking all files under [/home/travis/build/smarie/python-parsyfiles/parsyfiles/tests/parsing_capabilities_by_type/primitives_data/bool/ok/b64pickle-int-1=True]
(C) /home/travis/build/smarie/python-parsyfiles/parsyfiles/tests/parsing_capabilities_by_type/primitives_data/bool/ok/b64pickle-int-1=True (singlefile, .txt)
File checks done

Building a parsing plan to parse [/home/travis/build/smarie/python-parsyfiles/parsyfiles/tests/parsing_capabilities_by_type/primitives_data/bool/ok/b64pickle-int-1=True] into a bool
(B) /home/travis/build/smarie/python-parsyfiles/parsyfiles/tests/parsing_capabilities_by_type/primitives_data/bool/ok/b64pickle-int-1=True.txt -&gt; bool ------- using [Try &apos;$&lt;read_str_from_txt&gt; =&gt; &lt;str_to_bool&gt;$&apos; then &apos;$&lt;read_str_from_txt&gt; =&gt; &lt;base64_ascii_str_pickle_to_object&gt; -&gt; &lt;float_to_bool&gt;$&apos; then &apos;$&lt;read_str_from_txt&gt; =&gt; &lt;base64_ascii_str_pickle_to_object&gt; -&gt; &lt;int_to_bool&gt;$&apos; then &apos;$&lt;read_str_from_txt&gt; =&gt; &lt;base64_ascii_str_pickle_to_object&gt; -&gt; &lt;str_to_bool&gt;$&apos; then &apos;$&lt;read_str_from_txt&gt; =&gt; &lt;base64_ascii_str_pickle_to_object&gt;$]&apos;]
(B)                                                                                                                |--b64pickle-int-1=True.txt -&gt; bool ------- using $&lt;read_str_from_txt&gt; =&gt; &lt;str_to_bool&gt;$
Parsing Plan created successfully

Executing Parsing Plan for [/home/travis/build/smarie/python-parsyfiles/parsyfiles/tests/parsing_capabilities_by_type/primitives_data/bool/ok/b64pickle-int-1=True]
(P) /home/travis/build/smarie/python-parsyfiles/parsyfiles/tests/parsing_capabilities_by_type/primitives_data/bool/ok/b64pickle-int-1=True.txt -&gt; bool ------- using $&lt;read_str_from_txt&gt; =&gt; &lt;str_to_bool&gt;$
  !! Caught error during execution !!
  File &quot;/home/travis/build/smarie/python-parsyfiles/parsyfiles/converting_core.py&quot;, line 524, in _convert
    return self.conversion_method(desired_type, source_obj, logger, **opts)
  File &quot;/home/travis/build/smarie/python-parsyfiles/parsyfiles/plugins_base/support_for_primitive_types.py&quot;, line 84, in primitive_to_bool
    return bool(strtobool(source))
  File &quot;/opt/python/3.5.5/lib/python3.5/distutils/util.py&quot;, line 317, in strtobool
    raise ValueError(&quot;invalid truth value %r&quot; % (val,))
  ValueError : invalid truth value &apos;ganlas4=&apos;
(B)                                                                                                                |--b64pickle-int-1=True.txt -&gt; bool ------- using $&lt;read_str_from_txt&gt; =&gt; &lt;base64_ascii_str_pickle_to_object&gt; -&gt; &lt;float_to_bool&gt;$
Executing Parsing Plan for [/home/travis/build/smarie/python-parsyfiles/parsyfiles/tests/parsing_capabilities_by_type/primitives_data/bool/ok/b64pickle-int-1=True]
(P) /home/travis/build/smarie/python-parsyfiles/parsyfiles/tests/parsing_capabilities_by_type/primitives_data/bool/ok/b64pickle-int-1=True.txt -&gt; bool ------- using $&lt;read_str_from_txt&gt; =&gt; &lt;base64_ascii_str_pickle_to_object&gt; -&gt; &lt;float_to_bool&gt;$
  !! Caught error during execution !!
  File &quot;/home/travis/build/smarie/python-parsyfiles/parsyfiles/converting_core.py&quot;, line 319, in convert
    return self._convert(desired_type, source_obj, logger, options)
  File &quot;/home/travis/build/smarie/python-parsyfiles/parsyfiles/converting_core.py&quot;, line 770, in _convert
    return self._converters_list[-1].convert(desired_type, obj, logger, options)
  File &quot;/home/travis/build/smarie/python-parsyfiles/parsyfiles/converting_core.py&quot;, line 321, in convert
    raise ConversionException.create_not_able_to_convert(source_obj, self, desired_type)
  ConversionException : Converter &lt;float_to_bool&gt; is not able to ingest source value &apos;1&apos; of type &apos;int&apos; and/or convert it to type &apos;bool&apos;. This can happen in a chain when the previous step in the chain is generic and actually produced  an output of the wrong type/content
(B)                                                                                                                |--b64pickle-int-1=True.txt -&gt; bool ------- using $&lt;read_str_from_txt&gt; =&gt; &lt;base64_ascii_str_pickle_to_object&gt; -&gt; &lt;int_to_bool&gt;$
Executing Parsing Plan for [/home/travis/build/smarie/python-parsyfiles/parsyfiles/tests/parsing_capabilities_by_type/primitives_data/bool/ok/b64pickle-int-1=True]
(P) /home/travis/build/smarie/python-parsyfiles/parsyfiles/tests/parsing_capabilities_by_type/primitives_data/bool/ok/b64pickle-int-1=True.txt -&gt; bool ------- using $&lt;read_str_from_txt&gt; =&gt; &lt;base64_ascii_str_pickle_to_object&gt; -&gt; &lt;int_to_bool&gt;$
(P)                                                                                                                |--b64pickle-int-1=True.txt -&gt; bool SUCCESS !
Completed parsing successfully

True==1
</system-out></testcase><testcase classname="parsyfiles.tests.parsing_capabilities_by_type.test_parse_primitives" file="parsyfiles/tests/parsing_capabilities_by_type/test_parse_primitives.py" line="179" name="test_parse_by_type[bool-ok-pickle-float-1.0=True.pyc]" time="0.036618709564208984"><system-out>**** Starting to parse single object of type &lt;bool&gt; at location /home/travis/build/smarie/python-parsyfiles/parsyfiles/tests/parsing_capabilities_by_type/primitives_data/bool/ok/pickle-float-1.0=True ****
Checking all files under [/home/travis/build/smarie/python-parsyfiles/parsyfiles/tests/parsing_capabilities_by_type/primitives_data/bool/ok/pickle-float-1.0=True]
(C) /home/travis/build/smarie/python-parsyfiles/parsyfiles/tests/parsing_capabilities_by_type/primitives_data/bool/ok/pickle-float-1.0=True (singlefile, .pyc)
File checks done

Building a parsing plan to parse [/home/travis/build/smarie/python-parsyfiles/parsyfiles/tests/parsing_capabilities_by_type/primitives_data/bool/ok/pickle-float-1.0=True] into a bool
(B) /home/travis/build/smarie/python-parsyfiles/parsyfiles/tests/parsing_capabilities_by_type/primitives_data/bool/ok/pickle-float-1.0=True.pyc -&gt; bool ------- using [Try &apos;$&lt;read_object_from_pickle&gt; =&gt; &lt;float_to_bool&gt;$&apos; then &apos;$&lt;read_object_from_pickle&gt; =&gt; &lt;int_to_bool&gt;$&apos; then &apos;$&lt;read_object_from_pickle&gt; =&gt; &lt;str_to_bool&gt;$&apos; then &apos;&lt;read_object_from_pickle&gt;]&apos;]
(B)                                                                                                                |--pickle-float-1.0=True.pyc -&gt; bool ------- using $&lt;read_object_from_pickle&gt; =&gt; &lt;float_to_bool&gt;$
Parsing Plan created successfully

Executing Parsing Plan for [/home/travis/build/smarie/python-parsyfiles/parsyfiles/tests/parsing_capabilities_by_type/primitives_data/bool/ok/pickle-float-1.0=True]
(P) /home/travis/build/smarie/python-parsyfiles/parsyfiles/tests/parsing_capabilities_by_type/primitives_data/bool/ok/pickle-float-1.0=True.pyc -&gt; bool ------- using $&lt;read_object_from_pickle&gt; =&gt; &lt;float_to_bool&gt;$
(P)                                                                                                                |--pickle-float-1.0=True.pyc -&gt; bool SUCCESS !
Completed parsing successfully

True==1
</system-out></testcase><testcase classname="parsyfiles.tests.parsing_capabilities_by_type.test_parse_primitives" file="parsyfiles/tests/parsing_capabilities_by_type/test_parse_primitives.py" line="179" name="test_parse_by_type[bool-ok-txt-str-No=False.txt]" time="0.03555631637573242"><system-out>**** Starting to parse single object of type &lt;bool&gt; at location /home/travis/build/smarie/python-parsyfiles/parsyfiles/tests/parsing_capabilities_by_type/primitives_data/bool/ok/txt-str-No=False ****
Checking all files under [/home/travis/build/smarie/python-parsyfiles/parsyfiles/tests/parsing_capabilities_by_type/primitives_data/bool/ok/txt-str-No=False]
(C) /home/travis/build/smarie/python-parsyfiles/parsyfiles/tests/parsing_capabilities_by_type/primitives_data/bool/ok/txt-str-No=False (singlefile, .txt)
File checks done

Building a parsing plan to parse [/home/travis/build/smarie/python-parsyfiles/parsyfiles/tests/parsing_capabilities_by_type/primitives_data/bool/ok/txt-str-No=False] into a bool
(B) /home/travis/build/smarie/python-parsyfiles/parsyfiles/tests/parsing_capabilities_by_type/primitives_data/bool/ok/txt-str-No=False.txt -&gt; bool ------- using [Try &apos;$&lt;read_str_from_txt&gt; =&gt; &lt;str_to_bool&gt;$&apos; then &apos;$&lt;read_str_from_txt&gt; =&gt; &lt;base64_ascii_str_pickle_to_object&gt; -&gt; &lt;float_to_bool&gt;$&apos; then &apos;$&lt;read_str_from_txt&gt; =&gt; &lt;base64_ascii_str_pickle_to_object&gt; -&gt; &lt;int_to_bool&gt;$&apos; then &apos;$&lt;read_str_from_txt&gt; =&gt; &lt;base64_ascii_str_pickle_to_object&gt; -&gt; &lt;str_to_bool&gt;$&apos; then &apos;$&lt;read_str_from_txt&gt; =&gt; &lt;base64_ascii_str_pickle_to_object&gt;$]&apos;]
(B)                                                                                                                |--txt-str-No=False.txt -&gt; bool ------- using $&lt;read_str_from_txt&gt; =&gt; &lt;str_to_bool&gt;$
Parsing Plan created successfully

Executing Parsing Plan for [/home/travis/build/smarie/python-parsyfiles/parsyfiles/tests/parsing_capabilities_by_type/primitives_data/bool/ok/txt-str-No=False]
(P) /home/travis/build/smarie/python-parsyfiles/parsyfiles/tests/parsing_capabilities_by_type/primitives_data/bool/ok/txt-str-No=False.txt -&gt; bool ------- using $&lt;read_str_from_txt&gt; =&gt; &lt;str_to_bool&gt;$
(P)                                                                                                                |--txt-str-No=False.txt -&gt; bool SUCCESS !
Completed parsing successfully

False==0
</system-out></testcase><testcase classname="parsyfiles.tests.parsing_capabilities_by_type.test_parse_primitives" file="parsyfiles/tests/parsing_capabilities_by_type/test_parse_primitives.py" line="179" name="test_parse_by_type[bool-ok-pickle-str-No=False.pyc]" time="0.03664231300354004"><system-out>**** Starting to parse single object of type &lt;bool&gt; at location /home/travis/build/smarie/python-parsyfiles/parsyfiles/tests/parsing_capabilities_by_type/primitives_data/bool/ok/pickle-str-No=False ****
Checking all files under [/home/travis/build/smarie/python-parsyfiles/parsyfiles/tests/parsing_capabilities_by_type/primitives_data/bool/ok/pickle-str-No=False]
(C) /home/travis/build/smarie/python-parsyfiles/parsyfiles/tests/parsing_capabilities_by_type/primitives_data/bool/ok/pickle-str-No=False (singlefile, .pyc)
File checks done

Building a parsing plan to parse [/home/travis/build/smarie/python-parsyfiles/parsyfiles/tests/parsing_capabilities_by_type/primitives_data/bool/ok/pickle-str-No=False] into a bool
(B) /home/travis/build/smarie/python-parsyfiles/parsyfiles/tests/parsing_capabilities_by_type/primitives_data/bool/ok/pickle-str-No=False.pyc -&gt; bool ------- using [Try &apos;$&lt;read_object_from_pickle&gt; =&gt; &lt;float_to_bool&gt;$&apos; then &apos;$&lt;read_object_from_pickle&gt; =&gt; &lt;int_to_bool&gt;$&apos; then &apos;$&lt;read_object_from_pickle&gt; =&gt; &lt;str_to_bool&gt;$&apos; then &apos;&lt;read_object_from_pickle&gt;]&apos;]
(B)                                                                                                                |--pickle-str-No=False.pyc -&gt; bool ------- using $&lt;read_object_from_pickle&gt; =&gt; &lt;float_to_bool&gt;$
Parsing Plan created successfully

Executing Parsing Plan for [/home/travis/build/smarie/python-parsyfiles/parsyfiles/tests/parsing_capabilities_by_type/primitives_data/bool/ok/pickle-str-No=False]
(P) /home/travis/build/smarie/python-parsyfiles/parsyfiles/tests/parsing_capabilities_by_type/primitives_data/bool/ok/pickle-str-No=False.pyc -&gt; bool ------- using $&lt;read_object_from_pickle&gt; =&gt; &lt;float_to_bool&gt;$
  !! Caught error during execution !!
  File &quot;/home/travis/build/smarie/python-parsyfiles/parsyfiles/parsing_core.py&quot;, line 177, in _execute
    self.get_singlefile_encoding(), logger, options)
  File &quot;/home/travis/build/smarie/python-parsyfiles/parsyfiles/parsing_combining_parsers.py&quot;, line 598, in _parse_singlefile
    return self._converter.convert(desired_type, first, logger, options)
  File &quot;/home/travis/build/smarie/python-parsyfiles/parsyfiles/converting_core.py&quot;, line 321, in convert
    raise ConversionException.create_not_able_to_convert(source_obj, self, desired_type)
  ConversionException : Converter $&lt;float_to_bool&gt;$ is not able to ingest source value &apos;No&apos; of type &apos;str&apos; and/or convert it to type &apos;bool&apos;. This can happen in a chain when the previous step in the chain is generic and actually produced  an output of the wrong type/content
(B)                                                                                                                |--pickle-str-No=False.pyc -&gt; bool ------- using $&lt;read_object_from_pickle&gt; =&gt; &lt;int_to_bool&gt;$
Executing Parsing Plan for [/home/travis/build/smarie/python-parsyfiles/parsyfiles/tests/parsing_capabilities_by_type/primitives_data/bool/ok/pickle-str-No=False]
(P) /home/travis/build/smarie/python-parsyfiles/parsyfiles/tests/parsing_capabilities_by_type/primitives_data/bool/ok/pickle-str-No=False.pyc -&gt; bool ------- using $&lt;read_object_from_pickle&gt; =&gt; &lt;int_to_bool&gt;$
  !! Caught error during execution !!
  File &quot;/home/travis/build/smarie/python-parsyfiles/parsyfiles/parsing_core.py&quot;, line 177, in _execute
    self.get_singlefile_encoding(), logger, options)
  File &quot;/home/travis/build/smarie/python-parsyfiles/parsyfiles/parsing_combining_parsers.py&quot;, line 598, in _parse_singlefile
    return self._converter.convert(desired_type, first, logger, options)
  File &quot;/home/travis/build/smarie/python-parsyfiles/parsyfiles/converting_core.py&quot;, line 321, in convert
    raise ConversionException.create_not_able_to_convert(source_obj, self, desired_type)
  ConversionException : Converter $&lt;int_to_bool&gt;$ is not able to ingest source value &apos;No&apos; of type &apos;str&apos; and/or convert it to type &apos;bool&apos;. This can happen in a chain when the previous step in the chain is generic and actually produced  an output of the wrong type/content
(B)                                                                                                                |--pickle-str-No=False.pyc -&gt; bool ------- using $&lt;read_object_from_pickle&gt; =&gt; &lt;str_to_bool&gt;$
Executing Parsing Plan for [/home/travis/build/smarie/python-parsyfiles/parsyfiles/tests/parsing_capabilities_by_type/primitives_data/bool/ok/pickle-str-No=False]
(P) /home/travis/build/smarie/python-parsyfiles/parsyfiles/tests/parsing_capabilities_by_type/primitives_data/bool/ok/pickle-str-No=False.pyc -&gt; bool ------- using $&lt;read_object_from_pickle&gt; =&gt; &lt;str_to_bool&gt;$
(P)                                                                                                                |--pickle-str-No=False.pyc -&gt; bool SUCCESS !
Completed parsing successfully

False==0
</system-out></testcase><testcase classname="parsyfiles.tests.parsing_capabilities_by_type.test_parse_primitives" file="parsyfiles/tests/parsing_capabilities_by_type/test_parse_primitives.py" line="179" name="test_parse_by_type[bool-ok-b64pickle-float-1.0=True.txt]" time="0.037915945053100586"><system-out>**** Starting to parse single object of type &lt;bool&gt; at location /home/travis/build/smarie/python-parsyfiles/parsyfiles/tests/parsing_capabilities_by_type/primitives_data/bool/ok/b64pickle-float-1.0=True ****
Checking all files under [/home/travis/build/smarie/python-parsyfiles/parsyfiles/tests/parsing_capabilities_by_type/primitives_data/bool/ok/b64pickle-float-1.0=True]
(C) /home/travis/build/smarie/python-parsyfiles/parsyfiles/tests/parsing_capabilities_by_type/primitives_data/bool/ok/b64pickle-float-1.0=True (singlefile, .txt)
File checks done

Building a parsing plan to parse [/home/travis/build/smarie/python-parsyfiles/parsyfiles/tests/parsing_capabilities_by_type/primitives_data/bool/ok/b64pickle-float-1.0=True] into a bool
(B) /home/travis/build/smarie/python-parsyfiles/parsyfiles/tests/parsing_capabilities_by_type/primitives_data/bool/ok/b64pickle-float-1.0=True.txt -&gt; bool ------- using [Try &apos;$&lt;read_str_from_txt&gt; =&gt; &lt;str_to_bool&gt;$&apos; then &apos;$&lt;read_str_from_txt&gt; =&gt; &lt;base64_ascii_str_pickle_to_object&gt; -&gt; &lt;float_to_bool&gt;$&apos; then &apos;$&lt;read_str_from_txt&gt; =&gt; &lt;base64_ascii_str_pickle_to_object&gt; -&gt; &lt;int_to_bool&gt;$&apos; then &apos;$&lt;read_str_from_txt&gt; =&gt; &lt;base64_ascii_str_pickle_to_object&gt; -&gt; &lt;str_to_bool&gt;$&apos; then &apos;$&lt;read_str_from_txt&gt; =&gt; &lt;base64_ascii_str_pickle_to_object&gt;$]&apos;]
(B)                                                                                                                |--b64pickle-float-1.0=True.txt -&gt; bool ------- using $&lt;read_str_from_txt&gt; =&gt; &lt;str_to_bool&gt;$
Parsing Plan created successfully

Executing Parsing Plan for [/home/travis/build/smarie/python-parsyfiles/parsyfiles/tests/parsing_capabilities_by_type/primitives_data/bool/ok/b64pickle-float-1.0=True]
(P) /home/travis/build/smarie/python-parsyfiles/parsyfiles/tests/parsing_capabilities_by_type/primitives_data/bool/ok/b64pickle-float-1.0=True.txt -&gt; bool ------- using $&lt;read_str_from_txt&gt; =&gt; &lt;str_to_bool&gt;$
  !! Caught error during execution !!
  File &quot;/home/travis/build/smarie/python-parsyfiles/parsyfiles/converting_core.py&quot;, line 524, in _convert
    return self.conversion_method(desired_type, source_obj, logger, **opts)
  File &quot;/home/travis/build/smarie/python-parsyfiles/parsyfiles/plugins_base/support_for_primitive_types.py&quot;, line 84, in primitive_to_bool
    return bool(strtobool(source))
  File &quot;/opt/python/3.5.5/lib/python3.5/distutils/util.py&quot;, line 317, in strtobool
    raise ValueError(&quot;invalid truth value %r&quot; % (val,))
  ValueError : invalid truth value &apos;ganhp/aaaaaaaaau&apos;
(B)                                                                                                                |--b64pickle-float-1.0=True.txt -&gt; bool ------- using $&lt;read_str_from_txt&gt; =&gt; &lt;base64_ascii_str_pickle_to_object&gt; -&gt; &lt;float_to_bool&gt;$
Executing Parsing Plan for [/home/travis/build/smarie/python-parsyfiles/parsyfiles/tests/parsing_capabilities_by_type/primitives_data/bool/ok/b64pickle-float-1.0=True]
(P) /home/travis/build/smarie/python-parsyfiles/parsyfiles/tests/parsing_capabilities_by_type/primitives_data/bool/ok/b64pickle-float-1.0=True.txt -&gt; bool ------- using $&lt;read_str_from_txt&gt; =&gt; &lt;base64_ascii_str_pickle_to_object&gt; -&gt; &lt;float_to_bool&gt;$
(P)                                                                                                                |--b64pickle-float-1.0=True.txt -&gt; bool SUCCESS !
Completed parsing successfully

True==1
</system-out></testcase><testcase classname="parsyfiles.tests.parsing_capabilities_by_type.test_parse_primitives" file="parsyfiles/tests/parsing_capabilities_by_type/test_parse_primitives.py" line="179" name="test_parse_by_type[bool-err-pickle-str-.pyc]" time="0.03891444206237793"><system-out>**** Starting to parse single object of type &lt;bool&gt; at location /home/travis/build/smarie/python-parsyfiles/parsyfiles/tests/parsing_capabilities_by_type/primitives_data/bool/err/pickle-str- ****
Checking all files under [/home/travis/build/smarie/python-parsyfiles/parsyfiles/tests/parsing_capabilities_by_type/primitives_data/bool/err/pickle-str-]
(C) /home/travis/build/smarie/python-parsyfiles/parsyfiles/tests/parsing_capabilities_by_type/primitives_data/bool/err/pickle-str- (singlefile, .pyc)
File checks done

Building a parsing plan to parse [/home/travis/build/smarie/python-parsyfiles/parsyfiles/tests/parsing_capabilities_by_type/primitives_data/bool/err/pickle-str-] into a bool
(B) /home/travis/build/smarie/python-parsyfiles/parsyfiles/tests/parsing_capabilities_by_type/primitives_data/bool/err/pickle-str-.pyc -&gt; bool ------- using [Try &apos;$&lt;read_object_from_pickle&gt; =&gt; &lt;float_to_bool&gt;$&apos; then &apos;$&lt;read_object_from_pickle&gt; =&gt; &lt;int_to_bool&gt;$&apos; then &apos;$&lt;read_object_from_pickle&gt; =&gt; &lt;str_to_bool&gt;$&apos; then &apos;&lt;read_object_from_pickle&gt;]&apos;]
(B)                                                                                                                 |--pickle-str-.pyc -&gt; bool ------- using $&lt;read_object_from_pickle&gt; =&gt; &lt;float_to_bool&gt;$
Parsing Plan created successfully

Executing Parsing Plan for [/home/travis/build/smarie/python-parsyfiles/parsyfiles/tests/parsing_capabilities_by_type/primitives_data/bool/err/pickle-str-]
(P) /home/travis/build/smarie/python-parsyfiles/parsyfiles/tests/parsing_capabilities_by_type/primitives_data/bool/err/pickle-str-.pyc -&gt; bool ------- using $&lt;read_object_from_pickle&gt; =&gt; &lt;float_to_bool&gt;$
  !! Caught error during execution !!
  File &quot;/home/travis/build/smarie/python-parsyfiles/parsyfiles/parsing_core.py&quot;, line 177, in _execute
    self.get_singlefile_encoding(), logger, options)
  File &quot;/home/travis/build/smarie/python-parsyfiles/parsyfiles/parsing_combining_parsers.py&quot;, line 598, in _parse_singlefile
    return self._converter.convert(desired_type, first, logger, options)
  File &quot;/home/travis/build/smarie/python-parsyfiles/parsyfiles/converting_core.py&quot;, line 321, in convert
    raise ConversionException.create_not_able_to_convert(source_obj, self, desired_type)
  ConversionException : Converter $&lt;float_to_bool&gt;$ is not able to ingest source value &apos;&apos; of type &apos;str&apos; and/or convert it to type &apos;bool&apos;. This can happen in a chain when the previous step in the chain is generic and actually produced  an output of the wrong type/content
(B)                                                                                                                 |--pickle-str-.pyc -&gt; bool ------- using $&lt;read_object_from_pickle&gt; =&gt; &lt;int_to_bool&gt;$
Executing Parsing Plan for [/home/travis/build/smarie/python-parsyfiles/parsyfiles/tests/parsing_capabilities_by_type/primitives_data/bool/err/pickle-str-]
(P) /home/travis/build/smarie/python-parsyfiles/parsyfiles/tests/parsing_capabilities_by_type/primitives_data/bool/err/pickle-str-.pyc -&gt; bool ------- using $&lt;read_object_from_pickle&gt; =&gt; &lt;int_to_bool&gt;$
  !! Caught error during execution !!
  File &quot;/home/travis/build/smarie/python-parsyfiles/parsyfiles/parsing_core.py&quot;, line 177, in _execute
    self.get_singlefile_encoding(), logger, options)
  File &quot;/home/travis/build/smarie/python-parsyfiles/parsyfiles/parsing_combining_parsers.py&quot;, line 598, in _parse_singlefile
    return self._converter.convert(desired_type, first, logger, options)
  File &quot;/home/travis/build/smarie/python-parsyfiles/parsyfiles/converting_core.py&quot;, line 321, in convert
    raise ConversionException.create_not_able_to_convert(source_obj, self, desired_type)
  ConversionException : Converter $&lt;int_to_bool&gt;$ is not able to ingest source value &apos;&apos; of type &apos;str&apos; and/or convert it to type &apos;bool&apos;. This can happen in a chain when the previous step in the chain is generic and actually produced  an output of the wrong type/content
(B)                                                                                                                 |--pickle-str-.pyc -&gt; bool ------- using $&lt;read_object_from_pickle&gt; =&gt; &lt;str_to_bool&gt;$
Executing Parsing Plan for [/home/travis/build/smarie/python-parsyfiles/parsyfiles/tests/parsing_capabilities_by_type/primitives_data/bool/err/pickle-str-]
(P) /home/travis/build/smarie/python-parsyfiles/parsyfiles/tests/parsing_capabilities_by_type/primitives_data/bool/err/pickle-str-.pyc -&gt; bool ------- using $&lt;read_object_from_pickle&gt; =&gt; &lt;str_to_bool&gt;$
  !! Caught error during execution !!
  File &quot;/home/travis/build/smarie/python-parsyfiles/parsyfiles/converting_core.py&quot;, line 524, in _convert
    return self.conversion_method(desired_type, source_obj, logger, **opts)
  File &quot;/home/travis/build/smarie/python-parsyfiles/parsyfiles/plugins_base/support_for_primitive_types.py&quot;, line 84, in primitive_to_bool
    return bool(strtobool(source))
  File &quot;/opt/python/3.5.5/lib/python3.5/distutils/util.py&quot;, line 317, in strtobool
    raise ValueError(&quot;invalid truth value %r&quot; % (val,))
  ValueError : invalid truth value &apos;&apos;
(B)                                                                                                                 |--pickle-str-.pyc -&gt; bool ------- using &lt;read_object_from_pickle&gt;
Executing Parsing Plan for [/home/travis/build/smarie/python-parsyfiles/parsyfiles/tests/parsing_capabilities_by_type/primitives_data/bool/err/pickle-str-]
(P) /home/travis/build/smarie/python-parsyfiles/parsyfiles/tests/parsing_capabilities_by_type/primitives_data/bool/err/pickle-str-.pyc -&gt; bool ------- using &lt;read_object_from_pickle&gt;
                                                                                                                     ! CAUGHT: WrongTypeCreatedError - Error while parsing /home/travis/build/smarie/python-parsyfiles/parsyfiles/tests/parsing_capabilities_by_type/primitives_data/bool/err/pickle-str- (singlefile, .pyc) as a bool with parser &lt;read_object_from_pickle&gt; using options=({&apos;MultifileCollectionParser&apos;: {&apos;lazy_parsing&apos;: False}}) - parser returned an object of wrong type &lt;class &apos;str&apos;&gt;: 
</system-out></testcase><testcase classname="parsyfiles.tests.parsing_capabilities_by_type.test_parse_primitives" file="parsyfiles/tests/parsing_capabilities_by_type/test_parse_primitives.py" line="179" name="test_parse_by_type[bool-err-pickle-str-truth.pyc]" time="0.04147958755493164"><system-out>**** Starting to parse single object of type &lt;bool&gt; at location /home/travis/build/smarie/python-parsyfiles/parsyfiles/tests/parsing_capabilities_by_type/primitives_data/bool/err/pickle-str-truth ****
Checking all files under [/home/travis/build/smarie/python-parsyfiles/parsyfiles/tests/parsing_capabilities_by_type/primitives_data/bool/err/pickle-str-truth]
(C) /home/travis/build/smarie/python-parsyfiles/parsyfiles/tests/parsing_capabilities_by_type/primitives_data/bool/err/pickle-str-truth (singlefile, .pyc)
File checks done

Building a parsing plan to parse [/home/travis/build/smarie/python-parsyfiles/parsyfiles/tests/parsing_capabilities_by_type/primitives_data/bool/err/pickle-str-truth] into a bool
(B) /home/travis/build/smarie/python-parsyfiles/parsyfiles/tests/parsing_capabilities_by_type/primitives_data/bool/err/pickle-str-truth.pyc -&gt; bool ------- using [Try &apos;$&lt;read_object_from_pickle&gt; =&gt; &lt;float_to_bool&gt;$&apos; then &apos;$&lt;read_object_from_pickle&gt; =&gt; &lt;int_to_bool&gt;$&apos; then &apos;$&lt;read_object_from_pickle&gt; =&gt; &lt;str_to_bool&gt;$&apos; then &apos;&lt;read_object_from_pickle&gt;]&apos;]
(B)                                                                                                                 |--pickle-str-truth.pyc -&gt; bool ------- using $&lt;read_object_from_pickle&gt; =&gt; &lt;float_to_bool&gt;$
Parsing Plan created successfully

Executing Parsing Plan for [/home/travis/build/smarie/python-parsyfiles/parsyfiles/tests/parsing_capabilities_by_type/primitives_data/bool/err/pickle-str-truth]
(P) /home/travis/build/smarie/python-parsyfiles/parsyfiles/tests/parsing_capabilities_by_type/primitives_data/bool/err/pickle-str-truth.pyc -&gt; bool ------- using $&lt;read_object_from_pickle&gt; =&gt; &lt;float_to_bool&gt;$
  !! Caught error during execution !!
  File &quot;/home/travis/build/smarie/python-parsyfiles/parsyfiles/parsing_core.py&quot;, line 177, in _execute
    self.get_singlefile_encoding(), logger, options)
  File &quot;/home/travis/build/smarie/python-parsyfiles/parsyfiles/parsing_combining_parsers.py&quot;, line 598, in _parse_singlefile
    return self._converter.convert(desired_type, first, logger, options)
  File &quot;/home/travis/build/smarie/python-parsyfiles/parsyfiles/converting_core.py&quot;, line 321, in convert
    raise ConversionException.create_not_able_to_convert(source_obj, self, desired_type)
  ConversionException : Converter $&lt;float_to_bool&gt;$ is not able to ingest source value &apos;truth&apos; of type &apos;str&apos; and/or convert it to type &apos;bool&apos;. This can happen in a chain when the previous step in the chain is generic and actually produced  an output of the wrong type/content
(B)                                                                                                                 |--pickle-str-truth.pyc -&gt; bool ------- using $&lt;read_object_from_pickle&gt; =&gt; &lt;int_to_bool&gt;$
Executing Parsing Plan for [/home/travis/build/smarie/python-parsyfiles/parsyfiles/tests/parsing_capabilities_by_type/primitives_data/bool/err/pickle-str-truth]
(P) /home/travis/build/smarie/python-parsyfiles/parsyfiles/tests/parsing_capabilities_by_type/primitives_data/bool/err/pickle-str-truth.pyc -&gt; bool ------- using $&lt;read_object_from_pickle&gt; =&gt; &lt;int_to_bool&gt;$
  !! Caught error during execution !!
  File &quot;/home/travis/build/smarie/python-parsyfiles/parsyfiles/parsing_core.py&quot;, line 177, in _execute
    self.get_singlefile_encoding(), logger, options)
  File &quot;/home/travis/build/smarie/python-parsyfiles/parsyfiles/parsing_combining_parsers.py&quot;, line 598, in _parse_singlefile
    return self._converter.convert(desired_type, first, logger, options)
  File &quot;/home/travis/build/smarie/python-parsyfiles/parsyfiles/converting_core.py&quot;, line 321, in convert
    raise ConversionException.create_not_able_to_convert(source_obj, self, desired_type)
  ConversionException : Converter $&lt;int_to_bool&gt;$ is not able to ingest source value &apos;truth&apos; of type &apos;str&apos; and/or convert it to type &apos;bool&apos;. This can happen in a chain when the previous step in the chain is generic and actually produced  an output of the wrong type/content
(B)                                                                                                                 |--pickle-str-truth.pyc -&gt; bool ------- using $&lt;read_object_from_pickle&gt; =&gt; &lt;str_to_bool&gt;$
Executing Parsing Plan for [/home/travis/build/smarie/python-parsyfiles/parsyfiles/tests/parsing_capabilities_by_type/primitives_data/bool/err/pickle-str-truth]
(P) /home/travis/build/smarie/python-parsyfiles/parsyfiles/tests/parsing_capabilities_by_type/primitives_data/bool/err/pickle-str-truth.pyc -&gt; bool ------- using $&lt;read_object_from_pickle&gt; =&gt; &lt;str_to_bool&gt;$
  !! Caught error during execution !!
  File &quot;/home/travis/build/smarie/python-parsyfiles/parsyfiles/converting_core.py&quot;, line 524, in _convert
    return self.conversion_method(desired_type, source_obj, logger, **opts)
  File &quot;/home/travis/build/smarie/python-parsyfiles/parsyfiles/plugins_base/support_for_primitive_types.py&quot;, line 84, in primitive_to_bool
    return bool(strtobool(source))
  File &quot;/opt/python/3.5.5/lib/python3.5/distutils/util.py&quot;, line 317, in strtobool
    raise ValueError(&quot;invalid truth value %r&quot; % (val,))
  ValueError : invalid truth value &apos;truth&apos;
(B)                                                                                                                 |--pickle-str-truth.pyc -&gt; bool ------- using &lt;read_object_from_pickle&gt;
Executing Parsing Plan for [/home/travis/build/smarie/python-parsyfiles/parsyfiles/tests/parsing_capabilities_by_type/primitives_data/bool/err/pickle-str-truth]
(P) /home/travis/build/smarie/python-parsyfiles/parsyfiles/tests/parsing_capabilities_by_type/primitives_data/bool/err/pickle-str-truth.pyc -&gt; bool ------- using &lt;read_object_from_pickle&gt;
                                                                                                                     ! CAUGHT: WrongTypeCreatedError - Error while parsing /home/travis/build/smarie/python-parsyfiles/parsyfiles/tests/parsing_capabilities_by_type/primitives_data/bool/err/pickle-str-truth (singlefile, .pyc) as a bool with parser &lt;read_object_from_pickle&gt; using options=({&apos;MultifileCollectionParser&apos;: {&apos;lazy_parsing&apos;: False}}) - parser returned an object of wrong type &lt;class &apos;str&apos;&gt;: truth
</system-out></testcase><testcase classname="parsyfiles.tests.parsing_capabilities_by_type.test_parse_primitives" file="parsyfiles/tests/parsing_capabilities_by_type/test_parse_primitives.py" line="179" name="test_parse_by_type[bool-err-txt-float--1.0.txt]" time="0.04234623908996582"><system-out>**** Starting to parse single object of type &lt;bool&gt; at location /home/travis/build/smarie/python-parsyfiles/parsyfiles/tests/parsing_capabilities_by_type/primitives_data/bool/err/txt-float--1.0 ****
Checking all files under [/home/travis/build/smarie/python-parsyfiles/parsyfiles/tests/parsing_capabilities_by_type/primitives_data/bool/err/txt-float--1.0]
(C) /home/travis/build/smarie/python-parsyfiles/parsyfiles/tests/parsing_capabilities_by_type/primitives_data/bool/err/txt-float--1.0 (singlefile, .txt)
File checks done

Building a parsing plan to parse [/home/travis/build/smarie/python-parsyfiles/parsyfiles/tests/parsing_capabilities_by_type/primitives_data/bool/err/txt-float--1.0] into a bool
(B) /home/travis/build/smarie/python-parsyfiles/parsyfiles/tests/parsing_capabilities_by_type/primitives_data/bool/err/txt-float--1.0.txt -&gt; bool ------- using [Try &apos;$&lt;read_str_from_txt&gt; =&gt; &lt;str_to_bool&gt;$&apos; then &apos;$&lt;read_str_from_txt&gt; =&gt; &lt;base64_ascii_str_pickle_to_object&gt; -&gt; &lt;float_to_bool&gt;$&apos; then &apos;$&lt;read_str_from_txt&gt; =&gt; &lt;base64_ascii_str_pickle_to_object&gt; -&gt; &lt;int_to_bool&gt;$&apos; then &apos;$&lt;read_str_from_txt&gt; =&gt; &lt;base64_ascii_str_pickle_to_object&gt; -&gt; &lt;str_to_bool&gt;$&apos; then &apos;$&lt;read_str_from_txt&gt; =&gt; &lt;base64_ascii_str_pickle_to_object&gt;$]&apos;]
(B)                                                                                                                 |--txt-float--1.0.txt -&gt; bool ------- using $&lt;read_str_from_txt&gt; =&gt; &lt;str_to_bool&gt;$
Parsing Plan created successfully

Executing Parsing Plan for [/home/travis/build/smarie/python-parsyfiles/parsyfiles/tests/parsing_capabilities_by_type/primitives_data/bool/err/txt-float--1.0]
(P) /home/travis/build/smarie/python-parsyfiles/parsyfiles/tests/parsing_capabilities_by_type/primitives_data/bool/err/txt-float--1.0.txt -&gt; bool ------- using $&lt;read_str_from_txt&gt; =&gt; &lt;str_to_bool&gt;$
  !! Caught error during execution !!
  File &quot;/home/travis/build/smarie/python-parsyfiles/parsyfiles/converting_core.py&quot;, line 524, in _convert
    return self.conversion_method(desired_type, source_obj, logger, **opts)
  File &quot;/home/travis/build/smarie/python-parsyfiles/parsyfiles/plugins_base/support_for_primitive_types.py&quot;, line 84, in primitive_to_bool
    return bool(strtobool(source))
  File &quot;/opt/python/3.5.5/lib/python3.5/distutils/util.py&quot;, line 317, in strtobool
    raise ValueError(&quot;invalid truth value %r&quot; % (val,))
  ValueError : invalid truth value &apos;-1.0&apos;
(B)                                                                                                                 |--txt-float--1.0.txt -&gt; bool ------- using $&lt;read_str_from_txt&gt; =&gt; &lt;base64_ascii_str_pickle_to_object&gt; -&gt; &lt;float_to_bool&gt;$
Executing Parsing Plan for [/home/travis/build/smarie/python-parsyfiles/parsyfiles/tests/parsing_capabilities_by_type/primitives_data/bool/err/txt-float--1.0]
(P) /home/travis/build/smarie/python-parsyfiles/parsyfiles/tests/parsing_capabilities_by_type/primitives_data/bool/err/txt-float--1.0.txt -&gt; bool ------- using $&lt;read_str_from_txt&gt; =&gt; &lt;base64_ascii_str_pickle_to_object&gt; -&gt; &lt;float_to_bool&gt;$
  !! Caught error during execution !!
  File &quot;/home/travis/build/smarie/python-parsyfiles/parsyfiles/converting_core.py&quot;, line 524, in _convert
    return self.conversion_method(desired_type, source_obj, logger, **opts)
  File &quot;/home/travis/build/smarie/python-parsyfiles/parsyfiles/plugins_base/support_for_objects.py&quot;, line 56, in base64_ascii_str_pickle_to_object
    return pickle.loads(base64.b64decode(b64_ascii_str), fix_imports=True, encoding=&quot;ASCII&quot;, errors=&quot;strict&quot;)
  File &quot;/home/travis/virtualenv/python3.5.5/lib/python3.5/base64.py&quot;, line 88, in b64decode
    return binascii.a2b_base64(s)
  Error : Incorrect padding
(B)                                                                                                                 |--txt-float--1.0.txt -&gt; bool ------- using $&lt;read_str_from_txt&gt; =&gt; &lt;base64_ascii_str_pickle_to_object&gt; -&gt; &lt;int_to_bool&gt;$
Executing Parsing Plan for [/home/travis/build/smarie/python-parsyfiles/parsyfiles/tests/parsing_capabilities_by_type/primitives_data/bool/err/txt-float--1.0]
(P) /home/travis/build/smarie/python-parsyfiles/parsyfiles/tests/parsing_capabilities_by_type/primitives_data/bool/err/txt-float--1.0.txt -&gt; bool ------- using $&lt;read_str_from_txt&gt; =&gt; &lt;base64_ascii_str_pickle_to_object&gt; -&gt; &lt;int_to_bool&gt;$
  !! Caught error during execution !!
  File &quot;/home/travis/build/smarie/python-parsyfiles/parsyfiles/converting_core.py&quot;, line 524, in _convert
    return self.conversion_method(desired_type, source_obj, logger, **opts)
  File &quot;/home/travis/build/smarie/python-parsyfiles/parsyfiles/plugins_base/support_for_objects.py&quot;, line 56, in base64_ascii_str_pickle_to_object
    return pickle.loads(base64.b64decode(b64_ascii_str), fix_imports=True, encoding=&quot;ASCII&quot;, errors=&quot;strict&quot;)
  File &quot;/home/travis/virtualenv/python3.5.5/lib/python3.5/base64.py&quot;, line 88, in b64decode
    return binascii.a2b_base64(s)
  Error : Incorrect padding
(B)                                                                                                                 |--txt-float--1.0.txt -&gt; bool ------- using $&lt;read_str_from_txt&gt; =&gt; &lt;base64_ascii_str_pickle_to_object&gt; -&gt; &lt;str_to_bool&gt;$
Executing Parsing Plan for [/home/travis/build/smarie/python-parsyfiles/parsyfiles/tests/parsing_capabilities_by_type/primitives_data/bool/err/txt-float--1.0]
(P) /home/travis/build/smarie/python-parsyfiles/parsyfiles/tests/parsing_capabilities_by_type/primitives_data/bool/err/txt-float--1.0.txt -&gt; bool ------- using $&lt;read_str_from_txt&gt; =&gt; &lt;base64_ascii_str_pickle_to_object&gt; -&gt; &lt;str_to_bool&gt;$
  !! Caught error during execution !!
  File &quot;/home/travis/build/smarie/python-parsyfiles/parsyfiles/converting_core.py&quot;, line 524, in _convert
    return self.conversion_method(desired_type, source_obj, logger, **opts)
  File &quot;/home/travis/build/smarie/python-parsyfiles/parsyfiles/plugins_base/support_for_objects.py&quot;, line 56, in base64_ascii_str_pickle_to_object
    return pickle.loads(base64.b64decode(b64_ascii_str), fix_imports=True, encoding=&quot;ASCII&quot;, errors=&quot;strict&quot;)
  File &quot;/home/travis/virtualenv/python3.5.5/lib/python3.5/base64.py&quot;, line 88, in b64decode
    return binascii.a2b_base64(s)
  Error : Incorrect padding
(B)                                                                                                                 |--txt-float--1.0.txt -&gt; bool ------- using $&lt;read_str_from_txt&gt; =&gt; &lt;base64_ascii_str_pickle_to_object&gt;$
Executing Parsing Plan for [/home/travis/build/smarie/python-parsyfiles/parsyfiles/tests/parsing_capabilities_by_type/primitives_data/bool/err/txt-float--1.0]
(P) /home/travis/build/smarie/python-parsyfiles/parsyfiles/tests/parsing_capabilities_by_type/primitives_data/bool/err/txt-float--1.0.txt -&gt; bool ------- using $&lt;read_str_from_txt&gt; =&gt; &lt;base64_ascii_str_pickle_to_object&gt;$
  !! Caught error during execution !!
  File &quot;/home/travis/build/smarie/python-parsyfiles/parsyfiles/converting_core.py&quot;, line 524, in _convert
    return self.conversion_method(desired_type, source_obj, logger, **opts)
  File &quot;/home/travis/build/smarie/python-parsyfiles/parsyfiles/plugins_base/support_for_objects.py&quot;, line 56, in base64_ascii_str_pickle_to_object
    return pickle.loads(base64.b64decode(b64_ascii_str), fix_imports=True, encoding=&quot;ASCII&quot;, errors=&quot;strict&quot;)
  File &quot;/home/travis/virtualenv/python3.5.5/lib/python3.5/base64.py&quot;, line 88, in b64decode
    return binascii.a2b_base64(s)
  Error : Incorrect padding
</system-out></testcase><testcase classname="parsyfiles.tests.parsing_capabilities_by_type.test_parse_primitives" file="parsyfiles/tests/parsing_capabilities_by_type/test_parse_primitives.py" line="179" name="test_parse_by_type[bool-err-txt-str-.txt]" time="0.03723478317260742"><system-out>**** Starting to parse single object of type &lt;bool&gt; at location /home/travis/build/smarie/python-parsyfiles/parsyfiles/tests/parsing_capabilities_by_type/primitives_data/bool/err/txt-str- ****
Checking all files under [/home/travis/build/smarie/python-parsyfiles/parsyfiles/tests/parsing_capabilities_by_type/primitives_data/bool/err/txt-str-]
(C) /home/travis/build/smarie/python-parsyfiles/parsyfiles/tests/parsing_capabilities_by_type/primitives_data/bool/err/txt-str- (singlefile, .txt)
File checks done

Building a parsing plan to parse [/home/travis/build/smarie/python-parsyfiles/parsyfiles/tests/parsing_capabilities_by_type/primitives_data/bool/err/txt-str-] into a bool
(B) /home/travis/build/smarie/python-parsyfiles/parsyfiles/tests/parsing_capabilities_by_type/primitives_data/bool/err/txt-str-.txt -&gt; bool ------- using [Try &apos;$&lt;read_str_from_txt&gt; =&gt; &lt;str_to_bool&gt;$&apos; then &apos;$&lt;read_str_from_txt&gt; =&gt; &lt;base64_ascii_str_pickle_to_object&gt; -&gt; &lt;float_to_bool&gt;$&apos; then &apos;$&lt;read_str_from_txt&gt; =&gt; &lt;base64_ascii_str_pickle_to_object&gt; -&gt; &lt;int_to_bool&gt;$&apos; then &apos;$&lt;read_str_from_txt&gt; =&gt; &lt;base64_ascii_str_pickle_to_object&gt; -&gt; &lt;str_to_bool&gt;$&apos; then &apos;$&lt;read_str_from_txt&gt; =&gt; &lt;base64_ascii_str_pickle_to_object&gt;$]&apos;]
(B)                                                                                                                 |--txt-str-.txt -&gt; bool ------- using $&lt;read_str_from_txt&gt; =&gt; &lt;str_to_bool&gt;$
Parsing Plan created successfully

Executing Parsing Plan for [/home/travis/build/smarie/python-parsyfiles/parsyfiles/tests/parsing_capabilities_by_type/primitives_data/bool/err/txt-str-]
(P) /home/travis/build/smarie/python-parsyfiles/parsyfiles/tests/parsing_capabilities_by_type/primitives_data/bool/err/txt-str-.txt -&gt; bool ------- using $&lt;read_str_from_txt&gt; =&gt; &lt;str_to_bool&gt;$
  !! Caught error during execution !!
  File &quot;/home/travis/build/smarie/python-parsyfiles/parsyfiles/converting_core.py&quot;, line 524, in _convert
    return self.conversion_method(desired_type, source_obj, logger, **opts)
  File &quot;/home/travis/build/smarie/python-parsyfiles/parsyfiles/plugins_base/support_for_primitive_types.py&quot;, line 84, in primitive_to_bool
    return bool(strtobool(source))
  File &quot;/opt/python/3.5.5/lib/python3.5/distutils/util.py&quot;, line 317, in strtobool
    raise ValueError(&quot;invalid truth value %r&quot; % (val,))
  ValueError : invalid truth value &apos;&apos;
(B)                                                                                                                 |--txt-str-.txt -&gt; bool ------- using $&lt;read_str_from_txt&gt; =&gt; &lt;base64_ascii_str_pickle_to_object&gt; -&gt; &lt;float_to_bool&gt;$
Executing Parsing Plan for [/home/travis/build/smarie/python-parsyfiles/parsyfiles/tests/parsing_capabilities_by_type/primitives_data/bool/err/txt-str-]
(P) /home/travis/build/smarie/python-parsyfiles/parsyfiles/tests/parsing_capabilities_by_type/primitives_data/bool/err/txt-str-.txt -&gt; bool ------- using $&lt;read_str_from_txt&gt; =&gt; &lt;base64_ascii_str_pickle_to_object&gt; -&gt; &lt;float_to_bool&gt;$
  !! Caught error during execution !!
  File &quot;/home/travis/build/smarie/python-parsyfiles/parsyfiles/converting_core.py&quot;, line 319, in convert
    return self._convert(desired_type, source_obj, logger, options)
  File &quot;/home/travis/build/smarie/python-parsyfiles/parsyfiles/converting_core.py&quot;, line 524, in _convert
    return self.conversion_method(desired_type, source_obj, logger, **opts)
  File &quot;/home/travis/build/smarie/python-parsyfiles/parsyfiles/plugins_base/support_for_objects.py&quot;, line 56, in base64_ascii_str_pickle_to_object
    return pickle.loads(base64.b64decode(b64_ascii_str), fix_imports=True, encoding=&quot;ASCII&quot;, errors=&quot;strict&quot;)
  EOFError : Ran out of input
(B)                                                                                                                 |--txt-str-.txt -&gt; bool ------- using $&lt;read_str_from_txt&gt; =&gt; &lt;base64_ascii_str_pickle_to_object&gt; -&gt; &lt;int_to_bool&gt;$
Executing Parsing Plan for [/home/travis/build/smarie/python-parsyfiles/parsyfiles/tests/parsing_capabilities_by_type/primitives_data/bool/err/txt-str-]
(P) /home/travis/build/smarie/python-parsyfiles/parsyfiles/tests/parsing_capabilities_by_type/primitives_data/bool/err/txt-str-.txt -&gt; bool ------- using $&lt;read_str_from_txt&gt; =&gt; &lt;base64_ascii_str_pickle_to_object&gt; -&gt; &lt;int_to_bool&gt;$
  !! Caught error during execution !!
  File &quot;/home/travis/build/smarie/python-parsyfiles/parsyfiles/converting_core.py&quot;, line 319, in convert
    return self._convert(desired_type, source_obj, logger, options)
  File &quot;/home/travis/build/smarie/python-parsyfiles/parsyfiles/converting_core.py&quot;, line 524, in _convert
    return self.conversion_method(desired_type, source_obj, logger, **opts)
  File &quot;/home/travis/build/smarie/python-parsyfiles/parsyfiles/plugins_base/support_for_objects.py&quot;, line 56, in base64_ascii_str_pickle_to_object
    return pickle.loads(base64.b64decode(b64_ascii_str), fix_imports=True, encoding=&quot;ASCII&quot;, errors=&quot;strict&quot;)
  EOFError : Ran out of input
(B)                                                                                                                 |--txt-str-.txt -&gt; bool ------- using $&lt;read_str_from_txt&gt; =&gt; &lt;base64_ascii_str_pickle_to_object&gt; -&gt; &lt;str_to_bool&gt;$
Executing Parsing Plan for [/home/travis/build/smarie/python-parsyfiles/parsyfiles/tests/parsing_capabilities_by_type/primitives_data/bool/err/txt-str-]
(P) /home/travis/build/smarie/python-parsyfiles/parsyfiles/tests/parsing_capabilities_by_type/primitives_data/bool/err/txt-str-.txt -&gt; bool ------- using $&lt;read_str_from_txt&gt; =&gt; &lt;base64_ascii_str_pickle_to_object&gt; -&gt; &lt;str_to_bool&gt;$
  !! Caught error during execution !!
  File &quot;/home/travis/build/smarie/python-parsyfiles/parsyfiles/converting_core.py&quot;, line 319, in convert
    return self._convert(desired_type, source_obj, logger, options)
  File &quot;/home/travis/build/smarie/python-parsyfiles/parsyfiles/converting_core.py&quot;, line 524, in _convert
    return self.conversion_method(desired_type, source_obj, logger, **opts)
  File &quot;/home/travis/build/smarie/python-parsyfiles/parsyfiles/plugins_base/support_for_objects.py&quot;, line 56, in base64_ascii_str_pickle_to_object
    return pickle.loads(base64.b64decode(b64_ascii_str), fix_imports=True, encoding=&quot;ASCII&quot;, errors=&quot;strict&quot;)
  EOFError : Ran out of input
(B)                                                                                                                 |--txt-str-.txt -&gt; bool ------- using $&lt;read_str_from_txt&gt; =&gt; &lt;base64_ascii_str_pickle_to_object&gt;$
Executing Parsing Plan for [/home/travis/build/smarie/python-parsyfiles/parsyfiles/tests/parsing_capabilities_by_type/primitives_data/bool/err/txt-str-]
(P) /home/travis/build/smarie/python-parsyfiles/parsyfiles/tests/parsing_capabilities_by_type/primitives_data/bool/err/txt-str-.txt -&gt; bool ------- using $&lt;read_str_from_txt&gt; =&gt; &lt;base64_ascii_str_pickle_to_object&gt;$
  !! Caught error during execution !!
  File &quot;/home/travis/build/smarie/python-parsyfiles/parsyfiles/converting_core.py&quot;, line 319, in convert
    return self._convert(desired_type, source_obj, logger, options)
  File &quot;/home/travis/build/smarie/python-parsyfiles/parsyfiles/converting_core.py&quot;, line 524, in _convert
    return self.conversion_method(desired_type, source_obj, logger, **opts)
  File &quot;/home/travis/build/smarie/python-parsyfiles/parsyfiles/plugins_base/support_for_objects.py&quot;, line 56, in base64_ascii_str_pickle_to_object
    return pickle.loads(base64.b64decode(b64_ascii_str), fix_imports=True, encoding=&quot;ASCII&quot;, errors=&quot;strict&quot;)
  EOFError : Ran out of input
</system-out></testcase><testcase classname="parsyfiles.tests.parsing_capabilities_by_type.test_parse_primitives" file="parsyfiles/tests/parsing_capabilities_by_type/test_parse_primitives.py" line="179" name="test_parse_by_type[bool-err-b64pickle-int-6.txt]" time="0.04266500473022461"><system-out>**** Starting to parse single object of type &lt;bool&gt; at location /home/travis/build/smarie/python-parsyfiles/parsyfiles/tests/parsing_capabilities_by_type/primitives_data/bool/err/b64pickle-int-6 ****
Checking all files under [/home/travis/build/smarie/python-parsyfiles/parsyfiles/tests/parsing_capabilities_by_type/primitives_data/bool/err/b64pickle-int-6]
(C) /home/travis/build/smarie/python-parsyfiles/parsyfiles/tests/parsing_capabilities_by_type/primitives_data/bool/err/b64pickle-int-6 (singlefile, .txt)
File checks done

Building a parsing plan to parse [/home/travis/build/smarie/python-parsyfiles/parsyfiles/tests/parsing_capabilities_by_type/primitives_data/bool/err/b64pickle-int-6] into a bool
(B) /home/travis/build/smarie/python-parsyfiles/parsyfiles/tests/parsing_capabilities_by_type/primitives_data/bool/err/b64pickle-int-6.txt -&gt; bool ------- using [Try &apos;$&lt;read_str_from_txt&gt; =&gt; &lt;str_to_bool&gt;$&apos; then &apos;$&lt;read_str_from_txt&gt; =&gt; &lt;base64_ascii_str_pickle_to_object&gt; -&gt; &lt;float_to_bool&gt;$&apos; then &apos;$&lt;read_str_from_txt&gt; =&gt; &lt;base64_ascii_str_pickle_to_object&gt; -&gt; &lt;int_to_bool&gt;$&apos; then &apos;$&lt;read_str_from_txt&gt; =&gt; &lt;base64_ascii_str_pickle_to_object&gt; -&gt; &lt;str_to_bool&gt;$&apos; then &apos;$&lt;read_str_from_txt&gt; =&gt; &lt;base64_ascii_str_pickle_to_object&gt;$]&apos;]
(B)                                                                                                                 |--b64pickle-int-6.txt -&gt; bool ------- using $&lt;read_str_from_txt&gt; =&gt; &lt;str_to_bool&gt;$
Parsing Plan created successfully

Executing Parsing Plan for [/home/travis/build/smarie/python-parsyfiles/parsyfiles/tests/parsing_capabilities_by_type/primitives_data/bool/err/b64pickle-int-6]
(P) /home/travis/build/smarie/python-parsyfiles/parsyfiles/tests/parsing_capabilities_by_type/primitives_data/bool/err/b64pickle-int-6.txt -&gt; bool ------- using $&lt;read_str_from_txt&gt; =&gt; &lt;str_to_bool&gt;$
  !! Caught error during execution !!
  File &quot;/home/travis/build/smarie/python-parsyfiles/parsyfiles/converting_core.py&quot;, line 524, in _convert
    return self.conversion_method(desired_type, source_obj, logger, **opts)
  File &quot;/home/travis/build/smarie/python-parsyfiles/parsyfiles/plugins_base/support_for_primitive_types.py&quot;, line 84, in primitive_to_bool
    return bool(strtobool(source))
  File &quot;/opt/python/3.5.5/lib/python3.5/distutils/util.py&quot;, line 317, in strtobool
    raise ValueError(&quot;invalid truth value %r&quot; % (val,))
  ValueError : invalid truth value &apos;ganlbi4=&apos;
(B)                                                                                                                 |--b64pickle-int-6.txt -&gt; bool ------- using $&lt;read_str_from_txt&gt; =&gt; &lt;base64_ascii_str_pickle_to_object&gt; -&gt; &lt;float_to_bool&gt;$
Executing Parsing Plan for [/home/travis/build/smarie/python-parsyfiles/parsyfiles/tests/parsing_capabilities_by_type/primitives_data/bool/err/b64pickle-int-6]
(P) /home/travis/build/smarie/python-parsyfiles/parsyfiles/tests/parsing_capabilities_by_type/primitives_data/bool/err/b64pickle-int-6.txt -&gt; bool ------- using $&lt;read_str_from_txt&gt; =&gt; &lt;base64_ascii_str_pickle_to_object&gt; -&gt; &lt;float_to_bool&gt;$
  !! Caught error during execution !!
  File &quot;/home/travis/build/smarie/python-parsyfiles/parsyfiles/converting_core.py&quot;, line 319, in convert
    return self._convert(desired_type, source_obj, logger, options)
  File &quot;/home/travis/build/smarie/python-parsyfiles/parsyfiles/converting_core.py&quot;, line 770, in _convert
    return self._converters_list[-1].convert(desired_type, obj, logger, options)
  File &quot;/home/travis/build/smarie/python-parsyfiles/parsyfiles/converting_core.py&quot;, line 321, in convert
    raise ConversionException.create_not_able_to_convert(source_obj, self, desired_type)
  ConversionException : Converter &lt;float_to_bool&gt; is not able to ingest source value &apos;6&apos; of type &apos;int&apos; and/or convert it to type &apos;bool&apos;. This can happen in a chain when the previous step in the chain is generic and actually produced  an output of the wrong type/content
(B)                                                                                                                 |--b64pickle-int-6.txt -&gt; bool ------- using $&lt;read_str_from_txt&gt; =&gt; &lt;base64_ascii_str_pickle_to_object&gt; -&gt; &lt;int_to_bool&gt;$
Executing Parsing Plan for [/home/travis/build/smarie/python-parsyfiles/parsyfiles/tests/parsing_capabilities_by_type/primitives_data/bool/err/b64pickle-int-6]
(P) /home/travis/build/smarie/python-parsyfiles/parsyfiles/tests/parsing_capabilities_by_type/primitives_data/bool/err/b64pickle-int-6.txt -&gt; bool ------- using $&lt;read_str_from_txt&gt; =&gt; &lt;base64_ascii_str_pickle_to_object&gt; -&gt; &lt;int_to_bool&gt;$
  !! Caught error during execution !!
  File &quot;/home/travis/build/smarie/python-parsyfiles/parsyfiles/converting_core.py&quot;, line 319, in convert
    return self._convert(desired_type, source_obj, logger, options)
  File &quot;/home/travis/build/smarie/python-parsyfiles/parsyfiles/converting_core.py&quot;, line 524, in _convert
    return self.conversion_method(desired_type, source_obj, logger, **opts)
  File &quot;/home/travis/build/smarie/python-parsyfiles/parsyfiles/plugins_base/support_for_primitive_types.py&quot;, line 91, in primitive_to_bool
    raise ValueError(&apos;Cannot convert to bool : source is a number but is not 1 nor 0 : \&apos;&apos; + str(source) + &apos;\&apos;&apos;)
  ValueError : Cannot convert to bool : source is a number but is not 1 nor 0 : &apos;6&apos;
(B)                                                                                                                 |--b64pickle-int-6.txt -&gt; bool ------- using $&lt;read_str_from_txt&gt; =&gt; &lt;base64_ascii_str_pickle_to_object&gt; -&gt; &lt;str_to_bool&gt;$
Executing Parsing Plan for [/home/travis/build/smarie/python-parsyfiles/parsyfiles/tests/parsing_capabilities_by_type/primitives_data/bool/err/b64pickle-int-6]
(P) /home/travis/build/smarie/python-parsyfiles/parsyfiles/tests/parsing_capabilities_by_type/primitives_data/bool/err/b64pickle-int-6.txt -&gt; bool ------- using $&lt;read_str_from_txt&gt; =&gt; &lt;base64_ascii_str_pickle_to_object&gt; -&gt; &lt;str_to_bool&gt;$
  !! Caught error during execution !!
  File &quot;/home/travis/build/smarie/python-parsyfiles/parsyfiles/converting_core.py&quot;, line 319, in convert
    return self._convert(desired_type, source_obj, logger, options)
  File &quot;/home/travis/build/smarie/python-parsyfiles/parsyfiles/converting_core.py&quot;, line 770, in _convert
    return self._converters_list[-1].convert(desired_type, obj, logger, options)
  File &quot;/home/travis/build/smarie/python-parsyfiles/parsyfiles/converting_core.py&quot;, line 321, in convert
    raise ConversionException.create_not_able_to_convert(source_obj, self, desired_type)
  ConversionException : Converter &lt;str_to_bool&gt; is not able to ingest source value &apos;6&apos; of type &apos;int&apos; and/or convert it to type &apos;bool&apos;. This can happen in a chain when the previous step in the chain is generic and actually produced  an output of the wrong type/content
(B)                                                                                                                 |--b64pickle-int-6.txt -&gt; bool ------- using $&lt;read_str_from_txt&gt; =&gt; &lt;base64_ascii_str_pickle_to_object&gt;$
Executing Parsing Plan for [/home/travis/build/smarie/python-parsyfiles/parsyfiles/tests/parsing_capabilities_by_type/primitives_data/bool/err/b64pickle-int-6]
(P) /home/travis/build/smarie/python-parsyfiles/parsyfiles/tests/parsing_capabilities_by_type/primitives_data/bool/err/b64pickle-int-6.txt -&gt; bool ------- using $&lt;read_str_from_txt&gt; =&gt; &lt;base64_ascii_str_pickle_to_object&gt;$
                                                                                                                     ! CAUGHT: WrongTypeCreatedError - Error while parsing /home/travis/build/smarie/python-parsyfiles/parsyfiles/tests/parsing_capabilities_by_type/primitives_data/bool/err/b64pickle-int-6 (singlefile, .txt) as a bool with parser $&lt;read_str_from_txt&gt; =&gt; &lt;base64_ascii_str_pickle_to_object&gt;$ using options=({&apos;MultifileCollectionParser&apos;: {&apos;lazy_parsing&apos;: False}}) - parser returned an object of wrong type &lt;class &apos;int&apos;&gt;: 6
</system-out></testcase><testcase classname="parsyfiles.tests.parsing_capabilities_by_type.test_parse_primitives" file="parsyfiles/tests/parsing_capabilities_by_type/test_parse_primitives.py" line="179" name="test_parse_by_type[bool-err-b64pickle-str-.txt]" time="0.04237794876098633"><system-out>**** Starting to parse single object of type &lt;bool&gt; at location /home/travis/build/smarie/python-parsyfiles/parsyfiles/tests/parsing_capabilities_by_type/primitives_data/bool/err/b64pickle-str- ****
Checking all files under [/home/travis/build/smarie/python-parsyfiles/parsyfiles/tests/parsing_capabilities_by_type/primitives_data/bool/err/b64pickle-str-]
(C) /home/travis/build/smarie/python-parsyfiles/parsyfiles/tests/parsing_capabilities_by_type/primitives_data/bool/err/b64pickle-str- (singlefile, .txt)
File checks done

Building a parsing plan to parse [/home/travis/build/smarie/python-parsyfiles/parsyfiles/tests/parsing_capabilities_by_type/primitives_data/bool/err/b64pickle-str-] into a bool
(B) /home/travis/build/smarie/python-parsyfiles/parsyfiles/tests/parsing_capabilities_by_type/primitives_data/bool/err/b64pickle-str-.txt -&gt; bool ------- using [Try &apos;$&lt;read_str_from_txt&gt; =&gt; &lt;str_to_bool&gt;$&apos; then &apos;$&lt;read_str_from_txt&gt; =&gt; &lt;base64_ascii_str_pickle_to_object&gt; -&gt; &lt;float_to_bool&gt;$&apos; then &apos;$&lt;read_str_from_txt&gt; =&gt; &lt;base64_ascii_str_pickle_to_object&gt; -&gt; &lt;int_to_bool&gt;$&apos; then &apos;$&lt;read_str_from_txt&gt; =&gt; &lt;base64_ascii_str_pickle_to_object&gt; -&gt; &lt;str_to_bool&gt;$&apos; then &apos;$&lt;read_str_from_txt&gt; =&gt; &lt;base64_ascii_str_pickle_to_object&gt;$]&apos;]
(B)                                                                                                                 |--b64pickle-str-.txt -&gt; bool ------- using $&lt;read_str_from_txt&gt; =&gt; &lt;str_to_bool&gt;$
Parsing Plan created successfully

Executing Parsing Plan for [/home/travis/build/smarie/python-parsyfiles/parsyfiles/tests/parsing_capabilities_by_type/primitives_data/bool/err/b64pickle-str-]
(P) /home/travis/build/smarie/python-parsyfiles/parsyfiles/tests/parsing_capabilities_by_type/primitives_data/bool/err/b64pickle-str-.txt -&gt; bool ------- using $&lt;read_str_from_txt&gt; =&gt; &lt;str_to_bool&gt;$
  !! Caught error during execution !!
  File &quot;/home/travis/build/smarie/python-parsyfiles/parsyfiles/converting_core.py&quot;, line 524, in _convert
    return self.conversion_method(desired_type, source_obj, logger, **opts)
  File &quot;/home/travis/build/smarie/python-parsyfiles/parsyfiles/plugins_base/support_for_primitive_types.py&quot;, line 84, in primitive_to_bool
    return bool(strtobool(source))
  File &quot;/opt/python/3.5.5/lib/python3.5/distutils/util.py&quot;, line 317, in strtobool
    raise ValueError(&quot;invalid truth value %r&quot; % (val,))
  ValueError : invalid truth value &apos;ganyaaaaahealg==&apos;
(B)                                                                                                                 |--b64pickle-str-.txt -&gt; bool ------- using $&lt;read_str_from_txt&gt; =&gt; &lt;base64_ascii_str_pickle_to_object&gt; -&gt; &lt;float_to_bool&gt;$
Executing Parsing Plan for [/home/travis/build/smarie/python-parsyfiles/parsyfiles/tests/parsing_capabilities_by_type/primitives_data/bool/err/b64pickle-str-]
(P) /home/travis/build/smarie/python-parsyfiles/parsyfiles/tests/parsing_capabilities_by_type/primitives_data/bool/err/b64pickle-str-.txt -&gt; bool ------- using $&lt;read_str_from_txt&gt; =&gt; &lt;base64_ascii_str_pickle_to_object&gt; -&gt; &lt;float_to_bool&gt;$
  !! Caught error during execution !!
  File &quot;/home/travis/build/smarie/python-parsyfiles/parsyfiles/converting_core.py&quot;, line 319, in convert
    return self._convert(desired_type, source_obj, logger, options)
  File &quot;/home/travis/build/smarie/python-parsyfiles/parsyfiles/converting_core.py&quot;, line 770, in _convert
    return self._converters_list[-1].convert(desired_type, obj, logger, options)
  File &quot;/home/travis/build/smarie/python-parsyfiles/parsyfiles/converting_core.py&quot;, line 321, in convert
    raise ConversionException.create_not_able_to_convert(source_obj, self, desired_type)
  ConversionException : Converter &lt;float_to_bool&gt; is not able to ingest source value &apos;&apos; of type &apos;str&apos; and/or convert it to type &apos;bool&apos;. This can happen in a chain when the previous step in the chain is generic and actually produced  an output of the wrong type/content
(B)                                                                                                                 |--b64pickle-str-.txt -&gt; bool ------- using $&lt;read_str_from_txt&gt; =&gt; &lt;base64_ascii_str_pickle_to_object&gt; -&gt; &lt;int_to_bool&gt;$
Executing Parsing Plan for [/home/travis/build/smarie/python-parsyfiles/parsyfiles/tests/parsing_capabilities_by_type/primitives_data/bool/err/b64pickle-str-]
(P) /home/travis/build/smarie/python-parsyfiles/parsyfiles/tests/parsing_capabilities_by_type/primitives_data/bool/err/b64pickle-str-.txt -&gt; bool ------- using $&lt;read_str_from_txt&gt; =&gt; &lt;base64_ascii_str_pickle_to_object&gt; -&gt; &lt;int_to_bool&gt;$
  !! Caught error during execution !!
  File &quot;/home/travis/build/smarie/python-parsyfiles/parsyfiles/converting_core.py&quot;, line 319, in convert
    return self._convert(desired_type, source_obj, logger, options)
  File &quot;/home/travis/build/smarie/python-parsyfiles/parsyfiles/converting_core.py&quot;, line 770, in _convert
    return self._converters_list[-1].convert(desired_type, obj, logger, options)
  File &quot;/home/travis/build/smarie/python-parsyfiles/parsyfiles/converting_core.py&quot;, line 321, in convert
    raise ConversionException.create_not_able_to_convert(source_obj, self, desired_type)
  ConversionException : Converter &lt;int_to_bool&gt; is not able to ingest source value &apos;&apos; of type &apos;str&apos; and/or convert it to type &apos;bool&apos;. This can happen in a chain when the previous step in the chain is generic and actually produced  an output of the wrong type/content
(B)                                                                                                                 |--b64pickle-str-.txt -&gt; bool ------- using $&lt;read_str_from_txt&gt; =&gt; &lt;base64_ascii_str_pickle_to_object&gt; -&gt; &lt;str_to_bool&gt;$
Executing Parsing Plan for [/home/travis/build/smarie/python-parsyfiles/parsyfiles/tests/parsing_capabilities_by_type/primitives_data/bool/err/b64pickle-str-]
(P) /home/travis/build/smarie/python-parsyfiles/parsyfiles/tests/parsing_capabilities_by_type/primitives_data/bool/err/b64pickle-str-.txt -&gt; bool ------- using $&lt;read_str_from_txt&gt; =&gt; &lt;base64_ascii_str_pickle_to_object&gt; -&gt; &lt;str_to_bool&gt;$
  !! Caught error during execution !!
  File &quot;/home/travis/build/smarie/python-parsyfiles/parsyfiles/converting_core.py&quot;, line 524, in _convert
    return self.conversion_method(desired_type, source_obj, logger, **opts)
  File &quot;/home/travis/build/smarie/python-parsyfiles/parsyfiles/plugins_base/support_for_primitive_types.py&quot;, line 84, in primitive_to_bool
    return bool(strtobool(source))
  File &quot;/opt/python/3.5.5/lib/python3.5/distutils/util.py&quot;, line 317, in strtobool
    raise ValueError(&quot;invalid truth value %r&quot; % (val,))
  ValueError : invalid truth value &apos;&apos;
(B)                                                                                                                 |--b64pickle-str-.txt -&gt; bool ------- using $&lt;read_str_from_txt&gt; =&gt; &lt;base64_ascii_str_pickle_to_object&gt;$
Executing Parsing Plan for [/home/travis/build/smarie/python-parsyfiles/parsyfiles/tests/parsing_capabilities_by_type/primitives_data/bool/err/b64pickle-str-]
(P) /home/travis/build/smarie/python-parsyfiles/parsyfiles/tests/parsing_capabilities_by_type/primitives_data/bool/err/b64pickle-str-.txt -&gt; bool ------- using $&lt;read_str_from_txt&gt; =&gt; &lt;base64_ascii_str_pickle_to_object&gt;$
                                                                                                                     ! CAUGHT: WrongTypeCreatedError - Error while parsing /home/travis/build/smarie/python-parsyfiles/parsyfiles/tests/parsing_capabilities_by_type/primitives_data/bool/err/b64pickle-str- (singlefile, .txt) as a bool with parser $&lt;read_str_from_txt&gt; =&gt; &lt;base64_ascii_str_pickle_to_object&gt;$ using options=({&apos;MultifileCollectionParser&apos;: {&apos;lazy_parsing&apos;: False}}) - parser returned an object of wrong type &lt;class &apos;str&apos;&gt;: 
</system-out></testcase><testcase classname="parsyfiles.tests.parsing_capabilities_by_type.test_parse_primitives" file="parsyfiles/tests/parsing_capabilities_by_type/test_parse_primitives.py" line="179" name="test_parse_by_type[bool-err-pickle-float--1.0.pyc]" time="0.03937816619873047"><system-out>**** Starting to parse single object of type &lt;bool&gt; at location /home/travis/build/smarie/python-parsyfiles/parsyfiles/tests/parsing_capabilities_by_type/primitives_data/bool/err/pickle-float--1.0 ****
Checking all files under [/home/travis/build/smarie/python-parsyfiles/parsyfiles/tests/parsing_capabilities_by_type/primitives_data/bool/err/pickle-float--1.0]
(C) /home/travis/build/smarie/python-parsyfiles/parsyfiles/tests/parsing_capabilities_by_type/primitives_data/bool/err/pickle-float--1.0 (singlefile, .pyc)
File checks done

Building a parsing plan to parse [/home/travis/build/smarie/python-parsyfiles/parsyfiles/tests/parsing_capabilities_by_type/primitives_data/bool/err/pickle-float--1.0] into a bool
(B) /home/travis/build/smarie/python-parsyfiles/parsyfiles/tests/parsing_capabilities_by_type/primitives_data/bool/err/pickle-float--1.0.pyc -&gt; bool ------- using [Try &apos;$&lt;read_object_from_pickle&gt; =&gt; &lt;float_to_bool&gt;$&apos; then &apos;$&lt;read_object_from_pickle&gt; =&gt; &lt;int_to_bool&gt;$&apos; then &apos;$&lt;read_object_from_pickle&gt; =&gt; &lt;str_to_bool&gt;$&apos; then &apos;&lt;read_object_from_pickle&gt;]&apos;]
(B)                                                                                                                 |--pickle-float--1.0.pyc -&gt; bool ------- using $&lt;read_object_from_pickle&gt; =&gt; &lt;float_to_bool&gt;$
Parsing Plan created successfully

Executing Parsing Plan for [/home/travis/build/smarie/python-parsyfiles/parsyfiles/tests/parsing_capabilities_by_type/primitives_data/bool/err/pickle-float--1.0]
(P) /home/travis/build/smarie/python-parsyfiles/parsyfiles/tests/parsing_capabilities_by_type/primitives_data/bool/err/pickle-float--1.0.pyc -&gt; bool ------- using $&lt;read_object_from_pickle&gt; =&gt; &lt;float_to_bool&gt;$
  !! Caught error during execution !!
  File &quot;/home/travis/build/smarie/python-parsyfiles/parsyfiles/converting_core.py&quot;, line 319, in convert
    return self._convert(desired_type, source_obj, logger, options)
  File &quot;/home/travis/build/smarie/python-parsyfiles/parsyfiles/converting_core.py&quot;, line 524, in _convert
    return self.conversion_method(desired_type, source_obj, logger, **opts)
  File &quot;/home/travis/build/smarie/python-parsyfiles/parsyfiles/plugins_base/support_for_primitive_types.py&quot;, line 91, in primitive_to_bool
    raise ValueError(&apos;Cannot convert to bool : source is a number but is not 1 nor 0 : \&apos;&apos; + str(source) + &apos;\&apos;&apos;)
  ValueError : Cannot convert to bool : source is a number but is not 1 nor 0 : &apos;-1.0&apos;
(B)                                                                                                                 |--pickle-float--1.0.pyc -&gt; bool ------- using $&lt;read_object_from_pickle&gt; =&gt; &lt;int_to_bool&gt;$
Executing Parsing Plan for [/home/travis/build/smarie/python-parsyfiles/parsyfiles/tests/parsing_capabilities_by_type/primitives_data/bool/err/pickle-float--1.0]
(P) /home/travis/build/smarie/python-parsyfiles/parsyfiles/tests/parsing_capabilities_by_type/primitives_data/bool/err/pickle-float--1.0.pyc -&gt; bool ------- using $&lt;read_object_from_pickle&gt; =&gt; &lt;int_to_bool&gt;$
  !! Caught error during execution !!
  File &quot;/home/travis/build/smarie/python-parsyfiles/parsyfiles/parsing_core.py&quot;, line 177, in _execute
    self.get_singlefile_encoding(), logger, options)
  File &quot;/home/travis/build/smarie/python-parsyfiles/parsyfiles/parsing_combining_parsers.py&quot;, line 598, in _parse_singlefile
    return self._converter.convert(desired_type, first, logger, options)
  File &quot;/home/travis/build/smarie/python-parsyfiles/parsyfiles/converting_core.py&quot;, line 321, in convert
    raise ConversionException.create_not_able_to_convert(source_obj, self, desired_type)
  ConversionException : Converter $&lt;int_to_bool&gt;$ is not able to ingest source value &apos;-1.0&apos; of type &apos;float&apos; and/or convert it to type &apos;bool&apos;. This can happen in a chain when the previous step in the chain is generic and actually produced  an output of the wrong type/content
(B)                                                                                                                 |--pickle-float--1.0.pyc -&gt; bool ------- using $&lt;read_object_from_pickle&gt; =&gt; &lt;str_to_bool&gt;$
Executing Parsing Plan for [/home/travis/build/smarie/python-parsyfiles/parsyfiles/tests/parsing_capabilities_by_type/primitives_data/bool/err/pickle-float--1.0]
(P) /home/travis/build/smarie/python-parsyfiles/parsyfiles/tests/parsing_capabilities_by_type/primitives_data/bool/err/pickle-float--1.0.pyc -&gt; bool ------- using $&lt;read_object_from_pickle&gt; =&gt; &lt;str_to_bool&gt;$
  !! Caught error during execution !!
  File &quot;/home/travis/build/smarie/python-parsyfiles/parsyfiles/parsing_core.py&quot;, line 177, in _execute
    self.get_singlefile_encoding(), logger, options)
  File &quot;/home/travis/build/smarie/python-parsyfiles/parsyfiles/parsing_combining_parsers.py&quot;, line 598, in _parse_singlefile
    return self._converter.convert(desired_type, first, logger, options)
  File &quot;/home/travis/build/smarie/python-parsyfiles/parsyfiles/converting_core.py&quot;, line 321, in convert
    raise ConversionException.create_not_able_to_convert(source_obj, self, desired_type)
  ConversionException : Converter $&lt;str_to_bool&gt;$ is not able to ingest source value &apos;-1.0&apos; of type &apos;float&apos; and/or convert it to type &apos;bool&apos;. This can happen in a chain when the previous step in the chain is generic and actually produced  an output of the wrong type/content
(B)                                                                                                                 |--pickle-float--1.0.pyc -&gt; bool ------- using &lt;read_object_from_pickle&gt;
Executing Parsing Plan for [/home/travis/build/smarie/python-parsyfiles/parsyfiles/tests/parsing_capabilities_by_type/primitives_data/bool/err/pickle-float--1.0]
(P) /home/travis/build/smarie/python-parsyfiles/parsyfiles/tests/parsing_capabilities_by_type/primitives_data/bool/err/pickle-float--1.0.pyc -&gt; bool ------- using &lt;read_object_from_pickle&gt;
                                                                                                                     ! CAUGHT: WrongTypeCreatedError - Error while parsing /home/travis/build/smarie/python-parsyfiles/parsyfiles/tests/parsing_capabilities_by_type/primitives_data/bool/err/pickle-float--1.0 (singlefile, .pyc) as a bool with parser &lt;read_object_from_pickle&gt; using options=({&apos;MultifileCollectionParser&apos;: {&apos;lazy_parsing&apos;: False}}) - parser returned an object of wrong type &lt;class &apos;float&apos;&gt;: -1.0
</system-out></testcase><testcase classname="parsyfiles.tests.parsing_capabilities_by_type.test_parse_primitives" file="parsyfiles/tests/parsing_capabilities_by_type/test_parse_primitives.py" line="179" name="test_parse_by_type[bool-err-b64pickle-str-truth.txt]" time="0.0422055721282959"><system-out>**** Starting to parse single object of type &lt;bool&gt; at location /home/travis/build/smarie/python-parsyfiles/parsyfiles/tests/parsing_capabilities_by_type/primitives_data/bool/err/b64pickle-str-truth ****
Checking all files under [/home/travis/build/smarie/python-parsyfiles/parsyfiles/tests/parsing_capabilities_by_type/primitives_data/bool/err/b64pickle-str-truth]
(C) /home/travis/build/smarie/python-parsyfiles/parsyfiles/tests/parsing_capabilities_by_type/primitives_data/bool/err/b64pickle-str-truth (singlefile, .txt)
File checks done

Building a parsing plan to parse [/home/travis/build/smarie/python-parsyfiles/parsyfiles/tests/parsing_capabilities_by_type/primitives_data/bool/err/b64pickle-str-truth] into a bool
(B) /home/travis/build/smarie/python-parsyfiles/parsyfiles/tests/parsing_capabilities_by_type/primitives_data/bool/err/b64pickle-str-truth.txt -&gt; bool ------- using [Try &apos;$&lt;read_str_from_txt&gt; =&gt; &lt;str_to_bool&gt;$&apos; then &apos;$&lt;read_str_from_txt&gt; =&gt; &lt;base64_ascii_str_pickle_to_object&gt; -&gt; &lt;float_to_bool&gt;$&apos; then &apos;$&lt;read_str_from_txt&gt; =&gt; &lt;base64_ascii_str_pickle_to_object&gt; -&gt; &lt;int_to_bool&gt;$&apos; then &apos;$&lt;read_str_from_txt&gt; =&gt; &lt;base64_ascii_str_pickle_to_object&gt; -&gt; &lt;str_to_bool&gt;$&apos; then &apos;$&lt;read_str_from_txt&gt; =&gt; &lt;base64_ascii_str_pickle_to_object&gt;$]&apos;]
(B)                                                                                                                 |--b64pickle-str-truth.txt -&gt; bool ------- using $&lt;read_str_from_txt&gt; =&gt; &lt;str_to_bool&gt;$
Parsing Plan created successfully

Executing Parsing Plan for [/home/travis/build/smarie/python-parsyfiles/parsyfiles/tests/parsing_capabilities_by_type/primitives_data/bool/err/b64pickle-str-truth]
(P) /home/travis/build/smarie/python-parsyfiles/parsyfiles/tests/parsing_capabilities_by_type/primitives_data/bool/err/b64pickle-str-truth.txt -&gt; bool ------- using $&lt;read_str_from_txt&gt; =&gt; &lt;str_to_bool&gt;$
  !! Caught error during execution !!
  File &quot;/home/travis/build/smarie/python-parsyfiles/parsyfiles/converting_core.py&quot;, line 524, in _convert
    return self.conversion_method(desired_type, source_obj, logger, **opts)
  File &quot;/home/travis/build/smarie/python-parsyfiles/parsyfiles/plugins_base/support_for_primitive_types.py&quot;, line 84, in primitive_to_bool
    return bool(strtobool(source))
  File &quot;/opt/python/3.5.5/lib/python3.5/distutils/util.py&quot;, line 317, in strtobool
    raise ValueError(&quot;invalid truth value %r&quot; % (val,))
  ValueError : invalid truth value &apos;ganybqaaahrydxrocqau&apos;
(B)                                                                                                                 |--b64pickle-str-truth.txt -&gt; bool ------- using $&lt;read_str_from_txt&gt; =&gt; &lt;base64_ascii_str_pickle_to_object&gt; -&gt; &lt;float_to_bool&gt;$
Executing Parsing Plan for [/home/travis/build/smarie/python-parsyfiles/parsyfiles/tests/parsing_capabilities_by_type/primitives_data/bool/err/b64pickle-str-truth]
(P) /home/travis/build/smarie/python-parsyfiles/parsyfiles/tests/parsing_capabilities_by_type/primitives_data/bool/err/b64pickle-str-truth.txt -&gt; bool ------- using $&lt;read_str_from_txt&gt; =&gt; &lt;base64_ascii_str_pickle_to_object&gt; -&gt; &lt;float_to_bool&gt;$
  !! Caught error during execution !!
  File &quot;/home/travis/build/smarie/python-parsyfiles/parsyfiles/converting_core.py&quot;, line 319, in convert
    return self._convert(desired_type, source_obj, logger, options)
  File &quot;/home/travis/build/smarie/python-parsyfiles/parsyfiles/converting_core.py&quot;, line 770, in _convert
    return self._converters_list[-1].convert(desired_type, obj, logger, options)
  File &quot;/home/travis/build/smarie/python-parsyfiles/parsyfiles/converting_core.py&quot;, line 321, in convert
    raise ConversionException.create_not_able_to_convert(source_obj, self, desired_type)
  ConversionException : Converter &lt;float_to_bool&gt; is not able to ingest source value &apos;truth&apos; of type &apos;str&apos; and/or convert it to type &apos;bool&apos;. This can happen in a chain when the previous step in the chain is generic and actually produced  an output of the wrong type/content
(B)                                                                                                                 |--b64pickle-str-truth.txt -&gt; bool ------- using $&lt;read_str_from_txt&gt; =&gt; &lt;base64_ascii_str_pickle_to_object&gt; -&gt; &lt;int_to_bool&gt;$
Executing Parsing Plan for [/home/travis/build/smarie/python-parsyfiles/parsyfiles/tests/parsing_capabilities_by_type/primitives_data/bool/err/b64pickle-str-truth]
(P) /home/travis/build/smarie/python-parsyfiles/parsyfiles/tests/parsing_capabilities_by_type/primitives_data/bool/err/b64pickle-str-truth.txt -&gt; bool ------- using $&lt;read_str_from_txt&gt; =&gt; &lt;base64_ascii_str_pickle_to_object&gt; -&gt; &lt;int_to_bool&gt;$
  !! Caught error during execution !!
  File &quot;/home/travis/build/smarie/python-parsyfiles/parsyfiles/converting_core.py&quot;, line 319, in convert
    return self._convert(desired_type, source_obj, logger, options)
  File &quot;/home/travis/build/smarie/python-parsyfiles/parsyfiles/converting_core.py&quot;, line 770, in _convert
    return self._converters_list[-1].convert(desired_type, obj, logger, options)
  File &quot;/home/travis/build/smarie/python-parsyfiles/parsyfiles/converting_core.py&quot;, line 321, in convert
    raise ConversionException.create_not_able_to_convert(source_obj, self, desired_type)
  ConversionException : Converter &lt;int_to_bool&gt; is not able to ingest source value &apos;truth&apos; of type &apos;str&apos; and/or convert it to type &apos;bool&apos;. This can happen in a chain when the previous step in the chain is generic and actually produced  an output of the wrong type/content
(B)                                                                                                                 |--b64pickle-str-truth.txt -&gt; bool ------- using $&lt;read_str_from_txt&gt; =&gt; &lt;base64_ascii_str_pickle_to_object&gt; -&gt; &lt;str_to_bool&gt;$
Executing Parsing Plan for [/home/travis/build/smarie/python-parsyfiles/parsyfiles/tests/parsing_capabilities_by_type/primitives_data/bool/err/b64pickle-str-truth]
(P) /home/travis/build/smarie/python-parsyfiles/parsyfiles/tests/parsing_capabilities_by_type/primitives_data/bool/err/b64pickle-str-truth.txt -&gt; bool ------- using $&lt;read_str_from_txt&gt; =&gt; &lt;base64_ascii_str_pickle_to_object&gt; -&gt; &lt;str_to_bool&gt;$
  !! Caught error during execution !!
  File &quot;/home/travis/build/smarie/python-parsyfiles/parsyfiles/converting_core.py&quot;, line 524, in _convert
    return self.conversion_method(desired_type, source_obj, logger, **opts)
  File &quot;/home/travis/build/smarie/python-parsyfiles/parsyfiles/plugins_base/support_for_primitive_types.py&quot;, line 84, in primitive_to_bool
    return bool(strtobool(source))
  File &quot;/opt/python/3.5.5/lib/python3.5/distutils/util.py&quot;, line 317, in strtobool
    raise ValueError(&quot;invalid truth value %r&quot; % (val,))
  ValueError : invalid truth value &apos;truth&apos;
(B)                                                                                                                 |--b64pickle-str-truth.txt -&gt; bool ------- using $&lt;read_str_from_txt&gt; =&gt; &lt;base64_ascii_str_pickle_to_object&gt;$
Executing Parsing Plan for [/home/travis/build/smarie/python-parsyfiles/parsyfiles/tests/parsing_capabilities_by_type/primitives_data/bool/err/b64pickle-str-truth]
(P) /home/travis/build/smarie/python-parsyfiles/parsyfiles/tests/parsing_capabilities_by_type/primitives_data/bool/err/b64pickle-str-truth.txt -&gt; bool ------- using $&lt;read_str_from_txt&gt; =&gt; &lt;base64_ascii_str_pickle_to_object&gt;$
                                                                                                                     ! CAUGHT: WrongTypeCreatedError - Error while parsing /home/travis/build/smarie/python-parsyfiles/parsyfiles/tests/parsing_capabilities_by_type/primitives_data/bool/err/b64pickle-str-truth (singlefile, .txt) as a bool with parser $&lt;read_str_from_txt&gt; =&gt; &lt;base64_ascii_str_pickle_to_object&gt;$ using options=({&apos;MultifileCollectionParser&apos;: {&apos;lazy_parsing&apos;: False}}) - parser returned an object of wrong type &lt;class &apos;str&apos;&gt;: truth
</system-out></testcase><testcase classname="parsyfiles.tests.parsing_capabilities_by_type.test_parse_primitives" file="parsyfiles/tests/parsing_capabilities_by_type/test_parse_primitives.py" line="179" name="test_parse_by_type[bool-err-txt-int-6.txt]" time="0.04087424278259277"><system-out>**** Starting to parse single object of type &lt;bool&gt; at location /home/travis/build/smarie/python-parsyfiles/parsyfiles/tests/parsing_capabilities_by_type/primitives_data/bool/err/txt-int-6 ****
Checking all files under [/home/travis/build/smarie/python-parsyfiles/parsyfiles/tests/parsing_capabilities_by_type/primitives_data/bool/err/txt-int-6]
(C) /home/travis/build/smarie/python-parsyfiles/parsyfiles/tests/parsing_capabilities_by_type/primitives_data/bool/err/txt-int-6 (singlefile, .txt)
File checks done

Building a parsing plan to parse [/home/travis/build/smarie/python-parsyfiles/parsyfiles/tests/parsing_capabilities_by_type/primitives_data/bool/err/txt-int-6] into a bool
(B) /home/travis/build/smarie/python-parsyfiles/parsyfiles/tests/parsing_capabilities_by_type/primitives_data/bool/err/txt-int-6.txt -&gt; bool ------- using [Try &apos;$&lt;read_str_from_txt&gt; =&gt; &lt;str_to_bool&gt;$&apos; then &apos;$&lt;read_str_from_txt&gt; =&gt; &lt;base64_ascii_str_pickle_to_object&gt; -&gt; &lt;float_to_bool&gt;$&apos; then &apos;$&lt;read_str_from_txt&gt; =&gt; &lt;base64_ascii_str_pickle_to_object&gt; -&gt; &lt;int_to_bool&gt;$&apos; then &apos;$&lt;read_str_from_txt&gt; =&gt; &lt;base64_ascii_str_pickle_to_object&gt; -&gt; &lt;str_to_bool&gt;$&apos; then &apos;$&lt;read_str_from_txt&gt; =&gt; &lt;base64_ascii_str_pickle_to_object&gt;$]&apos;]
(B)                                                                                                                 |--txt-int-6.txt -&gt; bool ------- using $&lt;read_str_from_txt&gt; =&gt; &lt;str_to_bool&gt;$
Parsing Plan created successfully

Executing Parsing Plan for [/home/travis/build/smarie/python-parsyfiles/parsyfiles/tests/parsing_capabilities_by_type/primitives_data/bool/err/txt-int-6]
(P) /home/travis/build/smarie/python-parsyfiles/parsyfiles/tests/parsing_capabilities_by_type/primitives_data/bool/err/txt-int-6.txt -&gt; bool ------- using $&lt;read_str_from_txt&gt; =&gt; &lt;str_to_bool&gt;$
  !! Caught error during execution !!
  File &quot;/home/travis/build/smarie/python-parsyfiles/parsyfiles/converting_core.py&quot;, line 524, in _convert
    return self.conversion_method(desired_type, source_obj, logger, **opts)
  File &quot;/home/travis/build/smarie/python-parsyfiles/parsyfiles/plugins_base/support_for_primitive_types.py&quot;, line 84, in primitive_to_bool
    return bool(strtobool(source))
  File &quot;/opt/python/3.5.5/lib/python3.5/distutils/util.py&quot;, line 317, in strtobool
    raise ValueError(&quot;invalid truth value %r&quot; % (val,))
  ValueError : invalid truth value &apos;6&apos;
(B)                                                                                                                 |--txt-int-6.txt -&gt; bool ------- using $&lt;read_str_from_txt&gt; =&gt; &lt;base64_ascii_str_pickle_to_object&gt; -&gt; &lt;float_to_bool&gt;$
Executing Parsing Plan for [/home/travis/build/smarie/python-parsyfiles/parsyfiles/tests/parsing_capabilities_by_type/primitives_data/bool/err/txt-int-6]
(P) /home/travis/build/smarie/python-parsyfiles/parsyfiles/tests/parsing_capabilities_by_type/primitives_data/bool/err/txt-int-6.txt -&gt; bool ------- using $&lt;read_str_from_txt&gt; =&gt; &lt;base64_ascii_str_pickle_to_object&gt; -&gt; &lt;float_to_bool&gt;$
  !! Caught error during execution !!
  File &quot;/home/travis/build/smarie/python-parsyfiles/parsyfiles/converting_core.py&quot;, line 524, in _convert
    return self.conversion_method(desired_type, source_obj, logger, **opts)
  File &quot;/home/travis/build/smarie/python-parsyfiles/parsyfiles/plugins_base/support_for_objects.py&quot;, line 56, in base64_ascii_str_pickle_to_object
    return pickle.loads(base64.b64decode(b64_ascii_str), fix_imports=True, encoding=&quot;ASCII&quot;, errors=&quot;strict&quot;)
  File &quot;/home/travis/virtualenv/python3.5.5/lib/python3.5/base64.py&quot;, line 88, in b64decode
    return binascii.a2b_base64(s)
  Error : Incorrect padding
(B)                                                                                                                 |--txt-int-6.txt -&gt; bool ------- using $&lt;read_str_from_txt&gt; =&gt; &lt;base64_ascii_str_pickle_to_object&gt; -&gt; &lt;int_to_bool&gt;$
Executing Parsing Plan for [/home/travis/build/smarie/python-parsyfiles/parsyfiles/tests/parsing_capabilities_by_type/primitives_data/bool/err/txt-int-6]
(P) /home/travis/build/smarie/python-parsyfiles/parsyfiles/tests/parsing_capabilities_by_type/primitives_data/bool/err/txt-int-6.txt -&gt; bool ------- using $&lt;read_str_from_txt&gt; =&gt; &lt;base64_ascii_str_pickle_to_object&gt; -&gt; &lt;int_to_bool&gt;$
  !! Caught error during execution !!
  File &quot;/home/travis/build/smarie/python-parsyfiles/parsyfiles/converting_core.py&quot;, line 524, in _convert
    return self.conversion_method(desired_type, source_obj, logger, **opts)
  File &quot;/home/travis/build/smarie/python-parsyfiles/parsyfiles/plugins_base/support_for_objects.py&quot;, line 56, in base64_ascii_str_pickle_to_object
    return pickle.loads(base64.b64decode(b64_ascii_str), fix_imports=True, encoding=&quot;ASCII&quot;, errors=&quot;strict&quot;)
  File &quot;/home/travis/virtualenv/python3.5.5/lib/python3.5/base64.py&quot;, line 88, in b64decode
    return binascii.a2b_base64(s)
  Error : Incorrect padding
(B)                                                                                                                 |--txt-int-6.txt -&gt; bool ------- using $&lt;read_str_from_txt&gt; =&gt; &lt;base64_ascii_str_pickle_to_object&gt; -&gt; &lt;str_to_bool&gt;$
Executing Parsing Plan for [/home/travis/build/smarie/python-parsyfiles/parsyfiles/tests/parsing_capabilities_by_type/primitives_data/bool/err/txt-int-6]
(P) /home/travis/build/smarie/python-parsyfiles/parsyfiles/tests/parsing_capabilities_by_type/primitives_data/bool/err/txt-int-6.txt -&gt; bool ------- using $&lt;read_str_from_txt&gt; =&gt; &lt;base64_ascii_str_pickle_to_object&gt; -&gt; &lt;str_to_bool&gt;$
  !! Caught error during execution !!
  File &quot;/home/travis/build/smarie/python-parsyfiles/parsyfiles/converting_core.py&quot;, line 524, in _convert
    return self.conversion_method(desired_type, source_obj, logger, **opts)
  File &quot;/home/travis/build/smarie/python-parsyfiles/parsyfiles/plugins_base/support_for_objects.py&quot;, line 56, in base64_ascii_str_pickle_to_object
    return pickle.loads(base64.b64decode(b64_ascii_str), fix_imports=True, encoding=&quot;ASCII&quot;, errors=&quot;strict&quot;)
  File &quot;/home/travis/virtualenv/python3.5.5/lib/python3.5/base64.py&quot;, line 88, in b64decode
    return binascii.a2b_base64(s)
  Error : Incorrect padding
(B)                                                                                                                 |--txt-int-6.txt -&gt; bool ------- using $&lt;read_str_from_txt&gt; =&gt; &lt;base64_ascii_str_pickle_to_object&gt;$
Executing Parsing Plan for [/home/travis/build/smarie/python-parsyfiles/parsyfiles/tests/parsing_capabilities_by_type/primitives_data/bool/err/txt-int-6]
(P) /home/travis/build/smarie/python-parsyfiles/parsyfiles/tests/parsing_capabilities_by_type/primitives_data/bool/err/txt-int-6.txt -&gt; bool ------- using $&lt;read_str_from_txt&gt; =&gt; &lt;base64_ascii_str_pickle_to_object&gt;$
  !! Caught error during execution !!
  File &quot;/home/travis/build/smarie/python-parsyfiles/parsyfiles/converting_core.py&quot;, line 524, in _convert
    return self.conversion_method(desired_type, source_obj, logger, **opts)
  File &quot;/home/travis/build/smarie/python-parsyfiles/parsyfiles/plugins_base/support_for_objects.py&quot;, line 56, in base64_ascii_str_pickle_to_object
    return pickle.loads(base64.b64decode(b64_ascii_str), fix_imports=True, encoding=&quot;ASCII&quot;, errors=&quot;strict&quot;)
  File &quot;/home/travis/virtualenv/python3.5.5/lib/python3.5/base64.py&quot;, line 88, in b64decode
    return binascii.a2b_base64(s)
  Error : Incorrect padding
</system-out></testcase><testcase classname="parsyfiles.tests.parsing_capabilities_by_type.test_parse_primitives" file="parsyfiles/tests/parsing_capabilities_by_type/test_parse_primitives.py" line="179" name="test_parse_by_type[bool-err-b64pickle-float-0.1.txt]" time="0.0445253849029541"><system-out>**** Starting to parse single object of type &lt;bool&gt; at location /home/travis/build/smarie/python-parsyfiles/parsyfiles/tests/parsing_capabilities_by_type/primitives_data/bool/err/b64pickle-float-0.1 ****
Checking all files under [/home/travis/build/smarie/python-parsyfiles/parsyfiles/tests/parsing_capabilities_by_type/primitives_data/bool/err/b64pickle-float-0.1]
(C) /home/travis/build/smarie/python-parsyfiles/parsyfiles/tests/parsing_capabilities_by_type/primitives_data/bool/err/b64pickle-float-0.1 (singlefile, .txt)
File checks done

Building a parsing plan to parse [/home/travis/build/smarie/python-parsyfiles/parsyfiles/tests/parsing_capabilities_by_type/primitives_data/bool/err/b64pickle-float-0.1] into a bool
(B) /home/travis/build/smarie/python-parsyfiles/parsyfiles/tests/parsing_capabilities_by_type/primitives_data/bool/err/b64pickle-float-0.1.txt -&gt; bool ------- using [Try &apos;$&lt;read_str_from_txt&gt; =&gt; &lt;str_to_bool&gt;$&apos; then &apos;$&lt;read_str_from_txt&gt; =&gt; &lt;base64_ascii_str_pickle_to_object&gt; -&gt; &lt;float_to_bool&gt;$&apos; then &apos;$&lt;read_str_from_txt&gt; =&gt; &lt;base64_ascii_str_pickle_to_object&gt; -&gt; &lt;int_to_bool&gt;$&apos; then &apos;$&lt;read_str_from_txt&gt; =&gt; &lt;base64_ascii_str_pickle_to_object&gt; -&gt; &lt;str_to_bool&gt;$&apos; then &apos;$&lt;read_str_from_txt&gt; =&gt; &lt;base64_ascii_str_pickle_to_object&gt;$]&apos;]
(B)                                                                                                                 |--b64pickle-float-0.1.txt -&gt; bool ------- using $&lt;read_str_from_txt&gt; =&gt; &lt;str_to_bool&gt;$
Parsing Plan created successfully

Executing Parsing Plan for [/home/travis/build/smarie/python-parsyfiles/parsyfiles/tests/parsing_capabilities_by_type/primitives_data/bool/err/b64pickle-float-0.1]
(P) /home/travis/build/smarie/python-parsyfiles/parsyfiles/tests/parsing_capabilities_by_type/primitives_data/bool/err/b64pickle-float-0.1.txt -&gt; bool ------- using $&lt;read_str_from_txt&gt; =&gt; &lt;str_to_bool&gt;$
  !! Caught error during execution !!
  File &quot;/home/travis/build/smarie/python-parsyfiles/parsyfiles/converting_core.py&quot;, line 524, in _convert
    return self.conversion_method(desired_type, source_obj, logger, **opts)
  File &quot;/home/travis/build/smarie/python-parsyfiles/parsyfiles/plugins_base/support_for_primitive_types.py&quot;, line 84, in primitive_to_bool
    return bool(strtobool(source))
  File &quot;/opt/python/3.5.5/lib/python3.5/distutils/util.py&quot;, line 317, in strtobool
    raise ValueError(&quot;invalid truth value %r&quot; % (val,))
  ValueError : invalid truth value &apos;ganhp7mzmzmzmzou&apos;
(B)                                                                                                                 |--b64pickle-float-0.1.txt -&gt; bool ------- using $&lt;read_str_from_txt&gt; =&gt; &lt;base64_ascii_str_pickle_to_object&gt; -&gt; &lt;float_to_bool&gt;$
Executing Parsing Plan for [/home/travis/build/smarie/python-parsyfiles/parsyfiles/tests/parsing_capabilities_by_type/primitives_data/bool/err/b64pickle-float-0.1]
(P) /home/travis/build/smarie/python-parsyfiles/parsyfiles/tests/parsing_capabilities_by_type/primitives_data/bool/err/b64pickle-float-0.1.txt -&gt; bool ------- using $&lt;read_str_from_txt&gt; =&gt; &lt;base64_ascii_str_pickle_to_object&gt; -&gt; &lt;float_to_bool&gt;$
  !! Caught error during execution !!
  File &quot;/home/travis/build/smarie/python-parsyfiles/parsyfiles/converting_core.py&quot;, line 319, in convert
    return self._convert(desired_type, source_obj, logger, options)
  File &quot;/home/travis/build/smarie/python-parsyfiles/parsyfiles/converting_core.py&quot;, line 524, in _convert
    return self.conversion_method(desired_type, source_obj, logger, **opts)
  File &quot;/home/travis/build/smarie/python-parsyfiles/parsyfiles/plugins_base/support_for_primitive_types.py&quot;, line 91, in primitive_to_bool
    raise ValueError(&apos;Cannot convert to bool : source is a number but is not 1 nor 0 : \&apos;&apos; + str(source) + &apos;\&apos;&apos;)
  ValueError : Cannot convert to bool : source is a number but is not 1 nor 0 : &apos;0.1&apos;
(B)                                                                                                                 |--b64pickle-float-0.1.txt -&gt; bool ------- using $&lt;read_str_from_txt&gt; =&gt; &lt;base64_ascii_str_pickle_to_object&gt; -&gt; &lt;int_to_bool&gt;$
Executing Parsing Plan for [/home/travis/build/smarie/python-parsyfiles/parsyfiles/tests/parsing_capabilities_by_type/primitives_data/bool/err/b64pickle-float-0.1]
(P) /home/travis/build/smarie/python-parsyfiles/parsyfiles/tests/parsing_capabilities_by_type/primitives_data/bool/err/b64pickle-float-0.1.txt -&gt; bool ------- using $&lt;read_str_from_txt&gt; =&gt; &lt;base64_ascii_str_pickle_to_object&gt; -&gt; &lt;int_to_bool&gt;$
  !! Caught error during execution !!
  File &quot;/home/travis/build/smarie/python-parsyfiles/parsyfiles/converting_core.py&quot;, line 319, in convert
    return self._convert(desired_type, source_obj, logger, options)
  File &quot;/home/travis/build/smarie/python-parsyfiles/parsyfiles/converting_core.py&quot;, line 770, in _convert
    return self._converters_list[-1].convert(desired_type, obj, logger, options)
  File &quot;/home/travis/build/smarie/python-parsyfiles/parsyfiles/converting_core.py&quot;, line 321, in convert
    raise ConversionException.create_not_able_to_convert(source_obj, self, desired_type)
  ConversionException : Converter &lt;int_to_bool&gt; is not able to ingest source value &apos;0.1&apos; of type &apos;float&apos; and/or convert it to type &apos;bool&apos;. This can happen in a chain when the previous step in the chain is generic and actually produced  an output of the wrong type/content
(B)                                                                                                                 |--b64pickle-float-0.1.txt -&gt; bool ------- using $&lt;read_str_from_txt&gt; =&gt; &lt;base64_ascii_str_pickle_to_object&gt; -&gt; &lt;str_to_bool&gt;$
Executing Parsing Plan for [/home/travis/build/smarie/python-parsyfiles/parsyfiles/tests/parsing_capabilities_by_type/primitives_data/bool/err/b64pickle-float-0.1]
(P) /home/travis/build/smarie/python-parsyfiles/parsyfiles/tests/parsing_capabilities_by_type/primitives_data/bool/err/b64pickle-float-0.1.txt -&gt; bool ------- using $&lt;read_str_from_txt&gt; =&gt; &lt;base64_ascii_str_pickle_to_object&gt; -&gt; &lt;str_to_bool&gt;$
  !! Caught error during execution !!
  File &quot;/home/travis/build/smarie/python-parsyfiles/parsyfiles/converting_core.py&quot;, line 319, in convert
    return self._convert(desired_type, source_obj, logger, options)
  File &quot;/home/travis/build/smarie/python-parsyfiles/parsyfiles/converting_core.py&quot;, line 770, in _convert
    return self._converters_list[-1].convert(desired_type, obj, logger, options)
  File &quot;/home/travis/build/smarie/python-parsyfiles/parsyfiles/converting_core.py&quot;, line 321, in convert
    raise ConversionException.create_not_able_to_convert(source_obj, self, desired_type)
  ConversionException : Converter &lt;str_to_bool&gt; is not able to ingest source value &apos;0.1&apos; of type &apos;float&apos; and/or convert it to type &apos;bool&apos;. This can happen in a chain when the previous step in the chain is generic and actually produced  an output of the wrong type/content
(B)                                                                                                                 |--b64pickle-float-0.1.txt -&gt; bool ------- using $&lt;read_str_from_txt&gt; =&gt; &lt;base64_ascii_str_pickle_to_object&gt;$
Executing Parsing Plan for [/home/travis/build/smarie/python-parsyfiles/parsyfiles/tests/parsing_capabilities_by_type/primitives_data/bool/err/b64pickle-float-0.1]
(P) /home/travis/build/smarie/python-parsyfiles/parsyfiles/tests/parsing_capabilities_by_type/primitives_data/bool/err/b64pickle-float-0.1.txt -&gt; bool ------- using $&lt;read_str_from_txt&gt; =&gt; &lt;base64_ascii_str_pickle_to_object&gt;$
                                                                                                                     ! CAUGHT: WrongTypeCreatedError - Error while parsing /home/travis/build/smarie/python-parsyfiles/parsyfiles/tests/parsing_capabilities_by_type/primitives_data/bool/err/b64pickle-float-0.1 (singlefile, .txt) as a bool with parser $&lt;read_str_from_txt&gt; =&gt; &lt;base64_ascii_str_pickle_to_object&gt;$ using options=({&apos;MultifileCollectionParser&apos;: {&apos;lazy_parsing&apos;: False}}) - parser returned an object of wrong type &lt;class &apos;float&apos;&gt;: 0.1
</system-out></testcase><testcase classname="parsyfiles.tests.parsing_capabilities_by_type.test_parse_primitives" file="parsyfiles/tests/parsing_capabilities_by_type/test_parse_primitives.py" line="179" name="test_parse_by_type[bool-err-b64pickle-float--1.0.txt]" time="0.042607784271240234"><system-out>**** Starting to parse single object of type &lt;bool&gt; at location /home/travis/build/smarie/python-parsyfiles/parsyfiles/tests/parsing_capabilities_by_type/primitives_data/bool/err/b64pickle-float--1.0 ****
Checking all files under [/home/travis/build/smarie/python-parsyfiles/parsyfiles/tests/parsing_capabilities_by_type/primitives_data/bool/err/b64pickle-float--1.0]
(C) /home/travis/build/smarie/python-parsyfiles/parsyfiles/tests/parsing_capabilities_by_type/primitives_data/bool/err/b64pickle-float--1.0 (singlefile, .txt)
File checks done

Building a parsing plan to parse [/home/travis/build/smarie/python-parsyfiles/parsyfiles/tests/parsing_capabilities_by_type/primitives_data/bool/err/b64pickle-float--1.0] into a bool
(B) /home/travis/build/smarie/python-parsyfiles/parsyfiles/tests/parsing_capabilities_by_type/primitives_data/bool/err/b64pickle-float--1.0.txt -&gt; bool ------- using [Try &apos;$&lt;read_str_from_txt&gt; =&gt; &lt;str_to_bool&gt;$&apos; then &apos;$&lt;read_str_from_txt&gt; =&gt; &lt;base64_ascii_str_pickle_to_object&gt; -&gt; &lt;float_to_bool&gt;$&apos; then &apos;$&lt;read_str_from_txt&gt; =&gt; &lt;base64_ascii_str_pickle_to_object&gt; -&gt; &lt;int_to_bool&gt;$&apos; then &apos;$&lt;read_str_from_txt&gt; =&gt; &lt;base64_ascii_str_pickle_to_object&gt; -&gt; &lt;str_to_bool&gt;$&apos; then &apos;$&lt;read_str_from_txt&gt; =&gt; &lt;base64_ascii_str_pickle_to_object&gt;$]&apos;]
(B)                                                                                                                 |--b64pickle-float--1.0.txt -&gt; bool ------- using $&lt;read_str_from_txt&gt; =&gt; &lt;str_to_bool&gt;$
Parsing Plan created successfully

Executing Parsing Plan for [/home/travis/build/smarie/python-parsyfiles/parsyfiles/tests/parsing_capabilities_by_type/primitives_data/bool/err/b64pickle-float--1.0]
(P) /home/travis/build/smarie/python-parsyfiles/parsyfiles/tests/parsing_capabilities_by_type/primitives_data/bool/err/b64pickle-float--1.0.txt -&gt; bool ------- using $&lt;read_str_from_txt&gt; =&gt; &lt;str_to_bool&gt;$
  !! Caught error during execution !!
  File &quot;/home/travis/build/smarie/python-parsyfiles/parsyfiles/converting_core.py&quot;, line 524, in _convert
    return self.conversion_method(desired_type, source_obj, logger, **opts)
  File &quot;/home/travis/build/smarie/python-parsyfiles/parsyfiles/plugins_base/support_for_primitive_types.py&quot;, line 84, in primitive_to_bool
    return bool(strtobool(source))
  File &quot;/opt/python/3.5.5/lib/python3.5/distutils/util.py&quot;, line 317, in strtobool
    raise ValueError(&quot;invalid truth value %r&quot; % (val,))
  ValueError : invalid truth value &apos;ganhv/aaaaaaaaau&apos;
(B)                                                                                                                 |--b64pickle-float--1.0.txt -&gt; bool ------- using $&lt;read_str_from_txt&gt; =&gt; &lt;base64_ascii_str_pickle_to_object&gt; -&gt; &lt;float_to_bool&gt;$
Executing Parsing Plan for [/home/travis/build/smarie/python-parsyfiles/parsyfiles/tests/parsing_capabilities_by_type/primitives_data/bool/err/b64pickle-float--1.0]
(P) /home/travis/build/smarie/python-parsyfiles/parsyfiles/tests/parsing_capabilities_by_type/primitives_data/bool/err/b64pickle-float--1.0.txt -&gt; bool ------- using $&lt;read_str_from_txt&gt; =&gt; &lt;base64_ascii_str_pickle_to_object&gt; -&gt; &lt;float_to_bool&gt;$
  !! Caught error during execution !!
  File &quot;/home/travis/build/smarie/python-parsyfiles/parsyfiles/converting_core.py&quot;, line 319, in convert
    return self._convert(desired_type, source_obj, logger, options)
  File &quot;/home/travis/build/smarie/python-parsyfiles/parsyfiles/converting_core.py&quot;, line 524, in _convert
    return self.conversion_method(desired_type, source_obj, logger, **opts)
  File &quot;/home/travis/build/smarie/python-parsyfiles/parsyfiles/plugins_base/support_for_primitive_types.py&quot;, line 91, in primitive_to_bool
    raise ValueError(&apos;Cannot convert to bool : source is a number but is not 1 nor 0 : \&apos;&apos; + str(source) + &apos;\&apos;&apos;)
  ValueError : Cannot convert to bool : source is a number but is not 1 nor 0 : &apos;-1.0&apos;
(B)                                                                                                                 |--b64pickle-float--1.0.txt -&gt; bool ------- using $&lt;read_str_from_txt&gt; =&gt; &lt;base64_ascii_str_pickle_to_object&gt; -&gt; &lt;int_to_bool&gt;$
Executing Parsing Plan for [/home/travis/build/smarie/python-parsyfiles/parsyfiles/tests/parsing_capabilities_by_type/primitives_data/bool/err/b64pickle-float--1.0]
(P) /home/travis/build/smarie/python-parsyfiles/parsyfiles/tests/parsing_capabilities_by_type/primitives_data/bool/err/b64pickle-float--1.0.txt -&gt; bool ------- using $&lt;read_str_from_txt&gt; =&gt; &lt;base64_ascii_str_pickle_to_object&gt; -&gt; &lt;int_to_bool&gt;$
  !! Caught error during execution !!
  File &quot;/home/travis/build/smarie/python-parsyfiles/parsyfiles/converting_core.py&quot;, line 319, in convert
    return self._convert(desired_type, source_obj, logger, options)
  File &quot;/home/travis/build/smarie/python-parsyfiles/parsyfiles/converting_core.py&quot;, line 770, in _convert
    return self._converters_list[-1].convert(desired_type, obj, logger, options)
  File &quot;/home/travis/build/smarie/python-parsyfiles/parsyfiles/converting_core.py&quot;, line 321, in convert
    raise ConversionException.create_not_able_to_convert(source_obj, self, desired_type)
  ConversionException : Converter &lt;int_to_bool&gt; is not able to ingest source value &apos;-1.0&apos; of type &apos;float&apos; and/or convert it to type &apos;bool&apos;. This can happen in a chain when the previous step in the chain is generic and actually produced  an output of the wrong type/content
(B)                                                                                                                 |--b64pickle-float--1.0.txt -&gt; bool ------- using $&lt;read_str_from_txt&gt; =&gt; &lt;base64_ascii_str_pickle_to_object&gt; -&gt; &lt;str_to_bool&gt;$
Executing Parsing Plan for [/home/travis/build/smarie/python-parsyfiles/parsyfiles/tests/parsing_capabilities_by_type/primitives_data/bool/err/b64pickle-float--1.0]
(P) /home/travis/build/smarie/python-parsyfiles/parsyfiles/tests/parsing_capabilities_by_type/primitives_data/bool/err/b64pickle-float--1.0.txt -&gt; bool ------- using $&lt;read_str_from_txt&gt; =&gt; &lt;base64_ascii_str_pickle_to_object&gt; -&gt; &lt;str_to_bool&gt;$
  !! Caught error during execution !!
  File &quot;/home/travis/build/smarie/python-parsyfiles/parsyfiles/converting_core.py&quot;, line 319, in convert
    return self._convert(desired_type, source_obj, logger, options)
  File &quot;/home/travis/build/smarie/python-parsyfiles/parsyfiles/converting_core.py&quot;, line 770, in _convert
    return self._converters_list[-1].convert(desired_type, obj, logger, options)
  File &quot;/home/travis/build/smarie/python-parsyfiles/parsyfiles/converting_core.py&quot;, line 321, in convert
    raise ConversionException.create_not_able_to_convert(source_obj, self, desired_type)
  ConversionException : Converter &lt;str_to_bool&gt; is not able to ingest source value &apos;-1.0&apos; of type &apos;float&apos; and/or convert it to type &apos;bool&apos;. This can happen in a chain when the previous step in the chain is generic and actually produced  an output of the wrong type/content
(B)                                                                                                                 |--b64pickle-float--1.0.txt -&gt; bool ------- using $&lt;read_str_from_txt&gt; =&gt; &lt;base64_ascii_str_pickle_to_object&gt;$
Executing Parsing Plan for [/home/travis/build/smarie/python-parsyfiles/parsyfiles/tests/parsing_capabilities_by_type/primitives_data/bool/err/b64pickle-float--1.0]
(P) /home/travis/build/smarie/python-parsyfiles/parsyfiles/tests/parsing_capabilities_by_type/primitives_data/bool/err/b64pickle-float--1.0.txt -&gt; bool ------- using $&lt;read_str_from_txt&gt; =&gt; &lt;base64_ascii_str_pickle_to_object&gt;$
                                                                                                                     ! CAUGHT: WrongTypeCreatedError - Error while parsing /home/travis/build/smarie/python-parsyfiles/parsyfiles/tests/parsing_capabilities_by_type/primitives_data/bool/err/b64pickle-float--1.0 (singlefile, .txt) as a bool with parser $&lt;read_str_from_txt&gt; =&gt; &lt;base64_ascii_str_pickle_to_object&gt;$ using options=({&apos;MultifileCollectionParser&apos;: {&apos;lazy_parsing&apos;: False}}) - parser returned an object of wrong type &lt;class &apos;float&apos;&gt;: -1.0
</system-out></testcase><testcase classname="parsyfiles.tests.parsing_capabilities_by_type.test_parse_primitives" file="parsyfiles/tests/parsing_capabilities_by_type/test_parse_primitives.py" line="179" name="test_parse_by_type[bool-err-pickle-float-0.1.pyc]" time="0.040262699127197266"><system-out>**** Starting to parse single object of type &lt;bool&gt; at location /home/travis/build/smarie/python-parsyfiles/parsyfiles/tests/parsing_capabilities_by_type/primitives_data/bool/err/pickle-float-0.1 ****
Checking all files under [/home/travis/build/smarie/python-parsyfiles/parsyfiles/tests/parsing_capabilities_by_type/primitives_data/bool/err/pickle-float-0.1]
(C) /home/travis/build/smarie/python-parsyfiles/parsyfiles/tests/parsing_capabilities_by_type/primitives_data/bool/err/pickle-float-0.1 (singlefile, .pyc)
File checks done

Building a parsing plan to parse [/home/travis/build/smarie/python-parsyfiles/parsyfiles/tests/parsing_capabilities_by_type/primitives_data/bool/err/pickle-float-0.1] into a bool
(B) /home/travis/build/smarie/python-parsyfiles/parsyfiles/tests/parsing_capabilities_by_type/primitives_data/bool/err/pickle-float-0.1.pyc -&gt; bool ------- using [Try &apos;$&lt;read_object_from_pickle&gt; =&gt; &lt;float_to_bool&gt;$&apos; then &apos;$&lt;read_object_from_pickle&gt; =&gt; &lt;int_to_bool&gt;$&apos; then &apos;$&lt;read_object_from_pickle&gt; =&gt; &lt;str_to_bool&gt;$&apos; then &apos;&lt;read_object_from_pickle&gt;]&apos;]
(B)                                                                                                                 |--pickle-float-0.1.pyc -&gt; bool ------- using $&lt;read_object_from_pickle&gt; =&gt; &lt;float_to_bool&gt;$
Parsing Plan created successfully

Executing Parsing Plan for [/home/travis/build/smarie/python-parsyfiles/parsyfiles/tests/parsing_capabilities_by_type/primitives_data/bool/err/pickle-float-0.1]
(P) /home/travis/build/smarie/python-parsyfiles/parsyfiles/tests/parsing_capabilities_by_type/primitives_data/bool/err/pickle-float-0.1.pyc -&gt; bool ------- using $&lt;read_object_from_pickle&gt; =&gt; &lt;float_to_bool&gt;$
  !! Caught error during execution !!
  File &quot;/home/travis/build/smarie/python-parsyfiles/parsyfiles/converting_core.py&quot;, line 319, in convert
    return self._convert(desired_type, source_obj, logger, options)
  File &quot;/home/travis/build/smarie/python-parsyfiles/parsyfiles/converting_core.py&quot;, line 524, in _convert
    return self.conversion_method(desired_type, source_obj, logger, **opts)
  File &quot;/home/travis/build/smarie/python-parsyfiles/parsyfiles/plugins_base/support_for_primitive_types.py&quot;, line 91, in primitive_to_bool
    raise ValueError(&apos;Cannot convert to bool : source is a number but is not 1 nor 0 : \&apos;&apos; + str(source) + &apos;\&apos;&apos;)
  ValueError : Cannot convert to bool : source is a number but is not 1 nor 0 : &apos;0.1&apos;
(B)                                                                                                                 |--pickle-float-0.1.pyc -&gt; bool ------- using $&lt;read_object_from_pickle&gt; =&gt; &lt;int_to_bool&gt;$
Executing Parsing Plan for [/home/travis/build/smarie/python-parsyfiles/parsyfiles/tests/parsing_capabilities_by_type/primitives_data/bool/err/pickle-float-0.1]
(P) /home/travis/build/smarie/python-parsyfiles/parsyfiles/tests/parsing_capabilities_by_type/primitives_data/bool/err/pickle-float-0.1.pyc -&gt; bool ------- using $&lt;read_object_from_pickle&gt; =&gt; &lt;int_to_bool&gt;$
  !! Caught error during execution !!
  File &quot;/home/travis/build/smarie/python-parsyfiles/parsyfiles/parsing_core.py&quot;, line 177, in _execute
    self.get_singlefile_encoding(), logger, options)
  File &quot;/home/travis/build/smarie/python-parsyfiles/parsyfiles/parsing_combining_parsers.py&quot;, line 598, in _parse_singlefile
    return self._converter.convert(desired_type, first, logger, options)
  File &quot;/home/travis/build/smarie/python-parsyfiles/parsyfiles/converting_core.py&quot;, line 321, in convert
    raise ConversionException.create_not_able_to_convert(source_obj, self, desired_type)
  ConversionException : Converter $&lt;int_to_bool&gt;$ is not able to ingest source value &apos;0.1&apos; of type &apos;float&apos; and/or convert it to type &apos;bool&apos;. This can happen in a chain when the previous step in the chain is generic and actually produced  an output of the wrong type/content
(B)                                                                                                                 |--pickle-float-0.1.pyc -&gt; bool ------- using $&lt;read_object_from_pickle&gt; =&gt; &lt;str_to_bool&gt;$
Executing Parsing Plan for [/home/travis/build/smarie/python-parsyfiles/parsyfiles/tests/parsing_capabilities_by_type/primitives_data/bool/err/pickle-float-0.1]
(P) /home/travis/build/smarie/python-parsyfiles/parsyfiles/tests/parsing_capabilities_by_type/primitives_data/bool/err/pickle-float-0.1.pyc -&gt; bool ------- using $&lt;read_object_from_pickle&gt; =&gt; &lt;str_to_bool&gt;$
  !! Caught error during execution !!
  File &quot;/home/travis/build/smarie/python-parsyfiles/parsyfiles/parsing_core.py&quot;, line 177, in _execute
    self.get_singlefile_encoding(), logger, options)
  File &quot;/home/travis/build/smarie/python-parsyfiles/parsyfiles/parsing_combining_parsers.py&quot;, line 598, in _parse_singlefile
    return self._converter.convert(desired_type, first, logger, options)
  File &quot;/home/travis/build/smarie/python-parsyfiles/parsyfiles/converting_core.py&quot;, line 321, in convert
    raise ConversionException.create_not_able_to_convert(source_obj, self, desired_type)
  ConversionException : Converter $&lt;str_to_bool&gt;$ is not able to ingest source value &apos;0.1&apos; of type &apos;float&apos; and/or convert it to type &apos;bool&apos;. This can happen in a chain when the previous step in the chain is generic and actually produced  an output of the wrong type/content
(B)                                                                                                                 |--pickle-float-0.1.pyc -&gt; bool ------- using &lt;read_object_from_pickle&gt;
Executing Parsing Plan for [/home/travis/build/smarie/python-parsyfiles/parsyfiles/tests/parsing_capabilities_by_type/primitives_data/bool/err/pickle-float-0.1]
(P) /home/travis/build/smarie/python-parsyfiles/parsyfiles/tests/parsing_capabilities_by_type/primitives_data/bool/err/pickle-float-0.1.pyc -&gt; bool ------- using &lt;read_object_from_pickle&gt;
                                                                                                                     ! CAUGHT: WrongTypeCreatedError - Error while parsing /home/travis/build/smarie/python-parsyfiles/parsyfiles/tests/parsing_capabilities_by_type/primitives_data/bool/err/pickle-float-0.1 (singlefile, .pyc) as a bool with parser &lt;read_object_from_pickle&gt; using options=({&apos;MultifileCollectionParser&apos;: {&apos;lazy_parsing&apos;: False}}) - parser returned an object of wrong type &lt;class &apos;float&apos;&gt;: 0.1
</system-out></testcase><testcase classname="parsyfiles.tests.parsing_capabilities_by_type.test_parse_primitives" file="parsyfiles/tests/parsing_capabilities_by_type/test_parse_primitives.py" line="179" name="test_parse_by_type[bool-err-pickle-int-6.pyc]" time="0.038324594497680664"><system-out>**** Starting to parse single object of type &lt;bool&gt; at location /home/travis/build/smarie/python-parsyfiles/parsyfiles/tests/parsing_capabilities_by_type/primitives_data/bool/err/pickle-int-6 ****
Checking all files under [/home/travis/build/smarie/python-parsyfiles/parsyfiles/tests/parsing_capabilities_by_type/primitives_data/bool/err/pickle-int-6]
(C) /home/travis/build/smarie/python-parsyfiles/parsyfiles/tests/parsing_capabilities_by_type/primitives_data/bool/err/pickle-int-6 (singlefile, .pyc)
File checks done

Building a parsing plan to parse [/home/travis/build/smarie/python-parsyfiles/parsyfiles/tests/parsing_capabilities_by_type/primitives_data/bool/err/pickle-int-6] into a bool
(B) /home/travis/build/smarie/python-parsyfiles/parsyfiles/tests/parsing_capabilities_by_type/primitives_data/bool/err/pickle-int-6.pyc -&gt; bool ------- using [Try &apos;$&lt;read_object_from_pickle&gt; =&gt; &lt;float_to_bool&gt;$&apos; then &apos;$&lt;read_object_from_pickle&gt; =&gt; &lt;int_to_bool&gt;$&apos; then &apos;$&lt;read_object_from_pickle&gt; =&gt; &lt;str_to_bool&gt;$&apos; then &apos;&lt;read_object_from_pickle&gt;]&apos;]
(B)                                                                                                                 |--pickle-int-6.pyc -&gt; bool ------- using $&lt;read_object_from_pickle&gt; =&gt; &lt;float_to_bool&gt;$
Parsing Plan created successfully

Executing Parsing Plan for [/home/travis/build/smarie/python-parsyfiles/parsyfiles/tests/parsing_capabilities_by_type/primitives_data/bool/err/pickle-int-6]
(P) /home/travis/build/smarie/python-parsyfiles/parsyfiles/tests/parsing_capabilities_by_type/primitives_data/bool/err/pickle-int-6.pyc -&gt; bool ------- using $&lt;read_object_from_pickle&gt; =&gt; &lt;float_to_bool&gt;$
  !! Caught error during execution !!
  File &quot;/home/travis/build/smarie/python-parsyfiles/parsyfiles/parsing_core.py&quot;, line 177, in _execute
    self.get_singlefile_encoding(), logger, options)
  File &quot;/home/travis/build/smarie/python-parsyfiles/parsyfiles/parsing_combining_parsers.py&quot;, line 598, in _parse_singlefile
    return self._converter.convert(desired_type, first, logger, options)
  File &quot;/home/travis/build/smarie/python-parsyfiles/parsyfiles/converting_core.py&quot;, line 321, in convert
    raise ConversionException.create_not_able_to_convert(source_obj, self, desired_type)
  ConversionException : Converter $&lt;float_to_bool&gt;$ is not able to ingest source value &apos;6&apos; of type &apos;int&apos; and/or convert it to type &apos;bool&apos;. This can happen in a chain when the previous step in the chain is generic and actually produced  an output of the wrong type/content
(B)                                                                                                                 |--pickle-int-6.pyc -&gt; bool ------- using $&lt;read_object_from_pickle&gt; =&gt; &lt;int_to_bool&gt;$
Executing Parsing Plan for [/home/travis/build/smarie/python-parsyfiles/parsyfiles/tests/parsing_capabilities_by_type/primitives_data/bool/err/pickle-int-6]
(P) /home/travis/build/smarie/python-parsyfiles/parsyfiles/tests/parsing_capabilities_by_type/primitives_data/bool/err/pickle-int-6.pyc -&gt; bool ------- using $&lt;read_object_from_pickle&gt; =&gt; &lt;int_to_bool&gt;$
  !! Caught error during execution !!
  File &quot;/home/travis/build/smarie/python-parsyfiles/parsyfiles/converting_core.py&quot;, line 319, in convert
    return self._convert(desired_type, source_obj, logger, options)
  File &quot;/home/travis/build/smarie/python-parsyfiles/parsyfiles/converting_core.py&quot;, line 524, in _convert
    return self.conversion_method(desired_type, source_obj, logger, **opts)
  File &quot;/home/travis/build/smarie/python-parsyfiles/parsyfiles/plugins_base/support_for_primitive_types.py&quot;, line 91, in primitive_to_bool
    raise ValueError(&apos;Cannot convert to bool : source is a number but is not 1 nor 0 : \&apos;&apos; + str(source) + &apos;\&apos;&apos;)
  ValueError : Cannot convert to bool : source is a number but is not 1 nor 0 : &apos;6&apos;
(B)                                                                                                                 |--pickle-int-6.pyc -&gt; bool ------- using $&lt;read_object_from_pickle&gt; =&gt; &lt;str_to_bool&gt;$
Executing Parsing Plan for [/home/travis/build/smarie/python-parsyfiles/parsyfiles/tests/parsing_capabilities_by_type/primitives_data/bool/err/pickle-int-6]
(P) /home/travis/build/smarie/python-parsyfiles/parsyfiles/tests/parsing_capabilities_by_type/primitives_data/bool/err/pickle-int-6.pyc -&gt; bool ------- using $&lt;read_object_from_pickle&gt; =&gt; &lt;str_to_bool&gt;$
  !! Caught error during execution !!
  File &quot;/home/travis/build/smarie/python-parsyfiles/parsyfiles/parsing_core.py&quot;, line 177, in _execute
    self.get_singlefile_encoding(), logger, options)
  File &quot;/home/travis/build/smarie/python-parsyfiles/parsyfiles/parsing_combining_parsers.py&quot;, line 598, in _parse_singlefile
    return self._converter.convert(desired_type, first, logger, options)
  File &quot;/home/travis/build/smarie/python-parsyfiles/parsyfiles/converting_core.py&quot;, line 321, in convert
    raise ConversionException.create_not_able_to_convert(source_obj, self, desired_type)
  ConversionException : Converter $&lt;str_to_bool&gt;$ is not able to ingest source value &apos;6&apos; of type &apos;int&apos; and/or convert it to type &apos;bool&apos;. This can happen in a chain when the previous step in the chain is generic and actually produced  an output of the wrong type/content
(B)                                                                                                                 |--pickle-int-6.pyc -&gt; bool ------- using &lt;read_object_from_pickle&gt;
Executing Parsing Plan for [/home/travis/build/smarie/python-parsyfiles/parsyfiles/tests/parsing_capabilities_by_type/primitives_data/bool/err/pickle-int-6]
(P) /home/travis/build/smarie/python-parsyfiles/parsyfiles/tests/parsing_capabilities_by_type/primitives_data/bool/err/pickle-int-6.pyc -&gt; bool ------- using &lt;read_object_from_pickle&gt;
                                                                                                                     ! CAUGHT: WrongTypeCreatedError - Error while parsing /home/travis/build/smarie/python-parsyfiles/parsyfiles/tests/parsing_capabilities_by_type/primitives_data/bool/err/pickle-int-6 (singlefile, .pyc) as a bool with parser &lt;read_object_from_pickle&gt; using options=({&apos;MultifileCollectionParser&apos;: {&apos;lazy_parsing&apos;: False}}) - parser returned an object of wrong type &lt;class &apos;int&apos;&gt;: 6
</system-out></testcase><testcase classname="parsyfiles.tests.parsing_capabilities_by_type.test_parse_primitives" file="parsyfiles/tests/parsing_capabilities_by_type/test_parse_primitives.py" line="179" name="test_parse_by_type[bool-err-txt-str-truth.txt]" time="0.04172849655151367"><system-out>**** Starting to parse single object of type &lt;bool&gt; at location /home/travis/build/smarie/python-parsyfiles/parsyfiles/tests/parsing_capabilities_by_type/primitives_data/bool/err/txt-str-truth ****
Checking all files under [/home/travis/build/smarie/python-parsyfiles/parsyfiles/tests/parsing_capabilities_by_type/primitives_data/bool/err/txt-str-truth]
(C) /home/travis/build/smarie/python-parsyfiles/parsyfiles/tests/parsing_capabilities_by_type/primitives_data/bool/err/txt-str-truth (singlefile, .txt)
File checks done

Building a parsing plan to parse [/home/travis/build/smarie/python-parsyfiles/parsyfiles/tests/parsing_capabilities_by_type/primitives_data/bool/err/txt-str-truth] into a bool
(B) /home/travis/build/smarie/python-parsyfiles/parsyfiles/tests/parsing_capabilities_by_type/primitives_data/bool/err/txt-str-truth.txt -&gt; bool ------- using [Try &apos;$&lt;read_str_from_txt&gt; =&gt; &lt;str_to_bool&gt;$&apos; then &apos;$&lt;read_str_from_txt&gt; =&gt; &lt;base64_ascii_str_pickle_to_object&gt; -&gt; &lt;float_to_bool&gt;$&apos; then &apos;$&lt;read_str_from_txt&gt; =&gt; &lt;base64_ascii_str_pickle_to_object&gt; -&gt; &lt;int_to_bool&gt;$&apos; then &apos;$&lt;read_str_from_txt&gt; =&gt; &lt;base64_ascii_str_pickle_to_object&gt; -&gt; &lt;str_to_bool&gt;$&apos; then &apos;$&lt;read_str_from_txt&gt; =&gt; &lt;base64_ascii_str_pickle_to_object&gt;$]&apos;]
(B)                                                                                                                 |--txt-str-truth.txt -&gt; bool ------- using $&lt;read_str_from_txt&gt; =&gt; &lt;str_to_bool&gt;$
Parsing Plan created successfully

Executing Parsing Plan for [/home/travis/build/smarie/python-parsyfiles/parsyfiles/tests/parsing_capabilities_by_type/primitives_data/bool/err/txt-str-truth]
(P) /home/travis/build/smarie/python-parsyfiles/parsyfiles/tests/parsing_capabilities_by_type/primitives_data/bool/err/txt-str-truth.txt -&gt; bool ------- using $&lt;read_str_from_txt&gt; =&gt; &lt;str_to_bool&gt;$
  !! Caught error during execution !!
  File &quot;/home/travis/build/smarie/python-parsyfiles/parsyfiles/converting_core.py&quot;, line 524, in _convert
    return self.conversion_method(desired_type, source_obj, logger, **opts)
  File &quot;/home/travis/build/smarie/python-parsyfiles/parsyfiles/plugins_base/support_for_primitive_types.py&quot;, line 84, in primitive_to_bool
    return bool(strtobool(source))
  File &quot;/opt/python/3.5.5/lib/python3.5/distutils/util.py&quot;, line 317, in strtobool
    raise ValueError(&quot;invalid truth value %r&quot; % (val,))
  ValueError : invalid truth value &apos;truth&apos;
(B)                                                                                                                 |--txt-str-truth.txt -&gt; bool ------- using $&lt;read_str_from_txt&gt; =&gt; &lt;base64_ascii_str_pickle_to_object&gt; -&gt; &lt;float_to_bool&gt;$
Executing Parsing Plan for [/home/travis/build/smarie/python-parsyfiles/parsyfiles/tests/parsing_capabilities_by_type/primitives_data/bool/err/txt-str-truth]
(P) /home/travis/build/smarie/python-parsyfiles/parsyfiles/tests/parsing_capabilities_by_type/primitives_data/bool/err/txt-str-truth.txt -&gt; bool ------- using $&lt;read_str_from_txt&gt; =&gt; &lt;base64_ascii_str_pickle_to_object&gt; -&gt; &lt;float_to_bool&gt;$
  !! Caught error during execution !!
  File &quot;/home/travis/build/smarie/python-parsyfiles/parsyfiles/converting_core.py&quot;, line 524, in _convert
    return self.conversion_method(desired_type, source_obj, logger, **opts)
  File &quot;/home/travis/build/smarie/python-parsyfiles/parsyfiles/plugins_base/support_for_objects.py&quot;, line 56, in base64_ascii_str_pickle_to_object
    return pickle.loads(base64.b64decode(b64_ascii_str), fix_imports=True, encoding=&quot;ASCII&quot;, errors=&quot;strict&quot;)
  File &quot;/home/travis/virtualenv/python3.5.5/lib/python3.5/base64.py&quot;, line 88, in b64decode
    return binascii.a2b_base64(s)
  Error : Incorrect padding
(B)                                                                                                                 |--txt-str-truth.txt -&gt; bool ------- using $&lt;read_str_from_txt&gt; =&gt; &lt;base64_ascii_str_pickle_to_object&gt; -&gt; &lt;int_to_bool&gt;$
Executing Parsing Plan for [/home/travis/build/smarie/python-parsyfiles/parsyfiles/tests/parsing_capabilities_by_type/primitives_data/bool/err/txt-str-truth]
(P) /home/travis/build/smarie/python-parsyfiles/parsyfiles/tests/parsing_capabilities_by_type/primitives_data/bool/err/txt-str-truth.txt -&gt; bool ------- using $&lt;read_str_from_txt&gt; =&gt; &lt;base64_ascii_str_pickle_to_object&gt; -&gt; &lt;int_to_bool&gt;$
  !! Caught error during execution !!
  File &quot;/home/travis/build/smarie/python-parsyfiles/parsyfiles/converting_core.py&quot;, line 524, in _convert
    return self.conversion_method(desired_type, source_obj, logger, **opts)
  File &quot;/home/travis/build/smarie/python-parsyfiles/parsyfiles/plugins_base/support_for_objects.py&quot;, line 56, in base64_ascii_str_pickle_to_object
    return pickle.loads(base64.b64decode(b64_ascii_str), fix_imports=True, encoding=&quot;ASCII&quot;, errors=&quot;strict&quot;)
  File &quot;/home/travis/virtualenv/python3.5.5/lib/python3.5/base64.py&quot;, line 88, in b64decode
    return binascii.a2b_base64(s)
  Error : Incorrect padding
(B)                                                                                                                 |--txt-str-truth.txt -&gt; bool ------- using $&lt;read_str_from_txt&gt; =&gt; &lt;base64_ascii_str_pickle_to_object&gt; -&gt; &lt;str_to_bool&gt;$
Executing Parsing Plan for [/home/travis/build/smarie/python-parsyfiles/parsyfiles/tests/parsing_capabilities_by_type/primitives_data/bool/err/txt-str-truth]
(P) /home/travis/build/smarie/python-parsyfiles/parsyfiles/tests/parsing_capabilities_by_type/primitives_data/bool/err/txt-str-truth.txt -&gt; bool ------- using $&lt;read_str_from_txt&gt; =&gt; &lt;base64_ascii_str_pickle_to_object&gt; -&gt; &lt;str_to_bool&gt;$
  !! Caught error during execution !!
  File &quot;/home/travis/build/smarie/python-parsyfiles/parsyfiles/converting_core.py&quot;, line 524, in _convert
    return self.conversion_method(desired_type, source_obj, logger, **opts)
  File &quot;/home/travis/build/smarie/python-parsyfiles/parsyfiles/plugins_base/support_for_objects.py&quot;, line 56, in base64_ascii_str_pickle_to_object
    return pickle.loads(base64.b64decode(b64_ascii_str), fix_imports=True, encoding=&quot;ASCII&quot;, errors=&quot;strict&quot;)
  File &quot;/home/travis/virtualenv/python3.5.5/lib/python3.5/base64.py&quot;, line 88, in b64decode
    return binascii.a2b_base64(s)
  Error : Incorrect padding
(B)                                                                                                                 |--txt-str-truth.txt -&gt; bool ------- using $&lt;read_str_from_txt&gt; =&gt; &lt;base64_ascii_str_pickle_to_object&gt;$
Executing Parsing Plan for [/home/travis/build/smarie/python-parsyfiles/parsyfiles/tests/parsing_capabilities_by_type/primitives_data/bool/err/txt-str-truth]
(P) /home/travis/build/smarie/python-parsyfiles/parsyfiles/tests/parsing_capabilities_by_type/primitives_data/bool/err/txt-str-truth.txt -&gt; bool ------- using $&lt;read_str_from_txt&gt; =&gt; &lt;base64_ascii_str_pickle_to_object&gt;$
  !! Caught error during execution !!
  File &quot;/home/travis/build/smarie/python-parsyfiles/parsyfiles/converting_core.py&quot;, line 524, in _convert
    return self.conversion_method(desired_type, source_obj, logger, **opts)
  File &quot;/home/travis/build/smarie/python-parsyfiles/parsyfiles/plugins_base/support_for_objects.py&quot;, line 56, in base64_ascii_str_pickle_to_object
    return pickle.loads(base64.b64decode(b64_ascii_str), fix_imports=True, encoding=&quot;ASCII&quot;, errors=&quot;strict&quot;)
  File &quot;/home/travis/virtualenv/python3.5.5/lib/python3.5/base64.py&quot;, line 88, in b64decode
    return binascii.a2b_base64(s)
  Error : Incorrect padding
</system-out></testcase><testcase classname="parsyfiles.tests.parsing_capabilities_by_type.test_parse_primitives" file="parsyfiles/tests/parsing_capabilities_by_type/test_parse_primitives.py" line="179" name="test_parse_by_type[bool-err-txt-float-0.1.txt]" time="0.04240584373474121"><system-out>**** Starting to parse single object of type &lt;bool&gt; at location /home/travis/build/smarie/python-parsyfiles/parsyfiles/tests/parsing_capabilities_by_type/primitives_data/bool/err/txt-float-0.1 ****
Checking all files under [/home/travis/build/smarie/python-parsyfiles/parsyfiles/tests/parsing_capabilities_by_type/primitives_data/bool/err/txt-float-0.1]
(C) /home/travis/build/smarie/python-parsyfiles/parsyfiles/tests/parsing_capabilities_by_type/primitives_data/bool/err/txt-float-0.1 (singlefile, .txt)
File checks done

Building a parsing plan to parse [/home/travis/build/smarie/python-parsyfiles/parsyfiles/tests/parsing_capabilities_by_type/primitives_data/bool/err/txt-float-0.1] into a bool
(B) /home/travis/build/smarie/python-parsyfiles/parsyfiles/tests/parsing_capabilities_by_type/primitives_data/bool/err/txt-float-0.1.txt -&gt; bool ------- using [Try &apos;$&lt;read_str_from_txt&gt; =&gt; &lt;str_to_bool&gt;$&apos; then &apos;$&lt;read_str_from_txt&gt; =&gt; &lt;base64_ascii_str_pickle_to_object&gt; -&gt; &lt;float_to_bool&gt;$&apos; then &apos;$&lt;read_str_from_txt&gt; =&gt; &lt;base64_ascii_str_pickle_to_object&gt; -&gt; &lt;int_to_bool&gt;$&apos; then &apos;$&lt;read_str_from_txt&gt; =&gt; &lt;base64_ascii_str_pickle_to_object&gt; -&gt; &lt;str_to_bool&gt;$&apos; then &apos;$&lt;read_str_from_txt&gt; =&gt; &lt;base64_ascii_str_pickle_to_object&gt;$]&apos;]
(B)                                                                                                                 |--txt-float-0.1.txt -&gt; bool ------- using $&lt;read_str_from_txt&gt; =&gt; &lt;str_to_bool&gt;$
Parsing Plan created successfully

Executing Parsing Plan for [/home/travis/build/smarie/python-parsyfiles/parsyfiles/tests/parsing_capabilities_by_type/primitives_data/bool/err/txt-float-0.1]
(P) /home/travis/build/smarie/python-parsyfiles/parsyfiles/tests/parsing_capabilities_by_type/primitives_data/bool/err/txt-float-0.1.txt -&gt; bool ------- using $&lt;read_str_from_txt&gt; =&gt; &lt;str_to_bool&gt;$
  !! Caught error during execution !!
  File &quot;/home/travis/build/smarie/python-parsyfiles/parsyfiles/converting_core.py&quot;, line 524, in _convert
    return self.conversion_method(desired_type, source_obj, logger, **opts)
  File &quot;/home/travis/build/smarie/python-parsyfiles/parsyfiles/plugins_base/support_for_primitive_types.py&quot;, line 84, in primitive_to_bool
    return bool(strtobool(source))
  File &quot;/opt/python/3.5.5/lib/python3.5/distutils/util.py&quot;, line 317, in strtobool
    raise ValueError(&quot;invalid truth value %r&quot; % (val,))
  ValueError : invalid truth value &apos;0.1&apos;
(B)                                                                                                                 |--txt-float-0.1.txt -&gt; bool ------- using $&lt;read_str_from_txt&gt; =&gt; &lt;base64_ascii_str_pickle_to_object&gt; -&gt; &lt;float_to_bool&gt;$
Executing Parsing Plan for [/home/travis/build/smarie/python-parsyfiles/parsyfiles/tests/parsing_capabilities_by_type/primitives_data/bool/err/txt-float-0.1]
(P) /home/travis/build/smarie/python-parsyfiles/parsyfiles/tests/parsing_capabilities_by_type/primitives_data/bool/err/txt-float-0.1.txt -&gt; bool ------- using $&lt;read_str_from_txt&gt; =&gt; &lt;base64_ascii_str_pickle_to_object&gt; -&gt; &lt;float_to_bool&gt;$
  !! Caught error during execution !!
  File &quot;/home/travis/build/smarie/python-parsyfiles/parsyfiles/converting_core.py&quot;, line 524, in _convert
    return self.conversion_method(desired_type, source_obj, logger, **opts)
  File &quot;/home/travis/build/smarie/python-parsyfiles/parsyfiles/plugins_base/support_for_objects.py&quot;, line 56, in base64_ascii_str_pickle_to_object
    return pickle.loads(base64.b64decode(b64_ascii_str), fix_imports=True, encoding=&quot;ASCII&quot;, errors=&quot;strict&quot;)
  File &quot;/home/travis/virtualenv/python3.5.5/lib/python3.5/base64.py&quot;, line 88, in b64decode
    return binascii.a2b_base64(s)
  Error : Incorrect padding
(B)                                                                                                                 |--txt-float-0.1.txt -&gt; bool ------- using $&lt;read_str_from_txt&gt; =&gt; &lt;base64_ascii_str_pickle_to_object&gt; -&gt; &lt;int_to_bool&gt;$
Executing Parsing Plan for [/home/travis/build/smarie/python-parsyfiles/parsyfiles/tests/parsing_capabilities_by_type/primitives_data/bool/err/txt-float-0.1]
(P) /home/travis/build/smarie/python-parsyfiles/parsyfiles/tests/parsing_capabilities_by_type/primitives_data/bool/err/txt-float-0.1.txt -&gt; bool ------- using $&lt;read_str_from_txt&gt; =&gt; &lt;base64_ascii_str_pickle_to_object&gt; -&gt; &lt;int_to_bool&gt;$
  !! Caught error during execution !!
  File &quot;/home/travis/build/smarie/python-parsyfiles/parsyfiles/converting_core.py&quot;, line 524, in _convert
    return self.conversion_method(desired_type, source_obj, logger, **opts)
  File &quot;/home/travis/build/smarie/python-parsyfiles/parsyfiles/plugins_base/support_for_objects.py&quot;, line 56, in base64_ascii_str_pickle_to_object
    return pickle.loads(base64.b64decode(b64_ascii_str), fix_imports=True, encoding=&quot;ASCII&quot;, errors=&quot;strict&quot;)
  File &quot;/home/travis/virtualenv/python3.5.5/lib/python3.5/base64.py&quot;, line 88, in b64decode
    return binascii.a2b_base64(s)
  Error : Incorrect padding
(B)                                                                                                                 |--txt-float-0.1.txt -&gt; bool ------- using $&lt;read_str_from_txt&gt; =&gt; &lt;base64_ascii_str_pickle_to_object&gt; -&gt; &lt;str_to_bool&gt;$
Executing Parsing Plan for [/home/travis/build/smarie/python-parsyfiles/parsyfiles/tests/parsing_capabilities_by_type/primitives_data/bool/err/txt-float-0.1]
(P) /home/travis/build/smarie/python-parsyfiles/parsyfiles/tests/parsing_capabilities_by_type/primitives_data/bool/err/txt-float-0.1.txt -&gt; bool ------- using $&lt;read_str_from_txt&gt; =&gt; &lt;base64_ascii_str_pickle_to_object&gt; -&gt; &lt;str_to_bool&gt;$
  !! Caught error during execution !!
  File &quot;/home/travis/build/smarie/python-parsyfiles/parsyfiles/converting_core.py&quot;, line 524, in _convert
    return self.conversion_method(desired_type, source_obj, logger, **opts)
  File &quot;/home/travis/build/smarie/python-parsyfiles/parsyfiles/plugins_base/support_for_objects.py&quot;, line 56, in base64_ascii_str_pickle_to_object
    return pickle.loads(base64.b64decode(b64_ascii_str), fix_imports=True, encoding=&quot;ASCII&quot;, errors=&quot;strict&quot;)
  File &quot;/home/travis/virtualenv/python3.5.5/lib/python3.5/base64.py&quot;, line 88, in b64decode
    return binascii.a2b_base64(s)
  Error : Incorrect padding
(B)                                                                                                                 |--txt-float-0.1.txt -&gt; bool ------- using $&lt;read_str_from_txt&gt; =&gt; &lt;base64_ascii_str_pickle_to_object&gt;$
Executing Parsing Plan for [/home/travis/build/smarie/python-parsyfiles/parsyfiles/tests/parsing_capabilities_by_type/primitives_data/bool/err/txt-float-0.1]
(P) /home/travis/build/smarie/python-parsyfiles/parsyfiles/tests/parsing_capabilities_by_type/primitives_data/bool/err/txt-float-0.1.txt -&gt; bool ------- using $&lt;read_str_from_txt&gt; =&gt; &lt;base64_ascii_str_pickle_to_object&gt;$
  !! Caught error during execution !!
  File &quot;/home/travis/build/smarie/python-parsyfiles/parsyfiles/converting_core.py&quot;, line 524, in _convert
    return self.conversion_method(desired_type, source_obj, logger, **opts)
  File &quot;/home/travis/build/smarie/python-parsyfiles/parsyfiles/plugins_base/support_for_objects.py&quot;, line 56, in base64_ascii_str_pickle_to_object
    return pickle.loads(base64.b64decode(b64_ascii_str), fix_imports=True, encoding=&quot;ASCII&quot;, errors=&quot;strict&quot;)
  File &quot;/home/travis/virtualenv/python3.5.5/lib/python3.5/base64.py&quot;, line 88, in b64decode
    return binascii.a2b_base64(s)
  Error : Incorrect padding
</system-out></testcase><testcase classname="parsyfiles.tests.parsing_capabilities_by_type.test_parse_primitives" file="parsyfiles/tests/parsing_capabilities_by_type/test_parse_primitives.py" line="179" name="test_parse_by_type[str-ok-pickle-str-=.pyc]" time="0.04282569885253906"><system-out>**** Starting to parse single object of type &lt;str&gt; at location /home/travis/build/smarie/python-parsyfiles/parsyfiles/tests/parsing_capabilities_by_type/primitives_data/str/ok/pickle-str-= ****
Checking all files under [/home/travis/build/smarie/python-parsyfiles/parsyfiles/tests/parsing_capabilities_by_type/primitives_data/str/ok/pickle-str-=]
(C) /home/travis/build/smarie/python-parsyfiles/parsyfiles/tests/parsing_capabilities_by_type/primitives_data/str/ok/pickle-str-= (singlefile, .pyc)
File checks done

Building a parsing plan to parse [/home/travis/build/smarie/python-parsyfiles/parsyfiles/tests/parsing_capabilities_by_type/primitives_data/str/ok/pickle-str-=] into a str
(B) /home/travis/build/smarie/python-parsyfiles/parsyfiles/tests/parsing_capabilities_by_type/primitives_data/str/ok/pickle-str-=.pyc -&gt; str ------- using [Try &apos;[Try &apos;$&lt;read_object_from_pickle&gt; =&gt; &lt;bool_to_string&gt;$&apos; then &apos;$&lt;read_object_from_pickle&gt; =&gt; &lt;float_to_string&gt;$&apos; then &apos;$&lt;read_object_from_pickle&gt; =&gt; &lt;int_to_string&gt;$&apos; then &apos;&lt;read_object_from_pickle&gt;]&apos;]&apos; -&gt; [str] then &apos;&lt;read_object_from_pickle&gt;&apos; -&gt; [_rstr] then &apos;&lt;read_object_from_pickle&gt;&apos; -&gt; [str_]]]
(B)                                                                                                               |--pickle-str-=.pyc -&gt; str ------- using [Try &apos;$&lt;read_object_from_pickle&gt; =&gt; &lt;bool_to_string&gt;$&apos; then &apos;$&lt;read_object_from_pickle&gt; =&gt; &lt;float_to_string&gt;$&apos; then &apos;$&lt;read_object_from_pickle&gt; =&gt; &lt;int_to_string&gt;$&apos; then &apos;&lt;read_object_from_pickle&gt;]&apos;]
(B)                                                                                                               |--pickle-str-=.pyc -&gt; str ------- using $&lt;read_object_from_pickle&gt; =&gt; &lt;bool_to_string&gt;$
Parsing Plan created successfully

Executing Parsing Plan for [/home/travis/build/smarie/python-parsyfiles/parsyfiles/tests/parsing_capabilities_by_type/primitives_data/str/ok/pickle-str-=]
(P) /home/travis/build/smarie/python-parsyfiles/parsyfiles/tests/parsing_capabilities_by_type/primitives_data/str/ok/pickle-str-=.pyc -&gt; str ------- using $&lt;read_object_from_pickle&gt; =&gt; &lt;bool_to_string&gt;$
  !! Caught error during execution !!
  File &quot;/home/travis/build/smarie/python-parsyfiles/parsyfiles/parsing_core.py&quot;, line 177, in _execute
    self.get_singlefile_encoding(), logger, options)
  File &quot;/home/travis/build/smarie/python-parsyfiles/parsyfiles/parsing_combining_parsers.py&quot;, line 598, in _parse_singlefile
    return self._converter.convert(desired_type, first, logger, options)
  File &quot;/home/travis/build/smarie/python-parsyfiles/parsyfiles/converting_core.py&quot;, line 321, in convert
    raise ConversionException.create_not_able_to_convert(source_obj, self, desired_type)
  ConversionException : Converter $&lt;bool_to_string&gt;$ is not able to ingest source value &apos;&apos; of type &apos;str&apos; and/or convert it to type &apos;str&apos;. This can happen in a chain when the previous step in the chain is generic and actually produced  an output of the wrong type/content
(B)                                                                                                               |--pickle-str-=.pyc -&gt; str ------- using $&lt;read_object_from_pickle&gt; =&gt; &lt;float_to_string&gt;$
Executing Parsing Plan for [/home/travis/build/smarie/python-parsyfiles/parsyfiles/tests/parsing_capabilities_by_type/primitives_data/str/ok/pickle-str-=]
(P) /home/travis/build/smarie/python-parsyfiles/parsyfiles/tests/parsing_capabilities_by_type/primitives_data/str/ok/pickle-str-=.pyc -&gt; str ------- using $&lt;read_object_from_pickle&gt; =&gt; &lt;float_to_string&gt;$
  !! Caught error during execution !!
  File &quot;/home/travis/build/smarie/python-parsyfiles/parsyfiles/parsing_core.py&quot;, line 177, in _execute
    self.get_singlefile_encoding(), logger, options)
  File &quot;/home/travis/build/smarie/python-parsyfiles/parsyfiles/parsing_combining_parsers.py&quot;, line 598, in _parse_singlefile
    return self._converter.convert(desired_type, first, logger, options)
  File &quot;/home/travis/build/smarie/python-parsyfiles/parsyfiles/converting_core.py&quot;, line 321, in convert
    raise ConversionException.create_not_able_to_convert(source_obj, self, desired_type)
  ConversionException : Converter $&lt;float_to_string&gt;$ is not able to ingest source value &apos;&apos; of type &apos;str&apos; and/or convert it to type &apos;str&apos;. This can happen in a chain when the previous step in the chain is generic and actually produced  an output of the wrong type/content
(B)                                                                                                               |--pickle-str-=.pyc -&gt; str ------- using $&lt;read_object_from_pickle&gt; =&gt; &lt;int_to_string&gt;$
Executing Parsing Plan for [/home/travis/build/smarie/python-parsyfiles/parsyfiles/tests/parsing_capabilities_by_type/primitives_data/str/ok/pickle-str-=]
(P) /home/travis/build/smarie/python-parsyfiles/parsyfiles/tests/parsing_capabilities_by_type/primitives_data/str/ok/pickle-str-=.pyc -&gt; str ------- using $&lt;read_object_from_pickle&gt; =&gt; &lt;int_to_string&gt;$
  !! Caught error during execution !!
  File &quot;/home/travis/build/smarie/python-parsyfiles/parsyfiles/parsing_core.py&quot;, line 177, in _execute
    self.get_singlefile_encoding(), logger, options)
  File &quot;/home/travis/build/smarie/python-parsyfiles/parsyfiles/parsing_combining_parsers.py&quot;, line 598, in _parse_singlefile
    return self._converter.convert(desired_type, first, logger, options)
  File &quot;/home/travis/build/smarie/python-parsyfiles/parsyfiles/converting_core.py&quot;, line 321, in convert
    raise ConversionException.create_not_able_to_convert(source_obj, self, desired_type)
  ConversionException : Converter $&lt;int_to_string&gt;$ is not able to ingest source value &apos;&apos; of type &apos;str&apos; and/or convert it to type &apos;str&apos;. This can happen in a chain when the previous step in the chain is generic and actually produced  an output of the wrong type/content
(B)                                                                                                               |--pickle-str-=.pyc -&gt; str ------- using &lt;read_object_from_pickle&gt;
Executing Parsing Plan for [/home/travis/build/smarie/python-parsyfiles/parsyfiles/tests/parsing_capabilities_by_type/primitives_data/str/ok/pickle-str-=]
(P) /home/travis/build/smarie/python-parsyfiles/parsyfiles/tests/parsing_capabilities_by_type/primitives_data/str/ok/pickle-str-=.pyc -&gt; str ------- using &lt;read_object_from_pickle&gt;
(P)                                                                                                               |--pickle-str-=.pyc -&gt; str SUCCESS !
Completed parsing successfully

==
</system-out></testcase><testcase classname="parsyfiles.tests.parsing_capabilities_by_type.test_parse_primitives" file="parsyfiles/tests/parsing_capabilities_by_type/test_parse_primitives.py" line="179" name="test_parse_by_type[str-ok-pickle-bool-False=False.pyc]" time="0.039864301681518555"><system-out>**** Starting to parse single object of type &lt;str&gt; at location /home/travis/build/smarie/python-parsyfiles/parsyfiles/tests/parsing_capabilities_by_type/primitives_data/str/ok/pickle-bool-False=False ****
Checking all files under [/home/travis/build/smarie/python-parsyfiles/parsyfiles/tests/parsing_capabilities_by_type/primitives_data/str/ok/pickle-bool-False=False]
(C) /home/travis/build/smarie/python-parsyfiles/parsyfiles/tests/parsing_capabilities_by_type/primitives_data/str/ok/pickle-bool-False=False (singlefile, .pyc)
File checks done

Building a parsing plan to parse [/home/travis/build/smarie/python-parsyfiles/parsyfiles/tests/parsing_capabilities_by_type/primitives_data/str/ok/pickle-bool-False=False] into a str
(B) /home/travis/build/smarie/python-parsyfiles/parsyfiles/tests/parsing_capabilities_by_type/primitives_data/str/ok/pickle-bool-False=False.pyc -&gt; str ------- using [Try &apos;[Try &apos;$&lt;read_object_from_pickle&gt; =&gt; &lt;bool_to_string&gt;$&apos; then &apos;$&lt;read_object_from_pickle&gt; =&gt; &lt;float_to_string&gt;$&apos; then &apos;$&lt;read_object_from_pickle&gt; =&gt; &lt;int_to_string&gt;$&apos; then &apos;&lt;read_object_from_pickle&gt;]&apos;]&apos; -&gt; [str] then &apos;&lt;read_object_from_pickle&gt;&apos; -&gt; [_rstr] then &apos;&lt;read_object_from_pickle&gt;&apos; -&gt; [str_]]]
(B)                                                                                                               |--pickle-bool-False=False.pyc -&gt; str ------- using [Try &apos;$&lt;read_object_from_pickle&gt; =&gt; &lt;bool_to_string&gt;$&apos; then &apos;$&lt;read_object_from_pickle&gt; =&gt; &lt;float_to_string&gt;$&apos; then &apos;$&lt;read_object_from_pickle&gt; =&gt; &lt;int_to_string&gt;$&apos; then &apos;&lt;read_object_from_pickle&gt;]&apos;]
(B)                                                                                                               |--pickle-bool-False=False.pyc -&gt; str ------- using $&lt;read_object_from_pickle&gt; =&gt; &lt;bool_to_string&gt;$
Parsing Plan created successfully

Executing Parsing Plan for [/home/travis/build/smarie/python-parsyfiles/parsyfiles/tests/parsing_capabilities_by_type/primitives_data/str/ok/pickle-bool-False=False]
(P) /home/travis/build/smarie/python-parsyfiles/parsyfiles/tests/parsing_capabilities_by_type/primitives_data/str/ok/pickle-bool-False=False.pyc -&gt; str ------- using $&lt;read_object_from_pickle&gt; =&gt; &lt;bool_to_string&gt;$
(P)                                                                                                               |--pickle-bool-False=False.pyc -&gt; str SUCCESS !
Completed parsing successfully

False==False
</system-out></testcase><testcase classname="parsyfiles.tests.parsing_capabilities_by_type.test_parse_primitives" file="parsyfiles/tests/parsing_capabilities_by_type/test_parse_primitives.py" line="179" name="test_parse_by_type[str-ok-txt-str-=.txt]" time="0.0420379638671875"><system-out>**** Starting to parse single object of type &lt;str&gt; at location /home/travis/build/smarie/python-parsyfiles/parsyfiles/tests/parsing_capabilities_by_type/primitives_data/str/ok/txt-str-= ****
Checking all files under [/home/travis/build/smarie/python-parsyfiles/parsyfiles/tests/parsing_capabilities_by_type/primitives_data/str/ok/txt-str-=]
(C) /home/travis/build/smarie/python-parsyfiles/parsyfiles/tests/parsing_capabilities_by_type/primitives_data/str/ok/txt-str-= (singlefile, .txt)
File checks done

Building a parsing plan to parse [/home/travis/build/smarie/python-parsyfiles/parsyfiles/tests/parsing_capabilities_by_type/primitives_data/str/ok/txt-str-=] into a str
(B) /home/travis/build/smarie/python-parsyfiles/parsyfiles/tests/parsing_capabilities_by_type/primitives_data/str/ok/txt-str-=.txt -&gt; str ------- using [Try &apos;&lt;read_str_from_txt&gt;&apos; -&gt; [str] then &apos;[Try &apos;$&lt;read_str_from_txt&gt; =&gt; &lt;constructor_with_str_arg&gt;$&apos; then &apos;$&lt;read_str_from_txt&gt; =&gt; &lt;base64_ascii_str_pickle_to_object&gt;$]&apos;]&apos; -&gt; [_rstr] then &apos;[Try &apos;$&lt;read_str_from_txt&gt; =&gt; &lt;constructor_with_str_arg&gt;$&apos; then &apos;$&lt;read_str_from_txt&gt; =&gt; &lt;base64_ascii_str_pickle_to_object&gt;$]&apos;]&apos; -&gt; [str_]]]
(B)                                                                                                               |--txt-str-=.txt -&gt; str ------- using &lt;read_str_from_txt&gt;
Parsing Plan created successfully

Executing Parsing Plan for [/home/travis/build/smarie/python-parsyfiles/parsyfiles/tests/parsing_capabilities_by_type/primitives_data/str/ok/txt-str-=]
(P) /home/travis/build/smarie/python-parsyfiles/parsyfiles/tests/parsing_capabilities_by_type/primitives_data/str/ok/txt-str-=.txt -&gt; str ------- using &lt;read_str_from_txt&gt;
(P)                                                                                                               |--txt-str-=.txt -&gt; str SUCCESS !
Completed parsing successfully

==
</system-out></testcase><testcase classname="parsyfiles.tests.parsing_capabilities_by_type.test_parse_primitives" file="parsyfiles/tests/parsing_capabilities_by_type/test_parse_primitives.py" line="179" name="test_parse_by_type[str-ok-txt-float--5.2=-5.2.txt]" time="0.038308143615722656"><system-out>**** Starting to parse single object of type &lt;str&gt; at location /home/travis/build/smarie/python-parsyfiles/parsyfiles/tests/parsing_capabilities_by_type/primitives_data/str/ok/txt-float--5.2=-5.2 ****
Checking all files under [/home/travis/build/smarie/python-parsyfiles/parsyfiles/tests/parsing_capabilities_by_type/primitives_data/str/ok/txt-float--5.2=-5.2]
(C) /home/travis/build/smarie/python-parsyfiles/parsyfiles/tests/parsing_capabilities_by_type/primitives_data/str/ok/txt-float--5.2=-5.2 (singlefile, .txt)
File checks done

Building a parsing plan to parse [/home/travis/build/smarie/python-parsyfiles/parsyfiles/tests/parsing_capabilities_by_type/primitives_data/str/ok/txt-float--5.2=-5.2] into a str
(B) /home/travis/build/smarie/python-parsyfiles/parsyfiles/tests/parsing_capabilities_by_type/primitives_data/str/ok/txt-float--5.2=-5.2.txt -&gt; str ------- using [Try &apos;&lt;read_str_from_txt&gt;&apos; -&gt; [str] then &apos;[Try &apos;$&lt;read_str_from_txt&gt; =&gt; &lt;constructor_with_str_arg&gt;$&apos; then &apos;$&lt;read_str_from_txt&gt; =&gt; &lt;base64_ascii_str_pickle_to_object&gt;$]&apos;]&apos; -&gt; [_rstr] then &apos;[Try &apos;$&lt;read_str_from_txt&gt; =&gt; &lt;constructor_with_str_arg&gt;$&apos; then &apos;$&lt;read_str_from_txt&gt; =&gt; &lt;base64_ascii_str_pickle_to_object&gt;$]&apos;]&apos; -&gt; [str_]]]
(B)                                                                                                               |--txt-float--5.2=-5.2.txt -&gt; str ------- using &lt;read_str_from_txt&gt;
Parsing Plan created successfully

Executing Parsing Plan for [/home/travis/build/smarie/python-parsyfiles/parsyfiles/tests/parsing_capabilities_by_type/primitives_data/str/ok/txt-float--5.2=-5.2]
(P) /home/travis/build/smarie/python-parsyfiles/parsyfiles/tests/parsing_capabilities_by_type/primitives_data/str/ok/txt-float--5.2=-5.2.txt -&gt; str ------- using &lt;read_str_from_txt&gt;
(P)                                                                                                               |--txt-float--5.2=-5.2.txt -&gt; str SUCCESS !
Completed parsing successfully

-5.2==-5.2
</system-out></testcase><testcase classname="parsyfiles.tests.parsing_capabilities_by_type.test_parse_primitives" file="parsyfiles/tests/parsing_capabilities_by_type/test_parse_primitives.py" line="179" name="test_parse_by_type[str-ok-txt-bool-False=False.txt]" time="0.03878498077392578"><system-out>**** Starting to parse single object of type &lt;str&gt; at location /home/travis/build/smarie/python-parsyfiles/parsyfiles/tests/parsing_capabilities_by_type/primitives_data/str/ok/txt-bool-False=False ****
Checking all files under [/home/travis/build/smarie/python-parsyfiles/parsyfiles/tests/parsing_capabilities_by_type/primitives_data/str/ok/txt-bool-False=False]
(C) /home/travis/build/smarie/python-parsyfiles/parsyfiles/tests/parsing_capabilities_by_type/primitives_data/str/ok/txt-bool-False=False (singlefile, .txt)
File checks done

Building a parsing plan to parse [/home/travis/build/smarie/python-parsyfiles/parsyfiles/tests/parsing_capabilities_by_type/primitives_data/str/ok/txt-bool-False=False] into a str
(B) /home/travis/build/smarie/python-parsyfiles/parsyfiles/tests/parsing_capabilities_by_type/primitives_data/str/ok/txt-bool-False=False.txt -&gt; str ------- using [Try &apos;&lt;read_str_from_txt&gt;&apos; -&gt; [str] then &apos;[Try &apos;$&lt;read_str_from_txt&gt; =&gt; &lt;constructor_with_str_arg&gt;$&apos; then &apos;$&lt;read_str_from_txt&gt; =&gt; &lt;base64_ascii_str_pickle_to_object&gt;$]&apos;]&apos; -&gt; [_rstr] then &apos;[Try &apos;$&lt;read_str_from_txt&gt; =&gt; &lt;constructor_with_str_arg&gt;$&apos; then &apos;$&lt;read_str_from_txt&gt; =&gt; &lt;base64_ascii_str_pickle_to_object&gt;$]&apos;]&apos; -&gt; [str_]]]
(B)                                                                                                               |--txt-bool-False=False.txt -&gt; str ------- using &lt;read_str_from_txt&gt;
Parsing Plan created successfully

Executing Parsing Plan for [/home/travis/build/smarie/python-parsyfiles/parsyfiles/tests/parsing_capabilities_by_type/primitives_data/str/ok/txt-bool-False=False]
(P) /home/travis/build/smarie/python-parsyfiles/parsyfiles/tests/parsing_capabilities_by_type/primitives_data/str/ok/txt-bool-False=False.txt -&gt; str ------- using &lt;read_str_from_txt&gt;
(P)                                                                                                               |--txt-bool-False=False.txt -&gt; str SUCCESS !
Completed parsing successfully

False==False
</system-out></testcase><testcase classname="parsyfiles.tests.parsing_capabilities_by_type.test_parse_primitives" file="parsyfiles/tests/parsing_capabilities_by_type/test_parse_primitives.py" line="179" name="test_parse_by_type[str-ok-pickle-bool-True=True.pyc]" time="0.04039907455444336"><system-out>**** Starting to parse single object of type &lt;str&gt; at location /home/travis/build/smarie/python-parsyfiles/parsyfiles/tests/parsing_capabilities_by_type/primitives_data/str/ok/pickle-bool-True=True ****
Checking all files under [/home/travis/build/smarie/python-parsyfiles/parsyfiles/tests/parsing_capabilities_by_type/primitives_data/str/ok/pickle-bool-True=True]
(C) /home/travis/build/smarie/python-parsyfiles/parsyfiles/tests/parsing_capabilities_by_type/primitives_data/str/ok/pickle-bool-True=True (singlefile, .pyc)
File checks done

Building a parsing plan to parse [/home/travis/build/smarie/python-parsyfiles/parsyfiles/tests/parsing_capabilities_by_type/primitives_data/str/ok/pickle-bool-True=True] into a str
(B) /home/travis/build/smarie/python-parsyfiles/parsyfiles/tests/parsing_capabilities_by_type/primitives_data/str/ok/pickle-bool-True=True.pyc -&gt; str ------- using [Try &apos;[Try &apos;$&lt;read_object_from_pickle&gt; =&gt; &lt;bool_to_string&gt;$&apos; then &apos;$&lt;read_object_from_pickle&gt; =&gt; &lt;float_to_string&gt;$&apos; then &apos;$&lt;read_object_from_pickle&gt; =&gt; &lt;int_to_string&gt;$&apos; then &apos;&lt;read_object_from_pickle&gt;]&apos;]&apos; -&gt; [str] then &apos;&lt;read_object_from_pickle&gt;&apos; -&gt; [_rstr] then &apos;&lt;read_object_from_pickle&gt;&apos; -&gt; [str_]]]
(B)                                                                                                               |--pickle-bool-True=True.pyc -&gt; str ------- using [Try &apos;$&lt;read_object_from_pickle&gt; =&gt; &lt;bool_to_string&gt;$&apos; then &apos;$&lt;read_object_from_pickle&gt; =&gt; &lt;float_to_string&gt;$&apos; then &apos;$&lt;read_object_from_pickle&gt; =&gt; &lt;int_to_string&gt;$&apos; then &apos;&lt;read_object_from_pickle&gt;]&apos;]
(B)                                                                                                               |--pickle-bool-True=True.pyc -&gt; str ------- using $&lt;read_object_from_pickle&gt; =&gt; &lt;bool_to_string&gt;$
Parsing Plan created successfully

Executing Parsing Plan for [/home/travis/build/smarie/python-parsyfiles/parsyfiles/tests/parsing_capabilities_by_type/primitives_data/str/ok/pickle-bool-True=True]
(P) /home/travis/build/smarie/python-parsyfiles/parsyfiles/tests/parsing_capabilities_by_type/primitives_data/str/ok/pickle-bool-True=True.pyc -&gt; str ------- using $&lt;read_object_from_pickle&gt; =&gt; &lt;bool_to_string&gt;$
(P)                                                                                                               |--pickle-bool-True=True.pyc -&gt; str SUCCESS !
Completed parsing successfully

True==True
</system-out></testcase><testcase classname="parsyfiles.tests.parsing_capabilities_by_type.test_parse_primitives" file="parsyfiles/tests/parsing_capabilities_by_type/test_parse_primitives.py" line="179" name="test_parse_by_type[str-ok-b64pickle-str-a=a.txt]" time="0.025348186492919922"><skipped message="There is no way as of today that parsyfiles detects that the string present in the file is not thestring that you actually want, but a pickled version of that string. This is really not a failure" type="pytest.skip">/home/travis/build/smarie/python-parsyfiles/parsyfiles/tests/parsing_capabilities_by_type/test_parse_primitives.py:187: &lt;py._xmlgen.raw object at 0x7f33d3dac6d8&gt;</skipped></testcase><testcase classname="parsyfiles.tests.parsing_capabilities_by_type.test_parse_primitives" file="parsyfiles/tests/parsing_capabilities_by_type/test_parse_primitives.py" line="179" name="test_parse_by_type[str-ok-txt-str-toto=toto.txt]" time="0.04086923599243164"><system-out>**** Starting to parse single object of type &lt;str&gt; at location /home/travis/build/smarie/python-parsyfiles/parsyfiles/tests/parsing_capabilities_by_type/primitives_data/str/ok/txt-str-toto=toto ****
Checking all files under [/home/travis/build/smarie/python-parsyfiles/parsyfiles/tests/parsing_capabilities_by_type/primitives_data/str/ok/txt-str-toto=toto]
(C) /home/travis/build/smarie/python-parsyfiles/parsyfiles/tests/parsing_capabilities_by_type/primitives_data/str/ok/txt-str-toto=toto (singlefile, .txt)
File checks done

Building a parsing plan to parse [/home/travis/build/smarie/python-parsyfiles/parsyfiles/tests/parsing_capabilities_by_type/primitives_data/str/ok/txt-str-toto=toto] into a str
(B) /home/travis/build/smarie/python-parsyfiles/parsyfiles/tests/parsing_capabilities_by_type/primitives_data/str/ok/txt-str-toto=toto.txt -&gt; str ------- using [Try &apos;&lt;read_str_from_txt&gt;&apos; -&gt; [str] then &apos;[Try &apos;$&lt;read_str_from_txt&gt; =&gt; &lt;constructor_with_str_arg&gt;$&apos; then &apos;$&lt;read_str_from_txt&gt; =&gt; &lt;base64_ascii_str_pickle_to_object&gt;$]&apos;]&apos; -&gt; [_rstr] then &apos;[Try &apos;$&lt;read_str_from_txt&gt; =&gt; &lt;constructor_with_str_arg&gt;$&apos; then &apos;$&lt;read_str_from_txt&gt; =&gt; &lt;base64_ascii_str_pickle_to_object&gt;$]&apos;]&apos; -&gt; [str_]]]
(B)                                                                                                               |--txt-str-toto=toto.txt -&gt; str ------- using &lt;read_str_from_txt&gt;
Parsing Plan created successfully

Executing Parsing Plan for [/home/travis/build/smarie/python-parsyfiles/parsyfiles/tests/parsing_capabilities_by_type/primitives_data/str/ok/txt-str-toto=toto]
(P) /home/travis/build/smarie/python-parsyfiles/parsyfiles/tests/parsing_capabilities_by_type/primitives_data/str/ok/txt-str-toto=toto.txt -&gt; str ------- using &lt;read_str_from_txt&gt;
(P)                                                                                                               |--txt-str-toto=toto.txt -&gt; str SUCCESS !
Completed parsing successfully

toto==toto
</system-out></testcase><testcase classname="parsyfiles.tests.parsing_capabilities_by_type.test_parse_primitives" file="parsyfiles/tests/parsing_capabilities_by_type/test_parse_primitives.py" line="179" name="test_parse_by_type[str-ok-txt-float-10.1=10.1.txt]" time="0.04042243957519531"><system-out>**** Starting to parse single object of type &lt;str&gt; at location /home/travis/build/smarie/python-parsyfiles/parsyfiles/tests/parsing_capabilities_by_type/primitives_data/str/ok/txt-float-10.1=10.1 ****
Checking all files under [/home/travis/build/smarie/python-parsyfiles/parsyfiles/tests/parsing_capabilities_by_type/primitives_data/str/ok/txt-float-10.1=10.1]
(C) /home/travis/build/smarie/python-parsyfiles/parsyfiles/tests/parsing_capabilities_by_type/primitives_data/str/ok/txt-float-10.1=10.1 (singlefile, .txt)
File checks done

Building a parsing plan to parse [/home/travis/build/smarie/python-parsyfiles/parsyfiles/tests/parsing_capabilities_by_type/primitives_data/str/ok/txt-float-10.1=10.1] into a str
(B) /home/travis/build/smarie/python-parsyfiles/parsyfiles/tests/parsing_capabilities_by_type/primitives_data/str/ok/txt-float-10.1=10.1.txt -&gt; str ------- using [Try &apos;&lt;read_str_from_txt&gt;&apos; -&gt; [str] then &apos;[Try &apos;$&lt;read_str_from_txt&gt; =&gt; &lt;constructor_with_str_arg&gt;$&apos; then &apos;$&lt;read_str_from_txt&gt; =&gt; &lt;base64_ascii_str_pickle_to_object&gt;$]&apos;]&apos; -&gt; [_rstr] then &apos;[Try &apos;$&lt;read_str_from_txt&gt; =&gt; &lt;constructor_with_str_arg&gt;$&apos; then &apos;$&lt;read_str_from_txt&gt; =&gt; &lt;base64_ascii_str_pickle_to_object&gt;$]&apos;]&apos; -&gt; [str_]]]
(B)                                                                                                               |--txt-float-10.1=10.1.txt -&gt; str ------- using &lt;read_str_from_txt&gt;
Parsing Plan created successfully

Executing Parsing Plan for [/home/travis/build/smarie/python-parsyfiles/parsyfiles/tests/parsing_capabilities_by_type/primitives_data/str/ok/txt-float-10.1=10.1]
(P) /home/travis/build/smarie/python-parsyfiles/parsyfiles/tests/parsing_capabilities_by_type/primitives_data/str/ok/txt-float-10.1=10.1.txt -&gt; str ------- using &lt;read_str_from_txt&gt;
(P)                                                                                                               |--txt-float-10.1=10.1.txt -&gt; str SUCCESS !
Completed parsing successfully

10.1==10.1
</system-out></testcase><testcase classname="parsyfiles.tests.parsing_capabilities_by_type.test_parse_primitives" file="parsyfiles/tests/parsing_capabilities_by_type/test_parse_primitives.py" line="179" name="test_parse_by_type[str-ok-txt-int--2=-2.txt]" time="0.03954029083251953"><system-out>**** Starting to parse single object of type &lt;str&gt; at location /home/travis/build/smarie/python-parsyfiles/parsyfiles/tests/parsing_capabilities_by_type/primitives_data/str/ok/txt-int--2=-2 ****
Checking all files under [/home/travis/build/smarie/python-parsyfiles/parsyfiles/tests/parsing_capabilities_by_type/primitives_data/str/ok/txt-int--2=-2]
(C) /home/travis/build/smarie/python-parsyfiles/parsyfiles/tests/parsing_capabilities_by_type/primitives_data/str/ok/txt-int--2=-2 (singlefile, .txt)
File checks done

Building a parsing plan to parse [/home/travis/build/smarie/python-parsyfiles/parsyfiles/tests/parsing_capabilities_by_type/primitives_data/str/ok/txt-int--2=-2] into a str
(B) /home/travis/build/smarie/python-parsyfiles/parsyfiles/tests/parsing_capabilities_by_type/primitives_data/str/ok/txt-int--2=-2.txt -&gt; str ------- using [Try &apos;&lt;read_str_from_txt&gt;&apos; -&gt; [str] then &apos;[Try &apos;$&lt;read_str_from_txt&gt; =&gt; &lt;constructor_with_str_arg&gt;$&apos; then &apos;$&lt;read_str_from_txt&gt; =&gt; &lt;base64_ascii_str_pickle_to_object&gt;$]&apos;]&apos; -&gt; [_rstr] then &apos;[Try &apos;$&lt;read_str_from_txt&gt; =&gt; &lt;constructor_with_str_arg&gt;$&apos; then &apos;$&lt;read_str_from_txt&gt; =&gt; &lt;base64_ascii_str_pickle_to_object&gt;$]&apos;]&apos; -&gt; [str_]]]
(B)                                                                                                               |--txt-int--2=-2.txt -&gt; str ------- using &lt;read_str_from_txt&gt;
Parsing Plan created successfully

Executing Parsing Plan for [/home/travis/build/smarie/python-parsyfiles/parsyfiles/tests/parsing_capabilities_by_type/primitives_data/str/ok/txt-int--2=-2]
(P) /home/travis/build/smarie/python-parsyfiles/parsyfiles/tests/parsing_capabilities_by_type/primitives_data/str/ok/txt-int--2=-2.txt -&gt; str ------- using &lt;read_str_from_txt&gt;
(P)                                                                                                               |--txt-int--2=-2.txt -&gt; str SUCCESS !
Completed parsing successfully

-2==-2
</system-out></testcase><testcase classname="parsyfiles.tests.parsing_capabilities_by_type.test_parse_primitives" file="parsyfiles/tests/parsing_capabilities_by_type/test_parse_primitives.py" line="179" name="test_parse_by_type[str-ok-pickle-float-10.1=10.1.pyc]" time="0.041150808334350586"><system-out>**** Starting to parse single object of type &lt;str&gt; at location /home/travis/build/smarie/python-parsyfiles/parsyfiles/tests/parsing_capabilities_by_type/primitives_data/str/ok/pickle-float-10.1=10.1 ****
Checking all files under [/home/travis/build/smarie/python-parsyfiles/parsyfiles/tests/parsing_capabilities_by_type/primitives_data/str/ok/pickle-float-10.1=10.1]
(C) /home/travis/build/smarie/python-parsyfiles/parsyfiles/tests/parsing_capabilities_by_type/primitives_data/str/ok/pickle-float-10.1=10.1 (singlefile, .pyc)
File checks done

Building a parsing plan to parse [/home/travis/build/smarie/python-parsyfiles/parsyfiles/tests/parsing_capabilities_by_type/primitives_data/str/ok/pickle-float-10.1=10.1] into a str
(B) /home/travis/build/smarie/python-parsyfiles/parsyfiles/tests/parsing_capabilities_by_type/primitives_data/str/ok/pickle-float-10.1=10.1.pyc -&gt; str ------- using [Try &apos;[Try &apos;$&lt;read_object_from_pickle&gt; =&gt; &lt;bool_to_string&gt;$&apos; then &apos;$&lt;read_object_from_pickle&gt; =&gt; &lt;float_to_string&gt;$&apos; then &apos;$&lt;read_object_from_pickle&gt; =&gt; &lt;int_to_string&gt;$&apos; then &apos;&lt;read_object_from_pickle&gt;]&apos;]&apos; -&gt; [str] then &apos;&lt;read_object_from_pickle&gt;&apos; -&gt; [_rstr] then &apos;&lt;read_object_from_pickle&gt;&apos; -&gt; [str_]]]
(B)                                                                                                               |--pickle-float-10.1=10.1.pyc -&gt; str ------- using [Try &apos;$&lt;read_object_from_pickle&gt; =&gt; &lt;bool_to_string&gt;$&apos; then &apos;$&lt;read_object_from_pickle&gt; =&gt; &lt;float_to_string&gt;$&apos; then &apos;$&lt;read_object_from_pickle&gt; =&gt; &lt;int_to_string&gt;$&apos; then &apos;&lt;read_object_from_pickle&gt;]&apos;]
(B)                                                                                                               |--pickle-float-10.1=10.1.pyc -&gt; str ------- using $&lt;read_object_from_pickle&gt; =&gt; &lt;bool_to_string&gt;$
Parsing Plan created successfully

Executing Parsing Plan for [/home/travis/build/smarie/python-parsyfiles/parsyfiles/tests/parsing_capabilities_by_type/primitives_data/str/ok/pickle-float-10.1=10.1]
(P) /home/travis/build/smarie/python-parsyfiles/parsyfiles/tests/parsing_capabilities_by_type/primitives_data/str/ok/pickle-float-10.1=10.1.pyc -&gt; str ------- using $&lt;read_object_from_pickle&gt; =&gt; &lt;bool_to_string&gt;$
  !! Caught error during execution !!
  File &quot;/home/travis/build/smarie/python-parsyfiles/parsyfiles/parsing_core.py&quot;, line 177, in _execute
    self.get_singlefile_encoding(), logger, options)
  File &quot;/home/travis/build/smarie/python-parsyfiles/parsyfiles/parsing_combining_parsers.py&quot;, line 598, in _parse_singlefile
    return self._converter.convert(desired_type, first, logger, options)
  File &quot;/home/travis/build/smarie/python-parsyfiles/parsyfiles/converting_core.py&quot;, line 321, in convert
    raise ConversionException.create_not_able_to_convert(source_obj, self, desired_type)
  ConversionException : Converter $&lt;bool_to_string&gt;$ is not able to ingest source value &apos;10.1&apos; of type &apos;float&apos; and/or convert it to type &apos;str&apos;. This can happen in a chain when the previous step in the chain is generic and actually produced  an output of the wrong type/content
(B)                                                                                                               |--pickle-float-10.1=10.1.pyc -&gt; str ------- using $&lt;read_object_from_pickle&gt; =&gt; &lt;float_to_string&gt;$
Executing Parsing Plan for [/home/travis/build/smarie/python-parsyfiles/parsyfiles/tests/parsing_capabilities_by_type/primitives_data/str/ok/pickle-float-10.1=10.1]
(P) /home/travis/build/smarie/python-parsyfiles/parsyfiles/tests/parsing_capabilities_by_type/primitives_data/str/ok/pickle-float-10.1=10.1.pyc -&gt; str ------- using $&lt;read_object_from_pickle&gt; =&gt; &lt;float_to_string&gt;$
(P)                                                                                                               |--pickle-float-10.1=10.1.pyc -&gt; str SUCCESS !
Completed parsing successfully

10.1==10.1
</system-out></testcase><testcase classname="parsyfiles.tests.parsing_capabilities_by_type.test_parse_primitives" file="parsyfiles/tests/parsing_capabilities_by_type/test_parse_primitives.py" line="179" name="test_parse_by_type[str-ok-txt-str-lots%%tof%%nspecial%%rchars=lots%%tof%%nspecial%%rchars.txt]" time="0.046003103256225586"><failure message="AssertionError: assert &apos;lots\tof\nspecial\nchars&apos; == &apos;lots\tof\nspecial\rchars&apos;
    lots	of
  - special
  ?        ^
  + special
  ?        ^
    chars">typ = &apos;str&apos;, ok_or_err = &apos;ok&apos;
file = &apos;txt-str-lots%%tof%%nspecial%%rchars=lots%%tof%%nspecial%%rchars.txt&apos;
root_parser = parsyfiles defaults

    @pytest.mark.parametrize(&quot;typ,ok_or_err,file&quot;, all_tests)
    def test_parse_by_type(typ: str, ok_or_err: str, file: str, root_parser):
        typp = eval(typ)
        # pprint(get_capabilities_for_type(typp))
    
        # Known skipped cases
        if typ == &apos;str&apos; and ok_or_err == &apos;ok&apos; and file == &apos;b64pickle-str-a=a.txt&apos;:
            pytest.skip(&quot;There is no way as of today that parsyfiles detects that the string present in the file is not the&quot;
                        &quot;string that you actually want, but a pickled version of that string. This is really not a failure&quot;)
    
        try:
            # ignore unresolved reference : method `profile` is created on the fly by the line_profiler
            RootParser.parse_item = profile(RootParser.parse_item)
        except:
            pass
    
        if ok_or_err is &apos;ok&apos;:
            parsed = root_parser.parse_item(location=get_file_path_no_ext(typ, ok_or_err, file), item_type=typp)
&gt;           assert parsed == get_expected_answer(file, typp)
E           AssertionError: assert &apos;lots\tof\nspecial\nchars&apos; == &apos;lots\tof\nspecial\rchars&apos;
E               lots	of
E             - special
E             ?        ^
E             + special
E             ?        ^
E               chars

parsyfiles/tests/parsing_capabilities_by_type/test_parse_primitives.py:198: AssertionError</failure><system-out>**** Starting to parse single object of type &lt;str&gt; at location /home/travis/build/smarie/python-parsyfiles/parsyfiles/tests/parsing_capabilities_by_type/primitives_data/str/ok/txt-str-lots%%tof%%nspecial%%rchars=lots%%tof%%nspecial%%rchars ****
Checking all files under [/home/travis/build/smarie/python-parsyfiles/parsyfiles/tests/parsing_capabilities_by_type/primitives_data/str/ok/txt-str-lots%%tof%%nspecial%%rchars=lots%%tof%%nspecial%%rchars]
(C) /home/travis/build/smarie/python-parsyfiles/parsyfiles/tests/parsing_capabilities_by_type/primitives_data/str/ok/txt-str-lots%%tof%%nspecial%%rchars=lots%%tof%%nspecial%%rchars (singlefile, .txt)
File checks done

Building a parsing plan to parse [/home/travis/build/smarie/python-parsyfiles/parsyfiles/tests/parsing_capabilities_by_type/primitives_data/str/ok/txt-str-lots%%tof%%nspecial%%rchars=lots%%tof%%nspecial%%rchars] into a str
(B) /home/travis/build/smarie/python-parsyfiles/parsyfiles/tests/parsing_capabilities_by_type/primitives_data/str/ok/txt-str-lots%%tof%%nspecial%%rchars=lots%%tof%%nspecial%%rchars.txt -&gt; str ------- using [Try &apos;&lt;read_str_from_txt&gt;&apos; -&gt; [str] then &apos;[Try &apos;$&lt;read_str_from_txt&gt; =&gt; &lt;constructor_with_str_arg&gt;$&apos; then &apos;$&lt;read_str_from_txt&gt; =&gt; &lt;base64_ascii_str_pickle_to_object&gt;$]&apos;]&apos; -&gt; [_rstr] then &apos;[Try &apos;$&lt;read_str_from_txt&gt; =&gt; &lt;constructor_with_str_arg&gt;$&apos; then &apos;$&lt;read_str_from_txt&gt; =&gt; &lt;base64_ascii_str_pickle_to_object&gt;$]&apos;]&apos; -&gt; [str_]]]
(B)                                                                                                               |--txt-str-lots%%tof%%nspecial%%rchars=lots%%tof%%nspecial%%rchars.txt -&gt; str ------- using &lt;read_str_from_txt&gt;
Parsing Plan created successfully

Executing Parsing Plan for [/home/travis/build/smarie/python-parsyfiles/parsyfiles/tests/parsing_capabilities_by_type/primitives_data/str/ok/txt-str-lots%%tof%%nspecial%%rchars=lots%%tof%%nspecial%%rchars]
(P) /home/travis/build/smarie/python-parsyfiles/parsyfiles/tests/parsing_capabilities_by_type/primitives_data/str/ok/txt-str-lots%%tof%%nspecial%%rchars=lots%%tof%%nspecial%%rchars.txt -&gt; str ------- using &lt;read_str_from_txt&gt;
(P)                                                                                                               |--txt-str-lots%%tof%%nspecial%%rchars=lots%%tof%%nspecial%%rchars.txt -&gt; str SUCCESS !
Completed parsing successfully

</system-out></testcase><testcase classname="parsyfiles.tests.parsing_capabilities_by_type.test_parse_primitives" file="parsyfiles/tests/parsing_capabilities_by_type/test_parse_primitives.py" line="179" name="test_parse_by_type[str-ok-pickle-float--5.2=-5.2.pyc]" time="0.04030013084411621"><system-out>**** Starting to parse single object of type &lt;str&gt; at location /home/travis/build/smarie/python-parsyfiles/parsyfiles/tests/parsing_capabilities_by_type/primitives_data/str/ok/pickle-float--5.2=-5.2 ****
Checking all files under [/home/travis/build/smarie/python-parsyfiles/parsyfiles/tests/parsing_capabilities_by_type/primitives_data/str/ok/pickle-float--5.2=-5.2]
(C) /home/travis/build/smarie/python-parsyfiles/parsyfiles/tests/parsing_capabilities_by_type/primitives_data/str/ok/pickle-float--5.2=-5.2 (singlefile, .pyc)
File checks done

Building a parsing plan to parse [/home/travis/build/smarie/python-parsyfiles/parsyfiles/tests/parsing_capabilities_by_type/primitives_data/str/ok/pickle-float--5.2=-5.2] into a str
(B) /home/travis/build/smarie/python-parsyfiles/parsyfiles/tests/parsing_capabilities_by_type/primitives_data/str/ok/pickle-float--5.2=-5.2.pyc -&gt; str ------- using [Try &apos;[Try &apos;$&lt;read_object_from_pickle&gt; =&gt; &lt;bool_to_string&gt;$&apos; then &apos;$&lt;read_object_from_pickle&gt; =&gt; &lt;float_to_string&gt;$&apos; then &apos;$&lt;read_object_from_pickle&gt; =&gt; &lt;int_to_string&gt;$&apos; then &apos;&lt;read_object_from_pickle&gt;]&apos;]&apos; -&gt; [str] then &apos;&lt;read_object_from_pickle&gt;&apos; -&gt; [_rstr] then &apos;&lt;read_object_from_pickle&gt;&apos; -&gt; [str_]]]
(B)                                                                                                               |--pickle-float--5.2=-5.2.pyc -&gt; str ------- using [Try &apos;$&lt;read_object_from_pickle&gt; =&gt; &lt;bool_to_string&gt;$&apos; then &apos;$&lt;read_object_from_pickle&gt; =&gt; &lt;float_to_string&gt;$&apos; then &apos;$&lt;read_object_from_pickle&gt; =&gt; &lt;int_to_string&gt;$&apos; then &apos;&lt;read_object_from_pickle&gt;]&apos;]
(B)                                                                                                               |--pickle-float--5.2=-5.2.pyc -&gt; str ------- using $&lt;read_object_from_pickle&gt; =&gt; &lt;bool_to_string&gt;$
Parsing Plan created successfully

Executing Parsing Plan for [/home/travis/build/smarie/python-parsyfiles/parsyfiles/tests/parsing_capabilities_by_type/primitives_data/str/ok/pickle-float--5.2=-5.2]
(P) /home/travis/build/smarie/python-parsyfiles/parsyfiles/tests/parsing_capabilities_by_type/primitives_data/str/ok/pickle-float--5.2=-5.2.pyc -&gt; str ------- using $&lt;read_object_from_pickle&gt; =&gt; &lt;bool_to_string&gt;$
  !! Caught error during execution !!
  File &quot;/home/travis/build/smarie/python-parsyfiles/parsyfiles/parsing_core.py&quot;, line 177, in _execute
    self.get_singlefile_encoding(), logger, options)
  File &quot;/home/travis/build/smarie/python-parsyfiles/parsyfiles/parsing_combining_parsers.py&quot;, line 598, in _parse_singlefile
    return self._converter.convert(desired_type, first, logger, options)
  File &quot;/home/travis/build/smarie/python-parsyfiles/parsyfiles/converting_core.py&quot;, line 321, in convert
    raise ConversionException.create_not_able_to_convert(source_obj, self, desired_type)
  ConversionException : Converter $&lt;bool_to_string&gt;$ is not able to ingest source value &apos;-5.2&apos; of type &apos;float&apos; and/or convert it to type &apos;str&apos;. This can happen in a chain when the previous step in the chain is generic and actually produced  an output of the wrong type/content
(B)                                                                                                               |--pickle-float--5.2=-5.2.pyc -&gt; str ------- using $&lt;read_object_from_pickle&gt; =&gt; &lt;float_to_string&gt;$
Executing Parsing Plan for [/home/travis/build/smarie/python-parsyfiles/parsyfiles/tests/parsing_capabilities_by_type/primitives_data/str/ok/pickle-float--5.2=-5.2]
(P) /home/travis/build/smarie/python-parsyfiles/parsyfiles/tests/parsing_capabilities_by_type/primitives_data/str/ok/pickle-float--5.2=-5.2.pyc -&gt; str ------- using $&lt;read_object_from_pickle&gt; =&gt; &lt;float_to_string&gt;$
(P)                                                                                                               |--pickle-float--5.2=-5.2.pyc -&gt; str SUCCESS !
Completed parsing successfully

-5.2==-5.2
</system-out></testcase><testcase classname="parsyfiles.tests.parsing_capabilities_by_type.test_parse_primitives" file="parsyfiles/tests/parsing_capabilities_by_type/test_parse_primitives.py" line="179" name="test_parse_by_type[str-ok-pickle-float-0.0=0.0.pyc]" time="0.040320396423339844"><system-out>**** Starting to parse single object of type &lt;str&gt; at location /home/travis/build/smarie/python-parsyfiles/parsyfiles/tests/parsing_capabilities_by_type/primitives_data/str/ok/pickle-float-0.0=0.0 ****
Checking all files under [/home/travis/build/smarie/python-parsyfiles/parsyfiles/tests/parsing_capabilities_by_type/primitives_data/str/ok/pickle-float-0.0=0.0]
(C) /home/travis/build/smarie/python-parsyfiles/parsyfiles/tests/parsing_capabilities_by_type/primitives_data/str/ok/pickle-float-0.0=0.0 (singlefile, .pyc)
File checks done

Building a parsing plan to parse [/home/travis/build/smarie/python-parsyfiles/parsyfiles/tests/parsing_capabilities_by_type/primitives_data/str/ok/pickle-float-0.0=0.0] into a str
(B) /home/travis/build/smarie/python-parsyfiles/parsyfiles/tests/parsing_capabilities_by_type/primitives_data/str/ok/pickle-float-0.0=0.0.pyc -&gt; str ------- using [Try &apos;[Try &apos;$&lt;read_object_from_pickle&gt; =&gt; &lt;bool_to_string&gt;$&apos; then &apos;$&lt;read_object_from_pickle&gt; =&gt; &lt;float_to_string&gt;$&apos; then &apos;$&lt;read_object_from_pickle&gt; =&gt; &lt;int_to_string&gt;$&apos; then &apos;&lt;read_object_from_pickle&gt;]&apos;]&apos; -&gt; [str] then &apos;&lt;read_object_from_pickle&gt;&apos; -&gt; [_rstr] then &apos;&lt;read_object_from_pickle&gt;&apos; -&gt; [str_]]]
(B)                                                                                                               |--pickle-float-0.0=0.0.pyc -&gt; str ------- using [Try &apos;$&lt;read_object_from_pickle&gt; =&gt; &lt;bool_to_string&gt;$&apos; then &apos;$&lt;read_object_from_pickle&gt; =&gt; &lt;float_to_string&gt;$&apos; then &apos;$&lt;read_object_from_pickle&gt; =&gt; &lt;int_to_string&gt;$&apos; then &apos;&lt;read_object_from_pickle&gt;]&apos;]
(B)                                                                                                               |--pickle-float-0.0=0.0.pyc -&gt; str ------- using $&lt;read_object_from_pickle&gt; =&gt; &lt;bool_to_string&gt;$
Parsing Plan created successfully

Executing Parsing Plan for [/home/travis/build/smarie/python-parsyfiles/parsyfiles/tests/parsing_capabilities_by_type/primitives_data/str/ok/pickle-float-0.0=0.0]
(P) /home/travis/build/smarie/python-parsyfiles/parsyfiles/tests/parsing_capabilities_by_type/primitives_data/str/ok/pickle-float-0.0=0.0.pyc -&gt; str ------- using $&lt;read_object_from_pickle&gt; =&gt; &lt;bool_to_string&gt;$
  !! Caught error during execution !!
  File &quot;/home/travis/build/smarie/python-parsyfiles/parsyfiles/parsing_core.py&quot;, line 177, in _execute
    self.get_singlefile_encoding(), logger, options)
  File &quot;/home/travis/build/smarie/python-parsyfiles/parsyfiles/parsing_combining_parsers.py&quot;, line 598, in _parse_singlefile
    return self._converter.convert(desired_type, first, logger, options)
  File &quot;/home/travis/build/smarie/python-parsyfiles/parsyfiles/converting_core.py&quot;, line 321, in convert
    raise ConversionException.create_not_able_to_convert(source_obj, self, desired_type)
  ConversionException : Converter $&lt;bool_to_string&gt;$ is not able to ingest source value &apos;0.0&apos; of type &apos;float&apos; and/or convert it to type &apos;str&apos;. This can happen in a chain when the previous step in the chain is generic and actually produced  an output of the wrong type/content
(B)                                                                                                               |--pickle-float-0.0=0.0.pyc -&gt; str ------- using $&lt;read_object_from_pickle&gt; =&gt; &lt;float_to_string&gt;$
Executing Parsing Plan for [/home/travis/build/smarie/python-parsyfiles/parsyfiles/tests/parsing_capabilities_by_type/primitives_data/str/ok/pickle-float-0.0=0.0]
(P) /home/travis/build/smarie/python-parsyfiles/parsyfiles/tests/parsing_capabilities_by_type/primitives_data/str/ok/pickle-float-0.0=0.0.pyc -&gt; str ------- using $&lt;read_object_from_pickle&gt; =&gt; &lt;float_to_string&gt;$
(P)                                                                                                               |--pickle-float-0.0=0.0.pyc -&gt; str SUCCESS !
Completed parsing successfully

0.0==0.0
</system-out></testcase><testcase classname="parsyfiles.tests.parsing_capabilities_by_type.test_parse_primitives" file="parsyfiles/tests/parsing_capabilities_by_type/test_parse_primitives.py" line="179" name="test_parse_by_type[str-ok-pickle-str-lots%%tof%%nspecial%%rchars=lots%%tof%%nspecial%%rchars.pyc]" time="0.042352914810180664"><system-out>**** Starting to parse single object of type &lt;str&gt; at location /home/travis/build/smarie/python-parsyfiles/parsyfiles/tests/parsing_capabilities_by_type/primitives_data/str/ok/pickle-str-lots%%tof%%nspecial%%rchars=lots%%tof%%nspecial%%rchars ****
Checking all files under [/home/travis/build/smarie/python-parsyfiles/parsyfiles/tests/parsing_capabilities_by_type/primitives_data/str/ok/pickle-str-lots%%tof%%nspecial%%rchars=lots%%tof%%nspecial%%rchars]
(C) /home/travis/build/smarie/python-parsyfiles/parsyfiles/tests/parsing_capabilities_by_type/primitives_data/str/ok/pickle-str-lots%%tof%%nspecial%%rchars=lots%%tof%%nspecial%%rchars (singlefile, .pyc)
File checks done

Building a parsing plan to parse [/home/travis/build/smarie/python-parsyfiles/parsyfiles/tests/parsing_capabilities_by_type/primitives_data/str/ok/pickle-str-lots%%tof%%nspecial%%rchars=lots%%tof%%nspecial%%rchars] into a str
(B) /home/travis/build/smarie/python-parsyfiles/parsyfiles/tests/parsing_capabilities_by_type/primitives_data/str/ok/pickle-str-lots%%tof%%nspecial%%rchars=lots%%tof%%nspecial%%rchars.pyc -&gt; str ------- using [Try &apos;[Try &apos;$&lt;read_object_from_pickle&gt; =&gt; &lt;bool_to_string&gt;$&apos; then &apos;$&lt;read_object_from_pickle&gt; =&gt; &lt;float_to_string&gt;$&apos; then &apos;$&lt;read_object_from_pickle&gt; =&gt; &lt;int_to_string&gt;$&apos; then &apos;&lt;read_object_from_pickle&gt;]&apos;]&apos; -&gt; [str] then &apos;&lt;read_object_from_pickle&gt;&apos; -&gt; [_rstr] then &apos;&lt;read_object_from_pickle&gt;&apos; -&gt; [str_]]]
(B)                                                                                                               |--pickle-str-lots%%tof%%nspecial%%rchars=lots%%tof%%nspecial%%rchars.pyc -&gt; str ------- using [Try &apos;$&lt;read_object_from_pickle&gt; =&gt; &lt;bool_to_string&gt;$&apos; then &apos;$&lt;read_object_from_pickle&gt; =&gt; &lt;float_to_string&gt;$&apos; then &apos;$&lt;read_object_from_pickle&gt; =&gt; &lt;int_to_string&gt;$&apos; then &apos;&lt;read_object_from_pickle&gt;]&apos;]
(B)                                                                                                               |--pickle-str-lots%%tof%%nspecial%%rchars=lots%%tof%%nspecial%%rchars.pyc -&gt; str ------- using $&lt;read_object_from_pickle&gt; =&gt; &lt;bool_to_string&gt;$
Parsing Plan created successfully

Executing Parsing Plan for [/home/travis/build/smarie/python-parsyfiles/parsyfiles/tests/parsing_capabilities_by_type/primitives_data/str/ok/pickle-str-lots%%tof%%nspecial%%rchars=lots%%tof%%nspecial%%rchars]
(P) /home/travis/build/smarie/python-parsyfiles/parsyfiles/tests/parsing_capabilities_by_type/primitives_data/str/ok/pickle-str-lots%%tof%%nspecial%%rchars=lots%%tof%%nspecial%%rchars.pyc -&gt; str ------- using $&lt;read_object_from_pickle&gt; =&gt; &lt;bool_to_string&gt;$
  !! Caught error during execution !!
  File &quot;/home/travis/build/smarie/python-parsyfiles/parsyfiles/parsing_core.py&quot;, line 177, in _execute
    self.get_singlefile_encoding(), logger, options)
  File &quot;/home/travis/build/smarie/python-parsyfiles/parsyfiles/parsing_combining_parsers.py&quot;, line 598, in _parse_singlefile
    return self._converter.convert(desired_type, first, logger, options)
  File &quot;/home/travis/build/smarie/python-parsyfiles/parsyfiles/converting_core.py&quot;, line 321, in convert
    raise ConversionException.create_not_able_to_convert(source_obj, self, desired_type)
  ConversionException : Converter $&lt;bool_to_string&gt;$ is not able to ingest source value &apos;lots	of
specialchars&apos; of type &apos;str&apos; and/or convert it to type &apos;str&apos;. This can happen in a chain when the previous step in the chain is generic and actually produced  an output of the wrong type/content
(B)                                                                                                               |--pickle-str-lots%%tof%%nspecial%%rchars=lots%%tof%%nspecial%%rchars.pyc -&gt; str ------- using $&lt;read_object_from_pickle&gt; =&gt; &lt;float_to_string&gt;$
Executing Parsing Plan for [/home/travis/build/smarie/python-parsyfiles/parsyfiles/tests/parsing_capabilities_by_type/primitives_data/str/ok/pickle-str-lots%%tof%%nspecial%%rchars=lots%%tof%%nspecial%%rchars]
(P) /home/travis/build/smarie/python-parsyfiles/parsyfiles/tests/parsing_capabilities_by_type/primitives_data/str/ok/pickle-str-lots%%tof%%nspecial%%rchars=lots%%tof%%nspecial%%rchars.pyc -&gt; str ------- using $&lt;read_object_from_pickle&gt; =&gt; &lt;float_to_string&gt;$
  !! Caught error during execution !!
  File &quot;/home/travis/build/smarie/python-parsyfiles/parsyfiles/parsing_core.py&quot;, line 177, in _execute
    self.get_singlefile_encoding(), logger, options)
  File &quot;/home/travis/build/smarie/python-parsyfiles/parsyfiles/parsing_combining_parsers.py&quot;, line 598, in _parse_singlefile
    return self._converter.convert(desired_type, first, logger, options)
  File &quot;/home/travis/build/smarie/python-parsyfiles/parsyfiles/converting_core.py&quot;, line 321, in convert
    raise ConversionException.create_not_able_to_convert(source_obj, self, desired_type)
  ConversionException : Converter $&lt;float_to_string&gt;$ is not able to ingest source value &apos;lots	of
specialchars&apos; of type &apos;str&apos; and/or convert it to type &apos;str&apos;. This can happen in a chain when the previous step in the chain is generic and actually produced  an output of the wrong type/content
(B)                                                                                                               |--pickle-str-lots%%tof%%nspecial%%rchars=lots%%tof%%nspecial%%rchars.pyc -&gt; str ------- using $&lt;read_object_from_pickle&gt; =&gt; &lt;int_to_string&gt;$
Executing Parsing Plan for [/home/travis/build/smarie/python-parsyfiles/parsyfiles/tests/parsing_capabilities_by_type/primitives_data/str/ok/pickle-str-lots%%tof%%nspecial%%rchars=lots%%tof%%nspecial%%rchars]
(P) /home/travis/build/smarie/python-parsyfiles/parsyfiles/tests/parsing_capabilities_by_type/primitives_data/str/ok/pickle-str-lots%%tof%%nspecial%%rchars=lots%%tof%%nspecial%%rchars.pyc -&gt; str ------- using $&lt;read_object_from_pickle&gt; =&gt; &lt;int_to_string&gt;$
  !! Caught error during execution !!
  File &quot;/home/travis/build/smarie/python-parsyfiles/parsyfiles/parsing_core.py&quot;, line 177, in _execute
    self.get_singlefile_encoding(), logger, options)
  File &quot;/home/travis/build/smarie/python-parsyfiles/parsyfiles/parsing_combining_parsers.py&quot;, line 598, in _parse_singlefile
    return self._converter.convert(desired_type, first, logger, options)
  File &quot;/home/travis/build/smarie/python-parsyfiles/parsyfiles/converting_core.py&quot;, line 321, in convert
    raise ConversionException.create_not_able_to_convert(source_obj, self, desired_type)
  ConversionException : Converter $&lt;int_to_string&gt;$ is not able to ingest source value &apos;lots	of
specialchars&apos; of type &apos;str&apos; and/or convert it to type &apos;str&apos;. This can happen in a chain when the previous step in the chain is generic and actually produced  an output of the wrong type/content
(B)                                                                                                               |--pickle-str-lots%%tof%%nspecial%%rchars=lots%%tof%%nspecial%%rchars.pyc -&gt; str ------- using &lt;read_object_from_pickle&gt;
Executing Parsing Plan for [/home/travis/build/smarie/python-parsyfiles/parsyfiles/tests/parsing_capabilities_by_type/primitives_data/str/ok/pickle-str-lots%%tof%%nspecial%%rchars=lots%%tof%%nspecial%%rchars]
(P) /home/travis/build/smarie/python-parsyfiles/parsyfiles/tests/parsing_capabilities_by_type/primitives_data/str/ok/pickle-str-lots%%tof%%nspecial%%rchars=lots%%tof%%nspecial%%rchars.pyc -&gt; str ------- using &lt;read_object_from_pickle&gt;
(P)                                                                                                               |--pickle-str-lots%%tof%%nspecial%%rchars=lots%%tof%%nspecial%%rchars.pyc -&gt; str SUCCESS !
Completed parsing successfully

lots	of
specialchars==lots	of
specialchars
</system-out></testcase><testcase classname="parsyfiles.tests.parsing_capabilities_by_type.test_parse_primitives" file="parsyfiles/tests/parsing_capabilities_by_type/test_parse_primitives.py" line="179" name="test_parse_by_type[str-ok-txt-float-0.0=0.0.txt]" time="0.0389859676361084"><system-out>**** Starting to parse single object of type &lt;str&gt; at location /home/travis/build/smarie/python-parsyfiles/parsyfiles/tests/parsing_capabilities_by_type/primitives_data/str/ok/txt-float-0.0=0.0 ****
Checking all files under [/home/travis/build/smarie/python-parsyfiles/parsyfiles/tests/parsing_capabilities_by_type/primitives_data/str/ok/txt-float-0.0=0.0]
(C) /home/travis/build/smarie/python-parsyfiles/parsyfiles/tests/parsing_capabilities_by_type/primitives_data/str/ok/txt-float-0.0=0.0 (singlefile, .txt)
File checks done

Building a parsing plan to parse [/home/travis/build/smarie/python-parsyfiles/parsyfiles/tests/parsing_capabilities_by_type/primitives_data/str/ok/txt-float-0.0=0.0] into a str
(B) /home/travis/build/smarie/python-parsyfiles/parsyfiles/tests/parsing_capabilities_by_type/primitives_data/str/ok/txt-float-0.0=0.0.txt -&gt; str ------- using [Try &apos;&lt;read_str_from_txt&gt;&apos; -&gt; [str] then &apos;[Try &apos;$&lt;read_str_from_txt&gt; =&gt; &lt;constructor_with_str_arg&gt;$&apos; then &apos;$&lt;read_str_from_txt&gt; =&gt; &lt;base64_ascii_str_pickle_to_object&gt;$]&apos;]&apos; -&gt; [_rstr] then &apos;[Try &apos;$&lt;read_str_from_txt&gt; =&gt; &lt;constructor_with_str_arg&gt;$&apos; then &apos;$&lt;read_str_from_txt&gt; =&gt; &lt;base64_ascii_str_pickle_to_object&gt;$]&apos;]&apos; -&gt; [str_]]]
(B)                                                                                                               |--txt-float-0.0=0.0.txt -&gt; str ------- using &lt;read_str_from_txt&gt;
Parsing Plan created successfully

Executing Parsing Plan for [/home/travis/build/smarie/python-parsyfiles/parsyfiles/tests/parsing_capabilities_by_type/primitives_data/str/ok/txt-float-0.0=0.0]
(P) /home/travis/build/smarie/python-parsyfiles/parsyfiles/tests/parsing_capabilities_by_type/primitives_data/str/ok/txt-float-0.0=0.0.txt -&gt; str ------- using &lt;read_str_from_txt&gt;
(P)                                                                                                               |--txt-float-0.0=0.0.txt -&gt; str SUCCESS !
Completed parsing successfully

0.0==0.0
</system-out></testcase><testcase classname="parsyfiles.tests.parsing_capabilities_by_type.test_parse_primitives" file="parsyfiles/tests/parsing_capabilities_by_type/test_parse_primitives.py" line="179" name="test_parse_by_type[str-ok-pickle-int--2=-2.pyc]" time="0.04409527778625488"><system-out>**** Starting to parse single object of type &lt;str&gt; at location /home/travis/build/smarie/python-parsyfiles/parsyfiles/tests/parsing_capabilities_by_type/primitives_data/str/ok/pickle-int--2=-2 ****
Checking all files under [/home/travis/build/smarie/python-parsyfiles/parsyfiles/tests/parsing_capabilities_by_type/primitives_data/str/ok/pickle-int--2=-2]
(C) /home/travis/build/smarie/python-parsyfiles/parsyfiles/tests/parsing_capabilities_by_type/primitives_data/str/ok/pickle-int--2=-2 (singlefile, .pyc)
File checks done

Building a parsing plan to parse [/home/travis/build/smarie/python-parsyfiles/parsyfiles/tests/parsing_capabilities_by_type/primitives_data/str/ok/pickle-int--2=-2] into a str
(B) /home/travis/build/smarie/python-parsyfiles/parsyfiles/tests/parsing_capabilities_by_type/primitives_data/str/ok/pickle-int--2=-2.pyc -&gt; str ------- using [Try &apos;[Try &apos;$&lt;read_object_from_pickle&gt; =&gt; &lt;bool_to_string&gt;$&apos; then &apos;$&lt;read_object_from_pickle&gt; =&gt; &lt;float_to_string&gt;$&apos; then &apos;$&lt;read_object_from_pickle&gt; =&gt; &lt;int_to_string&gt;$&apos; then &apos;&lt;read_object_from_pickle&gt;]&apos;]&apos; -&gt; [str] then &apos;&lt;read_object_from_pickle&gt;&apos; -&gt; [_rstr] then &apos;&lt;read_object_from_pickle&gt;&apos; -&gt; [str_]]]
(B)                                                                                                               |--pickle-int--2=-2.pyc -&gt; str ------- using [Try &apos;$&lt;read_object_from_pickle&gt; =&gt; &lt;bool_to_string&gt;$&apos; then &apos;$&lt;read_object_from_pickle&gt; =&gt; &lt;float_to_string&gt;$&apos; then &apos;$&lt;read_object_from_pickle&gt; =&gt; &lt;int_to_string&gt;$&apos; then &apos;&lt;read_object_from_pickle&gt;]&apos;]
(B)                                                                                                               |--pickle-int--2=-2.pyc -&gt; str ------- using $&lt;read_object_from_pickle&gt; =&gt; &lt;bool_to_string&gt;$
Parsing Plan created successfully

Executing Parsing Plan for [/home/travis/build/smarie/python-parsyfiles/parsyfiles/tests/parsing_capabilities_by_type/primitives_data/str/ok/pickle-int--2=-2]
(P) /home/travis/build/smarie/python-parsyfiles/parsyfiles/tests/parsing_capabilities_by_type/primitives_data/str/ok/pickle-int--2=-2.pyc -&gt; str ------- using $&lt;read_object_from_pickle&gt; =&gt; &lt;bool_to_string&gt;$
  !! Caught error during execution !!
  File &quot;/home/travis/build/smarie/python-parsyfiles/parsyfiles/parsing_core.py&quot;, line 177, in _execute
    self.get_singlefile_encoding(), logger, options)
  File &quot;/home/travis/build/smarie/python-parsyfiles/parsyfiles/parsing_combining_parsers.py&quot;, line 598, in _parse_singlefile
    return self._converter.convert(desired_type, first, logger, options)
  File &quot;/home/travis/build/smarie/python-parsyfiles/parsyfiles/converting_core.py&quot;, line 321, in convert
    raise ConversionException.create_not_able_to_convert(source_obj, self, desired_type)
  ConversionException : Converter $&lt;bool_to_string&gt;$ is not able to ingest source value &apos;-2&apos; of type &apos;int&apos; and/or convert it to type &apos;str&apos;. This can happen in a chain when the previous step in the chain is generic and actually produced  an output of the wrong type/content
(B)                                                                                                               |--pickle-int--2=-2.pyc -&gt; str ------- using $&lt;read_object_from_pickle&gt; =&gt; &lt;float_to_string&gt;$
Executing Parsing Plan for [/home/travis/build/smarie/python-parsyfiles/parsyfiles/tests/parsing_capabilities_by_type/primitives_data/str/ok/pickle-int--2=-2]
(P) /home/travis/build/smarie/python-parsyfiles/parsyfiles/tests/parsing_capabilities_by_type/primitives_data/str/ok/pickle-int--2=-2.pyc -&gt; str ------- using $&lt;read_object_from_pickle&gt; =&gt; &lt;float_to_string&gt;$
  !! Caught error during execution !!
  File &quot;/home/travis/build/smarie/python-parsyfiles/parsyfiles/parsing_core.py&quot;, line 177, in _execute
    self.get_singlefile_encoding(), logger, options)
  File &quot;/home/travis/build/smarie/python-parsyfiles/parsyfiles/parsing_combining_parsers.py&quot;, line 598, in _parse_singlefile
    return self._converter.convert(desired_type, first, logger, options)
  File &quot;/home/travis/build/smarie/python-parsyfiles/parsyfiles/converting_core.py&quot;, line 321, in convert
    raise ConversionException.create_not_able_to_convert(source_obj, self, desired_type)
  ConversionException : Converter $&lt;float_to_string&gt;$ is not able to ingest source value &apos;-2&apos; of type &apos;int&apos; and/or convert it to type &apos;str&apos;. This can happen in a chain when the previous step in the chain is generic and actually produced  an output of the wrong type/content
(B)                                                                                                               |--pickle-int--2=-2.pyc -&gt; str ------- using $&lt;read_object_from_pickle&gt; =&gt; &lt;int_to_string&gt;$
Executing Parsing Plan for [/home/travis/build/smarie/python-parsyfiles/parsyfiles/tests/parsing_capabilities_by_type/primitives_data/str/ok/pickle-int--2=-2]
(P) /home/travis/build/smarie/python-parsyfiles/parsyfiles/tests/parsing_capabilities_by_type/primitives_data/str/ok/pickle-int--2=-2.pyc -&gt; str ------- using $&lt;read_object_from_pickle&gt; =&gt; &lt;int_to_string&gt;$
(P)                                                                                                               |--pickle-int--2=-2.pyc -&gt; str SUCCESS !
Completed parsing successfully

-2==-2
</system-out></testcase><testcase classname="parsyfiles.tests.parsing_capabilities_by_type.test_parse_primitives" file="parsyfiles/tests/parsing_capabilities_by_type/test_parse_primitives.py" line="179" name="test_parse_by_type[str-ok-pickle-int-0=0.pyc]" time="0.04114723205566406"><system-out>**** Starting to parse single object of type &lt;str&gt; at location /home/travis/build/smarie/python-parsyfiles/parsyfiles/tests/parsing_capabilities_by_type/primitives_data/str/ok/pickle-int-0=0 ****
Checking all files under [/home/travis/build/smarie/python-parsyfiles/parsyfiles/tests/parsing_capabilities_by_type/primitives_data/str/ok/pickle-int-0=0]
(C) /home/travis/build/smarie/python-parsyfiles/parsyfiles/tests/parsing_capabilities_by_type/primitives_data/str/ok/pickle-int-0=0 (singlefile, .pyc)
File checks done

Building a parsing plan to parse [/home/travis/build/smarie/python-parsyfiles/parsyfiles/tests/parsing_capabilities_by_type/primitives_data/str/ok/pickle-int-0=0] into a str
(B) /home/travis/build/smarie/python-parsyfiles/parsyfiles/tests/parsing_capabilities_by_type/primitives_data/str/ok/pickle-int-0=0.pyc -&gt; str ------- using [Try &apos;[Try &apos;$&lt;read_object_from_pickle&gt; =&gt; &lt;bool_to_string&gt;$&apos; then &apos;$&lt;read_object_from_pickle&gt; =&gt; &lt;float_to_string&gt;$&apos; then &apos;$&lt;read_object_from_pickle&gt; =&gt; &lt;int_to_string&gt;$&apos; then &apos;&lt;read_object_from_pickle&gt;]&apos;]&apos; -&gt; [str] then &apos;&lt;read_object_from_pickle&gt;&apos; -&gt; [_rstr] then &apos;&lt;read_object_from_pickle&gt;&apos; -&gt; [str_]]]
(B)                                                                                                               |--pickle-int-0=0.pyc -&gt; str ------- using [Try &apos;$&lt;read_object_from_pickle&gt; =&gt; &lt;bool_to_string&gt;$&apos; then &apos;$&lt;read_object_from_pickle&gt; =&gt; &lt;float_to_string&gt;$&apos; then &apos;$&lt;read_object_from_pickle&gt; =&gt; &lt;int_to_string&gt;$&apos; then &apos;&lt;read_object_from_pickle&gt;]&apos;]
(B)                                                                                                               |--pickle-int-0=0.pyc -&gt; str ------- using $&lt;read_object_from_pickle&gt; =&gt; &lt;bool_to_string&gt;$
Parsing Plan created successfully

Executing Parsing Plan for [/home/travis/build/smarie/python-parsyfiles/parsyfiles/tests/parsing_capabilities_by_type/primitives_data/str/ok/pickle-int-0=0]
(P) /home/travis/build/smarie/python-parsyfiles/parsyfiles/tests/parsing_capabilities_by_type/primitives_data/str/ok/pickle-int-0=0.pyc -&gt; str ------- using $&lt;read_object_from_pickle&gt; =&gt; &lt;bool_to_string&gt;$
  !! Caught error during execution !!
  File &quot;/home/travis/build/smarie/python-parsyfiles/parsyfiles/parsing_core.py&quot;, line 177, in _execute
    self.get_singlefile_encoding(), logger, options)
  File &quot;/home/travis/build/smarie/python-parsyfiles/parsyfiles/parsing_combining_parsers.py&quot;, line 598, in _parse_singlefile
    return self._converter.convert(desired_type, first, logger, options)
  File &quot;/home/travis/build/smarie/python-parsyfiles/parsyfiles/converting_core.py&quot;, line 321, in convert
    raise ConversionException.create_not_able_to_convert(source_obj, self, desired_type)
  ConversionException : Converter $&lt;bool_to_string&gt;$ is not able to ingest source value &apos;0&apos; of type &apos;int&apos; and/or convert it to type &apos;str&apos;. This can happen in a chain when the previous step in the chain is generic and actually produced  an output of the wrong type/content
(B)                                                                                                               |--pickle-int-0=0.pyc -&gt; str ------- using $&lt;read_object_from_pickle&gt; =&gt; &lt;float_to_string&gt;$
Executing Parsing Plan for [/home/travis/build/smarie/python-parsyfiles/parsyfiles/tests/parsing_capabilities_by_type/primitives_data/str/ok/pickle-int-0=0]
(P) /home/travis/build/smarie/python-parsyfiles/parsyfiles/tests/parsing_capabilities_by_type/primitives_data/str/ok/pickle-int-0=0.pyc -&gt; str ------- using $&lt;read_object_from_pickle&gt; =&gt; &lt;float_to_string&gt;$
  !! Caught error during execution !!
  File &quot;/home/travis/build/smarie/python-parsyfiles/parsyfiles/parsing_core.py&quot;, line 177, in _execute
    self.get_singlefile_encoding(), logger, options)
  File &quot;/home/travis/build/smarie/python-parsyfiles/parsyfiles/parsing_combining_parsers.py&quot;, line 598, in _parse_singlefile
    return self._converter.convert(desired_type, first, logger, options)
  File &quot;/home/travis/build/smarie/python-parsyfiles/parsyfiles/converting_core.py&quot;, line 321, in convert
    raise ConversionException.create_not_able_to_convert(source_obj, self, desired_type)
  ConversionException : Converter $&lt;float_to_string&gt;$ is not able to ingest source value &apos;0&apos; of type &apos;int&apos; and/or convert it to type &apos;str&apos;. This can happen in a chain when the previous step in the chain is generic and actually produced  an output of the wrong type/content
(B)                                                                                                               |--pickle-int-0=0.pyc -&gt; str ------- using $&lt;read_object_from_pickle&gt; =&gt; &lt;int_to_string&gt;$
Executing Parsing Plan for [/home/travis/build/smarie/python-parsyfiles/parsyfiles/tests/parsing_capabilities_by_type/primitives_data/str/ok/pickle-int-0=0]
(P) /home/travis/build/smarie/python-parsyfiles/parsyfiles/tests/parsing_capabilities_by_type/primitives_data/str/ok/pickle-int-0=0.pyc -&gt; str ------- using $&lt;read_object_from_pickle&gt; =&gt; &lt;int_to_string&gt;$
(P)                                                                                                               |--pickle-int-0=0.pyc -&gt; str SUCCESS !
Completed parsing successfully

0==0
</system-out></testcase><testcase classname="parsyfiles.tests.parsing_capabilities_by_type.test_parse_primitives" file="parsyfiles/tests/parsing_capabilities_by_type/test_parse_primitives.py" line="179" name="test_parse_by_type[str-ok-txt-int-5=5.txt]" time="0.0393068790435791"><system-out>**** Starting to parse single object of type &lt;str&gt; at location /home/travis/build/smarie/python-parsyfiles/parsyfiles/tests/parsing_capabilities_by_type/primitives_data/str/ok/txt-int-5=5 ****
Checking all files under [/home/travis/build/smarie/python-parsyfiles/parsyfiles/tests/parsing_capabilities_by_type/primitives_data/str/ok/txt-int-5=5]
(C) /home/travis/build/smarie/python-parsyfiles/parsyfiles/tests/parsing_capabilities_by_type/primitives_data/str/ok/txt-int-5=5 (singlefile, .txt)
File checks done

Building a parsing plan to parse [/home/travis/build/smarie/python-parsyfiles/parsyfiles/tests/parsing_capabilities_by_type/primitives_data/str/ok/txt-int-5=5] into a str
(B) /home/travis/build/smarie/python-parsyfiles/parsyfiles/tests/parsing_capabilities_by_type/primitives_data/str/ok/txt-int-5=5.txt -&gt; str ------- using [Try &apos;&lt;read_str_from_txt&gt;&apos; -&gt; [str] then &apos;[Try &apos;$&lt;read_str_from_txt&gt; =&gt; &lt;constructor_with_str_arg&gt;$&apos; then &apos;$&lt;read_str_from_txt&gt; =&gt; &lt;base64_ascii_str_pickle_to_object&gt;$]&apos;]&apos; -&gt; [_rstr] then &apos;[Try &apos;$&lt;read_str_from_txt&gt; =&gt; &lt;constructor_with_str_arg&gt;$&apos; then &apos;$&lt;read_str_from_txt&gt; =&gt; &lt;base64_ascii_str_pickle_to_object&gt;$]&apos;]&apos; -&gt; [str_]]]
(B)                                                                                                               |--txt-int-5=5.txt -&gt; str ------- using &lt;read_str_from_txt&gt;
Parsing Plan created successfully

Executing Parsing Plan for [/home/travis/build/smarie/python-parsyfiles/parsyfiles/tests/parsing_capabilities_by_type/primitives_data/str/ok/txt-int-5=5]
(P) /home/travis/build/smarie/python-parsyfiles/parsyfiles/tests/parsing_capabilities_by_type/primitives_data/str/ok/txt-int-5=5.txt -&gt; str ------- using &lt;read_str_from_txt&gt;
(P)                                                                                                               |--txt-int-5=5.txt -&gt; str SUCCESS !
Completed parsing successfully

5==5
</system-out></testcase><testcase classname="parsyfiles.tests.parsing_capabilities_by_type.test_parse_primitives" file="parsyfiles/tests/parsing_capabilities_by_type/test_parse_primitives.py" line="179" name="test_parse_by_type[str-ok-pickle-str-toto=toto.pyc]" time="0.04274249076843262"><system-out>**** Starting to parse single object of type &lt;str&gt; at location /home/travis/build/smarie/python-parsyfiles/parsyfiles/tests/parsing_capabilities_by_type/primitives_data/str/ok/pickle-str-toto=toto ****
Checking all files under [/home/travis/build/smarie/python-parsyfiles/parsyfiles/tests/parsing_capabilities_by_type/primitives_data/str/ok/pickle-str-toto=toto]
(C) /home/travis/build/smarie/python-parsyfiles/parsyfiles/tests/parsing_capabilities_by_type/primitives_data/str/ok/pickle-str-toto=toto (singlefile, .pyc)
File checks done

Building a parsing plan to parse [/home/travis/build/smarie/python-parsyfiles/parsyfiles/tests/parsing_capabilities_by_type/primitives_data/str/ok/pickle-str-toto=toto] into a str
(B) /home/travis/build/smarie/python-parsyfiles/parsyfiles/tests/parsing_capabilities_by_type/primitives_data/str/ok/pickle-str-toto=toto.pyc -&gt; str ------- using [Try &apos;[Try &apos;$&lt;read_object_from_pickle&gt; =&gt; &lt;bool_to_string&gt;$&apos; then &apos;$&lt;read_object_from_pickle&gt; =&gt; &lt;float_to_string&gt;$&apos; then &apos;$&lt;read_object_from_pickle&gt; =&gt; &lt;int_to_string&gt;$&apos; then &apos;&lt;read_object_from_pickle&gt;]&apos;]&apos; -&gt; [str] then &apos;&lt;read_object_from_pickle&gt;&apos; -&gt; [_rstr] then &apos;&lt;read_object_from_pickle&gt;&apos; -&gt; [str_]]]
(B)                                                                                                               |--pickle-str-toto=toto.pyc -&gt; str ------- using [Try &apos;$&lt;read_object_from_pickle&gt; =&gt; &lt;bool_to_string&gt;$&apos; then &apos;$&lt;read_object_from_pickle&gt; =&gt; &lt;float_to_string&gt;$&apos; then &apos;$&lt;read_object_from_pickle&gt; =&gt; &lt;int_to_string&gt;$&apos; then &apos;&lt;read_object_from_pickle&gt;]&apos;]
(B)                                                                                                               |--pickle-str-toto=toto.pyc -&gt; str ------- using $&lt;read_object_from_pickle&gt; =&gt; &lt;bool_to_string&gt;$
Parsing Plan created successfully

Executing Parsing Plan for [/home/travis/build/smarie/python-parsyfiles/parsyfiles/tests/parsing_capabilities_by_type/primitives_data/str/ok/pickle-str-toto=toto]
(P) /home/travis/build/smarie/python-parsyfiles/parsyfiles/tests/parsing_capabilities_by_type/primitives_data/str/ok/pickle-str-toto=toto.pyc -&gt; str ------- using $&lt;read_object_from_pickle&gt; =&gt; &lt;bool_to_string&gt;$
  !! Caught error during execution !!
  File &quot;/home/travis/build/smarie/python-parsyfiles/parsyfiles/parsing_core.py&quot;, line 177, in _execute
    self.get_singlefile_encoding(), logger, options)
  File &quot;/home/travis/build/smarie/python-parsyfiles/parsyfiles/parsing_combining_parsers.py&quot;, line 598, in _parse_singlefile
    return self._converter.convert(desired_type, first, logger, options)
  File &quot;/home/travis/build/smarie/python-parsyfiles/parsyfiles/converting_core.py&quot;, line 321, in convert
    raise ConversionException.create_not_able_to_convert(source_obj, self, desired_type)
  ConversionException : Converter $&lt;bool_to_string&gt;$ is not able to ingest source value &apos;toto&apos; of type &apos;str&apos; and/or convert it to type &apos;str&apos;. This can happen in a chain when the previous step in the chain is generic and actually produced  an output of the wrong type/content
(B)                                                                                                               |--pickle-str-toto=toto.pyc -&gt; str ------- using $&lt;read_object_from_pickle&gt; =&gt; &lt;float_to_string&gt;$
Executing Parsing Plan for [/home/travis/build/smarie/python-parsyfiles/parsyfiles/tests/parsing_capabilities_by_type/primitives_data/str/ok/pickle-str-toto=toto]
(P) /home/travis/build/smarie/python-parsyfiles/parsyfiles/tests/parsing_capabilities_by_type/primitives_data/str/ok/pickle-str-toto=toto.pyc -&gt; str ------- using $&lt;read_object_from_pickle&gt; =&gt; &lt;float_to_string&gt;$
  !! Caught error during execution !!
  File &quot;/home/travis/build/smarie/python-parsyfiles/parsyfiles/parsing_core.py&quot;, line 177, in _execute
    self.get_singlefile_encoding(), logger, options)
  File &quot;/home/travis/build/smarie/python-parsyfiles/parsyfiles/parsing_combining_parsers.py&quot;, line 598, in _parse_singlefile
    return self._converter.convert(desired_type, first, logger, options)
  File &quot;/home/travis/build/smarie/python-parsyfiles/parsyfiles/converting_core.py&quot;, line 321, in convert
    raise ConversionException.create_not_able_to_convert(source_obj, self, desired_type)
  ConversionException : Converter $&lt;float_to_string&gt;$ is not able to ingest source value &apos;toto&apos; of type &apos;str&apos; and/or convert it to type &apos;str&apos;. This can happen in a chain when the previous step in the chain is generic and actually produced  an output of the wrong type/content
(B)                                                                                                               |--pickle-str-toto=toto.pyc -&gt; str ------- using $&lt;read_object_from_pickle&gt; =&gt; &lt;int_to_string&gt;$
Executing Parsing Plan for [/home/travis/build/smarie/python-parsyfiles/parsyfiles/tests/parsing_capabilities_by_type/primitives_data/str/ok/pickle-str-toto=toto]
(P) /home/travis/build/smarie/python-parsyfiles/parsyfiles/tests/parsing_capabilities_by_type/primitives_data/str/ok/pickle-str-toto=toto.pyc -&gt; str ------- using $&lt;read_object_from_pickle&gt; =&gt; &lt;int_to_string&gt;$
  !! Caught error during execution !!
  File &quot;/home/travis/build/smarie/python-parsyfiles/parsyfiles/parsing_core.py&quot;, line 177, in _execute
    self.get_singlefile_encoding(), logger, options)
  File &quot;/home/travis/build/smarie/python-parsyfiles/parsyfiles/parsing_combining_parsers.py&quot;, line 598, in _parse_singlefile
    return self._converter.convert(desired_type, first, logger, options)
  File &quot;/home/travis/build/smarie/python-parsyfiles/parsyfiles/converting_core.py&quot;, line 321, in convert
    raise ConversionException.create_not_able_to_convert(source_obj, self, desired_type)
  ConversionException : Converter $&lt;int_to_string&gt;$ is not able to ingest source value &apos;toto&apos; of type &apos;str&apos; and/or convert it to type &apos;str&apos;. This can happen in a chain when the previous step in the chain is generic and actually produced  an output of the wrong type/content
(B)                                                                                                               |--pickle-str-toto=toto.pyc -&gt; str ------- using &lt;read_object_from_pickle&gt;
Executing Parsing Plan for [/home/travis/build/smarie/python-parsyfiles/parsyfiles/tests/parsing_capabilities_by_type/primitives_data/str/ok/pickle-str-toto=toto]
(P) /home/travis/build/smarie/python-parsyfiles/parsyfiles/tests/parsing_capabilities_by_type/primitives_data/str/ok/pickle-str-toto=toto.pyc -&gt; str ------- using &lt;read_object_from_pickle&gt;
(P)                                                                                                               |--pickle-str-toto=toto.pyc -&gt; str SUCCESS !
Completed parsing successfully

toto==toto
</system-out></testcase><testcase classname="parsyfiles.tests.parsing_capabilities_by_type.test_parse_primitives" file="parsyfiles/tests/parsing_capabilities_by_type/test_parse_primitives.py" line="179" name="test_parse_by_type[str-ok-txt-int-0=0.txt]" time="0.03824496269226074"><system-out>**** Starting to parse single object of type &lt;str&gt; at location /home/travis/build/smarie/python-parsyfiles/parsyfiles/tests/parsing_capabilities_by_type/primitives_data/str/ok/txt-int-0=0 ****
Checking all files under [/home/travis/build/smarie/python-parsyfiles/parsyfiles/tests/parsing_capabilities_by_type/primitives_data/str/ok/txt-int-0=0]
(C) /home/travis/build/smarie/python-parsyfiles/parsyfiles/tests/parsing_capabilities_by_type/primitives_data/str/ok/txt-int-0=0 (singlefile, .txt)
File checks done

Building a parsing plan to parse [/home/travis/build/smarie/python-parsyfiles/parsyfiles/tests/parsing_capabilities_by_type/primitives_data/str/ok/txt-int-0=0] into a str
(B) /home/travis/build/smarie/python-parsyfiles/parsyfiles/tests/parsing_capabilities_by_type/primitives_data/str/ok/txt-int-0=0.txt -&gt; str ------- using [Try &apos;&lt;read_str_from_txt&gt;&apos; -&gt; [str] then &apos;[Try &apos;$&lt;read_str_from_txt&gt; =&gt; &lt;constructor_with_str_arg&gt;$&apos; then &apos;$&lt;read_str_from_txt&gt; =&gt; &lt;base64_ascii_str_pickle_to_object&gt;$]&apos;]&apos; -&gt; [_rstr] then &apos;[Try &apos;$&lt;read_str_from_txt&gt; =&gt; &lt;constructor_with_str_arg&gt;$&apos; then &apos;$&lt;read_str_from_txt&gt; =&gt; &lt;base64_ascii_str_pickle_to_object&gt;$]&apos;]&apos; -&gt; [str_]]]
(B)                                                                                                               |--txt-int-0=0.txt -&gt; str ------- using &lt;read_str_from_txt&gt;
Parsing Plan created successfully

Executing Parsing Plan for [/home/travis/build/smarie/python-parsyfiles/parsyfiles/tests/parsing_capabilities_by_type/primitives_data/str/ok/txt-int-0=0]
(P) /home/travis/build/smarie/python-parsyfiles/parsyfiles/tests/parsing_capabilities_by_type/primitives_data/str/ok/txt-int-0=0.txt -&gt; str ------- using &lt;read_str_from_txt&gt;
(P)                                                                                                               |--txt-int-0=0.txt -&gt; str SUCCESS !
Completed parsing successfully

0==0
</system-out></testcase><testcase classname="parsyfiles.tests.parsing_capabilities_by_type.test_parse_primitives" file="parsyfiles/tests/parsing_capabilities_by_type/test_parse_primitives.py" line="179" name="test_parse_by_type[str-ok-txt-bool-True=True.txt]" time="0.04098343849182129"><system-out>**** Starting to parse single object of type &lt;str&gt; at location /home/travis/build/smarie/python-parsyfiles/parsyfiles/tests/parsing_capabilities_by_type/primitives_data/str/ok/txt-bool-True=True ****
Checking all files under [/home/travis/build/smarie/python-parsyfiles/parsyfiles/tests/parsing_capabilities_by_type/primitives_data/str/ok/txt-bool-True=True]
(C) /home/travis/build/smarie/python-parsyfiles/parsyfiles/tests/parsing_capabilities_by_type/primitives_data/str/ok/txt-bool-True=True (singlefile, .txt)
File checks done

Building a parsing plan to parse [/home/travis/build/smarie/python-parsyfiles/parsyfiles/tests/parsing_capabilities_by_type/primitives_data/str/ok/txt-bool-True=True] into a str
(B) /home/travis/build/smarie/python-parsyfiles/parsyfiles/tests/parsing_capabilities_by_type/primitives_data/str/ok/txt-bool-True=True.txt -&gt; str ------- using [Try &apos;&lt;read_str_from_txt&gt;&apos; -&gt; [str] then &apos;[Try &apos;$&lt;read_str_from_txt&gt; =&gt; &lt;constructor_with_str_arg&gt;$&apos; then &apos;$&lt;read_str_from_txt&gt; =&gt; &lt;base64_ascii_str_pickle_to_object&gt;$]&apos;]&apos; -&gt; [_rstr] then &apos;[Try &apos;$&lt;read_str_from_txt&gt; =&gt; &lt;constructor_with_str_arg&gt;$&apos; then &apos;$&lt;read_str_from_txt&gt; =&gt; &lt;base64_ascii_str_pickle_to_object&gt;$]&apos;]&apos; -&gt; [str_]]]
(B)                                                                                                               |--txt-bool-True=True.txt -&gt; str ------- using &lt;read_str_from_txt&gt;
Parsing Plan created successfully

Executing Parsing Plan for [/home/travis/build/smarie/python-parsyfiles/parsyfiles/tests/parsing_capabilities_by_type/primitives_data/str/ok/txt-bool-True=True]
(P) /home/travis/build/smarie/python-parsyfiles/parsyfiles/tests/parsing_capabilities_by_type/primitives_data/str/ok/txt-bool-True=True.txt -&gt; str ------- using &lt;read_str_from_txt&gt;
(P)                                                                                                               |--txt-bool-True=True.txt -&gt; str SUCCESS !
Completed parsing successfully

True==True
</system-out></testcase><testcase classname="parsyfiles.tests.parsing_capabilities_by_type.test_parse_primitives" file="parsyfiles/tests/parsing_capabilities_by_type/test_parse_primitives.py" line="179" name="test_parse_by_type[str-ok-pickle-int-5=5.pyc]" time="0.04130077362060547"><system-out>**** Starting to parse single object of type &lt;str&gt; at location /home/travis/build/smarie/python-parsyfiles/parsyfiles/tests/parsing_capabilities_by_type/primitives_data/str/ok/pickle-int-5=5 ****
Checking all files under [/home/travis/build/smarie/python-parsyfiles/parsyfiles/tests/parsing_capabilities_by_type/primitives_data/str/ok/pickle-int-5=5]
(C) /home/travis/build/smarie/python-parsyfiles/parsyfiles/tests/parsing_capabilities_by_type/primitives_data/str/ok/pickle-int-5=5 (singlefile, .pyc)
File checks done

Building a parsing plan to parse [/home/travis/build/smarie/python-parsyfiles/parsyfiles/tests/parsing_capabilities_by_type/primitives_data/str/ok/pickle-int-5=5] into a str
(B) /home/travis/build/smarie/python-parsyfiles/parsyfiles/tests/parsing_capabilities_by_type/primitives_data/str/ok/pickle-int-5=5.pyc -&gt; str ------- using [Try &apos;[Try &apos;$&lt;read_object_from_pickle&gt; =&gt; &lt;bool_to_string&gt;$&apos; then &apos;$&lt;read_object_from_pickle&gt; =&gt; &lt;float_to_string&gt;$&apos; then &apos;$&lt;read_object_from_pickle&gt; =&gt; &lt;int_to_string&gt;$&apos; then &apos;&lt;read_object_from_pickle&gt;]&apos;]&apos; -&gt; [str] then &apos;&lt;read_object_from_pickle&gt;&apos; -&gt; [_rstr] then &apos;&lt;read_object_from_pickle&gt;&apos; -&gt; [str_]]]
(B)                                                                                                               |--pickle-int-5=5.pyc -&gt; str ------- using [Try &apos;$&lt;read_object_from_pickle&gt; =&gt; &lt;bool_to_string&gt;$&apos; then &apos;$&lt;read_object_from_pickle&gt; =&gt; &lt;float_to_string&gt;$&apos; then &apos;$&lt;read_object_from_pickle&gt; =&gt; &lt;int_to_string&gt;$&apos; then &apos;&lt;read_object_from_pickle&gt;]&apos;]
(B)                                                                                                               |--pickle-int-5=5.pyc -&gt; str ------- using $&lt;read_object_from_pickle&gt; =&gt; &lt;bool_to_string&gt;$
Parsing Plan created successfully

Executing Parsing Plan for [/home/travis/build/smarie/python-parsyfiles/parsyfiles/tests/parsing_capabilities_by_type/primitives_data/str/ok/pickle-int-5=5]
(P) /home/travis/build/smarie/python-parsyfiles/parsyfiles/tests/parsing_capabilities_by_type/primitives_data/str/ok/pickle-int-5=5.pyc -&gt; str ------- using $&lt;read_object_from_pickle&gt; =&gt; &lt;bool_to_string&gt;$
  !! Caught error during execution !!
  File &quot;/home/travis/build/smarie/python-parsyfiles/parsyfiles/parsing_core.py&quot;, line 177, in _execute
    self.get_singlefile_encoding(), logger, options)
  File &quot;/home/travis/build/smarie/python-parsyfiles/parsyfiles/parsing_combining_parsers.py&quot;, line 598, in _parse_singlefile
    return self._converter.convert(desired_type, first, logger, options)
  File &quot;/home/travis/build/smarie/python-parsyfiles/parsyfiles/converting_core.py&quot;, line 321, in convert
    raise ConversionException.create_not_able_to_convert(source_obj, self, desired_type)
  ConversionException : Converter $&lt;bool_to_string&gt;$ is not able to ingest source value &apos;5&apos; of type &apos;int&apos; and/or convert it to type &apos;str&apos;. This can happen in a chain when the previous step in the chain is generic and actually produced  an output of the wrong type/content
(B)                                                                                                               |--pickle-int-5=5.pyc -&gt; str ------- using $&lt;read_object_from_pickle&gt; =&gt; &lt;float_to_string&gt;$
Executing Parsing Plan for [/home/travis/build/smarie/python-parsyfiles/parsyfiles/tests/parsing_capabilities_by_type/primitives_data/str/ok/pickle-int-5=5]
(P) /home/travis/build/smarie/python-parsyfiles/parsyfiles/tests/parsing_capabilities_by_type/primitives_data/str/ok/pickle-int-5=5.pyc -&gt; str ------- using $&lt;read_object_from_pickle&gt; =&gt; &lt;float_to_string&gt;$
  !! Caught error during execution !!
  File &quot;/home/travis/build/smarie/python-parsyfiles/parsyfiles/parsing_core.py&quot;, line 177, in _execute
    self.get_singlefile_encoding(), logger, options)
  File &quot;/home/travis/build/smarie/python-parsyfiles/parsyfiles/parsing_combining_parsers.py&quot;, line 598, in _parse_singlefile
    return self._converter.convert(desired_type, first, logger, options)
  File &quot;/home/travis/build/smarie/python-parsyfiles/parsyfiles/converting_core.py&quot;, line 321, in convert
    raise ConversionException.create_not_able_to_convert(source_obj, self, desired_type)
  ConversionException : Converter $&lt;float_to_string&gt;$ is not able to ingest source value &apos;5&apos; of type &apos;int&apos; and/or convert it to type &apos;str&apos;. This can happen in a chain when the previous step in the chain is generic and actually produced  an output of the wrong type/content
(B)                                                                                                               |--pickle-int-5=5.pyc -&gt; str ------- using $&lt;read_object_from_pickle&gt; =&gt; &lt;int_to_string&gt;$
Executing Parsing Plan for [/home/travis/build/smarie/python-parsyfiles/parsyfiles/tests/parsing_capabilities_by_type/primitives_data/str/ok/pickle-int-5=5]
(P) /home/travis/build/smarie/python-parsyfiles/parsyfiles/tests/parsing_capabilities_by_type/primitives_data/str/ok/pickle-int-5=5.pyc -&gt; str ------- using $&lt;read_object_from_pickle&gt; =&gt; &lt;int_to_string&gt;$
(P)                                                                                                               |--pickle-int-5=5.pyc -&gt; str SUCCESS !
Completed parsing successfully

5==5
</system-out></testcase><testcase classname="parsyfiles.tests.parsing_capabilities_by_type.test_parse_primitives" file="parsyfiles/tests/parsing_capabilities_by_type/test_parse_primitives.py" line="179" name="test_parse_by_type[str-ok-pickle-str-a=a.pyc]" time="0.04241824150085449"><system-out>**** Starting to parse single object of type &lt;str&gt; at location /home/travis/build/smarie/python-parsyfiles/parsyfiles/tests/parsing_capabilities_by_type/primitives_data/str/ok/pickle-str-a=a ****
Checking all files under [/home/travis/build/smarie/python-parsyfiles/parsyfiles/tests/parsing_capabilities_by_type/primitives_data/str/ok/pickle-str-a=a]
(C) /home/travis/build/smarie/python-parsyfiles/parsyfiles/tests/parsing_capabilities_by_type/primitives_data/str/ok/pickle-str-a=a (singlefile, .pyc)
File checks done

Building a parsing plan to parse [/home/travis/build/smarie/python-parsyfiles/parsyfiles/tests/parsing_capabilities_by_type/primitives_data/str/ok/pickle-str-a=a] into a str
(B) /home/travis/build/smarie/python-parsyfiles/parsyfiles/tests/parsing_capabilities_by_type/primitives_data/str/ok/pickle-str-a=a.pyc -&gt; str ------- using [Try &apos;[Try &apos;$&lt;read_object_from_pickle&gt; =&gt; &lt;bool_to_string&gt;$&apos; then &apos;$&lt;read_object_from_pickle&gt; =&gt; &lt;float_to_string&gt;$&apos; then &apos;$&lt;read_object_from_pickle&gt; =&gt; &lt;int_to_string&gt;$&apos; then &apos;&lt;read_object_from_pickle&gt;]&apos;]&apos; -&gt; [str] then &apos;&lt;read_object_from_pickle&gt;&apos; -&gt; [_rstr] then &apos;&lt;read_object_from_pickle&gt;&apos; -&gt; [str_]]]
(B)                                                                                                               |--pickle-str-a=a.pyc -&gt; str ------- using [Try &apos;$&lt;read_object_from_pickle&gt; =&gt; &lt;bool_to_string&gt;$&apos; then &apos;$&lt;read_object_from_pickle&gt; =&gt; &lt;float_to_string&gt;$&apos; then &apos;$&lt;read_object_from_pickle&gt; =&gt; &lt;int_to_string&gt;$&apos; then &apos;&lt;read_object_from_pickle&gt;]&apos;]
(B)                                                                                                               |--pickle-str-a=a.pyc -&gt; str ------- using $&lt;read_object_from_pickle&gt; =&gt; &lt;bool_to_string&gt;$
Parsing Plan created successfully

Executing Parsing Plan for [/home/travis/build/smarie/python-parsyfiles/parsyfiles/tests/parsing_capabilities_by_type/primitives_data/str/ok/pickle-str-a=a]
(P) /home/travis/build/smarie/python-parsyfiles/parsyfiles/tests/parsing_capabilities_by_type/primitives_data/str/ok/pickle-str-a=a.pyc -&gt; str ------- using $&lt;read_object_from_pickle&gt; =&gt; &lt;bool_to_string&gt;$
  !! Caught error during execution !!
  File &quot;/home/travis/build/smarie/python-parsyfiles/parsyfiles/parsing_core.py&quot;, line 177, in _execute
    self.get_singlefile_encoding(), logger, options)
  File &quot;/home/travis/build/smarie/python-parsyfiles/parsyfiles/parsing_combining_parsers.py&quot;, line 598, in _parse_singlefile
    return self._converter.convert(desired_type, first, logger, options)
  File &quot;/home/travis/build/smarie/python-parsyfiles/parsyfiles/converting_core.py&quot;, line 321, in convert
    raise ConversionException.create_not_able_to_convert(source_obj, self, desired_type)
  ConversionException : Converter $&lt;bool_to_string&gt;$ is not able to ingest source value &apos;a&apos; of type &apos;str&apos; and/or convert it to type &apos;str&apos;. This can happen in a chain when the previous step in the chain is generic and actually produced  an output of the wrong type/content
(B)                                                                                                               |--pickle-str-a=a.pyc -&gt; str ------- using $&lt;read_object_from_pickle&gt; =&gt; &lt;float_to_string&gt;$
Executing Parsing Plan for [/home/travis/build/smarie/python-parsyfiles/parsyfiles/tests/parsing_capabilities_by_type/primitives_data/str/ok/pickle-str-a=a]
(P) /home/travis/build/smarie/python-parsyfiles/parsyfiles/tests/parsing_capabilities_by_type/primitives_data/str/ok/pickle-str-a=a.pyc -&gt; str ------- using $&lt;read_object_from_pickle&gt; =&gt; &lt;float_to_string&gt;$
  !! Caught error during execution !!
  File &quot;/home/travis/build/smarie/python-parsyfiles/parsyfiles/parsing_core.py&quot;, line 177, in _execute
    self.get_singlefile_encoding(), logger, options)
  File &quot;/home/travis/build/smarie/python-parsyfiles/parsyfiles/parsing_combining_parsers.py&quot;, line 598, in _parse_singlefile
    return self._converter.convert(desired_type, first, logger, options)
  File &quot;/home/travis/build/smarie/python-parsyfiles/parsyfiles/converting_core.py&quot;, line 321, in convert
    raise ConversionException.create_not_able_to_convert(source_obj, self, desired_type)
  ConversionException : Converter $&lt;float_to_string&gt;$ is not able to ingest source value &apos;a&apos; of type &apos;str&apos; and/or convert it to type &apos;str&apos;. This can happen in a chain when the previous step in the chain is generic and actually produced  an output of the wrong type/content
(B)                                                                                                               |--pickle-str-a=a.pyc -&gt; str ------- using $&lt;read_object_from_pickle&gt; =&gt; &lt;int_to_string&gt;$
Executing Parsing Plan for [/home/travis/build/smarie/python-parsyfiles/parsyfiles/tests/parsing_capabilities_by_type/primitives_data/str/ok/pickle-str-a=a]
(P) /home/travis/build/smarie/python-parsyfiles/parsyfiles/tests/parsing_capabilities_by_type/primitives_data/str/ok/pickle-str-a=a.pyc -&gt; str ------- using $&lt;read_object_from_pickle&gt; =&gt; &lt;int_to_string&gt;$
  !! Caught error during execution !!
  File &quot;/home/travis/build/smarie/python-parsyfiles/parsyfiles/parsing_core.py&quot;, line 177, in _execute
    self.get_singlefile_encoding(), logger, options)
  File &quot;/home/travis/build/smarie/python-parsyfiles/parsyfiles/parsing_combining_parsers.py&quot;, line 598, in _parse_singlefile
    return self._converter.convert(desired_type, first, logger, options)
  File &quot;/home/travis/build/smarie/python-parsyfiles/parsyfiles/converting_core.py&quot;, line 321, in convert
    raise ConversionException.create_not_able_to_convert(source_obj, self, desired_type)
  ConversionException : Converter $&lt;int_to_string&gt;$ is not able to ingest source value &apos;a&apos; of type &apos;str&apos; and/or convert it to type &apos;str&apos;. This can happen in a chain when the previous step in the chain is generic and actually produced  an output of the wrong type/content
(B)                                                                                                               |--pickle-str-a=a.pyc -&gt; str ------- using &lt;read_object_from_pickle&gt;
Executing Parsing Plan for [/home/travis/build/smarie/python-parsyfiles/parsyfiles/tests/parsing_capabilities_by_type/primitives_data/str/ok/pickle-str-a=a]
(P) /home/travis/build/smarie/python-parsyfiles/parsyfiles/tests/parsing_capabilities_by_type/primitives_data/str/ok/pickle-str-a=a.pyc -&gt; str ------- using &lt;read_object_from_pickle&gt;
(P)                                                                                                               |--pickle-str-a=a.pyc -&gt; str SUCCESS !
Completed parsing successfully

a==a
</system-out></testcase><testcase classname="parsyfiles.tests.parsing_capabilities_by_type.test_parse_primitives" file="parsyfiles/tests/parsing_capabilities_by_type/test_parse_primitives.py" line="179" name="test_parse_by_type[str-ok-txt-str-a=a.txt]" time="0.03952383995056152"><system-out>**** Starting to parse single object of type &lt;str&gt; at location /home/travis/build/smarie/python-parsyfiles/parsyfiles/tests/parsing_capabilities_by_type/primitives_data/str/ok/txt-str-a=a ****
Checking all files under [/home/travis/build/smarie/python-parsyfiles/parsyfiles/tests/parsing_capabilities_by_type/primitives_data/str/ok/txt-str-a=a]
(C) /home/travis/build/smarie/python-parsyfiles/parsyfiles/tests/parsing_capabilities_by_type/primitives_data/str/ok/txt-str-a=a (singlefile, .txt)
File checks done

Building a parsing plan to parse [/home/travis/build/smarie/python-parsyfiles/parsyfiles/tests/parsing_capabilities_by_type/primitives_data/str/ok/txt-str-a=a] into a str
(B) /home/travis/build/smarie/python-parsyfiles/parsyfiles/tests/parsing_capabilities_by_type/primitives_data/str/ok/txt-str-a=a.txt -&gt; str ------- using [Try &apos;&lt;read_str_from_txt&gt;&apos; -&gt; [str] then &apos;[Try &apos;$&lt;read_str_from_txt&gt; =&gt; &lt;constructor_with_str_arg&gt;$&apos; then &apos;$&lt;read_str_from_txt&gt; =&gt; &lt;base64_ascii_str_pickle_to_object&gt;$]&apos;]&apos; -&gt; [_rstr] then &apos;[Try &apos;$&lt;read_str_from_txt&gt; =&gt; &lt;constructor_with_str_arg&gt;$&apos; then &apos;$&lt;read_str_from_txt&gt; =&gt; &lt;base64_ascii_str_pickle_to_object&gt;$]&apos;]&apos; -&gt; [str_]]]
(B)                                                                                                               |--txt-str-a=a.txt -&gt; str ------- using &lt;read_str_from_txt&gt;
Parsing Plan created successfully

Executing Parsing Plan for [/home/travis/build/smarie/python-parsyfiles/parsyfiles/tests/parsing_capabilities_by_type/primitives_data/str/ok/txt-str-a=a]
(P) /home/travis/build/smarie/python-parsyfiles/parsyfiles/tests/parsing_capabilities_by_type/primitives_data/str/ok/txt-str-a=a.txt -&gt; str ------- using &lt;read_str_from_txt&gt;
(P)                                                                                                               |--txt-str-a=a.txt -&gt; str SUCCESS !
Completed parsing successfully

a==a
</system-out></testcase><testcase classname="parsyfiles.tests.parsing_capabilities_by_type.test_parse_typevars" file="parsyfiles/tests/parsing_capabilities_by_type/test_parse_typevars.py" line="14" name="test_typevars_1" time="0.5995268821716309"><system-out>**** Starting to parse collection of &lt;Test&gt; at location /home/travis/build/smarie/python-parsyfiles/parsyfiles/tests/parsing_capabilities_by_type/typevars_data/test1 ****
Checking all files under [/home/travis/build/smarie/python-parsyfiles/parsyfiles/tests/parsing_capabilities_by_type/typevars_data/test1]
(C) /home/travis/build/smarie/python-parsyfiles/parsyfiles/tests/parsing_capabilities_by_type/typevars_data/test1 (multifile)
(C)                                                                                                            |--a (multifile)
(C)                                                                                                              |--obj (singlefile, .properties)
(C)                                                                                                            |--b (multifile)
(C)                                                                                                              |--obj (singlefile, .properties)
File checks done

Building a parsing plan to parse [/home/travis/build/smarie/python-parsyfiles/parsyfiles/tests/parsing_capabilities_by_type/typevars_data/test1] into a Dict[str, Test]
(B) /home/travis/build/smarie/python-parsyfiles/parsyfiles/tests/parsing_capabilities_by_type/typevars_data/test1 -&gt; Dict[str, Test] ------- using Multifile Collection parser (parsyfiles defaults)
(B)                                                                                                            |--a -&gt; Test ------- using Multifile Object parser (parsyfiles defaults)
(B)                                                                                                              |--obj.properties -&gt; A ------- using [Try &apos;$&lt;read_dict_from_properties&gt; =&gt; &lt;dict_to_object&gt;$&apos; -&gt; [A] then &apos;$&lt;read_dict_from_properties&gt; =&gt; &lt;dict_to_object&gt;$&apos; -&gt; [B]]]
(B)                                                                                                              |--obj.properties -&gt; A ------- using $&lt;read_dict_from_properties&gt; =&gt; &lt;dict_to_object&gt;$
(B)                                                                                                            |--b -&gt; Test ------- using Multifile Object parser (parsyfiles defaults)
(B)                                                                                                              |--obj.properties -&gt; A ------- using [Try &apos;$&lt;read_dict_from_properties&gt; =&gt; &lt;dict_to_object&gt;$&apos; -&gt; [A] then &apos;$&lt;read_dict_from_properties&gt; =&gt; &lt;dict_to_object&gt;$&apos; -&gt; [B]]]
(B)                                                                                                              |--obj.properties -&gt; A ------- using $&lt;read_dict_from_properties&gt; =&gt; &lt;dict_to_object&gt;$
Parsing Plan created successfully

Executing Parsing Plan for [/home/travis/build/smarie/python-parsyfiles/parsyfiles/tests/parsing_capabilities_by_type/typevars_data/test1]
(P) /home/travis/build/smarie/python-parsyfiles/parsyfiles/tests/parsing_capabilities_by_type/typevars_data/test1 -&gt; Dict[str, Test] ------- using Multifile Collection parser (parsyfiles defaults)
(P)                                                                                                            |--a -&gt; Test ------- using Multifile Object parser (parsyfiles defaults)
(P)                                                                                                              |--obj.properties -&gt; A ------- using $&lt;read_dict_from_properties&gt; =&gt; &lt;dict_to_object&gt;$
(P)                                                                                                              |--obj.properties -&gt; A SUCCESS !
(P)                                                                                                            |--a -&gt; Test SUCCESS !
(P)                                                                                                            |--b -&gt; Test ------- using Multifile Object parser (parsyfiles defaults)
(P)                                                                                                              |--obj.properties -&gt; A ------- using $&lt;read_dict_from_properties&gt; =&gt; &lt;dict_to_object&gt;$
                                                                                                                  ! CAUGHT: InvalidAttributeNameForConstructorError - Cannot parse object of type &lt;A&gt; using the provided configuration file: configuration contains a property name (&apos;bar&apos;)that is not an attribute of the object constructor. &lt;A&gt; constructor attributes are : [&apos;foo&apos;]
(B)                                                                                                              |--obj.properties -&gt; B ------- using $&lt;read_dict_from_properties&gt; =&gt; &lt;dict_to_object&gt;$
(P)                                                                                                              |--obj.properties -&gt; B ------- using $&lt;read_dict_from_properties&gt; =&gt; &lt;dict_to_object&gt;$
(P)                                                                                                              |--obj.properties -&gt; B SUCCESS !
(P)                                                                                                            |--b -&gt; Test SUCCESS !
(P)                                                                                                      |--test1 -&gt; Dict[str, Test] SUCCESS !
Completed parsing successfully

</system-out></testcase><testcase classname="parsyfiles.tests.parsing_capabilities_by_type.test_parse_typevars" file="parsyfiles/tests/parsing_capabilities_by_type/test_parse_typevars.py" line="38" name="test_typevars_2" time="0.6959047317504883"><system-out>**** Starting to parse single object of type &lt;~TV&gt; at location /home/travis/build/smarie/python-parsyfiles/parsyfiles/tests/parsing_capabilities_by_type/typevars_data/test2/a ****
Checking all files under [/home/travis/build/smarie/python-parsyfiles/parsyfiles/tests/parsing_capabilities_by_type/typevars_data/test2/a]
(C) /home/travis/build/smarie/python-parsyfiles/parsyfiles/tests/parsing_capabilities_by_type/typevars_data/test2/a (multifile)
(C)                                                                                                              |--foo (singlefile, .txt)
File checks done

Building a parsing plan to parse [/home/travis/build/smarie/python-parsyfiles/parsyfiles/tests/parsing_capabilities_by_type/typevars_data/test2/a] into a ~TV
(B) /home/travis/build/smarie/python-parsyfiles/parsyfiles/tests/parsing_capabilities_by_type/typevars_data/test2/a -&gt; A ------- using [Try &apos;Multifile Object parser (parsyfiles defaults)&apos; -&gt; [A] then &apos;Multifile Object parser (parsyfiles defaults)&apos; -&gt; [B]]]
(B)                                                                                                            |--a -&gt; A ------- using Multifile Object parser (parsyfiles defaults)
(B)                                                                                                              |--foo.txt -&gt; str ------- using [Try &apos;&lt;read_str_from_txt&gt;&apos; -&gt; [str] then &apos;[Try &apos;$&lt;read_str_from_txt&gt; =&gt; &lt;constructor_with_str_arg&gt;$&apos; then &apos;$&lt;read_str_from_txt&gt; =&gt; &lt;base64_ascii_str_pickle_to_object&gt;$]&apos;]&apos; -&gt; [_rstr] then &apos;[Try &apos;$&lt;read_str_from_txt&gt; =&gt; &lt;constructor_with_str_arg&gt;$&apos; then &apos;$&lt;read_str_from_txt&gt; =&gt; &lt;base64_ascii_str_pickle_to_object&gt;$]&apos;]&apos; -&gt; [str_]]]
(B)                                                                                                              |--foo.txt -&gt; str ------- using &lt;read_str_from_txt&gt;
Parsing Plan created successfully

Executing Parsing Plan for [/home/travis/build/smarie/python-parsyfiles/parsyfiles/tests/parsing_capabilities_by_type/typevars_data/test2/a]
(P) /home/travis/build/smarie/python-parsyfiles/parsyfiles/tests/parsing_capabilities_by_type/typevars_data/test2/a -&gt; A ------- using Multifile Object parser (parsyfiles defaults)
(P)                                                                                                              |--foo.txt -&gt; str ------- using &lt;read_str_from_txt&gt;
(P)                                                                                                              |--foo.txt -&gt; str SUCCESS !
(P)                                                                                                            |--a -&gt; A SUCCESS !
Completed parsing successfully

**** Starting to parse single object of type &lt;~TV&gt; at location /home/travis/build/smarie/python-parsyfiles/parsyfiles/tests/parsing_capabilities_by_type/typevars_data/test2/b ****
Checking all files under [/home/travis/build/smarie/python-parsyfiles/parsyfiles/tests/parsing_capabilities_by_type/typevars_data/test2/b]
(C) /home/travis/build/smarie/python-parsyfiles/parsyfiles/tests/parsing_capabilities_by_type/typevars_data/test2/b (multifile)
(C)                                                                                                              |--bar (singlefile, .txt)
File checks done

Building a parsing plan to parse [/home/travis/build/smarie/python-parsyfiles/parsyfiles/tests/parsing_capabilities_by_type/typevars_data/test2/b] into a ~TV
(B) /home/travis/build/smarie/python-parsyfiles/parsyfiles/tests/parsing_capabilities_by_type/typevars_data/test2/b -&gt; A ------- using [Try &apos;Multifile Object parser (parsyfiles defaults)&apos; -&gt; [A] then &apos;Multifile Object parser (parsyfiles defaults)&apos; -&gt; [B]]]
(B)                                                                                                            |--b -&gt; A ------- using Multifile Object parser (parsyfiles defaults)
                                                                                                                ! CAUGHT: MissingMandatoryAttributeFiles - Multifile object /home/travis/build/smarie/python-parsyfiles/parsyfiles/tests/parsing_capabilities_by_type/typevars_data/test2/b (multifile) cannot be built from constructor of type A, mandatory constructor argument &apos;foo&apos;was not found on filesystem
(B)                                                                                                            |--b -&gt; B ------- using Multifile Object parser (parsyfiles defaults)
(B)                                                                                                              |--bar.txt -&gt; float ------- using [Try &apos;[Try &apos;$&lt;read_str_from_txt&gt; =&gt; &lt;str_to_float&gt;$&apos; then &apos;$&lt;read_str_from_txt&gt; =&gt; &lt;base64_ascii_str_pickle_to_object&gt; -&gt; &lt;bool_to_float&gt;$&apos; then &apos;$&lt;read_str_from_txt&gt; =&gt; &lt;base64_ascii_str_pickle_to_object&gt; -&gt; &lt;int_to_float&gt;$&apos; then &apos;$&lt;read_str_from_txt&gt; =&gt; &lt;base64_ascii_str_pickle_to_object&gt; -&gt; &lt;str_to_float&gt;$&apos; then &apos;$&lt;read_str_from_txt&gt; =&gt; &lt;base64_ascii_str_pickle_to_object&gt;$]&apos;]&apos; -&gt; [float] then &apos;[Try &apos;$&lt;read_str_from_txt&gt; =&gt; &lt;constructor_with_str_arg&gt;$&apos; then &apos;$&lt;read_str_from_txt&gt; =&gt; &lt;base64_ascii_str_pickle_to_object&gt;$]&apos;]&apos; -&gt; [float64]]]
(B)                                                                                                              |--bar.txt -&gt; float ------- using [Try &apos;$&lt;read_str_from_txt&gt; =&gt; &lt;str_to_float&gt;$&apos; then &apos;$&lt;read_str_from_txt&gt; =&gt; &lt;base64_ascii_str_pickle_to_object&gt; -&gt; &lt;bool_to_float&gt;$&apos; then &apos;$&lt;read_str_from_txt&gt; =&gt; &lt;base64_ascii_str_pickle_to_object&gt; -&gt; &lt;int_to_float&gt;$&apos; then &apos;$&lt;read_str_from_txt&gt; =&gt; &lt;base64_ascii_str_pickle_to_object&gt; -&gt; &lt;str_to_float&gt;$&apos; then &apos;$&lt;read_str_from_txt&gt; =&gt; &lt;base64_ascii_str_pickle_to_object&gt;$]&apos;]
(B)                                                                                                              |--bar.txt -&gt; float ------- using $&lt;read_str_from_txt&gt; =&gt; &lt;str_to_float&gt;$
Parsing Plan created successfully

Executing Parsing Plan for [/home/travis/build/smarie/python-parsyfiles/parsyfiles/tests/parsing_capabilities_by_type/typevars_data/test2/b]
(P) /home/travis/build/smarie/python-parsyfiles/parsyfiles/tests/parsing_capabilities_by_type/typevars_data/test2/b -&gt; B ------- using Multifile Object parser (parsyfiles defaults)
(P)                                                                                                              |--bar.txt -&gt; float ------- using $&lt;read_str_from_txt&gt; =&gt; &lt;str_to_float&gt;$
(P)                                                                                                              |--bar.txt -&gt; float SUCCESS !
(P)                                                                                                            |--b -&gt; B SUCCESS !
Completed parsing successfully

**** Starting to parse collection of &lt;~TV&gt; at location /home/travis/build/smarie/python-parsyfiles/parsyfiles/tests/parsing_capabilities_by_type/typevars_data/test2 ****
Checking all files under [/home/travis/build/smarie/python-parsyfiles/parsyfiles/tests/parsing_capabilities_by_type/typevars_data/test2]
(C) /home/travis/build/smarie/python-parsyfiles/parsyfiles/tests/parsing_capabilities_by_type/typevars_data/test2 (multifile)
(C)                                                                                                            |--a (multifile)
(C)                                                                                                              |--foo (singlefile, .txt)
(C)                                                                                                            |--b (multifile)
(C)                                                                                                              |--bar (singlefile, .txt)
File checks done

Building a parsing plan to parse [/home/travis/build/smarie/python-parsyfiles/parsyfiles/tests/parsing_capabilities_by_type/typevars_data/test2] into a Dict[str, ~TV]
(B) /home/travis/build/smarie/python-parsyfiles/parsyfiles/tests/parsing_capabilities_by_type/typevars_data/test2 -&gt; Dict[str, ~TV] ------- using Multifile Collection parser (parsyfiles defaults)
(B)                                                                                                            |--a -&gt; A ------- using [Try &apos;Multifile Object parser (parsyfiles defaults)&apos; -&gt; [A] then &apos;Multifile Object parser (parsyfiles defaults)&apos; -&gt; [B]]]
(B)                                                                                                            |--a -&gt; A ------- using Multifile Object parser (parsyfiles defaults)
(B)                                                                                                              |--foo.txt -&gt; str ------- using [Try &apos;&lt;read_str_from_txt&gt;&apos; -&gt; [str] then &apos;[Try &apos;$&lt;read_str_from_txt&gt; =&gt; &lt;constructor_with_str_arg&gt;$&apos; then &apos;$&lt;read_str_from_txt&gt; =&gt; &lt;base64_ascii_str_pickle_to_object&gt;$]&apos;]&apos; -&gt; [_rstr] then &apos;[Try &apos;$&lt;read_str_from_txt&gt; =&gt; &lt;constructor_with_str_arg&gt;$&apos; then &apos;$&lt;read_str_from_txt&gt; =&gt; &lt;base64_ascii_str_pickle_to_object&gt;$]&apos;]&apos; -&gt; [str_]]]
(B)                                                                                                              |--foo.txt -&gt; str ------- using &lt;read_str_from_txt&gt;
(B)                                                                                                            |--b -&gt; A ------- using [Try &apos;Multifile Object parser (parsyfiles defaults)&apos; -&gt; [A] then &apos;Multifile Object parser (parsyfiles defaults)&apos; -&gt; [B]]]
(B)                                                                                                            |--b -&gt; A ------- using Multifile Object parser (parsyfiles defaults)
                                                                                                                ! CAUGHT: MissingMandatoryAttributeFiles - Multifile object /home/travis/build/smarie/python-parsyfiles/parsyfiles/tests/parsing_capabilities_by_type/typevars_data/test2/b (multifile) cannot be built from constructor of type A, mandatory constructor argument &apos;foo&apos;was not found on filesystem
(B)                                                                                                            |--b -&gt; B ------- using Multifile Object parser (parsyfiles defaults)
(B)                                                                                                              |--bar.txt -&gt; float ------- using [Try &apos;[Try &apos;$&lt;read_str_from_txt&gt; =&gt; &lt;str_to_float&gt;$&apos; then &apos;$&lt;read_str_from_txt&gt; =&gt; &lt;base64_ascii_str_pickle_to_object&gt; -&gt; &lt;bool_to_float&gt;$&apos; then &apos;$&lt;read_str_from_txt&gt; =&gt; &lt;base64_ascii_str_pickle_to_object&gt; -&gt; &lt;int_to_float&gt;$&apos; then &apos;$&lt;read_str_from_txt&gt; =&gt; &lt;base64_ascii_str_pickle_to_object&gt; -&gt; &lt;str_to_float&gt;$&apos; then &apos;$&lt;read_str_from_txt&gt; =&gt; &lt;base64_ascii_str_pickle_to_object&gt;$]&apos;]&apos; -&gt; [float] then &apos;[Try &apos;$&lt;read_str_from_txt&gt; =&gt; &lt;constructor_with_str_arg&gt;$&apos; then &apos;$&lt;read_str_from_txt&gt; =&gt; &lt;base64_ascii_str_pickle_to_object&gt;$]&apos;]&apos; -&gt; [float64]]]
(B)                                                                                                              |--bar.txt -&gt; float ------- using [Try &apos;$&lt;read_str_from_txt&gt; =&gt; &lt;str_to_float&gt;$&apos; then &apos;$&lt;read_str_from_txt&gt; =&gt; &lt;base64_ascii_str_pickle_to_object&gt; -&gt; &lt;bool_to_float&gt;$&apos; then &apos;$&lt;read_str_from_txt&gt; =&gt; &lt;base64_ascii_str_pickle_to_object&gt; -&gt; &lt;int_to_float&gt;$&apos; then &apos;$&lt;read_str_from_txt&gt; =&gt; &lt;base64_ascii_str_pickle_to_object&gt; -&gt; &lt;str_to_float&gt;$&apos; then &apos;$&lt;read_str_from_txt&gt; =&gt; &lt;base64_ascii_str_pickle_to_object&gt;$]&apos;]
(B)                                                                                                              |--bar.txt -&gt; float ------- using $&lt;read_str_from_txt&gt; =&gt; &lt;str_to_float&gt;$
Parsing Plan created successfully

Executing Parsing Plan for [/home/travis/build/smarie/python-parsyfiles/parsyfiles/tests/parsing_capabilities_by_type/typevars_data/test2]
(P) /home/travis/build/smarie/python-parsyfiles/parsyfiles/tests/parsing_capabilities_by_type/typevars_data/test2 -&gt; Dict[str, ~TV] ------- using Multifile Collection parser (parsyfiles defaults)
(P)                                                                                                            |--a -&gt; A ------- using Multifile Object parser (parsyfiles defaults)
(P)                                                                                                              |--foo.txt -&gt; str ------- using &lt;read_str_from_txt&gt;
(P)                                                                                                              |--foo.txt -&gt; str SUCCESS !
(P)                                                                                                            |--a -&gt; A SUCCESS !
(P)                                                                                                            |--b -&gt; B ------- using Multifile Object parser (parsyfiles defaults)
(P)                                                                                                              |--bar.txt -&gt; float ------- using $&lt;read_str_from_txt&gt; =&gt; &lt;str_to_float&gt;$
(P)                                                                                                              |--bar.txt -&gt; float SUCCESS !
(P)                                                                                                            |--b -&gt; B SUCCESS !
(P)                                                                                                      |--test2 -&gt; Dict[str, ~TV] SUCCESS !
Completed parsing successfully

</system-out></testcase><testcase classname="parsyfiles.tests.parsing_capabilities_by_type.test_parse_typevars" file="parsyfiles/tests/parsing_capabilities_by_type/test_parse_typevars.py" line="65" name="test_typevars_3" time="0.6992805004119873"><system-out>**** Starting to parse single object of type &lt;~TV&gt; at location /home/travis/build/smarie/python-parsyfiles/parsyfiles/tests/parsing_capabilities_by_type/typevars_data/test2/a ****
Checking all files under [/home/travis/build/smarie/python-parsyfiles/parsyfiles/tests/parsing_capabilities_by_type/typevars_data/test2/a]
(C) /home/travis/build/smarie/python-parsyfiles/parsyfiles/tests/parsing_capabilities_by_type/typevars_data/test2/a (multifile)
(C)                                                                                                              |--foo (singlefile, .txt)
File checks done

Building a parsing plan to parse [/home/travis/build/smarie/python-parsyfiles/parsyfiles/tests/parsing_capabilities_by_type/typevars_data/test2/a] into a ~TV
(B) /home/travis/build/smarie/python-parsyfiles/parsyfiles/tests/parsing_capabilities_by_type/typevars_data/test2/a -&gt; ~TV ------- using [Try &apos;Multifile Object parser (parsyfiles defaults)&apos; -&gt; [A] then &apos;Multifile Object parser (parsyfiles defaults)&apos; -&gt; [B]]]
(B)                                                                                                            |--a -&gt; A ------- using Multifile Object parser (parsyfiles defaults)
(B)                                                                                                              |--foo.txt -&gt; str ------- using [Try &apos;&lt;read_str_from_txt&gt;&apos; -&gt; [str] then &apos;[Try &apos;$&lt;read_str_from_txt&gt; =&gt; &lt;constructor_with_str_arg&gt;$&apos; then &apos;$&lt;read_str_from_txt&gt; =&gt; &lt;base64_ascii_str_pickle_to_object&gt;$]&apos;]&apos; -&gt; [_rstr] then &apos;[Try &apos;$&lt;read_str_from_txt&gt; =&gt; &lt;constructor_with_str_arg&gt;$&apos; then &apos;$&lt;read_str_from_txt&gt; =&gt; &lt;base64_ascii_str_pickle_to_object&gt;$]&apos;]&apos; -&gt; [str_]]]
(B)                                                                                                              |--foo.txt -&gt; str ------- using &lt;read_str_from_txt&gt;
Parsing Plan created successfully

Executing Parsing Plan for [/home/travis/build/smarie/python-parsyfiles/parsyfiles/tests/parsing_capabilities_by_type/typevars_data/test2/a]
(P) /home/travis/build/smarie/python-parsyfiles/parsyfiles/tests/parsing_capabilities_by_type/typevars_data/test2/a -&gt; A ------- using Multifile Object parser (parsyfiles defaults)
(P)                                                                                                              |--foo.txt -&gt; str ------- using &lt;read_str_from_txt&gt;
(P)                                                                                                              |--foo.txt -&gt; str SUCCESS !
(P)                                                                                                            |--a -&gt; A SUCCESS !
Completed parsing successfully

**** Starting to parse single object of type &lt;~TV&gt; at location /home/travis/build/smarie/python-parsyfiles/parsyfiles/tests/parsing_capabilities_by_type/typevars_data/test2/b ****
Checking all files under [/home/travis/build/smarie/python-parsyfiles/parsyfiles/tests/parsing_capabilities_by_type/typevars_data/test2/b]
(C) /home/travis/build/smarie/python-parsyfiles/parsyfiles/tests/parsing_capabilities_by_type/typevars_data/test2/b (multifile)
(C)                                                                                                              |--bar (singlefile, .txt)
File checks done

Building a parsing plan to parse [/home/travis/build/smarie/python-parsyfiles/parsyfiles/tests/parsing_capabilities_by_type/typevars_data/test2/b] into a ~TV
(B) /home/travis/build/smarie/python-parsyfiles/parsyfiles/tests/parsing_capabilities_by_type/typevars_data/test2/b -&gt; ~TV ------- using [Try &apos;Multifile Object parser (parsyfiles defaults)&apos; -&gt; [A] then &apos;Multifile Object parser (parsyfiles defaults)&apos; -&gt; [B]]]
(B)                                                                                                            |--b -&gt; A ------- using Multifile Object parser (parsyfiles defaults)
                                                                                                                ! CAUGHT: MissingMandatoryAttributeFiles - Multifile object /home/travis/build/smarie/python-parsyfiles/parsyfiles/tests/parsing_capabilities_by_type/typevars_data/test2/b (multifile) cannot be built from constructor of type A, mandatory constructor argument &apos;foo&apos;was not found on filesystem
(B)                                                                                                            |--b -&gt; B ------- using Multifile Object parser (parsyfiles defaults)
(B)                                                                                                              |--bar.txt -&gt; float ------- using [Try &apos;[Try &apos;$&lt;read_str_from_txt&gt; =&gt; &lt;str_to_float&gt;$&apos; then &apos;$&lt;read_str_from_txt&gt; =&gt; &lt;base64_ascii_str_pickle_to_object&gt; -&gt; &lt;bool_to_float&gt;$&apos; then &apos;$&lt;read_str_from_txt&gt; =&gt; &lt;base64_ascii_str_pickle_to_object&gt; -&gt; &lt;int_to_float&gt;$&apos; then &apos;$&lt;read_str_from_txt&gt; =&gt; &lt;base64_ascii_str_pickle_to_object&gt; -&gt; &lt;str_to_float&gt;$&apos; then &apos;$&lt;read_str_from_txt&gt; =&gt; &lt;base64_ascii_str_pickle_to_object&gt;$]&apos;]&apos; -&gt; [float] then &apos;[Try &apos;$&lt;read_str_from_txt&gt; =&gt; &lt;constructor_with_str_arg&gt;$&apos; then &apos;$&lt;read_str_from_txt&gt; =&gt; &lt;base64_ascii_str_pickle_to_object&gt;$]&apos;]&apos; -&gt; [float64]]]
(B)                                                                                                              |--bar.txt -&gt; float ------- using [Try &apos;$&lt;read_str_from_txt&gt; =&gt; &lt;str_to_float&gt;$&apos; then &apos;$&lt;read_str_from_txt&gt; =&gt; &lt;base64_ascii_str_pickle_to_object&gt; -&gt; &lt;bool_to_float&gt;$&apos; then &apos;$&lt;read_str_from_txt&gt; =&gt; &lt;base64_ascii_str_pickle_to_object&gt; -&gt; &lt;int_to_float&gt;$&apos; then &apos;$&lt;read_str_from_txt&gt; =&gt; &lt;base64_ascii_str_pickle_to_object&gt; -&gt; &lt;str_to_float&gt;$&apos; then &apos;$&lt;read_str_from_txt&gt; =&gt; &lt;base64_ascii_str_pickle_to_object&gt;$]&apos;]
(B)                                                                                                              |--bar.txt -&gt; float ------- using $&lt;read_str_from_txt&gt; =&gt; &lt;str_to_float&gt;$
Parsing Plan created successfully

Executing Parsing Plan for [/home/travis/build/smarie/python-parsyfiles/parsyfiles/tests/parsing_capabilities_by_type/typevars_data/test2/b]
(P) /home/travis/build/smarie/python-parsyfiles/parsyfiles/tests/parsing_capabilities_by_type/typevars_data/test2/b -&gt; B ------- using Multifile Object parser (parsyfiles defaults)
(P)                                                                                                              |--bar.txt -&gt; float ------- using $&lt;read_str_from_txt&gt; =&gt; &lt;str_to_float&gt;$
(P)                                                                                                              |--bar.txt -&gt; float SUCCESS !
(P)                                                                                                            |--b -&gt; B SUCCESS !
Completed parsing successfully

**** Starting to parse collection of &lt;~TV&gt; at location /home/travis/build/smarie/python-parsyfiles/parsyfiles/tests/parsing_capabilities_by_type/typevars_data/test2 ****
Checking all files under [/home/travis/build/smarie/python-parsyfiles/parsyfiles/tests/parsing_capabilities_by_type/typevars_data/test2]
(C) /home/travis/build/smarie/python-parsyfiles/parsyfiles/tests/parsing_capabilities_by_type/typevars_data/test2 (multifile)
(C)                                                                                                            |--a (multifile)
(C)                                                                                                              |--foo (singlefile, .txt)
(C)                                                                                                            |--b (multifile)
(C)                                                                                                              |--bar (singlefile, .txt)
File checks done

Building a parsing plan to parse [/home/travis/build/smarie/python-parsyfiles/parsyfiles/tests/parsing_capabilities_by_type/typevars_data/test2] into a Dict[str, ~TV]
(B) /home/travis/build/smarie/python-parsyfiles/parsyfiles/tests/parsing_capabilities_by_type/typevars_data/test2 -&gt; Dict[str, ~TV] ------- using Multifile Collection parser (parsyfiles defaults)
(B)                                                                                                            |--a -&gt; ~TV ------- using [Try &apos;Multifile Object parser (parsyfiles defaults)&apos; -&gt; [A] then &apos;Multifile Object parser (parsyfiles defaults)&apos; -&gt; [B]]]
(B)                                                                                                            |--a -&gt; A ------- using Multifile Object parser (parsyfiles defaults)
(B)                                                                                                              |--foo.txt -&gt; str ------- using [Try &apos;&lt;read_str_from_txt&gt;&apos; -&gt; [str] then &apos;[Try &apos;$&lt;read_str_from_txt&gt; =&gt; &lt;constructor_with_str_arg&gt;$&apos; then &apos;$&lt;read_str_from_txt&gt; =&gt; &lt;base64_ascii_str_pickle_to_object&gt;$]&apos;]&apos; -&gt; [_rstr] then &apos;[Try &apos;$&lt;read_str_from_txt&gt; =&gt; &lt;constructor_with_str_arg&gt;$&apos; then &apos;$&lt;read_str_from_txt&gt; =&gt; &lt;base64_ascii_str_pickle_to_object&gt;$]&apos;]&apos; -&gt; [str_]]]
(B)                                                                                                              |--foo.txt -&gt; str ------- using &lt;read_str_from_txt&gt;
(B)                                                                                                            |--b -&gt; ~TV ------- using [Try &apos;Multifile Object parser (parsyfiles defaults)&apos; -&gt; [A] then &apos;Multifile Object parser (parsyfiles defaults)&apos; -&gt; [B]]]
(B)                                                                                                            |--b -&gt; A ------- using Multifile Object parser (parsyfiles defaults)
                                                                                                                ! CAUGHT: MissingMandatoryAttributeFiles - Multifile object /home/travis/build/smarie/python-parsyfiles/parsyfiles/tests/parsing_capabilities_by_type/typevars_data/test2/b (multifile) cannot be built from constructor of type A, mandatory constructor argument &apos;foo&apos;was not found on filesystem
(B)                                                                                                            |--b -&gt; B ------- using Multifile Object parser (parsyfiles defaults)
(B)                                                                                                              |--bar.txt -&gt; float ------- using [Try &apos;[Try &apos;$&lt;read_str_from_txt&gt; =&gt; &lt;str_to_float&gt;$&apos; then &apos;$&lt;read_str_from_txt&gt; =&gt; &lt;base64_ascii_str_pickle_to_object&gt; -&gt; &lt;bool_to_float&gt;$&apos; then &apos;$&lt;read_str_from_txt&gt; =&gt; &lt;base64_ascii_str_pickle_to_object&gt; -&gt; &lt;int_to_float&gt;$&apos; then &apos;$&lt;read_str_from_txt&gt; =&gt; &lt;base64_ascii_str_pickle_to_object&gt; -&gt; &lt;str_to_float&gt;$&apos; then &apos;$&lt;read_str_from_txt&gt; =&gt; &lt;base64_ascii_str_pickle_to_object&gt;$]&apos;]&apos; -&gt; [float] then &apos;[Try &apos;$&lt;read_str_from_txt&gt; =&gt; &lt;constructor_with_str_arg&gt;$&apos; then &apos;$&lt;read_str_from_txt&gt; =&gt; &lt;base64_ascii_str_pickle_to_object&gt;$]&apos;]&apos; -&gt; [float64]]]
(B)                                                                                                              |--bar.txt -&gt; float ------- using [Try &apos;$&lt;read_str_from_txt&gt; =&gt; &lt;str_to_float&gt;$&apos; then &apos;$&lt;read_str_from_txt&gt; =&gt; &lt;base64_ascii_str_pickle_to_object&gt; -&gt; &lt;bool_to_float&gt;$&apos; then &apos;$&lt;read_str_from_txt&gt; =&gt; &lt;base64_ascii_str_pickle_to_object&gt; -&gt; &lt;int_to_float&gt;$&apos; then &apos;$&lt;read_str_from_txt&gt; =&gt; &lt;base64_ascii_str_pickle_to_object&gt; -&gt; &lt;str_to_float&gt;$&apos; then &apos;$&lt;read_str_from_txt&gt; =&gt; &lt;base64_ascii_str_pickle_to_object&gt;$]&apos;]
(B)                                                                                                              |--bar.txt -&gt; float ------- using $&lt;read_str_from_txt&gt; =&gt; &lt;str_to_float&gt;$
Parsing Plan created successfully

Executing Parsing Plan for [/home/travis/build/smarie/python-parsyfiles/parsyfiles/tests/parsing_capabilities_by_type/typevars_data/test2]
(P) /home/travis/build/smarie/python-parsyfiles/parsyfiles/tests/parsing_capabilities_by_type/typevars_data/test2 -&gt; Dict[str, ~TV] ------- using Multifile Collection parser (parsyfiles defaults)
(P)                                                                                                            |--a -&gt; A ------- using Multifile Object parser (parsyfiles defaults)
(P)                                                                                                              |--foo.txt -&gt; str ------- using &lt;read_str_from_txt&gt;
(P)                                                                                                              |--foo.txt -&gt; str SUCCESS !
(P)                                                                                                            |--a -&gt; A SUCCESS !
(P)                                                                                                            |--b -&gt; B ------- using Multifile Object parser (parsyfiles defaults)
(P)                                                                                                              |--bar.txt -&gt; float ------- using $&lt;read_str_from_txt&gt; =&gt; &lt;str_to_float&gt;$
(P)                                                                                                              |--bar.txt -&gt; float SUCCESS !
(P)                                                                                                            |--b -&gt; B SUCCESS !
(P)                                                                                                      |--test2 -&gt; Dict[str, ~TV] SUCCESS !
Completed parsing successfully

</system-out></testcase><testcase classname="parsyfiles.tests.parsing_capabilities_by_type.test_parse_unions" file="parsyfiles/tests/parsing_capabilities_by_type/test_parse_unions.py" line="14" name="test_union_1" time="0.0452427864074707"><system-out>**** Starting to parse single object of type &lt;Union[A, B]&gt; at location /home/travis/build/smarie/python-parsyfiles/parsyfiles/tests/parsing_capabilities_by_type/unions_data/test1/a ****
Checking all files under [/home/travis/build/smarie/python-parsyfiles/parsyfiles/tests/parsing_capabilities_by_type/unions_data/test1/a]
(C) /home/travis/build/smarie/python-parsyfiles/parsyfiles/tests/parsing_capabilities_by_type/unions_data/test1/a (multifile)
(C)                                                                                                            |--foo (singlefile, .txt)
File checks done

Building a parsing plan to parse [/home/travis/build/smarie/python-parsyfiles/parsyfiles/tests/parsing_capabilities_by_type/unions_data/test1/a] into a Union[A, B]
(B) /home/travis/build/smarie/python-parsyfiles/parsyfiles/tests/parsing_capabilities_by_type/unions_data/test1/a -&gt; Union[A, B] ------- using [Try &apos;Multifile Object parser (parsyfiles defaults)&apos; -&gt; [A] then &apos;Multifile Object parser (parsyfiles defaults)&apos; -&gt; [B]]]
(B)                                                                                                          |--a -&gt; A ------- using Multifile Object parser (parsyfiles defaults)
(B)                                                                                                            |--foo.txt -&gt; str ------- using [Try &apos;&lt;read_str_from_txt&gt;&apos; -&gt; [str] then &apos;[Try &apos;$&lt;read_str_from_txt&gt; =&gt; &lt;constructor_with_str_arg&gt;$&apos; then &apos;$&lt;read_str_from_txt&gt; =&gt; &lt;base64_ascii_str_pickle_to_object&gt;$]&apos;]&apos; -&gt; [_rstr] then &apos;[Try &apos;$&lt;read_str_from_txt&gt; =&gt; &lt;constructor_with_str_arg&gt;$&apos; then &apos;$&lt;read_str_from_txt&gt; =&gt; &lt;base64_ascii_str_pickle_to_object&gt;$]&apos;]&apos; -&gt; [str_]]]
(B)                                                                                                            |--foo.txt -&gt; str ------- using &lt;read_str_from_txt&gt;
Parsing Plan created successfully

Executing Parsing Plan for [/home/travis/build/smarie/python-parsyfiles/parsyfiles/tests/parsing_capabilities_by_type/unions_data/test1/a]
(P) /home/travis/build/smarie/python-parsyfiles/parsyfiles/tests/parsing_capabilities_by_type/unions_data/test1/a -&gt; A ------- using Multifile Object parser (parsyfiles defaults)
(P)                                                                                                            |--foo.txt -&gt; str ------- using &lt;read_str_from_txt&gt;
(P)                                                                                                            |--foo.txt -&gt; str SUCCESS !
(P)                                                                                                          |--a -&gt; A SUCCESS !
Completed parsing successfully

</system-out></testcase><testcase classname="parsyfiles.tests.parsing_capabilities_by_type.test_parse_unions" file="parsyfiles/tests/parsing_capabilities_by_type/test_parse_unions.py" line="29" name="test_union_2" time="0.6848819255828857"><system-out>**** Starting to parse collection of &lt;Union[A, B]&gt; at location /home/travis/build/smarie/python-parsyfiles/parsyfiles/tests/parsing_capabilities_by_type/unions_data/test1 ****
Checking all files under [/home/travis/build/smarie/python-parsyfiles/parsyfiles/tests/parsing_capabilities_by_type/unions_data/test1]
(C) /home/travis/build/smarie/python-parsyfiles/parsyfiles/tests/parsing_capabilities_by_type/unions_data/test1 (multifile)
(C)                                                                                                          |--a (multifile)
(C)                                                                                                            |--foo (singlefile, .txt)
(C)                                                                                                          |--b (multifile)
(C)                                                                                                            |--bar (singlefile, .txt)
File checks done

Building a parsing plan to parse [/home/travis/build/smarie/python-parsyfiles/parsyfiles/tests/parsing_capabilities_by_type/unions_data/test1] into a Dict[str, Union[A, B]]
(B) /home/travis/build/smarie/python-parsyfiles/parsyfiles/tests/parsing_capabilities_by_type/unions_data/test1 -&gt; Dict[str, Union[A, B]] ------- using Multifile Collection parser (parsyfiles defaults)
(B)                                                                                                          |--a -&gt; Union[A, B] ------- using [Try &apos;Multifile Object parser (parsyfiles defaults)&apos; -&gt; [A] then &apos;Multifile Object parser (parsyfiles defaults)&apos; -&gt; [B]]]
(B)                                                                                                          |--a -&gt; A ------- using Multifile Object parser (parsyfiles defaults)
(B)                                                                                                            |--foo.txt -&gt; str ------- using [Try &apos;&lt;read_str_from_txt&gt;&apos; -&gt; [str] then &apos;[Try &apos;$&lt;read_str_from_txt&gt; =&gt; &lt;constructor_with_str_arg&gt;$&apos; then &apos;$&lt;read_str_from_txt&gt; =&gt; &lt;base64_ascii_str_pickle_to_object&gt;$]&apos;]&apos; -&gt; [_rstr] then &apos;[Try &apos;$&lt;read_str_from_txt&gt; =&gt; &lt;constructor_with_str_arg&gt;$&apos; then &apos;$&lt;read_str_from_txt&gt; =&gt; &lt;base64_ascii_str_pickle_to_object&gt;$]&apos;]&apos; -&gt; [str_]]]
(B)                                                                                                            |--foo.txt -&gt; str ------- using &lt;read_str_from_txt&gt;
(B)                                                                                                          |--b -&gt; Union[A, B] ------- using [Try &apos;Multifile Object parser (parsyfiles defaults)&apos; -&gt; [A] then &apos;Multifile Object parser (parsyfiles defaults)&apos; -&gt; [B]]]
(B)                                                                                                          |--b -&gt; A ------- using Multifile Object parser (parsyfiles defaults)
                                                                                                              ! CAUGHT: MissingMandatoryAttributeFiles - Multifile object /home/travis/build/smarie/python-parsyfiles/parsyfiles/tests/parsing_capabilities_by_type/unions_data/test1/b (multifile) cannot be built from constructor of type A, mandatory constructor argument &apos;foo&apos;was not found on filesystem
(B)                                                                                                          |--b -&gt; B ------- using Multifile Object parser (parsyfiles defaults)
(B)                                                                                                            |--bar.txt -&gt; float ------- using [Try &apos;[Try &apos;$&lt;read_str_from_txt&gt; =&gt; &lt;str_to_float&gt;$&apos; then &apos;$&lt;read_str_from_txt&gt; =&gt; &lt;base64_ascii_str_pickle_to_object&gt; -&gt; &lt;bool_to_float&gt;$&apos; then &apos;$&lt;read_str_from_txt&gt; =&gt; &lt;base64_ascii_str_pickle_to_object&gt; -&gt; &lt;int_to_float&gt;$&apos; then &apos;$&lt;read_str_from_txt&gt; =&gt; &lt;base64_ascii_str_pickle_to_object&gt; -&gt; &lt;str_to_float&gt;$&apos; then &apos;$&lt;read_str_from_txt&gt; =&gt; &lt;base64_ascii_str_pickle_to_object&gt;$]&apos;]&apos; -&gt; [float] then &apos;[Try &apos;$&lt;read_str_from_txt&gt; =&gt; &lt;constructor_with_str_arg&gt;$&apos; then &apos;$&lt;read_str_from_txt&gt; =&gt; &lt;base64_ascii_str_pickle_to_object&gt;$]&apos;]&apos; -&gt; [float64]]]
(B)                                                                                                            |--bar.txt -&gt; float ------- using [Try &apos;$&lt;read_str_from_txt&gt; =&gt; &lt;str_to_float&gt;$&apos; then &apos;$&lt;read_str_from_txt&gt; =&gt; &lt;base64_ascii_str_pickle_to_object&gt; -&gt; &lt;bool_to_float&gt;$&apos; then &apos;$&lt;read_str_from_txt&gt; =&gt; &lt;base64_ascii_str_pickle_to_object&gt; -&gt; &lt;int_to_float&gt;$&apos; then &apos;$&lt;read_str_from_txt&gt; =&gt; &lt;base64_ascii_str_pickle_to_object&gt; -&gt; &lt;str_to_float&gt;$&apos; then &apos;$&lt;read_str_from_txt&gt; =&gt; &lt;base64_ascii_str_pickle_to_object&gt;$]&apos;]
(B)                                                                                                            |--bar.txt -&gt; float ------- using $&lt;read_str_from_txt&gt; =&gt; &lt;str_to_float&gt;$
Parsing Plan created successfully

Executing Parsing Plan for [/home/travis/build/smarie/python-parsyfiles/parsyfiles/tests/parsing_capabilities_by_type/unions_data/test1]
(P) /home/travis/build/smarie/python-parsyfiles/parsyfiles/tests/parsing_capabilities_by_type/unions_data/test1 -&gt; Dict[str, Union[A, B]] ------- using Multifile Collection parser (parsyfiles defaults)
(P)                                                                                                          |--a -&gt; A ------- using Multifile Object parser (parsyfiles defaults)
(P)                                                                                                            |--foo.txt -&gt; str ------- using &lt;read_str_from_txt&gt;
(P)                                                                                                            |--foo.txt -&gt; str SUCCESS !
(P)                                                                                                          |--a -&gt; A SUCCESS !
(P)                                                                                                          |--b -&gt; B ------- using Multifile Object parser (parsyfiles defaults)
(P)                                                                                                            |--bar.txt -&gt; float ------- using $&lt;read_str_from_txt&gt; =&gt; &lt;str_to_float&gt;$
(P)                                                                                                            |--bar.txt -&gt; float SUCCESS !
(P)                                                                                                          |--b -&gt; B SUCCESS !
(P)                                                                                                    |--test1 -&gt; Dict[str, Union[A, B]] SUCCESS !
Completed parsing successfully

</system-out></testcase><testcase classname="parsyfiles.tests.parsing_capabilities_by_type.test_parse_unions" file="parsyfiles/tests/parsing_capabilities_by_type/test_parse_unions.py" line="46" name="test_union_recursive_1" time="9.79896855354309"><system-out>**** Starting to parse single object of type &lt;Dict[str, Union[A, _ForwardRef(&apos;InfiniteRecursiveDictOfA&apos;)]]&gt; at location /home/travis/build/smarie/python-parsyfiles/parsyfiles/tests/parsing_capabilities_by_type/unions_data/test2 ****
Checking all files under [/home/travis/build/smarie/python-parsyfiles/parsyfiles/tests/parsing_capabilities_by_type/unions_data/test2]
(C) /home/travis/build/smarie/python-parsyfiles/parsyfiles/tests/parsing_capabilities_by_type/unions_data/test2 (multifile)
(C)                                                                                                          |--a (multifile)
(C)                                                                                                            |--a (multifile)
(C)                                                                                                              |--a (multifile)
(C)                                                                                                                |--foo (singlefile, .txt)
(C)                                                                                                              |--b (multifile)
(C)                                                                                                                |--foo (singlefile, .txt)
(C)                                                                                                            |--b (multifile)
(C)                                                                                                              |--foo (singlefile, .txt)
(C)                                                                                                          |--b (multifile)
(C)                                                                                                            |--foo (singlefile, .txt)
File checks done

Building a parsing plan to parse [/home/travis/build/smarie/python-parsyfiles/parsyfiles/tests/parsing_capabilities_by_type/unions_data/test2] into a Dict[str, Union[A, _ForwardRef(&apos;InfiniteRecursiveDictOfA&apos;)]]
(B) /home/travis/build/smarie/python-parsyfiles/parsyfiles/tests/parsing_capabilities_by_type/unions_data/test2 -&gt; Dict[str, Union[A, _ForwardRef(&apos;InfiniteRecursiveDictOfA&apos;)]] ------- using Multifile Collection parser (parsyfiles defaults)
(B)                                                                                                          |--a -&gt; Union[A, _ForwardRef(&apos;InfiniteRecursiveDictOfA&apos;)] ------- using [Try &apos;Multifile Object parser (parsyfiles defaults)&apos; -&gt; [A] then &apos;Multifile Collection parser (parsyfiles defaults)&apos; -&gt; [Dict[str, Union[A, _ForwardRef(&apos;InfiniteRecursiveDictOfA&apos;)]]]]]
(B)                                                                                                          |--a -&gt; A ------- using Multifile Object parser (parsyfiles defaults)
                                                                                                              ! CAUGHT: MissingMandatoryAttributeFiles - Multifile object /home/travis/build/smarie/python-parsyfiles/parsyfiles/tests/parsing_capabilities_by_type/unions_data/test2/a (multifile) cannot be built from constructor of type A, mandatory constructor argument &apos;foo&apos;was not found on filesystem
(B)                                                                                                          |--a -&gt; Dict[str, Union[A, _ForwardRef(&apos;InfiniteRecursiveDictOfA&apos;)]] ------- using Multifile Collection parser (parsyfiles defaults)
(B)                                                                                                            |--a -&gt; Union[A, _ForwardRef(&apos;InfiniteRecursiveDictOfA&apos;)] ------- using [Try &apos;Multifile Object parser (parsyfiles defaults)&apos; -&gt; [A] then &apos;Multifile Collection parser (parsyfiles defaults)&apos; -&gt; [Dict[str, Union[A, _ForwardRef(&apos;InfiniteRecursiveDictOfA&apos;)]]]]]
(B)                                                                                                            |--a -&gt; A ------- using Multifile Object parser (parsyfiles defaults)
                                                                                                                ! CAUGHT: MissingMandatoryAttributeFiles - Multifile object /home/travis/build/smarie/python-parsyfiles/parsyfiles/tests/parsing_capabilities_by_type/unions_data/test2/a/a (multifile) cannot be built from constructor of type A, mandatory constructor argument &apos;foo&apos;was not found on filesystem
(B)                                                                                                            |--a -&gt; Dict[str, Union[A, _ForwardRef(&apos;InfiniteRecursiveDictOfA&apos;)]] ------- using Multifile Collection parser (parsyfiles defaults)
(B)                                                                                                              |--a -&gt; Union[A, _ForwardRef(&apos;InfiniteRecursiveDictOfA&apos;)] ------- using [Try &apos;Multifile Object parser (parsyfiles defaults)&apos; -&gt; [A] then &apos;Multifile Collection parser (parsyfiles defaults)&apos; -&gt; [Dict[str, Union[A, _ForwardRef(&apos;InfiniteRecursiveDictOfA&apos;)]]]]]
(B)                                                                                                              |--a -&gt; A ------- using Multifile Object parser (parsyfiles defaults)
(B)                                                                                                                |--foo.txt -&gt; str ------- using [Try &apos;&lt;read_str_from_txt&gt;&apos; -&gt; [str] then &apos;[Try &apos;$&lt;read_str_from_txt&gt; =&gt; &lt;constructor_with_str_arg&gt;$&apos; then &apos;$&lt;read_str_from_txt&gt; =&gt; &lt;base64_ascii_str_pickle_to_object&gt;$]&apos;]&apos; -&gt; [_rstr] then &apos;[Try &apos;$&lt;read_str_from_txt&gt; =&gt; &lt;constructor_with_str_arg&gt;$&apos; then &apos;$&lt;read_str_from_txt&gt; =&gt; &lt;base64_ascii_str_pickle_to_object&gt;$]&apos;]&apos; -&gt; [str_]]]
(B)                                                                                                                |--foo.txt -&gt; str ------- using &lt;read_str_from_txt&gt;
(B)                                                                                                              |--b -&gt; Union[A, _ForwardRef(&apos;InfiniteRecursiveDictOfA&apos;)] ------- using [Try &apos;Multifile Object parser (parsyfiles defaults)&apos; -&gt; [A] then &apos;Multifile Collection parser (parsyfiles defaults)&apos; -&gt; [Dict[str, Union[A, _ForwardRef(&apos;InfiniteRecursiveDictOfA&apos;)]]]]]
(B)                                                                                                              |--b -&gt; A ------- using Multifile Object parser (parsyfiles defaults)
(B)                                                                                                                |--foo.txt -&gt; str ------- using [Try &apos;&lt;read_str_from_txt&gt;&apos; -&gt; [str] then &apos;[Try &apos;$&lt;read_str_from_txt&gt; =&gt; &lt;constructor_with_str_arg&gt;$&apos; then &apos;$&lt;read_str_from_txt&gt; =&gt; &lt;base64_ascii_str_pickle_to_object&gt;$]&apos;]&apos; -&gt; [_rstr] then &apos;[Try &apos;$&lt;read_str_from_txt&gt; =&gt; &lt;constructor_with_str_arg&gt;$&apos; then &apos;$&lt;read_str_from_txt&gt; =&gt; &lt;base64_ascii_str_pickle_to_object&gt;$]&apos;]&apos; -&gt; [str_]]]
(B)                                                                                                                |--foo.txt -&gt; str ------- using &lt;read_str_from_txt&gt;
(B)                                                                                                            |--b -&gt; Union[A, _ForwardRef(&apos;InfiniteRecursiveDictOfA&apos;)] ------- using [Try &apos;Multifile Object parser (parsyfiles defaults)&apos; -&gt; [A] then &apos;Multifile Collection parser (parsyfiles defaults)&apos; -&gt; [Dict[str, Union[A, _ForwardRef(&apos;InfiniteRecursiveDictOfA&apos;)]]]]]
(B)                                                                                                            |--b -&gt; A ------- using Multifile Object parser (parsyfiles defaults)
(B)                                                                                                              |--foo.txt -&gt; str ------- using [Try &apos;&lt;read_str_from_txt&gt;&apos; -&gt; [str] then &apos;[Try &apos;$&lt;read_str_from_txt&gt; =&gt; &lt;constructor_with_str_arg&gt;$&apos; then &apos;$&lt;read_str_from_txt&gt; =&gt; &lt;base64_ascii_str_pickle_to_object&gt;$]&apos;]&apos; -&gt; [_rstr] then &apos;[Try &apos;$&lt;read_str_from_txt&gt; =&gt; &lt;constructor_with_str_arg&gt;$&apos; then &apos;$&lt;read_str_from_txt&gt; =&gt; &lt;base64_ascii_str_pickle_to_object&gt;$]&apos;]&apos; -&gt; [str_]]]
(B)                                                                                                              |--foo.txt -&gt; str ------- using &lt;read_str_from_txt&gt;
(B)                                                                                                          |--b -&gt; Union[A, _ForwardRef(&apos;InfiniteRecursiveDictOfA&apos;)] ------- using [Try &apos;Multifile Object parser (parsyfiles defaults)&apos; -&gt; [A] then &apos;Multifile Collection parser (parsyfiles defaults)&apos; -&gt; [Dict[str, Union[A, _ForwardRef(&apos;InfiniteRecursiveDictOfA&apos;)]]]]]
(B)                                                                                                          |--b -&gt; A ------- using Multifile Object parser (parsyfiles defaults)
(B)                                                                                                            |--foo.txt -&gt; str ------- using [Try &apos;&lt;read_str_from_txt&gt;&apos; -&gt; [str] then &apos;[Try &apos;$&lt;read_str_from_txt&gt; =&gt; &lt;constructor_with_str_arg&gt;$&apos; then &apos;$&lt;read_str_from_txt&gt; =&gt; &lt;base64_ascii_str_pickle_to_object&gt;$]&apos;]&apos; -&gt; [_rstr] then &apos;[Try &apos;$&lt;read_str_from_txt&gt; =&gt; &lt;constructor_with_str_arg&gt;$&apos; then &apos;$&lt;read_str_from_txt&gt; =&gt; &lt;base64_ascii_str_pickle_to_object&gt;$]&apos;]&apos; -&gt; [str_]]]
(B)                                                                                                            |--foo.txt -&gt; str ------- using &lt;read_str_from_txt&gt;
Parsing Plan created successfully

Executing Parsing Plan for [/home/travis/build/smarie/python-parsyfiles/parsyfiles/tests/parsing_capabilities_by_type/unions_data/test2]
(P) /home/travis/build/smarie/python-parsyfiles/parsyfiles/tests/parsing_capabilities_by_type/unions_data/test2 -&gt; Dict[str, Union[A, _ForwardRef(&apos;InfiniteRecursiveDictOfA&apos;)]] ------- using Multifile Collection parser (parsyfiles defaults)
(P)                                                                                                          |--a -&gt; Dict[str, Union[A, _ForwardRef(&apos;InfiniteRecursiveDictOfA&apos;)]] ------- using Multifile Collection parser (parsyfiles defaults)
(P)                                                                                                            |--a -&gt; Dict[str, Union[A, _ForwardRef(&apos;InfiniteRecursiveDictOfA&apos;)]] ------- using Multifile Collection parser (parsyfiles defaults)
(P)                                                                                                              |--a -&gt; A ------- using Multifile Object parser (parsyfiles defaults)
(P)                                                                                                                |--foo.txt -&gt; str ------- using &lt;read_str_from_txt&gt;
(P)                                                                                                                |--foo.txt -&gt; str SUCCESS !
(P)                                                                                                              |--a -&gt; A SUCCESS !
(P)                                                                                                              |--b -&gt; A ------- using Multifile Object parser (parsyfiles defaults)
(P)                                                                                                                |--foo.txt -&gt; str ------- using &lt;read_str_from_txt&gt;
(P)                                                                                                                |--foo.txt -&gt; str SUCCESS !
(P)                                                                                                              |--b -&gt; A SUCCESS !
(P)                                                                                                            |--a -&gt; Dict[str, Union[A, _ForwardRef(&apos;InfiniteRecursiveDictOfA&apos;)]] SUCCESS !
(P)                                                                                                            |--b -&gt; A ------- using Multifile Object parser (parsyfiles defaults)
(P)                                                                                                              |--foo.txt -&gt; str ------- using &lt;read_str_from_txt&gt;
(P)                                                                                                              |--foo.txt -&gt; str SUCCESS !
(P)                                                                                                            |--b -&gt; A SUCCESS !
(P)                                                                                                          |--a -&gt; Dict[str, Union[A, _ForwardRef(&apos;InfiniteRecursiveDictOfA&apos;)]] SUCCESS !
(P)                                                                                                          |--b -&gt; A ------- using Multifile Object parser (parsyfiles defaults)
(P)                                                                                                            |--foo.txt -&gt; str ------- using &lt;read_str_from_txt&gt;
(P)                                                                                                            |--foo.txt -&gt; str SUCCESS !
(P)                                                                                                          |--b -&gt; A SUCCESS !
(P)                                                                                                    |--test2 -&gt; Dict[str, Union[A, _ForwardRef(&apos;InfiniteRecursiveDictOfA&apos;)]] SUCCESS !
Completed parsing successfully

**** Starting to parse collection of &lt;Union[A, Dict]&gt; at location /home/travis/build/smarie/python-parsyfiles/parsyfiles/tests/parsing_capabilities_by_type/unions_data/test2 ****
Checking all files under [/home/travis/build/smarie/python-parsyfiles/parsyfiles/tests/parsing_capabilities_by_type/unions_data/test2]
(C) /home/travis/build/smarie/python-parsyfiles/parsyfiles/tests/parsing_capabilities_by_type/unions_data/test2 (multifile)
(C)                                                                                                          |--a (multifile)
(C)                                                                                                            |--a (multifile)
(C)                                                                                                              |--a (multifile)
(C)                                                                                                                |--foo (singlefile, .txt)
(C)                                                                                                              |--b (multifile)
(C)                                                                                                                |--foo (singlefile, .txt)
(C)                                                                                                            |--b (multifile)
(C)                                                                                                              |--foo (singlefile, .txt)
(C)                                                                                                          |--b (multifile)
(C)                                                                                                            |--foo (singlefile, .txt)
File checks done

Building a parsing plan to parse [/home/travis/build/smarie/python-parsyfiles/parsyfiles/tests/parsing_capabilities_by_type/unions_data/test2] into a Dict[str, Union[A, Dict]]
(B) /home/travis/build/smarie/python-parsyfiles/parsyfiles/tests/parsing_capabilities_by_type/unions_data/test2 -&gt; Dict[str, Union[A, Dict]] ------- using Multifile Collection parser (parsyfiles defaults)
(B)                                                                                                          |--a -&gt; Union[A, Dict] ------- using [Try &apos;Multifile Object parser (parsyfiles defaults)&apos; -&gt; [A] then &apos;Multifile Collection parser (parsyfiles defaults)&apos; -&gt; [Dict]]]
(B)                                                                                                          |--a -&gt; A ------- using Multifile Object parser (parsyfiles defaults)
                                                                                                              ! CAUGHT: MissingMandatoryAttributeFiles - Multifile object /home/travis/build/smarie/python-parsyfiles/parsyfiles/tests/parsing_capabilities_by_type/unions_data/test2/a (multifile) cannot be built from constructor of type A, mandatory constructor argument &apos;foo&apos;was not found on filesystem
(B)                                                                                                          |--a -&gt; Dict ------- using Multifile Collection parser (parsyfiles defaults)
(B)                                                                                                            |--a -&gt; Union[A, Dict] ------- using [Try &apos;Multifile Object parser (parsyfiles defaults)&apos; -&gt; [A] then &apos;Multifile Collection parser (parsyfiles defaults)&apos; -&gt; [Dict]]]
(B)                                                                                                            |--a -&gt; A ------- using Multifile Object parser (parsyfiles defaults)
                                                                                                                ! CAUGHT: MissingMandatoryAttributeFiles - Multifile object /home/travis/build/smarie/python-parsyfiles/parsyfiles/tests/parsing_capabilities_by_type/unions_data/test2/a/a (multifile) cannot be built from constructor of type A, mandatory constructor argument &apos;foo&apos;was not found on filesystem
(B)                                                                                                            |--a -&gt; Dict ------- using Multifile Collection parser (parsyfiles defaults)
(B)                                                                                                              |--a -&gt; Union[A, Dict] ------- using [Try &apos;Multifile Object parser (parsyfiles defaults)&apos; -&gt; [A] then &apos;Multifile Collection parser (parsyfiles defaults)&apos; -&gt; [Dict]]]
(B)                                                                                                              |--a -&gt; A ------- using Multifile Object parser (parsyfiles defaults)
(B)                                                                                                                |--foo.txt -&gt; str ------- using [Try &apos;&lt;read_str_from_txt&gt;&apos; -&gt; [str] then &apos;[Try &apos;$&lt;read_str_from_txt&gt; =&gt; &lt;constructor_with_str_arg&gt;$&apos; then &apos;$&lt;read_str_from_txt&gt; =&gt; &lt;base64_ascii_str_pickle_to_object&gt;$]&apos;]&apos; -&gt; [_rstr] then &apos;[Try &apos;$&lt;read_str_from_txt&gt; =&gt; &lt;constructor_with_str_arg&gt;$&apos; then &apos;$&lt;read_str_from_txt&gt; =&gt; &lt;base64_ascii_str_pickle_to_object&gt;$]&apos;]&apos; -&gt; [str_]]]
(B)                                                                                                                |--foo.txt -&gt; str ------- using &lt;read_str_from_txt&gt;
(B)                                                                                                              |--b -&gt; Union[A, Dict] ------- using [Try &apos;Multifile Object parser (parsyfiles defaults)&apos; -&gt; [A] then &apos;Multifile Collection parser (parsyfiles defaults)&apos; -&gt; [Dict]]]
(B)                                                                                                              |--b -&gt; A ------- using Multifile Object parser (parsyfiles defaults)
(B)                                                                                                                |--foo.txt -&gt; str ------- using [Try &apos;&lt;read_str_from_txt&gt;&apos; -&gt; [str] then &apos;[Try &apos;$&lt;read_str_from_txt&gt; =&gt; &lt;constructor_with_str_arg&gt;$&apos; then &apos;$&lt;read_str_from_txt&gt; =&gt; &lt;base64_ascii_str_pickle_to_object&gt;$]&apos;]&apos; -&gt; [_rstr] then &apos;[Try &apos;$&lt;read_str_from_txt&gt; =&gt; &lt;constructor_with_str_arg&gt;$&apos; then &apos;$&lt;read_str_from_txt&gt; =&gt; &lt;base64_ascii_str_pickle_to_object&gt;$]&apos;]&apos; -&gt; [str_]]]
(B)                                                                                                                |--foo.txt -&gt; str ------- using &lt;read_str_from_txt&gt;
(B)                                                                                                            |--b -&gt; Union[A, Dict] ------- using [Try &apos;Multifile Object parser (parsyfiles defaults)&apos; -&gt; [A] then &apos;Multifile Collection parser (parsyfiles defaults)&apos; -&gt; [Dict]]]
(B)                                                                                                            |--b -&gt; A ------- using Multifile Object parser (parsyfiles defaults)
(B)                                                                                                              |--foo.txt -&gt; str ------- using [Try &apos;&lt;read_str_from_txt&gt;&apos; -&gt; [str] then &apos;[Try &apos;$&lt;read_str_from_txt&gt; =&gt; &lt;constructor_with_str_arg&gt;$&apos; then &apos;$&lt;read_str_from_txt&gt; =&gt; &lt;base64_ascii_str_pickle_to_object&gt;$]&apos;]&apos; -&gt; [_rstr] then &apos;[Try &apos;$&lt;read_str_from_txt&gt; =&gt; &lt;constructor_with_str_arg&gt;$&apos; then &apos;$&lt;read_str_from_txt&gt; =&gt; &lt;base64_ascii_str_pickle_to_object&gt;$]&apos;]&apos; -&gt; [str_]]]
(B)                                                                                                              |--foo.txt -&gt; str ------- using &lt;read_str_from_txt&gt;
(B)                                                                                                          |--b -&gt; Union[A, Dict] ------- using [Try &apos;Multifile Object parser (parsyfiles defaults)&apos; -&gt; [A] then &apos;Multifile Collection parser (parsyfiles defaults)&apos; -&gt; [Dict]]]
(B)                                                                                                          |--b -&gt; A ------- using Multifile Object parser (parsyfiles defaults)
(B)                                                                                                            |--foo.txt -&gt; str ------- using [Try &apos;&lt;read_str_from_txt&gt;&apos; -&gt; [str] then &apos;[Try &apos;$&lt;read_str_from_txt&gt; =&gt; &lt;constructor_with_str_arg&gt;$&apos; then &apos;$&lt;read_str_from_txt&gt; =&gt; &lt;base64_ascii_str_pickle_to_object&gt;$]&apos;]&apos; -&gt; [_rstr] then &apos;[Try &apos;$&lt;read_str_from_txt&gt; =&gt; &lt;constructor_with_str_arg&gt;$&apos; then &apos;$&lt;read_str_from_txt&gt; =&gt; &lt;base64_ascii_str_pickle_to_object&gt;$]&apos;]&apos; -&gt; [str_]]]
(B)                                                                                                            |--foo.txt -&gt; str ------- using &lt;read_str_from_txt&gt;
Parsing Plan created successfully

Executing Parsing Plan for [/home/travis/build/smarie/python-parsyfiles/parsyfiles/tests/parsing_capabilities_by_type/unions_data/test2]
(P) /home/travis/build/smarie/python-parsyfiles/parsyfiles/tests/parsing_capabilities_by_type/unions_data/test2 -&gt; Dict[str, Union[A, Dict]] ------- using Multifile Collection parser (parsyfiles defaults)
(P)                                                                                                          |--a -&gt; Dict ------- using Multifile Collection parser (parsyfiles defaults)
(P)                                                                                                            |--a -&gt; Dict ------- using Multifile Collection parser (parsyfiles defaults)
(P)                                                                                                              |--a -&gt; A ------- using Multifile Object parser (parsyfiles defaults)
(P)                                                                                                                |--foo.txt -&gt; str ------- using &lt;read_str_from_txt&gt;
(P)                                                                                                                |--foo.txt -&gt; str SUCCESS !
(P)                                                                                                              |--a -&gt; A SUCCESS !
(P)                                                                                                              |--b -&gt; A ------- using Multifile Object parser (parsyfiles defaults)
(P)                                                                                                                |--foo.txt -&gt; str ------- using &lt;read_str_from_txt&gt;
(P)                                                                                                                |--foo.txt -&gt; str SUCCESS !
(P)                                                                                                              |--b -&gt; A SUCCESS !
(P)                                                                                                            |--a -&gt; Dict SUCCESS !
(P)                                                                                                            |--b -&gt; A ------- using Multifile Object parser (parsyfiles defaults)
(P)                                                                                                              |--foo.txt -&gt; str ------- using &lt;read_str_from_txt&gt;
(P)                                                                                                              |--foo.txt -&gt; str SUCCESS !
(P)                                                                                                            |--b -&gt; A SUCCESS !
(P)                                                                                                          |--a -&gt; Dict SUCCESS !
(P)                                                                                                          |--b -&gt; A ------- using Multifile Object parser (parsyfiles defaults)
(P)                                                                                                            |--foo.txt -&gt; str ------- using &lt;read_str_from_txt&gt;
(P)                                                                                                            |--foo.txt -&gt; str SUCCESS !
(P)                                                                                                          |--b -&gt; A SUCCESS !
(P)                                                                                                    |--test2 -&gt; Dict[str, Union[A, Dict]] SUCCESS !
Completed parsing successfully

**** Starting to parse single object of type &lt;Union[A, _ForwardRef(&apos;InfiniteRecursiveDictOfA3&apos;)]&gt; at location /home/travis/build/smarie/python-parsyfiles/parsyfiles/tests/parsing_capabilities_by_type/unions_data/test2/b ****
Checking all files under [/home/travis/build/smarie/python-parsyfiles/parsyfiles/tests/parsing_capabilities_by_type/unions_data/test2/b]
(C) /home/travis/build/smarie/python-parsyfiles/parsyfiles/tests/parsing_capabilities_by_type/unions_data/test2/b (multifile)
(C)                                                                                                            |--foo (singlefile, .txt)
File checks done

Building a parsing plan to parse [/home/travis/build/smarie/python-parsyfiles/parsyfiles/tests/parsing_capabilities_by_type/unions_data/test2/b] into a Union[A, _ForwardRef(&apos;InfiniteRecursiveDictOfA3&apos;)]
(B) /home/travis/build/smarie/python-parsyfiles/parsyfiles/tests/parsing_capabilities_by_type/unions_data/test2/b -&gt; A ------- using Multifile Object parser (parsyfiles defaults)
(B)                                                                                                            |--foo.txt -&gt; str ------- using [Try &apos;&lt;read_str_from_txt&gt;&apos; -&gt; [str] then &apos;[Try &apos;$&lt;read_str_from_txt&gt; =&gt; &lt;constructor_with_str_arg&gt;$&apos; then &apos;$&lt;read_str_from_txt&gt; =&gt; &lt;base64_ascii_str_pickle_to_object&gt;$]&apos;]&apos; -&gt; [_rstr] then &apos;[Try &apos;$&lt;read_str_from_txt&gt; =&gt; &lt;constructor_with_str_arg&gt;$&apos; then &apos;$&lt;read_str_from_txt&gt; =&gt; &lt;base64_ascii_str_pickle_to_object&gt;$]&apos;]&apos; -&gt; [str_]]]
(B)                                                                                                            |--foo.txt -&gt; str ------- using &lt;read_str_from_txt&gt;
Parsing Plan created successfully

Executing Parsing Plan for [/home/travis/build/smarie/python-parsyfiles/parsyfiles/tests/parsing_capabilities_by_type/unions_data/test2/b]
(P) /home/travis/build/smarie/python-parsyfiles/parsyfiles/tests/parsing_capabilities_by_type/unions_data/test2/b -&gt; A ------- using Multifile Object parser (parsyfiles defaults)
(P)                                                                                                            |--foo.txt -&gt; str ------- using &lt;read_str_from_txt&gt;
(P)                                                                                                            |--foo.txt -&gt; str SUCCESS !
(P)                                                                                                          |--b -&gt; A SUCCESS !
Completed parsing successfully

</system-out></testcase><testcase classname="parsyfiles.tests.pytest_integration.test_pytest" file="parsyfiles/tests/pytest_integration/test_pytest.py" line="18" name="test_simple_objects[test_diff_1]" time="0.010856389999389648"><system-out>Executing Parsing Plan for [/home/travis/build/smarie/python-parsyfiles/parsyfiles/tests/pytest_integration/../parsing_capabilities_by_type/objects_data/test1/test_diff_1]
(P) /home/travis/build/smarie/python-parsyfiles/parsyfiles/tests/pytest_integration/../parsing_capabilities_by_type/objects_data/test1/test_diff_1.cfg -&gt; ExecOpTest ------- using $&lt;read_config&gt; =&gt; &lt;merge_all_config_sections_into_a_single_dict&gt; -&gt; &lt;dict_to_object&gt;$
(P)                                                                                                                                 |--test_diff_1.cfg -&gt; ExecOpTest SUCCESS !
Completed parsing successfully
1.0 - 1.0 =? 0.0
</system-out></testcase><testcase classname="parsyfiles.tests.pytest_integration.test_pytest" file="parsyfiles/tests/pytest_integration/test_pytest.py" line="18" name="test_simple_objects[test_diff_2]" time="0.010482072830200195"><system-out>Executing Parsing Plan for [/home/travis/build/smarie/python-parsyfiles/parsyfiles/tests/pytest_integration/../parsing_capabilities_by_type/objects_data/test1/test_diff_2]
(P) /home/travis/build/smarie/python-parsyfiles/parsyfiles/tests/pytest_integration/../parsing_capabilities_by_type/objects_data/test1/test_diff_2.ini -&gt; ExecOpTest ------- using $&lt;read_config&gt; =&gt; &lt;merge_all_config_sections_into_a_single_dict&gt; -&gt; &lt;dict_to_object&gt;$
(P)                                                                                                                                 |--test_diff_2.ini -&gt; ExecOpTest SUCCESS !
Completed parsing successfully
0.0 - 1.0 =? -1.0
</system-out></testcase><testcase classname="parsyfiles.tests.pytest_integration.test_pytest" file="parsyfiles/tests/pytest_integration/test_pytest.py" line="18" name="test_simple_objects[test_diff_3]" time="0.007945775985717773"><system-out>Executing Parsing Plan for [/home/travis/build/smarie/python-parsyfiles/parsyfiles/tests/pytest_integration/../parsing_capabilities_by_type/objects_data/test1/test_diff_3]
(P) /home/travis/build/smarie/python-parsyfiles/parsyfiles/tests/pytest_integration/../parsing_capabilities_by_type/objects_data/test1/test_diff_3 -&gt; ExecOpTest ------- using Multifile Object parser (parsyfiles defaults)
(P)                                                                                                                                             |--expected_result.txt -&gt; float ------- using $&lt;read_str_from_txt&gt; =&gt; &lt;str_to_float&gt;$
(P)                                                                                                                                             |--expected_result.txt -&gt; float SUCCESS !
(P)                                                                                                                                             |--op.txt -&gt; str ------- using &lt;read_str_from_txt&gt;
(P)                                                                                                                                             |--op.txt -&gt; str SUCCESS !
(P)                                                                                                                                             |--x.txt -&gt; float ------- using $&lt;read_str_from_txt&gt; =&gt; &lt;str_to_float&gt;$
(P)                                                                                                                                             |--x.txt -&gt; float SUCCESS !
(P)                                                                                                                                             |--y.txt -&gt; float ------- using $&lt;read_str_from_txt&gt; =&gt; &lt;str_to_float&gt;$
(P)                                                                                                                                             |--y.txt -&gt; float SUCCESS !
(P)                                                                                                                                 |--test_diff_3 -&gt; ExecOpTest SUCCESS !
Completed parsing successfully
6.0 - 1.0 =? 5.0
</system-out></testcase><testcase classname="parsyfiles.tests.pytest_integration.test_pytest" file="parsyfiles/tests/pytest_integration/test_pytest.py" line="18" name="test_simple_objects[test_diff_3_csv_format]" time="0.016921520233154297"><system-out>Executing Parsing Plan for [/home/travis/build/smarie/python-parsyfiles/parsyfiles/tests/pytest_integration/../parsing_capabilities_by_type/objects_data/test1/test_diff_3_csv_format]
(P) /home/travis/build/smarie/python-parsyfiles/parsyfiles/tests/pytest_integration/../parsing_capabilities_by_type/objects_data/test1/test_diff_3_csv_format.txt -&gt; ExecOpTest ------- using $&lt;read_dict_from_properties&gt; =&gt; &lt;dict_to_object&gt;$
                                                                                                                                     ! CAUGHT: InvalidAttributeNameForConstructorError - Cannot parse object of type &lt;ExecOpTest&gt; using the provided configuration file: configuration contains a property name (&apos;5,4,-,1&apos;)that is not an attribute of the object constructor. &lt;ExecOpTest&gt; constructor attributes are : [&apos;y&apos;, &apos;op&apos;, &apos;x&apos;, &apos;expected_result&apos;]
(B)                                                                                                                                 |--test_diff_3_csv_format.txt -&gt; ExecOpTest ------- using $&lt;read_str_from_txt&gt; =&gt; &lt;constructor_with_str_arg&gt;$
Executing Parsing Plan for [/home/travis/build/smarie/python-parsyfiles/parsyfiles/tests/pytest_integration/../parsing_capabilities_by_type/objects_data/test1/test_diff_3_csv_format]
(P) /home/travis/build/smarie/python-parsyfiles/parsyfiles/tests/pytest_integration/../parsing_capabilities_by_type/objects_data/test1/test_diff_3_csv_format.txt -&gt; ExecOpTest ------- using $&lt;read_str_from_txt&gt; =&gt; &lt;constructor_with_str_arg&gt;$
  !! Caught error during execution !!
  File &quot;/home/travis/build/smarie/python-parsyfiles/parsyfiles/converting_core.py&quot;, line 532, in _convert
    raise CaughtTypeError.create(self.conversion_method, e)
  File &quot;/home/travis/build/smarie/python-parsyfiles/parsyfiles/converting_core.py&quot;, line 524, in _convert
    return self.conversion_method(desired_type, source_obj, logger, **opts)
  File &quot;/home/travis/build/smarie/python-parsyfiles/parsyfiles/plugins_base/support_for_primitive_types.py&quot;, line 111, in constructor_with_str_arg
    return desired_type(source)
  CaughtTypeError : Caught TypeError while calling conversion function &apos;constructor_with_str_arg&apos;. Note that the conversion function signature should be &apos;def my_convert_fun(desired_type: Type[T], source: S, logger: Logger, **kwargs) -&gt; T&apos; (unpacked options mode - default) or def my_convert_fun(desired_type: Type[T], source: S, logger: Logger, options: Dict[str, Dict[str, Any]]) -&gt; T (unpack_options = False).Caught error message is : TypeError : __init__() missing 3 required positional arguments: &apos;y&apos;, &apos;op&apos;, and &apos;expected_result&apos;
(B)                                                                                                                                 |--test_diff_3_csv_format.txt -&gt; ExecOpTest ------- using $&lt;read_str_from_txt&gt; =&gt; &lt;base64_ascii_str_pickle_to_object&gt;$
Executing Parsing Plan for [/home/travis/build/smarie/python-parsyfiles/parsyfiles/tests/pytest_integration/../parsing_capabilities_by_type/objects_data/test1/test_diff_3_csv_format]
(P) /home/travis/build/smarie/python-parsyfiles/parsyfiles/tests/pytest_integration/../parsing_capabilities_by_type/objects_data/test1/test_diff_3_csv_format.txt -&gt; ExecOpTest ------- using $&lt;read_str_from_txt&gt; =&gt; &lt;base64_ascii_str_pickle_to_object&gt;$
  !! Caught error during execution !!
  File &quot;/home/travis/build/smarie/python-parsyfiles/parsyfiles/converting_core.py&quot;, line 524, in _convert
    return self.conversion_method(desired_type, source_obj, logger, **opts)
  File &quot;/home/travis/build/smarie/python-parsyfiles/parsyfiles/plugins_base/support_for_objects.py&quot;, line 56, in base64_ascii_str_pickle_to_object
    return pickle.loads(base64.b64decode(b64_ascii_str), fix_imports=True, encoding=&quot;ASCII&quot;, errors=&quot;strict&quot;)
  File &quot;/home/travis/virtualenv/python3.5.5/lib/python3.5/base64.py&quot;, line 88, in b64decode
    return binascii.a2b_base64(s)
  Error : Incorrect padding
(B)                                                                                                                                 |--test_diff_3_csv_format.txt -&gt; ExecOpTest ------- using $&lt;read_df_or_series_from_csv&gt; =&gt; &lt;single_row_or_col_df_to_dict&gt; -&gt; &lt;dict_to_object&gt;$
Executing Parsing Plan for [/home/travis/build/smarie/python-parsyfiles/parsyfiles/tests/pytest_integration/../parsing_capabilities_by_type/objects_data/test1/test_diff_3_csv_format]
(P) /home/travis/build/smarie/python-parsyfiles/parsyfiles/tests/pytest_integration/../parsing_capabilities_by_type/objects_data/test1/test_diff_3_csv_format.txt -&gt; ExecOpTest ------- using $&lt;read_df_or_series_from_csv&gt; =&gt; &lt;single_row_or_col_df_to_dict&gt; -&gt; &lt;dict_to_object&gt;$
(P)                                                                                                                                 |--test_diff_3_csv_format.txt -&gt; ExecOpTest SUCCESS !
Completed parsing successfully
5.0 - 4.0 =? 1.0
</system-out></testcase><testcase classname="parsyfiles.tests.pytest_integration.test_pytest" file="parsyfiles/tests/pytest_integration/test_pytest.py" line="18" name="test_simple_objects[test_diff_4_csv_format2]" time="0.01801443099975586"><system-out>Executing Parsing Plan for [/home/travis/build/smarie/python-parsyfiles/parsyfiles/tests/pytest_integration/../parsing_capabilities_by_type/objects_data/test1/test_diff_4_csv_format2]
(P) /home/travis/build/smarie/python-parsyfiles/parsyfiles/tests/pytest_integration/../parsing_capabilities_by_type/objects_data/test1/test_diff_4_csv_format2.txt -&gt; ExecOpTest ------- using $&lt;read_dict_from_properties&gt; =&gt; &lt;dict_to_object&gt;$
                                                                                                                                     ! CAUGHT: InvalidAttributeNameForConstructorError - Cannot parse object of type &lt;ExecOpTest&gt; using the provided configuration file: configuration contains a property name (&apos;x,4&apos;)that is not an attribute of the object constructor. &lt;ExecOpTest&gt; constructor attributes are : [&apos;y&apos;, &apos;op&apos;, &apos;x&apos;, &apos;expected_result&apos;]
(B)                                                                                                                                 |--test_diff_4_csv_format2.txt -&gt; ExecOpTest ------- using $&lt;read_str_from_txt&gt; =&gt; &lt;constructor_with_str_arg&gt;$
Executing Parsing Plan for [/home/travis/build/smarie/python-parsyfiles/parsyfiles/tests/pytest_integration/../parsing_capabilities_by_type/objects_data/test1/test_diff_4_csv_format2]
(P) /home/travis/build/smarie/python-parsyfiles/parsyfiles/tests/pytest_integration/../parsing_capabilities_by_type/objects_data/test1/test_diff_4_csv_format2.txt -&gt; ExecOpTest ------- using $&lt;read_str_from_txt&gt; =&gt; &lt;constructor_with_str_arg&gt;$
  !! Caught error during execution !!
  File &quot;/home/travis/build/smarie/python-parsyfiles/parsyfiles/converting_core.py&quot;, line 532, in _convert
    raise CaughtTypeError.create(self.conversion_method, e)
  File &quot;/home/travis/build/smarie/python-parsyfiles/parsyfiles/converting_core.py&quot;, line 524, in _convert
    return self.conversion_method(desired_type, source_obj, logger, **opts)
  File &quot;/home/travis/build/smarie/python-parsyfiles/parsyfiles/plugins_base/support_for_primitive_types.py&quot;, line 111, in constructor_with_str_arg
    return desired_type(source)
  CaughtTypeError : Caught TypeError while calling conversion function &apos;constructor_with_str_arg&apos;. Note that the conversion function signature should be &apos;def my_convert_fun(desired_type: Type[T], source: S, logger: Logger, **kwargs) -&gt; T&apos; (unpacked options mode - default) or def my_convert_fun(desired_type: Type[T], source: S, logger: Logger, options: Dict[str, Dict[str, Any]]) -&gt; T (unpack_options = False).Caught error message is : TypeError : __init__() missing 3 required positional arguments: &apos;y&apos;, &apos;op&apos;, and &apos;expected_result&apos;
(B)                                                                                                                                 |--test_diff_4_csv_format2.txt -&gt; ExecOpTest ------- using $&lt;read_str_from_txt&gt; =&gt; &lt;base64_ascii_str_pickle_to_object&gt;$
Executing Parsing Plan for [/home/travis/build/smarie/python-parsyfiles/parsyfiles/tests/pytest_integration/../parsing_capabilities_by_type/objects_data/test1/test_diff_4_csv_format2]
(P) /home/travis/build/smarie/python-parsyfiles/parsyfiles/tests/pytest_integration/../parsing_capabilities_by_type/objects_data/test1/test_diff_4_csv_format2.txt -&gt; ExecOpTest ------- using $&lt;read_str_from_txt&gt; =&gt; &lt;base64_ascii_str_pickle_to_object&gt;$
  !! Caught error during execution !!
  File &quot;/home/travis/build/smarie/python-parsyfiles/parsyfiles/converting_core.py&quot;, line 524, in _convert
    return self.conversion_method(desired_type, source_obj, logger, **opts)
  File &quot;/home/travis/build/smarie/python-parsyfiles/parsyfiles/plugins_base/support_for_objects.py&quot;, line 56, in base64_ascii_str_pickle_to_object
    return pickle.loads(base64.b64decode(b64_ascii_str), fix_imports=True, encoding=&quot;ASCII&quot;, errors=&quot;strict&quot;)
  File &quot;/home/travis/virtualenv/python3.5.5/lib/python3.5/base64.py&quot;, line 88, in b64decode
    return binascii.a2b_base64(s)
  Error : Incorrect padding
(B)                                                                                                                                 |--test_diff_4_csv_format2.txt -&gt; ExecOpTest ------- using $&lt;read_df_or_series_from_csv&gt; =&gt; &lt;single_row_or_col_df_to_dict&gt; -&gt; &lt;dict_to_object&gt;$
Executing Parsing Plan for [/home/travis/build/smarie/python-parsyfiles/parsyfiles/tests/pytest_integration/../parsing_capabilities_by_type/objects_data/test1/test_diff_4_csv_format2]
(P) /home/travis/build/smarie/python-parsyfiles/parsyfiles/tests/pytest_integration/../parsing_capabilities_by_type/objects_data/test1/test_diff_4_csv_format2.txt -&gt; ExecOpTest ------- using $&lt;read_df_or_series_from_csv&gt; =&gt; &lt;single_row_or_col_df_to_dict&gt; -&gt; &lt;dict_to_object&gt;$
(P)                                                                                                                                 |--test_diff_4_csv_format2.txt -&gt; ExecOpTest SUCCESS !
Completed parsing successfully
4.0 - 4.0 =? 0.0
</system-out></testcase><testcase classname="parsyfiles.tests.pytest_integration.test_pytest" file="parsyfiles/tests/pytest_integration/test_pytest.py" line="18" name="test_simple_objects[test_sum_1]" time="0.010265827178955078"><system-out>Executing Parsing Plan for [/home/travis/build/smarie/python-parsyfiles/parsyfiles/tests/pytest_integration/../parsing_capabilities_by_type/objects_data/test1/test_sum_1]
(P) /home/travis/build/smarie/python-parsyfiles/parsyfiles/tests/pytest_integration/../parsing_capabilities_by_type/objects_data/test1/test_sum_1.json -&gt; ExecOpTest ------- using $&lt;read_dict_or_list_from_json&gt; =&gt; &lt;dict_to_object&gt;$
(P)                                                                                                                                 |--test_sum_1.json -&gt; ExecOpTest SUCCESS !
Completed parsing successfully
1.0 + 2.0 =? 3.0
</system-out></testcase><testcase classname="parsyfiles.tests.pytest_integration.test_pytest" file="parsyfiles/tests/pytest_integration/test_pytest.py" line="18" name="test_simple_objects[test_sum_2]" time="0.010454654693603516"><system-out>Executing Parsing Plan for [/home/travis/build/smarie/python-parsyfiles/parsyfiles/tests/pytest_integration/../parsing_capabilities_by_type/objects_data/test1/test_sum_2]
(P) /home/travis/build/smarie/python-parsyfiles/parsyfiles/tests/pytest_integration/../parsing_capabilities_by_type/objects_data/test1/test_sum_2.properties -&gt; ExecOpTest ------- using $&lt;read_dict_from_properties&gt; =&gt; &lt;dict_to_object&gt;$
(P)                                                                                                                                 |--test_sum_2.properties -&gt; ExecOpTest SUCCESS !
Completed parsing successfully
0.0 + 1.0 =? 1.0
</system-out></testcase><testcase classname="parsyfiles.tests.pytest_integration.test_pytest" file="parsyfiles/tests/pytest_integration/test_pytest.py" line="18" name="test_simple_objects[test_sum_3_properties_format]" time="0.009233236312866211"><system-out>Executing Parsing Plan for [/home/travis/build/smarie/python-parsyfiles/parsyfiles/tests/pytest_integration/../parsing_capabilities_by_type/objects_data/test1/test_sum_3_properties_format]
(P) /home/travis/build/smarie/python-parsyfiles/parsyfiles/tests/pytest_integration/../parsing_capabilities_by_type/objects_data/test1/test_sum_3_properties_format.txt -&gt; ExecOpTest ------- using $&lt;read_dict_from_properties&gt; =&gt; &lt;dict_to_object&gt;$
(P)                                                                                                                                 |--test_sum_3_properties_format.txt -&gt; ExecOpTest SUCCESS !
Completed parsing successfully
1.0 + 1.0 =? 2.0
</system-out></testcase><testcase classname="parsyfiles.tests.pytest_integration.test_pytest" file="parsyfiles/tests/pytest_integration/test_pytest.py" line="18" name="test_simple_objects[test_sum_3_with_inner_b64_pickle]" time="0.011441707611083984"><system-out>Executing Parsing Plan for [/home/travis/build/smarie/python-parsyfiles/parsyfiles/tests/pytest_integration/../parsing_capabilities_by_type/objects_data/test1/test_sum_3_with_inner_b64_pickle]
(P) /home/travis/build/smarie/python-parsyfiles/parsyfiles/tests/pytest_integration/../parsing_capabilities_by_type/objects_data/test1/test_sum_3_with_inner_b64_pickle.txt -&gt; ExecOpTest ------- using $&lt;read_dict_from_properties&gt; =&gt; &lt;dict_to_object&gt;$
(P)                                                                                                                                 |--test_sum_3_with_inner_b64_pickle.txt -&gt; ExecOpTest SUCCESS !
Completed parsing successfully
1.0 + 1.0 =? 2.0
</system-out></testcase><testcase classname="parsyfiles.tests.pytest_integration.test_pytest" file="parsyfiles/tests/pytest_integration/test_pytest.py" line="18" name="test_simple_objects[test_sum_4]" time="0.0139923095703125"><system-out>Executing Parsing Plan for [/home/travis/build/smarie/python-parsyfiles/parsyfiles/tests/pytest_integration/../parsing_capabilities_by_type/objects_data/test1/test_sum_4]
(P) /home/travis/build/smarie/python-parsyfiles/parsyfiles/tests/pytest_integration/../parsing_capabilities_by_type/objects_data/test1/test_sum_4.yaml -&gt; ExecOpTest ------- using &lt;read_object_from_yaml&gt;
                                                                                                                                     ! CAUGHT: WrongTypeCreatedError - Error while parsing /home/travis/build/smarie/python-parsyfiles/parsyfiles/tests/pytest_integration/../parsing_capabilities_by_type/objects_data/test1/test_sum_4 (singlefile, .yaml) as a ExecOpTest with parser &lt;read_object_from_yaml&gt; using options=({&apos;MultifileCollectionParser&apos;: {&apos;lazy_parsing&apos;: True}}) - parser returned an object of wrong type &lt;class &apos;dict&apos;&gt;: {&apos;y&apos;: 5, &apos;op&apos;: &apos;+&apos;, &apos;x&apos;: 2, &apos;expected_result&apos;: 7}
(B)                                                                                                                                 |--test_sum_4.yaml -&gt; ExecOpTest ------- using $&lt;read_collection_from_yaml&gt; =&gt; &lt;dict_to_object&gt;$
Executing Parsing Plan for [/home/travis/build/smarie/python-parsyfiles/parsyfiles/tests/pytest_integration/../parsing_capabilities_by_type/objects_data/test1/test_sum_4]
(P) /home/travis/build/smarie/python-parsyfiles/parsyfiles/tests/pytest_integration/../parsing_capabilities_by_type/objects_data/test1/test_sum_4.yaml -&gt; ExecOpTest ------- using $&lt;read_collection_from_yaml&gt; =&gt; &lt;dict_to_object&gt;$
(P)                                                                                                                                 |--test_sum_4.yaml -&gt; ExecOpTest SUCCESS !
Completed parsing successfully
2.0 + 5.0 =? 7.0
</system-out></testcase><testcase classname="parsyfiles.tests.pytest_integration.test_pytest" file="parsyfiles/tests/pytest_integration/test_pytest.py" line="18" name="test_simple_objects[test_sum_5]" time="0.015597343444824219"><system-out>Executing Parsing Plan for [/home/travis/build/smarie/python-parsyfiles/parsyfiles/tests/pytest_integration/../parsing_capabilities_by_type/objects_data/test1/test_sum_5]
(P) /home/travis/build/smarie/python-parsyfiles/parsyfiles/tests/pytest_integration/../parsing_capabilities_by_type/objects_data/test1/test_sum_5.yaml -&gt; ExecOpTest ------- using &lt;read_object_from_yaml&gt;
                                                                                                                                     ! CAUGHT: WrongTypeCreatedError - Error while parsing /home/travis/build/smarie/python-parsyfiles/parsyfiles/tests/pytest_integration/../parsing_capabilities_by_type/objects_data/test1/test_sum_5 (singlefile, .yaml) as a ExecOpTest with parser &lt;read_object_from_yaml&gt; using options=({&apos;MultifileCollectionParser&apos;: {&apos;lazy_parsing&apos;: True}}) - parser returned an object of wrong type &lt;class &apos;dict&apos;&gt;: {&apos;y&apos;: 5, &apos;op&apos;: &apos;+&apos;, &apos;x&apos;: 1, &apos;expected_result&apos;: 6}
(B)                                                                                                                                 |--test_sum_5.yaml -&gt; ExecOpTest ------- using $&lt;read_collection_from_yaml&gt; =&gt; &lt;dict_to_object&gt;$
Executing Parsing Plan for [/home/travis/build/smarie/python-parsyfiles/parsyfiles/tests/pytest_integration/../parsing_capabilities_by_type/objects_data/test1/test_sum_5]
(P) /home/travis/build/smarie/python-parsyfiles/parsyfiles/tests/pytest_integration/../parsing_capabilities_by_type/objects_data/test1/test_sum_5.yaml -&gt; ExecOpTest ------- using $&lt;read_collection_from_yaml&gt; =&gt; &lt;dict_to_object&gt;$
(P)                                                                                                                                 |--test_sum_5.yaml -&gt; ExecOpTest SUCCESS !
Completed parsing successfully
1.0 + 5.0 =? 6.0
</system-out></testcase><testcase classname="parsyfiles.tests.pytest_integration.test_pytest" file="parsyfiles/tests/pytest_integration/test_pytest.py" line="18" name="test_simple_objects[test_sum_6]" time="0.018250703811645508"><system-out>Executing Parsing Plan for [/home/travis/build/smarie/python-parsyfiles/parsyfiles/tests/pytest_integration/../parsing_capabilities_by_type/objects_data/test1/test_sum_6]
(P) /home/travis/build/smarie/python-parsyfiles/parsyfiles/tests/pytest_integration/../parsing_capabilities_by_type/objects_data/test1/test_sum_6.xlsx -&gt; ExecOpTest ------- using $&lt;read_dataframe_from_xls&gt; =&gt; &lt;single_row_or_col_df_to_dict&gt; -&gt; &lt;dict_to_object&gt;$
(P)                                                                                                                                 |--test_sum_6.xlsx -&gt; ExecOpTest SUCCESS !
Completed parsing successfully
56.0 + 13.0 =? 69.0
</system-out></testcase><testcase classname="parsyfiles.tests.pytest_integration.test_pytest" file="parsyfiles/tests/pytest_integration/test_pytest.py" line="18" name="test_simple_objects[test_sum_7]" time="0.017576932907104492"><system-out>Executing Parsing Plan for [/home/travis/build/smarie/python-parsyfiles/parsyfiles/tests/pytest_integration/../parsing_capabilities_by_type/objects_data/test1/test_sum_7]
(P) /home/travis/build/smarie/python-parsyfiles/parsyfiles/tests/pytest_integration/../parsing_capabilities_by_type/objects_data/test1/test_sum_7.xlsm -&gt; ExecOpTest ------- using $&lt;read_dataframe_from_xls&gt; =&gt; &lt;single_row_or_col_df_to_dict&gt; -&gt; &lt;dict_to_object&gt;$
(P)                                                                                                                                 |--test_sum_7.xlsm -&gt; ExecOpTest SUCCESS !
Completed parsing successfully
56.0 + 14.0 =? 70.0
</system-out></testcase><testcase classname="parsyfiles.tests.pytest_integration.test_pytest" file="parsyfiles/tests/pytest_integration/test_pytest.py" line="18" name="test_simple_objects[test_sum_8]" time="0.022756576538085938"><system-out>Executing Parsing Plan for [/home/travis/build/smarie/python-parsyfiles/parsyfiles/tests/pytest_integration/../parsing_capabilities_by_type/objects_data/test1/test_sum_8]
(P) /home/travis/build/smarie/python-parsyfiles/parsyfiles/tests/pytest_integration/../parsing_capabilities_by_type/objects_data/test1/test_sum_8.xls -&gt; ExecOpTest ------- using $&lt;read_dataframe_from_xls&gt; =&gt; &lt;single_row_or_col_df_to_dict&gt; -&gt; &lt;dict_to_object&gt;$
(P)                                                                                                                                 |--test_sum_8.xls -&gt; ExecOpTest SUCCESS !
Completed parsing successfully
56.0 + 12.0 =? 68.0
</system-out></testcase><testcase classname="parsyfiles.tests.unittests.test_type_inspection_tools" file="parsyfiles/tests/unittests/test_type_inspection_tools.py" line="36" name="test_robust_isinstance[r-&lt;class &apos;str&apos;&gt;-True]" time="0.003482818603515625"></testcase><testcase classname="parsyfiles.tests.unittests.test_type_inspection_tools" file="parsyfiles/tests/unittests/test_type_inspection_tools.py" line="36" name="test_robust_isinstance[r-&lt;class &apos;int&apos;&gt;-False]" time="0.003244161605834961"></testcase><testcase classname="parsyfiles.tests.unittests.test_type_inspection_tools" file="parsyfiles/tests/unittests/test_type_inspection_tools.py" line="36" name="test_robust_isinstance[[]-typing.List-True]" time="0.003569364547729492"></testcase><testcase classname="parsyfiles.tests.unittests.test_type_inspection_tools" file="parsyfiles/tests/unittests/test_type_inspection_tools.py" line="36" name="test_robust_isinstance[[]-typing.Set-False]" time="0.0037267208099365234"></testcase><testcase classname="parsyfiles.tests.unittests.test_type_inspection_tools" file="parsyfiles/tests/unittests/test_type_inspection_tools.py" line="36" name="test_robust_isinstance[{1: 2}-typing.Dict-True]" time="0.0030622482299804688"></testcase><testcase classname="parsyfiles.tests.unittests.test_type_inspection_tools" file="parsyfiles/tests/unittests/test_type_inspection_tools.py" line="36" name="test_robust_isinstance[set()-typing.Set-True]" time="0.002156972885131836"></testcase><testcase classname="parsyfiles.tests.unittests.test_type_inspection_tools" file="parsyfiles/tests/unittests/test_type_inspection_tools.py" line="36" name="test_robust_isinstance[~T-typing.TypeVar-True]" time="0.004496574401855469"></testcase><testcase classname="parsyfiles.tests.unittests.test_type_inspection_tools" file="parsyfiles/tests/unittests/test_type_inspection_tools.py" line="36" name="test_robust_isinstance[~T-&lt;class &apos;str&apos;&gt;-False]" time="0.0034101009368896484"></testcase><testcase classname="parsyfiles.tests.unittests.test_type_inspection_tools" file="parsyfiles/tests/unittests/test_type_inspection_tools.py" line="36" name="test_robust_isinstance[(1, 2)-typing.Tuple-True]" time="0.0034024715423583984"></testcase><testcase classname="parsyfiles.tests.unittests.test_type_inspection_tools" file="parsyfiles/tests/unittests/test_type_inspection_tools.py" line="36" name="test_robust_isinstance[[]-typing.Union[typing.Any, str]-True]" time="0.0028638839721679688"></testcase><testcase classname="parsyfiles.tests.unittests.test_type_inspection_tools" file="parsyfiles/tests/unittests/test_type_inspection_tools.py" line="36" name="test_robust_isinstance[&lt;function &lt;lambda&gt; at 0x7f33d4e3df28&gt;-typing.Callable-True]" time="0.003905057907104492"></testcase><testcase classname="parsyfiles.tests.unittests.test_type_inspection_tools" file="parsyfiles/tests/unittests/test_type_inspection_tools.py" line="36" name="test_robust_isinstance[&lt;function &lt;lambda&gt; at 0x7f33d4b98488&gt;-typing.Tuple-False]" time="0.0034034252166748047"></testcase><testcase classname="parsyfiles.tests.unittests.test_type_inspection_tools" file="parsyfiles/tests/unittests/test_type_inspection_tools.py" line="36" name="test_robust_isinstance[(1, 2)-typing.Tuple[numbers.Integral, numbers.Integral]-True]" time="0.004040241241455078"></testcase><testcase classname="parsyfiles.tests.unittests.test_type_inspection_tools" file="parsyfiles/tests/unittests/test_type_inspection_tools.py" line="36" name="test_robust_isinstance[(1, 2)-typing.Tuple[str, str]-True]" time="0.0052490234375"></testcase><testcase classname="parsyfiles.tests.unittests.test_type_inspection_tools" file="parsyfiles/tests/unittests/test_type_inspection_tools.py" line="36" name="test_robust_isinstance[[&apos;r&apos;, None]-typing.List[str]-True]" time="0.0036568641662597656"></testcase><testcase classname="parsyfiles.tests.unittests.test_type_inspection_tools" file="parsyfiles/tests/unittests/test_type_inspection_tools.py" line="36" name="test_robust_isinstance[{1: 2}-typing.Dict[typing.Any, typing.Any]-True]" time="0.0038094520568847656"></testcase><testcase classname="parsyfiles.tests.unittests.test_type_inspection_tools" file="parsyfiles/tests/unittests/test_type_inspection_tools.py" line="36" name="test_robust_isinstance[{1: 2}-typing.Set[typing.Any]-False]" time="0.0033881664276123047"></testcase><testcase classname="parsyfiles.tests.unittests.test_type_inspection_tools" file="parsyfiles/tests/unittests/test_type_inspection_tools.py" line="36" name="test_robust_isinstance[set()-typing.Set[str]-True]" time="0.002987384796142578"></testcase><testcase classname="parsyfiles.tests.unittests.test_type_inspection_tools" file="parsyfiles/tests/unittests/test_type_inspection_tools.py" line="62" name="test_get_base_generic_type[&lt;class &apos;str&apos;&gt;-&lt;class &apos;str&apos;&gt;]" time="0.0025238990783691406"></testcase><testcase classname="parsyfiles.tests.unittests.test_type_inspection_tools" file="parsyfiles/tests/unittests/test_type_inspection_tools.py" line="62" name="test_get_base_generic_type[&lt;class &apos;int&apos;&gt;-&lt;class &apos;int&apos;&gt;]" time="0.0022847652435302734"></testcase><testcase classname="parsyfiles.tests.unittests.test_type_inspection_tools" file="parsyfiles/tests/unittests/test_type_inspection_tools.py" line="62" name="test_get_base_generic_type[typing.Dict-typing.Dict]" time="0.0034952163696289062"></testcase><testcase classname="parsyfiles.tests.unittests.test_type_inspection_tools" file="parsyfiles/tests/unittests/test_type_inspection_tools.py" line="62" name="test_get_base_generic_type[typing.List-typing.List]" time="0.0030896663665771484"></testcase><testcase classname="parsyfiles.tests.unittests.test_type_inspection_tools" file="parsyfiles/tests/unittests/test_type_inspection_tools.py" line="62" name="test_get_base_generic_type[typing.Set-typing.Set]" time="0.0033729076385498047"></testcase><testcase classname="parsyfiles.tests.unittests.test_type_inspection_tools" file="parsyfiles/tests/unittests/test_type_inspection_tools.py" line="62" name="test_get_base_generic_type[typing.Tuple-typing.Tuple]" time="0.0030400753021240234"></testcase><testcase classname="parsyfiles.tests.unittests.test_type_inspection_tools" file="parsyfiles/tests/unittests/test_type_inspection_tools.py" line="62" name="test_get_base_generic_type[typing.Dict[str, int]-typing.Dict]" time="0.0024139881134033203"></testcase><testcase classname="parsyfiles.tests.unittests.test_type_inspection_tools" file="parsyfiles/tests/unittests/test_type_inspection_tools.py" line="62" name="test_get_base_generic_type[typing.List[typing.List[str]]-typing.List]" time="0.0019016265869140625"></testcase><testcase classname="parsyfiles.tests.unittests.test_type_inspection_tools" file="parsyfiles/tests/unittests/test_type_inspection_tools.py" line="62" name="test_get_base_generic_type[typing.Set[str]-typing.Set]" time="0.0031549930572509766"></testcase><testcase classname="parsyfiles.tests.unittests.test_type_inspection_tools" file="parsyfiles/tests/unittests/test_type_inspection_tools.py" line="62" name="test_get_base_generic_type[typing.Tuple[int, str]-typing.Tuple]" time="0.004021883010864258"></testcase><testcase classname="parsyfiles.tests.unittests.test_type_inspection_tools" file="parsyfiles/tests/unittests/test_type_inspection_tools.py" line="62" name="test_get_base_generic_type[typing.Any-typing.Any]" time="0.0028769969940185547"></testcase><testcase classname="parsyfiles.tests.unittests.test_type_inspection_tools" file="parsyfiles/tests/unittests/test_type_inspection_tools.py" line="62" name="test_get_base_generic_type[typing.Union-typing.Union]" time="0.003701925277709961"></testcase><testcase classname="parsyfiles.tests.unittests.test_type_inspection_tools" file="parsyfiles/tests/unittests/test_type_inspection_tools.py" line="62" name="test_get_base_generic_type[typing.Union[typing.Any, NoneType]-typing.Union]" time="0.003368854522705078"></testcase><testcase classname="parsyfiles.tests.unittests.test_type_inspection_tools" file="parsyfiles/tests/unittests/test_type_inspection_tools.py" line="118" name="test_is_collection[&lt;class &apos;str&apos;&gt;-True-False]" time="0.003178834915161133"></testcase><testcase classname="parsyfiles.tests.unittests.test_type_inspection_tools" file="parsyfiles/tests/unittests/test_type_inspection_tools.py" line="118" name="test_is_collection[&lt;class &apos;int&apos;&gt;-False-False]" time="0.003597259521484375"></testcase><testcase classname="parsyfiles.tests.unittests.test_type_inspection_tools" file="parsyfiles/tests/unittests/test_type_inspection_tools.py" line="118" name="test_is_collection[&lt;class &apos;list&apos;&gt;-True-True]" time="0.0034859180450439453"></testcase><testcase classname="parsyfiles.tests.unittests.test_type_inspection_tools" file="parsyfiles/tests/unittests/test_type_inspection_tools.py" line="118" name="test_is_collection[&lt;class &apos;list&apos;&gt;-False-True]" time="0.003989696502685547"></testcase><testcase classname="parsyfiles.tests.unittests.test_type_inspection_tools" file="parsyfiles/tests/unittests/test_type_inspection_tools.py" line="118" name="test_is_collection[&lt;class &apos;set&apos;&gt;-True-True]" time="0.0019333362579345703"></testcase><testcase classname="parsyfiles.tests.unittests.test_type_inspection_tools" file="parsyfiles/tests/unittests/test_type_inspection_tools.py" line="118" name="test_is_collection[&lt;class &apos;dict&apos;&gt;-True-True]" time="0.0034952163696289062"></testcase><testcase classname="parsyfiles.tests.unittests.test_type_inspection_tools" file="parsyfiles/tests/unittests/test_type_inspection_tools.py" line="118" name="test_is_collection[&lt;class &apos;tuple&apos;&gt;-True-True]" time="0.0018534660339355469"></testcase><testcase classname="parsyfiles.tests.unittests.test_type_inspection_tools" file="parsyfiles/tests/unittests/test_type_inspection_tools.py" line="118" name="test_is_collection[typing.Dict-True-True]" time="0.003416776657104492"></testcase><testcase classname="parsyfiles.tests.unittests.test_type_inspection_tools" file="parsyfiles/tests/unittests/test_type_inspection_tools.py" line="118" name="test_is_collection[typing.List-True-True]" time="0.002674102783203125"></testcase><testcase classname="parsyfiles.tests.unittests.test_type_inspection_tools" file="parsyfiles/tests/unittests/test_type_inspection_tools.py" line="118" name="test_is_collection[typing.Set-True-True]" time="0.0030295848846435547"></testcase><testcase classname="parsyfiles.tests.unittests.test_type_inspection_tools" file="parsyfiles/tests/unittests/test_type_inspection_tools.py" line="118" name="test_is_collection[typing.Tuple-True-True]" time="0.0033524036407470703"></testcase><testcase classname="parsyfiles.tests.unittests.test_type_inspection_tools" file="parsyfiles/tests/unittests/test_type_inspection_tools.py" line="118" name="test_is_collection[typing.Dict[str, int]-True-True]" time="0.003204822540283203"></testcase><testcase classname="parsyfiles.tests.unittests.test_type_inspection_tools" file="parsyfiles/tests/unittests/test_type_inspection_tools.py" line="118" name="test_is_collection[typing.List[typing.List[str]]-True-True]" time="0.0032455921173095703"></testcase><testcase classname="parsyfiles.tests.unittests.test_type_inspection_tools" file="parsyfiles/tests/unittests/test_type_inspection_tools.py" line="118" name="test_is_collection[typing.Set[str]-True-True]" time="0.003824472427368164"></testcase><testcase classname="parsyfiles.tests.unittests.test_type_inspection_tools" file="parsyfiles/tests/unittests/test_type_inspection_tools.py" line="118" name="test_is_collection[typing.Tuple[int, str]-True-True]" time="0.0033273696899414062"></testcase><testcase classname="parsyfiles.tests.unittests.test_type_inspection_tools" file="parsyfiles/tests/unittests/test_type_inspection_tools.py" line="118" name="test_is_collection[&lt;class &apos;test_type_inspection_tools.MyDict&apos;&gt;-True-False]" time="0.003309011459350586"></testcase><testcase classname="parsyfiles.tests.unittests.test_type_inspection_tools" file="parsyfiles/tests/unittests/test_type_inspection_tools.py" line="118" name="test_is_collection[&lt;class &apos;test_type_inspection_tools.MyDict&apos;&gt;-False-True]" time="0.003566741943359375"></testcase><testcase classname="parsyfiles.tests.unittests.test_type_inspection_tools" file="parsyfiles/tests/unittests/test_type_inspection_tools.py" line="118" name="test_is_collection[test_type_inspection_tools.MyDict2-True-False]" time="0.0031321048736572266"></testcase><testcase classname="parsyfiles.tests.unittests.test_type_inspection_tools" file="parsyfiles/tests/unittests/test_type_inspection_tools.py" line="118" name="test_is_collection[test_type_inspection_tools.MyDict2-False-True]" time="0.0033333301544189453"></testcase><testcase classname="parsyfiles.tests.unittests.test_type_inspection_tools" file="parsyfiles/tests/unittests/test_type_inspection_tools.py" line="118" name="test_is_collection[test_type_inspection_tools.MyDict3-True-False]" time="0.003097057342529297"></testcase><testcase classname="parsyfiles.tests.unittests.test_type_inspection_tools" file="parsyfiles/tests/unittests/test_type_inspection_tools.py" line="118" name="test_is_collection[test_type_inspection_tools.MyDict3-False-True]" time="0.0027799606323242188"></testcase><testcase classname="parsyfiles.tests.unittests.test_type_inspection_tools" file="parsyfiles/tests/unittests/test_type_inspection_tools.py" line="118" name="test_is_collection[test_type_inspection_tools.MyDict4-True-False]" time="0.003087282180786133"></testcase><testcase classname="parsyfiles.tests.unittests.test_type_inspection_tools" file="parsyfiles/tests/unittests/test_type_inspection_tools.py" line="118" name="test_is_collection[test_type_inspection_tools.MyDict4-False-True]" time="0.0031614303588867188"></testcase><testcase classname="parsyfiles.tests.unittests.test_type_inspection_tools" file="parsyfiles/tests/unittests/test_type_inspection_tools.py" line="118" name="test_is_collection[typing.Any-False-False]" time="0.00561070442199707"></testcase><testcase classname="parsyfiles.tests.unittests.test_type_inspection_tools" file="parsyfiles/tests/unittests/test_type_inspection_tools.py" line="118" name="test_is_collection[typing.Union-False-False]" time="0.002068758010864258"></testcase><testcase classname="parsyfiles.tests.unittests.test_type_inspection_tools" file="parsyfiles/tests/unittests/test_type_inspection_tools.py" line="118" name="test_is_collection[typing.Union[typing.Any, NoneType]-False-False]" time="0.002454042434692383"></testcase><testcase classname="parsyfiles.tests.unittests.test_type_inspection_tools" file="parsyfiles/tests/unittests/test_type_inspection_tools.py" line="133" name="test__extract_collection_base_type[typing.Dict[str, int]-(&lt;class &apos;int&apos;&gt;, &lt;class &apos;str&apos;&gt;)]" time="0.002502918243408203"></testcase><testcase classname="parsyfiles.tests.unittests.test_type_inspection_tools" file="parsyfiles/tests/unittests/test_type_inspection_tools.py" line="133" name="test__extract_collection_base_type[typing.Set[int]-(&lt;class &apos;int&apos;&gt;, None)]" time="0.0029449462890625"></testcase><testcase classname="parsyfiles.tests.unittests.test_type_inspection_tools" file="parsyfiles/tests/unittests/test_type_inspection_tools.py" line="133" name="test__extract_collection_base_type[typing.List[int]-(&lt;class &apos;int&apos;&gt;, None)]" time="0.0020294189453125"></testcase><testcase classname="parsyfiles.tests.unittests.test_type_inspection_tools" file="parsyfiles/tests/unittests/test_type_inspection_tools.py" line="133" name="test__extract_collection_base_type[typing.Tuple[int, str]-((&lt;class &apos;int&apos;&gt;, &lt;class &apos;str&apos;&gt;), None)]" time="0.003274679183959961"></testcase><testcase classname="parsyfiles.tests.unittests.test_type_inspection_tools" file="parsyfiles/tests/unittests/test_type_inspection_tools.py" line="133" name="test__extract_collection_base_type[typing.Dict[str, typing.Tuple[int, str]]-(typing.Tuple[int, str], &lt;class &apos;str&apos;&gt;)]" time="0.002543926239013672"></testcase><testcase classname="parsyfiles.tests.unittests.test_type_inspection_tools" file="parsyfiles/tests/unittests/test_type_inspection_tools.py" line="133" name="test__extract_collection_base_type[typing.Tuple[typing.Dict[str, int], typing.List[int], typing.Set[int], typing.Tuple[str, int, str]]-((typing.Dict[str, int], typing.List[int], typing.Set[int], typing.Tuple[str, int, str]), None)]" time="0.0032396316528320312"></testcase><testcase classname="parsyfiles.tests.unittests.test_type_inspection_tools" file="parsyfiles/tests/unittests/test_type_inspection_tools.py" line="138" name="test_get_alternate_types_resolving_forwardref_union_and_typevar" time="0.00927281379699707"></testcase><testcase classname="parsyfiles.tests.unittests.test_type_inspection_tools" file="parsyfiles/tests/unittests/test_type_inspection_tools.py" line="145" name="test_get_subclasses_simple" time="0.0020999908447265625"></testcase><testcase classname="parsyfiles.tests.unittests.test_type_inspection_tools" file="parsyfiles/tests/unittests/test_type_inspection_tools.py" line="162" name="test_get_subclasses_generic" time="0.009450435638427734"><failure message="assert [test_type_in...ntirelyParam2] == [test_type_ins...ntirelyParam2]
  Left contains more items, first extra item: test_type_inspection_tools.test_get_subclasses_generic.&lt;locals&gt;.EntirelyParam2
  Full diff:
  [test_type_inspection_tools.test_get_subclasses_generic.&lt;locals&gt;.FullUnparam2,
  test_type_inspection_tools.test_get_subclasses_generic.&lt;locals&gt;.HalfParam,
  test_type_inspection_tools.test_get_subclasses_generic.&lt;locals&gt;.EntirelyParam,
  -  test_type_inspection_tools.test_get_subclasses_generic.&lt;locals&gt;.EntirelyParam2,
  test_type_inspection_tools.test_get_subclasses_generic.&lt;locals&gt;.EntirelyParam2]">def test_get_subclasses_generic():
        &quot;&quot;&quot; Tests that the method to get all subclasses works even in Generic cases &quot;&quot;&quot;
    
        from typing import TypeVar, Generic
    
        T = TypeVar(&apos;T&apos;, covariant=True)
        U = TypeVar(&apos;U&apos;, covariant=True)
    
        class FullUnparam(Generic[T, U]):
            pass
    
        class FullUnparam2(FullUnparam):
            pass
    
        class HalfParam(FullUnparam[T, int]):
            pass
    
        class EntirelyParam(FullUnparam[str, int]):
            pass
    
        class EntirelyParam2(HalfParam[str]):
            pass
    
        # def get_all_subclasses(cls):
        #     from pytypes.type_util import _find_base_with_origin
        #     from pytypes import is_subtype
        #     orig = _find_base_with_origin(cls, object)
        #     res = cls.__subclasses__()
        #     if not orig is None and hasattr(orig, &quot;__origin__&quot;) and not orig.__origin__ is None:
        #         candidates = orig.__origin__.__subclasses__()
        #         for candidate in candidates:
        #             if candidate != cls and is_subtype(candidate, cls):
        #                 res.append(candidate)
        #     return res
    
        # This works with FullUnparam.__subclasses__() today
&gt;       assert get_all_subclasses(FullUnparam) == [FullUnparam2,  HalfParam, EntirelyParam, EntirelyParam2]  # EntirelyParam2 is missing
E       assert [test_type_in...ntirelyParam2] == [test_type_ins...ntirelyParam2]
E         Left contains more items, first extra item: test_type_inspection_tools.test_get_subclasses_generic.&lt;locals&gt;.EntirelyParam2
E         Full diff:
E         [test_type_inspection_tools.test_get_subclasses_generic.&lt;locals&gt;.FullUnparam2,
E         test_type_inspection_tools.test_get_subclasses_generic.&lt;locals&gt;.HalfParam,
E         test_type_inspection_tools.test_get_subclasses_generic.&lt;locals&gt;.EntirelyParam,
E         -  test_type_inspection_tools.test_get_subclasses_generic.&lt;locals&gt;.EntirelyParam2,
E         test_type_inspection_tools.test_get_subclasses_generic.&lt;locals&gt;.EntirelyParam2]

parsyfiles/tests/unittests/test_type_inspection_tools.py:199: AssertionError</failure></testcase><testcase classname="parsyfiles.tests.unittests.test_type_inspection_tools" file="parsyfiles/tests/unittests/test_type_inspection_tools.py" line="216" name="test_get_subclasses_nonparam_dict" time="0.09806585311889648"></testcase></testsuite>