<?xml version="1.0" encoding="utf-8"?><testsuite errors="1" failures="0" name="pytest" skips="0" tests="1" time="2.215"><testcase classname="" file="parsyfiles/tests/pytest_integration/test_pytest.py" name="parsyfiles.tests.pytest_integration.test_pytest" time="0"><error message="collection failure">parsyfiles/tests/pytest_integration/test_pytest.py:16: in &lt;module&gt;
    lazy_mfcollection_parsing=True)
parsyfiles/parsing_fw.py:419: in parse_collection
    file_mapping_conf=file_mapping_conf, options=opts)
parsyfiles/parsing_fw.py:251: in parse_collection
    return self._parse__item(collection_type, item_file_prefix, file_mapping_conf, options=options)
parsyfiles/parsing_fw.py:301: in _parse__item
    pp = self.create_parsing_plan(item_type, obj, logger=self.logger)
parsyfiles/parsing_core.py:292: in create_parsing_plan
    pp = self._create_parsing_plan(desired_type, filesystem_object, logger, log_only_last=(not _main_call))
parsyfiles/parsing_registries.py:658: in _create_parsing_plan
    return combined_parser.create_parsing_plan(t, filesystem_object, logger)
parsyfiles/parsing_core.py:292: in create_parsing_plan
    pp = self._create_parsing_plan(desired_type, filesystem_object, logger, log_only_last=(not _main_call))
parsyfiles/parsing_core.py:319: in _create_parsing_plan
    return AnyParser._RecursiveParsingPlan(desired_type, filesystem_object, self, logger)
parsyfiles/parsing_core.py:253: in __init__
    raise e.with_traceback(e.__traceback__)
parsyfiles/parsing_core.py:246: in __init__
    logger=logger)
parsyfiles/plugins_base/support_for_collections.py:304: in _get_parsing_plan_for_multifile_children
    _main_call=False)
parsyfiles/parsing_core.py:292: in create_parsing_plan
    pp = self._create_parsing_plan(desired_type, filesystem_object, logger, log_only_last=(not _main_call))
parsyfiles/parsing_core.py:319: in _create_parsing_plan
    return AnyParser._RecursiveParsingPlan(desired_type, filesystem_object, self, logger)
parsyfiles/parsing_core.py:253: in __init__
    raise e.with_traceback(e.__traceback__)
parsyfiles/parsing_core.py:246: in __init__
    logger=logger)
parsyfiles/plugins_base/support_for_objects.py:603: in _get_parsing_plan_for_multifile_children
    raise main_e.with_traceback(main_e.__traceback__)
parsyfiles/plugins_base/support_for_objects.py:598: in _get_parsing_plan_for_multifile_children
    logger=logger)
parsyfiles/plugins_base/support_for_objects.py:662: in __get_parsing_plan_for_multifile_children
    raise MissingMandatoryAttributeFiles.create(obj_on_fs, desired_type, attribute_name)
E   parsyfiles.plugins_base.support_for_objects.MissingMandatoryAttributeFiles: Multifile object /home/travis/build/smarie/python-parsyfiles/parsyfiles/tests/pytest_integration/../parsing_capabilities_by_type/objects_data/test1 (multifile) cannot be built from constructor of type ExecOpTest, mandatory constructor argument &apos;expected_result&apos;was not found on filesystem</error></testcase></testsuite>