<?xml version="1.0" encoding="utf-8"?><testsuite errors="1" failures="0" name="pytest" skips="0" tests="1" time="1.946"><testcase classname="" file="parsyfiles/tests/unittests/test_type_inspection_tools.py" name="parsyfiles.tests.unittests.test_type_inspection_tools" time="0"><error message="collection failure">ImportError while importing test module &apos;/home/travis/build/smarie/python-parsyfiles/parsyfiles/tests/unittests/test_type_inspection_tools.py&apos;.
Hint: make sure your test modules/packages have valid Python names.
Traceback:
parsyfiles/tests/unittests/test_type_inspection_tools.py:6: in &lt;module&gt;
    from type_inspection_tools import robust_isinstance, get_base_generic_type, is_collection, _extract_collection_base_type
E   ImportError: No module named &apos;type_inspection_tools&apos;</error></testcase></testsuite>