<?xml version="1.0" encoding="utf-8"?><testsuite errors="0" failures="1" name="pytest" skips="1" tests="258" time="28.741"><testcase classname="parsyfiles.tests.combining_parsers_converters.test_default_instance" file="parsyfiles/tests/combining_parsers_converters/test_default_instance.py" line="50" name="test_copy" time="0.0377657413482666"></testcase><testcase classname="parsyfiles.tests.combining_parsers_converters.test_default_instance" file="parsyfiles/tests/combining_parsers_converters/test_default_instance.py" line="55" name="test_deep_copy" time="0.0379641056060791"></testcase><testcase classname="parsyfiles.tests.combining_parsers_converters.test_default_instance" file="parsyfiles/tests/combining_parsers_converters/test_default_instance.py" line="60" name="test_get_all_parsers" time="0.07835912704467773"><system-out>
127 Root parser parsers:
[$&lt;read_config&gt; =&gt; &lt;config_to_dict_of_dict&gt; -&gt; &lt;dict_to_object&gt;$,
 $&lt;read_config&gt; =&gt; &lt;config_to_dict_of_dict&gt; -&gt; &lt;dict_of_dict_to_object&gt;$,
 $&lt;read_config&gt; =&gt; &lt;merge_all_config_sections_into_a_single_dict&gt; -&gt; &lt;dict_to_object&gt;$,
 $&lt;read_dataframe_from_xls&gt; =&gt; &lt;single_row_or_col_df_to_dict&gt; -&gt; &lt;dict_to_object&gt;$,
 $&lt;read_df_or_series_from_csv&gt; =&gt; &lt;single_row_or_col_df_to_dict&gt; -&gt; &lt;dict_to_object&gt;$,
 $&lt;read_str_from_txt&gt; =&gt; &lt;base64_ascii_str_pickle_to_object&gt;$,
 $&lt;read_collection_from_yaml&gt; =&gt; &lt;dict_to_object&gt;$,
 $&lt;read_str_from_txt&gt; =&gt; &lt;constructor_with_str_arg&gt;$,
 $&lt;read_dict_or_list_from_json&gt; =&gt; &lt;dict_to_object&gt;$,
 $&lt;read_dict_from_properties&gt; =&gt; &lt;dict_to_object&gt;$,
 &lt;read_object_from_pickle&gt;,
 Multifile Object parser (parsyfiles defaults),
 &lt;read_object_from_yaml&gt;,
 $&lt;read_object_from_pickle&gt; =&gt; &lt;config_to_dict_of_dict&gt; -&gt; &lt;dict_to_df&gt; -&gt; &lt;single_row_or_col_df_to_series&gt;$,
 $&lt;read_object_from_pickle&gt; =&gt; &lt;merge_all_config_sections_into_a_single_dict&gt; -&gt; &lt;dict_to_df&gt; -&gt; &lt;single_row_or_col_df_to_series&gt;$,
 $Multifile Object parser (parsyfiles defaults) =&gt; &lt;config_to_dict_of_dict&gt; -&gt; &lt;dict_to_df&gt; -&gt; &lt;single_row_or_col_df_to_series&gt;$,
 $Multifile Object parser (parsyfiles defaults) =&gt; &lt;merge_all_config_sections_into_a_single_dict&gt; -&gt; &lt;dict_to_df&gt; -&gt; &lt;single_row_or_col_df_to_series&gt;$,
 $&lt;read_object_from_yaml&gt; =&gt; &lt;config_to_dict_of_dict&gt; -&gt; &lt;dict_to_df&gt; -&gt; &lt;single_row_or_col_df_to_series&gt;$,
 $&lt;read_object_from_yaml&gt; =&gt; &lt;merge_all_config_sections_into_a_single_dict&gt; -&gt; &lt;dict_to_df&gt; -&gt; &lt;single_row_or_col_df_to_series&gt;$,
 $&lt;read_config&gt; =&gt; &lt;config_to_dict_of_dict&gt; -&gt; &lt;dict_to_df&gt; -&gt; &lt;single_row_or_col_df_to_series&gt;$,
 $&lt;read_config&gt; =&gt; &lt;merge_all_config_sections_into_a_single_dict&gt; -&gt; &lt;dict_to_df&gt; -&gt; &lt;single_row_or_col_df_to_series&gt;$,
 $&lt;read_str_from_txt&gt; =&gt; &lt;base64_ascii_str_pickle_to_object&gt; -&gt; &lt;str_to_int&gt;$,
 $&lt;read_str_from_txt&gt; =&gt; &lt;base64_ascii_str_pickle_to_object&gt; -&gt; &lt;float_to_int&gt;$,
 $&lt;read_str_from_txt&gt; =&gt; &lt;base64_ascii_str_pickle_to_object&gt; -&gt; &lt;bool_to_int&gt;$,
 $&lt;read_str_from_txt&gt; =&gt; &lt;base64_ascii_str_pickle_to_object&gt; -&gt; &lt;str_to_float&gt;$,
 $&lt;read_str_from_txt&gt; =&gt; &lt;base64_ascii_str_pickle_to_object&gt; -&gt; &lt;int_to_float&gt;$,
 $&lt;read_str_from_txt&gt; =&gt; &lt;base64_ascii_str_pickle_to_object&gt; -&gt; &lt;bool_to_float&gt;$,
 $&lt;read_str_from_txt&gt; =&gt; &lt;base64_ascii_str_pickle_to_object&gt; -&gt; &lt;str_to_bool&gt;$,
 $&lt;read_str_from_txt&gt; =&gt; &lt;base64_ascii_str_pickle_to_object&gt; -&gt; &lt;int_to_bool&gt;$,
 $&lt;read_str_from_txt&gt; =&gt; &lt;base64_ascii_str_pickle_to_object&gt; -&gt; &lt;float_to_bool&gt;$,
 $&lt;read_str_from_txt&gt; =&gt; &lt;base64_ascii_str_pickle_to_object&gt; -&gt; &lt;list_to_set&gt;$,
 $&lt;read_str_from_txt&gt; =&gt; &lt;base64_ascii_str_pickle_to_object&gt; -&gt; &lt;list_to_tuple&gt;$,
 $&lt;read_collection_from_yaml&gt; =&gt; &lt;dict_to_df&gt; -&gt; &lt;single_row_or_col_df_to_series&gt;$,
 $&lt;read_object_from_pickle&gt; =&gt; &lt;config_to_dict_of_dict&gt; -&gt; &lt;dict_to_df&gt;$,
 $&lt;read_object_from_pickle&gt; =&gt; &lt;merge_all_config_sections_into_a_single_dict&gt; -&gt; &lt;dict_to_df&gt;$,
 $&lt;read_object_from_pickle&gt; =&gt; &lt;dict_to_df&gt; -&gt; &lt;single_row_or_col_df_to_series&gt;$,
 $Multifile Object parser (parsyfiles defaults) =&gt; &lt;config_to_dict_of_dict&gt; -&gt; &lt;dict_to_df&gt;$,
 $Multifile Object parser (parsyfiles defaults) =&gt; &lt;merge_all_config_sections_into_a_single_dict&gt; -&gt; &lt;dict_to_df&gt;$,
 $Multifile Object parser (parsyfiles defaults) =&gt; &lt;dict_to_df&gt; -&gt; &lt;single_row_or_col_df_to_series&gt;$,
 $&lt;read_object_from_yaml&gt; =&gt; &lt;config_to_dict_of_dict&gt; -&gt; &lt;dict_to_df&gt;$,
 $&lt;read_object_from_yaml&gt; =&gt; &lt;merge_all_config_sections_into_a_single_dict&gt; -&gt; &lt;dict_to_df&gt;$,
 $&lt;read_object_from_yaml&gt; =&gt; &lt;dict_to_df&gt; -&gt; &lt;single_row_or_col_df_to_series&gt;$,
 $&lt;read_dict_or_list_from_json&gt; =&gt; &lt;dict_to_df&gt; -&gt; &lt;single_row_or_col_df_to_series&gt;$,
 $&lt;read_config&gt; =&gt; &lt;config_to_dict_of_dict&gt; -&gt; &lt;dict_to_df&gt;$,
 $&lt;read_config&gt; =&gt; &lt;merge_all_config_sections_into_a_single_dict&gt; -&gt; &lt;dict_to_df&gt;$,
 $&lt;read_dict_from_properties&gt; =&gt; &lt;dict_to_df&gt; -&gt; &lt;single_row_or_col_df_to_series&gt;$,
 $&lt;read_dict_or_list_from_json&gt; =&gt; &lt;list_to_set&gt;$,
 $&lt;read_dict_or_list_from_json&gt; =&gt; &lt;list_to_tuple&gt;$,
 $&lt;read_collection_from_yaml&gt; =&gt; &lt;dict_to_df&gt;$,
 $&lt;read_object_from_pickle&gt; =&gt; &lt;str_to_int&gt;$,
 $&lt;read_object_from_pickle&gt; =&gt; &lt;float_to_int&gt;$,
 $&lt;read_object_from_pickle&gt; =&gt; &lt;bool_to_int&gt;$,
 $&lt;read_object_from_pickle&gt; =&gt; &lt;str_to_float&gt;$,
 $&lt;read_object_from_pickle&gt; =&gt; &lt;int_to_float&gt;$,
 $&lt;read_object_from_pickle&gt; =&gt; &lt;bool_to_float&gt;$,
 $&lt;read_object_from_pickle&gt; =&gt; &lt;str_to_bool&gt;$,
 $&lt;read_object_from_pickle&gt; =&gt; &lt;int_to_bool&gt;$,
 $&lt;read_object_from_pickle&gt; =&gt; &lt;float_to_bool&gt;$,
 $&lt;read_object_from_pickle&gt; =&gt; &lt;int_to_string&gt;$,
 $&lt;read_object_from_pickle&gt; =&gt; &lt;float_to_string&gt;$,
 $&lt;read_object_from_pickle&gt; =&gt; &lt;bool_to_string&gt;$,
 $&lt;read_object_from_pickle&gt; =&gt; &lt;list_to_set&gt;$,
 $&lt;read_object_from_pickle&gt; =&gt; &lt;list_to_tuple&gt;$,
 $&lt;read_object_from_pickle&gt; =&gt; &lt;config_to_dict_of_dict&gt;$,
 $&lt;read_object_from_pickle&gt; =&gt; &lt;merge_all_config_sections_into_a_single_dict&gt;$,
 $&lt;read_object_from_pickle&gt; =&gt; &lt;single_row_or_col_df_to_dict&gt;$,
 $&lt;read_object_from_pickle&gt; =&gt; &lt;dict_to_df&gt;$,
 $&lt;read_object_from_pickle&gt; =&gt; &lt;single_row_or_col_df_to_series&gt;$,
 $Multifile Object parser (parsyfiles defaults) =&gt; &lt;str_to_int&gt;$,
 $Multifile Object parser (parsyfiles defaults) =&gt; &lt;float_to_int&gt;$,
 $Multifile Object parser (parsyfiles defaults) =&gt; &lt;bool_to_int&gt;$,
 $Multifile Object parser (parsyfiles defaults) =&gt; &lt;str_to_float&gt;$,
 $Multifile Object parser (parsyfiles defaults) =&gt; &lt;int_to_float&gt;$,
 $Multifile Object parser (parsyfiles defaults) =&gt; &lt;bool_to_float&gt;$,
 $Multifile Object parser (parsyfiles defaults) =&gt; &lt;str_to_bool&gt;$,
 $Multifile Object parser (parsyfiles defaults) =&gt; &lt;int_to_bool&gt;$,
 $Multifile Object parser (parsyfiles defaults) =&gt; &lt;float_to_bool&gt;$,
 $Multifile Object parser (parsyfiles defaults) =&gt; &lt;int_to_string&gt;$,
 $Multifile Object parser (parsyfiles defaults) =&gt; &lt;float_to_string&gt;$,
 $Multifile Object parser (parsyfiles defaults) =&gt; &lt;bool_to_string&gt;$,
 $Multifile Object parser (parsyfiles defaults) =&gt; &lt;list_to_set&gt;$,
 $Multifile Object parser (parsyfiles defaults) =&gt; &lt;list_to_tuple&gt;$,
 $Multifile Object parser (parsyfiles defaults) =&gt; &lt;config_to_dict_of_dict&gt;$,
 $Multifile Object parser (parsyfiles defaults) =&gt; &lt;merge_all_config_sections_into_a_single_dict&gt;$,
 $Multifile Object parser (parsyfiles defaults) =&gt; &lt;single_row_or_col_df_to_dict&gt;$,
 $Multifile Object parser (parsyfiles defaults) =&gt; &lt;dict_to_df&gt;$,
 $Multifile Object parser (parsyfiles defaults) =&gt; &lt;single_row_or_col_df_to_series&gt;$,
 $&lt;read_object_from_yaml&gt; =&gt; &lt;str_to_int&gt;$,
 $&lt;read_object_from_yaml&gt; =&gt; &lt;float_to_int&gt;$,
 $&lt;read_object_from_yaml&gt; =&gt; &lt;bool_to_int&gt;$,
 $&lt;read_object_from_yaml&gt; =&gt; &lt;str_to_float&gt;$,
 $&lt;read_object_from_yaml&gt; =&gt; &lt;int_to_float&gt;$,
 $&lt;read_object_from_yaml&gt; =&gt; &lt;bool_to_float&gt;$,
 $&lt;read_object_from_yaml&gt; =&gt; &lt;str_to_bool&gt;$,
 $&lt;read_object_from_yaml&gt; =&gt; &lt;int_to_bool&gt;$,
 $&lt;read_object_from_yaml&gt; =&gt; &lt;float_to_bool&gt;$,
 $&lt;read_object_from_yaml&gt; =&gt; &lt;int_to_string&gt;$,
 $&lt;read_object_from_yaml&gt; =&gt; &lt;float_to_string&gt;$,
 $&lt;read_object_from_yaml&gt; =&gt; &lt;bool_to_string&gt;$,
 $&lt;read_object_from_yaml&gt; =&gt; &lt;list_to_set&gt;$,
 $&lt;read_object_from_yaml&gt; =&gt; &lt;list_to_tuple&gt;$,
 $&lt;read_object_from_yaml&gt; =&gt; &lt;config_to_dict_of_dict&gt;$,
 $&lt;read_object_from_yaml&gt; =&gt; &lt;merge_all_config_sections_into_a_single_dict&gt;$,
 $&lt;read_object_from_yaml&gt; =&gt; &lt;single_row_or_col_df_to_dict&gt;$,
 $&lt;read_object_from_yaml&gt; =&gt; &lt;dict_to_df&gt;$,
 $&lt;read_object_from_yaml&gt; =&gt; &lt;single_row_or_col_df_to_series&gt;$,
 $&lt;read_str_from_txt&gt; =&gt; &lt;str_to_int&gt;$,
 $&lt;read_str_from_txt&gt; =&gt; &lt;str_to_float&gt;$,
 $&lt;read_str_from_txt&gt; =&gt; &lt;str_to_bool&gt;$,
 $&lt;read_dict_or_list_from_json&gt; =&gt; &lt;dict_to_df&gt;$,
 $&lt;read_config&gt; =&gt; &lt;config_to_dict_of_dict&gt;$,
 $&lt;read_config&gt; =&gt; &lt;merge_all_config_sections_into_a_single_dict&gt;$,
 $&lt;read_dict_from_properties&gt; =&gt; &lt;dict_to_df&gt;$,
 $&lt;read_collection_from_yaml&gt; =&gt; &lt;list_to_set&gt;$,
 $&lt;read_collection_from_yaml&gt; =&gt; &lt;list_to_tuple&gt;$,
 $&lt;read_dataframe_from_xls&gt; =&gt; &lt;single_row_or_col_df_to_dict&gt;$,
 $&lt;read_dataframe_from_xls&gt; =&gt; &lt;single_row_or_col_df_to_series&gt;$,
 $&lt;read_df_or_series_from_csv&gt; =&gt; &lt;single_row_or_col_df_to_dict&gt;$,
 $&lt;read_df_or_series_from_csv&gt; =&gt; &lt;single_row_or_col_df_to_series&gt;$,
 &lt;read_str_from_txt&gt;,
 &lt;read_dict_or_list_from_json&gt;,
 Multifile Collection parser (parsyfiles defaults),
 &lt;read_config&gt;,
 &lt;read_dict_from_properties&gt;,
 &lt;read_collection_from_yaml&gt;,
 &lt;read_dataframe_from_xls&gt;,
 &lt;read_df_or_series_from_csv&gt;]
</system-out></testcase><testcase classname="parsyfiles.tests.combining_parsers_converters.test_default_instance" file="parsyfiles/tests/combining_parsers_converters/test_default_instance.py" line="73" name="test_option_hints" time="0.07772588729858398"><system-out>Testing option hints for parsing chain
read_config: No declared option
config_to_dict_of_dict: No declared option
dict_to_object: No declared option

</system-out></testcase><testcase classname="parsyfiles.tests.combining_parsers_converters.test_default_instance" file="parsyfiles/tests/combining_parsers_converters/test_default_instance.py" line="81" name="test_get_all_conversion_chains" time="0.03261756896972656"><system-out>
22(generic) + 200(specific) Root parser converters:
([$&lt;config_to_dict_of_dict&gt; -&gt; &lt;dict_to_object&gt;$,
  $&lt;config_to_dict_of_dict&gt; -&gt; &lt;dict_of_dict_to_object&gt;$,
  $&lt;merge_all_config_sections_into_a_single_dict&gt; -&gt; &lt;dict_to_object&gt;$,
  $&lt;single_row_or_col_df_to_dict&gt; -&gt; &lt;dict_to_object&gt;$,
  $&lt;constructor_with_str_arg&gt;$,
  $&lt;base64_ascii_str_pickle_to_object&gt;$,
  $&lt;dict_of_dict_to_object&gt;$,
  $&lt;dict_to_object&gt;$,
  $&lt;construct_from_bool_&gt;$,
  $&lt;construct_from_int8&gt;$,
  $&lt;construct_from_int16&gt;$,
  $&lt;construct_from_int32&gt;$,
  $&lt;construct_from_int64&gt;$,
  $&lt;construct_from_uint8&gt;$,
  $&lt;construct_from_uint16&gt;$,
  $&lt;construct_from_uint32&gt;$,
  $&lt;construct_from_uint64&gt;$,
  $&lt;construct_from_float16&gt;$,
  $&lt;construct_from_float32&gt;$,
  $&lt;construct_from_float64&gt;$,
  $&lt;construct_from_complex64&gt;$,
  $&lt;construct_from_complex128&gt;$],
 [],
 [$&lt;config_to_dict_of_dict&gt; -&gt; &lt;dict_to_df&gt; -&gt; &lt;single_row_or_col_df_to_series&gt;$,
  $&lt;config_to_dict_of_dict&gt; -&gt; &lt;dict_to_df&gt;$,
  $&lt;merge_all_config_sections_into_a_single_dict&gt; -&gt; &lt;dict_to_df&gt; -&gt; &lt;single_row_or_col_df_to_series&gt;$,
  $&lt;base64_ascii_str_pickle_to_object&gt; -&gt; &lt;str_to_int&gt;$,
  $&lt;base64_ascii_str_pickle_to_object&gt; -&gt; &lt;float_to_int&gt;$,
  $&lt;base64_ascii_str_pickle_to_object&gt; -&gt; &lt;bool_to_int&gt;$,
  $&lt;base64_ascii_str_pickle_to_object&gt; -&gt; &lt;str_to_float&gt;$,
  $&lt;base64_ascii_str_pickle_to_object&gt; -&gt; &lt;int_to_float&gt;$,
  $&lt;base64_ascii_str_pickle_to_object&gt; -&gt; &lt;bool_to_float&gt;$,
  $&lt;base64_ascii_str_pickle_to_object&gt; -&gt; &lt;str_to_bool&gt;$,
  $&lt;base64_ascii_str_pickle_to_object&gt; -&gt; &lt;int_to_bool&gt;$,
  $&lt;base64_ascii_str_pickle_to_object&gt; -&gt; &lt;float_to_bool&gt;$,
  $&lt;base64_ascii_str_pickle_to_object&gt; -&gt; &lt;int_to_string&gt;$,
  $&lt;base64_ascii_str_pickle_to_object&gt; -&gt; &lt;float_to_string&gt;$,
  $&lt;base64_ascii_str_pickle_to_object&gt; -&gt; &lt;bool_to_string&gt;$,
  $&lt;base64_ascii_str_pickle_to_object&gt; -&gt; &lt;list_to_set&gt;$,
  $&lt;base64_ascii_str_pickle_to_object&gt; -&gt; &lt;list_to_tuple&gt;$,
  $&lt;construct_from_bool_&gt; -&gt; &lt;str_to_int&gt;$,
  $&lt;construct_from_bool_&gt; -&gt; &lt;float_to_int&gt;$,
  $&lt;construct_from_bool_&gt; -&gt; &lt;bool_to_int&gt;$,
  $&lt;construct_from_bool_&gt; -&gt; &lt;str_to_float&gt;$,
  $&lt;construct_from_bool_&gt; -&gt; &lt;int_to_float&gt;$,
  $&lt;construct_from_bool_&gt; -&gt; &lt;bool_to_float&gt;$,
  $&lt;construct_from_bool_&gt; -&gt; &lt;str_to_bool&gt;$,
  $&lt;construct_from_bool_&gt; -&gt; &lt;int_to_bool&gt;$,
  $&lt;construct_from_bool_&gt; -&gt; &lt;float_to_bool&gt;$,
  $&lt;construct_from_bool_&gt; -&gt; &lt;int_to_string&gt;$,
  $&lt;construct_from_bool_&gt; -&gt; &lt;float_to_string&gt;$,
  $&lt;construct_from_bool_&gt; -&gt; &lt;bool_to_string&gt;$,
  $&lt;construct_from_int8&gt; -&gt; &lt;str_to_int&gt;$,
  $&lt;construct_from_int8&gt; -&gt; &lt;float_to_int&gt;$,
  $&lt;construct_from_int8&gt; -&gt; &lt;bool_to_int&gt;$,
  $&lt;construct_from_int8&gt; -&gt; &lt;str_to_float&gt;$,
  $&lt;construct_from_int8&gt; -&gt; &lt;int_to_float&gt;$,
  $&lt;construct_from_int8&gt; -&gt; &lt;bool_to_float&gt;$,
  $&lt;construct_from_int8&gt; -&gt; &lt;str_to_bool&gt;$,
  $&lt;construct_from_int8&gt; -&gt; &lt;int_to_bool&gt;$,
  $&lt;construct_from_int8&gt; -&gt; &lt;float_to_bool&gt;$,
  $&lt;construct_from_int8&gt; -&gt; &lt;int_to_string&gt;$,
  $&lt;construct_from_int8&gt; -&gt; &lt;float_to_string&gt;$,
  $&lt;construct_from_int8&gt; -&gt; &lt;bool_to_string&gt;$,
  $&lt;construct_from_int16&gt; -&gt; &lt;str_to_int&gt;$,
  $&lt;construct_from_int16&gt; -&gt; &lt;float_to_int&gt;$,
  $&lt;construct_from_int16&gt; -&gt; &lt;bool_to_int&gt;$,
  $&lt;construct_from_int16&gt; -&gt; &lt;str_to_float&gt;$,
  $&lt;construct_from_int16&gt; -&gt; &lt;int_to_float&gt;$,
  $&lt;construct_from_int16&gt; -&gt; &lt;bool_to_float&gt;$,
  $&lt;construct_from_int16&gt; -&gt; &lt;str_to_bool&gt;$,
  $&lt;construct_from_int16&gt; -&gt; &lt;int_to_bool&gt;$,
  $&lt;construct_from_int16&gt; -&gt; &lt;float_to_bool&gt;$,
  $&lt;construct_from_int16&gt; -&gt; &lt;int_to_string&gt;$,
  $&lt;construct_from_int16&gt; -&gt; &lt;float_to_string&gt;$,
  $&lt;construct_from_int16&gt; -&gt; &lt;bool_to_string&gt;$,
  $&lt;construct_from_int32&gt; -&gt; &lt;str_to_int&gt;$,
  $&lt;construct_from_int32&gt; -&gt; &lt;float_to_int&gt;$,
  $&lt;construct_from_int32&gt; -&gt; &lt;bool_to_int&gt;$,
  $&lt;construct_from_int32&gt; -&gt; &lt;str_to_float&gt;$,
  $&lt;construct_from_int32&gt; -&gt; &lt;int_to_float&gt;$,
  $&lt;construct_from_int32&gt; -&gt; &lt;bool_to_float&gt;$,
  $&lt;construct_from_int32&gt; -&gt; &lt;str_to_bool&gt;$,
  $&lt;construct_from_int32&gt; -&gt; &lt;int_to_bool&gt;$,
  $&lt;construct_from_int32&gt; -&gt; &lt;float_to_bool&gt;$,
  $&lt;construct_from_int32&gt; -&gt; &lt;int_to_string&gt;$,
  $&lt;construct_from_int32&gt; -&gt; &lt;float_to_string&gt;$,
  $&lt;construct_from_int32&gt; -&gt; &lt;bool_to_string&gt;$,
  $&lt;construct_from_int64&gt; -&gt; &lt;str_to_int&gt;$,
  $&lt;construct_from_int64&gt; -&gt; &lt;float_to_int&gt;$,
  $&lt;construct_from_int64&gt; -&gt; &lt;bool_to_int&gt;$,
  $&lt;construct_from_int64&gt; -&gt; &lt;str_to_float&gt;$,
  $&lt;construct_from_int64&gt; -&gt; &lt;int_to_float&gt;$,
  $&lt;construct_from_int64&gt; -&gt; &lt;bool_to_float&gt;$,
  $&lt;construct_from_int64&gt; -&gt; &lt;str_to_bool&gt;$,
  $&lt;construct_from_int64&gt; -&gt; &lt;int_to_bool&gt;$,
  $&lt;construct_from_int64&gt; -&gt; &lt;float_to_bool&gt;$,
  $&lt;construct_from_int64&gt; -&gt; &lt;int_to_string&gt;$,
  $&lt;construct_from_int64&gt; -&gt; &lt;float_to_string&gt;$,
  $&lt;construct_from_int64&gt; -&gt; &lt;bool_to_string&gt;$,
  $&lt;construct_from_uint8&gt; -&gt; &lt;str_to_int&gt;$,
  $&lt;construct_from_uint8&gt; -&gt; &lt;float_to_int&gt;$,
  $&lt;construct_from_uint8&gt; -&gt; &lt;bool_to_int&gt;$,
  $&lt;construct_from_uint8&gt; -&gt; &lt;str_to_float&gt;$,
  $&lt;construct_from_uint8&gt; -&gt; &lt;int_to_float&gt;$,
  $&lt;construct_from_uint8&gt; -&gt; &lt;bool_to_float&gt;$,
  $&lt;construct_from_uint8&gt; -&gt; &lt;str_to_bool&gt;$,
  $&lt;construct_from_uint8&gt; -&gt; &lt;int_to_bool&gt;$,
  $&lt;construct_from_uint8&gt; -&gt; &lt;float_to_bool&gt;$,
  $&lt;construct_from_uint8&gt; -&gt; &lt;int_to_string&gt;$,
  $&lt;construct_from_uint8&gt; -&gt; &lt;float_to_string&gt;$,
  $&lt;construct_from_uint8&gt; -&gt; &lt;bool_to_string&gt;$,
  $&lt;construct_from_uint16&gt; -&gt; &lt;str_to_int&gt;$,
  $&lt;construct_from_uint16&gt; -&gt; &lt;float_to_int&gt;$,
  $&lt;construct_from_uint16&gt; -&gt; &lt;bool_to_int&gt;$,
  $&lt;construct_from_uint16&gt; -&gt; &lt;str_to_float&gt;$,
  $&lt;construct_from_uint16&gt; -&gt; &lt;int_to_float&gt;$,
  $&lt;construct_from_uint16&gt; -&gt; &lt;bool_to_float&gt;$,
  $&lt;construct_from_uint16&gt; -&gt; &lt;str_to_bool&gt;$,
  $&lt;construct_from_uint16&gt; -&gt; &lt;int_to_bool&gt;$,
  $&lt;construct_from_uint16&gt; -&gt; &lt;float_to_bool&gt;$,
  $&lt;construct_from_uint16&gt; -&gt; &lt;int_to_string&gt;$,
  $&lt;construct_from_uint16&gt; -&gt; &lt;float_to_string&gt;$,
  $&lt;construct_from_uint16&gt; -&gt; &lt;bool_to_string&gt;$,
  $&lt;construct_from_uint32&gt; -&gt; &lt;str_to_int&gt;$,
  $&lt;construct_from_uint32&gt; -&gt; &lt;float_to_int&gt;$,
  $&lt;construct_from_uint32&gt; -&gt; &lt;bool_to_int&gt;$,
  $&lt;construct_from_uint32&gt; -&gt; &lt;str_to_float&gt;$,
  $&lt;construct_from_uint32&gt; -&gt; &lt;int_to_float&gt;$,
  $&lt;construct_from_uint32&gt; -&gt; &lt;bool_to_float&gt;$,
  $&lt;construct_from_uint32&gt; -&gt; &lt;str_to_bool&gt;$,
  $&lt;construct_from_uint32&gt; -&gt; &lt;int_to_bool&gt;$,
  $&lt;construct_from_uint32&gt; -&gt; &lt;float_to_bool&gt;$,
  $&lt;construct_from_uint32&gt; -&gt; &lt;int_to_string&gt;$,
  $&lt;construct_from_uint32&gt; -&gt; &lt;float_to_string&gt;$,
  $&lt;construct_from_uint32&gt; -&gt; &lt;bool_to_string&gt;$,
  $&lt;construct_from_uint64&gt; -&gt; &lt;str_to_int&gt;$,
  $&lt;construct_from_uint64&gt; -&gt; &lt;float_to_int&gt;$,
  $&lt;construct_from_uint64&gt; -&gt; &lt;bool_to_int&gt;$,
  $&lt;construct_from_uint64&gt; -&gt; &lt;str_to_float&gt;$,
  $&lt;construct_from_uint64&gt; -&gt; &lt;int_to_float&gt;$,
  $&lt;construct_from_uint64&gt; -&gt; &lt;bool_to_float&gt;$,
  $&lt;construct_from_uint64&gt; -&gt; &lt;str_to_bool&gt;$,
  $&lt;construct_from_uint64&gt; -&gt; &lt;int_to_bool&gt;$,
  $&lt;construct_from_uint64&gt; -&gt; &lt;float_to_bool&gt;$,
  $&lt;construct_from_uint64&gt; -&gt; &lt;int_to_string&gt;$,
  $&lt;construct_from_uint64&gt; -&gt; &lt;float_to_string&gt;$,
  $&lt;construct_from_uint64&gt; -&gt; &lt;bool_to_string&gt;$,
  $&lt;construct_from_float16&gt; -&gt; &lt;str_to_int&gt;$,
  $&lt;construct_from_float16&gt; -&gt; &lt;float_to_int&gt;$,
  $&lt;construct_from_float16&gt; -&gt; &lt;bool_to_int&gt;$,
  $&lt;construct_from_float16&gt; -&gt; &lt;str_to_float&gt;$,
  $&lt;construct_from_float16&gt; -&gt; &lt;int_to_float&gt;$,
  $&lt;construct_from_float16&gt; -&gt; &lt;bool_to_float&gt;$,
  $&lt;construct_from_float16&gt; -&gt; &lt;str_to_bool&gt;$,
  $&lt;construct_from_float16&gt; -&gt; &lt;int_to_bool&gt;$,
  $&lt;construct_from_float16&gt; -&gt; &lt;float_to_bool&gt;$,
  $&lt;construct_from_float16&gt; -&gt; &lt;int_to_string&gt;$,
  $&lt;construct_from_float16&gt; -&gt; &lt;float_to_string&gt;$,
  $&lt;construct_from_float16&gt; -&gt; &lt;bool_to_string&gt;$,
  $&lt;construct_from_float32&gt; -&gt; &lt;str_to_int&gt;$,
  $&lt;construct_from_float32&gt; -&gt; &lt;float_to_int&gt;$,
  $&lt;construct_from_float32&gt; -&gt; &lt;bool_to_int&gt;$,
  $&lt;construct_from_float32&gt; -&gt; &lt;str_to_float&gt;$,
  $&lt;construct_from_float32&gt; -&gt; &lt;int_to_float&gt;$,
  $&lt;construct_from_float32&gt; -&gt; &lt;bool_to_float&gt;$,
  $&lt;construct_from_float32&gt; -&gt; &lt;str_to_bool&gt;$,
  $&lt;construct_from_float32&gt; -&gt; &lt;int_to_bool&gt;$,
  $&lt;construct_from_float32&gt; -&gt; &lt;float_to_bool&gt;$,
  $&lt;construct_from_float32&gt; -&gt; &lt;int_to_string&gt;$,
  $&lt;construct_from_float32&gt; -&gt; &lt;float_to_string&gt;$,
  $&lt;construct_from_float32&gt; -&gt; &lt;bool_to_string&gt;$,
  $&lt;construct_from_float64&gt; -&gt; &lt;str_to_int&gt;$,
  $&lt;construct_from_float64&gt; -&gt; &lt;bool_to_int&gt;$,
  $&lt;construct_from_float64&gt; -&gt; &lt;str_to_bool&gt;$,
  $&lt;construct_from_float64&gt; -&gt; &lt;int_to_bool&gt;$,
  $&lt;construct_from_float64&gt; -&gt; &lt;int_to_string&gt;$,
  $&lt;construct_from_float64&gt; -&gt; &lt;bool_to_string&gt;$,
  $&lt;construct_from_complex64&gt; -&gt; &lt;str_to_int&gt;$,
  $&lt;construct_from_complex64&gt; -&gt; &lt;float_to_int&gt;$,
  $&lt;construct_from_complex64&gt; -&gt; &lt;bool_to_int&gt;$,
  $&lt;construct_from_complex64&gt; -&gt; &lt;str_to_float&gt;$,
  $&lt;construct_from_complex64&gt; -&gt; &lt;int_to_float&gt;$,
  $&lt;construct_from_complex64&gt; -&gt; &lt;bool_to_float&gt;$,
  $&lt;construct_from_complex64&gt; -&gt; &lt;str_to_bool&gt;$,
  $&lt;construct_from_complex64&gt; -&gt; &lt;int_to_bool&gt;$,
  $&lt;construct_from_complex64&gt; -&gt; &lt;float_to_bool&gt;$,
  $&lt;construct_from_complex64&gt; -&gt; &lt;int_to_string&gt;$,
  $&lt;construct_from_complex64&gt; -&gt; &lt;float_to_string&gt;$,
  $&lt;construct_from_complex64&gt; -&gt; &lt;bool_to_string&gt;$,
  $&lt;construct_from_complex128&gt; -&gt; &lt;str_to_int&gt;$,
  $&lt;construct_from_complex128&gt; -&gt; &lt;float_to_int&gt;$,
  $&lt;construct_from_complex128&gt; -&gt; &lt;bool_to_int&gt;$,
  $&lt;construct_from_complex128&gt; -&gt; &lt;str_to_float&gt;$,
  $&lt;construct_from_complex128&gt; -&gt; &lt;int_to_float&gt;$,
  $&lt;construct_from_complex128&gt; -&gt; &lt;bool_to_float&gt;$,
  $&lt;construct_from_complex128&gt; -&gt; &lt;str_to_bool&gt;$,
  $&lt;construct_from_complex128&gt; -&gt; &lt;int_to_bool&gt;$,
  $&lt;construct_from_complex128&gt; -&gt; &lt;float_to_bool&gt;$,
  $&lt;construct_from_complex128&gt; -&gt; &lt;int_to_string&gt;$,
  $&lt;construct_from_complex128&gt; -&gt; &lt;float_to_string&gt;$,
  $&lt;construct_from_complex128&gt; -&gt; &lt;bool_to_string&gt;$,
  $&lt;merge_all_config_sections_into_a_single_dict&gt; -&gt; &lt;dict_to_df&gt;$,
  $&lt;dict_to_df&gt; -&gt; &lt;single_row_or_col_df_to_series&gt;$,
  $&lt;str_to_int&gt;$,
  $&lt;float_to_int&gt;$,
  $&lt;bool_to_int&gt;$,
  $&lt;str_to_float&gt;$,
  $&lt;int_to_float&gt;$,
  $&lt;bool_to_float&gt;$,
  $&lt;str_to_bool&gt;$,
  $&lt;int_to_bool&gt;$,
  $&lt;float_to_bool&gt;$,
  $&lt;int_to_string&gt;$,
  $&lt;float_to_string&gt;$,
  $&lt;bool_to_string&gt;$,
  $&lt;list_to_set&gt;$,
  $&lt;list_to_tuple&gt;$,
  $&lt;config_to_dict_of_dict&gt;$,
  $&lt;merge_all_config_sections_into_a_single_dict&gt;$,
  $&lt;single_row_or_col_df_to_dict&gt;$,
  $&lt;dict_to_df&gt;$,
  $&lt;single_row_or_col_df_to_series&gt;$])
</system-out></testcase><testcase classname="parsyfiles.tests.combining_parsers_converters.test_default_instance" file="parsyfiles/tests/combining_parsers_converters/test_default_instance.py" line="101" name="test_get_all_supported_exts" time="0.07435727119445801"><system-out>
13 Root parser supported extensions:
{&apos;.cfg&apos;,
 &apos;.csv&apos;,
 &apos;.ini&apos;,
 &apos;.json&apos;,
 &apos;.properties&apos;,
 &apos;.pyc&apos;,
 &apos;.txt&apos;,
 &apos;.xls&apos;,
 &apos;.xlsm&apos;,
 &apos;.xlsx&apos;,
 &apos;.yaml&apos;,
 &apos;.yml&apos;,
 &apos;&lt;multifile&gt;&apos;}
</system-out></testcase><testcase classname="parsyfiles.tests.combining_parsers_converters.test_default_instance" file="parsyfiles/tests/combining_parsers_converters/test_default_instance.py" line="113" name="test_get_all_supported_types_pretty_str" time="0.06866979598999023"><system-out>
15 Root parser supported types:
{&apos;AnyObject&apos;,
 &apos;ConfigParser&apos;,
 &apos;DataFrame&apos;,
 &apos;Dict&apos;,
 &apos;DictOfDict&apos;,
 &apos;List&apos;,
 &apos;Series&apos;,
 &apos;Set&apos;,
 &apos;Tuple&apos;,
 &apos;bool&apos;,
 &apos;dict&apos;,
 &apos;float&apos;,
 &apos;int&apos;,
 &apos;list&apos;,
 &apos;str&apos;}
</system-out></testcase><testcase classname="parsyfiles.tests.combining_parsers_converters.test_default_instance" file="parsyfiles/tests/combining_parsers_converters/test_default_instance.py" line="124" name="test_print_and_get_capabilities_by_ext" time="1.1963648796081543"><system-out>WARNING: Object constructor signature for type &lt;class &apos;pandas.core.sparse.series.SparseSeries&apos;&gt; does not allow parsyfiles to automatically create instances from dict content. Caught TypeInformationRequiredError: Cannot create instances of type &lt;class &apos;pandas.core.sparse.series.SparseSeries&apos;&gt;: constructor attribute &apos;data&apos; has no PEP484 type hint.
WARNING: Object constructor signature for type &lt;class &apos;pandas.util.testing.SubclassedSeries&apos;&gt; does not allow parsyfiles to automatically create instances from dict content. Caught TypeInformationRequiredError: Cannot create instances of type &lt;class &apos;pandas.util.testing.SubclassedSeries&apos;&gt;: constructor attribute &apos;data&apos; has no PEP484 type hint.
WARNING: Object constructor signature for type Series does not allow parsyfiles to automatically create instances from dict content, and so is it for all of its subclasses tried. Caught TypeInformationRequiredError: Cannot create instances of type &lt;class &apos;pandas.core.series.Series&apos;&gt;: constructor attribute &apos;data&apos; has no PEP484 type hint.
WARNING: Object constructor signature for type &lt;class &apos;configparser.SafeConfigParser&apos;&gt; does not allow parsyfiles to automatically create instances from dict content. Caught TypeInformationRequiredError: Cannot create instances of type &lt;class &apos;configparser.SafeConfigParser&apos;&gt;: constructor attribute &apos;args&apos; has no PEP484 type hint.
WARNING: Object constructor signature for type ConfigParser does not allow parsyfiles to automatically create instances from dict content, and so is it for all of its subclasses tried. Caught TypeInformationRequiredError: Cannot create instances of type &lt;class &apos;configparser.ConfigParser&apos;&gt;: constructor attribute &apos;defaults&apos; has no PEP484 type hint.

13 Root parser capabilities by ext:

Capabilities by file extension: 
{&apos;.cfg&apos;: {&apos;AnyObject&apos;: {&apos;1_exact_match&apos;: [$&lt;read_config&gt; =&gt; &lt;merge_all_config_sections_into_a_single_dict&gt; -&gt; &lt;dict_to_object&gt;$,
                                          $&lt;read_config&gt; =&gt; &lt;config_to_dict_of_dict&gt; -&gt; &lt;dict_of_dict_to_object&gt;$,
                                          $&lt;read_config&gt; =&gt; &lt;config_to_dict_of_dict&gt; -&gt; &lt;dict_to_object&gt;$]},
          &apos;ConfigParser&apos;: {&apos;1_exact_match&apos;: [&lt;read_config&gt;]},
          &apos;DataFrame&apos;: {&apos;1_exact_match&apos;: [$&lt;read_config&gt; =&gt; &lt;merge_all_config_sections_into_a_single_dict&gt; -&gt; &lt;dict_to_df&gt;$,
                                          $&lt;read_config&gt; =&gt; &lt;config_to_dict_of_dict&gt; -&gt; &lt;dict_to_df&gt;$]},
          &apos;DictOfDict&apos;: {&apos;1_exact_match&apos;: [$&lt;read_config&gt; =&gt; &lt;config_to_dict_of_dict&gt;$]},
          &apos;Series&apos;: {&apos;1_exact_match&apos;: [$&lt;read_config&gt; =&gt; &lt;merge_all_config_sections_into_a_single_dict&gt; -&gt; &lt;dict_to_df&gt; -&gt; &lt;single_row_or_col_df_to_series&gt;$,
                                       $&lt;read_config&gt; =&gt; &lt;config_to_dict_of_dict&gt; -&gt; &lt;dict_to_df&gt; -&gt; &lt;single_row_or_col_df_to_series&gt;$]},
          &apos;dict&apos;: {&apos;1_exact_match&apos;: [$&lt;read_config&gt; =&gt; &lt;merge_all_config_sections_into_a_single_dict&gt;$],
                   &apos;2_approx_match&apos;: [$&lt;read_config&gt; =&gt; &lt;config_to_dict_of_dict&gt;$]}},
 &apos;.csv&apos;: {&apos;AnyObject&apos;: {&apos;1_exact_match&apos;: [$&lt;read_df_or_series_from_csv&gt; =&gt; &lt;single_row_or_col_df_to_dict&gt; -&gt; &lt;dict_to_object&gt;$]},
          &apos;DataFrame&apos;: {&apos;1_exact_match&apos;: [&lt;read_df_or_series_from_csv&gt;]},
          &apos;Series&apos;: {&apos;1_exact_match&apos;: [&lt;read_df_or_series_from_csv&gt;]},
          &apos;dict&apos;: {&apos;1_exact_match&apos;: [$&lt;read_df_or_series_from_csv&gt; =&gt; &lt;single_row_or_col_df_to_dict&gt;$]}},
 &apos;.ini&apos;: {&apos;AnyObject&apos;: {&apos;1_exact_match&apos;: [$&lt;read_config&gt; =&gt; &lt;merge_all_config_sections_into_a_single_dict&gt; -&gt; &lt;dict_to_object&gt;$,
                                          $&lt;read_config&gt; =&gt; &lt;config_to_dict_of_dict&gt; -&gt; &lt;dict_of_dict_to_object&gt;$,
                                          $&lt;read_config&gt; =&gt; &lt;config_to_dict_of_dict&gt; -&gt; &lt;dict_to_object&gt;$]},
          &apos;ConfigParser&apos;: {&apos;1_exact_match&apos;: [&lt;read_config&gt;]},
          &apos;DataFrame&apos;: {&apos;1_exact_match&apos;: [$&lt;read_config&gt; =&gt; &lt;merge_all_config_sections_into_a_single_dict&gt; -&gt; &lt;dict_to_df&gt;$,
                                          $&lt;read_config&gt; =&gt; &lt;config_to_dict_of_dict&gt; -&gt; &lt;dict_to_df&gt;$]},
          &apos;DictOfDict&apos;: {&apos;1_exact_match&apos;: [$&lt;read_config&gt; =&gt; &lt;config_to_dict_of_dict&gt;$]},
          &apos;Series&apos;: {&apos;1_exact_match&apos;: [$&lt;read_config&gt; =&gt; &lt;merge_all_config_sections_into_a_single_dict&gt; -&gt; &lt;dict_to_df&gt; -&gt; &lt;single_row_or_col_df_to_series&gt;$,
                                       $&lt;read_config&gt; =&gt; &lt;config_to_dict_of_dict&gt; -&gt; &lt;dict_to_df&gt; -&gt; &lt;single_row_or_col_df_to_series&gt;$]},
          &apos;dict&apos;: {&apos;1_exact_match&apos;: [$&lt;read_config&gt; =&gt; &lt;merge_all_config_sections_into_a_single_dict&gt;$],
                   &apos;2_approx_match&apos;: [$&lt;read_config&gt; =&gt; &lt;config_to_dict_of_dict&gt;$]}},
 &apos;.json&apos;: {&apos;AnyObject&apos;: {&apos;1_exact_match&apos;: [$&lt;read_dict_or_list_from_json&gt; =&gt; &lt;dict_to_object&gt;$]},
           &apos;DataFrame&apos;: {&apos;1_exact_match&apos;: [$&lt;read_dict_or_list_from_json&gt; =&gt; &lt;dict_to_df&gt;$]},
           &apos;Series&apos;: {&apos;1_exact_match&apos;: [$&lt;read_dict_or_list_from_json&gt; =&gt; &lt;dict_to_df&gt; -&gt; &lt;single_row_or_col_df_to_series&gt;$]},
           &apos;Set&apos;: {&apos;1_exact_match&apos;: [$&lt;read_dict_or_list_from_json&gt; =&gt; &lt;list_to_set&gt;$]},
           &apos;Tuple&apos;: {&apos;1_exact_match&apos;: [$&lt;read_dict_or_list_from_json&gt; =&gt; &lt;list_to_tuple&gt;$]},
           &apos;dict&apos;: {&apos;1_exact_match&apos;: [&lt;read_dict_or_list_from_json&gt;]},
           &apos;list&apos;: {&apos;1_exact_match&apos;: [&lt;read_dict_or_list_from_json&gt;]}},
 &apos;.properties&apos;: {&apos;AnyObject&apos;: {&apos;1_exact_match&apos;: [$&lt;read_dict_from_properties&gt; =&gt; &lt;dict_to_object&gt;$]},
                 &apos;DataFrame&apos;: {&apos;1_exact_match&apos;: [$&lt;read_dict_from_properties&gt; =&gt; &lt;dict_to_df&gt;$]},
                 &apos;Series&apos;: {&apos;1_exact_match&apos;: [$&lt;read_dict_from_properties&gt; =&gt; &lt;dict_to_df&gt; -&gt; &lt;single_row_or_col_df_to_series&gt;$]},
                 &apos;dict&apos;: {&apos;1_exact_match&apos;: [&lt;read_dict_from_properties&gt;]}},
 &apos;.pyc&apos;: {&apos;AnyObject&apos;: {&apos;1_exact_match&apos;: [&lt;read_object_from_pickle&gt;]},
          &apos;DataFrame&apos;: {&apos;1_exact_match&apos;: [$&lt;read_object_from_pickle&gt; =&gt; &lt;dict_to_df&gt;$,
                                          $&lt;read_object_from_pickle&gt; =&gt; &lt;merge_all_config_sections_into_a_single_dict&gt; -&gt; &lt;dict_to_df&gt;$,
                                          $&lt;read_object_from_pickle&gt; =&gt; &lt;config_to_dict_of_dict&gt; -&gt; &lt;dict_to_df&gt;$],
                        &apos;3_generic&apos;: [&lt;read_object_from_pickle&gt;]},
          &apos;DictOfDict&apos;: {&apos;1_exact_match&apos;: [$&lt;read_object_from_pickle&gt; =&gt; &lt;config_to_dict_of_dict&gt;$],
                         &apos;3_generic&apos;: [&lt;read_object_from_pickle&gt;]},
          &apos;Series&apos;: {&apos;1_exact_match&apos;: [$&lt;read_object_from_pickle&gt; =&gt; &lt;single_row_or_col_df_to_series&gt;$,
                                       $&lt;read_object_from_pickle&gt; =&gt; &lt;dict_to_df&gt; -&gt; &lt;single_row_or_col_df_to_series&gt;$,
                                       $&lt;read_object_from_pickle&gt; =&gt; &lt;merge_all_config_sections_into_a_single_dict&gt; -&gt; &lt;dict_to_df&gt; -&gt; &lt;single_row_or_col_df_to_series&gt;$,
                                       $&lt;read_object_from_pickle&gt; =&gt; &lt;config_to_dict_of_dict&gt; -&gt; &lt;dict_to_df&gt; -&gt; &lt;single_row_or_col_df_to_series&gt;$],
                     &apos;3_generic&apos;: [&lt;read_object_from_pickle&gt;]},
          &apos;Set&apos;: {&apos;1_exact_match&apos;: [$&lt;read_object_from_pickle&gt; =&gt; &lt;list_to_set&gt;$],
                  &apos;3_generic&apos;: [&lt;read_object_from_pickle&gt;]},
          &apos;Tuple&apos;: {&apos;1_exact_match&apos;: [$&lt;read_object_from_pickle&gt; =&gt; &lt;list_to_tuple&gt;$],
                    &apos;3_generic&apos;: [&lt;read_object_from_pickle&gt;]},
          &apos;bool&apos;: {&apos;1_exact_match&apos;: [$&lt;read_object_from_pickle&gt; =&gt; &lt;float_to_bool&gt;$,
                                     $&lt;read_object_from_pickle&gt; =&gt; &lt;int_to_bool&gt;$,
                                     $&lt;read_object_from_pickle&gt; =&gt; &lt;str_to_bool&gt;$],
                   &apos;3_generic&apos;: [&lt;read_object_from_pickle&gt;]},
          &apos;dict&apos;: {&apos;1_exact_match&apos;: [$&lt;read_object_from_pickle&gt; =&gt; &lt;single_row_or_col_df_to_dict&gt;$,
                                     $&lt;read_object_from_pickle&gt; =&gt; &lt;merge_all_config_sections_into_a_single_dict&gt;$],
                   &apos;2_approx_match&apos;: [$&lt;read_object_from_pickle&gt; =&gt; &lt;config_to_dict_of_dict&gt;$],
                   &apos;3_generic&apos;: [&lt;read_object_from_pickle&gt;]},
          &apos;float&apos;: {&apos;1_exact_match&apos;: [$&lt;read_object_from_pickle&gt; =&gt; &lt;bool_to_float&gt;$,
                                      $&lt;read_object_from_pickle&gt; =&gt; &lt;int_to_float&gt;$,
                                      $&lt;read_object_from_pickle&gt; =&gt; &lt;str_to_float&gt;$],
                    &apos;3_generic&apos;: [&lt;read_object_from_pickle&gt;]},
          &apos;int&apos;: {&apos;1_exact_match&apos;: [$&lt;read_object_from_pickle&gt; =&gt; &lt;bool_to_int&gt;$,
                                    $&lt;read_object_from_pickle&gt; =&gt; &lt;float_to_int&gt;$,
                                    $&lt;read_object_from_pickle&gt; =&gt; &lt;str_to_int&gt;$],
                  &apos;2_approx_match&apos;: [$&lt;read_object_from_pickle&gt; =&gt; &lt;float_to_bool&gt;$,
                                     $&lt;read_object_from_pickle&gt; =&gt; &lt;int_to_bool&gt;$,
                                     $&lt;read_object_from_pickle&gt; =&gt; &lt;str_to_bool&gt;$],
                  &apos;3_generic&apos;: [&lt;read_object_from_pickle&gt;]},
          &apos;str&apos;: {&apos;1_exact_match&apos;: [$&lt;read_object_from_pickle&gt; =&gt; &lt;bool_to_string&gt;$,
                                    $&lt;read_object_from_pickle&gt; =&gt; &lt;float_to_string&gt;$,
                                    $&lt;read_object_from_pickle&gt; =&gt; &lt;int_to_string&gt;$],
                  &apos;3_generic&apos;: [&lt;read_object_from_pickle&gt;]}},
 &apos;.txt&apos;: {&apos;AnyObject&apos;: {&apos;1_exact_match&apos;: [$&lt;read_dict_from_properties&gt; =&gt; &lt;dict_to_object&gt;$,
                                          $&lt;read_str_from_txt&gt; =&gt; &lt;constructor_with_str_arg&gt;$,
                                          $&lt;read_str_from_txt&gt; =&gt; &lt;base64_ascii_str_pickle_to_object&gt;$,
                                          $&lt;read_df_or_series_from_csv&gt; =&gt; &lt;single_row_or_col_df_to_dict&gt; -&gt; &lt;dict_to_object&gt;$]},
          &apos;DataFrame&apos;: {&apos;1_exact_match&apos;: [&lt;read_df_or_series_from_csv&gt;,
                                          $&lt;read_dict_from_properties&gt; =&gt; &lt;dict_to_df&gt;$],
                        &apos;3_generic&apos;: [$&lt;read_str_from_txt&gt; =&gt; &lt;constructor_with_str_arg&gt;$,
                                      $&lt;read_str_from_txt&gt; =&gt; &lt;base64_ascii_str_pickle_to_object&gt;$]},
          &apos;Series&apos;: {&apos;1_exact_match&apos;: [&lt;read_df_or_series_from_csv&gt;,
                                       $&lt;read_dict_from_properties&gt; =&gt; &lt;dict_to_df&gt; -&gt; &lt;single_row_or_col_df_to_series&gt;$],
                     &apos;3_generic&apos;: [$&lt;read_str_from_txt&gt; =&gt; &lt;constructor_with_str_arg&gt;$,
                                   $&lt;read_str_from_txt&gt; =&gt; &lt;base64_ascii_str_pickle_to_object&gt;$]},
          &apos;Set&apos;: {&apos;1_exact_match&apos;: [$&lt;read_str_from_txt&gt; =&gt; &lt;base64_ascii_str_pickle_to_object&gt; -&gt; &lt;list_to_set&gt;$],
                  &apos;3_generic&apos;: [$&lt;read_str_from_txt&gt; =&gt; &lt;constructor_with_str_arg&gt;$,
                                $&lt;read_str_from_txt&gt; =&gt; &lt;base64_ascii_str_pickle_to_object&gt;$]},
          &apos;Tuple&apos;: {&apos;1_exact_match&apos;: [$&lt;read_str_from_txt&gt; =&gt; &lt;base64_ascii_str_pickle_to_object&gt; -&gt; &lt;list_to_tuple&gt;$],
                    &apos;3_generic&apos;: [$&lt;read_str_from_txt&gt; =&gt; &lt;constructor_with_str_arg&gt;$,
                                  $&lt;read_str_from_txt&gt; =&gt; &lt;base64_ascii_str_pickle_to_object&gt;$]},
          &apos;bool&apos;: {&apos;1_exact_match&apos;: [$&lt;read_str_from_txt&gt; =&gt; &lt;str_to_bool&gt;$,
                                     $&lt;read_str_from_txt&gt; =&gt; &lt;base64_ascii_str_pickle_to_object&gt; -&gt; &lt;float_to_bool&gt;$,
                                     $&lt;read_str_from_txt&gt; =&gt; &lt;base64_ascii_str_pickle_to_object&gt; -&gt; &lt;int_to_bool&gt;$,
                                     $&lt;read_str_from_txt&gt; =&gt; &lt;base64_ascii_str_pickle_to_object&gt; -&gt; &lt;str_to_bool&gt;$],
                   &apos;3_generic&apos;: [$&lt;read_str_from_txt&gt; =&gt; &lt;base64_ascii_str_pickle_to_object&gt;$]},
          &apos;dict&apos;: {&apos;1_exact_match&apos;: [&lt;read_dict_from_properties&gt;,
                                     $&lt;read_df_or_series_from_csv&gt; =&gt; &lt;single_row_or_col_df_to_dict&gt;$],
                   &apos;3_generic&apos;: [$&lt;read_str_from_txt&gt; =&gt; &lt;constructor_with_str_arg&gt;$,
                                 $&lt;read_str_from_txt&gt; =&gt; &lt;base64_ascii_str_pickle_to_object&gt;$]},
          &apos;float&apos;: {&apos;1_exact_match&apos;: [$&lt;read_str_from_txt&gt; =&gt; &lt;str_to_float&gt;$,
                                      $&lt;read_str_from_txt&gt; =&gt; &lt;base64_ascii_str_pickle_to_object&gt; -&gt; &lt;bool_to_float&gt;$,
                                      $&lt;read_str_from_txt&gt; =&gt; &lt;base64_ascii_str_pickle_to_object&gt; -&gt; &lt;int_to_float&gt;$,
                                      $&lt;read_str_from_txt&gt; =&gt; &lt;base64_ascii_str_pickle_to_object&gt; -&gt; &lt;str_to_float&gt;$],
                    &apos;3_generic&apos;: [$&lt;read_str_from_txt&gt; =&gt; &lt;base64_ascii_str_pickle_to_object&gt;$]},
          &apos;int&apos;: {&apos;1_exact_match&apos;: [$&lt;read_str_from_txt&gt; =&gt; &lt;str_to_int&gt;$,
                                    $&lt;read_str_from_txt&gt; =&gt; &lt;base64_ascii_str_pickle_to_object&gt; -&gt; &lt;bool_to_int&gt;$,
                                    $&lt;read_str_from_txt&gt; =&gt; &lt;base64_ascii_str_pickle_to_object&gt; -&gt; &lt;float_to_int&gt;$,
                                    $&lt;read_str_from_txt&gt; =&gt; &lt;base64_ascii_str_pickle_to_object&gt; -&gt; &lt;str_to_int&gt;$],
                  &apos;2_approx_match&apos;: [$&lt;read_str_from_txt&gt; =&gt; &lt;str_to_bool&gt;$,
                                     $&lt;read_str_from_txt&gt; =&gt; &lt;base64_ascii_str_pickle_to_object&gt; -&gt; &lt;float_to_bool&gt;$,
                                     $&lt;read_str_from_txt&gt; =&gt; &lt;base64_ascii_str_pickle_to_object&gt; -&gt; &lt;int_to_bool&gt;$,
                                     $&lt;read_str_from_txt&gt; =&gt; &lt;base64_ascii_str_pickle_to_object&gt; -&gt; &lt;str_to_bool&gt;$],
                  &apos;3_generic&apos;: [$&lt;read_str_from_txt&gt; =&gt; &lt;base64_ascii_str_pickle_to_object&gt;$]},
          &apos;str&apos;: {&apos;1_exact_match&apos;: [&lt;read_str_from_txt&gt;]}},
 &apos;.xls&apos;: {&apos;AnyObject&apos;: {&apos;1_exact_match&apos;: [$&lt;read_dataframe_from_xls&gt; =&gt; &lt;single_row_or_col_df_to_dict&gt; -&gt; &lt;dict_to_object&gt;$]},
          &apos;DataFrame&apos;: {&apos;1_exact_match&apos;: [&lt;read_dataframe_from_xls&gt;]},
          &apos;Series&apos;: {&apos;1_exact_match&apos;: [$&lt;read_dataframe_from_xls&gt; =&gt; &lt;single_row_or_col_df_to_series&gt;$]},
          &apos;dict&apos;: {&apos;1_exact_match&apos;: [$&lt;read_dataframe_from_xls&gt; =&gt; &lt;single_row_or_col_df_to_dict&gt;$]}},
 &apos;.xlsm&apos;: {&apos;AnyObject&apos;: {&apos;1_exact_match&apos;: [$&lt;read_dataframe_from_xls&gt; =&gt; &lt;single_row_or_col_df_to_dict&gt; -&gt; &lt;dict_to_object&gt;$]},
           &apos;DataFrame&apos;: {&apos;1_exact_match&apos;: [&lt;read_dataframe_from_xls&gt;]},
           &apos;Series&apos;: {&apos;1_exact_match&apos;: [$&lt;read_dataframe_from_xls&gt; =&gt; &lt;single_row_or_col_df_to_series&gt;$]},
           &apos;dict&apos;: {&apos;1_exact_match&apos;: [$&lt;read_dataframe_from_xls&gt; =&gt; &lt;single_row_or_col_df_to_dict&gt;$]}},
 &apos;.xlsx&apos;: {&apos;AnyObject&apos;: {&apos;1_exact_match&apos;: [$&lt;read_dataframe_from_xls&gt; =&gt; &lt;single_row_or_col_df_to_dict&gt; -&gt; &lt;dict_to_object&gt;$]},
           &apos;DataFrame&apos;: {&apos;1_exact_match&apos;: [&lt;read_dataframe_from_xls&gt;]},
           &apos;Series&apos;: {&apos;1_exact_match&apos;: [$&lt;read_dataframe_from_xls&gt; =&gt; &lt;single_row_or_col_df_to_series&gt;$]},
           &apos;dict&apos;: {&apos;1_exact_match&apos;: [$&lt;read_dataframe_from_xls&gt; =&gt; &lt;single_row_or_col_df_to_dict&gt;$]}},
 &apos;.yaml&apos;: {&apos;AnyObject&apos;: {&apos;1_exact_match&apos;: [&lt;read_object_from_yaml&gt;,
                                           $&lt;read_collection_from_yaml&gt; =&gt; &lt;dict_to_object&gt;$]},
           &apos;DataFrame&apos;: {&apos;1_exact_match&apos;: [$&lt;read_object_from_yaml&gt; =&gt; &lt;dict_to_df&gt;$,
                                           $&lt;read_collection_from_yaml&gt; =&gt; &lt;dict_to_df&gt;$,
                                           $&lt;read_object_from_yaml&gt; =&gt; &lt;merge_all_config_sections_into_a_single_dict&gt; -&gt; &lt;dict_to_df&gt;$,
                                           $&lt;read_object_from_yaml&gt; =&gt; &lt;config_to_dict_of_dict&gt; -&gt; &lt;dict_to_df&gt;$],
                         &apos;3_generic&apos;: [&lt;read_object_from_yaml&gt;]},
           &apos;Dict&apos;: {&apos;1_exact_match&apos;: [&lt;read_collection_from_yaml&gt;],
                    &apos;2_approx_match&apos;: [$&lt;read_object_from_yaml&gt; =&gt; &lt;single_row_or_col_df_to_dict&gt;$,
                                       $&lt;read_object_from_yaml&gt; =&gt; &lt;merge_all_config_sections_into_a_single_dict&gt;$,
                                       $&lt;read_object_from_yaml&gt; =&gt; &lt;config_to_dict_of_dict&gt;$],
                    &apos;3_generic&apos;: [&lt;read_object_from_yaml&gt;]},
           &apos;DictOfDict&apos;: {&apos;1_exact_match&apos;: [$&lt;read_object_from_yaml&gt; =&gt; &lt;config_to_dict_of_dict&gt;$],
                          &apos;3_generic&apos;: [&lt;read_object_from_yaml&gt;]},
           &apos;List&apos;: {&apos;1_exact_match&apos;: [&lt;read_collection_from_yaml&gt;],
                    &apos;3_generic&apos;: [&lt;read_object_from_yaml&gt;]},
           &apos;Series&apos;: {&apos;1_exact_match&apos;: [$&lt;read_object_from_yaml&gt; =&gt; &lt;single_row_or_col_df_to_series&gt;$,
                                        $&lt;read_object_from_yaml&gt; =&gt; &lt;dict_to_df&gt; -&gt; &lt;single_row_or_col_df_to_series&gt;$,
                                        $&lt;read_collection_from_yaml&gt; =&gt; &lt;dict_to_df&gt; -&gt; &lt;single_row_or_col_df_to_series&gt;$,
                                        $&lt;read_object_from_yaml&gt; =&gt; &lt;merge_all_config_sections_into_a_single_dict&gt; -&gt; &lt;dict_to_df&gt; -&gt; &lt;single_row_or_col_df_to_series&gt;$,
                                        $&lt;read_object_from_yaml&gt; =&gt; &lt;config_to_dict_of_dict&gt; -&gt; &lt;dict_to_df&gt; -&gt; &lt;single_row_or_col_df_to_series&gt;$],
                      &apos;3_generic&apos;: [&lt;read_object_from_yaml&gt;]},
           &apos;Set&apos;: {&apos;1_exact_match&apos;: [&lt;read_collection_from_yaml&gt;,
                                     $&lt;read_object_from_yaml&gt; =&gt; &lt;list_to_set&gt;$],
                   &apos;3_generic&apos;: [&lt;read_object_from_yaml&gt;]},
           &apos;Tuple&apos;: {&apos;1_exact_match&apos;: [&lt;read_collection_from_yaml&gt;,
                                       $&lt;read_object_from_yaml&gt; =&gt; &lt;list_to_tuple&gt;$],
                     &apos;3_generic&apos;: [&lt;read_object_from_yaml&gt;]},
           &apos;bool&apos;: {&apos;1_exact_match&apos;: [$&lt;read_object_from_yaml&gt; =&gt; &lt;float_to_bool&gt;$,
                                      $&lt;read_object_from_yaml&gt; =&gt; &lt;int_to_bool&gt;$,
                                      $&lt;read_object_from_yaml&gt; =&gt; &lt;str_to_bool&gt;$],
                    &apos;3_generic&apos;: [&lt;read_object_from_yaml&gt;]},
           &apos;dict&apos;: {&apos;1_exact_match&apos;: [$&lt;read_object_from_yaml&gt; =&gt; &lt;single_row_or_col_df_to_dict&gt;$,
                                      $&lt;read_object_from_yaml&gt; =&gt; &lt;merge_all_config_sections_into_a_single_dict&gt;$],
                    &apos;2_approx_match&apos;: [&lt;read_collection_from_yaml&gt;,
                                       $&lt;read_object_from_yaml&gt; =&gt; &lt;config_to_dict_of_dict&gt;$],
                    &apos;3_generic&apos;: [&lt;read_object_from_yaml&gt;]},
           &apos;float&apos;: {&apos;1_exact_match&apos;: [$&lt;read_object_from_yaml&gt; =&gt; &lt;bool_to_float&gt;$,
                                       $&lt;read_object_from_yaml&gt; =&gt; &lt;int_to_float&gt;$,
                                       $&lt;read_object_from_yaml&gt; =&gt; &lt;str_to_float&gt;$],
                     &apos;3_generic&apos;: [&lt;read_object_from_yaml&gt;]},
           &apos;int&apos;: {&apos;1_exact_match&apos;: [$&lt;read_object_from_yaml&gt; =&gt; &lt;bool_to_int&gt;$,
                                     $&lt;read_object_from_yaml&gt; =&gt; &lt;float_to_int&gt;$,
                                     $&lt;read_object_from_yaml&gt; =&gt; &lt;str_to_int&gt;$],
                   &apos;2_approx_match&apos;: [$&lt;read_object_from_yaml&gt; =&gt; &lt;float_to_bool&gt;$,
                                      $&lt;read_object_from_yaml&gt; =&gt; &lt;int_to_bool&gt;$,
                                      $&lt;read_object_from_yaml&gt; =&gt; &lt;str_to_bool&gt;$],
                   &apos;3_generic&apos;: [&lt;read_object_from_yaml&gt;]},
           &apos;str&apos;: {&apos;1_exact_match&apos;: [$&lt;read_object_from_yaml&gt; =&gt; &lt;bool_to_string&gt;$,
                                     $&lt;read_object_from_yaml&gt; =&gt; &lt;float_to_string&gt;$,
                                     $&lt;read_object_from_yaml&gt; =&gt; &lt;int_to_string&gt;$],
                   &apos;3_generic&apos;: [&lt;read_object_from_yaml&gt;]}},
 &apos;.yml&apos;: {&apos;AnyObject&apos;: {&apos;1_exact_match&apos;: [&lt;read_object_from_yaml&gt;,
                                          $&lt;read_collection_from_yaml&gt; =&gt; &lt;dict_to_object&gt;$]},
          &apos;DataFrame&apos;: {&apos;1_exact_match&apos;: [$&lt;read_object_from_yaml&gt; =&gt; &lt;dict_to_df&gt;$,
                                          $&lt;read_collection_from_yaml&gt; =&gt; &lt;dict_to_df&gt;$,
                                          $&lt;read_object_from_yaml&gt; =&gt; &lt;merge_all_config_sections_into_a_single_dict&gt; -&gt; &lt;dict_to_df&gt;$,
                                          $&lt;read_object_from_yaml&gt; =&gt; &lt;config_to_dict_of_dict&gt; -&gt; &lt;dict_to_df&gt;$],
                        &apos;3_generic&apos;: [&lt;read_object_from_yaml&gt;]},
          &apos;Dict&apos;: {&apos;1_exact_match&apos;: [&lt;read_collection_from_yaml&gt;],
                   &apos;2_approx_match&apos;: [$&lt;read_object_from_yaml&gt; =&gt; &lt;single_row_or_col_df_to_dict&gt;$,
                                      $&lt;read_object_from_yaml&gt; =&gt; &lt;merge_all_config_sections_into_a_single_dict&gt;$,
                                      $&lt;read_object_from_yaml&gt; =&gt; &lt;config_to_dict_of_dict&gt;$],
                   &apos;3_generic&apos;: [&lt;read_object_from_yaml&gt;]},
          &apos;DictOfDict&apos;: {&apos;1_exact_match&apos;: [$&lt;read_object_from_yaml&gt; =&gt; &lt;config_to_dict_of_dict&gt;$],
                         &apos;3_generic&apos;: [&lt;read_object_from_yaml&gt;]},
          &apos;List&apos;: {&apos;1_exact_match&apos;: [&lt;read_collection_from_yaml&gt;],
                   &apos;3_generic&apos;: [&lt;read_object_from_yaml&gt;]},
          &apos;Series&apos;: {&apos;1_exact_match&apos;: [$&lt;read_object_from_yaml&gt; =&gt; &lt;single_row_or_col_df_to_series&gt;$,
                                       $&lt;read_object_from_yaml&gt; =&gt; &lt;dict_to_df&gt; -&gt; &lt;single_row_or_col_df_to_series&gt;$,
                                       $&lt;read_collection_from_yaml&gt; =&gt; &lt;dict_to_df&gt; -&gt; &lt;single_row_or_col_df_to_series&gt;$,
                                       $&lt;read_object_from_yaml&gt; =&gt; &lt;merge_all_config_sections_into_a_single_dict&gt; -&gt; &lt;dict_to_df&gt; -&gt; &lt;single_row_or_col_df_to_series&gt;$,
                                       $&lt;read_object_from_yaml&gt; =&gt; &lt;config_to_dict_of_dict&gt; -&gt; &lt;dict_to_df&gt; -&gt; &lt;single_row_or_col_df_to_series&gt;$],
                     &apos;3_generic&apos;: [&lt;read_object_from_yaml&gt;]},
          &apos;Set&apos;: {&apos;1_exact_match&apos;: [&lt;read_collection_from_yaml&gt;,
                                    $&lt;read_object_from_yaml&gt; =&gt; &lt;list_to_set&gt;$],
                  &apos;3_generic&apos;: [&lt;read_object_from_yaml&gt;]},
          &apos;Tuple&apos;: {&apos;1_exact_match&apos;: [&lt;read_collection_from_yaml&gt;,
                                      $&lt;read_object_from_yaml&gt; =&gt; &lt;list_to_tuple&gt;$],
                    &apos;3_generic&apos;: [&lt;read_object_from_yaml&gt;]},
          &apos;bool&apos;: {&apos;1_exact_match&apos;: [$&lt;read_object_from_yaml&gt; =&gt; &lt;float_to_bool&gt;$,
                                     $&lt;read_object_from_yaml&gt; =&gt; &lt;int_to_bool&gt;$,
                                     $&lt;read_object_from_yaml&gt; =&gt; &lt;str_to_bool&gt;$],
                   &apos;3_generic&apos;: [&lt;read_object_from_yaml&gt;]},
          &apos;dict&apos;: {&apos;1_exact_match&apos;: [$&lt;read_object_from_yaml&gt; =&gt; &lt;single_row_or_col_df_to_dict&gt;$,
                                     $&lt;read_object_from_yaml&gt; =&gt; &lt;merge_all_config_sections_into_a_single_dict&gt;$],
                   &apos;2_approx_match&apos;: [&lt;read_collection_from_yaml&gt;,
                                      $&lt;read_object_from_yaml&gt; =&gt; &lt;config_to_dict_of_dict&gt;$],
                   &apos;3_generic&apos;: [&lt;read_object_from_yaml&gt;]},
          &apos;float&apos;: {&apos;1_exact_match&apos;: [$&lt;read_object_from_yaml&gt; =&gt; &lt;bool_to_float&gt;$,
                                      $&lt;read_object_from_yaml&gt; =&gt; &lt;int_to_float&gt;$,
                                      $&lt;read_object_from_yaml&gt; =&gt; &lt;str_to_float&gt;$],
                    &apos;3_generic&apos;: [&lt;read_object_from_yaml&gt;]},
          &apos;int&apos;: {&apos;1_exact_match&apos;: [$&lt;read_object_from_yaml&gt; =&gt; &lt;bool_to_int&gt;$,
                                    $&lt;read_object_from_yaml&gt; =&gt; &lt;float_to_int&gt;$,
                                    $&lt;read_object_from_yaml&gt; =&gt; &lt;str_to_int&gt;$],
                  &apos;2_approx_match&apos;: [$&lt;read_object_from_yaml&gt; =&gt; &lt;float_to_bool&gt;$,
                                     $&lt;read_object_from_yaml&gt; =&gt; &lt;int_to_bool&gt;$,
                                     $&lt;read_object_from_yaml&gt; =&gt; &lt;str_to_bool&gt;$],
                  &apos;3_generic&apos;: [&lt;read_object_from_yaml&gt;]},
          &apos;str&apos;: {&apos;1_exact_match&apos;: [$&lt;read_object_from_yaml&gt; =&gt; &lt;bool_to_string&gt;$,
                                    $&lt;read_object_from_yaml&gt; =&gt; &lt;float_to_string&gt;$,
                                    $&lt;read_object_from_yaml&gt; =&gt; &lt;int_to_string&gt;$],
                  &apos;3_generic&apos;: [&lt;read_object_from_yaml&gt;]}},
 &apos;&lt;multifile&gt;&apos;: {&apos;AnyObject&apos;: {&apos;1_exact_match&apos;: [Multifile Object parser (parsyfiles defaults)]},
                 &apos;DataFrame&apos;: {},
                 &apos;Dict&apos;: {&apos;1_exact_match&apos;: [Multifile Collection parser (parsyfiles defaults)]},
                 &apos;DictOfDict&apos;: {},
                 &apos;List&apos;: {&apos;1_exact_match&apos;: [Multifile Collection parser (parsyfiles defaults)]},
                 &apos;Series&apos;: {},
                 &apos;Set&apos;: {&apos;1_exact_match&apos;: [Multifile Collection parser (parsyfiles defaults)]},
                 &apos;Tuple&apos;: {&apos;1_exact_match&apos;: [Multifile Collection parser (parsyfiles defaults)]},
                 &apos;bool&apos;: {},
                 &apos;dict&apos;: {&apos;2_approx_match&apos;: [Multifile Collection parser (parsyfiles defaults)]},
                 &apos;float&apos;: {},
                 &apos;int&apos;: {},
                 &apos;str&apos;: {}}}


</system-out></testcase><testcase classname="parsyfiles.tests.combining_parsers_converters.test_default_instance" file="parsyfiles/tests/combining_parsers_converters/test_default_instance.py" line="139" name="test_print_and_get_capabilities_by_type" time="3.3796725273132324"><system-out>
15 Root parser capabilities by type:

Capabilities by object type: 
{&apos;AnyObject&apos;: {&apos;.cfg&apos;: {&apos;1_exact_match&apos;: [$&lt;read_config&gt; =&gt; &lt;merge_all_config_sections_into_a_single_dict&gt; -&gt; &lt;dict_to_object&gt;$,
                                          $&lt;read_config&gt; =&gt; &lt;config_to_dict_of_dict&gt; -&gt; &lt;dict_of_dict_to_object&gt;$,
                                          $&lt;read_config&gt; =&gt; &lt;config_to_dict_of_dict&gt; -&gt; &lt;dict_to_object&gt;$]},
               &apos;.csv&apos;: {&apos;1_exact_match&apos;: [$&lt;read_df_or_series_from_csv&gt; =&gt; &lt;single_row_or_col_df_to_dict&gt; -&gt; &lt;dict_to_object&gt;$]},
               &apos;.ini&apos;: {&apos;1_exact_match&apos;: [$&lt;read_config&gt; =&gt; &lt;merge_all_config_sections_into_a_single_dict&gt; -&gt; &lt;dict_to_object&gt;$,
                                          $&lt;read_config&gt; =&gt; &lt;config_to_dict_of_dict&gt; -&gt; &lt;dict_of_dict_to_object&gt;$,
                                          $&lt;read_config&gt; =&gt; &lt;config_to_dict_of_dict&gt; -&gt; &lt;dict_to_object&gt;$]},
               &apos;.json&apos;: {&apos;1_exact_match&apos;: [$&lt;read_dict_or_list_from_json&gt; =&gt; &lt;dict_to_object&gt;$]},
               &apos;.properties&apos;: {&apos;1_exact_match&apos;: [$&lt;read_dict_from_properties&gt; =&gt; &lt;dict_to_object&gt;$]},
               &apos;.pyc&apos;: {&apos;1_exact_match&apos;: [&lt;read_object_from_pickle&gt;]},
               &apos;.txt&apos;: {&apos;1_exact_match&apos;: [$&lt;read_dict_from_properties&gt; =&gt; &lt;dict_to_object&gt;$,
                                          $&lt;read_str_from_txt&gt; =&gt; &lt;constructor_with_str_arg&gt;$,
                                          $&lt;read_str_from_txt&gt; =&gt; &lt;base64_ascii_str_pickle_to_object&gt;$,
                                          $&lt;read_df_or_series_from_csv&gt; =&gt; &lt;single_row_or_col_df_to_dict&gt; -&gt; &lt;dict_to_object&gt;$]},
               &apos;.xls&apos;: {&apos;1_exact_match&apos;: [$&lt;read_dataframe_from_xls&gt; =&gt; &lt;single_row_or_col_df_to_dict&gt; -&gt; &lt;dict_to_object&gt;$]},
               &apos;.xlsm&apos;: {&apos;1_exact_match&apos;: [$&lt;read_dataframe_from_xls&gt; =&gt; &lt;single_row_or_col_df_to_dict&gt; -&gt; &lt;dict_to_object&gt;$]},
               &apos;.xlsx&apos;: {&apos;1_exact_match&apos;: [$&lt;read_dataframe_from_xls&gt; =&gt; &lt;single_row_or_col_df_to_dict&gt; -&gt; &lt;dict_to_object&gt;$]},
               &apos;.yaml&apos;: {&apos;1_exact_match&apos;: [&lt;read_object_from_yaml&gt;,
                                           $&lt;read_collection_from_yaml&gt; =&gt; &lt;dict_to_object&gt;$]},
               &apos;.yml&apos;: {&apos;1_exact_match&apos;: [&lt;read_object_from_yaml&gt;,
                                          $&lt;read_collection_from_yaml&gt; =&gt; &lt;dict_to_object&gt;$]},
               &apos;&lt;multifile&gt;&apos;: {&apos;1_exact_match&apos;: [Multifile Object parser (parsyfiles defaults)]}},
 &apos;ConfigParser&apos;: {&apos;.cfg&apos;: {&apos;1_exact_match&apos;: [&lt;read_config&gt;]},
                  &apos;.csv&apos;: {},
                  &apos;.ini&apos;: {&apos;1_exact_match&apos;: [&lt;read_config&gt;]},
                  &apos;.json&apos;: {},
                  &apos;.properties&apos;: {},
                  &apos;.pyc&apos;: {&apos;3_generic&apos;: [&lt;read_object_from_pickle&gt;]},
                  &apos;.txt&apos;: {&apos;3_generic&apos;: [$&lt;read_str_from_txt&gt; =&gt; &lt;constructor_with_str_arg&gt;$,
                                         $&lt;read_str_from_txt&gt; =&gt; &lt;base64_ascii_str_pickle_to_object&gt;$]},
                  &apos;.xls&apos;: {},
                  &apos;.xlsm&apos;: {},
                  &apos;.xlsx&apos;: {},
                  &apos;.yaml&apos;: {&apos;3_generic&apos;: [&lt;read_object_from_yaml&gt;]},
                  &apos;.yml&apos;: {&apos;3_generic&apos;: [&lt;read_object_from_yaml&gt;]},
                  &apos;&lt;multifile&gt;&apos;: {}},
 &apos;DataFrame&apos;: {&apos;.cfg&apos;: {&apos;1_exact_match&apos;: [$&lt;read_config&gt; =&gt; &lt;merge_all_config_sections_into_a_single_dict&gt; -&gt; &lt;dict_to_df&gt;$,
                                          $&lt;read_config&gt; =&gt; &lt;config_to_dict_of_dict&gt; -&gt; &lt;dict_to_df&gt;$]},
               &apos;.csv&apos;: {&apos;1_exact_match&apos;: [&lt;read_df_or_series_from_csv&gt;]},
               &apos;.ini&apos;: {&apos;1_exact_match&apos;: [$&lt;read_config&gt; =&gt; &lt;merge_all_config_sections_into_a_single_dict&gt; -&gt; &lt;dict_to_df&gt;$,
                                          $&lt;read_config&gt; =&gt; &lt;config_to_dict_of_dict&gt; -&gt; &lt;dict_to_df&gt;$]},
               &apos;.json&apos;: {&apos;1_exact_match&apos;: [$&lt;read_dict_or_list_from_json&gt; =&gt; &lt;dict_to_df&gt;$]},
               &apos;.properties&apos;: {&apos;1_exact_match&apos;: [$&lt;read_dict_from_properties&gt; =&gt; &lt;dict_to_df&gt;$]},
               &apos;.pyc&apos;: {&apos;1_exact_match&apos;: [$&lt;read_object_from_pickle&gt; =&gt; &lt;dict_to_df&gt;$,
                                          $&lt;read_object_from_pickle&gt; =&gt; &lt;merge_all_config_sections_into_a_single_dict&gt; -&gt; &lt;dict_to_df&gt;$,
                                          $&lt;read_object_from_pickle&gt; =&gt; &lt;config_to_dict_of_dict&gt; -&gt; &lt;dict_to_df&gt;$],
                        &apos;3_generic&apos;: [&lt;read_object_from_pickle&gt;]},
               &apos;.txt&apos;: {&apos;1_exact_match&apos;: [&lt;read_df_or_series_from_csv&gt;,
                                          $&lt;read_dict_from_properties&gt; =&gt; &lt;dict_to_df&gt;$],
                        &apos;3_generic&apos;: [$&lt;read_str_from_txt&gt; =&gt; &lt;constructor_with_str_arg&gt;$,
                                      $&lt;read_str_from_txt&gt; =&gt; &lt;base64_ascii_str_pickle_to_object&gt;$]},
               &apos;.xls&apos;: {&apos;1_exact_match&apos;: [&lt;read_dataframe_from_xls&gt;]},
               &apos;.xlsm&apos;: {&apos;1_exact_match&apos;: [&lt;read_dataframe_from_xls&gt;]},
               &apos;.xlsx&apos;: {&apos;1_exact_match&apos;: [&lt;read_dataframe_from_xls&gt;]},
               &apos;.yaml&apos;: {&apos;1_exact_match&apos;: [$&lt;read_object_from_yaml&gt; =&gt; &lt;dict_to_df&gt;$,
                                           $&lt;read_collection_from_yaml&gt; =&gt; &lt;dict_to_df&gt;$,
                                           $&lt;read_object_from_yaml&gt; =&gt; &lt;merge_all_config_sections_into_a_single_dict&gt; -&gt; &lt;dict_to_df&gt;$,
                                           $&lt;read_object_from_yaml&gt; =&gt; &lt;config_to_dict_of_dict&gt; -&gt; &lt;dict_to_df&gt;$],
                         &apos;3_generic&apos;: [&lt;read_object_from_yaml&gt;]},
               &apos;.yml&apos;: {&apos;1_exact_match&apos;: [$&lt;read_object_from_yaml&gt; =&gt; &lt;dict_to_df&gt;$,
                                          $&lt;read_collection_from_yaml&gt; =&gt; &lt;dict_to_df&gt;$,
                                          $&lt;read_object_from_yaml&gt; =&gt; &lt;merge_all_config_sections_into_a_single_dict&gt; -&gt; &lt;dict_to_df&gt;$,
                                          $&lt;read_object_from_yaml&gt; =&gt; &lt;config_to_dict_of_dict&gt; -&gt; &lt;dict_to_df&gt;$],
                        &apos;3_generic&apos;: [&lt;read_object_from_yaml&gt;]},
               &apos;&lt;multifile&gt;&apos;: {}},
 &apos;Dict&apos;: {&apos;.cfg&apos;: {&apos;2_approx_match&apos;: [$&lt;read_config&gt; =&gt; &lt;merge_all_config_sections_into_a_single_dict&gt;$,
                                      $&lt;read_config&gt; =&gt; &lt;config_to_dict_of_dict&gt;$]},
          &apos;.csv&apos;: {&apos;2_approx_match&apos;: [$&lt;read_df_or_series_from_csv&gt; =&gt; &lt;single_row_or_col_df_to_dict&gt;$]},
          &apos;.ini&apos;: {&apos;2_approx_match&apos;: [$&lt;read_config&gt; =&gt; &lt;merge_all_config_sections_into_a_single_dict&gt;$,
                                      $&lt;read_config&gt; =&gt; &lt;config_to_dict_of_dict&gt;$]},
          &apos;.json&apos;: {&apos;2_approx_match&apos;: [&lt;read_dict_or_list_from_json&gt;]},
          &apos;.properties&apos;: {&apos;2_approx_match&apos;: [&lt;read_dict_from_properties&gt;]},
          &apos;.pyc&apos;: {&apos;2_approx_match&apos;: [$&lt;read_object_from_pickle&gt; =&gt; &lt;single_row_or_col_df_to_dict&gt;$,
                                      $&lt;read_object_from_pickle&gt; =&gt; &lt;merge_all_config_sections_into_a_single_dict&gt;$,
                                      $&lt;read_object_from_pickle&gt; =&gt; &lt;config_to_dict_of_dict&gt;$],
                   &apos;3_generic&apos;: [&lt;read_object_from_pickle&gt;]},
          &apos;.txt&apos;: {&apos;2_approx_match&apos;: [&lt;read_dict_from_properties&gt;,
                                      $&lt;read_df_or_series_from_csv&gt; =&gt; &lt;single_row_or_col_df_to_dict&gt;$],
                   &apos;3_generic&apos;: [$&lt;read_str_from_txt&gt; =&gt; &lt;constructor_with_str_arg&gt;$,
                                 $&lt;read_str_from_txt&gt; =&gt; &lt;base64_ascii_str_pickle_to_object&gt;$]},
          &apos;.xls&apos;: {&apos;2_approx_match&apos;: [$&lt;read_dataframe_from_xls&gt; =&gt; &lt;single_row_or_col_df_to_dict&gt;$]},
          &apos;.xlsm&apos;: {&apos;2_approx_match&apos;: [$&lt;read_dataframe_from_xls&gt; =&gt; &lt;single_row_or_col_df_to_dict&gt;$]},
          &apos;.xlsx&apos;: {&apos;2_approx_match&apos;: [$&lt;read_dataframe_from_xls&gt; =&gt; &lt;single_row_or_col_df_to_dict&gt;$]},
          &apos;.yaml&apos;: {&apos;1_exact_match&apos;: [&lt;read_collection_from_yaml&gt;],
                    &apos;2_approx_match&apos;: [$&lt;read_object_from_yaml&gt; =&gt; &lt;single_row_or_col_df_to_dict&gt;$,
                                       $&lt;read_object_from_yaml&gt; =&gt; &lt;merge_all_config_sections_into_a_single_dict&gt;$,
                                       $&lt;read_object_from_yaml&gt; =&gt; &lt;config_to_dict_of_dict&gt;$],
                    &apos;3_generic&apos;: [&lt;read_object_from_yaml&gt;]},
          &apos;.yml&apos;: {&apos;1_exact_match&apos;: [&lt;read_collection_from_yaml&gt;],
                   &apos;2_approx_match&apos;: [$&lt;read_object_from_yaml&gt; =&gt; &lt;single_row_or_col_df_to_dict&gt;$,
                                      $&lt;read_object_from_yaml&gt; =&gt; &lt;merge_all_config_sections_into_a_single_dict&gt;$,
                                      $&lt;read_object_from_yaml&gt; =&gt; &lt;config_to_dict_of_dict&gt;$],
                   &apos;3_generic&apos;: [&lt;read_object_from_yaml&gt;]},
          &apos;&lt;multifile&gt;&apos;: {&apos;1_exact_match&apos;: [Multifile Collection parser (parsyfiles defaults)]}},
 &apos;DictOfDict&apos;: {&apos;.cfg&apos;: {&apos;1_exact_match&apos;: [$&lt;read_config&gt; =&gt; &lt;config_to_dict_of_dict&gt;$]},
                &apos;.csv&apos;: {},
                &apos;.ini&apos;: {&apos;1_exact_match&apos;: [$&lt;read_config&gt; =&gt; &lt;config_to_dict_of_dict&gt;$]},
                &apos;.json&apos;: {},
                &apos;.properties&apos;: {},
                &apos;.pyc&apos;: {&apos;1_exact_match&apos;: [$&lt;read_object_from_pickle&gt; =&gt; &lt;config_to_dict_of_dict&gt;$],
                         &apos;3_generic&apos;: [&lt;read_object_from_pickle&gt;]},
                &apos;.txt&apos;: {&apos;3_generic&apos;: [$&lt;read_str_from_txt&gt; =&gt; &lt;constructor_with_str_arg&gt;$,
                                       $&lt;read_str_from_txt&gt; =&gt; &lt;base64_ascii_str_pickle_to_object&gt;$]},
                &apos;.xls&apos;: {},
                &apos;.xlsm&apos;: {},
                &apos;.xlsx&apos;: {},
                &apos;.yaml&apos;: {&apos;1_exact_match&apos;: [$&lt;read_object_from_yaml&gt; =&gt; &lt;config_to_dict_of_dict&gt;$],
                          &apos;3_generic&apos;: [&lt;read_object_from_yaml&gt;]},
                &apos;.yml&apos;: {&apos;1_exact_match&apos;: [$&lt;read_object_from_yaml&gt; =&gt; &lt;config_to_dict_of_dict&gt;$],
                         &apos;3_generic&apos;: [&lt;read_object_from_yaml&gt;]},
                &apos;&lt;multifile&gt;&apos;: {}},
 &apos;List&apos;: {&apos;.cfg&apos;: {},
          &apos;.csv&apos;: {},
          &apos;.ini&apos;: {},
          &apos;.json&apos;: {&apos;2_approx_match&apos;: [&lt;read_dict_or_list_from_json&gt;]},
          &apos;.properties&apos;: {},
          &apos;.pyc&apos;: {&apos;3_generic&apos;: [&lt;read_object_from_pickle&gt;]},
          &apos;.txt&apos;: {&apos;3_generic&apos;: [$&lt;read_str_from_txt&gt; =&gt; &lt;constructor_with_str_arg&gt;$,
                                 $&lt;read_str_from_txt&gt; =&gt; &lt;base64_ascii_str_pickle_to_object&gt;$]},
          &apos;.xls&apos;: {},
          &apos;.xlsm&apos;: {},
          &apos;.xlsx&apos;: {},
          &apos;.yaml&apos;: {&apos;1_exact_match&apos;: [&lt;read_collection_from_yaml&gt;],
                    &apos;3_generic&apos;: [&lt;read_object_from_yaml&gt;]},
          &apos;.yml&apos;: {&apos;1_exact_match&apos;: [&lt;read_collection_from_yaml&gt;],
                   &apos;3_generic&apos;: [&lt;read_object_from_yaml&gt;]},
          &apos;&lt;multifile&gt;&apos;: {&apos;1_exact_match&apos;: [Multifile Collection parser (parsyfiles defaults)]}},
 &apos;Series&apos;: {&apos;.cfg&apos;: {&apos;1_exact_match&apos;: [$&lt;read_config&gt; =&gt; &lt;merge_all_config_sections_into_a_single_dict&gt; -&gt; &lt;dict_to_df&gt; -&gt; &lt;single_row_or_col_df_to_series&gt;$,
                                       $&lt;read_config&gt; =&gt; &lt;config_to_dict_of_dict&gt; -&gt; &lt;dict_to_df&gt; -&gt; &lt;single_row_or_col_df_to_series&gt;$]},
            &apos;.csv&apos;: {&apos;1_exact_match&apos;: [&lt;read_df_or_series_from_csv&gt;]},
            &apos;.ini&apos;: {&apos;1_exact_match&apos;: [$&lt;read_config&gt; =&gt; &lt;merge_all_config_sections_into_a_single_dict&gt; -&gt; &lt;dict_to_df&gt; -&gt; &lt;single_row_or_col_df_to_series&gt;$,
                                       $&lt;read_config&gt; =&gt; &lt;config_to_dict_of_dict&gt; -&gt; &lt;dict_to_df&gt; -&gt; &lt;single_row_or_col_df_to_series&gt;$]},
            &apos;.json&apos;: {&apos;1_exact_match&apos;: [$&lt;read_dict_or_list_from_json&gt; =&gt; &lt;dict_to_df&gt; -&gt; &lt;single_row_or_col_df_to_series&gt;$]},
            &apos;.properties&apos;: {&apos;1_exact_match&apos;: [$&lt;read_dict_from_properties&gt; =&gt; &lt;dict_to_df&gt; -&gt; &lt;single_row_or_col_df_to_series&gt;$]},
            &apos;.pyc&apos;: {&apos;1_exact_match&apos;: [$&lt;read_object_from_pickle&gt; =&gt; &lt;single_row_or_col_df_to_series&gt;$,
                                       $&lt;read_object_from_pickle&gt; =&gt; &lt;dict_to_df&gt; -&gt; &lt;single_row_or_col_df_to_series&gt;$,
                                       $&lt;read_object_from_pickle&gt; =&gt; &lt;merge_all_config_sections_into_a_single_dict&gt; -&gt; &lt;dict_to_df&gt; -&gt; &lt;single_row_or_col_df_to_series&gt;$,
                                       $&lt;read_object_from_pickle&gt; =&gt; &lt;config_to_dict_of_dict&gt; -&gt; &lt;dict_to_df&gt; -&gt; &lt;single_row_or_col_df_to_series&gt;$],
                     &apos;3_generic&apos;: [&lt;read_object_from_pickle&gt;]},
            &apos;.txt&apos;: {&apos;1_exact_match&apos;: [&lt;read_df_or_series_from_csv&gt;,
                                       $&lt;read_dict_from_properties&gt; =&gt; &lt;dict_to_df&gt; -&gt; &lt;single_row_or_col_df_to_series&gt;$],
                     &apos;3_generic&apos;: [$&lt;read_str_from_txt&gt; =&gt; &lt;constructor_with_str_arg&gt;$,
                                   $&lt;read_str_from_txt&gt; =&gt; &lt;base64_ascii_str_pickle_to_object&gt;$]},
            &apos;.xls&apos;: {&apos;1_exact_match&apos;: [$&lt;read_dataframe_from_xls&gt; =&gt; &lt;single_row_or_col_df_to_series&gt;$]},
            &apos;.xlsm&apos;: {&apos;1_exact_match&apos;: [$&lt;read_dataframe_from_xls&gt; =&gt; &lt;single_row_or_col_df_to_series&gt;$]},
            &apos;.xlsx&apos;: {&apos;1_exact_match&apos;: [$&lt;read_dataframe_from_xls&gt; =&gt; &lt;single_row_or_col_df_to_series&gt;$]},
            &apos;.yaml&apos;: {&apos;1_exact_match&apos;: [$&lt;read_object_from_yaml&gt; =&gt; &lt;single_row_or_col_df_to_series&gt;$,
                                        $&lt;read_object_from_yaml&gt; =&gt; &lt;dict_to_df&gt; -&gt; &lt;single_row_or_col_df_to_series&gt;$,
                                        $&lt;read_collection_from_yaml&gt; =&gt; &lt;dict_to_df&gt; -&gt; &lt;single_row_or_col_df_to_series&gt;$,
                                        $&lt;read_object_from_yaml&gt; =&gt; &lt;merge_all_config_sections_into_a_single_dict&gt; -&gt; &lt;dict_to_df&gt; -&gt; &lt;single_row_or_col_df_to_series&gt;$,
                                        $&lt;read_object_from_yaml&gt; =&gt; &lt;config_to_dict_of_dict&gt; -&gt; &lt;dict_to_df&gt; -&gt; &lt;single_row_or_col_df_to_series&gt;$],
                      &apos;3_generic&apos;: [&lt;read_object_from_yaml&gt;]},
            &apos;.yml&apos;: {&apos;1_exact_match&apos;: [$&lt;read_object_from_yaml&gt; =&gt; &lt;single_row_or_col_df_to_series&gt;$,
                                       $&lt;read_object_from_yaml&gt; =&gt; &lt;dict_to_df&gt; -&gt; &lt;single_row_or_col_df_to_series&gt;$,
                                       $&lt;read_collection_from_yaml&gt; =&gt; &lt;dict_to_df&gt; -&gt; &lt;single_row_or_col_df_to_series&gt;$,
                                       $&lt;read_object_from_yaml&gt; =&gt; &lt;merge_all_config_sections_into_a_single_dict&gt; -&gt; &lt;dict_to_df&gt; -&gt; &lt;single_row_or_col_df_to_series&gt;$,
                                       $&lt;read_object_from_yaml&gt; =&gt; &lt;config_to_dict_of_dict&gt; -&gt; &lt;dict_to_df&gt; -&gt; &lt;single_row_or_col_df_to_series&gt;$],
                     &apos;3_generic&apos;: [&lt;read_object_from_yaml&gt;]},
            &apos;&lt;multifile&gt;&apos;: {}},
 &apos;Set&apos;: {&apos;.cfg&apos;: {},
         &apos;.csv&apos;: {},
         &apos;.ini&apos;: {},
         &apos;.json&apos;: {&apos;1_exact_match&apos;: [$&lt;read_dict_or_list_from_json&gt; =&gt; &lt;list_to_set&gt;$]},
         &apos;.properties&apos;: {},
         &apos;.pyc&apos;: {&apos;1_exact_match&apos;: [$&lt;read_object_from_pickle&gt; =&gt; &lt;list_to_set&gt;$],
                  &apos;3_generic&apos;: [&lt;read_object_from_pickle&gt;]},
         &apos;.txt&apos;: {&apos;1_exact_match&apos;: [$&lt;read_str_from_txt&gt; =&gt; &lt;base64_ascii_str_pickle_to_object&gt; -&gt; &lt;list_to_set&gt;$],
                  &apos;3_generic&apos;: [$&lt;read_str_from_txt&gt; =&gt; &lt;constructor_with_str_arg&gt;$,
                                $&lt;read_str_from_txt&gt; =&gt; &lt;base64_ascii_str_pickle_to_object&gt;$]},
         &apos;.xls&apos;: {},
         &apos;.xlsm&apos;: {},
         &apos;.xlsx&apos;: {},
         &apos;.yaml&apos;: {&apos;1_exact_match&apos;: [&lt;read_collection_from_yaml&gt;,
                                     $&lt;read_object_from_yaml&gt; =&gt; &lt;list_to_set&gt;$],
                   &apos;3_generic&apos;: [&lt;read_object_from_yaml&gt;]},
         &apos;.yml&apos;: {&apos;1_exact_match&apos;: [&lt;read_collection_from_yaml&gt;,
                                    $&lt;read_object_from_yaml&gt; =&gt; &lt;list_to_set&gt;$],
                  &apos;3_generic&apos;: [&lt;read_object_from_yaml&gt;]},
         &apos;&lt;multifile&gt;&apos;: {&apos;1_exact_match&apos;: [Multifile Collection parser (parsyfiles defaults)]}},
 &apos;Tuple&apos;: {&apos;.cfg&apos;: {},
           &apos;.csv&apos;: {},
           &apos;.ini&apos;: {},
           &apos;.json&apos;: {&apos;1_exact_match&apos;: [$&lt;read_dict_or_list_from_json&gt; =&gt; &lt;list_to_tuple&gt;$]},
           &apos;.properties&apos;: {},
           &apos;.pyc&apos;: {&apos;1_exact_match&apos;: [$&lt;read_object_from_pickle&gt; =&gt; &lt;list_to_tuple&gt;$],
                    &apos;3_generic&apos;: [&lt;read_object_from_pickle&gt;]},
           &apos;.txt&apos;: {&apos;1_exact_match&apos;: [$&lt;read_str_from_txt&gt; =&gt; &lt;base64_ascii_str_pickle_to_object&gt; -&gt; &lt;list_to_tuple&gt;$],
                    &apos;3_generic&apos;: [$&lt;read_str_from_txt&gt; =&gt; &lt;constructor_with_str_arg&gt;$,
                                  $&lt;read_str_from_txt&gt; =&gt; &lt;base64_ascii_str_pickle_to_object&gt;$]},
           &apos;.xls&apos;: {},
           &apos;.xlsm&apos;: {},
           &apos;.xlsx&apos;: {},
           &apos;.yaml&apos;: {&apos;1_exact_match&apos;: [&lt;read_collection_from_yaml&gt;,
                                       $&lt;read_object_from_yaml&gt; =&gt; &lt;list_to_tuple&gt;$],
                     &apos;3_generic&apos;: [&lt;read_object_from_yaml&gt;]},
           &apos;.yml&apos;: {&apos;1_exact_match&apos;: [&lt;read_collection_from_yaml&gt;,
                                      $&lt;read_object_from_yaml&gt; =&gt; &lt;list_to_tuple&gt;$],
                    &apos;3_generic&apos;: [&lt;read_object_from_yaml&gt;]},
           &apos;&lt;multifile&gt;&apos;: {&apos;1_exact_match&apos;: [Multifile Collection parser (parsyfiles defaults)]}},
 &apos;bool&apos;: {&apos;.cfg&apos;: {},
          &apos;.csv&apos;: {},
          &apos;.ini&apos;: {},
          &apos;.json&apos;: {},
          &apos;.properties&apos;: {},
          &apos;.pyc&apos;: {&apos;1_exact_match&apos;: [$&lt;read_object_from_pickle&gt; =&gt; &lt;float_to_bool&gt;$,
                                     $&lt;read_object_from_pickle&gt; =&gt; &lt;int_to_bool&gt;$,
                                     $&lt;read_object_from_pickle&gt; =&gt; &lt;str_to_bool&gt;$],
                   &apos;3_generic&apos;: [&lt;read_object_from_pickle&gt;]},
          &apos;.txt&apos;: {&apos;1_exact_match&apos;: [$&lt;read_str_from_txt&gt; =&gt; &lt;str_to_bool&gt;$,
                                     $&lt;read_str_from_txt&gt; =&gt; &lt;base64_ascii_str_pickle_to_object&gt; -&gt; &lt;float_to_bool&gt;$,
                                     $&lt;read_str_from_txt&gt; =&gt; &lt;base64_ascii_str_pickle_to_object&gt; -&gt; &lt;int_to_bool&gt;$,
                                     $&lt;read_str_from_txt&gt; =&gt; &lt;base64_ascii_str_pickle_to_object&gt; -&gt; &lt;str_to_bool&gt;$],
                   &apos;3_generic&apos;: [$&lt;read_str_from_txt&gt; =&gt; &lt;base64_ascii_str_pickle_to_object&gt;$]},
          &apos;.xls&apos;: {},
          &apos;.xlsm&apos;: {},
          &apos;.xlsx&apos;: {},
          &apos;.yaml&apos;: {&apos;1_exact_match&apos;: [$&lt;read_object_from_yaml&gt; =&gt; &lt;float_to_bool&gt;$,
                                      $&lt;read_object_from_yaml&gt; =&gt; &lt;int_to_bool&gt;$,
                                      $&lt;read_object_from_yaml&gt; =&gt; &lt;str_to_bool&gt;$],
                    &apos;3_generic&apos;: [&lt;read_object_from_yaml&gt;]},
          &apos;.yml&apos;: {&apos;1_exact_match&apos;: [$&lt;read_object_from_yaml&gt; =&gt; &lt;float_to_bool&gt;$,
                                     $&lt;read_object_from_yaml&gt; =&gt; &lt;int_to_bool&gt;$,
                                     $&lt;read_object_from_yaml&gt; =&gt; &lt;str_to_bool&gt;$],
                   &apos;3_generic&apos;: [&lt;read_object_from_yaml&gt;]},
          &apos;&lt;multifile&gt;&apos;: {}},
 &apos;dict&apos;: {&apos;.cfg&apos;: {&apos;1_exact_match&apos;: [$&lt;read_config&gt; =&gt; &lt;merge_all_config_sections_into_a_single_dict&gt;$],
                   &apos;2_approx_match&apos;: [$&lt;read_config&gt; =&gt; &lt;config_to_dict_of_dict&gt;$]},
          &apos;.csv&apos;: {&apos;1_exact_match&apos;: [$&lt;read_df_or_series_from_csv&gt; =&gt; &lt;single_row_or_col_df_to_dict&gt;$]},
          &apos;.ini&apos;: {&apos;1_exact_match&apos;: [$&lt;read_config&gt; =&gt; &lt;merge_all_config_sections_into_a_single_dict&gt;$],
                   &apos;2_approx_match&apos;: [$&lt;read_config&gt; =&gt; &lt;config_to_dict_of_dict&gt;$]},
          &apos;.json&apos;: {&apos;1_exact_match&apos;: [&lt;read_dict_or_list_from_json&gt;]},
          &apos;.properties&apos;: {&apos;1_exact_match&apos;: [&lt;read_dict_from_properties&gt;]},
          &apos;.pyc&apos;: {&apos;1_exact_match&apos;: [$&lt;read_object_from_pickle&gt; =&gt; &lt;single_row_or_col_df_to_dict&gt;$,
                                     $&lt;read_object_from_pickle&gt; =&gt; &lt;merge_all_config_sections_into_a_single_dict&gt;$],
                   &apos;2_approx_match&apos;: [$&lt;read_object_from_pickle&gt; =&gt; &lt;config_to_dict_of_dict&gt;$],
                   &apos;3_generic&apos;: [&lt;read_object_from_pickle&gt;]},
          &apos;.txt&apos;: {&apos;1_exact_match&apos;: [&lt;read_dict_from_properties&gt;,
                                     $&lt;read_df_or_series_from_csv&gt; =&gt; &lt;single_row_or_col_df_to_dict&gt;$],
                   &apos;3_generic&apos;: [$&lt;read_str_from_txt&gt; =&gt; &lt;constructor_with_str_arg&gt;$,
                                 $&lt;read_str_from_txt&gt; =&gt; &lt;base64_ascii_str_pickle_to_object&gt;$]},
          &apos;.xls&apos;: {&apos;1_exact_match&apos;: [$&lt;read_dataframe_from_xls&gt; =&gt; &lt;single_row_or_col_df_to_dict&gt;$]},
          &apos;.xlsm&apos;: {&apos;1_exact_match&apos;: [$&lt;read_dataframe_from_xls&gt; =&gt; &lt;single_row_or_col_df_to_dict&gt;$]},
          &apos;.xlsx&apos;: {&apos;1_exact_match&apos;: [$&lt;read_dataframe_from_xls&gt; =&gt; &lt;single_row_or_col_df_to_dict&gt;$]},
          &apos;.yaml&apos;: {&apos;1_exact_match&apos;: [$&lt;read_object_from_yaml&gt; =&gt; &lt;single_row_or_col_df_to_dict&gt;$,
                                      $&lt;read_object_from_yaml&gt; =&gt; &lt;merge_all_config_sections_into_a_single_dict&gt;$],
                    &apos;2_approx_match&apos;: [&lt;read_collection_from_yaml&gt;,
                                       $&lt;read_object_from_yaml&gt; =&gt; &lt;config_to_dict_of_dict&gt;$],
                    &apos;3_generic&apos;: [&lt;read_object_from_yaml&gt;]},
          &apos;.yml&apos;: {&apos;1_exact_match&apos;: [$&lt;read_object_from_yaml&gt; =&gt; &lt;single_row_or_col_df_to_dict&gt;$,
                                     $&lt;read_object_from_yaml&gt; =&gt; &lt;merge_all_config_sections_into_a_single_dict&gt;$],
                   &apos;2_approx_match&apos;: [&lt;read_collection_from_yaml&gt;,
                                      $&lt;read_object_from_yaml&gt; =&gt; &lt;config_to_dict_of_dict&gt;$],
                   &apos;3_generic&apos;: [&lt;read_object_from_yaml&gt;]},
          &apos;&lt;multifile&gt;&apos;: {&apos;2_approx_match&apos;: [Multifile Collection parser (parsyfiles defaults)]}},
 &apos;float&apos;: {&apos;.cfg&apos;: {},
           &apos;.csv&apos;: {},
           &apos;.ini&apos;: {},
           &apos;.json&apos;: {},
           &apos;.properties&apos;: {},
           &apos;.pyc&apos;: {&apos;1_exact_match&apos;: [$&lt;read_object_from_pickle&gt; =&gt; &lt;bool_to_float&gt;$,
                                      $&lt;read_object_from_pickle&gt; =&gt; &lt;int_to_float&gt;$,
                                      $&lt;read_object_from_pickle&gt; =&gt; &lt;str_to_float&gt;$],
                    &apos;3_generic&apos;: [&lt;read_object_from_pickle&gt;]},
           &apos;.txt&apos;: {&apos;1_exact_match&apos;: [$&lt;read_str_from_txt&gt; =&gt; &lt;str_to_float&gt;$,
                                      $&lt;read_str_from_txt&gt; =&gt; &lt;base64_ascii_str_pickle_to_object&gt; -&gt; &lt;bool_to_float&gt;$,
                                      $&lt;read_str_from_txt&gt; =&gt; &lt;base64_ascii_str_pickle_to_object&gt; -&gt; &lt;int_to_float&gt;$,
                                      $&lt;read_str_from_txt&gt; =&gt; &lt;base64_ascii_str_pickle_to_object&gt; -&gt; &lt;str_to_float&gt;$],
                    &apos;3_generic&apos;: [$&lt;read_str_from_txt&gt; =&gt; &lt;base64_ascii_str_pickle_to_object&gt;$]},
           &apos;.xls&apos;: {},
           &apos;.xlsm&apos;: {},
           &apos;.xlsx&apos;: {},
           &apos;.yaml&apos;: {&apos;1_exact_match&apos;: [$&lt;read_object_from_yaml&gt; =&gt; &lt;bool_to_float&gt;$,
                                       $&lt;read_object_from_yaml&gt; =&gt; &lt;int_to_float&gt;$,
                                       $&lt;read_object_from_yaml&gt; =&gt; &lt;str_to_float&gt;$],
                     &apos;3_generic&apos;: [&lt;read_object_from_yaml&gt;]},
           &apos;.yml&apos;: {&apos;1_exact_match&apos;: [$&lt;read_object_from_yaml&gt; =&gt; &lt;bool_to_float&gt;$,
                                      $&lt;read_object_from_yaml&gt; =&gt; &lt;int_to_float&gt;$,
                                      $&lt;read_object_from_yaml&gt; =&gt; &lt;str_to_float&gt;$],
                    &apos;3_generic&apos;: [&lt;read_object_from_yaml&gt;]},
           &apos;&lt;multifile&gt;&apos;: {}},
 &apos;int&apos;: {&apos;.cfg&apos;: {},
         &apos;.csv&apos;: {},
         &apos;.ini&apos;: {},
         &apos;.json&apos;: {},
         &apos;.properties&apos;: {},
         &apos;.pyc&apos;: {&apos;1_exact_match&apos;: [$&lt;read_object_from_pickle&gt; =&gt; &lt;bool_to_int&gt;$,
                                    $&lt;read_object_from_pickle&gt; =&gt; &lt;float_to_int&gt;$,
                                    $&lt;read_object_from_pickle&gt; =&gt; &lt;str_to_int&gt;$],
                  &apos;2_approx_match&apos;: [$&lt;read_object_from_pickle&gt; =&gt; &lt;float_to_bool&gt;$,
                                     $&lt;read_object_from_pickle&gt; =&gt; &lt;int_to_bool&gt;$,
                                     $&lt;read_object_from_pickle&gt; =&gt; &lt;str_to_bool&gt;$],
                  &apos;3_generic&apos;: [&lt;read_object_from_pickle&gt;]},
         &apos;.txt&apos;: {&apos;1_exact_match&apos;: [$&lt;read_str_from_txt&gt; =&gt; &lt;str_to_int&gt;$,
                                    $&lt;read_str_from_txt&gt; =&gt; &lt;base64_ascii_str_pickle_to_object&gt; -&gt; &lt;bool_to_int&gt;$,
                                    $&lt;read_str_from_txt&gt; =&gt; &lt;base64_ascii_str_pickle_to_object&gt; -&gt; &lt;float_to_int&gt;$,
                                    $&lt;read_str_from_txt&gt; =&gt; &lt;base64_ascii_str_pickle_to_object&gt; -&gt; &lt;str_to_int&gt;$],
                  &apos;2_approx_match&apos;: [$&lt;read_str_from_txt&gt; =&gt; &lt;str_to_bool&gt;$,
                                     $&lt;read_str_from_txt&gt; =&gt; &lt;base64_ascii_str_pickle_to_object&gt; -&gt; &lt;float_to_bool&gt;$,
                                     $&lt;read_str_from_txt&gt; =&gt; &lt;base64_ascii_str_pickle_to_object&gt; -&gt; &lt;int_to_bool&gt;$,
                                     $&lt;read_str_from_txt&gt; =&gt; &lt;base64_ascii_str_pickle_to_object&gt; -&gt; &lt;str_to_bool&gt;$],
                  &apos;3_generic&apos;: [$&lt;read_str_from_txt&gt; =&gt; &lt;base64_ascii_str_pickle_to_object&gt;$]},
         &apos;.xls&apos;: {},
         &apos;.xlsm&apos;: {},
         &apos;.xlsx&apos;: {},
         &apos;.yaml&apos;: {&apos;1_exact_match&apos;: [$&lt;read_object_from_yaml&gt; =&gt; &lt;bool_to_int&gt;$,
                                     $&lt;read_object_from_yaml&gt; =&gt; &lt;float_to_int&gt;$,
                                     $&lt;read_object_from_yaml&gt; =&gt; &lt;str_to_int&gt;$],
                   &apos;2_approx_match&apos;: [$&lt;read_object_from_yaml&gt; =&gt; &lt;float_to_bool&gt;$,
                                      $&lt;read_object_from_yaml&gt; =&gt; &lt;int_to_bool&gt;$,
                                      $&lt;read_object_from_yaml&gt; =&gt; &lt;str_to_bool&gt;$],
                   &apos;3_generic&apos;: [&lt;read_object_from_yaml&gt;]},
         &apos;.yml&apos;: {&apos;1_exact_match&apos;: [$&lt;read_object_from_yaml&gt; =&gt; &lt;bool_to_int&gt;$,
                                    $&lt;read_object_from_yaml&gt; =&gt; &lt;float_to_int&gt;$,
                                    $&lt;read_object_from_yaml&gt; =&gt; &lt;str_to_int&gt;$],
                  &apos;2_approx_match&apos;: [$&lt;read_object_from_yaml&gt; =&gt; &lt;float_to_bool&gt;$,
                                     $&lt;read_object_from_yaml&gt; =&gt; &lt;int_to_bool&gt;$,
                                     $&lt;read_object_from_yaml&gt; =&gt; &lt;str_to_bool&gt;$],
                  &apos;3_generic&apos;: [&lt;read_object_from_yaml&gt;]},
         &apos;&lt;multifile&gt;&apos;: {}},
 &apos;list&apos;: {&apos;.cfg&apos;: {},
          &apos;.csv&apos;: {},
          &apos;.ini&apos;: {},
          &apos;.json&apos;: {&apos;1_exact_match&apos;: [&lt;read_dict_or_list_from_json&gt;]},
          &apos;.properties&apos;: {},
          &apos;.pyc&apos;: {&apos;3_generic&apos;: [&lt;read_object_from_pickle&gt;]},
          &apos;.txt&apos;: {&apos;3_generic&apos;: [$&lt;read_str_from_txt&gt; =&gt; &lt;constructor_with_str_arg&gt;$,
                                 $&lt;read_str_from_txt&gt; =&gt; &lt;base64_ascii_str_pickle_to_object&gt;$]},
          &apos;.xls&apos;: {},
          &apos;.xlsm&apos;: {},
          &apos;.xlsx&apos;: {},
          &apos;.yaml&apos;: {&apos;2_approx_match&apos;: [&lt;read_collection_from_yaml&gt;],
                    &apos;3_generic&apos;: [&lt;read_object_from_yaml&gt;]},
          &apos;.yml&apos;: {&apos;2_approx_match&apos;: [&lt;read_collection_from_yaml&gt;],
                   &apos;3_generic&apos;: [&lt;read_object_from_yaml&gt;]},
          &apos;&lt;multifile&gt;&apos;: {&apos;2_approx_match&apos;: [Multifile Collection parser (parsyfiles defaults)]}},
 &apos;str&apos;: {&apos;.cfg&apos;: {},
         &apos;.csv&apos;: {},
         &apos;.ini&apos;: {},
         &apos;.json&apos;: {},
         &apos;.properties&apos;: {},
         &apos;.pyc&apos;: {&apos;1_exact_match&apos;: [$&lt;read_object_from_pickle&gt; =&gt; &lt;bool_to_string&gt;$,
                                    $&lt;read_object_from_pickle&gt; =&gt; &lt;float_to_string&gt;$,
                                    $&lt;read_object_from_pickle&gt; =&gt; &lt;int_to_string&gt;$],
                  &apos;3_generic&apos;: [&lt;read_object_from_pickle&gt;]},
         &apos;.txt&apos;: {&apos;1_exact_match&apos;: [&lt;read_str_from_txt&gt;]},
         &apos;.xls&apos;: {},
         &apos;.xlsm&apos;: {},
         &apos;.xlsx&apos;: {},
         &apos;.yaml&apos;: {&apos;1_exact_match&apos;: [$&lt;read_object_from_yaml&gt; =&gt; &lt;bool_to_string&gt;$,
                                     $&lt;read_object_from_yaml&gt; =&gt; &lt;float_to_string&gt;$,
                                     $&lt;read_object_from_yaml&gt; =&gt; &lt;int_to_string&gt;$],
                   &apos;3_generic&apos;: [&lt;read_object_from_yaml&gt;]},
         &apos;.yml&apos;: {&apos;1_exact_match&apos;: [$&lt;read_object_from_yaml&gt; =&gt; &lt;bool_to_string&gt;$,
                                    $&lt;read_object_from_yaml&gt; =&gt; &lt;float_to_string&gt;$,
                                    $&lt;read_object_from_yaml&gt; =&gt; &lt;int_to_string&gt;$],
                  &apos;3_generic&apos;: [&lt;read_object_from_yaml&gt;]},
         &apos;&lt;multifile&gt;&apos;: {}}}


</system-out></testcase><testcase classname="parsyfiles.tests.combining_parsers_converters.test_default_instance" file="parsyfiles/tests/combining_parsers_converters/test_default_instance.py" line="154" name="test_root_parser_any" time="0.1358811855316162"><system-out>{&apos;.cfg&apos;: {&apos;1_exact_match&apos;: [$&lt;read_config&gt; =&gt; &lt;merge_all_config_sections_into_a_single_dict&gt; -&gt; &lt;dict_to_object&gt;$,
                            $&lt;read_config&gt; =&gt; &lt;config_to_dict_of_dict&gt; -&gt; &lt;dict_of_dict_to_object&gt;$,
                            $&lt;read_config&gt; =&gt; &lt;config_to_dict_of_dict&gt; -&gt; &lt;dict_to_object&gt;$]},
 &apos;.csv&apos;: {&apos;1_exact_match&apos;: [$&lt;read_df_or_series_from_csv&gt; =&gt; &lt;single_row_or_col_df_to_dict&gt; -&gt; &lt;dict_to_object&gt;$]},
 &apos;.ini&apos;: {&apos;1_exact_match&apos;: [$&lt;read_config&gt; =&gt; &lt;merge_all_config_sections_into_a_single_dict&gt; -&gt; &lt;dict_to_object&gt;$,
                            $&lt;read_config&gt; =&gt; &lt;config_to_dict_of_dict&gt; -&gt; &lt;dict_of_dict_to_object&gt;$,
                            $&lt;read_config&gt; =&gt; &lt;config_to_dict_of_dict&gt; -&gt; &lt;dict_to_object&gt;$]},
 &apos;.json&apos;: {&apos;1_exact_match&apos;: [$&lt;read_dict_or_list_from_json&gt; =&gt; &lt;dict_to_object&gt;$]},
 &apos;.properties&apos;: {&apos;1_exact_match&apos;: [$&lt;read_dict_from_properties&gt; =&gt; &lt;dict_to_object&gt;$]},
 &apos;.pyc&apos;: {&apos;1_exact_match&apos;: [&lt;read_object_from_pickle&gt;]},
 &apos;.txt&apos;: {&apos;1_exact_match&apos;: [$&lt;read_dict_from_properties&gt; =&gt; &lt;dict_to_object&gt;$,
                            $&lt;read_str_from_txt&gt; =&gt; &lt;constructor_with_str_arg&gt;$,
                            $&lt;read_str_from_txt&gt; =&gt; &lt;base64_ascii_str_pickle_to_object&gt;$,
                            $&lt;read_df_or_series_from_csv&gt; =&gt; &lt;single_row_or_col_df_to_dict&gt; -&gt; &lt;dict_to_object&gt;$]},
 &apos;.xls&apos;: {&apos;1_exact_match&apos;: [$&lt;read_dataframe_from_xls&gt; =&gt; &lt;single_row_or_col_df_to_dict&gt; -&gt; &lt;dict_to_object&gt;$]},
 &apos;.xlsm&apos;: {&apos;1_exact_match&apos;: [$&lt;read_dataframe_from_xls&gt; =&gt; &lt;single_row_or_col_df_to_dict&gt; -&gt; &lt;dict_to_object&gt;$]},
 &apos;.xlsx&apos;: {&apos;1_exact_match&apos;: [$&lt;read_dataframe_from_xls&gt; =&gt; &lt;single_row_or_col_df_to_dict&gt; -&gt; &lt;dict_to_object&gt;$]},
 &apos;.yaml&apos;: {&apos;1_exact_match&apos;: [&lt;read_object_from_yaml&gt;,
                             $&lt;read_collection_from_yaml&gt; =&gt; &lt;dict_to_object&gt;$]},
 &apos;.yml&apos;: {&apos;1_exact_match&apos;: [&lt;read_object_from_yaml&gt;,
                            $&lt;read_collection_from_yaml&gt; =&gt; &lt;dict_to_object&gt;$]},
 &apos;&lt;multifile&gt;&apos;: {&apos;1_exact_match&apos;: [Multifile Object parser (parsyfiles defaults)]}}
</system-out></testcase><testcase classname="parsyfiles.tests.combining_parsers_converters.test_default_instance" file="parsyfiles/tests/combining_parsers_converters/test_default_instance.py" line="170" name="test_custom_parser_ok_for_subclasses" time="0.19362950325012207"><system-out>WARNING: Object constructor signature for type &lt;class &apos;test_default_instance.test_custom_parser_ok_for_subclasses.&lt;locals&gt;.B&apos;&gt; does not allow parsyfiles to automatically create instances from dict content. Caught TypeInformationRequiredError: Cannot create instances of type &lt;class &apos;test_default_instance.test_custom_parser_ok_for_subclasses.&lt;locals&gt;.B&apos;&gt;: constructor attribute &apos;txt&apos; has no PEP484 type hint.
WARNING: Object constructor signature for type A does not allow parsyfiles to automatically create instances from dict content, and so is it for all of its subclasses tried. Caught TypeInformationRequiredError: Cannot create instances of type &lt;class &apos;test_default_instance.test_custom_parser_ok_for_subclasses.&lt;locals&gt;.A&apos;&gt;: constructor attribute &apos;txt&apos; has no PEP484 type hint.
**** Starting to parse single object of type &lt;A&gt; at location /home/travis/build/smarie/python-parsyfiles/parsyfiles/tests/combining_parsers_converters/test_data/b64pickle-float-1.0=True ****
Checking all files under [/home/travis/build/smarie/python-parsyfiles/parsyfiles/tests/combining_parsers_converters/test_data/b64pickle-float-1.0=True]
(C) /home/travis/build/smarie/python-parsyfiles/parsyfiles/tests/combining_parsers_converters/test_data/b64pickle-float-1.0=True (singlefile, .txt)
File checks done

Building a parsing plan to parse [/home/travis/build/smarie/python-parsyfiles/parsyfiles/tests/combining_parsers_converters/test_data/b64pickle-float-1.0=True] into a A
(B) /home/travis/build/smarie/python-parsyfiles/parsyfiles/tests/combining_parsers_converters/test_data/b64pickle-float-1.0=True.txt -&gt; A ------- using [Try &apos;&lt;read_B_from_txt&gt;&apos; then &apos;$&lt;read_str_from_txt&gt; =&gt; &lt;constructor_with_str_arg&gt;$&apos; then &apos;$&lt;read_str_from_txt&gt; =&gt; &lt;base64_ascii_str_pickle_to_object&gt;$]&apos;]
(B)                                                                                                  |--b64pickle-float-1.0=True.txt -&gt; A ------- using &lt;read_B_from_txt&gt;
Parsing Plan created successfully

Executing Parsing Plan for [/home/travis/build/smarie/python-parsyfiles/parsyfiles/tests/combining_parsers_converters/test_data/b64pickle-float-1.0=True]
(P) /home/travis/build/smarie/python-parsyfiles/parsyfiles/tests/combining_parsers_converters/test_data/b64pickle-float-1.0=True.txt -&gt; A ------- using &lt;read_B_from_txt&gt;
(P)                                                                                                  |--b64pickle-float-1.0=True.txt -&gt; A SUCCESS !
Completed parsing successfully

</system-out></testcase><testcase classname="parsyfiles.tests.combining_parsers_converters.test_default_instance_creation" file="parsyfiles/tests/combining_parsers_converters/test_default_instance_creation.py" line="21" name="test_create_default_instance_with_constructor" time="3.1295931339263916"><system-out>**** Starting to parse single object of type &lt;bool&gt; at location /home/travis/build/smarie/python-parsyfiles/parsyfiles/tests/combining_parsers_converters/test_data/b64pickle-float-1.0=True ****
Checking all files under [/home/travis/build/smarie/python-parsyfiles/parsyfiles/tests/combining_parsers_converters/test_data/b64pickle-float-1.0=True]
(C) /home/travis/build/smarie/python-parsyfiles/parsyfiles/tests/combining_parsers_converters/test_data/b64pickle-float-1.0=True (singlefile, .txt)
File checks done

Building a parsing plan to parse [/home/travis/build/smarie/python-parsyfiles/parsyfiles/tests/combining_parsers_converters/test_data/b64pickle-float-1.0=True] into a bool
(B) /home/travis/build/smarie/python-parsyfiles/parsyfiles/tests/combining_parsers_converters/test_data/b64pickle-float-1.0=True.txt -&gt; bool ------- using [Try &apos;$&lt;read_str_from_txt&gt; =&gt; &lt;str_to_bool&gt;$&apos; then &apos;$&lt;read_str_from_txt&gt; =&gt; &lt;base64_ascii_str_pickle_to_object&gt; -&gt; &lt;float_to_bool&gt;$&apos; then &apos;$&lt;read_str_from_txt&gt; =&gt; &lt;base64_ascii_str_pickle_to_object&gt; -&gt; &lt;int_to_bool&gt;$&apos; then &apos;$&lt;read_str_from_txt&gt; =&gt; &lt;base64_ascii_str_pickle_to_object&gt; -&gt; &lt;str_to_bool&gt;$&apos; then &apos;$&lt;read_str_from_txt&gt; =&gt; &lt;base64_ascii_str_pickle_to_object&gt;$]&apos;]
(B)                                                                                                  |--b64pickle-float-1.0=True.txt -&gt; bool ------- using $&lt;read_str_from_txt&gt; =&gt; &lt;str_to_bool&gt;$
Parsing Plan created successfully

Executing Parsing Plan for [/home/travis/build/smarie/python-parsyfiles/parsyfiles/tests/combining_parsers_converters/test_data/b64pickle-float-1.0=True]
(P) /home/travis/build/smarie/python-parsyfiles/parsyfiles/tests/combining_parsers_converters/test_data/b64pickle-float-1.0=True.txt -&gt; bool ------- using $&lt;read_str_from_txt&gt; =&gt; &lt;str_to_bool&gt;$
  !! Caught error during execution !!
  File &quot;/home/travis/build/smarie/python-parsyfiles/parsyfiles/converting_core.py&quot;, line 524, in _convert
    return self.conversion_method(desired_type, source_obj, logger, **opts)
  File &quot;/home/travis/build/smarie/python-parsyfiles/parsyfiles/plugins_base/support_for_primitive_types.py&quot;, line 84, in primitive_to_bool
    return bool(strtobool(source))
  File &quot;/opt/python/3.5.5/lib/python3.5/distutils/util.py&quot;, line 317, in strtobool
    raise ValueError(&quot;invalid truth value %r&quot; % (val,))
  ParsingException : Error while parsing /home/travis/build/smarie/python-parsyfiles/parsyfiles/tests/combining_parsers_converters/test_data/b64pickle-float-1.0=True (singlefile, .txt) as a bool with parser &apos;$&lt;read_str_from_txt&gt; =&gt; &lt;str_to_bool&gt;$&apos; using options=({&apos;MultifileCollectionParser&apos;: {&apos;lazy_parsing&apos;: False}}) : caught 
  ValueError : invalid truth value &apos;ganhp/aaaaaaaaau&apos;
Rebuilding local parsing plan with next candidate parser: $&lt;read_str_from_txt&gt; =&gt; &lt;base64_ascii_str_pickle_to_object&gt; -&gt; &lt;float_to_bool&gt;$
(B)                                                                                                  |--b64pickle-float-1.0=True.txt -&gt; bool ------- using $&lt;read_str_from_txt&gt; =&gt; &lt;base64_ascii_str_pickle_to_object&gt; -&gt; &lt;float_to_bool&gt;$
DONE Rebuilding local parsing plan for [/home/travis/build/smarie/python-parsyfiles/parsyfiles/tests/combining_parsers_converters/test_data/b64pickle-float-1.0=True.txt]. Resuming parsing...
Executing Parsing Plan for [/home/travis/build/smarie/python-parsyfiles/parsyfiles/tests/combining_parsers_converters/test_data/b64pickle-float-1.0=True]
(P) /home/travis/build/smarie/python-parsyfiles/parsyfiles/tests/combining_parsers_converters/test_data/b64pickle-float-1.0=True.txt -&gt; bool ------- using $&lt;read_str_from_txt&gt; =&gt; &lt;base64_ascii_str_pickle_to_object&gt; -&gt; &lt;float_to_bool&gt;$
(P)                                                                                                  |--b64pickle-float-1.0=True.txt -&gt; bool SUCCESS !
Completed parsing successfully

**** Starting to parse single object of type &lt;bool&gt; at location /home/travis/build/smarie/python-parsyfiles/parsyfiles/tests/combining_parsers_converters/test_data/b64pickle-float-1.0=True ****
Checking all files under [/home/travis/build/smarie/python-parsyfiles/parsyfiles/tests/combining_parsers_converters/test_data/b64pickle-float-1.0=True]
(C) /home/travis/build/smarie/python-parsyfiles/parsyfiles/tests/combining_parsers_converters/test_data/b64pickle-float-1.0=True (singlefile, .txt)
File checks done

Building a parsing plan to parse [/home/travis/build/smarie/python-parsyfiles/parsyfiles/tests/combining_parsers_converters/test_data/b64pickle-float-1.0=True] into a bool
(B) /home/travis/build/smarie/python-parsyfiles/parsyfiles/tests/combining_parsers_converters/test_data/b64pickle-float-1.0=True.txt -&gt; bool ------- using [Try &apos;$&lt;read_str_from_txt&gt; =&gt; &lt;str_to_bool&gt;$&apos; then &apos;$&lt;read_str_from_txt&gt; =&gt; &lt;base64_ascii_str_pickle_to_object&gt; -&gt; &lt;float_to_bool&gt;$&apos; then &apos;$&lt;read_str_from_txt&gt; =&gt; &lt;base64_ascii_str_pickle_to_object&gt; -&gt; &lt;int_to_bool&gt;$&apos; then &apos;$&lt;read_str_from_txt&gt; =&gt; &lt;base64_ascii_str_pickle_to_object&gt; -&gt; &lt;str_to_bool&gt;$&apos; then &apos;$&lt;read_str_from_txt&gt; =&gt; &lt;base64_ascii_str_pickle_to_object&gt;$]&apos;]
(B)                                                                                                  |--b64pickle-float-1.0=True.txt -&gt; bool ------- using $&lt;read_str_from_txt&gt; =&gt; &lt;str_to_bool&gt;$
Parsing Plan created successfully

Executing Parsing Plan for [/home/travis/build/smarie/python-parsyfiles/parsyfiles/tests/combining_parsers_converters/test_data/b64pickle-float-1.0=True]
(P) /home/travis/build/smarie/python-parsyfiles/parsyfiles/tests/combining_parsers_converters/test_data/b64pickle-float-1.0=True.txt -&gt; bool ------- using $&lt;read_str_from_txt&gt; =&gt; &lt;str_to_bool&gt;$
  !! Caught error during execution !!
  File &quot;/home/travis/build/smarie/python-parsyfiles/parsyfiles/converting_core.py&quot;, line 524, in _convert
    return self.conversion_method(desired_type, source_obj, logger, **opts)
  File &quot;/home/travis/build/smarie/python-parsyfiles/parsyfiles/plugins_base/support_for_primitive_types.py&quot;, line 84, in primitive_to_bool
    return bool(strtobool(source))
  File &quot;/opt/python/3.5.5/lib/python3.5/distutils/util.py&quot;, line 317, in strtobool
    raise ValueError(&quot;invalid truth value %r&quot; % (val,))
  ParsingException : Error while parsing /home/travis/build/smarie/python-parsyfiles/parsyfiles/tests/combining_parsers_converters/test_data/b64pickle-float-1.0=True (singlefile, .txt) as a bool with parser &apos;$&lt;read_str_from_txt&gt; =&gt; &lt;str_to_bool&gt;$&apos; using options=({&apos;MultifileCollectionParser&apos;: {&apos;lazy_parsing&apos;: False}}) : caught 
  ValueError : invalid truth value &apos;ganhp/aaaaaaaaau&apos;
Rebuilding local parsing plan with next candidate parser: $&lt;read_str_from_txt&gt; =&gt; &lt;base64_ascii_str_pickle_to_object&gt; -&gt; &lt;float_to_bool&gt;$
(B)                                                                                                  |--b64pickle-float-1.0=True.txt -&gt; bool ------- using $&lt;read_str_from_txt&gt; =&gt; &lt;base64_ascii_str_pickle_to_object&gt; -&gt; &lt;float_to_bool&gt;$
DONE Rebuilding local parsing plan for [/home/travis/build/smarie/python-parsyfiles/parsyfiles/tests/combining_parsers_converters/test_data/b64pickle-float-1.0=True.txt]. Resuming parsing...
Executing Parsing Plan for [/home/travis/build/smarie/python-parsyfiles/parsyfiles/tests/combining_parsers_converters/test_data/b64pickle-float-1.0=True]
(P) /home/travis/build/smarie/python-parsyfiles/parsyfiles/tests/combining_parsers_converters/test_data/b64pickle-float-1.0=True.txt -&gt; bool ------- using $&lt;read_str_from_txt&gt; =&gt; &lt;base64_ascii_str_pickle_to_object&gt; -&gt; &lt;float_to_bool&gt;$
(P)                                                                                                  |--b64pickle-float-1.0=True.txt -&gt; bool SUCCESS !
Completed parsing successfully

**** Starting to parse single object of type &lt;bool&gt; at location /home/travis/build/smarie/python-parsyfiles/parsyfiles/tests/combining_parsers_converters/test_data/b64pickle-float-1.0=True ****
Checking all files under [/home/travis/build/smarie/python-parsyfiles/parsyfiles/tests/combining_parsers_converters/test_data/b64pickle-float-1.0=True]
(C) /home/travis/build/smarie/python-parsyfiles/parsyfiles/tests/combining_parsers_converters/test_data/b64pickle-float-1.0=True (singlefile, .txt)
File checks done

Building a parsing plan to parse [/home/travis/build/smarie/python-parsyfiles/parsyfiles/tests/combining_parsers_converters/test_data/b64pickle-float-1.0=True] into a bool
(B) /home/travis/build/smarie/python-parsyfiles/parsyfiles/tests/combining_parsers_converters/test_data/b64pickle-float-1.0=True.txt -&gt; bool ------- using [Try &apos;$&lt;read_str_from_txt&gt; =&gt; &lt;str_to_bool&gt;$&apos; then &apos;$&lt;read_str_from_txt&gt; =&gt; &lt;base64_ascii_str_pickle_to_object&gt; -&gt; &lt;float_to_bool&gt;$&apos; then &apos;$&lt;read_str_from_txt&gt; =&gt; &lt;base64_ascii_str_pickle_to_object&gt; -&gt; &lt;int_to_bool&gt;$&apos; then &apos;$&lt;read_str_from_txt&gt; =&gt; &lt;base64_ascii_str_pickle_to_object&gt; -&gt; &lt;str_to_bool&gt;$&apos; then &apos;$&lt;read_str_from_txt&gt; =&gt; &lt;base64_ascii_str_pickle_to_object&gt;$]&apos;]
(B)                                                                                                  |--b64pickle-float-1.0=True.txt -&gt; bool ------- using $&lt;read_str_from_txt&gt; =&gt; &lt;str_to_bool&gt;$
Parsing Plan created successfully

Executing Parsing Plan for [/home/travis/build/smarie/python-parsyfiles/parsyfiles/tests/combining_parsers_converters/test_data/b64pickle-float-1.0=True]
(P) /home/travis/build/smarie/python-parsyfiles/parsyfiles/tests/combining_parsers_converters/test_data/b64pickle-float-1.0=True.txt -&gt; bool ------- using $&lt;read_str_from_txt&gt; =&gt; &lt;str_to_bool&gt;$
  !! Caught error during execution !!
  File &quot;/home/travis/build/smarie/python-parsyfiles/parsyfiles/converting_core.py&quot;, line 524, in _convert
    return self.conversion_method(desired_type, source_obj, logger, **opts)
  File &quot;/home/travis/build/smarie/python-parsyfiles/parsyfiles/plugins_base/support_for_primitive_types.py&quot;, line 84, in primitive_to_bool
    return bool(strtobool(source))
  File &quot;/opt/python/3.5.5/lib/python3.5/distutils/util.py&quot;, line 317, in strtobool
    raise ValueError(&quot;invalid truth value %r&quot; % (val,))
  ParsingException : Error while parsing /home/travis/build/smarie/python-parsyfiles/parsyfiles/tests/combining_parsers_converters/test_data/b64pickle-float-1.0=True (singlefile, .txt) as a bool with parser &apos;$&lt;read_str_from_txt&gt; =&gt; &lt;str_to_bool&gt;$&apos; using options=({&apos;MultifileCollectionParser&apos;: {&apos;lazy_parsing&apos;: False}}) : caught 
  ValueError : invalid truth value &apos;ganhp/aaaaaaaaau&apos;
Rebuilding local parsing plan with next candidate parser: $&lt;read_str_from_txt&gt; =&gt; &lt;base64_ascii_str_pickle_to_object&gt; -&gt; &lt;float_to_bool&gt;$
(B)                                                                                                  |--b64pickle-float-1.0=True.txt -&gt; bool ------- using $&lt;read_str_from_txt&gt; =&gt; &lt;base64_ascii_str_pickle_to_object&gt; -&gt; &lt;float_to_bool&gt;$
DONE Rebuilding local parsing plan for [/home/travis/build/smarie/python-parsyfiles/parsyfiles/tests/combining_parsers_converters/test_data/b64pickle-float-1.0=True.txt]. Resuming parsing...
Executing Parsing Plan for [/home/travis/build/smarie/python-parsyfiles/parsyfiles/tests/combining_parsers_converters/test_data/b64pickle-float-1.0=True]
(P) /home/travis/build/smarie/python-parsyfiles/parsyfiles/tests/combining_parsers_converters/test_data/b64pickle-float-1.0=True.txt -&gt; bool ------- using $&lt;read_str_from_txt&gt; =&gt; &lt;base64_ascii_str_pickle_to_object&gt; -&gt; &lt;float_to_bool&gt;$
(P)                                                                                                  |--b64pickle-float-1.0=True.txt -&gt; bool SUCCESS !
Completed parsing successfully

**** Starting to parse single object of type &lt;bool&gt; at location /home/travis/build/smarie/python-parsyfiles/parsyfiles/tests/combining_parsers_converters/test_data/b64pickle-float-1.0=True ****
Checking all files under [/home/travis/build/smarie/python-parsyfiles/parsyfiles/tests/combining_parsers_converters/test_data/b64pickle-float-1.0=True]
(C) /home/travis/build/smarie/python-parsyfiles/parsyfiles/tests/combining_parsers_converters/test_data/b64pickle-float-1.0=True (singlefile, .txt)
File checks done

Building a parsing plan to parse [/home/travis/build/smarie/python-parsyfiles/parsyfiles/tests/combining_parsers_converters/test_data/b64pickle-float-1.0=True] into a bool
(B) /home/travis/build/smarie/python-parsyfiles/parsyfiles/tests/combining_parsers_converters/test_data/b64pickle-float-1.0=True.txt -&gt; bool ------- using [Try &apos;$&lt;read_str_from_txt&gt; =&gt; &lt;str_to_bool&gt;$&apos; then &apos;$&lt;read_str_from_txt&gt; =&gt; &lt;base64_ascii_str_pickle_to_object&gt; -&gt; &lt;float_to_bool&gt;$&apos; then &apos;$&lt;read_str_from_txt&gt; =&gt; &lt;base64_ascii_str_pickle_to_object&gt; -&gt; &lt;int_to_bool&gt;$&apos; then &apos;$&lt;read_str_from_txt&gt; =&gt; &lt;base64_ascii_str_pickle_to_object&gt; -&gt; &lt;str_to_bool&gt;$&apos; then &apos;$&lt;read_str_from_txt&gt; =&gt; &lt;base64_ascii_str_pickle_to_object&gt;$]&apos;]
(B)                                                                                                  |--b64pickle-float-1.0=True.txt -&gt; bool ------- using $&lt;read_str_from_txt&gt; =&gt; &lt;str_to_bool&gt;$
Parsing Plan created successfully

Executing Parsing Plan for [/home/travis/build/smarie/python-parsyfiles/parsyfiles/tests/combining_parsers_converters/test_data/b64pickle-float-1.0=True]
(P) /home/travis/build/smarie/python-parsyfiles/parsyfiles/tests/combining_parsers_converters/test_data/b64pickle-float-1.0=True.txt -&gt; bool ------- using $&lt;read_str_from_txt&gt; =&gt; &lt;str_to_bool&gt;$
  !! Caught error during execution !!
  File &quot;/home/travis/build/smarie/python-parsyfiles/parsyfiles/converting_core.py&quot;, line 524, in _convert
    return self.conversion_method(desired_type, source_obj, logger, **opts)
  File &quot;/home/travis/build/smarie/python-parsyfiles/parsyfiles/plugins_base/support_for_primitive_types.py&quot;, line 84, in primitive_to_bool
    return bool(strtobool(source))
  File &quot;/opt/python/3.5.5/lib/python3.5/distutils/util.py&quot;, line 317, in strtobool
    raise ValueError(&quot;invalid truth value %r&quot; % (val,))
  ParsingException : Error while parsing /home/travis/build/smarie/python-parsyfiles/parsyfiles/tests/combining_parsers_converters/test_data/b64pickle-float-1.0=True (singlefile, .txt) as a bool with parser &apos;$&lt;read_str_from_txt&gt; =&gt; &lt;str_to_bool&gt;$&apos; using options=({&apos;MultifileCollectionParser&apos;: {&apos;lazy_parsing&apos;: False}}) : caught 
  ValueError : invalid truth value &apos;ganhp/aaaaaaaaau&apos;
Rebuilding local parsing plan with next candidate parser: $&lt;read_str_from_txt&gt; =&gt; &lt;base64_ascii_str_pickle_to_object&gt; -&gt; &lt;float_to_bool&gt;$
(B)                                                                                                  |--b64pickle-float-1.0=True.txt -&gt; bool ------- using $&lt;read_str_from_txt&gt; =&gt; &lt;base64_ascii_str_pickle_to_object&gt; -&gt; &lt;float_to_bool&gt;$
DONE Rebuilding local parsing plan for [/home/travis/build/smarie/python-parsyfiles/parsyfiles/tests/combining_parsers_converters/test_data/b64pickle-float-1.0=True.txt]. Resuming parsing...
Executing Parsing Plan for [/home/travis/build/smarie/python-parsyfiles/parsyfiles/tests/combining_parsers_converters/test_data/b64pickle-float-1.0=True]
(P) /home/travis/build/smarie/python-parsyfiles/parsyfiles/tests/combining_parsers_converters/test_data/b64pickle-float-1.0=True.txt -&gt; bool ------- using $&lt;read_str_from_txt&gt; =&gt; &lt;base64_ascii_str_pickle_to_object&gt; -&gt; &lt;float_to_bool&gt;$
(P)                                                                                                  |--b64pickle-float-1.0=True.txt -&gt; bool SUCCESS !
Completed parsing successfully

**** Starting to parse single object of type &lt;bool&gt; at location /home/travis/build/smarie/python-parsyfiles/parsyfiles/tests/combining_parsers_converters/test_data/b64pickle-float-1.0=True ****
Checking all files under [/home/travis/build/smarie/python-parsyfiles/parsyfiles/tests/combining_parsers_converters/test_data/b64pickle-float-1.0=True]
(C) /home/travis/build/smarie/python-parsyfiles/parsyfiles/tests/combining_parsers_converters/test_data/b64pickle-float-1.0=True (singlefile, .txt)
File checks done

Building a parsing plan to parse [/home/travis/build/smarie/python-parsyfiles/parsyfiles/tests/combining_parsers_converters/test_data/b64pickle-float-1.0=True] into a bool
(B) /home/travis/build/smarie/python-parsyfiles/parsyfiles/tests/combining_parsers_converters/test_data/b64pickle-float-1.0=True.txt -&gt; bool ------- using [Try &apos;$&lt;read_str_from_txt&gt; =&gt; &lt;str_to_bool&gt;$&apos; then &apos;$&lt;read_str_from_txt&gt; =&gt; &lt;base64_ascii_str_pickle_to_object&gt; -&gt; &lt;float_to_bool&gt;$&apos; then &apos;$&lt;read_str_from_txt&gt; =&gt; &lt;base64_ascii_str_pickle_to_object&gt; -&gt; &lt;int_to_bool&gt;$&apos; then &apos;$&lt;read_str_from_txt&gt; =&gt; &lt;base64_ascii_str_pickle_to_object&gt; -&gt; &lt;str_to_bool&gt;$&apos; then &apos;$&lt;read_str_from_txt&gt; =&gt; &lt;base64_ascii_str_pickle_to_object&gt;$]&apos;]
(B)                                                                                                  |--b64pickle-float-1.0=True.txt -&gt; bool ------- using $&lt;read_str_from_txt&gt; =&gt; &lt;str_to_bool&gt;$
Parsing Plan created successfully

Executing Parsing Plan for [/home/travis/build/smarie/python-parsyfiles/parsyfiles/tests/combining_parsers_converters/test_data/b64pickle-float-1.0=True]
(P) /home/travis/build/smarie/python-parsyfiles/parsyfiles/tests/combining_parsers_converters/test_data/b64pickle-float-1.0=True.txt -&gt; bool ------- using $&lt;read_str_from_txt&gt; =&gt; &lt;str_to_bool&gt;$
  !! Caught error during execution !!
  File &quot;/home/travis/build/smarie/python-parsyfiles/parsyfiles/converting_core.py&quot;, line 524, in _convert
    return self.conversion_method(desired_type, source_obj, logger, **opts)
  File &quot;/home/travis/build/smarie/python-parsyfiles/parsyfiles/plugins_base/support_for_primitive_types.py&quot;, line 84, in primitive_to_bool
    return bool(strtobool(source))
  File &quot;/opt/python/3.5.5/lib/python3.5/distutils/util.py&quot;, line 317, in strtobool
    raise ValueError(&quot;invalid truth value %r&quot; % (val,))
  ParsingException : Error while parsing /home/travis/build/smarie/python-parsyfiles/parsyfiles/tests/combining_parsers_converters/test_data/b64pickle-float-1.0=True (singlefile, .txt) as a bool with parser &apos;$&lt;read_str_from_txt&gt; =&gt; &lt;str_to_bool&gt;$&apos; using options=({&apos;MultifileCollectionParser&apos;: {&apos;lazy_parsing&apos;: False}}) : caught 
  ValueError : invalid truth value &apos;ganhp/aaaaaaaaau&apos;
Rebuilding local parsing plan with next candidate parser: $&lt;read_str_from_txt&gt; =&gt; &lt;base64_ascii_str_pickle_to_object&gt; -&gt; &lt;float_to_bool&gt;$
(B)                                                                                                  |--b64pickle-float-1.0=True.txt -&gt; bool ------- using $&lt;read_str_from_txt&gt; =&gt; &lt;base64_ascii_str_pickle_to_object&gt; -&gt; &lt;float_to_bool&gt;$
DONE Rebuilding local parsing plan for [/home/travis/build/smarie/python-parsyfiles/parsyfiles/tests/combining_parsers_converters/test_data/b64pickle-float-1.0=True.txt]. Resuming parsing...
Executing Parsing Plan for [/home/travis/build/smarie/python-parsyfiles/parsyfiles/tests/combining_parsers_converters/test_data/b64pickle-float-1.0=True]
(P) /home/travis/build/smarie/python-parsyfiles/parsyfiles/tests/combining_parsers_converters/test_data/b64pickle-float-1.0=True.txt -&gt; bool ------- using $&lt;read_str_from_txt&gt; =&gt; &lt;base64_ascii_str_pickle_to_object&gt; -&gt; &lt;float_to_bool&gt;$
(P)                                                                                                  |--b64pickle-float-1.0=True.txt -&gt; bool SUCCESS !
Completed parsing successfully

**** Starting to parse single object of type &lt;bool&gt; at location /home/travis/build/smarie/python-parsyfiles/parsyfiles/tests/combining_parsers_converters/test_data/b64pickle-float-1.0=True ****
Checking all files under [/home/travis/build/smarie/python-parsyfiles/parsyfiles/tests/combining_parsers_converters/test_data/b64pickle-float-1.0=True]
(C) /home/travis/build/smarie/python-parsyfiles/parsyfiles/tests/combining_parsers_converters/test_data/b64pickle-float-1.0=True (singlefile, .txt)
File checks done

Building a parsing plan to parse [/home/travis/build/smarie/python-parsyfiles/parsyfiles/tests/combining_parsers_converters/test_data/b64pickle-float-1.0=True] into a bool
(B) /home/travis/build/smarie/python-parsyfiles/parsyfiles/tests/combining_parsers_converters/test_data/b64pickle-float-1.0=True.txt -&gt; bool ------- using [Try &apos;$&lt;read_str_from_txt&gt; =&gt; &lt;str_to_bool&gt;$&apos; then &apos;$&lt;read_str_from_txt&gt; =&gt; &lt;base64_ascii_str_pickle_to_object&gt; -&gt; &lt;float_to_bool&gt;$&apos; then &apos;$&lt;read_str_from_txt&gt; =&gt; &lt;base64_ascii_str_pickle_to_object&gt; -&gt; &lt;int_to_bool&gt;$&apos; then &apos;$&lt;read_str_from_txt&gt; =&gt; &lt;base64_ascii_str_pickle_to_object&gt; -&gt; &lt;str_to_bool&gt;$&apos; then &apos;$&lt;read_str_from_txt&gt; =&gt; &lt;base64_ascii_str_pickle_to_object&gt;$]&apos;]
(B)                                                                                                  |--b64pickle-float-1.0=True.txt -&gt; bool ------- using $&lt;read_str_from_txt&gt; =&gt; &lt;str_to_bool&gt;$
Parsing Plan created successfully

Executing Parsing Plan for [/home/travis/build/smarie/python-parsyfiles/parsyfiles/tests/combining_parsers_converters/test_data/b64pickle-float-1.0=True]
(P) /home/travis/build/smarie/python-parsyfiles/parsyfiles/tests/combining_parsers_converters/test_data/b64pickle-float-1.0=True.txt -&gt; bool ------- using $&lt;read_str_from_txt&gt; =&gt; &lt;str_to_bool&gt;$
  !! Caught error during execution !!
  File &quot;/home/travis/build/smarie/python-parsyfiles/parsyfiles/converting_core.py&quot;, line 524, in _convert
    return self.conversion_method(desired_type, source_obj, logger, **opts)
  File &quot;/home/travis/build/smarie/python-parsyfiles/parsyfiles/plugins_base/support_for_primitive_types.py&quot;, line 84, in primitive_to_bool
    return bool(strtobool(source))
  File &quot;/opt/python/3.5.5/lib/python3.5/distutils/util.py&quot;, line 317, in strtobool
    raise ValueError(&quot;invalid truth value %r&quot; % (val,))
  ParsingException : Error while parsing /home/travis/build/smarie/python-parsyfiles/parsyfiles/tests/combining_parsers_converters/test_data/b64pickle-float-1.0=True (singlefile, .txt) as a bool with parser &apos;$&lt;read_str_from_txt&gt; =&gt; &lt;str_to_bool&gt;$&apos; using options=({&apos;MultifileCollectionParser&apos;: {&apos;lazy_parsing&apos;: False}}) : caught 
  ValueError : invalid truth value &apos;ganhp/aaaaaaaaau&apos;
Rebuilding local parsing plan with next candidate parser: $&lt;read_str_from_txt&gt; =&gt; &lt;base64_ascii_str_pickle_to_object&gt; -&gt; &lt;float_to_bool&gt;$
(B)                                                                                                  |--b64pickle-float-1.0=True.txt -&gt; bool ------- using $&lt;read_str_from_txt&gt; =&gt; &lt;base64_ascii_str_pickle_to_object&gt; -&gt; &lt;float_to_bool&gt;$
DONE Rebuilding local parsing plan for [/home/travis/build/smarie/python-parsyfiles/parsyfiles/tests/combining_parsers_converters/test_data/b64pickle-float-1.0=True.txt]. Resuming parsing...
Executing Parsing Plan for [/home/travis/build/smarie/python-parsyfiles/parsyfiles/tests/combining_parsers_converters/test_data/b64pickle-float-1.0=True]
(P) /home/travis/build/smarie/python-parsyfiles/parsyfiles/tests/combining_parsers_converters/test_data/b64pickle-float-1.0=True.txt -&gt; bool ------- using $&lt;read_str_from_txt&gt; =&gt; &lt;base64_ascii_str_pickle_to_object&gt; -&gt; &lt;float_to_bool&gt;$
(P)                                                                                                  |--b64pickle-float-1.0=True.txt -&gt; bool SUCCESS !
Completed parsing successfully

**** Starting to parse single object of type &lt;bool&gt; at location /home/travis/build/smarie/python-parsyfiles/parsyfiles/tests/combining_parsers_converters/test_data/b64pickle-float-1.0=True ****
Checking all files under [/home/travis/build/smarie/python-parsyfiles/parsyfiles/tests/combining_parsers_converters/test_data/b64pickle-float-1.0=True]
(C) /home/travis/build/smarie/python-parsyfiles/parsyfiles/tests/combining_parsers_converters/test_data/b64pickle-float-1.0=True (singlefile, .txt)
File checks done

Building a parsing plan to parse [/home/travis/build/smarie/python-parsyfiles/parsyfiles/tests/combining_parsers_converters/test_data/b64pickle-float-1.0=True] into a bool
(B) /home/travis/build/smarie/python-parsyfiles/parsyfiles/tests/combining_parsers_converters/test_data/b64pickle-float-1.0=True.txt -&gt; bool ------- using [Try &apos;$&lt;read_str_from_txt&gt; =&gt; &lt;str_to_bool&gt;$&apos; then &apos;$&lt;read_str_from_txt&gt; =&gt; &lt;base64_ascii_str_pickle_to_object&gt; -&gt; &lt;float_to_bool&gt;$&apos; then &apos;$&lt;read_str_from_txt&gt; =&gt; &lt;base64_ascii_str_pickle_to_object&gt; -&gt; &lt;int_to_bool&gt;$&apos; then &apos;$&lt;read_str_from_txt&gt; =&gt; &lt;base64_ascii_str_pickle_to_object&gt; -&gt; &lt;str_to_bool&gt;$&apos; then &apos;$&lt;read_str_from_txt&gt; =&gt; &lt;base64_ascii_str_pickle_to_object&gt;$]&apos;]
(B)                                                                                                  |--b64pickle-float-1.0=True.txt -&gt; bool ------- using $&lt;read_str_from_txt&gt; =&gt; &lt;str_to_bool&gt;$
Parsing Plan created successfully

Executing Parsing Plan for [/home/travis/build/smarie/python-parsyfiles/parsyfiles/tests/combining_parsers_converters/test_data/b64pickle-float-1.0=True]
(P) /home/travis/build/smarie/python-parsyfiles/parsyfiles/tests/combining_parsers_converters/test_data/b64pickle-float-1.0=True.txt -&gt; bool ------- using $&lt;read_str_from_txt&gt; =&gt; &lt;str_to_bool&gt;$
  !! Caught error during execution !!
  File &quot;/home/travis/build/smarie/python-parsyfiles/parsyfiles/converting_core.py&quot;, line 524, in _convert
    return self.conversion_method(desired_type, source_obj, logger, **opts)
  File &quot;/home/travis/build/smarie/python-parsyfiles/parsyfiles/plugins_base/support_for_primitive_types.py&quot;, line 84, in primitive_to_bool
    return bool(strtobool(source))
  File &quot;/opt/python/3.5.5/lib/python3.5/distutils/util.py&quot;, line 317, in strtobool
    raise ValueError(&quot;invalid truth value %r&quot; % (val,))
  ParsingException : Error while parsing /home/travis/build/smarie/python-parsyfiles/parsyfiles/tests/combining_parsers_converters/test_data/b64pickle-float-1.0=True (singlefile, .txt) as a bool with parser &apos;$&lt;read_str_from_txt&gt; =&gt; &lt;str_to_bool&gt;$&apos; using options=({&apos;MultifileCollectionParser&apos;: {&apos;lazy_parsing&apos;: False}}) : caught 
  ValueError : invalid truth value &apos;ganhp/aaaaaaaaau&apos;
Rebuilding local parsing plan with next candidate parser: $&lt;read_str_from_txt&gt; =&gt; &lt;base64_ascii_str_pickle_to_object&gt; -&gt; &lt;float_to_bool&gt;$
(B)                                                                                                  |--b64pickle-float-1.0=True.txt -&gt; bool ------- using $&lt;read_str_from_txt&gt; =&gt; &lt;base64_ascii_str_pickle_to_object&gt; -&gt; &lt;float_to_bool&gt;$
DONE Rebuilding local parsing plan for [/home/travis/build/smarie/python-parsyfiles/parsyfiles/tests/combining_parsers_converters/test_data/b64pickle-float-1.0=True.txt]. Resuming parsing...
Executing Parsing Plan for [/home/travis/build/smarie/python-parsyfiles/parsyfiles/tests/combining_parsers_converters/test_data/b64pickle-float-1.0=True]
(P) /home/travis/build/smarie/python-parsyfiles/parsyfiles/tests/combining_parsers_converters/test_data/b64pickle-float-1.0=True.txt -&gt; bool ------- using $&lt;read_str_from_txt&gt; =&gt; &lt;base64_ascii_str_pickle_to_object&gt; -&gt; &lt;float_to_bool&gt;$
(P)                                                                                                  |--b64pickle-float-1.0=True.txt -&gt; bool SUCCESS !
Completed parsing successfully

**** Starting to parse single object of type &lt;bool&gt; at location /home/travis/build/smarie/python-parsyfiles/parsyfiles/tests/combining_parsers_converters/test_data/b64pickle-float-1.0=True ****
Checking all files under [/home/travis/build/smarie/python-parsyfiles/parsyfiles/tests/combining_parsers_converters/test_data/b64pickle-float-1.0=True]
(C) /home/travis/build/smarie/python-parsyfiles/parsyfiles/tests/combining_parsers_converters/test_data/b64pickle-float-1.0=True (singlefile, .txt)
File checks done

Building a parsing plan to parse [/home/travis/build/smarie/python-parsyfiles/parsyfiles/tests/combining_parsers_converters/test_data/b64pickle-float-1.0=True] into a bool
(B) /home/travis/build/smarie/python-parsyfiles/parsyfiles/tests/combining_parsers_converters/test_data/b64pickle-float-1.0=True.txt -&gt; bool ------- using [Try &apos;$&lt;read_str_from_txt&gt; =&gt; &lt;str_to_bool&gt;$&apos; then &apos;$&lt;read_str_from_txt&gt; =&gt; &lt;base64_ascii_str_pickle_to_object&gt; -&gt; &lt;float_to_bool&gt;$&apos; then &apos;$&lt;read_str_from_txt&gt; =&gt; &lt;base64_ascii_str_pickle_to_object&gt; -&gt; &lt;int_to_bool&gt;$&apos; then &apos;$&lt;read_str_from_txt&gt; =&gt; &lt;base64_ascii_str_pickle_to_object&gt; -&gt; &lt;str_to_bool&gt;$&apos; then &apos;$&lt;read_str_from_txt&gt; =&gt; &lt;base64_ascii_str_pickle_to_object&gt;$]&apos;]
(B)                                                                                                  |--b64pickle-float-1.0=True.txt -&gt; bool ------- using $&lt;read_str_from_txt&gt; =&gt; &lt;str_to_bool&gt;$
Parsing Plan created successfully

Executing Parsing Plan for [/home/travis/build/smarie/python-parsyfiles/parsyfiles/tests/combining_parsers_converters/test_data/b64pickle-float-1.0=True]
(P) /home/travis/build/smarie/python-parsyfiles/parsyfiles/tests/combining_parsers_converters/test_data/b64pickle-float-1.0=True.txt -&gt; bool ------- using $&lt;read_str_from_txt&gt; =&gt; &lt;str_to_bool&gt;$
  !! Caught error during execution !!
  File &quot;/home/travis/build/smarie/python-parsyfiles/parsyfiles/converting_core.py&quot;, line 524, in _convert
    return self.conversion_method(desired_type, source_obj, logger, **opts)
  File &quot;/home/travis/build/smarie/python-parsyfiles/parsyfiles/plugins_base/support_for_primitive_types.py&quot;, line 84, in primitive_to_bool
    return bool(strtobool(source))
  File &quot;/opt/python/3.5.5/lib/python3.5/distutils/util.py&quot;, line 317, in strtobool
    raise ValueError(&quot;invalid truth value %r&quot; % (val,))
  ParsingException : Error while parsing /home/travis/build/smarie/python-parsyfiles/parsyfiles/tests/combining_parsers_converters/test_data/b64pickle-float-1.0=True (singlefile, .txt) as a bool with parser &apos;$&lt;read_str_from_txt&gt; =&gt; &lt;str_to_bool&gt;$&apos; using options=({&apos;MultifileCollectionParser&apos;: {&apos;lazy_parsing&apos;: False}}) : caught 
  ValueError : invalid truth value &apos;ganhp/aaaaaaaaau&apos;
Rebuilding local parsing plan with next candidate parser: $&lt;read_str_from_txt&gt; =&gt; &lt;base64_ascii_str_pickle_to_object&gt; -&gt; &lt;float_to_bool&gt;$
(B)                                                                                                  |--b64pickle-float-1.0=True.txt -&gt; bool ------- using $&lt;read_str_from_txt&gt; =&gt; &lt;base64_ascii_str_pickle_to_object&gt; -&gt; &lt;float_to_bool&gt;$
DONE Rebuilding local parsing plan for [/home/travis/build/smarie/python-parsyfiles/parsyfiles/tests/combining_parsers_converters/test_data/b64pickle-float-1.0=True.txt]. Resuming parsing...
Executing Parsing Plan for [/home/travis/build/smarie/python-parsyfiles/parsyfiles/tests/combining_parsers_converters/test_data/b64pickle-float-1.0=True]
(P) /home/travis/build/smarie/python-parsyfiles/parsyfiles/tests/combining_parsers_converters/test_data/b64pickle-float-1.0=True.txt -&gt; bool ------- using $&lt;read_str_from_txt&gt; =&gt; &lt;base64_ascii_str_pickle_to_object&gt; -&gt; &lt;float_to_bool&gt;$
(P)                                                                                                  |--b64pickle-float-1.0=True.txt -&gt; bool SUCCESS !
Completed parsing successfully

**** Starting to parse single object of type &lt;bool&gt; at location /home/travis/build/smarie/python-parsyfiles/parsyfiles/tests/combining_parsers_converters/test_data/b64pickle-float-1.0=True ****
Checking all files under [/home/travis/build/smarie/python-parsyfiles/parsyfiles/tests/combining_parsers_converters/test_data/b64pickle-float-1.0=True]
(C) /home/travis/build/smarie/python-parsyfiles/parsyfiles/tests/combining_parsers_converters/test_data/b64pickle-float-1.0=True (singlefile, .txt)
File checks done

Building a parsing plan to parse [/home/travis/build/smarie/python-parsyfiles/parsyfiles/tests/combining_parsers_converters/test_data/b64pickle-float-1.0=True] into a bool
(B) /home/travis/build/smarie/python-parsyfiles/parsyfiles/tests/combining_parsers_converters/test_data/b64pickle-float-1.0=True.txt -&gt; bool ------- using [Try &apos;$&lt;read_str_from_txt&gt; =&gt; &lt;str_to_bool&gt;$&apos; then &apos;$&lt;read_str_from_txt&gt; =&gt; &lt;base64_ascii_str_pickle_to_object&gt; -&gt; &lt;float_to_bool&gt;$&apos; then &apos;$&lt;read_str_from_txt&gt; =&gt; &lt;base64_ascii_str_pickle_to_object&gt; -&gt; &lt;int_to_bool&gt;$&apos; then &apos;$&lt;read_str_from_txt&gt; =&gt; &lt;base64_ascii_str_pickle_to_object&gt; -&gt; &lt;str_to_bool&gt;$&apos; then &apos;$&lt;read_str_from_txt&gt; =&gt; &lt;base64_ascii_str_pickle_to_object&gt;$]&apos;]
(B)                                                                                                  |--b64pickle-float-1.0=True.txt -&gt; bool ------- using $&lt;read_str_from_txt&gt; =&gt; &lt;str_to_bool&gt;$
Parsing Plan created successfully

Executing Parsing Plan for [/home/travis/build/smarie/python-parsyfiles/parsyfiles/tests/combining_parsers_converters/test_data/b64pickle-float-1.0=True]
(P) /home/travis/build/smarie/python-parsyfiles/parsyfiles/tests/combining_parsers_converters/test_data/b64pickle-float-1.0=True.txt -&gt; bool ------- using $&lt;read_str_from_txt&gt; =&gt; &lt;str_to_bool&gt;$
  !! Caught error during execution !!
  File &quot;/home/travis/build/smarie/python-parsyfiles/parsyfiles/converting_core.py&quot;, line 524, in _convert
    return self.conversion_method(desired_type, source_obj, logger, **opts)
  File &quot;/home/travis/build/smarie/python-parsyfiles/parsyfiles/plugins_base/support_for_primitive_types.py&quot;, line 84, in primitive_to_bool
    return bool(strtobool(source))
  File &quot;/opt/python/3.5.5/lib/python3.5/distutils/util.py&quot;, line 317, in strtobool
    raise ValueError(&quot;invalid truth value %r&quot; % (val,))
  ParsingException : Error while parsing /home/travis/build/smarie/python-parsyfiles/parsyfiles/tests/combining_parsers_converters/test_data/b64pickle-float-1.0=True (singlefile, .txt) as a bool with parser &apos;$&lt;read_str_from_txt&gt; =&gt; &lt;str_to_bool&gt;$&apos; using options=({&apos;MultifileCollectionParser&apos;: {&apos;lazy_parsing&apos;: False}}) : caught 
  ValueError : invalid truth value &apos;ganhp/aaaaaaaaau&apos;
Rebuilding local parsing plan with next candidate parser: $&lt;read_str_from_txt&gt; =&gt; &lt;base64_ascii_str_pickle_to_object&gt; -&gt; &lt;float_to_bool&gt;$
(B)                                                                                                  |--b64pickle-float-1.0=True.txt -&gt; bool ------- using $&lt;read_str_from_txt&gt; =&gt; &lt;base64_ascii_str_pickle_to_object&gt; -&gt; &lt;float_to_bool&gt;$
DONE Rebuilding local parsing plan for [/home/travis/build/smarie/python-parsyfiles/parsyfiles/tests/combining_parsers_converters/test_data/b64pickle-float-1.0=True.txt]. Resuming parsing...
Executing Parsing Plan for [/home/travis/build/smarie/python-parsyfiles/parsyfiles/tests/combining_parsers_converters/test_data/b64pickle-float-1.0=True]
(P) /home/travis/build/smarie/python-parsyfiles/parsyfiles/tests/combining_parsers_converters/test_data/b64pickle-float-1.0=True.txt -&gt; bool ------- using $&lt;read_str_from_txt&gt; =&gt; &lt;base64_ascii_str_pickle_to_object&gt; -&gt; &lt;float_to_bool&gt;$
(P)                                                                                                  |--b64pickle-float-1.0=True.txt -&gt; bool SUCCESS !
Completed parsing successfully

**** Starting to parse single object of type &lt;bool&gt; at location /home/travis/build/smarie/python-parsyfiles/parsyfiles/tests/combining_parsers_converters/test_data/b64pickle-float-1.0=True ****
Checking all files under [/home/travis/build/smarie/python-parsyfiles/parsyfiles/tests/combining_parsers_converters/test_data/b64pickle-float-1.0=True]
(C) /home/travis/build/smarie/python-parsyfiles/parsyfiles/tests/combining_parsers_converters/test_data/b64pickle-float-1.0=True (singlefile, .txt)
File checks done

Building a parsing plan to parse [/home/travis/build/smarie/python-parsyfiles/parsyfiles/tests/combining_parsers_converters/test_data/b64pickle-float-1.0=True] into a bool
(B) /home/travis/build/smarie/python-parsyfiles/parsyfiles/tests/combining_parsers_converters/test_data/b64pickle-float-1.0=True.txt -&gt; bool ------- using [Try &apos;$&lt;read_str_from_txt&gt; =&gt; &lt;str_to_bool&gt;$&apos; then &apos;$&lt;read_str_from_txt&gt; =&gt; &lt;base64_ascii_str_pickle_to_object&gt; -&gt; &lt;float_to_bool&gt;$&apos; then &apos;$&lt;read_str_from_txt&gt; =&gt; &lt;base64_ascii_str_pickle_to_object&gt; -&gt; &lt;int_to_bool&gt;$&apos; then &apos;$&lt;read_str_from_txt&gt; =&gt; &lt;base64_ascii_str_pickle_to_object&gt; -&gt; &lt;str_to_bool&gt;$&apos; then &apos;$&lt;read_str_from_txt&gt; =&gt; &lt;base64_ascii_str_pickle_to_object&gt;$]&apos;]
(B)                                                                                                  |--b64pickle-float-1.0=True.txt -&gt; bool ------- using $&lt;read_str_from_txt&gt; =&gt; &lt;str_to_bool&gt;$
Parsing Plan created successfully

Executing Parsing Plan for [/home/travis/build/smarie/python-parsyfiles/parsyfiles/tests/combining_parsers_converters/test_data/b64pickle-float-1.0=True]
(P) /home/travis/build/smarie/python-parsyfiles/parsyfiles/tests/combining_parsers_converters/test_data/b64pickle-float-1.0=True.txt -&gt; bool ------- using $&lt;read_str_from_txt&gt; =&gt; &lt;str_to_bool&gt;$
  !! Caught error during execution !!
  File &quot;/home/travis/build/smarie/python-parsyfiles/parsyfiles/converting_core.py&quot;, line 524, in _convert
    return self.conversion_method(desired_type, source_obj, logger, **opts)
  File &quot;/home/travis/build/smarie/python-parsyfiles/parsyfiles/plugins_base/support_for_primitive_types.py&quot;, line 84, in primitive_to_bool
    return bool(strtobool(source))
  File &quot;/opt/python/3.5.5/lib/python3.5/distutils/util.py&quot;, line 317, in strtobool
    raise ValueError(&quot;invalid truth value %r&quot; % (val,))
  ParsingException : Error while parsing /home/travis/build/smarie/python-parsyfiles/parsyfiles/tests/combining_parsers_converters/test_data/b64pickle-float-1.0=True (singlefile, .txt) as a bool with parser &apos;$&lt;read_str_from_txt&gt; =&gt; &lt;str_to_bool&gt;$&apos; using options=({&apos;MultifileCollectionParser&apos;: {&apos;lazy_parsing&apos;: False}}) : caught 
  ValueError : invalid truth value &apos;ganhp/aaaaaaaaau&apos;
Rebuilding local parsing plan with next candidate parser: $&lt;read_str_from_txt&gt; =&gt; &lt;base64_ascii_str_pickle_to_object&gt; -&gt; &lt;float_to_bool&gt;$
(B)                                                                                                  |--b64pickle-float-1.0=True.txt -&gt; bool ------- using $&lt;read_str_from_txt&gt; =&gt; &lt;base64_ascii_str_pickle_to_object&gt; -&gt; &lt;float_to_bool&gt;$
DONE Rebuilding local parsing plan for [/home/travis/build/smarie/python-parsyfiles/parsyfiles/tests/combining_parsers_converters/test_data/b64pickle-float-1.0=True.txt]. Resuming parsing...
Executing Parsing Plan for [/home/travis/build/smarie/python-parsyfiles/parsyfiles/tests/combining_parsers_converters/test_data/b64pickle-float-1.0=True]
(P) /home/travis/build/smarie/python-parsyfiles/parsyfiles/tests/combining_parsers_converters/test_data/b64pickle-float-1.0=True.txt -&gt; bool ------- using $&lt;read_str_from_txt&gt; =&gt; &lt;base64_ascii_str_pickle_to_object&gt; -&gt; &lt;float_to_bool&gt;$
(P)                                                                                                  |--b64pickle-float-1.0=True.txt -&gt; bool SUCCESS !
Completed parsing successfully

**** Starting to parse single object of type &lt;bool&gt; at location /home/travis/build/smarie/python-parsyfiles/parsyfiles/tests/combining_parsers_converters/test_data/b64pickle-float-1.0=True ****
Checking all files under [/home/travis/build/smarie/python-parsyfiles/parsyfiles/tests/combining_parsers_converters/test_data/b64pickle-float-1.0=True]
(C) /home/travis/build/smarie/python-parsyfiles/parsyfiles/tests/combining_parsers_converters/test_data/b64pickle-float-1.0=True (singlefile, .txt)
File checks done

Building a parsing plan to parse [/home/travis/build/smarie/python-parsyfiles/parsyfiles/tests/combining_parsers_converters/test_data/b64pickle-float-1.0=True] into a bool
(B) /home/travis/build/smarie/python-parsyfiles/parsyfiles/tests/combining_parsers_converters/test_data/b64pickle-float-1.0=True.txt -&gt; bool ------- using [Try &apos;$&lt;read_str_from_txt&gt; =&gt; &lt;str_to_bool&gt;$&apos; then &apos;$&lt;read_str_from_txt&gt; =&gt; &lt;base64_ascii_str_pickle_to_object&gt; -&gt; &lt;float_to_bool&gt;$&apos; then &apos;$&lt;read_str_from_txt&gt; =&gt; &lt;base64_ascii_str_pickle_to_object&gt; -&gt; &lt;int_to_bool&gt;$&apos; then &apos;$&lt;read_str_from_txt&gt; =&gt; &lt;base64_ascii_str_pickle_to_object&gt; -&gt; &lt;str_to_bool&gt;$&apos; then &apos;$&lt;read_str_from_txt&gt; =&gt; &lt;base64_ascii_str_pickle_to_object&gt;$]&apos;]
(B)                                                                                                  |--b64pickle-float-1.0=True.txt -&gt; bool ------- using $&lt;read_str_from_txt&gt; =&gt; &lt;str_to_bool&gt;$
Parsing Plan created successfully

Executing Parsing Plan for [/home/travis/build/smarie/python-parsyfiles/parsyfiles/tests/combining_parsers_converters/test_data/b64pickle-float-1.0=True]
(P) /home/travis/build/smarie/python-parsyfiles/parsyfiles/tests/combining_parsers_converters/test_data/b64pickle-float-1.0=True.txt -&gt; bool ------- using $&lt;read_str_from_txt&gt; =&gt; &lt;str_to_bool&gt;$
  !! Caught error during execution !!
  File &quot;/home/travis/build/smarie/python-parsyfiles/parsyfiles/converting_core.py&quot;, line 524, in _convert
    return self.conversion_method(desired_type, source_obj, logger, **opts)
  File &quot;/home/travis/build/smarie/python-parsyfiles/parsyfiles/plugins_base/support_for_primitive_types.py&quot;, line 84, in primitive_to_bool
    return bool(strtobool(source))
  File &quot;/opt/python/3.5.5/lib/python3.5/distutils/util.py&quot;, line 317, in strtobool
    raise ValueError(&quot;invalid truth value %r&quot; % (val,))
  ParsingException : Error while parsing /home/travis/build/smarie/python-parsyfiles/parsyfiles/tests/combining_parsers_converters/test_data/b64pickle-float-1.0=True (singlefile, .txt) as a bool with parser &apos;$&lt;read_str_from_txt&gt; =&gt; &lt;str_to_bool&gt;$&apos; using options=({&apos;MultifileCollectionParser&apos;: {&apos;lazy_parsing&apos;: False}}) : caught 
  ValueError : invalid truth value &apos;ganhp/aaaaaaaaau&apos;
Rebuilding local parsing plan with next candidate parser: $&lt;read_str_from_txt&gt; =&gt; &lt;base64_ascii_str_pickle_to_object&gt; -&gt; &lt;float_to_bool&gt;$
(B)                                                                                                  |--b64pickle-float-1.0=True.txt -&gt; bool ------- using $&lt;read_str_from_txt&gt; =&gt; &lt;base64_ascii_str_pickle_to_object&gt; -&gt; &lt;float_to_bool&gt;$
DONE Rebuilding local parsing plan for [/home/travis/build/smarie/python-parsyfiles/parsyfiles/tests/combining_parsers_converters/test_data/b64pickle-float-1.0=True.txt]. Resuming parsing...
Executing Parsing Plan for [/home/travis/build/smarie/python-parsyfiles/parsyfiles/tests/combining_parsers_converters/test_data/b64pickle-float-1.0=True]
(P) /home/travis/build/smarie/python-parsyfiles/parsyfiles/tests/combining_parsers_converters/test_data/b64pickle-float-1.0=True.txt -&gt; bool ------- using $&lt;read_str_from_txt&gt; =&gt; &lt;base64_ascii_str_pickle_to_object&gt; -&gt; &lt;float_to_bool&gt;$
(P)                                                                                                  |--b64pickle-float-1.0=True.txt -&gt; bool SUCCESS !
Completed parsing successfully

**** Starting to parse single object of type &lt;bool&gt; at location /home/travis/build/smarie/python-parsyfiles/parsyfiles/tests/combining_parsers_converters/test_data/b64pickle-float-1.0=True ****
Checking all files under [/home/travis/build/smarie/python-parsyfiles/parsyfiles/tests/combining_parsers_converters/test_data/b64pickle-float-1.0=True]
(C) /home/travis/build/smarie/python-parsyfiles/parsyfiles/tests/combining_parsers_converters/test_data/b64pickle-float-1.0=True (singlefile, .txt)
File checks done

Building a parsing plan to parse [/home/travis/build/smarie/python-parsyfiles/parsyfiles/tests/combining_parsers_converters/test_data/b64pickle-float-1.0=True] into a bool
(B) /home/travis/build/smarie/python-parsyfiles/parsyfiles/tests/combining_parsers_converters/test_data/b64pickle-float-1.0=True.txt -&gt; bool ------- using [Try &apos;$&lt;read_str_from_txt&gt; =&gt; &lt;str_to_bool&gt;$&apos; then &apos;$&lt;read_str_from_txt&gt; =&gt; &lt;base64_ascii_str_pickle_to_object&gt; -&gt; &lt;float_to_bool&gt;$&apos; then &apos;$&lt;read_str_from_txt&gt; =&gt; &lt;base64_ascii_str_pickle_to_object&gt; -&gt; &lt;int_to_bool&gt;$&apos; then &apos;$&lt;read_str_from_txt&gt; =&gt; &lt;base64_ascii_str_pickle_to_object&gt; -&gt; &lt;str_to_bool&gt;$&apos; then &apos;$&lt;read_str_from_txt&gt; =&gt; &lt;base64_ascii_str_pickle_to_object&gt;$]&apos;]
(B)                                                                                                  |--b64pickle-float-1.0=True.txt -&gt; bool ------- using $&lt;read_str_from_txt&gt; =&gt; &lt;str_to_bool&gt;$
Parsing Plan created successfully

Executing Parsing Plan for [/home/travis/build/smarie/python-parsyfiles/parsyfiles/tests/combining_parsers_converters/test_data/b64pickle-float-1.0=True]
(P) /home/travis/build/smarie/python-parsyfiles/parsyfiles/tests/combining_parsers_converters/test_data/b64pickle-float-1.0=True.txt -&gt; bool ------- using $&lt;read_str_from_txt&gt; =&gt; &lt;str_to_bool&gt;$
  !! Caught error during execution !!
  File &quot;/home/travis/build/smarie/python-parsyfiles/parsyfiles/converting_core.py&quot;, line 524, in _convert
    return self.conversion_method(desired_type, source_obj, logger, **opts)
  File &quot;/home/travis/build/smarie/python-parsyfiles/parsyfiles/plugins_base/support_for_primitive_types.py&quot;, line 84, in primitive_to_bool
    return bool(strtobool(source))
  File &quot;/opt/python/3.5.5/lib/python3.5/distutils/util.py&quot;, line 317, in strtobool
    raise ValueError(&quot;invalid truth value %r&quot; % (val,))
  ParsingException : Error while parsing /home/travis/build/smarie/python-parsyfiles/parsyfiles/tests/combining_parsers_converters/test_data/b64pickle-float-1.0=True (singlefile, .txt) as a bool with parser &apos;$&lt;read_str_from_txt&gt; =&gt; &lt;str_to_bool&gt;$&apos; using options=({&apos;MultifileCollectionParser&apos;: {&apos;lazy_parsing&apos;: False}}) : caught 
  ValueError : invalid truth value &apos;ganhp/aaaaaaaaau&apos;
Rebuilding local parsing plan with next candidate parser: $&lt;read_str_from_txt&gt; =&gt; &lt;base64_ascii_str_pickle_to_object&gt; -&gt; &lt;float_to_bool&gt;$
(B)                                                                                                  |--b64pickle-float-1.0=True.txt -&gt; bool ------- using $&lt;read_str_from_txt&gt; =&gt; &lt;base64_ascii_str_pickle_to_object&gt; -&gt; &lt;float_to_bool&gt;$
DONE Rebuilding local parsing plan for [/home/travis/build/smarie/python-parsyfiles/parsyfiles/tests/combining_parsers_converters/test_data/b64pickle-float-1.0=True.txt]. Resuming parsing...
Executing Parsing Plan for [/home/travis/build/smarie/python-parsyfiles/parsyfiles/tests/combining_parsers_converters/test_data/b64pickle-float-1.0=True]
(P) /home/travis/build/smarie/python-parsyfiles/parsyfiles/tests/combining_parsers_converters/test_data/b64pickle-float-1.0=True.txt -&gt; bool ------- using $&lt;read_str_from_txt&gt; =&gt; &lt;base64_ascii_str_pickle_to_object&gt; -&gt; &lt;float_to_bool&gt;$
(P)                                                                                                  |--b64pickle-float-1.0=True.txt -&gt; bool SUCCESS !
Completed parsing successfully

**** Starting to parse single object of type &lt;bool&gt; at location /home/travis/build/smarie/python-parsyfiles/parsyfiles/tests/combining_parsers_converters/test_data/b64pickle-float-1.0=True ****
Checking all files under [/home/travis/build/smarie/python-parsyfiles/parsyfiles/tests/combining_parsers_converters/test_data/b64pickle-float-1.0=True]
(C) /home/travis/build/smarie/python-parsyfiles/parsyfiles/tests/combining_parsers_converters/test_data/b64pickle-float-1.0=True (singlefile, .txt)
File checks done

Building a parsing plan to parse [/home/travis/build/smarie/python-parsyfiles/parsyfiles/tests/combining_parsers_converters/test_data/b64pickle-float-1.0=True] into a bool
(B) /home/travis/build/smarie/python-parsyfiles/parsyfiles/tests/combining_parsers_converters/test_data/b64pickle-float-1.0=True.txt -&gt; bool ------- using [Try &apos;$&lt;read_str_from_txt&gt; =&gt; &lt;str_to_bool&gt;$&apos; then &apos;$&lt;read_str_from_txt&gt; =&gt; &lt;base64_ascii_str_pickle_to_object&gt; -&gt; &lt;float_to_bool&gt;$&apos; then &apos;$&lt;read_str_from_txt&gt; =&gt; &lt;base64_ascii_str_pickle_to_object&gt; -&gt; &lt;int_to_bool&gt;$&apos; then &apos;$&lt;read_str_from_txt&gt; =&gt; &lt;base64_ascii_str_pickle_to_object&gt; -&gt; &lt;str_to_bool&gt;$&apos; then &apos;$&lt;read_str_from_txt&gt; =&gt; &lt;base64_ascii_str_pickle_to_object&gt;$]&apos;]
(B)                                                                                                  |--b64pickle-float-1.0=True.txt -&gt; bool ------- using $&lt;read_str_from_txt&gt; =&gt; &lt;str_to_bool&gt;$
Parsing Plan created successfully

Executing Parsing Plan for [/home/travis/build/smarie/python-parsyfiles/parsyfiles/tests/combining_parsers_converters/test_data/b64pickle-float-1.0=True]
(P) /home/travis/build/smarie/python-parsyfiles/parsyfiles/tests/combining_parsers_converters/test_data/b64pickle-float-1.0=True.txt -&gt; bool ------- using $&lt;read_str_from_txt&gt; =&gt; &lt;str_to_bool&gt;$
  !! Caught error during execution !!
  File &quot;/home/travis/build/smarie/python-parsyfiles/parsyfiles/converting_core.py&quot;, line 524, in _convert
    return self.conversion_method(desired_type, source_obj, logger, **opts)
  File &quot;/home/travis/build/smarie/python-parsyfiles/parsyfiles/plugins_base/support_for_primitive_types.py&quot;, line 84, in primitive_to_bool
    return bool(strtobool(source))
  File &quot;/opt/python/3.5.5/lib/python3.5/distutils/util.py&quot;, line 317, in strtobool
    raise ValueError(&quot;invalid truth value %r&quot; % (val,))
  ParsingException : Error while parsing /home/travis/build/smarie/python-parsyfiles/parsyfiles/tests/combining_parsers_converters/test_data/b64pickle-float-1.0=True (singlefile, .txt) as a bool with parser &apos;$&lt;read_str_from_txt&gt; =&gt; &lt;str_to_bool&gt;$&apos; using options=({&apos;MultifileCollectionParser&apos;: {&apos;lazy_parsing&apos;: False}}) : caught 
  ValueError : invalid truth value &apos;ganhp/aaaaaaaaau&apos;
Rebuilding local parsing plan with next candidate parser: $&lt;read_str_from_txt&gt; =&gt; &lt;base64_ascii_str_pickle_to_object&gt; -&gt; &lt;float_to_bool&gt;$
(B)                                                                                                  |--b64pickle-float-1.0=True.txt -&gt; bool ------- using $&lt;read_str_from_txt&gt; =&gt; &lt;base64_ascii_str_pickle_to_object&gt; -&gt; &lt;float_to_bool&gt;$
DONE Rebuilding local parsing plan for [/home/travis/build/smarie/python-parsyfiles/parsyfiles/tests/combining_parsers_converters/test_data/b64pickle-float-1.0=True.txt]. Resuming parsing...
Executing Parsing Plan for [/home/travis/build/smarie/python-parsyfiles/parsyfiles/tests/combining_parsers_converters/test_data/b64pickle-float-1.0=True]
(P) /home/travis/build/smarie/python-parsyfiles/parsyfiles/tests/combining_parsers_converters/test_data/b64pickle-float-1.0=True.txt -&gt; bool ------- using $&lt;read_str_from_txt&gt; =&gt; &lt;base64_ascii_str_pickle_to_object&gt; -&gt; &lt;float_to_bool&gt;$
(P)                                                                                                  |--b64pickle-float-1.0=True.txt -&gt; bool SUCCESS !
Completed parsing successfully

**** Starting to parse single object of type &lt;bool&gt; at location /home/travis/build/smarie/python-parsyfiles/parsyfiles/tests/combining_parsers_converters/test_data/b64pickle-float-1.0=True ****
Checking all files under [/home/travis/build/smarie/python-parsyfiles/parsyfiles/tests/combining_parsers_converters/test_data/b64pickle-float-1.0=True]
(C) /home/travis/build/smarie/python-parsyfiles/parsyfiles/tests/combining_parsers_converters/test_data/b64pickle-float-1.0=True (singlefile, .txt)
File checks done

Building a parsing plan to parse [/home/travis/build/smarie/python-parsyfiles/parsyfiles/tests/combining_parsers_converters/test_data/b64pickle-float-1.0=True] into a bool
(B) /home/travis/build/smarie/python-parsyfiles/parsyfiles/tests/combining_parsers_converters/test_data/b64pickle-float-1.0=True.txt -&gt; bool ------- using [Try &apos;$&lt;read_str_from_txt&gt; =&gt; &lt;str_to_bool&gt;$&apos; then &apos;$&lt;read_str_from_txt&gt; =&gt; &lt;base64_ascii_str_pickle_to_object&gt; -&gt; &lt;float_to_bool&gt;$&apos; then &apos;$&lt;read_str_from_txt&gt; =&gt; &lt;base64_ascii_str_pickle_to_object&gt; -&gt; &lt;int_to_bool&gt;$&apos; then &apos;$&lt;read_str_from_txt&gt; =&gt; &lt;base64_ascii_str_pickle_to_object&gt; -&gt; &lt;str_to_bool&gt;$&apos; then &apos;$&lt;read_str_from_txt&gt; =&gt; &lt;base64_ascii_str_pickle_to_object&gt;$]&apos;]
(B)                                                                                                  |--b64pickle-float-1.0=True.txt -&gt; bool ------- using $&lt;read_str_from_txt&gt; =&gt; &lt;str_to_bool&gt;$
Parsing Plan created successfully

Executing Parsing Plan for [/home/travis/build/smarie/python-parsyfiles/parsyfiles/tests/combining_parsers_converters/test_data/b64pickle-float-1.0=True]
(P) /home/travis/build/smarie/python-parsyfiles/parsyfiles/tests/combining_parsers_converters/test_data/b64pickle-float-1.0=True.txt -&gt; bool ------- using $&lt;read_str_from_txt&gt; =&gt; &lt;str_to_bool&gt;$
  !! Caught error during execution !!
  File &quot;/home/travis/build/smarie/python-parsyfiles/parsyfiles/converting_core.py&quot;, line 524, in _convert
    return self.conversion_method(desired_type, source_obj, logger, **opts)
  File &quot;/home/travis/build/smarie/python-parsyfiles/parsyfiles/plugins_base/support_for_primitive_types.py&quot;, line 84, in primitive_to_bool
    return bool(strtobool(source))
  File &quot;/opt/python/3.5.5/lib/python3.5/distutils/util.py&quot;, line 317, in strtobool
    raise ValueError(&quot;invalid truth value %r&quot; % (val,))
  ParsingException : Error while parsing /home/travis/build/smarie/python-parsyfiles/parsyfiles/tests/combining_parsers_converters/test_data/b64pickle-float-1.0=True (singlefile, .txt) as a bool with parser &apos;$&lt;read_str_from_txt&gt; =&gt; &lt;str_to_bool&gt;$&apos; using options=({&apos;MultifileCollectionParser&apos;: {&apos;lazy_parsing&apos;: False}}) : caught 
  ValueError : invalid truth value &apos;ganhp/aaaaaaaaau&apos;
Rebuilding local parsing plan with next candidate parser: $&lt;read_str_from_txt&gt; =&gt; &lt;base64_ascii_str_pickle_to_object&gt; -&gt; &lt;float_to_bool&gt;$
(B)                                                                                                  |--b64pickle-float-1.0=True.txt -&gt; bool ------- using $&lt;read_str_from_txt&gt; =&gt; &lt;base64_ascii_str_pickle_to_object&gt; -&gt; &lt;float_to_bool&gt;$
DONE Rebuilding local parsing plan for [/home/travis/build/smarie/python-parsyfiles/parsyfiles/tests/combining_parsers_converters/test_data/b64pickle-float-1.0=True.txt]. Resuming parsing...
Executing Parsing Plan for [/home/travis/build/smarie/python-parsyfiles/parsyfiles/tests/combining_parsers_converters/test_data/b64pickle-float-1.0=True]
(P) /home/travis/build/smarie/python-parsyfiles/parsyfiles/tests/combining_parsers_converters/test_data/b64pickle-float-1.0=True.txt -&gt; bool ------- using $&lt;read_str_from_txt&gt; =&gt; &lt;base64_ascii_str_pickle_to_object&gt; -&gt; &lt;float_to_bool&gt;$
(P)                                                                                                  |--b64pickle-float-1.0=True.txt -&gt; bool SUCCESS !
Completed parsing successfully

**** Starting to parse single object of type &lt;bool&gt; at location /home/travis/build/smarie/python-parsyfiles/parsyfiles/tests/combining_parsers_converters/test_data/b64pickle-float-1.0=True ****
Checking all files under [/home/travis/build/smarie/python-parsyfiles/parsyfiles/tests/combining_parsers_converters/test_data/b64pickle-float-1.0=True]
(C) /home/travis/build/smarie/python-parsyfiles/parsyfiles/tests/combining_parsers_converters/test_data/b64pickle-float-1.0=True (singlefile, .txt)
File checks done

Building a parsing plan to parse [/home/travis/build/smarie/python-parsyfiles/parsyfiles/tests/combining_parsers_converters/test_data/b64pickle-float-1.0=True] into a bool
(B) /home/travis/build/smarie/python-parsyfiles/parsyfiles/tests/combining_parsers_converters/test_data/b64pickle-float-1.0=True.txt -&gt; bool ------- using [Try &apos;$&lt;read_str_from_txt&gt; =&gt; &lt;str_to_bool&gt;$&apos; then &apos;$&lt;read_str_from_txt&gt; =&gt; &lt;base64_ascii_str_pickle_to_object&gt; -&gt; &lt;float_to_bool&gt;$&apos; then &apos;$&lt;read_str_from_txt&gt; =&gt; &lt;base64_ascii_str_pickle_to_object&gt; -&gt; &lt;int_to_bool&gt;$&apos; then &apos;$&lt;read_str_from_txt&gt; =&gt; &lt;base64_ascii_str_pickle_to_object&gt; -&gt; &lt;str_to_bool&gt;$&apos; then &apos;$&lt;read_str_from_txt&gt; =&gt; &lt;base64_ascii_str_pickle_to_object&gt;$]&apos;]
(B)                                                                                                  |--b64pickle-float-1.0=True.txt -&gt; bool ------- using $&lt;read_str_from_txt&gt; =&gt; &lt;str_to_bool&gt;$
Parsing Plan created successfully

Executing Parsing Plan for [/home/travis/build/smarie/python-parsyfiles/parsyfiles/tests/combining_parsers_converters/test_data/b64pickle-float-1.0=True]
(P) /home/travis/build/smarie/python-parsyfiles/parsyfiles/tests/combining_parsers_converters/test_data/b64pickle-float-1.0=True.txt -&gt; bool ------- using $&lt;read_str_from_txt&gt; =&gt; &lt;str_to_bool&gt;$
  !! Caught error during execution !!
  File &quot;/home/travis/build/smarie/python-parsyfiles/parsyfiles/converting_core.py&quot;, line 524, in _convert
    return self.conversion_method(desired_type, source_obj, logger, **opts)
  File &quot;/home/travis/build/smarie/python-parsyfiles/parsyfiles/plugins_base/support_for_primitive_types.py&quot;, line 84, in primitive_to_bool
    return bool(strtobool(source))
  File &quot;/opt/python/3.5.5/lib/python3.5/distutils/util.py&quot;, line 317, in strtobool
    raise ValueError(&quot;invalid truth value %r&quot; % (val,))
  ParsingException : Error while parsing /home/travis/build/smarie/python-parsyfiles/parsyfiles/tests/combining_parsers_converters/test_data/b64pickle-float-1.0=True (singlefile, .txt) as a bool with parser &apos;$&lt;read_str_from_txt&gt; =&gt; &lt;str_to_bool&gt;$&apos; using options=({&apos;MultifileCollectionParser&apos;: {&apos;lazy_parsing&apos;: False}}) : caught 
  ValueError : invalid truth value &apos;ganhp/aaaaaaaaau&apos;
Rebuilding local parsing plan with next candidate parser: $&lt;read_str_from_txt&gt; =&gt; &lt;base64_ascii_str_pickle_to_object&gt; -&gt; &lt;float_to_bool&gt;$
(B)                                                                                                  |--b64pickle-float-1.0=True.txt -&gt; bool ------- using $&lt;read_str_from_txt&gt; =&gt; &lt;base64_ascii_str_pickle_to_object&gt; -&gt; &lt;float_to_bool&gt;$
DONE Rebuilding local parsing plan for [/home/travis/build/smarie/python-parsyfiles/parsyfiles/tests/combining_parsers_converters/test_data/b64pickle-float-1.0=True.txt]. Resuming parsing...
Executing Parsing Plan for [/home/travis/build/smarie/python-parsyfiles/parsyfiles/tests/combining_parsers_converters/test_data/b64pickle-float-1.0=True]
(P) /home/travis/build/smarie/python-parsyfiles/parsyfiles/tests/combining_parsers_converters/test_data/b64pickle-float-1.0=True.txt -&gt; bool ------- using $&lt;read_str_from_txt&gt; =&gt; &lt;base64_ascii_str_pickle_to_object&gt; -&gt; &lt;float_to_bool&gt;$
(P)                                                                                                  |--b64pickle-float-1.0=True.txt -&gt; bool SUCCESS !
Completed parsing successfully

**** Starting to parse single object of type &lt;bool&gt; at location /home/travis/build/smarie/python-parsyfiles/parsyfiles/tests/combining_parsers_converters/test_data/b64pickle-float-1.0=True ****
Checking all files under [/home/travis/build/smarie/python-parsyfiles/parsyfiles/tests/combining_parsers_converters/test_data/b64pickle-float-1.0=True]
(C) /home/travis/build/smarie/python-parsyfiles/parsyfiles/tests/combining_parsers_converters/test_data/b64pickle-float-1.0=True (singlefile, .txt)
File checks done

Building a parsing plan to parse [/home/travis/build/smarie/python-parsyfiles/parsyfiles/tests/combining_parsers_converters/test_data/b64pickle-float-1.0=True] into a bool
(B) /home/travis/build/smarie/python-parsyfiles/parsyfiles/tests/combining_parsers_converters/test_data/b64pickle-float-1.0=True.txt -&gt; bool ------- using [Try &apos;$&lt;read_str_from_txt&gt; =&gt; &lt;str_to_bool&gt;$&apos; then &apos;$&lt;read_str_from_txt&gt; =&gt; &lt;base64_ascii_str_pickle_to_object&gt; -&gt; &lt;float_to_bool&gt;$&apos; then &apos;$&lt;read_str_from_txt&gt; =&gt; &lt;base64_ascii_str_pickle_to_object&gt; -&gt; &lt;int_to_bool&gt;$&apos; then &apos;$&lt;read_str_from_txt&gt; =&gt; &lt;base64_ascii_str_pickle_to_object&gt; -&gt; &lt;str_to_bool&gt;$&apos; then &apos;$&lt;read_str_from_txt&gt; =&gt; &lt;base64_ascii_str_pickle_to_object&gt;$]&apos;]
(B)                                                                                                  |--b64pickle-float-1.0=True.txt -&gt; bool ------- using $&lt;read_str_from_txt&gt; =&gt; &lt;str_to_bool&gt;$
Parsing Plan created successfully

Executing Parsing Plan for [/home/travis/build/smarie/python-parsyfiles/parsyfiles/tests/combining_parsers_converters/test_data/b64pickle-float-1.0=True]
(P) /home/travis/build/smarie/python-parsyfiles/parsyfiles/tests/combining_parsers_converters/test_data/b64pickle-float-1.0=True.txt -&gt; bool ------- using $&lt;read_str_from_txt&gt; =&gt; &lt;str_to_bool&gt;$
  !! Caught error during execution !!
  File &quot;/home/travis/build/smarie/python-parsyfiles/parsyfiles/converting_core.py&quot;, line 524, in _convert
    return self.conversion_method(desired_type, source_obj, logger, **opts)
  File &quot;/home/travis/build/smarie/python-parsyfiles/parsyfiles/plugins_base/support_for_primitive_types.py&quot;, line 84, in primitive_to_bool
    return bool(strtobool(source))
  File &quot;/opt/python/3.5.5/lib/python3.5/distutils/util.py&quot;, line 317, in strtobool
    raise ValueError(&quot;invalid truth value %r&quot; % (val,))
  ParsingException : Error while parsing /home/travis/build/smarie/python-parsyfiles/parsyfiles/tests/combining_parsers_converters/test_data/b64pickle-float-1.0=True (singlefile, .txt) as a bool with parser &apos;$&lt;read_str_from_txt&gt; =&gt; &lt;str_to_bool&gt;$&apos; using options=({&apos;MultifileCollectionParser&apos;: {&apos;lazy_parsing&apos;: False}}) : caught 
  ValueError : invalid truth value &apos;ganhp/aaaaaaaaau&apos;
Rebuilding local parsing plan with next candidate parser: $&lt;read_str_from_txt&gt; =&gt; &lt;base64_ascii_str_pickle_to_object&gt; -&gt; &lt;float_to_bool&gt;$
(B)                                                                                                  |--b64pickle-float-1.0=True.txt -&gt; bool ------- using $&lt;read_str_from_txt&gt; =&gt; &lt;base64_ascii_str_pickle_to_object&gt; -&gt; &lt;float_to_bool&gt;$
DONE Rebuilding local parsing plan for [/home/travis/build/smarie/python-parsyfiles/parsyfiles/tests/combining_parsers_converters/test_data/b64pickle-float-1.0=True.txt]. Resuming parsing...
Executing Parsing Plan for [/home/travis/build/smarie/python-parsyfiles/parsyfiles/tests/combining_parsers_converters/test_data/b64pickle-float-1.0=True]
(P) /home/travis/build/smarie/python-parsyfiles/parsyfiles/tests/combining_parsers_converters/test_data/b64pickle-float-1.0=True.txt -&gt; bool ------- using $&lt;read_str_from_txt&gt; =&gt; &lt;base64_ascii_str_pickle_to_object&gt; -&gt; &lt;float_to_bool&gt;$
(P)                                                                                                  |--b64pickle-float-1.0=True.txt -&gt; bool SUCCESS !
Completed parsing successfully

**** Starting to parse single object of type &lt;bool&gt; at location /home/travis/build/smarie/python-parsyfiles/parsyfiles/tests/combining_parsers_converters/test_data/b64pickle-float-1.0=True ****
Checking all files under [/home/travis/build/smarie/python-parsyfiles/parsyfiles/tests/combining_parsers_converters/test_data/b64pickle-float-1.0=True]
(C) /home/travis/build/smarie/python-parsyfiles/parsyfiles/tests/combining_parsers_converters/test_data/b64pickle-float-1.0=True (singlefile, .txt)
File checks done

Building a parsing plan to parse [/home/travis/build/smarie/python-parsyfiles/parsyfiles/tests/combining_parsers_converters/test_data/b64pickle-float-1.0=True] into a bool
(B) /home/travis/build/smarie/python-parsyfiles/parsyfiles/tests/combining_parsers_converters/test_data/b64pickle-float-1.0=True.txt -&gt; bool ------- using [Try &apos;$&lt;read_str_from_txt&gt; =&gt; &lt;str_to_bool&gt;$&apos; then &apos;$&lt;read_str_from_txt&gt; =&gt; &lt;base64_ascii_str_pickle_to_object&gt; -&gt; &lt;float_to_bool&gt;$&apos; then &apos;$&lt;read_str_from_txt&gt; =&gt; &lt;base64_ascii_str_pickle_to_object&gt; -&gt; &lt;int_to_bool&gt;$&apos; then &apos;$&lt;read_str_from_txt&gt; =&gt; &lt;base64_ascii_str_pickle_to_object&gt; -&gt; &lt;str_to_bool&gt;$&apos; then &apos;$&lt;read_str_from_txt&gt; =&gt; &lt;base64_ascii_str_pickle_to_object&gt;$]&apos;]
(B)                                                                                                  |--b64pickle-float-1.0=True.txt -&gt; bool ------- using $&lt;read_str_from_txt&gt; =&gt; &lt;str_to_bool&gt;$
Parsing Plan created successfully

Executing Parsing Plan for [/home/travis/build/smarie/python-parsyfiles/parsyfiles/tests/combining_parsers_converters/test_data/b64pickle-float-1.0=True]
(P) /home/travis/build/smarie/python-parsyfiles/parsyfiles/tests/combining_parsers_converters/test_data/b64pickle-float-1.0=True.txt -&gt; bool ------- using $&lt;read_str_from_txt&gt; =&gt; &lt;str_to_bool&gt;$
  !! Caught error during execution !!
  File &quot;/home/travis/build/smarie/python-parsyfiles/parsyfiles/converting_core.py&quot;, line 524, in _convert
    return self.conversion_method(desired_type, source_obj, logger, **opts)
  File &quot;/home/travis/build/smarie/python-parsyfiles/parsyfiles/plugins_base/support_for_primitive_types.py&quot;, line 84, in primitive_to_bool
    return bool(strtobool(source))
  File &quot;/opt/python/3.5.5/lib/python3.5/distutils/util.py&quot;, line 317, in strtobool
    raise ValueError(&quot;invalid truth value %r&quot; % (val,))
  ParsingException : Error while parsing /home/travis/build/smarie/python-parsyfiles/parsyfiles/tests/combining_parsers_converters/test_data/b64pickle-float-1.0=True (singlefile, .txt) as a bool with parser &apos;$&lt;read_str_from_txt&gt; =&gt; &lt;str_to_bool&gt;$&apos; using options=({&apos;MultifileCollectionParser&apos;: {&apos;lazy_parsing&apos;: False}}) : caught 
  ValueError : invalid truth value &apos;ganhp/aaaaaaaaau&apos;
Rebuilding local parsing plan with next candidate parser: $&lt;read_str_from_txt&gt; =&gt; &lt;base64_ascii_str_pickle_to_object&gt; -&gt; &lt;float_to_bool&gt;$
(B)                                                                                                  |--b64pickle-float-1.0=True.txt -&gt; bool ------- using $&lt;read_str_from_txt&gt; =&gt; &lt;base64_ascii_str_pickle_to_object&gt; -&gt; &lt;float_to_bool&gt;$
DONE Rebuilding local parsing plan for [/home/travis/build/smarie/python-parsyfiles/parsyfiles/tests/combining_parsers_converters/test_data/b64pickle-float-1.0=True.txt]. Resuming parsing...
Executing Parsing Plan for [/home/travis/build/smarie/python-parsyfiles/parsyfiles/tests/combining_parsers_converters/test_data/b64pickle-float-1.0=True]
(P) /home/travis/build/smarie/python-parsyfiles/parsyfiles/tests/combining_parsers_converters/test_data/b64pickle-float-1.0=True.txt -&gt; bool ------- using $&lt;read_str_from_txt&gt; =&gt; &lt;base64_ascii_str_pickle_to_object&gt; -&gt; &lt;float_to_bool&gt;$
(P)                                                                                                  |--b64pickle-float-1.0=True.txt -&gt; bool SUCCESS !
Completed parsing successfully

**** Starting to parse single object of type &lt;bool&gt; at location /home/travis/build/smarie/python-parsyfiles/parsyfiles/tests/combining_parsers_converters/test_data/b64pickle-float-1.0=True ****
Checking all files under [/home/travis/build/smarie/python-parsyfiles/parsyfiles/tests/combining_parsers_converters/test_data/b64pickle-float-1.0=True]
(C) /home/travis/build/smarie/python-parsyfiles/parsyfiles/tests/combining_parsers_converters/test_data/b64pickle-float-1.0=True (singlefile, .txt)
File checks done

Building a parsing plan to parse [/home/travis/build/smarie/python-parsyfiles/parsyfiles/tests/combining_parsers_converters/test_data/b64pickle-float-1.0=True] into a bool
(B) /home/travis/build/smarie/python-parsyfiles/parsyfiles/tests/combining_parsers_converters/test_data/b64pickle-float-1.0=True.txt -&gt; bool ------- using [Try &apos;$&lt;read_str_from_txt&gt; =&gt; &lt;str_to_bool&gt;$&apos; then &apos;$&lt;read_str_from_txt&gt; =&gt; &lt;base64_ascii_str_pickle_to_object&gt; -&gt; &lt;float_to_bool&gt;$&apos; then &apos;$&lt;read_str_from_txt&gt; =&gt; &lt;base64_ascii_str_pickle_to_object&gt; -&gt; &lt;int_to_bool&gt;$&apos; then &apos;$&lt;read_str_from_txt&gt; =&gt; &lt;base64_ascii_str_pickle_to_object&gt; -&gt; &lt;str_to_bool&gt;$&apos; then &apos;$&lt;read_str_from_txt&gt; =&gt; &lt;base64_ascii_str_pickle_to_object&gt;$]&apos;]
(B)                                                                                                  |--b64pickle-float-1.0=True.txt -&gt; bool ------- using $&lt;read_str_from_txt&gt; =&gt; &lt;str_to_bool&gt;$
Parsing Plan created successfully

Executing Parsing Plan for [/home/travis/build/smarie/python-parsyfiles/parsyfiles/tests/combining_parsers_converters/test_data/b64pickle-float-1.0=True]
(P) /home/travis/build/smarie/python-parsyfiles/parsyfiles/tests/combining_parsers_converters/test_data/b64pickle-float-1.0=True.txt -&gt; bool ------- using $&lt;read_str_from_txt&gt; =&gt; &lt;str_to_bool&gt;$
  !! Caught error during execution !!
  File &quot;/home/travis/build/smarie/python-parsyfiles/parsyfiles/converting_core.py&quot;, line 524, in _convert
    return self.conversion_method(desired_type, source_obj, logger, **opts)
  File &quot;/home/travis/build/smarie/python-parsyfiles/parsyfiles/plugins_base/support_for_primitive_types.py&quot;, line 84, in primitive_to_bool
    return bool(strtobool(source))
  File &quot;/opt/python/3.5.5/lib/python3.5/distutils/util.py&quot;, line 317, in strtobool
    raise ValueError(&quot;invalid truth value %r&quot; % (val,))
  ParsingException : Error while parsing /home/travis/build/smarie/python-parsyfiles/parsyfiles/tests/combining_parsers_converters/test_data/b64pickle-float-1.0=True (singlefile, .txt) as a bool with parser &apos;$&lt;read_str_from_txt&gt; =&gt; &lt;str_to_bool&gt;$&apos; using options=({&apos;MultifileCollectionParser&apos;: {&apos;lazy_parsing&apos;: False}}) : caught 
  ValueError : invalid truth value &apos;ganhp/aaaaaaaaau&apos;
Rebuilding local parsing plan with next candidate parser: $&lt;read_str_from_txt&gt; =&gt; &lt;base64_ascii_str_pickle_to_object&gt; -&gt; &lt;float_to_bool&gt;$
(B)                                                                                                  |--b64pickle-float-1.0=True.txt -&gt; bool ------- using $&lt;read_str_from_txt&gt; =&gt; &lt;base64_ascii_str_pickle_to_object&gt; -&gt; &lt;float_to_bool&gt;$
DONE Rebuilding local parsing plan for [/home/travis/build/smarie/python-parsyfiles/parsyfiles/tests/combining_parsers_converters/test_data/b64pickle-float-1.0=True.txt]. Resuming parsing...
Executing Parsing Plan for [/home/travis/build/smarie/python-parsyfiles/parsyfiles/tests/combining_parsers_converters/test_data/b64pickle-float-1.0=True]
(P) /home/travis/build/smarie/python-parsyfiles/parsyfiles/tests/combining_parsers_converters/test_data/b64pickle-float-1.0=True.txt -&gt; bool ------- using $&lt;read_str_from_txt&gt; =&gt; &lt;base64_ascii_str_pickle_to_object&gt; -&gt; &lt;float_to_bool&gt;$
(P)                                                                                                  |--b64pickle-float-1.0=True.txt -&gt; bool SUCCESS !
Completed parsing successfully

**** Starting to parse single object of type &lt;bool&gt; at location /home/travis/build/smarie/python-parsyfiles/parsyfiles/tests/combining_parsers_converters/test_data/b64pickle-float-1.0=True ****
Checking all files under [/home/travis/build/smarie/python-parsyfiles/parsyfiles/tests/combining_parsers_converters/test_data/b64pickle-float-1.0=True]
(C) /home/travis/build/smarie/python-parsyfiles/parsyfiles/tests/combining_parsers_converters/test_data/b64pickle-float-1.0=True (singlefile, .txt)
File checks done

Building a parsing plan to parse [/home/travis/build/smarie/python-parsyfiles/parsyfiles/tests/combining_parsers_converters/test_data/b64pickle-float-1.0=True] into a bool
(B) /home/travis/build/smarie/python-parsyfiles/parsyfiles/tests/combining_parsers_converters/test_data/b64pickle-float-1.0=True.txt -&gt; bool ------- using [Try &apos;$&lt;read_str_from_txt&gt; =&gt; &lt;str_to_bool&gt;$&apos; then &apos;$&lt;read_str_from_txt&gt; =&gt; &lt;base64_ascii_str_pickle_to_object&gt; -&gt; &lt;float_to_bool&gt;$&apos; then &apos;$&lt;read_str_from_txt&gt; =&gt; &lt;base64_ascii_str_pickle_to_object&gt; -&gt; &lt;int_to_bool&gt;$&apos; then &apos;$&lt;read_str_from_txt&gt; =&gt; &lt;base64_ascii_str_pickle_to_object&gt; -&gt; &lt;str_to_bool&gt;$&apos; then &apos;$&lt;read_str_from_txt&gt; =&gt; &lt;base64_ascii_str_pickle_to_object&gt;$]&apos;]
(B)                                                                                                  |--b64pickle-float-1.0=True.txt -&gt; bool ------- using $&lt;read_str_from_txt&gt; =&gt; &lt;str_to_bool&gt;$
Parsing Plan created successfully

Executing Parsing Plan for [/home/travis/build/smarie/python-parsyfiles/parsyfiles/tests/combining_parsers_converters/test_data/b64pickle-float-1.0=True]
(P) /home/travis/build/smarie/python-parsyfiles/parsyfiles/tests/combining_parsers_converters/test_data/b64pickle-float-1.0=True.txt -&gt; bool ------- using $&lt;read_str_from_txt&gt; =&gt; &lt;str_to_bool&gt;$
  !! Caught error during execution !!
  File &quot;/home/travis/build/smarie/python-parsyfiles/parsyfiles/converting_core.py&quot;, line 524, in _convert
    return self.conversion_method(desired_type, source_obj, logger, **opts)
  File &quot;/home/travis/build/smarie/python-parsyfiles/parsyfiles/plugins_base/support_for_primitive_types.py&quot;, line 84, in primitive_to_bool
    return bool(strtobool(source))
  File &quot;/opt/python/3.5.5/lib/python3.5/distutils/util.py&quot;, line 317, in strtobool
    raise ValueError(&quot;invalid truth value %r&quot; % (val,))
  ParsingException : Error while parsing /home/travis/build/smarie/python-parsyfiles/parsyfiles/tests/combining_parsers_converters/test_data/b64pickle-float-1.0=True (singlefile, .txt) as a bool with parser &apos;$&lt;read_str_from_txt&gt; =&gt; &lt;str_to_bool&gt;$&apos; using options=({&apos;MultifileCollectionParser&apos;: {&apos;lazy_parsing&apos;: False}}) : caught 
  ValueError : invalid truth value &apos;ganhp/aaaaaaaaau&apos;
Rebuilding local parsing plan with next candidate parser: $&lt;read_str_from_txt&gt; =&gt; &lt;base64_ascii_str_pickle_to_object&gt; -&gt; &lt;float_to_bool&gt;$
(B)                                                                                                  |--b64pickle-float-1.0=True.txt -&gt; bool ------- using $&lt;read_str_from_txt&gt; =&gt; &lt;base64_ascii_str_pickle_to_object&gt; -&gt; &lt;float_to_bool&gt;$
DONE Rebuilding local parsing plan for [/home/travis/build/smarie/python-parsyfiles/parsyfiles/tests/combining_parsers_converters/test_data/b64pickle-float-1.0=True.txt]. Resuming parsing...
Executing Parsing Plan for [/home/travis/build/smarie/python-parsyfiles/parsyfiles/tests/combining_parsers_converters/test_data/b64pickle-float-1.0=True]
(P) /home/travis/build/smarie/python-parsyfiles/parsyfiles/tests/combining_parsers_converters/test_data/b64pickle-float-1.0=True.txt -&gt; bool ------- using $&lt;read_str_from_txt&gt; =&gt; &lt;base64_ascii_str_pickle_to_object&gt; -&gt; &lt;float_to_bool&gt;$
(P)                                                                                                  |--b64pickle-float-1.0=True.txt -&gt; bool SUCCESS !
Completed parsing successfully

**** Starting to parse single object of type &lt;bool&gt; at location /home/travis/build/smarie/python-parsyfiles/parsyfiles/tests/combining_parsers_converters/test_data/b64pickle-float-1.0=True ****
Checking all files under [/home/travis/build/smarie/python-parsyfiles/parsyfiles/tests/combining_parsers_converters/test_data/b64pickle-float-1.0=True]
(C) /home/travis/build/smarie/python-parsyfiles/parsyfiles/tests/combining_parsers_converters/test_data/b64pickle-float-1.0=True (singlefile, .txt)
File checks done

Building a parsing plan to parse [/home/travis/build/smarie/python-parsyfiles/parsyfiles/tests/combining_parsers_converters/test_data/b64pickle-float-1.0=True] into a bool
(B) /home/travis/build/smarie/python-parsyfiles/parsyfiles/tests/combining_parsers_converters/test_data/b64pickle-float-1.0=True.txt -&gt; bool ------- using [Try &apos;$&lt;read_str_from_txt&gt; =&gt; &lt;str_to_bool&gt;$&apos; then &apos;$&lt;read_str_from_txt&gt; =&gt; &lt;base64_ascii_str_pickle_to_object&gt; -&gt; &lt;float_to_bool&gt;$&apos; then &apos;$&lt;read_str_from_txt&gt; =&gt; &lt;base64_ascii_str_pickle_to_object&gt; -&gt; &lt;int_to_bool&gt;$&apos; then &apos;$&lt;read_str_from_txt&gt; =&gt; &lt;base64_ascii_str_pickle_to_object&gt; -&gt; &lt;str_to_bool&gt;$&apos; then &apos;$&lt;read_str_from_txt&gt; =&gt; &lt;base64_ascii_str_pickle_to_object&gt;$]&apos;]
(B)                                                                                                  |--b64pickle-float-1.0=True.txt -&gt; bool ------- using $&lt;read_str_from_txt&gt; =&gt; &lt;str_to_bool&gt;$
Parsing Plan created successfully

Executing Parsing Plan for [/home/travis/build/smarie/python-parsyfiles/parsyfiles/tests/combining_parsers_converters/test_data/b64pickle-float-1.0=True]
(P) /home/travis/build/smarie/python-parsyfiles/parsyfiles/tests/combining_parsers_converters/test_data/b64pickle-float-1.0=True.txt -&gt; bool ------- using $&lt;read_str_from_txt&gt; =&gt; &lt;str_to_bool&gt;$
  !! Caught error during execution !!
  File &quot;/home/travis/build/smarie/python-parsyfiles/parsyfiles/converting_core.py&quot;, line 524, in _convert
    return self.conversion_method(desired_type, source_obj, logger, **opts)
  File &quot;/home/travis/build/smarie/python-parsyfiles/parsyfiles/plugins_base/support_for_primitive_types.py&quot;, line 84, in primitive_to_bool
    return bool(strtobool(source))
  File &quot;/opt/python/3.5.5/lib/python3.5/distutils/util.py&quot;, line 317, in strtobool
    raise ValueError(&quot;invalid truth value %r&quot; % (val,))
  ParsingException : Error while parsing /home/travis/build/smarie/python-parsyfiles/parsyfiles/tests/combining_parsers_converters/test_data/b64pickle-float-1.0=True (singlefile, .txt) as a bool with parser &apos;$&lt;read_str_from_txt&gt; =&gt; &lt;str_to_bool&gt;$&apos; using options=({&apos;MultifileCollectionParser&apos;: {&apos;lazy_parsing&apos;: False}}) : caught 
  ValueError : invalid truth value &apos;ganhp/aaaaaaaaau&apos;
Rebuilding local parsing plan with next candidate parser: $&lt;read_str_from_txt&gt; =&gt; &lt;base64_ascii_str_pickle_to_object&gt; -&gt; &lt;float_to_bool&gt;$
(B)                                                                                                  |--b64pickle-float-1.0=True.txt -&gt; bool ------- using $&lt;read_str_from_txt&gt; =&gt; &lt;base64_ascii_str_pickle_to_object&gt; -&gt; &lt;float_to_bool&gt;$
DONE Rebuilding local parsing plan for [/home/travis/build/smarie/python-parsyfiles/parsyfiles/tests/combining_parsers_converters/test_data/b64pickle-float-1.0=True.txt]. Resuming parsing...
Executing Parsing Plan for [/home/travis/build/smarie/python-parsyfiles/parsyfiles/tests/combining_parsers_converters/test_data/b64pickle-float-1.0=True]
(P) /home/travis/build/smarie/python-parsyfiles/parsyfiles/tests/combining_parsers_converters/test_data/b64pickle-float-1.0=True.txt -&gt; bool ------- using $&lt;read_str_from_txt&gt; =&gt; &lt;base64_ascii_str_pickle_to_object&gt; -&gt; &lt;float_to_bool&gt;$
(P)                                                                                                  |--b64pickle-float-1.0=True.txt -&gt; bool SUCCESS !
Completed parsing successfully

**** Starting to parse single object of type &lt;bool&gt; at location /home/travis/build/smarie/python-parsyfiles/parsyfiles/tests/combining_parsers_converters/test_data/b64pickle-float-1.0=True ****
Checking all files under [/home/travis/build/smarie/python-parsyfiles/parsyfiles/tests/combining_parsers_converters/test_data/b64pickle-float-1.0=True]
(C) /home/travis/build/smarie/python-parsyfiles/parsyfiles/tests/combining_parsers_converters/test_data/b64pickle-float-1.0=True (singlefile, .txt)
File checks done

Building a parsing plan to parse [/home/travis/build/smarie/python-parsyfiles/parsyfiles/tests/combining_parsers_converters/test_data/b64pickle-float-1.0=True] into a bool
(B) /home/travis/build/smarie/python-parsyfiles/parsyfiles/tests/combining_parsers_converters/test_data/b64pickle-float-1.0=True.txt -&gt; bool ------- using [Try &apos;$&lt;read_str_from_txt&gt; =&gt; &lt;str_to_bool&gt;$&apos; then &apos;$&lt;read_str_from_txt&gt; =&gt; &lt;base64_ascii_str_pickle_to_object&gt; -&gt; &lt;float_to_bool&gt;$&apos; then &apos;$&lt;read_str_from_txt&gt; =&gt; &lt;base64_ascii_str_pickle_to_object&gt; -&gt; &lt;int_to_bool&gt;$&apos; then &apos;$&lt;read_str_from_txt&gt; =&gt; &lt;base64_ascii_str_pickle_to_object&gt; -&gt; &lt;str_to_bool&gt;$&apos; then &apos;$&lt;read_str_from_txt&gt; =&gt; &lt;base64_ascii_str_pickle_to_object&gt;$]&apos;]
(B)                                                                                                  |--b64pickle-float-1.0=True.txt -&gt; bool ------- using $&lt;read_str_from_txt&gt; =&gt; &lt;str_to_bool&gt;$
Parsing Plan created successfully

Executing Parsing Plan for [/home/travis/build/smarie/python-parsyfiles/parsyfiles/tests/combining_parsers_converters/test_data/b64pickle-float-1.0=True]
(P) /home/travis/build/smarie/python-parsyfiles/parsyfiles/tests/combining_parsers_converters/test_data/b64pickle-float-1.0=True.txt -&gt; bool ------- using $&lt;read_str_from_txt&gt; =&gt; &lt;str_to_bool&gt;$
  !! Caught error during execution !!
  File &quot;/home/travis/build/smarie/python-parsyfiles/parsyfiles/converting_core.py&quot;, line 524, in _convert
    return self.conversion_method(desired_type, source_obj, logger, **opts)
  File &quot;/home/travis/build/smarie/python-parsyfiles/parsyfiles/plugins_base/support_for_primitive_types.py&quot;, line 84, in primitive_to_bool
    return bool(strtobool(source))
  File &quot;/opt/python/3.5.5/lib/python3.5/distutils/util.py&quot;, line 317, in strtobool
    raise ValueError(&quot;invalid truth value %r&quot; % (val,))
  ParsingException : Error while parsing /home/travis/build/smarie/python-parsyfiles/parsyfiles/tests/combining_parsers_converters/test_data/b64pickle-float-1.0=True (singlefile, .txt) as a bool with parser &apos;$&lt;read_str_from_txt&gt; =&gt; &lt;str_to_bool&gt;$&apos; using options=({&apos;MultifileCollectionParser&apos;: {&apos;lazy_parsing&apos;: False}}) : caught 
  ValueError : invalid truth value &apos;ganhp/aaaaaaaaau&apos;
Rebuilding local parsing plan with next candidate parser: $&lt;read_str_from_txt&gt; =&gt; &lt;base64_ascii_str_pickle_to_object&gt; -&gt; &lt;float_to_bool&gt;$
(B)                                                                                                  |--b64pickle-float-1.0=True.txt -&gt; bool ------- using $&lt;read_str_from_txt&gt; =&gt; &lt;base64_ascii_str_pickle_to_object&gt; -&gt; &lt;float_to_bool&gt;$
DONE Rebuilding local parsing plan for [/home/travis/build/smarie/python-parsyfiles/parsyfiles/tests/combining_parsers_converters/test_data/b64pickle-float-1.0=True.txt]. Resuming parsing...
Executing Parsing Plan for [/home/travis/build/smarie/python-parsyfiles/parsyfiles/tests/combining_parsers_converters/test_data/b64pickle-float-1.0=True]
(P) /home/travis/build/smarie/python-parsyfiles/parsyfiles/tests/combining_parsers_converters/test_data/b64pickle-float-1.0=True.txt -&gt; bool ------- using $&lt;read_str_from_txt&gt; =&gt; &lt;base64_ascii_str_pickle_to_object&gt; -&gt; &lt;float_to_bool&gt;$
(P)                                                                                                  |--b64pickle-float-1.0=True.txt -&gt; bool SUCCESS !
Completed parsing successfully

**** Starting to parse single object of type &lt;bool&gt; at location /home/travis/build/smarie/python-parsyfiles/parsyfiles/tests/combining_parsers_converters/test_data/b64pickle-float-1.0=True ****
Checking all files under [/home/travis/build/smarie/python-parsyfiles/parsyfiles/tests/combining_parsers_converters/test_data/b64pickle-float-1.0=True]
(C) /home/travis/build/smarie/python-parsyfiles/parsyfiles/tests/combining_parsers_converters/test_data/b64pickle-float-1.0=True (singlefile, .txt)
File checks done

Building a parsing plan to parse [/home/travis/build/smarie/python-parsyfiles/parsyfiles/tests/combining_parsers_converters/test_data/b64pickle-float-1.0=True] into a bool
(B) /home/travis/build/smarie/python-parsyfiles/parsyfiles/tests/combining_parsers_converters/test_data/b64pickle-float-1.0=True.txt -&gt; bool ------- using [Try &apos;$&lt;read_str_from_txt&gt; =&gt; &lt;str_to_bool&gt;$&apos; then &apos;$&lt;read_str_from_txt&gt; =&gt; &lt;base64_ascii_str_pickle_to_object&gt; -&gt; &lt;float_to_bool&gt;$&apos; then &apos;$&lt;read_str_from_txt&gt; =&gt; &lt;base64_ascii_str_pickle_to_object&gt; -&gt; &lt;int_to_bool&gt;$&apos; then &apos;$&lt;read_str_from_txt&gt; =&gt; &lt;base64_ascii_str_pickle_to_object&gt; -&gt; &lt;str_to_bool&gt;$&apos; then &apos;$&lt;read_str_from_txt&gt; =&gt; &lt;base64_ascii_str_pickle_to_object&gt;$]&apos;]
(B)                                                                                                  |--b64pickle-float-1.0=True.txt -&gt; bool ------- using $&lt;read_str_from_txt&gt; =&gt; &lt;str_to_bool&gt;$
Parsing Plan created successfully

Executing Parsing Plan for [/home/travis/build/smarie/python-parsyfiles/parsyfiles/tests/combining_parsers_converters/test_data/b64pickle-float-1.0=True]
(P) /home/travis/build/smarie/python-parsyfiles/parsyfiles/tests/combining_parsers_converters/test_data/b64pickle-float-1.0=True.txt -&gt; bool ------- using $&lt;read_str_from_txt&gt; =&gt; &lt;str_to_bool&gt;$
  !! Caught error during execution !!
  File &quot;/home/travis/build/smarie/python-parsyfiles/parsyfiles/converting_core.py&quot;, line 524, in _convert
    return self.conversion_method(desired_type, source_obj, logger, **opts)
  File &quot;/home/travis/build/smarie/python-parsyfiles/parsyfiles/plugins_base/support_for_primitive_types.py&quot;, line 84, in primitive_to_bool
    return bool(strtobool(source))
  File &quot;/opt/python/3.5.5/lib/python3.5/distutils/util.py&quot;, line 317, in strtobool
    raise ValueError(&quot;invalid truth value %r&quot; % (val,))
  ParsingException : Error while parsing /home/travis/build/smarie/python-parsyfiles/parsyfiles/tests/combining_parsers_converters/test_data/b64pickle-float-1.0=True (singlefile, .txt) as a bool with parser &apos;$&lt;read_str_from_txt&gt; =&gt; &lt;str_to_bool&gt;$&apos; using options=({&apos;MultifileCollectionParser&apos;: {&apos;lazy_parsing&apos;: False}}) : caught 
  ValueError : invalid truth value &apos;ganhp/aaaaaaaaau&apos;
Rebuilding local parsing plan with next candidate parser: $&lt;read_str_from_txt&gt; =&gt; &lt;base64_ascii_str_pickle_to_object&gt; -&gt; &lt;float_to_bool&gt;$
(B)                                                                                                  |--b64pickle-float-1.0=True.txt -&gt; bool ------- using $&lt;read_str_from_txt&gt; =&gt; &lt;base64_ascii_str_pickle_to_object&gt; -&gt; &lt;float_to_bool&gt;$
DONE Rebuilding local parsing plan for [/home/travis/build/smarie/python-parsyfiles/parsyfiles/tests/combining_parsers_converters/test_data/b64pickle-float-1.0=True.txt]. Resuming parsing...
Executing Parsing Plan for [/home/travis/build/smarie/python-parsyfiles/parsyfiles/tests/combining_parsers_converters/test_data/b64pickle-float-1.0=True]
(P) /home/travis/build/smarie/python-parsyfiles/parsyfiles/tests/combining_parsers_converters/test_data/b64pickle-float-1.0=True.txt -&gt; bool ------- using $&lt;read_str_from_txt&gt; =&gt; &lt;base64_ascii_str_pickle_to_object&gt; -&gt; &lt;float_to_bool&gt;$
(P)                                                                                                  |--b64pickle-float-1.0=True.txt -&gt; bool SUCCESS !
Completed parsing successfully

**** Starting to parse single object of type &lt;bool&gt; at location /home/travis/build/smarie/python-parsyfiles/parsyfiles/tests/combining_parsers_converters/test_data/b64pickle-float-1.0=True ****
Checking all files under [/home/travis/build/smarie/python-parsyfiles/parsyfiles/tests/combining_parsers_converters/test_data/b64pickle-float-1.0=True]
(C) /home/travis/build/smarie/python-parsyfiles/parsyfiles/tests/combining_parsers_converters/test_data/b64pickle-float-1.0=True (singlefile, .txt)
File checks done

Building a parsing plan to parse [/home/travis/build/smarie/python-parsyfiles/parsyfiles/tests/combining_parsers_converters/test_data/b64pickle-float-1.0=True] into a bool
(B) /home/travis/build/smarie/python-parsyfiles/parsyfiles/tests/combining_parsers_converters/test_data/b64pickle-float-1.0=True.txt -&gt; bool ------- using [Try &apos;$&lt;read_str_from_txt&gt; =&gt; &lt;str_to_bool&gt;$&apos; then &apos;$&lt;read_str_from_txt&gt; =&gt; &lt;base64_ascii_str_pickle_to_object&gt; -&gt; &lt;float_to_bool&gt;$&apos; then &apos;$&lt;read_str_from_txt&gt; =&gt; &lt;base64_ascii_str_pickle_to_object&gt; -&gt; &lt;int_to_bool&gt;$&apos; then &apos;$&lt;read_str_from_txt&gt; =&gt; &lt;base64_ascii_str_pickle_to_object&gt; -&gt; &lt;str_to_bool&gt;$&apos; then &apos;$&lt;read_str_from_txt&gt; =&gt; &lt;base64_ascii_str_pickle_to_object&gt;$]&apos;]
(B)                                                                                                  |--b64pickle-float-1.0=True.txt -&gt; bool ------- using $&lt;read_str_from_txt&gt; =&gt; &lt;str_to_bool&gt;$
Parsing Plan created successfully

Executing Parsing Plan for [/home/travis/build/smarie/python-parsyfiles/parsyfiles/tests/combining_parsers_converters/test_data/b64pickle-float-1.0=True]
(P) /home/travis/build/smarie/python-parsyfiles/parsyfiles/tests/combining_parsers_converters/test_data/b64pickle-float-1.0=True.txt -&gt; bool ------- using $&lt;read_str_from_txt&gt; =&gt; &lt;str_to_bool&gt;$
  !! Caught error during execution !!
  File &quot;/home/travis/build/smarie/python-parsyfiles/parsyfiles/converting_core.py&quot;, line 524, in _convert
    return self.conversion_method(desired_type, source_obj, logger, **opts)
  File &quot;/home/travis/build/smarie/python-parsyfiles/parsyfiles/plugins_base/support_for_primitive_types.py&quot;, line 84, in primitive_to_bool
    return bool(strtobool(source))
  File &quot;/opt/python/3.5.5/lib/python3.5/distutils/util.py&quot;, line 317, in strtobool
    raise ValueError(&quot;invalid truth value %r&quot; % (val,))
  ParsingException : Error while parsing /home/travis/build/smarie/python-parsyfiles/parsyfiles/tests/combining_parsers_converters/test_data/b64pickle-float-1.0=True (singlefile, .txt) as a bool with parser &apos;$&lt;read_str_from_txt&gt; =&gt; &lt;str_to_bool&gt;$&apos; using options=({&apos;MultifileCollectionParser&apos;: {&apos;lazy_parsing&apos;: False}}) : caught 
  ValueError : invalid truth value &apos;ganhp/aaaaaaaaau&apos;
Rebuilding local parsing plan with next candidate parser: $&lt;read_str_from_txt&gt; =&gt; &lt;base64_ascii_str_pickle_to_object&gt; -&gt; &lt;float_to_bool&gt;$
(B)                                                                                                  |--b64pickle-float-1.0=True.txt -&gt; bool ------- using $&lt;read_str_from_txt&gt; =&gt; &lt;base64_ascii_str_pickle_to_object&gt; -&gt; &lt;float_to_bool&gt;$
DONE Rebuilding local parsing plan for [/home/travis/build/smarie/python-parsyfiles/parsyfiles/tests/combining_parsers_converters/test_data/b64pickle-float-1.0=True.txt]. Resuming parsing...
Executing Parsing Plan for [/home/travis/build/smarie/python-parsyfiles/parsyfiles/tests/combining_parsers_converters/test_data/b64pickle-float-1.0=True]
(P) /home/travis/build/smarie/python-parsyfiles/parsyfiles/tests/combining_parsers_converters/test_data/b64pickle-float-1.0=True.txt -&gt; bool ------- using $&lt;read_str_from_txt&gt; =&gt; &lt;base64_ascii_str_pickle_to_object&gt; -&gt; &lt;float_to_bool&gt;$
(P)                                                                                                  |--b64pickle-float-1.0=True.txt -&gt; bool SUCCESS !
Completed parsing successfully

**** Starting to parse single object of type &lt;bool&gt; at location /home/travis/build/smarie/python-parsyfiles/parsyfiles/tests/combining_parsers_converters/test_data/b64pickle-float-1.0=True ****
Checking all files under [/home/travis/build/smarie/python-parsyfiles/parsyfiles/tests/combining_parsers_converters/test_data/b64pickle-float-1.0=True]
(C) /home/travis/build/smarie/python-parsyfiles/parsyfiles/tests/combining_parsers_converters/test_data/b64pickle-float-1.0=True (singlefile, .txt)
File checks done

Building a parsing plan to parse [/home/travis/build/smarie/python-parsyfiles/parsyfiles/tests/combining_parsers_converters/test_data/b64pickle-float-1.0=True] into a bool
(B) /home/travis/build/smarie/python-parsyfiles/parsyfiles/tests/combining_parsers_converters/test_data/b64pickle-float-1.0=True.txt -&gt; bool ------- using [Try &apos;$&lt;read_str_from_txt&gt; =&gt; &lt;str_to_bool&gt;$&apos; then &apos;$&lt;read_str_from_txt&gt; =&gt; &lt;base64_ascii_str_pickle_to_object&gt; -&gt; &lt;float_to_bool&gt;$&apos; then &apos;$&lt;read_str_from_txt&gt; =&gt; &lt;base64_ascii_str_pickle_to_object&gt; -&gt; &lt;int_to_bool&gt;$&apos; then &apos;$&lt;read_str_from_txt&gt; =&gt; &lt;base64_ascii_str_pickle_to_object&gt; -&gt; &lt;str_to_bool&gt;$&apos; then &apos;$&lt;read_str_from_txt&gt; =&gt; &lt;base64_ascii_str_pickle_to_object&gt;$]&apos;]
(B)                                                                                                  |--b64pickle-float-1.0=True.txt -&gt; bool ------- using $&lt;read_str_from_txt&gt; =&gt; &lt;str_to_bool&gt;$
Parsing Plan created successfully

Executing Parsing Plan for [/home/travis/build/smarie/python-parsyfiles/parsyfiles/tests/combining_parsers_converters/test_data/b64pickle-float-1.0=True]
(P) /home/travis/build/smarie/python-parsyfiles/parsyfiles/tests/combining_parsers_converters/test_data/b64pickle-float-1.0=True.txt -&gt; bool ------- using $&lt;read_str_from_txt&gt; =&gt; &lt;str_to_bool&gt;$
  !! Caught error during execution !!
  File &quot;/home/travis/build/smarie/python-parsyfiles/parsyfiles/converting_core.py&quot;, line 524, in _convert
    return self.conversion_method(desired_type, source_obj, logger, **opts)
  File &quot;/home/travis/build/smarie/python-parsyfiles/parsyfiles/plugins_base/support_for_primitive_types.py&quot;, line 84, in primitive_to_bool
    return bool(strtobool(source))
  File &quot;/opt/python/3.5.5/lib/python3.5/distutils/util.py&quot;, line 317, in strtobool
    raise ValueError(&quot;invalid truth value %r&quot; % (val,))
  ParsingException : Error while parsing /home/travis/build/smarie/python-parsyfiles/parsyfiles/tests/combining_parsers_converters/test_data/b64pickle-float-1.0=True (singlefile, .txt) as a bool with parser &apos;$&lt;read_str_from_txt&gt; =&gt; &lt;str_to_bool&gt;$&apos; using options=({&apos;MultifileCollectionParser&apos;: {&apos;lazy_parsing&apos;: False}}) : caught 
  ValueError : invalid truth value &apos;ganhp/aaaaaaaaau&apos;
Rebuilding local parsing plan with next candidate parser: $&lt;read_str_from_txt&gt; =&gt; &lt;base64_ascii_str_pickle_to_object&gt; -&gt; &lt;float_to_bool&gt;$
(B)                                                                                                  |--b64pickle-float-1.0=True.txt -&gt; bool ------- using $&lt;read_str_from_txt&gt; =&gt; &lt;base64_ascii_str_pickle_to_object&gt; -&gt; &lt;float_to_bool&gt;$
DONE Rebuilding local parsing plan for [/home/travis/build/smarie/python-parsyfiles/parsyfiles/tests/combining_parsers_converters/test_data/b64pickle-float-1.0=True.txt]. Resuming parsing...
Executing Parsing Plan for [/home/travis/build/smarie/python-parsyfiles/parsyfiles/tests/combining_parsers_converters/test_data/b64pickle-float-1.0=True]
(P) /home/travis/build/smarie/python-parsyfiles/parsyfiles/tests/combining_parsers_converters/test_data/b64pickle-float-1.0=True.txt -&gt; bool ------- using $&lt;read_str_from_txt&gt; =&gt; &lt;base64_ascii_str_pickle_to_object&gt; -&gt; &lt;float_to_bool&gt;$
(P)                                                                                                  |--b64pickle-float-1.0=True.txt -&gt; bool SUCCESS !
Completed parsing successfully

**** Starting to parse single object of type &lt;bool&gt; at location /home/travis/build/smarie/python-parsyfiles/parsyfiles/tests/combining_parsers_converters/test_data/b64pickle-float-1.0=True ****
Checking all files under [/home/travis/build/smarie/python-parsyfiles/parsyfiles/tests/combining_parsers_converters/test_data/b64pickle-float-1.0=True]
(C) /home/travis/build/smarie/python-parsyfiles/parsyfiles/tests/combining_parsers_converters/test_data/b64pickle-float-1.0=True (singlefile, .txt)
File checks done

Building a parsing plan to parse [/home/travis/build/smarie/python-parsyfiles/parsyfiles/tests/combining_parsers_converters/test_data/b64pickle-float-1.0=True] into a bool
(B) /home/travis/build/smarie/python-parsyfiles/parsyfiles/tests/combining_parsers_converters/test_data/b64pickle-float-1.0=True.txt -&gt; bool ------- using [Try &apos;$&lt;read_str_from_txt&gt; =&gt; &lt;str_to_bool&gt;$&apos; then &apos;$&lt;read_str_from_txt&gt; =&gt; &lt;base64_ascii_str_pickle_to_object&gt; -&gt; &lt;float_to_bool&gt;$&apos; then &apos;$&lt;read_str_from_txt&gt; =&gt; &lt;base64_ascii_str_pickle_to_object&gt; -&gt; &lt;int_to_bool&gt;$&apos; then &apos;$&lt;read_str_from_txt&gt; =&gt; &lt;base64_ascii_str_pickle_to_object&gt; -&gt; &lt;str_to_bool&gt;$&apos; then &apos;$&lt;read_str_from_txt&gt; =&gt; &lt;base64_ascii_str_pickle_to_object&gt;$]&apos;]
(B)                                                                                                  |--b64pickle-float-1.0=True.txt -&gt; bool ------- using $&lt;read_str_from_txt&gt; =&gt; &lt;str_to_bool&gt;$
Parsing Plan created successfully

Executing Parsing Plan for [/home/travis/build/smarie/python-parsyfiles/parsyfiles/tests/combining_parsers_converters/test_data/b64pickle-float-1.0=True]
(P) /home/travis/build/smarie/python-parsyfiles/parsyfiles/tests/combining_parsers_converters/test_data/b64pickle-float-1.0=True.txt -&gt; bool ------- using $&lt;read_str_from_txt&gt; =&gt; &lt;str_to_bool&gt;$
  !! Caught error during execution !!
  File &quot;/home/travis/build/smarie/python-parsyfiles/parsyfiles/converting_core.py&quot;, line 524, in _convert
    return self.conversion_method(desired_type, source_obj, logger, **opts)
  File &quot;/home/travis/build/smarie/python-parsyfiles/parsyfiles/plugins_base/support_for_primitive_types.py&quot;, line 84, in primitive_to_bool
    return bool(strtobool(source))
  File &quot;/opt/python/3.5.5/lib/python3.5/distutils/util.py&quot;, line 317, in strtobool
    raise ValueError(&quot;invalid truth value %r&quot; % (val,))
  ParsingException : Error while parsing /home/travis/build/smarie/python-parsyfiles/parsyfiles/tests/combining_parsers_converters/test_data/b64pickle-float-1.0=True (singlefile, .txt) as a bool with parser &apos;$&lt;read_str_from_txt&gt; =&gt; &lt;str_to_bool&gt;$&apos; using options=({&apos;MultifileCollectionParser&apos;: {&apos;lazy_parsing&apos;: False}}) : caught 
  ValueError : invalid truth value &apos;ganhp/aaaaaaaaau&apos;
Rebuilding local parsing plan with next candidate parser: $&lt;read_str_from_txt&gt; =&gt; &lt;base64_ascii_str_pickle_to_object&gt; -&gt; &lt;float_to_bool&gt;$
(B)                                                                                                  |--b64pickle-float-1.0=True.txt -&gt; bool ------- using $&lt;read_str_from_txt&gt; =&gt; &lt;base64_ascii_str_pickle_to_object&gt; -&gt; &lt;float_to_bool&gt;$
DONE Rebuilding local parsing plan for [/home/travis/build/smarie/python-parsyfiles/parsyfiles/tests/combining_parsers_converters/test_data/b64pickle-float-1.0=True.txt]. Resuming parsing...
Executing Parsing Plan for [/home/travis/build/smarie/python-parsyfiles/parsyfiles/tests/combining_parsers_converters/test_data/b64pickle-float-1.0=True]
(P) /home/travis/build/smarie/python-parsyfiles/parsyfiles/tests/combining_parsers_converters/test_data/b64pickle-float-1.0=True.txt -&gt; bool ------- using $&lt;read_str_from_txt&gt; =&gt; &lt;base64_ascii_str_pickle_to_object&gt; -&gt; &lt;float_to_bool&gt;$
(P)                                                                                                  |--b64pickle-float-1.0=True.txt -&gt; bool SUCCESS !
Completed parsing successfully

**** Starting to parse single object of type &lt;bool&gt; at location /home/travis/build/smarie/python-parsyfiles/parsyfiles/tests/combining_parsers_converters/test_data/b64pickle-float-1.0=True ****
Checking all files under [/home/travis/build/smarie/python-parsyfiles/parsyfiles/tests/combining_parsers_converters/test_data/b64pickle-float-1.0=True]
(C) /home/travis/build/smarie/python-parsyfiles/parsyfiles/tests/combining_parsers_converters/test_data/b64pickle-float-1.0=True (singlefile, .txt)
File checks done

Building a parsing plan to parse [/home/travis/build/smarie/python-parsyfiles/parsyfiles/tests/combining_parsers_converters/test_data/b64pickle-float-1.0=True] into a bool
(B) /home/travis/build/smarie/python-parsyfiles/parsyfiles/tests/combining_parsers_converters/test_data/b64pickle-float-1.0=True.txt -&gt; bool ------- using [Try &apos;$&lt;read_str_from_txt&gt; =&gt; &lt;str_to_bool&gt;$&apos; then &apos;$&lt;read_str_from_txt&gt; =&gt; &lt;base64_ascii_str_pickle_to_object&gt; -&gt; &lt;float_to_bool&gt;$&apos; then &apos;$&lt;read_str_from_txt&gt; =&gt; &lt;base64_ascii_str_pickle_to_object&gt; -&gt; &lt;int_to_bool&gt;$&apos; then &apos;$&lt;read_str_from_txt&gt; =&gt; &lt;base64_ascii_str_pickle_to_object&gt; -&gt; &lt;str_to_bool&gt;$&apos; then &apos;$&lt;read_str_from_txt&gt; =&gt; &lt;base64_ascii_str_pickle_to_object&gt;$]&apos;]
(B)                                                                                                  |--b64pickle-float-1.0=True.txt -&gt; bool ------- using $&lt;read_str_from_txt&gt; =&gt; &lt;str_to_bool&gt;$
Parsing Plan created successfully

Executing Parsing Plan for [/home/travis/build/smarie/python-parsyfiles/parsyfiles/tests/combining_parsers_converters/test_data/b64pickle-float-1.0=True]
(P) /home/travis/build/smarie/python-parsyfiles/parsyfiles/tests/combining_parsers_converters/test_data/b64pickle-float-1.0=True.txt -&gt; bool ------- using $&lt;read_str_from_txt&gt; =&gt; &lt;str_to_bool&gt;$
  !! Caught error during execution !!
  File &quot;/home/travis/build/smarie/python-parsyfiles/parsyfiles/converting_core.py&quot;, line 524, in _convert
    return self.conversion_method(desired_type, source_obj, logger, **opts)
  File &quot;/home/travis/build/smarie/python-parsyfiles/parsyfiles/plugins_base/support_for_primitive_types.py&quot;, line 84, in primitive_to_bool
    return bool(strtobool(source))
  File &quot;/opt/python/3.5.5/lib/python3.5/distutils/util.py&quot;, line 317, in strtobool
    raise ValueError(&quot;invalid truth value %r&quot; % (val,))
  ParsingException : Error while parsing /home/travis/build/smarie/python-parsyfiles/parsyfiles/tests/combining_parsers_converters/test_data/b64pickle-float-1.0=True (singlefile, .txt) as a bool with parser &apos;$&lt;read_str_from_txt&gt; =&gt; &lt;str_to_bool&gt;$&apos; using options=({&apos;MultifileCollectionParser&apos;: {&apos;lazy_parsing&apos;: False}}) : caught 
  ValueError : invalid truth value &apos;ganhp/aaaaaaaaau&apos;
Rebuilding local parsing plan with next candidate parser: $&lt;read_str_from_txt&gt; =&gt; &lt;base64_ascii_str_pickle_to_object&gt; -&gt; &lt;float_to_bool&gt;$
(B)                                                                                                  |--b64pickle-float-1.0=True.txt -&gt; bool ------- using $&lt;read_str_from_txt&gt; =&gt; &lt;base64_ascii_str_pickle_to_object&gt; -&gt; &lt;float_to_bool&gt;$
DONE Rebuilding local parsing plan for [/home/travis/build/smarie/python-parsyfiles/parsyfiles/tests/combining_parsers_converters/test_data/b64pickle-float-1.0=True.txt]. Resuming parsing...
Executing Parsing Plan for [/home/travis/build/smarie/python-parsyfiles/parsyfiles/tests/combining_parsers_converters/test_data/b64pickle-float-1.0=True]
(P) /home/travis/build/smarie/python-parsyfiles/parsyfiles/tests/combining_parsers_converters/test_data/b64pickle-float-1.0=True.txt -&gt; bool ------- using $&lt;read_str_from_txt&gt; =&gt; &lt;base64_ascii_str_pickle_to_object&gt; -&gt; &lt;float_to_bool&gt;$
(P)                                                                                                  |--b64pickle-float-1.0=True.txt -&gt; bool SUCCESS !
Completed parsing successfully

**** Starting to parse single object of type &lt;bool&gt; at location /home/travis/build/smarie/python-parsyfiles/parsyfiles/tests/combining_parsers_converters/test_data/b64pickle-float-1.0=True ****
Checking all files under [/home/travis/build/smarie/python-parsyfiles/parsyfiles/tests/combining_parsers_converters/test_data/b64pickle-float-1.0=True]
(C) /home/travis/build/smarie/python-parsyfiles/parsyfiles/tests/combining_parsers_converters/test_data/b64pickle-float-1.0=True (singlefile, .txt)
File checks done

Building a parsing plan to parse [/home/travis/build/smarie/python-parsyfiles/parsyfiles/tests/combining_parsers_converters/test_data/b64pickle-float-1.0=True] into a bool
(B) /home/travis/build/smarie/python-parsyfiles/parsyfiles/tests/combining_parsers_converters/test_data/b64pickle-float-1.0=True.txt -&gt; bool ------- using [Try &apos;$&lt;read_str_from_txt&gt; =&gt; &lt;str_to_bool&gt;$&apos; then &apos;$&lt;read_str_from_txt&gt; =&gt; &lt;base64_ascii_str_pickle_to_object&gt; -&gt; &lt;float_to_bool&gt;$&apos; then &apos;$&lt;read_str_from_txt&gt; =&gt; &lt;base64_ascii_str_pickle_to_object&gt; -&gt; &lt;int_to_bool&gt;$&apos; then &apos;$&lt;read_str_from_txt&gt; =&gt; &lt;base64_ascii_str_pickle_to_object&gt; -&gt; &lt;str_to_bool&gt;$&apos; then &apos;$&lt;read_str_from_txt&gt; =&gt; &lt;base64_ascii_str_pickle_to_object&gt;$]&apos;]
(B)                                                                                                  |--b64pickle-float-1.0=True.txt -&gt; bool ------- using $&lt;read_str_from_txt&gt; =&gt; &lt;str_to_bool&gt;$
Parsing Plan created successfully

Executing Parsing Plan for [/home/travis/build/smarie/python-parsyfiles/parsyfiles/tests/combining_parsers_converters/test_data/b64pickle-float-1.0=True]
(P) /home/travis/build/smarie/python-parsyfiles/parsyfiles/tests/combining_parsers_converters/test_data/b64pickle-float-1.0=True.txt -&gt; bool ------- using $&lt;read_str_from_txt&gt; =&gt; &lt;str_to_bool&gt;$
  !! Caught error during execution !!
  File &quot;/home/travis/build/smarie/python-parsyfiles/parsyfiles/converting_core.py&quot;, line 524, in _convert
    return self.conversion_method(desired_type, source_obj, logger, **opts)
  File &quot;/home/travis/build/smarie/python-parsyfiles/parsyfiles/plugins_base/support_for_primitive_types.py&quot;, line 84, in primitive_to_bool
    return bool(strtobool(source))
  File &quot;/opt/python/3.5.5/lib/python3.5/distutils/util.py&quot;, line 317, in strtobool
    raise ValueError(&quot;invalid truth value %r&quot; % (val,))
  ParsingException : Error while parsing /home/travis/build/smarie/python-parsyfiles/parsyfiles/tests/combining_parsers_converters/test_data/b64pickle-float-1.0=True (singlefile, .txt) as a bool with parser &apos;$&lt;read_str_from_txt&gt; =&gt; &lt;str_to_bool&gt;$&apos; using options=({&apos;MultifileCollectionParser&apos;: {&apos;lazy_parsing&apos;: False}}) : caught 
  ValueError : invalid truth value &apos;ganhp/aaaaaaaaau&apos;
Rebuilding local parsing plan with next candidate parser: $&lt;read_str_from_txt&gt; =&gt; &lt;base64_ascii_str_pickle_to_object&gt; -&gt; &lt;float_to_bool&gt;$
(B)                                                                                                  |--b64pickle-float-1.0=True.txt -&gt; bool ------- using $&lt;read_str_from_txt&gt; =&gt; &lt;base64_ascii_str_pickle_to_object&gt; -&gt; &lt;float_to_bool&gt;$
DONE Rebuilding local parsing plan for [/home/travis/build/smarie/python-parsyfiles/parsyfiles/tests/combining_parsers_converters/test_data/b64pickle-float-1.0=True.txt]. Resuming parsing...
Executing Parsing Plan for [/home/travis/build/smarie/python-parsyfiles/parsyfiles/tests/combining_parsers_converters/test_data/b64pickle-float-1.0=True]
(P) /home/travis/build/smarie/python-parsyfiles/parsyfiles/tests/combining_parsers_converters/test_data/b64pickle-float-1.0=True.txt -&gt; bool ------- using $&lt;read_str_from_txt&gt; =&gt; &lt;base64_ascii_str_pickle_to_object&gt; -&gt; &lt;float_to_bool&gt;$
(P)                                                                                                  |--b64pickle-float-1.0=True.txt -&gt; bool SUCCESS !
Completed parsing successfully

**** Starting to parse single object of type &lt;bool&gt; at location /home/travis/build/smarie/python-parsyfiles/parsyfiles/tests/combining_parsers_converters/test_data/b64pickle-float-1.0=True ****
Checking all files under [/home/travis/build/smarie/python-parsyfiles/parsyfiles/tests/combining_parsers_converters/test_data/b64pickle-float-1.0=True]
(C) /home/travis/build/smarie/python-parsyfiles/parsyfiles/tests/combining_parsers_converters/test_data/b64pickle-float-1.0=True (singlefile, .txt)
File checks done

Building a parsing plan to parse [/home/travis/build/smarie/python-parsyfiles/parsyfiles/tests/combining_parsers_converters/test_data/b64pickle-float-1.0=True] into a bool
(B) /home/travis/build/smarie/python-parsyfiles/parsyfiles/tests/combining_parsers_converters/test_data/b64pickle-float-1.0=True.txt -&gt; bool ------- using [Try &apos;$&lt;read_str_from_txt&gt; =&gt; &lt;str_to_bool&gt;$&apos; then &apos;$&lt;read_str_from_txt&gt; =&gt; &lt;base64_ascii_str_pickle_to_object&gt; -&gt; &lt;float_to_bool&gt;$&apos; then &apos;$&lt;read_str_from_txt&gt; =&gt; &lt;base64_ascii_str_pickle_to_object&gt; -&gt; &lt;int_to_bool&gt;$&apos; then &apos;$&lt;read_str_from_txt&gt; =&gt; &lt;base64_ascii_str_pickle_to_object&gt; -&gt; &lt;str_to_bool&gt;$&apos; then &apos;$&lt;read_str_from_txt&gt; =&gt; &lt;base64_ascii_str_pickle_to_object&gt;$]&apos;]
(B)                                                                                                  |--b64pickle-float-1.0=True.txt -&gt; bool ------- using $&lt;read_str_from_txt&gt; =&gt; &lt;str_to_bool&gt;$
Parsing Plan created successfully

Executing Parsing Plan for [/home/travis/build/smarie/python-parsyfiles/parsyfiles/tests/combining_parsers_converters/test_data/b64pickle-float-1.0=True]
(P) /home/travis/build/smarie/python-parsyfiles/parsyfiles/tests/combining_parsers_converters/test_data/b64pickle-float-1.0=True.txt -&gt; bool ------- using $&lt;read_str_from_txt&gt; =&gt; &lt;str_to_bool&gt;$
  !! Caught error during execution !!
  File &quot;/home/travis/build/smarie/python-parsyfiles/parsyfiles/converting_core.py&quot;, line 524, in _convert
    return self.conversion_method(desired_type, source_obj, logger, **opts)
  File &quot;/home/travis/build/smarie/python-parsyfiles/parsyfiles/plugins_base/support_for_primitive_types.py&quot;, line 84, in primitive_to_bool
    return bool(strtobool(source))
  File &quot;/opt/python/3.5.5/lib/python3.5/distutils/util.py&quot;, line 317, in strtobool
    raise ValueError(&quot;invalid truth value %r&quot; % (val,))
  ParsingException : Error while parsing /home/travis/build/smarie/python-parsyfiles/parsyfiles/tests/combining_parsers_converters/test_data/b64pickle-float-1.0=True (singlefile, .txt) as a bool with parser &apos;$&lt;read_str_from_txt&gt; =&gt; &lt;str_to_bool&gt;$&apos; using options=({&apos;MultifileCollectionParser&apos;: {&apos;lazy_parsing&apos;: False}}) : caught 
  ValueError : invalid truth value &apos;ganhp/aaaaaaaaau&apos;
Rebuilding local parsing plan with next candidate parser: $&lt;read_str_from_txt&gt; =&gt; &lt;base64_ascii_str_pickle_to_object&gt; -&gt; &lt;float_to_bool&gt;$
(B)                                                                                                  |--b64pickle-float-1.0=True.txt -&gt; bool ------- using $&lt;read_str_from_txt&gt; =&gt; &lt;base64_ascii_str_pickle_to_object&gt; -&gt; &lt;float_to_bool&gt;$
DONE Rebuilding local parsing plan for [/home/travis/build/smarie/python-parsyfiles/parsyfiles/tests/combining_parsers_converters/test_data/b64pickle-float-1.0=True.txt]. Resuming parsing...
Executing Parsing Plan for [/home/travis/build/smarie/python-parsyfiles/parsyfiles/tests/combining_parsers_converters/test_data/b64pickle-float-1.0=True]
(P) /home/travis/build/smarie/python-parsyfiles/parsyfiles/tests/combining_parsers_converters/test_data/b64pickle-float-1.0=True.txt -&gt; bool ------- using $&lt;read_str_from_txt&gt; =&gt; &lt;base64_ascii_str_pickle_to_object&gt; -&gt; &lt;float_to_bool&gt;$
(P)                                                                                                  |--b64pickle-float-1.0=True.txt -&gt; bool SUCCESS !
Completed parsing successfully

**** Starting to parse single object of type &lt;bool&gt; at location /home/travis/build/smarie/python-parsyfiles/parsyfiles/tests/combining_parsers_converters/test_data/b64pickle-float-1.0=True ****
Checking all files under [/home/travis/build/smarie/python-parsyfiles/parsyfiles/tests/combining_parsers_converters/test_data/b64pickle-float-1.0=True]
(C) /home/travis/build/smarie/python-parsyfiles/parsyfiles/tests/combining_parsers_converters/test_data/b64pickle-float-1.0=True (singlefile, .txt)
File checks done

Building a parsing plan to parse [/home/travis/build/smarie/python-parsyfiles/parsyfiles/tests/combining_parsers_converters/test_data/b64pickle-float-1.0=True] into a bool
(B) /home/travis/build/smarie/python-parsyfiles/parsyfiles/tests/combining_parsers_converters/test_data/b64pickle-float-1.0=True.txt -&gt; bool ------- using [Try &apos;$&lt;read_str_from_txt&gt; =&gt; &lt;str_to_bool&gt;$&apos; then &apos;$&lt;read_str_from_txt&gt; =&gt; &lt;base64_ascii_str_pickle_to_object&gt; -&gt; &lt;float_to_bool&gt;$&apos; then &apos;$&lt;read_str_from_txt&gt; =&gt; &lt;base64_ascii_str_pickle_to_object&gt; -&gt; &lt;int_to_bool&gt;$&apos; then &apos;$&lt;read_str_from_txt&gt; =&gt; &lt;base64_ascii_str_pickle_to_object&gt; -&gt; &lt;str_to_bool&gt;$&apos; then &apos;$&lt;read_str_from_txt&gt; =&gt; &lt;base64_ascii_str_pickle_to_object&gt;$]&apos;]
(B)                                                                                                  |--b64pickle-float-1.0=True.txt -&gt; bool ------- using $&lt;read_str_from_txt&gt; =&gt; &lt;str_to_bool&gt;$
Parsing Plan created successfully

Executing Parsing Plan for [/home/travis/build/smarie/python-parsyfiles/parsyfiles/tests/combining_parsers_converters/test_data/b64pickle-float-1.0=True]
(P) /home/travis/build/smarie/python-parsyfiles/parsyfiles/tests/combining_parsers_converters/test_data/b64pickle-float-1.0=True.txt -&gt; bool ------- using $&lt;read_str_from_txt&gt; =&gt; &lt;str_to_bool&gt;$
  !! Caught error during execution !!
  File &quot;/home/travis/build/smarie/python-parsyfiles/parsyfiles/converting_core.py&quot;, line 524, in _convert
    return self.conversion_method(desired_type, source_obj, logger, **opts)
  File &quot;/home/travis/build/smarie/python-parsyfiles/parsyfiles/plugins_base/support_for_primitive_types.py&quot;, line 84, in primitive_to_bool
    return bool(strtobool(source))
  File &quot;/opt/python/3.5.5/lib/python3.5/distutils/util.py&quot;, line 317, in strtobool
    raise ValueError(&quot;invalid truth value %r&quot; % (val,))
  ParsingException : Error while parsing /home/travis/build/smarie/python-parsyfiles/parsyfiles/tests/combining_parsers_converters/test_data/b64pickle-float-1.0=True (singlefile, .txt) as a bool with parser &apos;$&lt;read_str_from_txt&gt; =&gt; &lt;str_to_bool&gt;$&apos; using options=({&apos;MultifileCollectionParser&apos;: {&apos;lazy_parsing&apos;: False}}) : caught 
  ValueError : invalid truth value &apos;ganhp/aaaaaaaaau&apos;
Rebuilding local parsing plan with next candidate parser: $&lt;read_str_from_txt&gt; =&gt; &lt;base64_ascii_str_pickle_to_object&gt; -&gt; &lt;float_to_bool&gt;$
(B)                                                                                                  |--b64pickle-float-1.0=True.txt -&gt; bool ------- using $&lt;read_str_from_txt&gt; =&gt; &lt;base64_ascii_str_pickle_to_object&gt; -&gt; &lt;float_to_bool&gt;$
DONE Rebuilding local parsing plan for [/home/travis/build/smarie/python-parsyfiles/parsyfiles/tests/combining_parsers_converters/test_data/b64pickle-float-1.0=True.txt]. Resuming parsing...
Executing Parsing Plan for [/home/travis/build/smarie/python-parsyfiles/parsyfiles/tests/combining_parsers_converters/test_data/b64pickle-float-1.0=True]
(P) /home/travis/build/smarie/python-parsyfiles/parsyfiles/tests/combining_parsers_converters/test_data/b64pickle-float-1.0=True.txt -&gt; bool ------- using $&lt;read_str_from_txt&gt; =&gt; &lt;base64_ascii_str_pickle_to_object&gt; -&gt; &lt;float_to_bool&gt;$
(P)                                                                                                  |--b64pickle-float-1.0=True.txt -&gt; bool SUCCESS !
Completed parsing successfully

**** Starting to parse single object of type &lt;bool&gt; at location /home/travis/build/smarie/python-parsyfiles/parsyfiles/tests/combining_parsers_converters/test_data/b64pickle-float-1.0=True ****
Checking all files under [/home/travis/build/smarie/python-parsyfiles/parsyfiles/tests/combining_parsers_converters/test_data/b64pickle-float-1.0=True]
(C) /home/travis/build/smarie/python-parsyfiles/parsyfiles/tests/combining_parsers_converters/test_data/b64pickle-float-1.0=True (singlefile, .txt)
File checks done

Building a parsing plan to parse [/home/travis/build/smarie/python-parsyfiles/parsyfiles/tests/combining_parsers_converters/test_data/b64pickle-float-1.0=True] into a bool
(B) /home/travis/build/smarie/python-parsyfiles/parsyfiles/tests/combining_parsers_converters/test_data/b64pickle-float-1.0=True.txt -&gt; bool ------- using [Try &apos;$&lt;read_str_from_txt&gt; =&gt; &lt;str_to_bool&gt;$&apos; then &apos;$&lt;read_str_from_txt&gt; =&gt; &lt;base64_ascii_str_pickle_to_object&gt; -&gt; &lt;float_to_bool&gt;$&apos; then &apos;$&lt;read_str_from_txt&gt; =&gt; &lt;base64_ascii_str_pickle_to_object&gt; -&gt; &lt;int_to_bool&gt;$&apos; then &apos;$&lt;read_str_from_txt&gt; =&gt; &lt;base64_ascii_str_pickle_to_object&gt; -&gt; &lt;str_to_bool&gt;$&apos; then &apos;$&lt;read_str_from_txt&gt; =&gt; &lt;base64_ascii_str_pickle_to_object&gt;$]&apos;]
(B)                                                                                                  |--b64pickle-float-1.0=True.txt -&gt; bool ------- using $&lt;read_str_from_txt&gt; =&gt; &lt;str_to_bool&gt;$
Parsing Plan created successfully

Executing Parsing Plan for [/home/travis/build/smarie/python-parsyfiles/parsyfiles/tests/combining_parsers_converters/test_data/b64pickle-float-1.0=True]
(P) /home/travis/build/smarie/python-parsyfiles/parsyfiles/tests/combining_parsers_converters/test_data/b64pickle-float-1.0=True.txt -&gt; bool ------- using $&lt;read_str_from_txt&gt; =&gt; &lt;str_to_bool&gt;$
  !! Caught error during execution !!
  File &quot;/home/travis/build/smarie/python-parsyfiles/parsyfiles/converting_core.py&quot;, line 524, in _convert
    return self.conversion_method(desired_type, source_obj, logger, **opts)
  File &quot;/home/travis/build/smarie/python-parsyfiles/parsyfiles/plugins_base/support_for_primitive_types.py&quot;, line 84, in primitive_to_bool
    return bool(strtobool(source))
  File &quot;/opt/python/3.5.5/lib/python3.5/distutils/util.py&quot;, line 317, in strtobool
    raise ValueError(&quot;invalid truth value %r&quot; % (val,))
  ParsingException : Error while parsing /home/travis/build/smarie/python-parsyfiles/parsyfiles/tests/combining_parsers_converters/test_data/b64pickle-float-1.0=True (singlefile, .txt) as a bool with parser &apos;$&lt;read_str_from_txt&gt; =&gt; &lt;str_to_bool&gt;$&apos; using options=({&apos;MultifileCollectionParser&apos;: {&apos;lazy_parsing&apos;: False}}) : caught 
  ValueError : invalid truth value &apos;ganhp/aaaaaaaaau&apos;
Rebuilding local parsing plan with next candidate parser: $&lt;read_str_from_txt&gt; =&gt; &lt;base64_ascii_str_pickle_to_object&gt; -&gt; &lt;float_to_bool&gt;$
(B)                                                                                                  |--b64pickle-float-1.0=True.txt -&gt; bool ------- using $&lt;read_str_from_txt&gt; =&gt; &lt;base64_ascii_str_pickle_to_object&gt; -&gt; &lt;float_to_bool&gt;$
DONE Rebuilding local parsing plan for [/home/travis/build/smarie/python-parsyfiles/parsyfiles/tests/combining_parsers_converters/test_data/b64pickle-float-1.0=True.txt]. Resuming parsing...
Executing Parsing Plan for [/home/travis/build/smarie/python-parsyfiles/parsyfiles/tests/combining_parsers_converters/test_data/b64pickle-float-1.0=True]
(P) /home/travis/build/smarie/python-parsyfiles/parsyfiles/tests/combining_parsers_converters/test_data/b64pickle-float-1.0=True.txt -&gt; bool ------- using $&lt;read_str_from_txt&gt; =&gt; &lt;base64_ascii_str_pickle_to_object&gt; -&gt; &lt;float_to_bool&gt;$
(P)                                                                                                  |--b64pickle-float-1.0=True.txt -&gt; bool SUCCESS !
Completed parsing successfully

**** Starting to parse single object of type &lt;bool&gt; at location /home/travis/build/smarie/python-parsyfiles/parsyfiles/tests/combining_parsers_converters/test_data/b64pickle-float-1.0=True ****
Checking all files under [/home/travis/build/smarie/python-parsyfiles/parsyfiles/tests/combining_parsers_converters/test_data/b64pickle-float-1.0=True]
(C) /home/travis/build/smarie/python-parsyfiles/parsyfiles/tests/combining_parsers_converters/test_data/b64pickle-float-1.0=True (singlefile, .txt)
File checks done

Building a parsing plan to parse [/home/travis/build/smarie/python-parsyfiles/parsyfiles/tests/combining_parsers_converters/test_data/b64pickle-float-1.0=True] into a bool
(B) /home/travis/build/smarie/python-parsyfiles/parsyfiles/tests/combining_parsers_converters/test_data/b64pickle-float-1.0=True.txt -&gt; bool ------- using [Try &apos;$&lt;read_str_from_txt&gt; =&gt; &lt;str_to_bool&gt;$&apos; then &apos;$&lt;read_str_from_txt&gt; =&gt; &lt;base64_ascii_str_pickle_to_object&gt; -&gt; &lt;float_to_bool&gt;$&apos; then &apos;$&lt;read_str_from_txt&gt; =&gt; &lt;base64_ascii_str_pickle_to_object&gt; -&gt; &lt;int_to_bool&gt;$&apos; then &apos;$&lt;read_str_from_txt&gt; =&gt; &lt;base64_ascii_str_pickle_to_object&gt; -&gt; &lt;str_to_bool&gt;$&apos; then &apos;$&lt;read_str_from_txt&gt; =&gt; &lt;base64_ascii_str_pickle_to_object&gt;$]&apos;]
(B)                                                                                                  |--b64pickle-float-1.0=True.txt -&gt; bool ------- using $&lt;read_str_from_txt&gt; =&gt; &lt;str_to_bool&gt;$
Parsing Plan created successfully

Executing Parsing Plan for [/home/travis/build/smarie/python-parsyfiles/parsyfiles/tests/combining_parsers_converters/test_data/b64pickle-float-1.0=True]
(P) /home/travis/build/smarie/python-parsyfiles/parsyfiles/tests/combining_parsers_converters/test_data/b64pickle-float-1.0=True.txt -&gt; bool ------- using $&lt;read_str_from_txt&gt; =&gt; &lt;str_to_bool&gt;$
  !! Caught error during execution !!
  File &quot;/home/travis/build/smarie/python-parsyfiles/parsyfiles/converting_core.py&quot;, line 524, in _convert
    return self.conversion_method(desired_type, source_obj, logger, **opts)
  File &quot;/home/travis/build/smarie/python-parsyfiles/parsyfiles/plugins_base/support_for_primitive_types.py&quot;, line 84, in primitive_to_bool
    return bool(strtobool(source))
  File &quot;/opt/python/3.5.5/lib/python3.5/distutils/util.py&quot;, line 317, in strtobool
    raise ValueError(&quot;invalid truth value %r&quot; % (val,))
  ParsingException : Error while parsing /home/travis/build/smarie/python-parsyfiles/parsyfiles/tests/combining_parsers_converters/test_data/b64pickle-float-1.0=True (singlefile, .txt) as a bool with parser &apos;$&lt;read_str_from_txt&gt; =&gt; &lt;str_to_bool&gt;$&apos; using options=({&apos;MultifileCollectionParser&apos;: {&apos;lazy_parsing&apos;: False}}) : caught 
  ValueError : invalid truth value &apos;ganhp/aaaaaaaaau&apos;
Rebuilding local parsing plan with next candidate parser: $&lt;read_str_from_txt&gt; =&gt; &lt;base64_ascii_str_pickle_to_object&gt; -&gt; &lt;float_to_bool&gt;$
(B)                                                                                                  |--b64pickle-float-1.0=True.txt -&gt; bool ------- using $&lt;read_str_from_txt&gt; =&gt; &lt;base64_ascii_str_pickle_to_object&gt; -&gt; &lt;float_to_bool&gt;$
DONE Rebuilding local parsing plan for [/home/travis/build/smarie/python-parsyfiles/parsyfiles/tests/combining_parsers_converters/test_data/b64pickle-float-1.0=True.txt]. Resuming parsing...
Executing Parsing Plan for [/home/travis/build/smarie/python-parsyfiles/parsyfiles/tests/combining_parsers_converters/test_data/b64pickle-float-1.0=True]
(P) /home/travis/build/smarie/python-parsyfiles/parsyfiles/tests/combining_parsers_converters/test_data/b64pickle-float-1.0=True.txt -&gt; bool ------- using $&lt;read_str_from_txt&gt; =&gt; &lt;base64_ascii_str_pickle_to_object&gt; -&gt; &lt;float_to_bool&gt;$
(P)                                                                                                  |--b64pickle-float-1.0=True.txt -&gt; bool SUCCESS !
Completed parsing successfully

**** Starting to parse single object of type &lt;bool&gt; at location /home/travis/build/smarie/python-parsyfiles/parsyfiles/tests/combining_parsers_converters/test_data/b64pickle-float-1.0=True ****
Checking all files under [/home/travis/build/smarie/python-parsyfiles/parsyfiles/tests/combining_parsers_converters/test_data/b64pickle-float-1.0=True]
(C) /home/travis/build/smarie/python-parsyfiles/parsyfiles/tests/combining_parsers_converters/test_data/b64pickle-float-1.0=True (singlefile, .txt)
File checks done

Building a parsing plan to parse [/home/travis/build/smarie/python-parsyfiles/parsyfiles/tests/combining_parsers_converters/test_data/b64pickle-float-1.0=True] into a bool
(B) /home/travis/build/smarie/python-parsyfiles/parsyfiles/tests/combining_parsers_converters/test_data/b64pickle-float-1.0=True.txt -&gt; bool ------- using [Try &apos;$&lt;read_str_from_txt&gt; =&gt; &lt;str_to_bool&gt;$&apos; then &apos;$&lt;read_str_from_txt&gt; =&gt; &lt;base64_ascii_str_pickle_to_object&gt; -&gt; &lt;float_to_bool&gt;$&apos; then &apos;$&lt;read_str_from_txt&gt; =&gt; &lt;base64_ascii_str_pickle_to_object&gt; -&gt; &lt;int_to_bool&gt;$&apos; then &apos;$&lt;read_str_from_txt&gt; =&gt; &lt;base64_ascii_str_pickle_to_object&gt; -&gt; &lt;str_to_bool&gt;$&apos; then &apos;$&lt;read_str_from_txt&gt; =&gt; &lt;base64_ascii_str_pickle_to_object&gt;$]&apos;]
(B)                                                                                                  |--b64pickle-float-1.0=True.txt -&gt; bool ------- using $&lt;read_str_from_txt&gt; =&gt; &lt;str_to_bool&gt;$
Parsing Plan created successfully

Executing Parsing Plan for [/home/travis/build/smarie/python-parsyfiles/parsyfiles/tests/combining_parsers_converters/test_data/b64pickle-float-1.0=True]
(P) /home/travis/build/smarie/python-parsyfiles/parsyfiles/tests/combining_parsers_converters/test_data/b64pickle-float-1.0=True.txt -&gt; bool ------- using $&lt;read_str_from_txt&gt; =&gt; &lt;str_to_bool&gt;$
  !! Caught error during execution !!
  File &quot;/home/travis/build/smarie/python-parsyfiles/parsyfiles/converting_core.py&quot;, line 524, in _convert
    return self.conversion_method(desired_type, source_obj, logger, **opts)
  File &quot;/home/travis/build/smarie/python-parsyfiles/parsyfiles/plugins_base/support_for_primitive_types.py&quot;, line 84, in primitive_to_bool
    return bool(strtobool(source))
  File &quot;/opt/python/3.5.5/lib/python3.5/distutils/util.py&quot;, line 317, in strtobool
    raise ValueError(&quot;invalid truth value %r&quot; % (val,))
  ParsingException : Error while parsing /home/travis/build/smarie/python-parsyfiles/parsyfiles/tests/combining_parsers_converters/test_data/b64pickle-float-1.0=True (singlefile, .txt) as a bool with parser &apos;$&lt;read_str_from_txt&gt; =&gt; &lt;str_to_bool&gt;$&apos; using options=({&apos;MultifileCollectionParser&apos;: {&apos;lazy_parsing&apos;: False}}) : caught 
  ValueError : invalid truth value &apos;ganhp/aaaaaaaaau&apos;
Rebuilding local parsing plan with next candidate parser: $&lt;read_str_from_txt&gt; =&gt; &lt;base64_ascii_str_pickle_to_object&gt; -&gt; &lt;float_to_bool&gt;$
(B)                                                                                                  |--b64pickle-float-1.0=True.txt -&gt; bool ------- using $&lt;read_str_from_txt&gt; =&gt; &lt;base64_ascii_str_pickle_to_object&gt; -&gt; &lt;float_to_bool&gt;$
DONE Rebuilding local parsing plan for [/home/travis/build/smarie/python-parsyfiles/parsyfiles/tests/combining_parsers_converters/test_data/b64pickle-float-1.0=True.txt]. Resuming parsing...
Executing Parsing Plan for [/home/travis/build/smarie/python-parsyfiles/parsyfiles/tests/combining_parsers_converters/test_data/b64pickle-float-1.0=True]
(P) /home/travis/build/smarie/python-parsyfiles/parsyfiles/tests/combining_parsers_converters/test_data/b64pickle-float-1.0=True.txt -&gt; bool ------- using $&lt;read_str_from_txt&gt; =&gt; &lt;base64_ascii_str_pickle_to_object&gt; -&gt; &lt;float_to_bool&gt;$
(P)                                                                                                  |--b64pickle-float-1.0=True.txt -&gt; bool SUCCESS !
Completed parsing successfully

**** Starting to parse single object of type &lt;bool&gt; at location /home/travis/build/smarie/python-parsyfiles/parsyfiles/tests/combining_parsers_converters/test_data/b64pickle-float-1.0=True ****
Checking all files under [/home/travis/build/smarie/python-parsyfiles/parsyfiles/tests/combining_parsers_converters/test_data/b64pickle-float-1.0=True]
(C) /home/travis/build/smarie/python-parsyfiles/parsyfiles/tests/combining_parsers_converters/test_data/b64pickle-float-1.0=True (singlefile, .txt)
File checks done

Building a parsing plan to parse [/home/travis/build/smarie/python-parsyfiles/parsyfiles/tests/combining_parsers_converters/test_data/b64pickle-float-1.0=True] into a bool
(B) /home/travis/build/smarie/python-parsyfiles/parsyfiles/tests/combining_parsers_converters/test_data/b64pickle-float-1.0=True.txt -&gt; bool ------- using [Try &apos;$&lt;read_str_from_txt&gt; =&gt; &lt;str_to_bool&gt;$&apos; then &apos;$&lt;read_str_from_txt&gt; =&gt; &lt;base64_ascii_str_pickle_to_object&gt; -&gt; &lt;float_to_bool&gt;$&apos; then &apos;$&lt;read_str_from_txt&gt; =&gt; &lt;base64_ascii_str_pickle_to_object&gt; -&gt; &lt;int_to_bool&gt;$&apos; then &apos;$&lt;read_str_from_txt&gt; =&gt; &lt;base64_ascii_str_pickle_to_object&gt; -&gt; &lt;str_to_bool&gt;$&apos; then &apos;$&lt;read_str_from_txt&gt; =&gt; &lt;base64_ascii_str_pickle_to_object&gt;$]&apos;]
(B)                                                                                                  |--b64pickle-float-1.0=True.txt -&gt; bool ------- using $&lt;read_str_from_txt&gt; =&gt; &lt;str_to_bool&gt;$
Parsing Plan created successfully

Executing Parsing Plan for [/home/travis/build/smarie/python-parsyfiles/parsyfiles/tests/combining_parsers_converters/test_data/b64pickle-float-1.0=True]
(P) /home/travis/build/smarie/python-parsyfiles/parsyfiles/tests/combining_parsers_converters/test_data/b64pickle-float-1.0=True.txt -&gt; bool ------- using $&lt;read_str_from_txt&gt; =&gt; &lt;str_to_bool&gt;$
  !! Caught error during execution !!
  File &quot;/home/travis/build/smarie/python-parsyfiles/parsyfiles/converting_core.py&quot;, line 524, in _convert
    return self.conversion_method(desired_type, source_obj, logger, **opts)
  File &quot;/home/travis/build/smarie/python-parsyfiles/parsyfiles/plugins_base/support_for_primitive_types.py&quot;, line 84, in primitive_to_bool
    return bool(strtobool(source))
  File &quot;/opt/python/3.5.5/lib/python3.5/distutils/util.py&quot;, line 317, in strtobool
    raise ValueError(&quot;invalid truth value %r&quot; % (val,))
  ParsingException : Error while parsing /home/travis/build/smarie/python-parsyfiles/parsyfiles/tests/combining_parsers_converters/test_data/b64pickle-float-1.0=True (singlefile, .txt) as a bool with parser &apos;$&lt;read_str_from_txt&gt; =&gt; &lt;str_to_bool&gt;$&apos; using options=({&apos;MultifileCollectionParser&apos;: {&apos;lazy_parsing&apos;: False}}) : caught 
  ValueError : invalid truth value &apos;ganhp/aaaaaaaaau&apos;
Rebuilding local parsing plan with next candidate parser: $&lt;read_str_from_txt&gt; =&gt; &lt;base64_ascii_str_pickle_to_object&gt; -&gt; &lt;float_to_bool&gt;$
(B)                                                                                                  |--b64pickle-float-1.0=True.txt -&gt; bool ------- using $&lt;read_str_from_txt&gt; =&gt; &lt;base64_ascii_str_pickle_to_object&gt; -&gt; &lt;float_to_bool&gt;$
DONE Rebuilding local parsing plan for [/home/travis/build/smarie/python-parsyfiles/parsyfiles/tests/combining_parsers_converters/test_data/b64pickle-float-1.0=True.txt]. Resuming parsing...
Executing Parsing Plan for [/home/travis/build/smarie/python-parsyfiles/parsyfiles/tests/combining_parsers_converters/test_data/b64pickle-float-1.0=True]
(P) /home/travis/build/smarie/python-parsyfiles/parsyfiles/tests/combining_parsers_converters/test_data/b64pickle-float-1.0=True.txt -&gt; bool ------- using $&lt;read_str_from_txt&gt; =&gt; &lt;base64_ascii_str_pickle_to_object&gt; -&gt; &lt;float_to_bool&gt;$
(P)                                                                                                  |--b64pickle-float-1.0=True.txt -&gt; bool SUCCESS !
Completed parsing successfully

**** Starting to parse single object of type &lt;bool&gt; at location /home/travis/build/smarie/python-parsyfiles/parsyfiles/tests/combining_parsers_converters/test_data/b64pickle-float-1.0=True ****
Checking all files under [/home/travis/build/smarie/python-parsyfiles/parsyfiles/tests/combining_parsers_converters/test_data/b64pickle-float-1.0=True]
(C) /home/travis/build/smarie/python-parsyfiles/parsyfiles/tests/combining_parsers_converters/test_data/b64pickle-float-1.0=True (singlefile, .txt)
File checks done

Building a parsing plan to parse [/home/travis/build/smarie/python-parsyfiles/parsyfiles/tests/combining_parsers_converters/test_data/b64pickle-float-1.0=True] into a bool
(B) /home/travis/build/smarie/python-parsyfiles/parsyfiles/tests/combining_parsers_converters/test_data/b64pickle-float-1.0=True.txt -&gt; bool ------- using [Try &apos;$&lt;read_str_from_txt&gt; =&gt; &lt;str_to_bool&gt;$&apos; then &apos;$&lt;read_str_from_txt&gt; =&gt; &lt;base64_ascii_str_pickle_to_object&gt; -&gt; &lt;float_to_bool&gt;$&apos; then &apos;$&lt;read_str_from_txt&gt; =&gt; &lt;base64_ascii_str_pickle_to_object&gt; -&gt; &lt;int_to_bool&gt;$&apos; then &apos;$&lt;read_str_from_txt&gt; =&gt; &lt;base64_ascii_str_pickle_to_object&gt; -&gt; &lt;str_to_bool&gt;$&apos; then &apos;$&lt;read_str_from_txt&gt; =&gt; &lt;base64_ascii_str_pickle_to_object&gt;$]&apos;]
(B)                                                                                                  |--b64pickle-float-1.0=True.txt -&gt; bool ------- using $&lt;read_str_from_txt&gt; =&gt; &lt;str_to_bool&gt;$
Parsing Plan created successfully

Executing Parsing Plan for [/home/travis/build/smarie/python-parsyfiles/parsyfiles/tests/combining_parsers_converters/test_data/b64pickle-float-1.0=True]
(P) /home/travis/build/smarie/python-parsyfiles/parsyfiles/tests/combining_parsers_converters/test_data/b64pickle-float-1.0=True.txt -&gt; bool ------- using $&lt;read_str_from_txt&gt; =&gt; &lt;str_to_bool&gt;$
  !! Caught error during execution !!
  File &quot;/home/travis/build/smarie/python-parsyfiles/parsyfiles/converting_core.py&quot;, line 524, in _convert
    return self.conversion_method(desired_type, source_obj, logger, **opts)
  File &quot;/home/travis/build/smarie/python-parsyfiles/parsyfiles/plugins_base/support_for_primitive_types.py&quot;, line 84, in primitive_to_bool
    return bool(strtobool(source))
  File &quot;/opt/python/3.5.5/lib/python3.5/distutils/util.py&quot;, line 317, in strtobool
    raise ValueError(&quot;invalid truth value %r&quot; % (val,))
  ParsingException : Error while parsing /home/travis/build/smarie/python-parsyfiles/parsyfiles/tests/combining_parsers_converters/test_data/b64pickle-float-1.0=True (singlefile, .txt) as a bool with parser &apos;$&lt;read_str_from_txt&gt; =&gt; &lt;str_to_bool&gt;$&apos; using options=({&apos;MultifileCollectionParser&apos;: {&apos;lazy_parsing&apos;: False}}) : caught 
  ValueError : invalid truth value &apos;ganhp/aaaaaaaaau&apos;
Rebuilding local parsing plan with next candidate parser: $&lt;read_str_from_txt&gt; =&gt; &lt;base64_ascii_str_pickle_to_object&gt; -&gt; &lt;float_to_bool&gt;$
(B)                                                                                                  |--b64pickle-float-1.0=True.txt -&gt; bool ------- using $&lt;read_str_from_txt&gt; =&gt; &lt;base64_ascii_str_pickle_to_object&gt; -&gt; &lt;float_to_bool&gt;$
DONE Rebuilding local parsing plan for [/home/travis/build/smarie/python-parsyfiles/parsyfiles/tests/combining_parsers_converters/test_data/b64pickle-float-1.0=True.txt]. Resuming parsing...
Executing Parsing Plan for [/home/travis/build/smarie/python-parsyfiles/parsyfiles/tests/combining_parsers_converters/test_data/b64pickle-float-1.0=True]
(P) /home/travis/build/smarie/python-parsyfiles/parsyfiles/tests/combining_parsers_converters/test_data/b64pickle-float-1.0=True.txt -&gt; bool ------- using $&lt;read_str_from_txt&gt; =&gt; &lt;base64_ascii_str_pickle_to_object&gt; -&gt; &lt;float_to_bool&gt;$
(P)                                                                                                  |--b64pickle-float-1.0=True.txt -&gt; bool SUCCESS !
Completed parsing successfully

**** Starting to parse single object of type &lt;bool&gt; at location /home/travis/build/smarie/python-parsyfiles/parsyfiles/tests/combining_parsers_converters/test_data/b64pickle-float-1.0=True ****
Checking all files under [/home/travis/build/smarie/python-parsyfiles/parsyfiles/tests/combining_parsers_converters/test_data/b64pickle-float-1.0=True]
(C) /home/travis/build/smarie/python-parsyfiles/parsyfiles/tests/combining_parsers_converters/test_data/b64pickle-float-1.0=True (singlefile, .txt)
File checks done

Building a parsing plan to parse [/home/travis/build/smarie/python-parsyfiles/parsyfiles/tests/combining_parsers_converters/test_data/b64pickle-float-1.0=True] into a bool
(B) /home/travis/build/smarie/python-parsyfiles/parsyfiles/tests/combining_parsers_converters/test_data/b64pickle-float-1.0=True.txt -&gt; bool ------- using [Try &apos;$&lt;read_str_from_txt&gt; =&gt; &lt;str_to_bool&gt;$&apos; then &apos;$&lt;read_str_from_txt&gt; =&gt; &lt;base64_ascii_str_pickle_to_object&gt; -&gt; &lt;float_to_bool&gt;$&apos; then &apos;$&lt;read_str_from_txt&gt; =&gt; &lt;base64_ascii_str_pickle_to_object&gt; -&gt; &lt;int_to_bool&gt;$&apos; then &apos;$&lt;read_str_from_txt&gt; =&gt; &lt;base64_ascii_str_pickle_to_object&gt; -&gt; &lt;str_to_bool&gt;$&apos; then &apos;$&lt;read_str_from_txt&gt; =&gt; &lt;base64_ascii_str_pickle_to_object&gt;$]&apos;]
(B)                                                                                                  |--b64pickle-float-1.0=True.txt -&gt; bool ------- using $&lt;read_str_from_txt&gt; =&gt; &lt;str_to_bool&gt;$
Parsing Plan created successfully

Executing Parsing Plan for [/home/travis/build/smarie/python-parsyfiles/parsyfiles/tests/combining_parsers_converters/test_data/b64pickle-float-1.0=True]
(P) /home/travis/build/smarie/python-parsyfiles/parsyfiles/tests/combining_parsers_converters/test_data/b64pickle-float-1.0=True.txt -&gt; bool ------- using $&lt;read_str_from_txt&gt; =&gt; &lt;str_to_bool&gt;$
  !! Caught error during execution !!
  File &quot;/home/travis/build/smarie/python-parsyfiles/parsyfiles/converting_core.py&quot;, line 524, in _convert
    return self.conversion_method(desired_type, source_obj, logger, **opts)
  File &quot;/home/travis/build/smarie/python-parsyfiles/parsyfiles/plugins_base/support_for_primitive_types.py&quot;, line 84, in primitive_to_bool
    return bool(strtobool(source))
  File &quot;/opt/python/3.5.5/lib/python3.5/distutils/util.py&quot;, line 317, in strtobool
    raise ValueError(&quot;invalid truth value %r&quot; % (val,))
  ParsingException : Error while parsing /home/travis/build/smarie/python-parsyfiles/parsyfiles/tests/combining_parsers_converters/test_data/b64pickle-float-1.0=True (singlefile, .txt) as a bool with parser &apos;$&lt;read_str_from_txt&gt; =&gt; &lt;str_to_bool&gt;$&apos; using options=({&apos;MultifileCollectionParser&apos;: {&apos;lazy_parsing&apos;: False}}) : caught 
  ValueError : invalid truth value &apos;ganhp/aaaaaaaaau&apos;
Rebuilding local parsing plan with next candidate parser: $&lt;read_str_from_txt&gt; =&gt; &lt;base64_ascii_str_pickle_to_object&gt; -&gt; &lt;float_to_bool&gt;$
(B)                                                                                                  |--b64pickle-float-1.0=True.txt -&gt; bool ------- using $&lt;read_str_from_txt&gt; =&gt; &lt;base64_ascii_str_pickle_to_object&gt; -&gt; &lt;float_to_bool&gt;$
DONE Rebuilding local parsing plan for [/home/travis/build/smarie/python-parsyfiles/parsyfiles/tests/combining_parsers_converters/test_data/b64pickle-float-1.0=True.txt]. Resuming parsing...
Executing Parsing Plan for [/home/travis/build/smarie/python-parsyfiles/parsyfiles/tests/combining_parsers_converters/test_data/b64pickle-float-1.0=True]
(P) /home/travis/build/smarie/python-parsyfiles/parsyfiles/tests/combining_parsers_converters/test_data/b64pickle-float-1.0=True.txt -&gt; bool ------- using $&lt;read_str_from_txt&gt; =&gt; &lt;base64_ascii_str_pickle_to_object&gt; -&gt; &lt;float_to_bool&gt;$
(P)                                                                                                  |--b64pickle-float-1.0=True.txt -&gt; bool SUCCESS !
Completed parsing successfully

**** Starting to parse single object of type &lt;bool&gt; at location /home/travis/build/smarie/python-parsyfiles/parsyfiles/tests/combining_parsers_converters/test_data/b64pickle-float-1.0=True ****
Checking all files under [/home/travis/build/smarie/python-parsyfiles/parsyfiles/tests/combining_parsers_converters/test_data/b64pickle-float-1.0=True]
(C) /home/travis/build/smarie/python-parsyfiles/parsyfiles/tests/combining_parsers_converters/test_data/b64pickle-float-1.0=True (singlefile, .txt)
File checks done

Building a parsing plan to parse [/home/travis/build/smarie/python-parsyfiles/parsyfiles/tests/combining_parsers_converters/test_data/b64pickle-float-1.0=True] into a bool
(B) /home/travis/build/smarie/python-parsyfiles/parsyfiles/tests/combining_parsers_converters/test_data/b64pickle-float-1.0=True.txt -&gt; bool ------- using [Try &apos;$&lt;read_str_from_txt&gt; =&gt; &lt;str_to_bool&gt;$&apos; then &apos;$&lt;read_str_from_txt&gt; =&gt; &lt;base64_ascii_str_pickle_to_object&gt; -&gt; &lt;float_to_bool&gt;$&apos; then &apos;$&lt;read_str_from_txt&gt; =&gt; &lt;base64_ascii_str_pickle_to_object&gt; -&gt; &lt;int_to_bool&gt;$&apos; then &apos;$&lt;read_str_from_txt&gt; =&gt; &lt;base64_ascii_str_pickle_to_object&gt; -&gt; &lt;str_to_bool&gt;$&apos; then &apos;$&lt;read_str_from_txt&gt; =&gt; &lt;base64_ascii_str_pickle_to_object&gt;$]&apos;]
(B)                                                                                                  |--b64pickle-float-1.0=True.txt -&gt; bool ------- using $&lt;read_str_from_txt&gt; =&gt; &lt;str_to_bool&gt;$
Parsing Plan created successfully

Executing Parsing Plan for [/home/travis/build/smarie/python-parsyfiles/parsyfiles/tests/combining_parsers_converters/test_data/b64pickle-float-1.0=True]
(P) /home/travis/build/smarie/python-parsyfiles/parsyfiles/tests/combining_parsers_converters/test_data/b64pickle-float-1.0=True.txt -&gt; bool ------- using $&lt;read_str_from_txt&gt; =&gt; &lt;str_to_bool&gt;$
  !! Caught error during execution !!
  File &quot;/home/travis/build/smarie/python-parsyfiles/parsyfiles/converting_core.py&quot;, line 524, in _convert
    return self.conversion_method(desired_type, source_obj, logger, **opts)
  File &quot;/home/travis/build/smarie/python-parsyfiles/parsyfiles/plugins_base/support_for_primitive_types.py&quot;, line 84, in primitive_to_bool
    return bool(strtobool(source))
  File &quot;/opt/python/3.5.5/lib/python3.5/distutils/util.py&quot;, line 317, in strtobool
    raise ValueError(&quot;invalid truth value %r&quot; % (val,))
  ParsingException : Error while parsing /home/travis/build/smarie/python-parsyfiles/parsyfiles/tests/combining_parsers_converters/test_data/b64pickle-float-1.0=True (singlefile, .txt) as a bool with parser &apos;$&lt;read_str_from_txt&gt; =&gt; &lt;str_to_bool&gt;$&apos; using options=({&apos;MultifileCollectionParser&apos;: {&apos;lazy_parsing&apos;: False}}) : caught 
  ValueError : invalid truth value &apos;ganhp/aaaaaaaaau&apos;
Rebuilding local parsing plan with next candidate parser: $&lt;read_str_from_txt&gt; =&gt; &lt;base64_ascii_str_pickle_to_object&gt; -&gt; &lt;float_to_bool&gt;$
(B)                                                                                                  |--b64pickle-float-1.0=True.txt -&gt; bool ------- using $&lt;read_str_from_txt&gt; =&gt; &lt;base64_ascii_str_pickle_to_object&gt; -&gt; &lt;float_to_bool&gt;$
DONE Rebuilding local parsing plan for [/home/travis/build/smarie/python-parsyfiles/parsyfiles/tests/combining_parsers_converters/test_data/b64pickle-float-1.0=True.txt]. Resuming parsing...
Executing Parsing Plan for [/home/travis/build/smarie/python-parsyfiles/parsyfiles/tests/combining_parsers_converters/test_data/b64pickle-float-1.0=True]
(P) /home/travis/build/smarie/python-parsyfiles/parsyfiles/tests/combining_parsers_converters/test_data/b64pickle-float-1.0=True.txt -&gt; bool ------- using $&lt;read_str_from_txt&gt; =&gt; &lt;base64_ascii_str_pickle_to_object&gt; -&gt; &lt;float_to_bool&gt;$
(P)                                                                                                  |--b64pickle-float-1.0=True.txt -&gt; bool SUCCESS !
Completed parsing successfully

**** Starting to parse single object of type &lt;bool&gt; at location /home/travis/build/smarie/python-parsyfiles/parsyfiles/tests/combining_parsers_converters/test_data/b64pickle-float-1.0=True ****
Checking all files under [/home/travis/build/smarie/python-parsyfiles/parsyfiles/tests/combining_parsers_converters/test_data/b64pickle-float-1.0=True]
(C) /home/travis/build/smarie/python-parsyfiles/parsyfiles/tests/combining_parsers_converters/test_data/b64pickle-float-1.0=True (singlefile, .txt)
File checks done

Building a parsing plan to parse [/home/travis/build/smarie/python-parsyfiles/parsyfiles/tests/combining_parsers_converters/test_data/b64pickle-float-1.0=True] into a bool
(B) /home/travis/build/smarie/python-parsyfiles/parsyfiles/tests/combining_parsers_converters/test_data/b64pickle-float-1.0=True.txt -&gt; bool ------- using [Try &apos;$&lt;read_str_from_txt&gt; =&gt; &lt;str_to_bool&gt;$&apos; then &apos;$&lt;read_str_from_txt&gt; =&gt; &lt;base64_ascii_str_pickle_to_object&gt; -&gt; &lt;float_to_bool&gt;$&apos; then &apos;$&lt;read_str_from_txt&gt; =&gt; &lt;base64_ascii_str_pickle_to_object&gt; -&gt; &lt;int_to_bool&gt;$&apos; then &apos;$&lt;read_str_from_txt&gt; =&gt; &lt;base64_ascii_str_pickle_to_object&gt; -&gt; &lt;str_to_bool&gt;$&apos; then &apos;$&lt;read_str_from_txt&gt; =&gt; &lt;base64_ascii_str_pickle_to_object&gt;$]&apos;]
(B)                                                                                                  |--b64pickle-float-1.0=True.txt -&gt; bool ------- using $&lt;read_str_from_txt&gt; =&gt; &lt;str_to_bool&gt;$
Parsing Plan created successfully

Executing Parsing Plan for [/home/travis/build/smarie/python-parsyfiles/parsyfiles/tests/combining_parsers_converters/test_data/b64pickle-float-1.0=True]
(P) /home/travis/build/smarie/python-parsyfiles/parsyfiles/tests/combining_parsers_converters/test_data/b64pickle-float-1.0=True.txt -&gt; bool ------- using $&lt;read_str_from_txt&gt; =&gt; &lt;str_to_bool&gt;$
  !! Caught error during execution !!
  File &quot;/home/travis/build/smarie/python-parsyfiles/parsyfiles/converting_core.py&quot;, line 524, in _convert
    return self.conversion_method(desired_type, source_obj, logger, **opts)
  File &quot;/home/travis/build/smarie/python-parsyfiles/parsyfiles/plugins_base/support_for_primitive_types.py&quot;, line 84, in primitive_to_bool
    return bool(strtobool(source))
  File &quot;/opt/python/3.5.5/lib/python3.5/distutils/util.py&quot;, line 317, in strtobool
    raise ValueError(&quot;invalid truth value %r&quot; % (val,))
  ParsingException : Error while parsing /home/travis/build/smarie/python-parsyfiles/parsyfiles/tests/combining_parsers_converters/test_data/b64pickle-float-1.0=True (singlefile, .txt) as a bool with parser &apos;$&lt;read_str_from_txt&gt; =&gt; &lt;str_to_bool&gt;$&apos; using options=({&apos;MultifileCollectionParser&apos;: {&apos;lazy_parsing&apos;: False}}) : caught 
  ValueError : invalid truth value &apos;ganhp/aaaaaaaaau&apos;
Rebuilding local parsing plan with next candidate parser: $&lt;read_str_from_txt&gt; =&gt; &lt;base64_ascii_str_pickle_to_object&gt; -&gt; &lt;float_to_bool&gt;$
(B)                                                                                                  |--b64pickle-float-1.0=True.txt -&gt; bool ------- using $&lt;read_str_from_txt&gt; =&gt; &lt;base64_ascii_str_pickle_to_object&gt; -&gt; &lt;float_to_bool&gt;$
DONE Rebuilding local parsing plan for [/home/travis/build/smarie/python-parsyfiles/parsyfiles/tests/combining_parsers_converters/test_data/b64pickle-float-1.0=True.txt]. Resuming parsing...
Executing Parsing Plan for [/home/travis/build/smarie/python-parsyfiles/parsyfiles/tests/combining_parsers_converters/test_data/b64pickle-float-1.0=True]
(P) /home/travis/build/smarie/python-parsyfiles/parsyfiles/tests/combining_parsers_converters/test_data/b64pickle-float-1.0=True.txt -&gt; bool ------- using $&lt;read_str_from_txt&gt; =&gt; &lt;base64_ascii_str_pickle_to_object&gt; -&gt; &lt;float_to_bool&gt;$
(P)                                                                                                  |--b64pickle-float-1.0=True.txt -&gt; bool SUCCESS !
Completed parsing successfully

**** Starting to parse single object of type &lt;bool&gt; at location /home/travis/build/smarie/python-parsyfiles/parsyfiles/tests/combining_parsers_converters/test_data/b64pickle-float-1.0=True ****
Checking all files under [/home/travis/build/smarie/python-parsyfiles/parsyfiles/tests/combining_parsers_converters/test_data/b64pickle-float-1.0=True]
(C) /home/travis/build/smarie/python-parsyfiles/parsyfiles/tests/combining_parsers_converters/test_data/b64pickle-float-1.0=True (singlefile, .txt)
File checks done

Building a parsing plan to parse [/home/travis/build/smarie/python-parsyfiles/parsyfiles/tests/combining_parsers_converters/test_data/b64pickle-float-1.0=True] into a bool
(B) /home/travis/build/smarie/python-parsyfiles/parsyfiles/tests/combining_parsers_converters/test_data/b64pickle-float-1.0=True.txt -&gt; bool ------- using [Try &apos;$&lt;read_str_from_txt&gt; =&gt; &lt;str_to_bool&gt;$&apos; then &apos;$&lt;read_str_from_txt&gt; =&gt; &lt;base64_ascii_str_pickle_to_object&gt; -&gt; &lt;float_to_bool&gt;$&apos; then &apos;$&lt;read_str_from_txt&gt; =&gt; &lt;base64_ascii_str_pickle_to_object&gt; -&gt; &lt;int_to_bool&gt;$&apos; then &apos;$&lt;read_str_from_txt&gt; =&gt; &lt;base64_ascii_str_pickle_to_object&gt; -&gt; &lt;str_to_bool&gt;$&apos; then &apos;$&lt;read_str_from_txt&gt; =&gt; &lt;base64_ascii_str_pickle_to_object&gt;$]&apos;]
(B)                                                                                                  |--b64pickle-float-1.0=True.txt -&gt; bool ------- using $&lt;read_str_from_txt&gt; =&gt; &lt;str_to_bool&gt;$
Parsing Plan created successfully

Executing Parsing Plan for [/home/travis/build/smarie/python-parsyfiles/parsyfiles/tests/combining_parsers_converters/test_data/b64pickle-float-1.0=True]
(P) /home/travis/build/smarie/python-parsyfiles/parsyfiles/tests/combining_parsers_converters/test_data/b64pickle-float-1.0=True.txt -&gt; bool ------- using $&lt;read_str_from_txt&gt; =&gt; &lt;str_to_bool&gt;$
  !! Caught error during execution !!
  File &quot;/home/travis/build/smarie/python-parsyfiles/parsyfiles/converting_core.py&quot;, line 524, in _convert
    return self.conversion_method(desired_type, source_obj, logger, **opts)
  File &quot;/home/travis/build/smarie/python-parsyfiles/parsyfiles/plugins_base/support_for_primitive_types.py&quot;, line 84, in primitive_to_bool
    return bool(strtobool(source))
  File &quot;/opt/python/3.5.5/lib/python3.5/distutils/util.py&quot;, line 317, in strtobool
    raise ValueError(&quot;invalid truth value %r&quot; % (val,))
  ParsingException : Error while parsing /home/travis/build/smarie/python-parsyfiles/parsyfiles/tests/combining_parsers_converters/test_data/b64pickle-float-1.0=True (singlefile, .txt) as a bool with parser &apos;$&lt;read_str_from_txt&gt; =&gt; &lt;str_to_bool&gt;$&apos; using options=({&apos;MultifileCollectionParser&apos;: {&apos;lazy_parsing&apos;: False}}) : caught 
  ValueError : invalid truth value &apos;ganhp/aaaaaaaaau&apos;
Rebuilding local parsing plan with next candidate parser: $&lt;read_str_from_txt&gt; =&gt; &lt;base64_ascii_str_pickle_to_object&gt; -&gt; &lt;float_to_bool&gt;$
(B)                                                                                                  |--b64pickle-float-1.0=True.txt -&gt; bool ------- using $&lt;read_str_from_txt&gt; =&gt; &lt;base64_ascii_str_pickle_to_object&gt; -&gt; &lt;float_to_bool&gt;$
DONE Rebuilding local parsing plan for [/home/travis/build/smarie/python-parsyfiles/parsyfiles/tests/combining_parsers_converters/test_data/b64pickle-float-1.0=True.txt]. Resuming parsing...
Executing Parsing Plan for [/home/travis/build/smarie/python-parsyfiles/parsyfiles/tests/combining_parsers_converters/test_data/b64pickle-float-1.0=True]
(P) /home/travis/build/smarie/python-parsyfiles/parsyfiles/tests/combining_parsers_converters/test_data/b64pickle-float-1.0=True.txt -&gt; bool ------- using $&lt;read_str_from_txt&gt; =&gt; &lt;base64_ascii_str_pickle_to_object&gt; -&gt; &lt;float_to_bool&gt;$
(P)                                                                                                  |--b64pickle-float-1.0=True.txt -&gt; bool SUCCESS !
Completed parsing successfully

**** Starting to parse single object of type &lt;bool&gt; at location /home/travis/build/smarie/python-parsyfiles/parsyfiles/tests/combining_parsers_converters/test_data/b64pickle-float-1.0=True ****
Checking all files under [/home/travis/build/smarie/python-parsyfiles/parsyfiles/tests/combining_parsers_converters/test_data/b64pickle-float-1.0=True]
(C) /home/travis/build/smarie/python-parsyfiles/parsyfiles/tests/combining_parsers_converters/test_data/b64pickle-float-1.0=True (singlefile, .txt)
File checks done

Building a parsing plan to parse [/home/travis/build/smarie/python-parsyfiles/parsyfiles/tests/combining_parsers_converters/test_data/b64pickle-float-1.0=True] into a bool
(B) /home/travis/build/smarie/python-parsyfiles/parsyfiles/tests/combining_parsers_converters/test_data/b64pickle-float-1.0=True.txt -&gt; bool ------- using [Try &apos;$&lt;read_str_from_txt&gt; =&gt; &lt;str_to_bool&gt;$&apos; then &apos;$&lt;read_str_from_txt&gt; =&gt; &lt;base64_ascii_str_pickle_to_object&gt; -&gt; &lt;float_to_bool&gt;$&apos; then &apos;$&lt;read_str_from_txt&gt; =&gt; &lt;base64_ascii_str_pickle_to_object&gt; -&gt; &lt;int_to_bool&gt;$&apos; then &apos;$&lt;read_str_from_txt&gt; =&gt; &lt;base64_ascii_str_pickle_to_object&gt; -&gt; &lt;str_to_bool&gt;$&apos; then &apos;$&lt;read_str_from_txt&gt; =&gt; &lt;base64_ascii_str_pickle_to_object&gt;$]&apos;]
(B)                                                                                                  |--b64pickle-float-1.0=True.txt -&gt; bool ------- using $&lt;read_str_from_txt&gt; =&gt; &lt;str_to_bool&gt;$
Parsing Plan created successfully

Executing Parsing Plan for [/home/travis/build/smarie/python-parsyfiles/parsyfiles/tests/combining_parsers_converters/test_data/b64pickle-float-1.0=True]
(P) /home/travis/build/smarie/python-parsyfiles/parsyfiles/tests/combining_parsers_converters/test_data/b64pickle-float-1.0=True.txt -&gt; bool ------- using $&lt;read_str_from_txt&gt; =&gt; &lt;str_to_bool&gt;$
  !! Caught error during execution !!
  File &quot;/home/travis/build/smarie/python-parsyfiles/parsyfiles/converting_core.py&quot;, line 524, in _convert
    return self.conversion_method(desired_type, source_obj, logger, **opts)
  File &quot;/home/travis/build/smarie/python-parsyfiles/parsyfiles/plugins_base/support_for_primitive_types.py&quot;, line 84, in primitive_to_bool
    return bool(strtobool(source))
  File &quot;/opt/python/3.5.5/lib/python3.5/distutils/util.py&quot;, line 317, in strtobool
    raise ValueError(&quot;invalid truth value %r&quot; % (val,))
  ParsingException : Error while parsing /home/travis/build/smarie/python-parsyfiles/parsyfiles/tests/combining_parsers_converters/test_data/b64pickle-float-1.0=True (singlefile, .txt) as a bool with parser &apos;$&lt;read_str_from_txt&gt; =&gt; &lt;str_to_bool&gt;$&apos; using options=({&apos;MultifileCollectionParser&apos;: {&apos;lazy_parsing&apos;: False}}) : caught 
  ValueError : invalid truth value &apos;ganhp/aaaaaaaaau&apos;
Rebuilding local parsing plan with next candidate parser: $&lt;read_str_from_txt&gt; =&gt; &lt;base64_ascii_str_pickle_to_object&gt; -&gt; &lt;float_to_bool&gt;$
(B)                                                                                                  |--b64pickle-float-1.0=True.txt -&gt; bool ------- using $&lt;read_str_from_txt&gt; =&gt; &lt;base64_ascii_str_pickle_to_object&gt; -&gt; &lt;float_to_bool&gt;$
DONE Rebuilding local parsing plan for [/home/travis/build/smarie/python-parsyfiles/parsyfiles/tests/combining_parsers_converters/test_data/b64pickle-float-1.0=True.txt]. Resuming parsing...
Executing Parsing Plan for [/home/travis/build/smarie/python-parsyfiles/parsyfiles/tests/combining_parsers_converters/test_data/b64pickle-float-1.0=True]
(P) /home/travis/build/smarie/python-parsyfiles/parsyfiles/tests/combining_parsers_converters/test_data/b64pickle-float-1.0=True.txt -&gt; bool ------- using $&lt;read_str_from_txt&gt; =&gt; &lt;base64_ascii_str_pickle_to_object&gt; -&gt; &lt;float_to_bool&gt;$
(P)                                                                                                  |--b64pickle-float-1.0=True.txt -&gt; bool SUCCESS !
Completed parsing successfully

**** Starting to parse single object of type &lt;bool&gt; at location /home/travis/build/smarie/python-parsyfiles/parsyfiles/tests/combining_parsers_converters/test_data/b64pickle-float-1.0=True ****
Checking all files under [/home/travis/build/smarie/python-parsyfiles/parsyfiles/tests/combining_parsers_converters/test_data/b64pickle-float-1.0=True]
(C) /home/travis/build/smarie/python-parsyfiles/parsyfiles/tests/combining_parsers_converters/test_data/b64pickle-float-1.0=True (singlefile, .txt)
File checks done

Building a parsing plan to parse [/home/travis/build/smarie/python-parsyfiles/parsyfiles/tests/combining_parsers_converters/test_data/b64pickle-float-1.0=True] into a bool
(B) /home/travis/build/smarie/python-parsyfiles/parsyfiles/tests/combining_parsers_converters/test_data/b64pickle-float-1.0=True.txt -&gt; bool ------- using [Try &apos;$&lt;read_str_from_txt&gt; =&gt; &lt;str_to_bool&gt;$&apos; then &apos;$&lt;read_str_from_txt&gt; =&gt; &lt;base64_ascii_str_pickle_to_object&gt; -&gt; &lt;float_to_bool&gt;$&apos; then &apos;$&lt;read_str_from_txt&gt; =&gt; &lt;base64_ascii_str_pickle_to_object&gt; -&gt; &lt;int_to_bool&gt;$&apos; then &apos;$&lt;read_str_from_txt&gt; =&gt; &lt;base64_ascii_str_pickle_to_object&gt; -&gt; &lt;str_to_bool&gt;$&apos; then &apos;$&lt;read_str_from_txt&gt; =&gt; &lt;base64_ascii_str_pickle_to_object&gt;$]&apos;]
(B)                                                                                                  |--b64pickle-float-1.0=True.txt -&gt; bool ------- using $&lt;read_str_from_txt&gt; =&gt; &lt;str_to_bool&gt;$
Parsing Plan created successfully

Executing Parsing Plan for [/home/travis/build/smarie/python-parsyfiles/parsyfiles/tests/combining_parsers_converters/test_data/b64pickle-float-1.0=True]
(P) /home/travis/build/smarie/python-parsyfiles/parsyfiles/tests/combining_parsers_converters/test_data/b64pickle-float-1.0=True.txt -&gt; bool ------- using $&lt;read_str_from_txt&gt; =&gt; &lt;str_to_bool&gt;$
  !! Caught error during execution !!
  File &quot;/home/travis/build/smarie/python-parsyfiles/parsyfiles/converting_core.py&quot;, line 524, in _convert
    return self.conversion_method(desired_type, source_obj, logger, **opts)
  File &quot;/home/travis/build/smarie/python-parsyfiles/parsyfiles/plugins_base/support_for_primitive_types.py&quot;, line 84, in primitive_to_bool
    return bool(strtobool(source))
  File &quot;/opt/python/3.5.5/lib/python3.5/distutils/util.py&quot;, line 317, in strtobool
    raise ValueError(&quot;invalid truth value %r&quot; % (val,))
  ParsingException : Error while parsing /home/travis/build/smarie/python-parsyfiles/parsyfiles/tests/combining_parsers_converters/test_data/b64pickle-float-1.0=True (singlefile, .txt) as a bool with parser &apos;$&lt;read_str_from_txt&gt; =&gt; &lt;str_to_bool&gt;$&apos; using options=({&apos;MultifileCollectionParser&apos;: {&apos;lazy_parsing&apos;: False}}) : caught 
  ValueError : invalid truth value &apos;ganhp/aaaaaaaaau&apos;
Rebuilding local parsing plan with next candidate parser: $&lt;read_str_from_txt&gt; =&gt; &lt;base64_ascii_str_pickle_to_object&gt; -&gt; &lt;float_to_bool&gt;$
(B)                                                                                                  |--b64pickle-float-1.0=True.txt -&gt; bool ------- using $&lt;read_str_from_txt&gt; =&gt; &lt;base64_ascii_str_pickle_to_object&gt; -&gt; &lt;float_to_bool&gt;$
DONE Rebuilding local parsing plan for [/home/travis/build/smarie/python-parsyfiles/parsyfiles/tests/combining_parsers_converters/test_data/b64pickle-float-1.0=True.txt]. Resuming parsing...
Executing Parsing Plan for [/home/travis/build/smarie/python-parsyfiles/parsyfiles/tests/combining_parsers_converters/test_data/b64pickle-float-1.0=True]
(P) /home/travis/build/smarie/python-parsyfiles/parsyfiles/tests/combining_parsers_converters/test_data/b64pickle-float-1.0=True.txt -&gt; bool ------- using $&lt;read_str_from_txt&gt; =&gt; &lt;base64_ascii_str_pickle_to_object&gt; -&gt; &lt;float_to_bool&gt;$
(P)                                                                                                  |--b64pickle-float-1.0=True.txt -&gt; bool SUCCESS !
Completed parsing successfully

**** Starting to parse single object of type &lt;bool&gt; at location /home/travis/build/smarie/python-parsyfiles/parsyfiles/tests/combining_parsers_converters/test_data/b64pickle-float-1.0=True ****
Checking all files under [/home/travis/build/smarie/python-parsyfiles/parsyfiles/tests/combining_parsers_converters/test_data/b64pickle-float-1.0=True]
(C) /home/travis/build/smarie/python-parsyfiles/parsyfiles/tests/combining_parsers_converters/test_data/b64pickle-float-1.0=True (singlefile, .txt)
File checks done

Building a parsing plan to parse [/home/travis/build/smarie/python-parsyfiles/parsyfiles/tests/combining_parsers_converters/test_data/b64pickle-float-1.0=True] into a bool
(B) /home/travis/build/smarie/python-parsyfiles/parsyfiles/tests/combining_parsers_converters/test_data/b64pickle-float-1.0=True.txt -&gt; bool ------- using [Try &apos;$&lt;read_str_from_txt&gt; =&gt; &lt;str_to_bool&gt;$&apos; then &apos;$&lt;read_str_from_txt&gt; =&gt; &lt;base64_ascii_str_pickle_to_object&gt; -&gt; &lt;float_to_bool&gt;$&apos; then &apos;$&lt;read_str_from_txt&gt; =&gt; &lt;base64_ascii_str_pickle_to_object&gt; -&gt; &lt;int_to_bool&gt;$&apos; then &apos;$&lt;read_str_from_txt&gt; =&gt; &lt;base64_ascii_str_pickle_to_object&gt; -&gt; &lt;str_to_bool&gt;$&apos; then &apos;$&lt;read_str_from_txt&gt; =&gt; &lt;base64_ascii_str_pickle_to_object&gt;$]&apos;]
(B)                                                                                                  |--b64pickle-float-1.0=True.txt -&gt; bool ------- using $&lt;read_str_from_txt&gt; =&gt; &lt;str_to_bool&gt;$
Parsing Plan created successfully

Executing Parsing Plan for [/home/travis/build/smarie/python-parsyfiles/parsyfiles/tests/combining_parsers_converters/test_data/b64pickle-float-1.0=True]
(P) /home/travis/build/smarie/python-parsyfiles/parsyfiles/tests/combining_parsers_converters/test_data/b64pickle-float-1.0=True.txt -&gt; bool ------- using $&lt;read_str_from_txt&gt; =&gt; &lt;str_to_bool&gt;$
  !! Caught error during execution !!
  File &quot;/home/travis/build/smarie/python-parsyfiles/parsyfiles/converting_core.py&quot;, line 524, in _convert
    return self.conversion_method(desired_type, source_obj, logger, **opts)
  File &quot;/home/travis/build/smarie/python-parsyfiles/parsyfiles/plugins_base/support_for_primitive_types.py&quot;, line 84, in primitive_to_bool
    return bool(strtobool(source))
  File &quot;/opt/python/3.5.5/lib/python3.5/distutils/util.py&quot;, line 317, in strtobool
    raise ValueError(&quot;invalid truth value %r&quot; % (val,))
  ParsingException : Error while parsing /home/travis/build/smarie/python-parsyfiles/parsyfiles/tests/combining_parsers_converters/test_data/b64pickle-float-1.0=True (singlefile, .txt) as a bool with parser &apos;$&lt;read_str_from_txt&gt; =&gt; &lt;str_to_bool&gt;$&apos; using options=({&apos;MultifileCollectionParser&apos;: {&apos;lazy_parsing&apos;: False}}) : caught 
  ValueError : invalid truth value &apos;ganhp/aaaaaaaaau&apos;
Rebuilding local parsing plan with next candidate parser: $&lt;read_str_from_txt&gt; =&gt; &lt;base64_ascii_str_pickle_to_object&gt; -&gt; &lt;float_to_bool&gt;$
(B)                                                                                                  |--b64pickle-float-1.0=True.txt -&gt; bool ------- using $&lt;read_str_from_txt&gt; =&gt; &lt;base64_ascii_str_pickle_to_object&gt; -&gt; &lt;float_to_bool&gt;$
DONE Rebuilding local parsing plan for [/home/travis/build/smarie/python-parsyfiles/parsyfiles/tests/combining_parsers_converters/test_data/b64pickle-float-1.0=True.txt]. Resuming parsing...
Executing Parsing Plan for [/home/travis/build/smarie/python-parsyfiles/parsyfiles/tests/combining_parsers_converters/test_data/b64pickle-float-1.0=True]
(P) /home/travis/build/smarie/python-parsyfiles/parsyfiles/tests/combining_parsers_converters/test_data/b64pickle-float-1.0=True.txt -&gt; bool ------- using $&lt;read_str_from_txt&gt; =&gt; &lt;base64_ascii_str_pickle_to_object&gt; -&gt; &lt;float_to_bool&gt;$
(P)                                                                                                  |--b64pickle-float-1.0=True.txt -&gt; bool SUCCESS !
Completed parsing successfully

**** Starting to parse single object of type &lt;bool&gt; at location /home/travis/build/smarie/python-parsyfiles/parsyfiles/tests/combining_parsers_converters/test_data/b64pickle-float-1.0=True ****
Checking all files under [/home/travis/build/smarie/python-parsyfiles/parsyfiles/tests/combining_parsers_converters/test_data/b64pickle-float-1.0=True]
(C) /home/travis/build/smarie/python-parsyfiles/parsyfiles/tests/combining_parsers_converters/test_data/b64pickle-float-1.0=True (singlefile, .txt)
File checks done

Building a parsing plan to parse [/home/travis/build/smarie/python-parsyfiles/parsyfiles/tests/combining_parsers_converters/test_data/b64pickle-float-1.0=True] into a bool
(B) /home/travis/build/smarie/python-parsyfiles/parsyfiles/tests/combining_parsers_converters/test_data/b64pickle-float-1.0=True.txt -&gt; bool ------- using [Try &apos;$&lt;read_str_from_txt&gt; =&gt; &lt;str_to_bool&gt;$&apos; then &apos;$&lt;read_str_from_txt&gt; =&gt; &lt;base64_ascii_str_pickle_to_object&gt; -&gt; &lt;float_to_bool&gt;$&apos; then &apos;$&lt;read_str_from_txt&gt; =&gt; &lt;base64_ascii_str_pickle_to_object&gt; -&gt; &lt;int_to_bool&gt;$&apos; then &apos;$&lt;read_str_from_txt&gt; =&gt; &lt;base64_ascii_str_pickle_to_object&gt; -&gt; &lt;str_to_bool&gt;$&apos; then &apos;$&lt;read_str_from_txt&gt; =&gt; &lt;base64_ascii_str_pickle_to_object&gt;$]&apos;]
(B)                                                                                                  |--b64pickle-float-1.0=True.txt -&gt; bool ------- using $&lt;read_str_from_txt&gt; =&gt; &lt;str_to_bool&gt;$
Parsing Plan created successfully

Executing Parsing Plan for [/home/travis/build/smarie/python-parsyfiles/parsyfiles/tests/combining_parsers_converters/test_data/b64pickle-float-1.0=True]
(P) /home/travis/build/smarie/python-parsyfiles/parsyfiles/tests/combining_parsers_converters/test_data/b64pickle-float-1.0=True.txt -&gt; bool ------- using $&lt;read_str_from_txt&gt; =&gt; &lt;str_to_bool&gt;$
  !! Caught error during execution !!
  File &quot;/home/travis/build/smarie/python-parsyfiles/parsyfiles/converting_core.py&quot;, line 524, in _convert
    return self.conversion_method(desired_type, source_obj, logger, **opts)
  File &quot;/home/travis/build/smarie/python-parsyfiles/parsyfiles/plugins_base/support_for_primitive_types.py&quot;, line 84, in primitive_to_bool
    return bool(strtobool(source))
  File &quot;/opt/python/3.5.5/lib/python3.5/distutils/util.py&quot;, line 317, in strtobool
    raise ValueError(&quot;invalid truth value %r&quot; % (val,))
  ParsingException : Error while parsing /home/travis/build/smarie/python-parsyfiles/parsyfiles/tests/combining_parsers_converters/test_data/b64pickle-float-1.0=True (singlefile, .txt) as a bool with parser &apos;$&lt;read_str_from_txt&gt; =&gt; &lt;str_to_bool&gt;$&apos; using options=({&apos;MultifileCollectionParser&apos;: {&apos;lazy_parsing&apos;: False}}) : caught 
  ValueError : invalid truth value &apos;ganhp/aaaaaaaaau&apos;
Rebuilding local parsing plan with next candidate parser: $&lt;read_str_from_txt&gt; =&gt; &lt;base64_ascii_str_pickle_to_object&gt; -&gt; &lt;float_to_bool&gt;$
(B)                                                                                                  |--b64pickle-float-1.0=True.txt -&gt; bool ------- using $&lt;read_str_from_txt&gt; =&gt; &lt;base64_ascii_str_pickle_to_object&gt; -&gt; &lt;float_to_bool&gt;$
DONE Rebuilding local parsing plan for [/home/travis/build/smarie/python-parsyfiles/parsyfiles/tests/combining_parsers_converters/test_data/b64pickle-float-1.0=True.txt]. Resuming parsing...
Executing Parsing Plan for [/home/travis/build/smarie/python-parsyfiles/parsyfiles/tests/combining_parsers_converters/test_data/b64pickle-float-1.0=True]
(P) /home/travis/build/smarie/python-parsyfiles/parsyfiles/tests/combining_parsers_converters/test_data/b64pickle-float-1.0=True.txt -&gt; bool ------- using $&lt;read_str_from_txt&gt; =&gt; &lt;base64_ascii_str_pickle_to_object&gt; -&gt; &lt;float_to_bool&gt;$
(P)                                                                                                  |--b64pickle-float-1.0=True.txt -&gt; bool SUCCESS !
Completed parsing successfully

**** Starting to parse single object of type &lt;bool&gt; at location /home/travis/build/smarie/python-parsyfiles/parsyfiles/tests/combining_parsers_converters/test_data/b64pickle-float-1.0=True ****
Checking all files under [/home/travis/build/smarie/python-parsyfiles/parsyfiles/tests/combining_parsers_converters/test_data/b64pickle-float-1.0=True]
(C) /home/travis/build/smarie/python-parsyfiles/parsyfiles/tests/combining_parsers_converters/test_data/b64pickle-float-1.0=True (singlefile, .txt)
File checks done

Building a parsing plan to parse [/home/travis/build/smarie/python-parsyfiles/parsyfiles/tests/combining_parsers_converters/test_data/b64pickle-float-1.0=True] into a bool
(B) /home/travis/build/smarie/python-parsyfiles/parsyfiles/tests/combining_parsers_converters/test_data/b64pickle-float-1.0=True.txt -&gt; bool ------- using [Try &apos;$&lt;read_str_from_txt&gt; =&gt; &lt;str_to_bool&gt;$&apos; then &apos;$&lt;read_str_from_txt&gt; =&gt; &lt;base64_ascii_str_pickle_to_object&gt; -&gt; &lt;float_to_bool&gt;$&apos; then &apos;$&lt;read_str_from_txt&gt; =&gt; &lt;base64_ascii_str_pickle_to_object&gt; -&gt; &lt;int_to_bool&gt;$&apos; then &apos;$&lt;read_str_from_txt&gt; =&gt; &lt;base64_ascii_str_pickle_to_object&gt; -&gt; &lt;str_to_bool&gt;$&apos; then &apos;$&lt;read_str_from_txt&gt; =&gt; &lt;base64_ascii_str_pickle_to_object&gt;$]&apos;]
(B)                                                                                                  |--b64pickle-float-1.0=True.txt -&gt; bool ------- using $&lt;read_str_from_txt&gt; =&gt; &lt;str_to_bool&gt;$
Parsing Plan created successfully

Executing Parsing Plan for [/home/travis/build/smarie/python-parsyfiles/parsyfiles/tests/combining_parsers_converters/test_data/b64pickle-float-1.0=True]
(P) /home/travis/build/smarie/python-parsyfiles/parsyfiles/tests/combining_parsers_converters/test_data/b64pickle-float-1.0=True.txt -&gt; bool ------- using $&lt;read_str_from_txt&gt; =&gt; &lt;str_to_bool&gt;$
  !! Caught error during execution !!
  File &quot;/home/travis/build/smarie/python-parsyfiles/parsyfiles/converting_core.py&quot;, line 524, in _convert
    return self.conversion_method(desired_type, source_obj, logger, **opts)
  File &quot;/home/travis/build/smarie/python-parsyfiles/parsyfiles/plugins_base/support_for_primitive_types.py&quot;, line 84, in primitive_to_bool
    return bool(strtobool(source))
  File &quot;/opt/python/3.5.5/lib/python3.5/distutils/util.py&quot;, line 317, in strtobool
    raise ValueError(&quot;invalid truth value %r&quot; % (val,))
  ParsingException : Error while parsing /home/travis/build/smarie/python-parsyfiles/parsyfiles/tests/combining_parsers_converters/test_data/b64pickle-float-1.0=True (singlefile, .txt) as a bool with parser &apos;$&lt;read_str_from_txt&gt; =&gt; &lt;str_to_bool&gt;$&apos; using options=({&apos;MultifileCollectionParser&apos;: {&apos;lazy_parsing&apos;: False}}) : caught 
  ValueError : invalid truth value &apos;ganhp/aaaaaaaaau&apos;
Rebuilding local parsing plan with next candidate parser: $&lt;read_str_from_txt&gt; =&gt; &lt;base64_ascii_str_pickle_to_object&gt; -&gt; &lt;float_to_bool&gt;$
(B)                                                                                                  |--b64pickle-float-1.0=True.txt -&gt; bool ------- using $&lt;read_str_from_txt&gt; =&gt; &lt;base64_ascii_str_pickle_to_object&gt; -&gt; &lt;float_to_bool&gt;$
DONE Rebuilding local parsing plan for [/home/travis/build/smarie/python-parsyfiles/parsyfiles/tests/combining_parsers_converters/test_data/b64pickle-float-1.0=True.txt]. Resuming parsing...
Executing Parsing Plan for [/home/travis/build/smarie/python-parsyfiles/parsyfiles/tests/combining_parsers_converters/test_data/b64pickle-float-1.0=True]
(P) /home/travis/build/smarie/python-parsyfiles/parsyfiles/tests/combining_parsers_converters/test_data/b64pickle-float-1.0=True.txt -&gt; bool ------- using $&lt;read_str_from_txt&gt; =&gt; &lt;base64_ascii_str_pickle_to_object&gt; -&gt; &lt;float_to_bool&gt;$
(P)                                                                                                  |--b64pickle-float-1.0=True.txt -&gt; bool SUCCESS !
Completed parsing successfully

**** Starting to parse single object of type &lt;bool&gt; at location /home/travis/build/smarie/python-parsyfiles/parsyfiles/tests/combining_parsers_converters/test_data/b64pickle-float-1.0=True ****
Checking all files under [/home/travis/build/smarie/python-parsyfiles/parsyfiles/tests/combining_parsers_converters/test_data/b64pickle-float-1.0=True]
(C) /home/travis/build/smarie/python-parsyfiles/parsyfiles/tests/combining_parsers_converters/test_data/b64pickle-float-1.0=True (singlefile, .txt)
File checks done

Building a parsing plan to parse [/home/travis/build/smarie/python-parsyfiles/parsyfiles/tests/combining_parsers_converters/test_data/b64pickle-float-1.0=True] into a bool
(B) /home/travis/build/smarie/python-parsyfiles/parsyfiles/tests/combining_parsers_converters/test_data/b64pickle-float-1.0=True.txt -&gt; bool ------- using [Try &apos;$&lt;read_str_from_txt&gt; =&gt; &lt;str_to_bool&gt;$&apos; then &apos;$&lt;read_str_from_txt&gt; =&gt; &lt;base64_ascii_str_pickle_to_object&gt; -&gt; &lt;float_to_bool&gt;$&apos; then &apos;$&lt;read_str_from_txt&gt; =&gt; &lt;base64_ascii_str_pickle_to_object&gt; -&gt; &lt;int_to_bool&gt;$&apos; then &apos;$&lt;read_str_from_txt&gt; =&gt; &lt;base64_ascii_str_pickle_to_object&gt; -&gt; &lt;str_to_bool&gt;$&apos; then &apos;$&lt;read_str_from_txt&gt; =&gt; &lt;base64_ascii_str_pickle_to_object&gt;$]&apos;]
(B)                                                                                                  |--b64pickle-float-1.0=True.txt -&gt; bool ------- using $&lt;read_str_from_txt&gt; =&gt; &lt;str_to_bool&gt;$
Parsing Plan created successfully

Executing Parsing Plan for [/home/travis/build/smarie/python-parsyfiles/parsyfiles/tests/combining_parsers_converters/test_data/b64pickle-float-1.0=True]
(P) /home/travis/build/smarie/python-parsyfiles/parsyfiles/tests/combining_parsers_converters/test_data/b64pickle-float-1.0=True.txt -&gt; bool ------- using $&lt;read_str_from_txt&gt; =&gt; &lt;str_to_bool&gt;$
  !! Caught error during execution !!
  File &quot;/home/travis/build/smarie/python-parsyfiles/parsyfiles/converting_core.py&quot;, line 524, in _convert
    return self.conversion_method(desired_type, source_obj, logger, **opts)
  File &quot;/home/travis/build/smarie/python-parsyfiles/parsyfiles/plugins_base/support_for_primitive_types.py&quot;, line 84, in primitive_to_bool
    return bool(strtobool(source))
  File &quot;/opt/python/3.5.5/lib/python3.5/distutils/util.py&quot;, line 317, in strtobool
    raise ValueError(&quot;invalid truth value %r&quot; % (val,))
  ParsingException : Error while parsing /home/travis/build/smarie/python-parsyfiles/parsyfiles/tests/combining_parsers_converters/test_data/b64pickle-float-1.0=True (singlefile, .txt) as a bool with parser &apos;$&lt;read_str_from_txt&gt; =&gt; &lt;str_to_bool&gt;$&apos; using options=({&apos;MultifileCollectionParser&apos;: {&apos;lazy_parsing&apos;: False}}) : caught 
  ValueError : invalid truth value &apos;ganhp/aaaaaaaaau&apos;
Rebuilding local parsing plan with next candidate parser: $&lt;read_str_from_txt&gt; =&gt; &lt;base64_ascii_str_pickle_to_object&gt; -&gt; &lt;float_to_bool&gt;$
(B)                                                                                                  |--b64pickle-float-1.0=True.txt -&gt; bool ------- using $&lt;read_str_from_txt&gt; =&gt; &lt;base64_ascii_str_pickle_to_object&gt; -&gt; &lt;float_to_bool&gt;$
DONE Rebuilding local parsing plan for [/home/travis/build/smarie/python-parsyfiles/parsyfiles/tests/combining_parsers_converters/test_data/b64pickle-float-1.0=True.txt]. Resuming parsing...
Executing Parsing Plan for [/home/travis/build/smarie/python-parsyfiles/parsyfiles/tests/combining_parsers_converters/test_data/b64pickle-float-1.0=True]
(P) /home/travis/build/smarie/python-parsyfiles/parsyfiles/tests/combining_parsers_converters/test_data/b64pickle-float-1.0=True.txt -&gt; bool ------- using $&lt;read_str_from_txt&gt; =&gt; &lt;base64_ascii_str_pickle_to_object&gt; -&gt; &lt;float_to_bool&gt;$
(P)                                                                                                  |--b64pickle-float-1.0=True.txt -&gt; bool SUCCESS !
Completed parsing successfully

**** Starting to parse single object of type &lt;bool&gt; at location /home/travis/build/smarie/python-parsyfiles/parsyfiles/tests/combining_parsers_converters/test_data/b64pickle-float-1.0=True ****
Checking all files under [/home/travis/build/smarie/python-parsyfiles/parsyfiles/tests/combining_parsers_converters/test_data/b64pickle-float-1.0=True]
(C) /home/travis/build/smarie/python-parsyfiles/parsyfiles/tests/combining_parsers_converters/test_data/b64pickle-float-1.0=True (singlefile, .txt)
File checks done

Building a parsing plan to parse [/home/travis/build/smarie/python-parsyfiles/parsyfiles/tests/combining_parsers_converters/test_data/b64pickle-float-1.0=True] into a bool
(B) /home/travis/build/smarie/python-parsyfiles/parsyfiles/tests/combining_parsers_converters/test_data/b64pickle-float-1.0=True.txt -&gt; bool ------- using [Try &apos;$&lt;read_str_from_txt&gt; =&gt; &lt;str_to_bool&gt;$&apos; then &apos;$&lt;read_str_from_txt&gt; =&gt; &lt;base64_ascii_str_pickle_to_object&gt; -&gt; &lt;float_to_bool&gt;$&apos; then &apos;$&lt;read_str_from_txt&gt; =&gt; &lt;base64_ascii_str_pickle_to_object&gt; -&gt; &lt;int_to_bool&gt;$&apos; then &apos;$&lt;read_str_from_txt&gt; =&gt; &lt;base64_ascii_str_pickle_to_object&gt; -&gt; &lt;str_to_bool&gt;$&apos; then &apos;$&lt;read_str_from_txt&gt; =&gt; &lt;base64_ascii_str_pickle_to_object&gt;$]&apos;]
(B)                                                                                                  |--b64pickle-float-1.0=True.txt -&gt; bool ------- using $&lt;read_str_from_txt&gt; =&gt; &lt;str_to_bool&gt;$
Parsing Plan created successfully

Executing Parsing Plan for [/home/travis/build/smarie/python-parsyfiles/parsyfiles/tests/combining_parsers_converters/test_data/b64pickle-float-1.0=True]
(P) /home/travis/build/smarie/python-parsyfiles/parsyfiles/tests/combining_parsers_converters/test_data/b64pickle-float-1.0=True.txt -&gt; bool ------- using $&lt;read_str_from_txt&gt; =&gt; &lt;str_to_bool&gt;$
  !! Caught error during execution !!
  File &quot;/home/travis/build/smarie/python-parsyfiles/parsyfiles/converting_core.py&quot;, line 524, in _convert
    return self.conversion_method(desired_type, source_obj, logger, **opts)
  File &quot;/home/travis/build/smarie/python-parsyfiles/parsyfiles/plugins_base/support_for_primitive_types.py&quot;, line 84, in primitive_to_bool
    return bool(strtobool(source))
  File &quot;/opt/python/3.5.5/lib/python3.5/distutils/util.py&quot;, line 317, in strtobool
    raise ValueError(&quot;invalid truth value %r&quot; % (val,))
  ParsingException : Error while parsing /home/travis/build/smarie/python-parsyfiles/parsyfiles/tests/combining_parsers_converters/test_data/b64pickle-float-1.0=True (singlefile, .txt) as a bool with parser &apos;$&lt;read_str_from_txt&gt; =&gt; &lt;str_to_bool&gt;$&apos; using options=({&apos;MultifileCollectionParser&apos;: {&apos;lazy_parsing&apos;: False}}) : caught 
  ValueError : invalid truth value &apos;ganhp/aaaaaaaaau&apos;
Rebuilding local parsing plan with next candidate parser: $&lt;read_str_from_txt&gt; =&gt; &lt;base64_ascii_str_pickle_to_object&gt; -&gt; &lt;float_to_bool&gt;$
(B)                                                                                                  |--b64pickle-float-1.0=True.txt -&gt; bool ------- using $&lt;read_str_from_txt&gt; =&gt; &lt;base64_ascii_str_pickle_to_object&gt; -&gt; &lt;float_to_bool&gt;$
DONE Rebuilding local parsing plan for [/home/travis/build/smarie/python-parsyfiles/parsyfiles/tests/combining_parsers_converters/test_data/b64pickle-float-1.0=True.txt]. Resuming parsing...
Executing Parsing Plan for [/home/travis/build/smarie/python-parsyfiles/parsyfiles/tests/combining_parsers_converters/test_data/b64pickle-float-1.0=True]
(P) /home/travis/build/smarie/python-parsyfiles/parsyfiles/tests/combining_parsers_converters/test_data/b64pickle-float-1.0=True.txt -&gt; bool ------- using $&lt;read_str_from_txt&gt; =&gt; &lt;base64_ascii_str_pickle_to_object&gt; -&gt; &lt;float_to_bool&gt;$
(P)                                                                                                  |--b64pickle-float-1.0=True.txt -&gt; bool SUCCESS !
Completed parsing successfully

**** Starting to parse single object of type &lt;bool&gt; at location /home/travis/build/smarie/python-parsyfiles/parsyfiles/tests/combining_parsers_converters/test_data/b64pickle-float-1.0=True ****
Checking all files under [/home/travis/build/smarie/python-parsyfiles/parsyfiles/tests/combining_parsers_converters/test_data/b64pickle-float-1.0=True]
(C) /home/travis/build/smarie/python-parsyfiles/parsyfiles/tests/combining_parsers_converters/test_data/b64pickle-float-1.0=True (singlefile, .txt)
File checks done

Building a parsing plan to parse [/home/travis/build/smarie/python-parsyfiles/parsyfiles/tests/combining_parsers_converters/test_data/b64pickle-float-1.0=True] into a bool
(B) /home/travis/build/smarie/python-parsyfiles/parsyfiles/tests/combining_parsers_converters/test_data/b64pickle-float-1.0=True.txt -&gt; bool ------- using [Try &apos;$&lt;read_str_from_txt&gt; =&gt; &lt;str_to_bool&gt;$&apos; then &apos;$&lt;read_str_from_txt&gt; =&gt; &lt;base64_ascii_str_pickle_to_object&gt; -&gt; &lt;float_to_bool&gt;$&apos; then &apos;$&lt;read_str_from_txt&gt; =&gt; &lt;base64_ascii_str_pickle_to_object&gt; -&gt; &lt;int_to_bool&gt;$&apos; then &apos;$&lt;read_str_from_txt&gt; =&gt; &lt;base64_ascii_str_pickle_to_object&gt; -&gt; &lt;str_to_bool&gt;$&apos; then &apos;$&lt;read_str_from_txt&gt; =&gt; &lt;base64_ascii_str_pickle_to_object&gt;$]&apos;]
(B)                                                                                                  |--b64pickle-float-1.0=True.txt -&gt; bool ------- using $&lt;read_str_from_txt&gt; =&gt; &lt;str_to_bool&gt;$
Parsing Plan created successfully

Executing Parsing Plan for [/home/travis/build/smarie/python-parsyfiles/parsyfiles/tests/combining_parsers_converters/test_data/b64pickle-float-1.0=True]
(P) /home/travis/build/smarie/python-parsyfiles/parsyfiles/tests/combining_parsers_converters/test_data/b64pickle-float-1.0=True.txt -&gt; bool ------- using $&lt;read_str_from_txt&gt; =&gt; &lt;str_to_bool&gt;$
  !! Caught error during execution !!
  File &quot;/home/travis/build/smarie/python-parsyfiles/parsyfiles/converting_core.py&quot;, line 524, in _convert
    return self.conversion_method(desired_type, source_obj, logger, **opts)
  File &quot;/home/travis/build/smarie/python-parsyfiles/parsyfiles/plugins_base/support_for_primitive_types.py&quot;, line 84, in primitive_to_bool
    return bool(strtobool(source))
  File &quot;/opt/python/3.5.5/lib/python3.5/distutils/util.py&quot;, line 317, in strtobool
    raise ValueError(&quot;invalid truth value %r&quot; % (val,))
  ParsingException : Error while parsing /home/travis/build/smarie/python-parsyfiles/parsyfiles/tests/combining_parsers_converters/test_data/b64pickle-float-1.0=True (singlefile, .txt) as a bool with parser &apos;$&lt;read_str_from_txt&gt; =&gt; &lt;str_to_bool&gt;$&apos; using options=({&apos;MultifileCollectionParser&apos;: {&apos;lazy_parsing&apos;: False}}) : caught 
  ValueError : invalid truth value &apos;ganhp/aaaaaaaaau&apos;
Rebuilding local parsing plan with next candidate parser: $&lt;read_str_from_txt&gt; =&gt; &lt;base64_ascii_str_pickle_to_object&gt; -&gt; &lt;float_to_bool&gt;$
(B)                                                                                                  |--b64pickle-float-1.0=True.txt -&gt; bool ------- using $&lt;read_str_from_txt&gt; =&gt; &lt;base64_ascii_str_pickle_to_object&gt; -&gt; &lt;float_to_bool&gt;$
DONE Rebuilding local parsing plan for [/home/travis/build/smarie/python-parsyfiles/parsyfiles/tests/combining_parsers_converters/test_data/b64pickle-float-1.0=True.txt]. Resuming parsing...
Executing Parsing Plan for [/home/travis/build/smarie/python-parsyfiles/parsyfiles/tests/combining_parsers_converters/test_data/b64pickle-float-1.0=True]
(P) /home/travis/build/smarie/python-parsyfiles/parsyfiles/tests/combining_parsers_converters/test_data/b64pickle-float-1.0=True.txt -&gt; bool ------- using $&lt;read_str_from_txt&gt; =&gt; &lt;base64_ascii_str_pickle_to_object&gt; -&gt; &lt;float_to_bool&gt;$
(P)                                                                                                  |--b64pickle-float-1.0=True.txt -&gt; bool SUCCESS !
Completed parsing successfully

**** Starting to parse single object of type &lt;bool&gt; at location /home/travis/build/smarie/python-parsyfiles/parsyfiles/tests/combining_parsers_converters/test_data/b64pickle-float-1.0=True ****
Checking all files under [/home/travis/build/smarie/python-parsyfiles/parsyfiles/tests/combining_parsers_converters/test_data/b64pickle-float-1.0=True]
(C) /home/travis/build/smarie/python-parsyfiles/parsyfiles/tests/combining_parsers_converters/test_data/b64pickle-float-1.0=True (singlefile, .txt)
File checks done

Building a parsing plan to parse [/home/travis/build/smarie/python-parsyfiles/parsyfiles/tests/combining_parsers_converters/test_data/b64pickle-float-1.0=True] into a bool
(B) /home/travis/build/smarie/python-parsyfiles/parsyfiles/tests/combining_parsers_converters/test_data/b64pickle-float-1.0=True.txt -&gt; bool ------- using [Try &apos;$&lt;read_str_from_txt&gt; =&gt; &lt;str_to_bool&gt;$&apos; then &apos;$&lt;read_str_from_txt&gt; =&gt; &lt;base64_ascii_str_pickle_to_object&gt; -&gt; &lt;float_to_bool&gt;$&apos; then &apos;$&lt;read_str_from_txt&gt; =&gt; &lt;base64_ascii_str_pickle_to_object&gt; -&gt; &lt;int_to_bool&gt;$&apos; then &apos;$&lt;read_str_from_txt&gt; =&gt; &lt;base64_ascii_str_pickle_to_object&gt; -&gt; &lt;str_to_bool&gt;$&apos; then &apos;$&lt;read_str_from_txt&gt; =&gt; &lt;base64_ascii_str_pickle_to_object&gt;$]&apos;]
(B)                                                                                                  |--b64pickle-float-1.0=True.txt -&gt; bool ------- using $&lt;read_str_from_txt&gt; =&gt; &lt;str_to_bool&gt;$
Parsing Plan created successfully

Executing Parsing Plan for [/home/travis/build/smarie/python-parsyfiles/parsyfiles/tests/combining_parsers_converters/test_data/b64pickle-float-1.0=True]
(P) /home/travis/build/smarie/python-parsyfiles/parsyfiles/tests/combining_parsers_converters/test_data/b64pickle-float-1.0=True.txt -&gt; bool ------- using $&lt;read_str_from_txt&gt; =&gt; &lt;str_to_bool&gt;$
  !! Caught error during execution !!
  File &quot;/home/travis/build/smarie/python-parsyfiles/parsyfiles/converting_core.py&quot;, line 524, in _convert
    return self.conversion_method(desired_type, source_obj, logger, **opts)
  File &quot;/home/travis/build/smarie/python-parsyfiles/parsyfiles/plugins_base/support_for_primitive_types.py&quot;, line 84, in primitive_to_bool
    return bool(strtobool(source))
  File &quot;/opt/python/3.5.5/lib/python3.5/distutils/util.py&quot;, line 317, in strtobool
    raise ValueError(&quot;invalid truth value %r&quot; % (val,))
  ParsingException : Error while parsing /home/travis/build/smarie/python-parsyfiles/parsyfiles/tests/combining_parsers_converters/test_data/b64pickle-float-1.0=True (singlefile, .txt) as a bool with parser &apos;$&lt;read_str_from_txt&gt; =&gt; &lt;str_to_bool&gt;$&apos; using options=({&apos;MultifileCollectionParser&apos;: {&apos;lazy_parsing&apos;: False}}) : caught 
  ValueError : invalid truth value &apos;ganhp/aaaaaaaaau&apos;
Rebuilding local parsing plan with next candidate parser: $&lt;read_str_from_txt&gt; =&gt; &lt;base64_ascii_str_pickle_to_object&gt; -&gt; &lt;float_to_bool&gt;$
(B)                                                                                                  |--b64pickle-float-1.0=True.txt -&gt; bool ------- using $&lt;read_str_from_txt&gt; =&gt; &lt;base64_ascii_str_pickle_to_object&gt; -&gt; &lt;float_to_bool&gt;$
DONE Rebuilding local parsing plan for [/home/travis/build/smarie/python-parsyfiles/parsyfiles/tests/combining_parsers_converters/test_data/b64pickle-float-1.0=True.txt]. Resuming parsing...
Executing Parsing Plan for [/home/travis/build/smarie/python-parsyfiles/parsyfiles/tests/combining_parsers_converters/test_data/b64pickle-float-1.0=True]
(P) /home/travis/build/smarie/python-parsyfiles/parsyfiles/tests/combining_parsers_converters/test_data/b64pickle-float-1.0=True.txt -&gt; bool ------- using $&lt;read_str_from_txt&gt; =&gt; &lt;base64_ascii_str_pickle_to_object&gt; -&gt; &lt;float_to_bool&gt;$
(P)                                                                                                  |--b64pickle-float-1.0=True.txt -&gt; bool SUCCESS !
Completed parsing successfully

**** Starting to parse single object of type &lt;bool&gt; at location /home/travis/build/smarie/python-parsyfiles/parsyfiles/tests/combining_parsers_converters/test_data/b64pickle-float-1.0=True ****
Checking all files under [/home/travis/build/smarie/python-parsyfiles/parsyfiles/tests/combining_parsers_converters/test_data/b64pickle-float-1.0=True]
(C) /home/travis/build/smarie/python-parsyfiles/parsyfiles/tests/combining_parsers_converters/test_data/b64pickle-float-1.0=True (singlefile, .txt)
File checks done

Building a parsing plan to parse [/home/travis/build/smarie/python-parsyfiles/parsyfiles/tests/combining_parsers_converters/test_data/b64pickle-float-1.0=True] into a bool
(B) /home/travis/build/smarie/python-parsyfiles/parsyfiles/tests/combining_parsers_converters/test_data/b64pickle-float-1.0=True.txt -&gt; bool ------- using [Try &apos;$&lt;read_str_from_txt&gt; =&gt; &lt;str_to_bool&gt;$&apos; then &apos;$&lt;read_str_from_txt&gt; =&gt; &lt;base64_ascii_str_pickle_to_object&gt; -&gt; &lt;float_to_bool&gt;$&apos; then &apos;$&lt;read_str_from_txt&gt; =&gt; &lt;base64_ascii_str_pickle_to_object&gt; -&gt; &lt;int_to_bool&gt;$&apos; then &apos;$&lt;read_str_from_txt&gt; =&gt; &lt;base64_ascii_str_pickle_to_object&gt; -&gt; &lt;str_to_bool&gt;$&apos; then &apos;$&lt;read_str_from_txt&gt; =&gt; &lt;base64_ascii_str_pickle_to_object&gt;$]&apos;]
(B)                                                                                                  |--b64pickle-float-1.0=True.txt -&gt; bool ------- using $&lt;read_str_from_txt&gt; =&gt; &lt;str_to_bool&gt;$
Parsing Plan created successfully

Executing Parsing Plan for [/home/travis/build/smarie/python-parsyfiles/parsyfiles/tests/combining_parsers_converters/test_data/b64pickle-float-1.0=True]
(P) /home/travis/build/smarie/python-parsyfiles/parsyfiles/tests/combining_parsers_converters/test_data/b64pickle-float-1.0=True.txt -&gt; bool ------- using $&lt;read_str_from_txt&gt; =&gt; &lt;str_to_bool&gt;$
  !! Caught error during execution !!
  File &quot;/home/travis/build/smarie/python-parsyfiles/parsyfiles/converting_core.py&quot;, line 524, in _convert
    return self.conversion_method(desired_type, source_obj, logger, **opts)
  File &quot;/home/travis/build/smarie/python-parsyfiles/parsyfiles/plugins_base/support_for_primitive_types.py&quot;, line 84, in primitive_to_bool
    return bool(strtobool(source))
  File &quot;/opt/python/3.5.5/lib/python3.5/distutils/util.py&quot;, line 317, in strtobool
    raise ValueError(&quot;invalid truth value %r&quot; % (val,))
  ParsingException : Error while parsing /home/travis/build/smarie/python-parsyfiles/parsyfiles/tests/combining_parsers_converters/test_data/b64pickle-float-1.0=True (singlefile, .txt) as a bool with parser &apos;$&lt;read_str_from_txt&gt; =&gt; &lt;str_to_bool&gt;$&apos; using options=({&apos;MultifileCollectionParser&apos;: {&apos;lazy_parsing&apos;: False}}) : caught 
  ValueError : invalid truth value &apos;ganhp/aaaaaaaaau&apos;
Rebuilding local parsing plan with next candidate parser: $&lt;read_str_from_txt&gt; =&gt; &lt;base64_ascii_str_pickle_to_object&gt; -&gt; &lt;float_to_bool&gt;$
(B)                                                                                                  |--b64pickle-float-1.0=True.txt -&gt; bool ------- using $&lt;read_str_from_txt&gt; =&gt; &lt;base64_ascii_str_pickle_to_object&gt; -&gt; &lt;float_to_bool&gt;$
DONE Rebuilding local parsing plan for [/home/travis/build/smarie/python-parsyfiles/parsyfiles/tests/combining_parsers_converters/test_data/b64pickle-float-1.0=True.txt]. Resuming parsing...
Executing Parsing Plan for [/home/travis/build/smarie/python-parsyfiles/parsyfiles/tests/combining_parsers_converters/test_data/b64pickle-float-1.0=True]
(P) /home/travis/build/smarie/python-parsyfiles/parsyfiles/tests/combining_parsers_converters/test_data/b64pickle-float-1.0=True.txt -&gt; bool ------- using $&lt;read_str_from_txt&gt; =&gt; &lt;base64_ascii_str_pickle_to_object&gt; -&gt; &lt;float_to_bool&gt;$
(P)                                                                                                  |--b64pickle-float-1.0=True.txt -&gt; bool SUCCESS !
Completed parsing successfully

**** Starting to parse single object of type &lt;bool&gt; at location /home/travis/build/smarie/python-parsyfiles/parsyfiles/tests/combining_parsers_converters/test_data/b64pickle-float-1.0=True ****
Checking all files under [/home/travis/build/smarie/python-parsyfiles/parsyfiles/tests/combining_parsers_converters/test_data/b64pickle-float-1.0=True]
(C) /home/travis/build/smarie/python-parsyfiles/parsyfiles/tests/combining_parsers_converters/test_data/b64pickle-float-1.0=True (singlefile, .txt)
File checks done

Building a parsing plan to parse [/home/travis/build/smarie/python-parsyfiles/parsyfiles/tests/combining_parsers_converters/test_data/b64pickle-float-1.0=True] into a bool
(B) /home/travis/build/smarie/python-parsyfiles/parsyfiles/tests/combining_parsers_converters/test_data/b64pickle-float-1.0=True.txt -&gt; bool ------- using [Try &apos;$&lt;read_str_from_txt&gt; =&gt; &lt;str_to_bool&gt;$&apos; then &apos;$&lt;read_str_from_txt&gt; =&gt; &lt;base64_ascii_str_pickle_to_object&gt; -&gt; &lt;float_to_bool&gt;$&apos; then &apos;$&lt;read_str_from_txt&gt; =&gt; &lt;base64_ascii_str_pickle_to_object&gt; -&gt; &lt;int_to_bool&gt;$&apos; then &apos;$&lt;read_str_from_txt&gt; =&gt; &lt;base64_ascii_str_pickle_to_object&gt; -&gt; &lt;str_to_bool&gt;$&apos; then &apos;$&lt;read_str_from_txt&gt; =&gt; &lt;base64_ascii_str_pickle_to_object&gt;$]&apos;]
(B)                                                                                                  |--b64pickle-float-1.0=True.txt -&gt; bool ------- using $&lt;read_str_from_txt&gt; =&gt; &lt;str_to_bool&gt;$
Parsing Plan created successfully

Executing Parsing Plan for [/home/travis/build/smarie/python-parsyfiles/parsyfiles/tests/combining_parsers_converters/test_data/b64pickle-float-1.0=True]
(P) /home/travis/build/smarie/python-parsyfiles/parsyfiles/tests/combining_parsers_converters/test_data/b64pickle-float-1.0=True.txt -&gt; bool ------- using $&lt;read_str_from_txt&gt; =&gt; &lt;str_to_bool&gt;$
  !! Caught error during execution !!
  File &quot;/home/travis/build/smarie/python-parsyfiles/parsyfiles/converting_core.py&quot;, line 524, in _convert
    return self.conversion_method(desired_type, source_obj, logger, **opts)
  File &quot;/home/travis/build/smarie/python-parsyfiles/parsyfiles/plugins_base/support_for_primitive_types.py&quot;, line 84, in primitive_to_bool
    return bool(strtobool(source))
  File &quot;/opt/python/3.5.5/lib/python3.5/distutils/util.py&quot;, line 317, in strtobool
    raise ValueError(&quot;invalid truth value %r&quot; % (val,))
  ParsingException : Error while parsing /home/travis/build/smarie/python-parsyfiles/parsyfiles/tests/combining_parsers_converters/test_data/b64pickle-float-1.0=True (singlefile, .txt) as a bool with parser &apos;$&lt;read_str_from_txt&gt; =&gt; &lt;str_to_bool&gt;$&apos; using options=({&apos;MultifileCollectionParser&apos;: {&apos;lazy_parsing&apos;: False}}) : caught 
  ValueError : invalid truth value &apos;ganhp/aaaaaaaaau&apos;
Rebuilding local parsing plan with next candidate parser: $&lt;read_str_from_txt&gt; =&gt; &lt;base64_ascii_str_pickle_to_object&gt; -&gt; &lt;float_to_bool&gt;$
(B)                                                                                                  |--b64pickle-float-1.0=True.txt -&gt; bool ------- using $&lt;read_str_from_txt&gt; =&gt; &lt;base64_ascii_str_pickle_to_object&gt; -&gt; &lt;float_to_bool&gt;$
DONE Rebuilding local parsing plan for [/home/travis/build/smarie/python-parsyfiles/parsyfiles/tests/combining_parsers_converters/test_data/b64pickle-float-1.0=True.txt]. Resuming parsing...
Executing Parsing Plan for [/home/travis/build/smarie/python-parsyfiles/parsyfiles/tests/combining_parsers_converters/test_data/b64pickle-float-1.0=True]
(P) /home/travis/build/smarie/python-parsyfiles/parsyfiles/tests/combining_parsers_converters/test_data/b64pickle-float-1.0=True.txt -&gt; bool ------- using $&lt;read_str_from_txt&gt; =&gt; &lt;base64_ascii_str_pickle_to_object&gt; -&gt; &lt;float_to_bool&gt;$
(P)                                                                                                  |--b64pickle-float-1.0=True.txt -&gt; bool SUCCESS !
Completed parsing successfully

**** Starting to parse single object of type &lt;bool&gt; at location /home/travis/build/smarie/python-parsyfiles/parsyfiles/tests/combining_parsers_converters/test_data/b64pickle-float-1.0=True ****
Checking all files under [/home/travis/build/smarie/python-parsyfiles/parsyfiles/tests/combining_parsers_converters/test_data/b64pickle-float-1.0=True]
(C) /home/travis/build/smarie/python-parsyfiles/parsyfiles/tests/combining_parsers_converters/test_data/b64pickle-float-1.0=True (singlefile, .txt)
File checks done

Building a parsing plan to parse [/home/travis/build/smarie/python-parsyfiles/parsyfiles/tests/combining_parsers_converters/test_data/b64pickle-float-1.0=True] into a bool
(B) /home/travis/build/smarie/python-parsyfiles/parsyfiles/tests/combining_parsers_converters/test_data/b64pickle-float-1.0=True.txt -&gt; bool ------- using [Try &apos;$&lt;read_str_from_txt&gt; =&gt; &lt;str_to_bool&gt;$&apos; then &apos;$&lt;read_str_from_txt&gt; =&gt; &lt;base64_ascii_str_pickle_to_object&gt; -&gt; &lt;float_to_bool&gt;$&apos; then &apos;$&lt;read_str_from_txt&gt; =&gt; &lt;base64_ascii_str_pickle_to_object&gt; -&gt; &lt;int_to_bool&gt;$&apos; then &apos;$&lt;read_str_from_txt&gt; =&gt; &lt;base64_ascii_str_pickle_to_object&gt; -&gt; &lt;str_to_bool&gt;$&apos; then &apos;$&lt;read_str_from_txt&gt; =&gt; &lt;base64_ascii_str_pickle_to_object&gt;$]&apos;]
(B)                                                                                                  |--b64pickle-float-1.0=True.txt -&gt; bool ------- using $&lt;read_str_from_txt&gt; =&gt; &lt;str_to_bool&gt;$
Parsing Plan created successfully

Executing Parsing Plan for [/home/travis/build/smarie/python-parsyfiles/parsyfiles/tests/combining_parsers_converters/test_data/b64pickle-float-1.0=True]
(P) /home/travis/build/smarie/python-parsyfiles/parsyfiles/tests/combining_parsers_converters/test_data/b64pickle-float-1.0=True.txt -&gt; bool ------- using $&lt;read_str_from_txt&gt; =&gt; &lt;str_to_bool&gt;$
  !! Caught error during execution !!
  File &quot;/home/travis/build/smarie/python-parsyfiles/parsyfiles/converting_core.py&quot;, line 524, in _convert
    return self.conversion_method(desired_type, source_obj, logger, **opts)
  File &quot;/home/travis/build/smarie/python-parsyfiles/parsyfiles/plugins_base/support_for_primitive_types.py&quot;, line 84, in primitive_to_bool
    return bool(strtobool(source))
  File &quot;/opt/python/3.5.5/lib/python3.5/distutils/util.py&quot;, line 317, in strtobool
    raise ValueError(&quot;invalid truth value %r&quot; % (val,))
  ParsingException : Error while parsing /home/travis/build/smarie/python-parsyfiles/parsyfiles/tests/combining_parsers_converters/test_data/b64pickle-float-1.0=True (singlefile, .txt) as a bool with parser &apos;$&lt;read_str_from_txt&gt; =&gt; &lt;str_to_bool&gt;$&apos; using options=({&apos;MultifileCollectionParser&apos;: {&apos;lazy_parsing&apos;: False}}) : caught 
  ValueError : invalid truth value &apos;ganhp/aaaaaaaaau&apos;
Rebuilding local parsing plan with next candidate parser: $&lt;read_str_from_txt&gt; =&gt; &lt;base64_ascii_str_pickle_to_object&gt; -&gt; &lt;float_to_bool&gt;$
(B)                                                                                                  |--b64pickle-float-1.0=True.txt -&gt; bool ------- using $&lt;read_str_from_txt&gt; =&gt; &lt;base64_ascii_str_pickle_to_object&gt; -&gt; &lt;float_to_bool&gt;$
DONE Rebuilding local parsing plan for [/home/travis/build/smarie/python-parsyfiles/parsyfiles/tests/combining_parsers_converters/test_data/b64pickle-float-1.0=True.txt]. Resuming parsing...
Executing Parsing Plan for [/home/travis/build/smarie/python-parsyfiles/parsyfiles/tests/combining_parsers_converters/test_data/b64pickle-float-1.0=True]
(P) /home/travis/build/smarie/python-parsyfiles/parsyfiles/tests/combining_parsers_converters/test_data/b64pickle-float-1.0=True.txt -&gt; bool ------- using $&lt;read_str_from_txt&gt; =&gt; &lt;base64_ascii_str_pickle_to_object&gt; -&gt; &lt;float_to_bool&gt;$
(P)                                                                                                  |--b64pickle-float-1.0=True.txt -&gt; bool SUCCESS !
Completed parsing successfully

**** Starting to parse single object of type &lt;bool&gt; at location /home/travis/build/smarie/python-parsyfiles/parsyfiles/tests/combining_parsers_converters/test_data/b64pickle-float-1.0=True ****
Checking all files under [/home/travis/build/smarie/python-parsyfiles/parsyfiles/tests/combining_parsers_converters/test_data/b64pickle-float-1.0=True]
(C) /home/travis/build/smarie/python-parsyfiles/parsyfiles/tests/combining_parsers_converters/test_data/b64pickle-float-1.0=True (singlefile, .txt)
File checks done

Building a parsing plan to parse [/home/travis/build/smarie/python-parsyfiles/parsyfiles/tests/combining_parsers_converters/test_data/b64pickle-float-1.0=True] into a bool
(B) /home/travis/build/smarie/python-parsyfiles/parsyfiles/tests/combining_parsers_converters/test_data/b64pickle-float-1.0=True.txt -&gt; bool ------- using [Try &apos;$&lt;read_str_from_txt&gt; =&gt; &lt;str_to_bool&gt;$&apos; then &apos;$&lt;read_str_from_txt&gt; =&gt; &lt;base64_ascii_str_pickle_to_object&gt; -&gt; &lt;float_to_bool&gt;$&apos; then &apos;$&lt;read_str_from_txt&gt; =&gt; &lt;base64_ascii_str_pickle_to_object&gt; -&gt; &lt;int_to_bool&gt;$&apos; then &apos;$&lt;read_str_from_txt&gt; =&gt; &lt;base64_ascii_str_pickle_to_object&gt; -&gt; &lt;str_to_bool&gt;$&apos; then &apos;$&lt;read_str_from_txt&gt; =&gt; &lt;base64_ascii_str_pickle_to_object&gt;$]&apos;]
(B)                                                                                                  |--b64pickle-float-1.0=True.txt -&gt; bool ------- using $&lt;read_str_from_txt&gt; =&gt; &lt;str_to_bool&gt;$
Parsing Plan created successfully

Executing Parsing Plan for [/home/travis/build/smarie/python-parsyfiles/parsyfiles/tests/combining_parsers_converters/test_data/b64pickle-float-1.0=True]
(P) /home/travis/build/smarie/python-parsyfiles/parsyfiles/tests/combining_parsers_converters/test_data/b64pickle-float-1.0=True.txt -&gt; bool ------- using $&lt;read_str_from_txt&gt; =&gt; &lt;str_to_bool&gt;$
  !! Caught error during execution !!
  File &quot;/home/travis/build/smarie/python-parsyfiles/parsyfiles/converting_core.py&quot;, line 524, in _convert
    return self.conversion_method(desired_type, source_obj, logger, **opts)
  File &quot;/home/travis/build/smarie/python-parsyfiles/parsyfiles/plugins_base/support_for_primitive_types.py&quot;, line 84, in primitive_to_bool
    return bool(strtobool(source))
  File &quot;/opt/python/3.5.5/lib/python3.5/distutils/util.py&quot;, line 317, in strtobool
    raise ValueError(&quot;invalid truth value %r&quot; % (val,))
  ParsingException : Error while parsing /home/travis/build/smarie/python-parsyfiles/parsyfiles/tests/combining_parsers_converters/test_data/b64pickle-float-1.0=True (singlefile, .txt) as a bool with parser &apos;$&lt;read_str_from_txt&gt; =&gt; &lt;str_to_bool&gt;$&apos; using options=({&apos;MultifileCollectionParser&apos;: {&apos;lazy_parsing&apos;: False}}) : caught 
  ValueError : invalid truth value &apos;ganhp/aaaaaaaaau&apos;
Rebuilding local parsing plan with next candidate parser: $&lt;read_str_from_txt&gt; =&gt; &lt;base64_ascii_str_pickle_to_object&gt; -&gt; &lt;float_to_bool&gt;$
(B)                                                                                                  |--b64pickle-float-1.0=True.txt -&gt; bool ------- using $&lt;read_str_from_txt&gt; =&gt; &lt;base64_ascii_str_pickle_to_object&gt; -&gt; &lt;float_to_bool&gt;$
DONE Rebuilding local parsing plan for [/home/travis/build/smarie/python-parsyfiles/parsyfiles/tests/combining_parsers_converters/test_data/b64pickle-float-1.0=True.txt]. Resuming parsing...
Executing Parsing Plan for [/home/travis/build/smarie/python-parsyfiles/parsyfiles/tests/combining_parsers_converters/test_data/b64pickle-float-1.0=True]
(P) /home/travis/build/smarie/python-parsyfiles/parsyfiles/tests/combining_parsers_converters/test_data/b64pickle-float-1.0=True.txt -&gt; bool ------- using $&lt;read_str_from_txt&gt; =&gt; &lt;base64_ascii_str_pickle_to_object&gt; -&gt; &lt;float_to_bool&gt;$
(P)                                                                                                  |--b64pickle-float-1.0=True.txt -&gt; bool SUCCESS !
Completed parsing successfully

**** Starting to parse single object of type &lt;bool&gt; at location /home/travis/build/smarie/python-parsyfiles/parsyfiles/tests/combining_parsers_converters/test_data/b64pickle-float-1.0=True ****
Checking all files under [/home/travis/build/smarie/python-parsyfiles/parsyfiles/tests/combining_parsers_converters/test_data/b64pickle-float-1.0=True]
(C) /home/travis/build/smarie/python-parsyfiles/parsyfiles/tests/combining_parsers_converters/test_data/b64pickle-float-1.0=True (singlefile, .txt)
File checks done

Building a parsing plan to parse [/home/travis/build/smarie/python-parsyfiles/parsyfiles/tests/combining_parsers_converters/test_data/b64pickle-float-1.0=True] into a bool
(B) /home/travis/build/smarie/python-parsyfiles/parsyfiles/tests/combining_parsers_converters/test_data/b64pickle-float-1.0=True.txt -&gt; bool ------- using [Try &apos;$&lt;read_str_from_txt&gt; =&gt; &lt;str_to_bool&gt;$&apos; then &apos;$&lt;read_str_from_txt&gt; =&gt; &lt;base64_ascii_str_pickle_to_object&gt; -&gt; &lt;float_to_bool&gt;$&apos; then &apos;$&lt;read_str_from_txt&gt; =&gt; &lt;base64_ascii_str_pickle_to_object&gt; -&gt; &lt;int_to_bool&gt;$&apos; then &apos;$&lt;read_str_from_txt&gt; =&gt; &lt;base64_ascii_str_pickle_to_object&gt; -&gt; &lt;str_to_bool&gt;$&apos; then &apos;$&lt;read_str_from_txt&gt; =&gt; &lt;base64_ascii_str_pickle_to_object&gt;$]&apos;]
(B)                                                                                                  |--b64pickle-float-1.0=True.txt -&gt; bool ------- using $&lt;read_str_from_txt&gt; =&gt; &lt;str_to_bool&gt;$
Parsing Plan created successfully

Executing Parsing Plan for [/home/travis/build/smarie/python-parsyfiles/parsyfiles/tests/combining_parsers_converters/test_data/b64pickle-float-1.0=True]
(P) /home/travis/build/smarie/python-parsyfiles/parsyfiles/tests/combining_parsers_converters/test_data/b64pickle-float-1.0=True.txt -&gt; bool ------- using $&lt;read_str_from_txt&gt; =&gt; &lt;str_to_bool&gt;$
  !! Caught error during execution !!
  File &quot;/home/travis/build/smarie/python-parsyfiles/parsyfiles/converting_core.py&quot;, line 524, in _convert
    return self.conversion_method(desired_type, source_obj, logger, **opts)
  File &quot;/home/travis/build/smarie/python-parsyfiles/parsyfiles/plugins_base/support_for_primitive_types.py&quot;, line 84, in primitive_to_bool
    return bool(strtobool(source))
  File &quot;/opt/python/3.5.5/lib/python3.5/distutils/util.py&quot;, line 317, in strtobool
    raise ValueError(&quot;invalid truth value %r&quot; % (val,))
  ParsingException : Error while parsing /home/travis/build/smarie/python-parsyfiles/parsyfiles/tests/combining_parsers_converters/test_data/b64pickle-float-1.0=True (singlefile, .txt) as a bool with parser &apos;$&lt;read_str_from_txt&gt; =&gt; &lt;str_to_bool&gt;$&apos; using options=({&apos;MultifileCollectionParser&apos;: {&apos;lazy_parsing&apos;: False}}) : caught 
  ValueError : invalid truth value &apos;ganhp/aaaaaaaaau&apos;
Rebuilding local parsing plan with next candidate parser: $&lt;read_str_from_txt&gt; =&gt; &lt;base64_ascii_str_pickle_to_object&gt; -&gt; &lt;float_to_bool&gt;$
(B)                                                                                                  |--b64pickle-float-1.0=True.txt -&gt; bool ------- using $&lt;read_str_from_txt&gt; =&gt; &lt;base64_ascii_str_pickle_to_object&gt; -&gt; &lt;float_to_bool&gt;$
DONE Rebuilding local parsing plan for [/home/travis/build/smarie/python-parsyfiles/parsyfiles/tests/combining_parsers_converters/test_data/b64pickle-float-1.0=True.txt]. Resuming parsing...
Executing Parsing Plan for [/home/travis/build/smarie/python-parsyfiles/parsyfiles/tests/combining_parsers_converters/test_data/b64pickle-float-1.0=True]
(P) /home/travis/build/smarie/python-parsyfiles/parsyfiles/tests/combining_parsers_converters/test_data/b64pickle-float-1.0=True.txt -&gt; bool ------- using $&lt;read_str_from_txt&gt; =&gt; &lt;base64_ascii_str_pickle_to_object&gt; -&gt; &lt;float_to_bool&gt;$
(P)                                                                                                  |--b64pickle-float-1.0=True.txt -&gt; bool SUCCESS !
Completed parsing successfully

**** Starting to parse single object of type &lt;bool&gt; at location /home/travis/build/smarie/python-parsyfiles/parsyfiles/tests/combining_parsers_converters/test_data/b64pickle-float-1.0=True ****
Checking all files under [/home/travis/build/smarie/python-parsyfiles/parsyfiles/tests/combining_parsers_converters/test_data/b64pickle-float-1.0=True]
(C) /home/travis/build/smarie/python-parsyfiles/parsyfiles/tests/combining_parsers_converters/test_data/b64pickle-float-1.0=True (singlefile, .txt)
File checks done

Building a parsing plan to parse [/home/travis/build/smarie/python-parsyfiles/parsyfiles/tests/combining_parsers_converters/test_data/b64pickle-float-1.0=True] into a bool
(B) /home/travis/build/smarie/python-parsyfiles/parsyfiles/tests/combining_parsers_converters/test_data/b64pickle-float-1.0=True.txt -&gt; bool ------- using [Try &apos;$&lt;read_str_from_txt&gt; =&gt; &lt;str_to_bool&gt;$&apos; then &apos;$&lt;read_str_from_txt&gt; =&gt; &lt;base64_ascii_str_pickle_to_object&gt; -&gt; &lt;float_to_bool&gt;$&apos; then &apos;$&lt;read_str_from_txt&gt; =&gt; &lt;base64_ascii_str_pickle_to_object&gt; -&gt; &lt;int_to_bool&gt;$&apos; then &apos;$&lt;read_str_from_txt&gt; =&gt; &lt;base64_ascii_str_pickle_to_object&gt; -&gt; &lt;str_to_bool&gt;$&apos; then &apos;$&lt;read_str_from_txt&gt; =&gt; &lt;base64_ascii_str_pickle_to_object&gt;$]&apos;]
(B)                                                                                                  |--b64pickle-float-1.0=True.txt -&gt; bool ------- using $&lt;read_str_from_txt&gt; =&gt; &lt;str_to_bool&gt;$
Parsing Plan created successfully

Executing Parsing Plan for [/home/travis/build/smarie/python-parsyfiles/parsyfiles/tests/combining_parsers_converters/test_data/b64pickle-float-1.0=True]
(P) /home/travis/build/smarie/python-parsyfiles/parsyfiles/tests/combining_parsers_converters/test_data/b64pickle-float-1.0=True.txt -&gt; bool ------- using $&lt;read_str_from_txt&gt; =&gt; &lt;str_to_bool&gt;$
  !! Caught error during execution !!
  File &quot;/home/travis/build/smarie/python-parsyfiles/parsyfiles/converting_core.py&quot;, line 524, in _convert
    return self.conversion_method(desired_type, source_obj, logger, **opts)
  File &quot;/home/travis/build/smarie/python-parsyfiles/parsyfiles/plugins_base/support_for_primitive_types.py&quot;, line 84, in primitive_to_bool
    return bool(strtobool(source))
  File &quot;/opt/python/3.5.5/lib/python3.5/distutils/util.py&quot;, line 317, in strtobool
    raise ValueError(&quot;invalid truth value %r&quot; % (val,))
  ParsingException : Error while parsing /home/travis/build/smarie/python-parsyfiles/parsyfiles/tests/combining_parsers_converters/test_data/b64pickle-float-1.0=True (singlefile, .txt) as a bool with parser &apos;$&lt;read_str_from_txt&gt; =&gt; &lt;str_to_bool&gt;$&apos; using options=({&apos;MultifileCollectionParser&apos;: {&apos;lazy_parsing&apos;: False}}) : caught 
  ValueError : invalid truth value &apos;ganhp/aaaaaaaaau&apos;
Rebuilding local parsing plan with next candidate parser: $&lt;read_str_from_txt&gt; =&gt; &lt;base64_ascii_str_pickle_to_object&gt; -&gt; &lt;float_to_bool&gt;$
(B)                                                                                                  |--b64pickle-float-1.0=True.txt -&gt; bool ------- using $&lt;read_str_from_txt&gt; =&gt; &lt;base64_ascii_str_pickle_to_object&gt; -&gt; &lt;float_to_bool&gt;$
DONE Rebuilding local parsing plan for [/home/travis/build/smarie/python-parsyfiles/parsyfiles/tests/combining_parsers_converters/test_data/b64pickle-float-1.0=True.txt]. Resuming parsing...
Executing Parsing Plan for [/home/travis/build/smarie/python-parsyfiles/parsyfiles/tests/combining_parsers_converters/test_data/b64pickle-float-1.0=True]
(P) /home/travis/build/smarie/python-parsyfiles/parsyfiles/tests/combining_parsers_converters/test_data/b64pickle-float-1.0=True.txt -&gt; bool ------- using $&lt;read_str_from_txt&gt; =&gt; &lt;base64_ascii_str_pickle_to_object&gt; -&gt; &lt;float_to_bool&gt;$
(P)                                                                                                  |--b64pickle-float-1.0=True.txt -&gt; bool SUCCESS !
Completed parsing successfully

**** Starting to parse single object of type &lt;bool&gt; at location /home/travis/build/smarie/python-parsyfiles/parsyfiles/tests/combining_parsers_converters/test_data/b64pickle-float-1.0=True ****
Checking all files under [/home/travis/build/smarie/python-parsyfiles/parsyfiles/tests/combining_parsers_converters/test_data/b64pickle-float-1.0=True]
(C) /home/travis/build/smarie/python-parsyfiles/parsyfiles/tests/combining_parsers_converters/test_data/b64pickle-float-1.0=True (singlefile, .txt)
File checks done

Building a parsing plan to parse [/home/travis/build/smarie/python-parsyfiles/parsyfiles/tests/combining_parsers_converters/test_data/b64pickle-float-1.0=True] into a bool
(B) /home/travis/build/smarie/python-parsyfiles/parsyfiles/tests/combining_parsers_converters/test_data/b64pickle-float-1.0=True.txt -&gt; bool ------- using [Try &apos;$&lt;read_str_from_txt&gt; =&gt; &lt;str_to_bool&gt;$&apos; then &apos;$&lt;read_str_from_txt&gt; =&gt; &lt;base64_ascii_str_pickle_to_object&gt; -&gt; &lt;float_to_bool&gt;$&apos; then &apos;$&lt;read_str_from_txt&gt; =&gt; &lt;base64_ascii_str_pickle_to_object&gt; -&gt; &lt;int_to_bool&gt;$&apos; then &apos;$&lt;read_str_from_txt&gt; =&gt; &lt;base64_ascii_str_pickle_to_object&gt; -&gt; &lt;str_to_bool&gt;$&apos; then &apos;$&lt;read_str_from_txt&gt; =&gt; &lt;base64_ascii_str_pickle_to_object&gt;$]&apos;]
(B)                                                                                                  |--b64pickle-float-1.0=True.txt -&gt; bool ------- using $&lt;read_str_from_txt&gt; =&gt; &lt;str_to_bool&gt;$
Parsing Plan created successfully

Executing Parsing Plan for [/home/travis/build/smarie/python-parsyfiles/parsyfiles/tests/combining_parsers_converters/test_data/b64pickle-float-1.0=True]
(P) /home/travis/build/smarie/python-parsyfiles/parsyfiles/tests/combining_parsers_converters/test_data/b64pickle-float-1.0=True.txt -&gt; bool ------- using $&lt;read_str_from_txt&gt; =&gt; &lt;str_to_bool&gt;$
  !! Caught error during execution !!
  File &quot;/home/travis/build/smarie/python-parsyfiles/parsyfiles/converting_core.py&quot;, line 524, in _convert
    return self.conversion_method(desired_type, source_obj, logger, **opts)
  File &quot;/home/travis/build/smarie/python-parsyfiles/parsyfiles/plugins_base/support_for_primitive_types.py&quot;, line 84, in primitive_to_bool
    return bool(strtobool(source))
  File &quot;/opt/python/3.5.5/lib/python3.5/distutils/util.py&quot;, line 317, in strtobool
    raise ValueError(&quot;invalid truth value %r&quot; % (val,))
  ParsingException : Error while parsing /home/travis/build/smarie/python-parsyfiles/parsyfiles/tests/combining_parsers_converters/test_data/b64pickle-float-1.0=True (singlefile, .txt) as a bool with parser &apos;$&lt;read_str_from_txt&gt; =&gt; &lt;str_to_bool&gt;$&apos; using options=({&apos;MultifileCollectionParser&apos;: {&apos;lazy_parsing&apos;: False}}) : caught 
  ValueError : invalid truth value &apos;ganhp/aaaaaaaaau&apos;
Rebuilding local parsing plan with next candidate parser: $&lt;read_str_from_txt&gt; =&gt; &lt;base64_ascii_str_pickle_to_object&gt; -&gt; &lt;float_to_bool&gt;$
(B)                                                                                                  |--b64pickle-float-1.0=True.txt -&gt; bool ------- using $&lt;read_str_from_txt&gt; =&gt; &lt;base64_ascii_str_pickle_to_object&gt; -&gt; &lt;float_to_bool&gt;$
DONE Rebuilding local parsing plan for [/home/travis/build/smarie/python-parsyfiles/parsyfiles/tests/combining_parsers_converters/test_data/b64pickle-float-1.0=True.txt]. Resuming parsing...
Executing Parsing Plan for [/home/travis/build/smarie/python-parsyfiles/parsyfiles/tests/combining_parsers_converters/test_data/b64pickle-float-1.0=True]
(P) /home/travis/build/smarie/python-parsyfiles/parsyfiles/tests/combining_parsers_converters/test_data/b64pickle-float-1.0=True.txt -&gt; bool ------- using $&lt;read_str_from_txt&gt; =&gt; &lt;base64_ascii_str_pickle_to_object&gt; -&gt; &lt;float_to_bool&gt;$
(P)                                                                                                  |--b64pickle-float-1.0=True.txt -&gt; bool SUCCESS !
Completed parsing successfully

**** Starting to parse single object of type &lt;bool&gt; at location /home/travis/build/smarie/python-parsyfiles/parsyfiles/tests/combining_parsers_converters/test_data/b64pickle-float-1.0=True ****
Checking all files under [/home/travis/build/smarie/python-parsyfiles/parsyfiles/tests/combining_parsers_converters/test_data/b64pickle-float-1.0=True]
(C) /home/travis/build/smarie/python-parsyfiles/parsyfiles/tests/combining_parsers_converters/test_data/b64pickle-float-1.0=True (singlefile, .txt)
File checks done

Building a parsing plan to parse [/home/travis/build/smarie/python-parsyfiles/parsyfiles/tests/combining_parsers_converters/test_data/b64pickle-float-1.0=True] into a bool
(B) /home/travis/build/smarie/python-parsyfiles/parsyfiles/tests/combining_parsers_converters/test_data/b64pickle-float-1.0=True.txt -&gt; bool ------- using [Try &apos;$&lt;read_str_from_txt&gt; =&gt; &lt;str_to_bool&gt;$&apos; then &apos;$&lt;read_str_from_txt&gt; =&gt; &lt;base64_ascii_str_pickle_to_object&gt; -&gt; &lt;float_to_bool&gt;$&apos; then &apos;$&lt;read_str_from_txt&gt; =&gt; &lt;base64_ascii_str_pickle_to_object&gt; -&gt; &lt;int_to_bool&gt;$&apos; then &apos;$&lt;read_str_from_txt&gt; =&gt; &lt;base64_ascii_str_pickle_to_object&gt; -&gt; &lt;str_to_bool&gt;$&apos; then &apos;$&lt;read_str_from_txt&gt; =&gt; &lt;base64_ascii_str_pickle_to_object&gt;$]&apos;]
(B)                                                                                                  |--b64pickle-float-1.0=True.txt -&gt; bool ------- using $&lt;read_str_from_txt&gt; =&gt; &lt;str_to_bool&gt;$
Parsing Plan created successfully

Executing Parsing Plan for [/home/travis/build/smarie/python-parsyfiles/parsyfiles/tests/combining_parsers_converters/test_data/b64pickle-float-1.0=True]
(P) /home/travis/build/smarie/python-parsyfiles/parsyfiles/tests/combining_parsers_converters/test_data/b64pickle-float-1.0=True.txt -&gt; bool ------- using $&lt;read_str_from_txt&gt; =&gt; &lt;str_to_bool&gt;$
  !! Caught error during execution !!
  File &quot;/home/travis/build/smarie/python-parsyfiles/parsyfiles/converting_core.py&quot;, line 524, in _convert
    return self.conversion_method(desired_type, source_obj, logger, **opts)
  File &quot;/home/travis/build/smarie/python-parsyfiles/parsyfiles/plugins_base/support_for_primitive_types.py&quot;, line 84, in primitive_to_bool
    return bool(strtobool(source))
  File &quot;/opt/python/3.5.5/lib/python3.5/distutils/util.py&quot;, line 317, in strtobool
    raise ValueError(&quot;invalid truth value %r&quot; % (val,))
  ParsingException : Error while parsing /home/travis/build/smarie/python-parsyfiles/parsyfiles/tests/combining_parsers_converters/test_data/b64pickle-float-1.0=True (singlefile, .txt) as a bool with parser &apos;$&lt;read_str_from_txt&gt; =&gt; &lt;str_to_bool&gt;$&apos; using options=({&apos;MultifileCollectionParser&apos;: {&apos;lazy_parsing&apos;: False}}) : caught 
  ValueError : invalid truth value &apos;ganhp/aaaaaaaaau&apos;
Rebuilding local parsing plan with next candidate parser: $&lt;read_str_from_txt&gt; =&gt; &lt;base64_ascii_str_pickle_to_object&gt; -&gt; &lt;float_to_bool&gt;$
(B)                                                                                                  |--b64pickle-float-1.0=True.txt -&gt; bool ------- using $&lt;read_str_from_txt&gt; =&gt; &lt;base64_ascii_str_pickle_to_object&gt; -&gt; &lt;float_to_bool&gt;$
DONE Rebuilding local parsing plan for [/home/travis/build/smarie/python-parsyfiles/parsyfiles/tests/combining_parsers_converters/test_data/b64pickle-float-1.0=True.txt]. Resuming parsing...
Executing Parsing Plan for [/home/travis/build/smarie/python-parsyfiles/parsyfiles/tests/combining_parsers_converters/test_data/b64pickle-float-1.0=True]
(P) /home/travis/build/smarie/python-parsyfiles/parsyfiles/tests/combining_parsers_converters/test_data/b64pickle-float-1.0=True.txt -&gt; bool ------- using $&lt;read_str_from_txt&gt; =&gt; &lt;base64_ascii_str_pickle_to_object&gt; -&gt; &lt;float_to_bool&gt;$
(P)                                                                                                  |--b64pickle-float-1.0=True.txt -&gt; bool SUCCESS !
Completed parsing successfully

**** Starting to parse single object of type &lt;bool&gt; at location /home/travis/build/smarie/python-parsyfiles/parsyfiles/tests/combining_parsers_converters/test_data/b64pickle-float-1.0=True ****
Checking all files under [/home/travis/build/smarie/python-parsyfiles/parsyfiles/tests/combining_parsers_converters/test_data/b64pickle-float-1.0=True]
(C) /home/travis/build/smarie/python-parsyfiles/parsyfiles/tests/combining_parsers_converters/test_data/b64pickle-float-1.0=True (singlefile, .txt)
File checks done

Building a parsing plan to parse [/home/travis/build/smarie/python-parsyfiles/parsyfiles/tests/combining_parsers_converters/test_data/b64pickle-float-1.0=True] into a bool
(B) /home/travis/build/smarie/python-parsyfiles/parsyfiles/tests/combining_parsers_converters/test_data/b64pickle-float-1.0=True.txt -&gt; bool ------- using [Try &apos;$&lt;read_str_from_txt&gt; =&gt; &lt;str_to_bool&gt;$&apos; then &apos;$&lt;read_str_from_txt&gt; =&gt; &lt;base64_ascii_str_pickle_to_object&gt; -&gt; &lt;float_to_bool&gt;$&apos; then &apos;$&lt;read_str_from_txt&gt; =&gt; &lt;base64_ascii_str_pickle_to_object&gt; -&gt; &lt;int_to_bool&gt;$&apos; then &apos;$&lt;read_str_from_txt&gt; =&gt; &lt;base64_ascii_str_pickle_to_object&gt; -&gt; &lt;str_to_bool&gt;$&apos; then &apos;$&lt;read_str_from_txt&gt; =&gt; &lt;base64_ascii_str_pickle_to_object&gt;$]&apos;]
(B)                                                                                                  |--b64pickle-float-1.0=True.txt -&gt; bool ------- using $&lt;read_str_from_txt&gt; =&gt; &lt;str_to_bool&gt;$
Parsing Plan created successfully

Executing Parsing Plan for [/home/travis/build/smarie/python-parsyfiles/parsyfiles/tests/combining_parsers_converters/test_data/b64pickle-float-1.0=True]
(P) /home/travis/build/smarie/python-parsyfiles/parsyfiles/tests/combining_parsers_converters/test_data/b64pickle-float-1.0=True.txt -&gt; bool ------- using $&lt;read_str_from_txt&gt; =&gt; &lt;str_to_bool&gt;$
  !! Caught error during execution !!
  File &quot;/home/travis/build/smarie/python-parsyfiles/parsyfiles/converting_core.py&quot;, line 524, in _convert
    return self.conversion_method(desired_type, source_obj, logger, **opts)
  File &quot;/home/travis/build/smarie/python-parsyfiles/parsyfiles/plugins_base/support_for_primitive_types.py&quot;, line 84, in primitive_to_bool
    return bool(strtobool(source))
  File &quot;/opt/python/3.5.5/lib/python3.5/distutils/util.py&quot;, line 317, in strtobool
    raise ValueError(&quot;invalid truth value %r&quot; % (val,))
  ParsingException : Error while parsing /home/travis/build/smarie/python-parsyfiles/parsyfiles/tests/combining_parsers_converters/test_data/b64pickle-float-1.0=True (singlefile, .txt) as a bool with parser &apos;$&lt;read_str_from_txt&gt; =&gt; &lt;str_to_bool&gt;$&apos; using options=({&apos;MultifileCollectionParser&apos;: {&apos;lazy_parsing&apos;: False}}) : caught 
  ValueError : invalid truth value &apos;ganhp/aaaaaaaaau&apos;
Rebuilding local parsing plan with next candidate parser: $&lt;read_str_from_txt&gt; =&gt; &lt;base64_ascii_str_pickle_to_object&gt; -&gt; &lt;float_to_bool&gt;$
(B)                                                                                                  |--b64pickle-float-1.0=True.txt -&gt; bool ------- using $&lt;read_str_from_txt&gt; =&gt; &lt;base64_ascii_str_pickle_to_object&gt; -&gt; &lt;float_to_bool&gt;$
DONE Rebuilding local parsing plan for [/home/travis/build/smarie/python-parsyfiles/parsyfiles/tests/combining_parsers_converters/test_data/b64pickle-float-1.0=True.txt]. Resuming parsing...
Executing Parsing Plan for [/home/travis/build/smarie/python-parsyfiles/parsyfiles/tests/combining_parsers_converters/test_data/b64pickle-float-1.0=True]
(P) /home/travis/build/smarie/python-parsyfiles/parsyfiles/tests/combining_parsers_converters/test_data/b64pickle-float-1.0=True.txt -&gt; bool ------- using $&lt;read_str_from_txt&gt; =&gt; &lt;base64_ascii_str_pickle_to_object&gt; -&gt; &lt;float_to_bool&gt;$
(P)                                                                                                  |--b64pickle-float-1.0=True.txt -&gt; bool SUCCESS !
Completed parsing successfully

**** Starting to parse single object of type &lt;bool&gt; at location /home/travis/build/smarie/python-parsyfiles/parsyfiles/tests/combining_parsers_converters/test_data/b64pickle-float-1.0=True ****
Checking all files under [/home/travis/build/smarie/python-parsyfiles/parsyfiles/tests/combining_parsers_converters/test_data/b64pickle-float-1.0=True]
(C) /home/travis/build/smarie/python-parsyfiles/parsyfiles/tests/combining_parsers_converters/test_data/b64pickle-float-1.0=True (singlefile, .txt)
File checks done

Building a parsing plan to parse [/home/travis/build/smarie/python-parsyfiles/parsyfiles/tests/combining_parsers_converters/test_data/b64pickle-float-1.0=True] into a bool
(B) /home/travis/build/smarie/python-parsyfiles/parsyfiles/tests/combining_parsers_converters/test_data/b64pickle-float-1.0=True.txt -&gt; bool ------- using [Try &apos;$&lt;read_str_from_txt&gt; =&gt; &lt;str_to_bool&gt;$&apos; then &apos;$&lt;read_str_from_txt&gt; =&gt; &lt;base64_ascii_str_pickle_to_object&gt; -&gt; &lt;float_to_bool&gt;$&apos; then &apos;$&lt;read_str_from_txt&gt; =&gt; &lt;base64_ascii_str_pickle_to_object&gt; -&gt; &lt;int_to_bool&gt;$&apos; then &apos;$&lt;read_str_from_txt&gt; =&gt; &lt;base64_ascii_str_pickle_to_object&gt; -&gt; &lt;str_to_bool&gt;$&apos; then &apos;$&lt;read_str_from_txt&gt; =&gt; &lt;base64_ascii_str_pickle_to_object&gt;$]&apos;]
(B)                                                                                                  |--b64pickle-float-1.0=True.txt -&gt; bool ------- using $&lt;read_str_from_txt&gt; =&gt; &lt;str_to_bool&gt;$
Parsing Plan created successfully

Executing Parsing Plan for [/home/travis/build/smarie/python-parsyfiles/parsyfiles/tests/combining_parsers_converters/test_data/b64pickle-float-1.0=True]
(P) /home/travis/build/smarie/python-parsyfiles/parsyfiles/tests/combining_parsers_converters/test_data/b64pickle-float-1.0=True.txt -&gt; bool ------- using $&lt;read_str_from_txt&gt; =&gt; &lt;str_to_bool&gt;$
  !! Caught error during execution !!
  File &quot;/home/travis/build/smarie/python-parsyfiles/parsyfiles/converting_core.py&quot;, line 524, in _convert
    return self.conversion_method(desired_type, source_obj, logger, **opts)
  File &quot;/home/travis/build/smarie/python-parsyfiles/parsyfiles/plugins_base/support_for_primitive_types.py&quot;, line 84, in primitive_to_bool
    return bool(strtobool(source))
  File &quot;/opt/python/3.5.5/lib/python3.5/distutils/util.py&quot;, line 317, in strtobool
    raise ValueError(&quot;invalid truth value %r&quot; % (val,))
  ParsingException : Error while parsing /home/travis/build/smarie/python-parsyfiles/parsyfiles/tests/combining_parsers_converters/test_data/b64pickle-float-1.0=True (singlefile, .txt) as a bool with parser &apos;$&lt;read_str_from_txt&gt; =&gt; &lt;str_to_bool&gt;$&apos; using options=({&apos;MultifileCollectionParser&apos;: {&apos;lazy_parsing&apos;: False}}) : caught 
  ValueError : invalid truth value &apos;ganhp/aaaaaaaaau&apos;
Rebuilding local parsing plan with next candidate parser: $&lt;read_str_from_txt&gt; =&gt; &lt;base64_ascii_str_pickle_to_object&gt; -&gt; &lt;float_to_bool&gt;$
(B)                                                                                                  |--b64pickle-float-1.0=True.txt -&gt; bool ------- using $&lt;read_str_from_txt&gt; =&gt; &lt;base64_ascii_str_pickle_to_object&gt; -&gt; &lt;float_to_bool&gt;$
DONE Rebuilding local parsing plan for [/home/travis/build/smarie/python-parsyfiles/parsyfiles/tests/combining_parsers_converters/test_data/b64pickle-float-1.0=True.txt]. Resuming parsing...
Executing Parsing Plan for [/home/travis/build/smarie/python-parsyfiles/parsyfiles/tests/combining_parsers_converters/test_data/b64pickle-float-1.0=True]
(P) /home/travis/build/smarie/python-parsyfiles/parsyfiles/tests/combining_parsers_converters/test_data/b64pickle-float-1.0=True.txt -&gt; bool ------- using $&lt;read_str_from_txt&gt; =&gt; &lt;base64_ascii_str_pickle_to_object&gt; -&gt; &lt;float_to_bool&gt;$
(P)                                                                                                  |--b64pickle-float-1.0=True.txt -&gt; bool SUCCESS !
Completed parsing successfully

**** Starting to parse single object of type &lt;bool&gt; at location /home/travis/build/smarie/python-parsyfiles/parsyfiles/tests/combining_parsers_converters/test_data/b64pickle-float-1.0=True ****
Checking all files under [/home/travis/build/smarie/python-parsyfiles/parsyfiles/tests/combining_parsers_converters/test_data/b64pickle-float-1.0=True]
(C) /home/travis/build/smarie/python-parsyfiles/parsyfiles/tests/combining_parsers_converters/test_data/b64pickle-float-1.0=True (singlefile, .txt)
File checks done

Building a parsing plan to parse [/home/travis/build/smarie/python-parsyfiles/parsyfiles/tests/combining_parsers_converters/test_data/b64pickle-float-1.0=True] into a bool
(B) /home/travis/build/smarie/python-parsyfiles/parsyfiles/tests/combining_parsers_converters/test_data/b64pickle-float-1.0=True.txt -&gt; bool ------- using [Try &apos;$&lt;read_str_from_txt&gt; =&gt; &lt;str_to_bool&gt;$&apos; then &apos;$&lt;read_str_from_txt&gt; =&gt; &lt;base64_ascii_str_pickle_to_object&gt; -&gt; &lt;float_to_bool&gt;$&apos; then &apos;$&lt;read_str_from_txt&gt; =&gt; &lt;base64_ascii_str_pickle_to_object&gt; -&gt; &lt;int_to_bool&gt;$&apos; then &apos;$&lt;read_str_from_txt&gt; =&gt; &lt;base64_ascii_str_pickle_to_object&gt; -&gt; &lt;str_to_bool&gt;$&apos; then &apos;$&lt;read_str_from_txt&gt; =&gt; &lt;base64_ascii_str_pickle_to_object&gt;$]&apos;]
(B)                                                                                                  |--b64pickle-float-1.0=True.txt -&gt; bool ------- using $&lt;read_str_from_txt&gt; =&gt; &lt;str_to_bool&gt;$
Parsing Plan created successfully

Executing Parsing Plan for [/home/travis/build/smarie/python-parsyfiles/parsyfiles/tests/combining_parsers_converters/test_data/b64pickle-float-1.0=True]
(P) /home/travis/build/smarie/python-parsyfiles/parsyfiles/tests/combining_parsers_converters/test_data/b64pickle-float-1.0=True.txt -&gt; bool ------- using $&lt;read_str_from_txt&gt; =&gt; &lt;str_to_bool&gt;$
  !! Caught error during execution !!
  File &quot;/home/travis/build/smarie/python-parsyfiles/parsyfiles/converting_core.py&quot;, line 524, in _convert
    return self.conversion_method(desired_type, source_obj, logger, **opts)
  File &quot;/home/travis/build/smarie/python-parsyfiles/parsyfiles/plugins_base/support_for_primitive_types.py&quot;, line 84, in primitive_to_bool
    return bool(strtobool(source))
  File &quot;/opt/python/3.5.5/lib/python3.5/distutils/util.py&quot;, line 317, in strtobool
    raise ValueError(&quot;invalid truth value %r&quot; % (val,))
  ParsingException : Error while parsing /home/travis/build/smarie/python-parsyfiles/parsyfiles/tests/combining_parsers_converters/test_data/b64pickle-float-1.0=True (singlefile, .txt) as a bool with parser &apos;$&lt;read_str_from_txt&gt; =&gt; &lt;str_to_bool&gt;$&apos; using options=({&apos;MultifileCollectionParser&apos;: {&apos;lazy_parsing&apos;: False}}) : caught 
  ValueError : invalid truth value &apos;ganhp/aaaaaaaaau&apos;
Rebuilding local parsing plan with next candidate parser: $&lt;read_str_from_txt&gt; =&gt; &lt;base64_ascii_str_pickle_to_object&gt; -&gt; &lt;float_to_bool&gt;$
(B)                                                                                                  |--b64pickle-float-1.0=True.txt -&gt; bool ------- using $&lt;read_str_from_txt&gt; =&gt; &lt;base64_ascii_str_pickle_to_object&gt; -&gt; &lt;float_to_bool&gt;$
DONE Rebuilding local parsing plan for [/home/travis/build/smarie/python-parsyfiles/parsyfiles/tests/combining_parsers_converters/test_data/b64pickle-float-1.0=True.txt]. Resuming parsing...
Executing Parsing Plan for [/home/travis/build/smarie/python-parsyfiles/parsyfiles/tests/combining_parsers_converters/test_data/b64pickle-float-1.0=True]
(P) /home/travis/build/smarie/python-parsyfiles/parsyfiles/tests/combining_parsers_converters/test_data/b64pickle-float-1.0=True.txt -&gt; bool ------- using $&lt;read_str_from_txt&gt; =&gt; &lt;base64_ascii_str_pickle_to_object&gt; -&gt; &lt;float_to_bool&gt;$
(P)                                                                                                  |--b64pickle-float-1.0=True.txt -&gt; bool SUCCESS !
Completed parsing successfully

**** Starting to parse single object of type &lt;bool&gt; at location /home/travis/build/smarie/python-parsyfiles/parsyfiles/tests/combining_parsers_converters/test_data/b64pickle-float-1.0=True ****
Checking all files under [/home/travis/build/smarie/python-parsyfiles/parsyfiles/tests/combining_parsers_converters/test_data/b64pickle-float-1.0=True]
(C) /home/travis/build/smarie/python-parsyfiles/parsyfiles/tests/combining_parsers_converters/test_data/b64pickle-float-1.0=True (singlefile, .txt)
File checks done

Building a parsing plan to parse [/home/travis/build/smarie/python-parsyfiles/parsyfiles/tests/combining_parsers_converters/test_data/b64pickle-float-1.0=True] into a bool
(B) /home/travis/build/smarie/python-parsyfiles/parsyfiles/tests/combining_parsers_converters/test_data/b64pickle-float-1.0=True.txt -&gt; bool ------- using [Try &apos;$&lt;read_str_from_txt&gt; =&gt; &lt;str_to_bool&gt;$&apos; then &apos;$&lt;read_str_from_txt&gt; =&gt; &lt;base64_ascii_str_pickle_to_object&gt; -&gt; &lt;float_to_bool&gt;$&apos; then &apos;$&lt;read_str_from_txt&gt; =&gt; &lt;base64_ascii_str_pickle_to_object&gt; -&gt; &lt;int_to_bool&gt;$&apos; then &apos;$&lt;read_str_from_txt&gt; =&gt; &lt;base64_ascii_str_pickle_to_object&gt; -&gt; &lt;str_to_bool&gt;$&apos; then &apos;$&lt;read_str_from_txt&gt; =&gt; &lt;base64_ascii_str_pickle_to_object&gt;$]&apos;]
(B)                                                                                                  |--b64pickle-float-1.0=True.txt -&gt; bool ------- using $&lt;read_str_from_txt&gt; =&gt; &lt;str_to_bool&gt;$
Parsing Plan created successfully

Executing Parsing Plan for [/home/travis/build/smarie/python-parsyfiles/parsyfiles/tests/combining_parsers_converters/test_data/b64pickle-float-1.0=True]
(P) /home/travis/build/smarie/python-parsyfiles/parsyfiles/tests/combining_parsers_converters/test_data/b64pickle-float-1.0=True.txt -&gt; bool ------- using $&lt;read_str_from_txt&gt; =&gt; &lt;str_to_bool&gt;$
  !! Caught error during execution !!
  File &quot;/home/travis/build/smarie/python-parsyfiles/parsyfiles/converting_core.py&quot;, line 524, in _convert
    return self.conversion_method(desired_type, source_obj, logger, **opts)
  File &quot;/home/travis/build/smarie/python-parsyfiles/parsyfiles/plugins_base/support_for_primitive_types.py&quot;, line 84, in primitive_to_bool
    return bool(strtobool(source))
  File &quot;/opt/python/3.5.5/lib/python3.5/distutils/util.py&quot;, line 317, in strtobool
    raise ValueError(&quot;invalid truth value %r&quot; % (val,))
  ParsingException : Error while parsing /home/travis/build/smarie/python-parsyfiles/parsyfiles/tests/combining_parsers_converters/test_data/b64pickle-float-1.0=True (singlefile, .txt) as a bool with parser &apos;$&lt;read_str_from_txt&gt; =&gt; &lt;str_to_bool&gt;$&apos; using options=({&apos;MultifileCollectionParser&apos;: {&apos;lazy_parsing&apos;: False}}) : caught 
  ValueError : invalid truth value &apos;ganhp/aaaaaaaaau&apos;
Rebuilding local parsing plan with next candidate parser: $&lt;read_str_from_txt&gt; =&gt; &lt;base64_ascii_str_pickle_to_object&gt; -&gt; &lt;float_to_bool&gt;$
(B)                                                                                                  |--b64pickle-float-1.0=True.txt -&gt; bool ------- using $&lt;read_str_from_txt&gt; =&gt; &lt;base64_ascii_str_pickle_to_object&gt; -&gt; &lt;float_to_bool&gt;$
DONE Rebuilding local parsing plan for [/home/travis/build/smarie/python-parsyfiles/parsyfiles/tests/combining_parsers_converters/test_data/b64pickle-float-1.0=True.txt]. Resuming parsing...
Executing Parsing Plan for [/home/travis/build/smarie/python-parsyfiles/parsyfiles/tests/combining_parsers_converters/test_data/b64pickle-float-1.0=True]
(P) /home/travis/build/smarie/python-parsyfiles/parsyfiles/tests/combining_parsers_converters/test_data/b64pickle-float-1.0=True.txt -&gt; bool ------- using $&lt;read_str_from_txt&gt; =&gt; &lt;base64_ascii_str_pickle_to_object&gt; -&gt; &lt;float_to_bool&gt;$
(P)                                                                                                  |--b64pickle-float-1.0=True.txt -&gt; bool SUCCESS !
Completed parsing successfully

**** Starting to parse single object of type &lt;bool&gt; at location /home/travis/build/smarie/python-parsyfiles/parsyfiles/tests/combining_parsers_converters/test_data/b64pickle-float-1.0=True ****
Checking all files under [/home/travis/build/smarie/python-parsyfiles/parsyfiles/tests/combining_parsers_converters/test_data/b64pickle-float-1.0=True]
(C) /home/travis/build/smarie/python-parsyfiles/parsyfiles/tests/combining_parsers_converters/test_data/b64pickle-float-1.0=True (singlefile, .txt)
File checks done

Building a parsing plan to parse [/home/travis/build/smarie/python-parsyfiles/parsyfiles/tests/combining_parsers_converters/test_data/b64pickle-float-1.0=True] into a bool
(B) /home/travis/build/smarie/python-parsyfiles/parsyfiles/tests/combining_parsers_converters/test_data/b64pickle-float-1.0=True.txt -&gt; bool ------- using [Try &apos;$&lt;read_str_from_txt&gt; =&gt; &lt;str_to_bool&gt;$&apos; then &apos;$&lt;read_str_from_txt&gt; =&gt; &lt;base64_ascii_str_pickle_to_object&gt; -&gt; &lt;float_to_bool&gt;$&apos; then &apos;$&lt;read_str_from_txt&gt; =&gt; &lt;base64_ascii_str_pickle_to_object&gt; -&gt; &lt;int_to_bool&gt;$&apos; then &apos;$&lt;read_str_from_txt&gt; =&gt; &lt;base64_ascii_str_pickle_to_object&gt; -&gt; &lt;str_to_bool&gt;$&apos; then &apos;$&lt;read_str_from_txt&gt; =&gt; &lt;base64_ascii_str_pickle_to_object&gt;$]&apos;]
(B)                                                                                                  |--b64pickle-float-1.0=True.txt -&gt; bool ------- using $&lt;read_str_from_txt&gt; =&gt; &lt;str_to_bool&gt;$
Parsing Plan created successfully

Executing Parsing Plan for [/home/travis/build/smarie/python-parsyfiles/parsyfiles/tests/combining_parsers_converters/test_data/b64pickle-float-1.0=True]
(P) /home/travis/build/smarie/python-parsyfiles/parsyfiles/tests/combining_parsers_converters/test_data/b64pickle-float-1.0=True.txt -&gt; bool ------- using $&lt;read_str_from_txt&gt; =&gt; &lt;str_to_bool&gt;$
  !! Caught error during execution !!
  File &quot;/home/travis/build/smarie/python-parsyfiles/parsyfiles/converting_core.py&quot;, line 524, in _convert
    return self.conversion_method(desired_type, source_obj, logger, **opts)
  File &quot;/home/travis/build/smarie/python-parsyfiles/parsyfiles/plugins_base/support_for_primitive_types.py&quot;, line 84, in primitive_to_bool
    return bool(strtobool(source))
  File &quot;/opt/python/3.5.5/lib/python3.5/distutils/util.py&quot;, line 317, in strtobool
    raise ValueError(&quot;invalid truth value %r&quot; % (val,))
  ParsingException : Error while parsing /home/travis/build/smarie/python-parsyfiles/parsyfiles/tests/combining_parsers_converters/test_data/b64pickle-float-1.0=True (singlefile, .txt) as a bool with parser &apos;$&lt;read_str_from_txt&gt; =&gt; &lt;str_to_bool&gt;$&apos; using options=({&apos;MultifileCollectionParser&apos;: {&apos;lazy_parsing&apos;: False}}) : caught 
  ValueError : invalid truth value &apos;ganhp/aaaaaaaaau&apos;
Rebuilding local parsing plan with next candidate parser: $&lt;read_str_from_txt&gt; =&gt; &lt;base64_ascii_str_pickle_to_object&gt; -&gt; &lt;float_to_bool&gt;$
(B)                                                                                                  |--b64pickle-float-1.0=True.txt -&gt; bool ------- using $&lt;read_str_from_txt&gt; =&gt; &lt;base64_ascii_str_pickle_to_object&gt; -&gt; &lt;float_to_bool&gt;$
DONE Rebuilding local parsing plan for [/home/travis/build/smarie/python-parsyfiles/parsyfiles/tests/combining_parsers_converters/test_data/b64pickle-float-1.0=True.txt]. Resuming parsing...
Executing Parsing Plan for [/home/travis/build/smarie/python-parsyfiles/parsyfiles/tests/combining_parsers_converters/test_data/b64pickle-float-1.0=True]
(P) /home/travis/build/smarie/python-parsyfiles/parsyfiles/tests/combining_parsers_converters/test_data/b64pickle-float-1.0=True.txt -&gt; bool ------- using $&lt;read_str_from_txt&gt; =&gt; &lt;base64_ascii_str_pickle_to_object&gt; -&gt; &lt;float_to_bool&gt;$
(P)                                                                                                  |--b64pickle-float-1.0=True.txt -&gt; bool SUCCESS !
Completed parsing successfully

**** Starting to parse single object of type &lt;bool&gt; at location /home/travis/build/smarie/python-parsyfiles/parsyfiles/tests/combining_parsers_converters/test_data/b64pickle-float-1.0=True ****
Checking all files under [/home/travis/build/smarie/python-parsyfiles/parsyfiles/tests/combining_parsers_converters/test_data/b64pickle-float-1.0=True]
(C) /home/travis/build/smarie/python-parsyfiles/parsyfiles/tests/combining_parsers_converters/test_data/b64pickle-float-1.0=True (singlefile, .txt)
File checks done

Building a parsing plan to parse [/home/travis/build/smarie/python-parsyfiles/parsyfiles/tests/combining_parsers_converters/test_data/b64pickle-float-1.0=True] into a bool
(B) /home/travis/build/smarie/python-parsyfiles/parsyfiles/tests/combining_parsers_converters/test_data/b64pickle-float-1.0=True.txt -&gt; bool ------- using [Try &apos;$&lt;read_str_from_txt&gt; =&gt; &lt;str_to_bool&gt;$&apos; then &apos;$&lt;read_str_from_txt&gt; =&gt; &lt;base64_ascii_str_pickle_to_object&gt; -&gt; &lt;float_to_bool&gt;$&apos; then &apos;$&lt;read_str_from_txt&gt; =&gt; &lt;base64_ascii_str_pickle_to_object&gt; -&gt; &lt;int_to_bool&gt;$&apos; then &apos;$&lt;read_str_from_txt&gt; =&gt; &lt;base64_ascii_str_pickle_to_object&gt; -&gt; &lt;str_to_bool&gt;$&apos; then &apos;$&lt;read_str_from_txt&gt; =&gt; &lt;base64_ascii_str_pickle_to_object&gt;$]&apos;]
(B)                                                                                                  |--b64pickle-float-1.0=True.txt -&gt; bool ------- using $&lt;read_str_from_txt&gt; =&gt; &lt;str_to_bool&gt;$
Parsing Plan created successfully

Executing Parsing Plan for [/home/travis/build/smarie/python-parsyfiles/parsyfiles/tests/combining_parsers_converters/test_data/b64pickle-float-1.0=True]
(P) /home/travis/build/smarie/python-parsyfiles/parsyfiles/tests/combining_parsers_converters/test_data/b64pickle-float-1.0=True.txt -&gt; bool ------- using $&lt;read_str_from_txt&gt; =&gt; &lt;str_to_bool&gt;$
  !! Caught error during execution !!
  File &quot;/home/travis/build/smarie/python-parsyfiles/parsyfiles/converting_core.py&quot;, line 524, in _convert
    return self.conversion_method(desired_type, source_obj, logger, **opts)
  File &quot;/home/travis/build/smarie/python-parsyfiles/parsyfiles/plugins_base/support_for_primitive_types.py&quot;, line 84, in primitive_to_bool
    return bool(strtobool(source))
  File &quot;/opt/python/3.5.5/lib/python3.5/distutils/util.py&quot;, line 317, in strtobool
    raise ValueError(&quot;invalid truth value %r&quot; % (val,))
  ParsingException : Error while parsing /home/travis/build/smarie/python-parsyfiles/parsyfiles/tests/combining_parsers_converters/test_data/b64pickle-float-1.0=True (singlefile, .txt) as a bool with parser &apos;$&lt;read_str_from_txt&gt; =&gt; &lt;str_to_bool&gt;$&apos; using options=({&apos;MultifileCollectionParser&apos;: {&apos;lazy_parsing&apos;: False}}) : caught 
  ValueError : invalid truth value &apos;ganhp/aaaaaaaaau&apos;
Rebuilding local parsing plan with next candidate parser: $&lt;read_str_from_txt&gt; =&gt; &lt;base64_ascii_str_pickle_to_object&gt; -&gt; &lt;float_to_bool&gt;$
(B)                                                                                                  |--b64pickle-float-1.0=True.txt -&gt; bool ------- using $&lt;read_str_from_txt&gt; =&gt; &lt;base64_ascii_str_pickle_to_object&gt; -&gt; &lt;float_to_bool&gt;$
DONE Rebuilding local parsing plan for [/home/travis/build/smarie/python-parsyfiles/parsyfiles/tests/combining_parsers_converters/test_data/b64pickle-float-1.0=True.txt]. Resuming parsing...
Executing Parsing Plan for [/home/travis/build/smarie/python-parsyfiles/parsyfiles/tests/combining_parsers_converters/test_data/b64pickle-float-1.0=True]
(P) /home/travis/build/smarie/python-parsyfiles/parsyfiles/tests/combining_parsers_converters/test_data/b64pickle-float-1.0=True.txt -&gt; bool ------- using $&lt;read_str_from_txt&gt; =&gt; &lt;base64_ascii_str_pickle_to_object&gt; -&gt; &lt;float_to_bool&gt;$
(P)                                                                                                  |--b64pickle-float-1.0=True.txt -&gt; bool SUCCESS !
Completed parsing successfully

**** Starting to parse single object of type &lt;bool&gt; at location /home/travis/build/smarie/python-parsyfiles/parsyfiles/tests/combining_parsers_converters/test_data/b64pickle-float-1.0=True ****
Checking all files under [/home/travis/build/smarie/python-parsyfiles/parsyfiles/tests/combining_parsers_converters/test_data/b64pickle-float-1.0=True]
(C) /home/travis/build/smarie/python-parsyfiles/parsyfiles/tests/combining_parsers_converters/test_data/b64pickle-float-1.0=True (singlefile, .txt)
File checks done

Building a parsing plan to parse [/home/travis/build/smarie/python-parsyfiles/parsyfiles/tests/combining_parsers_converters/test_data/b64pickle-float-1.0=True] into a bool
(B) /home/travis/build/smarie/python-parsyfiles/parsyfiles/tests/combining_parsers_converters/test_data/b64pickle-float-1.0=True.txt -&gt; bool ------- using [Try &apos;$&lt;read_str_from_txt&gt; =&gt; &lt;str_to_bool&gt;$&apos; then &apos;$&lt;read_str_from_txt&gt; =&gt; &lt;base64_ascii_str_pickle_to_object&gt; -&gt; &lt;float_to_bool&gt;$&apos; then &apos;$&lt;read_str_from_txt&gt; =&gt; &lt;base64_ascii_str_pickle_to_object&gt; -&gt; &lt;int_to_bool&gt;$&apos; then &apos;$&lt;read_str_from_txt&gt; =&gt; &lt;base64_ascii_str_pickle_to_object&gt; -&gt; &lt;str_to_bool&gt;$&apos; then &apos;$&lt;read_str_from_txt&gt; =&gt; &lt;base64_ascii_str_pickle_to_object&gt;$]&apos;]
(B)                                                                                                  |--b64pickle-float-1.0=True.txt -&gt; bool ------- using $&lt;read_str_from_txt&gt; =&gt; &lt;str_to_bool&gt;$
Parsing Plan created successfully

Executing Parsing Plan for [/home/travis/build/smarie/python-parsyfiles/parsyfiles/tests/combining_parsers_converters/test_data/b64pickle-float-1.0=True]
(P) /home/travis/build/smarie/python-parsyfiles/parsyfiles/tests/combining_parsers_converters/test_data/b64pickle-float-1.0=True.txt -&gt; bool ------- using $&lt;read_str_from_txt&gt; =&gt; &lt;str_to_bool&gt;$
  !! Caught error during execution !!
  File &quot;/home/travis/build/smarie/python-parsyfiles/parsyfiles/converting_core.py&quot;, line 524, in _convert
    return self.conversion_method(desired_type, source_obj, logger, **opts)
  File &quot;/home/travis/build/smarie/python-parsyfiles/parsyfiles/plugins_base/support_for_primitive_types.py&quot;, line 84, in primitive_to_bool
    return bool(strtobool(source))
  File &quot;/opt/python/3.5.5/lib/python3.5/distutils/util.py&quot;, line 317, in strtobool
    raise ValueError(&quot;invalid truth value %r&quot; % (val,))
  ParsingException : Error while parsing /home/travis/build/smarie/python-parsyfiles/parsyfiles/tests/combining_parsers_converters/test_data/b64pickle-float-1.0=True (singlefile, .txt) as a bool with parser &apos;$&lt;read_str_from_txt&gt; =&gt; &lt;str_to_bool&gt;$&apos; using options=({&apos;MultifileCollectionParser&apos;: {&apos;lazy_parsing&apos;: False}}) : caught 
  ValueError : invalid truth value &apos;ganhp/aaaaaaaaau&apos;
Rebuilding local parsing plan with next candidate parser: $&lt;read_str_from_txt&gt; =&gt; &lt;base64_ascii_str_pickle_to_object&gt; -&gt; &lt;float_to_bool&gt;$
(B)                                                                                                  |--b64pickle-float-1.0=True.txt -&gt; bool ------- using $&lt;read_str_from_txt&gt; =&gt; &lt;base64_ascii_str_pickle_to_object&gt; -&gt; &lt;float_to_bool&gt;$
DONE Rebuilding local parsing plan for [/home/travis/build/smarie/python-parsyfiles/parsyfiles/tests/combining_parsers_converters/test_data/b64pickle-float-1.0=True.txt]. Resuming parsing...
Executing Parsing Plan for [/home/travis/build/smarie/python-parsyfiles/parsyfiles/tests/combining_parsers_converters/test_data/b64pickle-float-1.0=True]
(P) /home/travis/build/smarie/python-parsyfiles/parsyfiles/tests/combining_parsers_converters/test_data/b64pickle-float-1.0=True.txt -&gt; bool ------- using $&lt;read_str_from_txt&gt; =&gt; &lt;base64_ascii_str_pickle_to_object&gt; -&gt; &lt;float_to_bool&gt;$
(P)                                                                                                  |--b64pickle-float-1.0=True.txt -&gt; bool SUCCESS !
Completed parsing successfully

**** Starting to parse single object of type &lt;bool&gt; at location /home/travis/build/smarie/python-parsyfiles/parsyfiles/tests/combining_parsers_converters/test_data/b64pickle-float-1.0=True ****
Checking all files under [/home/travis/build/smarie/python-parsyfiles/parsyfiles/tests/combining_parsers_converters/test_data/b64pickle-float-1.0=True]
(C) /home/travis/build/smarie/python-parsyfiles/parsyfiles/tests/combining_parsers_converters/test_data/b64pickle-float-1.0=True (singlefile, .txt)
File checks done

Building a parsing plan to parse [/home/travis/build/smarie/python-parsyfiles/parsyfiles/tests/combining_parsers_converters/test_data/b64pickle-float-1.0=True] into a bool
(B) /home/travis/build/smarie/python-parsyfiles/parsyfiles/tests/combining_parsers_converters/test_data/b64pickle-float-1.0=True.txt -&gt; bool ------- using [Try &apos;$&lt;read_str_from_txt&gt; =&gt; &lt;str_to_bool&gt;$&apos; then &apos;$&lt;read_str_from_txt&gt; =&gt; &lt;base64_ascii_str_pickle_to_object&gt; -&gt; &lt;float_to_bool&gt;$&apos; then &apos;$&lt;read_str_from_txt&gt; =&gt; &lt;base64_ascii_str_pickle_to_object&gt; -&gt; &lt;int_to_bool&gt;$&apos; then &apos;$&lt;read_str_from_txt&gt; =&gt; &lt;base64_ascii_str_pickle_to_object&gt; -&gt; &lt;str_to_bool&gt;$&apos; then &apos;$&lt;read_str_from_txt&gt; =&gt; &lt;base64_ascii_str_pickle_to_object&gt;$]&apos;]
(B)                                                                                                  |--b64pickle-float-1.0=True.txt -&gt; bool ------- using $&lt;read_str_from_txt&gt; =&gt; &lt;str_to_bool&gt;$
Parsing Plan created successfully

Executing Parsing Plan for [/home/travis/build/smarie/python-parsyfiles/parsyfiles/tests/combining_parsers_converters/test_data/b64pickle-float-1.0=True]
(P) /home/travis/build/smarie/python-parsyfiles/parsyfiles/tests/combining_parsers_converters/test_data/b64pickle-float-1.0=True.txt -&gt; bool ------- using $&lt;read_str_from_txt&gt; =&gt; &lt;str_to_bool&gt;$
  !! Caught error during execution !!
  File &quot;/home/travis/build/smarie/python-parsyfiles/parsyfiles/converting_core.py&quot;, line 524, in _convert
    return self.conversion_method(desired_type, source_obj, logger, **opts)
  File &quot;/home/travis/build/smarie/python-parsyfiles/parsyfiles/plugins_base/support_for_primitive_types.py&quot;, line 84, in primitive_to_bool
    return bool(strtobool(source))
  File &quot;/opt/python/3.5.5/lib/python3.5/distutils/util.py&quot;, line 317, in strtobool
    raise ValueError(&quot;invalid truth value %r&quot; % (val,))
  ParsingException : Error while parsing /home/travis/build/smarie/python-parsyfiles/parsyfiles/tests/combining_parsers_converters/test_data/b64pickle-float-1.0=True (singlefile, .txt) as a bool with parser &apos;$&lt;read_str_from_txt&gt; =&gt; &lt;str_to_bool&gt;$&apos; using options=({&apos;MultifileCollectionParser&apos;: {&apos;lazy_parsing&apos;: False}}) : caught 
  ValueError : invalid truth value &apos;ganhp/aaaaaaaaau&apos;
Rebuilding local parsing plan with next candidate parser: $&lt;read_str_from_txt&gt; =&gt; &lt;base64_ascii_str_pickle_to_object&gt; -&gt; &lt;float_to_bool&gt;$
(B)                                                                                                  |--b64pickle-float-1.0=True.txt -&gt; bool ------- using $&lt;read_str_from_txt&gt; =&gt; &lt;base64_ascii_str_pickle_to_object&gt; -&gt; &lt;float_to_bool&gt;$
DONE Rebuilding local parsing plan for [/home/travis/build/smarie/python-parsyfiles/parsyfiles/tests/combining_parsers_converters/test_data/b64pickle-float-1.0=True.txt]. Resuming parsing...
Executing Parsing Plan for [/home/travis/build/smarie/python-parsyfiles/parsyfiles/tests/combining_parsers_converters/test_data/b64pickle-float-1.0=True]
(P) /home/travis/build/smarie/python-parsyfiles/parsyfiles/tests/combining_parsers_converters/test_data/b64pickle-float-1.0=True.txt -&gt; bool ------- using $&lt;read_str_from_txt&gt; =&gt; &lt;base64_ascii_str_pickle_to_object&gt; -&gt; &lt;float_to_bool&gt;$
(P)                                                                                                  |--b64pickle-float-1.0=True.txt -&gt; bool SUCCESS !
Completed parsing successfully

**** Starting to parse single object of type &lt;bool&gt; at location /home/travis/build/smarie/python-parsyfiles/parsyfiles/tests/combining_parsers_converters/test_data/b64pickle-float-1.0=True ****
Checking all files under [/home/travis/build/smarie/python-parsyfiles/parsyfiles/tests/combining_parsers_converters/test_data/b64pickle-float-1.0=True]
(C) /home/travis/build/smarie/python-parsyfiles/parsyfiles/tests/combining_parsers_converters/test_data/b64pickle-float-1.0=True (singlefile, .txt)
File checks done

Building a parsing plan to parse [/home/travis/build/smarie/python-parsyfiles/parsyfiles/tests/combining_parsers_converters/test_data/b64pickle-float-1.0=True] into a bool
(B) /home/travis/build/smarie/python-parsyfiles/parsyfiles/tests/combining_parsers_converters/test_data/b64pickle-float-1.0=True.txt -&gt; bool ------- using [Try &apos;$&lt;read_str_from_txt&gt; =&gt; &lt;str_to_bool&gt;$&apos; then &apos;$&lt;read_str_from_txt&gt; =&gt; &lt;base64_ascii_str_pickle_to_object&gt; -&gt; &lt;float_to_bool&gt;$&apos; then &apos;$&lt;read_str_from_txt&gt; =&gt; &lt;base64_ascii_str_pickle_to_object&gt; -&gt; &lt;int_to_bool&gt;$&apos; then &apos;$&lt;read_str_from_txt&gt; =&gt; &lt;base64_ascii_str_pickle_to_object&gt; -&gt; &lt;str_to_bool&gt;$&apos; then &apos;$&lt;read_str_from_txt&gt; =&gt; &lt;base64_ascii_str_pickle_to_object&gt;$]&apos;]
(B)                                                                                                  |--b64pickle-float-1.0=True.txt -&gt; bool ------- using $&lt;read_str_from_txt&gt; =&gt; &lt;str_to_bool&gt;$
Parsing Plan created successfully

Executing Parsing Plan for [/home/travis/build/smarie/python-parsyfiles/parsyfiles/tests/combining_parsers_converters/test_data/b64pickle-float-1.0=True]
(P) /home/travis/build/smarie/python-parsyfiles/parsyfiles/tests/combining_parsers_converters/test_data/b64pickle-float-1.0=True.txt -&gt; bool ------- using $&lt;read_str_from_txt&gt; =&gt; &lt;str_to_bool&gt;$
  !! Caught error during execution !!
  File &quot;/home/travis/build/smarie/python-parsyfiles/parsyfiles/converting_core.py&quot;, line 524, in _convert
    return self.conversion_method(desired_type, source_obj, logger, **opts)
  File &quot;/home/travis/build/smarie/python-parsyfiles/parsyfiles/plugins_base/support_for_primitive_types.py&quot;, line 84, in primitive_to_bool
    return bool(strtobool(source))
  File &quot;/opt/python/3.5.5/lib/python3.5/distutils/util.py&quot;, line 317, in strtobool
    raise ValueError(&quot;invalid truth value %r&quot; % (val,))
  ParsingException : Error while parsing /home/travis/build/smarie/python-parsyfiles/parsyfiles/tests/combining_parsers_converters/test_data/b64pickle-float-1.0=True (singlefile, .txt) as a bool with parser &apos;$&lt;read_str_from_txt&gt; =&gt; &lt;str_to_bool&gt;$&apos; using options=({&apos;MultifileCollectionParser&apos;: {&apos;lazy_parsing&apos;: False}}) : caught 
  ValueError : invalid truth value &apos;ganhp/aaaaaaaaau&apos;
Rebuilding local parsing plan with next candidate parser: $&lt;read_str_from_txt&gt; =&gt; &lt;base64_ascii_str_pickle_to_object&gt; -&gt; &lt;float_to_bool&gt;$
(B)                                                                                                  |--b64pickle-float-1.0=True.txt -&gt; bool ------- using $&lt;read_str_from_txt&gt; =&gt; &lt;base64_ascii_str_pickle_to_object&gt; -&gt; &lt;float_to_bool&gt;$
DONE Rebuilding local parsing plan for [/home/travis/build/smarie/python-parsyfiles/parsyfiles/tests/combining_parsers_converters/test_data/b64pickle-float-1.0=True.txt]. Resuming parsing...
Executing Parsing Plan for [/home/travis/build/smarie/python-parsyfiles/parsyfiles/tests/combining_parsers_converters/test_data/b64pickle-float-1.0=True]
(P) /home/travis/build/smarie/python-parsyfiles/parsyfiles/tests/combining_parsers_converters/test_data/b64pickle-float-1.0=True.txt -&gt; bool ------- using $&lt;read_str_from_txt&gt; =&gt; &lt;base64_ascii_str_pickle_to_object&gt; -&gt; &lt;float_to_bool&gt;$
(P)                                                                                                  |--b64pickle-float-1.0=True.txt -&gt; bool SUCCESS !
Completed parsing successfully

**** Starting to parse single object of type &lt;bool&gt; at location /home/travis/build/smarie/python-parsyfiles/parsyfiles/tests/combining_parsers_converters/test_data/b64pickle-float-1.0=True ****
Checking all files under [/home/travis/build/smarie/python-parsyfiles/parsyfiles/tests/combining_parsers_converters/test_data/b64pickle-float-1.0=True]
(C) /home/travis/build/smarie/python-parsyfiles/parsyfiles/tests/combining_parsers_converters/test_data/b64pickle-float-1.0=True (singlefile, .txt)
File checks done

Building a parsing plan to parse [/home/travis/build/smarie/python-parsyfiles/parsyfiles/tests/combining_parsers_converters/test_data/b64pickle-float-1.0=True] into a bool
(B) /home/travis/build/smarie/python-parsyfiles/parsyfiles/tests/combining_parsers_converters/test_data/b64pickle-float-1.0=True.txt -&gt; bool ------- using [Try &apos;$&lt;read_str_from_txt&gt; =&gt; &lt;str_to_bool&gt;$&apos; then &apos;$&lt;read_str_from_txt&gt; =&gt; &lt;base64_ascii_str_pickle_to_object&gt; -&gt; &lt;float_to_bool&gt;$&apos; then &apos;$&lt;read_str_from_txt&gt; =&gt; &lt;base64_ascii_str_pickle_to_object&gt; -&gt; &lt;int_to_bool&gt;$&apos; then &apos;$&lt;read_str_from_txt&gt; =&gt; &lt;base64_ascii_str_pickle_to_object&gt; -&gt; &lt;str_to_bool&gt;$&apos; then &apos;$&lt;read_str_from_txt&gt; =&gt; &lt;base64_ascii_str_pickle_to_object&gt;$]&apos;]
(B)                                                                                                  |--b64pickle-float-1.0=True.txt -&gt; bool ------- using $&lt;read_str_from_txt&gt; =&gt; &lt;str_to_bool&gt;$
Parsing Plan created successfully

Executing Parsing Plan for [/home/travis/build/smarie/python-parsyfiles/parsyfiles/tests/combining_parsers_converters/test_data/b64pickle-float-1.0=True]
(P) /home/travis/build/smarie/python-parsyfiles/parsyfiles/tests/combining_parsers_converters/test_data/b64pickle-float-1.0=True.txt -&gt; bool ------- using $&lt;read_str_from_txt&gt; =&gt; &lt;str_to_bool&gt;$
  !! Caught error during execution !!
  File &quot;/home/travis/build/smarie/python-parsyfiles/parsyfiles/converting_core.py&quot;, line 524, in _convert
    return self.conversion_method(desired_type, source_obj, logger, **opts)
  File &quot;/home/travis/build/smarie/python-parsyfiles/parsyfiles/plugins_base/support_for_primitive_types.py&quot;, line 84, in primitive_to_bool
    return bool(strtobool(source))
  File &quot;/opt/python/3.5.5/lib/python3.5/distutils/util.py&quot;, line 317, in strtobool
    raise ValueError(&quot;invalid truth value %r&quot; % (val,))
  ParsingException : Error while parsing /home/travis/build/smarie/python-parsyfiles/parsyfiles/tests/combining_parsers_converters/test_data/b64pickle-float-1.0=True (singlefile, .txt) as a bool with parser &apos;$&lt;read_str_from_txt&gt; =&gt; &lt;str_to_bool&gt;$&apos; using options=({&apos;MultifileCollectionParser&apos;: {&apos;lazy_parsing&apos;: False}}) : caught 
  ValueError : invalid truth value &apos;ganhp/aaaaaaaaau&apos;
Rebuilding local parsing plan with next candidate parser: $&lt;read_str_from_txt&gt; =&gt; &lt;base64_ascii_str_pickle_to_object&gt; -&gt; &lt;float_to_bool&gt;$
(B)                                                                                                  |--b64pickle-float-1.0=True.txt -&gt; bool ------- using $&lt;read_str_from_txt&gt; =&gt; &lt;base64_ascii_str_pickle_to_object&gt; -&gt; &lt;float_to_bool&gt;$
DONE Rebuilding local parsing plan for [/home/travis/build/smarie/python-parsyfiles/parsyfiles/tests/combining_parsers_converters/test_data/b64pickle-float-1.0=True.txt]. Resuming parsing...
Executing Parsing Plan for [/home/travis/build/smarie/python-parsyfiles/parsyfiles/tests/combining_parsers_converters/test_data/b64pickle-float-1.0=True]
(P) /home/travis/build/smarie/python-parsyfiles/parsyfiles/tests/combining_parsers_converters/test_data/b64pickle-float-1.0=True.txt -&gt; bool ------- using $&lt;read_str_from_txt&gt; =&gt; &lt;base64_ascii_str_pickle_to_object&gt; -&gt; &lt;float_to_bool&gt;$
(P)                                                                                                  |--b64pickle-float-1.0=True.txt -&gt; bool SUCCESS !
Completed parsing successfully

**** Starting to parse single object of type &lt;bool&gt; at location /home/travis/build/smarie/python-parsyfiles/parsyfiles/tests/combining_parsers_converters/test_data/b64pickle-float-1.0=True ****
Checking all files under [/home/travis/build/smarie/python-parsyfiles/parsyfiles/tests/combining_parsers_converters/test_data/b64pickle-float-1.0=True]
(C) /home/travis/build/smarie/python-parsyfiles/parsyfiles/tests/combining_parsers_converters/test_data/b64pickle-float-1.0=True (singlefile, .txt)
File checks done

Building a parsing plan to parse [/home/travis/build/smarie/python-parsyfiles/parsyfiles/tests/combining_parsers_converters/test_data/b64pickle-float-1.0=True] into a bool
(B) /home/travis/build/smarie/python-parsyfiles/parsyfiles/tests/combining_parsers_converters/test_data/b64pickle-float-1.0=True.txt -&gt; bool ------- using [Try &apos;$&lt;read_str_from_txt&gt; =&gt; &lt;str_to_bool&gt;$&apos; then &apos;$&lt;read_str_from_txt&gt; =&gt; &lt;base64_ascii_str_pickle_to_object&gt; -&gt; &lt;float_to_bool&gt;$&apos; then &apos;$&lt;read_str_from_txt&gt; =&gt; &lt;base64_ascii_str_pickle_to_object&gt; -&gt; &lt;int_to_bool&gt;$&apos; then &apos;$&lt;read_str_from_txt&gt; =&gt; &lt;base64_ascii_str_pickle_to_object&gt; -&gt; &lt;str_to_bool&gt;$&apos; then &apos;$&lt;read_str_from_txt&gt; =&gt; &lt;base64_ascii_str_pickle_to_object&gt;$]&apos;]
(B)                                                                                                  |--b64pickle-float-1.0=True.txt -&gt; bool ------- using $&lt;read_str_from_txt&gt; =&gt; &lt;str_to_bool&gt;$
Parsing Plan created successfully

Executing Parsing Plan for [/home/travis/build/smarie/python-parsyfiles/parsyfiles/tests/combining_parsers_converters/test_data/b64pickle-float-1.0=True]
(P) /home/travis/build/smarie/python-parsyfiles/parsyfiles/tests/combining_parsers_converters/test_data/b64pickle-float-1.0=True.txt -&gt; bool ------- using $&lt;read_str_from_txt&gt; =&gt; &lt;str_to_bool&gt;$
  !! Caught error during execution !!
  File &quot;/home/travis/build/smarie/python-parsyfiles/parsyfiles/converting_core.py&quot;, line 524, in _convert
    return self.conversion_method(desired_type, source_obj, logger, **opts)
  File &quot;/home/travis/build/smarie/python-parsyfiles/parsyfiles/plugins_base/support_for_primitive_types.py&quot;, line 84, in primitive_to_bool
    return bool(strtobool(source))
  File &quot;/opt/python/3.5.5/lib/python3.5/distutils/util.py&quot;, line 317, in strtobool
    raise ValueError(&quot;invalid truth value %r&quot; % (val,))
  ParsingException : Error while parsing /home/travis/build/smarie/python-parsyfiles/parsyfiles/tests/combining_parsers_converters/test_data/b64pickle-float-1.0=True (singlefile, .txt) as a bool with parser &apos;$&lt;read_str_from_txt&gt; =&gt; &lt;str_to_bool&gt;$&apos; using options=({&apos;MultifileCollectionParser&apos;: {&apos;lazy_parsing&apos;: False}}) : caught 
  ValueError : invalid truth value &apos;ganhp/aaaaaaaaau&apos;
Rebuilding local parsing plan with next candidate parser: $&lt;read_str_from_txt&gt; =&gt; &lt;base64_ascii_str_pickle_to_object&gt; -&gt; &lt;float_to_bool&gt;$
(B)                                                                                                  |--b64pickle-float-1.0=True.txt -&gt; bool ------- using $&lt;read_str_from_txt&gt; =&gt; &lt;base64_ascii_str_pickle_to_object&gt; -&gt; &lt;float_to_bool&gt;$
DONE Rebuilding local parsing plan for [/home/travis/build/smarie/python-parsyfiles/parsyfiles/tests/combining_parsers_converters/test_data/b64pickle-float-1.0=True.txt]. Resuming parsing...
Executing Parsing Plan for [/home/travis/build/smarie/python-parsyfiles/parsyfiles/tests/combining_parsers_converters/test_data/b64pickle-float-1.0=True]
(P) /home/travis/build/smarie/python-parsyfiles/parsyfiles/tests/combining_parsers_converters/test_data/b64pickle-float-1.0=True.txt -&gt; bool ------- using $&lt;read_str_from_txt&gt; =&gt; &lt;base64_ascii_str_pickle_to_object&gt; -&gt; &lt;float_to_bool&gt;$
(P)                                                                                                  |--b64pickle-float-1.0=True.txt -&gt; bool SUCCESS !
Completed parsing successfully

**** Starting to parse single object of type &lt;bool&gt; at location /home/travis/build/smarie/python-parsyfiles/parsyfiles/tests/combining_parsers_converters/test_data/b64pickle-float-1.0=True ****
Checking all files under [/home/travis/build/smarie/python-parsyfiles/parsyfiles/tests/combining_parsers_converters/test_data/b64pickle-float-1.0=True]
(C) /home/travis/build/smarie/python-parsyfiles/parsyfiles/tests/combining_parsers_converters/test_data/b64pickle-float-1.0=True (singlefile, .txt)
File checks done

Building a parsing plan to parse [/home/travis/build/smarie/python-parsyfiles/parsyfiles/tests/combining_parsers_converters/test_data/b64pickle-float-1.0=True] into a bool
(B) /home/travis/build/smarie/python-parsyfiles/parsyfiles/tests/combining_parsers_converters/test_data/b64pickle-float-1.0=True.txt -&gt; bool ------- using [Try &apos;$&lt;read_str_from_txt&gt; =&gt; &lt;str_to_bool&gt;$&apos; then &apos;$&lt;read_str_from_txt&gt; =&gt; &lt;base64_ascii_str_pickle_to_object&gt; -&gt; &lt;float_to_bool&gt;$&apos; then &apos;$&lt;read_str_from_txt&gt; =&gt; &lt;base64_ascii_str_pickle_to_object&gt; -&gt; &lt;int_to_bool&gt;$&apos; then &apos;$&lt;read_str_from_txt&gt; =&gt; &lt;base64_ascii_str_pickle_to_object&gt; -&gt; &lt;str_to_bool&gt;$&apos; then &apos;$&lt;read_str_from_txt&gt; =&gt; &lt;base64_ascii_str_pickle_to_object&gt;$]&apos;]
(B)                                                                                                  |--b64pickle-float-1.0=True.txt -&gt; bool ------- using $&lt;read_str_from_txt&gt; =&gt; &lt;str_to_bool&gt;$
Parsing Plan created successfully

Executing Parsing Plan for [/home/travis/build/smarie/python-parsyfiles/parsyfiles/tests/combining_parsers_converters/test_data/b64pickle-float-1.0=True]
(P) /home/travis/build/smarie/python-parsyfiles/parsyfiles/tests/combining_parsers_converters/test_data/b64pickle-float-1.0=True.txt -&gt; bool ------- using $&lt;read_str_from_txt&gt; =&gt; &lt;str_to_bool&gt;$
  !! Caught error during execution !!
  File &quot;/home/travis/build/smarie/python-parsyfiles/parsyfiles/converting_core.py&quot;, line 524, in _convert
    return self.conversion_method(desired_type, source_obj, logger, **opts)
  File &quot;/home/travis/build/smarie/python-parsyfiles/parsyfiles/plugins_base/support_for_primitive_types.py&quot;, line 84, in primitive_to_bool
    return bool(strtobool(source))
  File &quot;/opt/python/3.5.5/lib/python3.5/distutils/util.py&quot;, line 317, in strtobool
    raise ValueError(&quot;invalid truth value %r&quot; % (val,))
  ParsingException : Error while parsing /home/travis/build/smarie/python-parsyfiles/parsyfiles/tests/combining_parsers_converters/test_data/b64pickle-float-1.0=True (singlefile, .txt) as a bool with parser &apos;$&lt;read_str_from_txt&gt; =&gt; &lt;str_to_bool&gt;$&apos; using options=({&apos;MultifileCollectionParser&apos;: {&apos;lazy_parsing&apos;: False}}) : caught 
  ValueError : invalid truth value &apos;ganhp/aaaaaaaaau&apos;
Rebuilding local parsing plan with next candidate parser: $&lt;read_str_from_txt&gt; =&gt; &lt;base64_ascii_str_pickle_to_object&gt; -&gt; &lt;float_to_bool&gt;$
(B)                                                                                                  |--b64pickle-float-1.0=True.txt -&gt; bool ------- using $&lt;read_str_from_txt&gt; =&gt; &lt;base64_ascii_str_pickle_to_object&gt; -&gt; &lt;float_to_bool&gt;$
DONE Rebuilding local parsing plan for [/home/travis/build/smarie/python-parsyfiles/parsyfiles/tests/combining_parsers_converters/test_data/b64pickle-float-1.0=True.txt]. Resuming parsing...
Executing Parsing Plan for [/home/travis/build/smarie/python-parsyfiles/parsyfiles/tests/combining_parsers_converters/test_data/b64pickle-float-1.0=True]
(P) /home/travis/build/smarie/python-parsyfiles/parsyfiles/tests/combining_parsers_converters/test_data/b64pickle-float-1.0=True.txt -&gt; bool ------- using $&lt;read_str_from_txt&gt; =&gt; &lt;base64_ascii_str_pickle_to_object&gt; -&gt; &lt;float_to_bool&gt;$
(P)                                                                                                  |--b64pickle-float-1.0=True.txt -&gt; bool SUCCESS !
Completed parsing successfully

**** Starting to parse single object of type &lt;bool&gt; at location /home/travis/build/smarie/python-parsyfiles/parsyfiles/tests/combining_parsers_converters/test_data/b64pickle-float-1.0=True ****
Checking all files under [/home/travis/build/smarie/python-parsyfiles/parsyfiles/tests/combining_parsers_converters/test_data/b64pickle-float-1.0=True]
(C) /home/travis/build/smarie/python-parsyfiles/parsyfiles/tests/combining_parsers_converters/test_data/b64pickle-float-1.0=True (singlefile, .txt)
File checks done

Building a parsing plan to parse [/home/travis/build/smarie/python-parsyfiles/parsyfiles/tests/combining_parsers_converters/test_data/b64pickle-float-1.0=True] into a bool
(B) /home/travis/build/smarie/python-parsyfiles/parsyfiles/tests/combining_parsers_converters/test_data/b64pickle-float-1.0=True.txt -&gt; bool ------- using [Try &apos;$&lt;read_str_from_txt&gt; =&gt; &lt;str_to_bool&gt;$&apos; then &apos;$&lt;read_str_from_txt&gt; =&gt; &lt;base64_ascii_str_pickle_to_object&gt; -&gt; &lt;float_to_bool&gt;$&apos; then &apos;$&lt;read_str_from_txt&gt; =&gt; &lt;base64_ascii_str_pickle_to_object&gt; -&gt; &lt;int_to_bool&gt;$&apos; then &apos;$&lt;read_str_from_txt&gt; =&gt; &lt;base64_ascii_str_pickle_to_object&gt; -&gt; &lt;str_to_bool&gt;$&apos; then &apos;$&lt;read_str_from_txt&gt; =&gt; &lt;base64_ascii_str_pickle_to_object&gt;$]&apos;]
(B)                                                                                                  |--b64pickle-float-1.0=True.txt -&gt; bool ------- using $&lt;read_str_from_txt&gt; =&gt; &lt;str_to_bool&gt;$
Parsing Plan created successfully

Executing Parsing Plan for [/home/travis/build/smarie/python-parsyfiles/parsyfiles/tests/combining_parsers_converters/test_data/b64pickle-float-1.0=True]
(P) /home/travis/build/smarie/python-parsyfiles/parsyfiles/tests/combining_parsers_converters/test_data/b64pickle-float-1.0=True.txt -&gt; bool ------- using $&lt;read_str_from_txt&gt; =&gt; &lt;str_to_bool&gt;$
  !! Caught error during execution !!
  File &quot;/home/travis/build/smarie/python-parsyfiles/parsyfiles/converting_core.py&quot;, line 524, in _convert
    return self.conversion_method(desired_type, source_obj, logger, **opts)
  File &quot;/home/travis/build/smarie/python-parsyfiles/parsyfiles/plugins_base/support_for_primitive_types.py&quot;, line 84, in primitive_to_bool
    return bool(strtobool(source))
  File &quot;/opt/python/3.5.5/lib/python3.5/distutils/util.py&quot;, line 317, in strtobool
    raise ValueError(&quot;invalid truth value %r&quot; % (val,))
  ParsingException : Error while parsing /home/travis/build/smarie/python-parsyfiles/parsyfiles/tests/combining_parsers_converters/test_data/b64pickle-float-1.0=True (singlefile, .txt) as a bool with parser &apos;$&lt;read_str_from_txt&gt; =&gt; &lt;str_to_bool&gt;$&apos; using options=({&apos;MultifileCollectionParser&apos;: {&apos;lazy_parsing&apos;: False}}) : caught 
  ValueError : invalid truth value &apos;ganhp/aaaaaaaaau&apos;
Rebuilding local parsing plan with next candidate parser: $&lt;read_str_from_txt&gt; =&gt; &lt;base64_ascii_str_pickle_to_object&gt; -&gt; &lt;float_to_bool&gt;$
(B)                                                                                                  |--b64pickle-float-1.0=True.txt -&gt; bool ------- using $&lt;read_str_from_txt&gt; =&gt; &lt;base64_ascii_str_pickle_to_object&gt; -&gt; &lt;float_to_bool&gt;$
DONE Rebuilding local parsing plan for [/home/travis/build/smarie/python-parsyfiles/parsyfiles/tests/combining_parsers_converters/test_data/b64pickle-float-1.0=True.txt]. Resuming parsing...
Executing Parsing Plan for [/home/travis/build/smarie/python-parsyfiles/parsyfiles/tests/combining_parsers_converters/test_data/b64pickle-float-1.0=True]
(P) /home/travis/build/smarie/python-parsyfiles/parsyfiles/tests/combining_parsers_converters/test_data/b64pickle-float-1.0=True.txt -&gt; bool ------- using $&lt;read_str_from_txt&gt; =&gt; &lt;base64_ascii_str_pickle_to_object&gt; -&gt; &lt;float_to_bool&gt;$
(P)                                                                                                  |--b64pickle-float-1.0=True.txt -&gt; bool SUCCESS !
Completed parsing successfully

**** Starting to parse single object of type &lt;bool&gt; at location /home/travis/build/smarie/python-parsyfiles/parsyfiles/tests/combining_parsers_converters/test_data/b64pickle-float-1.0=True ****
Checking all files under [/home/travis/build/smarie/python-parsyfiles/parsyfiles/tests/combining_parsers_converters/test_data/b64pickle-float-1.0=True]
(C) /home/travis/build/smarie/python-parsyfiles/parsyfiles/tests/combining_parsers_converters/test_data/b64pickle-float-1.0=True (singlefile, .txt)
File checks done

Building a parsing plan to parse [/home/travis/build/smarie/python-parsyfiles/parsyfiles/tests/combining_parsers_converters/test_data/b64pickle-float-1.0=True] into a bool
(B) /home/travis/build/smarie/python-parsyfiles/parsyfiles/tests/combining_parsers_converters/test_data/b64pickle-float-1.0=True.txt -&gt; bool ------- using [Try &apos;$&lt;read_str_from_txt&gt; =&gt; &lt;str_to_bool&gt;$&apos; then &apos;$&lt;read_str_from_txt&gt; =&gt; &lt;base64_ascii_str_pickle_to_object&gt; -&gt; &lt;float_to_bool&gt;$&apos; then &apos;$&lt;read_str_from_txt&gt; =&gt; &lt;base64_ascii_str_pickle_to_object&gt; -&gt; &lt;int_to_bool&gt;$&apos; then &apos;$&lt;read_str_from_txt&gt; =&gt; &lt;base64_ascii_str_pickle_to_object&gt; -&gt; &lt;str_to_bool&gt;$&apos; then &apos;$&lt;read_str_from_txt&gt; =&gt; &lt;base64_ascii_str_pickle_to_object&gt;$]&apos;]
(B)                                                                                                  |--b64pickle-float-1.0=True.txt -&gt; bool ------- using $&lt;read_str_from_txt&gt; =&gt; &lt;str_to_bool&gt;$
Parsing Plan created successfully

Executing Parsing Plan for [/home/travis/build/smarie/python-parsyfiles/parsyfiles/tests/combining_parsers_converters/test_data/b64pickle-float-1.0=True]
(P) /home/travis/build/smarie/python-parsyfiles/parsyfiles/tests/combining_parsers_converters/test_data/b64pickle-float-1.0=True.txt -&gt; bool ------- using $&lt;read_str_from_txt&gt; =&gt; &lt;str_to_bool&gt;$
  !! Caught error during execution !!
  File &quot;/home/travis/build/smarie/python-parsyfiles/parsyfiles/converting_core.py&quot;, line 524, in _convert
    return self.conversion_method(desired_type, source_obj, logger, **opts)
  File &quot;/home/travis/build/smarie/python-parsyfiles/parsyfiles/plugins_base/support_for_primitive_types.py&quot;, line 84, in primitive_to_bool
    return bool(strtobool(source))
  File &quot;/opt/python/3.5.5/lib/python3.5/distutils/util.py&quot;, line 317, in strtobool
    raise ValueError(&quot;invalid truth value %r&quot; % (val,))
  ParsingException : Error while parsing /home/travis/build/smarie/python-parsyfiles/parsyfiles/tests/combining_parsers_converters/test_data/b64pickle-float-1.0=True (singlefile, .txt) as a bool with parser &apos;$&lt;read_str_from_txt&gt; =&gt; &lt;str_to_bool&gt;$&apos; using options=({&apos;MultifileCollectionParser&apos;: {&apos;lazy_parsing&apos;: False}}) : caught 
  ValueError : invalid truth value &apos;ganhp/aaaaaaaaau&apos;
Rebuilding local parsing plan with next candidate parser: $&lt;read_str_from_txt&gt; =&gt; &lt;base64_ascii_str_pickle_to_object&gt; -&gt; &lt;float_to_bool&gt;$
(B)                                                                                                  |--b64pickle-float-1.0=True.txt -&gt; bool ------- using $&lt;read_str_from_txt&gt; =&gt; &lt;base64_ascii_str_pickle_to_object&gt; -&gt; &lt;float_to_bool&gt;$
DONE Rebuilding local parsing plan for [/home/travis/build/smarie/python-parsyfiles/parsyfiles/tests/combining_parsers_converters/test_data/b64pickle-float-1.0=True.txt]. Resuming parsing...
Executing Parsing Plan for [/home/travis/build/smarie/python-parsyfiles/parsyfiles/tests/combining_parsers_converters/test_data/b64pickle-float-1.0=True]
(P) /home/travis/build/smarie/python-parsyfiles/parsyfiles/tests/combining_parsers_converters/test_data/b64pickle-float-1.0=True.txt -&gt; bool ------- using $&lt;read_str_from_txt&gt; =&gt; &lt;base64_ascii_str_pickle_to_object&gt; -&gt; &lt;float_to_bool&gt;$
(P)                                                                                                  |--b64pickle-float-1.0=True.txt -&gt; bool SUCCESS !
Completed parsing successfully

**** Starting to parse single object of type &lt;bool&gt; at location /home/travis/build/smarie/python-parsyfiles/parsyfiles/tests/combining_parsers_converters/test_data/b64pickle-float-1.0=True ****
Checking all files under [/home/travis/build/smarie/python-parsyfiles/parsyfiles/tests/combining_parsers_converters/test_data/b64pickle-float-1.0=True]
(C) /home/travis/build/smarie/python-parsyfiles/parsyfiles/tests/combining_parsers_converters/test_data/b64pickle-float-1.0=True (singlefile, .txt)
File checks done

Building a parsing plan to parse [/home/travis/build/smarie/python-parsyfiles/parsyfiles/tests/combining_parsers_converters/test_data/b64pickle-float-1.0=True] into a bool
(B) /home/travis/build/smarie/python-parsyfiles/parsyfiles/tests/combining_parsers_converters/test_data/b64pickle-float-1.0=True.txt -&gt; bool ------- using [Try &apos;$&lt;read_str_from_txt&gt; =&gt; &lt;str_to_bool&gt;$&apos; then &apos;$&lt;read_str_from_txt&gt; =&gt; &lt;base64_ascii_str_pickle_to_object&gt; -&gt; &lt;float_to_bool&gt;$&apos; then &apos;$&lt;read_str_from_txt&gt; =&gt; &lt;base64_ascii_str_pickle_to_object&gt; -&gt; &lt;int_to_bool&gt;$&apos; then &apos;$&lt;read_str_from_txt&gt; =&gt; &lt;base64_ascii_str_pickle_to_object&gt; -&gt; &lt;str_to_bool&gt;$&apos; then &apos;$&lt;read_str_from_txt&gt; =&gt; &lt;base64_ascii_str_pickle_to_object&gt;$]&apos;]
(B)                                                                                                  |--b64pickle-float-1.0=True.txt -&gt; bool ------- using $&lt;read_str_from_txt&gt; =&gt; &lt;str_to_bool&gt;$
Parsing Plan created successfully

Executing Parsing Plan for [/home/travis/build/smarie/python-parsyfiles/parsyfiles/tests/combining_parsers_converters/test_data/b64pickle-float-1.0=True]
(P) /home/travis/build/smarie/python-parsyfiles/parsyfiles/tests/combining_parsers_converters/test_data/b64pickle-float-1.0=True.txt -&gt; bool ------- using $&lt;read_str_from_txt&gt; =&gt; &lt;str_to_bool&gt;$
  !! Caught error during execution !!
  File &quot;/home/travis/build/smarie/python-parsyfiles/parsyfiles/converting_core.py&quot;, line 524, in _convert
    return self.conversion_method(desired_type, source_obj, logger, **opts)
  File &quot;/home/travis/build/smarie/python-parsyfiles/parsyfiles/plugins_base/support_for_primitive_types.py&quot;, line 84, in primitive_to_bool
    return bool(strtobool(source))
  File &quot;/opt/python/3.5.5/lib/python3.5/distutils/util.py&quot;, line 317, in strtobool
    raise ValueError(&quot;invalid truth value %r&quot; % (val,))
  ParsingException : Error while parsing /home/travis/build/smarie/python-parsyfiles/parsyfiles/tests/combining_parsers_converters/test_data/b64pickle-float-1.0=True (singlefile, .txt) as a bool with parser &apos;$&lt;read_str_from_txt&gt; =&gt; &lt;str_to_bool&gt;$&apos; using options=({&apos;MultifileCollectionParser&apos;: {&apos;lazy_parsing&apos;: False}}) : caught 
  ValueError : invalid truth value &apos;ganhp/aaaaaaaaau&apos;
Rebuilding local parsing plan with next candidate parser: $&lt;read_str_from_txt&gt; =&gt; &lt;base64_ascii_str_pickle_to_object&gt; -&gt; &lt;float_to_bool&gt;$
(B)                                                                                                  |--b64pickle-float-1.0=True.txt -&gt; bool ------- using $&lt;read_str_from_txt&gt; =&gt; &lt;base64_ascii_str_pickle_to_object&gt; -&gt; &lt;float_to_bool&gt;$
DONE Rebuilding local parsing plan for [/home/travis/build/smarie/python-parsyfiles/parsyfiles/tests/combining_parsers_converters/test_data/b64pickle-float-1.0=True.txt]. Resuming parsing...
Executing Parsing Plan for [/home/travis/build/smarie/python-parsyfiles/parsyfiles/tests/combining_parsers_converters/test_data/b64pickle-float-1.0=True]
(P) /home/travis/build/smarie/python-parsyfiles/parsyfiles/tests/combining_parsers_converters/test_data/b64pickle-float-1.0=True.txt -&gt; bool ------- using $&lt;read_str_from_txt&gt; =&gt; &lt;base64_ascii_str_pickle_to_object&gt; -&gt; &lt;float_to_bool&gt;$
(P)                                                                                                  |--b64pickle-float-1.0=True.txt -&gt; bool SUCCESS !
Completed parsing successfully

**** Starting to parse single object of type &lt;bool&gt; at location /home/travis/build/smarie/python-parsyfiles/parsyfiles/tests/combining_parsers_converters/test_data/b64pickle-float-1.0=True ****
Checking all files under [/home/travis/build/smarie/python-parsyfiles/parsyfiles/tests/combining_parsers_converters/test_data/b64pickle-float-1.0=True]
(C) /home/travis/build/smarie/python-parsyfiles/parsyfiles/tests/combining_parsers_converters/test_data/b64pickle-float-1.0=True (singlefile, .txt)
File checks done

Building a parsing plan to parse [/home/travis/build/smarie/python-parsyfiles/parsyfiles/tests/combining_parsers_converters/test_data/b64pickle-float-1.0=True] into a bool
(B) /home/travis/build/smarie/python-parsyfiles/parsyfiles/tests/combining_parsers_converters/test_data/b64pickle-float-1.0=True.txt -&gt; bool ------- using [Try &apos;$&lt;read_str_from_txt&gt; =&gt; &lt;str_to_bool&gt;$&apos; then &apos;$&lt;read_str_from_txt&gt; =&gt; &lt;base64_ascii_str_pickle_to_object&gt; -&gt; &lt;float_to_bool&gt;$&apos; then &apos;$&lt;read_str_from_txt&gt; =&gt; &lt;base64_ascii_str_pickle_to_object&gt; -&gt; &lt;int_to_bool&gt;$&apos; then &apos;$&lt;read_str_from_txt&gt; =&gt; &lt;base64_ascii_str_pickle_to_object&gt; -&gt; &lt;str_to_bool&gt;$&apos; then &apos;$&lt;read_str_from_txt&gt; =&gt; &lt;base64_ascii_str_pickle_to_object&gt;$]&apos;]
(B)                                                                                                  |--b64pickle-float-1.0=True.txt -&gt; bool ------- using $&lt;read_str_from_txt&gt; =&gt; &lt;str_to_bool&gt;$
Parsing Plan created successfully

Executing Parsing Plan for [/home/travis/build/smarie/python-parsyfiles/parsyfiles/tests/combining_parsers_converters/test_data/b64pickle-float-1.0=True]
(P) /home/travis/build/smarie/python-parsyfiles/parsyfiles/tests/combining_parsers_converters/test_data/b64pickle-float-1.0=True.txt -&gt; bool ------- using $&lt;read_str_from_txt&gt; =&gt; &lt;str_to_bool&gt;$
  !! Caught error during execution !!
  File &quot;/home/travis/build/smarie/python-parsyfiles/parsyfiles/converting_core.py&quot;, line 524, in _convert
    return self.conversion_method(desired_type, source_obj, logger, **opts)
  File &quot;/home/travis/build/smarie/python-parsyfiles/parsyfiles/plugins_base/support_for_primitive_types.py&quot;, line 84, in primitive_to_bool
    return bool(strtobool(source))
  File &quot;/opt/python/3.5.5/lib/python3.5/distutils/util.py&quot;, line 317, in strtobool
    raise ValueError(&quot;invalid truth value %r&quot; % (val,))
  ParsingException : Error while parsing /home/travis/build/smarie/python-parsyfiles/parsyfiles/tests/combining_parsers_converters/test_data/b64pickle-float-1.0=True (singlefile, .txt) as a bool with parser &apos;$&lt;read_str_from_txt&gt; =&gt; &lt;str_to_bool&gt;$&apos; using options=({&apos;MultifileCollectionParser&apos;: {&apos;lazy_parsing&apos;: False}}) : caught 
  ValueError : invalid truth value &apos;ganhp/aaaaaaaaau&apos;
Rebuilding local parsing plan with next candidate parser: $&lt;read_str_from_txt&gt; =&gt; &lt;base64_ascii_str_pickle_to_object&gt; -&gt; &lt;float_to_bool&gt;$
(B)                                                                                                  |--b64pickle-float-1.0=True.txt -&gt; bool ------- using $&lt;read_str_from_txt&gt; =&gt; &lt;base64_ascii_str_pickle_to_object&gt; -&gt; &lt;float_to_bool&gt;$
DONE Rebuilding local parsing plan for [/home/travis/build/smarie/python-parsyfiles/parsyfiles/tests/combining_parsers_converters/test_data/b64pickle-float-1.0=True.txt]. Resuming parsing...
Executing Parsing Plan for [/home/travis/build/smarie/python-parsyfiles/parsyfiles/tests/combining_parsers_converters/test_data/b64pickle-float-1.0=True]
(P) /home/travis/build/smarie/python-parsyfiles/parsyfiles/tests/combining_parsers_converters/test_data/b64pickle-float-1.0=True.txt -&gt; bool ------- using $&lt;read_str_from_txt&gt; =&gt; &lt;base64_ascii_str_pickle_to_object&gt; -&gt; &lt;float_to_bool&gt;$
(P)                                                                                                  |--b64pickle-float-1.0=True.txt -&gt; bool SUCCESS !
Completed parsing successfully

**** Starting to parse single object of type &lt;bool&gt; at location /home/travis/build/smarie/python-parsyfiles/parsyfiles/tests/combining_parsers_converters/test_data/b64pickle-float-1.0=True ****
Checking all files under [/home/travis/build/smarie/python-parsyfiles/parsyfiles/tests/combining_parsers_converters/test_data/b64pickle-float-1.0=True]
(C) /home/travis/build/smarie/python-parsyfiles/parsyfiles/tests/combining_parsers_converters/test_data/b64pickle-float-1.0=True (singlefile, .txt)
File checks done

Building a parsing plan to parse [/home/travis/build/smarie/python-parsyfiles/parsyfiles/tests/combining_parsers_converters/test_data/b64pickle-float-1.0=True] into a bool
(B) /home/travis/build/smarie/python-parsyfiles/parsyfiles/tests/combining_parsers_converters/test_data/b64pickle-float-1.0=True.txt -&gt; bool ------- using [Try &apos;$&lt;read_str_from_txt&gt; =&gt; &lt;str_to_bool&gt;$&apos; then &apos;$&lt;read_str_from_txt&gt; =&gt; &lt;base64_ascii_str_pickle_to_object&gt; -&gt; &lt;float_to_bool&gt;$&apos; then &apos;$&lt;read_str_from_txt&gt; =&gt; &lt;base64_ascii_str_pickle_to_object&gt; -&gt; &lt;int_to_bool&gt;$&apos; then &apos;$&lt;read_str_from_txt&gt; =&gt; &lt;base64_ascii_str_pickle_to_object&gt; -&gt; &lt;str_to_bool&gt;$&apos; then &apos;$&lt;read_str_from_txt&gt; =&gt; &lt;base64_ascii_str_pickle_to_object&gt;$]&apos;]
(B)                                                                                                  |--b64pickle-float-1.0=True.txt -&gt; bool ------- using $&lt;read_str_from_txt&gt; =&gt; &lt;str_to_bool&gt;$
Parsing Plan created successfully

Executing Parsing Plan for [/home/travis/build/smarie/python-parsyfiles/parsyfiles/tests/combining_parsers_converters/test_data/b64pickle-float-1.0=True]
(P) /home/travis/build/smarie/python-parsyfiles/parsyfiles/tests/combining_parsers_converters/test_data/b64pickle-float-1.0=True.txt -&gt; bool ------- using $&lt;read_str_from_txt&gt; =&gt; &lt;str_to_bool&gt;$
  !! Caught error during execution !!
  File &quot;/home/travis/build/smarie/python-parsyfiles/parsyfiles/converting_core.py&quot;, line 524, in _convert
    return self.conversion_method(desired_type, source_obj, logger, **opts)
  File &quot;/home/travis/build/smarie/python-parsyfiles/parsyfiles/plugins_base/support_for_primitive_types.py&quot;, line 84, in primitive_to_bool
    return bool(strtobool(source))
  File &quot;/opt/python/3.5.5/lib/python3.5/distutils/util.py&quot;, line 317, in strtobool
    raise ValueError(&quot;invalid truth value %r&quot; % (val,))
  ParsingException : Error while parsing /home/travis/build/smarie/python-parsyfiles/parsyfiles/tests/combining_parsers_converters/test_data/b64pickle-float-1.0=True (singlefile, .txt) as a bool with parser &apos;$&lt;read_str_from_txt&gt; =&gt; &lt;str_to_bool&gt;$&apos; using options=({&apos;MultifileCollectionParser&apos;: {&apos;lazy_parsing&apos;: False}}) : caught 
  ValueError : invalid truth value &apos;ganhp/aaaaaaaaau&apos;
Rebuilding local parsing plan with next candidate parser: $&lt;read_str_from_txt&gt; =&gt; &lt;base64_ascii_str_pickle_to_object&gt; -&gt; &lt;float_to_bool&gt;$
(B)                                                                                                  |--b64pickle-float-1.0=True.txt -&gt; bool ------- using $&lt;read_str_from_txt&gt; =&gt; &lt;base64_ascii_str_pickle_to_object&gt; -&gt; &lt;float_to_bool&gt;$
DONE Rebuilding local parsing plan for [/home/travis/build/smarie/python-parsyfiles/parsyfiles/tests/combining_parsers_converters/test_data/b64pickle-float-1.0=True.txt]. Resuming parsing...
Executing Parsing Plan for [/home/travis/build/smarie/python-parsyfiles/parsyfiles/tests/combining_parsers_converters/test_data/b64pickle-float-1.0=True]
(P) /home/travis/build/smarie/python-parsyfiles/parsyfiles/tests/combining_parsers_converters/test_data/b64pickle-float-1.0=True.txt -&gt; bool ------- using $&lt;read_str_from_txt&gt; =&gt; &lt;base64_ascii_str_pickle_to_object&gt; -&gt; &lt;float_to_bool&gt;$
(P)                                                                                                  |--b64pickle-float-1.0=True.txt -&gt; bool SUCCESS !
Completed parsing successfully

**** Starting to parse single object of type &lt;bool&gt; at location /home/travis/build/smarie/python-parsyfiles/parsyfiles/tests/combining_parsers_converters/test_data/b64pickle-float-1.0=True ****
Checking all files under [/home/travis/build/smarie/python-parsyfiles/parsyfiles/tests/combining_parsers_converters/test_data/b64pickle-float-1.0=True]
(C) /home/travis/build/smarie/python-parsyfiles/parsyfiles/tests/combining_parsers_converters/test_data/b64pickle-float-1.0=True (singlefile, .txt)
File checks done

Building a parsing plan to parse [/home/travis/build/smarie/python-parsyfiles/parsyfiles/tests/combining_parsers_converters/test_data/b64pickle-float-1.0=True] into a bool
(B) /home/travis/build/smarie/python-parsyfiles/parsyfiles/tests/combining_parsers_converters/test_data/b64pickle-float-1.0=True.txt -&gt; bool ------- using [Try &apos;$&lt;read_str_from_txt&gt; =&gt; &lt;str_to_bool&gt;$&apos; then &apos;$&lt;read_str_from_txt&gt; =&gt; &lt;base64_ascii_str_pickle_to_object&gt; -&gt; &lt;float_to_bool&gt;$&apos; then &apos;$&lt;read_str_from_txt&gt; =&gt; &lt;base64_ascii_str_pickle_to_object&gt; -&gt; &lt;int_to_bool&gt;$&apos; then &apos;$&lt;read_str_from_txt&gt; =&gt; &lt;base64_ascii_str_pickle_to_object&gt; -&gt; &lt;str_to_bool&gt;$&apos; then &apos;$&lt;read_str_from_txt&gt; =&gt; &lt;base64_ascii_str_pickle_to_object&gt;$]&apos;]
(B)                                                                                                  |--b64pickle-float-1.0=True.txt -&gt; bool ------- using $&lt;read_str_from_txt&gt; =&gt; &lt;str_to_bool&gt;$
Parsing Plan created successfully

Executing Parsing Plan for [/home/travis/build/smarie/python-parsyfiles/parsyfiles/tests/combining_parsers_converters/test_data/b64pickle-float-1.0=True]
(P) /home/travis/build/smarie/python-parsyfiles/parsyfiles/tests/combining_parsers_converters/test_data/b64pickle-float-1.0=True.txt -&gt; bool ------- using $&lt;read_str_from_txt&gt; =&gt; &lt;str_to_bool&gt;$
  !! Caught error during execution !!
  File &quot;/home/travis/build/smarie/python-parsyfiles/parsyfiles/converting_core.py&quot;, line 524, in _convert
    return self.conversion_method(desired_type, source_obj, logger, **opts)
  File &quot;/home/travis/build/smarie/python-parsyfiles/parsyfiles/plugins_base/support_for_primitive_types.py&quot;, line 84, in primitive_to_bool
    return bool(strtobool(source))
  File &quot;/opt/python/3.5.5/lib/python3.5/distutils/util.py&quot;, line 317, in strtobool
    raise ValueError(&quot;invalid truth value %r&quot; % (val,))
  ParsingException : Error while parsing /home/travis/build/smarie/python-parsyfiles/parsyfiles/tests/combining_parsers_converters/test_data/b64pickle-float-1.0=True (singlefile, .txt) as a bool with parser &apos;$&lt;read_str_from_txt&gt; =&gt; &lt;str_to_bool&gt;$&apos; using options=({&apos;MultifileCollectionParser&apos;: {&apos;lazy_parsing&apos;: False}}) : caught 
  ValueError : invalid truth value &apos;ganhp/aaaaaaaaau&apos;
Rebuilding local parsing plan with next candidate parser: $&lt;read_str_from_txt&gt; =&gt; &lt;base64_ascii_str_pickle_to_object&gt; -&gt; &lt;float_to_bool&gt;$
(B)                                                                                                  |--b64pickle-float-1.0=True.txt -&gt; bool ------- using $&lt;read_str_from_txt&gt; =&gt; &lt;base64_ascii_str_pickle_to_object&gt; -&gt; &lt;float_to_bool&gt;$
DONE Rebuilding local parsing plan for [/home/travis/build/smarie/python-parsyfiles/parsyfiles/tests/combining_parsers_converters/test_data/b64pickle-float-1.0=True.txt]. Resuming parsing...
Executing Parsing Plan for [/home/travis/build/smarie/python-parsyfiles/parsyfiles/tests/combining_parsers_converters/test_data/b64pickle-float-1.0=True]
(P) /home/travis/build/smarie/python-parsyfiles/parsyfiles/tests/combining_parsers_converters/test_data/b64pickle-float-1.0=True.txt -&gt; bool ------- using $&lt;read_str_from_txt&gt; =&gt; &lt;base64_ascii_str_pickle_to_object&gt; -&gt; &lt;float_to_bool&gt;$
(P)                                                                                                  |--b64pickle-float-1.0=True.txt -&gt; bool SUCCESS !
Completed parsing successfully

**** Starting to parse single object of type &lt;bool&gt; at location /home/travis/build/smarie/python-parsyfiles/parsyfiles/tests/combining_parsers_converters/test_data/b64pickle-float-1.0=True ****
Checking all files under [/home/travis/build/smarie/python-parsyfiles/parsyfiles/tests/combining_parsers_converters/test_data/b64pickle-float-1.0=True]
(C) /home/travis/build/smarie/python-parsyfiles/parsyfiles/tests/combining_parsers_converters/test_data/b64pickle-float-1.0=True (singlefile, .txt)
File checks done

Building a parsing plan to parse [/home/travis/build/smarie/python-parsyfiles/parsyfiles/tests/combining_parsers_converters/test_data/b64pickle-float-1.0=True] into a bool
(B) /home/travis/build/smarie/python-parsyfiles/parsyfiles/tests/combining_parsers_converters/test_data/b64pickle-float-1.0=True.txt -&gt; bool ------- using [Try &apos;$&lt;read_str_from_txt&gt; =&gt; &lt;str_to_bool&gt;$&apos; then &apos;$&lt;read_str_from_txt&gt; =&gt; &lt;base64_ascii_str_pickle_to_object&gt; -&gt; &lt;float_to_bool&gt;$&apos; then &apos;$&lt;read_str_from_txt&gt; =&gt; &lt;base64_ascii_str_pickle_to_object&gt; -&gt; &lt;int_to_bool&gt;$&apos; then &apos;$&lt;read_str_from_txt&gt; =&gt; &lt;base64_ascii_str_pickle_to_object&gt; -&gt; &lt;str_to_bool&gt;$&apos; then &apos;$&lt;read_str_from_txt&gt; =&gt; &lt;base64_ascii_str_pickle_to_object&gt;$]&apos;]
(B)                                                                                                  |--b64pickle-float-1.0=True.txt -&gt; bool ------- using $&lt;read_str_from_txt&gt; =&gt; &lt;str_to_bool&gt;$
Parsing Plan created successfully

Executing Parsing Plan for [/home/travis/build/smarie/python-parsyfiles/parsyfiles/tests/combining_parsers_converters/test_data/b64pickle-float-1.0=True]
(P) /home/travis/build/smarie/python-parsyfiles/parsyfiles/tests/combining_parsers_converters/test_data/b64pickle-float-1.0=True.txt -&gt; bool ------- using $&lt;read_str_from_txt&gt; =&gt; &lt;str_to_bool&gt;$
  !! Caught error during execution !!
  File &quot;/home/travis/build/smarie/python-parsyfiles/parsyfiles/converting_core.py&quot;, line 524, in _convert
    return self.conversion_method(desired_type, source_obj, logger, **opts)
  File &quot;/home/travis/build/smarie/python-parsyfiles/parsyfiles/plugins_base/support_for_primitive_types.py&quot;, line 84, in primitive_to_bool
    return bool(strtobool(source))
  File &quot;/opt/python/3.5.5/lib/python3.5/distutils/util.py&quot;, line 317, in strtobool
    raise ValueError(&quot;invalid truth value %r&quot; % (val,))
  ParsingException : Error while parsing /home/travis/build/smarie/python-parsyfiles/parsyfiles/tests/combining_parsers_converters/test_data/b64pickle-float-1.0=True (singlefile, .txt) as a bool with parser &apos;$&lt;read_str_from_txt&gt; =&gt; &lt;str_to_bool&gt;$&apos; using options=({&apos;MultifileCollectionParser&apos;: {&apos;lazy_parsing&apos;: False}}) : caught 
  ValueError : invalid truth value &apos;ganhp/aaaaaaaaau&apos;
Rebuilding local parsing plan with next candidate parser: $&lt;read_str_from_txt&gt; =&gt; &lt;base64_ascii_str_pickle_to_object&gt; -&gt; &lt;float_to_bool&gt;$
(B)                                                                                                  |--b64pickle-float-1.0=True.txt -&gt; bool ------- using $&lt;read_str_from_txt&gt; =&gt; &lt;base64_ascii_str_pickle_to_object&gt; -&gt; &lt;float_to_bool&gt;$
DONE Rebuilding local parsing plan for [/home/travis/build/smarie/python-parsyfiles/parsyfiles/tests/combining_parsers_converters/test_data/b64pickle-float-1.0=True.txt]. Resuming parsing...
Executing Parsing Plan for [/home/travis/build/smarie/python-parsyfiles/parsyfiles/tests/combining_parsers_converters/test_data/b64pickle-float-1.0=True]
(P) /home/travis/build/smarie/python-parsyfiles/parsyfiles/tests/combining_parsers_converters/test_data/b64pickle-float-1.0=True.txt -&gt; bool ------- using $&lt;read_str_from_txt&gt; =&gt; &lt;base64_ascii_str_pickle_to_object&gt; -&gt; &lt;float_to_bool&gt;$
(P)                                                                                                  |--b64pickle-float-1.0=True.txt -&gt; bool SUCCESS !
Completed parsing successfully

**** Starting to parse single object of type &lt;bool&gt; at location /home/travis/build/smarie/python-parsyfiles/parsyfiles/tests/combining_parsers_converters/test_data/b64pickle-float-1.0=True ****
Checking all files under [/home/travis/build/smarie/python-parsyfiles/parsyfiles/tests/combining_parsers_converters/test_data/b64pickle-float-1.0=True]
(C) /home/travis/build/smarie/python-parsyfiles/parsyfiles/tests/combining_parsers_converters/test_data/b64pickle-float-1.0=True (singlefile, .txt)
File checks done

Building a parsing plan to parse [/home/travis/build/smarie/python-parsyfiles/parsyfiles/tests/combining_parsers_converters/test_data/b64pickle-float-1.0=True] into a bool
(B) /home/travis/build/smarie/python-parsyfiles/parsyfiles/tests/combining_parsers_converters/test_data/b64pickle-float-1.0=True.txt -&gt; bool ------- using [Try &apos;$&lt;read_str_from_txt&gt; =&gt; &lt;str_to_bool&gt;$&apos; then &apos;$&lt;read_str_from_txt&gt; =&gt; &lt;base64_ascii_str_pickle_to_object&gt; -&gt; &lt;float_to_bool&gt;$&apos; then &apos;$&lt;read_str_from_txt&gt; =&gt; &lt;base64_ascii_str_pickle_to_object&gt; -&gt; &lt;int_to_bool&gt;$&apos; then &apos;$&lt;read_str_from_txt&gt; =&gt; &lt;base64_ascii_str_pickle_to_object&gt; -&gt; &lt;str_to_bool&gt;$&apos; then &apos;$&lt;read_str_from_txt&gt; =&gt; &lt;base64_ascii_str_pickle_to_object&gt;$]&apos;]
(B)                                                                                                  |--b64pickle-float-1.0=True.txt -&gt; bool ------- using $&lt;read_str_from_txt&gt; =&gt; &lt;str_to_bool&gt;$
Parsing Plan created successfully

Executing Parsing Plan for [/home/travis/build/smarie/python-parsyfiles/parsyfiles/tests/combining_parsers_converters/test_data/b64pickle-float-1.0=True]
(P) /home/travis/build/smarie/python-parsyfiles/parsyfiles/tests/combining_parsers_converters/test_data/b64pickle-float-1.0=True.txt -&gt; bool ------- using $&lt;read_str_from_txt&gt; =&gt; &lt;str_to_bool&gt;$
  !! Caught error during execution !!
  File &quot;/home/travis/build/smarie/python-parsyfiles/parsyfiles/converting_core.py&quot;, line 524, in _convert
    return self.conversion_method(desired_type, source_obj, logger, **opts)
  File &quot;/home/travis/build/smarie/python-parsyfiles/parsyfiles/plugins_base/support_for_primitive_types.py&quot;, line 84, in primitive_to_bool
    return bool(strtobool(source))
  File &quot;/opt/python/3.5.5/lib/python3.5/distutils/util.py&quot;, line 317, in strtobool
    raise ValueError(&quot;invalid truth value %r&quot; % (val,))
  ParsingException : Error while parsing /home/travis/build/smarie/python-parsyfiles/parsyfiles/tests/combining_parsers_converters/test_data/b64pickle-float-1.0=True (singlefile, .txt) as a bool with parser &apos;$&lt;read_str_from_txt&gt; =&gt; &lt;str_to_bool&gt;$&apos; using options=({&apos;MultifileCollectionParser&apos;: {&apos;lazy_parsing&apos;: False}}) : caught 
  ValueError : invalid truth value &apos;ganhp/aaaaaaaaau&apos;
Rebuilding local parsing plan with next candidate parser: $&lt;read_str_from_txt&gt; =&gt; &lt;base64_ascii_str_pickle_to_object&gt; -&gt; &lt;float_to_bool&gt;$
(B)                                                                                                  |--b64pickle-float-1.0=True.txt -&gt; bool ------- using $&lt;read_str_from_txt&gt; =&gt; &lt;base64_ascii_str_pickle_to_object&gt; -&gt; &lt;float_to_bool&gt;$
DONE Rebuilding local parsing plan for [/home/travis/build/smarie/python-parsyfiles/parsyfiles/tests/combining_parsers_converters/test_data/b64pickle-float-1.0=True.txt]. Resuming parsing...
Executing Parsing Plan for [/home/travis/build/smarie/python-parsyfiles/parsyfiles/tests/combining_parsers_converters/test_data/b64pickle-float-1.0=True]
(P) /home/travis/build/smarie/python-parsyfiles/parsyfiles/tests/combining_parsers_converters/test_data/b64pickle-float-1.0=True.txt -&gt; bool ------- using $&lt;read_str_from_txt&gt; =&gt; &lt;base64_ascii_str_pickle_to_object&gt; -&gt; &lt;float_to_bool&gt;$
(P)                                                                                                  |--b64pickle-float-1.0=True.txt -&gt; bool SUCCESS !
Completed parsing successfully

**** Starting to parse single object of type &lt;bool&gt; at location /home/travis/build/smarie/python-parsyfiles/parsyfiles/tests/combining_parsers_converters/test_data/b64pickle-float-1.0=True ****
Checking all files under [/home/travis/build/smarie/python-parsyfiles/parsyfiles/tests/combining_parsers_converters/test_data/b64pickle-float-1.0=True]
(C) /home/travis/build/smarie/python-parsyfiles/parsyfiles/tests/combining_parsers_converters/test_data/b64pickle-float-1.0=True (singlefile, .txt)
File checks done

Building a parsing plan to parse [/home/travis/build/smarie/python-parsyfiles/parsyfiles/tests/combining_parsers_converters/test_data/b64pickle-float-1.0=True] into a bool
(B) /home/travis/build/smarie/python-parsyfiles/parsyfiles/tests/combining_parsers_converters/test_data/b64pickle-float-1.0=True.txt -&gt; bool ------- using [Try &apos;$&lt;read_str_from_txt&gt; =&gt; &lt;str_to_bool&gt;$&apos; then &apos;$&lt;read_str_from_txt&gt; =&gt; &lt;base64_ascii_str_pickle_to_object&gt; -&gt; &lt;float_to_bool&gt;$&apos; then &apos;$&lt;read_str_from_txt&gt; =&gt; &lt;base64_ascii_str_pickle_to_object&gt; -&gt; &lt;int_to_bool&gt;$&apos; then &apos;$&lt;read_str_from_txt&gt; =&gt; &lt;base64_ascii_str_pickle_to_object&gt; -&gt; &lt;str_to_bool&gt;$&apos; then &apos;$&lt;read_str_from_txt&gt; =&gt; &lt;base64_ascii_str_pickle_to_object&gt;$]&apos;]
(B)                                                                                                  |--b64pickle-float-1.0=True.txt -&gt; bool ------- using $&lt;read_str_from_txt&gt; =&gt; &lt;str_to_bool&gt;$
Parsing Plan created successfully

Executing Parsing Plan for [/home/travis/build/smarie/python-parsyfiles/parsyfiles/tests/combining_parsers_converters/test_data/b64pickle-float-1.0=True]
(P) /home/travis/build/smarie/python-parsyfiles/parsyfiles/tests/combining_parsers_converters/test_data/b64pickle-float-1.0=True.txt -&gt; bool ------- using $&lt;read_str_from_txt&gt; =&gt; &lt;str_to_bool&gt;$
  !! Caught error during execution !!
  File &quot;/home/travis/build/smarie/python-parsyfiles/parsyfiles/converting_core.py&quot;, line 524, in _convert
    return self.conversion_method(desired_type, source_obj, logger, **opts)
  File &quot;/home/travis/build/smarie/python-parsyfiles/parsyfiles/plugins_base/support_for_primitive_types.py&quot;, line 84, in primitive_to_bool
    return bool(strtobool(source))
  File &quot;/opt/python/3.5.5/lib/python3.5/distutils/util.py&quot;, line 317, in strtobool
    raise ValueError(&quot;invalid truth value %r&quot; % (val,))
  ParsingException : Error while parsing /home/travis/build/smarie/python-parsyfiles/parsyfiles/tests/combining_parsers_converters/test_data/b64pickle-float-1.0=True (singlefile, .txt) as a bool with parser &apos;$&lt;read_str_from_txt&gt; =&gt; &lt;str_to_bool&gt;$&apos; using options=({&apos;MultifileCollectionParser&apos;: {&apos;lazy_parsing&apos;: False}}) : caught 
  ValueError : invalid truth value &apos;ganhp/aaaaaaaaau&apos;
Rebuilding local parsing plan with next candidate parser: $&lt;read_str_from_txt&gt; =&gt; &lt;base64_ascii_str_pickle_to_object&gt; -&gt; &lt;float_to_bool&gt;$
(B)                                                                                                  |--b64pickle-float-1.0=True.txt -&gt; bool ------- using $&lt;read_str_from_txt&gt; =&gt; &lt;base64_ascii_str_pickle_to_object&gt; -&gt; &lt;float_to_bool&gt;$
DONE Rebuilding local parsing plan for [/home/travis/build/smarie/python-parsyfiles/parsyfiles/tests/combining_parsers_converters/test_data/b64pickle-float-1.0=True.txt]. Resuming parsing...
Executing Parsing Plan for [/home/travis/build/smarie/python-parsyfiles/parsyfiles/tests/combining_parsers_converters/test_data/b64pickle-float-1.0=True]
(P) /home/travis/build/smarie/python-parsyfiles/parsyfiles/tests/combining_parsers_converters/test_data/b64pickle-float-1.0=True.txt -&gt; bool ------- using $&lt;read_str_from_txt&gt; =&gt; &lt;base64_ascii_str_pickle_to_object&gt; -&gt; &lt;float_to_bool&gt;$
(P)                                                                                                  |--b64pickle-float-1.0=True.txt -&gt; bool SUCCESS !
Completed parsing successfully

**** Starting to parse single object of type &lt;bool&gt; at location /home/travis/build/smarie/python-parsyfiles/parsyfiles/tests/combining_parsers_converters/test_data/b64pickle-float-1.0=True ****
Checking all files under [/home/travis/build/smarie/python-parsyfiles/parsyfiles/tests/combining_parsers_converters/test_data/b64pickle-float-1.0=True]
(C) /home/travis/build/smarie/python-parsyfiles/parsyfiles/tests/combining_parsers_converters/test_data/b64pickle-float-1.0=True (singlefile, .txt)
File checks done

Building a parsing plan to parse [/home/travis/build/smarie/python-parsyfiles/parsyfiles/tests/combining_parsers_converters/test_data/b64pickle-float-1.0=True] into a bool
(B) /home/travis/build/smarie/python-parsyfiles/parsyfiles/tests/combining_parsers_converters/test_data/b64pickle-float-1.0=True.txt -&gt; bool ------- using [Try &apos;$&lt;read_str_from_txt&gt; =&gt; &lt;str_to_bool&gt;$&apos; then &apos;$&lt;read_str_from_txt&gt; =&gt; &lt;base64_ascii_str_pickle_to_object&gt; -&gt; &lt;float_to_bool&gt;$&apos; then &apos;$&lt;read_str_from_txt&gt; =&gt; &lt;base64_ascii_str_pickle_to_object&gt; -&gt; &lt;int_to_bool&gt;$&apos; then &apos;$&lt;read_str_from_txt&gt; =&gt; &lt;base64_ascii_str_pickle_to_object&gt; -&gt; &lt;str_to_bool&gt;$&apos; then &apos;$&lt;read_str_from_txt&gt; =&gt; &lt;base64_ascii_str_pickle_to_object&gt;$]&apos;]
(B)                                                                                                  |--b64pickle-float-1.0=True.txt -&gt; bool ------- using $&lt;read_str_from_txt&gt; =&gt; &lt;str_to_bool&gt;$
Parsing Plan created successfully

Executing Parsing Plan for [/home/travis/build/smarie/python-parsyfiles/parsyfiles/tests/combining_parsers_converters/test_data/b64pickle-float-1.0=True]
(P) /home/travis/build/smarie/python-parsyfiles/parsyfiles/tests/combining_parsers_converters/test_data/b64pickle-float-1.0=True.txt -&gt; bool ------- using $&lt;read_str_from_txt&gt; =&gt; &lt;str_to_bool&gt;$
  !! Caught error during execution !!
  File &quot;/home/travis/build/smarie/python-parsyfiles/parsyfiles/converting_core.py&quot;, line 524, in _convert
    return self.conversion_method(desired_type, source_obj, logger, **opts)
  File &quot;/home/travis/build/smarie/python-parsyfiles/parsyfiles/plugins_base/support_for_primitive_types.py&quot;, line 84, in primitive_to_bool
    return bool(strtobool(source))
  File &quot;/opt/python/3.5.5/lib/python3.5/distutils/util.py&quot;, line 317, in strtobool
    raise ValueError(&quot;invalid truth value %r&quot; % (val,))
  ParsingException : Error while parsing /home/travis/build/smarie/python-parsyfiles/parsyfiles/tests/combining_parsers_converters/test_data/b64pickle-float-1.0=True (singlefile, .txt) as a bool with parser &apos;$&lt;read_str_from_txt&gt; =&gt; &lt;str_to_bool&gt;$&apos; using options=({&apos;MultifileCollectionParser&apos;: {&apos;lazy_parsing&apos;: False}}) : caught 
  ValueError : invalid truth value &apos;ganhp/aaaaaaaaau&apos;
Rebuilding local parsing plan with next candidate parser: $&lt;read_str_from_txt&gt; =&gt; &lt;base64_ascii_str_pickle_to_object&gt; -&gt; &lt;float_to_bool&gt;$
(B)                                                                                                  |--b64pickle-float-1.0=True.txt -&gt; bool ------- using $&lt;read_str_from_txt&gt; =&gt; &lt;base64_ascii_str_pickle_to_object&gt; -&gt; &lt;float_to_bool&gt;$
DONE Rebuilding local parsing plan for [/home/travis/build/smarie/python-parsyfiles/parsyfiles/tests/combining_parsers_converters/test_data/b64pickle-float-1.0=True.txt]. Resuming parsing...
Executing Parsing Plan for [/home/travis/build/smarie/python-parsyfiles/parsyfiles/tests/combining_parsers_converters/test_data/b64pickle-float-1.0=True]
(P) /home/travis/build/smarie/python-parsyfiles/parsyfiles/tests/combining_parsers_converters/test_data/b64pickle-float-1.0=True.txt -&gt; bool ------- using $&lt;read_str_from_txt&gt; =&gt; &lt;base64_ascii_str_pickle_to_object&gt; -&gt; &lt;float_to_bool&gt;$
(P)                                                                                                  |--b64pickle-float-1.0=True.txt -&gt; bool SUCCESS !
Completed parsing successfully

**** Starting to parse single object of type &lt;bool&gt; at location /home/travis/build/smarie/python-parsyfiles/parsyfiles/tests/combining_parsers_converters/test_data/b64pickle-float-1.0=True ****
Checking all files under [/home/travis/build/smarie/python-parsyfiles/parsyfiles/tests/combining_parsers_converters/test_data/b64pickle-float-1.0=True]
(C) /home/travis/build/smarie/python-parsyfiles/parsyfiles/tests/combining_parsers_converters/test_data/b64pickle-float-1.0=True (singlefile, .txt)
File checks done

Building a parsing plan to parse [/home/travis/build/smarie/python-parsyfiles/parsyfiles/tests/combining_parsers_converters/test_data/b64pickle-float-1.0=True] into a bool
(B) /home/travis/build/smarie/python-parsyfiles/parsyfiles/tests/combining_parsers_converters/test_data/b64pickle-float-1.0=True.txt -&gt; bool ------- using [Try &apos;$&lt;read_str_from_txt&gt; =&gt; &lt;str_to_bool&gt;$&apos; then &apos;$&lt;read_str_from_txt&gt; =&gt; &lt;base64_ascii_str_pickle_to_object&gt; -&gt; &lt;float_to_bool&gt;$&apos; then &apos;$&lt;read_str_from_txt&gt; =&gt; &lt;base64_ascii_str_pickle_to_object&gt; -&gt; &lt;int_to_bool&gt;$&apos; then &apos;$&lt;read_str_from_txt&gt; =&gt; &lt;base64_ascii_str_pickle_to_object&gt; -&gt; &lt;str_to_bool&gt;$&apos; then &apos;$&lt;read_str_from_txt&gt; =&gt; &lt;base64_ascii_str_pickle_to_object&gt;$]&apos;]
(B)                                                                                                  |--b64pickle-float-1.0=True.txt -&gt; bool ------- using $&lt;read_str_from_txt&gt; =&gt; &lt;str_to_bool&gt;$
Parsing Plan created successfully

Executing Parsing Plan for [/home/travis/build/smarie/python-parsyfiles/parsyfiles/tests/combining_parsers_converters/test_data/b64pickle-float-1.0=True]
(P) /home/travis/build/smarie/python-parsyfiles/parsyfiles/tests/combining_parsers_converters/test_data/b64pickle-float-1.0=True.txt -&gt; bool ------- using $&lt;read_str_from_txt&gt; =&gt; &lt;str_to_bool&gt;$
  !! Caught error during execution !!
  File &quot;/home/travis/build/smarie/python-parsyfiles/parsyfiles/converting_core.py&quot;, line 524, in _convert
    return self.conversion_method(desired_type, source_obj, logger, **opts)
  File &quot;/home/travis/build/smarie/python-parsyfiles/parsyfiles/plugins_base/support_for_primitive_types.py&quot;, line 84, in primitive_to_bool
    return bool(strtobool(source))
  File &quot;/opt/python/3.5.5/lib/python3.5/distutils/util.py&quot;, line 317, in strtobool
    raise ValueError(&quot;invalid truth value %r&quot; % (val,))
  ParsingException : Error while parsing /home/travis/build/smarie/python-parsyfiles/parsyfiles/tests/combining_parsers_converters/test_data/b64pickle-float-1.0=True (singlefile, .txt) as a bool with parser &apos;$&lt;read_str_from_txt&gt; =&gt; &lt;str_to_bool&gt;$&apos; using options=({&apos;MultifileCollectionParser&apos;: {&apos;lazy_parsing&apos;: False}}) : caught 
  ValueError : invalid truth value &apos;ganhp/aaaaaaaaau&apos;
Rebuilding local parsing plan with next candidate parser: $&lt;read_str_from_txt&gt; =&gt; &lt;base64_ascii_str_pickle_to_object&gt; -&gt; &lt;float_to_bool&gt;$
(B)                                                                                                  |--b64pickle-float-1.0=True.txt -&gt; bool ------- using $&lt;read_str_from_txt&gt; =&gt; &lt;base64_ascii_str_pickle_to_object&gt; -&gt; &lt;float_to_bool&gt;$
DONE Rebuilding local parsing plan for [/home/travis/build/smarie/python-parsyfiles/parsyfiles/tests/combining_parsers_converters/test_data/b64pickle-float-1.0=True.txt]. Resuming parsing...
Executing Parsing Plan for [/home/travis/build/smarie/python-parsyfiles/parsyfiles/tests/combining_parsers_converters/test_data/b64pickle-float-1.0=True]
(P) /home/travis/build/smarie/python-parsyfiles/parsyfiles/tests/combining_parsers_converters/test_data/b64pickle-float-1.0=True.txt -&gt; bool ------- using $&lt;read_str_from_txt&gt; =&gt; &lt;base64_ascii_str_pickle_to_object&gt; -&gt; &lt;float_to_bool&gt;$
(P)                                                                                                  |--b64pickle-float-1.0=True.txt -&gt; bool SUCCESS !
Completed parsing successfully

**** Starting to parse single object of type &lt;bool&gt; at location /home/travis/build/smarie/python-parsyfiles/parsyfiles/tests/combining_parsers_converters/test_data/b64pickle-float-1.0=True ****
Checking all files under [/home/travis/build/smarie/python-parsyfiles/parsyfiles/tests/combining_parsers_converters/test_data/b64pickle-float-1.0=True]
(C) /home/travis/build/smarie/python-parsyfiles/parsyfiles/tests/combining_parsers_converters/test_data/b64pickle-float-1.0=True (singlefile, .txt)
File checks done

Building a parsing plan to parse [/home/travis/build/smarie/python-parsyfiles/parsyfiles/tests/combining_parsers_converters/test_data/b64pickle-float-1.0=True] into a bool
(B) /home/travis/build/smarie/python-parsyfiles/parsyfiles/tests/combining_parsers_converters/test_data/b64pickle-float-1.0=True.txt -&gt; bool ------- using [Try &apos;$&lt;read_str_from_txt&gt; =&gt; &lt;str_to_bool&gt;$&apos; then &apos;$&lt;read_str_from_txt&gt; =&gt; &lt;base64_ascii_str_pickle_to_object&gt; -&gt; &lt;float_to_bool&gt;$&apos; then &apos;$&lt;read_str_from_txt&gt; =&gt; &lt;base64_ascii_str_pickle_to_object&gt; -&gt; &lt;int_to_bool&gt;$&apos; then &apos;$&lt;read_str_from_txt&gt; =&gt; &lt;base64_ascii_str_pickle_to_object&gt; -&gt; &lt;str_to_bool&gt;$&apos; then &apos;$&lt;read_str_from_txt&gt; =&gt; &lt;base64_ascii_str_pickle_to_object&gt;$]&apos;]
(B)                                                                                                  |--b64pickle-float-1.0=True.txt -&gt; bool ------- using $&lt;read_str_from_txt&gt; =&gt; &lt;str_to_bool&gt;$
Parsing Plan created successfully

Executing Parsing Plan for [/home/travis/build/smarie/python-parsyfiles/parsyfiles/tests/combining_parsers_converters/test_data/b64pickle-float-1.0=True]
(P) /home/travis/build/smarie/python-parsyfiles/parsyfiles/tests/combining_parsers_converters/test_data/b64pickle-float-1.0=True.txt -&gt; bool ------- using $&lt;read_str_from_txt&gt; =&gt; &lt;str_to_bool&gt;$
  !! Caught error during execution !!
  File &quot;/home/travis/build/smarie/python-parsyfiles/parsyfiles/converting_core.py&quot;, line 524, in _convert
    return self.conversion_method(desired_type, source_obj, logger, **opts)
  File &quot;/home/travis/build/smarie/python-parsyfiles/parsyfiles/plugins_base/support_for_primitive_types.py&quot;, line 84, in primitive_to_bool
    return bool(strtobool(source))
  File &quot;/opt/python/3.5.5/lib/python3.5/distutils/util.py&quot;, line 317, in strtobool
    raise ValueError(&quot;invalid truth value %r&quot; % (val,))
  ParsingException : Error while parsing /home/travis/build/smarie/python-parsyfiles/parsyfiles/tests/combining_parsers_converters/test_data/b64pickle-float-1.0=True (singlefile, .txt) as a bool with parser &apos;$&lt;read_str_from_txt&gt; =&gt; &lt;str_to_bool&gt;$&apos; using options=({&apos;MultifileCollectionParser&apos;: {&apos;lazy_parsing&apos;: False}}) : caught 
  ValueError : invalid truth value &apos;ganhp/aaaaaaaaau&apos;
Rebuilding local parsing plan with next candidate parser: $&lt;read_str_from_txt&gt; =&gt; &lt;base64_ascii_str_pickle_to_object&gt; -&gt; &lt;float_to_bool&gt;$
(B)                                                                                                  |--b64pickle-float-1.0=True.txt -&gt; bool ------- using $&lt;read_str_from_txt&gt; =&gt; &lt;base64_ascii_str_pickle_to_object&gt; -&gt; &lt;float_to_bool&gt;$
DONE Rebuilding local parsing plan for [/home/travis/build/smarie/python-parsyfiles/parsyfiles/tests/combining_parsers_converters/test_data/b64pickle-float-1.0=True.txt]. Resuming parsing...
Executing Parsing Plan for [/home/travis/build/smarie/python-parsyfiles/parsyfiles/tests/combining_parsers_converters/test_data/b64pickle-float-1.0=True]
(P) /home/travis/build/smarie/python-parsyfiles/parsyfiles/tests/combining_parsers_converters/test_data/b64pickle-float-1.0=True.txt -&gt; bool ------- using $&lt;read_str_from_txt&gt; =&gt; &lt;base64_ascii_str_pickle_to_object&gt; -&gt; &lt;float_to_bool&gt;$
(P)                                                                                                  |--b64pickle-float-1.0=True.txt -&gt; bool SUCCESS !
Completed parsing successfully

**** Starting to parse single object of type &lt;bool&gt; at location /home/travis/build/smarie/python-parsyfiles/parsyfiles/tests/combining_parsers_converters/test_data/b64pickle-float-1.0=True ****
Checking all files under [/home/travis/build/smarie/python-parsyfiles/parsyfiles/tests/combining_parsers_converters/test_data/b64pickle-float-1.0=True]
(C) /home/travis/build/smarie/python-parsyfiles/parsyfiles/tests/combining_parsers_converters/test_data/b64pickle-float-1.0=True (singlefile, .txt)
File checks done

Building a parsing plan to parse [/home/travis/build/smarie/python-parsyfiles/parsyfiles/tests/combining_parsers_converters/test_data/b64pickle-float-1.0=True] into a bool
(B) /home/travis/build/smarie/python-parsyfiles/parsyfiles/tests/combining_parsers_converters/test_data/b64pickle-float-1.0=True.txt -&gt; bool ------- using [Try &apos;$&lt;read_str_from_txt&gt; =&gt; &lt;str_to_bool&gt;$&apos; then &apos;$&lt;read_str_from_txt&gt; =&gt; &lt;base64_ascii_str_pickle_to_object&gt; -&gt; &lt;float_to_bool&gt;$&apos; then &apos;$&lt;read_str_from_txt&gt; =&gt; &lt;base64_ascii_str_pickle_to_object&gt; -&gt; &lt;int_to_bool&gt;$&apos; then &apos;$&lt;read_str_from_txt&gt; =&gt; &lt;base64_ascii_str_pickle_to_object&gt; -&gt; &lt;str_to_bool&gt;$&apos; then &apos;$&lt;read_str_from_txt&gt; =&gt; &lt;base64_ascii_str_pickle_to_object&gt;$]&apos;]
(B)                                                                                                  |--b64pickle-float-1.0=True.txt -&gt; bool ------- using $&lt;read_str_from_txt&gt; =&gt; &lt;str_to_bool&gt;$
Parsing Plan created successfully

Executing Parsing Plan for [/home/travis/build/smarie/python-parsyfiles/parsyfiles/tests/combining_parsers_converters/test_data/b64pickle-float-1.0=True]
(P) /home/travis/build/smarie/python-parsyfiles/parsyfiles/tests/combining_parsers_converters/test_data/b64pickle-float-1.0=True.txt -&gt; bool ------- using $&lt;read_str_from_txt&gt; =&gt; &lt;str_to_bool&gt;$
  !! Caught error during execution !!
  File &quot;/home/travis/build/smarie/python-parsyfiles/parsyfiles/converting_core.py&quot;, line 524, in _convert
    return self.conversion_method(desired_type, source_obj, logger, **opts)
  File &quot;/home/travis/build/smarie/python-parsyfiles/parsyfiles/plugins_base/support_for_primitive_types.py&quot;, line 84, in primitive_to_bool
    return bool(strtobool(source))
  File &quot;/opt/python/3.5.5/lib/python3.5/distutils/util.py&quot;, line 317, in strtobool
    raise ValueError(&quot;invalid truth value %r&quot; % (val,))
  ParsingException : Error while parsing /home/travis/build/smarie/python-parsyfiles/parsyfiles/tests/combining_parsers_converters/test_data/b64pickle-float-1.0=True (singlefile, .txt) as a bool with parser &apos;$&lt;read_str_from_txt&gt; =&gt; &lt;str_to_bool&gt;$&apos; using options=({&apos;MultifileCollectionParser&apos;: {&apos;lazy_parsing&apos;: False}}) : caught 
  ValueError : invalid truth value &apos;ganhp/aaaaaaaaau&apos;
Rebuilding local parsing plan with next candidate parser: $&lt;read_str_from_txt&gt; =&gt; &lt;base64_ascii_str_pickle_to_object&gt; -&gt; &lt;float_to_bool&gt;$
(B)                                                                                                  |--b64pickle-float-1.0=True.txt -&gt; bool ------- using $&lt;read_str_from_txt&gt; =&gt; &lt;base64_ascii_str_pickle_to_object&gt; -&gt; &lt;float_to_bool&gt;$
DONE Rebuilding local parsing plan for [/home/travis/build/smarie/python-parsyfiles/parsyfiles/tests/combining_parsers_converters/test_data/b64pickle-float-1.0=True.txt]. Resuming parsing...
Executing Parsing Plan for [/home/travis/build/smarie/python-parsyfiles/parsyfiles/tests/combining_parsers_converters/test_data/b64pickle-float-1.0=True]
(P) /home/travis/build/smarie/python-parsyfiles/parsyfiles/tests/combining_parsers_converters/test_data/b64pickle-float-1.0=True.txt -&gt; bool ------- using $&lt;read_str_from_txt&gt; =&gt; &lt;base64_ascii_str_pickle_to_object&gt; -&gt; &lt;float_to_bool&gt;$
(P)                                                                                                  |--b64pickle-float-1.0=True.txt -&gt; bool SUCCESS !
Completed parsing successfully

**** Starting to parse single object of type &lt;bool&gt; at location /home/travis/build/smarie/python-parsyfiles/parsyfiles/tests/combining_parsers_converters/test_data/b64pickle-float-1.0=True ****
Checking all files under [/home/travis/build/smarie/python-parsyfiles/parsyfiles/tests/combining_parsers_converters/test_data/b64pickle-float-1.0=True]
(C) /home/travis/build/smarie/python-parsyfiles/parsyfiles/tests/combining_parsers_converters/test_data/b64pickle-float-1.0=True (singlefile, .txt)
File checks done

Building a parsing plan to parse [/home/travis/build/smarie/python-parsyfiles/parsyfiles/tests/combining_parsers_converters/test_data/b64pickle-float-1.0=True] into a bool
(B) /home/travis/build/smarie/python-parsyfiles/parsyfiles/tests/combining_parsers_converters/test_data/b64pickle-float-1.0=True.txt -&gt; bool ------- using [Try &apos;$&lt;read_str_from_txt&gt; =&gt; &lt;str_to_bool&gt;$&apos; then &apos;$&lt;read_str_from_txt&gt; =&gt; &lt;base64_ascii_str_pickle_to_object&gt; -&gt; &lt;float_to_bool&gt;$&apos; then &apos;$&lt;read_str_from_txt&gt; =&gt; &lt;base64_ascii_str_pickle_to_object&gt; -&gt; &lt;int_to_bool&gt;$&apos; then &apos;$&lt;read_str_from_txt&gt; =&gt; &lt;base64_ascii_str_pickle_to_object&gt; -&gt; &lt;str_to_bool&gt;$&apos; then &apos;$&lt;read_str_from_txt&gt; =&gt; &lt;base64_ascii_str_pickle_to_object&gt;$]&apos;]
(B)                                                                                                  |--b64pickle-float-1.0=True.txt -&gt; bool ------- using $&lt;read_str_from_txt&gt; =&gt; &lt;str_to_bool&gt;$
Parsing Plan created successfully

Executing Parsing Plan for [/home/travis/build/smarie/python-parsyfiles/parsyfiles/tests/combining_parsers_converters/test_data/b64pickle-float-1.0=True]
(P) /home/travis/build/smarie/python-parsyfiles/parsyfiles/tests/combining_parsers_converters/test_data/b64pickle-float-1.0=True.txt -&gt; bool ------- using $&lt;read_str_from_txt&gt; =&gt; &lt;str_to_bool&gt;$
  !! Caught error during execution !!
  File &quot;/home/travis/build/smarie/python-parsyfiles/parsyfiles/converting_core.py&quot;, line 524, in _convert
    return self.conversion_method(desired_type, source_obj, logger, **opts)
  File &quot;/home/travis/build/smarie/python-parsyfiles/parsyfiles/plugins_base/support_for_primitive_types.py&quot;, line 84, in primitive_to_bool
    return bool(strtobool(source))
  File &quot;/opt/python/3.5.5/lib/python3.5/distutils/util.py&quot;, line 317, in strtobool
    raise ValueError(&quot;invalid truth value %r&quot; % (val,))
  ParsingException : Error while parsing /home/travis/build/smarie/python-parsyfiles/parsyfiles/tests/combining_parsers_converters/test_data/b64pickle-float-1.0=True (singlefile, .txt) as a bool with parser &apos;$&lt;read_str_from_txt&gt; =&gt; &lt;str_to_bool&gt;$&apos; using options=({&apos;MultifileCollectionParser&apos;: {&apos;lazy_parsing&apos;: False}}) : caught 
  ValueError : invalid truth value &apos;ganhp/aaaaaaaaau&apos;
Rebuilding local parsing plan with next candidate parser: $&lt;read_str_from_txt&gt; =&gt; &lt;base64_ascii_str_pickle_to_object&gt; -&gt; &lt;float_to_bool&gt;$
(B)                                                                                                  |--b64pickle-float-1.0=True.txt -&gt; bool ------- using $&lt;read_str_from_txt&gt; =&gt; &lt;base64_ascii_str_pickle_to_object&gt; -&gt; &lt;float_to_bool&gt;$
DONE Rebuilding local parsing plan for [/home/travis/build/smarie/python-parsyfiles/parsyfiles/tests/combining_parsers_converters/test_data/b64pickle-float-1.0=True.txt]. Resuming parsing...
Executing Parsing Plan for [/home/travis/build/smarie/python-parsyfiles/parsyfiles/tests/combining_parsers_converters/test_data/b64pickle-float-1.0=True]
(P) /home/travis/build/smarie/python-parsyfiles/parsyfiles/tests/combining_parsers_converters/test_data/b64pickle-float-1.0=True.txt -&gt; bool ------- using $&lt;read_str_from_txt&gt; =&gt; &lt;base64_ascii_str_pickle_to_object&gt; -&gt; &lt;float_to_bool&gt;$
(P)                                                                                                  |--b64pickle-float-1.0=True.txt -&gt; bool SUCCESS !
Completed parsing successfully

**** Starting to parse single object of type &lt;bool&gt; at location /home/travis/build/smarie/python-parsyfiles/parsyfiles/tests/combining_parsers_converters/test_data/b64pickle-float-1.0=True ****
Checking all files under [/home/travis/build/smarie/python-parsyfiles/parsyfiles/tests/combining_parsers_converters/test_data/b64pickle-float-1.0=True]
(C) /home/travis/build/smarie/python-parsyfiles/parsyfiles/tests/combining_parsers_converters/test_data/b64pickle-float-1.0=True (singlefile, .txt)
File checks done

Building a parsing plan to parse [/home/travis/build/smarie/python-parsyfiles/parsyfiles/tests/combining_parsers_converters/test_data/b64pickle-float-1.0=True] into a bool
(B) /home/travis/build/smarie/python-parsyfiles/parsyfiles/tests/combining_parsers_converters/test_data/b64pickle-float-1.0=True.txt -&gt; bool ------- using [Try &apos;$&lt;read_str_from_txt&gt; =&gt; &lt;str_to_bool&gt;$&apos; then &apos;$&lt;read_str_from_txt&gt; =&gt; &lt;base64_ascii_str_pickle_to_object&gt; -&gt; &lt;float_to_bool&gt;$&apos; then &apos;$&lt;read_str_from_txt&gt; =&gt; &lt;base64_ascii_str_pickle_to_object&gt; -&gt; &lt;int_to_bool&gt;$&apos; then &apos;$&lt;read_str_from_txt&gt; =&gt; &lt;base64_ascii_str_pickle_to_object&gt; -&gt; &lt;str_to_bool&gt;$&apos; then &apos;$&lt;read_str_from_txt&gt; =&gt; &lt;base64_ascii_str_pickle_to_object&gt;$]&apos;]
(B)                                                                                                  |--b64pickle-float-1.0=True.txt -&gt; bool ------- using $&lt;read_str_from_txt&gt; =&gt; &lt;str_to_bool&gt;$
Parsing Plan created successfully

Executing Parsing Plan for [/home/travis/build/smarie/python-parsyfiles/parsyfiles/tests/combining_parsers_converters/test_data/b64pickle-float-1.0=True]
(P) /home/travis/build/smarie/python-parsyfiles/parsyfiles/tests/combining_parsers_converters/test_data/b64pickle-float-1.0=True.txt -&gt; bool ------- using $&lt;read_str_from_txt&gt; =&gt; &lt;str_to_bool&gt;$
  !! Caught error during execution !!
  File &quot;/home/travis/build/smarie/python-parsyfiles/parsyfiles/converting_core.py&quot;, line 524, in _convert
    return self.conversion_method(desired_type, source_obj, logger, **opts)
  File &quot;/home/travis/build/smarie/python-parsyfiles/parsyfiles/plugins_base/support_for_primitive_types.py&quot;, line 84, in primitive_to_bool
    return bool(strtobool(source))
  File &quot;/opt/python/3.5.5/lib/python3.5/distutils/util.py&quot;, line 317, in strtobool
    raise ValueError(&quot;invalid truth value %r&quot; % (val,))
  ParsingException : Error while parsing /home/travis/build/smarie/python-parsyfiles/parsyfiles/tests/combining_parsers_converters/test_data/b64pickle-float-1.0=True (singlefile, .txt) as a bool with parser &apos;$&lt;read_str_from_txt&gt; =&gt; &lt;str_to_bool&gt;$&apos; using options=({&apos;MultifileCollectionParser&apos;: {&apos;lazy_parsing&apos;: False}}) : caught 
  ValueError : invalid truth value &apos;ganhp/aaaaaaaaau&apos;
Rebuilding local parsing plan with next candidate parser: $&lt;read_str_from_txt&gt; =&gt; &lt;base64_ascii_str_pickle_to_object&gt; -&gt; &lt;float_to_bool&gt;$
(B)                                                                                                  |--b64pickle-float-1.0=True.txt -&gt; bool ------- using $&lt;read_str_from_txt&gt; =&gt; &lt;base64_ascii_str_pickle_to_object&gt; -&gt; &lt;float_to_bool&gt;$
DONE Rebuilding local parsing plan for [/home/travis/build/smarie/python-parsyfiles/parsyfiles/tests/combining_parsers_converters/test_data/b64pickle-float-1.0=True.txt]. Resuming parsing...
Executing Parsing Plan for [/home/travis/build/smarie/python-parsyfiles/parsyfiles/tests/combining_parsers_converters/test_data/b64pickle-float-1.0=True]
(P) /home/travis/build/smarie/python-parsyfiles/parsyfiles/tests/combining_parsers_converters/test_data/b64pickle-float-1.0=True.txt -&gt; bool ------- using $&lt;read_str_from_txt&gt; =&gt; &lt;base64_ascii_str_pickle_to_object&gt; -&gt; &lt;float_to_bool&gt;$
(P)                                                                                                  |--b64pickle-float-1.0=True.txt -&gt; bool SUCCESS !
Completed parsing successfully

**** Starting to parse single object of type &lt;bool&gt; at location /home/travis/build/smarie/python-parsyfiles/parsyfiles/tests/combining_parsers_converters/test_data/b64pickle-float-1.0=True ****
Checking all files under [/home/travis/build/smarie/python-parsyfiles/parsyfiles/tests/combining_parsers_converters/test_data/b64pickle-float-1.0=True]
(C) /home/travis/build/smarie/python-parsyfiles/parsyfiles/tests/combining_parsers_converters/test_data/b64pickle-float-1.0=True (singlefile, .txt)
File checks done

Building a parsing plan to parse [/home/travis/build/smarie/python-parsyfiles/parsyfiles/tests/combining_parsers_converters/test_data/b64pickle-float-1.0=True] into a bool
(B) /home/travis/build/smarie/python-parsyfiles/parsyfiles/tests/combining_parsers_converters/test_data/b64pickle-float-1.0=True.txt -&gt; bool ------- using [Try &apos;$&lt;read_str_from_txt&gt; =&gt; &lt;str_to_bool&gt;$&apos; then &apos;$&lt;read_str_from_txt&gt; =&gt; &lt;base64_ascii_str_pickle_to_object&gt; -&gt; &lt;float_to_bool&gt;$&apos; then &apos;$&lt;read_str_from_txt&gt; =&gt; &lt;base64_ascii_str_pickle_to_object&gt; -&gt; &lt;int_to_bool&gt;$&apos; then &apos;$&lt;read_str_from_txt&gt; =&gt; &lt;base64_ascii_str_pickle_to_object&gt; -&gt; &lt;str_to_bool&gt;$&apos; then &apos;$&lt;read_str_from_txt&gt; =&gt; &lt;base64_ascii_str_pickle_to_object&gt;$]&apos;]
(B)                                                                                                  |--b64pickle-float-1.0=True.txt -&gt; bool ------- using $&lt;read_str_from_txt&gt; =&gt; &lt;str_to_bool&gt;$
Parsing Plan created successfully

Executing Parsing Plan for [/home/travis/build/smarie/python-parsyfiles/parsyfiles/tests/combining_parsers_converters/test_data/b64pickle-float-1.0=True]
(P) /home/travis/build/smarie/python-parsyfiles/parsyfiles/tests/combining_parsers_converters/test_data/b64pickle-float-1.0=True.txt -&gt; bool ------- using $&lt;read_str_from_txt&gt; =&gt; &lt;str_to_bool&gt;$
  !! Caught error during execution !!
  File &quot;/home/travis/build/smarie/python-parsyfiles/parsyfiles/converting_core.py&quot;, line 524, in _convert
    return self.conversion_method(desired_type, source_obj, logger, **opts)
  File &quot;/home/travis/build/smarie/python-parsyfiles/parsyfiles/plugins_base/support_for_primitive_types.py&quot;, line 84, in primitive_to_bool
    return bool(strtobool(source))
  File &quot;/opt/python/3.5.5/lib/python3.5/distutils/util.py&quot;, line 317, in strtobool
    raise ValueError(&quot;invalid truth value %r&quot; % (val,))
  ParsingException : Error while parsing /home/travis/build/smarie/python-parsyfiles/parsyfiles/tests/combining_parsers_converters/test_data/b64pickle-float-1.0=True (singlefile, .txt) as a bool with parser &apos;$&lt;read_str_from_txt&gt; =&gt; &lt;str_to_bool&gt;$&apos; using options=({&apos;MultifileCollectionParser&apos;: {&apos;lazy_parsing&apos;: False}}) : caught 
  ValueError : invalid truth value &apos;ganhp/aaaaaaaaau&apos;
Rebuilding local parsing plan with next candidate parser: $&lt;read_str_from_txt&gt; =&gt; &lt;base64_ascii_str_pickle_to_object&gt; -&gt; &lt;float_to_bool&gt;$
(B)                                                                                                  |--b64pickle-float-1.0=True.txt -&gt; bool ------- using $&lt;read_str_from_txt&gt; =&gt; &lt;base64_ascii_str_pickle_to_object&gt; -&gt; &lt;float_to_bool&gt;$
DONE Rebuilding local parsing plan for [/home/travis/build/smarie/python-parsyfiles/parsyfiles/tests/combining_parsers_converters/test_data/b64pickle-float-1.0=True.txt]. Resuming parsing...
Executing Parsing Plan for [/home/travis/build/smarie/python-parsyfiles/parsyfiles/tests/combining_parsers_converters/test_data/b64pickle-float-1.0=True]
(P) /home/travis/build/smarie/python-parsyfiles/parsyfiles/tests/combining_parsers_converters/test_data/b64pickle-float-1.0=True.txt -&gt; bool ------- using $&lt;read_str_from_txt&gt; =&gt; &lt;base64_ascii_str_pickle_to_object&gt; -&gt; &lt;float_to_bool&gt;$
(P)                                                                                                  |--b64pickle-float-1.0=True.txt -&gt; bool SUCCESS !
Completed parsing successfully

**** Starting to parse single object of type &lt;bool&gt; at location /home/travis/build/smarie/python-parsyfiles/parsyfiles/tests/combining_parsers_converters/test_data/b64pickle-float-1.0=True ****
Checking all files under [/home/travis/build/smarie/python-parsyfiles/parsyfiles/tests/combining_parsers_converters/test_data/b64pickle-float-1.0=True]
(C) /home/travis/build/smarie/python-parsyfiles/parsyfiles/tests/combining_parsers_converters/test_data/b64pickle-float-1.0=True (singlefile, .txt)
File checks done

Building a parsing plan to parse [/home/travis/build/smarie/python-parsyfiles/parsyfiles/tests/combining_parsers_converters/test_data/b64pickle-float-1.0=True] into a bool
(B) /home/travis/build/smarie/python-parsyfiles/parsyfiles/tests/combining_parsers_converters/test_data/b64pickle-float-1.0=True.txt -&gt; bool ------- using [Try &apos;$&lt;read_str_from_txt&gt; =&gt; &lt;str_to_bool&gt;$&apos; then &apos;$&lt;read_str_from_txt&gt; =&gt; &lt;base64_ascii_str_pickle_to_object&gt; -&gt; &lt;float_to_bool&gt;$&apos; then &apos;$&lt;read_str_from_txt&gt; =&gt; &lt;base64_ascii_str_pickle_to_object&gt; -&gt; &lt;int_to_bool&gt;$&apos; then &apos;$&lt;read_str_from_txt&gt; =&gt; &lt;base64_ascii_str_pickle_to_object&gt; -&gt; &lt;str_to_bool&gt;$&apos; then &apos;$&lt;read_str_from_txt&gt; =&gt; &lt;base64_ascii_str_pickle_to_object&gt;$]&apos;]
(B)                                                                                                  |--b64pickle-float-1.0=True.txt -&gt; bool ------- using $&lt;read_str_from_txt&gt; =&gt; &lt;str_to_bool&gt;$
Parsing Plan created successfully

Executing Parsing Plan for [/home/travis/build/smarie/python-parsyfiles/parsyfiles/tests/combining_parsers_converters/test_data/b64pickle-float-1.0=True]
(P) /home/travis/build/smarie/python-parsyfiles/parsyfiles/tests/combining_parsers_converters/test_data/b64pickle-float-1.0=True.txt -&gt; bool ------- using $&lt;read_str_from_txt&gt; =&gt; &lt;str_to_bool&gt;$
  !! Caught error during execution !!
  File &quot;/home/travis/build/smarie/python-parsyfiles/parsyfiles/converting_core.py&quot;, line 524, in _convert
    return self.conversion_method(desired_type, source_obj, logger, **opts)
  File &quot;/home/travis/build/smarie/python-parsyfiles/parsyfiles/plugins_base/support_for_primitive_types.py&quot;, line 84, in primitive_to_bool
    return bool(strtobool(source))
  File &quot;/opt/python/3.5.5/lib/python3.5/distutils/util.py&quot;, line 317, in strtobool
    raise ValueError(&quot;invalid truth value %r&quot; % (val,))
  ParsingException : Error while parsing /home/travis/build/smarie/python-parsyfiles/parsyfiles/tests/combining_parsers_converters/test_data/b64pickle-float-1.0=True (singlefile, .txt) as a bool with parser &apos;$&lt;read_str_from_txt&gt; =&gt; &lt;str_to_bool&gt;$&apos; using options=({&apos;MultifileCollectionParser&apos;: {&apos;lazy_parsing&apos;: False}}) : caught 
  ValueError : invalid truth value &apos;ganhp/aaaaaaaaau&apos;
Rebuilding local parsing plan with next candidate parser: $&lt;read_str_from_txt&gt; =&gt; &lt;base64_ascii_str_pickle_to_object&gt; -&gt; &lt;float_to_bool&gt;$
(B)                                                                                                  |--b64pickle-float-1.0=True.txt -&gt; bool ------- using $&lt;read_str_from_txt&gt; =&gt; &lt;base64_ascii_str_pickle_to_object&gt; -&gt; &lt;float_to_bool&gt;$
DONE Rebuilding local parsing plan for [/home/travis/build/smarie/python-parsyfiles/parsyfiles/tests/combining_parsers_converters/test_data/b64pickle-float-1.0=True.txt]. Resuming parsing...
Executing Parsing Plan for [/home/travis/build/smarie/python-parsyfiles/parsyfiles/tests/combining_parsers_converters/test_data/b64pickle-float-1.0=True]
(P) /home/travis/build/smarie/python-parsyfiles/parsyfiles/tests/combining_parsers_converters/test_data/b64pickle-float-1.0=True.txt -&gt; bool ------- using $&lt;read_str_from_txt&gt; =&gt; &lt;base64_ascii_str_pickle_to_object&gt; -&gt; &lt;float_to_bool&gt;$
(P)                                                                                                  |--b64pickle-float-1.0=True.txt -&gt; bool SUCCESS !
Completed parsing successfully

**** Starting to parse single object of type &lt;bool&gt; at location /home/travis/build/smarie/python-parsyfiles/parsyfiles/tests/combining_parsers_converters/test_data/b64pickle-float-1.0=True ****
Checking all files under [/home/travis/build/smarie/python-parsyfiles/parsyfiles/tests/combining_parsers_converters/test_data/b64pickle-float-1.0=True]
(C) /home/travis/build/smarie/python-parsyfiles/parsyfiles/tests/combining_parsers_converters/test_data/b64pickle-float-1.0=True (singlefile, .txt)
File checks done

Building a parsing plan to parse [/home/travis/build/smarie/python-parsyfiles/parsyfiles/tests/combining_parsers_converters/test_data/b64pickle-float-1.0=True] into a bool
(B) /home/travis/build/smarie/python-parsyfiles/parsyfiles/tests/combining_parsers_converters/test_data/b64pickle-float-1.0=True.txt -&gt; bool ------- using [Try &apos;$&lt;read_str_from_txt&gt; =&gt; &lt;str_to_bool&gt;$&apos; then &apos;$&lt;read_str_from_txt&gt; =&gt; &lt;base64_ascii_str_pickle_to_object&gt; -&gt; &lt;float_to_bool&gt;$&apos; then &apos;$&lt;read_str_from_txt&gt; =&gt; &lt;base64_ascii_str_pickle_to_object&gt; -&gt; &lt;int_to_bool&gt;$&apos; then &apos;$&lt;read_str_from_txt&gt; =&gt; &lt;base64_ascii_str_pickle_to_object&gt; -&gt; &lt;str_to_bool&gt;$&apos; then &apos;$&lt;read_str_from_txt&gt; =&gt; &lt;base64_ascii_str_pickle_to_object&gt;$]&apos;]
(B)                                                                                                  |--b64pickle-float-1.0=True.txt -&gt; bool ------- using $&lt;read_str_from_txt&gt; =&gt; &lt;str_to_bool&gt;$
Parsing Plan created successfully

Executing Parsing Plan for [/home/travis/build/smarie/python-parsyfiles/parsyfiles/tests/combining_parsers_converters/test_data/b64pickle-float-1.0=True]
(P) /home/travis/build/smarie/python-parsyfiles/parsyfiles/tests/combining_parsers_converters/test_data/b64pickle-float-1.0=True.txt -&gt; bool ------- using $&lt;read_str_from_txt&gt; =&gt; &lt;str_to_bool&gt;$
  !! Caught error during execution !!
  File &quot;/home/travis/build/smarie/python-parsyfiles/parsyfiles/converting_core.py&quot;, line 524, in _convert
    return self.conversion_method(desired_type, source_obj, logger, **opts)
  File &quot;/home/travis/build/smarie/python-parsyfiles/parsyfiles/plugins_base/support_for_primitive_types.py&quot;, line 84, in primitive_to_bool
    return bool(strtobool(source))
  File &quot;/opt/python/3.5.5/lib/python3.5/distutils/util.py&quot;, line 317, in strtobool
    raise ValueError(&quot;invalid truth value %r&quot; % (val,))
  ParsingException : Error while parsing /home/travis/build/smarie/python-parsyfiles/parsyfiles/tests/combining_parsers_converters/test_data/b64pickle-float-1.0=True (singlefile, .txt) as a bool with parser &apos;$&lt;read_str_from_txt&gt; =&gt; &lt;str_to_bool&gt;$&apos; using options=({&apos;MultifileCollectionParser&apos;: {&apos;lazy_parsing&apos;: False}}) : caught 
  ValueError : invalid truth value &apos;ganhp/aaaaaaaaau&apos;
Rebuilding local parsing plan with next candidate parser: $&lt;read_str_from_txt&gt; =&gt; &lt;base64_ascii_str_pickle_to_object&gt; -&gt; &lt;float_to_bool&gt;$
(B)                                                                                                  |--b64pickle-float-1.0=True.txt -&gt; bool ------- using $&lt;read_str_from_txt&gt; =&gt; &lt;base64_ascii_str_pickle_to_object&gt; -&gt; &lt;float_to_bool&gt;$
DONE Rebuilding local parsing plan for [/home/travis/build/smarie/python-parsyfiles/parsyfiles/tests/combining_parsers_converters/test_data/b64pickle-float-1.0=True.txt]. Resuming parsing...
Executing Parsing Plan for [/home/travis/build/smarie/python-parsyfiles/parsyfiles/tests/combining_parsers_converters/test_data/b64pickle-float-1.0=True]
(P) /home/travis/build/smarie/python-parsyfiles/parsyfiles/tests/combining_parsers_converters/test_data/b64pickle-float-1.0=True.txt -&gt; bool ------- using $&lt;read_str_from_txt&gt; =&gt; &lt;base64_ascii_str_pickle_to_object&gt; -&gt; &lt;float_to_bool&gt;$
(P)                                                                                                  |--b64pickle-float-1.0=True.txt -&gt; bool SUCCESS !
Completed parsing successfully

**** Starting to parse single object of type &lt;bool&gt; at location /home/travis/build/smarie/python-parsyfiles/parsyfiles/tests/combining_parsers_converters/test_data/b64pickle-float-1.0=True ****
Checking all files under [/home/travis/build/smarie/python-parsyfiles/parsyfiles/tests/combining_parsers_converters/test_data/b64pickle-float-1.0=True]
(C) /home/travis/build/smarie/python-parsyfiles/parsyfiles/tests/combining_parsers_converters/test_data/b64pickle-float-1.0=True (singlefile, .txt)
File checks done

Building a parsing plan to parse [/home/travis/build/smarie/python-parsyfiles/parsyfiles/tests/combining_parsers_converters/test_data/b64pickle-float-1.0=True] into a bool
(B) /home/travis/build/smarie/python-parsyfiles/parsyfiles/tests/combining_parsers_converters/test_data/b64pickle-float-1.0=True.txt -&gt; bool ------- using [Try &apos;$&lt;read_str_from_txt&gt; =&gt; &lt;str_to_bool&gt;$&apos; then &apos;$&lt;read_str_from_txt&gt; =&gt; &lt;base64_ascii_str_pickle_to_object&gt; -&gt; &lt;float_to_bool&gt;$&apos; then &apos;$&lt;read_str_from_txt&gt; =&gt; &lt;base64_ascii_str_pickle_to_object&gt; -&gt; &lt;int_to_bool&gt;$&apos; then &apos;$&lt;read_str_from_txt&gt; =&gt; &lt;base64_ascii_str_pickle_to_object&gt; -&gt; &lt;str_to_bool&gt;$&apos; then &apos;$&lt;read_str_from_txt&gt; =&gt; &lt;base64_ascii_str_pickle_to_object&gt;$]&apos;]
(B)                                                                                                  |--b64pickle-float-1.0=True.txt -&gt; bool ------- using $&lt;read_str_from_txt&gt; =&gt; &lt;str_to_bool&gt;$
Parsing Plan created successfully

Executing Parsing Plan for [/home/travis/build/smarie/python-parsyfiles/parsyfiles/tests/combining_parsers_converters/test_data/b64pickle-float-1.0=True]
(P) /home/travis/build/smarie/python-parsyfiles/parsyfiles/tests/combining_parsers_converters/test_data/b64pickle-float-1.0=True.txt -&gt; bool ------- using $&lt;read_str_from_txt&gt; =&gt; &lt;str_to_bool&gt;$
  !! Caught error during execution !!
  File &quot;/home/travis/build/smarie/python-parsyfiles/parsyfiles/converting_core.py&quot;, line 524, in _convert
    return self.conversion_method(desired_type, source_obj, logger, **opts)
  File &quot;/home/travis/build/smarie/python-parsyfiles/parsyfiles/plugins_base/support_for_primitive_types.py&quot;, line 84, in primitive_to_bool
    return bool(strtobool(source))
  File &quot;/opt/python/3.5.5/lib/python3.5/distutils/util.py&quot;, line 317, in strtobool
    raise ValueError(&quot;invalid truth value %r&quot; % (val,))
  ParsingException : Error while parsing /home/travis/build/smarie/python-parsyfiles/parsyfiles/tests/combining_parsers_converters/test_data/b64pickle-float-1.0=True (singlefile, .txt) as a bool with parser &apos;$&lt;read_str_from_txt&gt; =&gt; &lt;str_to_bool&gt;$&apos; using options=({&apos;MultifileCollectionParser&apos;: {&apos;lazy_parsing&apos;: False}}) : caught 
  ValueError : invalid truth value &apos;ganhp/aaaaaaaaau&apos;
Rebuilding local parsing plan with next candidate parser: $&lt;read_str_from_txt&gt; =&gt; &lt;base64_ascii_str_pickle_to_object&gt; -&gt; &lt;float_to_bool&gt;$
(B)                                                                                                  |--b64pickle-float-1.0=True.txt -&gt; bool ------- using $&lt;read_str_from_txt&gt; =&gt; &lt;base64_ascii_str_pickle_to_object&gt; -&gt; &lt;float_to_bool&gt;$
DONE Rebuilding local parsing plan for [/home/travis/build/smarie/python-parsyfiles/parsyfiles/tests/combining_parsers_converters/test_data/b64pickle-float-1.0=True.txt]. Resuming parsing...
Executing Parsing Plan for [/home/travis/build/smarie/python-parsyfiles/parsyfiles/tests/combining_parsers_converters/test_data/b64pickle-float-1.0=True]
(P) /home/travis/build/smarie/python-parsyfiles/parsyfiles/tests/combining_parsers_converters/test_data/b64pickle-float-1.0=True.txt -&gt; bool ------- using $&lt;read_str_from_txt&gt; =&gt; &lt;base64_ascii_str_pickle_to_object&gt; -&gt; &lt;float_to_bool&gt;$
(P)                                                                                                  |--b64pickle-float-1.0=True.txt -&gt; bool SUCCESS !
Completed parsing successfully

**** Starting to parse single object of type &lt;bool&gt; at location /home/travis/build/smarie/python-parsyfiles/parsyfiles/tests/combining_parsers_converters/test_data/b64pickle-float-1.0=True ****
Checking all files under [/home/travis/build/smarie/python-parsyfiles/parsyfiles/tests/combining_parsers_converters/test_data/b64pickle-float-1.0=True]
(C) /home/travis/build/smarie/python-parsyfiles/parsyfiles/tests/combining_parsers_converters/test_data/b64pickle-float-1.0=True (singlefile, .txt)
File checks done

Building a parsing plan to parse [/home/travis/build/smarie/python-parsyfiles/parsyfiles/tests/combining_parsers_converters/test_data/b64pickle-float-1.0=True] into a bool
(B) /home/travis/build/smarie/python-parsyfiles/parsyfiles/tests/combining_parsers_converters/test_data/b64pickle-float-1.0=True.txt -&gt; bool ------- using [Try &apos;$&lt;read_str_from_txt&gt; =&gt; &lt;str_to_bool&gt;$&apos; then &apos;$&lt;read_str_from_txt&gt; =&gt; &lt;base64_ascii_str_pickle_to_object&gt; -&gt; &lt;float_to_bool&gt;$&apos; then &apos;$&lt;read_str_from_txt&gt; =&gt; &lt;base64_ascii_str_pickle_to_object&gt; -&gt; &lt;int_to_bool&gt;$&apos; then &apos;$&lt;read_str_from_txt&gt; =&gt; &lt;base64_ascii_str_pickle_to_object&gt; -&gt; &lt;str_to_bool&gt;$&apos; then &apos;$&lt;read_str_from_txt&gt; =&gt; &lt;base64_ascii_str_pickle_to_object&gt;$]&apos;]
(B)                                                                                                  |--b64pickle-float-1.0=True.txt -&gt; bool ------- using $&lt;read_str_from_txt&gt; =&gt; &lt;str_to_bool&gt;$
Parsing Plan created successfully

Executing Parsing Plan for [/home/travis/build/smarie/python-parsyfiles/parsyfiles/tests/combining_parsers_converters/test_data/b64pickle-float-1.0=True]
(P) /home/travis/build/smarie/python-parsyfiles/parsyfiles/tests/combining_parsers_converters/test_data/b64pickle-float-1.0=True.txt -&gt; bool ------- using $&lt;read_str_from_txt&gt; =&gt; &lt;str_to_bool&gt;$
  !! Caught error during execution !!
  File &quot;/home/travis/build/smarie/python-parsyfiles/parsyfiles/converting_core.py&quot;, line 524, in _convert
    return self.conversion_method(desired_type, source_obj, logger, **opts)
  File &quot;/home/travis/build/smarie/python-parsyfiles/parsyfiles/plugins_base/support_for_primitive_types.py&quot;, line 84, in primitive_to_bool
    return bool(strtobool(source))
  File &quot;/opt/python/3.5.5/lib/python3.5/distutils/util.py&quot;, line 317, in strtobool
    raise ValueError(&quot;invalid truth value %r&quot; % (val,))
  ParsingException : Error while parsing /home/travis/build/smarie/python-parsyfiles/parsyfiles/tests/combining_parsers_converters/test_data/b64pickle-float-1.0=True (singlefile, .txt) as a bool with parser &apos;$&lt;read_str_from_txt&gt; =&gt; &lt;str_to_bool&gt;$&apos; using options=({&apos;MultifileCollectionParser&apos;: {&apos;lazy_parsing&apos;: False}}) : caught 
  ValueError : invalid truth value &apos;ganhp/aaaaaaaaau&apos;
Rebuilding local parsing plan with next candidate parser: $&lt;read_str_from_txt&gt; =&gt; &lt;base64_ascii_str_pickle_to_object&gt; -&gt; &lt;float_to_bool&gt;$
(B)                                                                                                  |--b64pickle-float-1.0=True.txt -&gt; bool ------- using $&lt;read_str_from_txt&gt; =&gt; &lt;base64_ascii_str_pickle_to_object&gt; -&gt; &lt;float_to_bool&gt;$
DONE Rebuilding local parsing plan for [/home/travis/build/smarie/python-parsyfiles/parsyfiles/tests/combining_parsers_converters/test_data/b64pickle-float-1.0=True.txt]. Resuming parsing...
Executing Parsing Plan for [/home/travis/build/smarie/python-parsyfiles/parsyfiles/tests/combining_parsers_converters/test_data/b64pickle-float-1.0=True]
(P) /home/travis/build/smarie/python-parsyfiles/parsyfiles/tests/combining_parsers_converters/test_data/b64pickle-float-1.0=True.txt -&gt; bool ------- using $&lt;read_str_from_txt&gt; =&gt; &lt;base64_ascii_str_pickle_to_object&gt; -&gt; &lt;float_to_bool&gt;$
(P)                                                                                                  |--b64pickle-float-1.0=True.txt -&gt; bool SUCCESS !
Completed parsing successfully

**** Starting to parse single object of type &lt;bool&gt; at location /home/travis/build/smarie/python-parsyfiles/parsyfiles/tests/combining_parsers_converters/test_data/b64pickle-float-1.0=True ****
Checking all files under [/home/travis/build/smarie/python-parsyfiles/parsyfiles/tests/combining_parsers_converters/test_data/b64pickle-float-1.0=True]
(C) /home/travis/build/smarie/python-parsyfiles/parsyfiles/tests/combining_parsers_converters/test_data/b64pickle-float-1.0=True (singlefile, .txt)
File checks done

Building a parsing plan to parse [/home/travis/build/smarie/python-parsyfiles/parsyfiles/tests/combining_parsers_converters/test_data/b64pickle-float-1.0=True] into a bool
(B) /home/travis/build/smarie/python-parsyfiles/parsyfiles/tests/combining_parsers_converters/test_data/b64pickle-float-1.0=True.txt -&gt; bool ------- using [Try &apos;$&lt;read_str_from_txt&gt; =&gt; &lt;str_to_bool&gt;$&apos; then &apos;$&lt;read_str_from_txt&gt; =&gt; &lt;base64_ascii_str_pickle_to_object&gt; -&gt; &lt;float_to_bool&gt;$&apos; then &apos;$&lt;read_str_from_txt&gt; =&gt; &lt;base64_ascii_str_pickle_to_object&gt; -&gt; &lt;int_to_bool&gt;$&apos; then &apos;$&lt;read_str_from_txt&gt; =&gt; &lt;base64_ascii_str_pickle_to_object&gt; -&gt; &lt;str_to_bool&gt;$&apos; then &apos;$&lt;read_str_from_txt&gt; =&gt; &lt;base64_ascii_str_pickle_to_object&gt;$]&apos;]
(B)                                                                                                  |--b64pickle-float-1.0=True.txt -&gt; bool ------- using $&lt;read_str_from_txt&gt; =&gt; &lt;str_to_bool&gt;$
Parsing Plan created successfully

Executing Parsing Plan for [/home/travis/build/smarie/python-parsyfiles/parsyfiles/tests/combining_parsers_converters/test_data/b64pickle-float-1.0=True]
(P) /home/travis/build/smarie/python-parsyfiles/parsyfiles/tests/combining_parsers_converters/test_data/b64pickle-float-1.0=True.txt -&gt; bool ------- using $&lt;read_str_from_txt&gt; =&gt; &lt;str_to_bool&gt;$
  !! Caught error during execution !!
  File &quot;/home/travis/build/smarie/python-parsyfiles/parsyfiles/converting_core.py&quot;, line 524, in _convert
    return self.conversion_method(desired_type, source_obj, logger, **opts)
  File &quot;/home/travis/build/smarie/python-parsyfiles/parsyfiles/plugins_base/support_for_primitive_types.py&quot;, line 84, in primitive_to_bool
    return bool(strtobool(source))
  File &quot;/opt/python/3.5.5/lib/python3.5/distutils/util.py&quot;, line 317, in strtobool
    raise ValueError(&quot;invalid truth value %r&quot; % (val,))
  ParsingException : Error while parsing /home/travis/build/smarie/python-parsyfiles/parsyfiles/tests/combining_parsers_converters/test_data/b64pickle-float-1.0=True (singlefile, .txt) as a bool with parser &apos;$&lt;read_str_from_txt&gt; =&gt; &lt;str_to_bool&gt;$&apos; using options=({&apos;MultifileCollectionParser&apos;: {&apos;lazy_parsing&apos;: False}}) : caught 
  ValueError : invalid truth value &apos;ganhp/aaaaaaaaau&apos;
Rebuilding local parsing plan with next candidate parser: $&lt;read_str_from_txt&gt; =&gt; &lt;base64_ascii_str_pickle_to_object&gt; -&gt; &lt;float_to_bool&gt;$
(B)                                                                                                  |--b64pickle-float-1.0=True.txt -&gt; bool ------- using $&lt;read_str_from_txt&gt; =&gt; &lt;base64_ascii_str_pickle_to_object&gt; -&gt; &lt;float_to_bool&gt;$
DONE Rebuilding local parsing plan for [/home/travis/build/smarie/python-parsyfiles/parsyfiles/tests/combining_parsers_converters/test_data/b64pickle-float-1.0=True.txt]. Resuming parsing...
Executing Parsing Plan for [/home/travis/build/smarie/python-parsyfiles/parsyfiles/tests/combining_parsers_converters/test_data/b64pickle-float-1.0=True]
(P) /home/travis/build/smarie/python-parsyfiles/parsyfiles/tests/combining_parsers_converters/test_data/b64pickle-float-1.0=True.txt -&gt; bool ------- using $&lt;read_str_from_txt&gt; =&gt; &lt;base64_ascii_str_pickle_to_object&gt; -&gt; &lt;float_to_bool&gt;$
(P)                                                                                                  |--b64pickle-float-1.0=True.txt -&gt; bool SUCCESS !
Completed parsing successfully

**** Starting to parse single object of type &lt;bool&gt; at location /home/travis/build/smarie/python-parsyfiles/parsyfiles/tests/combining_parsers_converters/test_data/b64pickle-float-1.0=True ****
Checking all files under [/home/travis/build/smarie/python-parsyfiles/parsyfiles/tests/combining_parsers_converters/test_data/b64pickle-float-1.0=True]
(C) /home/travis/build/smarie/python-parsyfiles/parsyfiles/tests/combining_parsers_converters/test_data/b64pickle-float-1.0=True (singlefile, .txt)
File checks done

Building a parsing plan to parse [/home/travis/build/smarie/python-parsyfiles/parsyfiles/tests/combining_parsers_converters/test_data/b64pickle-float-1.0=True] into a bool
(B) /home/travis/build/smarie/python-parsyfiles/parsyfiles/tests/combining_parsers_converters/test_data/b64pickle-float-1.0=True.txt -&gt; bool ------- using [Try &apos;$&lt;read_str_from_txt&gt; =&gt; &lt;str_to_bool&gt;$&apos; then &apos;$&lt;read_str_from_txt&gt; =&gt; &lt;base64_ascii_str_pickle_to_object&gt; -&gt; &lt;float_to_bool&gt;$&apos; then &apos;$&lt;read_str_from_txt&gt; =&gt; &lt;base64_ascii_str_pickle_to_object&gt; -&gt; &lt;int_to_bool&gt;$&apos; then &apos;$&lt;read_str_from_txt&gt; =&gt; &lt;base64_ascii_str_pickle_to_object&gt; -&gt; &lt;str_to_bool&gt;$&apos; then &apos;$&lt;read_str_from_txt&gt; =&gt; &lt;base64_ascii_str_pickle_to_object&gt;$]&apos;]
(B)                                                                                                  |--b64pickle-float-1.0=True.txt -&gt; bool ------- using $&lt;read_str_from_txt&gt; =&gt; &lt;str_to_bool&gt;$
Parsing Plan created successfully

Executing Parsing Plan for [/home/travis/build/smarie/python-parsyfiles/parsyfiles/tests/combining_parsers_converters/test_data/b64pickle-float-1.0=True]
(P) /home/travis/build/smarie/python-parsyfiles/parsyfiles/tests/combining_parsers_converters/test_data/b64pickle-float-1.0=True.txt -&gt; bool ------- using $&lt;read_str_from_txt&gt; =&gt; &lt;str_to_bool&gt;$
  !! Caught error during execution !!
  File &quot;/home/travis/build/smarie/python-parsyfiles/parsyfiles/converting_core.py&quot;, line 524, in _convert
    return self.conversion_method(desired_type, source_obj, logger, **opts)
  File &quot;/home/travis/build/smarie/python-parsyfiles/parsyfiles/plugins_base/support_for_primitive_types.py&quot;, line 84, in primitive_to_bool
    return bool(strtobool(source))
  File &quot;/opt/python/3.5.5/lib/python3.5/distutils/util.py&quot;, line 317, in strtobool
    raise ValueError(&quot;invalid truth value %r&quot; % (val,))
  ParsingException : Error while parsing /home/travis/build/smarie/python-parsyfiles/parsyfiles/tests/combining_parsers_converters/test_data/b64pickle-float-1.0=True (singlefile, .txt) as a bool with parser &apos;$&lt;read_str_from_txt&gt; =&gt; &lt;str_to_bool&gt;$&apos; using options=({&apos;MultifileCollectionParser&apos;: {&apos;lazy_parsing&apos;: False}}) : caught 
  ValueError : invalid truth value &apos;ganhp/aaaaaaaaau&apos;
Rebuilding local parsing plan with next candidate parser: $&lt;read_str_from_txt&gt; =&gt; &lt;base64_ascii_str_pickle_to_object&gt; -&gt; &lt;float_to_bool&gt;$
(B)                                                                                                  |--b64pickle-float-1.0=True.txt -&gt; bool ------- using $&lt;read_str_from_txt&gt; =&gt; &lt;base64_ascii_str_pickle_to_object&gt; -&gt; &lt;float_to_bool&gt;$
DONE Rebuilding local parsing plan for [/home/travis/build/smarie/python-parsyfiles/parsyfiles/tests/combining_parsers_converters/test_data/b64pickle-float-1.0=True.txt]. Resuming parsing...
Executing Parsing Plan for [/home/travis/build/smarie/python-parsyfiles/parsyfiles/tests/combining_parsers_converters/test_data/b64pickle-float-1.0=True]
(P) /home/travis/build/smarie/python-parsyfiles/parsyfiles/tests/combining_parsers_converters/test_data/b64pickle-float-1.0=True.txt -&gt; bool ------- using $&lt;read_str_from_txt&gt; =&gt; &lt;base64_ascii_str_pickle_to_object&gt; -&gt; &lt;float_to_bool&gt;$
(P)                                                                                                  |--b64pickle-float-1.0=True.txt -&gt; bool SUCCESS !
Completed parsing successfully

**** Starting to parse single object of type &lt;bool&gt; at location /home/travis/build/smarie/python-parsyfiles/parsyfiles/tests/combining_parsers_converters/test_data/b64pickle-float-1.0=True ****
Checking all files under [/home/travis/build/smarie/python-parsyfiles/parsyfiles/tests/combining_parsers_converters/test_data/b64pickle-float-1.0=True]
(C) /home/travis/build/smarie/python-parsyfiles/parsyfiles/tests/combining_parsers_converters/test_data/b64pickle-float-1.0=True (singlefile, .txt)
File checks done

Building a parsing plan to parse [/home/travis/build/smarie/python-parsyfiles/parsyfiles/tests/combining_parsers_converters/test_data/b64pickle-float-1.0=True] into a bool
(B) /home/travis/build/smarie/python-parsyfiles/parsyfiles/tests/combining_parsers_converters/test_data/b64pickle-float-1.0=True.txt -&gt; bool ------- using [Try &apos;$&lt;read_str_from_txt&gt; =&gt; &lt;str_to_bool&gt;$&apos; then &apos;$&lt;read_str_from_txt&gt; =&gt; &lt;base64_ascii_str_pickle_to_object&gt; -&gt; &lt;float_to_bool&gt;$&apos; then &apos;$&lt;read_str_from_txt&gt; =&gt; &lt;base64_ascii_str_pickle_to_object&gt; -&gt; &lt;int_to_bool&gt;$&apos; then &apos;$&lt;read_str_from_txt&gt; =&gt; &lt;base64_ascii_str_pickle_to_object&gt; -&gt; &lt;str_to_bool&gt;$&apos; then &apos;$&lt;read_str_from_txt&gt; =&gt; &lt;base64_ascii_str_pickle_to_object&gt;$]&apos;]
(B)                                                                                                  |--b64pickle-float-1.0=True.txt -&gt; bool ------- using $&lt;read_str_from_txt&gt; =&gt; &lt;str_to_bool&gt;$
Parsing Plan created successfully

Executing Parsing Plan for [/home/travis/build/smarie/python-parsyfiles/parsyfiles/tests/combining_parsers_converters/test_data/b64pickle-float-1.0=True]
(P) /home/travis/build/smarie/python-parsyfiles/parsyfiles/tests/combining_parsers_converters/test_data/b64pickle-float-1.0=True.txt -&gt; bool ------- using $&lt;read_str_from_txt&gt; =&gt; &lt;str_to_bool&gt;$
  !! Caught error during execution !!
  File &quot;/home/travis/build/smarie/python-parsyfiles/parsyfiles/converting_core.py&quot;, line 524, in _convert
    return self.conversion_method(desired_type, source_obj, logger, **opts)
  File &quot;/home/travis/build/smarie/python-parsyfiles/parsyfiles/plugins_base/support_for_primitive_types.py&quot;, line 84, in primitive_to_bool
    return bool(strtobool(source))
  File &quot;/opt/python/3.5.5/lib/python3.5/distutils/util.py&quot;, line 317, in strtobool
    raise ValueError(&quot;invalid truth value %r&quot; % (val,))
  ParsingException : Error while parsing /home/travis/build/smarie/python-parsyfiles/parsyfiles/tests/combining_parsers_converters/test_data/b64pickle-float-1.0=True (singlefile, .txt) as a bool with parser &apos;$&lt;read_str_from_txt&gt; =&gt; &lt;str_to_bool&gt;$&apos; using options=({&apos;MultifileCollectionParser&apos;: {&apos;lazy_parsing&apos;: False}}) : caught 
  ValueError : invalid truth value &apos;ganhp/aaaaaaaaau&apos;
Rebuilding local parsing plan with next candidate parser: $&lt;read_str_from_txt&gt; =&gt; &lt;base64_ascii_str_pickle_to_object&gt; -&gt; &lt;float_to_bool&gt;$
(B)                                                                                                  |--b64pickle-float-1.0=True.txt -&gt; bool ------- using $&lt;read_str_from_txt&gt; =&gt; &lt;base64_ascii_str_pickle_to_object&gt; -&gt; &lt;float_to_bool&gt;$
DONE Rebuilding local parsing plan for [/home/travis/build/smarie/python-parsyfiles/parsyfiles/tests/combining_parsers_converters/test_data/b64pickle-float-1.0=True.txt]. Resuming parsing...
Executing Parsing Plan for [/home/travis/build/smarie/python-parsyfiles/parsyfiles/tests/combining_parsers_converters/test_data/b64pickle-float-1.0=True]
(P) /home/travis/build/smarie/python-parsyfiles/parsyfiles/tests/combining_parsers_converters/test_data/b64pickle-float-1.0=True.txt -&gt; bool ------- using $&lt;read_str_from_txt&gt; =&gt; &lt;base64_ascii_str_pickle_to_object&gt; -&gt; &lt;float_to_bool&gt;$
(P)                                                                                                  |--b64pickle-float-1.0=True.txt -&gt; bool SUCCESS !
Completed parsing successfully

**** Starting to parse single object of type &lt;bool&gt; at location /home/travis/build/smarie/python-parsyfiles/parsyfiles/tests/combining_parsers_converters/test_data/b64pickle-float-1.0=True ****
Checking all files under [/home/travis/build/smarie/python-parsyfiles/parsyfiles/tests/combining_parsers_converters/test_data/b64pickle-float-1.0=True]
(C) /home/travis/build/smarie/python-parsyfiles/parsyfiles/tests/combining_parsers_converters/test_data/b64pickle-float-1.0=True (singlefile, .txt)
File checks done

Building a parsing plan to parse [/home/travis/build/smarie/python-parsyfiles/parsyfiles/tests/combining_parsers_converters/test_data/b64pickle-float-1.0=True] into a bool
(B) /home/travis/build/smarie/python-parsyfiles/parsyfiles/tests/combining_parsers_converters/test_data/b64pickle-float-1.0=True.txt -&gt; bool ------- using [Try &apos;$&lt;read_str_from_txt&gt; =&gt; &lt;str_to_bool&gt;$&apos; then &apos;$&lt;read_str_from_txt&gt; =&gt; &lt;base64_ascii_str_pickle_to_object&gt; -&gt; &lt;float_to_bool&gt;$&apos; then &apos;$&lt;read_str_from_txt&gt; =&gt; &lt;base64_ascii_str_pickle_to_object&gt; -&gt; &lt;int_to_bool&gt;$&apos; then &apos;$&lt;read_str_from_txt&gt; =&gt; &lt;base64_ascii_str_pickle_to_object&gt; -&gt; &lt;str_to_bool&gt;$&apos; then &apos;$&lt;read_str_from_txt&gt; =&gt; &lt;base64_ascii_str_pickle_to_object&gt;$]&apos;]
(B)                                                                                                  |--b64pickle-float-1.0=True.txt -&gt; bool ------- using $&lt;read_str_from_txt&gt; =&gt; &lt;str_to_bool&gt;$
Parsing Plan created successfully

Executing Parsing Plan for [/home/travis/build/smarie/python-parsyfiles/parsyfiles/tests/combining_parsers_converters/test_data/b64pickle-float-1.0=True]
(P) /home/travis/build/smarie/python-parsyfiles/parsyfiles/tests/combining_parsers_converters/test_data/b64pickle-float-1.0=True.txt -&gt; bool ------- using $&lt;read_str_from_txt&gt; =&gt; &lt;str_to_bool&gt;$
  !! Caught error during execution !!
  File &quot;/home/travis/build/smarie/python-parsyfiles/parsyfiles/converting_core.py&quot;, line 524, in _convert
    return self.conversion_method(desired_type, source_obj, logger, **opts)
  File &quot;/home/travis/build/smarie/python-parsyfiles/parsyfiles/plugins_base/support_for_primitive_types.py&quot;, line 84, in primitive_to_bool
    return bool(strtobool(source))
  File &quot;/opt/python/3.5.5/lib/python3.5/distutils/util.py&quot;, line 317, in strtobool
    raise ValueError(&quot;invalid truth value %r&quot; % (val,))
  ParsingException : Error while parsing /home/travis/build/smarie/python-parsyfiles/parsyfiles/tests/combining_parsers_converters/test_data/b64pickle-float-1.0=True (singlefile, .txt) as a bool with parser &apos;$&lt;read_str_from_txt&gt; =&gt; &lt;str_to_bool&gt;$&apos; using options=({&apos;MultifileCollectionParser&apos;: {&apos;lazy_parsing&apos;: False}}) : caught 
  ValueError : invalid truth value &apos;ganhp/aaaaaaaaau&apos;
Rebuilding local parsing plan with next candidate parser: $&lt;read_str_from_txt&gt; =&gt; &lt;base64_ascii_str_pickle_to_object&gt; -&gt; &lt;float_to_bool&gt;$
(B)                                                                                                  |--b64pickle-float-1.0=True.txt -&gt; bool ------- using $&lt;read_str_from_txt&gt; =&gt; &lt;base64_ascii_str_pickle_to_object&gt; -&gt; &lt;float_to_bool&gt;$
DONE Rebuilding local parsing plan for [/home/travis/build/smarie/python-parsyfiles/parsyfiles/tests/combining_parsers_converters/test_data/b64pickle-float-1.0=True.txt]. Resuming parsing...
Executing Parsing Plan for [/home/travis/build/smarie/python-parsyfiles/parsyfiles/tests/combining_parsers_converters/test_data/b64pickle-float-1.0=True]
(P) /home/travis/build/smarie/python-parsyfiles/parsyfiles/tests/combining_parsers_converters/test_data/b64pickle-float-1.0=True.txt -&gt; bool ------- using $&lt;read_str_from_txt&gt; =&gt; &lt;base64_ascii_str_pickle_to_object&gt; -&gt; &lt;float_to_bool&gt;$
(P)                                                                                                  |--b64pickle-float-1.0=True.txt -&gt; bool SUCCESS !
Completed parsing successfully

**** Starting to parse single object of type &lt;bool&gt; at location /home/travis/build/smarie/python-parsyfiles/parsyfiles/tests/combining_parsers_converters/test_data/b64pickle-float-1.0=True ****
Checking all files under [/home/travis/build/smarie/python-parsyfiles/parsyfiles/tests/combining_parsers_converters/test_data/b64pickle-float-1.0=True]
(C) /home/travis/build/smarie/python-parsyfiles/parsyfiles/tests/combining_parsers_converters/test_data/b64pickle-float-1.0=True (singlefile, .txt)
File checks done

Building a parsing plan to parse [/home/travis/build/smarie/python-parsyfiles/parsyfiles/tests/combining_parsers_converters/test_data/b64pickle-float-1.0=True] into a bool
(B) /home/travis/build/smarie/python-parsyfiles/parsyfiles/tests/combining_parsers_converters/test_data/b64pickle-float-1.0=True.txt -&gt; bool ------- using [Try &apos;$&lt;read_str_from_txt&gt; =&gt; &lt;str_to_bool&gt;$&apos; then &apos;$&lt;read_str_from_txt&gt; =&gt; &lt;base64_ascii_str_pickle_to_object&gt; -&gt; &lt;float_to_bool&gt;$&apos; then &apos;$&lt;read_str_from_txt&gt; =&gt; &lt;base64_ascii_str_pickle_to_object&gt; -&gt; &lt;int_to_bool&gt;$&apos; then &apos;$&lt;read_str_from_txt&gt; =&gt; &lt;base64_ascii_str_pickle_to_object&gt; -&gt; &lt;str_to_bool&gt;$&apos; then &apos;$&lt;read_str_from_txt&gt; =&gt; &lt;base64_ascii_str_pickle_to_object&gt;$]&apos;]
(B)                                                                                                  |--b64pickle-float-1.0=True.txt -&gt; bool ------- using $&lt;read_str_from_txt&gt; =&gt; &lt;str_to_bool&gt;$
Parsing Plan created successfully

Executing Parsing Plan for [/home/travis/build/smarie/python-parsyfiles/parsyfiles/tests/combining_parsers_converters/test_data/b64pickle-float-1.0=True]
(P) /home/travis/build/smarie/python-parsyfiles/parsyfiles/tests/combining_parsers_converters/test_data/b64pickle-float-1.0=True.txt -&gt; bool ------- using $&lt;read_str_from_txt&gt; =&gt; &lt;str_to_bool&gt;$
  !! Caught error during execution !!
  File &quot;/home/travis/build/smarie/python-parsyfiles/parsyfiles/converting_core.py&quot;, line 524, in _convert
    return self.conversion_method(desired_type, source_obj, logger, **opts)
  File &quot;/home/travis/build/smarie/python-parsyfiles/parsyfiles/plugins_base/support_for_primitive_types.py&quot;, line 84, in primitive_to_bool
    return bool(strtobool(source))
  File &quot;/opt/python/3.5.5/lib/python3.5/distutils/util.py&quot;, line 317, in strtobool
    raise ValueError(&quot;invalid truth value %r&quot; % (val,))
  ParsingException : Error while parsing /home/travis/build/smarie/python-parsyfiles/parsyfiles/tests/combining_parsers_converters/test_data/b64pickle-float-1.0=True (singlefile, .txt) as a bool with parser &apos;$&lt;read_str_from_txt&gt; =&gt; &lt;str_to_bool&gt;$&apos; using options=({&apos;MultifileCollectionParser&apos;: {&apos;lazy_parsing&apos;: False}}) : caught 
  ValueError : invalid truth value &apos;ganhp/aaaaaaaaau&apos;
Rebuilding local parsing plan with next candidate parser: $&lt;read_str_from_txt&gt; =&gt; &lt;base64_ascii_str_pickle_to_object&gt; -&gt; &lt;float_to_bool&gt;$
(B)                                                                                                  |--b64pickle-float-1.0=True.txt -&gt; bool ------- using $&lt;read_str_from_txt&gt; =&gt; &lt;base64_ascii_str_pickle_to_object&gt; -&gt; &lt;float_to_bool&gt;$
DONE Rebuilding local parsing plan for [/home/travis/build/smarie/python-parsyfiles/parsyfiles/tests/combining_parsers_converters/test_data/b64pickle-float-1.0=True.txt]. Resuming parsing...
Executing Parsing Plan for [/home/travis/build/smarie/python-parsyfiles/parsyfiles/tests/combining_parsers_converters/test_data/b64pickle-float-1.0=True]
(P) /home/travis/build/smarie/python-parsyfiles/parsyfiles/tests/combining_parsers_converters/test_data/b64pickle-float-1.0=True.txt -&gt; bool ------- using $&lt;read_str_from_txt&gt; =&gt; &lt;base64_ascii_str_pickle_to_object&gt; -&gt; &lt;float_to_bool&gt;$
(P)                                                                                                  |--b64pickle-float-1.0=True.txt -&gt; bool SUCCESS !
Completed parsing successfully

**** Starting to parse single object of type &lt;bool&gt; at location /home/travis/build/smarie/python-parsyfiles/parsyfiles/tests/combining_parsers_converters/test_data/b64pickle-float-1.0=True ****
Checking all files under [/home/travis/build/smarie/python-parsyfiles/parsyfiles/tests/combining_parsers_converters/test_data/b64pickle-float-1.0=True]
(C) /home/travis/build/smarie/python-parsyfiles/parsyfiles/tests/combining_parsers_converters/test_data/b64pickle-float-1.0=True (singlefile, .txt)
File checks done

Building a parsing plan to parse [/home/travis/build/smarie/python-parsyfiles/parsyfiles/tests/combining_parsers_converters/test_data/b64pickle-float-1.0=True] into a bool
(B) /home/travis/build/smarie/python-parsyfiles/parsyfiles/tests/combining_parsers_converters/test_data/b64pickle-float-1.0=True.txt -&gt; bool ------- using [Try &apos;$&lt;read_str_from_txt&gt; =&gt; &lt;str_to_bool&gt;$&apos; then &apos;$&lt;read_str_from_txt&gt; =&gt; &lt;base64_ascii_str_pickle_to_object&gt; -&gt; &lt;float_to_bool&gt;$&apos; then &apos;$&lt;read_str_from_txt&gt; =&gt; &lt;base64_ascii_str_pickle_to_object&gt; -&gt; &lt;int_to_bool&gt;$&apos; then &apos;$&lt;read_str_from_txt&gt; =&gt; &lt;base64_ascii_str_pickle_to_object&gt; -&gt; &lt;str_to_bool&gt;$&apos; then &apos;$&lt;read_str_from_txt&gt; =&gt; &lt;base64_ascii_str_pickle_to_object&gt;$]&apos;]
(B)                                                                                                  |--b64pickle-float-1.0=True.txt -&gt; bool ------- using $&lt;read_str_from_txt&gt; =&gt; &lt;str_to_bool&gt;$
Parsing Plan created successfully

Executing Parsing Plan for [/home/travis/build/smarie/python-parsyfiles/parsyfiles/tests/combining_parsers_converters/test_data/b64pickle-float-1.0=True]
(P) /home/travis/build/smarie/python-parsyfiles/parsyfiles/tests/combining_parsers_converters/test_data/b64pickle-float-1.0=True.txt -&gt; bool ------- using $&lt;read_str_from_txt&gt; =&gt; &lt;str_to_bool&gt;$
  !! Caught error during execution !!
  File &quot;/home/travis/build/smarie/python-parsyfiles/parsyfiles/converting_core.py&quot;, line 524, in _convert
    return self.conversion_method(desired_type, source_obj, logger, **opts)
  File &quot;/home/travis/build/smarie/python-parsyfiles/parsyfiles/plugins_base/support_for_primitive_types.py&quot;, line 84, in primitive_to_bool
    return bool(strtobool(source))
  File &quot;/opt/python/3.5.5/lib/python3.5/distutils/util.py&quot;, line 317, in strtobool
    raise ValueError(&quot;invalid truth value %r&quot; % (val,))
  ParsingException : Error while parsing /home/travis/build/smarie/python-parsyfiles/parsyfiles/tests/combining_parsers_converters/test_data/b64pickle-float-1.0=True (singlefile, .txt) as a bool with parser &apos;$&lt;read_str_from_txt&gt; =&gt; &lt;str_to_bool&gt;$&apos; using options=({&apos;MultifileCollectionParser&apos;: {&apos;lazy_parsing&apos;: False}}) : caught 
  ValueError : invalid truth value &apos;ganhp/aaaaaaaaau&apos;
Rebuilding local parsing plan with next candidate parser: $&lt;read_str_from_txt&gt; =&gt; &lt;base64_ascii_str_pickle_to_object&gt; -&gt; &lt;float_to_bool&gt;$
(B)                                                                                                  |--b64pickle-float-1.0=True.txt -&gt; bool ------- using $&lt;read_str_from_txt&gt; =&gt; &lt;base64_ascii_str_pickle_to_object&gt; -&gt; &lt;float_to_bool&gt;$
DONE Rebuilding local parsing plan for [/home/travis/build/smarie/python-parsyfiles/parsyfiles/tests/combining_parsers_converters/test_data/b64pickle-float-1.0=True.txt]. Resuming parsing...
Executing Parsing Plan for [/home/travis/build/smarie/python-parsyfiles/parsyfiles/tests/combining_parsers_converters/test_data/b64pickle-float-1.0=True]
(P) /home/travis/build/smarie/python-parsyfiles/parsyfiles/tests/combining_parsers_converters/test_data/b64pickle-float-1.0=True.txt -&gt; bool ------- using $&lt;read_str_from_txt&gt; =&gt; &lt;base64_ascii_str_pickle_to_object&gt; -&gt; &lt;float_to_bool&gt;$
(P)                                                                                                  |--b64pickle-float-1.0=True.txt -&gt; bool SUCCESS !
Completed parsing successfully

**** Starting to parse single object of type &lt;bool&gt; at location /home/travis/build/smarie/python-parsyfiles/parsyfiles/tests/combining_parsers_converters/test_data/b64pickle-float-1.0=True ****
Checking all files under [/home/travis/build/smarie/python-parsyfiles/parsyfiles/tests/combining_parsers_converters/test_data/b64pickle-float-1.0=True]
(C) /home/travis/build/smarie/python-parsyfiles/parsyfiles/tests/combining_parsers_converters/test_data/b64pickle-float-1.0=True (singlefile, .txt)
File checks done

Building a parsing plan to parse [/home/travis/build/smarie/python-parsyfiles/parsyfiles/tests/combining_parsers_converters/test_data/b64pickle-float-1.0=True] into a bool
(B) /home/travis/build/smarie/python-parsyfiles/parsyfiles/tests/combining_parsers_converters/test_data/b64pickle-float-1.0=True.txt -&gt; bool ------- using [Try &apos;$&lt;read_str_from_txt&gt; =&gt; &lt;str_to_bool&gt;$&apos; then &apos;$&lt;read_str_from_txt&gt; =&gt; &lt;base64_ascii_str_pickle_to_object&gt; -&gt; &lt;float_to_bool&gt;$&apos; then &apos;$&lt;read_str_from_txt&gt; =&gt; &lt;base64_ascii_str_pickle_to_object&gt; -&gt; &lt;int_to_bool&gt;$&apos; then &apos;$&lt;read_str_from_txt&gt; =&gt; &lt;base64_ascii_str_pickle_to_object&gt; -&gt; &lt;str_to_bool&gt;$&apos; then &apos;$&lt;read_str_from_txt&gt; =&gt; &lt;base64_ascii_str_pickle_to_object&gt;$]&apos;]
(B)                                                                                                  |--b64pickle-float-1.0=True.txt -&gt; bool ------- using $&lt;read_str_from_txt&gt; =&gt; &lt;str_to_bool&gt;$
Parsing Plan created successfully

Executing Parsing Plan for [/home/travis/build/smarie/python-parsyfiles/parsyfiles/tests/combining_parsers_converters/test_data/b64pickle-float-1.0=True]
(P) /home/travis/build/smarie/python-parsyfiles/parsyfiles/tests/combining_parsers_converters/test_data/b64pickle-float-1.0=True.txt -&gt; bool ------- using $&lt;read_str_from_txt&gt; =&gt; &lt;str_to_bool&gt;$
  !! Caught error during execution !!
  File &quot;/home/travis/build/smarie/python-parsyfiles/parsyfiles/converting_core.py&quot;, line 524, in _convert
    return self.conversion_method(desired_type, source_obj, logger, **opts)
  File &quot;/home/travis/build/smarie/python-parsyfiles/parsyfiles/plugins_base/support_for_primitive_types.py&quot;, line 84, in primitive_to_bool
    return bool(strtobool(source))
  File &quot;/opt/python/3.5.5/lib/python3.5/distutils/util.py&quot;, line 317, in strtobool
    raise ValueError(&quot;invalid truth value %r&quot; % (val,))
  ParsingException : Error while parsing /home/travis/build/smarie/python-parsyfiles/parsyfiles/tests/combining_parsers_converters/test_data/b64pickle-float-1.0=True (singlefile, .txt) as a bool with parser &apos;$&lt;read_str_from_txt&gt; =&gt; &lt;str_to_bool&gt;$&apos; using options=({&apos;MultifileCollectionParser&apos;: {&apos;lazy_parsing&apos;: False}}) : caught 
  ValueError : invalid truth value &apos;ganhp/aaaaaaaaau&apos;
Rebuilding local parsing plan with next candidate parser: $&lt;read_str_from_txt&gt; =&gt; &lt;base64_ascii_str_pickle_to_object&gt; -&gt; &lt;float_to_bool&gt;$
(B)                                                                                                  |--b64pickle-float-1.0=True.txt -&gt; bool ------- using $&lt;read_str_from_txt&gt; =&gt; &lt;base64_ascii_str_pickle_to_object&gt; -&gt; &lt;float_to_bool&gt;$
DONE Rebuilding local parsing plan for [/home/travis/build/smarie/python-parsyfiles/parsyfiles/tests/combining_parsers_converters/test_data/b64pickle-float-1.0=True.txt]. Resuming parsing...
Executing Parsing Plan for [/home/travis/build/smarie/python-parsyfiles/parsyfiles/tests/combining_parsers_converters/test_data/b64pickle-float-1.0=True]
(P) /home/travis/build/smarie/python-parsyfiles/parsyfiles/tests/combining_parsers_converters/test_data/b64pickle-float-1.0=True.txt -&gt; bool ------- using $&lt;read_str_from_txt&gt; =&gt; &lt;base64_ascii_str_pickle_to_object&gt; -&gt; &lt;float_to_bool&gt;$
(P)                                                                                                  |--b64pickle-float-1.0=True.txt -&gt; bool SUCCESS !
Completed parsing successfully

**** Starting to parse single object of type &lt;bool&gt; at location /home/travis/build/smarie/python-parsyfiles/parsyfiles/tests/combining_parsers_converters/test_data/b64pickle-float-1.0=True ****
Checking all files under [/home/travis/build/smarie/python-parsyfiles/parsyfiles/tests/combining_parsers_converters/test_data/b64pickle-float-1.0=True]
(C) /home/travis/build/smarie/python-parsyfiles/parsyfiles/tests/combining_parsers_converters/test_data/b64pickle-float-1.0=True (singlefile, .txt)
File checks done

Building a parsing plan to parse [/home/travis/build/smarie/python-parsyfiles/parsyfiles/tests/combining_parsers_converters/test_data/b64pickle-float-1.0=True] into a bool
(B) /home/travis/build/smarie/python-parsyfiles/parsyfiles/tests/combining_parsers_converters/test_data/b64pickle-float-1.0=True.txt -&gt; bool ------- using [Try &apos;$&lt;read_str_from_txt&gt; =&gt; &lt;str_to_bool&gt;$&apos; then &apos;$&lt;read_str_from_txt&gt; =&gt; &lt;base64_ascii_str_pickle_to_object&gt; -&gt; &lt;float_to_bool&gt;$&apos; then &apos;$&lt;read_str_from_txt&gt; =&gt; &lt;base64_ascii_str_pickle_to_object&gt; -&gt; &lt;int_to_bool&gt;$&apos; then &apos;$&lt;read_str_from_txt&gt; =&gt; &lt;base64_ascii_str_pickle_to_object&gt; -&gt; &lt;str_to_bool&gt;$&apos; then &apos;$&lt;read_str_from_txt&gt; =&gt; &lt;base64_ascii_str_pickle_to_object&gt;$]&apos;]
(B)                                                                                                  |--b64pickle-float-1.0=True.txt -&gt; bool ------- using $&lt;read_str_from_txt&gt; =&gt; &lt;str_to_bool&gt;$
Parsing Plan created successfully

Executing Parsing Plan for [/home/travis/build/smarie/python-parsyfiles/parsyfiles/tests/combining_parsers_converters/test_data/b64pickle-float-1.0=True]
(P) /home/travis/build/smarie/python-parsyfiles/parsyfiles/tests/combining_parsers_converters/test_data/b64pickle-float-1.0=True.txt -&gt; bool ------- using $&lt;read_str_from_txt&gt; =&gt; &lt;str_to_bool&gt;$
  !! Caught error during execution !!
  File &quot;/home/travis/build/smarie/python-parsyfiles/parsyfiles/converting_core.py&quot;, line 524, in _convert
    return self.conversion_method(desired_type, source_obj, logger, **opts)
  File &quot;/home/travis/build/smarie/python-parsyfiles/parsyfiles/plugins_base/support_for_primitive_types.py&quot;, line 84, in primitive_to_bool
    return bool(strtobool(source))
  File &quot;/opt/python/3.5.5/lib/python3.5/distutils/util.py&quot;, line 317, in strtobool
    raise ValueError(&quot;invalid truth value %r&quot; % (val,))
  ParsingException : Error while parsing /home/travis/build/smarie/python-parsyfiles/parsyfiles/tests/combining_parsers_converters/test_data/b64pickle-float-1.0=True (singlefile, .txt) as a bool with parser &apos;$&lt;read_str_from_txt&gt; =&gt; &lt;str_to_bool&gt;$&apos; using options=({&apos;MultifileCollectionParser&apos;: {&apos;lazy_parsing&apos;: False}}) : caught 
  ValueError : invalid truth value &apos;ganhp/aaaaaaaaau&apos;
Rebuilding local parsing plan with next candidate parser: $&lt;read_str_from_txt&gt; =&gt; &lt;base64_ascii_str_pickle_to_object&gt; -&gt; &lt;float_to_bool&gt;$
(B)                                                                                                  |--b64pickle-float-1.0=True.txt -&gt; bool ------- using $&lt;read_str_from_txt&gt; =&gt; &lt;base64_ascii_str_pickle_to_object&gt; -&gt; &lt;float_to_bool&gt;$
DONE Rebuilding local parsing plan for [/home/travis/build/smarie/python-parsyfiles/parsyfiles/tests/combining_parsers_converters/test_data/b64pickle-float-1.0=True.txt]. Resuming parsing...
Executing Parsing Plan for [/home/travis/build/smarie/python-parsyfiles/parsyfiles/tests/combining_parsers_converters/test_data/b64pickle-float-1.0=True]
(P) /home/travis/build/smarie/python-parsyfiles/parsyfiles/tests/combining_parsers_converters/test_data/b64pickle-float-1.0=True.txt -&gt; bool ------- using $&lt;read_str_from_txt&gt; =&gt; &lt;base64_ascii_str_pickle_to_object&gt; -&gt; &lt;float_to_bool&gt;$
(P)                                                                                                  |--b64pickle-float-1.0=True.txt -&gt; bool SUCCESS !
Completed parsing successfully

**** Starting to parse single object of type &lt;bool&gt; at location /home/travis/build/smarie/python-parsyfiles/parsyfiles/tests/combining_parsers_converters/test_data/b64pickle-float-1.0=True ****
Checking all files under [/home/travis/build/smarie/python-parsyfiles/parsyfiles/tests/combining_parsers_converters/test_data/b64pickle-float-1.0=True]
(C) /home/travis/build/smarie/python-parsyfiles/parsyfiles/tests/combining_parsers_converters/test_data/b64pickle-float-1.0=True (singlefile, .txt)
File checks done

Building a parsing plan to parse [/home/travis/build/smarie/python-parsyfiles/parsyfiles/tests/combining_parsers_converters/test_data/b64pickle-float-1.0=True] into a bool
(B) /home/travis/build/smarie/python-parsyfiles/parsyfiles/tests/combining_parsers_converters/test_data/b64pickle-float-1.0=True.txt -&gt; bool ------- using [Try &apos;$&lt;read_str_from_txt&gt; =&gt; &lt;str_to_bool&gt;$&apos; then &apos;$&lt;read_str_from_txt&gt; =&gt; &lt;base64_ascii_str_pickle_to_object&gt; -&gt; &lt;float_to_bool&gt;$&apos; then &apos;$&lt;read_str_from_txt&gt; =&gt; &lt;base64_ascii_str_pickle_to_object&gt; -&gt; &lt;int_to_bool&gt;$&apos; then &apos;$&lt;read_str_from_txt&gt; =&gt; &lt;base64_ascii_str_pickle_to_object&gt; -&gt; &lt;str_to_bool&gt;$&apos; then &apos;$&lt;read_str_from_txt&gt; =&gt; &lt;base64_ascii_str_pickle_to_object&gt;$]&apos;]
(B)                                                                                                  |--b64pickle-float-1.0=True.txt -&gt; bool ------- using $&lt;read_str_from_txt&gt; =&gt; &lt;str_to_bool&gt;$
Parsing Plan created successfully

Executing Parsing Plan for [/home/travis/build/smarie/python-parsyfiles/parsyfiles/tests/combining_parsers_converters/test_data/b64pickle-float-1.0=True]
(P) /home/travis/build/smarie/python-parsyfiles/parsyfiles/tests/combining_parsers_converters/test_data/b64pickle-float-1.0=True.txt -&gt; bool ------- using $&lt;read_str_from_txt&gt; =&gt; &lt;str_to_bool&gt;$
  !! Caught error during execution !!
  File &quot;/home/travis/build/smarie/python-parsyfiles/parsyfiles/converting_core.py&quot;, line 524, in _convert
    return self.conversion_method(desired_type, source_obj, logger, **opts)
  File &quot;/home/travis/build/smarie/python-parsyfiles/parsyfiles/plugins_base/support_for_primitive_types.py&quot;, line 84, in primitive_to_bool
    return bool(strtobool(source))
  File &quot;/opt/python/3.5.5/lib/python3.5/distutils/util.py&quot;, line 317, in strtobool
    raise ValueError(&quot;invalid truth value %r&quot; % (val,))
  ParsingException : Error while parsing /home/travis/build/smarie/python-parsyfiles/parsyfiles/tests/combining_parsers_converters/test_data/b64pickle-float-1.0=True (singlefile, .txt) as a bool with parser &apos;$&lt;read_str_from_txt&gt; =&gt; &lt;str_to_bool&gt;$&apos; using options=({&apos;MultifileCollectionParser&apos;: {&apos;lazy_parsing&apos;: False}}) : caught 
  ValueError : invalid truth value &apos;ganhp/aaaaaaaaau&apos;
Rebuilding local parsing plan with next candidate parser: $&lt;read_str_from_txt&gt; =&gt; &lt;base64_ascii_str_pickle_to_object&gt; -&gt; &lt;float_to_bool&gt;$
(B)                                                                                                  |--b64pickle-float-1.0=True.txt -&gt; bool ------- using $&lt;read_str_from_txt&gt; =&gt; &lt;base64_ascii_str_pickle_to_object&gt; -&gt; &lt;float_to_bool&gt;$
DONE Rebuilding local parsing plan for [/home/travis/build/smarie/python-parsyfiles/parsyfiles/tests/combining_parsers_converters/test_data/b64pickle-float-1.0=True.txt]. Resuming parsing...
Executing Parsing Plan for [/home/travis/build/smarie/python-parsyfiles/parsyfiles/tests/combining_parsers_converters/test_data/b64pickle-float-1.0=True]
(P) /home/travis/build/smarie/python-parsyfiles/parsyfiles/tests/combining_parsers_converters/test_data/b64pickle-float-1.0=True.txt -&gt; bool ------- using $&lt;read_str_from_txt&gt; =&gt; &lt;base64_ascii_str_pickle_to_object&gt; -&gt; &lt;float_to_bool&gt;$
(P)                                                                                                  |--b64pickle-float-1.0=True.txt -&gt; bool SUCCESS !
Completed parsing successfully

**** Starting to parse single object of type &lt;bool&gt; at location /home/travis/build/smarie/python-parsyfiles/parsyfiles/tests/combining_parsers_converters/test_data/b64pickle-float-1.0=True ****
Checking all files under [/home/travis/build/smarie/python-parsyfiles/parsyfiles/tests/combining_parsers_converters/test_data/b64pickle-float-1.0=True]
(C) /home/travis/build/smarie/python-parsyfiles/parsyfiles/tests/combining_parsers_converters/test_data/b64pickle-float-1.0=True (singlefile, .txt)
File checks done

Building a parsing plan to parse [/home/travis/build/smarie/python-parsyfiles/parsyfiles/tests/combining_parsers_converters/test_data/b64pickle-float-1.0=True] into a bool
(B) /home/travis/build/smarie/python-parsyfiles/parsyfiles/tests/combining_parsers_converters/test_data/b64pickle-float-1.0=True.txt -&gt; bool ------- using [Try &apos;$&lt;read_str_from_txt&gt; =&gt; &lt;str_to_bool&gt;$&apos; then &apos;$&lt;read_str_from_txt&gt; =&gt; &lt;base64_ascii_str_pickle_to_object&gt; -&gt; &lt;float_to_bool&gt;$&apos; then &apos;$&lt;read_str_from_txt&gt; =&gt; &lt;base64_ascii_str_pickle_to_object&gt; -&gt; &lt;int_to_bool&gt;$&apos; then &apos;$&lt;read_str_from_txt&gt; =&gt; &lt;base64_ascii_str_pickle_to_object&gt; -&gt; &lt;str_to_bool&gt;$&apos; then &apos;$&lt;read_str_from_txt&gt; =&gt; &lt;base64_ascii_str_pickle_to_object&gt;$]&apos;]
(B)                                                                                                  |--b64pickle-float-1.0=True.txt -&gt; bool ------- using $&lt;read_str_from_txt&gt; =&gt; &lt;str_to_bool&gt;$
Parsing Plan created successfully

Executing Parsing Plan for [/home/travis/build/smarie/python-parsyfiles/parsyfiles/tests/combining_parsers_converters/test_data/b64pickle-float-1.0=True]
(P) /home/travis/build/smarie/python-parsyfiles/parsyfiles/tests/combining_parsers_converters/test_data/b64pickle-float-1.0=True.txt -&gt; bool ------- using $&lt;read_str_from_txt&gt; =&gt; &lt;str_to_bool&gt;$
  !! Caught error during execution !!
  File &quot;/home/travis/build/smarie/python-parsyfiles/parsyfiles/converting_core.py&quot;, line 524, in _convert
    return self.conversion_method(desired_type, source_obj, logger, **opts)
  File &quot;/home/travis/build/smarie/python-parsyfiles/parsyfiles/plugins_base/support_for_primitive_types.py&quot;, line 84, in primitive_to_bool
    return bool(strtobool(source))
  File &quot;/opt/python/3.5.5/lib/python3.5/distutils/util.py&quot;, line 317, in strtobool
    raise ValueError(&quot;invalid truth value %r&quot; % (val,))
  ParsingException : Error while parsing /home/travis/build/smarie/python-parsyfiles/parsyfiles/tests/combining_parsers_converters/test_data/b64pickle-float-1.0=True (singlefile, .txt) as a bool with parser &apos;$&lt;read_str_from_txt&gt; =&gt; &lt;str_to_bool&gt;$&apos; using options=({&apos;MultifileCollectionParser&apos;: {&apos;lazy_parsing&apos;: False}}) : caught 
  ValueError : invalid truth value &apos;ganhp/aaaaaaaaau&apos;
Rebuilding local parsing plan with next candidate parser: $&lt;read_str_from_txt&gt; =&gt; &lt;base64_ascii_str_pickle_to_object&gt; -&gt; &lt;float_to_bool&gt;$
(B)                                                                                                  |--b64pickle-float-1.0=True.txt -&gt; bool ------- using $&lt;read_str_from_txt&gt; =&gt; &lt;base64_ascii_str_pickle_to_object&gt; -&gt; &lt;float_to_bool&gt;$
DONE Rebuilding local parsing plan for [/home/travis/build/smarie/python-parsyfiles/parsyfiles/tests/combining_parsers_converters/test_data/b64pickle-float-1.0=True.txt]. Resuming parsing...
Executing Parsing Plan for [/home/travis/build/smarie/python-parsyfiles/parsyfiles/tests/combining_parsers_converters/test_data/b64pickle-float-1.0=True]
(P) /home/travis/build/smarie/python-parsyfiles/parsyfiles/tests/combining_parsers_converters/test_data/b64pickle-float-1.0=True.txt -&gt; bool ------- using $&lt;read_str_from_txt&gt; =&gt; &lt;base64_ascii_str_pickle_to_object&gt; -&gt; &lt;float_to_bool&gt;$
(P)                                                                                                  |--b64pickle-float-1.0=True.txt -&gt; bool SUCCESS !
Completed parsing successfully

**** Starting to parse single object of type &lt;bool&gt; at location /home/travis/build/smarie/python-parsyfiles/parsyfiles/tests/combining_parsers_converters/test_data/b64pickle-float-1.0=True ****
Checking all files under [/home/travis/build/smarie/python-parsyfiles/parsyfiles/tests/combining_parsers_converters/test_data/b64pickle-float-1.0=True]
(C) /home/travis/build/smarie/python-parsyfiles/parsyfiles/tests/combining_parsers_converters/test_data/b64pickle-float-1.0=True (singlefile, .txt)
File checks done

Building a parsing plan to parse [/home/travis/build/smarie/python-parsyfiles/parsyfiles/tests/combining_parsers_converters/test_data/b64pickle-float-1.0=True] into a bool
(B) /home/travis/build/smarie/python-parsyfiles/parsyfiles/tests/combining_parsers_converters/test_data/b64pickle-float-1.0=True.txt -&gt; bool ------- using [Try &apos;$&lt;read_str_from_txt&gt; =&gt; &lt;str_to_bool&gt;$&apos; then &apos;$&lt;read_str_from_txt&gt; =&gt; &lt;base64_ascii_str_pickle_to_object&gt; -&gt; &lt;float_to_bool&gt;$&apos; then &apos;$&lt;read_str_from_txt&gt; =&gt; &lt;base64_ascii_str_pickle_to_object&gt; -&gt; &lt;int_to_bool&gt;$&apos; then &apos;$&lt;read_str_from_txt&gt; =&gt; &lt;base64_ascii_str_pickle_to_object&gt; -&gt; &lt;str_to_bool&gt;$&apos; then &apos;$&lt;read_str_from_txt&gt; =&gt; &lt;base64_ascii_str_pickle_to_object&gt;$]&apos;]
(B)                                                                                                  |--b64pickle-float-1.0=True.txt -&gt; bool ------- using $&lt;read_str_from_txt&gt; =&gt; &lt;str_to_bool&gt;$
Parsing Plan created successfully

Executing Parsing Plan for [/home/travis/build/smarie/python-parsyfiles/parsyfiles/tests/combining_parsers_converters/test_data/b64pickle-float-1.0=True]
(P) /home/travis/build/smarie/python-parsyfiles/parsyfiles/tests/combining_parsers_converters/test_data/b64pickle-float-1.0=True.txt -&gt; bool ------- using $&lt;read_str_from_txt&gt; =&gt; &lt;str_to_bool&gt;$
  !! Caught error during execution !!
  File &quot;/home/travis/build/smarie/python-parsyfiles/parsyfiles/converting_core.py&quot;, line 524, in _convert
    return self.conversion_method(desired_type, source_obj, logger, **opts)
  File &quot;/home/travis/build/smarie/python-parsyfiles/parsyfiles/plugins_base/support_for_primitive_types.py&quot;, line 84, in primitive_to_bool
    return bool(strtobool(source))
  File &quot;/opt/python/3.5.5/lib/python3.5/distutils/util.py&quot;, line 317, in strtobool
    raise ValueError(&quot;invalid truth value %r&quot; % (val,))
  ParsingException : Error while parsing /home/travis/build/smarie/python-parsyfiles/parsyfiles/tests/combining_parsers_converters/test_data/b64pickle-float-1.0=True (singlefile, .txt) as a bool with parser &apos;$&lt;read_str_from_txt&gt; =&gt; &lt;str_to_bool&gt;$&apos; using options=({&apos;MultifileCollectionParser&apos;: {&apos;lazy_parsing&apos;: False}}) : caught 
  ValueError : invalid truth value &apos;ganhp/aaaaaaaaau&apos;
Rebuilding local parsing plan with next candidate parser: $&lt;read_str_from_txt&gt; =&gt; &lt;base64_ascii_str_pickle_to_object&gt; -&gt; &lt;float_to_bool&gt;$
(B)                                                                                                  |--b64pickle-float-1.0=True.txt -&gt; bool ------- using $&lt;read_str_from_txt&gt; =&gt; &lt;base64_ascii_str_pickle_to_object&gt; -&gt; &lt;float_to_bool&gt;$
DONE Rebuilding local parsing plan for [/home/travis/build/smarie/python-parsyfiles/parsyfiles/tests/combining_parsers_converters/test_data/b64pickle-float-1.0=True.txt]. Resuming parsing...
Executing Parsing Plan for [/home/travis/build/smarie/python-parsyfiles/parsyfiles/tests/combining_parsers_converters/test_data/b64pickle-float-1.0=True]
(P) /home/travis/build/smarie/python-parsyfiles/parsyfiles/tests/combining_parsers_converters/test_data/b64pickle-float-1.0=True.txt -&gt; bool ------- using $&lt;read_str_from_txt&gt; =&gt; &lt;base64_ascii_str_pickle_to_object&gt; -&gt; &lt;float_to_bool&gt;$
(P)                                                                                                  |--b64pickle-float-1.0=True.txt -&gt; bool SUCCESS !
Completed parsing successfully

**** Starting to parse single object of type &lt;bool&gt; at location /home/travis/build/smarie/python-parsyfiles/parsyfiles/tests/combining_parsers_converters/test_data/b64pickle-float-1.0=True ****
Checking all files under [/home/travis/build/smarie/python-parsyfiles/parsyfiles/tests/combining_parsers_converters/test_data/b64pickle-float-1.0=True]
(C) /home/travis/build/smarie/python-parsyfiles/parsyfiles/tests/combining_parsers_converters/test_data/b64pickle-float-1.0=True (singlefile, .txt)
File checks done

Building a parsing plan to parse [/home/travis/build/smarie/python-parsyfiles/parsyfiles/tests/combining_parsers_converters/test_data/b64pickle-float-1.0=True] into a bool
(B) /home/travis/build/smarie/python-parsyfiles/parsyfiles/tests/combining_parsers_converters/test_data/b64pickle-float-1.0=True.txt -&gt; bool ------- using [Try &apos;$&lt;read_str_from_txt&gt; =&gt; &lt;str_to_bool&gt;$&apos; then &apos;$&lt;read_str_from_txt&gt; =&gt; &lt;base64_ascii_str_pickle_to_object&gt; -&gt; &lt;float_to_bool&gt;$&apos; then &apos;$&lt;read_str_from_txt&gt; =&gt; &lt;base64_ascii_str_pickle_to_object&gt; -&gt; &lt;int_to_bool&gt;$&apos; then &apos;$&lt;read_str_from_txt&gt; =&gt; &lt;base64_ascii_str_pickle_to_object&gt; -&gt; &lt;str_to_bool&gt;$&apos; then &apos;$&lt;read_str_from_txt&gt; =&gt; &lt;base64_ascii_str_pickle_to_object&gt;$]&apos;]
(B)                                                                                                  |--b64pickle-float-1.0=True.txt -&gt; bool ------- using $&lt;read_str_from_txt&gt; =&gt; &lt;str_to_bool&gt;$
Parsing Plan created successfully

Executing Parsing Plan for [/home/travis/build/smarie/python-parsyfiles/parsyfiles/tests/combining_parsers_converters/test_data/b64pickle-float-1.0=True]
(P) /home/travis/build/smarie/python-parsyfiles/parsyfiles/tests/combining_parsers_converters/test_data/b64pickle-float-1.0=True.txt -&gt; bool ------- using $&lt;read_str_from_txt&gt; =&gt; &lt;str_to_bool&gt;$
  !! Caught error during execution !!
  File &quot;/home/travis/build/smarie/python-parsyfiles/parsyfiles/converting_core.py&quot;, line 524, in _convert
    return self.conversion_method(desired_type, source_obj, logger, **opts)
  File &quot;/home/travis/build/smarie/python-parsyfiles/parsyfiles/plugins_base/support_for_primitive_types.py&quot;, line 84, in primitive_to_bool
    return bool(strtobool(source))
  File &quot;/opt/python/3.5.5/lib/python3.5/distutils/util.py&quot;, line 317, in strtobool
    raise ValueError(&quot;invalid truth value %r&quot; % (val,))
  ParsingException : Error while parsing /home/travis/build/smarie/python-parsyfiles/parsyfiles/tests/combining_parsers_converters/test_data/b64pickle-float-1.0=True (singlefile, .txt) as a bool with parser &apos;$&lt;read_str_from_txt&gt; =&gt; &lt;str_to_bool&gt;$&apos; using options=({&apos;MultifileCollectionParser&apos;: {&apos;lazy_parsing&apos;: False}}) : caught 
  ValueError : invalid truth value &apos;ganhp/aaaaaaaaau&apos;
Rebuilding local parsing plan with next candidate parser: $&lt;read_str_from_txt&gt; =&gt; &lt;base64_ascii_str_pickle_to_object&gt; -&gt; &lt;float_to_bool&gt;$
(B)                                                                                                  |--b64pickle-float-1.0=True.txt -&gt; bool ------- using $&lt;read_str_from_txt&gt; =&gt; &lt;base64_ascii_str_pickle_to_object&gt; -&gt; &lt;float_to_bool&gt;$
DONE Rebuilding local parsing plan for [/home/travis/build/smarie/python-parsyfiles/parsyfiles/tests/combining_parsers_converters/test_data/b64pickle-float-1.0=True.txt]. Resuming parsing...
Executing Parsing Plan for [/home/travis/build/smarie/python-parsyfiles/parsyfiles/tests/combining_parsers_converters/test_data/b64pickle-float-1.0=True]
(P) /home/travis/build/smarie/python-parsyfiles/parsyfiles/tests/combining_parsers_converters/test_data/b64pickle-float-1.0=True.txt -&gt; bool ------- using $&lt;read_str_from_txt&gt; =&gt; &lt;base64_ascii_str_pickle_to_object&gt; -&gt; &lt;float_to_bool&gt;$
(P)                                                                                                  |--b64pickle-float-1.0=True.txt -&gt; bool SUCCESS !
Completed parsing successfully

**** Starting to parse single object of type &lt;bool&gt; at location /home/travis/build/smarie/python-parsyfiles/parsyfiles/tests/combining_parsers_converters/test_data/b64pickle-float-1.0=True ****
Checking all files under [/home/travis/build/smarie/python-parsyfiles/parsyfiles/tests/combining_parsers_converters/test_data/b64pickle-float-1.0=True]
(C) /home/travis/build/smarie/python-parsyfiles/parsyfiles/tests/combining_parsers_converters/test_data/b64pickle-float-1.0=True (singlefile, .txt)
File checks done

Building a parsing plan to parse [/home/travis/build/smarie/python-parsyfiles/parsyfiles/tests/combining_parsers_converters/test_data/b64pickle-float-1.0=True] into a bool
(B) /home/travis/build/smarie/python-parsyfiles/parsyfiles/tests/combining_parsers_converters/test_data/b64pickle-float-1.0=True.txt -&gt; bool ------- using [Try &apos;$&lt;read_str_from_txt&gt; =&gt; &lt;str_to_bool&gt;$&apos; then &apos;$&lt;read_str_from_txt&gt; =&gt; &lt;base64_ascii_str_pickle_to_object&gt; -&gt; &lt;float_to_bool&gt;$&apos; then &apos;$&lt;read_str_from_txt&gt; =&gt; &lt;base64_ascii_str_pickle_to_object&gt; -&gt; &lt;int_to_bool&gt;$&apos; then &apos;$&lt;read_str_from_txt&gt; =&gt; &lt;base64_ascii_str_pickle_to_object&gt; -&gt; &lt;str_to_bool&gt;$&apos; then &apos;$&lt;read_str_from_txt&gt; =&gt; &lt;base64_ascii_str_pickle_to_object&gt;$]&apos;]
(B)                                                                                                  |--b64pickle-float-1.0=True.txt -&gt; bool ------- using $&lt;read_str_from_txt&gt; =&gt; &lt;str_to_bool&gt;$
Parsing Plan created successfully

Executing Parsing Plan for [/home/travis/build/smarie/python-parsyfiles/parsyfiles/tests/combining_parsers_converters/test_data/b64pickle-float-1.0=True]
(P) /home/travis/build/smarie/python-parsyfiles/parsyfiles/tests/combining_parsers_converters/test_data/b64pickle-float-1.0=True.txt -&gt; bool ------- using $&lt;read_str_from_txt&gt; =&gt; &lt;str_to_bool&gt;$
  !! Caught error during execution !!
  File &quot;/home/travis/build/smarie/python-parsyfiles/parsyfiles/converting_core.py&quot;, line 524, in _convert
    return self.conversion_method(desired_type, source_obj, logger, **opts)
  File &quot;/home/travis/build/smarie/python-parsyfiles/parsyfiles/plugins_base/support_for_primitive_types.py&quot;, line 84, in primitive_to_bool
    return bool(strtobool(source))
  File &quot;/opt/python/3.5.5/lib/python3.5/distutils/util.py&quot;, line 317, in strtobool
    raise ValueError(&quot;invalid truth value %r&quot; % (val,))
  ParsingException : Error while parsing /home/travis/build/smarie/python-parsyfiles/parsyfiles/tests/combining_parsers_converters/test_data/b64pickle-float-1.0=True (singlefile, .txt) as a bool with parser &apos;$&lt;read_str_from_txt&gt; =&gt; &lt;str_to_bool&gt;$&apos; using options=({&apos;MultifileCollectionParser&apos;: {&apos;lazy_parsing&apos;: False}}) : caught 
  ValueError : invalid truth value &apos;ganhp/aaaaaaaaau&apos;
Rebuilding local parsing plan with next candidate parser: $&lt;read_str_from_txt&gt; =&gt; &lt;base64_ascii_str_pickle_to_object&gt; -&gt; &lt;float_to_bool&gt;$
(B)                                                                                                  |--b64pickle-float-1.0=True.txt -&gt; bool ------- using $&lt;read_str_from_txt&gt; =&gt; &lt;base64_ascii_str_pickle_to_object&gt; -&gt; &lt;float_to_bool&gt;$
DONE Rebuilding local parsing plan for [/home/travis/build/smarie/python-parsyfiles/parsyfiles/tests/combining_parsers_converters/test_data/b64pickle-float-1.0=True.txt]. Resuming parsing...
Executing Parsing Plan for [/home/travis/build/smarie/python-parsyfiles/parsyfiles/tests/combining_parsers_converters/test_data/b64pickle-float-1.0=True]
(P) /home/travis/build/smarie/python-parsyfiles/parsyfiles/tests/combining_parsers_converters/test_data/b64pickle-float-1.0=True.txt -&gt; bool ------- using $&lt;read_str_from_txt&gt; =&gt; &lt;base64_ascii_str_pickle_to_object&gt; -&gt; &lt;float_to_bool&gt;$
(P)                                                                                                  |--b64pickle-float-1.0=True.txt -&gt; bool SUCCESS !
Completed parsing successfully

</system-out></testcase><testcase classname="parsyfiles.tests.combining_parsers_converters.test_default_instance_creation" file="parsyfiles/tests/combining_parsers_converters/test_default_instance_creation.py" line="44" name="test_create_default_instance_through_method" time="3.146644353866577"><system-out>**** Starting to parse single object of type &lt;bool&gt; at location /home/travis/build/smarie/python-parsyfiles/parsyfiles/tests/combining_parsers_converters/test_data/b64pickle-float-1.0=True ****
Checking all files under [/home/travis/build/smarie/python-parsyfiles/parsyfiles/tests/combining_parsers_converters/test_data/b64pickle-float-1.0=True]
(C) /home/travis/build/smarie/python-parsyfiles/parsyfiles/tests/combining_parsers_converters/test_data/b64pickle-float-1.0=True (singlefile, .txt)
File checks done

Building a parsing plan to parse [/home/travis/build/smarie/python-parsyfiles/parsyfiles/tests/combining_parsers_converters/test_data/b64pickle-float-1.0=True] into a bool
(B) /home/travis/build/smarie/python-parsyfiles/parsyfiles/tests/combining_parsers_converters/test_data/b64pickle-float-1.0=True.txt -&gt; bool ------- using [Try &apos;$&lt;read_str_from_txt&gt; =&gt; &lt;str_to_bool&gt;$&apos; then &apos;$&lt;read_str_from_txt&gt; =&gt; &lt;base64_ascii_str_pickle_to_object&gt; -&gt; &lt;float_to_bool&gt;$&apos; then &apos;$&lt;read_str_from_txt&gt; =&gt; &lt;base64_ascii_str_pickle_to_object&gt; -&gt; &lt;int_to_bool&gt;$&apos; then &apos;$&lt;read_str_from_txt&gt; =&gt; &lt;base64_ascii_str_pickle_to_object&gt; -&gt; &lt;str_to_bool&gt;$&apos; then &apos;$&lt;read_str_from_txt&gt; =&gt; &lt;base64_ascii_str_pickle_to_object&gt;$]&apos;]
(B)                                                                                                  |--b64pickle-float-1.0=True.txt -&gt; bool ------- using $&lt;read_str_from_txt&gt; =&gt; &lt;str_to_bool&gt;$
Parsing Plan created successfully

Executing Parsing Plan for [/home/travis/build/smarie/python-parsyfiles/parsyfiles/tests/combining_parsers_converters/test_data/b64pickle-float-1.0=True]
(P) /home/travis/build/smarie/python-parsyfiles/parsyfiles/tests/combining_parsers_converters/test_data/b64pickle-float-1.0=True.txt -&gt; bool ------- using $&lt;read_str_from_txt&gt; =&gt; &lt;str_to_bool&gt;$
  !! Caught error during execution !!
  File &quot;/home/travis/build/smarie/python-parsyfiles/parsyfiles/converting_core.py&quot;, line 524, in _convert
    return self.conversion_method(desired_type, source_obj, logger, **opts)
  File &quot;/home/travis/build/smarie/python-parsyfiles/parsyfiles/plugins_base/support_for_primitive_types.py&quot;, line 84, in primitive_to_bool
    return bool(strtobool(source))
  File &quot;/opt/python/3.5.5/lib/python3.5/distutils/util.py&quot;, line 317, in strtobool
    raise ValueError(&quot;invalid truth value %r&quot; % (val,))
  ParsingException : Error while parsing /home/travis/build/smarie/python-parsyfiles/parsyfiles/tests/combining_parsers_converters/test_data/b64pickle-float-1.0=True (singlefile, .txt) as a bool with parser &apos;$&lt;read_str_from_txt&gt; =&gt; &lt;str_to_bool&gt;$&apos; using options=({&apos;MultifileCollectionParser&apos;: {&apos;lazy_parsing&apos;: False}}) : caught 
  ValueError : invalid truth value &apos;ganhp/aaaaaaaaau&apos;
Rebuilding local parsing plan with next candidate parser: $&lt;read_str_from_txt&gt; =&gt; &lt;base64_ascii_str_pickle_to_object&gt; -&gt; &lt;float_to_bool&gt;$
(B)                                                                                                  |--b64pickle-float-1.0=True.txt -&gt; bool ------- using $&lt;read_str_from_txt&gt; =&gt; &lt;base64_ascii_str_pickle_to_object&gt; -&gt; &lt;float_to_bool&gt;$
DONE Rebuilding local parsing plan for [/home/travis/build/smarie/python-parsyfiles/parsyfiles/tests/combining_parsers_converters/test_data/b64pickle-float-1.0=True.txt]. Resuming parsing...
Executing Parsing Plan for [/home/travis/build/smarie/python-parsyfiles/parsyfiles/tests/combining_parsers_converters/test_data/b64pickle-float-1.0=True]
(P) /home/travis/build/smarie/python-parsyfiles/parsyfiles/tests/combining_parsers_converters/test_data/b64pickle-float-1.0=True.txt -&gt; bool ------- using $&lt;read_str_from_txt&gt; =&gt; &lt;base64_ascii_str_pickle_to_object&gt; -&gt; &lt;float_to_bool&gt;$
(P)                                                                                                  |--b64pickle-float-1.0=True.txt -&gt; bool SUCCESS !
Completed parsing successfully

**** Starting to parse single object of type &lt;bool&gt; at location /home/travis/build/smarie/python-parsyfiles/parsyfiles/tests/combining_parsers_converters/test_data/b64pickle-float-1.0=True ****
Checking all files under [/home/travis/build/smarie/python-parsyfiles/parsyfiles/tests/combining_parsers_converters/test_data/b64pickle-float-1.0=True]
(C) /home/travis/build/smarie/python-parsyfiles/parsyfiles/tests/combining_parsers_converters/test_data/b64pickle-float-1.0=True (singlefile, .txt)
File checks done

Building a parsing plan to parse [/home/travis/build/smarie/python-parsyfiles/parsyfiles/tests/combining_parsers_converters/test_data/b64pickle-float-1.0=True] into a bool
(B) /home/travis/build/smarie/python-parsyfiles/parsyfiles/tests/combining_parsers_converters/test_data/b64pickle-float-1.0=True.txt -&gt; bool ------- using [Try &apos;$&lt;read_str_from_txt&gt; =&gt; &lt;str_to_bool&gt;$&apos; then &apos;$&lt;read_str_from_txt&gt; =&gt; &lt;base64_ascii_str_pickle_to_object&gt; -&gt; &lt;float_to_bool&gt;$&apos; then &apos;$&lt;read_str_from_txt&gt; =&gt; &lt;base64_ascii_str_pickle_to_object&gt; -&gt; &lt;int_to_bool&gt;$&apos; then &apos;$&lt;read_str_from_txt&gt; =&gt; &lt;base64_ascii_str_pickle_to_object&gt; -&gt; &lt;str_to_bool&gt;$&apos; then &apos;$&lt;read_str_from_txt&gt; =&gt; &lt;base64_ascii_str_pickle_to_object&gt;$]&apos;]
(B)                                                                                                  |--b64pickle-float-1.0=True.txt -&gt; bool ------- using $&lt;read_str_from_txt&gt; =&gt; &lt;str_to_bool&gt;$
Parsing Plan created successfully

Executing Parsing Plan for [/home/travis/build/smarie/python-parsyfiles/parsyfiles/tests/combining_parsers_converters/test_data/b64pickle-float-1.0=True]
(P) /home/travis/build/smarie/python-parsyfiles/parsyfiles/tests/combining_parsers_converters/test_data/b64pickle-float-1.0=True.txt -&gt; bool ------- using $&lt;read_str_from_txt&gt; =&gt; &lt;str_to_bool&gt;$
  !! Caught error during execution !!
  File &quot;/home/travis/build/smarie/python-parsyfiles/parsyfiles/converting_core.py&quot;, line 524, in _convert
    return self.conversion_method(desired_type, source_obj, logger, **opts)
  File &quot;/home/travis/build/smarie/python-parsyfiles/parsyfiles/plugins_base/support_for_primitive_types.py&quot;, line 84, in primitive_to_bool
    return bool(strtobool(source))
  File &quot;/opt/python/3.5.5/lib/python3.5/distutils/util.py&quot;, line 317, in strtobool
    raise ValueError(&quot;invalid truth value %r&quot; % (val,))
  ParsingException : Error while parsing /home/travis/build/smarie/python-parsyfiles/parsyfiles/tests/combining_parsers_converters/test_data/b64pickle-float-1.0=True (singlefile, .txt) as a bool with parser &apos;$&lt;read_str_from_txt&gt; =&gt; &lt;str_to_bool&gt;$&apos; using options=({&apos;MultifileCollectionParser&apos;: {&apos;lazy_parsing&apos;: False}}) : caught 
  ValueError : invalid truth value &apos;ganhp/aaaaaaaaau&apos;
Rebuilding local parsing plan with next candidate parser: $&lt;read_str_from_txt&gt; =&gt; &lt;base64_ascii_str_pickle_to_object&gt; -&gt; &lt;float_to_bool&gt;$
(B)                                                                                                  |--b64pickle-float-1.0=True.txt -&gt; bool ------- using $&lt;read_str_from_txt&gt; =&gt; &lt;base64_ascii_str_pickle_to_object&gt; -&gt; &lt;float_to_bool&gt;$
DONE Rebuilding local parsing plan for [/home/travis/build/smarie/python-parsyfiles/parsyfiles/tests/combining_parsers_converters/test_data/b64pickle-float-1.0=True.txt]. Resuming parsing...
Executing Parsing Plan for [/home/travis/build/smarie/python-parsyfiles/parsyfiles/tests/combining_parsers_converters/test_data/b64pickle-float-1.0=True]
(P) /home/travis/build/smarie/python-parsyfiles/parsyfiles/tests/combining_parsers_converters/test_data/b64pickle-float-1.0=True.txt -&gt; bool ------- using $&lt;read_str_from_txt&gt; =&gt; &lt;base64_ascii_str_pickle_to_object&gt; -&gt; &lt;float_to_bool&gt;$
(P)                                                                                                  |--b64pickle-float-1.0=True.txt -&gt; bool SUCCESS !
Completed parsing successfully

**** Starting to parse single object of type &lt;bool&gt; at location /home/travis/build/smarie/python-parsyfiles/parsyfiles/tests/combining_parsers_converters/test_data/b64pickle-float-1.0=True ****
Checking all files under [/home/travis/build/smarie/python-parsyfiles/parsyfiles/tests/combining_parsers_converters/test_data/b64pickle-float-1.0=True]
(C) /home/travis/build/smarie/python-parsyfiles/parsyfiles/tests/combining_parsers_converters/test_data/b64pickle-float-1.0=True (singlefile, .txt)
File checks done

Building a parsing plan to parse [/home/travis/build/smarie/python-parsyfiles/parsyfiles/tests/combining_parsers_converters/test_data/b64pickle-float-1.0=True] into a bool
(B) /home/travis/build/smarie/python-parsyfiles/parsyfiles/tests/combining_parsers_converters/test_data/b64pickle-float-1.0=True.txt -&gt; bool ------- using [Try &apos;$&lt;read_str_from_txt&gt; =&gt; &lt;str_to_bool&gt;$&apos; then &apos;$&lt;read_str_from_txt&gt; =&gt; &lt;base64_ascii_str_pickle_to_object&gt; -&gt; &lt;float_to_bool&gt;$&apos; then &apos;$&lt;read_str_from_txt&gt; =&gt; &lt;base64_ascii_str_pickle_to_object&gt; -&gt; &lt;int_to_bool&gt;$&apos; then &apos;$&lt;read_str_from_txt&gt; =&gt; &lt;base64_ascii_str_pickle_to_object&gt; -&gt; &lt;str_to_bool&gt;$&apos; then &apos;$&lt;read_str_from_txt&gt; =&gt; &lt;base64_ascii_str_pickle_to_object&gt;$]&apos;]
(B)                                                                                                  |--b64pickle-float-1.0=True.txt -&gt; bool ------- using $&lt;read_str_from_txt&gt; =&gt; &lt;str_to_bool&gt;$
Parsing Plan created successfully

Executing Parsing Plan for [/home/travis/build/smarie/python-parsyfiles/parsyfiles/tests/combining_parsers_converters/test_data/b64pickle-float-1.0=True]
(P) /home/travis/build/smarie/python-parsyfiles/parsyfiles/tests/combining_parsers_converters/test_data/b64pickle-float-1.0=True.txt -&gt; bool ------- using $&lt;read_str_from_txt&gt; =&gt; &lt;str_to_bool&gt;$
  !! Caught error during execution !!
  File &quot;/home/travis/build/smarie/python-parsyfiles/parsyfiles/converting_core.py&quot;, line 524, in _convert
    return self.conversion_method(desired_type, source_obj, logger, **opts)
  File &quot;/home/travis/build/smarie/python-parsyfiles/parsyfiles/plugins_base/support_for_primitive_types.py&quot;, line 84, in primitive_to_bool
    return bool(strtobool(source))
  File &quot;/opt/python/3.5.5/lib/python3.5/distutils/util.py&quot;, line 317, in strtobool
    raise ValueError(&quot;invalid truth value %r&quot; % (val,))
  ParsingException : Error while parsing /home/travis/build/smarie/python-parsyfiles/parsyfiles/tests/combining_parsers_converters/test_data/b64pickle-float-1.0=True (singlefile, .txt) as a bool with parser &apos;$&lt;read_str_from_txt&gt; =&gt; &lt;str_to_bool&gt;$&apos; using options=({&apos;MultifileCollectionParser&apos;: {&apos;lazy_parsing&apos;: False}}) : caught 
  ValueError : invalid truth value &apos;ganhp/aaaaaaaaau&apos;
Rebuilding local parsing plan with next candidate parser: $&lt;read_str_from_txt&gt; =&gt; &lt;base64_ascii_str_pickle_to_object&gt; -&gt; &lt;float_to_bool&gt;$
(B)                                                                                                  |--b64pickle-float-1.0=True.txt -&gt; bool ------- using $&lt;read_str_from_txt&gt; =&gt; &lt;base64_ascii_str_pickle_to_object&gt; -&gt; &lt;float_to_bool&gt;$
DONE Rebuilding local parsing plan for [/home/travis/build/smarie/python-parsyfiles/parsyfiles/tests/combining_parsers_converters/test_data/b64pickle-float-1.0=True.txt]. Resuming parsing...
Executing Parsing Plan for [/home/travis/build/smarie/python-parsyfiles/parsyfiles/tests/combining_parsers_converters/test_data/b64pickle-float-1.0=True]
(P) /home/travis/build/smarie/python-parsyfiles/parsyfiles/tests/combining_parsers_converters/test_data/b64pickle-float-1.0=True.txt -&gt; bool ------- using $&lt;read_str_from_txt&gt; =&gt; &lt;base64_ascii_str_pickle_to_object&gt; -&gt; &lt;float_to_bool&gt;$
(P)                                                                                                  |--b64pickle-float-1.0=True.txt -&gt; bool SUCCESS !
Completed parsing successfully

**** Starting to parse single object of type &lt;bool&gt; at location /home/travis/build/smarie/python-parsyfiles/parsyfiles/tests/combining_parsers_converters/test_data/b64pickle-float-1.0=True ****
Checking all files under [/home/travis/build/smarie/python-parsyfiles/parsyfiles/tests/combining_parsers_converters/test_data/b64pickle-float-1.0=True]
(C) /home/travis/build/smarie/python-parsyfiles/parsyfiles/tests/combining_parsers_converters/test_data/b64pickle-float-1.0=True (singlefile, .txt)
File checks done

Building a parsing plan to parse [/home/travis/build/smarie/python-parsyfiles/parsyfiles/tests/combining_parsers_converters/test_data/b64pickle-float-1.0=True] into a bool
(B) /home/travis/build/smarie/python-parsyfiles/parsyfiles/tests/combining_parsers_converters/test_data/b64pickle-float-1.0=True.txt -&gt; bool ------- using [Try &apos;$&lt;read_str_from_txt&gt; =&gt; &lt;str_to_bool&gt;$&apos; then &apos;$&lt;read_str_from_txt&gt; =&gt; &lt;base64_ascii_str_pickle_to_object&gt; -&gt; &lt;float_to_bool&gt;$&apos; then &apos;$&lt;read_str_from_txt&gt; =&gt; &lt;base64_ascii_str_pickle_to_object&gt; -&gt; &lt;int_to_bool&gt;$&apos; then &apos;$&lt;read_str_from_txt&gt; =&gt; &lt;base64_ascii_str_pickle_to_object&gt; -&gt; &lt;str_to_bool&gt;$&apos; then &apos;$&lt;read_str_from_txt&gt; =&gt; &lt;base64_ascii_str_pickle_to_object&gt;$]&apos;]
(B)                                                                                                  |--b64pickle-float-1.0=True.txt -&gt; bool ------- using $&lt;read_str_from_txt&gt; =&gt; &lt;str_to_bool&gt;$
Parsing Plan created successfully

Executing Parsing Plan for [/home/travis/build/smarie/python-parsyfiles/parsyfiles/tests/combining_parsers_converters/test_data/b64pickle-float-1.0=True]
(P) /home/travis/build/smarie/python-parsyfiles/parsyfiles/tests/combining_parsers_converters/test_data/b64pickle-float-1.0=True.txt -&gt; bool ------- using $&lt;read_str_from_txt&gt; =&gt; &lt;str_to_bool&gt;$
  !! Caught error during execution !!
  File &quot;/home/travis/build/smarie/python-parsyfiles/parsyfiles/converting_core.py&quot;, line 524, in _convert
    return self.conversion_method(desired_type, source_obj, logger, **opts)
  File &quot;/home/travis/build/smarie/python-parsyfiles/parsyfiles/plugins_base/support_for_primitive_types.py&quot;, line 84, in primitive_to_bool
    return bool(strtobool(source))
  File &quot;/opt/python/3.5.5/lib/python3.5/distutils/util.py&quot;, line 317, in strtobool
    raise ValueError(&quot;invalid truth value %r&quot; % (val,))
  ParsingException : Error while parsing /home/travis/build/smarie/python-parsyfiles/parsyfiles/tests/combining_parsers_converters/test_data/b64pickle-float-1.0=True (singlefile, .txt) as a bool with parser &apos;$&lt;read_str_from_txt&gt; =&gt; &lt;str_to_bool&gt;$&apos; using options=({&apos;MultifileCollectionParser&apos;: {&apos;lazy_parsing&apos;: False}}) : caught 
  ValueError : invalid truth value &apos;ganhp/aaaaaaaaau&apos;
Rebuilding local parsing plan with next candidate parser: $&lt;read_str_from_txt&gt; =&gt; &lt;base64_ascii_str_pickle_to_object&gt; -&gt; &lt;float_to_bool&gt;$
(B)                                                                                                  |--b64pickle-float-1.0=True.txt -&gt; bool ------- using $&lt;read_str_from_txt&gt; =&gt; &lt;base64_ascii_str_pickle_to_object&gt; -&gt; &lt;float_to_bool&gt;$
DONE Rebuilding local parsing plan for [/home/travis/build/smarie/python-parsyfiles/parsyfiles/tests/combining_parsers_converters/test_data/b64pickle-float-1.0=True.txt]. Resuming parsing...
Executing Parsing Plan for [/home/travis/build/smarie/python-parsyfiles/parsyfiles/tests/combining_parsers_converters/test_data/b64pickle-float-1.0=True]
(P) /home/travis/build/smarie/python-parsyfiles/parsyfiles/tests/combining_parsers_converters/test_data/b64pickle-float-1.0=True.txt -&gt; bool ------- using $&lt;read_str_from_txt&gt; =&gt; &lt;base64_ascii_str_pickle_to_object&gt; -&gt; &lt;float_to_bool&gt;$
(P)                                                                                                  |--b64pickle-float-1.0=True.txt -&gt; bool SUCCESS !
Completed parsing successfully

**** Starting to parse single object of type &lt;bool&gt; at location /home/travis/build/smarie/python-parsyfiles/parsyfiles/tests/combining_parsers_converters/test_data/b64pickle-float-1.0=True ****
Checking all files under [/home/travis/build/smarie/python-parsyfiles/parsyfiles/tests/combining_parsers_converters/test_data/b64pickle-float-1.0=True]
(C) /home/travis/build/smarie/python-parsyfiles/parsyfiles/tests/combining_parsers_converters/test_data/b64pickle-float-1.0=True (singlefile, .txt)
File checks done

Building a parsing plan to parse [/home/travis/build/smarie/python-parsyfiles/parsyfiles/tests/combining_parsers_converters/test_data/b64pickle-float-1.0=True] into a bool
(B) /home/travis/build/smarie/python-parsyfiles/parsyfiles/tests/combining_parsers_converters/test_data/b64pickle-float-1.0=True.txt -&gt; bool ------- using [Try &apos;$&lt;read_str_from_txt&gt; =&gt; &lt;str_to_bool&gt;$&apos; then &apos;$&lt;read_str_from_txt&gt; =&gt; &lt;base64_ascii_str_pickle_to_object&gt; -&gt; &lt;float_to_bool&gt;$&apos; then &apos;$&lt;read_str_from_txt&gt; =&gt; &lt;base64_ascii_str_pickle_to_object&gt; -&gt; &lt;int_to_bool&gt;$&apos; then &apos;$&lt;read_str_from_txt&gt; =&gt; &lt;base64_ascii_str_pickle_to_object&gt; -&gt; &lt;str_to_bool&gt;$&apos; then &apos;$&lt;read_str_from_txt&gt; =&gt; &lt;base64_ascii_str_pickle_to_object&gt;$]&apos;]
(B)                                                                                                  |--b64pickle-float-1.0=True.txt -&gt; bool ------- using $&lt;read_str_from_txt&gt; =&gt; &lt;str_to_bool&gt;$
Parsing Plan created successfully

Executing Parsing Plan for [/home/travis/build/smarie/python-parsyfiles/parsyfiles/tests/combining_parsers_converters/test_data/b64pickle-float-1.0=True]
(P) /home/travis/build/smarie/python-parsyfiles/parsyfiles/tests/combining_parsers_converters/test_data/b64pickle-float-1.0=True.txt -&gt; bool ------- using $&lt;read_str_from_txt&gt; =&gt; &lt;str_to_bool&gt;$
  !! Caught error during execution !!
  File &quot;/home/travis/build/smarie/python-parsyfiles/parsyfiles/converting_core.py&quot;, line 524, in _convert
    return self.conversion_method(desired_type, source_obj, logger, **opts)
  File &quot;/home/travis/build/smarie/python-parsyfiles/parsyfiles/plugins_base/support_for_primitive_types.py&quot;, line 84, in primitive_to_bool
    return bool(strtobool(source))
  File &quot;/opt/python/3.5.5/lib/python3.5/distutils/util.py&quot;, line 317, in strtobool
    raise ValueError(&quot;invalid truth value %r&quot; % (val,))
  ParsingException : Error while parsing /home/travis/build/smarie/python-parsyfiles/parsyfiles/tests/combining_parsers_converters/test_data/b64pickle-float-1.0=True (singlefile, .txt) as a bool with parser &apos;$&lt;read_str_from_txt&gt; =&gt; &lt;str_to_bool&gt;$&apos; using options=({&apos;MultifileCollectionParser&apos;: {&apos;lazy_parsing&apos;: False}}) : caught 
  ValueError : invalid truth value &apos;ganhp/aaaaaaaaau&apos;
Rebuilding local parsing plan with next candidate parser: $&lt;read_str_from_txt&gt; =&gt; &lt;base64_ascii_str_pickle_to_object&gt; -&gt; &lt;float_to_bool&gt;$
(B)                                                                                                  |--b64pickle-float-1.0=True.txt -&gt; bool ------- using $&lt;read_str_from_txt&gt; =&gt; &lt;base64_ascii_str_pickle_to_object&gt; -&gt; &lt;float_to_bool&gt;$
DONE Rebuilding local parsing plan for [/home/travis/build/smarie/python-parsyfiles/parsyfiles/tests/combining_parsers_converters/test_data/b64pickle-float-1.0=True.txt]. Resuming parsing...
Executing Parsing Plan for [/home/travis/build/smarie/python-parsyfiles/parsyfiles/tests/combining_parsers_converters/test_data/b64pickle-float-1.0=True]
(P) /home/travis/build/smarie/python-parsyfiles/parsyfiles/tests/combining_parsers_converters/test_data/b64pickle-float-1.0=True.txt -&gt; bool ------- using $&lt;read_str_from_txt&gt; =&gt; &lt;base64_ascii_str_pickle_to_object&gt; -&gt; &lt;float_to_bool&gt;$
(P)                                                                                                  |--b64pickle-float-1.0=True.txt -&gt; bool SUCCESS !
Completed parsing successfully

**** Starting to parse single object of type &lt;bool&gt; at location /home/travis/build/smarie/python-parsyfiles/parsyfiles/tests/combining_parsers_converters/test_data/b64pickle-float-1.0=True ****
Checking all files under [/home/travis/build/smarie/python-parsyfiles/parsyfiles/tests/combining_parsers_converters/test_data/b64pickle-float-1.0=True]
(C) /home/travis/build/smarie/python-parsyfiles/parsyfiles/tests/combining_parsers_converters/test_data/b64pickle-float-1.0=True (singlefile, .txt)
File checks done

Building a parsing plan to parse [/home/travis/build/smarie/python-parsyfiles/parsyfiles/tests/combining_parsers_converters/test_data/b64pickle-float-1.0=True] into a bool
(B) /home/travis/build/smarie/python-parsyfiles/parsyfiles/tests/combining_parsers_converters/test_data/b64pickle-float-1.0=True.txt -&gt; bool ------- using [Try &apos;$&lt;read_str_from_txt&gt; =&gt; &lt;str_to_bool&gt;$&apos; then &apos;$&lt;read_str_from_txt&gt; =&gt; &lt;base64_ascii_str_pickle_to_object&gt; -&gt; &lt;float_to_bool&gt;$&apos; then &apos;$&lt;read_str_from_txt&gt; =&gt; &lt;base64_ascii_str_pickle_to_object&gt; -&gt; &lt;int_to_bool&gt;$&apos; then &apos;$&lt;read_str_from_txt&gt; =&gt; &lt;base64_ascii_str_pickle_to_object&gt; -&gt; &lt;str_to_bool&gt;$&apos; then &apos;$&lt;read_str_from_txt&gt; =&gt; &lt;base64_ascii_str_pickle_to_object&gt;$]&apos;]
(B)                                                                                                  |--b64pickle-float-1.0=True.txt -&gt; bool ------- using $&lt;read_str_from_txt&gt; =&gt; &lt;str_to_bool&gt;$
Parsing Plan created successfully

Executing Parsing Plan for [/home/travis/build/smarie/python-parsyfiles/parsyfiles/tests/combining_parsers_converters/test_data/b64pickle-float-1.0=True]
(P) /home/travis/build/smarie/python-parsyfiles/parsyfiles/tests/combining_parsers_converters/test_data/b64pickle-float-1.0=True.txt -&gt; bool ------- using $&lt;read_str_from_txt&gt; =&gt; &lt;str_to_bool&gt;$
  !! Caught error during execution !!
  File &quot;/home/travis/build/smarie/python-parsyfiles/parsyfiles/converting_core.py&quot;, line 524, in _convert
    return self.conversion_method(desired_type, source_obj, logger, **opts)
  File &quot;/home/travis/build/smarie/python-parsyfiles/parsyfiles/plugins_base/support_for_primitive_types.py&quot;, line 84, in primitive_to_bool
    return bool(strtobool(source))
  File &quot;/opt/python/3.5.5/lib/python3.5/distutils/util.py&quot;, line 317, in strtobool
    raise ValueError(&quot;invalid truth value %r&quot; % (val,))
  ParsingException : Error while parsing /home/travis/build/smarie/python-parsyfiles/parsyfiles/tests/combining_parsers_converters/test_data/b64pickle-float-1.0=True (singlefile, .txt) as a bool with parser &apos;$&lt;read_str_from_txt&gt; =&gt; &lt;str_to_bool&gt;$&apos; using options=({&apos;MultifileCollectionParser&apos;: {&apos;lazy_parsing&apos;: False}}) : caught 
  ValueError : invalid truth value &apos;ganhp/aaaaaaaaau&apos;
Rebuilding local parsing plan with next candidate parser: $&lt;read_str_from_txt&gt; =&gt; &lt;base64_ascii_str_pickle_to_object&gt; -&gt; &lt;float_to_bool&gt;$
(B)                                                                                                  |--b64pickle-float-1.0=True.txt -&gt; bool ------- using $&lt;read_str_from_txt&gt; =&gt; &lt;base64_ascii_str_pickle_to_object&gt; -&gt; &lt;float_to_bool&gt;$
DONE Rebuilding local parsing plan for [/home/travis/build/smarie/python-parsyfiles/parsyfiles/tests/combining_parsers_converters/test_data/b64pickle-float-1.0=True.txt]. Resuming parsing...
Executing Parsing Plan for [/home/travis/build/smarie/python-parsyfiles/parsyfiles/tests/combining_parsers_converters/test_data/b64pickle-float-1.0=True]
(P) /home/travis/build/smarie/python-parsyfiles/parsyfiles/tests/combining_parsers_converters/test_data/b64pickle-float-1.0=True.txt -&gt; bool ------- using $&lt;read_str_from_txt&gt; =&gt; &lt;base64_ascii_str_pickle_to_object&gt; -&gt; &lt;float_to_bool&gt;$
(P)                                                                                                  |--b64pickle-float-1.0=True.txt -&gt; bool SUCCESS !
Completed parsing successfully

**** Starting to parse single object of type &lt;bool&gt; at location /home/travis/build/smarie/python-parsyfiles/parsyfiles/tests/combining_parsers_converters/test_data/b64pickle-float-1.0=True ****
Checking all files under [/home/travis/build/smarie/python-parsyfiles/parsyfiles/tests/combining_parsers_converters/test_data/b64pickle-float-1.0=True]
(C) /home/travis/build/smarie/python-parsyfiles/parsyfiles/tests/combining_parsers_converters/test_data/b64pickle-float-1.0=True (singlefile, .txt)
File checks done

Building a parsing plan to parse [/home/travis/build/smarie/python-parsyfiles/parsyfiles/tests/combining_parsers_converters/test_data/b64pickle-float-1.0=True] into a bool
(B) /home/travis/build/smarie/python-parsyfiles/parsyfiles/tests/combining_parsers_converters/test_data/b64pickle-float-1.0=True.txt -&gt; bool ------- using [Try &apos;$&lt;read_str_from_txt&gt; =&gt; &lt;str_to_bool&gt;$&apos; then &apos;$&lt;read_str_from_txt&gt; =&gt; &lt;base64_ascii_str_pickle_to_object&gt; -&gt; &lt;float_to_bool&gt;$&apos; then &apos;$&lt;read_str_from_txt&gt; =&gt; &lt;base64_ascii_str_pickle_to_object&gt; -&gt; &lt;int_to_bool&gt;$&apos; then &apos;$&lt;read_str_from_txt&gt; =&gt; &lt;base64_ascii_str_pickle_to_object&gt; -&gt; &lt;str_to_bool&gt;$&apos; then &apos;$&lt;read_str_from_txt&gt; =&gt; &lt;base64_ascii_str_pickle_to_object&gt;$]&apos;]
(B)                                                                                                  |--b64pickle-float-1.0=True.txt -&gt; bool ------- using $&lt;read_str_from_txt&gt; =&gt; &lt;str_to_bool&gt;$
Parsing Plan created successfully

Executing Parsing Plan for [/home/travis/build/smarie/python-parsyfiles/parsyfiles/tests/combining_parsers_converters/test_data/b64pickle-float-1.0=True]
(P) /home/travis/build/smarie/python-parsyfiles/parsyfiles/tests/combining_parsers_converters/test_data/b64pickle-float-1.0=True.txt -&gt; bool ------- using $&lt;read_str_from_txt&gt; =&gt; &lt;str_to_bool&gt;$
  !! Caught error during execution !!
  File &quot;/home/travis/build/smarie/python-parsyfiles/parsyfiles/converting_core.py&quot;, line 524, in _convert
    return self.conversion_method(desired_type, source_obj, logger, **opts)
  File &quot;/home/travis/build/smarie/python-parsyfiles/parsyfiles/plugins_base/support_for_primitive_types.py&quot;, line 84, in primitive_to_bool
    return bool(strtobool(source))
  File &quot;/opt/python/3.5.5/lib/python3.5/distutils/util.py&quot;, line 317, in strtobool
    raise ValueError(&quot;invalid truth value %r&quot; % (val,))
  ParsingException : Error while parsing /home/travis/build/smarie/python-parsyfiles/parsyfiles/tests/combining_parsers_converters/test_data/b64pickle-float-1.0=True (singlefile, .txt) as a bool with parser &apos;$&lt;read_str_from_txt&gt; =&gt; &lt;str_to_bool&gt;$&apos; using options=({&apos;MultifileCollectionParser&apos;: {&apos;lazy_parsing&apos;: False}}) : caught 
  ValueError : invalid truth value &apos;ganhp/aaaaaaaaau&apos;
Rebuilding local parsing plan with next candidate parser: $&lt;read_str_from_txt&gt; =&gt; &lt;base64_ascii_str_pickle_to_object&gt; -&gt; &lt;float_to_bool&gt;$
(B)                                                                                                  |--b64pickle-float-1.0=True.txt -&gt; bool ------- using $&lt;read_str_from_txt&gt; =&gt; &lt;base64_ascii_str_pickle_to_object&gt; -&gt; &lt;float_to_bool&gt;$
DONE Rebuilding local parsing plan for [/home/travis/build/smarie/python-parsyfiles/parsyfiles/tests/combining_parsers_converters/test_data/b64pickle-float-1.0=True.txt]. Resuming parsing...
Executing Parsing Plan for [/home/travis/build/smarie/python-parsyfiles/parsyfiles/tests/combining_parsers_converters/test_data/b64pickle-float-1.0=True]
(P) /home/travis/build/smarie/python-parsyfiles/parsyfiles/tests/combining_parsers_converters/test_data/b64pickle-float-1.0=True.txt -&gt; bool ------- using $&lt;read_str_from_txt&gt; =&gt; &lt;base64_ascii_str_pickle_to_object&gt; -&gt; &lt;float_to_bool&gt;$
(P)                                                                                                  |--b64pickle-float-1.0=True.txt -&gt; bool SUCCESS !
Completed parsing successfully

**** Starting to parse single object of type &lt;bool&gt; at location /home/travis/build/smarie/python-parsyfiles/parsyfiles/tests/combining_parsers_converters/test_data/b64pickle-float-1.0=True ****
Checking all files under [/home/travis/build/smarie/python-parsyfiles/parsyfiles/tests/combining_parsers_converters/test_data/b64pickle-float-1.0=True]
(C) /home/travis/build/smarie/python-parsyfiles/parsyfiles/tests/combining_parsers_converters/test_data/b64pickle-float-1.0=True (singlefile, .txt)
File checks done

Building a parsing plan to parse [/home/travis/build/smarie/python-parsyfiles/parsyfiles/tests/combining_parsers_converters/test_data/b64pickle-float-1.0=True] into a bool
(B) /home/travis/build/smarie/python-parsyfiles/parsyfiles/tests/combining_parsers_converters/test_data/b64pickle-float-1.0=True.txt -&gt; bool ------- using [Try &apos;$&lt;read_str_from_txt&gt; =&gt; &lt;str_to_bool&gt;$&apos; then &apos;$&lt;read_str_from_txt&gt; =&gt; &lt;base64_ascii_str_pickle_to_object&gt; -&gt; &lt;float_to_bool&gt;$&apos; then &apos;$&lt;read_str_from_txt&gt; =&gt; &lt;base64_ascii_str_pickle_to_object&gt; -&gt; &lt;int_to_bool&gt;$&apos; then &apos;$&lt;read_str_from_txt&gt; =&gt; &lt;base64_ascii_str_pickle_to_object&gt; -&gt; &lt;str_to_bool&gt;$&apos; then &apos;$&lt;read_str_from_txt&gt; =&gt; &lt;base64_ascii_str_pickle_to_object&gt;$]&apos;]
(B)                                                                                                  |--b64pickle-float-1.0=True.txt -&gt; bool ------- using $&lt;read_str_from_txt&gt; =&gt; &lt;str_to_bool&gt;$
Parsing Plan created successfully

Executing Parsing Plan for [/home/travis/build/smarie/python-parsyfiles/parsyfiles/tests/combining_parsers_converters/test_data/b64pickle-float-1.0=True]
(P) /home/travis/build/smarie/python-parsyfiles/parsyfiles/tests/combining_parsers_converters/test_data/b64pickle-float-1.0=True.txt -&gt; bool ------- using $&lt;read_str_from_txt&gt; =&gt; &lt;str_to_bool&gt;$
  !! Caught error during execution !!
  File &quot;/home/travis/build/smarie/python-parsyfiles/parsyfiles/converting_core.py&quot;, line 524, in _convert
    return self.conversion_method(desired_type, source_obj, logger, **opts)
  File &quot;/home/travis/build/smarie/python-parsyfiles/parsyfiles/plugins_base/support_for_primitive_types.py&quot;, line 84, in primitive_to_bool
    return bool(strtobool(source))
  File &quot;/opt/python/3.5.5/lib/python3.5/distutils/util.py&quot;, line 317, in strtobool
    raise ValueError(&quot;invalid truth value %r&quot; % (val,))
  ParsingException : Error while parsing /home/travis/build/smarie/python-parsyfiles/parsyfiles/tests/combining_parsers_converters/test_data/b64pickle-float-1.0=True (singlefile, .txt) as a bool with parser &apos;$&lt;read_str_from_txt&gt; =&gt; &lt;str_to_bool&gt;$&apos; using options=({&apos;MultifileCollectionParser&apos;: {&apos;lazy_parsing&apos;: False}}) : caught 
  ValueError : invalid truth value &apos;ganhp/aaaaaaaaau&apos;
Rebuilding local parsing plan with next candidate parser: $&lt;read_str_from_txt&gt; =&gt; &lt;base64_ascii_str_pickle_to_object&gt; -&gt; &lt;float_to_bool&gt;$
(B)                                                                                                  |--b64pickle-float-1.0=True.txt -&gt; bool ------- using $&lt;read_str_from_txt&gt; =&gt; &lt;base64_ascii_str_pickle_to_object&gt; -&gt; &lt;float_to_bool&gt;$
DONE Rebuilding local parsing plan for [/home/travis/build/smarie/python-parsyfiles/parsyfiles/tests/combining_parsers_converters/test_data/b64pickle-float-1.0=True.txt]. Resuming parsing...
Executing Parsing Plan for [/home/travis/build/smarie/python-parsyfiles/parsyfiles/tests/combining_parsers_converters/test_data/b64pickle-float-1.0=True]
(P) /home/travis/build/smarie/python-parsyfiles/parsyfiles/tests/combining_parsers_converters/test_data/b64pickle-float-1.0=True.txt -&gt; bool ------- using $&lt;read_str_from_txt&gt; =&gt; &lt;base64_ascii_str_pickle_to_object&gt; -&gt; &lt;float_to_bool&gt;$
(P)                                                                                                  |--b64pickle-float-1.0=True.txt -&gt; bool SUCCESS !
Completed parsing successfully

**** Starting to parse single object of type &lt;bool&gt; at location /home/travis/build/smarie/python-parsyfiles/parsyfiles/tests/combining_parsers_converters/test_data/b64pickle-float-1.0=True ****
Checking all files under [/home/travis/build/smarie/python-parsyfiles/parsyfiles/tests/combining_parsers_converters/test_data/b64pickle-float-1.0=True]
(C) /home/travis/build/smarie/python-parsyfiles/parsyfiles/tests/combining_parsers_converters/test_data/b64pickle-float-1.0=True (singlefile, .txt)
File checks done

Building a parsing plan to parse [/home/travis/build/smarie/python-parsyfiles/parsyfiles/tests/combining_parsers_converters/test_data/b64pickle-float-1.0=True] into a bool
(B) /home/travis/build/smarie/python-parsyfiles/parsyfiles/tests/combining_parsers_converters/test_data/b64pickle-float-1.0=True.txt -&gt; bool ------- using [Try &apos;$&lt;read_str_from_txt&gt; =&gt; &lt;str_to_bool&gt;$&apos; then &apos;$&lt;read_str_from_txt&gt; =&gt; &lt;base64_ascii_str_pickle_to_object&gt; -&gt; &lt;float_to_bool&gt;$&apos; then &apos;$&lt;read_str_from_txt&gt; =&gt; &lt;base64_ascii_str_pickle_to_object&gt; -&gt; &lt;int_to_bool&gt;$&apos; then &apos;$&lt;read_str_from_txt&gt; =&gt; &lt;base64_ascii_str_pickle_to_object&gt; -&gt; &lt;str_to_bool&gt;$&apos; then &apos;$&lt;read_str_from_txt&gt; =&gt; &lt;base64_ascii_str_pickle_to_object&gt;$]&apos;]
(B)                                                                                                  |--b64pickle-float-1.0=True.txt -&gt; bool ------- using $&lt;read_str_from_txt&gt; =&gt; &lt;str_to_bool&gt;$
Parsing Plan created successfully

Executing Parsing Plan for [/home/travis/build/smarie/python-parsyfiles/parsyfiles/tests/combining_parsers_converters/test_data/b64pickle-float-1.0=True]
(P) /home/travis/build/smarie/python-parsyfiles/parsyfiles/tests/combining_parsers_converters/test_data/b64pickle-float-1.0=True.txt -&gt; bool ------- using $&lt;read_str_from_txt&gt; =&gt; &lt;str_to_bool&gt;$
  !! Caught error during execution !!
  File &quot;/home/travis/build/smarie/python-parsyfiles/parsyfiles/converting_core.py&quot;, line 524, in _convert
    return self.conversion_method(desired_type, source_obj, logger, **opts)
  File &quot;/home/travis/build/smarie/python-parsyfiles/parsyfiles/plugins_base/support_for_primitive_types.py&quot;, line 84, in primitive_to_bool
    return bool(strtobool(source))
  File &quot;/opt/python/3.5.5/lib/python3.5/distutils/util.py&quot;, line 317, in strtobool
    raise ValueError(&quot;invalid truth value %r&quot; % (val,))
  ParsingException : Error while parsing /home/travis/build/smarie/python-parsyfiles/parsyfiles/tests/combining_parsers_converters/test_data/b64pickle-float-1.0=True (singlefile, .txt) as a bool with parser &apos;$&lt;read_str_from_txt&gt; =&gt; &lt;str_to_bool&gt;$&apos; using options=({&apos;MultifileCollectionParser&apos;: {&apos;lazy_parsing&apos;: False}}) : caught 
  ValueError : invalid truth value &apos;ganhp/aaaaaaaaau&apos;
Rebuilding local parsing plan with next candidate parser: $&lt;read_str_from_txt&gt; =&gt; &lt;base64_ascii_str_pickle_to_object&gt; -&gt; &lt;float_to_bool&gt;$
(B)                                                                                                  |--b64pickle-float-1.0=True.txt -&gt; bool ------- using $&lt;read_str_from_txt&gt; =&gt; &lt;base64_ascii_str_pickle_to_object&gt; -&gt; &lt;float_to_bool&gt;$
DONE Rebuilding local parsing plan for [/home/travis/build/smarie/python-parsyfiles/parsyfiles/tests/combining_parsers_converters/test_data/b64pickle-float-1.0=True.txt]. Resuming parsing...
Executing Parsing Plan for [/home/travis/build/smarie/python-parsyfiles/parsyfiles/tests/combining_parsers_converters/test_data/b64pickle-float-1.0=True]
(P) /home/travis/build/smarie/python-parsyfiles/parsyfiles/tests/combining_parsers_converters/test_data/b64pickle-float-1.0=True.txt -&gt; bool ------- using $&lt;read_str_from_txt&gt; =&gt; &lt;base64_ascii_str_pickle_to_object&gt; -&gt; &lt;float_to_bool&gt;$
(P)                                                                                                  |--b64pickle-float-1.0=True.txt -&gt; bool SUCCESS !
Completed parsing successfully

**** Starting to parse single object of type &lt;bool&gt; at location /home/travis/build/smarie/python-parsyfiles/parsyfiles/tests/combining_parsers_converters/test_data/b64pickle-float-1.0=True ****
Checking all files under [/home/travis/build/smarie/python-parsyfiles/parsyfiles/tests/combining_parsers_converters/test_data/b64pickle-float-1.0=True]
(C) /home/travis/build/smarie/python-parsyfiles/parsyfiles/tests/combining_parsers_converters/test_data/b64pickle-float-1.0=True (singlefile, .txt)
File checks done

Building a parsing plan to parse [/home/travis/build/smarie/python-parsyfiles/parsyfiles/tests/combining_parsers_converters/test_data/b64pickle-float-1.0=True] into a bool
(B) /home/travis/build/smarie/python-parsyfiles/parsyfiles/tests/combining_parsers_converters/test_data/b64pickle-float-1.0=True.txt -&gt; bool ------- using [Try &apos;$&lt;read_str_from_txt&gt; =&gt; &lt;str_to_bool&gt;$&apos; then &apos;$&lt;read_str_from_txt&gt; =&gt; &lt;base64_ascii_str_pickle_to_object&gt; -&gt; &lt;float_to_bool&gt;$&apos; then &apos;$&lt;read_str_from_txt&gt; =&gt; &lt;base64_ascii_str_pickle_to_object&gt; -&gt; &lt;int_to_bool&gt;$&apos; then &apos;$&lt;read_str_from_txt&gt; =&gt; &lt;base64_ascii_str_pickle_to_object&gt; -&gt; &lt;str_to_bool&gt;$&apos; then &apos;$&lt;read_str_from_txt&gt; =&gt; &lt;base64_ascii_str_pickle_to_object&gt;$]&apos;]
(B)                                                                                                  |--b64pickle-float-1.0=True.txt -&gt; bool ------- using $&lt;read_str_from_txt&gt; =&gt; &lt;str_to_bool&gt;$
Parsing Plan created successfully

Executing Parsing Plan for [/home/travis/build/smarie/python-parsyfiles/parsyfiles/tests/combining_parsers_converters/test_data/b64pickle-float-1.0=True]
(P) /home/travis/build/smarie/python-parsyfiles/parsyfiles/tests/combining_parsers_converters/test_data/b64pickle-float-1.0=True.txt -&gt; bool ------- using $&lt;read_str_from_txt&gt; =&gt; &lt;str_to_bool&gt;$
  !! Caught error during execution !!
  File &quot;/home/travis/build/smarie/python-parsyfiles/parsyfiles/converting_core.py&quot;, line 524, in _convert
    return self.conversion_method(desired_type, source_obj, logger, **opts)
  File &quot;/home/travis/build/smarie/python-parsyfiles/parsyfiles/plugins_base/support_for_primitive_types.py&quot;, line 84, in primitive_to_bool
    return bool(strtobool(source))
  File &quot;/opt/python/3.5.5/lib/python3.5/distutils/util.py&quot;, line 317, in strtobool
    raise ValueError(&quot;invalid truth value %r&quot; % (val,))
  ParsingException : Error while parsing /home/travis/build/smarie/python-parsyfiles/parsyfiles/tests/combining_parsers_converters/test_data/b64pickle-float-1.0=True (singlefile, .txt) as a bool with parser &apos;$&lt;read_str_from_txt&gt; =&gt; &lt;str_to_bool&gt;$&apos; using options=({&apos;MultifileCollectionParser&apos;: {&apos;lazy_parsing&apos;: False}}) : caught 
  ValueError : invalid truth value &apos;ganhp/aaaaaaaaau&apos;
Rebuilding local parsing plan with next candidate parser: $&lt;read_str_from_txt&gt; =&gt; &lt;base64_ascii_str_pickle_to_object&gt; -&gt; &lt;float_to_bool&gt;$
(B)                                                                                                  |--b64pickle-float-1.0=True.txt -&gt; bool ------- using $&lt;read_str_from_txt&gt; =&gt; &lt;base64_ascii_str_pickle_to_object&gt; -&gt; &lt;float_to_bool&gt;$
DONE Rebuilding local parsing plan for [/home/travis/build/smarie/python-parsyfiles/parsyfiles/tests/combining_parsers_converters/test_data/b64pickle-float-1.0=True.txt]. Resuming parsing...
Executing Parsing Plan for [/home/travis/build/smarie/python-parsyfiles/parsyfiles/tests/combining_parsers_converters/test_data/b64pickle-float-1.0=True]
(P) /home/travis/build/smarie/python-parsyfiles/parsyfiles/tests/combining_parsers_converters/test_data/b64pickle-float-1.0=True.txt -&gt; bool ------- using $&lt;read_str_from_txt&gt; =&gt; &lt;base64_ascii_str_pickle_to_object&gt; -&gt; &lt;float_to_bool&gt;$
(P)                                                                                                  |--b64pickle-float-1.0=True.txt -&gt; bool SUCCESS !
Completed parsing successfully

**** Starting to parse single object of type &lt;bool&gt; at location /home/travis/build/smarie/python-parsyfiles/parsyfiles/tests/combining_parsers_converters/test_data/b64pickle-float-1.0=True ****
Checking all files under [/home/travis/build/smarie/python-parsyfiles/parsyfiles/tests/combining_parsers_converters/test_data/b64pickle-float-1.0=True]
(C) /home/travis/build/smarie/python-parsyfiles/parsyfiles/tests/combining_parsers_converters/test_data/b64pickle-float-1.0=True (singlefile, .txt)
File checks done

Building a parsing plan to parse [/home/travis/build/smarie/python-parsyfiles/parsyfiles/tests/combining_parsers_converters/test_data/b64pickle-float-1.0=True] into a bool
(B) /home/travis/build/smarie/python-parsyfiles/parsyfiles/tests/combining_parsers_converters/test_data/b64pickle-float-1.0=True.txt -&gt; bool ------- using [Try &apos;$&lt;read_str_from_txt&gt; =&gt; &lt;str_to_bool&gt;$&apos; then &apos;$&lt;read_str_from_txt&gt; =&gt; &lt;base64_ascii_str_pickle_to_object&gt; -&gt; &lt;float_to_bool&gt;$&apos; then &apos;$&lt;read_str_from_txt&gt; =&gt; &lt;base64_ascii_str_pickle_to_object&gt; -&gt; &lt;int_to_bool&gt;$&apos; then &apos;$&lt;read_str_from_txt&gt; =&gt; &lt;base64_ascii_str_pickle_to_object&gt; -&gt; &lt;str_to_bool&gt;$&apos; then &apos;$&lt;read_str_from_txt&gt; =&gt; &lt;base64_ascii_str_pickle_to_object&gt;$]&apos;]
(B)                                                                                                  |--b64pickle-float-1.0=True.txt -&gt; bool ------- using $&lt;read_str_from_txt&gt; =&gt; &lt;str_to_bool&gt;$
Parsing Plan created successfully

Executing Parsing Plan for [/home/travis/build/smarie/python-parsyfiles/parsyfiles/tests/combining_parsers_converters/test_data/b64pickle-float-1.0=True]
(P) /home/travis/build/smarie/python-parsyfiles/parsyfiles/tests/combining_parsers_converters/test_data/b64pickle-float-1.0=True.txt -&gt; bool ------- using $&lt;read_str_from_txt&gt; =&gt; &lt;str_to_bool&gt;$
  !! Caught error during execution !!
  File &quot;/home/travis/build/smarie/python-parsyfiles/parsyfiles/converting_core.py&quot;, line 524, in _convert
    return self.conversion_method(desired_type, source_obj, logger, **opts)
  File &quot;/home/travis/build/smarie/python-parsyfiles/parsyfiles/plugins_base/support_for_primitive_types.py&quot;, line 84, in primitive_to_bool
    return bool(strtobool(source))
  File &quot;/opt/python/3.5.5/lib/python3.5/distutils/util.py&quot;, line 317, in strtobool
    raise ValueError(&quot;invalid truth value %r&quot; % (val,))
  ParsingException : Error while parsing /home/travis/build/smarie/python-parsyfiles/parsyfiles/tests/combining_parsers_converters/test_data/b64pickle-float-1.0=True (singlefile, .txt) as a bool with parser &apos;$&lt;read_str_from_txt&gt; =&gt; &lt;str_to_bool&gt;$&apos; using options=({&apos;MultifileCollectionParser&apos;: {&apos;lazy_parsing&apos;: False}}) : caught 
  ValueError : invalid truth value &apos;ganhp/aaaaaaaaau&apos;
Rebuilding local parsing plan with next candidate parser: $&lt;read_str_from_txt&gt; =&gt; &lt;base64_ascii_str_pickle_to_object&gt; -&gt; &lt;float_to_bool&gt;$
(B)                                                                                                  |--b64pickle-float-1.0=True.txt -&gt; bool ------- using $&lt;read_str_from_txt&gt; =&gt; &lt;base64_ascii_str_pickle_to_object&gt; -&gt; &lt;float_to_bool&gt;$
DONE Rebuilding local parsing plan for [/home/travis/build/smarie/python-parsyfiles/parsyfiles/tests/combining_parsers_converters/test_data/b64pickle-float-1.0=True.txt]. Resuming parsing...
Executing Parsing Plan for [/home/travis/build/smarie/python-parsyfiles/parsyfiles/tests/combining_parsers_converters/test_data/b64pickle-float-1.0=True]
(P) /home/travis/build/smarie/python-parsyfiles/parsyfiles/tests/combining_parsers_converters/test_data/b64pickle-float-1.0=True.txt -&gt; bool ------- using $&lt;read_str_from_txt&gt; =&gt; &lt;base64_ascii_str_pickle_to_object&gt; -&gt; &lt;float_to_bool&gt;$
(P)                                                                                                  |--b64pickle-float-1.0=True.txt -&gt; bool SUCCESS !
Completed parsing successfully

**** Starting to parse single object of type &lt;bool&gt; at location /home/travis/build/smarie/python-parsyfiles/parsyfiles/tests/combining_parsers_converters/test_data/b64pickle-float-1.0=True ****
Checking all files under [/home/travis/build/smarie/python-parsyfiles/parsyfiles/tests/combining_parsers_converters/test_data/b64pickle-float-1.0=True]
(C) /home/travis/build/smarie/python-parsyfiles/parsyfiles/tests/combining_parsers_converters/test_data/b64pickle-float-1.0=True (singlefile, .txt)
File checks done

Building a parsing plan to parse [/home/travis/build/smarie/python-parsyfiles/parsyfiles/tests/combining_parsers_converters/test_data/b64pickle-float-1.0=True] into a bool
(B) /home/travis/build/smarie/python-parsyfiles/parsyfiles/tests/combining_parsers_converters/test_data/b64pickle-float-1.0=True.txt -&gt; bool ------- using [Try &apos;$&lt;read_str_from_txt&gt; =&gt; &lt;str_to_bool&gt;$&apos; then &apos;$&lt;read_str_from_txt&gt; =&gt; &lt;base64_ascii_str_pickle_to_object&gt; -&gt; &lt;float_to_bool&gt;$&apos; then &apos;$&lt;read_str_from_txt&gt; =&gt; &lt;base64_ascii_str_pickle_to_object&gt; -&gt; &lt;int_to_bool&gt;$&apos; then &apos;$&lt;read_str_from_txt&gt; =&gt; &lt;base64_ascii_str_pickle_to_object&gt; -&gt; &lt;str_to_bool&gt;$&apos; then &apos;$&lt;read_str_from_txt&gt; =&gt; &lt;base64_ascii_str_pickle_to_object&gt;$]&apos;]
(B)                                                                                                  |--b64pickle-float-1.0=True.txt -&gt; bool ------- using $&lt;read_str_from_txt&gt; =&gt; &lt;str_to_bool&gt;$
Parsing Plan created successfully

Executing Parsing Plan for [/home/travis/build/smarie/python-parsyfiles/parsyfiles/tests/combining_parsers_converters/test_data/b64pickle-float-1.0=True]
(P) /home/travis/build/smarie/python-parsyfiles/parsyfiles/tests/combining_parsers_converters/test_data/b64pickle-float-1.0=True.txt -&gt; bool ------- using $&lt;read_str_from_txt&gt; =&gt; &lt;str_to_bool&gt;$
  !! Caught error during execution !!
  File &quot;/home/travis/build/smarie/python-parsyfiles/parsyfiles/converting_core.py&quot;, line 524, in _convert
    return self.conversion_method(desired_type, source_obj, logger, **opts)
  File &quot;/home/travis/build/smarie/python-parsyfiles/parsyfiles/plugins_base/support_for_primitive_types.py&quot;, line 84, in primitive_to_bool
    return bool(strtobool(source))
  File &quot;/opt/python/3.5.5/lib/python3.5/distutils/util.py&quot;, line 317, in strtobool
    raise ValueError(&quot;invalid truth value %r&quot; % (val,))
  ParsingException : Error while parsing /home/travis/build/smarie/python-parsyfiles/parsyfiles/tests/combining_parsers_converters/test_data/b64pickle-float-1.0=True (singlefile, .txt) as a bool with parser &apos;$&lt;read_str_from_txt&gt; =&gt; &lt;str_to_bool&gt;$&apos; using options=({&apos;MultifileCollectionParser&apos;: {&apos;lazy_parsing&apos;: False}}) : caught 
  ValueError : invalid truth value &apos;ganhp/aaaaaaaaau&apos;
Rebuilding local parsing plan with next candidate parser: $&lt;read_str_from_txt&gt; =&gt; &lt;base64_ascii_str_pickle_to_object&gt; -&gt; &lt;float_to_bool&gt;$
(B)                                                                                                  |--b64pickle-float-1.0=True.txt -&gt; bool ------- using $&lt;read_str_from_txt&gt; =&gt; &lt;base64_ascii_str_pickle_to_object&gt; -&gt; &lt;float_to_bool&gt;$
DONE Rebuilding local parsing plan for [/home/travis/build/smarie/python-parsyfiles/parsyfiles/tests/combining_parsers_converters/test_data/b64pickle-float-1.0=True.txt]. Resuming parsing...
Executing Parsing Plan for [/home/travis/build/smarie/python-parsyfiles/parsyfiles/tests/combining_parsers_converters/test_data/b64pickle-float-1.0=True]
(P) /home/travis/build/smarie/python-parsyfiles/parsyfiles/tests/combining_parsers_converters/test_data/b64pickle-float-1.0=True.txt -&gt; bool ------- using $&lt;read_str_from_txt&gt; =&gt; &lt;base64_ascii_str_pickle_to_object&gt; -&gt; &lt;float_to_bool&gt;$
(P)                                                                                                  |--b64pickle-float-1.0=True.txt -&gt; bool SUCCESS !
Completed parsing successfully

**** Starting to parse single object of type &lt;bool&gt; at location /home/travis/build/smarie/python-parsyfiles/parsyfiles/tests/combining_parsers_converters/test_data/b64pickle-float-1.0=True ****
Checking all files under [/home/travis/build/smarie/python-parsyfiles/parsyfiles/tests/combining_parsers_converters/test_data/b64pickle-float-1.0=True]
(C) /home/travis/build/smarie/python-parsyfiles/parsyfiles/tests/combining_parsers_converters/test_data/b64pickle-float-1.0=True (singlefile, .txt)
File checks done

Building a parsing plan to parse [/home/travis/build/smarie/python-parsyfiles/parsyfiles/tests/combining_parsers_converters/test_data/b64pickle-float-1.0=True] into a bool
(B) /home/travis/build/smarie/python-parsyfiles/parsyfiles/tests/combining_parsers_converters/test_data/b64pickle-float-1.0=True.txt -&gt; bool ------- using [Try &apos;$&lt;read_str_from_txt&gt; =&gt; &lt;str_to_bool&gt;$&apos; then &apos;$&lt;read_str_from_txt&gt; =&gt; &lt;base64_ascii_str_pickle_to_object&gt; -&gt; &lt;float_to_bool&gt;$&apos; then &apos;$&lt;read_str_from_txt&gt; =&gt; &lt;base64_ascii_str_pickle_to_object&gt; -&gt; &lt;int_to_bool&gt;$&apos; then &apos;$&lt;read_str_from_txt&gt; =&gt; &lt;base64_ascii_str_pickle_to_object&gt; -&gt; &lt;str_to_bool&gt;$&apos; then &apos;$&lt;read_str_from_txt&gt; =&gt; &lt;base64_ascii_str_pickle_to_object&gt;$]&apos;]
(B)                                                                                                  |--b64pickle-float-1.0=True.txt -&gt; bool ------- using $&lt;read_str_from_txt&gt; =&gt; &lt;str_to_bool&gt;$
Parsing Plan created successfully

Executing Parsing Plan for [/home/travis/build/smarie/python-parsyfiles/parsyfiles/tests/combining_parsers_converters/test_data/b64pickle-float-1.0=True]
(P) /home/travis/build/smarie/python-parsyfiles/parsyfiles/tests/combining_parsers_converters/test_data/b64pickle-float-1.0=True.txt -&gt; bool ------- using $&lt;read_str_from_txt&gt; =&gt; &lt;str_to_bool&gt;$
  !! Caught error during execution !!
  File &quot;/home/travis/build/smarie/python-parsyfiles/parsyfiles/converting_core.py&quot;, line 524, in _convert
    return self.conversion_method(desired_type, source_obj, logger, **opts)
  File &quot;/home/travis/build/smarie/python-parsyfiles/parsyfiles/plugins_base/support_for_primitive_types.py&quot;, line 84, in primitive_to_bool
    return bool(strtobool(source))
  File &quot;/opt/python/3.5.5/lib/python3.5/distutils/util.py&quot;, line 317, in strtobool
    raise ValueError(&quot;invalid truth value %r&quot; % (val,))
  ParsingException : Error while parsing /home/travis/build/smarie/python-parsyfiles/parsyfiles/tests/combining_parsers_converters/test_data/b64pickle-float-1.0=True (singlefile, .txt) as a bool with parser &apos;$&lt;read_str_from_txt&gt; =&gt; &lt;str_to_bool&gt;$&apos; using options=({&apos;MultifileCollectionParser&apos;: {&apos;lazy_parsing&apos;: False}}) : caught 
  ValueError : invalid truth value &apos;ganhp/aaaaaaaaau&apos;
Rebuilding local parsing plan with next candidate parser: $&lt;read_str_from_txt&gt; =&gt; &lt;base64_ascii_str_pickle_to_object&gt; -&gt; &lt;float_to_bool&gt;$
(B)                                                                                                  |--b64pickle-float-1.0=True.txt -&gt; bool ------- using $&lt;read_str_from_txt&gt; =&gt; &lt;base64_ascii_str_pickle_to_object&gt; -&gt; &lt;float_to_bool&gt;$
DONE Rebuilding local parsing plan for [/home/travis/build/smarie/python-parsyfiles/parsyfiles/tests/combining_parsers_converters/test_data/b64pickle-float-1.0=True.txt]. Resuming parsing...
Executing Parsing Plan for [/home/travis/build/smarie/python-parsyfiles/parsyfiles/tests/combining_parsers_converters/test_data/b64pickle-float-1.0=True]
(P) /home/travis/build/smarie/python-parsyfiles/parsyfiles/tests/combining_parsers_converters/test_data/b64pickle-float-1.0=True.txt -&gt; bool ------- using $&lt;read_str_from_txt&gt; =&gt; &lt;base64_ascii_str_pickle_to_object&gt; -&gt; &lt;float_to_bool&gt;$
(P)                                                                                                  |--b64pickle-float-1.0=True.txt -&gt; bool SUCCESS !
Completed parsing successfully

**** Starting to parse single object of type &lt;bool&gt; at location /home/travis/build/smarie/python-parsyfiles/parsyfiles/tests/combining_parsers_converters/test_data/b64pickle-float-1.0=True ****
Checking all files under [/home/travis/build/smarie/python-parsyfiles/parsyfiles/tests/combining_parsers_converters/test_data/b64pickle-float-1.0=True]
(C) /home/travis/build/smarie/python-parsyfiles/parsyfiles/tests/combining_parsers_converters/test_data/b64pickle-float-1.0=True (singlefile, .txt)
File checks done

Building a parsing plan to parse [/home/travis/build/smarie/python-parsyfiles/parsyfiles/tests/combining_parsers_converters/test_data/b64pickle-float-1.0=True] into a bool
(B) /home/travis/build/smarie/python-parsyfiles/parsyfiles/tests/combining_parsers_converters/test_data/b64pickle-float-1.0=True.txt -&gt; bool ------- using [Try &apos;$&lt;read_str_from_txt&gt; =&gt; &lt;str_to_bool&gt;$&apos; then &apos;$&lt;read_str_from_txt&gt; =&gt; &lt;base64_ascii_str_pickle_to_object&gt; -&gt; &lt;float_to_bool&gt;$&apos; then &apos;$&lt;read_str_from_txt&gt; =&gt; &lt;base64_ascii_str_pickle_to_object&gt; -&gt; &lt;int_to_bool&gt;$&apos; then &apos;$&lt;read_str_from_txt&gt; =&gt; &lt;base64_ascii_str_pickle_to_object&gt; -&gt; &lt;str_to_bool&gt;$&apos; then &apos;$&lt;read_str_from_txt&gt; =&gt; &lt;base64_ascii_str_pickle_to_object&gt;$]&apos;]
(B)                                                                                                  |--b64pickle-float-1.0=True.txt -&gt; bool ------- using $&lt;read_str_from_txt&gt; =&gt; &lt;str_to_bool&gt;$
Parsing Plan created successfully

Executing Parsing Plan for [/home/travis/build/smarie/python-parsyfiles/parsyfiles/tests/combining_parsers_converters/test_data/b64pickle-float-1.0=True]
(P) /home/travis/build/smarie/python-parsyfiles/parsyfiles/tests/combining_parsers_converters/test_data/b64pickle-float-1.0=True.txt -&gt; bool ------- using $&lt;read_str_from_txt&gt; =&gt; &lt;str_to_bool&gt;$
  !! Caught error during execution !!
  File &quot;/home/travis/build/smarie/python-parsyfiles/parsyfiles/converting_core.py&quot;, line 524, in _convert
    return self.conversion_method(desired_type, source_obj, logger, **opts)
  File &quot;/home/travis/build/smarie/python-parsyfiles/parsyfiles/plugins_base/support_for_primitive_types.py&quot;, line 84, in primitive_to_bool
    return bool(strtobool(source))
  File &quot;/opt/python/3.5.5/lib/python3.5/distutils/util.py&quot;, line 317, in strtobool
    raise ValueError(&quot;invalid truth value %r&quot; % (val,))
  ParsingException : Error while parsing /home/travis/build/smarie/python-parsyfiles/parsyfiles/tests/combining_parsers_converters/test_data/b64pickle-float-1.0=True (singlefile, .txt) as a bool with parser &apos;$&lt;read_str_from_txt&gt; =&gt; &lt;str_to_bool&gt;$&apos; using options=({&apos;MultifileCollectionParser&apos;: {&apos;lazy_parsing&apos;: False}}) : caught 
  ValueError : invalid truth value &apos;ganhp/aaaaaaaaau&apos;
Rebuilding local parsing plan with next candidate parser: $&lt;read_str_from_txt&gt; =&gt; &lt;base64_ascii_str_pickle_to_object&gt; -&gt; &lt;float_to_bool&gt;$
(B)                                                                                                  |--b64pickle-float-1.0=True.txt -&gt; bool ------- using $&lt;read_str_from_txt&gt; =&gt; &lt;base64_ascii_str_pickle_to_object&gt; -&gt; &lt;float_to_bool&gt;$
DONE Rebuilding local parsing plan for [/home/travis/build/smarie/python-parsyfiles/parsyfiles/tests/combining_parsers_converters/test_data/b64pickle-float-1.0=True.txt]. Resuming parsing...
Executing Parsing Plan for [/home/travis/build/smarie/python-parsyfiles/parsyfiles/tests/combining_parsers_converters/test_data/b64pickle-float-1.0=True]
(P) /home/travis/build/smarie/python-parsyfiles/parsyfiles/tests/combining_parsers_converters/test_data/b64pickle-float-1.0=True.txt -&gt; bool ------- using $&lt;read_str_from_txt&gt; =&gt; &lt;base64_ascii_str_pickle_to_object&gt; -&gt; &lt;float_to_bool&gt;$
(P)                                                                                                  |--b64pickle-float-1.0=True.txt -&gt; bool SUCCESS !
Completed parsing successfully

**** Starting to parse single object of type &lt;bool&gt; at location /home/travis/build/smarie/python-parsyfiles/parsyfiles/tests/combining_parsers_converters/test_data/b64pickle-float-1.0=True ****
Checking all files under [/home/travis/build/smarie/python-parsyfiles/parsyfiles/tests/combining_parsers_converters/test_data/b64pickle-float-1.0=True]
(C) /home/travis/build/smarie/python-parsyfiles/parsyfiles/tests/combining_parsers_converters/test_data/b64pickle-float-1.0=True (singlefile, .txt)
File checks done

Building a parsing plan to parse [/home/travis/build/smarie/python-parsyfiles/parsyfiles/tests/combining_parsers_converters/test_data/b64pickle-float-1.0=True] into a bool
(B) /home/travis/build/smarie/python-parsyfiles/parsyfiles/tests/combining_parsers_converters/test_data/b64pickle-float-1.0=True.txt -&gt; bool ------- using [Try &apos;$&lt;read_str_from_txt&gt; =&gt; &lt;str_to_bool&gt;$&apos; then &apos;$&lt;read_str_from_txt&gt; =&gt; &lt;base64_ascii_str_pickle_to_object&gt; -&gt; &lt;float_to_bool&gt;$&apos; then &apos;$&lt;read_str_from_txt&gt; =&gt; &lt;base64_ascii_str_pickle_to_object&gt; -&gt; &lt;int_to_bool&gt;$&apos; then &apos;$&lt;read_str_from_txt&gt; =&gt; &lt;base64_ascii_str_pickle_to_object&gt; -&gt; &lt;str_to_bool&gt;$&apos; then &apos;$&lt;read_str_from_txt&gt; =&gt; &lt;base64_ascii_str_pickle_to_object&gt;$]&apos;]
(B)                                                                                                  |--b64pickle-float-1.0=True.txt -&gt; bool ------- using $&lt;read_str_from_txt&gt; =&gt; &lt;str_to_bool&gt;$
Parsing Plan created successfully

Executing Parsing Plan for [/home/travis/build/smarie/python-parsyfiles/parsyfiles/tests/combining_parsers_converters/test_data/b64pickle-float-1.0=True]
(P) /home/travis/build/smarie/python-parsyfiles/parsyfiles/tests/combining_parsers_converters/test_data/b64pickle-float-1.0=True.txt -&gt; bool ------- using $&lt;read_str_from_txt&gt; =&gt; &lt;str_to_bool&gt;$
  !! Caught error during execution !!
  File &quot;/home/travis/build/smarie/python-parsyfiles/parsyfiles/converting_core.py&quot;, line 524, in _convert
    return self.conversion_method(desired_type, source_obj, logger, **opts)
  File &quot;/home/travis/build/smarie/python-parsyfiles/parsyfiles/plugins_base/support_for_primitive_types.py&quot;, line 84, in primitive_to_bool
    return bool(strtobool(source))
  File &quot;/opt/python/3.5.5/lib/python3.5/distutils/util.py&quot;, line 317, in strtobool
    raise ValueError(&quot;invalid truth value %r&quot; % (val,))
  ParsingException : Error while parsing /home/travis/build/smarie/python-parsyfiles/parsyfiles/tests/combining_parsers_converters/test_data/b64pickle-float-1.0=True (singlefile, .txt) as a bool with parser &apos;$&lt;read_str_from_txt&gt; =&gt; &lt;str_to_bool&gt;$&apos; using options=({&apos;MultifileCollectionParser&apos;: {&apos;lazy_parsing&apos;: False}}) : caught 
  ValueError : invalid truth value &apos;ganhp/aaaaaaaaau&apos;
Rebuilding local parsing plan with next candidate parser: $&lt;read_str_from_txt&gt; =&gt; &lt;base64_ascii_str_pickle_to_object&gt; -&gt; &lt;float_to_bool&gt;$
(B)                                                                                                  |--b64pickle-float-1.0=True.txt -&gt; bool ------- using $&lt;read_str_from_txt&gt; =&gt; &lt;base64_ascii_str_pickle_to_object&gt; -&gt; &lt;float_to_bool&gt;$
DONE Rebuilding local parsing plan for [/home/travis/build/smarie/python-parsyfiles/parsyfiles/tests/combining_parsers_converters/test_data/b64pickle-float-1.0=True.txt]. Resuming parsing...
Executing Parsing Plan for [/home/travis/build/smarie/python-parsyfiles/parsyfiles/tests/combining_parsers_converters/test_data/b64pickle-float-1.0=True]
(P) /home/travis/build/smarie/python-parsyfiles/parsyfiles/tests/combining_parsers_converters/test_data/b64pickle-float-1.0=True.txt -&gt; bool ------- using $&lt;read_str_from_txt&gt; =&gt; &lt;base64_ascii_str_pickle_to_object&gt; -&gt; &lt;float_to_bool&gt;$
(P)                                                                                                  |--b64pickle-float-1.0=True.txt -&gt; bool SUCCESS !
Completed parsing successfully

**** Starting to parse single object of type &lt;bool&gt; at location /home/travis/build/smarie/python-parsyfiles/parsyfiles/tests/combining_parsers_converters/test_data/b64pickle-float-1.0=True ****
Checking all files under [/home/travis/build/smarie/python-parsyfiles/parsyfiles/tests/combining_parsers_converters/test_data/b64pickle-float-1.0=True]
(C) /home/travis/build/smarie/python-parsyfiles/parsyfiles/tests/combining_parsers_converters/test_data/b64pickle-float-1.0=True (singlefile, .txt)
File checks done

Building a parsing plan to parse [/home/travis/build/smarie/python-parsyfiles/parsyfiles/tests/combining_parsers_converters/test_data/b64pickle-float-1.0=True] into a bool
(B) /home/travis/build/smarie/python-parsyfiles/parsyfiles/tests/combining_parsers_converters/test_data/b64pickle-float-1.0=True.txt -&gt; bool ------- using [Try &apos;$&lt;read_str_from_txt&gt; =&gt; &lt;str_to_bool&gt;$&apos; then &apos;$&lt;read_str_from_txt&gt; =&gt; &lt;base64_ascii_str_pickle_to_object&gt; -&gt; &lt;float_to_bool&gt;$&apos; then &apos;$&lt;read_str_from_txt&gt; =&gt; &lt;base64_ascii_str_pickle_to_object&gt; -&gt; &lt;int_to_bool&gt;$&apos; then &apos;$&lt;read_str_from_txt&gt; =&gt; &lt;base64_ascii_str_pickle_to_object&gt; -&gt; &lt;str_to_bool&gt;$&apos; then &apos;$&lt;read_str_from_txt&gt; =&gt; &lt;base64_ascii_str_pickle_to_object&gt;$]&apos;]
(B)                                                                                                  |--b64pickle-float-1.0=True.txt -&gt; bool ------- using $&lt;read_str_from_txt&gt; =&gt; &lt;str_to_bool&gt;$
Parsing Plan created successfully

Executing Parsing Plan for [/home/travis/build/smarie/python-parsyfiles/parsyfiles/tests/combining_parsers_converters/test_data/b64pickle-float-1.0=True]
(P) /home/travis/build/smarie/python-parsyfiles/parsyfiles/tests/combining_parsers_converters/test_data/b64pickle-float-1.0=True.txt -&gt; bool ------- using $&lt;read_str_from_txt&gt; =&gt; &lt;str_to_bool&gt;$
  !! Caught error during execution !!
  File &quot;/home/travis/build/smarie/python-parsyfiles/parsyfiles/converting_core.py&quot;, line 524, in _convert
    return self.conversion_method(desired_type, source_obj, logger, **opts)
  File &quot;/home/travis/build/smarie/python-parsyfiles/parsyfiles/plugins_base/support_for_primitive_types.py&quot;, line 84, in primitive_to_bool
    return bool(strtobool(source))
  File &quot;/opt/python/3.5.5/lib/python3.5/distutils/util.py&quot;, line 317, in strtobool
    raise ValueError(&quot;invalid truth value %r&quot; % (val,))
  ParsingException : Error while parsing /home/travis/build/smarie/python-parsyfiles/parsyfiles/tests/combining_parsers_converters/test_data/b64pickle-float-1.0=True (singlefile, .txt) as a bool with parser &apos;$&lt;read_str_from_txt&gt; =&gt; &lt;str_to_bool&gt;$&apos; using options=({&apos;MultifileCollectionParser&apos;: {&apos;lazy_parsing&apos;: False}}) : caught 
  ValueError : invalid truth value &apos;ganhp/aaaaaaaaau&apos;
Rebuilding local parsing plan with next candidate parser: $&lt;read_str_from_txt&gt; =&gt; &lt;base64_ascii_str_pickle_to_object&gt; -&gt; &lt;float_to_bool&gt;$
(B)                                                                                                  |--b64pickle-float-1.0=True.txt -&gt; bool ------- using $&lt;read_str_from_txt&gt; =&gt; &lt;base64_ascii_str_pickle_to_object&gt; -&gt; &lt;float_to_bool&gt;$
DONE Rebuilding local parsing plan for [/home/travis/build/smarie/python-parsyfiles/parsyfiles/tests/combining_parsers_converters/test_data/b64pickle-float-1.0=True.txt]. Resuming parsing...
Executing Parsing Plan for [/home/travis/build/smarie/python-parsyfiles/parsyfiles/tests/combining_parsers_converters/test_data/b64pickle-float-1.0=True]
(P) /home/travis/build/smarie/python-parsyfiles/parsyfiles/tests/combining_parsers_converters/test_data/b64pickle-float-1.0=True.txt -&gt; bool ------- using $&lt;read_str_from_txt&gt; =&gt; &lt;base64_ascii_str_pickle_to_object&gt; -&gt; &lt;float_to_bool&gt;$
(P)                                                                                                  |--b64pickle-float-1.0=True.txt -&gt; bool SUCCESS !
Completed parsing successfully

**** Starting to parse single object of type &lt;bool&gt; at location /home/travis/build/smarie/python-parsyfiles/parsyfiles/tests/combining_parsers_converters/test_data/b64pickle-float-1.0=True ****
Checking all files under [/home/travis/build/smarie/python-parsyfiles/parsyfiles/tests/combining_parsers_converters/test_data/b64pickle-float-1.0=True]
(C) /home/travis/build/smarie/python-parsyfiles/parsyfiles/tests/combining_parsers_converters/test_data/b64pickle-float-1.0=True (singlefile, .txt)
File checks done

Building a parsing plan to parse [/home/travis/build/smarie/python-parsyfiles/parsyfiles/tests/combining_parsers_converters/test_data/b64pickle-float-1.0=True] into a bool
(B) /home/travis/build/smarie/python-parsyfiles/parsyfiles/tests/combining_parsers_converters/test_data/b64pickle-float-1.0=True.txt -&gt; bool ------- using [Try &apos;$&lt;read_str_from_txt&gt; =&gt; &lt;str_to_bool&gt;$&apos; then &apos;$&lt;read_str_from_txt&gt; =&gt; &lt;base64_ascii_str_pickle_to_object&gt; -&gt; &lt;float_to_bool&gt;$&apos; then &apos;$&lt;read_str_from_txt&gt; =&gt; &lt;base64_ascii_str_pickle_to_object&gt; -&gt; &lt;int_to_bool&gt;$&apos; then &apos;$&lt;read_str_from_txt&gt; =&gt; &lt;base64_ascii_str_pickle_to_object&gt; -&gt; &lt;str_to_bool&gt;$&apos; then &apos;$&lt;read_str_from_txt&gt; =&gt; &lt;base64_ascii_str_pickle_to_object&gt;$]&apos;]
(B)                                                                                                  |--b64pickle-float-1.0=True.txt -&gt; bool ------- using $&lt;read_str_from_txt&gt; =&gt; &lt;str_to_bool&gt;$
Parsing Plan created successfully

Executing Parsing Plan for [/home/travis/build/smarie/python-parsyfiles/parsyfiles/tests/combining_parsers_converters/test_data/b64pickle-float-1.0=True]
(P) /home/travis/build/smarie/python-parsyfiles/parsyfiles/tests/combining_parsers_converters/test_data/b64pickle-float-1.0=True.txt -&gt; bool ------- using $&lt;read_str_from_txt&gt; =&gt; &lt;str_to_bool&gt;$
  !! Caught error during execution !!
  File &quot;/home/travis/build/smarie/python-parsyfiles/parsyfiles/converting_core.py&quot;, line 524, in _convert
    return self.conversion_method(desired_type, source_obj, logger, **opts)
  File &quot;/home/travis/build/smarie/python-parsyfiles/parsyfiles/plugins_base/support_for_primitive_types.py&quot;, line 84, in primitive_to_bool
    return bool(strtobool(source))
  File &quot;/opt/python/3.5.5/lib/python3.5/distutils/util.py&quot;, line 317, in strtobool
    raise ValueError(&quot;invalid truth value %r&quot; % (val,))
  ParsingException : Error while parsing /home/travis/build/smarie/python-parsyfiles/parsyfiles/tests/combining_parsers_converters/test_data/b64pickle-float-1.0=True (singlefile, .txt) as a bool with parser &apos;$&lt;read_str_from_txt&gt; =&gt; &lt;str_to_bool&gt;$&apos; using options=({&apos;MultifileCollectionParser&apos;: {&apos;lazy_parsing&apos;: False}}) : caught 
  ValueError : invalid truth value &apos;ganhp/aaaaaaaaau&apos;
Rebuilding local parsing plan with next candidate parser: $&lt;read_str_from_txt&gt; =&gt; &lt;base64_ascii_str_pickle_to_object&gt; -&gt; &lt;float_to_bool&gt;$
(B)                                                                                                  |--b64pickle-float-1.0=True.txt -&gt; bool ------- using $&lt;read_str_from_txt&gt; =&gt; &lt;base64_ascii_str_pickle_to_object&gt; -&gt; &lt;float_to_bool&gt;$
DONE Rebuilding local parsing plan for [/home/travis/build/smarie/python-parsyfiles/parsyfiles/tests/combining_parsers_converters/test_data/b64pickle-float-1.0=True.txt]. Resuming parsing...
Executing Parsing Plan for [/home/travis/build/smarie/python-parsyfiles/parsyfiles/tests/combining_parsers_converters/test_data/b64pickle-float-1.0=True]
(P) /home/travis/build/smarie/python-parsyfiles/parsyfiles/tests/combining_parsers_converters/test_data/b64pickle-float-1.0=True.txt -&gt; bool ------- using $&lt;read_str_from_txt&gt; =&gt; &lt;base64_ascii_str_pickle_to_object&gt; -&gt; &lt;float_to_bool&gt;$
(P)                                                                                                  |--b64pickle-float-1.0=True.txt -&gt; bool SUCCESS !
Completed parsing successfully

**** Starting to parse single object of type &lt;bool&gt; at location /home/travis/build/smarie/python-parsyfiles/parsyfiles/tests/combining_parsers_converters/test_data/b64pickle-float-1.0=True ****
Checking all files under [/home/travis/build/smarie/python-parsyfiles/parsyfiles/tests/combining_parsers_converters/test_data/b64pickle-float-1.0=True]
(C) /home/travis/build/smarie/python-parsyfiles/parsyfiles/tests/combining_parsers_converters/test_data/b64pickle-float-1.0=True (singlefile, .txt)
File checks done

Building a parsing plan to parse [/home/travis/build/smarie/python-parsyfiles/parsyfiles/tests/combining_parsers_converters/test_data/b64pickle-float-1.0=True] into a bool
(B) /home/travis/build/smarie/python-parsyfiles/parsyfiles/tests/combining_parsers_converters/test_data/b64pickle-float-1.0=True.txt -&gt; bool ------- using [Try &apos;$&lt;read_str_from_txt&gt; =&gt; &lt;str_to_bool&gt;$&apos; then &apos;$&lt;read_str_from_txt&gt; =&gt; &lt;base64_ascii_str_pickle_to_object&gt; -&gt; &lt;float_to_bool&gt;$&apos; then &apos;$&lt;read_str_from_txt&gt; =&gt; &lt;base64_ascii_str_pickle_to_object&gt; -&gt; &lt;int_to_bool&gt;$&apos; then &apos;$&lt;read_str_from_txt&gt; =&gt; &lt;base64_ascii_str_pickle_to_object&gt; -&gt; &lt;str_to_bool&gt;$&apos; then &apos;$&lt;read_str_from_txt&gt; =&gt; &lt;base64_ascii_str_pickle_to_object&gt;$]&apos;]
(B)                                                                                                  |--b64pickle-float-1.0=True.txt -&gt; bool ------- using $&lt;read_str_from_txt&gt; =&gt; &lt;str_to_bool&gt;$
Parsing Plan created successfully

Executing Parsing Plan for [/home/travis/build/smarie/python-parsyfiles/parsyfiles/tests/combining_parsers_converters/test_data/b64pickle-float-1.0=True]
(P) /home/travis/build/smarie/python-parsyfiles/parsyfiles/tests/combining_parsers_converters/test_data/b64pickle-float-1.0=True.txt -&gt; bool ------- using $&lt;read_str_from_txt&gt; =&gt; &lt;str_to_bool&gt;$
  !! Caught error during execution !!
  File &quot;/home/travis/build/smarie/python-parsyfiles/parsyfiles/converting_core.py&quot;, line 524, in _convert
    return self.conversion_method(desired_type, source_obj, logger, **opts)
  File &quot;/home/travis/build/smarie/python-parsyfiles/parsyfiles/plugins_base/support_for_primitive_types.py&quot;, line 84, in primitive_to_bool
    return bool(strtobool(source))
  File &quot;/opt/python/3.5.5/lib/python3.5/distutils/util.py&quot;, line 317, in strtobool
    raise ValueError(&quot;invalid truth value %r&quot; % (val,))
  ParsingException : Error while parsing /home/travis/build/smarie/python-parsyfiles/parsyfiles/tests/combining_parsers_converters/test_data/b64pickle-float-1.0=True (singlefile, .txt) as a bool with parser &apos;$&lt;read_str_from_txt&gt; =&gt; &lt;str_to_bool&gt;$&apos; using options=({&apos;MultifileCollectionParser&apos;: {&apos;lazy_parsing&apos;: False}}) : caught 
  ValueError : invalid truth value &apos;ganhp/aaaaaaaaau&apos;
Rebuilding local parsing plan with next candidate parser: $&lt;read_str_from_txt&gt; =&gt; &lt;base64_ascii_str_pickle_to_object&gt; -&gt; &lt;float_to_bool&gt;$
(B)                                                                                                  |--b64pickle-float-1.0=True.txt -&gt; bool ------- using $&lt;read_str_from_txt&gt; =&gt; &lt;base64_ascii_str_pickle_to_object&gt; -&gt; &lt;float_to_bool&gt;$
DONE Rebuilding local parsing plan for [/home/travis/build/smarie/python-parsyfiles/parsyfiles/tests/combining_parsers_converters/test_data/b64pickle-float-1.0=True.txt]. Resuming parsing...
Executing Parsing Plan for [/home/travis/build/smarie/python-parsyfiles/parsyfiles/tests/combining_parsers_converters/test_data/b64pickle-float-1.0=True]
(P) /home/travis/build/smarie/python-parsyfiles/parsyfiles/tests/combining_parsers_converters/test_data/b64pickle-float-1.0=True.txt -&gt; bool ------- using $&lt;read_str_from_txt&gt; =&gt; &lt;base64_ascii_str_pickle_to_object&gt; -&gt; &lt;float_to_bool&gt;$
(P)                                                                                                  |--b64pickle-float-1.0=True.txt -&gt; bool SUCCESS !
Completed parsing successfully

**** Starting to parse single object of type &lt;bool&gt; at location /home/travis/build/smarie/python-parsyfiles/parsyfiles/tests/combining_parsers_converters/test_data/b64pickle-float-1.0=True ****
Checking all files under [/home/travis/build/smarie/python-parsyfiles/parsyfiles/tests/combining_parsers_converters/test_data/b64pickle-float-1.0=True]
(C) /home/travis/build/smarie/python-parsyfiles/parsyfiles/tests/combining_parsers_converters/test_data/b64pickle-float-1.0=True (singlefile, .txt)
File checks done

Building a parsing plan to parse [/home/travis/build/smarie/python-parsyfiles/parsyfiles/tests/combining_parsers_converters/test_data/b64pickle-float-1.0=True] into a bool
(B) /home/travis/build/smarie/python-parsyfiles/parsyfiles/tests/combining_parsers_converters/test_data/b64pickle-float-1.0=True.txt -&gt; bool ------- using [Try &apos;$&lt;read_str_from_txt&gt; =&gt; &lt;str_to_bool&gt;$&apos; then &apos;$&lt;read_str_from_txt&gt; =&gt; &lt;base64_ascii_str_pickle_to_object&gt; -&gt; &lt;float_to_bool&gt;$&apos; then &apos;$&lt;read_str_from_txt&gt; =&gt; &lt;base64_ascii_str_pickle_to_object&gt; -&gt; &lt;int_to_bool&gt;$&apos; then &apos;$&lt;read_str_from_txt&gt; =&gt; &lt;base64_ascii_str_pickle_to_object&gt; -&gt; &lt;str_to_bool&gt;$&apos; then &apos;$&lt;read_str_from_txt&gt; =&gt; &lt;base64_ascii_str_pickle_to_object&gt;$]&apos;]
(B)                                                                                                  |--b64pickle-float-1.0=True.txt -&gt; bool ------- using $&lt;read_str_from_txt&gt; =&gt; &lt;str_to_bool&gt;$
Parsing Plan created successfully

Executing Parsing Plan for [/home/travis/build/smarie/python-parsyfiles/parsyfiles/tests/combining_parsers_converters/test_data/b64pickle-float-1.0=True]
(P) /home/travis/build/smarie/python-parsyfiles/parsyfiles/tests/combining_parsers_converters/test_data/b64pickle-float-1.0=True.txt -&gt; bool ------- using $&lt;read_str_from_txt&gt; =&gt; &lt;str_to_bool&gt;$
  !! Caught error during execution !!
  File &quot;/home/travis/build/smarie/python-parsyfiles/parsyfiles/converting_core.py&quot;, line 524, in _convert
    return self.conversion_method(desired_type, source_obj, logger, **opts)
  File &quot;/home/travis/build/smarie/python-parsyfiles/parsyfiles/plugins_base/support_for_primitive_types.py&quot;, line 84, in primitive_to_bool
    return bool(strtobool(source))
  File &quot;/opt/python/3.5.5/lib/python3.5/distutils/util.py&quot;, line 317, in strtobool
    raise ValueError(&quot;invalid truth value %r&quot; % (val,))
  ParsingException : Error while parsing /home/travis/build/smarie/python-parsyfiles/parsyfiles/tests/combining_parsers_converters/test_data/b64pickle-float-1.0=True (singlefile, .txt) as a bool with parser &apos;$&lt;read_str_from_txt&gt; =&gt; &lt;str_to_bool&gt;$&apos; using options=({&apos;MultifileCollectionParser&apos;: {&apos;lazy_parsing&apos;: False}}) : caught 
  ValueError : invalid truth value &apos;ganhp/aaaaaaaaau&apos;
Rebuilding local parsing plan with next candidate parser: $&lt;read_str_from_txt&gt; =&gt; &lt;base64_ascii_str_pickle_to_object&gt; -&gt; &lt;float_to_bool&gt;$
(B)                                                                                                  |--b64pickle-float-1.0=True.txt -&gt; bool ------- using $&lt;read_str_from_txt&gt; =&gt; &lt;base64_ascii_str_pickle_to_object&gt; -&gt; &lt;float_to_bool&gt;$
DONE Rebuilding local parsing plan for [/home/travis/build/smarie/python-parsyfiles/parsyfiles/tests/combining_parsers_converters/test_data/b64pickle-float-1.0=True.txt]. Resuming parsing...
Executing Parsing Plan for [/home/travis/build/smarie/python-parsyfiles/parsyfiles/tests/combining_parsers_converters/test_data/b64pickle-float-1.0=True]
(P) /home/travis/build/smarie/python-parsyfiles/parsyfiles/tests/combining_parsers_converters/test_data/b64pickle-float-1.0=True.txt -&gt; bool ------- using $&lt;read_str_from_txt&gt; =&gt; &lt;base64_ascii_str_pickle_to_object&gt; -&gt; &lt;float_to_bool&gt;$
(P)                                                                                                  |--b64pickle-float-1.0=True.txt -&gt; bool SUCCESS !
Completed parsing successfully

**** Starting to parse single object of type &lt;bool&gt; at location /home/travis/build/smarie/python-parsyfiles/parsyfiles/tests/combining_parsers_converters/test_data/b64pickle-float-1.0=True ****
Checking all files under [/home/travis/build/smarie/python-parsyfiles/parsyfiles/tests/combining_parsers_converters/test_data/b64pickle-float-1.0=True]
(C) /home/travis/build/smarie/python-parsyfiles/parsyfiles/tests/combining_parsers_converters/test_data/b64pickle-float-1.0=True (singlefile, .txt)
File checks done

Building a parsing plan to parse [/home/travis/build/smarie/python-parsyfiles/parsyfiles/tests/combining_parsers_converters/test_data/b64pickle-float-1.0=True] into a bool
(B) /home/travis/build/smarie/python-parsyfiles/parsyfiles/tests/combining_parsers_converters/test_data/b64pickle-float-1.0=True.txt -&gt; bool ------- using [Try &apos;$&lt;read_str_from_txt&gt; =&gt; &lt;str_to_bool&gt;$&apos; then &apos;$&lt;read_str_from_txt&gt; =&gt; &lt;base64_ascii_str_pickle_to_object&gt; -&gt; &lt;float_to_bool&gt;$&apos; then &apos;$&lt;read_str_from_txt&gt; =&gt; &lt;base64_ascii_str_pickle_to_object&gt; -&gt; &lt;int_to_bool&gt;$&apos; then &apos;$&lt;read_str_from_txt&gt; =&gt; &lt;base64_ascii_str_pickle_to_object&gt; -&gt; &lt;str_to_bool&gt;$&apos; then &apos;$&lt;read_str_from_txt&gt; =&gt; &lt;base64_ascii_str_pickle_to_object&gt;$]&apos;]
(B)                                                                                                  |--b64pickle-float-1.0=True.txt -&gt; bool ------- using $&lt;read_str_from_txt&gt; =&gt; &lt;str_to_bool&gt;$
Parsing Plan created successfully

Executing Parsing Plan for [/home/travis/build/smarie/python-parsyfiles/parsyfiles/tests/combining_parsers_converters/test_data/b64pickle-float-1.0=True]
(P) /home/travis/build/smarie/python-parsyfiles/parsyfiles/tests/combining_parsers_converters/test_data/b64pickle-float-1.0=True.txt -&gt; bool ------- using $&lt;read_str_from_txt&gt; =&gt; &lt;str_to_bool&gt;$
  !! Caught error during execution !!
  File &quot;/home/travis/build/smarie/python-parsyfiles/parsyfiles/converting_core.py&quot;, line 524, in _convert
    return self.conversion_method(desired_type, source_obj, logger, **opts)
  File &quot;/home/travis/build/smarie/python-parsyfiles/parsyfiles/plugins_base/support_for_primitive_types.py&quot;, line 84, in primitive_to_bool
    return bool(strtobool(source))
  File &quot;/opt/python/3.5.5/lib/python3.5/distutils/util.py&quot;, line 317, in strtobool
    raise ValueError(&quot;invalid truth value %r&quot; % (val,))
  ParsingException : Error while parsing /home/travis/build/smarie/python-parsyfiles/parsyfiles/tests/combining_parsers_converters/test_data/b64pickle-float-1.0=True (singlefile, .txt) as a bool with parser &apos;$&lt;read_str_from_txt&gt; =&gt; &lt;str_to_bool&gt;$&apos; using options=({&apos;MultifileCollectionParser&apos;: {&apos;lazy_parsing&apos;: False}}) : caught 
  ValueError : invalid truth value &apos;ganhp/aaaaaaaaau&apos;
Rebuilding local parsing plan with next candidate parser: $&lt;read_str_from_txt&gt; =&gt; &lt;base64_ascii_str_pickle_to_object&gt; -&gt; &lt;float_to_bool&gt;$
(B)                                                                                                  |--b64pickle-float-1.0=True.txt -&gt; bool ------- using $&lt;read_str_from_txt&gt; =&gt; &lt;base64_ascii_str_pickle_to_object&gt; -&gt; &lt;float_to_bool&gt;$
DONE Rebuilding local parsing plan for [/home/travis/build/smarie/python-parsyfiles/parsyfiles/tests/combining_parsers_converters/test_data/b64pickle-float-1.0=True.txt]. Resuming parsing...
Executing Parsing Plan for [/home/travis/build/smarie/python-parsyfiles/parsyfiles/tests/combining_parsers_converters/test_data/b64pickle-float-1.0=True]
(P) /home/travis/build/smarie/python-parsyfiles/parsyfiles/tests/combining_parsers_converters/test_data/b64pickle-float-1.0=True.txt -&gt; bool ------- using $&lt;read_str_from_txt&gt; =&gt; &lt;base64_ascii_str_pickle_to_object&gt; -&gt; &lt;float_to_bool&gt;$
(P)                                                                                                  |--b64pickle-float-1.0=True.txt -&gt; bool SUCCESS !
Completed parsing successfully

**** Starting to parse single object of type &lt;bool&gt; at location /home/travis/build/smarie/python-parsyfiles/parsyfiles/tests/combining_parsers_converters/test_data/b64pickle-float-1.0=True ****
Checking all files under [/home/travis/build/smarie/python-parsyfiles/parsyfiles/tests/combining_parsers_converters/test_data/b64pickle-float-1.0=True]
(C) /home/travis/build/smarie/python-parsyfiles/parsyfiles/tests/combining_parsers_converters/test_data/b64pickle-float-1.0=True (singlefile, .txt)
File checks done

Building a parsing plan to parse [/home/travis/build/smarie/python-parsyfiles/parsyfiles/tests/combining_parsers_converters/test_data/b64pickle-float-1.0=True] into a bool
(B) /home/travis/build/smarie/python-parsyfiles/parsyfiles/tests/combining_parsers_converters/test_data/b64pickle-float-1.0=True.txt -&gt; bool ------- using [Try &apos;$&lt;read_str_from_txt&gt; =&gt; &lt;str_to_bool&gt;$&apos; then &apos;$&lt;read_str_from_txt&gt; =&gt; &lt;base64_ascii_str_pickle_to_object&gt; -&gt; &lt;float_to_bool&gt;$&apos; then &apos;$&lt;read_str_from_txt&gt; =&gt; &lt;base64_ascii_str_pickle_to_object&gt; -&gt; &lt;int_to_bool&gt;$&apos; then &apos;$&lt;read_str_from_txt&gt; =&gt; &lt;base64_ascii_str_pickle_to_object&gt; -&gt; &lt;str_to_bool&gt;$&apos; then &apos;$&lt;read_str_from_txt&gt; =&gt; &lt;base64_ascii_str_pickle_to_object&gt;$]&apos;]
(B)                                                                                                  |--b64pickle-float-1.0=True.txt -&gt; bool ------- using $&lt;read_str_from_txt&gt; =&gt; &lt;str_to_bool&gt;$
Parsing Plan created successfully

Executing Parsing Plan for [/home/travis/build/smarie/python-parsyfiles/parsyfiles/tests/combining_parsers_converters/test_data/b64pickle-float-1.0=True]
(P) /home/travis/build/smarie/python-parsyfiles/parsyfiles/tests/combining_parsers_converters/test_data/b64pickle-float-1.0=True.txt -&gt; bool ------- using $&lt;read_str_from_txt&gt; =&gt; &lt;str_to_bool&gt;$
  !! Caught error during execution !!
  File &quot;/home/travis/build/smarie/python-parsyfiles/parsyfiles/converting_core.py&quot;, line 524, in _convert
    return self.conversion_method(desired_type, source_obj, logger, **opts)
  File &quot;/home/travis/build/smarie/python-parsyfiles/parsyfiles/plugins_base/support_for_primitive_types.py&quot;, line 84, in primitive_to_bool
    return bool(strtobool(source))
  File &quot;/opt/python/3.5.5/lib/python3.5/distutils/util.py&quot;, line 317, in strtobool
    raise ValueError(&quot;invalid truth value %r&quot; % (val,))
  ParsingException : Error while parsing /home/travis/build/smarie/python-parsyfiles/parsyfiles/tests/combining_parsers_converters/test_data/b64pickle-float-1.0=True (singlefile, .txt) as a bool with parser &apos;$&lt;read_str_from_txt&gt; =&gt; &lt;str_to_bool&gt;$&apos; using options=({&apos;MultifileCollectionParser&apos;: {&apos;lazy_parsing&apos;: False}}) : caught 
  ValueError : invalid truth value &apos;ganhp/aaaaaaaaau&apos;
Rebuilding local parsing plan with next candidate parser: $&lt;read_str_from_txt&gt; =&gt; &lt;base64_ascii_str_pickle_to_object&gt; -&gt; &lt;float_to_bool&gt;$
(B)                                                                                                  |--b64pickle-float-1.0=True.txt -&gt; bool ------- using $&lt;read_str_from_txt&gt; =&gt; &lt;base64_ascii_str_pickle_to_object&gt; -&gt; &lt;float_to_bool&gt;$
DONE Rebuilding local parsing plan for [/home/travis/build/smarie/python-parsyfiles/parsyfiles/tests/combining_parsers_converters/test_data/b64pickle-float-1.0=True.txt]. Resuming parsing...
Executing Parsing Plan for [/home/travis/build/smarie/python-parsyfiles/parsyfiles/tests/combining_parsers_converters/test_data/b64pickle-float-1.0=True]
(P) /home/travis/build/smarie/python-parsyfiles/parsyfiles/tests/combining_parsers_converters/test_data/b64pickle-float-1.0=True.txt -&gt; bool ------- using $&lt;read_str_from_txt&gt; =&gt; &lt;base64_ascii_str_pickle_to_object&gt; -&gt; &lt;float_to_bool&gt;$
(P)                                                                                                  |--b64pickle-float-1.0=True.txt -&gt; bool SUCCESS !
Completed parsing successfully

**** Starting to parse single object of type &lt;bool&gt; at location /home/travis/build/smarie/python-parsyfiles/parsyfiles/tests/combining_parsers_converters/test_data/b64pickle-float-1.0=True ****
Checking all files under [/home/travis/build/smarie/python-parsyfiles/parsyfiles/tests/combining_parsers_converters/test_data/b64pickle-float-1.0=True]
(C) /home/travis/build/smarie/python-parsyfiles/parsyfiles/tests/combining_parsers_converters/test_data/b64pickle-float-1.0=True (singlefile, .txt)
File checks done

Building a parsing plan to parse [/home/travis/build/smarie/python-parsyfiles/parsyfiles/tests/combining_parsers_converters/test_data/b64pickle-float-1.0=True] into a bool
(B) /home/travis/build/smarie/python-parsyfiles/parsyfiles/tests/combining_parsers_converters/test_data/b64pickle-float-1.0=True.txt -&gt; bool ------- using [Try &apos;$&lt;read_str_from_txt&gt; =&gt; &lt;str_to_bool&gt;$&apos; then &apos;$&lt;read_str_from_txt&gt; =&gt; &lt;base64_ascii_str_pickle_to_object&gt; -&gt; &lt;float_to_bool&gt;$&apos; then &apos;$&lt;read_str_from_txt&gt; =&gt; &lt;base64_ascii_str_pickle_to_object&gt; -&gt; &lt;int_to_bool&gt;$&apos; then &apos;$&lt;read_str_from_txt&gt; =&gt; &lt;base64_ascii_str_pickle_to_object&gt; -&gt; &lt;str_to_bool&gt;$&apos; then &apos;$&lt;read_str_from_txt&gt; =&gt; &lt;base64_ascii_str_pickle_to_object&gt;$]&apos;]
(B)                                                                                                  |--b64pickle-float-1.0=True.txt -&gt; bool ------- using $&lt;read_str_from_txt&gt; =&gt; &lt;str_to_bool&gt;$
Parsing Plan created successfully

Executing Parsing Plan for [/home/travis/build/smarie/python-parsyfiles/parsyfiles/tests/combining_parsers_converters/test_data/b64pickle-float-1.0=True]
(P) /home/travis/build/smarie/python-parsyfiles/parsyfiles/tests/combining_parsers_converters/test_data/b64pickle-float-1.0=True.txt -&gt; bool ------- using $&lt;read_str_from_txt&gt; =&gt; &lt;str_to_bool&gt;$
  !! Caught error during execution !!
  File &quot;/home/travis/build/smarie/python-parsyfiles/parsyfiles/converting_core.py&quot;, line 524, in _convert
    return self.conversion_method(desired_type, source_obj, logger, **opts)
  File &quot;/home/travis/build/smarie/python-parsyfiles/parsyfiles/plugins_base/support_for_primitive_types.py&quot;, line 84, in primitive_to_bool
    return bool(strtobool(source))
  File &quot;/opt/python/3.5.5/lib/python3.5/distutils/util.py&quot;, line 317, in strtobool
    raise ValueError(&quot;invalid truth value %r&quot; % (val,))
  ParsingException : Error while parsing /home/travis/build/smarie/python-parsyfiles/parsyfiles/tests/combining_parsers_converters/test_data/b64pickle-float-1.0=True (singlefile, .txt) as a bool with parser &apos;$&lt;read_str_from_txt&gt; =&gt; &lt;str_to_bool&gt;$&apos; using options=({&apos;MultifileCollectionParser&apos;: {&apos;lazy_parsing&apos;: False}}) : caught 
  ValueError : invalid truth value &apos;ganhp/aaaaaaaaau&apos;
Rebuilding local parsing plan with next candidate parser: $&lt;read_str_from_txt&gt; =&gt; &lt;base64_ascii_str_pickle_to_object&gt; -&gt; &lt;float_to_bool&gt;$
(B)                                                                                                  |--b64pickle-float-1.0=True.txt -&gt; bool ------- using $&lt;read_str_from_txt&gt; =&gt; &lt;base64_ascii_str_pickle_to_object&gt; -&gt; &lt;float_to_bool&gt;$
DONE Rebuilding local parsing plan for [/home/travis/build/smarie/python-parsyfiles/parsyfiles/tests/combining_parsers_converters/test_data/b64pickle-float-1.0=True.txt]. Resuming parsing...
Executing Parsing Plan for [/home/travis/build/smarie/python-parsyfiles/parsyfiles/tests/combining_parsers_converters/test_data/b64pickle-float-1.0=True]
(P) /home/travis/build/smarie/python-parsyfiles/parsyfiles/tests/combining_parsers_converters/test_data/b64pickle-float-1.0=True.txt -&gt; bool ------- using $&lt;read_str_from_txt&gt; =&gt; &lt;base64_ascii_str_pickle_to_object&gt; -&gt; &lt;float_to_bool&gt;$
(P)                                                                                                  |--b64pickle-float-1.0=True.txt -&gt; bool SUCCESS !
Completed parsing successfully

**** Starting to parse single object of type &lt;bool&gt; at location /home/travis/build/smarie/python-parsyfiles/parsyfiles/tests/combining_parsers_converters/test_data/b64pickle-float-1.0=True ****
Checking all files under [/home/travis/build/smarie/python-parsyfiles/parsyfiles/tests/combining_parsers_converters/test_data/b64pickle-float-1.0=True]
(C) /home/travis/build/smarie/python-parsyfiles/parsyfiles/tests/combining_parsers_converters/test_data/b64pickle-float-1.0=True (singlefile, .txt)
File checks done

Building a parsing plan to parse [/home/travis/build/smarie/python-parsyfiles/parsyfiles/tests/combining_parsers_converters/test_data/b64pickle-float-1.0=True] into a bool
(B) /home/travis/build/smarie/python-parsyfiles/parsyfiles/tests/combining_parsers_converters/test_data/b64pickle-float-1.0=True.txt -&gt; bool ------- using [Try &apos;$&lt;read_str_from_txt&gt; =&gt; &lt;str_to_bool&gt;$&apos; then &apos;$&lt;read_str_from_txt&gt; =&gt; &lt;base64_ascii_str_pickle_to_object&gt; -&gt; &lt;float_to_bool&gt;$&apos; then &apos;$&lt;read_str_from_txt&gt; =&gt; &lt;base64_ascii_str_pickle_to_object&gt; -&gt; &lt;int_to_bool&gt;$&apos; then &apos;$&lt;read_str_from_txt&gt; =&gt; &lt;base64_ascii_str_pickle_to_object&gt; -&gt; &lt;str_to_bool&gt;$&apos; then &apos;$&lt;read_str_from_txt&gt; =&gt; &lt;base64_ascii_str_pickle_to_object&gt;$]&apos;]
(B)                                                                                                  |--b64pickle-float-1.0=True.txt -&gt; bool ------- using $&lt;read_str_from_txt&gt; =&gt; &lt;str_to_bool&gt;$
Parsing Plan created successfully

Executing Parsing Plan for [/home/travis/build/smarie/python-parsyfiles/parsyfiles/tests/combining_parsers_converters/test_data/b64pickle-float-1.0=True]
(P) /home/travis/build/smarie/python-parsyfiles/parsyfiles/tests/combining_parsers_converters/test_data/b64pickle-float-1.0=True.txt -&gt; bool ------- using $&lt;read_str_from_txt&gt; =&gt; &lt;str_to_bool&gt;$
  !! Caught error during execution !!
  File &quot;/home/travis/build/smarie/python-parsyfiles/parsyfiles/converting_core.py&quot;, line 524, in _convert
    return self.conversion_method(desired_type, source_obj, logger, **opts)
  File &quot;/home/travis/build/smarie/python-parsyfiles/parsyfiles/plugins_base/support_for_primitive_types.py&quot;, line 84, in primitive_to_bool
    return bool(strtobool(source))
  File &quot;/opt/python/3.5.5/lib/python3.5/distutils/util.py&quot;, line 317, in strtobool
    raise ValueError(&quot;invalid truth value %r&quot; % (val,))
  ParsingException : Error while parsing /home/travis/build/smarie/python-parsyfiles/parsyfiles/tests/combining_parsers_converters/test_data/b64pickle-float-1.0=True (singlefile, .txt) as a bool with parser &apos;$&lt;read_str_from_txt&gt; =&gt; &lt;str_to_bool&gt;$&apos; using options=({&apos;MultifileCollectionParser&apos;: {&apos;lazy_parsing&apos;: False}}) : caught 
  ValueError : invalid truth value &apos;ganhp/aaaaaaaaau&apos;
Rebuilding local parsing plan with next candidate parser: $&lt;read_str_from_txt&gt; =&gt; &lt;base64_ascii_str_pickle_to_object&gt; -&gt; &lt;float_to_bool&gt;$
(B)                                                                                                  |--b64pickle-float-1.0=True.txt -&gt; bool ------- using $&lt;read_str_from_txt&gt; =&gt; &lt;base64_ascii_str_pickle_to_object&gt; -&gt; &lt;float_to_bool&gt;$
DONE Rebuilding local parsing plan for [/home/travis/build/smarie/python-parsyfiles/parsyfiles/tests/combining_parsers_converters/test_data/b64pickle-float-1.0=True.txt]. Resuming parsing...
Executing Parsing Plan for [/home/travis/build/smarie/python-parsyfiles/parsyfiles/tests/combining_parsers_converters/test_data/b64pickle-float-1.0=True]
(P) /home/travis/build/smarie/python-parsyfiles/parsyfiles/tests/combining_parsers_converters/test_data/b64pickle-float-1.0=True.txt -&gt; bool ------- using $&lt;read_str_from_txt&gt; =&gt; &lt;base64_ascii_str_pickle_to_object&gt; -&gt; &lt;float_to_bool&gt;$
(P)                                                                                                  |--b64pickle-float-1.0=True.txt -&gt; bool SUCCESS !
Completed parsing successfully

**** Starting to parse single object of type &lt;bool&gt; at location /home/travis/build/smarie/python-parsyfiles/parsyfiles/tests/combining_parsers_converters/test_data/b64pickle-float-1.0=True ****
Checking all files under [/home/travis/build/smarie/python-parsyfiles/parsyfiles/tests/combining_parsers_converters/test_data/b64pickle-float-1.0=True]
(C) /home/travis/build/smarie/python-parsyfiles/parsyfiles/tests/combining_parsers_converters/test_data/b64pickle-float-1.0=True (singlefile, .txt)
File checks done

Building a parsing plan to parse [/home/travis/build/smarie/python-parsyfiles/parsyfiles/tests/combining_parsers_converters/test_data/b64pickle-float-1.0=True] into a bool
(B) /home/travis/build/smarie/python-parsyfiles/parsyfiles/tests/combining_parsers_converters/test_data/b64pickle-float-1.0=True.txt -&gt; bool ------- using [Try &apos;$&lt;read_str_from_txt&gt; =&gt; &lt;str_to_bool&gt;$&apos; then &apos;$&lt;read_str_from_txt&gt; =&gt; &lt;base64_ascii_str_pickle_to_object&gt; -&gt; &lt;float_to_bool&gt;$&apos; then &apos;$&lt;read_str_from_txt&gt; =&gt; &lt;base64_ascii_str_pickle_to_object&gt; -&gt; &lt;int_to_bool&gt;$&apos; then &apos;$&lt;read_str_from_txt&gt; =&gt; &lt;base64_ascii_str_pickle_to_object&gt; -&gt; &lt;str_to_bool&gt;$&apos; then &apos;$&lt;read_str_from_txt&gt; =&gt; &lt;base64_ascii_str_pickle_to_object&gt;$]&apos;]
(B)                                                                                                  |--b64pickle-float-1.0=True.txt -&gt; bool ------- using $&lt;read_str_from_txt&gt; =&gt; &lt;str_to_bool&gt;$
Parsing Plan created successfully

Executing Parsing Plan for [/home/travis/build/smarie/python-parsyfiles/parsyfiles/tests/combining_parsers_converters/test_data/b64pickle-float-1.0=True]
(P) /home/travis/build/smarie/python-parsyfiles/parsyfiles/tests/combining_parsers_converters/test_data/b64pickle-float-1.0=True.txt -&gt; bool ------- using $&lt;read_str_from_txt&gt; =&gt; &lt;str_to_bool&gt;$
  !! Caught error during execution !!
  File &quot;/home/travis/build/smarie/python-parsyfiles/parsyfiles/converting_core.py&quot;, line 524, in _convert
    return self.conversion_method(desired_type, source_obj, logger, **opts)
  File &quot;/home/travis/build/smarie/python-parsyfiles/parsyfiles/plugins_base/support_for_primitive_types.py&quot;, line 84, in primitive_to_bool
    return bool(strtobool(source))
  File &quot;/opt/python/3.5.5/lib/python3.5/distutils/util.py&quot;, line 317, in strtobool
    raise ValueError(&quot;invalid truth value %r&quot; % (val,))
  ParsingException : Error while parsing /home/travis/build/smarie/python-parsyfiles/parsyfiles/tests/combining_parsers_converters/test_data/b64pickle-float-1.0=True (singlefile, .txt) as a bool with parser &apos;$&lt;read_str_from_txt&gt; =&gt; &lt;str_to_bool&gt;$&apos; using options=({&apos;MultifileCollectionParser&apos;: {&apos;lazy_parsing&apos;: False}}) : caught 
  ValueError : invalid truth value &apos;ganhp/aaaaaaaaau&apos;
Rebuilding local parsing plan with next candidate parser: $&lt;read_str_from_txt&gt; =&gt; &lt;base64_ascii_str_pickle_to_object&gt; -&gt; &lt;float_to_bool&gt;$
(B)                                                                                                  |--b64pickle-float-1.0=True.txt -&gt; bool ------- using $&lt;read_str_from_txt&gt; =&gt; &lt;base64_ascii_str_pickle_to_object&gt; -&gt; &lt;float_to_bool&gt;$
DONE Rebuilding local parsing plan for [/home/travis/build/smarie/python-parsyfiles/parsyfiles/tests/combining_parsers_converters/test_data/b64pickle-float-1.0=True.txt]. Resuming parsing...
Executing Parsing Plan for [/home/travis/build/smarie/python-parsyfiles/parsyfiles/tests/combining_parsers_converters/test_data/b64pickle-float-1.0=True]
(P) /home/travis/build/smarie/python-parsyfiles/parsyfiles/tests/combining_parsers_converters/test_data/b64pickle-float-1.0=True.txt -&gt; bool ------- using $&lt;read_str_from_txt&gt; =&gt; &lt;base64_ascii_str_pickle_to_object&gt; -&gt; &lt;float_to_bool&gt;$
(P)                                                                                                  |--b64pickle-float-1.0=True.txt -&gt; bool SUCCESS !
Completed parsing successfully

**** Starting to parse single object of type &lt;bool&gt; at location /home/travis/build/smarie/python-parsyfiles/parsyfiles/tests/combining_parsers_converters/test_data/b64pickle-float-1.0=True ****
Checking all files under [/home/travis/build/smarie/python-parsyfiles/parsyfiles/tests/combining_parsers_converters/test_data/b64pickle-float-1.0=True]
(C) /home/travis/build/smarie/python-parsyfiles/parsyfiles/tests/combining_parsers_converters/test_data/b64pickle-float-1.0=True (singlefile, .txt)
File checks done

Building a parsing plan to parse [/home/travis/build/smarie/python-parsyfiles/parsyfiles/tests/combining_parsers_converters/test_data/b64pickle-float-1.0=True] into a bool
(B) /home/travis/build/smarie/python-parsyfiles/parsyfiles/tests/combining_parsers_converters/test_data/b64pickle-float-1.0=True.txt -&gt; bool ------- using [Try &apos;$&lt;read_str_from_txt&gt; =&gt; &lt;str_to_bool&gt;$&apos; then &apos;$&lt;read_str_from_txt&gt; =&gt; &lt;base64_ascii_str_pickle_to_object&gt; -&gt; &lt;float_to_bool&gt;$&apos; then &apos;$&lt;read_str_from_txt&gt; =&gt; &lt;base64_ascii_str_pickle_to_object&gt; -&gt; &lt;int_to_bool&gt;$&apos; then &apos;$&lt;read_str_from_txt&gt; =&gt; &lt;base64_ascii_str_pickle_to_object&gt; -&gt; &lt;str_to_bool&gt;$&apos; then &apos;$&lt;read_str_from_txt&gt; =&gt; &lt;base64_ascii_str_pickle_to_object&gt;$]&apos;]
(B)                                                                                                  |--b64pickle-float-1.0=True.txt -&gt; bool ------- using $&lt;read_str_from_txt&gt; =&gt; &lt;str_to_bool&gt;$
Parsing Plan created successfully

Executing Parsing Plan for [/home/travis/build/smarie/python-parsyfiles/parsyfiles/tests/combining_parsers_converters/test_data/b64pickle-float-1.0=True]
(P) /home/travis/build/smarie/python-parsyfiles/parsyfiles/tests/combining_parsers_converters/test_data/b64pickle-float-1.0=True.txt -&gt; bool ------- using $&lt;read_str_from_txt&gt; =&gt; &lt;str_to_bool&gt;$
  !! Caught error during execution !!
  File &quot;/home/travis/build/smarie/python-parsyfiles/parsyfiles/converting_core.py&quot;, line 524, in _convert
    return self.conversion_method(desired_type, source_obj, logger, **opts)
  File &quot;/home/travis/build/smarie/python-parsyfiles/parsyfiles/plugins_base/support_for_primitive_types.py&quot;, line 84, in primitive_to_bool
    return bool(strtobool(source))
  File &quot;/opt/python/3.5.5/lib/python3.5/distutils/util.py&quot;, line 317, in strtobool
    raise ValueError(&quot;invalid truth value %r&quot; % (val,))
  ParsingException : Error while parsing /home/travis/build/smarie/python-parsyfiles/parsyfiles/tests/combining_parsers_converters/test_data/b64pickle-float-1.0=True (singlefile, .txt) as a bool with parser &apos;$&lt;read_str_from_txt&gt; =&gt; &lt;str_to_bool&gt;$&apos; using options=({&apos;MultifileCollectionParser&apos;: {&apos;lazy_parsing&apos;: False}}) : caught 
  ValueError : invalid truth value &apos;ganhp/aaaaaaaaau&apos;
Rebuilding local parsing plan with next candidate parser: $&lt;read_str_from_txt&gt; =&gt; &lt;base64_ascii_str_pickle_to_object&gt; -&gt; &lt;float_to_bool&gt;$
(B)                                                                                                  |--b64pickle-float-1.0=True.txt -&gt; bool ------- using $&lt;read_str_from_txt&gt; =&gt; &lt;base64_ascii_str_pickle_to_object&gt; -&gt; &lt;float_to_bool&gt;$
DONE Rebuilding local parsing plan for [/home/travis/build/smarie/python-parsyfiles/parsyfiles/tests/combining_parsers_converters/test_data/b64pickle-float-1.0=True.txt]. Resuming parsing...
Executing Parsing Plan for [/home/travis/build/smarie/python-parsyfiles/parsyfiles/tests/combining_parsers_converters/test_data/b64pickle-float-1.0=True]
(P) /home/travis/build/smarie/python-parsyfiles/parsyfiles/tests/combining_parsers_converters/test_data/b64pickle-float-1.0=True.txt -&gt; bool ------- using $&lt;read_str_from_txt&gt; =&gt; &lt;base64_ascii_str_pickle_to_object&gt; -&gt; &lt;float_to_bool&gt;$
(P)                                                                                                  |--b64pickle-float-1.0=True.txt -&gt; bool SUCCESS !
Completed parsing successfully

**** Starting to parse single object of type &lt;bool&gt; at location /home/travis/build/smarie/python-parsyfiles/parsyfiles/tests/combining_parsers_converters/test_data/b64pickle-float-1.0=True ****
Checking all files under [/home/travis/build/smarie/python-parsyfiles/parsyfiles/tests/combining_parsers_converters/test_data/b64pickle-float-1.0=True]
(C) /home/travis/build/smarie/python-parsyfiles/parsyfiles/tests/combining_parsers_converters/test_data/b64pickle-float-1.0=True (singlefile, .txt)
File checks done

Building a parsing plan to parse [/home/travis/build/smarie/python-parsyfiles/parsyfiles/tests/combining_parsers_converters/test_data/b64pickle-float-1.0=True] into a bool
(B) /home/travis/build/smarie/python-parsyfiles/parsyfiles/tests/combining_parsers_converters/test_data/b64pickle-float-1.0=True.txt -&gt; bool ------- using [Try &apos;$&lt;read_str_from_txt&gt; =&gt; &lt;str_to_bool&gt;$&apos; then &apos;$&lt;read_str_from_txt&gt; =&gt; &lt;base64_ascii_str_pickle_to_object&gt; -&gt; &lt;float_to_bool&gt;$&apos; then &apos;$&lt;read_str_from_txt&gt; =&gt; &lt;base64_ascii_str_pickle_to_object&gt; -&gt; &lt;int_to_bool&gt;$&apos; then &apos;$&lt;read_str_from_txt&gt; =&gt; &lt;base64_ascii_str_pickle_to_object&gt; -&gt; &lt;str_to_bool&gt;$&apos; then &apos;$&lt;read_str_from_txt&gt; =&gt; &lt;base64_ascii_str_pickle_to_object&gt;$]&apos;]
(B)                                                                                                  |--b64pickle-float-1.0=True.txt -&gt; bool ------- using $&lt;read_str_from_txt&gt; =&gt; &lt;str_to_bool&gt;$
Parsing Plan created successfully

Executing Parsing Plan for [/home/travis/build/smarie/python-parsyfiles/parsyfiles/tests/combining_parsers_converters/test_data/b64pickle-float-1.0=True]
(P) /home/travis/build/smarie/python-parsyfiles/parsyfiles/tests/combining_parsers_converters/test_data/b64pickle-float-1.0=True.txt -&gt; bool ------- using $&lt;read_str_from_txt&gt; =&gt; &lt;str_to_bool&gt;$
  !! Caught error during execution !!
  File &quot;/home/travis/build/smarie/python-parsyfiles/parsyfiles/converting_core.py&quot;, line 524, in _convert
    return self.conversion_method(desired_type, source_obj, logger, **opts)
  File &quot;/home/travis/build/smarie/python-parsyfiles/parsyfiles/plugins_base/support_for_primitive_types.py&quot;, line 84, in primitive_to_bool
    return bool(strtobool(source))
  File &quot;/opt/python/3.5.5/lib/python3.5/distutils/util.py&quot;, line 317, in strtobool
    raise ValueError(&quot;invalid truth value %r&quot; % (val,))
  ParsingException : Error while parsing /home/travis/build/smarie/python-parsyfiles/parsyfiles/tests/combining_parsers_converters/test_data/b64pickle-float-1.0=True (singlefile, .txt) as a bool with parser &apos;$&lt;read_str_from_txt&gt; =&gt; &lt;str_to_bool&gt;$&apos; using options=({&apos;MultifileCollectionParser&apos;: {&apos;lazy_parsing&apos;: False}}) : caught 
  ValueError : invalid truth value &apos;ganhp/aaaaaaaaau&apos;
Rebuilding local parsing plan with next candidate parser: $&lt;read_str_from_txt&gt; =&gt; &lt;base64_ascii_str_pickle_to_object&gt; -&gt; &lt;float_to_bool&gt;$
(B)                                                                                                  |--b64pickle-float-1.0=True.txt -&gt; bool ------- using $&lt;read_str_from_txt&gt; =&gt; &lt;base64_ascii_str_pickle_to_object&gt; -&gt; &lt;float_to_bool&gt;$
DONE Rebuilding local parsing plan for [/home/travis/build/smarie/python-parsyfiles/parsyfiles/tests/combining_parsers_converters/test_data/b64pickle-float-1.0=True.txt]. Resuming parsing...
Executing Parsing Plan for [/home/travis/build/smarie/python-parsyfiles/parsyfiles/tests/combining_parsers_converters/test_data/b64pickle-float-1.0=True]
(P) /home/travis/build/smarie/python-parsyfiles/parsyfiles/tests/combining_parsers_converters/test_data/b64pickle-float-1.0=True.txt -&gt; bool ------- using $&lt;read_str_from_txt&gt; =&gt; &lt;base64_ascii_str_pickle_to_object&gt; -&gt; &lt;float_to_bool&gt;$
(P)                                                                                                  |--b64pickle-float-1.0=True.txt -&gt; bool SUCCESS !
Completed parsing successfully

**** Starting to parse single object of type &lt;bool&gt; at location /home/travis/build/smarie/python-parsyfiles/parsyfiles/tests/combining_parsers_converters/test_data/b64pickle-float-1.0=True ****
Checking all files under [/home/travis/build/smarie/python-parsyfiles/parsyfiles/tests/combining_parsers_converters/test_data/b64pickle-float-1.0=True]
(C) /home/travis/build/smarie/python-parsyfiles/parsyfiles/tests/combining_parsers_converters/test_data/b64pickle-float-1.0=True (singlefile, .txt)
File checks done

Building a parsing plan to parse [/home/travis/build/smarie/python-parsyfiles/parsyfiles/tests/combining_parsers_converters/test_data/b64pickle-float-1.0=True] into a bool
(B) /home/travis/build/smarie/python-parsyfiles/parsyfiles/tests/combining_parsers_converters/test_data/b64pickle-float-1.0=True.txt -&gt; bool ------- using [Try &apos;$&lt;read_str_from_txt&gt; =&gt; &lt;str_to_bool&gt;$&apos; then &apos;$&lt;read_str_from_txt&gt; =&gt; &lt;base64_ascii_str_pickle_to_object&gt; -&gt; &lt;float_to_bool&gt;$&apos; then &apos;$&lt;read_str_from_txt&gt; =&gt; &lt;base64_ascii_str_pickle_to_object&gt; -&gt; &lt;int_to_bool&gt;$&apos; then &apos;$&lt;read_str_from_txt&gt; =&gt; &lt;base64_ascii_str_pickle_to_object&gt; -&gt; &lt;str_to_bool&gt;$&apos; then &apos;$&lt;read_str_from_txt&gt; =&gt; &lt;base64_ascii_str_pickle_to_object&gt;$]&apos;]
(B)                                                                                                  |--b64pickle-float-1.0=True.txt -&gt; bool ------- using $&lt;read_str_from_txt&gt; =&gt; &lt;str_to_bool&gt;$
Parsing Plan created successfully

Executing Parsing Plan for [/home/travis/build/smarie/python-parsyfiles/parsyfiles/tests/combining_parsers_converters/test_data/b64pickle-float-1.0=True]
(P) /home/travis/build/smarie/python-parsyfiles/parsyfiles/tests/combining_parsers_converters/test_data/b64pickle-float-1.0=True.txt -&gt; bool ------- using $&lt;read_str_from_txt&gt; =&gt; &lt;str_to_bool&gt;$
  !! Caught error during execution !!
  File &quot;/home/travis/build/smarie/python-parsyfiles/parsyfiles/converting_core.py&quot;, line 524, in _convert
    return self.conversion_method(desired_type, source_obj, logger, **opts)
  File &quot;/home/travis/build/smarie/python-parsyfiles/parsyfiles/plugins_base/support_for_primitive_types.py&quot;, line 84, in primitive_to_bool
    return bool(strtobool(source))
  File &quot;/opt/python/3.5.5/lib/python3.5/distutils/util.py&quot;, line 317, in strtobool
    raise ValueError(&quot;invalid truth value %r&quot; % (val,))
  ParsingException : Error while parsing /home/travis/build/smarie/python-parsyfiles/parsyfiles/tests/combining_parsers_converters/test_data/b64pickle-float-1.0=True (singlefile, .txt) as a bool with parser &apos;$&lt;read_str_from_txt&gt; =&gt; &lt;str_to_bool&gt;$&apos; using options=({&apos;MultifileCollectionParser&apos;: {&apos;lazy_parsing&apos;: False}}) : caught 
  ValueError : invalid truth value &apos;ganhp/aaaaaaaaau&apos;
Rebuilding local parsing plan with next candidate parser: $&lt;read_str_from_txt&gt; =&gt; &lt;base64_ascii_str_pickle_to_object&gt; -&gt; &lt;float_to_bool&gt;$
(B)                                                                                                  |--b64pickle-float-1.0=True.txt -&gt; bool ------- using $&lt;read_str_from_txt&gt; =&gt; &lt;base64_ascii_str_pickle_to_object&gt; -&gt; &lt;float_to_bool&gt;$
DONE Rebuilding local parsing plan for [/home/travis/build/smarie/python-parsyfiles/parsyfiles/tests/combining_parsers_converters/test_data/b64pickle-float-1.0=True.txt]. Resuming parsing...
Executing Parsing Plan for [/home/travis/build/smarie/python-parsyfiles/parsyfiles/tests/combining_parsers_converters/test_data/b64pickle-float-1.0=True]
(P) /home/travis/build/smarie/python-parsyfiles/parsyfiles/tests/combining_parsers_converters/test_data/b64pickle-float-1.0=True.txt -&gt; bool ------- using $&lt;read_str_from_txt&gt; =&gt; &lt;base64_ascii_str_pickle_to_object&gt; -&gt; &lt;float_to_bool&gt;$
(P)                                                                                                  |--b64pickle-float-1.0=True.txt -&gt; bool SUCCESS !
Completed parsing successfully

**** Starting to parse single object of type &lt;bool&gt; at location /home/travis/build/smarie/python-parsyfiles/parsyfiles/tests/combining_parsers_converters/test_data/b64pickle-float-1.0=True ****
Checking all files under [/home/travis/build/smarie/python-parsyfiles/parsyfiles/tests/combining_parsers_converters/test_data/b64pickle-float-1.0=True]
(C) /home/travis/build/smarie/python-parsyfiles/parsyfiles/tests/combining_parsers_converters/test_data/b64pickle-float-1.0=True (singlefile, .txt)
File checks done

Building a parsing plan to parse [/home/travis/build/smarie/python-parsyfiles/parsyfiles/tests/combining_parsers_converters/test_data/b64pickle-float-1.0=True] into a bool
(B) /home/travis/build/smarie/python-parsyfiles/parsyfiles/tests/combining_parsers_converters/test_data/b64pickle-float-1.0=True.txt -&gt; bool ------- using [Try &apos;$&lt;read_str_from_txt&gt; =&gt; &lt;str_to_bool&gt;$&apos; then &apos;$&lt;read_str_from_txt&gt; =&gt; &lt;base64_ascii_str_pickle_to_object&gt; -&gt; &lt;float_to_bool&gt;$&apos; then &apos;$&lt;read_str_from_txt&gt; =&gt; &lt;base64_ascii_str_pickle_to_object&gt; -&gt; &lt;int_to_bool&gt;$&apos; then &apos;$&lt;read_str_from_txt&gt; =&gt; &lt;base64_ascii_str_pickle_to_object&gt; -&gt; &lt;str_to_bool&gt;$&apos; then &apos;$&lt;read_str_from_txt&gt; =&gt; &lt;base64_ascii_str_pickle_to_object&gt;$]&apos;]
(B)                                                                                                  |--b64pickle-float-1.0=True.txt -&gt; bool ------- using $&lt;read_str_from_txt&gt; =&gt; &lt;str_to_bool&gt;$
Parsing Plan created successfully

Executing Parsing Plan for [/home/travis/build/smarie/python-parsyfiles/parsyfiles/tests/combining_parsers_converters/test_data/b64pickle-float-1.0=True]
(P) /home/travis/build/smarie/python-parsyfiles/parsyfiles/tests/combining_parsers_converters/test_data/b64pickle-float-1.0=True.txt -&gt; bool ------- using $&lt;read_str_from_txt&gt; =&gt; &lt;str_to_bool&gt;$
  !! Caught error during execution !!
  File &quot;/home/travis/build/smarie/python-parsyfiles/parsyfiles/converting_core.py&quot;, line 524, in _convert
    return self.conversion_method(desired_type, source_obj, logger, **opts)
  File &quot;/home/travis/build/smarie/python-parsyfiles/parsyfiles/plugins_base/support_for_primitive_types.py&quot;, line 84, in primitive_to_bool
    return bool(strtobool(source))
  File &quot;/opt/python/3.5.5/lib/python3.5/distutils/util.py&quot;, line 317, in strtobool
    raise ValueError(&quot;invalid truth value %r&quot; % (val,))
  ParsingException : Error while parsing /home/travis/build/smarie/python-parsyfiles/parsyfiles/tests/combining_parsers_converters/test_data/b64pickle-float-1.0=True (singlefile, .txt) as a bool with parser &apos;$&lt;read_str_from_txt&gt; =&gt; &lt;str_to_bool&gt;$&apos; using options=({&apos;MultifileCollectionParser&apos;: {&apos;lazy_parsing&apos;: False}}) : caught 
  ValueError : invalid truth value &apos;ganhp/aaaaaaaaau&apos;
Rebuilding local parsing plan with next candidate parser: $&lt;read_str_from_txt&gt; =&gt; &lt;base64_ascii_str_pickle_to_object&gt; -&gt; &lt;float_to_bool&gt;$
(B)                                                                                                  |--b64pickle-float-1.0=True.txt -&gt; bool ------- using $&lt;read_str_from_txt&gt; =&gt; &lt;base64_ascii_str_pickle_to_object&gt; -&gt; &lt;float_to_bool&gt;$
DONE Rebuilding local parsing plan for [/home/travis/build/smarie/python-parsyfiles/parsyfiles/tests/combining_parsers_converters/test_data/b64pickle-float-1.0=True.txt]. Resuming parsing...
Executing Parsing Plan for [/home/travis/build/smarie/python-parsyfiles/parsyfiles/tests/combining_parsers_converters/test_data/b64pickle-float-1.0=True]
(P) /home/travis/build/smarie/python-parsyfiles/parsyfiles/tests/combining_parsers_converters/test_data/b64pickle-float-1.0=True.txt -&gt; bool ------- using $&lt;read_str_from_txt&gt; =&gt; &lt;base64_ascii_str_pickle_to_object&gt; -&gt; &lt;float_to_bool&gt;$
(P)                                                                                                  |--b64pickle-float-1.0=True.txt -&gt; bool SUCCESS !
Completed parsing successfully

**** Starting to parse single object of type &lt;bool&gt; at location /home/travis/build/smarie/python-parsyfiles/parsyfiles/tests/combining_parsers_converters/test_data/b64pickle-float-1.0=True ****
Checking all files under [/home/travis/build/smarie/python-parsyfiles/parsyfiles/tests/combining_parsers_converters/test_data/b64pickle-float-1.0=True]
(C) /home/travis/build/smarie/python-parsyfiles/parsyfiles/tests/combining_parsers_converters/test_data/b64pickle-float-1.0=True (singlefile, .txt)
File checks done

Building a parsing plan to parse [/home/travis/build/smarie/python-parsyfiles/parsyfiles/tests/combining_parsers_converters/test_data/b64pickle-float-1.0=True] into a bool
(B) /home/travis/build/smarie/python-parsyfiles/parsyfiles/tests/combining_parsers_converters/test_data/b64pickle-float-1.0=True.txt -&gt; bool ------- using [Try &apos;$&lt;read_str_from_txt&gt; =&gt; &lt;str_to_bool&gt;$&apos; then &apos;$&lt;read_str_from_txt&gt; =&gt; &lt;base64_ascii_str_pickle_to_object&gt; -&gt; &lt;float_to_bool&gt;$&apos; then &apos;$&lt;read_str_from_txt&gt; =&gt; &lt;base64_ascii_str_pickle_to_object&gt; -&gt; &lt;int_to_bool&gt;$&apos; then &apos;$&lt;read_str_from_txt&gt; =&gt; &lt;base64_ascii_str_pickle_to_object&gt; -&gt; &lt;str_to_bool&gt;$&apos; then &apos;$&lt;read_str_from_txt&gt; =&gt; &lt;base64_ascii_str_pickle_to_object&gt;$]&apos;]
(B)                                                                                                  |--b64pickle-float-1.0=True.txt -&gt; bool ------- using $&lt;read_str_from_txt&gt; =&gt; &lt;str_to_bool&gt;$
Parsing Plan created successfully

Executing Parsing Plan for [/home/travis/build/smarie/python-parsyfiles/parsyfiles/tests/combining_parsers_converters/test_data/b64pickle-float-1.0=True]
(P) /home/travis/build/smarie/python-parsyfiles/parsyfiles/tests/combining_parsers_converters/test_data/b64pickle-float-1.0=True.txt -&gt; bool ------- using $&lt;read_str_from_txt&gt; =&gt; &lt;str_to_bool&gt;$
  !! Caught error during execution !!
  File &quot;/home/travis/build/smarie/python-parsyfiles/parsyfiles/converting_core.py&quot;, line 524, in _convert
    return self.conversion_method(desired_type, source_obj, logger, **opts)
  File &quot;/home/travis/build/smarie/python-parsyfiles/parsyfiles/plugins_base/support_for_primitive_types.py&quot;, line 84, in primitive_to_bool
    return bool(strtobool(source))
  File &quot;/opt/python/3.5.5/lib/python3.5/distutils/util.py&quot;, line 317, in strtobool
    raise ValueError(&quot;invalid truth value %r&quot; % (val,))
  ParsingException : Error while parsing /home/travis/build/smarie/python-parsyfiles/parsyfiles/tests/combining_parsers_converters/test_data/b64pickle-float-1.0=True (singlefile, .txt) as a bool with parser &apos;$&lt;read_str_from_txt&gt; =&gt; &lt;str_to_bool&gt;$&apos; using options=({&apos;MultifileCollectionParser&apos;: {&apos;lazy_parsing&apos;: False}}) : caught 
  ValueError : invalid truth value &apos;ganhp/aaaaaaaaau&apos;
Rebuilding local parsing plan with next candidate parser: $&lt;read_str_from_txt&gt; =&gt; &lt;base64_ascii_str_pickle_to_object&gt; -&gt; &lt;float_to_bool&gt;$
(B)                                                                                                  |--b64pickle-float-1.0=True.txt -&gt; bool ------- using $&lt;read_str_from_txt&gt; =&gt; &lt;base64_ascii_str_pickle_to_object&gt; -&gt; &lt;float_to_bool&gt;$
DONE Rebuilding local parsing plan for [/home/travis/build/smarie/python-parsyfiles/parsyfiles/tests/combining_parsers_converters/test_data/b64pickle-float-1.0=True.txt]. Resuming parsing...
Executing Parsing Plan for [/home/travis/build/smarie/python-parsyfiles/parsyfiles/tests/combining_parsers_converters/test_data/b64pickle-float-1.0=True]
(P) /home/travis/build/smarie/python-parsyfiles/parsyfiles/tests/combining_parsers_converters/test_data/b64pickle-float-1.0=True.txt -&gt; bool ------- using $&lt;read_str_from_txt&gt; =&gt; &lt;base64_ascii_str_pickle_to_object&gt; -&gt; &lt;float_to_bool&gt;$
(P)                                                                                                  |--b64pickle-float-1.0=True.txt -&gt; bool SUCCESS !
Completed parsing successfully

**** Starting to parse single object of type &lt;bool&gt; at location /home/travis/build/smarie/python-parsyfiles/parsyfiles/tests/combining_parsers_converters/test_data/b64pickle-float-1.0=True ****
Checking all files under [/home/travis/build/smarie/python-parsyfiles/parsyfiles/tests/combining_parsers_converters/test_data/b64pickle-float-1.0=True]
(C) /home/travis/build/smarie/python-parsyfiles/parsyfiles/tests/combining_parsers_converters/test_data/b64pickle-float-1.0=True (singlefile, .txt)
File checks done

Building a parsing plan to parse [/home/travis/build/smarie/python-parsyfiles/parsyfiles/tests/combining_parsers_converters/test_data/b64pickle-float-1.0=True] into a bool
(B) /home/travis/build/smarie/python-parsyfiles/parsyfiles/tests/combining_parsers_converters/test_data/b64pickle-float-1.0=True.txt -&gt; bool ------- using [Try &apos;$&lt;read_str_from_txt&gt; =&gt; &lt;str_to_bool&gt;$&apos; then &apos;$&lt;read_str_from_txt&gt; =&gt; &lt;base64_ascii_str_pickle_to_object&gt; -&gt; &lt;float_to_bool&gt;$&apos; then &apos;$&lt;read_str_from_txt&gt; =&gt; &lt;base64_ascii_str_pickle_to_object&gt; -&gt; &lt;int_to_bool&gt;$&apos; then &apos;$&lt;read_str_from_txt&gt; =&gt; &lt;base64_ascii_str_pickle_to_object&gt; -&gt; &lt;str_to_bool&gt;$&apos; then &apos;$&lt;read_str_from_txt&gt; =&gt; &lt;base64_ascii_str_pickle_to_object&gt;$]&apos;]
(B)                                                                                                  |--b64pickle-float-1.0=True.txt -&gt; bool ------- using $&lt;read_str_from_txt&gt; =&gt; &lt;str_to_bool&gt;$
Parsing Plan created successfully

Executing Parsing Plan for [/home/travis/build/smarie/python-parsyfiles/parsyfiles/tests/combining_parsers_converters/test_data/b64pickle-float-1.0=True]
(P) /home/travis/build/smarie/python-parsyfiles/parsyfiles/tests/combining_parsers_converters/test_data/b64pickle-float-1.0=True.txt -&gt; bool ------- using $&lt;read_str_from_txt&gt; =&gt; &lt;str_to_bool&gt;$
  !! Caught error during execution !!
  File &quot;/home/travis/build/smarie/python-parsyfiles/parsyfiles/converting_core.py&quot;, line 524, in _convert
    return self.conversion_method(desired_type, source_obj, logger, **opts)
  File &quot;/home/travis/build/smarie/python-parsyfiles/parsyfiles/plugins_base/support_for_primitive_types.py&quot;, line 84, in primitive_to_bool
    return bool(strtobool(source))
  File &quot;/opt/python/3.5.5/lib/python3.5/distutils/util.py&quot;, line 317, in strtobool
    raise ValueError(&quot;invalid truth value %r&quot; % (val,))
  ParsingException : Error while parsing /home/travis/build/smarie/python-parsyfiles/parsyfiles/tests/combining_parsers_converters/test_data/b64pickle-float-1.0=True (singlefile, .txt) as a bool with parser &apos;$&lt;read_str_from_txt&gt; =&gt; &lt;str_to_bool&gt;$&apos; using options=({&apos;MultifileCollectionParser&apos;: {&apos;lazy_parsing&apos;: False}}) : caught 
  ValueError : invalid truth value &apos;ganhp/aaaaaaaaau&apos;
Rebuilding local parsing plan with next candidate parser: $&lt;read_str_from_txt&gt; =&gt; &lt;base64_ascii_str_pickle_to_object&gt; -&gt; &lt;float_to_bool&gt;$
(B)                                                                                                  |--b64pickle-float-1.0=True.txt -&gt; bool ------- using $&lt;read_str_from_txt&gt; =&gt; &lt;base64_ascii_str_pickle_to_object&gt; -&gt; &lt;float_to_bool&gt;$
DONE Rebuilding local parsing plan for [/home/travis/build/smarie/python-parsyfiles/parsyfiles/tests/combining_parsers_converters/test_data/b64pickle-float-1.0=True.txt]. Resuming parsing...
Executing Parsing Plan for [/home/travis/build/smarie/python-parsyfiles/parsyfiles/tests/combining_parsers_converters/test_data/b64pickle-float-1.0=True]
(P) /home/travis/build/smarie/python-parsyfiles/parsyfiles/tests/combining_parsers_converters/test_data/b64pickle-float-1.0=True.txt -&gt; bool ------- using $&lt;read_str_from_txt&gt; =&gt; &lt;base64_ascii_str_pickle_to_object&gt; -&gt; &lt;float_to_bool&gt;$
(P)                                                                                                  |--b64pickle-float-1.0=True.txt -&gt; bool SUCCESS !
Completed parsing successfully

**** Starting to parse single object of type &lt;bool&gt; at location /home/travis/build/smarie/python-parsyfiles/parsyfiles/tests/combining_parsers_converters/test_data/b64pickle-float-1.0=True ****
Checking all files under [/home/travis/build/smarie/python-parsyfiles/parsyfiles/tests/combining_parsers_converters/test_data/b64pickle-float-1.0=True]
(C) /home/travis/build/smarie/python-parsyfiles/parsyfiles/tests/combining_parsers_converters/test_data/b64pickle-float-1.0=True (singlefile, .txt)
File checks done

Building a parsing plan to parse [/home/travis/build/smarie/python-parsyfiles/parsyfiles/tests/combining_parsers_converters/test_data/b64pickle-float-1.0=True] into a bool
(B) /home/travis/build/smarie/python-parsyfiles/parsyfiles/tests/combining_parsers_converters/test_data/b64pickle-float-1.0=True.txt -&gt; bool ------- using [Try &apos;$&lt;read_str_from_txt&gt; =&gt; &lt;str_to_bool&gt;$&apos; then &apos;$&lt;read_str_from_txt&gt; =&gt; &lt;base64_ascii_str_pickle_to_object&gt; -&gt; &lt;float_to_bool&gt;$&apos; then &apos;$&lt;read_str_from_txt&gt; =&gt; &lt;base64_ascii_str_pickle_to_object&gt; -&gt; &lt;int_to_bool&gt;$&apos; then &apos;$&lt;read_str_from_txt&gt; =&gt; &lt;base64_ascii_str_pickle_to_object&gt; -&gt; &lt;str_to_bool&gt;$&apos; then &apos;$&lt;read_str_from_txt&gt; =&gt; &lt;base64_ascii_str_pickle_to_object&gt;$]&apos;]
(B)                                                                                                  |--b64pickle-float-1.0=True.txt -&gt; bool ------- using $&lt;read_str_from_txt&gt; =&gt; &lt;str_to_bool&gt;$
Parsing Plan created successfully

Executing Parsing Plan for [/home/travis/build/smarie/python-parsyfiles/parsyfiles/tests/combining_parsers_converters/test_data/b64pickle-float-1.0=True]
(P) /home/travis/build/smarie/python-parsyfiles/parsyfiles/tests/combining_parsers_converters/test_data/b64pickle-float-1.0=True.txt -&gt; bool ------- using $&lt;read_str_from_txt&gt; =&gt; &lt;str_to_bool&gt;$
  !! Caught error during execution !!
  File &quot;/home/travis/build/smarie/python-parsyfiles/parsyfiles/converting_core.py&quot;, line 524, in _convert
    return self.conversion_method(desired_type, source_obj, logger, **opts)
  File &quot;/home/travis/build/smarie/python-parsyfiles/parsyfiles/plugins_base/support_for_primitive_types.py&quot;, line 84, in primitive_to_bool
    return bool(strtobool(source))
  File &quot;/opt/python/3.5.5/lib/python3.5/distutils/util.py&quot;, line 317, in strtobool
    raise ValueError(&quot;invalid truth value %r&quot; % (val,))
  ParsingException : Error while parsing /home/travis/build/smarie/python-parsyfiles/parsyfiles/tests/combining_parsers_converters/test_data/b64pickle-float-1.0=True (singlefile, .txt) as a bool with parser &apos;$&lt;read_str_from_txt&gt; =&gt; &lt;str_to_bool&gt;$&apos; using options=({&apos;MultifileCollectionParser&apos;: {&apos;lazy_parsing&apos;: False}}) : caught 
  ValueError : invalid truth value &apos;ganhp/aaaaaaaaau&apos;
Rebuilding local parsing plan with next candidate parser: $&lt;read_str_from_txt&gt; =&gt; &lt;base64_ascii_str_pickle_to_object&gt; -&gt; &lt;float_to_bool&gt;$
(B)                                                                                                  |--b64pickle-float-1.0=True.txt -&gt; bool ------- using $&lt;read_str_from_txt&gt; =&gt; &lt;base64_ascii_str_pickle_to_object&gt; -&gt; &lt;float_to_bool&gt;$
DONE Rebuilding local parsing plan for [/home/travis/build/smarie/python-parsyfiles/parsyfiles/tests/combining_parsers_converters/test_data/b64pickle-float-1.0=True.txt]. Resuming parsing...
Executing Parsing Plan for [/home/travis/build/smarie/python-parsyfiles/parsyfiles/tests/combining_parsers_converters/test_data/b64pickle-float-1.0=True]
(P) /home/travis/build/smarie/python-parsyfiles/parsyfiles/tests/combining_parsers_converters/test_data/b64pickle-float-1.0=True.txt -&gt; bool ------- using $&lt;read_str_from_txt&gt; =&gt; &lt;base64_ascii_str_pickle_to_object&gt; -&gt; &lt;float_to_bool&gt;$
(P)                                                                                                  |--b64pickle-float-1.0=True.txt -&gt; bool SUCCESS !
Completed parsing successfully

**** Starting to parse single object of type &lt;bool&gt; at location /home/travis/build/smarie/python-parsyfiles/parsyfiles/tests/combining_parsers_converters/test_data/b64pickle-float-1.0=True ****
Checking all files under [/home/travis/build/smarie/python-parsyfiles/parsyfiles/tests/combining_parsers_converters/test_data/b64pickle-float-1.0=True]
(C) /home/travis/build/smarie/python-parsyfiles/parsyfiles/tests/combining_parsers_converters/test_data/b64pickle-float-1.0=True (singlefile, .txt)
File checks done

Building a parsing plan to parse [/home/travis/build/smarie/python-parsyfiles/parsyfiles/tests/combining_parsers_converters/test_data/b64pickle-float-1.0=True] into a bool
(B) /home/travis/build/smarie/python-parsyfiles/parsyfiles/tests/combining_parsers_converters/test_data/b64pickle-float-1.0=True.txt -&gt; bool ------- using [Try &apos;$&lt;read_str_from_txt&gt; =&gt; &lt;str_to_bool&gt;$&apos; then &apos;$&lt;read_str_from_txt&gt; =&gt; &lt;base64_ascii_str_pickle_to_object&gt; -&gt; &lt;float_to_bool&gt;$&apos; then &apos;$&lt;read_str_from_txt&gt; =&gt; &lt;base64_ascii_str_pickle_to_object&gt; -&gt; &lt;int_to_bool&gt;$&apos; then &apos;$&lt;read_str_from_txt&gt; =&gt; &lt;base64_ascii_str_pickle_to_object&gt; -&gt; &lt;str_to_bool&gt;$&apos; then &apos;$&lt;read_str_from_txt&gt; =&gt; &lt;base64_ascii_str_pickle_to_object&gt;$]&apos;]
(B)                                                                                                  |--b64pickle-float-1.0=True.txt -&gt; bool ------- using $&lt;read_str_from_txt&gt; =&gt; &lt;str_to_bool&gt;$
Parsing Plan created successfully

Executing Parsing Plan for [/home/travis/build/smarie/python-parsyfiles/parsyfiles/tests/combining_parsers_converters/test_data/b64pickle-float-1.0=True]
(P) /home/travis/build/smarie/python-parsyfiles/parsyfiles/tests/combining_parsers_converters/test_data/b64pickle-float-1.0=True.txt -&gt; bool ------- using $&lt;read_str_from_txt&gt; =&gt; &lt;str_to_bool&gt;$
  !! Caught error during execution !!
  File &quot;/home/travis/build/smarie/python-parsyfiles/parsyfiles/converting_core.py&quot;, line 524, in _convert
    return self.conversion_method(desired_type, source_obj, logger, **opts)
  File &quot;/home/travis/build/smarie/python-parsyfiles/parsyfiles/plugins_base/support_for_primitive_types.py&quot;, line 84, in primitive_to_bool
    return bool(strtobool(source))
  File &quot;/opt/python/3.5.5/lib/python3.5/distutils/util.py&quot;, line 317, in strtobool
    raise ValueError(&quot;invalid truth value %r&quot; % (val,))
  ParsingException : Error while parsing /home/travis/build/smarie/python-parsyfiles/parsyfiles/tests/combining_parsers_converters/test_data/b64pickle-float-1.0=True (singlefile, .txt) as a bool with parser &apos;$&lt;read_str_from_txt&gt; =&gt; &lt;str_to_bool&gt;$&apos; using options=({&apos;MultifileCollectionParser&apos;: {&apos;lazy_parsing&apos;: False}}) : caught 
  ValueError : invalid truth value &apos;ganhp/aaaaaaaaau&apos;
Rebuilding local parsing plan with next candidate parser: $&lt;read_str_from_txt&gt; =&gt; &lt;base64_ascii_str_pickle_to_object&gt; -&gt; &lt;float_to_bool&gt;$
(B)                                                                                                  |--b64pickle-float-1.0=True.txt -&gt; bool ------- using $&lt;read_str_from_txt&gt; =&gt; &lt;base64_ascii_str_pickle_to_object&gt; -&gt; &lt;float_to_bool&gt;$
DONE Rebuilding local parsing plan for [/home/travis/build/smarie/python-parsyfiles/parsyfiles/tests/combining_parsers_converters/test_data/b64pickle-float-1.0=True.txt]. Resuming parsing...
Executing Parsing Plan for [/home/travis/build/smarie/python-parsyfiles/parsyfiles/tests/combining_parsers_converters/test_data/b64pickle-float-1.0=True]
(P) /home/travis/build/smarie/python-parsyfiles/parsyfiles/tests/combining_parsers_converters/test_data/b64pickle-float-1.0=True.txt -&gt; bool ------- using $&lt;read_str_from_txt&gt; =&gt; &lt;base64_ascii_str_pickle_to_object&gt; -&gt; &lt;float_to_bool&gt;$
(P)                                                                                                  |--b64pickle-float-1.0=True.txt -&gt; bool SUCCESS !
Completed parsing successfully

**** Starting to parse single object of type &lt;bool&gt; at location /home/travis/build/smarie/python-parsyfiles/parsyfiles/tests/combining_parsers_converters/test_data/b64pickle-float-1.0=True ****
Checking all files under [/home/travis/build/smarie/python-parsyfiles/parsyfiles/tests/combining_parsers_converters/test_data/b64pickle-float-1.0=True]
(C) /home/travis/build/smarie/python-parsyfiles/parsyfiles/tests/combining_parsers_converters/test_data/b64pickle-float-1.0=True (singlefile, .txt)
File checks done

Building a parsing plan to parse [/home/travis/build/smarie/python-parsyfiles/parsyfiles/tests/combining_parsers_converters/test_data/b64pickle-float-1.0=True] into a bool
(B) /home/travis/build/smarie/python-parsyfiles/parsyfiles/tests/combining_parsers_converters/test_data/b64pickle-float-1.0=True.txt -&gt; bool ------- using [Try &apos;$&lt;read_str_from_txt&gt; =&gt; &lt;str_to_bool&gt;$&apos; then &apos;$&lt;read_str_from_txt&gt; =&gt; &lt;base64_ascii_str_pickle_to_object&gt; -&gt; &lt;float_to_bool&gt;$&apos; then &apos;$&lt;read_str_from_txt&gt; =&gt; &lt;base64_ascii_str_pickle_to_object&gt; -&gt; &lt;int_to_bool&gt;$&apos; then &apos;$&lt;read_str_from_txt&gt; =&gt; &lt;base64_ascii_str_pickle_to_object&gt; -&gt; &lt;str_to_bool&gt;$&apos; then &apos;$&lt;read_str_from_txt&gt; =&gt; &lt;base64_ascii_str_pickle_to_object&gt;$]&apos;]
(B)                                                                                                  |--b64pickle-float-1.0=True.txt -&gt; bool ------- using $&lt;read_str_from_txt&gt; =&gt; &lt;str_to_bool&gt;$
Parsing Plan created successfully

Executing Parsing Plan for [/home/travis/build/smarie/python-parsyfiles/parsyfiles/tests/combining_parsers_converters/test_data/b64pickle-float-1.0=True]
(P) /home/travis/build/smarie/python-parsyfiles/parsyfiles/tests/combining_parsers_converters/test_data/b64pickle-float-1.0=True.txt -&gt; bool ------- using $&lt;read_str_from_txt&gt; =&gt; &lt;str_to_bool&gt;$
  !! Caught error during execution !!
  File &quot;/home/travis/build/smarie/python-parsyfiles/parsyfiles/converting_core.py&quot;, line 524, in _convert
    return self.conversion_method(desired_type, source_obj, logger, **opts)
  File &quot;/home/travis/build/smarie/python-parsyfiles/parsyfiles/plugins_base/support_for_primitive_types.py&quot;, line 84, in primitive_to_bool
    return bool(strtobool(source))
  File &quot;/opt/python/3.5.5/lib/python3.5/distutils/util.py&quot;, line 317, in strtobool
    raise ValueError(&quot;invalid truth value %r&quot; % (val,))
  ParsingException : Error while parsing /home/travis/build/smarie/python-parsyfiles/parsyfiles/tests/combining_parsers_converters/test_data/b64pickle-float-1.0=True (singlefile, .txt) as a bool with parser &apos;$&lt;read_str_from_txt&gt; =&gt; &lt;str_to_bool&gt;$&apos; using options=({&apos;MultifileCollectionParser&apos;: {&apos;lazy_parsing&apos;: False}}) : caught 
  ValueError : invalid truth value &apos;ganhp/aaaaaaaaau&apos;
Rebuilding local parsing plan with next candidate parser: $&lt;read_str_from_txt&gt; =&gt; &lt;base64_ascii_str_pickle_to_object&gt; -&gt; &lt;float_to_bool&gt;$
(B)                                                                                                  |--b64pickle-float-1.0=True.txt -&gt; bool ------- using $&lt;read_str_from_txt&gt; =&gt; &lt;base64_ascii_str_pickle_to_object&gt; -&gt; &lt;float_to_bool&gt;$
DONE Rebuilding local parsing plan for [/home/travis/build/smarie/python-parsyfiles/parsyfiles/tests/combining_parsers_converters/test_data/b64pickle-float-1.0=True.txt]. Resuming parsing...
Executing Parsing Plan for [/home/travis/build/smarie/python-parsyfiles/parsyfiles/tests/combining_parsers_converters/test_data/b64pickle-float-1.0=True]
(P) /home/travis/build/smarie/python-parsyfiles/parsyfiles/tests/combining_parsers_converters/test_data/b64pickle-float-1.0=True.txt -&gt; bool ------- using $&lt;read_str_from_txt&gt; =&gt; &lt;base64_ascii_str_pickle_to_object&gt; -&gt; &lt;float_to_bool&gt;$
(P)                                                                                                  |--b64pickle-float-1.0=True.txt -&gt; bool SUCCESS !
Completed parsing successfully

**** Starting to parse single object of type &lt;bool&gt; at location /home/travis/build/smarie/python-parsyfiles/parsyfiles/tests/combining_parsers_converters/test_data/b64pickle-float-1.0=True ****
Checking all files under [/home/travis/build/smarie/python-parsyfiles/parsyfiles/tests/combining_parsers_converters/test_data/b64pickle-float-1.0=True]
(C) /home/travis/build/smarie/python-parsyfiles/parsyfiles/tests/combining_parsers_converters/test_data/b64pickle-float-1.0=True (singlefile, .txt)
File checks done

Building a parsing plan to parse [/home/travis/build/smarie/python-parsyfiles/parsyfiles/tests/combining_parsers_converters/test_data/b64pickle-float-1.0=True] into a bool
(B) /home/travis/build/smarie/python-parsyfiles/parsyfiles/tests/combining_parsers_converters/test_data/b64pickle-float-1.0=True.txt -&gt; bool ------- using [Try &apos;$&lt;read_str_from_txt&gt; =&gt; &lt;str_to_bool&gt;$&apos; then &apos;$&lt;read_str_from_txt&gt; =&gt; &lt;base64_ascii_str_pickle_to_object&gt; -&gt; &lt;float_to_bool&gt;$&apos; then &apos;$&lt;read_str_from_txt&gt; =&gt; &lt;base64_ascii_str_pickle_to_object&gt; -&gt; &lt;int_to_bool&gt;$&apos; then &apos;$&lt;read_str_from_txt&gt; =&gt; &lt;base64_ascii_str_pickle_to_object&gt; -&gt; &lt;str_to_bool&gt;$&apos; then &apos;$&lt;read_str_from_txt&gt; =&gt; &lt;base64_ascii_str_pickle_to_object&gt;$]&apos;]
(B)                                                                                                  |--b64pickle-float-1.0=True.txt -&gt; bool ------- using $&lt;read_str_from_txt&gt; =&gt; &lt;str_to_bool&gt;$
Parsing Plan created successfully

Executing Parsing Plan for [/home/travis/build/smarie/python-parsyfiles/parsyfiles/tests/combining_parsers_converters/test_data/b64pickle-float-1.0=True]
(P) /home/travis/build/smarie/python-parsyfiles/parsyfiles/tests/combining_parsers_converters/test_data/b64pickle-float-1.0=True.txt -&gt; bool ------- using $&lt;read_str_from_txt&gt; =&gt; &lt;str_to_bool&gt;$
  !! Caught error during execution !!
  File &quot;/home/travis/build/smarie/python-parsyfiles/parsyfiles/converting_core.py&quot;, line 524, in _convert
    return self.conversion_method(desired_type, source_obj, logger, **opts)
  File &quot;/home/travis/build/smarie/python-parsyfiles/parsyfiles/plugins_base/support_for_primitive_types.py&quot;, line 84, in primitive_to_bool
    return bool(strtobool(source))
  File &quot;/opt/python/3.5.5/lib/python3.5/distutils/util.py&quot;, line 317, in strtobool
    raise ValueError(&quot;invalid truth value %r&quot; % (val,))
  ParsingException : Error while parsing /home/travis/build/smarie/python-parsyfiles/parsyfiles/tests/combining_parsers_converters/test_data/b64pickle-float-1.0=True (singlefile, .txt) as a bool with parser &apos;$&lt;read_str_from_txt&gt; =&gt; &lt;str_to_bool&gt;$&apos; using options=({&apos;MultifileCollectionParser&apos;: {&apos;lazy_parsing&apos;: False}}) : caught 
  ValueError : invalid truth value &apos;ganhp/aaaaaaaaau&apos;
Rebuilding local parsing plan with next candidate parser: $&lt;read_str_from_txt&gt; =&gt; &lt;base64_ascii_str_pickle_to_object&gt; -&gt; &lt;float_to_bool&gt;$
(B)                                                                                                  |--b64pickle-float-1.0=True.txt -&gt; bool ------- using $&lt;read_str_from_txt&gt; =&gt; &lt;base64_ascii_str_pickle_to_object&gt; -&gt; &lt;float_to_bool&gt;$
DONE Rebuilding local parsing plan for [/home/travis/build/smarie/python-parsyfiles/parsyfiles/tests/combining_parsers_converters/test_data/b64pickle-float-1.0=True.txt]. Resuming parsing...
Executing Parsing Plan for [/home/travis/build/smarie/python-parsyfiles/parsyfiles/tests/combining_parsers_converters/test_data/b64pickle-float-1.0=True]
(P) /home/travis/build/smarie/python-parsyfiles/parsyfiles/tests/combining_parsers_converters/test_data/b64pickle-float-1.0=True.txt -&gt; bool ------- using $&lt;read_str_from_txt&gt; =&gt; &lt;base64_ascii_str_pickle_to_object&gt; -&gt; &lt;float_to_bool&gt;$
(P)                                                                                                  |--b64pickle-float-1.0=True.txt -&gt; bool SUCCESS !
Completed parsing successfully

**** Starting to parse single object of type &lt;bool&gt; at location /home/travis/build/smarie/python-parsyfiles/parsyfiles/tests/combining_parsers_converters/test_data/b64pickle-float-1.0=True ****
Checking all files under [/home/travis/build/smarie/python-parsyfiles/parsyfiles/tests/combining_parsers_converters/test_data/b64pickle-float-1.0=True]
(C) /home/travis/build/smarie/python-parsyfiles/parsyfiles/tests/combining_parsers_converters/test_data/b64pickle-float-1.0=True (singlefile, .txt)
File checks done

Building a parsing plan to parse [/home/travis/build/smarie/python-parsyfiles/parsyfiles/tests/combining_parsers_converters/test_data/b64pickle-float-1.0=True] into a bool
(B) /home/travis/build/smarie/python-parsyfiles/parsyfiles/tests/combining_parsers_converters/test_data/b64pickle-float-1.0=True.txt -&gt; bool ------- using [Try &apos;$&lt;read_str_from_txt&gt; =&gt; &lt;str_to_bool&gt;$&apos; then &apos;$&lt;read_str_from_txt&gt; =&gt; &lt;base64_ascii_str_pickle_to_object&gt; -&gt; &lt;float_to_bool&gt;$&apos; then &apos;$&lt;read_str_from_txt&gt; =&gt; &lt;base64_ascii_str_pickle_to_object&gt; -&gt; &lt;int_to_bool&gt;$&apos; then &apos;$&lt;read_str_from_txt&gt; =&gt; &lt;base64_ascii_str_pickle_to_object&gt; -&gt; &lt;str_to_bool&gt;$&apos; then &apos;$&lt;read_str_from_txt&gt; =&gt; &lt;base64_ascii_str_pickle_to_object&gt;$]&apos;]
(B)                                                                                                  |--b64pickle-float-1.0=True.txt -&gt; bool ------- using $&lt;read_str_from_txt&gt; =&gt; &lt;str_to_bool&gt;$
Parsing Plan created successfully

Executing Parsing Plan for [/home/travis/build/smarie/python-parsyfiles/parsyfiles/tests/combining_parsers_converters/test_data/b64pickle-float-1.0=True]
(P) /home/travis/build/smarie/python-parsyfiles/parsyfiles/tests/combining_parsers_converters/test_data/b64pickle-float-1.0=True.txt -&gt; bool ------- using $&lt;read_str_from_txt&gt; =&gt; &lt;str_to_bool&gt;$
  !! Caught error during execution !!
  File &quot;/home/travis/build/smarie/python-parsyfiles/parsyfiles/converting_core.py&quot;, line 524, in _convert
    return self.conversion_method(desired_type, source_obj, logger, **opts)
  File &quot;/home/travis/build/smarie/python-parsyfiles/parsyfiles/plugins_base/support_for_primitive_types.py&quot;, line 84, in primitive_to_bool
    return bool(strtobool(source))
  File &quot;/opt/python/3.5.5/lib/python3.5/distutils/util.py&quot;, line 317, in strtobool
    raise ValueError(&quot;invalid truth value %r&quot; % (val,))
  ParsingException : Error while parsing /home/travis/build/smarie/python-parsyfiles/parsyfiles/tests/combining_parsers_converters/test_data/b64pickle-float-1.0=True (singlefile, .txt) as a bool with parser &apos;$&lt;read_str_from_txt&gt; =&gt; &lt;str_to_bool&gt;$&apos; using options=({&apos;MultifileCollectionParser&apos;: {&apos;lazy_parsing&apos;: False}}) : caught 
  ValueError : invalid truth value &apos;ganhp/aaaaaaaaau&apos;
Rebuilding local parsing plan with next candidate parser: $&lt;read_str_from_txt&gt; =&gt; &lt;base64_ascii_str_pickle_to_object&gt; -&gt; &lt;float_to_bool&gt;$
(B)                                                                                                  |--b64pickle-float-1.0=True.txt -&gt; bool ------- using $&lt;read_str_from_txt&gt; =&gt; &lt;base64_ascii_str_pickle_to_object&gt; -&gt; &lt;float_to_bool&gt;$
DONE Rebuilding local parsing plan for [/home/travis/build/smarie/python-parsyfiles/parsyfiles/tests/combining_parsers_converters/test_data/b64pickle-float-1.0=True.txt]. Resuming parsing...
Executing Parsing Plan for [/home/travis/build/smarie/python-parsyfiles/parsyfiles/tests/combining_parsers_converters/test_data/b64pickle-float-1.0=True]
(P) /home/travis/build/smarie/python-parsyfiles/parsyfiles/tests/combining_parsers_converters/test_data/b64pickle-float-1.0=True.txt -&gt; bool ------- using $&lt;read_str_from_txt&gt; =&gt; &lt;base64_ascii_str_pickle_to_object&gt; -&gt; &lt;float_to_bool&gt;$
(P)                                                                                                  |--b64pickle-float-1.0=True.txt -&gt; bool SUCCESS !
Completed parsing successfully

**** Starting to parse single object of type &lt;bool&gt; at location /home/travis/build/smarie/python-parsyfiles/parsyfiles/tests/combining_parsers_converters/test_data/b64pickle-float-1.0=True ****
Checking all files under [/home/travis/build/smarie/python-parsyfiles/parsyfiles/tests/combining_parsers_converters/test_data/b64pickle-float-1.0=True]
(C) /home/travis/build/smarie/python-parsyfiles/parsyfiles/tests/combining_parsers_converters/test_data/b64pickle-float-1.0=True (singlefile, .txt)
File checks done

Building a parsing plan to parse [/home/travis/build/smarie/python-parsyfiles/parsyfiles/tests/combining_parsers_converters/test_data/b64pickle-float-1.0=True] into a bool
(B) /home/travis/build/smarie/python-parsyfiles/parsyfiles/tests/combining_parsers_converters/test_data/b64pickle-float-1.0=True.txt -&gt; bool ------- using [Try &apos;$&lt;read_str_from_txt&gt; =&gt; &lt;str_to_bool&gt;$&apos; then &apos;$&lt;read_str_from_txt&gt; =&gt; &lt;base64_ascii_str_pickle_to_object&gt; -&gt; &lt;float_to_bool&gt;$&apos; then &apos;$&lt;read_str_from_txt&gt; =&gt; &lt;base64_ascii_str_pickle_to_object&gt; -&gt; &lt;int_to_bool&gt;$&apos; then &apos;$&lt;read_str_from_txt&gt; =&gt; &lt;base64_ascii_str_pickle_to_object&gt; -&gt; &lt;str_to_bool&gt;$&apos; then &apos;$&lt;read_str_from_txt&gt; =&gt; &lt;base64_ascii_str_pickle_to_object&gt;$]&apos;]
(B)                                                                                                  |--b64pickle-float-1.0=True.txt -&gt; bool ------- using $&lt;read_str_from_txt&gt; =&gt; &lt;str_to_bool&gt;$
Parsing Plan created successfully

Executing Parsing Plan for [/home/travis/build/smarie/python-parsyfiles/parsyfiles/tests/combining_parsers_converters/test_data/b64pickle-float-1.0=True]
(P) /home/travis/build/smarie/python-parsyfiles/parsyfiles/tests/combining_parsers_converters/test_data/b64pickle-float-1.0=True.txt -&gt; bool ------- using $&lt;read_str_from_txt&gt; =&gt; &lt;str_to_bool&gt;$
  !! Caught error during execution !!
  File &quot;/home/travis/build/smarie/python-parsyfiles/parsyfiles/converting_core.py&quot;, line 524, in _convert
    return self.conversion_method(desired_type, source_obj, logger, **opts)
  File &quot;/home/travis/build/smarie/python-parsyfiles/parsyfiles/plugins_base/support_for_primitive_types.py&quot;, line 84, in primitive_to_bool
    return bool(strtobool(source))
  File &quot;/opt/python/3.5.5/lib/python3.5/distutils/util.py&quot;, line 317, in strtobool
    raise ValueError(&quot;invalid truth value %r&quot; % (val,))
  ParsingException : Error while parsing /home/travis/build/smarie/python-parsyfiles/parsyfiles/tests/combining_parsers_converters/test_data/b64pickle-float-1.0=True (singlefile, .txt) as a bool with parser &apos;$&lt;read_str_from_txt&gt; =&gt; &lt;str_to_bool&gt;$&apos; using options=({&apos;MultifileCollectionParser&apos;: {&apos;lazy_parsing&apos;: False}}) : caught 
  ValueError : invalid truth value &apos;ganhp/aaaaaaaaau&apos;
Rebuilding local parsing plan with next candidate parser: $&lt;read_str_from_txt&gt; =&gt; &lt;base64_ascii_str_pickle_to_object&gt; -&gt; &lt;float_to_bool&gt;$
(B)                                                                                                  |--b64pickle-float-1.0=True.txt -&gt; bool ------- using $&lt;read_str_from_txt&gt; =&gt; &lt;base64_ascii_str_pickle_to_object&gt; -&gt; &lt;float_to_bool&gt;$
DONE Rebuilding local parsing plan for [/home/travis/build/smarie/python-parsyfiles/parsyfiles/tests/combining_parsers_converters/test_data/b64pickle-float-1.0=True.txt]. Resuming parsing...
Executing Parsing Plan for [/home/travis/build/smarie/python-parsyfiles/parsyfiles/tests/combining_parsers_converters/test_data/b64pickle-float-1.0=True]
(P) /home/travis/build/smarie/python-parsyfiles/parsyfiles/tests/combining_parsers_converters/test_data/b64pickle-float-1.0=True.txt -&gt; bool ------- using $&lt;read_str_from_txt&gt; =&gt; &lt;base64_ascii_str_pickle_to_object&gt; -&gt; &lt;float_to_bool&gt;$
(P)                                                                                                  |--b64pickle-float-1.0=True.txt -&gt; bool SUCCESS !
Completed parsing successfully

**** Starting to parse single object of type &lt;bool&gt; at location /home/travis/build/smarie/python-parsyfiles/parsyfiles/tests/combining_parsers_converters/test_data/b64pickle-float-1.0=True ****
Checking all files under [/home/travis/build/smarie/python-parsyfiles/parsyfiles/tests/combining_parsers_converters/test_data/b64pickle-float-1.0=True]
(C) /home/travis/build/smarie/python-parsyfiles/parsyfiles/tests/combining_parsers_converters/test_data/b64pickle-float-1.0=True (singlefile, .txt)
File checks done

Building a parsing plan to parse [/home/travis/build/smarie/python-parsyfiles/parsyfiles/tests/combining_parsers_converters/test_data/b64pickle-float-1.0=True] into a bool
(B) /home/travis/build/smarie/python-parsyfiles/parsyfiles/tests/combining_parsers_converters/test_data/b64pickle-float-1.0=True.txt -&gt; bool ------- using [Try &apos;$&lt;read_str_from_txt&gt; =&gt; &lt;str_to_bool&gt;$&apos; then &apos;$&lt;read_str_from_txt&gt; =&gt; &lt;base64_ascii_str_pickle_to_object&gt; -&gt; &lt;float_to_bool&gt;$&apos; then &apos;$&lt;read_str_from_txt&gt; =&gt; &lt;base64_ascii_str_pickle_to_object&gt; -&gt; &lt;int_to_bool&gt;$&apos; then &apos;$&lt;read_str_from_txt&gt; =&gt; &lt;base64_ascii_str_pickle_to_object&gt; -&gt; &lt;str_to_bool&gt;$&apos; then &apos;$&lt;read_str_from_txt&gt; =&gt; &lt;base64_ascii_str_pickle_to_object&gt;$]&apos;]
(B)                                                                                                  |--b64pickle-float-1.0=True.txt -&gt; bool ------- using $&lt;read_str_from_txt&gt; =&gt; &lt;str_to_bool&gt;$
Parsing Plan created successfully

Executing Parsing Plan for [/home/travis/build/smarie/python-parsyfiles/parsyfiles/tests/combining_parsers_converters/test_data/b64pickle-float-1.0=True]
(P) /home/travis/build/smarie/python-parsyfiles/parsyfiles/tests/combining_parsers_converters/test_data/b64pickle-float-1.0=True.txt -&gt; bool ------- using $&lt;read_str_from_txt&gt; =&gt; &lt;str_to_bool&gt;$
  !! Caught error during execution !!
  File &quot;/home/travis/build/smarie/python-parsyfiles/parsyfiles/converting_core.py&quot;, line 524, in _convert
    return self.conversion_method(desired_type, source_obj, logger, **opts)
  File &quot;/home/travis/build/smarie/python-parsyfiles/parsyfiles/plugins_base/support_for_primitive_types.py&quot;, line 84, in primitive_to_bool
    return bool(strtobool(source))
  File &quot;/opt/python/3.5.5/lib/python3.5/distutils/util.py&quot;, line 317, in strtobool
    raise ValueError(&quot;invalid truth value %r&quot; % (val,))
  ParsingException : Error while parsing /home/travis/build/smarie/python-parsyfiles/parsyfiles/tests/combining_parsers_converters/test_data/b64pickle-float-1.0=True (singlefile, .txt) as a bool with parser &apos;$&lt;read_str_from_txt&gt; =&gt; &lt;str_to_bool&gt;$&apos; using options=({&apos;MultifileCollectionParser&apos;: {&apos;lazy_parsing&apos;: False}}) : caught 
  ValueError : invalid truth value &apos;ganhp/aaaaaaaaau&apos;
Rebuilding local parsing plan with next candidate parser: $&lt;read_str_from_txt&gt; =&gt; &lt;base64_ascii_str_pickle_to_object&gt; -&gt; &lt;float_to_bool&gt;$
(B)                                                                                                  |--b64pickle-float-1.0=True.txt -&gt; bool ------- using $&lt;read_str_from_txt&gt; =&gt; &lt;base64_ascii_str_pickle_to_object&gt; -&gt; &lt;float_to_bool&gt;$
DONE Rebuilding local parsing plan for [/home/travis/build/smarie/python-parsyfiles/parsyfiles/tests/combining_parsers_converters/test_data/b64pickle-float-1.0=True.txt]. Resuming parsing...
Executing Parsing Plan for [/home/travis/build/smarie/python-parsyfiles/parsyfiles/tests/combining_parsers_converters/test_data/b64pickle-float-1.0=True]
(P) /home/travis/build/smarie/python-parsyfiles/parsyfiles/tests/combining_parsers_converters/test_data/b64pickle-float-1.0=True.txt -&gt; bool ------- using $&lt;read_str_from_txt&gt; =&gt; &lt;base64_ascii_str_pickle_to_object&gt; -&gt; &lt;float_to_bool&gt;$
(P)                                                                                                  |--b64pickle-float-1.0=True.txt -&gt; bool SUCCESS !
Completed parsing successfully

**** Starting to parse single object of type &lt;bool&gt; at location /home/travis/build/smarie/python-parsyfiles/parsyfiles/tests/combining_parsers_converters/test_data/b64pickle-float-1.0=True ****
Checking all files under [/home/travis/build/smarie/python-parsyfiles/parsyfiles/tests/combining_parsers_converters/test_data/b64pickle-float-1.0=True]
(C) /home/travis/build/smarie/python-parsyfiles/parsyfiles/tests/combining_parsers_converters/test_data/b64pickle-float-1.0=True (singlefile, .txt)
File checks done

Building a parsing plan to parse [/home/travis/build/smarie/python-parsyfiles/parsyfiles/tests/combining_parsers_converters/test_data/b64pickle-float-1.0=True] into a bool
(B) /home/travis/build/smarie/python-parsyfiles/parsyfiles/tests/combining_parsers_converters/test_data/b64pickle-float-1.0=True.txt -&gt; bool ------- using [Try &apos;$&lt;read_str_from_txt&gt; =&gt; &lt;str_to_bool&gt;$&apos; then &apos;$&lt;read_str_from_txt&gt; =&gt; &lt;base64_ascii_str_pickle_to_object&gt; -&gt; &lt;float_to_bool&gt;$&apos; then &apos;$&lt;read_str_from_txt&gt; =&gt; &lt;base64_ascii_str_pickle_to_object&gt; -&gt; &lt;int_to_bool&gt;$&apos; then &apos;$&lt;read_str_from_txt&gt; =&gt; &lt;base64_ascii_str_pickle_to_object&gt; -&gt; &lt;str_to_bool&gt;$&apos; then &apos;$&lt;read_str_from_txt&gt; =&gt; &lt;base64_ascii_str_pickle_to_object&gt;$]&apos;]
(B)                                                                                                  |--b64pickle-float-1.0=True.txt -&gt; bool ------- using $&lt;read_str_from_txt&gt; =&gt; &lt;str_to_bool&gt;$
Parsing Plan created successfully

Executing Parsing Plan for [/home/travis/build/smarie/python-parsyfiles/parsyfiles/tests/combining_parsers_converters/test_data/b64pickle-float-1.0=True]
(P) /home/travis/build/smarie/python-parsyfiles/parsyfiles/tests/combining_parsers_converters/test_data/b64pickle-float-1.0=True.txt -&gt; bool ------- using $&lt;read_str_from_txt&gt; =&gt; &lt;str_to_bool&gt;$
  !! Caught error during execution !!
  File &quot;/home/travis/build/smarie/python-parsyfiles/parsyfiles/converting_core.py&quot;, line 524, in _convert
    return self.conversion_method(desired_type, source_obj, logger, **opts)
  File &quot;/home/travis/build/smarie/python-parsyfiles/parsyfiles/plugins_base/support_for_primitive_types.py&quot;, line 84, in primitive_to_bool
    return bool(strtobool(source))
  File &quot;/opt/python/3.5.5/lib/python3.5/distutils/util.py&quot;, line 317, in strtobool
    raise ValueError(&quot;invalid truth value %r&quot; % (val,))
  ParsingException : Error while parsing /home/travis/build/smarie/python-parsyfiles/parsyfiles/tests/combining_parsers_converters/test_data/b64pickle-float-1.0=True (singlefile, .txt) as a bool with parser &apos;$&lt;read_str_from_txt&gt; =&gt; &lt;str_to_bool&gt;$&apos; using options=({&apos;MultifileCollectionParser&apos;: {&apos;lazy_parsing&apos;: False}}) : caught 
  ValueError : invalid truth value &apos;ganhp/aaaaaaaaau&apos;
Rebuilding local parsing plan with next candidate parser: $&lt;read_str_from_txt&gt; =&gt; &lt;base64_ascii_str_pickle_to_object&gt; -&gt; &lt;float_to_bool&gt;$
(B)                                                                                                  |--b64pickle-float-1.0=True.txt -&gt; bool ------- using $&lt;read_str_from_txt&gt; =&gt; &lt;base64_ascii_str_pickle_to_object&gt; -&gt; &lt;float_to_bool&gt;$
DONE Rebuilding local parsing plan for [/home/travis/build/smarie/python-parsyfiles/parsyfiles/tests/combining_parsers_converters/test_data/b64pickle-float-1.0=True.txt]. Resuming parsing...
Executing Parsing Plan for [/home/travis/build/smarie/python-parsyfiles/parsyfiles/tests/combining_parsers_converters/test_data/b64pickle-float-1.0=True]
(P) /home/travis/build/smarie/python-parsyfiles/parsyfiles/tests/combining_parsers_converters/test_data/b64pickle-float-1.0=True.txt -&gt; bool ------- using $&lt;read_str_from_txt&gt; =&gt; &lt;base64_ascii_str_pickle_to_object&gt; -&gt; &lt;float_to_bool&gt;$
(P)                                                                                                  |--b64pickle-float-1.0=True.txt -&gt; bool SUCCESS !
Completed parsing successfully

**** Starting to parse single object of type &lt;bool&gt; at location /home/travis/build/smarie/python-parsyfiles/parsyfiles/tests/combining_parsers_converters/test_data/b64pickle-float-1.0=True ****
Checking all files under [/home/travis/build/smarie/python-parsyfiles/parsyfiles/tests/combining_parsers_converters/test_data/b64pickle-float-1.0=True]
(C) /home/travis/build/smarie/python-parsyfiles/parsyfiles/tests/combining_parsers_converters/test_data/b64pickle-float-1.0=True (singlefile, .txt)
File checks done

Building a parsing plan to parse [/home/travis/build/smarie/python-parsyfiles/parsyfiles/tests/combining_parsers_converters/test_data/b64pickle-float-1.0=True] into a bool
(B) /home/travis/build/smarie/python-parsyfiles/parsyfiles/tests/combining_parsers_converters/test_data/b64pickle-float-1.0=True.txt -&gt; bool ------- using [Try &apos;$&lt;read_str_from_txt&gt; =&gt; &lt;str_to_bool&gt;$&apos; then &apos;$&lt;read_str_from_txt&gt; =&gt; &lt;base64_ascii_str_pickle_to_object&gt; -&gt; &lt;float_to_bool&gt;$&apos; then &apos;$&lt;read_str_from_txt&gt; =&gt; &lt;base64_ascii_str_pickle_to_object&gt; -&gt; &lt;int_to_bool&gt;$&apos; then &apos;$&lt;read_str_from_txt&gt; =&gt; &lt;base64_ascii_str_pickle_to_object&gt; -&gt; &lt;str_to_bool&gt;$&apos; then &apos;$&lt;read_str_from_txt&gt; =&gt; &lt;base64_ascii_str_pickle_to_object&gt;$]&apos;]
(B)                                                                                                  |--b64pickle-float-1.0=True.txt -&gt; bool ------- using $&lt;read_str_from_txt&gt; =&gt; &lt;str_to_bool&gt;$
Parsing Plan created successfully

Executing Parsing Plan for [/home/travis/build/smarie/python-parsyfiles/parsyfiles/tests/combining_parsers_converters/test_data/b64pickle-float-1.0=True]
(P) /home/travis/build/smarie/python-parsyfiles/parsyfiles/tests/combining_parsers_converters/test_data/b64pickle-float-1.0=True.txt -&gt; bool ------- using $&lt;read_str_from_txt&gt; =&gt; &lt;str_to_bool&gt;$
  !! Caught error during execution !!
  File &quot;/home/travis/build/smarie/python-parsyfiles/parsyfiles/converting_core.py&quot;, line 524, in _convert
    return self.conversion_method(desired_type, source_obj, logger, **opts)
  File &quot;/home/travis/build/smarie/python-parsyfiles/parsyfiles/plugins_base/support_for_primitive_types.py&quot;, line 84, in primitive_to_bool
    return bool(strtobool(source))
  File &quot;/opt/python/3.5.5/lib/python3.5/distutils/util.py&quot;, line 317, in strtobool
    raise ValueError(&quot;invalid truth value %r&quot; % (val,))
  ParsingException : Error while parsing /home/travis/build/smarie/python-parsyfiles/parsyfiles/tests/combining_parsers_converters/test_data/b64pickle-float-1.0=True (singlefile, .txt) as a bool with parser &apos;$&lt;read_str_from_txt&gt; =&gt; &lt;str_to_bool&gt;$&apos; using options=({&apos;MultifileCollectionParser&apos;: {&apos;lazy_parsing&apos;: False}}) : caught 
  ValueError : invalid truth value &apos;ganhp/aaaaaaaaau&apos;
Rebuilding local parsing plan with next candidate parser: $&lt;read_str_from_txt&gt; =&gt; &lt;base64_ascii_str_pickle_to_object&gt; -&gt; &lt;float_to_bool&gt;$
(B)                                                                                                  |--b64pickle-float-1.0=True.txt -&gt; bool ------- using $&lt;read_str_from_txt&gt; =&gt; &lt;base64_ascii_str_pickle_to_object&gt; -&gt; &lt;float_to_bool&gt;$
DONE Rebuilding local parsing plan for [/home/travis/build/smarie/python-parsyfiles/parsyfiles/tests/combining_parsers_converters/test_data/b64pickle-float-1.0=True.txt]. Resuming parsing...
Executing Parsing Plan for [/home/travis/build/smarie/python-parsyfiles/parsyfiles/tests/combining_parsers_converters/test_data/b64pickle-float-1.0=True]
(P) /home/travis/build/smarie/python-parsyfiles/parsyfiles/tests/combining_parsers_converters/test_data/b64pickle-float-1.0=True.txt -&gt; bool ------- using $&lt;read_str_from_txt&gt; =&gt; &lt;base64_ascii_str_pickle_to_object&gt; -&gt; &lt;float_to_bool&gt;$
(P)                                                                                                  |--b64pickle-float-1.0=True.txt -&gt; bool SUCCESS !
Completed parsing successfully

**** Starting to parse single object of type &lt;bool&gt; at location /home/travis/build/smarie/python-parsyfiles/parsyfiles/tests/combining_parsers_converters/test_data/b64pickle-float-1.0=True ****
Checking all files under [/home/travis/build/smarie/python-parsyfiles/parsyfiles/tests/combining_parsers_converters/test_data/b64pickle-float-1.0=True]
(C) /home/travis/build/smarie/python-parsyfiles/parsyfiles/tests/combining_parsers_converters/test_data/b64pickle-float-1.0=True (singlefile, .txt)
File checks done

Building a parsing plan to parse [/home/travis/build/smarie/python-parsyfiles/parsyfiles/tests/combining_parsers_converters/test_data/b64pickle-float-1.0=True] into a bool
(B) /home/travis/build/smarie/python-parsyfiles/parsyfiles/tests/combining_parsers_converters/test_data/b64pickle-float-1.0=True.txt -&gt; bool ------- using [Try &apos;$&lt;read_str_from_txt&gt; =&gt; &lt;str_to_bool&gt;$&apos; then &apos;$&lt;read_str_from_txt&gt; =&gt; &lt;base64_ascii_str_pickle_to_object&gt; -&gt; &lt;float_to_bool&gt;$&apos; then &apos;$&lt;read_str_from_txt&gt; =&gt; &lt;base64_ascii_str_pickle_to_object&gt; -&gt; &lt;int_to_bool&gt;$&apos; then &apos;$&lt;read_str_from_txt&gt; =&gt; &lt;base64_ascii_str_pickle_to_object&gt; -&gt; &lt;str_to_bool&gt;$&apos; then &apos;$&lt;read_str_from_txt&gt; =&gt; &lt;base64_ascii_str_pickle_to_object&gt;$]&apos;]
(B)                                                                                                  |--b64pickle-float-1.0=True.txt -&gt; bool ------- using $&lt;read_str_from_txt&gt; =&gt; &lt;str_to_bool&gt;$
Parsing Plan created successfully

Executing Parsing Plan for [/home/travis/build/smarie/python-parsyfiles/parsyfiles/tests/combining_parsers_converters/test_data/b64pickle-float-1.0=True]
(P) /home/travis/build/smarie/python-parsyfiles/parsyfiles/tests/combining_parsers_converters/test_data/b64pickle-float-1.0=True.txt -&gt; bool ------- using $&lt;read_str_from_txt&gt; =&gt; &lt;str_to_bool&gt;$
  !! Caught error during execution !!
  File &quot;/home/travis/build/smarie/python-parsyfiles/parsyfiles/converting_core.py&quot;, line 524, in _convert
    return self.conversion_method(desired_type, source_obj, logger, **opts)
  File &quot;/home/travis/build/smarie/python-parsyfiles/parsyfiles/plugins_base/support_for_primitive_types.py&quot;, line 84, in primitive_to_bool
    return bool(strtobool(source))
  File &quot;/opt/python/3.5.5/lib/python3.5/distutils/util.py&quot;, line 317, in strtobool
    raise ValueError(&quot;invalid truth value %r&quot; % (val,))
  ParsingException : Error while parsing /home/travis/build/smarie/python-parsyfiles/parsyfiles/tests/combining_parsers_converters/test_data/b64pickle-float-1.0=True (singlefile, .txt) as a bool with parser &apos;$&lt;read_str_from_txt&gt; =&gt; &lt;str_to_bool&gt;$&apos; using options=({&apos;MultifileCollectionParser&apos;: {&apos;lazy_parsing&apos;: False}}) : caught 
  ValueError : invalid truth value &apos;ganhp/aaaaaaaaau&apos;
Rebuilding local parsing plan with next candidate parser: $&lt;read_str_from_txt&gt; =&gt; &lt;base64_ascii_str_pickle_to_object&gt; -&gt; &lt;float_to_bool&gt;$
(B)                                                                                                  |--b64pickle-float-1.0=True.txt -&gt; bool ------- using $&lt;read_str_from_txt&gt; =&gt; &lt;base64_ascii_str_pickle_to_object&gt; -&gt; &lt;float_to_bool&gt;$
DONE Rebuilding local parsing plan for [/home/travis/build/smarie/python-parsyfiles/parsyfiles/tests/combining_parsers_converters/test_data/b64pickle-float-1.0=True.txt]. Resuming parsing...
Executing Parsing Plan for [/home/travis/build/smarie/python-parsyfiles/parsyfiles/tests/combining_parsers_converters/test_data/b64pickle-float-1.0=True]
(P) /home/travis/build/smarie/python-parsyfiles/parsyfiles/tests/combining_parsers_converters/test_data/b64pickle-float-1.0=True.txt -&gt; bool ------- using $&lt;read_str_from_txt&gt; =&gt; &lt;base64_ascii_str_pickle_to_object&gt; -&gt; &lt;float_to_bool&gt;$
(P)                                                                                                  |--b64pickle-float-1.0=True.txt -&gt; bool SUCCESS !
Completed parsing successfully

**** Starting to parse single object of type &lt;bool&gt; at location /home/travis/build/smarie/python-parsyfiles/parsyfiles/tests/combining_parsers_converters/test_data/b64pickle-float-1.0=True ****
Checking all files under [/home/travis/build/smarie/python-parsyfiles/parsyfiles/tests/combining_parsers_converters/test_data/b64pickle-float-1.0=True]
(C) /home/travis/build/smarie/python-parsyfiles/parsyfiles/tests/combining_parsers_converters/test_data/b64pickle-float-1.0=True (singlefile, .txt)
File checks done

Building a parsing plan to parse [/home/travis/build/smarie/python-parsyfiles/parsyfiles/tests/combining_parsers_converters/test_data/b64pickle-float-1.0=True] into a bool
(B) /home/travis/build/smarie/python-parsyfiles/parsyfiles/tests/combining_parsers_converters/test_data/b64pickle-float-1.0=True.txt -&gt; bool ------- using [Try &apos;$&lt;read_str_from_txt&gt; =&gt; &lt;str_to_bool&gt;$&apos; then &apos;$&lt;read_str_from_txt&gt; =&gt; &lt;base64_ascii_str_pickle_to_object&gt; -&gt; &lt;float_to_bool&gt;$&apos; then &apos;$&lt;read_str_from_txt&gt; =&gt; &lt;base64_ascii_str_pickle_to_object&gt; -&gt; &lt;int_to_bool&gt;$&apos; then &apos;$&lt;read_str_from_txt&gt; =&gt; &lt;base64_ascii_str_pickle_to_object&gt; -&gt; &lt;str_to_bool&gt;$&apos; then &apos;$&lt;read_str_from_txt&gt; =&gt; &lt;base64_ascii_str_pickle_to_object&gt;$]&apos;]
(B)                                                                                                  |--b64pickle-float-1.0=True.txt -&gt; bool ------- using $&lt;read_str_from_txt&gt; =&gt; &lt;str_to_bool&gt;$
Parsing Plan created successfully

Executing Parsing Plan for [/home/travis/build/smarie/python-parsyfiles/parsyfiles/tests/combining_parsers_converters/test_data/b64pickle-float-1.0=True]
(P) /home/travis/build/smarie/python-parsyfiles/parsyfiles/tests/combining_parsers_converters/test_data/b64pickle-float-1.0=True.txt -&gt; bool ------- using $&lt;read_str_from_txt&gt; =&gt; &lt;str_to_bool&gt;$
  !! Caught error during execution !!
  File &quot;/home/travis/build/smarie/python-parsyfiles/parsyfiles/converting_core.py&quot;, line 524, in _convert
    return self.conversion_method(desired_type, source_obj, logger, **opts)
  File &quot;/home/travis/build/smarie/python-parsyfiles/parsyfiles/plugins_base/support_for_primitive_types.py&quot;, line 84, in primitive_to_bool
    return bool(strtobool(source))
  File &quot;/opt/python/3.5.5/lib/python3.5/distutils/util.py&quot;, line 317, in strtobool
    raise ValueError(&quot;invalid truth value %r&quot; % (val,))
  ParsingException : Error while parsing /home/travis/build/smarie/python-parsyfiles/parsyfiles/tests/combining_parsers_converters/test_data/b64pickle-float-1.0=True (singlefile, .txt) as a bool with parser &apos;$&lt;read_str_from_txt&gt; =&gt; &lt;str_to_bool&gt;$&apos; using options=({&apos;MultifileCollectionParser&apos;: {&apos;lazy_parsing&apos;: False}}) : caught 
  ValueError : invalid truth value &apos;ganhp/aaaaaaaaau&apos;
Rebuilding local parsing plan with next candidate parser: $&lt;read_str_from_txt&gt; =&gt; &lt;base64_ascii_str_pickle_to_object&gt; -&gt; &lt;float_to_bool&gt;$
(B)                                                                                                  |--b64pickle-float-1.0=True.txt -&gt; bool ------- using $&lt;read_str_from_txt&gt; =&gt; &lt;base64_ascii_str_pickle_to_object&gt; -&gt; &lt;float_to_bool&gt;$
DONE Rebuilding local parsing plan for [/home/travis/build/smarie/python-parsyfiles/parsyfiles/tests/combining_parsers_converters/test_data/b64pickle-float-1.0=True.txt]. Resuming parsing...
Executing Parsing Plan for [/home/travis/build/smarie/python-parsyfiles/parsyfiles/tests/combining_parsers_converters/test_data/b64pickle-float-1.0=True]
(P) /home/travis/build/smarie/python-parsyfiles/parsyfiles/tests/combining_parsers_converters/test_data/b64pickle-float-1.0=True.txt -&gt; bool ------- using $&lt;read_str_from_txt&gt; =&gt; &lt;base64_ascii_str_pickle_to_object&gt; -&gt; &lt;float_to_bool&gt;$
(P)                                                                                                  |--b64pickle-float-1.0=True.txt -&gt; bool SUCCESS !
Completed parsing successfully

**** Starting to parse single object of type &lt;bool&gt; at location /home/travis/build/smarie/python-parsyfiles/parsyfiles/tests/combining_parsers_converters/test_data/b64pickle-float-1.0=True ****
Checking all files under [/home/travis/build/smarie/python-parsyfiles/parsyfiles/tests/combining_parsers_converters/test_data/b64pickle-float-1.0=True]
(C) /home/travis/build/smarie/python-parsyfiles/parsyfiles/tests/combining_parsers_converters/test_data/b64pickle-float-1.0=True (singlefile, .txt)
File checks done

Building a parsing plan to parse [/home/travis/build/smarie/python-parsyfiles/parsyfiles/tests/combining_parsers_converters/test_data/b64pickle-float-1.0=True] into a bool
(B) /home/travis/build/smarie/python-parsyfiles/parsyfiles/tests/combining_parsers_converters/test_data/b64pickle-float-1.0=True.txt -&gt; bool ------- using [Try &apos;$&lt;read_str_from_txt&gt; =&gt; &lt;str_to_bool&gt;$&apos; then &apos;$&lt;read_str_from_txt&gt; =&gt; &lt;base64_ascii_str_pickle_to_object&gt; -&gt; &lt;float_to_bool&gt;$&apos; then &apos;$&lt;read_str_from_txt&gt; =&gt; &lt;base64_ascii_str_pickle_to_object&gt; -&gt; &lt;int_to_bool&gt;$&apos; then &apos;$&lt;read_str_from_txt&gt; =&gt; &lt;base64_ascii_str_pickle_to_object&gt; -&gt; &lt;str_to_bool&gt;$&apos; then &apos;$&lt;read_str_from_txt&gt; =&gt; &lt;base64_ascii_str_pickle_to_object&gt;$]&apos;]
(B)                                                                                                  |--b64pickle-float-1.0=True.txt -&gt; bool ------- using $&lt;read_str_from_txt&gt; =&gt; &lt;str_to_bool&gt;$
Parsing Plan created successfully

Executing Parsing Plan for [/home/travis/build/smarie/python-parsyfiles/parsyfiles/tests/combining_parsers_converters/test_data/b64pickle-float-1.0=True]
(P) /home/travis/build/smarie/python-parsyfiles/parsyfiles/tests/combining_parsers_converters/test_data/b64pickle-float-1.0=True.txt -&gt; bool ------- using $&lt;read_str_from_txt&gt; =&gt; &lt;str_to_bool&gt;$
  !! Caught error during execution !!
  File &quot;/home/travis/build/smarie/python-parsyfiles/parsyfiles/converting_core.py&quot;, line 524, in _convert
    return self.conversion_method(desired_type, source_obj, logger, **opts)
  File &quot;/home/travis/build/smarie/python-parsyfiles/parsyfiles/plugins_base/support_for_primitive_types.py&quot;, line 84, in primitive_to_bool
    return bool(strtobool(source))
  File &quot;/opt/python/3.5.5/lib/python3.5/distutils/util.py&quot;, line 317, in strtobool
    raise ValueError(&quot;invalid truth value %r&quot; % (val,))
  ParsingException : Error while parsing /home/travis/build/smarie/python-parsyfiles/parsyfiles/tests/combining_parsers_converters/test_data/b64pickle-float-1.0=True (singlefile, .txt) as a bool with parser &apos;$&lt;read_str_from_txt&gt; =&gt; &lt;str_to_bool&gt;$&apos; using options=({&apos;MultifileCollectionParser&apos;: {&apos;lazy_parsing&apos;: False}}) : caught 
  ValueError : invalid truth value &apos;ganhp/aaaaaaaaau&apos;
Rebuilding local parsing plan with next candidate parser: $&lt;read_str_from_txt&gt; =&gt; &lt;base64_ascii_str_pickle_to_object&gt; -&gt; &lt;float_to_bool&gt;$
(B)                                                                                                  |--b64pickle-float-1.0=True.txt -&gt; bool ------- using $&lt;read_str_from_txt&gt; =&gt; &lt;base64_ascii_str_pickle_to_object&gt; -&gt; &lt;float_to_bool&gt;$
DONE Rebuilding local parsing plan for [/home/travis/build/smarie/python-parsyfiles/parsyfiles/tests/combining_parsers_converters/test_data/b64pickle-float-1.0=True.txt]. Resuming parsing...
Executing Parsing Plan for [/home/travis/build/smarie/python-parsyfiles/parsyfiles/tests/combining_parsers_converters/test_data/b64pickle-float-1.0=True]
(P) /home/travis/build/smarie/python-parsyfiles/parsyfiles/tests/combining_parsers_converters/test_data/b64pickle-float-1.0=True.txt -&gt; bool ------- using $&lt;read_str_from_txt&gt; =&gt; &lt;base64_ascii_str_pickle_to_object&gt; -&gt; &lt;float_to_bool&gt;$
(P)                                                                                                  |--b64pickle-float-1.0=True.txt -&gt; bool SUCCESS !
Completed parsing successfully

**** Starting to parse single object of type &lt;bool&gt; at location /home/travis/build/smarie/python-parsyfiles/parsyfiles/tests/combining_parsers_converters/test_data/b64pickle-float-1.0=True ****
Checking all files under [/home/travis/build/smarie/python-parsyfiles/parsyfiles/tests/combining_parsers_converters/test_data/b64pickle-float-1.0=True]
(C) /home/travis/build/smarie/python-parsyfiles/parsyfiles/tests/combining_parsers_converters/test_data/b64pickle-float-1.0=True (singlefile, .txt)
File checks done

Building a parsing plan to parse [/home/travis/build/smarie/python-parsyfiles/parsyfiles/tests/combining_parsers_converters/test_data/b64pickle-float-1.0=True] into a bool
(B) /home/travis/build/smarie/python-parsyfiles/parsyfiles/tests/combining_parsers_converters/test_data/b64pickle-float-1.0=True.txt -&gt; bool ------- using [Try &apos;$&lt;read_str_from_txt&gt; =&gt; &lt;str_to_bool&gt;$&apos; then &apos;$&lt;read_str_from_txt&gt; =&gt; &lt;base64_ascii_str_pickle_to_object&gt; -&gt; &lt;float_to_bool&gt;$&apos; then &apos;$&lt;read_str_from_txt&gt; =&gt; &lt;base64_ascii_str_pickle_to_object&gt; -&gt; &lt;int_to_bool&gt;$&apos; then &apos;$&lt;read_str_from_txt&gt; =&gt; &lt;base64_ascii_str_pickle_to_object&gt; -&gt; &lt;str_to_bool&gt;$&apos; then &apos;$&lt;read_str_from_txt&gt; =&gt; &lt;base64_ascii_str_pickle_to_object&gt;$]&apos;]
(B)                                                                                                  |--b64pickle-float-1.0=True.txt -&gt; bool ------- using $&lt;read_str_from_txt&gt; =&gt; &lt;str_to_bool&gt;$
Parsing Plan created successfully

Executing Parsing Plan for [/home/travis/build/smarie/python-parsyfiles/parsyfiles/tests/combining_parsers_converters/test_data/b64pickle-float-1.0=True]
(P) /home/travis/build/smarie/python-parsyfiles/parsyfiles/tests/combining_parsers_converters/test_data/b64pickle-float-1.0=True.txt -&gt; bool ------- using $&lt;read_str_from_txt&gt; =&gt; &lt;str_to_bool&gt;$
  !! Caught error during execution !!
  File &quot;/home/travis/build/smarie/python-parsyfiles/parsyfiles/converting_core.py&quot;, line 524, in _convert
    return self.conversion_method(desired_type, source_obj, logger, **opts)
  File &quot;/home/travis/build/smarie/python-parsyfiles/parsyfiles/plugins_base/support_for_primitive_types.py&quot;, line 84, in primitive_to_bool
    return bool(strtobool(source))
  File &quot;/opt/python/3.5.5/lib/python3.5/distutils/util.py&quot;, line 317, in strtobool
    raise ValueError(&quot;invalid truth value %r&quot; % (val,))
  ParsingException : Error while parsing /home/travis/build/smarie/python-parsyfiles/parsyfiles/tests/combining_parsers_converters/test_data/b64pickle-float-1.0=True (singlefile, .txt) as a bool with parser &apos;$&lt;read_str_from_txt&gt; =&gt; &lt;str_to_bool&gt;$&apos; using options=({&apos;MultifileCollectionParser&apos;: {&apos;lazy_parsing&apos;: False}}) : caught 
  ValueError : invalid truth value &apos;ganhp/aaaaaaaaau&apos;
Rebuilding local parsing plan with next candidate parser: $&lt;read_str_from_txt&gt; =&gt; &lt;base64_ascii_str_pickle_to_object&gt; -&gt; &lt;float_to_bool&gt;$
(B)                                                                                                  |--b64pickle-float-1.0=True.txt -&gt; bool ------- using $&lt;read_str_from_txt&gt; =&gt; &lt;base64_ascii_str_pickle_to_object&gt; -&gt; &lt;float_to_bool&gt;$
DONE Rebuilding local parsing plan for [/home/travis/build/smarie/python-parsyfiles/parsyfiles/tests/combining_parsers_converters/test_data/b64pickle-float-1.0=True.txt]. Resuming parsing...
Executing Parsing Plan for [/home/travis/build/smarie/python-parsyfiles/parsyfiles/tests/combining_parsers_converters/test_data/b64pickle-float-1.0=True]
(P) /home/travis/build/smarie/python-parsyfiles/parsyfiles/tests/combining_parsers_converters/test_data/b64pickle-float-1.0=True.txt -&gt; bool ------- using $&lt;read_str_from_txt&gt; =&gt; &lt;base64_ascii_str_pickle_to_object&gt; -&gt; &lt;float_to_bool&gt;$
(P)                                                                                                  |--b64pickle-float-1.0=True.txt -&gt; bool SUCCESS !
Completed parsing successfully

**** Starting to parse single object of type &lt;bool&gt; at location /home/travis/build/smarie/python-parsyfiles/parsyfiles/tests/combining_parsers_converters/test_data/b64pickle-float-1.0=True ****
Checking all files under [/home/travis/build/smarie/python-parsyfiles/parsyfiles/tests/combining_parsers_converters/test_data/b64pickle-float-1.0=True]
(C) /home/travis/build/smarie/python-parsyfiles/parsyfiles/tests/combining_parsers_converters/test_data/b64pickle-float-1.0=True (singlefile, .txt)
File checks done

Building a parsing plan to parse [/home/travis/build/smarie/python-parsyfiles/parsyfiles/tests/combining_parsers_converters/test_data/b64pickle-float-1.0=True] into a bool
(B) /home/travis/build/smarie/python-parsyfiles/parsyfiles/tests/combining_parsers_converters/test_data/b64pickle-float-1.0=True.txt -&gt; bool ------- using [Try &apos;$&lt;read_str_from_txt&gt; =&gt; &lt;str_to_bool&gt;$&apos; then &apos;$&lt;read_str_from_txt&gt; =&gt; &lt;base64_ascii_str_pickle_to_object&gt; -&gt; &lt;float_to_bool&gt;$&apos; then &apos;$&lt;read_str_from_txt&gt; =&gt; &lt;base64_ascii_str_pickle_to_object&gt; -&gt; &lt;int_to_bool&gt;$&apos; then &apos;$&lt;read_str_from_txt&gt; =&gt; &lt;base64_ascii_str_pickle_to_object&gt; -&gt; &lt;str_to_bool&gt;$&apos; then &apos;$&lt;read_str_from_txt&gt; =&gt; &lt;base64_ascii_str_pickle_to_object&gt;$]&apos;]
(B)                                                                                                  |--b64pickle-float-1.0=True.txt -&gt; bool ------- using $&lt;read_str_from_txt&gt; =&gt; &lt;str_to_bool&gt;$
Parsing Plan created successfully

Executing Parsing Plan for [/home/travis/build/smarie/python-parsyfiles/parsyfiles/tests/combining_parsers_converters/test_data/b64pickle-float-1.0=True]
(P) /home/travis/build/smarie/python-parsyfiles/parsyfiles/tests/combining_parsers_converters/test_data/b64pickle-float-1.0=True.txt -&gt; bool ------- using $&lt;read_str_from_txt&gt; =&gt; &lt;str_to_bool&gt;$
  !! Caught error during execution !!
  File &quot;/home/travis/build/smarie/python-parsyfiles/parsyfiles/converting_core.py&quot;, line 524, in _convert
    return self.conversion_method(desired_type, source_obj, logger, **opts)
  File &quot;/home/travis/build/smarie/python-parsyfiles/parsyfiles/plugins_base/support_for_primitive_types.py&quot;, line 84, in primitive_to_bool
    return bool(strtobool(source))
  File &quot;/opt/python/3.5.5/lib/python3.5/distutils/util.py&quot;, line 317, in strtobool
    raise ValueError(&quot;invalid truth value %r&quot; % (val,))
  ParsingException : Error while parsing /home/travis/build/smarie/python-parsyfiles/parsyfiles/tests/combining_parsers_converters/test_data/b64pickle-float-1.0=True (singlefile, .txt) as a bool with parser &apos;$&lt;read_str_from_txt&gt; =&gt; &lt;str_to_bool&gt;$&apos; using options=({&apos;MultifileCollectionParser&apos;: {&apos;lazy_parsing&apos;: False}}) : caught 
  ValueError : invalid truth value &apos;ganhp/aaaaaaaaau&apos;
Rebuilding local parsing plan with next candidate parser: $&lt;read_str_from_txt&gt; =&gt; &lt;base64_ascii_str_pickle_to_object&gt; -&gt; &lt;float_to_bool&gt;$
(B)                                                                                                  |--b64pickle-float-1.0=True.txt -&gt; bool ------- using $&lt;read_str_from_txt&gt; =&gt; &lt;base64_ascii_str_pickle_to_object&gt; -&gt; &lt;float_to_bool&gt;$
DONE Rebuilding local parsing plan for [/home/travis/build/smarie/python-parsyfiles/parsyfiles/tests/combining_parsers_converters/test_data/b64pickle-float-1.0=True.txt]. Resuming parsing...
Executing Parsing Plan for [/home/travis/build/smarie/python-parsyfiles/parsyfiles/tests/combining_parsers_converters/test_data/b64pickle-float-1.0=True]
(P) /home/travis/build/smarie/python-parsyfiles/parsyfiles/tests/combining_parsers_converters/test_data/b64pickle-float-1.0=True.txt -&gt; bool ------- using $&lt;read_str_from_txt&gt; =&gt; &lt;base64_ascii_str_pickle_to_object&gt; -&gt; &lt;float_to_bool&gt;$
(P)                                                                                                  |--b64pickle-float-1.0=True.txt -&gt; bool SUCCESS !
Completed parsing successfully

**** Starting to parse single object of type &lt;bool&gt; at location /home/travis/build/smarie/python-parsyfiles/parsyfiles/tests/combining_parsers_converters/test_data/b64pickle-float-1.0=True ****
Checking all files under [/home/travis/build/smarie/python-parsyfiles/parsyfiles/tests/combining_parsers_converters/test_data/b64pickle-float-1.0=True]
(C) /home/travis/build/smarie/python-parsyfiles/parsyfiles/tests/combining_parsers_converters/test_data/b64pickle-float-1.0=True (singlefile, .txt)
File checks done

Building a parsing plan to parse [/home/travis/build/smarie/python-parsyfiles/parsyfiles/tests/combining_parsers_converters/test_data/b64pickle-float-1.0=True] into a bool
(B) /home/travis/build/smarie/python-parsyfiles/parsyfiles/tests/combining_parsers_converters/test_data/b64pickle-float-1.0=True.txt -&gt; bool ------- using [Try &apos;$&lt;read_str_from_txt&gt; =&gt; &lt;str_to_bool&gt;$&apos; then &apos;$&lt;read_str_from_txt&gt; =&gt; &lt;base64_ascii_str_pickle_to_object&gt; -&gt; &lt;float_to_bool&gt;$&apos; then &apos;$&lt;read_str_from_txt&gt; =&gt; &lt;base64_ascii_str_pickle_to_object&gt; -&gt; &lt;int_to_bool&gt;$&apos; then &apos;$&lt;read_str_from_txt&gt; =&gt; &lt;base64_ascii_str_pickle_to_object&gt; -&gt; &lt;str_to_bool&gt;$&apos; then &apos;$&lt;read_str_from_txt&gt; =&gt; &lt;base64_ascii_str_pickle_to_object&gt;$]&apos;]
(B)                                                                                                  |--b64pickle-float-1.0=True.txt -&gt; bool ------- using $&lt;read_str_from_txt&gt; =&gt; &lt;str_to_bool&gt;$
Parsing Plan created successfully

Executing Parsing Plan for [/home/travis/build/smarie/python-parsyfiles/parsyfiles/tests/combining_parsers_converters/test_data/b64pickle-float-1.0=True]
(P) /home/travis/build/smarie/python-parsyfiles/parsyfiles/tests/combining_parsers_converters/test_data/b64pickle-float-1.0=True.txt -&gt; bool ------- using $&lt;read_str_from_txt&gt; =&gt; &lt;str_to_bool&gt;$
  !! Caught error during execution !!
  File &quot;/home/travis/build/smarie/python-parsyfiles/parsyfiles/converting_core.py&quot;, line 524, in _convert
    return self.conversion_method(desired_type, source_obj, logger, **opts)
  File &quot;/home/travis/build/smarie/python-parsyfiles/parsyfiles/plugins_base/support_for_primitive_types.py&quot;, line 84, in primitive_to_bool
    return bool(strtobool(source))
  File &quot;/opt/python/3.5.5/lib/python3.5/distutils/util.py&quot;, line 317, in strtobool
    raise ValueError(&quot;invalid truth value %r&quot; % (val,))
  ParsingException : Error while parsing /home/travis/build/smarie/python-parsyfiles/parsyfiles/tests/combining_parsers_converters/test_data/b64pickle-float-1.0=True (singlefile, .txt) as a bool with parser &apos;$&lt;read_str_from_txt&gt; =&gt; &lt;str_to_bool&gt;$&apos; using options=({&apos;MultifileCollectionParser&apos;: {&apos;lazy_parsing&apos;: False}}) : caught 
  ValueError : invalid truth value &apos;ganhp/aaaaaaaaau&apos;
Rebuilding local parsing plan with next candidate parser: $&lt;read_str_from_txt&gt; =&gt; &lt;base64_ascii_str_pickle_to_object&gt; -&gt; &lt;float_to_bool&gt;$
(B)                                                                                                  |--b64pickle-float-1.0=True.txt -&gt; bool ------- using $&lt;read_str_from_txt&gt; =&gt; &lt;base64_ascii_str_pickle_to_object&gt; -&gt; &lt;float_to_bool&gt;$
DONE Rebuilding local parsing plan for [/home/travis/build/smarie/python-parsyfiles/parsyfiles/tests/combining_parsers_converters/test_data/b64pickle-float-1.0=True.txt]. Resuming parsing...
Executing Parsing Plan for [/home/travis/build/smarie/python-parsyfiles/parsyfiles/tests/combining_parsers_converters/test_data/b64pickle-float-1.0=True]
(P) /home/travis/build/smarie/python-parsyfiles/parsyfiles/tests/combining_parsers_converters/test_data/b64pickle-float-1.0=True.txt -&gt; bool ------- using $&lt;read_str_from_txt&gt; =&gt; &lt;base64_ascii_str_pickle_to_object&gt; -&gt; &lt;float_to_bool&gt;$
(P)                                                                                                  |--b64pickle-float-1.0=True.txt -&gt; bool SUCCESS !
Completed parsing successfully

**** Starting to parse single object of type &lt;bool&gt; at location /home/travis/build/smarie/python-parsyfiles/parsyfiles/tests/combining_parsers_converters/test_data/b64pickle-float-1.0=True ****
Checking all files under [/home/travis/build/smarie/python-parsyfiles/parsyfiles/tests/combining_parsers_converters/test_data/b64pickle-float-1.0=True]
(C) /home/travis/build/smarie/python-parsyfiles/parsyfiles/tests/combining_parsers_converters/test_data/b64pickle-float-1.0=True (singlefile, .txt)
File checks done

Building a parsing plan to parse [/home/travis/build/smarie/python-parsyfiles/parsyfiles/tests/combining_parsers_converters/test_data/b64pickle-float-1.0=True] into a bool
(B) /home/travis/build/smarie/python-parsyfiles/parsyfiles/tests/combining_parsers_converters/test_data/b64pickle-float-1.0=True.txt -&gt; bool ------- using [Try &apos;$&lt;read_str_from_txt&gt; =&gt; &lt;str_to_bool&gt;$&apos; then &apos;$&lt;read_str_from_txt&gt; =&gt; &lt;base64_ascii_str_pickle_to_object&gt; -&gt; &lt;float_to_bool&gt;$&apos; then &apos;$&lt;read_str_from_txt&gt; =&gt; &lt;base64_ascii_str_pickle_to_object&gt; -&gt; &lt;int_to_bool&gt;$&apos; then &apos;$&lt;read_str_from_txt&gt; =&gt; &lt;base64_ascii_str_pickle_to_object&gt; -&gt; &lt;str_to_bool&gt;$&apos; then &apos;$&lt;read_str_from_txt&gt; =&gt; &lt;base64_ascii_str_pickle_to_object&gt;$]&apos;]
(B)                                                                                                  |--b64pickle-float-1.0=True.txt -&gt; bool ------- using $&lt;read_str_from_txt&gt; =&gt; &lt;str_to_bool&gt;$
Parsing Plan created successfully

Executing Parsing Plan for [/home/travis/build/smarie/python-parsyfiles/parsyfiles/tests/combining_parsers_converters/test_data/b64pickle-float-1.0=True]
(P) /home/travis/build/smarie/python-parsyfiles/parsyfiles/tests/combining_parsers_converters/test_data/b64pickle-float-1.0=True.txt -&gt; bool ------- using $&lt;read_str_from_txt&gt; =&gt; &lt;str_to_bool&gt;$
  !! Caught error during execution !!
  File &quot;/home/travis/build/smarie/python-parsyfiles/parsyfiles/converting_core.py&quot;, line 524, in _convert
    return self.conversion_method(desired_type, source_obj, logger, **opts)
  File &quot;/home/travis/build/smarie/python-parsyfiles/parsyfiles/plugins_base/support_for_primitive_types.py&quot;, line 84, in primitive_to_bool
    return bool(strtobool(source))
  File &quot;/opt/python/3.5.5/lib/python3.5/distutils/util.py&quot;, line 317, in strtobool
    raise ValueError(&quot;invalid truth value %r&quot; % (val,))
  ParsingException : Error while parsing /home/travis/build/smarie/python-parsyfiles/parsyfiles/tests/combining_parsers_converters/test_data/b64pickle-float-1.0=True (singlefile, .txt) as a bool with parser &apos;$&lt;read_str_from_txt&gt; =&gt; &lt;str_to_bool&gt;$&apos; using options=({&apos;MultifileCollectionParser&apos;: {&apos;lazy_parsing&apos;: False}}) : caught 
  ValueError : invalid truth value &apos;ganhp/aaaaaaaaau&apos;
Rebuilding local parsing plan with next candidate parser: $&lt;read_str_from_txt&gt; =&gt; &lt;base64_ascii_str_pickle_to_object&gt; -&gt; &lt;float_to_bool&gt;$
(B)                                                                                                  |--b64pickle-float-1.0=True.txt -&gt; bool ------- using $&lt;read_str_from_txt&gt; =&gt; &lt;base64_ascii_str_pickle_to_object&gt; -&gt; &lt;float_to_bool&gt;$
DONE Rebuilding local parsing plan for [/home/travis/build/smarie/python-parsyfiles/parsyfiles/tests/combining_parsers_converters/test_data/b64pickle-float-1.0=True.txt]. Resuming parsing...
Executing Parsing Plan for [/home/travis/build/smarie/python-parsyfiles/parsyfiles/tests/combining_parsers_converters/test_data/b64pickle-float-1.0=True]
(P) /home/travis/build/smarie/python-parsyfiles/parsyfiles/tests/combining_parsers_converters/test_data/b64pickle-float-1.0=True.txt -&gt; bool ------- using $&lt;read_str_from_txt&gt; =&gt; &lt;base64_ascii_str_pickle_to_object&gt; -&gt; &lt;float_to_bool&gt;$
(P)                                                                                                  |--b64pickle-float-1.0=True.txt -&gt; bool SUCCESS !
Completed parsing successfully

**** Starting to parse single object of type &lt;bool&gt; at location /home/travis/build/smarie/python-parsyfiles/parsyfiles/tests/combining_parsers_converters/test_data/b64pickle-float-1.0=True ****
Checking all files under [/home/travis/build/smarie/python-parsyfiles/parsyfiles/tests/combining_parsers_converters/test_data/b64pickle-float-1.0=True]
(C) /home/travis/build/smarie/python-parsyfiles/parsyfiles/tests/combining_parsers_converters/test_data/b64pickle-float-1.0=True (singlefile, .txt)
File checks done

Building a parsing plan to parse [/home/travis/build/smarie/python-parsyfiles/parsyfiles/tests/combining_parsers_converters/test_data/b64pickle-float-1.0=True] into a bool
(B) /home/travis/build/smarie/python-parsyfiles/parsyfiles/tests/combining_parsers_converters/test_data/b64pickle-float-1.0=True.txt -&gt; bool ------- using [Try &apos;$&lt;read_str_from_txt&gt; =&gt; &lt;str_to_bool&gt;$&apos; then &apos;$&lt;read_str_from_txt&gt; =&gt; &lt;base64_ascii_str_pickle_to_object&gt; -&gt; &lt;float_to_bool&gt;$&apos; then &apos;$&lt;read_str_from_txt&gt; =&gt; &lt;base64_ascii_str_pickle_to_object&gt; -&gt; &lt;int_to_bool&gt;$&apos; then &apos;$&lt;read_str_from_txt&gt; =&gt; &lt;base64_ascii_str_pickle_to_object&gt; -&gt; &lt;str_to_bool&gt;$&apos; then &apos;$&lt;read_str_from_txt&gt; =&gt; &lt;base64_ascii_str_pickle_to_object&gt;$]&apos;]
(B)                                                                                                  |--b64pickle-float-1.0=True.txt -&gt; bool ------- using $&lt;read_str_from_txt&gt; =&gt; &lt;str_to_bool&gt;$
Parsing Plan created successfully

Executing Parsing Plan for [/home/travis/build/smarie/python-parsyfiles/parsyfiles/tests/combining_parsers_converters/test_data/b64pickle-float-1.0=True]
(P) /home/travis/build/smarie/python-parsyfiles/parsyfiles/tests/combining_parsers_converters/test_data/b64pickle-float-1.0=True.txt -&gt; bool ------- using $&lt;read_str_from_txt&gt; =&gt; &lt;str_to_bool&gt;$
  !! Caught error during execution !!
  File &quot;/home/travis/build/smarie/python-parsyfiles/parsyfiles/converting_core.py&quot;, line 524, in _convert
    return self.conversion_method(desired_type, source_obj, logger, **opts)
  File &quot;/home/travis/build/smarie/python-parsyfiles/parsyfiles/plugins_base/support_for_primitive_types.py&quot;, line 84, in primitive_to_bool
    return bool(strtobool(source))
  File &quot;/opt/python/3.5.5/lib/python3.5/distutils/util.py&quot;, line 317, in strtobool
    raise ValueError(&quot;invalid truth value %r&quot; % (val,))
  ParsingException : Error while parsing /home/travis/build/smarie/python-parsyfiles/parsyfiles/tests/combining_parsers_converters/test_data/b64pickle-float-1.0=True (singlefile, .txt) as a bool with parser &apos;$&lt;read_str_from_txt&gt; =&gt; &lt;str_to_bool&gt;$&apos; using options=({&apos;MultifileCollectionParser&apos;: {&apos;lazy_parsing&apos;: False}}) : caught 
  ValueError : invalid truth value &apos;ganhp/aaaaaaaaau&apos;
Rebuilding local parsing plan with next candidate parser: $&lt;read_str_from_txt&gt; =&gt; &lt;base64_ascii_str_pickle_to_object&gt; -&gt; &lt;float_to_bool&gt;$
(B)                                                                                                  |--b64pickle-float-1.0=True.txt -&gt; bool ------- using $&lt;read_str_from_txt&gt; =&gt; &lt;base64_ascii_str_pickle_to_object&gt; -&gt; &lt;float_to_bool&gt;$
DONE Rebuilding local parsing plan for [/home/travis/build/smarie/python-parsyfiles/parsyfiles/tests/combining_parsers_converters/test_data/b64pickle-float-1.0=True.txt]. Resuming parsing...
Executing Parsing Plan for [/home/travis/build/smarie/python-parsyfiles/parsyfiles/tests/combining_parsers_converters/test_data/b64pickle-float-1.0=True]
(P) /home/travis/build/smarie/python-parsyfiles/parsyfiles/tests/combining_parsers_converters/test_data/b64pickle-float-1.0=True.txt -&gt; bool ------- using $&lt;read_str_from_txt&gt; =&gt; &lt;base64_ascii_str_pickle_to_object&gt; -&gt; &lt;float_to_bool&gt;$
(P)                                                                                                  |--b64pickle-float-1.0=True.txt -&gt; bool SUCCESS !
Completed parsing successfully

**** Starting to parse single object of type &lt;bool&gt; at location /home/travis/build/smarie/python-parsyfiles/parsyfiles/tests/combining_parsers_converters/test_data/b64pickle-float-1.0=True ****
Checking all files under [/home/travis/build/smarie/python-parsyfiles/parsyfiles/tests/combining_parsers_converters/test_data/b64pickle-float-1.0=True]
(C) /home/travis/build/smarie/python-parsyfiles/parsyfiles/tests/combining_parsers_converters/test_data/b64pickle-float-1.0=True (singlefile, .txt)
File checks done

Building a parsing plan to parse [/home/travis/build/smarie/python-parsyfiles/parsyfiles/tests/combining_parsers_converters/test_data/b64pickle-float-1.0=True] into a bool
(B) /home/travis/build/smarie/python-parsyfiles/parsyfiles/tests/combining_parsers_converters/test_data/b64pickle-float-1.0=True.txt -&gt; bool ------- using [Try &apos;$&lt;read_str_from_txt&gt; =&gt; &lt;str_to_bool&gt;$&apos; then &apos;$&lt;read_str_from_txt&gt; =&gt; &lt;base64_ascii_str_pickle_to_object&gt; -&gt; &lt;float_to_bool&gt;$&apos; then &apos;$&lt;read_str_from_txt&gt; =&gt; &lt;base64_ascii_str_pickle_to_object&gt; -&gt; &lt;int_to_bool&gt;$&apos; then &apos;$&lt;read_str_from_txt&gt; =&gt; &lt;base64_ascii_str_pickle_to_object&gt; -&gt; &lt;str_to_bool&gt;$&apos; then &apos;$&lt;read_str_from_txt&gt; =&gt; &lt;base64_ascii_str_pickle_to_object&gt;$]&apos;]
(B)                                                                                                  |--b64pickle-float-1.0=True.txt -&gt; bool ------- using $&lt;read_str_from_txt&gt; =&gt; &lt;str_to_bool&gt;$
Parsing Plan created successfully

Executing Parsing Plan for [/home/travis/build/smarie/python-parsyfiles/parsyfiles/tests/combining_parsers_converters/test_data/b64pickle-float-1.0=True]
(P) /home/travis/build/smarie/python-parsyfiles/parsyfiles/tests/combining_parsers_converters/test_data/b64pickle-float-1.0=True.txt -&gt; bool ------- using $&lt;read_str_from_txt&gt; =&gt; &lt;str_to_bool&gt;$
  !! Caught error during execution !!
  File &quot;/home/travis/build/smarie/python-parsyfiles/parsyfiles/converting_core.py&quot;, line 524, in _convert
    return self.conversion_method(desired_type, source_obj, logger, **opts)
  File &quot;/home/travis/build/smarie/python-parsyfiles/parsyfiles/plugins_base/support_for_primitive_types.py&quot;, line 84, in primitive_to_bool
    return bool(strtobool(source))
  File &quot;/opt/python/3.5.5/lib/python3.5/distutils/util.py&quot;, line 317, in strtobool
    raise ValueError(&quot;invalid truth value %r&quot; % (val,))
  ParsingException : Error while parsing /home/travis/build/smarie/python-parsyfiles/parsyfiles/tests/combining_parsers_converters/test_data/b64pickle-float-1.0=True (singlefile, .txt) as a bool with parser &apos;$&lt;read_str_from_txt&gt; =&gt; &lt;str_to_bool&gt;$&apos; using options=({&apos;MultifileCollectionParser&apos;: {&apos;lazy_parsing&apos;: False}}) : caught 
  ValueError : invalid truth value &apos;ganhp/aaaaaaaaau&apos;
Rebuilding local parsing plan with next candidate parser: $&lt;read_str_from_txt&gt; =&gt; &lt;base64_ascii_str_pickle_to_object&gt; -&gt; &lt;float_to_bool&gt;$
(B)                                                                                                  |--b64pickle-float-1.0=True.txt -&gt; bool ------- using $&lt;read_str_from_txt&gt; =&gt; &lt;base64_ascii_str_pickle_to_object&gt; -&gt; &lt;float_to_bool&gt;$
DONE Rebuilding local parsing plan for [/home/travis/build/smarie/python-parsyfiles/parsyfiles/tests/combining_parsers_converters/test_data/b64pickle-float-1.0=True.txt]. Resuming parsing...
Executing Parsing Plan for [/home/travis/build/smarie/python-parsyfiles/parsyfiles/tests/combining_parsers_converters/test_data/b64pickle-float-1.0=True]
(P) /home/travis/build/smarie/python-parsyfiles/parsyfiles/tests/combining_parsers_converters/test_data/b64pickle-float-1.0=True.txt -&gt; bool ------- using $&lt;read_str_from_txt&gt; =&gt; &lt;base64_ascii_str_pickle_to_object&gt; -&gt; &lt;float_to_bool&gt;$
(P)                                                                                                  |--b64pickle-float-1.0=True.txt -&gt; bool SUCCESS !
Completed parsing successfully

**** Starting to parse single object of type &lt;bool&gt; at location /home/travis/build/smarie/python-parsyfiles/parsyfiles/tests/combining_parsers_converters/test_data/b64pickle-float-1.0=True ****
Checking all files under [/home/travis/build/smarie/python-parsyfiles/parsyfiles/tests/combining_parsers_converters/test_data/b64pickle-float-1.0=True]
(C) /home/travis/build/smarie/python-parsyfiles/parsyfiles/tests/combining_parsers_converters/test_data/b64pickle-float-1.0=True (singlefile, .txt)
File checks done

Building a parsing plan to parse [/home/travis/build/smarie/python-parsyfiles/parsyfiles/tests/combining_parsers_converters/test_data/b64pickle-float-1.0=True] into a bool
(B) /home/travis/build/smarie/python-parsyfiles/parsyfiles/tests/combining_parsers_converters/test_data/b64pickle-float-1.0=True.txt -&gt; bool ------- using [Try &apos;$&lt;read_str_from_txt&gt; =&gt; &lt;str_to_bool&gt;$&apos; then &apos;$&lt;read_str_from_txt&gt; =&gt; &lt;base64_ascii_str_pickle_to_object&gt; -&gt; &lt;float_to_bool&gt;$&apos; then &apos;$&lt;read_str_from_txt&gt; =&gt; &lt;base64_ascii_str_pickle_to_object&gt; -&gt; &lt;int_to_bool&gt;$&apos; then &apos;$&lt;read_str_from_txt&gt; =&gt; &lt;base64_ascii_str_pickle_to_object&gt; -&gt; &lt;str_to_bool&gt;$&apos; then &apos;$&lt;read_str_from_txt&gt; =&gt; &lt;base64_ascii_str_pickle_to_object&gt;$]&apos;]
(B)                                                                                                  |--b64pickle-float-1.0=True.txt -&gt; bool ------- using $&lt;read_str_from_txt&gt; =&gt; &lt;str_to_bool&gt;$
Parsing Plan created successfully

Executing Parsing Plan for [/home/travis/build/smarie/python-parsyfiles/parsyfiles/tests/combining_parsers_converters/test_data/b64pickle-float-1.0=True]
(P) /home/travis/build/smarie/python-parsyfiles/parsyfiles/tests/combining_parsers_converters/test_data/b64pickle-float-1.0=True.txt -&gt; bool ------- using $&lt;read_str_from_txt&gt; =&gt; &lt;str_to_bool&gt;$
  !! Caught error during execution !!
  File &quot;/home/travis/build/smarie/python-parsyfiles/parsyfiles/converting_core.py&quot;, line 524, in _convert
    return self.conversion_method(desired_type, source_obj, logger, **opts)
  File &quot;/home/travis/build/smarie/python-parsyfiles/parsyfiles/plugins_base/support_for_primitive_types.py&quot;, line 84, in primitive_to_bool
    return bool(strtobool(source))
  File &quot;/opt/python/3.5.5/lib/python3.5/distutils/util.py&quot;, line 317, in strtobool
    raise ValueError(&quot;invalid truth value %r&quot; % (val,))
  ParsingException : Error while parsing /home/travis/build/smarie/python-parsyfiles/parsyfiles/tests/combining_parsers_converters/test_data/b64pickle-float-1.0=True (singlefile, .txt) as a bool with parser &apos;$&lt;read_str_from_txt&gt; =&gt; &lt;str_to_bool&gt;$&apos; using options=({&apos;MultifileCollectionParser&apos;: {&apos;lazy_parsing&apos;: False}}) : caught 
  ValueError : invalid truth value &apos;ganhp/aaaaaaaaau&apos;
Rebuilding local parsing plan with next candidate parser: $&lt;read_str_from_txt&gt; =&gt; &lt;base64_ascii_str_pickle_to_object&gt; -&gt; &lt;float_to_bool&gt;$
(B)                                                                                                  |--b64pickle-float-1.0=True.txt -&gt; bool ------- using $&lt;read_str_from_txt&gt; =&gt; &lt;base64_ascii_str_pickle_to_object&gt; -&gt; &lt;float_to_bool&gt;$
DONE Rebuilding local parsing plan for [/home/travis/build/smarie/python-parsyfiles/parsyfiles/tests/combining_parsers_converters/test_data/b64pickle-float-1.0=True.txt]. Resuming parsing...
Executing Parsing Plan for [/home/travis/build/smarie/python-parsyfiles/parsyfiles/tests/combining_parsers_converters/test_data/b64pickle-float-1.0=True]
(P) /home/travis/build/smarie/python-parsyfiles/parsyfiles/tests/combining_parsers_converters/test_data/b64pickle-float-1.0=True.txt -&gt; bool ------- using $&lt;read_str_from_txt&gt; =&gt; &lt;base64_ascii_str_pickle_to_object&gt; -&gt; &lt;float_to_bool&gt;$
(P)                                                                                                  |--b64pickle-float-1.0=True.txt -&gt; bool SUCCESS !
Completed parsing successfully

**** Starting to parse single object of type &lt;bool&gt; at location /home/travis/build/smarie/python-parsyfiles/parsyfiles/tests/combining_parsers_converters/test_data/b64pickle-float-1.0=True ****
Checking all files under [/home/travis/build/smarie/python-parsyfiles/parsyfiles/tests/combining_parsers_converters/test_data/b64pickle-float-1.0=True]
(C) /home/travis/build/smarie/python-parsyfiles/parsyfiles/tests/combining_parsers_converters/test_data/b64pickle-float-1.0=True (singlefile, .txt)
File checks done

Building a parsing plan to parse [/home/travis/build/smarie/python-parsyfiles/parsyfiles/tests/combining_parsers_converters/test_data/b64pickle-float-1.0=True] into a bool
(B) /home/travis/build/smarie/python-parsyfiles/parsyfiles/tests/combining_parsers_converters/test_data/b64pickle-float-1.0=True.txt -&gt; bool ------- using [Try &apos;$&lt;read_str_from_txt&gt; =&gt; &lt;str_to_bool&gt;$&apos; then &apos;$&lt;read_str_from_txt&gt; =&gt; &lt;base64_ascii_str_pickle_to_object&gt; -&gt; &lt;float_to_bool&gt;$&apos; then &apos;$&lt;read_str_from_txt&gt; =&gt; &lt;base64_ascii_str_pickle_to_object&gt; -&gt; &lt;int_to_bool&gt;$&apos; then &apos;$&lt;read_str_from_txt&gt; =&gt; &lt;base64_ascii_str_pickle_to_object&gt; -&gt; &lt;str_to_bool&gt;$&apos; then &apos;$&lt;read_str_from_txt&gt; =&gt; &lt;base64_ascii_str_pickle_to_object&gt;$]&apos;]
(B)                                                                                                  |--b64pickle-float-1.0=True.txt -&gt; bool ------- using $&lt;read_str_from_txt&gt; =&gt; &lt;str_to_bool&gt;$
Parsing Plan created successfully

Executing Parsing Plan for [/home/travis/build/smarie/python-parsyfiles/parsyfiles/tests/combining_parsers_converters/test_data/b64pickle-float-1.0=True]
(P) /home/travis/build/smarie/python-parsyfiles/parsyfiles/tests/combining_parsers_converters/test_data/b64pickle-float-1.0=True.txt -&gt; bool ------- using $&lt;read_str_from_txt&gt; =&gt; &lt;str_to_bool&gt;$
  !! Caught error during execution !!
  File &quot;/home/travis/build/smarie/python-parsyfiles/parsyfiles/converting_core.py&quot;, line 524, in _convert
    return self.conversion_method(desired_type, source_obj, logger, **opts)
  File &quot;/home/travis/build/smarie/python-parsyfiles/parsyfiles/plugins_base/support_for_primitive_types.py&quot;, line 84, in primitive_to_bool
    return bool(strtobool(source))
  File &quot;/opt/python/3.5.5/lib/python3.5/distutils/util.py&quot;, line 317, in strtobool
    raise ValueError(&quot;invalid truth value %r&quot; % (val,))
  ParsingException : Error while parsing /home/travis/build/smarie/python-parsyfiles/parsyfiles/tests/combining_parsers_converters/test_data/b64pickle-float-1.0=True (singlefile, .txt) as a bool with parser &apos;$&lt;read_str_from_txt&gt; =&gt; &lt;str_to_bool&gt;$&apos; using options=({&apos;MultifileCollectionParser&apos;: {&apos;lazy_parsing&apos;: False}}) : caught 
  ValueError : invalid truth value &apos;ganhp/aaaaaaaaau&apos;
Rebuilding local parsing plan with next candidate parser: $&lt;read_str_from_txt&gt; =&gt; &lt;base64_ascii_str_pickle_to_object&gt; -&gt; &lt;float_to_bool&gt;$
(B)                                                                                                  |--b64pickle-float-1.0=True.txt -&gt; bool ------- using $&lt;read_str_from_txt&gt; =&gt; &lt;base64_ascii_str_pickle_to_object&gt; -&gt; &lt;float_to_bool&gt;$
DONE Rebuilding local parsing plan for [/home/travis/build/smarie/python-parsyfiles/parsyfiles/tests/combining_parsers_converters/test_data/b64pickle-float-1.0=True.txt]. Resuming parsing...
Executing Parsing Plan for [/home/travis/build/smarie/python-parsyfiles/parsyfiles/tests/combining_parsers_converters/test_data/b64pickle-float-1.0=True]
(P) /home/travis/build/smarie/python-parsyfiles/parsyfiles/tests/combining_parsers_converters/test_data/b64pickle-float-1.0=True.txt -&gt; bool ------- using $&lt;read_str_from_txt&gt; =&gt; &lt;base64_ascii_str_pickle_to_object&gt; -&gt; &lt;float_to_bool&gt;$
(P)                                                                                                  |--b64pickle-float-1.0=True.txt -&gt; bool SUCCESS !
Completed parsing successfully

**** Starting to parse single object of type &lt;bool&gt; at location /home/travis/build/smarie/python-parsyfiles/parsyfiles/tests/combining_parsers_converters/test_data/b64pickle-float-1.0=True ****
Checking all files under [/home/travis/build/smarie/python-parsyfiles/parsyfiles/tests/combining_parsers_converters/test_data/b64pickle-float-1.0=True]
(C) /home/travis/build/smarie/python-parsyfiles/parsyfiles/tests/combining_parsers_converters/test_data/b64pickle-float-1.0=True (singlefile, .txt)
File checks done

Building a parsing plan to parse [/home/travis/build/smarie/python-parsyfiles/parsyfiles/tests/combining_parsers_converters/test_data/b64pickle-float-1.0=True] into a bool
(B) /home/travis/build/smarie/python-parsyfiles/parsyfiles/tests/combining_parsers_converters/test_data/b64pickle-float-1.0=True.txt -&gt; bool ------- using [Try &apos;$&lt;read_str_from_txt&gt; =&gt; &lt;str_to_bool&gt;$&apos; then &apos;$&lt;read_str_from_txt&gt; =&gt; &lt;base64_ascii_str_pickle_to_object&gt; -&gt; &lt;float_to_bool&gt;$&apos; then &apos;$&lt;read_str_from_txt&gt; =&gt; &lt;base64_ascii_str_pickle_to_object&gt; -&gt; &lt;int_to_bool&gt;$&apos; then &apos;$&lt;read_str_from_txt&gt; =&gt; &lt;base64_ascii_str_pickle_to_object&gt; -&gt; &lt;str_to_bool&gt;$&apos; then &apos;$&lt;read_str_from_txt&gt; =&gt; &lt;base64_ascii_str_pickle_to_object&gt;$]&apos;]
(B)                                                                                                  |--b64pickle-float-1.0=True.txt -&gt; bool ------- using $&lt;read_str_from_txt&gt; =&gt; &lt;str_to_bool&gt;$
Parsing Plan created successfully

Executing Parsing Plan for [/home/travis/build/smarie/python-parsyfiles/parsyfiles/tests/combining_parsers_converters/test_data/b64pickle-float-1.0=True]
(P) /home/travis/build/smarie/python-parsyfiles/parsyfiles/tests/combining_parsers_converters/test_data/b64pickle-float-1.0=True.txt -&gt; bool ------- using $&lt;read_str_from_txt&gt; =&gt; &lt;str_to_bool&gt;$
  !! Caught error during execution !!
  File &quot;/home/travis/build/smarie/python-parsyfiles/parsyfiles/converting_core.py&quot;, line 524, in _convert
    return self.conversion_method(desired_type, source_obj, logger, **opts)
  File &quot;/home/travis/build/smarie/python-parsyfiles/parsyfiles/plugins_base/support_for_primitive_types.py&quot;, line 84, in primitive_to_bool
    return bool(strtobool(source))
  File &quot;/opt/python/3.5.5/lib/python3.5/distutils/util.py&quot;, line 317, in strtobool
    raise ValueError(&quot;invalid truth value %r&quot; % (val,))
  ParsingException : Error while parsing /home/travis/build/smarie/python-parsyfiles/parsyfiles/tests/combining_parsers_converters/test_data/b64pickle-float-1.0=True (singlefile, .txt) as a bool with parser &apos;$&lt;read_str_from_txt&gt; =&gt; &lt;str_to_bool&gt;$&apos; using options=({&apos;MultifileCollectionParser&apos;: {&apos;lazy_parsing&apos;: False}}) : caught 
  ValueError : invalid truth value &apos;ganhp/aaaaaaaaau&apos;
Rebuilding local parsing plan with next candidate parser: $&lt;read_str_from_txt&gt; =&gt; &lt;base64_ascii_str_pickle_to_object&gt; -&gt; &lt;float_to_bool&gt;$
(B)                                                                                                  |--b64pickle-float-1.0=True.txt -&gt; bool ------- using $&lt;read_str_from_txt&gt; =&gt; &lt;base64_ascii_str_pickle_to_object&gt; -&gt; &lt;float_to_bool&gt;$
DONE Rebuilding local parsing plan for [/home/travis/build/smarie/python-parsyfiles/parsyfiles/tests/combining_parsers_converters/test_data/b64pickle-float-1.0=True.txt]. Resuming parsing...
Executing Parsing Plan for [/home/travis/build/smarie/python-parsyfiles/parsyfiles/tests/combining_parsers_converters/test_data/b64pickle-float-1.0=True]
(P) /home/travis/build/smarie/python-parsyfiles/parsyfiles/tests/combining_parsers_converters/test_data/b64pickle-float-1.0=True.txt -&gt; bool ------- using $&lt;read_str_from_txt&gt; =&gt; &lt;base64_ascii_str_pickle_to_object&gt; -&gt; &lt;float_to_bool&gt;$
(P)                                                                                                  |--b64pickle-float-1.0=True.txt -&gt; bool SUCCESS !
Completed parsing successfully

**** Starting to parse single object of type &lt;bool&gt; at location /home/travis/build/smarie/python-parsyfiles/parsyfiles/tests/combining_parsers_converters/test_data/b64pickle-float-1.0=True ****
Checking all files under [/home/travis/build/smarie/python-parsyfiles/parsyfiles/tests/combining_parsers_converters/test_data/b64pickle-float-1.0=True]
(C) /home/travis/build/smarie/python-parsyfiles/parsyfiles/tests/combining_parsers_converters/test_data/b64pickle-float-1.0=True (singlefile, .txt)
File checks done

Building a parsing plan to parse [/home/travis/build/smarie/python-parsyfiles/parsyfiles/tests/combining_parsers_converters/test_data/b64pickle-float-1.0=True] into a bool
(B) /home/travis/build/smarie/python-parsyfiles/parsyfiles/tests/combining_parsers_converters/test_data/b64pickle-float-1.0=True.txt -&gt; bool ------- using [Try &apos;$&lt;read_str_from_txt&gt; =&gt; &lt;str_to_bool&gt;$&apos; then &apos;$&lt;read_str_from_txt&gt; =&gt; &lt;base64_ascii_str_pickle_to_object&gt; -&gt; &lt;float_to_bool&gt;$&apos; then &apos;$&lt;read_str_from_txt&gt; =&gt; &lt;base64_ascii_str_pickle_to_object&gt; -&gt; &lt;int_to_bool&gt;$&apos; then &apos;$&lt;read_str_from_txt&gt; =&gt; &lt;base64_ascii_str_pickle_to_object&gt; -&gt; &lt;str_to_bool&gt;$&apos; then &apos;$&lt;read_str_from_txt&gt; =&gt; &lt;base64_ascii_str_pickle_to_object&gt;$]&apos;]
(B)                                                                                                  |--b64pickle-float-1.0=True.txt -&gt; bool ------- using $&lt;read_str_from_txt&gt; =&gt; &lt;str_to_bool&gt;$
Parsing Plan created successfully

Executing Parsing Plan for [/home/travis/build/smarie/python-parsyfiles/parsyfiles/tests/combining_parsers_converters/test_data/b64pickle-float-1.0=True]
(P) /home/travis/build/smarie/python-parsyfiles/parsyfiles/tests/combining_parsers_converters/test_data/b64pickle-float-1.0=True.txt -&gt; bool ------- using $&lt;read_str_from_txt&gt; =&gt; &lt;str_to_bool&gt;$
  !! Caught error during execution !!
  File &quot;/home/travis/build/smarie/python-parsyfiles/parsyfiles/converting_core.py&quot;, line 524, in _convert
    return self.conversion_method(desired_type, source_obj, logger, **opts)
  File &quot;/home/travis/build/smarie/python-parsyfiles/parsyfiles/plugins_base/support_for_primitive_types.py&quot;, line 84, in primitive_to_bool
    return bool(strtobool(source))
  File &quot;/opt/python/3.5.5/lib/python3.5/distutils/util.py&quot;, line 317, in strtobool
    raise ValueError(&quot;invalid truth value %r&quot; % (val,))
  ParsingException : Error while parsing /home/travis/build/smarie/python-parsyfiles/parsyfiles/tests/combining_parsers_converters/test_data/b64pickle-float-1.0=True (singlefile, .txt) as a bool with parser &apos;$&lt;read_str_from_txt&gt; =&gt; &lt;str_to_bool&gt;$&apos; using options=({&apos;MultifileCollectionParser&apos;: {&apos;lazy_parsing&apos;: False}}) : caught 
  ValueError : invalid truth value &apos;ganhp/aaaaaaaaau&apos;
Rebuilding local parsing plan with next candidate parser: $&lt;read_str_from_txt&gt; =&gt; &lt;base64_ascii_str_pickle_to_object&gt; -&gt; &lt;float_to_bool&gt;$
(B)                                                                                                  |--b64pickle-float-1.0=True.txt -&gt; bool ------- using $&lt;read_str_from_txt&gt; =&gt; &lt;base64_ascii_str_pickle_to_object&gt; -&gt; &lt;float_to_bool&gt;$
DONE Rebuilding local parsing plan for [/home/travis/build/smarie/python-parsyfiles/parsyfiles/tests/combining_parsers_converters/test_data/b64pickle-float-1.0=True.txt]. Resuming parsing...
Executing Parsing Plan for [/home/travis/build/smarie/python-parsyfiles/parsyfiles/tests/combining_parsers_converters/test_data/b64pickle-float-1.0=True]
(P) /home/travis/build/smarie/python-parsyfiles/parsyfiles/tests/combining_parsers_converters/test_data/b64pickle-float-1.0=True.txt -&gt; bool ------- using $&lt;read_str_from_txt&gt; =&gt; &lt;base64_ascii_str_pickle_to_object&gt; -&gt; &lt;float_to_bool&gt;$
(P)                                                                                                  |--b64pickle-float-1.0=True.txt -&gt; bool SUCCESS !
Completed parsing successfully

**** Starting to parse single object of type &lt;bool&gt; at location /home/travis/build/smarie/python-parsyfiles/parsyfiles/tests/combining_parsers_converters/test_data/b64pickle-float-1.0=True ****
Checking all files under [/home/travis/build/smarie/python-parsyfiles/parsyfiles/tests/combining_parsers_converters/test_data/b64pickle-float-1.0=True]
(C) /home/travis/build/smarie/python-parsyfiles/parsyfiles/tests/combining_parsers_converters/test_data/b64pickle-float-1.0=True (singlefile, .txt)
File checks done

Building a parsing plan to parse [/home/travis/build/smarie/python-parsyfiles/parsyfiles/tests/combining_parsers_converters/test_data/b64pickle-float-1.0=True] into a bool
(B) /home/travis/build/smarie/python-parsyfiles/parsyfiles/tests/combining_parsers_converters/test_data/b64pickle-float-1.0=True.txt -&gt; bool ------- using [Try &apos;$&lt;read_str_from_txt&gt; =&gt; &lt;str_to_bool&gt;$&apos; then &apos;$&lt;read_str_from_txt&gt; =&gt; &lt;base64_ascii_str_pickle_to_object&gt; -&gt; &lt;float_to_bool&gt;$&apos; then &apos;$&lt;read_str_from_txt&gt; =&gt; &lt;base64_ascii_str_pickle_to_object&gt; -&gt; &lt;int_to_bool&gt;$&apos; then &apos;$&lt;read_str_from_txt&gt; =&gt; &lt;base64_ascii_str_pickle_to_object&gt; -&gt; &lt;str_to_bool&gt;$&apos; then &apos;$&lt;read_str_from_txt&gt; =&gt; &lt;base64_ascii_str_pickle_to_object&gt;$]&apos;]
(B)                                                                                                  |--b64pickle-float-1.0=True.txt -&gt; bool ------- using $&lt;read_str_from_txt&gt; =&gt; &lt;str_to_bool&gt;$
Parsing Plan created successfully

Executing Parsing Plan for [/home/travis/build/smarie/python-parsyfiles/parsyfiles/tests/combining_parsers_converters/test_data/b64pickle-float-1.0=True]
(P) /home/travis/build/smarie/python-parsyfiles/parsyfiles/tests/combining_parsers_converters/test_data/b64pickle-float-1.0=True.txt -&gt; bool ------- using $&lt;read_str_from_txt&gt; =&gt; &lt;str_to_bool&gt;$
  !! Caught error during execution !!
  File &quot;/home/travis/build/smarie/python-parsyfiles/parsyfiles/converting_core.py&quot;, line 524, in _convert
    return self.conversion_method(desired_type, source_obj, logger, **opts)
  File &quot;/home/travis/build/smarie/python-parsyfiles/parsyfiles/plugins_base/support_for_primitive_types.py&quot;, line 84, in primitive_to_bool
    return bool(strtobool(source))
  File &quot;/opt/python/3.5.5/lib/python3.5/distutils/util.py&quot;, line 317, in strtobool
    raise ValueError(&quot;invalid truth value %r&quot; % (val,))
  ParsingException : Error while parsing /home/travis/build/smarie/python-parsyfiles/parsyfiles/tests/combining_parsers_converters/test_data/b64pickle-float-1.0=True (singlefile, .txt) as a bool with parser &apos;$&lt;read_str_from_txt&gt; =&gt; &lt;str_to_bool&gt;$&apos; using options=({&apos;MultifileCollectionParser&apos;: {&apos;lazy_parsing&apos;: False}}) : caught 
  ValueError : invalid truth value &apos;ganhp/aaaaaaaaau&apos;
Rebuilding local parsing plan with next candidate parser: $&lt;read_str_from_txt&gt; =&gt; &lt;base64_ascii_str_pickle_to_object&gt; -&gt; &lt;float_to_bool&gt;$
(B)                                                                                                  |--b64pickle-float-1.0=True.txt -&gt; bool ------- using $&lt;read_str_from_txt&gt; =&gt; &lt;base64_ascii_str_pickle_to_object&gt; -&gt; &lt;float_to_bool&gt;$
DONE Rebuilding local parsing plan for [/home/travis/build/smarie/python-parsyfiles/parsyfiles/tests/combining_parsers_converters/test_data/b64pickle-float-1.0=True.txt]. Resuming parsing...
Executing Parsing Plan for [/home/travis/build/smarie/python-parsyfiles/parsyfiles/tests/combining_parsers_converters/test_data/b64pickle-float-1.0=True]
(P) /home/travis/build/smarie/python-parsyfiles/parsyfiles/tests/combining_parsers_converters/test_data/b64pickle-float-1.0=True.txt -&gt; bool ------- using $&lt;read_str_from_txt&gt; =&gt; &lt;base64_ascii_str_pickle_to_object&gt; -&gt; &lt;float_to_bool&gt;$
(P)                                                                                                  |--b64pickle-float-1.0=True.txt -&gt; bool SUCCESS !
Completed parsing successfully

**** Starting to parse single object of type &lt;bool&gt; at location /home/travis/build/smarie/python-parsyfiles/parsyfiles/tests/combining_parsers_converters/test_data/b64pickle-float-1.0=True ****
Checking all files under [/home/travis/build/smarie/python-parsyfiles/parsyfiles/tests/combining_parsers_converters/test_data/b64pickle-float-1.0=True]
(C) /home/travis/build/smarie/python-parsyfiles/parsyfiles/tests/combining_parsers_converters/test_data/b64pickle-float-1.0=True (singlefile, .txt)
File checks done

Building a parsing plan to parse [/home/travis/build/smarie/python-parsyfiles/parsyfiles/tests/combining_parsers_converters/test_data/b64pickle-float-1.0=True] into a bool
(B) /home/travis/build/smarie/python-parsyfiles/parsyfiles/tests/combining_parsers_converters/test_data/b64pickle-float-1.0=True.txt -&gt; bool ------- using [Try &apos;$&lt;read_str_from_txt&gt; =&gt; &lt;str_to_bool&gt;$&apos; then &apos;$&lt;read_str_from_txt&gt; =&gt; &lt;base64_ascii_str_pickle_to_object&gt; -&gt; &lt;float_to_bool&gt;$&apos; then &apos;$&lt;read_str_from_txt&gt; =&gt; &lt;base64_ascii_str_pickle_to_object&gt; -&gt; &lt;int_to_bool&gt;$&apos; then &apos;$&lt;read_str_from_txt&gt; =&gt; &lt;base64_ascii_str_pickle_to_object&gt; -&gt; &lt;str_to_bool&gt;$&apos; then &apos;$&lt;read_str_from_txt&gt; =&gt; &lt;base64_ascii_str_pickle_to_object&gt;$]&apos;]
(B)                                                                                                  |--b64pickle-float-1.0=True.txt -&gt; bool ------- using $&lt;read_str_from_txt&gt; =&gt; &lt;str_to_bool&gt;$
Parsing Plan created successfully

Executing Parsing Plan for [/home/travis/build/smarie/python-parsyfiles/parsyfiles/tests/combining_parsers_converters/test_data/b64pickle-float-1.0=True]
(P) /home/travis/build/smarie/python-parsyfiles/parsyfiles/tests/combining_parsers_converters/test_data/b64pickle-float-1.0=True.txt -&gt; bool ------- using $&lt;read_str_from_txt&gt; =&gt; &lt;str_to_bool&gt;$
  !! Caught error during execution !!
  File &quot;/home/travis/build/smarie/python-parsyfiles/parsyfiles/converting_core.py&quot;, line 524, in _convert
    return self.conversion_method(desired_type, source_obj, logger, **opts)
  File &quot;/home/travis/build/smarie/python-parsyfiles/parsyfiles/plugins_base/support_for_primitive_types.py&quot;, line 84, in primitive_to_bool
    return bool(strtobool(source))
  File &quot;/opt/python/3.5.5/lib/python3.5/distutils/util.py&quot;, line 317, in strtobool
    raise ValueError(&quot;invalid truth value %r&quot; % (val,))
  ParsingException : Error while parsing /home/travis/build/smarie/python-parsyfiles/parsyfiles/tests/combining_parsers_converters/test_data/b64pickle-float-1.0=True (singlefile, .txt) as a bool with parser &apos;$&lt;read_str_from_txt&gt; =&gt; &lt;str_to_bool&gt;$&apos; using options=({&apos;MultifileCollectionParser&apos;: {&apos;lazy_parsing&apos;: False}}) : caught 
  ValueError : invalid truth value &apos;ganhp/aaaaaaaaau&apos;
Rebuilding local parsing plan with next candidate parser: $&lt;read_str_from_txt&gt; =&gt; &lt;base64_ascii_str_pickle_to_object&gt; -&gt; &lt;float_to_bool&gt;$
(B)                                                                                                  |--b64pickle-float-1.0=True.txt -&gt; bool ------- using $&lt;read_str_from_txt&gt; =&gt; &lt;base64_ascii_str_pickle_to_object&gt; -&gt; &lt;float_to_bool&gt;$
DONE Rebuilding local parsing plan for [/home/travis/build/smarie/python-parsyfiles/parsyfiles/tests/combining_parsers_converters/test_data/b64pickle-float-1.0=True.txt]. Resuming parsing...
Executing Parsing Plan for [/home/travis/build/smarie/python-parsyfiles/parsyfiles/tests/combining_parsers_converters/test_data/b64pickle-float-1.0=True]
(P) /home/travis/build/smarie/python-parsyfiles/parsyfiles/tests/combining_parsers_converters/test_data/b64pickle-float-1.0=True.txt -&gt; bool ------- using $&lt;read_str_from_txt&gt; =&gt; &lt;base64_ascii_str_pickle_to_object&gt; -&gt; &lt;float_to_bool&gt;$
(P)                                                                                                  |--b64pickle-float-1.0=True.txt -&gt; bool SUCCESS !
Completed parsing successfully

**** Starting to parse single object of type &lt;bool&gt; at location /home/travis/build/smarie/python-parsyfiles/parsyfiles/tests/combining_parsers_converters/test_data/b64pickle-float-1.0=True ****
Checking all files under [/home/travis/build/smarie/python-parsyfiles/parsyfiles/tests/combining_parsers_converters/test_data/b64pickle-float-1.0=True]
(C) /home/travis/build/smarie/python-parsyfiles/parsyfiles/tests/combining_parsers_converters/test_data/b64pickle-float-1.0=True (singlefile, .txt)
File checks done

Building a parsing plan to parse [/home/travis/build/smarie/python-parsyfiles/parsyfiles/tests/combining_parsers_converters/test_data/b64pickle-float-1.0=True] into a bool
(B) /home/travis/build/smarie/python-parsyfiles/parsyfiles/tests/combining_parsers_converters/test_data/b64pickle-float-1.0=True.txt -&gt; bool ------- using [Try &apos;$&lt;read_str_from_txt&gt; =&gt; &lt;str_to_bool&gt;$&apos; then &apos;$&lt;read_str_from_txt&gt; =&gt; &lt;base64_ascii_str_pickle_to_object&gt; -&gt; &lt;float_to_bool&gt;$&apos; then &apos;$&lt;read_str_from_txt&gt; =&gt; &lt;base64_ascii_str_pickle_to_object&gt; -&gt; &lt;int_to_bool&gt;$&apos; then &apos;$&lt;read_str_from_txt&gt; =&gt; &lt;base64_ascii_str_pickle_to_object&gt; -&gt; &lt;str_to_bool&gt;$&apos; then &apos;$&lt;read_str_from_txt&gt; =&gt; &lt;base64_ascii_str_pickle_to_object&gt;$]&apos;]
(B)                                                                                                  |--b64pickle-float-1.0=True.txt -&gt; bool ------- using $&lt;read_str_from_txt&gt; =&gt; &lt;str_to_bool&gt;$
Parsing Plan created successfully

Executing Parsing Plan for [/home/travis/build/smarie/python-parsyfiles/parsyfiles/tests/combining_parsers_converters/test_data/b64pickle-float-1.0=True]
(P) /home/travis/build/smarie/python-parsyfiles/parsyfiles/tests/combining_parsers_converters/test_data/b64pickle-float-1.0=True.txt -&gt; bool ------- using $&lt;read_str_from_txt&gt; =&gt; &lt;str_to_bool&gt;$
  !! Caught error during execution !!
  File &quot;/home/travis/build/smarie/python-parsyfiles/parsyfiles/converting_core.py&quot;, line 524, in _convert
    return self.conversion_method(desired_type, source_obj, logger, **opts)
  File &quot;/home/travis/build/smarie/python-parsyfiles/parsyfiles/plugins_base/support_for_primitive_types.py&quot;, line 84, in primitive_to_bool
    return bool(strtobool(source))
  File &quot;/opt/python/3.5.5/lib/python3.5/distutils/util.py&quot;, line 317, in strtobool
    raise ValueError(&quot;invalid truth value %r&quot; % (val,))
  ParsingException : Error while parsing /home/travis/build/smarie/python-parsyfiles/parsyfiles/tests/combining_parsers_converters/test_data/b64pickle-float-1.0=True (singlefile, .txt) as a bool with parser &apos;$&lt;read_str_from_txt&gt; =&gt; &lt;str_to_bool&gt;$&apos; using options=({&apos;MultifileCollectionParser&apos;: {&apos;lazy_parsing&apos;: False}}) : caught 
  ValueError : invalid truth value &apos;ganhp/aaaaaaaaau&apos;
Rebuilding local parsing plan with next candidate parser: $&lt;read_str_from_txt&gt; =&gt; &lt;base64_ascii_str_pickle_to_object&gt; -&gt; &lt;float_to_bool&gt;$
(B)                                                                                                  |--b64pickle-float-1.0=True.txt -&gt; bool ------- using $&lt;read_str_from_txt&gt; =&gt; &lt;base64_ascii_str_pickle_to_object&gt; -&gt; &lt;float_to_bool&gt;$
DONE Rebuilding local parsing plan for [/home/travis/build/smarie/python-parsyfiles/parsyfiles/tests/combining_parsers_converters/test_data/b64pickle-float-1.0=True.txt]. Resuming parsing...
Executing Parsing Plan for [/home/travis/build/smarie/python-parsyfiles/parsyfiles/tests/combining_parsers_converters/test_data/b64pickle-float-1.0=True]
(P) /home/travis/build/smarie/python-parsyfiles/parsyfiles/tests/combining_parsers_converters/test_data/b64pickle-float-1.0=True.txt -&gt; bool ------- using $&lt;read_str_from_txt&gt; =&gt; &lt;base64_ascii_str_pickle_to_object&gt; -&gt; &lt;float_to_bool&gt;$
(P)                                                                                                  |--b64pickle-float-1.0=True.txt -&gt; bool SUCCESS !
Completed parsing successfully

**** Starting to parse single object of type &lt;bool&gt; at location /home/travis/build/smarie/python-parsyfiles/parsyfiles/tests/combining_parsers_converters/test_data/b64pickle-float-1.0=True ****
Checking all files under [/home/travis/build/smarie/python-parsyfiles/parsyfiles/tests/combining_parsers_converters/test_data/b64pickle-float-1.0=True]
(C) /home/travis/build/smarie/python-parsyfiles/parsyfiles/tests/combining_parsers_converters/test_data/b64pickle-float-1.0=True (singlefile, .txt)
File checks done

Building a parsing plan to parse [/home/travis/build/smarie/python-parsyfiles/parsyfiles/tests/combining_parsers_converters/test_data/b64pickle-float-1.0=True] into a bool
(B) /home/travis/build/smarie/python-parsyfiles/parsyfiles/tests/combining_parsers_converters/test_data/b64pickle-float-1.0=True.txt -&gt; bool ------- using [Try &apos;$&lt;read_str_from_txt&gt; =&gt; &lt;str_to_bool&gt;$&apos; then &apos;$&lt;read_str_from_txt&gt; =&gt; &lt;base64_ascii_str_pickle_to_object&gt; -&gt; &lt;float_to_bool&gt;$&apos; then &apos;$&lt;read_str_from_txt&gt; =&gt; &lt;base64_ascii_str_pickle_to_object&gt; -&gt; &lt;int_to_bool&gt;$&apos; then &apos;$&lt;read_str_from_txt&gt; =&gt; &lt;base64_ascii_str_pickle_to_object&gt; -&gt; &lt;str_to_bool&gt;$&apos; then &apos;$&lt;read_str_from_txt&gt; =&gt; &lt;base64_ascii_str_pickle_to_object&gt;$]&apos;]
(B)                                                                                                  |--b64pickle-float-1.0=True.txt -&gt; bool ------- using $&lt;read_str_from_txt&gt; =&gt; &lt;str_to_bool&gt;$
Parsing Plan created successfully

Executing Parsing Plan for [/home/travis/build/smarie/python-parsyfiles/parsyfiles/tests/combining_parsers_converters/test_data/b64pickle-float-1.0=True]
(P) /home/travis/build/smarie/python-parsyfiles/parsyfiles/tests/combining_parsers_converters/test_data/b64pickle-float-1.0=True.txt -&gt; bool ------- using $&lt;read_str_from_txt&gt; =&gt; &lt;str_to_bool&gt;$
  !! Caught error during execution !!
  File &quot;/home/travis/build/smarie/python-parsyfiles/parsyfiles/converting_core.py&quot;, line 524, in _convert
    return self.conversion_method(desired_type, source_obj, logger, **opts)
  File &quot;/home/travis/build/smarie/python-parsyfiles/parsyfiles/plugins_base/support_for_primitive_types.py&quot;, line 84, in primitive_to_bool
    return bool(strtobool(source))
  File &quot;/opt/python/3.5.5/lib/python3.5/distutils/util.py&quot;, line 317, in strtobool
    raise ValueError(&quot;invalid truth value %r&quot; % (val,))
  ParsingException : Error while parsing /home/travis/build/smarie/python-parsyfiles/parsyfiles/tests/combining_parsers_converters/test_data/b64pickle-float-1.0=True (singlefile, .txt) as a bool with parser &apos;$&lt;read_str_from_txt&gt; =&gt; &lt;str_to_bool&gt;$&apos; using options=({&apos;MultifileCollectionParser&apos;: {&apos;lazy_parsing&apos;: False}}) : caught 
  ValueError : invalid truth value &apos;ganhp/aaaaaaaaau&apos;
Rebuilding local parsing plan with next candidate parser: $&lt;read_str_from_txt&gt; =&gt; &lt;base64_ascii_str_pickle_to_object&gt; -&gt; &lt;float_to_bool&gt;$
(B)                                                                                                  |--b64pickle-float-1.0=True.txt -&gt; bool ------- using $&lt;read_str_from_txt&gt; =&gt; &lt;base64_ascii_str_pickle_to_object&gt; -&gt; &lt;float_to_bool&gt;$
DONE Rebuilding local parsing plan for [/home/travis/build/smarie/python-parsyfiles/parsyfiles/tests/combining_parsers_converters/test_data/b64pickle-float-1.0=True.txt]. Resuming parsing...
Executing Parsing Plan for [/home/travis/build/smarie/python-parsyfiles/parsyfiles/tests/combining_parsers_converters/test_data/b64pickle-float-1.0=True]
(P) /home/travis/build/smarie/python-parsyfiles/parsyfiles/tests/combining_parsers_converters/test_data/b64pickle-float-1.0=True.txt -&gt; bool ------- using $&lt;read_str_from_txt&gt; =&gt; &lt;base64_ascii_str_pickle_to_object&gt; -&gt; &lt;float_to_bool&gt;$
(P)                                                                                                  |--b64pickle-float-1.0=True.txt -&gt; bool SUCCESS !
Completed parsing successfully

**** Starting to parse single object of type &lt;bool&gt; at location /home/travis/build/smarie/python-parsyfiles/parsyfiles/tests/combining_parsers_converters/test_data/b64pickle-float-1.0=True ****
Checking all files under [/home/travis/build/smarie/python-parsyfiles/parsyfiles/tests/combining_parsers_converters/test_data/b64pickle-float-1.0=True]
(C) /home/travis/build/smarie/python-parsyfiles/parsyfiles/tests/combining_parsers_converters/test_data/b64pickle-float-1.0=True (singlefile, .txt)
File checks done

Building a parsing plan to parse [/home/travis/build/smarie/python-parsyfiles/parsyfiles/tests/combining_parsers_converters/test_data/b64pickle-float-1.0=True] into a bool
(B) /home/travis/build/smarie/python-parsyfiles/parsyfiles/tests/combining_parsers_converters/test_data/b64pickle-float-1.0=True.txt -&gt; bool ------- using [Try &apos;$&lt;read_str_from_txt&gt; =&gt; &lt;str_to_bool&gt;$&apos; then &apos;$&lt;read_str_from_txt&gt; =&gt; &lt;base64_ascii_str_pickle_to_object&gt; -&gt; &lt;float_to_bool&gt;$&apos; then &apos;$&lt;read_str_from_txt&gt; =&gt; &lt;base64_ascii_str_pickle_to_object&gt; -&gt; &lt;int_to_bool&gt;$&apos; then &apos;$&lt;read_str_from_txt&gt; =&gt; &lt;base64_ascii_str_pickle_to_object&gt; -&gt; &lt;str_to_bool&gt;$&apos; then &apos;$&lt;read_str_from_txt&gt; =&gt; &lt;base64_ascii_str_pickle_to_object&gt;$]&apos;]
(B)                                                                                                  |--b64pickle-float-1.0=True.txt -&gt; bool ------- using $&lt;read_str_from_txt&gt; =&gt; &lt;str_to_bool&gt;$
Parsing Plan created successfully

Executing Parsing Plan for [/home/travis/build/smarie/python-parsyfiles/parsyfiles/tests/combining_parsers_converters/test_data/b64pickle-float-1.0=True]
(P) /home/travis/build/smarie/python-parsyfiles/parsyfiles/tests/combining_parsers_converters/test_data/b64pickle-float-1.0=True.txt -&gt; bool ------- using $&lt;read_str_from_txt&gt; =&gt; &lt;str_to_bool&gt;$
  !! Caught error during execution !!
  File &quot;/home/travis/build/smarie/python-parsyfiles/parsyfiles/converting_core.py&quot;, line 524, in _convert
    return self.conversion_method(desired_type, source_obj, logger, **opts)
  File &quot;/home/travis/build/smarie/python-parsyfiles/parsyfiles/plugins_base/support_for_primitive_types.py&quot;, line 84, in primitive_to_bool
    return bool(strtobool(source))
  File &quot;/opt/python/3.5.5/lib/python3.5/distutils/util.py&quot;, line 317, in strtobool
    raise ValueError(&quot;invalid truth value %r&quot; % (val,))
  ParsingException : Error while parsing /home/travis/build/smarie/python-parsyfiles/parsyfiles/tests/combining_parsers_converters/test_data/b64pickle-float-1.0=True (singlefile, .txt) as a bool with parser &apos;$&lt;read_str_from_txt&gt; =&gt; &lt;str_to_bool&gt;$&apos; using options=({&apos;MultifileCollectionParser&apos;: {&apos;lazy_parsing&apos;: False}}) : caught 
  ValueError : invalid truth value &apos;ganhp/aaaaaaaaau&apos;
Rebuilding local parsing plan with next candidate parser: $&lt;read_str_from_txt&gt; =&gt; &lt;base64_ascii_str_pickle_to_object&gt; -&gt; &lt;float_to_bool&gt;$
(B)                                                                                                  |--b64pickle-float-1.0=True.txt -&gt; bool ------- using $&lt;read_str_from_txt&gt; =&gt; &lt;base64_ascii_str_pickle_to_object&gt; -&gt; &lt;float_to_bool&gt;$
DONE Rebuilding local parsing plan for [/home/travis/build/smarie/python-parsyfiles/parsyfiles/tests/combining_parsers_converters/test_data/b64pickle-float-1.0=True.txt]. Resuming parsing...
Executing Parsing Plan for [/home/travis/build/smarie/python-parsyfiles/parsyfiles/tests/combining_parsers_converters/test_data/b64pickle-float-1.0=True]
(P) /home/travis/build/smarie/python-parsyfiles/parsyfiles/tests/combining_parsers_converters/test_data/b64pickle-float-1.0=True.txt -&gt; bool ------- using $&lt;read_str_from_txt&gt; =&gt; &lt;base64_ascii_str_pickle_to_object&gt; -&gt; &lt;float_to_bool&gt;$
(P)                                                                                                  |--b64pickle-float-1.0=True.txt -&gt; bool SUCCESS !
Completed parsing successfully

**** Starting to parse single object of type &lt;bool&gt; at location /home/travis/build/smarie/python-parsyfiles/parsyfiles/tests/combining_parsers_converters/test_data/b64pickle-float-1.0=True ****
Checking all files under [/home/travis/build/smarie/python-parsyfiles/parsyfiles/tests/combining_parsers_converters/test_data/b64pickle-float-1.0=True]
(C) /home/travis/build/smarie/python-parsyfiles/parsyfiles/tests/combining_parsers_converters/test_data/b64pickle-float-1.0=True (singlefile, .txt)
File checks done

Building a parsing plan to parse [/home/travis/build/smarie/python-parsyfiles/parsyfiles/tests/combining_parsers_converters/test_data/b64pickle-float-1.0=True] into a bool
(B) /home/travis/build/smarie/python-parsyfiles/parsyfiles/tests/combining_parsers_converters/test_data/b64pickle-float-1.0=True.txt -&gt; bool ------- using [Try &apos;$&lt;read_str_from_txt&gt; =&gt; &lt;str_to_bool&gt;$&apos; then &apos;$&lt;read_str_from_txt&gt; =&gt; &lt;base64_ascii_str_pickle_to_object&gt; -&gt; &lt;float_to_bool&gt;$&apos; then &apos;$&lt;read_str_from_txt&gt; =&gt; &lt;base64_ascii_str_pickle_to_object&gt; -&gt; &lt;int_to_bool&gt;$&apos; then &apos;$&lt;read_str_from_txt&gt; =&gt; &lt;base64_ascii_str_pickle_to_object&gt; -&gt; &lt;str_to_bool&gt;$&apos; then &apos;$&lt;read_str_from_txt&gt; =&gt; &lt;base64_ascii_str_pickle_to_object&gt;$]&apos;]
(B)                                                                                                  |--b64pickle-float-1.0=True.txt -&gt; bool ------- using $&lt;read_str_from_txt&gt; =&gt; &lt;str_to_bool&gt;$
Parsing Plan created successfully

Executing Parsing Plan for [/home/travis/build/smarie/python-parsyfiles/parsyfiles/tests/combining_parsers_converters/test_data/b64pickle-float-1.0=True]
(P) /home/travis/build/smarie/python-parsyfiles/parsyfiles/tests/combining_parsers_converters/test_data/b64pickle-float-1.0=True.txt -&gt; bool ------- using $&lt;read_str_from_txt&gt; =&gt; &lt;str_to_bool&gt;$
  !! Caught error during execution !!
  File &quot;/home/travis/build/smarie/python-parsyfiles/parsyfiles/converting_core.py&quot;, line 524, in _convert
    return self.conversion_method(desired_type, source_obj, logger, **opts)
  File &quot;/home/travis/build/smarie/python-parsyfiles/parsyfiles/plugins_base/support_for_primitive_types.py&quot;, line 84, in primitive_to_bool
    return bool(strtobool(source))
  File &quot;/opt/python/3.5.5/lib/python3.5/distutils/util.py&quot;, line 317, in strtobool
    raise ValueError(&quot;invalid truth value %r&quot; % (val,))
  ParsingException : Error while parsing /home/travis/build/smarie/python-parsyfiles/parsyfiles/tests/combining_parsers_converters/test_data/b64pickle-float-1.0=True (singlefile, .txt) as a bool with parser &apos;$&lt;read_str_from_txt&gt; =&gt; &lt;str_to_bool&gt;$&apos; using options=({&apos;MultifileCollectionParser&apos;: {&apos;lazy_parsing&apos;: False}}) : caught 
  ValueError : invalid truth value &apos;ganhp/aaaaaaaaau&apos;
Rebuilding local parsing plan with next candidate parser: $&lt;read_str_from_txt&gt; =&gt; &lt;base64_ascii_str_pickle_to_object&gt; -&gt; &lt;float_to_bool&gt;$
(B)                                                                                                  |--b64pickle-float-1.0=True.txt -&gt; bool ------- using $&lt;read_str_from_txt&gt; =&gt; &lt;base64_ascii_str_pickle_to_object&gt; -&gt; &lt;float_to_bool&gt;$
DONE Rebuilding local parsing plan for [/home/travis/build/smarie/python-parsyfiles/parsyfiles/tests/combining_parsers_converters/test_data/b64pickle-float-1.0=True.txt]. Resuming parsing...
Executing Parsing Plan for [/home/travis/build/smarie/python-parsyfiles/parsyfiles/tests/combining_parsers_converters/test_data/b64pickle-float-1.0=True]
(P) /home/travis/build/smarie/python-parsyfiles/parsyfiles/tests/combining_parsers_converters/test_data/b64pickle-float-1.0=True.txt -&gt; bool ------- using $&lt;read_str_from_txt&gt; =&gt; &lt;base64_ascii_str_pickle_to_object&gt; -&gt; &lt;float_to_bool&gt;$
(P)                                                                                                  |--b64pickle-float-1.0=True.txt -&gt; bool SUCCESS !
Completed parsing successfully

**** Starting to parse single object of type &lt;bool&gt; at location /home/travis/build/smarie/python-parsyfiles/parsyfiles/tests/combining_parsers_converters/test_data/b64pickle-float-1.0=True ****
Checking all files under [/home/travis/build/smarie/python-parsyfiles/parsyfiles/tests/combining_parsers_converters/test_data/b64pickle-float-1.0=True]
(C) /home/travis/build/smarie/python-parsyfiles/parsyfiles/tests/combining_parsers_converters/test_data/b64pickle-float-1.0=True (singlefile, .txt)
File checks done

Building a parsing plan to parse [/home/travis/build/smarie/python-parsyfiles/parsyfiles/tests/combining_parsers_converters/test_data/b64pickle-float-1.0=True] into a bool
(B) /home/travis/build/smarie/python-parsyfiles/parsyfiles/tests/combining_parsers_converters/test_data/b64pickle-float-1.0=True.txt -&gt; bool ------- using [Try &apos;$&lt;read_str_from_txt&gt; =&gt; &lt;str_to_bool&gt;$&apos; then &apos;$&lt;read_str_from_txt&gt; =&gt; &lt;base64_ascii_str_pickle_to_object&gt; -&gt; &lt;float_to_bool&gt;$&apos; then &apos;$&lt;read_str_from_txt&gt; =&gt; &lt;base64_ascii_str_pickle_to_object&gt; -&gt; &lt;int_to_bool&gt;$&apos; then &apos;$&lt;read_str_from_txt&gt; =&gt; &lt;base64_ascii_str_pickle_to_object&gt; -&gt; &lt;str_to_bool&gt;$&apos; then &apos;$&lt;read_str_from_txt&gt; =&gt; &lt;base64_ascii_str_pickle_to_object&gt;$]&apos;]
(B)                                                                                                  |--b64pickle-float-1.0=True.txt -&gt; bool ------- using $&lt;read_str_from_txt&gt; =&gt; &lt;str_to_bool&gt;$
Parsing Plan created successfully

Executing Parsing Plan for [/home/travis/build/smarie/python-parsyfiles/parsyfiles/tests/combining_parsers_converters/test_data/b64pickle-float-1.0=True]
(P) /home/travis/build/smarie/python-parsyfiles/parsyfiles/tests/combining_parsers_converters/test_data/b64pickle-float-1.0=True.txt -&gt; bool ------- using $&lt;read_str_from_txt&gt; =&gt; &lt;str_to_bool&gt;$
  !! Caught error during execution !!
  File &quot;/home/travis/build/smarie/python-parsyfiles/parsyfiles/converting_core.py&quot;, line 524, in _convert
    return self.conversion_method(desired_type, source_obj, logger, **opts)
  File &quot;/home/travis/build/smarie/python-parsyfiles/parsyfiles/plugins_base/support_for_primitive_types.py&quot;, line 84, in primitive_to_bool
    return bool(strtobool(source))
  File &quot;/opt/python/3.5.5/lib/python3.5/distutils/util.py&quot;, line 317, in strtobool
    raise ValueError(&quot;invalid truth value %r&quot; % (val,))
  ParsingException : Error while parsing /home/travis/build/smarie/python-parsyfiles/parsyfiles/tests/combining_parsers_converters/test_data/b64pickle-float-1.0=True (singlefile, .txt) as a bool with parser &apos;$&lt;read_str_from_txt&gt; =&gt; &lt;str_to_bool&gt;$&apos; using options=({&apos;MultifileCollectionParser&apos;: {&apos;lazy_parsing&apos;: False}}) : caught 
  ValueError : invalid truth value &apos;ganhp/aaaaaaaaau&apos;
Rebuilding local parsing plan with next candidate parser: $&lt;read_str_from_txt&gt; =&gt; &lt;base64_ascii_str_pickle_to_object&gt; -&gt; &lt;float_to_bool&gt;$
(B)                                                                                                  |--b64pickle-float-1.0=True.txt -&gt; bool ------- using $&lt;read_str_from_txt&gt; =&gt; &lt;base64_ascii_str_pickle_to_object&gt; -&gt; &lt;float_to_bool&gt;$
DONE Rebuilding local parsing plan for [/home/travis/build/smarie/python-parsyfiles/parsyfiles/tests/combining_parsers_converters/test_data/b64pickle-float-1.0=True.txt]. Resuming parsing...
Executing Parsing Plan for [/home/travis/build/smarie/python-parsyfiles/parsyfiles/tests/combining_parsers_converters/test_data/b64pickle-float-1.0=True]
(P) /home/travis/build/smarie/python-parsyfiles/parsyfiles/tests/combining_parsers_converters/test_data/b64pickle-float-1.0=True.txt -&gt; bool ------- using $&lt;read_str_from_txt&gt; =&gt; &lt;base64_ascii_str_pickle_to_object&gt; -&gt; &lt;float_to_bool&gt;$
(P)                                                                                                  |--b64pickle-float-1.0=True.txt -&gt; bool SUCCESS !
Completed parsing successfully

**** Starting to parse single object of type &lt;bool&gt; at location /home/travis/build/smarie/python-parsyfiles/parsyfiles/tests/combining_parsers_converters/test_data/b64pickle-float-1.0=True ****
Checking all files under [/home/travis/build/smarie/python-parsyfiles/parsyfiles/tests/combining_parsers_converters/test_data/b64pickle-float-1.0=True]
(C) /home/travis/build/smarie/python-parsyfiles/parsyfiles/tests/combining_parsers_converters/test_data/b64pickle-float-1.0=True (singlefile, .txt)
File checks done

Building a parsing plan to parse [/home/travis/build/smarie/python-parsyfiles/parsyfiles/tests/combining_parsers_converters/test_data/b64pickle-float-1.0=True] into a bool
(B) /home/travis/build/smarie/python-parsyfiles/parsyfiles/tests/combining_parsers_converters/test_data/b64pickle-float-1.0=True.txt -&gt; bool ------- using [Try &apos;$&lt;read_str_from_txt&gt; =&gt; &lt;str_to_bool&gt;$&apos; then &apos;$&lt;read_str_from_txt&gt; =&gt; &lt;base64_ascii_str_pickle_to_object&gt; -&gt; &lt;float_to_bool&gt;$&apos; then &apos;$&lt;read_str_from_txt&gt; =&gt; &lt;base64_ascii_str_pickle_to_object&gt; -&gt; &lt;int_to_bool&gt;$&apos; then &apos;$&lt;read_str_from_txt&gt; =&gt; &lt;base64_ascii_str_pickle_to_object&gt; -&gt; &lt;str_to_bool&gt;$&apos; then &apos;$&lt;read_str_from_txt&gt; =&gt; &lt;base64_ascii_str_pickle_to_object&gt;$]&apos;]
(B)                                                                                                  |--b64pickle-float-1.0=True.txt -&gt; bool ------- using $&lt;read_str_from_txt&gt; =&gt; &lt;str_to_bool&gt;$
Parsing Plan created successfully

Executing Parsing Plan for [/home/travis/build/smarie/python-parsyfiles/parsyfiles/tests/combining_parsers_converters/test_data/b64pickle-float-1.0=True]
(P) /home/travis/build/smarie/python-parsyfiles/parsyfiles/tests/combining_parsers_converters/test_data/b64pickle-float-1.0=True.txt -&gt; bool ------- using $&lt;read_str_from_txt&gt; =&gt; &lt;str_to_bool&gt;$
  !! Caught error during execution !!
  File &quot;/home/travis/build/smarie/python-parsyfiles/parsyfiles/converting_core.py&quot;, line 524, in _convert
    return self.conversion_method(desired_type, source_obj, logger, **opts)
  File &quot;/home/travis/build/smarie/python-parsyfiles/parsyfiles/plugins_base/support_for_primitive_types.py&quot;, line 84, in primitive_to_bool
    return bool(strtobool(source))
  File &quot;/opt/python/3.5.5/lib/python3.5/distutils/util.py&quot;, line 317, in strtobool
    raise ValueError(&quot;invalid truth value %r&quot; % (val,))
  ParsingException : Error while parsing /home/travis/build/smarie/python-parsyfiles/parsyfiles/tests/combining_parsers_converters/test_data/b64pickle-float-1.0=True (singlefile, .txt) as a bool with parser &apos;$&lt;read_str_from_txt&gt; =&gt; &lt;str_to_bool&gt;$&apos; using options=({&apos;MultifileCollectionParser&apos;: {&apos;lazy_parsing&apos;: False}}) : caught 
  ValueError : invalid truth value &apos;ganhp/aaaaaaaaau&apos;
Rebuilding local parsing plan with next candidate parser: $&lt;read_str_from_txt&gt; =&gt; &lt;base64_ascii_str_pickle_to_object&gt; -&gt; &lt;float_to_bool&gt;$
(B)                                                                                                  |--b64pickle-float-1.0=True.txt -&gt; bool ------- using $&lt;read_str_from_txt&gt; =&gt; &lt;base64_ascii_str_pickle_to_object&gt; -&gt; &lt;float_to_bool&gt;$
DONE Rebuilding local parsing plan for [/home/travis/build/smarie/python-parsyfiles/parsyfiles/tests/combining_parsers_converters/test_data/b64pickle-float-1.0=True.txt]. Resuming parsing...
Executing Parsing Plan for [/home/travis/build/smarie/python-parsyfiles/parsyfiles/tests/combining_parsers_converters/test_data/b64pickle-float-1.0=True]
(P) /home/travis/build/smarie/python-parsyfiles/parsyfiles/tests/combining_parsers_converters/test_data/b64pickle-float-1.0=True.txt -&gt; bool ------- using $&lt;read_str_from_txt&gt; =&gt; &lt;base64_ascii_str_pickle_to_object&gt; -&gt; &lt;float_to_bool&gt;$
(P)                                                                                                  |--b64pickle-float-1.0=True.txt -&gt; bool SUCCESS !
Completed parsing successfully

**** Starting to parse single object of type &lt;bool&gt; at location /home/travis/build/smarie/python-parsyfiles/parsyfiles/tests/combining_parsers_converters/test_data/b64pickle-float-1.0=True ****
Checking all files under [/home/travis/build/smarie/python-parsyfiles/parsyfiles/tests/combining_parsers_converters/test_data/b64pickle-float-1.0=True]
(C) /home/travis/build/smarie/python-parsyfiles/parsyfiles/tests/combining_parsers_converters/test_data/b64pickle-float-1.0=True (singlefile, .txt)
File checks done

Building a parsing plan to parse [/home/travis/build/smarie/python-parsyfiles/parsyfiles/tests/combining_parsers_converters/test_data/b64pickle-float-1.0=True] into a bool
(B) /home/travis/build/smarie/python-parsyfiles/parsyfiles/tests/combining_parsers_converters/test_data/b64pickle-float-1.0=True.txt -&gt; bool ------- using [Try &apos;$&lt;read_str_from_txt&gt; =&gt; &lt;str_to_bool&gt;$&apos; then &apos;$&lt;read_str_from_txt&gt; =&gt; &lt;base64_ascii_str_pickle_to_object&gt; -&gt; &lt;float_to_bool&gt;$&apos; then &apos;$&lt;read_str_from_txt&gt; =&gt; &lt;base64_ascii_str_pickle_to_object&gt; -&gt; &lt;int_to_bool&gt;$&apos; then &apos;$&lt;read_str_from_txt&gt; =&gt; &lt;base64_ascii_str_pickle_to_object&gt; -&gt; &lt;str_to_bool&gt;$&apos; then &apos;$&lt;read_str_from_txt&gt; =&gt; &lt;base64_ascii_str_pickle_to_object&gt;$]&apos;]
(B)                                                                                                  |--b64pickle-float-1.0=True.txt -&gt; bool ------- using $&lt;read_str_from_txt&gt; =&gt; &lt;str_to_bool&gt;$
Parsing Plan created successfully

Executing Parsing Plan for [/home/travis/build/smarie/python-parsyfiles/parsyfiles/tests/combining_parsers_converters/test_data/b64pickle-float-1.0=True]
(P) /home/travis/build/smarie/python-parsyfiles/parsyfiles/tests/combining_parsers_converters/test_data/b64pickle-float-1.0=True.txt -&gt; bool ------- using $&lt;read_str_from_txt&gt; =&gt; &lt;str_to_bool&gt;$
  !! Caught error during execution !!
  File &quot;/home/travis/build/smarie/python-parsyfiles/parsyfiles/converting_core.py&quot;, line 524, in _convert
    return self.conversion_method(desired_type, source_obj, logger, **opts)
  File &quot;/home/travis/build/smarie/python-parsyfiles/parsyfiles/plugins_base/support_for_primitive_types.py&quot;, line 84, in primitive_to_bool
    return bool(strtobool(source))
  File &quot;/opt/python/3.5.5/lib/python3.5/distutils/util.py&quot;, line 317, in strtobool
    raise ValueError(&quot;invalid truth value %r&quot; % (val,))
  ParsingException : Error while parsing /home/travis/build/smarie/python-parsyfiles/parsyfiles/tests/combining_parsers_converters/test_data/b64pickle-float-1.0=True (singlefile, .txt) as a bool with parser &apos;$&lt;read_str_from_txt&gt; =&gt; &lt;str_to_bool&gt;$&apos; using options=({&apos;MultifileCollectionParser&apos;: {&apos;lazy_parsing&apos;: False}}) : caught 
  ValueError : invalid truth value &apos;ganhp/aaaaaaaaau&apos;
Rebuilding local parsing plan with next candidate parser: $&lt;read_str_from_txt&gt; =&gt; &lt;base64_ascii_str_pickle_to_object&gt; -&gt; &lt;float_to_bool&gt;$
(B)                                                                                                  |--b64pickle-float-1.0=True.txt -&gt; bool ------- using $&lt;read_str_from_txt&gt; =&gt; &lt;base64_ascii_str_pickle_to_object&gt; -&gt; &lt;float_to_bool&gt;$
DONE Rebuilding local parsing plan for [/home/travis/build/smarie/python-parsyfiles/parsyfiles/tests/combining_parsers_converters/test_data/b64pickle-float-1.0=True.txt]. Resuming parsing...
Executing Parsing Plan for [/home/travis/build/smarie/python-parsyfiles/parsyfiles/tests/combining_parsers_converters/test_data/b64pickle-float-1.0=True]
(P) /home/travis/build/smarie/python-parsyfiles/parsyfiles/tests/combining_parsers_converters/test_data/b64pickle-float-1.0=True.txt -&gt; bool ------- using $&lt;read_str_from_txt&gt; =&gt; &lt;base64_ascii_str_pickle_to_object&gt; -&gt; &lt;float_to_bool&gt;$
(P)                                                                                                  |--b64pickle-float-1.0=True.txt -&gt; bool SUCCESS !
Completed parsing successfully

**** Starting to parse single object of type &lt;bool&gt; at location /home/travis/build/smarie/python-parsyfiles/parsyfiles/tests/combining_parsers_converters/test_data/b64pickle-float-1.0=True ****
Checking all files under [/home/travis/build/smarie/python-parsyfiles/parsyfiles/tests/combining_parsers_converters/test_data/b64pickle-float-1.0=True]
(C) /home/travis/build/smarie/python-parsyfiles/parsyfiles/tests/combining_parsers_converters/test_data/b64pickle-float-1.0=True (singlefile, .txt)
File checks done

Building a parsing plan to parse [/home/travis/build/smarie/python-parsyfiles/parsyfiles/tests/combining_parsers_converters/test_data/b64pickle-float-1.0=True] into a bool
(B) /home/travis/build/smarie/python-parsyfiles/parsyfiles/tests/combining_parsers_converters/test_data/b64pickle-float-1.0=True.txt -&gt; bool ------- using [Try &apos;$&lt;read_str_from_txt&gt; =&gt; &lt;str_to_bool&gt;$&apos; then &apos;$&lt;read_str_from_txt&gt; =&gt; &lt;base64_ascii_str_pickle_to_object&gt; -&gt; &lt;float_to_bool&gt;$&apos; then &apos;$&lt;read_str_from_txt&gt; =&gt; &lt;base64_ascii_str_pickle_to_object&gt; -&gt; &lt;int_to_bool&gt;$&apos; then &apos;$&lt;read_str_from_txt&gt; =&gt; &lt;base64_ascii_str_pickle_to_object&gt; -&gt; &lt;str_to_bool&gt;$&apos; then &apos;$&lt;read_str_from_txt&gt; =&gt; &lt;base64_ascii_str_pickle_to_object&gt;$]&apos;]
(B)                                                                                                  |--b64pickle-float-1.0=True.txt -&gt; bool ------- using $&lt;read_str_from_txt&gt; =&gt; &lt;str_to_bool&gt;$
Parsing Plan created successfully

Executing Parsing Plan for [/home/travis/build/smarie/python-parsyfiles/parsyfiles/tests/combining_parsers_converters/test_data/b64pickle-float-1.0=True]
(P) /home/travis/build/smarie/python-parsyfiles/parsyfiles/tests/combining_parsers_converters/test_data/b64pickle-float-1.0=True.txt -&gt; bool ------- using $&lt;read_str_from_txt&gt; =&gt; &lt;str_to_bool&gt;$
  !! Caught error during execution !!
  File &quot;/home/travis/build/smarie/python-parsyfiles/parsyfiles/converting_core.py&quot;, line 524, in _convert
    return self.conversion_method(desired_type, source_obj, logger, **opts)
  File &quot;/home/travis/build/smarie/python-parsyfiles/parsyfiles/plugins_base/support_for_primitive_types.py&quot;, line 84, in primitive_to_bool
    return bool(strtobool(source))
  File &quot;/opt/python/3.5.5/lib/python3.5/distutils/util.py&quot;, line 317, in strtobool
    raise ValueError(&quot;invalid truth value %r&quot; % (val,))
  ParsingException : Error while parsing /home/travis/build/smarie/python-parsyfiles/parsyfiles/tests/combining_parsers_converters/test_data/b64pickle-float-1.0=True (singlefile, .txt) as a bool with parser &apos;$&lt;read_str_from_txt&gt; =&gt; &lt;str_to_bool&gt;$&apos; using options=({&apos;MultifileCollectionParser&apos;: {&apos;lazy_parsing&apos;: False}}) : caught 
  ValueError : invalid truth value &apos;ganhp/aaaaaaaaau&apos;
Rebuilding local parsing plan with next candidate parser: $&lt;read_str_from_txt&gt; =&gt; &lt;base64_ascii_str_pickle_to_object&gt; -&gt; &lt;float_to_bool&gt;$
(B)                                                                                                  |--b64pickle-float-1.0=True.txt -&gt; bool ------- using $&lt;read_str_from_txt&gt; =&gt; &lt;base64_ascii_str_pickle_to_object&gt; -&gt; &lt;float_to_bool&gt;$
DONE Rebuilding local parsing plan for [/home/travis/build/smarie/python-parsyfiles/parsyfiles/tests/combining_parsers_converters/test_data/b64pickle-float-1.0=True.txt]. Resuming parsing...
Executing Parsing Plan for [/home/travis/build/smarie/python-parsyfiles/parsyfiles/tests/combining_parsers_converters/test_data/b64pickle-float-1.0=True]
(P) /home/travis/build/smarie/python-parsyfiles/parsyfiles/tests/combining_parsers_converters/test_data/b64pickle-float-1.0=True.txt -&gt; bool ------- using $&lt;read_str_from_txt&gt; =&gt; &lt;base64_ascii_str_pickle_to_object&gt; -&gt; &lt;float_to_bool&gt;$
(P)                                                                                                  |--b64pickle-float-1.0=True.txt -&gt; bool SUCCESS !
Completed parsing successfully

**** Starting to parse single object of type &lt;bool&gt; at location /home/travis/build/smarie/python-parsyfiles/parsyfiles/tests/combining_parsers_converters/test_data/b64pickle-float-1.0=True ****
Checking all files under [/home/travis/build/smarie/python-parsyfiles/parsyfiles/tests/combining_parsers_converters/test_data/b64pickle-float-1.0=True]
(C) /home/travis/build/smarie/python-parsyfiles/parsyfiles/tests/combining_parsers_converters/test_data/b64pickle-float-1.0=True (singlefile, .txt)
File checks done

Building a parsing plan to parse [/home/travis/build/smarie/python-parsyfiles/parsyfiles/tests/combining_parsers_converters/test_data/b64pickle-float-1.0=True] into a bool
(B) /home/travis/build/smarie/python-parsyfiles/parsyfiles/tests/combining_parsers_converters/test_data/b64pickle-float-1.0=True.txt -&gt; bool ------- using [Try &apos;$&lt;read_str_from_txt&gt; =&gt; &lt;str_to_bool&gt;$&apos; then &apos;$&lt;read_str_from_txt&gt; =&gt; &lt;base64_ascii_str_pickle_to_object&gt; -&gt; &lt;float_to_bool&gt;$&apos; then &apos;$&lt;read_str_from_txt&gt; =&gt; &lt;base64_ascii_str_pickle_to_object&gt; -&gt; &lt;int_to_bool&gt;$&apos; then &apos;$&lt;read_str_from_txt&gt; =&gt; &lt;base64_ascii_str_pickle_to_object&gt; -&gt; &lt;str_to_bool&gt;$&apos; then &apos;$&lt;read_str_from_txt&gt; =&gt; &lt;base64_ascii_str_pickle_to_object&gt;$]&apos;]
(B)                                                                                                  |--b64pickle-float-1.0=True.txt -&gt; bool ------- using $&lt;read_str_from_txt&gt; =&gt; &lt;str_to_bool&gt;$
Parsing Plan created successfully

Executing Parsing Plan for [/home/travis/build/smarie/python-parsyfiles/parsyfiles/tests/combining_parsers_converters/test_data/b64pickle-float-1.0=True]
(P) /home/travis/build/smarie/python-parsyfiles/parsyfiles/tests/combining_parsers_converters/test_data/b64pickle-float-1.0=True.txt -&gt; bool ------- using $&lt;read_str_from_txt&gt; =&gt; &lt;str_to_bool&gt;$
  !! Caught error during execution !!
  File &quot;/home/travis/build/smarie/python-parsyfiles/parsyfiles/converting_core.py&quot;, line 524, in _convert
    return self.conversion_method(desired_type, source_obj, logger, **opts)
  File &quot;/home/travis/build/smarie/python-parsyfiles/parsyfiles/plugins_base/support_for_primitive_types.py&quot;, line 84, in primitive_to_bool
    return bool(strtobool(source))
  File &quot;/opt/python/3.5.5/lib/python3.5/distutils/util.py&quot;, line 317, in strtobool
    raise ValueError(&quot;invalid truth value %r&quot; % (val,))
  ParsingException : Error while parsing /home/travis/build/smarie/python-parsyfiles/parsyfiles/tests/combining_parsers_converters/test_data/b64pickle-float-1.0=True (singlefile, .txt) as a bool with parser &apos;$&lt;read_str_from_txt&gt; =&gt; &lt;str_to_bool&gt;$&apos; using options=({&apos;MultifileCollectionParser&apos;: {&apos;lazy_parsing&apos;: False}}) : caught 
  ValueError : invalid truth value &apos;ganhp/aaaaaaaaau&apos;
Rebuilding local parsing plan with next candidate parser: $&lt;read_str_from_txt&gt; =&gt; &lt;base64_ascii_str_pickle_to_object&gt; -&gt; &lt;float_to_bool&gt;$
(B)                                                                                                  |--b64pickle-float-1.0=True.txt -&gt; bool ------- using $&lt;read_str_from_txt&gt; =&gt; &lt;base64_ascii_str_pickle_to_object&gt; -&gt; &lt;float_to_bool&gt;$
DONE Rebuilding local parsing plan for [/home/travis/build/smarie/python-parsyfiles/parsyfiles/tests/combining_parsers_converters/test_data/b64pickle-float-1.0=True.txt]. Resuming parsing...
Executing Parsing Plan for [/home/travis/build/smarie/python-parsyfiles/parsyfiles/tests/combining_parsers_converters/test_data/b64pickle-float-1.0=True]
(P) /home/travis/build/smarie/python-parsyfiles/parsyfiles/tests/combining_parsers_converters/test_data/b64pickle-float-1.0=True.txt -&gt; bool ------- using $&lt;read_str_from_txt&gt; =&gt; &lt;base64_ascii_str_pickle_to_object&gt; -&gt; &lt;float_to_bool&gt;$
(P)                                                                                                  |--b64pickle-float-1.0=True.txt -&gt; bool SUCCESS !
Completed parsing successfully

**** Starting to parse single object of type &lt;bool&gt; at location /home/travis/build/smarie/python-parsyfiles/parsyfiles/tests/combining_parsers_converters/test_data/b64pickle-float-1.0=True ****
Checking all files under [/home/travis/build/smarie/python-parsyfiles/parsyfiles/tests/combining_parsers_converters/test_data/b64pickle-float-1.0=True]
(C) /home/travis/build/smarie/python-parsyfiles/parsyfiles/tests/combining_parsers_converters/test_data/b64pickle-float-1.0=True (singlefile, .txt)
File checks done

Building a parsing plan to parse [/home/travis/build/smarie/python-parsyfiles/parsyfiles/tests/combining_parsers_converters/test_data/b64pickle-float-1.0=True] into a bool
(B) /home/travis/build/smarie/python-parsyfiles/parsyfiles/tests/combining_parsers_converters/test_data/b64pickle-float-1.0=True.txt -&gt; bool ------- using [Try &apos;$&lt;read_str_from_txt&gt; =&gt; &lt;str_to_bool&gt;$&apos; then &apos;$&lt;read_str_from_txt&gt; =&gt; &lt;base64_ascii_str_pickle_to_object&gt; -&gt; &lt;float_to_bool&gt;$&apos; then &apos;$&lt;read_str_from_txt&gt; =&gt; &lt;base64_ascii_str_pickle_to_object&gt; -&gt; &lt;int_to_bool&gt;$&apos; then &apos;$&lt;read_str_from_txt&gt; =&gt; &lt;base64_ascii_str_pickle_to_object&gt; -&gt; &lt;str_to_bool&gt;$&apos; then &apos;$&lt;read_str_from_txt&gt; =&gt; &lt;base64_ascii_str_pickle_to_object&gt;$]&apos;]
(B)                                                                                                  |--b64pickle-float-1.0=True.txt -&gt; bool ------- using $&lt;read_str_from_txt&gt; =&gt; &lt;str_to_bool&gt;$
Parsing Plan created successfully

Executing Parsing Plan for [/home/travis/build/smarie/python-parsyfiles/parsyfiles/tests/combining_parsers_converters/test_data/b64pickle-float-1.0=True]
(P) /home/travis/build/smarie/python-parsyfiles/parsyfiles/tests/combining_parsers_converters/test_data/b64pickle-float-1.0=True.txt -&gt; bool ------- using $&lt;read_str_from_txt&gt; =&gt; &lt;str_to_bool&gt;$
  !! Caught error during execution !!
  File &quot;/home/travis/build/smarie/python-parsyfiles/parsyfiles/converting_core.py&quot;, line 524, in _convert
    return self.conversion_method(desired_type, source_obj, logger, **opts)
  File &quot;/home/travis/build/smarie/python-parsyfiles/parsyfiles/plugins_base/support_for_primitive_types.py&quot;, line 84, in primitive_to_bool
    return bool(strtobool(source))
  File &quot;/opt/python/3.5.5/lib/python3.5/distutils/util.py&quot;, line 317, in strtobool
    raise ValueError(&quot;invalid truth value %r&quot; % (val,))
  ParsingException : Error while parsing /home/travis/build/smarie/python-parsyfiles/parsyfiles/tests/combining_parsers_converters/test_data/b64pickle-float-1.0=True (singlefile, .txt) as a bool with parser &apos;$&lt;read_str_from_txt&gt; =&gt; &lt;str_to_bool&gt;$&apos; using options=({&apos;MultifileCollectionParser&apos;: {&apos;lazy_parsing&apos;: False}}) : caught 
  ValueError : invalid truth value &apos;ganhp/aaaaaaaaau&apos;
Rebuilding local parsing plan with next candidate parser: $&lt;read_str_from_txt&gt; =&gt; &lt;base64_ascii_str_pickle_to_object&gt; -&gt; &lt;float_to_bool&gt;$
(B)                                                                                                  |--b64pickle-float-1.0=True.txt -&gt; bool ------- using $&lt;read_str_from_txt&gt; =&gt; &lt;base64_ascii_str_pickle_to_object&gt; -&gt; &lt;float_to_bool&gt;$
DONE Rebuilding local parsing plan for [/home/travis/build/smarie/python-parsyfiles/parsyfiles/tests/combining_parsers_converters/test_data/b64pickle-float-1.0=True.txt]. Resuming parsing...
Executing Parsing Plan for [/home/travis/build/smarie/python-parsyfiles/parsyfiles/tests/combining_parsers_converters/test_data/b64pickle-float-1.0=True]
(P) /home/travis/build/smarie/python-parsyfiles/parsyfiles/tests/combining_parsers_converters/test_data/b64pickle-float-1.0=True.txt -&gt; bool ------- using $&lt;read_str_from_txt&gt; =&gt; &lt;base64_ascii_str_pickle_to_object&gt; -&gt; &lt;float_to_bool&gt;$
(P)                                                                                                  |--b64pickle-float-1.0=True.txt -&gt; bool SUCCESS !
Completed parsing successfully

**** Starting to parse single object of type &lt;bool&gt; at location /home/travis/build/smarie/python-parsyfiles/parsyfiles/tests/combining_parsers_converters/test_data/b64pickle-float-1.0=True ****
Checking all files under [/home/travis/build/smarie/python-parsyfiles/parsyfiles/tests/combining_parsers_converters/test_data/b64pickle-float-1.0=True]
(C) /home/travis/build/smarie/python-parsyfiles/parsyfiles/tests/combining_parsers_converters/test_data/b64pickle-float-1.0=True (singlefile, .txt)
File checks done

Building a parsing plan to parse [/home/travis/build/smarie/python-parsyfiles/parsyfiles/tests/combining_parsers_converters/test_data/b64pickle-float-1.0=True] into a bool
(B) /home/travis/build/smarie/python-parsyfiles/parsyfiles/tests/combining_parsers_converters/test_data/b64pickle-float-1.0=True.txt -&gt; bool ------- using [Try &apos;$&lt;read_str_from_txt&gt; =&gt; &lt;str_to_bool&gt;$&apos; then &apos;$&lt;read_str_from_txt&gt; =&gt; &lt;base64_ascii_str_pickle_to_object&gt; -&gt; &lt;float_to_bool&gt;$&apos; then &apos;$&lt;read_str_from_txt&gt; =&gt; &lt;base64_ascii_str_pickle_to_object&gt; -&gt; &lt;int_to_bool&gt;$&apos; then &apos;$&lt;read_str_from_txt&gt; =&gt; &lt;base64_ascii_str_pickle_to_object&gt; -&gt; &lt;str_to_bool&gt;$&apos; then &apos;$&lt;read_str_from_txt&gt; =&gt; &lt;base64_ascii_str_pickle_to_object&gt;$]&apos;]
(B)                                                                                                  |--b64pickle-float-1.0=True.txt -&gt; bool ------- using $&lt;read_str_from_txt&gt; =&gt; &lt;str_to_bool&gt;$
Parsing Plan created successfully

Executing Parsing Plan for [/home/travis/build/smarie/python-parsyfiles/parsyfiles/tests/combining_parsers_converters/test_data/b64pickle-float-1.0=True]
(P) /home/travis/build/smarie/python-parsyfiles/parsyfiles/tests/combining_parsers_converters/test_data/b64pickle-float-1.0=True.txt -&gt; bool ------- using $&lt;read_str_from_txt&gt; =&gt; &lt;str_to_bool&gt;$
  !! Caught error during execution !!
  File &quot;/home/travis/build/smarie/python-parsyfiles/parsyfiles/converting_core.py&quot;, line 524, in _convert
    return self.conversion_method(desired_type, source_obj, logger, **opts)
  File &quot;/home/travis/build/smarie/python-parsyfiles/parsyfiles/plugins_base/support_for_primitive_types.py&quot;, line 84, in primitive_to_bool
    return bool(strtobool(source))
  File &quot;/opt/python/3.5.5/lib/python3.5/distutils/util.py&quot;, line 317, in strtobool
    raise ValueError(&quot;invalid truth value %r&quot; % (val,))
  ParsingException : Error while parsing /home/travis/build/smarie/python-parsyfiles/parsyfiles/tests/combining_parsers_converters/test_data/b64pickle-float-1.0=True (singlefile, .txt) as a bool with parser &apos;$&lt;read_str_from_txt&gt; =&gt; &lt;str_to_bool&gt;$&apos; using options=({&apos;MultifileCollectionParser&apos;: {&apos;lazy_parsing&apos;: False}}) : caught 
  ValueError : invalid truth value &apos;ganhp/aaaaaaaaau&apos;
Rebuilding local parsing plan with next candidate parser: $&lt;read_str_from_txt&gt; =&gt; &lt;base64_ascii_str_pickle_to_object&gt; -&gt; &lt;float_to_bool&gt;$
(B)                                                                                                  |--b64pickle-float-1.0=True.txt -&gt; bool ------- using $&lt;read_str_from_txt&gt; =&gt; &lt;base64_ascii_str_pickle_to_object&gt; -&gt; &lt;float_to_bool&gt;$
DONE Rebuilding local parsing plan for [/home/travis/build/smarie/python-parsyfiles/parsyfiles/tests/combining_parsers_converters/test_data/b64pickle-float-1.0=True.txt]. Resuming parsing...
Executing Parsing Plan for [/home/travis/build/smarie/python-parsyfiles/parsyfiles/tests/combining_parsers_converters/test_data/b64pickle-float-1.0=True]
(P) /home/travis/build/smarie/python-parsyfiles/parsyfiles/tests/combining_parsers_converters/test_data/b64pickle-float-1.0=True.txt -&gt; bool ------- using $&lt;read_str_from_txt&gt; =&gt; &lt;base64_ascii_str_pickle_to_object&gt; -&gt; &lt;float_to_bool&gt;$
(P)                                                                                                  |--b64pickle-float-1.0=True.txt -&gt; bool SUCCESS !
Completed parsing successfully

**** Starting to parse single object of type &lt;bool&gt; at location /home/travis/build/smarie/python-parsyfiles/parsyfiles/tests/combining_parsers_converters/test_data/b64pickle-float-1.0=True ****
Checking all files under [/home/travis/build/smarie/python-parsyfiles/parsyfiles/tests/combining_parsers_converters/test_data/b64pickle-float-1.0=True]
(C) /home/travis/build/smarie/python-parsyfiles/parsyfiles/tests/combining_parsers_converters/test_data/b64pickle-float-1.0=True (singlefile, .txt)
File checks done

Building a parsing plan to parse [/home/travis/build/smarie/python-parsyfiles/parsyfiles/tests/combining_parsers_converters/test_data/b64pickle-float-1.0=True] into a bool
(B) /home/travis/build/smarie/python-parsyfiles/parsyfiles/tests/combining_parsers_converters/test_data/b64pickle-float-1.0=True.txt -&gt; bool ------- using [Try &apos;$&lt;read_str_from_txt&gt; =&gt; &lt;str_to_bool&gt;$&apos; then &apos;$&lt;read_str_from_txt&gt; =&gt; &lt;base64_ascii_str_pickle_to_object&gt; -&gt; &lt;float_to_bool&gt;$&apos; then &apos;$&lt;read_str_from_txt&gt; =&gt; &lt;base64_ascii_str_pickle_to_object&gt; -&gt; &lt;int_to_bool&gt;$&apos; then &apos;$&lt;read_str_from_txt&gt; =&gt; &lt;base64_ascii_str_pickle_to_object&gt; -&gt; &lt;str_to_bool&gt;$&apos; then &apos;$&lt;read_str_from_txt&gt; =&gt; &lt;base64_ascii_str_pickle_to_object&gt;$]&apos;]
(B)                                                                                                  |--b64pickle-float-1.0=True.txt -&gt; bool ------- using $&lt;read_str_from_txt&gt; =&gt; &lt;str_to_bool&gt;$
Parsing Plan created successfully

Executing Parsing Plan for [/home/travis/build/smarie/python-parsyfiles/parsyfiles/tests/combining_parsers_converters/test_data/b64pickle-float-1.0=True]
(P) /home/travis/build/smarie/python-parsyfiles/parsyfiles/tests/combining_parsers_converters/test_data/b64pickle-float-1.0=True.txt -&gt; bool ------- using $&lt;read_str_from_txt&gt; =&gt; &lt;str_to_bool&gt;$
  !! Caught error during execution !!
  File &quot;/home/travis/build/smarie/python-parsyfiles/parsyfiles/converting_core.py&quot;, line 524, in _convert
    return self.conversion_method(desired_type, source_obj, logger, **opts)
  File &quot;/home/travis/build/smarie/python-parsyfiles/parsyfiles/plugins_base/support_for_primitive_types.py&quot;, line 84, in primitive_to_bool
    return bool(strtobool(source))
  File &quot;/opt/python/3.5.5/lib/python3.5/distutils/util.py&quot;, line 317, in strtobool
    raise ValueError(&quot;invalid truth value %r&quot; % (val,))
  ParsingException : Error while parsing /home/travis/build/smarie/python-parsyfiles/parsyfiles/tests/combining_parsers_converters/test_data/b64pickle-float-1.0=True (singlefile, .txt) as a bool with parser &apos;$&lt;read_str_from_txt&gt; =&gt; &lt;str_to_bool&gt;$&apos; using options=({&apos;MultifileCollectionParser&apos;: {&apos;lazy_parsing&apos;: False}}) : caught 
  ValueError : invalid truth value &apos;ganhp/aaaaaaaaau&apos;
Rebuilding local parsing plan with next candidate parser: $&lt;read_str_from_txt&gt; =&gt; &lt;base64_ascii_str_pickle_to_object&gt; -&gt; &lt;float_to_bool&gt;$
(B)                                                                                                  |--b64pickle-float-1.0=True.txt -&gt; bool ------- using $&lt;read_str_from_txt&gt; =&gt; &lt;base64_ascii_str_pickle_to_object&gt; -&gt; &lt;float_to_bool&gt;$
DONE Rebuilding local parsing plan for [/home/travis/build/smarie/python-parsyfiles/parsyfiles/tests/combining_parsers_converters/test_data/b64pickle-float-1.0=True.txt]. Resuming parsing...
Executing Parsing Plan for [/home/travis/build/smarie/python-parsyfiles/parsyfiles/tests/combining_parsers_converters/test_data/b64pickle-float-1.0=True]
(P) /home/travis/build/smarie/python-parsyfiles/parsyfiles/tests/combining_parsers_converters/test_data/b64pickle-float-1.0=True.txt -&gt; bool ------- using $&lt;read_str_from_txt&gt; =&gt; &lt;base64_ascii_str_pickle_to_object&gt; -&gt; &lt;float_to_bool&gt;$
(P)                                                                                                  |--b64pickle-float-1.0=True.txt -&gt; bool SUCCESS !
Completed parsing successfully

**** Starting to parse single object of type &lt;bool&gt; at location /home/travis/build/smarie/python-parsyfiles/parsyfiles/tests/combining_parsers_converters/test_data/b64pickle-float-1.0=True ****
Checking all files under [/home/travis/build/smarie/python-parsyfiles/parsyfiles/tests/combining_parsers_converters/test_data/b64pickle-float-1.0=True]
(C) /home/travis/build/smarie/python-parsyfiles/parsyfiles/tests/combining_parsers_converters/test_data/b64pickle-float-1.0=True (singlefile, .txt)
File checks done

Building a parsing plan to parse [/home/travis/build/smarie/python-parsyfiles/parsyfiles/tests/combining_parsers_converters/test_data/b64pickle-float-1.0=True] into a bool
(B) /home/travis/build/smarie/python-parsyfiles/parsyfiles/tests/combining_parsers_converters/test_data/b64pickle-float-1.0=True.txt -&gt; bool ------- using [Try &apos;$&lt;read_str_from_txt&gt; =&gt; &lt;str_to_bool&gt;$&apos; then &apos;$&lt;read_str_from_txt&gt; =&gt; &lt;base64_ascii_str_pickle_to_object&gt; -&gt; &lt;float_to_bool&gt;$&apos; then &apos;$&lt;read_str_from_txt&gt; =&gt; &lt;base64_ascii_str_pickle_to_object&gt; -&gt; &lt;int_to_bool&gt;$&apos; then &apos;$&lt;read_str_from_txt&gt; =&gt; &lt;base64_ascii_str_pickle_to_object&gt; -&gt; &lt;str_to_bool&gt;$&apos; then &apos;$&lt;read_str_from_txt&gt; =&gt; &lt;base64_ascii_str_pickle_to_object&gt;$]&apos;]
(B)                                                                                                  |--b64pickle-float-1.0=True.txt -&gt; bool ------- using $&lt;read_str_from_txt&gt; =&gt; &lt;str_to_bool&gt;$
Parsing Plan created successfully

Executing Parsing Plan for [/home/travis/build/smarie/python-parsyfiles/parsyfiles/tests/combining_parsers_converters/test_data/b64pickle-float-1.0=True]
(P) /home/travis/build/smarie/python-parsyfiles/parsyfiles/tests/combining_parsers_converters/test_data/b64pickle-float-1.0=True.txt -&gt; bool ------- using $&lt;read_str_from_txt&gt; =&gt; &lt;str_to_bool&gt;$
  !! Caught error during execution !!
  File &quot;/home/travis/build/smarie/python-parsyfiles/parsyfiles/converting_core.py&quot;, line 524, in _convert
    return self.conversion_method(desired_type, source_obj, logger, **opts)
  File &quot;/home/travis/build/smarie/python-parsyfiles/parsyfiles/plugins_base/support_for_primitive_types.py&quot;, line 84, in primitive_to_bool
    return bool(strtobool(source))
  File &quot;/opt/python/3.5.5/lib/python3.5/distutils/util.py&quot;, line 317, in strtobool
    raise ValueError(&quot;invalid truth value %r&quot; % (val,))
  ParsingException : Error while parsing /home/travis/build/smarie/python-parsyfiles/parsyfiles/tests/combining_parsers_converters/test_data/b64pickle-float-1.0=True (singlefile, .txt) as a bool with parser &apos;$&lt;read_str_from_txt&gt; =&gt; &lt;str_to_bool&gt;$&apos; using options=({&apos;MultifileCollectionParser&apos;: {&apos;lazy_parsing&apos;: False}}) : caught 
  ValueError : invalid truth value &apos;ganhp/aaaaaaaaau&apos;
Rebuilding local parsing plan with next candidate parser: $&lt;read_str_from_txt&gt; =&gt; &lt;base64_ascii_str_pickle_to_object&gt; -&gt; &lt;float_to_bool&gt;$
(B)                                                                                                  |--b64pickle-float-1.0=True.txt -&gt; bool ------- using $&lt;read_str_from_txt&gt; =&gt; &lt;base64_ascii_str_pickle_to_object&gt; -&gt; &lt;float_to_bool&gt;$
DONE Rebuilding local parsing plan for [/home/travis/build/smarie/python-parsyfiles/parsyfiles/tests/combining_parsers_converters/test_data/b64pickle-float-1.0=True.txt]. Resuming parsing...
Executing Parsing Plan for [/home/travis/build/smarie/python-parsyfiles/parsyfiles/tests/combining_parsers_converters/test_data/b64pickle-float-1.0=True]
(P) /home/travis/build/smarie/python-parsyfiles/parsyfiles/tests/combining_parsers_converters/test_data/b64pickle-float-1.0=True.txt -&gt; bool ------- using $&lt;read_str_from_txt&gt; =&gt; &lt;base64_ascii_str_pickle_to_object&gt; -&gt; &lt;float_to_bool&gt;$
(P)                                                                                                  |--b64pickle-float-1.0=True.txt -&gt; bool SUCCESS !
Completed parsing successfully

**** Starting to parse single object of type &lt;bool&gt; at location /home/travis/build/smarie/python-parsyfiles/parsyfiles/tests/combining_parsers_converters/test_data/b64pickle-float-1.0=True ****
Checking all files under [/home/travis/build/smarie/python-parsyfiles/parsyfiles/tests/combining_parsers_converters/test_data/b64pickle-float-1.0=True]
(C) /home/travis/build/smarie/python-parsyfiles/parsyfiles/tests/combining_parsers_converters/test_data/b64pickle-float-1.0=True (singlefile, .txt)
File checks done

Building a parsing plan to parse [/home/travis/build/smarie/python-parsyfiles/parsyfiles/tests/combining_parsers_converters/test_data/b64pickle-float-1.0=True] into a bool
(B) /home/travis/build/smarie/python-parsyfiles/parsyfiles/tests/combining_parsers_converters/test_data/b64pickle-float-1.0=True.txt -&gt; bool ------- using [Try &apos;$&lt;read_str_from_txt&gt; =&gt; &lt;str_to_bool&gt;$&apos; then &apos;$&lt;read_str_from_txt&gt; =&gt; &lt;base64_ascii_str_pickle_to_object&gt; -&gt; &lt;float_to_bool&gt;$&apos; then &apos;$&lt;read_str_from_txt&gt; =&gt; &lt;base64_ascii_str_pickle_to_object&gt; -&gt; &lt;int_to_bool&gt;$&apos; then &apos;$&lt;read_str_from_txt&gt; =&gt; &lt;base64_ascii_str_pickle_to_object&gt; -&gt; &lt;str_to_bool&gt;$&apos; then &apos;$&lt;read_str_from_txt&gt; =&gt; &lt;base64_ascii_str_pickle_to_object&gt;$]&apos;]
(B)                                                                                                  |--b64pickle-float-1.0=True.txt -&gt; bool ------- using $&lt;read_str_from_txt&gt; =&gt; &lt;str_to_bool&gt;$
Parsing Plan created successfully

Executing Parsing Plan for [/home/travis/build/smarie/python-parsyfiles/parsyfiles/tests/combining_parsers_converters/test_data/b64pickle-float-1.0=True]
(P) /home/travis/build/smarie/python-parsyfiles/parsyfiles/tests/combining_parsers_converters/test_data/b64pickle-float-1.0=True.txt -&gt; bool ------- using $&lt;read_str_from_txt&gt; =&gt; &lt;str_to_bool&gt;$
  !! Caught error during execution !!
  File &quot;/home/travis/build/smarie/python-parsyfiles/parsyfiles/converting_core.py&quot;, line 524, in _convert
    return self.conversion_method(desired_type, source_obj, logger, **opts)
  File &quot;/home/travis/build/smarie/python-parsyfiles/parsyfiles/plugins_base/support_for_primitive_types.py&quot;, line 84, in primitive_to_bool
    return bool(strtobool(source))
  File &quot;/opt/python/3.5.5/lib/python3.5/distutils/util.py&quot;, line 317, in strtobool
    raise ValueError(&quot;invalid truth value %r&quot; % (val,))
  ParsingException : Error while parsing /home/travis/build/smarie/python-parsyfiles/parsyfiles/tests/combining_parsers_converters/test_data/b64pickle-float-1.0=True (singlefile, .txt) as a bool with parser &apos;$&lt;read_str_from_txt&gt; =&gt; &lt;str_to_bool&gt;$&apos; using options=({&apos;MultifileCollectionParser&apos;: {&apos;lazy_parsing&apos;: False}}) : caught 
  ValueError : invalid truth value &apos;ganhp/aaaaaaaaau&apos;
Rebuilding local parsing plan with next candidate parser: $&lt;read_str_from_txt&gt; =&gt; &lt;base64_ascii_str_pickle_to_object&gt; -&gt; &lt;float_to_bool&gt;$
(B)                                                                                                  |--b64pickle-float-1.0=True.txt -&gt; bool ------- using $&lt;read_str_from_txt&gt; =&gt; &lt;base64_ascii_str_pickle_to_object&gt; -&gt; &lt;float_to_bool&gt;$
DONE Rebuilding local parsing plan for [/home/travis/build/smarie/python-parsyfiles/parsyfiles/tests/combining_parsers_converters/test_data/b64pickle-float-1.0=True.txt]. Resuming parsing...
Executing Parsing Plan for [/home/travis/build/smarie/python-parsyfiles/parsyfiles/tests/combining_parsers_converters/test_data/b64pickle-float-1.0=True]
(P) /home/travis/build/smarie/python-parsyfiles/parsyfiles/tests/combining_parsers_converters/test_data/b64pickle-float-1.0=True.txt -&gt; bool ------- using $&lt;read_str_from_txt&gt; =&gt; &lt;base64_ascii_str_pickle_to_object&gt; -&gt; &lt;float_to_bool&gt;$
(P)                                                                                                  |--b64pickle-float-1.0=True.txt -&gt; bool SUCCESS !
Completed parsing successfully

**** Starting to parse single object of type &lt;bool&gt; at location /home/travis/build/smarie/python-parsyfiles/parsyfiles/tests/combining_parsers_converters/test_data/b64pickle-float-1.0=True ****
Checking all files under [/home/travis/build/smarie/python-parsyfiles/parsyfiles/tests/combining_parsers_converters/test_data/b64pickle-float-1.0=True]
(C) /home/travis/build/smarie/python-parsyfiles/parsyfiles/tests/combining_parsers_converters/test_data/b64pickle-float-1.0=True (singlefile, .txt)
File checks done

Building a parsing plan to parse [/home/travis/build/smarie/python-parsyfiles/parsyfiles/tests/combining_parsers_converters/test_data/b64pickle-float-1.0=True] into a bool
(B) /home/travis/build/smarie/python-parsyfiles/parsyfiles/tests/combining_parsers_converters/test_data/b64pickle-float-1.0=True.txt -&gt; bool ------- using [Try &apos;$&lt;read_str_from_txt&gt; =&gt; &lt;str_to_bool&gt;$&apos; then &apos;$&lt;read_str_from_txt&gt; =&gt; &lt;base64_ascii_str_pickle_to_object&gt; -&gt; &lt;float_to_bool&gt;$&apos; then &apos;$&lt;read_str_from_txt&gt; =&gt; &lt;base64_ascii_str_pickle_to_object&gt; -&gt; &lt;int_to_bool&gt;$&apos; then &apos;$&lt;read_str_from_txt&gt; =&gt; &lt;base64_ascii_str_pickle_to_object&gt; -&gt; &lt;str_to_bool&gt;$&apos; then &apos;$&lt;read_str_from_txt&gt; =&gt; &lt;base64_ascii_str_pickle_to_object&gt;$]&apos;]
(B)                                                                                                  |--b64pickle-float-1.0=True.txt -&gt; bool ------- using $&lt;read_str_from_txt&gt; =&gt; &lt;str_to_bool&gt;$
Parsing Plan created successfully

Executing Parsing Plan for [/home/travis/build/smarie/python-parsyfiles/parsyfiles/tests/combining_parsers_converters/test_data/b64pickle-float-1.0=True]
(P) /home/travis/build/smarie/python-parsyfiles/parsyfiles/tests/combining_parsers_converters/test_data/b64pickle-float-1.0=True.txt -&gt; bool ------- using $&lt;read_str_from_txt&gt; =&gt; &lt;str_to_bool&gt;$
  !! Caught error during execution !!
  File &quot;/home/travis/build/smarie/python-parsyfiles/parsyfiles/converting_core.py&quot;, line 524, in _convert
    return self.conversion_method(desired_type, source_obj, logger, **opts)
  File &quot;/home/travis/build/smarie/python-parsyfiles/parsyfiles/plugins_base/support_for_primitive_types.py&quot;, line 84, in primitive_to_bool
    return bool(strtobool(source))
  File &quot;/opt/python/3.5.5/lib/python3.5/distutils/util.py&quot;, line 317, in strtobool
    raise ValueError(&quot;invalid truth value %r&quot; % (val,))
  ParsingException : Error while parsing /home/travis/build/smarie/python-parsyfiles/parsyfiles/tests/combining_parsers_converters/test_data/b64pickle-float-1.0=True (singlefile, .txt) as a bool with parser &apos;$&lt;read_str_from_txt&gt; =&gt; &lt;str_to_bool&gt;$&apos; using options=({&apos;MultifileCollectionParser&apos;: {&apos;lazy_parsing&apos;: False}}) : caught 
  ValueError : invalid truth value &apos;ganhp/aaaaaaaaau&apos;
Rebuilding local parsing plan with next candidate parser: $&lt;read_str_from_txt&gt; =&gt; &lt;base64_ascii_str_pickle_to_object&gt; -&gt; &lt;float_to_bool&gt;$
(B)                                                                                                  |--b64pickle-float-1.0=True.txt -&gt; bool ------- using $&lt;read_str_from_txt&gt; =&gt; &lt;base64_ascii_str_pickle_to_object&gt; -&gt; &lt;float_to_bool&gt;$
DONE Rebuilding local parsing plan for [/home/travis/build/smarie/python-parsyfiles/parsyfiles/tests/combining_parsers_converters/test_data/b64pickle-float-1.0=True.txt]. Resuming parsing...
Executing Parsing Plan for [/home/travis/build/smarie/python-parsyfiles/parsyfiles/tests/combining_parsers_converters/test_data/b64pickle-float-1.0=True]
(P) /home/travis/build/smarie/python-parsyfiles/parsyfiles/tests/combining_parsers_converters/test_data/b64pickle-float-1.0=True.txt -&gt; bool ------- using $&lt;read_str_from_txt&gt; =&gt; &lt;base64_ascii_str_pickle_to_object&gt; -&gt; &lt;float_to_bool&gt;$
(P)                                                                                                  |--b64pickle-float-1.0=True.txt -&gt; bool SUCCESS !
Completed parsing successfully

**** Starting to parse single object of type &lt;bool&gt; at location /home/travis/build/smarie/python-parsyfiles/parsyfiles/tests/combining_parsers_converters/test_data/b64pickle-float-1.0=True ****
Checking all files under [/home/travis/build/smarie/python-parsyfiles/parsyfiles/tests/combining_parsers_converters/test_data/b64pickle-float-1.0=True]
(C) /home/travis/build/smarie/python-parsyfiles/parsyfiles/tests/combining_parsers_converters/test_data/b64pickle-float-1.0=True (singlefile, .txt)
File checks done

Building a parsing plan to parse [/home/travis/build/smarie/python-parsyfiles/parsyfiles/tests/combining_parsers_converters/test_data/b64pickle-float-1.0=True] into a bool
(B) /home/travis/build/smarie/python-parsyfiles/parsyfiles/tests/combining_parsers_converters/test_data/b64pickle-float-1.0=True.txt -&gt; bool ------- using [Try &apos;$&lt;read_str_from_txt&gt; =&gt; &lt;str_to_bool&gt;$&apos; then &apos;$&lt;read_str_from_txt&gt; =&gt; &lt;base64_ascii_str_pickle_to_object&gt; -&gt; &lt;float_to_bool&gt;$&apos; then &apos;$&lt;read_str_from_txt&gt; =&gt; &lt;base64_ascii_str_pickle_to_object&gt; -&gt; &lt;int_to_bool&gt;$&apos; then &apos;$&lt;read_str_from_txt&gt; =&gt; &lt;base64_ascii_str_pickle_to_object&gt; -&gt; &lt;str_to_bool&gt;$&apos; then &apos;$&lt;read_str_from_txt&gt; =&gt; &lt;base64_ascii_str_pickle_to_object&gt;$]&apos;]
(B)                                                                                                  |--b64pickle-float-1.0=True.txt -&gt; bool ------- using $&lt;read_str_from_txt&gt; =&gt; &lt;str_to_bool&gt;$
Parsing Plan created successfully

Executing Parsing Plan for [/home/travis/build/smarie/python-parsyfiles/parsyfiles/tests/combining_parsers_converters/test_data/b64pickle-float-1.0=True]
(P) /home/travis/build/smarie/python-parsyfiles/parsyfiles/tests/combining_parsers_converters/test_data/b64pickle-float-1.0=True.txt -&gt; bool ------- using $&lt;read_str_from_txt&gt; =&gt; &lt;str_to_bool&gt;$
  !! Caught error during execution !!
  File &quot;/home/travis/build/smarie/python-parsyfiles/parsyfiles/converting_core.py&quot;, line 524, in _convert
    return self.conversion_method(desired_type, source_obj, logger, **opts)
  File &quot;/home/travis/build/smarie/python-parsyfiles/parsyfiles/plugins_base/support_for_primitive_types.py&quot;, line 84, in primitive_to_bool
    return bool(strtobool(source))
  File &quot;/opt/python/3.5.5/lib/python3.5/distutils/util.py&quot;, line 317, in strtobool
    raise ValueError(&quot;invalid truth value %r&quot; % (val,))
  ParsingException : Error while parsing /home/travis/build/smarie/python-parsyfiles/parsyfiles/tests/combining_parsers_converters/test_data/b64pickle-float-1.0=True (singlefile, .txt) as a bool with parser &apos;$&lt;read_str_from_txt&gt; =&gt; &lt;str_to_bool&gt;$&apos; using options=({&apos;MultifileCollectionParser&apos;: {&apos;lazy_parsing&apos;: False}}) : caught 
  ValueError : invalid truth value &apos;ganhp/aaaaaaaaau&apos;
Rebuilding local parsing plan with next candidate parser: $&lt;read_str_from_txt&gt; =&gt; &lt;base64_ascii_str_pickle_to_object&gt; -&gt; &lt;float_to_bool&gt;$
(B)                                                                                                  |--b64pickle-float-1.0=True.txt -&gt; bool ------- using $&lt;read_str_from_txt&gt; =&gt; &lt;base64_ascii_str_pickle_to_object&gt; -&gt; &lt;float_to_bool&gt;$
DONE Rebuilding local parsing plan for [/home/travis/build/smarie/python-parsyfiles/parsyfiles/tests/combining_parsers_converters/test_data/b64pickle-float-1.0=True.txt]. Resuming parsing...
Executing Parsing Plan for [/home/travis/build/smarie/python-parsyfiles/parsyfiles/tests/combining_parsers_converters/test_data/b64pickle-float-1.0=True]
(P) /home/travis/build/smarie/python-parsyfiles/parsyfiles/tests/combining_parsers_converters/test_data/b64pickle-float-1.0=True.txt -&gt; bool ------- using $&lt;read_str_from_txt&gt; =&gt; &lt;base64_ascii_str_pickle_to_object&gt; -&gt; &lt;float_to_bool&gt;$
(P)                                                                                                  |--b64pickle-float-1.0=True.txt -&gt; bool SUCCESS !
Completed parsing successfully

**** Starting to parse single object of type &lt;bool&gt; at location /home/travis/build/smarie/python-parsyfiles/parsyfiles/tests/combining_parsers_converters/test_data/b64pickle-float-1.0=True ****
Checking all files under [/home/travis/build/smarie/python-parsyfiles/parsyfiles/tests/combining_parsers_converters/test_data/b64pickle-float-1.0=True]
(C) /home/travis/build/smarie/python-parsyfiles/parsyfiles/tests/combining_parsers_converters/test_data/b64pickle-float-1.0=True (singlefile, .txt)
File checks done

Building a parsing plan to parse [/home/travis/build/smarie/python-parsyfiles/parsyfiles/tests/combining_parsers_converters/test_data/b64pickle-float-1.0=True] into a bool
(B) /home/travis/build/smarie/python-parsyfiles/parsyfiles/tests/combining_parsers_converters/test_data/b64pickle-float-1.0=True.txt -&gt; bool ------- using [Try &apos;$&lt;read_str_from_txt&gt; =&gt; &lt;str_to_bool&gt;$&apos; then &apos;$&lt;read_str_from_txt&gt; =&gt; &lt;base64_ascii_str_pickle_to_object&gt; -&gt; &lt;float_to_bool&gt;$&apos; then &apos;$&lt;read_str_from_txt&gt; =&gt; &lt;base64_ascii_str_pickle_to_object&gt; -&gt; &lt;int_to_bool&gt;$&apos; then &apos;$&lt;read_str_from_txt&gt; =&gt; &lt;base64_ascii_str_pickle_to_object&gt; -&gt; &lt;str_to_bool&gt;$&apos; then &apos;$&lt;read_str_from_txt&gt; =&gt; &lt;base64_ascii_str_pickle_to_object&gt;$]&apos;]
(B)                                                                                                  |--b64pickle-float-1.0=True.txt -&gt; bool ------- using $&lt;read_str_from_txt&gt; =&gt; &lt;str_to_bool&gt;$
Parsing Plan created successfully

Executing Parsing Plan for [/home/travis/build/smarie/python-parsyfiles/parsyfiles/tests/combining_parsers_converters/test_data/b64pickle-float-1.0=True]
(P) /home/travis/build/smarie/python-parsyfiles/parsyfiles/tests/combining_parsers_converters/test_data/b64pickle-float-1.0=True.txt -&gt; bool ------- using $&lt;read_str_from_txt&gt; =&gt; &lt;str_to_bool&gt;$
  !! Caught error during execution !!
  File &quot;/home/travis/build/smarie/python-parsyfiles/parsyfiles/converting_core.py&quot;, line 524, in _convert
    return self.conversion_method(desired_type, source_obj, logger, **opts)
  File &quot;/home/travis/build/smarie/python-parsyfiles/parsyfiles/plugins_base/support_for_primitive_types.py&quot;, line 84, in primitive_to_bool
    return bool(strtobool(source))
  File &quot;/opt/python/3.5.5/lib/python3.5/distutils/util.py&quot;, line 317, in strtobool
    raise ValueError(&quot;invalid truth value %r&quot; % (val,))
  ParsingException : Error while parsing /home/travis/build/smarie/python-parsyfiles/parsyfiles/tests/combining_parsers_converters/test_data/b64pickle-float-1.0=True (singlefile, .txt) as a bool with parser &apos;$&lt;read_str_from_txt&gt; =&gt; &lt;str_to_bool&gt;$&apos; using options=({&apos;MultifileCollectionParser&apos;: {&apos;lazy_parsing&apos;: False}}) : caught 
  ValueError : invalid truth value &apos;ganhp/aaaaaaaaau&apos;
Rebuilding local parsing plan with next candidate parser: $&lt;read_str_from_txt&gt; =&gt; &lt;base64_ascii_str_pickle_to_object&gt; -&gt; &lt;float_to_bool&gt;$
(B)                                                                                                  |--b64pickle-float-1.0=True.txt -&gt; bool ------- using $&lt;read_str_from_txt&gt; =&gt; &lt;base64_ascii_str_pickle_to_object&gt; -&gt; &lt;float_to_bool&gt;$
DONE Rebuilding local parsing plan for [/home/travis/build/smarie/python-parsyfiles/parsyfiles/tests/combining_parsers_converters/test_data/b64pickle-float-1.0=True.txt]. Resuming parsing...
Executing Parsing Plan for [/home/travis/build/smarie/python-parsyfiles/parsyfiles/tests/combining_parsers_converters/test_data/b64pickle-float-1.0=True]
(P) /home/travis/build/smarie/python-parsyfiles/parsyfiles/tests/combining_parsers_converters/test_data/b64pickle-float-1.0=True.txt -&gt; bool ------- using $&lt;read_str_from_txt&gt; =&gt; &lt;base64_ascii_str_pickle_to_object&gt; -&gt; &lt;float_to_bool&gt;$
(P)                                                                                                  |--b64pickle-float-1.0=True.txt -&gt; bool SUCCESS !
Completed parsing successfully

**** Starting to parse single object of type &lt;bool&gt; at location /home/travis/build/smarie/python-parsyfiles/parsyfiles/tests/combining_parsers_converters/test_data/b64pickle-float-1.0=True ****
Checking all files under [/home/travis/build/smarie/python-parsyfiles/parsyfiles/tests/combining_parsers_converters/test_data/b64pickle-float-1.0=True]
(C) /home/travis/build/smarie/python-parsyfiles/parsyfiles/tests/combining_parsers_converters/test_data/b64pickle-float-1.0=True (singlefile, .txt)
File checks done

Building a parsing plan to parse [/home/travis/build/smarie/python-parsyfiles/parsyfiles/tests/combining_parsers_converters/test_data/b64pickle-float-1.0=True] into a bool
(B) /home/travis/build/smarie/python-parsyfiles/parsyfiles/tests/combining_parsers_converters/test_data/b64pickle-float-1.0=True.txt -&gt; bool ------- using [Try &apos;$&lt;read_str_from_txt&gt; =&gt; &lt;str_to_bool&gt;$&apos; then &apos;$&lt;read_str_from_txt&gt; =&gt; &lt;base64_ascii_str_pickle_to_object&gt; -&gt; &lt;float_to_bool&gt;$&apos; then &apos;$&lt;read_str_from_txt&gt; =&gt; &lt;base64_ascii_str_pickle_to_object&gt; -&gt; &lt;int_to_bool&gt;$&apos; then &apos;$&lt;read_str_from_txt&gt; =&gt; &lt;base64_ascii_str_pickle_to_object&gt; -&gt; &lt;str_to_bool&gt;$&apos; then &apos;$&lt;read_str_from_txt&gt; =&gt; &lt;base64_ascii_str_pickle_to_object&gt;$]&apos;]
(B)                                                                                                  |--b64pickle-float-1.0=True.txt -&gt; bool ------- using $&lt;read_str_from_txt&gt; =&gt; &lt;str_to_bool&gt;$
Parsing Plan created successfully

Executing Parsing Plan for [/home/travis/build/smarie/python-parsyfiles/parsyfiles/tests/combining_parsers_converters/test_data/b64pickle-float-1.0=True]
(P) /home/travis/build/smarie/python-parsyfiles/parsyfiles/tests/combining_parsers_converters/test_data/b64pickle-float-1.0=True.txt -&gt; bool ------- using $&lt;read_str_from_txt&gt; =&gt; &lt;str_to_bool&gt;$
  !! Caught error during execution !!
  File &quot;/home/travis/build/smarie/python-parsyfiles/parsyfiles/converting_core.py&quot;, line 524, in _convert
    return self.conversion_method(desired_type, source_obj, logger, **opts)
  File &quot;/home/travis/build/smarie/python-parsyfiles/parsyfiles/plugins_base/support_for_primitive_types.py&quot;, line 84, in primitive_to_bool
    return bool(strtobool(source))
  File &quot;/opt/python/3.5.5/lib/python3.5/distutils/util.py&quot;, line 317, in strtobool
    raise ValueError(&quot;invalid truth value %r&quot; % (val,))
  ParsingException : Error while parsing /home/travis/build/smarie/python-parsyfiles/parsyfiles/tests/combining_parsers_converters/test_data/b64pickle-float-1.0=True (singlefile, .txt) as a bool with parser &apos;$&lt;read_str_from_txt&gt; =&gt; &lt;str_to_bool&gt;$&apos; using options=({&apos;MultifileCollectionParser&apos;: {&apos;lazy_parsing&apos;: False}}) : caught 
  ValueError : invalid truth value &apos;ganhp/aaaaaaaaau&apos;
Rebuilding local parsing plan with next candidate parser: $&lt;read_str_from_txt&gt; =&gt; &lt;base64_ascii_str_pickle_to_object&gt; -&gt; &lt;float_to_bool&gt;$
(B)                                                                                                  |--b64pickle-float-1.0=True.txt -&gt; bool ------- using $&lt;read_str_from_txt&gt; =&gt; &lt;base64_ascii_str_pickle_to_object&gt; -&gt; &lt;float_to_bool&gt;$
DONE Rebuilding local parsing plan for [/home/travis/build/smarie/python-parsyfiles/parsyfiles/tests/combining_parsers_converters/test_data/b64pickle-float-1.0=True.txt]. Resuming parsing...
Executing Parsing Plan for [/home/travis/build/smarie/python-parsyfiles/parsyfiles/tests/combining_parsers_converters/test_data/b64pickle-float-1.0=True]
(P) /home/travis/build/smarie/python-parsyfiles/parsyfiles/tests/combining_parsers_converters/test_data/b64pickle-float-1.0=True.txt -&gt; bool ------- using $&lt;read_str_from_txt&gt; =&gt; &lt;base64_ascii_str_pickle_to_object&gt; -&gt; &lt;float_to_bool&gt;$
(P)                                                                                                  |--b64pickle-float-1.0=True.txt -&gt; bool SUCCESS !
Completed parsing successfully

**** Starting to parse single object of type &lt;bool&gt; at location /home/travis/build/smarie/python-parsyfiles/parsyfiles/tests/combining_parsers_converters/test_data/b64pickle-float-1.0=True ****
Checking all files under [/home/travis/build/smarie/python-parsyfiles/parsyfiles/tests/combining_parsers_converters/test_data/b64pickle-float-1.0=True]
(C) /home/travis/build/smarie/python-parsyfiles/parsyfiles/tests/combining_parsers_converters/test_data/b64pickle-float-1.0=True (singlefile, .txt)
File checks done

Building a parsing plan to parse [/home/travis/build/smarie/python-parsyfiles/parsyfiles/tests/combining_parsers_converters/test_data/b64pickle-float-1.0=True] into a bool
(B) /home/travis/build/smarie/python-parsyfiles/parsyfiles/tests/combining_parsers_converters/test_data/b64pickle-float-1.0=True.txt -&gt; bool ------- using [Try &apos;$&lt;read_str_from_txt&gt; =&gt; &lt;str_to_bool&gt;$&apos; then &apos;$&lt;read_str_from_txt&gt; =&gt; &lt;base64_ascii_str_pickle_to_object&gt; -&gt; &lt;float_to_bool&gt;$&apos; then &apos;$&lt;read_str_from_txt&gt; =&gt; &lt;base64_ascii_str_pickle_to_object&gt; -&gt; &lt;int_to_bool&gt;$&apos; then &apos;$&lt;read_str_from_txt&gt; =&gt; &lt;base64_ascii_str_pickle_to_object&gt; -&gt; &lt;str_to_bool&gt;$&apos; then &apos;$&lt;read_str_from_txt&gt; =&gt; &lt;base64_ascii_str_pickle_to_object&gt;$]&apos;]
(B)                                                                                                  |--b64pickle-float-1.0=True.txt -&gt; bool ------- using $&lt;read_str_from_txt&gt; =&gt; &lt;str_to_bool&gt;$
Parsing Plan created successfully

Executing Parsing Plan for [/home/travis/build/smarie/python-parsyfiles/parsyfiles/tests/combining_parsers_converters/test_data/b64pickle-float-1.0=True]
(P) /home/travis/build/smarie/python-parsyfiles/parsyfiles/tests/combining_parsers_converters/test_data/b64pickle-float-1.0=True.txt -&gt; bool ------- using $&lt;read_str_from_txt&gt; =&gt; &lt;str_to_bool&gt;$
  !! Caught error during execution !!
  File &quot;/home/travis/build/smarie/python-parsyfiles/parsyfiles/converting_core.py&quot;, line 524, in _convert
    return self.conversion_method(desired_type, source_obj, logger, **opts)
  File &quot;/home/travis/build/smarie/python-parsyfiles/parsyfiles/plugins_base/support_for_primitive_types.py&quot;, line 84, in primitive_to_bool
    return bool(strtobool(source))
  File &quot;/opt/python/3.5.5/lib/python3.5/distutils/util.py&quot;, line 317, in strtobool
    raise ValueError(&quot;invalid truth value %r&quot; % (val,))
  ParsingException : Error while parsing /home/travis/build/smarie/python-parsyfiles/parsyfiles/tests/combining_parsers_converters/test_data/b64pickle-float-1.0=True (singlefile, .txt) as a bool with parser &apos;$&lt;read_str_from_txt&gt; =&gt; &lt;str_to_bool&gt;$&apos; using options=({&apos;MultifileCollectionParser&apos;: {&apos;lazy_parsing&apos;: False}}) : caught 
  ValueError : invalid truth value &apos;ganhp/aaaaaaaaau&apos;
Rebuilding local parsing plan with next candidate parser: $&lt;read_str_from_txt&gt; =&gt; &lt;base64_ascii_str_pickle_to_object&gt; -&gt; &lt;float_to_bool&gt;$
(B)                                                                                                  |--b64pickle-float-1.0=True.txt -&gt; bool ------- using $&lt;read_str_from_txt&gt; =&gt; &lt;base64_ascii_str_pickle_to_object&gt; -&gt; &lt;float_to_bool&gt;$
DONE Rebuilding local parsing plan for [/home/travis/build/smarie/python-parsyfiles/parsyfiles/tests/combining_parsers_converters/test_data/b64pickle-float-1.0=True.txt]. Resuming parsing...
Executing Parsing Plan for [/home/travis/build/smarie/python-parsyfiles/parsyfiles/tests/combining_parsers_converters/test_data/b64pickle-float-1.0=True]
(P) /home/travis/build/smarie/python-parsyfiles/parsyfiles/tests/combining_parsers_converters/test_data/b64pickle-float-1.0=True.txt -&gt; bool ------- using $&lt;read_str_from_txt&gt; =&gt; &lt;base64_ascii_str_pickle_to_object&gt; -&gt; &lt;float_to_bool&gt;$
(P)                                                                                                  |--b64pickle-float-1.0=True.txt -&gt; bool SUCCESS !
Completed parsing successfully

**** Starting to parse single object of type &lt;bool&gt; at location /home/travis/build/smarie/python-parsyfiles/parsyfiles/tests/combining_parsers_converters/test_data/b64pickle-float-1.0=True ****
Checking all files under [/home/travis/build/smarie/python-parsyfiles/parsyfiles/tests/combining_parsers_converters/test_data/b64pickle-float-1.0=True]
(C) /home/travis/build/smarie/python-parsyfiles/parsyfiles/tests/combining_parsers_converters/test_data/b64pickle-float-1.0=True (singlefile, .txt)
File checks done

Building a parsing plan to parse [/home/travis/build/smarie/python-parsyfiles/parsyfiles/tests/combining_parsers_converters/test_data/b64pickle-float-1.0=True] into a bool
(B) /home/travis/build/smarie/python-parsyfiles/parsyfiles/tests/combining_parsers_converters/test_data/b64pickle-float-1.0=True.txt -&gt; bool ------- using [Try &apos;$&lt;read_str_from_txt&gt; =&gt; &lt;str_to_bool&gt;$&apos; then &apos;$&lt;read_str_from_txt&gt; =&gt; &lt;base64_ascii_str_pickle_to_object&gt; -&gt; &lt;float_to_bool&gt;$&apos; then &apos;$&lt;read_str_from_txt&gt; =&gt; &lt;base64_ascii_str_pickle_to_object&gt; -&gt; &lt;int_to_bool&gt;$&apos; then &apos;$&lt;read_str_from_txt&gt; =&gt; &lt;base64_ascii_str_pickle_to_object&gt; -&gt; &lt;str_to_bool&gt;$&apos; then &apos;$&lt;read_str_from_txt&gt; =&gt; &lt;base64_ascii_str_pickle_to_object&gt;$]&apos;]
(B)                                                                                                  |--b64pickle-float-1.0=True.txt -&gt; bool ------- using $&lt;read_str_from_txt&gt; =&gt; &lt;str_to_bool&gt;$
Parsing Plan created successfully

Executing Parsing Plan for [/home/travis/build/smarie/python-parsyfiles/parsyfiles/tests/combining_parsers_converters/test_data/b64pickle-float-1.0=True]
(P) /home/travis/build/smarie/python-parsyfiles/parsyfiles/tests/combining_parsers_converters/test_data/b64pickle-float-1.0=True.txt -&gt; bool ------- using $&lt;read_str_from_txt&gt; =&gt; &lt;str_to_bool&gt;$
  !! Caught error during execution !!
  File &quot;/home/travis/build/smarie/python-parsyfiles/parsyfiles/converting_core.py&quot;, line 524, in _convert
    return self.conversion_method(desired_type, source_obj, logger, **opts)
  File &quot;/home/travis/build/smarie/python-parsyfiles/parsyfiles/plugins_base/support_for_primitive_types.py&quot;, line 84, in primitive_to_bool
    return bool(strtobool(source))
  File &quot;/opt/python/3.5.5/lib/python3.5/distutils/util.py&quot;, line 317, in strtobool
    raise ValueError(&quot;invalid truth value %r&quot; % (val,))
  ParsingException : Error while parsing /home/travis/build/smarie/python-parsyfiles/parsyfiles/tests/combining_parsers_converters/test_data/b64pickle-float-1.0=True (singlefile, .txt) as a bool with parser &apos;$&lt;read_str_from_txt&gt; =&gt; &lt;str_to_bool&gt;$&apos; using options=({&apos;MultifileCollectionParser&apos;: {&apos;lazy_parsing&apos;: False}}) : caught 
  ValueError : invalid truth value &apos;ganhp/aaaaaaaaau&apos;
Rebuilding local parsing plan with next candidate parser: $&lt;read_str_from_txt&gt; =&gt; &lt;base64_ascii_str_pickle_to_object&gt; -&gt; &lt;float_to_bool&gt;$
(B)                                                                                                  |--b64pickle-float-1.0=True.txt -&gt; bool ------- using $&lt;read_str_from_txt&gt; =&gt; &lt;base64_ascii_str_pickle_to_object&gt; -&gt; &lt;float_to_bool&gt;$
DONE Rebuilding local parsing plan for [/home/travis/build/smarie/python-parsyfiles/parsyfiles/tests/combining_parsers_converters/test_data/b64pickle-float-1.0=True.txt]. Resuming parsing...
Executing Parsing Plan for [/home/travis/build/smarie/python-parsyfiles/parsyfiles/tests/combining_parsers_converters/test_data/b64pickle-float-1.0=True]
(P) /home/travis/build/smarie/python-parsyfiles/parsyfiles/tests/combining_parsers_converters/test_data/b64pickle-float-1.0=True.txt -&gt; bool ------- using $&lt;read_str_from_txt&gt; =&gt; &lt;base64_ascii_str_pickle_to_object&gt; -&gt; &lt;float_to_bool&gt;$
(P)                                                                                                  |--b64pickle-float-1.0=True.txt -&gt; bool SUCCESS !
Completed parsing successfully

**** Starting to parse single object of type &lt;bool&gt; at location /home/travis/build/smarie/python-parsyfiles/parsyfiles/tests/combining_parsers_converters/test_data/b64pickle-float-1.0=True ****
Checking all files under [/home/travis/build/smarie/python-parsyfiles/parsyfiles/tests/combining_parsers_converters/test_data/b64pickle-float-1.0=True]
(C) /home/travis/build/smarie/python-parsyfiles/parsyfiles/tests/combining_parsers_converters/test_data/b64pickle-float-1.0=True (singlefile, .txt)
File checks done

Building a parsing plan to parse [/home/travis/build/smarie/python-parsyfiles/parsyfiles/tests/combining_parsers_converters/test_data/b64pickle-float-1.0=True] into a bool
(B) /home/travis/build/smarie/python-parsyfiles/parsyfiles/tests/combining_parsers_converters/test_data/b64pickle-float-1.0=True.txt -&gt; bool ------- using [Try &apos;$&lt;read_str_from_txt&gt; =&gt; &lt;str_to_bool&gt;$&apos; then &apos;$&lt;read_str_from_txt&gt; =&gt; &lt;base64_ascii_str_pickle_to_object&gt; -&gt; &lt;float_to_bool&gt;$&apos; then &apos;$&lt;read_str_from_txt&gt; =&gt; &lt;base64_ascii_str_pickle_to_object&gt; -&gt; &lt;int_to_bool&gt;$&apos; then &apos;$&lt;read_str_from_txt&gt; =&gt; &lt;base64_ascii_str_pickle_to_object&gt; -&gt; &lt;str_to_bool&gt;$&apos; then &apos;$&lt;read_str_from_txt&gt; =&gt; &lt;base64_ascii_str_pickle_to_object&gt;$]&apos;]
(B)                                                                                                  |--b64pickle-float-1.0=True.txt -&gt; bool ------- using $&lt;read_str_from_txt&gt; =&gt; &lt;str_to_bool&gt;$
Parsing Plan created successfully

Executing Parsing Plan for [/home/travis/build/smarie/python-parsyfiles/parsyfiles/tests/combining_parsers_converters/test_data/b64pickle-float-1.0=True]
(P) /home/travis/build/smarie/python-parsyfiles/parsyfiles/tests/combining_parsers_converters/test_data/b64pickle-float-1.0=True.txt -&gt; bool ------- using $&lt;read_str_from_txt&gt; =&gt; &lt;str_to_bool&gt;$
  !! Caught error during execution !!
  File &quot;/home/travis/build/smarie/python-parsyfiles/parsyfiles/converting_core.py&quot;, line 524, in _convert
    return self.conversion_method(desired_type, source_obj, logger, **opts)
  File &quot;/home/travis/build/smarie/python-parsyfiles/parsyfiles/plugins_base/support_for_primitive_types.py&quot;, line 84, in primitive_to_bool
    return bool(strtobool(source))
  File &quot;/opt/python/3.5.5/lib/python3.5/distutils/util.py&quot;, line 317, in strtobool
    raise ValueError(&quot;invalid truth value %r&quot; % (val,))
  ParsingException : Error while parsing /home/travis/build/smarie/python-parsyfiles/parsyfiles/tests/combining_parsers_converters/test_data/b64pickle-float-1.0=True (singlefile, .txt) as a bool with parser &apos;$&lt;read_str_from_txt&gt; =&gt; &lt;str_to_bool&gt;$&apos; using options=({&apos;MultifileCollectionParser&apos;: {&apos;lazy_parsing&apos;: False}}) : caught 
  ValueError : invalid truth value &apos;ganhp/aaaaaaaaau&apos;
Rebuilding local parsing plan with next candidate parser: $&lt;read_str_from_txt&gt; =&gt; &lt;base64_ascii_str_pickle_to_object&gt; -&gt; &lt;float_to_bool&gt;$
(B)                                                                                                  |--b64pickle-float-1.0=True.txt -&gt; bool ------- using $&lt;read_str_from_txt&gt; =&gt; &lt;base64_ascii_str_pickle_to_object&gt; -&gt; &lt;float_to_bool&gt;$
DONE Rebuilding local parsing plan for [/home/travis/build/smarie/python-parsyfiles/parsyfiles/tests/combining_parsers_converters/test_data/b64pickle-float-1.0=True.txt]. Resuming parsing...
Executing Parsing Plan for [/home/travis/build/smarie/python-parsyfiles/parsyfiles/tests/combining_parsers_converters/test_data/b64pickle-float-1.0=True]
(P) /home/travis/build/smarie/python-parsyfiles/parsyfiles/tests/combining_parsers_converters/test_data/b64pickle-float-1.0=True.txt -&gt; bool ------- using $&lt;read_str_from_txt&gt; =&gt; &lt;base64_ascii_str_pickle_to_object&gt; -&gt; &lt;float_to_bool&gt;$
(P)                                                                                                  |--b64pickle-float-1.0=True.txt -&gt; bool SUCCESS !
Completed parsing successfully

**** Starting to parse single object of type &lt;bool&gt; at location /home/travis/build/smarie/python-parsyfiles/parsyfiles/tests/combining_parsers_converters/test_data/b64pickle-float-1.0=True ****
Checking all files under [/home/travis/build/smarie/python-parsyfiles/parsyfiles/tests/combining_parsers_converters/test_data/b64pickle-float-1.0=True]
(C) /home/travis/build/smarie/python-parsyfiles/parsyfiles/tests/combining_parsers_converters/test_data/b64pickle-float-1.0=True (singlefile, .txt)
File checks done

Building a parsing plan to parse [/home/travis/build/smarie/python-parsyfiles/parsyfiles/tests/combining_parsers_converters/test_data/b64pickle-float-1.0=True] into a bool
(B) /home/travis/build/smarie/python-parsyfiles/parsyfiles/tests/combining_parsers_converters/test_data/b64pickle-float-1.0=True.txt -&gt; bool ------- using [Try &apos;$&lt;read_str_from_txt&gt; =&gt; &lt;str_to_bool&gt;$&apos; then &apos;$&lt;read_str_from_txt&gt; =&gt; &lt;base64_ascii_str_pickle_to_object&gt; -&gt; &lt;float_to_bool&gt;$&apos; then &apos;$&lt;read_str_from_txt&gt; =&gt; &lt;base64_ascii_str_pickle_to_object&gt; -&gt; &lt;int_to_bool&gt;$&apos; then &apos;$&lt;read_str_from_txt&gt; =&gt; &lt;base64_ascii_str_pickle_to_object&gt; -&gt; &lt;str_to_bool&gt;$&apos; then &apos;$&lt;read_str_from_txt&gt; =&gt; &lt;base64_ascii_str_pickle_to_object&gt;$]&apos;]
(B)                                                                                                  |--b64pickle-float-1.0=True.txt -&gt; bool ------- using $&lt;read_str_from_txt&gt; =&gt; &lt;str_to_bool&gt;$
Parsing Plan created successfully

Executing Parsing Plan for [/home/travis/build/smarie/python-parsyfiles/parsyfiles/tests/combining_parsers_converters/test_data/b64pickle-float-1.0=True]
(P) /home/travis/build/smarie/python-parsyfiles/parsyfiles/tests/combining_parsers_converters/test_data/b64pickle-float-1.0=True.txt -&gt; bool ------- using $&lt;read_str_from_txt&gt; =&gt; &lt;str_to_bool&gt;$
  !! Caught error during execution !!
  File &quot;/home/travis/build/smarie/python-parsyfiles/parsyfiles/converting_core.py&quot;, line 524, in _convert
    return self.conversion_method(desired_type, source_obj, logger, **opts)
  File &quot;/home/travis/build/smarie/python-parsyfiles/parsyfiles/plugins_base/support_for_primitive_types.py&quot;, line 84, in primitive_to_bool
    return bool(strtobool(source))
  File &quot;/opt/python/3.5.5/lib/python3.5/distutils/util.py&quot;, line 317, in strtobool
    raise ValueError(&quot;invalid truth value %r&quot; % (val,))
  ParsingException : Error while parsing /home/travis/build/smarie/python-parsyfiles/parsyfiles/tests/combining_parsers_converters/test_data/b64pickle-float-1.0=True (singlefile, .txt) as a bool with parser &apos;$&lt;read_str_from_txt&gt; =&gt; &lt;str_to_bool&gt;$&apos; using options=({&apos;MultifileCollectionParser&apos;: {&apos;lazy_parsing&apos;: False}}) : caught 
  ValueError : invalid truth value &apos;ganhp/aaaaaaaaau&apos;
Rebuilding local parsing plan with next candidate parser: $&lt;read_str_from_txt&gt; =&gt; &lt;base64_ascii_str_pickle_to_object&gt; -&gt; &lt;float_to_bool&gt;$
(B)                                                                                                  |--b64pickle-float-1.0=True.txt -&gt; bool ------- using $&lt;read_str_from_txt&gt; =&gt; &lt;base64_ascii_str_pickle_to_object&gt; -&gt; &lt;float_to_bool&gt;$
DONE Rebuilding local parsing plan for [/home/travis/build/smarie/python-parsyfiles/parsyfiles/tests/combining_parsers_converters/test_data/b64pickle-float-1.0=True.txt]. Resuming parsing...
Executing Parsing Plan for [/home/travis/build/smarie/python-parsyfiles/parsyfiles/tests/combining_parsers_converters/test_data/b64pickle-float-1.0=True]
(P) /home/travis/build/smarie/python-parsyfiles/parsyfiles/tests/combining_parsers_converters/test_data/b64pickle-float-1.0=True.txt -&gt; bool ------- using $&lt;read_str_from_txt&gt; =&gt; &lt;base64_ascii_str_pickle_to_object&gt; -&gt; &lt;float_to_bool&gt;$
(P)                                                                                                  |--b64pickle-float-1.0=True.txt -&gt; bool SUCCESS !
Completed parsing successfully

**** Starting to parse single object of type &lt;bool&gt; at location /home/travis/build/smarie/python-parsyfiles/parsyfiles/tests/combining_parsers_converters/test_data/b64pickle-float-1.0=True ****
Checking all files under [/home/travis/build/smarie/python-parsyfiles/parsyfiles/tests/combining_parsers_converters/test_data/b64pickle-float-1.0=True]
(C) /home/travis/build/smarie/python-parsyfiles/parsyfiles/tests/combining_parsers_converters/test_data/b64pickle-float-1.0=True (singlefile, .txt)
File checks done

Building a parsing plan to parse [/home/travis/build/smarie/python-parsyfiles/parsyfiles/tests/combining_parsers_converters/test_data/b64pickle-float-1.0=True] into a bool
(B) /home/travis/build/smarie/python-parsyfiles/parsyfiles/tests/combining_parsers_converters/test_data/b64pickle-float-1.0=True.txt -&gt; bool ------- using [Try &apos;$&lt;read_str_from_txt&gt; =&gt; &lt;str_to_bool&gt;$&apos; then &apos;$&lt;read_str_from_txt&gt; =&gt; &lt;base64_ascii_str_pickle_to_object&gt; -&gt; &lt;float_to_bool&gt;$&apos; then &apos;$&lt;read_str_from_txt&gt; =&gt; &lt;base64_ascii_str_pickle_to_object&gt; -&gt; &lt;int_to_bool&gt;$&apos; then &apos;$&lt;read_str_from_txt&gt; =&gt; &lt;base64_ascii_str_pickle_to_object&gt; -&gt; &lt;str_to_bool&gt;$&apos; then &apos;$&lt;read_str_from_txt&gt; =&gt; &lt;base64_ascii_str_pickle_to_object&gt;$]&apos;]
(B)                                                                                                  |--b64pickle-float-1.0=True.txt -&gt; bool ------- using $&lt;read_str_from_txt&gt; =&gt; &lt;str_to_bool&gt;$
Parsing Plan created successfully

Executing Parsing Plan for [/home/travis/build/smarie/python-parsyfiles/parsyfiles/tests/combining_parsers_converters/test_data/b64pickle-float-1.0=True]
(P) /home/travis/build/smarie/python-parsyfiles/parsyfiles/tests/combining_parsers_converters/test_data/b64pickle-float-1.0=True.txt -&gt; bool ------- using $&lt;read_str_from_txt&gt; =&gt; &lt;str_to_bool&gt;$
  !! Caught error during execution !!
  File &quot;/home/travis/build/smarie/python-parsyfiles/parsyfiles/converting_core.py&quot;, line 524, in _convert
    return self.conversion_method(desired_type, source_obj, logger, **opts)
  File &quot;/home/travis/build/smarie/python-parsyfiles/parsyfiles/plugins_base/support_for_primitive_types.py&quot;, line 84, in primitive_to_bool
    return bool(strtobool(source))
  File &quot;/opt/python/3.5.5/lib/python3.5/distutils/util.py&quot;, line 317, in strtobool
    raise ValueError(&quot;invalid truth value %r&quot; % (val,))
  ParsingException : Error while parsing /home/travis/build/smarie/python-parsyfiles/parsyfiles/tests/combining_parsers_converters/test_data/b64pickle-float-1.0=True (singlefile, .txt) as a bool with parser &apos;$&lt;read_str_from_txt&gt; =&gt; &lt;str_to_bool&gt;$&apos; using options=({&apos;MultifileCollectionParser&apos;: {&apos;lazy_parsing&apos;: False}}) : caught 
  ValueError : invalid truth value &apos;ganhp/aaaaaaaaau&apos;
Rebuilding local parsing plan with next candidate parser: $&lt;read_str_from_txt&gt; =&gt; &lt;base64_ascii_str_pickle_to_object&gt; -&gt; &lt;float_to_bool&gt;$
(B)                                                                                                  |--b64pickle-float-1.0=True.txt -&gt; bool ------- using $&lt;read_str_from_txt&gt; =&gt; &lt;base64_ascii_str_pickle_to_object&gt; -&gt; &lt;float_to_bool&gt;$
DONE Rebuilding local parsing plan for [/home/travis/build/smarie/python-parsyfiles/parsyfiles/tests/combining_parsers_converters/test_data/b64pickle-float-1.0=True.txt]. Resuming parsing...
Executing Parsing Plan for [/home/travis/build/smarie/python-parsyfiles/parsyfiles/tests/combining_parsers_converters/test_data/b64pickle-float-1.0=True]
(P) /home/travis/build/smarie/python-parsyfiles/parsyfiles/tests/combining_parsers_converters/test_data/b64pickle-float-1.0=True.txt -&gt; bool ------- using $&lt;read_str_from_txt&gt; =&gt; &lt;base64_ascii_str_pickle_to_object&gt; -&gt; &lt;float_to_bool&gt;$
(P)                                                                                                  |--b64pickle-float-1.0=True.txt -&gt; bool SUCCESS !
Completed parsing successfully

**** Starting to parse single object of type &lt;bool&gt; at location /home/travis/build/smarie/python-parsyfiles/parsyfiles/tests/combining_parsers_converters/test_data/b64pickle-float-1.0=True ****
Checking all files under [/home/travis/build/smarie/python-parsyfiles/parsyfiles/tests/combining_parsers_converters/test_data/b64pickle-float-1.0=True]
(C) /home/travis/build/smarie/python-parsyfiles/parsyfiles/tests/combining_parsers_converters/test_data/b64pickle-float-1.0=True (singlefile, .txt)
File checks done

Building a parsing plan to parse [/home/travis/build/smarie/python-parsyfiles/parsyfiles/tests/combining_parsers_converters/test_data/b64pickle-float-1.0=True] into a bool
(B) /home/travis/build/smarie/python-parsyfiles/parsyfiles/tests/combining_parsers_converters/test_data/b64pickle-float-1.0=True.txt -&gt; bool ------- using [Try &apos;$&lt;read_str_from_txt&gt; =&gt; &lt;str_to_bool&gt;$&apos; then &apos;$&lt;read_str_from_txt&gt; =&gt; &lt;base64_ascii_str_pickle_to_object&gt; -&gt; &lt;float_to_bool&gt;$&apos; then &apos;$&lt;read_str_from_txt&gt; =&gt; &lt;base64_ascii_str_pickle_to_object&gt; -&gt; &lt;int_to_bool&gt;$&apos; then &apos;$&lt;read_str_from_txt&gt; =&gt; &lt;base64_ascii_str_pickle_to_object&gt; -&gt; &lt;str_to_bool&gt;$&apos; then &apos;$&lt;read_str_from_txt&gt; =&gt; &lt;base64_ascii_str_pickle_to_object&gt;$]&apos;]
(B)                                                                                                  |--b64pickle-float-1.0=True.txt -&gt; bool ------- using $&lt;read_str_from_txt&gt; =&gt; &lt;str_to_bool&gt;$
Parsing Plan created successfully

Executing Parsing Plan for [/home/travis/build/smarie/python-parsyfiles/parsyfiles/tests/combining_parsers_converters/test_data/b64pickle-float-1.0=True]
(P) /home/travis/build/smarie/python-parsyfiles/parsyfiles/tests/combining_parsers_converters/test_data/b64pickle-float-1.0=True.txt -&gt; bool ------- using $&lt;read_str_from_txt&gt; =&gt; &lt;str_to_bool&gt;$
  !! Caught error during execution !!
  File &quot;/home/travis/build/smarie/python-parsyfiles/parsyfiles/converting_core.py&quot;, line 524, in _convert
    return self.conversion_method(desired_type, source_obj, logger, **opts)
  File &quot;/home/travis/build/smarie/python-parsyfiles/parsyfiles/plugins_base/support_for_primitive_types.py&quot;, line 84, in primitive_to_bool
    return bool(strtobool(source))
  File &quot;/opt/python/3.5.5/lib/python3.5/distutils/util.py&quot;, line 317, in strtobool
    raise ValueError(&quot;invalid truth value %r&quot; % (val,))
  ParsingException : Error while parsing /home/travis/build/smarie/python-parsyfiles/parsyfiles/tests/combining_parsers_converters/test_data/b64pickle-float-1.0=True (singlefile, .txt) as a bool with parser &apos;$&lt;read_str_from_txt&gt; =&gt; &lt;str_to_bool&gt;$&apos; using options=({&apos;MultifileCollectionParser&apos;: {&apos;lazy_parsing&apos;: False}}) : caught 
  ValueError : invalid truth value &apos;ganhp/aaaaaaaaau&apos;
Rebuilding local parsing plan with next candidate parser: $&lt;read_str_from_txt&gt; =&gt; &lt;base64_ascii_str_pickle_to_object&gt; -&gt; &lt;float_to_bool&gt;$
(B)                                                                                                  |--b64pickle-float-1.0=True.txt -&gt; bool ------- using $&lt;read_str_from_txt&gt; =&gt; &lt;base64_ascii_str_pickle_to_object&gt; -&gt; &lt;float_to_bool&gt;$
DONE Rebuilding local parsing plan for [/home/travis/build/smarie/python-parsyfiles/parsyfiles/tests/combining_parsers_converters/test_data/b64pickle-float-1.0=True.txt]. Resuming parsing...
Executing Parsing Plan for [/home/travis/build/smarie/python-parsyfiles/parsyfiles/tests/combining_parsers_converters/test_data/b64pickle-float-1.0=True]
(P) /home/travis/build/smarie/python-parsyfiles/parsyfiles/tests/combining_parsers_converters/test_data/b64pickle-float-1.0=True.txt -&gt; bool ------- using $&lt;read_str_from_txt&gt; =&gt; &lt;base64_ascii_str_pickle_to_object&gt; -&gt; &lt;float_to_bool&gt;$
(P)                                                                                                  |--b64pickle-float-1.0=True.txt -&gt; bool SUCCESS !
Completed parsing successfully

**** Starting to parse single object of type &lt;bool&gt; at location /home/travis/build/smarie/python-parsyfiles/parsyfiles/tests/combining_parsers_converters/test_data/b64pickle-float-1.0=True ****
Checking all files under [/home/travis/build/smarie/python-parsyfiles/parsyfiles/tests/combining_parsers_converters/test_data/b64pickle-float-1.0=True]
(C) /home/travis/build/smarie/python-parsyfiles/parsyfiles/tests/combining_parsers_converters/test_data/b64pickle-float-1.0=True (singlefile, .txt)
File checks done

Building a parsing plan to parse [/home/travis/build/smarie/python-parsyfiles/parsyfiles/tests/combining_parsers_converters/test_data/b64pickle-float-1.0=True] into a bool
(B) /home/travis/build/smarie/python-parsyfiles/parsyfiles/tests/combining_parsers_converters/test_data/b64pickle-float-1.0=True.txt -&gt; bool ------- using [Try &apos;$&lt;read_str_from_txt&gt; =&gt; &lt;str_to_bool&gt;$&apos; then &apos;$&lt;read_str_from_txt&gt; =&gt; &lt;base64_ascii_str_pickle_to_object&gt; -&gt; &lt;float_to_bool&gt;$&apos; then &apos;$&lt;read_str_from_txt&gt; =&gt; &lt;base64_ascii_str_pickle_to_object&gt; -&gt; &lt;int_to_bool&gt;$&apos; then &apos;$&lt;read_str_from_txt&gt; =&gt; &lt;base64_ascii_str_pickle_to_object&gt; -&gt; &lt;str_to_bool&gt;$&apos; then &apos;$&lt;read_str_from_txt&gt; =&gt; &lt;base64_ascii_str_pickle_to_object&gt;$]&apos;]
(B)                                                                                                  |--b64pickle-float-1.0=True.txt -&gt; bool ------- using $&lt;read_str_from_txt&gt; =&gt; &lt;str_to_bool&gt;$
Parsing Plan created successfully

Executing Parsing Plan for [/home/travis/build/smarie/python-parsyfiles/parsyfiles/tests/combining_parsers_converters/test_data/b64pickle-float-1.0=True]
(P) /home/travis/build/smarie/python-parsyfiles/parsyfiles/tests/combining_parsers_converters/test_data/b64pickle-float-1.0=True.txt -&gt; bool ------- using $&lt;read_str_from_txt&gt; =&gt; &lt;str_to_bool&gt;$
  !! Caught error during execution !!
  File &quot;/home/travis/build/smarie/python-parsyfiles/parsyfiles/converting_core.py&quot;, line 524, in _convert
    return self.conversion_method(desired_type, source_obj, logger, **opts)
  File &quot;/home/travis/build/smarie/python-parsyfiles/parsyfiles/plugins_base/support_for_primitive_types.py&quot;, line 84, in primitive_to_bool
    return bool(strtobool(source))
  File &quot;/opt/python/3.5.5/lib/python3.5/distutils/util.py&quot;, line 317, in strtobool
    raise ValueError(&quot;invalid truth value %r&quot; % (val,))
  ParsingException : Error while parsing /home/travis/build/smarie/python-parsyfiles/parsyfiles/tests/combining_parsers_converters/test_data/b64pickle-float-1.0=True (singlefile, .txt) as a bool with parser &apos;$&lt;read_str_from_txt&gt; =&gt; &lt;str_to_bool&gt;$&apos; using options=({&apos;MultifileCollectionParser&apos;: {&apos;lazy_parsing&apos;: False}}) : caught 
  ValueError : invalid truth value &apos;ganhp/aaaaaaaaau&apos;
Rebuilding local parsing plan with next candidate parser: $&lt;read_str_from_txt&gt; =&gt; &lt;base64_ascii_str_pickle_to_object&gt; -&gt; &lt;float_to_bool&gt;$
(B)                                                                                                  |--b64pickle-float-1.0=True.txt -&gt; bool ------- using $&lt;read_str_from_txt&gt; =&gt; &lt;base64_ascii_str_pickle_to_object&gt; -&gt; &lt;float_to_bool&gt;$
DONE Rebuilding local parsing plan for [/home/travis/build/smarie/python-parsyfiles/parsyfiles/tests/combining_parsers_converters/test_data/b64pickle-float-1.0=True.txt]. Resuming parsing...
Executing Parsing Plan for [/home/travis/build/smarie/python-parsyfiles/parsyfiles/tests/combining_parsers_converters/test_data/b64pickle-float-1.0=True]
(P) /home/travis/build/smarie/python-parsyfiles/parsyfiles/tests/combining_parsers_converters/test_data/b64pickle-float-1.0=True.txt -&gt; bool ------- using $&lt;read_str_from_txt&gt; =&gt; &lt;base64_ascii_str_pickle_to_object&gt; -&gt; &lt;float_to_bool&gt;$
(P)                                                                                                  |--b64pickle-float-1.0=True.txt -&gt; bool SUCCESS !
Completed parsing successfully

**** Starting to parse single object of type &lt;bool&gt; at location /home/travis/build/smarie/python-parsyfiles/parsyfiles/tests/combining_parsers_converters/test_data/b64pickle-float-1.0=True ****
Checking all files under [/home/travis/build/smarie/python-parsyfiles/parsyfiles/tests/combining_parsers_converters/test_data/b64pickle-float-1.0=True]
(C) /home/travis/build/smarie/python-parsyfiles/parsyfiles/tests/combining_parsers_converters/test_data/b64pickle-float-1.0=True (singlefile, .txt)
File checks done

Building a parsing plan to parse [/home/travis/build/smarie/python-parsyfiles/parsyfiles/tests/combining_parsers_converters/test_data/b64pickle-float-1.0=True] into a bool
(B) /home/travis/build/smarie/python-parsyfiles/parsyfiles/tests/combining_parsers_converters/test_data/b64pickle-float-1.0=True.txt -&gt; bool ------- using [Try &apos;$&lt;read_str_from_txt&gt; =&gt; &lt;str_to_bool&gt;$&apos; then &apos;$&lt;read_str_from_txt&gt; =&gt; &lt;base64_ascii_str_pickle_to_object&gt; -&gt; &lt;float_to_bool&gt;$&apos; then &apos;$&lt;read_str_from_txt&gt; =&gt; &lt;base64_ascii_str_pickle_to_object&gt; -&gt; &lt;int_to_bool&gt;$&apos; then &apos;$&lt;read_str_from_txt&gt; =&gt; &lt;base64_ascii_str_pickle_to_object&gt; -&gt; &lt;str_to_bool&gt;$&apos; then &apos;$&lt;read_str_from_txt&gt; =&gt; &lt;base64_ascii_str_pickle_to_object&gt;$]&apos;]
(B)                                                                                                  |--b64pickle-float-1.0=True.txt -&gt; bool ------- using $&lt;read_str_from_txt&gt; =&gt; &lt;str_to_bool&gt;$
Parsing Plan created successfully

Executing Parsing Plan for [/home/travis/build/smarie/python-parsyfiles/parsyfiles/tests/combining_parsers_converters/test_data/b64pickle-float-1.0=True]
(P) /home/travis/build/smarie/python-parsyfiles/parsyfiles/tests/combining_parsers_converters/test_data/b64pickle-float-1.0=True.txt -&gt; bool ------- using $&lt;read_str_from_txt&gt; =&gt; &lt;str_to_bool&gt;$
  !! Caught error during execution !!
  File &quot;/home/travis/build/smarie/python-parsyfiles/parsyfiles/converting_core.py&quot;, line 524, in _convert
    return self.conversion_method(desired_type, source_obj, logger, **opts)
  File &quot;/home/travis/build/smarie/python-parsyfiles/parsyfiles/plugins_base/support_for_primitive_types.py&quot;, line 84, in primitive_to_bool
    return bool(strtobool(source))
  File &quot;/opt/python/3.5.5/lib/python3.5/distutils/util.py&quot;, line 317, in strtobool
    raise ValueError(&quot;invalid truth value %r&quot; % (val,))
  ParsingException : Error while parsing /home/travis/build/smarie/python-parsyfiles/parsyfiles/tests/combining_parsers_converters/test_data/b64pickle-float-1.0=True (singlefile, .txt) as a bool with parser &apos;$&lt;read_str_from_txt&gt; =&gt; &lt;str_to_bool&gt;$&apos; using options=({&apos;MultifileCollectionParser&apos;: {&apos;lazy_parsing&apos;: False}}) : caught 
  ValueError : invalid truth value &apos;ganhp/aaaaaaaaau&apos;
Rebuilding local parsing plan with next candidate parser: $&lt;read_str_from_txt&gt; =&gt; &lt;base64_ascii_str_pickle_to_object&gt; -&gt; &lt;float_to_bool&gt;$
(B)                                                                                                  |--b64pickle-float-1.0=True.txt -&gt; bool ------- using $&lt;read_str_from_txt&gt; =&gt; &lt;base64_ascii_str_pickle_to_object&gt; -&gt; &lt;float_to_bool&gt;$
DONE Rebuilding local parsing plan for [/home/travis/build/smarie/python-parsyfiles/parsyfiles/tests/combining_parsers_converters/test_data/b64pickle-float-1.0=True.txt]. Resuming parsing...
Executing Parsing Plan for [/home/travis/build/smarie/python-parsyfiles/parsyfiles/tests/combining_parsers_converters/test_data/b64pickle-float-1.0=True]
(P) /home/travis/build/smarie/python-parsyfiles/parsyfiles/tests/combining_parsers_converters/test_data/b64pickle-float-1.0=True.txt -&gt; bool ------- using $&lt;read_str_from_txt&gt; =&gt; &lt;base64_ascii_str_pickle_to_object&gt; -&gt; &lt;float_to_bool&gt;$
(P)                                                                                                  |--b64pickle-float-1.0=True.txt -&gt; bool SUCCESS !
Completed parsing successfully

**** Starting to parse single object of type &lt;bool&gt; at location /home/travis/build/smarie/python-parsyfiles/parsyfiles/tests/combining_parsers_converters/test_data/b64pickle-float-1.0=True ****
Checking all files under [/home/travis/build/smarie/python-parsyfiles/parsyfiles/tests/combining_parsers_converters/test_data/b64pickle-float-1.0=True]
(C) /home/travis/build/smarie/python-parsyfiles/parsyfiles/tests/combining_parsers_converters/test_data/b64pickle-float-1.0=True (singlefile, .txt)
File checks done

Building a parsing plan to parse [/home/travis/build/smarie/python-parsyfiles/parsyfiles/tests/combining_parsers_converters/test_data/b64pickle-float-1.0=True] into a bool
(B) /home/travis/build/smarie/python-parsyfiles/parsyfiles/tests/combining_parsers_converters/test_data/b64pickle-float-1.0=True.txt -&gt; bool ------- using [Try &apos;$&lt;read_str_from_txt&gt; =&gt; &lt;str_to_bool&gt;$&apos; then &apos;$&lt;read_str_from_txt&gt; =&gt; &lt;base64_ascii_str_pickle_to_object&gt; -&gt; &lt;float_to_bool&gt;$&apos; then &apos;$&lt;read_str_from_txt&gt; =&gt; &lt;base64_ascii_str_pickle_to_object&gt; -&gt; &lt;int_to_bool&gt;$&apos; then &apos;$&lt;read_str_from_txt&gt; =&gt; &lt;base64_ascii_str_pickle_to_object&gt; -&gt; &lt;str_to_bool&gt;$&apos; then &apos;$&lt;read_str_from_txt&gt; =&gt; &lt;base64_ascii_str_pickle_to_object&gt;$]&apos;]
(B)                                                                                                  |--b64pickle-float-1.0=True.txt -&gt; bool ------- using $&lt;read_str_from_txt&gt; =&gt; &lt;str_to_bool&gt;$
Parsing Plan created successfully

Executing Parsing Plan for [/home/travis/build/smarie/python-parsyfiles/parsyfiles/tests/combining_parsers_converters/test_data/b64pickle-float-1.0=True]
(P) /home/travis/build/smarie/python-parsyfiles/parsyfiles/tests/combining_parsers_converters/test_data/b64pickle-float-1.0=True.txt -&gt; bool ------- using $&lt;read_str_from_txt&gt; =&gt; &lt;str_to_bool&gt;$
  !! Caught error during execution !!
  File &quot;/home/travis/build/smarie/python-parsyfiles/parsyfiles/converting_core.py&quot;, line 524, in _convert
    return self.conversion_method(desired_type, source_obj, logger, **opts)
  File &quot;/home/travis/build/smarie/python-parsyfiles/parsyfiles/plugins_base/support_for_primitive_types.py&quot;, line 84, in primitive_to_bool
    return bool(strtobool(source))
  File &quot;/opt/python/3.5.5/lib/python3.5/distutils/util.py&quot;, line 317, in strtobool
    raise ValueError(&quot;invalid truth value %r&quot; % (val,))
  ParsingException : Error while parsing /home/travis/build/smarie/python-parsyfiles/parsyfiles/tests/combining_parsers_converters/test_data/b64pickle-float-1.0=True (singlefile, .txt) as a bool with parser &apos;$&lt;read_str_from_txt&gt; =&gt; &lt;str_to_bool&gt;$&apos; using options=({&apos;MultifileCollectionParser&apos;: {&apos;lazy_parsing&apos;: False}}) : caught 
  ValueError : invalid truth value &apos;ganhp/aaaaaaaaau&apos;
Rebuilding local parsing plan with next candidate parser: $&lt;read_str_from_txt&gt; =&gt; &lt;base64_ascii_str_pickle_to_object&gt; -&gt; &lt;float_to_bool&gt;$
(B)                                                                                                  |--b64pickle-float-1.0=True.txt -&gt; bool ------- using $&lt;read_str_from_txt&gt; =&gt; &lt;base64_ascii_str_pickle_to_object&gt; -&gt; &lt;float_to_bool&gt;$
DONE Rebuilding local parsing plan for [/home/travis/build/smarie/python-parsyfiles/parsyfiles/tests/combining_parsers_converters/test_data/b64pickle-float-1.0=True.txt]. Resuming parsing...
Executing Parsing Plan for [/home/travis/build/smarie/python-parsyfiles/parsyfiles/tests/combining_parsers_converters/test_data/b64pickle-float-1.0=True]
(P) /home/travis/build/smarie/python-parsyfiles/parsyfiles/tests/combining_parsers_converters/test_data/b64pickle-float-1.0=True.txt -&gt; bool ------- using $&lt;read_str_from_txt&gt; =&gt; &lt;base64_ascii_str_pickle_to_object&gt; -&gt; &lt;float_to_bool&gt;$
(P)                                                                                                  |--b64pickle-float-1.0=True.txt -&gt; bool SUCCESS !
Completed parsing successfully

**** Starting to parse single object of type &lt;bool&gt; at location /home/travis/build/smarie/python-parsyfiles/parsyfiles/tests/combining_parsers_converters/test_data/b64pickle-float-1.0=True ****
Checking all files under [/home/travis/build/smarie/python-parsyfiles/parsyfiles/tests/combining_parsers_converters/test_data/b64pickle-float-1.0=True]
(C) /home/travis/build/smarie/python-parsyfiles/parsyfiles/tests/combining_parsers_converters/test_data/b64pickle-float-1.0=True (singlefile, .txt)
File checks done

Building a parsing plan to parse [/home/travis/build/smarie/python-parsyfiles/parsyfiles/tests/combining_parsers_converters/test_data/b64pickle-float-1.0=True] into a bool
(B) /home/travis/build/smarie/python-parsyfiles/parsyfiles/tests/combining_parsers_converters/test_data/b64pickle-float-1.0=True.txt -&gt; bool ------- using [Try &apos;$&lt;read_str_from_txt&gt; =&gt; &lt;str_to_bool&gt;$&apos; then &apos;$&lt;read_str_from_txt&gt; =&gt; &lt;base64_ascii_str_pickle_to_object&gt; -&gt; &lt;float_to_bool&gt;$&apos; then &apos;$&lt;read_str_from_txt&gt; =&gt; &lt;base64_ascii_str_pickle_to_object&gt; -&gt; &lt;int_to_bool&gt;$&apos; then &apos;$&lt;read_str_from_txt&gt; =&gt; &lt;base64_ascii_str_pickle_to_object&gt; -&gt; &lt;str_to_bool&gt;$&apos; then &apos;$&lt;read_str_from_txt&gt; =&gt; &lt;base64_ascii_str_pickle_to_object&gt;$]&apos;]
(B)                                                                                                  |--b64pickle-float-1.0=True.txt -&gt; bool ------- using $&lt;read_str_from_txt&gt; =&gt; &lt;str_to_bool&gt;$
Parsing Plan created successfully

Executing Parsing Plan for [/home/travis/build/smarie/python-parsyfiles/parsyfiles/tests/combining_parsers_converters/test_data/b64pickle-float-1.0=True]
(P) /home/travis/build/smarie/python-parsyfiles/parsyfiles/tests/combining_parsers_converters/test_data/b64pickle-float-1.0=True.txt -&gt; bool ------- using $&lt;read_str_from_txt&gt; =&gt; &lt;str_to_bool&gt;$
  !! Caught error during execution !!
  File &quot;/home/travis/build/smarie/python-parsyfiles/parsyfiles/converting_core.py&quot;, line 524, in _convert
    return self.conversion_method(desired_type, source_obj, logger, **opts)
  File &quot;/home/travis/build/smarie/python-parsyfiles/parsyfiles/plugins_base/support_for_primitive_types.py&quot;, line 84, in primitive_to_bool
    return bool(strtobool(source))
  File &quot;/opt/python/3.5.5/lib/python3.5/distutils/util.py&quot;, line 317, in strtobool
    raise ValueError(&quot;invalid truth value %r&quot; % (val,))
  ParsingException : Error while parsing /home/travis/build/smarie/python-parsyfiles/parsyfiles/tests/combining_parsers_converters/test_data/b64pickle-float-1.0=True (singlefile, .txt) as a bool with parser &apos;$&lt;read_str_from_txt&gt; =&gt; &lt;str_to_bool&gt;$&apos; using options=({&apos;MultifileCollectionParser&apos;: {&apos;lazy_parsing&apos;: False}}) : caught 
  ValueError : invalid truth value &apos;ganhp/aaaaaaaaau&apos;
Rebuilding local parsing plan with next candidate parser: $&lt;read_str_from_txt&gt; =&gt; &lt;base64_ascii_str_pickle_to_object&gt; -&gt; &lt;float_to_bool&gt;$
(B)                                                                                                  |--b64pickle-float-1.0=True.txt -&gt; bool ------- using $&lt;read_str_from_txt&gt; =&gt; &lt;base64_ascii_str_pickle_to_object&gt; -&gt; &lt;float_to_bool&gt;$
DONE Rebuilding local parsing plan for [/home/travis/build/smarie/python-parsyfiles/parsyfiles/tests/combining_parsers_converters/test_data/b64pickle-float-1.0=True.txt]. Resuming parsing...
Executing Parsing Plan for [/home/travis/build/smarie/python-parsyfiles/parsyfiles/tests/combining_parsers_converters/test_data/b64pickle-float-1.0=True]
(P) /home/travis/build/smarie/python-parsyfiles/parsyfiles/tests/combining_parsers_converters/test_data/b64pickle-float-1.0=True.txt -&gt; bool ------- using $&lt;read_str_from_txt&gt; =&gt; &lt;base64_ascii_str_pickle_to_object&gt; -&gt; &lt;float_to_bool&gt;$
(P)                                                                                                  |--b64pickle-float-1.0=True.txt -&gt; bool SUCCESS !
Completed parsing successfully

**** Starting to parse single object of type &lt;bool&gt; at location /home/travis/build/smarie/python-parsyfiles/parsyfiles/tests/combining_parsers_converters/test_data/b64pickle-float-1.0=True ****
Checking all files under [/home/travis/build/smarie/python-parsyfiles/parsyfiles/tests/combining_parsers_converters/test_data/b64pickle-float-1.0=True]
(C) /home/travis/build/smarie/python-parsyfiles/parsyfiles/tests/combining_parsers_converters/test_data/b64pickle-float-1.0=True (singlefile, .txt)
File checks done

Building a parsing plan to parse [/home/travis/build/smarie/python-parsyfiles/parsyfiles/tests/combining_parsers_converters/test_data/b64pickle-float-1.0=True] into a bool
(B) /home/travis/build/smarie/python-parsyfiles/parsyfiles/tests/combining_parsers_converters/test_data/b64pickle-float-1.0=True.txt -&gt; bool ------- using [Try &apos;$&lt;read_str_from_txt&gt; =&gt; &lt;str_to_bool&gt;$&apos; then &apos;$&lt;read_str_from_txt&gt; =&gt; &lt;base64_ascii_str_pickle_to_object&gt; -&gt; &lt;float_to_bool&gt;$&apos; then &apos;$&lt;read_str_from_txt&gt; =&gt; &lt;base64_ascii_str_pickle_to_object&gt; -&gt; &lt;int_to_bool&gt;$&apos; then &apos;$&lt;read_str_from_txt&gt; =&gt; &lt;base64_ascii_str_pickle_to_object&gt; -&gt; &lt;str_to_bool&gt;$&apos; then &apos;$&lt;read_str_from_txt&gt; =&gt; &lt;base64_ascii_str_pickle_to_object&gt;$]&apos;]
(B)                                                                                                  |--b64pickle-float-1.0=True.txt -&gt; bool ------- using $&lt;read_str_from_txt&gt; =&gt; &lt;str_to_bool&gt;$
Parsing Plan created successfully

Executing Parsing Plan for [/home/travis/build/smarie/python-parsyfiles/parsyfiles/tests/combining_parsers_converters/test_data/b64pickle-float-1.0=True]
(P) /home/travis/build/smarie/python-parsyfiles/parsyfiles/tests/combining_parsers_converters/test_data/b64pickle-float-1.0=True.txt -&gt; bool ------- using $&lt;read_str_from_txt&gt; =&gt; &lt;str_to_bool&gt;$
  !! Caught error during execution !!
  File &quot;/home/travis/build/smarie/python-parsyfiles/parsyfiles/converting_core.py&quot;, line 524, in _convert
    return self.conversion_method(desired_type, source_obj, logger, **opts)
  File &quot;/home/travis/build/smarie/python-parsyfiles/parsyfiles/plugins_base/support_for_primitive_types.py&quot;, line 84, in primitive_to_bool
    return bool(strtobool(source))
  File &quot;/opt/python/3.5.5/lib/python3.5/distutils/util.py&quot;, line 317, in strtobool
    raise ValueError(&quot;invalid truth value %r&quot; % (val,))
  ParsingException : Error while parsing /home/travis/build/smarie/python-parsyfiles/parsyfiles/tests/combining_parsers_converters/test_data/b64pickle-float-1.0=True (singlefile, .txt) as a bool with parser &apos;$&lt;read_str_from_txt&gt; =&gt; &lt;str_to_bool&gt;$&apos; using options=({&apos;MultifileCollectionParser&apos;: {&apos;lazy_parsing&apos;: False}}) : caught 
  ValueError : invalid truth value &apos;ganhp/aaaaaaaaau&apos;
Rebuilding local parsing plan with next candidate parser: $&lt;read_str_from_txt&gt; =&gt; &lt;base64_ascii_str_pickle_to_object&gt; -&gt; &lt;float_to_bool&gt;$
(B)                                                                                                  |--b64pickle-float-1.0=True.txt -&gt; bool ------- using $&lt;read_str_from_txt&gt; =&gt; &lt;base64_ascii_str_pickle_to_object&gt; -&gt; &lt;float_to_bool&gt;$
DONE Rebuilding local parsing plan for [/home/travis/build/smarie/python-parsyfiles/parsyfiles/tests/combining_parsers_converters/test_data/b64pickle-float-1.0=True.txt]. Resuming parsing...
Executing Parsing Plan for [/home/travis/build/smarie/python-parsyfiles/parsyfiles/tests/combining_parsers_converters/test_data/b64pickle-float-1.0=True]
(P) /home/travis/build/smarie/python-parsyfiles/parsyfiles/tests/combining_parsers_converters/test_data/b64pickle-float-1.0=True.txt -&gt; bool ------- using $&lt;read_str_from_txt&gt; =&gt; &lt;base64_ascii_str_pickle_to_object&gt; -&gt; &lt;float_to_bool&gt;$
(P)                                                                                                  |--b64pickle-float-1.0=True.txt -&gt; bool SUCCESS !
Completed parsing successfully

**** Starting to parse single object of type &lt;bool&gt; at location /home/travis/build/smarie/python-parsyfiles/parsyfiles/tests/combining_parsers_converters/test_data/b64pickle-float-1.0=True ****
Checking all files under [/home/travis/build/smarie/python-parsyfiles/parsyfiles/tests/combining_parsers_converters/test_data/b64pickle-float-1.0=True]
(C) /home/travis/build/smarie/python-parsyfiles/parsyfiles/tests/combining_parsers_converters/test_data/b64pickle-float-1.0=True (singlefile, .txt)
File checks done

Building a parsing plan to parse [/home/travis/build/smarie/python-parsyfiles/parsyfiles/tests/combining_parsers_converters/test_data/b64pickle-float-1.0=True] into a bool
(B) /home/travis/build/smarie/python-parsyfiles/parsyfiles/tests/combining_parsers_converters/test_data/b64pickle-float-1.0=True.txt -&gt; bool ------- using [Try &apos;$&lt;read_str_from_txt&gt; =&gt; &lt;str_to_bool&gt;$&apos; then &apos;$&lt;read_str_from_txt&gt; =&gt; &lt;base64_ascii_str_pickle_to_object&gt; -&gt; &lt;float_to_bool&gt;$&apos; then &apos;$&lt;read_str_from_txt&gt; =&gt; &lt;base64_ascii_str_pickle_to_object&gt; -&gt; &lt;int_to_bool&gt;$&apos; then &apos;$&lt;read_str_from_txt&gt; =&gt; &lt;base64_ascii_str_pickle_to_object&gt; -&gt; &lt;str_to_bool&gt;$&apos; then &apos;$&lt;read_str_from_txt&gt; =&gt; &lt;base64_ascii_str_pickle_to_object&gt;$]&apos;]
(B)                                                                                                  |--b64pickle-float-1.0=True.txt -&gt; bool ------- using $&lt;read_str_from_txt&gt; =&gt; &lt;str_to_bool&gt;$
Parsing Plan created successfully

Executing Parsing Plan for [/home/travis/build/smarie/python-parsyfiles/parsyfiles/tests/combining_parsers_converters/test_data/b64pickle-float-1.0=True]
(P) /home/travis/build/smarie/python-parsyfiles/parsyfiles/tests/combining_parsers_converters/test_data/b64pickle-float-1.0=True.txt -&gt; bool ------- using $&lt;read_str_from_txt&gt; =&gt; &lt;str_to_bool&gt;$
  !! Caught error during execution !!
  File &quot;/home/travis/build/smarie/python-parsyfiles/parsyfiles/converting_core.py&quot;, line 524, in _convert
    return self.conversion_method(desired_type, source_obj, logger, **opts)
  File &quot;/home/travis/build/smarie/python-parsyfiles/parsyfiles/plugins_base/support_for_primitive_types.py&quot;, line 84, in primitive_to_bool
    return bool(strtobool(source))
  File &quot;/opt/python/3.5.5/lib/python3.5/distutils/util.py&quot;, line 317, in strtobool
    raise ValueError(&quot;invalid truth value %r&quot; % (val,))
  ParsingException : Error while parsing /home/travis/build/smarie/python-parsyfiles/parsyfiles/tests/combining_parsers_converters/test_data/b64pickle-float-1.0=True (singlefile, .txt) as a bool with parser &apos;$&lt;read_str_from_txt&gt; =&gt; &lt;str_to_bool&gt;$&apos; using options=({&apos;MultifileCollectionParser&apos;: {&apos;lazy_parsing&apos;: False}}) : caught 
  ValueError : invalid truth value &apos;ganhp/aaaaaaaaau&apos;
Rebuilding local parsing plan with next candidate parser: $&lt;read_str_from_txt&gt; =&gt; &lt;base64_ascii_str_pickle_to_object&gt; -&gt; &lt;float_to_bool&gt;$
(B)                                                                                                  |--b64pickle-float-1.0=True.txt -&gt; bool ------- using $&lt;read_str_from_txt&gt; =&gt; &lt;base64_ascii_str_pickle_to_object&gt; -&gt; &lt;float_to_bool&gt;$
DONE Rebuilding local parsing plan for [/home/travis/build/smarie/python-parsyfiles/parsyfiles/tests/combining_parsers_converters/test_data/b64pickle-float-1.0=True.txt]. Resuming parsing...
Executing Parsing Plan for [/home/travis/build/smarie/python-parsyfiles/parsyfiles/tests/combining_parsers_converters/test_data/b64pickle-float-1.0=True]
(P) /home/travis/build/smarie/python-parsyfiles/parsyfiles/tests/combining_parsers_converters/test_data/b64pickle-float-1.0=True.txt -&gt; bool ------- using $&lt;read_str_from_txt&gt; =&gt; &lt;base64_ascii_str_pickle_to_object&gt; -&gt; &lt;float_to_bool&gt;$
(P)                                                                                                  |--b64pickle-float-1.0=True.txt -&gt; bool SUCCESS !
Completed parsing successfully

**** Starting to parse single object of type &lt;bool&gt; at location /home/travis/build/smarie/python-parsyfiles/parsyfiles/tests/combining_parsers_converters/test_data/b64pickle-float-1.0=True ****
Checking all files under [/home/travis/build/smarie/python-parsyfiles/parsyfiles/tests/combining_parsers_converters/test_data/b64pickle-float-1.0=True]
(C) /home/travis/build/smarie/python-parsyfiles/parsyfiles/tests/combining_parsers_converters/test_data/b64pickle-float-1.0=True (singlefile, .txt)
File checks done

Building a parsing plan to parse [/home/travis/build/smarie/python-parsyfiles/parsyfiles/tests/combining_parsers_converters/test_data/b64pickle-float-1.0=True] into a bool
(B) /home/travis/build/smarie/python-parsyfiles/parsyfiles/tests/combining_parsers_converters/test_data/b64pickle-float-1.0=True.txt -&gt; bool ------- using [Try &apos;$&lt;read_str_from_txt&gt; =&gt; &lt;str_to_bool&gt;$&apos; then &apos;$&lt;read_str_from_txt&gt; =&gt; &lt;base64_ascii_str_pickle_to_object&gt; -&gt; &lt;float_to_bool&gt;$&apos; then &apos;$&lt;read_str_from_txt&gt; =&gt; &lt;base64_ascii_str_pickle_to_object&gt; -&gt; &lt;int_to_bool&gt;$&apos; then &apos;$&lt;read_str_from_txt&gt; =&gt; &lt;base64_ascii_str_pickle_to_object&gt; -&gt; &lt;str_to_bool&gt;$&apos; then &apos;$&lt;read_str_from_txt&gt; =&gt; &lt;base64_ascii_str_pickle_to_object&gt;$]&apos;]
(B)                                                                                                  |--b64pickle-float-1.0=True.txt -&gt; bool ------- using $&lt;read_str_from_txt&gt; =&gt; &lt;str_to_bool&gt;$
Parsing Plan created successfully

Executing Parsing Plan for [/home/travis/build/smarie/python-parsyfiles/parsyfiles/tests/combining_parsers_converters/test_data/b64pickle-float-1.0=True]
(P) /home/travis/build/smarie/python-parsyfiles/parsyfiles/tests/combining_parsers_converters/test_data/b64pickle-float-1.0=True.txt -&gt; bool ------- using $&lt;read_str_from_txt&gt; =&gt; &lt;str_to_bool&gt;$
  !! Caught error during execution !!
  File &quot;/home/travis/build/smarie/python-parsyfiles/parsyfiles/converting_core.py&quot;, line 524, in _convert
    return self.conversion_method(desired_type, source_obj, logger, **opts)
  File &quot;/home/travis/build/smarie/python-parsyfiles/parsyfiles/plugins_base/support_for_primitive_types.py&quot;, line 84, in primitive_to_bool
    return bool(strtobool(source))
  File &quot;/opt/python/3.5.5/lib/python3.5/distutils/util.py&quot;, line 317, in strtobool
    raise ValueError(&quot;invalid truth value %r&quot; % (val,))
  ParsingException : Error while parsing /home/travis/build/smarie/python-parsyfiles/parsyfiles/tests/combining_parsers_converters/test_data/b64pickle-float-1.0=True (singlefile, .txt) as a bool with parser &apos;$&lt;read_str_from_txt&gt; =&gt; &lt;str_to_bool&gt;$&apos; using options=({&apos;MultifileCollectionParser&apos;: {&apos;lazy_parsing&apos;: False}}) : caught 
  ValueError : invalid truth value &apos;ganhp/aaaaaaaaau&apos;
Rebuilding local parsing plan with next candidate parser: $&lt;read_str_from_txt&gt; =&gt; &lt;base64_ascii_str_pickle_to_object&gt; -&gt; &lt;float_to_bool&gt;$
(B)                                                                                                  |--b64pickle-float-1.0=True.txt -&gt; bool ------- using $&lt;read_str_from_txt&gt; =&gt; &lt;base64_ascii_str_pickle_to_object&gt; -&gt; &lt;float_to_bool&gt;$
DONE Rebuilding local parsing plan for [/home/travis/build/smarie/python-parsyfiles/parsyfiles/tests/combining_parsers_converters/test_data/b64pickle-float-1.0=True.txt]. Resuming parsing...
Executing Parsing Plan for [/home/travis/build/smarie/python-parsyfiles/parsyfiles/tests/combining_parsers_converters/test_data/b64pickle-float-1.0=True]
(P) /home/travis/build/smarie/python-parsyfiles/parsyfiles/tests/combining_parsers_converters/test_data/b64pickle-float-1.0=True.txt -&gt; bool ------- using $&lt;read_str_from_txt&gt; =&gt; &lt;base64_ascii_str_pickle_to_object&gt; -&gt; &lt;float_to_bool&gt;$
(P)                                                                                                  |--b64pickle-float-1.0=True.txt -&gt; bool SUCCESS !
Completed parsing successfully

**** Starting to parse single object of type &lt;bool&gt; at location /home/travis/build/smarie/python-parsyfiles/parsyfiles/tests/combining_parsers_converters/test_data/b64pickle-float-1.0=True ****
Checking all files under [/home/travis/build/smarie/python-parsyfiles/parsyfiles/tests/combining_parsers_converters/test_data/b64pickle-float-1.0=True]
(C) /home/travis/build/smarie/python-parsyfiles/parsyfiles/tests/combining_parsers_converters/test_data/b64pickle-float-1.0=True (singlefile, .txt)
File checks done

Building a parsing plan to parse [/home/travis/build/smarie/python-parsyfiles/parsyfiles/tests/combining_parsers_converters/test_data/b64pickle-float-1.0=True] into a bool
(B) /home/travis/build/smarie/python-parsyfiles/parsyfiles/tests/combining_parsers_converters/test_data/b64pickle-float-1.0=True.txt -&gt; bool ------- using [Try &apos;$&lt;read_str_from_txt&gt; =&gt; &lt;str_to_bool&gt;$&apos; then &apos;$&lt;read_str_from_txt&gt; =&gt; &lt;base64_ascii_str_pickle_to_object&gt; -&gt; &lt;float_to_bool&gt;$&apos; then &apos;$&lt;read_str_from_txt&gt; =&gt; &lt;base64_ascii_str_pickle_to_object&gt; -&gt; &lt;int_to_bool&gt;$&apos; then &apos;$&lt;read_str_from_txt&gt; =&gt; &lt;base64_ascii_str_pickle_to_object&gt; -&gt; &lt;str_to_bool&gt;$&apos; then &apos;$&lt;read_str_from_txt&gt; =&gt; &lt;base64_ascii_str_pickle_to_object&gt;$]&apos;]
(B)                                                                                                  |--b64pickle-float-1.0=True.txt -&gt; bool ------- using $&lt;read_str_from_txt&gt; =&gt; &lt;str_to_bool&gt;$
Parsing Plan created successfully

Executing Parsing Plan for [/home/travis/build/smarie/python-parsyfiles/parsyfiles/tests/combining_parsers_converters/test_data/b64pickle-float-1.0=True]
(P) /home/travis/build/smarie/python-parsyfiles/parsyfiles/tests/combining_parsers_converters/test_data/b64pickle-float-1.0=True.txt -&gt; bool ------- using $&lt;read_str_from_txt&gt; =&gt; &lt;str_to_bool&gt;$
  !! Caught error during execution !!
  File &quot;/home/travis/build/smarie/python-parsyfiles/parsyfiles/converting_core.py&quot;, line 524, in _convert
    return self.conversion_method(desired_type, source_obj, logger, **opts)
  File &quot;/home/travis/build/smarie/python-parsyfiles/parsyfiles/plugins_base/support_for_primitive_types.py&quot;, line 84, in primitive_to_bool
    return bool(strtobool(source))
  File &quot;/opt/python/3.5.5/lib/python3.5/distutils/util.py&quot;, line 317, in strtobool
    raise ValueError(&quot;invalid truth value %r&quot; % (val,))
  ParsingException : Error while parsing /home/travis/build/smarie/python-parsyfiles/parsyfiles/tests/combining_parsers_converters/test_data/b64pickle-float-1.0=True (singlefile, .txt) as a bool with parser &apos;$&lt;read_str_from_txt&gt; =&gt; &lt;str_to_bool&gt;$&apos; using options=({&apos;MultifileCollectionParser&apos;: {&apos;lazy_parsing&apos;: False}}) : caught 
  ValueError : invalid truth value &apos;ganhp/aaaaaaaaau&apos;
Rebuilding local parsing plan with next candidate parser: $&lt;read_str_from_txt&gt; =&gt; &lt;base64_ascii_str_pickle_to_object&gt; -&gt; &lt;float_to_bool&gt;$
(B)                                                                                                  |--b64pickle-float-1.0=True.txt -&gt; bool ------- using $&lt;read_str_from_txt&gt; =&gt; &lt;base64_ascii_str_pickle_to_object&gt; -&gt; &lt;float_to_bool&gt;$
DONE Rebuilding local parsing plan for [/home/travis/build/smarie/python-parsyfiles/parsyfiles/tests/combining_parsers_converters/test_data/b64pickle-float-1.0=True.txt]. Resuming parsing...
Executing Parsing Plan for [/home/travis/build/smarie/python-parsyfiles/parsyfiles/tests/combining_parsers_converters/test_data/b64pickle-float-1.0=True]
(P) /home/travis/build/smarie/python-parsyfiles/parsyfiles/tests/combining_parsers_converters/test_data/b64pickle-float-1.0=True.txt -&gt; bool ------- using $&lt;read_str_from_txt&gt; =&gt; &lt;base64_ascii_str_pickle_to_object&gt; -&gt; &lt;float_to_bool&gt;$
(P)                                                                                                  |--b64pickle-float-1.0=True.txt -&gt; bool SUCCESS !
Completed parsing successfully

**** Starting to parse single object of type &lt;bool&gt; at location /home/travis/build/smarie/python-parsyfiles/parsyfiles/tests/combining_parsers_converters/test_data/b64pickle-float-1.0=True ****
Checking all files under [/home/travis/build/smarie/python-parsyfiles/parsyfiles/tests/combining_parsers_converters/test_data/b64pickle-float-1.0=True]
(C) /home/travis/build/smarie/python-parsyfiles/parsyfiles/tests/combining_parsers_converters/test_data/b64pickle-float-1.0=True (singlefile, .txt)
File checks done

Building a parsing plan to parse [/home/travis/build/smarie/python-parsyfiles/parsyfiles/tests/combining_parsers_converters/test_data/b64pickle-float-1.0=True] into a bool
(B) /home/travis/build/smarie/python-parsyfiles/parsyfiles/tests/combining_parsers_converters/test_data/b64pickle-float-1.0=True.txt -&gt; bool ------- using [Try &apos;$&lt;read_str_from_txt&gt; =&gt; &lt;str_to_bool&gt;$&apos; then &apos;$&lt;read_str_from_txt&gt; =&gt; &lt;base64_ascii_str_pickle_to_object&gt; -&gt; &lt;float_to_bool&gt;$&apos; then &apos;$&lt;read_str_from_txt&gt; =&gt; &lt;base64_ascii_str_pickle_to_object&gt; -&gt; &lt;int_to_bool&gt;$&apos; then &apos;$&lt;read_str_from_txt&gt; =&gt; &lt;base64_ascii_str_pickle_to_object&gt; -&gt; &lt;str_to_bool&gt;$&apos; then &apos;$&lt;read_str_from_txt&gt; =&gt; &lt;base64_ascii_str_pickle_to_object&gt;$]&apos;]
(B)                                                                                                  |--b64pickle-float-1.0=True.txt -&gt; bool ------- using $&lt;read_str_from_txt&gt; =&gt; &lt;str_to_bool&gt;$
Parsing Plan created successfully

Executing Parsing Plan for [/home/travis/build/smarie/python-parsyfiles/parsyfiles/tests/combining_parsers_converters/test_data/b64pickle-float-1.0=True]
(P) /home/travis/build/smarie/python-parsyfiles/parsyfiles/tests/combining_parsers_converters/test_data/b64pickle-float-1.0=True.txt -&gt; bool ------- using $&lt;read_str_from_txt&gt; =&gt; &lt;str_to_bool&gt;$
  !! Caught error during execution !!
  File &quot;/home/travis/build/smarie/python-parsyfiles/parsyfiles/converting_core.py&quot;, line 524, in _convert
    return self.conversion_method(desired_type, source_obj, logger, **opts)
  File &quot;/home/travis/build/smarie/python-parsyfiles/parsyfiles/plugins_base/support_for_primitive_types.py&quot;, line 84, in primitive_to_bool
    return bool(strtobool(source))
  File &quot;/opt/python/3.5.5/lib/python3.5/distutils/util.py&quot;, line 317, in strtobool
    raise ValueError(&quot;invalid truth value %r&quot; % (val,))
  ParsingException : Error while parsing /home/travis/build/smarie/python-parsyfiles/parsyfiles/tests/combining_parsers_converters/test_data/b64pickle-float-1.0=True (singlefile, .txt) as a bool with parser &apos;$&lt;read_str_from_txt&gt; =&gt; &lt;str_to_bool&gt;$&apos; using options=({&apos;MultifileCollectionParser&apos;: {&apos;lazy_parsing&apos;: False}}) : caught 
  ValueError : invalid truth value &apos;ganhp/aaaaaaaaau&apos;
Rebuilding local parsing plan with next candidate parser: $&lt;read_str_from_txt&gt; =&gt; &lt;base64_ascii_str_pickle_to_object&gt; -&gt; &lt;float_to_bool&gt;$
(B)                                                                                                  |--b64pickle-float-1.0=True.txt -&gt; bool ------- using $&lt;read_str_from_txt&gt; =&gt; &lt;base64_ascii_str_pickle_to_object&gt; -&gt; &lt;float_to_bool&gt;$
DONE Rebuilding local parsing plan for [/home/travis/build/smarie/python-parsyfiles/parsyfiles/tests/combining_parsers_converters/test_data/b64pickle-float-1.0=True.txt]. Resuming parsing...
Executing Parsing Plan for [/home/travis/build/smarie/python-parsyfiles/parsyfiles/tests/combining_parsers_converters/test_data/b64pickle-float-1.0=True]
(P) /home/travis/build/smarie/python-parsyfiles/parsyfiles/tests/combining_parsers_converters/test_data/b64pickle-float-1.0=True.txt -&gt; bool ------- using $&lt;read_str_from_txt&gt; =&gt; &lt;base64_ascii_str_pickle_to_object&gt; -&gt; &lt;float_to_bool&gt;$
(P)                                                                                                  |--b64pickle-float-1.0=True.txt -&gt; bool SUCCESS !
Completed parsing successfully

**** Starting to parse single object of type &lt;bool&gt; at location /home/travis/build/smarie/python-parsyfiles/parsyfiles/tests/combining_parsers_converters/test_data/b64pickle-float-1.0=True ****
Checking all files under [/home/travis/build/smarie/python-parsyfiles/parsyfiles/tests/combining_parsers_converters/test_data/b64pickle-float-1.0=True]
(C) /home/travis/build/smarie/python-parsyfiles/parsyfiles/tests/combining_parsers_converters/test_data/b64pickle-float-1.0=True (singlefile, .txt)
File checks done

Building a parsing plan to parse [/home/travis/build/smarie/python-parsyfiles/parsyfiles/tests/combining_parsers_converters/test_data/b64pickle-float-1.0=True] into a bool
(B) /home/travis/build/smarie/python-parsyfiles/parsyfiles/tests/combining_parsers_converters/test_data/b64pickle-float-1.0=True.txt -&gt; bool ------- using [Try &apos;$&lt;read_str_from_txt&gt; =&gt; &lt;str_to_bool&gt;$&apos; then &apos;$&lt;read_str_from_txt&gt; =&gt; &lt;base64_ascii_str_pickle_to_object&gt; -&gt; &lt;float_to_bool&gt;$&apos; then &apos;$&lt;read_str_from_txt&gt; =&gt; &lt;base64_ascii_str_pickle_to_object&gt; -&gt; &lt;int_to_bool&gt;$&apos; then &apos;$&lt;read_str_from_txt&gt; =&gt; &lt;base64_ascii_str_pickle_to_object&gt; -&gt; &lt;str_to_bool&gt;$&apos; then &apos;$&lt;read_str_from_txt&gt; =&gt; &lt;base64_ascii_str_pickle_to_object&gt;$]&apos;]
(B)                                                                                                  |--b64pickle-float-1.0=True.txt -&gt; bool ------- using $&lt;read_str_from_txt&gt; =&gt; &lt;str_to_bool&gt;$
Parsing Plan created successfully

Executing Parsing Plan for [/home/travis/build/smarie/python-parsyfiles/parsyfiles/tests/combining_parsers_converters/test_data/b64pickle-float-1.0=True]
(P) /home/travis/build/smarie/python-parsyfiles/parsyfiles/tests/combining_parsers_converters/test_data/b64pickle-float-1.0=True.txt -&gt; bool ------- using $&lt;read_str_from_txt&gt; =&gt; &lt;str_to_bool&gt;$
  !! Caught error during execution !!
  File &quot;/home/travis/build/smarie/python-parsyfiles/parsyfiles/converting_core.py&quot;, line 524, in _convert
    return self.conversion_method(desired_type, source_obj, logger, **opts)
  File &quot;/home/travis/build/smarie/python-parsyfiles/parsyfiles/plugins_base/support_for_primitive_types.py&quot;, line 84, in primitive_to_bool
    return bool(strtobool(source))
  File &quot;/opt/python/3.5.5/lib/python3.5/distutils/util.py&quot;, line 317, in strtobool
    raise ValueError(&quot;invalid truth value %r&quot; % (val,))
  ParsingException : Error while parsing /home/travis/build/smarie/python-parsyfiles/parsyfiles/tests/combining_parsers_converters/test_data/b64pickle-float-1.0=True (singlefile, .txt) as a bool with parser &apos;$&lt;read_str_from_txt&gt; =&gt; &lt;str_to_bool&gt;$&apos; using options=({&apos;MultifileCollectionParser&apos;: {&apos;lazy_parsing&apos;: False}}) : caught 
  ValueError : invalid truth value &apos;ganhp/aaaaaaaaau&apos;
Rebuilding local parsing plan with next candidate parser: $&lt;read_str_from_txt&gt; =&gt; &lt;base64_ascii_str_pickle_to_object&gt; -&gt; &lt;float_to_bool&gt;$
(B)                                                                                                  |--b64pickle-float-1.0=True.txt -&gt; bool ------- using $&lt;read_str_from_txt&gt; =&gt; &lt;base64_ascii_str_pickle_to_object&gt; -&gt; &lt;float_to_bool&gt;$
DONE Rebuilding local parsing plan for [/home/travis/build/smarie/python-parsyfiles/parsyfiles/tests/combining_parsers_converters/test_data/b64pickle-float-1.0=True.txt]. Resuming parsing...
Executing Parsing Plan for [/home/travis/build/smarie/python-parsyfiles/parsyfiles/tests/combining_parsers_converters/test_data/b64pickle-float-1.0=True]
(P) /home/travis/build/smarie/python-parsyfiles/parsyfiles/tests/combining_parsers_converters/test_data/b64pickle-float-1.0=True.txt -&gt; bool ------- using $&lt;read_str_from_txt&gt; =&gt; &lt;base64_ascii_str_pickle_to_object&gt; -&gt; &lt;float_to_bool&gt;$
(P)                                                                                                  |--b64pickle-float-1.0=True.txt -&gt; bool SUCCESS !
Completed parsing successfully

**** Starting to parse single object of type &lt;bool&gt; at location /home/travis/build/smarie/python-parsyfiles/parsyfiles/tests/combining_parsers_converters/test_data/b64pickle-float-1.0=True ****
Checking all files under [/home/travis/build/smarie/python-parsyfiles/parsyfiles/tests/combining_parsers_converters/test_data/b64pickle-float-1.0=True]
(C) /home/travis/build/smarie/python-parsyfiles/parsyfiles/tests/combining_parsers_converters/test_data/b64pickle-float-1.0=True (singlefile, .txt)
File checks done

Building a parsing plan to parse [/home/travis/build/smarie/python-parsyfiles/parsyfiles/tests/combining_parsers_converters/test_data/b64pickle-float-1.0=True] into a bool
(B) /home/travis/build/smarie/python-parsyfiles/parsyfiles/tests/combining_parsers_converters/test_data/b64pickle-float-1.0=True.txt -&gt; bool ------- using [Try &apos;$&lt;read_str_from_txt&gt; =&gt; &lt;str_to_bool&gt;$&apos; then &apos;$&lt;read_str_from_txt&gt; =&gt; &lt;base64_ascii_str_pickle_to_object&gt; -&gt; &lt;float_to_bool&gt;$&apos; then &apos;$&lt;read_str_from_txt&gt; =&gt; &lt;base64_ascii_str_pickle_to_object&gt; -&gt; &lt;int_to_bool&gt;$&apos; then &apos;$&lt;read_str_from_txt&gt; =&gt; &lt;base64_ascii_str_pickle_to_object&gt; -&gt; &lt;str_to_bool&gt;$&apos; then &apos;$&lt;read_str_from_txt&gt; =&gt; &lt;base64_ascii_str_pickle_to_object&gt;$]&apos;]
(B)                                                                                                  |--b64pickle-float-1.0=True.txt -&gt; bool ------- using $&lt;read_str_from_txt&gt; =&gt; &lt;str_to_bool&gt;$
Parsing Plan created successfully

Executing Parsing Plan for [/home/travis/build/smarie/python-parsyfiles/parsyfiles/tests/combining_parsers_converters/test_data/b64pickle-float-1.0=True]
(P) /home/travis/build/smarie/python-parsyfiles/parsyfiles/tests/combining_parsers_converters/test_data/b64pickle-float-1.0=True.txt -&gt; bool ------- using $&lt;read_str_from_txt&gt; =&gt; &lt;str_to_bool&gt;$
  !! Caught error during execution !!
  File &quot;/home/travis/build/smarie/python-parsyfiles/parsyfiles/converting_core.py&quot;, line 524, in _convert
    return self.conversion_method(desired_type, source_obj, logger, **opts)
  File &quot;/home/travis/build/smarie/python-parsyfiles/parsyfiles/plugins_base/support_for_primitive_types.py&quot;, line 84, in primitive_to_bool
    return bool(strtobool(source))
  File &quot;/opt/python/3.5.5/lib/python3.5/distutils/util.py&quot;, line 317, in strtobool
    raise ValueError(&quot;invalid truth value %r&quot; % (val,))
  ParsingException : Error while parsing /home/travis/build/smarie/python-parsyfiles/parsyfiles/tests/combining_parsers_converters/test_data/b64pickle-float-1.0=True (singlefile, .txt) as a bool with parser &apos;$&lt;read_str_from_txt&gt; =&gt; &lt;str_to_bool&gt;$&apos; using options=({&apos;MultifileCollectionParser&apos;: {&apos;lazy_parsing&apos;: False}}) : caught 
  ValueError : invalid truth value &apos;ganhp/aaaaaaaaau&apos;
Rebuilding local parsing plan with next candidate parser: $&lt;read_str_from_txt&gt; =&gt; &lt;base64_ascii_str_pickle_to_object&gt; -&gt; &lt;float_to_bool&gt;$
(B)                                                                                                  |--b64pickle-float-1.0=True.txt -&gt; bool ------- using $&lt;read_str_from_txt&gt; =&gt; &lt;base64_ascii_str_pickle_to_object&gt; -&gt; &lt;float_to_bool&gt;$
DONE Rebuilding local parsing plan for [/home/travis/build/smarie/python-parsyfiles/parsyfiles/tests/combining_parsers_converters/test_data/b64pickle-float-1.0=True.txt]. Resuming parsing...
Executing Parsing Plan for [/home/travis/build/smarie/python-parsyfiles/parsyfiles/tests/combining_parsers_converters/test_data/b64pickle-float-1.0=True]
(P) /home/travis/build/smarie/python-parsyfiles/parsyfiles/tests/combining_parsers_converters/test_data/b64pickle-float-1.0=True.txt -&gt; bool ------- using $&lt;read_str_from_txt&gt; =&gt; &lt;base64_ascii_str_pickle_to_object&gt; -&gt; &lt;float_to_bool&gt;$
(P)                                                                                                  |--b64pickle-float-1.0=True.txt -&gt; bool SUCCESS !
Completed parsing successfully

**** Starting to parse single object of type &lt;bool&gt; at location /home/travis/build/smarie/python-parsyfiles/parsyfiles/tests/combining_parsers_converters/test_data/b64pickle-float-1.0=True ****
Checking all files under [/home/travis/build/smarie/python-parsyfiles/parsyfiles/tests/combining_parsers_converters/test_data/b64pickle-float-1.0=True]
(C) /home/travis/build/smarie/python-parsyfiles/parsyfiles/tests/combining_parsers_converters/test_data/b64pickle-float-1.0=True (singlefile, .txt)
File checks done

Building a parsing plan to parse [/home/travis/build/smarie/python-parsyfiles/parsyfiles/tests/combining_parsers_converters/test_data/b64pickle-float-1.0=True] into a bool
(B) /home/travis/build/smarie/python-parsyfiles/parsyfiles/tests/combining_parsers_converters/test_data/b64pickle-float-1.0=True.txt -&gt; bool ------- using [Try &apos;$&lt;read_str_from_txt&gt; =&gt; &lt;str_to_bool&gt;$&apos; then &apos;$&lt;read_str_from_txt&gt; =&gt; &lt;base64_ascii_str_pickle_to_object&gt; -&gt; &lt;float_to_bool&gt;$&apos; then &apos;$&lt;read_str_from_txt&gt; =&gt; &lt;base64_ascii_str_pickle_to_object&gt; -&gt; &lt;int_to_bool&gt;$&apos; then &apos;$&lt;read_str_from_txt&gt; =&gt; &lt;base64_ascii_str_pickle_to_object&gt; -&gt; &lt;str_to_bool&gt;$&apos; then &apos;$&lt;read_str_from_txt&gt; =&gt; &lt;base64_ascii_str_pickle_to_object&gt;$]&apos;]
(B)                                                                                                  |--b64pickle-float-1.0=True.txt -&gt; bool ------- using $&lt;read_str_from_txt&gt; =&gt; &lt;str_to_bool&gt;$
Parsing Plan created successfully

Executing Parsing Plan for [/home/travis/build/smarie/python-parsyfiles/parsyfiles/tests/combining_parsers_converters/test_data/b64pickle-float-1.0=True]
(P) /home/travis/build/smarie/python-parsyfiles/parsyfiles/tests/combining_parsers_converters/test_data/b64pickle-float-1.0=True.txt -&gt; bool ------- using $&lt;read_str_from_txt&gt; =&gt; &lt;str_to_bool&gt;$
  !! Caught error during execution !!
  File &quot;/home/travis/build/smarie/python-parsyfiles/parsyfiles/converting_core.py&quot;, line 524, in _convert
    return self.conversion_method(desired_type, source_obj, logger, **opts)
  File &quot;/home/travis/build/smarie/python-parsyfiles/parsyfiles/plugins_base/support_for_primitive_types.py&quot;, line 84, in primitive_to_bool
    return bool(strtobool(source))
  File &quot;/opt/python/3.5.5/lib/python3.5/distutils/util.py&quot;, line 317, in strtobool
    raise ValueError(&quot;invalid truth value %r&quot; % (val,))
  ParsingException : Error while parsing /home/travis/build/smarie/python-parsyfiles/parsyfiles/tests/combining_parsers_converters/test_data/b64pickle-float-1.0=True (singlefile, .txt) as a bool with parser &apos;$&lt;read_str_from_txt&gt; =&gt; &lt;str_to_bool&gt;$&apos; using options=({&apos;MultifileCollectionParser&apos;: {&apos;lazy_parsing&apos;: False}}) : caught 
  ValueError : invalid truth value &apos;ganhp/aaaaaaaaau&apos;
Rebuilding local parsing plan with next candidate parser: $&lt;read_str_from_txt&gt; =&gt; &lt;base64_ascii_str_pickle_to_object&gt; -&gt; &lt;float_to_bool&gt;$
(B)                                                                                                  |--b64pickle-float-1.0=True.txt -&gt; bool ------- using $&lt;read_str_from_txt&gt; =&gt; &lt;base64_ascii_str_pickle_to_object&gt; -&gt; &lt;float_to_bool&gt;$
DONE Rebuilding local parsing plan for [/home/travis/build/smarie/python-parsyfiles/parsyfiles/tests/combining_parsers_converters/test_data/b64pickle-float-1.0=True.txt]. Resuming parsing...
Executing Parsing Plan for [/home/travis/build/smarie/python-parsyfiles/parsyfiles/tests/combining_parsers_converters/test_data/b64pickle-float-1.0=True]
(P) /home/travis/build/smarie/python-parsyfiles/parsyfiles/tests/combining_parsers_converters/test_data/b64pickle-float-1.0=True.txt -&gt; bool ------- using $&lt;read_str_from_txt&gt; =&gt; &lt;base64_ascii_str_pickle_to_object&gt; -&gt; &lt;float_to_bool&gt;$
(P)                                                                                                  |--b64pickle-float-1.0=True.txt -&gt; bool SUCCESS !
Completed parsing successfully

**** Starting to parse single object of type &lt;bool&gt; at location /home/travis/build/smarie/python-parsyfiles/parsyfiles/tests/combining_parsers_converters/test_data/b64pickle-float-1.0=True ****
Checking all files under [/home/travis/build/smarie/python-parsyfiles/parsyfiles/tests/combining_parsers_converters/test_data/b64pickle-float-1.0=True]
(C) /home/travis/build/smarie/python-parsyfiles/parsyfiles/tests/combining_parsers_converters/test_data/b64pickle-float-1.0=True (singlefile, .txt)
File checks done

Building a parsing plan to parse [/home/travis/build/smarie/python-parsyfiles/parsyfiles/tests/combining_parsers_converters/test_data/b64pickle-float-1.0=True] into a bool
(B) /home/travis/build/smarie/python-parsyfiles/parsyfiles/tests/combining_parsers_converters/test_data/b64pickle-float-1.0=True.txt -&gt; bool ------- using [Try &apos;$&lt;read_str_from_txt&gt; =&gt; &lt;str_to_bool&gt;$&apos; then &apos;$&lt;read_str_from_txt&gt; =&gt; &lt;base64_ascii_str_pickle_to_object&gt; -&gt; &lt;float_to_bool&gt;$&apos; then &apos;$&lt;read_str_from_txt&gt; =&gt; &lt;base64_ascii_str_pickle_to_object&gt; -&gt; &lt;int_to_bool&gt;$&apos; then &apos;$&lt;read_str_from_txt&gt; =&gt; &lt;base64_ascii_str_pickle_to_object&gt; -&gt; &lt;str_to_bool&gt;$&apos; then &apos;$&lt;read_str_from_txt&gt; =&gt; &lt;base64_ascii_str_pickle_to_object&gt;$]&apos;]
(B)                                                                                                  |--b64pickle-float-1.0=True.txt -&gt; bool ------- using $&lt;read_str_from_txt&gt; =&gt; &lt;str_to_bool&gt;$
Parsing Plan created successfully

Executing Parsing Plan for [/home/travis/build/smarie/python-parsyfiles/parsyfiles/tests/combining_parsers_converters/test_data/b64pickle-float-1.0=True]
(P) /home/travis/build/smarie/python-parsyfiles/parsyfiles/tests/combining_parsers_converters/test_data/b64pickle-float-1.0=True.txt -&gt; bool ------- using $&lt;read_str_from_txt&gt; =&gt; &lt;str_to_bool&gt;$
  !! Caught error during execution !!
  File &quot;/home/travis/build/smarie/python-parsyfiles/parsyfiles/converting_core.py&quot;, line 524, in _convert
    return self.conversion_method(desired_type, source_obj, logger, **opts)
  File &quot;/home/travis/build/smarie/python-parsyfiles/parsyfiles/plugins_base/support_for_primitive_types.py&quot;, line 84, in primitive_to_bool
    return bool(strtobool(source))
  File &quot;/opt/python/3.5.5/lib/python3.5/distutils/util.py&quot;, line 317, in strtobool
    raise ValueError(&quot;invalid truth value %r&quot; % (val,))
  ParsingException : Error while parsing /home/travis/build/smarie/python-parsyfiles/parsyfiles/tests/combining_parsers_converters/test_data/b64pickle-float-1.0=True (singlefile, .txt) as a bool with parser &apos;$&lt;read_str_from_txt&gt; =&gt; &lt;str_to_bool&gt;$&apos; using options=({&apos;MultifileCollectionParser&apos;: {&apos;lazy_parsing&apos;: False}}) : caught 
  ValueError : invalid truth value &apos;ganhp/aaaaaaaaau&apos;
Rebuilding local parsing plan with next candidate parser: $&lt;read_str_from_txt&gt; =&gt; &lt;base64_ascii_str_pickle_to_object&gt; -&gt; &lt;float_to_bool&gt;$
(B)                                                                                                  |--b64pickle-float-1.0=True.txt -&gt; bool ------- using $&lt;read_str_from_txt&gt; =&gt; &lt;base64_ascii_str_pickle_to_object&gt; -&gt; &lt;float_to_bool&gt;$
DONE Rebuilding local parsing plan for [/home/travis/build/smarie/python-parsyfiles/parsyfiles/tests/combining_parsers_converters/test_data/b64pickle-float-1.0=True.txt]. Resuming parsing...
Executing Parsing Plan for [/home/travis/build/smarie/python-parsyfiles/parsyfiles/tests/combining_parsers_converters/test_data/b64pickle-float-1.0=True]
(P) /home/travis/build/smarie/python-parsyfiles/parsyfiles/tests/combining_parsers_converters/test_data/b64pickle-float-1.0=True.txt -&gt; bool ------- using $&lt;read_str_from_txt&gt; =&gt; &lt;base64_ascii_str_pickle_to_object&gt; -&gt; &lt;float_to_bool&gt;$
(P)                                                                                                  |--b64pickle-float-1.0=True.txt -&gt; bool SUCCESS !
Completed parsing successfully

**** Starting to parse single object of type &lt;bool&gt; at location /home/travis/build/smarie/python-parsyfiles/parsyfiles/tests/combining_parsers_converters/test_data/b64pickle-float-1.0=True ****
Checking all files under [/home/travis/build/smarie/python-parsyfiles/parsyfiles/tests/combining_parsers_converters/test_data/b64pickle-float-1.0=True]
(C) /home/travis/build/smarie/python-parsyfiles/parsyfiles/tests/combining_parsers_converters/test_data/b64pickle-float-1.0=True (singlefile, .txt)
File checks done

Building a parsing plan to parse [/home/travis/build/smarie/python-parsyfiles/parsyfiles/tests/combining_parsers_converters/test_data/b64pickle-float-1.0=True] into a bool
(B) /home/travis/build/smarie/python-parsyfiles/parsyfiles/tests/combining_parsers_converters/test_data/b64pickle-float-1.0=True.txt -&gt; bool ------- using [Try &apos;$&lt;read_str_from_txt&gt; =&gt; &lt;str_to_bool&gt;$&apos; then &apos;$&lt;read_str_from_txt&gt; =&gt; &lt;base64_ascii_str_pickle_to_object&gt; -&gt; &lt;float_to_bool&gt;$&apos; then &apos;$&lt;read_str_from_txt&gt; =&gt; &lt;base64_ascii_str_pickle_to_object&gt; -&gt; &lt;int_to_bool&gt;$&apos; then &apos;$&lt;read_str_from_txt&gt; =&gt; &lt;base64_ascii_str_pickle_to_object&gt; -&gt; &lt;str_to_bool&gt;$&apos; then &apos;$&lt;read_str_from_txt&gt; =&gt; &lt;base64_ascii_str_pickle_to_object&gt;$]&apos;]
(B)                                                                                                  |--b64pickle-float-1.0=True.txt -&gt; bool ------- using $&lt;read_str_from_txt&gt; =&gt; &lt;str_to_bool&gt;$
Parsing Plan created successfully

Executing Parsing Plan for [/home/travis/build/smarie/python-parsyfiles/parsyfiles/tests/combining_parsers_converters/test_data/b64pickle-float-1.0=True]
(P) /home/travis/build/smarie/python-parsyfiles/parsyfiles/tests/combining_parsers_converters/test_data/b64pickle-float-1.0=True.txt -&gt; bool ------- using $&lt;read_str_from_txt&gt; =&gt; &lt;str_to_bool&gt;$
  !! Caught error during execution !!
  File &quot;/home/travis/build/smarie/python-parsyfiles/parsyfiles/converting_core.py&quot;, line 524, in _convert
    return self.conversion_method(desired_type, source_obj, logger, **opts)
  File &quot;/home/travis/build/smarie/python-parsyfiles/parsyfiles/plugins_base/support_for_primitive_types.py&quot;, line 84, in primitive_to_bool
    return bool(strtobool(source))
  File &quot;/opt/python/3.5.5/lib/python3.5/distutils/util.py&quot;, line 317, in strtobool
    raise ValueError(&quot;invalid truth value %r&quot; % (val,))
  ParsingException : Error while parsing /home/travis/build/smarie/python-parsyfiles/parsyfiles/tests/combining_parsers_converters/test_data/b64pickle-float-1.0=True (singlefile, .txt) as a bool with parser &apos;$&lt;read_str_from_txt&gt; =&gt; &lt;str_to_bool&gt;$&apos; using options=({&apos;MultifileCollectionParser&apos;: {&apos;lazy_parsing&apos;: False}}) : caught 
  ValueError : invalid truth value &apos;ganhp/aaaaaaaaau&apos;
Rebuilding local parsing plan with next candidate parser: $&lt;read_str_from_txt&gt; =&gt; &lt;base64_ascii_str_pickle_to_object&gt; -&gt; &lt;float_to_bool&gt;$
(B)                                                                                                  |--b64pickle-float-1.0=True.txt -&gt; bool ------- using $&lt;read_str_from_txt&gt; =&gt; &lt;base64_ascii_str_pickle_to_object&gt; -&gt; &lt;float_to_bool&gt;$
DONE Rebuilding local parsing plan for [/home/travis/build/smarie/python-parsyfiles/parsyfiles/tests/combining_parsers_converters/test_data/b64pickle-float-1.0=True.txt]. Resuming parsing...
Executing Parsing Plan for [/home/travis/build/smarie/python-parsyfiles/parsyfiles/tests/combining_parsers_converters/test_data/b64pickle-float-1.0=True]
(P) /home/travis/build/smarie/python-parsyfiles/parsyfiles/tests/combining_parsers_converters/test_data/b64pickle-float-1.0=True.txt -&gt; bool ------- using $&lt;read_str_from_txt&gt; =&gt; &lt;base64_ascii_str_pickle_to_object&gt; -&gt; &lt;float_to_bool&gt;$
(P)                                                                                                  |--b64pickle-float-1.0=True.txt -&gt; bool SUCCESS !
Completed parsing successfully

**** Starting to parse single object of type &lt;bool&gt; at location /home/travis/build/smarie/python-parsyfiles/parsyfiles/tests/combining_parsers_converters/test_data/b64pickle-float-1.0=True ****
Checking all files under [/home/travis/build/smarie/python-parsyfiles/parsyfiles/tests/combining_parsers_converters/test_data/b64pickle-float-1.0=True]
(C) /home/travis/build/smarie/python-parsyfiles/parsyfiles/tests/combining_parsers_converters/test_data/b64pickle-float-1.0=True (singlefile, .txt)
File checks done

Building a parsing plan to parse [/home/travis/build/smarie/python-parsyfiles/parsyfiles/tests/combining_parsers_converters/test_data/b64pickle-float-1.0=True] into a bool
(B) /home/travis/build/smarie/python-parsyfiles/parsyfiles/tests/combining_parsers_converters/test_data/b64pickle-float-1.0=True.txt -&gt; bool ------- using [Try &apos;$&lt;read_str_from_txt&gt; =&gt; &lt;str_to_bool&gt;$&apos; then &apos;$&lt;read_str_from_txt&gt; =&gt; &lt;base64_ascii_str_pickle_to_object&gt; -&gt; &lt;float_to_bool&gt;$&apos; then &apos;$&lt;read_str_from_txt&gt; =&gt; &lt;base64_ascii_str_pickle_to_object&gt; -&gt; &lt;int_to_bool&gt;$&apos; then &apos;$&lt;read_str_from_txt&gt; =&gt; &lt;base64_ascii_str_pickle_to_object&gt; -&gt; &lt;str_to_bool&gt;$&apos; then &apos;$&lt;read_str_from_txt&gt; =&gt; &lt;base64_ascii_str_pickle_to_object&gt;$]&apos;]
(B)                                                                                                  |--b64pickle-float-1.0=True.txt -&gt; bool ------- using $&lt;read_str_from_txt&gt; =&gt; &lt;str_to_bool&gt;$
Parsing Plan created successfully

Executing Parsing Plan for [/home/travis/build/smarie/python-parsyfiles/parsyfiles/tests/combining_parsers_converters/test_data/b64pickle-float-1.0=True]
(P) /home/travis/build/smarie/python-parsyfiles/parsyfiles/tests/combining_parsers_converters/test_data/b64pickle-float-1.0=True.txt -&gt; bool ------- using $&lt;read_str_from_txt&gt; =&gt; &lt;str_to_bool&gt;$
  !! Caught error during execution !!
  File &quot;/home/travis/build/smarie/python-parsyfiles/parsyfiles/converting_core.py&quot;, line 524, in _convert
    return self.conversion_method(desired_type, source_obj, logger, **opts)
  File &quot;/home/travis/build/smarie/python-parsyfiles/parsyfiles/plugins_base/support_for_primitive_types.py&quot;, line 84, in primitive_to_bool
    return bool(strtobool(source))
  File &quot;/opt/python/3.5.5/lib/python3.5/distutils/util.py&quot;, line 317, in strtobool
    raise ValueError(&quot;invalid truth value %r&quot; % (val,))
  ParsingException : Error while parsing /home/travis/build/smarie/python-parsyfiles/parsyfiles/tests/combining_parsers_converters/test_data/b64pickle-float-1.0=True (singlefile, .txt) as a bool with parser &apos;$&lt;read_str_from_txt&gt; =&gt; &lt;str_to_bool&gt;$&apos; using options=({&apos;MultifileCollectionParser&apos;: {&apos;lazy_parsing&apos;: False}}) : caught 
  ValueError : invalid truth value &apos;ganhp/aaaaaaaaau&apos;
Rebuilding local parsing plan with next candidate parser: $&lt;read_str_from_txt&gt; =&gt; &lt;base64_ascii_str_pickle_to_object&gt; -&gt; &lt;float_to_bool&gt;$
(B)                                                                                                  |--b64pickle-float-1.0=True.txt -&gt; bool ------- using $&lt;read_str_from_txt&gt; =&gt; &lt;base64_ascii_str_pickle_to_object&gt; -&gt; &lt;float_to_bool&gt;$
DONE Rebuilding local parsing plan for [/home/travis/build/smarie/python-parsyfiles/parsyfiles/tests/combining_parsers_converters/test_data/b64pickle-float-1.0=True.txt]. Resuming parsing...
Executing Parsing Plan for [/home/travis/build/smarie/python-parsyfiles/parsyfiles/tests/combining_parsers_converters/test_data/b64pickle-float-1.0=True]
(P) /home/travis/build/smarie/python-parsyfiles/parsyfiles/tests/combining_parsers_converters/test_data/b64pickle-float-1.0=True.txt -&gt; bool ------- using $&lt;read_str_from_txt&gt; =&gt; &lt;base64_ascii_str_pickle_to_object&gt; -&gt; &lt;float_to_bool&gt;$
(P)                                                                                                  |--b64pickle-float-1.0=True.txt -&gt; bool SUCCESS !
Completed parsing successfully

**** Starting to parse single object of type &lt;bool&gt; at location /home/travis/build/smarie/python-parsyfiles/parsyfiles/tests/combining_parsers_converters/test_data/b64pickle-float-1.0=True ****
Checking all files under [/home/travis/build/smarie/python-parsyfiles/parsyfiles/tests/combining_parsers_converters/test_data/b64pickle-float-1.0=True]
(C) /home/travis/build/smarie/python-parsyfiles/parsyfiles/tests/combining_parsers_converters/test_data/b64pickle-float-1.0=True (singlefile, .txt)
File checks done

Building a parsing plan to parse [/home/travis/build/smarie/python-parsyfiles/parsyfiles/tests/combining_parsers_converters/test_data/b64pickle-float-1.0=True] into a bool
(B) /home/travis/build/smarie/python-parsyfiles/parsyfiles/tests/combining_parsers_converters/test_data/b64pickle-float-1.0=True.txt -&gt; bool ------- using [Try &apos;$&lt;read_str_from_txt&gt; =&gt; &lt;str_to_bool&gt;$&apos; then &apos;$&lt;read_str_from_txt&gt; =&gt; &lt;base64_ascii_str_pickle_to_object&gt; -&gt; &lt;float_to_bool&gt;$&apos; then &apos;$&lt;read_str_from_txt&gt; =&gt; &lt;base64_ascii_str_pickle_to_object&gt; -&gt; &lt;int_to_bool&gt;$&apos; then &apos;$&lt;read_str_from_txt&gt; =&gt; &lt;base64_ascii_str_pickle_to_object&gt; -&gt; &lt;str_to_bool&gt;$&apos; then &apos;$&lt;read_str_from_txt&gt; =&gt; &lt;base64_ascii_str_pickle_to_object&gt;$]&apos;]
(B)                                                                                                  |--b64pickle-float-1.0=True.txt -&gt; bool ------- using $&lt;read_str_from_txt&gt; =&gt; &lt;str_to_bool&gt;$
Parsing Plan created successfully

Executing Parsing Plan for [/home/travis/build/smarie/python-parsyfiles/parsyfiles/tests/combining_parsers_converters/test_data/b64pickle-float-1.0=True]
(P) /home/travis/build/smarie/python-parsyfiles/parsyfiles/tests/combining_parsers_converters/test_data/b64pickle-float-1.0=True.txt -&gt; bool ------- using $&lt;read_str_from_txt&gt; =&gt; &lt;str_to_bool&gt;$
  !! Caught error during execution !!
  File &quot;/home/travis/build/smarie/python-parsyfiles/parsyfiles/converting_core.py&quot;, line 524, in _convert
    return self.conversion_method(desired_type, source_obj, logger, **opts)
  File &quot;/home/travis/build/smarie/python-parsyfiles/parsyfiles/plugins_base/support_for_primitive_types.py&quot;, line 84, in primitive_to_bool
    return bool(strtobool(source))
  File &quot;/opt/python/3.5.5/lib/python3.5/distutils/util.py&quot;, line 317, in strtobool
    raise ValueError(&quot;invalid truth value %r&quot; % (val,))
  ParsingException : Error while parsing /home/travis/build/smarie/python-parsyfiles/parsyfiles/tests/combining_parsers_converters/test_data/b64pickle-float-1.0=True (singlefile, .txt) as a bool with parser &apos;$&lt;read_str_from_txt&gt; =&gt; &lt;str_to_bool&gt;$&apos; using options=({&apos;MultifileCollectionParser&apos;: {&apos;lazy_parsing&apos;: False}}) : caught 
  ValueError : invalid truth value &apos;ganhp/aaaaaaaaau&apos;
Rebuilding local parsing plan with next candidate parser: $&lt;read_str_from_txt&gt; =&gt; &lt;base64_ascii_str_pickle_to_object&gt; -&gt; &lt;float_to_bool&gt;$
(B)                                                                                                  |--b64pickle-float-1.0=True.txt -&gt; bool ------- using $&lt;read_str_from_txt&gt; =&gt; &lt;base64_ascii_str_pickle_to_object&gt; -&gt; &lt;float_to_bool&gt;$
DONE Rebuilding local parsing plan for [/home/travis/build/smarie/python-parsyfiles/parsyfiles/tests/combining_parsers_converters/test_data/b64pickle-float-1.0=True.txt]. Resuming parsing...
Executing Parsing Plan for [/home/travis/build/smarie/python-parsyfiles/parsyfiles/tests/combining_parsers_converters/test_data/b64pickle-float-1.0=True]
(P) /home/travis/build/smarie/python-parsyfiles/parsyfiles/tests/combining_parsers_converters/test_data/b64pickle-float-1.0=True.txt -&gt; bool ------- using $&lt;read_str_from_txt&gt; =&gt; &lt;base64_ascii_str_pickle_to_object&gt; -&gt; &lt;float_to_bool&gt;$
(P)                                                                                                  |--b64pickle-float-1.0=True.txt -&gt; bool SUCCESS !
Completed parsing successfully

**** Starting to parse single object of type &lt;bool&gt; at location /home/travis/build/smarie/python-parsyfiles/parsyfiles/tests/combining_parsers_converters/test_data/b64pickle-float-1.0=True ****
Checking all files under [/home/travis/build/smarie/python-parsyfiles/parsyfiles/tests/combining_parsers_converters/test_data/b64pickle-float-1.0=True]
(C) /home/travis/build/smarie/python-parsyfiles/parsyfiles/tests/combining_parsers_converters/test_data/b64pickle-float-1.0=True (singlefile, .txt)
File checks done

Building a parsing plan to parse [/home/travis/build/smarie/python-parsyfiles/parsyfiles/tests/combining_parsers_converters/test_data/b64pickle-float-1.0=True] into a bool
(B) /home/travis/build/smarie/python-parsyfiles/parsyfiles/tests/combining_parsers_converters/test_data/b64pickle-float-1.0=True.txt -&gt; bool ------- using [Try &apos;$&lt;read_str_from_txt&gt; =&gt; &lt;str_to_bool&gt;$&apos; then &apos;$&lt;read_str_from_txt&gt; =&gt; &lt;base64_ascii_str_pickle_to_object&gt; -&gt; &lt;float_to_bool&gt;$&apos; then &apos;$&lt;read_str_from_txt&gt; =&gt; &lt;base64_ascii_str_pickle_to_object&gt; -&gt; &lt;int_to_bool&gt;$&apos; then &apos;$&lt;read_str_from_txt&gt; =&gt; &lt;base64_ascii_str_pickle_to_object&gt; -&gt; &lt;str_to_bool&gt;$&apos; then &apos;$&lt;read_str_from_txt&gt; =&gt; &lt;base64_ascii_str_pickle_to_object&gt;$]&apos;]
(B)                                                                                                  |--b64pickle-float-1.0=True.txt -&gt; bool ------- using $&lt;read_str_from_txt&gt; =&gt; &lt;str_to_bool&gt;$
Parsing Plan created successfully

Executing Parsing Plan for [/home/travis/build/smarie/python-parsyfiles/parsyfiles/tests/combining_parsers_converters/test_data/b64pickle-float-1.0=True]
(P) /home/travis/build/smarie/python-parsyfiles/parsyfiles/tests/combining_parsers_converters/test_data/b64pickle-float-1.0=True.txt -&gt; bool ------- using $&lt;read_str_from_txt&gt; =&gt; &lt;str_to_bool&gt;$
  !! Caught error during execution !!
  File &quot;/home/travis/build/smarie/python-parsyfiles/parsyfiles/converting_core.py&quot;, line 524, in _convert
    return self.conversion_method(desired_type, source_obj, logger, **opts)
  File &quot;/home/travis/build/smarie/python-parsyfiles/parsyfiles/plugins_base/support_for_primitive_types.py&quot;, line 84, in primitive_to_bool
    return bool(strtobool(source))
  File &quot;/opt/python/3.5.5/lib/python3.5/distutils/util.py&quot;, line 317, in strtobool
    raise ValueError(&quot;invalid truth value %r&quot; % (val,))
  ParsingException : Error while parsing /home/travis/build/smarie/python-parsyfiles/parsyfiles/tests/combining_parsers_converters/test_data/b64pickle-float-1.0=True (singlefile, .txt) as a bool with parser &apos;$&lt;read_str_from_txt&gt; =&gt; &lt;str_to_bool&gt;$&apos; using options=({&apos;MultifileCollectionParser&apos;: {&apos;lazy_parsing&apos;: False}}) : caught 
  ValueError : invalid truth value &apos;ganhp/aaaaaaaaau&apos;
Rebuilding local parsing plan with next candidate parser: $&lt;read_str_from_txt&gt; =&gt; &lt;base64_ascii_str_pickle_to_object&gt; -&gt; &lt;float_to_bool&gt;$
(B)                                                                                                  |--b64pickle-float-1.0=True.txt -&gt; bool ------- using $&lt;read_str_from_txt&gt; =&gt; &lt;base64_ascii_str_pickle_to_object&gt; -&gt; &lt;float_to_bool&gt;$
DONE Rebuilding local parsing plan for [/home/travis/build/smarie/python-parsyfiles/parsyfiles/tests/combining_parsers_converters/test_data/b64pickle-float-1.0=True.txt]. Resuming parsing...
Executing Parsing Plan for [/home/travis/build/smarie/python-parsyfiles/parsyfiles/tests/combining_parsers_converters/test_data/b64pickle-float-1.0=True]
(P) /home/travis/build/smarie/python-parsyfiles/parsyfiles/tests/combining_parsers_converters/test_data/b64pickle-float-1.0=True.txt -&gt; bool ------- using $&lt;read_str_from_txt&gt; =&gt; &lt;base64_ascii_str_pickle_to_object&gt; -&gt; &lt;float_to_bool&gt;$
(P)                                                                                                  |--b64pickle-float-1.0=True.txt -&gt; bool SUCCESS !
Completed parsing successfully

**** Starting to parse single object of type &lt;bool&gt; at location /home/travis/build/smarie/python-parsyfiles/parsyfiles/tests/combining_parsers_converters/test_data/b64pickle-float-1.0=True ****
Checking all files under [/home/travis/build/smarie/python-parsyfiles/parsyfiles/tests/combining_parsers_converters/test_data/b64pickle-float-1.0=True]
(C) /home/travis/build/smarie/python-parsyfiles/parsyfiles/tests/combining_parsers_converters/test_data/b64pickle-float-1.0=True (singlefile, .txt)
File checks done

Building a parsing plan to parse [/home/travis/build/smarie/python-parsyfiles/parsyfiles/tests/combining_parsers_converters/test_data/b64pickle-float-1.0=True] into a bool
(B) /home/travis/build/smarie/python-parsyfiles/parsyfiles/tests/combining_parsers_converters/test_data/b64pickle-float-1.0=True.txt -&gt; bool ------- using [Try &apos;$&lt;read_str_from_txt&gt; =&gt; &lt;str_to_bool&gt;$&apos; then &apos;$&lt;read_str_from_txt&gt; =&gt; &lt;base64_ascii_str_pickle_to_object&gt; -&gt; &lt;float_to_bool&gt;$&apos; then &apos;$&lt;read_str_from_txt&gt; =&gt; &lt;base64_ascii_str_pickle_to_object&gt; -&gt; &lt;int_to_bool&gt;$&apos; then &apos;$&lt;read_str_from_txt&gt; =&gt; &lt;base64_ascii_str_pickle_to_object&gt; -&gt; &lt;str_to_bool&gt;$&apos; then &apos;$&lt;read_str_from_txt&gt; =&gt; &lt;base64_ascii_str_pickle_to_object&gt;$]&apos;]
(B)                                                                                                  |--b64pickle-float-1.0=True.txt -&gt; bool ------- using $&lt;read_str_from_txt&gt; =&gt; &lt;str_to_bool&gt;$
Parsing Plan created successfully

Executing Parsing Plan for [/home/travis/build/smarie/python-parsyfiles/parsyfiles/tests/combining_parsers_converters/test_data/b64pickle-float-1.0=True]
(P) /home/travis/build/smarie/python-parsyfiles/parsyfiles/tests/combining_parsers_converters/test_data/b64pickle-float-1.0=True.txt -&gt; bool ------- using $&lt;read_str_from_txt&gt; =&gt; &lt;str_to_bool&gt;$
  !! Caught error during execution !!
  File &quot;/home/travis/build/smarie/python-parsyfiles/parsyfiles/converting_core.py&quot;, line 524, in _convert
    return self.conversion_method(desired_type, source_obj, logger, **opts)
  File &quot;/home/travis/build/smarie/python-parsyfiles/parsyfiles/plugins_base/support_for_primitive_types.py&quot;, line 84, in primitive_to_bool
    return bool(strtobool(source))
  File &quot;/opt/python/3.5.5/lib/python3.5/distutils/util.py&quot;, line 317, in strtobool
    raise ValueError(&quot;invalid truth value %r&quot; % (val,))
  ParsingException : Error while parsing /home/travis/build/smarie/python-parsyfiles/parsyfiles/tests/combining_parsers_converters/test_data/b64pickle-float-1.0=True (singlefile, .txt) as a bool with parser &apos;$&lt;read_str_from_txt&gt; =&gt; &lt;str_to_bool&gt;$&apos; using options=({&apos;MultifileCollectionParser&apos;: {&apos;lazy_parsing&apos;: False}}) : caught 
  ValueError : invalid truth value &apos;ganhp/aaaaaaaaau&apos;
Rebuilding local parsing plan with next candidate parser: $&lt;read_str_from_txt&gt; =&gt; &lt;base64_ascii_str_pickle_to_object&gt; -&gt; &lt;float_to_bool&gt;$
(B)                                                                                                  |--b64pickle-float-1.0=True.txt -&gt; bool ------- using $&lt;read_str_from_txt&gt; =&gt; &lt;base64_ascii_str_pickle_to_object&gt; -&gt; &lt;float_to_bool&gt;$
DONE Rebuilding local parsing plan for [/home/travis/build/smarie/python-parsyfiles/parsyfiles/tests/combining_parsers_converters/test_data/b64pickle-float-1.0=True.txt]. Resuming parsing...
Executing Parsing Plan for [/home/travis/build/smarie/python-parsyfiles/parsyfiles/tests/combining_parsers_converters/test_data/b64pickle-float-1.0=True]
(P) /home/travis/build/smarie/python-parsyfiles/parsyfiles/tests/combining_parsers_converters/test_data/b64pickle-float-1.0=True.txt -&gt; bool ------- using $&lt;read_str_from_txt&gt; =&gt; &lt;base64_ascii_str_pickle_to_object&gt; -&gt; &lt;float_to_bool&gt;$
(P)                                                                                                  |--b64pickle-float-1.0=True.txt -&gt; bool SUCCESS !
Completed parsing successfully

**** Starting to parse single object of type &lt;bool&gt; at location /home/travis/build/smarie/python-parsyfiles/parsyfiles/tests/combining_parsers_converters/test_data/b64pickle-float-1.0=True ****
Checking all files under [/home/travis/build/smarie/python-parsyfiles/parsyfiles/tests/combining_parsers_converters/test_data/b64pickle-float-1.0=True]
(C) /home/travis/build/smarie/python-parsyfiles/parsyfiles/tests/combining_parsers_converters/test_data/b64pickle-float-1.0=True (singlefile, .txt)
File checks done

Building a parsing plan to parse [/home/travis/build/smarie/python-parsyfiles/parsyfiles/tests/combining_parsers_converters/test_data/b64pickle-float-1.0=True] into a bool
(B) /home/travis/build/smarie/python-parsyfiles/parsyfiles/tests/combining_parsers_converters/test_data/b64pickle-float-1.0=True.txt -&gt; bool ------- using [Try &apos;$&lt;read_str_from_txt&gt; =&gt; &lt;str_to_bool&gt;$&apos; then &apos;$&lt;read_str_from_txt&gt; =&gt; &lt;base64_ascii_str_pickle_to_object&gt; -&gt; &lt;float_to_bool&gt;$&apos; then &apos;$&lt;read_str_from_txt&gt; =&gt; &lt;base64_ascii_str_pickle_to_object&gt; -&gt; &lt;int_to_bool&gt;$&apos; then &apos;$&lt;read_str_from_txt&gt; =&gt; &lt;base64_ascii_str_pickle_to_object&gt; -&gt; &lt;str_to_bool&gt;$&apos; then &apos;$&lt;read_str_from_txt&gt; =&gt; &lt;base64_ascii_str_pickle_to_object&gt;$]&apos;]
(B)                                                                                                  |--b64pickle-float-1.0=True.txt -&gt; bool ------- using $&lt;read_str_from_txt&gt; =&gt; &lt;str_to_bool&gt;$
Parsing Plan created successfully

Executing Parsing Plan for [/home/travis/build/smarie/python-parsyfiles/parsyfiles/tests/combining_parsers_converters/test_data/b64pickle-float-1.0=True]
(P) /home/travis/build/smarie/python-parsyfiles/parsyfiles/tests/combining_parsers_converters/test_data/b64pickle-float-1.0=True.txt -&gt; bool ------- using $&lt;read_str_from_txt&gt; =&gt; &lt;str_to_bool&gt;$
  !! Caught error during execution !!
  File &quot;/home/travis/build/smarie/python-parsyfiles/parsyfiles/converting_core.py&quot;, line 524, in _convert
    return self.conversion_method(desired_type, source_obj, logger, **opts)
  File &quot;/home/travis/build/smarie/python-parsyfiles/parsyfiles/plugins_base/support_for_primitive_types.py&quot;, line 84, in primitive_to_bool
    return bool(strtobool(source))
  File &quot;/opt/python/3.5.5/lib/python3.5/distutils/util.py&quot;, line 317, in strtobool
    raise ValueError(&quot;invalid truth value %r&quot; % (val,))
  ParsingException : Error while parsing /home/travis/build/smarie/python-parsyfiles/parsyfiles/tests/combining_parsers_converters/test_data/b64pickle-float-1.0=True (singlefile, .txt) as a bool with parser &apos;$&lt;read_str_from_txt&gt; =&gt; &lt;str_to_bool&gt;$&apos; using options=({&apos;MultifileCollectionParser&apos;: {&apos;lazy_parsing&apos;: False}}) : caught 
  ValueError : invalid truth value &apos;ganhp/aaaaaaaaau&apos;
Rebuilding local parsing plan with next candidate parser: $&lt;read_str_from_txt&gt; =&gt; &lt;base64_ascii_str_pickle_to_object&gt; -&gt; &lt;float_to_bool&gt;$
(B)                                                                                                  |--b64pickle-float-1.0=True.txt -&gt; bool ------- using $&lt;read_str_from_txt&gt; =&gt; &lt;base64_ascii_str_pickle_to_object&gt; -&gt; &lt;float_to_bool&gt;$
DONE Rebuilding local parsing plan for [/home/travis/build/smarie/python-parsyfiles/parsyfiles/tests/combining_parsers_converters/test_data/b64pickle-float-1.0=True.txt]. Resuming parsing...
Executing Parsing Plan for [/home/travis/build/smarie/python-parsyfiles/parsyfiles/tests/combining_parsers_converters/test_data/b64pickle-float-1.0=True]
(P) /home/travis/build/smarie/python-parsyfiles/parsyfiles/tests/combining_parsers_converters/test_data/b64pickle-float-1.0=True.txt -&gt; bool ------- using $&lt;read_str_from_txt&gt; =&gt; &lt;base64_ascii_str_pickle_to_object&gt; -&gt; &lt;float_to_bool&gt;$
(P)                                                                                                  |--b64pickle-float-1.0=True.txt -&gt; bool SUCCESS !
Completed parsing successfully

**** Starting to parse single object of type &lt;bool&gt; at location /home/travis/build/smarie/python-parsyfiles/parsyfiles/tests/combining_parsers_converters/test_data/b64pickle-float-1.0=True ****
Checking all files under [/home/travis/build/smarie/python-parsyfiles/parsyfiles/tests/combining_parsers_converters/test_data/b64pickle-float-1.0=True]
(C) /home/travis/build/smarie/python-parsyfiles/parsyfiles/tests/combining_parsers_converters/test_data/b64pickle-float-1.0=True (singlefile, .txt)
File checks done

Building a parsing plan to parse [/home/travis/build/smarie/python-parsyfiles/parsyfiles/tests/combining_parsers_converters/test_data/b64pickle-float-1.0=True] into a bool
(B) /home/travis/build/smarie/python-parsyfiles/parsyfiles/tests/combining_parsers_converters/test_data/b64pickle-float-1.0=True.txt -&gt; bool ------- using [Try &apos;$&lt;read_str_from_txt&gt; =&gt; &lt;str_to_bool&gt;$&apos; then &apos;$&lt;read_str_from_txt&gt; =&gt; &lt;base64_ascii_str_pickle_to_object&gt; -&gt; &lt;float_to_bool&gt;$&apos; then &apos;$&lt;read_str_from_txt&gt; =&gt; &lt;base64_ascii_str_pickle_to_object&gt; -&gt; &lt;int_to_bool&gt;$&apos; then &apos;$&lt;read_str_from_txt&gt; =&gt; &lt;base64_ascii_str_pickle_to_object&gt; -&gt; &lt;str_to_bool&gt;$&apos; then &apos;$&lt;read_str_from_txt&gt; =&gt; &lt;base64_ascii_str_pickle_to_object&gt;$]&apos;]
(B)                                                                                                  |--b64pickle-float-1.0=True.txt -&gt; bool ------- using $&lt;read_str_from_txt&gt; =&gt; &lt;str_to_bool&gt;$
Parsing Plan created successfully

Executing Parsing Plan for [/home/travis/build/smarie/python-parsyfiles/parsyfiles/tests/combining_parsers_converters/test_data/b64pickle-float-1.0=True]
(P) /home/travis/build/smarie/python-parsyfiles/parsyfiles/tests/combining_parsers_converters/test_data/b64pickle-float-1.0=True.txt -&gt; bool ------- using $&lt;read_str_from_txt&gt; =&gt; &lt;str_to_bool&gt;$
  !! Caught error during execution !!
  File &quot;/home/travis/build/smarie/python-parsyfiles/parsyfiles/converting_core.py&quot;, line 524, in _convert
    return self.conversion_method(desired_type, source_obj, logger, **opts)
  File &quot;/home/travis/build/smarie/python-parsyfiles/parsyfiles/plugins_base/support_for_primitive_types.py&quot;, line 84, in primitive_to_bool
    return bool(strtobool(source))
  File &quot;/opt/python/3.5.5/lib/python3.5/distutils/util.py&quot;, line 317, in strtobool
    raise ValueError(&quot;invalid truth value %r&quot; % (val,))
  ParsingException : Error while parsing /home/travis/build/smarie/python-parsyfiles/parsyfiles/tests/combining_parsers_converters/test_data/b64pickle-float-1.0=True (singlefile, .txt) as a bool with parser &apos;$&lt;read_str_from_txt&gt; =&gt; &lt;str_to_bool&gt;$&apos; using options=({&apos;MultifileCollectionParser&apos;: {&apos;lazy_parsing&apos;: False}}) : caught 
  ValueError : invalid truth value &apos;ganhp/aaaaaaaaau&apos;
Rebuilding local parsing plan with next candidate parser: $&lt;read_str_from_txt&gt; =&gt; &lt;base64_ascii_str_pickle_to_object&gt; -&gt; &lt;float_to_bool&gt;$
(B)                                                                                                  |--b64pickle-float-1.0=True.txt -&gt; bool ------- using $&lt;read_str_from_txt&gt; =&gt; &lt;base64_ascii_str_pickle_to_object&gt; -&gt; &lt;float_to_bool&gt;$
DONE Rebuilding local parsing plan for [/home/travis/build/smarie/python-parsyfiles/parsyfiles/tests/combining_parsers_converters/test_data/b64pickle-float-1.0=True.txt]. Resuming parsing...
Executing Parsing Plan for [/home/travis/build/smarie/python-parsyfiles/parsyfiles/tests/combining_parsers_converters/test_data/b64pickle-float-1.0=True]
(P) /home/travis/build/smarie/python-parsyfiles/parsyfiles/tests/combining_parsers_converters/test_data/b64pickle-float-1.0=True.txt -&gt; bool ------- using $&lt;read_str_from_txt&gt; =&gt; &lt;base64_ascii_str_pickle_to_object&gt; -&gt; &lt;float_to_bool&gt;$
(P)                                                                                                  |--b64pickle-float-1.0=True.txt -&gt; bool SUCCESS !
Completed parsing successfully

**** Starting to parse single object of type &lt;bool&gt; at location /home/travis/build/smarie/python-parsyfiles/parsyfiles/tests/combining_parsers_converters/test_data/b64pickle-float-1.0=True ****
Checking all files under [/home/travis/build/smarie/python-parsyfiles/parsyfiles/tests/combining_parsers_converters/test_data/b64pickle-float-1.0=True]
(C) /home/travis/build/smarie/python-parsyfiles/parsyfiles/tests/combining_parsers_converters/test_data/b64pickle-float-1.0=True (singlefile, .txt)
File checks done

Building a parsing plan to parse [/home/travis/build/smarie/python-parsyfiles/parsyfiles/tests/combining_parsers_converters/test_data/b64pickle-float-1.0=True] into a bool
(B) /home/travis/build/smarie/python-parsyfiles/parsyfiles/tests/combining_parsers_converters/test_data/b64pickle-float-1.0=True.txt -&gt; bool ------- using [Try &apos;$&lt;read_str_from_txt&gt; =&gt; &lt;str_to_bool&gt;$&apos; then &apos;$&lt;read_str_from_txt&gt; =&gt; &lt;base64_ascii_str_pickle_to_object&gt; -&gt; &lt;float_to_bool&gt;$&apos; then &apos;$&lt;read_str_from_txt&gt; =&gt; &lt;base64_ascii_str_pickle_to_object&gt; -&gt; &lt;int_to_bool&gt;$&apos; then &apos;$&lt;read_str_from_txt&gt; =&gt; &lt;base64_ascii_str_pickle_to_object&gt; -&gt; &lt;str_to_bool&gt;$&apos; then &apos;$&lt;read_str_from_txt&gt; =&gt; &lt;base64_ascii_str_pickle_to_object&gt;$]&apos;]
(B)                                                                                                  |--b64pickle-float-1.0=True.txt -&gt; bool ------- using $&lt;read_str_from_txt&gt; =&gt; &lt;str_to_bool&gt;$
Parsing Plan created successfully

Executing Parsing Plan for [/home/travis/build/smarie/python-parsyfiles/parsyfiles/tests/combining_parsers_converters/test_data/b64pickle-float-1.0=True]
(P) /home/travis/build/smarie/python-parsyfiles/parsyfiles/tests/combining_parsers_converters/test_data/b64pickle-float-1.0=True.txt -&gt; bool ------- using $&lt;read_str_from_txt&gt; =&gt; &lt;str_to_bool&gt;$
  !! Caught error during execution !!
  File &quot;/home/travis/build/smarie/python-parsyfiles/parsyfiles/converting_core.py&quot;, line 524, in _convert
    return self.conversion_method(desired_type, source_obj, logger, **opts)
  File &quot;/home/travis/build/smarie/python-parsyfiles/parsyfiles/plugins_base/support_for_primitive_types.py&quot;, line 84, in primitive_to_bool
    return bool(strtobool(source))
  File &quot;/opt/python/3.5.5/lib/python3.5/distutils/util.py&quot;, line 317, in strtobool
    raise ValueError(&quot;invalid truth value %r&quot; % (val,))
  ParsingException : Error while parsing /home/travis/build/smarie/python-parsyfiles/parsyfiles/tests/combining_parsers_converters/test_data/b64pickle-float-1.0=True (singlefile, .txt) as a bool with parser &apos;$&lt;read_str_from_txt&gt; =&gt; &lt;str_to_bool&gt;$&apos; using options=({&apos;MultifileCollectionParser&apos;: {&apos;lazy_parsing&apos;: False}}) : caught 
  ValueError : invalid truth value &apos;ganhp/aaaaaaaaau&apos;
Rebuilding local parsing plan with next candidate parser: $&lt;read_str_from_txt&gt; =&gt; &lt;base64_ascii_str_pickle_to_object&gt; -&gt; &lt;float_to_bool&gt;$
(B)                                                                                                  |--b64pickle-float-1.0=True.txt -&gt; bool ------- using $&lt;read_str_from_txt&gt; =&gt; &lt;base64_ascii_str_pickle_to_object&gt; -&gt; &lt;float_to_bool&gt;$
DONE Rebuilding local parsing plan for [/home/travis/build/smarie/python-parsyfiles/parsyfiles/tests/combining_parsers_converters/test_data/b64pickle-float-1.0=True.txt]. Resuming parsing...
Executing Parsing Plan for [/home/travis/build/smarie/python-parsyfiles/parsyfiles/tests/combining_parsers_converters/test_data/b64pickle-float-1.0=True]
(P) /home/travis/build/smarie/python-parsyfiles/parsyfiles/tests/combining_parsers_converters/test_data/b64pickle-float-1.0=True.txt -&gt; bool ------- using $&lt;read_str_from_txt&gt; =&gt; &lt;base64_ascii_str_pickle_to_object&gt; -&gt; &lt;float_to_bool&gt;$
(P)                                                                                                  |--b64pickle-float-1.0=True.txt -&gt; bool SUCCESS !
Completed parsing successfully

**** Starting to parse single object of type &lt;bool&gt; at location /home/travis/build/smarie/python-parsyfiles/parsyfiles/tests/combining_parsers_converters/test_data/b64pickle-float-1.0=True ****
Checking all files under [/home/travis/build/smarie/python-parsyfiles/parsyfiles/tests/combining_parsers_converters/test_data/b64pickle-float-1.0=True]
(C) /home/travis/build/smarie/python-parsyfiles/parsyfiles/tests/combining_parsers_converters/test_data/b64pickle-float-1.0=True (singlefile, .txt)
File checks done

Building a parsing plan to parse [/home/travis/build/smarie/python-parsyfiles/parsyfiles/tests/combining_parsers_converters/test_data/b64pickle-float-1.0=True] into a bool
(B) /home/travis/build/smarie/python-parsyfiles/parsyfiles/tests/combining_parsers_converters/test_data/b64pickle-float-1.0=True.txt -&gt; bool ------- using [Try &apos;$&lt;read_str_from_txt&gt; =&gt; &lt;str_to_bool&gt;$&apos; then &apos;$&lt;read_str_from_txt&gt; =&gt; &lt;base64_ascii_str_pickle_to_object&gt; -&gt; &lt;float_to_bool&gt;$&apos; then &apos;$&lt;read_str_from_txt&gt; =&gt; &lt;base64_ascii_str_pickle_to_object&gt; -&gt; &lt;int_to_bool&gt;$&apos; then &apos;$&lt;read_str_from_txt&gt; =&gt; &lt;base64_ascii_str_pickle_to_object&gt; -&gt; &lt;str_to_bool&gt;$&apos; then &apos;$&lt;read_str_from_txt&gt; =&gt; &lt;base64_ascii_str_pickle_to_object&gt;$]&apos;]
(B)                                                                                                  |--b64pickle-float-1.0=True.txt -&gt; bool ------- using $&lt;read_str_from_txt&gt; =&gt; &lt;str_to_bool&gt;$
Parsing Plan created successfully

Executing Parsing Plan for [/home/travis/build/smarie/python-parsyfiles/parsyfiles/tests/combining_parsers_converters/test_data/b64pickle-float-1.0=True]
(P) /home/travis/build/smarie/python-parsyfiles/parsyfiles/tests/combining_parsers_converters/test_data/b64pickle-float-1.0=True.txt -&gt; bool ------- using $&lt;read_str_from_txt&gt; =&gt; &lt;str_to_bool&gt;$
  !! Caught error during execution !!
  File &quot;/home/travis/build/smarie/python-parsyfiles/parsyfiles/converting_core.py&quot;, line 524, in _convert
    return self.conversion_method(desired_type, source_obj, logger, **opts)
  File &quot;/home/travis/build/smarie/python-parsyfiles/parsyfiles/plugins_base/support_for_primitive_types.py&quot;, line 84, in primitive_to_bool
    return bool(strtobool(source))
  File &quot;/opt/python/3.5.5/lib/python3.5/distutils/util.py&quot;, line 317, in strtobool
    raise ValueError(&quot;invalid truth value %r&quot; % (val,))
  ParsingException : Error while parsing /home/travis/build/smarie/python-parsyfiles/parsyfiles/tests/combining_parsers_converters/test_data/b64pickle-float-1.0=True (singlefile, .txt) as a bool with parser &apos;$&lt;read_str_from_txt&gt; =&gt; &lt;str_to_bool&gt;$&apos; using options=({&apos;MultifileCollectionParser&apos;: {&apos;lazy_parsing&apos;: False}}) : caught 
  ValueError : invalid truth value &apos;ganhp/aaaaaaaaau&apos;
Rebuilding local parsing plan with next candidate parser: $&lt;read_str_from_txt&gt; =&gt; &lt;base64_ascii_str_pickle_to_object&gt; -&gt; &lt;float_to_bool&gt;$
(B)                                                                                                  |--b64pickle-float-1.0=True.txt -&gt; bool ------- using $&lt;read_str_from_txt&gt; =&gt; &lt;base64_ascii_str_pickle_to_object&gt; -&gt; &lt;float_to_bool&gt;$
DONE Rebuilding local parsing plan for [/home/travis/build/smarie/python-parsyfiles/parsyfiles/tests/combining_parsers_converters/test_data/b64pickle-float-1.0=True.txt]. Resuming parsing...
Executing Parsing Plan for [/home/travis/build/smarie/python-parsyfiles/parsyfiles/tests/combining_parsers_converters/test_data/b64pickle-float-1.0=True]
(P) /home/travis/build/smarie/python-parsyfiles/parsyfiles/tests/combining_parsers_converters/test_data/b64pickle-float-1.0=True.txt -&gt; bool ------- using $&lt;read_str_from_txt&gt; =&gt; &lt;base64_ascii_str_pickle_to_object&gt; -&gt; &lt;float_to_bool&gt;$
(P)                                                                                                  |--b64pickle-float-1.0=True.txt -&gt; bool SUCCESS !
Completed parsing successfully

</system-out></testcase><testcase classname="parsyfiles.tests.combining_parsers_converters.test_registries.TestParserRegistry" file="parsyfiles/tests/combining_parsers_converters/test_registries.py" line="277" name="test_a_all_extensions_and_types_are_present" time="0.018079757690429688"><system-out>.
.d
.c
.cd
.b
.bd
.bc
.bcd
.a
.ad
.ac
.acd
.ab
.abd
.abc
.abcd
</system-out></testcase><testcase classname="parsyfiles.tests.combining_parsers_converters.test_registries.TestParserRegistry" file="parsyfiles/tests/combining_parsers_converters/test_registries.py" line="292" name="test_b_capabilities_equal_query_strict" time="0.6362192630767822"><system-out>.
.d
.c
.cd
.b
.bd
.bc
.bcd
.a
.ad
.ac
.acd
.ab
.abd
.abc
.abcd
Asserting (strict mode) type=C ext=.a
Asserting (strict mode) type=B ext=.a
Asserting (strict mode) type=AnyObject ext=.a
Asserting (strict mode) type=A ext=.a
Asserting (strict mode) type=D ext=.a
Asserting (strict mode) type=C ext=.abd
Asserting (strict mode) type=B ext=.abd
Asserting (strict mode) type=AnyObject ext=.abd
Asserting (strict mode) type=A ext=.abd
Asserting (strict mode) type=D ext=.abd
Asserting (strict mode) type=C ext=.bc
Asserting (strict mode) type=B ext=.bc
Asserting (strict mode) type=A ext=.bc
Asserting (strict mode) type=D ext=.bc
Asserting (strict mode) type=C ext=.abc
Asserting (strict mode) type=B ext=.abc
Asserting (strict mode) type=AnyObject ext=.abc
Asserting (strict mode) type=A ext=.abc
Asserting (strict mode) type=D ext=.abc
Asserting (strict mode) type=C ext=.abcd
Asserting (strict mode) type=B ext=.abcd
Asserting (strict mode) type=AnyObject ext=.abcd
Asserting (strict mode) type=A ext=.abcd
Asserting (strict mode) type=D ext=.abcd
Asserting (strict mode) type=C ext=.ad
Asserting (strict mode) type=B ext=.ad
Asserting (strict mode) type=AnyObject ext=.ad
Asserting (strict mode) type=A ext=.ad
Asserting (strict mode) type=D ext=.ad
Asserting (strict mode) type=C ext=.bcd
Asserting (strict mode) type=B ext=.bcd
Asserting (strict mode) type=AnyObject ext=.bcd
Asserting (strict mode) type=A ext=.bcd
Asserting (strict mode) type=D ext=.bcd
Asserting (strict mode) type=C ext=.bd
Asserting (strict mode) type=B ext=.bd
Asserting (strict mode) type=AnyObject ext=.bd
Asserting (strict mode) type=A ext=.bd
Asserting (strict mode) type=D ext=.bd
Asserting (strict mode) type=C ext=.ac
Asserting (strict mode) type=B ext=.ac
Asserting (strict mode) type=AnyObject ext=.ac
Asserting (strict mode) type=A ext=.ac
Asserting (strict mode) type=D ext=.ac
Asserting (strict mode) type=C ext=.ab
Asserting (strict mode) type=B ext=.ab
Asserting (strict mode) type=AnyObject ext=.ab
Asserting (strict mode) type=A ext=.ab
Asserting (strict mode) type=D ext=.ab
Asserting (strict mode) type=C ext=&lt;multifile&gt;
Asserting (strict mode) type=B ext=&lt;multifile&gt;
Asserting (strict mode) type=AnyObject ext=&lt;multifile&gt;
Asserting (strict mode) type=A ext=&lt;multifile&gt;
Asserting (strict mode) type=D ext=&lt;multifile&gt;
Asserting (strict mode) type=C ext=.d
Asserting (strict mode) type=AnyObject ext=.d
Asserting (strict mode) type=A ext=.d
Asserting (strict mode) type=D ext=.d
Asserting (strict mode) type=C ext=.cd
Asserting (strict mode) type=B ext=.cd
Asserting (strict mode) type=AnyObject ext=.cd
Asserting (strict mode) type=A ext=.cd
Asserting (strict mode) type=D ext=.cd
Asserting (strict mode) type=C ext=.acd
Asserting (strict mode) type=B ext=.acd
Asserting (strict mode) type=AnyObject ext=.acd
Asserting (strict mode) type=A ext=.acd
Asserting (strict mode) type=D ext=.acd
Asserting (strict mode) type=C ext=.b
Asserting (strict mode) type=B ext=.b
Asserting (strict mode) type=A ext=.b
Asserting (strict mode) type=C ext=.c
Asserting (strict mode) type=B ext=.c
Asserting (strict mode) type=A ext=.c
Asserting (strict mode) type=D ext=.c
Asserting (strict mode) type=C ext=.a
Asserting (strict mode) type=B ext=.a
Asserting (strict mode) type=AnyObject ext=.a
Asserting (strict mode) type=A ext=.a
Asserting (strict mode) type=D ext=.a
Asserting (strict mode) type=C ext=.abd
Asserting (strict mode) type=B ext=.abd
Asserting (strict mode) type=AnyObject ext=.abd
Asserting (strict mode) type=A ext=.abd
Asserting (strict mode) type=D ext=.abd
Asserting (strict mode) type=C ext=.bc
Asserting (strict mode) type=B ext=.bc
Asserting (strict mode) type=A ext=.bc
Asserting (strict mode) type=D ext=.bc
Asserting (strict mode) type=C ext=.abc
Asserting (strict mode) type=B ext=.abc
Asserting (strict mode) type=AnyObject ext=.abc
Asserting (strict mode) type=A ext=.abc
Asserting (strict mode) type=D ext=.abc
Asserting (strict mode) type=C ext=.abcd
Asserting (strict mode) type=B ext=.abcd
Asserting (strict mode) type=AnyObject ext=.abcd
Asserting (strict mode) type=A ext=.abcd
Asserting (strict mode) type=D ext=.abcd
Asserting (strict mode) type=C ext=.ad
Asserting (strict mode) type=B ext=.ad
Asserting (strict mode) type=AnyObject ext=.ad
Asserting (strict mode) type=A ext=.ad
Asserting (strict mode) type=D ext=.ad
Asserting (strict mode) type=C ext=.bcd
Asserting (strict mode) type=B ext=.bcd
Asserting (strict mode) type=AnyObject ext=.bcd
Asserting (strict mode) type=A ext=.bcd
Asserting (strict mode) type=D ext=.bcd
Asserting (strict mode) type=C ext=.bd
Asserting (strict mode) type=B ext=.bd
Asserting (strict mode) type=AnyObject ext=.bd
Asserting (strict mode) type=A ext=.bd
Asserting (strict mode) type=D ext=.bd
Asserting (strict mode) type=C ext=.ac
Asserting (strict mode) type=B ext=.ac
Asserting (strict mode) type=AnyObject ext=.ac
Asserting (strict mode) type=A ext=.ac
Asserting (strict mode) type=D ext=.ac
Asserting (strict mode) type=C ext=.ab
Asserting (strict mode) type=B ext=.ab
Asserting (strict mode) type=AnyObject ext=.ab
Asserting (strict mode) type=A ext=.ab
Asserting (strict mode) type=D ext=.ab
Asserting (strict mode) type=C ext=&lt;multifile&gt;
Asserting (strict mode) type=B ext=&lt;multifile&gt;
Asserting (strict mode) type=AnyObject ext=&lt;multifile&gt;
Asserting (strict mode) type=A ext=&lt;multifile&gt;
Asserting (strict mode) type=D ext=&lt;multifile&gt;
Asserting (strict mode) type=C ext=.d
Asserting (strict mode) type=AnyObject ext=.d
Asserting (strict mode) type=A ext=.d
Asserting (strict mode) type=D ext=.d
Asserting (strict mode) type=C ext=.cd
Asserting (strict mode) type=B ext=.cd
Asserting (strict mode) type=AnyObject ext=.cd
Asserting (strict mode) type=A ext=.cd
Asserting (strict mode) type=D ext=.cd
Asserting (strict mode) type=C ext=.acd
Asserting (strict mode) type=B ext=.acd
Asserting (strict mode) type=AnyObject ext=.acd
Asserting (strict mode) type=A ext=.acd
Asserting (strict mode) type=D ext=.acd
Asserting (strict mode) type=C ext=.b
Asserting (strict mode) type=B ext=.b
Asserting (strict mode) type=A ext=.b
Asserting (strict mode) type=C ext=.c
Asserting (strict mode) type=B ext=.c
Asserting (strict mode) type=A ext=.c
Asserting (strict mode) type=D ext=.c
Asserting (strict mode) type=C ext=.a
Asserting (strict mode) type=B ext=.a
Asserting (strict mode) type=AnyObject ext=.a
Asserting (strict mode) type=A ext=.a
Asserting (strict mode) type=D ext=.a
Asserting (strict mode) type=C ext=.abd
Asserting (strict mode) type=B ext=.abd
Asserting (strict mode) type=AnyObject ext=.abd
Asserting (strict mode) type=A ext=.abd
Asserting (strict mode) type=D ext=.abd
Asserting (strict mode) type=C ext=.bc
Asserting (strict mode) type=B ext=.bc
Asserting (strict mode) type=A ext=.bc
Asserting (strict mode) type=D ext=.bc
Asserting (strict mode) type=C ext=.abc
Asserting (strict mode) type=B ext=.abc
Asserting (strict mode) type=AnyObject ext=.abc
Asserting (strict mode) type=A ext=.abc
Asserting (strict mode) type=D ext=.abc
Asserting (strict mode) type=C ext=.abcd
Asserting (strict mode) type=B ext=.abcd
Asserting (strict mode) type=AnyObject ext=.abcd
Asserting (strict mode) type=A ext=.abcd
Asserting (strict mode) type=D ext=.abcd
Asserting (strict mode) type=C ext=.ad
Asserting (strict mode) type=B ext=.ad
Asserting (strict mode) type=AnyObject ext=.ad
Asserting (strict mode) type=A ext=.ad
Asserting (strict mode) type=D ext=.ad
Asserting (strict mode) type=C ext=.bcd
Asserting (strict mode) type=B ext=.bcd
Asserting (strict mode) type=AnyObject ext=.bcd
Asserting (strict mode) type=A ext=.bcd
Asserting (strict mode) type=D ext=.bcd
Asserting (strict mode) type=C ext=.bd
Asserting (strict mode) type=B ext=.bd
Asserting (strict mode) type=AnyObject ext=.bd
Asserting (strict mode) type=A ext=.bd
Asserting (strict mode) type=D ext=.bd
Asserting (strict mode) type=C ext=.ac
Asserting (strict mode) type=B ext=.ac
Asserting (strict mode) type=AnyObject ext=.ac
Asserting (strict mode) type=A ext=.ac
Asserting (strict mode) type=D ext=.ac
Asserting (strict mode) type=C ext=.ab
Asserting (strict mode) type=B ext=.ab
Asserting (strict mode) type=AnyObject ext=.ab
Asserting (strict mode) type=A ext=.ab
Asserting (strict mode) type=D ext=.ab
Asserting (strict mode) type=C ext=&lt;multifile&gt;
Asserting (strict mode) type=B ext=&lt;multifile&gt;
Asserting (strict mode) type=AnyObject ext=&lt;multifile&gt;
Asserting (strict mode) type=A ext=&lt;multifile&gt;
Asserting (strict mode) type=D ext=&lt;multifile&gt;
Asserting (strict mode) type=C ext=.d
Asserting (strict mode) type=AnyObject ext=.d
Asserting (strict mode) type=A ext=.d
Asserting (strict mode) type=D ext=.d
Asserting (strict mode) type=C ext=.cd
Asserting (strict mode) type=B ext=.cd
Asserting (strict mode) type=AnyObject ext=.cd
Asserting (strict mode) type=A ext=.cd
Asserting (strict mode) type=D ext=.cd
Asserting (strict mode) type=C ext=.acd
Asserting (strict mode) type=B ext=.acd
Asserting (strict mode) type=AnyObject ext=.acd
Asserting (strict mode) type=A ext=.acd
Asserting (strict mode) type=D ext=.acd
Asserting (strict mode) type=C ext=.b
Asserting (strict mode) type=B ext=.b
Asserting (strict mode) type=A ext=.b
Asserting (strict mode) type=C ext=.c
Asserting (strict mode) type=B ext=.c
Asserting (strict mode) type=A ext=.c
Asserting (strict mode) type=D ext=.c
Asserting (strict mode) type=C ext=.a
Asserting (strict mode) type=B ext=.a
Asserting (strict mode) type=AnyObject ext=.a
Asserting (strict mode) type=A ext=.a
Asserting (strict mode) type=D ext=.a
Asserting (strict mode) type=C ext=.abd
Asserting (strict mode) type=B ext=.abd
Asserting (strict mode) type=AnyObject ext=.abd
Asserting (strict mode) type=A ext=.abd
Asserting (strict mode) type=D ext=.abd
Asserting (strict mode) type=C ext=.bc
Asserting (strict mode) type=B ext=.bc
Asserting (strict mode) type=A ext=.bc
Asserting (strict mode) type=D ext=.bc
Asserting (strict mode) type=C ext=.abc
Asserting (strict mode) type=B ext=.abc
Asserting (strict mode) type=AnyObject ext=.abc
Asserting (strict mode) type=A ext=.abc
Asserting (strict mode) type=D ext=.abc
Asserting (strict mode) type=C ext=.abcd
Asserting (strict mode) type=B ext=.abcd
Asserting (strict mode) type=AnyObject ext=.abcd
Asserting (strict mode) type=A ext=.abcd
Asserting (strict mode) type=D ext=.abcd
Asserting (strict mode) type=C ext=.ad
Asserting (strict mode) type=B ext=.ad
Asserting (strict mode) type=AnyObject ext=.ad
Asserting (strict mode) type=A ext=.ad
Asserting (strict mode) type=D ext=.ad
Asserting (strict mode) type=C ext=.bcd
Asserting (strict mode) type=B ext=.bcd
Asserting (strict mode) type=AnyObject ext=.bcd
Asserting (strict mode) type=A ext=.bcd
Asserting (strict mode) type=D ext=.bcd
Asserting (strict mode) type=C ext=.bd
Asserting (strict mode) type=B ext=.bd
Asserting (strict mode) type=AnyObject ext=.bd
Asserting (strict mode) type=A ext=.bd
Asserting (strict mode) type=D ext=.bd
Asserting (strict mode) type=C ext=.ac
Asserting (strict mode) type=B ext=.ac
Asserting (strict mode) type=AnyObject ext=.ac
Asserting (strict mode) type=A ext=.ac
Asserting (strict mode) type=D ext=.ac
Asserting (strict mode) type=C ext=.ab
Asserting (strict mode) type=B ext=.ab
Asserting (strict mode) type=AnyObject ext=.ab
Asserting (strict mode) type=A ext=.ab
Asserting (strict mode) type=D ext=.ab
Asserting (strict mode) type=C ext=&lt;multifile&gt;
Asserting (strict mode) type=B ext=&lt;multifile&gt;
Asserting (strict mode) type=AnyObject ext=&lt;multifile&gt;
Asserting (strict mode) type=A ext=&lt;multifile&gt;
Asserting (strict mode) type=D ext=&lt;multifile&gt;
Asserting (strict mode) type=C ext=.d
Asserting (strict mode) type=AnyObject ext=.d
Asserting (strict mode) type=A ext=.d
Asserting (strict mode) type=D ext=.d
Asserting (strict mode) type=C ext=.cd
Asserting (strict mode) type=B ext=.cd
Asserting (strict mode) type=AnyObject ext=.cd
Asserting (strict mode) type=A ext=.cd
Asserting (strict mode) type=D ext=.cd
Asserting (strict mode) type=C ext=.acd
Asserting (strict mode) type=B ext=.acd
Asserting (strict mode) type=AnyObject ext=.acd
Asserting (strict mode) type=A ext=.acd
Asserting (strict mode) type=D ext=.acd
Asserting (strict mode) type=C ext=.b
Asserting (strict mode) type=B ext=.b
Asserting (strict mode) type=A ext=.b
Asserting (strict mode) type=C ext=.c
Asserting (strict mode) type=B ext=.c
Asserting (strict mode) type=A ext=.c
Asserting (strict mode) type=D ext=.c
Asserting (strict mode) type=C ext=.a
Asserting (strict mode) type=B ext=.a
Asserting (strict mode) type=AnyObject ext=.a
Asserting (strict mode) type=A ext=.a
Asserting (strict mode) type=D ext=.a
Asserting (strict mode) type=C ext=.abd
Asserting (strict mode) type=B ext=.abd
Asserting (strict mode) type=AnyObject ext=.abd
Asserting (strict mode) type=A ext=.abd
Asserting (strict mode) type=D ext=.abd
Asserting (strict mode) type=C ext=.bc
Asserting (strict mode) type=B ext=.bc
Asserting (strict mode) type=A ext=.bc
Asserting (strict mode) type=D ext=.bc
Asserting (strict mode) type=C ext=.abc
Asserting (strict mode) type=B ext=.abc
Asserting (strict mode) type=AnyObject ext=.abc
Asserting (strict mode) type=A ext=.abc
Asserting (strict mode) type=D ext=.abc
Asserting (strict mode) type=C ext=.abcd
Asserting (strict mode) type=B ext=.abcd
Asserting (strict mode) type=AnyObject ext=.abcd
Asserting (strict mode) type=A ext=.abcd
Asserting (strict mode) type=D ext=.abcd
Asserting (strict mode) type=C ext=.ad
Asserting (strict mode) type=B ext=.ad
Asserting (strict mode) type=AnyObject ext=.ad
Asserting (strict mode) type=A ext=.ad
Asserting (strict mode) type=D ext=.ad
Asserting (strict mode) type=C ext=.bcd
Asserting (strict mode) type=B ext=.bcd
Asserting (strict mode) type=AnyObject ext=.bcd
Asserting (strict mode) type=A ext=.bcd
Asserting (strict mode) type=D ext=.bcd
Asserting (strict mode) type=C ext=.bd
Asserting (strict mode) type=B ext=.bd
Asserting (strict mode) type=AnyObject ext=.bd
Asserting (strict mode) type=A ext=.bd
Asserting (strict mode) type=D ext=.bd
Asserting (strict mode) type=C ext=.ac
Asserting (strict mode) type=B ext=.ac
Asserting (strict mode) type=AnyObject ext=.ac
Asserting (strict mode) type=A ext=.ac
Asserting (strict mode) type=D ext=.ac
Asserting (strict mode) type=C ext=.ab
Asserting (strict mode) type=B ext=.ab
Asserting (strict mode) type=AnyObject ext=.ab
Asserting (strict mode) type=A ext=.ab
Asserting (strict mode) type=D ext=.ab
Asserting (strict mode) type=C ext=&lt;multifile&gt;
Asserting (strict mode) type=B ext=&lt;multifile&gt;
Asserting (strict mode) type=AnyObject ext=&lt;multifile&gt;
Asserting (strict mode) type=A ext=&lt;multifile&gt;
Asserting (strict mode) type=D ext=&lt;multifile&gt;
Asserting (strict mode) type=C ext=.d
Asserting (strict mode) type=AnyObject ext=.d
Asserting (strict mode) type=A ext=.d
Asserting (strict mode) type=D ext=.d
Asserting (strict mode) type=C ext=.cd
Asserting (strict mode) type=B ext=.cd
Asserting (strict mode) type=AnyObject ext=.cd
Asserting (strict mode) type=A ext=.cd
Asserting (strict mode) type=D ext=.cd
Asserting (strict mode) type=C ext=.acd
Asserting (strict mode) type=B ext=.acd
Asserting (strict mode) type=AnyObject ext=.acd
Asserting (strict mode) type=A ext=.acd
Asserting (strict mode) type=D ext=.acd
Asserting (strict mode) type=C ext=.b
Asserting (strict mode) type=B ext=.b
Asserting (strict mode) type=A ext=.b
Asserting (strict mode) type=C ext=.c
Asserting (strict mode) type=B ext=.c
Asserting (strict mode) type=A ext=.c
Asserting (strict mode) type=D ext=.c
Asserting (strict mode) type=C ext=.a
Asserting (strict mode) type=B ext=.a
Asserting (strict mode) type=AnyObject ext=.a
Asserting (strict mode) type=A ext=.a
Asserting (strict mode) type=D ext=.a
Asserting (strict mode) type=C ext=.abd
Asserting (strict mode) type=B ext=.abd
Asserting (strict mode) type=AnyObject ext=.abd
Asserting (strict mode) type=A ext=.abd
Asserting (strict mode) type=D ext=.abd
Asserting (strict mode) type=C ext=.bc
Asserting (strict mode) type=B ext=.bc
Asserting (strict mode) type=A ext=.bc
Asserting (strict mode) type=D ext=.bc
Asserting (strict mode) type=C ext=.abc
Asserting (strict mode) type=B ext=.abc
Asserting (strict mode) type=AnyObject ext=.abc
Asserting (strict mode) type=A ext=.abc
Asserting (strict mode) type=D ext=.abc
Asserting (strict mode) type=C ext=.abcd
Asserting (strict mode) type=B ext=.abcd
Asserting (strict mode) type=AnyObject ext=.abcd
Asserting (strict mode) type=A ext=.abcd
Asserting (strict mode) type=D ext=.abcd
Asserting (strict mode) type=C ext=.ad
Asserting (strict mode) type=B ext=.ad
Asserting (strict mode) type=AnyObject ext=.ad
Asserting (strict mode) type=A ext=.ad
Asserting (strict mode) type=D ext=.ad
Asserting (strict mode) type=C ext=.bcd
Asserting (strict mode) type=B ext=.bcd
Asserting (strict mode) type=AnyObject ext=.bcd
Asserting (strict mode) type=A ext=.bcd
Asserting (strict mode) type=D ext=.bcd
Asserting (strict mode) type=C ext=.bd
Asserting (strict mode) type=B ext=.bd
Asserting (strict mode) type=AnyObject ext=.bd
Asserting (strict mode) type=A ext=.bd
Asserting (strict mode) type=D ext=.bd
Asserting (strict mode) type=C ext=.ac
Asserting (strict mode) type=B ext=.ac
Asserting (strict mode) type=AnyObject ext=.ac
Asserting (strict mode) type=A ext=.ac
Asserting (strict mode) type=D ext=.ac
Asserting (strict mode) type=C ext=.ab
Asserting (strict mode) type=B ext=.ab
Asserting (strict mode) type=AnyObject ext=.ab
Asserting (strict mode) type=A ext=.ab
Asserting (strict mode) type=D ext=.ab
Asserting (strict mode) type=C ext=&lt;multifile&gt;
Asserting (strict mode) type=B ext=&lt;multifile&gt;
Asserting (strict mode) type=AnyObject ext=&lt;multifile&gt;
Asserting (strict mode) type=A ext=&lt;multifile&gt;
Asserting (strict mode) type=D ext=&lt;multifile&gt;
Asserting (strict mode) type=C ext=.d
Asserting (strict mode) type=AnyObject ext=.d
Asserting (strict mode) type=A ext=.d
Asserting (strict mode) type=D ext=.d
Asserting (strict mode) type=C ext=.cd
Asserting (strict mode) type=B ext=.cd
Asserting (strict mode) type=AnyObject ext=.cd
Asserting (strict mode) type=A ext=.cd
Asserting (strict mode) type=D ext=.cd
Asserting (strict mode) type=C ext=.acd
Asserting (strict mode) type=B ext=.acd
Asserting (strict mode) type=AnyObject ext=.acd
Asserting (strict mode) type=A ext=.acd
Asserting (strict mode) type=D ext=.acd
Asserting (strict mode) type=C ext=.b
Asserting (strict mode) type=B ext=.b
Asserting (strict mode) type=A ext=.b
Asserting (strict mode) type=C ext=.c
Asserting (strict mode) type=B ext=.c
Asserting (strict mode) type=A ext=.c
Asserting (strict mode) type=D ext=.c
Asserting (strict mode) type=C ext=.a
Asserting (strict mode) type=B ext=.a
Asserting (strict mode) type=AnyObject ext=.a
Asserting (strict mode) type=A ext=.a
Asserting (strict mode) type=D ext=.a
Asserting (strict mode) type=C ext=.abd
Asserting (strict mode) type=B ext=.abd
Asserting (strict mode) type=AnyObject ext=.abd
Asserting (strict mode) type=A ext=.abd
Asserting (strict mode) type=D ext=.abd
Asserting (strict mode) type=C ext=.bc
Asserting (strict mode) type=B ext=.bc
Asserting (strict mode) type=A ext=.bc
Asserting (strict mode) type=D ext=.bc
Asserting (strict mode) type=C ext=.abc
Asserting (strict mode) type=B ext=.abc
Asserting (strict mode) type=AnyObject ext=.abc
Asserting (strict mode) type=A ext=.abc
Asserting (strict mode) type=D ext=.abc
Asserting (strict mode) type=C ext=.abcd
Asserting (strict mode) type=B ext=.abcd
Asserting (strict mode) type=AnyObject ext=.abcd
Asserting (strict mode) type=A ext=.abcd
Asserting (strict mode) type=D ext=.abcd
Asserting (strict mode) type=C ext=.ad
Asserting (strict mode) type=B ext=.ad
Asserting (strict mode) type=AnyObject ext=.ad
Asserting (strict mode) type=A ext=.ad
Asserting (strict mode) type=D ext=.ad
Asserting (strict mode) type=C ext=.bcd
Asserting (strict mode) type=B ext=.bcd
Asserting (strict mode) type=AnyObject ext=.bcd
Asserting (strict mode) type=A ext=.bcd
Asserting (strict mode) type=D ext=.bcd
Asserting (strict mode) type=C ext=.bd
Asserting (strict mode) type=B ext=.bd
Asserting (strict mode) type=AnyObject ext=.bd
Asserting (strict mode) type=A ext=.bd
Asserting (strict mode) type=D ext=.bd
Asserting (strict mode) type=C ext=.ac
Asserting (strict mode) type=B ext=.ac
Asserting (strict mode) type=AnyObject ext=.ac
Asserting (strict mode) type=A ext=.ac
Asserting (strict mode) type=D ext=.ac
Asserting (strict mode) type=C ext=.ab
Asserting (strict mode) type=B ext=.ab
Asserting (strict mode) type=AnyObject ext=.ab
Asserting (strict mode) type=A ext=.ab
Asserting (strict mode) type=D ext=.ab
Asserting (strict mode) type=C ext=&lt;multifile&gt;
Asserting (strict mode) type=B ext=&lt;multifile&gt;
Asserting (strict mode) type=AnyObject ext=&lt;multifile&gt;
Asserting (strict mode) type=A ext=&lt;multifile&gt;
Asserting (strict mode) type=D ext=&lt;multifile&gt;
Asserting (strict mode) type=C ext=.d
Asserting (strict mode) type=AnyObject ext=.d
Asserting (strict mode) type=A ext=.d
Asserting (strict mode) type=D ext=.d
Asserting (strict mode) type=C ext=.cd
Asserting (strict mode) type=B ext=.cd
Asserting (strict mode) type=AnyObject ext=.cd
Asserting (strict mode) type=A ext=.cd
Asserting (strict mode) type=D ext=.cd
Asserting (strict mode) type=C ext=.acd
Asserting (strict mode) type=B ext=.acd
Asserting (strict mode) type=AnyObject ext=.acd
Asserting (strict mode) type=A ext=.acd
Asserting (strict mode) type=D ext=.acd
Asserting (strict mode) type=C ext=.b
Asserting (strict mode) type=B ext=.b
Asserting (strict mode) type=A ext=.b
Asserting (strict mode) type=C ext=.c
Asserting (strict mode) type=B ext=.c
Asserting (strict mode) type=A ext=.c
Asserting (strict mode) type=D ext=.c
Asserting (strict mode) type=C ext=.a
Asserting (strict mode) type=B ext=.a
Asserting (strict mode) type=AnyObject ext=.a
Asserting (strict mode) type=A ext=.a
Asserting (strict mode) type=D ext=.a
Asserting (strict mode) type=C ext=.abd
Asserting (strict mode) type=B ext=.abd
Asserting (strict mode) type=AnyObject ext=.abd
Asserting (strict mode) type=A ext=.abd
Asserting (strict mode) type=D ext=.abd
Asserting (strict mode) type=C ext=.bc
Asserting (strict mode) type=B ext=.bc
Asserting (strict mode) type=A ext=.bc
Asserting (strict mode) type=D ext=.bc
Asserting (strict mode) type=C ext=.abc
Asserting (strict mode) type=B ext=.abc
Asserting (strict mode) type=AnyObject ext=.abc
Asserting (strict mode) type=A ext=.abc
Asserting (strict mode) type=D ext=.abc
Asserting (strict mode) type=C ext=.abcd
Asserting (strict mode) type=B ext=.abcd
Asserting (strict mode) type=AnyObject ext=.abcd
Asserting (strict mode) type=A ext=.abcd
Asserting (strict mode) type=D ext=.abcd
Asserting (strict mode) type=C ext=.ad
Asserting (strict mode) type=B ext=.ad
Asserting (strict mode) type=AnyObject ext=.ad
Asserting (strict mode) type=A ext=.ad
Asserting (strict mode) type=D ext=.ad
Asserting (strict mode) type=C ext=.bcd
Asserting (strict mode) type=B ext=.bcd
Asserting (strict mode) type=AnyObject ext=.bcd
Asserting (strict mode) type=A ext=.bcd
Asserting (strict mode) type=D ext=.bcd
Asserting (strict mode) type=C ext=.bd
Asserting (strict mode) type=B ext=.bd
Asserting (strict mode) type=AnyObject ext=.bd
Asserting (strict mode) type=A ext=.bd
Asserting (strict mode) type=D ext=.bd
Asserting (strict mode) type=C ext=.ac
Asserting (strict mode) type=B ext=.ac
Asserting (strict mode) type=AnyObject ext=.ac
Asserting (strict mode) type=A ext=.ac
Asserting (strict mode) type=D ext=.ac
Asserting (strict mode) type=C ext=.ab
Asserting (strict mode) type=B ext=.ab
Asserting (strict mode) type=AnyObject ext=.ab
Asserting (strict mode) type=A ext=.ab
Asserting (strict mode) type=D ext=.ab
Asserting (strict mode) type=C ext=&lt;multifile&gt;
Asserting (strict mode) type=B ext=&lt;multifile&gt;
Asserting (strict mode) type=AnyObject ext=&lt;multifile&gt;
Asserting (strict mode) type=A ext=&lt;multifile&gt;
Asserting (strict mode) type=D ext=&lt;multifile&gt;
Asserting (strict mode) type=C ext=.d
Asserting (strict mode) type=AnyObject ext=.d
Asserting (strict mode) type=A ext=.d
Asserting (strict mode) type=D ext=.d
Asserting (strict mode) type=C ext=.cd
Asserting (strict mode) type=B ext=.cd
Asserting (strict mode) type=AnyObject ext=.cd
Asserting (strict mode) type=A ext=.cd
Asserting (strict mode) type=D ext=.cd
Asserting (strict mode) type=C ext=.acd
Asserting (strict mode) type=B ext=.acd
Asserting (strict mode) type=AnyObject ext=.acd
Asserting (strict mode) type=A ext=.acd
Asserting (strict mode) type=D ext=.acd
Asserting (strict mode) type=C ext=.b
Asserting (strict mode) type=B ext=.b
Asserting (strict mode) type=A ext=.b
Asserting (strict mode) type=C ext=.c
Asserting (strict mode) type=B ext=.c
Asserting (strict mode) type=A ext=.c
Asserting (strict mode) type=D ext=.c
Asserting (strict mode) type=C ext=.a
Asserting (strict mode) type=B ext=.a
Asserting (strict mode) type=AnyObject ext=.a
Asserting (strict mode) type=A ext=.a
Asserting (strict mode) type=D ext=.a
Asserting (strict mode) type=C ext=.abd
Asserting (strict mode) type=B ext=.abd
Asserting (strict mode) type=AnyObject ext=.abd
Asserting (strict mode) type=A ext=.abd
Asserting (strict mode) type=D ext=.abd
Asserting (strict mode) type=C ext=.bc
Asserting (strict mode) type=B ext=.bc
Asserting (strict mode) type=A ext=.bc
Asserting (strict mode) type=D ext=.bc
Asserting (strict mode) type=C ext=.abc
Asserting (strict mode) type=B ext=.abc
Asserting (strict mode) type=AnyObject ext=.abc
Asserting (strict mode) type=A ext=.abc
Asserting (strict mode) type=D ext=.abc
Asserting (strict mode) type=C ext=.abcd
Asserting (strict mode) type=B ext=.abcd
Asserting (strict mode) type=AnyObject ext=.abcd
Asserting (strict mode) type=A ext=.abcd
Asserting (strict mode) type=D ext=.abcd
Asserting (strict mode) type=C ext=.ad
Asserting (strict mode) type=B ext=.ad
Asserting (strict mode) type=AnyObject ext=.ad
Asserting (strict mode) type=A ext=.ad
Asserting (strict mode) type=D ext=.ad
Asserting (strict mode) type=C ext=.bcd
Asserting (strict mode) type=B ext=.bcd
Asserting (strict mode) type=AnyObject ext=.bcd
Asserting (strict mode) type=A ext=.bcd
Asserting (strict mode) type=D ext=.bcd
Asserting (strict mode) type=C ext=.bd
Asserting (strict mode) type=B ext=.bd
Asserting (strict mode) type=AnyObject ext=.bd
Asserting (strict mode) type=A ext=.bd
Asserting (strict mode) type=D ext=.bd
Asserting (strict mode) type=C ext=.ac
Asserting (strict mode) type=B ext=.ac
Asserting (strict mode) type=AnyObject ext=.ac
Asserting (strict mode) type=A ext=.ac
Asserting (strict mode) type=D ext=.ac
Asserting (strict mode) type=C ext=.ab
Asserting (strict mode) type=B ext=.ab
Asserting (strict mode) type=AnyObject ext=.ab
Asserting (strict mode) type=A ext=.ab
Asserting (strict mode) type=D ext=.ab
Asserting (strict mode) type=C ext=&lt;multifile&gt;
Asserting (strict mode) type=B ext=&lt;multifile&gt;
Asserting (strict mode) type=AnyObject ext=&lt;multifile&gt;
Asserting (strict mode) type=A ext=&lt;multifile&gt;
Asserting (strict mode) type=D ext=&lt;multifile&gt;
Asserting (strict mode) type=C ext=.d
Asserting (strict mode) type=AnyObject ext=.d
Asserting (strict mode) type=A ext=.d
Asserting (strict mode) type=D ext=.d
Asserting (strict mode) type=C ext=.cd
Asserting (strict mode) type=B ext=.cd
Asserting (strict mode) type=AnyObject ext=.cd
Asserting (strict mode) type=A ext=.cd
Asserting (strict mode) type=D ext=.cd
Asserting (strict mode) type=C ext=.acd
Asserting (strict mode) type=B ext=.acd
Asserting (strict mode) type=AnyObject ext=.acd
Asserting (strict mode) type=A ext=.acd
Asserting (strict mode) type=D ext=.acd
Asserting (strict mode) type=C ext=.b
Asserting (strict mode) type=B ext=.b
Asserting (strict mode) type=A ext=.b
Asserting (strict mode) type=C ext=.c
Asserting (strict mode) type=B ext=.c
Asserting (strict mode) type=A ext=.c
Asserting (strict mode) type=D ext=.c
</system-out></testcase><testcase classname="parsyfiles.tests.combining_parsers_converters.test_registries.TestParserRegistry" file="parsyfiles/tests/combining_parsers_converters/test_registries.py" line="304" name="test_c_capabilities_equal_query_nonstrict" time="0.7517721652984619"><system-out>.
.d
.c
.cd
.b
.bd
.bc
.bcd
.a
.ad
.ac
.acd
.ab
.abd
.abc
.abcd
Asserting (non-strict mode) type=AnyObject ext=.a
Asserting (non-strict mode) type=D ext=.a
Asserting (non-strict mode) type=A ext=.a
Asserting (non-strict mode) type=C ext=.a
Asserting (non-strict mode) type=B ext=.a
Asserting (non-strict mode) type=AnyObject ext=.abd
Asserting (non-strict mode) type=D ext=.abd
Asserting (non-strict mode) type=A ext=.abd
Asserting (non-strict mode) type=C ext=.abd
Asserting (non-strict mode) type=B ext=.abd
Asserting (non-strict mode) type=A ext=.bc
Asserting (non-strict mode) type=D ext=.bc
Asserting (non-strict mode) type=C ext=.bc
Asserting (non-strict mode) type=B ext=.bc
Asserting (non-strict mode) type=AnyObject ext=.abc
Asserting (non-strict mode) type=D ext=.abc
Asserting (non-strict mode) type=A ext=.abc
Asserting (non-strict mode) type=C ext=.abc
Asserting (non-strict mode) type=B ext=.abc
Asserting (non-strict mode) type=AnyObject ext=.abcd
Asserting (non-strict mode) type=D ext=.abcd
Asserting (non-strict mode) type=A ext=.abcd
Asserting (non-strict mode) type=C ext=.abcd
Asserting (non-strict mode) type=B ext=.abcd
Asserting (non-strict mode) type=AnyObject ext=.ad
Asserting (non-strict mode) type=D ext=.ad
Asserting (non-strict mode) type=A ext=.ad
Asserting (non-strict mode) type=C ext=.ad
Asserting (non-strict mode) type=B ext=.ad
Asserting (non-strict mode) type=AnyObject ext=.bcd
Asserting (non-strict mode) type=D ext=.bcd
Asserting (non-strict mode) type=A ext=.bcd
Asserting (non-strict mode) type=C ext=.bcd
Asserting (non-strict mode) type=B ext=.bcd
Asserting (non-strict mode) type=AnyObject ext=.bd
Asserting (non-strict mode) type=D ext=.bd
Asserting (non-strict mode) type=A ext=.bd
Asserting (non-strict mode) type=C ext=.bd
Asserting (non-strict mode) type=B ext=.bd
Asserting (non-strict mode) type=AnyObject ext=.ac
Asserting (non-strict mode) type=D ext=.ac
Asserting (non-strict mode) type=A ext=.ac
Asserting (non-strict mode) type=C ext=.ac
Asserting (non-strict mode) type=B ext=.ac
Asserting (non-strict mode) type=AnyObject ext=.ab
Asserting (non-strict mode) type=D ext=.ab
Asserting (non-strict mode) type=A ext=.ab
Asserting (non-strict mode) type=C ext=.ab
Asserting (non-strict mode) type=B ext=.ab
Asserting (non-strict mode) type=AnyObject ext=&lt;multifile&gt;
Asserting (non-strict mode) type=D ext=&lt;multifile&gt;
Asserting (non-strict mode) type=A ext=&lt;multifile&gt;
Asserting (non-strict mode) type=C ext=&lt;multifile&gt;
Asserting (non-strict mode) type=B ext=&lt;multifile&gt;
Asserting (non-strict mode) type=AnyObject ext=.d
Asserting (non-strict mode) type=D ext=.d
Asserting (non-strict mode) type=A ext=.d
Asserting (non-strict mode) type=C ext=.d
Asserting (non-strict mode) type=AnyObject ext=.cd
Asserting (non-strict mode) type=D ext=.cd
Asserting (non-strict mode) type=A ext=.cd
Asserting (non-strict mode) type=C ext=.cd
Asserting (non-strict mode) type=B ext=.cd
Asserting (non-strict mode) type=AnyObject ext=.acd
Asserting (non-strict mode) type=D ext=.acd
Asserting (non-strict mode) type=A ext=.acd
Asserting (non-strict mode) type=C ext=.acd
Asserting (non-strict mode) type=B ext=.acd
Asserting (non-strict mode) type=A ext=.b
Asserting (non-strict mode) type=C ext=.b
Asserting (non-strict mode) type=B ext=.b
Asserting (non-strict mode) type=A ext=.c
Asserting (non-strict mode) type=D ext=.c
Asserting (non-strict mode) type=C ext=.c
Asserting (non-strict mode) type=B ext=.c
Asserting (non-strict mode) type=AnyObject ext=.a
Asserting (non-strict mode) type=D ext=.a
Asserting (non-strict mode) type=A ext=.a
Asserting (non-strict mode) type=C ext=.a
Asserting (non-strict mode) type=B ext=.a
Asserting (non-strict mode) type=AnyObject ext=.abd
Asserting (non-strict mode) type=D ext=.abd
Asserting (non-strict mode) type=A ext=.abd
Asserting (non-strict mode) type=C ext=.abd
Asserting (non-strict mode) type=B ext=.abd
Asserting (non-strict mode) type=A ext=.bc
Asserting (non-strict mode) type=D ext=.bc
Asserting (non-strict mode) type=C ext=.bc
Asserting (non-strict mode) type=B ext=.bc
Asserting (non-strict mode) type=AnyObject ext=.abc
Asserting (non-strict mode) type=D ext=.abc
Asserting (non-strict mode) type=A ext=.abc
Asserting (non-strict mode) type=C ext=.abc
Asserting (non-strict mode) type=B ext=.abc
Asserting (non-strict mode) type=AnyObject ext=.abcd
Asserting (non-strict mode) type=D ext=.abcd
Asserting (non-strict mode) type=A ext=.abcd
Asserting (non-strict mode) type=C ext=.abcd
Asserting (non-strict mode) type=B ext=.abcd
Asserting (non-strict mode) type=AnyObject ext=.ad
Asserting (non-strict mode) type=D ext=.ad
Asserting (non-strict mode) type=A ext=.ad
Asserting (non-strict mode) type=C ext=.ad
Asserting (non-strict mode) type=B ext=.ad
Asserting (non-strict mode) type=AnyObject ext=.bcd
Asserting (non-strict mode) type=D ext=.bcd
Asserting (non-strict mode) type=A ext=.bcd
Asserting (non-strict mode) type=C ext=.bcd
Asserting (non-strict mode) type=B ext=.bcd
Asserting (non-strict mode) type=AnyObject ext=.bd
Asserting (non-strict mode) type=D ext=.bd
Asserting (non-strict mode) type=A ext=.bd
Asserting (non-strict mode) type=C ext=.bd
Asserting (non-strict mode) type=B ext=.bd
Asserting (non-strict mode) type=AnyObject ext=.ac
Asserting (non-strict mode) type=D ext=.ac
Asserting (non-strict mode) type=A ext=.ac
Asserting (non-strict mode) type=C ext=.ac
Asserting (non-strict mode) type=B ext=.ac
Asserting (non-strict mode) type=AnyObject ext=.ab
Asserting (non-strict mode) type=D ext=.ab
Asserting (non-strict mode) type=A ext=.ab
Asserting (non-strict mode) type=C ext=.ab
Asserting (non-strict mode) type=B ext=.ab
Asserting (non-strict mode) type=AnyObject ext=&lt;multifile&gt;
Asserting (non-strict mode) type=D ext=&lt;multifile&gt;
Asserting (non-strict mode) type=A ext=&lt;multifile&gt;
Asserting (non-strict mode) type=C ext=&lt;multifile&gt;
Asserting (non-strict mode) type=B ext=&lt;multifile&gt;
Asserting (non-strict mode) type=AnyObject ext=.d
Asserting (non-strict mode) type=D ext=.d
Asserting (non-strict mode) type=A ext=.d
Asserting (non-strict mode) type=C ext=.d
Asserting (non-strict mode) type=AnyObject ext=.cd
Asserting (non-strict mode) type=D ext=.cd
Asserting (non-strict mode) type=A ext=.cd
Asserting (non-strict mode) type=C ext=.cd
Asserting (non-strict mode) type=B ext=.cd
Asserting (non-strict mode) type=AnyObject ext=.acd
Asserting (non-strict mode) type=D ext=.acd
Asserting (non-strict mode) type=A ext=.acd
Asserting (non-strict mode) type=C ext=.acd
Asserting (non-strict mode) type=B ext=.acd
Asserting (non-strict mode) type=A ext=.b
Asserting (non-strict mode) type=C ext=.b
Asserting (non-strict mode) type=B ext=.b
Asserting (non-strict mode) type=A ext=.c
Asserting (non-strict mode) type=D ext=.c
Asserting (non-strict mode) type=C ext=.c
Asserting (non-strict mode) type=B ext=.c
Asserting (non-strict mode) type=AnyObject ext=.a
Asserting (non-strict mode) type=D ext=.a
Asserting (non-strict mode) type=A ext=.a
Asserting (non-strict mode) type=C ext=.a
Asserting (non-strict mode) type=B ext=.a
Asserting (non-strict mode) type=AnyObject ext=.abd
Asserting (non-strict mode) type=D ext=.abd
Asserting (non-strict mode) type=A ext=.abd
Asserting (non-strict mode) type=C ext=.abd
Asserting (non-strict mode) type=B ext=.abd
Asserting (non-strict mode) type=A ext=.bc
Asserting (non-strict mode) type=D ext=.bc
Asserting (non-strict mode) type=C ext=.bc
Asserting (non-strict mode) type=B ext=.bc
Asserting (non-strict mode) type=AnyObject ext=.abc
Asserting (non-strict mode) type=D ext=.abc
Asserting (non-strict mode) type=A ext=.abc
Asserting (non-strict mode) type=C ext=.abc
Asserting (non-strict mode) type=B ext=.abc
Asserting (non-strict mode) type=AnyObject ext=.abcd
Asserting (non-strict mode) type=D ext=.abcd
Asserting (non-strict mode) type=A ext=.abcd
Asserting (non-strict mode) type=C ext=.abcd
Asserting (non-strict mode) type=B ext=.abcd
Asserting (non-strict mode) type=AnyObject ext=.ad
Asserting (non-strict mode) type=D ext=.ad
Asserting (non-strict mode) type=A ext=.ad
Asserting (non-strict mode) type=C ext=.ad
Asserting (non-strict mode) type=B ext=.ad
Asserting (non-strict mode) type=AnyObject ext=.bcd
Asserting (non-strict mode) type=D ext=.bcd
Asserting (non-strict mode) type=A ext=.bcd
Asserting (non-strict mode) type=C ext=.bcd
Asserting (non-strict mode) type=B ext=.bcd
Asserting (non-strict mode) type=AnyObject ext=.bd
Asserting (non-strict mode) type=D ext=.bd
Asserting (non-strict mode) type=A ext=.bd
Asserting (non-strict mode) type=C ext=.bd
Asserting (non-strict mode) type=B ext=.bd
Asserting (non-strict mode) type=AnyObject ext=.ac
Asserting (non-strict mode) type=D ext=.ac
Asserting (non-strict mode) type=A ext=.ac
Asserting (non-strict mode) type=C ext=.ac
Asserting (non-strict mode) type=B ext=.ac
Asserting (non-strict mode) type=AnyObject ext=.ab
Asserting (non-strict mode) type=D ext=.ab
Asserting (non-strict mode) type=A ext=.ab
Asserting (non-strict mode) type=C ext=.ab
Asserting (non-strict mode) type=B ext=.ab
Asserting (non-strict mode) type=AnyObject ext=&lt;multifile&gt;
Asserting (non-strict mode) type=D ext=&lt;multifile&gt;
Asserting (non-strict mode) type=A ext=&lt;multifile&gt;
Asserting (non-strict mode) type=C ext=&lt;multifile&gt;
Asserting (non-strict mode) type=B ext=&lt;multifile&gt;
Asserting (non-strict mode) type=AnyObject ext=.d
Asserting (non-strict mode) type=D ext=.d
Asserting (non-strict mode) type=A ext=.d
Asserting (non-strict mode) type=C ext=.d
Asserting (non-strict mode) type=AnyObject ext=.cd
Asserting (non-strict mode) type=D ext=.cd
Asserting (non-strict mode) type=A ext=.cd
Asserting (non-strict mode) type=C ext=.cd
Asserting (non-strict mode) type=B ext=.cd
Asserting (non-strict mode) type=AnyObject ext=.acd
Asserting (non-strict mode) type=D ext=.acd
Asserting (non-strict mode) type=A ext=.acd
Asserting (non-strict mode) type=C ext=.acd
Asserting (non-strict mode) type=B ext=.acd
Asserting (non-strict mode) type=A ext=.b
Asserting (non-strict mode) type=C ext=.b
Asserting (non-strict mode) type=B ext=.b
Asserting (non-strict mode) type=A ext=.c
Asserting (non-strict mode) type=D ext=.c
Asserting (non-strict mode) type=C ext=.c
Asserting (non-strict mode) type=B ext=.c
Asserting (non-strict mode) type=AnyObject ext=.a
Asserting (non-strict mode) type=D ext=.a
Asserting (non-strict mode) type=A ext=.a
Asserting (non-strict mode) type=C ext=.a
Asserting (non-strict mode) type=B ext=.a
Asserting (non-strict mode) type=AnyObject ext=.abd
Asserting (non-strict mode) type=D ext=.abd
Asserting (non-strict mode) type=A ext=.abd
Asserting (non-strict mode) type=C ext=.abd
Asserting (non-strict mode) type=B ext=.abd
Asserting (non-strict mode) type=A ext=.bc
Asserting (non-strict mode) type=D ext=.bc
Asserting (non-strict mode) type=C ext=.bc
Asserting (non-strict mode) type=B ext=.bc
Asserting (non-strict mode) type=AnyObject ext=.abc
Asserting (non-strict mode) type=D ext=.abc
Asserting (non-strict mode) type=A ext=.abc
Asserting (non-strict mode) type=C ext=.abc
Asserting (non-strict mode) type=B ext=.abc
Asserting (non-strict mode) type=AnyObject ext=.abcd
Asserting (non-strict mode) type=D ext=.abcd
Asserting (non-strict mode) type=A ext=.abcd
Asserting (non-strict mode) type=C ext=.abcd
Asserting (non-strict mode) type=B ext=.abcd
Asserting (non-strict mode) type=AnyObject ext=.ad
Asserting (non-strict mode) type=D ext=.ad
Asserting (non-strict mode) type=A ext=.ad
Asserting (non-strict mode) type=C ext=.ad
Asserting (non-strict mode) type=B ext=.ad
Asserting (non-strict mode) type=AnyObject ext=.bcd
Asserting (non-strict mode) type=D ext=.bcd
Asserting (non-strict mode) type=A ext=.bcd
Asserting (non-strict mode) type=C ext=.bcd
Asserting (non-strict mode) type=B ext=.bcd
Asserting (non-strict mode) type=AnyObject ext=.bd
Asserting (non-strict mode) type=D ext=.bd
Asserting (non-strict mode) type=A ext=.bd
Asserting (non-strict mode) type=C ext=.bd
Asserting (non-strict mode) type=B ext=.bd
Asserting (non-strict mode) type=AnyObject ext=.ac
Asserting (non-strict mode) type=D ext=.ac
Asserting (non-strict mode) type=A ext=.ac
Asserting (non-strict mode) type=C ext=.ac
Asserting (non-strict mode) type=B ext=.ac
Asserting (non-strict mode) type=AnyObject ext=.ab
Asserting (non-strict mode) type=D ext=.ab
Asserting (non-strict mode) type=A ext=.ab
Asserting (non-strict mode) type=C ext=.ab
Asserting (non-strict mode) type=B ext=.ab
Asserting (non-strict mode) type=AnyObject ext=&lt;multifile&gt;
Asserting (non-strict mode) type=D ext=&lt;multifile&gt;
Asserting (non-strict mode) type=A ext=&lt;multifile&gt;
Asserting (non-strict mode) type=C ext=&lt;multifile&gt;
Asserting (non-strict mode) type=B ext=&lt;multifile&gt;
Asserting (non-strict mode) type=AnyObject ext=.d
Asserting (non-strict mode) type=D ext=.d
Asserting (non-strict mode) type=A ext=.d
Asserting (non-strict mode) type=C ext=.d
Asserting (non-strict mode) type=AnyObject ext=.cd
Asserting (non-strict mode) type=D ext=.cd
Asserting (non-strict mode) type=A ext=.cd
Asserting (non-strict mode) type=C ext=.cd
Asserting (non-strict mode) type=B ext=.cd
Asserting (non-strict mode) type=AnyObject ext=.acd
Asserting (non-strict mode) type=D ext=.acd
Asserting (non-strict mode) type=A ext=.acd
Asserting (non-strict mode) type=C ext=.acd
Asserting (non-strict mode) type=B ext=.acd
Asserting (non-strict mode) type=A ext=.b
Asserting (non-strict mode) type=C ext=.b
Asserting (non-strict mode) type=B ext=.b
Asserting (non-strict mode) type=A ext=.c
Asserting (non-strict mode) type=D ext=.c
Asserting (non-strict mode) type=C ext=.c
Asserting (non-strict mode) type=B ext=.c
Asserting (non-strict mode) type=AnyObject ext=.a
Asserting (non-strict mode) type=D ext=.a
Asserting (non-strict mode) type=A ext=.a
Asserting (non-strict mode) type=C ext=.a
Asserting (non-strict mode) type=B ext=.a
Asserting (non-strict mode) type=AnyObject ext=.abd
Asserting (non-strict mode) type=D ext=.abd
Asserting (non-strict mode) type=A ext=.abd
Asserting (non-strict mode) type=C ext=.abd
Asserting (non-strict mode) type=B ext=.abd
Asserting (non-strict mode) type=A ext=.bc
Asserting (non-strict mode) type=D ext=.bc
Asserting (non-strict mode) type=C ext=.bc
Asserting (non-strict mode) type=B ext=.bc
Asserting (non-strict mode) type=AnyObject ext=.abc
Asserting (non-strict mode) type=D ext=.abc
Asserting (non-strict mode) type=A ext=.abc
Asserting (non-strict mode) type=C ext=.abc
Asserting (non-strict mode) type=B ext=.abc
Asserting (non-strict mode) type=AnyObject ext=.abcd
Asserting (non-strict mode) type=D ext=.abcd
Asserting (non-strict mode) type=A ext=.abcd
Asserting (non-strict mode) type=C ext=.abcd
Asserting (non-strict mode) type=B ext=.abcd
Asserting (non-strict mode) type=AnyObject ext=.ad
Asserting (non-strict mode) type=D ext=.ad
Asserting (non-strict mode) type=A ext=.ad
Asserting (non-strict mode) type=C ext=.ad
Asserting (non-strict mode) type=B ext=.ad
Asserting (non-strict mode) type=AnyObject ext=.bcd
Asserting (non-strict mode) type=D ext=.bcd
Asserting (non-strict mode) type=A ext=.bcd
Asserting (non-strict mode) type=C ext=.bcd
Asserting (non-strict mode) type=B ext=.bcd
Asserting (non-strict mode) type=AnyObject ext=.bd
Asserting (non-strict mode) type=D ext=.bd
Asserting (non-strict mode) type=A ext=.bd
Asserting (non-strict mode) type=C ext=.bd
Asserting (non-strict mode) type=B ext=.bd
Asserting (non-strict mode) type=AnyObject ext=.ac
Asserting (non-strict mode) type=D ext=.ac
Asserting (non-strict mode) type=A ext=.ac
Asserting (non-strict mode) type=C ext=.ac
Asserting (non-strict mode) type=B ext=.ac
Asserting (non-strict mode) type=AnyObject ext=.ab
Asserting (non-strict mode) type=D ext=.ab
Asserting (non-strict mode) type=A ext=.ab
Asserting (non-strict mode) type=C ext=.ab
Asserting (non-strict mode) type=B ext=.ab
Asserting (non-strict mode) type=AnyObject ext=&lt;multifile&gt;
Asserting (non-strict mode) type=D ext=&lt;multifile&gt;
Asserting (non-strict mode) type=A ext=&lt;multifile&gt;
Asserting (non-strict mode) type=C ext=&lt;multifile&gt;
Asserting (non-strict mode) type=B ext=&lt;multifile&gt;
Asserting (non-strict mode) type=AnyObject ext=.d
Asserting (non-strict mode) type=D ext=.d
Asserting (non-strict mode) type=A ext=.d
Asserting (non-strict mode) type=C ext=.d
Asserting (non-strict mode) type=AnyObject ext=.cd
Asserting (non-strict mode) type=D ext=.cd
Asserting (non-strict mode) type=A ext=.cd
Asserting (non-strict mode) type=C ext=.cd
Asserting (non-strict mode) type=B ext=.cd
Asserting (non-strict mode) type=AnyObject ext=.acd
Asserting (non-strict mode) type=D ext=.acd
Asserting (non-strict mode) type=A ext=.acd
Asserting (non-strict mode) type=C ext=.acd
Asserting (non-strict mode) type=B ext=.acd
Asserting (non-strict mode) type=A ext=.b
Asserting (non-strict mode) type=C ext=.b
Asserting (non-strict mode) type=B ext=.b
Asserting (non-strict mode) type=A ext=.c
Asserting (non-strict mode) type=D ext=.c
Asserting (non-strict mode) type=C ext=.c
Asserting (non-strict mode) type=B ext=.c
Asserting (non-strict mode) type=AnyObject ext=.a
Asserting (non-strict mode) type=D ext=.a
Asserting (non-strict mode) type=A ext=.a
Asserting (non-strict mode) type=C ext=.a
Asserting (non-strict mode) type=B ext=.a
Asserting (non-strict mode) type=AnyObject ext=.abd
Asserting (non-strict mode) type=D ext=.abd
Asserting (non-strict mode) type=A ext=.abd
Asserting (non-strict mode) type=C ext=.abd
Asserting (non-strict mode) type=B ext=.abd
Asserting (non-strict mode) type=A ext=.bc
Asserting (non-strict mode) type=D ext=.bc
Asserting (non-strict mode) type=C ext=.bc
Asserting (non-strict mode) type=B ext=.bc
Asserting (non-strict mode) type=AnyObject ext=.abc
Asserting (non-strict mode) type=D ext=.abc
Asserting (non-strict mode) type=A ext=.abc
Asserting (non-strict mode) type=C ext=.abc
Asserting (non-strict mode) type=B ext=.abc
Asserting (non-strict mode) type=AnyObject ext=.abcd
Asserting (non-strict mode) type=D ext=.abcd
Asserting (non-strict mode) type=A ext=.abcd
Asserting (non-strict mode) type=C ext=.abcd
Asserting (non-strict mode) type=B ext=.abcd
Asserting (non-strict mode) type=AnyObject ext=.ad
Asserting (non-strict mode) type=D ext=.ad
Asserting (non-strict mode) type=A ext=.ad
Asserting (non-strict mode) type=C ext=.ad
Asserting (non-strict mode) type=B ext=.ad
Asserting (non-strict mode) type=AnyObject ext=.bcd
Asserting (non-strict mode) type=D ext=.bcd
Asserting (non-strict mode) type=A ext=.bcd
Asserting (non-strict mode) type=C ext=.bcd
Asserting (non-strict mode) type=B ext=.bcd
Asserting (non-strict mode) type=AnyObject ext=.bd
Asserting (non-strict mode) type=D ext=.bd
Asserting (non-strict mode) type=A ext=.bd
Asserting (non-strict mode) type=C ext=.bd
Asserting (non-strict mode) type=B ext=.bd
Asserting (non-strict mode) type=AnyObject ext=.ac
Asserting (non-strict mode) type=D ext=.ac
Asserting (non-strict mode) type=A ext=.ac
Asserting (non-strict mode) type=C ext=.ac
Asserting (non-strict mode) type=B ext=.ac
Asserting (non-strict mode) type=AnyObject ext=.ab
Asserting (non-strict mode) type=D ext=.ab
Asserting (non-strict mode) type=A ext=.ab
Asserting (non-strict mode) type=C ext=.ab
Asserting (non-strict mode) type=B ext=.ab
Asserting (non-strict mode) type=AnyObject ext=&lt;multifile&gt;
Asserting (non-strict mode) type=D ext=&lt;multifile&gt;
Asserting (non-strict mode) type=A ext=&lt;multifile&gt;
Asserting (non-strict mode) type=C ext=&lt;multifile&gt;
Asserting (non-strict mode) type=B ext=&lt;multifile&gt;
Asserting (non-strict mode) type=AnyObject ext=.d
Asserting (non-strict mode) type=D ext=.d
Asserting (non-strict mode) type=A ext=.d
Asserting (non-strict mode) type=C ext=.d
Asserting (non-strict mode) type=AnyObject ext=.cd
Asserting (non-strict mode) type=D ext=.cd
Asserting (non-strict mode) type=A ext=.cd
Asserting (non-strict mode) type=C ext=.cd
Asserting (non-strict mode) type=B ext=.cd
Asserting (non-strict mode) type=AnyObject ext=.acd
Asserting (non-strict mode) type=D ext=.acd
Asserting (non-strict mode) type=A ext=.acd
Asserting (non-strict mode) type=C ext=.acd
Asserting (non-strict mode) type=B ext=.acd
Asserting (non-strict mode) type=A ext=.b
Asserting (non-strict mode) type=C ext=.b
Asserting (non-strict mode) type=B ext=.b
Asserting (non-strict mode) type=A ext=.c
Asserting (non-strict mode) type=D ext=.c
Asserting (non-strict mode) type=C ext=.c
Asserting (non-strict mode) type=B ext=.c
Asserting (non-strict mode) type=AnyObject ext=.a
Asserting (non-strict mode) type=D ext=.a
Asserting (non-strict mode) type=A ext=.a
Asserting (non-strict mode) type=C ext=.a
Asserting (non-strict mode) type=B ext=.a
Asserting (non-strict mode) type=AnyObject ext=.abd
Asserting (non-strict mode) type=D ext=.abd
Asserting (non-strict mode) type=A ext=.abd
Asserting (non-strict mode) type=C ext=.abd
Asserting (non-strict mode) type=B ext=.abd
Asserting (non-strict mode) type=A ext=.bc
Asserting (non-strict mode) type=D ext=.bc
Asserting (non-strict mode) type=C ext=.bc
Asserting (non-strict mode) type=B ext=.bc
Asserting (non-strict mode) type=AnyObject ext=.abc
Asserting (non-strict mode) type=D ext=.abc
Asserting (non-strict mode) type=A ext=.abc
Asserting (non-strict mode) type=C ext=.abc
Asserting (non-strict mode) type=B ext=.abc
Asserting (non-strict mode) type=AnyObject ext=.abcd
Asserting (non-strict mode) type=D ext=.abcd
Asserting (non-strict mode) type=A ext=.abcd
Asserting (non-strict mode) type=C ext=.abcd
Asserting (non-strict mode) type=B ext=.abcd
Asserting (non-strict mode) type=AnyObject ext=.ad
Asserting (non-strict mode) type=D ext=.ad
Asserting (non-strict mode) type=A ext=.ad
Asserting (non-strict mode) type=C ext=.ad
Asserting (non-strict mode) type=B ext=.ad
Asserting (non-strict mode) type=AnyObject ext=.bcd
Asserting (non-strict mode) type=D ext=.bcd
Asserting (non-strict mode) type=A ext=.bcd
Asserting (non-strict mode) type=C ext=.bcd
Asserting (non-strict mode) type=B ext=.bcd
Asserting (non-strict mode) type=AnyObject ext=.bd
Asserting (non-strict mode) type=D ext=.bd
Asserting (non-strict mode) type=A ext=.bd
Asserting (non-strict mode) type=C ext=.bd
Asserting (non-strict mode) type=B ext=.bd
Asserting (non-strict mode) type=AnyObject ext=.ac
Asserting (non-strict mode) type=D ext=.ac
Asserting (non-strict mode) type=A ext=.ac
Asserting (non-strict mode) type=C ext=.ac
Asserting (non-strict mode) type=B ext=.ac
Asserting (non-strict mode) type=AnyObject ext=.ab
Asserting (non-strict mode) type=D ext=.ab
Asserting (non-strict mode) type=A ext=.ab
Asserting (non-strict mode) type=C ext=.ab
Asserting (non-strict mode) type=B ext=.ab
Asserting (non-strict mode) type=AnyObject ext=&lt;multifile&gt;
Asserting (non-strict mode) type=D ext=&lt;multifile&gt;
Asserting (non-strict mode) type=A ext=&lt;multifile&gt;
Asserting (non-strict mode) type=C ext=&lt;multifile&gt;
Asserting (non-strict mode) type=B ext=&lt;multifile&gt;
Asserting (non-strict mode) type=AnyObject ext=.d
Asserting (non-strict mode) type=D ext=.d
Asserting (non-strict mode) type=A ext=.d
Asserting (non-strict mode) type=C ext=.d
Asserting (non-strict mode) type=AnyObject ext=.cd
Asserting (non-strict mode) type=D ext=.cd
Asserting (non-strict mode) type=A ext=.cd
Asserting (non-strict mode) type=C ext=.cd
Asserting (non-strict mode) type=B ext=.cd
Asserting (non-strict mode) type=AnyObject ext=.acd
Asserting (non-strict mode) type=D ext=.acd
Asserting (non-strict mode) type=A ext=.acd
Asserting (non-strict mode) type=C ext=.acd
Asserting (non-strict mode) type=B ext=.acd
Asserting (non-strict mode) type=A ext=.b
Asserting (non-strict mode) type=C ext=.b
Asserting (non-strict mode) type=B ext=.b
Asserting (non-strict mode) type=A ext=.c
Asserting (non-strict mode) type=D ext=.c
Asserting (non-strict mode) type=C ext=.c
Asserting (non-strict mode) type=B ext=.c
Asserting (non-strict mode) type=AnyObject ext=.a
Asserting (non-strict mode) type=D ext=.a
Asserting (non-strict mode) type=A ext=.a
Asserting (non-strict mode) type=C ext=.a
Asserting (non-strict mode) type=B ext=.a
Asserting (non-strict mode) type=AnyObject ext=.abd
Asserting (non-strict mode) type=D ext=.abd
Asserting (non-strict mode) type=A ext=.abd
Asserting (non-strict mode) type=C ext=.abd
Asserting (non-strict mode) type=B ext=.abd
Asserting (non-strict mode) type=A ext=.bc
Asserting (non-strict mode) type=D ext=.bc
Asserting (non-strict mode) type=C ext=.bc
Asserting (non-strict mode) type=B ext=.bc
Asserting (non-strict mode) type=AnyObject ext=.abc
Asserting (non-strict mode) type=D ext=.abc
Asserting (non-strict mode) type=A ext=.abc
Asserting (non-strict mode) type=C ext=.abc
Asserting (non-strict mode) type=B ext=.abc
Asserting (non-strict mode) type=AnyObject ext=.abcd
Asserting (non-strict mode) type=D ext=.abcd
Asserting (non-strict mode) type=A ext=.abcd
Asserting (non-strict mode) type=C ext=.abcd
Asserting (non-strict mode) type=B ext=.abcd
Asserting (non-strict mode) type=AnyObject ext=.ad
Asserting (non-strict mode) type=D ext=.ad
Asserting (non-strict mode) type=A ext=.ad
Asserting (non-strict mode) type=C ext=.ad
Asserting (non-strict mode) type=B ext=.ad
Asserting (non-strict mode) type=AnyObject ext=.bcd
Asserting (non-strict mode) type=D ext=.bcd
Asserting (non-strict mode) type=A ext=.bcd
Asserting (non-strict mode) type=C ext=.bcd
Asserting (non-strict mode) type=B ext=.bcd
Asserting (non-strict mode) type=AnyObject ext=.bd
Asserting (non-strict mode) type=D ext=.bd
Asserting (non-strict mode) type=A ext=.bd
Asserting (non-strict mode) type=C ext=.bd
Asserting (non-strict mode) type=B ext=.bd
Asserting (non-strict mode) type=AnyObject ext=.ac
Asserting (non-strict mode) type=D ext=.ac
Asserting (non-strict mode) type=A ext=.ac
Asserting (non-strict mode) type=C ext=.ac
Asserting (non-strict mode) type=B ext=.ac
Asserting (non-strict mode) type=AnyObject ext=.ab
Asserting (non-strict mode) type=D ext=.ab
Asserting (non-strict mode) type=A ext=.ab
Asserting (non-strict mode) type=C ext=.ab
Asserting (non-strict mode) type=B ext=.ab
Asserting (non-strict mode) type=AnyObject ext=&lt;multifile&gt;
Asserting (non-strict mode) type=D ext=&lt;multifile&gt;
Asserting (non-strict mode) type=A ext=&lt;multifile&gt;
Asserting (non-strict mode) type=C ext=&lt;multifile&gt;
Asserting (non-strict mode) type=B ext=&lt;multifile&gt;
Asserting (non-strict mode) type=AnyObject ext=.d
Asserting (non-strict mode) type=D ext=.d
Asserting (non-strict mode) type=A ext=.d
Asserting (non-strict mode) type=C ext=.d
Asserting (non-strict mode) type=AnyObject ext=.cd
Asserting (non-strict mode) type=D ext=.cd
Asserting (non-strict mode) type=A ext=.cd
Asserting (non-strict mode) type=C ext=.cd
Asserting (non-strict mode) type=B ext=.cd
Asserting (non-strict mode) type=AnyObject ext=.acd
Asserting (non-strict mode) type=D ext=.acd
Asserting (non-strict mode) type=A ext=.acd
Asserting (non-strict mode) type=C ext=.acd
Asserting (non-strict mode) type=B ext=.acd
Asserting (non-strict mode) type=A ext=.b
Asserting (non-strict mode) type=C ext=.b
Asserting (non-strict mode) type=B ext=.b
Asserting (non-strict mode) type=A ext=.c
Asserting (non-strict mode) type=D ext=.c
Asserting (non-strict mode) type=C ext=.c
Asserting (non-strict mode) type=B ext=.c
Asserting (non-strict mode) type=AnyObject ext=.a
Asserting (non-strict mode) type=D ext=.a
Asserting (non-strict mode) type=A ext=.a
Asserting (non-strict mode) type=C ext=.a
Asserting (non-strict mode) type=B ext=.a
Asserting (non-strict mode) type=AnyObject ext=.abd
Asserting (non-strict mode) type=D ext=.abd
Asserting (non-strict mode) type=A ext=.abd
Asserting (non-strict mode) type=C ext=.abd
Asserting (non-strict mode) type=B ext=.abd
Asserting (non-strict mode) type=A ext=.bc
Asserting (non-strict mode) type=D ext=.bc
Asserting (non-strict mode) type=C ext=.bc
Asserting (non-strict mode) type=B ext=.bc
Asserting (non-strict mode) type=AnyObject ext=.abc
Asserting (non-strict mode) type=D ext=.abc
Asserting (non-strict mode) type=A ext=.abc
Asserting (non-strict mode) type=C ext=.abc
Asserting (non-strict mode) type=B ext=.abc
Asserting (non-strict mode) type=AnyObject ext=.abcd
Asserting (non-strict mode) type=D ext=.abcd
Asserting (non-strict mode) type=A ext=.abcd
Asserting (non-strict mode) type=C ext=.abcd
Asserting (non-strict mode) type=B ext=.abcd
Asserting (non-strict mode) type=AnyObject ext=.ad
Asserting (non-strict mode) type=D ext=.ad
Asserting (non-strict mode) type=A ext=.ad
Asserting (non-strict mode) type=C ext=.ad
Asserting (non-strict mode) type=B ext=.ad
Asserting (non-strict mode) type=AnyObject ext=.bcd
Asserting (non-strict mode) type=D ext=.bcd
Asserting (non-strict mode) type=A ext=.bcd
Asserting (non-strict mode) type=C ext=.bcd
Asserting (non-strict mode) type=B ext=.bcd
Asserting (non-strict mode) type=AnyObject ext=.bd
Asserting (non-strict mode) type=D ext=.bd
Asserting (non-strict mode) type=A ext=.bd
Asserting (non-strict mode) type=C ext=.bd
Asserting (non-strict mode) type=B ext=.bd
Asserting (non-strict mode) type=AnyObject ext=.ac
Asserting (non-strict mode) type=D ext=.ac
Asserting (non-strict mode) type=A ext=.ac
Asserting (non-strict mode) type=C ext=.ac
Asserting (non-strict mode) type=B ext=.ac
Asserting (non-strict mode) type=AnyObject ext=.ab
Asserting (non-strict mode) type=D ext=.ab
Asserting (non-strict mode) type=A ext=.ab
Asserting (non-strict mode) type=C ext=.ab
Asserting (non-strict mode) type=B ext=.ab
Asserting (non-strict mode) type=AnyObject ext=&lt;multifile&gt;
Asserting (non-strict mode) type=D ext=&lt;multifile&gt;
Asserting (non-strict mode) type=A ext=&lt;multifile&gt;
Asserting (non-strict mode) type=C ext=&lt;multifile&gt;
Asserting (non-strict mode) type=B ext=&lt;multifile&gt;
Asserting (non-strict mode) type=AnyObject ext=.d
Asserting (non-strict mode) type=D ext=.d
Asserting (non-strict mode) type=A ext=.d
Asserting (non-strict mode) type=C ext=.d
Asserting (non-strict mode) type=AnyObject ext=.cd
Asserting (non-strict mode) type=D ext=.cd
Asserting (non-strict mode) type=A ext=.cd
Asserting (non-strict mode) type=C ext=.cd
Asserting (non-strict mode) type=B ext=.cd
Asserting (non-strict mode) type=AnyObject ext=.acd
Asserting (non-strict mode) type=D ext=.acd
Asserting (non-strict mode) type=A ext=.acd
Asserting (non-strict mode) type=C ext=.acd
Asserting (non-strict mode) type=B ext=.acd
Asserting (non-strict mode) type=A ext=.b
Asserting (non-strict mode) type=C ext=.b
Asserting (non-strict mode) type=B ext=.b
Asserting (non-strict mode) type=A ext=.c
Asserting (non-strict mode) type=D ext=.c
Asserting (non-strict mode) type=C ext=.c
Asserting (non-strict mode) type=B ext=.c
</system-out></testcase><testcase classname="parsyfiles.tests.combining_parsers_converters.test_registries.TestParserRegistry" file="parsyfiles/tests/combining_parsers_converters/test_registries.py" line="356" name="test_d_correct_parsers_in_order_strict" time="0.27791833877563477"><system-out>.
.d
.c
.cd
.b
.bd
.bc
.bcd
.a
.ad
.ac
.acd
.ab
.abd
.abc
.abcd
Checking list of parsers returned for (strict mode) type=A ext=.a
First generic
Then specific strict
Checking list of parsers returned for (strict mode) type=A ext=.abd
First generic
Then specific strict
Checking list of parsers returned for (strict mode) type=A ext=.bc
First generic
Then specific strict
Checking list of parsers returned for (strict mode) type=A ext=.abc
First generic
Then specific strict
Checking list of parsers returned for (strict mode) type=A ext=.bd
First generic
Then specific strict
Checking list of parsers returned for (strict mode) type=A ext=.d
First generic
Then specific strict
Checking list of parsers returned for (strict mode) type=A ext=.bcd
First generic
Then specific strict
Checking list of parsers returned for (strict mode) type=A ext=.ad
First generic
Then specific strict
Checking list of parsers returned for (strict mode) type=A ext=.abcd
First generic
Then specific strict
Checking list of parsers returned for (strict mode) type=A ext=.ac
First generic
Then specific strict
Checking list of parsers returned for (strict mode) type=A ext=.ab
First generic
Then specific strict
Checking list of parsers returned for (strict mode) type=A ext=.c
First generic
Then specific strict
Checking list of parsers returned for (strict mode) type=A ext=&lt;multifile&gt;
First generic
Then specific strict
Checking list of parsers returned for (strict mode) type=A ext=.cd
First generic
Then specific strict
Checking list of parsers returned for (strict mode) type=A ext=.b
First generic
Then specific strict
Checking list of parsers returned for (strict mode) type=A ext=.acd
First generic
Then specific strict
Checking list of parsers returned for (strict mode) type=B ext=.a
First generic
Then specific strict
Checking list of parsers returned for (strict mode) type=B ext=.abd
First generic
Then specific strict
Checking list of parsers returned for (strict mode) type=B ext=.bc
First generic
Then specific strict
Checking list of parsers returned for (strict mode) type=B ext=.abc
First generic
Then specific strict
Checking list of parsers returned for (strict mode) type=B ext=.bd
First generic
Then specific strict
Checking list of parsers returned for (strict mode) type=B ext=.d
First generic
Then specific strict
Checking list of parsers returned for (strict mode) type=B ext=.bcd
First generic
Then specific strict
Checking list of parsers returned for (strict mode) type=B ext=.ad
First generic
Then specific strict
Checking list of parsers returned for (strict mode) type=B ext=.abcd
First generic
Then specific strict
Checking list of parsers returned for (strict mode) type=B ext=.ac
First generic
Then specific strict
Checking list of parsers returned for (strict mode) type=B ext=.ab
First generic
Then specific strict
Checking list of parsers returned for (strict mode) type=B ext=.c
First generic
Then specific strict
Checking list of parsers returned for (strict mode) type=B ext=&lt;multifile&gt;
First generic
Then specific strict
Checking list of parsers returned for (strict mode) type=B ext=.cd
First generic
Then specific strict
Checking list of parsers returned for (strict mode) type=B ext=.b
First generic
Then specific strict
Checking list of parsers returned for (strict mode) type=B ext=.acd
First generic
Then specific strict
Checking list of parsers returned for (strict mode) type=C ext=.a
First generic
Then specific strict
Checking list of parsers returned for (strict mode) type=C ext=.abd
First generic
Then specific strict
Checking list of parsers returned for (strict mode) type=C ext=.bc
First generic
Then specific strict
Checking list of parsers returned for (strict mode) type=C ext=.abc
First generic
Then specific strict
Checking list of parsers returned for (strict mode) type=C ext=.bd
First generic
Then specific strict
Checking list of parsers returned for (strict mode) type=C ext=.d
First generic
Then specific strict
Checking list of parsers returned for (strict mode) type=C ext=.bcd
First generic
Then specific strict
Checking list of parsers returned for (strict mode) type=C ext=.ad
First generic
Then specific strict
Checking list of parsers returned for (strict mode) type=C ext=.abcd
First generic
Then specific strict
Checking list of parsers returned for (strict mode) type=C ext=.ac
First generic
Then specific strict
Checking list of parsers returned for (strict mode) type=C ext=.ab
First generic
Then specific strict
Checking list of parsers returned for (strict mode) type=C ext=.c
First generic
Then specific strict
Checking list of parsers returned for (strict mode) type=C ext=&lt;multifile&gt;
First generic
Then specific strict
Checking list of parsers returned for (strict mode) type=C ext=.cd
First generic
Then specific strict
Checking list of parsers returned for (strict mode) type=C ext=.b
First generic
Then specific strict
Checking list of parsers returned for (strict mode) type=C ext=.acd
First generic
Then specific strict
Checking list of parsers returned for (strict mode) type=D ext=.a
First generic
Then specific strict
Checking list of parsers returned for (strict mode) type=D ext=.abd
First generic
Then specific strict
Checking list of parsers returned for (strict mode) type=D ext=.bc
First generic
Then specific strict
Checking list of parsers returned for (strict mode) type=D ext=.abc
First generic
Then specific strict
Checking list of parsers returned for (strict mode) type=D ext=.bd
First generic
Then specific strict
Checking list of parsers returned for (strict mode) type=D ext=.d
First generic
Then specific strict
Checking list of parsers returned for (strict mode) type=D ext=.bcd
First generic
Then specific strict
Checking list of parsers returned for (strict mode) type=D ext=.ad
First generic
Then specific strict
Checking list of parsers returned for (strict mode) type=D ext=.abcd
First generic
Then specific strict
Checking list of parsers returned for (strict mode) type=D ext=.ac
First generic
Then specific strict
Checking list of parsers returned for (strict mode) type=D ext=.ab
First generic
Then specific strict
Checking list of parsers returned for (strict mode) type=D ext=.c
First generic
Then specific strict
Checking list of parsers returned for (strict mode) type=D ext=&lt;multifile&gt;
First generic
Then specific strict
Checking list of parsers returned for (strict mode) type=D ext=.cd
First generic
Then specific strict
Checking list of parsers returned for (strict mode) type=D ext=.b
First generic
Then specific strict
Checking list of parsers returned for (strict mode) type=D ext=.acd
First generic
Then specific strict
Checking list of parsers returned for (strict mode) type=A ext=.a
First generic
Then specific strict
Checking list of parsers returned for (strict mode) type=A ext=.abd
First generic
Then specific strict
Checking list of parsers returned for (strict mode) type=A ext=.bc
First generic
Then specific strict
Checking list of parsers returned for (strict mode) type=A ext=.abc
First generic
Then specific strict
Checking list of parsers returned for (strict mode) type=A ext=.bd
First generic
Then specific strict
Checking list of parsers returned for (strict mode) type=A ext=.d
First generic
Then specific strict
Checking list of parsers returned for (strict mode) type=A ext=.bcd
First generic
Then specific strict
Checking list of parsers returned for (strict mode) type=A ext=.ad
First generic
Then specific strict
Checking list of parsers returned for (strict mode) type=A ext=.abcd
First generic
Then specific strict
Checking list of parsers returned for (strict mode) type=A ext=.ac
First generic
Then specific strict
Checking list of parsers returned for (strict mode) type=A ext=.ab
First generic
Then specific strict
Checking list of parsers returned for (strict mode) type=A ext=.c
First generic
Then specific strict
Checking list of parsers returned for (strict mode) type=A ext=&lt;multifile&gt;
First generic
Then specific strict
Checking list of parsers returned for (strict mode) type=A ext=.cd
First generic
Then specific strict
Checking list of parsers returned for (strict mode) type=A ext=.b
First generic
Then specific strict
Checking list of parsers returned for (strict mode) type=A ext=.acd
First generic
Then specific strict
Checking list of parsers returned for (strict mode) type=B ext=.a
First generic
Then specific strict
Checking list of parsers returned for (strict mode) type=B ext=.abd
First generic
Then specific strict
Checking list of parsers returned for (strict mode) type=B ext=.bc
First generic
Then specific strict
Checking list of parsers returned for (strict mode) type=B ext=.abc
First generic
Then specific strict
Checking list of parsers returned for (strict mode) type=B ext=.bd
First generic
Then specific strict
Checking list of parsers returned for (strict mode) type=B ext=.d
First generic
Then specific strict
Checking list of parsers returned for (strict mode) type=B ext=.bcd
First generic
Then specific strict
Checking list of parsers returned for (strict mode) type=B ext=.ad
First generic
Then specific strict
Checking list of parsers returned for (strict mode) type=B ext=.abcd
First generic
Then specific strict
Checking list of parsers returned for (strict mode) type=B ext=.ac
First generic
Then specific strict
Checking list of parsers returned for (strict mode) type=B ext=.ab
First generic
Then specific strict
Checking list of parsers returned for (strict mode) type=B ext=.c
First generic
Then specific strict
Checking list of parsers returned for (strict mode) type=B ext=&lt;multifile&gt;
First generic
Then specific strict
Checking list of parsers returned for (strict mode) type=B ext=.cd
First generic
Then specific strict
Checking list of parsers returned for (strict mode) type=B ext=.b
First generic
Then specific strict
Checking list of parsers returned for (strict mode) type=B ext=.acd
First generic
Then specific strict
Checking list of parsers returned for (strict mode) type=C ext=.a
First generic
Then specific strict
Checking list of parsers returned for (strict mode) type=C ext=.abd
First generic
Then specific strict
Checking list of parsers returned for (strict mode) type=C ext=.bc
First generic
Then specific strict
Checking list of parsers returned for (strict mode) type=C ext=.abc
First generic
Then specific strict
Checking list of parsers returned for (strict mode) type=C ext=.bd
First generic
Then specific strict
Checking list of parsers returned for (strict mode) type=C ext=.d
First generic
Then specific strict
Checking list of parsers returned for (strict mode) type=C ext=.bcd
First generic
Then specific strict
Checking list of parsers returned for (strict mode) type=C ext=.ad
First generic
Then specific strict
Checking list of parsers returned for (strict mode) type=C ext=.abcd
First generic
Then specific strict
Checking list of parsers returned for (strict mode) type=C ext=.ac
First generic
Then specific strict
Checking list of parsers returned for (strict mode) type=C ext=.ab
First generic
Then specific strict
Checking list of parsers returned for (strict mode) type=C ext=.c
First generic
Then specific strict
Checking list of parsers returned for (strict mode) type=C ext=&lt;multifile&gt;
First generic
Then specific strict
Checking list of parsers returned for (strict mode) type=C ext=.cd
First generic
Then specific strict
Checking list of parsers returned for (strict mode) type=C ext=.b
First generic
Then specific strict
Checking list of parsers returned for (strict mode) type=C ext=.acd
First generic
Then specific strict
Checking list of parsers returned for (strict mode) type=D ext=.a
First generic
Then specific strict
Checking list of parsers returned for (strict mode) type=D ext=.abd
First generic
Then specific strict
Checking list of parsers returned for (strict mode) type=D ext=.bc
First generic
Then specific strict
Checking list of parsers returned for (strict mode) type=D ext=.abc
First generic
Then specific strict
Checking list of parsers returned for (strict mode) type=D ext=.bd
First generic
Then specific strict
Checking list of parsers returned for (strict mode) type=D ext=.d
First generic
Then specific strict
Checking list of parsers returned for (strict mode) type=D ext=.bcd
First generic
Then specific strict
Checking list of parsers returned for (strict mode) type=D ext=.ad
First generic
Then specific strict
Checking list of parsers returned for (strict mode) type=D ext=.abcd
First generic
Then specific strict
Checking list of parsers returned for (strict mode) type=D ext=.ac
First generic
Then specific strict
Checking list of parsers returned for (strict mode) type=D ext=.ab
First generic
Then specific strict
Checking list of parsers returned for (strict mode) type=D ext=.c
First generic
Then specific strict
Checking list of parsers returned for (strict mode) type=D ext=&lt;multifile&gt;
First generic
Then specific strict
Checking list of parsers returned for (strict mode) type=D ext=.cd
First generic
Then specific strict
Checking list of parsers returned for (strict mode) type=D ext=.b
First generic
Then specific strict
Checking list of parsers returned for (strict mode) type=D ext=.acd
First generic
Then specific strict
Checking list of parsers returned for (strict mode) type=A ext=.a
First generic
Then specific strict
Checking list of parsers returned for (strict mode) type=A ext=.abd
First generic
Then specific strict
Checking list of parsers returned for (strict mode) type=A ext=.bc
First generic
Then specific strict
Checking list of parsers returned for (strict mode) type=A ext=.abc
First generic
Then specific strict
Checking list of parsers returned for (strict mode) type=A ext=.bd
First generic
Then specific strict
Checking list of parsers returned for (strict mode) type=A ext=.d
First generic
Then specific strict
Checking list of parsers returned for (strict mode) type=A ext=.bcd
First generic
Then specific strict
Checking list of parsers returned for (strict mode) type=A ext=.ad
First generic
Then specific strict
Checking list of parsers returned for (strict mode) type=A ext=.abcd
First generic
Then specific strict
Checking list of parsers returned for (strict mode) type=A ext=.ac
First generic
Then specific strict
Checking list of parsers returned for (strict mode) type=A ext=.ab
First generic
Then specific strict
Checking list of parsers returned for (strict mode) type=A ext=.c
First generic
Then specific strict
Checking list of parsers returned for (strict mode) type=A ext=&lt;multifile&gt;
First generic
Then specific strict
Checking list of parsers returned for (strict mode) type=A ext=.cd
First generic
Then specific strict
Checking list of parsers returned for (strict mode) type=A ext=.b
First generic
Then specific strict
Checking list of parsers returned for (strict mode) type=A ext=.acd
First generic
Then specific strict
Checking list of parsers returned for (strict mode) type=B ext=.a
First generic
Then specific strict
Checking list of parsers returned for (strict mode) type=B ext=.abd
First generic
Then specific strict
Checking list of parsers returned for (strict mode) type=B ext=.bc
First generic
Then specific strict
Checking list of parsers returned for (strict mode) type=B ext=.abc
First generic
Then specific strict
Checking list of parsers returned for (strict mode) type=B ext=.bd
First generic
Then specific strict
Checking list of parsers returned for (strict mode) type=B ext=.d
First generic
Then specific strict
Checking list of parsers returned for (strict mode) type=B ext=.bcd
First generic
Then specific strict
Checking list of parsers returned for (strict mode) type=B ext=.ad
First generic
Then specific strict
Checking list of parsers returned for (strict mode) type=B ext=.abcd
First generic
Then specific strict
Checking list of parsers returned for (strict mode) type=B ext=.ac
First generic
Then specific strict
Checking list of parsers returned for (strict mode) type=B ext=.ab
First generic
Then specific strict
Checking list of parsers returned for (strict mode) type=B ext=.c
First generic
Then specific strict
Checking list of parsers returned for (strict mode) type=B ext=&lt;multifile&gt;
First generic
Then specific strict
Checking list of parsers returned for (strict mode) type=B ext=.cd
First generic
Then specific strict
Checking list of parsers returned for (strict mode) type=B ext=.b
First generic
Then specific strict
Checking list of parsers returned for (strict mode) type=B ext=.acd
First generic
Then specific strict
Checking list of parsers returned for (strict mode) type=C ext=.a
First generic
Then specific strict
Checking list of parsers returned for (strict mode) type=C ext=.abd
First generic
Then specific strict
Checking list of parsers returned for (strict mode) type=C ext=.bc
First generic
Then specific strict
Checking list of parsers returned for (strict mode) type=C ext=.abc
First generic
Then specific strict
Checking list of parsers returned for (strict mode) type=C ext=.bd
First generic
Then specific strict
Checking list of parsers returned for (strict mode) type=C ext=.d
First generic
Then specific strict
Checking list of parsers returned for (strict mode) type=C ext=.bcd
First generic
Then specific strict
Checking list of parsers returned for (strict mode) type=C ext=.ad
First generic
Then specific strict
Checking list of parsers returned for (strict mode) type=C ext=.abcd
First generic
Then specific strict
Checking list of parsers returned for (strict mode) type=C ext=.ac
First generic
Then specific strict
Checking list of parsers returned for (strict mode) type=C ext=.ab
First generic
Then specific strict
Checking list of parsers returned for (strict mode) type=C ext=.c
First generic
Then specific strict
Checking list of parsers returned for (strict mode) type=C ext=&lt;multifile&gt;
First generic
Then specific strict
Checking list of parsers returned for (strict mode) type=C ext=.cd
First generic
Then specific strict
Checking list of parsers returned for (strict mode) type=C ext=.b
First generic
Then specific strict
Checking list of parsers returned for (strict mode) type=C ext=.acd
First generic
Then specific strict
Checking list of parsers returned for (strict mode) type=D ext=.a
First generic
Then specific strict
Checking list of parsers returned for (strict mode) type=D ext=.abd
First generic
Then specific strict
Checking list of parsers returned for (strict mode) type=D ext=.bc
First generic
Then specific strict
Checking list of parsers returned for (strict mode) type=D ext=.abc
First generic
Then specific strict
Checking list of parsers returned for (strict mode) type=D ext=.bd
First generic
Then specific strict
Checking list of parsers returned for (strict mode) type=D ext=.d
First generic
Then specific strict
Checking list of parsers returned for (strict mode) type=D ext=.bcd
First generic
Then specific strict
Checking list of parsers returned for (strict mode) type=D ext=.ad
First generic
Then specific strict
Checking list of parsers returned for (strict mode) type=D ext=.abcd
First generic
Then specific strict
Checking list of parsers returned for (strict mode) type=D ext=.ac
First generic
Then specific strict
Checking list of parsers returned for (strict mode) type=D ext=.ab
First generic
Then specific strict
Checking list of parsers returned for (strict mode) type=D ext=.c
First generic
Then specific strict
Checking list of parsers returned for (strict mode) type=D ext=&lt;multifile&gt;
First generic
Then specific strict
Checking list of parsers returned for (strict mode) type=D ext=.cd
First generic
Then specific strict
Checking list of parsers returned for (strict mode) type=D ext=.b
First generic
Then specific strict
Checking list of parsers returned for (strict mode) type=D ext=.acd
First generic
Then specific strict
Checking list of parsers returned for (strict mode) type=A ext=.a
First generic
Then specific strict
Checking list of parsers returned for (strict mode) type=A ext=.abd
First generic
Then specific strict
Checking list of parsers returned for (strict mode) type=A ext=.bc
First generic
Then specific strict
Checking list of parsers returned for (strict mode) type=A ext=.abc
First generic
Then specific strict
Checking list of parsers returned for (strict mode) type=A ext=.bd
First generic
Then specific strict
Checking list of parsers returned for (strict mode) type=A ext=.d
First generic
Then specific strict
Checking list of parsers returned for (strict mode) type=A ext=.bcd
First generic
Then specific strict
Checking list of parsers returned for (strict mode) type=A ext=.ad
First generic
Then specific strict
Checking list of parsers returned for (strict mode) type=A ext=.abcd
First generic
Then specific strict
Checking list of parsers returned for (strict mode) type=A ext=.ac
First generic
Then specific strict
Checking list of parsers returned for (strict mode) type=A ext=.ab
First generic
Then specific strict
Checking list of parsers returned for (strict mode) type=A ext=.c
First generic
Then specific strict
Checking list of parsers returned for (strict mode) type=A ext=&lt;multifile&gt;
First generic
Then specific strict
Checking list of parsers returned for (strict mode) type=A ext=.cd
First generic
Then specific strict
Checking list of parsers returned for (strict mode) type=A ext=.b
First generic
Then specific strict
Checking list of parsers returned for (strict mode) type=A ext=.acd
First generic
Then specific strict
Checking list of parsers returned for (strict mode) type=B ext=.a
First generic
Then specific strict
Checking list of parsers returned for (strict mode) type=B ext=.abd
First generic
Then specific strict
Checking list of parsers returned for (strict mode) type=B ext=.bc
First generic
Then specific strict
Checking list of parsers returned for (strict mode) type=B ext=.abc
First generic
Then specific strict
Checking list of parsers returned for (strict mode) type=B ext=.bd
First generic
Then specific strict
Checking list of parsers returned for (strict mode) type=B ext=.d
First generic
Then specific strict
Checking list of parsers returned for (strict mode) type=B ext=.bcd
First generic
Then specific strict
Checking list of parsers returned for (strict mode) type=B ext=.ad
First generic
Then specific strict
Checking list of parsers returned for (strict mode) type=B ext=.abcd
First generic
Then specific strict
Checking list of parsers returned for (strict mode) type=B ext=.ac
First generic
Then specific strict
Checking list of parsers returned for (strict mode) type=B ext=.ab
First generic
Then specific strict
Checking list of parsers returned for (strict mode) type=B ext=.c
First generic
Then specific strict
Checking list of parsers returned for (strict mode) type=B ext=&lt;multifile&gt;
First generic
Then specific strict
Checking list of parsers returned for (strict mode) type=B ext=.cd
First generic
Then specific strict
Checking list of parsers returned for (strict mode) type=B ext=.b
First generic
Then specific strict
Checking list of parsers returned for (strict mode) type=B ext=.acd
First generic
Then specific strict
Checking list of parsers returned for (strict mode) type=C ext=.a
First generic
Then specific strict
Checking list of parsers returned for (strict mode) type=C ext=.abd
First generic
Then specific strict
Checking list of parsers returned for (strict mode) type=C ext=.bc
First generic
Then specific strict
Checking list of parsers returned for (strict mode) type=C ext=.abc
First generic
Then specific strict
Checking list of parsers returned for (strict mode) type=C ext=.bd
First generic
Then specific strict
Checking list of parsers returned for (strict mode) type=C ext=.d
First generic
Then specific strict
Checking list of parsers returned for (strict mode) type=C ext=.bcd
First generic
Then specific strict
Checking list of parsers returned for (strict mode) type=C ext=.ad
First generic
Then specific strict
Checking list of parsers returned for (strict mode) type=C ext=.abcd
First generic
Then specific strict
Checking list of parsers returned for (strict mode) type=C ext=.ac
First generic
Then specific strict
Checking list of parsers returned for (strict mode) type=C ext=.ab
First generic
Then specific strict
Checking list of parsers returned for (strict mode) type=C ext=.c
First generic
Then specific strict
Checking list of parsers returned for (strict mode) type=C ext=&lt;multifile&gt;
First generic
Then specific strict
Checking list of parsers returned for (strict mode) type=C ext=.cd
First generic
Then specific strict
Checking list of parsers returned for (strict mode) type=C ext=.b
First generic
Then specific strict
Checking list of parsers returned for (strict mode) type=C ext=.acd
First generic
Then specific strict
Checking list of parsers returned for (strict mode) type=D ext=.a
First generic
Then specific strict
Checking list of parsers returned for (strict mode) type=D ext=.abd
First generic
Then specific strict
Checking list of parsers returned for (strict mode) type=D ext=.bc
First generic
Then specific strict
Checking list of parsers returned for (strict mode) type=D ext=.abc
First generic
Then specific strict
Checking list of parsers returned for (strict mode) type=D ext=.bd
First generic
Then specific strict
Checking list of parsers returned for (strict mode) type=D ext=.d
First generic
Then specific strict
Checking list of parsers returned for (strict mode) type=D ext=.bcd
First generic
Then specific strict
Checking list of parsers returned for (strict mode) type=D ext=.ad
First generic
Then specific strict
Checking list of parsers returned for (strict mode) type=D ext=.abcd
First generic
Then specific strict
Checking list of parsers returned for (strict mode) type=D ext=.ac
First generic
Then specific strict
Checking list of parsers returned for (strict mode) type=D ext=.ab
First generic
Then specific strict
Checking list of parsers returned for (strict mode) type=D ext=.c
First generic
Then specific strict
Checking list of parsers returned for (strict mode) type=D ext=&lt;multifile&gt;
First generic
Then specific strict
Checking list of parsers returned for (strict mode) type=D ext=.cd
First generic
Then specific strict
Checking list of parsers returned for (strict mode) type=D ext=.b
First generic
Then specific strict
Checking list of parsers returned for (strict mode) type=D ext=.acd
First generic
Then specific strict
Checking list of parsers returned for (strict mode) type=A ext=.a
First generic
Then specific strict
Checking list of parsers returned for (strict mode) type=A ext=.abd
First generic
Then specific strict
Checking list of parsers returned for (strict mode) type=A ext=.bc
First generic
Then specific strict
Checking list of parsers returned for (strict mode) type=A ext=.abc
First generic
Then specific strict
Checking list of parsers returned for (strict mode) type=A ext=.bd
First generic
Then specific strict
Checking list of parsers returned for (strict mode) type=A ext=.d
First generic
Then specific strict
Checking list of parsers returned for (strict mode) type=A ext=.bcd
First generic
Then specific strict
Checking list of parsers returned for (strict mode) type=A ext=.ad
First generic
Then specific strict
Checking list of parsers returned for (strict mode) type=A ext=.abcd
First generic
Then specific strict
Checking list of parsers returned for (strict mode) type=A ext=.ac
First generic
Then specific strict
Checking list of parsers returned for (strict mode) type=A ext=.ab
First generic
Then specific strict
Checking list of parsers returned for (strict mode) type=A ext=.c
First generic
Then specific strict
Checking list of parsers returned for (strict mode) type=A ext=&lt;multifile&gt;
First generic
Then specific strict
Checking list of parsers returned for (strict mode) type=A ext=.cd
First generic
Then specific strict
Checking list of parsers returned for (strict mode) type=A ext=.b
First generic
Then specific strict
Checking list of parsers returned for (strict mode) type=A ext=.acd
First generic
Then specific strict
Checking list of parsers returned for (strict mode) type=B ext=.a
First generic
Then specific strict
Checking list of parsers returned for (strict mode) type=B ext=.abd
First generic
Then specific strict
Checking list of parsers returned for (strict mode) type=B ext=.bc
First generic
Then specific strict
Checking list of parsers returned for (strict mode) type=B ext=.abc
First generic
Then specific strict
Checking list of parsers returned for (strict mode) type=B ext=.bd
First generic
Then specific strict
Checking list of parsers returned for (strict mode) type=B ext=.d
First generic
Then specific strict
Checking list of parsers returned for (strict mode) type=B ext=.bcd
First generic
Then specific strict
Checking list of parsers returned for (strict mode) type=B ext=.ad
First generic
Then specific strict
Checking list of parsers returned for (strict mode) type=B ext=.abcd
First generic
Then specific strict
Checking list of parsers returned for (strict mode) type=B ext=.ac
First generic
Then specific strict
Checking list of parsers returned for (strict mode) type=B ext=.ab
First generic
Then specific strict
Checking list of parsers returned for (strict mode) type=B ext=.c
First generic
Then specific strict
Checking list of parsers returned for (strict mode) type=B ext=&lt;multifile&gt;
First generic
Then specific strict
Checking list of parsers returned for (strict mode) type=B ext=.cd
First generic
Then specific strict
Checking list of parsers returned for (strict mode) type=B ext=.b
First generic
Then specific strict
Checking list of parsers returned for (strict mode) type=B ext=.acd
First generic
Then specific strict
Checking list of parsers returned for (strict mode) type=C ext=.a
First generic
Then specific strict
Checking list of parsers returned for (strict mode) type=C ext=.abd
First generic
Then specific strict
Checking list of parsers returned for (strict mode) type=C ext=.bc
First generic
Then specific strict
Checking list of parsers returned for (strict mode) type=C ext=.abc
First generic
Then specific strict
Checking list of parsers returned for (strict mode) type=C ext=.bd
First generic
Then specific strict
Checking list of parsers returned for (strict mode) type=C ext=.d
First generic
Then specific strict
Checking list of parsers returned for (strict mode) type=C ext=.bcd
First generic
Then specific strict
Checking list of parsers returned for (strict mode) type=C ext=.ad
First generic
Then specific strict
Checking list of parsers returned for (strict mode) type=C ext=.abcd
First generic
Then specific strict
Checking list of parsers returned for (strict mode) type=C ext=.ac
First generic
Then specific strict
Checking list of parsers returned for (strict mode) type=C ext=.ab
First generic
Then specific strict
Checking list of parsers returned for (strict mode) type=C ext=.c
First generic
Then specific strict
Checking list of parsers returned for (strict mode) type=C ext=&lt;multifile&gt;
First generic
Then specific strict
Checking list of parsers returned for (strict mode) type=C ext=.cd
First generic
Then specific strict
Checking list of parsers returned for (strict mode) type=C ext=.b
First generic
Then specific strict
Checking list of parsers returned for (strict mode) type=C ext=.acd
First generic
Then specific strict
Checking list of parsers returned for (strict mode) type=D ext=.a
First generic
Then specific strict
Checking list of parsers returned for (strict mode) type=D ext=.abd
First generic
Then specific strict
Checking list of parsers returned for (strict mode) type=D ext=.bc
First generic
Then specific strict
Checking list of parsers returned for (strict mode) type=D ext=.abc
First generic
Then specific strict
Checking list of parsers returned for (strict mode) type=D ext=.bd
First generic
Then specific strict
Checking list of parsers returned for (strict mode) type=D ext=.d
First generic
Then specific strict
Checking list of parsers returned for (strict mode) type=D ext=.bcd
First generic
Then specific strict
Checking list of parsers returned for (strict mode) type=D ext=.ad
First generic
Then specific strict
Checking list of parsers returned for (strict mode) type=D ext=.abcd
First generic
Then specific strict
Checking list of parsers returned for (strict mode) type=D ext=.ac
First generic
Then specific strict
Checking list of parsers returned for (strict mode) type=D ext=.ab
First generic
Then specific strict
Checking list of parsers returned for (strict mode) type=D ext=.c
First generic
Then specific strict
Checking list of parsers returned for (strict mode) type=D ext=&lt;multifile&gt;
First generic
Then specific strict
Checking list of parsers returned for (strict mode) type=D ext=.cd
First generic
Then specific strict
Checking list of parsers returned for (strict mode) type=D ext=.b
First generic
Then specific strict
Checking list of parsers returned for (strict mode) type=D ext=.acd
First generic
Then specific strict
Checking list of parsers returned for (strict mode) type=A ext=.a
First generic
Then specific strict
Checking list of parsers returned for (strict mode) type=A ext=.abd
First generic
Then specific strict
Checking list of parsers returned for (strict mode) type=A ext=.bc
First generic
Then specific strict
Checking list of parsers returned for (strict mode) type=A ext=.abc
First generic
Then specific strict
Checking list of parsers returned for (strict mode) type=A ext=.bd
First generic
Then specific strict
Checking list of parsers returned for (strict mode) type=A ext=.d
First generic
Then specific strict
Checking list of parsers returned for (strict mode) type=A ext=.bcd
First generic
Then specific strict
Checking list of parsers returned for (strict mode) type=A ext=.ad
First generic
Then specific strict
Checking list of parsers returned for (strict mode) type=A ext=.abcd
First generic
Then specific strict
Checking list of parsers returned for (strict mode) type=A ext=.ac
First generic
Then specific strict
Checking list of parsers returned for (strict mode) type=A ext=.ab
First generic
Then specific strict
Checking list of parsers returned for (strict mode) type=A ext=.c
First generic
Then specific strict
Checking list of parsers returned for (strict mode) type=A ext=&lt;multifile&gt;
First generic
Then specific strict
Checking list of parsers returned for (strict mode) type=A ext=.cd
First generic
Then specific strict
Checking list of parsers returned for (strict mode) type=A ext=.b
First generic
Then specific strict
Checking list of parsers returned for (strict mode) type=A ext=.acd
First generic
Then specific strict
Checking list of parsers returned for (strict mode) type=B ext=.a
First generic
Then specific strict
Checking list of parsers returned for (strict mode) type=B ext=.abd
First generic
Then specific strict
Checking list of parsers returned for (strict mode) type=B ext=.bc
First generic
Then specific strict
Checking list of parsers returned for (strict mode) type=B ext=.abc
First generic
Then specific strict
Checking list of parsers returned for (strict mode) type=B ext=.bd
First generic
Then specific strict
Checking list of parsers returned for (strict mode) type=B ext=.d
First generic
Then specific strict
Checking list of parsers returned for (strict mode) type=B ext=.bcd
First generic
Then specific strict
Checking list of parsers returned for (strict mode) type=B ext=.ad
First generic
Then specific strict
Checking list of parsers returned for (strict mode) type=B ext=.abcd
First generic
Then specific strict
Checking list of parsers returned for (strict mode) type=B ext=.ac
First generic
Then specific strict
Checking list of parsers returned for (strict mode) type=B ext=.ab
First generic
Then specific strict
Checking list of parsers returned for (strict mode) type=B ext=.c
First generic
Then specific strict
Checking list of parsers returned for (strict mode) type=B ext=&lt;multifile&gt;
First generic
Then specific strict
Checking list of parsers returned for (strict mode) type=B ext=.cd
First generic
Then specific strict
Checking list of parsers returned for (strict mode) type=B ext=.b
First generic
Then specific strict
Checking list of parsers returned for (strict mode) type=B ext=.acd
First generic
Then specific strict
Checking list of parsers returned for (strict mode) type=C ext=.a
First generic
Then specific strict
Checking list of parsers returned for (strict mode) type=C ext=.abd
First generic
Then specific strict
Checking list of parsers returned for (strict mode) type=C ext=.bc
First generic
Then specific strict
Checking list of parsers returned for (strict mode) type=C ext=.abc
First generic
Then specific strict
Checking list of parsers returned for (strict mode) type=C ext=.bd
First generic
Then specific strict
Checking list of parsers returned for (strict mode) type=C ext=.d
First generic
Then specific strict
Checking list of parsers returned for (strict mode) type=C ext=.bcd
First generic
Then specific strict
Checking list of parsers returned for (strict mode) type=C ext=.ad
First generic
Then specific strict
Checking list of parsers returned for (strict mode) type=C ext=.abcd
First generic
Then specific strict
Checking list of parsers returned for (strict mode) type=C ext=.ac
First generic
Then specific strict
Checking list of parsers returned for (strict mode) type=C ext=.ab
First generic
Then specific strict
Checking list of parsers returned for (strict mode) type=C ext=.c
First generic
Then specific strict
Checking list of parsers returned for (strict mode) type=C ext=&lt;multifile&gt;
First generic
Then specific strict
Checking list of parsers returned for (strict mode) type=C ext=.cd
First generic
Then specific strict
Checking list of parsers returned for (strict mode) type=C ext=.b
First generic
Then specific strict
Checking list of parsers returned for (strict mode) type=C ext=.acd
First generic
Then specific strict
Checking list of parsers returned for (strict mode) type=D ext=.a
First generic
Then specific strict
Checking list of parsers returned for (strict mode) type=D ext=.abd
First generic
Then specific strict
Checking list of parsers returned for (strict mode) type=D ext=.bc
First generic
Then specific strict
Checking list of parsers returned for (strict mode) type=D ext=.abc
First generic
Then specific strict
Checking list of parsers returned for (strict mode) type=D ext=.bd
First generic
Then specific strict
Checking list of parsers returned for (strict mode) type=D ext=.d
First generic
Then specific strict
Checking list of parsers returned for (strict mode) type=D ext=.bcd
First generic
Then specific strict
Checking list of parsers returned for (strict mode) type=D ext=.ad
First generic
Then specific strict
Checking list of parsers returned for (strict mode) type=D ext=.abcd
First generic
Then specific strict
Checking list of parsers returned for (strict mode) type=D ext=.ac
First generic
Then specific strict
Checking list of parsers returned for (strict mode) type=D ext=.ab
First generic
Then specific strict
Checking list of parsers returned for (strict mode) type=D ext=.c
First generic
Then specific strict
Checking list of parsers returned for (strict mode) type=D ext=&lt;multifile&gt;
First generic
Then specific strict
Checking list of parsers returned for (strict mode) type=D ext=.cd
First generic
Then specific strict
Checking list of parsers returned for (strict mode) type=D ext=.b
First generic
Then specific strict
Checking list of parsers returned for (strict mode) type=D ext=.acd
First generic
Then specific strict
Checking list of parsers returned for (strict mode) type=A ext=.a
First generic
Then specific strict
Checking list of parsers returned for (strict mode) type=A ext=.abd
First generic
Then specific strict
Checking list of parsers returned for (strict mode) type=A ext=.bc
First generic
Then specific strict
Checking list of parsers returned for (strict mode) type=A ext=.abc
First generic
Then specific strict
Checking list of parsers returned for (strict mode) type=A ext=.bd
First generic
Then specific strict
Checking list of parsers returned for (strict mode) type=A ext=.d
First generic
Then specific strict
Checking list of parsers returned for (strict mode) type=A ext=.bcd
First generic
Then specific strict
Checking list of parsers returned for (strict mode) type=A ext=.ad
First generic
Then specific strict
Checking list of parsers returned for (strict mode) type=A ext=.abcd
First generic
Then specific strict
Checking list of parsers returned for (strict mode) type=A ext=.ac
First generic
Then specific strict
Checking list of parsers returned for (strict mode) type=A ext=.ab
First generic
Then specific strict
Checking list of parsers returned for (strict mode) type=A ext=.c
First generic
Then specific strict
Checking list of parsers returned for (strict mode) type=A ext=&lt;multifile&gt;
First generic
Then specific strict
Checking list of parsers returned for (strict mode) type=A ext=.cd
First generic
Then specific strict
Checking list of parsers returned for (strict mode) type=A ext=.b
First generic
Then specific strict
Checking list of parsers returned for (strict mode) type=A ext=.acd
First generic
Then specific strict
Checking list of parsers returned for (strict mode) type=B ext=.a
First generic
Then specific strict
Checking list of parsers returned for (strict mode) type=B ext=.abd
First generic
Then specific strict
Checking list of parsers returned for (strict mode) type=B ext=.bc
First generic
Then specific strict
Checking list of parsers returned for (strict mode) type=B ext=.abc
First generic
Then specific strict
Checking list of parsers returned for (strict mode) type=B ext=.bd
First generic
Then specific strict
Checking list of parsers returned for (strict mode) type=B ext=.d
First generic
Then specific strict
Checking list of parsers returned for (strict mode) type=B ext=.bcd
First generic
Then specific strict
Checking list of parsers returned for (strict mode) type=B ext=.ad
First generic
Then specific strict
Checking list of parsers returned for (strict mode) type=B ext=.abcd
First generic
Then specific strict
Checking list of parsers returned for (strict mode) type=B ext=.ac
First generic
Then specific strict
Checking list of parsers returned for (strict mode) type=B ext=.ab
First generic
Then specific strict
Checking list of parsers returned for (strict mode) type=B ext=.c
First generic
Then specific strict
Checking list of parsers returned for (strict mode) type=B ext=&lt;multifile&gt;
First generic
Then specific strict
Checking list of parsers returned for (strict mode) type=B ext=.cd
First generic
Then specific strict
Checking list of parsers returned for (strict mode) type=B ext=.b
First generic
Then specific strict
Checking list of parsers returned for (strict mode) type=B ext=.acd
First generic
Then specific strict
Checking list of parsers returned for (strict mode) type=C ext=.a
First generic
Then specific strict
Checking list of parsers returned for (strict mode) type=C ext=.abd
First generic
Then specific strict
Checking list of parsers returned for (strict mode) type=C ext=.bc
First generic
Then specific strict
Checking list of parsers returned for (strict mode) type=C ext=.abc
First generic
Then specific strict
Checking list of parsers returned for (strict mode) type=C ext=.bd
First generic
Then specific strict
Checking list of parsers returned for (strict mode) type=C ext=.d
First generic
Then specific strict
Checking list of parsers returned for (strict mode) type=C ext=.bcd
First generic
Then specific strict
Checking list of parsers returned for (strict mode) type=C ext=.ad
First generic
Then specific strict
Checking list of parsers returned for (strict mode) type=C ext=.abcd
First generic
Then specific strict
Checking list of parsers returned for (strict mode) type=C ext=.ac
First generic
Then specific strict
Checking list of parsers returned for (strict mode) type=C ext=.ab
First generic
Then specific strict
Checking list of parsers returned for (strict mode) type=C ext=.c
First generic
Then specific strict
Checking list of parsers returned for (strict mode) type=C ext=&lt;multifile&gt;
First generic
Then specific strict
Checking list of parsers returned for (strict mode) type=C ext=.cd
First generic
Then specific strict
Checking list of parsers returned for (strict mode) type=C ext=.b
First generic
Then specific strict
Checking list of parsers returned for (strict mode) type=C ext=.acd
First generic
Then specific strict
Checking list of parsers returned for (strict mode) type=D ext=.a
First generic
Then specific strict
Checking list of parsers returned for (strict mode) type=D ext=.abd
First generic
Then specific strict
Checking list of parsers returned for (strict mode) type=D ext=.bc
First generic
Then specific strict
Checking list of parsers returned for (strict mode) type=D ext=.abc
First generic
Then specific strict
Checking list of parsers returned for (strict mode) type=D ext=.bd
First generic
Then specific strict
Checking list of parsers returned for (strict mode) type=D ext=.d
First generic
Then specific strict
Checking list of parsers returned for (strict mode) type=D ext=.bcd
First generic
Then specific strict
Checking list of parsers returned for (strict mode) type=D ext=.ad
First generic
Then specific strict
Checking list of parsers returned for (strict mode) type=D ext=.abcd
First generic
Then specific strict
Checking list of parsers returned for (strict mode) type=D ext=.ac
First generic
Then specific strict
Checking list of parsers returned for (strict mode) type=D ext=.ab
First generic
Then specific strict
Checking list of parsers returned for (strict mode) type=D ext=.c
First generic
Then specific strict
Checking list of parsers returned for (strict mode) type=D ext=&lt;multifile&gt;
First generic
Then specific strict
Checking list of parsers returned for (strict mode) type=D ext=.cd
First generic
Then specific strict
Checking list of parsers returned for (strict mode) type=D ext=.b
First generic
Then specific strict
Checking list of parsers returned for (strict mode) type=D ext=.acd
First generic
Then specific strict
Checking list of parsers returned for (strict mode) type=A ext=.a
First generic
Then specific strict
Checking list of parsers returned for (strict mode) type=A ext=.abd
First generic
Then specific strict
Checking list of parsers returned for (strict mode) type=A ext=.bc
First generic
Then specific strict
Checking list of parsers returned for (strict mode) type=A ext=.abc
First generic
Then specific strict
Checking list of parsers returned for (strict mode) type=A ext=.bd
First generic
Then specific strict
Checking list of parsers returned for (strict mode) type=A ext=.d
First generic
Then specific strict
Checking list of parsers returned for (strict mode) type=A ext=.bcd
First generic
Then specific strict
Checking list of parsers returned for (strict mode) type=A ext=.ad
First generic
Then specific strict
Checking list of parsers returned for (strict mode) type=A ext=.abcd
First generic
Then specific strict
Checking list of parsers returned for (strict mode) type=A ext=.ac
First generic
Then specific strict
Checking list of parsers returned for (strict mode) type=A ext=.ab
First generic
Then specific strict
Checking list of parsers returned for (strict mode) type=A ext=.c
First generic
Then specific strict
Checking list of parsers returned for (strict mode) type=A ext=&lt;multifile&gt;
First generic
Then specific strict
Checking list of parsers returned for (strict mode) type=A ext=.cd
First generic
Then specific strict
Checking list of parsers returned for (strict mode) type=A ext=.b
First generic
Then specific strict
Checking list of parsers returned for (strict mode) type=A ext=.acd
First generic
Then specific strict
Checking list of parsers returned for (strict mode) type=B ext=.a
First generic
Then specific strict
Checking list of parsers returned for (strict mode) type=B ext=.abd
First generic
Then specific strict
Checking list of parsers returned for (strict mode) type=B ext=.bc
First generic
Then specific strict
Checking list of parsers returned for (strict mode) type=B ext=.abc
First generic
Then specific strict
Checking list of parsers returned for (strict mode) type=B ext=.bd
First generic
Then specific strict
Checking list of parsers returned for (strict mode) type=B ext=.d
First generic
Then specific strict
Checking list of parsers returned for (strict mode) type=B ext=.bcd
First generic
Then specific strict
Checking list of parsers returned for (strict mode) type=B ext=.ad
First generic
Then specific strict
Checking list of parsers returned for (strict mode) type=B ext=.abcd
First generic
Then specific strict
Checking list of parsers returned for (strict mode) type=B ext=.ac
First generic
Then specific strict
Checking list of parsers returned for (strict mode) type=B ext=.ab
First generic
Then specific strict
Checking list of parsers returned for (strict mode) type=B ext=.c
First generic
Then specific strict
Checking list of parsers returned for (strict mode) type=B ext=&lt;multifile&gt;
First generic
Then specific strict
Checking list of parsers returned for (strict mode) type=B ext=.cd
First generic
Then specific strict
Checking list of parsers returned for (strict mode) type=B ext=.b
First generic
Then specific strict
Checking list of parsers returned for (strict mode) type=B ext=.acd
First generic
Then specific strict
Checking list of parsers returned for (strict mode) type=C ext=.a
First generic
Then specific strict
Checking list of parsers returned for (strict mode) type=C ext=.abd
First generic
Then specific strict
Checking list of parsers returned for (strict mode) type=C ext=.bc
First generic
Then specific strict
Checking list of parsers returned for (strict mode) type=C ext=.abc
First generic
Then specific strict
Checking list of parsers returned for (strict mode) type=C ext=.bd
First generic
Then specific strict
Checking list of parsers returned for (strict mode) type=C ext=.d
First generic
Then specific strict
Checking list of parsers returned for (strict mode) type=C ext=.bcd
First generic
Then specific strict
Checking list of parsers returned for (strict mode) type=C ext=.ad
First generic
Then specific strict
Checking list of parsers returned for (strict mode) type=C ext=.abcd
First generic
Then specific strict
Checking list of parsers returned for (strict mode) type=C ext=.ac
First generic
Then specific strict
Checking list of parsers returned for (strict mode) type=C ext=.ab
First generic
Then specific strict
Checking list of parsers returned for (strict mode) type=C ext=.c
First generic
Then specific strict
Checking list of parsers returned for (strict mode) type=C ext=&lt;multifile&gt;
First generic
Then specific strict
Checking list of parsers returned for (strict mode) type=C ext=.cd
First generic
Then specific strict
Checking list of parsers returned for (strict mode) type=C ext=.b
First generic
Then specific strict
Checking list of parsers returned for (strict mode) type=C ext=.acd
First generic
Then specific strict
Checking list of parsers returned for (strict mode) type=D ext=.a
First generic
Then specific strict
Checking list of parsers returned for (strict mode) type=D ext=.abd
First generic
Then specific strict
Checking list of parsers returned for (strict mode) type=D ext=.bc
First generic
Then specific strict
Checking list of parsers returned for (strict mode) type=D ext=.abc
First generic
Then specific strict
Checking list of parsers returned for (strict mode) type=D ext=.bd
First generic
Then specific strict
Checking list of parsers returned for (strict mode) type=D ext=.d
First generic
Then specific strict
Checking list of parsers returned for (strict mode) type=D ext=.bcd
First generic
Then specific strict
Checking list of parsers returned for (strict mode) type=D ext=.ad
First generic
Then specific strict
Checking list of parsers returned for (strict mode) type=D ext=.abcd
First generic
Then specific strict
Checking list of parsers returned for (strict mode) type=D ext=.ac
First generic
Then specific strict
Checking list of parsers returned for (strict mode) type=D ext=.ab
First generic
Then specific strict
Checking list of parsers returned for (strict mode) type=D ext=.c
First generic
Then specific strict
Checking list of parsers returned for (strict mode) type=D ext=&lt;multifile&gt;
First generic
Then specific strict
Checking list of parsers returned for (strict mode) type=D ext=.cd
First generic
Then specific strict
Checking list of parsers returned for (strict mode) type=D ext=.b
First generic
Then specific strict
Checking list of parsers returned for (strict mode) type=D ext=.acd
First generic
Then specific strict
Checking list of parsers returned for (strict mode) type=A ext=.a
First generic
Then specific strict
Checking list of parsers returned for (strict mode) type=A ext=.abd
First generic
Then specific strict
Checking list of parsers returned for (strict mode) type=A ext=.bc
First generic
Then specific strict
Checking list of parsers returned for (strict mode) type=A ext=.abc
First generic
Then specific strict
Checking list of parsers returned for (strict mode) type=A ext=.bd
First generic
Then specific strict
Checking list of parsers returned for (strict mode) type=A ext=.d
First generic
Then specific strict
Checking list of parsers returned for (strict mode) type=A ext=.bcd
First generic
Then specific strict
Checking list of parsers returned for (strict mode) type=A ext=.ad
First generic
Then specific strict
Checking list of parsers returned for (strict mode) type=A ext=.abcd
First generic
Then specific strict
Checking list of parsers returned for (strict mode) type=A ext=.ac
First generic
Then specific strict
Checking list of parsers returned for (strict mode) type=A ext=.ab
First generic
Then specific strict
Checking list of parsers returned for (strict mode) type=A ext=.c
First generic
Then specific strict
Checking list of parsers returned for (strict mode) type=A ext=&lt;multifile&gt;
First generic
Then specific strict
Checking list of parsers returned for (strict mode) type=A ext=.cd
First generic
Then specific strict
Checking list of parsers returned for (strict mode) type=A ext=.b
First generic
Then specific strict
Checking list of parsers returned for (strict mode) type=A ext=.acd
First generic
Then specific strict
Checking list of parsers returned for (strict mode) type=B ext=.a
First generic
Then specific strict
Checking list of parsers returned for (strict mode) type=B ext=.abd
First generic
Then specific strict
Checking list of parsers returned for (strict mode) type=B ext=.bc
First generic
Then specific strict
Checking list of parsers returned for (strict mode) type=B ext=.abc
First generic
Then specific strict
Checking list of parsers returned for (strict mode) type=B ext=.bd
First generic
Then specific strict
Checking list of parsers returned for (strict mode) type=B ext=.d
First generic
Then specific strict
Checking list of parsers returned for (strict mode) type=B ext=.bcd
First generic
Then specific strict
Checking list of parsers returned for (strict mode) type=B ext=.ad
First generic
Then specific strict
Checking list of parsers returned for (strict mode) type=B ext=.abcd
First generic
Then specific strict
Checking list of parsers returned for (strict mode) type=B ext=.ac
First generic
Then specific strict
Checking list of parsers returned for (strict mode) type=B ext=.ab
First generic
Then specific strict
Checking list of parsers returned for (strict mode) type=B ext=.c
First generic
Then specific strict
Checking list of parsers returned for (strict mode) type=B ext=&lt;multifile&gt;
First generic
Then specific strict
Checking list of parsers returned for (strict mode) type=B ext=.cd
First generic
Then specific strict
Checking list of parsers returned for (strict mode) type=B ext=.b
First generic
Then specific strict
Checking list of parsers returned for (strict mode) type=B ext=.acd
First generic
Then specific strict
Checking list of parsers returned for (strict mode) type=C ext=.a
First generic
Then specific strict
Checking list of parsers returned for (strict mode) type=C ext=.abd
First generic
Then specific strict
Checking list of parsers returned for (strict mode) type=C ext=.bc
First generic
Then specific strict
Checking list of parsers returned for (strict mode) type=C ext=.abc
First generic
Then specific strict
Checking list of parsers returned for (strict mode) type=C ext=.bd
First generic
Then specific strict
Checking list of parsers returned for (strict mode) type=C ext=.d
First generic
Then specific strict
Checking list of parsers returned for (strict mode) type=C ext=.bcd
First generic
Then specific strict
Checking list of parsers returned for (strict mode) type=C ext=.ad
First generic
Then specific strict
Checking list of parsers returned for (strict mode) type=C ext=.abcd
First generic
Then specific strict
Checking list of parsers returned for (strict mode) type=C ext=.ac
First generic
Then specific strict
Checking list of parsers returned for (strict mode) type=C ext=.ab
First generic
Then specific strict
Checking list of parsers returned for (strict mode) type=C ext=.c
First generic
Then specific strict
Checking list of parsers returned for (strict mode) type=C ext=&lt;multifile&gt;
First generic
Then specific strict
Checking list of parsers returned for (strict mode) type=C ext=.cd
First generic
Then specific strict
Checking list of parsers returned for (strict mode) type=C ext=.b
First generic
Then specific strict
Checking list of parsers returned for (strict mode) type=C ext=.acd
First generic
Then specific strict
Checking list of parsers returned for (strict mode) type=D ext=.a
First generic
Then specific strict
Checking list of parsers returned for (strict mode) type=D ext=.abd
First generic
Then specific strict
Checking list of parsers returned for (strict mode) type=D ext=.bc
First generic
Then specific strict
Checking list of parsers returned for (strict mode) type=D ext=.abc
First generic
Then specific strict
Checking list of parsers returned for (strict mode) type=D ext=.bd
First generic
Then specific strict
Checking list of parsers returned for (strict mode) type=D ext=.d
First generic
Then specific strict
Checking list of parsers returned for (strict mode) type=D ext=.bcd
First generic
Then specific strict
Checking list of parsers returned for (strict mode) type=D ext=.ad
First generic
Then specific strict
Checking list of parsers returned for (strict mode) type=D ext=.abcd
First generic
Then specific strict
Checking list of parsers returned for (strict mode) type=D ext=.ac
First generic
Then specific strict
Checking list of parsers returned for (strict mode) type=D ext=.ab
First generic
Then specific strict
Checking list of parsers returned for (strict mode) type=D ext=.c
First generic
Then specific strict
Checking list of parsers returned for (strict mode) type=D ext=&lt;multifile&gt;
First generic
Then specific strict
Checking list of parsers returned for (strict mode) type=D ext=.cd
First generic
Then specific strict
Checking list of parsers returned for (strict mode) type=D ext=.b
First generic
Then specific strict
Checking list of parsers returned for (strict mode) type=D ext=.acd
First generic
Then specific strict
</system-out></testcase><testcase classname="parsyfiles.tests.combining_parsers_converters.test_registries.TestParserRegistry" file="parsyfiles/tests/combining_parsers_converters/test_registries.py" line="364" name="test_e_correct_parsers_in_order_nonstrict" time="0.3357088565826416"><system-out>.
.d
.c
.cd
.b
.bd
.bc
.bcd
.a
.ad
.ac
.acd
.ab
.abd
.abc
.abcd
Checking list of parsers returned for (non-strict mode) type=A ext=.a
First generic
Then specific non-strict
Then specific strict
Checking list of parsers returned for (non-strict mode) type=A ext=.abd
First generic
Then specific non-strict
Then specific strict
Checking list of parsers returned for (non-strict mode) type=A ext=.bc
First generic
Then specific non-strict
Then specific strict
Checking list of parsers returned for (non-strict mode) type=A ext=.abc
First generic
Then specific non-strict
Then specific strict
Checking list of parsers returned for (non-strict mode) type=A ext=.bd
First generic
Then specific non-strict
Then specific strict
Checking list of parsers returned for (non-strict mode) type=A ext=.d
First generic
Then specific non-strict
Then specific strict
Checking list of parsers returned for (non-strict mode) type=A ext=.bcd
First generic
Then specific non-strict
Then specific strict
Checking list of parsers returned for (non-strict mode) type=A ext=.ad
First generic
Then specific non-strict
Then specific strict
Checking list of parsers returned for (non-strict mode) type=A ext=.abcd
First generic
Then specific non-strict
Then specific strict
Checking list of parsers returned for (non-strict mode) type=A ext=.ac
First generic
Then specific non-strict
Then specific strict
Checking list of parsers returned for (non-strict mode) type=A ext=.ab
First generic
Then specific non-strict
Then specific strict
Checking list of parsers returned for (non-strict mode) type=A ext=.c
First generic
Then specific non-strict
Then specific strict
Checking list of parsers returned for (non-strict mode) type=A ext=&lt;multifile&gt;
First generic
Then specific non-strict
Then specific strict
Checking list of parsers returned for (non-strict mode) type=A ext=.cd
First generic
Then specific non-strict
Then specific strict
Checking list of parsers returned for (non-strict mode) type=A ext=.b
First generic
Then specific non-strict
Then specific strict
Checking list of parsers returned for (non-strict mode) type=A ext=.acd
First generic
Then specific non-strict
Then specific strict
Checking list of parsers returned for (strict mode) type=B ext=.a
First generic
Then specific strict
Checking list of parsers returned for (strict mode) type=B ext=.abd
First generic
Then specific strict
Checking list of parsers returned for (strict mode) type=B ext=.bc
First generic
Then specific strict
Checking list of parsers returned for (strict mode) type=B ext=.abc
First generic
Then specific strict
Checking list of parsers returned for (strict mode) type=B ext=.bd
First generic
Then specific strict
Checking list of parsers returned for (strict mode) type=B ext=.d
First generic
Then specific strict
Checking list of parsers returned for (strict mode) type=B ext=.bcd
First generic
Then specific strict
Checking list of parsers returned for (strict mode) type=B ext=.ad
First generic
Then specific strict
Checking list of parsers returned for (strict mode) type=B ext=.abcd
First generic
Then specific strict
Checking list of parsers returned for (strict mode) type=B ext=.ac
First generic
Then specific strict
Checking list of parsers returned for (strict mode) type=B ext=.ab
First generic
Then specific strict
Checking list of parsers returned for (strict mode) type=B ext=.c
First generic
Then specific strict
Checking list of parsers returned for (strict mode) type=B ext=&lt;multifile&gt;
First generic
Then specific strict
Checking list of parsers returned for (strict mode) type=B ext=.cd
First generic
Then specific strict
Checking list of parsers returned for (strict mode) type=B ext=.b
First generic
Then specific strict
Checking list of parsers returned for (strict mode) type=B ext=.acd
First generic
Then specific strict
Checking list of parsers returned for (non-strict mode) type=C ext=.a
First generic
Then specific non-strict
Then specific strict
Checking list of parsers returned for (non-strict mode) type=C ext=.abd
First generic
Then specific non-strict
Then specific strict
Checking list of parsers returned for (non-strict mode) type=C ext=.bc
First generic
Then specific non-strict
Then specific strict
Checking list of parsers returned for (non-strict mode) type=C ext=.abc
First generic
Then specific non-strict
Then specific strict
Checking list of parsers returned for (non-strict mode) type=C ext=.bd
First generic
Then specific non-strict
Then specific strict
Checking list of parsers returned for (non-strict mode) type=C ext=.d
First generic
Then specific non-strict
Then specific strict
Checking list of parsers returned for (non-strict mode) type=C ext=.bcd
First generic
Then specific non-strict
Then specific strict
Checking list of parsers returned for (non-strict mode) type=C ext=.ad
First generic
Then specific non-strict
Then specific strict
Checking list of parsers returned for (non-strict mode) type=C ext=.abcd
First generic
Then specific non-strict
Then specific strict
Checking list of parsers returned for (non-strict mode) type=C ext=.ac
First generic
Then specific non-strict
Then specific strict
Checking list of parsers returned for (non-strict mode) type=C ext=.ab
First generic
Then specific non-strict
Then specific strict
Checking list of parsers returned for (non-strict mode) type=C ext=.c
First generic
Then specific non-strict
Then specific strict
Checking list of parsers returned for (non-strict mode) type=C ext=&lt;multifile&gt;
First generic
Then specific non-strict
Then specific strict
Checking list of parsers returned for (non-strict mode) type=C ext=.cd
First generic
Then specific non-strict
Then specific strict
Checking list of parsers returned for (non-strict mode) type=C ext=.b
First generic
Then specific non-strict
Then specific strict
Checking list of parsers returned for (non-strict mode) type=C ext=.acd
First generic
Then specific non-strict
Then specific strict
Checking list of parsers returned for (strict mode) type=D ext=.a
First generic
Then specific strict
Checking list of parsers returned for (strict mode) type=D ext=.abd
First generic
Then specific strict
Checking list of parsers returned for (strict mode) type=D ext=.bc
First generic
Then specific strict
Checking list of parsers returned for (strict mode) type=D ext=.abc
First generic
Then specific strict
Checking list of parsers returned for (strict mode) type=D ext=.bd
First generic
Then specific strict
Checking list of parsers returned for (strict mode) type=D ext=.d
First generic
Then specific strict
Checking list of parsers returned for (strict mode) type=D ext=.bcd
First generic
Then specific strict
Checking list of parsers returned for (strict mode) type=D ext=.ad
First generic
Then specific strict
Checking list of parsers returned for (strict mode) type=D ext=.abcd
First generic
Then specific strict
Checking list of parsers returned for (strict mode) type=D ext=.ac
First generic
Then specific strict
Checking list of parsers returned for (strict mode) type=D ext=.ab
First generic
Then specific strict
Checking list of parsers returned for (strict mode) type=D ext=.c
First generic
Then specific strict
Checking list of parsers returned for (strict mode) type=D ext=&lt;multifile&gt;
First generic
Then specific strict
Checking list of parsers returned for (strict mode) type=D ext=.cd
First generic
Then specific strict
Checking list of parsers returned for (strict mode) type=D ext=.b
First generic
Then specific strict
Checking list of parsers returned for (strict mode) type=D ext=.acd
First generic
Then specific strict
Checking list of parsers returned for (non-strict mode) type=A ext=.a
First generic
Then specific non-strict
Then specific strict
Checking list of parsers returned for (non-strict mode) type=A ext=.abd
First generic
Then specific non-strict
Then specific strict
Checking list of parsers returned for (non-strict mode) type=A ext=.bc
First generic
Then specific non-strict
Then specific strict
Checking list of parsers returned for (non-strict mode) type=A ext=.abc
First generic
Then specific non-strict
Then specific strict
Checking list of parsers returned for (non-strict mode) type=A ext=.bd
First generic
Then specific non-strict
Then specific strict
Checking list of parsers returned for (non-strict mode) type=A ext=.d
First generic
Then specific non-strict
Then specific strict
Checking list of parsers returned for (non-strict mode) type=A ext=.bcd
First generic
Then specific non-strict
Then specific strict
Checking list of parsers returned for (non-strict mode) type=A ext=.ad
First generic
Then specific non-strict
Then specific strict
Checking list of parsers returned for (non-strict mode) type=A ext=.abcd
First generic
Then specific non-strict
Then specific strict
Checking list of parsers returned for (non-strict mode) type=A ext=.ac
First generic
Then specific non-strict
Then specific strict
Checking list of parsers returned for (non-strict mode) type=A ext=.ab
First generic
Then specific non-strict
Then specific strict
Checking list of parsers returned for (non-strict mode) type=A ext=.c
First generic
Then specific non-strict
Then specific strict
Checking list of parsers returned for (non-strict mode) type=A ext=&lt;multifile&gt;
First generic
Then specific non-strict
Then specific strict
Checking list of parsers returned for (non-strict mode) type=A ext=.cd
First generic
Then specific non-strict
Then specific strict
Checking list of parsers returned for (non-strict mode) type=A ext=.b
First generic
Then specific non-strict
Then specific strict
Checking list of parsers returned for (non-strict mode) type=A ext=.acd
First generic
Then specific non-strict
Then specific strict
Checking list of parsers returned for (strict mode) type=B ext=.a
First generic
Then specific strict
Checking list of parsers returned for (strict mode) type=B ext=.abd
First generic
Then specific strict
Checking list of parsers returned for (strict mode) type=B ext=.bc
First generic
Then specific strict
Checking list of parsers returned for (strict mode) type=B ext=.abc
First generic
Then specific strict
Checking list of parsers returned for (strict mode) type=B ext=.bd
First generic
Then specific strict
Checking list of parsers returned for (strict mode) type=B ext=.d
First generic
Then specific strict
Checking list of parsers returned for (strict mode) type=B ext=.bcd
First generic
Then specific strict
Checking list of parsers returned for (strict mode) type=B ext=.ad
First generic
Then specific strict
Checking list of parsers returned for (strict mode) type=B ext=.abcd
First generic
Then specific strict
Checking list of parsers returned for (strict mode) type=B ext=.ac
First generic
Then specific strict
Checking list of parsers returned for (strict mode) type=B ext=.ab
First generic
Then specific strict
Checking list of parsers returned for (strict mode) type=B ext=.c
First generic
Then specific strict
Checking list of parsers returned for (strict mode) type=B ext=&lt;multifile&gt;
First generic
Then specific strict
Checking list of parsers returned for (strict mode) type=B ext=.cd
First generic
Then specific strict
Checking list of parsers returned for (strict mode) type=B ext=.b
First generic
Then specific strict
Checking list of parsers returned for (strict mode) type=B ext=.acd
First generic
Then specific strict
Checking list of parsers returned for (non-strict mode) type=C ext=.a
First generic
Then specific non-strict
Then specific strict
Checking list of parsers returned for (non-strict mode) type=C ext=.abd
First generic
Then specific non-strict
Then specific strict
Checking list of parsers returned for (non-strict mode) type=C ext=.bc
First generic
Then specific non-strict
Then specific strict
Checking list of parsers returned for (non-strict mode) type=C ext=.abc
First generic
Then specific non-strict
Then specific strict
Checking list of parsers returned for (non-strict mode) type=C ext=.bd
First generic
Then specific non-strict
Then specific strict
Checking list of parsers returned for (non-strict mode) type=C ext=.d
First generic
Then specific non-strict
Then specific strict
Checking list of parsers returned for (non-strict mode) type=C ext=.bcd
First generic
Then specific non-strict
Then specific strict
Checking list of parsers returned for (non-strict mode) type=C ext=.ad
First generic
Then specific non-strict
Then specific strict
Checking list of parsers returned for (non-strict mode) type=C ext=.abcd
First generic
Then specific non-strict
Then specific strict
Checking list of parsers returned for (non-strict mode) type=C ext=.ac
First generic
Then specific non-strict
Then specific strict
Checking list of parsers returned for (non-strict mode) type=C ext=.ab
First generic
Then specific non-strict
Then specific strict
Checking list of parsers returned for (non-strict mode) type=C ext=.c
First generic
Then specific non-strict
Then specific strict
Checking list of parsers returned for (non-strict mode) type=C ext=&lt;multifile&gt;
First generic
Then specific non-strict
Then specific strict
Checking list of parsers returned for (non-strict mode) type=C ext=.cd
First generic
Then specific non-strict
Then specific strict
Checking list of parsers returned for (non-strict mode) type=C ext=.b
First generic
Then specific non-strict
Then specific strict
Checking list of parsers returned for (non-strict mode) type=C ext=.acd
First generic
Then specific non-strict
Then specific strict
Checking list of parsers returned for (strict mode) type=D ext=.a
First generic
Then specific strict
Checking list of parsers returned for (strict mode) type=D ext=.abd
First generic
Then specific strict
Checking list of parsers returned for (strict mode) type=D ext=.bc
First generic
Then specific strict
Checking list of parsers returned for (strict mode) type=D ext=.abc
First generic
Then specific strict
Checking list of parsers returned for (strict mode) type=D ext=.bd
First generic
Then specific strict
Checking list of parsers returned for (strict mode) type=D ext=.d
First generic
Then specific strict
Checking list of parsers returned for (strict mode) type=D ext=.bcd
First generic
Then specific strict
Checking list of parsers returned for (strict mode) type=D ext=.ad
First generic
Then specific strict
Checking list of parsers returned for (strict mode) type=D ext=.abcd
First generic
Then specific strict
Checking list of parsers returned for (strict mode) type=D ext=.ac
First generic
Then specific strict
Checking list of parsers returned for (strict mode) type=D ext=.ab
First generic
Then specific strict
Checking list of parsers returned for (strict mode) type=D ext=.c
First generic
Then specific strict
Checking list of parsers returned for (strict mode) type=D ext=&lt;multifile&gt;
First generic
Then specific strict
Checking list of parsers returned for (strict mode) type=D ext=.cd
First generic
Then specific strict
Checking list of parsers returned for (strict mode) type=D ext=.b
First generic
Then specific strict
Checking list of parsers returned for (strict mode) type=D ext=.acd
First generic
Then specific strict
Checking list of parsers returned for (non-strict mode) type=A ext=.a
First generic
Then specific non-strict
Then specific strict
Checking list of parsers returned for (non-strict mode) type=A ext=.abd
First generic
Then specific non-strict
Then specific strict
Checking list of parsers returned for (non-strict mode) type=A ext=.bc
First generic
Then specific non-strict
Then specific strict
Checking list of parsers returned for (non-strict mode) type=A ext=.abc
First generic
Then specific non-strict
Then specific strict
Checking list of parsers returned for (non-strict mode) type=A ext=.bd
First generic
Then specific non-strict
Then specific strict
Checking list of parsers returned for (non-strict mode) type=A ext=.d
First generic
Then specific non-strict
Then specific strict
Checking list of parsers returned for (non-strict mode) type=A ext=.bcd
First generic
Then specific non-strict
Then specific strict
Checking list of parsers returned for (non-strict mode) type=A ext=.ad
First generic
Then specific non-strict
Then specific strict
Checking list of parsers returned for (non-strict mode) type=A ext=.abcd
First generic
Then specific non-strict
Then specific strict
Checking list of parsers returned for (non-strict mode) type=A ext=.ac
First generic
Then specific non-strict
Then specific strict
Checking list of parsers returned for (non-strict mode) type=A ext=.ab
First generic
Then specific non-strict
Then specific strict
Checking list of parsers returned for (non-strict mode) type=A ext=.c
First generic
Then specific non-strict
Then specific strict
Checking list of parsers returned for (non-strict mode) type=A ext=&lt;multifile&gt;
First generic
Then specific non-strict
Then specific strict
Checking list of parsers returned for (non-strict mode) type=A ext=.cd
First generic
Then specific non-strict
Then specific strict
Checking list of parsers returned for (non-strict mode) type=A ext=.b
First generic
Then specific non-strict
Then specific strict
Checking list of parsers returned for (non-strict mode) type=A ext=.acd
First generic
Then specific non-strict
Then specific strict
Checking list of parsers returned for (strict mode) type=B ext=.a
First generic
Then specific strict
Checking list of parsers returned for (strict mode) type=B ext=.abd
First generic
Then specific strict
Checking list of parsers returned for (strict mode) type=B ext=.bc
First generic
Then specific strict
Checking list of parsers returned for (strict mode) type=B ext=.abc
First generic
Then specific strict
Checking list of parsers returned for (strict mode) type=B ext=.bd
First generic
Then specific strict
Checking list of parsers returned for (strict mode) type=B ext=.d
First generic
Then specific strict
Checking list of parsers returned for (strict mode) type=B ext=.bcd
First generic
Then specific strict
Checking list of parsers returned for (strict mode) type=B ext=.ad
First generic
Then specific strict
Checking list of parsers returned for (strict mode) type=B ext=.abcd
First generic
Then specific strict
Checking list of parsers returned for (strict mode) type=B ext=.ac
First generic
Then specific strict
Checking list of parsers returned for (strict mode) type=B ext=.ab
First generic
Then specific strict
Checking list of parsers returned for (strict mode) type=B ext=.c
First generic
Then specific strict
Checking list of parsers returned for (strict mode) type=B ext=&lt;multifile&gt;
First generic
Then specific strict
Checking list of parsers returned for (strict mode) type=B ext=.cd
First generic
Then specific strict
Checking list of parsers returned for (strict mode) type=B ext=.b
First generic
Then specific strict
Checking list of parsers returned for (strict mode) type=B ext=.acd
First generic
Then specific strict
Checking list of parsers returned for (non-strict mode) type=C ext=.a
First generic
Then specific non-strict
Then specific strict
Checking list of parsers returned for (non-strict mode) type=C ext=.abd
First generic
Then specific non-strict
Then specific strict
Checking list of parsers returned for (non-strict mode) type=C ext=.bc
First generic
Then specific non-strict
Then specific strict
Checking list of parsers returned for (non-strict mode) type=C ext=.abc
First generic
Then specific non-strict
Then specific strict
Checking list of parsers returned for (non-strict mode) type=C ext=.bd
First generic
Then specific non-strict
Then specific strict
Checking list of parsers returned for (non-strict mode) type=C ext=.d
First generic
Then specific non-strict
Then specific strict
Checking list of parsers returned for (non-strict mode) type=C ext=.bcd
First generic
Then specific non-strict
Then specific strict
Checking list of parsers returned for (non-strict mode) type=C ext=.ad
First generic
Then specific non-strict
Then specific strict
Checking list of parsers returned for (non-strict mode) type=C ext=.abcd
First generic
Then specific non-strict
Then specific strict
Checking list of parsers returned for (non-strict mode) type=C ext=.ac
First generic
Then specific non-strict
Then specific strict
Checking list of parsers returned for (non-strict mode) type=C ext=.ab
First generic
Then specific non-strict
Then specific strict
Checking list of parsers returned for (non-strict mode) type=C ext=.c
First generic
Then specific non-strict
Then specific strict
Checking list of parsers returned for (non-strict mode) type=C ext=&lt;multifile&gt;
First generic
Then specific non-strict
Then specific strict
Checking list of parsers returned for (non-strict mode) type=C ext=.cd
First generic
Then specific non-strict
Then specific strict
Checking list of parsers returned for (non-strict mode) type=C ext=.b
First generic
Then specific non-strict
Then specific strict
Checking list of parsers returned for (non-strict mode) type=C ext=.acd
First generic
Then specific non-strict
Then specific strict
Checking list of parsers returned for (strict mode) type=D ext=.a
First generic
Then specific strict
Checking list of parsers returned for (strict mode) type=D ext=.abd
First generic
Then specific strict
Checking list of parsers returned for (strict mode) type=D ext=.bc
First generic
Then specific strict
Checking list of parsers returned for (strict mode) type=D ext=.abc
First generic
Then specific strict
Checking list of parsers returned for (strict mode) type=D ext=.bd
First generic
Then specific strict
Checking list of parsers returned for (strict mode) type=D ext=.d
First generic
Then specific strict
Checking list of parsers returned for (strict mode) type=D ext=.bcd
First generic
Then specific strict
Checking list of parsers returned for (strict mode) type=D ext=.ad
First generic
Then specific strict
Checking list of parsers returned for (strict mode) type=D ext=.abcd
First generic
Then specific strict
Checking list of parsers returned for (strict mode) type=D ext=.ac
First generic
Then specific strict
Checking list of parsers returned for (strict mode) type=D ext=.ab
First generic
Then specific strict
Checking list of parsers returned for (strict mode) type=D ext=.c
First generic
Then specific strict
Checking list of parsers returned for (strict mode) type=D ext=&lt;multifile&gt;
First generic
Then specific strict
Checking list of parsers returned for (strict mode) type=D ext=.cd
First generic
Then specific strict
Checking list of parsers returned for (strict mode) type=D ext=.b
First generic
Then specific strict
Checking list of parsers returned for (strict mode) type=D ext=.acd
First generic
Then specific strict
Checking list of parsers returned for (non-strict mode) type=A ext=.a
First generic
Then specific non-strict
Then specific strict
Checking list of parsers returned for (non-strict mode) type=A ext=.abd
First generic
Then specific non-strict
Then specific strict
Checking list of parsers returned for (non-strict mode) type=A ext=.bc
First generic
Then specific non-strict
Then specific strict
Checking list of parsers returned for (non-strict mode) type=A ext=.abc
First generic
Then specific non-strict
Then specific strict
Checking list of parsers returned for (non-strict mode) type=A ext=.bd
First generic
Then specific non-strict
Then specific strict
Checking list of parsers returned for (non-strict mode) type=A ext=.d
First generic
Then specific non-strict
Then specific strict
Checking list of parsers returned for (non-strict mode) type=A ext=.bcd
First generic
Then specific non-strict
Then specific strict
Checking list of parsers returned for (non-strict mode) type=A ext=.ad
First generic
Then specific non-strict
Then specific strict
Checking list of parsers returned for (non-strict mode) type=A ext=.abcd
First generic
Then specific non-strict
Then specific strict
Checking list of parsers returned for (non-strict mode) type=A ext=.ac
First generic
Then specific non-strict
Then specific strict
Checking list of parsers returned for (non-strict mode) type=A ext=.ab
First generic
Then specific non-strict
Then specific strict
Checking list of parsers returned for (non-strict mode) type=A ext=.c
First generic
Then specific non-strict
Then specific strict
Checking list of parsers returned for (non-strict mode) type=A ext=&lt;multifile&gt;
First generic
Then specific non-strict
Then specific strict
Checking list of parsers returned for (non-strict mode) type=A ext=.cd
First generic
Then specific non-strict
Then specific strict
Checking list of parsers returned for (non-strict mode) type=A ext=.b
First generic
Then specific non-strict
Then specific strict
Checking list of parsers returned for (non-strict mode) type=A ext=.acd
First generic
Then specific non-strict
Then specific strict
Checking list of parsers returned for (strict mode) type=B ext=.a
First generic
Then specific strict
Checking list of parsers returned for (strict mode) type=B ext=.abd
First generic
Then specific strict
Checking list of parsers returned for (strict mode) type=B ext=.bc
First generic
Then specific strict
Checking list of parsers returned for (strict mode) type=B ext=.abc
First generic
Then specific strict
Checking list of parsers returned for (strict mode) type=B ext=.bd
First generic
Then specific strict
Checking list of parsers returned for (strict mode) type=B ext=.d
First generic
Then specific strict
Checking list of parsers returned for (strict mode) type=B ext=.bcd
First generic
Then specific strict
Checking list of parsers returned for (strict mode) type=B ext=.ad
First generic
Then specific strict
Checking list of parsers returned for (strict mode) type=B ext=.abcd
First generic
Then specific strict
Checking list of parsers returned for (strict mode) type=B ext=.ac
First generic
Then specific strict
Checking list of parsers returned for (strict mode) type=B ext=.ab
First generic
Then specific strict
Checking list of parsers returned for (strict mode) type=B ext=.c
First generic
Then specific strict
Checking list of parsers returned for (strict mode) type=B ext=&lt;multifile&gt;
First generic
Then specific strict
Checking list of parsers returned for (strict mode) type=B ext=.cd
First generic
Then specific strict
Checking list of parsers returned for (strict mode) type=B ext=.b
First generic
Then specific strict
Checking list of parsers returned for (strict mode) type=B ext=.acd
First generic
Then specific strict
Checking list of parsers returned for (non-strict mode) type=C ext=.a
First generic
Then specific non-strict
Then specific strict
Checking list of parsers returned for (non-strict mode) type=C ext=.abd
First generic
Then specific non-strict
Then specific strict
Checking list of parsers returned for (non-strict mode) type=C ext=.bc
First generic
Then specific non-strict
Then specific strict
Checking list of parsers returned for (non-strict mode) type=C ext=.abc
First generic
Then specific non-strict
Then specific strict
Checking list of parsers returned for (non-strict mode) type=C ext=.bd
First generic
Then specific non-strict
Then specific strict
Checking list of parsers returned for (non-strict mode) type=C ext=.d
First generic
Then specific non-strict
Then specific strict
Checking list of parsers returned for (non-strict mode) type=C ext=.bcd
First generic
Then specific non-strict
Then specific strict
Checking list of parsers returned for (non-strict mode) type=C ext=.ad
First generic
Then specific non-strict
Then specific strict
Checking list of parsers returned for (non-strict mode) type=C ext=.abcd
First generic
Then specific non-strict
Then specific strict
Checking list of parsers returned for (non-strict mode) type=C ext=.ac
First generic
Then specific non-strict
Then specific strict
Checking list of parsers returned for (non-strict mode) type=C ext=.ab
First generic
Then specific non-strict
Then specific strict
Checking list of parsers returned for (non-strict mode) type=C ext=.c
First generic
Then specific non-strict
Then specific strict
Checking list of parsers returned for (non-strict mode) type=C ext=&lt;multifile&gt;
First generic
Then specific non-strict
Then specific strict
Checking list of parsers returned for (non-strict mode) type=C ext=.cd
First generic
Then specific non-strict
Then specific strict
Checking list of parsers returned for (non-strict mode) type=C ext=.b
First generic
Then specific non-strict
Then specific strict
Checking list of parsers returned for (non-strict mode) type=C ext=.acd
First generic
Then specific non-strict
Then specific strict
Checking list of parsers returned for (strict mode) type=D ext=.a
First generic
Then specific strict
Checking list of parsers returned for (strict mode) type=D ext=.abd
First generic
Then specific strict
Checking list of parsers returned for (strict mode) type=D ext=.bc
First generic
Then specific strict
Checking list of parsers returned for (strict mode) type=D ext=.abc
First generic
Then specific strict
Checking list of parsers returned for (strict mode) type=D ext=.bd
First generic
Then specific strict
Checking list of parsers returned for (strict mode) type=D ext=.d
First generic
Then specific strict
Checking list of parsers returned for (strict mode) type=D ext=.bcd
First generic
Then specific strict
Checking list of parsers returned for (strict mode) type=D ext=.ad
First generic
Then specific strict
Checking list of parsers returned for (strict mode) type=D ext=.abcd
First generic
Then specific strict
Checking list of parsers returned for (strict mode) type=D ext=.ac
First generic
Then specific strict
Checking list of parsers returned for (strict mode) type=D ext=.ab
First generic
Then specific strict
Checking list of parsers returned for (strict mode) type=D ext=.c
First generic
Then specific strict
Checking list of parsers returned for (strict mode) type=D ext=&lt;multifile&gt;
First generic
Then specific strict
Checking list of parsers returned for (strict mode) type=D ext=.cd
First generic
Then specific strict
Checking list of parsers returned for (strict mode) type=D ext=.b
First generic
Then specific strict
Checking list of parsers returned for (strict mode) type=D ext=.acd
First generic
Then specific strict
Checking list of parsers returned for (non-strict mode) type=A ext=.a
First generic
Then specific non-strict
Then specific strict
Checking list of parsers returned for (non-strict mode) type=A ext=.abd
First generic
Then specific non-strict
Then specific strict
Checking list of parsers returned for (non-strict mode) type=A ext=.bc
First generic
Then specific non-strict
Then specific strict
Checking list of parsers returned for (non-strict mode) type=A ext=.abc
First generic
Then specific non-strict
Then specific strict
Checking list of parsers returned for (non-strict mode) type=A ext=.bd
First generic
Then specific non-strict
Then specific strict
Checking list of parsers returned for (non-strict mode) type=A ext=.d
First generic
Then specific non-strict
Then specific strict
Checking list of parsers returned for (non-strict mode) type=A ext=.bcd
First generic
Then specific non-strict
Then specific strict
Checking list of parsers returned for (non-strict mode) type=A ext=.ad
First generic
Then specific non-strict
Then specific strict
Checking list of parsers returned for (non-strict mode) type=A ext=.abcd
First generic
Then specific non-strict
Then specific strict
Checking list of parsers returned for (non-strict mode) type=A ext=.ac
First generic
Then specific non-strict
Then specific strict
Checking list of parsers returned for (non-strict mode) type=A ext=.ab
First generic
Then specific non-strict
Then specific strict
Checking list of parsers returned for (non-strict mode) type=A ext=.c
First generic
Then specific non-strict
Then specific strict
Checking list of parsers returned for (non-strict mode) type=A ext=&lt;multifile&gt;
First generic
Then specific non-strict
Then specific strict
Checking list of parsers returned for (non-strict mode) type=A ext=.cd
First generic
Then specific non-strict
Then specific strict
Checking list of parsers returned for (non-strict mode) type=A ext=.b
First generic
Then specific non-strict
Then specific strict
Checking list of parsers returned for (non-strict mode) type=A ext=.acd
First generic
Then specific non-strict
Then specific strict
Checking list of parsers returned for (strict mode) type=B ext=.a
First generic
Then specific strict
Checking list of parsers returned for (strict mode) type=B ext=.abd
First generic
Then specific strict
Checking list of parsers returned for (strict mode) type=B ext=.bc
First generic
Then specific strict
Checking list of parsers returned for (strict mode) type=B ext=.abc
First generic
Then specific strict
Checking list of parsers returned for (strict mode) type=B ext=.bd
First generic
Then specific strict
Checking list of parsers returned for (strict mode) type=B ext=.d
First generic
Then specific strict
Checking list of parsers returned for (strict mode) type=B ext=.bcd
First generic
Then specific strict
Checking list of parsers returned for (strict mode) type=B ext=.ad
First generic
Then specific strict
Checking list of parsers returned for (strict mode) type=B ext=.abcd
First generic
Then specific strict
Checking list of parsers returned for (strict mode) type=B ext=.ac
First generic
Then specific strict
Checking list of parsers returned for (strict mode) type=B ext=.ab
First generic
Then specific strict
Checking list of parsers returned for (strict mode) type=B ext=.c
First generic
Then specific strict
Checking list of parsers returned for (strict mode) type=B ext=&lt;multifile&gt;
First generic
Then specific strict
Checking list of parsers returned for (strict mode) type=B ext=.cd
First generic
Then specific strict
Checking list of parsers returned for (strict mode) type=B ext=.b
First generic
Then specific strict
Checking list of parsers returned for (strict mode) type=B ext=.acd
First generic
Then specific strict
Checking list of parsers returned for (non-strict mode) type=C ext=.a
First generic
Then specific non-strict
Then specific strict
Checking list of parsers returned for (non-strict mode) type=C ext=.abd
First generic
Then specific non-strict
Then specific strict
Checking list of parsers returned for (non-strict mode) type=C ext=.bc
First generic
Then specific non-strict
Then specific strict
Checking list of parsers returned for (non-strict mode) type=C ext=.abc
First generic
Then specific non-strict
Then specific strict
Checking list of parsers returned for (non-strict mode) type=C ext=.bd
First generic
Then specific non-strict
Then specific strict
Checking list of parsers returned for (non-strict mode) type=C ext=.d
First generic
Then specific non-strict
Then specific strict
Checking list of parsers returned for (non-strict mode) type=C ext=.bcd
First generic
Then specific non-strict
Then specific strict
Checking list of parsers returned for (non-strict mode) type=C ext=.ad
First generic
Then specific non-strict
Then specific strict
Checking list of parsers returned for (non-strict mode) type=C ext=.abcd
First generic
Then specific non-strict
Then specific strict
Checking list of parsers returned for (non-strict mode) type=C ext=.ac
First generic
Then specific non-strict
Then specific strict
Checking list of parsers returned for (non-strict mode) type=C ext=.ab
First generic
Then specific non-strict
Then specific strict
Checking list of parsers returned for (non-strict mode) type=C ext=.c
First generic
Then specific non-strict
Then specific strict
Checking list of parsers returned for (non-strict mode) type=C ext=&lt;multifile&gt;
First generic
Then specific non-strict
Then specific strict
Checking list of parsers returned for (non-strict mode) type=C ext=.cd
First generic
Then specific non-strict
Then specific strict
Checking list of parsers returned for (non-strict mode) type=C ext=.b
First generic
Then specific non-strict
Then specific strict
Checking list of parsers returned for (non-strict mode) type=C ext=.acd
First generic
Then specific non-strict
Then specific strict
Checking list of parsers returned for (strict mode) type=D ext=.a
First generic
Then specific strict
Checking list of parsers returned for (strict mode) type=D ext=.abd
First generic
Then specific strict
Checking list of parsers returned for (strict mode) type=D ext=.bc
First generic
Then specific strict
Checking list of parsers returned for (strict mode) type=D ext=.abc
First generic
Then specific strict
Checking list of parsers returned for (strict mode) type=D ext=.bd
First generic
Then specific strict
Checking list of parsers returned for (strict mode) type=D ext=.d
First generic
Then specific strict
Checking list of parsers returned for (strict mode) type=D ext=.bcd
First generic
Then specific strict
Checking list of parsers returned for (strict mode) type=D ext=.ad
First generic
Then specific strict
Checking list of parsers returned for (strict mode) type=D ext=.abcd
First generic
Then specific strict
Checking list of parsers returned for (strict mode) type=D ext=.ac
First generic
Then specific strict
Checking list of parsers returned for (strict mode) type=D ext=.ab
First generic
Then specific strict
Checking list of parsers returned for (strict mode) type=D ext=.c
First generic
Then specific strict
Checking list of parsers returned for (strict mode) type=D ext=&lt;multifile&gt;
First generic
Then specific strict
Checking list of parsers returned for (strict mode) type=D ext=.cd
First generic
Then specific strict
Checking list of parsers returned for (strict mode) type=D ext=.b
First generic
Then specific strict
Checking list of parsers returned for (strict mode) type=D ext=.acd
First generic
Then specific strict
Checking list of parsers returned for (non-strict mode) type=A ext=.a
First generic
Then specific non-strict
Then specific strict
Checking list of parsers returned for (non-strict mode) type=A ext=.abd
First generic
Then specific non-strict
Then specific strict
Checking list of parsers returned for (non-strict mode) type=A ext=.bc
First generic
Then specific non-strict
Then specific strict
Checking list of parsers returned for (non-strict mode) type=A ext=.abc
First generic
Then specific non-strict
Then specific strict
Checking list of parsers returned for (non-strict mode) type=A ext=.bd
First generic
Then specific non-strict
Then specific strict
Checking list of parsers returned for (non-strict mode) type=A ext=.d
First generic
Then specific non-strict
Then specific strict
Checking list of parsers returned for (non-strict mode) type=A ext=.bcd
First generic
Then specific non-strict
Then specific strict
Checking list of parsers returned for (non-strict mode) type=A ext=.ad
First generic
Then specific non-strict
Then specific strict
Checking list of parsers returned for (non-strict mode) type=A ext=.abcd
First generic
Then specific non-strict
Then specific strict
Checking list of parsers returned for (non-strict mode) type=A ext=.ac
First generic
Then specific non-strict
Then specific strict
Checking list of parsers returned for (non-strict mode) type=A ext=.ab
First generic
Then specific non-strict
Then specific strict
Checking list of parsers returned for (non-strict mode) type=A ext=.c
First generic
Then specific non-strict
Then specific strict
Checking list of parsers returned for (non-strict mode) type=A ext=&lt;multifile&gt;
First generic
Then specific non-strict
Then specific strict
Checking list of parsers returned for (non-strict mode) type=A ext=.cd
First generic
Then specific non-strict
Then specific strict
Checking list of parsers returned for (non-strict mode) type=A ext=.b
First generic
Then specific non-strict
Then specific strict
Checking list of parsers returned for (non-strict mode) type=A ext=.acd
First generic
Then specific non-strict
Then specific strict
Checking list of parsers returned for (strict mode) type=B ext=.a
First generic
Then specific strict
Checking list of parsers returned for (strict mode) type=B ext=.abd
First generic
Then specific strict
Checking list of parsers returned for (strict mode) type=B ext=.bc
First generic
Then specific strict
Checking list of parsers returned for (strict mode) type=B ext=.abc
First generic
Then specific strict
Checking list of parsers returned for (strict mode) type=B ext=.bd
First generic
Then specific strict
Checking list of parsers returned for (strict mode) type=B ext=.d
First generic
Then specific strict
Checking list of parsers returned for (strict mode) type=B ext=.bcd
First generic
Then specific strict
Checking list of parsers returned for (strict mode) type=B ext=.ad
First generic
Then specific strict
Checking list of parsers returned for (strict mode) type=B ext=.abcd
First generic
Then specific strict
Checking list of parsers returned for (strict mode) type=B ext=.ac
First generic
Then specific strict
Checking list of parsers returned for (strict mode) type=B ext=.ab
First generic
Then specific strict
Checking list of parsers returned for (strict mode) type=B ext=.c
First generic
Then specific strict
Checking list of parsers returned for (strict mode) type=B ext=&lt;multifile&gt;
First generic
Then specific strict
Checking list of parsers returned for (strict mode) type=B ext=.cd
First generic
Then specific strict
Checking list of parsers returned for (strict mode) type=B ext=.b
First generic
Then specific strict
Checking list of parsers returned for (strict mode) type=B ext=.acd
First generic
Then specific strict
Checking list of parsers returned for (non-strict mode) type=C ext=.a
First generic
Then specific non-strict
Then specific strict
Checking list of parsers returned for (non-strict mode) type=C ext=.abd
First generic
Then specific non-strict
Then specific strict
Checking list of parsers returned for (non-strict mode) type=C ext=.bc
First generic
Then specific non-strict
Then specific strict
Checking list of parsers returned for (non-strict mode) type=C ext=.abc
First generic
Then specific non-strict
Then specific strict
Checking list of parsers returned for (non-strict mode) type=C ext=.bd
First generic
Then specific non-strict
Then specific strict
Checking list of parsers returned for (non-strict mode) type=C ext=.d
First generic
Then specific non-strict
Then specific strict
Checking list of parsers returned for (non-strict mode) type=C ext=.bcd
First generic
Then specific non-strict
Then specific strict
Checking list of parsers returned for (non-strict mode) type=C ext=.ad
First generic
Then specific non-strict
Then specific strict
Checking list of parsers returned for (non-strict mode) type=C ext=.abcd
First generic
Then specific non-strict
Then specific strict
Checking list of parsers returned for (non-strict mode) type=C ext=.ac
First generic
Then specific non-strict
Then specific strict
Checking list of parsers returned for (non-strict mode) type=C ext=.ab
First generic
Then specific non-strict
Then specific strict
Checking list of parsers returned for (non-strict mode) type=C ext=.c
First generic
Then specific non-strict
Then specific strict
Checking list of parsers returned for (non-strict mode) type=C ext=&lt;multifile&gt;
First generic
Then specific non-strict
Then specific strict
Checking list of parsers returned for (non-strict mode) type=C ext=.cd
First generic
Then specific non-strict
Then specific strict
Checking list of parsers returned for (non-strict mode) type=C ext=.b
First generic
Then specific non-strict
Then specific strict
Checking list of parsers returned for (non-strict mode) type=C ext=.acd
First generic
Then specific non-strict
Then specific strict
Checking list of parsers returned for (strict mode) type=D ext=.a
First generic
Then specific strict
Checking list of parsers returned for (strict mode) type=D ext=.abd
First generic
Then specific strict
Checking list of parsers returned for (strict mode) type=D ext=.bc
First generic
Then specific strict
Checking list of parsers returned for (strict mode) type=D ext=.abc
First generic
Then specific strict
Checking list of parsers returned for (strict mode) type=D ext=.bd
First generic
Then specific strict
Checking list of parsers returned for (strict mode) type=D ext=.d
First generic
Then specific strict
Checking list of parsers returned for (strict mode) type=D ext=.bcd
First generic
Then specific strict
Checking list of parsers returned for (strict mode) type=D ext=.ad
First generic
Then specific strict
Checking list of parsers returned for (strict mode) type=D ext=.abcd
First generic
Then specific strict
Checking list of parsers returned for (strict mode) type=D ext=.ac
First generic
Then specific strict
Checking list of parsers returned for (strict mode) type=D ext=.ab
First generic
Then specific strict
Checking list of parsers returned for (strict mode) type=D ext=.c
First generic
Then specific strict
Checking list of parsers returned for (strict mode) type=D ext=&lt;multifile&gt;
First generic
Then specific strict
Checking list of parsers returned for (strict mode) type=D ext=.cd
First generic
Then specific strict
Checking list of parsers returned for (strict mode) type=D ext=.b
First generic
Then specific strict
Checking list of parsers returned for (strict mode) type=D ext=.acd
First generic
Then specific strict
Checking list of parsers returned for (non-strict mode) type=A ext=.a
First generic
Then specific non-strict
Then specific strict
Checking list of parsers returned for (non-strict mode) type=A ext=.abd
First generic
Then specific non-strict
Then specific strict
Checking list of parsers returned for (non-strict mode) type=A ext=.bc
First generic
Then specific non-strict
Then specific strict
Checking list of parsers returned for (non-strict mode) type=A ext=.abc
First generic
Then specific non-strict
Then specific strict
Checking list of parsers returned for (non-strict mode) type=A ext=.bd
First generic
Then specific non-strict
Then specific strict
Checking list of parsers returned for (non-strict mode) type=A ext=.d
First generic
Then specific non-strict
Then specific strict
Checking list of parsers returned for (non-strict mode) type=A ext=.bcd
First generic
Then specific non-strict
Then specific strict
Checking list of parsers returned for (non-strict mode) type=A ext=.ad
First generic
Then specific non-strict
Then specific strict
Checking list of parsers returned for (non-strict mode) type=A ext=.abcd
First generic
Then specific non-strict
Then specific strict
Checking list of parsers returned for (non-strict mode) type=A ext=.ac
First generic
Then specific non-strict
Then specific strict
Checking list of parsers returned for (non-strict mode) type=A ext=.ab
First generic
Then specific non-strict
Then specific strict
Checking list of parsers returned for (non-strict mode) type=A ext=.c
First generic
Then specific non-strict
Then specific strict
Checking list of parsers returned for (non-strict mode) type=A ext=&lt;multifile&gt;
First generic
Then specific non-strict
Then specific strict
Checking list of parsers returned for (non-strict mode) type=A ext=.cd
First generic
Then specific non-strict
Then specific strict
Checking list of parsers returned for (non-strict mode) type=A ext=.b
First generic
Then specific non-strict
Then specific strict
Checking list of parsers returned for (non-strict mode) type=A ext=.acd
First generic
Then specific non-strict
Then specific strict
Checking list of parsers returned for (strict mode) type=B ext=.a
First generic
Then specific strict
Checking list of parsers returned for (strict mode) type=B ext=.abd
First generic
Then specific strict
Checking list of parsers returned for (strict mode) type=B ext=.bc
First generic
Then specific strict
Checking list of parsers returned for (strict mode) type=B ext=.abc
First generic
Then specific strict
Checking list of parsers returned for (strict mode) type=B ext=.bd
First generic
Then specific strict
Checking list of parsers returned for (strict mode) type=B ext=.d
First generic
Then specific strict
Checking list of parsers returned for (strict mode) type=B ext=.bcd
First generic
Then specific strict
Checking list of parsers returned for (strict mode) type=B ext=.ad
First generic
Then specific strict
Checking list of parsers returned for (strict mode) type=B ext=.abcd
First generic
Then specific strict
Checking list of parsers returned for (strict mode) type=B ext=.ac
First generic
Then specific strict
Checking list of parsers returned for (strict mode) type=B ext=.ab
First generic
Then specific strict
Checking list of parsers returned for (strict mode) type=B ext=.c
First generic
Then specific strict
Checking list of parsers returned for (strict mode) type=B ext=&lt;multifile&gt;
First generic
Then specific strict
Checking list of parsers returned for (strict mode) type=B ext=.cd
First generic
Then specific strict
Checking list of parsers returned for (strict mode) type=B ext=.b
First generic
Then specific strict
Checking list of parsers returned for (strict mode) type=B ext=.acd
First generic
Then specific strict
Checking list of parsers returned for (non-strict mode) type=C ext=.a
First generic
Then specific non-strict
Then specific strict
Checking list of parsers returned for (non-strict mode) type=C ext=.abd
First generic
Then specific non-strict
Then specific strict
Checking list of parsers returned for (non-strict mode) type=C ext=.bc
First generic
Then specific non-strict
Then specific strict
Checking list of parsers returned for (non-strict mode) type=C ext=.abc
First generic
Then specific non-strict
Then specific strict
Checking list of parsers returned for (non-strict mode) type=C ext=.bd
First generic
Then specific non-strict
Then specific strict
Checking list of parsers returned for (non-strict mode) type=C ext=.d
First generic
Then specific non-strict
Then specific strict
Checking list of parsers returned for (non-strict mode) type=C ext=.bcd
First generic
Then specific non-strict
Then specific strict
Checking list of parsers returned for (non-strict mode) type=C ext=.ad
First generic
Then specific non-strict
Then specific strict
Checking list of parsers returned for (non-strict mode) type=C ext=.abcd
First generic
Then specific non-strict
Then specific strict
Checking list of parsers returned for (non-strict mode) type=C ext=.ac
First generic
Then specific non-strict
Then specific strict
Checking list of parsers returned for (non-strict mode) type=C ext=.ab
First generic
Then specific non-strict
Then specific strict
Checking list of parsers returned for (non-strict mode) type=C ext=.c
First generic
Then specific non-strict
Then specific strict
Checking list of parsers returned for (non-strict mode) type=C ext=&lt;multifile&gt;
First generic
Then specific non-strict
Then specific strict
Checking list of parsers returned for (non-strict mode) type=C ext=.cd
First generic
Then specific non-strict
Then specific strict
Checking list of parsers returned for (non-strict mode) type=C ext=.b
First generic
Then specific non-strict
Then specific strict
Checking list of parsers returned for (non-strict mode) type=C ext=.acd
First generic
Then specific non-strict
Then specific strict
Checking list of parsers returned for (strict mode) type=D ext=.a
First generic
Then specific strict
Checking list of parsers returned for (strict mode) type=D ext=.abd
First generic
Then specific strict
Checking list of parsers returned for (strict mode) type=D ext=.bc
First generic
Then specific strict
Checking list of parsers returned for (strict mode) type=D ext=.abc
First generic
Then specific strict
Checking list of parsers returned for (strict mode) type=D ext=.bd
First generic
Then specific strict
Checking list of parsers returned for (strict mode) type=D ext=.d
First generic
Then specific strict
Checking list of parsers returned for (strict mode) type=D ext=.bcd
First generic
Then specific strict
Checking list of parsers returned for (strict mode) type=D ext=.ad
First generic
Then specific strict
Checking list of parsers returned for (strict mode) type=D ext=.abcd
First generic
Then specific strict
Checking list of parsers returned for (strict mode) type=D ext=.ac
First generic
Then specific strict
Checking list of parsers returned for (strict mode) type=D ext=.ab
First generic
Then specific strict
Checking list of parsers returned for (strict mode) type=D ext=.c
First generic
Then specific strict
Checking list of parsers returned for (strict mode) type=D ext=&lt;multifile&gt;
First generic
Then specific strict
Checking list of parsers returned for (strict mode) type=D ext=.cd
First generic
Then specific strict
Checking list of parsers returned for (strict mode) type=D ext=.b
First generic
Then specific strict
Checking list of parsers returned for (strict mode) type=D ext=.acd
First generic
Then specific strict
Checking list of parsers returned for (non-strict mode) type=A ext=.a
First generic
Then specific non-strict
Then specific strict
Checking list of parsers returned for (non-strict mode) type=A ext=.abd
First generic
Then specific non-strict
Then specific strict
Checking list of parsers returned for (non-strict mode) type=A ext=.bc
First generic
Then specific non-strict
Then specific strict
Checking list of parsers returned for (non-strict mode) type=A ext=.abc
First generic
Then specific non-strict
Then specific strict
Checking list of parsers returned for (non-strict mode) type=A ext=.bd
First generic
Then specific non-strict
Then specific strict
Checking list of parsers returned for (non-strict mode) type=A ext=.d
First generic
Then specific non-strict
Then specific strict
Checking list of parsers returned for (non-strict mode) type=A ext=.bcd
First generic
Then specific non-strict
Then specific strict
Checking list of parsers returned for (non-strict mode) type=A ext=.ad
First generic
Then specific non-strict
Then specific strict
Checking list of parsers returned for (non-strict mode) type=A ext=.abcd
First generic
Then specific non-strict
Then specific strict
Checking list of parsers returned for (non-strict mode) type=A ext=.ac
First generic
Then specific non-strict
Then specific strict
Checking list of parsers returned for (non-strict mode) type=A ext=.ab
First generic
Then specific non-strict
Then specific strict
Checking list of parsers returned for (non-strict mode) type=A ext=.c
First generic
Then specific non-strict
Then specific strict
Checking list of parsers returned for (non-strict mode) type=A ext=&lt;multifile&gt;
First generic
Then specific non-strict
Then specific strict
Checking list of parsers returned for (non-strict mode) type=A ext=.cd
First generic
Then specific non-strict
Then specific strict
Checking list of parsers returned for (non-strict mode) type=A ext=.b
First generic
Then specific non-strict
Then specific strict
Checking list of parsers returned for (non-strict mode) type=A ext=.acd
First generic
Then specific non-strict
Then specific strict
Checking list of parsers returned for (strict mode) type=B ext=.a
First generic
Then specific strict
Checking list of parsers returned for (strict mode) type=B ext=.abd
First generic
Then specific strict
Checking list of parsers returned for (strict mode) type=B ext=.bc
First generic
Then specific strict
Checking list of parsers returned for (strict mode) type=B ext=.abc
First generic
Then specific strict
Checking list of parsers returned for (strict mode) type=B ext=.bd
First generic
Then specific strict
Checking list of parsers returned for (strict mode) type=B ext=.d
First generic
Then specific strict
Checking list of parsers returned for (strict mode) type=B ext=.bcd
First generic
Then specific strict
Checking list of parsers returned for (strict mode) type=B ext=.ad
First generic
Then specific strict
Checking list of parsers returned for (strict mode) type=B ext=.abcd
First generic
Then specific strict
Checking list of parsers returned for (strict mode) type=B ext=.ac
First generic
Then specific strict
Checking list of parsers returned for (strict mode) type=B ext=.ab
First generic
Then specific strict
Checking list of parsers returned for (strict mode) type=B ext=.c
First generic
Then specific strict
Checking list of parsers returned for (strict mode) type=B ext=&lt;multifile&gt;
First generic
Then specific strict
Checking list of parsers returned for (strict mode) type=B ext=.cd
First generic
Then specific strict
Checking list of parsers returned for (strict mode) type=B ext=.b
First generic
Then specific strict
Checking list of parsers returned for (strict mode) type=B ext=.acd
First generic
Then specific strict
Checking list of parsers returned for (non-strict mode) type=C ext=.a
First generic
Then specific non-strict
Then specific strict
Checking list of parsers returned for (non-strict mode) type=C ext=.abd
First generic
Then specific non-strict
Then specific strict
Checking list of parsers returned for (non-strict mode) type=C ext=.bc
First generic
Then specific non-strict
Then specific strict
Checking list of parsers returned for (non-strict mode) type=C ext=.abc
First generic
Then specific non-strict
Then specific strict
Checking list of parsers returned for (non-strict mode) type=C ext=.bd
First generic
Then specific non-strict
Then specific strict
Checking list of parsers returned for (non-strict mode) type=C ext=.d
First generic
Then specific non-strict
Then specific strict
Checking list of parsers returned for (non-strict mode) type=C ext=.bcd
First generic
Then specific non-strict
Then specific strict
Checking list of parsers returned for (non-strict mode) type=C ext=.ad
First generic
Then specific non-strict
Then specific strict
Checking list of parsers returned for (non-strict mode) type=C ext=.abcd
First generic
Then specific non-strict
Then specific strict
Checking list of parsers returned for (non-strict mode) type=C ext=.ac
First generic
Then specific non-strict
Then specific strict
Checking list of parsers returned for (non-strict mode) type=C ext=.ab
First generic
Then specific non-strict
Then specific strict
Checking list of parsers returned for (non-strict mode) type=C ext=.c
First generic
Then specific non-strict
Then specific strict
Checking list of parsers returned for (non-strict mode) type=C ext=&lt;multifile&gt;
First generic
Then specific non-strict
Then specific strict
Checking list of parsers returned for (non-strict mode) type=C ext=.cd
First generic
Then specific non-strict
Then specific strict
Checking list of parsers returned for (non-strict mode) type=C ext=.b
First generic
Then specific non-strict
Then specific strict
Checking list of parsers returned for (non-strict mode) type=C ext=.acd
First generic
Then specific non-strict
Then specific strict
Checking list of parsers returned for (strict mode) type=D ext=.a
First generic
Then specific strict
Checking list of parsers returned for (strict mode) type=D ext=.abd
First generic
Then specific strict
Checking list of parsers returned for (strict mode) type=D ext=.bc
First generic
Then specific strict
Checking list of parsers returned for (strict mode) type=D ext=.abc
First generic
Then specific strict
Checking list of parsers returned for (strict mode) type=D ext=.bd
First generic
Then specific strict
Checking list of parsers returned for (strict mode) type=D ext=.d
First generic
Then specific strict
Checking list of parsers returned for (strict mode) type=D ext=.bcd
First generic
Then specific strict
Checking list of parsers returned for (strict mode) type=D ext=.ad
First generic
Then specific strict
Checking list of parsers returned for (strict mode) type=D ext=.abcd
First generic
Then specific strict
Checking list of parsers returned for (strict mode) type=D ext=.ac
First generic
Then specific strict
Checking list of parsers returned for (strict mode) type=D ext=.ab
First generic
Then specific strict
Checking list of parsers returned for (strict mode) type=D ext=.c
First generic
Then specific strict
Checking list of parsers returned for (strict mode) type=D ext=&lt;multifile&gt;
First generic
Then specific strict
Checking list of parsers returned for (strict mode) type=D ext=.cd
First generic
Then specific strict
Checking list of parsers returned for (strict mode) type=D ext=.b
First generic
Then specific strict
Checking list of parsers returned for (strict mode) type=D ext=.acd
First generic
Then specific strict
Checking list of parsers returned for (non-strict mode) type=A ext=.a
First generic
Then specific non-strict
Then specific strict
Checking list of parsers returned for (non-strict mode) type=A ext=.abd
First generic
Then specific non-strict
Then specific strict
Checking list of parsers returned for (non-strict mode) type=A ext=.bc
First generic
Then specific non-strict
Then specific strict
Checking list of parsers returned for (non-strict mode) type=A ext=.abc
First generic
Then specific non-strict
Then specific strict
Checking list of parsers returned for (non-strict mode) type=A ext=.bd
First generic
Then specific non-strict
Then specific strict
Checking list of parsers returned for (non-strict mode) type=A ext=.d
First generic
Then specific non-strict
Then specific strict
Checking list of parsers returned for (non-strict mode) type=A ext=.bcd
First generic
Then specific non-strict
Then specific strict
Checking list of parsers returned for (non-strict mode) type=A ext=.ad
First generic
Then specific non-strict
Then specific strict
Checking list of parsers returned for (non-strict mode) type=A ext=.abcd
First generic
Then specific non-strict
Then specific strict
Checking list of parsers returned for (non-strict mode) type=A ext=.ac
First generic
Then specific non-strict
Then specific strict
Checking list of parsers returned for (non-strict mode) type=A ext=.ab
First generic
Then specific non-strict
Then specific strict
Checking list of parsers returned for (non-strict mode) type=A ext=.c
First generic
Then specific non-strict
Then specific strict
Checking list of parsers returned for (non-strict mode) type=A ext=&lt;multifile&gt;
First generic
Then specific non-strict
Then specific strict
Checking list of parsers returned for (non-strict mode) type=A ext=.cd
First generic
Then specific non-strict
Then specific strict
Checking list of parsers returned for (non-strict mode) type=A ext=.b
First generic
Then specific non-strict
Then specific strict
Checking list of parsers returned for (non-strict mode) type=A ext=.acd
First generic
Then specific non-strict
Then specific strict
Checking list of parsers returned for (strict mode) type=B ext=.a
First generic
Then specific strict
Checking list of parsers returned for (strict mode) type=B ext=.abd
First generic
Then specific strict
Checking list of parsers returned for (strict mode) type=B ext=.bc
First generic
Then specific strict
Checking list of parsers returned for (strict mode) type=B ext=.abc
First generic
Then specific strict
Checking list of parsers returned for (strict mode) type=B ext=.bd
First generic
Then specific strict
Checking list of parsers returned for (strict mode) type=B ext=.d
First generic
Then specific strict
Checking list of parsers returned for (strict mode) type=B ext=.bcd
First generic
Then specific strict
Checking list of parsers returned for (strict mode) type=B ext=.ad
First generic
Then specific strict
Checking list of parsers returned for (strict mode) type=B ext=.abcd
First generic
Then specific strict
Checking list of parsers returned for (strict mode) type=B ext=.ac
First generic
Then specific strict
Checking list of parsers returned for (strict mode) type=B ext=.ab
First generic
Then specific strict
Checking list of parsers returned for (strict mode) type=B ext=.c
First generic
Then specific strict
Checking list of parsers returned for (strict mode) type=B ext=&lt;multifile&gt;
First generic
Then specific strict
Checking list of parsers returned for (strict mode) type=B ext=.cd
First generic
Then specific strict
Checking list of parsers returned for (strict mode) type=B ext=.b
First generic
Then specific strict
Checking list of parsers returned for (strict mode) type=B ext=.acd
First generic
Then specific strict
Checking list of parsers returned for (non-strict mode) type=C ext=.a
First generic
Then specific non-strict
Then specific strict
Checking list of parsers returned for (non-strict mode) type=C ext=.abd
First generic
Then specific non-strict
Then specific strict
Checking list of parsers returned for (non-strict mode) type=C ext=.bc
First generic
Then specific non-strict
Then specific strict
Checking list of parsers returned for (non-strict mode) type=C ext=.abc
First generic
Then specific non-strict
Then specific strict
Checking list of parsers returned for (non-strict mode) type=C ext=.bd
First generic
Then specific non-strict
Then specific strict
Checking list of parsers returned for (non-strict mode) type=C ext=.d
First generic
Then specific non-strict
Then specific strict
Checking list of parsers returned for (non-strict mode) type=C ext=.bcd
First generic
Then specific non-strict
Then specific strict
Checking list of parsers returned for (non-strict mode) type=C ext=.ad
First generic
Then specific non-strict
Then specific strict
Checking list of parsers returned for (non-strict mode) type=C ext=.abcd
First generic
Then specific non-strict
Then specific strict
Checking list of parsers returned for (non-strict mode) type=C ext=.ac
First generic
Then specific non-strict
Then specific strict
Checking list of parsers returned for (non-strict mode) type=C ext=.ab
First generic
Then specific non-strict
Then specific strict
Checking list of parsers returned for (non-strict mode) type=C ext=.c
First generic
Then specific non-strict
Then specific strict
Checking list of parsers returned for (non-strict mode) type=C ext=&lt;multifile&gt;
First generic
Then specific non-strict
Then specific strict
Checking list of parsers returned for (non-strict mode) type=C ext=.cd
First generic
Then specific non-strict
Then specific strict
Checking list of parsers returned for (non-strict mode) type=C ext=.b
First generic
Then specific non-strict
Then specific strict
Checking list of parsers returned for (non-strict mode) type=C ext=.acd
First generic
Then specific non-strict
Then specific strict
Checking list of parsers returned for (strict mode) type=D ext=.a
First generic
Then specific strict
Checking list of parsers returned for (strict mode) type=D ext=.abd
First generic
Then specific strict
Checking list of parsers returned for (strict mode) type=D ext=.bc
First generic
Then specific strict
Checking list of parsers returned for (strict mode) type=D ext=.abc
First generic
Then specific strict
Checking list of parsers returned for (strict mode) type=D ext=.bd
First generic
Then specific strict
Checking list of parsers returned for (strict mode) type=D ext=.d
First generic
Then specific strict
Checking list of parsers returned for (strict mode) type=D ext=.bcd
First generic
Then specific strict
Checking list of parsers returned for (strict mode) type=D ext=.ad
First generic
Then specific strict
Checking list of parsers returned for (strict mode) type=D ext=.abcd
First generic
Then specific strict
Checking list of parsers returned for (strict mode) type=D ext=.ac
First generic
Then specific strict
Checking list of parsers returned for (strict mode) type=D ext=.ab
First generic
Then specific strict
Checking list of parsers returned for (strict mode) type=D ext=.c
First generic
Then specific strict
Checking list of parsers returned for (strict mode) type=D ext=&lt;multifile&gt;
First generic
Then specific strict
Checking list of parsers returned for (strict mode) type=D ext=.cd
First generic
Then specific strict
Checking list of parsers returned for (strict mode) type=D ext=.b
First generic
Then specific strict
Checking list of parsers returned for (strict mode) type=D ext=.acd
First generic
Then specific strict
</system-out></testcase><testcase classname="parsyfiles.tests.demo.test_parsyfiles_readme.DemoTests" file="parsyfiles/tests/demo/test_parsyfiles_readme.py" line="32" name="test_a_helloworld" time="0.08157920837402344"><system-out>**** Starting to parse single object of type &lt;str&gt; at location /home/travis/build/smarie/python-parsyfiles/parsyfiles/tests/demo/hello_world ****
Checking all files under [/home/travis/build/smarie/python-parsyfiles/parsyfiles/tests/demo/hello_world]
/home/travis/build/smarie/python-parsyfiles/parsyfiles/tests/demo/hello_world
**** Starting to parse single object of type &lt;str&gt; at location /home/travis/build/smarie/python-parsyfiles/parsyfiles/tests/demo/a_helloworld/hello_world.txt ****
Checking all files under [/home/travis/build/smarie/python-parsyfiles/parsyfiles/tests/demo/a_helloworld/hello_world.txt]
/home/travis/build/smarie/python-parsyfiles/parsyfiles/tests/demo/a_helloworld/hello_world.txt
**** Starting to parse single object of type &lt;str&gt; at location /home/travis/build/smarie/python-parsyfiles/parsyfiles/tests/demo/a_helloworld/hello_world ****
Checking all files under [/home/travis/build/smarie/python-parsyfiles/parsyfiles/tests/demo/a_helloworld/hello_world]
(C) /home/travis/build/smarie/python-parsyfiles/parsyfiles/tests/demo/a_helloworld/hello_world (singlefile, .txt)
File checks done

Building a parsing plan to parse [/home/travis/build/smarie/python-parsyfiles/parsyfiles/tests/demo/a_helloworld/hello_world] into a str
(B) /home/travis/build/smarie/python-parsyfiles/parsyfiles/tests/demo/a_helloworld/hello_world.txt -&gt; str ------- using &lt;read_str_from_txt&gt;
Parsing Plan created successfully

Executing Parsing Plan for [/home/travis/build/smarie/python-parsyfiles/parsyfiles/tests/demo/a_helloworld/hello_world]
(P) /home/travis/build/smarie/python-parsyfiles/parsyfiles/tests/demo/a_helloworld/hello_world.txt -&gt; str ------- using &lt;read_str_from_txt&gt;
(P)                                                                             |--hello_world.txt -&gt; str SUCCESS !
Completed parsing successfully

hello
</system-out></testcase><testcase classname="parsyfiles.tests.demo.test_parsyfiles_readme.DemoTests" file="parsyfiles/tests/demo/test_parsyfiles_readme.py" line="281" name="test_multifile_objects" time="0.31263136863708496"><system-out>**** Starting to parse collection of &lt;ExecOpSeriesTest&gt; at location /home/travis/build/smarie/python-parsyfiles/parsyfiles/tests/demo/./complex_objects ****
Checking all files under [/home/travis/build/smarie/python-parsyfiles/parsyfiles/tests/demo/./complex_objects]
(C) /home/travis/build/smarie/python-parsyfiles/parsyfiles/tests/demo/./complex_objects (multifile)
(C)                                                                                  |--case1 (multifile)
(C)                                                                                        |--expected_results (singlefile, .txt)
(C)                                                                                        |--x (singlefile, .csv)
(C)                                                                                        |--y (singlefile, .txt)
(C)                                                                                  |--case2 (multifile)
(C)                                                                                        |--expected_results (singlefile, .txt)
(C)                                                                                        |--x (singlefile, .csv)
(C)                                                                                        |--y (singlefile, .txt)
File checks done

Building a parsing plan to parse [/home/travis/build/smarie/python-parsyfiles/parsyfiles/tests/demo/./complex_objects] into a Dict[str, ExecOpSeriesTest]
(B) /home/travis/build/smarie/python-parsyfiles/parsyfiles/tests/demo/./complex_objects -&gt; Dict[str, ExecOpSeriesTest] ------- using Multifile Collection parser (parsyfiles defaults)
(B)                                                                                  |--case1 -&gt; ExecOpSeriesTest ------- using Multifile Object parser (parsyfiles defaults)
(B)                                                                                        |--expected_results.txt -&gt; AlgoResults ------- using [Try &apos;$&lt;read_dict_from_properties&gt; =&gt; &lt;dict_to_object&gt;$&apos; then &apos;$&lt;read_str_from_txt&gt; =&gt; &lt;constructor_with_str_arg&gt;$&apos; then &apos;$&lt;read_str_from_txt&gt; =&gt; &lt;base64_ascii_str_pickle_to_object&gt;$&apos; then &apos;$&lt;read_df_or_series_from_csv&gt; =&gt; &lt;single_row_or_col_df_to_dict&gt; -&gt; &lt;dict_to_object&gt;$]&apos;]
(B)                                                                                        |--expected_results.txt -&gt; AlgoResults ------- using $&lt;read_dict_from_properties&gt; =&gt; &lt;dict_to_object&gt;$
(B)                                                                                        |--x.csv -&gt; Series ------- using &lt;read_df_or_series_from_csv&gt;
(B)                                                                                        |--y.txt -&gt; AlgoConf ------- using [Try &apos;$&lt;read_dict_from_properties&gt; =&gt; &lt;dict_to_object&gt;$&apos; then &apos;$&lt;read_str_from_txt&gt; =&gt; &lt;constructor_with_str_arg&gt;$&apos; then &apos;$&lt;read_str_from_txt&gt; =&gt; &lt;base64_ascii_str_pickle_to_object&gt;$&apos; then &apos;$&lt;read_df_or_series_from_csv&gt; =&gt; &lt;single_row_or_col_df_to_dict&gt; -&gt; &lt;dict_to_object&gt;$]&apos;]
(B)                                                                                        |--y.txt -&gt; AlgoConf ------- using $&lt;read_dict_from_properties&gt; =&gt; &lt;dict_to_object&gt;$
(B)                                                                                  |--case2 -&gt; ExecOpSeriesTest ------- using Multifile Object parser (parsyfiles defaults)
(B)                                                                                        |--expected_results.txt -&gt; AlgoResults ------- using [Try &apos;$&lt;read_dict_from_properties&gt; =&gt; &lt;dict_to_object&gt;$&apos; then &apos;$&lt;read_str_from_txt&gt; =&gt; &lt;constructor_with_str_arg&gt;$&apos; then &apos;$&lt;read_str_from_txt&gt; =&gt; &lt;base64_ascii_str_pickle_to_object&gt;$&apos; then &apos;$&lt;read_df_or_series_from_csv&gt; =&gt; &lt;single_row_or_col_df_to_dict&gt; -&gt; &lt;dict_to_object&gt;$]&apos;]
(B)                                                                                        |--expected_results.txt -&gt; AlgoResults ------- using $&lt;read_dict_from_properties&gt; =&gt; &lt;dict_to_object&gt;$
(B)                                                                                        |--x.csv -&gt; Series ------- using &lt;read_df_or_series_from_csv&gt;
(B)                                                                                        |--y.txt -&gt; AlgoConf ------- using [Try &apos;$&lt;read_dict_from_properties&gt; =&gt; &lt;dict_to_object&gt;$&apos; then &apos;$&lt;read_str_from_txt&gt; =&gt; &lt;constructor_with_str_arg&gt;$&apos; then &apos;$&lt;read_str_from_txt&gt; =&gt; &lt;base64_ascii_str_pickle_to_object&gt;$&apos; then &apos;$&lt;read_df_or_series_from_csv&gt; =&gt; &lt;single_row_or_col_df_to_dict&gt; -&gt; &lt;dict_to_object&gt;$]&apos;]
(B)                                                                                        |--y.txt -&gt; AlgoConf ------- using $&lt;read_dict_from_properties&gt; =&gt; &lt;dict_to_object&gt;$
Parsing Plan created successfully

Executing Parsing Plan for [/home/travis/build/smarie/python-parsyfiles/parsyfiles/tests/demo/./complex_objects]
(P) /home/travis/build/smarie/python-parsyfiles/parsyfiles/tests/demo/./complex_objects -&gt; Dict[str, ExecOpSeriesTest] ------- using Multifile Collection parser (parsyfiles defaults)
(P)                                                                                  |--case1 -&gt; ExecOpSeriesTest ------- using Multifile Object parser (parsyfiles defaults)
(P)                                                                                        |--expected_results.txt -&gt; AlgoResults ------- using $&lt;read_dict_from_properties&gt; =&gt; &lt;dict_to_object&gt;$
(P)                                                                                        |--expected_results.txt -&gt; AlgoResults SUCCESS !
(P)                                                                                        |--x.csv -&gt; Series ------- using &lt;read_df_or_series_from_csv&gt;
(P)                                                                                        |--x.csv -&gt; Series SUCCESS !
(P)                                                                                        |--y.txt -&gt; AlgoConf ------- using $&lt;read_dict_from_properties&gt; =&gt; &lt;dict_to_object&gt;$
(P)                                                                                        |--y.txt -&gt; AlgoConf SUCCESS !
(P)                                                                                  |--case1 -&gt; ExecOpSeriesTest SUCCESS !
(P)                                                                                  |--case2 -&gt; ExecOpSeriesTest ------- using Multifile Object parser (parsyfiles defaults)
(P)                                                                                        |--expected_results.txt -&gt; AlgoResults ------- using $&lt;read_dict_from_properties&gt; =&gt; &lt;dict_to_object&gt;$
(P)                                                                                        |--expected_results.txt -&gt; AlgoResults SUCCESS !
(P)                                                                                        |--x.csv -&gt; Series ------- using &lt;read_df_or_series_from_csv&gt;
(P)                                                                                        |--x.csv -&gt; Series SUCCESS !
(P)                                                                                        |--y.txt -&gt; AlgoConf ------- using $&lt;read_dict_from_properties&gt; =&gt; &lt;dict_to_object&gt;$
(P)                                                                                        |--y.txt -&gt; AlgoConf SUCCESS !
(P)                                                                                  |--case2 -&gt; ExecOpSeriesTest SUCCESS !
(P)                                                                  |--complex_objects -&gt; Dict[str, ExecOpSeriesTest] SUCCESS !
Completed parsing successfully

OrderedDict([(&apos;case1&apos;,
              &lt;test_parsyfiles_readme.DemoTests.test_multifile_objects.&lt;locals&gt;.ExecOpSeriesTest object at 0x7fab07b15ac8&gt;),
             (&apos;case2&apos;,
              &lt;test_parsyfiles_readme.DemoTests.test_multifile_objects.&lt;locals&gt;.ExecOpSeriesTest object at 0x7fab07b15160&gt;)])
{&apos;.cfg&apos;: {&apos;3_generic&apos;: [$&lt;read_config&gt; =&gt; &lt;merge_all_config_sections_into_a_single_dict&gt; -&gt; &lt;dict_to_object&gt;$,
                        $&lt;read_config&gt; =&gt; &lt;config_to_dict_of_dict&gt; -&gt; &lt;dict_of_dict_to_object&gt;$,
                        $&lt;read_config&gt; =&gt; &lt;config_to_dict_of_dict&gt; -&gt; &lt;dict_to_object&gt;$]},
 &apos;.csv&apos;: {&apos;3_generic&apos;: [$&lt;read_df_or_series_from_csv&gt; =&gt; &lt;single_row_or_col_df_to_dict&gt; -&gt; &lt;dict_to_object&gt;$]},
 &apos;.ini&apos;: {&apos;3_generic&apos;: [$&lt;read_config&gt; =&gt; &lt;merge_all_config_sections_into_a_single_dict&gt; -&gt; &lt;dict_to_object&gt;$,
                        $&lt;read_config&gt; =&gt; &lt;config_to_dict_of_dict&gt; -&gt; &lt;dict_of_dict_to_object&gt;$,
                        $&lt;read_config&gt; =&gt; &lt;config_to_dict_of_dict&gt; -&gt; &lt;dict_to_object&gt;$]},
 &apos;.json&apos;: {&apos;3_generic&apos;: [$&lt;read_dict_or_list_from_json&gt; =&gt; &lt;dict_to_object&gt;$]},
 &apos;.properties&apos;: {&apos;3_generic&apos;: [$&lt;read_dict_from_properties&gt; =&gt; &lt;dict_to_object&gt;$]},
 &apos;.pyc&apos;: {&apos;3_generic&apos;: [&lt;read_object_from_pickle&gt;]},
 &apos;.txt&apos;: {&apos;3_generic&apos;: [$&lt;read_dict_from_properties&gt; =&gt; &lt;dict_to_object&gt;$,
                        $&lt;read_str_from_txt&gt; =&gt; &lt;constructor_with_str_arg&gt;$,
                        $&lt;read_str_from_txt&gt; =&gt; &lt;base64_ascii_str_pickle_to_object&gt;$,
                        $&lt;read_df_or_series_from_csv&gt; =&gt; &lt;single_row_or_col_df_to_dict&gt; -&gt; &lt;dict_to_object&gt;$]},
 &apos;.xls&apos;: {&apos;3_generic&apos;: [$&lt;read_dataframe_from_xls&gt; =&gt; &lt;single_row_or_col_df_to_dict&gt; -&gt; &lt;dict_to_object&gt;$]},
 &apos;.xlsm&apos;: {&apos;3_generic&apos;: [$&lt;read_dataframe_from_xls&gt; =&gt; &lt;single_row_or_col_df_to_dict&gt; -&gt; &lt;dict_to_object&gt;$]},
 &apos;.xlsx&apos;: {&apos;3_generic&apos;: [$&lt;read_dataframe_from_xls&gt; =&gt; &lt;single_row_or_col_df_to_dict&gt; -&gt; &lt;dict_to_object&gt;$]},
 &apos;.yaml&apos;: {&apos;3_generic&apos;: [&lt;read_object_from_yaml&gt;,
                         $&lt;read_collection_from_yaml&gt; =&gt; &lt;dict_to_object&gt;$]},
 &apos;.yml&apos;: {&apos;3_generic&apos;: [&lt;read_object_from_yaml&gt;,
                        $&lt;read_collection_from_yaml&gt; =&gt; &lt;dict_to_object&gt;$]},
 &apos;&lt;multifile&gt;&apos;: {&apos;3_generic&apos;: [Multifile Object parser (parsyfiles defaults)]}}
**** Starting to parse collection of &lt;DataFrame&gt; at location /home/travis/build/smarie/python-parsyfiles/parsyfiles/tests/demo/./complex_objects_flat ****
Checking all files under [/home/travis/build/smarie/python-parsyfiles/parsyfiles/tests/demo/./complex_objects_flat]
(C) /home/travis/build/smarie/python-parsyfiles/parsyfiles/tests/demo/./complex_objects_flat (multifile)
(C)                                                                                       |--case1--expected_results (singlefile, .txt)
(C)                                                                                       |--case1--x (singlefile, .csv)
(C)                                                                                       |--case1--y (singlefile, .txt)
(C)                                                                                       |--case2--expected_results (singlefile, .txt)
(C)                                                                                       |--case2--x (singlefile, .csv)
(C)                                                                                       |--case2--y (singlefile, .txt)
File checks done

Building a parsing plan to parse [/home/travis/build/smarie/python-parsyfiles/parsyfiles/tests/demo/./complex_objects_flat] into a Dict[str, DataFrame]
(B) /home/travis/build/smarie/python-parsyfiles/parsyfiles/tests/demo/./complex_objects_flat -&gt; Dict[str, DataFrame] ------- using Multifile Collection parser (parsyfiles defaults)
(B)                                                                                       |--case1--expected_results.txt -&gt; DataFrame ------- using [Try &apos;&lt;read_df_or_series_from_csv&gt;&apos; then &apos;$&lt;read_dict_from_properties&gt; =&gt; &lt;dict_to_df&gt;$&apos; then &apos;$&lt;read_str_from_txt&gt; =&gt; &lt;constructor_with_str_arg&gt;$&apos; then &apos;$&lt;read_str_from_txt&gt; =&gt; &lt;base64_ascii_str_pickle_to_object&gt;$]&apos;]
(B)                                                                                       |--case1--expected_results.txt -&gt; DataFrame ------- using &lt;read_df_or_series_from_csv&gt;
(B)                                                                                       |--case1--x.csv -&gt; DataFrame ------- using &lt;read_df_or_series_from_csv&gt;
(B)                                                                                       |--case1--y.txt -&gt; DataFrame ------- using [Try &apos;&lt;read_df_or_series_from_csv&gt;&apos; then &apos;$&lt;read_dict_from_properties&gt; =&gt; &lt;dict_to_df&gt;$&apos; then &apos;$&lt;read_str_from_txt&gt; =&gt; &lt;constructor_with_str_arg&gt;$&apos; then &apos;$&lt;read_str_from_txt&gt; =&gt; &lt;base64_ascii_str_pickle_to_object&gt;$]&apos;]
(B)                                                                                       |--case1--y.txt -&gt; DataFrame ------- using &lt;read_df_or_series_from_csv&gt;
(B)                                                                                       |--case2--expected_results.txt -&gt; DataFrame ------- using [Try &apos;&lt;read_df_or_series_from_csv&gt;&apos; then &apos;$&lt;read_dict_from_properties&gt; =&gt; &lt;dict_to_df&gt;$&apos; then &apos;$&lt;read_str_from_txt&gt; =&gt; &lt;constructor_with_str_arg&gt;$&apos; then &apos;$&lt;read_str_from_txt&gt; =&gt; &lt;base64_ascii_str_pickle_to_object&gt;$]&apos;]
(B)                                                                                       |--case2--expected_results.txt -&gt; DataFrame ------- using &lt;read_df_or_series_from_csv&gt;
(B)                                                                                       |--case2--x.csv -&gt; DataFrame ------- using &lt;read_df_or_series_from_csv&gt;
(B)                                                                                       |--case2--y.txt -&gt; DataFrame ------- using [Try &apos;&lt;read_df_or_series_from_csv&gt;&apos; then &apos;$&lt;read_dict_from_properties&gt; =&gt; &lt;dict_to_df&gt;$&apos; then &apos;$&lt;read_str_from_txt&gt; =&gt; &lt;constructor_with_str_arg&gt;$&apos; then &apos;$&lt;read_str_from_txt&gt; =&gt; &lt;base64_ascii_str_pickle_to_object&gt;$]&apos;]
(B)                                                                                       |--case2--y.txt -&gt; DataFrame ------- using &lt;read_df_or_series_from_csv&gt;
Parsing Plan created successfully

Executing Parsing Plan for [/home/travis/build/smarie/python-parsyfiles/parsyfiles/tests/demo/./complex_objects_flat]
(P) /home/travis/build/smarie/python-parsyfiles/parsyfiles/tests/demo/./complex_objects_flat -&gt; Dict[str, DataFrame] ------- using Multifile Collection parser (parsyfiles defaults)
(P)                                                                                       |--case1--expected_results.txt -&gt; DataFrame ------- using &lt;read_df_or_series_from_csv&gt;
(P)                                                                                       |--case1--expected_results.txt -&gt; DataFrame SUCCESS !
(P)                                                                                       |--case1--x.csv -&gt; DataFrame ------- using &lt;read_df_or_series_from_csv&gt;
(P)                                                                                       |--case1--x.csv -&gt; DataFrame SUCCESS !
(P)                                                                                       |--case1--y.txt -&gt; DataFrame ------- using &lt;read_df_or_series_from_csv&gt;
(P)                                                                                       |--case1--y.txt -&gt; DataFrame SUCCESS !
(P)                                                                                       |--case2--expected_results.txt -&gt; DataFrame ------- using &lt;read_df_or_series_from_csv&gt;
(P)                                                                                       |--case2--expected_results.txt -&gt; DataFrame SUCCESS !
(P)                                                                                       |--case2--x.csv -&gt; DataFrame ------- using &lt;read_df_or_series_from_csv&gt;
(P)                                                                                       |--case2--x.csv -&gt; DataFrame SUCCESS !
(P)                                                                                       |--case2--y.txt -&gt; DataFrame ------- using &lt;read_df_or_series_from_csv&gt;
(P)                                                                                       |--case2--y.txt -&gt; DataFrame SUCCESS !
(P)                                                                  |--complex_objects_flat -&gt; Dict[str, DataFrame] SUCCESS !
Completed parsing successfully

OrderedDict([(&apos;case1--expected_results&apos;,   score = 5.0
0  perf = 2.1),
             (&apos;case1--x&apos;,
                          t       v
0  2000-01-01     bug
1  2000-01-02  normal),
             (&apos;case1--y&apos;,   foo_param = &quot;foo&quot;
0   bar_param = 2.0),
             (&apos;case2--expected_results&apos;,   score = 5.0
0  perf = 2.1),
             (&apos;case2--x&apos;,   2000-01-05 2000-01-06
0        foo        bar),
             (&apos;case2--y&apos;,   foo_param = &quot;bar&quot;
0     bar_param = 2)])
</system-out></testcase><testcase classname="parsyfiles.tests.demo.test_parsyfiles_readme.DemoTests" file="parsyfiles/tests/demo/test_parsyfiles_readme.py" line="360" name="test_parse_subclass_of_known_with_custom_converter" time="0.08906245231628418"><system-out>**** Starting to parse collection of &lt;TimeSeries&gt; at location /home/travis/build/smarie/python-parsyfiles/parsyfiles/tests/demo/./ts_collection ****
Checking all files under [/home/travis/build/smarie/python-parsyfiles/parsyfiles/tests/demo/./ts_collection]
(C) /home/travis/build/smarie/python-parsyfiles/parsyfiles/tests/demo/./ts_collection (multifile)
(C)                                                                                |--a (singlefile, .csv)
(C)                                                                                |--b (singlefile, .txt)
(C)                                                                                |--c (singlefile, .xlsx)
File checks done

Building a parsing plan to parse [/home/travis/build/smarie/python-parsyfiles/parsyfiles/tests/demo/./ts_collection] into a Dict[str, TimeSeries]
(B) /home/travis/build/smarie/python-parsyfiles/parsyfiles/tests/demo/./ts_collection -&gt; Dict[str, TimeSeries] ------- using Multifile Collection parser (parsyfiles defaults)
(B)                                                                                |--a.csv -&gt; TimeSeries ------- using [Try &apos;$&lt;read_df_or_series_from_csv&gt; =&gt; &lt;df_to_ts&gt;$&apos; then &apos;$&lt;read_df_or_series_from_csv&gt; =&gt; &lt;single_row_or_col_df_to_dict&gt; -&gt; &lt;dict_to_object&gt;$]&apos;]
(B)                                                                                |--a.csv -&gt; TimeSeries ------- using $&lt;read_df_or_series_from_csv&gt; =&gt; &lt;df_to_ts&gt;$
(B)                                                                                |--b.txt -&gt; TimeSeries ------- using [Try &apos;$&lt;read_df_or_series_from_csv&gt; =&gt; &lt;df_to_ts&gt;$&apos; then &apos;$&lt;read_dict_from_properties&gt; =&gt; &lt;dict_to_df&gt; -&gt; &lt;df_to_ts&gt;$&apos; then &apos;$&lt;read_dict_from_properties&gt; =&gt; &lt;dict_to_object&gt;$&apos; then &apos;$&lt;read_str_from_txt&gt; =&gt; &lt;constructor_with_str_arg&gt;$&apos; then &apos;$&lt;read_str_from_txt&gt; =&gt; &lt;base64_ascii_str_pickle_to_object&gt;$&apos; then &apos;$&lt;read_df_or_series_from_csv&gt; =&gt; &lt;single_row_or_col_df_to_dict&gt; -&gt; &lt;dict_to_object&gt;$]&apos;]
(B)                                                                                |--b.txt -&gt; TimeSeries ------- using $&lt;read_df_or_series_from_csv&gt; =&gt; &lt;df_to_ts&gt;$
(B)                                                                                |--c.xlsx -&gt; TimeSeries ------- using [Try &apos;$&lt;read_dataframe_from_xls&gt; =&gt; &lt;df_to_ts&gt;$&apos; then &apos;$&lt;read_dataframe_from_xls&gt; =&gt; &lt;single_row_or_col_df_to_dict&gt; -&gt; &lt;dict_to_object&gt;$]&apos;]
(B)                                                                                |--c.xlsx -&gt; TimeSeries ------- using $&lt;read_dataframe_from_xls&gt; =&gt; &lt;df_to_ts&gt;$
Parsing Plan created successfully

Executing Parsing Plan for [/home/travis/build/smarie/python-parsyfiles/parsyfiles/tests/demo/./ts_collection]
(P) /home/travis/build/smarie/python-parsyfiles/parsyfiles/tests/demo/./ts_collection -&gt; Dict[str, TimeSeries] ------- using Multifile Collection parser (parsyfiles defaults)
(P)                                                                                |--a.csv -&gt; TimeSeries ------- using $&lt;read_df_or_series_from_csv&gt; =&gt; &lt;df_to_ts&gt;$
(P)                                                                                |--a.csv -&gt; TimeSeries SUCCESS !
(P)                                                                                |--b.txt -&gt; TimeSeries ------- using $&lt;read_df_or_series_from_csv&gt; =&gt; &lt;df_to_ts&gt;$
(P)                                                                                |--b.txt -&gt; TimeSeries SUCCESS !
(P)                                                                                |--c.xlsx -&gt; TimeSeries ------- using $&lt;read_dataframe_from_xls&gt; =&gt; &lt;df_to_ts&gt;$
(P)                                                                                |--c.xlsx -&gt; TimeSeries SUCCESS !
(P)                                                                  |--ts_collection -&gt; Dict[str, TimeSeries] SUCCESS !
Completed parsing successfully

</system-out></testcase><testcase classname="parsyfiles.tests.demo.test_parsyfiles_readme.DemoTests" file="parsyfiles/tests/demo/test_parsyfiles_readme.py" line="428" name="test_parse_with_custom_parser" time="0.0396885871887207"><system-out>**** Starting to parse collection of &lt;ElementTree&gt; at location /home/travis/build/smarie/python-parsyfiles/parsyfiles/tests/demo/./xml_collection ****
Checking all files under [/home/travis/build/smarie/python-parsyfiles/parsyfiles/tests/demo/./xml_collection]
(C) /home/travis/build/smarie/python-parsyfiles/parsyfiles/tests/demo/./xml_collection (multifile)
(C)                                                                                 |--a (singlefile, .xml)
(C)                                                                                 |--b (singlefile, .xml)
File checks done

Building a parsing plan to parse [/home/travis/build/smarie/python-parsyfiles/parsyfiles/tests/demo/./xml_collection] into a Dict[str, ElementTree]
(B) /home/travis/build/smarie/python-parsyfiles/parsyfiles/tests/demo/./xml_collection -&gt; Dict[str, ElementTree] ------- using Multifile Collection parser (parsyfiles defaults)
WARNING: Object constructor signature for type ElementTree does not allow parsyfiles to automatically create instances from dict content, and so is it for all of its subclasses tried. Caught TypeInformationRequiredError: Cannot create instances of type &lt;class &apos;xml.etree.ElementTree.ElementTree&apos;&gt;: constructor attribute &apos;element&apos; has no PEP484 type hint.
(B)                                                                                 |--a.xml -&gt; ElementTree ------- using &lt;read_xml&gt;
(B)                                                                                 |--b.xml -&gt; ElementTree ------- using &lt;read_xml&gt;
Parsing Plan created successfully

Executing Parsing Plan for [/home/travis/build/smarie/python-parsyfiles/parsyfiles/tests/demo/./xml_collection]
(P) /home/travis/build/smarie/python-parsyfiles/parsyfiles/tests/demo/./xml_collection -&gt; Dict[str, ElementTree] ------- using Multifile Collection parser (parsyfiles defaults)
(P)                                                                                 |--a.xml -&gt; ElementTree ------- using &lt;read_xml&gt;
(P)                                                                                 |--a.xml -&gt; ElementTree SUCCESS !
(P)                                                                                 |--b.xml -&gt; ElementTree ------- using &lt;read_xml&gt;
(P)                                                                                 |--b.xml -&gt; ElementTree SUCCESS !
(P)                                                                  |--xml_collection -&gt; Dict[str, ElementTree] SUCCESS !
Completed parsing successfully

{&apos;a&apos;: b&apos;&lt;a&gt;\n\t&lt;hello /&gt;\n&lt;/a&gt;&apos;, &apos;b&apos;: b&apos;&lt;a&gt;\n\t&lt;hello /&gt;\n&lt;/a&gt;&apos;}
</system-out></testcase><testcase classname="parsyfiles.tests.demo.test_parsyfiles_readme.DemoTests" file="parsyfiles/tests/demo/test_parsyfiles_readme.py" line="328" name="test_pass_parser_options" time="0.15625452995300293"><system-out>Parser id for csv is : read_df_or_series_from_csv, implementing function is &lt;function read_df_or_series_from_csv at 0x7fab07d46048&gt;
option hints : read_df_or_series_from_csv: all options from read_csv are supported, see http://pandas.pydata.org/pandas-docs/stable/generated/pandas.read_csv.html
Parser id for csv is : read_dataframe_from_xls, implementing function is &lt;function read_dataframe_from_xls at 0x7fab090cebf8&gt;
option hints : read_dataframe_from_xls: all options from read_excel are supported, see http://pandas.pydata.org/pandas-docs/stable/generated/pandas.read_excel.html
**** Starting to parse collection of &lt;DataFrame&gt; at location /home/travis/build/smarie/python-parsyfiles/parsyfiles/tests/demo/./ts_collection ****
Checking all files under [/home/travis/build/smarie/python-parsyfiles/parsyfiles/tests/demo/./ts_collection]
(C) /home/travis/build/smarie/python-parsyfiles/parsyfiles/tests/demo/./ts_collection (multifile)
(C)                                                                                |--a (singlefile, .csv)
(C)                                                                                |--b (singlefile, .txt)
(C)                                                                                |--c (singlefile, .xlsx)
File checks done

Building a parsing plan to parse [/home/travis/build/smarie/python-parsyfiles/parsyfiles/tests/demo/./ts_collection] into a Dict[str, DataFrame]
(B) /home/travis/build/smarie/python-parsyfiles/parsyfiles/tests/demo/./ts_collection -&gt; Dict[str, DataFrame] ------- using Multifile Collection parser (parsyfiles defaults)
(B)                                                                                |--a.csv -&gt; DataFrame ------- using &lt;read_df_or_series_from_csv&gt;
(B)                                                                                |--b.txt -&gt; DataFrame ------- using [Try &apos;&lt;read_df_or_series_from_csv&gt;&apos; then &apos;$&lt;read_dict_from_properties&gt; =&gt; &lt;dict_to_df&gt;$&apos; then &apos;$&lt;read_str_from_txt&gt; =&gt; &lt;constructor_with_str_arg&gt;$&apos; then &apos;$&lt;read_dict_from_properties&gt; =&gt; &lt;dict_to_object&gt;$&apos; then &apos;$&lt;read_str_from_txt&gt; =&gt; &lt;base64_ascii_str_pickle_to_object&gt;$]&apos;]
(B)                                                                                |--b.txt -&gt; DataFrame ------- using &lt;read_df_or_series_from_csv&gt;
(B)                                                                                |--c.xlsx -&gt; DataFrame ------- using &lt;read_dataframe_from_xls&gt;
Parsing Plan created successfully

Executing Parsing Plan for [/home/travis/build/smarie/python-parsyfiles/parsyfiles/tests/demo/./ts_collection]
(P) /home/travis/build/smarie/python-parsyfiles/parsyfiles/tests/demo/./ts_collection -&gt; Dict[str, DataFrame] ------- using Multifile Collection parser (parsyfiles defaults)
(P)                                                                                |--a.csv -&gt; DataFrame ------- using &lt;read_df_or_series_from_csv&gt;
(P)                                                                                |--a.csv -&gt; DataFrame SUCCESS !
(P)                                                                                |--b.txt -&gt; DataFrame ------- using &lt;read_df_or_series_from_csv&gt;
(P)                                                                                |--b.txt -&gt; DataFrame SUCCESS !
(P)                                                                                |--c.xlsx -&gt; DataFrame ------- using &lt;read_dataframe_from_xls&gt;
(P)                                                                                |--c.xlsx -&gt; DataFrame SUCCESS !
(P)                                                                  |--ts_collection -&gt; Dict[str, DataFrame] SUCCESS !
Completed parsing successfully

OrderedDict([(&apos;a&apos;,                      a  b  c  d
time                           
2015-08-28 23:30:00  1  2  3  4
2015-08-29 00:00:00  1  2  3  5), (&apos;b&apos;,                      a  b  c  d
time                           
2015-08-28 23:30:00  1  2  3  4
2015-08-29 00:00:00  1  2  3  5), (&apos;c&apos;,             a  b
date            
2015-01-01  1  2
2015-01-02  4  3)])
</system-out></testcase><testcase classname="parsyfiles.tests.demo.test_parsyfiles_readme.DemoTests" file="parsyfiles/tests/demo/test_parsyfiles_readme.py" line="44" name="test_simple_collection" time="0.2595710754394531"><system-out>**** Starting to parse collection of &lt;DataFrame&gt; at location /home/travis/build/smarie/python-parsyfiles/parsyfiles/tests/demo/./simple_collection ****
Checking all files under [/home/travis/build/smarie/python-parsyfiles/parsyfiles/tests/demo/./simple_collection]
(C) /home/travis/build/smarie/python-parsyfiles/parsyfiles/tests/demo/./simple_collection (multifile)
(C)                                                                                    |--a (singlefile, .csv)
(C)                                                                                    |--b (singlefile, .txt)
(C)                                                                                    |--c (singlefile, .xls)
(C)                                                                                    |--d (singlefile, .xlsx)
(C)                                                                                    |--e (singlefile, .xlsm)
File checks done

Building a parsing plan to parse [/home/travis/build/smarie/python-parsyfiles/parsyfiles/tests/demo/./simple_collection] into a Dict[str, DataFrame]
(B) /home/travis/build/smarie/python-parsyfiles/parsyfiles/tests/demo/./simple_collection -&gt; Dict[str, DataFrame] ------- using Multifile Collection parser (parsyfiles defaults)
(B)                                                                                    |--a.csv -&gt; DataFrame ------- using &lt;read_df_or_series_from_csv&gt;
(B)                                                                                    |--b.txt -&gt; DataFrame ------- using [Try &apos;&lt;read_df_or_series_from_csv&gt;&apos; then &apos;$&lt;read_dict_from_properties&gt; =&gt; &lt;dict_to_df&gt;$&apos; then &apos;$&lt;read_str_from_txt&gt; =&gt; &lt;constructor_with_str_arg&gt;$&apos; then &apos;$&lt;read_dict_from_properties&gt; =&gt; &lt;dict_to_object&gt;$&apos; then &apos;$&lt;read_str_from_txt&gt; =&gt; &lt;base64_ascii_str_pickle_to_object&gt;$]&apos;]
(B)                                                                                    |--b.txt -&gt; DataFrame ------- using &lt;read_df_or_series_from_csv&gt;
(B)                                                                                    |--c.xls -&gt; DataFrame ------- using &lt;read_dataframe_from_xls&gt;
(B)                                                                                    |--d.xlsx -&gt; DataFrame ------- using &lt;read_dataframe_from_xls&gt;
(B)                                                                                    |--e.xlsm -&gt; DataFrame ------- using &lt;read_dataframe_from_xls&gt;
Parsing Plan created successfully

Executing Parsing Plan for [/home/travis/build/smarie/python-parsyfiles/parsyfiles/tests/demo/./simple_collection]
(P) /home/travis/build/smarie/python-parsyfiles/parsyfiles/tests/demo/./simple_collection -&gt; Dict[str, DataFrame] ------- using Multifile Collection parser (parsyfiles defaults)
(P)                                                                                    |--a.csv -&gt; DataFrame ------- using &lt;read_df_or_series_from_csv&gt;
(P)                                                                                    |--a.csv -&gt; DataFrame SUCCESS !
(P)                                                                                    |--b.txt -&gt; DataFrame ------- using &lt;read_df_or_series_from_csv&gt;
(P)                                                                                    |--b.txt -&gt; DataFrame SUCCESS !
(P)                                                                                    |--c.xls -&gt; DataFrame ------- using &lt;read_dataframe_from_xls&gt;
(P)                                                                                    |--c.xls -&gt; DataFrame SUCCESS !
(P)                                                                                    |--d.xlsx -&gt; DataFrame ------- using &lt;read_dataframe_from_xls&gt;
(P)                                                                                    |--d.xlsx -&gt; DataFrame SUCCESS !
(P)                                                                                    |--e.xlsm -&gt; DataFrame ------- using &lt;read_dataframe_from_xls&gt;
(P)                                                                                    |--e.xlsm -&gt; DataFrame SUCCESS !
(P)                                                                  |--simple_collection -&gt; Dict[str, DataFrame] SUCCESS !
Completed parsing successfully

OrderedDict([(&apos;a&apos;,    a  b  c  d
0  1  2  3  4),
             (&apos;b&apos;,    a  b  c  d
0  1  2  3  4),
             (&apos;c&apos;,    c   5
0  d   8
1  e  12
2  f   3),
             (&apos;d&apos;,    c   5
0  d   8
1  e  12
2  f   3),
             (&apos;e&apos;,    c   5
0  d   8
1  e  12
2  f   3)])
**** Starting to parse single object of type &lt;DataFrame&gt; at location /home/travis/build/smarie/python-parsyfiles/parsyfiles/tests/demo/./simple_collection/c ****
Checking all files under [/home/travis/build/smarie/python-parsyfiles/parsyfiles/tests/demo/./simple_collection/c]
(C) /home/travis/build/smarie/python-parsyfiles/parsyfiles/tests/demo/./simple_collection/c (singlefile, .xls)
File checks done

Building a parsing plan to parse [/home/travis/build/smarie/python-parsyfiles/parsyfiles/tests/demo/./simple_collection/c] into a DataFrame
(B) /home/travis/build/smarie/python-parsyfiles/parsyfiles/tests/demo/./simple_collection/c.xls -&gt; DataFrame ------- using &lt;read_dataframe_from_xls&gt;
Parsing Plan created successfully

Executing Parsing Plan for [/home/travis/build/smarie/python-parsyfiles/parsyfiles/tests/demo/./simple_collection/c]
(P) /home/travis/build/smarie/python-parsyfiles/parsyfiles/tests/demo/./simple_collection/c.xls -&gt; DataFrame ------- using &lt;read_dataframe_from_xls&gt;
(P)                                                                                    |--c.xls -&gt; DataFrame SUCCESS !
Completed parsing successfully

   c   5
0  d   8
1  e  12
2  f   3
{&apos;.cfg&apos;: {&apos;1_exact_match&apos;: [$&lt;read_config&gt; =&gt; &lt;merge_all_config_sections_into_a_single_dict&gt; -&gt; &lt;dict_to_df&gt;$,
                            $&lt;read_config&gt; =&gt; &lt;config_to_dict_of_dict&gt; -&gt; &lt;dict_to_df&gt;$],
          &apos;3_generic&apos;: [$&lt;read_config&gt; =&gt; &lt;merge_all_config_sections_into_a_single_dict&gt; -&gt; &lt;dict_to_object&gt;$,
                        $&lt;read_config&gt; =&gt; &lt;config_to_dict_of_dict&gt; -&gt; &lt;dict_of_dict_to_object&gt;$,
                        $&lt;read_config&gt; =&gt; &lt;config_to_dict_of_dict&gt; -&gt; &lt;dict_to_object&gt;$]},
 &apos;.csv&apos;: {&apos;1_exact_match&apos;: [&lt;read_df_or_series_from_csv&gt;]},
 &apos;.ini&apos;: {&apos;1_exact_match&apos;: [$&lt;read_config&gt; =&gt; &lt;merge_all_config_sections_into_a_single_dict&gt; -&gt; &lt;dict_to_df&gt;$,
                            $&lt;read_config&gt; =&gt; &lt;config_to_dict_of_dict&gt; -&gt; &lt;dict_to_df&gt;$],
          &apos;3_generic&apos;: [$&lt;read_config&gt; =&gt; &lt;merge_all_config_sections_into_a_single_dict&gt; -&gt; &lt;dict_to_object&gt;$,
                        $&lt;read_config&gt; =&gt; &lt;config_to_dict_of_dict&gt; -&gt; &lt;dict_of_dict_to_object&gt;$,
                        $&lt;read_config&gt; =&gt; &lt;config_to_dict_of_dict&gt; -&gt; &lt;dict_to_object&gt;$]},
 &apos;.json&apos;: {&apos;1_exact_match&apos;: [$&lt;read_dict_or_list_from_json&gt; =&gt; &lt;dict_to_df&gt;$],
           &apos;3_generic&apos;: [$&lt;read_dict_or_list_from_json&gt; =&gt; &lt;dict_to_object&gt;$]},
 &apos;.properties&apos;: {&apos;1_exact_match&apos;: [$&lt;read_dict_from_properties&gt; =&gt; &lt;dict_to_df&gt;$],
                 &apos;3_generic&apos;: [$&lt;read_dict_from_properties&gt; =&gt; &lt;dict_to_object&gt;$]},
 &apos;.pyc&apos;: {&apos;1_exact_match&apos;: [$&lt;read_object_from_pickle&gt; =&gt; &lt;dict_to_df&gt;$,
                            $&lt;read_object_from_pickle&gt; =&gt; &lt;merge_all_config_sections_into_a_single_dict&gt; -&gt; &lt;dict_to_df&gt;$,
                            $&lt;read_object_from_pickle&gt; =&gt; &lt;config_to_dict_of_dict&gt; -&gt; &lt;dict_to_df&gt;$],
          &apos;3_generic&apos;: [&lt;read_object_from_pickle&gt;]},
 &apos;.txt&apos;: {&apos;1_exact_match&apos;: [&lt;read_df_or_series_from_csv&gt;,
                            $&lt;read_dict_from_properties&gt; =&gt; &lt;dict_to_df&gt;$],
          &apos;3_generic&apos;: [$&lt;read_str_from_txt&gt; =&gt; &lt;constructor_with_str_arg&gt;$,
                        $&lt;read_dict_from_properties&gt; =&gt; &lt;dict_to_object&gt;$,
                        $&lt;read_str_from_txt&gt; =&gt; &lt;base64_ascii_str_pickle_to_object&gt;$]},
 &apos;.xls&apos;: {&apos;1_exact_match&apos;: [&lt;read_dataframe_from_xls&gt;]},
 &apos;.xlsm&apos;: {&apos;1_exact_match&apos;: [&lt;read_dataframe_from_xls&gt;]},
 &apos;.xlsx&apos;: {&apos;1_exact_match&apos;: [&lt;read_dataframe_from_xls&gt;]},
 &apos;.yaml&apos;: {&apos;1_exact_match&apos;: [$&lt;read_object_from_yaml&gt; =&gt; &lt;dict_to_df&gt;$,
                             $&lt;read_collection_from_yaml&gt; =&gt; &lt;dict_to_df&gt;$,
                             $&lt;read_object_from_yaml&gt; =&gt; &lt;merge_all_config_sections_into_a_single_dict&gt; -&gt; &lt;dict_to_df&gt;$,
                             $&lt;read_object_from_yaml&gt; =&gt; &lt;config_to_dict_of_dict&gt; -&gt; &lt;dict_to_df&gt;$],
           &apos;3_generic&apos;: [&lt;read_object_from_yaml&gt;,
                         $&lt;read_collection_from_yaml&gt; =&gt; &lt;dict_to_object&gt;$]},
 &apos;.yml&apos;: {&apos;1_exact_match&apos;: [$&lt;read_object_from_yaml&gt; =&gt; &lt;dict_to_df&gt;$,
                            $&lt;read_collection_from_yaml&gt; =&gt; &lt;dict_to_df&gt;$,
                            $&lt;read_object_from_yaml&gt; =&gt; &lt;merge_all_config_sections_into_a_single_dict&gt; -&gt; &lt;dict_to_df&gt;$,
                            $&lt;read_object_from_yaml&gt; =&gt; &lt;config_to_dict_of_dict&gt; -&gt; &lt;dict_to_df&gt;$],
          &apos;3_generic&apos;: [&lt;read_object_from_yaml&gt;,
                        $&lt;read_collection_from_yaml&gt; =&gt; &lt;dict_to_object&gt;$]},
 &apos;&lt;multifile&gt;&apos;: {&apos;1_exact_match&apos;: [$Multifile Object parser (parsyfiles defaults) =&gt; &lt;dict_to_df&gt;$,
                                   $Multifile Object parser (parsyfiles defaults) =&gt; &lt;merge_all_config_sections_into_a_single_dict&gt; -&gt; &lt;dict_to_df&gt;$,
                                   $Multifile Object parser (parsyfiles defaults) =&gt; &lt;config_to_dict_of_dict&gt; -&gt; &lt;dict_to_df&gt;$],
                 &apos;3_generic&apos;: [Multifile Object parser (parsyfiles defaults)]}}
</system-out></testcase><testcase classname="parsyfiles.tests.demo.test_parsyfiles_readme.DemoTests" file="parsyfiles/tests/demo/test_parsyfiles_readme.py" line="318" name="test_simple_collection_dataframe_all" time="0.18643784523010254"><system-out>**** Starting to parse collection of &lt;DataFrame&gt; at location /home/travis/build/smarie/python-parsyfiles/parsyfiles/tests/demo/./simple_collection_dataframe_inference ****
Checking all files under [/home/travis/build/smarie/python-parsyfiles/parsyfiles/tests/demo/./simple_collection_dataframe_inference]
(C) /home/travis/build/smarie/python-parsyfiles/parsyfiles/tests/demo/./simple_collection_dataframe_inference (multifile)
(C)                                                                                                        |--a (singlefile, .csv)
(C)                                                                                                        |--b (singlefile, .txt)
(C)                                                                                                        |--c (singlefile, .xls)
(C)                                                                                                        |--d (singlefile, .xlsx)
(C)                                                                                                        |--s_b64_pickle (singlefile, .txt)
(C)                                                                                                        |--u (singlefile, .json)
(C)                                                                                                        |--v_properties (singlefile, .txt)
(C)                                                                                                        |--w (singlefile, .properties)
(C)                                                                                                        |--x (singlefile, .yaml)
(C)                                                                                                        |--y (singlefile, .cfg)
(C)                                                                                                        |--z (singlefile, .ini)
File checks done

Building a parsing plan to parse [/home/travis/build/smarie/python-parsyfiles/parsyfiles/tests/demo/./simple_collection_dataframe_inference] into a Dict[str, DataFrame]
(B) /home/travis/build/smarie/python-parsyfiles/parsyfiles/tests/demo/./simple_collection_dataframe_inference -&gt; Dict[str, DataFrame] ------- using Multifile Collection parser (parsyfiles defaults)
(B)                                                                                                        |--a.csv -&gt; DataFrame ------- using &lt;read_df_or_series_from_csv&gt;
(B)                                                                                                        |--b.txt -&gt; DataFrame ------- using [Try &apos;&lt;read_df_or_series_from_csv&gt;&apos; then &apos;$&lt;read_dict_from_properties&gt; =&gt; &lt;dict_to_df&gt;$&apos; then &apos;$&lt;read_str_from_txt&gt; =&gt; &lt;constructor_with_str_arg&gt;$&apos; then &apos;$&lt;read_dict_from_properties&gt; =&gt; &lt;dict_to_object&gt;$&apos; then &apos;$&lt;read_str_from_txt&gt; =&gt; &lt;base64_ascii_str_pickle_to_object&gt;$]&apos;]
(B)                                                                                                        |--b.txt -&gt; DataFrame ------- using &lt;read_df_or_series_from_csv&gt;
(B)                                                                                                        |--c.xls -&gt; DataFrame ------- using &lt;read_dataframe_from_xls&gt;
(B)                                                                                                        |--d.xlsx -&gt; DataFrame ------- using &lt;read_dataframe_from_xls&gt;
(B)                                                                                                        |--s_b64_pickle.txt -&gt; DataFrame ------- using [Try &apos;&lt;read_df_or_series_from_csv&gt;&apos; then &apos;$&lt;read_dict_from_properties&gt; =&gt; &lt;dict_to_df&gt;$&apos; then &apos;$&lt;read_str_from_txt&gt; =&gt; &lt;constructor_with_str_arg&gt;$&apos; then &apos;$&lt;read_dict_from_properties&gt; =&gt; &lt;dict_to_object&gt;$&apos; then &apos;$&lt;read_str_from_txt&gt; =&gt; &lt;base64_ascii_str_pickle_to_object&gt;$]&apos;]
(B)                                                                                                        |--s_b64_pickle.txt -&gt; DataFrame ------- using &lt;read_df_or_series_from_csv&gt;
(B)                                                                                                        |--u.json -&gt; DataFrame ------- using [Try &apos;$&lt;read_dict_or_list_from_json&gt; =&gt; &lt;dict_to_df&gt;$&apos; then &apos;$&lt;read_dict_or_list_from_json&gt; =&gt; &lt;dict_to_object&gt;$]&apos;]
(B)                                                                                                        |--u.json -&gt; DataFrame ------- using $&lt;read_dict_or_list_from_json&gt; =&gt; &lt;dict_to_df&gt;$
(B)                                                                                                        |--v_properties.txt -&gt; DataFrame ------- using [Try &apos;&lt;read_df_or_series_from_csv&gt;&apos; then &apos;$&lt;read_dict_from_properties&gt; =&gt; &lt;dict_to_df&gt;$&apos; then &apos;$&lt;read_str_from_txt&gt; =&gt; &lt;constructor_with_str_arg&gt;$&apos; then &apos;$&lt;read_dict_from_properties&gt; =&gt; &lt;dict_to_object&gt;$&apos; then &apos;$&lt;read_str_from_txt&gt; =&gt; &lt;base64_ascii_str_pickle_to_object&gt;$]&apos;]
(B)                                                                                                        |--v_properties.txt -&gt; DataFrame ------- using &lt;read_df_or_series_from_csv&gt;
(B)                                                                                                        |--w.properties -&gt; DataFrame ------- using [Try &apos;$&lt;read_dict_from_properties&gt; =&gt; &lt;dict_to_df&gt;$&apos; then &apos;$&lt;read_dict_from_properties&gt; =&gt; &lt;dict_to_object&gt;$]&apos;]
(B)                                                                                                        |--w.properties -&gt; DataFrame ------- using $&lt;read_dict_from_properties&gt; =&gt; &lt;dict_to_df&gt;$
(B)                                                                                                        |--x.yaml -&gt; DataFrame ------- using [Try &apos;$&lt;read_object_from_yaml&gt; =&gt; &lt;dict_to_df&gt;$&apos; then &apos;$&lt;read_collection_from_yaml&gt; =&gt; &lt;dict_to_df&gt;$&apos; then &apos;$&lt;read_object_from_yaml&gt; =&gt; &lt;merge_all_config_sections_into_a_single_dict&gt; -&gt; &lt;dict_to_df&gt;$&apos; then &apos;$&lt;read_object_from_yaml&gt; =&gt; &lt;config_to_dict_of_dict&gt; -&gt; &lt;dict_to_df&gt;$&apos; then &apos;&lt;read_object_from_yaml&gt;&apos; then &apos;$&lt;read_collection_from_yaml&gt; =&gt; &lt;dict_to_object&gt;$]&apos;]
(B)                                                                                                        |--x.yaml -&gt; DataFrame ------- using $&lt;read_object_from_yaml&gt; =&gt; &lt;dict_to_df&gt;$
(B)                                                                                                        |--y.cfg -&gt; DataFrame ------- using [Try &apos;$&lt;read_config&gt; =&gt; &lt;merge_all_config_sections_into_a_single_dict&gt; -&gt; &lt;dict_to_df&gt;$&apos; then &apos;$&lt;read_config&gt; =&gt; &lt;config_to_dict_of_dict&gt; -&gt; &lt;dict_to_df&gt;$&apos; then &apos;$&lt;read_config&gt; =&gt; &lt;merge_all_config_sections_into_a_single_dict&gt; -&gt; &lt;dict_to_object&gt;$&apos; then &apos;$&lt;read_config&gt; =&gt; &lt;config_to_dict_of_dict&gt; -&gt; &lt;dict_of_dict_to_object&gt;$&apos; then &apos;$&lt;read_config&gt; =&gt; &lt;config_to_dict_of_dict&gt; -&gt; &lt;dict_to_object&gt;$]&apos;]
(B)                                                                                                        |--y.cfg -&gt; DataFrame ------- using $&lt;read_config&gt; =&gt; &lt;merge_all_config_sections_into_a_single_dict&gt; -&gt; &lt;dict_to_df&gt;$
(B)                                                                                                        |--z.ini -&gt; DataFrame ------- using [Try &apos;$&lt;read_config&gt; =&gt; &lt;merge_all_config_sections_into_a_single_dict&gt; -&gt; &lt;dict_to_df&gt;$&apos; then &apos;$&lt;read_config&gt; =&gt; &lt;config_to_dict_of_dict&gt; -&gt; &lt;dict_to_df&gt;$&apos; then &apos;$&lt;read_config&gt; =&gt; &lt;merge_all_config_sections_into_a_single_dict&gt; -&gt; &lt;dict_to_object&gt;$&apos; then &apos;$&lt;read_config&gt; =&gt; &lt;config_to_dict_of_dict&gt; -&gt; &lt;dict_of_dict_to_object&gt;$&apos; then &apos;$&lt;read_config&gt; =&gt; &lt;config_to_dict_of_dict&gt; -&gt; &lt;dict_to_object&gt;$]&apos;]
(B)                                                                                                        |--z.ini -&gt; DataFrame ------- using $&lt;read_config&gt; =&gt; &lt;merge_all_config_sections_into_a_single_dict&gt; -&gt; &lt;dict_to_df&gt;$
Parsing Plan created successfully

Executing Parsing Plan for [/home/travis/build/smarie/python-parsyfiles/parsyfiles/tests/demo/./simple_collection_dataframe_inference]
(P) /home/travis/build/smarie/python-parsyfiles/parsyfiles/tests/demo/./simple_collection_dataframe_inference -&gt; Dict[str, DataFrame] ------- using Multifile Collection parser (parsyfiles defaults)
(P)                                                                                                        |--a.csv -&gt; DataFrame ------- using &lt;read_df_or_series_from_csv&gt;
(P)                                                                                                        |--a.csv -&gt; DataFrame SUCCESS !
(P)                                                                                                        |--b.txt -&gt; DataFrame ------- using &lt;read_df_or_series_from_csv&gt;
(P)                                                                                                        |--b.txt -&gt; DataFrame SUCCESS !
(P)                                                                                                        |--c.xls -&gt; DataFrame ------- using &lt;read_dataframe_from_xls&gt;
(P)                                                                                                        |--c.xls -&gt; DataFrame SUCCESS !
(P)                                                                                                        |--d.xlsx -&gt; DataFrame ------- using &lt;read_dataframe_from_xls&gt;
(P)                                                                                                        |--d.xlsx -&gt; DataFrame SUCCESS !
(P)                                                                                                        |--s_b64_pickle.txt -&gt; DataFrame ------- using &lt;read_df_or_series_from_csv&gt;
(P)                                                                                                        |--s_b64_pickle.txt -&gt; DataFrame SUCCESS !
(P)                                                                                                        |--u.json -&gt; DataFrame ------- using $&lt;read_dict_or_list_from_json&gt; =&gt; &lt;dict_to_df&gt;$
(P)                                                                                                        |--u.json -&gt; DataFrame SUCCESS !
(P)                                                                                                        |--v_properties.txt -&gt; DataFrame ------- using &lt;read_df_or_series_from_csv&gt;
(P)                                                                                                        |--v_properties.txt -&gt; DataFrame SUCCESS !
(P)                                                                                                        |--w.properties -&gt; DataFrame ------- using $&lt;read_dict_from_properties&gt; =&gt; &lt;dict_to_df&gt;$
(P)                                                                                                        |--w.properties -&gt; DataFrame SUCCESS !
(P)                                                                                                        |--x.yaml -&gt; DataFrame ------- using $&lt;read_object_from_yaml&gt; =&gt; &lt;dict_to_df&gt;$
(P)                                                                                                        |--x.yaml -&gt; DataFrame SUCCESS !
(P)                                                                                                        |--y.cfg -&gt; DataFrame ------- using $&lt;read_config&gt; =&gt; &lt;merge_all_config_sections_into_a_single_dict&gt; -&gt; &lt;dict_to_df&gt;$
(P)                                                                                                        |--y.cfg -&gt; DataFrame SUCCESS !
(P)                                                                                                        |--z.ini -&gt; DataFrame ------- using $&lt;read_config&gt; =&gt; &lt;merge_all_config_sections_into_a_single_dict&gt; -&gt; &lt;dict_to_df&gt;$
(P)                                                                                                        |--z.ini -&gt; DataFrame SUCCESS !
(P)                                                                  |--simple_collection_dataframe_inference -&gt; Dict[str, DataFrame] SUCCESS !
Completed parsing successfully

OrderedDict([(&apos;a&apos;,    a  b  c  d
0  1  2  3  4),
             (&apos;b&apos;,    a  b  c  d
0  1  2  3  4),
             (&apos;c&apos;, Empty DataFrame
Columns: []
Index: []),
             (&apos;d&apos;, Empty DataFrame
Columns: []
Index: []),
             (&apos;s_b64_pickle&apos;,
              Empty DataFrame
Columns: [gANjcGFuZGFzLmNvcmUuZnJhbWUKRGF0YUZyYW1lCnEAKYFxAX1xAihYCQAAAF9tZXRhZGF0YXEDXXEEWAQAAABfdHlwcQVYCQAAAGRhdGFmcmFtZXEGWAUAAABfZGF0YXEHY3BhbmRhcy5jb3JlLmludGVybmFscwpCbG9ja01hbmFnZXIKcQgpgXEJKF1xCihjcGFuZGFzLmluZGV4ZXMuYmFzZQpfbmV3X0luZGV4CnELY3BhbmRhcy5pbmRleGVzLmJhc2UKSW5kZXgKcQx9cQ0oWAQAAABkYXRhcQ5jbnVtcHkuY29yZS5tdWx0aWFycmF5Cl9yZWNvbnN0cnVjdApxD2NudW1weQpuZGFycmF5CnEQSwCFcRFDAWJxEodxE1JxFChLAUsChXEVY251bXB5CmR0eXBlCnEWWAIAAABPOHEXSwBLAYdxGFJxGShLA1gBAAAAfHEaTk5OSv////9K/////0s/dHEbYoldcRwoWAEAAABjcR1LBWV0cR5iWAQAAABuYW1lcR9OdYZxIFJxIWgLY3BhbmRhcy5pbmRleGVzLnJhbmdlClJhbmdlSW5kZXgKcSJ9cSMoWAUAAABzdGFydHEkSwBYBAAAAHN0ZXBxJUsBWAQAAABzdG9wcSZLA2gfTnWGcSdScShlXXEpKGgPaBBLAIVxKmgSh3ErUnEsKEsBSwFLA4ZxLWgWWAIAAABpOHEuSwBLAYdxL1JxMChLA1gBAAAAPHExTk5OSv////9K/////0sAdHEyYolDGAgAAAAAAAAADAAAAAAAAAADAAAAAAAAAHEzdHE0YmgPaBBLAIVxNWgSh3E2UnE3KEsBSwFLA4ZxOGgZiV1xOShYAQAAAGRxOlgBAAAAZXE7WAEAAABmcTxldHE9YmVdcT4oaAtoDH1xPyhoDmgPaBBLAIVxQGgSh3FBUnFCKEsBSwGFcUNoGYldcURLBWF0cUViaB9OdYZxRlJxR2gLaAx9cUgoaA5oD2gQSwCFcUloEodxSlJxSyhLAUsBhXFMaBmJXXFNaB1hdHFOYmgfTnWGcU9ScVBlfXFRWAYAAAAwLjE0LjFxUn1xUyhYBAAAAGF4ZXNxVGgKWAYAAABibG9ja3NxVV1xVih9cVcoWAYAAAB2YWx1ZXNxWGgsWAgAAABtZ3JfbG9jc3FZY2J1aWx0aW5zCnNsaWNlCnFaSwFLAksBh3FbUnFcdX1xXShoWGg3aFloWksASwFLAYdxXlJxX3VldXN0cWBidWIu]
Index: []),
             (&apos;u&apos;,    a  b  c  d
0  1  2  +  3),
             (&apos;v_properties&apos;,    a = 1
0  b = 1
1  c = +
2  d = 2),
             (&apos;w&apos;,    a  b  c  d
0  0  1  +  1),
             (&apos;x&apos;,    r  t  u  x
0  7  +  5  2),
             (&apos;y&apos;,    d  r  s  t
0  0  1  1  -),
             (&apos;z&apos;,     d  r  s  t
0  -1  0  1  -)])
</system-out></testcase><testcase classname="parsyfiles.tests.demo.test_parsyfiles_readme.DemoTests" file="parsyfiles/tests/demo/test_parsyfiles_readme.py" line="92" name="test_simple_collection_lazy" time="0.14197754859924316"><system-out>**** Starting to parse collection of &lt;DataFrame&gt; at location /home/travis/build/smarie/python-parsyfiles/parsyfiles/tests/demo/./simple_collection ****
Checking all files under [/home/travis/build/smarie/python-parsyfiles/parsyfiles/tests/demo/./simple_collection]
(C) /home/travis/build/smarie/python-parsyfiles/parsyfiles/tests/demo/./simple_collection (multifile)
(C)                                                                                    |--a (singlefile, .csv)
(C)                                                                                    |--b (singlefile, .txt)
(C)                                                                                    |--c (singlefile, .xls)
(C)                                                                                    |--d (singlefile, .xlsx)
(C)                                                                                    |--e (singlefile, .xlsm)
File checks done

Building a parsing plan to parse [/home/travis/build/smarie/python-parsyfiles/parsyfiles/tests/demo/./simple_collection] into a Dict[str, DataFrame]
(B) /home/travis/build/smarie/python-parsyfiles/parsyfiles/tests/demo/./simple_collection -&gt; Dict[str, DataFrame] ------- using Multifile Collection parser (parsyfiles defaults)
(B)                                                                                    |--a.csv -&gt; DataFrame ------- using &lt;read_df_or_series_from_csv&gt;
(B)                                                                                    |--b.txt -&gt; DataFrame ------- using [Try &apos;&lt;read_df_or_series_from_csv&gt;&apos; then &apos;$&lt;read_dict_from_properties&gt; =&gt; &lt;dict_to_df&gt;$&apos; then &apos;$&lt;read_str_from_txt&gt; =&gt; &lt;constructor_with_str_arg&gt;$&apos; then &apos;$&lt;read_dict_from_properties&gt; =&gt; &lt;dict_to_object&gt;$&apos; then &apos;$&lt;read_str_from_txt&gt; =&gt; &lt;base64_ascii_str_pickle_to_object&gt;$]&apos;]
(B)                                                                                    |--b.txt -&gt; DataFrame ------- using &lt;read_df_or_series_from_csv&gt;
(B)                                                                                    |--c.xls -&gt; DataFrame ------- using &lt;read_dataframe_from_xls&gt;
(B)                                                                                    |--d.xlsx -&gt; DataFrame ------- using &lt;read_dataframe_from_xls&gt;
(B)                                                                                    |--e.xlsm -&gt; DataFrame ------- using &lt;read_dataframe_from_xls&gt;
Parsing Plan created successfully

Executing Parsing Plan for [/home/travis/build/smarie/python-parsyfiles/parsyfiles/tests/demo/./simple_collection]
(P) /home/travis/build/smarie/python-parsyfiles/parsyfiles/tests/demo/./simple_collection -&gt; Dict[str, DataFrame] ------- using Multifile Collection parser (parsyfiles defaults)
(P)                                                                  |--simple_collection : lazy parsing ON, children will be parsed only if/when used
(P)                                                                  |--simple_collection -&gt; Dict[str, DataFrame] SUCCESS !
Completed parsing successfully

dfs length : 5
dfs keys : odict_keys([&apos;a&apos;, &apos;b&apos;, &apos;c&apos;, &apos;d&apos;, &apos;e&apos;])
Is b in dfs : True
Executing Parsing Plan for [/home/travis/build/smarie/python-parsyfiles/parsyfiles/tests/demo/./simple_collection/b]
(P) /home/travis/build/smarie/python-parsyfiles/parsyfiles/tests/demo/./simple_collection/b.txt -&gt; DataFrame ------- using &lt;read_df_or_series_from_csv&gt;
(P)                                                                                    |--b.txt -&gt; DataFrame SUCCESS !
Completed parsing successfully
   a  b  c  d
0  1  2  3  4
Executing Parsing Plan for [/home/travis/build/smarie/python-parsyfiles/parsyfiles/tests/demo/./simple_collection/a]
(P) /home/travis/build/smarie/python-parsyfiles/parsyfiles/tests/demo/./simple_collection/a.csv -&gt; DataFrame ------- using &lt;read_df_or_series_from_csv&gt;
(P)                                                                                    |--a.csv -&gt; DataFrame SUCCESS !
Completed parsing successfully
   a  b  c  d
0  1  2  3  4
   a  b  c  d
0  1  2  3  4
Executing Parsing Plan for [/home/travis/build/smarie/python-parsyfiles/parsyfiles/tests/demo/./simple_collection/c]
(P) /home/travis/build/smarie/python-parsyfiles/parsyfiles/tests/demo/./simple_collection/c.xls -&gt; DataFrame ------- using &lt;read_dataframe_from_xls&gt;
(P)                                                                                    |--c.xls -&gt; DataFrame SUCCESS !
Completed parsing successfully
   c   5
0  d   8
1  e  12
2  f   3
Executing Parsing Plan for [/home/travis/build/smarie/python-parsyfiles/parsyfiles/tests/demo/./simple_collection/d]
(P) /home/travis/build/smarie/python-parsyfiles/parsyfiles/tests/demo/./simple_collection/d.xlsx -&gt; DataFrame ------- using &lt;read_dataframe_from_xls&gt;
(P)                                                                                    |--d.xlsx -&gt; DataFrame SUCCESS !
Completed parsing successfully
   c   5
0  d   8
1  e  12
2  f   3
Executing Parsing Plan for [/home/travis/build/smarie/python-parsyfiles/parsyfiles/tests/demo/./simple_collection/e]
(P) /home/travis/build/smarie/python-parsyfiles/parsyfiles/tests/demo/./simple_collection/e.xlsm -&gt; DataFrame ------- using &lt;read_dataframe_from_xls&gt;
(P)                                                                                    |--e.xlsm -&gt; DataFrame SUCCESS !
Completed parsing successfully
   c   5
0  d   8
1  e  12
2  f   3
   a  b  c  d
0  1  2  3  4
   a  b  c  d
0  1  2  3  4
   c   5
0  d   8
1  e  12
2  f   3
   c   5
0  d   8
1  e  12
2  f   3
   c   5
0  d   8
1  e  12
2  f   3
{&apos;a&apos;:    a  b  c  d
0  1  2  3  4,
 &apos;b&apos;:    a  b  c  d
0  1  2  3  4,
 &apos;c&apos;:    c   5
0  d   8
1  e  12
2  f   3,
 &apos;d&apos;:    c   5
0  d   8
1  e  12
2  f   3,
 &apos;e&apos;:    c   5
0  d   8
1  e  12
2  f   3}
</system-out></testcase><testcase classname="parsyfiles.tests.demo.test_parsyfiles_readme.DemoTests" file="parsyfiles/tests/demo/test_parsyfiles_readme.py" line="73" name="test_simple_collection_nologs" time="0.14923381805419922"><system-out>OrderedDict([(&apos;a&apos;,    a  b  c  d
0  1  2  3  4),
             (&apos;b&apos;,    a  b  c  d
0  1  2  3  4),
             (&apos;c&apos;,    c   5
0  d   8
1  e  12
2  f   3),
             (&apos;d&apos;,    c   5
0  d   8
1  e  12
2  f   3),
             (&apos;e&apos;,    c   5
0  d   8
1  e  12
2  f   3)])
   c   5
0  d   8
1  e  12
2  f   3
</system-out></testcase><testcase classname="parsyfiles.tests.demo.test_parsyfiles_readme.DemoTests" file="parsyfiles/tests/demo/test_parsyfiles_readme.py" line="58" name="test_simple_collection_set_list_tuple" time="0.1781923770904541"><system-out>**** Starting to parse single object of type &lt;List[DataFrame]&gt; at location /home/travis/build/smarie/python-parsyfiles/parsyfiles/tests/demo/./simple_collection ****
Checking all files under [/home/travis/build/smarie/python-parsyfiles/parsyfiles/tests/demo/./simple_collection]
(C) /home/travis/build/smarie/python-parsyfiles/parsyfiles/tests/demo/./simple_collection (multifile)
(C)                                                                                    |--a (singlefile, .csv)
(C)                                                                                    |--b (singlefile, .txt)
(C)                                                                                    |--c (singlefile, .xls)
(C)                                                                                    |--d (singlefile, .xlsx)
(C)                                                                                    |--e (singlefile, .xlsm)
File checks done

Building a parsing plan to parse [/home/travis/build/smarie/python-parsyfiles/parsyfiles/tests/demo/./simple_collection] into a List[DataFrame]
(B) /home/travis/build/smarie/python-parsyfiles/parsyfiles/tests/demo/./simple_collection -&gt; List[DataFrame] ------- using Multifile Collection parser (parsyfiles defaults)
(B)                                                                                    |--a.csv -&gt; DataFrame ------- using &lt;read_df_or_series_from_csv&gt;
(B)                                                                                    |--b.txt -&gt; DataFrame ------- using [Try &apos;&lt;read_df_or_series_from_csv&gt;&apos; then &apos;$&lt;read_dict_from_properties&gt; =&gt; &lt;dict_to_df&gt;$&apos; then &apos;$&lt;read_str_from_txt&gt; =&gt; &lt;constructor_with_str_arg&gt;$&apos; then &apos;$&lt;read_dict_from_properties&gt; =&gt; &lt;dict_to_object&gt;$&apos; then &apos;$&lt;read_str_from_txt&gt; =&gt; &lt;base64_ascii_str_pickle_to_object&gt;$]&apos;]
(B)                                                                                    |--b.txt -&gt; DataFrame ------- using &lt;read_df_or_series_from_csv&gt;
(B)                                                                                    |--c.xls -&gt; DataFrame ------- using &lt;read_dataframe_from_xls&gt;
(B)                                                                                    |--d.xlsx -&gt; DataFrame ------- using &lt;read_dataframe_from_xls&gt;
(B)                                                                                    |--e.xlsm -&gt; DataFrame ------- using &lt;read_dataframe_from_xls&gt;
Parsing Plan created successfully

Executing Parsing Plan for [/home/travis/build/smarie/python-parsyfiles/parsyfiles/tests/demo/./simple_collection]
(P) /home/travis/build/smarie/python-parsyfiles/parsyfiles/tests/demo/./simple_collection -&gt; List[DataFrame] ------- using Multifile Collection parser (parsyfiles defaults)
(P)                                                                                    |--a.csv -&gt; DataFrame ------- using &lt;read_df_or_series_from_csv&gt;
(P)                                                                                    |--a.csv -&gt; DataFrame SUCCESS !
(P)                                                                                    |--b.txt -&gt; DataFrame ------- using &lt;read_df_or_series_from_csv&gt;
(P)                                                                                    |--b.txt -&gt; DataFrame SUCCESS !
(P)                                                                                    |--c.xls -&gt; DataFrame ------- using &lt;read_dataframe_from_xls&gt;
(P)                                                                                    |--c.xls -&gt; DataFrame SUCCESS !
(P)                                                                                    |--d.xlsx -&gt; DataFrame ------- using &lt;read_dataframe_from_xls&gt;
(P)                                                                                    |--d.xlsx -&gt; DataFrame SUCCESS !
(P)                                                                                    |--e.xlsm -&gt; DataFrame ------- using &lt;read_dataframe_from_xls&gt;
(P)                                                                                    |--e.xlsm -&gt; DataFrame SUCCESS !
(P)                                                                  |--simple_collection -&gt; List[DataFrame] SUCCESS !
Completed parsing successfully

[   a  b  c  d
0  1  2  3  4,    a  b  c  d
0  1  2  3  4,    c   5
0  d   8
1  e  12
2  f   3,    c   5
0  d   8
1  e  12
2  f   3,    c   5
0  d   8
1  e  12
2  f   3]
**** Starting to parse single object of type &lt;Tuple[DataFrame, DataFrame, DataFrame, DataFrame, DataFrame]&gt; at location /home/travis/build/smarie/python-parsyfiles/parsyfiles/tests/demo/./simple_collection ****
Checking all files under [/home/travis/build/smarie/python-parsyfiles/parsyfiles/tests/demo/./simple_collection]
(C) /home/travis/build/smarie/python-parsyfiles/parsyfiles/tests/demo/./simple_collection (multifile)
(C)                                                                                    |--a (singlefile, .csv)
(C)                                                                                    |--b (singlefile, .txt)
(C)                                                                                    |--c (singlefile, .xls)
(C)                                                                                    |--d (singlefile, .xlsx)
(C)                                                                                    |--e (singlefile, .xlsm)
File checks done

Building a parsing plan to parse [/home/travis/build/smarie/python-parsyfiles/parsyfiles/tests/demo/./simple_collection] into a Tuple[DataFrame, DataFrame, DataFrame, DataFrame, DataFrame]
(B) /home/travis/build/smarie/python-parsyfiles/parsyfiles/tests/demo/./simple_collection -&gt; Tuple[DataFrame, DataFrame, DataFrame, DataFrame, DataFrame] ------- using Multifile Collection parser (parsyfiles defaults)
(B)                                                                                    |--a.csv -&gt; DataFrame ------- using &lt;read_df_or_series_from_csv&gt;
(B)                                                                                    |--b.txt -&gt; DataFrame ------- using [Try &apos;&lt;read_df_or_series_from_csv&gt;&apos; then &apos;$&lt;read_dict_from_properties&gt; =&gt; &lt;dict_to_df&gt;$&apos; then &apos;$&lt;read_str_from_txt&gt; =&gt; &lt;constructor_with_str_arg&gt;$&apos; then &apos;$&lt;read_dict_from_properties&gt; =&gt; &lt;dict_to_object&gt;$&apos; then &apos;$&lt;read_str_from_txt&gt; =&gt; &lt;base64_ascii_str_pickle_to_object&gt;$]&apos;]
(B)                                                                                    |--b.txt -&gt; DataFrame ------- using &lt;read_df_or_series_from_csv&gt;
(B)                                                                                    |--c.xls -&gt; DataFrame ------- using &lt;read_dataframe_from_xls&gt;
(B)                                                                                    |--d.xlsx -&gt; DataFrame ------- using &lt;read_dataframe_from_xls&gt;
(B)                                                                                    |--e.xlsm -&gt; DataFrame ------- using &lt;read_dataframe_from_xls&gt;
Parsing Plan created successfully

Executing Parsing Plan for [/home/travis/build/smarie/python-parsyfiles/parsyfiles/tests/demo/./simple_collection]
(P) /home/travis/build/smarie/python-parsyfiles/parsyfiles/tests/demo/./simple_collection -&gt; Tuple[DataFrame, DataFrame, DataFrame, DataFrame, DataFrame] ------- using Multifile Collection parser (parsyfiles defaults)
(P)                                                                                    |--a.csv -&gt; DataFrame ------- using &lt;read_df_or_series_from_csv&gt;
(P)                                                                                    |--a.csv -&gt; DataFrame SUCCESS !
(P)                                                                                    |--b.txt -&gt; DataFrame ------- using &lt;read_df_or_series_from_csv&gt;
(P)                                                                                    |--b.txt -&gt; DataFrame SUCCESS !
(P)                                                                                    |--c.xls -&gt; DataFrame ------- using &lt;read_dataframe_from_xls&gt;
(P)                                                                                    |--c.xls -&gt; DataFrame SUCCESS !
(P)                                                                                    |--d.xlsx -&gt; DataFrame ------- using &lt;read_dataframe_from_xls&gt;
(P)                                                                                    |--d.xlsx -&gt; DataFrame SUCCESS !
(P)                                                                                    |--e.xlsm -&gt; DataFrame ------- using &lt;read_dataframe_from_xls&gt;
(P)                                                                                    |--e.xlsm -&gt; DataFrame SUCCESS !
(P)                                                                  |--simple_collection -&gt; Tuple[DataFrame, DataFrame, DataFrame, DataFrame, DataFrame] SUCCESS !
Completed parsing successfully

(   a  b  c  d
0  1  2  3  4,    a  b  c  d
0  1  2  3  4,    c   5
0  d   8
1  e  12
2  f   3,    c   5
0  d   8
1  e  12
2  f   3,    c   5
0  d   8
1  e  12
2  f   3)
</system-out></testcase><testcase classname="parsyfiles.tests.demo.test_parsyfiles_readme.DemoTests" file="parsyfiles/tests/demo/test_parsyfiles_readme.py" line="253" name="test_simple_object_with_contract_attrs" time="0.09149813652038574"><system-out>**** Starting to parse collection of &lt;ExecOpTest&gt; at location /home/travis/build/smarie/python-parsyfiles/parsyfiles/tests/demo/./simple_objects ****
Checking all files under [/home/travis/build/smarie/python-parsyfiles/parsyfiles/tests/demo/./simple_objects]
(C) /home/travis/build/smarie/python-parsyfiles/parsyfiles/tests/demo/./simple_objects (multifile)
(C)                                                                                 |--test_diff_1 (singlefile, .cfg)
(C)                                                                                 |--test_diff_2 (singlefile, .ini)
(C)                                                                                 |--test_diff_3_csv_format (singlefile, .txt)
(C)                                                                                 |--test_diff_4_csv_format2 (singlefile, .txt)
(C)                                                                                 |--test_sum_1 (singlefile, .json)
(C)                                                                                 |--test_sum_2 (singlefile, .properties)
(C)                                                                                 |--test_sum_3_properties_format (singlefile, .txt)
(C)                                                                                 |--test_sum_4 (singlefile, .yaml)
(C)                                                                                 |--test_sum_5 (singlefile, .xls)
(C)                                                                                 |--test_sum_6 (singlefile, .xlsx)
(C)                                                                                 |--test_sum_7 (singlefile, .xlsm)
File checks done

Building a parsing plan to parse [/home/travis/build/smarie/python-parsyfiles/parsyfiles/tests/demo/./simple_objects] into a Dict[str, ExecOpTest]
(B) /home/travis/build/smarie/python-parsyfiles/parsyfiles/tests/demo/./simple_objects -&gt; Dict[str, ExecOpTest] ------- using Multifile Collection parser (parsyfiles defaults)
(B)                                                                                 |--test_diff_1.cfg -&gt; ExecOpTest ------- using [Try &apos;$&lt;read_config&gt; =&gt; &lt;merge_all_config_sections_into_a_single_dict&gt; -&gt; &lt;dict_to_object&gt;$&apos; then &apos;$&lt;read_config&gt; =&gt; &lt;config_to_dict_of_dict&gt; -&gt; &lt;dict_of_dict_to_object&gt;$&apos; then &apos;$&lt;read_config&gt; =&gt; &lt;config_to_dict_of_dict&gt; -&gt; &lt;dict_to_object&gt;$]&apos;]
(B)                                                                                 |--test_diff_1.cfg -&gt; ExecOpTest ------- using $&lt;read_config&gt; =&gt; &lt;merge_all_config_sections_into_a_single_dict&gt; -&gt; &lt;dict_to_object&gt;$
(B)                                                                                 |--test_diff_2.ini -&gt; ExecOpTest ------- using [Try &apos;$&lt;read_config&gt; =&gt; &lt;merge_all_config_sections_into_a_single_dict&gt; -&gt; &lt;dict_to_object&gt;$&apos; then &apos;$&lt;read_config&gt; =&gt; &lt;config_to_dict_of_dict&gt; -&gt; &lt;dict_of_dict_to_object&gt;$&apos; then &apos;$&lt;read_config&gt; =&gt; &lt;config_to_dict_of_dict&gt; -&gt; &lt;dict_to_object&gt;$]&apos;]
(B)                                                                                 |--test_diff_2.ini -&gt; ExecOpTest ------- using $&lt;read_config&gt; =&gt; &lt;merge_all_config_sections_into_a_single_dict&gt; -&gt; &lt;dict_to_object&gt;$
(B)                                                                                 |--test_diff_3_csv_format.txt -&gt; ExecOpTest ------- using [Try &apos;$&lt;read_dict_from_properties&gt; =&gt; &lt;dict_to_object&gt;$&apos; then &apos;$&lt;read_str_from_txt&gt; =&gt; &lt;constructor_with_str_arg&gt;$&apos; then &apos;$&lt;read_str_from_txt&gt; =&gt; &lt;base64_ascii_str_pickle_to_object&gt;$&apos; then &apos;$&lt;read_df_or_series_from_csv&gt; =&gt; &lt;single_row_or_col_df_to_dict&gt; -&gt; &lt;dict_to_object&gt;$]&apos;]
(B)                                                                                 |--test_diff_3_csv_format.txt -&gt; ExecOpTest ------- using $&lt;read_dict_from_properties&gt; =&gt; &lt;dict_to_object&gt;$
(B)                                                                                 |--test_diff_4_csv_format2.txt -&gt; ExecOpTest ------- using [Try &apos;$&lt;read_dict_from_properties&gt; =&gt; &lt;dict_to_object&gt;$&apos; then &apos;$&lt;read_str_from_txt&gt; =&gt; &lt;constructor_with_str_arg&gt;$&apos; then &apos;$&lt;read_str_from_txt&gt; =&gt; &lt;base64_ascii_str_pickle_to_object&gt;$&apos; then &apos;$&lt;read_df_or_series_from_csv&gt; =&gt; &lt;single_row_or_col_df_to_dict&gt; -&gt; &lt;dict_to_object&gt;$]&apos;]
(B)                                                                                 |--test_diff_4_csv_format2.txt -&gt; ExecOpTest ------- using $&lt;read_dict_from_properties&gt; =&gt; &lt;dict_to_object&gt;$
(B)                                                                                 |--test_sum_1.json -&gt; ExecOpTest ------- using $&lt;read_dict_or_list_from_json&gt; =&gt; &lt;dict_to_object&gt;$
(B)                                                                                 |--test_sum_2.properties -&gt; ExecOpTest ------- using $&lt;read_dict_from_properties&gt; =&gt; &lt;dict_to_object&gt;$
(B)                                                                                 |--test_sum_3_properties_format.txt -&gt; ExecOpTest ------- using [Try &apos;$&lt;read_dict_from_properties&gt; =&gt; &lt;dict_to_object&gt;$&apos; then &apos;$&lt;read_str_from_txt&gt; =&gt; &lt;constructor_with_str_arg&gt;$&apos; then &apos;$&lt;read_str_from_txt&gt; =&gt; &lt;base64_ascii_str_pickle_to_object&gt;$&apos; then &apos;$&lt;read_df_or_series_from_csv&gt; =&gt; &lt;single_row_or_col_df_to_dict&gt; -&gt; &lt;dict_to_object&gt;$]&apos;]
(B)                                                                                 |--test_sum_3_properties_format.txt -&gt; ExecOpTest ------- using $&lt;read_dict_from_properties&gt; =&gt; &lt;dict_to_object&gt;$
(B)                                                                                 |--test_sum_4.yaml -&gt; ExecOpTest ------- using [Try &apos;&lt;read_object_from_yaml&gt;&apos; then &apos;$&lt;read_collection_from_yaml&gt; =&gt; &lt;dict_to_object&gt;$]&apos;]
(B)                                                                                 |--test_sum_4.yaml -&gt; ExecOpTest ------- using &lt;read_object_from_yaml&gt;
(B)                                                                                 |--test_sum_5.xls -&gt; ExecOpTest ------- using $&lt;read_dataframe_from_xls&gt; =&gt; &lt;single_row_or_col_df_to_dict&gt; -&gt; &lt;dict_to_object&gt;$
(B)                                                                                 |--test_sum_6.xlsx -&gt; ExecOpTest ------- using $&lt;read_dataframe_from_xls&gt; =&gt; &lt;single_row_or_col_df_to_dict&gt; -&gt; &lt;dict_to_object&gt;$
(B)                                                                                 |--test_sum_7.xlsm -&gt; ExecOpTest ------- using $&lt;read_dataframe_from_xls&gt; =&gt; &lt;single_row_or_col_df_to_dict&gt; -&gt; &lt;dict_to_object&gt;$
Parsing Plan created successfully

Executing Parsing Plan for [/home/travis/build/smarie/python-parsyfiles/parsyfiles/tests/demo/./simple_objects]
(P) /home/travis/build/smarie/python-parsyfiles/parsyfiles/tests/demo/./simple_objects -&gt; Dict[str, ExecOpTest] ------- using Multifile Collection parser (parsyfiles defaults)
(P)                                                                                 |--test_diff_1.cfg -&gt; ExecOpTest ------- using $&lt;read_config&gt; =&gt; &lt;merge_all_config_sections_into_a_single_dict&gt; -&gt; &lt;dict_to_object&gt;$
  !! Caught error during execution !!
  File &quot;&lt;attrs generated init a521732e189730218e544291f023defe73f02b2f&gt;&quot;, line 9, in __init__
    __attr_validator_op(self, __attr_op, self.op)
  File &quot;/home/travis/build/smarie/python-parsyfiles/parsyfiles/plugins_optional/support_for_attrs.py&quot;, line 91, in __call__
    v(inst, attr, value)
  File &quot;/home/travis/build/smarie/python-parsyfiles/parsyfiles/tests/demo/test_parsyfiles_readme.py&quot;, line 268, in validate_io_op
    raise ValueError(&apos;\&apos;op\&apos; has to be a string, in &apos; + str(allowed) + &apos;!&apos;)
  ParsingException : Error while parsing /home/travis/build/smarie/python-parsyfiles/parsyfiles/tests/demo/./simple_objects/test_diff_1 (singlefile, .cfg) as a ExecOpTest with parser &apos;$&lt;read_config&gt; =&gt; &lt;merge_all_config_sections_into_a_single_dict&gt; -&gt; &lt;dict_to_object&gt;$&apos; using options=({&apos;MultifileCollectionParser&apos;: {&apos;lazy_parsing&apos;: False}}) : caught 
  ObjectInstantiationException : Error while building object of type &lt;ExecOpTest&gt; using its constructor and parsed contents : {&apos;x&apos;: 1.0, &apos;y&apos;: 1.0, &apos;expected_result&apos;: 0.0, &apos;op&apos;: &apos;-&apos;} : 
&lt;class &apos;ValueError&apos;&gt; &apos;op&apos; has to be a string, in {&apos;+&apos;, &apos;*&apos;}!
Rebuilding local parsing plan with next candidate parser: $&lt;read_config&gt; =&gt; &lt;config_to_dict_of_dict&gt; -&gt; &lt;dict_of_dict_to_object&gt;$
(B)                                                                                 |--test_diff_1.cfg -&gt; ExecOpTest ------- using $&lt;read_config&gt; =&gt; &lt;config_to_dict_of_dict&gt; -&gt; &lt;dict_of_dict_to_object&gt;$
DONE Rebuilding local parsing plan for [/home/travis/build/smarie/python-parsyfiles/parsyfiles/tests/demo/./simple_objects/test_diff_1.cfg]. Resuming parsing...
(P)                                                                                 |--test_diff_1.cfg -&gt; ExecOpTest ------- using $&lt;read_config&gt; =&gt; &lt;config_to_dict_of_dict&gt; -&gt; &lt;dict_of_dict_to_object&gt;$
  !! Caught error during execution !!
  File &quot;/home/travis/build/smarie/python-parsyfiles/parsyfiles/parsing_registries.py&quot;, line 1028, in try_convert_value
    options=options)
  File &quot;/home/travis/build/smarie/python-parsyfiles/parsyfiles/parsing_registries.py&quot;, line 1074, in _try_convert_value
    logger, options)
  File &quot;/home/travis/build/smarie/python-parsyfiles/parsyfiles/parsing_registries.py&quot;, line 922, in find_and_convert
    raise NoConverterFoundForObjectType.create(self, attr_value, desired_attr_type)
  ParsingException : Error while parsing /home/travis/build/smarie/python-parsyfiles/parsyfiles/tests/demo/./simple_objects/test_diff_1 (singlefile, .cfg) as a ExecOpTest with parser &apos;$&lt;read_config&gt; =&gt; &lt;config_to_dict_of_dict&gt; -&gt; &lt;dict_of_dict_to_object&gt;$&apos; using options=({&apos;MultifileCollectionParser&apos;: {&apos;lazy_parsing&apos;: False}}) : caught 
  NoConverterFoundForObjectType : No conversion chain found between parsed attribute &apos;&lt;Section: DEFAULT&gt;&apos; of type &apos;SectionProxy&apos; and expected type &apos;Dict&apos; using conversion finder parsyfiles defaults.
Rebuilding local parsing plan with next candidate parser: $&lt;read_config&gt; =&gt; &lt;config_to_dict_of_dict&gt; -&gt; &lt;dict_to_object&gt;$
(B)                                                                                 |--test_diff_1.cfg -&gt; ExecOpTest ------- using $&lt;read_config&gt; =&gt; &lt;config_to_dict_of_dict&gt; -&gt; &lt;dict_to_object&gt;$
DONE Rebuilding local parsing plan for [/home/travis/build/smarie/python-parsyfiles/parsyfiles/tests/demo/./simple_objects/test_diff_1.cfg]. Resuming parsing...
(P)                                                                                 |--test_diff_1.cfg -&gt; ExecOpTest ------- using $&lt;read_config&gt; =&gt; &lt;config_to_dict_of_dict&gt; -&gt; &lt;dict_to_object&gt;$
  !! Caught error during execution !!
  File &quot;/home/travis/build/smarie/python-parsyfiles/parsyfiles/parsing_registries.py&quot;, line 1028, in try_convert_value
    options=options)
  File &quot;/home/travis/build/smarie/python-parsyfiles/parsyfiles/parsing_registries.py&quot;, line 1074, in _try_convert_value
    logger, options)
  File &quot;/home/travis/build/smarie/python-parsyfiles/parsyfiles/parsing_registries.py&quot;, line 922, in find_and_convert
    raise NoConverterFoundForObjectType.create(self, attr_value, desired_attr_type)
  ParsingException : Error while parsing /home/travis/build/smarie/python-parsyfiles/parsyfiles/tests/demo/./simple_objects/test_diff_1 (singlefile, .cfg) as a ExecOpTest with parser &apos;$&lt;read_config&gt; =&gt; &lt;config_to_dict_of_dict&gt; -&gt; &lt;dict_to_object&gt;$&apos; using options=({&apos;MultifileCollectionParser&apos;: {&apos;lazy_parsing&apos;: False}}) : caught 
  NoConverterFoundForObjectType : No conversion chain found between parsed attribute &apos;&lt;Section: DEFAULT&gt;&apos; of type &apos;SectionProxy&apos; and expected type &apos;Dict&apos; using conversion finder parsyfiles defaults.
</system-out></testcase><testcase classname="parsyfiles.tests.demo.test_parsyfiles_readme.DemoTests" file="parsyfiles/tests/demo/test_parsyfiles_readme.py" line="213" name="test_simple_object_with_contract_autoclass_enforce" time="0.08689284324645996"><system-out>**** Starting to parse single object of type &lt;ExecOpTest&gt; at location /home/travis/build/smarie/python-parsyfiles/parsyfiles/tests/demo/./simple_objects/test_diff_1 ****
Checking all files under [/home/travis/build/smarie/python-parsyfiles/parsyfiles/tests/demo/./simple_objects/test_diff_1]
(C) /home/travis/build/smarie/python-parsyfiles/parsyfiles/tests/demo/./simple_objects/test_diff_1 (singlefile, .cfg)
File checks done

Building a parsing plan to parse [/home/travis/build/smarie/python-parsyfiles/parsyfiles/tests/demo/./simple_objects/test_diff_1] into a ExecOpTest
(B) /home/travis/build/smarie/python-parsyfiles/parsyfiles/tests/demo/./simple_objects/test_diff_1.cfg -&gt; ExecOpTest ------- using [Try &apos;$&lt;read_config&gt; =&gt; &lt;merge_all_config_sections_into_a_single_dict&gt; -&gt; &lt;dict_to_object&gt;$&apos; then &apos;$&lt;read_config&gt; =&gt; &lt;config_to_dict_of_dict&gt; -&gt; &lt;dict_of_dict_to_object&gt;$&apos; then &apos;$&lt;read_config&gt; =&gt; &lt;config_to_dict_of_dict&gt; -&gt; &lt;dict_to_object&gt;$]&apos;]
(B)                                                                                 |--test_diff_1.cfg -&gt; ExecOpTest ------- using $&lt;read_config&gt; =&gt; &lt;merge_all_config_sections_into_a_single_dict&gt; -&gt; &lt;dict_to_object&gt;$
Parsing Plan created successfully

Executing Parsing Plan for [/home/travis/build/smarie/python-parsyfiles/parsyfiles/tests/demo/./simple_objects/test_diff_1]
(P) /home/travis/build/smarie/python-parsyfiles/parsyfiles/tests/demo/./simple_objects/test_diff_1.cfg -&gt; ExecOpTest ------- using $&lt;read_config&gt; =&gt; &lt;merge_all_config_sections_into_a_single_dict&gt; -&gt; &lt;dict_to_object&gt;$
  !! Caught error during execution !!
  File &quot;/home/travis/virtualenv/python3.5.5/lib/python3.5/site-packages/valid8/utils_decoration.py&quot;, line 150, in apply_on_each_func_args_sig
    func_to_apply(att_value, func_to_apply_params_dict[att_name], func, att_name)
  File &quot;/home/travis/virtualenv/python3.5.5/lib/python3.5/site-packages/valid8/entry_points_annotations.py&quot;, line 764, in _assert_input_is_valid
    validator.assert_valid(input_name, input_value)
  File &quot;/home/travis/virtualenv/python3.5.5/lib/python3.5/site-packages/valid8/entry_points.py&quot;, line 444, in assert_valid
    help_msg=help_msg, **kw_context_args)
  ParsingException : Error while parsing /home/travis/build/smarie/python-parsyfiles/parsyfiles/tests/demo/./simple_objects/test_diff_1 (singlefile, .cfg) as a ExecOpTest with parser &apos;$&lt;read_config&gt; =&gt; &lt;merge_all_config_sections_into_a_single_dict&gt; -&gt; &lt;dict_to_object&gt;$&apos; using options=({&apos;MultifileCollectionParser&apos;: {&apos;lazy_parsing&apos;: False}}) : caught 
  ObjectInstantiationException : Error while building object of type &lt;ExecOpTest&gt; using its constructor and parsed contents : {&apos;x&apos;: True, &apos;y&apos;: True, &apos;expected_result&apos;: False, &apos;op&apos;: &apos;-&apos;} : 
&lt;class &apos;valid8.entry_points_annotations.InputValidationError[ValueError]&apos;&gt; Error validating input [op=-] for function [__init__]. Validation function [is_in_{&apos;+&apos;, &apos;*&apos;}] raised NotInAllowedValues: x in {&apos;+&apos;, &apos;*&apos;} does not hold for x=-. Wrong value: [-].
Rebuilding local parsing plan with next candidate parser: $&lt;read_config&gt; =&gt; &lt;config_to_dict_of_dict&gt; -&gt; &lt;dict_of_dict_to_object&gt;$
(B)                                                                                 |--test_diff_1.cfg -&gt; ExecOpTest ------- using $&lt;read_config&gt; =&gt; &lt;config_to_dict_of_dict&gt; -&gt; &lt;dict_of_dict_to_object&gt;$
DONE Rebuilding local parsing plan for [/home/travis/build/smarie/python-parsyfiles/parsyfiles/tests/demo/./simple_objects/test_diff_1.cfg]. Resuming parsing...
Executing Parsing Plan for [/home/travis/build/smarie/python-parsyfiles/parsyfiles/tests/demo/./simple_objects/test_diff_1]
(P) /home/travis/build/smarie/python-parsyfiles/parsyfiles/tests/demo/./simple_objects/test_diff_1.cfg -&gt; ExecOpTest ------- using $&lt;read_config&gt; =&gt; &lt;config_to_dict_of_dict&gt; -&gt; &lt;dict_of_dict_to_object&gt;$
  !! Caught error during execution !!
  File &quot;/home/travis/build/smarie/python-parsyfiles/parsyfiles/parsing_registries.py&quot;, line 1028, in try_convert_value
    options=options)
  File &quot;/home/travis/build/smarie/python-parsyfiles/parsyfiles/parsing_registries.py&quot;, line 1074, in _try_convert_value
    logger, options)
  File &quot;/home/travis/build/smarie/python-parsyfiles/parsyfiles/parsing_registries.py&quot;, line 922, in find_and_convert
    raise NoConverterFoundForObjectType.create(self, attr_value, desired_attr_type)
  ParsingException : Error while parsing /home/travis/build/smarie/python-parsyfiles/parsyfiles/tests/demo/./simple_objects/test_diff_1 (singlefile, .cfg) as a ExecOpTest with parser &apos;$&lt;read_config&gt; =&gt; &lt;config_to_dict_of_dict&gt; -&gt; &lt;dict_of_dict_to_object&gt;$&apos; using options=({&apos;MultifileCollectionParser&apos;: {&apos;lazy_parsing&apos;: False}}) : caught 
  NoConverterFoundForObjectType : No conversion chain found between parsed attribute &apos;&lt;Section: DEFAULT&gt;&apos; of type &apos;SectionProxy&apos; and expected type &apos;Dict&apos; using conversion finder parsyfiles defaults.
Rebuilding local parsing plan with next candidate parser: $&lt;read_config&gt; =&gt; &lt;config_to_dict_of_dict&gt; -&gt; &lt;dict_to_object&gt;$
(B)                                                                                 |--test_diff_1.cfg -&gt; ExecOpTest ------- using $&lt;read_config&gt; =&gt; &lt;config_to_dict_of_dict&gt; -&gt; &lt;dict_to_object&gt;$
DONE Rebuilding local parsing plan for [/home/travis/build/smarie/python-parsyfiles/parsyfiles/tests/demo/./simple_objects/test_diff_1.cfg]. Resuming parsing...
Executing Parsing Plan for [/home/travis/build/smarie/python-parsyfiles/parsyfiles/tests/demo/./simple_objects/test_diff_1]
(P) /home/travis/build/smarie/python-parsyfiles/parsyfiles/tests/demo/./simple_objects/test_diff_1.cfg -&gt; ExecOpTest ------- using $&lt;read_config&gt; =&gt; &lt;config_to_dict_of_dict&gt; -&gt; &lt;dict_to_object&gt;$
  !! Caught error during execution !!
  File &quot;/home/travis/build/smarie/python-parsyfiles/parsyfiles/parsing_registries.py&quot;, line 1028, in try_convert_value
    options=options)
  File &quot;/home/travis/build/smarie/python-parsyfiles/parsyfiles/parsing_registries.py&quot;, line 1074, in _try_convert_value
    logger, options)
  File &quot;/home/travis/build/smarie/python-parsyfiles/parsyfiles/parsing_registries.py&quot;, line 922, in find_and_convert
    raise NoConverterFoundForObjectType.create(self, attr_value, desired_attr_type)
  ParsingException : Error while parsing /home/travis/build/smarie/python-parsyfiles/parsyfiles/tests/demo/./simple_objects/test_diff_1 (singlefile, .cfg) as a ExecOpTest with parser &apos;$&lt;read_config&gt; =&gt; &lt;config_to_dict_of_dict&gt; -&gt; &lt;dict_to_object&gt;$&apos; using options=({&apos;MultifileCollectionParser&apos;: {&apos;lazy_parsing&apos;: False}}) : caught 
  NoConverterFoundForObjectType : No conversion chain found between parsed attribute &apos;&lt;Section: DEFAULT&gt;&apos; of type &apos;SectionProxy&apos; and expected type &apos;Dict&apos; using conversion finder parsyfiles defaults.
</system-out></testcase><testcase classname="parsyfiles.tests.demo.test_parsyfiles_readme.DemoTests" file="parsyfiles/tests/demo/test_parsyfiles_readme.py" line="180" name="test_simple_object_with_contract_autoclass_pycontract" time="0.37160396575927734"><system-out>**** Starting to parse single object of type &lt;ExecOpTest&gt; at location /home/travis/build/smarie/python-parsyfiles/parsyfiles/tests/demo/./simple_objects/test_diff_1 ****
Checking all files under [/home/travis/build/smarie/python-parsyfiles/parsyfiles/tests/demo/./simple_objects/test_diff_1]
(C) /home/travis/build/smarie/python-parsyfiles/parsyfiles/tests/demo/./simple_objects/test_diff_1 (singlefile, .cfg)
File checks done

Building a parsing plan to parse [/home/travis/build/smarie/python-parsyfiles/parsyfiles/tests/demo/./simple_objects/test_diff_1] into a ExecOpTest
(B) /home/travis/build/smarie/python-parsyfiles/parsyfiles/tests/demo/./simple_objects/test_diff_1.cfg -&gt; ExecOpTest ------- using [Try &apos;$&lt;read_config&gt; =&gt; &lt;merge_all_config_sections_into_a_single_dict&gt; -&gt; &lt;dict_to_object&gt;$&apos; then &apos;$&lt;read_config&gt; =&gt; &lt;config_to_dict_of_dict&gt; -&gt; &lt;dict_of_dict_to_object&gt;$&apos; then &apos;$&lt;read_config&gt; =&gt; &lt;config_to_dict_of_dict&gt; -&gt; &lt;dict_to_object&gt;$]&apos;]
(B)                                                                                 |--test_diff_1.cfg -&gt; ExecOpTest ------- using $&lt;read_config&gt; =&gt; &lt;merge_all_config_sections_into_a_single_dict&gt; -&gt; &lt;dict_to_object&gt;$
Parsing Plan created successfully

Executing Parsing Plan for [/home/travis/build/smarie/python-parsyfiles/parsyfiles/tests/demo/./simple_objects/test_diff_1]
(P) /home/travis/build/smarie/python-parsyfiles/parsyfiles/tests/demo/./simple_objects/test_diff_1.cfg -&gt; ExecOpTest ------- using $&lt;read_config&gt; =&gt; &lt;merge_all_config_sections_into_a_single_dict&gt; -&gt; &lt;dict_to_object&gt;$
  !! Caught error during execution !!
  File &quot;/home/travis/virtualenv/python3.5.5/lib/python3.5/site-packages/contracts/library/extensions.py&quot;, line 48, in check_contract
    self.contract._check_contract(context, value, silent)
  File &quot;/home/travis/virtualenv/python3.5.5/lib/python3.5/site-packages/contracts/interface.py&quot;, line 439, in _check_contract
    self.check_contract(context, value, silent)
  File &quot;/home/travis/virtualenv/python3.5.5/lib/python3.5/site-packages/contracts/library/extensions.py&quot;, line 121, in check_contract
    raise ContractNotRespected(self, msg, value, context)
  ParsingException : Error while parsing /home/travis/build/smarie/python-parsyfiles/parsyfiles/tests/demo/./simple_objects/test_diff_1 (singlefile, .cfg) as a ExecOpTest with parser &apos;$&lt;read_config&gt; =&gt; &lt;merge_all_config_sections_into_a_single_dict&gt; -&gt; &lt;dict_to_object&gt;$&apos; using options=({&apos;MultifileCollectionParser&apos;: {&apos;lazy_parsing&apos;: False}}) : caught 
  ObjectInstantiationException : Error while building object of type &lt;ExecOpTest&gt; using its constructor and parsed contents : {&apos;x&apos;: 1.0, &apos;y&apos;: 1.0, &apos;expected_result&apos;: 0.0, &apos;op&apos;: &apos;-&apos;} : 
&lt;class &apos;contracts.interface.ContractNotRespected&apos;&gt; Breach for argument &apos;op&apos; to ExecOpTest:autoprops_generated_setter().
Value does not pass criteria of &lt;lambda&gt;()() (module: test_parsyfiles_readme).
checking: callable()       for value: Instance of &lt;class &apos;str&apos;&gt;: &apos;-&apos;   
checking: allowed_op       for value: Instance of &lt;class &apos;str&apos;&gt;: &apos;-&apos;   
checking: str,allowed_op   for value: Instance of &lt;class &apos;str&apos;&gt;: &apos;-&apos;   
Variables bound in inner context:
! cannot write context
Rebuilding local parsing plan with next candidate parser: $&lt;read_config&gt; =&gt; &lt;config_to_dict_of_dict&gt; -&gt; &lt;dict_of_dict_to_object&gt;$
(B)                                                                                 |--test_diff_1.cfg -&gt; ExecOpTest ------- using $&lt;read_config&gt; =&gt; &lt;config_to_dict_of_dict&gt; -&gt; &lt;dict_of_dict_to_object&gt;$
DONE Rebuilding local parsing plan for [/home/travis/build/smarie/python-parsyfiles/parsyfiles/tests/demo/./simple_objects/test_diff_1.cfg]. Resuming parsing...
Executing Parsing Plan for [/home/travis/build/smarie/python-parsyfiles/parsyfiles/tests/demo/./simple_objects/test_diff_1]
(P) /home/travis/build/smarie/python-parsyfiles/parsyfiles/tests/demo/./simple_objects/test_diff_1.cfg -&gt; ExecOpTest ------- using $&lt;read_config&gt; =&gt; &lt;config_to_dict_of_dict&gt; -&gt; &lt;dict_of_dict_to_object&gt;$
  !! Caught error during execution !!
  File &quot;/home/travis/build/smarie/python-parsyfiles/parsyfiles/parsing_registries.py&quot;, line 1028, in try_convert_value
    options=options)
  File &quot;/home/travis/build/smarie/python-parsyfiles/parsyfiles/parsing_registries.py&quot;, line 1074, in _try_convert_value
    logger, options)
  File &quot;/home/travis/build/smarie/python-parsyfiles/parsyfiles/parsing_registries.py&quot;, line 922, in find_and_convert
    raise NoConverterFoundForObjectType.create(self, attr_value, desired_attr_type)
  ParsingException : Error while parsing /home/travis/build/smarie/python-parsyfiles/parsyfiles/tests/demo/./simple_objects/test_diff_1 (singlefile, .cfg) as a ExecOpTest with parser &apos;$&lt;read_config&gt; =&gt; &lt;config_to_dict_of_dict&gt; -&gt; &lt;dict_of_dict_to_object&gt;$&apos; using options=({&apos;MultifileCollectionParser&apos;: {&apos;lazy_parsing&apos;: False}}) : caught 
  NoConverterFoundForObjectType : No conversion chain found between parsed attribute &apos;&lt;Section: DEFAULT&gt;&apos; of type &apos;SectionProxy&apos; and expected type &apos;Dict&apos; using conversion finder parsyfiles defaults.
Rebuilding local parsing plan with next candidate parser: $&lt;read_config&gt; =&gt; &lt;config_to_dict_of_dict&gt; -&gt; &lt;dict_to_object&gt;$
(B)                                                                                 |--test_diff_1.cfg -&gt; ExecOpTest ------- using $&lt;read_config&gt; =&gt; &lt;config_to_dict_of_dict&gt; -&gt; &lt;dict_to_object&gt;$
DONE Rebuilding local parsing plan for [/home/travis/build/smarie/python-parsyfiles/parsyfiles/tests/demo/./simple_objects/test_diff_1.cfg]. Resuming parsing...
Executing Parsing Plan for [/home/travis/build/smarie/python-parsyfiles/parsyfiles/tests/demo/./simple_objects/test_diff_1]
(P) /home/travis/build/smarie/python-parsyfiles/parsyfiles/tests/demo/./simple_objects/test_diff_1.cfg -&gt; ExecOpTest ------- using $&lt;read_config&gt; =&gt; &lt;config_to_dict_of_dict&gt; -&gt; &lt;dict_to_object&gt;$
  !! Caught error during execution !!
  File &quot;/home/travis/build/smarie/python-parsyfiles/parsyfiles/parsing_registries.py&quot;, line 1028, in try_convert_value
    options=options)
  File &quot;/home/travis/build/smarie/python-parsyfiles/parsyfiles/parsing_registries.py&quot;, line 1074, in _try_convert_value
    logger, options)
  File &quot;/home/travis/build/smarie/python-parsyfiles/parsyfiles/parsing_registries.py&quot;, line 922, in find_and_convert
    raise NoConverterFoundForObjectType.create(self, attr_value, desired_attr_type)
  ParsingException : Error while parsing /home/travis/build/smarie/python-parsyfiles/parsyfiles/tests/demo/./simple_objects/test_diff_1 (singlefile, .cfg) as a ExecOpTest with parser &apos;$&lt;read_config&gt; =&gt; &lt;config_to_dict_of_dict&gt; -&gt; &lt;dict_to_object&gt;$&apos; using options=({&apos;MultifileCollectionParser&apos;: {&apos;lazy_parsing&apos;: False}}) : caught 
  NoConverterFoundForObjectType : No conversion chain found between parsed attribute &apos;&lt;Section: DEFAULT&gt;&apos; of type &apos;SectionProxy&apos; and expected type &apos;Dict&apos; using conversion finder parsyfiles defaults.
</system-out></testcase><testcase classname="parsyfiles.tests.demo.test_parsyfiles_readme.DemoTests" file="parsyfiles/tests/demo/test_parsyfiles_readme.py" line="133" name="test_simple_objects" time="0.4728403091430664"><system-out>**** Starting to parse collection of &lt;Dict&gt; at location /home/travis/build/smarie/python-parsyfiles/parsyfiles/tests/demo/./simple_objects ****
Checking all files under [/home/travis/build/smarie/python-parsyfiles/parsyfiles/tests/demo/./simple_objects]
(C) /home/travis/build/smarie/python-parsyfiles/parsyfiles/tests/demo/./simple_objects (multifile)
(C)                                                                                 |--test_diff_1 (singlefile, .cfg)
(C)                                                                                 |--test_diff_2 (singlefile, .ini)
(C)                                                                                 |--test_diff_3_csv_format (singlefile, .txt)
(C)                                                                                 |--test_diff_4_csv_format2 (singlefile, .txt)
(C)                                                                                 |--test_sum_1 (singlefile, .json)
(C)                                                                                 |--test_sum_2 (singlefile, .properties)
(C)                                                                                 |--test_sum_3_properties_format (singlefile, .txt)
(C)                                                                                 |--test_sum_4 (singlefile, .yaml)
(C)                                                                                 |--test_sum_5 (singlefile, .xls)
(C)                                                                                 |--test_sum_6 (singlefile, .xlsx)
(C)                                                                                 |--test_sum_7 (singlefile, .xlsm)
File checks done

Building a parsing plan to parse [/home/travis/build/smarie/python-parsyfiles/parsyfiles/tests/demo/./simple_objects] into a Dict[str, Dict]
(B) /home/travis/build/smarie/python-parsyfiles/parsyfiles/tests/demo/./simple_objects -&gt; Dict[str, Dict] ------- using Multifile Collection parser (parsyfiles defaults)
(B)                                                                                 |--test_diff_1.cfg -&gt; Dict ------- using [Try &apos;$&lt;read_config&gt; =&gt; &lt;merge_all_config_sections_into_a_single_dict&gt;$&apos; then &apos;$&lt;read_config&gt; =&gt; &lt;config_to_dict_of_dict&gt;$]&apos;]
(B)                                                                                 |--test_diff_1.cfg -&gt; Dict ------- using $&lt;read_config&gt; =&gt; &lt;merge_all_config_sections_into_a_single_dict&gt;$
(B)                                                                                 |--test_diff_2.ini -&gt; Dict ------- using [Try &apos;$&lt;read_config&gt; =&gt; &lt;merge_all_config_sections_into_a_single_dict&gt;$&apos; then &apos;$&lt;read_config&gt; =&gt; &lt;config_to_dict_of_dict&gt;$]&apos;]
(B)                                                                                 |--test_diff_2.ini -&gt; Dict ------- using $&lt;read_config&gt; =&gt; &lt;merge_all_config_sections_into_a_single_dict&gt;$
(B)                                                                                 |--test_diff_3_csv_format.txt -&gt; Dict ------- using [Try &apos;&lt;read_dict_from_properties&gt;&apos; then &apos;$&lt;read_df_or_series_from_csv&gt; =&gt; &lt;single_row_or_col_df_to_dict&gt;$&apos; then &apos;$&lt;read_str_from_txt&gt; =&gt; &lt;constructor_with_str_arg&gt;$&apos; then &apos;$&lt;read_str_from_txt&gt; =&gt; &lt;base64_ascii_str_pickle_to_object&gt;$]&apos;]
(B)                                                                                 |--test_diff_3_csv_format.txt -&gt; Dict ------- using &lt;read_dict_from_properties&gt;
(B)                                                                                 |--test_diff_4_csv_format2.txt -&gt; Dict ------- using [Try &apos;&lt;read_dict_from_properties&gt;&apos; then &apos;$&lt;read_df_or_series_from_csv&gt; =&gt; &lt;single_row_or_col_df_to_dict&gt;$&apos; then &apos;$&lt;read_str_from_txt&gt; =&gt; &lt;constructor_with_str_arg&gt;$&apos; then &apos;$&lt;read_str_from_txt&gt; =&gt; &lt;base64_ascii_str_pickle_to_object&gt;$]&apos;]
(B)                                                                                 |--test_diff_4_csv_format2.txt -&gt; Dict ------- using &lt;read_dict_from_properties&gt;
(B)                                                                                 |--test_sum_1.json -&gt; Dict ------- using &lt;read_dict_or_list_from_json&gt;
(B)                                                                                 |--test_sum_2.properties -&gt; Dict ------- using &lt;read_dict_from_properties&gt;
(B)                                                                                 |--test_sum_3_properties_format.txt -&gt; Dict ------- using [Try &apos;&lt;read_dict_from_properties&gt;&apos; then &apos;$&lt;read_df_or_series_from_csv&gt; =&gt; &lt;single_row_or_col_df_to_dict&gt;$&apos; then &apos;$&lt;read_str_from_txt&gt; =&gt; &lt;constructor_with_str_arg&gt;$&apos; then &apos;$&lt;read_str_from_txt&gt; =&gt; &lt;base64_ascii_str_pickle_to_object&gt;$]&apos;]
(B)                                                                                 |--test_sum_3_properties_format.txt -&gt; Dict ------- using &lt;read_dict_from_properties&gt;
(B)                                                                                 |--test_sum_4.yaml -&gt; Dict ------- using [Try &apos;&lt;read_collection_from_yaml&gt;&apos; then &apos;$&lt;read_object_from_yaml&gt; =&gt; &lt;single_row_or_col_df_to_dict&gt;$&apos; then &apos;$&lt;read_object_from_yaml&gt; =&gt; &lt;merge_all_config_sections_into_a_single_dict&gt;$&apos; then &apos;$&lt;read_object_from_yaml&gt; =&gt; &lt;config_to_dict_of_dict&gt;$&apos; then &apos;&lt;read_object_from_yaml&gt;]&apos;]
(B)                                                                                 |--test_sum_4.yaml -&gt; Dict ------- using &lt;read_collection_from_yaml&gt;
(B)                                                                                 |--test_sum_5.xls -&gt; Dict ------- using $&lt;read_dataframe_from_xls&gt; =&gt; &lt;single_row_or_col_df_to_dict&gt;$
(B)                                                                                 |--test_sum_6.xlsx -&gt; Dict ------- using $&lt;read_dataframe_from_xls&gt; =&gt; &lt;single_row_or_col_df_to_dict&gt;$
(B)                                                                                 |--test_sum_7.xlsm -&gt; Dict ------- using $&lt;read_dataframe_from_xls&gt; =&gt; &lt;single_row_or_col_df_to_dict&gt;$
Parsing Plan created successfully

Executing Parsing Plan for [/home/travis/build/smarie/python-parsyfiles/parsyfiles/tests/demo/./simple_objects]
(P) /home/travis/build/smarie/python-parsyfiles/parsyfiles/tests/demo/./simple_objects -&gt; Dict[str, Dict] ------- using Multifile Collection parser (parsyfiles defaults)
(P)                                                                                 |--test_diff_1.cfg -&gt; Dict ------- using $&lt;read_config&gt; =&gt; &lt;merge_all_config_sections_into_a_single_dict&gt;$
(P)                                                                                 |--test_diff_1.cfg -&gt; Dict SUCCESS !
(P)                                                                                 |--test_diff_2.ini -&gt; Dict ------- using $&lt;read_config&gt; =&gt; &lt;merge_all_config_sections_into_a_single_dict&gt;$
(P)                                                                                 |--test_diff_2.ini -&gt; Dict SUCCESS !
(P)                                                                                 |--test_diff_3_csv_format.txt -&gt; Dict ------- using &lt;read_dict_from_properties&gt;
(P)                                                                                 |--test_diff_3_csv_format.txt -&gt; Dict SUCCESS !
(P)                                                                                 |--test_diff_4_csv_format2.txt -&gt; Dict ------- using &lt;read_dict_from_properties&gt;
(P)                                                                                 |--test_diff_4_csv_format2.txt -&gt; Dict SUCCESS !
(P)                                                                                 |--test_sum_1.json -&gt; Dict ------- using &lt;read_dict_or_list_from_json&gt;
(P)                                                                                 |--test_sum_1.json -&gt; Dict SUCCESS !
(P)                                                                                 |--test_sum_2.properties -&gt; Dict ------- using &lt;read_dict_from_properties&gt;
(P)                                                                                 |--test_sum_2.properties -&gt; Dict SUCCESS !
(P)                                                                                 |--test_sum_3_properties_format.txt -&gt; Dict ------- using &lt;read_dict_from_properties&gt;
(P)                                                                                 |--test_sum_3_properties_format.txt -&gt; Dict SUCCESS !
(P)                                                                                 |--test_sum_4.yaml -&gt; Dict ------- using &lt;read_collection_from_yaml&gt;
(P)                                                                                 |--test_sum_4.yaml -&gt; Dict SUCCESS !
(P)                                                                                 |--test_sum_5.xls -&gt; Dict ------- using $&lt;read_dataframe_from_xls&gt; =&gt; &lt;single_row_or_col_df_to_dict&gt;$
(P)                                                                                 |--test_sum_5.xls -&gt; Dict SUCCESS !
(P)                                                                                 |--test_sum_6.xlsx -&gt; Dict ------- using $&lt;read_dataframe_from_xls&gt; =&gt; &lt;single_row_or_col_df_to_dict&gt;$
(P)                                                                                 |--test_sum_6.xlsx -&gt; Dict SUCCESS !
(P)                                                                                 |--test_sum_7.xlsm -&gt; Dict ------- using $&lt;read_dataframe_from_xls&gt; =&gt; &lt;single_row_or_col_df_to_dict&gt;$
(P)                                                                                 |--test_sum_7.xlsm -&gt; Dict SUCCESS !
(P)                                                                  |--simple_objects -&gt; Dict[str, Dict] SUCCESS !
Completed parsing successfully

**** Starting to parse collection of &lt;ExecOpTest&gt; at location /home/travis/build/smarie/python-parsyfiles/parsyfiles/tests/demo/./simple_objects ****
Checking all files under [/home/travis/build/smarie/python-parsyfiles/parsyfiles/tests/demo/./simple_objects]
(C) /home/travis/build/smarie/python-parsyfiles/parsyfiles/tests/demo/./simple_objects (multifile)
(C)                                                                                 |--test_diff_1 (singlefile, .cfg)
(C)                                                                                 |--test_diff_2 (singlefile, .ini)
(C)                                                                                 |--test_diff_3_csv_format (singlefile, .txt)
(C)                                                                                 |--test_diff_4_csv_format2 (singlefile, .txt)
(C)                                                                                 |--test_sum_1 (singlefile, .json)
(C)                                                                                 |--test_sum_2 (singlefile, .properties)
(C)                                                                                 |--test_sum_3_properties_format (singlefile, .txt)
(C)                                                                                 |--test_sum_4 (singlefile, .yaml)
(C)                                                                                 |--test_sum_5 (singlefile, .xls)
(C)                                                                                 |--test_sum_6 (singlefile, .xlsx)
(C)                                                                                 |--test_sum_7 (singlefile, .xlsm)
File checks done

Building a parsing plan to parse [/home/travis/build/smarie/python-parsyfiles/parsyfiles/tests/demo/./simple_objects] into a Dict[str, ExecOpTest]
(B) /home/travis/build/smarie/python-parsyfiles/parsyfiles/tests/demo/./simple_objects -&gt; Dict[str, ExecOpTest] ------- using Multifile Collection parser (parsyfiles defaults)
(B)                                                                                 |--test_diff_1.cfg -&gt; ExecOpTest ------- using [Try &apos;$&lt;read_config&gt; =&gt; &lt;merge_all_config_sections_into_a_single_dict&gt; -&gt; &lt;dict_to_object&gt;$&apos; then &apos;$&lt;read_config&gt; =&gt; &lt;config_to_dict_of_dict&gt; -&gt; &lt;dict_of_dict_to_object&gt;$&apos; then &apos;$&lt;read_config&gt; =&gt; &lt;config_to_dict_of_dict&gt; -&gt; &lt;dict_to_object&gt;$]&apos;]
(B)                                                                                 |--test_diff_1.cfg -&gt; ExecOpTest ------- using $&lt;read_config&gt; =&gt; &lt;merge_all_config_sections_into_a_single_dict&gt; -&gt; &lt;dict_to_object&gt;$
(B)                                                                                 |--test_diff_2.ini -&gt; ExecOpTest ------- using [Try &apos;$&lt;read_config&gt; =&gt; &lt;merge_all_config_sections_into_a_single_dict&gt; -&gt; &lt;dict_to_object&gt;$&apos; then &apos;$&lt;read_config&gt; =&gt; &lt;config_to_dict_of_dict&gt; -&gt; &lt;dict_of_dict_to_object&gt;$&apos; then &apos;$&lt;read_config&gt; =&gt; &lt;config_to_dict_of_dict&gt; -&gt; &lt;dict_to_object&gt;$]&apos;]
(B)                                                                                 |--test_diff_2.ini -&gt; ExecOpTest ------- using $&lt;read_config&gt; =&gt; &lt;merge_all_config_sections_into_a_single_dict&gt; -&gt; &lt;dict_to_object&gt;$
(B)                                                                                 |--test_diff_3_csv_format.txt -&gt; ExecOpTest ------- using [Try &apos;$&lt;read_dict_from_properties&gt; =&gt; &lt;dict_to_object&gt;$&apos; then &apos;$&lt;read_str_from_txt&gt; =&gt; &lt;constructor_with_str_arg&gt;$&apos; then &apos;$&lt;read_str_from_txt&gt; =&gt; &lt;base64_ascii_str_pickle_to_object&gt;$&apos; then &apos;$&lt;read_df_or_series_from_csv&gt; =&gt; &lt;single_row_or_col_df_to_dict&gt; -&gt; &lt;dict_to_object&gt;$]&apos;]
(B)                                                                                 |--test_diff_3_csv_format.txt -&gt; ExecOpTest ------- using $&lt;read_dict_from_properties&gt; =&gt; &lt;dict_to_object&gt;$
(B)                                                                                 |--test_diff_4_csv_format2.txt -&gt; ExecOpTest ------- using [Try &apos;$&lt;read_dict_from_properties&gt; =&gt; &lt;dict_to_object&gt;$&apos; then &apos;$&lt;read_str_from_txt&gt; =&gt; &lt;constructor_with_str_arg&gt;$&apos; then &apos;$&lt;read_str_from_txt&gt; =&gt; &lt;base64_ascii_str_pickle_to_object&gt;$&apos; then &apos;$&lt;read_df_or_series_from_csv&gt; =&gt; &lt;single_row_or_col_df_to_dict&gt; -&gt; &lt;dict_to_object&gt;$]&apos;]
(B)                                                                                 |--test_diff_4_csv_format2.txt -&gt; ExecOpTest ------- using $&lt;read_dict_from_properties&gt; =&gt; &lt;dict_to_object&gt;$
(B)                                                                                 |--test_sum_1.json -&gt; ExecOpTest ------- using $&lt;read_dict_or_list_from_json&gt; =&gt; &lt;dict_to_object&gt;$
(B)                                                                                 |--test_sum_2.properties -&gt; ExecOpTest ------- using $&lt;read_dict_from_properties&gt; =&gt; &lt;dict_to_object&gt;$
(B)                                                                                 |--test_sum_3_properties_format.txt -&gt; ExecOpTest ------- using [Try &apos;$&lt;read_dict_from_properties&gt; =&gt; &lt;dict_to_object&gt;$&apos; then &apos;$&lt;read_str_from_txt&gt; =&gt; &lt;constructor_with_str_arg&gt;$&apos; then &apos;$&lt;read_str_from_txt&gt; =&gt; &lt;base64_ascii_str_pickle_to_object&gt;$&apos; then &apos;$&lt;read_df_or_series_from_csv&gt; =&gt; &lt;single_row_or_col_df_to_dict&gt; -&gt; &lt;dict_to_object&gt;$]&apos;]
(B)                                                                                 |--test_sum_3_properties_format.txt -&gt; ExecOpTest ------- using $&lt;read_dict_from_properties&gt; =&gt; &lt;dict_to_object&gt;$
(B)                                                                                 |--test_sum_4.yaml -&gt; ExecOpTest ------- using [Try &apos;&lt;read_object_from_yaml&gt;&apos; then &apos;$&lt;read_collection_from_yaml&gt; =&gt; &lt;dict_to_object&gt;$]&apos;]
(B)                                                                                 |--test_sum_4.yaml -&gt; ExecOpTest ------- using &lt;read_object_from_yaml&gt;
(B)                                                                                 |--test_sum_5.xls -&gt; ExecOpTest ------- using $&lt;read_dataframe_from_xls&gt; =&gt; &lt;single_row_or_col_df_to_dict&gt; -&gt; &lt;dict_to_object&gt;$
(B)                                                                                 |--test_sum_6.xlsx -&gt; ExecOpTest ------- using $&lt;read_dataframe_from_xls&gt; =&gt; &lt;single_row_or_col_df_to_dict&gt; -&gt; &lt;dict_to_object&gt;$
(B)                                                                                 |--test_sum_7.xlsm -&gt; ExecOpTest ------- using $&lt;read_dataframe_from_xls&gt; =&gt; &lt;single_row_or_col_df_to_dict&gt; -&gt; &lt;dict_to_object&gt;$
Parsing Plan created successfully

Executing Parsing Plan for [/home/travis/build/smarie/python-parsyfiles/parsyfiles/tests/demo/./simple_objects]
(P) /home/travis/build/smarie/python-parsyfiles/parsyfiles/tests/demo/./simple_objects -&gt; Dict[str, ExecOpTest] ------- using Multifile Collection parser (parsyfiles defaults)
(P)                                                                                 |--test_diff_1.cfg -&gt; ExecOpTest ------- using $&lt;read_config&gt; =&gt; &lt;merge_all_config_sections_into_a_single_dict&gt; -&gt; &lt;dict_to_object&gt;$
(P)                                                                                 |--test_diff_1.cfg -&gt; ExecOpTest SUCCESS !
(P)                                                                                 |--test_diff_2.ini -&gt; ExecOpTest ------- using $&lt;read_config&gt; =&gt; &lt;merge_all_config_sections_into_a_single_dict&gt; -&gt; &lt;dict_to_object&gt;$
(P)                                                                                 |--test_diff_2.ini -&gt; ExecOpTest SUCCESS !
(P)                                                                                 |--test_diff_3_csv_format.txt -&gt; ExecOpTest ------- using $&lt;read_dict_from_properties&gt; =&gt; &lt;dict_to_object&gt;$
  !! Caught error during execution !!
  File &quot;/home/travis/build/smarie/python-parsyfiles/parsyfiles/plugins_base/support_for_objects.py&quot;, line 355, in dict_to_object
    raise main_e.with_traceback(main_e.__traceback__)
  File &quot;/home/travis/build/smarie/python-parsyfiles/parsyfiles/plugins_base/support_for_objects.py&quot;, line 350, in dict_to_object
    conversion_finder=conversion_finder, is_dict_of_dicts=is_dict_of_dicts)
  File &quot;/home/travis/build/smarie/python-parsyfiles/parsyfiles/plugins_base/support_for_objects.py&quot;, line 455, in _dict_to_object
    attr_name)
  ParsingException : Error while parsing /home/travis/build/smarie/python-parsyfiles/parsyfiles/tests/demo/./simple_objects/test_diff_3_csv_format (singlefile, .txt) as a ExecOpTest with parser &apos;$&lt;read_dict_from_properties&gt; =&gt; &lt;dict_to_object&gt;$&apos; using options=({&apos;MultifileCollectionParser&apos;: {&apos;lazy_parsing&apos;: False}}) : caught 
  InvalidAttributeNameForConstructorError : Cannot parse object of type &lt;ExecOpTest&gt; using the provided configuration file: configuration contains a property name (&apos;5,4,-,1&apos;)that is not an attribute of the object constructor. &lt;ExecOpTest&gt; constructor attributes are : [&apos;x&apos;, &apos;op&apos;, &apos;expected_result&apos;, &apos;y&apos;]
Rebuilding local parsing plan with next candidate parser: $&lt;read_str_from_txt&gt; =&gt; &lt;constructor_with_str_arg&gt;$
(B)                                                                                 |--test_diff_3_csv_format.txt -&gt; ExecOpTest ------- using $&lt;read_str_from_txt&gt; =&gt; &lt;constructor_with_str_arg&gt;$
DONE Rebuilding local parsing plan for [/home/travis/build/smarie/python-parsyfiles/parsyfiles/tests/demo/./simple_objects/test_diff_3_csv_format.txt]. Resuming parsing...
(P)                                                                                 |--test_diff_3_csv_format.txt -&gt; ExecOpTest ------- using $&lt;read_str_from_txt&gt; =&gt; &lt;constructor_with_str_arg&gt;$
  !! Caught error during execution !!
  File &quot;/home/travis/build/smarie/python-parsyfiles/parsyfiles/converting_core.py&quot;, line 532, in _convert
    raise CaughtTypeError.create(self.conversion_method, e)
  File &quot;/home/travis/build/smarie/python-parsyfiles/parsyfiles/converting_core.py&quot;, line 524, in _convert
    return self.conversion_method(desired_type, source_obj, logger, **opts)
  File &quot;/home/travis/build/smarie/python-parsyfiles/parsyfiles/plugins_base/support_for_primitive_types.py&quot;, line 111, in constructor_with_str_arg
    return desired_type(source)
  ParsingException : Error while parsing /home/travis/build/smarie/python-parsyfiles/parsyfiles/tests/demo/./simple_objects/test_diff_3_csv_format (singlefile, .txt) as a ExecOpTest with parser &apos;$&lt;read_str_from_txt&gt; =&gt; &lt;constructor_with_str_arg&gt;$&apos; using options=({&apos;MultifileCollectionParser&apos;: {&apos;lazy_parsing&apos;: False}}) : caught 
  CaughtTypeError : Caught TypeError while calling conversion function &apos;constructor_with_str_arg&apos;. Note that the conversion function signature should be &apos;def my_convert_fun(desired_type: Type[T], source: S, logger: Logger, **kwargs) -&gt; T&apos; (unpacked options mode - default) or def my_convert_fun(desired_type: Type[T], source: S, logger: Logger, options: Dict[str, Dict[str, Any]]) -&gt; T (unpack_options = False).Caught error message is : TypeError : __init__() missing 3 required positional arguments: &apos;y&apos;, &apos;op&apos;, and &apos;expected_result&apos;
Rebuilding local parsing plan with next candidate parser: $&lt;read_str_from_txt&gt; =&gt; &lt;base64_ascii_str_pickle_to_object&gt;$
(B)                                                                                 |--test_diff_3_csv_format.txt -&gt; ExecOpTest ------- using $&lt;read_str_from_txt&gt; =&gt; &lt;base64_ascii_str_pickle_to_object&gt;$
DONE Rebuilding local parsing plan for [/home/travis/build/smarie/python-parsyfiles/parsyfiles/tests/demo/./simple_objects/test_diff_3_csv_format.txt]. Resuming parsing...
(P)                                                                                 |--test_diff_3_csv_format.txt -&gt; ExecOpTest ------- using $&lt;read_str_from_txt&gt; =&gt; &lt;base64_ascii_str_pickle_to_object&gt;$
  !! Caught error during execution !!
  File &quot;/home/travis/build/smarie/python-parsyfiles/parsyfiles/converting_core.py&quot;, line 524, in _convert
    return self.conversion_method(desired_type, source_obj, logger, **opts)
  File &quot;/home/travis/build/smarie/python-parsyfiles/parsyfiles/plugins_base/support_for_objects.py&quot;, line 54, in base64_ascii_str_pickle_to_object
    return pickle.loads(base64.b64decode(b64_ascii_str), fix_imports=True, encoding=&quot;ASCII&quot;, errors=&quot;strict&quot;)
  File &quot;/home/travis/virtualenv/python3.5.5/lib/python3.5/base64.py&quot;, line 88, in b64decode
    return binascii.a2b_base64(s)
  ParsingException : Error while parsing /home/travis/build/smarie/python-parsyfiles/parsyfiles/tests/demo/./simple_objects/test_diff_3_csv_format (singlefile, .txt) as a ExecOpTest with parser &apos;$&lt;read_str_from_txt&gt; =&gt; &lt;base64_ascii_str_pickle_to_object&gt;$&apos; using options=({&apos;MultifileCollectionParser&apos;: {&apos;lazy_parsing&apos;: False}}) : caught 
  Error : Incorrect padding
Rebuilding local parsing plan with next candidate parser: $&lt;read_df_or_series_from_csv&gt; =&gt; &lt;single_row_or_col_df_to_dict&gt; -&gt; &lt;dict_to_object&gt;$
(B)                                                                                 |--test_diff_3_csv_format.txt -&gt; ExecOpTest ------- using $&lt;read_df_or_series_from_csv&gt; =&gt; &lt;single_row_or_col_df_to_dict&gt; -&gt; &lt;dict_to_object&gt;$
DONE Rebuilding local parsing plan for [/home/travis/build/smarie/python-parsyfiles/parsyfiles/tests/demo/./simple_objects/test_diff_3_csv_format.txt]. Resuming parsing...
(P)                                                                                 |--test_diff_3_csv_format.txt -&gt; ExecOpTest ------- using $&lt;read_df_or_series_from_csv&gt; =&gt; &lt;single_row_or_col_df_to_dict&gt; -&gt; &lt;dict_to_object&gt;$
(P)                                                                                 |--test_diff_3_csv_format.txt -&gt; ExecOpTest SUCCESS !
(P)                                                                                 |--test_diff_4_csv_format2.txt -&gt; ExecOpTest ------- using $&lt;read_dict_from_properties&gt; =&gt; &lt;dict_to_object&gt;$
  !! Caught error during execution !!
  File &quot;/home/travis/build/smarie/python-parsyfiles/parsyfiles/plugins_base/support_for_objects.py&quot;, line 355, in dict_to_object
    raise main_e.with_traceback(main_e.__traceback__)
  File &quot;/home/travis/build/smarie/python-parsyfiles/parsyfiles/plugins_base/support_for_objects.py&quot;, line 350, in dict_to_object
    conversion_finder=conversion_finder, is_dict_of_dicts=is_dict_of_dicts)
  File &quot;/home/travis/build/smarie/python-parsyfiles/parsyfiles/plugins_base/support_for_objects.py&quot;, line 455, in _dict_to_object
    attr_name)
  ParsingException : Error while parsing /home/travis/build/smarie/python-parsyfiles/parsyfiles/tests/demo/./simple_objects/test_diff_4_csv_format2 (singlefile, .txt) as a ExecOpTest with parser &apos;$&lt;read_dict_from_properties&gt; =&gt; &lt;dict_to_object&gt;$&apos; using options=({&apos;MultifileCollectionParser&apos;: {&apos;lazy_parsing&apos;: False}}) : caught 
  InvalidAttributeNameForConstructorError : Cannot parse object of type &lt;ExecOpTest&gt; using the provided configuration file: configuration contains a property name (&apos;y,4&apos;)that is not an attribute of the object constructor. &lt;ExecOpTest&gt; constructor attributes are : [&apos;x&apos;, &apos;op&apos;, &apos;expected_result&apos;, &apos;y&apos;]
Rebuilding local parsing plan with next candidate parser: $&lt;read_str_from_txt&gt; =&gt; &lt;constructor_with_str_arg&gt;$
(B)                                                                                 |--test_diff_4_csv_format2.txt -&gt; ExecOpTest ------- using $&lt;read_str_from_txt&gt; =&gt; &lt;constructor_with_str_arg&gt;$
DONE Rebuilding local parsing plan for [/home/travis/build/smarie/python-parsyfiles/parsyfiles/tests/demo/./simple_objects/test_diff_4_csv_format2.txt]. Resuming parsing...
(P)                                                                                 |--test_diff_4_csv_format2.txt -&gt; ExecOpTest ------- using $&lt;read_str_from_txt&gt; =&gt; &lt;constructor_with_str_arg&gt;$
  !! Caught error during execution !!
  File &quot;/home/travis/build/smarie/python-parsyfiles/parsyfiles/converting_core.py&quot;, line 532, in _convert
    raise CaughtTypeError.create(self.conversion_method, e)
  File &quot;/home/travis/build/smarie/python-parsyfiles/parsyfiles/converting_core.py&quot;, line 524, in _convert
    return self.conversion_method(desired_type, source_obj, logger, **opts)
  File &quot;/home/travis/build/smarie/python-parsyfiles/parsyfiles/plugins_base/support_for_primitive_types.py&quot;, line 111, in constructor_with_str_arg
    return desired_type(source)
  ParsingException : Error while parsing /home/travis/build/smarie/python-parsyfiles/parsyfiles/tests/demo/./simple_objects/test_diff_4_csv_format2 (singlefile, .txt) as a ExecOpTest with parser &apos;$&lt;read_str_from_txt&gt; =&gt; &lt;constructor_with_str_arg&gt;$&apos; using options=({&apos;MultifileCollectionParser&apos;: {&apos;lazy_parsing&apos;: False}}) : caught 
  CaughtTypeError : Caught TypeError while calling conversion function &apos;constructor_with_str_arg&apos;. Note that the conversion function signature should be &apos;def my_convert_fun(desired_type: Type[T], source: S, logger: Logger, **kwargs) -&gt; T&apos; (unpacked options mode - default) or def my_convert_fun(desired_type: Type[T], source: S, logger: Logger, options: Dict[str, Dict[str, Any]]) -&gt; T (unpack_options = False).Caught error message is : TypeError : __init__() missing 3 required positional arguments: &apos;y&apos;, &apos;op&apos;, and &apos;expected_result&apos;
Rebuilding local parsing plan with next candidate parser: $&lt;read_str_from_txt&gt; =&gt; &lt;base64_ascii_str_pickle_to_object&gt;$
(B)                                                                                 |--test_diff_4_csv_format2.txt -&gt; ExecOpTest ------- using $&lt;read_str_from_txt&gt; =&gt; &lt;base64_ascii_str_pickle_to_object&gt;$
DONE Rebuilding local parsing plan for [/home/travis/build/smarie/python-parsyfiles/parsyfiles/tests/demo/./simple_objects/test_diff_4_csv_format2.txt]. Resuming parsing...
(P)                                                                                 |--test_diff_4_csv_format2.txt -&gt; ExecOpTest ------- using $&lt;read_str_from_txt&gt; =&gt; &lt;base64_ascii_str_pickle_to_object&gt;$
  !! Caught error during execution !!
  File &quot;/home/travis/build/smarie/python-parsyfiles/parsyfiles/converting_core.py&quot;, line 524, in _convert
    return self.conversion_method(desired_type, source_obj, logger, **opts)
  File &quot;/home/travis/build/smarie/python-parsyfiles/parsyfiles/plugins_base/support_for_objects.py&quot;, line 54, in base64_ascii_str_pickle_to_object
    return pickle.loads(base64.b64decode(b64_ascii_str), fix_imports=True, encoding=&quot;ASCII&quot;, errors=&quot;strict&quot;)
  File &quot;/home/travis/virtualenv/python3.5.5/lib/python3.5/base64.py&quot;, line 88, in b64decode
    return binascii.a2b_base64(s)
  ParsingException : Error while parsing /home/travis/build/smarie/python-parsyfiles/parsyfiles/tests/demo/./simple_objects/test_diff_4_csv_format2 (singlefile, .txt) as a ExecOpTest with parser &apos;$&lt;read_str_from_txt&gt; =&gt; &lt;base64_ascii_str_pickle_to_object&gt;$&apos; using options=({&apos;MultifileCollectionParser&apos;: {&apos;lazy_parsing&apos;: False}}) : caught 
  Error : Incorrect padding
Rebuilding local parsing plan with next candidate parser: $&lt;read_df_or_series_from_csv&gt; =&gt; &lt;single_row_or_col_df_to_dict&gt; -&gt; &lt;dict_to_object&gt;$
(B)                                                                                 |--test_diff_4_csv_format2.txt -&gt; ExecOpTest ------- using $&lt;read_df_or_series_from_csv&gt; =&gt; &lt;single_row_or_col_df_to_dict&gt; -&gt; &lt;dict_to_object&gt;$
DONE Rebuilding local parsing plan for [/home/travis/build/smarie/python-parsyfiles/parsyfiles/tests/demo/./simple_objects/test_diff_4_csv_format2.txt]. Resuming parsing...
(P)                                                                                 |--test_diff_4_csv_format2.txt -&gt; ExecOpTest ------- using $&lt;read_df_or_series_from_csv&gt; =&gt; &lt;single_row_or_col_df_to_dict&gt; -&gt; &lt;dict_to_object&gt;$
(P)                                                                                 |--test_diff_4_csv_format2.txt -&gt; ExecOpTest SUCCESS !
(P)                                                                                 |--test_sum_1.json -&gt; ExecOpTest ------- using $&lt;read_dict_or_list_from_json&gt; =&gt; &lt;dict_to_object&gt;$
(P)                                                                                 |--test_sum_1.json -&gt; ExecOpTest SUCCESS !
(P)                                                                                 |--test_sum_2.properties -&gt; ExecOpTest ------- using $&lt;read_dict_from_properties&gt; =&gt; &lt;dict_to_object&gt;$
(P)                                                                                 |--test_sum_2.properties -&gt; ExecOpTest SUCCESS !
(P)                                                                                 |--test_sum_3_properties_format.txt -&gt; ExecOpTest ------- using $&lt;read_dict_from_properties&gt; =&gt; &lt;dict_to_object&gt;$
(P)                                                                                 |--test_sum_3_properties_format.txt -&gt; ExecOpTest SUCCESS !
(P)                                                                                 |--test_sum_4.yaml -&gt; ExecOpTest ------- using &lt;read_object_from_yaml&gt;
  !! Caught error during execution !!
  File &quot;/home/travis/build/smarie/python-parsyfiles/parsyfiles/parsing_combining_parsers.py&quot;, line 31, in execute
    return self.pp.execute(logger, options)
  File &quot;/home/travis/build/smarie/python-parsyfiles/parsyfiles/parsing_core.py&quot;, line 139, in execute
    res = super(_BaseParsingPlan, self).execute(logger, options)
  File &quot;/home/travis/build/smarie/python-parsyfiles/parsyfiles/parsing_core_api.py&quot;, line 427, in execute
    res, options)
  ParsingException : Error while parsing /home/travis/build/smarie/python-parsyfiles/parsyfiles/tests/demo/./simple_objects/test_sum_4 (singlefile, .yaml) as a &lt;class &apos;test_parsyfiles_readme.DemoTests.test_simple_objects.&lt;locals&gt;.ExecOpTest&apos;&gt; with parser &apos;&lt;read_object_from_yaml&gt;&apos; using options=({&apos;MultifileCollectionParser&apos;: {&apos;lazy_parsing&apos;: False}}) : 
      parser returned {&apos;x&apos;: 2, &apos;y&apos;: 5, &apos;expected_result&apos;: 7, &apos;op&apos;: &apos;+&apos;} of type &lt;class &apos;dict&apos;&gt; which is not an instance of &lt;class &apos;test_parsyfiles_readme.DemoTests.test_simple_objects.&lt;locals&gt;.ExecOpTest&apos;&gt;
Rebuilding local parsing plan with next candidate parser: $&lt;read_collection_from_yaml&gt; =&gt; &lt;dict_to_object&gt;$
(B)                                                                                 |--test_sum_4.yaml -&gt; ExecOpTest ------- using $&lt;read_collection_from_yaml&gt; =&gt; &lt;dict_to_object&gt;$
DONE Rebuilding local parsing plan for [/home/travis/build/smarie/python-parsyfiles/parsyfiles/tests/demo/./simple_objects/test_sum_4.yaml]. Resuming parsing...
(P)                                                                                 |--test_sum_4.yaml -&gt; ExecOpTest ------- using $&lt;read_collection_from_yaml&gt; =&gt; &lt;dict_to_object&gt;$
(P)                                                                                 |--test_sum_4.yaml -&gt; ExecOpTest SUCCESS !
(P)                                                                                 |--test_sum_5.xls -&gt; ExecOpTest ------- using $&lt;read_dataframe_from_xls&gt; =&gt; &lt;single_row_or_col_df_to_dict&gt; -&gt; &lt;dict_to_object&gt;$
(P)                                                                                 |--test_sum_5.xls -&gt; ExecOpTest SUCCESS !
(P)                                                                                 |--test_sum_6.xlsx -&gt; ExecOpTest ------- using $&lt;read_dataframe_from_xls&gt; =&gt; &lt;single_row_or_col_df_to_dict&gt; -&gt; &lt;dict_to_object&gt;$
(P)                                                                                 |--test_sum_6.xlsx -&gt; ExecOpTest SUCCESS !
(P)                                                                                 |--test_sum_7.xlsm -&gt; ExecOpTest ------- using $&lt;read_dataframe_from_xls&gt; =&gt; &lt;single_row_or_col_df_to_dict&gt; -&gt; &lt;dict_to_object&gt;$
(P)                                                                                 |--test_sum_7.xlsm -&gt; ExecOpTest SUCCESS !
(P)                                                                  |--simple_objects -&gt; Dict[str, ExecOpTest] SUCCESS !
Completed parsing successfully

OrderedDict([(&apos;test_diff_1&apos;, 1.0 - 1.0 =? 0.0),
             (&apos;test_diff_2&apos;, 0.0 - 1.0 =? -1.0),
             (&apos;test_diff_3_csv_format&apos;, 5.0 - 4.0 =? 1.0),
             (&apos;test_diff_4_csv_format2&apos;, 4.0 - 4.0 =? 0.0),
             (&apos;test_sum_1&apos;, 1.0 + 2.0 =? 3.0),
             (&apos;test_sum_2&apos;, 0.0 + 1.0 =? 1.0),
             (&apos;test_sum_3_properties_format&apos;, 1.0 + 1.0 =? 2.0),
             (&apos;test_sum_4&apos;, 2.0 + 5.0 =? 7.0),
             (&apos;test_sum_5&apos;, 56.0 + 12.0 =? 68.0),
             (&apos;test_sum_6&apos;, 56.0 + 13.0 =? 69.0),
             (&apos;test_sum_7&apos;, 56.0 + 14.0 =? 70.0)])
{&apos;.cfg&apos;: {&apos;3_generic&apos;: [$&lt;read_config&gt; =&gt; &lt;merge_all_config_sections_into_a_single_dict&gt; -&gt; &lt;dict_to_object&gt;$,
                        $&lt;read_config&gt; =&gt; &lt;config_to_dict_of_dict&gt; -&gt; &lt;dict_of_dict_to_object&gt;$,
                        $&lt;read_config&gt; =&gt; &lt;config_to_dict_of_dict&gt; -&gt; &lt;dict_to_object&gt;$]},
 &apos;.csv&apos;: {&apos;3_generic&apos;: [$&lt;read_df_or_series_from_csv&gt; =&gt; &lt;single_row_or_col_df_to_dict&gt; -&gt; &lt;dict_to_object&gt;$]},
 &apos;.ini&apos;: {&apos;3_generic&apos;: [$&lt;read_config&gt; =&gt; &lt;merge_all_config_sections_into_a_single_dict&gt; -&gt; &lt;dict_to_object&gt;$,
                        $&lt;read_config&gt; =&gt; &lt;config_to_dict_of_dict&gt; -&gt; &lt;dict_of_dict_to_object&gt;$,
                        $&lt;read_config&gt; =&gt; &lt;config_to_dict_of_dict&gt; -&gt; &lt;dict_to_object&gt;$]},
 &apos;.json&apos;: {&apos;3_generic&apos;: [$&lt;read_dict_or_list_from_json&gt; =&gt; &lt;dict_to_object&gt;$]},
 &apos;.properties&apos;: {&apos;3_generic&apos;: [$&lt;read_dict_from_properties&gt; =&gt; &lt;dict_to_object&gt;$]},
 &apos;.pyc&apos;: {&apos;3_generic&apos;: [&lt;read_object_from_pickle&gt;]},
 &apos;.txt&apos;: {&apos;3_generic&apos;: [$&lt;read_dict_from_properties&gt; =&gt; &lt;dict_to_object&gt;$,
                        $&lt;read_str_from_txt&gt; =&gt; &lt;constructor_with_str_arg&gt;$,
                        $&lt;read_str_from_txt&gt; =&gt; &lt;base64_ascii_str_pickle_to_object&gt;$,
                        $&lt;read_df_or_series_from_csv&gt; =&gt; &lt;single_row_or_col_df_to_dict&gt; -&gt; &lt;dict_to_object&gt;$]},
 &apos;.xls&apos;: {&apos;3_generic&apos;: [$&lt;read_dataframe_from_xls&gt; =&gt; &lt;single_row_or_col_df_to_dict&gt; -&gt; &lt;dict_to_object&gt;$]},
 &apos;.xlsm&apos;: {&apos;3_generic&apos;: [$&lt;read_dataframe_from_xls&gt; =&gt; &lt;single_row_or_col_df_to_dict&gt; -&gt; &lt;dict_to_object&gt;$]},
 &apos;.xlsx&apos;: {&apos;3_generic&apos;: [$&lt;read_dataframe_from_xls&gt; =&gt; &lt;single_row_or_col_df_to_dict&gt; -&gt; &lt;dict_to_object&gt;$]},
 &apos;.yaml&apos;: {&apos;3_generic&apos;: [&lt;read_object_from_yaml&gt;,
                         $&lt;read_collection_from_yaml&gt; =&gt; &lt;dict_to_object&gt;$]},
 &apos;.yml&apos;: {&apos;3_generic&apos;: [&lt;read_object_from_yaml&gt;,
                        $&lt;read_collection_from_yaml&gt; =&gt; &lt;dict_to_object&gt;$]},
 &apos;&lt;multifile&gt;&apos;: {&apos;3_generic&apos;: [Multifile Object parser (parsyfiles defaults)]}}
</system-out></testcase><testcase classname="parsyfiles.tests.old.test_parsyfiles_old.MultifileAndCustomFunctionsTest" file="parsyfiles/tests/old/test_parsyfiles_old.py" line="71" name="test_list_object_with_folders" time="0.1123664379119873"><system-out>[setup]
Elapsed: 0.025603055953979492
**** Starting to parse single object of type &lt;List[MainFooBarItem]&gt; at location /home/travis/build/smarie/python-parsyfiles/parsyfiles/tests/old/./custom_with_folders ****
Checking all files under [/home/travis/build/smarie/python-parsyfiles/parsyfiles/tests/old/./custom_with_folders]
(C) /home/travis/build/smarie/python-parsyfiles/parsyfiles/tests/old/./custom_with_folders (multifile)
(C)                                                                                     |--item1 (multifile)
(C)                                                                                           |--expected_out (singlefile, .txt)
(C)                                                                                           |--expected_perf (singlefile, .cfg)
(C)                                                                                           |--input_simple (singlefile, .txt)
(C)                                                                                     |--item2 (multifile)
(C)                                                                                           |--expected_out (singlefile, .cfg)
(C)                                                                                           |--expected_perf (singlefile, .cfg)
(C)                                                                                           |--input_simple (singlefile, .txt)
(C)                                                                                     |--item3 (multifile)
(C)                                                                                           |--expected_out (singlefile, .cfg)
(C)                                                                                           |--input_simple (singlefile, .txt)
File checks done

Building a parsing plan to parse [/home/travis/build/smarie/python-parsyfiles/parsyfiles/tests/old/./custom_with_folders] into a List[MainFooBarItem]
(B) /home/travis/build/smarie/python-parsyfiles/parsyfiles/tests/old/./custom_with_folders -&gt; List[MainFooBarItem] ------- using Multifile Collection parser (parsyfiles defaults)
(B)                                                                                     |--item1 -&gt; MainFooBarItem ------- using Multifile Object parser (parsyfiles defaults)
(B)                                                                                           |--expected_out.txt -&gt; Config ------- using [Try &apos;&lt;test_custom_read_config_from_config_file_stream&gt;&apos; then &apos;$&lt;read_dict_from_properties&gt; =&gt; &lt;dict_to_object&gt;$&apos; then &apos;$&lt;read_str_from_txt&gt; =&gt; &lt;constructor_with_str_arg&gt;$&apos; then &apos;$&lt;read_str_from_txt&gt; =&gt; &lt;base64_ascii_str_pickle_to_object&gt;$&apos; then &apos;$&lt;read_df_or_series_from_csv&gt; =&gt; &lt;single_row_or_col_df_to_dict&gt; -&gt; &lt;dict_to_object&gt;$]&apos;]
(B)                                                                                           |--expected_out.txt -&gt; Config ------- using &lt;test_custom_read_config_from_config_file_stream&gt;
(B)                                                                                           |--expected_perf.cfg -&gt; Config ------- using [Try &apos;&lt;test_custom_read_config_from_config_file_stream&gt;&apos; then &apos;$&lt;read_config&gt; =&gt; &lt;merge_all_config_sections_into_a_single_dict&gt; -&gt; &lt;dict_to_object&gt;$&apos; then &apos;$&lt;read_config&gt; =&gt; &lt;config_to_dict_of_dict&gt; -&gt; &lt;dict_of_dict_to_object&gt;$&apos; then &apos;$&lt;read_config&gt; =&gt; &lt;config_to_dict_of_dict&gt; -&gt; &lt;dict_to_object&gt;$]&apos;]
(B)                                                                                           |--expected_perf.cfg -&gt; Config ------- using &lt;test_custom_read_config_from_config_file_stream&gt;
(B)                                                                                           |--input_simple.txt -&gt; OneLiner ------- using [Try &apos;&lt;test_custom_read_oneliner_from_txt_file_stream&gt;&apos; then &apos;$&lt;read_dict_from_properties&gt; =&gt; &lt;dict_to_object&gt;$&apos; then &apos;$&lt;read_str_from_txt&gt; =&gt; &lt;constructor_with_str_arg&gt;$&apos; then &apos;$&lt;read_str_from_txt&gt; =&gt; &lt;base64_ascii_str_pickle_to_object&gt;$&apos; then &apos;$&lt;read_df_or_series_from_csv&gt; =&gt; &lt;single_row_or_col_df_to_dict&gt; -&gt; &lt;dict_to_object&gt;$&apos; then &apos;$&lt;test_custom_read_config_from_config_file_stream&gt; =&gt; &lt;merge_all_config_sections_into_a_single_dict&gt; -&gt; &lt;dict_to_object&gt;$&apos; then &apos;$&lt;test_custom_read_config_from_config_file_stream&gt; =&gt; &lt;config_to_dict_of_dict&gt; -&gt; &lt;dict_of_dict_to_object&gt;$&apos; then &apos;$&lt;test_custom_read_config_from_config_file_stream&gt; =&gt; &lt;config_to_dict_of_dict&gt; -&gt; &lt;dict_to_object&gt;$]&apos;]
(B)                                                                                           |--input_simple.txt -&gt; OneLiner ------- using &lt;test_custom_read_oneliner_from_txt_file_stream&gt;
(B)                                                                                     |--item2 -&gt; MainFooBarItem ------- using Multifile Object parser (parsyfiles defaults)
(B)                                                                                           |--expected_out.cfg -&gt; Config ------- using [Try &apos;&lt;test_custom_read_config_from_config_file_stream&gt;&apos; then &apos;$&lt;read_config&gt; =&gt; &lt;merge_all_config_sections_into_a_single_dict&gt; -&gt; &lt;dict_to_object&gt;$&apos; then &apos;$&lt;read_config&gt; =&gt; &lt;config_to_dict_of_dict&gt; -&gt; &lt;dict_of_dict_to_object&gt;$&apos; then &apos;$&lt;read_config&gt; =&gt; &lt;config_to_dict_of_dict&gt; -&gt; &lt;dict_to_object&gt;$]&apos;]
(B)                                                                                           |--expected_out.cfg -&gt; Config ------- using &lt;test_custom_read_config_from_config_file_stream&gt;
(B)                                                                                           |--expected_perf.cfg -&gt; Config ------- using [Try &apos;&lt;test_custom_read_config_from_config_file_stream&gt;&apos; then &apos;$&lt;read_config&gt; =&gt; &lt;merge_all_config_sections_into_a_single_dict&gt; -&gt; &lt;dict_to_object&gt;$&apos; then &apos;$&lt;read_config&gt; =&gt; &lt;config_to_dict_of_dict&gt; -&gt; &lt;dict_of_dict_to_object&gt;$&apos; then &apos;$&lt;read_config&gt; =&gt; &lt;config_to_dict_of_dict&gt; -&gt; &lt;dict_to_object&gt;$]&apos;]
(B)                                                                                           |--expected_perf.cfg -&gt; Config ------- using &lt;test_custom_read_config_from_config_file_stream&gt;
(B)                                                                                           |--input_simple.txt -&gt; OneLiner ------- using [Try &apos;&lt;test_custom_read_oneliner_from_txt_file_stream&gt;&apos; then &apos;$&lt;read_dict_from_properties&gt; =&gt; &lt;dict_to_object&gt;$&apos; then &apos;$&lt;read_str_from_txt&gt; =&gt; &lt;constructor_with_str_arg&gt;$&apos; then &apos;$&lt;read_str_from_txt&gt; =&gt; &lt;base64_ascii_str_pickle_to_object&gt;$&apos; then &apos;$&lt;read_df_or_series_from_csv&gt; =&gt; &lt;single_row_or_col_df_to_dict&gt; -&gt; &lt;dict_to_object&gt;$&apos; then &apos;$&lt;test_custom_read_config_from_config_file_stream&gt; =&gt; &lt;merge_all_config_sections_into_a_single_dict&gt; -&gt; &lt;dict_to_object&gt;$&apos; then &apos;$&lt;test_custom_read_config_from_config_file_stream&gt; =&gt; &lt;config_to_dict_of_dict&gt; -&gt; &lt;dict_of_dict_to_object&gt;$&apos; then &apos;$&lt;test_custom_read_config_from_config_file_stream&gt; =&gt; &lt;config_to_dict_of_dict&gt; -&gt; &lt;dict_to_object&gt;$]&apos;]
(B)                                                                                           |--input_simple.txt -&gt; OneLiner ------- using &lt;test_custom_read_oneliner_from_txt_file_stream&gt;
(B)                                                                                     |--item3 -&gt; MainFooBarItem ------- using Multifile Object parser (parsyfiles defaults)
(B)                                                                                           |--expected_out.cfg -&gt; Config ------- using [Try &apos;&lt;test_custom_read_config_from_config_file_stream&gt;&apos; then &apos;$&lt;read_config&gt; =&gt; &lt;merge_all_config_sections_into_a_single_dict&gt; -&gt; &lt;dict_to_object&gt;$&apos; then &apos;$&lt;read_config&gt; =&gt; &lt;config_to_dict_of_dict&gt; -&gt; &lt;dict_of_dict_to_object&gt;$&apos; then &apos;$&lt;read_config&gt; =&gt; &lt;config_to_dict_of_dict&gt; -&gt; &lt;dict_to_object&gt;$]&apos;]
(B)                                                                                           |--expected_out.cfg -&gt; Config ------- using &lt;test_custom_read_config_from_config_file_stream&gt;
(B)                                                                                          |--expected_perf: NOT FOUND - This optional constructor attribute for type MainFooBarItem was not found on file system, but this may be normal - this message is displayed &apos;just in case&apos;.
(B)                                                                                           |--input_simple.txt -&gt; OneLiner ------- using [Try &apos;&lt;test_custom_read_oneliner_from_txt_file_stream&gt;&apos; then &apos;$&lt;read_dict_from_properties&gt; =&gt; &lt;dict_to_object&gt;$&apos; then &apos;$&lt;read_str_from_txt&gt; =&gt; &lt;constructor_with_str_arg&gt;$&apos; then &apos;$&lt;read_str_from_txt&gt; =&gt; &lt;base64_ascii_str_pickle_to_object&gt;$&apos; then &apos;$&lt;read_df_or_series_from_csv&gt; =&gt; &lt;single_row_or_col_df_to_dict&gt; -&gt; &lt;dict_to_object&gt;$&apos; then &apos;$&lt;test_custom_read_config_from_config_file_stream&gt; =&gt; &lt;merge_all_config_sections_into_a_single_dict&gt; -&gt; &lt;dict_to_object&gt;$&apos; then &apos;$&lt;test_custom_read_config_from_config_file_stream&gt; =&gt; &lt;config_to_dict_of_dict&gt; -&gt; &lt;dict_of_dict_to_object&gt;$&apos; then &apos;$&lt;test_custom_read_config_from_config_file_stream&gt; =&gt; &lt;config_to_dict_of_dict&gt; -&gt; &lt;dict_to_object&gt;$]&apos;]
(B)                                                                                           |--input_simple.txt -&gt; OneLiner ------- using &lt;test_custom_read_oneliner_from_txt_file_stream&gt;
Parsing Plan created successfully

Executing Parsing Plan for [/home/travis/build/smarie/python-parsyfiles/parsyfiles/tests/old/./custom_with_folders]
(P) /home/travis/build/smarie/python-parsyfiles/parsyfiles/tests/old/./custom_with_folders -&gt; List[MainFooBarItem] ------- using Multifile Collection parser (parsyfiles defaults)
(P)                                                                                     |--item1 -&gt; MainFooBarItem ------- using Multifile Object parser (parsyfiles defaults)
(P)                                                                                           |--expected_out.txt -&gt; Config ------- using &lt;test_custom_read_config_from_config_file_stream&gt;
(P)                                                                                           |--expected_out.txt -&gt; Config SUCCESS !
(P)                                                                                           |--expected_perf.cfg -&gt; Config ------- using &lt;test_custom_read_config_from_config_file_stream&gt;
(P)                                                                                           |--expected_perf.cfg -&gt; Config SUCCESS !
(P)                                                                                           |--input_simple.txt -&gt; OneLiner ------- using &lt;test_custom_read_oneliner_from_txt_file_stream&gt;
(P)                                                                                           |--input_simple.txt -&gt; OneLiner SUCCESS !
(P)                                                                                     |--item1 -&gt; MainFooBarItem SUCCESS !
(P)                                                                                     |--item2 -&gt; MainFooBarItem ------- using Multifile Object parser (parsyfiles defaults)
(P)                                                                                           |--expected_out.cfg -&gt; Config ------- using &lt;test_custom_read_config_from_config_file_stream&gt;
(P)                                                                                           |--expected_out.cfg -&gt; Config SUCCESS !
(P)                                                                                           |--expected_perf.cfg -&gt; Config ------- using &lt;test_custom_read_config_from_config_file_stream&gt;
(P)                                                                                           |--expected_perf.cfg -&gt; Config SUCCESS !
(P)                                                                                           |--input_simple.txt -&gt; OneLiner ------- using &lt;test_custom_read_oneliner_from_txt_file_stream&gt;
(P)                                                                                           |--input_simple.txt -&gt; OneLiner SUCCESS !
(P)                                                                                     |--item2 -&gt; MainFooBarItem SUCCESS !
(P)                                                                                     |--item3 -&gt; MainFooBarItem ------- using Multifile Object parser (parsyfiles defaults)
(P)                                                                                           |--expected_out.cfg -&gt; Config ------- using &lt;test_custom_read_config_from_config_file_stream&gt;
(P)                                                                                           |--expected_out.cfg -&gt; Config SUCCESS !
(P)                                                                                           |--input_simple.txt -&gt; OneLiner ------- using &lt;test_custom_read_oneliner_from_txt_file_stream&gt;
(P)                                                                                           |--input_simple.txt -&gt; OneLiner SUCCESS !
(P)                                                                                     |--item3 -&gt; MainFooBarItem SUCCESS !
(P)                                                                 |--custom_with_folders -&gt; List[MainFooBarItem] SUCCESS !
Completed parsing successfully

[{&apos;expected_out&apos;: &lt;test_parsyfiles_old.MultifileAndCustomFunctionsTest._create_root_parser.&lt;locals&gt;.Config object at 0x7fab07b0cac8&gt;, &apos;expected_perf&apos;: &lt;test_parsyfiles_old.MultifileAndCustomFunctionsTest._create_root_parser.&lt;locals&gt;.Config object at 0x7fab07b0c588&gt;, &apos;input_simple&apos;: this content is really interesting}, {&apos;expected_out&apos;: &lt;test_parsyfiles_old.MultifileAndCustomFunctionsTest._create_root_parser.&lt;locals&gt;.Config object at 0x7fab07a55518&gt;, &apos;expected_perf&apos;: &lt;test_parsyfiles_old.MultifileAndCustomFunctionsTest._create_root_parser.&lt;locals&gt;.Config object at 0x7fab07a6ecf8&gt;, &apos;input_simple&apos;: this content is really interesting}, {&apos;expected_out&apos;: &lt;test_parsyfiles_old.MultifileAndCustomFunctionsTest._create_root_parser.&lt;locals&gt;.Config object at 0x7fab07b155f8&gt;, &apos;expected_perf&apos;: None, &apos;input_simple&apos;: this content is really interesting}]
</system-out></testcase><testcase classname="parsyfiles.tests.old.test_parsyfiles_old.MultifileAndCustomFunctionsTest" file="parsyfiles/tests/old/test_parsyfiles_old.py" line="89" name="test_no_folders" time="0.11126494407653809"><system-out>[setup]
Elapsed: 0.022861480712890625
**** Starting to parse collection of &lt;MainFooBarItem&gt; at location /home/travis/build/smarie/python-parsyfiles/parsyfiles/tests/old/./custom_without_folders ****
Checking all files under [/home/travis/build/smarie/python-parsyfiles/parsyfiles/tests/old/./custom_without_folders]
(C) /home/travis/build/smarie/python-parsyfiles/parsyfiles/tests/old/./custom_without_folders (multifile)
(C)                                                                                        |--item1 (multifile)
(C)                                                                                        |--item1.expected_out (singlefile, .txt)
(C)                                                                                        |--item1.expected_perf (singlefile, .cfg)
(C)                                                                                        |--item1.input_simple (singlefile, .txt)
(C)                                                                                        |--item2 (multifile)
(C)                                                                                        |--item2.expected_out (singlefile, .cfg)
(C)                                                                                        |--item2.expected_perf (singlefile, .cfg)
(C)                                                                                        |--item2.input_simple (singlefile, .txt)
(C)                                                                                        |--item3 (multifile)
(C)                                                                                        |--item3.expected_out (singlefile, .cfg)
(C)                                                                                        |--item3.input_simple (singlefile, .txt)
File checks done

Building a parsing plan to parse [/home/travis/build/smarie/python-parsyfiles/parsyfiles/tests/old/./custom_without_folders] into a Dict[str, MainFooBarItem]
(B) /home/travis/build/smarie/python-parsyfiles/parsyfiles/tests/old/./custom_without_folders -&gt; Dict[str, MainFooBarItem] ------- using Multifile Collection parser (parsyfiles defaults)
(B)                                                                                        |--item1 -&gt; MainFooBarItem ------- using Multifile Object parser (parsyfiles defaults)
(B)                                                                                        |--item1.expected_out.txt -&gt; Config ------- using [Try &apos;&lt;test_custom_read_config_from_config_file_stream&gt;&apos; then &apos;$&lt;read_dict_from_properties&gt; =&gt; &lt;dict_to_object&gt;$&apos; then &apos;$&lt;read_str_from_txt&gt; =&gt; &lt;constructor_with_str_arg&gt;$&apos; then &apos;$&lt;read_str_from_txt&gt; =&gt; &lt;base64_ascii_str_pickle_to_object&gt;$&apos; then &apos;$&lt;read_df_or_series_from_csv&gt; =&gt; &lt;single_row_or_col_df_to_dict&gt; -&gt; &lt;dict_to_object&gt;$]&apos;]
(B)                                                                                        |--item1.expected_out.txt -&gt; Config ------- using &lt;test_custom_read_config_from_config_file_stream&gt;
(B)                                                                                        |--item1.expected_perf.cfg -&gt; Config ------- using [Try &apos;&lt;test_custom_read_config_from_config_file_stream&gt;&apos; then &apos;$&lt;read_config&gt; =&gt; &lt;merge_all_config_sections_into_a_single_dict&gt; -&gt; &lt;dict_to_object&gt;$&apos; then &apos;$&lt;read_config&gt; =&gt; &lt;config_to_dict_of_dict&gt; -&gt; &lt;dict_of_dict_to_object&gt;$&apos; then &apos;$&lt;read_config&gt; =&gt; &lt;config_to_dict_of_dict&gt; -&gt; &lt;dict_to_object&gt;$]&apos;]
(B)                                                                                        |--item1.expected_perf.cfg -&gt; Config ------- using &lt;test_custom_read_config_from_config_file_stream&gt;
(B)                                                                                        |--item1.input_simple.txt -&gt; OneLiner ------- using [Try &apos;&lt;test_custom_read_oneliner_from_txt_file_stream&gt;&apos; then &apos;$&lt;read_dict_from_properties&gt; =&gt; &lt;dict_to_object&gt;$&apos; then &apos;$&lt;read_str_from_txt&gt; =&gt; &lt;constructor_with_str_arg&gt;$&apos; then &apos;$&lt;read_str_from_txt&gt; =&gt; &lt;base64_ascii_str_pickle_to_object&gt;$&apos; then &apos;$&lt;read_df_or_series_from_csv&gt; =&gt; &lt;single_row_or_col_df_to_dict&gt; -&gt; &lt;dict_to_object&gt;$&apos; then &apos;$&lt;test_custom_read_config_from_config_file_stream&gt; =&gt; &lt;merge_all_config_sections_into_a_single_dict&gt; -&gt; &lt;dict_to_object&gt;$&apos; then &apos;$&lt;test_custom_read_config_from_config_file_stream&gt; =&gt; &lt;config_to_dict_of_dict&gt; -&gt; &lt;dict_of_dict_to_object&gt;$&apos; then &apos;$&lt;test_custom_read_config_from_config_file_stream&gt; =&gt; &lt;config_to_dict_of_dict&gt; -&gt; &lt;dict_to_object&gt;$]&apos;]
(B)                                                                                        |--item1.input_simple.txt -&gt; OneLiner ------- using &lt;test_custom_read_oneliner_from_txt_file_stream&gt;
(B)                                                                                        |--item2 -&gt; MainFooBarItem ------- using Multifile Object parser (parsyfiles defaults)
(B)                                                                                        |--item2.expected_out.cfg -&gt; Config ------- using [Try &apos;&lt;test_custom_read_config_from_config_file_stream&gt;&apos; then &apos;$&lt;read_config&gt; =&gt; &lt;merge_all_config_sections_into_a_single_dict&gt; -&gt; &lt;dict_to_object&gt;$&apos; then &apos;$&lt;read_config&gt; =&gt; &lt;config_to_dict_of_dict&gt; -&gt; &lt;dict_of_dict_to_object&gt;$&apos; then &apos;$&lt;read_config&gt; =&gt; &lt;config_to_dict_of_dict&gt; -&gt; &lt;dict_to_object&gt;$]&apos;]
(B)                                                                                        |--item2.expected_out.cfg -&gt; Config ------- using &lt;test_custom_read_config_from_config_file_stream&gt;
(B)                                                                                        |--item2.expected_perf.cfg -&gt; Config ------- using [Try &apos;&lt;test_custom_read_config_from_config_file_stream&gt;&apos; then &apos;$&lt;read_config&gt; =&gt; &lt;merge_all_config_sections_into_a_single_dict&gt; -&gt; &lt;dict_to_object&gt;$&apos; then &apos;$&lt;read_config&gt; =&gt; &lt;config_to_dict_of_dict&gt; -&gt; &lt;dict_of_dict_to_object&gt;$&apos; then &apos;$&lt;read_config&gt; =&gt; &lt;config_to_dict_of_dict&gt; -&gt; &lt;dict_to_object&gt;$]&apos;]
(B)                                                                                        |--item2.expected_perf.cfg -&gt; Config ------- using &lt;test_custom_read_config_from_config_file_stream&gt;
(B)                                                                                        |--item2.input_simple.txt -&gt; OneLiner ------- using [Try &apos;&lt;test_custom_read_oneliner_from_txt_file_stream&gt;&apos; then &apos;$&lt;read_dict_from_properties&gt; =&gt; &lt;dict_to_object&gt;$&apos; then &apos;$&lt;read_str_from_txt&gt; =&gt; &lt;constructor_with_str_arg&gt;$&apos; then &apos;$&lt;read_str_from_txt&gt; =&gt; &lt;base64_ascii_str_pickle_to_object&gt;$&apos; then &apos;$&lt;read_df_or_series_from_csv&gt; =&gt; &lt;single_row_or_col_df_to_dict&gt; -&gt; &lt;dict_to_object&gt;$&apos; then &apos;$&lt;test_custom_read_config_from_config_file_stream&gt; =&gt; &lt;merge_all_config_sections_into_a_single_dict&gt; -&gt; &lt;dict_to_object&gt;$&apos; then &apos;$&lt;test_custom_read_config_from_config_file_stream&gt; =&gt; &lt;config_to_dict_of_dict&gt; -&gt; &lt;dict_of_dict_to_object&gt;$&apos; then &apos;$&lt;test_custom_read_config_from_config_file_stream&gt; =&gt; &lt;config_to_dict_of_dict&gt; -&gt; &lt;dict_to_object&gt;$]&apos;]
(B)                                                                                        |--item2.input_simple.txt -&gt; OneLiner ------- using &lt;test_custom_read_oneliner_from_txt_file_stream&gt;
(B)                                                                                        |--item3 -&gt; MainFooBarItem ------- using Multifile Object parser (parsyfiles defaults)
(B)                                                                                        |--item3.expected_out.cfg -&gt; Config ------- using [Try &apos;&lt;test_custom_read_config_from_config_file_stream&gt;&apos; then &apos;$&lt;read_config&gt; =&gt; &lt;merge_all_config_sections_into_a_single_dict&gt; -&gt; &lt;dict_to_object&gt;$&apos; then &apos;$&lt;read_config&gt; =&gt; &lt;config_to_dict_of_dict&gt; -&gt; &lt;dict_of_dict_to_object&gt;$&apos; then &apos;$&lt;read_config&gt; =&gt; &lt;config_to_dict_of_dict&gt; -&gt; &lt;dict_to_object&gt;$]&apos;]
(B)                                                                                        |--item3.expected_out.cfg -&gt; Config ------- using &lt;test_custom_read_config_from_config_file_stream&gt;
(B)                                                                                             |--expected_perf: NOT FOUND - This optional constructor attribute for type MainFooBarItem was not found on file system, but this may be normal - this message is displayed &apos;just in case&apos;.
(B)                                                                                        |--item3.input_simple.txt -&gt; OneLiner ------- using [Try &apos;&lt;test_custom_read_oneliner_from_txt_file_stream&gt;&apos; then &apos;$&lt;read_dict_from_properties&gt; =&gt; &lt;dict_to_object&gt;$&apos; then &apos;$&lt;read_str_from_txt&gt; =&gt; &lt;constructor_with_str_arg&gt;$&apos; then &apos;$&lt;read_str_from_txt&gt; =&gt; &lt;base64_ascii_str_pickle_to_object&gt;$&apos; then &apos;$&lt;read_df_or_series_from_csv&gt; =&gt; &lt;single_row_or_col_df_to_dict&gt; -&gt; &lt;dict_to_object&gt;$&apos; then &apos;$&lt;test_custom_read_config_from_config_file_stream&gt; =&gt; &lt;merge_all_config_sections_into_a_single_dict&gt; -&gt; &lt;dict_to_object&gt;$&apos; then &apos;$&lt;test_custom_read_config_from_config_file_stream&gt; =&gt; &lt;config_to_dict_of_dict&gt; -&gt; &lt;dict_of_dict_to_object&gt;$&apos; then &apos;$&lt;test_custom_read_config_from_config_file_stream&gt; =&gt; &lt;config_to_dict_of_dict&gt; -&gt; &lt;dict_to_object&gt;$]&apos;]
(B)                                                                                        |--item3.input_simple.txt -&gt; OneLiner ------- using &lt;test_custom_read_oneliner_from_txt_file_stream&gt;
Parsing Plan created successfully

Executing Parsing Plan for [/home/travis/build/smarie/python-parsyfiles/parsyfiles/tests/old/./custom_without_folders]
(P) /home/travis/build/smarie/python-parsyfiles/parsyfiles/tests/old/./custom_without_folders -&gt; Dict[str, MainFooBarItem] ------- using Multifile Collection parser (parsyfiles defaults)
(P)                                                                                        |--item1 -&gt; MainFooBarItem ------- using Multifile Object parser (parsyfiles defaults)
(P)                                                                                        |--item1.expected_out.txt -&gt; Config ------- using &lt;test_custom_read_config_from_config_file_stream&gt;
(P)                                                                                        |--item1.expected_out.txt -&gt; Config SUCCESS !
(P)                                                                                        |--item1.expected_perf.cfg -&gt; Config ------- using &lt;test_custom_read_config_from_config_file_stream&gt;
(P)                                                                                        |--item1.expected_perf.cfg -&gt; Config SUCCESS !
(P)                                                                                        |--item1.input_simple.txt -&gt; OneLiner ------- using &lt;test_custom_read_oneliner_from_txt_file_stream&gt;
(P)                                                                                        |--item1.input_simple.txt -&gt; OneLiner SUCCESS !
(P)                                                                                        |--item1 -&gt; MainFooBarItem SUCCESS !
(P)                                                                                        |--item2 -&gt; MainFooBarItem ------- using Multifile Object parser (parsyfiles defaults)
(P)                                                                                        |--item2.expected_out.cfg -&gt; Config ------- using &lt;test_custom_read_config_from_config_file_stream&gt;
(P)                                                                                        |--item2.expected_out.cfg -&gt; Config SUCCESS !
(P)                                                                                        |--item2.expected_perf.cfg -&gt; Config ------- using &lt;test_custom_read_config_from_config_file_stream&gt;
(P)                                                                                        |--item2.expected_perf.cfg -&gt; Config SUCCESS !
(P)                                                                                        |--item2.input_simple.txt -&gt; OneLiner ------- using &lt;test_custom_read_oneliner_from_txt_file_stream&gt;
(P)                                                                                        |--item2.input_simple.txt -&gt; OneLiner SUCCESS !
(P)                                                                                        |--item2 -&gt; MainFooBarItem SUCCESS !
(P)                                                                                        |--item3 -&gt; MainFooBarItem ------- using Multifile Object parser (parsyfiles defaults)
(P)                                                                                        |--item3.expected_out.cfg -&gt; Config ------- using &lt;test_custom_read_config_from_config_file_stream&gt;
(P)                                                                                        |--item3.expected_out.cfg -&gt; Config SUCCESS !
(P)                                                                                        |--item3.input_simple.txt -&gt; OneLiner ------- using &lt;test_custom_read_oneliner_from_txt_file_stream&gt;
(P)                                                                                        |--item3.input_simple.txt -&gt; OneLiner SUCCESS !
(P)                                                                                        |--item3 -&gt; MainFooBarItem SUCCESS !
(P)                                                                 |--custom_without_folders -&gt; Dict[str, MainFooBarItem] SUCCESS !
Completed parsing successfully

OrderedDict([(&apos;item1&apos;,
              {&apos;expected_out&apos;: &lt;test_parsyfiles_old.MultifileAndCustomFunctionsTest._create_root_parser.&lt;locals&gt;.Config object at 0x7fab07a122e8&gt;, &apos;expected_perf&apos;: &lt;test_parsyfiles_old.MultifileAndCustomFunctionsTest._create_root_parser.&lt;locals&gt;.Config object at 0x7fab07a12dd8&gt;, &apos;input_simple&apos;: this content is really interesting}),
             (&apos;item2&apos;,
              {&apos;expected_out&apos;: &lt;test_parsyfiles_old.MultifileAndCustomFunctionsTest._create_root_parser.&lt;locals&gt;.Config object at 0x7fab06fb9400&gt;, &apos;expected_perf&apos;: &lt;test_parsyfiles_old.MultifileAndCustomFunctionsTest._create_root_parser.&lt;locals&gt;.Config object at 0x7fab06fb97f0&gt;, &apos;input_simple&apos;: this content is really interesting}),
             (&apos;item3&apos;,
              {&apos;expected_out&apos;: &lt;test_parsyfiles_old.MultifileAndCustomFunctionsTest._create_root_parser.&lt;locals&gt;.Config object at 0x7fab06fa20f0&gt;, &apos;expected_perf&apos;: None, &apos;input_simple&apos;: this content is really interesting})])
</system-out></testcase><testcase classname="parsyfiles.tests.old.test_parsyfiles_old.MultifileAndCustomFunctionsTest" file="parsyfiles/tests/old/test_parsyfiles_old.py" line="65" name="test_single_list_object_with_folders" time="0.1024770736694336"><system-out>[setup]
Elapsed: 0.021597862243652344
**** Starting to parse single object of type &lt;List[MainFooBarItem]&gt; at location /home/travis/build/smarie/python-parsyfiles/parsyfiles/tests/old/./custom_with_folders ****
Checking all files under [/home/travis/build/smarie/python-parsyfiles/parsyfiles/tests/old/./custom_with_folders]
(C) /home/travis/build/smarie/python-parsyfiles/parsyfiles/tests/old/./custom_with_folders (multifile)
(C)                                                                                     |--item1 (multifile)
(C)                                                                                           |--expected_out (singlefile, .txt)
(C)                                                                                           |--expected_perf (singlefile, .cfg)
(C)                                                                                           |--input_simple (singlefile, .txt)
(C)                                                                                     |--item2 (multifile)
(C)                                                                                           |--expected_out (singlefile, .cfg)
(C)                                                                                           |--expected_perf (singlefile, .cfg)
(C)                                                                                           |--input_simple (singlefile, .txt)
(C)                                                                                     |--item3 (multifile)
(C)                                                                                           |--expected_out (singlefile, .cfg)
(C)                                                                                           |--input_simple (singlefile, .txt)
File checks done

Building a parsing plan to parse [/home/travis/build/smarie/python-parsyfiles/parsyfiles/tests/old/./custom_with_folders] into a List[MainFooBarItem]
(B) /home/travis/build/smarie/python-parsyfiles/parsyfiles/tests/old/./custom_with_folders -&gt; List[MainFooBarItem] ------- using Multifile Collection parser (parsyfiles defaults)
(B)                                                                                     |--item1 -&gt; MainFooBarItem ------- using Multifile Object parser (parsyfiles defaults)
(B)                                                                                           |--expected_out.txt -&gt; Config ------- using [Try &apos;&lt;test_custom_read_config_from_config_file_stream&gt;&apos; then &apos;$&lt;read_dict_from_properties&gt; =&gt; &lt;dict_to_object&gt;$&apos; then &apos;$&lt;read_str_from_txt&gt; =&gt; &lt;constructor_with_str_arg&gt;$&apos; then &apos;$&lt;read_str_from_txt&gt; =&gt; &lt;base64_ascii_str_pickle_to_object&gt;$&apos; then &apos;$&lt;read_df_or_series_from_csv&gt; =&gt; &lt;single_row_or_col_df_to_dict&gt; -&gt; &lt;dict_to_object&gt;$]&apos;]
(B)                                                                                           |--expected_out.txt -&gt; Config ------- using &lt;test_custom_read_config_from_config_file_stream&gt;
(B)                                                                                           |--expected_perf.cfg -&gt; Config ------- using [Try &apos;&lt;test_custom_read_config_from_config_file_stream&gt;&apos; then &apos;$&lt;read_config&gt; =&gt; &lt;merge_all_config_sections_into_a_single_dict&gt; -&gt; &lt;dict_to_object&gt;$&apos; then &apos;$&lt;read_config&gt; =&gt; &lt;config_to_dict_of_dict&gt; -&gt; &lt;dict_of_dict_to_object&gt;$&apos; then &apos;$&lt;read_config&gt; =&gt; &lt;config_to_dict_of_dict&gt; -&gt; &lt;dict_to_object&gt;$]&apos;]
(B)                                                                                           |--expected_perf.cfg -&gt; Config ------- using &lt;test_custom_read_config_from_config_file_stream&gt;
(B)                                                                                           |--input_simple.txt -&gt; OneLiner ------- using [Try &apos;&lt;test_custom_read_oneliner_from_txt_file_stream&gt;&apos; then &apos;$&lt;read_dict_from_properties&gt; =&gt; &lt;dict_to_object&gt;$&apos; then &apos;$&lt;read_str_from_txt&gt; =&gt; &lt;constructor_with_str_arg&gt;$&apos; then &apos;$&lt;read_str_from_txt&gt; =&gt; &lt;base64_ascii_str_pickle_to_object&gt;$&apos; then &apos;$&lt;read_df_or_series_from_csv&gt; =&gt; &lt;single_row_or_col_df_to_dict&gt; -&gt; &lt;dict_to_object&gt;$&apos; then &apos;$&lt;test_custom_read_config_from_config_file_stream&gt; =&gt; &lt;merge_all_config_sections_into_a_single_dict&gt; -&gt; &lt;dict_to_object&gt;$&apos; then &apos;$&lt;test_custom_read_config_from_config_file_stream&gt; =&gt; &lt;config_to_dict_of_dict&gt; -&gt; &lt;dict_of_dict_to_object&gt;$&apos; then &apos;$&lt;test_custom_read_config_from_config_file_stream&gt; =&gt; &lt;config_to_dict_of_dict&gt; -&gt; &lt;dict_to_object&gt;$]&apos;]
(B)                                                                                           |--input_simple.txt -&gt; OneLiner ------- using &lt;test_custom_read_oneliner_from_txt_file_stream&gt;
(B)                                                                                     |--item2 -&gt; MainFooBarItem ------- using Multifile Object parser (parsyfiles defaults)
(B)                                                                                           |--expected_out.cfg -&gt; Config ------- using [Try &apos;&lt;test_custom_read_config_from_config_file_stream&gt;&apos; then &apos;$&lt;read_config&gt; =&gt; &lt;merge_all_config_sections_into_a_single_dict&gt; -&gt; &lt;dict_to_object&gt;$&apos; then &apos;$&lt;read_config&gt; =&gt; &lt;config_to_dict_of_dict&gt; -&gt; &lt;dict_of_dict_to_object&gt;$&apos; then &apos;$&lt;read_config&gt; =&gt; &lt;config_to_dict_of_dict&gt; -&gt; &lt;dict_to_object&gt;$]&apos;]
(B)                                                                                           |--expected_out.cfg -&gt; Config ------- using &lt;test_custom_read_config_from_config_file_stream&gt;
(B)                                                                                           |--expected_perf.cfg -&gt; Config ------- using [Try &apos;&lt;test_custom_read_config_from_config_file_stream&gt;&apos; then &apos;$&lt;read_config&gt; =&gt; &lt;merge_all_config_sections_into_a_single_dict&gt; -&gt; &lt;dict_to_object&gt;$&apos; then &apos;$&lt;read_config&gt; =&gt; &lt;config_to_dict_of_dict&gt; -&gt; &lt;dict_of_dict_to_object&gt;$&apos; then &apos;$&lt;read_config&gt; =&gt; &lt;config_to_dict_of_dict&gt; -&gt; &lt;dict_to_object&gt;$]&apos;]
(B)                                                                                           |--expected_perf.cfg -&gt; Config ------- using &lt;test_custom_read_config_from_config_file_stream&gt;
(B)                                                                                           |--input_simple.txt -&gt; OneLiner ------- using [Try &apos;&lt;test_custom_read_oneliner_from_txt_file_stream&gt;&apos; then &apos;$&lt;read_dict_from_properties&gt; =&gt; &lt;dict_to_object&gt;$&apos; then &apos;$&lt;read_str_from_txt&gt; =&gt; &lt;constructor_with_str_arg&gt;$&apos; then &apos;$&lt;read_str_from_txt&gt; =&gt; &lt;base64_ascii_str_pickle_to_object&gt;$&apos; then &apos;$&lt;read_df_or_series_from_csv&gt; =&gt; &lt;single_row_or_col_df_to_dict&gt; -&gt; &lt;dict_to_object&gt;$&apos; then &apos;$&lt;test_custom_read_config_from_config_file_stream&gt; =&gt; &lt;merge_all_config_sections_into_a_single_dict&gt; -&gt; &lt;dict_to_object&gt;$&apos; then &apos;$&lt;test_custom_read_config_from_config_file_stream&gt; =&gt; &lt;config_to_dict_of_dict&gt; -&gt; &lt;dict_of_dict_to_object&gt;$&apos; then &apos;$&lt;test_custom_read_config_from_config_file_stream&gt; =&gt; &lt;config_to_dict_of_dict&gt; -&gt; &lt;dict_to_object&gt;$]&apos;]
(B)                                                                                           |--input_simple.txt -&gt; OneLiner ------- using &lt;test_custom_read_oneliner_from_txt_file_stream&gt;
(B)                                                                                     |--item3 -&gt; MainFooBarItem ------- using Multifile Object parser (parsyfiles defaults)
(B)                                                                                           |--expected_out.cfg -&gt; Config ------- using [Try &apos;&lt;test_custom_read_config_from_config_file_stream&gt;&apos; then &apos;$&lt;read_config&gt; =&gt; &lt;merge_all_config_sections_into_a_single_dict&gt; -&gt; &lt;dict_to_object&gt;$&apos; then &apos;$&lt;read_config&gt; =&gt; &lt;config_to_dict_of_dict&gt; -&gt; &lt;dict_of_dict_to_object&gt;$&apos; then &apos;$&lt;read_config&gt; =&gt; &lt;config_to_dict_of_dict&gt; -&gt; &lt;dict_to_object&gt;$]&apos;]
(B)                                                                                           |--expected_out.cfg -&gt; Config ------- using &lt;test_custom_read_config_from_config_file_stream&gt;
(B)                                                                                          |--expected_perf: NOT FOUND - This optional constructor attribute for type MainFooBarItem was not found on file system, but this may be normal - this message is displayed &apos;just in case&apos;.
(B)                                                                                           |--input_simple.txt -&gt; OneLiner ------- using [Try &apos;&lt;test_custom_read_oneliner_from_txt_file_stream&gt;&apos; then &apos;$&lt;read_dict_from_properties&gt; =&gt; &lt;dict_to_object&gt;$&apos; then &apos;$&lt;read_str_from_txt&gt; =&gt; &lt;constructor_with_str_arg&gt;$&apos; then &apos;$&lt;read_str_from_txt&gt; =&gt; &lt;base64_ascii_str_pickle_to_object&gt;$&apos; then &apos;$&lt;read_df_or_series_from_csv&gt; =&gt; &lt;single_row_or_col_df_to_dict&gt; -&gt; &lt;dict_to_object&gt;$&apos; then &apos;$&lt;test_custom_read_config_from_config_file_stream&gt; =&gt; &lt;merge_all_config_sections_into_a_single_dict&gt; -&gt; &lt;dict_to_object&gt;$&apos; then &apos;$&lt;test_custom_read_config_from_config_file_stream&gt; =&gt; &lt;config_to_dict_of_dict&gt; -&gt; &lt;dict_of_dict_to_object&gt;$&apos; then &apos;$&lt;test_custom_read_config_from_config_file_stream&gt; =&gt; &lt;config_to_dict_of_dict&gt; -&gt; &lt;dict_to_object&gt;$]&apos;]
(B)                                                                                           |--input_simple.txt -&gt; OneLiner ------- using &lt;test_custom_read_oneliner_from_txt_file_stream&gt;
Parsing Plan created successfully

Executing Parsing Plan for [/home/travis/build/smarie/python-parsyfiles/parsyfiles/tests/old/./custom_with_folders]
(P) /home/travis/build/smarie/python-parsyfiles/parsyfiles/tests/old/./custom_with_folders -&gt; List[MainFooBarItem] ------- using Multifile Collection parser (parsyfiles defaults)
(P)                                                                                     |--item1 -&gt; MainFooBarItem ------- using Multifile Object parser (parsyfiles defaults)
(P)                                                                                           |--expected_out.txt -&gt; Config ------- using &lt;test_custom_read_config_from_config_file_stream&gt;
(P)                                                                                           |--expected_out.txt -&gt; Config SUCCESS !
(P)                                                                                           |--expected_perf.cfg -&gt; Config ------- using &lt;test_custom_read_config_from_config_file_stream&gt;
(P)                                                                                           |--expected_perf.cfg -&gt; Config SUCCESS !
(P)                                                                                           |--input_simple.txt -&gt; OneLiner ------- using &lt;test_custom_read_oneliner_from_txt_file_stream&gt;
(P)                                                                                           |--input_simple.txt -&gt; OneLiner SUCCESS !
(P)                                                                                     |--item1 -&gt; MainFooBarItem SUCCESS !
(P)                                                                                     |--item2 -&gt; MainFooBarItem ------- using Multifile Object parser (parsyfiles defaults)
(P)                                                                                           |--expected_out.cfg -&gt; Config ------- using &lt;test_custom_read_config_from_config_file_stream&gt;
(P)                                                                                           |--expected_out.cfg -&gt; Config SUCCESS !
(P)                                                                                           |--expected_perf.cfg -&gt; Config ------- using &lt;test_custom_read_config_from_config_file_stream&gt;
(P)                                                                                           |--expected_perf.cfg -&gt; Config SUCCESS !
(P)                                                                                           |--input_simple.txt -&gt; OneLiner ------- using &lt;test_custom_read_oneliner_from_txt_file_stream&gt;
(P)                                                                                           |--input_simple.txt -&gt; OneLiner SUCCESS !
(P)                                                                                     |--item2 -&gt; MainFooBarItem SUCCESS !
(P)                                                                                     |--item3 -&gt; MainFooBarItem ------- using Multifile Object parser (parsyfiles defaults)
(P)                                                                                           |--expected_out.cfg -&gt; Config ------- using &lt;test_custom_read_config_from_config_file_stream&gt;
(P)                                                                                           |--expected_out.cfg -&gt; Config SUCCESS !
(P)                                                                                           |--input_simple.txt -&gt; OneLiner ------- using &lt;test_custom_read_oneliner_from_txt_file_stream&gt;
(P)                                                                                           |--input_simple.txt -&gt; OneLiner SUCCESS !
(P)                                                                                     |--item3 -&gt; MainFooBarItem SUCCESS !
(P)                                                                 |--custom_with_folders -&gt; List[MainFooBarItem] SUCCESS !
Completed parsing successfully

[{&apos;expected_out&apos;: &lt;test_parsyfiles_old.MultifileAndCustomFunctionsTest._create_root_parser.&lt;locals&gt;.Config object at 0x7fab06fc5588&gt;, &apos;expected_perf&apos;: &lt;test_parsyfiles_old.MultifileAndCustomFunctionsTest._create_root_parser.&lt;locals&gt;.Config object at 0x7fab06fc5908&gt;, &apos;input_simple&apos;: this content is really interesting}, {&apos;expected_out&apos;: &lt;test_parsyfiles_old.MultifileAndCustomFunctionsTest._create_root_parser.&lt;locals&gt;.Config object at 0x7fab06fc5e10&gt;, &apos;expected_perf&apos;: &lt;test_parsyfiles_old.MultifileAndCustomFunctionsTest._create_root_parser.&lt;locals&gt;.Config object at 0x7fab06fcd208&gt;, &apos;input_simple&apos;: this content is really interesting}, {&apos;expected_out&apos;: &lt;test_parsyfiles_old.MultifileAndCustomFunctionsTest._create_root_parser.&lt;locals&gt;.Config object at 0x7fab06fcd780&gt;, &apos;expected_perf&apos;: None, &apos;input_simple&apos;: this content is really interesting}]
</system-out></testcase><testcase classname="parsyfiles.tests.old.test_parsyfiles_old.MultifileAndCustomFunctionsTest" file="parsyfiles/tests/old/test_parsyfiles_old.py" line="53" name="test_single_multifile_object_flatmode" time="0.10017991065979004"><system-out>[setup]
Elapsed: 0.02429366111755371
**** Starting to parse single object of type &lt;List[MainFooBarItem]&gt; at location /home/travis/build/smarie/python-parsyfiles/parsyfiles/tests/old/./custom_without_folders/item1 ****
Checking all files under [/home/travis/build/smarie/python-parsyfiles/parsyfiles/tests/old/./custom_without_folders/item1]
(C) /home/travis/build/smarie/python-parsyfiles/parsyfiles/tests/old/./custom_without_folders/item1 (multifile)
(C)                                                                                        |--item1.expected_out (singlefile, .txt)
(C)                                                                                        |--item1.expected_perf (singlefile, .cfg)
(C)                                                                                        |--item1.input_simple (singlefile, .txt)
File checks done

Building a parsing plan to parse [/home/travis/build/smarie/python-parsyfiles/parsyfiles/tests/old/./custom_without_folders/item1] into a List[MainFooBarItem]
(B) /home/travis/build/smarie/python-parsyfiles/parsyfiles/tests/old/./custom_without_folders/item1 -&gt; List[MainFooBarItem] ------- using Multifile Collection parser (parsyfiles defaults)
(B)                                                                                        |--item1.expected_out.txt -&gt; MainFooBarItem ------- using [Try &apos;$&lt;read_dict_from_properties&gt; =&gt; &lt;dict_to_object&gt;$&apos; then &apos;$&lt;read_str_from_txt&gt; =&gt; &lt;constructor_with_str_arg&gt;$&apos; then &apos;$&lt;read_str_from_txt&gt; =&gt; &lt;base64_ascii_str_pickle_to_object&gt;$&apos; then &apos;$&lt;read_df_or_series_from_csv&gt; =&gt; &lt;single_row_or_col_df_to_dict&gt; -&gt; &lt;dict_to_object&gt;$&apos; then &apos;$&lt;test_custom_read_config_from_config_file_stream&gt; =&gt; &lt;merge_all_config_sections_into_a_single_dict&gt; -&gt; &lt;dict_to_object&gt;$&apos; then &apos;$&lt;test_custom_read_config_from_config_file_stream&gt; =&gt; &lt;config_to_dict_of_dict&gt; -&gt; &lt;dict_of_dict_to_object&gt;$&apos; then &apos;$&lt;test_custom_read_config_from_config_file_stream&gt; =&gt; &lt;config_to_dict_of_dict&gt; -&gt; &lt;dict_to_object&gt;$]&apos;]
(B)                                                                                        |--item1.expected_out.txt -&gt; MainFooBarItem ------- using $&lt;read_dict_from_properties&gt; =&gt; &lt;dict_to_object&gt;$
(B)                                                                                        |--item1.expected_perf.cfg -&gt; MainFooBarItem ------- using [Try &apos;$&lt;read_config&gt; =&gt; &lt;merge_all_config_sections_into_a_single_dict&gt; -&gt; &lt;dict_to_object&gt;$&apos; then &apos;$&lt;read_config&gt; =&gt; &lt;config_to_dict_of_dict&gt; -&gt; &lt;dict_of_dict_to_object&gt;$&apos; then &apos;$&lt;read_config&gt; =&gt; &lt;config_to_dict_of_dict&gt; -&gt; &lt;dict_to_object&gt;$&apos; then &apos;$&lt;test_custom_read_config_from_config_file_stream&gt; =&gt; &lt;merge_all_config_sections_into_a_single_dict&gt; -&gt; &lt;dict_to_object&gt;$&apos; then &apos;$&lt;test_custom_read_config_from_config_file_stream&gt; =&gt; &lt;config_to_dict_of_dict&gt; -&gt; &lt;dict_of_dict_to_object&gt;$&apos; then &apos;$&lt;test_custom_read_config_from_config_file_stream&gt; =&gt; &lt;config_to_dict_of_dict&gt; -&gt; &lt;dict_to_object&gt;$]&apos;]
(B)                                                                                        |--item1.expected_perf.cfg -&gt; MainFooBarItem ------- using $&lt;read_config&gt; =&gt; &lt;merge_all_config_sections_into_a_single_dict&gt; -&gt; &lt;dict_to_object&gt;$
(B)                                                                                        |--item1.input_simple.txt -&gt; MainFooBarItem ------- using [Try &apos;$&lt;read_dict_from_properties&gt; =&gt; &lt;dict_to_object&gt;$&apos; then &apos;$&lt;read_str_from_txt&gt; =&gt; &lt;constructor_with_str_arg&gt;$&apos; then &apos;$&lt;read_str_from_txt&gt; =&gt; &lt;base64_ascii_str_pickle_to_object&gt;$&apos; then &apos;$&lt;read_df_or_series_from_csv&gt; =&gt; &lt;single_row_or_col_df_to_dict&gt; -&gt; &lt;dict_to_object&gt;$&apos; then &apos;$&lt;test_custom_read_config_from_config_file_stream&gt; =&gt; &lt;merge_all_config_sections_into_a_single_dict&gt; -&gt; &lt;dict_to_object&gt;$&apos; then &apos;$&lt;test_custom_read_config_from_config_file_stream&gt; =&gt; &lt;config_to_dict_of_dict&gt; -&gt; &lt;dict_of_dict_to_object&gt;$&apos; then &apos;$&lt;test_custom_read_config_from_config_file_stream&gt; =&gt; &lt;config_to_dict_of_dict&gt; -&gt; &lt;dict_to_object&gt;$]&apos;]
(B)                                                                                        |--item1.input_simple.txt -&gt; MainFooBarItem ------- using $&lt;read_dict_from_properties&gt; =&gt; &lt;dict_to_object&gt;$
Parsing Plan created successfully

Executing Parsing Plan for [/home/travis/build/smarie/python-parsyfiles/parsyfiles/tests/old/./custom_without_folders/item1]
(P) /home/travis/build/smarie/python-parsyfiles/parsyfiles/tests/old/./custom_without_folders/item1 -&gt; List[MainFooBarItem] ------- using Multifile Collection parser (parsyfiles defaults)
(P)                                                                                        |--item1.expected_out.txt -&gt; MainFooBarItem ------- using $&lt;read_dict_from_properties&gt; =&gt; &lt;dict_to_object&gt;$
  !! Caught error during execution !!
  File &quot;/home/travis/build/smarie/python-parsyfiles/parsyfiles/plugins_base/support_for_objects.py&quot;, line 355, in dict_to_object
    raise main_e.with_traceback(main_e.__traceback__)
  File &quot;/home/travis/build/smarie/python-parsyfiles/parsyfiles/plugins_base/support_for_objects.py&quot;, line 350, in dict_to_object
    conversion_finder=conversion_finder, is_dict_of_dicts=is_dict_of_dicts)
  File &quot;/home/travis/build/smarie/python-parsyfiles/parsyfiles/plugins_base/support_for_objects.py&quot;, line 455, in _dict_to_object
    attr_name)
  ParsingException : Error while parsing /home/travis/build/smarie/python-parsyfiles/parsyfiles/tests/old/./custom_without_folders/item1.expected_out (singlefile, .txt) as a MainFooBarItem with parser &apos;$&lt;read_dict_from_properties&gt; =&gt; &lt;dict_to_object&gt;$&apos; using options=({&apos;MultifileCollectionParser&apos;: {&apos;lazy_parsing&apos;: False}}) : caught 
  InvalidAttributeNameForConstructorError : Cannot parse object of type &lt;MainFooBarItem&gt; using the provided configuration file: configuration contains a property name (&apos;[main]&apos;)that is not an attribute of the object constructor. &lt;MainFooBarItem&gt; constructor attributes are : [&apos;expected_out&apos;, &apos;expected_perf&apos;, &apos;input_simple&apos;]
Rebuilding local parsing plan with next candidate parser: $&lt;read_str_from_txt&gt; =&gt; &lt;constructor_with_str_arg&gt;$
(B)                                                                                        |--item1.expected_out.txt -&gt; MainFooBarItem ------- using $&lt;read_str_from_txt&gt; =&gt; &lt;constructor_with_str_arg&gt;$
DONE Rebuilding local parsing plan for [/home/travis/build/smarie/python-parsyfiles/parsyfiles/tests/old/./custom_without_folders/item1.expected_out.txt]. Resuming parsing...
(P)                                                                                        |--item1.expected_out.txt -&gt; MainFooBarItem ------- using $&lt;read_str_from_txt&gt; =&gt; &lt;constructor_with_str_arg&gt;$
  !! Caught error during execution !!
  File &quot;/home/travis/build/smarie/python-parsyfiles/parsyfiles/converting_core.py&quot;, line 532, in _convert
    raise CaughtTypeError.create(self.conversion_method, e)
  File &quot;/home/travis/build/smarie/python-parsyfiles/parsyfiles/converting_core.py&quot;, line 524, in _convert
    return self.conversion_method(desired_type, source_obj, logger, **opts)
  File &quot;/home/travis/build/smarie/python-parsyfiles/parsyfiles/plugins_base/support_for_primitive_types.py&quot;, line 111, in constructor_with_str_arg
    return desired_type(source)
  ParsingException : Error while parsing /home/travis/build/smarie/python-parsyfiles/parsyfiles/tests/old/./custom_without_folders/item1.expected_out (singlefile, .txt) as a MainFooBarItem with parser &apos;$&lt;read_str_from_txt&gt; =&gt; &lt;constructor_with_str_arg&gt;$&apos; using options=({&apos;MultifileCollectionParser&apos;: {&apos;lazy_parsing&apos;: False}}) : caught 
  CaughtTypeError : Caught TypeError while calling conversion function &apos;constructor_with_str_arg&apos;. Note that the conversion function signature should be &apos;def my_convert_fun(desired_type: Type[T], source: S, logger: Logger, **kwargs) -&gt; T&apos; (unpacked options mode - default) or def my_convert_fun(desired_type: Type[T], source: S, logger: Logger, options: Dict[str, Dict[str, Any]]) -&gt; T (unpack_options = False).Caught error message is : TypeError : __init__() missing 1 required positional argument: &apos;expected_out&apos;
Rebuilding local parsing plan with next candidate parser: $&lt;read_str_from_txt&gt; =&gt; &lt;base64_ascii_str_pickle_to_object&gt;$
(B)                                                                                        |--item1.expected_out.txt -&gt; MainFooBarItem ------- using $&lt;read_str_from_txt&gt; =&gt; &lt;base64_ascii_str_pickle_to_object&gt;$
DONE Rebuilding local parsing plan for [/home/travis/build/smarie/python-parsyfiles/parsyfiles/tests/old/./custom_without_folders/item1.expected_out.txt]. Resuming parsing...
(P)                                                                                        |--item1.expected_out.txt -&gt; MainFooBarItem ------- using $&lt;read_str_from_txt&gt; =&gt; &lt;base64_ascii_str_pickle_to_object&gt;$
  !! Caught error during execution !!
  File &quot;/home/travis/build/smarie/python-parsyfiles/parsyfiles/converting_core.py&quot;, line 319, in convert
    return self._convert(desired_type, source_obj, logger, options)
  File &quot;/home/travis/build/smarie/python-parsyfiles/parsyfiles/converting_core.py&quot;, line 524, in _convert
    return self.conversion_method(desired_type, source_obj, logger, **opts)
  File &quot;/home/travis/build/smarie/python-parsyfiles/parsyfiles/plugins_base/support_for_objects.py&quot;, line 54, in base64_ascii_str_pickle_to_object
    return pickle.loads(base64.b64decode(b64_ascii_str), fix_imports=True, encoding=&quot;ASCII&quot;, errors=&quot;strict&quot;)
  ParsingException : Error while parsing /home/travis/build/smarie/python-parsyfiles/parsyfiles/tests/old/./custom_without_folders/item1.expected_out (singlefile, .txt) as a MainFooBarItem with parser &apos;$&lt;read_str_from_txt&gt; =&gt; &lt;base64_ascii_str_pickle_to_object&gt;$&apos; using options=({&apos;MultifileCollectionParser&apos;: {&apos;lazy_parsing&apos;: False}}) : caught 
  UnpicklingError : 
Rebuilding local parsing plan with next candidate parser: $&lt;read_df_or_series_from_csv&gt; =&gt; &lt;single_row_or_col_df_to_dict&gt; -&gt; &lt;dict_to_object&gt;$
(B)                                                                                        |--item1.expected_out.txt -&gt; MainFooBarItem ------- using $&lt;read_df_or_series_from_csv&gt; =&gt; &lt;single_row_or_col_df_to_dict&gt; -&gt; &lt;dict_to_object&gt;$
DONE Rebuilding local parsing plan for [/home/travis/build/smarie/python-parsyfiles/parsyfiles/tests/old/./custom_without_folders/item1.expected_out.txt]. Resuming parsing...
(P)                                                                                        |--item1.expected_out.txt -&gt; MainFooBarItem ------- using $&lt;read_df_or_series_from_csv&gt; =&gt; &lt;single_row_or_col_df_to_dict&gt; -&gt; &lt;dict_to_object&gt;$
  !! Caught error during execution !!
  File &quot;/home/travis/build/smarie/python-parsyfiles/parsyfiles/plugins_base/support_for_objects.py&quot;, line 465, in _dict_to_object
    raise CaughtTypeErrorDuringInstantiation.create(desired_type, contents_dict, e)
  File &quot;/home/travis/build/smarie/python-parsyfiles/parsyfiles/plugins_base/support_for_objects.py&quot;, line 455, in _dict_to_object
    attr_name)
  File &quot;/home/travis/build/smarie/python-parsyfiles/parsyfiles/plugins_base/support_for_objects.py&quot;, line 120, in create
    + &apos;are : &apos; + str(constructor_atts))
  ParsingException : Error while parsing /home/travis/build/smarie/python-parsyfiles/parsyfiles/tests/old/./custom_without_folders/item1.expected_out (singlefile, .txt) as a MainFooBarItem with parser &apos;$&lt;read_df_or_series_from_csv&gt; =&gt; &lt;single_row_or_col_df_to_dict&gt; -&gt; &lt;dict_to_object&gt;$&apos; using options=({&apos;MultifileCollectionParser&apos;: {&apos;lazy_parsing&apos;: False}}) : caught 
  CaughtTypeErrorDuringInstantiation : Error while trying to instantiate object of type &lt;class &apos;test_parsyfiles_old.MultifileAndCustomFunctionsTest._create_root_parser.&lt;locals&gt;.MainFooBarItem&apos;&gt; using dictionary input_dict:Caught error message is : TypeError : Can&apos;t convert &apos;int&apos; object to str implicitly
Dict provided was {0: &apos;dummy_int = 0&apos;, 1: &apos;dummy_float = 1.1&apos;}
Rebuilding local parsing plan with next candidate parser: $&lt;test_custom_read_config_from_config_file_stream&gt; =&gt; &lt;merge_all_config_sections_into_a_single_dict&gt; -&gt; &lt;dict_to_object&gt;$
(B)                                                                                        |--item1.expected_out.txt -&gt; MainFooBarItem ------- using $&lt;test_custom_read_config_from_config_file_stream&gt; =&gt; &lt;merge_all_config_sections_into_a_single_dict&gt; -&gt; &lt;dict_to_object&gt;$
DONE Rebuilding local parsing plan for [/home/travis/build/smarie/python-parsyfiles/parsyfiles/tests/old/./custom_without_folders/item1.expected_out.txt]. Resuming parsing...
(P)                                                                                        |--item1.expected_out.txt -&gt; MainFooBarItem ------- using $&lt;test_custom_read_config_from_config_file_stream&gt; =&gt; &lt;merge_all_config_sections_into_a_single_dict&gt; -&gt; &lt;dict_to_object&gt;$
  !! Caught error during execution !!
  File &quot;/home/travis/build/smarie/python-parsyfiles/parsyfiles/plugins_base/support_for_objects.py&quot;, line 350, in dict_to_object
    conversion_finder=conversion_finder, is_dict_of_dicts=is_dict_of_dicts)
  File &quot;/home/travis/build/smarie/python-parsyfiles/parsyfiles/plugins_base/support_for_objects.py&quot;, line 462, in _dict_to_object
    raise ObjectInstantiationException.create(desired_type, dict_for_init, e)
  File &quot;/home/travis/build/smarie/python-parsyfiles/parsyfiles/plugins_base/support_for_objects.py&quot;, line 459, in _dict_to_object
    return desired_type(**dict_for_init)
  ParsingException : Error while parsing /home/travis/build/smarie/python-parsyfiles/parsyfiles/tests/old/./custom_without_folders/item1.expected_out (singlefile, .txt) as a MainFooBarItem with parser &apos;$&lt;test_custom_read_config_from_config_file_stream&gt; =&gt; &lt;merge_all_config_sections_into_a_single_dict&gt; -&gt; &lt;dict_to_object&gt;$&apos; using options=({&apos;MultifileCollectionParser&apos;: {&apos;lazy_parsing&apos;: False}}) : caught 
  ObjectInstantiationException : Error while building object of type &lt;MainFooBarItem&gt; using its constructor and parsed contents : {} : 
&lt;class &apos;TypeError&apos;&gt; __init__() missing 2 required positional arguments: &apos;input_simple&apos; and &apos;expected_out&apos;
Rebuilding local parsing plan with next candidate parser: $&lt;test_custom_read_config_from_config_file_stream&gt; =&gt; &lt;config_to_dict_of_dict&gt; -&gt; &lt;dict_of_dict_to_object&gt;$
(B)                                                                                        |--item1.expected_out.txt -&gt; MainFooBarItem ------- using $&lt;test_custom_read_config_from_config_file_stream&gt; =&gt; &lt;config_to_dict_of_dict&gt; -&gt; &lt;dict_of_dict_to_object&gt;$
DONE Rebuilding local parsing plan for [/home/travis/build/smarie/python-parsyfiles/parsyfiles/tests/old/./custom_without_folders/item1.expected_out.txt]. Resuming parsing...
(P)                                                                                        |--item1.expected_out.txt -&gt; MainFooBarItem ------- using $&lt;test_custom_read_config_from_config_file_stream&gt; =&gt; &lt;config_to_dict_of_dict&gt; -&gt; &lt;dict_of_dict_to_object&gt;$
  !! Caught error during execution !!
  File &quot;/home/travis/build/smarie/python-parsyfiles/parsyfiles/parsing_registries.py&quot;, line 1028, in try_convert_value
    options=options)
  File &quot;/home/travis/build/smarie/python-parsyfiles/parsyfiles/parsing_registries.py&quot;, line 1074, in _try_convert_value
    logger, options)
  File &quot;/home/travis/build/smarie/python-parsyfiles/parsyfiles/parsing_registries.py&quot;, line 922, in find_and_convert
    raise NoConverterFoundForObjectType.create(self, attr_value, desired_attr_type)
  ParsingException : Error while parsing /home/travis/build/smarie/python-parsyfiles/parsyfiles/tests/old/./custom_without_folders/item1.expected_out (singlefile, .txt) as a MainFooBarItem with parser &apos;$&lt;test_custom_read_config_from_config_file_stream&gt; =&gt; &lt;config_to_dict_of_dict&gt; -&gt; &lt;dict_of_dict_to_object&gt;$&apos; using options=({&apos;MultifileCollectionParser&apos;: {&apos;lazy_parsing&apos;: False}}) : caught 
  NoConverterFoundForObjectType : No conversion chain found between parsed attribute &apos;&lt;Section: DEFAULT&gt;&apos; of type &apos;SectionProxy&apos; and expected type &apos;Dict&apos; using conversion finder parsyfiles defaults.
Rebuilding local parsing plan with next candidate parser: $&lt;test_custom_read_config_from_config_file_stream&gt; =&gt; &lt;config_to_dict_of_dict&gt; -&gt; &lt;dict_to_object&gt;$
(B)                                                                                        |--item1.expected_out.txt -&gt; MainFooBarItem ------- using $&lt;test_custom_read_config_from_config_file_stream&gt; =&gt; &lt;config_to_dict_of_dict&gt; -&gt; &lt;dict_to_object&gt;$
DONE Rebuilding local parsing plan for [/home/travis/build/smarie/python-parsyfiles/parsyfiles/tests/old/./custom_without_folders/item1.expected_out.txt]. Resuming parsing...
(P)                                                                                        |--item1.expected_out.txt -&gt; MainFooBarItem ------- using $&lt;test_custom_read_config_from_config_file_stream&gt; =&gt; &lt;config_to_dict_of_dict&gt; -&gt; &lt;dict_to_object&gt;$
  !! Caught error during execution !!
  File &quot;/home/travis/build/smarie/python-parsyfiles/parsyfiles/parsing_registries.py&quot;, line 1028, in try_convert_value
    options=options)
  File &quot;/home/travis/build/smarie/python-parsyfiles/parsyfiles/parsing_registries.py&quot;, line 1074, in _try_convert_value
    logger, options)
  File &quot;/home/travis/build/smarie/python-parsyfiles/parsyfiles/parsing_registries.py&quot;, line 922, in find_and_convert
    raise NoConverterFoundForObjectType.create(self, attr_value, desired_attr_type)
  ParsingException : Error while parsing /home/travis/build/smarie/python-parsyfiles/parsyfiles/tests/old/./custom_without_folders/item1.expected_out (singlefile, .txt) as a MainFooBarItem with parser &apos;$&lt;test_custom_read_config_from_config_file_stream&gt; =&gt; &lt;config_to_dict_of_dict&gt; -&gt; &lt;dict_to_object&gt;$&apos; using options=({&apos;MultifileCollectionParser&apos;: {&apos;lazy_parsing&apos;: False}}) : caught 
  NoConverterFoundForObjectType : No conversion chain found between parsed attribute &apos;&lt;Section: DEFAULT&gt;&apos; of type &apos;SectionProxy&apos; and expected type &apos;Dict&apos; using conversion finder parsyfiles defaults.
**** Starting to parse single object of type &lt;MainFooBarItem&gt; at location /home/travis/build/smarie/python-parsyfiles/parsyfiles/tests/old/./custom_without_folders/item1 ****
Checking all files under [/home/travis/build/smarie/python-parsyfiles/parsyfiles/tests/old/./custom_without_folders/item1]
(C) /home/travis/build/smarie/python-parsyfiles/parsyfiles/tests/old/./custom_without_folders/item1 (multifile)
(C)                                                                                        |--item1.expected_out (singlefile, .txt)
(C)                                                                                        |--item1.expected_perf (singlefile, .cfg)
(C)                                                                                        |--item1.input_simple (singlefile, .txt)
File checks done

Building a parsing plan to parse [/home/travis/build/smarie/python-parsyfiles/parsyfiles/tests/old/./custom_without_folders/item1] into a MainFooBarItem
(B) /home/travis/build/smarie/python-parsyfiles/parsyfiles/tests/old/./custom_without_folders/item1 -&gt; MainFooBarItem ------- using Multifile Object parser (parsyfiles defaults)
(B)                                                                                        |--item1.expected_out.txt -&gt; Config ------- using [Try &apos;&lt;test_custom_read_config_from_config_file_stream&gt;&apos; then &apos;$&lt;read_dict_from_properties&gt; =&gt; &lt;dict_to_object&gt;$&apos; then &apos;$&lt;read_str_from_txt&gt; =&gt; &lt;constructor_with_str_arg&gt;$&apos; then &apos;$&lt;read_str_from_txt&gt; =&gt; &lt;base64_ascii_str_pickle_to_object&gt;$&apos; then &apos;$&lt;read_df_or_series_from_csv&gt; =&gt; &lt;single_row_or_col_df_to_dict&gt; -&gt; &lt;dict_to_object&gt;$]&apos;]
(B)                                                                                        |--item1.expected_out.txt -&gt; Config ------- using &lt;test_custom_read_config_from_config_file_stream&gt;
(B)                                                                                        |--item1.expected_perf.cfg -&gt; Config ------- using [Try &apos;&lt;test_custom_read_config_from_config_file_stream&gt;&apos; then &apos;$&lt;read_config&gt; =&gt; &lt;merge_all_config_sections_into_a_single_dict&gt; -&gt; &lt;dict_to_object&gt;$&apos; then &apos;$&lt;read_config&gt; =&gt; &lt;config_to_dict_of_dict&gt; -&gt; &lt;dict_of_dict_to_object&gt;$&apos; then &apos;$&lt;read_config&gt; =&gt; &lt;config_to_dict_of_dict&gt; -&gt; &lt;dict_to_object&gt;$]&apos;]
(B)                                                                                        |--item1.expected_perf.cfg -&gt; Config ------- using &lt;test_custom_read_config_from_config_file_stream&gt;
(B)                                                                                        |--item1.input_simple.txt -&gt; OneLiner ------- using [Try &apos;&lt;test_custom_read_oneliner_from_txt_file_stream&gt;&apos; then &apos;$&lt;read_dict_from_properties&gt; =&gt; &lt;dict_to_object&gt;$&apos; then &apos;$&lt;read_str_from_txt&gt; =&gt; &lt;constructor_with_str_arg&gt;$&apos; then &apos;$&lt;read_str_from_txt&gt; =&gt; &lt;base64_ascii_str_pickle_to_object&gt;$&apos; then &apos;$&lt;read_df_or_series_from_csv&gt; =&gt; &lt;single_row_or_col_df_to_dict&gt; -&gt; &lt;dict_to_object&gt;$&apos; then &apos;$&lt;test_custom_read_config_from_config_file_stream&gt; =&gt; &lt;merge_all_config_sections_into_a_single_dict&gt; -&gt; &lt;dict_to_object&gt;$&apos; then &apos;$&lt;test_custom_read_config_from_config_file_stream&gt; =&gt; &lt;config_to_dict_of_dict&gt; -&gt; &lt;dict_of_dict_to_object&gt;$&apos; then &apos;$&lt;test_custom_read_config_from_config_file_stream&gt; =&gt; &lt;config_to_dict_of_dict&gt; -&gt; &lt;dict_to_object&gt;$]&apos;]
(B)                                                                                        |--item1.input_simple.txt -&gt; OneLiner ------- using &lt;test_custom_read_oneliner_from_txt_file_stream&gt;
Parsing Plan created successfully

Executing Parsing Plan for [/home/travis/build/smarie/python-parsyfiles/parsyfiles/tests/old/./custom_without_folders/item1]
(P) /home/travis/build/smarie/python-parsyfiles/parsyfiles/tests/old/./custom_without_folders/item1 -&gt; MainFooBarItem ------- using Multifile Object parser (parsyfiles defaults)
(P)                                                                                        |--item1.expected_out.txt -&gt; Config ------- using &lt;test_custom_read_config_from_config_file_stream&gt;
(P)                                                                                        |--item1.expected_out.txt -&gt; Config SUCCESS !
(P)                                                                                        |--item1.expected_perf.cfg -&gt; Config ------- using &lt;test_custom_read_config_from_config_file_stream&gt;
(P)                                                                                        |--item1.expected_perf.cfg -&gt; Config SUCCESS !
(P)                                                                                        |--item1.input_simple.txt -&gt; OneLiner ------- using &lt;test_custom_read_oneliner_from_txt_file_stream&gt;
(P)                                                                                        |--item1.input_simple.txt -&gt; OneLiner SUCCESS !
(P)                                                                                        |--item1 -&gt; MainFooBarItem SUCCESS !
Completed parsing successfully

{&apos;expected_out&apos;: &lt;test_parsyfiles_old.MultifileAndCustomFunctionsTest._create_root_parser.&lt;locals&gt;.Config object at 0x7fab07b04b70&gt;, &apos;expected_perf&apos;: &lt;test_parsyfiles_old.MultifileAndCustomFunctionsTest._create_root_parser.&lt;locals&gt;.Config object at 0x7fab07c52ba8&gt;, &apos;input_simple&apos;: this content is really interesting}
</system-out></testcase><testcase classname="parsyfiles.tests.old.test_parsyfiles_old.MultifileAndCustomFunctionsTest" file="parsyfiles/tests/old/test_parsyfiles_old.py" line="48" name="test_single_multifile_object_folders" time="0.05646491050720215"><system-out>[setup]
Elapsed: 0.02455592155456543
**** Starting to parse single object of type &lt;MainFooBarItem&gt; at location /home/travis/build/smarie/python-parsyfiles/parsyfiles/tests/old/./custom_with_folders/item1 ****
Checking all files under [/home/travis/build/smarie/python-parsyfiles/parsyfiles/tests/old/./custom_with_folders/item1]
(C) /home/travis/build/smarie/python-parsyfiles/parsyfiles/tests/old/./custom_with_folders/item1 (multifile)
(C)                                                                                           |--expected_out (singlefile, .txt)
(C)                                                                                           |--expected_perf (singlefile, .cfg)
(C)                                                                                           |--input_simple (singlefile, .txt)
File checks done

Building a parsing plan to parse [/home/travis/build/smarie/python-parsyfiles/parsyfiles/tests/old/./custom_with_folders/item1] into a MainFooBarItem
(B) /home/travis/build/smarie/python-parsyfiles/parsyfiles/tests/old/./custom_with_folders/item1 -&gt; MainFooBarItem ------- using Multifile Object parser (parsyfiles defaults)
(B)                                                                                           |--expected_out.txt -&gt; Config ------- using [Try &apos;&lt;test_custom_read_config_from_config_file_stream&gt;&apos; then &apos;$&lt;read_dict_from_properties&gt; =&gt; &lt;dict_to_object&gt;$&apos; then &apos;$&lt;read_str_from_txt&gt; =&gt; &lt;constructor_with_str_arg&gt;$&apos; then &apos;$&lt;read_str_from_txt&gt; =&gt; &lt;base64_ascii_str_pickle_to_object&gt;$&apos; then &apos;$&lt;read_df_or_series_from_csv&gt; =&gt; &lt;single_row_or_col_df_to_dict&gt; -&gt; &lt;dict_to_object&gt;$]&apos;]
(B)                                                                                           |--expected_out.txt -&gt; Config ------- using &lt;test_custom_read_config_from_config_file_stream&gt;
(B)                                                                                           |--expected_perf.cfg -&gt; Config ------- using [Try &apos;&lt;test_custom_read_config_from_config_file_stream&gt;&apos; then &apos;$&lt;read_config&gt; =&gt; &lt;merge_all_config_sections_into_a_single_dict&gt; -&gt; &lt;dict_to_object&gt;$&apos; then &apos;$&lt;read_config&gt; =&gt; &lt;config_to_dict_of_dict&gt; -&gt; &lt;dict_of_dict_to_object&gt;$&apos; then &apos;$&lt;read_config&gt; =&gt; &lt;config_to_dict_of_dict&gt; -&gt; &lt;dict_to_object&gt;$]&apos;]
(B)                                                                                           |--expected_perf.cfg -&gt; Config ------- using &lt;test_custom_read_config_from_config_file_stream&gt;
(B)                                                                                           |--input_simple.txt -&gt; OneLiner ------- using [Try &apos;&lt;test_custom_read_oneliner_from_txt_file_stream&gt;&apos; then &apos;$&lt;read_dict_from_properties&gt; =&gt; &lt;dict_to_object&gt;$&apos; then &apos;$&lt;read_str_from_txt&gt; =&gt; &lt;constructor_with_str_arg&gt;$&apos; then &apos;$&lt;read_str_from_txt&gt; =&gt; &lt;base64_ascii_str_pickle_to_object&gt;$&apos; then &apos;$&lt;read_df_or_series_from_csv&gt; =&gt; &lt;single_row_or_col_df_to_dict&gt; -&gt; &lt;dict_to_object&gt;$&apos; then &apos;$&lt;test_custom_read_config_from_config_file_stream&gt; =&gt; &lt;merge_all_config_sections_into_a_single_dict&gt; -&gt; &lt;dict_to_object&gt;$&apos; then &apos;$&lt;test_custom_read_config_from_config_file_stream&gt; =&gt; &lt;config_to_dict_of_dict&gt; -&gt; &lt;dict_of_dict_to_object&gt;$&apos; then &apos;$&lt;test_custom_read_config_from_config_file_stream&gt; =&gt; &lt;config_to_dict_of_dict&gt; -&gt; &lt;dict_to_object&gt;$]&apos;]
(B)                                                                                           |--input_simple.txt -&gt; OneLiner ------- using &lt;test_custom_read_oneliner_from_txt_file_stream&gt;
Parsing Plan created successfully

Executing Parsing Plan for [/home/travis/build/smarie/python-parsyfiles/parsyfiles/tests/old/./custom_with_folders/item1]
(P) /home/travis/build/smarie/python-parsyfiles/parsyfiles/tests/old/./custom_with_folders/item1 -&gt; MainFooBarItem ------- using Multifile Object parser (parsyfiles defaults)
(P)                                                                                           |--expected_out.txt -&gt; Config ------- using &lt;test_custom_read_config_from_config_file_stream&gt;
(P)                                                                                           |--expected_out.txt -&gt; Config SUCCESS !
(P)                                                                                           |--expected_perf.cfg -&gt; Config ------- using &lt;test_custom_read_config_from_config_file_stream&gt;
(P)                                                                                           |--expected_perf.cfg -&gt; Config SUCCESS !
(P)                                                                                           |--input_simple.txt -&gt; OneLiner ------- using &lt;test_custom_read_oneliner_from_txt_file_stream&gt;
(P)                                                                                           |--input_simple.txt -&gt; OneLiner SUCCESS !
(P)                                                                                     |--item1 -&gt; MainFooBarItem SUCCESS !
Completed parsing successfully

{&apos;expected_out&apos;: &lt;test_parsyfiles_old.MultifileAndCustomFunctionsTest._create_root_parser.&lt;locals&gt;.Config object at 0x7fab07b094a8&gt;, &apos;expected_perf&apos;: &lt;test_parsyfiles_old.MultifileAndCustomFunctionsTest._create_root_parser.&lt;locals&gt;.Config object at 0x7fab07b940b8&gt;, &apos;input_simple&apos;: this content is really interesting}
</system-out></testcase><testcase classname="parsyfiles.tests.old.test_parsyfiles_old.MultifileAndCustomFunctionsTest" file="parsyfiles/tests/old/test_parsyfiles_old.py" line="83" name="test_with_folders_dict" time="0.09725403785705566"><system-out>[setup]
Elapsed: 0.022351503372192383
**** Starting to parse collection of &lt;MainFooBarItem&gt; at location /home/travis/build/smarie/python-parsyfiles/parsyfiles/tests/old/./custom_with_folders ****
Checking all files under [/home/travis/build/smarie/python-parsyfiles/parsyfiles/tests/old/./custom_with_folders]
(C) /home/travis/build/smarie/python-parsyfiles/parsyfiles/tests/old/./custom_with_folders (multifile)
(C)                                                                                     |--item1 (multifile)
(C)                                                                                           |--expected_out (singlefile, .txt)
(C)                                                                                           |--expected_perf (singlefile, .cfg)
(C)                                                                                           |--input_simple (singlefile, .txt)
(C)                                                                                     |--item2 (multifile)
(C)                                                                                           |--expected_out (singlefile, .cfg)
(C)                                                                                           |--expected_perf (singlefile, .cfg)
(C)                                                                                           |--input_simple (singlefile, .txt)
(C)                                                                                     |--item3 (multifile)
(C)                                                                                           |--expected_out (singlefile, .cfg)
(C)                                                                                           |--input_simple (singlefile, .txt)
File checks done

Building a parsing plan to parse [/home/travis/build/smarie/python-parsyfiles/parsyfiles/tests/old/./custom_with_folders] into a Dict[str, MainFooBarItem]
(B) /home/travis/build/smarie/python-parsyfiles/parsyfiles/tests/old/./custom_with_folders -&gt; Dict[str, MainFooBarItem] ------- using Multifile Collection parser (parsyfiles defaults)
(B)                                                                                     |--item1 -&gt; MainFooBarItem ------- using Multifile Object parser (parsyfiles defaults)
(B)                                                                                           |--expected_out.txt -&gt; Config ------- using [Try &apos;&lt;test_custom_read_config_from_config_file_stream&gt;&apos; then &apos;$&lt;read_dict_from_properties&gt; =&gt; &lt;dict_to_object&gt;$&apos; then &apos;$&lt;read_str_from_txt&gt; =&gt; &lt;constructor_with_str_arg&gt;$&apos; then &apos;$&lt;read_str_from_txt&gt; =&gt; &lt;base64_ascii_str_pickle_to_object&gt;$&apos; then &apos;$&lt;read_df_or_series_from_csv&gt; =&gt; &lt;single_row_or_col_df_to_dict&gt; -&gt; &lt;dict_to_object&gt;$]&apos;]
(B)                                                                                           |--expected_out.txt -&gt; Config ------- using &lt;test_custom_read_config_from_config_file_stream&gt;
(B)                                                                                           |--expected_perf.cfg -&gt; Config ------- using [Try &apos;&lt;test_custom_read_config_from_config_file_stream&gt;&apos; then &apos;$&lt;read_config&gt; =&gt; &lt;merge_all_config_sections_into_a_single_dict&gt; -&gt; &lt;dict_to_object&gt;$&apos; then &apos;$&lt;read_config&gt; =&gt; &lt;config_to_dict_of_dict&gt; -&gt; &lt;dict_of_dict_to_object&gt;$&apos; then &apos;$&lt;read_config&gt; =&gt; &lt;config_to_dict_of_dict&gt; -&gt; &lt;dict_to_object&gt;$]&apos;]
(B)                                                                                           |--expected_perf.cfg -&gt; Config ------- using &lt;test_custom_read_config_from_config_file_stream&gt;
(B)                                                                                           |--input_simple.txt -&gt; OneLiner ------- using [Try &apos;&lt;test_custom_read_oneliner_from_txt_file_stream&gt;&apos; then &apos;$&lt;read_dict_from_properties&gt; =&gt; &lt;dict_to_object&gt;$&apos; then &apos;$&lt;read_str_from_txt&gt; =&gt; &lt;constructor_with_str_arg&gt;$&apos; then &apos;$&lt;read_str_from_txt&gt; =&gt; &lt;base64_ascii_str_pickle_to_object&gt;$&apos; then &apos;$&lt;read_df_or_series_from_csv&gt; =&gt; &lt;single_row_or_col_df_to_dict&gt; -&gt; &lt;dict_to_object&gt;$&apos; then &apos;$&lt;test_custom_read_config_from_config_file_stream&gt; =&gt; &lt;merge_all_config_sections_into_a_single_dict&gt; -&gt; &lt;dict_to_object&gt;$&apos; then &apos;$&lt;test_custom_read_config_from_config_file_stream&gt; =&gt; &lt;config_to_dict_of_dict&gt; -&gt; &lt;dict_of_dict_to_object&gt;$&apos; then &apos;$&lt;test_custom_read_config_from_config_file_stream&gt; =&gt; &lt;config_to_dict_of_dict&gt; -&gt; &lt;dict_to_object&gt;$]&apos;]
(B)                                                                                           |--input_simple.txt -&gt; OneLiner ------- using &lt;test_custom_read_oneliner_from_txt_file_stream&gt;
(B)                                                                                     |--item2 -&gt; MainFooBarItem ------- using Multifile Object parser (parsyfiles defaults)
(B)                                                                                           |--expected_out.cfg -&gt; Config ------- using [Try &apos;&lt;test_custom_read_config_from_config_file_stream&gt;&apos; then &apos;$&lt;read_config&gt; =&gt; &lt;merge_all_config_sections_into_a_single_dict&gt; -&gt; &lt;dict_to_object&gt;$&apos; then &apos;$&lt;read_config&gt; =&gt; &lt;config_to_dict_of_dict&gt; -&gt; &lt;dict_of_dict_to_object&gt;$&apos; then &apos;$&lt;read_config&gt; =&gt; &lt;config_to_dict_of_dict&gt; -&gt; &lt;dict_to_object&gt;$]&apos;]
(B)                                                                                           |--expected_out.cfg -&gt; Config ------- using &lt;test_custom_read_config_from_config_file_stream&gt;
(B)                                                                                           |--expected_perf.cfg -&gt; Config ------- using [Try &apos;&lt;test_custom_read_config_from_config_file_stream&gt;&apos; then &apos;$&lt;read_config&gt; =&gt; &lt;merge_all_config_sections_into_a_single_dict&gt; -&gt; &lt;dict_to_object&gt;$&apos; then &apos;$&lt;read_config&gt; =&gt; &lt;config_to_dict_of_dict&gt; -&gt; &lt;dict_of_dict_to_object&gt;$&apos; then &apos;$&lt;read_config&gt; =&gt; &lt;config_to_dict_of_dict&gt; -&gt; &lt;dict_to_object&gt;$]&apos;]
(B)                                                                                           |--expected_perf.cfg -&gt; Config ------- using &lt;test_custom_read_config_from_config_file_stream&gt;
(B)                                                                                           |--input_simple.txt -&gt; OneLiner ------- using [Try &apos;&lt;test_custom_read_oneliner_from_txt_file_stream&gt;&apos; then &apos;$&lt;read_dict_from_properties&gt; =&gt; &lt;dict_to_object&gt;$&apos; then &apos;$&lt;read_str_from_txt&gt; =&gt; &lt;constructor_with_str_arg&gt;$&apos; then &apos;$&lt;read_str_from_txt&gt; =&gt; &lt;base64_ascii_str_pickle_to_object&gt;$&apos; then &apos;$&lt;read_df_or_series_from_csv&gt; =&gt; &lt;single_row_or_col_df_to_dict&gt; -&gt; &lt;dict_to_object&gt;$&apos; then &apos;$&lt;test_custom_read_config_from_config_file_stream&gt; =&gt; &lt;merge_all_config_sections_into_a_single_dict&gt; -&gt; &lt;dict_to_object&gt;$&apos; then &apos;$&lt;test_custom_read_config_from_config_file_stream&gt; =&gt; &lt;config_to_dict_of_dict&gt; -&gt; &lt;dict_of_dict_to_object&gt;$&apos; then &apos;$&lt;test_custom_read_config_from_config_file_stream&gt; =&gt; &lt;config_to_dict_of_dict&gt; -&gt; &lt;dict_to_object&gt;$]&apos;]
(B)                                                                                           |--input_simple.txt -&gt; OneLiner ------- using &lt;test_custom_read_oneliner_from_txt_file_stream&gt;
(B)                                                                                     |--item3 -&gt; MainFooBarItem ------- using Multifile Object parser (parsyfiles defaults)
(B)                                                                                           |--expected_out.cfg -&gt; Config ------- using [Try &apos;&lt;test_custom_read_config_from_config_file_stream&gt;&apos; then &apos;$&lt;read_config&gt; =&gt; &lt;merge_all_config_sections_into_a_single_dict&gt; -&gt; &lt;dict_to_object&gt;$&apos; then &apos;$&lt;read_config&gt; =&gt; &lt;config_to_dict_of_dict&gt; -&gt; &lt;dict_of_dict_to_object&gt;$&apos; then &apos;$&lt;read_config&gt; =&gt; &lt;config_to_dict_of_dict&gt; -&gt; &lt;dict_to_object&gt;$]&apos;]
(B)                                                                                           |--expected_out.cfg -&gt; Config ------- using &lt;test_custom_read_config_from_config_file_stream&gt;
(B)                                                                                          |--expected_perf: NOT FOUND - This optional constructor attribute for type MainFooBarItem was not found on file system, but this may be normal - this message is displayed &apos;just in case&apos;.
(B)                                                                                           |--input_simple.txt -&gt; OneLiner ------- using [Try &apos;&lt;test_custom_read_oneliner_from_txt_file_stream&gt;&apos; then &apos;$&lt;read_dict_from_properties&gt; =&gt; &lt;dict_to_object&gt;$&apos; then &apos;$&lt;read_str_from_txt&gt; =&gt; &lt;constructor_with_str_arg&gt;$&apos; then &apos;$&lt;read_str_from_txt&gt; =&gt; &lt;base64_ascii_str_pickle_to_object&gt;$&apos; then &apos;$&lt;read_df_or_series_from_csv&gt; =&gt; &lt;single_row_or_col_df_to_dict&gt; -&gt; &lt;dict_to_object&gt;$&apos; then &apos;$&lt;test_custom_read_config_from_config_file_stream&gt; =&gt; &lt;merge_all_config_sections_into_a_single_dict&gt; -&gt; &lt;dict_to_object&gt;$&apos; then &apos;$&lt;test_custom_read_config_from_config_file_stream&gt; =&gt; &lt;config_to_dict_of_dict&gt; -&gt; &lt;dict_of_dict_to_object&gt;$&apos; then &apos;$&lt;test_custom_read_config_from_config_file_stream&gt; =&gt; &lt;config_to_dict_of_dict&gt; -&gt; &lt;dict_to_object&gt;$]&apos;]
(B)                                                                                           |--input_simple.txt -&gt; OneLiner ------- using &lt;test_custom_read_oneliner_from_txt_file_stream&gt;
Parsing Plan created successfully

Executing Parsing Plan for [/home/travis/build/smarie/python-parsyfiles/parsyfiles/tests/old/./custom_with_folders]
(P) /home/travis/build/smarie/python-parsyfiles/parsyfiles/tests/old/./custom_with_folders -&gt; Dict[str, MainFooBarItem] ------- using Multifile Collection parser (parsyfiles defaults)
(P)                                                                                     |--item1 -&gt; MainFooBarItem ------- using Multifile Object parser (parsyfiles defaults)
(P)                                                                                           |--expected_out.txt -&gt; Config ------- using &lt;test_custom_read_config_from_config_file_stream&gt;
(P)                                                                                           |--expected_out.txt -&gt; Config SUCCESS !
(P)                                                                                           |--expected_perf.cfg -&gt; Config ------- using &lt;test_custom_read_config_from_config_file_stream&gt;
(P)                                                                                           |--expected_perf.cfg -&gt; Config SUCCESS !
(P)                                                                                           |--input_simple.txt -&gt; OneLiner ------- using &lt;test_custom_read_oneliner_from_txt_file_stream&gt;
(P)                                                                                           |--input_simple.txt -&gt; OneLiner SUCCESS !
(P)                                                                                     |--item1 -&gt; MainFooBarItem SUCCESS !
(P)                                                                                     |--item2 -&gt; MainFooBarItem ------- using Multifile Object parser (parsyfiles defaults)
(P)                                                                                           |--expected_out.cfg -&gt; Config ------- using &lt;test_custom_read_config_from_config_file_stream&gt;
(P)                                                                                           |--expected_out.cfg -&gt; Config SUCCESS !
(P)                                                                                           |--expected_perf.cfg -&gt; Config ------- using &lt;test_custom_read_config_from_config_file_stream&gt;
(P)                                                                                           |--expected_perf.cfg -&gt; Config SUCCESS !
(P)                                                                                           |--input_simple.txt -&gt; OneLiner ------- using &lt;test_custom_read_oneliner_from_txt_file_stream&gt;
(P)                                                                                           |--input_simple.txt -&gt; OneLiner SUCCESS !
(P)                                                                                     |--item2 -&gt; MainFooBarItem SUCCESS !
(P)                                                                                     |--item3 -&gt; MainFooBarItem ------- using Multifile Object parser (parsyfiles defaults)
(P)                                                                                           |--expected_out.cfg -&gt; Config ------- using &lt;test_custom_read_config_from_config_file_stream&gt;
(P)                                                                                           |--expected_out.cfg -&gt; Config SUCCESS !
(P)                                                                                           |--input_simple.txt -&gt; OneLiner ------- using &lt;test_custom_read_oneliner_from_txt_file_stream&gt;
(P)                                                                                           |--input_simple.txt -&gt; OneLiner SUCCESS !
(P)                                                                                     |--item3 -&gt; MainFooBarItem SUCCESS !
(P)                                                                 |--custom_with_folders -&gt; Dict[str, MainFooBarItem] SUCCESS !
Completed parsing successfully

OrderedDict([(&apos;item1&apos;,
              {&apos;expected_out&apos;: &lt;test_parsyfiles_old.MultifileAndCustomFunctionsTest._create_root_parser.&lt;locals&gt;.Config object at 0x7fab07c083c8&gt;, &apos;expected_perf&apos;: &lt;test_parsyfiles_old.MultifileAndCustomFunctionsTest._create_root_parser.&lt;locals&gt;.Config object at 0x7fab0dcd2390&gt;, &apos;input_simple&apos;: this content is really interesting}),
             (&apos;item2&apos;,
              {&apos;expected_out&apos;: &lt;test_parsyfiles_old.MultifileAndCustomFunctionsTest._create_root_parser.&lt;locals&gt;.Config object at 0x7fab06ff1198&gt;, &apos;expected_perf&apos;: &lt;test_parsyfiles_old.MultifileAndCustomFunctionsTest._create_root_parser.&lt;locals&gt;.Config object at 0x7fab06f98320&gt;, &apos;input_simple&apos;: this content is really interesting}),
             (&apos;item3&apos;,
              {&apos;expected_out&apos;: &lt;test_parsyfiles_old.MultifileAndCustomFunctionsTest._create_root_parser.&lt;locals&gt;.Config object at 0x7fab07cdc5f8&gt;, &apos;expected_perf&apos;: None, &apos;input_simple&apos;: this content is really interesting})])
</system-out></testcase><testcase classname="parsyfiles.tests.old.test_parsyfiles_old.MultifileAndCustomFunctionsTest" file="parsyfiles/tests/old/test_parsyfiles_old.py" line="77" name="test_with_folders_set" time="0.09915733337402344"><system-out>[setup]
Elapsed: 0.019745588302612305
**** Starting to parse single object of type &lt;Set[MainFooBarItem]&gt; at location /home/travis/build/smarie/python-parsyfiles/parsyfiles/tests/old/./custom_with_folders ****
Checking all files under [/home/travis/build/smarie/python-parsyfiles/parsyfiles/tests/old/./custom_with_folders]
(C) /home/travis/build/smarie/python-parsyfiles/parsyfiles/tests/old/./custom_with_folders (multifile)
(C)                                                                                     |--item1 (multifile)
(C)                                                                                           |--expected_out (singlefile, .txt)
(C)                                                                                           |--expected_perf (singlefile, .cfg)
(C)                                                                                           |--input_simple (singlefile, .txt)
(C)                                                                                     |--item2 (multifile)
(C)                                                                                           |--expected_out (singlefile, .cfg)
(C)                                                                                           |--expected_perf (singlefile, .cfg)
(C)                                                                                           |--input_simple (singlefile, .txt)
(C)                                                                                     |--item3 (multifile)
(C)                                                                                           |--expected_out (singlefile, .cfg)
(C)                                                                                           |--input_simple (singlefile, .txt)
File checks done

Building a parsing plan to parse [/home/travis/build/smarie/python-parsyfiles/parsyfiles/tests/old/./custom_with_folders] into a Set[MainFooBarItem]
(B) /home/travis/build/smarie/python-parsyfiles/parsyfiles/tests/old/./custom_with_folders -&gt; Set[MainFooBarItem] ------- using Multifile Collection parser (parsyfiles defaults)
(B)                                                                                     |--item1 -&gt; MainFooBarItem ------- using Multifile Object parser (parsyfiles defaults)
(B)                                                                                           |--expected_out.txt -&gt; Config ------- using [Try &apos;&lt;test_custom_read_config_from_config_file_stream&gt;&apos; then &apos;$&lt;read_dict_from_properties&gt; =&gt; &lt;dict_to_object&gt;$&apos; then &apos;$&lt;read_str_from_txt&gt; =&gt; &lt;constructor_with_str_arg&gt;$&apos; then &apos;$&lt;read_str_from_txt&gt; =&gt; &lt;base64_ascii_str_pickle_to_object&gt;$&apos; then &apos;$&lt;read_df_or_series_from_csv&gt; =&gt; &lt;single_row_or_col_df_to_dict&gt; -&gt; &lt;dict_to_object&gt;$]&apos;]
(B)                                                                                           |--expected_out.txt -&gt; Config ------- using &lt;test_custom_read_config_from_config_file_stream&gt;
(B)                                                                                           |--expected_perf.cfg -&gt; Config ------- using [Try &apos;&lt;test_custom_read_config_from_config_file_stream&gt;&apos; then &apos;$&lt;read_config&gt; =&gt; &lt;merge_all_config_sections_into_a_single_dict&gt; -&gt; &lt;dict_to_object&gt;$&apos; then &apos;$&lt;read_config&gt; =&gt; &lt;config_to_dict_of_dict&gt; -&gt; &lt;dict_of_dict_to_object&gt;$&apos; then &apos;$&lt;read_config&gt; =&gt; &lt;config_to_dict_of_dict&gt; -&gt; &lt;dict_to_object&gt;$]&apos;]
(B)                                                                                           |--expected_perf.cfg -&gt; Config ------- using &lt;test_custom_read_config_from_config_file_stream&gt;
(B)                                                                                           |--input_simple.txt -&gt; OneLiner ------- using [Try &apos;&lt;test_custom_read_oneliner_from_txt_file_stream&gt;&apos; then &apos;$&lt;read_dict_from_properties&gt; =&gt; &lt;dict_to_object&gt;$&apos; then &apos;$&lt;read_str_from_txt&gt; =&gt; &lt;constructor_with_str_arg&gt;$&apos; then &apos;$&lt;read_str_from_txt&gt; =&gt; &lt;base64_ascii_str_pickle_to_object&gt;$&apos; then &apos;$&lt;read_df_or_series_from_csv&gt; =&gt; &lt;single_row_or_col_df_to_dict&gt; -&gt; &lt;dict_to_object&gt;$&apos; then &apos;$&lt;test_custom_read_config_from_config_file_stream&gt; =&gt; &lt;merge_all_config_sections_into_a_single_dict&gt; -&gt; &lt;dict_to_object&gt;$&apos; then &apos;$&lt;test_custom_read_config_from_config_file_stream&gt; =&gt; &lt;config_to_dict_of_dict&gt; -&gt; &lt;dict_of_dict_to_object&gt;$&apos; then &apos;$&lt;test_custom_read_config_from_config_file_stream&gt; =&gt; &lt;config_to_dict_of_dict&gt; -&gt; &lt;dict_to_object&gt;$]&apos;]
(B)                                                                                           |--input_simple.txt -&gt; OneLiner ------- using &lt;test_custom_read_oneliner_from_txt_file_stream&gt;
(B)                                                                                     |--item2 -&gt; MainFooBarItem ------- using Multifile Object parser (parsyfiles defaults)
(B)                                                                                           |--expected_out.cfg -&gt; Config ------- using [Try &apos;&lt;test_custom_read_config_from_config_file_stream&gt;&apos; then &apos;$&lt;read_config&gt; =&gt; &lt;merge_all_config_sections_into_a_single_dict&gt; -&gt; &lt;dict_to_object&gt;$&apos; then &apos;$&lt;read_config&gt; =&gt; &lt;config_to_dict_of_dict&gt; -&gt; &lt;dict_of_dict_to_object&gt;$&apos; then &apos;$&lt;read_config&gt; =&gt; &lt;config_to_dict_of_dict&gt; -&gt; &lt;dict_to_object&gt;$]&apos;]
(B)                                                                                           |--expected_out.cfg -&gt; Config ------- using &lt;test_custom_read_config_from_config_file_stream&gt;
(B)                                                                                           |--expected_perf.cfg -&gt; Config ------- using [Try &apos;&lt;test_custom_read_config_from_config_file_stream&gt;&apos; then &apos;$&lt;read_config&gt; =&gt; &lt;merge_all_config_sections_into_a_single_dict&gt; -&gt; &lt;dict_to_object&gt;$&apos; then &apos;$&lt;read_config&gt; =&gt; &lt;config_to_dict_of_dict&gt; -&gt; &lt;dict_of_dict_to_object&gt;$&apos; then &apos;$&lt;read_config&gt; =&gt; &lt;config_to_dict_of_dict&gt; -&gt; &lt;dict_to_object&gt;$]&apos;]
(B)                                                                                           |--expected_perf.cfg -&gt; Config ------- using &lt;test_custom_read_config_from_config_file_stream&gt;
(B)                                                                                           |--input_simple.txt -&gt; OneLiner ------- using [Try &apos;&lt;test_custom_read_oneliner_from_txt_file_stream&gt;&apos; then &apos;$&lt;read_dict_from_properties&gt; =&gt; &lt;dict_to_object&gt;$&apos; then &apos;$&lt;read_str_from_txt&gt; =&gt; &lt;constructor_with_str_arg&gt;$&apos; then &apos;$&lt;read_str_from_txt&gt; =&gt; &lt;base64_ascii_str_pickle_to_object&gt;$&apos; then &apos;$&lt;read_df_or_series_from_csv&gt; =&gt; &lt;single_row_or_col_df_to_dict&gt; -&gt; &lt;dict_to_object&gt;$&apos; then &apos;$&lt;test_custom_read_config_from_config_file_stream&gt; =&gt; &lt;merge_all_config_sections_into_a_single_dict&gt; -&gt; &lt;dict_to_object&gt;$&apos; then &apos;$&lt;test_custom_read_config_from_config_file_stream&gt; =&gt; &lt;config_to_dict_of_dict&gt; -&gt; &lt;dict_of_dict_to_object&gt;$&apos; then &apos;$&lt;test_custom_read_config_from_config_file_stream&gt; =&gt; &lt;config_to_dict_of_dict&gt; -&gt; &lt;dict_to_object&gt;$]&apos;]
(B)                                                                                           |--input_simple.txt -&gt; OneLiner ------- using &lt;test_custom_read_oneliner_from_txt_file_stream&gt;
(B)                                                                                     |--item3 -&gt; MainFooBarItem ------- using Multifile Object parser (parsyfiles defaults)
(B)                                                                                           |--expected_out.cfg -&gt; Config ------- using [Try &apos;&lt;test_custom_read_config_from_config_file_stream&gt;&apos; then &apos;$&lt;read_config&gt; =&gt; &lt;merge_all_config_sections_into_a_single_dict&gt; -&gt; &lt;dict_to_object&gt;$&apos; then &apos;$&lt;read_config&gt; =&gt; &lt;config_to_dict_of_dict&gt; -&gt; &lt;dict_of_dict_to_object&gt;$&apos; then &apos;$&lt;read_config&gt; =&gt; &lt;config_to_dict_of_dict&gt; -&gt; &lt;dict_to_object&gt;$]&apos;]
(B)                                                                                           |--expected_out.cfg -&gt; Config ------- using &lt;test_custom_read_config_from_config_file_stream&gt;
(B)                                                                                          |--expected_perf: NOT FOUND - This optional constructor attribute for type MainFooBarItem was not found on file system, but this may be normal - this message is displayed &apos;just in case&apos;.
(B)                                                                                           |--input_simple.txt -&gt; OneLiner ------- using [Try &apos;&lt;test_custom_read_oneliner_from_txt_file_stream&gt;&apos; then &apos;$&lt;read_dict_from_properties&gt; =&gt; &lt;dict_to_object&gt;$&apos; then &apos;$&lt;read_str_from_txt&gt; =&gt; &lt;constructor_with_str_arg&gt;$&apos; then &apos;$&lt;read_str_from_txt&gt; =&gt; &lt;base64_ascii_str_pickle_to_object&gt;$&apos; then &apos;$&lt;read_df_or_series_from_csv&gt; =&gt; &lt;single_row_or_col_df_to_dict&gt; -&gt; &lt;dict_to_object&gt;$&apos; then &apos;$&lt;test_custom_read_config_from_config_file_stream&gt; =&gt; &lt;merge_all_config_sections_into_a_single_dict&gt; -&gt; &lt;dict_to_object&gt;$&apos; then &apos;$&lt;test_custom_read_config_from_config_file_stream&gt; =&gt; &lt;config_to_dict_of_dict&gt; -&gt; &lt;dict_of_dict_to_object&gt;$&apos; then &apos;$&lt;test_custom_read_config_from_config_file_stream&gt; =&gt; &lt;config_to_dict_of_dict&gt; -&gt; &lt;dict_to_object&gt;$]&apos;]
(B)                                                                                           |--input_simple.txt -&gt; OneLiner ------- using &lt;test_custom_read_oneliner_from_txt_file_stream&gt;
Parsing Plan created successfully

Executing Parsing Plan for [/home/travis/build/smarie/python-parsyfiles/parsyfiles/tests/old/./custom_with_folders]
(P) /home/travis/build/smarie/python-parsyfiles/parsyfiles/tests/old/./custom_with_folders -&gt; Set[MainFooBarItem] ------- using Multifile Collection parser (parsyfiles defaults)
(P)                                                                                     |--item1 -&gt; MainFooBarItem ------- using Multifile Object parser (parsyfiles defaults)
(P)                                                                                           |--expected_out.txt -&gt; Config ------- using &lt;test_custom_read_config_from_config_file_stream&gt;
(P)                                                                                           |--expected_out.txt -&gt; Config SUCCESS !
(P)                                                                                           |--expected_perf.cfg -&gt; Config ------- using &lt;test_custom_read_config_from_config_file_stream&gt;
(P)                                                                                           |--expected_perf.cfg -&gt; Config SUCCESS !
(P)                                                                                           |--input_simple.txt -&gt; OneLiner ------- using &lt;test_custom_read_oneliner_from_txt_file_stream&gt;
(P)                                                                                           |--input_simple.txt -&gt; OneLiner SUCCESS !
(P)                                                                                     |--item1 -&gt; MainFooBarItem SUCCESS !
(P)                                                                                     |--item2 -&gt; MainFooBarItem ------- using Multifile Object parser (parsyfiles defaults)
(P)                                                                                           |--expected_out.cfg -&gt; Config ------- using &lt;test_custom_read_config_from_config_file_stream&gt;
(P)                                                                                           |--expected_out.cfg -&gt; Config SUCCESS !
(P)                                                                                           |--expected_perf.cfg -&gt; Config ------- using &lt;test_custom_read_config_from_config_file_stream&gt;
(P)                                                                                           |--expected_perf.cfg -&gt; Config SUCCESS !
(P)                                                                                           |--input_simple.txt -&gt; OneLiner ------- using &lt;test_custom_read_oneliner_from_txt_file_stream&gt;
(P)                                                                                           |--input_simple.txt -&gt; OneLiner SUCCESS !
(P)                                                                                     |--item2 -&gt; MainFooBarItem SUCCESS !
(P)                                                                                     |--item3 -&gt; MainFooBarItem ------- using Multifile Object parser (parsyfiles defaults)
(P)                                                                                           |--expected_out.cfg -&gt; Config ------- using &lt;test_custom_read_config_from_config_file_stream&gt;
(P)                                                                                           |--expected_out.cfg -&gt; Config SUCCESS !
(P)                                                                                           |--input_simple.txt -&gt; OneLiner ------- using &lt;test_custom_read_oneliner_from_txt_file_stream&gt;
(P)                                                                                           |--input_simple.txt -&gt; OneLiner SUCCESS !
(P)                                                                                     |--item3 -&gt; MainFooBarItem SUCCESS !
(P)                                                                 |--custom_with_folders -&gt; Set[MainFooBarItem] SUCCESS !
Completed parsing successfully

{{&apos;expected_out&apos;: &lt;test_parsyfiles_old.MultifileAndCustomFunctionsTest._create_root_parser.&lt;locals&gt;.Config object at 0x7fab07ade390&gt;, &apos;expected_perf&apos;: &lt;test_parsyfiles_old.MultifileAndCustomFunctionsTest._create_root_parser.&lt;locals&gt;.Config object at 0x7fab07030358&gt;, &apos;input_simple&apos;: this content is really interesting}, {&apos;expected_out&apos;: &lt;test_parsyfiles_old.MultifileAndCustomFunctionsTest._create_root_parser.&lt;locals&gt;.Config object at 0x7fab07030630&gt;, &apos;expected_perf&apos;: None, &apos;input_simple&apos;: this content is really interesting}, {&apos;expected_out&apos;: &lt;test_parsyfiles_old.MultifileAndCustomFunctionsTest._create_root_parser.&lt;locals&gt;.Config object at 0x7fab07ad1860&gt;, &apos;expected_perf&apos;: &lt;test_parsyfiles_old.MultifileAndCustomFunctionsTest._create_root_parser.&lt;locals&gt;.Config object at 0x7fab07adef28&gt;, &apos;input_simple&apos;: this content is really interesting}}
</system-out></testcase><testcase classname="parsyfiles.tests.old.test_parsyfiles_old.TestDemo" file="parsyfiles/tests/old/test_parsyfiles_old.py" line="238" name="test_old_demo" time="0.10930347442626953"><system-out>**** Starting to parse collection of &lt;OpTestCase&gt; at location /home/travis/build/smarie/python-parsyfiles/parsyfiles/tests/old/./custom_old_demo ****
Checking all files under [/home/travis/build/smarie/python-parsyfiles/parsyfiles/tests/old/./custom_old_demo]
(C) /home/travis/build/smarie/python-parsyfiles/parsyfiles/tests/old/./custom_old_demo (multifile)
(C)                                                                                 |--case1 (multifile)
(C)                                                                                       |--input_a (singlefile, .txt)
(C)                                                                                       |--input_b (singlefile, .txt)
(C)                                                                                       |--output (singlefile, .txt)
(C)                                                                                 |--case2 (multifile)
(C)                                                                                       |--input_a (singlefile, .txt)
(C)                                                                                       |--input_b (singlefile, .txt)
(C)                                                                                       |--options (singlefile, .txt)
(C)                                                                                       |--output (singlefile, .txt)
(C)                                                                                 |--case3 (multifile)
(C)                                                                                       |--input_a (singlefile, .txt)
(C)                                                                                       |--input_b (singlefile, .txt)
(C)                                                                                       |--options (singlefile, .cfg)
(C)                                                                                       |--output (singlefile, .txt)
File checks done

Building a parsing plan to parse [/home/travis/build/smarie/python-parsyfiles/parsyfiles/tests/old/./custom_old_demo] into a Dict[str, OpTestCase]
(B) /home/travis/build/smarie/python-parsyfiles/parsyfiles/tests/old/./custom_old_demo -&gt; Dict[str, OpTestCase] ------- using Multifile Collection parser (parsyfiles defaults+test custom functions)
(B)                                                                                 |--case1 -&gt; OpTestCase ------- using Multifile Object parser (parsyfiles defaults+test custom functions)
(B)                                                                                       |--input_a.txt -&gt; int ------- using &lt;test_parse_int_file&gt;
(B)                                                                                       |--input_b.txt -&gt; int ------- using &lt;test_parse_int_file&gt;
(B)                                                                                      |--options: NOT FOUND - This optional constructor attribute for type OpTestCase was not found on file system, but this may be normal - this message is displayed &apos;just in case&apos;.
(B)                                                                                       |--output.txt -&gt; int ------- using &lt;test_parse_int_file&gt;
(B)                                                                                 |--case2 -&gt; OpTestCase ------- using Multifile Object parser (parsyfiles defaults+test custom functions)
(B)                                                                                       |--input_a.txt -&gt; int ------- using &lt;test_parse_int_file&gt;
(B)                                                                                       |--input_b.txt -&gt; int ------- using &lt;test_parse_int_file&gt;
(B)                                                                                       |--options.txt -&gt; OpConfig ------- using &lt;test_parse_configuration_txt_file&gt;
(B)                                                                                       |--output.txt -&gt; int ------- using &lt;test_parse_int_file&gt;
(B)                                                                                 |--case3 -&gt; OpTestCase ------- using Multifile Object parser (parsyfiles defaults+test custom functions)
(B)                                                                                       |--input_a.txt -&gt; int ------- using &lt;test_parse_int_file&gt;
(B)                                                                                       |--input_b.txt -&gt; int ------- using &lt;test_parse_int_file&gt;
(B)                                                                                       |--options.cfg -&gt; OpConfig ------- using &lt;test_parse_configuration_cfg_file&gt;
(B)                                                                                       |--output.txt -&gt; int ------- using &lt;test_parse_int_file&gt;
Parsing Plan created successfully

Executing Parsing Plan for [/home/travis/build/smarie/python-parsyfiles/parsyfiles/tests/old/./custom_old_demo]
(P) /home/travis/build/smarie/python-parsyfiles/parsyfiles/tests/old/./custom_old_demo -&gt; Dict[str, OpTestCase] ------- using Multifile Collection parser (parsyfiles defaults+test custom functions)
(P)                                                                                 |--case1 -&gt; OpTestCase ------- using Multifile Object parser (parsyfiles defaults+test custom functions)
(P)                                                                                       |--input_a.txt -&gt; int ------- using &lt;test_parse_int_file&gt;
(P)                                                                                       |--input_a.txt -&gt; int SUCCESS !
(P)                                                                                       |--input_b.txt -&gt; int ------- using &lt;test_parse_int_file&gt;
(P)                                                                                       |--input_b.txt -&gt; int SUCCESS !
(P)                                                                                       |--output.txt -&gt; int ------- using &lt;test_parse_int_file&gt;
(P)                                                                                       |--output.txt -&gt; int SUCCESS !
(P)                                                                                 |--case1 -&gt; OpTestCase SUCCESS !
(P)                                                                                 |--case2 -&gt; OpTestCase ------- using Multifile Object parser (parsyfiles defaults+test custom functions)
(P)                                                                                       |--input_a.txt -&gt; int ------- using &lt;test_parse_int_file&gt;
(P)                                                                                       |--input_a.txt -&gt; int SUCCESS !
(P)                                                                                       |--input_b.txt -&gt; int ------- using &lt;test_parse_int_file&gt;
(P)                                                                                       |--input_b.txt -&gt; int SUCCESS !
(P)                                                                                       |--options.txt -&gt; OpConfig ------- using &lt;test_parse_configuration_txt_file&gt;
(P)                                                                                       |--options.txt -&gt; OpConfig SUCCESS !
(P)                                                                                       |--output.txt -&gt; int ------- using &lt;test_parse_int_file&gt;
(P)                                                                                       |--output.txt -&gt; int SUCCESS !
(P)                                                                                 |--case2 -&gt; OpTestCase SUCCESS !
(P)                                                                                 |--case3 -&gt; OpTestCase ------- using Multifile Object parser (parsyfiles defaults+test custom functions)
(P)                                                                                       |--input_a.txt -&gt; int ------- using &lt;test_parse_int_file&gt;
(P)                                                                                       |--input_a.txt -&gt; int SUCCESS !
(P)                                                                                       |--input_b.txt -&gt; int ------- using &lt;test_parse_int_file&gt;
(P)                                                                                       |--input_b.txt -&gt; int SUCCESS !
(P)                                                                                       |--options.cfg -&gt; OpConfig ------- using &lt;test_parse_configuration_cfg_file&gt;
(P)                                                                                       |--options.cfg -&gt; OpConfig SUCCESS !
(P)                                                                                       |--output.txt -&gt; int ------- using &lt;test_parse_int_file&gt;
(P)                                                                                       |--output.txt -&gt; int SUCCESS !
(P)                                                                                 |--case3 -&gt; OpTestCase SUCCESS !
(P)                                                                 |--custom_old_demo -&gt; Dict[str, OpTestCase] SUCCESS !
Completed parsing successfully

OrderedDict([(&apos;case1&apos;, 1 + 2 =? 3),
             (&apos;case2&apos;, 1 + 3 =? 4),
             (&apos;case3&apos;, 1 - 2 =? -1)])
**** Starting to parse collection of &lt;OpTestCase&gt; at location /home/travis/build/smarie/python-parsyfiles/parsyfiles/tests/old/./custom_old_demo_flat ****
Checking all files under [/home/travis/build/smarie/python-parsyfiles/parsyfiles/tests/old/./custom_old_demo_flat]
(C) /home/travis/build/smarie/python-parsyfiles/parsyfiles/tests/old/./custom_old_demo_flat (multifile)
(C)                                                                                      |--case1 (multifile)
(C)                                                                                      |--case1--input_a (singlefile, .txt)
(C)                                                                                      |--case1--input_b (singlefile, .txt)
(C)                                                                                      |--case1--output (singlefile, .txt)
(C)                                                                                      |--case2 (multifile)
(C)                                                                                      |--case2--input_a (singlefile, .txt)
(C)                                                                                      |--case2--input_b (singlefile, .txt)
(C)                                                                                      |--case2--options (singlefile, .txt)
(C)                                                                                      |--case2--output (singlefile, .txt)
(C)                                                                                      |--case3 (multifile)
(C)                                                                                      |--case3--input_a (singlefile, .txt)
(C)                                                                                      |--case3--input_b (singlefile, .txt)
(C)                                                                                      |--case3--options (singlefile, .cfg)
(C)                                                                                      |--case3--output (singlefile, .txt)
File checks done

Building a parsing plan to parse [/home/travis/build/smarie/python-parsyfiles/parsyfiles/tests/old/./custom_old_demo_flat] into a Dict[str, OpTestCase]
(B) /home/travis/build/smarie/python-parsyfiles/parsyfiles/tests/old/./custom_old_demo_flat -&gt; Dict[str, OpTestCase] ------- using Multifile Collection parser (parsyfiles defaults+test custom functions)
(B)                                                                                      |--case1 -&gt; OpTestCase ------- using Multifile Object parser (parsyfiles defaults+test custom functions)
(B)                                                                                      |--case1--input_a.txt -&gt; int ------- using &lt;test_parse_int_file&gt;
(B)                                                                                      |--case1--input_b.txt -&gt; int ------- using &lt;test_parse_int_file&gt;
(B)                                                                                           |--options: NOT FOUND - This optional constructor attribute for type OpTestCase was not found on file system, but this may be normal - this message is displayed &apos;just in case&apos;.
(B)                                                                                      |--case1--output.txt -&gt; int ------- using &lt;test_parse_int_file&gt;
(B)                                                                                      |--case2 -&gt; OpTestCase ------- using Multifile Object parser (parsyfiles defaults+test custom functions)
(B)                                                                                      |--case2--input_a.txt -&gt; int ------- using &lt;test_parse_int_file&gt;
(B)                                                                                      |--case2--input_b.txt -&gt; int ------- using &lt;test_parse_int_file&gt;
(B)                                                                                      |--case2--options.txt -&gt; OpConfig ------- using &lt;test_parse_configuration_txt_file&gt;
(B)                                                                                      |--case2--output.txt -&gt; int ------- using &lt;test_parse_int_file&gt;
(B)                                                                                      |--case3 -&gt; OpTestCase ------- using Multifile Object parser (parsyfiles defaults+test custom functions)
(B)                                                                                      |--case3--input_a.txt -&gt; int ------- using &lt;test_parse_int_file&gt;
(B)                                                                                      |--case3--input_b.txt -&gt; int ------- using &lt;test_parse_int_file&gt;
(B)                                                                                      |--case3--options.cfg -&gt; OpConfig ------- using &lt;test_parse_configuration_cfg_file&gt;
(B)                                                                                      |--case3--output.txt -&gt; int ------- using &lt;test_parse_int_file&gt;
Parsing Plan created successfully

Executing Parsing Plan for [/home/travis/build/smarie/python-parsyfiles/parsyfiles/tests/old/./custom_old_demo_flat]
(P) /home/travis/build/smarie/python-parsyfiles/parsyfiles/tests/old/./custom_old_demo_flat -&gt; Dict[str, OpTestCase] ------- using Multifile Collection parser (parsyfiles defaults+test custom functions)
(P)                                                                                      |--case1 -&gt; OpTestCase ------- using Multifile Object parser (parsyfiles defaults+test custom functions)
(P)                                                                                      |--case1--input_a.txt -&gt; int ------- using &lt;test_parse_int_file&gt;
(P)                                                                                      |--case1--input_a.txt -&gt; int SUCCESS !
(P)                                                                                      |--case1--input_b.txt -&gt; int ------- using &lt;test_parse_int_file&gt;
(P)                                                                                      |--case1--input_b.txt -&gt; int SUCCESS !
(P)                                                                                      |--case1--output.txt -&gt; int ------- using &lt;test_parse_int_file&gt;
(P)                                                                                      |--case1--output.txt -&gt; int SUCCESS !
(P)                                                                                      |--case1 -&gt; OpTestCase SUCCESS !
(P)                                                                                      |--case2 -&gt; OpTestCase ------- using Multifile Object parser (parsyfiles defaults+test custom functions)
(P)                                                                                      |--case2--input_a.txt -&gt; int ------- using &lt;test_parse_int_file&gt;
(P)                                                                                      |--case2--input_a.txt -&gt; int SUCCESS !
(P)                                                                                      |--case2--input_b.txt -&gt; int ------- using &lt;test_parse_int_file&gt;
(P)                                                                                      |--case2--input_b.txt -&gt; int SUCCESS !
(P)                                                                                      |--case2--options.txt -&gt; OpConfig ------- using &lt;test_parse_configuration_txt_file&gt;
(P)                                                                                      |--case2--options.txt -&gt; OpConfig SUCCESS !
(P)                                                                                      |--case2--output.txt -&gt; int ------- using &lt;test_parse_int_file&gt;
(P)                                                                                      |--case2--output.txt -&gt; int SUCCESS !
(P)                                                                                      |--case2 -&gt; OpTestCase SUCCESS !
(P)                                                                                      |--case3 -&gt; OpTestCase ------- using Multifile Object parser (parsyfiles defaults+test custom functions)
(P)                                                                                      |--case3--input_a.txt -&gt; int ------- using &lt;test_parse_int_file&gt;
(P)                                                                                      |--case3--input_a.txt -&gt; int SUCCESS !
(P)                                                                                      |--case3--input_b.txt -&gt; int ------- using &lt;test_parse_int_file&gt;
(P)                                                                                      |--case3--input_b.txt -&gt; int SUCCESS !
(P)                                                                                      |--case3--options.cfg -&gt; OpConfig ------- using &lt;test_parse_configuration_cfg_file&gt;
(P)                                                                                      |--case3--options.cfg -&gt; OpConfig SUCCESS !
(P)                                                                                      |--case3--output.txt -&gt; int ------- using &lt;test_parse_int_file&gt;
(P)                                                                                      |--case3--output.txt -&gt; int SUCCESS !
(P)                                                                                      |--case3 -&gt; OpTestCase SUCCESS !
(P)                                                                 |--custom_old_demo_flat -&gt; Dict[str, OpTestCase] SUCCESS !
Completed parsing successfully

OrderedDict([(&apos;case1&apos;, 1 + 2 =? 3),
             (&apos;case2&apos;, 1 + 3 =? 4),
             (&apos;case3&apos;, 1 - 2 =? -1)])
**** Starting to parse collection of &lt;OpTestCaseColl&gt; at location /home/travis/build/smarie/python-parsyfiles/parsyfiles/tests/old/./custom_old_demo_flat_coll ****
Checking all files under [/home/travis/build/smarie/python-parsyfiles/parsyfiles/tests/old/./custom_old_demo_flat_coll]
(C) /home/travis/build/smarie/python-parsyfiles/parsyfiles/tests/old/./custom_old_demo_flat_coll (multifile)
(C)                                                                                           |--case1 (multifile)
(C)                                                                                           |--case1--input_a (singlefile, .txt)
(C)                                                                                           |--case1--input_b (singlefile, .txt)
(C)                                                                                           |--case1--output (singlefile, .txt)
(C)                                                                                           |--case2 (multifile)
(C)                                                                                           |--case2--input_a (singlefile, .txt)
(C)                                                                                           |--case2--input_b (singlefile, .txt)
(C)                                                                                           |--case2--options (singlefile, .txt)
(C)                                                                                           |--case2--output (singlefile, .txt)
(C)                                                                                           |--case3 (multifile)
(C)                                                                                           |--case3--input_a (singlefile, .txt)
(C)                                                                                           |--case3--input_b (singlefile, .txt)
(C)                                                                                           |--case3--input_c (multifile)
(C)                                                                                           |--case3--input_c--keyA (multifile)
(C)                                                                                           |--case3--input_c--keyA--item1 (singlefile, .txt)
(C)                                                                                           |--case3--input_c--keyA--item2 (singlefile, .txt)
(C)                                                                                           |--case3--input_c--keyB (multifile)
(C)                                                                                           |--case3--input_c--keyB--item1 (singlefile, .txt)
(C)                                                                                           |--case3--options (singlefile, .cfg)
(C)                                                                                           |--case3--output (singlefile, .txt)
File checks done

Building a parsing plan to parse [/home/travis/build/smarie/python-parsyfiles/parsyfiles/tests/old/./custom_old_demo_flat_coll] into a Dict[str, OpTestCaseColl]
(B) /home/travis/build/smarie/python-parsyfiles/parsyfiles/tests/old/./custom_old_demo_flat_coll -&gt; Dict[str, OpTestCaseColl] ------- using Multifile Collection parser (parsyfiles defaults+test custom functions)
(B)                                                                                           |--case1 -&gt; OpTestCaseColl ------- using Multifile Object parser (parsyfiles defaults+test custom functions)
(B)                                                                                           |--case1--input_a.txt -&gt; int ------- using &lt;test_parse_int_file&gt;
(B)                                                                                           |--case1--input_b.txt -&gt; int ------- using &lt;test_parse_int_file&gt;
(B)                                                                                                |--input_c: NOT FOUND - This optional constructor attribute for type OpTestCaseColl was not found on file system, but this may be normal - this message is displayed &apos;just in case&apos;.
(B)                                                                                                |--options: NOT FOUND - This optional constructor attribute for type OpTestCaseColl was not found on file system, but this may be normal - this message is displayed &apos;just in case&apos;.
(B)                                                                                           |--case1--output.txt -&gt; int ------- using &lt;test_parse_int_file&gt;
(B)                                                                                           |--case2 -&gt; OpTestCaseColl ------- using Multifile Object parser (parsyfiles defaults+test custom functions)
(B)                                                                                           |--case2--input_a.txt -&gt; int ------- using &lt;test_parse_int_file&gt;
(B)                                                                                           |--case2--input_b.txt -&gt; int ------- using &lt;test_parse_int_file&gt;
(B)                                                                                                |--input_c: NOT FOUND - This optional constructor attribute for type OpTestCaseColl was not found on file system, but this may be normal - this message is displayed &apos;just in case&apos;.
(B)                                                                                           |--case2--options.txt -&gt; OpConfig ------- using &lt;test_parse_configuration_txt_file&gt;
(B)                                                                                           |--case2--output.txt -&gt; int ------- using &lt;test_parse_int_file&gt;
(B)                                                                                           |--case3 -&gt; OpTestCaseColl ------- using Multifile Object parser (parsyfiles defaults+test custom functions)
(B)                                                                                           |--case3--input_a.txt -&gt; int ------- using &lt;test_parse_int_file&gt;
(B)                                                                                           |--case3--input_b.txt -&gt; int ------- using &lt;test_parse_int_file&gt;
(B)                                                                                           |--case3--input_c -&gt; Dict[str, List[int]] ------- using Multifile Collection parser (parsyfiles defaults+test custom functions)
(B)                                                                                           |--case3--input_c--keyA -&gt; List[int] ------- using Multifile Collection parser (parsyfiles defaults+test custom functions)
(B)                                                                                           |--case3--input_c--keyA--item1.txt -&gt; int ------- using &lt;test_parse_int_file&gt;
(B)                                                                                           |--case3--input_c--keyA--item2.txt -&gt; int ------- using &lt;test_parse_int_file&gt;
(B)                                                                                           |--case3--input_c--keyB -&gt; List[int] ------- using Multifile Collection parser (parsyfiles defaults+test custom functions)
(B)                                                                                           |--case3--input_c--keyB--item1.txt -&gt; int ------- using &lt;test_parse_int_file&gt;
(B)                                                                                           |--case3--options.cfg -&gt; OpConfig ------- using &lt;test_parse_configuration_cfg_file&gt;
(B)                                                                                           |--case3--output.txt -&gt; int ------- using &lt;test_parse_int_file&gt;
Parsing Plan created successfully

Executing Parsing Plan for [/home/travis/build/smarie/python-parsyfiles/parsyfiles/tests/old/./custom_old_demo_flat_coll]
(P) /home/travis/build/smarie/python-parsyfiles/parsyfiles/tests/old/./custom_old_demo_flat_coll -&gt; Dict[str, OpTestCaseColl] ------- using Multifile Collection parser (parsyfiles defaults+test custom functions)
(P)                                                                                           |--case1 -&gt; OpTestCaseColl ------- using Multifile Object parser (parsyfiles defaults+test custom functions)
(P)                                                                                           |--case1--input_a.txt -&gt; int ------- using &lt;test_parse_int_file&gt;
(P)                                                                                           |--case1--input_a.txt -&gt; int SUCCESS !
(P)                                                                                           |--case1--input_b.txt -&gt; int ------- using &lt;test_parse_int_file&gt;
(P)                                                                                           |--case1--input_b.txt -&gt; int SUCCESS !
(P)                                                                                           |--case1--output.txt -&gt; int ------- using &lt;test_parse_int_file&gt;
(P)                                                                                           |--case1--output.txt -&gt; int SUCCESS !
(P)                                                                                           |--case1 -&gt; OpTestCaseColl SUCCESS !
(P)                                                                                           |--case2 -&gt; OpTestCaseColl ------- using Multifile Object parser (parsyfiles defaults+test custom functions)
(P)                                                                                           |--case2--input_a.txt -&gt; int ------- using &lt;test_parse_int_file&gt;
(P)                                                                                           |--case2--input_a.txt -&gt; int SUCCESS !
(P)                                                                                           |--case2--input_b.txt -&gt; int ------- using &lt;test_parse_int_file&gt;
(P)                                                                                           |--case2--input_b.txt -&gt; int SUCCESS !
(P)                                                                                           |--case2--options.txt -&gt; OpConfig ------- using &lt;test_parse_configuration_txt_file&gt;
(P)                                                                                           |--case2--options.txt -&gt; OpConfig SUCCESS !
(P)                                                                                           |--case2--output.txt -&gt; int ------- using &lt;test_parse_int_file&gt;
(P)                                                                                           |--case2--output.txt -&gt; int SUCCESS !
(P)                                                                                           |--case2 -&gt; OpTestCaseColl SUCCESS !
(P)                                                                                           |--case3 -&gt; OpTestCaseColl ------- using Multifile Object parser (parsyfiles defaults+test custom functions)
(P)                                                                                           |--case3--input_a.txt -&gt; int ------- using &lt;test_parse_int_file&gt;
(P)                                                                                           |--case3--input_a.txt -&gt; int SUCCESS !
(P)                                                                                           |--case3--input_b.txt -&gt; int ------- using &lt;test_parse_int_file&gt;
(P)                                                                                           |--case3--input_b.txt -&gt; int SUCCESS !
(P)                                                                                           |--case3--input_c -&gt; Dict[str, List[int]] ------- using Multifile Collection parser (parsyfiles defaults+test custom functions)
(P)                                                                                           |--case3--input_c--keyA -&gt; List[int] ------- using Multifile Collection parser (parsyfiles defaults+test custom functions)
(P)                                                                                           |--case3--input_c--keyA--item1.txt -&gt; int ------- using &lt;test_parse_int_file&gt;
(P)                                                                                           |--case3--input_c--keyA--item1.txt -&gt; int SUCCESS !
(P)                                                                                           |--case3--input_c--keyA--item2.txt -&gt; int ------- using &lt;test_parse_int_file&gt;
(P)                                                                                           |--case3--input_c--keyA--item2.txt -&gt; int SUCCESS !
(P)                                                                                           |--case3--input_c--keyA -&gt; List[int] SUCCESS !
(P)                                                                                           |--case3--input_c--keyB -&gt; List[int] ------- using Multifile Collection parser (parsyfiles defaults+test custom functions)
(P)                                                                                           |--case3--input_c--keyB--item1.txt -&gt; int ------- using &lt;test_parse_int_file&gt;
(P)                                                                                           |--case3--input_c--keyB--item1.txt -&gt; int SUCCESS !
(P)                                                                                           |--case3--input_c--keyB -&gt; List[int] SUCCESS !
(P)                                                                                           |--case3--input_c -&gt; Dict[str, List[int]] SUCCESS !
(P)                                                                                           |--case3--options.cfg -&gt; OpConfig ------- using &lt;test_parse_configuration_cfg_file&gt;
(P)                                                                                           |--case3--options.cfg -&gt; OpConfig SUCCESS !
(P)                                                                                           |--case3--output.txt -&gt; int ------- using &lt;test_parse_int_file&gt;
(P)                                                                                           |--case3--output.txt -&gt; int SUCCESS !
(P)                                                                                           |--case3 -&gt; OpTestCaseColl SUCCESS !
(P)                                                                 |--custom_old_demo_flat_coll -&gt; Dict[str, OpTestCaseColl] SUCCESS !
Completed parsing successfully

{&apos;keyA&apos;: [-1, -1], &apos;keyB&apos;: [-1]}
**** Starting to parse collection of &lt;OpTestCaseColl&gt; at location /home/travis/build/smarie/python-parsyfiles/parsyfiles/tests/old/./custom_old_demo_coll ****
Checking all files under [/home/travis/build/smarie/python-parsyfiles/parsyfiles/tests/old/./custom_old_demo_coll]
(C) /home/travis/build/smarie/python-parsyfiles/parsyfiles/tests/old/./custom_old_demo_coll (multifile)
(C)                                                                                      |--case1 (multifile)
(C)                                                                                            |--input_a (singlefile, .txt)
(C)                                                                                            |--input_b (singlefile, .txt)
(C)                                                                                            |--output (singlefile, .txt)
(C)                                                                                      |--case2 (multifile)
(C)                                                                                            |--input_a (singlefile, .txt)
(C)                                                                                            |--input_b (singlefile, .txt)
(C)                                                                                            |--options (singlefile, .txt)
(C)                                                                                            |--output (singlefile, .txt)
(C)                                                                                      |--case3 (multifile)
(C)                                                                                            |--input_a (singlefile, .txt)
(C)                                                                                            |--input_b (singlefile, .txt)
(C)                                                                                            |--input_c (multifile)
(C)                                                                                                    |--keyA (multifile)
(C)                                                                                                         |--item1 (singlefile, .txt)
(C)                                                                                                         |--item2 (singlefile, .txt)
(C)                                                                                                    |--keyB (multifile)
(C)                                                                                                         |--item1 (singlefile, .txt)
(C)                                                                                            |--options (singlefile, .cfg)
(C)                                                                                            |--output (singlefile, .txt)
File checks done

Building a parsing plan to parse [/home/travis/build/smarie/python-parsyfiles/parsyfiles/tests/old/./custom_old_demo_coll] into a Dict[str, OpTestCaseColl]
(B) /home/travis/build/smarie/python-parsyfiles/parsyfiles/tests/old/./custom_old_demo_coll -&gt; Dict[str, OpTestCaseColl] ------- using Multifile Collection parser (parsyfiles defaults+test custom functions)
(B)                                                                                      |--case1 -&gt; OpTestCaseColl ------- using Multifile Object parser (parsyfiles defaults+test custom functions)
(B)                                                                                            |--input_a.txt -&gt; int ------- using &lt;test_parse_int_file&gt;
(B)                                                                                            |--input_b.txt -&gt; int ------- using &lt;test_parse_int_file&gt;
(B)                                                                                           |--input_c: NOT FOUND - This optional constructor attribute for type OpTestCaseColl was not found on file system, but this may be normal - this message is displayed &apos;just in case&apos;.
(B)                                                                                           |--options: NOT FOUND - This optional constructor attribute for type OpTestCaseColl was not found on file system, but this may be normal - this message is displayed &apos;just in case&apos;.
(B)                                                                                            |--output.txt -&gt; int ------- using &lt;test_parse_int_file&gt;
(B)                                                                                      |--case2 -&gt; OpTestCaseColl ------- using Multifile Object parser (parsyfiles defaults+test custom functions)
(B)                                                                                            |--input_a.txt -&gt; int ------- using &lt;test_parse_int_file&gt;
(B)                                                                                            |--input_b.txt -&gt; int ------- using &lt;test_parse_int_file&gt;
(B)                                                                                           |--input_c: NOT FOUND - This optional constructor attribute for type OpTestCaseColl was not found on file system, but this may be normal - this message is displayed &apos;just in case&apos;.
(B)                                                                                            |--options.txt -&gt; OpConfig ------- using &lt;test_parse_configuration_txt_file&gt;
(B)                                                                                            |--output.txt -&gt; int ------- using &lt;test_parse_int_file&gt;
(B)                                                                                      |--case3 -&gt; OpTestCaseColl ------- using Multifile Object parser (parsyfiles defaults+test custom functions)
(B)                                                                                            |--input_a.txt -&gt; int ------- using &lt;test_parse_int_file&gt;
(B)                                                                                            |--input_b.txt -&gt; int ------- using &lt;test_parse_int_file&gt;
(B)                                                                                            |--input_c -&gt; Dict[str, List[int]] ------- using Multifile Collection parser (parsyfiles defaults+test custom functions)
(B)                                                                                                    |--keyA -&gt; List[int] ------- using Multifile Collection parser (parsyfiles defaults+test custom functions)
(B)                                                                                                         |--item1.txt -&gt; int ------- using &lt;test_parse_int_file&gt;
(B)                                                                                                         |--item2.txt -&gt; int ------- using &lt;test_parse_int_file&gt;
(B)                                                                                                    |--keyB -&gt; List[int] ------- using Multifile Collection parser (parsyfiles defaults+test custom functions)
(B)                                                                                                         |--item1.txt -&gt; int ------- using &lt;test_parse_int_file&gt;
(B)                                                                                            |--options.cfg -&gt; OpConfig ------- using &lt;test_parse_configuration_cfg_file&gt;
(B)                                                                                            |--output.txt -&gt; int ------- using &lt;test_parse_int_file&gt;
Parsing Plan created successfully

Executing Parsing Plan for [/home/travis/build/smarie/python-parsyfiles/parsyfiles/tests/old/./custom_old_demo_coll]
(P) /home/travis/build/smarie/python-parsyfiles/parsyfiles/tests/old/./custom_old_demo_coll -&gt; Dict[str, OpTestCaseColl] ------- using Multifile Collection parser (parsyfiles defaults+test custom functions)
(P)                                                                                      |--case1 -&gt; OpTestCaseColl ------- using Multifile Object parser (parsyfiles defaults+test custom functions)
(P)                                                                                            |--input_a.txt -&gt; int ------- using &lt;test_parse_int_file&gt;
(P)                                                                                            |--input_a.txt -&gt; int SUCCESS !
(P)                                                                                            |--input_b.txt -&gt; int ------- using &lt;test_parse_int_file&gt;
(P)                                                                                            |--input_b.txt -&gt; int SUCCESS !
(P)                                                                                            |--output.txt -&gt; int ------- using &lt;test_parse_int_file&gt;
(P)                                                                                            |--output.txt -&gt; int SUCCESS !
(P)                                                                                      |--case1 -&gt; OpTestCaseColl SUCCESS !
(P)                                                                                      |--case2 -&gt; OpTestCaseColl ------- using Multifile Object parser (parsyfiles defaults+test custom functions)
(P)                                                                                            |--input_a.txt -&gt; int ------- using &lt;test_parse_int_file&gt;
(P)                                                                                            |--input_a.txt -&gt; int SUCCESS !
(P)                                                                                            |--input_b.txt -&gt; int ------- using &lt;test_parse_int_file&gt;
(P)                                                                                            |--input_b.txt -&gt; int SUCCESS !
(P)                                                                                            |--options.txt -&gt; OpConfig ------- using &lt;test_parse_configuration_txt_file&gt;
(P)                                                                                            |--options.txt -&gt; OpConfig SUCCESS !
(P)                                                                                            |--output.txt -&gt; int ------- using &lt;test_parse_int_file&gt;
(P)                                                                                            |--output.txt -&gt; int SUCCESS !
(P)                                                                                      |--case2 -&gt; OpTestCaseColl SUCCESS !
(P)                                                                                      |--case3 -&gt; OpTestCaseColl ------- using Multifile Object parser (parsyfiles defaults+test custom functions)
(P)                                                                                            |--input_a.txt -&gt; int ------- using &lt;test_parse_int_file&gt;
(P)                                                                                            |--input_a.txt -&gt; int SUCCESS !
(P)                                                                                            |--input_b.txt -&gt; int ------- using &lt;test_parse_int_file&gt;
(P)                                                                                            |--input_b.txt -&gt; int SUCCESS !
(P)                                                                                            |--input_c -&gt; Dict[str, List[int]] ------- using Multifile Collection parser (parsyfiles defaults+test custom functions)
(P)                                                                                                    |--keyA -&gt; List[int] ------- using Multifile Collection parser (parsyfiles defaults+test custom functions)
(P)                                                                                                         |--item1.txt -&gt; int ------- using &lt;test_parse_int_file&gt;
(P)                                                                                                         |--item1.txt -&gt; int SUCCESS !
(P)                                                                                                         |--item2.txt -&gt; int ------- using &lt;test_parse_int_file&gt;
(P)                                                                                                         |--item2.txt -&gt; int SUCCESS !
(P)                                                                                                    |--keyA -&gt; List[int] SUCCESS !
(P)                                                                                                    |--keyB -&gt; List[int] ------- using Multifile Collection parser (parsyfiles defaults+test custom functions)
(P)                                                                                                         |--item1.txt -&gt; int ------- using &lt;test_parse_int_file&gt;
(P)                                                                                                         |--item1.txt -&gt; int SUCCESS !
(P)                                                                                                    |--keyB -&gt; List[int] SUCCESS !
(P)                                                                                            |--input_c -&gt; Dict[str, List[int]] SUCCESS !
(P)                                                                                            |--options.cfg -&gt; OpConfig ------- using &lt;test_parse_configuration_cfg_file&gt;
(P)                                                                                            |--options.cfg -&gt; OpConfig SUCCESS !
(P)                                                                                            |--output.txt -&gt; int ------- using &lt;test_parse_int_file&gt;
(P)                                                                                            |--output.txt -&gt; int SUCCESS !
(P)                                                                                      |--case3 -&gt; OpTestCaseColl SUCCESS !
(P)                                                                 |--custom_old_demo_coll -&gt; Dict[str, OpTestCaseColl] SUCCESS !
Completed parsing successfully

{&apos;keyA&apos;: [-1, -1], &apos;keyB&apos;: [-1]}
</system-out></testcase><testcase classname="parsyfiles.tests.parsing_capabilities_by_type.test_parse_collections" file="parsyfiles/tests/parsing_capabilities_by_type/test_parse_collections.py" line="13" name="test_collections" time="0.21625113487243652"><system-out>**** Starting to parse single object of type &lt;Tuple[Dict[str, int], List[int], Set[int], Tuple[str, int, str]]&gt; at location /home/travis/build/smarie/python-parsyfiles/parsyfiles/tests/parsing_capabilities_by_type/collections_data/. ****
Checking all files under [/home/travis/build/smarie/python-parsyfiles/parsyfiles/tests/parsing_capabilities_by_type/collections_data/.]
(C) /home/travis/build/smarie/python-parsyfiles/parsyfiles/tests/parsing_capabilities_by_type/collections_data/. (multifile)
(C)                                                                                                           |--dict (multifile)
(C)                                                                                                                |--a (singlefile, .txt)
(C)                                                                                                                |--b (singlefile, .txt)
(C)                                                                                                                |--c (singlefile, .txt)
(C)                                                                                                           |--list (multifile)
(C)                                                                                                                |--a (singlefile, .txt)
(C)                                                                                                                |--b (singlefile, .txt)
(C)                                                                                                                |--c (singlefile, .txt)
(C)                                                                                                           |--set (multifile)
(C)                                                                                                               |--a (singlefile, .txt)
(C)                                                                                                               |--b (singlefile, .txt)
(C)                                                                                                               |--c (singlefile, .txt)
(C)                                                                                                           |--tuple (multifile)
(C)                                                                                                                 |--a (singlefile, .txt)
(C)                                                                                                                 |--b (singlefile, .txt)
(C)                                                                                                                 |--c (singlefile, .txt)
File checks done

Building a parsing plan to parse [/home/travis/build/smarie/python-parsyfiles/parsyfiles/tests/parsing_capabilities_by_type/collections_data/.] into a Tuple[Dict[str, int], List[int], Set[int], Tuple[str, int, str]]
(B) /home/travis/build/smarie/python-parsyfiles/parsyfiles/tests/parsing_capabilities_by_type/collections_data/. -&gt; Tuple[Dict[str, int], List[int], Set[int], Tuple[str, int, str]] ------- using Multifile Collection parser (parsyfiles defaults)
(B)                                                                                                           |--dict -&gt; Dict[str, int] ------- using Multifile Collection parser (parsyfiles defaults)
(B)                                                                                                                |--a.txt -&gt; int ------- using [Try &apos;$&lt;read_str_from_txt&gt; =&gt; &lt;str_to_int&gt;$&apos; then &apos;$&lt;read_str_from_txt&gt; =&gt; &lt;base64_ascii_str_pickle_to_object&gt; -&gt; &lt;bool_to_int&gt;$&apos; then &apos;$&lt;read_str_from_txt&gt; =&gt; &lt;base64_ascii_str_pickle_to_object&gt; -&gt; &lt;float_to_int&gt;$&apos; then &apos;$&lt;read_str_from_txt&gt; =&gt; &lt;base64_ascii_str_pickle_to_object&gt; -&gt; &lt;str_to_int&gt;$&apos; then &apos;$&lt;read_str_from_txt&gt; =&gt; &lt;str_to_bool&gt;$&apos; then &apos;$&lt;read_str_from_txt&gt; =&gt; &lt;base64_ascii_str_pickle_to_object&gt; -&gt; &lt;float_to_bool&gt;$&apos; then &apos;$&lt;read_str_from_txt&gt; =&gt; &lt;base64_ascii_str_pickle_to_object&gt; -&gt; &lt;int_to_bool&gt;$&apos; then &apos;$&lt;read_str_from_txt&gt; =&gt; &lt;base64_ascii_str_pickle_to_object&gt; -&gt; &lt;str_to_bool&gt;$&apos; then &apos;$&lt;read_str_from_txt&gt; =&gt; &lt;base64_ascii_str_pickle_to_object&gt;$]&apos;]
(B)                                                                                                                |--a.txt -&gt; int ------- using $&lt;read_str_from_txt&gt; =&gt; &lt;str_to_int&gt;$
(B)                                                                                                                |--b.txt -&gt; int ------- using [Try &apos;$&lt;read_str_from_txt&gt; =&gt; &lt;str_to_int&gt;$&apos; then &apos;$&lt;read_str_from_txt&gt; =&gt; &lt;base64_ascii_str_pickle_to_object&gt; -&gt; &lt;bool_to_int&gt;$&apos; then &apos;$&lt;read_str_from_txt&gt; =&gt; &lt;base64_ascii_str_pickle_to_object&gt; -&gt; &lt;float_to_int&gt;$&apos; then &apos;$&lt;read_str_from_txt&gt; =&gt; &lt;base64_ascii_str_pickle_to_object&gt; -&gt; &lt;str_to_int&gt;$&apos; then &apos;$&lt;read_str_from_txt&gt; =&gt; &lt;str_to_bool&gt;$&apos; then &apos;$&lt;read_str_from_txt&gt; =&gt; &lt;base64_ascii_str_pickle_to_object&gt; -&gt; &lt;float_to_bool&gt;$&apos; then &apos;$&lt;read_str_from_txt&gt; =&gt; &lt;base64_ascii_str_pickle_to_object&gt; -&gt; &lt;int_to_bool&gt;$&apos; then &apos;$&lt;read_str_from_txt&gt; =&gt; &lt;base64_ascii_str_pickle_to_object&gt; -&gt; &lt;str_to_bool&gt;$&apos; then &apos;$&lt;read_str_from_txt&gt; =&gt; &lt;base64_ascii_str_pickle_to_object&gt;$]&apos;]
(B)                                                                                                                |--b.txt -&gt; int ------- using $&lt;read_str_from_txt&gt; =&gt; &lt;str_to_int&gt;$
(B)                                                                                                                |--c.txt -&gt; int ------- using [Try &apos;$&lt;read_str_from_txt&gt; =&gt; &lt;str_to_int&gt;$&apos; then &apos;$&lt;read_str_from_txt&gt; =&gt; &lt;base64_ascii_str_pickle_to_object&gt; -&gt; &lt;bool_to_int&gt;$&apos; then &apos;$&lt;read_str_from_txt&gt; =&gt; &lt;base64_ascii_str_pickle_to_object&gt; -&gt; &lt;float_to_int&gt;$&apos; then &apos;$&lt;read_str_from_txt&gt; =&gt; &lt;base64_ascii_str_pickle_to_object&gt; -&gt; &lt;str_to_int&gt;$&apos; then &apos;$&lt;read_str_from_txt&gt; =&gt; &lt;str_to_bool&gt;$&apos; then &apos;$&lt;read_str_from_txt&gt; =&gt; &lt;base64_ascii_str_pickle_to_object&gt; -&gt; &lt;float_to_bool&gt;$&apos; then &apos;$&lt;read_str_from_txt&gt; =&gt; &lt;base64_ascii_str_pickle_to_object&gt; -&gt; &lt;int_to_bool&gt;$&apos; then &apos;$&lt;read_str_from_txt&gt; =&gt; &lt;base64_ascii_str_pickle_to_object&gt; -&gt; &lt;str_to_bool&gt;$&apos; then &apos;$&lt;read_str_from_txt&gt; =&gt; &lt;base64_ascii_str_pickle_to_object&gt;$]&apos;]
(B)                                                                                                                |--c.txt -&gt; int ------- using $&lt;read_str_from_txt&gt; =&gt; &lt;str_to_int&gt;$
(B)                                                                                                           |--list -&gt; List[int] ------- using Multifile Collection parser (parsyfiles defaults)
(B)                                                                                                                |--a.txt -&gt; int ------- using [Try &apos;$&lt;read_str_from_txt&gt; =&gt; &lt;str_to_int&gt;$&apos; then &apos;$&lt;read_str_from_txt&gt; =&gt; &lt;base64_ascii_str_pickle_to_object&gt; -&gt; &lt;bool_to_int&gt;$&apos; then &apos;$&lt;read_str_from_txt&gt; =&gt; &lt;base64_ascii_str_pickle_to_object&gt; -&gt; &lt;float_to_int&gt;$&apos; then &apos;$&lt;read_str_from_txt&gt; =&gt; &lt;base64_ascii_str_pickle_to_object&gt; -&gt; &lt;str_to_int&gt;$&apos; then &apos;$&lt;read_str_from_txt&gt; =&gt; &lt;str_to_bool&gt;$&apos; then &apos;$&lt;read_str_from_txt&gt; =&gt; &lt;base64_ascii_str_pickle_to_object&gt; -&gt; &lt;float_to_bool&gt;$&apos; then &apos;$&lt;read_str_from_txt&gt; =&gt; &lt;base64_ascii_str_pickle_to_object&gt; -&gt; &lt;int_to_bool&gt;$&apos; then &apos;$&lt;read_str_from_txt&gt; =&gt; &lt;base64_ascii_str_pickle_to_object&gt; -&gt; &lt;str_to_bool&gt;$&apos; then &apos;$&lt;read_str_from_txt&gt; =&gt; &lt;base64_ascii_str_pickle_to_object&gt;$]&apos;]
(B)                                                                                                                |--a.txt -&gt; int ------- using $&lt;read_str_from_txt&gt; =&gt; &lt;str_to_int&gt;$
(B)                                                                                                                |--b.txt -&gt; int ------- using [Try &apos;$&lt;read_str_from_txt&gt; =&gt; &lt;str_to_int&gt;$&apos; then &apos;$&lt;read_str_from_txt&gt; =&gt; &lt;base64_ascii_str_pickle_to_object&gt; -&gt; &lt;bool_to_int&gt;$&apos; then &apos;$&lt;read_str_from_txt&gt; =&gt; &lt;base64_ascii_str_pickle_to_object&gt; -&gt; &lt;float_to_int&gt;$&apos; then &apos;$&lt;read_str_from_txt&gt; =&gt; &lt;base64_ascii_str_pickle_to_object&gt; -&gt; &lt;str_to_int&gt;$&apos; then &apos;$&lt;read_str_from_txt&gt; =&gt; &lt;str_to_bool&gt;$&apos; then &apos;$&lt;read_str_from_txt&gt; =&gt; &lt;base64_ascii_str_pickle_to_object&gt; -&gt; &lt;float_to_bool&gt;$&apos; then &apos;$&lt;read_str_from_txt&gt; =&gt; &lt;base64_ascii_str_pickle_to_object&gt; -&gt; &lt;int_to_bool&gt;$&apos; then &apos;$&lt;read_str_from_txt&gt; =&gt; &lt;base64_ascii_str_pickle_to_object&gt; -&gt; &lt;str_to_bool&gt;$&apos; then &apos;$&lt;read_str_from_txt&gt; =&gt; &lt;base64_ascii_str_pickle_to_object&gt;$]&apos;]
(B)                                                                                                                |--b.txt -&gt; int ------- using $&lt;read_str_from_txt&gt; =&gt; &lt;str_to_int&gt;$
(B)                                                                                                                |--c.txt -&gt; int ------- using [Try &apos;$&lt;read_str_from_txt&gt; =&gt; &lt;str_to_int&gt;$&apos; then &apos;$&lt;read_str_from_txt&gt; =&gt; &lt;base64_ascii_str_pickle_to_object&gt; -&gt; &lt;bool_to_int&gt;$&apos; then &apos;$&lt;read_str_from_txt&gt; =&gt; &lt;base64_ascii_str_pickle_to_object&gt; -&gt; &lt;float_to_int&gt;$&apos; then &apos;$&lt;read_str_from_txt&gt; =&gt; &lt;base64_ascii_str_pickle_to_object&gt; -&gt; &lt;str_to_int&gt;$&apos; then &apos;$&lt;read_str_from_txt&gt; =&gt; &lt;str_to_bool&gt;$&apos; then &apos;$&lt;read_str_from_txt&gt; =&gt; &lt;base64_ascii_str_pickle_to_object&gt; -&gt; &lt;float_to_bool&gt;$&apos; then &apos;$&lt;read_str_from_txt&gt; =&gt; &lt;base64_ascii_str_pickle_to_object&gt; -&gt; &lt;int_to_bool&gt;$&apos; then &apos;$&lt;read_str_from_txt&gt; =&gt; &lt;base64_ascii_str_pickle_to_object&gt; -&gt; &lt;str_to_bool&gt;$&apos; then &apos;$&lt;read_str_from_txt&gt; =&gt; &lt;base64_ascii_str_pickle_to_object&gt;$]&apos;]
(B)                                                                                                                |--c.txt -&gt; int ------- using $&lt;read_str_from_txt&gt; =&gt; &lt;str_to_int&gt;$
(B)                                                                                                           |--set -&gt; Set[int] ------- using Multifile Collection parser (parsyfiles defaults)
(B)                                                                                                               |--a.txt -&gt; int ------- using [Try &apos;$&lt;read_str_from_txt&gt; =&gt; &lt;str_to_int&gt;$&apos; then &apos;$&lt;read_str_from_txt&gt; =&gt; &lt;base64_ascii_str_pickle_to_object&gt; -&gt; &lt;bool_to_int&gt;$&apos; then &apos;$&lt;read_str_from_txt&gt; =&gt; &lt;base64_ascii_str_pickle_to_object&gt; -&gt; &lt;float_to_int&gt;$&apos; then &apos;$&lt;read_str_from_txt&gt; =&gt; &lt;base64_ascii_str_pickle_to_object&gt; -&gt; &lt;str_to_int&gt;$&apos; then &apos;$&lt;read_str_from_txt&gt; =&gt; &lt;str_to_bool&gt;$&apos; then &apos;$&lt;read_str_from_txt&gt; =&gt; &lt;base64_ascii_str_pickle_to_object&gt; -&gt; &lt;float_to_bool&gt;$&apos; then &apos;$&lt;read_str_from_txt&gt; =&gt; &lt;base64_ascii_str_pickle_to_object&gt; -&gt; &lt;int_to_bool&gt;$&apos; then &apos;$&lt;read_str_from_txt&gt; =&gt; &lt;base64_ascii_str_pickle_to_object&gt; -&gt; &lt;str_to_bool&gt;$&apos; then &apos;$&lt;read_str_from_txt&gt; =&gt; &lt;base64_ascii_str_pickle_to_object&gt;$]&apos;]
(B)                                                                                                               |--a.txt -&gt; int ------- using $&lt;read_str_from_txt&gt; =&gt; &lt;str_to_int&gt;$
(B)                                                                                                               |--b.txt -&gt; int ------- using [Try &apos;$&lt;read_str_from_txt&gt; =&gt; &lt;str_to_int&gt;$&apos; then &apos;$&lt;read_str_from_txt&gt; =&gt; &lt;base64_ascii_str_pickle_to_object&gt; -&gt; &lt;bool_to_int&gt;$&apos; then &apos;$&lt;read_str_from_txt&gt; =&gt; &lt;base64_ascii_str_pickle_to_object&gt; -&gt; &lt;float_to_int&gt;$&apos; then &apos;$&lt;read_str_from_txt&gt; =&gt; &lt;base64_ascii_str_pickle_to_object&gt; -&gt; &lt;str_to_int&gt;$&apos; then &apos;$&lt;read_str_from_txt&gt; =&gt; &lt;str_to_bool&gt;$&apos; then &apos;$&lt;read_str_from_txt&gt; =&gt; &lt;base64_ascii_str_pickle_to_object&gt; -&gt; &lt;float_to_bool&gt;$&apos; then &apos;$&lt;read_str_from_txt&gt; =&gt; &lt;base64_ascii_str_pickle_to_object&gt; -&gt; &lt;int_to_bool&gt;$&apos; then &apos;$&lt;read_str_from_txt&gt; =&gt; &lt;base64_ascii_str_pickle_to_object&gt; -&gt; &lt;str_to_bool&gt;$&apos; then &apos;$&lt;read_str_from_txt&gt; =&gt; &lt;base64_ascii_str_pickle_to_object&gt;$]&apos;]
(B)                                                                                                               |--b.txt -&gt; int ------- using $&lt;read_str_from_txt&gt; =&gt; &lt;str_to_int&gt;$
(B)                                                                                                               |--c.txt -&gt; int ------- using [Try &apos;$&lt;read_str_from_txt&gt; =&gt; &lt;str_to_int&gt;$&apos; then &apos;$&lt;read_str_from_txt&gt; =&gt; &lt;base64_ascii_str_pickle_to_object&gt; -&gt; &lt;bool_to_int&gt;$&apos; then &apos;$&lt;read_str_from_txt&gt; =&gt; &lt;base64_ascii_str_pickle_to_object&gt; -&gt; &lt;float_to_int&gt;$&apos; then &apos;$&lt;read_str_from_txt&gt; =&gt; &lt;base64_ascii_str_pickle_to_object&gt; -&gt; &lt;str_to_int&gt;$&apos; then &apos;$&lt;read_str_from_txt&gt; =&gt; &lt;str_to_bool&gt;$&apos; then &apos;$&lt;read_str_from_txt&gt; =&gt; &lt;base64_ascii_str_pickle_to_object&gt; -&gt; &lt;float_to_bool&gt;$&apos; then &apos;$&lt;read_str_from_txt&gt; =&gt; &lt;base64_ascii_str_pickle_to_object&gt; -&gt; &lt;int_to_bool&gt;$&apos; then &apos;$&lt;read_str_from_txt&gt; =&gt; &lt;base64_ascii_str_pickle_to_object&gt; -&gt; &lt;str_to_bool&gt;$&apos; then &apos;$&lt;read_str_from_txt&gt; =&gt; &lt;base64_ascii_str_pickle_to_object&gt;$]&apos;]
(B)                                                                                                               |--c.txt -&gt; int ------- using $&lt;read_str_from_txt&gt; =&gt; &lt;str_to_int&gt;$
(B)                                                                                                           |--tuple -&gt; Tuple[str, int, str] ------- using Multifile Collection parser (parsyfiles defaults)
(B)                                                                                                                 |--a.txt -&gt; str ------- using &lt;read_str_from_txt&gt;
(B)                                                                                                                 |--b.txt -&gt; int ------- using [Try &apos;$&lt;read_str_from_txt&gt; =&gt; &lt;str_to_int&gt;$&apos; then &apos;$&lt;read_str_from_txt&gt; =&gt; &lt;base64_ascii_str_pickle_to_object&gt; -&gt; &lt;bool_to_int&gt;$&apos; then &apos;$&lt;read_str_from_txt&gt; =&gt; &lt;base64_ascii_str_pickle_to_object&gt; -&gt; &lt;float_to_int&gt;$&apos; then &apos;$&lt;read_str_from_txt&gt; =&gt; &lt;base64_ascii_str_pickle_to_object&gt; -&gt; &lt;str_to_int&gt;$&apos; then &apos;$&lt;read_str_from_txt&gt; =&gt; &lt;str_to_bool&gt;$&apos; then &apos;$&lt;read_str_from_txt&gt; =&gt; &lt;base64_ascii_str_pickle_to_object&gt; -&gt; &lt;float_to_bool&gt;$&apos; then &apos;$&lt;read_str_from_txt&gt; =&gt; &lt;base64_ascii_str_pickle_to_object&gt; -&gt; &lt;int_to_bool&gt;$&apos; then &apos;$&lt;read_str_from_txt&gt; =&gt; &lt;base64_ascii_str_pickle_to_object&gt; -&gt; &lt;str_to_bool&gt;$&apos; then &apos;$&lt;read_str_from_txt&gt; =&gt; &lt;base64_ascii_str_pickle_to_object&gt;$]&apos;]
(B)                                                                                                                 |--b.txt -&gt; int ------- using $&lt;read_str_from_txt&gt; =&gt; &lt;str_to_int&gt;$
(B)                                                                                                                 |--c.txt -&gt; str ------- using &lt;read_str_from_txt&gt;
Parsing Plan created successfully

Executing Parsing Plan for [/home/travis/build/smarie/python-parsyfiles/parsyfiles/tests/parsing_capabilities_by_type/collections_data/.]
(P) /home/travis/build/smarie/python-parsyfiles/parsyfiles/tests/parsing_capabilities_by_type/collections_data/. -&gt; Tuple[Dict[str, int], List[int], Set[int], Tuple[str, int, str]] ------- using Multifile Collection parser (parsyfiles defaults)
(P)                                                                                                           |--dict -&gt; Dict[str, int] ------- using Multifile Collection parser (parsyfiles defaults)
(P)                                                                                                                |--a.txt -&gt; int ------- using $&lt;read_str_from_txt&gt; =&gt; &lt;str_to_int&gt;$
(P)                                                                                                                |--a.txt -&gt; int SUCCESS !
(P)                                                                                                                |--b.txt -&gt; int ------- using $&lt;read_str_from_txt&gt; =&gt; &lt;str_to_int&gt;$
(P)                                                                                                                |--b.txt -&gt; int SUCCESS !
(P)                                                                                                                |--c.txt -&gt; int ------- using $&lt;read_str_from_txt&gt; =&gt; &lt;str_to_int&gt;$
(P)                                                                                                                |--c.txt -&gt; int SUCCESS !
(P)                                                                                                           |--dict -&gt; Dict[str, int] SUCCESS !
(P)                                                                                                           |--list -&gt; List[int] ------- using Multifile Collection parser (parsyfiles defaults)
(P)                                                                                                                |--a.txt -&gt; int ------- using $&lt;read_str_from_txt&gt; =&gt; &lt;str_to_int&gt;$
(P)                                                                                                                |--a.txt -&gt; int SUCCESS !
(P)                                                                                                                |--b.txt -&gt; int ------- using $&lt;read_str_from_txt&gt; =&gt; &lt;str_to_int&gt;$
(P)                                                                                                                |--b.txt -&gt; int SUCCESS !
(P)                                                                                                                |--c.txt -&gt; int ------- using $&lt;read_str_from_txt&gt; =&gt; &lt;str_to_int&gt;$
(P)                                                                                                                |--c.txt -&gt; int SUCCESS !
(P)                                                                                                           |--list -&gt; List[int] SUCCESS !
(P)                                                                                                           |--set -&gt; Set[int] ------- using Multifile Collection parser (parsyfiles defaults)
(P)                                                                                                               |--a.txt -&gt; int ------- using $&lt;read_str_from_txt&gt; =&gt; &lt;str_to_int&gt;$
(P)                                                                                                               |--a.txt -&gt; int SUCCESS !
(P)                                                                                                               |--b.txt -&gt; int ------- using $&lt;read_str_from_txt&gt; =&gt; &lt;str_to_int&gt;$
(P)                                                                                                               |--b.txt -&gt; int SUCCESS !
(P)                                                                                                               |--c.txt -&gt; int ------- using $&lt;read_str_from_txt&gt; =&gt; &lt;str_to_int&gt;$
(P)                                                                                                               |--c.txt -&gt; int SUCCESS !
(P)                                                                                                           |--set -&gt; Set[int] SUCCESS !
(P)                                                                                                           |--tuple -&gt; Tuple[str, int, str] ------- using Multifile Collection parser (parsyfiles defaults)
(P)                                                                                                                 |--a.txt -&gt; str ------- using &lt;read_str_from_txt&gt;
(P)                                                                                                                 |--a.txt -&gt; str SUCCESS !
(P)                                                                                                                 |--b.txt -&gt; int ------- using $&lt;read_str_from_txt&gt; =&gt; &lt;str_to_int&gt;$
(P)                                                                                                                 |--b.txt -&gt; int SUCCESS !
(P)                                                                                                                 |--c.txt -&gt; str ------- using &lt;read_str_from_txt&gt;
(P)                                                                                                                 |--c.txt -&gt; str SUCCESS !
(P)                                                                                                           |--tuple -&gt; Tuple[str, int, str] SUCCESS !
(P)                                                                                                         |--. -&gt; Tuple[Dict[str, int], List[int], Set[int], Tuple[str, int, str]] SUCCESS !
Completed parsing successfully

(OrderedDict([(&apos;a&apos;, 1), (&apos;b&apos;, 2), (&apos;c&apos;, 3)]), [1, 2, 3], {1, 2, 3}, (&apos;text&apos;, 2, &apos;text&apos;))
</system-out></testcase><testcase classname="parsyfiles.tests.parsing_capabilities_by_type.test_parse_collections" file="parsyfiles/tests/parsing_capabilities_by_type/test_parse_collections.py" line="37" name="test_nested_and_custom_dict1" time="0.04107499122619629"><system-out>**** Starting to parse single object of type &lt;Dict[str, Foo]&gt; at location /home/travis/build/smarie/python-parsyfiles/parsyfiles/tests/parsing_capabilities_by_type/collections_data2/foo_file ****
Checking all files under [/home/travis/build/smarie/python-parsyfiles/parsyfiles/tests/parsing_capabilities_by_type/collections_data2/foo_file]
(C) /home/travis/build/smarie/python-parsyfiles/parsyfiles/tests/parsing_capabilities_by_type/collections_data2/foo_file (singlefile, .yaml)
File checks done

Building a parsing plan to parse [/home/travis/build/smarie/python-parsyfiles/parsyfiles/tests/parsing_capabilities_by_type/collections_data2/foo_file] into a Dict[str, Foo]
(B) /home/travis/build/smarie/python-parsyfiles/parsyfiles/tests/parsing_capabilities_by_type/collections_data2/foo_file.yaml -&gt; Dict[str, Foo] ------- using [Try &apos;&lt;read_collection_from_yaml&gt;&apos; then &apos;$&lt;read_object_from_yaml&gt; =&gt; &lt;single_row_or_col_df_to_dict&gt;$&apos; then &apos;$&lt;read_object_from_yaml&gt; =&gt; &lt;merge_all_config_sections_into_a_single_dict&gt;$&apos; then &apos;$&lt;read_object_from_yaml&gt; =&gt; &lt;config_to_dict_of_dict&gt;$&apos; then &apos;&lt;read_object_from_yaml&gt;]&apos;]
(B)                                                                                                          |--foo_file.yaml -&gt; Dict[str, Foo] ------- using &lt;read_collection_from_yaml&gt;
Parsing Plan created successfully

Executing Parsing Plan for [/home/travis/build/smarie/python-parsyfiles/parsyfiles/tests/parsing_capabilities_by_type/collections_data2/foo_file]
(P) /home/travis/build/smarie/python-parsyfiles/parsyfiles/tests/parsing_capabilities_by_type/collections_data2/foo_file.yaml -&gt; Dict[str, Foo] ------- using &lt;read_collection_from_yaml&gt;
(P)                                                                                                          |--foo_file.yaml -&gt; Dict[str, Foo] SUCCESS !
Completed parsing successfully

</system-out></testcase><testcase classname="parsyfiles.tests.parsing_capabilities_by_type.test_parse_collections" file="parsyfiles/tests/parsing_capabilities_by_type/test_parse_collections.py" line="45" name="test_nested_and_custom_dict2" time="0.04364800453186035"><system-out>**** Starting to parse single object of type &lt;Dict[str, FooDct]&gt; at location /home/travis/build/smarie/python-parsyfiles/parsyfiles/tests/parsing_capabilities_by_type/collections_data2/foo_file2 ****
Checking all files under [/home/travis/build/smarie/python-parsyfiles/parsyfiles/tests/parsing_capabilities_by_type/collections_data2/foo_file2]
(C) /home/travis/build/smarie/python-parsyfiles/parsyfiles/tests/parsing_capabilities_by_type/collections_data2/foo_file2 (singlefile, .yaml)
File checks done

Building a parsing plan to parse [/home/travis/build/smarie/python-parsyfiles/parsyfiles/tests/parsing_capabilities_by_type/collections_data2/foo_file2] into a Dict[str, FooDct]
(B) /home/travis/build/smarie/python-parsyfiles/parsyfiles/tests/parsing_capabilities_by_type/collections_data2/foo_file2.yaml -&gt; Dict[str, FooDct] ------- using [Try &apos;&lt;read_collection_from_yaml&gt;&apos; then &apos;$&lt;read_object_from_yaml&gt; =&gt; &lt;single_row_or_col_df_to_dict&gt;$&apos; then &apos;$&lt;read_object_from_yaml&gt; =&gt; &lt;merge_all_config_sections_into_a_single_dict&gt;$&apos; then &apos;$&lt;read_object_from_yaml&gt; =&gt; &lt;config_to_dict_of_dict&gt;$&apos; then &apos;&lt;read_object_from_yaml&gt;]&apos;]
(B)                                                                                                          |--foo_file2.yaml -&gt; Dict[str, FooDct] ------- using &lt;read_collection_from_yaml&gt;
Parsing Plan created successfully

Executing Parsing Plan for [/home/travis/build/smarie/python-parsyfiles/parsyfiles/tests/parsing_capabilities_by_type/collections_data2/foo_file2]
(P) /home/travis/build/smarie/python-parsyfiles/parsyfiles/tests/parsing_capabilities_by_type/collections_data2/foo_file2.yaml -&gt; Dict[str, FooDct] ------- using &lt;read_collection_from_yaml&gt;
(P)                                                                                                          |--foo_file2.yaml -&gt; Dict[str, FooDct] SUCCESS !
Completed parsing successfully

</system-out></testcase><testcase classname="parsyfiles.tests.parsing_capabilities_by_type.test_parse_collections" file="parsyfiles/tests/parsing_capabilities_by_type/test_parse_collections.py" line="53" name="test_nested_and_custom_dict3" time="0.04535818099975586"><system-out>**** Starting to parse single object of type &lt;FooDct&gt; at location /home/travis/build/smarie/python-parsyfiles/parsyfiles/tests/parsing_capabilities_by_type/collections_data2/foo_file ****
Checking all files under [/home/travis/build/smarie/python-parsyfiles/parsyfiles/tests/parsing_capabilities_by_type/collections_data2/foo_file]
(C) /home/travis/build/smarie/python-parsyfiles/parsyfiles/tests/parsing_capabilities_by_type/collections_data2/foo_file (singlefile, .yaml)
File checks done

Building a parsing plan to parse [/home/travis/build/smarie/python-parsyfiles/parsyfiles/tests/parsing_capabilities_by_type/collections_data2/foo_file] into a FooDct
(B) /home/travis/build/smarie/python-parsyfiles/parsyfiles/tests/parsing_capabilities_by_type/collections_data2/foo_file.yaml -&gt; FooDct ------- using [Try &apos;&lt;read_object_from_yaml&gt;&apos; then &apos;$&lt;read_collection_from_yaml&gt; =&gt; &lt;dict_to_object&gt;$]&apos;]
(B)                                                                                                          |--foo_file.yaml -&gt; FooDct ------- using &lt;read_object_from_yaml&gt;
Parsing Plan created successfully

Executing Parsing Plan for [/home/travis/build/smarie/python-parsyfiles/parsyfiles/tests/parsing_capabilities_by_type/collections_data2/foo_file]
(P) /home/travis/build/smarie/python-parsyfiles/parsyfiles/tests/parsing_capabilities_by_type/collections_data2/foo_file.yaml -&gt; FooDct ------- using &lt;read_object_from_yaml&gt;
  !! Caught error during execution !!
  File &quot;/home/travis/build/smarie/python-parsyfiles/parsyfiles/parsing_combining_parsers.py&quot;, line 31, in execute
    return self.pp.execute(logger, options)
  File &quot;/home/travis/build/smarie/python-parsyfiles/parsyfiles/parsing_core.py&quot;, line 139, in execute
    res = super(_BaseParsingPlan, self).execute(logger, options)
  File &quot;/home/travis/build/smarie/python-parsyfiles/parsyfiles/parsing_core_api.py&quot;, line 427, in execute
    res, options)
  ParsingException : Error while parsing /home/travis/build/smarie/python-parsyfiles/parsyfiles/tests/parsing_capabilities_by_type/collections_data2/foo_file (singlefile, .yaml) as a parsyfiles.tests.parsing_capabilities_by_type.test_parse_collections.FooDct with parser &apos;&lt;read_object_from_yaml&gt;&apos; using options=({&apos;MultifileCollectionParser&apos;: {&apos;lazy_parsing&apos;: False}}) : 
      parser returned {&apos;foo1&apos;: {&apos;id&apos;: &apos;a&apos;, &apos;info&apos;: &apos;b&apos;}, &apos;foo2&apos;: {&apos;id&apos;: &apos;c&apos;, &apos;info&apos;: &apos;d&apos;}} of type &lt;class &apos;dict&apos;&gt; which is not an instance of parsyfiles.tests.parsing_capabilities_by_type.test_parse_collections.FooDct
Rebuilding local parsing plan with next candidate parser: $&lt;read_collection_from_yaml&gt; =&gt; &lt;dict_to_object&gt;$
(B)                                                                                                          |--foo_file.yaml -&gt; FooDct ------- using $&lt;read_collection_from_yaml&gt; =&gt; &lt;dict_to_object&gt;$
DONE Rebuilding local parsing plan for [/home/travis/build/smarie/python-parsyfiles/parsyfiles/tests/parsing_capabilities_by_type/collections_data2/foo_file.yaml]. Resuming parsing...
Executing Parsing Plan for [/home/travis/build/smarie/python-parsyfiles/parsyfiles/tests/parsing_capabilities_by_type/collections_data2/foo_file]
(P) /home/travis/build/smarie/python-parsyfiles/parsyfiles/tests/parsing_capabilities_by_type/collections_data2/foo_file.yaml -&gt; FooDct ------- using $&lt;read_collection_from_yaml&gt; =&gt; &lt;dict_to_object&gt;$
(P)                                                                                                          |--foo_file.yaml -&gt; FooDct SUCCESS !
Completed parsing successfully

</system-out></testcase><testcase classname="parsyfiles.tests.parsing_capabilities_by_type.test_parse_custom_object" file="parsyfiles/tests/parsing_capabilities_by_type/test_parse_custom_object.py" line="36" name="test_simple_objects_support" time="0.2878994941711426"><system-out>**** Starting to parse single object of type &lt;ExecOpTest&gt; at location /home/travis/build/smarie/python-parsyfiles/parsyfiles/tests/parsing_capabilities_by_type/objects_data/./test_diff_1 ****
Checking all files under [/home/travis/build/smarie/python-parsyfiles/parsyfiles/tests/parsing_capabilities_by_type/objects_data/./test_diff_1]
(C) /home/travis/build/smarie/python-parsyfiles/parsyfiles/tests/parsing_capabilities_by_type/objects_data/./test_diff_1 (singlefile, .cfg)
File checks done

Building a parsing plan to parse [/home/travis/build/smarie/python-parsyfiles/parsyfiles/tests/parsing_capabilities_by_type/objects_data/./test_diff_1] into a ExecOpTest
(B) /home/travis/build/smarie/python-parsyfiles/parsyfiles/tests/parsing_capabilities_by_type/objects_data/./test_diff_1.cfg -&gt; ExecOpTest ------- using [Try &apos;$&lt;read_config&gt; =&gt; &lt;merge_all_config_sections_into_a_single_dict&gt; -&gt; &lt;dict_to_object&gt;$&apos; then &apos;$&lt;read_config&gt; =&gt; &lt;config_to_dict_of_dict&gt; -&gt; &lt;dict_of_dict_to_object&gt;$&apos; then &apos;$&lt;read_config&gt; =&gt; &lt;config_to_dict_of_dict&gt; -&gt; &lt;dict_to_object&gt;$]&apos;]
(B)                                                                                                       |--test_diff_1.cfg -&gt; ExecOpTest ------- using $&lt;read_config&gt; =&gt; &lt;merge_all_config_sections_into_a_single_dict&gt; -&gt; &lt;dict_to_object&gt;$
Parsing Plan created successfully

Executing Parsing Plan for [/home/travis/build/smarie/python-parsyfiles/parsyfiles/tests/parsing_capabilities_by_type/objects_data/./test_diff_1]
(P) /home/travis/build/smarie/python-parsyfiles/parsyfiles/tests/parsing_capabilities_by_type/objects_data/./test_diff_1.cfg -&gt; ExecOpTest ------- using $&lt;read_config&gt; =&gt; &lt;merge_all_config_sections_into_a_single_dict&gt; -&gt; &lt;dict_to_object&gt;$
(P)                                                                                                       |--test_diff_1.cfg -&gt; ExecOpTest SUCCESS !
Completed parsing successfully

1.0 - 1.0 =? 0.0
**** Starting to parse collection of &lt;ExecOpTest&gt; at location /home/travis/build/smarie/python-parsyfiles/parsyfiles/tests/parsing_capabilities_by_type/objects_data/. ****
Checking all files under [/home/travis/build/smarie/python-parsyfiles/parsyfiles/tests/parsing_capabilities_by_type/objects_data/.]
(C) /home/travis/build/smarie/python-parsyfiles/parsyfiles/tests/parsing_capabilities_by_type/objects_data/. (multifile)
(C)                                                                                                       |--test_diff_1 (singlefile, .cfg)
(C)                                                                                                       |--test_diff_2 (singlefile, .ini)
(C)                                                                                                       |--test_diff_3 (multifile)
(C)                                                                                                                   |--expected_result (singlefile, .txt)
(C)                                                                                                                   |--op (singlefile, .txt)
(C)                                                                                                                   |--x (singlefile, .txt)
(C)                                                                                                                   |--y (singlefile, .txt)
(C)                                                                                                       |--test_diff_3_csv_format (singlefile, .txt)
(C)                                                                                                       |--test_diff_4_csv_format2 (singlefile, .txt)
(C)                                                                                                       |--test_sum_1 (singlefile, .json)
(C)                                                                                                       |--test_sum_2 (singlefile, .properties)
(C)                                                                                                       |--test_sum_3_properties_format (singlefile, .txt)
(C)                                                                                                       |--test_sum_3_with_inner_b64_pickle (singlefile, .txt)
(C)                                                                                                       |--test_sum_4 (singlefile, .yaml)
(C)                                                                                                       |--test_sum_5 (singlefile, .yaml)
(C)                                                                                                       |--test_sum_6 (singlefile, .xlsx)
(C)                                                                                                       |--test_sum_7 (singlefile, .xlsm)
(C)                                                                                                       |--test_sum_8 (singlefile, .xls)
File checks done

Building a parsing plan to parse [/home/travis/build/smarie/python-parsyfiles/parsyfiles/tests/parsing_capabilities_by_type/objects_data/.] into a Dict[str, ExecOpTest]
(B) /home/travis/build/smarie/python-parsyfiles/parsyfiles/tests/parsing_capabilities_by_type/objects_data/. -&gt; Dict[str, ExecOpTest] ------- using Multifile Collection parser (parsyfiles defaults)
(B)                                                                                                       |--test_diff_1.cfg -&gt; ExecOpTest ------- using [Try &apos;$&lt;read_config&gt; =&gt; &lt;merge_all_config_sections_into_a_single_dict&gt; -&gt; &lt;dict_to_object&gt;$&apos; then &apos;$&lt;read_config&gt; =&gt; &lt;config_to_dict_of_dict&gt; -&gt; &lt;dict_of_dict_to_object&gt;$&apos; then &apos;$&lt;read_config&gt; =&gt; &lt;config_to_dict_of_dict&gt; -&gt; &lt;dict_to_object&gt;$]&apos;]
(B)                                                                                                       |--test_diff_1.cfg -&gt; ExecOpTest ------- using $&lt;read_config&gt; =&gt; &lt;merge_all_config_sections_into_a_single_dict&gt; -&gt; &lt;dict_to_object&gt;$
(B)                                                                                                       |--test_diff_2.ini -&gt; ExecOpTest ------- using [Try &apos;$&lt;read_config&gt; =&gt; &lt;merge_all_config_sections_into_a_single_dict&gt; -&gt; &lt;dict_to_object&gt;$&apos; then &apos;$&lt;read_config&gt; =&gt; &lt;config_to_dict_of_dict&gt; -&gt; &lt;dict_of_dict_to_object&gt;$&apos; then &apos;$&lt;read_config&gt; =&gt; &lt;config_to_dict_of_dict&gt; -&gt; &lt;dict_to_object&gt;$]&apos;]
(B)                                                                                                       |--test_diff_2.ini -&gt; ExecOpTest ------- using $&lt;read_config&gt; =&gt; &lt;merge_all_config_sections_into_a_single_dict&gt; -&gt; &lt;dict_to_object&gt;$
(B)                                                                                                       |--test_diff_3 -&gt; ExecOpTest ------- using Multifile Object parser (parsyfiles defaults)
(B)                                                                                                                   |--expected_result.txt -&gt; float ------- using [Try &apos;$&lt;read_str_from_txt&gt; =&gt; &lt;str_to_float&gt;$&apos; then &apos;$&lt;read_str_from_txt&gt; =&gt; &lt;base64_ascii_str_pickle_to_object&gt; -&gt; &lt;bool_to_float&gt;$&apos; then &apos;$&lt;read_str_from_txt&gt; =&gt; &lt;base64_ascii_str_pickle_to_object&gt; -&gt; &lt;int_to_float&gt;$&apos; then &apos;$&lt;read_str_from_txt&gt; =&gt; &lt;base64_ascii_str_pickle_to_object&gt; -&gt; &lt;str_to_float&gt;$&apos; then &apos;$&lt;read_str_from_txt&gt; =&gt; &lt;base64_ascii_str_pickle_to_object&gt;$]&apos;]
(B)                                                                                                                   |--expected_result.txt -&gt; float ------- using $&lt;read_str_from_txt&gt; =&gt; &lt;str_to_float&gt;$
(B)                                                                                                                   |--op.txt -&gt; str ------- using &lt;read_str_from_txt&gt;
(B)                                                                                                                   |--x.txt -&gt; float ------- using [Try &apos;$&lt;read_str_from_txt&gt; =&gt; &lt;str_to_float&gt;$&apos; then &apos;$&lt;read_str_from_txt&gt; =&gt; &lt;base64_ascii_str_pickle_to_object&gt; -&gt; &lt;bool_to_float&gt;$&apos; then &apos;$&lt;read_str_from_txt&gt; =&gt; &lt;base64_ascii_str_pickle_to_object&gt; -&gt; &lt;int_to_float&gt;$&apos; then &apos;$&lt;read_str_from_txt&gt; =&gt; &lt;base64_ascii_str_pickle_to_object&gt; -&gt; &lt;str_to_float&gt;$&apos; then &apos;$&lt;read_str_from_txt&gt; =&gt; &lt;base64_ascii_str_pickle_to_object&gt;$]&apos;]
(B)                                                                                                                   |--x.txt -&gt; float ------- using $&lt;read_str_from_txt&gt; =&gt; &lt;str_to_float&gt;$
(B)                                                                                                                   |--y.txt -&gt; float ------- using [Try &apos;$&lt;read_str_from_txt&gt; =&gt; &lt;str_to_float&gt;$&apos; then &apos;$&lt;read_str_from_txt&gt; =&gt; &lt;base64_ascii_str_pickle_to_object&gt; -&gt; &lt;bool_to_float&gt;$&apos; then &apos;$&lt;read_str_from_txt&gt; =&gt; &lt;base64_ascii_str_pickle_to_object&gt; -&gt; &lt;int_to_float&gt;$&apos; then &apos;$&lt;read_str_from_txt&gt; =&gt; &lt;base64_ascii_str_pickle_to_object&gt; -&gt; &lt;str_to_float&gt;$&apos; then &apos;$&lt;read_str_from_txt&gt; =&gt; &lt;base64_ascii_str_pickle_to_object&gt;$]&apos;]
(B)                                                                                                                   |--y.txt -&gt; float ------- using $&lt;read_str_from_txt&gt; =&gt; &lt;str_to_float&gt;$
(B)                                                                                                       |--test_diff_3_csv_format.txt -&gt; ExecOpTest ------- using [Try &apos;$&lt;read_dict_from_properties&gt; =&gt; &lt;dict_to_object&gt;$&apos; then &apos;$&lt;read_str_from_txt&gt; =&gt; &lt;constructor_with_str_arg&gt;$&apos; then &apos;$&lt;read_str_from_txt&gt; =&gt; &lt;base64_ascii_str_pickle_to_object&gt;$&apos; then &apos;$&lt;read_df_or_series_from_csv&gt; =&gt; &lt;single_row_or_col_df_to_dict&gt; -&gt; &lt;dict_to_object&gt;$]&apos;]
(B)                                                                                                       |--test_diff_3_csv_format.txt -&gt; ExecOpTest ------- using $&lt;read_dict_from_properties&gt; =&gt; &lt;dict_to_object&gt;$
(B)                                                                                                       |--test_diff_4_csv_format2.txt -&gt; ExecOpTest ------- using [Try &apos;$&lt;read_dict_from_properties&gt; =&gt; &lt;dict_to_object&gt;$&apos; then &apos;$&lt;read_str_from_txt&gt; =&gt; &lt;constructor_with_str_arg&gt;$&apos; then &apos;$&lt;read_str_from_txt&gt; =&gt; &lt;base64_ascii_str_pickle_to_object&gt;$&apos; then &apos;$&lt;read_df_or_series_from_csv&gt; =&gt; &lt;single_row_or_col_df_to_dict&gt; -&gt; &lt;dict_to_object&gt;$]&apos;]
(B)                                                                                                       |--test_diff_4_csv_format2.txt -&gt; ExecOpTest ------- using $&lt;read_dict_from_properties&gt; =&gt; &lt;dict_to_object&gt;$
(B)                                                                                                       |--test_sum_1.json -&gt; ExecOpTest ------- using $&lt;read_dict_or_list_from_json&gt; =&gt; &lt;dict_to_object&gt;$
(B)                                                                                                       |--test_sum_2.properties -&gt; ExecOpTest ------- using $&lt;read_dict_from_properties&gt; =&gt; &lt;dict_to_object&gt;$
(B)                                                                                                       |--test_sum_3_properties_format.txt -&gt; ExecOpTest ------- using [Try &apos;$&lt;read_dict_from_properties&gt; =&gt; &lt;dict_to_object&gt;$&apos; then &apos;$&lt;read_str_from_txt&gt; =&gt; &lt;constructor_with_str_arg&gt;$&apos; then &apos;$&lt;read_str_from_txt&gt; =&gt; &lt;base64_ascii_str_pickle_to_object&gt;$&apos; then &apos;$&lt;read_df_or_series_from_csv&gt; =&gt; &lt;single_row_or_col_df_to_dict&gt; -&gt; &lt;dict_to_object&gt;$]&apos;]
(B)                                                                                                       |--test_sum_3_properties_format.txt -&gt; ExecOpTest ------- using $&lt;read_dict_from_properties&gt; =&gt; &lt;dict_to_object&gt;$
(B)                                                                                                       |--test_sum_3_with_inner_b64_pickle.txt -&gt; ExecOpTest ------- using [Try &apos;$&lt;read_dict_from_properties&gt; =&gt; &lt;dict_to_object&gt;$&apos; then &apos;$&lt;read_str_from_txt&gt; =&gt; &lt;constructor_with_str_arg&gt;$&apos; then &apos;$&lt;read_str_from_txt&gt; =&gt; &lt;base64_ascii_str_pickle_to_object&gt;$&apos; then &apos;$&lt;read_df_or_series_from_csv&gt; =&gt; &lt;single_row_or_col_df_to_dict&gt; -&gt; &lt;dict_to_object&gt;$]&apos;]
(B)                                                                                                       |--test_sum_3_with_inner_b64_pickle.txt -&gt; ExecOpTest ------- using $&lt;read_dict_from_properties&gt; =&gt; &lt;dict_to_object&gt;$
(B)                                                                                                       |--test_sum_4.yaml -&gt; ExecOpTest ------- using [Try &apos;&lt;read_object_from_yaml&gt;&apos; then &apos;$&lt;read_collection_from_yaml&gt; =&gt; &lt;dict_to_object&gt;$]&apos;]
(B)                                                                                                       |--test_sum_4.yaml -&gt; ExecOpTest ------- using &lt;read_object_from_yaml&gt;
(B)                                                                                                       |--test_sum_5.yaml -&gt; ExecOpTest ------- using [Try &apos;&lt;read_object_from_yaml&gt;&apos; then &apos;$&lt;read_collection_from_yaml&gt; =&gt; &lt;dict_to_object&gt;$]&apos;]
(B)                                                                                                       |--test_sum_5.yaml -&gt; ExecOpTest ------- using &lt;read_object_from_yaml&gt;
(B)                                                                                                       |--test_sum_6.xlsx -&gt; ExecOpTest ------- using $&lt;read_dataframe_from_xls&gt; =&gt; &lt;single_row_or_col_df_to_dict&gt; -&gt; &lt;dict_to_object&gt;$
(B)                                                                                                       |--test_sum_7.xlsm -&gt; ExecOpTest ------- using $&lt;read_dataframe_from_xls&gt; =&gt; &lt;single_row_or_col_df_to_dict&gt; -&gt; &lt;dict_to_object&gt;$
(B)                                                                                                       |--test_sum_8.xls -&gt; ExecOpTest ------- using $&lt;read_dataframe_from_xls&gt; =&gt; &lt;single_row_or_col_df_to_dict&gt; -&gt; &lt;dict_to_object&gt;$
Parsing Plan created successfully

Executing Parsing Plan for [/home/travis/build/smarie/python-parsyfiles/parsyfiles/tests/parsing_capabilities_by_type/objects_data/.]
(P) /home/travis/build/smarie/python-parsyfiles/parsyfiles/tests/parsing_capabilities_by_type/objects_data/. -&gt; Dict[str, ExecOpTest] ------- using Multifile Collection parser (parsyfiles defaults)
(P)                                                                                                       |--test_diff_1.cfg -&gt; ExecOpTest ------- using $&lt;read_config&gt; =&gt; &lt;merge_all_config_sections_into_a_single_dict&gt; -&gt; &lt;dict_to_object&gt;$
(P)                                                                                                       |--test_diff_1.cfg -&gt; ExecOpTest SUCCESS !
(P)                                                                                                       |--test_diff_2.ini -&gt; ExecOpTest ------- using $&lt;read_config&gt; =&gt; &lt;merge_all_config_sections_into_a_single_dict&gt; -&gt; &lt;dict_to_object&gt;$
(P)                                                                                                       |--test_diff_2.ini -&gt; ExecOpTest SUCCESS !
(P)                                                                                                       |--test_diff_3 -&gt; ExecOpTest ------- using Multifile Object parser (parsyfiles defaults)
(P)                                                                                                                   |--expected_result.txt -&gt; float ------- using $&lt;read_str_from_txt&gt; =&gt; &lt;str_to_float&gt;$
(P)                                                                                                                   |--expected_result.txt -&gt; float SUCCESS !
(P)                                                                                                                   |--op.txt -&gt; str ------- using &lt;read_str_from_txt&gt;
(P)                                                                                                                   |--op.txt -&gt; str SUCCESS !
(P)                                                                                                                   |--x.txt -&gt; float ------- using $&lt;read_str_from_txt&gt; =&gt; &lt;str_to_float&gt;$
(P)                                                                                                                   |--x.txt -&gt; float SUCCESS !
(P)                                                                                                                   |--y.txt -&gt; float ------- using $&lt;read_str_from_txt&gt; =&gt; &lt;str_to_float&gt;$
(P)                                                                                                                   |--y.txt -&gt; float SUCCESS !
(P)                                                                                                       |--test_diff_3 -&gt; ExecOpTest SUCCESS !
(P)                                                                                                       |--test_diff_3_csv_format.txt -&gt; ExecOpTest ------- using $&lt;read_dict_from_properties&gt; =&gt; &lt;dict_to_object&gt;$
  !! Caught error during execution !!
  File &quot;/home/travis/build/smarie/python-parsyfiles/parsyfiles/plugins_base/support_for_objects.py&quot;, line 355, in dict_to_object
    raise main_e.with_traceback(main_e.__traceback__)
  File &quot;/home/travis/build/smarie/python-parsyfiles/parsyfiles/plugins_base/support_for_objects.py&quot;, line 350, in dict_to_object
    conversion_finder=conversion_finder, is_dict_of_dicts=is_dict_of_dicts)
  File &quot;/home/travis/build/smarie/python-parsyfiles/parsyfiles/plugins_base/support_for_objects.py&quot;, line 455, in _dict_to_object
    attr_name)
  ParsingException : Error while parsing /home/travis/build/smarie/python-parsyfiles/parsyfiles/tests/parsing_capabilities_by_type/objects_data/./test_diff_3_csv_format (singlefile, .txt) as a ExecOpTest with parser &apos;$&lt;read_dict_from_properties&gt; =&gt; &lt;dict_to_object&gt;$&apos; using options=({&apos;MultifileCollectionParser&apos;: {&apos;lazy_parsing&apos;: False}}) : caught 
  InvalidAttributeNameForConstructorError : Cannot parse object of type &lt;ExecOpTest&gt; using the provided configuration file: configuration contains a property name (&apos;5,4,-,1&apos;)that is not an attribute of the object constructor. &lt;ExecOpTest&gt; constructor attributes are : [&apos;x&apos;, &apos;op&apos;, &apos;expected_result&apos;, &apos;y&apos;]
Rebuilding local parsing plan with next candidate parser: $&lt;read_str_from_txt&gt; =&gt; &lt;constructor_with_str_arg&gt;$
(B)                                                                                                       |--test_diff_3_csv_format.txt -&gt; ExecOpTest ------- using $&lt;read_str_from_txt&gt; =&gt; &lt;constructor_with_str_arg&gt;$
DONE Rebuilding local parsing plan for [/home/travis/build/smarie/python-parsyfiles/parsyfiles/tests/parsing_capabilities_by_type/objects_data/./test_diff_3_csv_format.txt]. Resuming parsing...
(P)                                                                                                       |--test_diff_3_csv_format.txt -&gt; ExecOpTest ------- using $&lt;read_str_from_txt&gt; =&gt; &lt;constructor_with_str_arg&gt;$
  !! Caught error during execution !!
  File &quot;/home/travis/build/smarie/python-parsyfiles/parsyfiles/converting_core.py&quot;, line 532, in _convert
    raise CaughtTypeError.create(self.conversion_method, e)
  File &quot;/home/travis/build/smarie/python-parsyfiles/parsyfiles/converting_core.py&quot;, line 524, in _convert
    return self.conversion_method(desired_type, source_obj, logger, **opts)
  File &quot;/home/travis/build/smarie/python-parsyfiles/parsyfiles/plugins_base/support_for_primitive_types.py&quot;, line 111, in constructor_with_str_arg
    return desired_type(source)
  ParsingException : Error while parsing /home/travis/build/smarie/python-parsyfiles/parsyfiles/tests/parsing_capabilities_by_type/objects_data/./test_diff_3_csv_format (singlefile, .txt) as a ExecOpTest with parser &apos;$&lt;read_str_from_txt&gt; =&gt; &lt;constructor_with_str_arg&gt;$&apos; using options=({&apos;MultifileCollectionParser&apos;: {&apos;lazy_parsing&apos;: False}}) : caught 
  CaughtTypeError : Caught TypeError while calling conversion function &apos;constructor_with_str_arg&apos;. Note that the conversion function signature should be &apos;def my_convert_fun(desired_type: Type[T], source: S, logger: Logger, **kwargs) -&gt; T&apos; (unpacked options mode - default) or def my_convert_fun(desired_type: Type[T], source: S, logger: Logger, options: Dict[str, Dict[str, Any]]) -&gt; T (unpack_options = False).Caught error message is : TypeError : __init__() missing 3 required positional arguments: &apos;y&apos;, &apos;op&apos;, and &apos;expected_result&apos;
Rebuilding local parsing plan with next candidate parser: $&lt;read_str_from_txt&gt; =&gt; &lt;base64_ascii_str_pickle_to_object&gt;$
(B)                                                                                                       |--test_diff_3_csv_format.txt -&gt; ExecOpTest ------- using $&lt;read_str_from_txt&gt; =&gt; &lt;base64_ascii_str_pickle_to_object&gt;$
DONE Rebuilding local parsing plan for [/home/travis/build/smarie/python-parsyfiles/parsyfiles/tests/parsing_capabilities_by_type/objects_data/./test_diff_3_csv_format.txt]. Resuming parsing...
(P)                                                                                                       |--test_diff_3_csv_format.txt -&gt; ExecOpTest ------- using $&lt;read_str_from_txt&gt; =&gt; &lt;base64_ascii_str_pickle_to_object&gt;$
  !! Caught error during execution !!
  File &quot;/home/travis/build/smarie/python-parsyfiles/parsyfiles/converting_core.py&quot;, line 524, in _convert
    return self.conversion_method(desired_type, source_obj, logger, **opts)
  File &quot;/home/travis/build/smarie/python-parsyfiles/parsyfiles/plugins_base/support_for_objects.py&quot;, line 54, in base64_ascii_str_pickle_to_object
    return pickle.loads(base64.b64decode(b64_ascii_str), fix_imports=True, encoding=&quot;ASCII&quot;, errors=&quot;strict&quot;)
  File &quot;/home/travis/virtualenv/python3.5.5/lib/python3.5/base64.py&quot;, line 88, in b64decode
    return binascii.a2b_base64(s)
  ParsingException : Error while parsing /home/travis/build/smarie/python-parsyfiles/parsyfiles/tests/parsing_capabilities_by_type/objects_data/./test_diff_3_csv_format (singlefile, .txt) as a ExecOpTest with parser &apos;$&lt;read_str_from_txt&gt; =&gt; &lt;base64_ascii_str_pickle_to_object&gt;$&apos; using options=({&apos;MultifileCollectionParser&apos;: {&apos;lazy_parsing&apos;: False}}) : caught 
  Error : Incorrect padding
Rebuilding local parsing plan with next candidate parser: $&lt;read_df_or_series_from_csv&gt; =&gt; &lt;single_row_or_col_df_to_dict&gt; -&gt; &lt;dict_to_object&gt;$
(B)                                                                                                       |--test_diff_3_csv_format.txt -&gt; ExecOpTest ------- using $&lt;read_df_or_series_from_csv&gt; =&gt; &lt;single_row_or_col_df_to_dict&gt; -&gt; &lt;dict_to_object&gt;$
DONE Rebuilding local parsing plan for [/home/travis/build/smarie/python-parsyfiles/parsyfiles/tests/parsing_capabilities_by_type/objects_data/./test_diff_3_csv_format.txt]. Resuming parsing...
(P)                                                                                                       |--test_diff_3_csv_format.txt -&gt; ExecOpTest ------- using $&lt;read_df_or_series_from_csv&gt; =&gt; &lt;single_row_or_col_df_to_dict&gt; -&gt; &lt;dict_to_object&gt;$
(P)                                                                                                       |--test_diff_3_csv_format.txt -&gt; ExecOpTest SUCCESS !
(P)                                                                                                       |--test_diff_4_csv_format2.txt -&gt; ExecOpTest ------- using $&lt;read_dict_from_properties&gt; =&gt; &lt;dict_to_object&gt;$
  !! Caught error during execution !!
  File &quot;/home/travis/build/smarie/python-parsyfiles/parsyfiles/plugins_base/support_for_objects.py&quot;, line 355, in dict_to_object
    raise main_e.with_traceback(main_e.__traceback__)
  File &quot;/home/travis/build/smarie/python-parsyfiles/parsyfiles/plugins_base/support_for_objects.py&quot;, line 350, in dict_to_object
    conversion_finder=conversion_finder, is_dict_of_dicts=is_dict_of_dicts)
  File &quot;/home/travis/build/smarie/python-parsyfiles/parsyfiles/plugins_base/support_for_objects.py&quot;, line 455, in _dict_to_object
    attr_name)
  ParsingException : Error while parsing /home/travis/build/smarie/python-parsyfiles/parsyfiles/tests/parsing_capabilities_by_type/objects_data/./test_diff_4_csv_format2 (singlefile, .txt) as a ExecOpTest with parser &apos;$&lt;read_dict_from_properties&gt; =&gt; &lt;dict_to_object&gt;$&apos; using options=({&apos;MultifileCollectionParser&apos;: {&apos;lazy_parsing&apos;: False}}) : caught 
  InvalidAttributeNameForConstructorError : Cannot parse object of type &lt;ExecOpTest&gt; using the provided configuration file: configuration contains a property name (&apos;y,4&apos;)that is not an attribute of the object constructor. &lt;ExecOpTest&gt; constructor attributes are : [&apos;x&apos;, &apos;op&apos;, &apos;expected_result&apos;, &apos;y&apos;]
Rebuilding local parsing plan with next candidate parser: $&lt;read_str_from_txt&gt; =&gt; &lt;constructor_with_str_arg&gt;$
(B)                                                                                                       |--test_diff_4_csv_format2.txt -&gt; ExecOpTest ------- using $&lt;read_str_from_txt&gt; =&gt; &lt;constructor_with_str_arg&gt;$
DONE Rebuilding local parsing plan for [/home/travis/build/smarie/python-parsyfiles/parsyfiles/tests/parsing_capabilities_by_type/objects_data/./test_diff_4_csv_format2.txt]. Resuming parsing...
(P)                                                                                                       |--test_diff_4_csv_format2.txt -&gt; ExecOpTest ------- using $&lt;read_str_from_txt&gt; =&gt; &lt;constructor_with_str_arg&gt;$
  !! Caught error during execution !!
  File &quot;/home/travis/build/smarie/python-parsyfiles/parsyfiles/converting_core.py&quot;, line 532, in _convert
    raise CaughtTypeError.create(self.conversion_method, e)
  File &quot;/home/travis/build/smarie/python-parsyfiles/parsyfiles/converting_core.py&quot;, line 524, in _convert
    return self.conversion_method(desired_type, source_obj, logger, **opts)
  File &quot;/home/travis/build/smarie/python-parsyfiles/parsyfiles/plugins_base/support_for_primitive_types.py&quot;, line 111, in constructor_with_str_arg
    return desired_type(source)
  ParsingException : Error while parsing /home/travis/build/smarie/python-parsyfiles/parsyfiles/tests/parsing_capabilities_by_type/objects_data/./test_diff_4_csv_format2 (singlefile, .txt) as a ExecOpTest with parser &apos;$&lt;read_str_from_txt&gt; =&gt; &lt;constructor_with_str_arg&gt;$&apos; using options=({&apos;MultifileCollectionParser&apos;: {&apos;lazy_parsing&apos;: False}}) : caught 
  CaughtTypeError : Caught TypeError while calling conversion function &apos;constructor_with_str_arg&apos;. Note that the conversion function signature should be &apos;def my_convert_fun(desired_type: Type[T], source: S, logger: Logger, **kwargs) -&gt; T&apos; (unpacked options mode - default) or def my_convert_fun(desired_type: Type[T], source: S, logger: Logger, options: Dict[str, Dict[str, Any]]) -&gt; T (unpack_options = False).Caught error message is : TypeError : __init__() missing 3 required positional arguments: &apos;y&apos;, &apos;op&apos;, and &apos;expected_result&apos;
Rebuilding local parsing plan with next candidate parser: $&lt;read_str_from_txt&gt; =&gt; &lt;base64_ascii_str_pickle_to_object&gt;$
(B)                                                                                                       |--test_diff_4_csv_format2.txt -&gt; ExecOpTest ------- using $&lt;read_str_from_txt&gt; =&gt; &lt;base64_ascii_str_pickle_to_object&gt;$
DONE Rebuilding local parsing plan for [/home/travis/build/smarie/python-parsyfiles/parsyfiles/tests/parsing_capabilities_by_type/objects_data/./test_diff_4_csv_format2.txt]. Resuming parsing...
(P)                                                                                                       |--test_diff_4_csv_format2.txt -&gt; ExecOpTest ------- using $&lt;read_str_from_txt&gt; =&gt; &lt;base64_ascii_str_pickle_to_object&gt;$
  !! Caught error during execution !!
  File &quot;/home/travis/build/smarie/python-parsyfiles/parsyfiles/converting_core.py&quot;, line 524, in _convert
    return self.conversion_method(desired_type, source_obj, logger, **opts)
  File &quot;/home/travis/build/smarie/python-parsyfiles/parsyfiles/plugins_base/support_for_objects.py&quot;, line 54, in base64_ascii_str_pickle_to_object
    return pickle.loads(base64.b64decode(b64_ascii_str), fix_imports=True, encoding=&quot;ASCII&quot;, errors=&quot;strict&quot;)
  File &quot;/home/travis/virtualenv/python3.5.5/lib/python3.5/base64.py&quot;, line 88, in b64decode
    return binascii.a2b_base64(s)
  ParsingException : Error while parsing /home/travis/build/smarie/python-parsyfiles/parsyfiles/tests/parsing_capabilities_by_type/objects_data/./test_diff_4_csv_format2 (singlefile, .txt) as a ExecOpTest with parser &apos;$&lt;read_str_from_txt&gt; =&gt; &lt;base64_ascii_str_pickle_to_object&gt;$&apos; using options=({&apos;MultifileCollectionParser&apos;: {&apos;lazy_parsing&apos;: False}}) : caught 
  Error : Incorrect padding
Rebuilding local parsing plan with next candidate parser: $&lt;read_df_or_series_from_csv&gt; =&gt; &lt;single_row_or_col_df_to_dict&gt; -&gt; &lt;dict_to_object&gt;$
(B)                                                                                                       |--test_diff_4_csv_format2.txt -&gt; ExecOpTest ------- using $&lt;read_df_or_series_from_csv&gt; =&gt; &lt;single_row_or_col_df_to_dict&gt; -&gt; &lt;dict_to_object&gt;$
DONE Rebuilding local parsing plan for [/home/travis/build/smarie/python-parsyfiles/parsyfiles/tests/parsing_capabilities_by_type/objects_data/./test_diff_4_csv_format2.txt]. Resuming parsing...
(P)                                                                                                       |--test_diff_4_csv_format2.txt -&gt; ExecOpTest ------- using $&lt;read_df_or_series_from_csv&gt; =&gt; &lt;single_row_or_col_df_to_dict&gt; -&gt; &lt;dict_to_object&gt;$
(P)                                                                                                       |--test_diff_4_csv_format2.txt -&gt; ExecOpTest SUCCESS !
(P)                                                                                                       |--test_sum_1.json -&gt; ExecOpTest ------- using $&lt;read_dict_or_list_from_json&gt; =&gt; &lt;dict_to_object&gt;$
(P)                                                                                                       |--test_sum_1.json -&gt; ExecOpTest SUCCESS !
(P)                                                                                                       |--test_sum_2.properties -&gt; ExecOpTest ------- using $&lt;read_dict_from_properties&gt; =&gt; &lt;dict_to_object&gt;$
(P)                                                                                                       |--test_sum_2.properties -&gt; ExecOpTest SUCCESS !
(P)                                                                                                       |--test_sum_3_properties_format.txt -&gt; ExecOpTest ------- using $&lt;read_dict_from_properties&gt; =&gt; &lt;dict_to_object&gt;$
(P)                                                                                                       |--test_sum_3_properties_format.txt -&gt; ExecOpTest SUCCESS !
(P)                                                                                                       |--test_sum_3_with_inner_b64_pickle.txt -&gt; ExecOpTest ------- using $&lt;read_dict_from_properties&gt; =&gt; &lt;dict_to_object&gt;$
(P)                                                                                                       |--test_sum_3_with_inner_b64_pickle.txt -&gt; ExecOpTest SUCCESS !
(P)                                                                                                       |--test_sum_4.yaml -&gt; ExecOpTest ------- using &lt;read_object_from_yaml&gt;
  !! Caught error during execution !!
  File &quot;/home/travis/build/smarie/python-parsyfiles/parsyfiles/parsing_combining_parsers.py&quot;, line 31, in execute
    return self.pp.execute(logger, options)
  File &quot;/home/travis/build/smarie/python-parsyfiles/parsyfiles/parsing_core.py&quot;, line 139, in execute
    res = super(_BaseParsingPlan, self).execute(logger, options)
  File &quot;/home/travis/build/smarie/python-parsyfiles/parsyfiles/parsing_core_api.py&quot;, line 427, in execute
    res, options)
  ParsingException : Error while parsing /home/travis/build/smarie/python-parsyfiles/parsyfiles/tests/parsing_capabilities_by_type/objects_data/./test_sum_4 (singlefile, .yaml) as a &lt;class &apos;parsyfiles.tests.parsing_capabilities_by_type.test_parse_custom_object.ExecOpTest&apos;&gt; with parser &apos;&lt;read_object_from_yaml&gt;&apos; using options=({&apos;MultifileCollectionParser&apos;: {&apos;lazy_parsing&apos;: False}}) : 
      parser returned {&apos;x&apos;: 2, &apos;y&apos;: 5, &apos;expected_result&apos;: 7, &apos;op&apos;: &apos;+&apos;} of type &lt;class &apos;dict&apos;&gt; which is not an instance of &lt;class &apos;parsyfiles.tests.parsing_capabilities_by_type.test_parse_custom_object.ExecOpTest&apos;&gt;
Rebuilding local parsing plan with next candidate parser: $&lt;read_collection_from_yaml&gt; =&gt; &lt;dict_to_object&gt;$
(B)                                                                                                       |--test_sum_4.yaml -&gt; ExecOpTest ------- using $&lt;read_collection_from_yaml&gt; =&gt; &lt;dict_to_object&gt;$
DONE Rebuilding local parsing plan for [/home/travis/build/smarie/python-parsyfiles/parsyfiles/tests/parsing_capabilities_by_type/objects_data/./test_sum_4.yaml]. Resuming parsing...
(P)                                                                                                       |--test_sum_4.yaml -&gt; ExecOpTest ------- using $&lt;read_collection_from_yaml&gt; =&gt; &lt;dict_to_object&gt;$
(P)                                                                                                       |--test_sum_4.yaml -&gt; ExecOpTest SUCCESS !
(P)                                                                                                       |--test_sum_5.yaml -&gt; ExecOpTest ------- using &lt;read_object_from_yaml&gt;
  !! Caught error during execution !!
  File &quot;/home/travis/build/smarie/python-parsyfiles/parsyfiles/parsing_combining_parsers.py&quot;, line 31, in execute
    return self.pp.execute(logger, options)
  File &quot;/home/travis/build/smarie/python-parsyfiles/parsyfiles/parsing_core.py&quot;, line 139, in execute
    res = super(_BaseParsingPlan, self).execute(logger, options)
  File &quot;/home/travis/build/smarie/python-parsyfiles/parsyfiles/parsing_core_api.py&quot;, line 427, in execute
    res, options)
  ParsingException : Error while parsing /home/travis/build/smarie/python-parsyfiles/parsyfiles/tests/parsing_capabilities_by_type/objects_data/./test_sum_5 (singlefile, .yaml) as a &lt;class &apos;parsyfiles.tests.parsing_capabilities_by_type.test_parse_custom_object.ExecOpTest&apos;&gt; with parser &apos;&lt;read_object_from_yaml&gt;&apos; using options=({&apos;MultifileCollectionParser&apos;: {&apos;lazy_parsing&apos;: False}}) : 
      parser returned {&apos;x&apos;: 1, &apos;y&apos;: 5, &apos;expected_result&apos;: 6, &apos;op&apos;: &apos;+&apos;} of type &lt;class &apos;dict&apos;&gt; which is not an instance of &lt;class &apos;parsyfiles.tests.parsing_capabilities_by_type.test_parse_custom_object.ExecOpTest&apos;&gt;
Rebuilding local parsing plan with next candidate parser: $&lt;read_collection_from_yaml&gt; =&gt; &lt;dict_to_object&gt;$
(B)                                                                                                       |--test_sum_5.yaml -&gt; ExecOpTest ------- using $&lt;read_collection_from_yaml&gt; =&gt; &lt;dict_to_object&gt;$
DONE Rebuilding local parsing plan for [/home/travis/build/smarie/python-parsyfiles/parsyfiles/tests/parsing_capabilities_by_type/objects_data/./test_sum_5.yaml]. Resuming parsing...
(P)                                                                                                       |--test_sum_5.yaml -&gt; ExecOpTest ------- using $&lt;read_collection_from_yaml&gt; =&gt; &lt;dict_to_object&gt;$
(P)                                                                                                       |--test_sum_5.yaml -&gt; ExecOpTest SUCCESS !
(P)                                                                                                       |--test_sum_6.xlsx -&gt; ExecOpTest ------- using $&lt;read_dataframe_from_xls&gt; =&gt; &lt;single_row_or_col_df_to_dict&gt; -&gt; &lt;dict_to_object&gt;$
(P)                                                                                                       |--test_sum_6.xlsx -&gt; ExecOpTest SUCCESS !
(P)                                                                                                       |--test_sum_7.xlsm -&gt; ExecOpTest ------- using $&lt;read_dataframe_from_xls&gt; =&gt; &lt;single_row_or_col_df_to_dict&gt; -&gt; &lt;dict_to_object&gt;$
(P)                                                                                                       |--test_sum_7.xlsm -&gt; ExecOpTest SUCCESS !
(P)                                                                                                       |--test_sum_8.xls -&gt; ExecOpTest ------- using $&lt;read_dataframe_from_xls&gt; =&gt; &lt;single_row_or_col_df_to_dict&gt; -&gt; &lt;dict_to_object&gt;$
(P)                                                                                                       |--test_sum_8.xls -&gt; ExecOpTest SUCCESS !
(P)                                                                                                     |--. -&gt; Dict[str, ExecOpTest] SUCCESS !
Completed parsing successfully

OrderedDict([(&apos;test_diff_1&apos;, 1.0 - 1.0 =? 0.0),
             (&apos;test_diff_2&apos;, 0.0 - 1.0 =? -1.0),
             (&apos;test_diff_3&apos;, 6.0 - 1.0 =? 5.0),
             (&apos;test_diff_3_csv_format&apos;, 5.0 - 4.0 =? 1.0),
             (&apos;test_diff_4_csv_format2&apos;, 4.0 - 4.0 =? 0.0),
             (&apos;test_sum_1&apos;, 1.0 + 2.0 =? 3.0),
             (&apos;test_sum_2&apos;, 0.0 + 1.0 =? 1.0),
             (&apos;test_sum_3_properties_format&apos;, 1.0 + 1.0 =? 2.0),
             (&apos;test_sum_3_with_inner_b64_pickle&apos;, 1.0 + 1.0 =? 2.0),
             (&apos;test_sum_4&apos;, 2.0 + 5.0 =? 7.0),
             (&apos;test_sum_5&apos;, 1.0 + 5.0 =? 6.0),
             (&apos;test_sum_6&apos;, 56.0 + 13.0 =? 69.0),
             (&apos;test_sum_7&apos;, 56.0 + 14.0 =? 70.0),
             (&apos;test_sum_8&apos;, 56.0 + 12.0 =? 68.0)])
</system-out></testcase><testcase classname="parsyfiles.tests.parsing_capabilities_by_type.test_parse_primitives" file="parsyfiles/tests/parsing_capabilities_by_type/test_parse_primitives.py" line="147" name="test_get_capabilities_for_type[float]" time="0.16301298141479492"><system-out>{&apos;.cfg&apos;: {},
 &apos;.csv&apos;: {},
 &apos;.ini&apos;: {},
 &apos;.json&apos;: {},
 &apos;.properties&apos;: {},
 &apos;.pyc&apos;: {&apos;1_exact_match&apos;: [$&lt;read_object_from_pickle&gt; =&gt; &lt;bool_to_float&gt;$,
                            $&lt;read_object_from_pickle&gt; =&gt; &lt;int_to_float&gt;$,
                            $&lt;read_object_from_pickle&gt; =&gt; &lt;str_to_float&gt;$],
          &apos;3_generic&apos;: [&lt;read_object_from_pickle&gt;]},
 &apos;.txt&apos;: {&apos;1_exact_match&apos;: [$&lt;read_str_from_txt&gt; =&gt; &lt;str_to_float&gt;$,
                            $&lt;read_str_from_txt&gt; =&gt; &lt;base64_ascii_str_pickle_to_object&gt; -&gt; &lt;bool_to_float&gt;$,
                            $&lt;read_str_from_txt&gt; =&gt; &lt;base64_ascii_str_pickle_to_object&gt; -&gt; &lt;int_to_float&gt;$,
                            $&lt;read_str_from_txt&gt; =&gt; &lt;base64_ascii_str_pickle_to_object&gt; -&gt; &lt;str_to_float&gt;$],
          &apos;3_generic&apos;: [$&lt;read_str_from_txt&gt; =&gt; &lt;base64_ascii_str_pickle_to_object&gt;$]},
 &apos;.xls&apos;: {},
 &apos;.xlsm&apos;: {},
 &apos;.xlsx&apos;: {},
 &apos;.yaml&apos;: {&apos;1_exact_match&apos;: [$&lt;read_object_from_yaml&gt; =&gt; &lt;bool_to_float&gt;$,
                             $&lt;read_object_from_yaml&gt; =&gt; &lt;int_to_float&gt;$,
                             $&lt;read_object_from_yaml&gt; =&gt; &lt;str_to_float&gt;$],
           &apos;3_generic&apos;: [&lt;read_object_from_yaml&gt;]},
 &apos;.yml&apos;: {&apos;1_exact_match&apos;: [$&lt;read_object_from_yaml&gt; =&gt; &lt;bool_to_float&gt;$,
                            $&lt;read_object_from_yaml&gt; =&gt; &lt;int_to_float&gt;$,
                            $&lt;read_object_from_yaml&gt; =&gt; &lt;str_to_float&gt;$],
          &apos;3_generic&apos;: [&lt;read_object_from_yaml&gt;]},
 &apos;&lt;multifile&gt;&apos;: {}}
</system-out></testcase><testcase classname="parsyfiles.tests.parsing_capabilities_by_type.test_parse_primitives" file="parsyfiles/tests/parsing_capabilities_by_type/test_parse_primitives.py" line="147" name="test_get_capabilities_for_type[int]" time="0.2196061611175537"><system-out>{&apos;.cfg&apos;: {},
 &apos;.csv&apos;: {},
 &apos;.ini&apos;: {},
 &apos;.json&apos;: {},
 &apos;.properties&apos;: {},
 &apos;.pyc&apos;: {&apos;1_exact_match&apos;: [$&lt;read_object_from_pickle&gt; =&gt; &lt;bool_to_int&gt;$,
                            $&lt;read_object_from_pickle&gt; =&gt; &lt;float_to_int&gt;$,
                            $&lt;read_object_from_pickle&gt; =&gt; &lt;str_to_int&gt;$],
          &apos;2_approx_match&apos;: [$&lt;read_object_from_pickle&gt; =&gt; &lt;float_to_bool&gt;$,
                             $&lt;read_object_from_pickle&gt; =&gt; &lt;int_to_bool&gt;$,
                             $&lt;read_object_from_pickle&gt; =&gt; &lt;str_to_bool&gt;$],
          &apos;3_generic&apos;: [&lt;read_object_from_pickle&gt;]},
 &apos;.txt&apos;: {&apos;1_exact_match&apos;: [$&lt;read_str_from_txt&gt; =&gt; &lt;str_to_int&gt;$,
                            $&lt;read_str_from_txt&gt; =&gt; &lt;base64_ascii_str_pickle_to_object&gt; -&gt; &lt;bool_to_int&gt;$,
                            $&lt;read_str_from_txt&gt; =&gt; &lt;base64_ascii_str_pickle_to_object&gt; -&gt; &lt;float_to_int&gt;$,
                            $&lt;read_str_from_txt&gt; =&gt; &lt;base64_ascii_str_pickle_to_object&gt; -&gt; &lt;str_to_int&gt;$],
          &apos;2_approx_match&apos;: [$&lt;read_str_from_txt&gt; =&gt; &lt;str_to_bool&gt;$,
                             $&lt;read_str_from_txt&gt; =&gt; &lt;base64_ascii_str_pickle_to_object&gt; -&gt; &lt;float_to_bool&gt;$,
                             $&lt;read_str_from_txt&gt; =&gt; &lt;base64_ascii_str_pickle_to_object&gt; -&gt; &lt;int_to_bool&gt;$,
                             $&lt;read_str_from_txt&gt; =&gt; &lt;base64_ascii_str_pickle_to_object&gt; -&gt; &lt;str_to_bool&gt;$],
          &apos;3_generic&apos;: [$&lt;read_str_from_txt&gt; =&gt; &lt;base64_ascii_str_pickle_to_object&gt;$]},
 &apos;.xls&apos;: {},
 &apos;.xlsm&apos;: {},
 &apos;.xlsx&apos;: {},
 &apos;.yaml&apos;: {&apos;1_exact_match&apos;: [$&lt;read_object_from_yaml&gt; =&gt; &lt;bool_to_int&gt;$,
                             $&lt;read_object_from_yaml&gt; =&gt; &lt;float_to_int&gt;$,
                             $&lt;read_object_from_yaml&gt; =&gt; &lt;str_to_int&gt;$],
           &apos;2_approx_match&apos;: [$&lt;read_object_from_yaml&gt; =&gt; &lt;float_to_bool&gt;$,
                              $&lt;read_object_from_yaml&gt; =&gt; &lt;int_to_bool&gt;$,
                              $&lt;read_object_from_yaml&gt; =&gt; &lt;str_to_bool&gt;$],
           &apos;3_generic&apos;: [&lt;read_object_from_yaml&gt;]},
 &apos;.yml&apos;: {&apos;1_exact_match&apos;: [$&lt;read_object_from_yaml&gt; =&gt; &lt;bool_to_int&gt;$,
                            $&lt;read_object_from_yaml&gt; =&gt; &lt;float_to_int&gt;$,
                            $&lt;read_object_from_yaml&gt; =&gt; &lt;str_to_int&gt;$],
          &apos;2_approx_match&apos;: [$&lt;read_object_from_yaml&gt; =&gt; &lt;float_to_bool&gt;$,
                             $&lt;read_object_from_yaml&gt; =&gt; &lt;int_to_bool&gt;$,
                             $&lt;read_object_from_yaml&gt; =&gt; &lt;str_to_bool&gt;$],
          &apos;3_generic&apos;: [&lt;read_object_from_yaml&gt;]},
 &apos;&lt;multifile&gt;&apos;: {}}
</system-out></testcase><testcase classname="parsyfiles.tests.parsing_capabilities_by_type.test_parse_primitives" file="parsyfiles/tests/parsing_capabilities_by_type/test_parse_primitives.py" line="147" name="test_get_capabilities_for_type[bool]" time="0.16764402389526367"><system-out>{&apos;.cfg&apos;: {},
 &apos;.csv&apos;: {},
 &apos;.ini&apos;: {},
 &apos;.json&apos;: {},
 &apos;.properties&apos;: {},
 &apos;.pyc&apos;: {&apos;1_exact_match&apos;: [$&lt;read_object_from_pickle&gt; =&gt; &lt;float_to_bool&gt;$,
                            $&lt;read_object_from_pickle&gt; =&gt; &lt;int_to_bool&gt;$,
                            $&lt;read_object_from_pickle&gt; =&gt; &lt;str_to_bool&gt;$],
          &apos;3_generic&apos;: [&lt;read_object_from_pickle&gt;]},
 &apos;.txt&apos;: {&apos;1_exact_match&apos;: [$&lt;read_str_from_txt&gt; =&gt; &lt;str_to_bool&gt;$,
                            $&lt;read_str_from_txt&gt; =&gt; &lt;base64_ascii_str_pickle_to_object&gt; -&gt; &lt;float_to_bool&gt;$,
                            $&lt;read_str_from_txt&gt; =&gt; &lt;base64_ascii_str_pickle_to_object&gt; -&gt; &lt;int_to_bool&gt;$,
                            $&lt;read_str_from_txt&gt; =&gt; &lt;base64_ascii_str_pickle_to_object&gt; -&gt; &lt;str_to_bool&gt;$],
          &apos;3_generic&apos;: [$&lt;read_str_from_txt&gt; =&gt; &lt;base64_ascii_str_pickle_to_object&gt;$]},
 &apos;.xls&apos;: {},
 &apos;.xlsm&apos;: {},
 &apos;.xlsx&apos;: {},
 &apos;.yaml&apos;: {&apos;1_exact_match&apos;: [$&lt;read_object_from_yaml&gt; =&gt; &lt;float_to_bool&gt;$,
                             $&lt;read_object_from_yaml&gt; =&gt; &lt;int_to_bool&gt;$,
                             $&lt;read_object_from_yaml&gt; =&gt; &lt;str_to_bool&gt;$],
           &apos;3_generic&apos;: [&lt;read_object_from_yaml&gt;]},
 &apos;.yml&apos;: {&apos;1_exact_match&apos;: [$&lt;read_object_from_yaml&gt; =&gt; &lt;float_to_bool&gt;$,
                            $&lt;read_object_from_yaml&gt; =&gt; &lt;int_to_bool&gt;$,
                            $&lt;read_object_from_yaml&gt; =&gt; &lt;str_to_bool&gt;$],
          &apos;3_generic&apos;: [&lt;read_object_from_yaml&gt;]},
 &apos;&lt;multifile&gt;&apos;: {}}
</system-out></testcase><testcase classname="parsyfiles.tests.parsing_capabilities_by_type.test_parse_primitives" file="parsyfiles/tests/parsing_capabilities_by_type/test_parse_primitives.py" line="147" name="test_get_capabilities_for_type[str]" time="0.16969990730285645"><system-out>{&apos;.cfg&apos;: {},
 &apos;.csv&apos;: {},
 &apos;.ini&apos;: {},
 &apos;.json&apos;: {},
 &apos;.properties&apos;: {},
 &apos;.pyc&apos;: {&apos;1_exact_match&apos;: [$&lt;read_object_from_pickle&gt; =&gt; &lt;bool_to_string&gt;$,
                            $&lt;read_object_from_pickle&gt; =&gt; &lt;float_to_string&gt;$,
                            $&lt;read_object_from_pickle&gt; =&gt; &lt;int_to_string&gt;$],
          &apos;3_generic&apos;: [&lt;read_object_from_pickle&gt;]},
 &apos;.txt&apos;: {&apos;1_exact_match&apos;: [&lt;read_str_from_txt&gt;]},
 &apos;.xls&apos;: {},
 &apos;.xlsm&apos;: {},
 &apos;.xlsx&apos;: {},
 &apos;.yaml&apos;: {&apos;1_exact_match&apos;: [$&lt;read_object_from_yaml&gt; =&gt; &lt;bool_to_string&gt;$,
                             $&lt;read_object_from_yaml&gt; =&gt; &lt;float_to_string&gt;$,
                             $&lt;read_object_from_yaml&gt; =&gt; &lt;int_to_string&gt;$],
           &apos;3_generic&apos;: [&lt;read_object_from_yaml&gt;]},
 &apos;.yml&apos;: {&apos;1_exact_match&apos;: [$&lt;read_object_from_yaml&gt; =&gt; &lt;bool_to_string&gt;$,
                            $&lt;read_object_from_yaml&gt; =&gt; &lt;float_to_string&gt;$,
                            $&lt;read_object_from_yaml&gt; =&gt; &lt;int_to_string&gt;$],
          &apos;3_generic&apos;: [&lt;read_object_from_yaml&gt;]},
 &apos;&lt;multifile&gt;&apos;: {}}
</system-out></testcase><testcase classname="parsyfiles.tests.parsing_capabilities_by_type.test_parse_primitives" file="parsyfiles/tests/parsing_capabilities_by_type/test_parse_primitives.py" line="179" name="test_parse_by_type[float-ok-b64pickle-float--5.2=-5.2.txt]" time="0.038680076599121094"><system-out>**** Starting to parse single object of type &lt;float&gt; at location /home/travis/build/smarie/python-parsyfiles/parsyfiles/tests/parsing_capabilities_by_type/primitives_data/float/ok/b64pickle-float--5.2=-5.2 ****
Checking all files under [/home/travis/build/smarie/python-parsyfiles/parsyfiles/tests/parsing_capabilities_by_type/primitives_data/float/ok/b64pickle-float--5.2=-5.2]
(C) /home/travis/build/smarie/python-parsyfiles/parsyfiles/tests/parsing_capabilities_by_type/primitives_data/float/ok/b64pickle-float--5.2=-5.2 (singlefile, .txt)
File checks done

Building a parsing plan to parse [/home/travis/build/smarie/python-parsyfiles/parsyfiles/tests/parsing_capabilities_by_type/primitives_data/float/ok/b64pickle-float--5.2=-5.2] into a float
(B) /home/travis/build/smarie/python-parsyfiles/parsyfiles/tests/parsing_capabilities_by_type/primitives_data/float/ok/b64pickle-float--5.2=-5.2.txt -&gt; float ------- using [Try &apos;$&lt;read_str_from_txt&gt; =&gt; &lt;str_to_float&gt;$&apos; then &apos;$&lt;read_str_from_txt&gt; =&gt; &lt;base64_ascii_str_pickle_to_object&gt; -&gt; &lt;bool_to_float&gt;$&apos; then &apos;$&lt;read_str_from_txt&gt; =&gt; &lt;base64_ascii_str_pickle_to_object&gt; -&gt; &lt;int_to_float&gt;$&apos; then &apos;$&lt;read_str_from_txt&gt; =&gt; &lt;base64_ascii_str_pickle_to_object&gt; -&gt; &lt;str_to_float&gt;$&apos; then &apos;$&lt;read_str_from_txt&gt; =&gt; &lt;base64_ascii_str_pickle_to_object&gt;$]&apos;]
(B)                                                                                                                 |--b64pickle-float--5.2=-5.2.txt -&gt; float ------- using $&lt;read_str_from_txt&gt; =&gt; &lt;str_to_float&gt;$
Parsing Plan created successfully

Executing Parsing Plan for [/home/travis/build/smarie/python-parsyfiles/parsyfiles/tests/parsing_capabilities_by_type/primitives_data/float/ok/b64pickle-float--5.2=-5.2]
(P) /home/travis/build/smarie/python-parsyfiles/parsyfiles/tests/parsing_capabilities_by_type/primitives_data/float/ok/b64pickle-float--5.2=-5.2.txt -&gt; float ------- using $&lt;read_str_from_txt&gt; =&gt; &lt;str_to_float&gt;$
  !! Caught error during execution !!
  File &quot;/home/travis/build/smarie/python-parsyfiles/parsyfiles/plugins_base/support_for_primitive_types.py&quot;, line 61, in primitive_to_float
    source = literal_eval(source)
  File &quot;/opt/python/3.5.5/lib/python3.5/ast.py&quot;, line 84, in literal_eval
    return _convert(node_or_string)
  File &quot;/opt/python/3.5.5/lib/python3.5/ast.py&quot;, line 83, in _convert
    raise ValueError(&apos;malformed node or string: &apos; + repr(node))
  ParsingException : Error while parsing /home/travis/build/smarie/python-parsyfiles/parsyfiles/tests/parsing_capabilities_by_type/primitives_data/float/ok/b64pickle-float--5.2=-5.2 (singlefile, .txt) as a float with parser &apos;$&lt;read_str_from_txt&gt; =&gt; &lt;str_to_float&gt;$&apos; using options=({&apos;MultifileCollectionParser&apos;: {&apos;lazy_parsing&apos;: False}}) : caught 
  ValueError : malformed node or string: &lt;_ast.Name object at 0x7fab07c93b00&gt;
Rebuilding local parsing plan with next candidate parser: $&lt;read_str_from_txt&gt; =&gt; &lt;base64_ascii_str_pickle_to_object&gt; -&gt; &lt;bool_to_float&gt;$
(B)                                                                                                                 |--b64pickle-float--5.2=-5.2.txt -&gt; float ------- using $&lt;read_str_from_txt&gt; =&gt; &lt;base64_ascii_str_pickle_to_object&gt; -&gt; &lt;bool_to_float&gt;$
DONE Rebuilding local parsing plan for [/home/travis/build/smarie/python-parsyfiles/parsyfiles/tests/parsing_capabilities_by_type/primitives_data/float/ok/b64pickle-float--5.2=-5.2.txt]. Resuming parsing...
Executing Parsing Plan for [/home/travis/build/smarie/python-parsyfiles/parsyfiles/tests/parsing_capabilities_by_type/primitives_data/float/ok/b64pickle-float--5.2=-5.2]
(P) /home/travis/build/smarie/python-parsyfiles/parsyfiles/tests/parsing_capabilities_by_type/primitives_data/float/ok/b64pickle-float--5.2=-5.2.txt -&gt; float ------- using $&lt;read_str_from_txt&gt; =&gt; &lt;base64_ascii_str_pickle_to_object&gt; -&gt; &lt;bool_to_float&gt;$
  !! Caught error during execution !!
  File &quot;/home/travis/build/smarie/python-parsyfiles/parsyfiles/converting_core.py&quot;, line 319, in convert
    return self._convert(desired_type, source_obj, logger, options)
  File &quot;/home/travis/build/smarie/python-parsyfiles/parsyfiles/converting_core.py&quot;, line 770, in _convert
    return self._converters_list[-1].convert(desired_type, obj, logger, options)
  File &quot;/home/travis/build/smarie/python-parsyfiles/parsyfiles/converting_core.py&quot;, line 321, in convert
    raise ConversionException.create_not_able_to_convert(source_obj, self, desired_type)
  ParsingException : Error while parsing /home/travis/build/smarie/python-parsyfiles/parsyfiles/tests/parsing_capabilities_by_type/primitives_data/float/ok/b64pickle-float--5.2=-5.2 (singlefile, .txt) as a float with parser &apos;$&lt;read_str_from_txt&gt; =&gt; &lt;base64_ascii_str_pickle_to_object&gt; -&gt; &lt;bool_to_float&gt;$&apos; using options=({&apos;MultifileCollectionParser&apos;: {&apos;lazy_parsing&apos;: False}}) : caught 
  ConversionException : Converter &lt;bool_to_float&gt; is not able to ingest source value &apos;-5.2&apos; of type &apos;float&apos; and/or convert it to type &apos;float&apos;. This can happen in a chain when the previous step in the chain is generic and actually produced  an output of the wrong type/content
Rebuilding local parsing plan with next candidate parser: $&lt;read_str_from_txt&gt; =&gt; &lt;base64_ascii_str_pickle_to_object&gt; -&gt; &lt;int_to_float&gt;$
(B)                                                                                                                 |--b64pickle-float--5.2=-5.2.txt -&gt; float ------- using $&lt;read_str_from_txt&gt; =&gt; &lt;base64_ascii_str_pickle_to_object&gt; -&gt; &lt;int_to_float&gt;$
DONE Rebuilding local parsing plan for [/home/travis/build/smarie/python-parsyfiles/parsyfiles/tests/parsing_capabilities_by_type/primitives_data/float/ok/b64pickle-float--5.2=-5.2.txt]. Resuming parsing...
Executing Parsing Plan for [/home/travis/build/smarie/python-parsyfiles/parsyfiles/tests/parsing_capabilities_by_type/primitives_data/float/ok/b64pickle-float--5.2=-5.2]
(P) /home/travis/build/smarie/python-parsyfiles/parsyfiles/tests/parsing_capabilities_by_type/primitives_data/float/ok/b64pickle-float--5.2=-5.2.txt -&gt; float ------- using $&lt;read_str_from_txt&gt; =&gt; &lt;base64_ascii_str_pickle_to_object&gt; -&gt; &lt;int_to_float&gt;$
  !! Caught error during execution !!
  File &quot;/home/travis/build/smarie/python-parsyfiles/parsyfiles/converting_core.py&quot;, line 319, in convert
    return self._convert(desired_type, source_obj, logger, options)
  File &quot;/home/travis/build/smarie/python-parsyfiles/parsyfiles/converting_core.py&quot;, line 770, in _convert
    return self._converters_list[-1].convert(desired_type, obj, logger, options)
  File &quot;/home/travis/build/smarie/python-parsyfiles/parsyfiles/converting_core.py&quot;, line 321, in convert
    raise ConversionException.create_not_able_to_convert(source_obj, self, desired_type)
  ParsingException : Error while parsing /home/travis/build/smarie/python-parsyfiles/parsyfiles/tests/parsing_capabilities_by_type/primitives_data/float/ok/b64pickle-float--5.2=-5.2 (singlefile, .txt) as a float with parser &apos;$&lt;read_str_from_txt&gt; =&gt; &lt;base64_ascii_str_pickle_to_object&gt; -&gt; &lt;int_to_float&gt;$&apos; using options=({&apos;MultifileCollectionParser&apos;: {&apos;lazy_parsing&apos;: False}}) : caught 
  ConversionException : Converter &lt;int_to_float&gt; is not able to ingest source value &apos;-5.2&apos; of type &apos;float&apos; and/or convert it to type &apos;float&apos;. This can happen in a chain when the previous step in the chain is generic and actually produced  an output of the wrong type/content
Rebuilding local parsing plan with next candidate parser: $&lt;read_str_from_txt&gt; =&gt; &lt;base64_ascii_str_pickle_to_object&gt; -&gt; &lt;str_to_float&gt;$
(B)                                                                                                                 |--b64pickle-float--5.2=-5.2.txt -&gt; float ------- using $&lt;read_str_from_txt&gt; =&gt; &lt;base64_ascii_str_pickle_to_object&gt; -&gt; &lt;str_to_float&gt;$
DONE Rebuilding local parsing plan for [/home/travis/build/smarie/python-parsyfiles/parsyfiles/tests/parsing_capabilities_by_type/primitives_data/float/ok/b64pickle-float--5.2=-5.2.txt]. Resuming parsing...
Executing Parsing Plan for [/home/travis/build/smarie/python-parsyfiles/parsyfiles/tests/parsing_capabilities_by_type/primitives_data/float/ok/b64pickle-float--5.2=-5.2]
(P) /home/travis/build/smarie/python-parsyfiles/parsyfiles/tests/parsing_capabilities_by_type/primitives_data/float/ok/b64pickle-float--5.2=-5.2.txt -&gt; float ------- using $&lt;read_str_from_txt&gt; =&gt; &lt;base64_ascii_str_pickle_to_object&gt; -&gt; &lt;str_to_float&gt;$
  !! Caught error during execution !!
  File &quot;/home/travis/build/smarie/python-parsyfiles/parsyfiles/converting_core.py&quot;, line 319, in convert
    return self._convert(desired_type, source_obj, logger, options)
  File &quot;/home/travis/build/smarie/python-parsyfiles/parsyfiles/converting_core.py&quot;, line 770, in _convert
    return self._converters_list[-1].convert(desired_type, obj, logger, options)
  File &quot;/home/travis/build/smarie/python-parsyfiles/parsyfiles/converting_core.py&quot;, line 321, in convert
    raise ConversionException.create_not_able_to_convert(source_obj, self, desired_type)
  ParsingException : Error while parsing /home/travis/build/smarie/python-parsyfiles/parsyfiles/tests/parsing_capabilities_by_type/primitives_data/float/ok/b64pickle-float--5.2=-5.2 (singlefile, .txt) as a float with parser &apos;$&lt;read_str_from_txt&gt; =&gt; &lt;base64_ascii_str_pickle_to_object&gt; -&gt; &lt;str_to_float&gt;$&apos; using options=({&apos;MultifileCollectionParser&apos;: {&apos;lazy_parsing&apos;: False}}) : caught 
  ConversionException : Converter &lt;str_to_float&gt; is not able to ingest source value &apos;-5.2&apos; of type &apos;float&apos; and/or convert it to type &apos;float&apos;. This can happen in a chain when the previous step in the chain is generic and actually produced  an output of the wrong type/content
Rebuilding local parsing plan with next candidate parser: $&lt;read_str_from_txt&gt; =&gt; &lt;base64_ascii_str_pickle_to_object&gt;$
(B)                                                                                                                 |--b64pickle-float--5.2=-5.2.txt -&gt; float ------- using $&lt;read_str_from_txt&gt; =&gt; &lt;base64_ascii_str_pickle_to_object&gt;$
DONE Rebuilding local parsing plan for [/home/travis/build/smarie/python-parsyfiles/parsyfiles/tests/parsing_capabilities_by_type/primitives_data/float/ok/b64pickle-float--5.2=-5.2.txt]. Resuming parsing...
Executing Parsing Plan for [/home/travis/build/smarie/python-parsyfiles/parsyfiles/tests/parsing_capabilities_by_type/primitives_data/float/ok/b64pickle-float--5.2=-5.2]
(P) /home/travis/build/smarie/python-parsyfiles/parsyfiles/tests/parsing_capabilities_by_type/primitives_data/float/ok/b64pickle-float--5.2=-5.2.txt -&gt; float ------- using $&lt;read_str_from_txt&gt; =&gt; &lt;base64_ascii_str_pickle_to_object&gt;$
(P)                                                                                                                 |--b64pickle-float--5.2=-5.2.txt -&gt; float SUCCESS !
Completed parsing successfully

-5.2==-5.2
</system-out></testcase><testcase classname="parsyfiles.tests.parsing_capabilities_by_type.test_parse_primitives" file="parsyfiles/tests/parsing_capabilities_by_type/test_parse_primitives.py" line="179" name="test_parse_by_type[float-ok-b64pickle-int--2=-2.0.txt]" time="0.03947591781616211"><system-out>**** Starting to parse single object of type &lt;float&gt; at location /home/travis/build/smarie/python-parsyfiles/parsyfiles/tests/parsing_capabilities_by_type/primitives_data/float/ok/b64pickle-int--2=-2.0 ****
Checking all files under [/home/travis/build/smarie/python-parsyfiles/parsyfiles/tests/parsing_capabilities_by_type/primitives_data/float/ok/b64pickle-int--2=-2.0]
(C) /home/travis/build/smarie/python-parsyfiles/parsyfiles/tests/parsing_capabilities_by_type/primitives_data/float/ok/b64pickle-int--2=-2.0 (singlefile, .txt)
File checks done

Building a parsing plan to parse [/home/travis/build/smarie/python-parsyfiles/parsyfiles/tests/parsing_capabilities_by_type/primitives_data/float/ok/b64pickle-int--2=-2.0] into a float
(B) /home/travis/build/smarie/python-parsyfiles/parsyfiles/tests/parsing_capabilities_by_type/primitives_data/float/ok/b64pickle-int--2=-2.0.txt -&gt; float ------- using [Try &apos;$&lt;read_str_from_txt&gt; =&gt; &lt;str_to_float&gt;$&apos; then &apos;$&lt;read_str_from_txt&gt; =&gt; &lt;base64_ascii_str_pickle_to_object&gt; -&gt; &lt;bool_to_float&gt;$&apos; then &apos;$&lt;read_str_from_txt&gt; =&gt; &lt;base64_ascii_str_pickle_to_object&gt; -&gt; &lt;int_to_float&gt;$&apos; then &apos;$&lt;read_str_from_txt&gt; =&gt; &lt;base64_ascii_str_pickle_to_object&gt; -&gt; &lt;str_to_float&gt;$&apos; then &apos;$&lt;read_str_from_txt&gt; =&gt; &lt;base64_ascii_str_pickle_to_object&gt;$]&apos;]
(B)                                                                                                                 |--b64pickle-int--2=-2.0.txt -&gt; float ------- using $&lt;read_str_from_txt&gt; =&gt; &lt;str_to_float&gt;$
Parsing Plan created successfully

Executing Parsing Plan for [/home/travis/build/smarie/python-parsyfiles/parsyfiles/tests/parsing_capabilities_by_type/primitives_data/float/ok/b64pickle-int--2=-2.0]
(P) /home/travis/build/smarie/python-parsyfiles/parsyfiles/tests/parsing_capabilities_by_type/primitives_data/float/ok/b64pickle-int--2=-2.0.txt -&gt; float ------- using $&lt;read_str_from_txt&gt; =&gt; &lt;str_to_float&gt;$
  !! Caught error during execution !!
  File &quot;/home/travis/build/smarie/python-parsyfiles/parsyfiles/plugins_base/support_for_primitive_types.py&quot;, line 61, in primitive_to_float
    source = literal_eval(source)
  File &quot;/opt/python/3.5.5/lib/python3.5/ast.py&quot;, line 46, in literal_eval
    node_or_string = parse(node_or_string, mode=&apos;eval&apos;)
  File &quot;/opt/python/3.5.5/lib/python3.5/ast.py&quot;, line 35, in parse
    return compile(source, filename, mode, PyCF_ONLY_AST)
  ParsingException : Error while parsing /home/travis/build/smarie/python-parsyfiles/parsyfiles/tests/parsing_capabilities_by_type/primitives_data/float/ok/b64pickle-int--2=-2.0 (singlefile, .txt) as a float with parser &apos;$&lt;read_str_from_txt&gt; =&gt; &lt;str_to_float&gt;$&apos; using options=({&apos;MultifileCollectionParser&apos;: {&apos;lazy_parsing&apos;: False}}) : caught 
  SyntaxError : invalid syntax (&lt;unknown&gt;, line 1)
Rebuilding local parsing plan with next candidate parser: $&lt;read_str_from_txt&gt; =&gt; &lt;base64_ascii_str_pickle_to_object&gt; -&gt; &lt;bool_to_float&gt;$
(B)                                                                                                                 |--b64pickle-int--2=-2.0.txt -&gt; float ------- using $&lt;read_str_from_txt&gt; =&gt; &lt;base64_ascii_str_pickle_to_object&gt; -&gt; &lt;bool_to_float&gt;$
DONE Rebuilding local parsing plan for [/home/travis/build/smarie/python-parsyfiles/parsyfiles/tests/parsing_capabilities_by_type/primitives_data/float/ok/b64pickle-int--2=-2.0.txt]. Resuming parsing...
Executing Parsing Plan for [/home/travis/build/smarie/python-parsyfiles/parsyfiles/tests/parsing_capabilities_by_type/primitives_data/float/ok/b64pickle-int--2=-2.0]
(P) /home/travis/build/smarie/python-parsyfiles/parsyfiles/tests/parsing_capabilities_by_type/primitives_data/float/ok/b64pickle-int--2=-2.0.txt -&gt; float ------- using $&lt;read_str_from_txt&gt; =&gt; &lt;base64_ascii_str_pickle_to_object&gt; -&gt; &lt;bool_to_float&gt;$
  !! Caught error during execution !!
  File &quot;/home/travis/build/smarie/python-parsyfiles/parsyfiles/converting_core.py&quot;, line 319, in convert
    return self._convert(desired_type, source_obj, logger, options)
  File &quot;/home/travis/build/smarie/python-parsyfiles/parsyfiles/converting_core.py&quot;, line 770, in _convert
    return self._converters_list[-1].convert(desired_type, obj, logger, options)
  File &quot;/home/travis/build/smarie/python-parsyfiles/parsyfiles/converting_core.py&quot;, line 321, in convert
    raise ConversionException.create_not_able_to_convert(source_obj, self, desired_type)
  ParsingException : Error while parsing /home/travis/build/smarie/python-parsyfiles/parsyfiles/tests/parsing_capabilities_by_type/primitives_data/float/ok/b64pickle-int--2=-2.0 (singlefile, .txt) as a float with parser &apos;$&lt;read_str_from_txt&gt; =&gt; &lt;base64_ascii_str_pickle_to_object&gt; -&gt; &lt;bool_to_float&gt;$&apos; using options=({&apos;MultifileCollectionParser&apos;: {&apos;lazy_parsing&apos;: False}}) : caught 
  ConversionException : Converter &lt;bool_to_float&gt; is not able to ingest source value &apos;-2&apos; of type &apos;int&apos; and/or convert it to type &apos;float&apos;. This can happen in a chain when the previous step in the chain is generic and actually produced  an output of the wrong type/content
Rebuilding local parsing plan with next candidate parser: $&lt;read_str_from_txt&gt; =&gt; &lt;base64_ascii_str_pickle_to_object&gt; -&gt; &lt;int_to_float&gt;$
(B)                                                                                                                 |--b64pickle-int--2=-2.0.txt -&gt; float ------- using $&lt;read_str_from_txt&gt; =&gt; &lt;base64_ascii_str_pickle_to_object&gt; -&gt; &lt;int_to_float&gt;$
DONE Rebuilding local parsing plan for [/home/travis/build/smarie/python-parsyfiles/parsyfiles/tests/parsing_capabilities_by_type/primitives_data/float/ok/b64pickle-int--2=-2.0.txt]. Resuming parsing...
Executing Parsing Plan for [/home/travis/build/smarie/python-parsyfiles/parsyfiles/tests/parsing_capabilities_by_type/primitives_data/float/ok/b64pickle-int--2=-2.0]
(P) /home/travis/build/smarie/python-parsyfiles/parsyfiles/tests/parsing_capabilities_by_type/primitives_data/float/ok/b64pickle-int--2=-2.0.txt -&gt; float ------- using $&lt;read_str_from_txt&gt; =&gt; &lt;base64_ascii_str_pickle_to_object&gt; -&gt; &lt;int_to_float&gt;$
(P)                                                                                                                 |--b64pickle-int--2=-2.0.txt -&gt; float SUCCESS !
Completed parsing successfully

-2.0==-2.0
</system-out></testcase><testcase classname="parsyfiles.tests.parsing_capabilities_by_type.test_parse_primitives" file="parsyfiles/tests/parsing_capabilities_by_type/test_parse_primitives.py" line="179" name="test_parse_by_type[float-ok-txt-float--5.2=-5.2.txt]" time="0.0328366756439209"><system-out>**** Starting to parse single object of type &lt;float&gt; at location /home/travis/build/smarie/python-parsyfiles/parsyfiles/tests/parsing_capabilities_by_type/primitives_data/float/ok/txt-float--5.2=-5.2 ****
Checking all files under [/home/travis/build/smarie/python-parsyfiles/parsyfiles/tests/parsing_capabilities_by_type/primitives_data/float/ok/txt-float--5.2=-5.2]
(C) /home/travis/build/smarie/python-parsyfiles/parsyfiles/tests/parsing_capabilities_by_type/primitives_data/float/ok/txt-float--5.2=-5.2 (singlefile, .txt)
File checks done

Building a parsing plan to parse [/home/travis/build/smarie/python-parsyfiles/parsyfiles/tests/parsing_capabilities_by_type/primitives_data/float/ok/txt-float--5.2=-5.2] into a float
(B) /home/travis/build/smarie/python-parsyfiles/parsyfiles/tests/parsing_capabilities_by_type/primitives_data/float/ok/txt-float--5.2=-5.2.txt -&gt; float ------- using [Try &apos;$&lt;read_str_from_txt&gt; =&gt; &lt;str_to_float&gt;$&apos; then &apos;$&lt;read_str_from_txt&gt; =&gt; &lt;base64_ascii_str_pickle_to_object&gt; -&gt; &lt;bool_to_float&gt;$&apos; then &apos;$&lt;read_str_from_txt&gt; =&gt; &lt;base64_ascii_str_pickle_to_object&gt; -&gt; &lt;int_to_float&gt;$&apos; then &apos;$&lt;read_str_from_txt&gt; =&gt; &lt;base64_ascii_str_pickle_to_object&gt; -&gt; &lt;str_to_float&gt;$&apos; then &apos;$&lt;read_str_from_txt&gt; =&gt; &lt;base64_ascii_str_pickle_to_object&gt;$]&apos;]
(B)                                                                                                                 |--txt-float--5.2=-5.2.txt -&gt; float ------- using $&lt;read_str_from_txt&gt; =&gt; &lt;str_to_float&gt;$
Parsing Plan created successfully

Executing Parsing Plan for [/home/travis/build/smarie/python-parsyfiles/parsyfiles/tests/parsing_capabilities_by_type/primitives_data/float/ok/txt-float--5.2=-5.2]
(P) /home/travis/build/smarie/python-parsyfiles/parsyfiles/tests/parsing_capabilities_by_type/primitives_data/float/ok/txt-float--5.2=-5.2.txt -&gt; float ------- using $&lt;read_str_from_txt&gt; =&gt; &lt;str_to_float&gt;$
(P)                                                                                                                 |--txt-float--5.2=-5.2.txt -&gt; float SUCCESS !
Completed parsing successfully

-5.2==-5.2
</system-out></testcase><testcase classname="parsyfiles.tests.parsing_capabilities_by_type.test_parse_primitives" file="parsyfiles/tests/parsing_capabilities_by_type/test_parse_primitives.py" line="179" name="test_parse_by_type[float-ok-b64pickle-int-5=5.0.txt]" time="0.035700082778930664"><system-out>**** Starting to parse single object of type &lt;float&gt; at location /home/travis/build/smarie/python-parsyfiles/parsyfiles/tests/parsing_capabilities_by_type/primitives_data/float/ok/b64pickle-int-5=5.0 ****
Checking all files under [/home/travis/build/smarie/python-parsyfiles/parsyfiles/tests/parsing_capabilities_by_type/primitives_data/float/ok/b64pickle-int-5=5.0]
(C) /home/travis/build/smarie/python-parsyfiles/parsyfiles/tests/parsing_capabilities_by_type/primitives_data/float/ok/b64pickle-int-5=5.0 (singlefile, .txt)
File checks done

Building a parsing plan to parse [/home/travis/build/smarie/python-parsyfiles/parsyfiles/tests/parsing_capabilities_by_type/primitives_data/float/ok/b64pickle-int-5=5.0] into a float
(B) /home/travis/build/smarie/python-parsyfiles/parsyfiles/tests/parsing_capabilities_by_type/primitives_data/float/ok/b64pickle-int-5=5.0.txt -&gt; float ------- using [Try &apos;$&lt;read_str_from_txt&gt; =&gt; &lt;str_to_float&gt;$&apos; then &apos;$&lt;read_str_from_txt&gt; =&gt; &lt;base64_ascii_str_pickle_to_object&gt; -&gt; &lt;bool_to_float&gt;$&apos; then &apos;$&lt;read_str_from_txt&gt; =&gt; &lt;base64_ascii_str_pickle_to_object&gt; -&gt; &lt;int_to_float&gt;$&apos; then &apos;$&lt;read_str_from_txt&gt; =&gt; &lt;base64_ascii_str_pickle_to_object&gt; -&gt; &lt;str_to_float&gt;$&apos; then &apos;$&lt;read_str_from_txt&gt; =&gt; &lt;base64_ascii_str_pickle_to_object&gt;$]&apos;]
(B)                                                                                                                 |--b64pickle-int-5=5.0.txt -&gt; float ------- using $&lt;read_str_from_txt&gt; =&gt; &lt;str_to_float&gt;$
Parsing Plan created successfully

Executing Parsing Plan for [/home/travis/build/smarie/python-parsyfiles/parsyfiles/tests/parsing_capabilities_by_type/primitives_data/float/ok/b64pickle-int-5=5.0]
(P) /home/travis/build/smarie/python-parsyfiles/parsyfiles/tests/parsing_capabilities_by_type/primitives_data/float/ok/b64pickle-int-5=5.0.txt -&gt; float ------- using $&lt;read_str_from_txt&gt; =&gt; &lt;str_to_float&gt;$
  !! Caught error during execution !!
  File &quot;/home/travis/build/smarie/python-parsyfiles/parsyfiles/plugins_base/support_for_primitive_types.py&quot;, line 61, in primitive_to_float
    source = literal_eval(source)
  File &quot;/opt/python/3.5.5/lib/python3.5/ast.py&quot;, line 46, in literal_eval
    node_or_string = parse(node_or_string, mode=&apos;eval&apos;)
  File &quot;/opt/python/3.5.5/lib/python3.5/ast.py&quot;, line 35, in parse
    return compile(source, filename, mode, PyCF_ONLY_AST)
  ParsingException : Error while parsing /home/travis/build/smarie/python-parsyfiles/parsyfiles/tests/parsing_capabilities_by_type/primitives_data/float/ok/b64pickle-int-5=5.0 (singlefile, .txt) as a float with parser &apos;$&lt;read_str_from_txt&gt; =&gt; &lt;str_to_float&gt;$&apos; using options=({&apos;MultifileCollectionParser&apos;: {&apos;lazy_parsing&apos;: False}}) : caught 
  SyntaxError : unexpected EOF while parsing (&lt;unknown&gt;, line 1)
Rebuilding local parsing plan with next candidate parser: $&lt;read_str_from_txt&gt; =&gt; &lt;base64_ascii_str_pickle_to_object&gt; -&gt; &lt;bool_to_float&gt;$
(B)                                                                                                                 |--b64pickle-int-5=5.0.txt -&gt; float ------- using $&lt;read_str_from_txt&gt; =&gt; &lt;base64_ascii_str_pickle_to_object&gt; -&gt; &lt;bool_to_float&gt;$
DONE Rebuilding local parsing plan for [/home/travis/build/smarie/python-parsyfiles/parsyfiles/tests/parsing_capabilities_by_type/primitives_data/float/ok/b64pickle-int-5=5.0.txt]. Resuming parsing...
Executing Parsing Plan for [/home/travis/build/smarie/python-parsyfiles/parsyfiles/tests/parsing_capabilities_by_type/primitives_data/float/ok/b64pickle-int-5=5.0]
(P) /home/travis/build/smarie/python-parsyfiles/parsyfiles/tests/parsing_capabilities_by_type/primitives_data/float/ok/b64pickle-int-5=5.0.txt -&gt; float ------- using $&lt;read_str_from_txt&gt; =&gt; &lt;base64_ascii_str_pickle_to_object&gt; -&gt; &lt;bool_to_float&gt;$
  !! Caught error during execution !!
  File &quot;/home/travis/build/smarie/python-parsyfiles/parsyfiles/converting_core.py&quot;, line 319, in convert
    return self._convert(desired_type, source_obj, logger, options)
  File &quot;/home/travis/build/smarie/python-parsyfiles/parsyfiles/converting_core.py&quot;, line 770, in _convert
    return self._converters_list[-1].convert(desired_type, obj, logger, options)
  File &quot;/home/travis/build/smarie/python-parsyfiles/parsyfiles/converting_core.py&quot;, line 321, in convert
    raise ConversionException.create_not_able_to_convert(source_obj, self, desired_type)
  ParsingException : Error while parsing /home/travis/build/smarie/python-parsyfiles/parsyfiles/tests/parsing_capabilities_by_type/primitives_data/float/ok/b64pickle-int-5=5.0 (singlefile, .txt) as a float with parser &apos;$&lt;read_str_from_txt&gt; =&gt; &lt;base64_ascii_str_pickle_to_object&gt; -&gt; &lt;bool_to_float&gt;$&apos; using options=({&apos;MultifileCollectionParser&apos;: {&apos;lazy_parsing&apos;: False}}) : caught 
  ConversionException : Converter &lt;bool_to_float&gt; is not able to ingest source value &apos;5&apos; of type &apos;int&apos; and/or convert it to type &apos;float&apos;. This can happen in a chain when the previous step in the chain is generic and actually produced  an output of the wrong type/content
Rebuilding local parsing plan with next candidate parser: $&lt;read_str_from_txt&gt; =&gt; &lt;base64_ascii_str_pickle_to_object&gt; -&gt; &lt;int_to_float&gt;$
(B)                                                                                                                 |--b64pickle-int-5=5.0.txt -&gt; float ------- using $&lt;read_str_from_txt&gt; =&gt; &lt;base64_ascii_str_pickle_to_object&gt; -&gt; &lt;int_to_float&gt;$
DONE Rebuilding local parsing plan for [/home/travis/build/smarie/python-parsyfiles/parsyfiles/tests/parsing_capabilities_by_type/primitives_data/float/ok/b64pickle-int-5=5.0.txt]. Resuming parsing...
Executing Parsing Plan for [/home/travis/build/smarie/python-parsyfiles/parsyfiles/tests/parsing_capabilities_by_type/primitives_data/float/ok/b64pickle-int-5=5.0]
(P) /home/travis/build/smarie/python-parsyfiles/parsyfiles/tests/parsing_capabilities_by_type/primitives_data/float/ok/b64pickle-int-5=5.0.txt -&gt; float ------- using $&lt;read_str_from_txt&gt; =&gt; &lt;base64_ascii_str_pickle_to_object&gt; -&gt; &lt;int_to_float&gt;$
(P)                                                                                                                 |--b64pickle-int-5=5.0.txt -&gt; float SUCCESS !
Completed parsing successfully

5.0==5.0
</system-out></testcase><testcase classname="parsyfiles.tests.parsing_capabilities_by_type.test_parse_primitives" file="parsyfiles/tests/parsing_capabilities_by_type/test_parse_primitives.py" line="179" name="test_parse_by_type[float-ok-b64pickle-bool-False=0.0.txt]" time="0.03658652305603027"><system-out>**** Starting to parse single object of type &lt;float&gt; at location /home/travis/build/smarie/python-parsyfiles/parsyfiles/tests/parsing_capabilities_by_type/primitives_data/float/ok/b64pickle-bool-False=0.0 ****
Checking all files under [/home/travis/build/smarie/python-parsyfiles/parsyfiles/tests/parsing_capabilities_by_type/primitives_data/float/ok/b64pickle-bool-False=0.0]
(C) /home/travis/build/smarie/python-parsyfiles/parsyfiles/tests/parsing_capabilities_by_type/primitives_data/float/ok/b64pickle-bool-False=0.0 (singlefile, .txt)
File checks done

Building a parsing plan to parse [/home/travis/build/smarie/python-parsyfiles/parsyfiles/tests/parsing_capabilities_by_type/primitives_data/float/ok/b64pickle-bool-False=0.0] into a float
(B) /home/travis/build/smarie/python-parsyfiles/parsyfiles/tests/parsing_capabilities_by_type/primitives_data/float/ok/b64pickle-bool-False=0.0.txt -&gt; float ------- using [Try &apos;$&lt;read_str_from_txt&gt; =&gt; &lt;str_to_float&gt;$&apos; then &apos;$&lt;read_str_from_txt&gt; =&gt; &lt;base64_ascii_str_pickle_to_object&gt; -&gt; &lt;bool_to_float&gt;$&apos; then &apos;$&lt;read_str_from_txt&gt; =&gt; &lt;base64_ascii_str_pickle_to_object&gt; -&gt; &lt;int_to_float&gt;$&apos; then &apos;$&lt;read_str_from_txt&gt; =&gt; &lt;base64_ascii_str_pickle_to_object&gt; -&gt; &lt;str_to_float&gt;$&apos; then &apos;$&lt;read_str_from_txt&gt; =&gt; &lt;base64_ascii_str_pickle_to_object&gt;$]&apos;]
(B)                                                                                                                 |--b64pickle-bool-False=0.0.txt -&gt; float ------- using $&lt;read_str_from_txt&gt; =&gt; &lt;str_to_float&gt;$
Parsing Plan created successfully

Executing Parsing Plan for [/home/travis/build/smarie/python-parsyfiles/parsyfiles/tests/parsing_capabilities_by_type/primitives_data/float/ok/b64pickle-bool-False=0.0]
(P) /home/travis/build/smarie/python-parsyfiles/parsyfiles/tests/parsing_capabilities_by_type/primitives_data/float/ok/b64pickle-bool-False=0.0.txt -&gt; float ------- using $&lt;read_str_from_txt&gt; =&gt; &lt;str_to_float&gt;$
  !! Caught error during execution !!
  File &quot;/home/travis/build/smarie/python-parsyfiles/parsyfiles/plugins_base/support_for_primitive_types.py&quot;, line 61, in primitive_to_float
    source = literal_eval(source)
  File &quot;/opt/python/3.5.5/lib/python3.5/ast.py&quot;, line 46, in literal_eval
    node_or_string = parse(node_or_string, mode=&apos;eval&apos;)
  File &quot;/opt/python/3.5.5/lib/python3.5/ast.py&quot;, line 35, in parse
    return compile(source, filename, mode, PyCF_ONLY_AST)
  ParsingException : Error while parsing /home/travis/build/smarie/python-parsyfiles/parsyfiles/tests/parsing_capabilities_by_type/primitives_data/float/ok/b64pickle-bool-False=0.0 (singlefile, .txt) as a float with parser &apos;$&lt;read_str_from_txt&gt; =&gt; &lt;str_to_float&gt;$&apos; using options=({&apos;MultifileCollectionParser&apos;: {&apos;lazy_parsing&apos;: False}}) : caught 
  SyntaxError : unexpected EOF while parsing (&lt;unknown&gt;, line 1)
Rebuilding local parsing plan with next candidate parser: $&lt;read_str_from_txt&gt; =&gt; &lt;base64_ascii_str_pickle_to_object&gt; -&gt; &lt;bool_to_float&gt;$
(B)                                                                                                                 |--b64pickle-bool-False=0.0.txt -&gt; float ------- using $&lt;read_str_from_txt&gt; =&gt; &lt;base64_ascii_str_pickle_to_object&gt; -&gt; &lt;bool_to_float&gt;$
DONE Rebuilding local parsing plan for [/home/travis/build/smarie/python-parsyfiles/parsyfiles/tests/parsing_capabilities_by_type/primitives_data/float/ok/b64pickle-bool-False=0.0.txt]. Resuming parsing...
Executing Parsing Plan for [/home/travis/build/smarie/python-parsyfiles/parsyfiles/tests/parsing_capabilities_by_type/primitives_data/float/ok/b64pickle-bool-False=0.0]
(P) /home/travis/build/smarie/python-parsyfiles/parsyfiles/tests/parsing_capabilities_by_type/primitives_data/float/ok/b64pickle-bool-False=0.0.txt -&gt; float ------- using $&lt;read_str_from_txt&gt; =&gt; &lt;base64_ascii_str_pickle_to_object&gt; -&gt; &lt;bool_to_float&gt;$
(P)                                                                                                                 |--b64pickle-bool-False=0.0.txt -&gt; float SUCCESS !
Completed parsing successfully

0.0==0.0
</system-out></testcase><testcase classname="parsyfiles.tests.parsing_capabilities_by_type.test_parse_primitives" file="parsyfiles/tests/parsing_capabilities_by_type/test_parse_primitives.py" line="179" name="test_parse_by_type[float-ok-pickle-bool-False=0.0.pyc]" time="0.03345084190368652"><system-out>**** Starting to parse single object of type &lt;float&gt; at location /home/travis/build/smarie/python-parsyfiles/parsyfiles/tests/parsing_capabilities_by_type/primitives_data/float/ok/pickle-bool-False=0.0 ****
Checking all files under [/home/travis/build/smarie/python-parsyfiles/parsyfiles/tests/parsing_capabilities_by_type/primitives_data/float/ok/pickle-bool-False=0.0]
(C) /home/travis/build/smarie/python-parsyfiles/parsyfiles/tests/parsing_capabilities_by_type/primitives_data/float/ok/pickle-bool-False=0.0 (singlefile, .pyc)
File checks done

Building a parsing plan to parse [/home/travis/build/smarie/python-parsyfiles/parsyfiles/tests/parsing_capabilities_by_type/primitives_data/float/ok/pickle-bool-False=0.0] into a float
(B) /home/travis/build/smarie/python-parsyfiles/parsyfiles/tests/parsing_capabilities_by_type/primitives_data/float/ok/pickle-bool-False=0.0.pyc -&gt; float ------- using [Try &apos;$&lt;read_object_from_pickle&gt; =&gt; &lt;bool_to_float&gt;$&apos; then &apos;$&lt;read_object_from_pickle&gt; =&gt; &lt;int_to_float&gt;$&apos; then &apos;$&lt;read_object_from_pickle&gt; =&gt; &lt;str_to_float&gt;$&apos; then &apos;&lt;read_object_from_pickle&gt;]&apos;]
(B)                                                                                                                 |--pickle-bool-False=0.0.pyc -&gt; float ------- using $&lt;read_object_from_pickle&gt; =&gt; &lt;bool_to_float&gt;$
Parsing Plan created successfully

Executing Parsing Plan for [/home/travis/build/smarie/python-parsyfiles/parsyfiles/tests/parsing_capabilities_by_type/primitives_data/float/ok/pickle-bool-False=0.0]
(P) /home/travis/build/smarie/python-parsyfiles/parsyfiles/tests/parsing_capabilities_by_type/primitives_data/float/ok/pickle-bool-False=0.0.pyc -&gt; float ------- using $&lt;read_object_from_pickle&gt; =&gt; &lt;bool_to_float&gt;$
(P)                                                                                                                 |--pickle-bool-False=0.0.pyc -&gt; float SUCCESS !
Completed parsing successfully

0.0==0.0
</system-out></testcase><testcase classname="parsyfiles.tests.parsing_capabilities_by_type.test_parse_primitives" file="parsyfiles/tests/parsing_capabilities_by_type/test_parse_primitives.py" line="179" name="test_parse_by_type[float-ok-txt-bool-True=1.0.txt]" time="0.03567790985107422"><system-out>**** Starting to parse single object of type &lt;float&gt; at location /home/travis/build/smarie/python-parsyfiles/parsyfiles/tests/parsing_capabilities_by_type/primitives_data/float/ok/txt-bool-True=1.0 ****
Checking all files under [/home/travis/build/smarie/python-parsyfiles/parsyfiles/tests/parsing_capabilities_by_type/primitives_data/float/ok/txt-bool-True=1.0]
(C) /home/travis/build/smarie/python-parsyfiles/parsyfiles/tests/parsing_capabilities_by_type/primitives_data/float/ok/txt-bool-True=1.0 (singlefile, .txt)
File checks done

Building a parsing plan to parse [/home/travis/build/smarie/python-parsyfiles/parsyfiles/tests/parsing_capabilities_by_type/primitives_data/float/ok/txt-bool-True=1.0] into a float
(B) /home/travis/build/smarie/python-parsyfiles/parsyfiles/tests/parsing_capabilities_by_type/primitives_data/float/ok/txt-bool-True=1.0.txt -&gt; float ------- using [Try &apos;$&lt;read_str_from_txt&gt; =&gt; &lt;str_to_float&gt;$&apos; then &apos;$&lt;read_str_from_txt&gt; =&gt; &lt;base64_ascii_str_pickle_to_object&gt; -&gt; &lt;bool_to_float&gt;$&apos; then &apos;$&lt;read_str_from_txt&gt; =&gt; &lt;base64_ascii_str_pickle_to_object&gt; -&gt; &lt;int_to_float&gt;$&apos; then &apos;$&lt;read_str_from_txt&gt; =&gt; &lt;base64_ascii_str_pickle_to_object&gt; -&gt; &lt;str_to_float&gt;$&apos; then &apos;$&lt;read_str_from_txt&gt; =&gt; &lt;base64_ascii_str_pickle_to_object&gt;$]&apos;]
(B)                                                                                                                 |--txt-bool-True=1.0.txt -&gt; float ------- using $&lt;read_str_from_txt&gt; =&gt; &lt;str_to_float&gt;$
Parsing Plan created successfully

Executing Parsing Plan for [/home/travis/build/smarie/python-parsyfiles/parsyfiles/tests/parsing_capabilities_by_type/primitives_data/float/ok/txt-bool-True=1.0]
(P) /home/travis/build/smarie/python-parsyfiles/parsyfiles/tests/parsing_capabilities_by_type/primitives_data/float/ok/txt-bool-True=1.0.txt -&gt; float ------- using $&lt;read_str_from_txt&gt; =&gt; &lt;str_to_float&gt;$
(P)                                                                                                                 |--txt-bool-True=1.0.txt -&gt; float SUCCESS !
Completed parsing successfully

1.0==1.0
</system-out></testcase><testcase classname="parsyfiles.tests.parsing_capabilities_by_type.test_parse_primitives" file="parsyfiles/tests/parsing_capabilities_by_type/test_parse_primitives.py" line="179" name="test_parse_by_type[float-ok-txt-float-10.1=10.1.txt]" time="0.03309941291809082"><system-out>**** Starting to parse single object of type &lt;float&gt; at location /home/travis/build/smarie/python-parsyfiles/parsyfiles/tests/parsing_capabilities_by_type/primitives_data/float/ok/txt-float-10.1=10.1 ****
Checking all files under [/home/travis/build/smarie/python-parsyfiles/parsyfiles/tests/parsing_capabilities_by_type/primitives_data/float/ok/txt-float-10.1=10.1]
(C) /home/travis/build/smarie/python-parsyfiles/parsyfiles/tests/parsing_capabilities_by_type/primitives_data/float/ok/txt-float-10.1=10.1 (singlefile, .txt)
File checks done

Building a parsing plan to parse [/home/travis/build/smarie/python-parsyfiles/parsyfiles/tests/parsing_capabilities_by_type/primitives_data/float/ok/txt-float-10.1=10.1] into a float
(B) /home/travis/build/smarie/python-parsyfiles/parsyfiles/tests/parsing_capabilities_by_type/primitives_data/float/ok/txt-float-10.1=10.1.txt -&gt; float ------- using [Try &apos;$&lt;read_str_from_txt&gt; =&gt; &lt;str_to_float&gt;$&apos; then &apos;$&lt;read_str_from_txt&gt; =&gt; &lt;base64_ascii_str_pickle_to_object&gt; -&gt; &lt;bool_to_float&gt;$&apos; then &apos;$&lt;read_str_from_txt&gt; =&gt; &lt;base64_ascii_str_pickle_to_object&gt; -&gt; &lt;int_to_float&gt;$&apos; then &apos;$&lt;read_str_from_txt&gt; =&gt; &lt;base64_ascii_str_pickle_to_object&gt; -&gt; &lt;str_to_float&gt;$&apos; then &apos;$&lt;read_str_from_txt&gt; =&gt; &lt;base64_ascii_str_pickle_to_object&gt;$]&apos;]
(B)                                                                                                                 |--txt-float-10.1=10.1.txt -&gt; float ------- using $&lt;read_str_from_txt&gt; =&gt; &lt;str_to_float&gt;$
Parsing Plan created successfully

Executing Parsing Plan for [/home/travis/build/smarie/python-parsyfiles/parsyfiles/tests/parsing_capabilities_by_type/primitives_data/float/ok/txt-float-10.1=10.1]
(P) /home/travis/build/smarie/python-parsyfiles/parsyfiles/tests/parsing_capabilities_by_type/primitives_data/float/ok/txt-float-10.1=10.1.txt -&gt; float ------- using $&lt;read_str_from_txt&gt; =&gt; &lt;str_to_float&gt;$
(P)                                                                                                                 |--txt-float-10.1=10.1.txt -&gt; float SUCCESS !
Completed parsing successfully

10.1==10.1
</system-out></testcase><testcase classname="parsyfiles.tests.parsing_capabilities_by_type.test_parse_primitives" file="parsyfiles/tests/parsing_capabilities_by_type/test_parse_primitives.py" line="179" name="test_parse_by_type[float-ok-b64pickle-int-0=0.0.txt]" time="0.03682208061218262"><system-out>**** Starting to parse single object of type &lt;float&gt; at location /home/travis/build/smarie/python-parsyfiles/parsyfiles/tests/parsing_capabilities_by_type/primitives_data/float/ok/b64pickle-int-0=0.0 ****
Checking all files under [/home/travis/build/smarie/python-parsyfiles/parsyfiles/tests/parsing_capabilities_by_type/primitives_data/float/ok/b64pickle-int-0=0.0]
(C) /home/travis/build/smarie/python-parsyfiles/parsyfiles/tests/parsing_capabilities_by_type/primitives_data/float/ok/b64pickle-int-0=0.0 (singlefile, .txt)
File checks done

Building a parsing plan to parse [/home/travis/build/smarie/python-parsyfiles/parsyfiles/tests/parsing_capabilities_by_type/primitives_data/float/ok/b64pickle-int-0=0.0] into a float
(B) /home/travis/build/smarie/python-parsyfiles/parsyfiles/tests/parsing_capabilities_by_type/primitives_data/float/ok/b64pickle-int-0=0.0.txt -&gt; float ------- using [Try &apos;$&lt;read_str_from_txt&gt; =&gt; &lt;str_to_float&gt;$&apos; then &apos;$&lt;read_str_from_txt&gt; =&gt; &lt;base64_ascii_str_pickle_to_object&gt; -&gt; &lt;bool_to_float&gt;$&apos; then &apos;$&lt;read_str_from_txt&gt; =&gt; &lt;base64_ascii_str_pickle_to_object&gt; -&gt; &lt;int_to_float&gt;$&apos; then &apos;$&lt;read_str_from_txt&gt; =&gt; &lt;base64_ascii_str_pickle_to_object&gt; -&gt; &lt;str_to_float&gt;$&apos; then &apos;$&lt;read_str_from_txt&gt; =&gt; &lt;base64_ascii_str_pickle_to_object&gt;$]&apos;]
(B)                                                                                                                 |--b64pickle-int-0=0.0.txt -&gt; float ------- using $&lt;read_str_from_txt&gt; =&gt; &lt;str_to_float&gt;$
Parsing Plan created successfully

Executing Parsing Plan for [/home/travis/build/smarie/python-parsyfiles/parsyfiles/tests/parsing_capabilities_by_type/primitives_data/float/ok/b64pickle-int-0=0.0]
(P) /home/travis/build/smarie/python-parsyfiles/parsyfiles/tests/parsing_capabilities_by_type/primitives_data/float/ok/b64pickle-int-0=0.0.txt -&gt; float ------- using $&lt;read_str_from_txt&gt; =&gt; &lt;str_to_float&gt;$
  !! Caught error during execution !!
  File &quot;/home/travis/build/smarie/python-parsyfiles/parsyfiles/plugins_base/support_for_primitive_types.py&quot;, line 61, in primitive_to_float
    source = literal_eval(source)
  File &quot;/opt/python/3.5.5/lib/python3.5/ast.py&quot;, line 46, in literal_eval
    node_or_string = parse(node_or_string, mode=&apos;eval&apos;)
  File &quot;/opt/python/3.5.5/lib/python3.5/ast.py&quot;, line 35, in parse
    return compile(source, filename, mode, PyCF_ONLY_AST)
  ParsingException : Error while parsing /home/travis/build/smarie/python-parsyfiles/parsyfiles/tests/parsing_capabilities_by_type/primitives_data/float/ok/b64pickle-int-0=0.0 (singlefile, .txt) as a float with parser &apos;$&lt;read_str_from_txt&gt; =&gt; &lt;str_to_float&gt;$&apos; using options=({&apos;MultifileCollectionParser&apos;: {&apos;lazy_parsing&apos;: False}}) : caught 
  SyntaxError : unexpected EOF while parsing (&lt;unknown&gt;, line 1)
Rebuilding local parsing plan with next candidate parser: $&lt;read_str_from_txt&gt; =&gt; &lt;base64_ascii_str_pickle_to_object&gt; -&gt; &lt;bool_to_float&gt;$
(B)                                                                                                                 |--b64pickle-int-0=0.0.txt -&gt; float ------- using $&lt;read_str_from_txt&gt; =&gt; &lt;base64_ascii_str_pickle_to_object&gt; -&gt; &lt;bool_to_float&gt;$
DONE Rebuilding local parsing plan for [/home/travis/build/smarie/python-parsyfiles/parsyfiles/tests/parsing_capabilities_by_type/primitives_data/float/ok/b64pickle-int-0=0.0.txt]. Resuming parsing...
Executing Parsing Plan for [/home/travis/build/smarie/python-parsyfiles/parsyfiles/tests/parsing_capabilities_by_type/primitives_data/float/ok/b64pickle-int-0=0.0]
(P) /home/travis/build/smarie/python-parsyfiles/parsyfiles/tests/parsing_capabilities_by_type/primitives_data/float/ok/b64pickle-int-0=0.0.txt -&gt; float ------- using $&lt;read_str_from_txt&gt; =&gt; &lt;base64_ascii_str_pickle_to_object&gt; -&gt; &lt;bool_to_float&gt;$
  !! Caught error during execution !!
  File &quot;/home/travis/build/smarie/python-parsyfiles/parsyfiles/converting_core.py&quot;, line 319, in convert
    return self._convert(desired_type, source_obj, logger, options)
  File &quot;/home/travis/build/smarie/python-parsyfiles/parsyfiles/converting_core.py&quot;, line 770, in _convert
    return self._converters_list[-1].convert(desired_type, obj, logger, options)
  File &quot;/home/travis/build/smarie/python-parsyfiles/parsyfiles/converting_core.py&quot;, line 321, in convert
    raise ConversionException.create_not_able_to_convert(source_obj, self, desired_type)
  ParsingException : Error while parsing /home/travis/build/smarie/python-parsyfiles/parsyfiles/tests/parsing_capabilities_by_type/primitives_data/float/ok/b64pickle-int-0=0.0 (singlefile, .txt) as a float with parser &apos;$&lt;read_str_from_txt&gt; =&gt; &lt;base64_ascii_str_pickle_to_object&gt; -&gt; &lt;bool_to_float&gt;$&apos; using options=({&apos;MultifileCollectionParser&apos;: {&apos;lazy_parsing&apos;: False}}) : caught 
  ConversionException : Converter &lt;bool_to_float&gt; is not able to ingest source value &apos;0&apos; of type &apos;int&apos; and/or convert it to type &apos;float&apos;. This can happen in a chain when the previous step in the chain is generic and actually produced  an output of the wrong type/content
Rebuilding local parsing plan with next candidate parser: $&lt;read_str_from_txt&gt; =&gt; &lt;base64_ascii_str_pickle_to_object&gt; -&gt; &lt;int_to_float&gt;$
(B)                                                                                                                 |--b64pickle-int-0=0.0.txt -&gt; float ------- using $&lt;read_str_from_txt&gt; =&gt; &lt;base64_ascii_str_pickle_to_object&gt; -&gt; &lt;int_to_float&gt;$
DONE Rebuilding local parsing plan for [/home/travis/build/smarie/python-parsyfiles/parsyfiles/tests/parsing_capabilities_by_type/primitives_data/float/ok/b64pickle-int-0=0.0.txt]. Resuming parsing...
Executing Parsing Plan for [/home/travis/build/smarie/python-parsyfiles/parsyfiles/tests/parsing_capabilities_by_type/primitives_data/float/ok/b64pickle-int-0=0.0]
(P) /home/travis/build/smarie/python-parsyfiles/parsyfiles/tests/parsing_capabilities_by_type/primitives_data/float/ok/b64pickle-int-0=0.0.txt -&gt; float ------- using $&lt;read_str_from_txt&gt; =&gt; &lt;base64_ascii_str_pickle_to_object&gt; -&gt; &lt;int_to_float&gt;$
(P)                                                                                                                 |--b64pickle-int-0=0.0.txt -&gt; float SUCCESS !
Completed parsing successfully

0.0==0.0
</system-out></testcase><testcase classname="parsyfiles.tests.parsing_capabilities_by_type.test_parse_primitives" file="parsyfiles/tests/parsing_capabilities_by_type/test_parse_primitives.py" line="179" name="test_parse_by_type[float-ok-pickle-bool-True=1.0.pyc]" time="0.03351116180419922"><system-out>**** Starting to parse single object of type &lt;float&gt; at location /home/travis/build/smarie/python-parsyfiles/parsyfiles/tests/parsing_capabilities_by_type/primitives_data/float/ok/pickle-bool-True=1.0 ****
Checking all files under [/home/travis/build/smarie/python-parsyfiles/parsyfiles/tests/parsing_capabilities_by_type/primitives_data/float/ok/pickle-bool-True=1.0]
(C) /home/travis/build/smarie/python-parsyfiles/parsyfiles/tests/parsing_capabilities_by_type/primitives_data/float/ok/pickle-bool-True=1.0 (singlefile, .pyc)
File checks done

Building a parsing plan to parse [/home/travis/build/smarie/python-parsyfiles/parsyfiles/tests/parsing_capabilities_by_type/primitives_data/float/ok/pickle-bool-True=1.0] into a float
(B) /home/travis/build/smarie/python-parsyfiles/parsyfiles/tests/parsing_capabilities_by_type/primitives_data/float/ok/pickle-bool-True=1.0.pyc -&gt; float ------- using [Try &apos;$&lt;read_object_from_pickle&gt; =&gt; &lt;bool_to_float&gt;$&apos; then &apos;$&lt;read_object_from_pickle&gt; =&gt; &lt;int_to_float&gt;$&apos; then &apos;$&lt;read_object_from_pickle&gt; =&gt; &lt;str_to_float&gt;$&apos; then &apos;&lt;read_object_from_pickle&gt;]&apos;]
(B)                                                                                                                 |--pickle-bool-True=1.0.pyc -&gt; float ------- using $&lt;read_object_from_pickle&gt; =&gt; &lt;bool_to_float&gt;$
Parsing Plan created successfully

Executing Parsing Plan for [/home/travis/build/smarie/python-parsyfiles/parsyfiles/tests/parsing_capabilities_by_type/primitives_data/float/ok/pickle-bool-True=1.0]
(P) /home/travis/build/smarie/python-parsyfiles/parsyfiles/tests/parsing_capabilities_by_type/primitives_data/float/ok/pickle-bool-True=1.0.pyc -&gt; float ------- using $&lt;read_object_from_pickle&gt; =&gt; &lt;bool_to_float&gt;$
(P)                                                                                                                 |--pickle-bool-True=1.0.pyc -&gt; float SUCCESS !
Completed parsing successfully

1.0==1.0
</system-out></testcase><testcase classname="parsyfiles.tests.parsing_capabilities_by_type.test_parse_primitives" file="parsyfiles/tests/parsing_capabilities_by_type/test_parse_primitives.py" line="179" name="test_parse_by_type[float-ok-pickle-float-10.1=10.1.pyc]" time="0.04289865493774414"><system-out>**** Starting to parse single object of type &lt;float&gt; at location /home/travis/build/smarie/python-parsyfiles/parsyfiles/tests/parsing_capabilities_by_type/primitives_data/float/ok/pickle-float-10.1=10.1 ****
Checking all files under [/home/travis/build/smarie/python-parsyfiles/parsyfiles/tests/parsing_capabilities_by_type/primitives_data/float/ok/pickle-float-10.1=10.1]
(C) /home/travis/build/smarie/python-parsyfiles/parsyfiles/tests/parsing_capabilities_by_type/primitives_data/float/ok/pickle-float-10.1=10.1 (singlefile, .pyc)
File checks done

Building a parsing plan to parse [/home/travis/build/smarie/python-parsyfiles/parsyfiles/tests/parsing_capabilities_by_type/primitives_data/float/ok/pickle-float-10.1=10.1] into a float
(B) /home/travis/build/smarie/python-parsyfiles/parsyfiles/tests/parsing_capabilities_by_type/primitives_data/float/ok/pickle-float-10.1=10.1.pyc -&gt; float ------- using [Try &apos;$&lt;read_object_from_pickle&gt; =&gt; &lt;bool_to_float&gt;$&apos; then &apos;$&lt;read_object_from_pickle&gt; =&gt; &lt;int_to_float&gt;$&apos; then &apos;$&lt;read_object_from_pickle&gt; =&gt; &lt;str_to_float&gt;$&apos; then &apos;&lt;read_object_from_pickle&gt;]&apos;]
(B)                                                                                                                 |--pickle-float-10.1=10.1.pyc -&gt; float ------- using $&lt;read_object_from_pickle&gt; =&gt; &lt;bool_to_float&gt;$
Parsing Plan created successfully

Executing Parsing Plan for [/home/travis/build/smarie/python-parsyfiles/parsyfiles/tests/parsing_capabilities_by_type/primitives_data/float/ok/pickle-float-10.1=10.1]
(P) /home/travis/build/smarie/python-parsyfiles/parsyfiles/tests/parsing_capabilities_by_type/primitives_data/float/ok/pickle-float-10.1=10.1.pyc -&gt; float ------- using $&lt;read_object_from_pickle&gt; =&gt; &lt;bool_to_float&gt;$
  !! Caught error during execution !!
  File &quot;/home/travis/build/smarie/python-parsyfiles/parsyfiles/parsing_core.py&quot;, line 177, in _execute
    self.get_singlefile_encoding(), logger, options)
  File &quot;/home/travis/build/smarie/python-parsyfiles/parsyfiles/parsing_combining_parsers.py&quot;, line 552, in _parse_singlefile
    return self._converter.convert(desired_type, first, logger, options)
  File &quot;/home/travis/build/smarie/python-parsyfiles/parsyfiles/converting_core.py&quot;, line 321, in convert
    raise ConversionException.create_not_able_to_convert(source_obj, self, desired_type)
  ParsingException : Error while parsing /home/travis/build/smarie/python-parsyfiles/parsyfiles/tests/parsing_capabilities_by_type/primitives_data/float/ok/pickle-float-10.1=10.1 (singlefile, .pyc) as a float with parser &apos;$&lt;read_object_from_pickle&gt; =&gt; &lt;bool_to_float&gt;$&apos; using options=({&apos;MultifileCollectionParser&apos;: {&apos;lazy_parsing&apos;: False}}) : caught 
  ConversionException : Converter $&lt;bool_to_float&gt;$ is not able to ingest source value &apos;10.1&apos; of type &apos;float&apos; and/or convert it to type &apos;float&apos;. This can happen in a chain when the previous step in the chain is generic and actually produced  an output of the wrong type/content
Rebuilding local parsing plan with next candidate parser: $&lt;read_object_from_pickle&gt; =&gt; &lt;int_to_float&gt;$
(B)                                                                                                                 |--pickle-float-10.1=10.1.pyc -&gt; float ------- using $&lt;read_object_from_pickle&gt; =&gt; &lt;int_to_float&gt;$
DONE Rebuilding local parsing plan for [/home/travis/build/smarie/python-parsyfiles/parsyfiles/tests/parsing_capabilities_by_type/primitives_data/float/ok/pickle-float-10.1=10.1.pyc]. Resuming parsing...
Executing Parsing Plan for [/home/travis/build/smarie/python-parsyfiles/parsyfiles/tests/parsing_capabilities_by_type/primitives_data/float/ok/pickle-float-10.1=10.1]
(P) /home/travis/build/smarie/python-parsyfiles/parsyfiles/tests/parsing_capabilities_by_type/primitives_data/float/ok/pickle-float-10.1=10.1.pyc -&gt; float ------- using $&lt;read_object_from_pickle&gt; =&gt; &lt;int_to_float&gt;$
  !! Caught error during execution !!
  File &quot;/home/travis/build/smarie/python-parsyfiles/parsyfiles/parsing_core.py&quot;, line 177, in _execute
    self.get_singlefile_encoding(), logger, options)
  File &quot;/home/travis/build/smarie/python-parsyfiles/parsyfiles/parsing_combining_parsers.py&quot;, line 552, in _parse_singlefile
    return self._converter.convert(desired_type, first, logger, options)
  File &quot;/home/travis/build/smarie/python-parsyfiles/parsyfiles/converting_core.py&quot;, line 321, in convert
    raise ConversionException.create_not_able_to_convert(source_obj, self, desired_type)
  ParsingException : Error while parsing /home/travis/build/smarie/python-parsyfiles/parsyfiles/tests/parsing_capabilities_by_type/primitives_data/float/ok/pickle-float-10.1=10.1 (singlefile, .pyc) as a float with parser &apos;$&lt;read_object_from_pickle&gt; =&gt; &lt;int_to_float&gt;$&apos; using options=({&apos;MultifileCollectionParser&apos;: {&apos;lazy_parsing&apos;: False}}) : caught 
  ConversionException : Converter $&lt;int_to_float&gt;$ is not able to ingest source value &apos;10.1&apos; of type &apos;float&apos; and/or convert it to type &apos;float&apos;. This can happen in a chain when the previous step in the chain is generic and actually produced  an output of the wrong type/content
Rebuilding local parsing plan with next candidate parser: $&lt;read_object_from_pickle&gt; =&gt; &lt;str_to_float&gt;$
(B)                                                                                                                 |--pickle-float-10.1=10.1.pyc -&gt; float ------- using $&lt;read_object_from_pickle&gt; =&gt; &lt;str_to_float&gt;$
DONE Rebuilding local parsing plan for [/home/travis/build/smarie/python-parsyfiles/parsyfiles/tests/parsing_capabilities_by_type/primitives_data/float/ok/pickle-float-10.1=10.1.pyc]. Resuming parsing...
Executing Parsing Plan for [/home/travis/build/smarie/python-parsyfiles/parsyfiles/tests/parsing_capabilities_by_type/primitives_data/float/ok/pickle-float-10.1=10.1]
(P) /home/travis/build/smarie/python-parsyfiles/parsyfiles/tests/parsing_capabilities_by_type/primitives_data/float/ok/pickle-float-10.1=10.1.pyc -&gt; float ------- using $&lt;read_object_from_pickle&gt; =&gt; &lt;str_to_float&gt;$
  !! Caught error during execution !!
  File &quot;/home/travis/build/smarie/python-parsyfiles/parsyfiles/parsing_core.py&quot;, line 177, in _execute
    self.get_singlefile_encoding(), logger, options)
  File &quot;/home/travis/build/smarie/python-parsyfiles/parsyfiles/parsing_combining_parsers.py&quot;, line 552, in _parse_singlefile
    return self._converter.convert(desired_type, first, logger, options)
  File &quot;/home/travis/build/smarie/python-parsyfiles/parsyfiles/converting_core.py&quot;, line 321, in convert
    raise ConversionException.create_not_able_to_convert(source_obj, self, desired_type)
  ParsingException : Error while parsing /home/travis/build/smarie/python-parsyfiles/parsyfiles/tests/parsing_capabilities_by_type/primitives_data/float/ok/pickle-float-10.1=10.1 (singlefile, .pyc) as a float with parser &apos;$&lt;read_object_from_pickle&gt; =&gt; &lt;str_to_float&gt;$&apos; using options=({&apos;MultifileCollectionParser&apos;: {&apos;lazy_parsing&apos;: False}}) : caught 
  ConversionException : Converter $&lt;str_to_float&gt;$ is not able to ingest source value &apos;10.1&apos; of type &apos;float&apos; and/or convert it to type &apos;float&apos;. This can happen in a chain when the previous step in the chain is generic and actually produced  an output of the wrong type/content
Rebuilding local parsing plan with next candidate parser: &lt;read_object_from_pickle&gt;
(B)                                                                                                                 |--pickle-float-10.1=10.1.pyc -&gt; float ------- using &lt;read_object_from_pickle&gt;
DONE Rebuilding local parsing plan for [/home/travis/build/smarie/python-parsyfiles/parsyfiles/tests/parsing_capabilities_by_type/primitives_data/float/ok/pickle-float-10.1=10.1.pyc]. Resuming parsing...
Executing Parsing Plan for [/home/travis/build/smarie/python-parsyfiles/parsyfiles/tests/parsing_capabilities_by_type/primitives_data/float/ok/pickle-float-10.1=10.1]
(P) /home/travis/build/smarie/python-parsyfiles/parsyfiles/tests/parsing_capabilities_by_type/primitives_data/float/ok/pickle-float-10.1=10.1.pyc -&gt; float ------- using &lt;read_object_from_pickle&gt;
(P)                                                                                                                 |--pickle-float-10.1=10.1.pyc -&gt; float SUCCESS !
Completed parsing successfully

10.1==10.1
</system-out></testcase><testcase classname="parsyfiles.tests.parsing_capabilities_by_type.test_parse_primitives" file="parsyfiles/tests/parsing_capabilities_by_type/test_parse_primitives.py" line="179" name="test_parse_by_type[float-ok-pickle-float--5.2=-5.2.pyc]" time="0.044840097427368164"><system-out>**** Starting to parse single object of type &lt;float&gt; at location /home/travis/build/smarie/python-parsyfiles/parsyfiles/tests/parsing_capabilities_by_type/primitives_data/float/ok/pickle-float--5.2=-5.2 ****
Checking all files under [/home/travis/build/smarie/python-parsyfiles/parsyfiles/tests/parsing_capabilities_by_type/primitives_data/float/ok/pickle-float--5.2=-5.2]
(C) /home/travis/build/smarie/python-parsyfiles/parsyfiles/tests/parsing_capabilities_by_type/primitives_data/float/ok/pickle-float--5.2=-5.2 (singlefile, .pyc)
File checks done

Building a parsing plan to parse [/home/travis/build/smarie/python-parsyfiles/parsyfiles/tests/parsing_capabilities_by_type/primitives_data/float/ok/pickle-float--5.2=-5.2] into a float
(B) /home/travis/build/smarie/python-parsyfiles/parsyfiles/tests/parsing_capabilities_by_type/primitives_data/float/ok/pickle-float--5.2=-5.2.pyc -&gt; float ------- using [Try &apos;$&lt;read_object_from_pickle&gt; =&gt; &lt;bool_to_float&gt;$&apos; then &apos;$&lt;read_object_from_pickle&gt; =&gt; &lt;int_to_float&gt;$&apos; then &apos;$&lt;read_object_from_pickle&gt; =&gt; &lt;str_to_float&gt;$&apos; then &apos;&lt;read_object_from_pickle&gt;]&apos;]
(B)                                                                                                                 |--pickle-float--5.2=-5.2.pyc -&gt; float ------- using $&lt;read_object_from_pickle&gt; =&gt; &lt;bool_to_float&gt;$
Parsing Plan created successfully

Executing Parsing Plan for [/home/travis/build/smarie/python-parsyfiles/parsyfiles/tests/parsing_capabilities_by_type/primitives_data/float/ok/pickle-float--5.2=-5.2]
(P) /home/travis/build/smarie/python-parsyfiles/parsyfiles/tests/parsing_capabilities_by_type/primitives_data/float/ok/pickle-float--5.2=-5.2.pyc -&gt; float ------- using $&lt;read_object_from_pickle&gt; =&gt; &lt;bool_to_float&gt;$
  !! Caught error during execution !!
  File &quot;/home/travis/build/smarie/python-parsyfiles/parsyfiles/parsing_core.py&quot;, line 177, in _execute
    self.get_singlefile_encoding(), logger, options)
  File &quot;/home/travis/build/smarie/python-parsyfiles/parsyfiles/parsing_combining_parsers.py&quot;, line 552, in _parse_singlefile
    return self._converter.convert(desired_type, first, logger, options)
  File &quot;/home/travis/build/smarie/python-parsyfiles/parsyfiles/converting_core.py&quot;, line 321, in convert
    raise ConversionException.create_not_able_to_convert(source_obj, self, desired_type)
  ParsingException : Error while parsing /home/travis/build/smarie/python-parsyfiles/parsyfiles/tests/parsing_capabilities_by_type/primitives_data/float/ok/pickle-float--5.2=-5.2 (singlefile, .pyc) as a float with parser &apos;$&lt;read_object_from_pickle&gt; =&gt; &lt;bool_to_float&gt;$&apos; using options=({&apos;MultifileCollectionParser&apos;: {&apos;lazy_parsing&apos;: False}}) : caught 
  ConversionException : Converter $&lt;bool_to_float&gt;$ is not able to ingest source value &apos;-5.2&apos; of type &apos;float&apos; and/or convert it to type &apos;float&apos;. This can happen in a chain when the previous step in the chain is generic and actually produced  an output of the wrong type/content
Rebuilding local parsing plan with next candidate parser: $&lt;read_object_from_pickle&gt; =&gt; &lt;int_to_float&gt;$
(B)                                                                                                                 |--pickle-float--5.2=-5.2.pyc -&gt; float ------- using $&lt;read_object_from_pickle&gt; =&gt; &lt;int_to_float&gt;$
DONE Rebuilding local parsing plan for [/home/travis/build/smarie/python-parsyfiles/parsyfiles/tests/parsing_capabilities_by_type/primitives_data/float/ok/pickle-float--5.2=-5.2.pyc]. Resuming parsing...
Executing Parsing Plan for [/home/travis/build/smarie/python-parsyfiles/parsyfiles/tests/parsing_capabilities_by_type/primitives_data/float/ok/pickle-float--5.2=-5.2]
(P) /home/travis/build/smarie/python-parsyfiles/parsyfiles/tests/parsing_capabilities_by_type/primitives_data/float/ok/pickle-float--5.2=-5.2.pyc -&gt; float ------- using $&lt;read_object_from_pickle&gt; =&gt; &lt;int_to_float&gt;$
  !! Caught error during execution !!
  File &quot;/home/travis/build/smarie/python-parsyfiles/parsyfiles/parsing_core.py&quot;, line 177, in _execute
    self.get_singlefile_encoding(), logger, options)
  File &quot;/home/travis/build/smarie/python-parsyfiles/parsyfiles/parsing_combining_parsers.py&quot;, line 552, in _parse_singlefile
    return self._converter.convert(desired_type, first, logger, options)
  File &quot;/home/travis/build/smarie/python-parsyfiles/parsyfiles/converting_core.py&quot;, line 321, in convert
    raise ConversionException.create_not_able_to_convert(source_obj, self, desired_type)
  ParsingException : Error while parsing /home/travis/build/smarie/python-parsyfiles/parsyfiles/tests/parsing_capabilities_by_type/primitives_data/float/ok/pickle-float--5.2=-5.2 (singlefile, .pyc) as a float with parser &apos;$&lt;read_object_from_pickle&gt; =&gt; &lt;int_to_float&gt;$&apos; using options=({&apos;MultifileCollectionParser&apos;: {&apos;lazy_parsing&apos;: False}}) : caught 
  ConversionException : Converter $&lt;int_to_float&gt;$ is not able to ingest source value &apos;-5.2&apos; of type &apos;float&apos; and/or convert it to type &apos;float&apos;. This can happen in a chain when the previous step in the chain is generic and actually produced  an output of the wrong type/content
Rebuilding local parsing plan with next candidate parser: $&lt;read_object_from_pickle&gt; =&gt; &lt;str_to_float&gt;$
(B)                                                                                                                 |--pickle-float--5.2=-5.2.pyc -&gt; float ------- using $&lt;read_object_from_pickle&gt; =&gt; &lt;str_to_float&gt;$
DONE Rebuilding local parsing plan for [/home/travis/build/smarie/python-parsyfiles/parsyfiles/tests/parsing_capabilities_by_type/primitives_data/float/ok/pickle-float--5.2=-5.2.pyc]. Resuming parsing...
Executing Parsing Plan for [/home/travis/build/smarie/python-parsyfiles/parsyfiles/tests/parsing_capabilities_by_type/primitives_data/float/ok/pickle-float--5.2=-5.2]
(P) /home/travis/build/smarie/python-parsyfiles/parsyfiles/tests/parsing_capabilities_by_type/primitives_data/float/ok/pickle-float--5.2=-5.2.pyc -&gt; float ------- using $&lt;read_object_from_pickle&gt; =&gt; &lt;str_to_float&gt;$
  !! Caught error during execution !!
  File &quot;/home/travis/build/smarie/python-parsyfiles/parsyfiles/parsing_core.py&quot;, line 177, in _execute
    self.get_singlefile_encoding(), logger, options)
  File &quot;/home/travis/build/smarie/python-parsyfiles/parsyfiles/parsing_combining_parsers.py&quot;, line 552, in _parse_singlefile
    return self._converter.convert(desired_type, first, logger, options)
  File &quot;/home/travis/build/smarie/python-parsyfiles/parsyfiles/converting_core.py&quot;, line 321, in convert
    raise ConversionException.create_not_able_to_convert(source_obj, self, desired_type)
  ParsingException : Error while parsing /home/travis/build/smarie/python-parsyfiles/parsyfiles/tests/parsing_capabilities_by_type/primitives_data/float/ok/pickle-float--5.2=-5.2 (singlefile, .pyc) as a float with parser &apos;$&lt;read_object_from_pickle&gt; =&gt; &lt;str_to_float&gt;$&apos; using options=({&apos;MultifileCollectionParser&apos;: {&apos;lazy_parsing&apos;: False}}) : caught 
  ConversionException : Converter $&lt;str_to_float&gt;$ is not able to ingest source value &apos;-5.2&apos; of type &apos;float&apos; and/or convert it to type &apos;float&apos;. This can happen in a chain when the previous step in the chain is generic and actually produced  an output of the wrong type/content
Rebuilding local parsing plan with next candidate parser: &lt;read_object_from_pickle&gt;
(B)                                                                                                                 |--pickle-float--5.2=-5.2.pyc -&gt; float ------- using &lt;read_object_from_pickle&gt;
DONE Rebuilding local parsing plan for [/home/travis/build/smarie/python-parsyfiles/parsyfiles/tests/parsing_capabilities_by_type/primitives_data/float/ok/pickle-float--5.2=-5.2.pyc]. Resuming parsing...
Executing Parsing Plan for [/home/travis/build/smarie/python-parsyfiles/parsyfiles/tests/parsing_capabilities_by_type/primitives_data/float/ok/pickle-float--5.2=-5.2]
(P) /home/travis/build/smarie/python-parsyfiles/parsyfiles/tests/parsing_capabilities_by_type/primitives_data/float/ok/pickle-float--5.2=-5.2.pyc -&gt; float ------- using &lt;read_object_from_pickle&gt;
(P)                                                                                                                 |--pickle-float--5.2=-5.2.pyc -&gt; float SUCCESS !
Completed parsing successfully

-5.2==-5.2
</system-out></testcase><testcase classname="parsyfiles.tests.parsing_capabilities_by_type.test_parse_primitives" file="parsyfiles/tests/parsing_capabilities_by_type/test_parse_primitives.py" line="179" name="test_parse_by_type[float-ok-pickle-float-0.0=0.0.pyc]" time="0.03923225402832031"><system-out>**** Starting to parse single object of type &lt;float&gt; at location /home/travis/build/smarie/python-parsyfiles/parsyfiles/tests/parsing_capabilities_by_type/primitives_data/float/ok/pickle-float-0.0=0.0 ****
Checking all files under [/home/travis/build/smarie/python-parsyfiles/parsyfiles/tests/parsing_capabilities_by_type/primitives_data/float/ok/pickle-float-0.0=0.0]
(C) /home/travis/build/smarie/python-parsyfiles/parsyfiles/tests/parsing_capabilities_by_type/primitives_data/float/ok/pickle-float-0.0=0.0 (singlefile, .pyc)
File checks done

Building a parsing plan to parse [/home/travis/build/smarie/python-parsyfiles/parsyfiles/tests/parsing_capabilities_by_type/primitives_data/float/ok/pickle-float-0.0=0.0] into a float
(B) /home/travis/build/smarie/python-parsyfiles/parsyfiles/tests/parsing_capabilities_by_type/primitives_data/float/ok/pickle-float-0.0=0.0.pyc -&gt; float ------- using [Try &apos;$&lt;read_object_from_pickle&gt; =&gt; &lt;bool_to_float&gt;$&apos; then &apos;$&lt;read_object_from_pickle&gt; =&gt; &lt;int_to_float&gt;$&apos; then &apos;$&lt;read_object_from_pickle&gt; =&gt; &lt;str_to_float&gt;$&apos; then &apos;&lt;read_object_from_pickle&gt;]&apos;]
(B)                                                                                                                 |--pickle-float-0.0=0.0.pyc -&gt; float ------- using $&lt;read_object_from_pickle&gt; =&gt; &lt;bool_to_float&gt;$
Parsing Plan created successfully

Executing Parsing Plan for [/home/travis/build/smarie/python-parsyfiles/parsyfiles/tests/parsing_capabilities_by_type/primitives_data/float/ok/pickle-float-0.0=0.0]
(P) /home/travis/build/smarie/python-parsyfiles/parsyfiles/tests/parsing_capabilities_by_type/primitives_data/float/ok/pickle-float-0.0=0.0.pyc -&gt; float ------- using $&lt;read_object_from_pickle&gt; =&gt; &lt;bool_to_float&gt;$
  !! Caught error during execution !!
  File &quot;/home/travis/build/smarie/python-parsyfiles/parsyfiles/parsing_core.py&quot;, line 177, in _execute
    self.get_singlefile_encoding(), logger, options)
  File &quot;/home/travis/build/smarie/python-parsyfiles/parsyfiles/parsing_combining_parsers.py&quot;, line 552, in _parse_singlefile
    return self._converter.convert(desired_type, first, logger, options)
  File &quot;/home/travis/build/smarie/python-parsyfiles/parsyfiles/converting_core.py&quot;, line 321, in convert
    raise ConversionException.create_not_able_to_convert(source_obj, self, desired_type)
  ParsingException : Error while parsing /home/travis/build/smarie/python-parsyfiles/parsyfiles/tests/parsing_capabilities_by_type/primitives_data/float/ok/pickle-float-0.0=0.0 (singlefile, .pyc) as a float with parser &apos;$&lt;read_object_from_pickle&gt; =&gt; &lt;bool_to_float&gt;$&apos; using options=({&apos;MultifileCollectionParser&apos;: {&apos;lazy_parsing&apos;: False}}) : caught 
  ConversionException : Converter $&lt;bool_to_float&gt;$ is not able to ingest source value &apos;0.0&apos; of type &apos;float&apos; and/or convert it to type &apos;float&apos;. This can happen in a chain when the previous step in the chain is generic and actually produced  an output of the wrong type/content
Rebuilding local parsing plan with next candidate parser: $&lt;read_object_from_pickle&gt; =&gt; &lt;int_to_float&gt;$
(B)                                                                                                                 |--pickle-float-0.0=0.0.pyc -&gt; float ------- using $&lt;read_object_from_pickle&gt; =&gt; &lt;int_to_float&gt;$
DONE Rebuilding local parsing plan for [/home/travis/build/smarie/python-parsyfiles/parsyfiles/tests/parsing_capabilities_by_type/primitives_data/float/ok/pickle-float-0.0=0.0.pyc]. Resuming parsing...
Executing Parsing Plan for [/home/travis/build/smarie/python-parsyfiles/parsyfiles/tests/parsing_capabilities_by_type/primitives_data/float/ok/pickle-float-0.0=0.0]
(P) /home/travis/build/smarie/python-parsyfiles/parsyfiles/tests/parsing_capabilities_by_type/primitives_data/float/ok/pickle-float-0.0=0.0.pyc -&gt; float ------- using $&lt;read_object_from_pickle&gt; =&gt; &lt;int_to_float&gt;$
  !! Caught error during execution !!
  File &quot;/home/travis/build/smarie/python-parsyfiles/parsyfiles/parsing_core.py&quot;, line 177, in _execute
    self.get_singlefile_encoding(), logger, options)
  File &quot;/home/travis/build/smarie/python-parsyfiles/parsyfiles/parsing_combining_parsers.py&quot;, line 552, in _parse_singlefile
    return self._converter.convert(desired_type, first, logger, options)
  File &quot;/home/travis/build/smarie/python-parsyfiles/parsyfiles/converting_core.py&quot;, line 321, in convert
    raise ConversionException.create_not_able_to_convert(source_obj, self, desired_type)
  ParsingException : Error while parsing /home/travis/build/smarie/python-parsyfiles/parsyfiles/tests/parsing_capabilities_by_type/primitives_data/float/ok/pickle-float-0.0=0.0 (singlefile, .pyc) as a float with parser &apos;$&lt;read_object_from_pickle&gt; =&gt; &lt;int_to_float&gt;$&apos; using options=({&apos;MultifileCollectionParser&apos;: {&apos;lazy_parsing&apos;: False}}) : caught 
  ConversionException : Converter $&lt;int_to_float&gt;$ is not able to ingest source value &apos;0.0&apos; of type &apos;float&apos; and/or convert it to type &apos;float&apos;. This can happen in a chain when the previous step in the chain is generic and actually produced  an output of the wrong type/content
Rebuilding local parsing plan with next candidate parser: $&lt;read_object_from_pickle&gt; =&gt; &lt;str_to_float&gt;$
(B)                                                                                                                 |--pickle-float-0.0=0.0.pyc -&gt; float ------- using $&lt;read_object_from_pickle&gt; =&gt; &lt;str_to_float&gt;$
DONE Rebuilding local parsing plan for [/home/travis/build/smarie/python-parsyfiles/parsyfiles/tests/parsing_capabilities_by_type/primitives_data/float/ok/pickle-float-0.0=0.0.pyc]. Resuming parsing...
Executing Parsing Plan for [/home/travis/build/smarie/python-parsyfiles/parsyfiles/tests/parsing_capabilities_by_type/primitives_data/float/ok/pickle-float-0.0=0.0]
(P) /home/travis/build/smarie/python-parsyfiles/parsyfiles/tests/parsing_capabilities_by_type/primitives_data/float/ok/pickle-float-0.0=0.0.pyc -&gt; float ------- using $&lt;read_object_from_pickle&gt; =&gt; &lt;str_to_float&gt;$
  !! Caught error during execution !!
  File &quot;/home/travis/build/smarie/python-parsyfiles/parsyfiles/parsing_core.py&quot;, line 177, in _execute
    self.get_singlefile_encoding(), logger, options)
  File &quot;/home/travis/build/smarie/python-parsyfiles/parsyfiles/parsing_combining_parsers.py&quot;, line 552, in _parse_singlefile
    return self._converter.convert(desired_type, first, logger, options)
  File &quot;/home/travis/build/smarie/python-parsyfiles/parsyfiles/converting_core.py&quot;, line 321, in convert
    raise ConversionException.create_not_able_to_convert(source_obj, self, desired_type)
  ParsingException : Error while parsing /home/travis/build/smarie/python-parsyfiles/parsyfiles/tests/parsing_capabilities_by_type/primitives_data/float/ok/pickle-float-0.0=0.0 (singlefile, .pyc) as a float with parser &apos;$&lt;read_object_from_pickle&gt; =&gt; &lt;str_to_float&gt;$&apos; using options=({&apos;MultifileCollectionParser&apos;: {&apos;lazy_parsing&apos;: False}}) : caught 
  ConversionException : Converter $&lt;str_to_float&gt;$ is not able to ingest source value &apos;0.0&apos; of type &apos;float&apos; and/or convert it to type &apos;float&apos;. This can happen in a chain when the previous step in the chain is generic and actually produced  an output of the wrong type/content
Rebuilding local parsing plan with next candidate parser: &lt;read_object_from_pickle&gt;
(B)                                                                                                                 |--pickle-float-0.0=0.0.pyc -&gt; float ------- using &lt;read_object_from_pickle&gt;
DONE Rebuilding local parsing plan for [/home/travis/build/smarie/python-parsyfiles/parsyfiles/tests/parsing_capabilities_by_type/primitives_data/float/ok/pickle-float-0.0=0.0.pyc]. Resuming parsing...
Executing Parsing Plan for [/home/travis/build/smarie/python-parsyfiles/parsyfiles/tests/parsing_capabilities_by_type/primitives_data/float/ok/pickle-float-0.0=0.0]
(P) /home/travis/build/smarie/python-parsyfiles/parsyfiles/tests/parsing_capabilities_by_type/primitives_data/float/ok/pickle-float-0.0=0.0.pyc -&gt; float ------- using &lt;read_object_from_pickle&gt;
(P)                                                                                                                 |--pickle-float-0.0=0.0.pyc -&gt; float SUCCESS !
Completed parsing successfully

0.0==0.0
</system-out></testcase><testcase classname="parsyfiles.tests.parsing_capabilities_by_type.test_parse_primitives" file="parsyfiles/tests/parsing_capabilities_by_type/test_parse_primitives.py" line="179" name="test_parse_by_type[float-ok-txt-int--2=-2.0.txt]" time="0.03469395637512207"><system-out>**** Starting to parse single object of type &lt;float&gt; at location /home/travis/build/smarie/python-parsyfiles/parsyfiles/tests/parsing_capabilities_by_type/primitives_data/float/ok/txt-int--2=-2.0 ****
Checking all files under [/home/travis/build/smarie/python-parsyfiles/parsyfiles/tests/parsing_capabilities_by_type/primitives_data/float/ok/txt-int--2=-2.0]
(C) /home/travis/build/smarie/python-parsyfiles/parsyfiles/tests/parsing_capabilities_by_type/primitives_data/float/ok/txt-int--2=-2.0 (singlefile, .txt)
File checks done

Building a parsing plan to parse [/home/travis/build/smarie/python-parsyfiles/parsyfiles/tests/parsing_capabilities_by_type/primitives_data/float/ok/txt-int--2=-2.0] into a float
(B) /home/travis/build/smarie/python-parsyfiles/parsyfiles/tests/parsing_capabilities_by_type/primitives_data/float/ok/txt-int--2=-2.0.txt -&gt; float ------- using [Try &apos;$&lt;read_str_from_txt&gt; =&gt; &lt;str_to_float&gt;$&apos; then &apos;$&lt;read_str_from_txt&gt; =&gt; &lt;base64_ascii_str_pickle_to_object&gt; -&gt; &lt;bool_to_float&gt;$&apos; then &apos;$&lt;read_str_from_txt&gt; =&gt; &lt;base64_ascii_str_pickle_to_object&gt; -&gt; &lt;int_to_float&gt;$&apos; then &apos;$&lt;read_str_from_txt&gt; =&gt; &lt;base64_ascii_str_pickle_to_object&gt; -&gt; &lt;str_to_float&gt;$&apos; then &apos;$&lt;read_str_from_txt&gt; =&gt; &lt;base64_ascii_str_pickle_to_object&gt;$]&apos;]
(B)                                                                                                                 |--txt-int--2=-2.0.txt -&gt; float ------- using $&lt;read_str_from_txt&gt; =&gt; &lt;str_to_float&gt;$
Parsing Plan created successfully

Executing Parsing Plan for [/home/travis/build/smarie/python-parsyfiles/parsyfiles/tests/parsing_capabilities_by_type/primitives_data/float/ok/txt-int--2=-2.0]
(P) /home/travis/build/smarie/python-parsyfiles/parsyfiles/tests/parsing_capabilities_by_type/primitives_data/float/ok/txt-int--2=-2.0.txt -&gt; float ------- using $&lt;read_str_from_txt&gt; =&gt; &lt;str_to_float&gt;$
(P)                                                                                                                 |--txt-int--2=-2.0.txt -&gt; float SUCCESS !
Completed parsing successfully

-2.0==-2.0
</system-out></testcase><testcase classname="parsyfiles.tests.parsing_capabilities_by_type.test_parse_primitives" file="parsyfiles/tests/parsing_capabilities_by_type/test_parse_primitives.py" line="179" name="test_parse_by_type[float-ok-txt-float-0.0=0.0.txt]" time="0.0310823917388916"><system-out>**** Starting to parse single object of type &lt;float&gt; at location /home/travis/build/smarie/python-parsyfiles/parsyfiles/tests/parsing_capabilities_by_type/primitives_data/float/ok/txt-float-0.0=0.0 ****
Checking all files under [/home/travis/build/smarie/python-parsyfiles/parsyfiles/tests/parsing_capabilities_by_type/primitives_data/float/ok/txt-float-0.0=0.0]
(C) /home/travis/build/smarie/python-parsyfiles/parsyfiles/tests/parsing_capabilities_by_type/primitives_data/float/ok/txt-float-0.0=0.0 (singlefile, .txt)
File checks done

Building a parsing plan to parse [/home/travis/build/smarie/python-parsyfiles/parsyfiles/tests/parsing_capabilities_by_type/primitives_data/float/ok/txt-float-0.0=0.0] into a float
(B) /home/travis/build/smarie/python-parsyfiles/parsyfiles/tests/parsing_capabilities_by_type/primitives_data/float/ok/txt-float-0.0=0.0.txt -&gt; float ------- using [Try &apos;$&lt;read_str_from_txt&gt; =&gt; &lt;str_to_float&gt;$&apos; then &apos;$&lt;read_str_from_txt&gt; =&gt; &lt;base64_ascii_str_pickle_to_object&gt; -&gt; &lt;bool_to_float&gt;$&apos; then &apos;$&lt;read_str_from_txt&gt; =&gt; &lt;base64_ascii_str_pickle_to_object&gt; -&gt; &lt;int_to_float&gt;$&apos; then &apos;$&lt;read_str_from_txt&gt; =&gt; &lt;base64_ascii_str_pickle_to_object&gt; -&gt; &lt;str_to_float&gt;$&apos; then &apos;$&lt;read_str_from_txt&gt; =&gt; &lt;base64_ascii_str_pickle_to_object&gt;$]&apos;]
(B)                                                                                                                 |--txt-float-0.0=0.0.txt -&gt; float ------- using $&lt;read_str_from_txt&gt; =&gt; &lt;str_to_float&gt;$
Parsing Plan created successfully

Executing Parsing Plan for [/home/travis/build/smarie/python-parsyfiles/parsyfiles/tests/parsing_capabilities_by_type/primitives_data/float/ok/txt-float-0.0=0.0]
(P) /home/travis/build/smarie/python-parsyfiles/parsyfiles/tests/parsing_capabilities_by_type/primitives_data/float/ok/txt-float-0.0=0.0.txt -&gt; float ------- using $&lt;read_str_from_txt&gt; =&gt; &lt;str_to_float&gt;$
(P)                                                                                                                 |--txt-float-0.0=0.0.txt -&gt; float SUCCESS !
Completed parsing successfully

0.0==0.0
</system-out></testcase><testcase classname="parsyfiles.tests.parsing_capabilities_by_type.test_parse_primitives" file="parsyfiles/tests/parsing_capabilities_by_type/test_parse_primitives.py" line="179" name="test_parse_by_type[float-ok-txt-int-0=0.0.txt]" time="0.033483266830444336"><system-out>**** Starting to parse single object of type &lt;float&gt; at location /home/travis/build/smarie/python-parsyfiles/parsyfiles/tests/parsing_capabilities_by_type/primitives_data/float/ok/txt-int-0=0.0 ****
Checking all files under [/home/travis/build/smarie/python-parsyfiles/parsyfiles/tests/parsing_capabilities_by_type/primitives_data/float/ok/txt-int-0=0.0]
(C) /home/travis/build/smarie/python-parsyfiles/parsyfiles/tests/parsing_capabilities_by_type/primitives_data/float/ok/txt-int-0=0.0 (singlefile, .txt)
File checks done

Building a parsing plan to parse [/home/travis/build/smarie/python-parsyfiles/parsyfiles/tests/parsing_capabilities_by_type/primitives_data/float/ok/txt-int-0=0.0] into a float
(B) /home/travis/build/smarie/python-parsyfiles/parsyfiles/tests/parsing_capabilities_by_type/primitives_data/float/ok/txt-int-0=0.0.txt -&gt; float ------- using [Try &apos;$&lt;read_str_from_txt&gt; =&gt; &lt;str_to_float&gt;$&apos; then &apos;$&lt;read_str_from_txt&gt; =&gt; &lt;base64_ascii_str_pickle_to_object&gt; -&gt; &lt;bool_to_float&gt;$&apos; then &apos;$&lt;read_str_from_txt&gt; =&gt; &lt;base64_ascii_str_pickle_to_object&gt; -&gt; &lt;int_to_float&gt;$&apos; then &apos;$&lt;read_str_from_txt&gt; =&gt; &lt;base64_ascii_str_pickle_to_object&gt; -&gt; &lt;str_to_float&gt;$&apos; then &apos;$&lt;read_str_from_txt&gt; =&gt; &lt;base64_ascii_str_pickle_to_object&gt;$]&apos;]
(B)                                                                                                                 |--txt-int-0=0.0.txt -&gt; float ------- using $&lt;read_str_from_txt&gt; =&gt; &lt;str_to_float&gt;$
Parsing Plan created successfully

Executing Parsing Plan for [/home/travis/build/smarie/python-parsyfiles/parsyfiles/tests/parsing_capabilities_by_type/primitives_data/float/ok/txt-int-0=0.0]
(P) /home/travis/build/smarie/python-parsyfiles/parsyfiles/tests/parsing_capabilities_by_type/primitives_data/float/ok/txt-int-0=0.0.txt -&gt; float ------- using $&lt;read_str_from_txt&gt; =&gt; &lt;str_to_float&gt;$
(P)                                                                                                                 |--txt-int-0=0.0.txt -&gt; float SUCCESS !
Completed parsing successfully

0.0==0.0
</system-out></testcase><testcase classname="parsyfiles.tests.parsing_capabilities_by_type.test_parse_primitives" file="parsyfiles/tests/parsing_capabilities_by_type/test_parse_primitives.py" line="179" name="test_parse_by_type[float-ok-pickle-int--2=-2.0.pyc]" time="0.03425860404968262"><system-out>**** Starting to parse single object of type &lt;float&gt; at location /home/travis/build/smarie/python-parsyfiles/parsyfiles/tests/parsing_capabilities_by_type/primitives_data/float/ok/pickle-int--2=-2.0 ****
Checking all files under [/home/travis/build/smarie/python-parsyfiles/parsyfiles/tests/parsing_capabilities_by_type/primitives_data/float/ok/pickle-int--2=-2.0]
(C) /home/travis/build/smarie/python-parsyfiles/parsyfiles/tests/parsing_capabilities_by_type/primitives_data/float/ok/pickle-int--2=-2.0 (singlefile, .pyc)
File checks done

Building a parsing plan to parse [/home/travis/build/smarie/python-parsyfiles/parsyfiles/tests/parsing_capabilities_by_type/primitives_data/float/ok/pickle-int--2=-2.0] into a float
(B) /home/travis/build/smarie/python-parsyfiles/parsyfiles/tests/parsing_capabilities_by_type/primitives_data/float/ok/pickle-int--2=-2.0.pyc -&gt; float ------- using [Try &apos;$&lt;read_object_from_pickle&gt; =&gt; &lt;bool_to_float&gt;$&apos; then &apos;$&lt;read_object_from_pickle&gt; =&gt; &lt;int_to_float&gt;$&apos; then &apos;$&lt;read_object_from_pickle&gt; =&gt; &lt;str_to_float&gt;$&apos; then &apos;&lt;read_object_from_pickle&gt;]&apos;]
(B)                                                                                                                 |--pickle-int--2=-2.0.pyc -&gt; float ------- using $&lt;read_object_from_pickle&gt; =&gt; &lt;bool_to_float&gt;$
Parsing Plan created successfully

Executing Parsing Plan for [/home/travis/build/smarie/python-parsyfiles/parsyfiles/tests/parsing_capabilities_by_type/primitives_data/float/ok/pickle-int--2=-2.0]
(P) /home/travis/build/smarie/python-parsyfiles/parsyfiles/tests/parsing_capabilities_by_type/primitives_data/float/ok/pickle-int--2=-2.0.pyc -&gt; float ------- using $&lt;read_object_from_pickle&gt; =&gt; &lt;bool_to_float&gt;$
  !! Caught error during execution !!
  File &quot;/home/travis/build/smarie/python-parsyfiles/parsyfiles/parsing_core.py&quot;, line 177, in _execute
    self.get_singlefile_encoding(), logger, options)
  File &quot;/home/travis/build/smarie/python-parsyfiles/parsyfiles/parsing_combining_parsers.py&quot;, line 552, in _parse_singlefile
    return self._converter.convert(desired_type, first, logger, options)
  File &quot;/home/travis/build/smarie/python-parsyfiles/parsyfiles/converting_core.py&quot;, line 321, in convert
    raise ConversionException.create_not_able_to_convert(source_obj, self, desired_type)
  ParsingException : Error while parsing /home/travis/build/smarie/python-parsyfiles/parsyfiles/tests/parsing_capabilities_by_type/primitives_data/float/ok/pickle-int--2=-2.0 (singlefile, .pyc) as a float with parser &apos;$&lt;read_object_from_pickle&gt; =&gt; &lt;bool_to_float&gt;$&apos; using options=({&apos;MultifileCollectionParser&apos;: {&apos;lazy_parsing&apos;: False}}) : caught 
  ConversionException : Converter $&lt;bool_to_float&gt;$ is not able to ingest source value &apos;-2&apos; of type &apos;int&apos; and/or convert it to type &apos;float&apos;. This can happen in a chain when the previous step in the chain is generic and actually produced  an output of the wrong type/content
Rebuilding local parsing plan with next candidate parser: $&lt;read_object_from_pickle&gt; =&gt; &lt;int_to_float&gt;$
(B)                                                                                                                 |--pickle-int--2=-2.0.pyc -&gt; float ------- using $&lt;read_object_from_pickle&gt; =&gt; &lt;int_to_float&gt;$
DONE Rebuilding local parsing plan for [/home/travis/build/smarie/python-parsyfiles/parsyfiles/tests/parsing_capabilities_by_type/primitives_data/float/ok/pickle-int--2=-2.0.pyc]. Resuming parsing...
Executing Parsing Plan for [/home/travis/build/smarie/python-parsyfiles/parsyfiles/tests/parsing_capabilities_by_type/primitives_data/float/ok/pickle-int--2=-2.0]
(P) /home/travis/build/smarie/python-parsyfiles/parsyfiles/tests/parsing_capabilities_by_type/primitives_data/float/ok/pickle-int--2=-2.0.pyc -&gt; float ------- using $&lt;read_object_from_pickle&gt; =&gt; &lt;int_to_float&gt;$
(P)                                                                                                                 |--pickle-int--2=-2.0.pyc -&gt; float SUCCESS !
Completed parsing successfully

-2.0==-2.0
</system-out></testcase><testcase classname="parsyfiles.tests.parsing_capabilities_by_type.test_parse_primitives" file="parsyfiles/tests/parsing_capabilities_by_type/test_parse_primitives.py" line="179" name="test_parse_by_type[float-ok-pickle-int-0=0.0.pyc]" time="0.03287458419799805"><system-out>**** Starting to parse single object of type &lt;float&gt; at location /home/travis/build/smarie/python-parsyfiles/parsyfiles/tests/parsing_capabilities_by_type/primitives_data/float/ok/pickle-int-0=0.0 ****
Checking all files under [/home/travis/build/smarie/python-parsyfiles/parsyfiles/tests/parsing_capabilities_by_type/primitives_data/float/ok/pickle-int-0=0.0]
(C) /home/travis/build/smarie/python-parsyfiles/parsyfiles/tests/parsing_capabilities_by_type/primitives_data/float/ok/pickle-int-0=0.0 (singlefile, .pyc)
File checks done

Building a parsing plan to parse [/home/travis/build/smarie/python-parsyfiles/parsyfiles/tests/parsing_capabilities_by_type/primitives_data/float/ok/pickle-int-0=0.0] into a float
(B) /home/travis/build/smarie/python-parsyfiles/parsyfiles/tests/parsing_capabilities_by_type/primitives_data/float/ok/pickle-int-0=0.0.pyc -&gt; float ------- using [Try &apos;$&lt;read_object_from_pickle&gt; =&gt; &lt;bool_to_float&gt;$&apos; then &apos;$&lt;read_object_from_pickle&gt; =&gt; &lt;int_to_float&gt;$&apos; then &apos;$&lt;read_object_from_pickle&gt; =&gt; &lt;str_to_float&gt;$&apos; then &apos;&lt;read_object_from_pickle&gt;]&apos;]
(B)                                                                                                                 |--pickle-int-0=0.0.pyc -&gt; float ------- using $&lt;read_object_from_pickle&gt; =&gt; &lt;bool_to_float&gt;$
Parsing Plan created successfully

Executing Parsing Plan for [/home/travis/build/smarie/python-parsyfiles/parsyfiles/tests/parsing_capabilities_by_type/primitives_data/float/ok/pickle-int-0=0.0]
(P) /home/travis/build/smarie/python-parsyfiles/parsyfiles/tests/parsing_capabilities_by_type/primitives_data/float/ok/pickle-int-0=0.0.pyc -&gt; float ------- using $&lt;read_object_from_pickle&gt; =&gt; &lt;bool_to_float&gt;$
  !! Caught error during execution !!
  File &quot;/home/travis/build/smarie/python-parsyfiles/parsyfiles/parsing_core.py&quot;, line 177, in _execute
    self.get_singlefile_encoding(), logger, options)
  File &quot;/home/travis/build/smarie/python-parsyfiles/parsyfiles/parsing_combining_parsers.py&quot;, line 552, in _parse_singlefile
    return self._converter.convert(desired_type, first, logger, options)
  File &quot;/home/travis/build/smarie/python-parsyfiles/parsyfiles/converting_core.py&quot;, line 321, in convert
    raise ConversionException.create_not_able_to_convert(source_obj, self, desired_type)
  ParsingException : Error while parsing /home/travis/build/smarie/python-parsyfiles/parsyfiles/tests/parsing_capabilities_by_type/primitives_data/float/ok/pickle-int-0=0.0 (singlefile, .pyc) as a float with parser &apos;$&lt;read_object_from_pickle&gt; =&gt; &lt;bool_to_float&gt;$&apos; using options=({&apos;MultifileCollectionParser&apos;: {&apos;lazy_parsing&apos;: False}}) : caught 
  ConversionException : Converter $&lt;bool_to_float&gt;$ is not able to ingest source value &apos;0&apos; of type &apos;int&apos; and/or convert it to type &apos;float&apos;. This can happen in a chain when the previous step in the chain is generic and actually produced  an output of the wrong type/content
Rebuilding local parsing plan with next candidate parser: $&lt;read_object_from_pickle&gt; =&gt; &lt;int_to_float&gt;$
(B)                                                                                                                 |--pickle-int-0=0.0.pyc -&gt; float ------- using $&lt;read_object_from_pickle&gt; =&gt; &lt;int_to_float&gt;$
DONE Rebuilding local parsing plan for [/home/travis/build/smarie/python-parsyfiles/parsyfiles/tests/parsing_capabilities_by_type/primitives_data/float/ok/pickle-int-0=0.0.pyc]. Resuming parsing...
Executing Parsing Plan for [/home/travis/build/smarie/python-parsyfiles/parsyfiles/tests/parsing_capabilities_by_type/primitives_data/float/ok/pickle-int-0=0.0]
(P) /home/travis/build/smarie/python-parsyfiles/parsyfiles/tests/parsing_capabilities_by_type/primitives_data/float/ok/pickle-int-0=0.0.pyc -&gt; float ------- using $&lt;read_object_from_pickle&gt; =&gt; &lt;int_to_float&gt;$
(P)                                                                                                                 |--pickle-int-0=0.0.pyc -&gt; float SUCCESS !
Completed parsing successfully

0.0==0.0
</system-out></testcase><testcase classname="parsyfiles.tests.parsing_capabilities_by_type.test_parse_primitives" file="parsyfiles/tests/parsing_capabilities_by_type/test_parse_primitives.py" line="179" name="test_parse_by_type[float-ok-txt-int-5=5.0.txt]" time="0.03227686882019043"><system-out>**** Starting to parse single object of type &lt;float&gt; at location /home/travis/build/smarie/python-parsyfiles/parsyfiles/tests/parsing_capabilities_by_type/primitives_data/float/ok/txt-int-5=5.0 ****
Checking all files under [/home/travis/build/smarie/python-parsyfiles/parsyfiles/tests/parsing_capabilities_by_type/primitives_data/float/ok/txt-int-5=5.0]
(C) /home/travis/build/smarie/python-parsyfiles/parsyfiles/tests/parsing_capabilities_by_type/primitives_data/float/ok/txt-int-5=5.0 (singlefile, .txt)
File checks done

Building a parsing plan to parse [/home/travis/build/smarie/python-parsyfiles/parsyfiles/tests/parsing_capabilities_by_type/primitives_data/float/ok/txt-int-5=5.0] into a float
(B) /home/travis/build/smarie/python-parsyfiles/parsyfiles/tests/parsing_capabilities_by_type/primitives_data/float/ok/txt-int-5=5.0.txt -&gt; float ------- using [Try &apos;$&lt;read_str_from_txt&gt; =&gt; &lt;str_to_float&gt;$&apos; then &apos;$&lt;read_str_from_txt&gt; =&gt; &lt;base64_ascii_str_pickle_to_object&gt; -&gt; &lt;bool_to_float&gt;$&apos; then &apos;$&lt;read_str_from_txt&gt; =&gt; &lt;base64_ascii_str_pickle_to_object&gt; -&gt; &lt;int_to_float&gt;$&apos; then &apos;$&lt;read_str_from_txt&gt; =&gt; &lt;base64_ascii_str_pickle_to_object&gt; -&gt; &lt;str_to_float&gt;$&apos; then &apos;$&lt;read_str_from_txt&gt; =&gt; &lt;base64_ascii_str_pickle_to_object&gt;$]&apos;]
(B)                                                                                                                 |--txt-int-5=5.0.txt -&gt; float ------- using $&lt;read_str_from_txt&gt; =&gt; &lt;str_to_float&gt;$
Parsing Plan created successfully

Executing Parsing Plan for [/home/travis/build/smarie/python-parsyfiles/parsyfiles/tests/parsing_capabilities_by_type/primitives_data/float/ok/txt-int-5=5.0]
(P) /home/travis/build/smarie/python-parsyfiles/parsyfiles/tests/parsing_capabilities_by_type/primitives_data/float/ok/txt-int-5=5.0.txt -&gt; float ------- using $&lt;read_str_from_txt&gt; =&gt; &lt;str_to_float&gt;$
(P)                                                                                                                 |--txt-int-5=5.0.txt -&gt; float SUCCESS !
Completed parsing successfully

5.0==5.0
</system-out></testcase><testcase classname="parsyfiles.tests.parsing_capabilities_by_type.test_parse_primitives" file="parsyfiles/tests/parsing_capabilities_by_type/test_parse_primitives.py" line="179" name="test_parse_by_type[float-ok-pickle-int-5=5.0.pyc]" time="0.03235459327697754"><system-out>**** Starting to parse single object of type &lt;float&gt; at location /home/travis/build/smarie/python-parsyfiles/parsyfiles/tests/parsing_capabilities_by_type/primitives_data/float/ok/pickle-int-5=5.0 ****
Checking all files under [/home/travis/build/smarie/python-parsyfiles/parsyfiles/tests/parsing_capabilities_by_type/primitives_data/float/ok/pickle-int-5=5.0]
(C) /home/travis/build/smarie/python-parsyfiles/parsyfiles/tests/parsing_capabilities_by_type/primitives_data/float/ok/pickle-int-5=5.0 (singlefile, .pyc)
File checks done

Building a parsing plan to parse [/home/travis/build/smarie/python-parsyfiles/parsyfiles/tests/parsing_capabilities_by_type/primitives_data/float/ok/pickle-int-5=5.0] into a float
(B) /home/travis/build/smarie/python-parsyfiles/parsyfiles/tests/parsing_capabilities_by_type/primitives_data/float/ok/pickle-int-5=5.0.pyc -&gt; float ------- using [Try &apos;$&lt;read_object_from_pickle&gt; =&gt; &lt;bool_to_float&gt;$&apos; then &apos;$&lt;read_object_from_pickle&gt; =&gt; &lt;int_to_float&gt;$&apos; then &apos;$&lt;read_object_from_pickle&gt; =&gt; &lt;str_to_float&gt;$&apos; then &apos;&lt;read_object_from_pickle&gt;]&apos;]
(B)                                                                                                                 |--pickle-int-5=5.0.pyc -&gt; float ------- using $&lt;read_object_from_pickle&gt; =&gt; &lt;bool_to_float&gt;$
Parsing Plan created successfully

Executing Parsing Plan for [/home/travis/build/smarie/python-parsyfiles/parsyfiles/tests/parsing_capabilities_by_type/primitives_data/float/ok/pickle-int-5=5.0]
(P) /home/travis/build/smarie/python-parsyfiles/parsyfiles/tests/parsing_capabilities_by_type/primitives_data/float/ok/pickle-int-5=5.0.pyc -&gt; float ------- using $&lt;read_object_from_pickle&gt; =&gt; &lt;bool_to_float&gt;$
  !! Caught error during execution !!
  File &quot;/home/travis/build/smarie/python-parsyfiles/parsyfiles/parsing_core.py&quot;, line 177, in _execute
    self.get_singlefile_encoding(), logger, options)
  File &quot;/home/travis/build/smarie/python-parsyfiles/parsyfiles/parsing_combining_parsers.py&quot;, line 552, in _parse_singlefile
    return self._converter.convert(desired_type, first, logger, options)
  File &quot;/home/travis/build/smarie/python-parsyfiles/parsyfiles/converting_core.py&quot;, line 321, in convert
    raise ConversionException.create_not_able_to_convert(source_obj, self, desired_type)
  ParsingException : Error while parsing /home/travis/build/smarie/python-parsyfiles/parsyfiles/tests/parsing_capabilities_by_type/primitives_data/float/ok/pickle-int-5=5.0 (singlefile, .pyc) as a float with parser &apos;$&lt;read_object_from_pickle&gt; =&gt; &lt;bool_to_float&gt;$&apos; using options=({&apos;MultifileCollectionParser&apos;: {&apos;lazy_parsing&apos;: False}}) : caught 
  ConversionException : Converter $&lt;bool_to_float&gt;$ is not able to ingest source value &apos;5&apos; of type &apos;int&apos; and/or convert it to type &apos;float&apos;. This can happen in a chain when the previous step in the chain is generic and actually produced  an output of the wrong type/content
Rebuilding local parsing plan with next candidate parser: $&lt;read_object_from_pickle&gt; =&gt; &lt;int_to_float&gt;$
(B)                                                                                                                 |--pickle-int-5=5.0.pyc -&gt; float ------- using $&lt;read_object_from_pickle&gt; =&gt; &lt;int_to_float&gt;$
DONE Rebuilding local parsing plan for [/home/travis/build/smarie/python-parsyfiles/parsyfiles/tests/parsing_capabilities_by_type/primitives_data/float/ok/pickle-int-5=5.0.pyc]. Resuming parsing...
Executing Parsing Plan for [/home/travis/build/smarie/python-parsyfiles/parsyfiles/tests/parsing_capabilities_by_type/primitives_data/float/ok/pickle-int-5=5.0]
(P) /home/travis/build/smarie/python-parsyfiles/parsyfiles/tests/parsing_capabilities_by_type/primitives_data/float/ok/pickle-int-5=5.0.pyc -&gt; float ------- using $&lt;read_object_from_pickle&gt; =&gt; &lt;int_to_float&gt;$
(P)                                                                                                                 |--pickle-int-5=5.0.pyc -&gt; float SUCCESS !
Completed parsing successfully

5.0==5.0
</system-out></testcase><testcase classname="parsyfiles.tests.parsing_capabilities_by_type.test_parse_primitives" file="parsyfiles/tests/parsing_capabilities_by_type/test_parse_primitives.py" line="179" name="test_parse_by_type[float-ok-b64pickle-bool-True=1.0.txt]" time="0.03653287887573242"><system-out>**** Starting to parse single object of type &lt;float&gt; at location /home/travis/build/smarie/python-parsyfiles/parsyfiles/tests/parsing_capabilities_by_type/primitives_data/float/ok/b64pickle-bool-True=1.0 ****
Checking all files under [/home/travis/build/smarie/python-parsyfiles/parsyfiles/tests/parsing_capabilities_by_type/primitives_data/float/ok/b64pickle-bool-True=1.0]
(C) /home/travis/build/smarie/python-parsyfiles/parsyfiles/tests/parsing_capabilities_by_type/primitives_data/float/ok/b64pickle-bool-True=1.0 (singlefile, .txt)
File checks done

Building a parsing plan to parse [/home/travis/build/smarie/python-parsyfiles/parsyfiles/tests/parsing_capabilities_by_type/primitives_data/float/ok/b64pickle-bool-True=1.0] into a float
(B) /home/travis/build/smarie/python-parsyfiles/parsyfiles/tests/parsing_capabilities_by_type/primitives_data/float/ok/b64pickle-bool-True=1.0.txt -&gt; float ------- using [Try &apos;$&lt;read_str_from_txt&gt; =&gt; &lt;str_to_float&gt;$&apos; then &apos;$&lt;read_str_from_txt&gt; =&gt; &lt;base64_ascii_str_pickle_to_object&gt; -&gt; &lt;bool_to_float&gt;$&apos; then &apos;$&lt;read_str_from_txt&gt; =&gt; &lt;base64_ascii_str_pickle_to_object&gt; -&gt; &lt;int_to_float&gt;$&apos; then &apos;$&lt;read_str_from_txt&gt; =&gt; &lt;base64_ascii_str_pickle_to_object&gt; -&gt; &lt;str_to_float&gt;$&apos; then &apos;$&lt;read_str_from_txt&gt; =&gt; &lt;base64_ascii_str_pickle_to_object&gt;$]&apos;]
(B)                                                                                                                 |--b64pickle-bool-True=1.0.txt -&gt; float ------- using $&lt;read_str_from_txt&gt; =&gt; &lt;str_to_float&gt;$
Parsing Plan created successfully

Executing Parsing Plan for [/home/travis/build/smarie/python-parsyfiles/parsyfiles/tests/parsing_capabilities_by_type/primitives_data/float/ok/b64pickle-bool-True=1.0]
(P) /home/travis/build/smarie/python-parsyfiles/parsyfiles/tests/parsing_capabilities_by_type/primitives_data/float/ok/b64pickle-bool-True=1.0.txt -&gt; float ------- using $&lt;read_str_from_txt&gt; =&gt; &lt;str_to_float&gt;$
  !! Caught error during execution !!
  File &quot;/home/travis/build/smarie/python-parsyfiles/parsyfiles/plugins_base/support_for_primitive_types.py&quot;, line 61, in primitive_to_float
    source = literal_eval(source)
  File &quot;/opt/python/3.5.5/lib/python3.5/ast.py&quot;, line 46, in literal_eval
    node_or_string = parse(node_or_string, mode=&apos;eval&apos;)
  File &quot;/opt/python/3.5.5/lib/python3.5/ast.py&quot;, line 35, in parse
    return compile(source, filename, mode, PyCF_ONLY_AST)
  ParsingException : Error while parsing /home/travis/build/smarie/python-parsyfiles/parsyfiles/tests/parsing_capabilities_by_type/primitives_data/float/ok/b64pickle-bool-True=1.0 (singlefile, .txt) as a float with parser &apos;$&lt;read_str_from_txt&gt; =&gt; &lt;str_to_float&gt;$&apos; using options=({&apos;MultifileCollectionParser&apos;: {&apos;lazy_parsing&apos;: False}}) : caught 
  SyntaxError : unexpected EOF while parsing (&lt;unknown&gt;, line 1)
Rebuilding local parsing plan with next candidate parser: $&lt;read_str_from_txt&gt; =&gt; &lt;base64_ascii_str_pickle_to_object&gt; -&gt; &lt;bool_to_float&gt;$
(B)                                                                                                                 |--b64pickle-bool-True=1.0.txt -&gt; float ------- using $&lt;read_str_from_txt&gt; =&gt; &lt;base64_ascii_str_pickle_to_object&gt; -&gt; &lt;bool_to_float&gt;$
DONE Rebuilding local parsing plan for [/home/travis/build/smarie/python-parsyfiles/parsyfiles/tests/parsing_capabilities_by_type/primitives_data/float/ok/b64pickle-bool-True=1.0.txt]. Resuming parsing...
Executing Parsing Plan for [/home/travis/build/smarie/python-parsyfiles/parsyfiles/tests/parsing_capabilities_by_type/primitives_data/float/ok/b64pickle-bool-True=1.0]
(P) /home/travis/build/smarie/python-parsyfiles/parsyfiles/tests/parsing_capabilities_by_type/primitives_data/float/ok/b64pickle-bool-True=1.0.txt -&gt; float ------- using $&lt;read_str_from_txt&gt; =&gt; &lt;base64_ascii_str_pickle_to_object&gt; -&gt; &lt;bool_to_float&gt;$
(P)                                                                                                                 |--b64pickle-bool-True=1.0.txt -&gt; float SUCCESS !
Completed parsing successfully

1.0==1.0
</system-out></testcase><testcase classname="parsyfiles.tests.parsing_capabilities_by_type.test_parse_primitives" file="parsyfiles/tests/parsing_capabilities_by_type/test_parse_primitives.py" line="179" name="test_parse_by_type[float-ok-b64pickle-float-0.0=0.0.txt]" time="0.04784274101257324"><system-out>**** Starting to parse single object of type &lt;float&gt; at location /home/travis/build/smarie/python-parsyfiles/parsyfiles/tests/parsing_capabilities_by_type/primitives_data/float/ok/b64pickle-float-0.0=0.0 ****
Checking all files under [/home/travis/build/smarie/python-parsyfiles/parsyfiles/tests/parsing_capabilities_by_type/primitives_data/float/ok/b64pickle-float-0.0=0.0]
(C) /home/travis/build/smarie/python-parsyfiles/parsyfiles/tests/parsing_capabilities_by_type/primitives_data/float/ok/b64pickle-float-0.0=0.0 (singlefile, .txt)
File checks done

Building a parsing plan to parse [/home/travis/build/smarie/python-parsyfiles/parsyfiles/tests/parsing_capabilities_by_type/primitives_data/float/ok/b64pickle-float-0.0=0.0] into a float
(B) /home/travis/build/smarie/python-parsyfiles/parsyfiles/tests/parsing_capabilities_by_type/primitives_data/float/ok/b64pickle-float-0.0=0.0.txt -&gt; float ------- using [Try &apos;$&lt;read_str_from_txt&gt; =&gt; &lt;str_to_float&gt;$&apos; then &apos;$&lt;read_str_from_txt&gt; =&gt; &lt;base64_ascii_str_pickle_to_object&gt; -&gt; &lt;bool_to_float&gt;$&apos; then &apos;$&lt;read_str_from_txt&gt; =&gt; &lt;base64_ascii_str_pickle_to_object&gt; -&gt; &lt;int_to_float&gt;$&apos; then &apos;$&lt;read_str_from_txt&gt; =&gt; &lt;base64_ascii_str_pickle_to_object&gt; -&gt; &lt;str_to_float&gt;$&apos; then &apos;$&lt;read_str_from_txt&gt; =&gt; &lt;base64_ascii_str_pickle_to_object&gt;$]&apos;]
(B)                                                                                                                 |--b64pickle-float-0.0=0.0.txt -&gt; float ------- using $&lt;read_str_from_txt&gt; =&gt; &lt;str_to_float&gt;$
Parsing Plan created successfully

Executing Parsing Plan for [/home/travis/build/smarie/python-parsyfiles/parsyfiles/tests/parsing_capabilities_by_type/primitives_data/float/ok/b64pickle-float-0.0=0.0]
(P) /home/travis/build/smarie/python-parsyfiles/parsyfiles/tests/parsing_capabilities_by_type/primitives_data/float/ok/b64pickle-float-0.0=0.0.txt -&gt; float ------- using $&lt;read_str_from_txt&gt; =&gt; &lt;str_to_float&gt;$
  !! Caught error during execution !!
  File &quot;/home/travis/build/smarie/python-parsyfiles/parsyfiles/plugins_base/support_for_primitive_types.py&quot;, line 61, in primitive_to_float
    source = literal_eval(source)
  File &quot;/opt/python/3.5.5/lib/python3.5/ast.py&quot;, line 84, in literal_eval
    return _convert(node_or_string)
  File &quot;/opt/python/3.5.5/lib/python3.5/ast.py&quot;, line 83, in _convert
    raise ValueError(&apos;malformed node or string: &apos; + repr(node))
  ParsingException : Error while parsing /home/travis/build/smarie/python-parsyfiles/parsyfiles/tests/parsing_capabilities_by_type/primitives_data/float/ok/b64pickle-float-0.0=0.0 (singlefile, .txt) as a float with parser &apos;$&lt;read_str_from_txt&gt; =&gt; &lt;str_to_float&gt;$&apos; using options=({&apos;MultifileCollectionParser&apos;: {&apos;lazy_parsing&apos;: False}}) : caught 
  ValueError : malformed node or string: &lt;_ast.Name object at 0x7fab06f4b0f0&gt;
Rebuilding local parsing plan with next candidate parser: $&lt;read_str_from_txt&gt; =&gt; &lt;base64_ascii_str_pickle_to_object&gt; -&gt; &lt;bool_to_float&gt;$
(B)                                                                                                                 |--b64pickle-float-0.0=0.0.txt -&gt; float ------- using $&lt;read_str_from_txt&gt; =&gt; &lt;base64_ascii_str_pickle_to_object&gt; -&gt; &lt;bool_to_float&gt;$
DONE Rebuilding local parsing plan for [/home/travis/build/smarie/python-parsyfiles/parsyfiles/tests/parsing_capabilities_by_type/primitives_data/float/ok/b64pickle-float-0.0=0.0.txt]. Resuming parsing...
Executing Parsing Plan for [/home/travis/build/smarie/python-parsyfiles/parsyfiles/tests/parsing_capabilities_by_type/primitives_data/float/ok/b64pickle-float-0.0=0.0]
(P) /home/travis/build/smarie/python-parsyfiles/parsyfiles/tests/parsing_capabilities_by_type/primitives_data/float/ok/b64pickle-float-0.0=0.0.txt -&gt; float ------- using $&lt;read_str_from_txt&gt; =&gt; &lt;base64_ascii_str_pickle_to_object&gt; -&gt; &lt;bool_to_float&gt;$
  !! Caught error during execution !!
  File &quot;/home/travis/build/smarie/python-parsyfiles/parsyfiles/converting_core.py&quot;, line 319, in convert
    return self._convert(desired_type, source_obj, logger, options)
  File &quot;/home/travis/build/smarie/python-parsyfiles/parsyfiles/converting_core.py&quot;, line 770, in _convert
    return self._converters_list[-1].convert(desired_type, obj, logger, options)
  File &quot;/home/travis/build/smarie/python-parsyfiles/parsyfiles/converting_core.py&quot;, line 321, in convert
    raise ConversionException.create_not_able_to_convert(source_obj, self, desired_type)
  ParsingException : Error while parsing /home/travis/build/smarie/python-parsyfiles/parsyfiles/tests/parsing_capabilities_by_type/primitives_data/float/ok/b64pickle-float-0.0=0.0 (singlefile, .txt) as a float with parser &apos;$&lt;read_str_from_txt&gt; =&gt; &lt;base64_ascii_str_pickle_to_object&gt; -&gt; &lt;bool_to_float&gt;$&apos; using options=({&apos;MultifileCollectionParser&apos;: {&apos;lazy_parsing&apos;: False}}) : caught 
  ConversionException : Converter &lt;bool_to_float&gt; is not able to ingest source value &apos;0.0&apos; of type &apos;float&apos; and/or convert it to type &apos;float&apos;. This can happen in a chain when the previous step in the chain is generic and actually produced  an output of the wrong type/content
Rebuilding local parsing plan with next candidate parser: $&lt;read_str_from_txt&gt; =&gt; &lt;base64_ascii_str_pickle_to_object&gt; -&gt; &lt;int_to_float&gt;$
(B)                                                                                                                 |--b64pickle-float-0.0=0.0.txt -&gt; float ------- using $&lt;read_str_from_txt&gt; =&gt; &lt;base64_ascii_str_pickle_to_object&gt; -&gt; &lt;int_to_float&gt;$
DONE Rebuilding local parsing plan for [/home/travis/build/smarie/python-parsyfiles/parsyfiles/tests/parsing_capabilities_by_type/primitives_data/float/ok/b64pickle-float-0.0=0.0.txt]. Resuming parsing...
Executing Parsing Plan for [/home/travis/build/smarie/python-parsyfiles/parsyfiles/tests/parsing_capabilities_by_type/primitives_data/float/ok/b64pickle-float-0.0=0.0]
(P) /home/travis/build/smarie/python-parsyfiles/parsyfiles/tests/parsing_capabilities_by_type/primitives_data/float/ok/b64pickle-float-0.0=0.0.txt -&gt; float ------- using $&lt;read_str_from_txt&gt; =&gt; &lt;base64_ascii_str_pickle_to_object&gt; -&gt; &lt;int_to_float&gt;$
  !! Caught error during execution !!
  File &quot;/home/travis/build/smarie/python-parsyfiles/parsyfiles/converting_core.py&quot;, line 319, in convert
    return self._convert(desired_type, source_obj, logger, options)
  File &quot;/home/travis/build/smarie/python-parsyfiles/parsyfiles/converting_core.py&quot;, line 770, in _convert
    return self._converters_list[-1].convert(desired_type, obj, logger, options)
  File &quot;/home/travis/build/smarie/python-parsyfiles/parsyfiles/converting_core.py&quot;, line 321, in convert
    raise ConversionException.create_not_able_to_convert(source_obj, self, desired_type)
  ParsingException : Error while parsing /home/travis/build/smarie/python-parsyfiles/parsyfiles/tests/parsing_capabilities_by_type/primitives_data/float/ok/b64pickle-float-0.0=0.0 (singlefile, .txt) as a float with parser &apos;$&lt;read_str_from_txt&gt; =&gt; &lt;base64_ascii_str_pickle_to_object&gt; -&gt; &lt;int_to_float&gt;$&apos; using options=({&apos;MultifileCollectionParser&apos;: {&apos;lazy_parsing&apos;: False}}) : caught 
  ConversionException : Converter &lt;int_to_float&gt; is not able to ingest source value &apos;0.0&apos; of type &apos;float&apos; and/or convert it to type &apos;float&apos;. This can happen in a chain when the previous step in the chain is generic and actually produced  an output of the wrong type/content
Rebuilding local parsing plan with next candidate parser: $&lt;read_str_from_txt&gt; =&gt; &lt;base64_ascii_str_pickle_to_object&gt; -&gt; &lt;str_to_float&gt;$
(B)                                                                                                                 |--b64pickle-float-0.0=0.0.txt -&gt; float ------- using $&lt;read_str_from_txt&gt; =&gt; &lt;base64_ascii_str_pickle_to_object&gt; -&gt; &lt;str_to_float&gt;$
DONE Rebuilding local parsing plan for [/home/travis/build/smarie/python-parsyfiles/parsyfiles/tests/parsing_capabilities_by_type/primitives_data/float/ok/b64pickle-float-0.0=0.0.txt]. Resuming parsing...
Executing Parsing Plan for [/home/travis/build/smarie/python-parsyfiles/parsyfiles/tests/parsing_capabilities_by_type/primitives_data/float/ok/b64pickle-float-0.0=0.0]
(P) /home/travis/build/smarie/python-parsyfiles/parsyfiles/tests/parsing_capabilities_by_type/primitives_data/float/ok/b64pickle-float-0.0=0.0.txt -&gt; float ------- using $&lt;read_str_from_txt&gt; =&gt; &lt;base64_ascii_str_pickle_to_object&gt; -&gt; &lt;str_to_float&gt;$
  !! Caught error during execution !!
  File &quot;/home/travis/build/smarie/python-parsyfiles/parsyfiles/converting_core.py&quot;, line 319, in convert
    return self._convert(desired_type, source_obj, logger, options)
  File &quot;/home/travis/build/smarie/python-parsyfiles/parsyfiles/converting_core.py&quot;, line 770, in _convert
    return self._converters_list[-1].convert(desired_type, obj, logger, options)
  File &quot;/home/travis/build/smarie/python-parsyfiles/parsyfiles/converting_core.py&quot;, line 321, in convert
    raise ConversionException.create_not_able_to_convert(source_obj, self, desired_type)
  ParsingException : Error while parsing /home/travis/build/smarie/python-parsyfiles/parsyfiles/tests/parsing_capabilities_by_type/primitives_data/float/ok/b64pickle-float-0.0=0.0 (singlefile, .txt) as a float with parser &apos;$&lt;read_str_from_txt&gt; =&gt; &lt;base64_ascii_str_pickle_to_object&gt; -&gt; &lt;str_to_float&gt;$&apos; using options=({&apos;MultifileCollectionParser&apos;: {&apos;lazy_parsing&apos;: False}}) : caught 
  ConversionException : Converter &lt;str_to_float&gt; is not able to ingest source value &apos;0.0&apos; of type &apos;float&apos; and/or convert it to type &apos;float&apos;. This can happen in a chain when the previous step in the chain is generic and actually produced  an output of the wrong type/content
Rebuilding local parsing plan with next candidate parser: $&lt;read_str_from_txt&gt; =&gt; &lt;base64_ascii_str_pickle_to_object&gt;$
(B)                                                                                                                 |--b64pickle-float-0.0=0.0.txt -&gt; float ------- using $&lt;read_str_from_txt&gt; =&gt; &lt;base64_ascii_str_pickle_to_object&gt;$
DONE Rebuilding local parsing plan for [/home/travis/build/smarie/python-parsyfiles/parsyfiles/tests/parsing_capabilities_by_type/primitives_data/float/ok/b64pickle-float-0.0=0.0.txt]. Resuming parsing...
Executing Parsing Plan for [/home/travis/build/smarie/python-parsyfiles/parsyfiles/tests/parsing_capabilities_by_type/primitives_data/float/ok/b64pickle-float-0.0=0.0]
(P) /home/travis/build/smarie/python-parsyfiles/parsyfiles/tests/parsing_capabilities_by_type/primitives_data/float/ok/b64pickle-float-0.0=0.0.txt -&gt; float ------- using $&lt;read_str_from_txt&gt; =&gt; &lt;base64_ascii_str_pickle_to_object&gt;$
(P)                                                                                                                 |--b64pickle-float-0.0=0.0.txt -&gt; float SUCCESS !
Completed parsing successfully

0.0==0.0
</system-out></testcase><testcase classname="parsyfiles.tests.parsing_capabilities_by_type.test_parse_primitives" file="parsyfiles/tests/parsing_capabilities_by_type/test_parse_primitives.py" line="179" name="test_parse_by_type[float-ok-txt-bool-False=0.0.txt]" time="0.03477287292480469"><system-out>**** Starting to parse single object of type &lt;float&gt; at location /home/travis/build/smarie/python-parsyfiles/parsyfiles/tests/parsing_capabilities_by_type/primitives_data/float/ok/txt-bool-False=0.0 ****
Checking all files under [/home/travis/build/smarie/python-parsyfiles/parsyfiles/tests/parsing_capabilities_by_type/primitives_data/float/ok/txt-bool-False=0.0]
(C) /home/travis/build/smarie/python-parsyfiles/parsyfiles/tests/parsing_capabilities_by_type/primitives_data/float/ok/txt-bool-False=0.0 (singlefile, .txt)
File checks done

Building a parsing plan to parse [/home/travis/build/smarie/python-parsyfiles/parsyfiles/tests/parsing_capabilities_by_type/primitives_data/float/ok/txt-bool-False=0.0] into a float
(B) /home/travis/build/smarie/python-parsyfiles/parsyfiles/tests/parsing_capabilities_by_type/primitives_data/float/ok/txt-bool-False=0.0.txt -&gt; float ------- using [Try &apos;$&lt;read_str_from_txt&gt; =&gt; &lt;str_to_float&gt;$&apos; then &apos;$&lt;read_str_from_txt&gt; =&gt; &lt;base64_ascii_str_pickle_to_object&gt; -&gt; &lt;bool_to_float&gt;$&apos; then &apos;$&lt;read_str_from_txt&gt; =&gt; &lt;base64_ascii_str_pickle_to_object&gt; -&gt; &lt;int_to_float&gt;$&apos; then &apos;$&lt;read_str_from_txt&gt; =&gt; &lt;base64_ascii_str_pickle_to_object&gt; -&gt; &lt;str_to_float&gt;$&apos; then &apos;$&lt;read_str_from_txt&gt; =&gt; &lt;base64_ascii_str_pickle_to_object&gt;$]&apos;]
(B)                                                                                                                 |--txt-bool-False=0.0.txt -&gt; float ------- using $&lt;read_str_from_txt&gt; =&gt; &lt;str_to_float&gt;$
Parsing Plan created successfully

Executing Parsing Plan for [/home/travis/build/smarie/python-parsyfiles/parsyfiles/tests/parsing_capabilities_by_type/primitives_data/float/ok/txt-bool-False=0.0]
(P) /home/travis/build/smarie/python-parsyfiles/parsyfiles/tests/parsing_capabilities_by_type/primitives_data/float/ok/txt-bool-False=0.0.txt -&gt; float ------- using $&lt;read_str_from_txt&gt; =&gt; &lt;str_to_float&gt;$
(P)                                                                                                                 |--txt-bool-False=0.0.txt -&gt; float SUCCESS !
Completed parsing successfully

0.0==0.0
</system-out></testcase><testcase classname="parsyfiles.tests.parsing_capabilities_by_type.test_parse_primitives" file="parsyfiles/tests/parsing_capabilities_by_type/test_parse_primitives.py" line="179" name="test_parse_by_type[float-ok-b64pickle-float-10.1=10.1.txt]" time="0.0418238639831543"><system-out>**** Starting to parse single object of type &lt;float&gt; at location /home/travis/build/smarie/python-parsyfiles/parsyfiles/tests/parsing_capabilities_by_type/primitives_data/float/ok/b64pickle-float-10.1=10.1 ****
Checking all files under [/home/travis/build/smarie/python-parsyfiles/parsyfiles/tests/parsing_capabilities_by_type/primitives_data/float/ok/b64pickle-float-10.1=10.1]
(C) /home/travis/build/smarie/python-parsyfiles/parsyfiles/tests/parsing_capabilities_by_type/primitives_data/float/ok/b64pickle-float-10.1=10.1 (singlefile, .txt)
File checks done

Building a parsing plan to parse [/home/travis/build/smarie/python-parsyfiles/parsyfiles/tests/parsing_capabilities_by_type/primitives_data/float/ok/b64pickle-float-10.1=10.1] into a float
(B) /home/travis/build/smarie/python-parsyfiles/parsyfiles/tests/parsing_capabilities_by_type/primitives_data/float/ok/b64pickle-float-10.1=10.1.txt -&gt; float ------- using [Try &apos;$&lt;read_str_from_txt&gt; =&gt; &lt;str_to_float&gt;$&apos; then &apos;$&lt;read_str_from_txt&gt; =&gt; &lt;base64_ascii_str_pickle_to_object&gt; -&gt; &lt;bool_to_float&gt;$&apos; then &apos;$&lt;read_str_from_txt&gt; =&gt; &lt;base64_ascii_str_pickle_to_object&gt; -&gt; &lt;int_to_float&gt;$&apos; then &apos;$&lt;read_str_from_txt&gt; =&gt; &lt;base64_ascii_str_pickle_to_object&gt; -&gt; &lt;str_to_float&gt;$&apos; then &apos;$&lt;read_str_from_txt&gt; =&gt; &lt;base64_ascii_str_pickle_to_object&gt;$]&apos;]
(B)                                                                                                                 |--b64pickle-float-10.1=10.1.txt -&gt; float ------- using $&lt;read_str_from_txt&gt; =&gt; &lt;str_to_float&gt;$
Parsing Plan created successfully

Executing Parsing Plan for [/home/travis/build/smarie/python-parsyfiles/parsyfiles/tests/parsing_capabilities_by_type/primitives_data/float/ok/b64pickle-float-10.1=10.1]
(P) /home/travis/build/smarie/python-parsyfiles/parsyfiles/tests/parsing_capabilities_by_type/primitives_data/float/ok/b64pickle-float-10.1=10.1.txt -&gt; float ------- using $&lt;read_str_from_txt&gt; =&gt; &lt;str_to_float&gt;$
  !! Caught error during execution !!
  File &quot;/home/travis/build/smarie/python-parsyfiles/parsyfiles/plugins_base/support_for_primitive_types.py&quot;, line 61, in primitive_to_float
    source = literal_eval(source)
  File &quot;/opt/python/3.5.5/lib/python3.5/ast.py&quot;, line 84, in literal_eval
    return _convert(node_or_string)
  File &quot;/opt/python/3.5.5/lib/python3.5/ast.py&quot;, line 83, in _convert
    raise ValueError(&apos;malformed node or string: &apos; + repr(node))
  ParsingException : Error while parsing /home/travis/build/smarie/python-parsyfiles/parsyfiles/tests/parsing_capabilities_by_type/primitives_data/float/ok/b64pickle-float-10.1=10.1 (singlefile, .txt) as a float with parser &apos;$&lt;read_str_from_txt&gt; =&gt; &lt;str_to_float&gt;$&apos; using options=({&apos;MultifileCollectionParser&apos;: {&apos;lazy_parsing&apos;: False}}) : caught 
  ValueError : malformed node or string: &lt;_ast.Name object at 0x7fab07c94588&gt;
Rebuilding local parsing plan with next candidate parser: $&lt;read_str_from_txt&gt; =&gt; &lt;base64_ascii_str_pickle_to_object&gt; -&gt; &lt;bool_to_float&gt;$
(B)                                                                                                                 |--b64pickle-float-10.1=10.1.txt -&gt; float ------- using $&lt;read_str_from_txt&gt; =&gt; &lt;base64_ascii_str_pickle_to_object&gt; -&gt; &lt;bool_to_float&gt;$
DONE Rebuilding local parsing plan for [/home/travis/build/smarie/python-parsyfiles/parsyfiles/tests/parsing_capabilities_by_type/primitives_data/float/ok/b64pickle-float-10.1=10.1.txt]. Resuming parsing...
Executing Parsing Plan for [/home/travis/build/smarie/python-parsyfiles/parsyfiles/tests/parsing_capabilities_by_type/primitives_data/float/ok/b64pickle-float-10.1=10.1]
(P) /home/travis/build/smarie/python-parsyfiles/parsyfiles/tests/parsing_capabilities_by_type/primitives_data/float/ok/b64pickle-float-10.1=10.1.txt -&gt; float ------- using $&lt;read_str_from_txt&gt; =&gt; &lt;base64_ascii_str_pickle_to_object&gt; -&gt; &lt;bool_to_float&gt;$
  !! Caught error during execution !!
  File &quot;/home/travis/build/smarie/python-parsyfiles/parsyfiles/converting_core.py&quot;, line 319, in convert
    return self._convert(desired_type, source_obj, logger, options)
  File &quot;/home/travis/build/smarie/python-parsyfiles/parsyfiles/converting_core.py&quot;, line 770, in _convert
    return self._converters_list[-1].convert(desired_type, obj, logger, options)
  File &quot;/home/travis/build/smarie/python-parsyfiles/parsyfiles/converting_core.py&quot;, line 321, in convert
    raise ConversionException.create_not_able_to_convert(source_obj, self, desired_type)
  ParsingException : Error while parsing /home/travis/build/smarie/python-parsyfiles/parsyfiles/tests/parsing_capabilities_by_type/primitives_data/float/ok/b64pickle-float-10.1=10.1 (singlefile, .txt) as a float with parser &apos;$&lt;read_str_from_txt&gt; =&gt; &lt;base64_ascii_str_pickle_to_object&gt; -&gt; &lt;bool_to_float&gt;$&apos; using options=({&apos;MultifileCollectionParser&apos;: {&apos;lazy_parsing&apos;: False}}) : caught 
  ConversionException : Converter &lt;bool_to_float&gt; is not able to ingest source value &apos;10.1&apos; of type &apos;float&apos; and/or convert it to type &apos;float&apos;. This can happen in a chain when the previous step in the chain is generic and actually produced  an output of the wrong type/content
Rebuilding local parsing plan with next candidate parser: $&lt;read_str_from_txt&gt; =&gt; &lt;base64_ascii_str_pickle_to_object&gt; -&gt; &lt;int_to_float&gt;$
(B)                                                                                                                 |--b64pickle-float-10.1=10.1.txt -&gt; float ------- using $&lt;read_str_from_txt&gt; =&gt; &lt;base64_ascii_str_pickle_to_object&gt; -&gt; &lt;int_to_float&gt;$
DONE Rebuilding local parsing plan for [/home/travis/build/smarie/python-parsyfiles/parsyfiles/tests/parsing_capabilities_by_type/primitives_data/float/ok/b64pickle-float-10.1=10.1.txt]. Resuming parsing...
Executing Parsing Plan for [/home/travis/build/smarie/python-parsyfiles/parsyfiles/tests/parsing_capabilities_by_type/primitives_data/float/ok/b64pickle-float-10.1=10.1]
(P) /home/travis/build/smarie/python-parsyfiles/parsyfiles/tests/parsing_capabilities_by_type/primitives_data/float/ok/b64pickle-float-10.1=10.1.txt -&gt; float ------- using $&lt;read_str_from_txt&gt; =&gt; &lt;base64_ascii_str_pickle_to_object&gt; -&gt; &lt;int_to_float&gt;$
  !! Caught error during execution !!
  File &quot;/home/travis/build/smarie/python-parsyfiles/parsyfiles/converting_core.py&quot;, line 319, in convert
    return self._convert(desired_type, source_obj, logger, options)
  File &quot;/home/travis/build/smarie/python-parsyfiles/parsyfiles/converting_core.py&quot;, line 770, in _convert
    return self._converters_list[-1].convert(desired_type, obj, logger, options)
  File &quot;/home/travis/build/smarie/python-parsyfiles/parsyfiles/converting_core.py&quot;, line 321, in convert
    raise ConversionException.create_not_able_to_convert(source_obj, self, desired_type)
  ParsingException : Error while parsing /home/travis/build/smarie/python-parsyfiles/parsyfiles/tests/parsing_capabilities_by_type/primitives_data/float/ok/b64pickle-float-10.1=10.1 (singlefile, .txt) as a float with parser &apos;$&lt;read_str_from_txt&gt; =&gt; &lt;base64_ascii_str_pickle_to_object&gt; -&gt; &lt;int_to_float&gt;$&apos; using options=({&apos;MultifileCollectionParser&apos;: {&apos;lazy_parsing&apos;: False}}) : caught 
  ConversionException : Converter &lt;int_to_float&gt; is not able to ingest source value &apos;10.1&apos; of type &apos;float&apos; and/or convert it to type &apos;float&apos;. This can happen in a chain when the previous step in the chain is generic and actually produced  an output of the wrong type/content
Rebuilding local parsing plan with next candidate parser: $&lt;read_str_from_txt&gt; =&gt; &lt;base64_ascii_str_pickle_to_object&gt; -&gt; &lt;str_to_float&gt;$
(B)                                                                                                                 |--b64pickle-float-10.1=10.1.txt -&gt; float ------- using $&lt;read_str_from_txt&gt; =&gt; &lt;base64_ascii_str_pickle_to_object&gt; -&gt; &lt;str_to_float&gt;$
DONE Rebuilding local parsing plan for [/home/travis/build/smarie/python-parsyfiles/parsyfiles/tests/parsing_capabilities_by_type/primitives_data/float/ok/b64pickle-float-10.1=10.1.txt]. Resuming parsing...
Executing Parsing Plan for [/home/travis/build/smarie/python-parsyfiles/parsyfiles/tests/parsing_capabilities_by_type/primitives_data/float/ok/b64pickle-float-10.1=10.1]
(P) /home/travis/build/smarie/python-parsyfiles/parsyfiles/tests/parsing_capabilities_by_type/primitives_data/float/ok/b64pickle-float-10.1=10.1.txt -&gt; float ------- using $&lt;read_str_from_txt&gt; =&gt; &lt;base64_ascii_str_pickle_to_object&gt; -&gt; &lt;str_to_float&gt;$
  !! Caught error during execution !!
  File &quot;/home/travis/build/smarie/python-parsyfiles/parsyfiles/converting_core.py&quot;, line 319, in convert
    return self._convert(desired_type, source_obj, logger, options)
  File &quot;/home/travis/build/smarie/python-parsyfiles/parsyfiles/converting_core.py&quot;, line 770, in _convert
    return self._converters_list[-1].convert(desired_type, obj, logger, options)
  File &quot;/home/travis/build/smarie/python-parsyfiles/parsyfiles/converting_core.py&quot;, line 321, in convert
    raise ConversionException.create_not_able_to_convert(source_obj, self, desired_type)
  ParsingException : Error while parsing /home/travis/build/smarie/python-parsyfiles/parsyfiles/tests/parsing_capabilities_by_type/primitives_data/float/ok/b64pickle-float-10.1=10.1 (singlefile, .txt) as a float with parser &apos;$&lt;read_str_from_txt&gt; =&gt; &lt;base64_ascii_str_pickle_to_object&gt; -&gt; &lt;str_to_float&gt;$&apos; using options=({&apos;MultifileCollectionParser&apos;: {&apos;lazy_parsing&apos;: False}}) : caught 
  ConversionException : Converter &lt;str_to_float&gt; is not able to ingest source value &apos;10.1&apos; of type &apos;float&apos; and/or convert it to type &apos;float&apos;. This can happen in a chain when the previous step in the chain is generic and actually produced  an output of the wrong type/content
Rebuilding local parsing plan with next candidate parser: $&lt;read_str_from_txt&gt; =&gt; &lt;base64_ascii_str_pickle_to_object&gt;$
(B)                                                                                                                 |--b64pickle-float-10.1=10.1.txt -&gt; float ------- using $&lt;read_str_from_txt&gt; =&gt; &lt;base64_ascii_str_pickle_to_object&gt;$
DONE Rebuilding local parsing plan for [/home/travis/build/smarie/python-parsyfiles/parsyfiles/tests/parsing_capabilities_by_type/primitives_data/float/ok/b64pickle-float-10.1=10.1.txt]. Resuming parsing...
Executing Parsing Plan for [/home/travis/build/smarie/python-parsyfiles/parsyfiles/tests/parsing_capabilities_by_type/primitives_data/float/ok/b64pickle-float-10.1=10.1]
(P) /home/travis/build/smarie/python-parsyfiles/parsyfiles/tests/parsing_capabilities_by_type/primitives_data/float/ok/b64pickle-float-10.1=10.1.txt -&gt; float ------- using $&lt;read_str_from_txt&gt; =&gt; &lt;base64_ascii_str_pickle_to_object&gt;$
(P)                                                                                                                 |--b64pickle-float-10.1=10.1.txt -&gt; float SUCCESS !
Completed parsing successfully

10.1==10.1
</system-out></testcase><testcase classname="parsyfiles.tests.parsing_capabilities_by_type.test_parse_primitives" file="parsyfiles/tests/parsing_capabilities_by_type/test_parse_primitives.py" line="179" name="test_parse_by_type[float-err-pickle-str-.pyc]" time="0.04035329818725586"><system-out>**** Starting to parse single object of type &lt;float&gt; at location /home/travis/build/smarie/python-parsyfiles/parsyfiles/tests/parsing_capabilities_by_type/primitives_data/float/err/pickle-str- ****
Checking all files under [/home/travis/build/smarie/python-parsyfiles/parsyfiles/tests/parsing_capabilities_by_type/primitives_data/float/err/pickle-str-]
(C) /home/travis/build/smarie/python-parsyfiles/parsyfiles/tests/parsing_capabilities_by_type/primitives_data/float/err/pickle-str- (singlefile, .pyc)
File checks done

Building a parsing plan to parse [/home/travis/build/smarie/python-parsyfiles/parsyfiles/tests/parsing_capabilities_by_type/primitives_data/float/err/pickle-str-] into a float
(B) /home/travis/build/smarie/python-parsyfiles/parsyfiles/tests/parsing_capabilities_by_type/primitives_data/float/err/pickle-str-.pyc -&gt; float ------- using [Try &apos;$&lt;read_object_from_pickle&gt; =&gt; &lt;bool_to_float&gt;$&apos; then &apos;$&lt;read_object_from_pickle&gt; =&gt; &lt;int_to_float&gt;$&apos; then &apos;$&lt;read_object_from_pickle&gt; =&gt; &lt;str_to_float&gt;$&apos; then &apos;&lt;read_object_from_pickle&gt;]&apos;]
(B)                                                                                                                  |--pickle-str-.pyc -&gt; float ------- using $&lt;read_object_from_pickle&gt; =&gt; &lt;bool_to_float&gt;$
Parsing Plan created successfully

Executing Parsing Plan for [/home/travis/build/smarie/python-parsyfiles/parsyfiles/tests/parsing_capabilities_by_type/primitives_data/float/err/pickle-str-]
(P) /home/travis/build/smarie/python-parsyfiles/parsyfiles/tests/parsing_capabilities_by_type/primitives_data/float/err/pickle-str-.pyc -&gt; float ------- using $&lt;read_object_from_pickle&gt; =&gt; &lt;bool_to_float&gt;$
  !! Caught error during execution !!
  File &quot;/home/travis/build/smarie/python-parsyfiles/parsyfiles/parsing_core.py&quot;, line 177, in _execute
    self.get_singlefile_encoding(), logger, options)
  File &quot;/home/travis/build/smarie/python-parsyfiles/parsyfiles/parsing_combining_parsers.py&quot;, line 552, in _parse_singlefile
    return self._converter.convert(desired_type, first, logger, options)
  File &quot;/home/travis/build/smarie/python-parsyfiles/parsyfiles/converting_core.py&quot;, line 321, in convert
    raise ConversionException.create_not_able_to_convert(source_obj, self, desired_type)
  ParsingException : Error while parsing /home/travis/build/smarie/python-parsyfiles/parsyfiles/tests/parsing_capabilities_by_type/primitives_data/float/err/pickle-str- (singlefile, .pyc) as a float with parser &apos;$&lt;read_object_from_pickle&gt; =&gt; &lt;bool_to_float&gt;$&apos; using options=({&apos;MultifileCollectionParser&apos;: {&apos;lazy_parsing&apos;: False}}) : caught 
  ConversionException : Converter $&lt;bool_to_float&gt;$ is not able to ingest source value &apos;&apos; of type &apos;str&apos; and/or convert it to type &apos;float&apos;. This can happen in a chain when the previous step in the chain is generic and actually produced  an output of the wrong type/content
Rebuilding local parsing plan with next candidate parser: $&lt;read_object_from_pickle&gt; =&gt; &lt;int_to_float&gt;$
(B)                                                                                                                  |--pickle-str-.pyc -&gt; float ------- using $&lt;read_object_from_pickle&gt; =&gt; &lt;int_to_float&gt;$
DONE Rebuilding local parsing plan for [/home/travis/build/smarie/python-parsyfiles/parsyfiles/tests/parsing_capabilities_by_type/primitives_data/float/err/pickle-str-.pyc]. Resuming parsing...
Executing Parsing Plan for [/home/travis/build/smarie/python-parsyfiles/parsyfiles/tests/parsing_capabilities_by_type/primitives_data/float/err/pickle-str-]
(P) /home/travis/build/smarie/python-parsyfiles/parsyfiles/tests/parsing_capabilities_by_type/primitives_data/float/err/pickle-str-.pyc -&gt; float ------- using $&lt;read_object_from_pickle&gt; =&gt; &lt;int_to_float&gt;$
  !! Caught error during execution !!
  File &quot;/home/travis/build/smarie/python-parsyfiles/parsyfiles/parsing_core.py&quot;, line 177, in _execute
    self.get_singlefile_encoding(), logger, options)
  File &quot;/home/travis/build/smarie/python-parsyfiles/parsyfiles/parsing_combining_parsers.py&quot;, line 552, in _parse_singlefile
    return self._converter.convert(desired_type, first, logger, options)
  File &quot;/home/travis/build/smarie/python-parsyfiles/parsyfiles/converting_core.py&quot;, line 321, in convert
    raise ConversionException.create_not_able_to_convert(source_obj, self, desired_type)
  ParsingException : Error while parsing /home/travis/build/smarie/python-parsyfiles/parsyfiles/tests/parsing_capabilities_by_type/primitives_data/float/err/pickle-str- (singlefile, .pyc) as a float with parser &apos;$&lt;read_object_from_pickle&gt; =&gt; &lt;int_to_float&gt;$&apos; using options=({&apos;MultifileCollectionParser&apos;: {&apos;lazy_parsing&apos;: False}}) : caught 
  ConversionException : Converter $&lt;int_to_float&gt;$ is not able to ingest source value &apos;&apos; of type &apos;str&apos; and/or convert it to type &apos;float&apos;. This can happen in a chain when the previous step in the chain is generic and actually produced  an output of the wrong type/content
Rebuilding local parsing plan with next candidate parser: $&lt;read_object_from_pickle&gt; =&gt; &lt;str_to_float&gt;$
(B)                                                                                                                  |--pickle-str-.pyc -&gt; float ------- using $&lt;read_object_from_pickle&gt; =&gt; &lt;str_to_float&gt;$
DONE Rebuilding local parsing plan for [/home/travis/build/smarie/python-parsyfiles/parsyfiles/tests/parsing_capabilities_by_type/primitives_data/float/err/pickle-str-.pyc]. Resuming parsing...
Executing Parsing Plan for [/home/travis/build/smarie/python-parsyfiles/parsyfiles/tests/parsing_capabilities_by_type/primitives_data/float/err/pickle-str-]
(P) /home/travis/build/smarie/python-parsyfiles/parsyfiles/tests/parsing_capabilities_by_type/primitives_data/float/err/pickle-str-.pyc -&gt; float ------- using $&lt;read_object_from_pickle&gt; =&gt; &lt;str_to_float&gt;$
  !! Caught error during execution !!
  File &quot;/home/travis/build/smarie/python-parsyfiles/parsyfiles/plugins_base/support_for_primitive_types.py&quot;, line 61, in primitive_to_float
    source = literal_eval(source)
  File &quot;/opt/python/3.5.5/lib/python3.5/ast.py&quot;, line 46, in literal_eval
    node_or_string = parse(node_or_string, mode=&apos;eval&apos;)
  File &quot;/opt/python/3.5.5/lib/python3.5/ast.py&quot;, line 35, in parse
    return compile(source, filename, mode, PyCF_ONLY_AST)
  ParsingException : Error while parsing /home/travis/build/smarie/python-parsyfiles/parsyfiles/tests/parsing_capabilities_by_type/primitives_data/float/err/pickle-str- (singlefile, .pyc) as a float with parser &apos;$&lt;read_object_from_pickle&gt; =&gt; &lt;str_to_float&gt;$&apos; using options=({&apos;MultifileCollectionParser&apos;: {&apos;lazy_parsing&apos;: False}}) : caught 
  SyntaxError : unexpected EOF while parsing (&lt;unknown&gt;, line 0)
Rebuilding local parsing plan with next candidate parser: &lt;read_object_from_pickle&gt;
(B)                                                                                                                  |--pickle-str-.pyc -&gt; float ------- using &lt;read_object_from_pickle&gt;
DONE Rebuilding local parsing plan for [/home/travis/build/smarie/python-parsyfiles/parsyfiles/tests/parsing_capabilities_by_type/primitives_data/float/err/pickle-str-.pyc]. Resuming parsing...
Executing Parsing Plan for [/home/travis/build/smarie/python-parsyfiles/parsyfiles/tests/parsing_capabilities_by_type/primitives_data/float/err/pickle-str-]
(P) /home/travis/build/smarie/python-parsyfiles/parsyfiles/tests/parsing_capabilities_by_type/primitives_data/float/err/pickle-str-.pyc -&gt; float ------- using &lt;read_object_from_pickle&gt;
  !! Caught error during execution !!
  File &quot;/home/travis/build/smarie/python-parsyfiles/parsyfiles/parsing_combining_parsers.py&quot;, line 31, in execute
    return self.pp.execute(logger, options)
  File &quot;/home/travis/build/smarie/python-parsyfiles/parsyfiles/parsing_core.py&quot;, line 139, in execute
    res = super(_BaseParsingPlan, self).execute(logger, options)
  File &quot;/home/travis/build/smarie/python-parsyfiles/parsyfiles/parsing_core_api.py&quot;, line 427, in execute
    res, options)
  ParsingException : Error while parsing /home/travis/build/smarie/python-parsyfiles/parsyfiles/tests/parsing_capabilities_by_type/primitives_data/float/err/pickle-str- (singlefile, .pyc) as a &lt;class &apos;float&apos;&gt; with parser &apos;&lt;read_object_from_pickle&gt;&apos; using options=({&apos;MultifileCollectionParser&apos;: {&apos;lazy_parsing&apos;: False}}) : 
      parser returned  of type &lt;class &apos;str&apos;&gt; which is not an instance of &lt;class &apos;float&apos;&gt;
</system-out></testcase><testcase classname="parsyfiles.tests.parsing_capabilities_by_type.test_parse_primitives" file="parsyfiles/tests/parsing_capabilities_by_type/test_parse_primitives.py" line="179" name="test_parse_by_type[float-err-pickle-str-truth.pyc]" time="0.03880715370178223"><system-out>**** Starting to parse single object of type &lt;float&gt; at location /home/travis/build/smarie/python-parsyfiles/parsyfiles/tests/parsing_capabilities_by_type/primitives_data/float/err/pickle-str-truth ****
Checking all files under [/home/travis/build/smarie/python-parsyfiles/parsyfiles/tests/parsing_capabilities_by_type/primitives_data/float/err/pickle-str-truth]
(C) /home/travis/build/smarie/python-parsyfiles/parsyfiles/tests/parsing_capabilities_by_type/primitives_data/float/err/pickle-str-truth (singlefile, .pyc)
File checks done

Building a parsing plan to parse [/home/travis/build/smarie/python-parsyfiles/parsyfiles/tests/parsing_capabilities_by_type/primitives_data/float/err/pickle-str-truth] into a float
(B) /home/travis/build/smarie/python-parsyfiles/parsyfiles/tests/parsing_capabilities_by_type/primitives_data/float/err/pickle-str-truth.pyc -&gt; float ------- using [Try &apos;$&lt;read_object_from_pickle&gt; =&gt; &lt;bool_to_float&gt;$&apos; then &apos;$&lt;read_object_from_pickle&gt; =&gt; &lt;int_to_float&gt;$&apos; then &apos;$&lt;read_object_from_pickle&gt; =&gt; &lt;str_to_float&gt;$&apos; then &apos;&lt;read_object_from_pickle&gt;]&apos;]
(B)                                                                                                                  |--pickle-str-truth.pyc -&gt; float ------- using $&lt;read_object_from_pickle&gt; =&gt; &lt;bool_to_float&gt;$
Parsing Plan created successfully

Executing Parsing Plan for [/home/travis/build/smarie/python-parsyfiles/parsyfiles/tests/parsing_capabilities_by_type/primitives_data/float/err/pickle-str-truth]
(P) /home/travis/build/smarie/python-parsyfiles/parsyfiles/tests/parsing_capabilities_by_type/primitives_data/float/err/pickle-str-truth.pyc -&gt; float ------- using $&lt;read_object_from_pickle&gt; =&gt; &lt;bool_to_float&gt;$
  !! Caught error during execution !!
  File &quot;/home/travis/build/smarie/python-parsyfiles/parsyfiles/parsing_core.py&quot;, line 177, in _execute
    self.get_singlefile_encoding(), logger, options)
  File &quot;/home/travis/build/smarie/python-parsyfiles/parsyfiles/parsing_combining_parsers.py&quot;, line 552, in _parse_singlefile
    return self._converter.convert(desired_type, first, logger, options)
  File &quot;/home/travis/build/smarie/python-parsyfiles/parsyfiles/converting_core.py&quot;, line 321, in convert
    raise ConversionException.create_not_able_to_convert(source_obj, self, desired_type)
  ParsingException : Error while parsing /home/travis/build/smarie/python-parsyfiles/parsyfiles/tests/parsing_capabilities_by_type/primitives_data/float/err/pickle-str-truth (singlefile, .pyc) as a float with parser &apos;$&lt;read_object_from_pickle&gt; =&gt; &lt;bool_to_float&gt;$&apos; using options=({&apos;MultifileCollectionParser&apos;: {&apos;lazy_parsing&apos;: False}}) : caught 
  ConversionException : Converter $&lt;bool_to_float&gt;$ is not able to ingest source value &apos;truth&apos; of type &apos;str&apos; and/or convert it to type &apos;float&apos;. This can happen in a chain when the previous step in the chain is generic and actually produced  an output of the wrong type/content
Rebuilding local parsing plan with next candidate parser: $&lt;read_object_from_pickle&gt; =&gt; &lt;int_to_float&gt;$
(B)                                                                                                                  |--pickle-str-truth.pyc -&gt; float ------- using $&lt;read_object_from_pickle&gt; =&gt; &lt;int_to_float&gt;$
DONE Rebuilding local parsing plan for [/home/travis/build/smarie/python-parsyfiles/parsyfiles/tests/parsing_capabilities_by_type/primitives_data/float/err/pickle-str-truth.pyc]. Resuming parsing...
Executing Parsing Plan for [/home/travis/build/smarie/python-parsyfiles/parsyfiles/tests/parsing_capabilities_by_type/primitives_data/float/err/pickle-str-truth]
(P) /home/travis/build/smarie/python-parsyfiles/parsyfiles/tests/parsing_capabilities_by_type/primitives_data/float/err/pickle-str-truth.pyc -&gt; float ------- using $&lt;read_object_from_pickle&gt; =&gt; &lt;int_to_float&gt;$
  !! Caught error during execution !!
  File &quot;/home/travis/build/smarie/python-parsyfiles/parsyfiles/parsing_core.py&quot;, line 177, in _execute
    self.get_singlefile_encoding(), logger, options)
  File &quot;/home/travis/build/smarie/python-parsyfiles/parsyfiles/parsing_combining_parsers.py&quot;, line 552, in _parse_singlefile
    return self._converter.convert(desired_type, first, logger, options)
  File &quot;/home/travis/build/smarie/python-parsyfiles/parsyfiles/converting_core.py&quot;, line 321, in convert
    raise ConversionException.create_not_able_to_convert(source_obj, self, desired_type)
  ParsingException : Error while parsing /home/travis/build/smarie/python-parsyfiles/parsyfiles/tests/parsing_capabilities_by_type/primitives_data/float/err/pickle-str-truth (singlefile, .pyc) as a float with parser &apos;$&lt;read_object_from_pickle&gt; =&gt; &lt;int_to_float&gt;$&apos; using options=({&apos;MultifileCollectionParser&apos;: {&apos;lazy_parsing&apos;: False}}) : caught 
  ConversionException : Converter $&lt;int_to_float&gt;$ is not able to ingest source value &apos;truth&apos; of type &apos;str&apos; and/or convert it to type &apos;float&apos;. This can happen in a chain when the previous step in the chain is generic and actually produced  an output of the wrong type/content
Rebuilding local parsing plan with next candidate parser: $&lt;read_object_from_pickle&gt; =&gt; &lt;str_to_float&gt;$
(B)                                                                                                                  |--pickle-str-truth.pyc -&gt; float ------- using $&lt;read_object_from_pickle&gt; =&gt; &lt;str_to_float&gt;$
DONE Rebuilding local parsing plan for [/home/travis/build/smarie/python-parsyfiles/parsyfiles/tests/parsing_capabilities_by_type/primitives_data/float/err/pickle-str-truth.pyc]. Resuming parsing...
Executing Parsing Plan for [/home/travis/build/smarie/python-parsyfiles/parsyfiles/tests/parsing_capabilities_by_type/primitives_data/float/err/pickle-str-truth]
(P) /home/travis/build/smarie/python-parsyfiles/parsyfiles/tests/parsing_capabilities_by_type/primitives_data/float/err/pickle-str-truth.pyc -&gt; float ------- using $&lt;read_object_from_pickle&gt; =&gt; &lt;str_to_float&gt;$
  !! Caught error during execution !!
  File &quot;/home/travis/build/smarie/python-parsyfiles/parsyfiles/plugins_base/support_for_primitive_types.py&quot;, line 61, in primitive_to_float
    source = literal_eval(source)
  File &quot;/opt/python/3.5.5/lib/python3.5/ast.py&quot;, line 84, in literal_eval
    return _convert(node_or_string)
  File &quot;/opt/python/3.5.5/lib/python3.5/ast.py&quot;, line 83, in _convert
    raise ValueError(&apos;malformed node or string: &apos; + repr(node))
  ParsingException : Error while parsing /home/travis/build/smarie/python-parsyfiles/parsyfiles/tests/parsing_capabilities_by_type/primitives_data/float/err/pickle-str-truth (singlefile, .pyc) as a float with parser &apos;$&lt;read_object_from_pickle&gt; =&gt; &lt;str_to_float&gt;$&apos; using options=({&apos;MultifileCollectionParser&apos;: {&apos;lazy_parsing&apos;: False}}) : caught 
  ValueError : malformed node or string: &lt;_ast.Name object at 0x7fab07ae2b70&gt;
Rebuilding local parsing plan with next candidate parser: &lt;read_object_from_pickle&gt;
(B)                                                                                                                  |--pickle-str-truth.pyc -&gt; float ------- using &lt;read_object_from_pickle&gt;
DONE Rebuilding local parsing plan for [/home/travis/build/smarie/python-parsyfiles/parsyfiles/tests/parsing_capabilities_by_type/primitives_data/float/err/pickle-str-truth.pyc]. Resuming parsing...
Executing Parsing Plan for [/home/travis/build/smarie/python-parsyfiles/parsyfiles/tests/parsing_capabilities_by_type/primitives_data/float/err/pickle-str-truth]
(P) /home/travis/build/smarie/python-parsyfiles/parsyfiles/tests/parsing_capabilities_by_type/primitives_data/float/err/pickle-str-truth.pyc -&gt; float ------- using &lt;read_object_from_pickle&gt;
  !! Caught error during execution !!
  File &quot;/home/travis/build/smarie/python-parsyfiles/parsyfiles/parsing_combining_parsers.py&quot;, line 31, in execute
    return self.pp.execute(logger, options)
  File &quot;/home/travis/build/smarie/python-parsyfiles/parsyfiles/parsing_core.py&quot;, line 139, in execute
    res = super(_BaseParsingPlan, self).execute(logger, options)
  File &quot;/home/travis/build/smarie/python-parsyfiles/parsyfiles/parsing_core_api.py&quot;, line 427, in execute
    res, options)
  ParsingException : Error while parsing /home/travis/build/smarie/python-parsyfiles/parsyfiles/tests/parsing_capabilities_by_type/primitives_data/float/err/pickle-str-truth (singlefile, .pyc) as a &lt;class &apos;float&apos;&gt; with parser &apos;&lt;read_object_from_pickle&gt;&apos; using options=({&apos;MultifileCollectionParser&apos;: {&apos;lazy_parsing&apos;: False}}) : 
      parser returned truth of type &lt;class &apos;str&apos;&gt; which is not an instance of &lt;class &apos;float&apos;&gt;
</system-out></testcase><testcase classname="parsyfiles.tests.parsing_capabilities_by_type.test_parse_primitives" file="parsyfiles/tests/parsing_capabilities_by_type/test_parse_primitives.py" line="179" name="test_parse_by_type[float-err-txt-str-.txt]" time="0.04354119300842285"><system-out>**** Starting to parse single object of type &lt;float&gt; at location /home/travis/build/smarie/python-parsyfiles/parsyfiles/tests/parsing_capabilities_by_type/primitives_data/float/err/txt-str- ****
Checking all files under [/home/travis/build/smarie/python-parsyfiles/parsyfiles/tests/parsing_capabilities_by_type/primitives_data/float/err/txt-str-]
(C) /home/travis/build/smarie/python-parsyfiles/parsyfiles/tests/parsing_capabilities_by_type/primitives_data/float/err/txt-str- (singlefile, .txt)
File checks done

Building a parsing plan to parse [/home/travis/build/smarie/python-parsyfiles/parsyfiles/tests/parsing_capabilities_by_type/primitives_data/float/err/txt-str-] into a float
(B) /home/travis/build/smarie/python-parsyfiles/parsyfiles/tests/parsing_capabilities_by_type/primitives_data/float/err/txt-str-.txt -&gt; float ------- using [Try &apos;$&lt;read_str_from_txt&gt; =&gt; &lt;str_to_float&gt;$&apos; then &apos;$&lt;read_str_from_txt&gt; =&gt; &lt;base64_ascii_str_pickle_to_object&gt; -&gt; &lt;bool_to_float&gt;$&apos; then &apos;$&lt;read_str_from_txt&gt; =&gt; &lt;base64_ascii_str_pickle_to_object&gt; -&gt; &lt;int_to_float&gt;$&apos; then &apos;$&lt;read_str_from_txt&gt; =&gt; &lt;base64_ascii_str_pickle_to_object&gt; -&gt; &lt;str_to_float&gt;$&apos; then &apos;$&lt;read_str_from_txt&gt; =&gt; &lt;base64_ascii_str_pickle_to_object&gt;$]&apos;]
(B)                                                                                                                  |--txt-str-.txt -&gt; float ------- using $&lt;read_str_from_txt&gt; =&gt; &lt;str_to_float&gt;$
Parsing Plan created successfully

Executing Parsing Plan for [/home/travis/build/smarie/python-parsyfiles/parsyfiles/tests/parsing_capabilities_by_type/primitives_data/float/err/txt-str-]
(P) /home/travis/build/smarie/python-parsyfiles/parsyfiles/tests/parsing_capabilities_by_type/primitives_data/float/err/txt-str-.txt -&gt; float ------- using $&lt;read_str_from_txt&gt; =&gt; &lt;str_to_float&gt;$
  !! Caught error during execution !!
  File &quot;/home/travis/build/smarie/python-parsyfiles/parsyfiles/plugins_base/support_for_primitive_types.py&quot;, line 61, in primitive_to_float
    source = literal_eval(source)
  File &quot;/opt/python/3.5.5/lib/python3.5/ast.py&quot;, line 46, in literal_eval
    node_or_string = parse(node_or_string, mode=&apos;eval&apos;)
  File &quot;/opt/python/3.5.5/lib/python3.5/ast.py&quot;, line 35, in parse
    return compile(source, filename, mode, PyCF_ONLY_AST)
  ParsingException : Error while parsing /home/travis/build/smarie/python-parsyfiles/parsyfiles/tests/parsing_capabilities_by_type/primitives_data/float/err/txt-str- (singlefile, .txt) as a float with parser &apos;$&lt;read_str_from_txt&gt; =&gt; &lt;str_to_float&gt;$&apos; using options=({&apos;MultifileCollectionParser&apos;: {&apos;lazy_parsing&apos;: False}}) : caught 
  SyntaxError : unexpected EOF while parsing (&lt;unknown&gt;, line 0)
Rebuilding local parsing plan with next candidate parser: $&lt;read_str_from_txt&gt; =&gt; &lt;base64_ascii_str_pickle_to_object&gt; -&gt; &lt;bool_to_float&gt;$
(B)                                                                                                                  |--txt-str-.txt -&gt; float ------- using $&lt;read_str_from_txt&gt; =&gt; &lt;base64_ascii_str_pickle_to_object&gt; -&gt; &lt;bool_to_float&gt;$
DONE Rebuilding local parsing plan for [/home/travis/build/smarie/python-parsyfiles/parsyfiles/tests/parsing_capabilities_by_type/primitives_data/float/err/txt-str-.txt]. Resuming parsing...
Executing Parsing Plan for [/home/travis/build/smarie/python-parsyfiles/parsyfiles/tests/parsing_capabilities_by_type/primitives_data/float/err/txt-str-]
(P) /home/travis/build/smarie/python-parsyfiles/parsyfiles/tests/parsing_capabilities_by_type/primitives_data/float/err/txt-str-.txt -&gt; float ------- using $&lt;read_str_from_txt&gt; =&gt; &lt;base64_ascii_str_pickle_to_object&gt; -&gt; &lt;bool_to_float&gt;$
  !! Caught error during execution !!
  File &quot;/home/travis/build/smarie/python-parsyfiles/parsyfiles/converting_core.py&quot;, line 319, in convert
    return self._convert(desired_type, source_obj, logger, options)
  File &quot;/home/travis/build/smarie/python-parsyfiles/parsyfiles/converting_core.py&quot;, line 524, in _convert
    return self.conversion_method(desired_type, source_obj, logger, **opts)
  File &quot;/home/travis/build/smarie/python-parsyfiles/parsyfiles/plugins_base/support_for_objects.py&quot;, line 54, in base64_ascii_str_pickle_to_object
    return pickle.loads(base64.b64decode(b64_ascii_str), fix_imports=True, encoding=&quot;ASCII&quot;, errors=&quot;strict&quot;)
  ParsingException : Error while parsing /home/travis/build/smarie/python-parsyfiles/parsyfiles/tests/parsing_capabilities_by_type/primitives_data/float/err/txt-str- (singlefile, .txt) as a float with parser &apos;$&lt;read_str_from_txt&gt; =&gt; &lt;base64_ascii_str_pickle_to_object&gt; -&gt; &lt;bool_to_float&gt;$&apos; using options=({&apos;MultifileCollectionParser&apos;: {&apos;lazy_parsing&apos;: False}}) : caught 
  EOFError : Ran out of input
Rebuilding local parsing plan with next candidate parser: $&lt;read_str_from_txt&gt; =&gt; &lt;base64_ascii_str_pickle_to_object&gt; -&gt; &lt;int_to_float&gt;$
(B)                                                                                                                  |--txt-str-.txt -&gt; float ------- using $&lt;read_str_from_txt&gt; =&gt; &lt;base64_ascii_str_pickle_to_object&gt; -&gt; &lt;int_to_float&gt;$
DONE Rebuilding local parsing plan for [/home/travis/build/smarie/python-parsyfiles/parsyfiles/tests/parsing_capabilities_by_type/primitives_data/float/err/txt-str-.txt]. Resuming parsing...
Executing Parsing Plan for [/home/travis/build/smarie/python-parsyfiles/parsyfiles/tests/parsing_capabilities_by_type/primitives_data/float/err/txt-str-]
(P) /home/travis/build/smarie/python-parsyfiles/parsyfiles/tests/parsing_capabilities_by_type/primitives_data/float/err/txt-str-.txt -&gt; float ------- using $&lt;read_str_from_txt&gt; =&gt; &lt;base64_ascii_str_pickle_to_object&gt; -&gt; &lt;int_to_float&gt;$
  !! Caught error during execution !!
  File &quot;/home/travis/build/smarie/python-parsyfiles/parsyfiles/converting_core.py&quot;, line 319, in convert
    return self._convert(desired_type, source_obj, logger, options)
  File &quot;/home/travis/build/smarie/python-parsyfiles/parsyfiles/converting_core.py&quot;, line 524, in _convert
    return self.conversion_method(desired_type, source_obj, logger, **opts)
  File &quot;/home/travis/build/smarie/python-parsyfiles/parsyfiles/plugins_base/support_for_objects.py&quot;, line 54, in base64_ascii_str_pickle_to_object
    return pickle.loads(base64.b64decode(b64_ascii_str), fix_imports=True, encoding=&quot;ASCII&quot;, errors=&quot;strict&quot;)
  ParsingException : Error while parsing /home/travis/build/smarie/python-parsyfiles/parsyfiles/tests/parsing_capabilities_by_type/primitives_data/float/err/txt-str- (singlefile, .txt) as a float with parser &apos;$&lt;read_str_from_txt&gt; =&gt; &lt;base64_ascii_str_pickle_to_object&gt; -&gt; &lt;int_to_float&gt;$&apos; using options=({&apos;MultifileCollectionParser&apos;: {&apos;lazy_parsing&apos;: False}}) : caught 
  EOFError : Ran out of input
Rebuilding local parsing plan with next candidate parser: $&lt;read_str_from_txt&gt; =&gt; &lt;base64_ascii_str_pickle_to_object&gt; -&gt; &lt;str_to_float&gt;$
(B)                                                                                                                  |--txt-str-.txt -&gt; float ------- using $&lt;read_str_from_txt&gt; =&gt; &lt;base64_ascii_str_pickle_to_object&gt; -&gt; &lt;str_to_float&gt;$
DONE Rebuilding local parsing plan for [/home/travis/build/smarie/python-parsyfiles/parsyfiles/tests/parsing_capabilities_by_type/primitives_data/float/err/txt-str-.txt]. Resuming parsing...
Executing Parsing Plan for [/home/travis/build/smarie/python-parsyfiles/parsyfiles/tests/parsing_capabilities_by_type/primitives_data/float/err/txt-str-]
(P) /home/travis/build/smarie/python-parsyfiles/parsyfiles/tests/parsing_capabilities_by_type/primitives_data/float/err/txt-str-.txt -&gt; float ------- using $&lt;read_str_from_txt&gt; =&gt; &lt;base64_ascii_str_pickle_to_object&gt; -&gt; &lt;str_to_float&gt;$
  !! Caught error during execution !!
  File &quot;/home/travis/build/smarie/python-parsyfiles/parsyfiles/converting_core.py&quot;, line 319, in convert
    return self._convert(desired_type, source_obj, logger, options)
  File &quot;/home/travis/build/smarie/python-parsyfiles/parsyfiles/converting_core.py&quot;, line 524, in _convert
    return self.conversion_method(desired_type, source_obj, logger, **opts)
  File &quot;/home/travis/build/smarie/python-parsyfiles/parsyfiles/plugins_base/support_for_objects.py&quot;, line 54, in base64_ascii_str_pickle_to_object
    return pickle.loads(base64.b64decode(b64_ascii_str), fix_imports=True, encoding=&quot;ASCII&quot;, errors=&quot;strict&quot;)
  ParsingException : Error while parsing /home/travis/build/smarie/python-parsyfiles/parsyfiles/tests/parsing_capabilities_by_type/primitives_data/float/err/txt-str- (singlefile, .txt) as a float with parser &apos;$&lt;read_str_from_txt&gt; =&gt; &lt;base64_ascii_str_pickle_to_object&gt; -&gt; &lt;str_to_float&gt;$&apos; using options=({&apos;MultifileCollectionParser&apos;: {&apos;lazy_parsing&apos;: False}}) : caught 
  EOFError : Ran out of input
Rebuilding local parsing plan with next candidate parser: $&lt;read_str_from_txt&gt; =&gt; &lt;base64_ascii_str_pickle_to_object&gt;$
(B)                                                                                                                  |--txt-str-.txt -&gt; float ------- using $&lt;read_str_from_txt&gt; =&gt; &lt;base64_ascii_str_pickle_to_object&gt;$
DONE Rebuilding local parsing plan for [/home/travis/build/smarie/python-parsyfiles/parsyfiles/tests/parsing_capabilities_by_type/primitives_data/float/err/txt-str-.txt]. Resuming parsing...
Executing Parsing Plan for [/home/travis/build/smarie/python-parsyfiles/parsyfiles/tests/parsing_capabilities_by_type/primitives_data/float/err/txt-str-]
(P) /home/travis/build/smarie/python-parsyfiles/parsyfiles/tests/parsing_capabilities_by_type/primitives_data/float/err/txt-str-.txt -&gt; float ------- using $&lt;read_str_from_txt&gt; =&gt; &lt;base64_ascii_str_pickle_to_object&gt;$
  !! Caught error during execution !!
  File &quot;/home/travis/build/smarie/python-parsyfiles/parsyfiles/converting_core.py&quot;, line 319, in convert
    return self._convert(desired_type, source_obj, logger, options)
  File &quot;/home/travis/build/smarie/python-parsyfiles/parsyfiles/converting_core.py&quot;, line 524, in _convert
    return self.conversion_method(desired_type, source_obj, logger, **opts)
  File &quot;/home/travis/build/smarie/python-parsyfiles/parsyfiles/plugins_base/support_for_objects.py&quot;, line 54, in base64_ascii_str_pickle_to_object
    return pickle.loads(base64.b64decode(b64_ascii_str), fix_imports=True, encoding=&quot;ASCII&quot;, errors=&quot;strict&quot;)
  ParsingException : Error while parsing /home/travis/build/smarie/python-parsyfiles/parsyfiles/tests/parsing_capabilities_by_type/primitives_data/float/err/txt-str- (singlefile, .txt) as a float with parser &apos;$&lt;read_str_from_txt&gt; =&gt; &lt;base64_ascii_str_pickle_to_object&gt;$&apos; using options=({&apos;MultifileCollectionParser&apos;: {&apos;lazy_parsing&apos;: False}}) : caught 
  EOFError : Ran out of input
</system-out></testcase><testcase classname="parsyfiles.tests.parsing_capabilities_by_type.test_parse_primitives" file="parsyfiles/tests/parsing_capabilities_by_type/test_parse_primitives.py" line="179" name="test_parse_by_type[float-err-b64pickle-str-.txt]" time="0.04100155830383301"><system-out>**** Starting to parse single object of type &lt;float&gt; at location /home/travis/build/smarie/python-parsyfiles/parsyfiles/tests/parsing_capabilities_by_type/primitives_data/float/err/b64pickle-str- ****
Checking all files under [/home/travis/build/smarie/python-parsyfiles/parsyfiles/tests/parsing_capabilities_by_type/primitives_data/float/err/b64pickle-str-]
(C) /home/travis/build/smarie/python-parsyfiles/parsyfiles/tests/parsing_capabilities_by_type/primitives_data/float/err/b64pickle-str- (singlefile, .txt)
File checks done

Building a parsing plan to parse [/home/travis/build/smarie/python-parsyfiles/parsyfiles/tests/parsing_capabilities_by_type/primitives_data/float/err/b64pickle-str-] into a float
(B) /home/travis/build/smarie/python-parsyfiles/parsyfiles/tests/parsing_capabilities_by_type/primitives_data/float/err/b64pickle-str-.txt -&gt; float ------- using [Try &apos;$&lt;read_str_from_txt&gt; =&gt; &lt;str_to_float&gt;$&apos; then &apos;$&lt;read_str_from_txt&gt; =&gt; &lt;base64_ascii_str_pickle_to_object&gt; -&gt; &lt;bool_to_float&gt;$&apos; then &apos;$&lt;read_str_from_txt&gt; =&gt; &lt;base64_ascii_str_pickle_to_object&gt; -&gt; &lt;int_to_float&gt;$&apos; then &apos;$&lt;read_str_from_txt&gt; =&gt; &lt;base64_ascii_str_pickle_to_object&gt; -&gt; &lt;str_to_float&gt;$&apos; then &apos;$&lt;read_str_from_txt&gt; =&gt; &lt;base64_ascii_str_pickle_to_object&gt;$]&apos;]
(B)                                                                                                                  |--b64pickle-str-.txt -&gt; float ------- using $&lt;read_str_from_txt&gt; =&gt; &lt;str_to_float&gt;$
Parsing Plan created successfully

Executing Parsing Plan for [/home/travis/build/smarie/python-parsyfiles/parsyfiles/tests/parsing_capabilities_by_type/primitives_data/float/err/b64pickle-str-]
(P) /home/travis/build/smarie/python-parsyfiles/parsyfiles/tests/parsing_capabilities_by_type/primitives_data/float/err/b64pickle-str-.txt -&gt; float ------- using $&lt;read_str_from_txt&gt; =&gt; &lt;str_to_float&gt;$
  !! Caught error during execution !!
  File &quot;/home/travis/build/smarie/python-parsyfiles/parsyfiles/plugins_base/support_for_primitive_types.py&quot;, line 61, in primitive_to_float
    source = literal_eval(source)
  File &quot;/opt/python/3.5.5/lib/python3.5/ast.py&quot;, line 46, in literal_eval
    node_or_string = parse(node_or_string, mode=&apos;eval&apos;)
  File &quot;/opt/python/3.5.5/lib/python3.5/ast.py&quot;, line 35, in parse
    return compile(source, filename, mode, PyCF_ONLY_AST)
  ParsingException : Error while parsing /home/travis/build/smarie/python-parsyfiles/parsyfiles/tests/parsing_capabilities_by_type/primitives_data/float/err/b64pickle-str- (singlefile, .txt) as a float with parser &apos;$&lt;read_str_from_txt&gt; =&gt; &lt;str_to_float&gt;$&apos; using options=({&apos;MultifileCollectionParser&apos;: {&apos;lazy_parsing&apos;: False}}) : caught 
  SyntaxError : unexpected EOF while parsing (&lt;unknown&gt;, line 1)
Rebuilding local parsing plan with next candidate parser: $&lt;read_str_from_txt&gt; =&gt; &lt;base64_ascii_str_pickle_to_object&gt; -&gt; &lt;bool_to_float&gt;$
(B)                                                                                                                  |--b64pickle-str-.txt -&gt; float ------- using $&lt;read_str_from_txt&gt; =&gt; &lt;base64_ascii_str_pickle_to_object&gt; -&gt; &lt;bool_to_float&gt;$
DONE Rebuilding local parsing plan for [/home/travis/build/smarie/python-parsyfiles/parsyfiles/tests/parsing_capabilities_by_type/primitives_data/float/err/b64pickle-str-.txt]. Resuming parsing...
Executing Parsing Plan for [/home/travis/build/smarie/python-parsyfiles/parsyfiles/tests/parsing_capabilities_by_type/primitives_data/float/err/b64pickle-str-]
(P) /home/travis/build/smarie/python-parsyfiles/parsyfiles/tests/parsing_capabilities_by_type/primitives_data/float/err/b64pickle-str-.txt -&gt; float ------- using $&lt;read_str_from_txt&gt; =&gt; &lt;base64_ascii_str_pickle_to_object&gt; -&gt; &lt;bool_to_float&gt;$
  !! Caught error during execution !!
  File &quot;/home/travis/build/smarie/python-parsyfiles/parsyfiles/converting_core.py&quot;, line 319, in convert
    return self._convert(desired_type, source_obj, logger, options)
  File &quot;/home/travis/build/smarie/python-parsyfiles/parsyfiles/converting_core.py&quot;, line 770, in _convert
    return self._converters_list[-1].convert(desired_type, obj, logger, options)
  File &quot;/home/travis/build/smarie/python-parsyfiles/parsyfiles/converting_core.py&quot;, line 321, in convert
    raise ConversionException.create_not_able_to_convert(source_obj, self, desired_type)
  ParsingException : Error while parsing /home/travis/build/smarie/python-parsyfiles/parsyfiles/tests/parsing_capabilities_by_type/primitives_data/float/err/b64pickle-str- (singlefile, .txt) as a float with parser &apos;$&lt;read_str_from_txt&gt; =&gt; &lt;base64_ascii_str_pickle_to_object&gt; -&gt; &lt;bool_to_float&gt;$&apos; using options=({&apos;MultifileCollectionParser&apos;: {&apos;lazy_parsing&apos;: False}}) : caught 
  ConversionException : Converter &lt;bool_to_float&gt; is not able to ingest source value &apos;&apos; of type &apos;str&apos; and/or convert it to type &apos;float&apos;. This can happen in a chain when the previous step in the chain is generic and actually produced  an output of the wrong type/content
Rebuilding local parsing plan with next candidate parser: $&lt;read_str_from_txt&gt; =&gt; &lt;base64_ascii_str_pickle_to_object&gt; -&gt; &lt;int_to_float&gt;$
(B)                                                                                                                  |--b64pickle-str-.txt -&gt; float ------- using $&lt;read_str_from_txt&gt; =&gt; &lt;base64_ascii_str_pickle_to_object&gt; -&gt; &lt;int_to_float&gt;$
DONE Rebuilding local parsing plan for [/home/travis/build/smarie/python-parsyfiles/parsyfiles/tests/parsing_capabilities_by_type/primitives_data/float/err/b64pickle-str-.txt]. Resuming parsing...
Executing Parsing Plan for [/home/travis/build/smarie/python-parsyfiles/parsyfiles/tests/parsing_capabilities_by_type/primitives_data/float/err/b64pickle-str-]
(P) /home/travis/build/smarie/python-parsyfiles/parsyfiles/tests/parsing_capabilities_by_type/primitives_data/float/err/b64pickle-str-.txt -&gt; float ------- using $&lt;read_str_from_txt&gt; =&gt; &lt;base64_ascii_str_pickle_to_object&gt; -&gt; &lt;int_to_float&gt;$
  !! Caught error during execution !!
  File &quot;/home/travis/build/smarie/python-parsyfiles/parsyfiles/converting_core.py&quot;, line 319, in convert
    return self._convert(desired_type, source_obj, logger, options)
  File &quot;/home/travis/build/smarie/python-parsyfiles/parsyfiles/converting_core.py&quot;, line 770, in _convert
    return self._converters_list[-1].convert(desired_type, obj, logger, options)
  File &quot;/home/travis/build/smarie/python-parsyfiles/parsyfiles/converting_core.py&quot;, line 321, in convert
    raise ConversionException.create_not_able_to_convert(source_obj, self, desired_type)
  ParsingException : Error while parsing /home/travis/build/smarie/python-parsyfiles/parsyfiles/tests/parsing_capabilities_by_type/primitives_data/float/err/b64pickle-str- (singlefile, .txt) as a float with parser &apos;$&lt;read_str_from_txt&gt; =&gt; &lt;base64_ascii_str_pickle_to_object&gt; -&gt; &lt;int_to_float&gt;$&apos; using options=({&apos;MultifileCollectionParser&apos;: {&apos;lazy_parsing&apos;: False}}) : caught 
  ConversionException : Converter &lt;int_to_float&gt; is not able to ingest source value &apos;&apos; of type &apos;str&apos; and/or convert it to type &apos;float&apos;. This can happen in a chain when the previous step in the chain is generic and actually produced  an output of the wrong type/content
Rebuilding local parsing plan with next candidate parser: $&lt;read_str_from_txt&gt; =&gt; &lt;base64_ascii_str_pickle_to_object&gt; -&gt; &lt;str_to_float&gt;$
(B)                                                                                                                  |--b64pickle-str-.txt -&gt; float ------- using $&lt;read_str_from_txt&gt; =&gt; &lt;base64_ascii_str_pickle_to_object&gt; -&gt; &lt;str_to_float&gt;$
DONE Rebuilding local parsing plan for [/home/travis/build/smarie/python-parsyfiles/parsyfiles/tests/parsing_capabilities_by_type/primitives_data/float/err/b64pickle-str-.txt]. Resuming parsing...
Executing Parsing Plan for [/home/travis/build/smarie/python-parsyfiles/parsyfiles/tests/parsing_capabilities_by_type/primitives_data/float/err/b64pickle-str-]
(P) /home/travis/build/smarie/python-parsyfiles/parsyfiles/tests/parsing_capabilities_by_type/primitives_data/float/err/b64pickle-str-.txt -&gt; float ------- using $&lt;read_str_from_txt&gt; =&gt; &lt;base64_ascii_str_pickle_to_object&gt; -&gt; &lt;str_to_float&gt;$
  !! Caught error during execution !!
  File &quot;/home/travis/build/smarie/python-parsyfiles/parsyfiles/plugins_base/support_for_primitive_types.py&quot;, line 61, in primitive_to_float
    source = literal_eval(source)
  File &quot;/opt/python/3.5.5/lib/python3.5/ast.py&quot;, line 46, in literal_eval
    node_or_string = parse(node_or_string, mode=&apos;eval&apos;)
  File &quot;/opt/python/3.5.5/lib/python3.5/ast.py&quot;, line 35, in parse
    return compile(source, filename, mode, PyCF_ONLY_AST)
  ParsingException : Error while parsing /home/travis/build/smarie/python-parsyfiles/parsyfiles/tests/parsing_capabilities_by_type/primitives_data/float/err/b64pickle-str- (singlefile, .txt) as a float with parser &apos;$&lt;read_str_from_txt&gt; =&gt; &lt;base64_ascii_str_pickle_to_object&gt; -&gt; &lt;str_to_float&gt;$&apos; using options=({&apos;MultifileCollectionParser&apos;: {&apos;lazy_parsing&apos;: False}}) : caught 
  SyntaxError : unexpected EOF while parsing (&lt;unknown&gt;, line 0)
Rebuilding local parsing plan with next candidate parser: $&lt;read_str_from_txt&gt; =&gt; &lt;base64_ascii_str_pickle_to_object&gt;$
(B)                                                                                                                  |--b64pickle-str-.txt -&gt; float ------- using $&lt;read_str_from_txt&gt; =&gt; &lt;base64_ascii_str_pickle_to_object&gt;$
DONE Rebuilding local parsing plan for [/home/travis/build/smarie/python-parsyfiles/parsyfiles/tests/parsing_capabilities_by_type/primitives_data/float/err/b64pickle-str-.txt]. Resuming parsing...
Executing Parsing Plan for [/home/travis/build/smarie/python-parsyfiles/parsyfiles/tests/parsing_capabilities_by_type/primitives_data/float/err/b64pickle-str-]
(P) /home/travis/build/smarie/python-parsyfiles/parsyfiles/tests/parsing_capabilities_by_type/primitives_data/float/err/b64pickle-str-.txt -&gt; float ------- using $&lt;read_str_from_txt&gt; =&gt; &lt;base64_ascii_str_pickle_to_object&gt;$
  !! Caught error during execution !!
  File &quot;/home/travis/build/smarie/python-parsyfiles/parsyfiles/parsing_combining_parsers.py&quot;, line 31, in execute
    return self.pp.execute(logger, options)
  File &quot;/home/travis/build/smarie/python-parsyfiles/parsyfiles/parsing_core.py&quot;, line 139, in execute
    res = super(_BaseParsingPlan, self).execute(logger, options)
  File &quot;/home/travis/build/smarie/python-parsyfiles/parsyfiles/parsing_core_api.py&quot;, line 427, in execute
    res, options)
  ParsingException : Error while parsing /home/travis/build/smarie/python-parsyfiles/parsyfiles/tests/parsing_capabilities_by_type/primitives_data/float/err/b64pickle-str- (singlefile, .txt) as a &lt;class &apos;float&apos;&gt; with parser &apos;$&lt;read_str_from_txt&gt; =&gt; &lt;base64_ascii_str_pickle_to_object&gt;$&apos; using options=({&apos;MultifileCollectionParser&apos;: {&apos;lazy_parsing&apos;: False}}) : 
      parser returned  of type &lt;class &apos;str&apos;&gt; which is not an instance of &lt;class &apos;float&apos;&gt;
</system-out></testcase><testcase classname="parsyfiles.tests.parsing_capabilities_by_type.test_parse_primitives" file="parsyfiles/tests/parsing_capabilities_by_type/test_parse_primitives.py" line="179" name="test_parse_by_type[float-err-b64pickle-str-truth.txt]" time="0.04658627510070801"><system-out>**** Starting to parse single object of type &lt;float&gt; at location /home/travis/build/smarie/python-parsyfiles/parsyfiles/tests/parsing_capabilities_by_type/primitives_data/float/err/b64pickle-str-truth ****
Checking all files under [/home/travis/build/smarie/python-parsyfiles/parsyfiles/tests/parsing_capabilities_by_type/primitives_data/float/err/b64pickle-str-truth]
(C) /home/travis/build/smarie/python-parsyfiles/parsyfiles/tests/parsing_capabilities_by_type/primitives_data/float/err/b64pickle-str-truth (singlefile, .txt)
File checks done

Building a parsing plan to parse [/home/travis/build/smarie/python-parsyfiles/parsyfiles/tests/parsing_capabilities_by_type/primitives_data/float/err/b64pickle-str-truth] into a float
(B) /home/travis/build/smarie/python-parsyfiles/parsyfiles/tests/parsing_capabilities_by_type/primitives_data/float/err/b64pickle-str-truth.txt -&gt; float ------- using [Try &apos;$&lt;read_str_from_txt&gt; =&gt; &lt;str_to_float&gt;$&apos; then &apos;$&lt;read_str_from_txt&gt; =&gt; &lt;base64_ascii_str_pickle_to_object&gt; -&gt; &lt;bool_to_float&gt;$&apos; then &apos;$&lt;read_str_from_txt&gt; =&gt; &lt;base64_ascii_str_pickle_to_object&gt; -&gt; &lt;int_to_float&gt;$&apos; then &apos;$&lt;read_str_from_txt&gt; =&gt; &lt;base64_ascii_str_pickle_to_object&gt; -&gt; &lt;str_to_float&gt;$&apos; then &apos;$&lt;read_str_from_txt&gt; =&gt; &lt;base64_ascii_str_pickle_to_object&gt;$]&apos;]
(B)                                                                                                                  |--b64pickle-str-truth.txt -&gt; float ------- using $&lt;read_str_from_txt&gt; =&gt; &lt;str_to_float&gt;$
Parsing Plan created successfully

Executing Parsing Plan for [/home/travis/build/smarie/python-parsyfiles/parsyfiles/tests/parsing_capabilities_by_type/primitives_data/float/err/b64pickle-str-truth]
(P) /home/travis/build/smarie/python-parsyfiles/parsyfiles/tests/parsing_capabilities_by_type/primitives_data/float/err/b64pickle-str-truth.txt -&gt; float ------- using $&lt;read_str_from_txt&gt; =&gt; &lt;str_to_float&gt;$
  !! Caught error during execution !!
  File &quot;/home/travis/build/smarie/python-parsyfiles/parsyfiles/plugins_base/support_for_primitive_types.py&quot;, line 61, in primitive_to_float
    source = literal_eval(source)
  File &quot;/opt/python/3.5.5/lib/python3.5/ast.py&quot;, line 84, in literal_eval
    return _convert(node_or_string)
  File &quot;/opt/python/3.5.5/lib/python3.5/ast.py&quot;, line 83, in _convert
    raise ValueError(&apos;malformed node or string: &apos; + repr(node))
  ParsingException : Error while parsing /home/travis/build/smarie/python-parsyfiles/parsyfiles/tests/parsing_capabilities_by_type/primitives_data/float/err/b64pickle-str-truth (singlefile, .txt) as a float with parser &apos;$&lt;read_str_from_txt&gt; =&gt; &lt;str_to_float&gt;$&apos; using options=({&apos;MultifileCollectionParser&apos;: {&apos;lazy_parsing&apos;: False}}) : caught 
  ValueError : malformed node or string: &lt;_ast.Name object at 0x7fab06ed6a20&gt;
Rebuilding local parsing plan with next candidate parser: $&lt;read_str_from_txt&gt; =&gt; &lt;base64_ascii_str_pickle_to_object&gt; -&gt; &lt;bool_to_float&gt;$
(B)                                                                                                                  |--b64pickle-str-truth.txt -&gt; float ------- using $&lt;read_str_from_txt&gt; =&gt; &lt;base64_ascii_str_pickle_to_object&gt; -&gt; &lt;bool_to_float&gt;$
DONE Rebuilding local parsing plan for [/home/travis/build/smarie/python-parsyfiles/parsyfiles/tests/parsing_capabilities_by_type/primitives_data/float/err/b64pickle-str-truth.txt]. Resuming parsing...
Executing Parsing Plan for [/home/travis/build/smarie/python-parsyfiles/parsyfiles/tests/parsing_capabilities_by_type/primitives_data/float/err/b64pickle-str-truth]
(P) /home/travis/build/smarie/python-parsyfiles/parsyfiles/tests/parsing_capabilities_by_type/primitives_data/float/err/b64pickle-str-truth.txt -&gt; float ------- using $&lt;read_str_from_txt&gt; =&gt; &lt;base64_ascii_str_pickle_to_object&gt; -&gt; &lt;bool_to_float&gt;$
  !! Caught error during execution !!
  File &quot;/home/travis/build/smarie/python-parsyfiles/parsyfiles/converting_core.py&quot;, line 319, in convert
    return self._convert(desired_type, source_obj, logger, options)
  File &quot;/home/travis/build/smarie/python-parsyfiles/parsyfiles/converting_core.py&quot;, line 770, in _convert
    return self._converters_list[-1].convert(desired_type, obj, logger, options)
  File &quot;/home/travis/build/smarie/python-parsyfiles/parsyfiles/converting_core.py&quot;, line 321, in convert
    raise ConversionException.create_not_able_to_convert(source_obj, self, desired_type)
  ParsingException : Error while parsing /home/travis/build/smarie/python-parsyfiles/parsyfiles/tests/parsing_capabilities_by_type/primitives_data/float/err/b64pickle-str-truth (singlefile, .txt) as a float with parser &apos;$&lt;read_str_from_txt&gt; =&gt; &lt;base64_ascii_str_pickle_to_object&gt; -&gt; &lt;bool_to_float&gt;$&apos; using options=({&apos;MultifileCollectionParser&apos;: {&apos;lazy_parsing&apos;: False}}) : caught 
  ConversionException : Converter &lt;bool_to_float&gt; is not able to ingest source value &apos;truth&apos; of type &apos;str&apos; and/or convert it to type &apos;float&apos;. This can happen in a chain when the previous step in the chain is generic and actually produced  an output of the wrong type/content
Rebuilding local parsing plan with next candidate parser: $&lt;read_str_from_txt&gt; =&gt; &lt;base64_ascii_str_pickle_to_object&gt; -&gt; &lt;int_to_float&gt;$
(B)                                                                                                                  |--b64pickle-str-truth.txt -&gt; float ------- using $&lt;read_str_from_txt&gt; =&gt; &lt;base64_ascii_str_pickle_to_object&gt; -&gt; &lt;int_to_float&gt;$
DONE Rebuilding local parsing plan for [/home/travis/build/smarie/python-parsyfiles/parsyfiles/tests/parsing_capabilities_by_type/primitives_data/float/err/b64pickle-str-truth.txt]. Resuming parsing...
Executing Parsing Plan for [/home/travis/build/smarie/python-parsyfiles/parsyfiles/tests/parsing_capabilities_by_type/primitives_data/float/err/b64pickle-str-truth]
(P) /home/travis/build/smarie/python-parsyfiles/parsyfiles/tests/parsing_capabilities_by_type/primitives_data/float/err/b64pickle-str-truth.txt -&gt; float ------- using $&lt;read_str_from_txt&gt; =&gt; &lt;base64_ascii_str_pickle_to_object&gt; -&gt; &lt;int_to_float&gt;$
  !! Caught error during execution !!
  File &quot;/home/travis/build/smarie/python-parsyfiles/parsyfiles/converting_core.py&quot;, line 319, in convert
    return self._convert(desired_type, source_obj, logger, options)
  File &quot;/home/travis/build/smarie/python-parsyfiles/parsyfiles/converting_core.py&quot;, line 770, in _convert
    return self._converters_list[-1].convert(desired_type, obj, logger, options)
  File &quot;/home/travis/build/smarie/python-parsyfiles/parsyfiles/converting_core.py&quot;, line 321, in convert
    raise ConversionException.create_not_able_to_convert(source_obj, self, desired_type)
  ParsingException : Error while parsing /home/travis/build/smarie/python-parsyfiles/parsyfiles/tests/parsing_capabilities_by_type/primitives_data/float/err/b64pickle-str-truth (singlefile, .txt) as a float with parser &apos;$&lt;read_str_from_txt&gt; =&gt; &lt;base64_ascii_str_pickle_to_object&gt; -&gt; &lt;int_to_float&gt;$&apos; using options=({&apos;MultifileCollectionParser&apos;: {&apos;lazy_parsing&apos;: False}}) : caught 
  ConversionException : Converter &lt;int_to_float&gt; is not able to ingest source value &apos;truth&apos; of type &apos;str&apos; and/or convert it to type &apos;float&apos;. This can happen in a chain when the previous step in the chain is generic and actually produced  an output of the wrong type/content
Rebuilding local parsing plan with next candidate parser: $&lt;read_str_from_txt&gt; =&gt; &lt;base64_ascii_str_pickle_to_object&gt; -&gt; &lt;str_to_float&gt;$
(B)                                                                                                                  |--b64pickle-str-truth.txt -&gt; float ------- using $&lt;read_str_from_txt&gt; =&gt; &lt;base64_ascii_str_pickle_to_object&gt; -&gt; &lt;str_to_float&gt;$
DONE Rebuilding local parsing plan for [/home/travis/build/smarie/python-parsyfiles/parsyfiles/tests/parsing_capabilities_by_type/primitives_data/float/err/b64pickle-str-truth.txt]. Resuming parsing...
Executing Parsing Plan for [/home/travis/build/smarie/python-parsyfiles/parsyfiles/tests/parsing_capabilities_by_type/primitives_data/float/err/b64pickle-str-truth]
(P) /home/travis/build/smarie/python-parsyfiles/parsyfiles/tests/parsing_capabilities_by_type/primitives_data/float/err/b64pickle-str-truth.txt -&gt; float ------- using $&lt;read_str_from_txt&gt; =&gt; &lt;base64_ascii_str_pickle_to_object&gt; -&gt; &lt;str_to_float&gt;$
  !! Caught error during execution !!
  File &quot;/home/travis/build/smarie/python-parsyfiles/parsyfiles/plugins_base/support_for_primitive_types.py&quot;, line 61, in primitive_to_float
    source = literal_eval(source)
  File &quot;/opt/python/3.5.5/lib/python3.5/ast.py&quot;, line 84, in literal_eval
    return _convert(node_or_string)
  File &quot;/opt/python/3.5.5/lib/python3.5/ast.py&quot;, line 83, in _convert
    raise ValueError(&apos;malformed node or string: &apos; + repr(node))
  ParsingException : Error while parsing /home/travis/build/smarie/python-parsyfiles/parsyfiles/tests/parsing_capabilities_by_type/primitives_data/float/err/b64pickle-str-truth (singlefile, .txt) as a float with parser &apos;$&lt;read_str_from_txt&gt; =&gt; &lt;base64_ascii_str_pickle_to_object&gt; -&gt; &lt;str_to_float&gt;$&apos; using options=({&apos;MultifileCollectionParser&apos;: {&apos;lazy_parsing&apos;: False}}) : caught 
  ValueError : malformed node or string: &lt;_ast.Name object at 0x7fab06edd080&gt;
Rebuilding local parsing plan with next candidate parser: $&lt;read_str_from_txt&gt; =&gt; &lt;base64_ascii_str_pickle_to_object&gt;$
(B)                                                                                                                  |--b64pickle-str-truth.txt -&gt; float ------- using $&lt;read_str_from_txt&gt; =&gt; &lt;base64_ascii_str_pickle_to_object&gt;$
DONE Rebuilding local parsing plan for [/home/travis/build/smarie/python-parsyfiles/parsyfiles/tests/parsing_capabilities_by_type/primitives_data/float/err/b64pickle-str-truth.txt]. Resuming parsing...
Executing Parsing Plan for [/home/travis/build/smarie/python-parsyfiles/parsyfiles/tests/parsing_capabilities_by_type/primitives_data/float/err/b64pickle-str-truth]
(P) /home/travis/build/smarie/python-parsyfiles/parsyfiles/tests/parsing_capabilities_by_type/primitives_data/float/err/b64pickle-str-truth.txt -&gt; float ------- using $&lt;read_str_from_txt&gt; =&gt; &lt;base64_ascii_str_pickle_to_object&gt;$
  !! Caught error during execution !!
  File &quot;/home/travis/build/smarie/python-parsyfiles/parsyfiles/parsing_combining_parsers.py&quot;, line 31, in execute
    return self.pp.execute(logger, options)
  File &quot;/home/travis/build/smarie/python-parsyfiles/parsyfiles/parsing_core.py&quot;, line 139, in execute
    res = super(_BaseParsingPlan, self).execute(logger, options)
  File &quot;/home/travis/build/smarie/python-parsyfiles/parsyfiles/parsing_core_api.py&quot;, line 427, in execute
    res, options)
  ParsingException : Error while parsing /home/travis/build/smarie/python-parsyfiles/parsyfiles/tests/parsing_capabilities_by_type/primitives_data/float/err/b64pickle-str-truth (singlefile, .txt) as a &lt;class &apos;float&apos;&gt; with parser &apos;$&lt;read_str_from_txt&gt; =&gt; &lt;base64_ascii_str_pickle_to_object&gt;$&apos; using options=({&apos;MultifileCollectionParser&apos;: {&apos;lazy_parsing&apos;: False}}) : 
      parser returned truth of type &lt;class &apos;str&apos;&gt; which is not an instance of &lt;class &apos;float&apos;&gt;
</system-out></testcase><testcase classname="parsyfiles.tests.parsing_capabilities_by_type.test_parse_primitives" file="parsyfiles/tests/parsing_capabilities_by_type/test_parse_primitives.py" line="179" name="test_parse_by_type[float-err-txt-str-truth.txt]" time="0.04046916961669922"><system-out>**** Starting to parse single object of type &lt;float&gt; at location /home/travis/build/smarie/python-parsyfiles/parsyfiles/tests/parsing_capabilities_by_type/primitives_data/float/err/txt-str-truth ****
Checking all files under [/home/travis/build/smarie/python-parsyfiles/parsyfiles/tests/parsing_capabilities_by_type/primitives_data/float/err/txt-str-truth]
(C) /home/travis/build/smarie/python-parsyfiles/parsyfiles/tests/parsing_capabilities_by_type/primitives_data/float/err/txt-str-truth (singlefile, .txt)
File checks done

Building a parsing plan to parse [/home/travis/build/smarie/python-parsyfiles/parsyfiles/tests/parsing_capabilities_by_type/primitives_data/float/err/txt-str-truth] into a float
(B) /home/travis/build/smarie/python-parsyfiles/parsyfiles/tests/parsing_capabilities_by_type/primitives_data/float/err/txt-str-truth.txt -&gt; float ------- using [Try &apos;$&lt;read_str_from_txt&gt; =&gt; &lt;str_to_float&gt;$&apos; then &apos;$&lt;read_str_from_txt&gt; =&gt; &lt;base64_ascii_str_pickle_to_object&gt; -&gt; &lt;bool_to_float&gt;$&apos; then &apos;$&lt;read_str_from_txt&gt; =&gt; &lt;base64_ascii_str_pickle_to_object&gt; -&gt; &lt;int_to_float&gt;$&apos; then &apos;$&lt;read_str_from_txt&gt; =&gt; &lt;base64_ascii_str_pickle_to_object&gt; -&gt; &lt;str_to_float&gt;$&apos; then &apos;$&lt;read_str_from_txt&gt; =&gt; &lt;base64_ascii_str_pickle_to_object&gt;$]&apos;]
(B)                                                                                                                  |--txt-str-truth.txt -&gt; float ------- using $&lt;read_str_from_txt&gt; =&gt; &lt;str_to_float&gt;$
Parsing Plan created successfully

Executing Parsing Plan for [/home/travis/build/smarie/python-parsyfiles/parsyfiles/tests/parsing_capabilities_by_type/primitives_data/float/err/txt-str-truth]
(P) /home/travis/build/smarie/python-parsyfiles/parsyfiles/tests/parsing_capabilities_by_type/primitives_data/float/err/txt-str-truth.txt -&gt; float ------- using $&lt;read_str_from_txt&gt; =&gt; &lt;str_to_float&gt;$
  !! Caught error during execution !!
  File &quot;/home/travis/build/smarie/python-parsyfiles/parsyfiles/plugins_base/support_for_primitive_types.py&quot;, line 61, in primitive_to_float
    source = literal_eval(source)
  File &quot;/opt/python/3.5.5/lib/python3.5/ast.py&quot;, line 84, in literal_eval
    return _convert(node_or_string)
  File &quot;/opt/python/3.5.5/lib/python3.5/ast.py&quot;, line 83, in _convert
    raise ValueError(&apos;malformed node or string: &apos; + repr(node))
  ParsingException : Error while parsing /home/travis/build/smarie/python-parsyfiles/parsyfiles/tests/parsing_capabilities_by_type/primitives_data/float/err/txt-str-truth (singlefile, .txt) as a float with parser &apos;$&lt;read_str_from_txt&gt; =&gt; &lt;str_to_float&gt;$&apos; using options=({&apos;MultifileCollectionParser&apos;: {&apos;lazy_parsing&apos;: False}}) : caught 
  ValueError : malformed node or string: &lt;_ast.Name object at 0x7fab06edbbe0&gt;
Rebuilding local parsing plan with next candidate parser: $&lt;read_str_from_txt&gt; =&gt; &lt;base64_ascii_str_pickle_to_object&gt; -&gt; &lt;bool_to_float&gt;$
(B)                                                                                                                  |--txt-str-truth.txt -&gt; float ------- using $&lt;read_str_from_txt&gt; =&gt; &lt;base64_ascii_str_pickle_to_object&gt; -&gt; &lt;bool_to_float&gt;$
DONE Rebuilding local parsing plan for [/home/travis/build/smarie/python-parsyfiles/parsyfiles/tests/parsing_capabilities_by_type/primitives_data/float/err/txt-str-truth.txt]. Resuming parsing...
Executing Parsing Plan for [/home/travis/build/smarie/python-parsyfiles/parsyfiles/tests/parsing_capabilities_by_type/primitives_data/float/err/txt-str-truth]
(P) /home/travis/build/smarie/python-parsyfiles/parsyfiles/tests/parsing_capabilities_by_type/primitives_data/float/err/txt-str-truth.txt -&gt; float ------- using $&lt;read_str_from_txt&gt; =&gt; &lt;base64_ascii_str_pickle_to_object&gt; -&gt; &lt;bool_to_float&gt;$
  !! Caught error during execution !!
  File &quot;/home/travis/build/smarie/python-parsyfiles/parsyfiles/converting_core.py&quot;, line 524, in _convert
    return self.conversion_method(desired_type, source_obj, logger, **opts)
  File &quot;/home/travis/build/smarie/python-parsyfiles/parsyfiles/plugins_base/support_for_objects.py&quot;, line 54, in base64_ascii_str_pickle_to_object
    return pickle.loads(base64.b64decode(b64_ascii_str), fix_imports=True, encoding=&quot;ASCII&quot;, errors=&quot;strict&quot;)
  File &quot;/home/travis/virtualenv/python3.5.5/lib/python3.5/base64.py&quot;, line 88, in b64decode
    return binascii.a2b_base64(s)
  ParsingException : Error while parsing /home/travis/build/smarie/python-parsyfiles/parsyfiles/tests/parsing_capabilities_by_type/primitives_data/float/err/txt-str-truth (singlefile, .txt) as a float with parser &apos;$&lt;read_str_from_txt&gt; =&gt; &lt;base64_ascii_str_pickle_to_object&gt; -&gt; &lt;bool_to_float&gt;$&apos; using options=({&apos;MultifileCollectionParser&apos;: {&apos;lazy_parsing&apos;: False}}) : caught 
  Error : Incorrect padding
Rebuilding local parsing plan with next candidate parser: $&lt;read_str_from_txt&gt; =&gt; &lt;base64_ascii_str_pickle_to_object&gt; -&gt; &lt;int_to_float&gt;$
(B)                                                                                                                  |--txt-str-truth.txt -&gt; float ------- using $&lt;read_str_from_txt&gt; =&gt; &lt;base64_ascii_str_pickle_to_object&gt; -&gt; &lt;int_to_float&gt;$
DONE Rebuilding local parsing plan for [/home/travis/build/smarie/python-parsyfiles/parsyfiles/tests/parsing_capabilities_by_type/primitives_data/float/err/txt-str-truth.txt]. Resuming parsing...
Executing Parsing Plan for [/home/travis/build/smarie/python-parsyfiles/parsyfiles/tests/parsing_capabilities_by_type/primitives_data/float/err/txt-str-truth]
(P) /home/travis/build/smarie/python-parsyfiles/parsyfiles/tests/parsing_capabilities_by_type/primitives_data/float/err/txt-str-truth.txt -&gt; float ------- using $&lt;read_str_from_txt&gt; =&gt; &lt;base64_ascii_str_pickle_to_object&gt; -&gt; &lt;int_to_float&gt;$
  !! Caught error during execution !!
  File &quot;/home/travis/build/smarie/python-parsyfiles/parsyfiles/converting_core.py&quot;, line 524, in _convert
    return self.conversion_method(desired_type, source_obj, logger, **opts)
  File &quot;/home/travis/build/smarie/python-parsyfiles/parsyfiles/plugins_base/support_for_objects.py&quot;, line 54, in base64_ascii_str_pickle_to_object
    return pickle.loads(base64.b64decode(b64_ascii_str), fix_imports=True, encoding=&quot;ASCII&quot;, errors=&quot;strict&quot;)
  File &quot;/home/travis/virtualenv/python3.5.5/lib/python3.5/base64.py&quot;, line 88, in b64decode
    return binascii.a2b_base64(s)
  ParsingException : Error while parsing /home/travis/build/smarie/python-parsyfiles/parsyfiles/tests/parsing_capabilities_by_type/primitives_data/float/err/txt-str-truth (singlefile, .txt) as a float with parser &apos;$&lt;read_str_from_txt&gt; =&gt; &lt;base64_ascii_str_pickle_to_object&gt; -&gt; &lt;int_to_float&gt;$&apos; using options=({&apos;MultifileCollectionParser&apos;: {&apos;lazy_parsing&apos;: False}}) : caught 
  Error : Incorrect padding
Rebuilding local parsing plan with next candidate parser: $&lt;read_str_from_txt&gt; =&gt; &lt;base64_ascii_str_pickle_to_object&gt; -&gt; &lt;str_to_float&gt;$
(B)                                                                                                                  |--txt-str-truth.txt -&gt; float ------- using $&lt;read_str_from_txt&gt; =&gt; &lt;base64_ascii_str_pickle_to_object&gt; -&gt; &lt;str_to_float&gt;$
DONE Rebuilding local parsing plan for [/home/travis/build/smarie/python-parsyfiles/parsyfiles/tests/parsing_capabilities_by_type/primitives_data/float/err/txt-str-truth.txt]. Resuming parsing...
Executing Parsing Plan for [/home/travis/build/smarie/python-parsyfiles/parsyfiles/tests/parsing_capabilities_by_type/primitives_data/float/err/txt-str-truth]
(P) /home/travis/build/smarie/python-parsyfiles/parsyfiles/tests/parsing_capabilities_by_type/primitives_data/float/err/txt-str-truth.txt -&gt; float ------- using $&lt;read_str_from_txt&gt; =&gt; &lt;base64_ascii_str_pickle_to_object&gt; -&gt; &lt;str_to_float&gt;$
  !! Caught error during execution !!
  File &quot;/home/travis/build/smarie/python-parsyfiles/parsyfiles/converting_core.py&quot;, line 524, in _convert
    return self.conversion_method(desired_type, source_obj, logger, **opts)
  File &quot;/home/travis/build/smarie/python-parsyfiles/parsyfiles/plugins_base/support_for_objects.py&quot;, line 54, in base64_ascii_str_pickle_to_object
    return pickle.loads(base64.b64decode(b64_ascii_str), fix_imports=True, encoding=&quot;ASCII&quot;, errors=&quot;strict&quot;)
  File &quot;/home/travis/virtualenv/python3.5.5/lib/python3.5/base64.py&quot;, line 88, in b64decode
    return binascii.a2b_base64(s)
  ParsingException : Error while parsing /home/travis/build/smarie/python-parsyfiles/parsyfiles/tests/parsing_capabilities_by_type/primitives_data/float/err/txt-str-truth (singlefile, .txt) as a float with parser &apos;$&lt;read_str_from_txt&gt; =&gt; &lt;base64_ascii_str_pickle_to_object&gt; -&gt; &lt;str_to_float&gt;$&apos; using options=({&apos;MultifileCollectionParser&apos;: {&apos;lazy_parsing&apos;: False}}) : caught 
  Error : Incorrect padding
Rebuilding local parsing plan with next candidate parser: $&lt;read_str_from_txt&gt; =&gt; &lt;base64_ascii_str_pickle_to_object&gt;$
(B)                                                                                                                  |--txt-str-truth.txt -&gt; float ------- using $&lt;read_str_from_txt&gt; =&gt; &lt;base64_ascii_str_pickle_to_object&gt;$
DONE Rebuilding local parsing plan for [/home/travis/build/smarie/python-parsyfiles/parsyfiles/tests/parsing_capabilities_by_type/primitives_data/float/err/txt-str-truth.txt]. Resuming parsing...
Executing Parsing Plan for [/home/travis/build/smarie/python-parsyfiles/parsyfiles/tests/parsing_capabilities_by_type/primitives_data/float/err/txt-str-truth]
(P) /home/travis/build/smarie/python-parsyfiles/parsyfiles/tests/parsing_capabilities_by_type/primitives_data/float/err/txt-str-truth.txt -&gt; float ------- using $&lt;read_str_from_txt&gt; =&gt; &lt;base64_ascii_str_pickle_to_object&gt;$
  !! Caught error during execution !!
  File &quot;/home/travis/build/smarie/python-parsyfiles/parsyfiles/converting_core.py&quot;, line 524, in _convert
    return self.conversion_method(desired_type, source_obj, logger, **opts)
  File &quot;/home/travis/build/smarie/python-parsyfiles/parsyfiles/plugins_base/support_for_objects.py&quot;, line 54, in base64_ascii_str_pickle_to_object
    return pickle.loads(base64.b64decode(b64_ascii_str), fix_imports=True, encoding=&quot;ASCII&quot;, errors=&quot;strict&quot;)
  File &quot;/home/travis/virtualenv/python3.5.5/lib/python3.5/base64.py&quot;, line 88, in b64decode
    return binascii.a2b_base64(s)
  ParsingException : Error while parsing /home/travis/build/smarie/python-parsyfiles/parsyfiles/tests/parsing_capabilities_by_type/primitives_data/float/err/txt-str-truth (singlefile, .txt) as a float with parser &apos;$&lt;read_str_from_txt&gt; =&gt; &lt;base64_ascii_str_pickle_to_object&gt;$&apos; using options=({&apos;MultifileCollectionParser&apos;: {&apos;lazy_parsing&apos;: False}}) : caught 
  Error : Incorrect padding
</system-out></testcase><testcase classname="parsyfiles.tests.parsing_capabilities_by_type.test_parse_primitives" file="parsyfiles/tests/parsing_capabilities_by_type/test_parse_primitives.py" line="179" name="test_parse_by_type[int-ok-b64pickle-bool-False=0.txt]" time="0.03826165199279785"><system-out>**** Starting to parse single object of type &lt;int&gt; at location /home/travis/build/smarie/python-parsyfiles/parsyfiles/tests/parsing_capabilities_by_type/primitives_data/int/ok/b64pickle-bool-False=0 ****
Checking all files under [/home/travis/build/smarie/python-parsyfiles/parsyfiles/tests/parsing_capabilities_by_type/primitives_data/int/ok/b64pickle-bool-False=0]
(C) /home/travis/build/smarie/python-parsyfiles/parsyfiles/tests/parsing_capabilities_by_type/primitives_data/int/ok/b64pickle-bool-False=0 (singlefile, .txt)
File checks done

Building a parsing plan to parse [/home/travis/build/smarie/python-parsyfiles/parsyfiles/tests/parsing_capabilities_by_type/primitives_data/int/ok/b64pickle-bool-False=0] into a int
(B) /home/travis/build/smarie/python-parsyfiles/parsyfiles/tests/parsing_capabilities_by_type/primitives_data/int/ok/b64pickle-bool-False=0.txt -&gt; int ------- using [Try &apos;$&lt;read_str_from_txt&gt; =&gt; &lt;str_to_int&gt;$&apos; then &apos;$&lt;read_str_from_txt&gt; =&gt; &lt;base64_ascii_str_pickle_to_object&gt; -&gt; &lt;bool_to_int&gt;$&apos; then &apos;$&lt;read_str_from_txt&gt; =&gt; &lt;base64_ascii_str_pickle_to_object&gt; -&gt; &lt;float_to_int&gt;$&apos; then &apos;$&lt;read_str_from_txt&gt; =&gt; &lt;base64_ascii_str_pickle_to_object&gt; -&gt; &lt;str_to_int&gt;$&apos; then &apos;$&lt;read_str_from_txt&gt; =&gt; &lt;str_to_bool&gt;$&apos; then &apos;$&lt;read_str_from_txt&gt; =&gt; &lt;base64_ascii_str_pickle_to_object&gt; -&gt; &lt;float_to_bool&gt;$&apos; then &apos;$&lt;read_str_from_txt&gt; =&gt; &lt;base64_ascii_str_pickle_to_object&gt; -&gt; &lt;int_to_bool&gt;$&apos; then &apos;$&lt;read_str_from_txt&gt; =&gt; &lt;base64_ascii_str_pickle_to_object&gt; -&gt; &lt;str_to_bool&gt;$&apos; then &apos;$&lt;read_str_from_txt&gt; =&gt; &lt;base64_ascii_str_pickle_to_object&gt;$]&apos;]
(B)                                                                                                               |--b64pickle-bool-False=0.txt -&gt; int ------- using $&lt;read_str_from_txt&gt; =&gt; &lt;str_to_int&gt;$
Parsing Plan created successfully

Executing Parsing Plan for [/home/travis/build/smarie/python-parsyfiles/parsyfiles/tests/parsing_capabilities_by_type/primitives_data/int/ok/b64pickle-bool-False=0]
(P) /home/travis/build/smarie/python-parsyfiles/parsyfiles/tests/parsing_capabilities_by_type/primitives_data/int/ok/b64pickle-bool-False=0.txt -&gt; int ------- using $&lt;read_str_from_txt&gt; =&gt; &lt;str_to_int&gt;$
  !! Caught error during execution !!
  File &quot;/home/travis/build/smarie/python-parsyfiles/parsyfiles/plugins_base/support_for_primitive_types.py&quot;, line 37, in primitive_to_int
    source = literal_eval(source)
  File &quot;/opt/python/3.5.5/lib/python3.5/ast.py&quot;, line 46, in literal_eval
    node_or_string = parse(node_or_string, mode=&apos;eval&apos;)
  File &quot;/opt/python/3.5.5/lib/python3.5/ast.py&quot;, line 35, in parse
    return compile(source, filename, mode, PyCF_ONLY_AST)
  ParsingException : Error while parsing /home/travis/build/smarie/python-parsyfiles/parsyfiles/tests/parsing_capabilities_by_type/primitives_data/int/ok/b64pickle-bool-False=0 (singlefile, .txt) as a int with parser &apos;$&lt;read_str_from_txt&gt; =&gt; &lt;str_to_int&gt;$&apos; using options=({&apos;MultifileCollectionParser&apos;: {&apos;lazy_parsing&apos;: False}}) : caught 
  SyntaxError : unexpected EOF while parsing (&lt;unknown&gt;, line 1)
Rebuilding local parsing plan with next candidate parser: $&lt;read_str_from_txt&gt; =&gt; &lt;base64_ascii_str_pickle_to_object&gt; -&gt; &lt;bool_to_int&gt;$
(B)                                                                                                               |--b64pickle-bool-False=0.txt -&gt; int ------- using $&lt;read_str_from_txt&gt; =&gt; &lt;base64_ascii_str_pickle_to_object&gt; -&gt; &lt;bool_to_int&gt;$
DONE Rebuilding local parsing plan for [/home/travis/build/smarie/python-parsyfiles/parsyfiles/tests/parsing_capabilities_by_type/primitives_data/int/ok/b64pickle-bool-False=0.txt]. Resuming parsing...
Executing Parsing Plan for [/home/travis/build/smarie/python-parsyfiles/parsyfiles/tests/parsing_capabilities_by_type/primitives_data/int/ok/b64pickle-bool-False=0]
(P) /home/travis/build/smarie/python-parsyfiles/parsyfiles/tests/parsing_capabilities_by_type/primitives_data/int/ok/b64pickle-bool-False=0.txt -&gt; int ------- using $&lt;read_str_from_txt&gt; =&gt; &lt;base64_ascii_str_pickle_to_object&gt; -&gt; &lt;bool_to_int&gt;$
(P)                                                                                                               |--b64pickle-bool-False=0.txt -&gt; int SUCCESS !
Completed parsing successfully

0==0
</system-out></testcase><testcase classname="parsyfiles.tests.parsing_capabilities_by_type.test_parse_primitives" file="parsyfiles/tests/parsing_capabilities_by_type/test_parse_primitives.py" line="179" name="test_parse_by_type[int-ok-b64pickle-float--5.0=-5.txt]" time="0.042307376861572266"><system-out>**** Starting to parse single object of type &lt;int&gt; at location /home/travis/build/smarie/python-parsyfiles/parsyfiles/tests/parsing_capabilities_by_type/primitives_data/int/ok/b64pickle-float--5.0=-5 ****
Checking all files under [/home/travis/build/smarie/python-parsyfiles/parsyfiles/tests/parsing_capabilities_by_type/primitives_data/int/ok/b64pickle-float--5.0=-5]
(C) /home/travis/build/smarie/python-parsyfiles/parsyfiles/tests/parsing_capabilities_by_type/primitives_data/int/ok/b64pickle-float--5.0=-5 (singlefile, .txt)
File checks done

Building a parsing plan to parse [/home/travis/build/smarie/python-parsyfiles/parsyfiles/tests/parsing_capabilities_by_type/primitives_data/int/ok/b64pickle-float--5.0=-5] into a int
(B) /home/travis/build/smarie/python-parsyfiles/parsyfiles/tests/parsing_capabilities_by_type/primitives_data/int/ok/b64pickle-float--5.0=-5.txt -&gt; int ------- using [Try &apos;$&lt;read_str_from_txt&gt; =&gt; &lt;str_to_int&gt;$&apos; then &apos;$&lt;read_str_from_txt&gt; =&gt; &lt;base64_ascii_str_pickle_to_object&gt; -&gt; &lt;bool_to_int&gt;$&apos; then &apos;$&lt;read_str_from_txt&gt; =&gt; &lt;base64_ascii_str_pickle_to_object&gt; -&gt; &lt;float_to_int&gt;$&apos; then &apos;$&lt;read_str_from_txt&gt; =&gt; &lt;base64_ascii_str_pickle_to_object&gt; -&gt; &lt;str_to_int&gt;$&apos; then &apos;$&lt;read_str_from_txt&gt; =&gt; &lt;str_to_bool&gt;$&apos; then &apos;$&lt;read_str_from_txt&gt; =&gt; &lt;base64_ascii_str_pickle_to_object&gt; -&gt; &lt;float_to_bool&gt;$&apos; then &apos;$&lt;read_str_from_txt&gt; =&gt; &lt;base64_ascii_str_pickle_to_object&gt; -&gt; &lt;int_to_bool&gt;$&apos; then &apos;$&lt;read_str_from_txt&gt; =&gt; &lt;base64_ascii_str_pickle_to_object&gt; -&gt; &lt;str_to_bool&gt;$&apos; then &apos;$&lt;read_str_from_txt&gt; =&gt; &lt;base64_ascii_str_pickle_to_object&gt;$]&apos;]
(B)                                                                                                               |--b64pickle-float--5.0=-5.txt -&gt; int ------- using $&lt;read_str_from_txt&gt; =&gt; &lt;str_to_int&gt;$
Parsing Plan created successfully

Executing Parsing Plan for [/home/travis/build/smarie/python-parsyfiles/parsyfiles/tests/parsing_capabilities_by_type/primitives_data/int/ok/b64pickle-float--5.0=-5]
(P) /home/travis/build/smarie/python-parsyfiles/parsyfiles/tests/parsing_capabilities_by_type/primitives_data/int/ok/b64pickle-float--5.0=-5.txt -&gt; int ------- using $&lt;read_str_from_txt&gt; =&gt; &lt;str_to_int&gt;$
  !! Caught error during execution !!
  File &quot;/home/travis/build/smarie/python-parsyfiles/parsyfiles/plugins_base/support_for_primitive_types.py&quot;, line 37, in primitive_to_int
    source = literal_eval(source)
  File &quot;/opt/python/3.5.5/lib/python3.5/ast.py&quot;, line 84, in literal_eval
    return _convert(node_or_string)
  File &quot;/opt/python/3.5.5/lib/python3.5/ast.py&quot;, line 83, in _convert
    raise ValueError(&apos;malformed node or string: &apos; + repr(node))
  ParsingException : Error while parsing /home/travis/build/smarie/python-parsyfiles/parsyfiles/tests/parsing_capabilities_by_type/primitives_data/int/ok/b64pickle-float--5.0=-5 (singlefile, .txt) as a int with parser &apos;$&lt;read_str_from_txt&gt; =&gt; &lt;str_to_int&gt;$&apos; using options=({&apos;MultifileCollectionParser&apos;: {&apos;lazy_parsing&apos;: False}}) : caught 
  ValueError : malformed node or string: &lt;_ast.Name object at 0x7fab06edb208&gt;
Rebuilding local parsing plan with next candidate parser: $&lt;read_str_from_txt&gt; =&gt; &lt;base64_ascii_str_pickle_to_object&gt; -&gt; &lt;bool_to_int&gt;$
(B)                                                                                                               |--b64pickle-float--5.0=-5.txt -&gt; int ------- using $&lt;read_str_from_txt&gt; =&gt; &lt;base64_ascii_str_pickle_to_object&gt; -&gt; &lt;bool_to_int&gt;$
DONE Rebuilding local parsing plan for [/home/travis/build/smarie/python-parsyfiles/parsyfiles/tests/parsing_capabilities_by_type/primitives_data/int/ok/b64pickle-float--5.0=-5.txt]. Resuming parsing...
Executing Parsing Plan for [/home/travis/build/smarie/python-parsyfiles/parsyfiles/tests/parsing_capabilities_by_type/primitives_data/int/ok/b64pickle-float--5.0=-5]
(P) /home/travis/build/smarie/python-parsyfiles/parsyfiles/tests/parsing_capabilities_by_type/primitives_data/int/ok/b64pickle-float--5.0=-5.txt -&gt; int ------- using $&lt;read_str_from_txt&gt; =&gt; &lt;base64_ascii_str_pickle_to_object&gt; -&gt; &lt;bool_to_int&gt;$
  !! Caught error during execution !!
  File &quot;/home/travis/build/smarie/python-parsyfiles/parsyfiles/converting_core.py&quot;, line 319, in convert
    return self._convert(desired_type, source_obj, logger, options)
  File &quot;/home/travis/build/smarie/python-parsyfiles/parsyfiles/converting_core.py&quot;, line 770, in _convert
    return self._converters_list[-1].convert(desired_type, obj, logger, options)
  File &quot;/home/travis/build/smarie/python-parsyfiles/parsyfiles/converting_core.py&quot;, line 321, in convert
    raise ConversionException.create_not_able_to_convert(source_obj, self, desired_type)
  ParsingException : Error while parsing /home/travis/build/smarie/python-parsyfiles/parsyfiles/tests/parsing_capabilities_by_type/primitives_data/int/ok/b64pickle-float--5.0=-5 (singlefile, .txt) as a int with parser &apos;$&lt;read_str_from_txt&gt; =&gt; &lt;base64_ascii_str_pickle_to_object&gt; -&gt; &lt;bool_to_int&gt;$&apos; using options=({&apos;MultifileCollectionParser&apos;: {&apos;lazy_parsing&apos;: False}}) : caught 
  ConversionException : Converter &lt;bool_to_int&gt; is not able to ingest source value &apos;-5.0&apos; of type &apos;float&apos; and/or convert it to type &apos;int&apos;. This can happen in a chain when the previous step in the chain is generic and actually produced  an output of the wrong type/content
Rebuilding local parsing plan with next candidate parser: $&lt;read_str_from_txt&gt; =&gt; &lt;base64_ascii_str_pickle_to_object&gt; -&gt; &lt;float_to_int&gt;$
(B)                                                                                                               |--b64pickle-float--5.0=-5.txt -&gt; int ------- using $&lt;read_str_from_txt&gt; =&gt; &lt;base64_ascii_str_pickle_to_object&gt; -&gt; &lt;float_to_int&gt;$
DONE Rebuilding local parsing plan for [/home/travis/build/smarie/python-parsyfiles/parsyfiles/tests/parsing_capabilities_by_type/primitives_data/int/ok/b64pickle-float--5.0=-5.txt]. Resuming parsing...
Executing Parsing Plan for [/home/travis/build/smarie/python-parsyfiles/parsyfiles/tests/parsing_capabilities_by_type/primitives_data/int/ok/b64pickle-float--5.0=-5]
(P) /home/travis/build/smarie/python-parsyfiles/parsyfiles/tests/parsing_capabilities_by_type/primitives_data/int/ok/b64pickle-float--5.0=-5.txt -&gt; int ------- using $&lt;read_str_from_txt&gt; =&gt; &lt;base64_ascii_str_pickle_to_object&gt; -&gt; &lt;float_to_int&gt;$
(P)                                                                                                               |--b64pickle-float--5.0=-5.txt -&gt; int SUCCESS !
Completed parsing successfully

-5==-5
</system-out></testcase><testcase classname="parsyfiles.tests.parsing_capabilities_by_type.test_parse_primitives" file="parsyfiles/tests/parsing_capabilities_by_type/test_parse_primitives.py" line="179" name="test_parse_by_type[int-ok-b64pickle-int--2=-2.txt]" time="0.04794931411743164"><system-out>**** Starting to parse single object of type &lt;int&gt; at location /home/travis/build/smarie/python-parsyfiles/parsyfiles/tests/parsing_capabilities_by_type/primitives_data/int/ok/b64pickle-int--2=-2 ****
Checking all files under [/home/travis/build/smarie/python-parsyfiles/parsyfiles/tests/parsing_capabilities_by_type/primitives_data/int/ok/b64pickle-int--2=-2]
(C) /home/travis/build/smarie/python-parsyfiles/parsyfiles/tests/parsing_capabilities_by_type/primitives_data/int/ok/b64pickle-int--2=-2 (singlefile, .txt)
File checks done

Building a parsing plan to parse [/home/travis/build/smarie/python-parsyfiles/parsyfiles/tests/parsing_capabilities_by_type/primitives_data/int/ok/b64pickle-int--2=-2] into a int
(B) /home/travis/build/smarie/python-parsyfiles/parsyfiles/tests/parsing_capabilities_by_type/primitives_data/int/ok/b64pickle-int--2=-2.txt -&gt; int ------- using [Try &apos;$&lt;read_str_from_txt&gt; =&gt; &lt;str_to_int&gt;$&apos; then &apos;$&lt;read_str_from_txt&gt; =&gt; &lt;base64_ascii_str_pickle_to_object&gt; -&gt; &lt;bool_to_int&gt;$&apos; then &apos;$&lt;read_str_from_txt&gt; =&gt; &lt;base64_ascii_str_pickle_to_object&gt; -&gt; &lt;float_to_int&gt;$&apos; then &apos;$&lt;read_str_from_txt&gt; =&gt; &lt;base64_ascii_str_pickle_to_object&gt; -&gt; &lt;str_to_int&gt;$&apos; then &apos;$&lt;read_str_from_txt&gt; =&gt; &lt;str_to_bool&gt;$&apos; then &apos;$&lt;read_str_from_txt&gt; =&gt; &lt;base64_ascii_str_pickle_to_object&gt; -&gt; &lt;float_to_bool&gt;$&apos; then &apos;$&lt;read_str_from_txt&gt; =&gt; &lt;base64_ascii_str_pickle_to_object&gt; -&gt; &lt;int_to_bool&gt;$&apos; then &apos;$&lt;read_str_from_txt&gt; =&gt; &lt;base64_ascii_str_pickle_to_object&gt; -&gt; &lt;str_to_bool&gt;$&apos; then &apos;$&lt;read_str_from_txt&gt; =&gt; &lt;base64_ascii_str_pickle_to_object&gt;$]&apos;]
(B)                                                                                                               |--b64pickle-int--2=-2.txt -&gt; int ------- using $&lt;read_str_from_txt&gt; =&gt; &lt;str_to_int&gt;$
Parsing Plan created successfully

Executing Parsing Plan for [/home/travis/build/smarie/python-parsyfiles/parsyfiles/tests/parsing_capabilities_by_type/primitives_data/int/ok/b64pickle-int--2=-2]
(P) /home/travis/build/smarie/python-parsyfiles/parsyfiles/tests/parsing_capabilities_by_type/primitives_data/int/ok/b64pickle-int--2=-2.txt -&gt; int ------- using $&lt;read_str_from_txt&gt; =&gt; &lt;str_to_int&gt;$
  !! Caught error during execution !!
  File &quot;/home/travis/build/smarie/python-parsyfiles/parsyfiles/plugins_base/support_for_primitive_types.py&quot;, line 37, in primitive_to_int
    source = literal_eval(source)
  File &quot;/opt/python/3.5.5/lib/python3.5/ast.py&quot;, line 46, in literal_eval
    node_or_string = parse(node_or_string, mode=&apos;eval&apos;)
  File &quot;/opt/python/3.5.5/lib/python3.5/ast.py&quot;, line 35, in parse
    return compile(source, filename, mode, PyCF_ONLY_AST)
  ParsingException : Error while parsing /home/travis/build/smarie/python-parsyfiles/parsyfiles/tests/parsing_capabilities_by_type/primitives_data/int/ok/b64pickle-int--2=-2 (singlefile, .txt) as a int with parser &apos;$&lt;read_str_from_txt&gt; =&gt; &lt;str_to_int&gt;$&apos; using options=({&apos;MultifileCollectionParser&apos;: {&apos;lazy_parsing&apos;: False}}) : caught 
  SyntaxError : invalid syntax (&lt;unknown&gt;, line 1)
Rebuilding local parsing plan with next candidate parser: $&lt;read_str_from_txt&gt; =&gt; &lt;base64_ascii_str_pickle_to_object&gt; -&gt; &lt;bool_to_int&gt;$
(B)                                                                                                               |--b64pickle-int--2=-2.txt -&gt; int ------- using $&lt;read_str_from_txt&gt; =&gt; &lt;base64_ascii_str_pickle_to_object&gt; -&gt; &lt;bool_to_int&gt;$
DONE Rebuilding local parsing plan for [/home/travis/build/smarie/python-parsyfiles/parsyfiles/tests/parsing_capabilities_by_type/primitives_data/int/ok/b64pickle-int--2=-2.txt]. Resuming parsing...
Executing Parsing Plan for [/home/travis/build/smarie/python-parsyfiles/parsyfiles/tests/parsing_capabilities_by_type/primitives_data/int/ok/b64pickle-int--2=-2]
(P) /home/travis/build/smarie/python-parsyfiles/parsyfiles/tests/parsing_capabilities_by_type/primitives_data/int/ok/b64pickle-int--2=-2.txt -&gt; int ------- using $&lt;read_str_from_txt&gt; =&gt; &lt;base64_ascii_str_pickle_to_object&gt; -&gt; &lt;bool_to_int&gt;$
  !! Caught error during execution !!
  File &quot;/home/travis/build/smarie/python-parsyfiles/parsyfiles/converting_core.py&quot;, line 319, in convert
    return self._convert(desired_type, source_obj, logger, options)
  File &quot;/home/travis/build/smarie/python-parsyfiles/parsyfiles/converting_core.py&quot;, line 770, in _convert
    return self._converters_list[-1].convert(desired_type, obj, logger, options)
  File &quot;/home/travis/build/smarie/python-parsyfiles/parsyfiles/converting_core.py&quot;, line 321, in convert
    raise ConversionException.create_not_able_to_convert(source_obj, self, desired_type)
  ParsingException : Error while parsing /home/travis/build/smarie/python-parsyfiles/parsyfiles/tests/parsing_capabilities_by_type/primitives_data/int/ok/b64pickle-int--2=-2 (singlefile, .txt) as a int with parser &apos;$&lt;read_str_from_txt&gt; =&gt; &lt;base64_ascii_str_pickle_to_object&gt; -&gt; &lt;bool_to_int&gt;$&apos; using options=({&apos;MultifileCollectionParser&apos;: {&apos;lazy_parsing&apos;: False}}) : caught 
  ConversionException : Converter &lt;bool_to_int&gt; is not able to ingest source value &apos;-2&apos; of type &apos;int&apos; and/or convert it to type &apos;int&apos;. This can happen in a chain when the previous step in the chain is generic and actually produced  an output of the wrong type/content
Rebuilding local parsing plan with next candidate parser: $&lt;read_str_from_txt&gt; =&gt; &lt;base64_ascii_str_pickle_to_object&gt; -&gt; &lt;float_to_int&gt;$
(B)                                                                                                               |--b64pickle-int--2=-2.txt -&gt; int ------- using $&lt;read_str_from_txt&gt; =&gt; &lt;base64_ascii_str_pickle_to_object&gt; -&gt; &lt;float_to_int&gt;$
DONE Rebuilding local parsing plan for [/home/travis/build/smarie/python-parsyfiles/parsyfiles/tests/parsing_capabilities_by_type/primitives_data/int/ok/b64pickle-int--2=-2.txt]. Resuming parsing...
Executing Parsing Plan for [/home/travis/build/smarie/python-parsyfiles/parsyfiles/tests/parsing_capabilities_by_type/primitives_data/int/ok/b64pickle-int--2=-2]
(P) /home/travis/build/smarie/python-parsyfiles/parsyfiles/tests/parsing_capabilities_by_type/primitives_data/int/ok/b64pickle-int--2=-2.txt -&gt; int ------- using $&lt;read_str_from_txt&gt; =&gt; &lt;base64_ascii_str_pickle_to_object&gt; -&gt; &lt;float_to_int&gt;$
  !! Caught error during execution !!
  File &quot;/home/travis/build/smarie/python-parsyfiles/parsyfiles/converting_core.py&quot;, line 319, in convert
    return self._convert(desired_type, source_obj, logger, options)
  File &quot;/home/travis/build/smarie/python-parsyfiles/parsyfiles/converting_core.py&quot;, line 770, in _convert
    return self._converters_list[-1].convert(desired_type, obj, logger, options)
  File &quot;/home/travis/build/smarie/python-parsyfiles/parsyfiles/converting_core.py&quot;, line 321, in convert
    raise ConversionException.create_not_able_to_convert(source_obj, self, desired_type)
  ParsingException : Error while parsing /home/travis/build/smarie/python-parsyfiles/parsyfiles/tests/parsing_capabilities_by_type/primitives_data/int/ok/b64pickle-int--2=-2 (singlefile, .txt) as a int with parser &apos;$&lt;read_str_from_txt&gt; =&gt; &lt;base64_ascii_str_pickle_to_object&gt; -&gt; &lt;float_to_int&gt;$&apos; using options=({&apos;MultifileCollectionParser&apos;: {&apos;lazy_parsing&apos;: False}}) : caught 
  ConversionException : Converter &lt;float_to_int&gt; is not able to ingest source value &apos;-2&apos; of type &apos;int&apos; and/or convert it to type &apos;int&apos;. This can happen in a chain when the previous step in the chain is generic and actually produced  an output of the wrong type/content
Rebuilding local parsing plan with next candidate parser: $&lt;read_str_from_txt&gt; =&gt; &lt;base64_ascii_str_pickle_to_object&gt; -&gt; &lt;str_to_int&gt;$
(B)                                                                                                               |--b64pickle-int--2=-2.txt -&gt; int ------- using $&lt;read_str_from_txt&gt; =&gt; &lt;base64_ascii_str_pickle_to_object&gt; -&gt; &lt;str_to_int&gt;$
DONE Rebuilding local parsing plan for [/home/travis/build/smarie/python-parsyfiles/parsyfiles/tests/parsing_capabilities_by_type/primitives_data/int/ok/b64pickle-int--2=-2.txt]. Resuming parsing...
Executing Parsing Plan for [/home/travis/build/smarie/python-parsyfiles/parsyfiles/tests/parsing_capabilities_by_type/primitives_data/int/ok/b64pickle-int--2=-2]
(P) /home/travis/build/smarie/python-parsyfiles/parsyfiles/tests/parsing_capabilities_by_type/primitives_data/int/ok/b64pickle-int--2=-2.txt -&gt; int ------- using $&lt;read_str_from_txt&gt; =&gt; &lt;base64_ascii_str_pickle_to_object&gt; -&gt; &lt;str_to_int&gt;$
  !! Caught error during execution !!
  File &quot;/home/travis/build/smarie/python-parsyfiles/parsyfiles/converting_core.py&quot;, line 319, in convert
    return self._convert(desired_type, source_obj, logger, options)
  File &quot;/home/travis/build/smarie/python-parsyfiles/parsyfiles/converting_core.py&quot;, line 770, in _convert
    return self._converters_list[-1].convert(desired_type, obj, logger, options)
  File &quot;/home/travis/build/smarie/python-parsyfiles/parsyfiles/converting_core.py&quot;, line 321, in convert
    raise ConversionException.create_not_able_to_convert(source_obj, self, desired_type)
  ParsingException : Error while parsing /home/travis/build/smarie/python-parsyfiles/parsyfiles/tests/parsing_capabilities_by_type/primitives_data/int/ok/b64pickle-int--2=-2 (singlefile, .txt) as a int with parser &apos;$&lt;read_str_from_txt&gt; =&gt; &lt;base64_ascii_str_pickle_to_object&gt; -&gt; &lt;str_to_int&gt;$&apos; using options=({&apos;MultifileCollectionParser&apos;: {&apos;lazy_parsing&apos;: False}}) : caught 
  ConversionException : Converter &lt;str_to_int&gt; is not able to ingest source value &apos;-2&apos; of type &apos;int&apos; and/or convert it to type &apos;int&apos;. This can happen in a chain when the previous step in the chain is generic and actually produced  an output of the wrong type/content
Rebuilding local parsing plan with next candidate parser: $&lt;read_str_from_txt&gt; =&gt; &lt;str_to_bool&gt;$
(B)                                                                                                               |--b64pickle-int--2=-2.txt -&gt; int ------- using $&lt;read_str_from_txt&gt; =&gt; &lt;str_to_bool&gt;$
DONE Rebuilding local parsing plan for [/home/travis/build/smarie/python-parsyfiles/parsyfiles/tests/parsing_capabilities_by_type/primitives_data/int/ok/b64pickle-int--2=-2.txt]. Resuming parsing...
Executing Parsing Plan for [/home/travis/build/smarie/python-parsyfiles/parsyfiles/tests/parsing_capabilities_by_type/primitives_data/int/ok/b64pickle-int--2=-2]
(P) /home/travis/build/smarie/python-parsyfiles/parsyfiles/tests/parsing_capabilities_by_type/primitives_data/int/ok/b64pickle-int--2=-2.txt -&gt; int ------- using $&lt;read_str_from_txt&gt; =&gt; &lt;str_to_bool&gt;$
  !! Caught error during execution !!
  File &quot;/home/travis/build/smarie/python-parsyfiles/parsyfiles/converting_core.py&quot;, line 524, in _convert
    return self.conversion_method(desired_type, source_obj, logger, **opts)
  File &quot;/home/travis/build/smarie/python-parsyfiles/parsyfiles/plugins_base/support_for_primitive_types.py&quot;, line 84, in primitive_to_bool
    return bool(strtobool(source))
  File &quot;/opt/python/3.5.5/lib/python3.5/distutils/util.py&quot;, line 317, in strtobool
    raise ValueError(&quot;invalid truth value %r&quot; % (val,))
  ParsingException : Error while parsing /home/travis/build/smarie/python-parsyfiles/parsyfiles/tests/parsing_capabilities_by_type/primitives_data/int/ok/b64pickle-int--2=-2 (singlefile, .txt) as a int with parser &apos;$&lt;read_str_from_txt&gt; =&gt; &lt;str_to_bool&gt;$&apos; using options=({&apos;MultifileCollectionParser&apos;: {&apos;lazy_parsing&apos;: False}}) : caught 
  ValueError : invalid truth value &apos;gank/v///y4=&apos;
Rebuilding local parsing plan with next candidate parser: $&lt;read_str_from_txt&gt; =&gt; &lt;base64_ascii_str_pickle_to_object&gt; -&gt; &lt;float_to_bool&gt;$
(B)                                                                                                               |--b64pickle-int--2=-2.txt -&gt; int ------- using $&lt;read_str_from_txt&gt; =&gt; &lt;base64_ascii_str_pickle_to_object&gt; -&gt; &lt;float_to_bool&gt;$
DONE Rebuilding local parsing plan for [/home/travis/build/smarie/python-parsyfiles/parsyfiles/tests/parsing_capabilities_by_type/primitives_data/int/ok/b64pickle-int--2=-2.txt]. Resuming parsing...
Executing Parsing Plan for [/home/travis/build/smarie/python-parsyfiles/parsyfiles/tests/parsing_capabilities_by_type/primitives_data/int/ok/b64pickle-int--2=-2]
(P) /home/travis/build/smarie/python-parsyfiles/parsyfiles/tests/parsing_capabilities_by_type/primitives_data/int/ok/b64pickle-int--2=-2.txt -&gt; int ------- using $&lt;read_str_from_txt&gt; =&gt; &lt;base64_ascii_str_pickle_to_object&gt; -&gt; &lt;float_to_bool&gt;$
  !! Caught error during execution !!
  File &quot;/home/travis/build/smarie/python-parsyfiles/parsyfiles/converting_core.py&quot;, line 319, in convert
    return self._convert(desired_type, source_obj, logger, options)
  File &quot;/home/travis/build/smarie/python-parsyfiles/parsyfiles/converting_core.py&quot;, line 770, in _convert
    return self._converters_list[-1].convert(desired_type, obj, logger, options)
  File &quot;/home/travis/build/smarie/python-parsyfiles/parsyfiles/converting_core.py&quot;, line 321, in convert
    raise ConversionException.create_not_able_to_convert(source_obj, self, desired_type)
  ParsingException : Error while parsing /home/travis/build/smarie/python-parsyfiles/parsyfiles/tests/parsing_capabilities_by_type/primitives_data/int/ok/b64pickle-int--2=-2 (singlefile, .txt) as a int with parser &apos;$&lt;read_str_from_txt&gt; =&gt; &lt;base64_ascii_str_pickle_to_object&gt; -&gt; &lt;float_to_bool&gt;$&apos; using options=({&apos;MultifileCollectionParser&apos;: {&apos;lazy_parsing&apos;: False}}) : caught 
  ConversionException : Converter &lt;float_to_bool&gt; is not able to ingest source value &apos;-2&apos; of type &apos;int&apos; and/or convert it to type &apos;int&apos;. This can happen in a chain when the previous step in the chain is generic and actually produced  an output of the wrong type/content
Rebuilding local parsing plan with next candidate parser: $&lt;read_str_from_txt&gt; =&gt; &lt;base64_ascii_str_pickle_to_object&gt; -&gt; &lt;int_to_bool&gt;$
(B)                                                                                                               |--b64pickle-int--2=-2.txt -&gt; int ------- using $&lt;read_str_from_txt&gt; =&gt; &lt;base64_ascii_str_pickle_to_object&gt; -&gt; &lt;int_to_bool&gt;$
DONE Rebuilding local parsing plan for [/home/travis/build/smarie/python-parsyfiles/parsyfiles/tests/parsing_capabilities_by_type/primitives_data/int/ok/b64pickle-int--2=-2.txt]. Resuming parsing...
Executing Parsing Plan for [/home/travis/build/smarie/python-parsyfiles/parsyfiles/tests/parsing_capabilities_by_type/primitives_data/int/ok/b64pickle-int--2=-2]
(P) /home/travis/build/smarie/python-parsyfiles/parsyfiles/tests/parsing_capabilities_by_type/primitives_data/int/ok/b64pickle-int--2=-2.txt -&gt; int ------- using $&lt;read_str_from_txt&gt; =&gt; &lt;base64_ascii_str_pickle_to_object&gt; -&gt; &lt;int_to_bool&gt;$
  !! Caught error during execution !!
  File &quot;/home/travis/build/smarie/python-parsyfiles/parsyfiles/converting_core.py&quot;, line 319, in convert
    return self._convert(desired_type, source_obj, logger, options)
  File &quot;/home/travis/build/smarie/python-parsyfiles/parsyfiles/converting_core.py&quot;, line 524, in _convert
    return self.conversion_method(desired_type, source_obj, logger, **opts)
  File &quot;/home/travis/build/smarie/python-parsyfiles/parsyfiles/plugins_base/support_for_primitive_types.py&quot;, line 91, in primitive_to_bool
    raise ValueError(&apos;Cannot convert to bool : source is a number but is not 1 nor 0 : \&apos;&apos; + str(source) + &apos;\&apos;&apos;)
  ParsingException : Error while parsing /home/travis/build/smarie/python-parsyfiles/parsyfiles/tests/parsing_capabilities_by_type/primitives_data/int/ok/b64pickle-int--2=-2 (singlefile, .txt) as a int with parser &apos;$&lt;read_str_from_txt&gt; =&gt; &lt;base64_ascii_str_pickle_to_object&gt; -&gt; &lt;int_to_bool&gt;$&apos; using options=({&apos;MultifileCollectionParser&apos;: {&apos;lazy_parsing&apos;: False}}) : caught 
  ValueError : Cannot convert to bool : source is a number but is not 1 nor 0 : &apos;-2&apos;
Rebuilding local parsing plan with next candidate parser: $&lt;read_str_from_txt&gt; =&gt; &lt;base64_ascii_str_pickle_to_object&gt; -&gt; &lt;str_to_bool&gt;$
(B)                                                                                                               |--b64pickle-int--2=-2.txt -&gt; int ------- using $&lt;read_str_from_txt&gt; =&gt; &lt;base64_ascii_str_pickle_to_object&gt; -&gt; &lt;str_to_bool&gt;$
DONE Rebuilding local parsing plan for [/home/travis/build/smarie/python-parsyfiles/parsyfiles/tests/parsing_capabilities_by_type/primitives_data/int/ok/b64pickle-int--2=-2.txt]. Resuming parsing...
Executing Parsing Plan for [/home/travis/build/smarie/python-parsyfiles/parsyfiles/tests/parsing_capabilities_by_type/primitives_data/int/ok/b64pickle-int--2=-2]
(P) /home/travis/build/smarie/python-parsyfiles/parsyfiles/tests/parsing_capabilities_by_type/primitives_data/int/ok/b64pickle-int--2=-2.txt -&gt; int ------- using $&lt;read_str_from_txt&gt; =&gt; &lt;base64_ascii_str_pickle_to_object&gt; -&gt; &lt;str_to_bool&gt;$
  !! Caught error during execution !!
  File &quot;/home/travis/build/smarie/python-parsyfiles/parsyfiles/converting_core.py&quot;, line 319, in convert
    return self._convert(desired_type, source_obj, logger, options)
  File &quot;/home/travis/build/smarie/python-parsyfiles/parsyfiles/converting_core.py&quot;, line 770, in _convert
    return self._converters_list[-1].convert(desired_type, obj, logger, options)
  File &quot;/home/travis/build/smarie/python-parsyfiles/parsyfiles/converting_core.py&quot;, line 321, in convert
    raise ConversionException.create_not_able_to_convert(source_obj, self, desired_type)
  ParsingException : Error while parsing /home/travis/build/smarie/python-parsyfiles/parsyfiles/tests/parsing_capabilities_by_type/primitives_data/int/ok/b64pickle-int--2=-2 (singlefile, .txt) as a int with parser &apos;$&lt;read_str_from_txt&gt; =&gt; &lt;base64_ascii_str_pickle_to_object&gt; -&gt; &lt;str_to_bool&gt;$&apos; using options=({&apos;MultifileCollectionParser&apos;: {&apos;lazy_parsing&apos;: False}}) : caught 
  ConversionException : Converter &lt;str_to_bool&gt; is not able to ingest source value &apos;-2&apos; of type &apos;int&apos; and/or convert it to type &apos;int&apos;. This can happen in a chain when the previous step in the chain is generic and actually produced  an output of the wrong type/content
Rebuilding local parsing plan with next candidate parser: $&lt;read_str_from_txt&gt; =&gt; &lt;base64_ascii_str_pickle_to_object&gt;$
(B)                                                                                                               |--b64pickle-int--2=-2.txt -&gt; int ------- using $&lt;read_str_from_txt&gt; =&gt; &lt;base64_ascii_str_pickle_to_object&gt;$
DONE Rebuilding local parsing plan for [/home/travis/build/smarie/python-parsyfiles/parsyfiles/tests/parsing_capabilities_by_type/primitives_data/int/ok/b64pickle-int--2=-2.txt]. Resuming parsing...
Executing Parsing Plan for [/home/travis/build/smarie/python-parsyfiles/parsyfiles/tests/parsing_capabilities_by_type/primitives_data/int/ok/b64pickle-int--2=-2]
(P) /home/travis/build/smarie/python-parsyfiles/parsyfiles/tests/parsing_capabilities_by_type/primitives_data/int/ok/b64pickle-int--2=-2.txt -&gt; int ------- using $&lt;read_str_from_txt&gt; =&gt; &lt;base64_ascii_str_pickle_to_object&gt;$
(P)                                                                                                               |--b64pickle-int--2=-2.txt -&gt; int SUCCESS !
Completed parsing successfully

-2==-2
</system-out></testcase><testcase classname="parsyfiles.tests.parsing_capabilities_by_type.test_parse_primitives" file="parsyfiles/tests/parsing_capabilities_by_type/test_parse_primitives.py" line="179" name="test_parse_by_type[int-ok-pickle-float--5.0=-5.pyc]" time="0.03653097152709961"><system-out>**** Starting to parse single object of type &lt;int&gt; at location /home/travis/build/smarie/python-parsyfiles/parsyfiles/tests/parsing_capabilities_by_type/primitives_data/int/ok/pickle-float--5.0=-5 ****
Checking all files under [/home/travis/build/smarie/python-parsyfiles/parsyfiles/tests/parsing_capabilities_by_type/primitives_data/int/ok/pickle-float--5.0=-5]
(C) /home/travis/build/smarie/python-parsyfiles/parsyfiles/tests/parsing_capabilities_by_type/primitives_data/int/ok/pickle-float--5.0=-5 (singlefile, .pyc)
File checks done

Building a parsing plan to parse [/home/travis/build/smarie/python-parsyfiles/parsyfiles/tests/parsing_capabilities_by_type/primitives_data/int/ok/pickle-float--5.0=-5] into a int
(B) /home/travis/build/smarie/python-parsyfiles/parsyfiles/tests/parsing_capabilities_by_type/primitives_data/int/ok/pickle-float--5.0=-5.pyc -&gt; int ------- using [Try &apos;$&lt;read_object_from_pickle&gt; =&gt; &lt;bool_to_int&gt;$&apos; then &apos;$&lt;read_object_from_pickle&gt; =&gt; &lt;float_to_int&gt;$&apos; then &apos;$&lt;read_object_from_pickle&gt; =&gt; &lt;str_to_int&gt;$&apos; then &apos;$&lt;read_object_from_pickle&gt; =&gt; &lt;float_to_bool&gt;$&apos; then &apos;$&lt;read_object_from_pickle&gt; =&gt; &lt;int_to_bool&gt;$&apos; then &apos;$&lt;read_object_from_pickle&gt; =&gt; &lt;str_to_bool&gt;$&apos; then &apos;&lt;read_object_from_pickle&gt;]&apos;]
(B)                                                                                                               |--pickle-float--5.0=-5.pyc -&gt; int ------- using $&lt;read_object_from_pickle&gt; =&gt; &lt;bool_to_int&gt;$
Parsing Plan created successfully

Executing Parsing Plan for [/home/travis/build/smarie/python-parsyfiles/parsyfiles/tests/parsing_capabilities_by_type/primitives_data/int/ok/pickle-float--5.0=-5]
(P) /home/travis/build/smarie/python-parsyfiles/parsyfiles/tests/parsing_capabilities_by_type/primitives_data/int/ok/pickle-float--5.0=-5.pyc -&gt; int ------- using $&lt;read_object_from_pickle&gt; =&gt; &lt;bool_to_int&gt;$
  !! Caught error during execution !!
  File &quot;/home/travis/build/smarie/python-parsyfiles/parsyfiles/parsing_core.py&quot;, line 177, in _execute
    self.get_singlefile_encoding(), logger, options)
  File &quot;/home/travis/build/smarie/python-parsyfiles/parsyfiles/parsing_combining_parsers.py&quot;, line 552, in _parse_singlefile
    return self._converter.convert(desired_type, first, logger, options)
  File &quot;/home/travis/build/smarie/python-parsyfiles/parsyfiles/converting_core.py&quot;, line 321, in convert
    raise ConversionException.create_not_able_to_convert(source_obj, self, desired_type)
  ParsingException : Error while parsing /home/travis/build/smarie/python-parsyfiles/parsyfiles/tests/parsing_capabilities_by_type/primitives_data/int/ok/pickle-float--5.0=-5 (singlefile, .pyc) as a int with parser &apos;$&lt;read_object_from_pickle&gt; =&gt; &lt;bool_to_int&gt;$&apos; using options=({&apos;MultifileCollectionParser&apos;: {&apos;lazy_parsing&apos;: False}}) : caught 
  ConversionException : Converter $&lt;bool_to_int&gt;$ is not able to ingest source value &apos;-5.0&apos; of type &apos;float&apos; and/or convert it to type &apos;int&apos;. This can happen in a chain when the previous step in the chain is generic and actually produced  an output of the wrong type/content
Rebuilding local parsing plan with next candidate parser: $&lt;read_object_from_pickle&gt; =&gt; &lt;float_to_int&gt;$
(B)                                                                                                               |--pickle-float--5.0=-5.pyc -&gt; int ------- using $&lt;read_object_from_pickle&gt; =&gt; &lt;float_to_int&gt;$
DONE Rebuilding local parsing plan for [/home/travis/build/smarie/python-parsyfiles/parsyfiles/tests/parsing_capabilities_by_type/primitives_data/int/ok/pickle-float--5.0=-5.pyc]. Resuming parsing...
Executing Parsing Plan for [/home/travis/build/smarie/python-parsyfiles/parsyfiles/tests/parsing_capabilities_by_type/primitives_data/int/ok/pickle-float--5.0=-5]
(P) /home/travis/build/smarie/python-parsyfiles/parsyfiles/tests/parsing_capabilities_by_type/primitives_data/int/ok/pickle-float--5.0=-5.pyc -&gt; int ------- using $&lt;read_object_from_pickle&gt; =&gt; &lt;float_to_int&gt;$
(P)                                                                                                               |--pickle-float--5.0=-5.pyc -&gt; int SUCCESS !
Completed parsing successfully

-5==-5
</system-out></testcase><testcase classname="parsyfiles.tests.parsing_capabilities_by_type.test_parse_primitives" file="parsyfiles/tests/parsing_capabilities_by_type/test_parse_primitives.py" line="179" name="test_parse_by_type[int-ok-b64pickle-float-0.0=0.txt]" time="0.03998446464538574"><system-out>**** Starting to parse single object of type &lt;int&gt; at location /home/travis/build/smarie/python-parsyfiles/parsyfiles/tests/parsing_capabilities_by_type/primitives_data/int/ok/b64pickle-float-0.0=0 ****
Checking all files under [/home/travis/build/smarie/python-parsyfiles/parsyfiles/tests/parsing_capabilities_by_type/primitives_data/int/ok/b64pickle-float-0.0=0]
(C) /home/travis/build/smarie/python-parsyfiles/parsyfiles/tests/parsing_capabilities_by_type/primitives_data/int/ok/b64pickle-float-0.0=0 (singlefile, .txt)
File checks done

Building a parsing plan to parse [/home/travis/build/smarie/python-parsyfiles/parsyfiles/tests/parsing_capabilities_by_type/primitives_data/int/ok/b64pickle-float-0.0=0] into a int
(B) /home/travis/build/smarie/python-parsyfiles/parsyfiles/tests/parsing_capabilities_by_type/primitives_data/int/ok/b64pickle-float-0.0=0.txt -&gt; int ------- using [Try &apos;$&lt;read_str_from_txt&gt; =&gt; &lt;str_to_int&gt;$&apos; then &apos;$&lt;read_str_from_txt&gt; =&gt; &lt;base64_ascii_str_pickle_to_object&gt; -&gt; &lt;bool_to_int&gt;$&apos; then &apos;$&lt;read_str_from_txt&gt; =&gt; &lt;base64_ascii_str_pickle_to_object&gt; -&gt; &lt;float_to_int&gt;$&apos; then &apos;$&lt;read_str_from_txt&gt; =&gt; &lt;base64_ascii_str_pickle_to_object&gt; -&gt; &lt;str_to_int&gt;$&apos; then &apos;$&lt;read_str_from_txt&gt; =&gt; &lt;str_to_bool&gt;$&apos; then &apos;$&lt;read_str_from_txt&gt; =&gt; &lt;base64_ascii_str_pickle_to_object&gt; -&gt; &lt;float_to_bool&gt;$&apos; then &apos;$&lt;read_str_from_txt&gt; =&gt; &lt;base64_ascii_str_pickle_to_object&gt; -&gt; &lt;int_to_bool&gt;$&apos; then &apos;$&lt;read_str_from_txt&gt; =&gt; &lt;base64_ascii_str_pickle_to_object&gt; -&gt; &lt;str_to_bool&gt;$&apos; then &apos;$&lt;read_str_from_txt&gt; =&gt; &lt;base64_ascii_str_pickle_to_object&gt;$]&apos;]
(B)                                                                                                               |--b64pickle-float-0.0=0.txt -&gt; int ------- using $&lt;read_str_from_txt&gt; =&gt; &lt;str_to_int&gt;$
Parsing Plan created successfully

Executing Parsing Plan for [/home/travis/build/smarie/python-parsyfiles/parsyfiles/tests/parsing_capabilities_by_type/primitives_data/int/ok/b64pickle-float-0.0=0]
(P) /home/travis/build/smarie/python-parsyfiles/parsyfiles/tests/parsing_capabilities_by_type/primitives_data/int/ok/b64pickle-float-0.0=0.txt -&gt; int ------- using $&lt;read_str_from_txt&gt; =&gt; &lt;str_to_int&gt;$
  !! Caught error during execution !!
  File &quot;/home/travis/build/smarie/python-parsyfiles/parsyfiles/plugins_base/support_for_primitive_types.py&quot;, line 37, in primitive_to_int
    source = literal_eval(source)
  File &quot;/opt/python/3.5.5/lib/python3.5/ast.py&quot;, line 84, in literal_eval
    return _convert(node_or_string)
  File &quot;/opt/python/3.5.5/lib/python3.5/ast.py&quot;, line 83, in _convert
    raise ValueError(&apos;malformed node or string: &apos; + repr(node))
  ParsingException : Error while parsing /home/travis/build/smarie/python-parsyfiles/parsyfiles/tests/parsing_capabilities_by_type/primitives_data/int/ok/b64pickle-float-0.0=0 (singlefile, .txt) as a int with parser &apos;$&lt;read_str_from_txt&gt; =&gt; &lt;str_to_int&gt;$&apos; using options=({&apos;MultifileCollectionParser&apos;: {&apos;lazy_parsing&apos;: False}}) : caught 
  ValueError : malformed node or string: &lt;_ast.Name object at 0x7fab07a12438&gt;
Rebuilding local parsing plan with next candidate parser: $&lt;read_str_from_txt&gt; =&gt; &lt;base64_ascii_str_pickle_to_object&gt; -&gt; &lt;bool_to_int&gt;$
(B)                                                                                                               |--b64pickle-float-0.0=0.txt -&gt; int ------- using $&lt;read_str_from_txt&gt; =&gt; &lt;base64_ascii_str_pickle_to_object&gt; -&gt; &lt;bool_to_int&gt;$
DONE Rebuilding local parsing plan for [/home/travis/build/smarie/python-parsyfiles/parsyfiles/tests/parsing_capabilities_by_type/primitives_data/int/ok/b64pickle-float-0.0=0.txt]. Resuming parsing...
Executing Parsing Plan for [/home/travis/build/smarie/python-parsyfiles/parsyfiles/tests/parsing_capabilities_by_type/primitives_data/int/ok/b64pickle-float-0.0=0]
(P) /home/travis/build/smarie/python-parsyfiles/parsyfiles/tests/parsing_capabilities_by_type/primitives_data/int/ok/b64pickle-float-0.0=0.txt -&gt; int ------- using $&lt;read_str_from_txt&gt; =&gt; &lt;base64_ascii_str_pickle_to_object&gt; -&gt; &lt;bool_to_int&gt;$
  !! Caught error during execution !!
  File &quot;/home/travis/build/smarie/python-parsyfiles/parsyfiles/converting_core.py&quot;, line 319, in convert
    return self._convert(desired_type, source_obj, logger, options)
  File &quot;/home/travis/build/smarie/python-parsyfiles/parsyfiles/converting_core.py&quot;, line 770, in _convert
    return self._converters_list[-1].convert(desired_type, obj, logger, options)
  File &quot;/home/travis/build/smarie/python-parsyfiles/parsyfiles/converting_core.py&quot;, line 321, in convert
    raise ConversionException.create_not_able_to_convert(source_obj, self, desired_type)
  ParsingException : Error while parsing /home/travis/build/smarie/python-parsyfiles/parsyfiles/tests/parsing_capabilities_by_type/primitives_data/int/ok/b64pickle-float-0.0=0 (singlefile, .txt) as a int with parser &apos;$&lt;read_str_from_txt&gt; =&gt; &lt;base64_ascii_str_pickle_to_object&gt; -&gt; &lt;bool_to_int&gt;$&apos; using options=({&apos;MultifileCollectionParser&apos;: {&apos;lazy_parsing&apos;: False}}) : caught 
  ConversionException : Converter &lt;bool_to_int&gt; is not able to ingest source value &apos;0.0&apos; of type &apos;float&apos; and/or convert it to type &apos;int&apos;. This can happen in a chain when the previous step in the chain is generic and actually produced  an output of the wrong type/content
Rebuilding local parsing plan with next candidate parser: $&lt;read_str_from_txt&gt; =&gt; &lt;base64_ascii_str_pickle_to_object&gt; -&gt; &lt;float_to_int&gt;$
(B)                                                                                                               |--b64pickle-float-0.0=0.txt -&gt; int ------- using $&lt;read_str_from_txt&gt; =&gt; &lt;base64_ascii_str_pickle_to_object&gt; -&gt; &lt;float_to_int&gt;$
DONE Rebuilding local parsing plan for [/home/travis/build/smarie/python-parsyfiles/parsyfiles/tests/parsing_capabilities_by_type/primitives_data/int/ok/b64pickle-float-0.0=0.txt]. Resuming parsing...
Executing Parsing Plan for [/home/travis/build/smarie/python-parsyfiles/parsyfiles/tests/parsing_capabilities_by_type/primitives_data/int/ok/b64pickle-float-0.0=0]
(P) /home/travis/build/smarie/python-parsyfiles/parsyfiles/tests/parsing_capabilities_by_type/primitives_data/int/ok/b64pickle-float-0.0=0.txt -&gt; int ------- using $&lt;read_str_from_txt&gt; =&gt; &lt;base64_ascii_str_pickle_to_object&gt; -&gt; &lt;float_to_int&gt;$
(P)                                                                                                               |--b64pickle-float-0.0=0.txt -&gt; int SUCCESS !
Completed parsing successfully

0==0
</system-out></testcase><testcase classname="parsyfiles.tests.parsing_capabilities_by_type.test_parse_primitives" file="parsyfiles/tests/parsing_capabilities_by_type/test_parse_primitives.py" line="179" name="test_parse_by_type[int-ok-txt-float-10.0=10.txt]" time="0.035932302474975586"><system-out>**** Starting to parse single object of type &lt;int&gt; at location /home/travis/build/smarie/python-parsyfiles/parsyfiles/tests/parsing_capabilities_by_type/primitives_data/int/ok/txt-float-10.0=10 ****
Checking all files under [/home/travis/build/smarie/python-parsyfiles/parsyfiles/tests/parsing_capabilities_by_type/primitives_data/int/ok/txt-float-10.0=10]
(C) /home/travis/build/smarie/python-parsyfiles/parsyfiles/tests/parsing_capabilities_by_type/primitives_data/int/ok/txt-float-10.0=10 (singlefile, .txt)
File checks done

Building a parsing plan to parse [/home/travis/build/smarie/python-parsyfiles/parsyfiles/tests/parsing_capabilities_by_type/primitives_data/int/ok/txt-float-10.0=10] into a int
(B) /home/travis/build/smarie/python-parsyfiles/parsyfiles/tests/parsing_capabilities_by_type/primitives_data/int/ok/txt-float-10.0=10.txt -&gt; int ------- using [Try &apos;$&lt;read_str_from_txt&gt; =&gt; &lt;str_to_int&gt;$&apos; then &apos;$&lt;read_str_from_txt&gt; =&gt; &lt;base64_ascii_str_pickle_to_object&gt; -&gt; &lt;bool_to_int&gt;$&apos; then &apos;$&lt;read_str_from_txt&gt; =&gt; &lt;base64_ascii_str_pickle_to_object&gt; -&gt; &lt;float_to_int&gt;$&apos; then &apos;$&lt;read_str_from_txt&gt; =&gt; &lt;base64_ascii_str_pickle_to_object&gt; -&gt; &lt;str_to_int&gt;$&apos; then &apos;$&lt;read_str_from_txt&gt; =&gt; &lt;str_to_bool&gt;$&apos; then &apos;$&lt;read_str_from_txt&gt; =&gt; &lt;base64_ascii_str_pickle_to_object&gt; -&gt; &lt;float_to_bool&gt;$&apos; then &apos;$&lt;read_str_from_txt&gt; =&gt; &lt;base64_ascii_str_pickle_to_object&gt; -&gt; &lt;int_to_bool&gt;$&apos; then &apos;$&lt;read_str_from_txt&gt; =&gt; &lt;base64_ascii_str_pickle_to_object&gt; -&gt; &lt;str_to_bool&gt;$&apos; then &apos;$&lt;read_str_from_txt&gt; =&gt; &lt;base64_ascii_str_pickle_to_object&gt;$]&apos;]
(B)                                                                                                               |--txt-float-10.0=10.txt -&gt; int ------- using $&lt;read_str_from_txt&gt; =&gt; &lt;str_to_int&gt;$
Parsing Plan created successfully

Executing Parsing Plan for [/home/travis/build/smarie/python-parsyfiles/parsyfiles/tests/parsing_capabilities_by_type/primitives_data/int/ok/txt-float-10.0=10]
(P) /home/travis/build/smarie/python-parsyfiles/parsyfiles/tests/parsing_capabilities_by_type/primitives_data/int/ok/txt-float-10.0=10.txt -&gt; int ------- using $&lt;read_str_from_txt&gt; =&gt; &lt;str_to_int&gt;$
(P)                                                                                                               |--txt-float-10.0=10.txt -&gt; int SUCCESS !
Completed parsing successfully

10==10
</system-out></testcase><testcase classname="parsyfiles.tests.parsing_capabilities_by_type.test_parse_primitives" file="parsyfiles/tests/parsing_capabilities_by_type/test_parse_primitives.py" line="179" name="test_parse_by_type[int-ok-txt-int--2=-2.txt]" time="0.036913394927978516"><system-out>**** Starting to parse single object of type &lt;int&gt; at location /home/travis/build/smarie/python-parsyfiles/parsyfiles/tests/parsing_capabilities_by_type/primitives_data/int/ok/txt-int--2=-2 ****
Checking all files under [/home/travis/build/smarie/python-parsyfiles/parsyfiles/tests/parsing_capabilities_by_type/primitives_data/int/ok/txt-int--2=-2]
(C) /home/travis/build/smarie/python-parsyfiles/parsyfiles/tests/parsing_capabilities_by_type/primitives_data/int/ok/txt-int--2=-2 (singlefile, .txt)
File checks done

Building a parsing plan to parse [/home/travis/build/smarie/python-parsyfiles/parsyfiles/tests/parsing_capabilities_by_type/primitives_data/int/ok/txt-int--2=-2] into a int
(B) /home/travis/build/smarie/python-parsyfiles/parsyfiles/tests/parsing_capabilities_by_type/primitives_data/int/ok/txt-int--2=-2.txt -&gt; int ------- using [Try &apos;$&lt;read_str_from_txt&gt; =&gt; &lt;str_to_int&gt;$&apos; then &apos;$&lt;read_str_from_txt&gt; =&gt; &lt;base64_ascii_str_pickle_to_object&gt; -&gt; &lt;bool_to_int&gt;$&apos; then &apos;$&lt;read_str_from_txt&gt; =&gt; &lt;base64_ascii_str_pickle_to_object&gt; -&gt; &lt;float_to_int&gt;$&apos; then &apos;$&lt;read_str_from_txt&gt; =&gt; &lt;base64_ascii_str_pickle_to_object&gt; -&gt; &lt;str_to_int&gt;$&apos; then &apos;$&lt;read_str_from_txt&gt; =&gt; &lt;str_to_bool&gt;$&apos; then &apos;$&lt;read_str_from_txt&gt; =&gt; &lt;base64_ascii_str_pickle_to_object&gt; -&gt; &lt;float_to_bool&gt;$&apos; then &apos;$&lt;read_str_from_txt&gt; =&gt; &lt;base64_ascii_str_pickle_to_object&gt; -&gt; &lt;int_to_bool&gt;$&apos; then &apos;$&lt;read_str_from_txt&gt; =&gt; &lt;base64_ascii_str_pickle_to_object&gt; -&gt; &lt;str_to_bool&gt;$&apos; then &apos;$&lt;read_str_from_txt&gt; =&gt; &lt;base64_ascii_str_pickle_to_object&gt;$]&apos;]
(B)                                                                                                               |--txt-int--2=-2.txt -&gt; int ------- using $&lt;read_str_from_txt&gt; =&gt; &lt;str_to_int&gt;$
Parsing Plan created successfully

Executing Parsing Plan for [/home/travis/build/smarie/python-parsyfiles/parsyfiles/tests/parsing_capabilities_by_type/primitives_data/int/ok/txt-int--2=-2]
(P) /home/travis/build/smarie/python-parsyfiles/parsyfiles/tests/parsing_capabilities_by_type/primitives_data/int/ok/txt-int--2=-2.txt -&gt; int ------- using $&lt;read_str_from_txt&gt; =&gt; &lt;str_to_int&gt;$
(P)                                                                                                               |--txt-int--2=-2.txt -&gt; int SUCCESS !
Completed parsing successfully

-2==-2
</system-out></testcase><testcase classname="parsyfiles.tests.parsing_capabilities_by_type.test_parse_primitives" file="parsyfiles/tests/parsing_capabilities_by_type/test_parse_primitives.py" line="179" name="test_parse_by_type[int-ok-pickle-bool-True=1.pyc]" time="0.03690767288208008"><system-out>**** Starting to parse single object of type &lt;int&gt; at location /home/travis/build/smarie/python-parsyfiles/parsyfiles/tests/parsing_capabilities_by_type/primitives_data/int/ok/pickle-bool-True=1 ****
Checking all files under [/home/travis/build/smarie/python-parsyfiles/parsyfiles/tests/parsing_capabilities_by_type/primitives_data/int/ok/pickle-bool-True=1]
(C) /home/travis/build/smarie/python-parsyfiles/parsyfiles/tests/parsing_capabilities_by_type/primitives_data/int/ok/pickle-bool-True=1 (singlefile, .pyc)
File checks done

Building a parsing plan to parse [/home/travis/build/smarie/python-parsyfiles/parsyfiles/tests/parsing_capabilities_by_type/primitives_data/int/ok/pickle-bool-True=1] into a int
(B) /home/travis/build/smarie/python-parsyfiles/parsyfiles/tests/parsing_capabilities_by_type/primitives_data/int/ok/pickle-bool-True=1.pyc -&gt; int ------- using [Try &apos;$&lt;read_object_from_pickle&gt; =&gt; &lt;bool_to_int&gt;$&apos; then &apos;$&lt;read_object_from_pickle&gt; =&gt; &lt;float_to_int&gt;$&apos; then &apos;$&lt;read_object_from_pickle&gt; =&gt; &lt;str_to_int&gt;$&apos; then &apos;$&lt;read_object_from_pickle&gt; =&gt; &lt;float_to_bool&gt;$&apos; then &apos;$&lt;read_object_from_pickle&gt; =&gt; &lt;int_to_bool&gt;$&apos; then &apos;$&lt;read_object_from_pickle&gt; =&gt; &lt;str_to_bool&gt;$&apos; then &apos;&lt;read_object_from_pickle&gt;]&apos;]
(B)                                                                                                               |--pickle-bool-True=1.pyc -&gt; int ------- using $&lt;read_object_from_pickle&gt; =&gt; &lt;bool_to_int&gt;$
Parsing Plan created successfully

Executing Parsing Plan for [/home/travis/build/smarie/python-parsyfiles/parsyfiles/tests/parsing_capabilities_by_type/primitives_data/int/ok/pickle-bool-True=1]
(P) /home/travis/build/smarie/python-parsyfiles/parsyfiles/tests/parsing_capabilities_by_type/primitives_data/int/ok/pickle-bool-True=1.pyc -&gt; int ------- using $&lt;read_object_from_pickle&gt; =&gt; &lt;bool_to_int&gt;$
(P)                                                                                                               |--pickle-bool-True=1.pyc -&gt; int SUCCESS !
Completed parsing successfully

1==1
</system-out></testcase><testcase classname="parsyfiles.tests.parsing_capabilities_by_type.test_parse_primitives" file="parsyfiles/tests/parsing_capabilities_by_type/test_parse_primitives.py" line="179" name="test_parse_by_type[int-ok-b64pickle-float-10.0=10.txt]" time="0.03890395164489746"><system-out>**** Starting to parse single object of type &lt;int&gt; at location /home/travis/build/smarie/python-parsyfiles/parsyfiles/tests/parsing_capabilities_by_type/primitives_data/int/ok/b64pickle-float-10.0=10 ****
Checking all files under [/home/travis/build/smarie/python-parsyfiles/parsyfiles/tests/parsing_capabilities_by_type/primitives_data/int/ok/b64pickle-float-10.0=10]
(C) /home/travis/build/smarie/python-parsyfiles/parsyfiles/tests/parsing_capabilities_by_type/primitives_data/int/ok/b64pickle-float-10.0=10 (singlefile, .txt)
File checks done

Building a parsing plan to parse [/home/travis/build/smarie/python-parsyfiles/parsyfiles/tests/parsing_capabilities_by_type/primitives_data/int/ok/b64pickle-float-10.0=10] into a int
(B) /home/travis/build/smarie/python-parsyfiles/parsyfiles/tests/parsing_capabilities_by_type/primitives_data/int/ok/b64pickle-float-10.0=10.txt -&gt; int ------- using [Try &apos;$&lt;read_str_from_txt&gt; =&gt; &lt;str_to_int&gt;$&apos; then &apos;$&lt;read_str_from_txt&gt; =&gt; &lt;base64_ascii_str_pickle_to_object&gt; -&gt; &lt;bool_to_int&gt;$&apos; then &apos;$&lt;read_str_from_txt&gt; =&gt; &lt;base64_ascii_str_pickle_to_object&gt; -&gt; &lt;float_to_int&gt;$&apos; then &apos;$&lt;read_str_from_txt&gt; =&gt; &lt;base64_ascii_str_pickle_to_object&gt; -&gt; &lt;str_to_int&gt;$&apos; then &apos;$&lt;read_str_from_txt&gt; =&gt; &lt;str_to_bool&gt;$&apos; then &apos;$&lt;read_str_from_txt&gt; =&gt; &lt;base64_ascii_str_pickle_to_object&gt; -&gt; &lt;float_to_bool&gt;$&apos; then &apos;$&lt;read_str_from_txt&gt; =&gt; &lt;base64_ascii_str_pickle_to_object&gt; -&gt; &lt;int_to_bool&gt;$&apos; then &apos;$&lt;read_str_from_txt&gt; =&gt; &lt;base64_ascii_str_pickle_to_object&gt; -&gt; &lt;str_to_bool&gt;$&apos; then &apos;$&lt;read_str_from_txt&gt; =&gt; &lt;base64_ascii_str_pickle_to_object&gt;$]&apos;]
(B)                                                                                                               |--b64pickle-float-10.0=10.txt -&gt; int ------- using $&lt;read_str_from_txt&gt; =&gt; &lt;str_to_int&gt;$
Parsing Plan created successfully

Executing Parsing Plan for [/home/travis/build/smarie/python-parsyfiles/parsyfiles/tests/parsing_capabilities_by_type/primitives_data/int/ok/b64pickle-float-10.0=10]
(P) /home/travis/build/smarie/python-parsyfiles/parsyfiles/tests/parsing_capabilities_by_type/primitives_data/int/ok/b64pickle-float-10.0=10.txt -&gt; int ------- using $&lt;read_str_from_txt&gt; =&gt; &lt;str_to_int&gt;$
  !! Caught error during execution !!
  File &quot;/home/travis/build/smarie/python-parsyfiles/parsyfiles/plugins_base/support_for_primitive_types.py&quot;, line 37, in primitive_to_int
    source = literal_eval(source)
  File &quot;/opt/python/3.5.5/lib/python3.5/ast.py&quot;, line 84, in literal_eval
    return _convert(node_or_string)
  File &quot;/opt/python/3.5.5/lib/python3.5/ast.py&quot;, line 83, in _convert
    raise ValueError(&apos;malformed node or string: &apos; + repr(node))
  ParsingException : Error while parsing /home/travis/build/smarie/python-parsyfiles/parsyfiles/tests/parsing_capabilities_by_type/primitives_data/int/ok/b64pickle-float-10.0=10 (singlefile, .txt) as a int with parser &apos;$&lt;read_str_from_txt&gt; =&gt; &lt;str_to_int&gt;$&apos; using options=({&apos;MultifileCollectionParser&apos;: {&apos;lazy_parsing&apos;: False}}) : caught 
  ValueError : malformed node or string: &lt;_ast.Name object at 0x7fab06f088d0&gt;
Rebuilding local parsing plan with next candidate parser: $&lt;read_str_from_txt&gt; =&gt; &lt;base64_ascii_str_pickle_to_object&gt; -&gt; &lt;bool_to_int&gt;$
(B)                                                                                                               |--b64pickle-float-10.0=10.txt -&gt; int ------- using $&lt;read_str_from_txt&gt; =&gt; &lt;base64_ascii_str_pickle_to_object&gt; -&gt; &lt;bool_to_int&gt;$
DONE Rebuilding local parsing plan for [/home/travis/build/smarie/python-parsyfiles/parsyfiles/tests/parsing_capabilities_by_type/primitives_data/int/ok/b64pickle-float-10.0=10.txt]. Resuming parsing...
Executing Parsing Plan for [/home/travis/build/smarie/python-parsyfiles/parsyfiles/tests/parsing_capabilities_by_type/primitives_data/int/ok/b64pickle-float-10.0=10]
(P) /home/travis/build/smarie/python-parsyfiles/parsyfiles/tests/parsing_capabilities_by_type/primitives_data/int/ok/b64pickle-float-10.0=10.txt -&gt; int ------- using $&lt;read_str_from_txt&gt; =&gt; &lt;base64_ascii_str_pickle_to_object&gt; -&gt; &lt;bool_to_int&gt;$
  !! Caught error during execution !!
  File &quot;/home/travis/build/smarie/python-parsyfiles/parsyfiles/converting_core.py&quot;, line 319, in convert
    return self._convert(desired_type, source_obj, logger, options)
  File &quot;/home/travis/build/smarie/python-parsyfiles/parsyfiles/converting_core.py&quot;, line 770, in _convert
    return self._converters_list[-1].convert(desired_type, obj, logger, options)
  File &quot;/home/travis/build/smarie/python-parsyfiles/parsyfiles/converting_core.py&quot;, line 321, in convert
    raise ConversionException.create_not_able_to_convert(source_obj, self, desired_type)
  ParsingException : Error while parsing /home/travis/build/smarie/python-parsyfiles/parsyfiles/tests/parsing_capabilities_by_type/primitives_data/int/ok/b64pickle-float-10.0=10 (singlefile, .txt) as a int with parser &apos;$&lt;read_str_from_txt&gt; =&gt; &lt;base64_ascii_str_pickle_to_object&gt; -&gt; &lt;bool_to_int&gt;$&apos; using options=({&apos;MultifileCollectionParser&apos;: {&apos;lazy_parsing&apos;: False}}) : caught 
  ConversionException : Converter &lt;bool_to_int&gt; is not able to ingest source value &apos;10.0&apos; of type &apos;float&apos; and/or convert it to type &apos;int&apos;. This can happen in a chain when the previous step in the chain is generic and actually produced  an output of the wrong type/content
Rebuilding local parsing plan with next candidate parser: $&lt;read_str_from_txt&gt; =&gt; &lt;base64_ascii_str_pickle_to_object&gt; -&gt; &lt;float_to_int&gt;$
(B)                                                                                                               |--b64pickle-float-10.0=10.txt -&gt; int ------- using $&lt;read_str_from_txt&gt; =&gt; &lt;base64_ascii_str_pickle_to_object&gt; -&gt; &lt;float_to_int&gt;$
DONE Rebuilding local parsing plan for [/home/travis/build/smarie/python-parsyfiles/parsyfiles/tests/parsing_capabilities_by_type/primitives_data/int/ok/b64pickle-float-10.0=10.txt]. Resuming parsing...
Executing Parsing Plan for [/home/travis/build/smarie/python-parsyfiles/parsyfiles/tests/parsing_capabilities_by_type/primitives_data/int/ok/b64pickle-float-10.0=10]
(P) /home/travis/build/smarie/python-parsyfiles/parsyfiles/tests/parsing_capabilities_by_type/primitives_data/int/ok/b64pickle-float-10.0=10.txt -&gt; int ------- using $&lt;read_str_from_txt&gt; =&gt; &lt;base64_ascii_str_pickle_to_object&gt; -&gt; &lt;float_to_int&gt;$
(P)                                                                                                               |--b64pickle-float-10.0=10.txt -&gt; int SUCCESS !
Completed parsing successfully

10==10
</system-out></testcase><testcase classname="parsyfiles.tests.parsing_capabilities_by_type.test_parse_primitives" file="parsyfiles/tests/parsing_capabilities_by_type/test_parse_primitives.py" line="179" name="test_parse_by_type[int-ok-b64pickle-int-0=0.txt]" time="0.05198216438293457"><system-out>**** Starting to parse single object of type &lt;int&gt; at location /home/travis/build/smarie/python-parsyfiles/parsyfiles/tests/parsing_capabilities_by_type/primitives_data/int/ok/b64pickle-int-0=0 ****
Checking all files under [/home/travis/build/smarie/python-parsyfiles/parsyfiles/tests/parsing_capabilities_by_type/primitives_data/int/ok/b64pickle-int-0=0]
(C) /home/travis/build/smarie/python-parsyfiles/parsyfiles/tests/parsing_capabilities_by_type/primitives_data/int/ok/b64pickle-int-0=0 (singlefile, .txt)
File checks done

Building a parsing plan to parse [/home/travis/build/smarie/python-parsyfiles/parsyfiles/tests/parsing_capabilities_by_type/primitives_data/int/ok/b64pickle-int-0=0] into a int
(B) /home/travis/build/smarie/python-parsyfiles/parsyfiles/tests/parsing_capabilities_by_type/primitives_data/int/ok/b64pickle-int-0=0.txt -&gt; int ------- using [Try &apos;$&lt;read_str_from_txt&gt; =&gt; &lt;str_to_int&gt;$&apos; then &apos;$&lt;read_str_from_txt&gt; =&gt; &lt;base64_ascii_str_pickle_to_object&gt; -&gt; &lt;bool_to_int&gt;$&apos; then &apos;$&lt;read_str_from_txt&gt; =&gt; &lt;base64_ascii_str_pickle_to_object&gt; -&gt; &lt;float_to_int&gt;$&apos; then &apos;$&lt;read_str_from_txt&gt; =&gt; &lt;base64_ascii_str_pickle_to_object&gt; -&gt; &lt;str_to_int&gt;$&apos; then &apos;$&lt;read_str_from_txt&gt; =&gt; &lt;str_to_bool&gt;$&apos; then &apos;$&lt;read_str_from_txt&gt; =&gt; &lt;base64_ascii_str_pickle_to_object&gt; -&gt; &lt;float_to_bool&gt;$&apos; then &apos;$&lt;read_str_from_txt&gt; =&gt; &lt;base64_ascii_str_pickle_to_object&gt; -&gt; &lt;int_to_bool&gt;$&apos; then &apos;$&lt;read_str_from_txt&gt; =&gt; &lt;base64_ascii_str_pickle_to_object&gt; -&gt; &lt;str_to_bool&gt;$&apos; then &apos;$&lt;read_str_from_txt&gt; =&gt; &lt;base64_ascii_str_pickle_to_object&gt;$]&apos;]
(B)                                                                                                               |--b64pickle-int-0=0.txt -&gt; int ------- using $&lt;read_str_from_txt&gt; =&gt; &lt;str_to_int&gt;$
Parsing Plan created successfully

Executing Parsing Plan for [/home/travis/build/smarie/python-parsyfiles/parsyfiles/tests/parsing_capabilities_by_type/primitives_data/int/ok/b64pickle-int-0=0]
(P) /home/travis/build/smarie/python-parsyfiles/parsyfiles/tests/parsing_capabilities_by_type/primitives_data/int/ok/b64pickle-int-0=0.txt -&gt; int ------- using $&lt;read_str_from_txt&gt; =&gt; &lt;str_to_int&gt;$
  !! Caught error during execution !!
  File &quot;/home/travis/build/smarie/python-parsyfiles/parsyfiles/plugins_base/support_for_primitive_types.py&quot;, line 37, in primitive_to_int
    source = literal_eval(source)
  File &quot;/opt/python/3.5.5/lib/python3.5/ast.py&quot;, line 46, in literal_eval
    node_or_string = parse(node_or_string, mode=&apos;eval&apos;)
  File &quot;/opt/python/3.5.5/lib/python3.5/ast.py&quot;, line 35, in parse
    return compile(source, filename, mode, PyCF_ONLY_AST)
  ParsingException : Error while parsing /home/travis/build/smarie/python-parsyfiles/parsyfiles/tests/parsing_capabilities_by_type/primitives_data/int/ok/b64pickle-int-0=0 (singlefile, .txt) as a int with parser &apos;$&lt;read_str_from_txt&gt; =&gt; &lt;str_to_int&gt;$&apos; using options=({&apos;MultifileCollectionParser&apos;: {&apos;lazy_parsing&apos;: False}}) : caught 
  SyntaxError : unexpected EOF while parsing (&lt;unknown&gt;, line 1)
Rebuilding local parsing plan with next candidate parser: $&lt;read_str_from_txt&gt; =&gt; &lt;base64_ascii_str_pickle_to_object&gt; -&gt; &lt;bool_to_int&gt;$
(B)                                                                                                               |--b64pickle-int-0=0.txt -&gt; int ------- using $&lt;read_str_from_txt&gt; =&gt; &lt;base64_ascii_str_pickle_to_object&gt; -&gt; &lt;bool_to_int&gt;$
DONE Rebuilding local parsing plan for [/home/travis/build/smarie/python-parsyfiles/parsyfiles/tests/parsing_capabilities_by_type/primitives_data/int/ok/b64pickle-int-0=0.txt]. Resuming parsing...
Executing Parsing Plan for [/home/travis/build/smarie/python-parsyfiles/parsyfiles/tests/parsing_capabilities_by_type/primitives_data/int/ok/b64pickle-int-0=0]
(P) /home/travis/build/smarie/python-parsyfiles/parsyfiles/tests/parsing_capabilities_by_type/primitives_data/int/ok/b64pickle-int-0=0.txt -&gt; int ------- using $&lt;read_str_from_txt&gt; =&gt; &lt;base64_ascii_str_pickle_to_object&gt; -&gt; &lt;bool_to_int&gt;$
  !! Caught error during execution !!
  File &quot;/home/travis/build/smarie/python-parsyfiles/parsyfiles/converting_core.py&quot;, line 319, in convert
    return self._convert(desired_type, source_obj, logger, options)
  File &quot;/home/travis/build/smarie/python-parsyfiles/parsyfiles/converting_core.py&quot;, line 770, in _convert
    return self._converters_list[-1].convert(desired_type, obj, logger, options)
  File &quot;/home/travis/build/smarie/python-parsyfiles/parsyfiles/converting_core.py&quot;, line 321, in convert
    raise ConversionException.create_not_able_to_convert(source_obj, self, desired_type)
  ParsingException : Error while parsing /home/travis/build/smarie/python-parsyfiles/parsyfiles/tests/parsing_capabilities_by_type/primitives_data/int/ok/b64pickle-int-0=0 (singlefile, .txt) as a int with parser &apos;$&lt;read_str_from_txt&gt; =&gt; &lt;base64_ascii_str_pickle_to_object&gt; -&gt; &lt;bool_to_int&gt;$&apos; using options=({&apos;MultifileCollectionParser&apos;: {&apos;lazy_parsing&apos;: False}}) : caught 
  ConversionException : Converter &lt;bool_to_int&gt; is not able to ingest source value &apos;0&apos; of type &apos;int&apos; and/or convert it to type &apos;int&apos;. This can happen in a chain when the previous step in the chain is generic and actually produced  an output of the wrong type/content
Rebuilding local parsing plan with next candidate parser: $&lt;read_str_from_txt&gt; =&gt; &lt;base64_ascii_str_pickle_to_object&gt; -&gt; &lt;float_to_int&gt;$
(B)                                                                                                               |--b64pickle-int-0=0.txt -&gt; int ------- using $&lt;read_str_from_txt&gt; =&gt; &lt;base64_ascii_str_pickle_to_object&gt; -&gt; &lt;float_to_int&gt;$
DONE Rebuilding local parsing plan for [/home/travis/build/smarie/python-parsyfiles/parsyfiles/tests/parsing_capabilities_by_type/primitives_data/int/ok/b64pickle-int-0=0.txt]. Resuming parsing...
Executing Parsing Plan for [/home/travis/build/smarie/python-parsyfiles/parsyfiles/tests/parsing_capabilities_by_type/primitives_data/int/ok/b64pickle-int-0=0]
(P) /home/travis/build/smarie/python-parsyfiles/parsyfiles/tests/parsing_capabilities_by_type/primitives_data/int/ok/b64pickle-int-0=0.txt -&gt; int ------- using $&lt;read_str_from_txt&gt; =&gt; &lt;base64_ascii_str_pickle_to_object&gt; -&gt; &lt;float_to_int&gt;$
  !! Caught error during execution !!
  File &quot;/home/travis/build/smarie/python-parsyfiles/parsyfiles/converting_core.py&quot;, line 319, in convert
    return self._convert(desired_type, source_obj, logger, options)
  File &quot;/home/travis/build/smarie/python-parsyfiles/parsyfiles/converting_core.py&quot;, line 770, in _convert
    return self._converters_list[-1].convert(desired_type, obj, logger, options)
  File &quot;/home/travis/build/smarie/python-parsyfiles/parsyfiles/converting_core.py&quot;, line 321, in convert
    raise ConversionException.create_not_able_to_convert(source_obj, self, desired_type)
  ParsingException : Error while parsing /home/travis/build/smarie/python-parsyfiles/parsyfiles/tests/parsing_capabilities_by_type/primitives_data/int/ok/b64pickle-int-0=0 (singlefile, .txt) as a int with parser &apos;$&lt;read_str_from_txt&gt; =&gt; &lt;base64_ascii_str_pickle_to_object&gt; -&gt; &lt;float_to_int&gt;$&apos; using options=({&apos;MultifileCollectionParser&apos;: {&apos;lazy_parsing&apos;: False}}) : caught 
  ConversionException : Converter &lt;float_to_int&gt; is not able to ingest source value &apos;0&apos; of type &apos;int&apos; and/or convert it to type &apos;int&apos;. This can happen in a chain when the previous step in the chain is generic and actually produced  an output of the wrong type/content
Rebuilding local parsing plan with next candidate parser: $&lt;read_str_from_txt&gt; =&gt; &lt;base64_ascii_str_pickle_to_object&gt; -&gt; &lt;str_to_int&gt;$
(B)                                                                                                               |--b64pickle-int-0=0.txt -&gt; int ------- using $&lt;read_str_from_txt&gt; =&gt; &lt;base64_ascii_str_pickle_to_object&gt; -&gt; &lt;str_to_int&gt;$
DONE Rebuilding local parsing plan for [/home/travis/build/smarie/python-parsyfiles/parsyfiles/tests/parsing_capabilities_by_type/primitives_data/int/ok/b64pickle-int-0=0.txt]. Resuming parsing...
Executing Parsing Plan for [/home/travis/build/smarie/python-parsyfiles/parsyfiles/tests/parsing_capabilities_by_type/primitives_data/int/ok/b64pickle-int-0=0]
(P) /home/travis/build/smarie/python-parsyfiles/parsyfiles/tests/parsing_capabilities_by_type/primitives_data/int/ok/b64pickle-int-0=0.txt -&gt; int ------- using $&lt;read_str_from_txt&gt; =&gt; &lt;base64_ascii_str_pickle_to_object&gt; -&gt; &lt;str_to_int&gt;$
  !! Caught error during execution !!
  File &quot;/home/travis/build/smarie/python-parsyfiles/parsyfiles/converting_core.py&quot;, line 319, in convert
    return self._convert(desired_type, source_obj, logger, options)
  File &quot;/home/travis/build/smarie/python-parsyfiles/parsyfiles/converting_core.py&quot;, line 770, in _convert
    return self._converters_list[-1].convert(desired_type, obj, logger, options)
  File &quot;/home/travis/build/smarie/python-parsyfiles/parsyfiles/converting_core.py&quot;, line 321, in convert
    raise ConversionException.create_not_able_to_convert(source_obj, self, desired_type)
  ParsingException : Error while parsing /home/travis/build/smarie/python-parsyfiles/parsyfiles/tests/parsing_capabilities_by_type/primitives_data/int/ok/b64pickle-int-0=0 (singlefile, .txt) as a int with parser &apos;$&lt;read_str_from_txt&gt; =&gt; &lt;base64_ascii_str_pickle_to_object&gt; -&gt; &lt;str_to_int&gt;$&apos; using options=({&apos;MultifileCollectionParser&apos;: {&apos;lazy_parsing&apos;: False}}) : caught 
  ConversionException : Converter &lt;str_to_int&gt; is not able to ingest source value &apos;0&apos; of type &apos;int&apos; and/or convert it to type &apos;int&apos;. This can happen in a chain when the previous step in the chain is generic and actually produced  an output of the wrong type/content
Rebuilding local parsing plan with next candidate parser: $&lt;read_str_from_txt&gt; =&gt; &lt;str_to_bool&gt;$
(B)                                                                                                               |--b64pickle-int-0=0.txt -&gt; int ------- using $&lt;read_str_from_txt&gt; =&gt; &lt;str_to_bool&gt;$
DONE Rebuilding local parsing plan for [/home/travis/build/smarie/python-parsyfiles/parsyfiles/tests/parsing_capabilities_by_type/primitives_data/int/ok/b64pickle-int-0=0.txt]. Resuming parsing...
Executing Parsing Plan for [/home/travis/build/smarie/python-parsyfiles/parsyfiles/tests/parsing_capabilities_by_type/primitives_data/int/ok/b64pickle-int-0=0]
(P) /home/travis/build/smarie/python-parsyfiles/parsyfiles/tests/parsing_capabilities_by_type/primitives_data/int/ok/b64pickle-int-0=0.txt -&gt; int ------- using $&lt;read_str_from_txt&gt; =&gt; &lt;str_to_bool&gt;$
  !! Caught error during execution !!
  File &quot;/home/travis/build/smarie/python-parsyfiles/parsyfiles/converting_core.py&quot;, line 524, in _convert
    return self.conversion_method(desired_type, source_obj, logger, **opts)
  File &quot;/home/travis/build/smarie/python-parsyfiles/parsyfiles/plugins_base/support_for_primitive_types.py&quot;, line 84, in primitive_to_bool
    return bool(strtobool(source))
  File &quot;/opt/python/3.5.5/lib/python3.5/distutils/util.py&quot;, line 317, in strtobool
    raise ValueError(&quot;invalid truth value %r&quot; % (val,))
  ParsingException : Error while parsing /home/travis/build/smarie/python-parsyfiles/parsyfiles/tests/parsing_capabilities_by_type/primitives_data/int/ok/b64pickle-int-0=0 (singlefile, .txt) as a int with parser &apos;$&lt;read_str_from_txt&gt; =&gt; &lt;str_to_bool&gt;$&apos; using options=({&apos;MultifileCollectionParser&apos;: {&apos;lazy_parsing&apos;: False}}) : caught 
  ValueError : invalid truth value &apos;ganlac4=&apos;
Rebuilding local parsing plan with next candidate parser: $&lt;read_str_from_txt&gt; =&gt; &lt;base64_ascii_str_pickle_to_object&gt; -&gt; &lt;float_to_bool&gt;$
(B)                                                                                                               |--b64pickle-int-0=0.txt -&gt; int ------- using $&lt;read_str_from_txt&gt; =&gt; &lt;base64_ascii_str_pickle_to_object&gt; -&gt; &lt;float_to_bool&gt;$
DONE Rebuilding local parsing plan for [/home/travis/build/smarie/python-parsyfiles/parsyfiles/tests/parsing_capabilities_by_type/primitives_data/int/ok/b64pickle-int-0=0.txt]. Resuming parsing...
Executing Parsing Plan for [/home/travis/build/smarie/python-parsyfiles/parsyfiles/tests/parsing_capabilities_by_type/primitives_data/int/ok/b64pickle-int-0=0]
(P) /home/travis/build/smarie/python-parsyfiles/parsyfiles/tests/parsing_capabilities_by_type/primitives_data/int/ok/b64pickle-int-0=0.txt -&gt; int ------- using $&lt;read_str_from_txt&gt; =&gt; &lt;base64_ascii_str_pickle_to_object&gt; -&gt; &lt;float_to_bool&gt;$
  !! Caught error during execution !!
  File &quot;/home/travis/build/smarie/python-parsyfiles/parsyfiles/converting_core.py&quot;, line 319, in convert
    return self._convert(desired_type, source_obj, logger, options)
  File &quot;/home/travis/build/smarie/python-parsyfiles/parsyfiles/converting_core.py&quot;, line 770, in _convert
    return self._converters_list[-1].convert(desired_type, obj, logger, options)
  File &quot;/home/travis/build/smarie/python-parsyfiles/parsyfiles/converting_core.py&quot;, line 321, in convert
    raise ConversionException.create_not_able_to_convert(source_obj, self, desired_type)
  ParsingException : Error while parsing /home/travis/build/smarie/python-parsyfiles/parsyfiles/tests/parsing_capabilities_by_type/primitives_data/int/ok/b64pickle-int-0=0 (singlefile, .txt) as a int with parser &apos;$&lt;read_str_from_txt&gt; =&gt; &lt;base64_ascii_str_pickle_to_object&gt; -&gt; &lt;float_to_bool&gt;$&apos; using options=({&apos;MultifileCollectionParser&apos;: {&apos;lazy_parsing&apos;: False}}) : caught 
  ConversionException : Converter &lt;float_to_bool&gt; is not able to ingest source value &apos;0&apos; of type &apos;int&apos; and/or convert it to type &apos;int&apos;. This can happen in a chain when the previous step in the chain is generic and actually produced  an output of the wrong type/content
Rebuilding local parsing plan with next candidate parser: $&lt;read_str_from_txt&gt; =&gt; &lt;base64_ascii_str_pickle_to_object&gt; -&gt; &lt;int_to_bool&gt;$
(B)                                                                                                               |--b64pickle-int-0=0.txt -&gt; int ------- using $&lt;read_str_from_txt&gt; =&gt; &lt;base64_ascii_str_pickle_to_object&gt; -&gt; &lt;int_to_bool&gt;$
DONE Rebuilding local parsing plan for [/home/travis/build/smarie/python-parsyfiles/parsyfiles/tests/parsing_capabilities_by_type/primitives_data/int/ok/b64pickle-int-0=0.txt]. Resuming parsing...
Executing Parsing Plan for [/home/travis/build/smarie/python-parsyfiles/parsyfiles/tests/parsing_capabilities_by_type/primitives_data/int/ok/b64pickle-int-0=0]
(P) /home/travis/build/smarie/python-parsyfiles/parsyfiles/tests/parsing_capabilities_by_type/primitives_data/int/ok/b64pickle-int-0=0.txt -&gt; int ------- using $&lt;read_str_from_txt&gt; =&gt; &lt;base64_ascii_str_pickle_to_object&gt; -&gt; &lt;int_to_bool&gt;$
(P)                                                                                                               |--b64pickle-int-0=0.txt -&gt; int SUCCESS !
Completed parsing successfully

False==0
</system-out></testcase><testcase classname="parsyfiles.tests.parsing_capabilities_by_type.test_parse_primitives" file="parsyfiles/tests/parsing_capabilities_by_type/test_parse_primitives.py" line="179" name="test_parse_by_type[int-ok-pickle-bool-False=0.pyc]" time="0.0379481315612793"><system-out>**** Starting to parse single object of type &lt;int&gt; at location /home/travis/build/smarie/python-parsyfiles/parsyfiles/tests/parsing_capabilities_by_type/primitives_data/int/ok/pickle-bool-False=0 ****
Checking all files under [/home/travis/build/smarie/python-parsyfiles/parsyfiles/tests/parsing_capabilities_by_type/primitives_data/int/ok/pickle-bool-False=0]
(C) /home/travis/build/smarie/python-parsyfiles/parsyfiles/tests/parsing_capabilities_by_type/primitives_data/int/ok/pickle-bool-False=0 (singlefile, .pyc)
File checks done

Building a parsing plan to parse [/home/travis/build/smarie/python-parsyfiles/parsyfiles/tests/parsing_capabilities_by_type/primitives_data/int/ok/pickle-bool-False=0] into a int
(B) /home/travis/build/smarie/python-parsyfiles/parsyfiles/tests/parsing_capabilities_by_type/primitives_data/int/ok/pickle-bool-False=0.pyc -&gt; int ------- using [Try &apos;$&lt;read_object_from_pickle&gt; =&gt; &lt;bool_to_int&gt;$&apos; then &apos;$&lt;read_object_from_pickle&gt; =&gt; &lt;float_to_int&gt;$&apos; then &apos;$&lt;read_object_from_pickle&gt; =&gt; &lt;str_to_int&gt;$&apos; then &apos;$&lt;read_object_from_pickle&gt; =&gt; &lt;float_to_bool&gt;$&apos; then &apos;$&lt;read_object_from_pickle&gt; =&gt; &lt;int_to_bool&gt;$&apos; then &apos;$&lt;read_object_from_pickle&gt; =&gt; &lt;str_to_bool&gt;$&apos; then &apos;&lt;read_object_from_pickle&gt;]&apos;]
(B)                                                                                                               |--pickle-bool-False=0.pyc -&gt; int ------- using $&lt;read_object_from_pickle&gt; =&gt; &lt;bool_to_int&gt;$
Parsing Plan created successfully

Executing Parsing Plan for [/home/travis/build/smarie/python-parsyfiles/parsyfiles/tests/parsing_capabilities_by_type/primitives_data/int/ok/pickle-bool-False=0]
(P) /home/travis/build/smarie/python-parsyfiles/parsyfiles/tests/parsing_capabilities_by_type/primitives_data/int/ok/pickle-bool-False=0.pyc -&gt; int ------- using $&lt;read_object_from_pickle&gt; =&gt; &lt;bool_to_int&gt;$
(P)                                                                                                               |--pickle-bool-False=0.pyc -&gt; int SUCCESS !
Completed parsing successfully

0==0
</system-out></testcase><testcase classname="parsyfiles.tests.parsing_capabilities_by_type.test_parse_primitives" file="parsyfiles/tests/parsing_capabilities_by_type/test_parse_primitives.py" line="179" name="test_parse_by_type[int-ok-pickle-float-10.0=10.pyc]" time="0.04045748710632324"><system-out>**** Starting to parse single object of type &lt;int&gt; at location /home/travis/build/smarie/python-parsyfiles/parsyfiles/tests/parsing_capabilities_by_type/primitives_data/int/ok/pickle-float-10.0=10 ****
Checking all files under [/home/travis/build/smarie/python-parsyfiles/parsyfiles/tests/parsing_capabilities_by_type/primitives_data/int/ok/pickle-float-10.0=10]
(C) /home/travis/build/smarie/python-parsyfiles/parsyfiles/tests/parsing_capabilities_by_type/primitives_data/int/ok/pickle-float-10.0=10 (singlefile, .pyc)
File checks done

Building a parsing plan to parse [/home/travis/build/smarie/python-parsyfiles/parsyfiles/tests/parsing_capabilities_by_type/primitives_data/int/ok/pickle-float-10.0=10] into a int
(B) /home/travis/build/smarie/python-parsyfiles/parsyfiles/tests/parsing_capabilities_by_type/primitives_data/int/ok/pickle-float-10.0=10.pyc -&gt; int ------- using [Try &apos;$&lt;read_object_from_pickle&gt; =&gt; &lt;bool_to_int&gt;$&apos; then &apos;$&lt;read_object_from_pickle&gt; =&gt; &lt;float_to_int&gt;$&apos; then &apos;$&lt;read_object_from_pickle&gt; =&gt; &lt;str_to_int&gt;$&apos; then &apos;$&lt;read_object_from_pickle&gt; =&gt; &lt;float_to_bool&gt;$&apos; then &apos;$&lt;read_object_from_pickle&gt; =&gt; &lt;int_to_bool&gt;$&apos; then &apos;$&lt;read_object_from_pickle&gt; =&gt; &lt;str_to_bool&gt;$&apos; then &apos;&lt;read_object_from_pickle&gt;]&apos;]
(B)                                                                                                               |--pickle-float-10.0=10.pyc -&gt; int ------- using $&lt;read_object_from_pickle&gt; =&gt; &lt;bool_to_int&gt;$
Parsing Plan created successfully

Executing Parsing Plan for [/home/travis/build/smarie/python-parsyfiles/parsyfiles/tests/parsing_capabilities_by_type/primitives_data/int/ok/pickle-float-10.0=10]
(P) /home/travis/build/smarie/python-parsyfiles/parsyfiles/tests/parsing_capabilities_by_type/primitives_data/int/ok/pickle-float-10.0=10.pyc -&gt; int ------- using $&lt;read_object_from_pickle&gt; =&gt; &lt;bool_to_int&gt;$
  !! Caught error during execution !!
  File &quot;/home/travis/build/smarie/python-parsyfiles/parsyfiles/parsing_core.py&quot;, line 177, in _execute
    self.get_singlefile_encoding(), logger, options)
  File &quot;/home/travis/build/smarie/python-parsyfiles/parsyfiles/parsing_combining_parsers.py&quot;, line 552, in _parse_singlefile
    return self._converter.convert(desired_type, first, logger, options)
  File &quot;/home/travis/build/smarie/python-parsyfiles/parsyfiles/converting_core.py&quot;, line 321, in convert
    raise ConversionException.create_not_able_to_convert(source_obj, self, desired_type)
  ParsingException : Error while parsing /home/travis/build/smarie/python-parsyfiles/parsyfiles/tests/parsing_capabilities_by_type/primitives_data/int/ok/pickle-float-10.0=10 (singlefile, .pyc) as a int with parser &apos;$&lt;read_object_from_pickle&gt; =&gt; &lt;bool_to_int&gt;$&apos; using options=({&apos;MultifileCollectionParser&apos;: {&apos;lazy_parsing&apos;: False}}) : caught 
  ConversionException : Converter $&lt;bool_to_int&gt;$ is not able to ingest source value &apos;10.0&apos; of type &apos;float&apos; and/or convert it to type &apos;int&apos;. This can happen in a chain when the previous step in the chain is generic and actually produced  an output of the wrong type/content
Rebuilding local parsing plan with next candidate parser: $&lt;read_object_from_pickle&gt; =&gt; &lt;float_to_int&gt;$
(B)                                                                                                               |--pickle-float-10.0=10.pyc -&gt; int ------- using $&lt;read_object_from_pickle&gt; =&gt; &lt;float_to_int&gt;$
DONE Rebuilding local parsing plan for [/home/travis/build/smarie/python-parsyfiles/parsyfiles/tests/parsing_capabilities_by_type/primitives_data/int/ok/pickle-float-10.0=10.pyc]. Resuming parsing...
Executing Parsing Plan for [/home/travis/build/smarie/python-parsyfiles/parsyfiles/tests/parsing_capabilities_by_type/primitives_data/int/ok/pickle-float-10.0=10]
(P) /home/travis/build/smarie/python-parsyfiles/parsyfiles/tests/parsing_capabilities_by_type/primitives_data/int/ok/pickle-float-10.0=10.pyc -&gt; int ------- using $&lt;read_object_from_pickle&gt; =&gt; &lt;float_to_int&gt;$
(P)                                                                                                               |--pickle-float-10.0=10.pyc -&gt; int SUCCESS !
Completed parsing successfully

10==10
</system-out></testcase><testcase classname="parsyfiles.tests.parsing_capabilities_by_type.test_parse_primitives" file="parsyfiles/tests/parsing_capabilities_by_type/test_parse_primitives.py" line="179" name="test_parse_by_type[int-ok-pickle-int--2=-2.pyc]" time="0.04995393753051758"><system-out>**** Starting to parse single object of type &lt;int&gt; at location /home/travis/build/smarie/python-parsyfiles/parsyfiles/tests/parsing_capabilities_by_type/primitives_data/int/ok/pickle-int--2=-2 ****
Checking all files under [/home/travis/build/smarie/python-parsyfiles/parsyfiles/tests/parsing_capabilities_by_type/primitives_data/int/ok/pickle-int--2=-2]
(C) /home/travis/build/smarie/python-parsyfiles/parsyfiles/tests/parsing_capabilities_by_type/primitives_data/int/ok/pickle-int--2=-2 (singlefile, .pyc)
File checks done

Building a parsing plan to parse [/home/travis/build/smarie/python-parsyfiles/parsyfiles/tests/parsing_capabilities_by_type/primitives_data/int/ok/pickle-int--2=-2] into a int
(B) /home/travis/build/smarie/python-parsyfiles/parsyfiles/tests/parsing_capabilities_by_type/primitives_data/int/ok/pickle-int--2=-2.pyc -&gt; int ------- using [Try &apos;$&lt;read_object_from_pickle&gt; =&gt; &lt;bool_to_int&gt;$&apos; then &apos;$&lt;read_object_from_pickle&gt; =&gt; &lt;float_to_int&gt;$&apos; then &apos;$&lt;read_object_from_pickle&gt; =&gt; &lt;str_to_int&gt;$&apos; then &apos;$&lt;read_object_from_pickle&gt; =&gt; &lt;float_to_bool&gt;$&apos; then &apos;$&lt;read_object_from_pickle&gt; =&gt; &lt;int_to_bool&gt;$&apos; then &apos;$&lt;read_object_from_pickle&gt; =&gt; &lt;str_to_bool&gt;$&apos; then &apos;&lt;read_object_from_pickle&gt;]&apos;]
(B)                                                                                                               |--pickle-int--2=-2.pyc -&gt; int ------- using $&lt;read_object_from_pickle&gt; =&gt; &lt;bool_to_int&gt;$
Parsing Plan created successfully

Executing Parsing Plan for [/home/travis/build/smarie/python-parsyfiles/parsyfiles/tests/parsing_capabilities_by_type/primitives_data/int/ok/pickle-int--2=-2]
(P) /home/travis/build/smarie/python-parsyfiles/parsyfiles/tests/parsing_capabilities_by_type/primitives_data/int/ok/pickle-int--2=-2.pyc -&gt; int ------- using $&lt;read_object_from_pickle&gt; =&gt; &lt;bool_to_int&gt;$
  !! Caught error during execution !!
  File &quot;/home/travis/build/smarie/python-parsyfiles/parsyfiles/parsing_core.py&quot;, line 177, in _execute
    self.get_singlefile_encoding(), logger, options)
  File &quot;/home/travis/build/smarie/python-parsyfiles/parsyfiles/parsing_combining_parsers.py&quot;, line 552, in _parse_singlefile
    return self._converter.convert(desired_type, first, logger, options)
  File &quot;/home/travis/build/smarie/python-parsyfiles/parsyfiles/converting_core.py&quot;, line 321, in convert
    raise ConversionException.create_not_able_to_convert(source_obj, self, desired_type)
  ParsingException : Error while parsing /home/travis/build/smarie/python-parsyfiles/parsyfiles/tests/parsing_capabilities_by_type/primitives_data/int/ok/pickle-int--2=-2 (singlefile, .pyc) as a int with parser &apos;$&lt;read_object_from_pickle&gt; =&gt; &lt;bool_to_int&gt;$&apos; using options=({&apos;MultifileCollectionParser&apos;: {&apos;lazy_parsing&apos;: False}}) : caught 
  ConversionException : Converter $&lt;bool_to_int&gt;$ is not able to ingest source value &apos;-2&apos; of type &apos;int&apos; and/or convert it to type &apos;int&apos;. This can happen in a chain when the previous step in the chain is generic and actually produced  an output of the wrong type/content
Rebuilding local parsing plan with next candidate parser: $&lt;read_object_from_pickle&gt; =&gt; &lt;float_to_int&gt;$
(B)                                                                                                               |--pickle-int--2=-2.pyc -&gt; int ------- using $&lt;read_object_from_pickle&gt; =&gt; &lt;float_to_int&gt;$
DONE Rebuilding local parsing plan for [/home/travis/build/smarie/python-parsyfiles/parsyfiles/tests/parsing_capabilities_by_type/primitives_data/int/ok/pickle-int--2=-2.pyc]. Resuming parsing...
Executing Parsing Plan for [/home/travis/build/smarie/python-parsyfiles/parsyfiles/tests/parsing_capabilities_by_type/primitives_data/int/ok/pickle-int--2=-2]
(P) /home/travis/build/smarie/python-parsyfiles/parsyfiles/tests/parsing_capabilities_by_type/primitives_data/int/ok/pickle-int--2=-2.pyc -&gt; int ------- using $&lt;read_object_from_pickle&gt; =&gt; &lt;float_to_int&gt;$
  !! Caught error during execution !!
  File &quot;/home/travis/build/smarie/python-parsyfiles/parsyfiles/parsing_core.py&quot;, line 177, in _execute
    self.get_singlefile_encoding(), logger, options)
  File &quot;/home/travis/build/smarie/python-parsyfiles/parsyfiles/parsing_combining_parsers.py&quot;, line 552, in _parse_singlefile
    return self._converter.convert(desired_type, first, logger, options)
  File &quot;/home/travis/build/smarie/python-parsyfiles/parsyfiles/converting_core.py&quot;, line 321, in convert
    raise ConversionException.create_not_able_to_convert(source_obj, self, desired_type)
  ParsingException : Error while parsing /home/travis/build/smarie/python-parsyfiles/parsyfiles/tests/parsing_capabilities_by_type/primitives_data/int/ok/pickle-int--2=-2 (singlefile, .pyc) as a int with parser &apos;$&lt;read_object_from_pickle&gt; =&gt; &lt;float_to_int&gt;$&apos; using options=({&apos;MultifileCollectionParser&apos;: {&apos;lazy_parsing&apos;: False}}) : caught 
  ConversionException : Converter $&lt;float_to_int&gt;$ is not able to ingest source value &apos;-2&apos; of type &apos;int&apos; and/or convert it to type &apos;int&apos;. This can happen in a chain when the previous step in the chain is generic and actually produced  an output of the wrong type/content
Rebuilding local parsing plan with next candidate parser: $&lt;read_object_from_pickle&gt; =&gt; &lt;str_to_int&gt;$
(B)                                                                                                               |--pickle-int--2=-2.pyc -&gt; int ------- using $&lt;read_object_from_pickle&gt; =&gt; &lt;str_to_int&gt;$
DONE Rebuilding local parsing plan for [/home/travis/build/smarie/python-parsyfiles/parsyfiles/tests/parsing_capabilities_by_type/primitives_data/int/ok/pickle-int--2=-2.pyc]. Resuming parsing...
Executing Parsing Plan for [/home/travis/build/smarie/python-parsyfiles/parsyfiles/tests/parsing_capabilities_by_type/primitives_data/int/ok/pickle-int--2=-2]
(P) /home/travis/build/smarie/python-parsyfiles/parsyfiles/tests/parsing_capabilities_by_type/primitives_data/int/ok/pickle-int--2=-2.pyc -&gt; int ------- using $&lt;read_object_from_pickle&gt; =&gt; &lt;str_to_int&gt;$
  !! Caught error during execution !!
  File &quot;/home/travis/build/smarie/python-parsyfiles/parsyfiles/parsing_core.py&quot;, line 177, in _execute
    self.get_singlefile_encoding(), logger, options)
  File &quot;/home/travis/build/smarie/python-parsyfiles/parsyfiles/parsing_combining_parsers.py&quot;, line 552, in _parse_singlefile
    return self._converter.convert(desired_type, first, logger, options)
  File &quot;/home/travis/build/smarie/python-parsyfiles/parsyfiles/converting_core.py&quot;, line 321, in convert
    raise ConversionException.create_not_able_to_convert(source_obj, self, desired_type)
  ParsingException : Error while parsing /home/travis/build/smarie/python-parsyfiles/parsyfiles/tests/parsing_capabilities_by_type/primitives_data/int/ok/pickle-int--2=-2 (singlefile, .pyc) as a int with parser &apos;$&lt;read_object_from_pickle&gt; =&gt; &lt;str_to_int&gt;$&apos; using options=({&apos;MultifileCollectionParser&apos;: {&apos;lazy_parsing&apos;: False}}) : caught 
  ConversionException : Converter $&lt;str_to_int&gt;$ is not able to ingest source value &apos;-2&apos; of type &apos;int&apos; and/or convert it to type &apos;int&apos;. This can happen in a chain when the previous step in the chain is generic and actually produced  an output of the wrong type/content
Rebuilding local parsing plan with next candidate parser: $&lt;read_object_from_pickle&gt; =&gt; &lt;float_to_bool&gt;$
(B)                                                                                                               |--pickle-int--2=-2.pyc -&gt; int ------- using $&lt;read_object_from_pickle&gt; =&gt; &lt;float_to_bool&gt;$
DONE Rebuilding local parsing plan for [/home/travis/build/smarie/python-parsyfiles/parsyfiles/tests/parsing_capabilities_by_type/primitives_data/int/ok/pickle-int--2=-2.pyc]. Resuming parsing...
Executing Parsing Plan for [/home/travis/build/smarie/python-parsyfiles/parsyfiles/tests/parsing_capabilities_by_type/primitives_data/int/ok/pickle-int--2=-2]
(P) /home/travis/build/smarie/python-parsyfiles/parsyfiles/tests/parsing_capabilities_by_type/primitives_data/int/ok/pickle-int--2=-2.pyc -&gt; int ------- using $&lt;read_object_from_pickle&gt; =&gt; &lt;float_to_bool&gt;$
  !! Caught error during execution !!
  File &quot;/home/travis/build/smarie/python-parsyfiles/parsyfiles/parsing_core.py&quot;, line 177, in _execute
    self.get_singlefile_encoding(), logger, options)
  File &quot;/home/travis/build/smarie/python-parsyfiles/parsyfiles/parsing_combining_parsers.py&quot;, line 552, in _parse_singlefile
    return self._converter.convert(desired_type, first, logger, options)
  File &quot;/home/travis/build/smarie/python-parsyfiles/parsyfiles/converting_core.py&quot;, line 321, in convert
    raise ConversionException.create_not_able_to_convert(source_obj, self, desired_type)
  ParsingException : Error while parsing /home/travis/build/smarie/python-parsyfiles/parsyfiles/tests/parsing_capabilities_by_type/primitives_data/int/ok/pickle-int--2=-2 (singlefile, .pyc) as a int with parser &apos;$&lt;read_object_from_pickle&gt; =&gt; &lt;float_to_bool&gt;$&apos; using options=({&apos;MultifileCollectionParser&apos;: {&apos;lazy_parsing&apos;: False}}) : caught 
  ConversionException : Converter $&lt;float_to_bool&gt;$ is not able to ingest source value &apos;-2&apos; of type &apos;int&apos; and/or convert it to type &apos;int&apos;. This can happen in a chain when the previous step in the chain is generic and actually produced  an output of the wrong type/content
Rebuilding local parsing plan with next candidate parser: $&lt;read_object_from_pickle&gt; =&gt; &lt;int_to_bool&gt;$
(B)                                                                                                               |--pickle-int--2=-2.pyc -&gt; int ------- using $&lt;read_object_from_pickle&gt; =&gt; &lt;int_to_bool&gt;$
DONE Rebuilding local parsing plan for [/home/travis/build/smarie/python-parsyfiles/parsyfiles/tests/parsing_capabilities_by_type/primitives_data/int/ok/pickle-int--2=-2.pyc]. Resuming parsing...
Executing Parsing Plan for [/home/travis/build/smarie/python-parsyfiles/parsyfiles/tests/parsing_capabilities_by_type/primitives_data/int/ok/pickle-int--2=-2]
(P) /home/travis/build/smarie/python-parsyfiles/parsyfiles/tests/parsing_capabilities_by_type/primitives_data/int/ok/pickle-int--2=-2.pyc -&gt; int ------- using $&lt;read_object_from_pickle&gt; =&gt; &lt;int_to_bool&gt;$
  !! Caught error during execution !!
  File &quot;/home/travis/build/smarie/python-parsyfiles/parsyfiles/converting_core.py&quot;, line 319, in convert
    return self._convert(desired_type, source_obj, logger, options)
  File &quot;/home/travis/build/smarie/python-parsyfiles/parsyfiles/converting_core.py&quot;, line 524, in _convert
    return self.conversion_method(desired_type, source_obj, logger, **opts)
  File &quot;/home/travis/build/smarie/python-parsyfiles/parsyfiles/plugins_base/support_for_primitive_types.py&quot;, line 91, in primitive_to_bool
    raise ValueError(&apos;Cannot convert to bool : source is a number but is not 1 nor 0 : \&apos;&apos; + str(source) + &apos;\&apos;&apos;)
  ParsingException : Error while parsing /home/travis/build/smarie/python-parsyfiles/parsyfiles/tests/parsing_capabilities_by_type/primitives_data/int/ok/pickle-int--2=-2 (singlefile, .pyc) as a int with parser &apos;$&lt;read_object_from_pickle&gt; =&gt; &lt;int_to_bool&gt;$&apos; using options=({&apos;MultifileCollectionParser&apos;: {&apos;lazy_parsing&apos;: False}}) : caught 
  ValueError : Cannot convert to bool : source is a number but is not 1 nor 0 : &apos;-2&apos;
Rebuilding local parsing plan with next candidate parser: $&lt;read_object_from_pickle&gt; =&gt; &lt;str_to_bool&gt;$
(B)                                                                                                               |--pickle-int--2=-2.pyc -&gt; int ------- using $&lt;read_object_from_pickle&gt; =&gt; &lt;str_to_bool&gt;$
DONE Rebuilding local parsing plan for [/home/travis/build/smarie/python-parsyfiles/parsyfiles/tests/parsing_capabilities_by_type/primitives_data/int/ok/pickle-int--2=-2.pyc]. Resuming parsing...
Executing Parsing Plan for [/home/travis/build/smarie/python-parsyfiles/parsyfiles/tests/parsing_capabilities_by_type/primitives_data/int/ok/pickle-int--2=-2]
(P) /home/travis/build/smarie/python-parsyfiles/parsyfiles/tests/parsing_capabilities_by_type/primitives_data/int/ok/pickle-int--2=-2.pyc -&gt; int ------- using $&lt;read_object_from_pickle&gt; =&gt; &lt;str_to_bool&gt;$
  !! Caught error during execution !!
  File &quot;/home/travis/build/smarie/python-parsyfiles/parsyfiles/parsing_core.py&quot;, line 177, in _execute
    self.get_singlefile_encoding(), logger, options)
  File &quot;/home/travis/build/smarie/python-parsyfiles/parsyfiles/parsing_combining_parsers.py&quot;, line 552, in _parse_singlefile
    return self._converter.convert(desired_type, first, logger, options)
  File &quot;/home/travis/build/smarie/python-parsyfiles/parsyfiles/converting_core.py&quot;, line 321, in convert
    raise ConversionException.create_not_able_to_convert(source_obj, self, desired_type)
  ParsingException : Error while parsing /home/travis/build/smarie/python-parsyfiles/parsyfiles/tests/parsing_capabilities_by_type/primitives_data/int/ok/pickle-int--2=-2 (singlefile, .pyc) as a int with parser &apos;$&lt;read_object_from_pickle&gt; =&gt; &lt;str_to_bool&gt;$&apos; using options=({&apos;MultifileCollectionParser&apos;: {&apos;lazy_parsing&apos;: False}}) : caught 
  ConversionException : Converter $&lt;str_to_bool&gt;$ is not able to ingest source value &apos;-2&apos; of type &apos;int&apos; and/or convert it to type &apos;int&apos;. This can happen in a chain when the previous step in the chain is generic and actually produced  an output of the wrong type/content
Rebuilding local parsing plan with next candidate parser: &lt;read_object_from_pickle&gt;
(B)                                                                                                               |--pickle-int--2=-2.pyc -&gt; int ------- using &lt;read_object_from_pickle&gt;
DONE Rebuilding local parsing plan for [/home/travis/build/smarie/python-parsyfiles/parsyfiles/tests/parsing_capabilities_by_type/primitives_data/int/ok/pickle-int--2=-2.pyc]. Resuming parsing...
Executing Parsing Plan for [/home/travis/build/smarie/python-parsyfiles/parsyfiles/tests/parsing_capabilities_by_type/primitives_data/int/ok/pickle-int--2=-2]
(P) /home/travis/build/smarie/python-parsyfiles/parsyfiles/tests/parsing_capabilities_by_type/primitives_data/int/ok/pickle-int--2=-2.pyc -&gt; int ------- using &lt;read_object_from_pickle&gt;
(P)                                                                                                               |--pickle-int--2=-2.pyc -&gt; int SUCCESS !
Completed parsing successfully

-2==-2
</system-out></testcase><testcase classname="parsyfiles.tests.parsing_capabilities_by_type.test_parse_primitives" file="parsyfiles/tests/parsing_capabilities_by_type/test_parse_primitives.py" line="179" name="test_parse_by_type[int-ok-b64pickle-bool-True=1.txt]" time="0.049469709396362305"><system-out>**** Starting to parse single object of type &lt;int&gt; at location /home/travis/build/smarie/python-parsyfiles/parsyfiles/tests/parsing_capabilities_by_type/primitives_data/int/ok/b64pickle-bool-True=1 ****
Checking all files under [/home/travis/build/smarie/python-parsyfiles/parsyfiles/tests/parsing_capabilities_by_type/primitives_data/int/ok/b64pickle-bool-True=1]
(C) /home/travis/build/smarie/python-parsyfiles/parsyfiles/tests/parsing_capabilities_by_type/primitives_data/int/ok/b64pickle-bool-True=1 (singlefile, .txt)
File checks done

Building a parsing plan to parse [/home/travis/build/smarie/python-parsyfiles/parsyfiles/tests/parsing_capabilities_by_type/primitives_data/int/ok/b64pickle-bool-True=1] into a int
(B) /home/travis/build/smarie/python-parsyfiles/parsyfiles/tests/parsing_capabilities_by_type/primitives_data/int/ok/b64pickle-bool-True=1.txt -&gt; int ------- using [Try &apos;$&lt;read_str_from_txt&gt; =&gt; &lt;str_to_int&gt;$&apos; then &apos;$&lt;read_str_from_txt&gt; =&gt; &lt;base64_ascii_str_pickle_to_object&gt; -&gt; &lt;bool_to_int&gt;$&apos; then &apos;$&lt;read_str_from_txt&gt; =&gt; &lt;base64_ascii_str_pickle_to_object&gt; -&gt; &lt;float_to_int&gt;$&apos; then &apos;$&lt;read_str_from_txt&gt; =&gt; &lt;base64_ascii_str_pickle_to_object&gt; -&gt; &lt;str_to_int&gt;$&apos; then &apos;$&lt;read_str_from_txt&gt; =&gt; &lt;str_to_bool&gt;$&apos; then &apos;$&lt;read_str_from_txt&gt; =&gt; &lt;base64_ascii_str_pickle_to_object&gt; -&gt; &lt;float_to_bool&gt;$&apos; then &apos;$&lt;read_str_from_txt&gt; =&gt; &lt;base64_ascii_str_pickle_to_object&gt; -&gt; &lt;int_to_bool&gt;$&apos; then &apos;$&lt;read_str_from_txt&gt; =&gt; &lt;base64_ascii_str_pickle_to_object&gt; -&gt; &lt;str_to_bool&gt;$&apos; then &apos;$&lt;read_str_from_txt&gt; =&gt; &lt;base64_ascii_str_pickle_to_object&gt;$]&apos;]
(B)                                                                                                               |--b64pickle-bool-True=1.txt -&gt; int ------- using $&lt;read_str_from_txt&gt; =&gt; &lt;str_to_int&gt;$
Parsing Plan created successfully

Executing Parsing Plan for [/home/travis/build/smarie/python-parsyfiles/parsyfiles/tests/parsing_capabilities_by_type/primitives_data/int/ok/b64pickle-bool-True=1]
(P) /home/travis/build/smarie/python-parsyfiles/parsyfiles/tests/parsing_capabilities_by_type/primitives_data/int/ok/b64pickle-bool-True=1.txt -&gt; int ------- using $&lt;read_str_from_txt&gt; =&gt; &lt;str_to_int&gt;$
  !! Caught error during execution !!
  File &quot;/home/travis/build/smarie/python-parsyfiles/parsyfiles/plugins_base/support_for_primitive_types.py&quot;, line 37, in primitive_to_int
    source = literal_eval(source)
  File &quot;/opt/python/3.5.5/lib/python3.5/ast.py&quot;, line 46, in literal_eval
    node_or_string = parse(node_or_string, mode=&apos;eval&apos;)
  File &quot;/opt/python/3.5.5/lib/python3.5/ast.py&quot;, line 35, in parse
    return compile(source, filename, mode, PyCF_ONLY_AST)
  ParsingException : Error while parsing /home/travis/build/smarie/python-parsyfiles/parsyfiles/tests/parsing_capabilities_by_type/primitives_data/int/ok/b64pickle-bool-True=1 (singlefile, .txt) as a int with parser &apos;$&lt;read_str_from_txt&gt; =&gt; &lt;str_to_int&gt;$&apos; using options=({&apos;MultifileCollectionParser&apos;: {&apos;lazy_parsing&apos;: False}}) : caught 
  SyntaxError : unexpected EOF while parsing (&lt;unknown&gt;, line 1)
Rebuilding local parsing plan with next candidate parser: $&lt;read_str_from_txt&gt; =&gt; &lt;base64_ascii_str_pickle_to_object&gt; -&gt; &lt;bool_to_int&gt;$
(B)                                                                                                               |--b64pickle-bool-True=1.txt -&gt; int ------- using $&lt;read_str_from_txt&gt; =&gt; &lt;base64_ascii_str_pickle_to_object&gt; -&gt; &lt;bool_to_int&gt;$
DONE Rebuilding local parsing plan for [/home/travis/build/smarie/python-parsyfiles/parsyfiles/tests/parsing_capabilities_by_type/primitives_data/int/ok/b64pickle-bool-True=1.txt]. Resuming parsing...
Executing Parsing Plan for [/home/travis/build/smarie/python-parsyfiles/parsyfiles/tests/parsing_capabilities_by_type/primitives_data/int/ok/b64pickle-bool-True=1]
(P) /home/travis/build/smarie/python-parsyfiles/parsyfiles/tests/parsing_capabilities_by_type/primitives_data/int/ok/b64pickle-bool-True=1.txt -&gt; int ------- using $&lt;read_str_from_txt&gt; =&gt; &lt;base64_ascii_str_pickle_to_object&gt; -&gt; &lt;bool_to_int&gt;$
(P)                                                                                                               |--b64pickle-bool-True=1.txt -&gt; int SUCCESS !
Completed parsing successfully

1==1
</system-out></testcase><testcase classname="parsyfiles.tests.parsing_capabilities_by_type.test_parse_primitives" file="parsyfiles/tests/parsing_capabilities_by_type/test_parse_primitives.py" line="179" name="test_parse_by_type[int-ok-pickle-int-0=0.pyc]" time="0.04651808738708496"><system-out>**** Starting to parse single object of type &lt;int&gt; at location /home/travis/build/smarie/python-parsyfiles/parsyfiles/tests/parsing_capabilities_by_type/primitives_data/int/ok/pickle-int-0=0 ****
Checking all files under [/home/travis/build/smarie/python-parsyfiles/parsyfiles/tests/parsing_capabilities_by_type/primitives_data/int/ok/pickle-int-0=0]
(C) /home/travis/build/smarie/python-parsyfiles/parsyfiles/tests/parsing_capabilities_by_type/primitives_data/int/ok/pickle-int-0=0 (singlefile, .pyc)
File checks done

Building a parsing plan to parse [/home/travis/build/smarie/python-parsyfiles/parsyfiles/tests/parsing_capabilities_by_type/primitives_data/int/ok/pickle-int-0=0] into a int
(B) /home/travis/build/smarie/python-parsyfiles/parsyfiles/tests/parsing_capabilities_by_type/primitives_data/int/ok/pickle-int-0=0.pyc -&gt; int ------- using [Try &apos;$&lt;read_object_from_pickle&gt; =&gt; &lt;bool_to_int&gt;$&apos; then &apos;$&lt;read_object_from_pickle&gt; =&gt; &lt;float_to_int&gt;$&apos; then &apos;$&lt;read_object_from_pickle&gt; =&gt; &lt;str_to_int&gt;$&apos; then &apos;$&lt;read_object_from_pickle&gt; =&gt; &lt;float_to_bool&gt;$&apos; then &apos;$&lt;read_object_from_pickle&gt; =&gt; &lt;int_to_bool&gt;$&apos; then &apos;$&lt;read_object_from_pickle&gt; =&gt; &lt;str_to_bool&gt;$&apos; then &apos;&lt;read_object_from_pickle&gt;]&apos;]
(B)                                                                                                               |--pickle-int-0=0.pyc -&gt; int ------- using $&lt;read_object_from_pickle&gt; =&gt; &lt;bool_to_int&gt;$
Parsing Plan created successfully

Executing Parsing Plan for [/home/travis/build/smarie/python-parsyfiles/parsyfiles/tests/parsing_capabilities_by_type/primitives_data/int/ok/pickle-int-0=0]
(P) /home/travis/build/smarie/python-parsyfiles/parsyfiles/tests/parsing_capabilities_by_type/primitives_data/int/ok/pickle-int-0=0.pyc -&gt; int ------- using $&lt;read_object_from_pickle&gt; =&gt; &lt;bool_to_int&gt;$
  !! Caught error during execution !!
  File &quot;/home/travis/build/smarie/python-parsyfiles/parsyfiles/parsing_core.py&quot;, line 177, in _execute
    self.get_singlefile_encoding(), logger, options)
  File &quot;/home/travis/build/smarie/python-parsyfiles/parsyfiles/parsing_combining_parsers.py&quot;, line 552, in _parse_singlefile
    return self._converter.convert(desired_type, first, logger, options)
  File &quot;/home/travis/build/smarie/python-parsyfiles/parsyfiles/converting_core.py&quot;, line 321, in convert
    raise ConversionException.create_not_able_to_convert(source_obj, self, desired_type)
  ParsingException : Error while parsing /home/travis/build/smarie/python-parsyfiles/parsyfiles/tests/parsing_capabilities_by_type/primitives_data/int/ok/pickle-int-0=0 (singlefile, .pyc) as a int with parser &apos;$&lt;read_object_from_pickle&gt; =&gt; &lt;bool_to_int&gt;$&apos; using options=({&apos;MultifileCollectionParser&apos;: {&apos;lazy_parsing&apos;: False}}) : caught 
  ConversionException : Converter $&lt;bool_to_int&gt;$ is not able to ingest source value &apos;0&apos; of type &apos;int&apos; and/or convert it to type &apos;int&apos;. This can happen in a chain when the previous step in the chain is generic and actually produced  an output of the wrong type/content
Rebuilding local parsing plan with next candidate parser: $&lt;read_object_from_pickle&gt; =&gt; &lt;float_to_int&gt;$
(B)                                                                                                               |--pickle-int-0=0.pyc -&gt; int ------- using $&lt;read_object_from_pickle&gt; =&gt; &lt;float_to_int&gt;$
DONE Rebuilding local parsing plan for [/home/travis/build/smarie/python-parsyfiles/parsyfiles/tests/parsing_capabilities_by_type/primitives_data/int/ok/pickle-int-0=0.pyc]. Resuming parsing...
Executing Parsing Plan for [/home/travis/build/smarie/python-parsyfiles/parsyfiles/tests/parsing_capabilities_by_type/primitives_data/int/ok/pickle-int-0=0]
(P) /home/travis/build/smarie/python-parsyfiles/parsyfiles/tests/parsing_capabilities_by_type/primitives_data/int/ok/pickle-int-0=0.pyc -&gt; int ------- using $&lt;read_object_from_pickle&gt; =&gt; &lt;float_to_int&gt;$
  !! Caught error during execution !!
  File &quot;/home/travis/build/smarie/python-parsyfiles/parsyfiles/parsing_core.py&quot;, line 177, in _execute
    self.get_singlefile_encoding(), logger, options)
  File &quot;/home/travis/build/smarie/python-parsyfiles/parsyfiles/parsing_combining_parsers.py&quot;, line 552, in _parse_singlefile
    return self._converter.convert(desired_type, first, logger, options)
  File &quot;/home/travis/build/smarie/python-parsyfiles/parsyfiles/converting_core.py&quot;, line 321, in convert
    raise ConversionException.create_not_able_to_convert(source_obj, self, desired_type)
  ParsingException : Error while parsing /home/travis/build/smarie/python-parsyfiles/parsyfiles/tests/parsing_capabilities_by_type/primitives_data/int/ok/pickle-int-0=0 (singlefile, .pyc) as a int with parser &apos;$&lt;read_object_from_pickle&gt; =&gt; &lt;float_to_int&gt;$&apos; using options=({&apos;MultifileCollectionParser&apos;: {&apos;lazy_parsing&apos;: False}}) : caught 
  ConversionException : Converter $&lt;float_to_int&gt;$ is not able to ingest source value &apos;0&apos; of type &apos;int&apos; and/or convert it to type &apos;int&apos;. This can happen in a chain when the previous step in the chain is generic and actually produced  an output of the wrong type/content
Rebuilding local parsing plan with next candidate parser: $&lt;read_object_from_pickle&gt; =&gt; &lt;str_to_int&gt;$
(B)                                                                                                               |--pickle-int-0=0.pyc -&gt; int ------- using $&lt;read_object_from_pickle&gt; =&gt; &lt;str_to_int&gt;$
DONE Rebuilding local parsing plan for [/home/travis/build/smarie/python-parsyfiles/parsyfiles/tests/parsing_capabilities_by_type/primitives_data/int/ok/pickle-int-0=0.pyc]. Resuming parsing...
Executing Parsing Plan for [/home/travis/build/smarie/python-parsyfiles/parsyfiles/tests/parsing_capabilities_by_type/primitives_data/int/ok/pickle-int-0=0]
(P) /home/travis/build/smarie/python-parsyfiles/parsyfiles/tests/parsing_capabilities_by_type/primitives_data/int/ok/pickle-int-0=0.pyc -&gt; int ------- using $&lt;read_object_from_pickle&gt; =&gt; &lt;str_to_int&gt;$
  !! Caught error during execution !!
  File &quot;/home/travis/build/smarie/python-parsyfiles/parsyfiles/parsing_core.py&quot;, line 177, in _execute
    self.get_singlefile_encoding(), logger, options)
  File &quot;/home/travis/build/smarie/python-parsyfiles/parsyfiles/parsing_combining_parsers.py&quot;, line 552, in _parse_singlefile
    return self._converter.convert(desired_type, first, logger, options)
  File &quot;/home/travis/build/smarie/python-parsyfiles/parsyfiles/converting_core.py&quot;, line 321, in convert
    raise ConversionException.create_not_able_to_convert(source_obj, self, desired_type)
  ParsingException : Error while parsing /home/travis/build/smarie/python-parsyfiles/parsyfiles/tests/parsing_capabilities_by_type/primitives_data/int/ok/pickle-int-0=0 (singlefile, .pyc) as a int with parser &apos;$&lt;read_object_from_pickle&gt; =&gt; &lt;str_to_int&gt;$&apos; using options=({&apos;MultifileCollectionParser&apos;: {&apos;lazy_parsing&apos;: False}}) : caught 
  ConversionException : Converter $&lt;str_to_int&gt;$ is not able to ingest source value &apos;0&apos; of type &apos;int&apos; and/or convert it to type &apos;int&apos;. This can happen in a chain when the previous step in the chain is generic and actually produced  an output of the wrong type/content
Rebuilding local parsing plan with next candidate parser: $&lt;read_object_from_pickle&gt; =&gt; &lt;float_to_bool&gt;$
(B)                                                                                                               |--pickle-int-0=0.pyc -&gt; int ------- using $&lt;read_object_from_pickle&gt; =&gt; &lt;float_to_bool&gt;$
DONE Rebuilding local parsing plan for [/home/travis/build/smarie/python-parsyfiles/parsyfiles/tests/parsing_capabilities_by_type/primitives_data/int/ok/pickle-int-0=0.pyc]. Resuming parsing...
Executing Parsing Plan for [/home/travis/build/smarie/python-parsyfiles/parsyfiles/tests/parsing_capabilities_by_type/primitives_data/int/ok/pickle-int-0=0]
(P) /home/travis/build/smarie/python-parsyfiles/parsyfiles/tests/parsing_capabilities_by_type/primitives_data/int/ok/pickle-int-0=0.pyc -&gt; int ------- using $&lt;read_object_from_pickle&gt; =&gt; &lt;float_to_bool&gt;$
  !! Caught error during execution !!
  File &quot;/home/travis/build/smarie/python-parsyfiles/parsyfiles/parsing_core.py&quot;, line 177, in _execute
    self.get_singlefile_encoding(), logger, options)
  File &quot;/home/travis/build/smarie/python-parsyfiles/parsyfiles/parsing_combining_parsers.py&quot;, line 552, in _parse_singlefile
    return self._converter.convert(desired_type, first, logger, options)
  File &quot;/home/travis/build/smarie/python-parsyfiles/parsyfiles/converting_core.py&quot;, line 321, in convert
    raise ConversionException.create_not_able_to_convert(source_obj, self, desired_type)
  ParsingException : Error while parsing /home/travis/build/smarie/python-parsyfiles/parsyfiles/tests/parsing_capabilities_by_type/primitives_data/int/ok/pickle-int-0=0 (singlefile, .pyc) as a int with parser &apos;$&lt;read_object_from_pickle&gt; =&gt; &lt;float_to_bool&gt;$&apos; using options=({&apos;MultifileCollectionParser&apos;: {&apos;lazy_parsing&apos;: False}}) : caught 
  ConversionException : Converter $&lt;float_to_bool&gt;$ is not able to ingest source value &apos;0&apos; of type &apos;int&apos; and/or convert it to type &apos;int&apos;. This can happen in a chain when the previous step in the chain is generic and actually produced  an output of the wrong type/content
Rebuilding local parsing plan with next candidate parser: $&lt;read_object_from_pickle&gt; =&gt; &lt;int_to_bool&gt;$
(B)                                                                                                               |--pickle-int-0=0.pyc -&gt; int ------- using $&lt;read_object_from_pickle&gt; =&gt; &lt;int_to_bool&gt;$
DONE Rebuilding local parsing plan for [/home/travis/build/smarie/python-parsyfiles/parsyfiles/tests/parsing_capabilities_by_type/primitives_data/int/ok/pickle-int-0=0.pyc]. Resuming parsing...
Executing Parsing Plan for [/home/travis/build/smarie/python-parsyfiles/parsyfiles/tests/parsing_capabilities_by_type/primitives_data/int/ok/pickle-int-0=0]
(P) /home/travis/build/smarie/python-parsyfiles/parsyfiles/tests/parsing_capabilities_by_type/primitives_data/int/ok/pickle-int-0=0.pyc -&gt; int ------- using $&lt;read_object_from_pickle&gt; =&gt; &lt;int_to_bool&gt;$
(P)                                                                                                               |--pickle-int-0=0.pyc -&gt; int SUCCESS !
Completed parsing successfully

False==0
</system-out></testcase><testcase classname="parsyfiles.tests.parsing_capabilities_by_type.test_parse_primitives" file="parsyfiles/tests/parsing_capabilities_by_type/test_parse_primitives.py" line="179" name="test_parse_by_type[int-ok-txt-bool-False=0.txt]" time="0.03907060623168945"><system-out>**** Starting to parse single object of type &lt;int&gt; at location /home/travis/build/smarie/python-parsyfiles/parsyfiles/tests/parsing_capabilities_by_type/primitives_data/int/ok/txt-bool-False=0 ****
Checking all files under [/home/travis/build/smarie/python-parsyfiles/parsyfiles/tests/parsing_capabilities_by_type/primitives_data/int/ok/txt-bool-False=0]
(C) /home/travis/build/smarie/python-parsyfiles/parsyfiles/tests/parsing_capabilities_by_type/primitives_data/int/ok/txt-bool-False=0 (singlefile, .txt)
File checks done

Building a parsing plan to parse [/home/travis/build/smarie/python-parsyfiles/parsyfiles/tests/parsing_capabilities_by_type/primitives_data/int/ok/txt-bool-False=0] into a int
(B) /home/travis/build/smarie/python-parsyfiles/parsyfiles/tests/parsing_capabilities_by_type/primitives_data/int/ok/txt-bool-False=0.txt -&gt; int ------- using [Try &apos;$&lt;read_str_from_txt&gt; =&gt; &lt;str_to_int&gt;$&apos; then &apos;$&lt;read_str_from_txt&gt; =&gt; &lt;base64_ascii_str_pickle_to_object&gt; -&gt; &lt;bool_to_int&gt;$&apos; then &apos;$&lt;read_str_from_txt&gt; =&gt; &lt;base64_ascii_str_pickle_to_object&gt; -&gt; &lt;float_to_int&gt;$&apos; then &apos;$&lt;read_str_from_txt&gt; =&gt; &lt;base64_ascii_str_pickle_to_object&gt; -&gt; &lt;str_to_int&gt;$&apos; then &apos;$&lt;read_str_from_txt&gt; =&gt; &lt;str_to_bool&gt;$&apos; then &apos;$&lt;read_str_from_txt&gt; =&gt; &lt;base64_ascii_str_pickle_to_object&gt; -&gt; &lt;float_to_bool&gt;$&apos; then &apos;$&lt;read_str_from_txt&gt; =&gt; &lt;base64_ascii_str_pickle_to_object&gt; -&gt; &lt;int_to_bool&gt;$&apos; then &apos;$&lt;read_str_from_txt&gt; =&gt; &lt;base64_ascii_str_pickle_to_object&gt; -&gt; &lt;str_to_bool&gt;$&apos; then &apos;$&lt;read_str_from_txt&gt; =&gt; &lt;base64_ascii_str_pickle_to_object&gt;$]&apos;]
(B)                                                                                                               |--txt-bool-False=0.txt -&gt; int ------- using $&lt;read_str_from_txt&gt; =&gt; &lt;str_to_int&gt;$
Parsing Plan created successfully

Executing Parsing Plan for [/home/travis/build/smarie/python-parsyfiles/parsyfiles/tests/parsing_capabilities_by_type/primitives_data/int/ok/txt-bool-False=0]
(P) /home/travis/build/smarie/python-parsyfiles/parsyfiles/tests/parsing_capabilities_by_type/primitives_data/int/ok/txt-bool-False=0.txt -&gt; int ------- using $&lt;read_str_from_txt&gt; =&gt; &lt;str_to_int&gt;$
(P)                                                                                                               |--txt-bool-False=0.txt -&gt; int SUCCESS !
Completed parsing successfully

0==0
</system-out></testcase><testcase classname="parsyfiles.tests.parsing_capabilities_by_type.test_parse_primitives" file="parsyfiles/tests/parsing_capabilities_by_type/test_parse_primitives.py" line="179" name="test_parse_by_type[int-ok-txt-int-5=5.txt]" time="0.037038326263427734"><system-out>**** Starting to parse single object of type &lt;int&gt; at location /home/travis/build/smarie/python-parsyfiles/parsyfiles/tests/parsing_capabilities_by_type/primitives_data/int/ok/txt-int-5=5 ****
Checking all files under [/home/travis/build/smarie/python-parsyfiles/parsyfiles/tests/parsing_capabilities_by_type/primitives_data/int/ok/txt-int-5=5]
(C) /home/travis/build/smarie/python-parsyfiles/parsyfiles/tests/parsing_capabilities_by_type/primitives_data/int/ok/txt-int-5=5 (singlefile, .txt)
File checks done

Building a parsing plan to parse [/home/travis/build/smarie/python-parsyfiles/parsyfiles/tests/parsing_capabilities_by_type/primitives_data/int/ok/txt-int-5=5] into a int
(B) /home/travis/build/smarie/python-parsyfiles/parsyfiles/tests/parsing_capabilities_by_type/primitives_data/int/ok/txt-int-5=5.txt -&gt; int ------- using [Try &apos;$&lt;read_str_from_txt&gt; =&gt; &lt;str_to_int&gt;$&apos; then &apos;$&lt;read_str_from_txt&gt; =&gt; &lt;base64_ascii_str_pickle_to_object&gt; -&gt; &lt;bool_to_int&gt;$&apos; then &apos;$&lt;read_str_from_txt&gt; =&gt; &lt;base64_ascii_str_pickle_to_object&gt; -&gt; &lt;float_to_int&gt;$&apos; then &apos;$&lt;read_str_from_txt&gt; =&gt; &lt;base64_ascii_str_pickle_to_object&gt; -&gt; &lt;str_to_int&gt;$&apos; then &apos;$&lt;read_str_from_txt&gt; =&gt; &lt;str_to_bool&gt;$&apos; then &apos;$&lt;read_str_from_txt&gt; =&gt; &lt;base64_ascii_str_pickle_to_object&gt; -&gt; &lt;float_to_bool&gt;$&apos; then &apos;$&lt;read_str_from_txt&gt; =&gt; &lt;base64_ascii_str_pickle_to_object&gt; -&gt; &lt;int_to_bool&gt;$&apos; then &apos;$&lt;read_str_from_txt&gt; =&gt; &lt;base64_ascii_str_pickle_to_object&gt; -&gt; &lt;str_to_bool&gt;$&apos; then &apos;$&lt;read_str_from_txt&gt; =&gt; &lt;base64_ascii_str_pickle_to_object&gt;$]&apos;]
(B)                                                                                                               |--txt-int-5=5.txt -&gt; int ------- using $&lt;read_str_from_txt&gt; =&gt; &lt;str_to_int&gt;$
Parsing Plan created successfully

Executing Parsing Plan for [/home/travis/build/smarie/python-parsyfiles/parsyfiles/tests/parsing_capabilities_by_type/primitives_data/int/ok/txt-int-5=5]
(P) /home/travis/build/smarie/python-parsyfiles/parsyfiles/tests/parsing_capabilities_by_type/primitives_data/int/ok/txt-int-5=5.txt -&gt; int ------- using $&lt;read_str_from_txt&gt; =&gt; &lt;str_to_int&gt;$
(P)                                                                                                               |--txt-int-5=5.txt -&gt; int SUCCESS !
Completed parsing successfully

5==5
</system-out></testcase><testcase classname="parsyfiles.tests.parsing_capabilities_by_type.test_parse_primitives" file="parsyfiles/tests/parsing_capabilities_by_type/test_parse_primitives.py" line="179" name="test_parse_by_type[int-ok-b64pickle-int-5=5.txt]" time="0.05328679084777832"><system-out>**** Starting to parse single object of type &lt;int&gt; at location /home/travis/build/smarie/python-parsyfiles/parsyfiles/tests/parsing_capabilities_by_type/primitives_data/int/ok/b64pickle-int-5=5 ****
Checking all files under [/home/travis/build/smarie/python-parsyfiles/parsyfiles/tests/parsing_capabilities_by_type/primitives_data/int/ok/b64pickle-int-5=5]
(C) /home/travis/build/smarie/python-parsyfiles/parsyfiles/tests/parsing_capabilities_by_type/primitives_data/int/ok/b64pickle-int-5=5 (singlefile, .txt)
File checks done

Building a parsing plan to parse [/home/travis/build/smarie/python-parsyfiles/parsyfiles/tests/parsing_capabilities_by_type/primitives_data/int/ok/b64pickle-int-5=5] into a int
(B) /home/travis/build/smarie/python-parsyfiles/parsyfiles/tests/parsing_capabilities_by_type/primitives_data/int/ok/b64pickle-int-5=5.txt -&gt; int ------- using [Try &apos;$&lt;read_str_from_txt&gt; =&gt; &lt;str_to_int&gt;$&apos; then &apos;$&lt;read_str_from_txt&gt; =&gt; &lt;base64_ascii_str_pickle_to_object&gt; -&gt; &lt;bool_to_int&gt;$&apos; then &apos;$&lt;read_str_from_txt&gt; =&gt; &lt;base64_ascii_str_pickle_to_object&gt; -&gt; &lt;float_to_int&gt;$&apos; then &apos;$&lt;read_str_from_txt&gt; =&gt; &lt;base64_ascii_str_pickle_to_object&gt; -&gt; &lt;str_to_int&gt;$&apos; then &apos;$&lt;read_str_from_txt&gt; =&gt; &lt;str_to_bool&gt;$&apos; then &apos;$&lt;read_str_from_txt&gt; =&gt; &lt;base64_ascii_str_pickle_to_object&gt; -&gt; &lt;float_to_bool&gt;$&apos; then &apos;$&lt;read_str_from_txt&gt; =&gt; &lt;base64_ascii_str_pickle_to_object&gt; -&gt; &lt;int_to_bool&gt;$&apos; then &apos;$&lt;read_str_from_txt&gt; =&gt; &lt;base64_ascii_str_pickle_to_object&gt; -&gt; &lt;str_to_bool&gt;$&apos; then &apos;$&lt;read_str_from_txt&gt; =&gt; &lt;base64_ascii_str_pickle_to_object&gt;$]&apos;]
(B)                                                                                                               |--b64pickle-int-5=5.txt -&gt; int ------- using $&lt;read_str_from_txt&gt; =&gt; &lt;str_to_int&gt;$
Parsing Plan created successfully

Executing Parsing Plan for [/home/travis/build/smarie/python-parsyfiles/parsyfiles/tests/parsing_capabilities_by_type/primitives_data/int/ok/b64pickle-int-5=5]
(P) /home/travis/build/smarie/python-parsyfiles/parsyfiles/tests/parsing_capabilities_by_type/primitives_data/int/ok/b64pickle-int-5=5.txt -&gt; int ------- using $&lt;read_str_from_txt&gt; =&gt; &lt;str_to_int&gt;$
  !! Caught error during execution !!
  File &quot;/home/travis/build/smarie/python-parsyfiles/parsyfiles/plugins_base/support_for_primitive_types.py&quot;, line 37, in primitive_to_int
    source = literal_eval(source)
  File &quot;/opt/python/3.5.5/lib/python3.5/ast.py&quot;, line 46, in literal_eval
    node_or_string = parse(node_or_string, mode=&apos;eval&apos;)
  File &quot;/opt/python/3.5.5/lib/python3.5/ast.py&quot;, line 35, in parse
    return compile(source, filename, mode, PyCF_ONLY_AST)
  ParsingException : Error while parsing /home/travis/build/smarie/python-parsyfiles/parsyfiles/tests/parsing_capabilities_by_type/primitives_data/int/ok/b64pickle-int-5=5 (singlefile, .txt) as a int with parser &apos;$&lt;read_str_from_txt&gt; =&gt; &lt;str_to_int&gt;$&apos; using options=({&apos;MultifileCollectionParser&apos;: {&apos;lazy_parsing&apos;: False}}) : caught 
  SyntaxError : unexpected EOF while parsing (&lt;unknown&gt;, line 1)
Rebuilding local parsing plan with next candidate parser: $&lt;read_str_from_txt&gt; =&gt; &lt;base64_ascii_str_pickle_to_object&gt; -&gt; &lt;bool_to_int&gt;$
(B)                                                                                                               |--b64pickle-int-5=5.txt -&gt; int ------- using $&lt;read_str_from_txt&gt; =&gt; &lt;base64_ascii_str_pickle_to_object&gt; -&gt; &lt;bool_to_int&gt;$
DONE Rebuilding local parsing plan for [/home/travis/build/smarie/python-parsyfiles/parsyfiles/tests/parsing_capabilities_by_type/primitives_data/int/ok/b64pickle-int-5=5.txt]. Resuming parsing...
Executing Parsing Plan for [/home/travis/build/smarie/python-parsyfiles/parsyfiles/tests/parsing_capabilities_by_type/primitives_data/int/ok/b64pickle-int-5=5]
(P) /home/travis/build/smarie/python-parsyfiles/parsyfiles/tests/parsing_capabilities_by_type/primitives_data/int/ok/b64pickle-int-5=5.txt -&gt; int ------- using $&lt;read_str_from_txt&gt; =&gt; &lt;base64_ascii_str_pickle_to_object&gt; -&gt; &lt;bool_to_int&gt;$
  !! Caught error during execution !!
  File &quot;/home/travis/build/smarie/python-parsyfiles/parsyfiles/converting_core.py&quot;, line 319, in convert
    return self._convert(desired_type, source_obj, logger, options)
  File &quot;/home/travis/build/smarie/python-parsyfiles/parsyfiles/converting_core.py&quot;, line 770, in _convert
    return self._converters_list[-1].convert(desired_type, obj, logger, options)
  File &quot;/home/travis/build/smarie/python-parsyfiles/parsyfiles/converting_core.py&quot;, line 321, in convert
    raise ConversionException.create_not_able_to_convert(source_obj, self, desired_type)
  ParsingException : Error while parsing /home/travis/build/smarie/python-parsyfiles/parsyfiles/tests/parsing_capabilities_by_type/primitives_data/int/ok/b64pickle-int-5=5 (singlefile, .txt) as a int with parser &apos;$&lt;read_str_from_txt&gt; =&gt; &lt;base64_ascii_str_pickle_to_object&gt; -&gt; &lt;bool_to_int&gt;$&apos; using options=({&apos;MultifileCollectionParser&apos;: {&apos;lazy_parsing&apos;: False}}) : caught 
  ConversionException : Converter &lt;bool_to_int&gt; is not able to ingest source value &apos;5&apos; of type &apos;int&apos; and/or convert it to type &apos;int&apos;. This can happen in a chain when the previous step in the chain is generic and actually produced  an output of the wrong type/content
Rebuilding local parsing plan with next candidate parser: $&lt;read_str_from_txt&gt; =&gt; &lt;base64_ascii_str_pickle_to_object&gt; -&gt; &lt;float_to_int&gt;$
(B)                                                                                                               |--b64pickle-int-5=5.txt -&gt; int ------- using $&lt;read_str_from_txt&gt; =&gt; &lt;base64_ascii_str_pickle_to_object&gt; -&gt; &lt;float_to_int&gt;$
DONE Rebuilding local parsing plan for [/home/travis/build/smarie/python-parsyfiles/parsyfiles/tests/parsing_capabilities_by_type/primitives_data/int/ok/b64pickle-int-5=5.txt]. Resuming parsing...
Executing Parsing Plan for [/home/travis/build/smarie/python-parsyfiles/parsyfiles/tests/parsing_capabilities_by_type/primitives_data/int/ok/b64pickle-int-5=5]
(P) /home/travis/build/smarie/python-parsyfiles/parsyfiles/tests/parsing_capabilities_by_type/primitives_data/int/ok/b64pickle-int-5=5.txt -&gt; int ------- using $&lt;read_str_from_txt&gt; =&gt; &lt;base64_ascii_str_pickle_to_object&gt; -&gt; &lt;float_to_int&gt;$
  !! Caught error during execution !!
  File &quot;/home/travis/build/smarie/python-parsyfiles/parsyfiles/converting_core.py&quot;, line 319, in convert
    return self._convert(desired_type, source_obj, logger, options)
  File &quot;/home/travis/build/smarie/python-parsyfiles/parsyfiles/converting_core.py&quot;, line 770, in _convert
    return self._converters_list[-1].convert(desired_type, obj, logger, options)
  File &quot;/home/travis/build/smarie/python-parsyfiles/parsyfiles/converting_core.py&quot;, line 321, in convert
    raise ConversionException.create_not_able_to_convert(source_obj, self, desired_type)
  ParsingException : Error while parsing /home/travis/build/smarie/python-parsyfiles/parsyfiles/tests/parsing_capabilities_by_type/primitives_data/int/ok/b64pickle-int-5=5 (singlefile, .txt) as a int with parser &apos;$&lt;read_str_from_txt&gt; =&gt; &lt;base64_ascii_str_pickle_to_object&gt; -&gt; &lt;float_to_int&gt;$&apos; using options=({&apos;MultifileCollectionParser&apos;: {&apos;lazy_parsing&apos;: False}}) : caught 
  ConversionException : Converter &lt;float_to_int&gt; is not able to ingest source value &apos;5&apos; of type &apos;int&apos; and/or convert it to type &apos;int&apos;. This can happen in a chain when the previous step in the chain is generic and actually produced  an output of the wrong type/content
Rebuilding local parsing plan with next candidate parser: $&lt;read_str_from_txt&gt; =&gt; &lt;base64_ascii_str_pickle_to_object&gt; -&gt; &lt;str_to_int&gt;$
(B)                                                                                                               |--b64pickle-int-5=5.txt -&gt; int ------- using $&lt;read_str_from_txt&gt; =&gt; &lt;base64_ascii_str_pickle_to_object&gt; -&gt; &lt;str_to_int&gt;$
DONE Rebuilding local parsing plan for [/home/travis/build/smarie/python-parsyfiles/parsyfiles/tests/parsing_capabilities_by_type/primitives_data/int/ok/b64pickle-int-5=5.txt]. Resuming parsing...
Executing Parsing Plan for [/home/travis/build/smarie/python-parsyfiles/parsyfiles/tests/parsing_capabilities_by_type/primitives_data/int/ok/b64pickle-int-5=5]
(P) /home/travis/build/smarie/python-parsyfiles/parsyfiles/tests/parsing_capabilities_by_type/primitives_data/int/ok/b64pickle-int-5=5.txt -&gt; int ------- using $&lt;read_str_from_txt&gt; =&gt; &lt;base64_ascii_str_pickle_to_object&gt; -&gt; &lt;str_to_int&gt;$
  !! Caught error during execution !!
  File &quot;/home/travis/build/smarie/python-parsyfiles/parsyfiles/converting_core.py&quot;, line 319, in convert
    return self._convert(desired_type, source_obj, logger, options)
  File &quot;/home/travis/build/smarie/python-parsyfiles/parsyfiles/converting_core.py&quot;, line 770, in _convert
    return self._converters_list[-1].convert(desired_type, obj, logger, options)
  File &quot;/home/travis/build/smarie/python-parsyfiles/parsyfiles/converting_core.py&quot;, line 321, in convert
    raise ConversionException.create_not_able_to_convert(source_obj, self, desired_type)
  ParsingException : Error while parsing /home/travis/build/smarie/python-parsyfiles/parsyfiles/tests/parsing_capabilities_by_type/primitives_data/int/ok/b64pickle-int-5=5 (singlefile, .txt) as a int with parser &apos;$&lt;read_str_from_txt&gt; =&gt; &lt;base64_ascii_str_pickle_to_object&gt; -&gt; &lt;str_to_int&gt;$&apos; using options=({&apos;MultifileCollectionParser&apos;: {&apos;lazy_parsing&apos;: False}}) : caught 
  ConversionException : Converter &lt;str_to_int&gt; is not able to ingest source value &apos;5&apos; of type &apos;int&apos; and/or convert it to type &apos;int&apos;. This can happen in a chain when the previous step in the chain is generic and actually produced  an output of the wrong type/content
Rebuilding local parsing plan with next candidate parser: $&lt;read_str_from_txt&gt; =&gt; &lt;str_to_bool&gt;$
(B)                                                                                                               |--b64pickle-int-5=5.txt -&gt; int ------- using $&lt;read_str_from_txt&gt; =&gt; &lt;str_to_bool&gt;$
DONE Rebuilding local parsing plan for [/home/travis/build/smarie/python-parsyfiles/parsyfiles/tests/parsing_capabilities_by_type/primitives_data/int/ok/b64pickle-int-5=5.txt]. Resuming parsing...
Executing Parsing Plan for [/home/travis/build/smarie/python-parsyfiles/parsyfiles/tests/parsing_capabilities_by_type/primitives_data/int/ok/b64pickle-int-5=5]
(P) /home/travis/build/smarie/python-parsyfiles/parsyfiles/tests/parsing_capabilities_by_type/primitives_data/int/ok/b64pickle-int-5=5.txt -&gt; int ------- using $&lt;read_str_from_txt&gt; =&gt; &lt;str_to_bool&gt;$
  !! Caught error during execution !!
  File &quot;/home/travis/build/smarie/python-parsyfiles/parsyfiles/converting_core.py&quot;, line 524, in _convert
    return self.conversion_method(desired_type, source_obj, logger, **opts)
  File &quot;/home/travis/build/smarie/python-parsyfiles/parsyfiles/plugins_base/support_for_primitive_types.py&quot;, line 84, in primitive_to_bool
    return bool(strtobool(source))
  File &quot;/opt/python/3.5.5/lib/python3.5/distutils/util.py&quot;, line 317, in strtobool
    raise ValueError(&quot;invalid truth value %r&quot; % (val,))
  ParsingException : Error while parsing /home/travis/build/smarie/python-parsyfiles/parsyfiles/tests/parsing_capabilities_by_type/primitives_data/int/ok/b64pickle-int-5=5 (singlefile, .txt) as a int with parser &apos;$&lt;read_str_from_txt&gt; =&gt; &lt;str_to_bool&gt;$&apos; using options=({&apos;MultifileCollectionParser&apos;: {&apos;lazy_parsing&apos;: False}}) : caught 
  ValueError : invalid truth value &apos;ganlbs4=&apos;
Rebuilding local parsing plan with next candidate parser: $&lt;read_str_from_txt&gt; =&gt; &lt;base64_ascii_str_pickle_to_object&gt; -&gt; &lt;float_to_bool&gt;$
(B)                                                                                                               |--b64pickle-int-5=5.txt -&gt; int ------- using $&lt;read_str_from_txt&gt; =&gt; &lt;base64_ascii_str_pickle_to_object&gt; -&gt; &lt;float_to_bool&gt;$
DONE Rebuilding local parsing plan for [/home/travis/build/smarie/python-parsyfiles/parsyfiles/tests/parsing_capabilities_by_type/primitives_data/int/ok/b64pickle-int-5=5.txt]. Resuming parsing...
Executing Parsing Plan for [/home/travis/build/smarie/python-parsyfiles/parsyfiles/tests/parsing_capabilities_by_type/primitives_data/int/ok/b64pickle-int-5=5]
(P) /home/travis/build/smarie/python-parsyfiles/parsyfiles/tests/parsing_capabilities_by_type/primitives_data/int/ok/b64pickle-int-5=5.txt -&gt; int ------- using $&lt;read_str_from_txt&gt; =&gt; &lt;base64_ascii_str_pickle_to_object&gt; -&gt; &lt;float_to_bool&gt;$
  !! Caught error during execution !!
  File &quot;/home/travis/build/smarie/python-parsyfiles/parsyfiles/converting_core.py&quot;, line 319, in convert
    return self._convert(desired_type, source_obj, logger, options)
  File &quot;/home/travis/build/smarie/python-parsyfiles/parsyfiles/converting_core.py&quot;, line 770, in _convert
    return self._converters_list[-1].convert(desired_type, obj, logger, options)
  File &quot;/home/travis/build/smarie/python-parsyfiles/parsyfiles/converting_core.py&quot;, line 321, in convert
    raise ConversionException.create_not_able_to_convert(source_obj, self, desired_type)
  ParsingException : Error while parsing /home/travis/build/smarie/python-parsyfiles/parsyfiles/tests/parsing_capabilities_by_type/primitives_data/int/ok/b64pickle-int-5=5 (singlefile, .txt) as a int with parser &apos;$&lt;read_str_from_txt&gt; =&gt; &lt;base64_ascii_str_pickle_to_object&gt; -&gt; &lt;float_to_bool&gt;$&apos; using options=({&apos;MultifileCollectionParser&apos;: {&apos;lazy_parsing&apos;: False}}) : caught 
  ConversionException : Converter &lt;float_to_bool&gt; is not able to ingest source value &apos;5&apos; of type &apos;int&apos; and/or convert it to type &apos;int&apos;. This can happen in a chain when the previous step in the chain is generic and actually produced  an output of the wrong type/content
Rebuilding local parsing plan with next candidate parser: $&lt;read_str_from_txt&gt; =&gt; &lt;base64_ascii_str_pickle_to_object&gt; -&gt; &lt;int_to_bool&gt;$
(B)                                                                                                               |--b64pickle-int-5=5.txt -&gt; int ------- using $&lt;read_str_from_txt&gt; =&gt; &lt;base64_ascii_str_pickle_to_object&gt; -&gt; &lt;int_to_bool&gt;$
DONE Rebuilding local parsing plan for [/home/travis/build/smarie/python-parsyfiles/parsyfiles/tests/parsing_capabilities_by_type/primitives_data/int/ok/b64pickle-int-5=5.txt]. Resuming parsing...
Executing Parsing Plan for [/home/travis/build/smarie/python-parsyfiles/parsyfiles/tests/parsing_capabilities_by_type/primitives_data/int/ok/b64pickle-int-5=5]
(P) /home/travis/build/smarie/python-parsyfiles/parsyfiles/tests/parsing_capabilities_by_type/primitives_data/int/ok/b64pickle-int-5=5.txt -&gt; int ------- using $&lt;read_str_from_txt&gt; =&gt; &lt;base64_ascii_str_pickle_to_object&gt; -&gt; &lt;int_to_bool&gt;$
  !! Caught error during execution !!
  File &quot;/home/travis/build/smarie/python-parsyfiles/parsyfiles/converting_core.py&quot;, line 319, in convert
    return self._convert(desired_type, source_obj, logger, options)
  File &quot;/home/travis/build/smarie/python-parsyfiles/parsyfiles/converting_core.py&quot;, line 524, in _convert
    return self.conversion_method(desired_type, source_obj, logger, **opts)
  File &quot;/home/travis/build/smarie/python-parsyfiles/parsyfiles/plugins_base/support_for_primitive_types.py&quot;, line 91, in primitive_to_bool
    raise ValueError(&apos;Cannot convert to bool : source is a number but is not 1 nor 0 : \&apos;&apos; + str(source) + &apos;\&apos;&apos;)
  ParsingException : Error while parsing /home/travis/build/smarie/python-parsyfiles/parsyfiles/tests/parsing_capabilities_by_type/primitives_data/int/ok/b64pickle-int-5=5 (singlefile, .txt) as a int with parser &apos;$&lt;read_str_from_txt&gt; =&gt; &lt;base64_ascii_str_pickle_to_object&gt; -&gt; &lt;int_to_bool&gt;$&apos; using options=({&apos;MultifileCollectionParser&apos;: {&apos;lazy_parsing&apos;: False}}) : caught 
  ValueError : Cannot convert to bool : source is a number but is not 1 nor 0 : &apos;5&apos;
Rebuilding local parsing plan with next candidate parser: $&lt;read_str_from_txt&gt; =&gt; &lt;base64_ascii_str_pickle_to_object&gt; -&gt; &lt;str_to_bool&gt;$
(B)                                                                                                               |--b64pickle-int-5=5.txt -&gt; int ------- using $&lt;read_str_from_txt&gt; =&gt; &lt;base64_ascii_str_pickle_to_object&gt; -&gt; &lt;str_to_bool&gt;$
DONE Rebuilding local parsing plan for [/home/travis/build/smarie/python-parsyfiles/parsyfiles/tests/parsing_capabilities_by_type/primitives_data/int/ok/b64pickle-int-5=5.txt]. Resuming parsing...
Executing Parsing Plan for [/home/travis/build/smarie/python-parsyfiles/parsyfiles/tests/parsing_capabilities_by_type/primitives_data/int/ok/b64pickle-int-5=5]
(P) /home/travis/build/smarie/python-parsyfiles/parsyfiles/tests/parsing_capabilities_by_type/primitives_data/int/ok/b64pickle-int-5=5.txt -&gt; int ------- using $&lt;read_str_from_txt&gt; =&gt; &lt;base64_ascii_str_pickle_to_object&gt; -&gt; &lt;str_to_bool&gt;$
  !! Caught error during execution !!
  File &quot;/home/travis/build/smarie/python-parsyfiles/parsyfiles/converting_core.py&quot;, line 319, in convert
    return self._convert(desired_type, source_obj, logger, options)
  File &quot;/home/travis/build/smarie/python-parsyfiles/parsyfiles/converting_core.py&quot;, line 770, in _convert
    return self._converters_list[-1].convert(desired_type, obj, logger, options)
  File &quot;/home/travis/build/smarie/python-parsyfiles/parsyfiles/converting_core.py&quot;, line 321, in convert
    raise ConversionException.create_not_able_to_convert(source_obj, self, desired_type)
  ParsingException : Error while parsing /home/travis/build/smarie/python-parsyfiles/parsyfiles/tests/parsing_capabilities_by_type/primitives_data/int/ok/b64pickle-int-5=5 (singlefile, .txt) as a int with parser &apos;$&lt;read_str_from_txt&gt; =&gt; &lt;base64_ascii_str_pickle_to_object&gt; -&gt; &lt;str_to_bool&gt;$&apos; using options=({&apos;MultifileCollectionParser&apos;: {&apos;lazy_parsing&apos;: False}}) : caught 
  ConversionException : Converter &lt;str_to_bool&gt; is not able to ingest source value &apos;5&apos; of type &apos;int&apos; and/or convert it to type &apos;int&apos;. This can happen in a chain when the previous step in the chain is generic and actually produced  an output of the wrong type/content
Rebuilding local parsing plan with next candidate parser: $&lt;read_str_from_txt&gt; =&gt; &lt;base64_ascii_str_pickle_to_object&gt;$
(B)                                                                                                               |--b64pickle-int-5=5.txt -&gt; int ------- using $&lt;read_str_from_txt&gt; =&gt; &lt;base64_ascii_str_pickle_to_object&gt;$
DONE Rebuilding local parsing plan for [/home/travis/build/smarie/python-parsyfiles/parsyfiles/tests/parsing_capabilities_by_type/primitives_data/int/ok/b64pickle-int-5=5.txt]. Resuming parsing...
Executing Parsing Plan for [/home/travis/build/smarie/python-parsyfiles/parsyfiles/tests/parsing_capabilities_by_type/primitives_data/int/ok/b64pickle-int-5=5]
(P) /home/travis/build/smarie/python-parsyfiles/parsyfiles/tests/parsing_capabilities_by_type/primitives_data/int/ok/b64pickle-int-5=5.txt -&gt; int ------- using $&lt;read_str_from_txt&gt; =&gt; &lt;base64_ascii_str_pickle_to_object&gt;$
(P)                                                                                                               |--b64pickle-int-5=5.txt -&gt; int SUCCESS !
Completed parsing successfully

5==5
</system-out></testcase><testcase classname="parsyfiles.tests.parsing_capabilities_by_type.test_parse_primitives" file="parsyfiles/tests/parsing_capabilities_by_type/test_parse_primitives.py" line="179" name="test_parse_by_type[int-ok-txt-bool-True=1.txt]" time="0.039890289306640625"><system-out>**** Starting to parse single object of type &lt;int&gt; at location /home/travis/build/smarie/python-parsyfiles/parsyfiles/tests/parsing_capabilities_by_type/primitives_data/int/ok/txt-bool-True=1 ****
Checking all files under [/home/travis/build/smarie/python-parsyfiles/parsyfiles/tests/parsing_capabilities_by_type/primitives_data/int/ok/txt-bool-True=1]
(C) /home/travis/build/smarie/python-parsyfiles/parsyfiles/tests/parsing_capabilities_by_type/primitives_data/int/ok/txt-bool-True=1 (singlefile, .txt)
File checks done

Building a parsing plan to parse [/home/travis/build/smarie/python-parsyfiles/parsyfiles/tests/parsing_capabilities_by_type/primitives_data/int/ok/txt-bool-True=1] into a int
(B) /home/travis/build/smarie/python-parsyfiles/parsyfiles/tests/parsing_capabilities_by_type/primitives_data/int/ok/txt-bool-True=1.txt -&gt; int ------- using [Try &apos;$&lt;read_str_from_txt&gt; =&gt; &lt;str_to_int&gt;$&apos; then &apos;$&lt;read_str_from_txt&gt; =&gt; &lt;base64_ascii_str_pickle_to_object&gt; -&gt; &lt;bool_to_int&gt;$&apos; then &apos;$&lt;read_str_from_txt&gt; =&gt; &lt;base64_ascii_str_pickle_to_object&gt; -&gt; &lt;float_to_int&gt;$&apos; then &apos;$&lt;read_str_from_txt&gt; =&gt; &lt;base64_ascii_str_pickle_to_object&gt; -&gt; &lt;str_to_int&gt;$&apos; then &apos;$&lt;read_str_from_txt&gt; =&gt; &lt;str_to_bool&gt;$&apos; then &apos;$&lt;read_str_from_txt&gt; =&gt; &lt;base64_ascii_str_pickle_to_object&gt; -&gt; &lt;float_to_bool&gt;$&apos; then &apos;$&lt;read_str_from_txt&gt; =&gt; &lt;base64_ascii_str_pickle_to_object&gt; -&gt; &lt;int_to_bool&gt;$&apos; then &apos;$&lt;read_str_from_txt&gt; =&gt; &lt;base64_ascii_str_pickle_to_object&gt; -&gt; &lt;str_to_bool&gt;$&apos; then &apos;$&lt;read_str_from_txt&gt; =&gt; &lt;base64_ascii_str_pickle_to_object&gt;$]&apos;]
(B)                                                                                                               |--txt-bool-True=1.txt -&gt; int ------- using $&lt;read_str_from_txt&gt; =&gt; &lt;str_to_int&gt;$
Parsing Plan created successfully

Executing Parsing Plan for [/home/travis/build/smarie/python-parsyfiles/parsyfiles/tests/parsing_capabilities_by_type/primitives_data/int/ok/txt-bool-True=1]
(P) /home/travis/build/smarie/python-parsyfiles/parsyfiles/tests/parsing_capabilities_by_type/primitives_data/int/ok/txt-bool-True=1.txt -&gt; int ------- using $&lt;read_str_from_txt&gt; =&gt; &lt;str_to_int&gt;$
(P)                                                                                                               |--txt-bool-True=1.txt -&gt; int SUCCESS !
Completed parsing successfully

1==1
</system-out></testcase><testcase classname="parsyfiles.tests.parsing_capabilities_by_type.test_parse_primitives" file="parsyfiles/tests/parsing_capabilities_by_type/test_parse_primitives.py" line="179" name="test_parse_by_type[int-ok-txt-float--5.0=-5.txt]" time="0.041015625"><system-out>**** Starting to parse single object of type &lt;int&gt; at location /home/travis/build/smarie/python-parsyfiles/parsyfiles/tests/parsing_capabilities_by_type/primitives_data/int/ok/txt-float--5.0=-5 ****
Checking all files under [/home/travis/build/smarie/python-parsyfiles/parsyfiles/tests/parsing_capabilities_by_type/primitives_data/int/ok/txt-float--5.0=-5]
(C) /home/travis/build/smarie/python-parsyfiles/parsyfiles/tests/parsing_capabilities_by_type/primitives_data/int/ok/txt-float--5.0=-5 (singlefile, .txt)
File checks done

Building a parsing plan to parse [/home/travis/build/smarie/python-parsyfiles/parsyfiles/tests/parsing_capabilities_by_type/primitives_data/int/ok/txt-float--5.0=-5] into a int
(B) /home/travis/build/smarie/python-parsyfiles/parsyfiles/tests/parsing_capabilities_by_type/primitives_data/int/ok/txt-float--5.0=-5.txt -&gt; int ------- using [Try &apos;$&lt;read_str_from_txt&gt; =&gt; &lt;str_to_int&gt;$&apos; then &apos;$&lt;read_str_from_txt&gt; =&gt; &lt;base64_ascii_str_pickle_to_object&gt; -&gt; &lt;bool_to_int&gt;$&apos; then &apos;$&lt;read_str_from_txt&gt; =&gt; &lt;base64_ascii_str_pickle_to_object&gt; -&gt; &lt;float_to_int&gt;$&apos; then &apos;$&lt;read_str_from_txt&gt; =&gt; &lt;base64_ascii_str_pickle_to_object&gt; -&gt; &lt;str_to_int&gt;$&apos; then &apos;$&lt;read_str_from_txt&gt; =&gt; &lt;str_to_bool&gt;$&apos; then &apos;$&lt;read_str_from_txt&gt; =&gt; &lt;base64_ascii_str_pickle_to_object&gt; -&gt; &lt;float_to_bool&gt;$&apos; then &apos;$&lt;read_str_from_txt&gt; =&gt; &lt;base64_ascii_str_pickle_to_object&gt; -&gt; &lt;int_to_bool&gt;$&apos; then &apos;$&lt;read_str_from_txt&gt; =&gt; &lt;base64_ascii_str_pickle_to_object&gt; -&gt; &lt;str_to_bool&gt;$&apos; then &apos;$&lt;read_str_from_txt&gt; =&gt; &lt;base64_ascii_str_pickle_to_object&gt;$]&apos;]
(B)                                                                                                               |--txt-float--5.0=-5.txt -&gt; int ------- using $&lt;read_str_from_txt&gt; =&gt; &lt;str_to_int&gt;$
Parsing Plan created successfully

Executing Parsing Plan for [/home/travis/build/smarie/python-parsyfiles/parsyfiles/tests/parsing_capabilities_by_type/primitives_data/int/ok/txt-float--5.0=-5]
(P) /home/travis/build/smarie/python-parsyfiles/parsyfiles/tests/parsing_capabilities_by_type/primitives_data/int/ok/txt-float--5.0=-5.txt -&gt; int ------- using $&lt;read_str_from_txt&gt; =&gt; &lt;str_to_int&gt;$
(P)                                                                                                               |--txt-float--5.0=-5.txt -&gt; int SUCCESS !
Completed parsing successfully

-5==-5
</system-out></testcase><testcase classname="parsyfiles.tests.parsing_capabilities_by_type.test_parse_primitives" file="parsyfiles/tests/parsing_capabilities_by_type/test_parse_primitives.py" line="179" name="test_parse_by_type[int-ok-txt-int-0=0.txt]" time="0.03993844985961914"><system-out>**** Starting to parse single object of type &lt;int&gt; at location /home/travis/build/smarie/python-parsyfiles/parsyfiles/tests/parsing_capabilities_by_type/primitives_data/int/ok/txt-int-0=0 ****
Checking all files under [/home/travis/build/smarie/python-parsyfiles/parsyfiles/tests/parsing_capabilities_by_type/primitives_data/int/ok/txt-int-0=0]
(C) /home/travis/build/smarie/python-parsyfiles/parsyfiles/tests/parsing_capabilities_by_type/primitives_data/int/ok/txt-int-0=0 (singlefile, .txt)
File checks done

Building a parsing plan to parse [/home/travis/build/smarie/python-parsyfiles/parsyfiles/tests/parsing_capabilities_by_type/primitives_data/int/ok/txt-int-0=0] into a int
(B) /home/travis/build/smarie/python-parsyfiles/parsyfiles/tests/parsing_capabilities_by_type/primitives_data/int/ok/txt-int-0=0.txt -&gt; int ------- using [Try &apos;$&lt;read_str_from_txt&gt; =&gt; &lt;str_to_int&gt;$&apos; then &apos;$&lt;read_str_from_txt&gt; =&gt; &lt;base64_ascii_str_pickle_to_object&gt; -&gt; &lt;bool_to_int&gt;$&apos; then &apos;$&lt;read_str_from_txt&gt; =&gt; &lt;base64_ascii_str_pickle_to_object&gt; -&gt; &lt;float_to_int&gt;$&apos; then &apos;$&lt;read_str_from_txt&gt; =&gt; &lt;base64_ascii_str_pickle_to_object&gt; -&gt; &lt;str_to_int&gt;$&apos; then &apos;$&lt;read_str_from_txt&gt; =&gt; &lt;str_to_bool&gt;$&apos; then &apos;$&lt;read_str_from_txt&gt; =&gt; &lt;base64_ascii_str_pickle_to_object&gt; -&gt; &lt;float_to_bool&gt;$&apos; then &apos;$&lt;read_str_from_txt&gt; =&gt; &lt;base64_ascii_str_pickle_to_object&gt; -&gt; &lt;int_to_bool&gt;$&apos; then &apos;$&lt;read_str_from_txt&gt; =&gt; &lt;base64_ascii_str_pickle_to_object&gt; -&gt; &lt;str_to_bool&gt;$&apos; then &apos;$&lt;read_str_from_txt&gt; =&gt; &lt;base64_ascii_str_pickle_to_object&gt;$]&apos;]
(B)                                                                                                               |--txt-int-0=0.txt -&gt; int ------- using $&lt;read_str_from_txt&gt; =&gt; &lt;str_to_int&gt;$
Parsing Plan created successfully

Executing Parsing Plan for [/home/travis/build/smarie/python-parsyfiles/parsyfiles/tests/parsing_capabilities_by_type/primitives_data/int/ok/txt-int-0=0]
(P) /home/travis/build/smarie/python-parsyfiles/parsyfiles/tests/parsing_capabilities_by_type/primitives_data/int/ok/txt-int-0=0.txt -&gt; int ------- using $&lt;read_str_from_txt&gt; =&gt; &lt;str_to_int&gt;$
(P)                                                                                                               |--txt-int-0=0.txt -&gt; int SUCCESS !
Completed parsing successfully

0==0
</system-out></testcase><testcase classname="parsyfiles.tests.parsing_capabilities_by_type.test_parse_primitives" file="parsyfiles/tests/parsing_capabilities_by_type/test_parse_primitives.py" line="179" name="test_parse_by_type[int-ok-pickle-int-5=5.pyc]" time="0.04410552978515625"><system-out>**** Starting to parse single object of type &lt;int&gt; at location /home/travis/build/smarie/python-parsyfiles/parsyfiles/tests/parsing_capabilities_by_type/primitives_data/int/ok/pickle-int-5=5 ****
Checking all files under [/home/travis/build/smarie/python-parsyfiles/parsyfiles/tests/parsing_capabilities_by_type/primitives_data/int/ok/pickle-int-5=5]
(C) /home/travis/build/smarie/python-parsyfiles/parsyfiles/tests/parsing_capabilities_by_type/primitives_data/int/ok/pickle-int-5=5 (singlefile, .pyc)
File checks done

Building a parsing plan to parse [/home/travis/build/smarie/python-parsyfiles/parsyfiles/tests/parsing_capabilities_by_type/primitives_data/int/ok/pickle-int-5=5] into a int
(B) /home/travis/build/smarie/python-parsyfiles/parsyfiles/tests/parsing_capabilities_by_type/primitives_data/int/ok/pickle-int-5=5.pyc -&gt; int ------- using [Try &apos;$&lt;read_object_from_pickle&gt; =&gt; &lt;bool_to_int&gt;$&apos; then &apos;$&lt;read_object_from_pickle&gt; =&gt; &lt;float_to_int&gt;$&apos; then &apos;$&lt;read_object_from_pickle&gt; =&gt; &lt;str_to_int&gt;$&apos; then &apos;$&lt;read_object_from_pickle&gt; =&gt; &lt;float_to_bool&gt;$&apos; then &apos;$&lt;read_object_from_pickle&gt; =&gt; &lt;int_to_bool&gt;$&apos; then &apos;$&lt;read_object_from_pickle&gt; =&gt; &lt;str_to_bool&gt;$&apos; then &apos;&lt;read_object_from_pickle&gt;]&apos;]
(B)                                                                                                               |--pickle-int-5=5.pyc -&gt; int ------- using $&lt;read_object_from_pickle&gt; =&gt; &lt;bool_to_int&gt;$
Parsing Plan created successfully

Executing Parsing Plan for [/home/travis/build/smarie/python-parsyfiles/parsyfiles/tests/parsing_capabilities_by_type/primitives_data/int/ok/pickle-int-5=5]
(P) /home/travis/build/smarie/python-parsyfiles/parsyfiles/tests/parsing_capabilities_by_type/primitives_data/int/ok/pickle-int-5=5.pyc -&gt; int ------- using $&lt;read_object_from_pickle&gt; =&gt; &lt;bool_to_int&gt;$
  !! Caught error during execution !!
  File &quot;/home/travis/build/smarie/python-parsyfiles/parsyfiles/parsing_core.py&quot;, line 177, in _execute
    self.get_singlefile_encoding(), logger, options)
  File &quot;/home/travis/build/smarie/python-parsyfiles/parsyfiles/parsing_combining_parsers.py&quot;, line 552, in _parse_singlefile
    return self._converter.convert(desired_type, first, logger, options)
  File &quot;/home/travis/build/smarie/python-parsyfiles/parsyfiles/converting_core.py&quot;, line 321, in convert
    raise ConversionException.create_not_able_to_convert(source_obj, self, desired_type)
  ParsingException : Error while parsing /home/travis/build/smarie/python-parsyfiles/parsyfiles/tests/parsing_capabilities_by_type/primitives_data/int/ok/pickle-int-5=5 (singlefile, .pyc) as a int with parser &apos;$&lt;read_object_from_pickle&gt; =&gt; &lt;bool_to_int&gt;$&apos; using options=({&apos;MultifileCollectionParser&apos;: {&apos;lazy_parsing&apos;: False}}) : caught 
  ConversionException : Converter $&lt;bool_to_int&gt;$ is not able to ingest source value &apos;5&apos; of type &apos;int&apos; and/or convert it to type &apos;int&apos;. This can happen in a chain when the previous step in the chain is generic and actually produced  an output of the wrong type/content
Rebuilding local parsing plan with next candidate parser: $&lt;read_object_from_pickle&gt; =&gt; &lt;float_to_int&gt;$
(B)                                                                                                               |--pickle-int-5=5.pyc -&gt; int ------- using $&lt;read_object_from_pickle&gt; =&gt; &lt;float_to_int&gt;$
DONE Rebuilding local parsing plan for [/home/travis/build/smarie/python-parsyfiles/parsyfiles/tests/parsing_capabilities_by_type/primitives_data/int/ok/pickle-int-5=5.pyc]. Resuming parsing...
Executing Parsing Plan for [/home/travis/build/smarie/python-parsyfiles/parsyfiles/tests/parsing_capabilities_by_type/primitives_data/int/ok/pickle-int-5=5]
(P) /home/travis/build/smarie/python-parsyfiles/parsyfiles/tests/parsing_capabilities_by_type/primitives_data/int/ok/pickle-int-5=5.pyc -&gt; int ------- using $&lt;read_object_from_pickle&gt; =&gt; &lt;float_to_int&gt;$
  !! Caught error during execution !!
  File &quot;/home/travis/build/smarie/python-parsyfiles/parsyfiles/parsing_core.py&quot;, line 177, in _execute
    self.get_singlefile_encoding(), logger, options)
  File &quot;/home/travis/build/smarie/python-parsyfiles/parsyfiles/parsing_combining_parsers.py&quot;, line 552, in _parse_singlefile
    return self._converter.convert(desired_type, first, logger, options)
  File &quot;/home/travis/build/smarie/python-parsyfiles/parsyfiles/converting_core.py&quot;, line 321, in convert
    raise ConversionException.create_not_able_to_convert(source_obj, self, desired_type)
  ParsingException : Error while parsing /home/travis/build/smarie/python-parsyfiles/parsyfiles/tests/parsing_capabilities_by_type/primitives_data/int/ok/pickle-int-5=5 (singlefile, .pyc) as a int with parser &apos;$&lt;read_object_from_pickle&gt; =&gt; &lt;float_to_int&gt;$&apos; using options=({&apos;MultifileCollectionParser&apos;: {&apos;lazy_parsing&apos;: False}}) : caught 
  ConversionException : Converter $&lt;float_to_int&gt;$ is not able to ingest source value &apos;5&apos; of type &apos;int&apos; and/or convert it to type &apos;int&apos;. This can happen in a chain when the previous step in the chain is generic and actually produced  an output of the wrong type/content
Rebuilding local parsing plan with next candidate parser: $&lt;read_object_from_pickle&gt; =&gt; &lt;str_to_int&gt;$
(B)                                                                                                               |--pickle-int-5=5.pyc -&gt; int ------- using $&lt;read_object_from_pickle&gt; =&gt; &lt;str_to_int&gt;$
DONE Rebuilding local parsing plan for [/home/travis/build/smarie/python-parsyfiles/parsyfiles/tests/parsing_capabilities_by_type/primitives_data/int/ok/pickle-int-5=5.pyc]. Resuming parsing...
Executing Parsing Plan for [/home/travis/build/smarie/python-parsyfiles/parsyfiles/tests/parsing_capabilities_by_type/primitives_data/int/ok/pickle-int-5=5]
(P) /home/travis/build/smarie/python-parsyfiles/parsyfiles/tests/parsing_capabilities_by_type/primitives_data/int/ok/pickle-int-5=5.pyc -&gt; int ------- using $&lt;read_object_from_pickle&gt; =&gt; &lt;str_to_int&gt;$
  !! Caught error during execution !!
  File &quot;/home/travis/build/smarie/python-parsyfiles/parsyfiles/parsing_core.py&quot;, line 177, in _execute
    self.get_singlefile_encoding(), logger, options)
  File &quot;/home/travis/build/smarie/python-parsyfiles/parsyfiles/parsing_combining_parsers.py&quot;, line 552, in _parse_singlefile
    return self._converter.convert(desired_type, first, logger, options)
  File &quot;/home/travis/build/smarie/python-parsyfiles/parsyfiles/converting_core.py&quot;, line 321, in convert
    raise ConversionException.create_not_able_to_convert(source_obj, self, desired_type)
  ParsingException : Error while parsing /home/travis/build/smarie/python-parsyfiles/parsyfiles/tests/parsing_capabilities_by_type/primitives_data/int/ok/pickle-int-5=5 (singlefile, .pyc) as a int with parser &apos;$&lt;read_object_from_pickle&gt; =&gt; &lt;str_to_int&gt;$&apos; using options=({&apos;MultifileCollectionParser&apos;: {&apos;lazy_parsing&apos;: False}}) : caught 
  ConversionException : Converter $&lt;str_to_int&gt;$ is not able to ingest source value &apos;5&apos; of type &apos;int&apos; and/or convert it to type &apos;int&apos;. This can happen in a chain when the previous step in the chain is generic and actually produced  an output of the wrong type/content
Rebuilding local parsing plan with next candidate parser: $&lt;read_object_from_pickle&gt; =&gt; &lt;float_to_bool&gt;$
(B)                                                                                                               |--pickle-int-5=5.pyc -&gt; int ------- using $&lt;read_object_from_pickle&gt; =&gt; &lt;float_to_bool&gt;$
DONE Rebuilding local parsing plan for [/home/travis/build/smarie/python-parsyfiles/parsyfiles/tests/parsing_capabilities_by_type/primitives_data/int/ok/pickle-int-5=5.pyc]. Resuming parsing...
Executing Parsing Plan for [/home/travis/build/smarie/python-parsyfiles/parsyfiles/tests/parsing_capabilities_by_type/primitives_data/int/ok/pickle-int-5=5]
(P) /home/travis/build/smarie/python-parsyfiles/parsyfiles/tests/parsing_capabilities_by_type/primitives_data/int/ok/pickle-int-5=5.pyc -&gt; int ------- using $&lt;read_object_from_pickle&gt; =&gt; &lt;float_to_bool&gt;$
  !! Caught error during execution !!
  File &quot;/home/travis/build/smarie/python-parsyfiles/parsyfiles/parsing_core.py&quot;, line 177, in _execute
    self.get_singlefile_encoding(), logger, options)
  File &quot;/home/travis/build/smarie/python-parsyfiles/parsyfiles/parsing_combining_parsers.py&quot;, line 552, in _parse_singlefile
    return self._converter.convert(desired_type, first, logger, options)
  File &quot;/home/travis/build/smarie/python-parsyfiles/parsyfiles/converting_core.py&quot;, line 321, in convert
    raise ConversionException.create_not_able_to_convert(source_obj, self, desired_type)
  ParsingException : Error while parsing /home/travis/build/smarie/python-parsyfiles/parsyfiles/tests/parsing_capabilities_by_type/primitives_data/int/ok/pickle-int-5=5 (singlefile, .pyc) as a int with parser &apos;$&lt;read_object_from_pickle&gt; =&gt; &lt;float_to_bool&gt;$&apos; using options=({&apos;MultifileCollectionParser&apos;: {&apos;lazy_parsing&apos;: False}}) : caught 
  ConversionException : Converter $&lt;float_to_bool&gt;$ is not able to ingest source value &apos;5&apos; of type &apos;int&apos; and/or convert it to type &apos;int&apos;. This can happen in a chain when the previous step in the chain is generic and actually produced  an output of the wrong type/content
Rebuilding local parsing plan with next candidate parser: $&lt;read_object_from_pickle&gt; =&gt; &lt;int_to_bool&gt;$
(B)                                                                                                               |--pickle-int-5=5.pyc -&gt; int ------- using $&lt;read_object_from_pickle&gt; =&gt; &lt;int_to_bool&gt;$
DONE Rebuilding local parsing plan for [/home/travis/build/smarie/python-parsyfiles/parsyfiles/tests/parsing_capabilities_by_type/primitives_data/int/ok/pickle-int-5=5.pyc]. Resuming parsing...
Executing Parsing Plan for [/home/travis/build/smarie/python-parsyfiles/parsyfiles/tests/parsing_capabilities_by_type/primitives_data/int/ok/pickle-int-5=5]
(P) /home/travis/build/smarie/python-parsyfiles/parsyfiles/tests/parsing_capabilities_by_type/primitives_data/int/ok/pickle-int-5=5.pyc -&gt; int ------- using $&lt;read_object_from_pickle&gt; =&gt; &lt;int_to_bool&gt;$
  !! Caught error during execution !!
  File &quot;/home/travis/build/smarie/python-parsyfiles/parsyfiles/converting_core.py&quot;, line 319, in convert
    return self._convert(desired_type, source_obj, logger, options)
  File &quot;/home/travis/build/smarie/python-parsyfiles/parsyfiles/converting_core.py&quot;, line 524, in _convert
    return self.conversion_method(desired_type, source_obj, logger, **opts)
  File &quot;/home/travis/build/smarie/python-parsyfiles/parsyfiles/plugins_base/support_for_primitive_types.py&quot;, line 91, in primitive_to_bool
    raise ValueError(&apos;Cannot convert to bool : source is a number but is not 1 nor 0 : \&apos;&apos; + str(source) + &apos;\&apos;&apos;)
  ParsingException : Error while parsing /home/travis/build/smarie/python-parsyfiles/parsyfiles/tests/parsing_capabilities_by_type/primitives_data/int/ok/pickle-int-5=5 (singlefile, .pyc) as a int with parser &apos;$&lt;read_object_from_pickle&gt; =&gt; &lt;int_to_bool&gt;$&apos; using options=({&apos;MultifileCollectionParser&apos;: {&apos;lazy_parsing&apos;: False}}) : caught 
  ValueError : Cannot convert to bool : source is a number but is not 1 nor 0 : &apos;5&apos;
Rebuilding local parsing plan with next candidate parser: $&lt;read_object_from_pickle&gt; =&gt; &lt;str_to_bool&gt;$
(B)                                                                                                               |--pickle-int-5=5.pyc -&gt; int ------- using $&lt;read_object_from_pickle&gt; =&gt; &lt;str_to_bool&gt;$
DONE Rebuilding local parsing plan for [/home/travis/build/smarie/python-parsyfiles/parsyfiles/tests/parsing_capabilities_by_type/primitives_data/int/ok/pickle-int-5=5.pyc]. Resuming parsing...
Executing Parsing Plan for [/home/travis/build/smarie/python-parsyfiles/parsyfiles/tests/parsing_capabilities_by_type/primitives_data/int/ok/pickle-int-5=5]
(P) /home/travis/build/smarie/python-parsyfiles/parsyfiles/tests/parsing_capabilities_by_type/primitives_data/int/ok/pickle-int-5=5.pyc -&gt; int ------- using $&lt;read_object_from_pickle&gt; =&gt; &lt;str_to_bool&gt;$
  !! Caught error during execution !!
  File &quot;/home/travis/build/smarie/python-parsyfiles/parsyfiles/parsing_core.py&quot;, line 177, in _execute
    self.get_singlefile_encoding(), logger, options)
  File &quot;/home/travis/build/smarie/python-parsyfiles/parsyfiles/parsing_combining_parsers.py&quot;, line 552, in _parse_singlefile
    return self._converter.convert(desired_type, first, logger, options)
  File &quot;/home/travis/build/smarie/python-parsyfiles/parsyfiles/converting_core.py&quot;, line 321, in convert
    raise ConversionException.create_not_able_to_convert(source_obj, self, desired_type)
  ParsingException : Error while parsing /home/travis/build/smarie/python-parsyfiles/parsyfiles/tests/parsing_capabilities_by_type/primitives_data/int/ok/pickle-int-5=5 (singlefile, .pyc) as a int with parser &apos;$&lt;read_object_from_pickle&gt; =&gt; &lt;str_to_bool&gt;$&apos; using options=({&apos;MultifileCollectionParser&apos;: {&apos;lazy_parsing&apos;: False}}) : caught 
  ConversionException : Converter $&lt;str_to_bool&gt;$ is not able to ingest source value &apos;5&apos; of type &apos;int&apos; and/or convert it to type &apos;int&apos;. This can happen in a chain when the previous step in the chain is generic and actually produced  an output of the wrong type/content
Rebuilding local parsing plan with next candidate parser: &lt;read_object_from_pickle&gt;
(B)                                                                                                               |--pickle-int-5=5.pyc -&gt; int ------- using &lt;read_object_from_pickle&gt;
DONE Rebuilding local parsing plan for [/home/travis/build/smarie/python-parsyfiles/parsyfiles/tests/parsing_capabilities_by_type/primitives_data/int/ok/pickle-int-5=5.pyc]. Resuming parsing...
Executing Parsing Plan for [/home/travis/build/smarie/python-parsyfiles/parsyfiles/tests/parsing_capabilities_by_type/primitives_data/int/ok/pickle-int-5=5]
(P) /home/travis/build/smarie/python-parsyfiles/parsyfiles/tests/parsing_capabilities_by_type/primitives_data/int/ok/pickle-int-5=5.pyc -&gt; int ------- using &lt;read_object_from_pickle&gt;
(P)                                                                                                               |--pickle-int-5=5.pyc -&gt; int SUCCESS !
Completed parsing successfully

5==5
</system-out></testcase><testcase classname="parsyfiles.tests.parsing_capabilities_by_type.test_parse_primitives" file="parsyfiles/tests/parsing_capabilities_by_type/test_parse_primitives.py" line="179" name="test_parse_by_type[int-ok-txt-float-0.0=0.txt]" time="0.035982370376586914"><system-out>**** Starting to parse single object of type &lt;int&gt; at location /home/travis/build/smarie/python-parsyfiles/parsyfiles/tests/parsing_capabilities_by_type/primitives_data/int/ok/txt-float-0.0=0 ****
Checking all files under [/home/travis/build/smarie/python-parsyfiles/parsyfiles/tests/parsing_capabilities_by_type/primitives_data/int/ok/txt-float-0.0=0]
(C) /home/travis/build/smarie/python-parsyfiles/parsyfiles/tests/parsing_capabilities_by_type/primitives_data/int/ok/txt-float-0.0=0 (singlefile, .txt)
File checks done

Building a parsing plan to parse [/home/travis/build/smarie/python-parsyfiles/parsyfiles/tests/parsing_capabilities_by_type/primitives_data/int/ok/txt-float-0.0=0] into a int
(B) /home/travis/build/smarie/python-parsyfiles/parsyfiles/tests/parsing_capabilities_by_type/primitives_data/int/ok/txt-float-0.0=0.txt -&gt; int ------- using [Try &apos;$&lt;read_str_from_txt&gt; =&gt; &lt;str_to_int&gt;$&apos; then &apos;$&lt;read_str_from_txt&gt; =&gt; &lt;base64_ascii_str_pickle_to_object&gt; -&gt; &lt;bool_to_int&gt;$&apos; then &apos;$&lt;read_str_from_txt&gt; =&gt; &lt;base64_ascii_str_pickle_to_object&gt; -&gt; &lt;float_to_int&gt;$&apos; then &apos;$&lt;read_str_from_txt&gt; =&gt; &lt;base64_ascii_str_pickle_to_object&gt; -&gt; &lt;str_to_int&gt;$&apos; then &apos;$&lt;read_str_from_txt&gt; =&gt; &lt;str_to_bool&gt;$&apos; then &apos;$&lt;read_str_from_txt&gt; =&gt; &lt;base64_ascii_str_pickle_to_object&gt; -&gt; &lt;float_to_bool&gt;$&apos; then &apos;$&lt;read_str_from_txt&gt; =&gt; &lt;base64_ascii_str_pickle_to_object&gt; -&gt; &lt;int_to_bool&gt;$&apos; then &apos;$&lt;read_str_from_txt&gt; =&gt; &lt;base64_ascii_str_pickle_to_object&gt; -&gt; &lt;str_to_bool&gt;$&apos; then &apos;$&lt;read_str_from_txt&gt; =&gt; &lt;base64_ascii_str_pickle_to_object&gt;$]&apos;]
(B)                                                                                                               |--txt-float-0.0=0.txt -&gt; int ------- using $&lt;read_str_from_txt&gt; =&gt; &lt;str_to_int&gt;$
Parsing Plan created successfully

Executing Parsing Plan for [/home/travis/build/smarie/python-parsyfiles/parsyfiles/tests/parsing_capabilities_by_type/primitives_data/int/ok/txt-float-0.0=0]
(P) /home/travis/build/smarie/python-parsyfiles/parsyfiles/tests/parsing_capabilities_by_type/primitives_data/int/ok/txt-float-0.0=0.txt -&gt; int ------- using $&lt;read_str_from_txt&gt; =&gt; &lt;str_to_int&gt;$
(P)                                                                                                               |--txt-float-0.0=0.txt -&gt; int SUCCESS !
Completed parsing successfully

0==0
</system-out></testcase><testcase classname="parsyfiles.tests.parsing_capabilities_by_type.test_parse_primitives" file="parsyfiles/tests/parsing_capabilities_by_type/test_parse_primitives.py" line="179" name="test_parse_by_type[int-ok-pickle-float-0.0=0.pyc]" time="0.0373995304107666"><system-out>**** Starting to parse single object of type &lt;int&gt; at location /home/travis/build/smarie/python-parsyfiles/parsyfiles/tests/parsing_capabilities_by_type/primitives_data/int/ok/pickle-float-0.0=0 ****
Checking all files under [/home/travis/build/smarie/python-parsyfiles/parsyfiles/tests/parsing_capabilities_by_type/primitives_data/int/ok/pickle-float-0.0=0]
(C) /home/travis/build/smarie/python-parsyfiles/parsyfiles/tests/parsing_capabilities_by_type/primitives_data/int/ok/pickle-float-0.0=0 (singlefile, .pyc)
File checks done

Building a parsing plan to parse [/home/travis/build/smarie/python-parsyfiles/parsyfiles/tests/parsing_capabilities_by_type/primitives_data/int/ok/pickle-float-0.0=0] into a int
(B) /home/travis/build/smarie/python-parsyfiles/parsyfiles/tests/parsing_capabilities_by_type/primitives_data/int/ok/pickle-float-0.0=0.pyc -&gt; int ------- using [Try &apos;$&lt;read_object_from_pickle&gt; =&gt; &lt;bool_to_int&gt;$&apos; then &apos;$&lt;read_object_from_pickle&gt; =&gt; &lt;float_to_int&gt;$&apos; then &apos;$&lt;read_object_from_pickle&gt; =&gt; &lt;str_to_int&gt;$&apos; then &apos;$&lt;read_object_from_pickle&gt; =&gt; &lt;float_to_bool&gt;$&apos; then &apos;$&lt;read_object_from_pickle&gt; =&gt; &lt;int_to_bool&gt;$&apos; then &apos;$&lt;read_object_from_pickle&gt; =&gt; &lt;str_to_bool&gt;$&apos; then &apos;&lt;read_object_from_pickle&gt;]&apos;]
(B)                                                                                                               |--pickle-float-0.0=0.pyc -&gt; int ------- using $&lt;read_object_from_pickle&gt; =&gt; &lt;bool_to_int&gt;$
Parsing Plan created successfully

Executing Parsing Plan for [/home/travis/build/smarie/python-parsyfiles/parsyfiles/tests/parsing_capabilities_by_type/primitives_data/int/ok/pickle-float-0.0=0]
(P) /home/travis/build/smarie/python-parsyfiles/parsyfiles/tests/parsing_capabilities_by_type/primitives_data/int/ok/pickle-float-0.0=0.pyc -&gt; int ------- using $&lt;read_object_from_pickle&gt; =&gt; &lt;bool_to_int&gt;$
  !! Caught error during execution !!
  File &quot;/home/travis/build/smarie/python-parsyfiles/parsyfiles/parsing_core.py&quot;, line 177, in _execute
    self.get_singlefile_encoding(), logger, options)
  File &quot;/home/travis/build/smarie/python-parsyfiles/parsyfiles/parsing_combining_parsers.py&quot;, line 552, in _parse_singlefile
    return self._converter.convert(desired_type, first, logger, options)
  File &quot;/home/travis/build/smarie/python-parsyfiles/parsyfiles/converting_core.py&quot;, line 321, in convert
    raise ConversionException.create_not_able_to_convert(source_obj, self, desired_type)
  ParsingException : Error while parsing /home/travis/build/smarie/python-parsyfiles/parsyfiles/tests/parsing_capabilities_by_type/primitives_data/int/ok/pickle-float-0.0=0 (singlefile, .pyc) as a int with parser &apos;$&lt;read_object_from_pickle&gt; =&gt; &lt;bool_to_int&gt;$&apos; using options=({&apos;MultifileCollectionParser&apos;: {&apos;lazy_parsing&apos;: False}}) : caught 
  ConversionException : Converter $&lt;bool_to_int&gt;$ is not able to ingest source value &apos;0.0&apos; of type &apos;float&apos; and/or convert it to type &apos;int&apos;. This can happen in a chain when the previous step in the chain is generic and actually produced  an output of the wrong type/content
Rebuilding local parsing plan with next candidate parser: $&lt;read_object_from_pickle&gt; =&gt; &lt;float_to_int&gt;$
(B)                                                                                                               |--pickle-float-0.0=0.pyc -&gt; int ------- using $&lt;read_object_from_pickle&gt; =&gt; &lt;float_to_int&gt;$
DONE Rebuilding local parsing plan for [/home/travis/build/smarie/python-parsyfiles/parsyfiles/tests/parsing_capabilities_by_type/primitives_data/int/ok/pickle-float-0.0=0.pyc]. Resuming parsing...
Executing Parsing Plan for [/home/travis/build/smarie/python-parsyfiles/parsyfiles/tests/parsing_capabilities_by_type/primitives_data/int/ok/pickle-float-0.0=0]
(P) /home/travis/build/smarie/python-parsyfiles/parsyfiles/tests/parsing_capabilities_by_type/primitives_data/int/ok/pickle-float-0.0=0.pyc -&gt; int ------- using $&lt;read_object_from_pickle&gt; =&gt; &lt;float_to_int&gt;$
(P)                                                                                                               |--pickle-float-0.0=0.pyc -&gt; int SUCCESS !
Completed parsing successfully

0==0
</system-out></testcase><testcase classname="parsyfiles.tests.parsing_capabilities_by_type.test_parse_primitives" file="parsyfiles/tests/parsing_capabilities_by_type/test_parse_primitives.py" line="179" name="test_parse_by_type[int-err-pickle-str-.pyc]" time="0.04754209518432617"><system-out>**** Starting to parse single object of type &lt;int&gt; at location /home/travis/build/smarie/python-parsyfiles/parsyfiles/tests/parsing_capabilities_by_type/primitives_data/int/err/pickle-str- ****
Checking all files under [/home/travis/build/smarie/python-parsyfiles/parsyfiles/tests/parsing_capabilities_by_type/primitives_data/int/err/pickle-str-]
(C) /home/travis/build/smarie/python-parsyfiles/parsyfiles/tests/parsing_capabilities_by_type/primitives_data/int/err/pickle-str- (singlefile, .pyc)
File checks done

Building a parsing plan to parse [/home/travis/build/smarie/python-parsyfiles/parsyfiles/tests/parsing_capabilities_by_type/primitives_data/int/err/pickle-str-] into a int
(B) /home/travis/build/smarie/python-parsyfiles/parsyfiles/tests/parsing_capabilities_by_type/primitives_data/int/err/pickle-str-.pyc -&gt; int ------- using [Try &apos;$&lt;read_object_from_pickle&gt; =&gt; &lt;bool_to_int&gt;$&apos; then &apos;$&lt;read_object_from_pickle&gt; =&gt; &lt;float_to_int&gt;$&apos; then &apos;$&lt;read_object_from_pickle&gt; =&gt; &lt;str_to_int&gt;$&apos; then &apos;$&lt;read_object_from_pickle&gt; =&gt; &lt;float_to_bool&gt;$&apos; then &apos;$&lt;read_object_from_pickle&gt; =&gt; &lt;int_to_bool&gt;$&apos; then &apos;$&lt;read_object_from_pickle&gt; =&gt; &lt;str_to_bool&gt;$&apos; then &apos;&lt;read_object_from_pickle&gt;]&apos;]
(B)                                                                                                                |--pickle-str-.pyc -&gt; int ------- using $&lt;read_object_from_pickle&gt; =&gt; &lt;bool_to_int&gt;$
Parsing Plan created successfully

Executing Parsing Plan for [/home/travis/build/smarie/python-parsyfiles/parsyfiles/tests/parsing_capabilities_by_type/primitives_data/int/err/pickle-str-]
(P) /home/travis/build/smarie/python-parsyfiles/parsyfiles/tests/parsing_capabilities_by_type/primitives_data/int/err/pickle-str-.pyc -&gt; int ------- using $&lt;read_object_from_pickle&gt; =&gt; &lt;bool_to_int&gt;$
  !! Caught error during execution !!
  File &quot;/home/travis/build/smarie/python-parsyfiles/parsyfiles/parsing_core.py&quot;, line 177, in _execute
    self.get_singlefile_encoding(), logger, options)
  File &quot;/home/travis/build/smarie/python-parsyfiles/parsyfiles/parsing_combining_parsers.py&quot;, line 552, in _parse_singlefile
    return self._converter.convert(desired_type, first, logger, options)
  File &quot;/home/travis/build/smarie/python-parsyfiles/parsyfiles/converting_core.py&quot;, line 321, in convert
    raise ConversionException.create_not_able_to_convert(source_obj, self, desired_type)
  ParsingException : Error while parsing /home/travis/build/smarie/python-parsyfiles/parsyfiles/tests/parsing_capabilities_by_type/primitives_data/int/err/pickle-str- (singlefile, .pyc) as a int with parser &apos;$&lt;read_object_from_pickle&gt; =&gt; &lt;bool_to_int&gt;$&apos; using options=({&apos;MultifileCollectionParser&apos;: {&apos;lazy_parsing&apos;: False}}) : caught 
  ConversionException : Converter $&lt;bool_to_int&gt;$ is not able to ingest source value &apos;&apos; of type &apos;str&apos; and/or convert it to type &apos;int&apos;. This can happen in a chain when the previous step in the chain is generic and actually produced  an output of the wrong type/content
Rebuilding local parsing plan with next candidate parser: $&lt;read_object_from_pickle&gt; =&gt; &lt;float_to_int&gt;$
(B)                                                                                                                |--pickle-str-.pyc -&gt; int ------- using $&lt;read_object_from_pickle&gt; =&gt; &lt;float_to_int&gt;$
DONE Rebuilding local parsing plan for [/home/travis/build/smarie/python-parsyfiles/parsyfiles/tests/parsing_capabilities_by_type/primitives_data/int/err/pickle-str-.pyc]. Resuming parsing...
Executing Parsing Plan for [/home/travis/build/smarie/python-parsyfiles/parsyfiles/tests/parsing_capabilities_by_type/primitives_data/int/err/pickle-str-]
(P) /home/travis/build/smarie/python-parsyfiles/parsyfiles/tests/parsing_capabilities_by_type/primitives_data/int/err/pickle-str-.pyc -&gt; int ------- using $&lt;read_object_from_pickle&gt; =&gt; &lt;float_to_int&gt;$
  !! Caught error during execution !!
  File &quot;/home/travis/build/smarie/python-parsyfiles/parsyfiles/parsing_core.py&quot;, line 177, in _execute
    self.get_singlefile_encoding(), logger, options)
  File &quot;/home/travis/build/smarie/python-parsyfiles/parsyfiles/parsing_combining_parsers.py&quot;, line 552, in _parse_singlefile
    return self._converter.convert(desired_type, first, logger, options)
  File &quot;/home/travis/build/smarie/python-parsyfiles/parsyfiles/converting_core.py&quot;, line 321, in convert
    raise ConversionException.create_not_able_to_convert(source_obj, self, desired_type)
  ParsingException : Error while parsing /home/travis/build/smarie/python-parsyfiles/parsyfiles/tests/parsing_capabilities_by_type/primitives_data/int/err/pickle-str- (singlefile, .pyc) as a int with parser &apos;$&lt;read_object_from_pickle&gt; =&gt; &lt;float_to_int&gt;$&apos; using options=({&apos;MultifileCollectionParser&apos;: {&apos;lazy_parsing&apos;: False}}) : caught 
  ConversionException : Converter $&lt;float_to_int&gt;$ is not able to ingest source value &apos;&apos; of type &apos;str&apos; and/or convert it to type &apos;int&apos;. This can happen in a chain when the previous step in the chain is generic and actually produced  an output of the wrong type/content
Rebuilding local parsing plan with next candidate parser: $&lt;read_object_from_pickle&gt; =&gt; &lt;str_to_int&gt;$
(B)                                                                                                                |--pickle-str-.pyc -&gt; int ------- using $&lt;read_object_from_pickle&gt; =&gt; &lt;str_to_int&gt;$
DONE Rebuilding local parsing plan for [/home/travis/build/smarie/python-parsyfiles/parsyfiles/tests/parsing_capabilities_by_type/primitives_data/int/err/pickle-str-.pyc]. Resuming parsing...
Executing Parsing Plan for [/home/travis/build/smarie/python-parsyfiles/parsyfiles/tests/parsing_capabilities_by_type/primitives_data/int/err/pickle-str-]
(P) /home/travis/build/smarie/python-parsyfiles/parsyfiles/tests/parsing_capabilities_by_type/primitives_data/int/err/pickle-str-.pyc -&gt; int ------- using $&lt;read_object_from_pickle&gt; =&gt; &lt;str_to_int&gt;$
  !! Caught error during execution !!
  File &quot;/home/travis/build/smarie/python-parsyfiles/parsyfiles/plugins_base/support_for_primitive_types.py&quot;, line 37, in primitive_to_int
    source = literal_eval(source)
  File &quot;/opt/python/3.5.5/lib/python3.5/ast.py&quot;, line 46, in literal_eval
    node_or_string = parse(node_or_string, mode=&apos;eval&apos;)
  File &quot;/opt/python/3.5.5/lib/python3.5/ast.py&quot;, line 35, in parse
    return compile(source, filename, mode, PyCF_ONLY_AST)
  ParsingException : Error while parsing /home/travis/build/smarie/python-parsyfiles/parsyfiles/tests/parsing_capabilities_by_type/primitives_data/int/err/pickle-str- (singlefile, .pyc) as a int with parser &apos;$&lt;read_object_from_pickle&gt; =&gt; &lt;str_to_int&gt;$&apos; using options=({&apos;MultifileCollectionParser&apos;: {&apos;lazy_parsing&apos;: False}}) : caught 
  SyntaxError : unexpected EOF while parsing (&lt;unknown&gt;, line 0)
Rebuilding local parsing plan with next candidate parser: $&lt;read_object_from_pickle&gt; =&gt; &lt;float_to_bool&gt;$
(B)                                                                                                                |--pickle-str-.pyc -&gt; int ------- using $&lt;read_object_from_pickle&gt; =&gt; &lt;float_to_bool&gt;$
DONE Rebuilding local parsing plan for [/home/travis/build/smarie/python-parsyfiles/parsyfiles/tests/parsing_capabilities_by_type/primitives_data/int/err/pickle-str-.pyc]. Resuming parsing...
Executing Parsing Plan for [/home/travis/build/smarie/python-parsyfiles/parsyfiles/tests/parsing_capabilities_by_type/primitives_data/int/err/pickle-str-]
(P) /home/travis/build/smarie/python-parsyfiles/parsyfiles/tests/parsing_capabilities_by_type/primitives_data/int/err/pickle-str-.pyc -&gt; int ------- using $&lt;read_object_from_pickle&gt; =&gt; &lt;float_to_bool&gt;$
  !! Caught error during execution !!
  File &quot;/home/travis/build/smarie/python-parsyfiles/parsyfiles/parsing_core.py&quot;, line 177, in _execute
    self.get_singlefile_encoding(), logger, options)
  File &quot;/home/travis/build/smarie/python-parsyfiles/parsyfiles/parsing_combining_parsers.py&quot;, line 552, in _parse_singlefile
    return self._converter.convert(desired_type, first, logger, options)
  File &quot;/home/travis/build/smarie/python-parsyfiles/parsyfiles/converting_core.py&quot;, line 321, in convert
    raise ConversionException.create_not_able_to_convert(source_obj, self, desired_type)
  ParsingException : Error while parsing /home/travis/build/smarie/python-parsyfiles/parsyfiles/tests/parsing_capabilities_by_type/primitives_data/int/err/pickle-str- (singlefile, .pyc) as a int with parser &apos;$&lt;read_object_from_pickle&gt; =&gt; &lt;float_to_bool&gt;$&apos; using options=({&apos;MultifileCollectionParser&apos;: {&apos;lazy_parsing&apos;: False}}) : caught 
  ConversionException : Converter $&lt;float_to_bool&gt;$ is not able to ingest source value &apos;&apos; of type &apos;str&apos; and/or convert it to type &apos;int&apos;. This can happen in a chain when the previous step in the chain is generic and actually produced  an output of the wrong type/content
Rebuilding local parsing plan with next candidate parser: $&lt;read_object_from_pickle&gt; =&gt; &lt;int_to_bool&gt;$
(B)                                                                                                                |--pickle-str-.pyc -&gt; int ------- using $&lt;read_object_from_pickle&gt; =&gt; &lt;int_to_bool&gt;$
DONE Rebuilding local parsing plan for [/home/travis/build/smarie/python-parsyfiles/parsyfiles/tests/parsing_capabilities_by_type/primitives_data/int/err/pickle-str-.pyc]. Resuming parsing...
Executing Parsing Plan for [/home/travis/build/smarie/python-parsyfiles/parsyfiles/tests/parsing_capabilities_by_type/primitives_data/int/err/pickle-str-]
(P) /home/travis/build/smarie/python-parsyfiles/parsyfiles/tests/parsing_capabilities_by_type/primitives_data/int/err/pickle-str-.pyc -&gt; int ------- using $&lt;read_object_from_pickle&gt; =&gt; &lt;int_to_bool&gt;$
  !! Caught error during execution !!
  File &quot;/home/travis/build/smarie/python-parsyfiles/parsyfiles/parsing_core.py&quot;, line 177, in _execute
    self.get_singlefile_encoding(), logger, options)
  File &quot;/home/travis/build/smarie/python-parsyfiles/parsyfiles/parsing_combining_parsers.py&quot;, line 552, in _parse_singlefile
    return self._converter.convert(desired_type, first, logger, options)
  File &quot;/home/travis/build/smarie/python-parsyfiles/parsyfiles/converting_core.py&quot;, line 321, in convert
    raise ConversionException.create_not_able_to_convert(source_obj, self, desired_type)
  ParsingException : Error while parsing /home/travis/build/smarie/python-parsyfiles/parsyfiles/tests/parsing_capabilities_by_type/primitives_data/int/err/pickle-str- (singlefile, .pyc) as a int with parser &apos;$&lt;read_object_from_pickle&gt; =&gt; &lt;int_to_bool&gt;$&apos; using options=({&apos;MultifileCollectionParser&apos;: {&apos;lazy_parsing&apos;: False}}) : caught 
  ConversionException : Converter $&lt;int_to_bool&gt;$ is not able to ingest source value &apos;&apos; of type &apos;str&apos; and/or convert it to type &apos;int&apos;. This can happen in a chain when the previous step in the chain is generic and actually produced  an output of the wrong type/content
Rebuilding local parsing plan with next candidate parser: $&lt;read_object_from_pickle&gt; =&gt; &lt;str_to_bool&gt;$
(B)                                                                                                                |--pickle-str-.pyc -&gt; int ------- using $&lt;read_object_from_pickle&gt; =&gt; &lt;str_to_bool&gt;$
DONE Rebuilding local parsing plan for [/home/travis/build/smarie/python-parsyfiles/parsyfiles/tests/parsing_capabilities_by_type/primitives_data/int/err/pickle-str-.pyc]. Resuming parsing...
Executing Parsing Plan for [/home/travis/build/smarie/python-parsyfiles/parsyfiles/tests/parsing_capabilities_by_type/primitives_data/int/err/pickle-str-]
(P) /home/travis/build/smarie/python-parsyfiles/parsyfiles/tests/parsing_capabilities_by_type/primitives_data/int/err/pickle-str-.pyc -&gt; int ------- using $&lt;read_object_from_pickle&gt; =&gt; &lt;str_to_bool&gt;$
  !! Caught error during execution !!
  File &quot;/home/travis/build/smarie/python-parsyfiles/parsyfiles/converting_core.py&quot;, line 524, in _convert
    return self.conversion_method(desired_type, source_obj, logger, **opts)
  File &quot;/home/travis/build/smarie/python-parsyfiles/parsyfiles/plugins_base/support_for_primitive_types.py&quot;, line 84, in primitive_to_bool
    return bool(strtobool(source))
  File &quot;/opt/python/3.5.5/lib/python3.5/distutils/util.py&quot;, line 317, in strtobool
    raise ValueError(&quot;invalid truth value %r&quot; % (val,))
  ParsingException : Error while parsing /home/travis/build/smarie/python-parsyfiles/parsyfiles/tests/parsing_capabilities_by_type/primitives_data/int/err/pickle-str- (singlefile, .pyc) as a int with parser &apos;$&lt;read_object_from_pickle&gt; =&gt; &lt;str_to_bool&gt;$&apos; using options=({&apos;MultifileCollectionParser&apos;: {&apos;lazy_parsing&apos;: False}}) : caught 
  ValueError : invalid truth value &apos;&apos;
Rebuilding local parsing plan with next candidate parser: &lt;read_object_from_pickle&gt;
(B)                                                                                                                |--pickle-str-.pyc -&gt; int ------- using &lt;read_object_from_pickle&gt;
DONE Rebuilding local parsing plan for [/home/travis/build/smarie/python-parsyfiles/parsyfiles/tests/parsing_capabilities_by_type/primitives_data/int/err/pickle-str-.pyc]. Resuming parsing...
Executing Parsing Plan for [/home/travis/build/smarie/python-parsyfiles/parsyfiles/tests/parsing_capabilities_by_type/primitives_data/int/err/pickle-str-]
(P) /home/travis/build/smarie/python-parsyfiles/parsyfiles/tests/parsing_capabilities_by_type/primitives_data/int/err/pickle-str-.pyc -&gt; int ------- using &lt;read_object_from_pickle&gt;
  !! Caught error during execution !!
  File &quot;/home/travis/build/smarie/python-parsyfiles/parsyfiles/parsing_combining_parsers.py&quot;, line 31, in execute
    return self.pp.execute(logger, options)
  File &quot;/home/travis/build/smarie/python-parsyfiles/parsyfiles/parsing_core.py&quot;, line 139, in execute
    res = super(_BaseParsingPlan, self).execute(logger, options)
  File &quot;/home/travis/build/smarie/python-parsyfiles/parsyfiles/parsing_core_api.py&quot;, line 427, in execute
    res, options)
  ParsingException : Error while parsing /home/travis/build/smarie/python-parsyfiles/parsyfiles/tests/parsing_capabilities_by_type/primitives_data/int/err/pickle-str- (singlefile, .pyc) as a &lt;class &apos;int&apos;&gt; with parser &apos;&lt;read_object_from_pickle&gt;&apos; using options=({&apos;MultifileCollectionParser&apos;: {&apos;lazy_parsing&apos;: False}}) : 
      parser returned  of type &lt;class &apos;str&apos;&gt; which is not an instance of &lt;class &apos;int&apos;&gt;
</system-out></testcase><testcase classname="parsyfiles.tests.parsing_capabilities_by_type.test_parse_primitives" file="parsyfiles/tests/parsing_capabilities_by_type/test_parse_primitives.py" line="179" name="test_parse_by_type[int-err-pickle-str-truth.pyc]" time="0.05318617820739746"><system-out>**** Starting to parse single object of type &lt;int&gt; at location /home/travis/build/smarie/python-parsyfiles/parsyfiles/tests/parsing_capabilities_by_type/primitives_data/int/err/pickle-str-truth ****
Checking all files under [/home/travis/build/smarie/python-parsyfiles/parsyfiles/tests/parsing_capabilities_by_type/primitives_data/int/err/pickle-str-truth]
(C) /home/travis/build/smarie/python-parsyfiles/parsyfiles/tests/parsing_capabilities_by_type/primitives_data/int/err/pickle-str-truth (singlefile, .pyc)
File checks done

Building a parsing plan to parse [/home/travis/build/smarie/python-parsyfiles/parsyfiles/tests/parsing_capabilities_by_type/primitives_data/int/err/pickle-str-truth] into a int
(B) /home/travis/build/smarie/python-parsyfiles/parsyfiles/tests/parsing_capabilities_by_type/primitives_data/int/err/pickle-str-truth.pyc -&gt; int ------- using [Try &apos;$&lt;read_object_from_pickle&gt; =&gt; &lt;bool_to_int&gt;$&apos; then &apos;$&lt;read_object_from_pickle&gt; =&gt; &lt;float_to_int&gt;$&apos; then &apos;$&lt;read_object_from_pickle&gt; =&gt; &lt;str_to_int&gt;$&apos; then &apos;$&lt;read_object_from_pickle&gt; =&gt; &lt;float_to_bool&gt;$&apos; then &apos;$&lt;read_object_from_pickle&gt; =&gt; &lt;int_to_bool&gt;$&apos; then &apos;$&lt;read_object_from_pickle&gt; =&gt; &lt;str_to_bool&gt;$&apos; then &apos;&lt;read_object_from_pickle&gt;]&apos;]
(B)                                                                                                                |--pickle-str-truth.pyc -&gt; int ------- using $&lt;read_object_from_pickle&gt; =&gt; &lt;bool_to_int&gt;$
Parsing Plan created successfully

Executing Parsing Plan for [/home/travis/build/smarie/python-parsyfiles/parsyfiles/tests/parsing_capabilities_by_type/primitives_data/int/err/pickle-str-truth]
(P) /home/travis/build/smarie/python-parsyfiles/parsyfiles/tests/parsing_capabilities_by_type/primitives_data/int/err/pickle-str-truth.pyc -&gt; int ------- using $&lt;read_object_from_pickle&gt; =&gt; &lt;bool_to_int&gt;$
  !! Caught error during execution !!
  File &quot;/home/travis/build/smarie/python-parsyfiles/parsyfiles/parsing_core.py&quot;, line 177, in _execute
    self.get_singlefile_encoding(), logger, options)
  File &quot;/home/travis/build/smarie/python-parsyfiles/parsyfiles/parsing_combining_parsers.py&quot;, line 552, in _parse_singlefile
    return self._converter.convert(desired_type, first, logger, options)
  File &quot;/home/travis/build/smarie/python-parsyfiles/parsyfiles/converting_core.py&quot;, line 321, in convert
    raise ConversionException.create_not_able_to_convert(source_obj, self, desired_type)
  ParsingException : Error while parsing /home/travis/build/smarie/python-parsyfiles/parsyfiles/tests/parsing_capabilities_by_type/primitives_data/int/err/pickle-str-truth (singlefile, .pyc) as a int with parser &apos;$&lt;read_object_from_pickle&gt; =&gt; &lt;bool_to_int&gt;$&apos; using options=({&apos;MultifileCollectionParser&apos;: {&apos;lazy_parsing&apos;: False}}) : caught 
  ConversionException : Converter $&lt;bool_to_int&gt;$ is not able to ingest source value &apos;truth&apos; of type &apos;str&apos; and/or convert it to type &apos;int&apos;. This can happen in a chain when the previous step in the chain is generic and actually produced  an output of the wrong type/content
Rebuilding local parsing plan with next candidate parser: $&lt;read_object_from_pickle&gt; =&gt; &lt;float_to_int&gt;$
(B)                                                                                                                |--pickle-str-truth.pyc -&gt; int ------- using $&lt;read_object_from_pickle&gt; =&gt; &lt;float_to_int&gt;$
DONE Rebuilding local parsing plan for [/home/travis/build/smarie/python-parsyfiles/parsyfiles/tests/parsing_capabilities_by_type/primitives_data/int/err/pickle-str-truth.pyc]. Resuming parsing...
Executing Parsing Plan for [/home/travis/build/smarie/python-parsyfiles/parsyfiles/tests/parsing_capabilities_by_type/primitives_data/int/err/pickle-str-truth]
(P) /home/travis/build/smarie/python-parsyfiles/parsyfiles/tests/parsing_capabilities_by_type/primitives_data/int/err/pickle-str-truth.pyc -&gt; int ------- using $&lt;read_object_from_pickle&gt; =&gt; &lt;float_to_int&gt;$
  !! Caught error during execution !!
  File &quot;/home/travis/build/smarie/python-parsyfiles/parsyfiles/parsing_core.py&quot;, line 177, in _execute
    self.get_singlefile_encoding(), logger, options)
  File &quot;/home/travis/build/smarie/python-parsyfiles/parsyfiles/parsing_combining_parsers.py&quot;, line 552, in _parse_singlefile
    return self._converter.convert(desired_type, first, logger, options)
  File &quot;/home/travis/build/smarie/python-parsyfiles/parsyfiles/converting_core.py&quot;, line 321, in convert
    raise ConversionException.create_not_able_to_convert(source_obj, self, desired_type)
  ParsingException : Error while parsing /home/travis/build/smarie/python-parsyfiles/parsyfiles/tests/parsing_capabilities_by_type/primitives_data/int/err/pickle-str-truth (singlefile, .pyc) as a int with parser &apos;$&lt;read_object_from_pickle&gt; =&gt; &lt;float_to_int&gt;$&apos; using options=({&apos;MultifileCollectionParser&apos;: {&apos;lazy_parsing&apos;: False}}) : caught 
  ConversionException : Converter $&lt;float_to_int&gt;$ is not able to ingest source value &apos;truth&apos; of type &apos;str&apos; and/or convert it to type &apos;int&apos;. This can happen in a chain when the previous step in the chain is generic and actually produced  an output of the wrong type/content
Rebuilding local parsing plan with next candidate parser: $&lt;read_object_from_pickle&gt; =&gt; &lt;str_to_int&gt;$
(B)                                                                                                                |--pickle-str-truth.pyc -&gt; int ------- using $&lt;read_object_from_pickle&gt; =&gt; &lt;str_to_int&gt;$
DONE Rebuilding local parsing plan for [/home/travis/build/smarie/python-parsyfiles/parsyfiles/tests/parsing_capabilities_by_type/primitives_data/int/err/pickle-str-truth.pyc]. Resuming parsing...
Executing Parsing Plan for [/home/travis/build/smarie/python-parsyfiles/parsyfiles/tests/parsing_capabilities_by_type/primitives_data/int/err/pickle-str-truth]
(P) /home/travis/build/smarie/python-parsyfiles/parsyfiles/tests/parsing_capabilities_by_type/primitives_data/int/err/pickle-str-truth.pyc -&gt; int ------- using $&lt;read_object_from_pickle&gt; =&gt; &lt;str_to_int&gt;$
  !! Caught error during execution !!
  File &quot;/home/travis/build/smarie/python-parsyfiles/parsyfiles/plugins_base/support_for_primitive_types.py&quot;, line 37, in primitive_to_int
    source = literal_eval(source)
  File &quot;/opt/python/3.5.5/lib/python3.5/ast.py&quot;, line 84, in literal_eval
    return _convert(node_or_string)
  File &quot;/opt/python/3.5.5/lib/python3.5/ast.py&quot;, line 83, in _convert
    raise ValueError(&apos;malformed node or string: &apos; + repr(node))
  ParsingException : Error while parsing /home/travis/build/smarie/python-parsyfiles/parsyfiles/tests/parsing_capabilities_by_type/primitives_data/int/err/pickle-str-truth (singlefile, .pyc) as a int with parser &apos;$&lt;read_object_from_pickle&gt; =&gt; &lt;str_to_int&gt;$&apos; using options=({&apos;MultifileCollectionParser&apos;: {&apos;lazy_parsing&apos;: False}}) : caught 
  ValueError : malformed node or string: &lt;_ast.Name object at 0x7fab06eb42e8&gt;
Rebuilding local parsing plan with next candidate parser: $&lt;read_object_from_pickle&gt; =&gt; &lt;float_to_bool&gt;$
(B)                                                                                                                |--pickle-str-truth.pyc -&gt; int ------- using $&lt;read_object_from_pickle&gt; =&gt; &lt;float_to_bool&gt;$
DONE Rebuilding local parsing plan for [/home/travis/build/smarie/python-parsyfiles/parsyfiles/tests/parsing_capabilities_by_type/primitives_data/int/err/pickle-str-truth.pyc]. Resuming parsing...
Executing Parsing Plan for [/home/travis/build/smarie/python-parsyfiles/parsyfiles/tests/parsing_capabilities_by_type/primitives_data/int/err/pickle-str-truth]
(P) /home/travis/build/smarie/python-parsyfiles/parsyfiles/tests/parsing_capabilities_by_type/primitives_data/int/err/pickle-str-truth.pyc -&gt; int ------- using $&lt;read_object_from_pickle&gt; =&gt; &lt;float_to_bool&gt;$
  !! Caught error during execution !!
  File &quot;/home/travis/build/smarie/python-parsyfiles/parsyfiles/parsing_core.py&quot;, line 177, in _execute
    self.get_singlefile_encoding(), logger, options)
  File &quot;/home/travis/build/smarie/python-parsyfiles/parsyfiles/parsing_combining_parsers.py&quot;, line 552, in _parse_singlefile
    return self._converter.convert(desired_type, first, logger, options)
  File &quot;/home/travis/build/smarie/python-parsyfiles/parsyfiles/converting_core.py&quot;, line 321, in convert
    raise ConversionException.create_not_able_to_convert(source_obj, self, desired_type)
  ParsingException : Error while parsing /home/travis/build/smarie/python-parsyfiles/parsyfiles/tests/parsing_capabilities_by_type/primitives_data/int/err/pickle-str-truth (singlefile, .pyc) as a int with parser &apos;$&lt;read_object_from_pickle&gt; =&gt; &lt;float_to_bool&gt;$&apos; using options=({&apos;MultifileCollectionParser&apos;: {&apos;lazy_parsing&apos;: False}}) : caught 
  ConversionException : Converter $&lt;float_to_bool&gt;$ is not able to ingest source value &apos;truth&apos; of type &apos;str&apos; and/or convert it to type &apos;int&apos;. This can happen in a chain when the previous step in the chain is generic and actually produced  an output of the wrong type/content
Rebuilding local parsing plan with next candidate parser: $&lt;read_object_from_pickle&gt; =&gt; &lt;int_to_bool&gt;$
(B)                                                                                                                |--pickle-str-truth.pyc -&gt; int ------- using $&lt;read_object_from_pickle&gt; =&gt; &lt;int_to_bool&gt;$
DONE Rebuilding local parsing plan for [/home/travis/build/smarie/python-parsyfiles/parsyfiles/tests/parsing_capabilities_by_type/primitives_data/int/err/pickle-str-truth.pyc]. Resuming parsing...
Executing Parsing Plan for [/home/travis/build/smarie/python-parsyfiles/parsyfiles/tests/parsing_capabilities_by_type/primitives_data/int/err/pickle-str-truth]
(P) /home/travis/build/smarie/python-parsyfiles/parsyfiles/tests/parsing_capabilities_by_type/primitives_data/int/err/pickle-str-truth.pyc -&gt; int ------- using $&lt;read_object_from_pickle&gt; =&gt; &lt;int_to_bool&gt;$
  !! Caught error during execution !!
  File &quot;/home/travis/build/smarie/python-parsyfiles/parsyfiles/parsing_core.py&quot;, line 177, in _execute
    self.get_singlefile_encoding(), logger, options)
  File &quot;/home/travis/build/smarie/python-parsyfiles/parsyfiles/parsing_combining_parsers.py&quot;, line 552, in _parse_singlefile
    return self._converter.convert(desired_type, first, logger, options)
  File &quot;/home/travis/build/smarie/python-parsyfiles/parsyfiles/converting_core.py&quot;, line 321, in convert
    raise ConversionException.create_not_able_to_convert(source_obj, self, desired_type)
  ParsingException : Error while parsing /home/travis/build/smarie/python-parsyfiles/parsyfiles/tests/parsing_capabilities_by_type/primitives_data/int/err/pickle-str-truth (singlefile, .pyc) as a int with parser &apos;$&lt;read_object_from_pickle&gt; =&gt; &lt;int_to_bool&gt;$&apos; using options=({&apos;MultifileCollectionParser&apos;: {&apos;lazy_parsing&apos;: False}}) : caught 
  ConversionException : Converter $&lt;int_to_bool&gt;$ is not able to ingest source value &apos;truth&apos; of type &apos;str&apos; and/or convert it to type &apos;int&apos;. This can happen in a chain when the previous step in the chain is generic and actually produced  an output of the wrong type/content
Rebuilding local parsing plan with next candidate parser: $&lt;read_object_from_pickle&gt; =&gt; &lt;str_to_bool&gt;$
(B)                                                                                                                |--pickle-str-truth.pyc -&gt; int ------- using $&lt;read_object_from_pickle&gt; =&gt; &lt;str_to_bool&gt;$
DONE Rebuilding local parsing plan for [/home/travis/build/smarie/python-parsyfiles/parsyfiles/tests/parsing_capabilities_by_type/primitives_data/int/err/pickle-str-truth.pyc]. Resuming parsing...
Executing Parsing Plan for [/home/travis/build/smarie/python-parsyfiles/parsyfiles/tests/parsing_capabilities_by_type/primitives_data/int/err/pickle-str-truth]
(P) /home/travis/build/smarie/python-parsyfiles/parsyfiles/tests/parsing_capabilities_by_type/primitives_data/int/err/pickle-str-truth.pyc -&gt; int ------- using $&lt;read_object_from_pickle&gt; =&gt; &lt;str_to_bool&gt;$
  !! Caught error during execution !!
  File &quot;/home/travis/build/smarie/python-parsyfiles/parsyfiles/converting_core.py&quot;, line 524, in _convert
    return self.conversion_method(desired_type, source_obj, logger, **opts)
  File &quot;/home/travis/build/smarie/python-parsyfiles/parsyfiles/plugins_base/support_for_primitive_types.py&quot;, line 84, in primitive_to_bool
    return bool(strtobool(source))
  File &quot;/opt/python/3.5.5/lib/python3.5/distutils/util.py&quot;, line 317, in strtobool
    raise ValueError(&quot;invalid truth value %r&quot; % (val,))
  ParsingException : Error while parsing /home/travis/build/smarie/python-parsyfiles/parsyfiles/tests/parsing_capabilities_by_type/primitives_data/int/err/pickle-str-truth (singlefile, .pyc) as a int with parser &apos;$&lt;read_object_from_pickle&gt; =&gt; &lt;str_to_bool&gt;$&apos; using options=({&apos;MultifileCollectionParser&apos;: {&apos;lazy_parsing&apos;: False}}) : caught 
  ValueError : invalid truth value &apos;truth&apos;
Rebuilding local parsing plan with next candidate parser: &lt;read_object_from_pickle&gt;
(B)                                                                                                                |--pickle-str-truth.pyc -&gt; int ------- using &lt;read_object_from_pickle&gt;
DONE Rebuilding local parsing plan for [/home/travis/build/smarie/python-parsyfiles/parsyfiles/tests/parsing_capabilities_by_type/primitives_data/int/err/pickle-str-truth.pyc]. Resuming parsing...
Executing Parsing Plan for [/home/travis/build/smarie/python-parsyfiles/parsyfiles/tests/parsing_capabilities_by_type/primitives_data/int/err/pickle-str-truth]
(P) /home/travis/build/smarie/python-parsyfiles/parsyfiles/tests/parsing_capabilities_by_type/primitives_data/int/err/pickle-str-truth.pyc -&gt; int ------- using &lt;read_object_from_pickle&gt;
  !! Caught error during execution !!
  File &quot;/home/travis/build/smarie/python-parsyfiles/parsyfiles/parsing_combining_parsers.py&quot;, line 31, in execute
    return self.pp.execute(logger, options)
  File &quot;/home/travis/build/smarie/python-parsyfiles/parsyfiles/parsing_core.py&quot;, line 139, in execute
    res = super(_BaseParsingPlan, self).execute(logger, options)
  File &quot;/home/travis/build/smarie/python-parsyfiles/parsyfiles/parsing_core_api.py&quot;, line 427, in execute
    res, options)
  ParsingException : Error while parsing /home/travis/build/smarie/python-parsyfiles/parsyfiles/tests/parsing_capabilities_by_type/primitives_data/int/err/pickle-str-truth (singlefile, .pyc) as a &lt;class &apos;int&apos;&gt; with parser &apos;&lt;read_object_from_pickle&gt;&apos; using options=({&apos;MultifileCollectionParser&apos;: {&apos;lazy_parsing&apos;: False}}) : 
      parser returned truth of type &lt;class &apos;str&apos;&gt; which is not an instance of &lt;class &apos;int&apos;&gt;
</system-out></testcase><testcase classname="parsyfiles.tests.parsing_capabilities_by_type.test_parse_primitives" file="parsyfiles/tests/parsing_capabilities_by_type/test_parse_primitives.py" line="179" name="test_parse_by_type[int-err-txt-str-.txt]" time="0.05221366882324219"><system-out>**** Starting to parse single object of type &lt;int&gt; at location /home/travis/build/smarie/python-parsyfiles/parsyfiles/tests/parsing_capabilities_by_type/primitives_data/int/err/txt-str- ****
Checking all files under [/home/travis/build/smarie/python-parsyfiles/parsyfiles/tests/parsing_capabilities_by_type/primitives_data/int/err/txt-str-]
(C) /home/travis/build/smarie/python-parsyfiles/parsyfiles/tests/parsing_capabilities_by_type/primitives_data/int/err/txt-str- (singlefile, .txt)
File checks done

Building a parsing plan to parse [/home/travis/build/smarie/python-parsyfiles/parsyfiles/tests/parsing_capabilities_by_type/primitives_data/int/err/txt-str-] into a int
(B) /home/travis/build/smarie/python-parsyfiles/parsyfiles/tests/parsing_capabilities_by_type/primitives_data/int/err/txt-str-.txt -&gt; int ------- using [Try &apos;$&lt;read_str_from_txt&gt; =&gt; &lt;str_to_int&gt;$&apos; then &apos;$&lt;read_str_from_txt&gt; =&gt; &lt;base64_ascii_str_pickle_to_object&gt; -&gt; &lt;bool_to_int&gt;$&apos; then &apos;$&lt;read_str_from_txt&gt; =&gt; &lt;base64_ascii_str_pickle_to_object&gt; -&gt; &lt;float_to_int&gt;$&apos; then &apos;$&lt;read_str_from_txt&gt; =&gt; &lt;base64_ascii_str_pickle_to_object&gt; -&gt; &lt;str_to_int&gt;$&apos; then &apos;$&lt;read_str_from_txt&gt; =&gt; &lt;str_to_bool&gt;$&apos; then &apos;$&lt;read_str_from_txt&gt; =&gt; &lt;base64_ascii_str_pickle_to_object&gt; -&gt; &lt;float_to_bool&gt;$&apos; then &apos;$&lt;read_str_from_txt&gt; =&gt; &lt;base64_ascii_str_pickle_to_object&gt; -&gt; &lt;int_to_bool&gt;$&apos; then &apos;$&lt;read_str_from_txt&gt; =&gt; &lt;base64_ascii_str_pickle_to_object&gt; -&gt; &lt;str_to_bool&gt;$&apos; then &apos;$&lt;read_str_from_txt&gt; =&gt; &lt;base64_ascii_str_pickle_to_object&gt;$]&apos;]
(B)                                                                                                                |--txt-str-.txt -&gt; int ------- using $&lt;read_str_from_txt&gt; =&gt; &lt;str_to_int&gt;$
Parsing Plan created successfully

Executing Parsing Plan for [/home/travis/build/smarie/python-parsyfiles/parsyfiles/tests/parsing_capabilities_by_type/primitives_data/int/err/txt-str-]
(P) /home/travis/build/smarie/python-parsyfiles/parsyfiles/tests/parsing_capabilities_by_type/primitives_data/int/err/txt-str-.txt -&gt; int ------- using $&lt;read_str_from_txt&gt; =&gt; &lt;str_to_int&gt;$
  !! Caught error during execution !!
  File &quot;/home/travis/build/smarie/python-parsyfiles/parsyfiles/plugins_base/support_for_primitive_types.py&quot;, line 37, in primitive_to_int
    source = literal_eval(source)
  File &quot;/opt/python/3.5.5/lib/python3.5/ast.py&quot;, line 46, in literal_eval
    node_or_string = parse(node_or_string, mode=&apos;eval&apos;)
  File &quot;/opt/python/3.5.5/lib/python3.5/ast.py&quot;, line 35, in parse
    return compile(source, filename, mode, PyCF_ONLY_AST)
  ParsingException : Error while parsing /home/travis/build/smarie/python-parsyfiles/parsyfiles/tests/parsing_capabilities_by_type/primitives_data/int/err/txt-str- (singlefile, .txt) as a int with parser &apos;$&lt;read_str_from_txt&gt; =&gt; &lt;str_to_int&gt;$&apos; using options=({&apos;MultifileCollectionParser&apos;: {&apos;lazy_parsing&apos;: False}}) : caught 
  SyntaxError : unexpected EOF while parsing (&lt;unknown&gt;, line 0)
Rebuilding local parsing plan with next candidate parser: $&lt;read_str_from_txt&gt; =&gt; &lt;base64_ascii_str_pickle_to_object&gt; -&gt; &lt;bool_to_int&gt;$
(B)                                                                                                                |--txt-str-.txt -&gt; int ------- using $&lt;read_str_from_txt&gt; =&gt; &lt;base64_ascii_str_pickle_to_object&gt; -&gt; &lt;bool_to_int&gt;$
DONE Rebuilding local parsing plan for [/home/travis/build/smarie/python-parsyfiles/parsyfiles/tests/parsing_capabilities_by_type/primitives_data/int/err/txt-str-.txt]. Resuming parsing...
Executing Parsing Plan for [/home/travis/build/smarie/python-parsyfiles/parsyfiles/tests/parsing_capabilities_by_type/primitives_data/int/err/txt-str-]
(P) /home/travis/build/smarie/python-parsyfiles/parsyfiles/tests/parsing_capabilities_by_type/primitives_data/int/err/txt-str-.txt -&gt; int ------- using $&lt;read_str_from_txt&gt; =&gt; &lt;base64_ascii_str_pickle_to_object&gt; -&gt; &lt;bool_to_int&gt;$
  !! Caught error during execution !!
  File &quot;/home/travis/build/smarie/python-parsyfiles/parsyfiles/converting_core.py&quot;, line 319, in convert
    return self._convert(desired_type, source_obj, logger, options)
  File &quot;/home/travis/build/smarie/python-parsyfiles/parsyfiles/converting_core.py&quot;, line 524, in _convert
    return self.conversion_method(desired_type, source_obj, logger, **opts)
  File &quot;/home/travis/build/smarie/python-parsyfiles/parsyfiles/plugins_base/support_for_objects.py&quot;, line 54, in base64_ascii_str_pickle_to_object
    return pickle.loads(base64.b64decode(b64_ascii_str), fix_imports=True, encoding=&quot;ASCII&quot;, errors=&quot;strict&quot;)
  ParsingException : Error while parsing /home/travis/build/smarie/python-parsyfiles/parsyfiles/tests/parsing_capabilities_by_type/primitives_data/int/err/txt-str- (singlefile, .txt) as a int with parser &apos;$&lt;read_str_from_txt&gt; =&gt; &lt;base64_ascii_str_pickle_to_object&gt; -&gt; &lt;bool_to_int&gt;$&apos; using options=({&apos;MultifileCollectionParser&apos;: {&apos;lazy_parsing&apos;: False}}) : caught 
  EOFError : Ran out of input
Rebuilding local parsing plan with next candidate parser: $&lt;read_str_from_txt&gt; =&gt; &lt;base64_ascii_str_pickle_to_object&gt; -&gt; &lt;float_to_int&gt;$
(B)                                                                                                                |--txt-str-.txt -&gt; int ------- using $&lt;read_str_from_txt&gt; =&gt; &lt;base64_ascii_str_pickle_to_object&gt; -&gt; &lt;float_to_int&gt;$
DONE Rebuilding local parsing plan for [/home/travis/build/smarie/python-parsyfiles/parsyfiles/tests/parsing_capabilities_by_type/primitives_data/int/err/txt-str-.txt]. Resuming parsing...
Executing Parsing Plan for [/home/travis/build/smarie/python-parsyfiles/parsyfiles/tests/parsing_capabilities_by_type/primitives_data/int/err/txt-str-]
(P) /home/travis/build/smarie/python-parsyfiles/parsyfiles/tests/parsing_capabilities_by_type/primitives_data/int/err/txt-str-.txt -&gt; int ------- using $&lt;read_str_from_txt&gt; =&gt; &lt;base64_ascii_str_pickle_to_object&gt; -&gt; &lt;float_to_int&gt;$
  !! Caught error during execution !!
  File &quot;/home/travis/build/smarie/python-parsyfiles/parsyfiles/converting_core.py&quot;, line 319, in convert
    return self._convert(desired_type, source_obj, logger, options)
  File &quot;/home/travis/build/smarie/python-parsyfiles/parsyfiles/converting_core.py&quot;, line 524, in _convert
    return self.conversion_method(desired_type, source_obj, logger, **opts)
  File &quot;/home/travis/build/smarie/python-parsyfiles/parsyfiles/plugins_base/support_for_objects.py&quot;, line 54, in base64_ascii_str_pickle_to_object
    return pickle.loads(base64.b64decode(b64_ascii_str), fix_imports=True, encoding=&quot;ASCII&quot;, errors=&quot;strict&quot;)
  ParsingException : Error while parsing /home/travis/build/smarie/python-parsyfiles/parsyfiles/tests/parsing_capabilities_by_type/primitives_data/int/err/txt-str- (singlefile, .txt) as a int with parser &apos;$&lt;read_str_from_txt&gt; =&gt; &lt;base64_ascii_str_pickle_to_object&gt; -&gt; &lt;float_to_int&gt;$&apos; using options=({&apos;MultifileCollectionParser&apos;: {&apos;lazy_parsing&apos;: False}}) : caught 
  EOFError : Ran out of input
Rebuilding local parsing plan with next candidate parser: $&lt;read_str_from_txt&gt; =&gt; &lt;base64_ascii_str_pickle_to_object&gt; -&gt; &lt;str_to_int&gt;$
(B)                                                                                                                |--txt-str-.txt -&gt; int ------- using $&lt;read_str_from_txt&gt; =&gt; &lt;base64_ascii_str_pickle_to_object&gt; -&gt; &lt;str_to_int&gt;$
DONE Rebuilding local parsing plan for [/home/travis/build/smarie/python-parsyfiles/parsyfiles/tests/parsing_capabilities_by_type/primitives_data/int/err/txt-str-.txt]. Resuming parsing...
Executing Parsing Plan for [/home/travis/build/smarie/python-parsyfiles/parsyfiles/tests/parsing_capabilities_by_type/primitives_data/int/err/txt-str-]
(P) /home/travis/build/smarie/python-parsyfiles/parsyfiles/tests/parsing_capabilities_by_type/primitives_data/int/err/txt-str-.txt -&gt; int ------- using $&lt;read_str_from_txt&gt; =&gt; &lt;base64_ascii_str_pickle_to_object&gt; -&gt; &lt;str_to_int&gt;$
  !! Caught error during execution !!
  File &quot;/home/travis/build/smarie/python-parsyfiles/parsyfiles/converting_core.py&quot;, line 319, in convert
    return self._convert(desired_type, source_obj, logger, options)
  File &quot;/home/travis/build/smarie/python-parsyfiles/parsyfiles/converting_core.py&quot;, line 524, in _convert
    return self.conversion_method(desired_type, source_obj, logger, **opts)
  File &quot;/home/travis/build/smarie/python-parsyfiles/parsyfiles/plugins_base/support_for_objects.py&quot;, line 54, in base64_ascii_str_pickle_to_object
    return pickle.loads(base64.b64decode(b64_ascii_str), fix_imports=True, encoding=&quot;ASCII&quot;, errors=&quot;strict&quot;)
  ParsingException : Error while parsing /home/travis/build/smarie/python-parsyfiles/parsyfiles/tests/parsing_capabilities_by_type/primitives_data/int/err/txt-str- (singlefile, .txt) as a int with parser &apos;$&lt;read_str_from_txt&gt; =&gt; &lt;base64_ascii_str_pickle_to_object&gt; -&gt; &lt;str_to_int&gt;$&apos; using options=({&apos;MultifileCollectionParser&apos;: {&apos;lazy_parsing&apos;: False}}) : caught 
  EOFError : Ran out of input
Rebuilding local parsing plan with next candidate parser: $&lt;read_str_from_txt&gt; =&gt; &lt;str_to_bool&gt;$
(B)                                                                                                                |--txt-str-.txt -&gt; int ------- using $&lt;read_str_from_txt&gt; =&gt; &lt;str_to_bool&gt;$
DONE Rebuilding local parsing plan for [/home/travis/build/smarie/python-parsyfiles/parsyfiles/tests/parsing_capabilities_by_type/primitives_data/int/err/txt-str-.txt]. Resuming parsing...
Executing Parsing Plan for [/home/travis/build/smarie/python-parsyfiles/parsyfiles/tests/parsing_capabilities_by_type/primitives_data/int/err/txt-str-]
(P) /home/travis/build/smarie/python-parsyfiles/parsyfiles/tests/parsing_capabilities_by_type/primitives_data/int/err/txt-str-.txt -&gt; int ------- using $&lt;read_str_from_txt&gt; =&gt; &lt;str_to_bool&gt;$
  !! Caught error during execution !!
  File &quot;/home/travis/build/smarie/python-parsyfiles/parsyfiles/converting_core.py&quot;, line 524, in _convert
    return self.conversion_method(desired_type, source_obj, logger, **opts)
  File &quot;/home/travis/build/smarie/python-parsyfiles/parsyfiles/plugins_base/support_for_primitive_types.py&quot;, line 84, in primitive_to_bool
    return bool(strtobool(source))
  File &quot;/opt/python/3.5.5/lib/python3.5/distutils/util.py&quot;, line 317, in strtobool
    raise ValueError(&quot;invalid truth value %r&quot; % (val,))
  ParsingException : Error while parsing /home/travis/build/smarie/python-parsyfiles/parsyfiles/tests/parsing_capabilities_by_type/primitives_data/int/err/txt-str- (singlefile, .txt) as a int with parser &apos;$&lt;read_str_from_txt&gt; =&gt; &lt;str_to_bool&gt;$&apos; using options=({&apos;MultifileCollectionParser&apos;: {&apos;lazy_parsing&apos;: False}}) : caught 
  ValueError : invalid truth value &apos;&apos;
Rebuilding local parsing plan with next candidate parser: $&lt;read_str_from_txt&gt; =&gt; &lt;base64_ascii_str_pickle_to_object&gt; -&gt; &lt;float_to_bool&gt;$
(B)                                                                                                                |--txt-str-.txt -&gt; int ------- using $&lt;read_str_from_txt&gt; =&gt; &lt;base64_ascii_str_pickle_to_object&gt; -&gt; &lt;float_to_bool&gt;$
DONE Rebuilding local parsing plan for [/home/travis/build/smarie/python-parsyfiles/parsyfiles/tests/parsing_capabilities_by_type/primitives_data/int/err/txt-str-.txt]. Resuming parsing...
Executing Parsing Plan for [/home/travis/build/smarie/python-parsyfiles/parsyfiles/tests/parsing_capabilities_by_type/primitives_data/int/err/txt-str-]
(P) /home/travis/build/smarie/python-parsyfiles/parsyfiles/tests/parsing_capabilities_by_type/primitives_data/int/err/txt-str-.txt -&gt; int ------- using $&lt;read_str_from_txt&gt; =&gt; &lt;base64_ascii_str_pickle_to_object&gt; -&gt; &lt;float_to_bool&gt;$
  !! Caught error during execution !!
  File &quot;/home/travis/build/smarie/python-parsyfiles/parsyfiles/converting_core.py&quot;, line 319, in convert
    return self._convert(desired_type, source_obj, logger, options)
  File &quot;/home/travis/build/smarie/python-parsyfiles/parsyfiles/converting_core.py&quot;, line 524, in _convert
    return self.conversion_method(desired_type, source_obj, logger, **opts)
  File &quot;/home/travis/build/smarie/python-parsyfiles/parsyfiles/plugins_base/support_for_objects.py&quot;, line 54, in base64_ascii_str_pickle_to_object
    return pickle.loads(base64.b64decode(b64_ascii_str), fix_imports=True, encoding=&quot;ASCII&quot;, errors=&quot;strict&quot;)
  ParsingException : Error while parsing /home/travis/build/smarie/python-parsyfiles/parsyfiles/tests/parsing_capabilities_by_type/primitives_data/int/err/txt-str- (singlefile, .txt) as a int with parser &apos;$&lt;read_str_from_txt&gt; =&gt; &lt;base64_ascii_str_pickle_to_object&gt; -&gt; &lt;float_to_bool&gt;$&apos; using options=({&apos;MultifileCollectionParser&apos;: {&apos;lazy_parsing&apos;: False}}) : caught 
  EOFError : Ran out of input
Rebuilding local parsing plan with next candidate parser: $&lt;read_str_from_txt&gt; =&gt; &lt;base64_ascii_str_pickle_to_object&gt; -&gt; &lt;int_to_bool&gt;$
(B)                                                                                                                |--txt-str-.txt -&gt; int ------- using $&lt;read_str_from_txt&gt; =&gt; &lt;base64_ascii_str_pickle_to_object&gt; -&gt; &lt;int_to_bool&gt;$
DONE Rebuilding local parsing plan for [/home/travis/build/smarie/python-parsyfiles/parsyfiles/tests/parsing_capabilities_by_type/primitives_data/int/err/txt-str-.txt]. Resuming parsing...
Executing Parsing Plan for [/home/travis/build/smarie/python-parsyfiles/parsyfiles/tests/parsing_capabilities_by_type/primitives_data/int/err/txt-str-]
(P) /home/travis/build/smarie/python-parsyfiles/parsyfiles/tests/parsing_capabilities_by_type/primitives_data/int/err/txt-str-.txt -&gt; int ------- using $&lt;read_str_from_txt&gt; =&gt; &lt;base64_ascii_str_pickle_to_object&gt; -&gt; &lt;int_to_bool&gt;$
  !! Caught error during execution !!
  File &quot;/home/travis/build/smarie/python-parsyfiles/parsyfiles/converting_core.py&quot;, line 319, in convert
    return self._convert(desired_type, source_obj, logger, options)
  File &quot;/home/travis/build/smarie/python-parsyfiles/parsyfiles/converting_core.py&quot;, line 524, in _convert
    return self.conversion_method(desired_type, source_obj, logger, **opts)
  File &quot;/home/travis/build/smarie/python-parsyfiles/parsyfiles/plugins_base/support_for_objects.py&quot;, line 54, in base64_ascii_str_pickle_to_object
    return pickle.loads(base64.b64decode(b64_ascii_str), fix_imports=True, encoding=&quot;ASCII&quot;, errors=&quot;strict&quot;)
  ParsingException : Error while parsing /home/travis/build/smarie/python-parsyfiles/parsyfiles/tests/parsing_capabilities_by_type/primitives_data/int/err/txt-str- (singlefile, .txt) as a int with parser &apos;$&lt;read_str_from_txt&gt; =&gt; &lt;base64_ascii_str_pickle_to_object&gt; -&gt; &lt;int_to_bool&gt;$&apos; using options=({&apos;MultifileCollectionParser&apos;: {&apos;lazy_parsing&apos;: False}}) : caught 
  EOFError : Ran out of input
Rebuilding local parsing plan with next candidate parser: $&lt;read_str_from_txt&gt; =&gt; &lt;base64_ascii_str_pickle_to_object&gt; -&gt; &lt;str_to_bool&gt;$
(B)                                                                                                                |--txt-str-.txt -&gt; int ------- using $&lt;read_str_from_txt&gt; =&gt; &lt;base64_ascii_str_pickle_to_object&gt; -&gt; &lt;str_to_bool&gt;$
DONE Rebuilding local parsing plan for [/home/travis/build/smarie/python-parsyfiles/parsyfiles/tests/parsing_capabilities_by_type/primitives_data/int/err/txt-str-.txt]. Resuming parsing...
Executing Parsing Plan for [/home/travis/build/smarie/python-parsyfiles/parsyfiles/tests/parsing_capabilities_by_type/primitives_data/int/err/txt-str-]
(P) /home/travis/build/smarie/python-parsyfiles/parsyfiles/tests/parsing_capabilities_by_type/primitives_data/int/err/txt-str-.txt -&gt; int ------- using $&lt;read_str_from_txt&gt; =&gt; &lt;base64_ascii_str_pickle_to_object&gt; -&gt; &lt;str_to_bool&gt;$
  !! Caught error during execution !!
  File &quot;/home/travis/build/smarie/python-parsyfiles/parsyfiles/converting_core.py&quot;, line 319, in convert
    return self._convert(desired_type, source_obj, logger, options)
  File &quot;/home/travis/build/smarie/python-parsyfiles/parsyfiles/converting_core.py&quot;, line 524, in _convert
    return self.conversion_method(desired_type, source_obj, logger, **opts)
  File &quot;/home/travis/build/smarie/python-parsyfiles/parsyfiles/plugins_base/support_for_objects.py&quot;, line 54, in base64_ascii_str_pickle_to_object
    return pickle.loads(base64.b64decode(b64_ascii_str), fix_imports=True, encoding=&quot;ASCII&quot;, errors=&quot;strict&quot;)
  ParsingException : Error while parsing /home/travis/build/smarie/python-parsyfiles/parsyfiles/tests/parsing_capabilities_by_type/primitives_data/int/err/txt-str- (singlefile, .txt) as a int with parser &apos;$&lt;read_str_from_txt&gt; =&gt; &lt;base64_ascii_str_pickle_to_object&gt; -&gt; &lt;str_to_bool&gt;$&apos; using options=({&apos;MultifileCollectionParser&apos;: {&apos;lazy_parsing&apos;: False}}) : caught 
  EOFError : Ran out of input
Rebuilding local parsing plan with next candidate parser: $&lt;read_str_from_txt&gt; =&gt; &lt;base64_ascii_str_pickle_to_object&gt;$
(B)                                                                                                                |--txt-str-.txt -&gt; int ------- using $&lt;read_str_from_txt&gt; =&gt; &lt;base64_ascii_str_pickle_to_object&gt;$
DONE Rebuilding local parsing plan for [/home/travis/build/smarie/python-parsyfiles/parsyfiles/tests/parsing_capabilities_by_type/primitives_data/int/err/txt-str-.txt]. Resuming parsing...
Executing Parsing Plan for [/home/travis/build/smarie/python-parsyfiles/parsyfiles/tests/parsing_capabilities_by_type/primitives_data/int/err/txt-str-]
(P) /home/travis/build/smarie/python-parsyfiles/parsyfiles/tests/parsing_capabilities_by_type/primitives_data/int/err/txt-str-.txt -&gt; int ------- using $&lt;read_str_from_txt&gt; =&gt; &lt;base64_ascii_str_pickle_to_object&gt;$
  !! Caught error during execution !!
  File &quot;/home/travis/build/smarie/python-parsyfiles/parsyfiles/converting_core.py&quot;, line 319, in convert
    return self._convert(desired_type, source_obj, logger, options)
  File &quot;/home/travis/build/smarie/python-parsyfiles/parsyfiles/converting_core.py&quot;, line 524, in _convert
    return self.conversion_method(desired_type, source_obj, logger, **opts)
  File &quot;/home/travis/build/smarie/python-parsyfiles/parsyfiles/plugins_base/support_for_objects.py&quot;, line 54, in base64_ascii_str_pickle_to_object
    return pickle.loads(base64.b64decode(b64_ascii_str), fix_imports=True, encoding=&quot;ASCII&quot;, errors=&quot;strict&quot;)
  ParsingException : Error while parsing /home/travis/build/smarie/python-parsyfiles/parsyfiles/tests/parsing_capabilities_by_type/primitives_data/int/err/txt-str- (singlefile, .txt) as a int with parser &apos;$&lt;read_str_from_txt&gt; =&gt; &lt;base64_ascii_str_pickle_to_object&gt;$&apos; using options=({&apos;MultifileCollectionParser&apos;: {&apos;lazy_parsing&apos;: False}}) : caught 
  EOFError : Ran out of input
</system-out></testcase><testcase classname="parsyfiles.tests.parsing_capabilities_by_type.test_parse_primitives" file="parsyfiles/tests/parsing_capabilities_by_type/test_parse_primitives.py" line="179" name="test_parse_by_type[int-err-txt-float--5.5.txt]" time="0.05012869834899902"><system-out>**** Starting to parse single object of type &lt;int&gt; at location /home/travis/build/smarie/python-parsyfiles/parsyfiles/tests/parsing_capabilities_by_type/primitives_data/int/err/txt-float--5.5 ****
Checking all files under [/home/travis/build/smarie/python-parsyfiles/parsyfiles/tests/parsing_capabilities_by_type/primitives_data/int/err/txt-float--5.5]
(C) /home/travis/build/smarie/python-parsyfiles/parsyfiles/tests/parsing_capabilities_by_type/primitives_data/int/err/txt-float--5.5 (singlefile, .txt)
File checks done

Building a parsing plan to parse [/home/travis/build/smarie/python-parsyfiles/parsyfiles/tests/parsing_capabilities_by_type/primitives_data/int/err/txt-float--5.5] into a int
(B) /home/travis/build/smarie/python-parsyfiles/parsyfiles/tests/parsing_capabilities_by_type/primitives_data/int/err/txt-float--5.5.txt -&gt; int ------- using [Try &apos;$&lt;read_str_from_txt&gt; =&gt; &lt;str_to_int&gt;$&apos; then &apos;$&lt;read_str_from_txt&gt; =&gt; &lt;base64_ascii_str_pickle_to_object&gt; -&gt; &lt;bool_to_int&gt;$&apos; then &apos;$&lt;read_str_from_txt&gt; =&gt; &lt;base64_ascii_str_pickle_to_object&gt; -&gt; &lt;float_to_int&gt;$&apos; then &apos;$&lt;read_str_from_txt&gt; =&gt; &lt;base64_ascii_str_pickle_to_object&gt; -&gt; &lt;str_to_int&gt;$&apos; then &apos;$&lt;read_str_from_txt&gt; =&gt; &lt;str_to_bool&gt;$&apos; then &apos;$&lt;read_str_from_txt&gt; =&gt; &lt;base64_ascii_str_pickle_to_object&gt; -&gt; &lt;float_to_bool&gt;$&apos; then &apos;$&lt;read_str_from_txt&gt; =&gt; &lt;base64_ascii_str_pickle_to_object&gt; -&gt; &lt;int_to_bool&gt;$&apos; then &apos;$&lt;read_str_from_txt&gt; =&gt; &lt;base64_ascii_str_pickle_to_object&gt; -&gt; &lt;str_to_bool&gt;$&apos; then &apos;$&lt;read_str_from_txt&gt; =&gt; &lt;base64_ascii_str_pickle_to_object&gt;$]&apos;]
(B)                                                                                                                |--txt-float--5.5.txt -&gt; int ------- using $&lt;read_str_from_txt&gt; =&gt; &lt;str_to_int&gt;$
Parsing Plan created successfully

Executing Parsing Plan for [/home/travis/build/smarie/python-parsyfiles/parsyfiles/tests/parsing_capabilities_by_type/primitives_data/int/err/txt-float--5.5]
(P) /home/travis/build/smarie/python-parsyfiles/parsyfiles/tests/parsing_capabilities_by_type/primitives_data/int/err/txt-float--5.5.txt -&gt; int ------- using $&lt;read_str_from_txt&gt; =&gt; &lt;str_to_int&gt;$
  !! Caught error during execution !!
  File &quot;/home/travis/build/smarie/python-parsyfiles/parsyfiles/converting_core.py&quot;, line 319, in convert
    return self._convert(desired_type, source_obj, logger, options)
  File &quot;/home/travis/build/smarie/python-parsyfiles/parsyfiles/converting_core.py&quot;, line 524, in _convert
    return self.conversion_method(desired_type, source_obj, logger, **opts)
  File &quot;/home/travis/build/smarie/python-parsyfiles/parsyfiles/plugins_base/support_for_primitive_types.py&quot;, line 50, in primitive_to_int
    raise ValueError(&apos;Cannot convert to int : source is a non-integer float: &apos; + str(source))
  ParsingException : Error while parsing /home/travis/build/smarie/python-parsyfiles/parsyfiles/tests/parsing_capabilities_by_type/primitives_data/int/err/txt-float--5.5 (singlefile, .txt) as a int with parser &apos;$&lt;read_str_from_txt&gt; =&gt; &lt;str_to_int&gt;$&apos; using options=({&apos;MultifileCollectionParser&apos;: {&apos;lazy_parsing&apos;: False}}) : caught 
  ValueError : Cannot convert to int : source is a non-integer float: -5.5
Rebuilding local parsing plan with next candidate parser: $&lt;read_str_from_txt&gt; =&gt; &lt;base64_ascii_str_pickle_to_object&gt; -&gt; &lt;bool_to_int&gt;$
(B)                                                                                                                |--txt-float--5.5.txt -&gt; int ------- using $&lt;read_str_from_txt&gt; =&gt; &lt;base64_ascii_str_pickle_to_object&gt; -&gt; &lt;bool_to_int&gt;$
DONE Rebuilding local parsing plan for [/home/travis/build/smarie/python-parsyfiles/parsyfiles/tests/parsing_capabilities_by_type/primitives_data/int/err/txt-float--5.5.txt]. Resuming parsing...
Executing Parsing Plan for [/home/travis/build/smarie/python-parsyfiles/parsyfiles/tests/parsing_capabilities_by_type/primitives_data/int/err/txt-float--5.5]
(P) /home/travis/build/smarie/python-parsyfiles/parsyfiles/tests/parsing_capabilities_by_type/primitives_data/int/err/txt-float--5.5.txt -&gt; int ------- using $&lt;read_str_from_txt&gt; =&gt; &lt;base64_ascii_str_pickle_to_object&gt; -&gt; &lt;bool_to_int&gt;$
  !! Caught error during execution !!
  File &quot;/home/travis/build/smarie/python-parsyfiles/parsyfiles/converting_core.py&quot;, line 524, in _convert
    return self.conversion_method(desired_type, source_obj, logger, **opts)
  File &quot;/home/travis/build/smarie/python-parsyfiles/parsyfiles/plugins_base/support_for_objects.py&quot;, line 54, in base64_ascii_str_pickle_to_object
    return pickle.loads(base64.b64decode(b64_ascii_str), fix_imports=True, encoding=&quot;ASCII&quot;, errors=&quot;strict&quot;)
  File &quot;/home/travis/virtualenv/python3.5.5/lib/python3.5/base64.py&quot;, line 88, in b64decode
    return binascii.a2b_base64(s)
  ParsingException : Error while parsing /home/travis/build/smarie/python-parsyfiles/parsyfiles/tests/parsing_capabilities_by_type/primitives_data/int/err/txt-float--5.5 (singlefile, .txt) as a int with parser &apos;$&lt;read_str_from_txt&gt; =&gt; &lt;base64_ascii_str_pickle_to_object&gt; -&gt; &lt;bool_to_int&gt;$&apos; using options=({&apos;MultifileCollectionParser&apos;: {&apos;lazy_parsing&apos;: False}}) : caught 
  Error : Incorrect padding
Rebuilding local parsing plan with next candidate parser: $&lt;read_str_from_txt&gt; =&gt; &lt;base64_ascii_str_pickle_to_object&gt; -&gt; &lt;float_to_int&gt;$
(B)                                                                                                                |--txt-float--5.5.txt -&gt; int ------- using $&lt;read_str_from_txt&gt; =&gt; &lt;base64_ascii_str_pickle_to_object&gt; -&gt; &lt;float_to_int&gt;$
DONE Rebuilding local parsing plan for [/home/travis/build/smarie/python-parsyfiles/parsyfiles/tests/parsing_capabilities_by_type/primitives_data/int/err/txt-float--5.5.txt]. Resuming parsing...
Executing Parsing Plan for [/home/travis/build/smarie/python-parsyfiles/parsyfiles/tests/parsing_capabilities_by_type/primitives_data/int/err/txt-float--5.5]
(P) /home/travis/build/smarie/python-parsyfiles/parsyfiles/tests/parsing_capabilities_by_type/primitives_data/int/err/txt-float--5.5.txt -&gt; int ------- using $&lt;read_str_from_txt&gt; =&gt; &lt;base64_ascii_str_pickle_to_object&gt; -&gt; &lt;float_to_int&gt;$
  !! Caught error during execution !!
  File &quot;/home/travis/build/smarie/python-parsyfiles/parsyfiles/converting_core.py&quot;, line 524, in _convert
    return self.conversion_method(desired_type, source_obj, logger, **opts)
  File &quot;/home/travis/build/smarie/python-parsyfiles/parsyfiles/plugins_base/support_for_objects.py&quot;, line 54, in base64_ascii_str_pickle_to_object
    return pickle.loads(base64.b64decode(b64_ascii_str), fix_imports=True, encoding=&quot;ASCII&quot;, errors=&quot;strict&quot;)
  File &quot;/home/travis/virtualenv/python3.5.5/lib/python3.5/base64.py&quot;, line 88, in b64decode
    return binascii.a2b_base64(s)
  ParsingException : Error while parsing /home/travis/build/smarie/python-parsyfiles/parsyfiles/tests/parsing_capabilities_by_type/primitives_data/int/err/txt-float--5.5 (singlefile, .txt) as a int with parser &apos;$&lt;read_str_from_txt&gt; =&gt; &lt;base64_ascii_str_pickle_to_object&gt; -&gt; &lt;float_to_int&gt;$&apos; using options=({&apos;MultifileCollectionParser&apos;: {&apos;lazy_parsing&apos;: False}}) : caught 
  Error : Incorrect padding
Rebuilding local parsing plan with next candidate parser: $&lt;read_str_from_txt&gt; =&gt; &lt;base64_ascii_str_pickle_to_object&gt; -&gt; &lt;str_to_int&gt;$
(B)                                                                                                                |--txt-float--5.5.txt -&gt; int ------- using $&lt;read_str_from_txt&gt; =&gt; &lt;base64_ascii_str_pickle_to_object&gt; -&gt; &lt;str_to_int&gt;$
DONE Rebuilding local parsing plan for [/home/travis/build/smarie/python-parsyfiles/parsyfiles/tests/parsing_capabilities_by_type/primitives_data/int/err/txt-float--5.5.txt]. Resuming parsing...
Executing Parsing Plan for [/home/travis/build/smarie/python-parsyfiles/parsyfiles/tests/parsing_capabilities_by_type/primitives_data/int/err/txt-float--5.5]
(P) /home/travis/build/smarie/python-parsyfiles/parsyfiles/tests/parsing_capabilities_by_type/primitives_data/int/err/txt-float--5.5.txt -&gt; int ------- using $&lt;read_str_from_txt&gt; =&gt; &lt;base64_ascii_str_pickle_to_object&gt; -&gt; &lt;str_to_int&gt;$
  !! Caught error during execution !!
  File &quot;/home/travis/build/smarie/python-parsyfiles/parsyfiles/converting_core.py&quot;, line 524, in _convert
    return self.conversion_method(desired_type, source_obj, logger, **opts)
  File &quot;/home/travis/build/smarie/python-parsyfiles/parsyfiles/plugins_base/support_for_objects.py&quot;, line 54, in base64_ascii_str_pickle_to_object
    return pickle.loads(base64.b64decode(b64_ascii_str), fix_imports=True, encoding=&quot;ASCII&quot;, errors=&quot;strict&quot;)
  File &quot;/home/travis/virtualenv/python3.5.5/lib/python3.5/base64.py&quot;, line 88, in b64decode
    return binascii.a2b_base64(s)
  ParsingException : Error while parsing /home/travis/build/smarie/python-parsyfiles/parsyfiles/tests/parsing_capabilities_by_type/primitives_data/int/err/txt-float--5.5 (singlefile, .txt) as a int with parser &apos;$&lt;read_str_from_txt&gt; =&gt; &lt;base64_ascii_str_pickle_to_object&gt; -&gt; &lt;str_to_int&gt;$&apos; using options=({&apos;MultifileCollectionParser&apos;: {&apos;lazy_parsing&apos;: False}}) : caught 
  Error : Incorrect padding
Rebuilding local parsing plan with next candidate parser: $&lt;read_str_from_txt&gt; =&gt; &lt;str_to_bool&gt;$
(B)                                                                                                                |--txt-float--5.5.txt -&gt; int ------- using $&lt;read_str_from_txt&gt; =&gt; &lt;str_to_bool&gt;$
DONE Rebuilding local parsing plan for [/home/travis/build/smarie/python-parsyfiles/parsyfiles/tests/parsing_capabilities_by_type/primitives_data/int/err/txt-float--5.5.txt]. Resuming parsing...
Executing Parsing Plan for [/home/travis/build/smarie/python-parsyfiles/parsyfiles/tests/parsing_capabilities_by_type/primitives_data/int/err/txt-float--5.5]
(P) /home/travis/build/smarie/python-parsyfiles/parsyfiles/tests/parsing_capabilities_by_type/primitives_data/int/err/txt-float--5.5.txt -&gt; int ------- using $&lt;read_str_from_txt&gt; =&gt; &lt;str_to_bool&gt;$
  !! Caught error during execution !!
  File &quot;/home/travis/build/smarie/python-parsyfiles/parsyfiles/converting_core.py&quot;, line 524, in _convert
    return self.conversion_method(desired_type, source_obj, logger, **opts)
  File &quot;/home/travis/build/smarie/python-parsyfiles/parsyfiles/plugins_base/support_for_primitive_types.py&quot;, line 84, in primitive_to_bool
    return bool(strtobool(source))
  File &quot;/opt/python/3.5.5/lib/python3.5/distutils/util.py&quot;, line 317, in strtobool
    raise ValueError(&quot;invalid truth value %r&quot; % (val,))
  ParsingException : Error while parsing /home/travis/build/smarie/python-parsyfiles/parsyfiles/tests/parsing_capabilities_by_type/primitives_data/int/err/txt-float--5.5 (singlefile, .txt) as a int with parser &apos;$&lt;read_str_from_txt&gt; =&gt; &lt;str_to_bool&gt;$&apos; using options=({&apos;MultifileCollectionParser&apos;: {&apos;lazy_parsing&apos;: False}}) : caught 
  ValueError : invalid truth value &apos;-5.5&apos;
Rebuilding local parsing plan with next candidate parser: $&lt;read_str_from_txt&gt; =&gt; &lt;base64_ascii_str_pickle_to_object&gt; -&gt; &lt;float_to_bool&gt;$
(B)                                                                                                                |--txt-float--5.5.txt -&gt; int ------- using $&lt;read_str_from_txt&gt; =&gt; &lt;base64_ascii_str_pickle_to_object&gt; -&gt; &lt;float_to_bool&gt;$
DONE Rebuilding local parsing plan for [/home/travis/build/smarie/python-parsyfiles/parsyfiles/tests/parsing_capabilities_by_type/primitives_data/int/err/txt-float--5.5.txt]. Resuming parsing...
Executing Parsing Plan for [/home/travis/build/smarie/python-parsyfiles/parsyfiles/tests/parsing_capabilities_by_type/primitives_data/int/err/txt-float--5.5]
(P) /home/travis/build/smarie/python-parsyfiles/parsyfiles/tests/parsing_capabilities_by_type/primitives_data/int/err/txt-float--5.5.txt -&gt; int ------- using $&lt;read_str_from_txt&gt; =&gt; &lt;base64_ascii_str_pickle_to_object&gt; -&gt; &lt;float_to_bool&gt;$
  !! Caught error during execution !!
  File &quot;/home/travis/build/smarie/python-parsyfiles/parsyfiles/converting_core.py&quot;, line 524, in _convert
    return self.conversion_method(desired_type, source_obj, logger, **opts)
  File &quot;/home/travis/build/smarie/python-parsyfiles/parsyfiles/plugins_base/support_for_objects.py&quot;, line 54, in base64_ascii_str_pickle_to_object
    return pickle.loads(base64.b64decode(b64_ascii_str), fix_imports=True, encoding=&quot;ASCII&quot;, errors=&quot;strict&quot;)
  File &quot;/home/travis/virtualenv/python3.5.5/lib/python3.5/base64.py&quot;, line 88, in b64decode
    return binascii.a2b_base64(s)
  ParsingException : Error while parsing /home/travis/build/smarie/python-parsyfiles/parsyfiles/tests/parsing_capabilities_by_type/primitives_data/int/err/txt-float--5.5 (singlefile, .txt) as a int with parser &apos;$&lt;read_str_from_txt&gt; =&gt; &lt;base64_ascii_str_pickle_to_object&gt; -&gt; &lt;float_to_bool&gt;$&apos; using options=({&apos;MultifileCollectionParser&apos;: {&apos;lazy_parsing&apos;: False}}) : caught 
  Error : Incorrect padding
Rebuilding local parsing plan with next candidate parser: $&lt;read_str_from_txt&gt; =&gt; &lt;base64_ascii_str_pickle_to_object&gt; -&gt; &lt;int_to_bool&gt;$
(B)                                                                                                                |--txt-float--5.5.txt -&gt; int ------- using $&lt;read_str_from_txt&gt; =&gt; &lt;base64_ascii_str_pickle_to_object&gt; -&gt; &lt;int_to_bool&gt;$
DONE Rebuilding local parsing plan for [/home/travis/build/smarie/python-parsyfiles/parsyfiles/tests/parsing_capabilities_by_type/primitives_data/int/err/txt-float--5.5.txt]. Resuming parsing...
Executing Parsing Plan for [/home/travis/build/smarie/python-parsyfiles/parsyfiles/tests/parsing_capabilities_by_type/primitives_data/int/err/txt-float--5.5]
(P) /home/travis/build/smarie/python-parsyfiles/parsyfiles/tests/parsing_capabilities_by_type/primitives_data/int/err/txt-float--5.5.txt -&gt; int ------- using $&lt;read_str_from_txt&gt; =&gt; &lt;base64_ascii_str_pickle_to_object&gt; -&gt; &lt;int_to_bool&gt;$
  !! Caught error during execution !!
  File &quot;/home/travis/build/smarie/python-parsyfiles/parsyfiles/converting_core.py&quot;, line 524, in _convert
    return self.conversion_method(desired_type, source_obj, logger, **opts)
  File &quot;/home/travis/build/smarie/python-parsyfiles/parsyfiles/plugins_base/support_for_objects.py&quot;, line 54, in base64_ascii_str_pickle_to_object
    return pickle.loads(base64.b64decode(b64_ascii_str), fix_imports=True, encoding=&quot;ASCII&quot;, errors=&quot;strict&quot;)
  File &quot;/home/travis/virtualenv/python3.5.5/lib/python3.5/base64.py&quot;, line 88, in b64decode
    return binascii.a2b_base64(s)
  ParsingException : Error while parsing /home/travis/build/smarie/python-parsyfiles/parsyfiles/tests/parsing_capabilities_by_type/primitives_data/int/err/txt-float--5.5 (singlefile, .txt) as a int with parser &apos;$&lt;read_str_from_txt&gt; =&gt; &lt;base64_ascii_str_pickle_to_object&gt; -&gt; &lt;int_to_bool&gt;$&apos; using options=({&apos;MultifileCollectionParser&apos;: {&apos;lazy_parsing&apos;: False}}) : caught 
  Error : Incorrect padding
Rebuilding local parsing plan with next candidate parser: $&lt;read_str_from_txt&gt; =&gt; &lt;base64_ascii_str_pickle_to_object&gt; -&gt; &lt;str_to_bool&gt;$
(B)                                                                                                                |--txt-float--5.5.txt -&gt; int ------- using $&lt;read_str_from_txt&gt; =&gt; &lt;base64_ascii_str_pickle_to_object&gt; -&gt; &lt;str_to_bool&gt;$
DONE Rebuilding local parsing plan for [/home/travis/build/smarie/python-parsyfiles/parsyfiles/tests/parsing_capabilities_by_type/primitives_data/int/err/txt-float--5.5.txt]. Resuming parsing...
Executing Parsing Plan for [/home/travis/build/smarie/python-parsyfiles/parsyfiles/tests/parsing_capabilities_by_type/primitives_data/int/err/txt-float--5.5]
(P) /home/travis/build/smarie/python-parsyfiles/parsyfiles/tests/parsing_capabilities_by_type/primitives_data/int/err/txt-float--5.5.txt -&gt; int ------- using $&lt;read_str_from_txt&gt; =&gt; &lt;base64_ascii_str_pickle_to_object&gt; -&gt; &lt;str_to_bool&gt;$
  !! Caught error during execution !!
  File &quot;/home/travis/build/smarie/python-parsyfiles/parsyfiles/converting_core.py&quot;, line 524, in _convert
    return self.conversion_method(desired_type, source_obj, logger, **opts)
  File &quot;/home/travis/build/smarie/python-parsyfiles/parsyfiles/plugins_base/support_for_objects.py&quot;, line 54, in base64_ascii_str_pickle_to_object
    return pickle.loads(base64.b64decode(b64_ascii_str), fix_imports=True, encoding=&quot;ASCII&quot;, errors=&quot;strict&quot;)
  File &quot;/home/travis/virtualenv/python3.5.5/lib/python3.5/base64.py&quot;, line 88, in b64decode
    return binascii.a2b_base64(s)
  ParsingException : Error while parsing /home/travis/build/smarie/python-parsyfiles/parsyfiles/tests/parsing_capabilities_by_type/primitives_data/int/err/txt-float--5.5 (singlefile, .txt) as a int with parser &apos;$&lt;read_str_from_txt&gt; =&gt; &lt;base64_ascii_str_pickle_to_object&gt; -&gt; &lt;str_to_bool&gt;$&apos; using options=({&apos;MultifileCollectionParser&apos;: {&apos;lazy_parsing&apos;: False}}) : caught 
  Error : Incorrect padding
Rebuilding local parsing plan with next candidate parser: $&lt;read_str_from_txt&gt; =&gt; &lt;base64_ascii_str_pickle_to_object&gt;$
(B)                                                                                                                |--txt-float--5.5.txt -&gt; int ------- using $&lt;read_str_from_txt&gt; =&gt; &lt;base64_ascii_str_pickle_to_object&gt;$
DONE Rebuilding local parsing plan for [/home/travis/build/smarie/python-parsyfiles/parsyfiles/tests/parsing_capabilities_by_type/primitives_data/int/err/txt-float--5.5.txt]. Resuming parsing...
Executing Parsing Plan for [/home/travis/build/smarie/python-parsyfiles/parsyfiles/tests/parsing_capabilities_by_type/primitives_data/int/err/txt-float--5.5]
(P) /home/travis/build/smarie/python-parsyfiles/parsyfiles/tests/parsing_capabilities_by_type/primitives_data/int/err/txt-float--5.5.txt -&gt; int ------- using $&lt;read_str_from_txt&gt; =&gt; &lt;base64_ascii_str_pickle_to_object&gt;$
  !! Caught error during execution !!
  File &quot;/home/travis/build/smarie/python-parsyfiles/parsyfiles/converting_core.py&quot;, line 524, in _convert
    return self.conversion_method(desired_type, source_obj, logger, **opts)
  File &quot;/home/travis/build/smarie/python-parsyfiles/parsyfiles/plugins_base/support_for_objects.py&quot;, line 54, in base64_ascii_str_pickle_to_object
    return pickle.loads(base64.b64decode(b64_ascii_str), fix_imports=True, encoding=&quot;ASCII&quot;, errors=&quot;strict&quot;)
  File &quot;/home/travis/virtualenv/python3.5.5/lib/python3.5/base64.py&quot;, line 88, in b64decode
    return binascii.a2b_base64(s)
  ParsingException : Error while parsing /home/travis/build/smarie/python-parsyfiles/parsyfiles/tests/parsing_capabilities_by_type/primitives_data/int/err/txt-float--5.5 (singlefile, .txt) as a int with parser &apos;$&lt;read_str_from_txt&gt; =&gt; &lt;base64_ascii_str_pickle_to_object&gt;$&apos; using options=({&apos;MultifileCollectionParser&apos;: {&apos;lazy_parsing&apos;: False}}) : caught 
  Error : Incorrect padding
</system-out></testcase><testcase classname="parsyfiles.tests.parsing_capabilities_by_type.test_parse_primitives" file="parsyfiles/tests/parsing_capabilities_by_type/test_parse_primitives.py" line="179" name="test_parse_by_type[int-err-b64pickle-str-.txt]" time="0.052763938903808594"><system-out>**** Starting to parse single object of type &lt;int&gt; at location /home/travis/build/smarie/python-parsyfiles/parsyfiles/tests/parsing_capabilities_by_type/primitives_data/int/err/b64pickle-str- ****
Checking all files under [/home/travis/build/smarie/python-parsyfiles/parsyfiles/tests/parsing_capabilities_by_type/primitives_data/int/err/b64pickle-str-]
(C) /home/travis/build/smarie/python-parsyfiles/parsyfiles/tests/parsing_capabilities_by_type/primitives_data/int/err/b64pickle-str- (singlefile, .txt)
File checks done

Building a parsing plan to parse [/home/travis/build/smarie/python-parsyfiles/parsyfiles/tests/parsing_capabilities_by_type/primitives_data/int/err/b64pickle-str-] into a int
(B) /home/travis/build/smarie/python-parsyfiles/parsyfiles/tests/parsing_capabilities_by_type/primitives_data/int/err/b64pickle-str-.txt -&gt; int ------- using [Try &apos;$&lt;read_str_from_txt&gt; =&gt; &lt;str_to_int&gt;$&apos; then &apos;$&lt;read_str_from_txt&gt; =&gt; &lt;base64_ascii_str_pickle_to_object&gt; -&gt; &lt;bool_to_int&gt;$&apos; then &apos;$&lt;read_str_from_txt&gt; =&gt; &lt;base64_ascii_str_pickle_to_object&gt; -&gt; &lt;float_to_int&gt;$&apos; then &apos;$&lt;read_str_from_txt&gt; =&gt; &lt;base64_ascii_str_pickle_to_object&gt; -&gt; &lt;str_to_int&gt;$&apos; then &apos;$&lt;read_str_from_txt&gt; =&gt; &lt;str_to_bool&gt;$&apos; then &apos;$&lt;read_str_from_txt&gt; =&gt; &lt;base64_ascii_str_pickle_to_object&gt; -&gt; &lt;float_to_bool&gt;$&apos; then &apos;$&lt;read_str_from_txt&gt; =&gt; &lt;base64_ascii_str_pickle_to_object&gt; -&gt; &lt;int_to_bool&gt;$&apos; then &apos;$&lt;read_str_from_txt&gt; =&gt; &lt;base64_ascii_str_pickle_to_object&gt; -&gt; &lt;str_to_bool&gt;$&apos; then &apos;$&lt;read_str_from_txt&gt; =&gt; &lt;base64_ascii_str_pickle_to_object&gt;$]&apos;]
(B)                                                                                                                |--b64pickle-str-.txt -&gt; int ------- using $&lt;read_str_from_txt&gt; =&gt; &lt;str_to_int&gt;$
Parsing Plan created successfully

Executing Parsing Plan for [/home/travis/build/smarie/python-parsyfiles/parsyfiles/tests/parsing_capabilities_by_type/primitives_data/int/err/b64pickle-str-]
(P) /home/travis/build/smarie/python-parsyfiles/parsyfiles/tests/parsing_capabilities_by_type/primitives_data/int/err/b64pickle-str-.txt -&gt; int ------- using $&lt;read_str_from_txt&gt; =&gt; &lt;str_to_int&gt;$
  !! Caught error during execution !!
  File &quot;/home/travis/build/smarie/python-parsyfiles/parsyfiles/plugins_base/support_for_primitive_types.py&quot;, line 37, in primitive_to_int
    source = literal_eval(source)
  File &quot;/opt/python/3.5.5/lib/python3.5/ast.py&quot;, line 46, in literal_eval
    node_or_string = parse(node_or_string, mode=&apos;eval&apos;)
  File &quot;/opt/python/3.5.5/lib/python3.5/ast.py&quot;, line 35, in parse
    return compile(source, filename, mode, PyCF_ONLY_AST)
  ParsingException : Error while parsing /home/travis/build/smarie/python-parsyfiles/parsyfiles/tests/parsing_capabilities_by_type/primitives_data/int/err/b64pickle-str- (singlefile, .txt) as a int with parser &apos;$&lt;read_str_from_txt&gt; =&gt; &lt;str_to_int&gt;$&apos; using options=({&apos;MultifileCollectionParser&apos;: {&apos;lazy_parsing&apos;: False}}) : caught 
  SyntaxError : unexpected EOF while parsing (&lt;unknown&gt;, line 1)
Rebuilding local parsing plan with next candidate parser: $&lt;read_str_from_txt&gt; =&gt; &lt;base64_ascii_str_pickle_to_object&gt; -&gt; &lt;bool_to_int&gt;$
(B)                                                                                                                |--b64pickle-str-.txt -&gt; int ------- using $&lt;read_str_from_txt&gt; =&gt; &lt;base64_ascii_str_pickle_to_object&gt; -&gt; &lt;bool_to_int&gt;$
DONE Rebuilding local parsing plan for [/home/travis/build/smarie/python-parsyfiles/parsyfiles/tests/parsing_capabilities_by_type/primitives_data/int/err/b64pickle-str-.txt]. Resuming parsing...
Executing Parsing Plan for [/home/travis/build/smarie/python-parsyfiles/parsyfiles/tests/parsing_capabilities_by_type/primitives_data/int/err/b64pickle-str-]
(P) /home/travis/build/smarie/python-parsyfiles/parsyfiles/tests/parsing_capabilities_by_type/primitives_data/int/err/b64pickle-str-.txt -&gt; int ------- using $&lt;read_str_from_txt&gt; =&gt; &lt;base64_ascii_str_pickle_to_object&gt; -&gt; &lt;bool_to_int&gt;$
  !! Caught error during execution !!
  File &quot;/home/travis/build/smarie/python-parsyfiles/parsyfiles/converting_core.py&quot;, line 319, in convert
    return self._convert(desired_type, source_obj, logger, options)
  File &quot;/home/travis/build/smarie/python-parsyfiles/parsyfiles/converting_core.py&quot;, line 770, in _convert
    return self._converters_list[-1].convert(desired_type, obj, logger, options)
  File &quot;/home/travis/build/smarie/python-parsyfiles/parsyfiles/converting_core.py&quot;, line 321, in convert
    raise ConversionException.create_not_able_to_convert(source_obj, self, desired_type)
  ParsingException : Error while parsing /home/travis/build/smarie/python-parsyfiles/parsyfiles/tests/parsing_capabilities_by_type/primitives_data/int/err/b64pickle-str- (singlefile, .txt) as a int with parser &apos;$&lt;read_str_from_txt&gt; =&gt; &lt;base64_ascii_str_pickle_to_object&gt; -&gt; &lt;bool_to_int&gt;$&apos; using options=({&apos;MultifileCollectionParser&apos;: {&apos;lazy_parsing&apos;: False}}) : caught 
  ConversionException : Converter &lt;bool_to_int&gt; is not able to ingest source value &apos;&apos; of type &apos;str&apos; and/or convert it to type &apos;int&apos;. This can happen in a chain when the previous step in the chain is generic and actually produced  an output of the wrong type/content
Rebuilding local parsing plan with next candidate parser: $&lt;read_str_from_txt&gt; =&gt; &lt;base64_ascii_str_pickle_to_object&gt; -&gt; &lt;float_to_int&gt;$
(B)                                                                                                                |--b64pickle-str-.txt -&gt; int ------- using $&lt;read_str_from_txt&gt; =&gt; &lt;base64_ascii_str_pickle_to_object&gt; -&gt; &lt;float_to_int&gt;$
DONE Rebuilding local parsing plan for [/home/travis/build/smarie/python-parsyfiles/parsyfiles/tests/parsing_capabilities_by_type/primitives_data/int/err/b64pickle-str-.txt]. Resuming parsing...
Executing Parsing Plan for [/home/travis/build/smarie/python-parsyfiles/parsyfiles/tests/parsing_capabilities_by_type/primitives_data/int/err/b64pickle-str-]
(P) /home/travis/build/smarie/python-parsyfiles/parsyfiles/tests/parsing_capabilities_by_type/primitives_data/int/err/b64pickle-str-.txt -&gt; int ------- using $&lt;read_str_from_txt&gt; =&gt; &lt;base64_ascii_str_pickle_to_object&gt; -&gt; &lt;float_to_int&gt;$
  !! Caught error during execution !!
  File &quot;/home/travis/build/smarie/python-parsyfiles/parsyfiles/converting_core.py&quot;, line 319, in convert
    return self._convert(desired_type, source_obj, logger, options)
  File &quot;/home/travis/build/smarie/python-parsyfiles/parsyfiles/converting_core.py&quot;, line 770, in _convert
    return self._converters_list[-1].convert(desired_type, obj, logger, options)
  File &quot;/home/travis/build/smarie/python-parsyfiles/parsyfiles/converting_core.py&quot;, line 321, in convert
    raise ConversionException.create_not_able_to_convert(source_obj, self, desired_type)
  ParsingException : Error while parsing /home/travis/build/smarie/python-parsyfiles/parsyfiles/tests/parsing_capabilities_by_type/primitives_data/int/err/b64pickle-str- (singlefile, .txt) as a int with parser &apos;$&lt;read_str_from_txt&gt; =&gt; &lt;base64_ascii_str_pickle_to_object&gt; -&gt; &lt;float_to_int&gt;$&apos; using options=({&apos;MultifileCollectionParser&apos;: {&apos;lazy_parsing&apos;: False}}) : caught 
  ConversionException : Converter &lt;float_to_int&gt; is not able to ingest source value &apos;&apos; of type &apos;str&apos; and/or convert it to type &apos;int&apos;. This can happen in a chain when the previous step in the chain is generic and actually produced  an output of the wrong type/content
Rebuilding local parsing plan with next candidate parser: $&lt;read_str_from_txt&gt; =&gt; &lt;base64_ascii_str_pickle_to_object&gt; -&gt; &lt;str_to_int&gt;$
(B)                                                                                                                |--b64pickle-str-.txt -&gt; int ------- using $&lt;read_str_from_txt&gt; =&gt; &lt;base64_ascii_str_pickle_to_object&gt; -&gt; &lt;str_to_int&gt;$
DONE Rebuilding local parsing plan for [/home/travis/build/smarie/python-parsyfiles/parsyfiles/tests/parsing_capabilities_by_type/primitives_data/int/err/b64pickle-str-.txt]. Resuming parsing...
Executing Parsing Plan for [/home/travis/build/smarie/python-parsyfiles/parsyfiles/tests/parsing_capabilities_by_type/primitives_data/int/err/b64pickle-str-]
(P) /home/travis/build/smarie/python-parsyfiles/parsyfiles/tests/parsing_capabilities_by_type/primitives_data/int/err/b64pickle-str-.txt -&gt; int ------- using $&lt;read_str_from_txt&gt; =&gt; &lt;base64_ascii_str_pickle_to_object&gt; -&gt; &lt;str_to_int&gt;$
  !! Caught error during execution !!
  File &quot;/home/travis/build/smarie/python-parsyfiles/parsyfiles/plugins_base/support_for_primitive_types.py&quot;, line 37, in primitive_to_int
    source = literal_eval(source)
  File &quot;/opt/python/3.5.5/lib/python3.5/ast.py&quot;, line 46, in literal_eval
    node_or_string = parse(node_or_string, mode=&apos;eval&apos;)
  File &quot;/opt/python/3.5.5/lib/python3.5/ast.py&quot;, line 35, in parse
    return compile(source, filename, mode, PyCF_ONLY_AST)
  ParsingException : Error while parsing /home/travis/build/smarie/python-parsyfiles/parsyfiles/tests/parsing_capabilities_by_type/primitives_data/int/err/b64pickle-str- (singlefile, .txt) as a int with parser &apos;$&lt;read_str_from_txt&gt; =&gt; &lt;base64_ascii_str_pickle_to_object&gt; -&gt; &lt;str_to_int&gt;$&apos; using options=({&apos;MultifileCollectionParser&apos;: {&apos;lazy_parsing&apos;: False}}) : caught 
  SyntaxError : unexpected EOF while parsing (&lt;unknown&gt;, line 0)
Rebuilding local parsing plan with next candidate parser: $&lt;read_str_from_txt&gt; =&gt; &lt;str_to_bool&gt;$
(B)                                                                                                                |--b64pickle-str-.txt -&gt; int ------- using $&lt;read_str_from_txt&gt; =&gt; &lt;str_to_bool&gt;$
DONE Rebuilding local parsing plan for [/home/travis/build/smarie/python-parsyfiles/parsyfiles/tests/parsing_capabilities_by_type/primitives_data/int/err/b64pickle-str-.txt]. Resuming parsing...
Executing Parsing Plan for [/home/travis/build/smarie/python-parsyfiles/parsyfiles/tests/parsing_capabilities_by_type/primitives_data/int/err/b64pickle-str-]
(P) /home/travis/build/smarie/python-parsyfiles/parsyfiles/tests/parsing_capabilities_by_type/primitives_data/int/err/b64pickle-str-.txt -&gt; int ------- using $&lt;read_str_from_txt&gt; =&gt; &lt;str_to_bool&gt;$
  !! Caught error during execution !!
  File &quot;/home/travis/build/smarie/python-parsyfiles/parsyfiles/converting_core.py&quot;, line 524, in _convert
    return self.conversion_method(desired_type, source_obj, logger, **opts)
  File &quot;/home/travis/build/smarie/python-parsyfiles/parsyfiles/plugins_base/support_for_primitive_types.py&quot;, line 84, in primitive_to_bool
    return bool(strtobool(source))
  File &quot;/opt/python/3.5.5/lib/python3.5/distutils/util.py&quot;, line 317, in strtobool
    raise ValueError(&quot;invalid truth value %r&quot; % (val,))
  ParsingException : Error while parsing /home/travis/build/smarie/python-parsyfiles/parsyfiles/tests/parsing_capabilities_by_type/primitives_data/int/err/b64pickle-str- (singlefile, .txt) as a int with parser &apos;$&lt;read_str_from_txt&gt; =&gt; &lt;str_to_bool&gt;$&apos; using options=({&apos;MultifileCollectionParser&apos;: {&apos;lazy_parsing&apos;: False}}) : caught 
  ValueError : invalid truth value &apos;ganyaaaaahealg==&apos;
Rebuilding local parsing plan with next candidate parser: $&lt;read_str_from_txt&gt; =&gt; &lt;base64_ascii_str_pickle_to_object&gt; -&gt; &lt;float_to_bool&gt;$
(B)                                                                                                                |--b64pickle-str-.txt -&gt; int ------- using $&lt;read_str_from_txt&gt; =&gt; &lt;base64_ascii_str_pickle_to_object&gt; -&gt; &lt;float_to_bool&gt;$
DONE Rebuilding local parsing plan for [/home/travis/build/smarie/python-parsyfiles/parsyfiles/tests/parsing_capabilities_by_type/primitives_data/int/err/b64pickle-str-.txt]. Resuming parsing...
Executing Parsing Plan for [/home/travis/build/smarie/python-parsyfiles/parsyfiles/tests/parsing_capabilities_by_type/primitives_data/int/err/b64pickle-str-]
(P) /home/travis/build/smarie/python-parsyfiles/parsyfiles/tests/parsing_capabilities_by_type/primitives_data/int/err/b64pickle-str-.txt -&gt; int ------- using $&lt;read_str_from_txt&gt; =&gt; &lt;base64_ascii_str_pickle_to_object&gt; -&gt; &lt;float_to_bool&gt;$
  !! Caught error during execution !!
  File &quot;/home/travis/build/smarie/python-parsyfiles/parsyfiles/converting_core.py&quot;, line 319, in convert
    return self._convert(desired_type, source_obj, logger, options)
  File &quot;/home/travis/build/smarie/python-parsyfiles/parsyfiles/converting_core.py&quot;, line 770, in _convert
    return self._converters_list[-1].convert(desired_type, obj, logger, options)
  File &quot;/home/travis/build/smarie/python-parsyfiles/parsyfiles/converting_core.py&quot;, line 321, in convert
    raise ConversionException.create_not_able_to_convert(source_obj, self, desired_type)
  ParsingException : Error while parsing /home/travis/build/smarie/python-parsyfiles/parsyfiles/tests/parsing_capabilities_by_type/primitives_data/int/err/b64pickle-str- (singlefile, .txt) as a int with parser &apos;$&lt;read_str_from_txt&gt; =&gt; &lt;base64_ascii_str_pickle_to_object&gt; -&gt; &lt;float_to_bool&gt;$&apos; using options=({&apos;MultifileCollectionParser&apos;: {&apos;lazy_parsing&apos;: False}}) : caught 
  ConversionException : Converter &lt;float_to_bool&gt; is not able to ingest source value &apos;&apos; of type &apos;str&apos; and/or convert it to type &apos;int&apos;. This can happen in a chain when the previous step in the chain is generic and actually produced  an output of the wrong type/content
Rebuilding local parsing plan with next candidate parser: $&lt;read_str_from_txt&gt; =&gt; &lt;base64_ascii_str_pickle_to_object&gt; -&gt; &lt;int_to_bool&gt;$
(B)                                                                                                                |--b64pickle-str-.txt -&gt; int ------- using $&lt;read_str_from_txt&gt; =&gt; &lt;base64_ascii_str_pickle_to_object&gt; -&gt; &lt;int_to_bool&gt;$
DONE Rebuilding local parsing plan for [/home/travis/build/smarie/python-parsyfiles/parsyfiles/tests/parsing_capabilities_by_type/primitives_data/int/err/b64pickle-str-.txt]. Resuming parsing...
Executing Parsing Plan for [/home/travis/build/smarie/python-parsyfiles/parsyfiles/tests/parsing_capabilities_by_type/primitives_data/int/err/b64pickle-str-]
(P) /home/travis/build/smarie/python-parsyfiles/parsyfiles/tests/parsing_capabilities_by_type/primitives_data/int/err/b64pickle-str-.txt -&gt; int ------- using $&lt;read_str_from_txt&gt; =&gt; &lt;base64_ascii_str_pickle_to_object&gt; -&gt; &lt;int_to_bool&gt;$
  !! Caught error during execution !!
  File &quot;/home/travis/build/smarie/python-parsyfiles/parsyfiles/converting_core.py&quot;, line 319, in convert
    return self._convert(desired_type, source_obj, logger, options)
  File &quot;/home/travis/build/smarie/python-parsyfiles/parsyfiles/converting_core.py&quot;, line 770, in _convert
    return self._converters_list[-1].convert(desired_type, obj, logger, options)
  File &quot;/home/travis/build/smarie/python-parsyfiles/parsyfiles/converting_core.py&quot;, line 321, in convert
    raise ConversionException.create_not_able_to_convert(source_obj, self, desired_type)
  ParsingException : Error while parsing /home/travis/build/smarie/python-parsyfiles/parsyfiles/tests/parsing_capabilities_by_type/primitives_data/int/err/b64pickle-str- (singlefile, .txt) as a int with parser &apos;$&lt;read_str_from_txt&gt; =&gt; &lt;base64_ascii_str_pickle_to_object&gt; -&gt; &lt;int_to_bool&gt;$&apos; using options=({&apos;MultifileCollectionParser&apos;: {&apos;lazy_parsing&apos;: False}}) : caught 
  ConversionException : Converter &lt;int_to_bool&gt; is not able to ingest source value &apos;&apos; of type &apos;str&apos; and/or convert it to type &apos;int&apos;. This can happen in a chain when the previous step in the chain is generic and actually produced  an output of the wrong type/content
Rebuilding local parsing plan with next candidate parser: $&lt;read_str_from_txt&gt; =&gt; &lt;base64_ascii_str_pickle_to_object&gt; -&gt; &lt;str_to_bool&gt;$
(B)                                                                                                                |--b64pickle-str-.txt -&gt; int ------- using $&lt;read_str_from_txt&gt; =&gt; &lt;base64_ascii_str_pickle_to_object&gt; -&gt; &lt;str_to_bool&gt;$
DONE Rebuilding local parsing plan for [/home/travis/build/smarie/python-parsyfiles/parsyfiles/tests/parsing_capabilities_by_type/primitives_data/int/err/b64pickle-str-.txt]. Resuming parsing...
Executing Parsing Plan for [/home/travis/build/smarie/python-parsyfiles/parsyfiles/tests/parsing_capabilities_by_type/primitives_data/int/err/b64pickle-str-]
(P) /home/travis/build/smarie/python-parsyfiles/parsyfiles/tests/parsing_capabilities_by_type/primitives_data/int/err/b64pickle-str-.txt -&gt; int ------- using $&lt;read_str_from_txt&gt; =&gt; &lt;base64_ascii_str_pickle_to_object&gt; -&gt; &lt;str_to_bool&gt;$
  !! Caught error during execution !!
  File &quot;/home/travis/build/smarie/python-parsyfiles/parsyfiles/converting_core.py&quot;, line 524, in _convert
    return self.conversion_method(desired_type, source_obj, logger, **opts)
  File &quot;/home/travis/build/smarie/python-parsyfiles/parsyfiles/plugins_base/support_for_primitive_types.py&quot;, line 84, in primitive_to_bool
    return bool(strtobool(source))
  File &quot;/opt/python/3.5.5/lib/python3.5/distutils/util.py&quot;, line 317, in strtobool
    raise ValueError(&quot;invalid truth value %r&quot; % (val,))
  ParsingException : Error while parsing /home/travis/build/smarie/python-parsyfiles/parsyfiles/tests/parsing_capabilities_by_type/primitives_data/int/err/b64pickle-str- (singlefile, .txt) as a int with parser &apos;$&lt;read_str_from_txt&gt; =&gt; &lt;base64_ascii_str_pickle_to_object&gt; -&gt; &lt;str_to_bool&gt;$&apos; using options=({&apos;MultifileCollectionParser&apos;: {&apos;lazy_parsing&apos;: False}}) : caught 
  ValueError : invalid truth value &apos;&apos;
Rebuilding local parsing plan with next candidate parser: $&lt;read_str_from_txt&gt; =&gt; &lt;base64_ascii_str_pickle_to_object&gt;$
(B)                                                                                                                |--b64pickle-str-.txt -&gt; int ------- using $&lt;read_str_from_txt&gt; =&gt; &lt;base64_ascii_str_pickle_to_object&gt;$
DONE Rebuilding local parsing plan for [/home/travis/build/smarie/python-parsyfiles/parsyfiles/tests/parsing_capabilities_by_type/primitives_data/int/err/b64pickle-str-.txt]. Resuming parsing...
Executing Parsing Plan for [/home/travis/build/smarie/python-parsyfiles/parsyfiles/tests/parsing_capabilities_by_type/primitives_data/int/err/b64pickle-str-]
(P) /home/travis/build/smarie/python-parsyfiles/parsyfiles/tests/parsing_capabilities_by_type/primitives_data/int/err/b64pickle-str-.txt -&gt; int ------- using $&lt;read_str_from_txt&gt; =&gt; &lt;base64_ascii_str_pickle_to_object&gt;$
  !! Caught error during execution !!
  File &quot;/home/travis/build/smarie/python-parsyfiles/parsyfiles/parsing_combining_parsers.py&quot;, line 31, in execute
    return self.pp.execute(logger, options)
  File &quot;/home/travis/build/smarie/python-parsyfiles/parsyfiles/parsing_core.py&quot;, line 139, in execute
    res = super(_BaseParsingPlan, self).execute(logger, options)
  File &quot;/home/travis/build/smarie/python-parsyfiles/parsyfiles/parsing_core_api.py&quot;, line 427, in execute
    res, options)
  ParsingException : Error while parsing /home/travis/build/smarie/python-parsyfiles/parsyfiles/tests/parsing_capabilities_by_type/primitives_data/int/err/b64pickle-str- (singlefile, .txt) as a &lt;class &apos;int&apos;&gt; with parser &apos;$&lt;read_str_from_txt&gt; =&gt; &lt;base64_ascii_str_pickle_to_object&gt;$&apos; using options=({&apos;MultifileCollectionParser&apos;: {&apos;lazy_parsing&apos;: False}}) : 
      parser returned  of type &lt;class &apos;str&apos;&gt; which is not an instance of &lt;class &apos;int&apos;&gt;
</system-out></testcase><testcase classname="parsyfiles.tests.parsing_capabilities_by_type.test_parse_primitives" file="parsyfiles/tests/parsing_capabilities_by_type/test_parse_primitives.py" line="179" name="test_parse_by_type[int-err-pickle-float--5.5.pyc]" time="0.049149274826049805"><system-out>**** Starting to parse single object of type &lt;int&gt; at location /home/travis/build/smarie/python-parsyfiles/parsyfiles/tests/parsing_capabilities_by_type/primitives_data/int/err/pickle-float--5.5 ****
Checking all files under [/home/travis/build/smarie/python-parsyfiles/parsyfiles/tests/parsing_capabilities_by_type/primitives_data/int/err/pickle-float--5.5]
(C) /home/travis/build/smarie/python-parsyfiles/parsyfiles/tests/parsing_capabilities_by_type/primitives_data/int/err/pickle-float--5.5 (singlefile, .pyc)
File checks done

Building a parsing plan to parse [/home/travis/build/smarie/python-parsyfiles/parsyfiles/tests/parsing_capabilities_by_type/primitives_data/int/err/pickle-float--5.5] into a int
(B) /home/travis/build/smarie/python-parsyfiles/parsyfiles/tests/parsing_capabilities_by_type/primitives_data/int/err/pickle-float--5.5.pyc -&gt; int ------- using [Try &apos;$&lt;read_object_from_pickle&gt; =&gt; &lt;bool_to_int&gt;$&apos; then &apos;$&lt;read_object_from_pickle&gt; =&gt; &lt;float_to_int&gt;$&apos; then &apos;$&lt;read_object_from_pickle&gt; =&gt; &lt;str_to_int&gt;$&apos; then &apos;$&lt;read_object_from_pickle&gt; =&gt; &lt;float_to_bool&gt;$&apos; then &apos;$&lt;read_object_from_pickle&gt; =&gt; &lt;int_to_bool&gt;$&apos; then &apos;$&lt;read_object_from_pickle&gt; =&gt; &lt;str_to_bool&gt;$&apos; then &apos;&lt;read_object_from_pickle&gt;]&apos;]
(B)                                                                                                                |--pickle-float--5.5.pyc -&gt; int ------- using $&lt;read_object_from_pickle&gt; =&gt; &lt;bool_to_int&gt;$
Parsing Plan created successfully

Executing Parsing Plan for [/home/travis/build/smarie/python-parsyfiles/parsyfiles/tests/parsing_capabilities_by_type/primitives_data/int/err/pickle-float--5.5]
(P) /home/travis/build/smarie/python-parsyfiles/parsyfiles/tests/parsing_capabilities_by_type/primitives_data/int/err/pickle-float--5.5.pyc -&gt; int ------- using $&lt;read_object_from_pickle&gt; =&gt; &lt;bool_to_int&gt;$
  !! Caught error during execution !!
  File &quot;/home/travis/build/smarie/python-parsyfiles/parsyfiles/parsing_core.py&quot;, line 177, in _execute
    self.get_singlefile_encoding(), logger, options)
  File &quot;/home/travis/build/smarie/python-parsyfiles/parsyfiles/parsing_combining_parsers.py&quot;, line 552, in _parse_singlefile
    return self._converter.convert(desired_type, first, logger, options)
  File &quot;/home/travis/build/smarie/python-parsyfiles/parsyfiles/converting_core.py&quot;, line 321, in convert
    raise ConversionException.create_not_able_to_convert(source_obj, self, desired_type)
  ParsingException : Error while parsing /home/travis/build/smarie/python-parsyfiles/parsyfiles/tests/parsing_capabilities_by_type/primitives_data/int/err/pickle-float--5.5 (singlefile, .pyc) as a int with parser &apos;$&lt;read_object_from_pickle&gt; =&gt; &lt;bool_to_int&gt;$&apos; using options=({&apos;MultifileCollectionParser&apos;: {&apos;lazy_parsing&apos;: False}}) : caught 
  ConversionException : Converter $&lt;bool_to_int&gt;$ is not able to ingest source value &apos;-5.5&apos; of type &apos;float&apos; and/or convert it to type &apos;int&apos;. This can happen in a chain when the previous step in the chain is generic and actually produced  an output of the wrong type/content
Rebuilding local parsing plan with next candidate parser: $&lt;read_object_from_pickle&gt; =&gt; &lt;float_to_int&gt;$
(B)                                                                                                                |--pickle-float--5.5.pyc -&gt; int ------- using $&lt;read_object_from_pickle&gt; =&gt; &lt;float_to_int&gt;$
DONE Rebuilding local parsing plan for [/home/travis/build/smarie/python-parsyfiles/parsyfiles/tests/parsing_capabilities_by_type/primitives_data/int/err/pickle-float--5.5.pyc]. Resuming parsing...
Executing Parsing Plan for [/home/travis/build/smarie/python-parsyfiles/parsyfiles/tests/parsing_capabilities_by_type/primitives_data/int/err/pickle-float--5.5]
(P) /home/travis/build/smarie/python-parsyfiles/parsyfiles/tests/parsing_capabilities_by_type/primitives_data/int/err/pickle-float--5.5.pyc -&gt; int ------- using $&lt;read_object_from_pickle&gt; =&gt; &lt;float_to_int&gt;$
  !! Caught error during execution !!
  File &quot;/home/travis/build/smarie/python-parsyfiles/parsyfiles/converting_core.py&quot;, line 319, in convert
    return self._convert(desired_type, source_obj, logger, options)
  File &quot;/home/travis/build/smarie/python-parsyfiles/parsyfiles/converting_core.py&quot;, line 524, in _convert
    return self.conversion_method(desired_type, source_obj, logger, **opts)
  File &quot;/home/travis/build/smarie/python-parsyfiles/parsyfiles/plugins_base/support_for_primitive_types.py&quot;, line 50, in primitive_to_int
    raise ValueError(&apos;Cannot convert to int : source is a non-integer float: &apos; + str(source))
  ParsingException : Error while parsing /home/travis/build/smarie/python-parsyfiles/parsyfiles/tests/parsing_capabilities_by_type/primitives_data/int/err/pickle-float--5.5 (singlefile, .pyc) as a int with parser &apos;$&lt;read_object_from_pickle&gt; =&gt; &lt;float_to_int&gt;$&apos; using options=({&apos;MultifileCollectionParser&apos;: {&apos;lazy_parsing&apos;: False}}) : caught 
  ValueError : Cannot convert to int : source is a non-integer float: -5.5
Rebuilding local parsing plan with next candidate parser: $&lt;read_object_from_pickle&gt; =&gt; &lt;str_to_int&gt;$
(B)                                                                                                                |--pickle-float--5.5.pyc -&gt; int ------- using $&lt;read_object_from_pickle&gt; =&gt; &lt;str_to_int&gt;$
DONE Rebuilding local parsing plan for [/home/travis/build/smarie/python-parsyfiles/parsyfiles/tests/parsing_capabilities_by_type/primitives_data/int/err/pickle-float--5.5.pyc]. Resuming parsing...
Executing Parsing Plan for [/home/travis/build/smarie/python-parsyfiles/parsyfiles/tests/parsing_capabilities_by_type/primitives_data/int/err/pickle-float--5.5]
(P) /home/travis/build/smarie/python-parsyfiles/parsyfiles/tests/parsing_capabilities_by_type/primitives_data/int/err/pickle-float--5.5.pyc -&gt; int ------- using $&lt;read_object_from_pickle&gt; =&gt; &lt;str_to_int&gt;$
  !! Caught error during execution !!
  File &quot;/home/travis/build/smarie/python-parsyfiles/parsyfiles/parsing_core.py&quot;, line 177, in _execute
    self.get_singlefile_encoding(), logger, options)
  File &quot;/home/travis/build/smarie/python-parsyfiles/parsyfiles/parsing_combining_parsers.py&quot;, line 552, in _parse_singlefile
    return self._converter.convert(desired_type, first, logger, options)
  File &quot;/home/travis/build/smarie/python-parsyfiles/parsyfiles/converting_core.py&quot;, line 321, in convert
    raise ConversionException.create_not_able_to_convert(source_obj, self, desired_type)
  ParsingException : Error while parsing /home/travis/build/smarie/python-parsyfiles/parsyfiles/tests/parsing_capabilities_by_type/primitives_data/int/err/pickle-float--5.5 (singlefile, .pyc) as a int with parser &apos;$&lt;read_object_from_pickle&gt; =&gt; &lt;str_to_int&gt;$&apos; using options=({&apos;MultifileCollectionParser&apos;: {&apos;lazy_parsing&apos;: False}}) : caught 
  ConversionException : Converter $&lt;str_to_int&gt;$ is not able to ingest source value &apos;-5.5&apos; of type &apos;float&apos; and/or convert it to type &apos;int&apos;. This can happen in a chain when the previous step in the chain is generic and actually produced  an output of the wrong type/content
Rebuilding local parsing plan with next candidate parser: $&lt;read_object_from_pickle&gt; =&gt; &lt;float_to_bool&gt;$
(B)                                                                                                                |--pickle-float--5.5.pyc -&gt; int ------- using $&lt;read_object_from_pickle&gt; =&gt; &lt;float_to_bool&gt;$
DONE Rebuilding local parsing plan for [/home/travis/build/smarie/python-parsyfiles/parsyfiles/tests/parsing_capabilities_by_type/primitives_data/int/err/pickle-float--5.5.pyc]. Resuming parsing...
Executing Parsing Plan for [/home/travis/build/smarie/python-parsyfiles/parsyfiles/tests/parsing_capabilities_by_type/primitives_data/int/err/pickle-float--5.5]
(P) /home/travis/build/smarie/python-parsyfiles/parsyfiles/tests/parsing_capabilities_by_type/primitives_data/int/err/pickle-float--5.5.pyc -&gt; int ------- using $&lt;read_object_from_pickle&gt; =&gt; &lt;float_to_bool&gt;$
  !! Caught error during execution !!
  File &quot;/home/travis/build/smarie/python-parsyfiles/parsyfiles/converting_core.py&quot;, line 319, in convert
    return self._convert(desired_type, source_obj, logger, options)
  File &quot;/home/travis/build/smarie/python-parsyfiles/parsyfiles/converting_core.py&quot;, line 524, in _convert
    return self.conversion_method(desired_type, source_obj, logger, **opts)
  File &quot;/home/travis/build/smarie/python-parsyfiles/parsyfiles/plugins_base/support_for_primitive_types.py&quot;, line 91, in primitive_to_bool
    raise ValueError(&apos;Cannot convert to bool : source is a number but is not 1 nor 0 : \&apos;&apos; + str(source) + &apos;\&apos;&apos;)
  ParsingException : Error while parsing /home/travis/build/smarie/python-parsyfiles/parsyfiles/tests/parsing_capabilities_by_type/primitives_data/int/err/pickle-float--5.5 (singlefile, .pyc) as a int with parser &apos;$&lt;read_object_from_pickle&gt; =&gt; &lt;float_to_bool&gt;$&apos; using options=({&apos;MultifileCollectionParser&apos;: {&apos;lazy_parsing&apos;: False}}) : caught 
  ValueError : Cannot convert to bool : source is a number but is not 1 nor 0 : &apos;-5.5&apos;
Rebuilding local parsing plan with next candidate parser: $&lt;read_object_from_pickle&gt; =&gt; &lt;int_to_bool&gt;$
(B)                                                                                                                |--pickle-float--5.5.pyc -&gt; int ------- using $&lt;read_object_from_pickle&gt; =&gt; &lt;int_to_bool&gt;$
DONE Rebuilding local parsing plan for [/home/travis/build/smarie/python-parsyfiles/parsyfiles/tests/parsing_capabilities_by_type/primitives_data/int/err/pickle-float--5.5.pyc]. Resuming parsing...
Executing Parsing Plan for [/home/travis/build/smarie/python-parsyfiles/parsyfiles/tests/parsing_capabilities_by_type/primitives_data/int/err/pickle-float--5.5]
(P) /home/travis/build/smarie/python-parsyfiles/parsyfiles/tests/parsing_capabilities_by_type/primitives_data/int/err/pickle-float--5.5.pyc -&gt; int ------- using $&lt;read_object_from_pickle&gt; =&gt; &lt;int_to_bool&gt;$
  !! Caught error during execution !!
  File &quot;/home/travis/build/smarie/python-parsyfiles/parsyfiles/parsing_core.py&quot;, line 177, in _execute
    self.get_singlefile_encoding(), logger, options)
  File &quot;/home/travis/build/smarie/python-parsyfiles/parsyfiles/parsing_combining_parsers.py&quot;, line 552, in _parse_singlefile
    return self._converter.convert(desired_type, first, logger, options)
  File &quot;/home/travis/build/smarie/python-parsyfiles/parsyfiles/converting_core.py&quot;, line 321, in convert
    raise ConversionException.create_not_able_to_convert(source_obj, self, desired_type)
  ParsingException : Error while parsing /home/travis/build/smarie/python-parsyfiles/parsyfiles/tests/parsing_capabilities_by_type/primitives_data/int/err/pickle-float--5.5 (singlefile, .pyc) as a int with parser &apos;$&lt;read_object_from_pickle&gt; =&gt; &lt;int_to_bool&gt;$&apos; using options=({&apos;MultifileCollectionParser&apos;: {&apos;lazy_parsing&apos;: False}}) : caught 
  ConversionException : Converter $&lt;int_to_bool&gt;$ is not able to ingest source value &apos;-5.5&apos; of type &apos;float&apos; and/or convert it to type &apos;int&apos;. This can happen in a chain when the previous step in the chain is generic and actually produced  an output of the wrong type/content
Rebuilding local parsing plan with next candidate parser: $&lt;read_object_from_pickle&gt; =&gt; &lt;str_to_bool&gt;$
(B)                                                                                                                |--pickle-float--5.5.pyc -&gt; int ------- using $&lt;read_object_from_pickle&gt; =&gt; &lt;str_to_bool&gt;$
DONE Rebuilding local parsing plan for [/home/travis/build/smarie/python-parsyfiles/parsyfiles/tests/parsing_capabilities_by_type/primitives_data/int/err/pickle-float--5.5.pyc]. Resuming parsing...
Executing Parsing Plan for [/home/travis/build/smarie/python-parsyfiles/parsyfiles/tests/parsing_capabilities_by_type/primitives_data/int/err/pickle-float--5.5]
(P) /home/travis/build/smarie/python-parsyfiles/parsyfiles/tests/parsing_capabilities_by_type/primitives_data/int/err/pickle-float--5.5.pyc -&gt; int ------- using $&lt;read_object_from_pickle&gt; =&gt; &lt;str_to_bool&gt;$
  !! Caught error during execution !!
  File &quot;/home/travis/build/smarie/python-parsyfiles/parsyfiles/parsing_core.py&quot;, line 177, in _execute
    self.get_singlefile_encoding(), logger, options)
  File &quot;/home/travis/build/smarie/python-parsyfiles/parsyfiles/parsing_combining_parsers.py&quot;, line 552, in _parse_singlefile
    return self._converter.convert(desired_type, first, logger, options)
  File &quot;/home/travis/build/smarie/python-parsyfiles/parsyfiles/converting_core.py&quot;, line 321, in convert
    raise ConversionException.create_not_able_to_convert(source_obj, self, desired_type)
  ParsingException : Error while parsing /home/travis/build/smarie/python-parsyfiles/parsyfiles/tests/parsing_capabilities_by_type/primitives_data/int/err/pickle-float--5.5 (singlefile, .pyc) as a int with parser &apos;$&lt;read_object_from_pickle&gt; =&gt; &lt;str_to_bool&gt;$&apos; using options=({&apos;MultifileCollectionParser&apos;: {&apos;lazy_parsing&apos;: False}}) : caught 
  ConversionException : Converter $&lt;str_to_bool&gt;$ is not able to ingest source value &apos;-5.5&apos; of type &apos;float&apos; and/or convert it to type &apos;int&apos;. This can happen in a chain when the previous step in the chain is generic and actually produced  an output of the wrong type/content
Rebuilding local parsing plan with next candidate parser: &lt;read_object_from_pickle&gt;
(B)                                                                                                                |--pickle-float--5.5.pyc -&gt; int ------- using &lt;read_object_from_pickle&gt;
DONE Rebuilding local parsing plan for [/home/travis/build/smarie/python-parsyfiles/parsyfiles/tests/parsing_capabilities_by_type/primitives_data/int/err/pickle-float--5.5.pyc]. Resuming parsing...
Executing Parsing Plan for [/home/travis/build/smarie/python-parsyfiles/parsyfiles/tests/parsing_capabilities_by_type/primitives_data/int/err/pickle-float--5.5]
(P) /home/travis/build/smarie/python-parsyfiles/parsyfiles/tests/parsing_capabilities_by_type/primitives_data/int/err/pickle-float--5.5.pyc -&gt; int ------- using &lt;read_object_from_pickle&gt;
  !! Caught error during execution !!
  File &quot;/home/travis/build/smarie/python-parsyfiles/parsyfiles/parsing_combining_parsers.py&quot;, line 31, in execute
    return self.pp.execute(logger, options)
  File &quot;/home/travis/build/smarie/python-parsyfiles/parsyfiles/parsing_core.py&quot;, line 139, in execute
    res = super(_BaseParsingPlan, self).execute(logger, options)
  File &quot;/home/travis/build/smarie/python-parsyfiles/parsyfiles/parsing_core_api.py&quot;, line 427, in execute
    res, options)
  ParsingException : Error while parsing /home/travis/build/smarie/python-parsyfiles/parsyfiles/tests/parsing_capabilities_by_type/primitives_data/int/err/pickle-float--5.5 (singlefile, .pyc) as a &lt;class &apos;int&apos;&gt; with parser &apos;&lt;read_object_from_pickle&gt;&apos; using options=({&apos;MultifileCollectionParser&apos;: {&apos;lazy_parsing&apos;: False}}) : 
      parser returned -5.5 of type &lt;class &apos;float&apos;&gt; which is not an instance of &lt;class &apos;int&apos;&gt;
</system-out></testcase><testcase classname="parsyfiles.tests.parsing_capabilities_by_type.test_parse_primitives" file="parsyfiles/tests/parsing_capabilities_by_type/test_parse_primitives.py" line="179" name="test_parse_by_type[int-err-b64pickle-str-truth.txt]" time="0.055703163146972656"><system-out>**** Starting to parse single object of type &lt;int&gt; at location /home/travis/build/smarie/python-parsyfiles/parsyfiles/tests/parsing_capabilities_by_type/primitives_data/int/err/b64pickle-str-truth ****
Checking all files under [/home/travis/build/smarie/python-parsyfiles/parsyfiles/tests/parsing_capabilities_by_type/primitives_data/int/err/b64pickle-str-truth]
(C) /home/travis/build/smarie/python-parsyfiles/parsyfiles/tests/parsing_capabilities_by_type/primitives_data/int/err/b64pickle-str-truth (singlefile, .txt)
File checks done

Building a parsing plan to parse [/home/travis/build/smarie/python-parsyfiles/parsyfiles/tests/parsing_capabilities_by_type/primitives_data/int/err/b64pickle-str-truth] into a int
(B) /home/travis/build/smarie/python-parsyfiles/parsyfiles/tests/parsing_capabilities_by_type/primitives_data/int/err/b64pickle-str-truth.txt -&gt; int ------- using [Try &apos;$&lt;read_str_from_txt&gt; =&gt; &lt;str_to_int&gt;$&apos; then &apos;$&lt;read_str_from_txt&gt; =&gt; &lt;base64_ascii_str_pickle_to_object&gt; -&gt; &lt;bool_to_int&gt;$&apos; then &apos;$&lt;read_str_from_txt&gt; =&gt; &lt;base64_ascii_str_pickle_to_object&gt; -&gt; &lt;float_to_int&gt;$&apos; then &apos;$&lt;read_str_from_txt&gt; =&gt; &lt;base64_ascii_str_pickle_to_object&gt; -&gt; &lt;str_to_int&gt;$&apos; then &apos;$&lt;read_str_from_txt&gt; =&gt; &lt;str_to_bool&gt;$&apos; then &apos;$&lt;read_str_from_txt&gt; =&gt; &lt;base64_ascii_str_pickle_to_object&gt; -&gt; &lt;float_to_bool&gt;$&apos; then &apos;$&lt;read_str_from_txt&gt; =&gt; &lt;base64_ascii_str_pickle_to_object&gt; -&gt; &lt;int_to_bool&gt;$&apos; then &apos;$&lt;read_str_from_txt&gt; =&gt; &lt;base64_ascii_str_pickle_to_object&gt; -&gt; &lt;str_to_bool&gt;$&apos; then &apos;$&lt;read_str_from_txt&gt; =&gt; &lt;base64_ascii_str_pickle_to_object&gt;$]&apos;]
(B)                                                                                                                |--b64pickle-str-truth.txt -&gt; int ------- using $&lt;read_str_from_txt&gt; =&gt; &lt;str_to_int&gt;$
Parsing Plan created successfully

Executing Parsing Plan for [/home/travis/build/smarie/python-parsyfiles/parsyfiles/tests/parsing_capabilities_by_type/primitives_data/int/err/b64pickle-str-truth]
(P) /home/travis/build/smarie/python-parsyfiles/parsyfiles/tests/parsing_capabilities_by_type/primitives_data/int/err/b64pickle-str-truth.txt -&gt; int ------- using $&lt;read_str_from_txt&gt; =&gt; &lt;str_to_int&gt;$
  !! Caught error during execution !!
  File &quot;/home/travis/build/smarie/python-parsyfiles/parsyfiles/plugins_base/support_for_primitive_types.py&quot;, line 37, in primitive_to_int
    source = literal_eval(source)
  File &quot;/opt/python/3.5.5/lib/python3.5/ast.py&quot;, line 84, in literal_eval
    return _convert(node_or_string)
  File &quot;/opt/python/3.5.5/lib/python3.5/ast.py&quot;, line 83, in _convert
    raise ValueError(&apos;malformed node or string: &apos; + repr(node))
  ParsingException : Error while parsing /home/travis/build/smarie/python-parsyfiles/parsyfiles/tests/parsing_capabilities_by_type/primitives_data/int/err/b64pickle-str-truth (singlefile, .txt) as a int with parser &apos;$&lt;read_str_from_txt&gt; =&gt; &lt;str_to_int&gt;$&apos; using options=({&apos;MultifileCollectionParser&apos;: {&apos;lazy_parsing&apos;: False}}) : caught 
  ValueError : malformed node or string: &lt;_ast.Name object at 0x7fab06ed1e80&gt;
Rebuilding local parsing plan with next candidate parser: $&lt;read_str_from_txt&gt; =&gt; &lt;base64_ascii_str_pickle_to_object&gt; -&gt; &lt;bool_to_int&gt;$
(B)                                                                                                                |--b64pickle-str-truth.txt -&gt; int ------- using $&lt;read_str_from_txt&gt; =&gt; &lt;base64_ascii_str_pickle_to_object&gt; -&gt; &lt;bool_to_int&gt;$
DONE Rebuilding local parsing plan for [/home/travis/build/smarie/python-parsyfiles/parsyfiles/tests/parsing_capabilities_by_type/primitives_data/int/err/b64pickle-str-truth.txt]. Resuming parsing...
Executing Parsing Plan for [/home/travis/build/smarie/python-parsyfiles/parsyfiles/tests/parsing_capabilities_by_type/primitives_data/int/err/b64pickle-str-truth]
(P) /home/travis/build/smarie/python-parsyfiles/parsyfiles/tests/parsing_capabilities_by_type/primitives_data/int/err/b64pickle-str-truth.txt -&gt; int ------- using $&lt;read_str_from_txt&gt; =&gt; &lt;base64_ascii_str_pickle_to_object&gt; -&gt; &lt;bool_to_int&gt;$
  !! Caught error during execution !!
  File &quot;/home/travis/build/smarie/python-parsyfiles/parsyfiles/converting_core.py&quot;, line 319, in convert
    return self._convert(desired_type, source_obj, logger, options)
  File &quot;/home/travis/build/smarie/python-parsyfiles/parsyfiles/converting_core.py&quot;, line 770, in _convert
    return self._converters_list[-1].convert(desired_type, obj, logger, options)
  File &quot;/home/travis/build/smarie/python-parsyfiles/parsyfiles/converting_core.py&quot;, line 321, in convert
    raise ConversionException.create_not_able_to_convert(source_obj, self, desired_type)
  ParsingException : Error while parsing /home/travis/build/smarie/python-parsyfiles/parsyfiles/tests/parsing_capabilities_by_type/primitives_data/int/err/b64pickle-str-truth (singlefile, .txt) as a int with parser &apos;$&lt;read_str_from_txt&gt; =&gt; &lt;base64_ascii_str_pickle_to_object&gt; -&gt; &lt;bool_to_int&gt;$&apos; using options=({&apos;MultifileCollectionParser&apos;: {&apos;lazy_parsing&apos;: False}}) : caught 
  ConversionException : Converter &lt;bool_to_int&gt; is not able to ingest source value &apos;truth&apos; of type &apos;str&apos; and/or convert it to type &apos;int&apos;. This can happen in a chain when the previous step in the chain is generic and actually produced  an output of the wrong type/content
Rebuilding local parsing plan with next candidate parser: $&lt;read_str_from_txt&gt; =&gt; &lt;base64_ascii_str_pickle_to_object&gt; -&gt; &lt;float_to_int&gt;$
(B)                                                                                                                |--b64pickle-str-truth.txt -&gt; int ------- using $&lt;read_str_from_txt&gt; =&gt; &lt;base64_ascii_str_pickle_to_object&gt; -&gt; &lt;float_to_int&gt;$
DONE Rebuilding local parsing plan for [/home/travis/build/smarie/python-parsyfiles/parsyfiles/tests/parsing_capabilities_by_type/primitives_data/int/err/b64pickle-str-truth.txt]. Resuming parsing...
Executing Parsing Plan for [/home/travis/build/smarie/python-parsyfiles/parsyfiles/tests/parsing_capabilities_by_type/primitives_data/int/err/b64pickle-str-truth]
(P) /home/travis/build/smarie/python-parsyfiles/parsyfiles/tests/parsing_capabilities_by_type/primitives_data/int/err/b64pickle-str-truth.txt -&gt; int ------- using $&lt;read_str_from_txt&gt; =&gt; &lt;base64_ascii_str_pickle_to_object&gt; -&gt; &lt;float_to_int&gt;$
  !! Caught error during execution !!
  File &quot;/home/travis/build/smarie/python-parsyfiles/parsyfiles/converting_core.py&quot;, line 319, in convert
    return self._convert(desired_type, source_obj, logger, options)
  File &quot;/home/travis/build/smarie/python-parsyfiles/parsyfiles/converting_core.py&quot;, line 770, in _convert
    return self._converters_list[-1].convert(desired_type, obj, logger, options)
  File &quot;/home/travis/build/smarie/python-parsyfiles/parsyfiles/converting_core.py&quot;, line 321, in convert
    raise ConversionException.create_not_able_to_convert(source_obj, self, desired_type)
  ParsingException : Error while parsing /home/travis/build/smarie/python-parsyfiles/parsyfiles/tests/parsing_capabilities_by_type/primitives_data/int/err/b64pickle-str-truth (singlefile, .txt) as a int with parser &apos;$&lt;read_str_from_txt&gt; =&gt; &lt;base64_ascii_str_pickle_to_object&gt; -&gt; &lt;float_to_int&gt;$&apos; using options=({&apos;MultifileCollectionParser&apos;: {&apos;lazy_parsing&apos;: False}}) : caught 
  ConversionException : Converter &lt;float_to_int&gt; is not able to ingest source value &apos;truth&apos; of type &apos;str&apos; and/or convert it to type &apos;int&apos;. This can happen in a chain when the previous step in the chain is generic and actually produced  an output of the wrong type/content
Rebuilding local parsing plan with next candidate parser: $&lt;read_str_from_txt&gt; =&gt; &lt;base64_ascii_str_pickle_to_object&gt; -&gt; &lt;str_to_int&gt;$
(B)                                                                                                                |--b64pickle-str-truth.txt -&gt; int ------- using $&lt;read_str_from_txt&gt; =&gt; &lt;base64_ascii_str_pickle_to_object&gt; -&gt; &lt;str_to_int&gt;$
DONE Rebuilding local parsing plan for [/home/travis/build/smarie/python-parsyfiles/parsyfiles/tests/parsing_capabilities_by_type/primitives_data/int/err/b64pickle-str-truth.txt]. Resuming parsing...
Executing Parsing Plan for [/home/travis/build/smarie/python-parsyfiles/parsyfiles/tests/parsing_capabilities_by_type/primitives_data/int/err/b64pickle-str-truth]
(P) /home/travis/build/smarie/python-parsyfiles/parsyfiles/tests/parsing_capabilities_by_type/primitives_data/int/err/b64pickle-str-truth.txt -&gt; int ------- using $&lt;read_str_from_txt&gt; =&gt; &lt;base64_ascii_str_pickle_to_object&gt; -&gt; &lt;str_to_int&gt;$
  !! Caught error during execution !!
  File &quot;/home/travis/build/smarie/python-parsyfiles/parsyfiles/plugins_base/support_for_primitive_types.py&quot;, line 37, in primitive_to_int
    source = literal_eval(source)
  File &quot;/opt/python/3.5.5/lib/python3.5/ast.py&quot;, line 84, in literal_eval
    return _convert(node_or_string)
  File &quot;/opt/python/3.5.5/lib/python3.5/ast.py&quot;, line 83, in _convert
    raise ValueError(&apos;malformed node or string: &apos; + repr(node))
  ParsingException : Error while parsing /home/travis/build/smarie/python-parsyfiles/parsyfiles/tests/parsing_capabilities_by_type/primitives_data/int/err/b64pickle-str-truth (singlefile, .txt) as a int with parser &apos;$&lt;read_str_from_txt&gt; =&gt; &lt;base64_ascii_str_pickle_to_object&gt; -&gt; &lt;str_to_int&gt;$&apos; using options=({&apos;MultifileCollectionParser&apos;: {&apos;lazy_parsing&apos;: False}}) : caught 
  ValueError : malformed node or string: &lt;_ast.Name object at 0x7fab06e54518&gt;
Rebuilding local parsing plan with next candidate parser: $&lt;read_str_from_txt&gt; =&gt; &lt;str_to_bool&gt;$
(B)                                                                                                                |--b64pickle-str-truth.txt -&gt; int ------- using $&lt;read_str_from_txt&gt; =&gt; &lt;str_to_bool&gt;$
DONE Rebuilding local parsing plan for [/home/travis/build/smarie/python-parsyfiles/parsyfiles/tests/parsing_capabilities_by_type/primitives_data/int/err/b64pickle-str-truth.txt]. Resuming parsing...
Executing Parsing Plan for [/home/travis/build/smarie/python-parsyfiles/parsyfiles/tests/parsing_capabilities_by_type/primitives_data/int/err/b64pickle-str-truth]
(P) /home/travis/build/smarie/python-parsyfiles/parsyfiles/tests/parsing_capabilities_by_type/primitives_data/int/err/b64pickle-str-truth.txt -&gt; int ------- using $&lt;read_str_from_txt&gt; =&gt; &lt;str_to_bool&gt;$
  !! Caught error during execution !!
  File &quot;/home/travis/build/smarie/python-parsyfiles/parsyfiles/converting_core.py&quot;, line 524, in _convert
    return self.conversion_method(desired_type, source_obj, logger, **opts)
  File &quot;/home/travis/build/smarie/python-parsyfiles/parsyfiles/plugins_base/support_for_primitive_types.py&quot;, line 84, in primitive_to_bool
    return bool(strtobool(source))
  File &quot;/opt/python/3.5.5/lib/python3.5/distutils/util.py&quot;, line 317, in strtobool
    raise ValueError(&quot;invalid truth value %r&quot; % (val,))
  ParsingException : Error while parsing /home/travis/build/smarie/python-parsyfiles/parsyfiles/tests/parsing_capabilities_by_type/primitives_data/int/err/b64pickle-str-truth (singlefile, .txt) as a int with parser &apos;$&lt;read_str_from_txt&gt; =&gt; &lt;str_to_bool&gt;$&apos; using options=({&apos;MultifileCollectionParser&apos;: {&apos;lazy_parsing&apos;: False}}) : caught 
  ValueError : invalid truth value &apos;ganybqaaahrydxrocqau&apos;
Rebuilding local parsing plan with next candidate parser: $&lt;read_str_from_txt&gt; =&gt; &lt;base64_ascii_str_pickle_to_object&gt; -&gt; &lt;float_to_bool&gt;$
(B)                                                                                                                |--b64pickle-str-truth.txt -&gt; int ------- using $&lt;read_str_from_txt&gt; =&gt; &lt;base64_ascii_str_pickle_to_object&gt; -&gt; &lt;float_to_bool&gt;$
DONE Rebuilding local parsing plan for [/home/travis/build/smarie/python-parsyfiles/parsyfiles/tests/parsing_capabilities_by_type/primitives_data/int/err/b64pickle-str-truth.txt]. Resuming parsing...
Executing Parsing Plan for [/home/travis/build/smarie/python-parsyfiles/parsyfiles/tests/parsing_capabilities_by_type/primitives_data/int/err/b64pickle-str-truth]
(P) /home/travis/build/smarie/python-parsyfiles/parsyfiles/tests/parsing_capabilities_by_type/primitives_data/int/err/b64pickle-str-truth.txt -&gt; int ------- using $&lt;read_str_from_txt&gt; =&gt; &lt;base64_ascii_str_pickle_to_object&gt; -&gt; &lt;float_to_bool&gt;$
  !! Caught error during execution !!
  File &quot;/home/travis/build/smarie/python-parsyfiles/parsyfiles/converting_core.py&quot;, line 319, in convert
    return self._convert(desired_type, source_obj, logger, options)
  File &quot;/home/travis/build/smarie/python-parsyfiles/parsyfiles/converting_core.py&quot;, line 770, in _convert
    return self._converters_list[-1].convert(desired_type, obj, logger, options)
  File &quot;/home/travis/build/smarie/python-parsyfiles/parsyfiles/converting_core.py&quot;, line 321, in convert
    raise ConversionException.create_not_able_to_convert(source_obj, self, desired_type)
  ParsingException : Error while parsing /home/travis/build/smarie/python-parsyfiles/parsyfiles/tests/parsing_capabilities_by_type/primitives_data/int/err/b64pickle-str-truth (singlefile, .txt) as a int with parser &apos;$&lt;read_str_from_txt&gt; =&gt; &lt;base64_ascii_str_pickle_to_object&gt; -&gt; &lt;float_to_bool&gt;$&apos; using options=({&apos;MultifileCollectionParser&apos;: {&apos;lazy_parsing&apos;: False}}) : caught 
  ConversionException : Converter &lt;float_to_bool&gt; is not able to ingest source value &apos;truth&apos; of type &apos;str&apos; and/or convert it to type &apos;int&apos;. This can happen in a chain when the previous step in the chain is generic and actually produced  an output of the wrong type/content
Rebuilding local parsing plan with next candidate parser: $&lt;read_str_from_txt&gt; =&gt; &lt;base64_ascii_str_pickle_to_object&gt; -&gt; &lt;int_to_bool&gt;$
(B)                                                                                                                |--b64pickle-str-truth.txt -&gt; int ------- using $&lt;read_str_from_txt&gt; =&gt; &lt;base64_ascii_str_pickle_to_object&gt; -&gt; &lt;int_to_bool&gt;$
DONE Rebuilding local parsing plan for [/home/travis/build/smarie/python-parsyfiles/parsyfiles/tests/parsing_capabilities_by_type/primitives_data/int/err/b64pickle-str-truth.txt]. Resuming parsing...
Executing Parsing Plan for [/home/travis/build/smarie/python-parsyfiles/parsyfiles/tests/parsing_capabilities_by_type/primitives_data/int/err/b64pickle-str-truth]
(P) /home/travis/build/smarie/python-parsyfiles/parsyfiles/tests/parsing_capabilities_by_type/primitives_data/int/err/b64pickle-str-truth.txt -&gt; int ------- using $&lt;read_str_from_txt&gt; =&gt; &lt;base64_ascii_str_pickle_to_object&gt; -&gt; &lt;int_to_bool&gt;$
  !! Caught error during execution !!
  File &quot;/home/travis/build/smarie/python-parsyfiles/parsyfiles/converting_core.py&quot;, line 319, in convert
    return self._convert(desired_type, source_obj, logger, options)
  File &quot;/home/travis/build/smarie/python-parsyfiles/parsyfiles/converting_core.py&quot;, line 770, in _convert
    return self._converters_list[-1].convert(desired_type, obj, logger, options)
  File &quot;/home/travis/build/smarie/python-parsyfiles/parsyfiles/converting_core.py&quot;, line 321, in convert
    raise ConversionException.create_not_able_to_convert(source_obj, self, desired_type)
  ParsingException : Error while parsing /home/travis/build/smarie/python-parsyfiles/parsyfiles/tests/parsing_capabilities_by_type/primitives_data/int/err/b64pickle-str-truth (singlefile, .txt) as a int with parser &apos;$&lt;read_str_from_txt&gt; =&gt; &lt;base64_ascii_str_pickle_to_object&gt; -&gt; &lt;int_to_bool&gt;$&apos; using options=({&apos;MultifileCollectionParser&apos;: {&apos;lazy_parsing&apos;: False}}) : caught 
  ConversionException : Converter &lt;int_to_bool&gt; is not able to ingest source value &apos;truth&apos; of type &apos;str&apos; and/or convert it to type &apos;int&apos;. This can happen in a chain when the previous step in the chain is generic and actually produced  an output of the wrong type/content
Rebuilding local parsing plan with next candidate parser: $&lt;read_str_from_txt&gt; =&gt; &lt;base64_ascii_str_pickle_to_object&gt; -&gt; &lt;str_to_bool&gt;$
(B)                                                                                                                |--b64pickle-str-truth.txt -&gt; int ------- using $&lt;read_str_from_txt&gt; =&gt; &lt;base64_ascii_str_pickle_to_object&gt; -&gt; &lt;str_to_bool&gt;$
DONE Rebuilding local parsing plan for [/home/travis/build/smarie/python-parsyfiles/parsyfiles/tests/parsing_capabilities_by_type/primitives_data/int/err/b64pickle-str-truth.txt]. Resuming parsing...
Executing Parsing Plan for [/home/travis/build/smarie/python-parsyfiles/parsyfiles/tests/parsing_capabilities_by_type/primitives_data/int/err/b64pickle-str-truth]
(P) /home/travis/build/smarie/python-parsyfiles/parsyfiles/tests/parsing_capabilities_by_type/primitives_data/int/err/b64pickle-str-truth.txt -&gt; int ------- using $&lt;read_str_from_txt&gt; =&gt; &lt;base64_ascii_str_pickle_to_object&gt; -&gt; &lt;str_to_bool&gt;$
  !! Caught error during execution !!
  File &quot;/home/travis/build/smarie/python-parsyfiles/parsyfiles/converting_core.py&quot;, line 524, in _convert
    return self.conversion_method(desired_type, source_obj, logger, **opts)
  File &quot;/home/travis/build/smarie/python-parsyfiles/parsyfiles/plugins_base/support_for_primitive_types.py&quot;, line 84, in primitive_to_bool
    return bool(strtobool(source))
  File &quot;/opt/python/3.5.5/lib/python3.5/distutils/util.py&quot;, line 317, in strtobool
    raise ValueError(&quot;invalid truth value %r&quot; % (val,))
  ParsingException : Error while parsing /home/travis/build/smarie/python-parsyfiles/parsyfiles/tests/parsing_capabilities_by_type/primitives_data/int/err/b64pickle-str-truth (singlefile, .txt) as a int with parser &apos;$&lt;read_str_from_txt&gt; =&gt; &lt;base64_ascii_str_pickle_to_object&gt; -&gt; &lt;str_to_bool&gt;$&apos; using options=({&apos;MultifileCollectionParser&apos;: {&apos;lazy_parsing&apos;: False}}) : caught 
  ValueError : invalid truth value &apos;truth&apos;
Rebuilding local parsing plan with next candidate parser: $&lt;read_str_from_txt&gt; =&gt; &lt;base64_ascii_str_pickle_to_object&gt;$
(B)                                                                                                                |--b64pickle-str-truth.txt -&gt; int ------- using $&lt;read_str_from_txt&gt; =&gt; &lt;base64_ascii_str_pickle_to_object&gt;$
DONE Rebuilding local parsing plan for [/home/travis/build/smarie/python-parsyfiles/parsyfiles/tests/parsing_capabilities_by_type/primitives_data/int/err/b64pickle-str-truth.txt]. Resuming parsing...
Executing Parsing Plan for [/home/travis/build/smarie/python-parsyfiles/parsyfiles/tests/parsing_capabilities_by_type/primitives_data/int/err/b64pickle-str-truth]
(P) /home/travis/build/smarie/python-parsyfiles/parsyfiles/tests/parsing_capabilities_by_type/primitives_data/int/err/b64pickle-str-truth.txt -&gt; int ------- using $&lt;read_str_from_txt&gt; =&gt; &lt;base64_ascii_str_pickle_to_object&gt;$
  !! Caught error during execution !!
  File &quot;/home/travis/build/smarie/python-parsyfiles/parsyfiles/parsing_combining_parsers.py&quot;, line 31, in execute
    return self.pp.execute(logger, options)
  File &quot;/home/travis/build/smarie/python-parsyfiles/parsyfiles/parsing_core.py&quot;, line 139, in execute
    res = super(_BaseParsingPlan, self).execute(logger, options)
  File &quot;/home/travis/build/smarie/python-parsyfiles/parsyfiles/parsing_core_api.py&quot;, line 427, in execute
    res, options)
  ParsingException : Error while parsing /home/travis/build/smarie/python-parsyfiles/parsyfiles/tests/parsing_capabilities_by_type/primitives_data/int/err/b64pickle-str-truth (singlefile, .txt) as a &lt;class &apos;int&apos;&gt; with parser &apos;$&lt;read_str_from_txt&gt; =&gt; &lt;base64_ascii_str_pickle_to_object&gt;$&apos; using options=({&apos;MultifileCollectionParser&apos;: {&apos;lazy_parsing&apos;: False}}) : 
      parser returned truth of type &lt;class &apos;str&apos;&gt; which is not an instance of &lt;class &apos;int&apos;&gt;
</system-out></testcase><testcase classname="parsyfiles.tests.parsing_capabilities_by_type.test_parse_primitives" file="parsyfiles/tests/parsing_capabilities_by_type/test_parse_primitives.py" line="179" name="test_parse_by_type[int-err-txt-str-truth.txt]" time="0.055466413497924805"><system-out>**** Starting to parse single object of type &lt;int&gt; at location /home/travis/build/smarie/python-parsyfiles/parsyfiles/tests/parsing_capabilities_by_type/primitives_data/int/err/txt-str-truth ****
Checking all files under [/home/travis/build/smarie/python-parsyfiles/parsyfiles/tests/parsing_capabilities_by_type/primitives_data/int/err/txt-str-truth]
(C) /home/travis/build/smarie/python-parsyfiles/parsyfiles/tests/parsing_capabilities_by_type/primitives_data/int/err/txt-str-truth (singlefile, .txt)
File checks done

Building a parsing plan to parse [/home/travis/build/smarie/python-parsyfiles/parsyfiles/tests/parsing_capabilities_by_type/primitives_data/int/err/txt-str-truth] into a int
(B) /home/travis/build/smarie/python-parsyfiles/parsyfiles/tests/parsing_capabilities_by_type/primitives_data/int/err/txt-str-truth.txt -&gt; int ------- using [Try &apos;$&lt;read_str_from_txt&gt; =&gt; &lt;str_to_int&gt;$&apos; then &apos;$&lt;read_str_from_txt&gt; =&gt; &lt;base64_ascii_str_pickle_to_object&gt; -&gt; &lt;bool_to_int&gt;$&apos; then &apos;$&lt;read_str_from_txt&gt; =&gt; &lt;base64_ascii_str_pickle_to_object&gt; -&gt; &lt;float_to_int&gt;$&apos; then &apos;$&lt;read_str_from_txt&gt; =&gt; &lt;base64_ascii_str_pickle_to_object&gt; -&gt; &lt;str_to_int&gt;$&apos; then &apos;$&lt;read_str_from_txt&gt; =&gt; &lt;str_to_bool&gt;$&apos; then &apos;$&lt;read_str_from_txt&gt; =&gt; &lt;base64_ascii_str_pickle_to_object&gt; -&gt; &lt;float_to_bool&gt;$&apos; then &apos;$&lt;read_str_from_txt&gt; =&gt; &lt;base64_ascii_str_pickle_to_object&gt; -&gt; &lt;int_to_bool&gt;$&apos; then &apos;$&lt;read_str_from_txt&gt; =&gt; &lt;base64_ascii_str_pickle_to_object&gt; -&gt; &lt;str_to_bool&gt;$&apos; then &apos;$&lt;read_str_from_txt&gt; =&gt; &lt;base64_ascii_str_pickle_to_object&gt;$]&apos;]
(B)                                                                                                                |--txt-str-truth.txt -&gt; int ------- using $&lt;read_str_from_txt&gt; =&gt; &lt;str_to_int&gt;$
Parsing Plan created successfully

Executing Parsing Plan for [/home/travis/build/smarie/python-parsyfiles/parsyfiles/tests/parsing_capabilities_by_type/primitives_data/int/err/txt-str-truth]
(P) /home/travis/build/smarie/python-parsyfiles/parsyfiles/tests/parsing_capabilities_by_type/primitives_data/int/err/txt-str-truth.txt -&gt; int ------- using $&lt;read_str_from_txt&gt; =&gt; &lt;str_to_int&gt;$
  !! Caught error during execution !!
  File &quot;/home/travis/build/smarie/python-parsyfiles/parsyfiles/plugins_base/support_for_primitive_types.py&quot;, line 37, in primitive_to_int
    source = literal_eval(source)
  File &quot;/opt/python/3.5.5/lib/python3.5/ast.py&quot;, line 84, in literal_eval
    return _convert(node_or_string)
  File &quot;/opt/python/3.5.5/lib/python3.5/ast.py&quot;, line 83, in _convert
    raise ValueError(&apos;malformed node or string: &apos; + repr(node))
  ParsingException : Error while parsing /home/travis/build/smarie/python-parsyfiles/parsyfiles/tests/parsing_capabilities_by_type/primitives_data/int/err/txt-str-truth (singlefile, .txt) as a int with parser &apos;$&lt;read_str_from_txt&gt; =&gt; &lt;str_to_int&gt;$&apos; using options=({&apos;MultifileCollectionParser&apos;: {&apos;lazy_parsing&apos;: False}}) : caught 
  ValueError : malformed node or string: &lt;_ast.Name object at 0x7fab06e62080&gt;
Rebuilding local parsing plan with next candidate parser: $&lt;read_str_from_txt&gt; =&gt; &lt;base64_ascii_str_pickle_to_object&gt; -&gt; &lt;bool_to_int&gt;$
(B)                                                                                                                |--txt-str-truth.txt -&gt; int ------- using $&lt;read_str_from_txt&gt; =&gt; &lt;base64_ascii_str_pickle_to_object&gt; -&gt; &lt;bool_to_int&gt;$
DONE Rebuilding local parsing plan for [/home/travis/build/smarie/python-parsyfiles/parsyfiles/tests/parsing_capabilities_by_type/primitives_data/int/err/txt-str-truth.txt]. Resuming parsing...
Executing Parsing Plan for [/home/travis/build/smarie/python-parsyfiles/parsyfiles/tests/parsing_capabilities_by_type/primitives_data/int/err/txt-str-truth]
(P) /home/travis/build/smarie/python-parsyfiles/parsyfiles/tests/parsing_capabilities_by_type/primitives_data/int/err/txt-str-truth.txt -&gt; int ------- using $&lt;read_str_from_txt&gt; =&gt; &lt;base64_ascii_str_pickle_to_object&gt; -&gt; &lt;bool_to_int&gt;$
  !! Caught error during execution !!
  File &quot;/home/travis/build/smarie/python-parsyfiles/parsyfiles/converting_core.py&quot;, line 524, in _convert
    return self.conversion_method(desired_type, source_obj, logger, **opts)
  File &quot;/home/travis/build/smarie/python-parsyfiles/parsyfiles/plugins_base/support_for_objects.py&quot;, line 54, in base64_ascii_str_pickle_to_object
    return pickle.loads(base64.b64decode(b64_ascii_str), fix_imports=True, encoding=&quot;ASCII&quot;, errors=&quot;strict&quot;)
  File &quot;/home/travis/virtualenv/python3.5.5/lib/python3.5/base64.py&quot;, line 88, in b64decode
    return binascii.a2b_base64(s)
  ParsingException : Error while parsing /home/travis/build/smarie/python-parsyfiles/parsyfiles/tests/parsing_capabilities_by_type/primitives_data/int/err/txt-str-truth (singlefile, .txt) as a int with parser &apos;$&lt;read_str_from_txt&gt; =&gt; &lt;base64_ascii_str_pickle_to_object&gt; -&gt; &lt;bool_to_int&gt;$&apos; using options=({&apos;MultifileCollectionParser&apos;: {&apos;lazy_parsing&apos;: False}}) : caught 
  Error : Incorrect padding
Rebuilding local parsing plan with next candidate parser: $&lt;read_str_from_txt&gt; =&gt; &lt;base64_ascii_str_pickle_to_object&gt; -&gt; &lt;float_to_int&gt;$
(B)                                                                                                                |--txt-str-truth.txt -&gt; int ------- using $&lt;read_str_from_txt&gt; =&gt; &lt;base64_ascii_str_pickle_to_object&gt; -&gt; &lt;float_to_int&gt;$
DONE Rebuilding local parsing plan for [/home/travis/build/smarie/python-parsyfiles/parsyfiles/tests/parsing_capabilities_by_type/primitives_data/int/err/txt-str-truth.txt]. Resuming parsing...
Executing Parsing Plan for [/home/travis/build/smarie/python-parsyfiles/parsyfiles/tests/parsing_capabilities_by_type/primitives_data/int/err/txt-str-truth]
(P) /home/travis/build/smarie/python-parsyfiles/parsyfiles/tests/parsing_capabilities_by_type/primitives_data/int/err/txt-str-truth.txt -&gt; int ------- using $&lt;read_str_from_txt&gt; =&gt; &lt;base64_ascii_str_pickle_to_object&gt; -&gt; &lt;float_to_int&gt;$
  !! Caught error during execution !!
  File &quot;/home/travis/build/smarie/python-parsyfiles/parsyfiles/converting_core.py&quot;, line 524, in _convert
    return self.conversion_method(desired_type, source_obj, logger, **opts)
  File &quot;/home/travis/build/smarie/python-parsyfiles/parsyfiles/plugins_base/support_for_objects.py&quot;, line 54, in base64_ascii_str_pickle_to_object
    return pickle.loads(base64.b64decode(b64_ascii_str), fix_imports=True, encoding=&quot;ASCII&quot;, errors=&quot;strict&quot;)
  File &quot;/home/travis/virtualenv/python3.5.5/lib/python3.5/base64.py&quot;, line 88, in b64decode
    return binascii.a2b_base64(s)
  ParsingException : Error while parsing /home/travis/build/smarie/python-parsyfiles/parsyfiles/tests/parsing_capabilities_by_type/primitives_data/int/err/txt-str-truth (singlefile, .txt) as a int with parser &apos;$&lt;read_str_from_txt&gt; =&gt; &lt;base64_ascii_str_pickle_to_object&gt; -&gt; &lt;float_to_int&gt;$&apos; using options=({&apos;MultifileCollectionParser&apos;: {&apos;lazy_parsing&apos;: False}}) : caught 
  Error : Incorrect padding
Rebuilding local parsing plan with next candidate parser: $&lt;read_str_from_txt&gt; =&gt; &lt;base64_ascii_str_pickle_to_object&gt; -&gt; &lt;str_to_int&gt;$
(B)                                                                                                                |--txt-str-truth.txt -&gt; int ------- using $&lt;read_str_from_txt&gt; =&gt; &lt;base64_ascii_str_pickle_to_object&gt; -&gt; &lt;str_to_int&gt;$
DONE Rebuilding local parsing plan for [/home/travis/build/smarie/python-parsyfiles/parsyfiles/tests/parsing_capabilities_by_type/primitives_data/int/err/txt-str-truth.txt]. Resuming parsing...
Executing Parsing Plan for [/home/travis/build/smarie/python-parsyfiles/parsyfiles/tests/parsing_capabilities_by_type/primitives_data/int/err/txt-str-truth]
(P) /home/travis/build/smarie/python-parsyfiles/parsyfiles/tests/parsing_capabilities_by_type/primitives_data/int/err/txt-str-truth.txt -&gt; int ------- using $&lt;read_str_from_txt&gt; =&gt; &lt;base64_ascii_str_pickle_to_object&gt; -&gt; &lt;str_to_int&gt;$
  !! Caught error during execution !!
  File &quot;/home/travis/build/smarie/python-parsyfiles/parsyfiles/converting_core.py&quot;, line 524, in _convert
    return self.conversion_method(desired_type, source_obj, logger, **opts)
  File &quot;/home/travis/build/smarie/python-parsyfiles/parsyfiles/plugins_base/support_for_objects.py&quot;, line 54, in base64_ascii_str_pickle_to_object
    return pickle.loads(base64.b64decode(b64_ascii_str), fix_imports=True, encoding=&quot;ASCII&quot;, errors=&quot;strict&quot;)
  File &quot;/home/travis/virtualenv/python3.5.5/lib/python3.5/base64.py&quot;, line 88, in b64decode
    return binascii.a2b_base64(s)
  ParsingException : Error while parsing /home/travis/build/smarie/python-parsyfiles/parsyfiles/tests/parsing_capabilities_by_type/primitives_data/int/err/txt-str-truth (singlefile, .txt) as a int with parser &apos;$&lt;read_str_from_txt&gt; =&gt; &lt;base64_ascii_str_pickle_to_object&gt; -&gt; &lt;str_to_int&gt;$&apos; using options=({&apos;MultifileCollectionParser&apos;: {&apos;lazy_parsing&apos;: False}}) : caught 
  Error : Incorrect padding
Rebuilding local parsing plan with next candidate parser: $&lt;read_str_from_txt&gt; =&gt; &lt;str_to_bool&gt;$
(B)                                                                                                                |--txt-str-truth.txt -&gt; int ------- using $&lt;read_str_from_txt&gt; =&gt; &lt;str_to_bool&gt;$
DONE Rebuilding local parsing plan for [/home/travis/build/smarie/python-parsyfiles/parsyfiles/tests/parsing_capabilities_by_type/primitives_data/int/err/txt-str-truth.txt]. Resuming parsing...
Executing Parsing Plan for [/home/travis/build/smarie/python-parsyfiles/parsyfiles/tests/parsing_capabilities_by_type/primitives_data/int/err/txt-str-truth]
(P) /home/travis/build/smarie/python-parsyfiles/parsyfiles/tests/parsing_capabilities_by_type/primitives_data/int/err/txt-str-truth.txt -&gt; int ------- using $&lt;read_str_from_txt&gt; =&gt; &lt;str_to_bool&gt;$
  !! Caught error during execution !!
  File &quot;/home/travis/build/smarie/python-parsyfiles/parsyfiles/converting_core.py&quot;, line 524, in _convert
    return self.conversion_method(desired_type, source_obj, logger, **opts)
  File &quot;/home/travis/build/smarie/python-parsyfiles/parsyfiles/plugins_base/support_for_primitive_types.py&quot;, line 84, in primitive_to_bool
    return bool(strtobool(source))
  File &quot;/opt/python/3.5.5/lib/python3.5/distutils/util.py&quot;, line 317, in strtobool
    raise ValueError(&quot;invalid truth value %r&quot; % (val,))
  ParsingException : Error while parsing /home/travis/build/smarie/python-parsyfiles/parsyfiles/tests/parsing_capabilities_by_type/primitives_data/int/err/txt-str-truth (singlefile, .txt) as a int with parser &apos;$&lt;read_str_from_txt&gt; =&gt; &lt;str_to_bool&gt;$&apos; using options=({&apos;MultifileCollectionParser&apos;: {&apos;lazy_parsing&apos;: False}}) : caught 
  ValueError : invalid truth value &apos;truth&apos;
Rebuilding local parsing plan with next candidate parser: $&lt;read_str_from_txt&gt; =&gt; &lt;base64_ascii_str_pickle_to_object&gt; -&gt; &lt;float_to_bool&gt;$
(B)                                                                                                                |--txt-str-truth.txt -&gt; int ------- using $&lt;read_str_from_txt&gt; =&gt; &lt;base64_ascii_str_pickle_to_object&gt; -&gt; &lt;float_to_bool&gt;$
DONE Rebuilding local parsing plan for [/home/travis/build/smarie/python-parsyfiles/parsyfiles/tests/parsing_capabilities_by_type/primitives_data/int/err/txt-str-truth.txt]. Resuming parsing...
Executing Parsing Plan for [/home/travis/build/smarie/python-parsyfiles/parsyfiles/tests/parsing_capabilities_by_type/primitives_data/int/err/txt-str-truth]
(P) /home/travis/build/smarie/python-parsyfiles/parsyfiles/tests/parsing_capabilities_by_type/primitives_data/int/err/txt-str-truth.txt -&gt; int ------- using $&lt;read_str_from_txt&gt; =&gt; &lt;base64_ascii_str_pickle_to_object&gt; -&gt; &lt;float_to_bool&gt;$
  !! Caught error during execution !!
  File &quot;/home/travis/build/smarie/python-parsyfiles/parsyfiles/converting_core.py&quot;, line 524, in _convert
    return self.conversion_method(desired_type, source_obj, logger, **opts)
  File &quot;/home/travis/build/smarie/python-parsyfiles/parsyfiles/plugins_base/support_for_objects.py&quot;, line 54, in base64_ascii_str_pickle_to_object
    return pickle.loads(base64.b64decode(b64_ascii_str), fix_imports=True, encoding=&quot;ASCII&quot;, errors=&quot;strict&quot;)
  File &quot;/home/travis/virtualenv/python3.5.5/lib/python3.5/base64.py&quot;, line 88, in b64decode
    return binascii.a2b_base64(s)
  ParsingException : Error while parsing /home/travis/build/smarie/python-parsyfiles/parsyfiles/tests/parsing_capabilities_by_type/primitives_data/int/err/txt-str-truth (singlefile, .txt) as a int with parser &apos;$&lt;read_str_from_txt&gt; =&gt; &lt;base64_ascii_str_pickle_to_object&gt; -&gt; &lt;float_to_bool&gt;$&apos; using options=({&apos;MultifileCollectionParser&apos;: {&apos;lazy_parsing&apos;: False}}) : caught 
  Error : Incorrect padding
Rebuilding local parsing plan with next candidate parser: $&lt;read_str_from_txt&gt; =&gt; &lt;base64_ascii_str_pickle_to_object&gt; -&gt; &lt;int_to_bool&gt;$
(B)                                                                                                                |--txt-str-truth.txt -&gt; int ------- using $&lt;read_str_from_txt&gt; =&gt; &lt;base64_ascii_str_pickle_to_object&gt; -&gt; &lt;int_to_bool&gt;$
DONE Rebuilding local parsing plan for [/home/travis/build/smarie/python-parsyfiles/parsyfiles/tests/parsing_capabilities_by_type/primitives_data/int/err/txt-str-truth.txt]. Resuming parsing...
Executing Parsing Plan for [/home/travis/build/smarie/python-parsyfiles/parsyfiles/tests/parsing_capabilities_by_type/primitives_data/int/err/txt-str-truth]
(P) /home/travis/build/smarie/python-parsyfiles/parsyfiles/tests/parsing_capabilities_by_type/primitives_data/int/err/txt-str-truth.txt -&gt; int ------- using $&lt;read_str_from_txt&gt; =&gt; &lt;base64_ascii_str_pickle_to_object&gt; -&gt; &lt;int_to_bool&gt;$
  !! Caught error during execution !!
  File &quot;/home/travis/build/smarie/python-parsyfiles/parsyfiles/converting_core.py&quot;, line 524, in _convert
    return self.conversion_method(desired_type, source_obj, logger, **opts)
  File &quot;/home/travis/build/smarie/python-parsyfiles/parsyfiles/plugins_base/support_for_objects.py&quot;, line 54, in base64_ascii_str_pickle_to_object
    return pickle.loads(base64.b64decode(b64_ascii_str), fix_imports=True, encoding=&quot;ASCII&quot;, errors=&quot;strict&quot;)
  File &quot;/home/travis/virtualenv/python3.5.5/lib/python3.5/base64.py&quot;, line 88, in b64decode
    return binascii.a2b_base64(s)
  ParsingException : Error while parsing /home/travis/build/smarie/python-parsyfiles/parsyfiles/tests/parsing_capabilities_by_type/primitives_data/int/err/txt-str-truth (singlefile, .txt) as a int with parser &apos;$&lt;read_str_from_txt&gt; =&gt; &lt;base64_ascii_str_pickle_to_object&gt; -&gt; &lt;int_to_bool&gt;$&apos; using options=({&apos;MultifileCollectionParser&apos;: {&apos;lazy_parsing&apos;: False}}) : caught 
  Error : Incorrect padding
Rebuilding local parsing plan with next candidate parser: $&lt;read_str_from_txt&gt; =&gt; &lt;base64_ascii_str_pickle_to_object&gt; -&gt; &lt;str_to_bool&gt;$
(B)                                                                                                                |--txt-str-truth.txt -&gt; int ------- using $&lt;read_str_from_txt&gt; =&gt; &lt;base64_ascii_str_pickle_to_object&gt; -&gt; &lt;str_to_bool&gt;$
DONE Rebuilding local parsing plan for [/home/travis/build/smarie/python-parsyfiles/parsyfiles/tests/parsing_capabilities_by_type/primitives_data/int/err/txt-str-truth.txt]. Resuming parsing...
Executing Parsing Plan for [/home/travis/build/smarie/python-parsyfiles/parsyfiles/tests/parsing_capabilities_by_type/primitives_data/int/err/txt-str-truth]
(P) /home/travis/build/smarie/python-parsyfiles/parsyfiles/tests/parsing_capabilities_by_type/primitives_data/int/err/txt-str-truth.txt -&gt; int ------- using $&lt;read_str_from_txt&gt; =&gt; &lt;base64_ascii_str_pickle_to_object&gt; -&gt; &lt;str_to_bool&gt;$
  !! Caught error during execution !!
  File &quot;/home/travis/build/smarie/python-parsyfiles/parsyfiles/converting_core.py&quot;, line 524, in _convert
    return self.conversion_method(desired_type, source_obj, logger, **opts)
  File &quot;/home/travis/build/smarie/python-parsyfiles/parsyfiles/plugins_base/support_for_objects.py&quot;, line 54, in base64_ascii_str_pickle_to_object
    return pickle.loads(base64.b64decode(b64_ascii_str), fix_imports=True, encoding=&quot;ASCII&quot;, errors=&quot;strict&quot;)
  File &quot;/home/travis/virtualenv/python3.5.5/lib/python3.5/base64.py&quot;, line 88, in b64decode
    return binascii.a2b_base64(s)
  ParsingException : Error while parsing /home/travis/build/smarie/python-parsyfiles/parsyfiles/tests/parsing_capabilities_by_type/primitives_data/int/err/txt-str-truth (singlefile, .txt) as a int with parser &apos;$&lt;read_str_from_txt&gt; =&gt; &lt;base64_ascii_str_pickle_to_object&gt; -&gt; &lt;str_to_bool&gt;$&apos; using options=({&apos;MultifileCollectionParser&apos;: {&apos;lazy_parsing&apos;: False}}) : caught 
  Error : Incorrect padding
Rebuilding local parsing plan with next candidate parser: $&lt;read_str_from_txt&gt; =&gt; &lt;base64_ascii_str_pickle_to_object&gt;$
(B)                                                                                                                |--txt-str-truth.txt -&gt; int ------- using $&lt;read_str_from_txt&gt; =&gt; &lt;base64_ascii_str_pickle_to_object&gt;$
DONE Rebuilding local parsing plan for [/home/travis/build/smarie/python-parsyfiles/parsyfiles/tests/parsing_capabilities_by_type/primitives_data/int/err/txt-str-truth.txt]. Resuming parsing...
Executing Parsing Plan for [/home/travis/build/smarie/python-parsyfiles/parsyfiles/tests/parsing_capabilities_by_type/primitives_data/int/err/txt-str-truth]
(P) /home/travis/build/smarie/python-parsyfiles/parsyfiles/tests/parsing_capabilities_by_type/primitives_data/int/err/txt-str-truth.txt -&gt; int ------- using $&lt;read_str_from_txt&gt; =&gt; &lt;base64_ascii_str_pickle_to_object&gt;$
  !! Caught error during execution !!
  File &quot;/home/travis/build/smarie/python-parsyfiles/parsyfiles/converting_core.py&quot;, line 524, in _convert
    return self.conversion_method(desired_type, source_obj, logger, **opts)
  File &quot;/home/travis/build/smarie/python-parsyfiles/parsyfiles/plugins_base/support_for_objects.py&quot;, line 54, in base64_ascii_str_pickle_to_object
    return pickle.loads(base64.b64decode(b64_ascii_str), fix_imports=True, encoding=&quot;ASCII&quot;, errors=&quot;strict&quot;)
  File &quot;/home/travis/virtualenv/python3.5.5/lib/python3.5/base64.py&quot;, line 88, in b64decode
    return binascii.a2b_base64(s)
  ParsingException : Error while parsing /home/travis/build/smarie/python-parsyfiles/parsyfiles/tests/parsing_capabilities_by_type/primitives_data/int/err/txt-str-truth (singlefile, .txt) as a int with parser &apos;$&lt;read_str_from_txt&gt; =&gt; &lt;base64_ascii_str_pickle_to_object&gt;$&apos; using options=({&apos;MultifileCollectionParser&apos;: {&apos;lazy_parsing&apos;: False}}) : caught 
  Error : Incorrect padding
</system-out></testcase><testcase classname="parsyfiles.tests.parsing_capabilities_by_type.test_parse_primitives" file="parsyfiles/tests/parsing_capabilities_by_type/test_parse_primitives.py" line="179" name="test_parse_by_type[int-err-b64pickle-float--5.5.txt]" time="0.05692625045776367"><system-out>**** Starting to parse single object of type &lt;int&gt; at location /home/travis/build/smarie/python-parsyfiles/parsyfiles/tests/parsing_capabilities_by_type/primitives_data/int/err/b64pickle-float--5.5 ****
Checking all files under [/home/travis/build/smarie/python-parsyfiles/parsyfiles/tests/parsing_capabilities_by_type/primitives_data/int/err/b64pickle-float--5.5]
(C) /home/travis/build/smarie/python-parsyfiles/parsyfiles/tests/parsing_capabilities_by_type/primitives_data/int/err/b64pickle-float--5.5 (singlefile, .txt)
File checks done

Building a parsing plan to parse [/home/travis/build/smarie/python-parsyfiles/parsyfiles/tests/parsing_capabilities_by_type/primitives_data/int/err/b64pickle-float--5.5] into a int
(B) /home/travis/build/smarie/python-parsyfiles/parsyfiles/tests/parsing_capabilities_by_type/primitives_data/int/err/b64pickle-float--5.5.txt -&gt; int ------- using [Try &apos;$&lt;read_str_from_txt&gt; =&gt; &lt;str_to_int&gt;$&apos; then &apos;$&lt;read_str_from_txt&gt; =&gt; &lt;base64_ascii_str_pickle_to_object&gt; -&gt; &lt;bool_to_int&gt;$&apos; then &apos;$&lt;read_str_from_txt&gt; =&gt; &lt;base64_ascii_str_pickle_to_object&gt; -&gt; &lt;float_to_int&gt;$&apos; then &apos;$&lt;read_str_from_txt&gt; =&gt; &lt;base64_ascii_str_pickle_to_object&gt; -&gt; &lt;str_to_int&gt;$&apos; then &apos;$&lt;read_str_from_txt&gt; =&gt; &lt;str_to_bool&gt;$&apos; then &apos;$&lt;read_str_from_txt&gt; =&gt; &lt;base64_ascii_str_pickle_to_object&gt; -&gt; &lt;float_to_bool&gt;$&apos; then &apos;$&lt;read_str_from_txt&gt; =&gt; &lt;base64_ascii_str_pickle_to_object&gt; -&gt; &lt;int_to_bool&gt;$&apos; then &apos;$&lt;read_str_from_txt&gt; =&gt; &lt;base64_ascii_str_pickle_to_object&gt; -&gt; &lt;str_to_bool&gt;$&apos; then &apos;$&lt;read_str_from_txt&gt; =&gt; &lt;base64_ascii_str_pickle_to_object&gt;$]&apos;]
(B)                                                                                                                |--b64pickle-float--5.5.txt -&gt; int ------- using $&lt;read_str_from_txt&gt; =&gt; &lt;str_to_int&gt;$
Parsing Plan created successfully

Executing Parsing Plan for [/home/travis/build/smarie/python-parsyfiles/parsyfiles/tests/parsing_capabilities_by_type/primitives_data/int/err/b64pickle-float--5.5]
(P) /home/travis/build/smarie/python-parsyfiles/parsyfiles/tests/parsing_capabilities_by_type/primitives_data/int/err/b64pickle-float--5.5.txt -&gt; int ------- using $&lt;read_str_from_txt&gt; =&gt; &lt;str_to_int&gt;$
  !! Caught error during execution !!
  File &quot;/home/travis/build/smarie/python-parsyfiles/parsyfiles/plugins_base/support_for_primitive_types.py&quot;, line 37, in primitive_to_int
    source = literal_eval(source)
  File &quot;/opt/python/3.5.5/lib/python3.5/ast.py&quot;, line 84, in literal_eval
    return _convert(node_or_string)
  File &quot;/opt/python/3.5.5/lib/python3.5/ast.py&quot;, line 83, in _convert
    raise ValueError(&apos;malformed node or string: &apos; + repr(node))
  ParsingException : Error while parsing /home/travis/build/smarie/python-parsyfiles/parsyfiles/tests/parsing_capabilities_by_type/primitives_data/int/err/b64pickle-float--5.5 (singlefile, .txt) as a int with parser &apos;$&lt;read_str_from_txt&gt; =&gt; &lt;str_to_int&gt;$&apos; using options=({&apos;MultifileCollectionParser&apos;: {&apos;lazy_parsing&apos;: False}}) : caught 
  ValueError : malformed node or string: &lt;_ast.Name object at 0x7fab06ed1940&gt;
Rebuilding local parsing plan with next candidate parser: $&lt;read_str_from_txt&gt; =&gt; &lt;base64_ascii_str_pickle_to_object&gt; -&gt; &lt;bool_to_int&gt;$
(B)                                                                                                                |--b64pickle-float--5.5.txt -&gt; int ------- using $&lt;read_str_from_txt&gt; =&gt; &lt;base64_ascii_str_pickle_to_object&gt; -&gt; &lt;bool_to_int&gt;$
DONE Rebuilding local parsing plan for [/home/travis/build/smarie/python-parsyfiles/parsyfiles/tests/parsing_capabilities_by_type/primitives_data/int/err/b64pickle-float--5.5.txt]. Resuming parsing...
Executing Parsing Plan for [/home/travis/build/smarie/python-parsyfiles/parsyfiles/tests/parsing_capabilities_by_type/primitives_data/int/err/b64pickle-float--5.5]
(P) /home/travis/build/smarie/python-parsyfiles/parsyfiles/tests/parsing_capabilities_by_type/primitives_data/int/err/b64pickle-float--5.5.txt -&gt; int ------- using $&lt;read_str_from_txt&gt; =&gt; &lt;base64_ascii_str_pickle_to_object&gt; -&gt; &lt;bool_to_int&gt;$
  !! Caught error during execution !!
  File &quot;/home/travis/build/smarie/python-parsyfiles/parsyfiles/converting_core.py&quot;, line 319, in convert
    return self._convert(desired_type, source_obj, logger, options)
  File &quot;/home/travis/build/smarie/python-parsyfiles/parsyfiles/converting_core.py&quot;, line 770, in _convert
    return self._converters_list[-1].convert(desired_type, obj, logger, options)
  File &quot;/home/travis/build/smarie/python-parsyfiles/parsyfiles/converting_core.py&quot;, line 321, in convert
    raise ConversionException.create_not_able_to_convert(source_obj, self, desired_type)
  ParsingException : Error while parsing /home/travis/build/smarie/python-parsyfiles/parsyfiles/tests/parsing_capabilities_by_type/primitives_data/int/err/b64pickle-float--5.5 (singlefile, .txt) as a int with parser &apos;$&lt;read_str_from_txt&gt; =&gt; &lt;base64_ascii_str_pickle_to_object&gt; -&gt; &lt;bool_to_int&gt;$&apos; using options=({&apos;MultifileCollectionParser&apos;: {&apos;lazy_parsing&apos;: False}}) : caught 
  ConversionException : Converter &lt;bool_to_int&gt; is not able to ingest source value &apos;-5.5&apos; of type &apos;float&apos; and/or convert it to type &apos;int&apos;. This can happen in a chain when the previous step in the chain is generic and actually produced  an output of the wrong type/content
Rebuilding local parsing plan with next candidate parser: $&lt;read_str_from_txt&gt; =&gt; &lt;base64_ascii_str_pickle_to_object&gt; -&gt; &lt;float_to_int&gt;$
(B)                                                                                                                |--b64pickle-float--5.5.txt -&gt; int ------- using $&lt;read_str_from_txt&gt; =&gt; &lt;base64_ascii_str_pickle_to_object&gt; -&gt; &lt;float_to_int&gt;$
DONE Rebuilding local parsing plan for [/home/travis/build/smarie/python-parsyfiles/parsyfiles/tests/parsing_capabilities_by_type/primitives_data/int/err/b64pickle-float--5.5.txt]. Resuming parsing...
Executing Parsing Plan for [/home/travis/build/smarie/python-parsyfiles/parsyfiles/tests/parsing_capabilities_by_type/primitives_data/int/err/b64pickle-float--5.5]
(P) /home/travis/build/smarie/python-parsyfiles/parsyfiles/tests/parsing_capabilities_by_type/primitives_data/int/err/b64pickle-float--5.5.txt -&gt; int ------- using $&lt;read_str_from_txt&gt; =&gt; &lt;base64_ascii_str_pickle_to_object&gt; -&gt; &lt;float_to_int&gt;$
  !! Caught error during execution !!
  File &quot;/home/travis/build/smarie/python-parsyfiles/parsyfiles/converting_core.py&quot;, line 319, in convert
    return self._convert(desired_type, source_obj, logger, options)
  File &quot;/home/travis/build/smarie/python-parsyfiles/parsyfiles/converting_core.py&quot;, line 524, in _convert
    return self.conversion_method(desired_type, source_obj, logger, **opts)
  File &quot;/home/travis/build/smarie/python-parsyfiles/parsyfiles/plugins_base/support_for_primitive_types.py&quot;, line 50, in primitive_to_int
    raise ValueError(&apos;Cannot convert to int : source is a non-integer float: &apos; + str(source))
  ParsingException : Error while parsing /home/travis/build/smarie/python-parsyfiles/parsyfiles/tests/parsing_capabilities_by_type/primitives_data/int/err/b64pickle-float--5.5 (singlefile, .txt) as a int with parser &apos;$&lt;read_str_from_txt&gt; =&gt; &lt;base64_ascii_str_pickle_to_object&gt; -&gt; &lt;float_to_int&gt;$&apos; using options=({&apos;MultifileCollectionParser&apos;: {&apos;lazy_parsing&apos;: False}}) : caught 
  ValueError : Cannot convert to int : source is a non-integer float: -5.5
Rebuilding local parsing plan with next candidate parser: $&lt;read_str_from_txt&gt; =&gt; &lt;base64_ascii_str_pickle_to_object&gt; -&gt; &lt;str_to_int&gt;$
(B)                                                                                                                |--b64pickle-float--5.5.txt -&gt; int ------- using $&lt;read_str_from_txt&gt; =&gt; &lt;base64_ascii_str_pickle_to_object&gt; -&gt; &lt;str_to_int&gt;$
DONE Rebuilding local parsing plan for [/home/travis/build/smarie/python-parsyfiles/parsyfiles/tests/parsing_capabilities_by_type/primitives_data/int/err/b64pickle-float--5.5.txt]. Resuming parsing...
Executing Parsing Plan for [/home/travis/build/smarie/python-parsyfiles/parsyfiles/tests/parsing_capabilities_by_type/primitives_data/int/err/b64pickle-float--5.5]
(P) /home/travis/build/smarie/python-parsyfiles/parsyfiles/tests/parsing_capabilities_by_type/primitives_data/int/err/b64pickle-float--5.5.txt -&gt; int ------- using $&lt;read_str_from_txt&gt; =&gt; &lt;base64_ascii_str_pickle_to_object&gt; -&gt; &lt;str_to_int&gt;$
  !! Caught error during execution !!
  File &quot;/home/travis/build/smarie/python-parsyfiles/parsyfiles/converting_core.py&quot;, line 319, in convert
    return self._convert(desired_type, source_obj, logger, options)
  File &quot;/home/travis/build/smarie/python-parsyfiles/parsyfiles/converting_core.py&quot;, line 770, in _convert
    return self._converters_list[-1].convert(desired_type, obj, logger, options)
  File &quot;/home/travis/build/smarie/python-parsyfiles/parsyfiles/converting_core.py&quot;, line 321, in convert
    raise ConversionException.create_not_able_to_convert(source_obj, self, desired_type)
  ParsingException : Error while parsing /home/travis/build/smarie/python-parsyfiles/parsyfiles/tests/parsing_capabilities_by_type/primitives_data/int/err/b64pickle-float--5.5 (singlefile, .txt) as a int with parser &apos;$&lt;read_str_from_txt&gt; =&gt; &lt;base64_ascii_str_pickle_to_object&gt; -&gt; &lt;str_to_int&gt;$&apos; using options=({&apos;MultifileCollectionParser&apos;: {&apos;lazy_parsing&apos;: False}}) : caught 
  ConversionException : Converter &lt;str_to_int&gt; is not able to ingest source value &apos;-5.5&apos; of type &apos;float&apos; and/or convert it to type &apos;int&apos;. This can happen in a chain when the previous step in the chain is generic and actually produced  an output of the wrong type/content
Rebuilding local parsing plan with next candidate parser: $&lt;read_str_from_txt&gt; =&gt; &lt;str_to_bool&gt;$
(B)                                                                                                                |--b64pickle-float--5.5.txt -&gt; int ------- using $&lt;read_str_from_txt&gt; =&gt; &lt;str_to_bool&gt;$
DONE Rebuilding local parsing plan for [/home/travis/build/smarie/python-parsyfiles/parsyfiles/tests/parsing_capabilities_by_type/primitives_data/int/err/b64pickle-float--5.5.txt]. Resuming parsing...
Executing Parsing Plan for [/home/travis/build/smarie/python-parsyfiles/parsyfiles/tests/parsing_capabilities_by_type/primitives_data/int/err/b64pickle-float--5.5]
(P) /home/travis/build/smarie/python-parsyfiles/parsyfiles/tests/parsing_capabilities_by_type/primitives_data/int/err/b64pickle-float--5.5.txt -&gt; int ------- using $&lt;read_str_from_txt&gt; =&gt; &lt;str_to_bool&gt;$
  !! Caught error during execution !!
  File &quot;/home/travis/build/smarie/python-parsyfiles/parsyfiles/converting_core.py&quot;, line 524, in _convert
    return self.conversion_method(desired_type, source_obj, logger, **opts)
  File &quot;/home/travis/build/smarie/python-parsyfiles/parsyfiles/plugins_base/support_for_primitive_types.py&quot;, line 84, in primitive_to_bool
    return bool(strtobool(source))
  File &quot;/opt/python/3.5.5/lib/python3.5/distutils/util.py&quot;, line 317, in strtobool
    raise ValueError(&quot;invalid truth value %r&quot; % (val,))
  ParsingException : Error while parsing /home/travis/build/smarie/python-parsyfiles/parsyfiles/tests/parsing_capabilities_by_type/primitives_data/int/err/b64pickle-float--5.5 (singlefile, .txt) as a int with parser &apos;$&lt;read_str_from_txt&gt; =&gt; &lt;str_to_bool&gt;$&apos; using options=({&apos;MultifileCollectionParser&apos;: {&apos;lazy_parsing&apos;: False}}) : caught 
  ValueError : invalid truth value &apos;ganhwbyaaaaaaaau&apos;
Rebuilding local parsing plan with next candidate parser: $&lt;read_str_from_txt&gt; =&gt; &lt;base64_ascii_str_pickle_to_object&gt; -&gt; &lt;float_to_bool&gt;$
(B)                                                                                                                |--b64pickle-float--5.5.txt -&gt; int ------- using $&lt;read_str_from_txt&gt; =&gt; &lt;base64_ascii_str_pickle_to_object&gt; -&gt; &lt;float_to_bool&gt;$
DONE Rebuilding local parsing plan for [/home/travis/build/smarie/python-parsyfiles/parsyfiles/tests/parsing_capabilities_by_type/primitives_data/int/err/b64pickle-float--5.5.txt]. Resuming parsing...
Executing Parsing Plan for [/home/travis/build/smarie/python-parsyfiles/parsyfiles/tests/parsing_capabilities_by_type/primitives_data/int/err/b64pickle-float--5.5]
(P) /home/travis/build/smarie/python-parsyfiles/parsyfiles/tests/parsing_capabilities_by_type/primitives_data/int/err/b64pickle-float--5.5.txt -&gt; int ------- using $&lt;read_str_from_txt&gt; =&gt; &lt;base64_ascii_str_pickle_to_object&gt; -&gt; &lt;float_to_bool&gt;$
  !! Caught error during execution !!
  File &quot;/home/travis/build/smarie/python-parsyfiles/parsyfiles/converting_core.py&quot;, line 319, in convert
    return self._convert(desired_type, source_obj, logger, options)
  File &quot;/home/travis/build/smarie/python-parsyfiles/parsyfiles/converting_core.py&quot;, line 524, in _convert
    return self.conversion_method(desired_type, source_obj, logger, **opts)
  File &quot;/home/travis/build/smarie/python-parsyfiles/parsyfiles/plugins_base/support_for_primitive_types.py&quot;, line 91, in primitive_to_bool
    raise ValueError(&apos;Cannot convert to bool : source is a number but is not 1 nor 0 : \&apos;&apos; + str(source) + &apos;\&apos;&apos;)
  ParsingException : Error while parsing /home/travis/build/smarie/python-parsyfiles/parsyfiles/tests/parsing_capabilities_by_type/primitives_data/int/err/b64pickle-float--5.5 (singlefile, .txt) as a int with parser &apos;$&lt;read_str_from_txt&gt; =&gt; &lt;base64_ascii_str_pickle_to_object&gt; -&gt; &lt;float_to_bool&gt;$&apos; using options=({&apos;MultifileCollectionParser&apos;: {&apos;lazy_parsing&apos;: False}}) : caught 
  ValueError : Cannot convert to bool : source is a number but is not 1 nor 0 : &apos;-5.5&apos;
Rebuilding local parsing plan with next candidate parser: $&lt;read_str_from_txt&gt; =&gt; &lt;base64_ascii_str_pickle_to_object&gt; -&gt; &lt;int_to_bool&gt;$
(B)                                                                                                                |--b64pickle-float--5.5.txt -&gt; int ------- using $&lt;read_str_from_txt&gt; =&gt; &lt;base64_ascii_str_pickle_to_object&gt; -&gt; &lt;int_to_bool&gt;$
DONE Rebuilding local parsing plan for [/home/travis/build/smarie/python-parsyfiles/parsyfiles/tests/parsing_capabilities_by_type/primitives_data/int/err/b64pickle-float--5.5.txt]. Resuming parsing...
Executing Parsing Plan for [/home/travis/build/smarie/python-parsyfiles/parsyfiles/tests/parsing_capabilities_by_type/primitives_data/int/err/b64pickle-float--5.5]
(P) /home/travis/build/smarie/python-parsyfiles/parsyfiles/tests/parsing_capabilities_by_type/primitives_data/int/err/b64pickle-float--5.5.txt -&gt; int ------- using $&lt;read_str_from_txt&gt; =&gt; &lt;base64_ascii_str_pickle_to_object&gt; -&gt; &lt;int_to_bool&gt;$
  !! Caught error during execution !!
  File &quot;/home/travis/build/smarie/python-parsyfiles/parsyfiles/converting_core.py&quot;, line 319, in convert
    return self._convert(desired_type, source_obj, logger, options)
  File &quot;/home/travis/build/smarie/python-parsyfiles/parsyfiles/converting_core.py&quot;, line 770, in _convert
    return self._converters_list[-1].convert(desired_type, obj, logger, options)
  File &quot;/home/travis/build/smarie/python-parsyfiles/parsyfiles/converting_core.py&quot;, line 321, in convert
    raise ConversionException.create_not_able_to_convert(source_obj, self, desired_type)
  ParsingException : Error while parsing /home/travis/build/smarie/python-parsyfiles/parsyfiles/tests/parsing_capabilities_by_type/primitives_data/int/err/b64pickle-float--5.5 (singlefile, .txt) as a int with parser &apos;$&lt;read_str_from_txt&gt; =&gt; &lt;base64_ascii_str_pickle_to_object&gt; -&gt; &lt;int_to_bool&gt;$&apos; using options=({&apos;MultifileCollectionParser&apos;: {&apos;lazy_parsing&apos;: False}}) : caught 
  ConversionException : Converter &lt;int_to_bool&gt; is not able to ingest source value &apos;-5.5&apos; of type &apos;float&apos; and/or convert it to type &apos;int&apos;. This can happen in a chain when the previous step in the chain is generic and actually produced  an output of the wrong type/content
Rebuilding local parsing plan with next candidate parser: $&lt;read_str_from_txt&gt; =&gt; &lt;base64_ascii_str_pickle_to_object&gt; -&gt; &lt;str_to_bool&gt;$
(B)                                                                                                                |--b64pickle-float--5.5.txt -&gt; int ------- using $&lt;read_str_from_txt&gt; =&gt; &lt;base64_ascii_str_pickle_to_object&gt; -&gt; &lt;str_to_bool&gt;$
DONE Rebuilding local parsing plan for [/home/travis/build/smarie/python-parsyfiles/parsyfiles/tests/parsing_capabilities_by_type/primitives_data/int/err/b64pickle-float--5.5.txt]. Resuming parsing...
Executing Parsing Plan for [/home/travis/build/smarie/python-parsyfiles/parsyfiles/tests/parsing_capabilities_by_type/primitives_data/int/err/b64pickle-float--5.5]
(P) /home/travis/build/smarie/python-parsyfiles/parsyfiles/tests/parsing_capabilities_by_type/primitives_data/int/err/b64pickle-float--5.5.txt -&gt; int ------- using $&lt;read_str_from_txt&gt; =&gt; &lt;base64_ascii_str_pickle_to_object&gt; -&gt; &lt;str_to_bool&gt;$
  !! Caught error during execution !!
  File &quot;/home/travis/build/smarie/python-parsyfiles/parsyfiles/converting_core.py&quot;, line 319, in convert
    return self._convert(desired_type, source_obj, logger, options)
  File &quot;/home/travis/build/smarie/python-parsyfiles/parsyfiles/converting_core.py&quot;, line 770, in _convert
    return self._converters_list[-1].convert(desired_type, obj, logger, options)
  File &quot;/home/travis/build/smarie/python-parsyfiles/parsyfiles/converting_core.py&quot;, line 321, in convert
    raise ConversionException.create_not_able_to_convert(source_obj, self, desired_type)
  ParsingException : Error while parsing /home/travis/build/smarie/python-parsyfiles/parsyfiles/tests/parsing_capabilities_by_type/primitives_data/int/err/b64pickle-float--5.5 (singlefile, .txt) as a int with parser &apos;$&lt;read_str_from_txt&gt; =&gt; &lt;base64_ascii_str_pickle_to_object&gt; -&gt; &lt;str_to_bool&gt;$&apos; using options=({&apos;MultifileCollectionParser&apos;: {&apos;lazy_parsing&apos;: False}}) : caught 
  ConversionException : Converter &lt;str_to_bool&gt; is not able to ingest source value &apos;-5.5&apos; of type &apos;float&apos; and/or convert it to type &apos;int&apos;. This can happen in a chain when the previous step in the chain is generic and actually produced  an output of the wrong type/content
Rebuilding local parsing plan with next candidate parser: $&lt;read_str_from_txt&gt; =&gt; &lt;base64_ascii_str_pickle_to_object&gt;$
(B)                                                                                                                |--b64pickle-float--5.5.txt -&gt; int ------- using $&lt;read_str_from_txt&gt; =&gt; &lt;base64_ascii_str_pickle_to_object&gt;$
DONE Rebuilding local parsing plan for [/home/travis/build/smarie/python-parsyfiles/parsyfiles/tests/parsing_capabilities_by_type/primitives_data/int/err/b64pickle-float--5.5.txt]. Resuming parsing...
Executing Parsing Plan for [/home/travis/build/smarie/python-parsyfiles/parsyfiles/tests/parsing_capabilities_by_type/primitives_data/int/err/b64pickle-float--5.5]
(P) /home/travis/build/smarie/python-parsyfiles/parsyfiles/tests/parsing_capabilities_by_type/primitives_data/int/err/b64pickle-float--5.5.txt -&gt; int ------- using $&lt;read_str_from_txt&gt; =&gt; &lt;base64_ascii_str_pickle_to_object&gt;$
  !! Caught error during execution !!
  File &quot;/home/travis/build/smarie/python-parsyfiles/parsyfiles/parsing_combining_parsers.py&quot;, line 31, in execute
    return self.pp.execute(logger, options)
  File &quot;/home/travis/build/smarie/python-parsyfiles/parsyfiles/parsing_core.py&quot;, line 139, in execute
    res = super(_BaseParsingPlan, self).execute(logger, options)
  File &quot;/home/travis/build/smarie/python-parsyfiles/parsyfiles/parsing_core_api.py&quot;, line 427, in execute
    res, options)
  ParsingException : Error while parsing /home/travis/build/smarie/python-parsyfiles/parsyfiles/tests/parsing_capabilities_by_type/primitives_data/int/err/b64pickle-float--5.5 (singlefile, .txt) as a &lt;class &apos;int&apos;&gt; with parser &apos;$&lt;read_str_from_txt&gt; =&gt; &lt;base64_ascii_str_pickle_to_object&gt;$&apos; using options=({&apos;MultifileCollectionParser&apos;: {&apos;lazy_parsing&apos;: False}}) : 
      parser returned -5.5 of type &lt;class &apos;float&apos;&gt; which is not an instance of &lt;class &apos;int&apos;&gt;
</system-out></testcase><testcase classname="parsyfiles.tests.parsing_capabilities_by_type.test_parse_primitives" file="parsyfiles/tests/parsing_capabilities_by_type/test_parse_primitives.py" line="179" name="test_parse_by_type[bool-ok-b64pickle-bool-False=False.txt]" time="0.04380202293395996"><system-out>**** Starting to parse single object of type &lt;bool&gt; at location /home/travis/build/smarie/python-parsyfiles/parsyfiles/tests/parsing_capabilities_by_type/primitives_data/bool/ok/b64pickle-bool-False=False ****
Checking all files under [/home/travis/build/smarie/python-parsyfiles/parsyfiles/tests/parsing_capabilities_by_type/primitives_data/bool/ok/b64pickle-bool-False=False]
(C) /home/travis/build/smarie/python-parsyfiles/parsyfiles/tests/parsing_capabilities_by_type/primitives_data/bool/ok/b64pickle-bool-False=False (singlefile, .txt)
File checks done

Building a parsing plan to parse [/home/travis/build/smarie/python-parsyfiles/parsyfiles/tests/parsing_capabilities_by_type/primitives_data/bool/ok/b64pickle-bool-False=False] into a bool
(B) /home/travis/build/smarie/python-parsyfiles/parsyfiles/tests/parsing_capabilities_by_type/primitives_data/bool/ok/b64pickle-bool-False=False.txt -&gt; bool ------- using [Try &apos;$&lt;read_str_from_txt&gt; =&gt; &lt;str_to_bool&gt;$&apos; then &apos;$&lt;read_str_from_txt&gt; =&gt; &lt;base64_ascii_str_pickle_to_object&gt; -&gt; &lt;float_to_bool&gt;$&apos; then &apos;$&lt;read_str_from_txt&gt; =&gt; &lt;base64_ascii_str_pickle_to_object&gt; -&gt; &lt;int_to_bool&gt;$&apos; then &apos;$&lt;read_str_from_txt&gt; =&gt; &lt;base64_ascii_str_pickle_to_object&gt; -&gt; &lt;str_to_bool&gt;$&apos; then &apos;$&lt;read_str_from_txt&gt; =&gt; &lt;base64_ascii_str_pickle_to_object&gt;$]&apos;]
(B)                                                                                                                |--b64pickle-bool-False=False.txt -&gt; bool ------- using $&lt;read_str_from_txt&gt; =&gt; &lt;str_to_bool&gt;$
Parsing Plan created successfully

Executing Parsing Plan for [/home/travis/build/smarie/python-parsyfiles/parsyfiles/tests/parsing_capabilities_by_type/primitives_data/bool/ok/b64pickle-bool-False=False]
(P) /home/travis/build/smarie/python-parsyfiles/parsyfiles/tests/parsing_capabilities_by_type/primitives_data/bool/ok/b64pickle-bool-False=False.txt -&gt; bool ------- using $&lt;read_str_from_txt&gt; =&gt; &lt;str_to_bool&gt;$
  !! Caught error during execution !!
  File &quot;/home/travis/build/smarie/python-parsyfiles/parsyfiles/converting_core.py&quot;, line 524, in _convert
    return self.conversion_method(desired_type, source_obj, logger, **opts)
  File &quot;/home/travis/build/smarie/python-parsyfiles/parsyfiles/plugins_base/support_for_primitive_types.py&quot;, line 84, in primitive_to_bool
    return bool(strtobool(source))
  File &quot;/opt/python/3.5.5/lib/python3.5/distutils/util.py&quot;, line 317, in strtobool
    raise ValueError(&quot;invalid truth value %r&quot; % (val,))
  ParsingException : Error while parsing /home/travis/build/smarie/python-parsyfiles/parsyfiles/tests/parsing_capabilities_by_type/primitives_data/bool/ok/b64pickle-bool-False=False (singlefile, .txt) as a bool with parser &apos;$&lt;read_str_from_txt&gt; =&gt; &lt;str_to_bool&gt;$&apos; using options=({&apos;MultifileCollectionParser&apos;: {&apos;lazy_parsing&apos;: False}}) : caught 
  ValueError : invalid truth value &apos;gaojlg==&apos;
Rebuilding local parsing plan with next candidate parser: $&lt;read_str_from_txt&gt; =&gt; &lt;base64_ascii_str_pickle_to_object&gt; -&gt; &lt;float_to_bool&gt;$
(B)                                                                                                                |--b64pickle-bool-False=False.txt -&gt; bool ------- using $&lt;read_str_from_txt&gt; =&gt; &lt;base64_ascii_str_pickle_to_object&gt; -&gt; &lt;float_to_bool&gt;$
DONE Rebuilding local parsing plan for [/home/travis/build/smarie/python-parsyfiles/parsyfiles/tests/parsing_capabilities_by_type/primitives_data/bool/ok/b64pickle-bool-False=False.txt]. Resuming parsing...
Executing Parsing Plan for [/home/travis/build/smarie/python-parsyfiles/parsyfiles/tests/parsing_capabilities_by_type/primitives_data/bool/ok/b64pickle-bool-False=False]
(P) /home/travis/build/smarie/python-parsyfiles/parsyfiles/tests/parsing_capabilities_by_type/primitives_data/bool/ok/b64pickle-bool-False=False.txt -&gt; bool ------- using $&lt;read_str_from_txt&gt; =&gt; &lt;base64_ascii_str_pickle_to_object&gt; -&gt; &lt;float_to_bool&gt;$
  !! Caught error during execution !!
  File &quot;/home/travis/build/smarie/python-parsyfiles/parsyfiles/converting_core.py&quot;, line 319, in convert
    return self._convert(desired_type, source_obj, logger, options)
  File &quot;/home/travis/build/smarie/python-parsyfiles/parsyfiles/converting_core.py&quot;, line 770, in _convert
    return self._converters_list[-1].convert(desired_type, obj, logger, options)
  File &quot;/home/travis/build/smarie/python-parsyfiles/parsyfiles/converting_core.py&quot;, line 321, in convert
    raise ConversionException.create_not_able_to_convert(source_obj, self, desired_type)
  ParsingException : Error while parsing /home/travis/build/smarie/python-parsyfiles/parsyfiles/tests/parsing_capabilities_by_type/primitives_data/bool/ok/b64pickle-bool-False=False (singlefile, .txt) as a bool with parser &apos;$&lt;read_str_from_txt&gt; =&gt; &lt;base64_ascii_str_pickle_to_object&gt; -&gt; &lt;float_to_bool&gt;$&apos; using options=({&apos;MultifileCollectionParser&apos;: {&apos;lazy_parsing&apos;: False}}) : caught 
  ConversionException : Converter &lt;float_to_bool&gt; is not able to ingest source value &apos;False&apos; of type &apos;bool&apos; and/or convert it to type &apos;bool&apos;. This can happen in a chain when the previous step in the chain is generic and actually produced  an output of the wrong type/content
Rebuilding local parsing plan with next candidate parser: $&lt;read_str_from_txt&gt; =&gt; &lt;base64_ascii_str_pickle_to_object&gt; -&gt; &lt;int_to_bool&gt;$
(B)                                                                                                                |--b64pickle-bool-False=False.txt -&gt; bool ------- using $&lt;read_str_from_txt&gt; =&gt; &lt;base64_ascii_str_pickle_to_object&gt; -&gt; &lt;int_to_bool&gt;$
DONE Rebuilding local parsing plan for [/home/travis/build/smarie/python-parsyfiles/parsyfiles/tests/parsing_capabilities_by_type/primitives_data/bool/ok/b64pickle-bool-False=False.txt]. Resuming parsing...
Executing Parsing Plan for [/home/travis/build/smarie/python-parsyfiles/parsyfiles/tests/parsing_capabilities_by_type/primitives_data/bool/ok/b64pickle-bool-False=False]
(P) /home/travis/build/smarie/python-parsyfiles/parsyfiles/tests/parsing_capabilities_by_type/primitives_data/bool/ok/b64pickle-bool-False=False.txt -&gt; bool ------- using $&lt;read_str_from_txt&gt; =&gt; &lt;base64_ascii_str_pickle_to_object&gt; -&gt; &lt;int_to_bool&gt;$
  !! Caught error during execution !!
  File &quot;/home/travis/build/smarie/python-parsyfiles/parsyfiles/converting_core.py&quot;, line 319, in convert
    return self._convert(desired_type, source_obj, logger, options)
  File &quot;/home/travis/build/smarie/python-parsyfiles/parsyfiles/converting_core.py&quot;, line 524, in _convert
    return self.conversion_method(desired_type, source_obj, logger, **opts)
  File &quot;/home/travis/build/smarie/python-parsyfiles/parsyfiles/plugins_base/support_for_primitive_types.py&quot;, line 93, in primitive_to_bool
    raise ValueError(&apos;Cannot convert to bool : source is a \&apos;&apos; + str(typ) + &apos;\&apos; &apos;)
  ParsingException : Error while parsing /home/travis/build/smarie/python-parsyfiles/parsyfiles/tests/parsing_capabilities_by_type/primitives_data/bool/ok/b64pickle-bool-False=False (singlefile, .txt) as a bool with parser &apos;$&lt;read_str_from_txt&gt; =&gt; &lt;base64_ascii_str_pickle_to_object&gt; -&gt; &lt;int_to_bool&gt;$&apos; using options=({&apos;MultifileCollectionParser&apos;: {&apos;lazy_parsing&apos;: False}}) : caught 
  ValueError : Cannot convert to bool : source is a &apos;&lt;class &apos;bool&apos;&gt;&apos; 
Rebuilding local parsing plan with next candidate parser: $&lt;read_str_from_txt&gt; =&gt; &lt;base64_ascii_str_pickle_to_object&gt; -&gt; &lt;str_to_bool&gt;$
(B)                                                                                                                |--b64pickle-bool-False=False.txt -&gt; bool ------- using $&lt;read_str_from_txt&gt; =&gt; &lt;base64_ascii_str_pickle_to_object&gt; -&gt; &lt;str_to_bool&gt;$
DONE Rebuilding local parsing plan for [/home/travis/build/smarie/python-parsyfiles/parsyfiles/tests/parsing_capabilities_by_type/primitives_data/bool/ok/b64pickle-bool-False=False.txt]. Resuming parsing...
Executing Parsing Plan for [/home/travis/build/smarie/python-parsyfiles/parsyfiles/tests/parsing_capabilities_by_type/primitives_data/bool/ok/b64pickle-bool-False=False]
(P) /home/travis/build/smarie/python-parsyfiles/parsyfiles/tests/parsing_capabilities_by_type/primitives_data/bool/ok/b64pickle-bool-False=False.txt -&gt; bool ------- using $&lt;read_str_from_txt&gt; =&gt; &lt;base64_ascii_str_pickle_to_object&gt; -&gt; &lt;str_to_bool&gt;$
  !! Caught error during execution !!
  File &quot;/home/travis/build/smarie/python-parsyfiles/parsyfiles/converting_core.py&quot;, line 319, in convert
    return self._convert(desired_type, source_obj, logger, options)
  File &quot;/home/travis/build/smarie/python-parsyfiles/parsyfiles/converting_core.py&quot;, line 770, in _convert
    return self._converters_list[-1].convert(desired_type, obj, logger, options)
  File &quot;/home/travis/build/smarie/python-parsyfiles/parsyfiles/converting_core.py&quot;, line 321, in convert
    raise ConversionException.create_not_able_to_convert(source_obj, self, desired_type)
  ParsingException : Error while parsing /home/travis/build/smarie/python-parsyfiles/parsyfiles/tests/parsing_capabilities_by_type/primitives_data/bool/ok/b64pickle-bool-False=False (singlefile, .txt) as a bool with parser &apos;$&lt;read_str_from_txt&gt; =&gt; &lt;base64_ascii_str_pickle_to_object&gt; -&gt; &lt;str_to_bool&gt;$&apos; using options=({&apos;MultifileCollectionParser&apos;: {&apos;lazy_parsing&apos;: False}}) : caught 
  ConversionException : Converter &lt;str_to_bool&gt; is not able to ingest source value &apos;False&apos; of type &apos;bool&apos; and/or convert it to type &apos;bool&apos;. This can happen in a chain when the previous step in the chain is generic and actually produced  an output of the wrong type/content
Rebuilding local parsing plan with next candidate parser: $&lt;read_str_from_txt&gt; =&gt; &lt;base64_ascii_str_pickle_to_object&gt;$
(B)                                                                                                                |--b64pickle-bool-False=False.txt -&gt; bool ------- using $&lt;read_str_from_txt&gt; =&gt; &lt;base64_ascii_str_pickle_to_object&gt;$
DONE Rebuilding local parsing plan for [/home/travis/build/smarie/python-parsyfiles/parsyfiles/tests/parsing_capabilities_by_type/primitives_data/bool/ok/b64pickle-bool-False=False.txt]. Resuming parsing...
Executing Parsing Plan for [/home/travis/build/smarie/python-parsyfiles/parsyfiles/tests/parsing_capabilities_by_type/primitives_data/bool/ok/b64pickle-bool-False=False]
(P) /home/travis/build/smarie/python-parsyfiles/parsyfiles/tests/parsing_capabilities_by_type/primitives_data/bool/ok/b64pickle-bool-False=False.txt -&gt; bool ------- using $&lt;read_str_from_txt&gt; =&gt; &lt;base64_ascii_str_pickle_to_object&gt;$
(P)                                                                                                                |--b64pickle-bool-False=False.txt -&gt; bool SUCCESS !
Completed parsing successfully

False==0
</system-out></testcase><testcase classname="parsyfiles.tests.parsing_capabilities_by_type.test_parse_primitives" file="parsyfiles/tests/parsing_capabilities_by_type/test_parse_primitives.py" line="179" name="test_parse_by_type[bool-ok-pickle-bool-False=False.pyc]" time="0.039598941802978516"><system-out>**** Starting to parse single object of type &lt;bool&gt; at location /home/travis/build/smarie/python-parsyfiles/parsyfiles/tests/parsing_capabilities_by_type/primitives_data/bool/ok/pickle-bool-False=False ****
Checking all files under [/home/travis/build/smarie/python-parsyfiles/parsyfiles/tests/parsing_capabilities_by_type/primitives_data/bool/ok/pickle-bool-False=False]
(C) /home/travis/build/smarie/python-parsyfiles/parsyfiles/tests/parsing_capabilities_by_type/primitives_data/bool/ok/pickle-bool-False=False (singlefile, .pyc)
File checks done

Building a parsing plan to parse [/home/travis/build/smarie/python-parsyfiles/parsyfiles/tests/parsing_capabilities_by_type/primitives_data/bool/ok/pickle-bool-False=False] into a bool
(B) /home/travis/build/smarie/python-parsyfiles/parsyfiles/tests/parsing_capabilities_by_type/primitives_data/bool/ok/pickle-bool-False=False.pyc -&gt; bool ------- using [Try &apos;$&lt;read_object_from_pickle&gt; =&gt; &lt;float_to_bool&gt;$&apos; then &apos;$&lt;read_object_from_pickle&gt; =&gt; &lt;int_to_bool&gt;$&apos; then &apos;$&lt;read_object_from_pickle&gt; =&gt; &lt;str_to_bool&gt;$&apos; then &apos;&lt;read_object_from_pickle&gt;]&apos;]
(B)                                                                                                                |--pickle-bool-False=False.pyc -&gt; bool ------- using $&lt;read_object_from_pickle&gt; =&gt; &lt;float_to_bool&gt;$
Parsing Plan created successfully

Executing Parsing Plan for [/home/travis/build/smarie/python-parsyfiles/parsyfiles/tests/parsing_capabilities_by_type/primitives_data/bool/ok/pickle-bool-False=False]
(P) /home/travis/build/smarie/python-parsyfiles/parsyfiles/tests/parsing_capabilities_by_type/primitives_data/bool/ok/pickle-bool-False=False.pyc -&gt; bool ------- using $&lt;read_object_from_pickle&gt; =&gt; &lt;float_to_bool&gt;$
  !! Caught error during execution !!
  File &quot;/home/travis/build/smarie/python-parsyfiles/parsyfiles/parsing_core.py&quot;, line 177, in _execute
    self.get_singlefile_encoding(), logger, options)
  File &quot;/home/travis/build/smarie/python-parsyfiles/parsyfiles/parsing_combining_parsers.py&quot;, line 552, in _parse_singlefile
    return self._converter.convert(desired_type, first, logger, options)
  File &quot;/home/travis/build/smarie/python-parsyfiles/parsyfiles/converting_core.py&quot;, line 321, in convert
    raise ConversionException.create_not_able_to_convert(source_obj, self, desired_type)
  ParsingException : Error while parsing /home/travis/build/smarie/python-parsyfiles/parsyfiles/tests/parsing_capabilities_by_type/primitives_data/bool/ok/pickle-bool-False=False (singlefile, .pyc) as a bool with parser &apos;$&lt;read_object_from_pickle&gt; =&gt; &lt;float_to_bool&gt;$&apos; using options=({&apos;MultifileCollectionParser&apos;: {&apos;lazy_parsing&apos;: False}}) : caught 
  ConversionException : Converter $&lt;float_to_bool&gt;$ is not able to ingest source value &apos;False&apos; of type &apos;bool&apos; and/or convert it to type &apos;bool&apos;. This can happen in a chain when the previous step in the chain is generic and actually produced  an output of the wrong type/content
Rebuilding local parsing plan with next candidate parser: $&lt;read_object_from_pickle&gt; =&gt; &lt;int_to_bool&gt;$
(B)                                                                                                                |--pickle-bool-False=False.pyc -&gt; bool ------- using $&lt;read_object_from_pickle&gt; =&gt; &lt;int_to_bool&gt;$
DONE Rebuilding local parsing plan for [/home/travis/build/smarie/python-parsyfiles/parsyfiles/tests/parsing_capabilities_by_type/primitives_data/bool/ok/pickle-bool-False=False.pyc]. Resuming parsing...
Executing Parsing Plan for [/home/travis/build/smarie/python-parsyfiles/parsyfiles/tests/parsing_capabilities_by_type/primitives_data/bool/ok/pickle-bool-False=False]
(P) /home/travis/build/smarie/python-parsyfiles/parsyfiles/tests/parsing_capabilities_by_type/primitives_data/bool/ok/pickle-bool-False=False.pyc -&gt; bool ------- using $&lt;read_object_from_pickle&gt; =&gt; &lt;int_to_bool&gt;$
  !! Caught error during execution !!
  File &quot;/home/travis/build/smarie/python-parsyfiles/parsyfiles/converting_core.py&quot;, line 319, in convert
    return self._convert(desired_type, source_obj, logger, options)
  File &quot;/home/travis/build/smarie/python-parsyfiles/parsyfiles/converting_core.py&quot;, line 524, in _convert
    return self.conversion_method(desired_type, source_obj, logger, **opts)
  File &quot;/home/travis/build/smarie/python-parsyfiles/parsyfiles/plugins_base/support_for_primitive_types.py&quot;, line 93, in primitive_to_bool
    raise ValueError(&apos;Cannot convert to bool : source is a \&apos;&apos; + str(typ) + &apos;\&apos; &apos;)
  ParsingException : Error while parsing /home/travis/build/smarie/python-parsyfiles/parsyfiles/tests/parsing_capabilities_by_type/primitives_data/bool/ok/pickle-bool-False=False (singlefile, .pyc) as a bool with parser &apos;$&lt;read_object_from_pickle&gt; =&gt; &lt;int_to_bool&gt;$&apos; using options=({&apos;MultifileCollectionParser&apos;: {&apos;lazy_parsing&apos;: False}}) : caught 
  ValueError : Cannot convert to bool : source is a &apos;&lt;class &apos;bool&apos;&gt;&apos; 
Rebuilding local parsing plan with next candidate parser: $&lt;read_object_from_pickle&gt; =&gt; &lt;str_to_bool&gt;$
(B)                                                                                                                |--pickle-bool-False=False.pyc -&gt; bool ------- using $&lt;read_object_from_pickle&gt; =&gt; &lt;str_to_bool&gt;$
DONE Rebuilding local parsing plan for [/home/travis/build/smarie/python-parsyfiles/parsyfiles/tests/parsing_capabilities_by_type/primitives_data/bool/ok/pickle-bool-False=False.pyc]. Resuming parsing...
Executing Parsing Plan for [/home/travis/build/smarie/python-parsyfiles/parsyfiles/tests/parsing_capabilities_by_type/primitives_data/bool/ok/pickle-bool-False=False]
(P) /home/travis/build/smarie/python-parsyfiles/parsyfiles/tests/parsing_capabilities_by_type/primitives_data/bool/ok/pickle-bool-False=False.pyc -&gt; bool ------- using $&lt;read_object_from_pickle&gt; =&gt; &lt;str_to_bool&gt;$
  !! Caught error during execution !!
  File &quot;/home/travis/build/smarie/python-parsyfiles/parsyfiles/parsing_core.py&quot;, line 177, in _execute
    self.get_singlefile_encoding(), logger, options)
  File &quot;/home/travis/build/smarie/python-parsyfiles/parsyfiles/parsing_combining_parsers.py&quot;, line 552, in _parse_singlefile
    return self._converter.convert(desired_type, first, logger, options)
  File &quot;/home/travis/build/smarie/python-parsyfiles/parsyfiles/converting_core.py&quot;, line 321, in convert
    raise ConversionException.create_not_able_to_convert(source_obj, self, desired_type)
  ParsingException : Error while parsing /home/travis/build/smarie/python-parsyfiles/parsyfiles/tests/parsing_capabilities_by_type/primitives_data/bool/ok/pickle-bool-False=False (singlefile, .pyc) as a bool with parser &apos;$&lt;read_object_from_pickle&gt; =&gt; &lt;str_to_bool&gt;$&apos; using options=({&apos;MultifileCollectionParser&apos;: {&apos;lazy_parsing&apos;: False}}) : caught 
  ConversionException : Converter $&lt;str_to_bool&gt;$ is not able to ingest source value &apos;False&apos; of type &apos;bool&apos; and/or convert it to type &apos;bool&apos;. This can happen in a chain when the previous step in the chain is generic and actually produced  an output of the wrong type/content
Rebuilding local parsing plan with next candidate parser: &lt;read_object_from_pickle&gt;
(B)                                                                                                                |--pickle-bool-False=False.pyc -&gt; bool ------- using &lt;read_object_from_pickle&gt;
DONE Rebuilding local parsing plan for [/home/travis/build/smarie/python-parsyfiles/parsyfiles/tests/parsing_capabilities_by_type/primitives_data/bool/ok/pickle-bool-False=False.pyc]. Resuming parsing...
Executing Parsing Plan for [/home/travis/build/smarie/python-parsyfiles/parsyfiles/tests/parsing_capabilities_by_type/primitives_data/bool/ok/pickle-bool-False=False]
(P) /home/travis/build/smarie/python-parsyfiles/parsyfiles/tests/parsing_capabilities_by_type/primitives_data/bool/ok/pickle-bool-False=False.pyc -&gt; bool ------- using &lt;read_object_from_pickle&gt;
(P)                                                                                                                |--pickle-bool-False=False.pyc -&gt; bool SUCCESS !
Completed parsing successfully

False==0
</system-out></testcase><testcase classname="parsyfiles.tests.parsing_capabilities_by_type.test_parse_primitives" file="parsyfiles/tests/parsing_capabilities_by_type/test_parse_primitives.py" line="179" name="test_parse_by_type[bool-ok-txt-bool-False=False.txt]" time="0.03727316856384277"><system-out>**** Starting to parse single object of type &lt;bool&gt; at location /home/travis/build/smarie/python-parsyfiles/parsyfiles/tests/parsing_capabilities_by_type/primitives_data/bool/ok/txt-bool-False=False ****
Checking all files under [/home/travis/build/smarie/python-parsyfiles/parsyfiles/tests/parsing_capabilities_by_type/primitives_data/bool/ok/txt-bool-False=False]
(C) /home/travis/build/smarie/python-parsyfiles/parsyfiles/tests/parsing_capabilities_by_type/primitives_data/bool/ok/txt-bool-False=False (singlefile, .txt)
File checks done

Building a parsing plan to parse [/home/travis/build/smarie/python-parsyfiles/parsyfiles/tests/parsing_capabilities_by_type/primitives_data/bool/ok/txt-bool-False=False] into a bool
(B) /home/travis/build/smarie/python-parsyfiles/parsyfiles/tests/parsing_capabilities_by_type/primitives_data/bool/ok/txt-bool-False=False.txt -&gt; bool ------- using [Try &apos;$&lt;read_str_from_txt&gt; =&gt; &lt;str_to_bool&gt;$&apos; then &apos;$&lt;read_str_from_txt&gt; =&gt; &lt;base64_ascii_str_pickle_to_object&gt; -&gt; &lt;float_to_bool&gt;$&apos; then &apos;$&lt;read_str_from_txt&gt; =&gt; &lt;base64_ascii_str_pickle_to_object&gt; -&gt; &lt;int_to_bool&gt;$&apos; then &apos;$&lt;read_str_from_txt&gt; =&gt; &lt;base64_ascii_str_pickle_to_object&gt; -&gt; &lt;str_to_bool&gt;$&apos; then &apos;$&lt;read_str_from_txt&gt; =&gt; &lt;base64_ascii_str_pickle_to_object&gt;$]&apos;]
(B)                                                                                                                |--txt-bool-False=False.txt -&gt; bool ------- using $&lt;read_str_from_txt&gt; =&gt; &lt;str_to_bool&gt;$
Parsing Plan created successfully

Executing Parsing Plan for [/home/travis/build/smarie/python-parsyfiles/parsyfiles/tests/parsing_capabilities_by_type/primitives_data/bool/ok/txt-bool-False=False]
(P) /home/travis/build/smarie/python-parsyfiles/parsyfiles/tests/parsing_capabilities_by_type/primitives_data/bool/ok/txt-bool-False=False.txt -&gt; bool ------- using $&lt;read_str_from_txt&gt; =&gt; &lt;str_to_bool&gt;$
(P)                                                                                                                |--txt-bool-False=False.txt -&gt; bool SUCCESS !
Completed parsing successfully

False==0
</system-out></testcase><testcase classname="parsyfiles.tests.parsing_capabilities_by_type.test_parse_primitives" file="parsyfiles/tests/parsing_capabilities_by_type/test_parse_primitives.py" line="179" name="test_parse_by_type[bool-ok-pickle-float-0.0=False.pyc]" time="0.03502964973449707"><system-out>**** Starting to parse single object of type &lt;bool&gt; at location /home/travis/build/smarie/python-parsyfiles/parsyfiles/tests/parsing_capabilities_by_type/primitives_data/bool/ok/pickle-float-0.0=False ****
Checking all files under [/home/travis/build/smarie/python-parsyfiles/parsyfiles/tests/parsing_capabilities_by_type/primitives_data/bool/ok/pickle-float-0.0=False]
(C) /home/travis/build/smarie/python-parsyfiles/parsyfiles/tests/parsing_capabilities_by_type/primitives_data/bool/ok/pickle-float-0.0=False (singlefile, .pyc)
File checks done

Building a parsing plan to parse [/home/travis/build/smarie/python-parsyfiles/parsyfiles/tests/parsing_capabilities_by_type/primitives_data/bool/ok/pickle-float-0.0=False] into a bool
(B) /home/travis/build/smarie/python-parsyfiles/parsyfiles/tests/parsing_capabilities_by_type/primitives_data/bool/ok/pickle-float-0.0=False.pyc -&gt; bool ------- using [Try &apos;$&lt;read_object_from_pickle&gt; =&gt; &lt;float_to_bool&gt;$&apos; then &apos;$&lt;read_object_from_pickle&gt; =&gt; &lt;int_to_bool&gt;$&apos; then &apos;$&lt;read_object_from_pickle&gt; =&gt; &lt;str_to_bool&gt;$&apos; then &apos;&lt;read_object_from_pickle&gt;]&apos;]
(B)                                                                                                                |--pickle-float-0.0=False.pyc -&gt; bool ------- using $&lt;read_object_from_pickle&gt; =&gt; &lt;float_to_bool&gt;$
Parsing Plan created successfully

Executing Parsing Plan for [/home/travis/build/smarie/python-parsyfiles/parsyfiles/tests/parsing_capabilities_by_type/primitives_data/bool/ok/pickle-float-0.0=False]
(P) /home/travis/build/smarie/python-parsyfiles/parsyfiles/tests/parsing_capabilities_by_type/primitives_data/bool/ok/pickle-float-0.0=False.pyc -&gt; bool ------- using $&lt;read_object_from_pickle&gt; =&gt; &lt;float_to_bool&gt;$
(P)                                                                                                                |--pickle-float-0.0=False.pyc -&gt; bool SUCCESS !
Completed parsing successfully

False==0
</system-out></testcase><testcase classname="parsyfiles.tests.parsing_capabilities_by_type.test_parse_primitives" file="parsyfiles/tests/parsing_capabilities_by_type/test_parse_primitives.py" line="179" name="test_parse_by_type[bool-ok-txt-str-y=True.txt]" time="0.03536534309387207"><system-out>**** Starting to parse single object of type &lt;bool&gt; at location /home/travis/build/smarie/python-parsyfiles/parsyfiles/tests/parsing_capabilities_by_type/primitives_data/bool/ok/txt-str-y=True ****
Checking all files under [/home/travis/build/smarie/python-parsyfiles/parsyfiles/tests/parsing_capabilities_by_type/primitives_data/bool/ok/txt-str-y=True]
(C) /home/travis/build/smarie/python-parsyfiles/parsyfiles/tests/parsing_capabilities_by_type/primitives_data/bool/ok/txt-str-y=True (singlefile, .txt)
File checks done

Building a parsing plan to parse [/home/travis/build/smarie/python-parsyfiles/parsyfiles/tests/parsing_capabilities_by_type/primitives_data/bool/ok/txt-str-y=True] into a bool
(B) /home/travis/build/smarie/python-parsyfiles/parsyfiles/tests/parsing_capabilities_by_type/primitives_data/bool/ok/txt-str-y=True.txt -&gt; bool ------- using [Try &apos;$&lt;read_str_from_txt&gt; =&gt; &lt;str_to_bool&gt;$&apos; then &apos;$&lt;read_str_from_txt&gt; =&gt; &lt;base64_ascii_str_pickle_to_object&gt; -&gt; &lt;float_to_bool&gt;$&apos; then &apos;$&lt;read_str_from_txt&gt; =&gt; &lt;base64_ascii_str_pickle_to_object&gt; -&gt; &lt;int_to_bool&gt;$&apos; then &apos;$&lt;read_str_from_txt&gt; =&gt; &lt;base64_ascii_str_pickle_to_object&gt; -&gt; &lt;str_to_bool&gt;$&apos; then &apos;$&lt;read_str_from_txt&gt; =&gt; &lt;base64_ascii_str_pickle_to_object&gt;$]&apos;]
(B)                                                                                                                |--txt-str-y=True.txt -&gt; bool ------- using $&lt;read_str_from_txt&gt; =&gt; &lt;str_to_bool&gt;$
Parsing Plan created successfully

Executing Parsing Plan for [/home/travis/build/smarie/python-parsyfiles/parsyfiles/tests/parsing_capabilities_by_type/primitives_data/bool/ok/txt-str-y=True]
(P) /home/travis/build/smarie/python-parsyfiles/parsyfiles/tests/parsing_capabilities_by_type/primitives_data/bool/ok/txt-str-y=True.txt -&gt; bool ------- using $&lt;read_str_from_txt&gt; =&gt; &lt;str_to_bool&gt;$
(P)                                                                                                                |--txt-str-y=True.txt -&gt; bool SUCCESS !
Completed parsing successfully

True==1
</system-out></testcase><testcase classname="parsyfiles.tests.parsing_capabilities_by_type.test_parse_primitives" file="parsyfiles/tests/parsing_capabilities_by_type/test_parse_primitives.py" line="179" name="test_parse_by_type[bool-ok-txt-int-0=False.txt]" time="0.03585505485534668"><system-out>**** Starting to parse single object of type &lt;bool&gt; at location /home/travis/build/smarie/python-parsyfiles/parsyfiles/tests/parsing_capabilities_by_type/primitives_data/bool/ok/txt-int-0=False ****
Checking all files under [/home/travis/build/smarie/python-parsyfiles/parsyfiles/tests/parsing_capabilities_by_type/primitives_data/bool/ok/txt-int-0=False]
(C) /home/travis/build/smarie/python-parsyfiles/parsyfiles/tests/parsing_capabilities_by_type/primitives_data/bool/ok/txt-int-0=False (singlefile, .txt)
File checks done

Building a parsing plan to parse [/home/travis/build/smarie/python-parsyfiles/parsyfiles/tests/parsing_capabilities_by_type/primitives_data/bool/ok/txt-int-0=False] into a bool
(B) /home/travis/build/smarie/python-parsyfiles/parsyfiles/tests/parsing_capabilities_by_type/primitives_data/bool/ok/txt-int-0=False.txt -&gt; bool ------- using [Try &apos;$&lt;read_str_from_txt&gt; =&gt; &lt;str_to_bool&gt;$&apos; then &apos;$&lt;read_str_from_txt&gt; =&gt; &lt;base64_ascii_str_pickle_to_object&gt; -&gt; &lt;float_to_bool&gt;$&apos; then &apos;$&lt;read_str_from_txt&gt; =&gt; &lt;base64_ascii_str_pickle_to_object&gt; -&gt; &lt;int_to_bool&gt;$&apos; then &apos;$&lt;read_str_from_txt&gt; =&gt; &lt;base64_ascii_str_pickle_to_object&gt; -&gt; &lt;str_to_bool&gt;$&apos; then &apos;$&lt;read_str_from_txt&gt; =&gt; &lt;base64_ascii_str_pickle_to_object&gt;$]&apos;]
(B)                                                                                                                |--txt-int-0=False.txt -&gt; bool ------- using $&lt;read_str_from_txt&gt; =&gt; &lt;str_to_bool&gt;$
Parsing Plan created successfully

Executing Parsing Plan for [/home/travis/build/smarie/python-parsyfiles/parsyfiles/tests/parsing_capabilities_by_type/primitives_data/bool/ok/txt-int-0=False]
(P) /home/travis/build/smarie/python-parsyfiles/parsyfiles/tests/parsing_capabilities_by_type/primitives_data/bool/ok/txt-int-0=False.txt -&gt; bool ------- using $&lt;read_str_from_txt&gt; =&gt; &lt;str_to_bool&gt;$
(P)                                                                                                                |--txt-int-0=False.txt -&gt; bool SUCCESS !
Completed parsing successfully

False==0
</system-out></testcase><testcase classname="parsyfiles.tests.parsing_capabilities_by_type.test_parse_primitives" file="parsyfiles/tests/parsing_capabilities_by_type/test_parse_primitives.py" line="179" name="test_parse_by_type[bool-ok-pickle-bool-True=True.pyc]" time="0.03587818145751953"><system-out>**** Starting to parse single object of type &lt;bool&gt; at location /home/travis/build/smarie/python-parsyfiles/parsyfiles/tests/parsing_capabilities_by_type/primitives_data/bool/ok/pickle-bool-True=True ****
Checking all files under [/home/travis/build/smarie/python-parsyfiles/parsyfiles/tests/parsing_capabilities_by_type/primitives_data/bool/ok/pickle-bool-True=True]
(C) /home/travis/build/smarie/python-parsyfiles/parsyfiles/tests/parsing_capabilities_by_type/primitives_data/bool/ok/pickle-bool-True=True (singlefile, .pyc)
File checks done

Building a parsing plan to parse [/home/travis/build/smarie/python-parsyfiles/parsyfiles/tests/parsing_capabilities_by_type/primitives_data/bool/ok/pickle-bool-True=True] into a bool
(B) /home/travis/build/smarie/python-parsyfiles/parsyfiles/tests/parsing_capabilities_by_type/primitives_data/bool/ok/pickle-bool-True=True.pyc -&gt; bool ------- using [Try &apos;$&lt;read_object_from_pickle&gt; =&gt; &lt;float_to_bool&gt;$&apos; then &apos;$&lt;read_object_from_pickle&gt; =&gt; &lt;int_to_bool&gt;$&apos; then &apos;$&lt;read_object_from_pickle&gt; =&gt; &lt;str_to_bool&gt;$&apos; then &apos;&lt;read_object_from_pickle&gt;]&apos;]
(B)                                                                                                                |--pickle-bool-True=True.pyc -&gt; bool ------- using $&lt;read_object_from_pickle&gt; =&gt; &lt;float_to_bool&gt;$
Parsing Plan created successfully

Executing Parsing Plan for [/home/travis/build/smarie/python-parsyfiles/parsyfiles/tests/parsing_capabilities_by_type/primitives_data/bool/ok/pickle-bool-True=True]
(P) /home/travis/build/smarie/python-parsyfiles/parsyfiles/tests/parsing_capabilities_by_type/primitives_data/bool/ok/pickle-bool-True=True.pyc -&gt; bool ------- using $&lt;read_object_from_pickle&gt; =&gt; &lt;float_to_bool&gt;$
  !! Caught error during execution !!
  File &quot;/home/travis/build/smarie/python-parsyfiles/parsyfiles/parsing_core.py&quot;, line 177, in _execute
    self.get_singlefile_encoding(), logger, options)
  File &quot;/home/travis/build/smarie/python-parsyfiles/parsyfiles/parsing_combining_parsers.py&quot;, line 552, in _parse_singlefile
    return self._converter.convert(desired_type, first, logger, options)
  File &quot;/home/travis/build/smarie/python-parsyfiles/parsyfiles/converting_core.py&quot;, line 321, in convert
    raise ConversionException.create_not_able_to_convert(source_obj, self, desired_type)
  ParsingException : Error while parsing /home/travis/build/smarie/python-parsyfiles/parsyfiles/tests/parsing_capabilities_by_type/primitives_data/bool/ok/pickle-bool-True=True (singlefile, .pyc) as a bool with parser &apos;$&lt;read_object_from_pickle&gt; =&gt; &lt;float_to_bool&gt;$&apos; using options=({&apos;MultifileCollectionParser&apos;: {&apos;lazy_parsing&apos;: False}}) : caught 
  ConversionException : Converter $&lt;float_to_bool&gt;$ is not able to ingest source value &apos;True&apos; of type &apos;bool&apos; and/or convert it to type &apos;bool&apos;. This can happen in a chain when the previous step in the chain is generic and actually produced  an output of the wrong type/content
Rebuilding local parsing plan with next candidate parser: $&lt;read_object_from_pickle&gt; =&gt; &lt;int_to_bool&gt;$
(B)                                                                                                                |--pickle-bool-True=True.pyc -&gt; bool ------- using $&lt;read_object_from_pickle&gt; =&gt; &lt;int_to_bool&gt;$
DONE Rebuilding local parsing plan for [/home/travis/build/smarie/python-parsyfiles/parsyfiles/tests/parsing_capabilities_by_type/primitives_data/bool/ok/pickle-bool-True=True.pyc]. Resuming parsing...
Executing Parsing Plan for [/home/travis/build/smarie/python-parsyfiles/parsyfiles/tests/parsing_capabilities_by_type/primitives_data/bool/ok/pickle-bool-True=True]
(P) /home/travis/build/smarie/python-parsyfiles/parsyfiles/tests/parsing_capabilities_by_type/primitives_data/bool/ok/pickle-bool-True=True.pyc -&gt; bool ------- using $&lt;read_object_from_pickle&gt; =&gt; &lt;int_to_bool&gt;$
  !! Caught error during execution !!
  File &quot;/home/travis/build/smarie/python-parsyfiles/parsyfiles/converting_core.py&quot;, line 319, in convert
    return self._convert(desired_type, source_obj, logger, options)
  File &quot;/home/travis/build/smarie/python-parsyfiles/parsyfiles/converting_core.py&quot;, line 524, in _convert
    return self.conversion_method(desired_type, source_obj, logger, **opts)
  File &quot;/home/travis/build/smarie/python-parsyfiles/parsyfiles/plugins_base/support_for_primitive_types.py&quot;, line 93, in primitive_to_bool
    raise ValueError(&apos;Cannot convert to bool : source is a \&apos;&apos; + str(typ) + &apos;\&apos; &apos;)
  ParsingException : Error while parsing /home/travis/build/smarie/python-parsyfiles/parsyfiles/tests/parsing_capabilities_by_type/primitives_data/bool/ok/pickle-bool-True=True (singlefile, .pyc) as a bool with parser &apos;$&lt;read_object_from_pickle&gt; =&gt; &lt;int_to_bool&gt;$&apos; using options=({&apos;MultifileCollectionParser&apos;: {&apos;lazy_parsing&apos;: False}}) : caught 
  ValueError : Cannot convert to bool : source is a &apos;&lt;class &apos;bool&apos;&gt;&apos; 
Rebuilding local parsing plan with next candidate parser: $&lt;read_object_from_pickle&gt; =&gt; &lt;str_to_bool&gt;$
(B)                                                                                                                |--pickle-bool-True=True.pyc -&gt; bool ------- using $&lt;read_object_from_pickle&gt; =&gt; &lt;str_to_bool&gt;$
DONE Rebuilding local parsing plan for [/home/travis/build/smarie/python-parsyfiles/parsyfiles/tests/parsing_capabilities_by_type/primitives_data/bool/ok/pickle-bool-True=True.pyc]. Resuming parsing...
Executing Parsing Plan for [/home/travis/build/smarie/python-parsyfiles/parsyfiles/tests/parsing_capabilities_by_type/primitives_data/bool/ok/pickle-bool-True=True]
(P) /home/travis/build/smarie/python-parsyfiles/parsyfiles/tests/parsing_capabilities_by_type/primitives_data/bool/ok/pickle-bool-True=True.pyc -&gt; bool ------- using $&lt;read_object_from_pickle&gt; =&gt; &lt;str_to_bool&gt;$
  !! Caught error during execution !!
  File &quot;/home/travis/build/smarie/python-parsyfiles/parsyfiles/parsing_core.py&quot;, line 177, in _execute
    self.get_singlefile_encoding(), logger, options)
  File &quot;/home/travis/build/smarie/python-parsyfiles/parsyfiles/parsing_combining_parsers.py&quot;, line 552, in _parse_singlefile
    return self._converter.convert(desired_type, first, logger, options)
  File &quot;/home/travis/build/smarie/python-parsyfiles/parsyfiles/converting_core.py&quot;, line 321, in convert
    raise ConversionException.create_not_able_to_convert(source_obj, self, desired_type)
  ParsingException : Error while parsing /home/travis/build/smarie/python-parsyfiles/parsyfiles/tests/parsing_capabilities_by_type/primitives_data/bool/ok/pickle-bool-True=True (singlefile, .pyc) as a bool with parser &apos;$&lt;read_object_from_pickle&gt; =&gt; &lt;str_to_bool&gt;$&apos; using options=({&apos;MultifileCollectionParser&apos;: {&apos;lazy_parsing&apos;: False}}) : caught 
  ConversionException : Converter $&lt;str_to_bool&gt;$ is not able to ingest source value &apos;True&apos; of type &apos;bool&apos; and/or convert it to type &apos;bool&apos;. This can happen in a chain when the previous step in the chain is generic and actually produced  an output of the wrong type/content
Rebuilding local parsing plan with next candidate parser: &lt;read_object_from_pickle&gt;
(B)                                                                                                                |--pickle-bool-True=True.pyc -&gt; bool ------- using &lt;read_object_from_pickle&gt;
DONE Rebuilding local parsing plan for [/home/travis/build/smarie/python-parsyfiles/parsyfiles/tests/parsing_capabilities_by_type/primitives_data/bool/ok/pickle-bool-True=True.pyc]. Resuming parsing...
Executing Parsing Plan for [/home/travis/build/smarie/python-parsyfiles/parsyfiles/tests/parsing_capabilities_by_type/primitives_data/bool/ok/pickle-bool-True=True]
(P) /home/travis/build/smarie/python-parsyfiles/parsyfiles/tests/parsing_capabilities_by_type/primitives_data/bool/ok/pickle-bool-True=True.pyc -&gt; bool ------- using &lt;read_object_from_pickle&gt;
(P)                                                                                                                |--pickle-bool-True=True.pyc -&gt; bool SUCCESS !
Completed parsing successfully

True==1
</system-out></testcase><testcase classname="parsyfiles.tests.parsing_capabilities_by_type.test_parse_primitives" file="parsyfiles/tests/parsing_capabilities_by_type/test_parse_primitives.py" line="179" name="test_parse_by_type[bool-ok-b64pickle-float-0.0=False.txt]" time="0.03586530685424805"><system-out>**** Starting to parse single object of type &lt;bool&gt; at location /home/travis/build/smarie/python-parsyfiles/parsyfiles/tests/parsing_capabilities_by_type/primitives_data/bool/ok/b64pickle-float-0.0=False ****
Checking all files under [/home/travis/build/smarie/python-parsyfiles/parsyfiles/tests/parsing_capabilities_by_type/primitives_data/bool/ok/b64pickle-float-0.0=False]
(C) /home/travis/build/smarie/python-parsyfiles/parsyfiles/tests/parsing_capabilities_by_type/primitives_data/bool/ok/b64pickle-float-0.0=False (singlefile, .txt)
File checks done

Building a parsing plan to parse [/home/travis/build/smarie/python-parsyfiles/parsyfiles/tests/parsing_capabilities_by_type/primitives_data/bool/ok/b64pickle-float-0.0=False] into a bool
(B) /home/travis/build/smarie/python-parsyfiles/parsyfiles/tests/parsing_capabilities_by_type/primitives_data/bool/ok/b64pickle-float-0.0=False.txt -&gt; bool ------- using [Try &apos;$&lt;read_str_from_txt&gt; =&gt; &lt;str_to_bool&gt;$&apos; then &apos;$&lt;read_str_from_txt&gt; =&gt; &lt;base64_ascii_str_pickle_to_object&gt; -&gt; &lt;float_to_bool&gt;$&apos; then &apos;$&lt;read_str_from_txt&gt; =&gt; &lt;base64_ascii_str_pickle_to_object&gt; -&gt; &lt;int_to_bool&gt;$&apos; then &apos;$&lt;read_str_from_txt&gt; =&gt; &lt;base64_ascii_str_pickle_to_object&gt; -&gt; &lt;str_to_bool&gt;$&apos; then &apos;$&lt;read_str_from_txt&gt; =&gt; &lt;base64_ascii_str_pickle_to_object&gt;$]&apos;]
(B)                                                                                                                |--b64pickle-float-0.0=False.txt -&gt; bool ------- using $&lt;read_str_from_txt&gt; =&gt; &lt;str_to_bool&gt;$
Parsing Plan created successfully

Executing Parsing Plan for [/home/travis/build/smarie/python-parsyfiles/parsyfiles/tests/parsing_capabilities_by_type/primitives_data/bool/ok/b64pickle-float-0.0=False]
(P) /home/travis/build/smarie/python-parsyfiles/parsyfiles/tests/parsing_capabilities_by_type/primitives_data/bool/ok/b64pickle-float-0.0=False.txt -&gt; bool ------- using $&lt;read_str_from_txt&gt; =&gt; &lt;str_to_bool&gt;$
  !! Caught error during execution !!
  File &quot;/home/travis/build/smarie/python-parsyfiles/parsyfiles/converting_core.py&quot;, line 524, in _convert
    return self.conversion_method(desired_type, source_obj, logger, **opts)
  File &quot;/home/travis/build/smarie/python-parsyfiles/parsyfiles/plugins_base/support_for_primitive_types.py&quot;, line 84, in primitive_to_bool
    return bool(strtobool(source))
  File &quot;/opt/python/3.5.5/lib/python3.5/distutils/util.py&quot;, line 317, in strtobool
    raise ValueError(&quot;invalid truth value %r&quot; % (val,))
  ParsingException : Error while parsing /home/travis/build/smarie/python-parsyfiles/parsyfiles/tests/parsing_capabilities_by_type/primitives_data/bool/ok/b64pickle-float-0.0=False (singlefile, .txt) as a bool with parser &apos;$&lt;read_str_from_txt&gt; =&gt; &lt;str_to_bool&gt;$&apos; using options=({&apos;MultifileCollectionParser&apos;: {&apos;lazy_parsing&apos;: False}}) : caught 
  ValueError : invalid truth value &apos;ganhaaaaaaaaaaau&apos;
Rebuilding local parsing plan with next candidate parser: $&lt;read_str_from_txt&gt; =&gt; &lt;base64_ascii_str_pickle_to_object&gt; -&gt; &lt;float_to_bool&gt;$
(B)                                                                                                                |--b64pickle-float-0.0=False.txt -&gt; bool ------- using $&lt;read_str_from_txt&gt; =&gt; &lt;base64_ascii_str_pickle_to_object&gt; -&gt; &lt;float_to_bool&gt;$
DONE Rebuilding local parsing plan for [/home/travis/build/smarie/python-parsyfiles/parsyfiles/tests/parsing_capabilities_by_type/primitives_data/bool/ok/b64pickle-float-0.0=False.txt]. Resuming parsing...
Executing Parsing Plan for [/home/travis/build/smarie/python-parsyfiles/parsyfiles/tests/parsing_capabilities_by_type/primitives_data/bool/ok/b64pickle-float-0.0=False]
(P) /home/travis/build/smarie/python-parsyfiles/parsyfiles/tests/parsing_capabilities_by_type/primitives_data/bool/ok/b64pickle-float-0.0=False.txt -&gt; bool ------- using $&lt;read_str_from_txt&gt; =&gt; &lt;base64_ascii_str_pickle_to_object&gt; -&gt; &lt;float_to_bool&gt;$
(P)                                                                                                                |--b64pickle-float-0.0=False.txt -&gt; bool SUCCESS !
Completed parsing successfully

False==0
</system-out></testcase><testcase classname="parsyfiles.tests.parsing_capabilities_by_type.test_parse_primitives" file="parsyfiles/tests/parsing_capabilities_by_type/test_parse_primitives.py" line="179" name="test_parse_by_type[bool-ok-pickle-str-y=True.pyc]" time="0.08517575263977051"><system-out>**** Starting to parse single object of type &lt;bool&gt; at location /home/travis/build/smarie/python-parsyfiles/parsyfiles/tests/parsing_capabilities_by_type/primitives_data/bool/ok/pickle-str-y=True ****
Checking all files under [/home/travis/build/smarie/python-parsyfiles/parsyfiles/tests/parsing_capabilities_by_type/primitives_data/bool/ok/pickle-str-y=True]
(C) /home/travis/build/smarie/python-parsyfiles/parsyfiles/tests/parsing_capabilities_by_type/primitives_data/bool/ok/pickle-str-y=True (singlefile, .pyc)
File checks done

Building a parsing plan to parse [/home/travis/build/smarie/python-parsyfiles/parsyfiles/tests/parsing_capabilities_by_type/primitives_data/bool/ok/pickle-str-y=True] into a bool
(B) /home/travis/build/smarie/python-parsyfiles/parsyfiles/tests/parsing_capabilities_by_type/primitives_data/bool/ok/pickle-str-y=True.pyc -&gt; bool ------- using [Try &apos;$&lt;read_object_from_pickle&gt; =&gt; &lt;float_to_bool&gt;$&apos; then &apos;$&lt;read_object_from_pickle&gt; =&gt; &lt;int_to_bool&gt;$&apos; then &apos;$&lt;read_object_from_pickle&gt; =&gt; &lt;str_to_bool&gt;$&apos; then &apos;&lt;read_object_from_pickle&gt;]&apos;]
(B)                                                                                                                |--pickle-str-y=True.pyc -&gt; bool ------- using $&lt;read_object_from_pickle&gt; =&gt; &lt;float_to_bool&gt;$
Parsing Plan created successfully

Executing Parsing Plan for [/home/travis/build/smarie/python-parsyfiles/parsyfiles/tests/parsing_capabilities_by_type/primitives_data/bool/ok/pickle-str-y=True]
(P) /home/travis/build/smarie/python-parsyfiles/parsyfiles/tests/parsing_capabilities_by_type/primitives_data/bool/ok/pickle-str-y=True.pyc -&gt; bool ------- using $&lt;read_object_from_pickle&gt; =&gt; &lt;float_to_bool&gt;$
  !! Caught error during execution !!
  File &quot;/home/travis/build/smarie/python-parsyfiles/parsyfiles/parsing_core.py&quot;, line 177, in _execute
    self.get_singlefile_encoding(), logger, options)
  File &quot;/home/travis/build/smarie/python-parsyfiles/parsyfiles/parsing_combining_parsers.py&quot;, line 552, in _parse_singlefile
    return self._converter.convert(desired_type, first, logger, options)
  File &quot;/home/travis/build/smarie/python-parsyfiles/parsyfiles/converting_core.py&quot;, line 321, in convert
    raise ConversionException.create_not_able_to_convert(source_obj, self, desired_type)
  ParsingException : Error while parsing /home/travis/build/smarie/python-parsyfiles/parsyfiles/tests/parsing_capabilities_by_type/primitives_data/bool/ok/pickle-str-y=True (singlefile, .pyc) as a bool with parser &apos;$&lt;read_object_from_pickle&gt; =&gt; &lt;float_to_bool&gt;$&apos; using options=({&apos;MultifileCollectionParser&apos;: {&apos;lazy_parsing&apos;: False}}) : caught 
  ConversionException : Converter $&lt;float_to_bool&gt;$ is not able to ingest source value &apos;y&apos; of type &apos;str&apos; and/or convert it to type &apos;bool&apos;. This can happen in a chain when the previous step in the chain is generic and actually produced  an output of the wrong type/content
Rebuilding local parsing plan with next candidate parser: $&lt;read_object_from_pickle&gt; =&gt; &lt;int_to_bool&gt;$
(B)                                                                                                                |--pickle-str-y=True.pyc -&gt; bool ------- using $&lt;read_object_from_pickle&gt; =&gt; &lt;int_to_bool&gt;$
DONE Rebuilding local parsing plan for [/home/travis/build/smarie/python-parsyfiles/parsyfiles/tests/parsing_capabilities_by_type/primitives_data/bool/ok/pickle-str-y=True.pyc]. Resuming parsing...
Executing Parsing Plan for [/home/travis/build/smarie/python-parsyfiles/parsyfiles/tests/parsing_capabilities_by_type/primitives_data/bool/ok/pickle-str-y=True]
(P) /home/travis/build/smarie/python-parsyfiles/parsyfiles/tests/parsing_capabilities_by_type/primitives_data/bool/ok/pickle-str-y=True.pyc -&gt; bool ------- using $&lt;read_object_from_pickle&gt; =&gt; &lt;int_to_bool&gt;$
  !! Caught error during execution !!
  File &quot;/home/travis/build/smarie/python-parsyfiles/parsyfiles/parsing_core.py&quot;, line 177, in _execute
    self.get_singlefile_encoding(), logger, options)
  File &quot;/home/travis/build/smarie/python-parsyfiles/parsyfiles/parsing_combining_parsers.py&quot;, line 552, in _parse_singlefile
    return self._converter.convert(desired_type, first, logger, options)
  File &quot;/home/travis/build/smarie/python-parsyfiles/parsyfiles/converting_core.py&quot;, line 321, in convert
    raise ConversionException.create_not_able_to_convert(source_obj, self, desired_type)
  ParsingException : Error while parsing /home/travis/build/smarie/python-parsyfiles/parsyfiles/tests/parsing_capabilities_by_type/primitives_data/bool/ok/pickle-str-y=True (singlefile, .pyc) as a bool with parser &apos;$&lt;read_object_from_pickle&gt; =&gt; &lt;int_to_bool&gt;$&apos; using options=({&apos;MultifileCollectionParser&apos;: {&apos;lazy_parsing&apos;: False}}) : caught 
  ConversionException : Converter $&lt;int_to_bool&gt;$ is not able to ingest source value &apos;y&apos; of type &apos;str&apos; and/or convert it to type &apos;bool&apos;. This can happen in a chain when the previous step in the chain is generic and actually produced  an output of the wrong type/content
Rebuilding local parsing plan with next candidate parser: $&lt;read_object_from_pickle&gt; =&gt; &lt;str_to_bool&gt;$
(B)                                                                                                                |--pickle-str-y=True.pyc -&gt; bool ------- using $&lt;read_object_from_pickle&gt; =&gt; &lt;str_to_bool&gt;$
DONE Rebuilding local parsing plan for [/home/travis/build/smarie/python-parsyfiles/parsyfiles/tests/parsing_capabilities_by_type/primitives_data/bool/ok/pickle-str-y=True.pyc]. Resuming parsing...
Executing Parsing Plan for [/home/travis/build/smarie/python-parsyfiles/parsyfiles/tests/parsing_capabilities_by_type/primitives_data/bool/ok/pickle-str-y=True]
(P) /home/travis/build/smarie/python-parsyfiles/parsyfiles/tests/parsing_capabilities_by_type/primitives_data/bool/ok/pickle-str-y=True.pyc -&gt; bool ------- using $&lt;read_object_from_pickle&gt; =&gt; &lt;str_to_bool&gt;$
(P)                                                                                                                |--pickle-str-y=True.pyc -&gt; bool SUCCESS !
Completed parsing successfully

True==1
</system-out></testcase><testcase classname="parsyfiles.tests.parsing_capabilities_by_type.test_parse_primitives" file="parsyfiles/tests/parsing_capabilities_by_type/test_parse_primitives.py" line="179" name="test_parse_by_type[bool-ok-txt-float-0.0=False.txt]" time="0.03244328498840332"><system-out>**** Starting to parse single object of type &lt;bool&gt; at location /home/travis/build/smarie/python-parsyfiles/parsyfiles/tests/parsing_capabilities_by_type/primitives_data/bool/ok/txt-float-0.0=False ****
Checking all files under [/home/travis/build/smarie/python-parsyfiles/parsyfiles/tests/parsing_capabilities_by_type/primitives_data/bool/ok/txt-float-0.0=False]
(C) /home/travis/build/smarie/python-parsyfiles/parsyfiles/tests/parsing_capabilities_by_type/primitives_data/bool/ok/txt-float-0.0=False (singlefile, .txt)
File checks done

Building a parsing plan to parse [/home/travis/build/smarie/python-parsyfiles/parsyfiles/tests/parsing_capabilities_by_type/primitives_data/bool/ok/txt-float-0.0=False] into a bool
(B) /home/travis/build/smarie/python-parsyfiles/parsyfiles/tests/parsing_capabilities_by_type/primitives_data/bool/ok/txt-float-0.0=False.txt -&gt; bool ------- using [Try &apos;$&lt;read_str_from_txt&gt; =&gt; &lt;str_to_bool&gt;$&apos; then &apos;$&lt;read_str_from_txt&gt; =&gt; &lt;base64_ascii_str_pickle_to_object&gt; -&gt; &lt;float_to_bool&gt;$&apos; then &apos;$&lt;read_str_from_txt&gt; =&gt; &lt;base64_ascii_str_pickle_to_object&gt; -&gt; &lt;int_to_bool&gt;$&apos; then &apos;$&lt;read_str_from_txt&gt; =&gt; &lt;base64_ascii_str_pickle_to_object&gt; -&gt; &lt;str_to_bool&gt;$&apos; then &apos;$&lt;read_str_from_txt&gt; =&gt; &lt;base64_ascii_str_pickle_to_object&gt;$]&apos;]
(B)                                                                                                                |--txt-float-0.0=False.txt -&gt; bool ------- using $&lt;read_str_from_txt&gt; =&gt; &lt;str_to_bool&gt;$
Parsing Plan created successfully

Executing Parsing Plan for [/home/travis/build/smarie/python-parsyfiles/parsyfiles/tests/parsing_capabilities_by_type/primitives_data/bool/ok/txt-float-0.0=False]
(P) /home/travis/build/smarie/python-parsyfiles/parsyfiles/tests/parsing_capabilities_by_type/primitives_data/bool/ok/txt-float-0.0=False.txt -&gt; bool ------- using $&lt;read_str_from_txt&gt; =&gt; &lt;str_to_bool&gt;$
(P)                                                                                                                |--txt-float-0.0=False.txt -&gt; bool SUCCESS !
Completed parsing successfully

False==0
</system-out></testcase><testcase classname="parsyfiles.tests.parsing_capabilities_by_type.test_parse_primitives" file="parsyfiles/tests/parsing_capabilities_by_type/test_parse_primitives.py" line="179" name="test_parse_by_type[bool-ok-b64pickle-bool-True=True.txt]" time="0.03584456443786621"><system-out>**** Starting to parse single object of type &lt;bool&gt; at location /home/travis/build/smarie/python-parsyfiles/parsyfiles/tests/parsing_capabilities_by_type/primitives_data/bool/ok/b64pickle-bool-True=True ****
Checking all files under [/home/travis/build/smarie/python-parsyfiles/parsyfiles/tests/parsing_capabilities_by_type/primitives_data/bool/ok/b64pickle-bool-True=True]
(C) /home/travis/build/smarie/python-parsyfiles/parsyfiles/tests/parsing_capabilities_by_type/primitives_data/bool/ok/b64pickle-bool-True=True (singlefile, .txt)
File checks done

Building a parsing plan to parse [/home/travis/build/smarie/python-parsyfiles/parsyfiles/tests/parsing_capabilities_by_type/primitives_data/bool/ok/b64pickle-bool-True=True] into a bool
(B) /home/travis/build/smarie/python-parsyfiles/parsyfiles/tests/parsing_capabilities_by_type/primitives_data/bool/ok/b64pickle-bool-True=True.txt -&gt; bool ------- using [Try &apos;$&lt;read_str_from_txt&gt; =&gt; &lt;str_to_bool&gt;$&apos; then &apos;$&lt;read_str_from_txt&gt; =&gt; &lt;base64_ascii_str_pickle_to_object&gt; -&gt; &lt;float_to_bool&gt;$&apos; then &apos;$&lt;read_str_from_txt&gt; =&gt; &lt;base64_ascii_str_pickle_to_object&gt; -&gt; &lt;int_to_bool&gt;$&apos; then &apos;$&lt;read_str_from_txt&gt; =&gt; &lt;base64_ascii_str_pickle_to_object&gt; -&gt; &lt;str_to_bool&gt;$&apos; then &apos;$&lt;read_str_from_txt&gt; =&gt; &lt;base64_ascii_str_pickle_to_object&gt;$]&apos;]
(B)                                                                                                                |--b64pickle-bool-True=True.txt -&gt; bool ------- using $&lt;read_str_from_txt&gt; =&gt; &lt;str_to_bool&gt;$
Parsing Plan created successfully

Executing Parsing Plan for [/home/travis/build/smarie/python-parsyfiles/parsyfiles/tests/parsing_capabilities_by_type/primitives_data/bool/ok/b64pickle-bool-True=True]
(P) /home/travis/build/smarie/python-parsyfiles/parsyfiles/tests/parsing_capabilities_by_type/primitives_data/bool/ok/b64pickle-bool-True=True.txt -&gt; bool ------- using $&lt;read_str_from_txt&gt; =&gt; &lt;str_to_bool&gt;$
  !! Caught error during execution !!
  File &quot;/home/travis/build/smarie/python-parsyfiles/parsyfiles/converting_core.py&quot;, line 524, in _convert
    return self.conversion_method(desired_type, source_obj, logger, **opts)
  File &quot;/home/travis/build/smarie/python-parsyfiles/parsyfiles/plugins_base/support_for_primitive_types.py&quot;, line 84, in primitive_to_bool
    return bool(strtobool(source))
  File &quot;/opt/python/3.5.5/lib/python3.5/distutils/util.py&quot;, line 317, in strtobool
    raise ValueError(&quot;invalid truth value %r&quot; % (val,))
  ParsingException : Error while parsing /home/travis/build/smarie/python-parsyfiles/parsyfiles/tests/parsing_capabilities_by_type/primitives_data/bool/ok/b64pickle-bool-True=True (singlefile, .txt) as a bool with parser &apos;$&lt;read_str_from_txt&gt; =&gt; &lt;str_to_bool&gt;$&apos; using options=({&apos;MultifileCollectionParser&apos;: {&apos;lazy_parsing&apos;: False}}) : caught 
  ValueError : invalid truth value &apos;gaoilg==&apos;
Rebuilding local parsing plan with next candidate parser: $&lt;read_str_from_txt&gt; =&gt; &lt;base64_ascii_str_pickle_to_object&gt; -&gt; &lt;float_to_bool&gt;$
(B)                                                                                                                |--b64pickle-bool-True=True.txt -&gt; bool ------- using $&lt;read_str_from_txt&gt; =&gt; &lt;base64_ascii_str_pickle_to_object&gt; -&gt; &lt;float_to_bool&gt;$
DONE Rebuilding local parsing plan for [/home/travis/build/smarie/python-parsyfiles/parsyfiles/tests/parsing_capabilities_by_type/primitives_data/bool/ok/b64pickle-bool-True=True.txt]. Resuming parsing...
Executing Parsing Plan for [/home/travis/build/smarie/python-parsyfiles/parsyfiles/tests/parsing_capabilities_by_type/primitives_data/bool/ok/b64pickle-bool-True=True]
(P) /home/travis/build/smarie/python-parsyfiles/parsyfiles/tests/parsing_capabilities_by_type/primitives_data/bool/ok/b64pickle-bool-True=True.txt -&gt; bool ------- using $&lt;read_str_from_txt&gt; =&gt; &lt;base64_ascii_str_pickle_to_object&gt; -&gt; &lt;float_to_bool&gt;$
  !! Caught error during execution !!
  File &quot;/home/travis/build/smarie/python-parsyfiles/parsyfiles/converting_core.py&quot;, line 319, in convert
    return self._convert(desired_type, source_obj, logger, options)
  File &quot;/home/travis/build/smarie/python-parsyfiles/parsyfiles/converting_core.py&quot;, line 770, in _convert
    return self._converters_list[-1].convert(desired_type, obj, logger, options)
  File &quot;/home/travis/build/smarie/python-parsyfiles/parsyfiles/converting_core.py&quot;, line 321, in convert
    raise ConversionException.create_not_able_to_convert(source_obj, self, desired_type)
  ParsingException : Error while parsing /home/travis/build/smarie/python-parsyfiles/parsyfiles/tests/parsing_capabilities_by_type/primitives_data/bool/ok/b64pickle-bool-True=True (singlefile, .txt) as a bool with parser &apos;$&lt;read_str_from_txt&gt; =&gt; &lt;base64_ascii_str_pickle_to_object&gt; -&gt; &lt;float_to_bool&gt;$&apos; using options=({&apos;MultifileCollectionParser&apos;: {&apos;lazy_parsing&apos;: False}}) : caught 
  ConversionException : Converter &lt;float_to_bool&gt; is not able to ingest source value &apos;True&apos; of type &apos;bool&apos; and/or convert it to type &apos;bool&apos;. This can happen in a chain when the previous step in the chain is generic and actually produced  an output of the wrong type/content
Rebuilding local parsing plan with next candidate parser: $&lt;read_str_from_txt&gt; =&gt; &lt;base64_ascii_str_pickle_to_object&gt; -&gt; &lt;int_to_bool&gt;$
(B)                                                                                                                |--b64pickle-bool-True=True.txt -&gt; bool ------- using $&lt;read_str_from_txt&gt; =&gt; &lt;base64_ascii_str_pickle_to_object&gt; -&gt; &lt;int_to_bool&gt;$
DONE Rebuilding local parsing plan for [/home/travis/build/smarie/python-parsyfiles/parsyfiles/tests/parsing_capabilities_by_type/primitives_data/bool/ok/b64pickle-bool-True=True.txt]. Resuming parsing...
Executing Parsing Plan for [/home/travis/build/smarie/python-parsyfiles/parsyfiles/tests/parsing_capabilities_by_type/primitives_data/bool/ok/b64pickle-bool-True=True]
(P) /home/travis/build/smarie/python-parsyfiles/parsyfiles/tests/parsing_capabilities_by_type/primitives_data/bool/ok/b64pickle-bool-True=True.txt -&gt; bool ------- using $&lt;read_str_from_txt&gt; =&gt; &lt;base64_ascii_str_pickle_to_object&gt; -&gt; &lt;int_to_bool&gt;$
  !! Caught error during execution !!
  File &quot;/home/travis/build/smarie/python-parsyfiles/parsyfiles/converting_core.py&quot;, line 319, in convert
    return self._convert(desired_type, source_obj, logger, options)
  File &quot;/home/travis/build/smarie/python-parsyfiles/parsyfiles/converting_core.py&quot;, line 524, in _convert
    return self.conversion_method(desired_type, source_obj, logger, **opts)
  File &quot;/home/travis/build/smarie/python-parsyfiles/parsyfiles/plugins_base/support_for_primitive_types.py&quot;, line 93, in primitive_to_bool
    raise ValueError(&apos;Cannot convert to bool : source is a \&apos;&apos; + str(typ) + &apos;\&apos; &apos;)
  ParsingException : Error while parsing /home/travis/build/smarie/python-parsyfiles/parsyfiles/tests/parsing_capabilities_by_type/primitives_data/bool/ok/b64pickle-bool-True=True (singlefile, .txt) as a bool with parser &apos;$&lt;read_str_from_txt&gt; =&gt; &lt;base64_ascii_str_pickle_to_object&gt; -&gt; &lt;int_to_bool&gt;$&apos; using options=({&apos;MultifileCollectionParser&apos;: {&apos;lazy_parsing&apos;: False}}) : caught 
  ValueError : Cannot convert to bool : source is a &apos;&lt;class &apos;bool&apos;&gt;&apos; 
Rebuilding local parsing plan with next candidate parser: $&lt;read_str_from_txt&gt; =&gt; &lt;base64_ascii_str_pickle_to_object&gt; -&gt; &lt;str_to_bool&gt;$
(B)                                                                                                                |--b64pickle-bool-True=True.txt -&gt; bool ------- using $&lt;read_str_from_txt&gt; =&gt; &lt;base64_ascii_str_pickle_to_object&gt; -&gt; &lt;str_to_bool&gt;$
DONE Rebuilding local parsing plan for [/home/travis/build/smarie/python-parsyfiles/parsyfiles/tests/parsing_capabilities_by_type/primitives_data/bool/ok/b64pickle-bool-True=True.txt]. Resuming parsing...
Executing Parsing Plan for [/home/travis/build/smarie/python-parsyfiles/parsyfiles/tests/parsing_capabilities_by_type/primitives_data/bool/ok/b64pickle-bool-True=True]
(P) /home/travis/build/smarie/python-parsyfiles/parsyfiles/tests/parsing_capabilities_by_type/primitives_data/bool/ok/b64pickle-bool-True=True.txt -&gt; bool ------- using $&lt;read_str_from_txt&gt; =&gt; &lt;base64_ascii_str_pickle_to_object&gt; -&gt; &lt;str_to_bool&gt;$
  !! Caught error during execution !!
  File &quot;/home/travis/build/smarie/python-parsyfiles/parsyfiles/converting_core.py&quot;, line 319, in convert
    return self._convert(desired_type, source_obj, logger, options)
  File &quot;/home/travis/build/smarie/python-parsyfiles/parsyfiles/converting_core.py&quot;, line 770, in _convert
    return self._converters_list[-1].convert(desired_type, obj, logger, options)
  File &quot;/home/travis/build/smarie/python-parsyfiles/parsyfiles/converting_core.py&quot;, line 321, in convert
    raise ConversionException.create_not_able_to_convert(source_obj, self, desired_type)
  ParsingException : Error while parsing /home/travis/build/smarie/python-parsyfiles/parsyfiles/tests/parsing_capabilities_by_type/primitives_data/bool/ok/b64pickle-bool-True=True (singlefile, .txt) as a bool with parser &apos;$&lt;read_str_from_txt&gt; =&gt; &lt;base64_ascii_str_pickle_to_object&gt; -&gt; &lt;str_to_bool&gt;$&apos; using options=({&apos;MultifileCollectionParser&apos;: {&apos;lazy_parsing&apos;: False}}) : caught 
  ConversionException : Converter &lt;str_to_bool&gt; is not able to ingest source value &apos;True&apos; of type &apos;bool&apos; and/or convert it to type &apos;bool&apos;. This can happen in a chain when the previous step in the chain is generic and actually produced  an output of the wrong type/content
Rebuilding local parsing plan with next candidate parser: $&lt;read_str_from_txt&gt; =&gt; &lt;base64_ascii_str_pickle_to_object&gt;$
(B)                                                                                                                |--b64pickle-bool-True=True.txt -&gt; bool ------- using $&lt;read_str_from_txt&gt; =&gt; &lt;base64_ascii_str_pickle_to_object&gt;$
DONE Rebuilding local parsing plan for [/home/travis/build/smarie/python-parsyfiles/parsyfiles/tests/parsing_capabilities_by_type/primitives_data/bool/ok/b64pickle-bool-True=True.txt]. Resuming parsing...
Executing Parsing Plan for [/home/travis/build/smarie/python-parsyfiles/parsyfiles/tests/parsing_capabilities_by_type/primitives_data/bool/ok/b64pickle-bool-True=True]
(P) /home/travis/build/smarie/python-parsyfiles/parsyfiles/tests/parsing_capabilities_by_type/primitives_data/bool/ok/b64pickle-bool-True=True.txt -&gt; bool ------- using $&lt;read_str_from_txt&gt; =&gt; &lt;base64_ascii_str_pickle_to_object&gt;$
(P)                                                                                                                |--b64pickle-bool-True=True.txt -&gt; bool SUCCESS !
Completed parsing successfully

True==1
</system-out></testcase><testcase classname="parsyfiles.tests.parsing_capabilities_by_type.test_parse_primitives" file="parsyfiles/tests/parsing_capabilities_by_type/test_parse_primitives.py" line="179" name="test_parse_by_type[bool-ok-txt-float-1.0=True.txt]" time="0.0317537784576416"><system-out>**** Starting to parse single object of type &lt;bool&gt; at location /home/travis/build/smarie/python-parsyfiles/parsyfiles/tests/parsing_capabilities_by_type/primitives_data/bool/ok/txt-float-1.0=True ****
Checking all files under [/home/travis/build/smarie/python-parsyfiles/parsyfiles/tests/parsing_capabilities_by_type/primitives_data/bool/ok/txt-float-1.0=True]
(C) /home/travis/build/smarie/python-parsyfiles/parsyfiles/tests/parsing_capabilities_by_type/primitives_data/bool/ok/txt-float-1.0=True (singlefile, .txt)
File checks done

Building a parsing plan to parse [/home/travis/build/smarie/python-parsyfiles/parsyfiles/tests/parsing_capabilities_by_type/primitives_data/bool/ok/txt-float-1.0=True] into a bool
(B) /home/travis/build/smarie/python-parsyfiles/parsyfiles/tests/parsing_capabilities_by_type/primitives_data/bool/ok/txt-float-1.0=True.txt -&gt; bool ------- using [Try &apos;$&lt;read_str_from_txt&gt; =&gt; &lt;str_to_bool&gt;$&apos; then &apos;$&lt;read_str_from_txt&gt; =&gt; &lt;base64_ascii_str_pickle_to_object&gt; -&gt; &lt;float_to_bool&gt;$&apos; then &apos;$&lt;read_str_from_txt&gt; =&gt; &lt;base64_ascii_str_pickle_to_object&gt; -&gt; &lt;int_to_bool&gt;$&apos; then &apos;$&lt;read_str_from_txt&gt; =&gt; &lt;base64_ascii_str_pickle_to_object&gt; -&gt; &lt;str_to_bool&gt;$&apos; then &apos;$&lt;read_str_from_txt&gt; =&gt; &lt;base64_ascii_str_pickle_to_object&gt;$]&apos;]
(B)                                                                                                                |--txt-float-1.0=True.txt -&gt; bool ------- using $&lt;read_str_from_txt&gt; =&gt; &lt;str_to_bool&gt;$
Parsing Plan created successfully

Executing Parsing Plan for [/home/travis/build/smarie/python-parsyfiles/parsyfiles/tests/parsing_capabilities_by_type/primitives_data/bool/ok/txt-float-1.0=True]
(P) /home/travis/build/smarie/python-parsyfiles/parsyfiles/tests/parsing_capabilities_by_type/primitives_data/bool/ok/txt-float-1.0=True.txt -&gt; bool ------- using $&lt;read_str_from_txt&gt; =&gt; &lt;str_to_bool&gt;$
(P)                                                                                                                |--txt-float-1.0=True.txt -&gt; bool SUCCESS !
Completed parsing successfully

True==1
</system-out></testcase><testcase classname="parsyfiles.tests.parsing_capabilities_by_type.test_parse_primitives" file="parsyfiles/tests/parsing_capabilities_by_type/test_parse_primitives.py" line="179" name="test_parse_by_type[bool-ok-b64pickle-str-No=False.txt]" time="0.03658890724182129"><system-out>**** Starting to parse single object of type &lt;bool&gt; at location /home/travis/build/smarie/python-parsyfiles/parsyfiles/tests/parsing_capabilities_by_type/primitives_data/bool/ok/b64pickle-str-No=False ****
Checking all files under [/home/travis/build/smarie/python-parsyfiles/parsyfiles/tests/parsing_capabilities_by_type/primitives_data/bool/ok/b64pickle-str-No=False]
(C) /home/travis/build/smarie/python-parsyfiles/parsyfiles/tests/parsing_capabilities_by_type/primitives_data/bool/ok/b64pickle-str-No=False (singlefile, .txt)
File checks done

Building a parsing plan to parse [/home/travis/build/smarie/python-parsyfiles/parsyfiles/tests/parsing_capabilities_by_type/primitives_data/bool/ok/b64pickle-str-No=False] into a bool
(B) /home/travis/build/smarie/python-parsyfiles/parsyfiles/tests/parsing_capabilities_by_type/primitives_data/bool/ok/b64pickle-str-No=False.txt -&gt; bool ------- using [Try &apos;$&lt;read_str_from_txt&gt; =&gt; &lt;str_to_bool&gt;$&apos; then &apos;$&lt;read_str_from_txt&gt; =&gt; &lt;base64_ascii_str_pickle_to_object&gt; -&gt; &lt;float_to_bool&gt;$&apos; then &apos;$&lt;read_str_from_txt&gt; =&gt; &lt;base64_ascii_str_pickle_to_object&gt; -&gt; &lt;int_to_bool&gt;$&apos; then &apos;$&lt;read_str_from_txt&gt; =&gt; &lt;base64_ascii_str_pickle_to_object&gt; -&gt; &lt;str_to_bool&gt;$&apos; then &apos;$&lt;read_str_from_txt&gt; =&gt; &lt;base64_ascii_str_pickle_to_object&gt;$]&apos;]
(B)                                                                                                                |--b64pickle-str-No=False.txt -&gt; bool ------- using $&lt;read_str_from_txt&gt; =&gt; &lt;str_to_bool&gt;$
Parsing Plan created successfully

Executing Parsing Plan for [/home/travis/build/smarie/python-parsyfiles/parsyfiles/tests/parsing_capabilities_by_type/primitives_data/bool/ok/b64pickle-str-No=False]
(P) /home/travis/build/smarie/python-parsyfiles/parsyfiles/tests/parsing_capabilities_by_type/primitives_data/bool/ok/b64pickle-str-No=False.txt -&gt; bool ------- using $&lt;read_str_from_txt&gt; =&gt; &lt;str_to_bool&gt;$
  !! Caught error during execution !!
  File &quot;/home/travis/build/smarie/python-parsyfiles/parsyfiles/converting_core.py&quot;, line 524, in _convert
    return self.conversion_method(desired_type, source_obj, logger, **opts)
  File &quot;/home/travis/build/smarie/python-parsyfiles/parsyfiles/plugins_base/support_for_primitive_types.py&quot;, line 84, in primitive_to_bool
    return bool(strtobool(source))
  File &quot;/opt/python/3.5.5/lib/python3.5/distutils/util.py&quot;, line 317, in strtobool
    raise ValueError(&quot;invalid truth value %r&quot; % (val,))
  ParsingException : Error while parsing /home/travis/build/smarie/python-parsyfiles/parsyfiles/tests/parsing_capabilities_by_type/primitives_data/bool/ok/b64pickle-str-No=False (singlefile, .txt) as a bool with parser &apos;$&lt;read_str_from_txt&gt; =&gt; &lt;str_to_bool&gt;$&apos; using options=({&apos;MultifileCollectionParser&apos;: {&apos;lazy_parsing&apos;: False}}) : caught 
  ValueError : invalid truth value &apos;ganyagaaae5vcqau&apos;
Rebuilding local parsing plan with next candidate parser: $&lt;read_str_from_txt&gt; =&gt; &lt;base64_ascii_str_pickle_to_object&gt; -&gt; &lt;float_to_bool&gt;$
(B)                                                                                                                |--b64pickle-str-No=False.txt -&gt; bool ------- using $&lt;read_str_from_txt&gt; =&gt; &lt;base64_ascii_str_pickle_to_object&gt; -&gt; &lt;float_to_bool&gt;$
DONE Rebuilding local parsing plan for [/home/travis/build/smarie/python-parsyfiles/parsyfiles/tests/parsing_capabilities_by_type/primitives_data/bool/ok/b64pickle-str-No=False.txt]. Resuming parsing...
Executing Parsing Plan for [/home/travis/build/smarie/python-parsyfiles/parsyfiles/tests/parsing_capabilities_by_type/primitives_data/bool/ok/b64pickle-str-No=False]
(P) /home/travis/build/smarie/python-parsyfiles/parsyfiles/tests/parsing_capabilities_by_type/primitives_data/bool/ok/b64pickle-str-No=False.txt -&gt; bool ------- using $&lt;read_str_from_txt&gt; =&gt; &lt;base64_ascii_str_pickle_to_object&gt; -&gt; &lt;float_to_bool&gt;$
  !! Caught error during execution !!
  File &quot;/home/travis/build/smarie/python-parsyfiles/parsyfiles/converting_core.py&quot;, line 319, in convert
    return self._convert(desired_type, source_obj, logger, options)
  File &quot;/home/travis/build/smarie/python-parsyfiles/parsyfiles/converting_core.py&quot;, line 770, in _convert
    return self._converters_list[-1].convert(desired_type, obj, logger, options)
  File &quot;/home/travis/build/smarie/python-parsyfiles/parsyfiles/converting_core.py&quot;, line 321, in convert
    raise ConversionException.create_not_able_to_convert(source_obj, self, desired_type)
  ParsingException : Error while parsing /home/travis/build/smarie/python-parsyfiles/parsyfiles/tests/parsing_capabilities_by_type/primitives_data/bool/ok/b64pickle-str-No=False (singlefile, .txt) as a bool with parser &apos;$&lt;read_str_from_txt&gt; =&gt; &lt;base64_ascii_str_pickle_to_object&gt; -&gt; &lt;float_to_bool&gt;$&apos; using options=({&apos;MultifileCollectionParser&apos;: {&apos;lazy_parsing&apos;: False}}) : caught 
  ConversionException : Converter &lt;float_to_bool&gt; is not able to ingest source value &apos;No&apos; of type &apos;str&apos; and/or convert it to type &apos;bool&apos;. This can happen in a chain when the previous step in the chain is generic and actually produced  an output of the wrong type/content
Rebuilding local parsing plan with next candidate parser: $&lt;read_str_from_txt&gt; =&gt; &lt;base64_ascii_str_pickle_to_object&gt; -&gt; &lt;int_to_bool&gt;$
(B)                                                                                                                |--b64pickle-str-No=False.txt -&gt; bool ------- using $&lt;read_str_from_txt&gt; =&gt; &lt;base64_ascii_str_pickle_to_object&gt; -&gt; &lt;int_to_bool&gt;$
DONE Rebuilding local parsing plan for [/home/travis/build/smarie/python-parsyfiles/parsyfiles/tests/parsing_capabilities_by_type/primitives_data/bool/ok/b64pickle-str-No=False.txt]. Resuming parsing...
Executing Parsing Plan for [/home/travis/build/smarie/python-parsyfiles/parsyfiles/tests/parsing_capabilities_by_type/primitives_data/bool/ok/b64pickle-str-No=False]
(P) /home/travis/build/smarie/python-parsyfiles/parsyfiles/tests/parsing_capabilities_by_type/primitives_data/bool/ok/b64pickle-str-No=False.txt -&gt; bool ------- using $&lt;read_str_from_txt&gt; =&gt; &lt;base64_ascii_str_pickle_to_object&gt; -&gt; &lt;int_to_bool&gt;$
  !! Caught error during execution !!
  File &quot;/home/travis/build/smarie/python-parsyfiles/parsyfiles/converting_core.py&quot;, line 319, in convert
    return self._convert(desired_type, source_obj, logger, options)
  File &quot;/home/travis/build/smarie/python-parsyfiles/parsyfiles/converting_core.py&quot;, line 770, in _convert
    return self._converters_list[-1].convert(desired_type, obj, logger, options)
  File &quot;/home/travis/build/smarie/python-parsyfiles/parsyfiles/converting_core.py&quot;, line 321, in convert
    raise ConversionException.create_not_able_to_convert(source_obj, self, desired_type)
  ParsingException : Error while parsing /home/travis/build/smarie/python-parsyfiles/parsyfiles/tests/parsing_capabilities_by_type/primitives_data/bool/ok/b64pickle-str-No=False (singlefile, .txt) as a bool with parser &apos;$&lt;read_str_from_txt&gt; =&gt; &lt;base64_ascii_str_pickle_to_object&gt; -&gt; &lt;int_to_bool&gt;$&apos; using options=({&apos;MultifileCollectionParser&apos;: {&apos;lazy_parsing&apos;: False}}) : caught 
  ConversionException : Converter &lt;int_to_bool&gt; is not able to ingest source value &apos;No&apos; of type &apos;str&apos; and/or convert it to type &apos;bool&apos;. This can happen in a chain when the previous step in the chain is generic and actually produced  an output of the wrong type/content
Rebuilding local parsing plan with next candidate parser: $&lt;read_str_from_txt&gt; =&gt; &lt;base64_ascii_str_pickle_to_object&gt; -&gt; &lt;str_to_bool&gt;$
(B)                                                                                                                |--b64pickle-str-No=False.txt -&gt; bool ------- using $&lt;read_str_from_txt&gt; =&gt; &lt;base64_ascii_str_pickle_to_object&gt; -&gt; &lt;str_to_bool&gt;$
DONE Rebuilding local parsing plan for [/home/travis/build/smarie/python-parsyfiles/parsyfiles/tests/parsing_capabilities_by_type/primitives_data/bool/ok/b64pickle-str-No=False.txt]. Resuming parsing...
Executing Parsing Plan for [/home/travis/build/smarie/python-parsyfiles/parsyfiles/tests/parsing_capabilities_by_type/primitives_data/bool/ok/b64pickle-str-No=False]
(P) /home/travis/build/smarie/python-parsyfiles/parsyfiles/tests/parsing_capabilities_by_type/primitives_data/bool/ok/b64pickle-str-No=False.txt -&gt; bool ------- using $&lt;read_str_from_txt&gt; =&gt; &lt;base64_ascii_str_pickle_to_object&gt; -&gt; &lt;str_to_bool&gt;$
(P)                                                                                                                |--b64pickle-str-No=False.txt -&gt; bool SUCCESS !
Completed parsing successfully

False==0
</system-out></testcase><testcase classname="parsyfiles.tests.parsing_capabilities_by_type.test_parse_primitives" file="parsyfiles/tests/parsing_capabilities_by_type/test_parse_primitives.py" line="179" name="test_parse_by_type[bool-ok-b64pickle-str-y=True.txt]" time="0.03515005111694336"><system-out>**** Starting to parse single object of type &lt;bool&gt; at location /home/travis/build/smarie/python-parsyfiles/parsyfiles/tests/parsing_capabilities_by_type/primitives_data/bool/ok/b64pickle-str-y=True ****
Checking all files under [/home/travis/build/smarie/python-parsyfiles/parsyfiles/tests/parsing_capabilities_by_type/primitives_data/bool/ok/b64pickle-str-y=True]
(C) /home/travis/build/smarie/python-parsyfiles/parsyfiles/tests/parsing_capabilities_by_type/primitives_data/bool/ok/b64pickle-str-y=True (singlefile, .txt)
File checks done

Building a parsing plan to parse [/home/travis/build/smarie/python-parsyfiles/parsyfiles/tests/parsing_capabilities_by_type/primitives_data/bool/ok/b64pickle-str-y=True] into a bool
(B) /home/travis/build/smarie/python-parsyfiles/parsyfiles/tests/parsing_capabilities_by_type/primitives_data/bool/ok/b64pickle-str-y=True.txt -&gt; bool ------- using [Try &apos;$&lt;read_str_from_txt&gt; =&gt; &lt;str_to_bool&gt;$&apos; then &apos;$&lt;read_str_from_txt&gt; =&gt; &lt;base64_ascii_str_pickle_to_object&gt; -&gt; &lt;float_to_bool&gt;$&apos; then &apos;$&lt;read_str_from_txt&gt; =&gt; &lt;base64_ascii_str_pickle_to_object&gt; -&gt; &lt;int_to_bool&gt;$&apos; then &apos;$&lt;read_str_from_txt&gt; =&gt; &lt;base64_ascii_str_pickle_to_object&gt; -&gt; &lt;str_to_bool&gt;$&apos; then &apos;$&lt;read_str_from_txt&gt; =&gt; &lt;base64_ascii_str_pickle_to_object&gt;$]&apos;]
(B)                                                                                                                |--b64pickle-str-y=True.txt -&gt; bool ------- using $&lt;read_str_from_txt&gt; =&gt; &lt;str_to_bool&gt;$
Parsing Plan created successfully

Executing Parsing Plan for [/home/travis/build/smarie/python-parsyfiles/parsyfiles/tests/parsing_capabilities_by_type/primitives_data/bool/ok/b64pickle-str-y=True]
(P) /home/travis/build/smarie/python-parsyfiles/parsyfiles/tests/parsing_capabilities_by_type/primitives_data/bool/ok/b64pickle-str-y=True.txt -&gt; bool ------- using $&lt;read_str_from_txt&gt; =&gt; &lt;str_to_bool&gt;$
  !! Caught error during execution !!
  File &quot;/home/travis/build/smarie/python-parsyfiles/parsyfiles/converting_core.py&quot;, line 524, in _convert
    return self.conversion_method(desired_type, source_obj, logger, **opts)
  File &quot;/home/travis/build/smarie/python-parsyfiles/parsyfiles/plugins_base/support_for_primitive_types.py&quot;, line 84, in primitive_to_bool
    return bool(strtobool(source))
  File &quot;/opt/python/3.5.5/lib/python3.5/distutils/util.py&quot;, line 317, in strtobool
    raise ValueError(&quot;invalid truth value %r&quot; % (val,))
  ParsingException : Error while parsing /home/travis/build/smarie/python-parsyfiles/parsyfiles/tests/parsing_capabilities_by_type/primitives_data/bool/ok/b64pickle-str-y=True (singlefile, .txt) as a bool with parser &apos;$&lt;read_str_from_txt&gt; =&gt; &lt;str_to_bool&gt;$&apos; using options=({&apos;MultifileCollectionParser&apos;: {&apos;lazy_parsing&apos;: False}}) : caught 
  ValueError : invalid truth value &apos;ganyaqaaahlxac4=&apos;
Rebuilding local parsing plan with next candidate parser: $&lt;read_str_from_txt&gt; =&gt; &lt;base64_ascii_str_pickle_to_object&gt; -&gt; &lt;float_to_bool&gt;$
(B)                                                                                                                |--b64pickle-str-y=True.txt -&gt; bool ------- using $&lt;read_str_from_txt&gt; =&gt; &lt;base64_ascii_str_pickle_to_object&gt; -&gt; &lt;float_to_bool&gt;$
DONE Rebuilding local parsing plan for [/home/travis/build/smarie/python-parsyfiles/parsyfiles/tests/parsing_capabilities_by_type/primitives_data/bool/ok/b64pickle-str-y=True.txt]. Resuming parsing...
Executing Parsing Plan for [/home/travis/build/smarie/python-parsyfiles/parsyfiles/tests/parsing_capabilities_by_type/primitives_data/bool/ok/b64pickle-str-y=True]
(P) /home/travis/build/smarie/python-parsyfiles/parsyfiles/tests/parsing_capabilities_by_type/primitives_data/bool/ok/b64pickle-str-y=True.txt -&gt; bool ------- using $&lt;read_str_from_txt&gt; =&gt; &lt;base64_ascii_str_pickle_to_object&gt; -&gt; &lt;float_to_bool&gt;$
  !! Caught error during execution !!
  File &quot;/home/travis/build/smarie/python-parsyfiles/parsyfiles/converting_core.py&quot;, line 319, in convert
    return self._convert(desired_type, source_obj, logger, options)
  File &quot;/home/travis/build/smarie/python-parsyfiles/parsyfiles/converting_core.py&quot;, line 770, in _convert
    return self._converters_list[-1].convert(desired_type, obj, logger, options)
  File &quot;/home/travis/build/smarie/python-parsyfiles/parsyfiles/converting_core.py&quot;, line 321, in convert
    raise ConversionException.create_not_able_to_convert(source_obj, self, desired_type)
  ParsingException : Error while parsing /home/travis/build/smarie/python-parsyfiles/parsyfiles/tests/parsing_capabilities_by_type/primitives_data/bool/ok/b64pickle-str-y=True (singlefile, .txt) as a bool with parser &apos;$&lt;read_str_from_txt&gt; =&gt; &lt;base64_ascii_str_pickle_to_object&gt; -&gt; &lt;float_to_bool&gt;$&apos; using options=({&apos;MultifileCollectionParser&apos;: {&apos;lazy_parsing&apos;: False}}) : caught 
  ConversionException : Converter &lt;float_to_bool&gt; is not able to ingest source value &apos;y&apos; of type &apos;str&apos; and/or convert it to type &apos;bool&apos;. This can happen in a chain when the previous step in the chain is generic and actually produced  an output of the wrong type/content
Rebuilding local parsing plan with next candidate parser: $&lt;read_str_from_txt&gt; =&gt; &lt;base64_ascii_str_pickle_to_object&gt; -&gt; &lt;int_to_bool&gt;$
(B)                                                                                                                |--b64pickle-str-y=True.txt -&gt; bool ------- using $&lt;read_str_from_txt&gt; =&gt; &lt;base64_ascii_str_pickle_to_object&gt; -&gt; &lt;int_to_bool&gt;$
DONE Rebuilding local parsing plan for [/home/travis/build/smarie/python-parsyfiles/parsyfiles/tests/parsing_capabilities_by_type/primitives_data/bool/ok/b64pickle-str-y=True.txt]. Resuming parsing...
Executing Parsing Plan for [/home/travis/build/smarie/python-parsyfiles/parsyfiles/tests/parsing_capabilities_by_type/primitives_data/bool/ok/b64pickle-str-y=True]
(P) /home/travis/build/smarie/python-parsyfiles/parsyfiles/tests/parsing_capabilities_by_type/primitives_data/bool/ok/b64pickle-str-y=True.txt -&gt; bool ------- using $&lt;read_str_from_txt&gt; =&gt; &lt;base64_ascii_str_pickle_to_object&gt; -&gt; &lt;int_to_bool&gt;$
  !! Caught error during execution !!
  File &quot;/home/travis/build/smarie/python-parsyfiles/parsyfiles/converting_core.py&quot;, line 319, in convert
    return self._convert(desired_type, source_obj, logger, options)
  File &quot;/home/travis/build/smarie/python-parsyfiles/parsyfiles/converting_core.py&quot;, line 770, in _convert
    return self._converters_list[-1].convert(desired_type, obj, logger, options)
  File &quot;/home/travis/build/smarie/python-parsyfiles/parsyfiles/converting_core.py&quot;, line 321, in convert
    raise ConversionException.create_not_able_to_convert(source_obj, self, desired_type)
  ParsingException : Error while parsing /home/travis/build/smarie/python-parsyfiles/parsyfiles/tests/parsing_capabilities_by_type/primitives_data/bool/ok/b64pickle-str-y=True (singlefile, .txt) as a bool with parser &apos;$&lt;read_str_from_txt&gt; =&gt; &lt;base64_ascii_str_pickle_to_object&gt; -&gt; &lt;int_to_bool&gt;$&apos; using options=({&apos;MultifileCollectionParser&apos;: {&apos;lazy_parsing&apos;: False}}) : caught 
  ConversionException : Converter &lt;int_to_bool&gt; is not able to ingest source value &apos;y&apos; of type &apos;str&apos; and/or convert it to type &apos;bool&apos;. This can happen in a chain when the previous step in the chain is generic and actually produced  an output of the wrong type/content
Rebuilding local parsing plan with next candidate parser: $&lt;read_str_from_txt&gt; =&gt; &lt;base64_ascii_str_pickle_to_object&gt; -&gt; &lt;str_to_bool&gt;$
(B)                                                                                                                |--b64pickle-str-y=True.txt -&gt; bool ------- using $&lt;read_str_from_txt&gt; =&gt; &lt;base64_ascii_str_pickle_to_object&gt; -&gt; &lt;str_to_bool&gt;$
DONE Rebuilding local parsing plan for [/home/travis/build/smarie/python-parsyfiles/parsyfiles/tests/parsing_capabilities_by_type/primitives_data/bool/ok/b64pickle-str-y=True.txt]. Resuming parsing...
Executing Parsing Plan for [/home/travis/build/smarie/python-parsyfiles/parsyfiles/tests/parsing_capabilities_by_type/primitives_data/bool/ok/b64pickle-str-y=True]
(P) /home/travis/build/smarie/python-parsyfiles/parsyfiles/tests/parsing_capabilities_by_type/primitives_data/bool/ok/b64pickle-str-y=True.txt -&gt; bool ------- using $&lt;read_str_from_txt&gt; =&gt; &lt;base64_ascii_str_pickle_to_object&gt; -&gt; &lt;str_to_bool&gt;$
(P)                                                                                                                |--b64pickle-str-y=True.txt -&gt; bool SUCCESS !
Completed parsing successfully

True==1
</system-out></testcase><testcase classname="parsyfiles.tests.parsing_capabilities_by_type.test_parse_primitives" file="parsyfiles/tests/parsing_capabilities_by_type/test_parse_primitives.py" line="179" name="test_parse_by_type[bool-ok-pickle-int-1=True.pyc]" time="0.03697538375854492"><system-out>**** Starting to parse single object of type &lt;bool&gt; at location /home/travis/build/smarie/python-parsyfiles/parsyfiles/tests/parsing_capabilities_by_type/primitives_data/bool/ok/pickle-int-1=True ****
Checking all files under [/home/travis/build/smarie/python-parsyfiles/parsyfiles/tests/parsing_capabilities_by_type/primitives_data/bool/ok/pickle-int-1=True]
(C) /home/travis/build/smarie/python-parsyfiles/parsyfiles/tests/parsing_capabilities_by_type/primitives_data/bool/ok/pickle-int-1=True (singlefile, .pyc)
File checks done

Building a parsing plan to parse [/home/travis/build/smarie/python-parsyfiles/parsyfiles/tests/parsing_capabilities_by_type/primitives_data/bool/ok/pickle-int-1=True] into a bool
(B) /home/travis/build/smarie/python-parsyfiles/parsyfiles/tests/parsing_capabilities_by_type/primitives_data/bool/ok/pickle-int-1=True.pyc -&gt; bool ------- using [Try &apos;$&lt;read_object_from_pickle&gt; =&gt; &lt;float_to_bool&gt;$&apos; then &apos;$&lt;read_object_from_pickle&gt; =&gt; &lt;int_to_bool&gt;$&apos; then &apos;$&lt;read_object_from_pickle&gt; =&gt; &lt;str_to_bool&gt;$&apos; then &apos;&lt;read_object_from_pickle&gt;]&apos;]
(B)                                                                                                                |--pickle-int-1=True.pyc -&gt; bool ------- using $&lt;read_object_from_pickle&gt; =&gt; &lt;float_to_bool&gt;$
Parsing Plan created successfully

Executing Parsing Plan for [/home/travis/build/smarie/python-parsyfiles/parsyfiles/tests/parsing_capabilities_by_type/primitives_data/bool/ok/pickle-int-1=True]
(P) /home/travis/build/smarie/python-parsyfiles/parsyfiles/tests/parsing_capabilities_by_type/primitives_data/bool/ok/pickle-int-1=True.pyc -&gt; bool ------- using $&lt;read_object_from_pickle&gt; =&gt; &lt;float_to_bool&gt;$
  !! Caught error during execution !!
  File &quot;/home/travis/build/smarie/python-parsyfiles/parsyfiles/parsing_core.py&quot;, line 177, in _execute
    self.get_singlefile_encoding(), logger, options)
  File &quot;/home/travis/build/smarie/python-parsyfiles/parsyfiles/parsing_combining_parsers.py&quot;, line 552, in _parse_singlefile
    return self._converter.convert(desired_type, first, logger, options)
  File &quot;/home/travis/build/smarie/python-parsyfiles/parsyfiles/converting_core.py&quot;, line 321, in convert
    raise ConversionException.create_not_able_to_convert(source_obj, self, desired_type)
  ParsingException : Error while parsing /home/travis/build/smarie/python-parsyfiles/parsyfiles/tests/parsing_capabilities_by_type/primitives_data/bool/ok/pickle-int-1=True (singlefile, .pyc) as a bool with parser &apos;$&lt;read_object_from_pickle&gt; =&gt; &lt;float_to_bool&gt;$&apos; using options=({&apos;MultifileCollectionParser&apos;: {&apos;lazy_parsing&apos;: False}}) : caught 
  ConversionException : Converter $&lt;float_to_bool&gt;$ is not able to ingest source value &apos;1&apos; of type &apos;int&apos; and/or convert it to type &apos;bool&apos;. This can happen in a chain when the previous step in the chain is generic and actually produced  an output of the wrong type/content
Rebuilding local parsing plan with next candidate parser: $&lt;read_object_from_pickle&gt; =&gt; &lt;int_to_bool&gt;$
(B)                                                                                                                |--pickle-int-1=True.pyc -&gt; bool ------- using $&lt;read_object_from_pickle&gt; =&gt; &lt;int_to_bool&gt;$
DONE Rebuilding local parsing plan for [/home/travis/build/smarie/python-parsyfiles/parsyfiles/tests/parsing_capabilities_by_type/primitives_data/bool/ok/pickle-int-1=True.pyc]. Resuming parsing...
Executing Parsing Plan for [/home/travis/build/smarie/python-parsyfiles/parsyfiles/tests/parsing_capabilities_by_type/primitives_data/bool/ok/pickle-int-1=True]
(P) /home/travis/build/smarie/python-parsyfiles/parsyfiles/tests/parsing_capabilities_by_type/primitives_data/bool/ok/pickle-int-1=True.pyc -&gt; bool ------- using $&lt;read_object_from_pickle&gt; =&gt; &lt;int_to_bool&gt;$
(P)                                                                                                                |--pickle-int-1=True.pyc -&gt; bool SUCCESS !
Completed parsing successfully

True==1
</system-out></testcase><testcase classname="parsyfiles.tests.parsing_capabilities_by_type.test_parse_primitives" file="parsyfiles/tests/parsing_capabilities_by_type/test_parse_primitives.py" line="179" name="test_parse_by_type[bool-ok-txt-int-1=True.txt]" time="0.034332990646362305"><system-out>**** Starting to parse single object of type &lt;bool&gt; at location /home/travis/build/smarie/python-parsyfiles/parsyfiles/tests/parsing_capabilities_by_type/primitives_data/bool/ok/txt-int-1=True ****
Checking all files under [/home/travis/build/smarie/python-parsyfiles/parsyfiles/tests/parsing_capabilities_by_type/primitives_data/bool/ok/txt-int-1=True]
(C) /home/travis/build/smarie/python-parsyfiles/parsyfiles/tests/parsing_capabilities_by_type/primitives_data/bool/ok/txt-int-1=True (singlefile, .txt)
File checks done

Building a parsing plan to parse [/home/travis/build/smarie/python-parsyfiles/parsyfiles/tests/parsing_capabilities_by_type/primitives_data/bool/ok/txt-int-1=True] into a bool
(B) /home/travis/build/smarie/python-parsyfiles/parsyfiles/tests/parsing_capabilities_by_type/primitives_data/bool/ok/txt-int-1=True.txt -&gt; bool ------- using [Try &apos;$&lt;read_str_from_txt&gt; =&gt; &lt;str_to_bool&gt;$&apos; then &apos;$&lt;read_str_from_txt&gt; =&gt; &lt;base64_ascii_str_pickle_to_object&gt; -&gt; &lt;float_to_bool&gt;$&apos; then &apos;$&lt;read_str_from_txt&gt; =&gt; &lt;base64_ascii_str_pickle_to_object&gt; -&gt; &lt;int_to_bool&gt;$&apos; then &apos;$&lt;read_str_from_txt&gt; =&gt; &lt;base64_ascii_str_pickle_to_object&gt; -&gt; &lt;str_to_bool&gt;$&apos; then &apos;$&lt;read_str_from_txt&gt; =&gt; &lt;base64_ascii_str_pickle_to_object&gt;$]&apos;]
(B)                                                                                                                |--txt-int-1=True.txt -&gt; bool ------- using $&lt;read_str_from_txt&gt; =&gt; &lt;str_to_bool&gt;$
Parsing Plan created successfully

Executing Parsing Plan for [/home/travis/build/smarie/python-parsyfiles/parsyfiles/tests/parsing_capabilities_by_type/primitives_data/bool/ok/txt-int-1=True]
(P) /home/travis/build/smarie/python-parsyfiles/parsyfiles/tests/parsing_capabilities_by_type/primitives_data/bool/ok/txt-int-1=True.txt -&gt; bool ------- using $&lt;read_str_from_txt&gt; =&gt; &lt;str_to_bool&gt;$
(P)                                                                                                                |--txt-int-1=True.txt -&gt; bool SUCCESS !
Completed parsing successfully

True==1
</system-out></testcase><testcase classname="parsyfiles.tests.parsing_capabilities_by_type.test_parse_primitives" file="parsyfiles/tests/parsing_capabilities_by_type/test_parse_primitives.py" line="179" name="test_parse_by_type[bool-ok-txt-bool-True=True.txt]" time="0.040505170822143555"><system-out>**** Starting to parse single object of type &lt;bool&gt; at location /home/travis/build/smarie/python-parsyfiles/parsyfiles/tests/parsing_capabilities_by_type/primitives_data/bool/ok/txt-bool-True=True ****
Checking all files under [/home/travis/build/smarie/python-parsyfiles/parsyfiles/tests/parsing_capabilities_by_type/primitives_data/bool/ok/txt-bool-True=True]
(C) /home/travis/build/smarie/python-parsyfiles/parsyfiles/tests/parsing_capabilities_by_type/primitives_data/bool/ok/txt-bool-True=True (singlefile, .txt)
File checks done

Building a parsing plan to parse [/home/travis/build/smarie/python-parsyfiles/parsyfiles/tests/parsing_capabilities_by_type/primitives_data/bool/ok/txt-bool-True=True] into a bool
(B) /home/travis/build/smarie/python-parsyfiles/parsyfiles/tests/parsing_capabilities_by_type/primitives_data/bool/ok/txt-bool-True=True.txt -&gt; bool ------- using [Try &apos;$&lt;read_str_from_txt&gt; =&gt; &lt;str_to_bool&gt;$&apos; then &apos;$&lt;read_str_from_txt&gt; =&gt; &lt;base64_ascii_str_pickle_to_object&gt; -&gt; &lt;float_to_bool&gt;$&apos; then &apos;$&lt;read_str_from_txt&gt; =&gt; &lt;base64_ascii_str_pickle_to_object&gt; -&gt; &lt;int_to_bool&gt;$&apos; then &apos;$&lt;read_str_from_txt&gt; =&gt; &lt;base64_ascii_str_pickle_to_object&gt; -&gt; &lt;str_to_bool&gt;$&apos; then &apos;$&lt;read_str_from_txt&gt; =&gt; &lt;base64_ascii_str_pickle_to_object&gt;$]&apos;]
(B)                                                                                                                |--txt-bool-True=True.txt -&gt; bool ------- using $&lt;read_str_from_txt&gt; =&gt; &lt;str_to_bool&gt;$
Parsing Plan created successfully

Executing Parsing Plan for [/home/travis/build/smarie/python-parsyfiles/parsyfiles/tests/parsing_capabilities_by_type/primitives_data/bool/ok/txt-bool-True=True]
(P) /home/travis/build/smarie/python-parsyfiles/parsyfiles/tests/parsing_capabilities_by_type/primitives_data/bool/ok/txt-bool-True=True.txt -&gt; bool ------- using $&lt;read_str_from_txt&gt; =&gt; &lt;str_to_bool&gt;$
(P)                                                                                                                |--txt-bool-True=True.txt -&gt; bool SUCCESS !
Completed parsing successfully

True==1
</system-out></testcase><testcase classname="parsyfiles.tests.parsing_capabilities_by_type.test_parse_primitives" file="parsyfiles/tests/parsing_capabilities_by_type/test_parse_primitives.py" line="179" name="test_parse_by_type[bool-ok-b64pickle-int-0=False.txt]" time="0.040511369705200195"><system-out>**** Starting to parse single object of type &lt;bool&gt; at location /home/travis/build/smarie/python-parsyfiles/parsyfiles/tests/parsing_capabilities_by_type/primitives_data/bool/ok/b64pickle-int-0=False ****
Checking all files under [/home/travis/build/smarie/python-parsyfiles/parsyfiles/tests/parsing_capabilities_by_type/primitives_data/bool/ok/b64pickle-int-0=False]
(C) /home/travis/build/smarie/python-parsyfiles/parsyfiles/tests/parsing_capabilities_by_type/primitives_data/bool/ok/b64pickle-int-0=False (singlefile, .txt)
File checks done

Building a parsing plan to parse [/home/travis/build/smarie/python-parsyfiles/parsyfiles/tests/parsing_capabilities_by_type/primitives_data/bool/ok/b64pickle-int-0=False] into a bool
(B) /home/travis/build/smarie/python-parsyfiles/parsyfiles/tests/parsing_capabilities_by_type/primitives_data/bool/ok/b64pickle-int-0=False.txt -&gt; bool ------- using [Try &apos;$&lt;read_str_from_txt&gt; =&gt; &lt;str_to_bool&gt;$&apos; then &apos;$&lt;read_str_from_txt&gt; =&gt; &lt;base64_ascii_str_pickle_to_object&gt; -&gt; &lt;float_to_bool&gt;$&apos; then &apos;$&lt;read_str_from_txt&gt; =&gt; &lt;base64_ascii_str_pickle_to_object&gt; -&gt; &lt;int_to_bool&gt;$&apos; then &apos;$&lt;read_str_from_txt&gt; =&gt; &lt;base64_ascii_str_pickle_to_object&gt; -&gt; &lt;str_to_bool&gt;$&apos; then &apos;$&lt;read_str_from_txt&gt; =&gt; &lt;base64_ascii_str_pickle_to_object&gt;$]&apos;]
(B)                                                                                                                |--b64pickle-int-0=False.txt -&gt; bool ------- using $&lt;read_str_from_txt&gt; =&gt; &lt;str_to_bool&gt;$
Parsing Plan created successfully

Executing Parsing Plan for [/home/travis/build/smarie/python-parsyfiles/parsyfiles/tests/parsing_capabilities_by_type/primitives_data/bool/ok/b64pickle-int-0=False]
(P) /home/travis/build/smarie/python-parsyfiles/parsyfiles/tests/parsing_capabilities_by_type/primitives_data/bool/ok/b64pickle-int-0=False.txt -&gt; bool ------- using $&lt;read_str_from_txt&gt; =&gt; &lt;str_to_bool&gt;$
  !! Caught error during execution !!
  File &quot;/home/travis/build/smarie/python-parsyfiles/parsyfiles/converting_core.py&quot;, line 524, in _convert
    return self.conversion_method(desired_type, source_obj, logger, **opts)
  File &quot;/home/travis/build/smarie/python-parsyfiles/parsyfiles/plugins_base/support_for_primitive_types.py&quot;, line 84, in primitive_to_bool
    return bool(strtobool(source))
  File &quot;/opt/python/3.5.5/lib/python3.5/distutils/util.py&quot;, line 317, in strtobool
    raise ValueError(&quot;invalid truth value %r&quot; % (val,))
  ParsingException : Error while parsing /home/travis/build/smarie/python-parsyfiles/parsyfiles/tests/parsing_capabilities_by_type/primitives_data/bool/ok/b64pickle-int-0=False (singlefile, .txt) as a bool with parser &apos;$&lt;read_str_from_txt&gt; =&gt; &lt;str_to_bool&gt;$&apos; using options=({&apos;MultifileCollectionParser&apos;: {&apos;lazy_parsing&apos;: False}}) : caught 
  ValueError : invalid truth value &apos;ganlac4=&apos;
Rebuilding local parsing plan with next candidate parser: $&lt;read_str_from_txt&gt; =&gt; &lt;base64_ascii_str_pickle_to_object&gt; -&gt; &lt;float_to_bool&gt;$
(B)                                                                                                                |--b64pickle-int-0=False.txt -&gt; bool ------- using $&lt;read_str_from_txt&gt; =&gt; &lt;base64_ascii_str_pickle_to_object&gt; -&gt; &lt;float_to_bool&gt;$
DONE Rebuilding local parsing plan for [/home/travis/build/smarie/python-parsyfiles/parsyfiles/tests/parsing_capabilities_by_type/primitives_data/bool/ok/b64pickle-int-0=False.txt]. Resuming parsing...
Executing Parsing Plan for [/home/travis/build/smarie/python-parsyfiles/parsyfiles/tests/parsing_capabilities_by_type/primitives_data/bool/ok/b64pickle-int-0=False]
(P) /home/travis/build/smarie/python-parsyfiles/parsyfiles/tests/parsing_capabilities_by_type/primitives_data/bool/ok/b64pickle-int-0=False.txt -&gt; bool ------- using $&lt;read_str_from_txt&gt; =&gt; &lt;base64_ascii_str_pickle_to_object&gt; -&gt; &lt;float_to_bool&gt;$
  !! Caught error during execution !!
  File &quot;/home/travis/build/smarie/python-parsyfiles/parsyfiles/converting_core.py&quot;, line 319, in convert
    return self._convert(desired_type, source_obj, logger, options)
  File &quot;/home/travis/build/smarie/python-parsyfiles/parsyfiles/converting_core.py&quot;, line 770, in _convert
    return self._converters_list[-1].convert(desired_type, obj, logger, options)
  File &quot;/home/travis/build/smarie/python-parsyfiles/parsyfiles/converting_core.py&quot;, line 321, in convert
    raise ConversionException.create_not_able_to_convert(source_obj, self, desired_type)
  ParsingException : Error while parsing /home/travis/build/smarie/python-parsyfiles/parsyfiles/tests/parsing_capabilities_by_type/primitives_data/bool/ok/b64pickle-int-0=False (singlefile, .txt) as a bool with parser &apos;$&lt;read_str_from_txt&gt; =&gt; &lt;base64_ascii_str_pickle_to_object&gt; -&gt; &lt;float_to_bool&gt;$&apos; using options=({&apos;MultifileCollectionParser&apos;: {&apos;lazy_parsing&apos;: False}}) : caught 
  ConversionException : Converter &lt;float_to_bool&gt; is not able to ingest source value &apos;0&apos; of type &apos;int&apos; and/or convert it to type &apos;bool&apos;. This can happen in a chain when the previous step in the chain is generic and actually produced  an output of the wrong type/content
Rebuilding local parsing plan with next candidate parser: $&lt;read_str_from_txt&gt; =&gt; &lt;base64_ascii_str_pickle_to_object&gt; -&gt; &lt;int_to_bool&gt;$
(B)                                                                                                                |--b64pickle-int-0=False.txt -&gt; bool ------- using $&lt;read_str_from_txt&gt; =&gt; &lt;base64_ascii_str_pickle_to_object&gt; -&gt; &lt;int_to_bool&gt;$
DONE Rebuilding local parsing plan for [/home/travis/build/smarie/python-parsyfiles/parsyfiles/tests/parsing_capabilities_by_type/primitives_data/bool/ok/b64pickle-int-0=False.txt]. Resuming parsing...
Executing Parsing Plan for [/home/travis/build/smarie/python-parsyfiles/parsyfiles/tests/parsing_capabilities_by_type/primitives_data/bool/ok/b64pickle-int-0=False]
(P) /home/travis/build/smarie/python-parsyfiles/parsyfiles/tests/parsing_capabilities_by_type/primitives_data/bool/ok/b64pickle-int-0=False.txt -&gt; bool ------- using $&lt;read_str_from_txt&gt; =&gt; &lt;base64_ascii_str_pickle_to_object&gt; -&gt; &lt;int_to_bool&gt;$
(P)                                                                                                                |--b64pickle-int-0=False.txt -&gt; bool SUCCESS !
Completed parsing successfully

False==0
</system-out></testcase><testcase classname="parsyfiles.tests.parsing_capabilities_by_type.test_parse_primitives" file="parsyfiles/tests/parsing_capabilities_by_type/test_parse_primitives.py" line="179" name="test_parse_by_type[bool-ok-pickle-int-0=False.pyc]" time="0.03852081298828125"><system-out>**** Starting to parse single object of type &lt;bool&gt; at location /home/travis/build/smarie/python-parsyfiles/parsyfiles/tests/parsing_capabilities_by_type/primitives_data/bool/ok/pickle-int-0=False ****
Checking all files under [/home/travis/build/smarie/python-parsyfiles/parsyfiles/tests/parsing_capabilities_by_type/primitives_data/bool/ok/pickle-int-0=False]
(C) /home/travis/build/smarie/python-parsyfiles/parsyfiles/tests/parsing_capabilities_by_type/primitives_data/bool/ok/pickle-int-0=False (singlefile, .pyc)
File checks done

Building a parsing plan to parse [/home/travis/build/smarie/python-parsyfiles/parsyfiles/tests/parsing_capabilities_by_type/primitives_data/bool/ok/pickle-int-0=False] into a bool
(B) /home/travis/build/smarie/python-parsyfiles/parsyfiles/tests/parsing_capabilities_by_type/primitives_data/bool/ok/pickle-int-0=False.pyc -&gt; bool ------- using [Try &apos;$&lt;read_object_from_pickle&gt; =&gt; &lt;float_to_bool&gt;$&apos; then &apos;$&lt;read_object_from_pickle&gt; =&gt; &lt;int_to_bool&gt;$&apos; then &apos;$&lt;read_object_from_pickle&gt; =&gt; &lt;str_to_bool&gt;$&apos; then &apos;&lt;read_object_from_pickle&gt;]&apos;]
(B)                                                                                                                |--pickle-int-0=False.pyc -&gt; bool ------- using $&lt;read_object_from_pickle&gt; =&gt; &lt;float_to_bool&gt;$
Parsing Plan created successfully

Executing Parsing Plan for [/home/travis/build/smarie/python-parsyfiles/parsyfiles/tests/parsing_capabilities_by_type/primitives_data/bool/ok/pickle-int-0=False]
(P) /home/travis/build/smarie/python-parsyfiles/parsyfiles/tests/parsing_capabilities_by_type/primitives_data/bool/ok/pickle-int-0=False.pyc -&gt; bool ------- using $&lt;read_object_from_pickle&gt; =&gt; &lt;float_to_bool&gt;$
  !! Caught error during execution !!
  File &quot;/home/travis/build/smarie/python-parsyfiles/parsyfiles/parsing_core.py&quot;, line 177, in _execute
    self.get_singlefile_encoding(), logger, options)
  File &quot;/home/travis/build/smarie/python-parsyfiles/parsyfiles/parsing_combining_parsers.py&quot;, line 552, in _parse_singlefile
    return self._converter.convert(desired_type, first, logger, options)
  File &quot;/home/travis/build/smarie/python-parsyfiles/parsyfiles/converting_core.py&quot;, line 321, in convert
    raise ConversionException.create_not_able_to_convert(source_obj, self, desired_type)
  ParsingException : Error while parsing /home/travis/build/smarie/python-parsyfiles/parsyfiles/tests/parsing_capabilities_by_type/primitives_data/bool/ok/pickle-int-0=False (singlefile, .pyc) as a bool with parser &apos;$&lt;read_object_from_pickle&gt; =&gt; &lt;float_to_bool&gt;$&apos; using options=({&apos;MultifileCollectionParser&apos;: {&apos;lazy_parsing&apos;: False}}) : caught 
  ConversionException : Converter $&lt;float_to_bool&gt;$ is not able to ingest source value &apos;0&apos; of type &apos;int&apos; and/or convert it to type &apos;bool&apos;. This can happen in a chain when the previous step in the chain is generic and actually produced  an output of the wrong type/content
Rebuilding local parsing plan with next candidate parser: $&lt;read_object_from_pickle&gt; =&gt; &lt;int_to_bool&gt;$
(B)                                                                                                                |--pickle-int-0=False.pyc -&gt; bool ------- using $&lt;read_object_from_pickle&gt; =&gt; &lt;int_to_bool&gt;$
DONE Rebuilding local parsing plan for [/home/travis/build/smarie/python-parsyfiles/parsyfiles/tests/parsing_capabilities_by_type/primitives_data/bool/ok/pickle-int-0=False.pyc]. Resuming parsing...
Executing Parsing Plan for [/home/travis/build/smarie/python-parsyfiles/parsyfiles/tests/parsing_capabilities_by_type/primitives_data/bool/ok/pickle-int-0=False]
(P) /home/travis/build/smarie/python-parsyfiles/parsyfiles/tests/parsing_capabilities_by_type/primitives_data/bool/ok/pickle-int-0=False.pyc -&gt; bool ------- using $&lt;read_object_from_pickle&gt; =&gt; &lt;int_to_bool&gt;$
(P)                                                                                                                |--pickle-int-0=False.pyc -&gt; bool SUCCESS !
Completed parsing successfully

False==0
</system-out></testcase><testcase classname="parsyfiles.tests.parsing_capabilities_by_type.test_parse_primitives" file="parsyfiles/tests/parsing_capabilities_by_type/test_parse_primitives.py" line="179" name="test_parse_by_type[bool-ok-b64pickle-int-1=True.txt]" time="0.04090690612792969"><system-out>**** Starting to parse single object of type &lt;bool&gt; at location /home/travis/build/smarie/python-parsyfiles/parsyfiles/tests/parsing_capabilities_by_type/primitives_data/bool/ok/b64pickle-int-1=True ****
Checking all files under [/home/travis/build/smarie/python-parsyfiles/parsyfiles/tests/parsing_capabilities_by_type/primitives_data/bool/ok/b64pickle-int-1=True]
(C) /home/travis/build/smarie/python-parsyfiles/parsyfiles/tests/parsing_capabilities_by_type/primitives_data/bool/ok/b64pickle-int-1=True (singlefile, .txt)
File checks done

Building a parsing plan to parse [/home/travis/build/smarie/python-parsyfiles/parsyfiles/tests/parsing_capabilities_by_type/primitives_data/bool/ok/b64pickle-int-1=True] into a bool
(B) /home/travis/build/smarie/python-parsyfiles/parsyfiles/tests/parsing_capabilities_by_type/primitives_data/bool/ok/b64pickle-int-1=True.txt -&gt; bool ------- using [Try &apos;$&lt;read_str_from_txt&gt; =&gt; &lt;str_to_bool&gt;$&apos; then &apos;$&lt;read_str_from_txt&gt; =&gt; &lt;base64_ascii_str_pickle_to_object&gt; -&gt; &lt;float_to_bool&gt;$&apos; then &apos;$&lt;read_str_from_txt&gt; =&gt; &lt;base64_ascii_str_pickle_to_object&gt; -&gt; &lt;int_to_bool&gt;$&apos; then &apos;$&lt;read_str_from_txt&gt; =&gt; &lt;base64_ascii_str_pickle_to_object&gt; -&gt; &lt;str_to_bool&gt;$&apos; then &apos;$&lt;read_str_from_txt&gt; =&gt; &lt;base64_ascii_str_pickle_to_object&gt;$]&apos;]
(B)                                                                                                                |--b64pickle-int-1=True.txt -&gt; bool ------- using $&lt;read_str_from_txt&gt; =&gt; &lt;str_to_bool&gt;$
Parsing Plan created successfully

Executing Parsing Plan for [/home/travis/build/smarie/python-parsyfiles/parsyfiles/tests/parsing_capabilities_by_type/primitives_data/bool/ok/b64pickle-int-1=True]
(P) /home/travis/build/smarie/python-parsyfiles/parsyfiles/tests/parsing_capabilities_by_type/primitives_data/bool/ok/b64pickle-int-1=True.txt -&gt; bool ------- using $&lt;read_str_from_txt&gt; =&gt; &lt;str_to_bool&gt;$
  !! Caught error during execution !!
  File &quot;/home/travis/build/smarie/python-parsyfiles/parsyfiles/converting_core.py&quot;, line 524, in _convert
    return self.conversion_method(desired_type, source_obj, logger, **opts)
  File &quot;/home/travis/build/smarie/python-parsyfiles/parsyfiles/plugins_base/support_for_primitive_types.py&quot;, line 84, in primitive_to_bool
    return bool(strtobool(source))
  File &quot;/opt/python/3.5.5/lib/python3.5/distutils/util.py&quot;, line 317, in strtobool
    raise ValueError(&quot;invalid truth value %r&quot; % (val,))
  ParsingException : Error while parsing /home/travis/build/smarie/python-parsyfiles/parsyfiles/tests/parsing_capabilities_by_type/primitives_data/bool/ok/b64pickle-int-1=True (singlefile, .txt) as a bool with parser &apos;$&lt;read_str_from_txt&gt; =&gt; &lt;str_to_bool&gt;$&apos; using options=({&apos;MultifileCollectionParser&apos;: {&apos;lazy_parsing&apos;: False}}) : caught 
  ValueError : invalid truth value &apos;ganlas4=&apos;
Rebuilding local parsing plan with next candidate parser: $&lt;read_str_from_txt&gt; =&gt; &lt;base64_ascii_str_pickle_to_object&gt; -&gt; &lt;float_to_bool&gt;$
(B)                                                                                                                |--b64pickle-int-1=True.txt -&gt; bool ------- using $&lt;read_str_from_txt&gt; =&gt; &lt;base64_ascii_str_pickle_to_object&gt; -&gt; &lt;float_to_bool&gt;$
DONE Rebuilding local parsing plan for [/home/travis/build/smarie/python-parsyfiles/parsyfiles/tests/parsing_capabilities_by_type/primitives_data/bool/ok/b64pickle-int-1=True.txt]. Resuming parsing...
Executing Parsing Plan for [/home/travis/build/smarie/python-parsyfiles/parsyfiles/tests/parsing_capabilities_by_type/primitives_data/bool/ok/b64pickle-int-1=True]
(P) /home/travis/build/smarie/python-parsyfiles/parsyfiles/tests/parsing_capabilities_by_type/primitives_data/bool/ok/b64pickle-int-1=True.txt -&gt; bool ------- using $&lt;read_str_from_txt&gt; =&gt; &lt;base64_ascii_str_pickle_to_object&gt; -&gt; &lt;float_to_bool&gt;$
  !! Caught error during execution !!
  File &quot;/home/travis/build/smarie/python-parsyfiles/parsyfiles/converting_core.py&quot;, line 319, in convert
    return self._convert(desired_type, source_obj, logger, options)
  File &quot;/home/travis/build/smarie/python-parsyfiles/parsyfiles/converting_core.py&quot;, line 770, in _convert
    return self._converters_list[-1].convert(desired_type, obj, logger, options)
  File &quot;/home/travis/build/smarie/python-parsyfiles/parsyfiles/converting_core.py&quot;, line 321, in convert
    raise ConversionException.create_not_able_to_convert(source_obj, self, desired_type)
  ParsingException : Error while parsing /home/travis/build/smarie/python-parsyfiles/parsyfiles/tests/parsing_capabilities_by_type/primitives_data/bool/ok/b64pickle-int-1=True (singlefile, .txt) as a bool with parser &apos;$&lt;read_str_from_txt&gt; =&gt; &lt;base64_ascii_str_pickle_to_object&gt; -&gt; &lt;float_to_bool&gt;$&apos; using options=({&apos;MultifileCollectionParser&apos;: {&apos;lazy_parsing&apos;: False}}) : caught 
  ConversionException : Converter &lt;float_to_bool&gt; is not able to ingest source value &apos;1&apos; of type &apos;int&apos; and/or convert it to type &apos;bool&apos;. This can happen in a chain when the previous step in the chain is generic and actually produced  an output of the wrong type/content
Rebuilding local parsing plan with next candidate parser: $&lt;read_str_from_txt&gt; =&gt; &lt;base64_ascii_str_pickle_to_object&gt; -&gt; &lt;int_to_bool&gt;$
(B)                                                                                                                |--b64pickle-int-1=True.txt -&gt; bool ------- using $&lt;read_str_from_txt&gt; =&gt; &lt;base64_ascii_str_pickle_to_object&gt; -&gt; &lt;int_to_bool&gt;$
DONE Rebuilding local parsing plan for [/home/travis/build/smarie/python-parsyfiles/parsyfiles/tests/parsing_capabilities_by_type/primitives_data/bool/ok/b64pickle-int-1=True.txt]. Resuming parsing...
Executing Parsing Plan for [/home/travis/build/smarie/python-parsyfiles/parsyfiles/tests/parsing_capabilities_by_type/primitives_data/bool/ok/b64pickle-int-1=True]
(P) /home/travis/build/smarie/python-parsyfiles/parsyfiles/tests/parsing_capabilities_by_type/primitives_data/bool/ok/b64pickle-int-1=True.txt -&gt; bool ------- using $&lt;read_str_from_txt&gt; =&gt; &lt;base64_ascii_str_pickle_to_object&gt; -&gt; &lt;int_to_bool&gt;$
(P)                                                                                                                |--b64pickle-int-1=True.txt -&gt; bool SUCCESS !
Completed parsing successfully

True==1
</system-out></testcase><testcase classname="parsyfiles.tests.parsing_capabilities_by_type.test_parse_primitives" file="parsyfiles/tests/parsing_capabilities_by_type/test_parse_primitives.py" line="179" name="test_parse_by_type[bool-ok-pickle-float-1.0=True.pyc]" time="0.04041767120361328"><system-out>**** Starting to parse single object of type &lt;bool&gt; at location /home/travis/build/smarie/python-parsyfiles/parsyfiles/tests/parsing_capabilities_by_type/primitives_data/bool/ok/pickle-float-1.0=True ****
Checking all files under [/home/travis/build/smarie/python-parsyfiles/parsyfiles/tests/parsing_capabilities_by_type/primitives_data/bool/ok/pickle-float-1.0=True]
(C) /home/travis/build/smarie/python-parsyfiles/parsyfiles/tests/parsing_capabilities_by_type/primitives_data/bool/ok/pickle-float-1.0=True (singlefile, .pyc)
File checks done

Building a parsing plan to parse [/home/travis/build/smarie/python-parsyfiles/parsyfiles/tests/parsing_capabilities_by_type/primitives_data/bool/ok/pickle-float-1.0=True] into a bool
(B) /home/travis/build/smarie/python-parsyfiles/parsyfiles/tests/parsing_capabilities_by_type/primitives_data/bool/ok/pickle-float-1.0=True.pyc -&gt; bool ------- using [Try &apos;$&lt;read_object_from_pickle&gt; =&gt; &lt;float_to_bool&gt;$&apos; then &apos;$&lt;read_object_from_pickle&gt; =&gt; &lt;int_to_bool&gt;$&apos; then &apos;$&lt;read_object_from_pickle&gt; =&gt; &lt;str_to_bool&gt;$&apos; then &apos;&lt;read_object_from_pickle&gt;]&apos;]
(B)                                                                                                                |--pickle-float-1.0=True.pyc -&gt; bool ------- using $&lt;read_object_from_pickle&gt; =&gt; &lt;float_to_bool&gt;$
Parsing Plan created successfully

Executing Parsing Plan for [/home/travis/build/smarie/python-parsyfiles/parsyfiles/tests/parsing_capabilities_by_type/primitives_data/bool/ok/pickle-float-1.0=True]
(P) /home/travis/build/smarie/python-parsyfiles/parsyfiles/tests/parsing_capabilities_by_type/primitives_data/bool/ok/pickle-float-1.0=True.pyc -&gt; bool ------- using $&lt;read_object_from_pickle&gt; =&gt; &lt;float_to_bool&gt;$
(P)                                                                                                                |--pickle-float-1.0=True.pyc -&gt; bool SUCCESS !
Completed parsing successfully

True==1
</system-out></testcase><testcase classname="parsyfiles.tests.parsing_capabilities_by_type.test_parse_primitives" file="parsyfiles/tests/parsing_capabilities_by_type/test_parse_primitives.py" line="179" name="test_parse_by_type[bool-ok-txt-str-No=False.txt]" time="0.030547618865966797"><system-out>**** Starting to parse single object of type &lt;bool&gt; at location /home/travis/build/smarie/python-parsyfiles/parsyfiles/tests/parsing_capabilities_by_type/primitives_data/bool/ok/txt-str-No=False ****
Checking all files under [/home/travis/build/smarie/python-parsyfiles/parsyfiles/tests/parsing_capabilities_by_type/primitives_data/bool/ok/txt-str-No=False]
(C) /home/travis/build/smarie/python-parsyfiles/parsyfiles/tests/parsing_capabilities_by_type/primitives_data/bool/ok/txt-str-No=False (singlefile, .txt)
File checks done

Building a parsing plan to parse [/home/travis/build/smarie/python-parsyfiles/parsyfiles/tests/parsing_capabilities_by_type/primitives_data/bool/ok/txt-str-No=False] into a bool
(B) /home/travis/build/smarie/python-parsyfiles/parsyfiles/tests/parsing_capabilities_by_type/primitives_data/bool/ok/txt-str-No=False.txt -&gt; bool ------- using [Try &apos;$&lt;read_str_from_txt&gt; =&gt; &lt;str_to_bool&gt;$&apos; then &apos;$&lt;read_str_from_txt&gt; =&gt; &lt;base64_ascii_str_pickle_to_object&gt; -&gt; &lt;float_to_bool&gt;$&apos; then &apos;$&lt;read_str_from_txt&gt; =&gt; &lt;base64_ascii_str_pickle_to_object&gt; -&gt; &lt;int_to_bool&gt;$&apos; then &apos;$&lt;read_str_from_txt&gt; =&gt; &lt;base64_ascii_str_pickle_to_object&gt; -&gt; &lt;str_to_bool&gt;$&apos; then &apos;$&lt;read_str_from_txt&gt; =&gt; &lt;base64_ascii_str_pickle_to_object&gt;$]&apos;]
(B)                                                                                                                |--txt-str-No=False.txt -&gt; bool ------- using $&lt;read_str_from_txt&gt; =&gt; &lt;str_to_bool&gt;$
Parsing Plan created successfully

Executing Parsing Plan for [/home/travis/build/smarie/python-parsyfiles/parsyfiles/tests/parsing_capabilities_by_type/primitives_data/bool/ok/txt-str-No=False]
(P) /home/travis/build/smarie/python-parsyfiles/parsyfiles/tests/parsing_capabilities_by_type/primitives_data/bool/ok/txt-str-No=False.txt -&gt; bool ------- using $&lt;read_str_from_txt&gt; =&gt; &lt;str_to_bool&gt;$
(P)                                                                                                                |--txt-str-No=False.txt -&gt; bool SUCCESS !
Completed parsing successfully

False==0
</system-out></testcase><testcase classname="parsyfiles.tests.parsing_capabilities_by_type.test_parse_primitives" file="parsyfiles/tests/parsing_capabilities_by_type/test_parse_primitives.py" line="179" name="test_parse_by_type[bool-ok-pickle-str-No=False.pyc]" time="0.040557146072387695"><system-out>**** Starting to parse single object of type &lt;bool&gt; at location /home/travis/build/smarie/python-parsyfiles/parsyfiles/tests/parsing_capabilities_by_type/primitives_data/bool/ok/pickle-str-No=False ****
Checking all files under [/home/travis/build/smarie/python-parsyfiles/parsyfiles/tests/parsing_capabilities_by_type/primitives_data/bool/ok/pickle-str-No=False]
(C) /home/travis/build/smarie/python-parsyfiles/parsyfiles/tests/parsing_capabilities_by_type/primitives_data/bool/ok/pickle-str-No=False (singlefile, .pyc)
File checks done

Building a parsing plan to parse [/home/travis/build/smarie/python-parsyfiles/parsyfiles/tests/parsing_capabilities_by_type/primitives_data/bool/ok/pickle-str-No=False] into a bool
(B) /home/travis/build/smarie/python-parsyfiles/parsyfiles/tests/parsing_capabilities_by_type/primitives_data/bool/ok/pickle-str-No=False.pyc -&gt; bool ------- using [Try &apos;$&lt;read_object_from_pickle&gt; =&gt; &lt;float_to_bool&gt;$&apos; then &apos;$&lt;read_object_from_pickle&gt; =&gt; &lt;int_to_bool&gt;$&apos; then &apos;$&lt;read_object_from_pickle&gt; =&gt; &lt;str_to_bool&gt;$&apos; then &apos;&lt;read_object_from_pickle&gt;]&apos;]
(B)                                                                                                                |--pickle-str-No=False.pyc -&gt; bool ------- using $&lt;read_object_from_pickle&gt; =&gt; &lt;float_to_bool&gt;$
Parsing Plan created successfully

Executing Parsing Plan for [/home/travis/build/smarie/python-parsyfiles/parsyfiles/tests/parsing_capabilities_by_type/primitives_data/bool/ok/pickle-str-No=False]
(P) /home/travis/build/smarie/python-parsyfiles/parsyfiles/tests/parsing_capabilities_by_type/primitives_data/bool/ok/pickle-str-No=False.pyc -&gt; bool ------- using $&lt;read_object_from_pickle&gt; =&gt; &lt;float_to_bool&gt;$
  !! Caught error during execution !!
  File &quot;/home/travis/build/smarie/python-parsyfiles/parsyfiles/parsing_core.py&quot;, line 177, in _execute
    self.get_singlefile_encoding(), logger, options)
  File &quot;/home/travis/build/smarie/python-parsyfiles/parsyfiles/parsing_combining_parsers.py&quot;, line 552, in _parse_singlefile
    return self._converter.convert(desired_type, first, logger, options)
  File &quot;/home/travis/build/smarie/python-parsyfiles/parsyfiles/converting_core.py&quot;, line 321, in convert
    raise ConversionException.create_not_able_to_convert(source_obj, self, desired_type)
  ParsingException : Error while parsing /home/travis/build/smarie/python-parsyfiles/parsyfiles/tests/parsing_capabilities_by_type/primitives_data/bool/ok/pickle-str-No=False (singlefile, .pyc) as a bool with parser &apos;$&lt;read_object_from_pickle&gt; =&gt; &lt;float_to_bool&gt;$&apos; using options=({&apos;MultifileCollectionParser&apos;: {&apos;lazy_parsing&apos;: False}}) : caught 
  ConversionException : Converter $&lt;float_to_bool&gt;$ is not able to ingest source value &apos;No&apos; of type &apos;str&apos; and/or convert it to type &apos;bool&apos;. This can happen in a chain when the previous step in the chain is generic and actually produced  an output of the wrong type/content
Rebuilding local parsing plan with next candidate parser: $&lt;read_object_from_pickle&gt; =&gt; &lt;int_to_bool&gt;$
(B)                                                                                                                |--pickle-str-No=False.pyc -&gt; bool ------- using $&lt;read_object_from_pickle&gt; =&gt; &lt;int_to_bool&gt;$
DONE Rebuilding local parsing plan for [/home/travis/build/smarie/python-parsyfiles/parsyfiles/tests/parsing_capabilities_by_type/primitives_data/bool/ok/pickle-str-No=False.pyc]. Resuming parsing...
Executing Parsing Plan for [/home/travis/build/smarie/python-parsyfiles/parsyfiles/tests/parsing_capabilities_by_type/primitives_data/bool/ok/pickle-str-No=False]
(P) /home/travis/build/smarie/python-parsyfiles/parsyfiles/tests/parsing_capabilities_by_type/primitives_data/bool/ok/pickle-str-No=False.pyc -&gt; bool ------- using $&lt;read_object_from_pickle&gt; =&gt; &lt;int_to_bool&gt;$
  !! Caught error during execution !!
  File &quot;/home/travis/build/smarie/python-parsyfiles/parsyfiles/parsing_core.py&quot;, line 177, in _execute
    self.get_singlefile_encoding(), logger, options)
  File &quot;/home/travis/build/smarie/python-parsyfiles/parsyfiles/parsing_combining_parsers.py&quot;, line 552, in _parse_singlefile
    return self._converter.convert(desired_type, first, logger, options)
  File &quot;/home/travis/build/smarie/python-parsyfiles/parsyfiles/converting_core.py&quot;, line 321, in convert
    raise ConversionException.create_not_able_to_convert(source_obj, self, desired_type)
  ParsingException : Error while parsing /home/travis/build/smarie/python-parsyfiles/parsyfiles/tests/parsing_capabilities_by_type/primitives_data/bool/ok/pickle-str-No=False (singlefile, .pyc) as a bool with parser &apos;$&lt;read_object_from_pickle&gt; =&gt; &lt;int_to_bool&gt;$&apos; using options=({&apos;MultifileCollectionParser&apos;: {&apos;lazy_parsing&apos;: False}}) : caught 
  ConversionException : Converter $&lt;int_to_bool&gt;$ is not able to ingest source value &apos;No&apos; of type &apos;str&apos; and/or convert it to type &apos;bool&apos;. This can happen in a chain when the previous step in the chain is generic and actually produced  an output of the wrong type/content
Rebuilding local parsing plan with next candidate parser: $&lt;read_object_from_pickle&gt; =&gt; &lt;str_to_bool&gt;$
(B)                                                                                                                |--pickle-str-No=False.pyc -&gt; bool ------- using $&lt;read_object_from_pickle&gt; =&gt; &lt;str_to_bool&gt;$
DONE Rebuilding local parsing plan for [/home/travis/build/smarie/python-parsyfiles/parsyfiles/tests/parsing_capabilities_by_type/primitives_data/bool/ok/pickle-str-No=False.pyc]. Resuming parsing...
Executing Parsing Plan for [/home/travis/build/smarie/python-parsyfiles/parsyfiles/tests/parsing_capabilities_by_type/primitives_data/bool/ok/pickle-str-No=False]
(P) /home/travis/build/smarie/python-parsyfiles/parsyfiles/tests/parsing_capabilities_by_type/primitives_data/bool/ok/pickle-str-No=False.pyc -&gt; bool ------- using $&lt;read_object_from_pickle&gt; =&gt; &lt;str_to_bool&gt;$
(P)                                                                                                                |--pickle-str-No=False.pyc -&gt; bool SUCCESS !
Completed parsing successfully

False==0
</system-out></testcase><testcase classname="parsyfiles.tests.parsing_capabilities_by_type.test_parse_primitives" file="parsyfiles/tests/parsing_capabilities_by_type/test_parse_primitives.py" line="179" name="test_parse_by_type[bool-ok-b64pickle-float-1.0=True.txt]" time="0.043938636779785156"><system-out>**** Starting to parse single object of type &lt;bool&gt; at location /home/travis/build/smarie/python-parsyfiles/parsyfiles/tests/parsing_capabilities_by_type/primitives_data/bool/ok/b64pickle-float-1.0=True ****
Checking all files under [/home/travis/build/smarie/python-parsyfiles/parsyfiles/tests/parsing_capabilities_by_type/primitives_data/bool/ok/b64pickle-float-1.0=True]
(C) /home/travis/build/smarie/python-parsyfiles/parsyfiles/tests/parsing_capabilities_by_type/primitives_data/bool/ok/b64pickle-float-1.0=True (singlefile, .txt)
File checks done

Building a parsing plan to parse [/home/travis/build/smarie/python-parsyfiles/parsyfiles/tests/parsing_capabilities_by_type/primitives_data/bool/ok/b64pickle-float-1.0=True] into a bool
(B) /home/travis/build/smarie/python-parsyfiles/parsyfiles/tests/parsing_capabilities_by_type/primitives_data/bool/ok/b64pickle-float-1.0=True.txt -&gt; bool ------- using [Try &apos;$&lt;read_str_from_txt&gt; =&gt; &lt;str_to_bool&gt;$&apos; then &apos;$&lt;read_str_from_txt&gt; =&gt; &lt;base64_ascii_str_pickle_to_object&gt; -&gt; &lt;float_to_bool&gt;$&apos; then &apos;$&lt;read_str_from_txt&gt; =&gt; &lt;base64_ascii_str_pickle_to_object&gt; -&gt; &lt;int_to_bool&gt;$&apos; then &apos;$&lt;read_str_from_txt&gt; =&gt; &lt;base64_ascii_str_pickle_to_object&gt; -&gt; &lt;str_to_bool&gt;$&apos; then &apos;$&lt;read_str_from_txt&gt; =&gt; &lt;base64_ascii_str_pickle_to_object&gt;$]&apos;]
(B)                                                                                                                |--b64pickle-float-1.0=True.txt -&gt; bool ------- using $&lt;read_str_from_txt&gt; =&gt; &lt;str_to_bool&gt;$
Parsing Plan created successfully

Executing Parsing Plan for [/home/travis/build/smarie/python-parsyfiles/parsyfiles/tests/parsing_capabilities_by_type/primitives_data/bool/ok/b64pickle-float-1.0=True]
(P) /home/travis/build/smarie/python-parsyfiles/parsyfiles/tests/parsing_capabilities_by_type/primitives_data/bool/ok/b64pickle-float-1.0=True.txt -&gt; bool ------- using $&lt;read_str_from_txt&gt; =&gt; &lt;str_to_bool&gt;$
  !! Caught error during execution !!
  File &quot;/home/travis/build/smarie/python-parsyfiles/parsyfiles/converting_core.py&quot;, line 524, in _convert
    return self.conversion_method(desired_type, source_obj, logger, **opts)
  File &quot;/home/travis/build/smarie/python-parsyfiles/parsyfiles/plugins_base/support_for_primitive_types.py&quot;, line 84, in primitive_to_bool
    return bool(strtobool(source))
  File &quot;/opt/python/3.5.5/lib/python3.5/distutils/util.py&quot;, line 317, in strtobool
    raise ValueError(&quot;invalid truth value %r&quot; % (val,))
  ParsingException : Error while parsing /home/travis/build/smarie/python-parsyfiles/parsyfiles/tests/parsing_capabilities_by_type/primitives_data/bool/ok/b64pickle-float-1.0=True (singlefile, .txt) as a bool with parser &apos;$&lt;read_str_from_txt&gt; =&gt; &lt;str_to_bool&gt;$&apos; using options=({&apos;MultifileCollectionParser&apos;: {&apos;lazy_parsing&apos;: False}}) : caught 
  ValueError : invalid truth value &apos;ganhp/aaaaaaaaau&apos;
Rebuilding local parsing plan with next candidate parser: $&lt;read_str_from_txt&gt; =&gt; &lt;base64_ascii_str_pickle_to_object&gt; -&gt; &lt;float_to_bool&gt;$
(B)                                                                                                                |--b64pickle-float-1.0=True.txt -&gt; bool ------- using $&lt;read_str_from_txt&gt; =&gt; &lt;base64_ascii_str_pickle_to_object&gt; -&gt; &lt;float_to_bool&gt;$
DONE Rebuilding local parsing plan for [/home/travis/build/smarie/python-parsyfiles/parsyfiles/tests/parsing_capabilities_by_type/primitives_data/bool/ok/b64pickle-float-1.0=True.txt]. Resuming parsing...
Executing Parsing Plan for [/home/travis/build/smarie/python-parsyfiles/parsyfiles/tests/parsing_capabilities_by_type/primitives_data/bool/ok/b64pickle-float-1.0=True]
(P) /home/travis/build/smarie/python-parsyfiles/parsyfiles/tests/parsing_capabilities_by_type/primitives_data/bool/ok/b64pickle-float-1.0=True.txt -&gt; bool ------- using $&lt;read_str_from_txt&gt; =&gt; &lt;base64_ascii_str_pickle_to_object&gt; -&gt; &lt;float_to_bool&gt;$
(P)                                                                                                                |--b64pickle-float-1.0=True.txt -&gt; bool SUCCESS !
Completed parsing successfully

True==1
</system-out></testcase><testcase classname="parsyfiles.tests.parsing_capabilities_by_type.test_parse_primitives" file="parsyfiles/tests/parsing_capabilities_by_type/test_parse_primitives.py" line="179" name="test_parse_by_type[bool-err-pickle-str-.pyc]" time="0.043247222900390625"><system-out>**** Starting to parse single object of type &lt;bool&gt; at location /home/travis/build/smarie/python-parsyfiles/parsyfiles/tests/parsing_capabilities_by_type/primitives_data/bool/err/pickle-str- ****
Checking all files under [/home/travis/build/smarie/python-parsyfiles/parsyfiles/tests/parsing_capabilities_by_type/primitives_data/bool/err/pickle-str-]
(C) /home/travis/build/smarie/python-parsyfiles/parsyfiles/tests/parsing_capabilities_by_type/primitives_data/bool/err/pickle-str- (singlefile, .pyc)
File checks done

Building a parsing plan to parse [/home/travis/build/smarie/python-parsyfiles/parsyfiles/tests/parsing_capabilities_by_type/primitives_data/bool/err/pickle-str-] into a bool
(B) /home/travis/build/smarie/python-parsyfiles/parsyfiles/tests/parsing_capabilities_by_type/primitives_data/bool/err/pickle-str-.pyc -&gt; bool ------- using [Try &apos;$&lt;read_object_from_pickle&gt; =&gt; &lt;float_to_bool&gt;$&apos; then &apos;$&lt;read_object_from_pickle&gt; =&gt; &lt;int_to_bool&gt;$&apos; then &apos;$&lt;read_object_from_pickle&gt; =&gt; &lt;str_to_bool&gt;$&apos; then &apos;&lt;read_object_from_pickle&gt;]&apos;]
(B)                                                                                                                 |--pickle-str-.pyc -&gt; bool ------- using $&lt;read_object_from_pickle&gt; =&gt; &lt;float_to_bool&gt;$
Parsing Plan created successfully

Executing Parsing Plan for [/home/travis/build/smarie/python-parsyfiles/parsyfiles/tests/parsing_capabilities_by_type/primitives_data/bool/err/pickle-str-]
(P) /home/travis/build/smarie/python-parsyfiles/parsyfiles/tests/parsing_capabilities_by_type/primitives_data/bool/err/pickle-str-.pyc -&gt; bool ------- using $&lt;read_object_from_pickle&gt; =&gt; &lt;float_to_bool&gt;$
  !! Caught error during execution !!
  File &quot;/home/travis/build/smarie/python-parsyfiles/parsyfiles/parsing_core.py&quot;, line 177, in _execute
    self.get_singlefile_encoding(), logger, options)
  File &quot;/home/travis/build/smarie/python-parsyfiles/parsyfiles/parsing_combining_parsers.py&quot;, line 552, in _parse_singlefile
    return self._converter.convert(desired_type, first, logger, options)
  File &quot;/home/travis/build/smarie/python-parsyfiles/parsyfiles/converting_core.py&quot;, line 321, in convert
    raise ConversionException.create_not_able_to_convert(source_obj, self, desired_type)
  ParsingException : Error while parsing /home/travis/build/smarie/python-parsyfiles/parsyfiles/tests/parsing_capabilities_by_type/primitives_data/bool/err/pickle-str- (singlefile, .pyc) as a bool with parser &apos;$&lt;read_object_from_pickle&gt; =&gt; &lt;float_to_bool&gt;$&apos; using options=({&apos;MultifileCollectionParser&apos;: {&apos;lazy_parsing&apos;: False}}) : caught 
  ConversionException : Converter $&lt;float_to_bool&gt;$ is not able to ingest source value &apos;&apos; of type &apos;str&apos; and/or convert it to type &apos;bool&apos;. This can happen in a chain when the previous step in the chain is generic and actually produced  an output of the wrong type/content
Rebuilding local parsing plan with next candidate parser: $&lt;read_object_from_pickle&gt; =&gt; &lt;int_to_bool&gt;$
(B)                                                                                                                 |--pickle-str-.pyc -&gt; bool ------- using $&lt;read_object_from_pickle&gt; =&gt; &lt;int_to_bool&gt;$
DONE Rebuilding local parsing plan for [/home/travis/build/smarie/python-parsyfiles/parsyfiles/tests/parsing_capabilities_by_type/primitives_data/bool/err/pickle-str-.pyc]. Resuming parsing...
Executing Parsing Plan for [/home/travis/build/smarie/python-parsyfiles/parsyfiles/tests/parsing_capabilities_by_type/primitives_data/bool/err/pickle-str-]
(P) /home/travis/build/smarie/python-parsyfiles/parsyfiles/tests/parsing_capabilities_by_type/primitives_data/bool/err/pickle-str-.pyc -&gt; bool ------- using $&lt;read_object_from_pickle&gt; =&gt; &lt;int_to_bool&gt;$
  !! Caught error during execution !!
  File &quot;/home/travis/build/smarie/python-parsyfiles/parsyfiles/parsing_core.py&quot;, line 177, in _execute
    self.get_singlefile_encoding(), logger, options)
  File &quot;/home/travis/build/smarie/python-parsyfiles/parsyfiles/parsing_combining_parsers.py&quot;, line 552, in _parse_singlefile
    return self._converter.convert(desired_type, first, logger, options)
  File &quot;/home/travis/build/smarie/python-parsyfiles/parsyfiles/converting_core.py&quot;, line 321, in convert
    raise ConversionException.create_not_able_to_convert(source_obj, self, desired_type)
  ParsingException : Error while parsing /home/travis/build/smarie/python-parsyfiles/parsyfiles/tests/parsing_capabilities_by_type/primitives_data/bool/err/pickle-str- (singlefile, .pyc) as a bool with parser &apos;$&lt;read_object_from_pickle&gt; =&gt; &lt;int_to_bool&gt;$&apos; using options=({&apos;MultifileCollectionParser&apos;: {&apos;lazy_parsing&apos;: False}}) : caught 
  ConversionException : Converter $&lt;int_to_bool&gt;$ is not able to ingest source value &apos;&apos; of type &apos;str&apos; and/or convert it to type &apos;bool&apos;. This can happen in a chain when the previous step in the chain is generic and actually produced  an output of the wrong type/content
Rebuilding local parsing plan with next candidate parser: $&lt;read_object_from_pickle&gt; =&gt; &lt;str_to_bool&gt;$
(B)                                                                                                                 |--pickle-str-.pyc -&gt; bool ------- using $&lt;read_object_from_pickle&gt; =&gt; &lt;str_to_bool&gt;$
DONE Rebuilding local parsing plan for [/home/travis/build/smarie/python-parsyfiles/parsyfiles/tests/parsing_capabilities_by_type/primitives_data/bool/err/pickle-str-.pyc]. Resuming parsing...
Executing Parsing Plan for [/home/travis/build/smarie/python-parsyfiles/parsyfiles/tests/parsing_capabilities_by_type/primitives_data/bool/err/pickle-str-]
(P) /home/travis/build/smarie/python-parsyfiles/parsyfiles/tests/parsing_capabilities_by_type/primitives_data/bool/err/pickle-str-.pyc -&gt; bool ------- using $&lt;read_object_from_pickle&gt; =&gt; &lt;str_to_bool&gt;$
  !! Caught error during execution !!
  File &quot;/home/travis/build/smarie/python-parsyfiles/parsyfiles/converting_core.py&quot;, line 524, in _convert
    return self.conversion_method(desired_type, source_obj, logger, **opts)
  File &quot;/home/travis/build/smarie/python-parsyfiles/parsyfiles/plugins_base/support_for_primitive_types.py&quot;, line 84, in primitive_to_bool
    return bool(strtobool(source))
  File &quot;/opt/python/3.5.5/lib/python3.5/distutils/util.py&quot;, line 317, in strtobool
    raise ValueError(&quot;invalid truth value %r&quot; % (val,))
  ParsingException : Error while parsing /home/travis/build/smarie/python-parsyfiles/parsyfiles/tests/parsing_capabilities_by_type/primitives_data/bool/err/pickle-str- (singlefile, .pyc) as a bool with parser &apos;$&lt;read_object_from_pickle&gt; =&gt; &lt;str_to_bool&gt;$&apos; using options=({&apos;MultifileCollectionParser&apos;: {&apos;lazy_parsing&apos;: False}}) : caught 
  ValueError : invalid truth value &apos;&apos;
Rebuilding local parsing plan with next candidate parser: &lt;read_object_from_pickle&gt;
(B)                                                                                                                 |--pickle-str-.pyc -&gt; bool ------- using &lt;read_object_from_pickle&gt;
DONE Rebuilding local parsing plan for [/home/travis/build/smarie/python-parsyfiles/parsyfiles/tests/parsing_capabilities_by_type/primitives_data/bool/err/pickle-str-.pyc]. Resuming parsing...
Executing Parsing Plan for [/home/travis/build/smarie/python-parsyfiles/parsyfiles/tests/parsing_capabilities_by_type/primitives_data/bool/err/pickle-str-]
(P) /home/travis/build/smarie/python-parsyfiles/parsyfiles/tests/parsing_capabilities_by_type/primitives_data/bool/err/pickle-str-.pyc -&gt; bool ------- using &lt;read_object_from_pickle&gt;
  !! Caught error during execution !!
  File &quot;/home/travis/build/smarie/python-parsyfiles/parsyfiles/parsing_combining_parsers.py&quot;, line 31, in execute
    return self.pp.execute(logger, options)
  File &quot;/home/travis/build/smarie/python-parsyfiles/parsyfiles/parsing_core.py&quot;, line 139, in execute
    res = super(_BaseParsingPlan, self).execute(logger, options)
  File &quot;/home/travis/build/smarie/python-parsyfiles/parsyfiles/parsing_core_api.py&quot;, line 427, in execute
    res, options)
  ParsingException : Error while parsing /home/travis/build/smarie/python-parsyfiles/parsyfiles/tests/parsing_capabilities_by_type/primitives_data/bool/err/pickle-str- (singlefile, .pyc) as a &lt;class &apos;bool&apos;&gt; with parser &apos;&lt;read_object_from_pickle&gt;&apos; using options=({&apos;MultifileCollectionParser&apos;: {&apos;lazy_parsing&apos;: False}}) : 
      parser returned  of type &lt;class &apos;str&apos;&gt; which is not an instance of &lt;class &apos;bool&apos;&gt;
</system-out></testcase><testcase classname="parsyfiles.tests.parsing_capabilities_by_type.test_parse_primitives" file="parsyfiles/tests/parsing_capabilities_by_type/test_parse_primitives.py" line="179" name="test_parse_by_type[bool-err-pickle-str-truth.pyc]" time="0.04091334342956543"><system-out>**** Starting to parse single object of type &lt;bool&gt; at location /home/travis/build/smarie/python-parsyfiles/parsyfiles/tests/parsing_capabilities_by_type/primitives_data/bool/err/pickle-str-truth ****
Checking all files under [/home/travis/build/smarie/python-parsyfiles/parsyfiles/tests/parsing_capabilities_by_type/primitives_data/bool/err/pickle-str-truth]
(C) /home/travis/build/smarie/python-parsyfiles/parsyfiles/tests/parsing_capabilities_by_type/primitives_data/bool/err/pickle-str-truth (singlefile, .pyc)
File checks done

Building a parsing plan to parse [/home/travis/build/smarie/python-parsyfiles/parsyfiles/tests/parsing_capabilities_by_type/primitives_data/bool/err/pickle-str-truth] into a bool
(B) /home/travis/build/smarie/python-parsyfiles/parsyfiles/tests/parsing_capabilities_by_type/primitives_data/bool/err/pickle-str-truth.pyc -&gt; bool ------- using [Try &apos;$&lt;read_object_from_pickle&gt; =&gt; &lt;float_to_bool&gt;$&apos; then &apos;$&lt;read_object_from_pickle&gt; =&gt; &lt;int_to_bool&gt;$&apos; then &apos;$&lt;read_object_from_pickle&gt; =&gt; &lt;str_to_bool&gt;$&apos; then &apos;&lt;read_object_from_pickle&gt;]&apos;]
(B)                                                                                                                 |--pickle-str-truth.pyc -&gt; bool ------- using $&lt;read_object_from_pickle&gt; =&gt; &lt;float_to_bool&gt;$
Parsing Plan created successfully

Executing Parsing Plan for [/home/travis/build/smarie/python-parsyfiles/parsyfiles/tests/parsing_capabilities_by_type/primitives_data/bool/err/pickle-str-truth]
(P) /home/travis/build/smarie/python-parsyfiles/parsyfiles/tests/parsing_capabilities_by_type/primitives_data/bool/err/pickle-str-truth.pyc -&gt; bool ------- using $&lt;read_object_from_pickle&gt; =&gt; &lt;float_to_bool&gt;$
  !! Caught error during execution !!
  File &quot;/home/travis/build/smarie/python-parsyfiles/parsyfiles/parsing_core.py&quot;, line 177, in _execute
    self.get_singlefile_encoding(), logger, options)
  File &quot;/home/travis/build/smarie/python-parsyfiles/parsyfiles/parsing_combining_parsers.py&quot;, line 552, in _parse_singlefile
    return self._converter.convert(desired_type, first, logger, options)
  File &quot;/home/travis/build/smarie/python-parsyfiles/parsyfiles/converting_core.py&quot;, line 321, in convert
    raise ConversionException.create_not_able_to_convert(source_obj, self, desired_type)
  ParsingException : Error while parsing /home/travis/build/smarie/python-parsyfiles/parsyfiles/tests/parsing_capabilities_by_type/primitives_data/bool/err/pickle-str-truth (singlefile, .pyc) as a bool with parser &apos;$&lt;read_object_from_pickle&gt; =&gt; &lt;float_to_bool&gt;$&apos; using options=({&apos;MultifileCollectionParser&apos;: {&apos;lazy_parsing&apos;: False}}) : caught 
  ConversionException : Converter $&lt;float_to_bool&gt;$ is not able to ingest source value &apos;truth&apos; of type &apos;str&apos; and/or convert it to type &apos;bool&apos;. This can happen in a chain when the previous step in the chain is generic and actually produced  an output of the wrong type/content
Rebuilding local parsing plan with next candidate parser: $&lt;read_object_from_pickle&gt; =&gt; &lt;int_to_bool&gt;$
(B)                                                                                                                 |--pickle-str-truth.pyc -&gt; bool ------- using $&lt;read_object_from_pickle&gt; =&gt; &lt;int_to_bool&gt;$
DONE Rebuilding local parsing plan for [/home/travis/build/smarie/python-parsyfiles/parsyfiles/tests/parsing_capabilities_by_type/primitives_data/bool/err/pickle-str-truth.pyc]. Resuming parsing...
Executing Parsing Plan for [/home/travis/build/smarie/python-parsyfiles/parsyfiles/tests/parsing_capabilities_by_type/primitives_data/bool/err/pickle-str-truth]
(P) /home/travis/build/smarie/python-parsyfiles/parsyfiles/tests/parsing_capabilities_by_type/primitives_data/bool/err/pickle-str-truth.pyc -&gt; bool ------- using $&lt;read_object_from_pickle&gt; =&gt; &lt;int_to_bool&gt;$
  !! Caught error during execution !!
  File &quot;/home/travis/build/smarie/python-parsyfiles/parsyfiles/parsing_core.py&quot;, line 177, in _execute
    self.get_singlefile_encoding(), logger, options)
  File &quot;/home/travis/build/smarie/python-parsyfiles/parsyfiles/parsing_combining_parsers.py&quot;, line 552, in _parse_singlefile
    return self._converter.convert(desired_type, first, logger, options)
  File &quot;/home/travis/build/smarie/python-parsyfiles/parsyfiles/converting_core.py&quot;, line 321, in convert
    raise ConversionException.create_not_able_to_convert(source_obj, self, desired_type)
  ParsingException : Error while parsing /home/travis/build/smarie/python-parsyfiles/parsyfiles/tests/parsing_capabilities_by_type/primitives_data/bool/err/pickle-str-truth (singlefile, .pyc) as a bool with parser &apos;$&lt;read_object_from_pickle&gt; =&gt; &lt;int_to_bool&gt;$&apos; using options=({&apos;MultifileCollectionParser&apos;: {&apos;lazy_parsing&apos;: False}}) : caught 
  ConversionException : Converter $&lt;int_to_bool&gt;$ is not able to ingest source value &apos;truth&apos; of type &apos;str&apos; and/or convert it to type &apos;bool&apos;. This can happen in a chain when the previous step in the chain is generic and actually produced  an output of the wrong type/content
Rebuilding local parsing plan with next candidate parser: $&lt;read_object_from_pickle&gt; =&gt; &lt;str_to_bool&gt;$
(B)                                                                                                                 |--pickle-str-truth.pyc -&gt; bool ------- using $&lt;read_object_from_pickle&gt; =&gt; &lt;str_to_bool&gt;$
DONE Rebuilding local parsing plan for [/home/travis/build/smarie/python-parsyfiles/parsyfiles/tests/parsing_capabilities_by_type/primitives_data/bool/err/pickle-str-truth.pyc]. Resuming parsing...
Executing Parsing Plan for [/home/travis/build/smarie/python-parsyfiles/parsyfiles/tests/parsing_capabilities_by_type/primitives_data/bool/err/pickle-str-truth]
(P) /home/travis/build/smarie/python-parsyfiles/parsyfiles/tests/parsing_capabilities_by_type/primitives_data/bool/err/pickle-str-truth.pyc -&gt; bool ------- using $&lt;read_object_from_pickle&gt; =&gt; &lt;str_to_bool&gt;$
  !! Caught error during execution !!
  File &quot;/home/travis/build/smarie/python-parsyfiles/parsyfiles/converting_core.py&quot;, line 524, in _convert
    return self.conversion_method(desired_type, source_obj, logger, **opts)
  File &quot;/home/travis/build/smarie/python-parsyfiles/parsyfiles/plugins_base/support_for_primitive_types.py&quot;, line 84, in primitive_to_bool
    return bool(strtobool(source))
  File &quot;/opt/python/3.5.5/lib/python3.5/distutils/util.py&quot;, line 317, in strtobool
    raise ValueError(&quot;invalid truth value %r&quot; % (val,))
  ParsingException : Error while parsing /home/travis/build/smarie/python-parsyfiles/parsyfiles/tests/parsing_capabilities_by_type/primitives_data/bool/err/pickle-str-truth (singlefile, .pyc) as a bool with parser &apos;$&lt;read_object_from_pickle&gt; =&gt; &lt;str_to_bool&gt;$&apos; using options=({&apos;MultifileCollectionParser&apos;: {&apos;lazy_parsing&apos;: False}}) : caught 
  ValueError : invalid truth value &apos;truth&apos;
Rebuilding local parsing plan with next candidate parser: &lt;read_object_from_pickle&gt;
(B)                                                                                                                 |--pickle-str-truth.pyc -&gt; bool ------- using &lt;read_object_from_pickle&gt;
DONE Rebuilding local parsing plan for [/home/travis/build/smarie/python-parsyfiles/parsyfiles/tests/parsing_capabilities_by_type/primitives_data/bool/err/pickle-str-truth.pyc]. Resuming parsing...
Executing Parsing Plan for [/home/travis/build/smarie/python-parsyfiles/parsyfiles/tests/parsing_capabilities_by_type/primitives_data/bool/err/pickle-str-truth]
(P) /home/travis/build/smarie/python-parsyfiles/parsyfiles/tests/parsing_capabilities_by_type/primitives_data/bool/err/pickle-str-truth.pyc -&gt; bool ------- using &lt;read_object_from_pickle&gt;
  !! Caught error during execution !!
  File &quot;/home/travis/build/smarie/python-parsyfiles/parsyfiles/parsing_combining_parsers.py&quot;, line 31, in execute
    return self.pp.execute(logger, options)
  File &quot;/home/travis/build/smarie/python-parsyfiles/parsyfiles/parsing_core.py&quot;, line 139, in execute
    res = super(_BaseParsingPlan, self).execute(logger, options)
  File &quot;/home/travis/build/smarie/python-parsyfiles/parsyfiles/parsing_core_api.py&quot;, line 427, in execute
    res, options)
  ParsingException : Error while parsing /home/travis/build/smarie/python-parsyfiles/parsyfiles/tests/parsing_capabilities_by_type/primitives_data/bool/err/pickle-str-truth (singlefile, .pyc) as a &lt;class &apos;bool&apos;&gt; with parser &apos;&lt;read_object_from_pickle&gt;&apos; using options=({&apos;MultifileCollectionParser&apos;: {&apos;lazy_parsing&apos;: False}}) : 
      parser returned truth of type &lt;class &apos;str&apos;&gt; which is not an instance of &lt;class &apos;bool&apos;&gt;
</system-out></testcase><testcase classname="parsyfiles.tests.parsing_capabilities_by_type.test_parse_primitives" file="parsyfiles/tests/parsing_capabilities_by_type/test_parse_primitives.py" line="179" name="test_parse_by_type[bool-err-txt-float--1.0.txt]" time="0.04028797149658203"><system-out>**** Starting to parse single object of type &lt;bool&gt; at location /home/travis/build/smarie/python-parsyfiles/parsyfiles/tests/parsing_capabilities_by_type/primitives_data/bool/err/txt-float--1.0 ****
Checking all files under [/home/travis/build/smarie/python-parsyfiles/parsyfiles/tests/parsing_capabilities_by_type/primitives_data/bool/err/txt-float--1.0]
(C) /home/travis/build/smarie/python-parsyfiles/parsyfiles/tests/parsing_capabilities_by_type/primitives_data/bool/err/txt-float--1.0 (singlefile, .txt)
File checks done

Building a parsing plan to parse [/home/travis/build/smarie/python-parsyfiles/parsyfiles/tests/parsing_capabilities_by_type/primitives_data/bool/err/txt-float--1.0] into a bool
(B) /home/travis/build/smarie/python-parsyfiles/parsyfiles/tests/parsing_capabilities_by_type/primitives_data/bool/err/txt-float--1.0.txt -&gt; bool ------- using [Try &apos;$&lt;read_str_from_txt&gt; =&gt; &lt;str_to_bool&gt;$&apos; then &apos;$&lt;read_str_from_txt&gt; =&gt; &lt;base64_ascii_str_pickle_to_object&gt; -&gt; &lt;float_to_bool&gt;$&apos; then &apos;$&lt;read_str_from_txt&gt; =&gt; &lt;base64_ascii_str_pickle_to_object&gt; -&gt; &lt;int_to_bool&gt;$&apos; then &apos;$&lt;read_str_from_txt&gt; =&gt; &lt;base64_ascii_str_pickle_to_object&gt; -&gt; &lt;str_to_bool&gt;$&apos; then &apos;$&lt;read_str_from_txt&gt; =&gt; &lt;base64_ascii_str_pickle_to_object&gt;$]&apos;]
(B)                                                                                                                 |--txt-float--1.0.txt -&gt; bool ------- using $&lt;read_str_from_txt&gt; =&gt; &lt;str_to_bool&gt;$
Parsing Plan created successfully

Executing Parsing Plan for [/home/travis/build/smarie/python-parsyfiles/parsyfiles/tests/parsing_capabilities_by_type/primitives_data/bool/err/txt-float--1.0]
(P) /home/travis/build/smarie/python-parsyfiles/parsyfiles/tests/parsing_capabilities_by_type/primitives_data/bool/err/txt-float--1.0.txt -&gt; bool ------- using $&lt;read_str_from_txt&gt; =&gt; &lt;str_to_bool&gt;$
  !! Caught error during execution !!
  File &quot;/home/travis/build/smarie/python-parsyfiles/parsyfiles/converting_core.py&quot;, line 524, in _convert
    return self.conversion_method(desired_type, source_obj, logger, **opts)
  File &quot;/home/travis/build/smarie/python-parsyfiles/parsyfiles/plugins_base/support_for_primitive_types.py&quot;, line 84, in primitive_to_bool
    return bool(strtobool(source))
  File &quot;/opt/python/3.5.5/lib/python3.5/distutils/util.py&quot;, line 317, in strtobool
    raise ValueError(&quot;invalid truth value %r&quot; % (val,))
  ParsingException : Error while parsing /home/travis/build/smarie/python-parsyfiles/parsyfiles/tests/parsing_capabilities_by_type/primitives_data/bool/err/txt-float--1.0 (singlefile, .txt) as a bool with parser &apos;$&lt;read_str_from_txt&gt; =&gt; &lt;str_to_bool&gt;$&apos; using options=({&apos;MultifileCollectionParser&apos;: {&apos;lazy_parsing&apos;: False}}) : caught 
  ValueError : invalid truth value &apos;-1.0&apos;
Rebuilding local parsing plan with next candidate parser: $&lt;read_str_from_txt&gt; =&gt; &lt;base64_ascii_str_pickle_to_object&gt; -&gt; &lt;float_to_bool&gt;$
(B)                                                                                                                 |--txt-float--1.0.txt -&gt; bool ------- using $&lt;read_str_from_txt&gt; =&gt; &lt;base64_ascii_str_pickle_to_object&gt; -&gt; &lt;float_to_bool&gt;$
DONE Rebuilding local parsing plan for [/home/travis/build/smarie/python-parsyfiles/parsyfiles/tests/parsing_capabilities_by_type/primitives_data/bool/err/txt-float--1.0.txt]. Resuming parsing...
Executing Parsing Plan for [/home/travis/build/smarie/python-parsyfiles/parsyfiles/tests/parsing_capabilities_by_type/primitives_data/bool/err/txt-float--1.0]
(P) /home/travis/build/smarie/python-parsyfiles/parsyfiles/tests/parsing_capabilities_by_type/primitives_data/bool/err/txt-float--1.0.txt -&gt; bool ------- using $&lt;read_str_from_txt&gt; =&gt; &lt;base64_ascii_str_pickle_to_object&gt; -&gt; &lt;float_to_bool&gt;$
  !! Caught error during execution !!
  File &quot;/home/travis/build/smarie/python-parsyfiles/parsyfiles/converting_core.py&quot;, line 524, in _convert
    return self.conversion_method(desired_type, source_obj, logger, **opts)
  File &quot;/home/travis/build/smarie/python-parsyfiles/parsyfiles/plugins_base/support_for_objects.py&quot;, line 54, in base64_ascii_str_pickle_to_object
    return pickle.loads(base64.b64decode(b64_ascii_str), fix_imports=True, encoding=&quot;ASCII&quot;, errors=&quot;strict&quot;)
  File &quot;/home/travis/virtualenv/python3.5.5/lib/python3.5/base64.py&quot;, line 88, in b64decode
    return binascii.a2b_base64(s)
  ParsingException : Error while parsing /home/travis/build/smarie/python-parsyfiles/parsyfiles/tests/parsing_capabilities_by_type/primitives_data/bool/err/txt-float--1.0 (singlefile, .txt) as a bool with parser &apos;$&lt;read_str_from_txt&gt; =&gt; &lt;base64_ascii_str_pickle_to_object&gt; -&gt; &lt;float_to_bool&gt;$&apos; using options=({&apos;MultifileCollectionParser&apos;: {&apos;lazy_parsing&apos;: False}}) : caught 
  Error : Incorrect padding
Rebuilding local parsing plan with next candidate parser: $&lt;read_str_from_txt&gt; =&gt; &lt;base64_ascii_str_pickle_to_object&gt; -&gt; &lt;int_to_bool&gt;$
(B)                                                                                                                 |--txt-float--1.0.txt -&gt; bool ------- using $&lt;read_str_from_txt&gt; =&gt; &lt;base64_ascii_str_pickle_to_object&gt; -&gt; &lt;int_to_bool&gt;$
DONE Rebuilding local parsing plan for [/home/travis/build/smarie/python-parsyfiles/parsyfiles/tests/parsing_capabilities_by_type/primitives_data/bool/err/txt-float--1.0.txt]. Resuming parsing...
Executing Parsing Plan for [/home/travis/build/smarie/python-parsyfiles/parsyfiles/tests/parsing_capabilities_by_type/primitives_data/bool/err/txt-float--1.0]
(P) /home/travis/build/smarie/python-parsyfiles/parsyfiles/tests/parsing_capabilities_by_type/primitives_data/bool/err/txt-float--1.0.txt -&gt; bool ------- using $&lt;read_str_from_txt&gt; =&gt; &lt;base64_ascii_str_pickle_to_object&gt; -&gt; &lt;int_to_bool&gt;$
  !! Caught error during execution !!
  File &quot;/home/travis/build/smarie/python-parsyfiles/parsyfiles/converting_core.py&quot;, line 524, in _convert
    return self.conversion_method(desired_type, source_obj, logger, **opts)
  File &quot;/home/travis/build/smarie/python-parsyfiles/parsyfiles/plugins_base/support_for_objects.py&quot;, line 54, in base64_ascii_str_pickle_to_object
    return pickle.loads(base64.b64decode(b64_ascii_str), fix_imports=True, encoding=&quot;ASCII&quot;, errors=&quot;strict&quot;)
  File &quot;/home/travis/virtualenv/python3.5.5/lib/python3.5/base64.py&quot;, line 88, in b64decode
    return binascii.a2b_base64(s)
  ParsingException : Error while parsing /home/travis/build/smarie/python-parsyfiles/parsyfiles/tests/parsing_capabilities_by_type/primitives_data/bool/err/txt-float--1.0 (singlefile, .txt) as a bool with parser &apos;$&lt;read_str_from_txt&gt; =&gt; &lt;base64_ascii_str_pickle_to_object&gt; -&gt; &lt;int_to_bool&gt;$&apos; using options=({&apos;MultifileCollectionParser&apos;: {&apos;lazy_parsing&apos;: False}}) : caught 
  Error : Incorrect padding
Rebuilding local parsing plan with next candidate parser: $&lt;read_str_from_txt&gt; =&gt; &lt;base64_ascii_str_pickle_to_object&gt; -&gt; &lt;str_to_bool&gt;$
(B)                                                                                                                 |--txt-float--1.0.txt -&gt; bool ------- using $&lt;read_str_from_txt&gt; =&gt; &lt;base64_ascii_str_pickle_to_object&gt; -&gt; &lt;str_to_bool&gt;$
DONE Rebuilding local parsing plan for [/home/travis/build/smarie/python-parsyfiles/parsyfiles/tests/parsing_capabilities_by_type/primitives_data/bool/err/txt-float--1.0.txt]. Resuming parsing...
Executing Parsing Plan for [/home/travis/build/smarie/python-parsyfiles/parsyfiles/tests/parsing_capabilities_by_type/primitives_data/bool/err/txt-float--1.0]
(P) /home/travis/build/smarie/python-parsyfiles/parsyfiles/tests/parsing_capabilities_by_type/primitives_data/bool/err/txt-float--1.0.txt -&gt; bool ------- using $&lt;read_str_from_txt&gt; =&gt; &lt;base64_ascii_str_pickle_to_object&gt; -&gt; &lt;str_to_bool&gt;$
  !! Caught error during execution !!
  File &quot;/home/travis/build/smarie/python-parsyfiles/parsyfiles/converting_core.py&quot;, line 524, in _convert
    return self.conversion_method(desired_type, source_obj, logger, **opts)
  File &quot;/home/travis/build/smarie/python-parsyfiles/parsyfiles/plugins_base/support_for_objects.py&quot;, line 54, in base64_ascii_str_pickle_to_object
    return pickle.loads(base64.b64decode(b64_ascii_str), fix_imports=True, encoding=&quot;ASCII&quot;, errors=&quot;strict&quot;)
  File &quot;/home/travis/virtualenv/python3.5.5/lib/python3.5/base64.py&quot;, line 88, in b64decode
    return binascii.a2b_base64(s)
  ParsingException : Error while parsing /home/travis/build/smarie/python-parsyfiles/parsyfiles/tests/parsing_capabilities_by_type/primitives_data/bool/err/txt-float--1.0 (singlefile, .txt) as a bool with parser &apos;$&lt;read_str_from_txt&gt; =&gt; &lt;base64_ascii_str_pickle_to_object&gt; -&gt; &lt;str_to_bool&gt;$&apos; using options=({&apos;MultifileCollectionParser&apos;: {&apos;lazy_parsing&apos;: False}}) : caught 
  Error : Incorrect padding
Rebuilding local parsing plan with next candidate parser: $&lt;read_str_from_txt&gt; =&gt; &lt;base64_ascii_str_pickle_to_object&gt;$
(B)                                                                                                                 |--txt-float--1.0.txt -&gt; bool ------- using $&lt;read_str_from_txt&gt; =&gt; &lt;base64_ascii_str_pickle_to_object&gt;$
DONE Rebuilding local parsing plan for [/home/travis/build/smarie/python-parsyfiles/parsyfiles/tests/parsing_capabilities_by_type/primitives_data/bool/err/txt-float--1.0.txt]. Resuming parsing...
Executing Parsing Plan for [/home/travis/build/smarie/python-parsyfiles/parsyfiles/tests/parsing_capabilities_by_type/primitives_data/bool/err/txt-float--1.0]
(P) /home/travis/build/smarie/python-parsyfiles/parsyfiles/tests/parsing_capabilities_by_type/primitives_data/bool/err/txt-float--1.0.txt -&gt; bool ------- using $&lt;read_str_from_txt&gt; =&gt; &lt;base64_ascii_str_pickle_to_object&gt;$
  !! Caught error during execution !!
  File &quot;/home/travis/build/smarie/python-parsyfiles/parsyfiles/converting_core.py&quot;, line 524, in _convert
    return self.conversion_method(desired_type, source_obj, logger, **opts)
  File &quot;/home/travis/build/smarie/python-parsyfiles/parsyfiles/plugins_base/support_for_objects.py&quot;, line 54, in base64_ascii_str_pickle_to_object
    return pickle.loads(base64.b64decode(b64_ascii_str), fix_imports=True, encoding=&quot;ASCII&quot;, errors=&quot;strict&quot;)
  File &quot;/home/travis/virtualenv/python3.5.5/lib/python3.5/base64.py&quot;, line 88, in b64decode
    return binascii.a2b_base64(s)
  ParsingException : Error while parsing /home/travis/build/smarie/python-parsyfiles/parsyfiles/tests/parsing_capabilities_by_type/primitives_data/bool/err/txt-float--1.0 (singlefile, .txt) as a bool with parser &apos;$&lt;read_str_from_txt&gt; =&gt; &lt;base64_ascii_str_pickle_to_object&gt;$&apos; using options=({&apos;MultifileCollectionParser&apos;: {&apos;lazy_parsing&apos;: False}}) : caught 
  Error : Incorrect padding
</system-out></testcase><testcase classname="parsyfiles.tests.parsing_capabilities_by_type.test_parse_primitives" file="parsyfiles/tests/parsing_capabilities_by_type/test_parse_primitives.py" line="179" name="test_parse_by_type[bool-err-txt-str-.txt]" time="0.04358172416687012"><system-out>**** Starting to parse single object of type &lt;bool&gt; at location /home/travis/build/smarie/python-parsyfiles/parsyfiles/tests/parsing_capabilities_by_type/primitives_data/bool/err/txt-str- ****
Checking all files under [/home/travis/build/smarie/python-parsyfiles/parsyfiles/tests/parsing_capabilities_by_type/primitives_data/bool/err/txt-str-]
(C) /home/travis/build/smarie/python-parsyfiles/parsyfiles/tests/parsing_capabilities_by_type/primitives_data/bool/err/txt-str- (singlefile, .txt)
File checks done

Building a parsing plan to parse [/home/travis/build/smarie/python-parsyfiles/parsyfiles/tests/parsing_capabilities_by_type/primitives_data/bool/err/txt-str-] into a bool
(B) /home/travis/build/smarie/python-parsyfiles/parsyfiles/tests/parsing_capabilities_by_type/primitives_data/bool/err/txt-str-.txt -&gt; bool ------- using [Try &apos;$&lt;read_str_from_txt&gt; =&gt; &lt;str_to_bool&gt;$&apos; then &apos;$&lt;read_str_from_txt&gt; =&gt; &lt;base64_ascii_str_pickle_to_object&gt; -&gt; &lt;float_to_bool&gt;$&apos; then &apos;$&lt;read_str_from_txt&gt; =&gt; &lt;base64_ascii_str_pickle_to_object&gt; -&gt; &lt;int_to_bool&gt;$&apos; then &apos;$&lt;read_str_from_txt&gt; =&gt; &lt;base64_ascii_str_pickle_to_object&gt; -&gt; &lt;str_to_bool&gt;$&apos; then &apos;$&lt;read_str_from_txt&gt; =&gt; &lt;base64_ascii_str_pickle_to_object&gt;$]&apos;]
(B)                                                                                                                 |--txt-str-.txt -&gt; bool ------- using $&lt;read_str_from_txt&gt; =&gt; &lt;str_to_bool&gt;$
Parsing Plan created successfully

Executing Parsing Plan for [/home/travis/build/smarie/python-parsyfiles/parsyfiles/tests/parsing_capabilities_by_type/primitives_data/bool/err/txt-str-]
(P) /home/travis/build/smarie/python-parsyfiles/parsyfiles/tests/parsing_capabilities_by_type/primitives_data/bool/err/txt-str-.txt -&gt; bool ------- using $&lt;read_str_from_txt&gt; =&gt; &lt;str_to_bool&gt;$
  !! Caught error during execution !!
  File &quot;/home/travis/build/smarie/python-parsyfiles/parsyfiles/converting_core.py&quot;, line 524, in _convert
    return self.conversion_method(desired_type, source_obj, logger, **opts)
  File &quot;/home/travis/build/smarie/python-parsyfiles/parsyfiles/plugins_base/support_for_primitive_types.py&quot;, line 84, in primitive_to_bool
    return bool(strtobool(source))
  File &quot;/opt/python/3.5.5/lib/python3.5/distutils/util.py&quot;, line 317, in strtobool
    raise ValueError(&quot;invalid truth value %r&quot; % (val,))
  ParsingException : Error while parsing /home/travis/build/smarie/python-parsyfiles/parsyfiles/tests/parsing_capabilities_by_type/primitives_data/bool/err/txt-str- (singlefile, .txt) as a bool with parser &apos;$&lt;read_str_from_txt&gt; =&gt; &lt;str_to_bool&gt;$&apos; using options=({&apos;MultifileCollectionParser&apos;: {&apos;lazy_parsing&apos;: False}}) : caught 
  ValueError : invalid truth value &apos;&apos;
Rebuilding local parsing plan with next candidate parser: $&lt;read_str_from_txt&gt; =&gt; &lt;base64_ascii_str_pickle_to_object&gt; -&gt; &lt;float_to_bool&gt;$
(B)                                                                                                                 |--txt-str-.txt -&gt; bool ------- using $&lt;read_str_from_txt&gt; =&gt; &lt;base64_ascii_str_pickle_to_object&gt; -&gt; &lt;float_to_bool&gt;$
DONE Rebuilding local parsing plan for [/home/travis/build/smarie/python-parsyfiles/parsyfiles/tests/parsing_capabilities_by_type/primitives_data/bool/err/txt-str-.txt]. Resuming parsing...
Executing Parsing Plan for [/home/travis/build/smarie/python-parsyfiles/parsyfiles/tests/parsing_capabilities_by_type/primitives_data/bool/err/txt-str-]
(P) /home/travis/build/smarie/python-parsyfiles/parsyfiles/tests/parsing_capabilities_by_type/primitives_data/bool/err/txt-str-.txt -&gt; bool ------- using $&lt;read_str_from_txt&gt; =&gt; &lt;base64_ascii_str_pickle_to_object&gt; -&gt; &lt;float_to_bool&gt;$
  !! Caught error during execution !!
  File &quot;/home/travis/build/smarie/python-parsyfiles/parsyfiles/converting_core.py&quot;, line 319, in convert
    return self._convert(desired_type, source_obj, logger, options)
  File &quot;/home/travis/build/smarie/python-parsyfiles/parsyfiles/converting_core.py&quot;, line 524, in _convert
    return self.conversion_method(desired_type, source_obj, logger, **opts)
  File &quot;/home/travis/build/smarie/python-parsyfiles/parsyfiles/plugins_base/support_for_objects.py&quot;, line 54, in base64_ascii_str_pickle_to_object
    return pickle.loads(base64.b64decode(b64_ascii_str), fix_imports=True, encoding=&quot;ASCII&quot;, errors=&quot;strict&quot;)
  ParsingException : Error while parsing /home/travis/build/smarie/python-parsyfiles/parsyfiles/tests/parsing_capabilities_by_type/primitives_data/bool/err/txt-str- (singlefile, .txt) as a bool with parser &apos;$&lt;read_str_from_txt&gt; =&gt; &lt;base64_ascii_str_pickle_to_object&gt; -&gt; &lt;float_to_bool&gt;$&apos; using options=({&apos;MultifileCollectionParser&apos;: {&apos;lazy_parsing&apos;: False}}) : caught 
  EOFError : Ran out of input
Rebuilding local parsing plan with next candidate parser: $&lt;read_str_from_txt&gt; =&gt; &lt;base64_ascii_str_pickle_to_object&gt; -&gt; &lt;int_to_bool&gt;$
(B)                                                                                                                 |--txt-str-.txt -&gt; bool ------- using $&lt;read_str_from_txt&gt; =&gt; &lt;base64_ascii_str_pickle_to_object&gt; -&gt; &lt;int_to_bool&gt;$
DONE Rebuilding local parsing plan for [/home/travis/build/smarie/python-parsyfiles/parsyfiles/tests/parsing_capabilities_by_type/primitives_data/bool/err/txt-str-.txt]. Resuming parsing...
Executing Parsing Plan for [/home/travis/build/smarie/python-parsyfiles/parsyfiles/tests/parsing_capabilities_by_type/primitives_data/bool/err/txt-str-]
(P) /home/travis/build/smarie/python-parsyfiles/parsyfiles/tests/parsing_capabilities_by_type/primitives_data/bool/err/txt-str-.txt -&gt; bool ------- using $&lt;read_str_from_txt&gt; =&gt; &lt;base64_ascii_str_pickle_to_object&gt; -&gt; &lt;int_to_bool&gt;$
  !! Caught error during execution !!
  File &quot;/home/travis/build/smarie/python-parsyfiles/parsyfiles/converting_core.py&quot;, line 319, in convert
    return self._convert(desired_type, source_obj, logger, options)
  File &quot;/home/travis/build/smarie/python-parsyfiles/parsyfiles/converting_core.py&quot;, line 524, in _convert
    return self.conversion_method(desired_type, source_obj, logger, **opts)
  File &quot;/home/travis/build/smarie/python-parsyfiles/parsyfiles/plugins_base/support_for_objects.py&quot;, line 54, in base64_ascii_str_pickle_to_object
    return pickle.loads(base64.b64decode(b64_ascii_str), fix_imports=True, encoding=&quot;ASCII&quot;, errors=&quot;strict&quot;)
  ParsingException : Error while parsing /home/travis/build/smarie/python-parsyfiles/parsyfiles/tests/parsing_capabilities_by_type/primitives_data/bool/err/txt-str- (singlefile, .txt) as a bool with parser &apos;$&lt;read_str_from_txt&gt; =&gt; &lt;base64_ascii_str_pickle_to_object&gt; -&gt; &lt;int_to_bool&gt;$&apos; using options=({&apos;MultifileCollectionParser&apos;: {&apos;lazy_parsing&apos;: False}}) : caught 
  EOFError : Ran out of input
Rebuilding local parsing plan with next candidate parser: $&lt;read_str_from_txt&gt; =&gt; &lt;base64_ascii_str_pickle_to_object&gt; -&gt; &lt;str_to_bool&gt;$
(B)                                                                                                                 |--txt-str-.txt -&gt; bool ------- using $&lt;read_str_from_txt&gt; =&gt; &lt;base64_ascii_str_pickle_to_object&gt; -&gt; &lt;str_to_bool&gt;$
DONE Rebuilding local parsing plan for [/home/travis/build/smarie/python-parsyfiles/parsyfiles/tests/parsing_capabilities_by_type/primitives_data/bool/err/txt-str-.txt]. Resuming parsing...
Executing Parsing Plan for [/home/travis/build/smarie/python-parsyfiles/parsyfiles/tests/parsing_capabilities_by_type/primitives_data/bool/err/txt-str-]
(P) /home/travis/build/smarie/python-parsyfiles/parsyfiles/tests/parsing_capabilities_by_type/primitives_data/bool/err/txt-str-.txt -&gt; bool ------- using $&lt;read_str_from_txt&gt; =&gt; &lt;base64_ascii_str_pickle_to_object&gt; -&gt; &lt;str_to_bool&gt;$
  !! Caught error during execution !!
  File &quot;/home/travis/build/smarie/python-parsyfiles/parsyfiles/converting_core.py&quot;, line 319, in convert
    return self._convert(desired_type, source_obj, logger, options)
  File &quot;/home/travis/build/smarie/python-parsyfiles/parsyfiles/converting_core.py&quot;, line 524, in _convert
    return self.conversion_method(desired_type, source_obj, logger, **opts)
  File &quot;/home/travis/build/smarie/python-parsyfiles/parsyfiles/plugins_base/support_for_objects.py&quot;, line 54, in base64_ascii_str_pickle_to_object
    return pickle.loads(base64.b64decode(b64_ascii_str), fix_imports=True, encoding=&quot;ASCII&quot;, errors=&quot;strict&quot;)
  ParsingException : Error while parsing /home/travis/build/smarie/python-parsyfiles/parsyfiles/tests/parsing_capabilities_by_type/primitives_data/bool/err/txt-str- (singlefile, .txt) as a bool with parser &apos;$&lt;read_str_from_txt&gt; =&gt; &lt;base64_ascii_str_pickle_to_object&gt; -&gt; &lt;str_to_bool&gt;$&apos; using options=({&apos;MultifileCollectionParser&apos;: {&apos;lazy_parsing&apos;: False}}) : caught 
  EOFError : Ran out of input
Rebuilding local parsing plan with next candidate parser: $&lt;read_str_from_txt&gt; =&gt; &lt;base64_ascii_str_pickle_to_object&gt;$
(B)                                                                                                                 |--txt-str-.txt -&gt; bool ------- using $&lt;read_str_from_txt&gt; =&gt; &lt;base64_ascii_str_pickle_to_object&gt;$
DONE Rebuilding local parsing plan for [/home/travis/build/smarie/python-parsyfiles/parsyfiles/tests/parsing_capabilities_by_type/primitives_data/bool/err/txt-str-.txt]. Resuming parsing...
Executing Parsing Plan for [/home/travis/build/smarie/python-parsyfiles/parsyfiles/tests/parsing_capabilities_by_type/primitives_data/bool/err/txt-str-]
(P) /home/travis/build/smarie/python-parsyfiles/parsyfiles/tests/parsing_capabilities_by_type/primitives_data/bool/err/txt-str-.txt -&gt; bool ------- using $&lt;read_str_from_txt&gt; =&gt; &lt;base64_ascii_str_pickle_to_object&gt;$
  !! Caught error during execution !!
  File &quot;/home/travis/build/smarie/python-parsyfiles/parsyfiles/converting_core.py&quot;, line 319, in convert
    return self._convert(desired_type, source_obj, logger, options)
  File &quot;/home/travis/build/smarie/python-parsyfiles/parsyfiles/converting_core.py&quot;, line 524, in _convert
    return self.conversion_method(desired_type, source_obj, logger, **opts)
  File &quot;/home/travis/build/smarie/python-parsyfiles/parsyfiles/plugins_base/support_for_objects.py&quot;, line 54, in base64_ascii_str_pickle_to_object
    return pickle.loads(base64.b64decode(b64_ascii_str), fix_imports=True, encoding=&quot;ASCII&quot;, errors=&quot;strict&quot;)
  ParsingException : Error while parsing /home/travis/build/smarie/python-parsyfiles/parsyfiles/tests/parsing_capabilities_by_type/primitives_data/bool/err/txt-str- (singlefile, .txt) as a bool with parser &apos;$&lt;read_str_from_txt&gt; =&gt; &lt;base64_ascii_str_pickle_to_object&gt;$&apos; using options=({&apos;MultifileCollectionParser&apos;: {&apos;lazy_parsing&apos;: False}}) : caught 
  EOFError : Ran out of input
</system-out></testcase><testcase classname="parsyfiles.tests.parsing_capabilities_by_type.test_parse_primitives" file="parsyfiles/tests/parsing_capabilities_by_type/test_parse_primitives.py" line="179" name="test_parse_by_type[bool-err-b64pickle-int-6.txt]" time="0.03698396682739258"><system-out>**** Starting to parse single object of type &lt;bool&gt; at location /home/travis/build/smarie/python-parsyfiles/parsyfiles/tests/parsing_capabilities_by_type/primitives_data/bool/err/b64pickle-int-6 ****
Checking all files under [/home/travis/build/smarie/python-parsyfiles/parsyfiles/tests/parsing_capabilities_by_type/primitives_data/bool/err/b64pickle-int-6]
(C) /home/travis/build/smarie/python-parsyfiles/parsyfiles/tests/parsing_capabilities_by_type/primitives_data/bool/err/b64pickle-int-6 (singlefile, .txt)
File checks done

Building a parsing plan to parse [/home/travis/build/smarie/python-parsyfiles/parsyfiles/tests/parsing_capabilities_by_type/primitives_data/bool/err/b64pickle-int-6] into a bool
(B) /home/travis/build/smarie/python-parsyfiles/parsyfiles/tests/parsing_capabilities_by_type/primitives_data/bool/err/b64pickle-int-6.txt -&gt; bool ------- using [Try &apos;$&lt;read_str_from_txt&gt; =&gt; &lt;str_to_bool&gt;$&apos; then &apos;$&lt;read_str_from_txt&gt; =&gt; &lt;base64_ascii_str_pickle_to_object&gt; -&gt; &lt;float_to_bool&gt;$&apos; then &apos;$&lt;read_str_from_txt&gt; =&gt; &lt;base64_ascii_str_pickle_to_object&gt; -&gt; &lt;int_to_bool&gt;$&apos; then &apos;$&lt;read_str_from_txt&gt; =&gt; &lt;base64_ascii_str_pickle_to_object&gt; -&gt; &lt;str_to_bool&gt;$&apos; then &apos;$&lt;read_str_from_txt&gt; =&gt; &lt;base64_ascii_str_pickle_to_object&gt;$]&apos;]
(B)                                                                                                                 |--b64pickle-int-6.txt -&gt; bool ------- using $&lt;read_str_from_txt&gt; =&gt; &lt;str_to_bool&gt;$
Parsing Plan created successfully

Executing Parsing Plan for [/home/travis/build/smarie/python-parsyfiles/parsyfiles/tests/parsing_capabilities_by_type/primitives_data/bool/err/b64pickle-int-6]
(P) /home/travis/build/smarie/python-parsyfiles/parsyfiles/tests/parsing_capabilities_by_type/primitives_data/bool/err/b64pickle-int-6.txt -&gt; bool ------- using $&lt;read_str_from_txt&gt; =&gt; &lt;str_to_bool&gt;$
  !! Caught error during execution !!
  File &quot;/home/travis/build/smarie/python-parsyfiles/parsyfiles/converting_core.py&quot;, line 524, in _convert
    return self.conversion_method(desired_type, source_obj, logger, **opts)
  File &quot;/home/travis/build/smarie/python-parsyfiles/parsyfiles/plugins_base/support_for_primitive_types.py&quot;, line 84, in primitive_to_bool
    return bool(strtobool(source))
  File &quot;/opt/python/3.5.5/lib/python3.5/distutils/util.py&quot;, line 317, in strtobool
    raise ValueError(&quot;invalid truth value %r&quot; % (val,))
  ParsingException : Error while parsing /home/travis/build/smarie/python-parsyfiles/parsyfiles/tests/parsing_capabilities_by_type/primitives_data/bool/err/b64pickle-int-6 (singlefile, .txt) as a bool with parser &apos;$&lt;read_str_from_txt&gt; =&gt; &lt;str_to_bool&gt;$&apos; using options=({&apos;MultifileCollectionParser&apos;: {&apos;lazy_parsing&apos;: False}}) : caught 
  ValueError : invalid truth value &apos;ganlbi4=&apos;
Rebuilding local parsing plan with next candidate parser: $&lt;read_str_from_txt&gt; =&gt; &lt;base64_ascii_str_pickle_to_object&gt; -&gt; &lt;float_to_bool&gt;$
(B)                                                                                                                 |--b64pickle-int-6.txt -&gt; bool ------- using $&lt;read_str_from_txt&gt; =&gt; &lt;base64_ascii_str_pickle_to_object&gt; -&gt; &lt;float_to_bool&gt;$
DONE Rebuilding local parsing plan for [/home/travis/build/smarie/python-parsyfiles/parsyfiles/tests/parsing_capabilities_by_type/primitives_data/bool/err/b64pickle-int-6.txt]. Resuming parsing...
Executing Parsing Plan for [/home/travis/build/smarie/python-parsyfiles/parsyfiles/tests/parsing_capabilities_by_type/primitives_data/bool/err/b64pickle-int-6]
(P) /home/travis/build/smarie/python-parsyfiles/parsyfiles/tests/parsing_capabilities_by_type/primitives_data/bool/err/b64pickle-int-6.txt -&gt; bool ------- using $&lt;read_str_from_txt&gt; =&gt; &lt;base64_ascii_str_pickle_to_object&gt; -&gt; &lt;float_to_bool&gt;$
  !! Caught error during execution !!
  File &quot;/home/travis/build/smarie/python-parsyfiles/parsyfiles/converting_core.py&quot;, line 319, in convert
    return self._convert(desired_type, source_obj, logger, options)
  File &quot;/home/travis/build/smarie/python-parsyfiles/parsyfiles/converting_core.py&quot;, line 770, in _convert
    return self._converters_list[-1].convert(desired_type, obj, logger, options)
  File &quot;/home/travis/build/smarie/python-parsyfiles/parsyfiles/converting_core.py&quot;, line 321, in convert
    raise ConversionException.create_not_able_to_convert(source_obj, self, desired_type)
  ParsingException : Error while parsing /home/travis/build/smarie/python-parsyfiles/parsyfiles/tests/parsing_capabilities_by_type/primitives_data/bool/err/b64pickle-int-6 (singlefile, .txt) as a bool with parser &apos;$&lt;read_str_from_txt&gt; =&gt; &lt;base64_ascii_str_pickle_to_object&gt; -&gt; &lt;float_to_bool&gt;$&apos; using options=({&apos;MultifileCollectionParser&apos;: {&apos;lazy_parsing&apos;: False}}) : caught 
  ConversionException : Converter &lt;float_to_bool&gt; is not able to ingest source value &apos;6&apos; of type &apos;int&apos; and/or convert it to type &apos;bool&apos;. This can happen in a chain when the previous step in the chain is generic and actually produced  an output of the wrong type/content
Rebuilding local parsing plan with next candidate parser: $&lt;read_str_from_txt&gt; =&gt; &lt;base64_ascii_str_pickle_to_object&gt; -&gt; &lt;int_to_bool&gt;$
(B)                                                                                                                 |--b64pickle-int-6.txt -&gt; bool ------- using $&lt;read_str_from_txt&gt; =&gt; &lt;base64_ascii_str_pickle_to_object&gt; -&gt; &lt;int_to_bool&gt;$
DONE Rebuilding local parsing plan for [/home/travis/build/smarie/python-parsyfiles/parsyfiles/tests/parsing_capabilities_by_type/primitives_data/bool/err/b64pickle-int-6.txt]. Resuming parsing...
Executing Parsing Plan for [/home/travis/build/smarie/python-parsyfiles/parsyfiles/tests/parsing_capabilities_by_type/primitives_data/bool/err/b64pickle-int-6]
(P) /home/travis/build/smarie/python-parsyfiles/parsyfiles/tests/parsing_capabilities_by_type/primitives_data/bool/err/b64pickle-int-6.txt -&gt; bool ------- using $&lt;read_str_from_txt&gt; =&gt; &lt;base64_ascii_str_pickle_to_object&gt; -&gt; &lt;int_to_bool&gt;$
  !! Caught error during execution !!
  File &quot;/home/travis/build/smarie/python-parsyfiles/parsyfiles/converting_core.py&quot;, line 319, in convert
    return self._convert(desired_type, source_obj, logger, options)
  File &quot;/home/travis/build/smarie/python-parsyfiles/parsyfiles/converting_core.py&quot;, line 524, in _convert
    return self.conversion_method(desired_type, source_obj, logger, **opts)
  File &quot;/home/travis/build/smarie/python-parsyfiles/parsyfiles/plugins_base/support_for_primitive_types.py&quot;, line 91, in primitive_to_bool
    raise ValueError(&apos;Cannot convert to bool : source is a number but is not 1 nor 0 : \&apos;&apos; + str(source) + &apos;\&apos;&apos;)
  ParsingException : Error while parsing /home/travis/build/smarie/python-parsyfiles/parsyfiles/tests/parsing_capabilities_by_type/primitives_data/bool/err/b64pickle-int-6 (singlefile, .txt) as a bool with parser &apos;$&lt;read_str_from_txt&gt; =&gt; &lt;base64_ascii_str_pickle_to_object&gt; -&gt; &lt;int_to_bool&gt;$&apos; using options=({&apos;MultifileCollectionParser&apos;: {&apos;lazy_parsing&apos;: False}}) : caught 
  ValueError : Cannot convert to bool : source is a number but is not 1 nor 0 : &apos;6&apos;
Rebuilding local parsing plan with next candidate parser: $&lt;read_str_from_txt&gt; =&gt; &lt;base64_ascii_str_pickle_to_object&gt; -&gt; &lt;str_to_bool&gt;$
(B)                                                                                                                 |--b64pickle-int-6.txt -&gt; bool ------- using $&lt;read_str_from_txt&gt; =&gt; &lt;base64_ascii_str_pickle_to_object&gt; -&gt; &lt;str_to_bool&gt;$
DONE Rebuilding local parsing plan for [/home/travis/build/smarie/python-parsyfiles/parsyfiles/tests/parsing_capabilities_by_type/primitives_data/bool/err/b64pickle-int-6.txt]. Resuming parsing...
Executing Parsing Plan for [/home/travis/build/smarie/python-parsyfiles/parsyfiles/tests/parsing_capabilities_by_type/primitives_data/bool/err/b64pickle-int-6]
(P) /home/travis/build/smarie/python-parsyfiles/parsyfiles/tests/parsing_capabilities_by_type/primitives_data/bool/err/b64pickle-int-6.txt -&gt; bool ------- using $&lt;read_str_from_txt&gt; =&gt; &lt;base64_ascii_str_pickle_to_object&gt; -&gt; &lt;str_to_bool&gt;$
  !! Caught error during execution !!
  File &quot;/home/travis/build/smarie/python-parsyfiles/parsyfiles/converting_core.py&quot;, line 319, in convert
    return self._convert(desired_type, source_obj, logger, options)
  File &quot;/home/travis/build/smarie/python-parsyfiles/parsyfiles/converting_core.py&quot;, line 770, in _convert
    return self._converters_list[-1].convert(desired_type, obj, logger, options)
  File &quot;/home/travis/build/smarie/python-parsyfiles/parsyfiles/converting_core.py&quot;, line 321, in convert
    raise ConversionException.create_not_able_to_convert(source_obj, self, desired_type)
  ParsingException : Error while parsing /home/travis/build/smarie/python-parsyfiles/parsyfiles/tests/parsing_capabilities_by_type/primitives_data/bool/err/b64pickle-int-6 (singlefile, .txt) as a bool with parser &apos;$&lt;read_str_from_txt&gt; =&gt; &lt;base64_ascii_str_pickle_to_object&gt; -&gt; &lt;str_to_bool&gt;$&apos; using options=({&apos;MultifileCollectionParser&apos;: {&apos;lazy_parsing&apos;: False}}) : caught 
  ConversionException : Converter &lt;str_to_bool&gt; is not able to ingest source value &apos;6&apos; of type &apos;int&apos; and/or convert it to type &apos;bool&apos;. This can happen in a chain when the previous step in the chain is generic and actually produced  an output of the wrong type/content
Rebuilding local parsing plan with next candidate parser: $&lt;read_str_from_txt&gt; =&gt; &lt;base64_ascii_str_pickle_to_object&gt;$
(B)                                                                                                                 |--b64pickle-int-6.txt -&gt; bool ------- using $&lt;read_str_from_txt&gt; =&gt; &lt;base64_ascii_str_pickle_to_object&gt;$
DONE Rebuilding local parsing plan for [/home/travis/build/smarie/python-parsyfiles/parsyfiles/tests/parsing_capabilities_by_type/primitives_data/bool/err/b64pickle-int-6.txt]. Resuming parsing...
Executing Parsing Plan for [/home/travis/build/smarie/python-parsyfiles/parsyfiles/tests/parsing_capabilities_by_type/primitives_data/bool/err/b64pickle-int-6]
(P) /home/travis/build/smarie/python-parsyfiles/parsyfiles/tests/parsing_capabilities_by_type/primitives_data/bool/err/b64pickle-int-6.txt -&gt; bool ------- using $&lt;read_str_from_txt&gt; =&gt; &lt;base64_ascii_str_pickle_to_object&gt;$
  !! Caught error during execution !!
  File &quot;/home/travis/build/smarie/python-parsyfiles/parsyfiles/parsing_combining_parsers.py&quot;, line 31, in execute
    return self.pp.execute(logger, options)
  File &quot;/home/travis/build/smarie/python-parsyfiles/parsyfiles/parsing_core.py&quot;, line 139, in execute
    res = super(_BaseParsingPlan, self).execute(logger, options)
  File &quot;/home/travis/build/smarie/python-parsyfiles/parsyfiles/parsing_core_api.py&quot;, line 427, in execute
    res, options)
  ParsingException : Error while parsing /home/travis/build/smarie/python-parsyfiles/parsyfiles/tests/parsing_capabilities_by_type/primitives_data/bool/err/b64pickle-int-6 (singlefile, .txt) as a &lt;class &apos;bool&apos;&gt; with parser &apos;$&lt;read_str_from_txt&gt; =&gt; &lt;base64_ascii_str_pickle_to_object&gt;$&apos; using options=({&apos;MultifileCollectionParser&apos;: {&apos;lazy_parsing&apos;: False}}) : 
      parser returned 6 of type &lt;class &apos;int&apos;&gt; which is not an instance of &lt;class &apos;bool&apos;&gt;
</system-out></testcase><testcase classname="parsyfiles.tests.parsing_capabilities_by_type.test_parse_primitives" file="parsyfiles/tests/parsing_capabilities_by_type/test_parse_primitives.py" line="179" name="test_parse_by_type[bool-err-b64pickle-str-.txt]" time="0.04400753974914551"><system-out>**** Starting to parse single object of type &lt;bool&gt; at location /home/travis/build/smarie/python-parsyfiles/parsyfiles/tests/parsing_capabilities_by_type/primitives_data/bool/err/b64pickle-str- ****
Checking all files under [/home/travis/build/smarie/python-parsyfiles/parsyfiles/tests/parsing_capabilities_by_type/primitives_data/bool/err/b64pickle-str-]
(C) /home/travis/build/smarie/python-parsyfiles/parsyfiles/tests/parsing_capabilities_by_type/primitives_data/bool/err/b64pickle-str- (singlefile, .txt)
File checks done

Building a parsing plan to parse [/home/travis/build/smarie/python-parsyfiles/parsyfiles/tests/parsing_capabilities_by_type/primitives_data/bool/err/b64pickle-str-] into a bool
(B) /home/travis/build/smarie/python-parsyfiles/parsyfiles/tests/parsing_capabilities_by_type/primitives_data/bool/err/b64pickle-str-.txt -&gt; bool ------- using [Try &apos;$&lt;read_str_from_txt&gt; =&gt; &lt;str_to_bool&gt;$&apos; then &apos;$&lt;read_str_from_txt&gt; =&gt; &lt;base64_ascii_str_pickle_to_object&gt; -&gt; &lt;float_to_bool&gt;$&apos; then &apos;$&lt;read_str_from_txt&gt; =&gt; &lt;base64_ascii_str_pickle_to_object&gt; -&gt; &lt;int_to_bool&gt;$&apos; then &apos;$&lt;read_str_from_txt&gt; =&gt; &lt;base64_ascii_str_pickle_to_object&gt; -&gt; &lt;str_to_bool&gt;$&apos; then &apos;$&lt;read_str_from_txt&gt; =&gt; &lt;base64_ascii_str_pickle_to_object&gt;$]&apos;]
(B)                                                                                                                 |--b64pickle-str-.txt -&gt; bool ------- using $&lt;read_str_from_txt&gt; =&gt; &lt;str_to_bool&gt;$
Parsing Plan created successfully

Executing Parsing Plan for [/home/travis/build/smarie/python-parsyfiles/parsyfiles/tests/parsing_capabilities_by_type/primitives_data/bool/err/b64pickle-str-]
(P) /home/travis/build/smarie/python-parsyfiles/parsyfiles/tests/parsing_capabilities_by_type/primitives_data/bool/err/b64pickle-str-.txt -&gt; bool ------- using $&lt;read_str_from_txt&gt; =&gt; &lt;str_to_bool&gt;$
  !! Caught error during execution !!
  File &quot;/home/travis/build/smarie/python-parsyfiles/parsyfiles/converting_core.py&quot;, line 524, in _convert
    return self.conversion_method(desired_type, source_obj, logger, **opts)
  File &quot;/home/travis/build/smarie/python-parsyfiles/parsyfiles/plugins_base/support_for_primitive_types.py&quot;, line 84, in primitive_to_bool
    return bool(strtobool(source))
  File &quot;/opt/python/3.5.5/lib/python3.5/distutils/util.py&quot;, line 317, in strtobool
    raise ValueError(&quot;invalid truth value %r&quot; % (val,))
  ParsingException : Error while parsing /home/travis/build/smarie/python-parsyfiles/parsyfiles/tests/parsing_capabilities_by_type/primitives_data/bool/err/b64pickle-str- (singlefile, .txt) as a bool with parser &apos;$&lt;read_str_from_txt&gt; =&gt; &lt;str_to_bool&gt;$&apos; using options=({&apos;MultifileCollectionParser&apos;: {&apos;lazy_parsing&apos;: False}}) : caught 
  ValueError : invalid truth value &apos;ganyaaaaahealg==&apos;
Rebuilding local parsing plan with next candidate parser: $&lt;read_str_from_txt&gt; =&gt; &lt;base64_ascii_str_pickle_to_object&gt; -&gt; &lt;float_to_bool&gt;$
(B)                                                                                                                 |--b64pickle-str-.txt -&gt; bool ------- using $&lt;read_str_from_txt&gt; =&gt; &lt;base64_ascii_str_pickle_to_object&gt; -&gt; &lt;float_to_bool&gt;$
DONE Rebuilding local parsing plan for [/home/travis/build/smarie/python-parsyfiles/parsyfiles/tests/parsing_capabilities_by_type/primitives_data/bool/err/b64pickle-str-.txt]. Resuming parsing...
Executing Parsing Plan for [/home/travis/build/smarie/python-parsyfiles/parsyfiles/tests/parsing_capabilities_by_type/primitives_data/bool/err/b64pickle-str-]
(P) /home/travis/build/smarie/python-parsyfiles/parsyfiles/tests/parsing_capabilities_by_type/primitives_data/bool/err/b64pickle-str-.txt -&gt; bool ------- using $&lt;read_str_from_txt&gt; =&gt; &lt;base64_ascii_str_pickle_to_object&gt; -&gt; &lt;float_to_bool&gt;$
  !! Caught error during execution !!
  File &quot;/home/travis/build/smarie/python-parsyfiles/parsyfiles/converting_core.py&quot;, line 319, in convert
    return self._convert(desired_type, source_obj, logger, options)
  File &quot;/home/travis/build/smarie/python-parsyfiles/parsyfiles/converting_core.py&quot;, line 770, in _convert
    return self._converters_list[-1].convert(desired_type, obj, logger, options)
  File &quot;/home/travis/build/smarie/python-parsyfiles/parsyfiles/converting_core.py&quot;, line 321, in convert
    raise ConversionException.create_not_able_to_convert(source_obj, self, desired_type)
  ParsingException : Error while parsing /home/travis/build/smarie/python-parsyfiles/parsyfiles/tests/parsing_capabilities_by_type/primitives_data/bool/err/b64pickle-str- (singlefile, .txt) as a bool with parser &apos;$&lt;read_str_from_txt&gt; =&gt; &lt;base64_ascii_str_pickle_to_object&gt; -&gt; &lt;float_to_bool&gt;$&apos; using options=({&apos;MultifileCollectionParser&apos;: {&apos;lazy_parsing&apos;: False}}) : caught 
  ConversionException : Converter &lt;float_to_bool&gt; is not able to ingest source value &apos;&apos; of type &apos;str&apos; and/or convert it to type &apos;bool&apos;. This can happen in a chain when the previous step in the chain is generic and actually produced  an output of the wrong type/content
Rebuilding local parsing plan with next candidate parser: $&lt;read_str_from_txt&gt; =&gt; &lt;base64_ascii_str_pickle_to_object&gt; -&gt; &lt;int_to_bool&gt;$
(B)                                                                                                                 |--b64pickle-str-.txt -&gt; bool ------- using $&lt;read_str_from_txt&gt; =&gt; &lt;base64_ascii_str_pickle_to_object&gt; -&gt; &lt;int_to_bool&gt;$
DONE Rebuilding local parsing plan for [/home/travis/build/smarie/python-parsyfiles/parsyfiles/tests/parsing_capabilities_by_type/primitives_data/bool/err/b64pickle-str-.txt]. Resuming parsing...
Executing Parsing Plan for [/home/travis/build/smarie/python-parsyfiles/parsyfiles/tests/parsing_capabilities_by_type/primitives_data/bool/err/b64pickle-str-]
(P) /home/travis/build/smarie/python-parsyfiles/parsyfiles/tests/parsing_capabilities_by_type/primitives_data/bool/err/b64pickle-str-.txt -&gt; bool ------- using $&lt;read_str_from_txt&gt; =&gt; &lt;base64_ascii_str_pickle_to_object&gt; -&gt; &lt;int_to_bool&gt;$
  !! Caught error during execution !!
  File &quot;/home/travis/build/smarie/python-parsyfiles/parsyfiles/converting_core.py&quot;, line 319, in convert
    return self._convert(desired_type, source_obj, logger, options)
  File &quot;/home/travis/build/smarie/python-parsyfiles/parsyfiles/converting_core.py&quot;, line 770, in _convert
    return self._converters_list[-1].convert(desired_type, obj, logger, options)
  File &quot;/home/travis/build/smarie/python-parsyfiles/parsyfiles/converting_core.py&quot;, line 321, in convert
    raise ConversionException.create_not_able_to_convert(source_obj, self, desired_type)
  ParsingException : Error while parsing /home/travis/build/smarie/python-parsyfiles/parsyfiles/tests/parsing_capabilities_by_type/primitives_data/bool/err/b64pickle-str- (singlefile, .txt) as a bool with parser &apos;$&lt;read_str_from_txt&gt; =&gt; &lt;base64_ascii_str_pickle_to_object&gt; -&gt; &lt;int_to_bool&gt;$&apos; using options=({&apos;MultifileCollectionParser&apos;: {&apos;lazy_parsing&apos;: False}}) : caught 
  ConversionException : Converter &lt;int_to_bool&gt; is not able to ingest source value &apos;&apos; of type &apos;str&apos; and/or convert it to type &apos;bool&apos;. This can happen in a chain when the previous step in the chain is generic and actually produced  an output of the wrong type/content
Rebuilding local parsing plan with next candidate parser: $&lt;read_str_from_txt&gt; =&gt; &lt;base64_ascii_str_pickle_to_object&gt; -&gt; &lt;str_to_bool&gt;$
(B)                                                                                                                 |--b64pickle-str-.txt -&gt; bool ------- using $&lt;read_str_from_txt&gt; =&gt; &lt;base64_ascii_str_pickle_to_object&gt; -&gt; &lt;str_to_bool&gt;$
DONE Rebuilding local parsing plan for [/home/travis/build/smarie/python-parsyfiles/parsyfiles/tests/parsing_capabilities_by_type/primitives_data/bool/err/b64pickle-str-.txt]. Resuming parsing...
Executing Parsing Plan for [/home/travis/build/smarie/python-parsyfiles/parsyfiles/tests/parsing_capabilities_by_type/primitives_data/bool/err/b64pickle-str-]
(P) /home/travis/build/smarie/python-parsyfiles/parsyfiles/tests/parsing_capabilities_by_type/primitives_data/bool/err/b64pickle-str-.txt -&gt; bool ------- using $&lt;read_str_from_txt&gt; =&gt; &lt;base64_ascii_str_pickle_to_object&gt; -&gt; &lt;str_to_bool&gt;$
  !! Caught error during execution !!
  File &quot;/home/travis/build/smarie/python-parsyfiles/parsyfiles/converting_core.py&quot;, line 524, in _convert
    return self.conversion_method(desired_type, source_obj, logger, **opts)
  File &quot;/home/travis/build/smarie/python-parsyfiles/parsyfiles/plugins_base/support_for_primitive_types.py&quot;, line 84, in primitive_to_bool
    return bool(strtobool(source))
  File &quot;/opt/python/3.5.5/lib/python3.5/distutils/util.py&quot;, line 317, in strtobool
    raise ValueError(&quot;invalid truth value %r&quot; % (val,))
  ParsingException : Error while parsing /home/travis/build/smarie/python-parsyfiles/parsyfiles/tests/parsing_capabilities_by_type/primitives_data/bool/err/b64pickle-str- (singlefile, .txt) as a bool with parser &apos;$&lt;read_str_from_txt&gt; =&gt; &lt;base64_ascii_str_pickle_to_object&gt; -&gt; &lt;str_to_bool&gt;$&apos; using options=({&apos;MultifileCollectionParser&apos;: {&apos;lazy_parsing&apos;: False}}) : caught 
  ValueError : invalid truth value &apos;&apos;
Rebuilding local parsing plan with next candidate parser: $&lt;read_str_from_txt&gt; =&gt; &lt;base64_ascii_str_pickle_to_object&gt;$
(B)                                                                                                                 |--b64pickle-str-.txt -&gt; bool ------- using $&lt;read_str_from_txt&gt; =&gt; &lt;base64_ascii_str_pickle_to_object&gt;$
DONE Rebuilding local parsing plan for [/home/travis/build/smarie/python-parsyfiles/parsyfiles/tests/parsing_capabilities_by_type/primitives_data/bool/err/b64pickle-str-.txt]. Resuming parsing...
Executing Parsing Plan for [/home/travis/build/smarie/python-parsyfiles/parsyfiles/tests/parsing_capabilities_by_type/primitives_data/bool/err/b64pickle-str-]
(P) /home/travis/build/smarie/python-parsyfiles/parsyfiles/tests/parsing_capabilities_by_type/primitives_data/bool/err/b64pickle-str-.txt -&gt; bool ------- using $&lt;read_str_from_txt&gt; =&gt; &lt;base64_ascii_str_pickle_to_object&gt;$
  !! Caught error during execution !!
  File &quot;/home/travis/build/smarie/python-parsyfiles/parsyfiles/parsing_combining_parsers.py&quot;, line 31, in execute
    return self.pp.execute(logger, options)
  File &quot;/home/travis/build/smarie/python-parsyfiles/parsyfiles/parsing_core.py&quot;, line 139, in execute
    res = super(_BaseParsingPlan, self).execute(logger, options)
  File &quot;/home/travis/build/smarie/python-parsyfiles/parsyfiles/parsing_core_api.py&quot;, line 427, in execute
    res, options)
  ParsingException : Error while parsing /home/travis/build/smarie/python-parsyfiles/parsyfiles/tests/parsing_capabilities_by_type/primitives_data/bool/err/b64pickle-str- (singlefile, .txt) as a &lt;class &apos;bool&apos;&gt; with parser &apos;$&lt;read_str_from_txt&gt; =&gt; &lt;base64_ascii_str_pickle_to_object&gt;$&apos; using options=({&apos;MultifileCollectionParser&apos;: {&apos;lazy_parsing&apos;: False}}) : 
      parser returned  of type &lt;class &apos;str&apos;&gt; which is not an instance of &lt;class &apos;bool&apos;&gt;
</system-out></testcase><testcase classname="parsyfiles.tests.parsing_capabilities_by_type.test_parse_primitives" file="parsyfiles/tests/parsing_capabilities_by_type/test_parse_primitives.py" line="179" name="test_parse_by_type[bool-err-pickle-float--1.0.pyc]" time="0.03729653358459473"><system-out>**** Starting to parse single object of type &lt;bool&gt; at location /home/travis/build/smarie/python-parsyfiles/parsyfiles/tests/parsing_capabilities_by_type/primitives_data/bool/err/pickle-float--1.0 ****
Checking all files under [/home/travis/build/smarie/python-parsyfiles/parsyfiles/tests/parsing_capabilities_by_type/primitives_data/bool/err/pickle-float--1.0]
(C) /home/travis/build/smarie/python-parsyfiles/parsyfiles/tests/parsing_capabilities_by_type/primitives_data/bool/err/pickle-float--1.0 (singlefile, .pyc)
File checks done

Building a parsing plan to parse [/home/travis/build/smarie/python-parsyfiles/parsyfiles/tests/parsing_capabilities_by_type/primitives_data/bool/err/pickle-float--1.0] into a bool
(B) /home/travis/build/smarie/python-parsyfiles/parsyfiles/tests/parsing_capabilities_by_type/primitives_data/bool/err/pickle-float--1.0.pyc -&gt; bool ------- using [Try &apos;$&lt;read_object_from_pickle&gt; =&gt; &lt;float_to_bool&gt;$&apos; then &apos;$&lt;read_object_from_pickle&gt; =&gt; &lt;int_to_bool&gt;$&apos; then &apos;$&lt;read_object_from_pickle&gt; =&gt; &lt;str_to_bool&gt;$&apos; then &apos;&lt;read_object_from_pickle&gt;]&apos;]
(B)                                                                                                                 |--pickle-float--1.0.pyc -&gt; bool ------- using $&lt;read_object_from_pickle&gt; =&gt; &lt;float_to_bool&gt;$
Parsing Plan created successfully

Executing Parsing Plan for [/home/travis/build/smarie/python-parsyfiles/parsyfiles/tests/parsing_capabilities_by_type/primitives_data/bool/err/pickle-float--1.0]
(P) /home/travis/build/smarie/python-parsyfiles/parsyfiles/tests/parsing_capabilities_by_type/primitives_data/bool/err/pickle-float--1.0.pyc -&gt; bool ------- using $&lt;read_object_from_pickle&gt; =&gt; &lt;float_to_bool&gt;$
  !! Caught error during execution !!
  File &quot;/home/travis/build/smarie/python-parsyfiles/parsyfiles/converting_core.py&quot;, line 319, in convert
    return self._convert(desired_type, source_obj, logger, options)
  File &quot;/home/travis/build/smarie/python-parsyfiles/parsyfiles/converting_core.py&quot;, line 524, in _convert
    return self.conversion_method(desired_type, source_obj, logger, **opts)
  File &quot;/home/travis/build/smarie/python-parsyfiles/parsyfiles/plugins_base/support_for_primitive_types.py&quot;, line 91, in primitive_to_bool
    raise ValueError(&apos;Cannot convert to bool : source is a number but is not 1 nor 0 : \&apos;&apos; + str(source) + &apos;\&apos;&apos;)
  ParsingException : Error while parsing /home/travis/build/smarie/python-parsyfiles/parsyfiles/tests/parsing_capabilities_by_type/primitives_data/bool/err/pickle-float--1.0 (singlefile, .pyc) as a bool with parser &apos;$&lt;read_object_from_pickle&gt; =&gt; &lt;float_to_bool&gt;$&apos; using options=({&apos;MultifileCollectionParser&apos;: {&apos;lazy_parsing&apos;: False}}) : caught 
  ValueError : Cannot convert to bool : source is a number but is not 1 nor 0 : &apos;-1.0&apos;
Rebuilding local parsing plan with next candidate parser: $&lt;read_object_from_pickle&gt; =&gt; &lt;int_to_bool&gt;$
(B)                                                                                                                 |--pickle-float--1.0.pyc -&gt; bool ------- using $&lt;read_object_from_pickle&gt; =&gt; &lt;int_to_bool&gt;$
DONE Rebuilding local parsing plan for [/home/travis/build/smarie/python-parsyfiles/parsyfiles/tests/parsing_capabilities_by_type/primitives_data/bool/err/pickle-float--1.0.pyc]. Resuming parsing...
Executing Parsing Plan for [/home/travis/build/smarie/python-parsyfiles/parsyfiles/tests/parsing_capabilities_by_type/primitives_data/bool/err/pickle-float--1.0]
(P) /home/travis/build/smarie/python-parsyfiles/parsyfiles/tests/parsing_capabilities_by_type/primitives_data/bool/err/pickle-float--1.0.pyc -&gt; bool ------- using $&lt;read_object_from_pickle&gt; =&gt; &lt;int_to_bool&gt;$
  !! Caught error during execution !!
  File &quot;/home/travis/build/smarie/python-parsyfiles/parsyfiles/parsing_core.py&quot;, line 177, in _execute
    self.get_singlefile_encoding(), logger, options)
  File &quot;/home/travis/build/smarie/python-parsyfiles/parsyfiles/parsing_combining_parsers.py&quot;, line 552, in _parse_singlefile
    return self._converter.convert(desired_type, first, logger, options)
  File &quot;/home/travis/build/smarie/python-parsyfiles/parsyfiles/converting_core.py&quot;, line 321, in convert
    raise ConversionException.create_not_able_to_convert(source_obj, self, desired_type)
  ParsingException : Error while parsing /home/travis/build/smarie/python-parsyfiles/parsyfiles/tests/parsing_capabilities_by_type/primitives_data/bool/err/pickle-float--1.0 (singlefile, .pyc) as a bool with parser &apos;$&lt;read_object_from_pickle&gt; =&gt; &lt;int_to_bool&gt;$&apos; using options=({&apos;MultifileCollectionParser&apos;: {&apos;lazy_parsing&apos;: False}}) : caught 
  ConversionException : Converter $&lt;int_to_bool&gt;$ is not able to ingest source value &apos;-1.0&apos; of type &apos;float&apos; and/or convert it to type &apos;bool&apos;. This can happen in a chain when the previous step in the chain is generic and actually produced  an output of the wrong type/content
Rebuilding local parsing plan with next candidate parser: $&lt;read_object_from_pickle&gt; =&gt; &lt;str_to_bool&gt;$
(B)                                                                                                                 |--pickle-float--1.0.pyc -&gt; bool ------- using $&lt;read_object_from_pickle&gt; =&gt; &lt;str_to_bool&gt;$
DONE Rebuilding local parsing plan for [/home/travis/build/smarie/python-parsyfiles/parsyfiles/tests/parsing_capabilities_by_type/primitives_data/bool/err/pickle-float--1.0.pyc]. Resuming parsing...
Executing Parsing Plan for [/home/travis/build/smarie/python-parsyfiles/parsyfiles/tests/parsing_capabilities_by_type/primitives_data/bool/err/pickle-float--1.0]
(P) /home/travis/build/smarie/python-parsyfiles/parsyfiles/tests/parsing_capabilities_by_type/primitives_data/bool/err/pickle-float--1.0.pyc -&gt; bool ------- using $&lt;read_object_from_pickle&gt; =&gt; &lt;str_to_bool&gt;$
  !! Caught error during execution !!
  File &quot;/home/travis/build/smarie/python-parsyfiles/parsyfiles/parsing_core.py&quot;, line 177, in _execute
    self.get_singlefile_encoding(), logger, options)
  File &quot;/home/travis/build/smarie/python-parsyfiles/parsyfiles/parsing_combining_parsers.py&quot;, line 552, in _parse_singlefile
    return self._converter.convert(desired_type, first, logger, options)
  File &quot;/home/travis/build/smarie/python-parsyfiles/parsyfiles/converting_core.py&quot;, line 321, in convert
    raise ConversionException.create_not_able_to_convert(source_obj, self, desired_type)
  ParsingException : Error while parsing /home/travis/build/smarie/python-parsyfiles/parsyfiles/tests/parsing_capabilities_by_type/primitives_data/bool/err/pickle-float--1.0 (singlefile, .pyc) as a bool with parser &apos;$&lt;read_object_from_pickle&gt; =&gt; &lt;str_to_bool&gt;$&apos; using options=({&apos;MultifileCollectionParser&apos;: {&apos;lazy_parsing&apos;: False}}) : caught 
  ConversionException : Converter $&lt;str_to_bool&gt;$ is not able to ingest source value &apos;-1.0&apos; of type &apos;float&apos; and/or convert it to type &apos;bool&apos;. This can happen in a chain when the previous step in the chain is generic and actually produced  an output of the wrong type/content
Rebuilding local parsing plan with next candidate parser: &lt;read_object_from_pickle&gt;
(B)                                                                                                                 |--pickle-float--1.0.pyc -&gt; bool ------- using &lt;read_object_from_pickle&gt;
DONE Rebuilding local parsing plan for [/home/travis/build/smarie/python-parsyfiles/parsyfiles/tests/parsing_capabilities_by_type/primitives_data/bool/err/pickle-float--1.0.pyc]. Resuming parsing...
Executing Parsing Plan for [/home/travis/build/smarie/python-parsyfiles/parsyfiles/tests/parsing_capabilities_by_type/primitives_data/bool/err/pickle-float--1.0]
(P) /home/travis/build/smarie/python-parsyfiles/parsyfiles/tests/parsing_capabilities_by_type/primitives_data/bool/err/pickle-float--1.0.pyc -&gt; bool ------- using &lt;read_object_from_pickle&gt;
  !! Caught error during execution !!
  File &quot;/home/travis/build/smarie/python-parsyfiles/parsyfiles/parsing_combining_parsers.py&quot;, line 31, in execute
    return self.pp.execute(logger, options)
  File &quot;/home/travis/build/smarie/python-parsyfiles/parsyfiles/parsing_core.py&quot;, line 139, in execute
    res = super(_BaseParsingPlan, self).execute(logger, options)
  File &quot;/home/travis/build/smarie/python-parsyfiles/parsyfiles/parsing_core_api.py&quot;, line 427, in execute
    res, options)
  ParsingException : Error while parsing /home/travis/build/smarie/python-parsyfiles/parsyfiles/tests/parsing_capabilities_by_type/primitives_data/bool/err/pickle-float--1.0 (singlefile, .pyc) as a &lt;class &apos;bool&apos;&gt; with parser &apos;&lt;read_object_from_pickle&gt;&apos; using options=({&apos;MultifileCollectionParser&apos;: {&apos;lazy_parsing&apos;: False}}) : 
      parser returned -1.0 of type &lt;class &apos;float&apos;&gt; which is not an instance of &lt;class &apos;bool&apos;&gt;
</system-out></testcase><testcase classname="parsyfiles.tests.parsing_capabilities_by_type.test_parse_primitives" file="parsyfiles/tests/parsing_capabilities_by_type/test_parse_primitives.py" line="179" name="test_parse_by_type[bool-err-b64pickle-str-truth.txt]" time="0.04262876510620117"><system-out>**** Starting to parse single object of type &lt;bool&gt; at location /home/travis/build/smarie/python-parsyfiles/parsyfiles/tests/parsing_capabilities_by_type/primitives_data/bool/err/b64pickle-str-truth ****
Checking all files under [/home/travis/build/smarie/python-parsyfiles/parsyfiles/tests/parsing_capabilities_by_type/primitives_data/bool/err/b64pickle-str-truth]
(C) /home/travis/build/smarie/python-parsyfiles/parsyfiles/tests/parsing_capabilities_by_type/primitives_data/bool/err/b64pickle-str-truth (singlefile, .txt)
File checks done

Building a parsing plan to parse [/home/travis/build/smarie/python-parsyfiles/parsyfiles/tests/parsing_capabilities_by_type/primitives_data/bool/err/b64pickle-str-truth] into a bool
(B) /home/travis/build/smarie/python-parsyfiles/parsyfiles/tests/parsing_capabilities_by_type/primitives_data/bool/err/b64pickle-str-truth.txt -&gt; bool ------- using [Try &apos;$&lt;read_str_from_txt&gt; =&gt; &lt;str_to_bool&gt;$&apos; then &apos;$&lt;read_str_from_txt&gt; =&gt; &lt;base64_ascii_str_pickle_to_object&gt; -&gt; &lt;float_to_bool&gt;$&apos; then &apos;$&lt;read_str_from_txt&gt; =&gt; &lt;base64_ascii_str_pickle_to_object&gt; -&gt; &lt;int_to_bool&gt;$&apos; then &apos;$&lt;read_str_from_txt&gt; =&gt; &lt;base64_ascii_str_pickle_to_object&gt; -&gt; &lt;str_to_bool&gt;$&apos; then &apos;$&lt;read_str_from_txt&gt; =&gt; &lt;base64_ascii_str_pickle_to_object&gt;$]&apos;]
(B)                                                                                                                 |--b64pickle-str-truth.txt -&gt; bool ------- using $&lt;read_str_from_txt&gt; =&gt; &lt;str_to_bool&gt;$
Parsing Plan created successfully

Executing Parsing Plan for [/home/travis/build/smarie/python-parsyfiles/parsyfiles/tests/parsing_capabilities_by_type/primitives_data/bool/err/b64pickle-str-truth]
(P) /home/travis/build/smarie/python-parsyfiles/parsyfiles/tests/parsing_capabilities_by_type/primitives_data/bool/err/b64pickle-str-truth.txt -&gt; bool ------- using $&lt;read_str_from_txt&gt; =&gt; &lt;str_to_bool&gt;$
  !! Caught error during execution !!
  File &quot;/home/travis/build/smarie/python-parsyfiles/parsyfiles/converting_core.py&quot;, line 524, in _convert
    return self.conversion_method(desired_type, source_obj, logger, **opts)
  File &quot;/home/travis/build/smarie/python-parsyfiles/parsyfiles/plugins_base/support_for_primitive_types.py&quot;, line 84, in primitive_to_bool
    return bool(strtobool(source))
  File &quot;/opt/python/3.5.5/lib/python3.5/distutils/util.py&quot;, line 317, in strtobool
    raise ValueError(&quot;invalid truth value %r&quot; % (val,))
  ParsingException : Error while parsing /home/travis/build/smarie/python-parsyfiles/parsyfiles/tests/parsing_capabilities_by_type/primitives_data/bool/err/b64pickle-str-truth (singlefile, .txt) as a bool with parser &apos;$&lt;read_str_from_txt&gt; =&gt; &lt;str_to_bool&gt;$&apos; using options=({&apos;MultifileCollectionParser&apos;: {&apos;lazy_parsing&apos;: False}}) : caught 
  ValueError : invalid truth value &apos;ganybqaaahrydxrocqau&apos;
Rebuilding local parsing plan with next candidate parser: $&lt;read_str_from_txt&gt; =&gt; &lt;base64_ascii_str_pickle_to_object&gt; -&gt; &lt;float_to_bool&gt;$
(B)                                                                                                                 |--b64pickle-str-truth.txt -&gt; bool ------- using $&lt;read_str_from_txt&gt; =&gt; &lt;base64_ascii_str_pickle_to_object&gt; -&gt; &lt;float_to_bool&gt;$
DONE Rebuilding local parsing plan for [/home/travis/build/smarie/python-parsyfiles/parsyfiles/tests/parsing_capabilities_by_type/primitives_data/bool/err/b64pickle-str-truth.txt]. Resuming parsing...
Executing Parsing Plan for [/home/travis/build/smarie/python-parsyfiles/parsyfiles/tests/parsing_capabilities_by_type/primitives_data/bool/err/b64pickle-str-truth]
(P) /home/travis/build/smarie/python-parsyfiles/parsyfiles/tests/parsing_capabilities_by_type/primitives_data/bool/err/b64pickle-str-truth.txt -&gt; bool ------- using $&lt;read_str_from_txt&gt; =&gt; &lt;base64_ascii_str_pickle_to_object&gt; -&gt; &lt;float_to_bool&gt;$
  !! Caught error during execution !!
  File &quot;/home/travis/build/smarie/python-parsyfiles/parsyfiles/converting_core.py&quot;, line 319, in convert
    return self._convert(desired_type, source_obj, logger, options)
  File &quot;/home/travis/build/smarie/python-parsyfiles/parsyfiles/converting_core.py&quot;, line 770, in _convert
    return self._converters_list[-1].convert(desired_type, obj, logger, options)
  File &quot;/home/travis/build/smarie/python-parsyfiles/parsyfiles/converting_core.py&quot;, line 321, in convert
    raise ConversionException.create_not_able_to_convert(source_obj, self, desired_type)
  ParsingException : Error while parsing /home/travis/build/smarie/python-parsyfiles/parsyfiles/tests/parsing_capabilities_by_type/primitives_data/bool/err/b64pickle-str-truth (singlefile, .txt) as a bool with parser &apos;$&lt;read_str_from_txt&gt; =&gt; &lt;base64_ascii_str_pickle_to_object&gt; -&gt; &lt;float_to_bool&gt;$&apos; using options=({&apos;MultifileCollectionParser&apos;: {&apos;lazy_parsing&apos;: False}}) : caught 
  ConversionException : Converter &lt;float_to_bool&gt; is not able to ingest source value &apos;truth&apos; of type &apos;str&apos; and/or convert it to type &apos;bool&apos;. This can happen in a chain when the previous step in the chain is generic and actually produced  an output of the wrong type/content
Rebuilding local parsing plan with next candidate parser: $&lt;read_str_from_txt&gt; =&gt; &lt;base64_ascii_str_pickle_to_object&gt; -&gt; &lt;int_to_bool&gt;$
(B)                                                                                                                 |--b64pickle-str-truth.txt -&gt; bool ------- using $&lt;read_str_from_txt&gt; =&gt; &lt;base64_ascii_str_pickle_to_object&gt; -&gt; &lt;int_to_bool&gt;$
DONE Rebuilding local parsing plan for [/home/travis/build/smarie/python-parsyfiles/parsyfiles/tests/parsing_capabilities_by_type/primitives_data/bool/err/b64pickle-str-truth.txt]. Resuming parsing...
Executing Parsing Plan for [/home/travis/build/smarie/python-parsyfiles/parsyfiles/tests/parsing_capabilities_by_type/primitives_data/bool/err/b64pickle-str-truth]
(P) /home/travis/build/smarie/python-parsyfiles/parsyfiles/tests/parsing_capabilities_by_type/primitives_data/bool/err/b64pickle-str-truth.txt -&gt; bool ------- using $&lt;read_str_from_txt&gt; =&gt; &lt;base64_ascii_str_pickle_to_object&gt; -&gt; &lt;int_to_bool&gt;$
  !! Caught error during execution !!
  File &quot;/home/travis/build/smarie/python-parsyfiles/parsyfiles/converting_core.py&quot;, line 319, in convert
    return self._convert(desired_type, source_obj, logger, options)
  File &quot;/home/travis/build/smarie/python-parsyfiles/parsyfiles/converting_core.py&quot;, line 770, in _convert
    return self._converters_list[-1].convert(desired_type, obj, logger, options)
  File &quot;/home/travis/build/smarie/python-parsyfiles/parsyfiles/converting_core.py&quot;, line 321, in convert
    raise ConversionException.create_not_able_to_convert(source_obj, self, desired_type)
  ParsingException : Error while parsing /home/travis/build/smarie/python-parsyfiles/parsyfiles/tests/parsing_capabilities_by_type/primitives_data/bool/err/b64pickle-str-truth (singlefile, .txt) as a bool with parser &apos;$&lt;read_str_from_txt&gt; =&gt; &lt;base64_ascii_str_pickle_to_object&gt; -&gt; &lt;int_to_bool&gt;$&apos; using options=({&apos;MultifileCollectionParser&apos;: {&apos;lazy_parsing&apos;: False}}) : caught 
  ConversionException : Converter &lt;int_to_bool&gt; is not able to ingest source value &apos;truth&apos; of type &apos;str&apos; and/or convert it to type &apos;bool&apos;. This can happen in a chain when the previous step in the chain is generic and actually produced  an output of the wrong type/content
Rebuilding local parsing plan with next candidate parser: $&lt;read_str_from_txt&gt; =&gt; &lt;base64_ascii_str_pickle_to_object&gt; -&gt; &lt;str_to_bool&gt;$
(B)                                                                                                                 |--b64pickle-str-truth.txt -&gt; bool ------- using $&lt;read_str_from_txt&gt; =&gt; &lt;base64_ascii_str_pickle_to_object&gt; -&gt; &lt;str_to_bool&gt;$
DONE Rebuilding local parsing plan for [/home/travis/build/smarie/python-parsyfiles/parsyfiles/tests/parsing_capabilities_by_type/primitives_data/bool/err/b64pickle-str-truth.txt]. Resuming parsing...
Executing Parsing Plan for [/home/travis/build/smarie/python-parsyfiles/parsyfiles/tests/parsing_capabilities_by_type/primitives_data/bool/err/b64pickle-str-truth]
(P) /home/travis/build/smarie/python-parsyfiles/parsyfiles/tests/parsing_capabilities_by_type/primitives_data/bool/err/b64pickle-str-truth.txt -&gt; bool ------- using $&lt;read_str_from_txt&gt; =&gt; &lt;base64_ascii_str_pickle_to_object&gt; -&gt; &lt;str_to_bool&gt;$
  !! Caught error during execution !!
  File &quot;/home/travis/build/smarie/python-parsyfiles/parsyfiles/converting_core.py&quot;, line 524, in _convert
    return self.conversion_method(desired_type, source_obj, logger, **opts)
  File &quot;/home/travis/build/smarie/python-parsyfiles/parsyfiles/plugins_base/support_for_primitive_types.py&quot;, line 84, in primitive_to_bool
    return bool(strtobool(source))
  File &quot;/opt/python/3.5.5/lib/python3.5/distutils/util.py&quot;, line 317, in strtobool
    raise ValueError(&quot;invalid truth value %r&quot; % (val,))
  ParsingException : Error while parsing /home/travis/build/smarie/python-parsyfiles/parsyfiles/tests/parsing_capabilities_by_type/primitives_data/bool/err/b64pickle-str-truth (singlefile, .txt) as a bool with parser &apos;$&lt;read_str_from_txt&gt; =&gt; &lt;base64_ascii_str_pickle_to_object&gt; -&gt; &lt;str_to_bool&gt;$&apos; using options=({&apos;MultifileCollectionParser&apos;: {&apos;lazy_parsing&apos;: False}}) : caught 
  ValueError : invalid truth value &apos;truth&apos;
Rebuilding local parsing plan with next candidate parser: $&lt;read_str_from_txt&gt; =&gt; &lt;base64_ascii_str_pickle_to_object&gt;$
(B)                                                                                                                 |--b64pickle-str-truth.txt -&gt; bool ------- using $&lt;read_str_from_txt&gt; =&gt; &lt;base64_ascii_str_pickle_to_object&gt;$
DONE Rebuilding local parsing plan for [/home/travis/build/smarie/python-parsyfiles/parsyfiles/tests/parsing_capabilities_by_type/primitives_data/bool/err/b64pickle-str-truth.txt]. Resuming parsing...
Executing Parsing Plan for [/home/travis/build/smarie/python-parsyfiles/parsyfiles/tests/parsing_capabilities_by_type/primitives_data/bool/err/b64pickle-str-truth]
(P) /home/travis/build/smarie/python-parsyfiles/parsyfiles/tests/parsing_capabilities_by_type/primitives_data/bool/err/b64pickle-str-truth.txt -&gt; bool ------- using $&lt;read_str_from_txt&gt; =&gt; &lt;base64_ascii_str_pickle_to_object&gt;$
  !! Caught error during execution !!
  File &quot;/home/travis/build/smarie/python-parsyfiles/parsyfiles/parsing_combining_parsers.py&quot;, line 31, in execute
    return self.pp.execute(logger, options)
  File &quot;/home/travis/build/smarie/python-parsyfiles/parsyfiles/parsing_core.py&quot;, line 139, in execute
    res = super(_BaseParsingPlan, self).execute(logger, options)
  File &quot;/home/travis/build/smarie/python-parsyfiles/parsyfiles/parsing_core_api.py&quot;, line 427, in execute
    res, options)
  ParsingException : Error while parsing /home/travis/build/smarie/python-parsyfiles/parsyfiles/tests/parsing_capabilities_by_type/primitives_data/bool/err/b64pickle-str-truth (singlefile, .txt) as a &lt;class &apos;bool&apos;&gt; with parser &apos;$&lt;read_str_from_txt&gt; =&gt; &lt;base64_ascii_str_pickle_to_object&gt;$&apos; using options=({&apos;MultifileCollectionParser&apos;: {&apos;lazy_parsing&apos;: False}}) : 
      parser returned truth of type &lt;class &apos;str&apos;&gt; which is not an instance of &lt;class &apos;bool&apos;&gt;
</system-out></testcase><testcase classname="parsyfiles.tests.parsing_capabilities_by_type.test_parse_primitives" file="parsyfiles/tests/parsing_capabilities_by_type/test_parse_primitives.py" line="179" name="test_parse_by_type[bool-err-txt-int-6.txt]" time="0.04531669616699219"><system-out>**** Starting to parse single object of type &lt;bool&gt; at location /home/travis/build/smarie/python-parsyfiles/parsyfiles/tests/parsing_capabilities_by_type/primitives_data/bool/err/txt-int-6 ****
Checking all files under [/home/travis/build/smarie/python-parsyfiles/parsyfiles/tests/parsing_capabilities_by_type/primitives_data/bool/err/txt-int-6]
(C) /home/travis/build/smarie/python-parsyfiles/parsyfiles/tests/parsing_capabilities_by_type/primitives_data/bool/err/txt-int-6 (singlefile, .txt)
File checks done

Building a parsing plan to parse [/home/travis/build/smarie/python-parsyfiles/parsyfiles/tests/parsing_capabilities_by_type/primitives_data/bool/err/txt-int-6] into a bool
(B) /home/travis/build/smarie/python-parsyfiles/parsyfiles/tests/parsing_capabilities_by_type/primitives_data/bool/err/txt-int-6.txt -&gt; bool ------- using [Try &apos;$&lt;read_str_from_txt&gt; =&gt; &lt;str_to_bool&gt;$&apos; then &apos;$&lt;read_str_from_txt&gt; =&gt; &lt;base64_ascii_str_pickle_to_object&gt; -&gt; &lt;float_to_bool&gt;$&apos; then &apos;$&lt;read_str_from_txt&gt; =&gt; &lt;base64_ascii_str_pickle_to_object&gt; -&gt; &lt;int_to_bool&gt;$&apos; then &apos;$&lt;read_str_from_txt&gt; =&gt; &lt;base64_ascii_str_pickle_to_object&gt; -&gt; &lt;str_to_bool&gt;$&apos; then &apos;$&lt;read_str_from_txt&gt; =&gt; &lt;base64_ascii_str_pickle_to_object&gt;$]&apos;]
(B)                                                                                                                 |--txt-int-6.txt -&gt; bool ------- using $&lt;read_str_from_txt&gt; =&gt; &lt;str_to_bool&gt;$
Parsing Plan created successfully

Executing Parsing Plan for [/home/travis/build/smarie/python-parsyfiles/parsyfiles/tests/parsing_capabilities_by_type/primitives_data/bool/err/txt-int-6]
(P) /home/travis/build/smarie/python-parsyfiles/parsyfiles/tests/parsing_capabilities_by_type/primitives_data/bool/err/txt-int-6.txt -&gt; bool ------- using $&lt;read_str_from_txt&gt; =&gt; &lt;str_to_bool&gt;$
  !! Caught error during execution !!
  File &quot;/home/travis/build/smarie/python-parsyfiles/parsyfiles/converting_core.py&quot;, line 524, in _convert
    return self.conversion_method(desired_type, source_obj, logger, **opts)
  File &quot;/home/travis/build/smarie/python-parsyfiles/parsyfiles/plugins_base/support_for_primitive_types.py&quot;, line 84, in primitive_to_bool
    return bool(strtobool(source))
  File &quot;/opt/python/3.5.5/lib/python3.5/distutils/util.py&quot;, line 317, in strtobool
    raise ValueError(&quot;invalid truth value %r&quot; % (val,))
  ParsingException : Error while parsing /home/travis/build/smarie/python-parsyfiles/parsyfiles/tests/parsing_capabilities_by_type/primitives_data/bool/err/txt-int-6 (singlefile, .txt) as a bool with parser &apos;$&lt;read_str_from_txt&gt; =&gt; &lt;str_to_bool&gt;$&apos; using options=({&apos;MultifileCollectionParser&apos;: {&apos;lazy_parsing&apos;: False}}) : caught 
  ValueError : invalid truth value &apos;6&apos;
Rebuilding local parsing plan with next candidate parser: $&lt;read_str_from_txt&gt; =&gt; &lt;base64_ascii_str_pickle_to_object&gt; -&gt; &lt;float_to_bool&gt;$
(B)                                                                                                                 |--txt-int-6.txt -&gt; bool ------- using $&lt;read_str_from_txt&gt; =&gt; &lt;base64_ascii_str_pickle_to_object&gt; -&gt; &lt;float_to_bool&gt;$
DONE Rebuilding local parsing plan for [/home/travis/build/smarie/python-parsyfiles/parsyfiles/tests/parsing_capabilities_by_type/primitives_data/bool/err/txt-int-6.txt]. Resuming parsing...
Executing Parsing Plan for [/home/travis/build/smarie/python-parsyfiles/parsyfiles/tests/parsing_capabilities_by_type/primitives_data/bool/err/txt-int-6]
(P) /home/travis/build/smarie/python-parsyfiles/parsyfiles/tests/parsing_capabilities_by_type/primitives_data/bool/err/txt-int-6.txt -&gt; bool ------- using $&lt;read_str_from_txt&gt; =&gt; &lt;base64_ascii_str_pickle_to_object&gt; -&gt; &lt;float_to_bool&gt;$
  !! Caught error during execution !!
  File &quot;/home/travis/build/smarie/python-parsyfiles/parsyfiles/converting_core.py&quot;, line 524, in _convert
    return self.conversion_method(desired_type, source_obj, logger, **opts)
  File &quot;/home/travis/build/smarie/python-parsyfiles/parsyfiles/plugins_base/support_for_objects.py&quot;, line 54, in base64_ascii_str_pickle_to_object
    return pickle.loads(base64.b64decode(b64_ascii_str), fix_imports=True, encoding=&quot;ASCII&quot;, errors=&quot;strict&quot;)
  File &quot;/home/travis/virtualenv/python3.5.5/lib/python3.5/base64.py&quot;, line 88, in b64decode
    return binascii.a2b_base64(s)
  ParsingException : Error while parsing /home/travis/build/smarie/python-parsyfiles/parsyfiles/tests/parsing_capabilities_by_type/primitives_data/bool/err/txt-int-6 (singlefile, .txt) as a bool with parser &apos;$&lt;read_str_from_txt&gt; =&gt; &lt;base64_ascii_str_pickle_to_object&gt; -&gt; &lt;float_to_bool&gt;$&apos; using options=({&apos;MultifileCollectionParser&apos;: {&apos;lazy_parsing&apos;: False}}) : caught 
  Error : Incorrect padding
Rebuilding local parsing plan with next candidate parser: $&lt;read_str_from_txt&gt; =&gt; &lt;base64_ascii_str_pickle_to_object&gt; -&gt; &lt;int_to_bool&gt;$
(B)                                                                                                                 |--txt-int-6.txt -&gt; bool ------- using $&lt;read_str_from_txt&gt; =&gt; &lt;base64_ascii_str_pickle_to_object&gt; -&gt; &lt;int_to_bool&gt;$
DONE Rebuilding local parsing plan for [/home/travis/build/smarie/python-parsyfiles/parsyfiles/tests/parsing_capabilities_by_type/primitives_data/bool/err/txt-int-6.txt]. Resuming parsing...
Executing Parsing Plan for [/home/travis/build/smarie/python-parsyfiles/parsyfiles/tests/parsing_capabilities_by_type/primitives_data/bool/err/txt-int-6]
(P) /home/travis/build/smarie/python-parsyfiles/parsyfiles/tests/parsing_capabilities_by_type/primitives_data/bool/err/txt-int-6.txt -&gt; bool ------- using $&lt;read_str_from_txt&gt; =&gt; &lt;base64_ascii_str_pickle_to_object&gt; -&gt; &lt;int_to_bool&gt;$
  !! Caught error during execution !!
  File &quot;/home/travis/build/smarie/python-parsyfiles/parsyfiles/converting_core.py&quot;, line 524, in _convert
    return self.conversion_method(desired_type, source_obj, logger, **opts)
  File &quot;/home/travis/build/smarie/python-parsyfiles/parsyfiles/plugins_base/support_for_objects.py&quot;, line 54, in base64_ascii_str_pickle_to_object
    return pickle.loads(base64.b64decode(b64_ascii_str), fix_imports=True, encoding=&quot;ASCII&quot;, errors=&quot;strict&quot;)
  File &quot;/home/travis/virtualenv/python3.5.5/lib/python3.5/base64.py&quot;, line 88, in b64decode
    return binascii.a2b_base64(s)
  ParsingException : Error while parsing /home/travis/build/smarie/python-parsyfiles/parsyfiles/tests/parsing_capabilities_by_type/primitives_data/bool/err/txt-int-6 (singlefile, .txt) as a bool with parser &apos;$&lt;read_str_from_txt&gt; =&gt; &lt;base64_ascii_str_pickle_to_object&gt; -&gt; &lt;int_to_bool&gt;$&apos; using options=({&apos;MultifileCollectionParser&apos;: {&apos;lazy_parsing&apos;: False}}) : caught 
  Error : Incorrect padding
Rebuilding local parsing plan with next candidate parser: $&lt;read_str_from_txt&gt; =&gt; &lt;base64_ascii_str_pickle_to_object&gt; -&gt; &lt;str_to_bool&gt;$
(B)                                                                                                                 |--txt-int-6.txt -&gt; bool ------- using $&lt;read_str_from_txt&gt; =&gt; &lt;base64_ascii_str_pickle_to_object&gt; -&gt; &lt;str_to_bool&gt;$
DONE Rebuilding local parsing plan for [/home/travis/build/smarie/python-parsyfiles/parsyfiles/tests/parsing_capabilities_by_type/primitives_data/bool/err/txt-int-6.txt]. Resuming parsing...
Executing Parsing Plan for [/home/travis/build/smarie/python-parsyfiles/parsyfiles/tests/parsing_capabilities_by_type/primitives_data/bool/err/txt-int-6]
(P) /home/travis/build/smarie/python-parsyfiles/parsyfiles/tests/parsing_capabilities_by_type/primitives_data/bool/err/txt-int-6.txt -&gt; bool ------- using $&lt;read_str_from_txt&gt; =&gt; &lt;base64_ascii_str_pickle_to_object&gt; -&gt; &lt;str_to_bool&gt;$
  !! Caught error during execution !!
  File &quot;/home/travis/build/smarie/python-parsyfiles/parsyfiles/converting_core.py&quot;, line 524, in _convert
    return self.conversion_method(desired_type, source_obj, logger, **opts)
  File &quot;/home/travis/build/smarie/python-parsyfiles/parsyfiles/plugins_base/support_for_objects.py&quot;, line 54, in base64_ascii_str_pickle_to_object
    return pickle.loads(base64.b64decode(b64_ascii_str), fix_imports=True, encoding=&quot;ASCII&quot;, errors=&quot;strict&quot;)
  File &quot;/home/travis/virtualenv/python3.5.5/lib/python3.5/base64.py&quot;, line 88, in b64decode
    return binascii.a2b_base64(s)
  ParsingException : Error while parsing /home/travis/build/smarie/python-parsyfiles/parsyfiles/tests/parsing_capabilities_by_type/primitives_data/bool/err/txt-int-6 (singlefile, .txt) as a bool with parser &apos;$&lt;read_str_from_txt&gt; =&gt; &lt;base64_ascii_str_pickle_to_object&gt; -&gt; &lt;str_to_bool&gt;$&apos; using options=({&apos;MultifileCollectionParser&apos;: {&apos;lazy_parsing&apos;: False}}) : caught 
  Error : Incorrect padding
Rebuilding local parsing plan with next candidate parser: $&lt;read_str_from_txt&gt; =&gt; &lt;base64_ascii_str_pickle_to_object&gt;$
(B)                                                                                                                 |--txt-int-6.txt -&gt; bool ------- using $&lt;read_str_from_txt&gt; =&gt; &lt;base64_ascii_str_pickle_to_object&gt;$
DONE Rebuilding local parsing plan for [/home/travis/build/smarie/python-parsyfiles/parsyfiles/tests/parsing_capabilities_by_type/primitives_data/bool/err/txt-int-6.txt]. Resuming parsing...
Executing Parsing Plan for [/home/travis/build/smarie/python-parsyfiles/parsyfiles/tests/parsing_capabilities_by_type/primitives_data/bool/err/txt-int-6]
(P) /home/travis/build/smarie/python-parsyfiles/parsyfiles/tests/parsing_capabilities_by_type/primitives_data/bool/err/txt-int-6.txt -&gt; bool ------- using $&lt;read_str_from_txt&gt; =&gt; &lt;base64_ascii_str_pickle_to_object&gt;$
  !! Caught error during execution !!
  File &quot;/home/travis/build/smarie/python-parsyfiles/parsyfiles/converting_core.py&quot;, line 524, in _convert
    return self.conversion_method(desired_type, source_obj, logger, **opts)
  File &quot;/home/travis/build/smarie/python-parsyfiles/parsyfiles/plugins_base/support_for_objects.py&quot;, line 54, in base64_ascii_str_pickle_to_object
    return pickle.loads(base64.b64decode(b64_ascii_str), fix_imports=True, encoding=&quot;ASCII&quot;, errors=&quot;strict&quot;)
  File &quot;/home/travis/virtualenv/python3.5.5/lib/python3.5/base64.py&quot;, line 88, in b64decode
    return binascii.a2b_base64(s)
  ParsingException : Error while parsing /home/travis/build/smarie/python-parsyfiles/parsyfiles/tests/parsing_capabilities_by_type/primitives_data/bool/err/txt-int-6 (singlefile, .txt) as a bool with parser &apos;$&lt;read_str_from_txt&gt; =&gt; &lt;base64_ascii_str_pickle_to_object&gt;$&apos; using options=({&apos;MultifileCollectionParser&apos;: {&apos;lazy_parsing&apos;: False}}) : caught 
  Error : Incorrect padding
</system-out></testcase><testcase classname="parsyfiles.tests.parsing_capabilities_by_type.test_parse_primitives" file="parsyfiles/tests/parsing_capabilities_by_type/test_parse_primitives.py" line="179" name="test_parse_by_type[bool-err-b64pickle-float-0.1.txt]" time="0.043927669525146484"><system-out>**** Starting to parse single object of type &lt;bool&gt; at location /home/travis/build/smarie/python-parsyfiles/parsyfiles/tests/parsing_capabilities_by_type/primitives_data/bool/err/b64pickle-float-0.1 ****
Checking all files under [/home/travis/build/smarie/python-parsyfiles/parsyfiles/tests/parsing_capabilities_by_type/primitives_data/bool/err/b64pickle-float-0.1]
(C) /home/travis/build/smarie/python-parsyfiles/parsyfiles/tests/parsing_capabilities_by_type/primitives_data/bool/err/b64pickle-float-0.1 (singlefile, .txt)
File checks done

Building a parsing plan to parse [/home/travis/build/smarie/python-parsyfiles/parsyfiles/tests/parsing_capabilities_by_type/primitives_data/bool/err/b64pickle-float-0.1] into a bool
(B) /home/travis/build/smarie/python-parsyfiles/parsyfiles/tests/parsing_capabilities_by_type/primitives_data/bool/err/b64pickle-float-0.1.txt -&gt; bool ------- using [Try &apos;$&lt;read_str_from_txt&gt; =&gt; &lt;str_to_bool&gt;$&apos; then &apos;$&lt;read_str_from_txt&gt; =&gt; &lt;base64_ascii_str_pickle_to_object&gt; -&gt; &lt;float_to_bool&gt;$&apos; then &apos;$&lt;read_str_from_txt&gt; =&gt; &lt;base64_ascii_str_pickle_to_object&gt; -&gt; &lt;int_to_bool&gt;$&apos; then &apos;$&lt;read_str_from_txt&gt; =&gt; &lt;base64_ascii_str_pickle_to_object&gt; -&gt; &lt;str_to_bool&gt;$&apos; then &apos;$&lt;read_str_from_txt&gt; =&gt; &lt;base64_ascii_str_pickle_to_object&gt;$]&apos;]
(B)                                                                                                                 |--b64pickle-float-0.1.txt -&gt; bool ------- using $&lt;read_str_from_txt&gt; =&gt; &lt;str_to_bool&gt;$
Parsing Plan created successfully

Executing Parsing Plan for [/home/travis/build/smarie/python-parsyfiles/parsyfiles/tests/parsing_capabilities_by_type/primitives_data/bool/err/b64pickle-float-0.1]
(P) /home/travis/build/smarie/python-parsyfiles/parsyfiles/tests/parsing_capabilities_by_type/primitives_data/bool/err/b64pickle-float-0.1.txt -&gt; bool ------- using $&lt;read_str_from_txt&gt; =&gt; &lt;str_to_bool&gt;$
  !! Caught error during execution !!
  File &quot;/home/travis/build/smarie/python-parsyfiles/parsyfiles/converting_core.py&quot;, line 524, in _convert
    return self.conversion_method(desired_type, source_obj, logger, **opts)
  File &quot;/home/travis/build/smarie/python-parsyfiles/parsyfiles/plugins_base/support_for_primitive_types.py&quot;, line 84, in primitive_to_bool
    return bool(strtobool(source))
  File &quot;/opt/python/3.5.5/lib/python3.5/distutils/util.py&quot;, line 317, in strtobool
    raise ValueError(&quot;invalid truth value %r&quot; % (val,))
  ParsingException : Error while parsing /home/travis/build/smarie/python-parsyfiles/parsyfiles/tests/parsing_capabilities_by_type/primitives_data/bool/err/b64pickle-float-0.1 (singlefile, .txt) as a bool with parser &apos;$&lt;read_str_from_txt&gt; =&gt; &lt;str_to_bool&gt;$&apos; using options=({&apos;MultifileCollectionParser&apos;: {&apos;lazy_parsing&apos;: False}}) : caught 
  ValueError : invalid truth value &apos;ganhp7mzmzmzmzou&apos;
Rebuilding local parsing plan with next candidate parser: $&lt;read_str_from_txt&gt; =&gt; &lt;base64_ascii_str_pickle_to_object&gt; -&gt; &lt;float_to_bool&gt;$
(B)                                                                                                                 |--b64pickle-float-0.1.txt -&gt; bool ------- using $&lt;read_str_from_txt&gt; =&gt; &lt;base64_ascii_str_pickle_to_object&gt; -&gt; &lt;float_to_bool&gt;$
DONE Rebuilding local parsing plan for [/home/travis/build/smarie/python-parsyfiles/parsyfiles/tests/parsing_capabilities_by_type/primitives_data/bool/err/b64pickle-float-0.1.txt]. Resuming parsing...
Executing Parsing Plan for [/home/travis/build/smarie/python-parsyfiles/parsyfiles/tests/parsing_capabilities_by_type/primitives_data/bool/err/b64pickle-float-0.1]
(P) /home/travis/build/smarie/python-parsyfiles/parsyfiles/tests/parsing_capabilities_by_type/primitives_data/bool/err/b64pickle-float-0.1.txt -&gt; bool ------- using $&lt;read_str_from_txt&gt; =&gt; &lt;base64_ascii_str_pickle_to_object&gt; -&gt; &lt;float_to_bool&gt;$
  !! Caught error during execution !!
  File &quot;/home/travis/build/smarie/python-parsyfiles/parsyfiles/converting_core.py&quot;, line 319, in convert
    return self._convert(desired_type, source_obj, logger, options)
  File &quot;/home/travis/build/smarie/python-parsyfiles/parsyfiles/converting_core.py&quot;, line 524, in _convert
    return self.conversion_method(desired_type, source_obj, logger, **opts)
  File &quot;/home/travis/build/smarie/python-parsyfiles/parsyfiles/plugins_base/support_for_primitive_types.py&quot;, line 91, in primitive_to_bool
    raise ValueError(&apos;Cannot convert to bool : source is a number but is not 1 nor 0 : \&apos;&apos; + str(source) + &apos;\&apos;&apos;)
  ParsingException : Error while parsing /home/travis/build/smarie/python-parsyfiles/parsyfiles/tests/parsing_capabilities_by_type/primitives_data/bool/err/b64pickle-float-0.1 (singlefile, .txt) as a bool with parser &apos;$&lt;read_str_from_txt&gt; =&gt; &lt;base64_ascii_str_pickle_to_object&gt; -&gt; &lt;float_to_bool&gt;$&apos; using options=({&apos;MultifileCollectionParser&apos;: {&apos;lazy_parsing&apos;: False}}) : caught 
  ValueError : Cannot convert to bool : source is a number but is not 1 nor 0 : &apos;0.1&apos;
Rebuilding local parsing plan with next candidate parser: $&lt;read_str_from_txt&gt; =&gt; &lt;base64_ascii_str_pickle_to_object&gt; -&gt; &lt;int_to_bool&gt;$
(B)                                                                                                                 |--b64pickle-float-0.1.txt -&gt; bool ------- using $&lt;read_str_from_txt&gt; =&gt; &lt;base64_ascii_str_pickle_to_object&gt; -&gt; &lt;int_to_bool&gt;$
DONE Rebuilding local parsing plan for [/home/travis/build/smarie/python-parsyfiles/parsyfiles/tests/parsing_capabilities_by_type/primitives_data/bool/err/b64pickle-float-0.1.txt]. Resuming parsing...
Executing Parsing Plan for [/home/travis/build/smarie/python-parsyfiles/parsyfiles/tests/parsing_capabilities_by_type/primitives_data/bool/err/b64pickle-float-0.1]
(P) /home/travis/build/smarie/python-parsyfiles/parsyfiles/tests/parsing_capabilities_by_type/primitives_data/bool/err/b64pickle-float-0.1.txt -&gt; bool ------- using $&lt;read_str_from_txt&gt; =&gt; &lt;base64_ascii_str_pickle_to_object&gt; -&gt; &lt;int_to_bool&gt;$
  !! Caught error during execution !!
  File &quot;/home/travis/build/smarie/python-parsyfiles/parsyfiles/converting_core.py&quot;, line 319, in convert
    return self._convert(desired_type, source_obj, logger, options)
  File &quot;/home/travis/build/smarie/python-parsyfiles/parsyfiles/converting_core.py&quot;, line 770, in _convert
    return self._converters_list[-1].convert(desired_type, obj, logger, options)
  File &quot;/home/travis/build/smarie/python-parsyfiles/parsyfiles/converting_core.py&quot;, line 321, in convert
    raise ConversionException.create_not_able_to_convert(source_obj, self, desired_type)
  ParsingException : Error while parsing /home/travis/build/smarie/python-parsyfiles/parsyfiles/tests/parsing_capabilities_by_type/primitives_data/bool/err/b64pickle-float-0.1 (singlefile, .txt) as a bool with parser &apos;$&lt;read_str_from_txt&gt; =&gt; &lt;base64_ascii_str_pickle_to_object&gt; -&gt; &lt;int_to_bool&gt;$&apos; using options=({&apos;MultifileCollectionParser&apos;: {&apos;lazy_parsing&apos;: False}}) : caught 
  ConversionException : Converter &lt;int_to_bool&gt; is not able to ingest source value &apos;0.1&apos; of type &apos;float&apos; and/or convert it to type &apos;bool&apos;. This can happen in a chain when the previous step in the chain is generic and actually produced  an output of the wrong type/content
Rebuilding local parsing plan with next candidate parser: $&lt;read_str_from_txt&gt; =&gt; &lt;base64_ascii_str_pickle_to_object&gt; -&gt; &lt;str_to_bool&gt;$
(B)                                                                                                                 |--b64pickle-float-0.1.txt -&gt; bool ------- using $&lt;read_str_from_txt&gt; =&gt; &lt;base64_ascii_str_pickle_to_object&gt; -&gt; &lt;str_to_bool&gt;$
DONE Rebuilding local parsing plan for [/home/travis/build/smarie/python-parsyfiles/parsyfiles/tests/parsing_capabilities_by_type/primitives_data/bool/err/b64pickle-float-0.1.txt]. Resuming parsing...
Executing Parsing Plan for [/home/travis/build/smarie/python-parsyfiles/parsyfiles/tests/parsing_capabilities_by_type/primitives_data/bool/err/b64pickle-float-0.1]
(P) /home/travis/build/smarie/python-parsyfiles/parsyfiles/tests/parsing_capabilities_by_type/primitives_data/bool/err/b64pickle-float-0.1.txt -&gt; bool ------- using $&lt;read_str_from_txt&gt; =&gt; &lt;base64_ascii_str_pickle_to_object&gt; -&gt; &lt;str_to_bool&gt;$
  !! Caught error during execution !!
  File &quot;/home/travis/build/smarie/python-parsyfiles/parsyfiles/converting_core.py&quot;, line 319, in convert
    return self._convert(desired_type, source_obj, logger, options)
  File &quot;/home/travis/build/smarie/python-parsyfiles/parsyfiles/converting_core.py&quot;, line 770, in _convert
    return self._converters_list[-1].convert(desired_type, obj, logger, options)
  File &quot;/home/travis/build/smarie/python-parsyfiles/parsyfiles/converting_core.py&quot;, line 321, in convert
    raise ConversionException.create_not_able_to_convert(source_obj, self, desired_type)
  ParsingException : Error while parsing /home/travis/build/smarie/python-parsyfiles/parsyfiles/tests/parsing_capabilities_by_type/primitives_data/bool/err/b64pickle-float-0.1 (singlefile, .txt) as a bool with parser &apos;$&lt;read_str_from_txt&gt; =&gt; &lt;base64_ascii_str_pickle_to_object&gt; -&gt; &lt;str_to_bool&gt;$&apos; using options=({&apos;MultifileCollectionParser&apos;: {&apos;lazy_parsing&apos;: False}}) : caught 
  ConversionException : Converter &lt;str_to_bool&gt; is not able to ingest source value &apos;0.1&apos; of type &apos;float&apos; and/or convert it to type &apos;bool&apos;. This can happen in a chain when the previous step in the chain is generic and actually produced  an output of the wrong type/content
Rebuilding local parsing plan with next candidate parser: $&lt;read_str_from_txt&gt; =&gt; &lt;base64_ascii_str_pickle_to_object&gt;$
(B)                                                                                                                 |--b64pickle-float-0.1.txt -&gt; bool ------- using $&lt;read_str_from_txt&gt; =&gt; &lt;base64_ascii_str_pickle_to_object&gt;$
DONE Rebuilding local parsing plan for [/home/travis/build/smarie/python-parsyfiles/parsyfiles/tests/parsing_capabilities_by_type/primitives_data/bool/err/b64pickle-float-0.1.txt]. Resuming parsing...
Executing Parsing Plan for [/home/travis/build/smarie/python-parsyfiles/parsyfiles/tests/parsing_capabilities_by_type/primitives_data/bool/err/b64pickle-float-0.1]
(P) /home/travis/build/smarie/python-parsyfiles/parsyfiles/tests/parsing_capabilities_by_type/primitives_data/bool/err/b64pickle-float-0.1.txt -&gt; bool ------- using $&lt;read_str_from_txt&gt; =&gt; &lt;base64_ascii_str_pickle_to_object&gt;$
  !! Caught error during execution !!
  File &quot;/home/travis/build/smarie/python-parsyfiles/parsyfiles/parsing_combining_parsers.py&quot;, line 31, in execute
    return self.pp.execute(logger, options)
  File &quot;/home/travis/build/smarie/python-parsyfiles/parsyfiles/parsing_core.py&quot;, line 139, in execute
    res = super(_BaseParsingPlan, self).execute(logger, options)
  File &quot;/home/travis/build/smarie/python-parsyfiles/parsyfiles/parsing_core_api.py&quot;, line 427, in execute
    res, options)
  ParsingException : Error while parsing /home/travis/build/smarie/python-parsyfiles/parsyfiles/tests/parsing_capabilities_by_type/primitives_data/bool/err/b64pickle-float-0.1 (singlefile, .txt) as a &lt;class &apos;bool&apos;&gt; with parser &apos;$&lt;read_str_from_txt&gt; =&gt; &lt;base64_ascii_str_pickle_to_object&gt;$&apos; using options=({&apos;MultifileCollectionParser&apos;: {&apos;lazy_parsing&apos;: False}}) : 
      parser returned 0.1 of type &lt;class &apos;float&apos;&gt; which is not an instance of &lt;class &apos;bool&apos;&gt;
</system-out></testcase><testcase classname="parsyfiles.tests.parsing_capabilities_by_type.test_parse_primitives" file="parsyfiles/tests/parsing_capabilities_by_type/test_parse_primitives.py" line="179" name="test_parse_by_type[bool-err-b64pickle-float--1.0.txt]" time="0.04068279266357422"><system-out>**** Starting to parse single object of type &lt;bool&gt; at location /home/travis/build/smarie/python-parsyfiles/parsyfiles/tests/parsing_capabilities_by_type/primitives_data/bool/err/b64pickle-float--1.0 ****
Checking all files under [/home/travis/build/smarie/python-parsyfiles/parsyfiles/tests/parsing_capabilities_by_type/primitives_data/bool/err/b64pickle-float--1.0]
(C) /home/travis/build/smarie/python-parsyfiles/parsyfiles/tests/parsing_capabilities_by_type/primitives_data/bool/err/b64pickle-float--1.0 (singlefile, .txt)
File checks done

Building a parsing plan to parse [/home/travis/build/smarie/python-parsyfiles/parsyfiles/tests/parsing_capabilities_by_type/primitives_data/bool/err/b64pickle-float--1.0] into a bool
(B) /home/travis/build/smarie/python-parsyfiles/parsyfiles/tests/parsing_capabilities_by_type/primitives_data/bool/err/b64pickle-float--1.0.txt -&gt; bool ------- using [Try &apos;$&lt;read_str_from_txt&gt; =&gt; &lt;str_to_bool&gt;$&apos; then &apos;$&lt;read_str_from_txt&gt; =&gt; &lt;base64_ascii_str_pickle_to_object&gt; -&gt; &lt;float_to_bool&gt;$&apos; then &apos;$&lt;read_str_from_txt&gt; =&gt; &lt;base64_ascii_str_pickle_to_object&gt; -&gt; &lt;int_to_bool&gt;$&apos; then &apos;$&lt;read_str_from_txt&gt; =&gt; &lt;base64_ascii_str_pickle_to_object&gt; -&gt; &lt;str_to_bool&gt;$&apos; then &apos;$&lt;read_str_from_txt&gt; =&gt; &lt;base64_ascii_str_pickle_to_object&gt;$]&apos;]
(B)                                                                                                                 |--b64pickle-float--1.0.txt -&gt; bool ------- using $&lt;read_str_from_txt&gt; =&gt; &lt;str_to_bool&gt;$
Parsing Plan created successfully

Executing Parsing Plan for [/home/travis/build/smarie/python-parsyfiles/parsyfiles/tests/parsing_capabilities_by_type/primitives_data/bool/err/b64pickle-float--1.0]
(P) /home/travis/build/smarie/python-parsyfiles/parsyfiles/tests/parsing_capabilities_by_type/primitives_data/bool/err/b64pickle-float--1.0.txt -&gt; bool ------- using $&lt;read_str_from_txt&gt; =&gt; &lt;str_to_bool&gt;$
  !! Caught error during execution !!
  File &quot;/home/travis/build/smarie/python-parsyfiles/parsyfiles/converting_core.py&quot;, line 524, in _convert
    return self.conversion_method(desired_type, source_obj, logger, **opts)
  File &quot;/home/travis/build/smarie/python-parsyfiles/parsyfiles/plugins_base/support_for_primitive_types.py&quot;, line 84, in primitive_to_bool
    return bool(strtobool(source))
  File &quot;/opt/python/3.5.5/lib/python3.5/distutils/util.py&quot;, line 317, in strtobool
    raise ValueError(&quot;invalid truth value %r&quot; % (val,))
  ParsingException : Error while parsing /home/travis/build/smarie/python-parsyfiles/parsyfiles/tests/parsing_capabilities_by_type/primitives_data/bool/err/b64pickle-float--1.0 (singlefile, .txt) as a bool with parser &apos;$&lt;read_str_from_txt&gt; =&gt; &lt;str_to_bool&gt;$&apos; using options=({&apos;MultifileCollectionParser&apos;: {&apos;lazy_parsing&apos;: False}}) : caught 
  ValueError : invalid truth value &apos;ganhv/aaaaaaaaau&apos;
Rebuilding local parsing plan with next candidate parser: $&lt;read_str_from_txt&gt; =&gt; &lt;base64_ascii_str_pickle_to_object&gt; -&gt; &lt;float_to_bool&gt;$
(B)                                                                                                                 |--b64pickle-float--1.0.txt -&gt; bool ------- using $&lt;read_str_from_txt&gt; =&gt; &lt;base64_ascii_str_pickle_to_object&gt; -&gt; &lt;float_to_bool&gt;$
DONE Rebuilding local parsing plan for [/home/travis/build/smarie/python-parsyfiles/parsyfiles/tests/parsing_capabilities_by_type/primitives_data/bool/err/b64pickle-float--1.0.txt]. Resuming parsing...
Executing Parsing Plan for [/home/travis/build/smarie/python-parsyfiles/parsyfiles/tests/parsing_capabilities_by_type/primitives_data/bool/err/b64pickle-float--1.0]
(P) /home/travis/build/smarie/python-parsyfiles/parsyfiles/tests/parsing_capabilities_by_type/primitives_data/bool/err/b64pickle-float--1.0.txt -&gt; bool ------- using $&lt;read_str_from_txt&gt; =&gt; &lt;base64_ascii_str_pickle_to_object&gt; -&gt; &lt;float_to_bool&gt;$
  !! Caught error during execution !!
  File &quot;/home/travis/build/smarie/python-parsyfiles/parsyfiles/converting_core.py&quot;, line 319, in convert
    return self._convert(desired_type, source_obj, logger, options)
  File &quot;/home/travis/build/smarie/python-parsyfiles/parsyfiles/converting_core.py&quot;, line 524, in _convert
    return self.conversion_method(desired_type, source_obj, logger, **opts)
  File &quot;/home/travis/build/smarie/python-parsyfiles/parsyfiles/plugins_base/support_for_primitive_types.py&quot;, line 91, in primitive_to_bool
    raise ValueError(&apos;Cannot convert to bool : source is a number but is not 1 nor 0 : \&apos;&apos; + str(source) + &apos;\&apos;&apos;)
  ParsingException : Error while parsing /home/travis/build/smarie/python-parsyfiles/parsyfiles/tests/parsing_capabilities_by_type/primitives_data/bool/err/b64pickle-float--1.0 (singlefile, .txt) as a bool with parser &apos;$&lt;read_str_from_txt&gt; =&gt; &lt;base64_ascii_str_pickle_to_object&gt; -&gt; &lt;float_to_bool&gt;$&apos; using options=({&apos;MultifileCollectionParser&apos;: {&apos;lazy_parsing&apos;: False}}) : caught 
  ValueError : Cannot convert to bool : source is a number but is not 1 nor 0 : &apos;-1.0&apos;
Rebuilding local parsing plan with next candidate parser: $&lt;read_str_from_txt&gt; =&gt; &lt;base64_ascii_str_pickle_to_object&gt; -&gt; &lt;int_to_bool&gt;$
(B)                                                                                                                 |--b64pickle-float--1.0.txt -&gt; bool ------- using $&lt;read_str_from_txt&gt; =&gt; &lt;base64_ascii_str_pickle_to_object&gt; -&gt; &lt;int_to_bool&gt;$
DONE Rebuilding local parsing plan for [/home/travis/build/smarie/python-parsyfiles/parsyfiles/tests/parsing_capabilities_by_type/primitives_data/bool/err/b64pickle-float--1.0.txt]. Resuming parsing...
Executing Parsing Plan for [/home/travis/build/smarie/python-parsyfiles/parsyfiles/tests/parsing_capabilities_by_type/primitives_data/bool/err/b64pickle-float--1.0]
(P) /home/travis/build/smarie/python-parsyfiles/parsyfiles/tests/parsing_capabilities_by_type/primitives_data/bool/err/b64pickle-float--1.0.txt -&gt; bool ------- using $&lt;read_str_from_txt&gt; =&gt; &lt;base64_ascii_str_pickle_to_object&gt; -&gt; &lt;int_to_bool&gt;$
  !! Caught error during execution !!
  File &quot;/home/travis/build/smarie/python-parsyfiles/parsyfiles/converting_core.py&quot;, line 319, in convert
    return self._convert(desired_type, source_obj, logger, options)
  File &quot;/home/travis/build/smarie/python-parsyfiles/parsyfiles/converting_core.py&quot;, line 770, in _convert
    return self._converters_list[-1].convert(desired_type, obj, logger, options)
  File &quot;/home/travis/build/smarie/python-parsyfiles/parsyfiles/converting_core.py&quot;, line 321, in convert
    raise ConversionException.create_not_able_to_convert(source_obj, self, desired_type)
  ParsingException : Error while parsing /home/travis/build/smarie/python-parsyfiles/parsyfiles/tests/parsing_capabilities_by_type/primitives_data/bool/err/b64pickle-float--1.0 (singlefile, .txt) as a bool with parser &apos;$&lt;read_str_from_txt&gt; =&gt; &lt;base64_ascii_str_pickle_to_object&gt; -&gt; &lt;int_to_bool&gt;$&apos; using options=({&apos;MultifileCollectionParser&apos;: {&apos;lazy_parsing&apos;: False}}) : caught 
  ConversionException : Converter &lt;int_to_bool&gt; is not able to ingest source value &apos;-1.0&apos; of type &apos;float&apos; and/or convert it to type &apos;bool&apos;. This can happen in a chain when the previous step in the chain is generic and actually produced  an output of the wrong type/content
Rebuilding local parsing plan with next candidate parser: $&lt;read_str_from_txt&gt; =&gt; &lt;base64_ascii_str_pickle_to_object&gt; -&gt; &lt;str_to_bool&gt;$
(B)                                                                                                                 |--b64pickle-float--1.0.txt -&gt; bool ------- using $&lt;read_str_from_txt&gt; =&gt; &lt;base64_ascii_str_pickle_to_object&gt; -&gt; &lt;str_to_bool&gt;$
DONE Rebuilding local parsing plan for [/home/travis/build/smarie/python-parsyfiles/parsyfiles/tests/parsing_capabilities_by_type/primitives_data/bool/err/b64pickle-float--1.0.txt]. Resuming parsing...
Executing Parsing Plan for [/home/travis/build/smarie/python-parsyfiles/parsyfiles/tests/parsing_capabilities_by_type/primitives_data/bool/err/b64pickle-float--1.0]
(P) /home/travis/build/smarie/python-parsyfiles/parsyfiles/tests/parsing_capabilities_by_type/primitives_data/bool/err/b64pickle-float--1.0.txt -&gt; bool ------- using $&lt;read_str_from_txt&gt; =&gt; &lt;base64_ascii_str_pickle_to_object&gt; -&gt; &lt;str_to_bool&gt;$
  !! Caught error during execution !!
  File &quot;/home/travis/build/smarie/python-parsyfiles/parsyfiles/converting_core.py&quot;, line 319, in convert
    return self._convert(desired_type, source_obj, logger, options)
  File &quot;/home/travis/build/smarie/python-parsyfiles/parsyfiles/converting_core.py&quot;, line 770, in _convert
    return self._converters_list[-1].convert(desired_type, obj, logger, options)
  File &quot;/home/travis/build/smarie/python-parsyfiles/parsyfiles/converting_core.py&quot;, line 321, in convert
    raise ConversionException.create_not_able_to_convert(source_obj, self, desired_type)
  ParsingException : Error while parsing /home/travis/build/smarie/python-parsyfiles/parsyfiles/tests/parsing_capabilities_by_type/primitives_data/bool/err/b64pickle-float--1.0 (singlefile, .txt) as a bool with parser &apos;$&lt;read_str_from_txt&gt; =&gt; &lt;base64_ascii_str_pickle_to_object&gt; -&gt; &lt;str_to_bool&gt;$&apos; using options=({&apos;MultifileCollectionParser&apos;: {&apos;lazy_parsing&apos;: False}}) : caught 
  ConversionException : Converter &lt;str_to_bool&gt; is not able to ingest source value &apos;-1.0&apos; of type &apos;float&apos; and/or convert it to type &apos;bool&apos;. This can happen in a chain when the previous step in the chain is generic and actually produced  an output of the wrong type/content
Rebuilding local parsing plan with next candidate parser: $&lt;read_str_from_txt&gt; =&gt; &lt;base64_ascii_str_pickle_to_object&gt;$
(B)                                                                                                                 |--b64pickle-float--1.0.txt -&gt; bool ------- using $&lt;read_str_from_txt&gt; =&gt; &lt;base64_ascii_str_pickle_to_object&gt;$
DONE Rebuilding local parsing plan for [/home/travis/build/smarie/python-parsyfiles/parsyfiles/tests/parsing_capabilities_by_type/primitives_data/bool/err/b64pickle-float--1.0.txt]. Resuming parsing...
Executing Parsing Plan for [/home/travis/build/smarie/python-parsyfiles/parsyfiles/tests/parsing_capabilities_by_type/primitives_data/bool/err/b64pickle-float--1.0]
(P) /home/travis/build/smarie/python-parsyfiles/parsyfiles/tests/parsing_capabilities_by_type/primitives_data/bool/err/b64pickle-float--1.0.txt -&gt; bool ------- using $&lt;read_str_from_txt&gt; =&gt; &lt;base64_ascii_str_pickle_to_object&gt;$
  !! Caught error during execution !!
  File &quot;/home/travis/build/smarie/python-parsyfiles/parsyfiles/parsing_combining_parsers.py&quot;, line 31, in execute
    return self.pp.execute(logger, options)
  File &quot;/home/travis/build/smarie/python-parsyfiles/parsyfiles/parsing_core.py&quot;, line 139, in execute
    res = super(_BaseParsingPlan, self).execute(logger, options)
  File &quot;/home/travis/build/smarie/python-parsyfiles/parsyfiles/parsing_core_api.py&quot;, line 427, in execute
    res, options)
  ParsingException : Error while parsing /home/travis/build/smarie/python-parsyfiles/parsyfiles/tests/parsing_capabilities_by_type/primitives_data/bool/err/b64pickle-float--1.0 (singlefile, .txt) as a &lt;class &apos;bool&apos;&gt; with parser &apos;$&lt;read_str_from_txt&gt; =&gt; &lt;base64_ascii_str_pickle_to_object&gt;$&apos; using options=({&apos;MultifileCollectionParser&apos;: {&apos;lazy_parsing&apos;: False}}) : 
      parser returned -1.0 of type &lt;class &apos;float&apos;&gt; which is not an instance of &lt;class &apos;bool&apos;&gt;
</system-out></testcase><testcase classname="parsyfiles.tests.parsing_capabilities_by_type.test_parse_primitives" file="parsyfiles/tests/parsing_capabilities_by_type/test_parse_primitives.py" line="179" name="test_parse_by_type[bool-err-pickle-float-0.1.pyc]" time="0.03991532325744629"><system-out>**** Starting to parse single object of type &lt;bool&gt; at location /home/travis/build/smarie/python-parsyfiles/parsyfiles/tests/parsing_capabilities_by_type/primitives_data/bool/err/pickle-float-0.1 ****
Checking all files under [/home/travis/build/smarie/python-parsyfiles/parsyfiles/tests/parsing_capabilities_by_type/primitives_data/bool/err/pickle-float-0.1]
(C) /home/travis/build/smarie/python-parsyfiles/parsyfiles/tests/parsing_capabilities_by_type/primitives_data/bool/err/pickle-float-0.1 (singlefile, .pyc)
File checks done

Building a parsing plan to parse [/home/travis/build/smarie/python-parsyfiles/parsyfiles/tests/parsing_capabilities_by_type/primitives_data/bool/err/pickle-float-0.1] into a bool
(B) /home/travis/build/smarie/python-parsyfiles/parsyfiles/tests/parsing_capabilities_by_type/primitives_data/bool/err/pickle-float-0.1.pyc -&gt; bool ------- using [Try &apos;$&lt;read_object_from_pickle&gt; =&gt; &lt;float_to_bool&gt;$&apos; then &apos;$&lt;read_object_from_pickle&gt; =&gt; &lt;int_to_bool&gt;$&apos; then &apos;$&lt;read_object_from_pickle&gt; =&gt; &lt;str_to_bool&gt;$&apos; then &apos;&lt;read_object_from_pickle&gt;]&apos;]
(B)                                                                                                                 |--pickle-float-0.1.pyc -&gt; bool ------- using $&lt;read_object_from_pickle&gt; =&gt; &lt;float_to_bool&gt;$
Parsing Plan created successfully

Executing Parsing Plan for [/home/travis/build/smarie/python-parsyfiles/parsyfiles/tests/parsing_capabilities_by_type/primitives_data/bool/err/pickle-float-0.1]
(P) /home/travis/build/smarie/python-parsyfiles/parsyfiles/tests/parsing_capabilities_by_type/primitives_data/bool/err/pickle-float-0.1.pyc -&gt; bool ------- using $&lt;read_object_from_pickle&gt; =&gt; &lt;float_to_bool&gt;$
  !! Caught error during execution !!
  File &quot;/home/travis/build/smarie/python-parsyfiles/parsyfiles/converting_core.py&quot;, line 319, in convert
    return self._convert(desired_type, source_obj, logger, options)
  File &quot;/home/travis/build/smarie/python-parsyfiles/parsyfiles/converting_core.py&quot;, line 524, in _convert
    return self.conversion_method(desired_type, source_obj, logger, **opts)
  File &quot;/home/travis/build/smarie/python-parsyfiles/parsyfiles/plugins_base/support_for_primitive_types.py&quot;, line 91, in primitive_to_bool
    raise ValueError(&apos;Cannot convert to bool : source is a number but is not 1 nor 0 : \&apos;&apos; + str(source) + &apos;\&apos;&apos;)
  ParsingException : Error while parsing /home/travis/build/smarie/python-parsyfiles/parsyfiles/tests/parsing_capabilities_by_type/primitives_data/bool/err/pickle-float-0.1 (singlefile, .pyc) as a bool with parser &apos;$&lt;read_object_from_pickle&gt; =&gt; &lt;float_to_bool&gt;$&apos; using options=({&apos;MultifileCollectionParser&apos;: {&apos;lazy_parsing&apos;: False}}) : caught 
  ValueError : Cannot convert to bool : source is a number but is not 1 nor 0 : &apos;0.1&apos;
Rebuilding local parsing plan with next candidate parser: $&lt;read_object_from_pickle&gt; =&gt; &lt;int_to_bool&gt;$
(B)                                                                                                                 |--pickle-float-0.1.pyc -&gt; bool ------- using $&lt;read_object_from_pickle&gt; =&gt; &lt;int_to_bool&gt;$
DONE Rebuilding local parsing plan for [/home/travis/build/smarie/python-parsyfiles/parsyfiles/tests/parsing_capabilities_by_type/primitives_data/bool/err/pickle-float-0.1.pyc]. Resuming parsing...
Executing Parsing Plan for [/home/travis/build/smarie/python-parsyfiles/parsyfiles/tests/parsing_capabilities_by_type/primitives_data/bool/err/pickle-float-0.1]
(P) /home/travis/build/smarie/python-parsyfiles/parsyfiles/tests/parsing_capabilities_by_type/primitives_data/bool/err/pickle-float-0.1.pyc -&gt; bool ------- using $&lt;read_object_from_pickle&gt; =&gt; &lt;int_to_bool&gt;$
  !! Caught error during execution !!
  File &quot;/home/travis/build/smarie/python-parsyfiles/parsyfiles/parsing_core.py&quot;, line 177, in _execute
    self.get_singlefile_encoding(), logger, options)
  File &quot;/home/travis/build/smarie/python-parsyfiles/parsyfiles/parsing_combining_parsers.py&quot;, line 552, in _parse_singlefile
    return self._converter.convert(desired_type, first, logger, options)
  File &quot;/home/travis/build/smarie/python-parsyfiles/parsyfiles/converting_core.py&quot;, line 321, in convert
    raise ConversionException.create_not_able_to_convert(source_obj, self, desired_type)
  ParsingException : Error while parsing /home/travis/build/smarie/python-parsyfiles/parsyfiles/tests/parsing_capabilities_by_type/primitives_data/bool/err/pickle-float-0.1 (singlefile, .pyc) as a bool with parser &apos;$&lt;read_object_from_pickle&gt; =&gt; &lt;int_to_bool&gt;$&apos; using options=({&apos;MultifileCollectionParser&apos;: {&apos;lazy_parsing&apos;: False}}) : caught 
  ConversionException : Converter $&lt;int_to_bool&gt;$ is not able to ingest source value &apos;0.1&apos; of type &apos;float&apos; and/or convert it to type &apos;bool&apos;. This can happen in a chain when the previous step in the chain is generic and actually produced  an output of the wrong type/content
Rebuilding local parsing plan with next candidate parser: $&lt;read_object_from_pickle&gt; =&gt; &lt;str_to_bool&gt;$
(B)                                                                                                                 |--pickle-float-0.1.pyc -&gt; bool ------- using $&lt;read_object_from_pickle&gt; =&gt; &lt;str_to_bool&gt;$
DONE Rebuilding local parsing plan for [/home/travis/build/smarie/python-parsyfiles/parsyfiles/tests/parsing_capabilities_by_type/primitives_data/bool/err/pickle-float-0.1.pyc]. Resuming parsing...
Executing Parsing Plan for [/home/travis/build/smarie/python-parsyfiles/parsyfiles/tests/parsing_capabilities_by_type/primitives_data/bool/err/pickle-float-0.1]
(P) /home/travis/build/smarie/python-parsyfiles/parsyfiles/tests/parsing_capabilities_by_type/primitives_data/bool/err/pickle-float-0.1.pyc -&gt; bool ------- using $&lt;read_object_from_pickle&gt; =&gt; &lt;str_to_bool&gt;$
  !! Caught error during execution !!
  File &quot;/home/travis/build/smarie/python-parsyfiles/parsyfiles/parsing_core.py&quot;, line 177, in _execute
    self.get_singlefile_encoding(), logger, options)
  File &quot;/home/travis/build/smarie/python-parsyfiles/parsyfiles/parsing_combining_parsers.py&quot;, line 552, in _parse_singlefile
    return self._converter.convert(desired_type, first, logger, options)
  File &quot;/home/travis/build/smarie/python-parsyfiles/parsyfiles/converting_core.py&quot;, line 321, in convert
    raise ConversionException.create_not_able_to_convert(source_obj, self, desired_type)
  ParsingException : Error while parsing /home/travis/build/smarie/python-parsyfiles/parsyfiles/tests/parsing_capabilities_by_type/primitives_data/bool/err/pickle-float-0.1 (singlefile, .pyc) as a bool with parser &apos;$&lt;read_object_from_pickle&gt; =&gt; &lt;str_to_bool&gt;$&apos; using options=({&apos;MultifileCollectionParser&apos;: {&apos;lazy_parsing&apos;: False}}) : caught 
  ConversionException : Converter $&lt;str_to_bool&gt;$ is not able to ingest source value &apos;0.1&apos; of type &apos;float&apos; and/or convert it to type &apos;bool&apos;. This can happen in a chain when the previous step in the chain is generic and actually produced  an output of the wrong type/content
Rebuilding local parsing plan with next candidate parser: &lt;read_object_from_pickle&gt;
(B)                                                                                                                 |--pickle-float-0.1.pyc -&gt; bool ------- using &lt;read_object_from_pickle&gt;
DONE Rebuilding local parsing plan for [/home/travis/build/smarie/python-parsyfiles/parsyfiles/tests/parsing_capabilities_by_type/primitives_data/bool/err/pickle-float-0.1.pyc]. Resuming parsing...
Executing Parsing Plan for [/home/travis/build/smarie/python-parsyfiles/parsyfiles/tests/parsing_capabilities_by_type/primitives_data/bool/err/pickle-float-0.1]
(P) /home/travis/build/smarie/python-parsyfiles/parsyfiles/tests/parsing_capabilities_by_type/primitives_data/bool/err/pickle-float-0.1.pyc -&gt; bool ------- using &lt;read_object_from_pickle&gt;
  !! Caught error during execution !!
  File &quot;/home/travis/build/smarie/python-parsyfiles/parsyfiles/parsing_combining_parsers.py&quot;, line 31, in execute
    return self.pp.execute(logger, options)
  File &quot;/home/travis/build/smarie/python-parsyfiles/parsyfiles/parsing_core.py&quot;, line 139, in execute
    res = super(_BaseParsingPlan, self).execute(logger, options)
  File &quot;/home/travis/build/smarie/python-parsyfiles/parsyfiles/parsing_core_api.py&quot;, line 427, in execute
    res, options)
  ParsingException : Error while parsing /home/travis/build/smarie/python-parsyfiles/parsyfiles/tests/parsing_capabilities_by_type/primitives_data/bool/err/pickle-float-0.1 (singlefile, .pyc) as a &lt;class &apos;bool&apos;&gt; with parser &apos;&lt;read_object_from_pickle&gt;&apos; using options=({&apos;MultifileCollectionParser&apos;: {&apos;lazy_parsing&apos;: False}}) : 
      parser returned 0.1 of type &lt;class &apos;float&apos;&gt; which is not an instance of &lt;class &apos;bool&apos;&gt;
</system-out></testcase><testcase classname="parsyfiles.tests.parsing_capabilities_by_type.test_parse_primitives" file="parsyfiles/tests/parsing_capabilities_by_type/test_parse_primitives.py" line="179" name="test_parse_by_type[bool-err-pickle-int-6.pyc]" time="0.041040897369384766"><system-out>**** Starting to parse single object of type &lt;bool&gt; at location /home/travis/build/smarie/python-parsyfiles/parsyfiles/tests/parsing_capabilities_by_type/primitives_data/bool/err/pickle-int-6 ****
Checking all files under [/home/travis/build/smarie/python-parsyfiles/parsyfiles/tests/parsing_capabilities_by_type/primitives_data/bool/err/pickle-int-6]
(C) /home/travis/build/smarie/python-parsyfiles/parsyfiles/tests/parsing_capabilities_by_type/primitives_data/bool/err/pickle-int-6 (singlefile, .pyc)
File checks done

Building a parsing plan to parse [/home/travis/build/smarie/python-parsyfiles/parsyfiles/tests/parsing_capabilities_by_type/primitives_data/bool/err/pickle-int-6] into a bool
(B) /home/travis/build/smarie/python-parsyfiles/parsyfiles/tests/parsing_capabilities_by_type/primitives_data/bool/err/pickle-int-6.pyc -&gt; bool ------- using [Try &apos;$&lt;read_object_from_pickle&gt; =&gt; &lt;float_to_bool&gt;$&apos; then &apos;$&lt;read_object_from_pickle&gt; =&gt; &lt;int_to_bool&gt;$&apos; then &apos;$&lt;read_object_from_pickle&gt; =&gt; &lt;str_to_bool&gt;$&apos; then &apos;&lt;read_object_from_pickle&gt;]&apos;]
(B)                                                                                                                 |--pickle-int-6.pyc -&gt; bool ------- using $&lt;read_object_from_pickle&gt; =&gt; &lt;float_to_bool&gt;$
Parsing Plan created successfully

Executing Parsing Plan for [/home/travis/build/smarie/python-parsyfiles/parsyfiles/tests/parsing_capabilities_by_type/primitives_data/bool/err/pickle-int-6]
(P) /home/travis/build/smarie/python-parsyfiles/parsyfiles/tests/parsing_capabilities_by_type/primitives_data/bool/err/pickle-int-6.pyc -&gt; bool ------- using $&lt;read_object_from_pickle&gt; =&gt; &lt;float_to_bool&gt;$
  !! Caught error during execution !!
  File &quot;/home/travis/build/smarie/python-parsyfiles/parsyfiles/parsing_core.py&quot;, line 177, in _execute
    self.get_singlefile_encoding(), logger, options)
  File &quot;/home/travis/build/smarie/python-parsyfiles/parsyfiles/parsing_combining_parsers.py&quot;, line 552, in _parse_singlefile
    return self._converter.convert(desired_type, first, logger, options)
  File &quot;/home/travis/build/smarie/python-parsyfiles/parsyfiles/converting_core.py&quot;, line 321, in convert
    raise ConversionException.create_not_able_to_convert(source_obj, self, desired_type)
  ParsingException : Error while parsing /home/travis/build/smarie/python-parsyfiles/parsyfiles/tests/parsing_capabilities_by_type/primitives_data/bool/err/pickle-int-6 (singlefile, .pyc) as a bool with parser &apos;$&lt;read_object_from_pickle&gt; =&gt; &lt;float_to_bool&gt;$&apos; using options=({&apos;MultifileCollectionParser&apos;: {&apos;lazy_parsing&apos;: False}}) : caught 
  ConversionException : Converter $&lt;float_to_bool&gt;$ is not able to ingest source value &apos;6&apos; of type &apos;int&apos; and/or convert it to type &apos;bool&apos;. This can happen in a chain when the previous step in the chain is generic and actually produced  an output of the wrong type/content
Rebuilding local parsing plan with next candidate parser: $&lt;read_object_from_pickle&gt; =&gt; &lt;int_to_bool&gt;$
(B)                                                                                                                 |--pickle-int-6.pyc -&gt; bool ------- using $&lt;read_object_from_pickle&gt; =&gt; &lt;int_to_bool&gt;$
DONE Rebuilding local parsing plan for [/home/travis/build/smarie/python-parsyfiles/parsyfiles/tests/parsing_capabilities_by_type/primitives_data/bool/err/pickle-int-6.pyc]. Resuming parsing...
Executing Parsing Plan for [/home/travis/build/smarie/python-parsyfiles/parsyfiles/tests/parsing_capabilities_by_type/primitives_data/bool/err/pickle-int-6]
(P) /home/travis/build/smarie/python-parsyfiles/parsyfiles/tests/parsing_capabilities_by_type/primitives_data/bool/err/pickle-int-6.pyc -&gt; bool ------- using $&lt;read_object_from_pickle&gt; =&gt; &lt;int_to_bool&gt;$
  !! Caught error during execution !!
  File &quot;/home/travis/build/smarie/python-parsyfiles/parsyfiles/converting_core.py&quot;, line 319, in convert
    return self._convert(desired_type, source_obj, logger, options)
  File &quot;/home/travis/build/smarie/python-parsyfiles/parsyfiles/converting_core.py&quot;, line 524, in _convert
    return self.conversion_method(desired_type, source_obj, logger, **opts)
  File &quot;/home/travis/build/smarie/python-parsyfiles/parsyfiles/plugins_base/support_for_primitive_types.py&quot;, line 91, in primitive_to_bool
    raise ValueError(&apos;Cannot convert to bool : source is a number but is not 1 nor 0 : \&apos;&apos; + str(source) + &apos;\&apos;&apos;)
  ParsingException : Error while parsing /home/travis/build/smarie/python-parsyfiles/parsyfiles/tests/parsing_capabilities_by_type/primitives_data/bool/err/pickle-int-6 (singlefile, .pyc) as a bool with parser &apos;$&lt;read_object_from_pickle&gt; =&gt; &lt;int_to_bool&gt;$&apos; using options=({&apos;MultifileCollectionParser&apos;: {&apos;lazy_parsing&apos;: False}}) : caught 
  ValueError : Cannot convert to bool : source is a number but is not 1 nor 0 : &apos;6&apos;
Rebuilding local parsing plan with next candidate parser: $&lt;read_object_from_pickle&gt; =&gt; &lt;str_to_bool&gt;$
(B)                                                                                                                 |--pickle-int-6.pyc -&gt; bool ------- using $&lt;read_object_from_pickle&gt; =&gt; &lt;str_to_bool&gt;$
DONE Rebuilding local parsing plan for [/home/travis/build/smarie/python-parsyfiles/parsyfiles/tests/parsing_capabilities_by_type/primitives_data/bool/err/pickle-int-6.pyc]. Resuming parsing...
Executing Parsing Plan for [/home/travis/build/smarie/python-parsyfiles/parsyfiles/tests/parsing_capabilities_by_type/primitives_data/bool/err/pickle-int-6]
(P) /home/travis/build/smarie/python-parsyfiles/parsyfiles/tests/parsing_capabilities_by_type/primitives_data/bool/err/pickle-int-6.pyc -&gt; bool ------- using $&lt;read_object_from_pickle&gt; =&gt; &lt;str_to_bool&gt;$
  !! Caught error during execution !!
  File &quot;/home/travis/build/smarie/python-parsyfiles/parsyfiles/parsing_core.py&quot;, line 177, in _execute
    self.get_singlefile_encoding(), logger, options)
  File &quot;/home/travis/build/smarie/python-parsyfiles/parsyfiles/parsing_combining_parsers.py&quot;, line 552, in _parse_singlefile
    return self._converter.convert(desired_type, first, logger, options)
  File &quot;/home/travis/build/smarie/python-parsyfiles/parsyfiles/converting_core.py&quot;, line 321, in convert
    raise ConversionException.create_not_able_to_convert(source_obj, self, desired_type)
  ParsingException : Error while parsing /home/travis/build/smarie/python-parsyfiles/parsyfiles/tests/parsing_capabilities_by_type/primitives_data/bool/err/pickle-int-6 (singlefile, .pyc) as a bool with parser &apos;$&lt;read_object_from_pickle&gt; =&gt; &lt;str_to_bool&gt;$&apos; using options=({&apos;MultifileCollectionParser&apos;: {&apos;lazy_parsing&apos;: False}}) : caught 
  ConversionException : Converter $&lt;str_to_bool&gt;$ is not able to ingest source value &apos;6&apos; of type &apos;int&apos; and/or convert it to type &apos;bool&apos;. This can happen in a chain when the previous step in the chain is generic and actually produced  an output of the wrong type/content
Rebuilding local parsing plan with next candidate parser: &lt;read_object_from_pickle&gt;
(B)                                                                                                                 |--pickle-int-6.pyc -&gt; bool ------- using &lt;read_object_from_pickle&gt;
DONE Rebuilding local parsing plan for [/home/travis/build/smarie/python-parsyfiles/parsyfiles/tests/parsing_capabilities_by_type/primitives_data/bool/err/pickle-int-6.pyc]. Resuming parsing...
Executing Parsing Plan for [/home/travis/build/smarie/python-parsyfiles/parsyfiles/tests/parsing_capabilities_by_type/primitives_data/bool/err/pickle-int-6]
(P) /home/travis/build/smarie/python-parsyfiles/parsyfiles/tests/parsing_capabilities_by_type/primitives_data/bool/err/pickle-int-6.pyc -&gt; bool ------- using &lt;read_object_from_pickle&gt;
  !! Caught error during execution !!
  File &quot;/home/travis/build/smarie/python-parsyfiles/parsyfiles/parsing_combining_parsers.py&quot;, line 31, in execute
    return self.pp.execute(logger, options)
  File &quot;/home/travis/build/smarie/python-parsyfiles/parsyfiles/parsing_core.py&quot;, line 139, in execute
    res = super(_BaseParsingPlan, self).execute(logger, options)
  File &quot;/home/travis/build/smarie/python-parsyfiles/parsyfiles/parsing_core_api.py&quot;, line 427, in execute
    res, options)
  ParsingException : Error while parsing /home/travis/build/smarie/python-parsyfiles/parsyfiles/tests/parsing_capabilities_by_type/primitives_data/bool/err/pickle-int-6 (singlefile, .pyc) as a &lt;class &apos;bool&apos;&gt; with parser &apos;&lt;read_object_from_pickle&gt;&apos; using options=({&apos;MultifileCollectionParser&apos;: {&apos;lazy_parsing&apos;: False}}) : 
      parser returned 6 of type &lt;class &apos;int&apos;&gt; which is not an instance of &lt;class &apos;bool&apos;&gt;
</system-out></testcase><testcase classname="parsyfiles.tests.parsing_capabilities_by_type.test_parse_primitives" file="parsyfiles/tests/parsing_capabilities_by_type/test_parse_primitives.py" line="179" name="test_parse_by_type[bool-err-txt-str-truth.txt]" time="0.04572176933288574"><system-out>**** Starting to parse single object of type &lt;bool&gt; at location /home/travis/build/smarie/python-parsyfiles/parsyfiles/tests/parsing_capabilities_by_type/primitives_data/bool/err/txt-str-truth ****
Checking all files under [/home/travis/build/smarie/python-parsyfiles/parsyfiles/tests/parsing_capabilities_by_type/primitives_data/bool/err/txt-str-truth]
(C) /home/travis/build/smarie/python-parsyfiles/parsyfiles/tests/parsing_capabilities_by_type/primitives_data/bool/err/txt-str-truth (singlefile, .txt)
File checks done

Building a parsing plan to parse [/home/travis/build/smarie/python-parsyfiles/parsyfiles/tests/parsing_capabilities_by_type/primitives_data/bool/err/txt-str-truth] into a bool
(B) /home/travis/build/smarie/python-parsyfiles/parsyfiles/tests/parsing_capabilities_by_type/primitives_data/bool/err/txt-str-truth.txt -&gt; bool ------- using [Try &apos;$&lt;read_str_from_txt&gt; =&gt; &lt;str_to_bool&gt;$&apos; then &apos;$&lt;read_str_from_txt&gt; =&gt; &lt;base64_ascii_str_pickle_to_object&gt; -&gt; &lt;float_to_bool&gt;$&apos; then &apos;$&lt;read_str_from_txt&gt; =&gt; &lt;base64_ascii_str_pickle_to_object&gt; -&gt; &lt;int_to_bool&gt;$&apos; then &apos;$&lt;read_str_from_txt&gt; =&gt; &lt;base64_ascii_str_pickle_to_object&gt; -&gt; &lt;str_to_bool&gt;$&apos; then &apos;$&lt;read_str_from_txt&gt; =&gt; &lt;base64_ascii_str_pickle_to_object&gt;$]&apos;]
(B)                                                                                                                 |--txt-str-truth.txt -&gt; bool ------- using $&lt;read_str_from_txt&gt; =&gt; &lt;str_to_bool&gt;$
Parsing Plan created successfully

Executing Parsing Plan for [/home/travis/build/smarie/python-parsyfiles/parsyfiles/tests/parsing_capabilities_by_type/primitives_data/bool/err/txt-str-truth]
(P) /home/travis/build/smarie/python-parsyfiles/parsyfiles/tests/parsing_capabilities_by_type/primitives_data/bool/err/txt-str-truth.txt -&gt; bool ------- using $&lt;read_str_from_txt&gt; =&gt; &lt;str_to_bool&gt;$
  !! Caught error during execution !!
  File &quot;/home/travis/build/smarie/python-parsyfiles/parsyfiles/converting_core.py&quot;, line 524, in _convert
    return self.conversion_method(desired_type, source_obj, logger, **opts)
  File &quot;/home/travis/build/smarie/python-parsyfiles/parsyfiles/plugins_base/support_for_primitive_types.py&quot;, line 84, in primitive_to_bool
    return bool(strtobool(source))
  File &quot;/opt/python/3.5.5/lib/python3.5/distutils/util.py&quot;, line 317, in strtobool
    raise ValueError(&quot;invalid truth value %r&quot; % (val,))
  ParsingException : Error while parsing /home/travis/build/smarie/python-parsyfiles/parsyfiles/tests/parsing_capabilities_by_type/primitives_data/bool/err/txt-str-truth (singlefile, .txt) as a bool with parser &apos;$&lt;read_str_from_txt&gt; =&gt; &lt;str_to_bool&gt;$&apos; using options=({&apos;MultifileCollectionParser&apos;: {&apos;lazy_parsing&apos;: False}}) : caught 
  ValueError : invalid truth value &apos;truth&apos;
Rebuilding local parsing plan with next candidate parser: $&lt;read_str_from_txt&gt; =&gt; &lt;base64_ascii_str_pickle_to_object&gt; -&gt; &lt;float_to_bool&gt;$
(B)                                                                                                                 |--txt-str-truth.txt -&gt; bool ------- using $&lt;read_str_from_txt&gt; =&gt; &lt;base64_ascii_str_pickle_to_object&gt; -&gt; &lt;float_to_bool&gt;$
DONE Rebuilding local parsing plan for [/home/travis/build/smarie/python-parsyfiles/parsyfiles/tests/parsing_capabilities_by_type/primitives_data/bool/err/txt-str-truth.txt]. Resuming parsing...
Executing Parsing Plan for [/home/travis/build/smarie/python-parsyfiles/parsyfiles/tests/parsing_capabilities_by_type/primitives_data/bool/err/txt-str-truth]
(P) /home/travis/build/smarie/python-parsyfiles/parsyfiles/tests/parsing_capabilities_by_type/primitives_data/bool/err/txt-str-truth.txt -&gt; bool ------- using $&lt;read_str_from_txt&gt; =&gt; &lt;base64_ascii_str_pickle_to_object&gt; -&gt; &lt;float_to_bool&gt;$
  !! Caught error during execution !!
  File &quot;/home/travis/build/smarie/python-parsyfiles/parsyfiles/converting_core.py&quot;, line 524, in _convert
    return self.conversion_method(desired_type, source_obj, logger, **opts)
  File &quot;/home/travis/build/smarie/python-parsyfiles/parsyfiles/plugins_base/support_for_objects.py&quot;, line 54, in base64_ascii_str_pickle_to_object
    return pickle.loads(base64.b64decode(b64_ascii_str), fix_imports=True, encoding=&quot;ASCII&quot;, errors=&quot;strict&quot;)
  File &quot;/home/travis/virtualenv/python3.5.5/lib/python3.5/base64.py&quot;, line 88, in b64decode
    return binascii.a2b_base64(s)
  ParsingException : Error while parsing /home/travis/build/smarie/python-parsyfiles/parsyfiles/tests/parsing_capabilities_by_type/primitives_data/bool/err/txt-str-truth (singlefile, .txt) as a bool with parser &apos;$&lt;read_str_from_txt&gt; =&gt; &lt;base64_ascii_str_pickle_to_object&gt; -&gt; &lt;float_to_bool&gt;$&apos; using options=({&apos;MultifileCollectionParser&apos;: {&apos;lazy_parsing&apos;: False}}) : caught 
  Error : Incorrect padding
Rebuilding local parsing plan with next candidate parser: $&lt;read_str_from_txt&gt; =&gt; &lt;base64_ascii_str_pickle_to_object&gt; -&gt; &lt;int_to_bool&gt;$
(B)                                                                                                                 |--txt-str-truth.txt -&gt; bool ------- using $&lt;read_str_from_txt&gt; =&gt; &lt;base64_ascii_str_pickle_to_object&gt; -&gt; &lt;int_to_bool&gt;$
DONE Rebuilding local parsing plan for [/home/travis/build/smarie/python-parsyfiles/parsyfiles/tests/parsing_capabilities_by_type/primitives_data/bool/err/txt-str-truth.txt]. Resuming parsing...
Executing Parsing Plan for [/home/travis/build/smarie/python-parsyfiles/parsyfiles/tests/parsing_capabilities_by_type/primitives_data/bool/err/txt-str-truth]
(P) /home/travis/build/smarie/python-parsyfiles/parsyfiles/tests/parsing_capabilities_by_type/primitives_data/bool/err/txt-str-truth.txt -&gt; bool ------- using $&lt;read_str_from_txt&gt; =&gt; &lt;base64_ascii_str_pickle_to_object&gt; -&gt; &lt;int_to_bool&gt;$
  !! Caught error during execution !!
  File &quot;/home/travis/build/smarie/python-parsyfiles/parsyfiles/converting_core.py&quot;, line 524, in _convert
    return self.conversion_method(desired_type, source_obj, logger, **opts)
  File &quot;/home/travis/build/smarie/python-parsyfiles/parsyfiles/plugins_base/support_for_objects.py&quot;, line 54, in base64_ascii_str_pickle_to_object
    return pickle.loads(base64.b64decode(b64_ascii_str), fix_imports=True, encoding=&quot;ASCII&quot;, errors=&quot;strict&quot;)
  File &quot;/home/travis/virtualenv/python3.5.5/lib/python3.5/base64.py&quot;, line 88, in b64decode
    return binascii.a2b_base64(s)
  ParsingException : Error while parsing /home/travis/build/smarie/python-parsyfiles/parsyfiles/tests/parsing_capabilities_by_type/primitives_data/bool/err/txt-str-truth (singlefile, .txt) as a bool with parser &apos;$&lt;read_str_from_txt&gt; =&gt; &lt;base64_ascii_str_pickle_to_object&gt; -&gt; &lt;int_to_bool&gt;$&apos; using options=({&apos;MultifileCollectionParser&apos;: {&apos;lazy_parsing&apos;: False}}) : caught 
  Error : Incorrect padding
Rebuilding local parsing plan with next candidate parser: $&lt;read_str_from_txt&gt; =&gt; &lt;base64_ascii_str_pickle_to_object&gt; -&gt; &lt;str_to_bool&gt;$
(B)                                                                                                                 |--txt-str-truth.txt -&gt; bool ------- using $&lt;read_str_from_txt&gt; =&gt; &lt;base64_ascii_str_pickle_to_object&gt; -&gt; &lt;str_to_bool&gt;$
DONE Rebuilding local parsing plan for [/home/travis/build/smarie/python-parsyfiles/parsyfiles/tests/parsing_capabilities_by_type/primitives_data/bool/err/txt-str-truth.txt]. Resuming parsing...
Executing Parsing Plan for [/home/travis/build/smarie/python-parsyfiles/parsyfiles/tests/parsing_capabilities_by_type/primitives_data/bool/err/txt-str-truth]
(P) /home/travis/build/smarie/python-parsyfiles/parsyfiles/tests/parsing_capabilities_by_type/primitives_data/bool/err/txt-str-truth.txt -&gt; bool ------- using $&lt;read_str_from_txt&gt; =&gt; &lt;base64_ascii_str_pickle_to_object&gt; -&gt; &lt;str_to_bool&gt;$
  !! Caught error during execution !!
  File &quot;/home/travis/build/smarie/python-parsyfiles/parsyfiles/converting_core.py&quot;, line 524, in _convert
    return self.conversion_method(desired_type, source_obj, logger, **opts)
  File &quot;/home/travis/build/smarie/python-parsyfiles/parsyfiles/plugins_base/support_for_objects.py&quot;, line 54, in base64_ascii_str_pickle_to_object
    return pickle.loads(base64.b64decode(b64_ascii_str), fix_imports=True, encoding=&quot;ASCII&quot;, errors=&quot;strict&quot;)
  File &quot;/home/travis/virtualenv/python3.5.5/lib/python3.5/base64.py&quot;, line 88, in b64decode
    return binascii.a2b_base64(s)
  ParsingException : Error while parsing /home/travis/build/smarie/python-parsyfiles/parsyfiles/tests/parsing_capabilities_by_type/primitives_data/bool/err/txt-str-truth (singlefile, .txt) as a bool with parser &apos;$&lt;read_str_from_txt&gt; =&gt; &lt;base64_ascii_str_pickle_to_object&gt; -&gt; &lt;str_to_bool&gt;$&apos; using options=({&apos;MultifileCollectionParser&apos;: {&apos;lazy_parsing&apos;: False}}) : caught 
  Error : Incorrect padding
Rebuilding local parsing plan with next candidate parser: $&lt;read_str_from_txt&gt; =&gt; &lt;base64_ascii_str_pickle_to_object&gt;$
(B)                                                                                                                 |--txt-str-truth.txt -&gt; bool ------- using $&lt;read_str_from_txt&gt; =&gt; &lt;base64_ascii_str_pickle_to_object&gt;$
DONE Rebuilding local parsing plan for [/home/travis/build/smarie/python-parsyfiles/parsyfiles/tests/parsing_capabilities_by_type/primitives_data/bool/err/txt-str-truth.txt]. Resuming parsing...
Executing Parsing Plan for [/home/travis/build/smarie/python-parsyfiles/parsyfiles/tests/parsing_capabilities_by_type/primitives_data/bool/err/txt-str-truth]
(P) /home/travis/build/smarie/python-parsyfiles/parsyfiles/tests/parsing_capabilities_by_type/primitives_data/bool/err/txt-str-truth.txt -&gt; bool ------- using $&lt;read_str_from_txt&gt; =&gt; &lt;base64_ascii_str_pickle_to_object&gt;$
  !! Caught error during execution !!
  File &quot;/home/travis/build/smarie/python-parsyfiles/parsyfiles/converting_core.py&quot;, line 524, in _convert
    return self.conversion_method(desired_type, source_obj, logger, **opts)
  File &quot;/home/travis/build/smarie/python-parsyfiles/parsyfiles/plugins_base/support_for_objects.py&quot;, line 54, in base64_ascii_str_pickle_to_object
    return pickle.loads(base64.b64decode(b64_ascii_str), fix_imports=True, encoding=&quot;ASCII&quot;, errors=&quot;strict&quot;)
  File &quot;/home/travis/virtualenv/python3.5.5/lib/python3.5/base64.py&quot;, line 88, in b64decode
    return binascii.a2b_base64(s)
  ParsingException : Error while parsing /home/travis/build/smarie/python-parsyfiles/parsyfiles/tests/parsing_capabilities_by_type/primitives_data/bool/err/txt-str-truth (singlefile, .txt) as a bool with parser &apos;$&lt;read_str_from_txt&gt; =&gt; &lt;base64_ascii_str_pickle_to_object&gt;$&apos; using options=({&apos;MultifileCollectionParser&apos;: {&apos;lazy_parsing&apos;: False}}) : caught 
  Error : Incorrect padding
</system-out></testcase><testcase classname="parsyfiles.tests.parsing_capabilities_by_type.test_parse_primitives" file="parsyfiles/tests/parsing_capabilities_by_type/test_parse_primitives.py" line="179" name="test_parse_by_type[bool-err-txt-float-0.1.txt]" time="0.04538917541503906"><system-out>**** Starting to parse single object of type &lt;bool&gt; at location /home/travis/build/smarie/python-parsyfiles/parsyfiles/tests/parsing_capabilities_by_type/primitives_data/bool/err/txt-float-0.1 ****
Checking all files under [/home/travis/build/smarie/python-parsyfiles/parsyfiles/tests/parsing_capabilities_by_type/primitives_data/bool/err/txt-float-0.1]
(C) /home/travis/build/smarie/python-parsyfiles/parsyfiles/tests/parsing_capabilities_by_type/primitives_data/bool/err/txt-float-0.1 (singlefile, .txt)
File checks done

Building a parsing plan to parse [/home/travis/build/smarie/python-parsyfiles/parsyfiles/tests/parsing_capabilities_by_type/primitives_data/bool/err/txt-float-0.1] into a bool
(B) /home/travis/build/smarie/python-parsyfiles/parsyfiles/tests/parsing_capabilities_by_type/primitives_data/bool/err/txt-float-0.1.txt -&gt; bool ------- using [Try &apos;$&lt;read_str_from_txt&gt; =&gt; &lt;str_to_bool&gt;$&apos; then &apos;$&lt;read_str_from_txt&gt; =&gt; &lt;base64_ascii_str_pickle_to_object&gt; -&gt; &lt;float_to_bool&gt;$&apos; then &apos;$&lt;read_str_from_txt&gt; =&gt; &lt;base64_ascii_str_pickle_to_object&gt; -&gt; &lt;int_to_bool&gt;$&apos; then &apos;$&lt;read_str_from_txt&gt; =&gt; &lt;base64_ascii_str_pickle_to_object&gt; -&gt; &lt;str_to_bool&gt;$&apos; then &apos;$&lt;read_str_from_txt&gt; =&gt; &lt;base64_ascii_str_pickle_to_object&gt;$]&apos;]
(B)                                                                                                                 |--txt-float-0.1.txt -&gt; bool ------- using $&lt;read_str_from_txt&gt; =&gt; &lt;str_to_bool&gt;$
Parsing Plan created successfully

Executing Parsing Plan for [/home/travis/build/smarie/python-parsyfiles/parsyfiles/tests/parsing_capabilities_by_type/primitives_data/bool/err/txt-float-0.1]
(P) /home/travis/build/smarie/python-parsyfiles/parsyfiles/tests/parsing_capabilities_by_type/primitives_data/bool/err/txt-float-0.1.txt -&gt; bool ------- using $&lt;read_str_from_txt&gt; =&gt; &lt;str_to_bool&gt;$
  !! Caught error during execution !!
  File &quot;/home/travis/build/smarie/python-parsyfiles/parsyfiles/converting_core.py&quot;, line 524, in _convert
    return self.conversion_method(desired_type, source_obj, logger, **opts)
  File &quot;/home/travis/build/smarie/python-parsyfiles/parsyfiles/plugins_base/support_for_primitive_types.py&quot;, line 84, in primitive_to_bool
    return bool(strtobool(source))
  File &quot;/opt/python/3.5.5/lib/python3.5/distutils/util.py&quot;, line 317, in strtobool
    raise ValueError(&quot;invalid truth value %r&quot; % (val,))
  ParsingException : Error while parsing /home/travis/build/smarie/python-parsyfiles/parsyfiles/tests/parsing_capabilities_by_type/primitives_data/bool/err/txt-float-0.1 (singlefile, .txt) as a bool with parser &apos;$&lt;read_str_from_txt&gt; =&gt; &lt;str_to_bool&gt;$&apos; using options=({&apos;MultifileCollectionParser&apos;: {&apos;lazy_parsing&apos;: False}}) : caught 
  ValueError : invalid truth value &apos;0.1&apos;
Rebuilding local parsing plan with next candidate parser: $&lt;read_str_from_txt&gt; =&gt; &lt;base64_ascii_str_pickle_to_object&gt; -&gt; &lt;float_to_bool&gt;$
(B)                                                                                                                 |--txt-float-0.1.txt -&gt; bool ------- using $&lt;read_str_from_txt&gt; =&gt; &lt;base64_ascii_str_pickle_to_object&gt; -&gt; &lt;float_to_bool&gt;$
DONE Rebuilding local parsing plan for [/home/travis/build/smarie/python-parsyfiles/parsyfiles/tests/parsing_capabilities_by_type/primitives_data/bool/err/txt-float-0.1.txt]. Resuming parsing...
Executing Parsing Plan for [/home/travis/build/smarie/python-parsyfiles/parsyfiles/tests/parsing_capabilities_by_type/primitives_data/bool/err/txt-float-0.1]
(P) /home/travis/build/smarie/python-parsyfiles/parsyfiles/tests/parsing_capabilities_by_type/primitives_data/bool/err/txt-float-0.1.txt -&gt; bool ------- using $&lt;read_str_from_txt&gt; =&gt; &lt;base64_ascii_str_pickle_to_object&gt; -&gt; &lt;float_to_bool&gt;$
  !! Caught error during execution !!
  File &quot;/home/travis/build/smarie/python-parsyfiles/parsyfiles/converting_core.py&quot;, line 524, in _convert
    return self.conversion_method(desired_type, source_obj, logger, **opts)
  File &quot;/home/travis/build/smarie/python-parsyfiles/parsyfiles/plugins_base/support_for_objects.py&quot;, line 54, in base64_ascii_str_pickle_to_object
    return pickle.loads(base64.b64decode(b64_ascii_str), fix_imports=True, encoding=&quot;ASCII&quot;, errors=&quot;strict&quot;)
  File &quot;/home/travis/virtualenv/python3.5.5/lib/python3.5/base64.py&quot;, line 88, in b64decode
    return binascii.a2b_base64(s)
  ParsingException : Error while parsing /home/travis/build/smarie/python-parsyfiles/parsyfiles/tests/parsing_capabilities_by_type/primitives_data/bool/err/txt-float-0.1 (singlefile, .txt) as a bool with parser &apos;$&lt;read_str_from_txt&gt; =&gt; &lt;base64_ascii_str_pickle_to_object&gt; -&gt; &lt;float_to_bool&gt;$&apos; using options=({&apos;MultifileCollectionParser&apos;: {&apos;lazy_parsing&apos;: False}}) : caught 
  Error : Incorrect padding
Rebuilding local parsing plan with next candidate parser: $&lt;read_str_from_txt&gt; =&gt; &lt;base64_ascii_str_pickle_to_object&gt; -&gt; &lt;int_to_bool&gt;$
(B)                                                                                                                 |--txt-float-0.1.txt -&gt; bool ------- using $&lt;read_str_from_txt&gt; =&gt; &lt;base64_ascii_str_pickle_to_object&gt; -&gt; &lt;int_to_bool&gt;$
DONE Rebuilding local parsing plan for [/home/travis/build/smarie/python-parsyfiles/parsyfiles/tests/parsing_capabilities_by_type/primitives_data/bool/err/txt-float-0.1.txt]. Resuming parsing...
Executing Parsing Plan for [/home/travis/build/smarie/python-parsyfiles/parsyfiles/tests/parsing_capabilities_by_type/primitives_data/bool/err/txt-float-0.1]
(P) /home/travis/build/smarie/python-parsyfiles/parsyfiles/tests/parsing_capabilities_by_type/primitives_data/bool/err/txt-float-0.1.txt -&gt; bool ------- using $&lt;read_str_from_txt&gt; =&gt; &lt;base64_ascii_str_pickle_to_object&gt; -&gt; &lt;int_to_bool&gt;$
  !! Caught error during execution !!
  File &quot;/home/travis/build/smarie/python-parsyfiles/parsyfiles/converting_core.py&quot;, line 524, in _convert
    return self.conversion_method(desired_type, source_obj, logger, **opts)
  File &quot;/home/travis/build/smarie/python-parsyfiles/parsyfiles/plugins_base/support_for_objects.py&quot;, line 54, in base64_ascii_str_pickle_to_object
    return pickle.loads(base64.b64decode(b64_ascii_str), fix_imports=True, encoding=&quot;ASCII&quot;, errors=&quot;strict&quot;)
  File &quot;/home/travis/virtualenv/python3.5.5/lib/python3.5/base64.py&quot;, line 88, in b64decode
    return binascii.a2b_base64(s)
  ParsingException : Error while parsing /home/travis/build/smarie/python-parsyfiles/parsyfiles/tests/parsing_capabilities_by_type/primitives_data/bool/err/txt-float-0.1 (singlefile, .txt) as a bool with parser &apos;$&lt;read_str_from_txt&gt; =&gt; &lt;base64_ascii_str_pickle_to_object&gt; -&gt; &lt;int_to_bool&gt;$&apos; using options=({&apos;MultifileCollectionParser&apos;: {&apos;lazy_parsing&apos;: False}}) : caught 
  Error : Incorrect padding
Rebuilding local parsing plan with next candidate parser: $&lt;read_str_from_txt&gt; =&gt; &lt;base64_ascii_str_pickle_to_object&gt; -&gt; &lt;str_to_bool&gt;$
(B)                                                                                                                 |--txt-float-0.1.txt -&gt; bool ------- using $&lt;read_str_from_txt&gt; =&gt; &lt;base64_ascii_str_pickle_to_object&gt; -&gt; &lt;str_to_bool&gt;$
DONE Rebuilding local parsing plan for [/home/travis/build/smarie/python-parsyfiles/parsyfiles/tests/parsing_capabilities_by_type/primitives_data/bool/err/txt-float-0.1.txt]. Resuming parsing...
Executing Parsing Plan for [/home/travis/build/smarie/python-parsyfiles/parsyfiles/tests/parsing_capabilities_by_type/primitives_data/bool/err/txt-float-0.1]
(P) /home/travis/build/smarie/python-parsyfiles/parsyfiles/tests/parsing_capabilities_by_type/primitives_data/bool/err/txt-float-0.1.txt -&gt; bool ------- using $&lt;read_str_from_txt&gt; =&gt; &lt;base64_ascii_str_pickle_to_object&gt; -&gt; &lt;str_to_bool&gt;$
  !! Caught error during execution !!
  File &quot;/home/travis/build/smarie/python-parsyfiles/parsyfiles/converting_core.py&quot;, line 524, in _convert
    return self.conversion_method(desired_type, source_obj, logger, **opts)
  File &quot;/home/travis/build/smarie/python-parsyfiles/parsyfiles/plugins_base/support_for_objects.py&quot;, line 54, in base64_ascii_str_pickle_to_object
    return pickle.loads(base64.b64decode(b64_ascii_str), fix_imports=True, encoding=&quot;ASCII&quot;, errors=&quot;strict&quot;)
  File &quot;/home/travis/virtualenv/python3.5.5/lib/python3.5/base64.py&quot;, line 88, in b64decode
    return binascii.a2b_base64(s)
  ParsingException : Error while parsing /home/travis/build/smarie/python-parsyfiles/parsyfiles/tests/parsing_capabilities_by_type/primitives_data/bool/err/txt-float-0.1 (singlefile, .txt) as a bool with parser &apos;$&lt;read_str_from_txt&gt; =&gt; &lt;base64_ascii_str_pickle_to_object&gt; -&gt; &lt;str_to_bool&gt;$&apos; using options=({&apos;MultifileCollectionParser&apos;: {&apos;lazy_parsing&apos;: False}}) : caught 
  Error : Incorrect padding
Rebuilding local parsing plan with next candidate parser: $&lt;read_str_from_txt&gt; =&gt; &lt;base64_ascii_str_pickle_to_object&gt;$
(B)                                                                                                                 |--txt-float-0.1.txt -&gt; bool ------- using $&lt;read_str_from_txt&gt; =&gt; &lt;base64_ascii_str_pickle_to_object&gt;$
DONE Rebuilding local parsing plan for [/home/travis/build/smarie/python-parsyfiles/parsyfiles/tests/parsing_capabilities_by_type/primitives_data/bool/err/txt-float-0.1.txt]. Resuming parsing...
Executing Parsing Plan for [/home/travis/build/smarie/python-parsyfiles/parsyfiles/tests/parsing_capabilities_by_type/primitives_data/bool/err/txt-float-0.1]
(P) /home/travis/build/smarie/python-parsyfiles/parsyfiles/tests/parsing_capabilities_by_type/primitives_data/bool/err/txt-float-0.1.txt -&gt; bool ------- using $&lt;read_str_from_txt&gt; =&gt; &lt;base64_ascii_str_pickle_to_object&gt;$
  !! Caught error during execution !!
  File &quot;/home/travis/build/smarie/python-parsyfiles/parsyfiles/converting_core.py&quot;, line 524, in _convert
    return self.conversion_method(desired_type, source_obj, logger, **opts)
  File &quot;/home/travis/build/smarie/python-parsyfiles/parsyfiles/plugins_base/support_for_objects.py&quot;, line 54, in base64_ascii_str_pickle_to_object
    return pickle.loads(base64.b64decode(b64_ascii_str), fix_imports=True, encoding=&quot;ASCII&quot;, errors=&quot;strict&quot;)
  File &quot;/home/travis/virtualenv/python3.5.5/lib/python3.5/base64.py&quot;, line 88, in b64decode
    return binascii.a2b_base64(s)
  ParsingException : Error while parsing /home/travis/build/smarie/python-parsyfiles/parsyfiles/tests/parsing_capabilities_by_type/primitives_data/bool/err/txt-float-0.1 (singlefile, .txt) as a bool with parser &apos;$&lt;read_str_from_txt&gt; =&gt; &lt;base64_ascii_str_pickle_to_object&gt;$&apos; using options=({&apos;MultifileCollectionParser&apos;: {&apos;lazy_parsing&apos;: False}}) : caught 
  Error : Incorrect padding
</system-out></testcase><testcase classname="parsyfiles.tests.parsing_capabilities_by_type.test_parse_primitives" file="parsyfiles/tests/parsing_capabilities_by_type/test_parse_primitives.py" line="179" name="test_parse_by_type[str-ok-pickle-str-=.pyc]" time="0.03881096839904785"><system-out>**** Starting to parse single object of type &lt;str&gt; at location /home/travis/build/smarie/python-parsyfiles/parsyfiles/tests/parsing_capabilities_by_type/primitives_data/str/ok/pickle-str-= ****
Checking all files under [/home/travis/build/smarie/python-parsyfiles/parsyfiles/tests/parsing_capabilities_by_type/primitives_data/str/ok/pickle-str-=]
(C) /home/travis/build/smarie/python-parsyfiles/parsyfiles/tests/parsing_capabilities_by_type/primitives_data/str/ok/pickle-str-= (singlefile, .pyc)
File checks done

Building a parsing plan to parse [/home/travis/build/smarie/python-parsyfiles/parsyfiles/tests/parsing_capabilities_by_type/primitives_data/str/ok/pickle-str-=] into a str
(B) /home/travis/build/smarie/python-parsyfiles/parsyfiles/tests/parsing_capabilities_by_type/primitives_data/str/ok/pickle-str-=.pyc -&gt; str ------- using [Try &apos;$&lt;read_object_from_pickle&gt; =&gt; &lt;bool_to_string&gt;$&apos; then &apos;$&lt;read_object_from_pickle&gt; =&gt; &lt;float_to_string&gt;$&apos; then &apos;$&lt;read_object_from_pickle&gt; =&gt; &lt;int_to_string&gt;$&apos; then &apos;&lt;read_object_from_pickle&gt;]&apos;]
(B)                                                                                                               |--pickle-str-=.pyc -&gt; str ------- using $&lt;read_object_from_pickle&gt; =&gt; &lt;bool_to_string&gt;$
Parsing Plan created successfully

Executing Parsing Plan for [/home/travis/build/smarie/python-parsyfiles/parsyfiles/tests/parsing_capabilities_by_type/primitives_data/str/ok/pickle-str-=]
(P) /home/travis/build/smarie/python-parsyfiles/parsyfiles/tests/parsing_capabilities_by_type/primitives_data/str/ok/pickle-str-=.pyc -&gt; str ------- using $&lt;read_object_from_pickle&gt; =&gt; &lt;bool_to_string&gt;$
  !! Caught error during execution !!
  File &quot;/home/travis/build/smarie/python-parsyfiles/parsyfiles/parsing_core.py&quot;, line 177, in _execute
    self.get_singlefile_encoding(), logger, options)
  File &quot;/home/travis/build/smarie/python-parsyfiles/parsyfiles/parsing_combining_parsers.py&quot;, line 552, in _parse_singlefile
    return self._converter.convert(desired_type, first, logger, options)
  File &quot;/home/travis/build/smarie/python-parsyfiles/parsyfiles/converting_core.py&quot;, line 321, in convert
    raise ConversionException.create_not_able_to_convert(source_obj, self, desired_type)
  ParsingException : Error while parsing /home/travis/build/smarie/python-parsyfiles/parsyfiles/tests/parsing_capabilities_by_type/primitives_data/str/ok/pickle-str-= (singlefile, .pyc) as a str with parser &apos;$&lt;read_object_from_pickle&gt; =&gt; &lt;bool_to_string&gt;$&apos; using options=({&apos;MultifileCollectionParser&apos;: {&apos;lazy_parsing&apos;: False}}) : caught 
  ConversionException : Converter $&lt;bool_to_string&gt;$ is not able to ingest source value &apos;&apos; of type &apos;str&apos; and/or convert it to type &apos;str&apos;. This can happen in a chain when the previous step in the chain is generic and actually produced  an output of the wrong type/content
Rebuilding local parsing plan with next candidate parser: $&lt;read_object_from_pickle&gt; =&gt; &lt;float_to_string&gt;$
(B)                                                                                                               |--pickle-str-=.pyc -&gt; str ------- using $&lt;read_object_from_pickle&gt; =&gt; &lt;float_to_string&gt;$
DONE Rebuilding local parsing plan for [/home/travis/build/smarie/python-parsyfiles/parsyfiles/tests/parsing_capabilities_by_type/primitives_data/str/ok/pickle-str-=.pyc]. Resuming parsing...
Executing Parsing Plan for [/home/travis/build/smarie/python-parsyfiles/parsyfiles/tests/parsing_capabilities_by_type/primitives_data/str/ok/pickle-str-=]
(P) /home/travis/build/smarie/python-parsyfiles/parsyfiles/tests/parsing_capabilities_by_type/primitives_data/str/ok/pickle-str-=.pyc -&gt; str ------- using $&lt;read_object_from_pickle&gt; =&gt; &lt;float_to_string&gt;$
  !! Caught error during execution !!
  File &quot;/home/travis/build/smarie/python-parsyfiles/parsyfiles/parsing_core.py&quot;, line 177, in _execute
    self.get_singlefile_encoding(), logger, options)
  File &quot;/home/travis/build/smarie/python-parsyfiles/parsyfiles/parsing_combining_parsers.py&quot;, line 552, in _parse_singlefile
    return self._converter.convert(desired_type, first, logger, options)
  File &quot;/home/travis/build/smarie/python-parsyfiles/parsyfiles/converting_core.py&quot;, line 321, in convert
    raise ConversionException.create_not_able_to_convert(source_obj, self, desired_type)
  ParsingException : Error while parsing /home/travis/build/smarie/python-parsyfiles/parsyfiles/tests/parsing_capabilities_by_type/primitives_data/str/ok/pickle-str-= (singlefile, .pyc) as a str with parser &apos;$&lt;read_object_from_pickle&gt; =&gt; &lt;float_to_string&gt;$&apos; using options=({&apos;MultifileCollectionParser&apos;: {&apos;lazy_parsing&apos;: False}}) : caught 
  ConversionException : Converter $&lt;float_to_string&gt;$ is not able to ingest source value &apos;&apos; of type &apos;str&apos; and/or convert it to type &apos;str&apos;. This can happen in a chain when the previous step in the chain is generic and actually produced  an output of the wrong type/content
Rebuilding local parsing plan with next candidate parser: $&lt;read_object_from_pickle&gt; =&gt; &lt;int_to_string&gt;$
(B)                                                                                                               |--pickle-str-=.pyc -&gt; str ------- using $&lt;read_object_from_pickle&gt; =&gt; &lt;int_to_string&gt;$
DONE Rebuilding local parsing plan for [/home/travis/build/smarie/python-parsyfiles/parsyfiles/tests/parsing_capabilities_by_type/primitives_data/str/ok/pickle-str-=.pyc]. Resuming parsing...
Executing Parsing Plan for [/home/travis/build/smarie/python-parsyfiles/parsyfiles/tests/parsing_capabilities_by_type/primitives_data/str/ok/pickle-str-=]
(P) /home/travis/build/smarie/python-parsyfiles/parsyfiles/tests/parsing_capabilities_by_type/primitives_data/str/ok/pickle-str-=.pyc -&gt; str ------- using $&lt;read_object_from_pickle&gt; =&gt; &lt;int_to_string&gt;$
  !! Caught error during execution !!
  File &quot;/home/travis/build/smarie/python-parsyfiles/parsyfiles/parsing_core.py&quot;, line 177, in _execute
    self.get_singlefile_encoding(), logger, options)
  File &quot;/home/travis/build/smarie/python-parsyfiles/parsyfiles/parsing_combining_parsers.py&quot;, line 552, in _parse_singlefile
    return self._converter.convert(desired_type, first, logger, options)
  File &quot;/home/travis/build/smarie/python-parsyfiles/parsyfiles/converting_core.py&quot;, line 321, in convert
    raise ConversionException.create_not_able_to_convert(source_obj, self, desired_type)
  ParsingException : Error while parsing /home/travis/build/smarie/python-parsyfiles/parsyfiles/tests/parsing_capabilities_by_type/primitives_data/str/ok/pickle-str-= (singlefile, .pyc) as a str with parser &apos;$&lt;read_object_from_pickle&gt; =&gt; &lt;int_to_string&gt;$&apos; using options=({&apos;MultifileCollectionParser&apos;: {&apos;lazy_parsing&apos;: False}}) : caught 
  ConversionException : Converter $&lt;int_to_string&gt;$ is not able to ingest source value &apos;&apos; of type &apos;str&apos; and/or convert it to type &apos;str&apos;. This can happen in a chain when the previous step in the chain is generic and actually produced  an output of the wrong type/content
Rebuilding local parsing plan with next candidate parser: &lt;read_object_from_pickle&gt;
(B)                                                                                                               |--pickle-str-=.pyc -&gt; str ------- using &lt;read_object_from_pickle&gt;
DONE Rebuilding local parsing plan for [/home/travis/build/smarie/python-parsyfiles/parsyfiles/tests/parsing_capabilities_by_type/primitives_data/str/ok/pickle-str-=.pyc]. Resuming parsing...
Executing Parsing Plan for [/home/travis/build/smarie/python-parsyfiles/parsyfiles/tests/parsing_capabilities_by_type/primitives_data/str/ok/pickle-str-=]
(P) /home/travis/build/smarie/python-parsyfiles/parsyfiles/tests/parsing_capabilities_by_type/primitives_data/str/ok/pickle-str-=.pyc -&gt; str ------- using &lt;read_object_from_pickle&gt;
(P)                                                                                                               |--pickle-str-=.pyc -&gt; str SUCCESS !
Completed parsing successfully

==
</system-out></testcase><testcase classname="parsyfiles.tests.parsing_capabilities_by_type.test_parse_primitives" file="parsyfiles/tests/parsing_capabilities_by_type/test_parse_primitives.py" line="179" name="test_parse_by_type[str-ok-pickle-bool-False=False.pyc]" time="0.03793478012084961"><system-out>**** Starting to parse single object of type &lt;str&gt; at location /home/travis/build/smarie/python-parsyfiles/parsyfiles/tests/parsing_capabilities_by_type/primitives_data/str/ok/pickle-bool-False=False ****
Checking all files under [/home/travis/build/smarie/python-parsyfiles/parsyfiles/tests/parsing_capabilities_by_type/primitives_data/str/ok/pickle-bool-False=False]
(C) /home/travis/build/smarie/python-parsyfiles/parsyfiles/tests/parsing_capabilities_by_type/primitives_data/str/ok/pickle-bool-False=False (singlefile, .pyc)
File checks done

Building a parsing plan to parse [/home/travis/build/smarie/python-parsyfiles/parsyfiles/tests/parsing_capabilities_by_type/primitives_data/str/ok/pickle-bool-False=False] into a str
(B) /home/travis/build/smarie/python-parsyfiles/parsyfiles/tests/parsing_capabilities_by_type/primitives_data/str/ok/pickle-bool-False=False.pyc -&gt; str ------- using [Try &apos;$&lt;read_object_from_pickle&gt; =&gt; &lt;bool_to_string&gt;$&apos; then &apos;$&lt;read_object_from_pickle&gt; =&gt; &lt;float_to_string&gt;$&apos; then &apos;$&lt;read_object_from_pickle&gt; =&gt; &lt;int_to_string&gt;$&apos; then &apos;&lt;read_object_from_pickle&gt;]&apos;]
(B)                                                                                                               |--pickle-bool-False=False.pyc -&gt; str ------- using $&lt;read_object_from_pickle&gt; =&gt; &lt;bool_to_string&gt;$
Parsing Plan created successfully

Executing Parsing Plan for [/home/travis/build/smarie/python-parsyfiles/parsyfiles/tests/parsing_capabilities_by_type/primitives_data/str/ok/pickle-bool-False=False]
(P) /home/travis/build/smarie/python-parsyfiles/parsyfiles/tests/parsing_capabilities_by_type/primitives_data/str/ok/pickle-bool-False=False.pyc -&gt; str ------- using $&lt;read_object_from_pickle&gt; =&gt; &lt;bool_to_string&gt;$
(P)                                                                                                               |--pickle-bool-False=False.pyc -&gt; str SUCCESS !
Completed parsing successfully

False==False
</system-out></testcase><testcase classname="parsyfiles.tests.parsing_capabilities_by_type.test_parse_primitives" file="parsyfiles/tests/parsing_capabilities_by_type/test_parse_primitives.py" line="179" name="test_parse_by_type[str-ok-txt-str-=.txt]" time="0.03104257583618164"><system-out>**** Starting to parse single object of type &lt;str&gt; at location /home/travis/build/smarie/python-parsyfiles/parsyfiles/tests/parsing_capabilities_by_type/primitives_data/str/ok/txt-str-= ****
Checking all files under [/home/travis/build/smarie/python-parsyfiles/parsyfiles/tests/parsing_capabilities_by_type/primitives_data/str/ok/txt-str-=]
(C) /home/travis/build/smarie/python-parsyfiles/parsyfiles/tests/parsing_capabilities_by_type/primitives_data/str/ok/txt-str-= (singlefile, .txt)
File checks done

Building a parsing plan to parse [/home/travis/build/smarie/python-parsyfiles/parsyfiles/tests/parsing_capabilities_by_type/primitives_data/str/ok/txt-str-=] into a str
(B) /home/travis/build/smarie/python-parsyfiles/parsyfiles/tests/parsing_capabilities_by_type/primitives_data/str/ok/txt-str-=.txt -&gt; str ------- using &lt;read_str_from_txt&gt;
Parsing Plan created successfully

Executing Parsing Plan for [/home/travis/build/smarie/python-parsyfiles/parsyfiles/tests/parsing_capabilities_by_type/primitives_data/str/ok/txt-str-=]
(P) /home/travis/build/smarie/python-parsyfiles/parsyfiles/tests/parsing_capabilities_by_type/primitives_data/str/ok/txt-str-=.txt -&gt; str ------- using &lt;read_str_from_txt&gt;
(P)                                                                                                               |--txt-str-=.txt -&gt; str SUCCESS !
Completed parsing successfully

==
</system-out></testcase><testcase classname="parsyfiles.tests.parsing_capabilities_by_type.test_parse_primitives" file="parsyfiles/tests/parsing_capabilities_by_type/test_parse_primitives.py" line="179" name="test_parse_by_type[str-ok-txt-float--5.2=-5.2.txt]" time="0.03748130798339844"><system-out>**** Starting to parse single object of type &lt;str&gt; at location /home/travis/build/smarie/python-parsyfiles/parsyfiles/tests/parsing_capabilities_by_type/primitives_data/str/ok/txt-float--5.2=-5.2 ****
Checking all files under [/home/travis/build/smarie/python-parsyfiles/parsyfiles/tests/parsing_capabilities_by_type/primitives_data/str/ok/txt-float--5.2=-5.2]
(C) /home/travis/build/smarie/python-parsyfiles/parsyfiles/tests/parsing_capabilities_by_type/primitives_data/str/ok/txt-float--5.2=-5.2 (singlefile, .txt)
File checks done

Building a parsing plan to parse [/home/travis/build/smarie/python-parsyfiles/parsyfiles/tests/parsing_capabilities_by_type/primitives_data/str/ok/txt-float--5.2=-5.2] into a str
(B) /home/travis/build/smarie/python-parsyfiles/parsyfiles/tests/parsing_capabilities_by_type/primitives_data/str/ok/txt-float--5.2=-5.2.txt -&gt; str ------- using &lt;read_str_from_txt&gt;
Parsing Plan created successfully

Executing Parsing Plan for [/home/travis/build/smarie/python-parsyfiles/parsyfiles/tests/parsing_capabilities_by_type/primitives_data/str/ok/txt-float--5.2=-5.2]
(P) /home/travis/build/smarie/python-parsyfiles/parsyfiles/tests/parsing_capabilities_by_type/primitives_data/str/ok/txt-float--5.2=-5.2.txt -&gt; str ------- using &lt;read_str_from_txt&gt;
(P)                                                                                                               |--txt-float--5.2=-5.2.txt -&gt; str SUCCESS !
Completed parsing successfully

-5.2==-5.2
</system-out></testcase><testcase classname="parsyfiles.tests.parsing_capabilities_by_type.test_parse_primitives" file="parsyfiles/tests/parsing_capabilities_by_type/test_parse_primitives.py" line="179" name="test_parse_by_type[str-ok-txt-bool-False=False.txt]" time="0.034453630447387695"><system-out>**** Starting to parse single object of type &lt;str&gt; at location /home/travis/build/smarie/python-parsyfiles/parsyfiles/tests/parsing_capabilities_by_type/primitives_data/str/ok/txt-bool-False=False ****
Checking all files under [/home/travis/build/smarie/python-parsyfiles/parsyfiles/tests/parsing_capabilities_by_type/primitives_data/str/ok/txt-bool-False=False]
(C) /home/travis/build/smarie/python-parsyfiles/parsyfiles/tests/parsing_capabilities_by_type/primitives_data/str/ok/txt-bool-False=False (singlefile, .txt)
File checks done

Building a parsing plan to parse [/home/travis/build/smarie/python-parsyfiles/parsyfiles/tests/parsing_capabilities_by_type/primitives_data/str/ok/txt-bool-False=False] into a str
(B) /home/travis/build/smarie/python-parsyfiles/parsyfiles/tests/parsing_capabilities_by_type/primitives_data/str/ok/txt-bool-False=False.txt -&gt; str ------- using &lt;read_str_from_txt&gt;
Parsing Plan created successfully

Executing Parsing Plan for [/home/travis/build/smarie/python-parsyfiles/parsyfiles/tests/parsing_capabilities_by_type/primitives_data/str/ok/txt-bool-False=False]
(P) /home/travis/build/smarie/python-parsyfiles/parsyfiles/tests/parsing_capabilities_by_type/primitives_data/str/ok/txt-bool-False=False.txt -&gt; str ------- using &lt;read_str_from_txt&gt;
(P)                                                                                                               |--txt-bool-False=False.txt -&gt; str SUCCESS !
Completed parsing successfully

False==False
</system-out></testcase><testcase classname="parsyfiles.tests.parsing_capabilities_by_type.test_parse_primitives" file="parsyfiles/tests/parsing_capabilities_by_type/test_parse_primitives.py" line="179" name="test_parse_by_type[str-ok-pickle-bool-True=True.pyc]" time="0.036599159240722656"><system-out>**** Starting to parse single object of type &lt;str&gt; at location /home/travis/build/smarie/python-parsyfiles/parsyfiles/tests/parsing_capabilities_by_type/primitives_data/str/ok/pickle-bool-True=True ****
Checking all files under [/home/travis/build/smarie/python-parsyfiles/parsyfiles/tests/parsing_capabilities_by_type/primitives_data/str/ok/pickle-bool-True=True]
(C) /home/travis/build/smarie/python-parsyfiles/parsyfiles/tests/parsing_capabilities_by_type/primitives_data/str/ok/pickle-bool-True=True (singlefile, .pyc)
File checks done

Building a parsing plan to parse [/home/travis/build/smarie/python-parsyfiles/parsyfiles/tests/parsing_capabilities_by_type/primitives_data/str/ok/pickle-bool-True=True] into a str
(B) /home/travis/build/smarie/python-parsyfiles/parsyfiles/tests/parsing_capabilities_by_type/primitives_data/str/ok/pickle-bool-True=True.pyc -&gt; str ------- using [Try &apos;$&lt;read_object_from_pickle&gt; =&gt; &lt;bool_to_string&gt;$&apos; then &apos;$&lt;read_object_from_pickle&gt; =&gt; &lt;float_to_string&gt;$&apos; then &apos;$&lt;read_object_from_pickle&gt; =&gt; &lt;int_to_string&gt;$&apos; then &apos;&lt;read_object_from_pickle&gt;]&apos;]
(B)                                                                                                               |--pickle-bool-True=True.pyc -&gt; str ------- using $&lt;read_object_from_pickle&gt; =&gt; &lt;bool_to_string&gt;$
Parsing Plan created successfully

Executing Parsing Plan for [/home/travis/build/smarie/python-parsyfiles/parsyfiles/tests/parsing_capabilities_by_type/primitives_data/str/ok/pickle-bool-True=True]
(P) /home/travis/build/smarie/python-parsyfiles/parsyfiles/tests/parsing_capabilities_by_type/primitives_data/str/ok/pickle-bool-True=True.pyc -&gt; str ------- using $&lt;read_object_from_pickle&gt; =&gt; &lt;bool_to_string&gt;$
(P)                                                                                                               |--pickle-bool-True=True.pyc -&gt; str SUCCESS !
Completed parsing successfully

True==True
</system-out></testcase><testcase classname="parsyfiles.tests.parsing_capabilities_by_type.test_parse_primitives" file="parsyfiles/tests/parsing_capabilities_by_type/test_parse_primitives.py" line="179" name="test_parse_by_type[str-ok-b64pickle-str-a=a.txt]" time="0.022818803787231445"><skipped message="There is no way as of today that parsyfiles detects that the string present in the file is not thestring that you actually want, but a pickled version of that string. This is really not a failure" type="pytest.skip">/home/travis/build/smarie/python-parsyfiles/parsyfiles/tests/parsing_capabilities_by_type/test_parse_primitives.py:187: &lt;py._xmlgen.raw object at 0x7fab06f88f60&gt;</skipped></testcase><testcase classname="parsyfiles.tests.parsing_capabilities_by_type.test_parse_primitives" file="parsyfiles/tests/parsing_capabilities_by_type/test_parse_primitives.py" line="179" name="test_parse_by_type[str-ok-txt-str-toto=toto.txt]" time="0.038759708404541016"><system-out>**** Starting to parse single object of type &lt;str&gt; at location /home/travis/build/smarie/python-parsyfiles/parsyfiles/tests/parsing_capabilities_by_type/primitives_data/str/ok/txt-str-toto=toto ****
Checking all files under [/home/travis/build/smarie/python-parsyfiles/parsyfiles/tests/parsing_capabilities_by_type/primitives_data/str/ok/txt-str-toto=toto]
(C) /home/travis/build/smarie/python-parsyfiles/parsyfiles/tests/parsing_capabilities_by_type/primitives_data/str/ok/txt-str-toto=toto (singlefile, .txt)
File checks done

Building a parsing plan to parse [/home/travis/build/smarie/python-parsyfiles/parsyfiles/tests/parsing_capabilities_by_type/primitives_data/str/ok/txt-str-toto=toto] into a str
(B) /home/travis/build/smarie/python-parsyfiles/parsyfiles/tests/parsing_capabilities_by_type/primitives_data/str/ok/txt-str-toto=toto.txt -&gt; str ------- using &lt;read_str_from_txt&gt;
Parsing Plan created successfully

Executing Parsing Plan for [/home/travis/build/smarie/python-parsyfiles/parsyfiles/tests/parsing_capabilities_by_type/primitives_data/str/ok/txt-str-toto=toto]
(P) /home/travis/build/smarie/python-parsyfiles/parsyfiles/tests/parsing_capabilities_by_type/primitives_data/str/ok/txt-str-toto=toto.txt -&gt; str ------- using &lt;read_str_from_txt&gt;
(P)                                                                                                               |--txt-str-toto=toto.txt -&gt; str SUCCESS !
Completed parsing successfully

toto==toto
</system-out></testcase><testcase classname="parsyfiles.tests.parsing_capabilities_by_type.test_parse_primitives" file="parsyfiles/tests/parsing_capabilities_by_type/test_parse_primitives.py" line="179" name="test_parse_by_type[str-ok-txt-float-10.1=10.1.txt]" time="0.03450512886047363"><system-out>**** Starting to parse single object of type &lt;str&gt; at location /home/travis/build/smarie/python-parsyfiles/parsyfiles/tests/parsing_capabilities_by_type/primitives_data/str/ok/txt-float-10.1=10.1 ****
Checking all files under [/home/travis/build/smarie/python-parsyfiles/parsyfiles/tests/parsing_capabilities_by_type/primitives_data/str/ok/txt-float-10.1=10.1]
(C) /home/travis/build/smarie/python-parsyfiles/parsyfiles/tests/parsing_capabilities_by_type/primitives_data/str/ok/txt-float-10.1=10.1 (singlefile, .txt)
File checks done

Building a parsing plan to parse [/home/travis/build/smarie/python-parsyfiles/parsyfiles/tests/parsing_capabilities_by_type/primitives_data/str/ok/txt-float-10.1=10.1] into a str
(B) /home/travis/build/smarie/python-parsyfiles/parsyfiles/tests/parsing_capabilities_by_type/primitives_data/str/ok/txt-float-10.1=10.1.txt -&gt; str ------- using &lt;read_str_from_txt&gt;
Parsing Plan created successfully

Executing Parsing Plan for [/home/travis/build/smarie/python-parsyfiles/parsyfiles/tests/parsing_capabilities_by_type/primitives_data/str/ok/txt-float-10.1=10.1]
(P) /home/travis/build/smarie/python-parsyfiles/parsyfiles/tests/parsing_capabilities_by_type/primitives_data/str/ok/txt-float-10.1=10.1.txt -&gt; str ------- using &lt;read_str_from_txt&gt;
(P)                                                                                                               |--txt-float-10.1=10.1.txt -&gt; str SUCCESS !
Completed parsing successfully

10.1==10.1
</system-out></testcase><testcase classname="parsyfiles.tests.parsing_capabilities_by_type.test_parse_primitives" file="parsyfiles/tests/parsing_capabilities_by_type/test_parse_primitives.py" line="179" name="test_parse_by_type[str-ok-txt-int--2=-2.txt]" time="0.04554557800292969"><system-out>**** Starting to parse single object of type &lt;str&gt; at location /home/travis/build/smarie/python-parsyfiles/parsyfiles/tests/parsing_capabilities_by_type/primitives_data/str/ok/txt-int--2=-2 ****
Checking all files under [/home/travis/build/smarie/python-parsyfiles/parsyfiles/tests/parsing_capabilities_by_type/primitives_data/str/ok/txt-int--2=-2]
(C) /home/travis/build/smarie/python-parsyfiles/parsyfiles/tests/parsing_capabilities_by_type/primitives_data/str/ok/txt-int--2=-2 (singlefile, .txt)
File checks done

Building a parsing plan to parse [/home/travis/build/smarie/python-parsyfiles/parsyfiles/tests/parsing_capabilities_by_type/primitives_data/str/ok/txt-int--2=-2] into a str
(B) /home/travis/build/smarie/python-parsyfiles/parsyfiles/tests/parsing_capabilities_by_type/primitives_data/str/ok/txt-int--2=-2.txt -&gt; str ------- using &lt;read_str_from_txt&gt;
Parsing Plan created successfully

Executing Parsing Plan for [/home/travis/build/smarie/python-parsyfiles/parsyfiles/tests/parsing_capabilities_by_type/primitives_data/str/ok/txt-int--2=-2]
(P) /home/travis/build/smarie/python-parsyfiles/parsyfiles/tests/parsing_capabilities_by_type/primitives_data/str/ok/txt-int--2=-2.txt -&gt; str ------- using &lt;read_str_from_txt&gt;
(P)                                                                                                               |--txt-int--2=-2.txt -&gt; str SUCCESS !
Completed parsing successfully

-2==-2
</system-out></testcase><testcase classname="parsyfiles.tests.parsing_capabilities_by_type.test_parse_primitives" file="parsyfiles/tests/parsing_capabilities_by_type/test_parse_primitives.py" line="179" name="test_parse_by_type[str-ok-pickle-float-10.1=10.1.pyc]" time="0.0384213924407959"><system-out>**** Starting to parse single object of type &lt;str&gt; at location /home/travis/build/smarie/python-parsyfiles/parsyfiles/tests/parsing_capabilities_by_type/primitives_data/str/ok/pickle-float-10.1=10.1 ****
Checking all files under [/home/travis/build/smarie/python-parsyfiles/parsyfiles/tests/parsing_capabilities_by_type/primitives_data/str/ok/pickle-float-10.1=10.1]
(C) /home/travis/build/smarie/python-parsyfiles/parsyfiles/tests/parsing_capabilities_by_type/primitives_data/str/ok/pickle-float-10.1=10.1 (singlefile, .pyc)
File checks done

Building a parsing plan to parse [/home/travis/build/smarie/python-parsyfiles/parsyfiles/tests/parsing_capabilities_by_type/primitives_data/str/ok/pickle-float-10.1=10.1] into a str
(B) /home/travis/build/smarie/python-parsyfiles/parsyfiles/tests/parsing_capabilities_by_type/primitives_data/str/ok/pickle-float-10.1=10.1.pyc -&gt; str ------- using [Try &apos;$&lt;read_object_from_pickle&gt; =&gt; &lt;bool_to_string&gt;$&apos; then &apos;$&lt;read_object_from_pickle&gt; =&gt; &lt;float_to_string&gt;$&apos; then &apos;$&lt;read_object_from_pickle&gt; =&gt; &lt;int_to_string&gt;$&apos; then &apos;&lt;read_object_from_pickle&gt;]&apos;]
(B)                                                                                                               |--pickle-float-10.1=10.1.pyc -&gt; str ------- using $&lt;read_object_from_pickle&gt; =&gt; &lt;bool_to_string&gt;$
Parsing Plan created successfully

Executing Parsing Plan for [/home/travis/build/smarie/python-parsyfiles/parsyfiles/tests/parsing_capabilities_by_type/primitives_data/str/ok/pickle-float-10.1=10.1]
(P) /home/travis/build/smarie/python-parsyfiles/parsyfiles/tests/parsing_capabilities_by_type/primitives_data/str/ok/pickle-float-10.1=10.1.pyc -&gt; str ------- using $&lt;read_object_from_pickle&gt; =&gt; &lt;bool_to_string&gt;$
  !! Caught error during execution !!
  File &quot;/home/travis/build/smarie/python-parsyfiles/parsyfiles/parsing_core.py&quot;, line 177, in _execute
    self.get_singlefile_encoding(), logger, options)
  File &quot;/home/travis/build/smarie/python-parsyfiles/parsyfiles/parsing_combining_parsers.py&quot;, line 552, in _parse_singlefile
    return self._converter.convert(desired_type, first, logger, options)
  File &quot;/home/travis/build/smarie/python-parsyfiles/parsyfiles/converting_core.py&quot;, line 321, in convert
    raise ConversionException.create_not_able_to_convert(source_obj, self, desired_type)
  ParsingException : Error while parsing /home/travis/build/smarie/python-parsyfiles/parsyfiles/tests/parsing_capabilities_by_type/primitives_data/str/ok/pickle-float-10.1=10.1 (singlefile, .pyc) as a str with parser &apos;$&lt;read_object_from_pickle&gt; =&gt; &lt;bool_to_string&gt;$&apos; using options=({&apos;MultifileCollectionParser&apos;: {&apos;lazy_parsing&apos;: False}}) : caught 
  ConversionException : Converter $&lt;bool_to_string&gt;$ is not able to ingest source value &apos;10.1&apos; of type &apos;float&apos; and/or convert it to type &apos;str&apos;. This can happen in a chain when the previous step in the chain is generic and actually produced  an output of the wrong type/content
Rebuilding local parsing plan with next candidate parser: $&lt;read_object_from_pickle&gt; =&gt; &lt;float_to_string&gt;$
(B)                                                                                                               |--pickle-float-10.1=10.1.pyc -&gt; str ------- using $&lt;read_object_from_pickle&gt; =&gt; &lt;float_to_string&gt;$
DONE Rebuilding local parsing plan for [/home/travis/build/smarie/python-parsyfiles/parsyfiles/tests/parsing_capabilities_by_type/primitives_data/str/ok/pickle-float-10.1=10.1.pyc]. Resuming parsing...
Executing Parsing Plan for [/home/travis/build/smarie/python-parsyfiles/parsyfiles/tests/parsing_capabilities_by_type/primitives_data/str/ok/pickle-float-10.1=10.1]
(P) /home/travis/build/smarie/python-parsyfiles/parsyfiles/tests/parsing_capabilities_by_type/primitives_data/str/ok/pickle-float-10.1=10.1.pyc -&gt; str ------- using $&lt;read_object_from_pickle&gt; =&gt; &lt;float_to_string&gt;$
(P)                                                                                                               |--pickle-float-10.1=10.1.pyc -&gt; str SUCCESS !
Completed parsing successfully

10.1==10.1
</system-out></testcase><testcase classname="parsyfiles.tests.parsing_capabilities_by_type.test_parse_primitives" file="parsyfiles/tests/parsing_capabilities_by_type/test_parse_primitives.py" line="179" name="test_parse_by_type[str-ok-txt-str-lots%%tof%%nspecial%%rchars=lots%%tof%%nspecial%%rchars.txt]" time="0.031604766845703125"><failure message="AssertionError: assert &apos;lots\tof\nspecial\nchars&apos; == &apos;lots\tof\nspecial\rchars&apos;
    lots	of
  - special
  ?        ^
  + special
  ?        ^
    chars">typ = &apos;str&apos;, ok_or_err = &apos;ok&apos;
file = &apos;txt-str-lots%%tof%%nspecial%%rchars=lots%%tof%%nspecial%%rchars.txt&apos;
root_parser = parsyfiles defaults

    @pytest.mark.parametrize(&quot;typ,ok_or_err,file&quot;, all_tests)
    def test_parse_by_type(typ: str, ok_or_err: str, file: str, root_parser):
        typp = eval(typ)
        # pprint(get_capabilities_for_type(typp))
    
        # Known skipped cases
        if typ == &apos;str&apos; and ok_or_err == &apos;ok&apos; and file == &apos;b64pickle-str-a=a.txt&apos;:
            pytest.skip(&quot;There is no way as of today that parsyfiles detects that the string present in the file is not the&quot;
                        &quot;string that you actually want, but a pickled version of that string. This is really not a failure&quot;)
    
        try:
            # ignore unresolved reference : method `profile` is created on the fly by the line_profiler
            RootParser.parse_item = profile(RootParser.parse_item)
        except:
            pass
    
        if ok_or_err is &apos;ok&apos;:
            parsed = root_parser.parse_item(location=get_file_path_no_ext(typ, ok_or_err, file), item_type=typp)
&gt;           assert parsed == get_expected_answer(file, typp)
E           AssertionError: assert &apos;lots\tof\nspecial\nchars&apos; == &apos;lots\tof\nspecial\rchars&apos;
E               lots	of
E             - special
E             ?        ^
E             + special
E             ?        ^
E               chars

parsyfiles/tests/parsing_capabilities_by_type/test_parse_primitives.py:198: AssertionError</failure><system-out>**** Starting to parse single object of type &lt;str&gt; at location /home/travis/build/smarie/python-parsyfiles/parsyfiles/tests/parsing_capabilities_by_type/primitives_data/str/ok/txt-str-lots%%tof%%nspecial%%rchars=lots%%tof%%nspecial%%rchars ****
Checking all files under [/home/travis/build/smarie/python-parsyfiles/parsyfiles/tests/parsing_capabilities_by_type/primitives_data/str/ok/txt-str-lots%%tof%%nspecial%%rchars=lots%%tof%%nspecial%%rchars]
(C) /home/travis/build/smarie/python-parsyfiles/parsyfiles/tests/parsing_capabilities_by_type/primitives_data/str/ok/txt-str-lots%%tof%%nspecial%%rchars=lots%%tof%%nspecial%%rchars (singlefile, .txt)
File checks done

Building a parsing plan to parse [/home/travis/build/smarie/python-parsyfiles/parsyfiles/tests/parsing_capabilities_by_type/primitives_data/str/ok/txt-str-lots%%tof%%nspecial%%rchars=lots%%tof%%nspecial%%rchars] into a str
(B) /home/travis/build/smarie/python-parsyfiles/parsyfiles/tests/parsing_capabilities_by_type/primitives_data/str/ok/txt-str-lots%%tof%%nspecial%%rchars=lots%%tof%%nspecial%%rchars.txt -&gt; str ------- using &lt;read_str_from_txt&gt;
Parsing Plan created successfully

Executing Parsing Plan for [/home/travis/build/smarie/python-parsyfiles/parsyfiles/tests/parsing_capabilities_by_type/primitives_data/str/ok/txt-str-lots%%tof%%nspecial%%rchars=lots%%tof%%nspecial%%rchars]
(P) /home/travis/build/smarie/python-parsyfiles/parsyfiles/tests/parsing_capabilities_by_type/primitives_data/str/ok/txt-str-lots%%tof%%nspecial%%rchars=lots%%tof%%nspecial%%rchars.txt -&gt; str ------- using &lt;read_str_from_txt&gt;
(P)                                                                                                               |--txt-str-lots%%tof%%nspecial%%rchars=lots%%tof%%nspecial%%rchars.txt -&gt; str SUCCESS !
Completed parsing successfully

</system-out></testcase><testcase classname="parsyfiles.tests.parsing_capabilities_by_type.test_parse_primitives" file="parsyfiles/tests/parsing_capabilities_by_type/test_parse_primitives.py" line="179" name="test_parse_by_type[str-ok-pickle-float--5.2=-5.2.pyc]" time="0.03218340873718262"><system-out>**** Starting to parse single object of type &lt;str&gt; at location /home/travis/build/smarie/python-parsyfiles/parsyfiles/tests/parsing_capabilities_by_type/primitives_data/str/ok/pickle-float--5.2=-5.2 ****
Checking all files under [/home/travis/build/smarie/python-parsyfiles/parsyfiles/tests/parsing_capabilities_by_type/primitives_data/str/ok/pickle-float--5.2=-5.2]
(C) /home/travis/build/smarie/python-parsyfiles/parsyfiles/tests/parsing_capabilities_by_type/primitives_data/str/ok/pickle-float--5.2=-5.2 (singlefile, .pyc)
File checks done

Building a parsing plan to parse [/home/travis/build/smarie/python-parsyfiles/parsyfiles/tests/parsing_capabilities_by_type/primitives_data/str/ok/pickle-float--5.2=-5.2] into a str
(B) /home/travis/build/smarie/python-parsyfiles/parsyfiles/tests/parsing_capabilities_by_type/primitives_data/str/ok/pickle-float--5.2=-5.2.pyc -&gt; str ------- using [Try &apos;$&lt;read_object_from_pickle&gt; =&gt; &lt;bool_to_string&gt;$&apos; then &apos;$&lt;read_object_from_pickle&gt; =&gt; &lt;float_to_string&gt;$&apos; then &apos;$&lt;read_object_from_pickle&gt; =&gt; &lt;int_to_string&gt;$&apos; then &apos;&lt;read_object_from_pickle&gt;]&apos;]
(B)                                                                                                               |--pickle-float--5.2=-5.2.pyc -&gt; str ------- using $&lt;read_object_from_pickle&gt; =&gt; &lt;bool_to_string&gt;$
Parsing Plan created successfully

Executing Parsing Plan for [/home/travis/build/smarie/python-parsyfiles/parsyfiles/tests/parsing_capabilities_by_type/primitives_data/str/ok/pickle-float--5.2=-5.2]
(P) /home/travis/build/smarie/python-parsyfiles/parsyfiles/tests/parsing_capabilities_by_type/primitives_data/str/ok/pickle-float--5.2=-5.2.pyc -&gt; str ------- using $&lt;read_object_from_pickle&gt; =&gt; &lt;bool_to_string&gt;$
  !! Caught error during execution !!
  File &quot;/home/travis/build/smarie/python-parsyfiles/parsyfiles/parsing_core.py&quot;, line 177, in _execute
    self.get_singlefile_encoding(), logger, options)
  File &quot;/home/travis/build/smarie/python-parsyfiles/parsyfiles/parsing_combining_parsers.py&quot;, line 552, in _parse_singlefile
    return self._converter.convert(desired_type, first, logger, options)
  File &quot;/home/travis/build/smarie/python-parsyfiles/parsyfiles/converting_core.py&quot;, line 321, in convert
    raise ConversionException.create_not_able_to_convert(source_obj, self, desired_type)
  ParsingException : Error while parsing /home/travis/build/smarie/python-parsyfiles/parsyfiles/tests/parsing_capabilities_by_type/primitives_data/str/ok/pickle-float--5.2=-5.2 (singlefile, .pyc) as a str with parser &apos;$&lt;read_object_from_pickle&gt; =&gt; &lt;bool_to_string&gt;$&apos; using options=({&apos;MultifileCollectionParser&apos;: {&apos;lazy_parsing&apos;: False}}) : caught 
  ConversionException : Converter $&lt;bool_to_string&gt;$ is not able to ingest source value &apos;-5.2&apos; of type &apos;float&apos; and/or convert it to type &apos;str&apos;. This can happen in a chain when the previous step in the chain is generic and actually produced  an output of the wrong type/content
Rebuilding local parsing plan with next candidate parser: $&lt;read_object_from_pickle&gt; =&gt; &lt;float_to_string&gt;$
(B)                                                                                                               |--pickle-float--5.2=-5.2.pyc -&gt; str ------- using $&lt;read_object_from_pickle&gt; =&gt; &lt;float_to_string&gt;$
DONE Rebuilding local parsing plan for [/home/travis/build/smarie/python-parsyfiles/parsyfiles/tests/parsing_capabilities_by_type/primitives_data/str/ok/pickle-float--5.2=-5.2.pyc]. Resuming parsing...
Executing Parsing Plan for [/home/travis/build/smarie/python-parsyfiles/parsyfiles/tests/parsing_capabilities_by_type/primitives_data/str/ok/pickle-float--5.2=-5.2]
(P) /home/travis/build/smarie/python-parsyfiles/parsyfiles/tests/parsing_capabilities_by_type/primitives_data/str/ok/pickle-float--5.2=-5.2.pyc -&gt; str ------- using $&lt;read_object_from_pickle&gt; =&gt; &lt;float_to_string&gt;$
(P)                                                                                                               |--pickle-float--5.2=-5.2.pyc -&gt; str SUCCESS !
Completed parsing successfully

-5.2==-5.2
</system-out></testcase><testcase classname="parsyfiles.tests.parsing_capabilities_by_type.test_parse_primitives" file="parsyfiles/tests/parsing_capabilities_by_type/test_parse_primitives.py" line="179" name="test_parse_by_type[str-ok-pickle-float-0.0=0.0.pyc]" time="0.031758785247802734"><system-out>**** Starting to parse single object of type &lt;str&gt; at location /home/travis/build/smarie/python-parsyfiles/parsyfiles/tests/parsing_capabilities_by_type/primitives_data/str/ok/pickle-float-0.0=0.0 ****
Checking all files under [/home/travis/build/smarie/python-parsyfiles/parsyfiles/tests/parsing_capabilities_by_type/primitives_data/str/ok/pickle-float-0.0=0.0]
(C) /home/travis/build/smarie/python-parsyfiles/parsyfiles/tests/parsing_capabilities_by_type/primitives_data/str/ok/pickle-float-0.0=0.0 (singlefile, .pyc)
File checks done

Building a parsing plan to parse [/home/travis/build/smarie/python-parsyfiles/parsyfiles/tests/parsing_capabilities_by_type/primitives_data/str/ok/pickle-float-0.0=0.0] into a str
(B) /home/travis/build/smarie/python-parsyfiles/parsyfiles/tests/parsing_capabilities_by_type/primitives_data/str/ok/pickle-float-0.0=0.0.pyc -&gt; str ------- using [Try &apos;$&lt;read_object_from_pickle&gt; =&gt; &lt;bool_to_string&gt;$&apos; then &apos;$&lt;read_object_from_pickle&gt; =&gt; &lt;float_to_string&gt;$&apos; then &apos;$&lt;read_object_from_pickle&gt; =&gt; &lt;int_to_string&gt;$&apos; then &apos;&lt;read_object_from_pickle&gt;]&apos;]
(B)                                                                                                               |--pickle-float-0.0=0.0.pyc -&gt; str ------- using $&lt;read_object_from_pickle&gt; =&gt; &lt;bool_to_string&gt;$
Parsing Plan created successfully

Executing Parsing Plan for [/home/travis/build/smarie/python-parsyfiles/parsyfiles/tests/parsing_capabilities_by_type/primitives_data/str/ok/pickle-float-0.0=0.0]
(P) /home/travis/build/smarie/python-parsyfiles/parsyfiles/tests/parsing_capabilities_by_type/primitives_data/str/ok/pickle-float-0.0=0.0.pyc -&gt; str ------- using $&lt;read_object_from_pickle&gt; =&gt; &lt;bool_to_string&gt;$
  !! Caught error during execution !!
  File &quot;/home/travis/build/smarie/python-parsyfiles/parsyfiles/parsing_core.py&quot;, line 177, in _execute
    self.get_singlefile_encoding(), logger, options)
  File &quot;/home/travis/build/smarie/python-parsyfiles/parsyfiles/parsing_combining_parsers.py&quot;, line 552, in _parse_singlefile
    return self._converter.convert(desired_type, first, logger, options)
  File &quot;/home/travis/build/smarie/python-parsyfiles/parsyfiles/converting_core.py&quot;, line 321, in convert
    raise ConversionException.create_not_able_to_convert(source_obj, self, desired_type)
  ParsingException : Error while parsing /home/travis/build/smarie/python-parsyfiles/parsyfiles/tests/parsing_capabilities_by_type/primitives_data/str/ok/pickle-float-0.0=0.0 (singlefile, .pyc) as a str with parser &apos;$&lt;read_object_from_pickle&gt; =&gt; &lt;bool_to_string&gt;$&apos; using options=({&apos;MultifileCollectionParser&apos;: {&apos;lazy_parsing&apos;: False}}) : caught 
  ConversionException : Converter $&lt;bool_to_string&gt;$ is not able to ingest source value &apos;0.0&apos; of type &apos;float&apos; and/or convert it to type &apos;str&apos;. This can happen in a chain when the previous step in the chain is generic and actually produced  an output of the wrong type/content
Rebuilding local parsing plan with next candidate parser: $&lt;read_object_from_pickle&gt; =&gt; &lt;float_to_string&gt;$
(B)                                                                                                               |--pickle-float-0.0=0.0.pyc -&gt; str ------- using $&lt;read_object_from_pickle&gt; =&gt; &lt;float_to_string&gt;$
DONE Rebuilding local parsing plan for [/home/travis/build/smarie/python-parsyfiles/parsyfiles/tests/parsing_capabilities_by_type/primitives_data/str/ok/pickle-float-0.0=0.0.pyc]. Resuming parsing...
Executing Parsing Plan for [/home/travis/build/smarie/python-parsyfiles/parsyfiles/tests/parsing_capabilities_by_type/primitives_data/str/ok/pickle-float-0.0=0.0]
(P) /home/travis/build/smarie/python-parsyfiles/parsyfiles/tests/parsing_capabilities_by_type/primitives_data/str/ok/pickle-float-0.0=0.0.pyc -&gt; str ------- using $&lt;read_object_from_pickle&gt; =&gt; &lt;float_to_string&gt;$
(P)                                                                                                               |--pickle-float-0.0=0.0.pyc -&gt; str SUCCESS !
Completed parsing successfully

0.0==0.0
</system-out></testcase><testcase classname="parsyfiles.tests.parsing_capabilities_by_type.test_parse_primitives" file="parsyfiles/tests/parsing_capabilities_by_type/test_parse_primitives.py" line="179" name="test_parse_by_type[str-ok-pickle-str-lots%%tof%%nspecial%%rchars=lots%%tof%%nspecial%%rchars.pyc]" time="0.03513979911804199"><system-out>**** Starting to parse single object of type &lt;str&gt; at location /home/travis/build/smarie/python-parsyfiles/parsyfiles/tests/parsing_capabilities_by_type/primitives_data/str/ok/pickle-str-lots%%tof%%nspecial%%rchars=lots%%tof%%nspecial%%rchars ****
Checking all files under [/home/travis/build/smarie/python-parsyfiles/parsyfiles/tests/parsing_capabilities_by_type/primitives_data/str/ok/pickle-str-lots%%tof%%nspecial%%rchars=lots%%tof%%nspecial%%rchars]
(C) /home/travis/build/smarie/python-parsyfiles/parsyfiles/tests/parsing_capabilities_by_type/primitives_data/str/ok/pickle-str-lots%%tof%%nspecial%%rchars=lots%%tof%%nspecial%%rchars (singlefile, .pyc)
File checks done

Building a parsing plan to parse [/home/travis/build/smarie/python-parsyfiles/parsyfiles/tests/parsing_capabilities_by_type/primitives_data/str/ok/pickle-str-lots%%tof%%nspecial%%rchars=lots%%tof%%nspecial%%rchars] into a str
(B) /home/travis/build/smarie/python-parsyfiles/parsyfiles/tests/parsing_capabilities_by_type/primitives_data/str/ok/pickle-str-lots%%tof%%nspecial%%rchars=lots%%tof%%nspecial%%rchars.pyc -&gt; str ------- using [Try &apos;$&lt;read_object_from_pickle&gt; =&gt; &lt;bool_to_string&gt;$&apos; then &apos;$&lt;read_object_from_pickle&gt; =&gt; &lt;float_to_string&gt;$&apos; then &apos;$&lt;read_object_from_pickle&gt; =&gt; &lt;int_to_string&gt;$&apos; then &apos;&lt;read_object_from_pickle&gt;]&apos;]
(B)                                                                                                               |--pickle-str-lots%%tof%%nspecial%%rchars=lots%%tof%%nspecial%%rchars.pyc -&gt; str ------- using $&lt;read_object_from_pickle&gt; =&gt; &lt;bool_to_string&gt;$
Parsing Plan created successfully

Executing Parsing Plan for [/home/travis/build/smarie/python-parsyfiles/parsyfiles/tests/parsing_capabilities_by_type/primitives_data/str/ok/pickle-str-lots%%tof%%nspecial%%rchars=lots%%tof%%nspecial%%rchars]
(P) /home/travis/build/smarie/python-parsyfiles/parsyfiles/tests/parsing_capabilities_by_type/primitives_data/str/ok/pickle-str-lots%%tof%%nspecial%%rchars=lots%%tof%%nspecial%%rchars.pyc -&gt; str ------- using $&lt;read_object_from_pickle&gt; =&gt; &lt;bool_to_string&gt;$
  !! Caught error during execution !!
  File &quot;/home/travis/build/smarie/python-parsyfiles/parsyfiles/parsing_core.py&quot;, line 177, in _execute
    self.get_singlefile_encoding(), logger, options)
  File &quot;/home/travis/build/smarie/python-parsyfiles/parsyfiles/parsing_combining_parsers.py&quot;, line 552, in _parse_singlefile
    return self._converter.convert(desired_type, first, logger, options)
  File &quot;/home/travis/build/smarie/python-parsyfiles/parsyfiles/converting_core.py&quot;, line 321, in convert
    raise ConversionException.create_not_able_to_convert(source_obj, self, desired_type)
  ParsingException : Error while parsing /home/travis/build/smarie/python-parsyfiles/parsyfiles/tests/parsing_capabilities_by_type/primitives_data/str/ok/pickle-str-lots%%tof%%nspecial%%rchars=lots%%tof%%nspecial%%rchars (singlefile, .pyc) as a str with parser &apos;$&lt;read_object_from_pickle&gt; =&gt; &lt;bool_to_string&gt;$&apos; using options=({&apos;MultifileCollectionParser&apos;: {&apos;lazy_parsing&apos;: False}}) : caught 
  ConversionException : Converter $&lt;bool_to_string&gt;$ is not able to ingest source value &apos;lots	of
specialchars&apos; of type &apos;str&apos; and/or convert it to type &apos;str&apos;. This can happen in a chain when the previous step in the chain is generic and actually produced  an output of the wrong type/content
Rebuilding local parsing plan with next candidate parser: $&lt;read_object_from_pickle&gt; =&gt; &lt;float_to_string&gt;$
(B)                                                                                                               |--pickle-str-lots%%tof%%nspecial%%rchars=lots%%tof%%nspecial%%rchars.pyc -&gt; str ------- using $&lt;read_object_from_pickle&gt; =&gt; &lt;float_to_string&gt;$
DONE Rebuilding local parsing plan for [/home/travis/build/smarie/python-parsyfiles/parsyfiles/tests/parsing_capabilities_by_type/primitives_data/str/ok/pickle-str-lots%%tof%%nspecial%%rchars=lots%%tof%%nspecial%%rchars.pyc]. Resuming parsing...
Executing Parsing Plan for [/home/travis/build/smarie/python-parsyfiles/parsyfiles/tests/parsing_capabilities_by_type/primitives_data/str/ok/pickle-str-lots%%tof%%nspecial%%rchars=lots%%tof%%nspecial%%rchars]
(P) /home/travis/build/smarie/python-parsyfiles/parsyfiles/tests/parsing_capabilities_by_type/primitives_data/str/ok/pickle-str-lots%%tof%%nspecial%%rchars=lots%%tof%%nspecial%%rchars.pyc -&gt; str ------- using $&lt;read_object_from_pickle&gt; =&gt; &lt;float_to_string&gt;$
  !! Caught error during execution !!
  File &quot;/home/travis/build/smarie/python-parsyfiles/parsyfiles/parsing_core.py&quot;, line 177, in _execute
    self.get_singlefile_encoding(), logger, options)
  File &quot;/home/travis/build/smarie/python-parsyfiles/parsyfiles/parsing_combining_parsers.py&quot;, line 552, in _parse_singlefile
    return self._converter.convert(desired_type, first, logger, options)
  File &quot;/home/travis/build/smarie/python-parsyfiles/parsyfiles/converting_core.py&quot;, line 321, in convert
    raise ConversionException.create_not_able_to_convert(source_obj, self, desired_type)
  ParsingException : Error while parsing /home/travis/build/smarie/python-parsyfiles/parsyfiles/tests/parsing_capabilities_by_type/primitives_data/str/ok/pickle-str-lots%%tof%%nspecial%%rchars=lots%%tof%%nspecial%%rchars (singlefile, .pyc) as a str with parser &apos;$&lt;read_object_from_pickle&gt; =&gt; &lt;float_to_string&gt;$&apos; using options=({&apos;MultifileCollectionParser&apos;: {&apos;lazy_parsing&apos;: False}}) : caught 
  ConversionException : Converter $&lt;float_to_string&gt;$ is not able to ingest source value &apos;lots	of
specialchars&apos; of type &apos;str&apos; and/or convert it to type &apos;str&apos;. This can happen in a chain when the previous step in the chain is generic and actually produced  an output of the wrong type/content
Rebuilding local parsing plan with next candidate parser: $&lt;read_object_from_pickle&gt; =&gt; &lt;int_to_string&gt;$
(B)                                                                                                               |--pickle-str-lots%%tof%%nspecial%%rchars=lots%%tof%%nspecial%%rchars.pyc -&gt; str ------- using $&lt;read_object_from_pickle&gt; =&gt; &lt;int_to_string&gt;$
DONE Rebuilding local parsing plan for [/home/travis/build/smarie/python-parsyfiles/parsyfiles/tests/parsing_capabilities_by_type/primitives_data/str/ok/pickle-str-lots%%tof%%nspecial%%rchars=lots%%tof%%nspecial%%rchars.pyc]. Resuming parsing...
Executing Parsing Plan for [/home/travis/build/smarie/python-parsyfiles/parsyfiles/tests/parsing_capabilities_by_type/primitives_data/str/ok/pickle-str-lots%%tof%%nspecial%%rchars=lots%%tof%%nspecial%%rchars]
(P) /home/travis/build/smarie/python-parsyfiles/parsyfiles/tests/parsing_capabilities_by_type/primitives_data/str/ok/pickle-str-lots%%tof%%nspecial%%rchars=lots%%tof%%nspecial%%rchars.pyc -&gt; str ------- using $&lt;read_object_from_pickle&gt; =&gt; &lt;int_to_string&gt;$
  !! Caught error during execution !!
  File &quot;/home/travis/build/smarie/python-parsyfiles/parsyfiles/parsing_core.py&quot;, line 177, in _execute
    self.get_singlefile_encoding(), logger, options)
  File &quot;/home/travis/build/smarie/python-parsyfiles/parsyfiles/parsing_combining_parsers.py&quot;, line 552, in _parse_singlefile
    return self._converter.convert(desired_type, first, logger, options)
  File &quot;/home/travis/build/smarie/python-parsyfiles/parsyfiles/converting_core.py&quot;, line 321, in convert
    raise ConversionException.create_not_able_to_convert(source_obj, self, desired_type)
  ParsingException : Error while parsing /home/travis/build/smarie/python-parsyfiles/parsyfiles/tests/parsing_capabilities_by_type/primitives_data/str/ok/pickle-str-lots%%tof%%nspecial%%rchars=lots%%tof%%nspecial%%rchars (singlefile, .pyc) as a str with parser &apos;$&lt;read_object_from_pickle&gt; =&gt; &lt;int_to_string&gt;$&apos; using options=({&apos;MultifileCollectionParser&apos;: {&apos;lazy_parsing&apos;: False}}) : caught 
  ConversionException : Converter $&lt;int_to_string&gt;$ is not able to ingest source value &apos;lots	of
specialchars&apos; of type &apos;str&apos; and/or convert it to type &apos;str&apos;. This can happen in a chain when the previous step in the chain is generic and actually produced  an output of the wrong type/content
Rebuilding local parsing plan with next candidate parser: &lt;read_object_from_pickle&gt;
(B)                                                                                                               |--pickle-str-lots%%tof%%nspecial%%rchars=lots%%tof%%nspecial%%rchars.pyc -&gt; str ------- using &lt;read_object_from_pickle&gt;
DONE Rebuilding local parsing plan for [/home/travis/build/smarie/python-parsyfiles/parsyfiles/tests/parsing_capabilities_by_type/primitives_data/str/ok/pickle-str-lots%%tof%%nspecial%%rchars=lots%%tof%%nspecial%%rchars.pyc]. Resuming parsing...
Executing Parsing Plan for [/home/travis/build/smarie/python-parsyfiles/parsyfiles/tests/parsing_capabilities_by_type/primitives_data/str/ok/pickle-str-lots%%tof%%nspecial%%rchars=lots%%tof%%nspecial%%rchars]
(P) /home/travis/build/smarie/python-parsyfiles/parsyfiles/tests/parsing_capabilities_by_type/primitives_data/str/ok/pickle-str-lots%%tof%%nspecial%%rchars=lots%%tof%%nspecial%%rchars.pyc -&gt; str ------- using &lt;read_object_from_pickle&gt;
(P)                                                                                                               |--pickle-str-lots%%tof%%nspecial%%rchars=lots%%tof%%nspecial%%rchars.pyc -&gt; str SUCCESS !
Completed parsing successfully

lots	of
specialchars==lots	of
specialchars
</system-out></testcase><testcase classname="parsyfiles.tests.parsing_capabilities_by_type.test_parse_primitives" file="parsyfiles/tests/parsing_capabilities_by_type/test_parse_primitives.py" line="179" name="test_parse_by_type[str-ok-txt-float-0.0=0.0.txt]" time="0.032894134521484375"><system-out>**** Starting to parse single object of type &lt;str&gt; at location /home/travis/build/smarie/python-parsyfiles/parsyfiles/tests/parsing_capabilities_by_type/primitives_data/str/ok/txt-float-0.0=0.0 ****
Checking all files under [/home/travis/build/smarie/python-parsyfiles/parsyfiles/tests/parsing_capabilities_by_type/primitives_data/str/ok/txt-float-0.0=0.0]
(C) /home/travis/build/smarie/python-parsyfiles/parsyfiles/tests/parsing_capabilities_by_type/primitives_data/str/ok/txt-float-0.0=0.0 (singlefile, .txt)
File checks done

Building a parsing plan to parse [/home/travis/build/smarie/python-parsyfiles/parsyfiles/tests/parsing_capabilities_by_type/primitives_data/str/ok/txt-float-0.0=0.0] into a str
(B) /home/travis/build/smarie/python-parsyfiles/parsyfiles/tests/parsing_capabilities_by_type/primitives_data/str/ok/txt-float-0.0=0.0.txt -&gt; str ------- using &lt;read_str_from_txt&gt;
Parsing Plan created successfully

Executing Parsing Plan for [/home/travis/build/smarie/python-parsyfiles/parsyfiles/tests/parsing_capabilities_by_type/primitives_data/str/ok/txt-float-0.0=0.0]
(P) /home/travis/build/smarie/python-parsyfiles/parsyfiles/tests/parsing_capabilities_by_type/primitives_data/str/ok/txt-float-0.0=0.0.txt -&gt; str ------- using &lt;read_str_from_txt&gt;
(P)                                                                                                               |--txt-float-0.0=0.0.txt -&gt; str SUCCESS !
Completed parsing successfully

0.0==0.0
</system-out></testcase><testcase classname="parsyfiles.tests.parsing_capabilities_by_type.test_parse_primitives" file="parsyfiles/tests/parsing_capabilities_by_type/test_parse_primitives.py" line="179" name="test_parse_by_type[str-ok-pickle-int--2=-2.pyc]" time="0.03993058204650879"><system-out>**** Starting to parse single object of type &lt;str&gt; at location /home/travis/build/smarie/python-parsyfiles/parsyfiles/tests/parsing_capabilities_by_type/primitives_data/str/ok/pickle-int--2=-2 ****
Checking all files under [/home/travis/build/smarie/python-parsyfiles/parsyfiles/tests/parsing_capabilities_by_type/primitives_data/str/ok/pickle-int--2=-2]
(C) /home/travis/build/smarie/python-parsyfiles/parsyfiles/tests/parsing_capabilities_by_type/primitives_data/str/ok/pickle-int--2=-2 (singlefile, .pyc)
File checks done

Building a parsing plan to parse [/home/travis/build/smarie/python-parsyfiles/parsyfiles/tests/parsing_capabilities_by_type/primitives_data/str/ok/pickle-int--2=-2] into a str
(B) /home/travis/build/smarie/python-parsyfiles/parsyfiles/tests/parsing_capabilities_by_type/primitives_data/str/ok/pickle-int--2=-2.pyc -&gt; str ------- using [Try &apos;$&lt;read_object_from_pickle&gt; =&gt; &lt;bool_to_string&gt;$&apos; then &apos;$&lt;read_object_from_pickle&gt; =&gt; &lt;float_to_string&gt;$&apos; then &apos;$&lt;read_object_from_pickle&gt; =&gt; &lt;int_to_string&gt;$&apos; then &apos;&lt;read_object_from_pickle&gt;]&apos;]
(B)                                                                                                               |--pickle-int--2=-2.pyc -&gt; str ------- using $&lt;read_object_from_pickle&gt; =&gt; &lt;bool_to_string&gt;$
Parsing Plan created successfully

Executing Parsing Plan for [/home/travis/build/smarie/python-parsyfiles/parsyfiles/tests/parsing_capabilities_by_type/primitives_data/str/ok/pickle-int--2=-2]
(P) /home/travis/build/smarie/python-parsyfiles/parsyfiles/tests/parsing_capabilities_by_type/primitives_data/str/ok/pickle-int--2=-2.pyc -&gt; str ------- using $&lt;read_object_from_pickle&gt; =&gt; &lt;bool_to_string&gt;$
  !! Caught error during execution !!
  File &quot;/home/travis/build/smarie/python-parsyfiles/parsyfiles/parsing_core.py&quot;, line 177, in _execute
    self.get_singlefile_encoding(), logger, options)
  File &quot;/home/travis/build/smarie/python-parsyfiles/parsyfiles/parsing_combining_parsers.py&quot;, line 552, in _parse_singlefile
    return self._converter.convert(desired_type, first, logger, options)
  File &quot;/home/travis/build/smarie/python-parsyfiles/parsyfiles/converting_core.py&quot;, line 321, in convert
    raise ConversionException.create_not_able_to_convert(source_obj, self, desired_type)
  ParsingException : Error while parsing /home/travis/build/smarie/python-parsyfiles/parsyfiles/tests/parsing_capabilities_by_type/primitives_data/str/ok/pickle-int--2=-2 (singlefile, .pyc) as a str with parser &apos;$&lt;read_object_from_pickle&gt; =&gt; &lt;bool_to_string&gt;$&apos; using options=({&apos;MultifileCollectionParser&apos;: {&apos;lazy_parsing&apos;: False}}) : caught 
  ConversionException : Converter $&lt;bool_to_string&gt;$ is not able to ingest source value &apos;-2&apos; of type &apos;int&apos; and/or convert it to type &apos;str&apos;. This can happen in a chain when the previous step in the chain is generic and actually produced  an output of the wrong type/content
Rebuilding local parsing plan with next candidate parser: $&lt;read_object_from_pickle&gt; =&gt; &lt;float_to_string&gt;$
(B)                                                                                                               |--pickle-int--2=-2.pyc -&gt; str ------- using $&lt;read_object_from_pickle&gt; =&gt; &lt;float_to_string&gt;$
DONE Rebuilding local parsing plan for [/home/travis/build/smarie/python-parsyfiles/parsyfiles/tests/parsing_capabilities_by_type/primitives_data/str/ok/pickle-int--2=-2.pyc]. Resuming parsing...
Executing Parsing Plan for [/home/travis/build/smarie/python-parsyfiles/parsyfiles/tests/parsing_capabilities_by_type/primitives_data/str/ok/pickle-int--2=-2]
(P) /home/travis/build/smarie/python-parsyfiles/parsyfiles/tests/parsing_capabilities_by_type/primitives_data/str/ok/pickle-int--2=-2.pyc -&gt; str ------- using $&lt;read_object_from_pickle&gt; =&gt; &lt;float_to_string&gt;$
  !! Caught error during execution !!
  File &quot;/home/travis/build/smarie/python-parsyfiles/parsyfiles/parsing_core.py&quot;, line 177, in _execute
    self.get_singlefile_encoding(), logger, options)
  File &quot;/home/travis/build/smarie/python-parsyfiles/parsyfiles/parsing_combining_parsers.py&quot;, line 552, in _parse_singlefile
    return self._converter.convert(desired_type, first, logger, options)
  File &quot;/home/travis/build/smarie/python-parsyfiles/parsyfiles/converting_core.py&quot;, line 321, in convert
    raise ConversionException.create_not_able_to_convert(source_obj, self, desired_type)
  ParsingException : Error while parsing /home/travis/build/smarie/python-parsyfiles/parsyfiles/tests/parsing_capabilities_by_type/primitives_data/str/ok/pickle-int--2=-2 (singlefile, .pyc) as a str with parser &apos;$&lt;read_object_from_pickle&gt; =&gt; &lt;float_to_string&gt;$&apos; using options=({&apos;MultifileCollectionParser&apos;: {&apos;lazy_parsing&apos;: False}}) : caught 
  ConversionException : Converter $&lt;float_to_string&gt;$ is not able to ingest source value &apos;-2&apos; of type &apos;int&apos; and/or convert it to type &apos;str&apos;. This can happen in a chain when the previous step in the chain is generic and actually produced  an output of the wrong type/content
Rebuilding local parsing plan with next candidate parser: $&lt;read_object_from_pickle&gt; =&gt; &lt;int_to_string&gt;$
(B)                                                                                                               |--pickle-int--2=-2.pyc -&gt; str ------- using $&lt;read_object_from_pickle&gt; =&gt; &lt;int_to_string&gt;$
DONE Rebuilding local parsing plan for [/home/travis/build/smarie/python-parsyfiles/parsyfiles/tests/parsing_capabilities_by_type/primitives_data/str/ok/pickle-int--2=-2.pyc]. Resuming parsing...
Executing Parsing Plan for [/home/travis/build/smarie/python-parsyfiles/parsyfiles/tests/parsing_capabilities_by_type/primitives_data/str/ok/pickle-int--2=-2]
(P) /home/travis/build/smarie/python-parsyfiles/parsyfiles/tests/parsing_capabilities_by_type/primitives_data/str/ok/pickle-int--2=-2.pyc -&gt; str ------- using $&lt;read_object_from_pickle&gt; =&gt; &lt;int_to_string&gt;$
(P)                                                                                                               |--pickle-int--2=-2.pyc -&gt; str SUCCESS !
Completed parsing successfully

-2==-2
</system-out></testcase><testcase classname="parsyfiles.tests.parsing_capabilities_by_type.test_parse_primitives" file="parsyfiles/tests/parsing_capabilities_by_type/test_parse_primitives.py" line="179" name="test_parse_by_type[str-ok-pickle-int-0=0.pyc]" time="0.04080033302307129"><system-out>**** Starting to parse single object of type &lt;str&gt; at location /home/travis/build/smarie/python-parsyfiles/parsyfiles/tests/parsing_capabilities_by_type/primitives_data/str/ok/pickle-int-0=0 ****
Checking all files under [/home/travis/build/smarie/python-parsyfiles/parsyfiles/tests/parsing_capabilities_by_type/primitives_data/str/ok/pickle-int-0=0]
(C) /home/travis/build/smarie/python-parsyfiles/parsyfiles/tests/parsing_capabilities_by_type/primitives_data/str/ok/pickle-int-0=0 (singlefile, .pyc)
File checks done

Building a parsing plan to parse [/home/travis/build/smarie/python-parsyfiles/parsyfiles/tests/parsing_capabilities_by_type/primitives_data/str/ok/pickle-int-0=0] into a str
(B) /home/travis/build/smarie/python-parsyfiles/parsyfiles/tests/parsing_capabilities_by_type/primitives_data/str/ok/pickle-int-0=0.pyc -&gt; str ------- using [Try &apos;$&lt;read_object_from_pickle&gt; =&gt; &lt;bool_to_string&gt;$&apos; then &apos;$&lt;read_object_from_pickle&gt; =&gt; &lt;float_to_string&gt;$&apos; then &apos;$&lt;read_object_from_pickle&gt; =&gt; &lt;int_to_string&gt;$&apos; then &apos;&lt;read_object_from_pickle&gt;]&apos;]
(B)                                                                                                               |--pickle-int-0=0.pyc -&gt; str ------- using $&lt;read_object_from_pickle&gt; =&gt; &lt;bool_to_string&gt;$
Parsing Plan created successfully

Executing Parsing Plan for [/home/travis/build/smarie/python-parsyfiles/parsyfiles/tests/parsing_capabilities_by_type/primitives_data/str/ok/pickle-int-0=0]
(P) /home/travis/build/smarie/python-parsyfiles/parsyfiles/tests/parsing_capabilities_by_type/primitives_data/str/ok/pickle-int-0=0.pyc -&gt; str ------- using $&lt;read_object_from_pickle&gt; =&gt; &lt;bool_to_string&gt;$
  !! Caught error during execution !!
  File &quot;/home/travis/build/smarie/python-parsyfiles/parsyfiles/parsing_core.py&quot;, line 177, in _execute
    self.get_singlefile_encoding(), logger, options)
  File &quot;/home/travis/build/smarie/python-parsyfiles/parsyfiles/parsing_combining_parsers.py&quot;, line 552, in _parse_singlefile
    return self._converter.convert(desired_type, first, logger, options)
  File &quot;/home/travis/build/smarie/python-parsyfiles/parsyfiles/converting_core.py&quot;, line 321, in convert
    raise ConversionException.create_not_able_to_convert(source_obj, self, desired_type)
  ParsingException : Error while parsing /home/travis/build/smarie/python-parsyfiles/parsyfiles/tests/parsing_capabilities_by_type/primitives_data/str/ok/pickle-int-0=0 (singlefile, .pyc) as a str with parser &apos;$&lt;read_object_from_pickle&gt; =&gt; &lt;bool_to_string&gt;$&apos; using options=({&apos;MultifileCollectionParser&apos;: {&apos;lazy_parsing&apos;: False}}) : caught 
  ConversionException : Converter $&lt;bool_to_string&gt;$ is not able to ingest source value &apos;0&apos; of type &apos;int&apos; and/or convert it to type &apos;str&apos;. This can happen in a chain when the previous step in the chain is generic and actually produced  an output of the wrong type/content
Rebuilding local parsing plan with next candidate parser: $&lt;read_object_from_pickle&gt; =&gt; &lt;float_to_string&gt;$
(B)                                                                                                               |--pickle-int-0=0.pyc -&gt; str ------- using $&lt;read_object_from_pickle&gt; =&gt; &lt;float_to_string&gt;$
DONE Rebuilding local parsing plan for [/home/travis/build/smarie/python-parsyfiles/parsyfiles/tests/parsing_capabilities_by_type/primitives_data/str/ok/pickle-int-0=0.pyc]. Resuming parsing...
Executing Parsing Plan for [/home/travis/build/smarie/python-parsyfiles/parsyfiles/tests/parsing_capabilities_by_type/primitives_data/str/ok/pickle-int-0=0]
(P) /home/travis/build/smarie/python-parsyfiles/parsyfiles/tests/parsing_capabilities_by_type/primitives_data/str/ok/pickle-int-0=0.pyc -&gt; str ------- using $&lt;read_object_from_pickle&gt; =&gt; &lt;float_to_string&gt;$
  !! Caught error during execution !!
  File &quot;/home/travis/build/smarie/python-parsyfiles/parsyfiles/parsing_core.py&quot;, line 177, in _execute
    self.get_singlefile_encoding(), logger, options)
  File &quot;/home/travis/build/smarie/python-parsyfiles/parsyfiles/parsing_combining_parsers.py&quot;, line 552, in _parse_singlefile
    return self._converter.convert(desired_type, first, logger, options)
  File &quot;/home/travis/build/smarie/python-parsyfiles/parsyfiles/converting_core.py&quot;, line 321, in convert
    raise ConversionException.create_not_able_to_convert(source_obj, self, desired_type)
  ParsingException : Error while parsing /home/travis/build/smarie/python-parsyfiles/parsyfiles/tests/parsing_capabilities_by_type/primitives_data/str/ok/pickle-int-0=0 (singlefile, .pyc) as a str with parser &apos;$&lt;read_object_from_pickle&gt; =&gt; &lt;float_to_string&gt;$&apos; using options=({&apos;MultifileCollectionParser&apos;: {&apos;lazy_parsing&apos;: False}}) : caught 
  ConversionException : Converter $&lt;float_to_string&gt;$ is not able to ingest source value &apos;0&apos; of type &apos;int&apos; and/or convert it to type &apos;str&apos;. This can happen in a chain when the previous step in the chain is generic and actually produced  an output of the wrong type/content
Rebuilding local parsing plan with next candidate parser: $&lt;read_object_from_pickle&gt; =&gt; &lt;int_to_string&gt;$
(B)                                                                                                               |--pickle-int-0=0.pyc -&gt; str ------- using $&lt;read_object_from_pickle&gt; =&gt; &lt;int_to_string&gt;$
DONE Rebuilding local parsing plan for [/home/travis/build/smarie/python-parsyfiles/parsyfiles/tests/parsing_capabilities_by_type/primitives_data/str/ok/pickle-int-0=0.pyc]. Resuming parsing...
Executing Parsing Plan for [/home/travis/build/smarie/python-parsyfiles/parsyfiles/tests/parsing_capabilities_by_type/primitives_data/str/ok/pickle-int-0=0]
(P) /home/travis/build/smarie/python-parsyfiles/parsyfiles/tests/parsing_capabilities_by_type/primitives_data/str/ok/pickle-int-0=0.pyc -&gt; str ------- using $&lt;read_object_from_pickle&gt; =&gt; &lt;int_to_string&gt;$
(P)                                                                                                               |--pickle-int-0=0.pyc -&gt; str SUCCESS !
Completed parsing successfully

0==0
</system-out></testcase><testcase classname="parsyfiles.tests.parsing_capabilities_by_type.test_parse_primitives" file="parsyfiles/tests/parsing_capabilities_by_type/test_parse_primitives.py" line="179" name="test_parse_by_type[str-ok-txt-int-5=5.txt]" time="0.03399205207824707"><system-out>**** Starting to parse single object of type &lt;str&gt; at location /home/travis/build/smarie/python-parsyfiles/parsyfiles/tests/parsing_capabilities_by_type/primitives_data/str/ok/txt-int-5=5 ****
Checking all files under [/home/travis/build/smarie/python-parsyfiles/parsyfiles/tests/parsing_capabilities_by_type/primitives_data/str/ok/txt-int-5=5]
(C) /home/travis/build/smarie/python-parsyfiles/parsyfiles/tests/parsing_capabilities_by_type/primitives_data/str/ok/txt-int-5=5 (singlefile, .txt)
File checks done

Building a parsing plan to parse [/home/travis/build/smarie/python-parsyfiles/parsyfiles/tests/parsing_capabilities_by_type/primitives_data/str/ok/txt-int-5=5] into a str
(B) /home/travis/build/smarie/python-parsyfiles/parsyfiles/tests/parsing_capabilities_by_type/primitives_data/str/ok/txt-int-5=5.txt -&gt; str ------- using &lt;read_str_from_txt&gt;
Parsing Plan created successfully

Executing Parsing Plan for [/home/travis/build/smarie/python-parsyfiles/parsyfiles/tests/parsing_capabilities_by_type/primitives_data/str/ok/txt-int-5=5]
(P) /home/travis/build/smarie/python-parsyfiles/parsyfiles/tests/parsing_capabilities_by_type/primitives_data/str/ok/txt-int-5=5.txt -&gt; str ------- using &lt;read_str_from_txt&gt;
(P)                                                                                                               |--txt-int-5=5.txt -&gt; str SUCCESS !
Completed parsing successfully

5==5
</system-out></testcase><testcase classname="parsyfiles.tests.parsing_capabilities_by_type.test_parse_primitives" file="parsyfiles/tests/parsing_capabilities_by_type/test_parse_primitives.py" line="179" name="test_parse_by_type[str-ok-pickle-str-toto=toto.pyc]" time="0.04044699668884277"><system-out>**** Starting to parse single object of type &lt;str&gt; at location /home/travis/build/smarie/python-parsyfiles/parsyfiles/tests/parsing_capabilities_by_type/primitives_data/str/ok/pickle-str-toto=toto ****
Checking all files under [/home/travis/build/smarie/python-parsyfiles/parsyfiles/tests/parsing_capabilities_by_type/primitives_data/str/ok/pickle-str-toto=toto]
(C) /home/travis/build/smarie/python-parsyfiles/parsyfiles/tests/parsing_capabilities_by_type/primitives_data/str/ok/pickle-str-toto=toto (singlefile, .pyc)
File checks done

Building a parsing plan to parse [/home/travis/build/smarie/python-parsyfiles/parsyfiles/tests/parsing_capabilities_by_type/primitives_data/str/ok/pickle-str-toto=toto] into a str
(B) /home/travis/build/smarie/python-parsyfiles/parsyfiles/tests/parsing_capabilities_by_type/primitives_data/str/ok/pickle-str-toto=toto.pyc -&gt; str ------- using [Try &apos;$&lt;read_object_from_pickle&gt; =&gt; &lt;bool_to_string&gt;$&apos; then &apos;$&lt;read_object_from_pickle&gt; =&gt; &lt;float_to_string&gt;$&apos; then &apos;$&lt;read_object_from_pickle&gt; =&gt; &lt;int_to_string&gt;$&apos; then &apos;&lt;read_object_from_pickle&gt;]&apos;]
(B)                                                                                                               |--pickle-str-toto=toto.pyc -&gt; str ------- using $&lt;read_object_from_pickle&gt; =&gt; &lt;bool_to_string&gt;$
Parsing Plan created successfully

Executing Parsing Plan for [/home/travis/build/smarie/python-parsyfiles/parsyfiles/tests/parsing_capabilities_by_type/primitives_data/str/ok/pickle-str-toto=toto]
(P) /home/travis/build/smarie/python-parsyfiles/parsyfiles/tests/parsing_capabilities_by_type/primitives_data/str/ok/pickle-str-toto=toto.pyc -&gt; str ------- using $&lt;read_object_from_pickle&gt; =&gt; &lt;bool_to_string&gt;$
  !! Caught error during execution !!
  File &quot;/home/travis/build/smarie/python-parsyfiles/parsyfiles/parsing_core.py&quot;, line 177, in _execute
    self.get_singlefile_encoding(), logger, options)
  File &quot;/home/travis/build/smarie/python-parsyfiles/parsyfiles/parsing_combining_parsers.py&quot;, line 552, in _parse_singlefile
    return self._converter.convert(desired_type, first, logger, options)
  File &quot;/home/travis/build/smarie/python-parsyfiles/parsyfiles/converting_core.py&quot;, line 321, in convert
    raise ConversionException.create_not_able_to_convert(source_obj, self, desired_type)
  ParsingException : Error while parsing /home/travis/build/smarie/python-parsyfiles/parsyfiles/tests/parsing_capabilities_by_type/primitives_data/str/ok/pickle-str-toto=toto (singlefile, .pyc) as a str with parser &apos;$&lt;read_object_from_pickle&gt; =&gt; &lt;bool_to_string&gt;$&apos; using options=({&apos;MultifileCollectionParser&apos;: {&apos;lazy_parsing&apos;: False}}) : caught 
  ConversionException : Converter $&lt;bool_to_string&gt;$ is not able to ingest source value &apos;toto&apos; of type &apos;str&apos; and/or convert it to type &apos;str&apos;. This can happen in a chain when the previous step in the chain is generic and actually produced  an output of the wrong type/content
Rebuilding local parsing plan with next candidate parser: $&lt;read_object_from_pickle&gt; =&gt; &lt;float_to_string&gt;$
(B)                                                                                                               |--pickle-str-toto=toto.pyc -&gt; str ------- using $&lt;read_object_from_pickle&gt; =&gt; &lt;float_to_string&gt;$
DONE Rebuilding local parsing plan for [/home/travis/build/smarie/python-parsyfiles/parsyfiles/tests/parsing_capabilities_by_type/primitives_data/str/ok/pickle-str-toto=toto.pyc]. Resuming parsing...
Executing Parsing Plan for [/home/travis/build/smarie/python-parsyfiles/parsyfiles/tests/parsing_capabilities_by_type/primitives_data/str/ok/pickle-str-toto=toto]
(P) /home/travis/build/smarie/python-parsyfiles/parsyfiles/tests/parsing_capabilities_by_type/primitives_data/str/ok/pickle-str-toto=toto.pyc -&gt; str ------- using $&lt;read_object_from_pickle&gt; =&gt; &lt;float_to_string&gt;$
  !! Caught error during execution !!
  File &quot;/home/travis/build/smarie/python-parsyfiles/parsyfiles/parsing_core.py&quot;, line 177, in _execute
    self.get_singlefile_encoding(), logger, options)
  File &quot;/home/travis/build/smarie/python-parsyfiles/parsyfiles/parsing_combining_parsers.py&quot;, line 552, in _parse_singlefile
    return self._converter.convert(desired_type, first, logger, options)
  File &quot;/home/travis/build/smarie/python-parsyfiles/parsyfiles/converting_core.py&quot;, line 321, in convert
    raise ConversionException.create_not_able_to_convert(source_obj, self, desired_type)
  ParsingException : Error while parsing /home/travis/build/smarie/python-parsyfiles/parsyfiles/tests/parsing_capabilities_by_type/primitives_data/str/ok/pickle-str-toto=toto (singlefile, .pyc) as a str with parser &apos;$&lt;read_object_from_pickle&gt; =&gt; &lt;float_to_string&gt;$&apos; using options=({&apos;MultifileCollectionParser&apos;: {&apos;lazy_parsing&apos;: False}}) : caught 
  ConversionException : Converter $&lt;float_to_string&gt;$ is not able to ingest source value &apos;toto&apos; of type &apos;str&apos; and/or convert it to type &apos;str&apos;. This can happen in a chain when the previous step in the chain is generic and actually produced  an output of the wrong type/content
Rebuilding local parsing plan with next candidate parser: $&lt;read_object_from_pickle&gt; =&gt; &lt;int_to_string&gt;$
(B)                                                                                                               |--pickle-str-toto=toto.pyc -&gt; str ------- using $&lt;read_object_from_pickle&gt; =&gt; &lt;int_to_string&gt;$
DONE Rebuilding local parsing plan for [/home/travis/build/smarie/python-parsyfiles/parsyfiles/tests/parsing_capabilities_by_type/primitives_data/str/ok/pickle-str-toto=toto.pyc]. Resuming parsing...
Executing Parsing Plan for [/home/travis/build/smarie/python-parsyfiles/parsyfiles/tests/parsing_capabilities_by_type/primitives_data/str/ok/pickle-str-toto=toto]
(P) /home/travis/build/smarie/python-parsyfiles/parsyfiles/tests/parsing_capabilities_by_type/primitives_data/str/ok/pickle-str-toto=toto.pyc -&gt; str ------- using $&lt;read_object_from_pickle&gt; =&gt; &lt;int_to_string&gt;$
  !! Caught error during execution !!
  File &quot;/home/travis/build/smarie/python-parsyfiles/parsyfiles/parsing_core.py&quot;, line 177, in _execute
    self.get_singlefile_encoding(), logger, options)
  File &quot;/home/travis/build/smarie/python-parsyfiles/parsyfiles/parsing_combining_parsers.py&quot;, line 552, in _parse_singlefile
    return self._converter.convert(desired_type, first, logger, options)
  File &quot;/home/travis/build/smarie/python-parsyfiles/parsyfiles/converting_core.py&quot;, line 321, in convert
    raise ConversionException.create_not_able_to_convert(source_obj, self, desired_type)
  ParsingException : Error while parsing /home/travis/build/smarie/python-parsyfiles/parsyfiles/tests/parsing_capabilities_by_type/primitives_data/str/ok/pickle-str-toto=toto (singlefile, .pyc) as a str with parser &apos;$&lt;read_object_from_pickle&gt; =&gt; &lt;int_to_string&gt;$&apos; using options=({&apos;MultifileCollectionParser&apos;: {&apos;lazy_parsing&apos;: False}}) : caught 
  ConversionException : Converter $&lt;int_to_string&gt;$ is not able to ingest source value &apos;toto&apos; of type &apos;str&apos; and/or convert it to type &apos;str&apos;. This can happen in a chain when the previous step in the chain is generic and actually produced  an output of the wrong type/content
Rebuilding local parsing plan with next candidate parser: &lt;read_object_from_pickle&gt;
(B)                                                                                                               |--pickle-str-toto=toto.pyc -&gt; str ------- using &lt;read_object_from_pickle&gt;
DONE Rebuilding local parsing plan for [/home/travis/build/smarie/python-parsyfiles/parsyfiles/tests/parsing_capabilities_by_type/primitives_data/str/ok/pickle-str-toto=toto.pyc]. Resuming parsing...
Executing Parsing Plan for [/home/travis/build/smarie/python-parsyfiles/parsyfiles/tests/parsing_capabilities_by_type/primitives_data/str/ok/pickle-str-toto=toto]
(P) /home/travis/build/smarie/python-parsyfiles/parsyfiles/tests/parsing_capabilities_by_type/primitives_data/str/ok/pickle-str-toto=toto.pyc -&gt; str ------- using &lt;read_object_from_pickle&gt;
(P)                                                                                                               |--pickle-str-toto=toto.pyc -&gt; str SUCCESS !
Completed parsing successfully

toto==toto
</system-out></testcase><testcase classname="parsyfiles.tests.parsing_capabilities_by_type.test_parse_primitives" file="parsyfiles/tests/parsing_capabilities_by_type/test_parse_primitives.py" line="179" name="test_parse_by_type[str-ok-txt-int-0=0.txt]" time="0.03231477737426758"><system-out>**** Starting to parse single object of type &lt;str&gt; at location /home/travis/build/smarie/python-parsyfiles/parsyfiles/tests/parsing_capabilities_by_type/primitives_data/str/ok/txt-int-0=0 ****
Checking all files under [/home/travis/build/smarie/python-parsyfiles/parsyfiles/tests/parsing_capabilities_by_type/primitives_data/str/ok/txt-int-0=0]
(C) /home/travis/build/smarie/python-parsyfiles/parsyfiles/tests/parsing_capabilities_by_type/primitives_data/str/ok/txt-int-0=0 (singlefile, .txt)
File checks done

Building a parsing plan to parse [/home/travis/build/smarie/python-parsyfiles/parsyfiles/tests/parsing_capabilities_by_type/primitives_data/str/ok/txt-int-0=0] into a str
(B) /home/travis/build/smarie/python-parsyfiles/parsyfiles/tests/parsing_capabilities_by_type/primitives_data/str/ok/txt-int-0=0.txt -&gt; str ------- using &lt;read_str_from_txt&gt;
Parsing Plan created successfully

Executing Parsing Plan for [/home/travis/build/smarie/python-parsyfiles/parsyfiles/tests/parsing_capabilities_by_type/primitives_data/str/ok/txt-int-0=0]
(P) /home/travis/build/smarie/python-parsyfiles/parsyfiles/tests/parsing_capabilities_by_type/primitives_data/str/ok/txt-int-0=0.txt -&gt; str ------- using &lt;read_str_from_txt&gt;
(P)                                                                                                               |--txt-int-0=0.txt -&gt; str SUCCESS !
Completed parsing successfully

0==0
</system-out></testcase><testcase classname="parsyfiles.tests.parsing_capabilities_by_type.test_parse_primitives" file="parsyfiles/tests/parsing_capabilities_by_type/test_parse_primitives.py" line="179" name="test_parse_by_type[str-ok-txt-bool-True=True.txt]" time="0.033329010009765625"><system-out>**** Starting to parse single object of type &lt;str&gt; at location /home/travis/build/smarie/python-parsyfiles/parsyfiles/tests/parsing_capabilities_by_type/primitives_data/str/ok/txt-bool-True=True ****
Checking all files under [/home/travis/build/smarie/python-parsyfiles/parsyfiles/tests/parsing_capabilities_by_type/primitives_data/str/ok/txt-bool-True=True]
(C) /home/travis/build/smarie/python-parsyfiles/parsyfiles/tests/parsing_capabilities_by_type/primitives_data/str/ok/txt-bool-True=True (singlefile, .txt)
File checks done

Building a parsing plan to parse [/home/travis/build/smarie/python-parsyfiles/parsyfiles/tests/parsing_capabilities_by_type/primitives_data/str/ok/txt-bool-True=True] into a str
(B) /home/travis/build/smarie/python-parsyfiles/parsyfiles/tests/parsing_capabilities_by_type/primitives_data/str/ok/txt-bool-True=True.txt -&gt; str ------- using &lt;read_str_from_txt&gt;
Parsing Plan created successfully

Executing Parsing Plan for [/home/travis/build/smarie/python-parsyfiles/parsyfiles/tests/parsing_capabilities_by_type/primitives_data/str/ok/txt-bool-True=True]
(P) /home/travis/build/smarie/python-parsyfiles/parsyfiles/tests/parsing_capabilities_by_type/primitives_data/str/ok/txt-bool-True=True.txt -&gt; str ------- using &lt;read_str_from_txt&gt;
(P)                                                                                                               |--txt-bool-True=True.txt -&gt; str SUCCESS !
Completed parsing successfully

True==True
</system-out></testcase><testcase classname="parsyfiles.tests.parsing_capabilities_by_type.test_parse_primitives" file="parsyfiles/tests/parsing_capabilities_by_type/test_parse_primitives.py" line="179" name="test_parse_by_type[str-ok-pickle-int-5=5.pyc]" time="0.03806614875793457"><system-out>**** Starting to parse single object of type &lt;str&gt; at location /home/travis/build/smarie/python-parsyfiles/parsyfiles/tests/parsing_capabilities_by_type/primitives_data/str/ok/pickle-int-5=5 ****
Checking all files under [/home/travis/build/smarie/python-parsyfiles/parsyfiles/tests/parsing_capabilities_by_type/primitives_data/str/ok/pickle-int-5=5]
(C) /home/travis/build/smarie/python-parsyfiles/parsyfiles/tests/parsing_capabilities_by_type/primitives_data/str/ok/pickle-int-5=5 (singlefile, .pyc)
File checks done

Building a parsing plan to parse [/home/travis/build/smarie/python-parsyfiles/parsyfiles/tests/parsing_capabilities_by_type/primitives_data/str/ok/pickle-int-5=5] into a str
(B) /home/travis/build/smarie/python-parsyfiles/parsyfiles/tests/parsing_capabilities_by_type/primitives_data/str/ok/pickle-int-5=5.pyc -&gt; str ------- using [Try &apos;$&lt;read_object_from_pickle&gt; =&gt; &lt;bool_to_string&gt;$&apos; then &apos;$&lt;read_object_from_pickle&gt; =&gt; &lt;float_to_string&gt;$&apos; then &apos;$&lt;read_object_from_pickle&gt; =&gt; &lt;int_to_string&gt;$&apos; then &apos;&lt;read_object_from_pickle&gt;]&apos;]
(B)                                                                                                               |--pickle-int-5=5.pyc -&gt; str ------- using $&lt;read_object_from_pickle&gt; =&gt; &lt;bool_to_string&gt;$
Parsing Plan created successfully

Executing Parsing Plan for [/home/travis/build/smarie/python-parsyfiles/parsyfiles/tests/parsing_capabilities_by_type/primitives_data/str/ok/pickle-int-5=5]
(P) /home/travis/build/smarie/python-parsyfiles/parsyfiles/tests/parsing_capabilities_by_type/primitives_data/str/ok/pickle-int-5=5.pyc -&gt; str ------- using $&lt;read_object_from_pickle&gt; =&gt; &lt;bool_to_string&gt;$
  !! Caught error during execution !!
  File &quot;/home/travis/build/smarie/python-parsyfiles/parsyfiles/parsing_core.py&quot;, line 177, in _execute
    self.get_singlefile_encoding(), logger, options)
  File &quot;/home/travis/build/smarie/python-parsyfiles/parsyfiles/parsing_combining_parsers.py&quot;, line 552, in _parse_singlefile
    return self._converter.convert(desired_type, first, logger, options)
  File &quot;/home/travis/build/smarie/python-parsyfiles/parsyfiles/converting_core.py&quot;, line 321, in convert
    raise ConversionException.create_not_able_to_convert(source_obj, self, desired_type)
  ParsingException : Error while parsing /home/travis/build/smarie/python-parsyfiles/parsyfiles/tests/parsing_capabilities_by_type/primitives_data/str/ok/pickle-int-5=5 (singlefile, .pyc) as a str with parser &apos;$&lt;read_object_from_pickle&gt; =&gt; &lt;bool_to_string&gt;$&apos; using options=({&apos;MultifileCollectionParser&apos;: {&apos;lazy_parsing&apos;: False}}) : caught 
  ConversionException : Converter $&lt;bool_to_string&gt;$ is not able to ingest source value &apos;5&apos; of type &apos;int&apos; and/or convert it to type &apos;str&apos;. This can happen in a chain when the previous step in the chain is generic and actually produced  an output of the wrong type/content
Rebuilding local parsing plan with next candidate parser: $&lt;read_object_from_pickle&gt; =&gt; &lt;float_to_string&gt;$
(B)                                                                                                               |--pickle-int-5=5.pyc -&gt; str ------- using $&lt;read_object_from_pickle&gt; =&gt; &lt;float_to_string&gt;$
DONE Rebuilding local parsing plan for [/home/travis/build/smarie/python-parsyfiles/parsyfiles/tests/parsing_capabilities_by_type/primitives_data/str/ok/pickle-int-5=5.pyc]. Resuming parsing...
Executing Parsing Plan for [/home/travis/build/smarie/python-parsyfiles/parsyfiles/tests/parsing_capabilities_by_type/primitives_data/str/ok/pickle-int-5=5]
(P) /home/travis/build/smarie/python-parsyfiles/parsyfiles/tests/parsing_capabilities_by_type/primitives_data/str/ok/pickle-int-5=5.pyc -&gt; str ------- using $&lt;read_object_from_pickle&gt; =&gt; &lt;float_to_string&gt;$
  !! Caught error during execution !!
  File &quot;/home/travis/build/smarie/python-parsyfiles/parsyfiles/parsing_core.py&quot;, line 177, in _execute
    self.get_singlefile_encoding(), logger, options)
  File &quot;/home/travis/build/smarie/python-parsyfiles/parsyfiles/parsing_combining_parsers.py&quot;, line 552, in _parse_singlefile
    return self._converter.convert(desired_type, first, logger, options)
  File &quot;/home/travis/build/smarie/python-parsyfiles/parsyfiles/converting_core.py&quot;, line 321, in convert
    raise ConversionException.create_not_able_to_convert(source_obj, self, desired_type)
  ParsingException : Error while parsing /home/travis/build/smarie/python-parsyfiles/parsyfiles/tests/parsing_capabilities_by_type/primitives_data/str/ok/pickle-int-5=5 (singlefile, .pyc) as a str with parser &apos;$&lt;read_object_from_pickle&gt; =&gt; &lt;float_to_string&gt;$&apos; using options=({&apos;MultifileCollectionParser&apos;: {&apos;lazy_parsing&apos;: False}}) : caught 
  ConversionException : Converter $&lt;float_to_string&gt;$ is not able to ingest source value &apos;5&apos; of type &apos;int&apos; and/or convert it to type &apos;str&apos;. This can happen in a chain when the previous step in the chain is generic and actually produced  an output of the wrong type/content
Rebuilding local parsing plan with next candidate parser: $&lt;read_object_from_pickle&gt; =&gt; &lt;int_to_string&gt;$
(B)                                                                                                               |--pickle-int-5=5.pyc -&gt; str ------- using $&lt;read_object_from_pickle&gt; =&gt; &lt;int_to_string&gt;$
DONE Rebuilding local parsing plan for [/home/travis/build/smarie/python-parsyfiles/parsyfiles/tests/parsing_capabilities_by_type/primitives_data/str/ok/pickle-int-5=5.pyc]. Resuming parsing...
Executing Parsing Plan for [/home/travis/build/smarie/python-parsyfiles/parsyfiles/tests/parsing_capabilities_by_type/primitives_data/str/ok/pickle-int-5=5]
(P) /home/travis/build/smarie/python-parsyfiles/parsyfiles/tests/parsing_capabilities_by_type/primitives_data/str/ok/pickle-int-5=5.pyc -&gt; str ------- using $&lt;read_object_from_pickle&gt; =&gt; &lt;int_to_string&gt;$
(P)                                                                                                               |--pickle-int-5=5.pyc -&gt; str SUCCESS !
Completed parsing successfully

5==5
</system-out></testcase><testcase classname="parsyfiles.tests.parsing_capabilities_by_type.test_parse_primitives" file="parsyfiles/tests/parsing_capabilities_by_type/test_parse_primitives.py" line="179" name="test_parse_by_type[str-ok-pickle-str-a=a.pyc]" time="0.040606021881103516"><system-out>**** Starting to parse single object of type &lt;str&gt; at location /home/travis/build/smarie/python-parsyfiles/parsyfiles/tests/parsing_capabilities_by_type/primitives_data/str/ok/pickle-str-a=a ****
Checking all files under [/home/travis/build/smarie/python-parsyfiles/parsyfiles/tests/parsing_capabilities_by_type/primitives_data/str/ok/pickle-str-a=a]
(C) /home/travis/build/smarie/python-parsyfiles/parsyfiles/tests/parsing_capabilities_by_type/primitives_data/str/ok/pickle-str-a=a (singlefile, .pyc)
File checks done

Building a parsing plan to parse [/home/travis/build/smarie/python-parsyfiles/parsyfiles/tests/parsing_capabilities_by_type/primitives_data/str/ok/pickle-str-a=a] into a str
(B) /home/travis/build/smarie/python-parsyfiles/parsyfiles/tests/parsing_capabilities_by_type/primitives_data/str/ok/pickle-str-a=a.pyc -&gt; str ------- using [Try &apos;$&lt;read_object_from_pickle&gt; =&gt; &lt;bool_to_string&gt;$&apos; then &apos;$&lt;read_object_from_pickle&gt; =&gt; &lt;float_to_string&gt;$&apos; then &apos;$&lt;read_object_from_pickle&gt; =&gt; &lt;int_to_string&gt;$&apos; then &apos;&lt;read_object_from_pickle&gt;]&apos;]
(B)                                                                                                               |--pickle-str-a=a.pyc -&gt; str ------- using $&lt;read_object_from_pickle&gt; =&gt; &lt;bool_to_string&gt;$
Parsing Plan created successfully

Executing Parsing Plan for [/home/travis/build/smarie/python-parsyfiles/parsyfiles/tests/parsing_capabilities_by_type/primitives_data/str/ok/pickle-str-a=a]
(P) /home/travis/build/smarie/python-parsyfiles/parsyfiles/tests/parsing_capabilities_by_type/primitives_data/str/ok/pickle-str-a=a.pyc -&gt; str ------- using $&lt;read_object_from_pickle&gt; =&gt; &lt;bool_to_string&gt;$
  !! Caught error during execution !!
  File &quot;/home/travis/build/smarie/python-parsyfiles/parsyfiles/parsing_core.py&quot;, line 177, in _execute
    self.get_singlefile_encoding(), logger, options)
  File &quot;/home/travis/build/smarie/python-parsyfiles/parsyfiles/parsing_combining_parsers.py&quot;, line 552, in _parse_singlefile
    return self._converter.convert(desired_type, first, logger, options)
  File &quot;/home/travis/build/smarie/python-parsyfiles/parsyfiles/converting_core.py&quot;, line 321, in convert
    raise ConversionException.create_not_able_to_convert(source_obj, self, desired_type)
  ParsingException : Error while parsing /home/travis/build/smarie/python-parsyfiles/parsyfiles/tests/parsing_capabilities_by_type/primitives_data/str/ok/pickle-str-a=a (singlefile, .pyc) as a str with parser &apos;$&lt;read_object_from_pickle&gt; =&gt; &lt;bool_to_string&gt;$&apos; using options=({&apos;MultifileCollectionParser&apos;: {&apos;lazy_parsing&apos;: False}}) : caught 
  ConversionException : Converter $&lt;bool_to_string&gt;$ is not able to ingest source value &apos;a&apos; of type &apos;str&apos; and/or convert it to type &apos;str&apos;. This can happen in a chain when the previous step in the chain is generic and actually produced  an output of the wrong type/content
Rebuilding local parsing plan with next candidate parser: $&lt;read_object_from_pickle&gt; =&gt; &lt;float_to_string&gt;$
(B)                                                                                                               |--pickle-str-a=a.pyc -&gt; str ------- using $&lt;read_object_from_pickle&gt; =&gt; &lt;float_to_string&gt;$
DONE Rebuilding local parsing plan for [/home/travis/build/smarie/python-parsyfiles/parsyfiles/tests/parsing_capabilities_by_type/primitives_data/str/ok/pickle-str-a=a.pyc]. Resuming parsing...
Executing Parsing Plan for [/home/travis/build/smarie/python-parsyfiles/parsyfiles/tests/parsing_capabilities_by_type/primitives_data/str/ok/pickle-str-a=a]
(P) /home/travis/build/smarie/python-parsyfiles/parsyfiles/tests/parsing_capabilities_by_type/primitives_data/str/ok/pickle-str-a=a.pyc -&gt; str ------- using $&lt;read_object_from_pickle&gt; =&gt; &lt;float_to_string&gt;$
  !! Caught error during execution !!
  File &quot;/home/travis/build/smarie/python-parsyfiles/parsyfiles/parsing_core.py&quot;, line 177, in _execute
    self.get_singlefile_encoding(), logger, options)
  File &quot;/home/travis/build/smarie/python-parsyfiles/parsyfiles/parsing_combining_parsers.py&quot;, line 552, in _parse_singlefile
    return self._converter.convert(desired_type, first, logger, options)
  File &quot;/home/travis/build/smarie/python-parsyfiles/parsyfiles/converting_core.py&quot;, line 321, in convert
    raise ConversionException.create_not_able_to_convert(source_obj, self, desired_type)
  ParsingException : Error while parsing /home/travis/build/smarie/python-parsyfiles/parsyfiles/tests/parsing_capabilities_by_type/primitives_data/str/ok/pickle-str-a=a (singlefile, .pyc) as a str with parser &apos;$&lt;read_object_from_pickle&gt; =&gt; &lt;float_to_string&gt;$&apos; using options=({&apos;MultifileCollectionParser&apos;: {&apos;lazy_parsing&apos;: False}}) : caught 
  ConversionException : Converter $&lt;float_to_string&gt;$ is not able to ingest source value &apos;a&apos; of type &apos;str&apos; and/or convert it to type &apos;str&apos;. This can happen in a chain when the previous step in the chain is generic and actually produced  an output of the wrong type/content
Rebuilding local parsing plan with next candidate parser: $&lt;read_object_from_pickle&gt; =&gt; &lt;int_to_string&gt;$
(B)                                                                                                               |--pickle-str-a=a.pyc -&gt; str ------- using $&lt;read_object_from_pickle&gt; =&gt; &lt;int_to_string&gt;$
DONE Rebuilding local parsing plan for [/home/travis/build/smarie/python-parsyfiles/parsyfiles/tests/parsing_capabilities_by_type/primitives_data/str/ok/pickle-str-a=a.pyc]. Resuming parsing...
Executing Parsing Plan for [/home/travis/build/smarie/python-parsyfiles/parsyfiles/tests/parsing_capabilities_by_type/primitives_data/str/ok/pickle-str-a=a]
(P) /home/travis/build/smarie/python-parsyfiles/parsyfiles/tests/parsing_capabilities_by_type/primitives_data/str/ok/pickle-str-a=a.pyc -&gt; str ------- using $&lt;read_object_from_pickle&gt; =&gt; &lt;int_to_string&gt;$
  !! Caught error during execution !!
  File &quot;/home/travis/build/smarie/python-parsyfiles/parsyfiles/parsing_core.py&quot;, line 177, in _execute
    self.get_singlefile_encoding(), logger, options)
  File &quot;/home/travis/build/smarie/python-parsyfiles/parsyfiles/parsing_combining_parsers.py&quot;, line 552, in _parse_singlefile
    return self._converter.convert(desired_type, first, logger, options)
  File &quot;/home/travis/build/smarie/python-parsyfiles/parsyfiles/converting_core.py&quot;, line 321, in convert
    raise ConversionException.create_not_able_to_convert(source_obj, self, desired_type)
  ParsingException : Error while parsing /home/travis/build/smarie/python-parsyfiles/parsyfiles/tests/parsing_capabilities_by_type/primitives_data/str/ok/pickle-str-a=a (singlefile, .pyc) as a str with parser &apos;$&lt;read_object_from_pickle&gt; =&gt; &lt;int_to_string&gt;$&apos; using options=({&apos;MultifileCollectionParser&apos;: {&apos;lazy_parsing&apos;: False}}) : caught 
  ConversionException : Converter $&lt;int_to_string&gt;$ is not able to ingest source value &apos;a&apos; of type &apos;str&apos; and/or convert it to type &apos;str&apos;. This can happen in a chain when the previous step in the chain is generic and actually produced  an output of the wrong type/content
Rebuilding local parsing plan with next candidate parser: &lt;read_object_from_pickle&gt;
(B)                                                                                                               |--pickle-str-a=a.pyc -&gt; str ------- using &lt;read_object_from_pickle&gt;
DONE Rebuilding local parsing plan for [/home/travis/build/smarie/python-parsyfiles/parsyfiles/tests/parsing_capabilities_by_type/primitives_data/str/ok/pickle-str-a=a.pyc]. Resuming parsing...
Executing Parsing Plan for [/home/travis/build/smarie/python-parsyfiles/parsyfiles/tests/parsing_capabilities_by_type/primitives_data/str/ok/pickle-str-a=a]
(P) /home/travis/build/smarie/python-parsyfiles/parsyfiles/tests/parsing_capabilities_by_type/primitives_data/str/ok/pickle-str-a=a.pyc -&gt; str ------- using &lt;read_object_from_pickle&gt;
(P)                                                                                                               |--pickle-str-a=a.pyc -&gt; str SUCCESS !
Completed parsing successfully

a==a
</system-out></testcase><testcase classname="parsyfiles.tests.parsing_capabilities_by_type.test_parse_primitives" file="parsyfiles/tests/parsing_capabilities_by_type/test_parse_primitives.py" line="179" name="test_parse_by_type[str-ok-txt-str-a=a.txt]" time="0.03628039360046387"><system-out>**** Starting to parse single object of type &lt;str&gt; at location /home/travis/build/smarie/python-parsyfiles/parsyfiles/tests/parsing_capabilities_by_type/primitives_data/str/ok/txt-str-a=a ****
Checking all files under [/home/travis/build/smarie/python-parsyfiles/parsyfiles/tests/parsing_capabilities_by_type/primitives_data/str/ok/txt-str-a=a]
(C) /home/travis/build/smarie/python-parsyfiles/parsyfiles/tests/parsing_capabilities_by_type/primitives_data/str/ok/txt-str-a=a (singlefile, .txt)
File checks done

Building a parsing plan to parse [/home/travis/build/smarie/python-parsyfiles/parsyfiles/tests/parsing_capabilities_by_type/primitives_data/str/ok/txt-str-a=a] into a str
(B) /home/travis/build/smarie/python-parsyfiles/parsyfiles/tests/parsing_capabilities_by_type/primitives_data/str/ok/txt-str-a=a.txt -&gt; str ------- using &lt;read_str_from_txt&gt;
Parsing Plan created successfully

Executing Parsing Plan for [/home/travis/build/smarie/python-parsyfiles/parsyfiles/tests/parsing_capabilities_by_type/primitives_data/str/ok/txt-str-a=a]
(P) /home/travis/build/smarie/python-parsyfiles/parsyfiles/tests/parsing_capabilities_by_type/primitives_data/str/ok/txt-str-a=a.txt -&gt; str ------- using &lt;read_str_from_txt&gt;
(P)                                                                                                               |--txt-str-a=a.txt -&gt; str SUCCESS !
Completed parsing successfully

a==a
</system-out></testcase><testcase classname="parsyfiles.tests.parsing_capabilities_by_type.test_parse_typevars" file="parsyfiles/tests/parsing_capabilities_by_type/test_parse_typevars.py" line="14" name="test_typevars_1" time="0.05848503112792969"><system-out>**** Starting to parse collection of &lt;Test&gt; at location /home/travis/build/smarie/python-parsyfiles/parsyfiles/tests/parsing_capabilities_by_type/typevars_data/test1 ****
Checking all files under [/home/travis/build/smarie/python-parsyfiles/parsyfiles/tests/parsing_capabilities_by_type/typevars_data/test1]
(C) /home/travis/build/smarie/python-parsyfiles/parsyfiles/tests/parsing_capabilities_by_type/typevars_data/test1 (multifile)
(C)                                                                                                            |--a (multifile)
(C)                                                                                                              |--obj (singlefile, .properties)
(C)                                                                                                            |--b (multifile)
(C)                                                                                                              |--obj (singlefile, .properties)
File checks done

Building a parsing plan to parse [/home/travis/build/smarie/python-parsyfiles/parsyfiles/tests/parsing_capabilities_by_type/typevars_data/test1] into a Dict[str, Test]
(B) /home/travis/build/smarie/python-parsyfiles/parsyfiles/tests/parsing_capabilities_by_type/typevars_data/test1 -&gt; Dict[str, Test] ------- using Multifile Collection parser (parsyfiles defaults)
(B)                                                                                                            |--a -&gt; Test ------- using Multifile Object parser (parsyfiles defaults)
(B)                                                                                                              |--obj.properties -&gt; A ------- using $&lt;read_dict_from_properties&gt; =&gt; &lt;dict_to_object&gt;$
(B)                                                                                                            |--b -&gt; Test ------- using Multifile Object parser (parsyfiles defaults)
(B)                                                                                                              |--obj.properties -&gt; A ------- using $&lt;read_dict_from_properties&gt; =&gt; &lt;dict_to_object&gt;$
Parsing Plan created successfully

Executing Parsing Plan for [/home/travis/build/smarie/python-parsyfiles/parsyfiles/tests/parsing_capabilities_by_type/typevars_data/test1]
(P) /home/travis/build/smarie/python-parsyfiles/parsyfiles/tests/parsing_capabilities_by_type/typevars_data/test1 -&gt; Dict[str, Test] ------- using Multifile Collection parser (parsyfiles defaults)
(P)                                                                                                            |--a -&gt; Test ------- using Multifile Object parser (parsyfiles defaults)
(P)                                                                                                              |--obj.properties -&gt; A ------- using $&lt;read_dict_from_properties&gt; =&gt; &lt;dict_to_object&gt;$
(P)                                                                                                              |--obj.properties -&gt; A SUCCESS !
(P)                                                                                                            |--a -&gt; Test SUCCESS !
(P)                                                                                                            |--b -&gt; Test ------- using Multifile Object parser (parsyfiles defaults)
(P)                                                                                                              |--obj.properties -&gt; A ------- using $&lt;read_dict_from_properties&gt; =&gt; &lt;dict_to_object&gt;$
(P)                                                                                                              |--obj.properties -&gt; A SUCCESS !
(P)                                                                                                            |--b -&gt; Test SUCCESS !
(P)                                                                                                      |--test1 -&gt; Dict[str, Test] SUCCESS !
Completed parsing successfully

</system-out></testcase><testcase classname="parsyfiles.tests.parsing_capabilities_by_type.test_parse_typevars" file="parsyfiles/tests/parsing_capabilities_by_type/test_parse_typevars.py" line="38" name="test_typevars_2" time="0.08802294731140137"><system-out>**** Starting to parse single object of type &lt;~TV&gt; at location /home/travis/build/smarie/python-parsyfiles/parsyfiles/tests/parsing_capabilities_by_type/typevars_data/test2/a ****
Checking all files under [/home/travis/build/smarie/python-parsyfiles/parsyfiles/tests/parsing_capabilities_by_type/typevars_data/test2/a]
(C) /home/travis/build/smarie/python-parsyfiles/parsyfiles/tests/parsing_capabilities_by_type/typevars_data/test2/a (multifile)
(C)                                                                                                              |--foo (singlefile, .txt)
File checks done

Building a parsing plan to parse [/home/travis/build/smarie/python-parsyfiles/parsyfiles/tests/parsing_capabilities_by_type/typevars_data/test2/a] into a ~TV
(B) /home/travis/build/smarie/python-parsyfiles/parsyfiles/tests/parsing_capabilities_by_type/typevars_data/test2/a -&gt; A ------- using Multifile Object parser (parsyfiles defaults)
(B)                                                                                                              |--foo.txt -&gt; str ------- using &lt;read_str_from_txt&gt;
Parsing Plan created successfully

Executing Parsing Plan for [/home/travis/build/smarie/python-parsyfiles/parsyfiles/tests/parsing_capabilities_by_type/typevars_data/test2/a]
(P) /home/travis/build/smarie/python-parsyfiles/parsyfiles/tests/parsing_capabilities_by_type/typevars_data/test2/a -&gt; A ------- using Multifile Object parser (parsyfiles defaults)
(P)                                                                                                              |--foo.txt -&gt; str ------- using &lt;read_str_from_txt&gt;
(P)                                                                                                              |--foo.txt -&gt; str SUCCESS !
(P)                                                                                                            |--a -&gt; A SUCCESS !
Completed parsing successfully

**** Starting to parse single object of type &lt;~TV&gt; at location /home/travis/build/smarie/python-parsyfiles/parsyfiles/tests/parsing_capabilities_by_type/typevars_data/test2/b ****
Checking all files under [/home/travis/build/smarie/python-parsyfiles/parsyfiles/tests/parsing_capabilities_by_type/typevars_data/test2/b]
(C) /home/travis/build/smarie/python-parsyfiles/parsyfiles/tests/parsing_capabilities_by_type/typevars_data/test2/b (multifile)
(C)                                                                                                              |--bar (singlefile, .txt)
File checks done

Building a parsing plan to parse [/home/travis/build/smarie/python-parsyfiles/parsyfiles/tests/parsing_capabilities_by_type/typevars_data/test2/b] into a ~TV
(B) /home/travis/build/smarie/python-parsyfiles/parsyfiles/tests/parsing_capabilities_by_type/typevars_data/test2/b -&gt; A ------- using Multifile Object parser (parsyfiles defaults)
(B)                                                                                                              |--bar.txt -&gt; float ------- using [Try &apos;$&lt;read_str_from_txt&gt; =&gt; &lt;str_to_float&gt;$&apos; then &apos;$&lt;read_str_from_txt&gt; =&gt; &lt;base64_ascii_str_pickle_to_object&gt; -&gt; &lt;bool_to_float&gt;$&apos; then &apos;$&lt;read_str_from_txt&gt; =&gt; &lt;base64_ascii_str_pickle_to_object&gt; -&gt; &lt;int_to_float&gt;$&apos; then &apos;$&lt;read_str_from_txt&gt; =&gt; &lt;base64_ascii_str_pickle_to_object&gt; -&gt; &lt;str_to_float&gt;$&apos; then &apos;$&lt;read_str_from_txt&gt; =&gt; &lt;base64_ascii_str_pickle_to_object&gt;$]&apos;]
(B)                                                                                                              |--bar.txt -&gt; float ------- using $&lt;read_str_from_txt&gt; =&gt; &lt;str_to_float&gt;$
Parsing Plan created successfully

Executing Parsing Plan for [/home/travis/build/smarie/python-parsyfiles/parsyfiles/tests/parsing_capabilities_by_type/typevars_data/test2/b]
(P) /home/travis/build/smarie/python-parsyfiles/parsyfiles/tests/parsing_capabilities_by_type/typevars_data/test2/b -&gt; A ------- using Multifile Object parser (parsyfiles defaults)
(P)                                                                                                              |--bar.txt -&gt; float ------- using $&lt;read_str_from_txt&gt; =&gt; &lt;str_to_float&gt;$
(P)                                                                                                              |--bar.txt -&gt; float SUCCESS !
(P)                                                                                                            |--b -&gt; A SUCCESS !
Completed parsing successfully

**** Starting to parse collection of &lt;~TV&gt; at location /home/travis/build/smarie/python-parsyfiles/parsyfiles/tests/parsing_capabilities_by_type/typevars_data/test2 ****
Checking all files under [/home/travis/build/smarie/python-parsyfiles/parsyfiles/tests/parsing_capabilities_by_type/typevars_data/test2]
(C) /home/travis/build/smarie/python-parsyfiles/parsyfiles/tests/parsing_capabilities_by_type/typevars_data/test2 (multifile)
(C)                                                                                                            |--a (multifile)
(C)                                                                                                              |--foo (singlefile, .txt)
(C)                                                                                                            |--b (multifile)
(C)                                                                                                              |--bar (singlefile, .txt)
File checks done

Building a parsing plan to parse [/home/travis/build/smarie/python-parsyfiles/parsyfiles/tests/parsing_capabilities_by_type/typevars_data/test2] into a Dict[str, ~TV]
(B) /home/travis/build/smarie/python-parsyfiles/parsyfiles/tests/parsing_capabilities_by_type/typevars_data/test2 -&gt; Dict[str, ~TV] ------- using Multifile Collection parser (parsyfiles defaults)
(B)                                                                                                            |--a -&gt; A ------- using Multifile Object parser (parsyfiles defaults)
(B)                                                                                                              |--foo.txt -&gt; str ------- using &lt;read_str_from_txt&gt;
(B)                                                                                                            |--b -&gt; A ------- using Multifile Object parser (parsyfiles defaults)
(B)                                                                                                              |--bar.txt -&gt; float ------- using [Try &apos;$&lt;read_str_from_txt&gt; =&gt; &lt;str_to_float&gt;$&apos; then &apos;$&lt;read_str_from_txt&gt; =&gt; &lt;base64_ascii_str_pickle_to_object&gt; -&gt; &lt;bool_to_float&gt;$&apos; then &apos;$&lt;read_str_from_txt&gt; =&gt; &lt;base64_ascii_str_pickle_to_object&gt; -&gt; &lt;int_to_float&gt;$&apos; then &apos;$&lt;read_str_from_txt&gt; =&gt; &lt;base64_ascii_str_pickle_to_object&gt; -&gt; &lt;str_to_float&gt;$&apos; then &apos;$&lt;read_str_from_txt&gt; =&gt; &lt;base64_ascii_str_pickle_to_object&gt;$]&apos;]
(B)                                                                                                              |--bar.txt -&gt; float ------- using $&lt;read_str_from_txt&gt; =&gt; &lt;str_to_float&gt;$
Parsing Plan created successfully

Executing Parsing Plan for [/home/travis/build/smarie/python-parsyfiles/parsyfiles/tests/parsing_capabilities_by_type/typevars_data/test2]
(P) /home/travis/build/smarie/python-parsyfiles/parsyfiles/tests/parsing_capabilities_by_type/typevars_data/test2 -&gt; Dict[str, ~TV] ------- using Multifile Collection parser (parsyfiles defaults)
(P)                                                                                                            |--a -&gt; A ------- using Multifile Object parser (parsyfiles defaults)
(P)                                                                                                              |--foo.txt -&gt; str ------- using &lt;read_str_from_txt&gt;
(P)                                                                                                              |--foo.txt -&gt; str SUCCESS !
(P)                                                                                                            |--a -&gt; A SUCCESS !
(P)                                                                                                            |--b -&gt; A ------- using Multifile Object parser (parsyfiles defaults)
(P)                                                                                                              |--bar.txt -&gt; float ------- using $&lt;read_str_from_txt&gt; =&gt; &lt;str_to_float&gt;$
(P)                                                                                                              |--bar.txt -&gt; float SUCCESS !
(P)                                                                                                            |--b -&gt; A SUCCESS !
(P)                                                                                                      |--test2 -&gt; Dict[str, ~TV] SUCCESS !
Completed parsing successfully

</system-out></testcase><testcase classname="parsyfiles.tests.parsing_capabilities_by_type.test_parse_typevars" file="parsyfiles/tests/parsing_capabilities_by_type/test_parse_typevars.py" line="65" name="test_typevars_3" time="0.1024179458618164"><system-out>**** Starting to parse single object of type &lt;~TV&gt; at location /home/travis/build/smarie/python-parsyfiles/parsyfiles/tests/parsing_capabilities_by_type/typevars_data/test2/a ****
Checking all files under [/home/travis/build/smarie/python-parsyfiles/parsyfiles/tests/parsing_capabilities_by_type/typevars_data/test2/a]
(C) /home/travis/build/smarie/python-parsyfiles/parsyfiles/tests/parsing_capabilities_by_type/typevars_data/test2/a (multifile)
(C)                                                                                                              |--foo (singlefile, .txt)
File checks done

Building a parsing plan to parse [/home/travis/build/smarie/python-parsyfiles/parsyfiles/tests/parsing_capabilities_by_type/typevars_data/test2/a] into a ~TV
(B) /home/travis/build/smarie/python-parsyfiles/parsyfiles/tests/parsing_capabilities_by_type/typevars_data/test2/a -&gt; ~TV ------- using [Try &apos;Multifile Object parser (parsyfiles defaults)&apos; -&gt; [A] then &apos;Multifile Object parser (parsyfiles defaults)&apos; -&gt; [B]]]
(B)                                                                                                            |--a -&gt; A ------- using Multifile Object parser (parsyfiles defaults)
(B)                                                                                                              |--foo.txt -&gt; str ------- using &lt;read_str_from_txt&gt;
Parsing Plan created successfully

Executing Parsing Plan for [/home/travis/build/smarie/python-parsyfiles/parsyfiles/tests/parsing_capabilities_by_type/typevars_data/test2/a]
(P) /home/travis/build/smarie/python-parsyfiles/parsyfiles/tests/parsing_capabilities_by_type/typevars_data/test2/a -&gt; A ------- using Multifile Object parser (parsyfiles defaults)
(P)                                                                                                              |--foo.txt -&gt; str ------- using &lt;read_str_from_txt&gt;
(P)                                                                                                              |--foo.txt -&gt; str SUCCESS !
(P)                                                                                                            |--a -&gt; A SUCCESS !
Completed parsing successfully

**** Starting to parse single object of type &lt;~TV&gt; at location /home/travis/build/smarie/python-parsyfiles/parsyfiles/tests/parsing_capabilities_by_type/typevars_data/test2/b ****
Checking all files under [/home/travis/build/smarie/python-parsyfiles/parsyfiles/tests/parsing_capabilities_by_type/typevars_data/test2/b]
(C) /home/travis/build/smarie/python-parsyfiles/parsyfiles/tests/parsing_capabilities_by_type/typevars_data/test2/b (multifile)
(C)                                                                                                              |--bar (singlefile, .txt)
File checks done

Building a parsing plan to parse [/home/travis/build/smarie/python-parsyfiles/parsyfiles/tests/parsing_capabilities_by_type/typevars_data/test2/b] into a ~TV
(B) /home/travis/build/smarie/python-parsyfiles/parsyfiles/tests/parsing_capabilities_by_type/typevars_data/test2/b -&gt; ~TV ------- using [Try &apos;Multifile Object parser (parsyfiles defaults)&apos; -&gt; [A] then &apos;Multifile Object parser (parsyfiles defaults)&apos; -&gt; [B]]]
(B)                                                                                                            |--b -&gt; A ------- using Multifile Object parser (parsyfiles defaults)
----- WARNING: Caught error while creating parsing plan with parser Multifile Object parser (parsyfiles defaults)
  File &quot;/home/travis/build/smarie/python-parsyfiles/parsyfiles/plugins_base/support_for_objects.py&quot;, line 599, in _get_parsing_plan_for_multifile_children
    raise main_e.with_traceback(main_e.__traceback__)
  File &quot;/home/travis/build/smarie/python-parsyfiles/parsyfiles/plugins_base/support_for_objects.py&quot;, line 594, in _get_parsing_plan_for_multifile_children
    logger=logger)
  File &quot;/home/travis/build/smarie/python-parsyfiles/parsyfiles/plugins_base/support_for_objects.py&quot;, line 658, in __get_parsing_plan_for_multifile_children
    raise MissingMandatoryAttributeFiles.create(obj_on_fs, desired_type, attribute_name)
  MissingMandatoryAttributeFiles : Multifile object /home/travis/build/smarie/python-parsyfiles/parsyfiles/tests/parsing_capabilities_by_type/typevars_data/test2/b (multifile) cannot be built from constructor of type A, mandatory constructor argument &apos;foo&apos;was not found on filesystem
Rebuilding local parsing plan with next candidate parser: Multifile Object parser (parsyfiles defaults)
(B)                                                                                                            |--b -&gt; B ------- using Multifile Object parser (parsyfiles defaults)
(B)                                                                                                              |--bar.txt -&gt; float ------- using [Try &apos;$&lt;read_str_from_txt&gt; =&gt; &lt;str_to_float&gt;$&apos; then &apos;$&lt;read_str_from_txt&gt; =&gt; &lt;base64_ascii_str_pickle_to_object&gt; -&gt; &lt;bool_to_float&gt;$&apos; then &apos;$&lt;read_str_from_txt&gt; =&gt; &lt;base64_ascii_str_pickle_to_object&gt; -&gt; &lt;int_to_float&gt;$&apos; then &apos;$&lt;read_str_from_txt&gt; =&gt; &lt;base64_ascii_str_pickle_to_object&gt; -&gt; &lt;str_to_float&gt;$&apos; then &apos;$&lt;read_str_from_txt&gt; =&gt; &lt;base64_ascii_str_pickle_to_object&gt;$]&apos;]
(B)                                                                                                              |--bar.txt -&gt; float ------- using $&lt;read_str_from_txt&gt; =&gt; &lt;str_to_float&gt;$
DONE Rebuilding local parsing plan for [/home/travis/build/smarie/python-parsyfiles/parsyfiles/tests/parsing_capabilities_by_type/typevars_data/test2/b]. Resuming parsing...
Parsing Plan created successfully

Executing Parsing Plan for [/home/travis/build/smarie/python-parsyfiles/parsyfiles/tests/parsing_capabilities_by_type/typevars_data/test2/b]
(P) /home/travis/build/smarie/python-parsyfiles/parsyfiles/tests/parsing_capabilities_by_type/typevars_data/test2/b -&gt; B ------- using Multifile Object parser (parsyfiles defaults)
(P)                                                                                                              |--bar.txt -&gt; float ------- using $&lt;read_str_from_txt&gt; =&gt; &lt;str_to_float&gt;$
(P)                                                                                                              |--bar.txt -&gt; float SUCCESS !
(P)                                                                                                            |--b -&gt; B SUCCESS !
Completed parsing successfully

**** Starting to parse collection of &lt;~TV&gt; at location /home/travis/build/smarie/python-parsyfiles/parsyfiles/tests/parsing_capabilities_by_type/typevars_data/test2 ****
Checking all files under [/home/travis/build/smarie/python-parsyfiles/parsyfiles/tests/parsing_capabilities_by_type/typevars_data/test2]
(C) /home/travis/build/smarie/python-parsyfiles/parsyfiles/tests/parsing_capabilities_by_type/typevars_data/test2 (multifile)
(C)                                                                                                            |--a (multifile)
(C)                                                                                                              |--foo (singlefile, .txt)
(C)                                                                                                            |--b (multifile)
(C)                                                                                                              |--bar (singlefile, .txt)
File checks done

Building a parsing plan to parse [/home/travis/build/smarie/python-parsyfiles/parsyfiles/tests/parsing_capabilities_by_type/typevars_data/test2] into a Dict[str, ~TV]
(B) /home/travis/build/smarie/python-parsyfiles/parsyfiles/tests/parsing_capabilities_by_type/typevars_data/test2 -&gt; Dict[str, ~TV] ------- using Multifile Collection parser (parsyfiles defaults)
(B)                                                                                                            |--a -&gt; ~TV ------- using [Try &apos;Multifile Object parser (parsyfiles defaults)&apos; -&gt; [A] then &apos;Multifile Object parser (parsyfiles defaults)&apos; -&gt; [B]]]
(B)                                                                                                            |--a -&gt; A ------- using Multifile Object parser (parsyfiles defaults)
(B)                                                                                                              |--foo.txt -&gt; str ------- using &lt;read_str_from_txt&gt;
(B)                                                                                                            |--b -&gt; ~TV ------- using [Try &apos;Multifile Object parser (parsyfiles defaults)&apos; -&gt; [A] then &apos;Multifile Object parser (parsyfiles defaults)&apos; -&gt; [B]]]
(B)                                                                                                            |--b -&gt; A ------- using Multifile Object parser (parsyfiles defaults)
----- WARNING: Caught error while creating parsing plan with parser Multifile Object parser (parsyfiles defaults)
  File &quot;/home/travis/build/smarie/python-parsyfiles/parsyfiles/plugins_base/support_for_objects.py&quot;, line 599, in _get_parsing_plan_for_multifile_children
    raise main_e.with_traceback(main_e.__traceback__)
  File &quot;/home/travis/build/smarie/python-parsyfiles/parsyfiles/plugins_base/support_for_objects.py&quot;, line 594, in _get_parsing_plan_for_multifile_children
    logger=logger)
  File &quot;/home/travis/build/smarie/python-parsyfiles/parsyfiles/plugins_base/support_for_objects.py&quot;, line 658, in __get_parsing_plan_for_multifile_children
    raise MissingMandatoryAttributeFiles.create(obj_on_fs, desired_type, attribute_name)
  MissingMandatoryAttributeFiles : Multifile object /home/travis/build/smarie/python-parsyfiles/parsyfiles/tests/parsing_capabilities_by_type/typevars_data/test2/b (multifile) cannot be built from constructor of type A, mandatory constructor argument &apos;foo&apos;was not found on filesystem
Rebuilding local parsing plan with next candidate parser: Multifile Object parser (parsyfiles defaults)
(B)                                                                                                            |--b -&gt; B ------- using Multifile Object parser (parsyfiles defaults)
(B)                                                                                                              |--bar.txt -&gt; float ------- using [Try &apos;$&lt;read_str_from_txt&gt; =&gt; &lt;str_to_float&gt;$&apos; then &apos;$&lt;read_str_from_txt&gt; =&gt; &lt;base64_ascii_str_pickle_to_object&gt; -&gt; &lt;bool_to_float&gt;$&apos; then &apos;$&lt;read_str_from_txt&gt; =&gt; &lt;base64_ascii_str_pickle_to_object&gt; -&gt; &lt;int_to_float&gt;$&apos; then &apos;$&lt;read_str_from_txt&gt; =&gt; &lt;base64_ascii_str_pickle_to_object&gt; -&gt; &lt;str_to_float&gt;$&apos; then &apos;$&lt;read_str_from_txt&gt; =&gt; &lt;base64_ascii_str_pickle_to_object&gt;$]&apos;]
(B)                                                                                                              |--bar.txt -&gt; float ------- using $&lt;read_str_from_txt&gt; =&gt; &lt;str_to_float&gt;$
DONE Rebuilding local parsing plan for [/home/travis/build/smarie/python-parsyfiles/parsyfiles/tests/parsing_capabilities_by_type/typevars_data/test2/b]. Resuming parsing...
Parsing Plan created successfully

Executing Parsing Plan for [/home/travis/build/smarie/python-parsyfiles/parsyfiles/tests/parsing_capabilities_by_type/typevars_data/test2]
(P) /home/travis/build/smarie/python-parsyfiles/parsyfiles/tests/parsing_capabilities_by_type/typevars_data/test2 -&gt; Dict[str, ~TV] ------- using Multifile Collection parser (parsyfiles defaults)
(P)                                                                                                            |--a -&gt; A ------- using Multifile Object parser (parsyfiles defaults)
(P)                                                                                                              |--foo.txt -&gt; str ------- using &lt;read_str_from_txt&gt;
(P)                                                                                                              |--foo.txt -&gt; str SUCCESS !
(P)                                                                                                            |--a -&gt; A SUCCESS !
(P)                                                                                                            |--b -&gt; B ------- using Multifile Object parser (parsyfiles defaults)
(P)                                                                                                              |--bar.txt -&gt; float ------- using $&lt;read_str_from_txt&gt; =&gt; &lt;str_to_float&gt;$
(P)                                                                                                              |--bar.txt -&gt; float SUCCESS !
(P)                                                                                                            |--b -&gt; B SUCCESS !
(P)                                                                                                      |--test2 -&gt; Dict[str, ~TV] SUCCESS !
Completed parsing successfully

</system-out></testcase><testcase classname="parsyfiles.tests.parsing_capabilities_by_type.test_parse_unions" file="parsyfiles/tests/parsing_capabilities_by_type/test_parse_unions.py" line="14" name="test_union_1" time="0.043416738510131836"><system-out>**** Starting to parse single object of type &lt;Union[A, B]&gt; at location /home/travis/build/smarie/python-parsyfiles/parsyfiles/tests/parsing_capabilities_by_type/unions_data/test1/a ****
Checking all files under [/home/travis/build/smarie/python-parsyfiles/parsyfiles/tests/parsing_capabilities_by_type/unions_data/test1/a]
(C) /home/travis/build/smarie/python-parsyfiles/parsyfiles/tests/parsing_capabilities_by_type/unions_data/test1/a (multifile)
(C)                                                                                                            |--foo (singlefile, .txt)
File checks done

Building a parsing plan to parse [/home/travis/build/smarie/python-parsyfiles/parsyfiles/tests/parsing_capabilities_by_type/unions_data/test1/a] into a Union[A, B]
(B) /home/travis/build/smarie/python-parsyfiles/parsyfiles/tests/parsing_capabilities_by_type/unions_data/test1/a -&gt; Union[A, B] ------- using [Try &apos;Multifile Object parser (parsyfiles defaults)&apos; -&gt; [A] then &apos;Multifile Object parser (parsyfiles defaults)&apos; -&gt; [B]]]
(B)                                                                                                          |--a -&gt; A ------- using Multifile Object parser (parsyfiles defaults)
(B)                                                                                                            |--foo.txt -&gt; str ------- using &lt;read_str_from_txt&gt;
Parsing Plan created successfully

Executing Parsing Plan for [/home/travis/build/smarie/python-parsyfiles/parsyfiles/tests/parsing_capabilities_by_type/unions_data/test1/a]
(P) /home/travis/build/smarie/python-parsyfiles/parsyfiles/tests/parsing_capabilities_by_type/unions_data/test1/a -&gt; A ------- using Multifile Object parser (parsyfiles defaults)
(P)                                                                                                            |--foo.txt -&gt; str ------- using &lt;read_str_from_txt&gt;
(P)                                                                                                            |--foo.txt -&gt; str SUCCESS !
(P)                                                                                                          |--a -&gt; A SUCCESS !
Completed parsing successfully

</system-out></testcase><testcase classname="parsyfiles.tests.parsing_capabilities_by_type.test_parse_unions" file="parsyfiles/tests/parsing_capabilities_by_type/test_parse_unions.py" line="27" name="test_union_2" time="0.0662381649017334"><system-out>**** Starting to parse collection of &lt;Union[A, B]&gt; at location /home/travis/build/smarie/python-parsyfiles/parsyfiles/tests/parsing_capabilities_by_type/unions_data/test1 ****
Checking all files under [/home/travis/build/smarie/python-parsyfiles/parsyfiles/tests/parsing_capabilities_by_type/unions_data/test1]
(C) /home/travis/build/smarie/python-parsyfiles/parsyfiles/tests/parsing_capabilities_by_type/unions_data/test1 (multifile)
(C)                                                                                                          |--a (multifile)
(C)                                                                                                            |--foo (singlefile, .txt)
(C)                                                                                                          |--b (multifile)
(C)                                                                                                            |--bar (singlefile, .txt)
File checks done

Building a parsing plan to parse [/home/travis/build/smarie/python-parsyfiles/parsyfiles/tests/parsing_capabilities_by_type/unions_data/test1] into a Dict[str, Union[A, B]]
(B) /home/travis/build/smarie/python-parsyfiles/parsyfiles/tests/parsing_capabilities_by_type/unions_data/test1 -&gt; Dict[str, Union[A, B]] ------- using Multifile Collection parser (parsyfiles defaults)
(B)                                                                                                          |--a -&gt; Union[A, B] ------- using [Try &apos;Multifile Object parser (parsyfiles defaults)&apos; -&gt; [A] then &apos;Multifile Object parser (parsyfiles defaults)&apos; -&gt; [B]]]
(B)                                                                                                          |--a -&gt; A ------- using Multifile Object parser (parsyfiles defaults)
(B)                                                                                                            |--foo.txt -&gt; str ------- using &lt;read_str_from_txt&gt;
(B)                                                                                                          |--b -&gt; Union[A, B] ------- using [Try &apos;Multifile Object parser (parsyfiles defaults)&apos; -&gt; [A] then &apos;Multifile Object parser (parsyfiles defaults)&apos; -&gt; [B]]]
(B)                                                                                                          |--b -&gt; A ------- using Multifile Object parser (parsyfiles defaults)
----- WARNING: Caught error while creating parsing plan with parser Multifile Object parser (parsyfiles defaults)
  File &quot;/home/travis/build/smarie/python-parsyfiles/parsyfiles/plugins_base/support_for_objects.py&quot;, line 599, in _get_parsing_plan_for_multifile_children
    raise main_e.with_traceback(main_e.__traceback__)
  File &quot;/home/travis/build/smarie/python-parsyfiles/parsyfiles/plugins_base/support_for_objects.py&quot;, line 594, in _get_parsing_plan_for_multifile_children
    logger=logger)
  File &quot;/home/travis/build/smarie/python-parsyfiles/parsyfiles/plugins_base/support_for_objects.py&quot;, line 658, in __get_parsing_plan_for_multifile_children
    raise MissingMandatoryAttributeFiles.create(obj_on_fs, desired_type, attribute_name)
  MissingMandatoryAttributeFiles : Multifile object /home/travis/build/smarie/python-parsyfiles/parsyfiles/tests/parsing_capabilities_by_type/unions_data/test1/b (multifile) cannot be built from constructor of type A, mandatory constructor argument &apos;foo&apos;was not found on filesystem
Rebuilding local parsing plan with next candidate parser: Multifile Object parser (parsyfiles defaults)
(B)                                                                                                          |--b -&gt; B ------- using Multifile Object parser (parsyfiles defaults)
(B)                                                                                                            |--bar.txt -&gt; float ------- using [Try &apos;$&lt;read_str_from_txt&gt; =&gt; &lt;str_to_float&gt;$&apos; then &apos;$&lt;read_str_from_txt&gt; =&gt; &lt;base64_ascii_str_pickle_to_object&gt; -&gt; &lt;bool_to_float&gt;$&apos; then &apos;$&lt;read_str_from_txt&gt; =&gt; &lt;base64_ascii_str_pickle_to_object&gt; -&gt; &lt;int_to_float&gt;$&apos; then &apos;$&lt;read_str_from_txt&gt; =&gt; &lt;base64_ascii_str_pickle_to_object&gt; -&gt; &lt;str_to_float&gt;$&apos; then &apos;$&lt;read_str_from_txt&gt; =&gt; &lt;base64_ascii_str_pickle_to_object&gt;$]&apos;]
(B)                                                                                                            |--bar.txt -&gt; float ------- using $&lt;read_str_from_txt&gt; =&gt; &lt;str_to_float&gt;$
DONE Rebuilding local parsing plan for [/home/travis/build/smarie/python-parsyfiles/parsyfiles/tests/parsing_capabilities_by_type/unions_data/test1/b]. Resuming parsing...
Parsing Plan created successfully

Executing Parsing Plan for [/home/travis/build/smarie/python-parsyfiles/parsyfiles/tests/parsing_capabilities_by_type/unions_data/test1]
(P) /home/travis/build/smarie/python-parsyfiles/parsyfiles/tests/parsing_capabilities_by_type/unions_data/test1 -&gt; Dict[str, Union[A, B]] ------- using Multifile Collection parser (parsyfiles defaults)
(P)                                                                                                          |--a -&gt; A ------- using Multifile Object parser (parsyfiles defaults)
(P)                                                                                                            |--foo.txt -&gt; str ------- using &lt;read_str_from_txt&gt;
(P)                                                                                                            |--foo.txt -&gt; str SUCCESS !
(P)                                                                                                          |--a -&gt; A SUCCESS !
(P)                                                                                                          |--b -&gt; B ------- using Multifile Object parser (parsyfiles defaults)
(P)                                                                                                            |--bar.txt -&gt; float ------- using $&lt;read_str_from_txt&gt; =&gt; &lt;str_to_float&gt;$
(P)                                                                                                            |--bar.txt -&gt; float SUCCESS !
(P)                                                                                                          |--b -&gt; B SUCCESS !
(P)                                                                                                    |--test1 -&gt; Dict[str, Union[A, B]] SUCCESS !
Completed parsing successfully

</system-out></testcase><testcase classname="parsyfiles.tests.pytest_integration.test_pytest" file="parsyfiles/tests/pytest_integration/test_pytest.py" line="18" name="test_simple_objects[test_diff_1]" time="0.008975982666015625"><system-out>Executing Parsing Plan for [/home/travis/build/smarie/python-parsyfiles/parsyfiles/tests/pytest_integration/../parsing_capabilities_by_type/objects_data/test_diff_1]
(P) /home/travis/build/smarie/python-parsyfiles/parsyfiles/tests/pytest_integration/../parsing_capabilities_by_type/objects_data/test_diff_1.cfg -&gt; ExecOpTest ------- using $&lt;read_config&gt; =&gt; &lt;merge_all_config_sections_into_a_single_dict&gt; -&gt; &lt;dict_to_object&gt;$
(P)                                                                                                                           |--test_diff_1.cfg -&gt; ExecOpTest SUCCESS !
Completed parsing successfully
1.0 - 1.0 =? 0.0
</system-out></testcase><testcase classname="parsyfiles.tests.pytest_integration.test_pytest" file="parsyfiles/tests/pytest_integration/test_pytest.py" line="18" name="test_simple_objects[test_diff_2]" time="0.008687734603881836"><system-out>Executing Parsing Plan for [/home/travis/build/smarie/python-parsyfiles/parsyfiles/tests/pytest_integration/../parsing_capabilities_by_type/objects_data/test_diff_2]
(P) /home/travis/build/smarie/python-parsyfiles/parsyfiles/tests/pytest_integration/../parsing_capabilities_by_type/objects_data/test_diff_2.ini -&gt; ExecOpTest ------- using $&lt;read_config&gt; =&gt; &lt;merge_all_config_sections_into_a_single_dict&gt; -&gt; &lt;dict_to_object&gt;$
(P)                                                                                                                           |--test_diff_2.ini -&gt; ExecOpTest SUCCESS !
Completed parsing successfully
0.0 - 1.0 =? -1.0
</system-out></testcase><testcase classname="parsyfiles.tests.pytest_integration.test_pytest" file="parsyfiles/tests/pytest_integration/test_pytest.py" line="18" name="test_simple_objects[test_diff_3]" time="0.006347179412841797"><system-out>Executing Parsing Plan for [/home/travis/build/smarie/python-parsyfiles/parsyfiles/tests/pytest_integration/../parsing_capabilities_by_type/objects_data/test_diff_3]
(P) /home/travis/build/smarie/python-parsyfiles/parsyfiles/tests/pytest_integration/../parsing_capabilities_by_type/objects_data/test_diff_3 -&gt; ExecOpTest ------- using Multifile Object parser (parsyfiles defaults)
(P)                                                                                                                                       |--expected_result.txt -&gt; float ------- using $&lt;read_str_from_txt&gt; =&gt; &lt;str_to_float&gt;$
(P)                                                                                                                                       |--expected_result.txt -&gt; float SUCCESS !
(P)                                                                                                                                       |--op.txt -&gt; str ------- using &lt;read_str_from_txt&gt;
(P)                                                                                                                                       |--op.txt -&gt; str SUCCESS !
(P)                                                                                                                                       |--x.txt -&gt; float ------- using $&lt;read_str_from_txt&gt; =&gt; &lt;str_to_float&gt;$
(P)                                                                                                                                       |--x.txt -&gt; float SUCCESS !
(P)                                                                                                                                       |--y.txt -&gt; float ------- using $&lt;read_str_from_txt&gt; =&gt; &lt;str_to_float&gt;$
(P)                                                                                                                                       |--y.txt -&gt; float SUCCESS !
(P)                                                                                                                           |--test_diff_3 -&gt; ExecOpTest SUCCESS !
Completed parsing successfully
6.0 - 1.0 =? 5.0
</system-out></testcase><testcase classname="parsyfiles.tests.pytest_integration.test_pytest" file="parsyfiles/tests/pytest_integration/test_pytest.py" line="18" name="test_simple_objects[test_diff_3_csv_format]" time="0.019879579544067383"><system-out>Executing Parsing Plan for [/home/travis/build/smarie/python-parsyfiles/parsyfiles/tests/pytest_integration/../parsing_capabilities_by_type/objects_data/test_diff_3_csv_format]
(P) /home/travis/build/smarie/python-parsyfiles/parsyfiles/tests/pytest_integration/../parsing_capabilities_by_type/objects_data/test_diff_3_csv_format.txt -&gt; ExecOpTest ------- using $&lt;read_dict_from_properties&gt; =&gt; &lt;dict_to_object&gt;$
  !! Caught error during execution !!
  File &quot;/home/travis/build/smarie/python-parsyfiles/parsyfiles/plugins_base/support_for_objects.py&quot;, line 355, in dict_to_object
    raise main_e.with_traceback(main_e.__traceback__)
  File &quot;/home/travis/build/smarie/python-parsyfiles/parsyfiles/plugins_base/support_for_objects.py&quot;, line 350, in dict_to_object
    conversion_finder=conversion_finder, is_dict_of_dicts=is_dict_of_dicts)
  File &quot;/home/travis/build/smarie/python-parsyfiles/parsyfiles/plugins_base/support_for_objects.py&quot;, line 455, in _dict_to_object
    attr_name)
  ParsingException : Error while parsing /home/travis/build/smarie/python-parsyfiles/parsyfiles/tests/pytest_integration/../parsing_capabilities_by_type/objects_data/test_diff_3_csv_format (singlefile, .txt) as a ExecOpTest with parser &apos;$&lt;read_dict_from_properties&gt; =&gt; &lt;dict_to_object&gt;$&apos; using options=({&apos;MultifileCollectionParser&apos;: {&apos;lazy_parsing&apos;: True}}) : caught 
  InvalidAttributeNameForConstructorError : Cannot parse object of type &lt;ExecOpTest&gt; using the provided configuration file: configuration contains a property name (&apos;5,4,-,1&apos;)that is not an attribute of the object constructor. &lt;ExecOpTest&gt; constructor attributes are : [&apos;x&apos;, &apos;op&apos;, &apos;expected_result&apos;, &apos;y&apos;]
Rebuilding local parsing plan with next candidate parser: $&lt;read_str_from_txt&gt; =&gt; &lt;constructor_with_str_arg&gt;$
(B)                                                                                                                           |--test_diff_3_csv_format.txt -&gt; ExecOpTest ------- using $&lt;read_str_from_txt&gt; =&gt; &lt;constructor_with_str_arg&gt;$
DONE Rebuilding local parsing plan for [/home/travis/build/smarie/python-parsyfiles/parsyfiles/tests/pytest_integration/../parsing_capabilities_by_type/objects_data/test_diff_3_csv_format.txt]. Resuming parsing...
Executing Parsing Plan for [/home/travis/build/smarie/python-parsyfiles/parsyfiles/tests/pytest_integration/../parsing_capabilities_by_type/objects_data/test_diff_3_csv_format]
(P) /home/travis/build/smarie/python-parsyfiles/parsyfiles/tests/pytest_integration/../parsing_capabilities_by_type/objects_data/test_diff_3_csv_format.txt -&gt; ExecOpTest ------- using $&lt;read_str_from_txt&gt; =&gt; &lt;constructor_with_str_arg&gt;$
  !! Caught error during execution !!
  File &quot;/home/travis/build/smarie/python-parsyfiles/parsyfiles/converting_core.py&quot;, line 532, in _convert
    raise CaughtTypeError.create(self.conversion_method, e)
  File &quot;/home/travis/build/smarie/python-parsyfiles/parsyfiles/converting_core.py&quot;, line 524, in _convert
    return self.conversion_method(desired_type, source_obj, logger, **opts)
  File &quot;/home/travis/build/smarie/python-parsyfiles/parsyfiles/plugins_base/support_for_primitive_types.py&quot;, line 111, in constructor_with_str_arg
    return desired_type(source)
  ParsingException : Error while parsing /home/travis/build/smarie/python-parsyfiles/parsyfiles/tests/pytest_integration/../parsing_capabilities_by_type/objects_data/test_diff_3_csv_format (singlefile, .txt) as a ExecOpTest with parser &apos;$&lt;read_str_from_txt&gt; =&gt; &lt;constructor_with_str_arg&gt;$&apos; using options=({&apos;MultifileCollectionParser&apos;: {&apos;lazy_parsing&apos;: True}}) : caught 
  CaughtTypeError : Caught TypeError while calling conversion function &apos;constructor_with_str_arg&apos;. Note that the conversion function signature should be &apos;def my_convert_fun(desired_type: Type[T], source: S, logger: Logger, **kwargs) -&gt; T&apos; (unpacked options mode - default) or def my_convert_fun(desired_type: Type[T], source: S, logger: Logger, options: Dict[str, Dict[str, Any]]) -&gt; T (unpack_options = False).Caught error message is : TypeError : __init__() missing 3 required positional arguments: &apos;y&apos;, &apos;op&apos;, and &apos;expected_result&apos;
Rebuilding local parsing plan with next candidate parser: $&lt;read_str_from_txt&gt; =&gt; &lt;base64_ascii_str_pickle_to_object&gt;$
(B)                                                                                                                           |--test_diff_3_csv_format.txt -&gt; ExecOpTest ------- using $&lt;read_str_from_txt&gt; =&gt; &lt;base64_ascii_str_pickle_to_object&gt;$
DONE Rebuilding local parsing plan for [/home/travis/build/smarie/python-parsyfiles/parsyfiles/tests/pytest_integration/../parsing_capabilities_by_type/objects_data/test_diff_3_csv_format.txt]. Resuming parsing...
Executing Parsing Plan for [/home/travis/build/smarie/python-parsyfiles/parsyfiles/tests/pytest_integration/../parsing_capabilities_by_type/objects_data/test_diff_3_csv_format]
(P) /home/travis/build/smarie/python-parsyfiles/parsyfiles/tests/pytest_integration/../parsing_capabilities_by_type/objects_data/test_diff_3_csv_format.txt -&gt; ExecOpTest ------- using $&lt;read_str_from_txt&gt; =&gt; &lt;base64_ascii_str_pickle_to_object&gt;$
  !! Caught error during execution !!
  File &quot;/home/travis/build/smarie/python-parsyfiles/parsyfiles/converting_core.py&quot;, line 524, in _convert
    return self.conversion_method(desired_type, source_obj, logger, **opts)
  File &quot;/home/travis/build/smarie/python-parsyfiles/parsyfiles/plugins_base/support_for_objects.py&quot;, line 54, in base64_ascii_str_pickle_to_object
    return pickle.loads(base64.b64decode(b64_ascii_str), fix_imports=True, encoding=&quot;ASCII&quot;, errors=&quot;strict&quot;)
  File &quot;/home/travis/virtualenv/python3.5.5/lib/python3.5/base64.py&quot;, line 88, in b64decode
    return binascii.a2b_base64(s)
  ParsingException : Error while parsing /home/travis/build/smarie/python-parsyfiles/parsyfiles/tests/pytest_integration/../parsing_capabilities_by_type/objects_data/test_diff_3_csv_format (singlefile, .txt) as a ExecOpTest with parser &apos;$&lt;read_str_from_txt&gt; =&gt; &lt;base64_ascii_str_pickle_to_object&gt;$&apos; using options=({&apos;MultifileCollectionParser&apos;: {&apos;lazy_parsing&apos;: True}}) : caught 
  Error : Incorrect padding
Rebuilding local parsing plan with next candidate parser: $&lt;read_df_or_series_from_csv&gt; =&gt; &lt;single_row_or_col_df_to_dict&gt; -&gt; &lt;dict_to_object&gt;$
(B)                                                                                                                           |--test_diff_3_csv_format.txt -&gt; ExecOpTest ------- using $&lt;read_df_or_series_from_csv&gt; =&gt; &lt;single_row_or_col_df_to_dict&gt; -&gt; &lt;dict_to_object&gt;$
DONE Rebuilding local parsing plan for [/home/travis/build/smarie/python-parsyfiles/parsyfiles/tests/pytest_integration/../parsing_capabilities_by_type/objects_data/test_diff_3_csv_format.txt]. Resuming parsing...
Executing Parsing Plan for [/home/travis/build/smarie/python-parsyfiles/parsyfiles/tests/pytest_integration/../parsing_capabilities_by_type/objects_data/test_diff_3_csv_format]
(P) /home/travis/build/smarie/python-parsyfiles/parsyfiles/tests/pytest_integration/../parsing_capabilities_by_type/objects_data/test_diff_3_csv_format.txt -&gt; ExecOpTest ------- using $&lt;read_df_or_series_from_csv&gt; =&gt; &lt;single_row_or_col_df_to_dict&gt; -&gt; &lt;dict_to_object&gt;$
(P)                                                                                                                           |--test_diff_3_csv_format.txt -&gt; ExecOpTest SUCCESS !
Completed parsing successfully
5.0 - 4.0 =? 1.0
</system-out></testcase><testcase classname="parsyfiles.tests.pytest_integration.test_pytest" file="parsyfiles/tests/pytest_integration/test_pytest.py" line="18" name="test_simple_objects[test_diff_4_csv_format2]" time="0.017087221145629883"><system-out>Executing Parsing Plan for [/home/travis/build/smarie/python-parsyfiles/parsyfiles/tests/pytest_integration/../parsing_capabilities_by_type/objects_data/test_diff_4_csv_format2]
(P) /home/travis/build/smarie/python-parsyfiles/parsyfiles/tests/pytest_integration/../parsing_capabilities_by_type/objects_data/test_diff_4_csv_format2.txt -&gt; ExecOpTest ------- using $&lt;read_dict_from_properties&gt; =&gt; &lt;dict_to_object&gt;$
  !! Caught error during execution !!
  File &quot;/home/travis/build/smarie/python-parsyfiles/parsyfiles/plugins_base/support_for_objects.py&quot;, line 355, in dict_to_object
    raise main_e.with_traceback(main_e.__traceback__)
  File &quot;/home/travis/build/smarie/python-parsyfiles/parsyfiles/plugins_base/support_for_objects.py&quot;, line 350, in dict_to_object
    conversion_finder=conversion_finder, is_dict_of_dicts=is_dict_of_dicts)
  File &quot;/home/travis/build/smarie/python-parsyfiles/parsyfiles/plugins_base/support_for_objects.py&quot;, line 455, in _dict_to_object
    attr_name)
  ParsingException : Error while parsing /home/travis/build/smarie/python-parsyfiles/parsyfiles/tests/pytest_integration/../parsing_capabilities_by_type/objects_data/test_diff_4_csv_format2 (singlefile, .txt) as a ExecOpTest with parser &apos;$&lt;read_dict_from_properties&gt; =&gt; &lt;dict_to_object&gt;$&apos; using options=({&apos;MultifileCollectionParser&apos;: {&apos;lazy_parsing&apos;: True}}) : caught 
  InvalidAttributeNameForConstructorError : Cannot parse object of type &lt;ExecOpTest&gt; using the provided configuration file: configuration contains a property name (&apos;y,4&apos;)that is not an attribute of the object constructor. &lt;ExecOpTest&gt; constructor attributes are : [&apos;x&apos;, &apos;op&apos;, &apos;expected_result&apos;, &apos;y&apos;]
Rebuilding local parsing plan with next candidate parser: $&lt;read_str_from_txt&gt; =&gt; &lt;constructor_with_str_arg&gt;$
(B)                                                                                                                           |--test_diff_4_csv_format2.txt -&gt; ExecOpTest ------- using $&lt;read_str_from_txt&gt; =&gt; &lt;constructor_with_str_arg&gt;$
DONE Rebuilding local parsing plan for [/home/travis/build/smarie/python-parsyfiles/parsyfiles/tests/pytest_integration/../parsing_capabilities_by_type/objects_data/test_diff_4_csv_format2.txt]. Resuming parsing...
Executing Parsing Plan for [/home/travis/build/smarie/python-parsyfiles/parsyfiles/tests/pytest_integration/../parsing_capabilities_by_type/objects_data/test_diff_4_csv_format2]
(P) /home/travis/build/smarie/python-parsyfiles/parsyfiles/tests/pytest_integration/../parsing_capabilities_by_type/objects_data/test_diff_4_csv_format2.txt -&gt; ExecOpTest ------- using $&lt;read_str_from_txt&gt; =&gt; &lt;constructor_with_str_arg&gt;$
  !! Caught error during execution !!
  File &quot;/home/travis/build/smarie/python-parsyfiles/parsyfiles/converting_core.py&quot;, line 532, in _convert
    raise CaughtTypeError.create(self.conversion_method, e)
  File &quot;/home/travis/build/smarie/python-parsyfiles/parsyfiles/converting_core.py&quot;, line 524, in _convert
    return self.conversion_method(desired_type, source_obj, logger, **opts)
  File &quot;/home/travis/build/smarie/python-parsyfiles/parsyfiles/plugins_base/support_for_primitive_types.py&quot;, line 111, in constructor_with_str_arg
    return desired_type(source)
  ParsingException : Error while parsing /home/travis/build/smarie/python-parsyfiles/parsyfiles/tests/pytest_integration/../parsing_capabilities_by_type/objects_data/test_diff_4_csv_format2 (singlefile, .txt) as a ExecOpTest with parser &apos;$&lt;read_str_from_txt&gt; =&gt; &lt;constructor_with_str_arg&gt;$&apos; using options=({&apos;MultifileCollectionParser&apos;: {&apos;lazy_parsing&apos;: True}}) : caught 
  CaughtTypeError : Caught TypeError while calling conversion function &apos;constructor_with_str_arg&apos;. Note that the conversion function signature should be &apos;def my_convert_fun(desired_type: Type[T], source: S, logger: Logger, **kwargs) -&gt; T&apos; (unpacked options mode - default) or def my_convert_fun(desired_type: Type[T], source: S, logger: Logger, options: Dict[str, Dict[str, Any]]) -&gt; T (unpack_options = False).Caught error message is : TypeError : __init__() missing 3 required positional arguments: &apos;y&apos;, &apos;op&apos;, and &apos;expected_result&apos;
Rebuilding local parsing plan with next candidate parser: $&lt;read_str_from_txt&gt; =&gt; &lt;base64_ascii_str_pickle_to_object&gt;$
(B)                                                                                                                           |--test_diff_4_csv_format2.txt -&gt; ExecOpTest ------- using $&lt;read_str_from_txt&gt; =&gt; &lt;base64_ascii_str_pickle_to_object&gt;$
DONE Rebuilding local parsing plan for [/home/travis/build/smarie/python-parsyfiles/parsyfiles/tests/pytest_integration/../parsing_capabilities_by_type/objects_data/test_diff_4_csv_format2.txt]. Resuming parsing...
Executing Parsing Plan for [/home/travis/build/smarie/python-parsyfiles/parsyfiles/tests/pytest_integration/../parsing_capabilities_by_type/objects_data/test_diff_4_csv_format2]
(P) /home/travis/build/smarie/python-parsyfiles/parsyfiles/tests/pytest_integration/../parsing_capabilities_by_type/objects_data/test_diff_4_csv_format2.txt -&gt; ExecOpTest ------- using $&lt;read_str_from_txt&gt; =&gt; &lt;base64_ascii_str_pickle_to_object&gt;$
  !! Caught error during execution !!
  File &quot;/home/travis/build/smarie/python-parsyfiles/parsyfiles/converting_core.py&quot;, line 524, in _convert
    return self.conversion_method(desired_type, source_obj, logger, **opts)
  File &quot;/home/travis/build/smarie/python-parsyfiles/parsyfiles/plugins_base/support_for_objects.py&quot;, line 54, in base64_ascii_str_pickle_to_object
    return pickle.loads(base64.b64decode(b64_ascii_str), fix_imports=True, encoding=&quot;ASCII&quot;, errors=&quot;strict&quot;)
  File &quot;/home/travis/virtualenv/python3.5.5/lib/python3.5/base64.py&quot;, line 88, in b64decode
    return binascii.a2b_base64(s)
  ParsingException : Error while parsing /home/travis/build/smarie/python-parsyfiles/parsyfiles/tests/pytest_integration/../parsing_capabilities_by_type/objects_data/test_diff_4_csv_format2 (singlefile, .txt) as a ExecOpTest with parser &apos;$&lt;read_str_from_txt&gt; =&gt; &lt;base64_ascii_str_pickle_to_object&gt;$&apos; using options=({&apos;MultifileCollectionParser&apos;: {&apos;lazy_parsing&apos;: True}}) : caught 
  Error : Incorrect padding
Rebuilding local parsing plan with next candidate parser: $&lt;read_df_or_series_from_csv&gt; =&gt; &lt;single_row_or_col_df_to_dict&gt; -&gt; &lt;dict_to_object&gt;$
(B)                                                                                                                           |--test_diff_4_csv_format2.txt -&gt; ExecOpTest ------- using $&lt;read_df_or_series_from_csv&gt; =&gt; &lt;single_row_or_col_df_to_dict&gt; -&gt; &lt;dict_to_object&gt;$
DONE Rebuilding local parsing plan for [/home/travis/build/smarie/python-parsyfiles/parsyfiles/tests/pytest_integration/../parsing_capabilities_by_type/objects_data/test_diff_4_csv_format2.txt]. Resuming parsing...
Executing Parsing Plan for [/home/travis/build/smarie/python-parsyfiles/parsyfiles/tests/pytest_integration/../parsing_capabilities_by_type/objects_data/test_diff_4_csv_format2]
(P) /home/travis/build/smarie/python-parsyfiles/parsyfiles/tests/pytest_integration/../parsing_capabilities_by_type/objects_data/test_diff_4_csv_format2.txt -&gt; ExecOpTest ------- using $&lt;read_df_or_series_from_csv&gt; =&gt; &lt;single_row_or_col_df_to_dict&gt; -&gt; &lt;dict_to_object&gt;$
(P)                                                                                                                           |--test_diff_4_csv_format2.txt -&gt; ExecOpTest SUCCESS !
Completed parsing successfully
4.0 - 4.0 =? 0.0
</system-out></testcase><testcase classname="parsyfiles.tests.pytest_integration.test_pytest" file="parsyfiles/tests/pytest_integration/test_pytest.py" line="18" name="test_simple_objects[test_sum_1]" time="0.00813746452331543"><system-out>Executing Parsing Plan for [/home/travis/build/smarie/python-parsyfiles/parsyfiles/tests/pytest_integration/../parsing_capabilities_by_type/objects_data/test_sum_1]
(P) /home/travis/build/smarie/python-parsyfiles/parsyfiles/tests/pytest_integration/../parsing_capabilities_by_type/objects_data/test_sum_1.json -&gt; ExecOpTest ------- using $&lt;read_dict_or_list_from_json&gt; =&gt; &lt;dict_to_object&gt;$
(P)                                                                                                                           |--test_sum_1.json -&gt; ExecOpTest SUCCESS !
Completed parsing successfully
1.0 + 2.0 =? 3.0
</system-out></testcase><testcase classname="parsyfiles.tests.pytest_integration.test_pytest" file="parsyfiles/tests/pytest_integration/test_pytest.py" line="18" name="test_simple_objects[test_sum_2]" time="0.010303974151611328"><system-out>Executing Parsing Plan for [/home/travis/build/smarie/python-parsyfiles/parsyfiles/tests/pytest_integration/../parsing_capabilities_by_type/objects_data/test_sum_2]
(P) /home/travis/build/smarie/python-parsyfiles/parsyfiles/tests/pytest_integration/../parsing_capabilities_by_type/objects_data/test_sum_2.properties -&gt; ExecOpTest ------- using $&lt;read_dict_from_properties&gt; =&gt; &lt;dict_to_object&gt;$
(P)                                                                                                                           |--test_sum_2.properties -&gt; ExecOpTest SUCCESS !
Completed parsing successfully
0.0 + 1.0 =? 1.0
</system-out></testcase><testcase classname="parsyfiles.tests.pytest_integration.test_pytest" file="parsyfiles/tests/pytest_integration/test_pytest.py" line="18" name="test_simple_objects[test_sum_3_properties_format]" time="0.010946989059448242"><system-out>Executing Parsing Plan for [/home/travis/build/smarie/python-parsyfiles/parsyfiles/tests/pytest_integration/../parsing_capabilities_by_type/objects_data/test_sum_3_properties_format]
(P) /home/travis/build/smarie/python-parsyfiles/parsyfiles/tests/pytest_integration/../parsing_capabilities_by_type/objects_data/test_sum_3_properties_format.txt -&gt; ExecOpTest ------- using $&lt;read_dict_from_properties&gt; =&gt; &lt;dict_to_object&gt;$
(P)                                                                                                                           |--test_sum_3_properties_format.txt -&gt; ExecOpTest SUCCESS !
Completed parsing successfully
1.0 + 1.0 =? 2.0
</system-out></testcase><testcase classname="parsyfiles.tests.pytest_integration.test_pytest" file="parsyfiles/tests/pytest_integration/test_pytest.py" line="18" name="test_simple_objects[test_sum_3_with_inner_b64_pickle]" time="0.013971567153930664"><system-out>Executing Parsing Plan for [/home/travis/build/smarie/python-parsyfiles/parsyfiles/tests/pytest_integration/../parsing_capabilities_by_type/objects_data/test_sum_3_with_inner_b64_pickle]
(P) /home/travis/build/smarie/python-parsyfiles/parsyfiles/tests/pytest_integration/../parsing_capabilities_by_type/objects_data/test_sum_3_with_inner_b64_pickle.txt -&gt; ExecOpTest ------- using $&lt;read_dict_from_properties&gt; =&gt; &lt;dict_to_object&gt;$
(P)                                                                                                                           |--test_sum_3_with_inner_b64_pickle.txt -&gt; ExecOpTest SUCCESS !
Completed parsing successfully
1.0 + 1.0 =? 2.0
</system-out></testcase><testcase classname="parsyfiles.tests.pytest_integration.test_pytest" file="parsyfiles/tests/pytest_integration/test_pytest.py" line="18" name="test_simple_objects[test_sum_4]" time="0.01642918586730957"><system-out>Executing Parsing Plan for [/home/travis/build/smarie/python-parsyfiles/parsyfiles/tests/pytest_integration/../parsing_capabilities_by_type/objects_data/test_sum_4]
(P) /home/travis/build/smarie/python-parsyfiles/parsyfiles/tests/pytest_integration/../parsing_capabilities_by_type/objects_data/test_sum_4.yaml -&gt; ExecOpTest ------- using &lt;read_object_from_yaml&gt;
  !! Caught error during execution !!
  File &quot;/home/travis/build/smarie/python-parsyfiles/parsyfiles/parsing_combining_parsers.py&quot;, line 31, in execute
    return self.pp.execute(logger, options)
  File &quot;/home/travis/build/smarie/python-parsyfiles/parsyfiles/parsing_core.py&quot;, line 139, in execute
    res = super(_BaseParsingPlan, self).execute(logger, options)
  File &quot;/home/travis/build/smarie/python-parsyfiles/parsyfiles/parsing_core_api.py&quot;, line 427, in execute
    res, options)
  ParsingException : Error while parsing /home/travis/build/smarie/python-parsyfiles/parsyfiles/tests/pytest_integration/../parsing_capabilities_by_type/objects_data/test_sum_4 (singlefile, .yaml) as a &lt;class &apos;parsyfiles.tests.parsing_capabilities_by_type.test_parse_custom_object.ExecOpTest&apos;&gt; with parser &apos;&lt;read_object_from_yaml&gt;&apos; using options=({&apos;MultifileCollectionParser&apos;: {&apos;lazy_parsing&apos;: True}}) : 
      parser returned {&apos;x&apos;: 2, &apos;y&apos;: 5, &apos;expected_result&apos;: 7, &apos;op&apos;: &apos;+&apos;} of type &lt;class &apos;dict&apos;&gt; which is not an instance of &lt;class &apos;parsyfiles.tests.parsing_capabilities_by_type.test_parse_custom_object.ExecOpTest&apos;&gt;
Rebuilding local parsing plan with next candidate parser: $&lt;read_collection_from_yaml&gt; =&gt; &lt;dict_to_object&gt;$
(B)                                                                                                                           |--test_sum_4.yaml -&gt; ExecOpTest ------- using $&lt;read_collection_from_yaml&gt; =&gt; &lt;dict_to_object&gt;$
DONE Rebuilding local parsing plan for [/home/travis/build/smarie/python-parsyfiles/parsyfiles/tests/pytest_integration/../parsing_capabilities_by_type/objects_data/test_sum_4.yaml]. Resuming parsing...
Executing Parsing Plan for [/home/travis/build/smarie/python-parsyfiles/parsyfiles/tests/pytest_integration/../parsing_capabilities_by_type/objects_data/test_sum_4]
(P) /home/travis/build/smarie/python-parsyfiles/parsyfiles/tests/pytest_integration/../parsing_capabilities_by_type/objects_data/test_sum_4.yaml -&gt; ExecOpTest ------- using $&lt;read_collection_from_yaml&gt; =&gt; &lt;dict_to_object&gt;$
(P)                                                                                                                           |--test_sum_4.yaml -&gt; ExecOpTest SUCCESS !
Completed parsing successfully
2.0 + 5.0 =? 7.0
</system-out></testcase><testcase classname="parsyfiles.tests.pytest_integration.test_pytest" file="parsyfiles/tests/pytest_integration/test_pytest.py" line="18" name="test_simple_objects[test_sum_5]" time="0.012670040130615234"><system-out>Executing Parsing Plan for [/home/travis/build/smarie/python-parsyfiles/parsyfiles/tests/pytest_integration/../parsing_capabilities_by_type/objects_data/test_sum_5]
(P) /home/travis/build/smarie/python-parsyfiles/parsyfiles/tests/pytest_integration/../parsing_capabilities_by_type/objects_data/test_sum_5.yaml -&gt; ExecOpTest ------- using &lt;read_object_from_yaml&gt;
  !! Caught error during execution !!
  File &quot;/home/travis/build/smarie/python-parsyfiles/parsyfiles/parsing_combining_parsers.py&quot;, line 31, in execute
    return self.pp.execute(logger, options)
  File &quot;/home/travis/build/smarie/python-parsyfiles/parsyfiles/parsing_core.py&quot;, line 139, in execute
    res = super(_BaseParsingPlan, self).execute(logger, options)
  File &quot;/home/travis/build/smarie/python-parsyfiles/parsyfiles/parsing_core_api.py&quot;, line 427, in execute
    res, options)
  ParsingException : Error while parsing /home/travis/build/smarie/python-parsyfiles/parsyfiles/tests/pytest_integration/../parsing_capabilities_by_type/objects_data/test_sum_5 (singlefile, .yaml) as a &lt;class &apos;parsyfiles.tests.parsing_capabilities_by_type.test_parse_custom_object.ExecOpTest&apos;&gt; with parser &apos;&lt;read_object_from_yaml&gt;&apos; using options=({&apos;MultifileCollectionParser&apos;: {&apos;lazy_parsing&apos;: True}}) : 
      parser returned {&apos;x&apos;: 1, &apos;y&apos;: 5, &apos;expected_result&apos;: 6, &apos;op&apos;: &apos;+&apos;} of type &lt;class &apos;dict&apos;&gt; which is not an instance of &lt;class &apos;parsyfiles.tests.parsing_capabilities_by_type.test_parse_custom_object.ExecOpTest&apos;&gt;
Rebuilding local parsing plan with next candidate parser: $&lt;read_collection_from_yaml&gt; =&gt; &lt;dict_to_object&gt;$
(B)                                                                                                                           |--test_sum_5.yaml -&gt; ExecOpTest ------- using $&lt;read_collection_from_yaml&gt; =&gt; &lt;dict_to_object&gt;$
DONE Rebuilding local parsing plan for [/home/travis/build/smarie/python-parsyfiles/parsyfiles/tests/pytest_integration/../parsing_capabilities_by_type/objects_data/test_sum_5.yaml]. Resuming parsing...
Executing Parsing Plan for [/home/travis/build/smarie/python-parsyfiles/parsyfiles/tests/pytest_integration/../parsing_capabilities_by_type/objects_data/test_sum_5]
(P) /home/travis/build/smarie/python-parsyfiles/parsyfiles/tests/pytest_integration/../parsing_capabilities_by_type/objects_data/test_sum_5.yaml -&gt; ExecOpTest ------- using $&lt;read_collection_from_yaml&gt; =&gt; &lt;dict_to_object&gt;$
(P)                                                                                                                           |--test_sum_5.yaml -&gt; ExecOpTest SUCCESS !
Completed parsing successfully
1.0 + 5.0 =? 6.0
</system-out></testcase><testcase classname="parsyfiles.tests.pytest_integration.test_pytest" file="parsyfiles/tests/pytest_integration/test_pytest.py" line="18" name="test_simple_objects[test_sum_6]" time="0.020478010177612305"><system-out>Executing Parsing Plan for [/home/travis/build/smarie/python-parsyfiles/parsyfiles/tests/pytest_integration/../parsing_capabilities_by_type/objects_data/test_sum_6]
(P) /home/travis/build/smarie/python-parsyfiles/parsyfiles/tests/pytest_integration/../parsing_capabilities_by_type/objects_data/test_sum_6.xlsx -&gt; ExecOpTest ------- using $&lt;read_dataframe_from_xls&gt; =&gt; &lt;single_row_or_col_df_to_dict&gt; -&gt; &lt;dict_to_object&gt;$
(P)                                                                                                                           |--test_sum_6.xlsx -&gt; ExecOpTest SUCCESS !
Completed parsing successfully
56.0 + 13.0 =? 69.0
</system-out></testcase><testcase classname="parsyfiles.tests.pytest_integration.test_pytest" file="parsyfiles/tests/pytest_integration/test_pytest.py" line="18" name="test_simple_objects[test_sum_7]" time="0.02023458480834961"><system-out>Executing Parsing Plan for [/home/travis/build/smarie/python-parsyfiles/parsyfiles/tests/pytest_integration/../parsing_capabilities_by_type/objects_data/test_sum_7]
(P) /home/travis/build/smarie/python-parsyfiles/parsyfiles/tests/pytest_integration/../parsing_capabilities_by_type/objects_data/test_sum_7.xlsm -&gt; ExecOpTest ------- using $&lt;read_dataframe_from_xls&gt; =&gt; &lt;single_row_or_col_df_to_dict&gt; -&gt; &lt;dict_to_object&gt;$
(P)                                                                                                                           |--test_sum_7.xlsm -&gt; ExecOpTest SUCCESS !
Completed parsing successfully
56.0 + 14.0 =? 70.0
</system-out></testcase><testcase classname="parsyfiles.tests.pytest_integration.test_pytest" file="parsyfiles/tests/pytest_integration/test_pytest.py" line="18" name="test_simple_objects[test_sum_8]" time="0.02473735809326172"><system-out>Executing Parsing Plan for [/home/travis/build/smarie/python-parsyfiles/parsyfiles/tests/pytest_integration/../parsing_capabilities_by_type/objects_data/test_sum_8]
(P) /home/travis/build/smarie/python-parsyfiles/parsyfiles/tests/pytest_integration/../parsing_capabilities_by_type/objects_data/test_sum_8.xls -&gt; ExecOpTest ------- using $&lt;read_dataframe_from_xls&gt; =&gt; &lt;single_row_or_col_df_to_dict&gt; -&gt; &lt;dict_to_object&gt;$
(P)                                                                                                                           |--test_sum_8.xls -&gt; ExecOpTest SUCCESS !
Completed parsing successfully
56.0 + 12.0 =? 68.0
</system-out></testcase><testcase classname="parsyfiles.tests.unittests.test_type_inspection_tools" file="parsyfiles/tests/unittests/test_type_inspection_tools.py" line="36" name="test_robust_isinstance[r-&lt;class &apos;str&apos;&gt;-True]" time="0.0035104751586914062"></testcase><testcase classname="parsyfiles.tests.unittests.test_type_inspection_tools" file="parsyfiles/tests/unittests/test_type_inspection_tools.py" line="36" name="test_robust_isinstance[r-&lt;class &apos;int&apos;&gt;-False]" time="0.003448009490966797"></testcase><testcase classname="parsyfiles.tests.unittests.test_type_inspection_tools" file="parsyfiles/tests/unittests/test_type_inspection_tools.py" line="36" name="test_robust_isinstance[[]-typing.List-True]" time="0.004033803939819336"></testcase><testcase classname="parsyfiles.tests.unittests.test_type_inspection_tools" file="parsyfiles/tests/unittests/test_type_inspection_tools.py" line="36" name="test_robust_isinstance[[]-typing.Set-False]" time="0.0033767223358154297"></testcase><testcase classname="parsyfiles.tests.unittests.test_type_inspection_tools" file="parsyfiles/tests/unittests/test_type_inspection_tools.py" line="36" name="test_robust_isinstance[{1: 2}-typing.Dict-True]" time="0.003241300582885742"></testcase><testcase classname="parsyfiles.tests.unittests.test_type_inspection_tools" file="parsyfiles/tests/unittests/test_type_inspection_tools.py" line="36" name="test_robust_isinstance[set()-typing.Set-True]" time="0.0037758350372314453"></testcase><testcase classname="parsyfiles.tests.unittests.test_type_inspection_tools" file="parsyfiles/tests/unittests/test_type_inspection_tools.py" line="36" name="test_robust_isinstance[~T-typing.TypeVar-True]" time="0.003590822219848633"></testcase><testcase classname="parsyfiles.tests.unittests.test_type_inspection_tools" file="parsyfiles/tests/unittests/test_type_inspection_tools.py" line="36" name="test_robust_isinstance[~T-&lt;class &apos;str&apos;&gt;-False]" time="0.0030944347381591797"></testcase><testcase classname="parsyfiles.tests.unittests.test_type_inspection_tools" file="parsyfiles/tests/unittests/test_type_inspection_tools.py" line="36" name="test_robust_isinstance[(1, 2)-typing.Tuple-True]" time="0.004924774169921875"></testcase><testcase classname="parsyfiles.tests.unittests.test_type_inspection_tools" file="parsyfiles/tests/unittests/test_type_inspection_tools.py" line="36" name="test_robust_isinstance[[]-typing.Union[typing.Any, str]-True]" time="0.0025081634521484375"></testcase><testcase classname="parsyfiles.tests.unittests.test_type_inspection_tools" file="parsyfiles/tests/unittests/test_type_inspection_tools.py" line="36" name="test_robust_isinstance[&lt;function &lt;lambda&gt; at 0x7fab07d467b8&gt;-typing.Callable-True]" time="0.0031223297119140625"></testcase><testcase classname="parsyfiles.tests.unittests.test_type_inspection_tools" file="parsyfiles/tests/unittests/test_type_inspection_tools.py" line="36" name="test_robust_isinstance[&lt;function &lt;lambda&gt; at 0x7fab07d46840&gt;-typing.Tuple-False]" time="0.0030367374420166016"></testcase><testcase classname="parsyfiles.tests.unittests.test_type_inspection_tools" file="parsyfiles/tests/unittests/test_type_inspection_tools.py" line="36" name="test_robust_isinstance[(1, 2)-typing.Tuple[numbers.Integral, numbers.Integral]-True]" time="0.004861354827880859"></testcase><testcase classname="parsyfiles.tests.unittests.test_type_inspection_tools" file="parsyfiles/tests/unittests/test_type_inspection_tools.py" line="36" name="test_robust_isinstance[(1, 2)-typing.Tuple[str, str]-True]" time="0.0038726329803466797"></testcase><testcase classname="parsyfiles.tests.unittests.test_type_inspection_tools" file="parsyfiles/tests/unittests/test_type_inspection_tools.py" line="36" name="test_robust_isinstance[[&apos;r&apos;, None]-typing.List[str]-True]" time="0.0037398338317871094"></testcase><testcase classname="parsyfiles.tests.unittests.test_type_inspection_tools" file="parsyfiles/tests/unittests/test_type_inspection_tools.py" line="36" name="test_robust_isinstance[{1: 2}-typing.Dict[typing.Any, typing.Any]-True]" time="0.00446009635925293"></testcase><testcase classname="parsyfiles.tests.unittests.test_type_inspection_tools" file="parsyfiles/tests/unittests/test_type_inspection_tools.py" line="36" name="test_robust_isinstance[{1: 2}-typing.Set[typing.Any]-False]" time="0.004248142242431641"></testcase><testcase classname="parsyfiles.tests.unittests.test_type_inspection_tools" file="parsyfiles/tests/unittests/test_type_inspection_tools.py" line="36" name="test_robust_isinstance[set()-typing.Set[str]-True]" time="0.0032896995544433594"></testcase><testcase classname="parsyfiles.tests.unittests.test_type_inspection_tools" file="parsyfiles/tests/unittests/test_type_inspection_tools.py" line="62" name="test_get_base_generic_type[&lt;class &apos;str&apos;&gt;-&lt;class &apos;str&apos;&gt;]" time="0.0029706954956054688"></testcase><testcase classname="parsyfiles.tests.unittests.test_type_inspection_tools" file="parsyfiles/tests/unittests/test_type_inspection_tools.py" line="62" name="test_get_base_generic_type[&lt;class &apos;int&apos;&gt;-&lt;class &apos;int&apos;&gt;]" time="0.0034258365631103516"></testcase><testcase classname="parsyfiles.tests.unittests.test_type_inspection_tools" file="parsyfiles/tests/unittests/test_type_inspection_tools.py" line="62" name="test_get_base_generic_type[typing.Dict-typing.Dict]" time="0.003441333770751953"></testcase><testcase classname="parsyfiles.tests.unittests.test_type_inspection_tools" file="parsyfiles/tests/unittests/test_type_inspection_tools.py" line="62" name="test_get_base_generic_type[typing.List-typing.List]" time="0.0036690235137939453"></testcase><testcase classname="parsyfiles.tests.unittests.test_type_inspection_tools" file="parsyfiles/tests/unittests/test_type_inspection_tools.py" line="62" name="test_get_base_generic_type[typing.Set-typing.Set]" time="0.003949403762817383"></testcase><testcase classname="parsyfiles.tests.unittests.test_type_inspection_tools" file="parsyfiles/tests/unittests/test_type_inspection_tools.py" line="62" name="test_get_base_generic_type[typing.Tuple-typing.Tuple]" time="0.0029363632202148438"></testcase><testcase classname="parsyfiles.tests.unittests.test_type_inspection_tools" file="parsyfiles/tests/unittests/test_type_inspection_tools.py" line="62" name="test_get_base_generic_type[typing.Dict[str, int]-typing.Dict]" time="0.0030481815338134766"></testcase><testcase classname="parsyfiles.tests.unittests.test_type_inspection_tools" file="parsyfiles/tests/unittests/test_type_inspection_tools.py" line="62" name="test_get_base_generic_type[typing.List[typing.List[str]]-typing.List]" time="0.0040972232818603516"></testcase><testcase classname="parsyfiles.tests.unittests.test_type_inspection_tools" file="parsyfiles/tests/unittests/test_type_inspection_tools.py" line="62" name="test_get_base_generic_type[typing.Set[str]-typing.Set]" time="0.0038323402404785156"></testcase><testcase classname="parsyfiles.tests.unittests.test_type_inspection_tools" file="parsyfiles/tests/unittests/test_type_inspection_tools.py" line="62" name="test_get_base_generic_type[typing.Tuple[int, str]-typing.Tuple]" time="0.0034406185150146484"></testcase><testcase classname="parsyfiles.tests.unittests.test_type_inspection_tools" file="parsyfiles/tests/unittests/test_type_inspection_tools.py" line="62" name="test_get_base_generic_type[typing.Any-typing.Any]" time="0.003300905227661133"></testcase><testcase classname="parsyfiles.tests.unittests.test_type_inspection_tools" file="parsyfiles/tests/unittests/test_type_inspection_tools.py" line="62" name="test_get_base_generic_type[typing.Union-typing.Union]" time="0.0034055709838867188"></testcase><testcase classname="parsyfiles.tests.unittests.test_type_inspection_tools" file="parsyfiles/tests/unittests/test_type_inspection_tools.py" line="62" name="test_get_base_generic_type[typing.Union[typing.Any, NoneType]-typing.Union]" time="0.00395965576171875"></testcase><testcase classname="parsyfiles.tests.unittests.test_type_inspection_tools" file="parsyfiles/tests/unittests/test_type_inspection_tools.py" line="118" name="test_is_collection[&lt;class &apos;str&apos;&gt;-True-False]" time="0.002197265625"></testcase><testcase classname="parsyfiles.tests.unittests.test_type_inspection_tools" file="parsyfiles/tests/unittests/test_type_inspection_tools.py" line="118" name="test_is_collection[&lt;class &apos;int&apos;&gt;-False-False]" time="0.0035054683685302734"></testcase><testcase classname="parsyfiles.tests.unittests.test_type_inspection_tools" file="parsyfiles/tests/unittests/test_type_inspection_tools.py" line="118" name="test_is_collection[&lt;class &apos;list&apos;&gt;-True-True]" time="0.002885580062866211"></testcase><testcase classname="parsyfiles.tests.unittests.test_type_inspection_tools" file="parsyfiles/tests/unittests/test_type_inspection_tools.py" line="118" name="test_is_collection[&lt;class &apos;list&apos;&gt;-False-True]" time="0.0032782554626464844"></testcase><testcase classname="parsyfiles.tests.unittests.test_type_inspection_tools" file="parsyfiles/tests/unittests/test_type_inspection_tools.py" line="118" name="test_is_collection[&lt;class &apos;set&apos;&gt;-True-True]" time="0.004004001617431641"></testcase><testcase classname="parsyfiles.tests.unittests.test_type_inspection_tools" file="parsyfiles/tests/unittests/test_type_inspection_tools.py" line="118" name="test_is_collection[&lt;class &apos;dict&apos;&gt;-True-True]" time="0.003741741180419922"></testcase><testcase classname="parsyfiles.tests.unittests.test_type_inspection_tools" file="parsyfiles/tests/unittests/test_type_inspection_tools.py" line="118" name="test_is_collection[&lt;class &apos;tuple&apos;&gt;-True-True]" time="0.004126310348510742"></testcase><testcase classname="parsyfiles.tests.unittests.test_type_inspection_tools" file="parsyfiles/tests/unittests/test_type_inspection_tools.py" line="118" name="test_is_collection[typing.Dict-True-True]" time="0.003566265106201172"></testcase><testcase classname="parsyfiles.tests.unittests.test_type_inspection_tools" file="parsyfiles/tests/unittests/test_type_inspection_tools.py" line="118" name="test_is_collection[typing.List-True-True]" time="0.003915071487426758"></testcase><testcase classname="parsyfiles.tests.unittests.test_type_inspection_tools" file="parsyfiles/tests/unittests/test_type_inspection_tools.py" line="118" name="test_is_collection[typing.Set-True-True]" time="0.0031588077545166016"></testcase><testcase classname="parsyfiles.tests.unittests.test_type_inspection_tools" file="parsyfiles/tests/unittests/test_type_inspection_tools.py" line="118" name="test_is_collection[typing.Tuple-True-True]" time="0.0033037662506103516"></testcase><testcase classname="parsyfiles.tests.unittests.test_type_inspection_tools" file="parsyfiles/tests/unittests/test_type_inspection_tools.py" line="118" name="test_is_collection[typing.Dict[str, int]-True-True]" time="0.0033788681030273438"></testcase><testcase classname="parsyfiles.tests.unittests.test_type_inspection_tools" file="parsyfiles/tests/unittests/test_type_inspection_tools.py" line="118" name="test_is_collection[typing.List[typing.List[str]]-True-True]" time="0.004189014434814453"></testcase><testcase classname="parsyfiles.tests.unittests.test_type_inspection_tools" file="parsyfiles/tests/unittests/test_type_inspection_tools.py" line="118" name="test_is_collection[typing.Set[str]-True-True]" time="0.0032935142517089844"></testcase><testcase classname="parsyfiles.tests.unittests.test_type_inspection_tools" file="parsyfiles/tests/unittests/test_type_inspection_tools.py" line="118" name="test_is_collection[typing.Tuple[int, str]-True-True]" time="0.004065990447998047"></testcase><testcase classname="parsyfiles.tests.unittests.test_type_inspection_tools" file="parsyfiles/tests/unittests/test_type_inspection_tools.py" line="118" name="test_is_collection[&lt;class &apos;test_type_inspection_tools.MyDict&apos;&gt;-True-False]" time="0.003990650177001953"></testcase><testcase classname="parsyfiles.tests.unittests.test_type_inspection_tools" file="parsyfiles/tests/unittests/test_type_inspection_tools.py" line="118" name="test_is_collection[&lt;class &apos;test_type_inspection_tools.MyDict&apos;&gt;-False-True]" time="0.0038573741912841797"></testcase><testcase classname="parsyfiles.tests.unittests.test_type_inspection_tools" file="parsyfiles/tests/unittests/test_type_inspection_tools.py" line="118" name="test_is_collection[test_type_inspection_tools.MyDict2-True-False]" time="0.0033004283905029297"></testcase><testcase classname="parsyfiles.tests.unittests.test_type_inspection_tools" file="parsyfiles/tests/unittests/test_type_inspection_tools.py" line="118" name="test_is_collection[test_type_inspection_tools.MyDict2-False-True]" time="0.003495454788208008"></testcase><testcase classname="parsyfiles.tests.unittests.test_type_inspection_tools" file="parsyfiles/tests/unittests/test_type_inspection_tools.py" line="118" name="test_is_collection[test_type_inspection_tools.MyDict3-True-False]" time="0.003586292266845703"></testcase><testcase classname="parsyfiles.tests.unittests.test_type_inspection_tools" file="parsyfiles/tests/unittests/test_type_inspection_tools.py" line="118" name="test_is_collection[test_type_inspection_tools.MyDict3-False-True]" time="0.0037429332733154297"></testcase><testcase classname="parsyfiles.tests.unittests.test_type_inspection_tools" file="parsyfiles/tests/unittests/test_type_inspection_tools.py" line="118" name="test_is_collection[test_type_inspection_tools.MyDict4-True-False]" time="0.003397703170776367"></testcase><testcase classname="parsyfiles.tests.unittests.test_type_inspection_tools" file="parsyfiles/tests/unittests/test_type_inspection_tools.py" line="118" name="test_is_collection[test_type_inspection_tools.MyDict4-False-True]" time="0.0033686161041259766"></testcase><testcase classname="parsyfiles.tests.unittests.test_type_inspection_tools" file="parsyfiles/tests/unittests/test_type_inspection_tools.py" line="118" name="test_is_collection[typing.Any-False-False]" time="0.002655506134033203"></testcase><testcase classname="parsyfiles.tests.unittests.test_type_inspection_tools" file="parsyfiles/tests/unittests/test_type_inspection_tools.py" line="118" name="test_is_collection[typing.Union-False-False]" time="0.0019083023071289062"></testcase><testcase classname="parsyfiles.tests.unittests.test_type_inspection_tools" file="parsyfiles/tests/unittests/test_type_inspection_tools.py" line="118" name="test_is_collection[typing.Union[typing.Any, NoneType]-False-False]" time="0.0042188167572021484"></testcase><testcase classname="parsyfiles.tests.unittests.test_type_inspection_tools" file="parsyfiles/tests/unittests/test_type_inspection_tools.py" line="133" name="test__extract_collection_base_type[typing.Dict[str, int]-(&lt;class &apos;int&apos;&gt;, &lt;class &apos;str&apos;&gt;)]" time="0.004097938537597656"></testcase><testcase classname="parsyfiles.tests.unittests.test_type_inspection_tools" file="parsyfiles/tests/unittests/test_type_inspection_tools.py" line="133" name="test__extract_collection_base_type[typing.Set[int]-(&lt;class &apos;int&apos;&gt;, None)]" time="0.0037207603454589844"></testcase><testcase classname="parsyfiles.tests.unittests.test_type_inspection_tools" file="parsyfiles/tests/unittests/test_type_inspection_tools.py" line="133" name="test__extract_collection_base_type[typing.List[int]-(&lt;class &apos;int&apos;&gt;, None)]" time="0.004189252853393555"></testcase><testcase classname="parsyfiles.tests.unittests.test_type_inspection_tools" file="parsyfiles/tests/unittests/test_type_inspection_tools.py" line="133" name="test__extract_collection_base_type[typing.Tuple[int, str]-((&lt;class &apos;int&apos;&gt;, &lt;class &apos;str&apos;&gt;), None)]" time="0.004014015197753906"></testcase><testcase classname="parsyfiles.tests.unittests.test_type_inspection_tools" file="parsyfiles/tests/unittests/test_type_inspection_tools.py" line="133" name="test__extract_collection_base_type[typing.Dict[str, typing.Tuple[int, str]]-(typing.Tuple[int, str], &lt;class &apos;str&apos;&gt;)]" time="0.003757476806640625"></testcase><testcase classname="parsyfiles.tests.unittests.test_type_inspection_tools" file="parsyfiles/tests/unittests/test_type_inspection_tools.py" line="133" name="test__extract_collection_base_type[typing.Tuple[typing.Dict[str, int], typing.List[int], typing.Set[int], typing.Tuple[str, int, str]]-((typing.Dict[str, int], typing.List[int], typing.Set[int], typing.Tuple[str, int, str]), None)]" time="0.0022792816162109375"></testcase></testsuite>