<?xml version="1.0" encoding="utf-8"?><testsuite errors="0" failures="2" name="pytest" skips="0" tests="253" time="26.937"><testcase classname="parsyfiles.tests.combining_parsers_converters.test_default_instance" file="parsyfiles/tests/combining_parsers_converters/test_default_instance.py" line="50" name="test_copy" time="0.03534078598022461"></testcase><testcase classname="parsyfiles.tests.combining_parsers_converters.test_default_instance" file="parsyfiles/tests/combining_parsers_converters/test_default_instance.py" line="55" name="test_deep_copy" time="0.03409314155578613"></testcase><testcase classname="parsyfiles.tests.combining_parsers_converters.test_default_instance" file="parsyfiles/tests/combining_parsers_converters/test_default_instance.py" line="60" name="test_get_all_parsers" time="0.07024812698364258"><system-out>
127 Root parser parsers:
[$&lt;read_config&gt; =&gt; &lt;config_to_dict_of_dict&gt; -&gt; &lt;dict_to_object&gt;$,
 $&lt;read_config&gt; =&gt; &lt;config_to_dict_of_dict&gt; -&gt; &lt;dict_of_dict_to_object&gt;$,
 $&lt;read_config&gt; =&gt; &lt;merge_all_config_sections_into_a_single_dict&gt; -&gt; &lt;dict_to_object&gt;$,
 $&lt;read_dataframe_from_xls&gt; =&gt; &lt;single_row_or_col_df_to_dict&gt; -&gt; &lt;dict_to_object&gt;$,
 $&lt;read_df_or_series_from_csv&gt; =&gt; &lt;single_row_or_col_df_to_dict&gt; -&gt; &lt;dict_to_object&gt;$,
 $&lt;read_str_from_txt&gt; =&gt; &lt;base64_ascii_str_pickle_to_object&gt;$,
 $&lt;read_collection_from_yaml&gt; =&gt; &lt;dict_to_object&gt;$,
 $&lt;read_str_from_txt&gt; =&gt; &lt;constructor_with_str_arg&gt;$,
 $&lt;read_dict_or_list_from_json&gt; =&gt; &lt;dict_to_object&gt;$,
 $&lt;read_dict_from_properties&gt; =&gt; &lt;dict_to_object&gt;$,
 &lt;read_object_from_pickle&gt;,
 Multifile Object parser (parsyfiles defaults),
 &lt;read_object_from_yaml&gt;,
 $&lt;read_object_from_pickle&gt; =&gt; &lt;config_to_dict_of_dict&gt; -&gt; &lt;dict_to_df&gt; -&gt; &lt;single_row_or_col_df_to_series&gt;$,
 $&lt;read_object_from_pickle&gt; =&gt; &lt;merge_all_config_sections_into_a_single_dict&gt; -&gt; &lt;dict_to_df&gt; -&gt; &lt;single_row_or_col_df_to_series&gt;$,
 $Multifile Object parser (parsyfiles defaults) =&gt; &lt;config_to_dict_of_dict&gt; -&gt; &lt;dict_to_df&gt; -&gt; &lt;single_row_or_col_df_to_series&gt;$,
 $Multifile Object parser (parsyfiles defaults) =&gt; &lt;merge_all_config_sections_into_a_single_dict&gt; -&gt; &lt;dict_to_df&gt; -&gt; &lt;single_row_or_col_df_to_series&gt;$,
 $&lt;read_object_from_yaml&gt; =&gt; &lt;config_to_dict_of_dict&gt; -&gt; &lt;dict_to_df&gt; -&gt; &lt;single_row_or_col_df_to_series&gt;$,
 $&lt;read_object_from_yaml&gt; =&gt; &lt;merge_all_config_sections_into_a_single_dict&gt; -&gt; &lt;dict_to_df&gt; -&gt; &lt;single_row_or_col_df_to_series&gt;$,
 $&lt;read_config&gt; =&gt; &lt;config_to_dict_of_dict&gt; -&gt; &lt;dict_to_df&gt; -&gt; &lt;single_row_or_col_df_to_series&gt;$,
 $&lt;read_config&gt; =&gt; &lt;merge_all_config_sections_into_a_single_dict&gt; -&gt; &lt;dict_to_df&gt; -&gt; &lt;single_row_or_col_df_to_series&gt;$,
 $&lt;read_str_from_txt&gt; =&gt; &lt;base64_ascii_str_pickle_to_object&gt; -&gt; &lt;str_to_int&gt;$,
 $&lt;read_str_from_txt&gt; =&gt; &lt;base64_ascii_str_pickle_to_object&gt; -&gt; &lt;float_to_int&gt;$,
 $&lt;read_str_from_txt&gt; =&gt; &lt;base64_ascii_str_pickle_to_object&gt; -&gt; &lt;bool_to_int&gt;$,
 $&lt;read_str_from_txt&gt; =&gt; &lt;base64_ascii_str_pickle_to_object&gt; -&gt; &lt;str_to_float&gt;$,
 $&lt;read_str_from_txt&gt; =&gt; &lt;base64_ascii_str_pickle_to_object&gt; -&gt; &lt;int_to_float&gt;$,
 $&lt;read_str_from_txt&gt; =&gt; &lt;base64_ascii_str_pickle_to_object&gt; -&gt; &lt;bool_to_float&gt;$,
 $&lt;read_str_from_txt&gt; =&gt; &lt;base64_ascii_str_pickle_to_object&gt; -&gt; &lt;str_to_bool&gt;$,
 $&lt;read_str_from_txt&gt; =&gt; &lt;base64_ascii_str_pickle_to_object&gt; -&gt; &lt;int_to_bool&gt;$,
 $&lt;read_str_from_txt&gt; =&gt; &lt;base64_ascii_str_pickle_to_object&gt; -&gt; &lt;float_to_bool&gt;$,
 $&lt;read_str_from_txt&gt; =&gt; &lt;base64_ascii_str_pickle_to_object&gt; -&gt; &lt;list_to_set&gt;$,
 $&lt;read_str_from_txt&gt; =&gt; &lt;base64_ascii_str_pickle_to_object&gt; -&gt; &lt;list_to_tuple&gt;$,
 $&lt;read_collection_from_yaml&gt; =&gt; &lt;dict_to_df&gt; -&gt; &lt;single_row_or_col_df_to_series&gt;$,
 $&lt;read_object_from_pickle&gt; =&gt; &lt;config_to_dict_of_dict&gt; -&gt; &lt;dict_to_df&gt;$,
 $&lt;read_object_from_pickle&gt; =&gt; &lt;merge_all_config_sections_into_a_single_dict&gt; -&gt; &lt;dict_to_df&gt;$,
 $&lt;read_object_from_pickle&gt; =&gt; &lt;dict_to_df&gt; -&gt; &lt;single_row_or_col_df_to_series&gt;$,
 $Multifile Object parser (parsyfiles defaults) =&gt; &lt;config_to_dict_of_dict&gt; -&gt; &lt;dict_to_df&gt;$,
 $Multifile Object parser (parsyfiles defaults) =&gt; &lt;merge_all_config_sections_into_a_single_dict&gt; -&gt; &lt;dict_to_df&gt;$,
 $Multifile Object parser (parsyfiles defaults) =&gt; &lt;dict_to_df&gt; -&gt; &lt;single_row_or_col_df_to_series&gt;$,
 $&lt;read_object_from_yaml&gt; =&gt; &lt;config_to_dict_of_dict&gt; -&gt; &lt;dict_to_df&gt;$,
 $&lt;read_object_from_yaml&gt; =&gt; &lt;merge_all_config_sections_into_a_single_dict&gt; -&gt; &lt;dict_to_df&gt;$,
 $&lt;read_object_from_yaml&gt; =&gt; &lt;dict_to_df&gt; -&gt; &lt;single_row_or_col_df_to_series&gt;$,
 $&lt;read_dict_or_list_from_json&gt; =&gt; &lt;dict_to_df&gt; -&gt; &lt;single_row_or_col_df_to_series&gt;$,
 $&lt;read_config&gt; =&gt; &lt;config_to_dict_of_dict&gt; -&gt; &lt;dict_to_df&gt;$,
 $&lt;read_config&gt; =&gt; &lt;merge_all_config_sections_into_a_single_dict&gt; -&gt; &lt;dict_to_df&gt;$,
 $&lt;read_dict_from_properties&gt; =&gt; &lt;dict_to_df&gt; -&gt; &lt;single_row_or_col_df_to_series&gt;$,
 $&lt;read_dict_or_list_from_json&gt; =&gt; &lt;list_to_set&gt;$,
 $&lt;read_dict_or_list_from_json&gt; =&gt; &lt;list_to_tuple&gt;$,
 $&lt;read_collection_from_yaml&gt; =&gt; &lt;dict_to_df&gt;$,
 $&lt;read_object_from_pickle&gt; =&gt; &lt;str_to_int&gt;$,
 $&lt;read_object_from_pickle&gt; =&gt; &lt;float_to_int&gt;$,
 $&lt;read_object_from_pickle&gt; =&gt; &lt;bool_to_int&gt;$,
 $&lt;read_object_from_pickle&gt; =&gt; &lt;str_to_float&gt;$,
 $&lt;read_object_from_pickle&gt; =&gt; &lt;int_to_float&gt;$,
 $&lt;read_object_from_pickle&gt; =&gt; &lt;bool_to_float&gt;$,
 $&lt;read_object_from_pickle&gt; =&gt; &lt;str_to_bool&gt;$,
 $&lt;read_object_from_pickle&gt; =&gt; &lt;int_to_bool&gt;$,
 $&lt;read_object_from_pickle&gt; =&gt; &lt;float_to_bool&gt;$,
 $&lt;read_object_from_pickle&gt; =&gt; &lt;int_to_string&gt;$,
 $&lt;read_object_from_pickle&gt; =&gt; &lt;float_to_string&gt;$,
 $&lt;read_object_from_pickle&gt; =&gt; &lt;bool_to_string&gt;$,
 $&lt;read_object_from_pickle&gt; =&gt; &lt;list_to_set&gt;$,
 $&lt;read_object_from_pickle&gt; =&gt; &lt;list_to_tuple&gt;$,
 $&lt;read_object_from_pickle&gt; =&gt; &lt;config_to_dict_of_dict&gt;$,
 $&lt;read_object_from_pickle&gt; =&gt; &lt;merge_all_config_sections_into_a_single_dict&gt;$,
 $&lt;read_object_from_pickle&gt; =&gt; &lt;single_row_or_col_df_to_dict&gt;$,
 $&lt;read_object_from_pickle&gt; =&gt; &lt;dict_to_df&gt;$,
 $&lt;read_object_from_pickle&gt; =&gt; &lt;single_row_or_col_df_to_series&gt;$,
 $Multifile Object parser (parsyfiles defaults) =&gt; &lt;str_to_int&gt;$,
 $Multifile Object parser (parsyfiles defaults) =&gt; &lt;float_to_int&gt;$,
 $Multifile Object parser (parsyfiles defaults) =&gt; &lt;bool_to_int&gt;$,
 $Multifile Object parser (parsyfiles defaults) =&gt; &lt;str_to_float&gt;$,
 $Multifile Object parser (parsyfiles defaults) =&gt; &lt;int_to_float&gt;$,
 $Multifile Object parser (parsyfiles defaults) =&gt; &lt;bool_to_float&gt;$,
 $Multifile Object parser (parsyfiles defaults) =&gt; &lt;str_to_bool&gt;$,
 $Multifile Object parser (parsyfiles defaults) =&gt; &lt;int_to_bool&gt;$,
 $Multifile Object parser (parsyfiles defaults) =&gt; &lt;float_to_bool&gt;$,
 $Multifile Object parser (parsyfiles defaults) =&gt; &lt;int_to_string&gt;$,
 $Multifile Object parser (parsyfiles defaults) =&gt; &lt;float_to_string&gt;$,
 $Multifile Object parser (parsyfiles defaults) =&gt; &lt;bool_to_string&gt;$,
 $Multifile Object parser (parsyfiles defaults) =&gt; &lt;list_to_set&gt;$,
 $Multifile Object parser (parsyfiles defaults) =&gt; &lt;list_to_tuple&gt;$,
 $Multifile Object parser (parsyfiles defaults) =&gt; &lt;config_to_dict_of_dict&gt;$,
 $Multifile Object parser (parsyfiles defaults) =&gt; &lt;merge_all_config_sections_into_a_single_dict&gt;$,
 $Multifile Object parser (parsyfiles defaults) =&gt; &lt;single_row_or_col_df_to_dict&gt;$,
 $Multifile Object parser (parsyfiles defaults) =&gt; &lt;dict_to_df&gt;$,
 $Multifile Object parser (parsyfiles defaults) =&gt; &lt;single_row_or_col_df_to_series&gt;$,
 $&lt;read_object_from_yaml&gt; =&gt; &lt;str_to_int&gt;$,
 $&lt;read_object_from_yaml&gt; =&gt; &lt;float_to_int&gt;$,
 $&lt;read_object_from_yaml&gt; =&gt; &lt;bool_to_int&gt;$,
 $&lt;read_object_from_yaml&gt; =&gt; &lt;str_to_float&gt;$,
 $&lt;read_object_from_yaml&gt; =&gt; &lt;int_to_float&gt;$,
 $&lt;read_object_from_yaml&gt; =&gt; &lt;bool_to_float&gt;$,
 $&lt;read_object_from_yaml&gt; =&gt; &lt;str_to_bool&gt;$,
 $&lt;read_object_from_yaml&gt; =&gt; &lt;int_to_bool&gt;$,
 $&lt;read_object_from_yaml&gt; =&gt; &lt;float_to_bool&gt;$,
 $&lt;read_object_from_yaml&gt; =&gt; &lt;int_to_string&gt;$,
 $&lt;read_object_from_yaml&gt; =&gt; &lt;float_to_string&gt;$,
 $&lt;read_object_from_yaml&gt; =&gt; &lt;bool_to_string&gt;$,
 $&lt;read_object_from_yaml&gt; =&gt; &lt;list_to_set&gt;$,
 $&lt;read_object_from_yaml&gt; =&gt; &lt;list_to_tuple&gt;$,
 $&lt;read_object_from_yaml&gt; =&gt; &lt;config_to_dict_of_dict&gt;$,
 $&lt;read_object_from_yaml&gt; =&gt; &lt;merge_all_config_sections_into_a_single_dict&gt;$,
 $&lt;read_object_from_yaml&gt; =&gt; &lt;single_row_or_col_df_to_dict&gt;$,
 $&lt;read_object_from_yaml&gt; =&gt; &lt;dict_to_df&gt;$,
 $&lt;read_object_from_yaml&gt; =&gt; &lt;single_row_or_col_df_to_series&gt;$,
 $&lt;read_str_from_txt&gt; =&gt; &lt;str_to_int&gt;$,
 $&lt;read_str_from_txt&gt; =&gt; &lt;str_to_float&gt;$,
 $&lt;read_str_from_txt&gt; =&gt; &lt;str_to_bool&gt;$,
 $&lt;read_dict_or_list_from_json&gt; =&gt; &lt;dict_to_df&gt;$,
 $&lt;read_config&gt; =&gt; &lt;config_to_dict_of_dict&gt;$,
 $&lt;read_config&gt; =&gt; &lt;merge_all_config_sections_into_a_single_dict&gt;$,
 $&lt;read_dict_from_properties&gt; =&gt; &lt;dict_to_df&gt;$,
 $&lt;read_collection_from_yaml&gt; =&gt; &lt;list_to_set&gt;$,
 $&lt;read_collection_from_yaml&gt; =&gt; &lt;list_to_tuple&gt;$,
 $&lt;read_dataframe_from_xls&gt; =&gt; &lt;single_row_or_col_df_to_dict&gt;$,
 $&lt;read_dataframe_from_xls&gt; =&gt; &lt;single_row_or_col_df_to_series&gt;$,
 $&lt;read_df_or_series_from_csv&gt; =&gt; &lt;single_row_or_col_df_to_dict&gt;$,
 $&lt;read_df_or_series_from_csv&gt; =&gt; &lt;single_row_or_col_df_to_series&gt;$,
 &lt;read_str_from_txt&gt;,
 &lt;read_dict_or_list_from_json&gt;,
 Multifile Collection parser (parsyfiles defaults),
 &lt;read_config&gt;,
 &lt;read_dict_from_properties&gt;,
 &lt;read_collection_from_yaml&gt;,
 &lt;read_dataframe_from_xls&gt;,
 &lt;read_df_or_series_from_csv&gt;]
</system-out></testcase><testcase classname="parsyfiles.tests.combining_parsers_converters.test_default_instance" file="parsyfiles/tests/combining_parsers_converters/test_default_instance.py" line="73" name="test_option_hints" time="0.0673224925994873"><system-out>Testing option hints for parsing chain
read_config: No declared option
config_to_dict_of_dict: No declared option
dict_to_object: No declared option

</system-out></testcase><testcase classname="parsyfiles.tests.combining_parsers_converters.test_default_instance" file="parsyfiles/tests/combining_parsers_converters/test_default_instance.py" line="81" name="test_get_all_conversion_chains" time="0.030281543731689453"><system-out>
22(generic) + 200(specific) Root parser converters:
([$&lt;config_to_dict_of_dict&gt; -&gt; &lt;dict_to_object&gt;$,
  $&lt;config_to_dict_of_dict&gt; -&gt; &lt;dict_of_dict_to_object&gt;$,
  $&lt;merge_all_config_sections_into_a_single_dict&gt; -&gt; &lt;dict_to_object&gt;$,
  $&lt;single_row_or_col_df_to_dict&gt; -&gt; &lt;dict_to_object&gt;$,
  $&lt;constructor_with_str_arg&gt;$,
  $&lt;base64_ascii_str_pickle_to_object&gt;$,
  $&lt;dict_of_dict_to_object&gt;$,
  $&lt;dict_to_object&gt;$,
  $&lt;construct_from_bool_&gt;$,
  $&lt;construct_from_int8&gt;$,
  $&lt;construct_from_int16&gt;$,
  $&lt;construct_from_int32&gt;$,
  $&lt;construct_from_int64&gt;$,
  $&lt;construct_from_uint8&gt;$,
  $&lt;construct_from_uint16&gt;$,
  $&lt;construct_from_uint32&gt;$,
  $&lt;construct_from_uint64&gt;$,
  $&lt;construct_from_float16&gt;$,
  $&lt;construct_from_float32&gt;$,
  $&lt;construct_from_float64&gt;$,
  $&lt;construct_from_complex64&gt;$,
  $&lt;construct_from_complex128&gt;$],
 [],
 [$&lt;config_to_dict_of_dict&gt; -&gt; &lt;dict_to_df&gt; -&gt; &lt;single_row_or_col_df_to_series&gt;$,
  $&lt;config_to_dict_of_dict&gt; -&gt; &lt;dict_to_df&gt;$,
  $&lt;merge_all_config_sections_into_a_single_dict&gt; -&gt; &lt;dict_to_df&gt; -&gt; &lt;single_row_or_col_df_to_series&gt;$,
  $&lt;base64_ascii_str_pickle_to_object&gt; -&gt; &lt;str_to_int&gt;$,
  $&lt;base64_ascii_str_pickle_to_object&gt; -&gt; &lt;float_to_int&gt;$,
  $&lt;base64_ascii_str_pickle_to_object&gt; -&gt; &lt;bool_to_int&gt;$,
  $&lt;base64_ascii_str_pickle_to_object&gt; -&gt; &lt;str_to_float&gt;$,
  $&lt;base64_ascii_str_pickle_to_object&gt; -&gt; &lt;int_to_float&gt;$,
  $&lt;base64_ascii_str_pickle_to_object&gt; -&gt; &lt;bool_to_float&gt;$,
  $&lt;base64_ascii_str_pickle_to_object&gt; -&gt; &lt;str_to_bool&gt;$,
  $&lt;base64_ascii_str_pickle_to_object&gt; -&gt; &lt;int_to_bool&gt;$,
  $&lt;base64_ascii_str_pickle_to_object&gt; -&gt; &lt;float_to_bool&gt;$,
  $&lt;base64_ascii_str_pickle_to_object&gt; -&gt; &lt;int_to_string&gt;$,
  $&lt;base64_ascii_str_pickle_to_object&gt; -&gt; &lt;float_to_string&gt;$,
  $&lt;base64_ascii_str_pickle_to_object&gt; -&gt; &lt;bool_to_string&gt;$,
  $&lt;base64_ascii_str_pickle_to_object&gt; -&gt; &lt;list_to_set&gt;$,
  $&lt;base64_ascii_str_pickle_to_object&gt; -&gt; &lt;list_to_tuple&gt;$,
  $&lt;construct_from_bool_&gt; -&gt; &lt;str_to_int&gt;$,
  $&lt;construct_from_bool_&gt; -&gt; &lt;float_to_int&gt;$,
  $&lt;construct_from_bool_&gt; -&gt; &lt;bool_to_int&gt;$,
  $&lt;construct_from_bool_&gt; -&gt; &lt;str_to_float&gt;$,
  $&lt;construct_from_bool_&gt; -&gt; &lt;int_to_float&gt;$,
  $&lt;construct_from_bool_&gt; -&gt; &lt;bool_to_float&gt;$,
  $&lt;construct_from_bool_&gt; -&gt; &lt;str_to_bool&gt;$,
  $&lt;construct_from_bool_&gt; -&gt; &lt;int_to_bool&gt;$,
  $&lt;construct_from_bool_&gt; -&gt; &lt;float_to_bool&gt;$,
  $&lt;construct_from_bool_&gt; -&gt; &lt;int_to_string&gt;$,
  $&lt;construct_from_bool_&gt; -&gt; &lt;float_to_string&gt;$,
  $&lt;construct_from_bool_&gt; -&gt; &lt;bool_to_string&gt;$,
  $&lt;construct_from_int8&gt; -&gt; &lt;str_to_int&gt;$,
  $&lt;construct_from_int8&gt; -&gt; &lt;float_to_int&gt;$,
  $&lt;construct_from_int8&gt; -&gt; &lt;bool_to_int&gt;$,
  $&lt;construct_from_int8&gt; -&gt; &lt;str_to_float&gt;$,
  $&lt;construct_from_int8&gt; -&gt; &lt;int_to_float&gt;$,
  $&lt;construct_from_int8&gt; -&gt; &lt;bool_to_float&gt;$,
  $&lt;construct_from_int8&gt; -&gt; &lt;str_to_bool&gt;$,
  $&lt;construct_from_int8&gt; -&gt; &lt;int_to_bool&gt;$,
  $&lt;construct_from_int8&gt; -&gt; &lt;float_to_bool&gt;$,
  $&lt;construct_from_int8&gt; -&gt; &lt;int_to_string&gt;$,
  $&lt;construct_from_int8&gt; -&gt; &lt;float_to_string&gt;$,
  $&lt;construct_from_int8&gt; -&gt; &lt;bool_to_string&gt;$,
  $&lt;construct_from_int16&gt; -&gt; &lt;str_to_int&gt;$,
  $&lt;construct_from_int16&gt; -&gt; &lt;float_to_int&gt;$,
  $&lt;construct_from_int16&gt; -&gt; &lt;bool_to_int&gt;$,
  $&lt;construct_from_int16&gt; -&gt; &lt;str_to_float&gt;$,
  $&lt;construct_from_int16&gt; -&gt; &lt;int_to_float&gt;$,
  $&lt;construct_from_int16&gt; -&gt; &lt;bool_to_float&gt;$,
  $&lt;construct_from_int16&gt; -&gt; &lt;str_to_bool&gt;$,
  $&lt;construct_from_int16&gt; -&gt; &lt;int_to_bool&gt;$,
  $&lt;construct_from_int16&gt; -&gt; &lt;float_to_bool&gt;$,
  $&lt;construct_from_int16&gt; -&gt; &lt;int_to_string&gt;$,
  $&lt;construct_from_int16&gt; -&gt; &lt;float_to_string&gt;$,
  $&lt;construct_from_int16&gt; -&gt; &lt;bool_to_string&gt;$,
  $&lt;construct_from_int32&gt; -&gt; &lt;str_to_int&gt;$,
  $&lt;construct_from_int32&gt; -&gt; &lt;float_to_int&gt;$,
  $&lt;construct_from_int32&gt; -&gt; &lt;bool_to_int&gt;$,
  $&lt;construct_from_int32&gt; -&gt; &lt;str_to_float&gt;$,
  $&lt;construct_from_int32&gt; -&gt; &lt;int_to_float&gt;$,
  $&lt;construct_from_int32&gt; -&gt; &lt;bool_to_float&gt;$,
  $&lt;construct_from_int32&gt; -&gt; &lt;str_to_bool&gt;$,
  $&lt;construct_from_int32&gt; -&gt; &lt;int_to_bool&gt;$,
  $&lt;construct_from_int32&gt; -&gt; &lt;float_to_bool&gt;$,
  $&lt;construct_from_int32&gt; -&gt; &lt;int_to_string&gt;$,
  $&lt;construct_from_int32&gt; -&gt; &lt;float_to_string&gt;$,
  $&lt;construct_from_int32&gt; -&gt; &lt;bool_to_string&gt;$,
  $&lt;construct_from_int64&gt; -&gt; &lt;str_to_int&gt;$,
  $&lt;construct_from_int64&gt; -&gt; &lt;float_to_int&gt;$,
  $&lt;construct_from_int64&gt; -&gt; &lt;bool_to_int&gt;$,
  $&lt;construct_from_int64&gt; -&gt; &lt;str_to_float&gt;$,
  $&lt;construct_from_int64&gt; -&gt; &lt;int_to_float&gt;$,
  $&lt;construct_from_int64&gt; -&gt; &lt;bool_to_float&gt;$,
  $&lt;construct_from_int64&gt; -&gt; &lt;str_to_bool&gt;$,
  $&lt;construct_from_int64&gt; -&gt; &lt;int_to_bool&gt;$,
  $&lt;construct_from_int64&gt; -&gt; &lt;float_to_bool&gt;$,
  $&lt;construct_from_int64&gt; -&gt; &lt;int_to_string&gt;$,
  $&lt;construct_from_int64&gt; -&gt; &lt;float_to_string&gt;$,
  $&lt;construct_from_int64&gt; -&gt; &lt;bool_to_string&gt;$,
  $&lt;construct_from_uint8&gt; -&gt; &lt;str_to_int&gt;$,
  $&lt;construct_from_uint8&gt; -&gt; &lt;float_to_int&gt;$,
  $&lt;construct_from_uint8&gt; -&gt; &lt;bool_to_int&gt;$,
  $&lt;construct_from_uint8&gt; -&gt; &lt;str_to_float&gt;$,
  $&lt;construct_from_uint8&gt; -&gt; &lt;int_to_float&gt;$,
  $&lt;construct_from_uint8&gt; -&gt; &lt;bool_to_float&gt;$,
  $&lt;construct_from_uint8&gt; -&gt; &lt;str_to_bool&gt;$,
  $&lt;construct_from_uint8&gt; -&gt; &lt;int_to_bool&gt;$,
  $&lt;construct_from_uint8&gt; -&gt; &lt;float_to_bool&gt;$,
  $&lt;construct_from_uint8&gt; -&gt; &lt;int_to_string&gt;$,
  $&lt;construct_from_uint8&gt; -&gt; &lt;float_to_string&gt;$,
  $&lt;construct_from_uint8&gt; -&gt; &lt;bool_to_string&gt;$,
  $&lt;construct_from_uint16&gt; -&gt; &lt;str_to_int&gt;$,
  $&lt;construct_from_uint16&gt; -&gt; &lt;float_to_int&gt;$,
  $&lt;construct_from_uint16&gt; -&gt; &lt;bool_to_int&gt;$,
  $&lt;construct_from_uint16&gt; -&gt; &lt;str_to_float&gt;$,
  $&lt;construct_from_uint16&gt; -&gt; &lt;int_to_float&gt;$,
  $&lt;construct_from_uint16&gt; -&gt; &lt;bool_to_float&gt;$,
  $&lt;construct_from_uint16&gt; -&gt; &lt;str_to_bool&gt;$,
  $&lt;construct_from_uint16&gt; -&gt; &lt;int_to_bool&gt;$,
  $&lt;construct_from_uint16&gt; -&gt; &lt;float_to_bool&gt;$,
  $&lt;construct_from_uint16&gt; -&gt; &lt;int_to_string&gt;$,
  $&lt;construct_from_uint16&gt; -&gt; &lt;float_to_string&gt;$,
  $&lt;construct_from_uint16&gt; -&gt; &lt;bool_to_string&gt;$,
  $&lt;construct_from_uint32&gt; -&gt; &lt;str_to_int&gt;$,
  $&lt;construct_from_uint32&gt; -&gt; &lt;float_to_int&gt;$,
  $&lt;construct_from_uint32&gt; -&gt; &lt;bool_to_int&gt;$,
  $&lt;construct_from_uint32&gt; -&gt; &lt;str_to_float&gt;$,
  $&lt;construct_from_uint32&gt; -&gt; &lt;int_to_float&gt;$,
  $&lt;construct_from_uint32&gt; -&gt; &lt;bool_to_float&gt;$,
  $&lt;construct_from_uint32&gt; -&gt; &lt;str_to_bool&gt;$,
  $&lt;construct_from_uint32&gt; -&gt; &lt;int_to_bool&gt;$,
  $&lt;construct_from_uint32&gt; -&gt; &lt;float_to_bool&gt;$,
  $&lt;construct_from_uint32&gt; -&gt; &lt;int_to_string&gt;$,
  $&lt;construct_from_uint32&gt; -&gt; &lt;float_to_string&gt;$,
  $&lt;construct_from_uint32&gt; -&gt; &lt;bool_to_string&gt;$,
  $&lt;construct_from_uint64&gt; -&gt; &lt;str_to_int&gt;$,
  $&lt;construct_from_uint64&gt; -&gt; &lt;float_to_int&gt;$,
  $&lt;construct_from_uint64&gt; -&gt; &lt;bool_to_int&gt;$,
  $&lt;construct_from_uint64&gt; -&gt; &lt;str_to_float&gt;$,
  $&lt;construct_from_uint64&gt; -&gt; &lt;int_to_float&gt;$,
  $&lt;construct_from_uint64&gt; -&gt; &lt;bool_to_float&gt;$,
  $&lt;construct_from_uint64&gt; -&gt; &lt;str_to_bool&gt;$,
  $&lt;construct_from_uint64&gt; -&gt; &lt;int_to_bool&gt;$,
  $&lt;construct_from_uint64&gt; -&gt; &lt;float_to_bool&gt;$,
  $&lt;construct_from_uint64&gt; -&gt; &lt;int_to_string&gt;$,
  $&lt;construct_from_uint64&gt; -&gt; &lt;float_to_string&gt;$,
  $&lt;construct_from_uint64&gt; -&gt; &lt;bool_to_string&gt;$,
  $&lt;construct_from_float16&gt; -&gt; &lt;str_to_int&gt;$,
  $&lt;construct_from_float16&gt; -&gt; &lt;float_to_int&gt;$,
  $&lt;construct_from_float16&gt; -&gt; &lt;bool_to_int&gt;$,
  $&lt;construct_from_float16&gt; -&gt; &lt;str_to_float&gt;$,
  $&lt;construct_from_float16&gt; -&gt; &lt;int_to_float&gt;$,
  $&lt;construct_from_float16&gt; -&gt; &lt;bool_to_float&gt;$,
  $&lt;construct_from_float16&gt; -&gt; &lt;str_to_bool&gt;$,
  $&lt;construct_from_float16&gt; -&gt; &lt;int_to_bool&gt;$,
  $&lt;construct_from_float16&gt; -&gt; &lt;float_to_bool&gt;$,
  $&lt;construct_from_float16&gt; -&gt; &lt;int_to_string&gt;$,
  $&lt;construct_from_float16&gt; -&gt; &lt;float_to_string&gt;$,
  $&lt;construct_from_float16&gt; -&gt; &lt;bool_to_string&gt;$,
  $&lt;construct_from_float32&gt; -&gt; &lt;str_to_int&gt;$,
  $&lt;construct_from_float32&gt; -&gt; &lt;float_to_int&gt;$,
  $&lt;construct_from_float32&gt; -&gt; &lt;bool_to_int&gt;$,
  $&lt;construct_from_float32&gt; -&gt; &lt;str_to_float&gt;$,
  $&lt;construct_from_float32&gt; -&gt; &lt;int_to_float&gt;$,
  $&lt;construct_from_float32&gt; -&gt; &lt;bool_to_float&gt;$,
  $&lt;construct_from_float32&gt; -&gt; &lt;str_to_bool&gt;$,
  $&lt;construct_from_float32&gt; -&gt; &lt;int_to_bool&gt;$,
  $&lt;construct_from_float32&gt; -&gt; &lt;float_to_bool&gt;$,
  $&lt;construct_from_float32&gt; -&gt; &lt;int_to_string&gt;$,
  $&lt;construct_from_float32&gt; -&gt; &lt;float_to_string&gt;$,
  $&lt;construct_from_float32&gt; -&gt; &lt;bool_to_string&gt;$,
  $&lt;construct_from_float64&gt; -&gt; &lt;str_to_int&gt;$,
  $&lt;construct_from_float64&gt; -&gt; &lt;bool_to_int&gt;$,
  $&lt;construct_from_float64&gt; -&gt; &lt;str_to_bool&gt;$,
  $&lt;construct_from_float64&gt; -&gt; &lt;int_to_bool&gt;$,
  $&lt;construct_from_float64&gt; -&gt; &lt;int_to_string&gt;$,
  $&lt;construct_from_float64&gt; -&gt; &lt;bool_to_string&gt;$,
  $&lt;construct_from_complex64&gt; -&gt; &lt;str_to_int&gt;$,
  $&lt;construct_from_complex64&gt; -&gt; &lt;float_to_int&gt;$,
  $&lt;construct_from_complex64&gt; -&gt; &lt;bool_to_int&gt;$,
  $&lt;construct_from_complex64&gt; -&gt; &lt;str_to_float&gt;$,
  $&lt;construct_from_complex64&gt; -&gt; &lt;int_to_float&gt;$,
  $&lt;construct_from_complex64&gt; -&gt; &lt;bool_to_float&gt;$,
  $&lt;construct_from_complex64&gt; -&gt; &lt;str_to_bool&gt;$,
  $&lt;construct_from_complex64&gt; -&gt; &lt;int_to_bool&gt;$,
  $&lt;construct_from_complex64&gt; -&gt; &lt;float_to_bool&gt;$,
  $&lt;construct_from_complex64&gt; -&gt; &lt;int_to_string&gt;$,
  $&lt;construct_from_complex64&gt; -&gt; &lt;float_to_string&gt;$,
  $&lt;construct_from_complex64&gt; -&gt; &lt;bool_to_string&gt;$,
  $&lt;construct_from_complex128&gt; -&gt; &lt;str_to_int&gt;$,
  $&lt;construct_from_complex128&gt; -&gt; &lt;float_to_int&gt;$,
  $&lt;construct_from_complex128&gt; -&gt; &lt;bool_to_int&gt;$,
  $&lt;construct_from_complex128&gt; -&gt; &lt;str_to_float&gt;$,
  $&lt;construct_from_complex128&gt; -&gt; &lt;int_to_float&gt;$,
  $&lt;construct_from_complex128&gt; -&gt; &lt;bool_to_float&gt;$,
  $&lt;construct_from_complex128&gt; -&gt; &lt;str_to_bool&gt;$,
  $&lt;construct_from_complex128&gt; -&gt; &lt;int_to_bool&gt;$,
  $&lt;construct_from_complex128&gt; -&gt; &lt;float_to_bool&gt;$,
  $&lt;construct_from_complex128&gt; -&gt; &lt;int_to_string&gt;$,
  $&lt;construct_from_complex128&gt; -&gt; &lt;float_to_string&gt;$,
  $&lt;construct_from_complex128&gt; -&gt; &lt;bool_to_string&gt;$,
  $&lt;merge_all_config_sections_into_a_single_dict&gt; -&gt; &lt;dict_to_df&gt;$,
  $&lt;dict_to_df&gt; -&gt; &lt;single_row_or_col_df_to_series&gt;$,
  $&lt;str_to_int&gt;$,
  $&lt;float_to_int&gt;$,
  $&lt;bool_to_int&gt;$,
  $&lt;str_to_float&gt;$,
  $&lt;int_to_float&gt;$,
  $&lt;bool_to_float&gt;$,
  $&lt;str_to_bool&gt;$,
  $&lt;int_to_bool&gt;$,
  $&lt;float_to_bool&gt;$,
  $&lt;int_to_string&gt;$,
  $&lt;float_to_string&gt;$,
  $&lt;bool_to_string&gt;$,
  $&lt;list_to_set&gt;$,
  $&lt;list_to_tuple&gt;$,
  $&lt;config_to_dict_of_dict&gt;$,
  $&lt;merge_all_config_sections_into_a_single_dict&gt;$,
  $&lt;single_row_or_col_df_to_dict&gt;$,
  $&lt;dict_to_df&gt;$,
  $&lt;single_row_or_col_df_to_series&gt;$])
</system-out></testcase><testcase classname="parsyfiles.tests.combining_parsers_converters.test_default_instance" file="parsyfiles/tests/combining_parsers_converters/test_default_instance.py" line="101" name="test_get_all_supported_exts" time="0.06696462631225586"><system-out>
13 Root parser supported extensions:
{&apos;.cfg&apos;,
 &apos;.csv&apos;,
 &apos;.ini&apos;,
 &apos;.json&apos;,
 &apos;.properties&apos;,
 &apos;.pyc&apos;,
 &apos;.txt&apos;,
 &apos;.xls&apos;,
 &apos;.xlsm&apos;,
 &apos;.xlsx&apos;,
 &apos;.yaml&apos;,
 &apos;.yml&apos;,
 &apos;&lt;multifile&gt;&apos;}
</system-out></testcase><testcase classname="parsyfiles.tests.combining_parsers_converters.test_default_instance" file="parsyfiles/tests/combining_parsers_converters/test_default_instance.py" line="113" name="test_get_all_supported_types_pretty_str" time="0.08431816101074219"><system-out>
15 Root parser supported types:
{&apos;AnyObject&apos;,
 &apos;ConfigParser&apos;,
 &apos;DataFrame&apos;,
 &apos;Dict&apos;,
 &apos;DictOfDict&apos;,
 &apos;List&apos;,
 &apos;Series&apos;,
 &apos;Set&apos;,
 &apos;Tuple&apos;,
 &apos;bool&apos;,
 &apos;dict&apos;,
 &apos;float&apos;,
 &apos;int&apos;,
 &apos;list&apos;,
 &apos;str&apos;}
</system-out></testcase><testcase classname="parsyfiles.tests.combining_parsers_converters.test_default_instance" file="parsyfiles/tests/combining_parsers_converters/test_default_instance.py" line="124" name="test_print_and_get_capabilities_by_ext" time="1.3571932315826416"><system-out>
13 Root parser capabilities by ext:

Capabilities by file extension: 
{&apos;.cfg&apos;: {&apos;AnyObject&apos;: {&apos;1_exact_match&apos;: [$&lt;read_config&gt; =&gt; &lt;merge_all_config_sections_into_a_single_dict&gt; -&gt; &lt;dict_to_object&gt;$,
                                          $&lt;read_config&gt; =&gt; &lt;config_to_dict_of_dict&gt; -&gt; &lt;dict_of_dict_to_object&gt;$,
                                          $&lt;read_config&gt; =&gt; &lt;config_to_dict_of_dict&gt; -&gt; &lt;dict_to_object&gt;$]},
          &apos;ConfigParser&apos;: {&apos;1_exact_match&apos;: [&lt;read_config&gt;]},
          &apos;DataFrame&apos;: {&apos;1_exact_match&apos;: [$&lt;read_config&gt; =&gt; &lt;merge_all_config_sections_into_a_single_dict&gt; -&gt; &lt;dict_to_df&gt;$,
                                          $&lt;read_config&gt; =&gt; &lt;config_to_dict_of_dict&gt; -&gt; &lt;dict_to_df&gt;$]},
          &apos;DictOfDict&apos;: {&apos;1_exact_match&apos;: [$&lt;read_config&gt; =&gt; &lt;config_to_dict_of_dict&gt;$]},
          &apos;Series&apos;: {&apos;1_exact_match&apos;: [$&lt;read_config&gt; =&gt; &lt;merge_all_config_sections_into_a_single_dict&gt; -&gt; &lt;dict_to_df&gt; -&gt; &lt;single_row_or_col_df_to_series&gt;$,
                                       $&lt;read_config&gt; =&gt; &lt;config_to_dict_of_dict&gt; -&gt; &lt;dict_to_df&gt; -&gt; &lt;single_row_or_col_df_to_series&gt;$]},
          &apos;dict&apos;: {&apos;1_exact_match&apos;: [$&lt;read_config&gt; =&gt; &lt;merge_all_config_sections_into_a_single_dict&gt;$],
                   &apos;2_approx_match&apos;: [$&lt;read_config&gt; =&gt; &lt;config_to_dict_of_dict&gt;$]}},
 &apos;.csv&apos;: {&apos;AnyObject&apos;: {&apos;1_exact_match&apos;: [$&lt;read_df_or_series_from_csv&gt; =&gt; &lt;single_row_or_col_df_to_dict&gt; -&gt; &lt;dict_to_object&gt;$]},
          &apos;DataFrame&apos;: {&apos;1_exact_match&apos;: [&lt;read_df_or_series_from_csv&gt;]},
          &apos;Series&apos;: {&apos;1_exact_match&apos;: [&lt;read_df_or_series_from_csv&gt;]},
          &apos;dict&apos;: {&apos;1_exact_match&apos;: [$&lt;read_df_or_series_from_csv&gt; =&gt; &lt;single_row_or_col_df_to_dict&gt;$]}},
 &apos;.ini&apos;: {&apos;AnyObject&apos;: {&apos;1_exact_match&apos;: [$&lt;read_config&gt; =&gt; &lt;merge_all_config_sections_into_a_single_dict&gt; -&gt; &lt;dict_to_object&gt;$,
                                          $&lt;read_config&gt; =&gt; &lt;config_to_dict_of_dict&gt; -&gt; &lt;dict_of_dict_to_object&gt;$,
                                          $&lt;read_config&gt; =&gt; &lt;config_to_dict_of_dict&gt; -&gt; &lt;dict_to_object&gt;$]},
          &apos;ConfigParser&apos;: {&apos;1_exact_match&apos;: [&lt;read_config&gt;]},
          &apos;DataFrame&apos;: {&apos;1_exact_match&apos;: [$&lt;read_config&gt; =&gt; &lt;merge_all_config_sections_into_a_single_dict&gt; -&gt; &lt;dict_to_df&gt;$,
                                          $&lt;read_config&gt; =&gt; &lt;config_to_dict_of_dict&gt; -&gt; &lt;dict_to_df&gt;$]},
          &apos;DictOfDict&apos;: {&apos;1_exact_match&apos;: [$&lt;read_config&gt; =&gt; &lt;config_to_dict_of_dict&gt;$]},
          &apos;Series&apos;: {&apos;1_exact_match&apos;: [$&lt;read_config&gt; =&gt; &lt;merge_all_config_sections_into_a_single_dict&gt; -&gt; &lt;dict_to_df&gt; -&gt; &lt;single_row_or_col_df_to_series&gt;$,
                                       $&lt;read_config&gt; =&gt; &lt;config_to_dict_of_dict&gt; -&gt; &lt;dict_to_df&gt; -&gt; &lt;single_row_or_col_df_to_series&gt;$]},
          &apos;dict&apos;: {&apos;1_exact_match&apos;: [$&lt;read_config&gt; =&gt; &lt;merge_all_config_sections_into_a_single_dict&gt;$],
                   &apos;2_approx_match&apos;: [$&lt;read_config&gt; =&gt; &lt;config_to_dict_of_dict&gt;$]}},
 &apos;.json&apos;: {&apos;AnyObject&apos;: {&apos;1_exact_match&apos;: [$&lt;read_dict_or_list_from_json&gt; =&gt; &lt;dict_to_object&gt;$]},
           &apos;DataFrame&apos;: {&apos;1_exact_match&apos;: [$&lt;read_dict_or_list_from_json&gt; =&gt; &lt;dict_to_df&gt;$]},
           &apos;Series&apos;: {&apos;1_exact_match&apos;: [$&lt;read_dict_or_list_from_json&gt; =&gt; &lt;dict_to_df&gt; -&gt; &lt;single_row_or_col_df_to_series&gt;$]},
           &apos;Set&apos;: {&apos;1_exact_match&apos;: [$&lt;read_dict_or_list_from_json&gt; =&gt; &lt;list_to_set&gt;$]},
           &apos;Tuple&apos;: {&apos;1_exact_match&apos;: [$&lt;read_dict_or_list_from_json&gt; =&gt; &lt;list_to_tuple&gt;$]},
           &apos;dict&apos;: {&apos;1_exact_match&apos;: [&lt;read_dict_or_list_from_json&gt;]},
           &apos;list&apos;: {&apos;1_exact_match&apos;: [&lt;read_dict_or_list_from_json&gt;]}},
 &apos;.properties&apos;: {&apos;AnyObject&apos;: {&apos;1_exact_match&apos;: [$&lt;read_dict_from_properties&gt; =&gt; &lt;dict_to_object&gt;$]},
                 &apos;DataFrame&apos;: {&apos;1_exact_match&apos;: [$&lt;read_dict_from_properties&gt; =&gt; &lt;dict_to_df&gt;$]},
                 &apos;Series&apos;: {&apos;1_exact_match&apos;: [$&lt;read_dict_from_properties&gt; =&gt; &lt;dict_to_df&gt; -&gt; &lt;single_row_or_col_df_to_series&gt;$]},
                 &apos;dict&apos;: {&apos;1_exact_match&apos;: [&lt;read_dict_from_properties&gt;]}},
 &apos;.pyc&apos;: {&apos;AnyObject&apos;: {&apos;1_exact_match&apos;: [&lt;read_object_from_pickle&gt;]},
          &apos;DataFrame&apos;: {&apos;1_exact_match&apos;: [$&lt;read_object_from_pickle&gt; =&gt; &lt;dict_to_df&gt;$,
                                          $&lt;read_object_from_pickle&gt; =&gt; &lt;merge_all_config_sections_into_a_single_dict&gt; -&gt; &lt;dict_to_df&gt;$,
                                          $&lt;read_object_from_pickle&gt; =&gt; &lt;config_to_dict_of_dict&gt; -&gt; &lt;dict_to_df&gt;$],
                        &apos;3_generic&apos;: [&lt;read_object_from_pickle&gt;]},
          &apos;DictOfDict&apos;: {&apos;1_exact_match&apos;: [$&lt;read_object_from_pickle&gt; =&gt; &lt;config_to_dict_of_dict&gt;$],
                         &apos;3_generic&apos;: [&lt;read_object_from_pickle&gt;]},
          &apos;Series&apos;: {&apos;1_exact_match&apos;: [$&lt;read_object_from_pickle&gt; =&gt; &lt;single_row_or_col_df_to_series&gt;$,
                                       $&lt;read_object_from_pickle&gt; =&gt; &lt;dict_to_df&gt; -&gt; &lt;single_row_or_col_df_to_series&gt;$,
                                       $&lt;read_object_from_pickle&gt; =&gt; &lt;merge_all_config_sections_into_a_single_dict&gt; -&gt; &lt;dict_to_df&gt; -&gt; &lt;single_row_or_col_df_to_series&gt;$,
                                       $&lt;read_object_from_pickle&gt; =&gt; &lt;config_to_dict_of_dict&gt; -&gt; &lt;dict_to_df&gt; -&gt; &lt;single_row_or_col_df_to_series&gt;$],
                     &apos;3_generic&apos;: [&lt;read_object_from_pickle&gt;]},
          &apos;Set&apos;: {&apos;1_exact_match&apos;: [$&lt;read_object_from_pickle&gt; =&gt; &lt;list_to_set&gt;$],
                  &apos;3_generic&apos;: [&lt;read_object_from_pickle&gt;]},
          &apos;Tuple&apos;: {&apos;1_exact_match&apos;: [$&lt;read_object_from_pickle&gt; =&gt; &lt;list_to_tuple&gt;$],
                    &apos;3_generic&apos;: [&lt;read_object_from_pickle&gt;]},
          &apos;bool&apos;: {&apos;1_exact_match&apos;: [$&lt;read_object_from_pickle&gt; =&gt; &lt;float_to_bool&gt;$,
                                     $&lt;read_object_from_pickle&gt; =&gt; &lt;int_to_bool&gt;$,
                                     $&lt;read_object_from_pickle&gt; =&gt; &lt;str_to_bool&gt;$],
                   &apos;3_generic&apos;: [&lt;read_object_from_pickle&gt;]},
          &apos;dict&apos;: {&apos;1_exact_match&apos;: [$&lt;read_object_from_pickle&gt; =&gt; &lt;single_row_or_col_df_to_dict&gt;$,
                                     $&lt;read_object_from_pickle&gt; =&gt; &lt;merge_all_config_sections_into_a_single_dict&gt;$],
                   &apos;2_approx_match&apos;: [$&lt;read_object_from_pickle&gt; =&gt; &lt;config_to_dict_of_dict&gt;$],
                   &apos;3_generic&apos;: [&lt;read_object_from_pickle&gt;]},
          &apos;float&apos;: {&apos;1_exact_match&apos;: [$&lt;read_object_from_pickle&gt; =&gt; &lt;bool_to_float&gt;$,
                                      $&lt;read_object_from_pickle&gt; =&gt; &lt;int_to_float&gt;$,
                                      $&lt;read_object_from_pickle&gt; =&gt; &lt;str_to_float&gt;$],
                    &apos;3_generic&apos;: [&lt;read_object_from_pickle&gt;]},
          &apos;int&apos;: {&apos;1_exact_match&apos;: [$&lt;read_object_from_pickle&gt; =&gt; &lt;bool_to_int&gt;$,
                                    $&lt;read_object_from_pickle&gt; =&gt; &lt;float_to_int&gt;$,
                                    $&lt;read_object_from_pickle&gt; =&gt; &lt;str_to_int&gt;$],
                  &apos;2_approx_match&apos;: [$&lt;read_object_from_pickle&gt; =&gt; &lt;float_to_bool&gt;$,
                                     $&lt;read_object_from_pickle&gt; =&gt; &lt;int_to_bool&gt;$,
                                     $&lt;read_object_from_pickle&gt; =&gt; &lt;str_to_bool&gt;$],
                  &apos;3_generic&apos;: [&lt;read_object_from_pickle&gt;]},
          &apos;str&apos;: {&apos;1_exact_match&apos;: [$&lt;read_object_from_pickle&gt; =&gt; &lt;bool_to_string&gt;$,
                                    $&lt;read_object_from_pickle&gt; =&gt; &lt;float_to_string&gt;$,
                                    $&lt;read_object_from_pickle&gt; =&gt; &lt;int_to_string&gt;$],
                  &apos;3_generic&apos;: [&lt;read_object_from_pickle&gt;]}},
 &apos;.txt&apos;: {&apos;AnyObject&apos;: {&apos;1_exact_match&apos;: [$&lt;read_dict_from_properties&gt; =&gt; &lt;dict_to_object&gt;$,
                                          $&lt;read_str_from_txt&gt; =&gt; &lt;constructor_with_str_arg&gt;$,
                                          $&lt;read_str_from_txt&gt; =&gt; &lt;base64_ascii_str_pickle_to_object&gt;$,
                                          $&lt;read_df_or_series_from_csv&gt; =&gt; &lt;single_row_or_col_df_to_dict&gt; -&gt; &lt;dict_to_object&gt;$]},
          &apos;DataFrame&apos;: {&apos;1_exact_match&apos;: [&lt;read_df_or_series_from_csv&gt;,
                                          $&lt;read_dict_from_properties&gt; =&gt; &lt;dict_to_df&gt;$],
                        &apos;3_generic&apos;: [$&lt;read_str_from_txt&gt; =&gt; &lt;constructor_with_str_arg&gt;$,
                                      $&lt;read_str_from_txt&gt; =&gt; &lt;base64_ascii_str_pickle_to_object&gt;$]},
          &apos;Series&apos;: {&apos;1_exact_match&apos;: [&lt;read_df_or_series_from_csv&gt;,
                                       $&lt;read_dict_from_properties&gt; =&gt; &lt;dict_to_df&gt; -&gt; &lt;single_row_or_col_df_to_series&gt;$],
                     &apos;3_generic&apos;: [$&lt;read_str_from_txt&gt; =&gt; &lt;constructor_with_str_arg&gt;$,
                                   $&lt;read_str_from_txt&gt; =&gt; &lt;base64_ascii_str_pickle_to_object&gt;$]},
          &apos;Set&apos;: {&apos;1_exact_match&apos;: [$&lt;read_str_from_txt&gt; =&gt; &lt;base64_ascii_str_pickle_to_object&gt; -&gt; &lt;list_to_set&gt;$],
                  &apos;3_generic&apos;: [$&lt;read_str_from_txt&gt; =&gt; &lt;constructor_with_str_arg&gt;$,
                                $&lt;read_str_from_txt&gt; =&gt; &lt;base64_ascii_str_pickle_to_object&gt;$]},
          &apos;Tuple&apos;: {&apos;1_exact_match&apos;: [$&lt;read_str_from_txt&gt; =&gt; &lt;base64_ascii_str_pickle_to_object&gt; -&gt; &lt;list_to_tuple&gt;$],
                    &apos;3_generic&apos;: [$&lt;read_str_from_txt&gt; =&gt; &lt;constructor_with_str_arg&gt;$,
                                  $&lt;read_str_from_txt&gt; =&gt; &lt;base64_ascii_str_pickle_to_object&gt;$]},
          &apos;bool&apos;: {&apos;1_exact_match&apos;: [$&lt;read_str_from_txt&gt; =&gt; &lt;str_to_bool&gt;$,
                                     $&lt;read_str_from_txt&gt; =&gt; &lt;base64_ascii_str_pickle_to_object&gt; -&gt; &lt;float_to_bool&gt;$,
                                     $&lt;read_str_from_txt&gt; =&gt; &lt;base64_ascii_str_pickle_to_object&gt; -&gt; &lt;int_to_bool&gt;$,
                                     $&lt;read_str_from_txt&gt; =&gt; &lt;base64_ascii_str_pickle_to_object&gt; -&gt; &lt;str_to_bool&gt;$],
                   &apos;3_generic&apos;: [$&lt;read_str_from_txt&gt; =&gt; &lt;base64_ascii_str_pickle_to_object&gt;$]},
          &apos;dict&apos;: {&apos;1_exact_match&apos;: [&lt;read_dict_from_properties&gt;,
                                     $&lt;read_df_or_series_from_csv&gt; =&gt; &lt;single_row_or_col_df_to_dict&gt;$],
                   &apos;3_generic&apos;: [$&lt;read_str_from_txt&gt; =&gt; &lt;constructor_with_str_arg&gt;$,
                                 $&lt;read_str_from_txt&gt; =&gt; &lt;base64_ascii_str_pickle_to_object&gt;$]},
          &apos;float&apos;: {&apos;1_exact_match&apos;: [$&lt;read_str_from_txt&gt; =&gt; &lt;str_to_float&gt;$,
                                      $&lt;read_str_from_txt&gt; =&gt; &lt;base64_ascii_str_pickle_to_object&gt; -&gt; &lt;bool_to_float&gt;$,
                                      $&lt;read_str_from_txt&gt; =&gt; &lt;base64_ascii_str_pickle_to_object&gt; -&gt; &lt;int_to_float&gt;$,
                                      $&lt;read_str_from_txt&gt; =&gt; &lt;base64_ascii_str_pickle_to_object&gt; -&gt; &lt;str_to_float&gt;$],
                    &apos;3_generic&apos;: [$&lt;read_str_from_txt&gt; =&gt; &lt;base64_ascii_str_pickle_to_object&gt;$]},
          &apos;int&apos;: {&apos;1_exact_match&apos;: [$&lt;read_str_from_txt&gt; =&gt; &lt;str_to_int&gt;$,
                                    $&lt;read_str_from_txt&gt; =&gt; &lt;base64_ascii_str_pickle_to_object&gt; -&gt; &lt;bool_to_int&gt;$,
                                    $&lt;read_str_from_txt&gt; =&gt; &lt;base64_ascii_str_pickle_to_object&gt; -&gt; &lt;float_to_int&gt;$,
                                    $&lt;read_str_from_txt&gt; =&gt; &lt;base64_ascii_str_pickle_to_object&gt; -&gt; &lt;str_to_int&gt;$],
                  &apos;2_approx_match&apos;: [$&lt;read_str_from_txt&gt; =&gt; &lt;str_to_bool&gt;$,
                                     $&lt;read_str_from_txt&gt; =&gt; &lt;base64_ascii_str_pickle_to_object&gt; -&gt; &lt;float_to_bool&gt;$,
                                     $&lt;read_str_from_txt&gt; =&gt; &lt;base64_ascii_str_pickle_to_object&gt; -&gt; &lt;int_to_bool&gt;$,
                                     $&lt;read_str_from_txt&gt; =&gt; &lt;base64_ascii_str_pickle_to_object&gt; -&gt; &lt;str_to_bool&gt;$],
                  &apos;3_generic&apos;: [$&lt;read_str_from_txt&gt; =&gt; &lt;base64_ascii_str_pickle_to_object&gt;$]},
          &apos;str&apos;: {&apos;1_exact_match&apos;: [&lt;read_str_from_txt&gt;]}},
 &apos;.xls&apos;: {&apos;AnyObject&apos;: {&apos;1_exact_match&apos;: [$&lt;read_dataframe_from_xls&gt; =&gt; &lt;single_row_or_col_df_to_dict&gt; -&gt; &lt;dict_to_object&gt;$]},
          &apos;DataFrame&apos;: {&apos;1_exact_match&apos;: [&lt;read_dataframe_from_xls&gt;]},
          &apos;Series&apos;: {&apos;1_exact_match&apos;: [$&lt;read_dataframe_from_xls&gt; =&gt; &lt;single_row_or_col_df_to_series&gt;$]},
          &apos;dict&apos;: {&apos;1_exact_match&apos;: [$&lt;read_dataframe_from_xls&gt; =&gt; &lt;single_row_or_col_df_to_dict&gt;$]}},
 &apos;.xlsm&apos;: {&apos;AnyObject&apos;: {&apos;1_exact_match&apos;: [$&lt;read_dataframe_from_xls&gt; =&gt; &lt;single_row_or_col_df_to_dict&gt; -&gt; &lt;dict_to_object&gt;$]},
           &apos;DataFrame&apos;: {&apos;1_exact_match&apos;: [&lt;read_dataframe_from_xls&gt;]},
           &apos;Series&apos;: {&apos;1_exact_match&apos;: [$&lt;read_dataframe_from_xls&gt; =&gt; &lt;single_row_or_col_df_to_series&gt;$]},
           &apos;dict&apos;: {&apos;1_exact_match&apos;: [$&lt;read_dataframe_from_xls&gt; =&gt; &lt;single_row_or_col_df_to_dict&gt;$]}},
 &apos;.xlsx&apos;: {&apos;AnyObject&apos;: {&apos;1_exact_match&apos;: [$&lt;read_dataframe_from_xls&gt; =&gt; &lt;single_row_or_col_df_to_dict&gt; -&gt; &lt;dict_to_object&gt;$]},
           &apos;DataFrame&apos;: {&apos;1_exact_match&apos;: [&lt;read_dataframe_from_xls&gt;]},
           &apos;Series&apos;: {&apos;1_exact_match&apos;: [$&lt;read_dataframe_from_xls&gt; =&gt; &lt;single_row_or_col_df_to_series&gt;$]},
           &apos;dict&apos;: {&apos;1_exact_match&apos;: [$&lt;read_dataframe_from_xls&gt; =&gt; &lt;single_row_or_col_df_to_dict&gt;$]}},
 &apos;.yaml&apos;: {&apos;AnyObject&apos;: {&apos;1_exact_match&apos;: [&lt;read_object_from_yaml&gt;,
                                           $&lt;read_collection_from_yaml&gt; =&gt; &lt;dict_to_object&gt;$]},
           &apos;DataFrame&apos;: {&apos;1_exact_match&apos;: [$&lt;read_object_from_yaml&gt; =&gt; &lt;dict_to_df&gt;$,
                                           $&lt;read_collection_from_yaml&gt; =&gt; &lt;dict_to_df&gt;$,
                                           $&lt;read_object_from_yaml&gt; =&gt; &lt;merge_all_config_sections_into_a_single_dict&gt; -&gt; &lt;dict_to_df&gt;$,
                                           $&lt;read_object_from_yaml&gt; =&gt; &lt;config_to_dict_of_dict&gt; -&gt; &lt;dict_to_df&gt;$],
                         &apos;3_generic&apos;: [&lt;read_object_from_yaml&gt;]},
           &apos;Dict&apos;: {&apos;1_exact_match&apos;: [&lt;read_collection_from_yaml&gt;],
                    &apos;2_approx_match&apos;: [$&lt;read_object_from_yaml&gt; =&gt; &lt;single_row_or_col_df_to_dict&gt;$,
                                       $&lt;read_object_from_yaml&gt; =&gt; &lt;merge_all_config_sections_into_a_single_dict&gt;$,
                                       $&lt;read_object_from_yaml&gt; =&gt; &lt;config_to_dict_of_dict&gt;$],
                    &apos;3_generic&apos;: [&lt;read_object_from_yaml&gt;]},
           &apos;DictOfDict&apos;: {&apos;1_exact_match&apos;: [$&lt;read_object_from_yaml&gt; =&gt; &lt;config_to_dict_of_dict&gt;$],
                          &apos;3_generic&apos;: [&lt;read_object_from_yaml&gt;]},
           &apos;List&apos;: {&apos;1_exact_match&apos;: [&lt;read_collection_from_yaml&gt;],
                    &apos;3_generic&apos;: [&lt;read_object_from_yaml&gt;]},
           &apos;Series&apos;: {&apos;1_exact_match&apos;: [$&lt;read_object_from_yaml&gt; =&gt; &lt;single_row_or_col_df_to_series&gt;$,
                                        $&lt;read_object_from_yaml&gt; =&gt; &lt;dict_to_df&gt; -&gt; &lt;single_row_or_col_df_to_series&gt;$,
                                        $&lt;read_collection_from_yaml&gt; =&gt; &lt;dict_to_df&gt; -&gt; &lt;single_row_or_col_df_to_series&gt;$,
                                        $&lt;read_object_from_yaml&gt; =&gt; &lt;merge_all_config_sections_into_a_single_dict&gt; -&gt; &lt;dict_to_df&gt; -&gt; &lt;single_row_or_col_df_to_series&gt;$,
                                        $&lt;read_object_from_yaml&gt; =&gt; &lt;config_to_dict_of_dict&gt; -&gt; &lt;dict_to_df&gt; -&gt; &lt;single_row_or_col_df_to_series&gt;$],
                      &apos;3_generic&apos;: [&lt;read_object_from_yaml&gt;]},
           &apos;Set&apos;: {&apos;1_exact_match&apos;: [&lt;read_collection_from_yaml&gt;,
                                     $&lt;read_object_from_yaml&gt; =&gt; &lt;list_to_set&gt;$],
                   &apos;3_generic&apos;: [&lt;read_object_from_yaml&gt;]},
           &apos;Tuple&apos;: {&apos;1_exact_match&apos;: [&lt;read_collection_from_yaml&gt;,
                                       $&lt;read_object_from_yaml&gt; =&gt; &lt;list_to_tuple&gt;$],
                     &apos;3_generic&apos;: [&lt;read_object_from_yaml&gt;]},
           &apos;bool&apos;: {&apos;1_exact_match&apos;: [$&lt;read_object_from_yaml&gt; =&gt; &lt;float_to_bool&gt;$,
                                      $&lt;read_object_from_yaml&gt; =&gt; &lt;int_to_bool&gt;$,
                                      $&lt;read_object_from_yaml&gt; =&gt; &lt;str_to_bool&gt;$],
                    &apos;3_generic&apos;: [&lt;read_object_from_yaml&gt;]},
           &apos;dict&apos;: {&apos;1_exact_match&apos;: [$&lt;read_object_from_yaml&gt; =&gt; &lt;single_row_or_col_df_to_dict&gt;$,
                                      $&lt;read_object_from_yaml&gt; =&gt; &lt;merge_all_config_sections_into_a_single_dict&gt;$],
                    &apos;2_approx_match&apos;: [&lt;read_collection_from_yaml&gt;,
                                       $&lt;read_object_from_yaml&gt; =&gt; &lt;config_to_dict_of_dict&gt;$],
                    &apos;3_generic&apos;: [&lt;read_object_from_yaml&gt;]},
           &apos;float&apos;: {&apos;1_exact_match&apos;: [$&lt;read_object_from_yaml&gt; =&gt; &lt;bool_to_float&gt;$,
                                       $&lt;read_object_from_yaml&gt; =&gt; &lt;int_to_float&gt;$,
                                       $&lt;read_object_from_yaml&gt; =&gt; &lt;str_to_float&gt;$],
                     &apos;3_generic&apos;: [&lt;read_object_from_yaml&gt;]},
           &apos;int&apos;: {&apos;1_exact_match&apos;: [$&lt;read_object_from_yaml&gt; =&gt; &lt;bool_to_int&gt;$,
                                     $&lt;read_object_from_yaml&gt; =&gt; &lt;float_to_int&gt;$,
                                     $&lt;read_object_from_yaml&gt; =&gt; &lt;str_to_int&gt;$],
                   &apos;2_approx_match&apos;: [$&lt;read_object_from_yaml&gt; =&gt; &lt;float_to_bool&gt;$,
                                      $&lt;read_object_from_yaml&gt; =&gt; &lt;int_to_bool&gt;$,
                                      $&lt;read_object_from_yaml&gt; =&gt; &lt;str_to_bool&gt;$],
                   &apos;3_generic&apos;: [&lt;read_object_from_yaml&gt;]},
           &apos;str&apos;: {&apos;1_exact_match&apos;: [$&lt;read_object_from_yaml&gt; =&gt; &lt;bool_to_string&gt;$,
                                     $&lt;read_object_from_yaml&gt; =&gt; &lt;float_to_string&gt;$,
                                     $&lt;read_object_from_yaml&gt; =&gt; &lt;int_to_string&gt;$],
                   &apos;3_generic&apos;: [&lt;read_object_from_yaml&gt;]}},
 &apos;.yml&apos;: {&apos;AnyObject&apos;: {&apos;1_exact_match&apos;: [&lt;read_object_from_yaml&gt;,
                                          $&lt;read_collection_from_yaml&gt; =&gt; &lt;dict_to_object&gt;$]},
          &apos;DataFrame&apos;: {&apos;1_exact_match&apos;: [$&lt;read_object_from_yaml&gt; =&gt; &lt;dict_to_df&gt;$,
                                          $&lt;read_collection_from_yaml&gt; =&gt; &lt;dict_to_df&gt;$,
                                          $&lt;read_object_from_yaml&gt; =&gt; &lt;merge_all_config_sections_into_a_single_dict&gt; -&gt; &lt;dict_to_df&gt;$,
                                          $&lt;read_object_from_yaml&gt; =&gt; &lt;config_to_dict_of_dict&gt; -&gt; &lt;dict_to_df&gt;$],
                        &apos;3_generic&apos;: [&lt;read_object_from_yaml&gt;]},
          &apos;Dict&apos;: {&apos;1_exact_match&apos;: [&lt;read_collection_from_yaml&gt;],
                   &apos;2_approx_match&apos;: [$&lt;read_object_from_yaml&gt; =&gt; &lt;single_row_or_col_df_to_dict&gt;$,
                                      $&lt;read_object_from_yaml&gt; =&gt; &lt;merge_all_config_sections_into_a_single_dict&gt;$,
                                      $&lt;read_object_from_yaml&gt; =&gt; &lt;config_to_dict_of_dict&gt;$],
                   &apos;3_generic&apos;: [&lt;read_object_from_yaml&gt;]},
          &apos;DictOfDict&apos;: {&apos;1_exact_match&apos;: [$&lt;read_object_from_yaml&gt; =&gt; &lt;config_to_dict_of_dict&gt;$],
                         &apos;3_generic&apos;: [&lt;read_object_from_yaml&gt;]},
          &apos;List&apos;: {&apos;1_exact_match&apos;: [&lt;read_collection_from_yaml&gt;],
                   &apos;3_generic&apos;: [&lt;read_object_from_yaml&gt;]},
          &apos;Series&apos;: {&apos;1_exact_match&apos;: [$&lt;read_object_from_yaml&gt; =&gt; &lt;single_row_or_col_df_to_series&gt;$,
                                       $&lt;read_object_from_yaml&gt; =&gt; &lt;dict_to_df&gt; -&gt; &lt;single_row_or_col_df_to_series&gt;$,
                                       $&lt;read_collection_from_yaml&gt; =&gt; &lt;dict_to_df&gt; -&gt; &lt;single_row_or_col_df_to_series&gt;$,
                                       $&lt;read_object_from_yaml&gt; =&gt; &lt;merge_all_config_sections_into_a_single_dict&gt; -&gt; &lt;dict_to_df&gt; -&gt; &lt;single_row_or_col_df_to_series&gt;$,
                                       $&lt;read_object_from_yaml&gt; =&gt; &lt;config_to_dict_of_dict&gt; -&gt; &lt;dict_to_df&gt; -&gt; &lt;single_row_or_col_df_to_series&gt;$],
                     &apos;3_generic&apos;: [&lt;read_object_from_yaml&gt;]},
          &apos;Set&apos;: {&apos;1_exact_match&apos;: [&lt;read_collection_from_yaml&gt;,
                                    $&lt;read_object_from_yaml&gt; =&gt; &lt;list_to_set&gt;$],
                  &apos;3_generic&apos;: [&lt;read_object_from_yaml&gt;]},
          &apos;Tuple&apos;: {&apos;1_exact_match&apos;: [&lt;read_collection_from_yaml&gt;,
                                      $&lt;read_object_from_yaml&gt; =&gt; &lt;list_to_tuple&gt;$],
                    &apos;3_generic&apos;: [&lt;read_object_from_yaml&gt;]},
          &apos;bool&apos;: {&apos;1_exact_match&apos;: [$&lt;read_object_from_yaml&gt; =&gt; &lt;float_to_bool&gt;$,
                                     $&lt;read_object_from_yaml&gt; =&gt; &lt;int_to_bool&gt;$,
                                     $&lt;read_object_from_yaml&gt; =&gt; &lt;str_to_bool&gt;$],
                   &apos;3_generic&apos;: [&lt;read_object_from_yaml&gt;]},
          &apos;dict&apos;: {&apos;1_exact_match&apos;: [$&lt;read_object_from_yaml&gt; =&gt; &lt;single_row_or_col_df_to_dict&gt;$,
                                     $&lt;read_object_from_yaml&gt; =&gt; &lt;merge_all_config_sections_into_a_single_dict&gt;$],
                   &apos;2_approx_match&apos;: [&lt;read_collection_from_yaml&gt;,
                                      $&lt;read_object_from_yaml&gt; =&gt; &lt;config_to_dict_of_dict&gt;$],
                   &apos;3_generic&apos;: [&lt;read_object_from_yaml&gt;]},
          &apos;float&apos;: {&apos;1_exact_match&apos;: [$&lt;read_object_from_yaml&gt; =&gt; &lt;bool_to_float&gt;$,
                                      $&lt;read_object_from_yaml&gt; =&gt; &lt;int_to_float&gt;$,
                                      $&lt;read_object_from_yaml&gt; =&gt; &lt;str_to_float&gt;$],
                    &apos;3_generic&apos;: [&lt;read_object_from_yaml&gt;]},
          &apos;int&apos;: {&apos;1_exact_match&apos;: [$&lt;read_object_from_yaml&gt; =&gt; &lt;bool_to_int&gt;$,
                                    $&lt;read_object_from_yaml&gt; =&gt; &lt;float_to_int&gt;$,
                                    $&lt;read_object_from_yaml&gt; =&gt; &lt;str_to_int&gt;$],
                  &apos;2_approx_match&apos;: [$&lt;read_object_from_yaml&gt; =&gt; &lt;float_to_bool&gt;$,
                                     $&lt;read_object_from_yaml&gt; =&gt; &lt;int_to_bool&gt;$,
                                     $&lt;read_object_from_yaml&gt; =&gt; &lt;str_to_bool&gt;$],
                  &apos;3_generic&apos;: [&lt;read_object_from_yaml&gt;]},
          &apos;str&apos;: {&apos;1_exact_match&apos;: [$&lt;read_object_from_yaml&gt; =&gt; &lt;bool_to_string&gt;$,
                                    $&lt;read_object_from_yaml&gt; =&gt; &lt;float_to_string&gt;$,
                                    $&lt;read_object_from_yaml&gt; =&gt; &lt;int_to_string&gt;$],
                  &apos;3_generic&apos;: [&lt;read_object_from_yaml&gt;]}},
 &apos;&lt;multifile&gt;&apos;: {&apos;AnyObject&apos;: {&apos;1_exact_match&apos;: [Multifile Object parser (parsyfiles defaults)]},
                 &apos;DataFrame&apos;: {},
                 &apos;Dict&apos;: {&apos;1_exact_match&apos;: [Multifile Collection parser (parsyfiles defaults)]},
                 &apos;DictOfDict&apos;: {},
                 &apos;List&apos;: {&apos;1_exact_match&apos;: [Multifile Collection parser (parsyfiles defaults)]},
                 &apos;Series&apos;: {},
                 &apos;Set&apos;: {&apos;1_exact_match&apos;: [Multifile Collection parser (parsyfiles defaults)]},
                 &apos;Tuple&apos;: {&apos;1_exact_match&apos;: [Multifile Collection parser (parsyfiles defaults)]},
                 &apos;bool&apos;: {},
                 &apos;dict&apos;: {&apos;2_approx_match&apos;: [Multifile Collection parser (parsyfiles defaults)]},
                 &apos;float&apos;: {},
                 &apos;int&apos;: {},
                 &apos;str&apos;: {}}}


</system-out></testcase><testcase classname="parsyfiles.tests.combining_parsers_converters.test_default_instance" file="parsyfiles/tests/combining_parsers_converters/test_default_instance.py" line="139" name="test_print_and_get_capabilities_by_type" time="3.818913459777832"><system-out>
15 Root parser capabilities by type:

Capabilities by object type: 
{&apos;AnyObject&apos;: {&apos;.cfg&apos;: {&apos;1_exact_match&apos;: [$&lt;read_config&gt; =&gt; &lt;merge_all_config_sections_into_a_single_dict&gt; -&gt; &lt;dict_to_object&gt;$,
                                          $&lt;read_config&gt; =&gt; &lt;config_to_dict_of_dict&gt; -&gt; &lt;dict_of_dict_to_object&gt;$,
                                          $&lt;read_config&gt; =&gt; &lt;config_to_dict_of_dict&gt; -&gt; &lt;dict_to_object&gt;$]},
               &apos;.csv&apos;: {&apos;1_exact_match&apos;: [$&lt;read_df_or_series_from_csv&gt; =&gt; &lt;single_row_or_col_df_to_dict&gt; -&gt; &lt;dict_to_object&gt;$]},
               &apos;.ini&apos;: {&apos;1_exact_match&apos;: [$&lt;read_config&gt; =&gt; &lt;merge_all_config_sections_into_a_single_dict&gt; -&gt; &lt;dict_to_object&gt;$,
                                          $&lt;read_config&gt; =&gt; &lt;config_to_dict_of_dict&gt; -&gt; &lt;dict_of_dict_to_object&gt;$,
                                          $&lt;read_config&gt; =&gt; &lt;config_to_dict_of_dict&gt; -&gt; &lt;dict_to_object&gt;$]},
               &apos;.json&apos;: {&apos;1_exact_match&apos;: [$&lt;read_dict_or_list_from_json&gt; =&gt; &lt;dict_to_object&gt;$]},
               &apos;.properties&apos;: {&apos;1_exact_match&apos;: [$&lt;read_dict_from_properties&gt; =&gt; &lt;dict_to_object&gt;$]},
               &apos;.pyc&apos;: {&apos;1_exact_match&apos;: [&lt;read_object_from_pickle&gt;]},
               &apos;.txt&apos;: {&apos;1_exact_match&apos;: [$&lt;read_dict_from_properties&gt; =&gt; &lt;dict_to_object&gt;$,
                                          $&lt;read_str_from_txt&gt; =&gt; &lt;constructor_with_str_arg&gt;$,
                                          $&lt;read_str_from_txt&gt; =&gt; &lt;base64_ascii_str_pickle_to_object&gt;$,
                                          $&lt;read_df_or_series_from_csv&gt; =&gt; &lt;single_row_or_col_df_to_dict&gt; -&gt; &lt;dict_to_object&gt;$]},
               &apos;.xls&apos;: {&apos;1_exact_match&apos;: [$&lt;read_dataframe_from_xls&gt; =&gt; &lt;single_row_or_col_df_to_dict&gt; -&gt; &lt;dict_to_object&gt;$]},
               &apos;.xlsm&apos;: {&apos;1_exact_match&apos;: [$&lt;read_dataframe_from_xls&gt; =&gt; &lt;single_row_or_col_df_to_dict&gt; -&gt; &lt;dict_to_object&gt;$]},
               &apos;.xlsx&apos;: {&apos;1_exact_match&apos;: [$&lt;read_dataframe_from_xls&gt; =&gt; &lt;single_row_or_col_df_to_dict&gt; -&gt; &lt;dict_to_object&gt;$]},
               &apos;.yaml&apos;: {&apos;1_exact_match&apos;: [&lt;read_object_from_yaml&gt;,
                                           $&lt;read_collection_from_yaml&gt; =&gt; &lt;dict_to_object&gt;$]},
               &apos;.yml&apos;: {&apos;1_exact_match&apos;: [&lt;read_object_from_yaml&gt;,
                                          $&lt;read_collection_from_yaml&gt; =&gt; &lt;dict_to_object&gt;$]},
               &apos;&lt;multifile&gt;&apos;: {&apos;1_exact_match&apos;: [Multifile Object parser (parsyfiles defaults)]}},
 &apos;ConfigParser&apos;: {&apos;.cfg&apos;: {&apos;1_exact_match&apos;: [&lt;read_config&gt;]},
                  &apos;.csv&apos;: {},
                  &apos;.ini&apos;: {&apos;1_exact_match&apos;: [&lt;read_config&gt;]},
                  &apos;.json&apos;: {},
                  &apos;.properties&apos;: {},
                  &apos;.pyc&apos;: {&apos;3_generic&apos;: [&lt;read_object_from_pickle&gt;]},
                  &apos;.txt&apos;: {&apos;3_generic&apos;: [$&lt;read_str_from_txt&gt; =&gt; &lt;constructor_with_str_arg&gt;$,
                                         $&lt;read_str_from_txt&gt; =&gt; &lt;base64_ascii_str_pickle_to_object&gt;$]},
                  &apos;.xls&apos;: {},
                  &apos;.xlsm&apos;: {},
                  &apos;.xlsx&apos;: {},
                  &apos;.yaml&apos;: {&apos;3_generic&apos;: [&lt;read_object_from_yaml&gt;]},
                  &apos;.yml&apos;: {&apos;3_generic&apos;: [&lt;read_object_from_yaml&gt;]},
                  &apos;&lt;multifile&gt;&apos;: {}},
 &apos;DataFrame&apos;: {&apos;.cfg&apos;: {&apos;1_exact_match&apos;: [$&lt;read_config&gt; =&gt; &lt;merge_all_config_sections_into_a_single_dict&gt; -&gt; &lt;dict_to_df&gt;$,
                                          $&lt;read_config&gt; =&gt; &lt;config_to_dict_of_dict&gt; -&gt; &lt;dict_to_df&gt;$]},
               &apos;.csv&apos;: {&apos;1_exact_match&apos;: [&lt;read_df_or_series_from_csv&gt;]},
               &apos;.ini&apos;: {&apos;1_exact_match&apos;: [$&lt;read_config&gt; =&gt; &lt;merge_all_config_sections_into_a_single_dict&gt; -&gt; &lt;dict_to_df&gt;$,
                                          $&lt;read_config&gt; =&gt; &lt;config_to_dict_of_dict&gt; -&gt; &lt;dict_to_df&gt;$]},
               &apos;.json&apos;: {&apos;1_exact_match&apos;: [$&lt;read_dict_or_list_from_json&gt; =&gt; &lt;dict_to_df&gt;$]},
               &apos;.properties&apos;: {&apos;1_exact_match&apos;: [$&lt;read_dict_from_properties&gt; =&gt; &lt;dict_to_df&gt;$]},
               &apos;.pyc&apos;: {&apos;1_exact_match&apos;: [$&lt;read_object_from_pickle&gt; =&gt; &lt;dict_to_df&gt;$,
                                          $&lt;read_object_from_pickle&gt; =&gt; &lt;merge_all_config_sections_into_a_single_dict&gt; -&gt; &lt;dict_to_df&gt;$,
                                          $&lt;read_object_from_pickle&gt; =&gt; &lt;config_to_dict_of_dict&gt; -&gt; &lt;dict_to_df&gt;$],
                        &apos;3_generic&apos;: [&lt;read_object_from_pickle&gt;]},
               &apos;.txt&apos;: {&apos;1_exact_match&apos;: [&lt;read_df_or_series_from_csv&gt;,
                                          $&lt;read_dict_from_properties&gt; =&gt; &lt;dict_to_df&gt;$],
                        &apos;3_generic&apos;: [$&lt;read_str_from_txt&gt; =&gt; &lt;constructor_with_str_arg&gt;$,
                                      $&lt;read_str_from_txt&gt; =&gt; &lt;base64_ascii_str_pickle_to_object&gt;$]},
               &apos;.xls&apos;: {&apos;1_exact_match&apos;: [&lt;read_dataframe_from_xls&gt;]},
               &apos;.xlsm&apos;: {&apos;1_exact_match&apos;: [&lt;read_dataframe_from_xls&gt;]},
               &apos;.xlsx&apos;: {&apos;1_exact_match&apos;: [&lt;read_dataframe_from_xls&gt;]},
               &apos;.yaml&apos;: {&apos;1_exact_match&apos;: [$&lt;read_object_from_yaml&gt; =&gt; &lt;dict_to_df&gt;$,
                                           $&lt;read_collection_from_yaml&gt; =&gt; &lt;dict_to_df&gt;$,
                                           $&lt;read_object_from_yaml&gt; =&gt; &lt;merge_all_config_sections_into_a_single_dict&gt; -&gt; &lt;dict_to_df&gt;$,
                                           $&lt;read_object_from_yaml&gt; =&gt; &lt;config_to_dict_of_dict&gt; -&gt; &lt;dict_to_df&gt;$],
                         &apos;3_generic&apos;: [&lt;read_object_from_yaml&gt;]},
               &apos;.yml&apos;: {&apos;1_exact_match&apos;: [$&lt;read_object_from_yaml&gt; =&gt; &lt;dict_to_df&gt;$,
                                          $&lt;read_collection_from_yaml&gt; =&gt; &lt;dict_to_df&gt;$,
                                          $&lt;read_object_from_yaml&gt; =&gt; &lt;merge_all_config_sections_into_a_single_dict&gt; -&gt; &lt;dict_to_df&gt;$,
                                          $&lt;read_object_from_yaml&gt; =&gt; &lt;config_to_dict_of_dict&gt; -&gt; &lt;dict_to_df&gt;$],
                        &apos;3_generic&apos;: [&lt;read_object_from_yaml&gt;]},
               &apos;&lt;multifile&gt;&apos;: {}},
 &apos;Dict&apos;: {&apos;.cfg&apos;: {&apos;2_approx_match&apos;: [$&lt;read_config&gt; =&gt; &lt;merge_all_config_sections_into_a_single_dict&gt;$,
                                      $&lt;read_config&gt; =&gt; &lt;config_to_dict_of_dict&gt;$]},
          &apos;.csv&apos;: {&apos;2_approx_match&apos;: [$&lt;read_df_or_series_from_csv&gt; =&gt; &lt;single_row_or_col_df_to_dict&gt;$]},
          &apos;.ini&apos;: {&apos;2_approx_match&apos;: [$&lt;read_config&gt; =&gt; &lt;merge_all_config_sections_into_a_single_dict&gt;$,
                                      $&lt;read_config&gt; =&gt; &lt;config_to_dict_of_dict&gt;$]},
          &apos;.json&apos;: {&apos;2_approx_match&apos;: [&lt;read_dict_or_list_from_json&gt;]},
          &apos;.properties&apos;: {&apos;2_approx_match&apos;: [&lt;read_dict_from_properties&gt;]},
          &apos;.pyc&apos;: {&apos;2_approx_match&apos;: [$&lt;read_object_from_pickle&gt; =&gt; &lt;single_row_or_col_df_to_dict&gt;$,
                                      $&lt;read_object_from_pickle&gt; =&gt; &lt;merge_all_config_sections_into_a_single_dict&gt;$,
                                      $&lt;read_object_from_pickle&gt; =&gt; &lt;config_to_dict_of_dict&gt;$],
                   &apos;3_generic&apos;: [&lt;read_object_from_pickle&gt;]},
          &apos;.txt&apos;: {&apos;2_approx_match&apos;: [&lt;read_dict_from_properties&gt;,
                                      $&lt;read_df_or_series_from_csv&gt; =&gt; &lt;single_row_or_col_df_to_dict&gt;$],
                   &apos;3_generic&apos;: [$&lt;read_str_from_txt&gt; =&gt; &lt;constructor_with_str_arg&gt;$,
                                 $&lt;read_str_from_txt&gt; =&gt; &lt;base64_ascii_str_pickle_to_object&gt;$]},
          &apos;.xls&apos;: {&apos;2_approx_match&apos;: [$&lt;read_dataframe_from_xls&gt; =&gt; &lt;single_row_or_col_df_to_dict&gt;$]},
          &apos;.xlsm&apos;: {&apos;2_approx_match&apos;: [$&lt;read_dataframe_from_xls&gt; =&gt; &lt;single_row_or_col_df_to_dict&gt;$]},
          &apos;.xlsx&apos;: {&apos;2_approx_match&apos;: [$&lt;read_dataframe_from_xls&gt; =&gt; &lt;single_row_or_col_df_to_dict&gt;$]},
          &apos;.yaml&apos;: {&apos;1_exact_match&apos;: [&lt;read_collection_from_yaml&gt;],
                    &apos;2_approx_match&apos;: [$&lt;read_object_from_yaml&gt; =&gt; &lt;single_row_or_col_df_to_dict&gt;$,
                                       $&lt;read_object_from_yaml&gt; =&gt; &lt;merge_all_config_sections_into_a_single_dict&gt;$,
                                       $&lt;read_object_from_yaml&gt; =&gt; &lt;config_to_dict_of_dict&gt;$],
                    &apos;3_generic&apos;: [&lt;read_object_from_yaml&gt;]},
          &apos;.yml&apos;: {&apos;1_exact_match&apos;: [&lt;read_collection_from_yaml&gt;],
                   &apos;2_approx_match&apos;: [$&lt;read_object_from_yaml&gt; =&gt; &lt;single_row_or_col_df_to_dict&gt;$,
                                      $&lt;read_object_from_yaml&gt; =&gt; &lt;merge_all_config_sections_into_a_single_dict&gt;$,
                                      $&lt;read_object_from_yaml&gt; =&gt; &lt;config_to_dict_of_dict&gt;$],
                   &apos;3_generic&apos;: [&lt;read_object_from_yaml&gt;]},
          &apos;&lt;multifile&gt;&apos;: {&apos;1_exact_match&apos;: [Multifile Collection parser (parsyfiles defaults)]}},
 &apos;DictOfDict&apos;: {&apos;.cfg&apos;: {&apos;1_exact_match&apos;: [$&lt;read_config&gt; =&gt; &lt;config_to_dict_of_dict&gt;$]},
                &apos;.csv&apos;: {},
                &apos;.ini&apos;: {&apos;1_exact_match&apos;: [$&lt;read_config&gt; =&gt; &lt;config_to_dict_of_dict&gt;$]},
                &apos;.json&apos;: {},
                &apos;.properties&apos;: {},
                &apos;.pyc&apos;: {&apos;1_exact_match&apos;: [$&lt;read_object_from_pickle&gt; =&gt; &lt;config_to_dict_of_dict&gt;$],
                         &apos;3_generic&apos;: [&lt;read_object_from_pickle&gt;]},
                &apos;.txt&apos;: {&apos;3_generic&apos;: [$&lt;read_str_from_txt&gt; =&gt; &lt;constructor_with_str_arg&gt;$,
                                       $&lt;read_str_from_txt&gt; =&gt; &lt;base64_ascii_str_pickle_to_object&gt;$]},
                &apos;.xls&apos;: {},
                &apos;.xlsm&apos;: {},
                &apos;.xlsx&apos;: {},
                &apos;.yaml&apos;: {&apos;1_exact_match&apos;: [$&lt;read_object_from_yaml&gt; =&gt; &lt;config_to_dict_of_dict&gt;$],
                          &apos;3_generic&apos;: [&lt;read_object_from_yaml&gt;]},
                &apos;.yml&apos;: {&apos;1_exact_match&apos;: [$&lt;read_object_from_yaml&gt; =&gt; &lt;config_to_dict_of_dict&gt;$],
                         &apos;3_generic&apos;: [&lt;read_object_from_yaml&gt;]},
                &apos;&lt;multifile&gt;&apos;: {}},
 &apos;List&apos;: {&apos;.cfg&apos;: {},
          &apos;.csv&apos;: {},
          &apos;.ini&apos;: {},
          &apos;.json&apos;: {&apos;2_approx_match&apos;: [&lt;read_dict_or_list_from_json&gt;]},
          &apos;.properties&apos;: {},
          &apos;.pyc&apos;: {&apos;3_generic&apos;: [&lt;read_object_from_pickle&gt;]},
          &apos;.txt&apos;: {&apos;3_generic&apos;: [$&lt;read_str_from_txt&gt; =&gt; &lt;constructor_with_str_arg&gt;$,
                                 $&lt;read_str_from_txt&gt; =&gt; &lt;base64_ascii_str_pickle_to_object&gt;$]},
          &apos;.xls&apos;: {},
          &apos;.xlsm&apos;: {},
          &apos;.xlsx&apos;: {},
          &apos;.yaml&apos;: {&apos;1_exact_match&apos;: [&lt;read_collection_from_yaml&gt;],
                    &apos;3_generic&apos;: [&lt;read_object_from_yaml&gt;]},
          &apos;.yml&apos;: {&apos;1_exact_match&apos;: [&lt;read_collection_from_yaml&gt;],
                   &apos;3_generic&apos;: [&lt;read_object_from_yaml&gt;]},
          &apos;&lt;multifile&gt;&apos;: {&apos;1_exact_match&apos;: [Multifile Collection parser (parsyfiles defaults)]}},
 &apos;Series&apos;: {&apos;.cfg&apos;: {&apos;1_exact_match&apos;: [$&lt;read_config&gt; =&gt; &lt;merge_all_config_sections_into_a_single_dict&gt; -&gt; &lt;dict_to_df&gt; -&gt; &lt;single_row_or_col_df_to_series&gt;$,
                                       $&lt;read_config&gt; =&gt; &lt;config_to_dict_of_dict&gt; -&gt; &lt;dict_to_df&gt; -&gt; &lt;single_row_or_col_df_to_series&gt;$]},
            &apos;.csv&apos;: {&apos;1_exact_match&apos;: [&lt;read_df_or_series_from_csv&gt;]},
            &apos;.ini&apos;: {&apos;1_exact_match&apos;: [$&lt;read_config&gt; =&gt; &lt;merge_all_config_sections_into_a_single_dict&gt; -&gt; &lt;dict_to_df&gt; -&gt; &lt;single_row_or_col_df_to_series&gt;$,
                                       $&lt;read_config&gt; =&gt; &lt;config_to_dict_of_dict&gt; -&gt; &lt;dict_to_df&gt; -&gt; &lt;single_row_or_col_df_to_series&gt;$]},
            &apos;.json&apos;: {&apos;1_exact_match&apos;: [$&lt;read_dict_or_list_from_json&gt; =&gt; &lt;dict_to_df&gt; -&gt; &lt;single_row_or_col_df_to_series&gt;$]},
            &apos;.properties&apos;: {&apos;1_exact_match&apos;: [$&lt;read_dict_from_properties&gt; =&gt; &lt;dict_to_df&gt; -&gt; &lt;single_row_or_col_df_to_series&gt;$]},
            &apos;.pyc&apos;: {&apos;1_exact_match&apos;: [$&lt;read_object_from_pickle&gt; =&gt; &lt;single_row_or_col_df_to_series&gt;$,
                                       $&lt;read_object_from_pickle&gt; =&gt; &lt;dict_to_df&gt; -&gt; &lt;single_row_or_col_df_to_series&gt;$,
                                       $&lt;read_object_from_pickle&gt; =&gt; &lt;merge_all_config_sections_into_a_single_dict&gt; -&gt; &lt;dict_to_df&gt; -&gt; &lt;single_row_or_col_df_to_series&gt;$,
                                       $&lt;read_object_from_pickle&gt; =&gt; &lt;config_to_dict_of_dict&gt; -&gt; &lt;dict_to_df&gt; -&gt; &lt;single_row_or_col_df_to_series&gt;$],
                     &apos;3_generic&apos;: [&lt;read_object_from_pickle&gt;]},
            &apos;.txt&apos;: {&apos;1_exact_match&apos;: [&lt;read_df_or_series_from_csv&gt;,
                                       $&lt;read_dict_from_properties&gt; =&gt; &lt;dict_to_df&gt; -&gt; &lt;single_row_or_col_df_to_series&gt;$],
                     &apos;3_generic&apos;: [$&lt;read_str_from_txt&gt; =&gt; &lt;constructor_with_str_arg&gt;$,
                                   $&lt;read_str_from_txt&gt; =&gt; &lt;base64_ascii_str_pickle_to_object&gt;$]},
            &apos;.xls&apos;: {&apos;1_exact_match&apos;: [$&lt;read_dataframe_from_xls&gt; =&gt; &lt;single_row_or_col_df_to_series&gt;$]},
            &apos;.xlsm&apos;: {&apos;1_exact_match&apos;: [$&lt;read_dataframe_from_xls&gt; =&gt; &lt;single_row_or_col_df_to_series&gt;$]},
            &apos;.xlsx&apos;: {&apos;1_exact_match&apos;: [$&lt;read_dataframe_from_xls&gt; =&gt; &lt;single_row_or_col_df_to_series&gt;$]},
            &apos;.yaml&apos;: {&apos;1_exact_match&apos;: [$&lt;read_object_from_yaml&gt; =&gt; &lt;single_row_or_col_df_to_series&gt;$,
                                        $&lt;read_object_from_yaml&gt; =&gt; &lt;dict_to_df&gt; -&gt; &lt;single_row_or_col_df_to_series&gt;$,
                                        $&lt;read_collection_from_yaml&gt; =&gt; &lt;dict_to_df&gt; -&gt; &lt;single_row_or_col_df_to_series&gt;$,
                                        $&lt;read_object_from_yaml&gt; =&gt; &lt;merge_all_config_sections_into_a_single_dict&gt; -&gt; &lt;dict_to_df&gt; -&gt; &lt;single_row_or_col_df_to_series&gt;$,
                                        $&lt;read_object_from_yaml&gt; =&gt; &lt;config_to_dict_of_dict&gt; -&gt; &lt;dict_to_df&gt; -&gt; &lt;single_row_or_col_df_to_series&gt;$],
                      &apos;3_generic&apos;: [&lt;read_object_from_yaml&gt;]},
            &apos;.yml&apos;: {&apos;1_exact_match&apos;: [$&lt;read_object_from_yaml&gt; =&gt; &lt;single_row_or_col_df_to_series&gt;$,
                                       $&lt;read_object_from_yaml&gt; =&gt; &lt;dict_to_df&gt; -&gt; &lt;single_row_or_col_df_to_series&gt;$,
                                       $&lt;read_collection_from_yaml&gt; =&gt; &lt;dict_to_df&gt; -&gt; &lt;single_row_or_col_df_to_series&gt;$,
                                       $&lt;read_object_from_yaml&gt; =&gt; &lt;merge_all_config_sections_into_a_single_dict&gt; -&gt; &lt;dict_to_df&gt; -&gt; &lt;single_row_or_col_df_to_series&gt;$,
                                       $&lt;read_object_from_yaml&gt; =&gt; &lt;config_to_dict_of_dict&gt; -&gt; &lt;dict_to_df&gt; -&gt; &lt;single_row_or_col_df_to_series&gt;$],
                     &apos;3_generic&apos;: [&lt;read_object_from_yaml&gt;]},
            &apos;&lt;multifile&gt;&apos;: {}},
 &apos;Set&apos;: {&apos;.cfg&apos;: {},
         &apos;.csv&apos;: {},
         &apos;.ini&apos;: {},
         &apos;.json&apos;: {&apos;1_exact_match&apos;: [$&lt;read_dict_or_list_from_json&gt; =&gt; &lt;list_to_set&gt;$]},
         &apos;.properties&apos;: {},
         &apos;.pyc&apos;: {&apos;1_exact_match&apos;: [$&lt;read_object_from_pickle&gt; =&gt; &lt;list_to_set&gt;$],
                  &apos;3_generic&apos;: [&lt;read_object_from_pickle&gt;]},
         &apos;.txt&apos;: {&apos;1_exact_match&apos;: [$&lt;read_str_from_txt&gt; =&gt; &lt;base64_ascii_str_pickle_to_object&gt; -&gt; &lt;list_to_set&gt;$],
                  &apos;3_generic&apos;: [$&lt;read_str_from_txt&gt; =&gt; &lt;constructor_with_str_arg&gt;$,
                                $&lt;read_str_from_txt&gt; =&gt; &lt;base64_ascii_str_pickle_to_object&gt;$]},
         &apos;.xls&apos;: {},
         &apos;.xlsm&apos;: {},
         &apos;.xlsx&apos;: {},
         &apos;.yaml&apos;: {&apos;1_exact_match&apos;: [&lt;read_collection_from_yaml&gt;,
                                     $&lt;read_object_from_yaml&gt; =&gt; &lt;list_to_set&gt;$],
                   &apos;3_generic&apos;: [&lt;read_object_from_yaml&gt;]},
         &apos;.yml&apos;: {&apos;1_exact_match&apos;: [&lt;read_collection_from_yaml&gt;,
                                    $&lt;read_object_from_yaml&gt; =&gt; &lt;list_to_set&gt;$],
                  &apos;3_generic&apos;: [&lt;read_object_from_yaml&gt;]},
         &apos;&lt;multifile&gt;&apos;: {&apos;1_exact_match&apos;: [Multifile Collection parser (parsyfiles defaults)]}},
 &apos;Tuple&apos;: {&apos;.cfg&apos;: {},
           &apos;.csv&apos;: {},
           &apos;.ini&apos;: {},
           &apos;.json&apos;: {&apos;1_exact_match&apos;: [$&lt;read_dict_or_list_from_json&gt; =&gt; &lt;list_to_tuple&gt;$]},
           &apos;.properties&apos;: {},
           &apos;.pyc&apos;: {&apos;1_exact_match&apos;: [$&lt;read_object_from_pickle&gt; =&gt; &lt;list_to_tuple&gt;$],
                    &apos;3_generic&apos;: [&lt;read_object_from_pickle&gt;]},
           &apos;.txt&apos;: {&apos;1_exact_match&apos;: [$&lt;read_str_from_txt&gt; =&gt; &lt;base64_ascii_str_pickle_to_object&gt; -&gt; &lt;list_to_tuple&gt;$],
                    &apos;3_generic&apos;: [$&lt;read_str_from_txt&gt; =&gt; &lt;constructor_with_str_arg&gt;$,
                                  $&lt;read_str_from_txt&gt; =&gt; &lt;base64_ascii_str_pickle_to_object&gt;$]},
           &apos;.xls&apos;: {},
           &apos;.xlsm&apos;: {},
           &apos;.xlsx&apos;: {},
           &apos;.yaml&apos;: {&apos;1_exact_match&apos;: [&lt;read_collection_from_yaml&gt;,
                                       $&lt;read_object_from_yaml&gt; =&gt; &lt;list_to_tuple&gt;$],
                     &apos;3_generic&apos;: [&lt;read_object_from_yaml&gt;]},
           &apos;.yml&apos;: {&apos;1_exact_match&apos;: [&lt;read_collection_from_yaml&gt;,
                                      $&lt;read_object_from_yaml&gt; =&gt; &lt;list_to_tuple&gt;$],
                    &apos;3_generic&apos;: [&lt;read_object_from_yaml&gt;]},
           &apos;&lt;multifile&gt;&apos;: {&apos;1_exact_match&apos;: [Multifile Collection parser (parsyfiles defaults)]}},
 &apos;bool&apos;: {&apos;.cfg&apos;: {},
          &apos;.csv&apos;: {},
          &apos;.ini&apos;: {},
          &apos;.json&apos;: {},
          &apos;.properties&apos;: {},
          &apos;.pyc&apos;: {&apos;1_exact_match&apos;: [$&lt;read_object_from_pickle&gt; =&gt; &lt;float_to_bool&gt;$,
                                     $&lt;read_object_from_pickle&gt; =&gt; &lt;int_to_bool&gt;$,
                                     $&lt;read_object_from_pickle&gt; =&gt; &lt;str_to_bool&gt;$],
                   &apos;3_generic&apos;: [&lt;read_object_from_pickle&gt;]},
          &apos;.txt&apos;: {&apos;1_exact_match&apos;: [$&lt;read_str_from_txt&gt; =&gt; &lt;str_to_bool&gt;$,
                                     $&lt;read_str_from_txt&gt; =&gt; &lt;base64_ascii_str_pickle_to_object&gt; -&gt; &lt;float_to_bool&gt;$,
                                     $&lt;read_str_from_txt&gt; =&gt; &lt;base64_ascii_str_pickle_to_object&gt; -&gt; &lt;int_to_bool&gt;$,
                                     $&lt;read_str_from_txt&gt; =&gt; &lt;base64_ascii_str_pickle_to_object&gt; -&gt; &lt;str_to_bool&gt;$],
                   &apos;3_generic&apos;: [$&lt;read_str_from_txt&gt; =&gt; &lt;base64_ascii_str_pickle_to_object&gt;$]},
          &apos;.xls&apos;: {},
          &apos;.xlsm&apos;: {},
          &apos;.xlsx&apos;: {},
          &apos;.yaml&apos;: {&apos;1_exact_match&apos;: [$&lt;read_object_from_yaml&gt; =&gt; &lt;float_to_bool&gt;$,
                                      $&lt;read_object_from_yaml&gt; =&gt; &lt;int_to_bool&gt;$,
                                      $&lt;read_object_from_yaml&gt; =&gt; &lt;str_to_bool&gt;$],
                    &apos;3_generic&apos;: [&lt;read_object_from_yaml&gt;]},
          &apos;.yml&apos;: {&apos;1_exact_match&apos;: [$&lt;read_object_from_yaml&gt; =&gt; &lt;float_to_bool&gt;$,
                                     $&lt;read_object_from_yaml&gt; =&gt; &lt;int_to_bool&gt;$,
                                     $&lt;read_object_from_yaml&gt; =&gt; &lt;str_to_bool&gt;$],
                   &apos;3_generic&apos;: [&lt;read_object_from_yaml&gt;]},
          &apos;&lt;multifile&gt;&apos;: {}},
 &apos;dict&apos;: {&apos;.cfg&apos;: {&apos;1_exact_match&apos;: [$&lt;read_config&gt; =&gt; &lt;merge_all_config_sections_into_a_single_dict&gt;$],
                   &apos;2_approx_match&apos;: [$&lt;read_config&gt; =&gt; &lt;config_to_dict_of_dict&gt;$]},
          &apos;.csv&apos;: {&apos;1_exact_match&apos;: [$&lt;read_df_or_series_from_csv&gt; =&gt; &lt;single_row_or_col_df_to_dict&gt;$]},
          &apos;.ini&apos;: {&apos;1_exact_match&apos;: [$&lt;read_config&gt; =&gt; &lt;merge_all_config_sections_into_a_single_dict&gt;$],
                   &apos;2_approx_match&apos;: [$&lt;read_config&gt; =&gt; &lt;config_to_dict_of_dict&gt;$]},
          &apos;.json&apos;: {&apos;1_exact_match&apos;: [&lt;read_dict_or_list_from_json&gt;]},
          &apos;.properties&apos;: {&apos;1_exact_match&apos;: [&lt;read_dict_from_properties&gt;]},
          &apos;.pyc&apos;: {&apos;1_exact_match&apos;: [$&lt;read_object_from_pickle&gt; =&gt; &lt;single_row_or_col_df_to_dict&gt;$,
                                     $&lt;read_object_from_pickle&gt; =&gt; &lt;merge_all_config_sections_into_a_single_dict&gt;$],
                   &apos;2_approx_match&apos;: [$&lt;read_object_from_pickle&gt; =&gt; &lt;config_to_dict_of_dict&gt;$],
                   &apos;3_generic&apos;: [&lt;read_object_from_pickle&gt;]},
          &apos;.txt&apos;: {&apos;1_exact_match&apos;: [&lt;read_dict_from_properties&gt;,
                                     $&lt;read_df_or_series_from_csv&gt; =&gt; &lt;single_row_or_col_df_to_dict&gt;$],
                   &apos;3_generic&apos;: [$&lt;read_str_from_txt&gt; =&gt; &lt;constructor_with_str_arg&gt;$,
                                 $&lt;read_str_from_txt&gt; =&gt; &lt;base64_ascii_str_pickle_to_object&gt;$]},
          &apos;.xls&apos;: {&apos;1_exact_match&apos;: [$&lt;read_dataframe_from_xls&gt; =&gt; &lt;single_row_or_col_df_to_dict&gt;$]},
          &apos;.xlsm&apos;: {&apos;1_exact_match&apos;: [$&lt;read_dataframe_from_xls&gt; =&gt; &lt;single_row_or_col_df_to_dict&gt;$]},
          &apos;.xlsx&apos;: {&apos;1_exact_match&apos;: [$&lt;read_dataframe_from_xls&gt; =&gt; &lt;single_row_or_col_df_to_dict&gt;$]},
          &apos;.yaml&apos;: {&apos;1_exact_match&apos;: [$&lt;read_object_from_yaml&gt; =&gt; &lt;single_row_or_col_df_to_dict&gt;$,
                                      $&lt;read_object_from_yaml&gt; =&gt; &lt;merge_all_config_sections_into_a_single_dict&gt;$],
                    &apos;2_approx_match&apos;: [&lt;read_collection_from_yaml&gt;,
                                       $&lt;read_object_from_yaml&gt; =&gt; &lt;config_to_dict_of_dict&gt;$],
                    &apos;3_generic&apos;: [&lt;read_object_from_yaml&gt;]},
          &apos;.yml&apos;: {&apos;1_exact_match&apos;: [$&lt;read_object_from_yaml&gt; =&gt; &lt;single_row_or_col_df_to_dict&gt;$,
                                     $&lt;read_object_from_yaml&gt; =&gt; &lt;merge_all_config_sections_into_a_single_dict&gt;$],
                   &apos;2_approx_match&apos;: [&lt;read_collection_from_yaml&gt;,
                                      $&lt;read_object_from_yaml&gt; =&gt; &lt;config_to_dict_of_dict&gt;$],
                   &apos;3_generic&apos;: [&lt;read_object_from_yaml&gt;]},
          &apos;&lt;multifile&gt;&apos;: {&apos;2_approx_match&apos;: [Multifile Collection parser (parsyfiles defaults)]}},
 &apos;float&apos;: {&apos;.cfg&apos;: {},
           &apos;.csv&apos;: {},
           &apos;.ini&apos;: {},
           &apos;.json&apos;: {},
           &apos;.properties&apos;: {},
           &apos;.pyc&apos;: {&apos;1_exact_match&apos;: [$&lt;read_object_from_pickle&gt; =&gt; &lt;bool_to_float&gt;$,
                                      $&lt;read_object_from_pickle&gt; =&gt; &lt;int_to_float&gt;$,
                                      $&lt;read_object_from_pickle&gt; =&gt; &lt;str_to_float&gt;$],
                    &apos;3_generic&apos;: [&lt;read_object_from_pickle&gt;]},
           &apos;.txt&apos;: {&apos;1_exact_match&apos;: [$&lt;read_str_from_txt&gt; =&gt; &lt;str_to_float&gt;$,
                                      $&lt;read_str_from_txt&gt; =&gt; &lt;base64_ascii_str_pickle_to_object&gt; -&gt; &lt;bool_to_float&gt;$,
                                      $&lt;read_str_from_txt&gt; =&gt; &lt;base64_ascii_str_pickle_to_object&gt; -&gt; &lt;int_to_float&gt;$,
                                      $&lt;read_str_from_txt&gt; =&gt; &lt;base64_ascii_str_pickle_to_object&gt; -&gt; &lt;str_to_float&gt;$],
                    &apos;3_generic&apos;: [$&lt;read_str_from_txt&gt; =&gt; &lt;base64_ascii_str_pickle_to_object&gt;$]},
           &apos;.xls&apos;: {},
           &apos;.xlsm&apos;: {},
           &apos;.xlsx&apos;: {},
           &apos;.yaml&apos;: {&apos;1_exact_match&apos;: [$&lt;read_object_from_yaml&gt; =&gt; &lt;bool_to_float&gt;$,
                                       $&lt;read_object_from_yaml&gt; =&gt; &lt;int_to_float&gt;$,
                                       $&lt;read_object_from_yaml&gt; =&gt; &lt;str_to_float&gt;$],
                     &apos;3_generic&apos;: [&lt;read_object_from_yaml&gt;]},
           &apos;.yml&apos;: {&apos;1_exact_match&apos;: [$&lt;read_object_from_yaml&gt; =&gt; &lt;bool_to_float&gt;$,
                                      $&lt;read_object_from_yaml&gt; =&gt; &lt;int_to_float&gt;$,
                                      $&lt;read_object_from_yaml&gt; =&gt; &lt;str_to_float&gt;$],
                    &apos;3_generic&apos;: [&lt;read_object_from_yaml&gt;]},
           &apos;&lt;multifile&gt;&apos;: {}},
 &apos;int&apos;: {&apos;.cfg&apos;: {},
         &apos;.csv&apos;: {},
         &apos;.ini&apos;: {},
         &apos;.json&apos;: {},
         &apos;.properties&apos;: {},
         &apos;.pyc&apos;: {&apos;1_exact_match&apos;: [$&lt;read_object_from_pickle&gt; =&gt; &lt;bool_to_int&gt;$,
                                    $&lt;read_object_from_pickle&gt; =&gt; &lt;float_to_int&gt;$,
                                    $&lt;read_object_from_pickle&gt; =&gt; &lt;str_to_int&gt;$],
                  &apos;2_approx_match&apos;: [$&lt;read_object_from_pickle&gt; =&gt; &lt;float_to_bool&gt;$,
                                     $&lt;read_object_from_pickle&gt; =&gt; &lt;int_to_bool&gt;$,
                                     $&lt;read_object_from_pickle&gt; =&gt; &lt;str_to_bool&gt;$],
                  &apos;3_generic&apos;: [&lt;read_object_from_pickle&gt;]},
         &apos;.txt&apos;: {&apos;1_exact_match&apos;: [$&lt;read_str_from_txt&gt; =&gt; &lt;str_to_int&gt;$,
                                    $&lt;read_str_from_txt&gt; =&gt; &lt;base64_ascii_str_pickle_to_object&gt; -&gt; &lt;bool_to_int&gt;$,
                                    $&lt;read_str_from_txt&gt; =&gt; &lt;base64_ascii_str_pickle_to_object&gt; -&gt; &lt;float_to_int&gt;$,
                                    $&lt;read_str_from_txt&gt; =&gt; &lt;base64_ascii_str_pickle_to_object&gt; -&gt; &lt;str_to_int&gt;$],
                  &apos;2_approx_match&apos;: [$&lt;read_str_from_txt&gt; =&gt; &lt;str_to_bool&gt;$,
                                     $&lt;read_str_from_txt&gt; =&gt; &lt;base64_ascii_str_pickle_to_object&gt; -&gt; &lt;float_to_bool&gt;$,
                                     $&lt;read_str_from_txt&gt; =&gt; &lt;base64_ascii_str_pickle_to_object&gt; -&gt; &lt;int_to_bool&gt;$,
                                     $&lt;read_str_from_txt&gt; =&gt; &lt;base64_ascii_str_pickle_to_object&gt; -&gt; &lt;str_to_bool&gt;$],
                  &apos;3_generic&apos;: [$&lt;read_str_from_txt&gt; =&gt; &lt;base64_ascii_str_pickle_to_object&gt;$]},
         &apos;.xls&apos;: {},
         &apos;.xlsm&apos;: {},
         &apos;.xlsx&apos;: {},
         &apos;.yaml&apos;: {&apos;1_exact_match&apos;: [$&lt;read_object_from_yaml&gt; =&gt; &lt;bool_to_int&gt;$,
                                     $&lt;read_object_from_yaml&gt; =&gt; &lt;float_to_int&gt;$,
                                     $&lt;read_object_from_yaml&gt; =&gt; &lt;str_to_int&gt;$],
                   &apos;2_approx_match&apos;: [$&lt;read_object_from_yaml&gt; =&gt; &lt;float_to_bool&gt;$,
                                      $&lt;read_object_from_yaml&gt; =&gt; &lt;int_to_bool&gt;$,
                                      $&lt;read_object_from_yaml&gt; =&gt; &lt;str_to_bool&gt;$],
                   &apos;3_generic&apos;: [&lt;read_object_from_yaml&gt;]},
         &apos;.yml&apos;: {&apos;1_exact_match&apos;: [$&lt;read_object_from_yaml&gt; =&gt; &lt;bool_to_int&gt;$,
                                    $&lt;read_object_from_yaml&gt; =&gt; &lt;float_to_int&gt;$,
                                    $&lt;read_object_from_yaml&gt; =&gt; &lt;str_to_int&gt;$],
                  &apos;2_approx_match&apos;: [$&lt;read_object_from_yaml&gt; =&gt; &lt;float_to_bool&gt;$,
                                     $&lt;read_object_from_yaml&gt; =&gt; &lt;int_to_bool&gt;$,
                                     $&lt;read_object_from_yaml&gt; =&gt; &lt;str_to_bool&gt;$],
                  &apos;3_generic&apos;: [&lt;read_object_from_yaml&gt;]},
         &apos;&lt;multifile&gt;&apos;: {}},
 &apos;list&apos;: {&apos;.cfg&apos;: {},
          &apos;.csv&apos;: {},
          &apos;.ini&apos;: {},
          &apos;.json&apos;: {&apos;1_exact_match&apos;: [&lt;read_dict_or_list_from_json&gt;]},
          &apos;.properties&apos;: {},
          &apos;.pyc&apos;: {&apos;3_generic&apos;: [&lt;read_object_from_pickle&gt;]},
          &apos;.txt&apos;: {&apos;3_generic&apos;: [$&lt;read_str_from_txt&gt; =&gt; &lt;constructor_with_str_arg&gt;$,
                                 $&lt;read_str_from_txt&gt; =&gt; &lt;base64_ascii_str_pickle_to_object&gt;$]},
          &apos;.xls&apos;: {},
          &apos;.xlsm&apos;: {},
          &apos;.xlsx&apos;: {},
          &apos;.yaml&apos;: {&apos;2_approx_match&apos;: [&lt;read_collection_from_yaml&gt;],
                    &apos;3_generic&apos;: [&lt;read_object_from_yaml&gt;]},
          &apos;.yml&apos;: {&apos;2_approx_match&apos;: [&lt;read_collection_from_yaml&gt;],
                   &apos;3_generic&apos;: [&lt;read_object_from_yaml&gt;]},
          &apos;&lt;multifile&gt;&apos;: {&apos;2_approx_match&apos;: [Multifile Collection parser (parsyfiles defaults)]}},
 &apos;str&apos;: {&apos;.cfg&apos;: {},
         &apos;.csv&apos;: {},
         &apos;.ini&apos;: {},
         &apos;.json&apos;: {},
         &apos;.properties&apos;: {},
         &apos;.pyc&apos;: {&apos;1_exact_match&apos;: [$&lt;read_object_from_pickle&gt; =&gt; &lt;bool_to_string&gt;$,
                                    $&lt;read_object_from_pickle&gt; =&gt; &lt;float_to_string&gt;$,
                                    $&lt;read_object_from_pickle&gt; =&gt; &lt;int_to_string&gt;$],
                  &apos;3_generic&apos;: [&lt;read_object_from_pickle&gt;]},
         &apos;.txt&apos;: {&apos;1_exact_match&apos;: [&lt;read_str_from_txt&gt;]},
         &apos;.xls&apos;: {},
         &apos;.xlsm&apos;: {},
         &apos;.xlsx&apos;: {},
         &apos;.yaml&apos;: {&apos;1_exact_match&apos;: [$&lt;read_object_from_yaml&gt; =&gt; &lt;bool_to_string&gt;$,
                                     $&lt;read_object_from_yaml&gt; =&gt; &lt;float_to_string&gt;$,
                                     $&lt;read_object_from_yaml&gt; =&gt; &lt;int_to_string&gt;$],
                   &apos;3_generic&apos;: [&lt;read_object_from_yaml&gt;]},
         &apos;.yml&apos;: {&apos;1_exact_match&apos;: [$&lt;read_object_from_yaml&gt; =&gt; &lt;bool_to_string&gt;$,
                                    $&lt;read_object_from_yaml&gt; =&gt; &lt;float_to_string&gt;$,
                                    $&lt;read_object_from_yaml&gt; =&gt; &lt;int_to_string&gt;$],
                  &apos;3_generic&apos;: [&lt;read_object_from_yaml&gt;]},
         &apos;&lt;multifile&gt;&apos;: {}}}


</system-out></testcase><testcase classname="parsyfiles.tests.combining_parsers_converters.test_default_instance" file="parsyfiles/tests/combining_parsers_converters/test_default_instance.py" line="154" name="test_root_parser_any" time="0.1083376407623291"><system-out>{&apos;.cfg&apos;: {&apos;1_exact_match&apos;: [$&lt;read_config&gt; =&gt; &lt;merge_all_config_sections_into_a_single_dict&gt; -&gt; &lt;dict_to_object&gt;$,
                            $&lt;read_config&gt; =&gt; &lt;config_to_dict_of_dict&gt; -&gt; &lt;dict_of_dict_to_object&gt;$,
                            $&lt;read_config&gt; =&gt; &lt;config_to_dict_of_dict&gt; -&gt; &lt;dict_to_object&gt;$]},
 &apos;.csv&apos;: {&apos;1_exact_match&apos;: [$&lt;read_df_or_series_from_csv&gt; =&gt; &lt;single_row_or_col_df_to_dict&gt; -&gt; &lt;dict_to_object&gt;$]},
 &apos;.ini&apos;: {&apos;1_exact_match&apos;: [$&lt;read_config&gt; =&gt; &lt;merge_all_config_sections_into_a_single_dict&gt; -&gt; &lt;dict_to_object&gt;$,
                            $&lt;read_config&gt; =&gt; &lt;config_to_dict_of_dict&gt; -&gt; &lt;dict_of_dict_to_object&gt;$,
                            $&lt;read_config&gt; =&gt; &lt;config_to_dict_of_dict&gt; -&gt; &lt;dict_to_object&gt;$]},
 &apos;.json&apos;: {&apos;1_exact_match&apos;: [$&lt;read_dict_or_list_from_json&gt; =&gt; &lt;dict_to_object&gt;$]},
 &apos;.properties&apos;: {&apos;1_exact_match&apos;: [$&lt;read_dict_from_properties&gt; =&gt; &lt;dict_to_object&gt;$]},
 &apos;.pyc&apos;: {&apos;1_exact_match&apos;: [&lt;read_object_from_pickle&gt;]},
 &apos;.txt&apos;: {&apos;1_exact_match&apos;: [$&lt;read_dict_from_properties&gt; =&gt; &lt;dict_to_object&gt;$,
                            $&lt;read_str_from_txt&gt; =&gt; &lt;constructor_with_str_arg&gt;$,
                            $&lt;read_str_from_txt&gt; =&gt; &lt;base64_ascii_str_pickle_to_object&gt;$,
                            $&lt;read_df_or_series_from_csv&gt; =&gt; &lt;single_row_or_col_df_to_dict&gt; -&gt; &lt;dict_to_object&gt;$]},
 &apos;.xls&apos;: {&apos;1_exact_match&apos;: [$&lt;read_dataframe_from_xls&gt; =&gt; &lt;single_row_or_col_df_to_dict&gt; -&gt; &lt;dict_to_object&gt;$]},
 &apos;.xlsm&apos;: {&apos;1_exact_match&apos;: [$&lt;read_dataframe_from_xls&gt; =&gt; &lt;single_row_or_col_df_to_dict&gt; -&gt; &lt;dict_to_object&gt;$]},
 &apos;.xlsx&apos;: {&apos;1_exact_match&apos;: [$&lt;read_dataframe_from_xls&gt; =&gt; &lt;single_row_or_col_df_to_dict&gt; -&gt; &lt;dict_to_object&gt;$]},
 &apos;.yaml&apos;: {&apos;1_exact_match&apos;: [&lt;read_object_from_yaml&gt;,
                             $&lt;read_collection_from_yaml&gt; =&gt; &lt;dict_to_object&gt;$]},
 &apos;.yml&apos;: {&apos;1_exact_match&apos;: [&lt;read_object_from_yaml&gt;,
                            $&lt;read_collection_from_yaml&gt; =&gt; &lt;dict_to_object&gt;$]},
 &apos;&lt;multifile&gt;&apos;: {&apos;1_exact_match&apos;: [Multifile Object parser (parsyfiles defaults)]}}
</system-out></testcase><testcase classname="parsyfiles.tests.combining_parsers_converters.test_default_instance" file="parsyfiles/tests/combining_parsers_converters/test_default_instance.py" line="170" name="test_custom_parser_ok_for_subclasses" time="0.18196654319763184"><system-out>SUCCESS parsed [/home/travis/build/smarie/python-parsyfiles/parsyfiles/tests/combining_parsers_converters/test_data/b64pickle-float-1.0=True.txt] as a [A] successfully. Parser used was [&lt;read_B_from_txt&gt;]

</system-out></testcase><testcase classname="parsyfiles.tests.combining_parsers_converters.test_default_instance_creation" file="parsyfiles/tests/combining_parsers_converters/test_default_instance_creation.py" line="21" name="test_create_default_instance_with_constructor" time="2.8807790279388428"><system-out>ERROR while parsing [/home/travis/build/smarie/python-parsyfiles/parsyfiles/tests/combining_parsers_converters/test_data/b64pickle-float-1.0=True.txt] into a [bool] using [$&lt;read_str_from_txt&gt; =&gt; &lt;str_to_bool&gt;$]. Set log level to DEBUG for details
Rebuilding local parsing plan with next candidate parser: $&lt;read_str_from_txt&gt; =&gt; &lt;base64_ascii_str_pickle_to_object&gt; -&gt; &lt;float_to_bool&gt;$
DONE Rebuilding local parsing plan for [/home/travis/build/smarie/python-parsyfiles/parsyfiles/tests/combining_parsers_converters/test_data/b64pickle-float-1.0=True.txt]. Resuming parsing...
SUCCESS parsed [/home/travis/build/smarie/python-parsyfiles/parsyfiles/tests/combining_parsers_converters/test_data/b64pickle-float-1.0=True.txt] as a [bool] successfully. Parser used was [$&lt;read_str_from_txt&gt; =&gt; &lt;base64_ascii_str_pickle_to_object&gt; -&gt; &lt;float_to_bool&gt;$]

ERROR while parsing [/home/travis/build/smarie/python-parsyfiles/parsyfiles/tests/combining_parsers_converters/test_data/b64pickle-float-1.0=True.txt] into a [bool] using [$&lt;read_str_from_txt&gt; =&gt; &lt;str_to_bool&gt;$]. Set log level to DEBUG for details
Rebuilding local parsing plan with next candidate parser: $&lt;read_str_from_txt&gt; =&gt; &lt;base64_ascii_str_pickle_to_object&gt; -&gt; &lt;float_to_bool&gt;$
DONE Rebuilding local parsing plan for [/home/travis/build/smarie/python-parsyfiles/parsyfiles/tests/combining_parsers_converters/test_data/b64pickle-float-1.0=True.txt]. Resuming parsing...
SUCCESS parsed [/home/travis/build/smarie/python-parsyfiles/parsyfiles/tests/combining_parsers_converters/test_data/b64pickle-float-1.0=True.txt] as a [bool] successfully. Parser used was [$&lt;read_str_from_txt&gt; =&gt; &lt;base64_ascii_str_pickle_to_object&gt; -&gt; &lt;float_to_bool&gt;$]

ERROR while parsing [/home/travis/build/smarie/python-parsyfiles/parsyfiles/tests/combining_parsers_converters/test_data/b64pickle-float-1.0=True.txt] into a [bool] using [$&lt;read_str_from_txt&gt; =&gt; &lt;str_to_bool&gt;$]. Set log level to DEBUG for details
Rebuilding local parsing plan with next candidate parser: $&lt;read_str_from_txt&gt; =&gt; &lt;base64_ascii_str_pickle_to_object&gt; -&gt; &lt;float_to_bool&gt;$
DONE Rebuilding local parsing plan for [/home/travis/build/smarie/python-parsyfiles/parsyfiles/tests/combining_parsers_converters/test_data/b64pickle-float-1.0=True.txt]. Resuming parsing...
SUCCESS parsed [/home/travis/build/smarie/python-parsyfiles/parsyfiles/tests/combining_parsers_converters/test_data/b64pickle-float-1.0=True.txt] as a [bool] successfully. Parser used was [$&lt;read_str_from_txt&gt; =&gt; &lt;base64_ascii_str_pickle_to_object&gt; -&gt; &lt;float_to_bool&gt;$]

ERROR while parsing [/home/travis/build/smarie/python-parsyfiles/parsyfiles/tests/combining_parsers_converters/test_data/b64pickle-float-1.0=True.txt] into a [bool] using [$&lt;read_str_from_txt&gt; =&gt; &lt;str_to_bool&gt;$]. Set log level to DEBUG for details
Rebuilding local parsing plan with next candidate parser: $&lt;read_str_from_txt&gt; =&gt; &lt;base64_ascii_str_pickle_to_object&gt; -&gt; &lt;float_to_bool&gt;$
DONE Rebuilding local parsing plan for [/home/travis/build/smarie/python-parsyfiles/parsyfiles/tests/combining_parsers_converters/test_data/b64pickle-float-1.0=True.txt]. Resuming parsing...
SUCCESS parsed [/home/travis/build/smarie/python-parsyfiles/parsyfiles/tests/combining_parsers_converters/test_data/b64pickle-float-1.0=True.txt] as a [bool] successfully. Parser used was [$&lt;read_str_from_txt&gt; =&gt; &lt;base64_ascii_str_pickle_to_object&gt; -&gt; &lt;float_to_bool&gt;$]

ERROR while parsing [/home/travis/build/smarie/python-parsyfiles/parsyfiles/tests/combining_parsers_converters/test_data/b64pickle-float-1.0=True.txt] into a [bool] using [$&lt;read_str_from_txt&gt; =&gt; &lt;str_to_bool&gt;$]. Set log level to DEBUG for details
Rebuilding local parsing plan with next candidate parser: $&lt;read_str_from_txt&gt; =&gt; &lt;base64_ascii_str_pickle_to_object&gt; -&gt; &lt;float_to_bool&gt;$
DONE Rebuilding local parsing plan for [/home/travis/build/smarie/python-parsyfiles/parsyfiles/tests/combining_parsers_converters/test_data/b64pickle-float-1.0=True.txt]. Resuming parsing...
SUCCESS parsed [/home/travis/build/smarie/python-parsyfiles/parsyfiles/tests/combining_parsers_converters/test_data/b64pickle-float-1.0=True.txt] as a [bool] successfully. Parser used was [$&lt;read_str_from_txt&gt; =&gt; &lt;base64_ascii_str_pickle_to_object&gt; -&gt; &lt;float_to_bool&gt;$]

ERROR while parsing [/home/travis/build/smarie/python-parsyfiles/parsyfiles/tests/combining_parsers_converters/test_data/b64pickle-float-1.0=True.txt] into a [bool] using [$&lt;read_str_from_txt&gt; =&gt; &lt;str_to_bool&gt;$]. Set log level to DEBUG for details
Rebuilding local parsing plan with next candidate parser: $&lt;read_str_from_txt&gt; =&gt; &lt;base64_ascii_str_pickle_to_object&gt; -&gt; &lt;float_to_bool&gt;$
DONE Rebuilding local parsing plan for [/home/travis/build/smarie/python-parsyfiles/parsyfiles/tests/combining_parsers_converters/test_data/b64pickle-float-1.0=True.txt]. Resuming parsing...
SUCCESS parsed [/home/travis/build/smarie/python-parsyfiles/parsyfiles/tests/combining_parsers_converters/test_data/b64pickle-float-1.0=True.txt] as a [bool] successfully. Parser used was [$&lt;read_str_from_txt&gt; =&gt; &lt;base64_ascii_str_pickle_to_object&gt; -&gt; &lt;float_to_bool&gt;$]

ERROR while parsing [/home/travis/build/smarie/python-parsyfiles/parsyfiles/tests/combining_parsers_converters/test_data/b64pickle-float-1.0=True.txt] into a [bool] using [$&lt;read_str_from_txt&gt; =&gt; &lt;str_to_bool&gt;$]. Set log level to DEBUG for details
Rebuilding local parsing plan with next candidate parser: $&lt;read_str_from_txt&gt; =&gt; &lt;base64_ascii_str_pickle_to_object&gt; -&gt; &lt;float_to_bool&gt;$
DONE Rebuilding local parsing plan for [/home/travis/build/smarie/python-parsyfiles/parsyfiles/tests/combining_parsers_converters/test_data/b64pickle-float-1.0=True.txt]. Resuming parsing...
SUCCESS parsed [/home/travis/build/smarie/python-parsyfiles/parsyfiles/tests/combining_parsers_converters/test_data/b64pickle-float-1.0=True.txt] as a [bool] successfully. Parser used was [$&lt;read_str_from_txt&gt; =&gt; &lt;base64_ascii_str_pickle_to_object&gt; -&gt; &lt;float_to_bool&gt;$]

ERROR while parsing [/home/travis/build/smarie/python-parsyfiles/parsyfiles/tests/combining_parsers_converters/test_data/b64pickle-float-1.0=True.txt] into a [bool] using [$&lt;read_str_from_txt&gt; =&gt; &lt;str_to_bool&gt;$]. Set log level to DEBUG for details
Rebuilding local parsing plan with next candidate parser: $&lt;read_str_from_txt&gt; =&gt; &lt;base64_ascii_str_pickle_to_object&gt; -&gt; &lt;float_to_bool&gt;$
DONE Rebuilding local parsing plan for [/home/travis/build/smarie/python-parsyfiles/parsyfiles/tests/combining_parsers_converters/test_data/b64pickle-float-1.0=True.txt]. Resuming parsing...
SUCCESS parsed [/home/travis/build/smarie/python-parsyfiles/parsyfiles/tests/combining_parsers_converters/test_data/b64pickle-float-1.0=True.txt] as a [bool] successfully. Parser used was [$&lt;read_str_from_txt&gt; =&gt; &lt;base64_ascii_str_pickle_to_object&gt; -&gt; &lt;float_to_bool&gt;$]

ERROR while parsing [/home/travis/build/smarie/python-parsyfiles/parsyfiles/tests/combining_parsers_converters/test_data/b64pickle-float-1.0=True.txt] into a [bool] using [$&lt;read_str_from_txt&gt; =&gt; &lt;str_to_bool&gt;$]. Set log level to DEBUG for details
Rebuilding local parsing plan with next candidate parser: $&lt;read_str_from_txt&gt; =&gt; &lt;base64_ascii_str_pickle_to_object&gt; -&gt; &lt;float_to_bool&gt;$
DONE Rebuilding local parsing plan for [/home/travis/build/smarie/python-parsyfiles/parsyfiles/tests/combining_parsers_converters/test_data/b64pickle-float-1.0=True.txt]. Resuming parsing...
SUCCESS parsed [/home/travis/build/smarie/python-parsyfiles/parsyfiles/tests/combining_parsers_converters/test_data/b64pickle-float-1.0=True.txt] as a [bool] successfully. Parser used was [$&lt;read_str_from_txt&gt; =&gt; &lt;base64_ascii_str_pickle_to_object&gt; -&gt; &lt;float_to_bool&gt;$]

ERROR while parsing [/home/travis/build/smarie/python-parsyfiles/parsyfiles/tests/combining_parsers_converters/test_data/b64pickle-float-1.0=True.txt] into a [bool] using [$&lt;read_str_from_txt&gt; =&gt; &lt;str_to_bool&gt;$]. Set log level to DEBUG for details
Rebuilding local parsing plan with next candidate parser: $&lt;read_str_from_txt&gt; =&gt; &lt;base64_ascii_str_pickle_to_object&gt; -&gt; &lt;float_to_bool&gt;$
DONE Rebuilding local parsing plan for [/home/travis/build/smarie/python-parsyfiles/parsyfiles/tests/combining_parsers_converters/test_data/b64pickle-float-1.0=True.txt]. Resuming parsing...
SUCCESS parsed [/home/travis/build/smarie/python-parsyfiles/parsyfiles/tests/combining_parsers_converters/test_data/b64pickle-float-1.0=True.txt] as a [bool] successfully. Parser used was [$&lt;read_str_from_txt&gt; =&gt; &lt;base64_ascii_str_pickle_to_object&gt; -&gt; &lt;float_to_bool&gt;$]

ERROR while parsing [/home/travis/build/smarie/python-parsyfiles/parsyfiles/tests/combining_parsers_converters/test_data/b64pickle-float-1.0=True.txt] into a [bool] using [$&lt;read_str_from_txt&gt; =&gt; &lt;str_to_bool&gt;$]. Set log level to DEBUG for details
Rebuilding local parsing plan with next candidate parser: $&lt;read_str_from_txt&gt; =&gt; &lt;base64_ascii_str_pickle_to_object&gt; -&gt; &lt;float_to_bool&gt;$
DONE Rebuilding local parsing plan for [/home/travis/build/smarie/python-parsyfiles/parsyfiles/tests/combining_parsers_converters/test_data/b64pickle-float-1.0=True.txt]. Resuming parsing...
SUCCESS parsed [/home/travis/build/smarie/python-parsyfiles/parsyfiles/tests/combining_parsers_converters/test_data/b64pickle-float-1.0=True.txt] as a [bool] successfully. Parser used was [$&lt;read_str_from_txt&gt; =&gt; &lt;base64_ascii_str_pickle_to_object&gt; -&gt; &lt;float_to_bool&gt;$]

ERROR while parsing [/home/travis/build/smarie/python-parsyfiles/parsyfiles/tests/combining_parsers_converters/test_data/b64pickle-float-1.0=True.txt] into a [bool] using [$&lt;read_str_from_txt&gt; =&gt; &lt;str_to_bool&gt;$]. Set log level to DEBUG for details
Rebuilding local parsing plan with next candidate parser: $&lt;read_str_from_txt&gt; =&gt; &lt;base64_ascii_str_pickle_to_object&gt; -&gt; &lt;float_to_bool&gt;$
DONE Rebuilding local parsing plan for [/home/travis/build/smarie/python-parsyfiles/parsyfiles/tests/combining_parsers_converters/test_data/b64pickle-float-1.0=True.txt]. Resuming parsing...
SUCCESS parsed [/home/travis/build/smarie/python-parsyfiles/parsyfiles/tests/combining_parsers_converters/test_data/b64pickle-float-1.0=True.txt] as a [bool] successfully. Parser used was [$&lt;read_str_from_txt&gt; =&gt; &lt;base64_ascii_str_pickle_to_object&gt; -&gt; &lt;float_to_bool&gt;$]

ERROR while parsing [/home/travis/build/smarie/python-parsyfiles/parsyfiles/tests/combining_parsers_converters/test_data/b64pickle-float-1.0=True.txt] into a [bool] using [$&lt;read_str_from_txt&gt; =&gt; &lt;str_to_bool&gt;$]. Set log level to DEBUG for details
Rebuilding local parsing plan with next candidate parser: $&lt;read_str_from_txt&gt; =&gt; &lt;base64_ascii_str_pickle_to_object&gt; -&gt; &lt;float_to_bool&gt;$
DONE Rebuilding local parsing plan for [/home/travis/build/smarie/python-parsyfiles/parsyfiles/tests/combining_parsers_converters/test_data/b64pickle-float-1.0=True.txt]. Resuming parsing...
SUCCESS parsed [/home/travis/build/smarie/python-parsyfiles/parsyfiles/tests/combining_parsers_converters/test_data/b64pickle-float-1.0=True.txt] as a [bool] successfully. Parser used was [$&lt;read_str_from_txt&gt; =&gt; &lt;base64_ascii_str_pickle_to_object&gt; -&gt; &lt;float_to_bool&gt;$]

ERROR while parsing [/home/travis/build/smarie/python-parsyfiles/parsyfiles/tests/combining_parsers_converters/test_data/b64pickle-float-1.0=True.txt] into a [bool] using [$&lt;read_str_from_txt&gt; =&gt; &lt;str_to_bool&gt;$]. Set log level to DEBUG for details
Rebuilding local parsing plan with next candidate parser: $&lt;read_str_from_txt&gt; =&gt; &lt;base64_ascii_str_pickle_to_object&gt; -&gt; &lt;float_to_bool&gt;$
DONE Rebuilding local parsing plan for [/home/travis/build/smarie/python-parsyfiles/parsyfiles/tests/combining_parsers_converters/test_data/b64pickle-float-1.0=True.txt]. Resuming parsing...
SUCCESS parsed [/home/travis/build/smarie/python-parsyfiles/parsyfiles/tests/combining_parsers_converters/test_data/b64pickle-float-1.0=True.txt] as a [bool] successfully. Parser used was [$&lt;read_str_from_txt&gt; =&gt; &lt;base64_ascii_str_pickle_to_object&gt; -&gt; &lt;float_to_bool&gt;$]

ERROR while parsing [/home/travis/build/smarie/python-parsyfiles/parsyfiles/tests/combining_parsers_converters/test_data/b64pickle-float-1.0=True.txt] into a [bool] using [$&lt;read_str_from_txt&gt; =&gt; &lt;str_to_bool&gt;$]. Set log level to DEBUG for details
Rebuilding local parsing plan with next candidate parser: $&lt;read_str_from_txt&gt; =&gt; &lt;base64_ascii_str_pickle_to_object&gt; -&gt; &lt;float_to_bool&gt;$
DONE Rebuilding local parsing plan for [/home/travis/build/smarie/python-parsyfiles/parsyfiles/tests/combining_parsers_converters/test_data/b64pickle-float-1.0=True.txt]. Resuming parsing...
SUCCESS parsed [/home/travis/build/smarie/python-parsyfiles/parsyfiles/tests/combining_parsers_converters/test_data/b64pickle-float-1.0=True.txt] as a [bool] successfully. Parser used was [$&lt;read_str_from_txt&gt; =&gt; &lt;base64_ascii_str_pickle_to_object&gt; -&gt; &lt;float_to_bool&gt;$]

ERROR while parsing [/home/travis/build/smarie/python-parsyfiles/parsyfiles/tests/combining_parsers_converters/test_data/b64pickle-float-1.0=True.txt] into a [bool] using [$&lt;read_str_from_txt&gt; =&gt; &lt;str_to_bool&gt;$]. Set log level to DEBUG for details
Rebuilding local parsing plan with next candidate parser: $&lt;read_str_from_txt&gt; =&gt; &lt;base64_ascii_str_pickle_to_object&gt; -&gt; &lt;float_to_bool&gt;$
DONE Rebuilding local parsing plan for [/home/travis/build/smarie/python-parsyfiles/parsyfiles/tests/combining_parsers_converters/test_data/b64pickle-float-1.0=True.txt]. Resuming parsing...
SUCCESS parsed [/home/travis/build/smarie/python-parsyfiles/parsyfiles/tests/combining_parsers_converters/test_data/b64pickle-float-1.0=True.txt] as a [bool] successfully. Parser used was [$&lt;read_str_from_txt&gt; =&gt; &lt;base64_ascii_str_pickle_to_object&gt; -&gt; &lt;float_to_bool&gt;$]

ERROR while parsing [/home/travis/build/smarie/python-parsyfiles/parsyfiles/tests/combining_parsers_converters/test_data/b64pickle-float-1.0=True.txt] into a [bool] using [$&lt;read_str_from_txt&gt; =&gt; &lt;str_to_bool&gt;$]. Set log level to DEBUG for details
Rebuilding local parsing plan with next candidate parser: $&lt;read_str_from_txt&gt; =&gt; &lt;base64_ascii_str_pickle_to_object&gt; -&gt; &lt;float_to_bool&gt;$
DONE Rebuilding local parsing plan for [/home/travis/build/smarie/python-parsyfiles/parsyfiles/tests/combining_parsers_converters/test_data/b64pickle-float-1.0=True.txt]. Resuming parsing...
SUCCESS parsed [/home/travis/build/smarie/python-parsyfiles/parsyfiles/tests/combining_parsers_converters/test_data/b64pickle-float-1.0=True.txt] as a [bool] successfully. Parser used was [$&lt;read_str_from_txt&gt; =&gt; &lt;base64_ascii_str_pickle_to_object&gt; -&gt; &lt;float_to_bool&gt;$]

ERROR while parsing [/home/travis/build/smarie/python-parsyfiles/parsyfiles/tests/combining_parsers_converters/test_data/b64pickle-float-1.0=True.txt] into a [bool] using [$&lt;read_str_from_txt&gt; =&gt; &lt;str_to_bool&gt;$]. Set log level to DEBUG for details
Rebuilding local parsing plan with next candidate parser: $&lt;read_str_from_txt&gt; =&gt; &lt;base64_ascii_str_pickle_to_object&gt; -&gt; &lt;float_to_bool&gt;$
DONE Rebuilding local parsing plan for [/home/travis/build/smarie/python-parsyfiles/parsyfiles/tests/combining_parsers_converters/test_data/b64pickle-float-1.0=True.txt]. Resuming parsing...
SUCCESS parsed [/home/travis/build/smarie/python-parsyfiles/parsyfiles/tests/combining_parsers_converters/test_data/b64pickle-float-1.0=True.txt] as a [bool] successfully. Parser used was [$&lt;read_str_from_txt&gt; =&gt; &lt;base64_ascii_str_pickle_to_object&gt; -&gt; &lt;float_to_bool&gt;$]

ERROR while parsing [/home/travis/build/smarie/python-parsyfiles/parsyfiles/tests/combining_parsers_converters/test_data/b64pickle-float-1.0=True.txt] into a [bool] using [$&lt;read_str_from_txt&gt; =&gt; &lt;str_to_bool&gt;$]. Set log level to DEBUG for details
Rebuilding local parsing plan with next candidate parser: $&lt;read_str_from_txt&gt; =&gt; &lt;base64_ascii_str_pickle_to_object&gt; -&gt; &lt;float_to_bool&gt;$
DONE Rebuilding local parsing plan for [/home/travis/build/smarie/python-parsyfiles/parsyfiles/tests/combining_parsers_converters/test_data/b64pickle-float-1.0=True.txt]. Resuming parsing...
SUCCESS parsed [/home/travis/build/smarie/python-parsyfiles/parsyfiles/tests/combining_parsers_converters/test_data/b64pickle-float-1.0=True.txt] as a [bool] successfully. Parser used was [$&lt;read_str_from_txt&gt; =&gt; &lt;base64_ascii_str_pickle_to_object&gt; -&gt; &lt;float_to_bool&gt;$]

ERROR while parsing [/home/travis/build/smarie/python-parsyfiles/parsyfiles/tests/combining_parsers_converters/test_data/b64pickle-float-1.0=True.txt] into a [bool] using [$&lt;read_str_from_txt&gt; =&gt; &lt;str_to_bool&gt;$]. Set log level to DEBUG for details
Rebuilding local parsing plan with next candidate parser: $&lt;read_str_from_txt&gt; =&gt; &lt;base64_ascii_str_pickle_to_object&gt; -&gt; &lt;float_to_bool&gt;$
DONE Rebuilding local parsing plan for [/home/travis/build/smarie/python-parsyfiles/parsyfiles/tests/combining_parsers_converters/test_data/b64pickle-float-1.0=True.txt]. Resuming parsing...
SUCCESS parsed [/home/travis/build/smarie/python-parsyfiles/parsyfiles/tests/combining_parsers_converters/test_data/b64pickle-float-1.0=True.txt] as a [bool] successfully. Parser used was [$&lt;read_str_from_txt&gt; =&gt; &lt;base64_ascii_str_pickle_to_object&gt; -&gt; &lt;float_to_bool&gt;$]

ERROR while parsing [/home/travis/build/smarie/python-parsyfiles/parsyfiles/tests/combining_parsers_converters/test_data/b64pickle-float-1.0=True.txt] into a [bool] using [$&lt;read_str_from_txt&gt; =&gt; &lt;str_to_bool&gt;$]. Set log level to DEBUG for details
Rebuilding local parsing plan with next candidate parser: $&lt;read_str_from_txt&gt; =&gt; &lt;base64_ascii_str_pickle_to_object&gt; -&gt; &lt;float_to_bool&gt;$
DONE Rebuilding local parsing plan for [/home/travis/build/smarie/python-parsyfiles/parsyfiles/tests/combining_parsers_converters/test_data/b64pickle-float-1.0=True.txt]. Resuming parsing...
SUCCESS parsed [/home/travis/build/smarie/python-parsyfiles/parsyfiles/tests/combining_parsers_converters/test_data/b64pickle-float-1.0=True.txt] as a [bool] successfully. Parser used was [$&lt;read_str_from_txt&gt; =&gt; &lt;base64_ascii_str_pickle_to_object&gt; -&gt; &lt;float_to_bool&gt;$]

ERROR while parsing [/home/travis/build/smarie/python-parsyfiles/parsyfiles/tests/combining_parsers_converters/test_data/b64pickle-float-1.0=True.txt] into a [bool] using [$&lt;read_str_from_txt&gt; =&gt; &lt;str_to_bool&gt;$]. Set log level to DEBUG for details
Rebuilding local parsing plan with next candidate parser: $&lt;read_str_from_txt&gt; =&gt; &lt;base64_ascii_str_pickle_to_object&gt; -&gt; &lt;float_to_bool&gt;$
DONE Rebuilding local parsing plan for [/home/travis/build/smarie/python-parsyfiles/parsyfiles/tests/combining_parsers_converters/test_data/b64pickle-float-1.0=True.txt]. Resuming parsing...
SUCCESS parsed [/home/travis/build/smarie/python-parsyfiles/parsyfiles/tests/combining_parsers_converters/test_data/b64pickle-float-1.0=True.txt] as a [bool] successfully. Parser used was [$&lt;read_str_from_txt&gt; =&gt; &lt;base64_ascii_str_pickle_to_object&gt; -&gt; &lt;float_to_bool&gt;$]

ERROR while parsing [/home/travis/build/smarie/python-parsyfiles/parsyfiles/tests/combining_parsers_converters/test_data/b64pickle-float-1.0=True.txt] into a [bool] using [$&lt;read_str_from_txt&gt; =&gt; &lt;str_to_bool&gt;$]. Set log level to DEBUG for details
Rebuilding local parsing plan with next candidate parser: $&lt;read_str_from_txt&gt; =&gt; &lt;base64_ascii_str_pickle_to_object&gt; -&gt; &lt;float_to_bool&gt;$
DONE Rebuilding local parsing plan for [/home/travis/build/smarie/python-parsyfiles/parsyfiles/tests/combining_parsers_converters/test_data/b64pickle-float-1.0=True.txt]. Resuming parsing...
SUCCESS parsed [/home/travis/build/smarie/python-parsyfiles/parsyfiles/tests/combining_parsers_converters/test_data/b64pickle-float-1.0=True.txt] as a [bool] successfully. Parser used was [$&lt;read_str_from_txt&gt; =&gt; &lt;base64_ascii_str_pickle_to_object&gt; -&gt; &lt;float_to_bool&gt;$]

ERROR while parsing [/home/travis/build/smarie/python-parsyfiles/parsyfiles/tests/combining_parsers_converters/test_data/b64pickle-float-1.0=True.txt] into a [bool] using [$&lt;read_str_from_txt&gt; =&gt; &lt;str_to_bool&gt;$]. Set log level to DEBUG for details
Rebuilding local parsing plan with next candidate parser: $&lt;read_str_from_txt&gt; =&gt; &lt;base64_ascii_str_pickle_to_object&gt; -&gt; &lt;float_to_bool&gt;$
DONE Rebuilding local parsing plan for [/home/travis/build/smarie/python-parsyfiles/parsyfiles/tests/combining_parsers_converters/test_data/b64pickle-float-1.0=True.txt]. Resuming parsing...
SUCCESS parsed [/home/travis/build/smarie/python-parsyfiles/parsyfiles/tests/combining_parsers_converters/test_data/b64pickle-float-1.0=True.txt] as a [bool] successfully. Parser used was [$&lt;read_str_from_txt&gt; =&gt; &lt;base64_ascii_str_pickle_to_object&gt; -&gt; &lt;float_to_bool&gt;$]

ERROR while parsing [/home/travis/build/smarie/python-parsyfiles/parsyfiles/tests/combining_parsers_converters/test_data/b64pickle-float-1.0=True.txt] into a [bool] using [$&lt;read_str_from_txt&gt; =&gt; &lt;str_to_bool&gt;$]. Set log level to DEBUG for details
Rebuilding local parsing plan with next candidate parser: $&lt;read_str_from_txt&gt; =&gt; &lt;base64_ascii_str_pickle_to_object&gt; -&gt; &lt;float_to_bool&gt;$
DONE Rebuilding local parsing plan for [/home/travis/build/smarie/python-parsyfiles/parsyfiles/tests/combining_parsers_converters/test_data/b64pickle-float-1.0=True.txt]. Resuming parsing...
SUCCESS parsed [/home/travis/build/smarie/python-parsyfiles/parsyfiles/tests/combining_parsers_converters/test_data/b64pickle-float-1.0=True.txt] as a [bool] successfully. Parser used was [$&lt;read_str_from_txt&gt; =&gt; &lt;base64_ascii_str_pickle_to_object&gt; -&gt; &lt;float_to_bool&gt;$]

ERROR while parsing [/home/travis/build/smarie/python-parsyfiles/parsyfiles/tests/combining_parsers_converters/test_data/b64pickle-float-1.0=True.txt] into a [bool] using [$&lt;read_str_from_txt&gt; =&gt; &lt;str_to_bool&gt;$]. Set log level to DEBUG for details
Rebuilding local parsing plan with next candidate parser: $&lt;read_str_from_txt&gt; =&gt; &lt;base64_ascii_str_pickle_to_object&gt; -&gt; &lt;float_to_bool&gt;$
DONE Rebuilding local parsing plan for [/home/travis/build/smarie/python-parsyfiles/parsyfiles/tests/combining_parsers_converters/test_data/b64pickle-float-1.0=True.txt]. Resuming parsing...
SUCCESS parsed [/home/travis/build/smarie/python-parsyfiles/parsyfiles/tests/combining_parsers_converters/test_data/b64pickle-float-1.0=True.txt] as a [bool] successfully. Parser used was [$&lt;read_str_from_txt&gt; =&gt; &lt;base64_ascii_str_pickle_to_object&gt; -&gt; &lt;float_to_bool&gt;$]

ERROR while parsing [/home/travis/build/smarie/python-parsyfiles/parsyfiles/tests/combining_parsers_converters/test_data/b64pickle-float-1.0=True.txt] into a [bool] using [$&lt;read_str_from_txt&gt; =&gt; &lt;str_to_bool&gt;$]. Set log level to DEBUG for details
Rebuilding local parsing plan with next candidate parser: $&lt;read_str_from_txt&gt; =&gt; &lt;base64_ascii_str_pickle_to_object&gt; -&gt; &lt;float_to_bool&gt;$
DONE Rebuilding local parsing plan for [/home/travis/build/smarie/python-parsyfiles/parsyfiles/tests/combining_parsers_converters/test_data/b64pickle-float-1.0=True.txt]. Resuming parsing...
SUCCESS parsed [/home/travis/build/smarie/python-parsyfiles/parsyfiles/tests/combining_parsers_converters/test_data/b64pickle-float-1.0=True.txt] as a [bool] successfully. Parser used was [$&lt;read_str_from_txt&gt; =&gt; &lt;base64_ascii_str_pickle_to_object&gt; -&gt; &lt;float_to_bool&gt;$]

ERROR while parsing [/home/travis/build/smarie/python-parsyfiles/parsyfiles/tests/combining_parsers_converters/test_data/b64pickle-float-1.0=True.txt] into a [bool] using [$&lt;read_str_from_txt&gt; =&gt; &lt;str_to_bool&gt;$]. Set log level to DEBUG for details
Rebuilding local parsing plan with next candidate parser: $&lt;read_str_from_txt&gt; =&gt; &lt;base64_ascii_str_pickle_to_object&gt; -&gt; &lt;float_to_bool&gt;$
DONE Rebuilding local parsing plan for [/home/travis/build/smarie/python-parsyfiles/parsyfiles/tests/combining_parsers_converters/test_data/b64pickle-float-1.0=True.txt]. Resuming parsing...
SUCCESS parsed [/home/travis/build/smarie/python-parsyfiles/parsyfiles/tests/combining_parsers_converters/test_data/b64pickle-float-1.0=True.txt] as a [bool] successfully. Parser used was [$&lt;read_str_from_txt&gt; =&gt; &lt;base64_ascii_str_pickle_to_object&gt; -&gt; &lt;float_to_bool&gt;$]

ERROR while parsing [/home/travis/build/smarie/python-parsyfiles/parsyfiles/tests/combining_parsers_converters/test_data/b64pickle-float-1.0=True.txt] into a [bool] using [$&lt;read_str_from_txt&gt; =&gt; &lt;str_to_bool&gt;$]. Set log level to DEBUG for details
Rebuilding local parsing plan with next candidate parser: $&lt;read_str_from_txt&gt; =&gt; &lt;base64_ascii_str_pickle_to_object&gt; -&gt; &lt;float_to_bool&gt;$
DONE Rebuilding local parsing plan for [/home/travis/build/smarie/python-parsyfiles/parsyfiles/tests/combining_parsers_converters/test_data/b64pickle-float-1.0=True.txt]. Resuming parsing...
SUCCESS parsed [/home/travis/build/smarie/python-parsyfiles/parsyfiles/tests/combining_parsers_converters/test_data/b64pickle-float-1.0=True.txt] as a [bool] successfully. Parser used was [$&lt;read_str_from_txt&gt; =&gt; &lt;base64_ascii_str_pickle_to_object&gt; -&gt; &lt;float_to_bool&gt;$]

ERROR while parsing [/home/travis/build/smarie/python-parsyfiles/parsyfiles/tests/combining_parsers_converters/test_data/b64pickle-float-1.0=True.txt] into a [bool] using [$&lt;read_str_from_txt&gt; =&gt; &lt;str_to_bool&gt;$]. Set log level to DEBUG for details
Rebuilding local parsing plan with next candidate parser: $&lt;read_str_from_txt&gt; =&gt; &lt;base64_ascii_str_pickle_to_object&gt; -&gt; &lt;float_to_bool&gt;$
DONE Rebuilding local parsing plan for [/home/travis/build/smarie/python-parsyfiles/parsyfiles/tests/combining_parsers_converters/test_data/b64pickle-float-1.0=True.txt]. Resuming parsing...
SUCCESS parsed [/home/travis/build/smarie/python-parsyfiles/parsyfiles/tests/combining_parsers_converters/test_data/b64pickle-float-1.0=True.txt] as a [bool] successfully. Parser used was [$&lt;read_str_from_txt&gt; =&gt; &lt;base64_ascii_str_pickle_to_object&gt; -&gt; &lt;float_to_bool&gt;$]

ERROR while parsing [/home/travis/build/smarie/python-parsyfiles/parsyfiles/tests/combining_parsers_converters/test_data/b64pickle-float-1.0=True.txt] into a [bool] using [$&lt;read_str_from_txt&gt; =&gt; &lt;str_to_bool&gt;$]. Set log level to DEBUG for details
Rebuilding local parsing plan with next candidate parser: $&lt;read_str_from_txt&gt; =&gt; &lt;base64_ascii_str_pickle_to_object&gt; -&gt; &lt;float_to_bool&gt;$
DONE Rebuilding local parsing plan for [/home/travis/build/smarie/python-parsyfiles/parsyfiles/tests/combining_parsers_converters/test_data/b64pickle-float-1.0=True.txt]. Resuming parsing...
SUCCESS parsed [/home/travis/build/smarie/python-parsyfiles/parsyfiles/tests/combining_parsers_converters/test_data/b64pickle-float-1.0=True.txt] as a [bool] successfully. Parser used was [$&lt;read_str_from_txt&gt; =&gt; &lt;base64_ascii_str_pickle_to_object&gt; -&gt; &lt;float_to_bool&gt;$]

ERROR while parsing [/home/travis/build/smarie/python-parsyfiles/parsyfiles/tests/combining_parsers_converters/test_data/b64pickle-float-1.0=True.txt] into a [bool] using [$&lt;read_str_from_txt&gt; =&gt; &lt;str_to_bool&gt;$]. Set log level to DEBUG for details
Rebuilding local parsing plan with next candidate parser: $&lt;read_str_from_txt&gt; =&gt; &lt;base64_ascii_str_pickle_to_object&gt; -&gt; &lt;float_to_bool&gt;$
DONE Rebuilding local parsing plan for [/home/travis/build/smarie/python-parsyfiles/parsyfiles/tests/combining_parsers_converters/test_data/b64pickle-float-1.0=True.txt]. Resuming parsing...
SUCCESS parsed [/home/travis/build/smarie/python-parsyfiles/parsyfiles/tests/combining_parsers_converters/test_data/b64pickle-float-1.0=True.txt] as a [bool] successfully. Parser used was [$&lt;read_str_from_txt&gt; =&gt; &lt;base64_ascii_str_pickle_to_object&gt; -&gt; &lt;float_to_bool&gt;$]

ERROR while parsing [/home/travis/build/smarie/python-parsyfiles/parsyfiles/tests/combining_parsers_converters/test_data/b64pickle-float-1.0=True.txt] into a [bool] using [$&lt;read_str_from_txt&gt; =&gt; &lt;str_to_bool&gt;$]. Set log level to DEBUG for details
Rebuilding local parsing plan with next candidate parser: $&lt;read_str_from_txt&gt; =&gt; &lt;base64_ascii_str_pickle_to_object&gt; -&gt; &lt;float_to_bool&gt;$
DONE Rebuilding local parsing plan for [/home/travis/build/smarie/python-parsyfiles/parsyfiles/tests/combining_parsers_converters/test_data/b64pickle-float-1.0=True.txt]. Resuming parsing...
SUCCESS parsed [/home/travis/build/smarie/python-parsyfiles/parsyfiles/tests/combining_parsers_converters/test_data/b64pickle-float-1.0=True.txt] as a [bool] successfully. Parser used was [$&lt;read_str_from_txt&gt; =&gt; &lt;base64_ascii_str_pickle_to_object&gt; -&gt; &lt;float_to_bool&gt;$]

ERROR while parsing [/home/travis/build/smarie/python-parsyfiles/parsyfiles/tests/combining_parsers_converters/test_data/b64pickle-float-1.0=True.txt] into a [bool] using [$&lt;read_str_from_txt&gt; =&gt; &lt;str_to_bool&gt;$]. Set log level to DEBUG for details
Rebuilding local parsing plan with next candidate parser: $&lt;read_str_from_txt&gt; =&gt; &lt;base64_ascii_str_pickle_to_object&gt; -&gt; &lt;float_to_bool&gt;$
DONE Rebuilding local parsing plan for [/home/travis/build/smarie/python-parsyfiles/parsyfiles/tests/combining_parsers_converters/test_data/b64pickle-float-1.0=True.txt]. Resuming parsing...
SUCCESS parsed [/home/travis/build/smarie/python-parsyfiles/parsyfiles/tests/combining_parsers_converters/test_data/b64pickle-float-1.0=True.txt] as a [bool] successfully. Parser used was [$&lt;read_str_from_txt&gt; =&gt; &lt;base64_ascii_str_pickle_to_object&gt; -&gt; &lt;float_to_bool&gt;$]

ERROR while parsing [/home/travis/build/smarie/python-parsyfiles/parsyfiles/tests/combining_parsers_converters/test_data/b64pickle-float-1.0=True.txt] into a [bool] using [$&lt;read_str_from_txt&gt; =&gt; &lt;str_to_bool&gt;$]. Set log level to DEBUG for details
Rebuilding local parsing plan with next candidate parser: $&lt;read_str_from_txt&gt; =&gt; &lt;base64_ascii_str_pickle_to_object&gt; -&gt; &lt;float_to_bool&gt;$
DONE Rebuilding local parsing plan for [/home/travis/build/smarie/python-parsyfiles/parsyfiles/tests/combining_parsers_converters/test_data/b64pickle-float-1.0=True.txt]. Resuming parsing...
SUCCESS parsed [/home/travis/build/smarie/python-parsyfiles/parsyfiles/tests/combining_parsers_converters/test_data/b64pickle-float-1.0=True.txt] as a [bool] successfully. Parser used was [$&lt;read_str_from_txt&gt; =&gt; &lt;base64_ascii_str_pickle_to_object&gt; -&gt; &lt;float_to_bool&gt;$]

ERROR while parsing [/home/travis/build/smarie/python-parsyfiles/parsyfiles/tests/combining_parsers_converters/test_data/b64pickle-float-1.0=True.txt] into a [bool] using [$&lt;read_str_from_txt&gt; =&gt; &lt;str_to_bool&gt;$]. Set log level to DEBUG for details
Rebuilding local parsing plan with next candidate parser: $&lt;read_str_from_txt&gt; =&gt; &lt;base64_ascii_str_pickle_to_object&gt; -&gt; &lt;float_to_bool&gt;$
DONE Rebuilding local parsing plan for [/home/travis/build/smarie/python-parsyfiles/parsyfiles/tests/combining_parsers_converters/test_data/b64pickle-float-1.0=True.txt]. Resuming parsing...
SUCCESS parsed [/home/travis/build/smarie/python-parsyfiles/parsyfiles/tests/combining_parsers_converters/test_data/b64pickle-float-1.0=True.txt] as a [bool] successfully. Parser used was [$&lt;read_str_from_txt&gt; =&gt; &lt;base64_ascii_str_pickle_to_object&gt; -&gt; &lt;float_to_bool&gt;$]

ERROR while parsing [/home/travis/build/smarie/python-parsyfiles/parsyfiles/tests/combining_parsers_converters/test_data/b64pickle-float-1.0=True.txt] into a [bool] using [$&lt;read_str_from_txt&gt; =&gt; &lt;str_to_bool&gt;$]. Set log level to DEBUG for details
Rebuilding local parsing plan with next candidate parser: $&lt;read_str_from_txt&gt; =&gt; &lt;base64_ascii_str_pickle_to_object&gt; -&gt; &lt;float_to_bool&gt;$
DONE Rebuilding local parsing plan for [/home/travis/build/smarie/python-parsyfiles/parsyfiles/tests/combining_parsers_converters/test_data/b64pickle-float-1.0=True.txt]. Resuming parsing...
SUCCESS parsed [/home/travis/build/smarie/python-parsyfiles/parsyfiles/tests/combining_parsers_converters/test_data/b64pickle-float-1.0=True.txt] as a [bool] successfully. Parser used was [$&lt;read_str_from_txt&gt; =&gt; &lt;base64_ascii_str_pickle_to_object&gt; -&gt; &lt;float_to_bool&gt;$]

ERROR while parsing [/home/travis/build/smarie/python-parsyfiles/parsyfiles/tests/combining_parsers_converters/test_data/b64pickle-float-1.0=True.txt] into a [bool] using [$&lt;read_str_from_txt&gt; =&gt; &lt;str_to_bool&gt;$]. Set log level to DEBUG for details
Rebuilding local parsing plan with next candidate parser: $&lt;read_str_from_txt&gt; =&gt; &lt;base64_ascii_str_pickle_to_object&gt; -&gt; &lt;float_to_bool&gt;$
DONE Rebuilding local parsing plan for [/home/travis/build/smarie/python-parsyfiles/parsyfiles/tests/combining_parsers_converters/test_data/b64pickle-float-1.0=True.txt]. Resuming parsing...
SUCCESS parsed [/home/travis/build/smarie/python-parsyfiles/parsyfiles/tests/combining_parsers_converters/test_data/b64pickle-float-1.0=True.txt] as a [bool] successfully. Parser used was [$&lt;read_str_from_txt&gt; =&gt; &lt;base64_ascii_str_pickle_to_object&gt; -&gt; &lt;float_to_bool&gt;$]

ERROR while parsing [/home/travis/build/smarie/python-parsyfiles/parsyfiles/tests/combining_parsers_converters/test_data/b64pickle-float-1.0=True.txt] into a [bool] using [$&lt;read_str_from_txt&gt; =&gt; &lt;str_to_bool&gt;$]. Set log level to DEBUG for details
Rebuilding local parsing plan with next candidate parser: $&lt;read_str_from_txt&gt; =&gt; &lt;base64_ascii_str_pickle_to_object&gt; -&gt; &lt;float_to_bool&gt;$
DONE Rebuilding local parsing plan for [/home/travis/build/smarie/python-parsyfiles/parsyfiles/tests/combining_parsers_converters/test_data/b64pickle-float-1.0=True.txt]. Resuming parsing...
SUCCESS parsed [/home/travis/build/smarie/python-parsyfiles/parsyfiles/tests/combining_parsers_converters/test_data/b64pickle-float-1.0=True.txt] as a [bool] successfully. Parser used was [$&lt;read_str_from_txt&gt; =&gt; &lt;base64_ascii_str_pickle_to_object&gt; -&gt; &lt;float_to_bool&gt;$]

ERROR while parsing [/home/travis/build/smarie/python-parsyfiles/parsyfiles/tests/combining_parsers_converters/test_data/b64pickle-float-1.0=True.txt] into a [bool] using [$&lt;read_str_from_txt&gt; =&gt; &lt;str_to_bool&gt;$]. Set log level to DEBUG for details
Rebuilding local parsing plan with next candidate parser: $&lt;read_str_from_txt&gt; =&gt; &lt;base64_ascii_str_pickle_to_object&gt; -&gt; &lt;float_to_bool&gt;$
DONE Rebuilding local parsing plan for [/home/travis/build/smarie/python-parsyfiles/parsyfiles/tests/combining_parsers_converters/test_data/b64pickle-float-1.0=True.txt]. Resuming parsing...
SUCCESS parsed [/home/travis/build/smarie/python-parsyfiles/parsyfiles/tests/combining_parsers_converters/test_data/b64pickle-float-1.0=True.txt] as a [bool] successfully. Parser used was [$&lt;read_str_from_txt&gt; =&gt; &lt;base64_ascii_str_pickle_to_object&gt; -&gt; &lt;float_to_bool&gt;$]

ERROR while parsing [/home/travis/build/smarie/python-parsyfiles/parsyfiles/tests/combining_parsers_converters/test_data/b64pickle-float-1.0=True.txt] into a [bool] using [$&lt;read_str_from_txt&gt; =&gt; &lt;str_to_bool&gt;$]. Set log level to DEBUG for details
Rebuilding local parsing plan with next candidate parser: $&lt;read_str_from_txt&gt; =&gt; &lt;base64_ascii_str_pickle_to_object&gt; -&gt; &lt;float_to_bool&gt;$
DONE Rebuilding local parsing plan for [/home/travis/build/smarie/python-parsyfiles/parsyfiles/tests/combining_parsers_converters/test_data/b64pickle-float-1.0=True.txt]. Resuming parsing...
SUCCESS parsed [/home/travis/build/smarie/python-parsyfiles/parsyfiles/tests/combining_parsers_converters/test_data/b64pickle-float-1.0=True.txt] as a [bool] successfully. Parser used was [$&lt;read_str_from_txt&gt; =&gt; &lt;base64_ascii_str_pickle_to_object&gt; -&gt; &lt;float_to_bool&gt;$]

ERROR while parsing [/home/travis/build/smarie/python-parsyfiles/parsyfiles/tests/combining_parsers_converters/test_data/b64pickle-float-1.0=True.txt] into a [bool] using [$&lt;read_str_from_txt&gt; =&gt; &lt;str_to_bool&gt;$]. Set log level to DEBUG for details
Rebuilding local parsing plan with next candidate parser: $&lt;read_str_from_txt&gt; =&gt; &lt;base64_ascii_str_pickle_to_object&gt; -&gt; &lt;float_to_bool&gt;$
DONE Rebuilding local parsing plan for [/home/travis/build/smarie/python-parsyfiles/parsyfiles/tests/combining_parsers_converters/test_data/b64pickle-float-1.0=True.txt]. Resuming parsing...
SUCCESS parsed [/home/travis/build/smarie/python-parsyfiles/parsyfiles/tests/combining_parsers_converters/test_data/b64pickle-float-1.0=True.txt] as a [bool] successfully. Parser used was [$&lt;read_str_from_txt&gt; =&gt; &lt;base64_ascii_str_pickle_to_object&gt; -&gt; &lt;float_to_bool&gt;$]

ERROR while parsing [/home/travis/build/smarie/python-parsyfiles/parsyfiles/tests/combining_parsers_converters/test_data/b64pickle-float-1.0=True.txt] into a [bool] using [$&lt;read_str_from_txt&gt; =&gt; &lt;str_to_bool&gt;$]. Set log level to DEBUG for details
Rebuilding local parsing plan with next candidate parser: $&lt;read_str_from_txt&gt; =&gt; &lt;base64_ascii_str_pickle_to_object&gt; -&gt; &lt;float_to_bool&gt;$
DONE Rebuilding local parsing plan for [/home/travis/build/smarie/python-parsyfiles/parsyfiles/tests/combining_parsers_converters/test_data/b64pickle-float-1.0=True.txt]. Resuming parsing...
SUCCESS parsed [/home/travis/build/smarie/python-parsyfiles/parsyfiles/tests/combining_parsers_converters/test_data/b64pickle-float-1.0=True.txt] as a [bool] successfully. Parser used was [$&lt;read_str_from_txt&gt; =&gt; &lt;base64_ascii_str_pickle_to_object&gt; -&gt; &lt;float_to_bool&gt;$]

ERROR while parsing [/home/travis/build/smarie/python-parsyfiles/parsyfiles/tests/combining_parsers_converters/test_data/b64pickle-float-1.0=True.txt] into a [bool] using [$&lt;read_str_from_txt&gt; =&gt; &lt;str_to_bool&gt;$]. Set log level to DEBUG for details
Rebuilding local parsing plan with next candidate parser: $&lt;read_str_from_txt&gt; =&gt; &lt;base64_ascii_str_pickle_to_object&gt; -&gt; &lt;float_to_bool&gt;$
DONE Rebuilding local parsing plan for [/home/travis/build/smarie/python-parsyfiles/parsyfiles/tests/combining_parsers_converters/test_data/b64pickle-float-1.0=True.txt]. Resuming parsing...
SUCCESS parsed [/home/travis/build/smarie/python-parsyfiles/parsyfiles/tests/combining_parsers_converters/test_data/b64pickle-float-1.0=True.txt] as a [bool] successfully. Parser used was [$&lt;read_str_from_txt&gt; =&gt; &lt;base64_ascii_str_pickle_to_object&gt; -&gt; &lt;float_to_bool&gt;$]

ERROR while parsing [/home/travis/build/smarie/python-parsyfiles/parsyfiles/tests/combining_parsers_converters/test_data/b64pickle-float-1.0=True.txt] into a [bool] using [$&lt;read_str_from_txt&gt; =&gt; &lt;str_to_bool&gt;$]. Set log level to DEBUG for details
Rebuilding local parsing plan with next candidate parser: $&lt;read_str_from_txt&gt; =&gt; &lt;base64_ascii_str_pickle_to_object&gt; -&gt; &lt;float_to_bool&gt;$
DONE Rebuilding local parsing plan for [/home/travis/build/smarie/python-parsyfiles/parsyfiles/tests/combining_parsers_converters/test_data/b64pickle-float-1.0=True.txt]. Resuming parsing...
SUCCESS parsed [/home/travis/build/smarie/python-parsyfiles/parsyfiles/tests/combining_parsers_converters/test_data/b64pickle-float-1.0=True.txt] as a [bool] successfully. Parser used was [$&lt;read_str_from_txt&gt; =&gt; &lt;base64_ascii_str_pickle_to_object&gt; -&gt; &lt;float_to_bool&gt;$]

ERROR while parsing [/home/travis/build/smarie/python-parsyfiles/parsyfiles/tests/combining_parsers_converters/test_data/b64pickle-float-1.0=True.txt] into a [bool] using [$&lt;read_str_from_txt&gt; =&gt; &lt;str_to_bool&gt;$]. Set log level to DEBUG for details
Rebuilding local parsing plan with next candidate parser: $&lt;read_str_from_txt&gt; =&gt; &lt;base64_ascii_str_pickle_to_object&gt; -&gt; &lt;float_to_bool&gt;$
DONE Rebuilding local parsing plan for [/home/travis/build/smarie/python-parsyfiles/parsyfiles/tests/combining_parsers_converters/test_data/b64pickle-float-1.0=True.txt]. Resuming parsing...
SUCCESS parsed [/home/travis/build/smarie/python-parsyfiles/parsyfiles/tests/combining_parsers_converters/test_data/b64pickle-float-1.0=True.txt] as a [bool] successfully. Parser used was [$&lt;read_str_from_txt&gt; =&gt; &lt;base64_ascii_str_pickle_to_object&gt; -&gt; &lt;float_to_bool&gt;$]

ERROR while parsing [/home/travis/build/smarie/python-parsyfiles/parsyfiles/tests/combining_parsers_converters/test_data/b64pickle-float-1.0=True.txt] into a [bool] using [$&lt;read_str_from_txt&gt; =&gt; &lt;str_to_bool&gt;$]. Set log level to DEBUG for details
Rebuilding local parsing plan with next candidate parser: $&lt;read_str_from_txt&gt; =&gt; &lt;base64_ascii_str_pickle_to_object&gt; -&gt; &lt;float_to_bool&gt;$
DONE Rebuilding local parsing plan for [/home/travis/build/smarie/python-parsyfiles/parsyfiles/tests/combining_parsers_converters/test_data/b64pickle-float-1.0=True.txt]. Resuming parsing...
SUCCESS parsed [/home/travis/build/smarie/python-parsyfiles/parsyfiles/tests/combining_parsers_converters/test_data/b64pickle-float-1.0=True.txt] as a [bool] successfully. Parser used was [$&lt;read_str_from_txt&gt; =&gt; &lt;base64_ascii_str_pickle_to_object&gt; -&gt; &lt;float_to_bool&gt;$]

ERROR while parsing [/home/travis/build/smarie/python-parsyfiles/parsyfiles/tests/combining_parsers_converters/test_data/b64pickle-float-1.0=True.txt] into a [bool] using [$&lt;read_str_from_txt&gt; =&gt; &lt;str_to_bool&gt;$]. Set log level to DEBUG for details
Rebuilding local parsing plan with next candidate parser: $&lt;read_str_from_txt&gt; =&gt; &lt;base64_ascii_str_pickle_to_object&gt; -&gt; &lt;float_to_bool&gt;$
DONE Rebuilding local parsing plan for [/home/travis/build/smarie/python-parsyfiles/parsyfiles/tests/combining_parsers_converters/test_data/b64pickle-float-1.0=True.txt]. Resuming parsing...
SUCCESS parsed [/home/travis/build/smarie/python-parsyfiles/parsyfiles/tests/combining_parsers_converters/test_data/b64pickle-float-1.0=True.txt] as a [bool] successfully. Parser used was [$&lt;read_str_from_txt&gt; =&gt; &lt;base64_ascii_str_pickle_to_object&gt; -&gt; &lt;float_to_bool&gt;$]

ERROR while parsing [/home/travis/build/smarie/python-parsyfiles/parsyfiles/tests/combining_parsers_converters/test_data/b64pickle-float-1.0=True.txt] into a [bool] using [$&lt;read_str_from_txt&gt; =&gt; &lt;str_to_bool&gt;$]. Set log level to DEBUG for details
Rebuilding local parsing plan with next candidate parser: $&lt;read_str_from_txt&gt; =&gt; &lt;base64_ascii_str_pickle_to_object&gt; -&gt; &lt;float_to_bool&gt;$
DONE Rebuilding local parsing plan for [/home/travis/build/smarie/python-parsyfiles/parsyfiles/tests/combining_parsers_converters/test_data/b64pickle-float-1.0=True.txt]. Resuming parsing...
SUCCESS parsed [/home/travis/build/smarie/python-parsyfiles/parsyfiles/tests/combining_parsers_converters/test_data/b64pickle-float-1.0=True.txt] as a [bool] successfully. Parser used was [$&lt;read_str_from_txt&gt; =&gt; &lt;base64_ascii_str_pickle_to_object&gt; -&gt; &lt;float_to_bool&gt;$]

ERROR while parsing [/home/travis/build/smarie/python-parsyfiles/parsyfiles/tests/combining_parsers_converters/test_data/b64pickle-float-1.0=True.txt] into a [bool] using [$&lt;read_str_from_txt&gt; =&gt; &lt;str_to_bool&gt;$]. Set log level to DEBUG for details
Rebuilding local parsing plan with next candidate parser: $&lt;read_str_from_txt&gt; =&gt; &lt;base64_ascii_str_pickle_to_object&gt; -&gt; &lt;float_to_bool&gt;$
DONE Rebuilding local parsing plan for [/home/travis/build/smarie/python-parsyfiles/parsyfiles/tests/combining_parsers_converters/test_data/b64pickle-float-1.0=True.txt]. Resuming parsing...
SUCCESS parsed [/home/travis/build/smarie/python-parsyfiles/parsyfiles/tests/combining_parsers_converters/test_data/b64pickle-float-1.0=True.txt] as a [bool] successfully. Parser used was [$&lt;read_str_from_txt&gt; =&gt; &lt;base64_ascii_str_pickle_to_object&gt; -&gt; &lt;float_to_bool&gt;$]

ERROR while parsing [/home/travis/build/smarie/python-parsyfiles/parsyfiles/tests/combining_parsers_converters/test_data/b64pickle-float-1.0=True.txt] into a [bool] using [$&lt;read_str_from_txt&gt; =&gt; &lt;str_to_bool&gt;$]. Set log level to DEBUG for details
Rebuilding local parsing plan with next candidate parser: $&lt;read_str_from_txt&gt; =&gt; &lt;base64_ascii_str_pickle_to_object&gt; -&gt; &lt;float_to_bool&gt;$
DONE Rebuilding local parsing plan for [/home/travis/build/smarie/python-parsyfiles/parsyfiles/tests/combining_parsers_converters/test_data/b64pickle-float-1.0=True.txt]. Resuming parsing...
SUCCESS parsed [/home/travis/build/smarie/python-parsyfiles/parsyfiles/tests/combining_parsers_converters/test_data/b64pickle-float-1.0=True.txt] as a [bool] successfully. Parser used was [$&lt;read_str_from_txt&gt; =&gt; &lt;base64_ascii_str_pickle_to_object&gt; -&gt; &lt;float_to_bool&gt;$]

ERROR while parsing [/home/travis/build/smarie/python-parsyfiles/parsyfiles/tests/combining_parsers_converters/test_data/b64pickle-float-1.0=True.txt] into a [bool] using [$&lt;read_str_from_txt&gt; =&gt; &lt;str_to_bool&gt;$]. Set log level to DEBUG for details
Rebuilding local parsing plan with next candidate parser: $&lt;read_str_from_txt&gt; =&gt; &lt;base64_ascii_str_pickle_to_object&gt; -&gt; &lt;float_to_bool&gt;$
DONE Rebuilding local parsing plan for [/home/travis/build/smarie/python-parsyfiles/parsyfiles/tests/combining_parsers_converters/test_data/b64pickle-float-1.0=True.txt]. Resuming parsing...
SUCCESS parsed [/home/travis/build/smarie/python-parsyfiles/parsyfiles/tests/combining_parsers_converters/test_data/b64pickle-float-1.0=True.txt] as a [bool] successfully. Parser used was [$&lt;read_str_from_txt&gt; =&gt; &lt;base64_ascii_str_pickle_to_object&gt; -&gt; &lt;float_to_bool&gt;$]

ERROR while parsing [/home/travis/build/smarie/python-parsyfiles/parsyfiles/tests/combining_parsers_converters/test_data/b64pickle-float-1.0=True.txt] into a [bool] using [$&lt;read_str_from_txt&gt; =&gt; &lt;str_to_bool&gt;$]. Set log level to DEBUG for details
Rebuilding local parsing plan with next candidate parser: $&lt;read_str_from_txt&gt; =&gt; &lt;base64_ascii_str_pickle_to_object&gt; -&gt; &lt;float_to_bool&gt;$
DONE Rebuilding local parsing plan for [/home/travis/build/smarie/python-parsyfiles/parsyfiles/tests/combining_parsers_converters/test_data/b64pickle-float-1.0=True.txt]. Resuming parsing...
SUCCESS parsed [/home/travis/build/smarie/python-parsyfiles/parsyfiles/tests/combining_parsers_converters/test_data/b64pickle-float-1.0=True.txt] as a [bool] successfully. Parser used was [$&lt;read_str_from_txt&gt; =&gt; &lt;base64_ascii_str_pickle_to_object&gt; -&gt; &lt;float_to_bool&gt;$]

ERROR while parsing [/home/travis/build/smarie/python-parsyfiles/parsyfiles/tests/combining_parsers_converters/test_data/b64pickle-float-1.0=True.txt] into a [bool] using [$&lt;read_str_from_txt&gt; =&gt; &lt;str_to_bool&gt;$]. Set log level to DEBUG for details
Rebuilding local parsing plan with next candidate parser: $&lt;read_str_from_txt&gt; =&gt; &lt;base64_ascii_str_pickle_to_object&gt; -&gt; &lt;float_to_bool&gt;$
DONE Rebuilding local parsing plan for [/home/travis/build/smarie/python-parsyfiles/parsyfiles/tests/combining_parsers_converters/test_data/b64pickle-float-1.0=True.txt]. Resuming parsing...
SUCCESS parsed [/home/travis/build/smarie/python-parsyfiles/parsyfiles/tests/combining_parsers_converters/test_data/b64pickle-float-1.0=True.txt] as a [bool] successfully. Parser used was [$&lt;read_str_from_txt&gt; =&gt; &lt;base64_ascii_str_pickle_to_object&gt; -&gt; &lt;float_to_bool&gt;$]

ERROR while parsing [/home/travis/build/smarie/python-parsyfiles/parsyfiles/tests/combining_parsers_converters/test_data/b64pickle-float-1.0=True.txt] into a [bool] using [$&lt;read_str_from_txt&gt; =&gt; &lt;str_to_bool&gt;$]. Set log level to DEBUG for details
Rebuilding local parsing plan with next candidate parser: $&lt;read_str_from_txt&gt; =&gt; &lt;base64_ascii_str_pickle_to_object&gt; -&gt; &lt;float_to_bool&gt;$
DONE Rebuilding local parsing plan for [/home/travis/build/smarie/python-parsyfiles/parsyfiles/tests/combining_parsers_converters/test_data/b64pickle-float-1.0=True.txt]. Resuming parsing...
SUCCESS parsed [/home/travis/build/smarie/python-parsyfiles/parsyfiles/tests/combining_parsers_converters/test_data/b64pickle-float-1.0=True.txt] as a [bool] successfully. Parser used was [$&lt;read_str_from_txt&gt; =&gt; &lt;base64_ascii_str_pickle_to_object&gt; -&gt; &lt;float_to_bool&gt;$]

ERROR while parsing [/home/travis/build/smarie/python-parsyfiles/parsyfiles/tests/combining_parsers_converters/test_data/b64pickle-float-1.0=True.txt] into a [bool] using [$&lt;read_str_from_txt&gt; =&gt; &lt;str_to_bool&gt;$]. Set log level to DEBUG for details
Rebuilding local parsing plan with next candidate parser: $&lt;read_str_from_txt&gt; =&gt; &lt;base64_ascii_str_pickle_to_object&gt; -&gt; &lt;float_to_bool&gt;$
DONE Rebuilding local parsing plan for [/home/travis/build/smarie/python-parsyfiles/parsyfiles/tests/combining_parsers_converters/test_data/b64pickle-float-1.0=True.txt]. Resuming parsing...
SUCCESS parsed [/home/travis/build/smarie/python-parsyfiles/parsyfiles/tests/combining_parsers_converters/test_data/b64pickle-float-1.0=True.txt] as a [bool] successfully. Parser used was [$&lt;read_str_from_txt&gt; =&gt; &lt;base64_ascii_str_pickle_to_object&gt; -&gt; &lt;float_to_bool&gt;$]

ERROR while parsing [/home/travis/build/smarie/python-parsyfiles/parsyfiles/tests/combining_parsers_converters/test_data/b64pickle-float-1.0=True.txt] into a [bool] using [$&lt;read_str_from_txt&gt; =&gt; &lt;str_to_bool&gt;$]. Set log level to DEBUG for details
Rebuilding local parsing plan with next candidate parser: $&lt;read_str_from_txt&gt; =&gt; &lt;base64_ascii_str_pickle_to_object&gt; -&gt; &lt;float_to_bool&gt;$
DONE Rebuilding local parsing plan for [/home/travis/build/smarie/python-parsyfiles/parsyfiles/tests/combining_parsers_converters/test_data/b64pickle-float-1.0=True.txt]. Resuming parsing...
SUCCESS parsed [/home/travis/build/smarie/python-parsyfiles/parsyfiles/tests/combining_parsers_converters/test_data/b64pickle-float-1.0=True.txt] as a [bool] successfully. Parser used was [$&lt;read_str_from_txt&gt; =&gt; &lt;base64_ascii_str_pickle_to_object&gt; -&gt; &lt;float_to_bool&gt;$]

ERROR while parsing [/home/travis/build/smarie/python-parsyfiles/parsyfiles/tests/combining_parsers_converters/test_data/b64pickle-float-1.0=True.txt] into a [bool] using [$&lt;read_str_from_txt&gt; =&gt; &lt;str_to_bool&gt;$]. Set log level to DEBUG for details
Rebuilding local parsing plan with next candidate parser: $&lt;read_str_from_txt&gt; =&gt; &lt;base64_ascii_str_pickle_to_object&gt; -&gt; &lt;float_to_bool&gt;$
DONE Rebuilding local parsing plan for [/home/travis/build/smarie/python-parsyfiles/parsyfiles/tests/combining_parsers_converters/test_data/b64pickle-float-1.0=True.txt]. Resuming parsing...
SUCCESS parsed [/home/travis/build/smarie/python-parsyfiles/parsyfiles/tests/combining_parsers_converters/test_data/b64pickle-float-1.0=True.txt] as a [bool] successfully. Parser used was [$&lt;read_str_from_txt&gt; =&gt; &lt;base64_ascii_str_pickle_to_object&gt; -&gt; &lt;float_to_bool&gt;$]

ERROR while parsing [/home/travis/build/smarie/python-parsyfiles/parsyfiles/tests/combining_parsers_converters/test_data/b64pickle-float-1.0=True.txt] into a [bool] using [$&lt;read_str_from_txt&gt; =&gt; &lt;str_to_bool&gt;$]. Set log level to DEBUG for details
Rebuilding local parsing plan with next candidate parser: $&lt;read_str_from_txt&gt; =&gt; &lt;base64_ascii_str_pickle_to_object&gt; -&gt; &lt;float_to_bool&gt;$
DONE Rebuilding local parsing plan for [/home/travis/build/smarie/python-parsyfiles/parsyfiles/tests/combining_parsers_converters/test_data/b64pickle-float-1.0=True.txt]. Resuming parsing...
SUCCESS parsed [/home/travis/build/smarie/python-parsyfiles/parsyfiles/tests/combining_parsers_converters/test_data/b64pickle-float-1.0=True.txt] as a [bool] successfully. Parser used was [$&lt;read_str_from_txt&gt; =&gt; &lt;base64_ascii_str_pickle_to_object&gt; -&gt; &lt;float_to_bool&gt;$]

ERROR while parsing [/home/travis/build/smarie/python-parsyfiles/parsyfiles/tests/combining_parsers_converters/test_data/b64pickle-float-1.0=True.txt] into a [bool] using [$&lt;read_str_from_txt&gt; =&gt; &lt;str_to_bool&gt;$]. Set log level to DEBUG for details
Rebuilding local parsing plan with next candidate parser: $&lt;read_str_from_txt&gt; =&gt; &lt;base64_ascii_str_pickle_to_object&gt; -&gt; &lt;float_to_bool&gt;$
DONE Rebuilding local parsing plan for [/home/travis/build/smarie/python-parsyfiles/parsyfiles/tests/combining_parsers_converters/test_data/b64pickle-float-1.0=True.txt]. Resuming parsing...
SUCCESS parsed [/home/travis/build/smarie/python-parsyfiles/parsyfiles/tests/combining_parsers_converters/test_data/b64pickle-float-1.0=True.txt] as a [bool] successfully. Parser used was [$&lt;read_str_from_txt&gt; =&gt; &lt;base64_ascii_str_pickle_to_object&gt; -&gt; &lt;float_to_bool&gt;$]

ERROR while parsing [/home/travis/build/smarie/python-parsyfiles/parsyfiles/tests/combining_parsers_converters/test_data/b64pickle-float-1.0=True.txt] into a [bool] using [$&lt;read_str_from_txt&gt; =&gt; &lt;str_to_bool&gt;$]. Set log level to DEBUG for details
Rebuilding local parsing plan with next candidate parser: $&lt;read_str_from_txt&gt; =&gt; &lt;base64_ascii_str_pickle_to_object&gt; -&gt; &lt;float_to_bool&gt;$
DONE Rebuilding local parsing plan for [/home/travis/build/smarie/python-parsyfiles/parsyfiles/tests/combining_parsers_converters/test_data/b64pickle-float-1.0=True.txt]. Resuming parsing...
SUCCESS parsed [/home/travis/build/smarie/python-parsyfiles/parsyfiles/tests/combining_parsers_converters/test_data/b64pickle-float-1.0=True.txt] as a [bool] successfully. Parser used was [$&lt;read_str_from_txt&gt; =&gt; &lt;base64_ascii_str_pickle_to_object&gt; -&gt; &lt;float_to_bool&gt;$]

ERROR while parsing [/home/travis/build/smarie/python-parsyfiles/parsyfiles/tests/combining_parsers_converters/test_data/b64pickle-float-1.0=True.txt] into a [bool] using [$&lt;read_str_from_txt&gt; =&gt; &lt;str_to_bool&gt;$]. Set log level to DEBUG for details
Rebuilding local parsing plan with next candidate parser: $&lt;read_str_from_txt&gt; =&gt; &lt;base64_ascii_str_pickle_to_object&gt; -&gt; &lt;float_to_bool&gt;$
DONE Rebuilding local parsing plan for [/home/travis/build/smarie/python-parsyfiles/parsyfiles/tests/combining_parsers_converters/test_data/b64pickle-float-1.0=True.txt]. Resuming parsing...
SUCCESS parsed [/home/travis/build/smarie/python-parsyfiles/parsyfiles/tests/combining_parsers_converters/test_data/b64pickle-float-1.0=True.txt] as a [bool] successfully. Parser used was [$&lt;read_str_from_txt&gt; =&gt; &lt;base64_ascii_str_pickle_to_object&gt; -&gt; &lt;float_to_bool&gt;$]

ERROR while parsing [/home/travis/build/smarie/python-parsyfiles/parsyfiles/tests/combining_parsers_converters/test_data/b64pickle-float-1.0=True.txt] into a [bool] using [$&lt;read_str_from_txt&gt; =&gt; &lt;str_to_bool&gt;$]. Set log level to DEBUG for details
Rebuilding local parsing plan with next candidate parser: $&lt;read_str_from_txt&gt; =&gt; &lt;base64_ascii_str_pickle_to_object&gt; -&gt; &lt;float_to_bool&gt;$
DONE Rebuilding local parsing plan for [/home/travis/build/smarie/python-parsyfiles/parsyfiles/tests/combining_parsers_converters/test_data/b64pickle-float-1.0=True.txt]. Resuming parsing...
SUCCESS parsed [/home/travis/build/smarie/python-parsyfiles/parsyfiles/tests/combining_parsers_converters/test_data/b64pickle-float-1.0=True.txt] as a [bool] successfully. Parser used was [$&lt;read_str_from_txt&gt; =&gt; &lt;base64_ascii_str_pickle_to_object&gt; -&gt; &lt;float_to_bool&gt;$]

ERROR while parsing [/home/travis/build/smarie/python-parsyfiles/parsyfiles/tests/combining_parsers_converters/test_data/b64pickle-float-1.0=True.txt] into a [bool] using [$&lt;read_str_from_txt&gt; =&gt; &lt;str_to_bool&gt;$]. Set log level to DEBUG for details
Rebuilding local parsing plan with next candidate parser: $&lt;read_str_from_txt&gt; =&gt; &lt;base64_ascii_str_pickle_to_object&gt; -&gt; &lt;float_to_bool&gt;$
DONE Rebuilding local parsing plan for [/home/travis/build/smarie/python-parsyfiles/parsyfiles/tests/combining_parsers_converters/test_data/b64pickle-float-1.0=True.txt]. Resuming parsing...
SUCCESS parsed [/home/travis/build/smarie/python-parsyfiles/parsyfiles/tests/combining_parsers_converters/test_data/b64pickle-float-1.0=True.txt] as a [bool] successfully. Parser used was [$&lt;read_str_from_txt&gt; =&gt; &lt;base64_ascii_str_pickle_to_object&gt; -&gt; &lt;float_to_bool&gt;$]

ERROR while parsing [/home/travis/build/smarie/python-parsyfiles/parsyfiles/tests/combining_parsers_converters/test_data/b64pickle-float-1.0=True.txt] into a [bool] using [$&lt;read_str_from_txt&gt; =&gt; &lt;str_to_bool&gt;$]. Set log level to DEBUG for details
Rebuilding local parsing plan with next candidate parser: $&lt;read_str_from_txt&gt; =&gt; &lt;base64_ascii_str_pickle_to_object&gt; -&gt; &lt;float_to_bool&gt;$
DONE Rebuilding local parsing plan for [/home/travis/build/smarie/python-parsyfiles/parsyfiles/tests/combining_parsers_converters/test_data/b64pickle-float-1.0=True.txt]. Resuming parsing...
SUCCESS parsed [/home/travis/build/smarie/python-parsyfiles/parsyfiles/tests/combining_parsers_converters/test_data/b64pickle-float-1.0=True.txt] as a [bool] successfully. Parser used was [$&lt;read_str_from_txt&gt; =&gt; &lt;base64_ascii_str_pickle_to_object&gt; -&gt; &lt;float_to_bool&gt;$]

ERROR while parsing [/home/travis/build/smarie/python-parsyfiles/parsyfiles/tests/combining_parsers_converters/test_data/b64pickle-float-1.0=True.txt] into a [bool] using [$&lt;read_str_from_txt&gt; =&gt; &lt;str_to_bool&gt;$]. Set log level to DEBUG for details
Rebuilding local parsing plan with next candidate parser: $&lt;read_str_from_txt&gt; =&gt; &lt;base64_ascii_str_pickle_to_object&gt; -&gt; &lt;float_to_bool&gt;$
DONE Rebuilding local parsing plan for [/home/travis/build/smarie/python-parsyfiles/parsyfiles/tests/combining_parsers_converters/test_data/b64pickle-float-1.0=True.txt]. Resuming parsing...
SUCCESS parsed [/home/travis/build/smarie/python-parsyfiles/parsyfiles/tests/combining_parsers_converters/test_data/b64pickle-float-1.0=True.txt] as a [bool] successfully. Parser used was [$&lt;read_str_from_txt&gt; =&gt; &lt;base64_ascii_str_pickle_to_object&gt; -&gt; &lt;float_to_bool&gt;$]

ERROR while parsing [/home/travis/build/smarie/python-parsyfiles/parsyfiles/tests/combining_parsers_converters/test_data/b64pickle-float-1.0=True.txt] into a [bool] using [$&lt;read_str_from_txt&gt; =&gt; &lt;str_to_bool&gt;$]. Set log level to DEBUG for details
Rebuilding local parsing plan with next candidate parser: $&lt;read_str_from_txt&gt; =&gt; &lt;base64_ascii_str_pickle_to_object&gt; -&gt; &lt;float_to_bool&gt;$
DONE Rebuilding local parsing plan for [/home/travis/build/smarie/python-parsyfiles/parsyfiles/tests/combining_parsers_converters/test_data/b64pickle-float-1.0=True.txt]. Resuming parsing...
SUCCESS parsed [/home/travis/build/smarie/python-parsyfiles/parsyfiles/tests/combining_parsers_converters/test_data/b64pickle-float-1.0=True.txt] as a [bool] successfully. Parser used was [$&lt;read_str_from_txt&gt; =&gt; &lt;base64_ascii_str_pickle_to_object&gt; -&gt; &lt;float_to_bool&gt;$]

ERROR while parsing [/home/travis/build/smarie/python-parsyfiles/parsyfiles/tests/combining_parsers_converters/test_data/b64pickle-float-1.0=True.txt] into a [bool] using [$&lt;read_str_from_txt&gt; =&gt; &lt;str_to_bool&gt;$]. Set log level to DEBUG for details
Rebuilding local parsing plan with next candidate parser: $&lt;read_str_from_txt&gt; =&gt; &lt;base64_ascii_str_pickle_to_object&gt; -&gt; &lt;float_to_bool&gt;$
DONE Rebuilding local parsing plan for [/home/travis/build/smarie/python-parsyfiles/parsyfiles/tests/combining_parsers_converters/test_data/b64pickle-float-1.0=True.txt]. Resuming parsing...
SUCCESS parsed [/home/travis/build/smarie/python-parsyfiles/parsyfiles/tests/combining_parsers_converters/test_data/b64pickle-float-1.0=True.txt] as a [bool] successfully. Parser used was [$&lt;read_str_from_txt&gt; =&gt; &lt;base64_ascii_str_pickle_to_object&gt; -&gt; &lt;float_to_bool&gt;$]

ERROR while parsing [/home/travis/build/smarie/python-parsyfiles/parsyfiles/tests/combining_parsers_converters/test_data/b64pickle-float-1.0=True.txt] into a [bool] using [$&lt;read_str_from_txt&gt; =&gt; &lt;str_to_bool&gt;$]. Set log level to DEBUG for details
Rebuilding local parsing plan with next candidate parser: $&lt;read_str_from_txt&gt; =&gt; &lt;base64_ascii_str_pickle_to_object&gt; -&gt; &lt;float_to_bool&gt;$
DONE Rebuilding local parsing plan for [/home/travis/build/smarie/python-parsyfiles/parsyfiles/tests/combining_parsers_converters/test_data/b64pickle-float-1.0=True.txt]. Resuming parsing...
SUCCESS parsed [/home/travis/build/smarie/python-parsyfiles/parsyfiles/tests/combining_parsers_converters/test_data/b64pickle-float-1.0=True.txt] as a [bool] successfully. Parser used was [$&lt;read_str_from_txt&gt; =&gt; &lt;base64_ascii_str_pickle_to_object&gt; -&gt; &lt;float_to_bool&gt;$]

ERROR while parsing [/home/travis/build/smarie/python-parsyfiles/parsyfiles/tests/combining_parsers_converters/test_data/b64pickle-float-1.0=True.txt] into a [bool] using [$&lt;read_str_from_txt&gt; =&gt; &lt;str_to_bool&gt;$]. Set log level to DEBUG for details
Rebuilding local parsing plan with next candidate parser: $&lt;read_str_from_txt&gt; =&gt; &lt;base64_ascii_str_pickle_to_object&gt; -&gt; &lt;float_to_bool&gt;$
DONE Rebuilding local parsing plan for [/home/travis/build/smarie/python-parsyfiles/parsyfiles/tests/combining_parsers_converters/test_data/b64pickle-float-1.0=True.txt]. Resuming parsing...
SUCCESS parsed [/home/travis/build/smarie/python-parsyfiles/parsyfiles/tests/combining_parsers_converters/test_data/b64pickle-float-1.0=True.txt] as a [bool] successfully. Parser used was [$&lt;read_str_from_txt&gt; =&gt; &lt;base64_ascii_str_pickle_to_object&gt; -&gt; &lt;float_to_bool&gt;$]

ERROR while parsing [/home/travis/build/smarie/python-parsyfiles/parsyfiles/tests/combining_parsers_converters/test_data/b64pickle-float-1.0=True.txt] into a [bool] using [$&lt;read_str_from_txt&gt; =&gt; &lt;str_to_bool&gt;$]. Set log level to DEBUG for details
Rebuilding local parsing plan with next candidate parser: $&lt;read_str_from_txt&gt; =&gt; &lt;base64_ascii_str_pickle_to_object&gt; -&gt; &lt;float_to_bool&gt;$
DONE Rebuilding local parsing plan for [/home/travis/build/smarie/python-parsyfiles/parsyfiles/tests/combining_parsers_converters/test_data/b64pickle-float-1.0=True.txt]. Resuming parsing...
SUCCESS parsed [/home/travis/build/smarie/python-parsyfiles/parsyfiles/tests/combining_parsers_converters/test_data/b64pickle-float-1.0=True.txt] as a [bool] successfully. Parser used was [$&lt;read_str_from_txt&gt; =&gt; &lt;base64_ascii_str_pickle_to_object&gt; -&gt; &lt;float_to_bool&gt;$]

ERROR while parsing [/home/travis/build/smarie/python-parsyfiles/parsyfiles/tests/combining_parsers_converters/test_data/b64pickle-float-1.0=True.txt] into a [bool] using [$&lt;read_str_from_txt&gt; =&gt; &lt;str_to_bool&gt;$]. Set log level to DEBUG for details
Rebuilding local parsing plan with next candidate parser: $&lt;read_str_from_txt&gt; =&gt; &lt;base64_ascii_str_pickle_to_object&gt; -&gt; &lt;float_to_bool&gt;$
DONE Rebuilding local parsing plan for [/home/travis/build/smarie/python-parsyfiles/parsyfiles/tests/combining_parsers_converters/test_data/b64pickle-float-1.0=True.txt]. Resuming parsing...
SUCCESS parsed [/home/travis/build/smarie/python-parsyfiles/parsyfiles/tests/combining_parsers_converters/test_data/b64pickle-float-1.0=True.txt] as a [bool] successfully. Parser used was [$&lt;read_str_from_txt&gt; =&gt; &lt;base64_ascii_str_pickle_to_object&gt; -&gt; &lt;float_to_bool&gt;$]

ERROR while parsing [/home/travis/build/smarie/python-parsyfiles/parsyfiles/tests/combining_parsers_converters/test_data/b64pickle-float-1.0=True.txt] into a [bool] using [$&lt;read_str_from_txt&gt; =&gt; &lt;str_to_bool&gt;$]. Set log level to DEBUG for details
Rebuilding local parsing plan with next candidate parser: $&lt;read_str_from_txt&gt; =&gt; &lt;base64_ascii_str_pickle_to_object&gt; -&gt; &lt;float_to_bool&gt;$
DONE Rebuilding local parsing plan for [/home/travis/build/smarie/python-parsyfiles/parsyfiles/tests/combining_parsers_converters/test_data/b64pickle-float-1.0=True.txt]. Resuming parsing...
SUCCESS parsed [/home/travis/build/smarie/python-parsyfiles/parsyfiles/tests/combining_parsers_converters/test_data/b64pickle-float-1.0=True.txt] as a [bool] successfully. Parser used was [$&lt;read_str_from_txt&gt; =&gt; &lt;base64_ascii_str_pickle_to_object&gt; -&gt; &lt;float_to_bool&gt;$]

ERROR while parsing [/home/travis/build/smarie/python-parsyfiles/parsyfiles/tests/combining_parsers_converters/test_data/b64pickle-float-1.0=True.txt] into a [bool] using [$&lt;read_str_from_txt&gt; =&gt; &lt;str_to_bool&gt;$]. Set log level to DEBUG for details
Rebuilding local parsing plan with next candidate parser: $&lt;read_str_from_txt&gt; =&gt; &lt;base64_ascii_str_pickle_to_object&gt; -&gt; &lt;float_to_bool&gt;$
DONE Rebuilding local parsing plan for [/home/travis/build/smarie/python-parsyfiles/parsyfiles/tests/combining_parsers_converters/test_data/b64pickle-float-1.0=True.txt]. Resuming parsing...
SUCCESS parsed [/home/travis/build/smarie/python-parsyfiles/parsyfiles/tests/combining_parsers_converters/test_data/b64pickle-float-1.0=True.txt] as a [bool] successfully. Parser used was [$&lt;read_str_from_txt&gt; =&gt; &lt;base64_ascii_str_pickle_to_object&gt; -&gt; &lt;float_to_bool&gt;$]

ERROR while parsing [/home/travis/build/smarie/python-parsyfiles/parsyfiles/tests/combining_parsers_converters/test_data/b64pickle-float-1.0=True.txt] into a [bool] using [$&lt;read_str_from_txt&gt; =&gt; &lt;str_to_bool&gt;$]. Set log level to DEBUG for details
Rebuilding local parsing plan with next candidate parser: $&lt;read_str_from_txt&gt; =&gt; &lt;base64_ascii_str_pickle_to_object&gt; -&gt; &lt;float_to_bool&gt;$
DONE Rebuilding local parsing plan for [/home/travis/build/smarie/python-parsyfiles/parsyfiles/tests/combining_parsers_converters/test_data/b64pickle-float-1.0=True.txt]. Resuming parsing...
SUCCESS parsed [/home/travis/build/smarie/python-parsyfiles/parsyfiles/tests/combining_parsers_converters/test_data/b64pickle-float-1.0=True.txt] as a [bool] successfully. Parser used was [$&lt;read_str_from_txt&gt; =&gt; &lt;base64_ascii_str_pickle_to_object&gt; -&gt; &lt;float_to_bool&gt;$]

ERROR while parsing [/home/travis/build/smarie/python-parsyfiles/parsyfiles/tests/combining_parsers_converters/test_data/b64pickle-float-1.0=True.txt] into a [bool] using [$&lt;read_str_from_txt&gt; =&gt; &lt;str_to_bool&gt;$]. Set log level to DEBUG for details
Rebuilding local parsing plan with next candidate parser: $&lt;read_str_from_txt&gt; =&gt; &lt;base64_ascii_str_pickle_to_object&gt; -&gt; &lt;float_to_bool&gt;$
DONE Rebuilding local parsing plan for [/home/travis/build/smarie/python-parsyfiles/parsyfiles/tests/combining_parsers_converters/test_data/b64pickle-float-1.0=True.txt]. Resuming parsing...
SUCCESS parsed [/home/travis/build/smarie/python-parsyfiles/parsyfiles/tests/combining_parsers_converters/test_data/b64pickle-float-1.0=True.txt] as a [bool] successfully. Parser used was [$&lt;read_str_from_txt&gt; =&gt; &lt;base64_ascii_str_pickle_to_object&gt; -&gt; &lt;float_to_bool&gt;$]

ERROR while parsing [/home/travis/build/smarie/python-parsyfiles/parsyfiles/tests/combining_parsers_converters/test_data/b64pickle-float-1.0=True.txt] into a [bool] using [$&lt;read_str_from_txt&gt; =&gt; &lt;str_to_bool&gt;$]. Set log level to DEBUG for details
Rebuilding local parsing plan with next candidate parser: $&lt;read_str_from_txt&gt; =&gt; &lt;base64_ascii_str_pickle_to_object&gt; -&gt; &lt;float_to_bool&gt;$
DONE Rebuilding local parsing plan for [/home/travis/build/smarie/python-parsyfiles/parsyfiles/tests/combining_parsers_converters/test_data/b64pickle-float-1.0=True.txt]. Resuming parsing...
SUCCESS parsed [/home/travis/build/smarie/python-parsyfiles/parsyfiles/tests/combining_parsers_converters/test_data/b64pickle-float-1.0=True.txt] as a [bool] successfully. Parser used was [$&lt;read_str_from_txt&gt; =&gt; &lt;base64_ascii_str_pickle_to_object&gt; -&gt; &lt;float_to_bool&gt;$]

ERROR while parsing [/home/travis/build/smarie/python-parsyfiles/parsyfiles/tests/combining_parsers_converters/test_data/b64pickle-float-1.0=True.txt] into a [bool] using [$&lt;read_str_from_txt&gt; =&gt; &lt;str_to_bool&gt;$]. Set log level to DEBUG for details
Rebuilding local parsing plan with next candidate parser: $&lt;read_str_from_txt&gt; =&gt; &lt;base64_ascii_str_pickle_to_object&gt; -&gt; &lt;float_to_bool&gt;$
DONE Rebuilding local parsing plan for [/home/travis/build/smarie/python-parsyfiles/parsyfiles/tests/combining_parsers_converters/test_data/b64pickle-float-1.0=True.txt]. Resuming parsing...
SUCCESS parsed [/home/travis/build/smarie/python-parsyfiles/parsyfiles/tests/combining_parsers_converters/test_data/b64pickle-float-1.0=True.txt] as a [bool] successfully. Parser used was [$&lt;read_str_from_txt&gt; =&gt; &lt;base64_ascii_str_pickle_to_object&gt; -&gt; &lt;float_to_bool&gt;$]

ERROR while parsing [/home/travis/build/smarie/python-parsyfiles/parsyfiles/tests/combining_parsers_converters/test_data/b64pickle-float-1.0=True.txt] into a [bool] using [$&lt;read_str_from_txt&gt; =&gt; &lt;str_to_bool&gt;$]. Set log level to DEBUG for details
Rebuilding local parsing plan with next candidate parser: $&lt;read_str_from_txt&gt; =&gt; &lt;base64_ascii_str_pickle_to_object&gt; -&gt; &lt;float_to_bool&gt;$
DONE Rebuilding local parsing plan for [/home/travis/build/smarie/python-parsyfiles/parsyfiles/tests/combining_parsers_converters/test_data/b64pickle-float-1.0=True.txt]. Resuming parsing...
SUCCESS parsed [/home/travis/build/smarie/python-parsyfiles/parsyfiles/tests/combining_parsers_converters/test_data/b64pickle-float-1.0=True.txt] as a [bool] successfully. Parser used was [$&lt;read_str_from_txt&gt; =&gt; &lt;base64_ascii_str_pickle_to_object&gt; -&gt; &lt;float_to_bool&gt;$]

ERROR while parsing [/home/travis/build/smarie/python-parsyfiles/parsyfiles/tests/combining_parsers_converters/test_data/b64pickle-float-1.0=True.txt] into a [bool] using [$&lt;read_str_from_txt&gt; =&gt; &lt;str_to_bool&gt;$]. Set log level to DEBUG for details
Rebuilding local parsing plan with next candidate parser: $&lt;read_str_from_txt&gt; =&gt; &lt;base64_ascii_str_pickle_to_object&gt; -&gt; &lt;float_to_bool&gt;$
DONE Rebuilding local parsing plan for [/home/travis/build/smarie/python-parsyfiles/parsyfiles/tests/combining_parsers_converters/test_data/b64pickle-float-1.0=True.txt]. Resuming parsing...
SUCCESS parsed [/home/travis/build/smarie/python-parsyfiles/parsyfiles/tests/combining_parsers_converters/test_data/b64pickle-float-1.0=True.txt] as a [bool] successfully. Parser used was [$&lt;read_str_from_txt&gt; =&gt; &lt;base64_ascii_str_pickle_to_object&gt; -&gt; &lt;float_to_bool&gt;$]

ERROR while parsing [/home/travis/build/smarie/python-parsyfiles/parsyfiles/tests/combining_parsers_converters/test_data/b64pickle-float-1.0=True.txt] into a [bool] using [$&lt;read_str_from_txt&gt; =&gt; &lt;str_to_bool&gt;$]. Set log level to DEBUG for details
Rebuilding local parsing plan with next candidate parser: $&lt;read_str_from_txt&gt; =&gt; &lt;base64_ascii_str_pickle_to_object&gt; -&gt; &lt;float_to_bool&gt;$
DONE Rebuilding local parsing plan for [/home/travis/build/smarie/python-parsyfiles/parsyfiles/tests/combining_parsers_converters/test_data/b64pickle-float-1.0=True.txt]. Resuming parsing...
SUCCESS parsed [/home/travis/build/smarie/python-parsyfiles/parsyfiles/tests/combining_parsers_converters/test_data/b64pickle-float-1.0=True.txt] as a [bool] successfully. Parser used was [$&lt;read_str_from_txt&gt; =&gt; &lt;base64_ascii_str_pickle_to_object&gt; -&gt; &lt;float_to_bool&gt;$]

ERROR while parsing [/home/travis/build/smarie/python-parsyfiles/parsyfiles/tests/combining_parsers_converters/test_data/b64pickle-float-1.0=True.txt] into a [bool] using [$&lt;read_str_from_txt&gt; =&gt; &lt;str_to_bool&gt;$]. Set log level to DEBUG for details
Rebuilding local parsing plan with next candidate parser: $&lt;read_str_from_txt&gt; =&gt; &lt;base64_ascii_str_pickle_to_object&gt; -&gt; &lt;float_to_bool&gt;$
DONE Rebuilding local parsing plan for [/home/travis/build/smarie/python-parsyfiles/parsyfiles/tests/combining_parsers_converters/test_data/b64pickle-float-1.0=True.txt]. Resuming parsing...
SUCCESS parsed [/home/travis/build/smarie/python-parsyfiles/parsyfiles/tests/combining_parsers_converters/test_data/b64pickle-float-1.0=True.txt] as a [bool] successfully. Parser used was [$&lt;read_str_from_txt&gt; =&gt; &lt;base64_ascii_str_pickle_to_object&gt; -&gt; &lt;float_to_bool&gt;$]

ERROR while parsing [/home/travis/build/smarie/python-parsyfiles/parsyfiles/tests/combining_parsers_converters/test_data/b64pickle-float-1.0=True.txt] into a [bool] using [$&lt;read_str_from_txt&gt; =&gt; &lt;str_to_bool&gt;$]. Set log level to DEBUG for details
Rebuilding local parsing plan with next candidate parser: $&lt;read_str_from_txt&gt; =&gt; &lt;base64_ascii_str_pickle_to_object&gt; -&gt; &lt;float_to_bool&gt;$
DONE Rebuilding local parsing plan for [/home/travis/build/smarie/python-parsyfiles/parsyfiles/tests/combining_parsers_converters/test_data/b64pickle-float-1.0=True.txt]. Resuming parsing...
SUCCESS parsed [/home/travis/build/smarie/python-parsyfiles/parsyfiles/tests/combining_parsers_converters/test_data/b64pickle-float-1.0=True.txt] as a [bool] successfully. Parser used was [$&lt;read_str_from_txt&gt; =&gt; &lt;base64_ascii_str_pickle_to_object&gt; -&gt; &lt;float_to_bool&gt;$]

ERROR while parsing [/home/travis/build/smarie/python-parsyfiles/parsyfiles/tests/combining_parsers_converters/test_data/b64pickle-float-1.0=True.txt] into a [bool] using [$&lt;read_str_from_txt&gt; =&gt; &lt;str_to_bool&gt;$]. Set log level to DEBUG for details
Rebuilding local parsing plan with next candidate parser: $&lt;read_str_from_txt&gt; =&gt; &lt;base64_ascii_str_pickle_to_object&gt; -&gt; &lt;float_to_bool&gt;$
DONE Rebuilding local parsing plan for [/home/travis/build/smarie/python-parsyfiles/parsyfiles/tests/combining_parsers_converters/test_data/b64pickle-float-1.0=True.txt]. Resuming parsing...
SUCCESS parsed [/home/travis/build/smarie/python-parsyfiles/parsyfiles/tests/combining_parsers_converters/test_data/b64pickle-float-1.0=True.txt] as a [bool] successfully. Parser used was [$&lt;read_str_from_txt&gt; =&gt; &lt;base64_ascii_str_pickle_to_object&gt; -&gt; &lt;float_to_bool&gt;$]

ERROR while parsing [/home/travis/build/smarie/python-parsyfiles/parsyfiles/tests/combining_parsers_converters/test_data/b64pickle-float-1.0=True.txt] into a [bool] using [$&lt;read_str_from_txt&gt; =&gt; &lt;str_to_bool&gt;$]. Set log level to DEBUG for details
Rebuilding local parsing plan with next candidate parser: $&lt;read_str_from_txt&gt; =&gt; &lt;base64_ascii_str_pickle_to_object&gt; -&gt; &lt;float_to_bool&gt;$
DONE Rebuilding local parsing plan for [/home/travis/build/smarie/python-parsyfiles/parsyfiles/tests/combining_parsers_converters/test_data/b64pickle-float-1.0=True.txt]. Resuming parsing...
SUCCESS parsed [/home/travis/build/smarie/python-parsyfiles/parsyfiles/tests/combining_parsers_converters/test_data/b64pickle-float-1.0=True.txt] as a [bool] successfully. Parser used was [$&lt;read_str_from_txt&gt; =&gt; &lt;base64_ascii_str_pickle_to_object&gt; -&gt; &lt;float_to_bool&gt;$]

ERROR while parsing [/home/travis/build/smarie/python-parsyfiles/parsyfiles/tests/combining_parsers_converters/test_data/b64pickle-float-1.0=True.txt] into a [bool] using [$&lt;read_str_from_txt&gt; =&gt; &lt;str_to_bool&gt;$]. Set log level to DEBUG for details
Rebuilding local parsing plan with next candidate parser: $&lt;read_str_from_txt&gt; =&gt; &lt;base64_ascii_str_pickle_to_object&gt; -&gt; &lt;float_to_bool&gt;$
DONE Rebuilding local parsing plan for [/home/travis/build/smarie/python-parsyfiles/parsyfiles/tests/combining_parsers_converters/test_data/b64pickle-float-1.0=True.txt]. Resuming parsing...
SUCCESS parsed [/home/travis/build/smarie/python-parsyfiles/parsyfiles/tests/combining_parsers_converters/test_data/b64pickle-float-1.0=True.txt] as a [bool] successfully. Parser used was [$&lt;read_str_from_txt&gt; =&gt; &lt;base64_ascii_str_pickle_to_object&gt; -&gt; &lt;float_to_bool&gt;$]

ERROR while parsing [/home/travis/build/smarie/python-parsyfiles/parsyfiles/tests/combining_parsers_converters/test_data/b64pickle-float-1.0=True.txt] into a [bool] using [$&lt;read_str_from_txt&gt; =&gt; &lt;str_to_bool&gt;$]. Set log level to DEBUG for details
Rebuilding local parsing plan with next candidate parser: $&lt;read_str_from_txt&gt; =&gt; &lt;base64_ascii_str_pickle_to_object&gt; -&gt; &lt;float_to_bool&gt;$
DONE Rebuilding local parsing plan for [/home/travis/build/smarie/python-parsyfiles/parsyfiles/tests/combining_parsers_converters/test_data/b64pickle-float-1.0=True.txt]. Resuming parsing...
SUCCESS parsed [/home/travis/build/smarie/python-parsyfiles/parsyfiles/tests/combining_parsers_converters/test_data/b64pickle-float-1.0=True.txt] as a [bool] successfully. Parser used was [$&lt;read_str_from_txt&gt; =&gt; &lt;base64_ascii_str_pickle_to_object&gt; -&gt; &lt;float_to_bool&gt;$]

ERROR while parsing [/home/travis/build/smarie/python-parsyfiles/parsyfiles/tests/combining_parsers_converters/test_data/b64pickle-float-1.0=True.txt] into a [bool] using [$&lt;read_str_from_txt&gt; =&gt; &lt;str_to_bool&gt;$]. Set log level to DEBUG for details
Rebuilding local parsing plan with next candidate parser: $&lt;read_str_from_txt&gt; =&gt; &lt;base64_ascii_str_pickle_to_object&gt; -&gt; &lt;float_to_bool&gt;$
DONE Rebuilding local parsing plan for [/home/travis/build/smarie/python-parsyfiles/parsyfiles/tests/combining_parsers_converters/test_data/b64pickle-float-1.0=True.txt]. Resuming parsing...
SUCCESS parsed [/home/travis/build/smarie/python-parsyfiles/parsyfiles/tests/combining_parsers_converters/test_data/b64pickle-float-1.0=True.txt] as a [bool] successfully. Parser used was [$&lt;read_str_from_txt&gt; =&gt; &lt;base64_ascii_str_pickle_to_object&gt; -&gt; &lt;float_to_bool&gt;$]

ERROR while parsing [/home/travis/build/smarie/python-parsyfiles/parsyfiles/tests/combining_parsers_converters/test_data/b64pickle-float-1.0=True.txt] into a [bool] using [$&lt;read_str_from_txt&gt; =&gt; &lt;str_to_bool&gt;$]. Set log level to DEBUG for details
Rebuilding local parsing plan with next candidate parser: $&lt;read_str_from_txt&gt; =&gt; &lt;base64_ascii_str_pickle_to_object&gt; -&gt; &lt;float_to_bool&gt;$
DONE Rebuilding local parsing plan for [/home/travis/build/smarie/python-parsyfiles/parsyfiles/tests/combining_parsers_converters/test_data/b64pickle-float-1.0=True.txt]. Resuming parsing...
SUCCESS parsed [/home/travis/build/smarie/python-parsyfiles/parsyfiles/tests/combining_parsers_converters/test_data/b64pickle-float-1.0=True.txt] as a [bool] successfully. Parser used was [$&lt;read_str_from_txt&gt; =&gt; &lt;base64_ascii_str_pickle_to_object&gt; -&gt; &lt;float_to_bool&gt;$]

ERROR while parsing [/home/travis/build/smarie/python-parsyfiles/parsyfiles/tests/combining_parsers_converters/test_data/b64pickle-float-1.0=True.txt] into a [bool] using [$&lt;read_str_from_txt&gt; =&gt; &lt;str_to_bool&gt;$]. Set log level to DEBUG for details
Rebuilding local parsing plan with next candidate parser: $&lt;read_str_from_txt&gt; =&gt; &lt;base64_ascii_str_pickle_to_object&gt; -&gt; &lt;float_to_bool&gt;$
DONE Rebuilding local parsing plan for [/home/travis/build/smarie/python-parsyfiles/parsyfiles/tests/combining_parsers_converters/test_data/b64pickle-float-1.0=True.txt]. Resuming parsing...
SUCCESS parsed [/home/travis/build/smarie/python-parsyfiles/parsyfiles/tests/combining_parsers_converters/test_data/b64pickle-float-1.0=True.txt] as a [bool] successfully. Parser used was [$&lt;read_str_from_txt&gt; =&gt; &lt;base64_ascii_str_pickle_to_object&gt; -&gt; &lt;float_to_bool&gt;$]

ERROR while parsing [/home/travis/build/smarie/python-parsyfiles/parsyfiles/tests/combining_parsers_converters/test_data/b64pickle-float-1.0=True.txt] into a [bool] using [$&lt;read_str_from_txt&gt; =&gt; &lt;str_to_bool&gt;$]. Set log level to DEBUG for details
Rebuilding local parsing plan with next candidate parser: $&lt;read_str_from_txt&gt; =&gt; &lt;base64_ascii_str_pickle_to_object&gt; -&gt; &lt;float_to_bool&gt;$
DONE Rebuilding local parsing plan for [/home/travis/build/smarie/python-parsyfiles/parsyfiles/tests/combining_parsers_converters/test_data/b64pickle-float-1.0=True.txt]. Resuming parsing...
SUCCESS parsed [/home/travis/build/smarie/python-parsyfiles/parsyfiles/tests/combining_parsers_converters/test_data/b64pickle-float-1.0=True.txt] as a [bool] successfully. Parser used was [$&lt;read_str_from_txt&gt; =&gt; &lt;base64_ascii_str_pickle_to_object&gt; -&gt; &lt;float_to_bool&gt;$]

ERROR while parsing [/home/travis/build/smarie/python-parsyfiles/parsyfiles/tests/combining_parsers_converters/test_data/b64pickle-float-1.0=True.txt] into a [bool] using [$&lt;read_str_from_txt&gt; =&gt; &lt;str_to_bool&gt;$]. Set log level to DEBUG for details
Rebuilding local parsing plan with next candidate parser: $&lt;read_str_from_txt&gt; =&gt; &lt;base64_ascii_str_pickle_to_object&gt; -&gt; &lt;float_to_bool&gt;$
DONE Rebuilding local parsing plan for [/home/travis/build/smarie/python-parsyfiles/parsyfiles/tests/combining_parsers_converters/test_data/b64pickle-float-1.0=True.txt]. Resuming parsing...
SUCCESS parsed [/home/travis/build/smarie/python-parsyfiles/parsyfiles/tests/combining_parsers_converters/test_data/b64pickle-float-1.0=True.txt] as a [bool] successfully. Parser used was [$&lt;read_str_from_txt&gt; =&gt; &lt;base64_ascii_str_pickle_to_object&gt; -&gt; &lt;float_to_bool&gt;$]

ERROR while parsing [/home/travis/build/smarie/python-parsyfiles/parsyfiles/tests/combining_parsers_converters/test_data/b64pickle-float-1.0=True.txt] into a [bool] using [$&lt;read_str_from_txt&gt; =&gt; &lt;str_to_bool&gt;$]. Set log level to DEBUG for details
Rebuilding local parsing plan with next candidate parser: $&lt;read_str_from_txt&gt; =&gt; &lt;base64_ascii_str_pickle_to_object&gt; -&gt; &lt;float_to_bool&gt;$
DONE Rebuilding local parsing plan for [/home/travis/build/smarie/python-parsyfiles/parsyfiles/tests/combining_parsers_converters/test_data/b64pickle-float-1.0=True.txt]. Resuming parsing...
SUCCESS parsed [/home/travis/build/smarie/python-parsyfiles/parsyfiles/tests/combining_parsers_converters/test_data/b64pickle-float-1.0=True.txt] as a [bool] successfully. Parser used was [$&lt;read_str_from_txt&gt; =&gt; &lt;base64_ascii_str_pickle_to_object&gt; -&gt; &lt;float_to_bool&gt;$]

ERROR while parsing [/home/travis/build/smarie/python-parsyfiles/parsyfiles/tests/combining_parsers_converters/test_data/b64pickle-float-1.0=True.txt] into a [bool] using [$&lt;read_str_from_txt&gt; =&gt; &lt;str_to_bool&gt;$]. Set log level to DEBUG for details
Rebuilding local parsing plan with next candidate parser: $&lt;read_str_from_txt&gt; =&gt; &lt;base64_ascii_str_pickle_to_object&gt; -&gt; &lt;float_to_bool&gt;$
DONE Rebuilding local parsing plan for [/home/travis/build/smarie/python-parsyfiles/parsyfiles/tests/combining_parsers_converters/test_data/b64pickle-float-1.0=True.txt]. Resuming parsing...
SUCCESS parsed [/home/travis/build/smarie/python-parsyfiles/parsyfiles/tests/combining_parsers_converters/test_data/b64pickle-float-1.0=True.txt] as a [bool] successfully. Parser used was [$&lt;read_str_from_txt&gt; =&gt; &lt;base64_ascii_str_pickle_to_object&gt; -&gt; &lt;float_to_bool&gt;$]

ERROR while parsing [/home/travis/build/smarie/python-parsyfiles/parsyfiles/tests/combining_parsers_converters/test_data/b64pickle-float-1.0=True.txt] into a [bool] using [$&lt;read_str_from_txt&gt; =&gt; &lt;str_to_bool&gt;$]. Set log level to DEBUG for details
Rebuilding local parsing plan with next candidate parser: $&lt;read_str_from_txt&gt; =&gt; &lt;base64_ascii_str_pickle_to_object&gt; -&gt; &lt;float_to_bool&gt;$
DONE Rebuilding local parsing plan for [/home/travis/build/smarie/python-parsyfiles/parsyfiles/tests/combining_parsers_converters/test_data/b64pickle-float-1.0=True.txt]. Resuming parsing...
SUCCESS parsed [/home/travis/build/smarie/python-parsyfiles/parsyfiles/tests/combining_parsers_converters/test_data/b64pickle-float-1.0=True.txt] as a [bool] successfully. Parser used was [$&lt;read_str_from_txt&gt; =&gt; &lt;base64_ascii_str_pickle_to_object&gt; -&gt; &lt;float_to_bool&gt;$]

ERROR while parsing [/home/travis/build/smarie/python-parsyfiles/parsyfiles/tests/combining_parsers_converters/test_data/b64pickle-float-1.0=True.txt] into a [bool] using [$&lt;read_str_from_txt&gt; =&gt; &lt;str_to_bool&gt;$]. Set log level to DEBUG for details
Rebuilding local parsing plan with next candidate parser: $&lt;read_str_from_txt&gt; =&gt; &lt;base64_ascii_str_pickle_to_object&gt; -&gt; &lt;float_to_bool&gt;$
DONE Rebuilding local parsing plan for [/home/travis/build/smarie/python-parsyfiles/parsyfiles/tests/combining_parsers_converters/test_data/b64pickle-float-1.0=True.txt]. Resuming parsing...
SUCCESS parsed [/home/travis/build/smarie/python-parsyfiles/parsyfiles/tests/combining_parsers_converters/test_data/b64pickle-float-1.0=True.txt] as a [bool] successfully. Parser used was [$&lt;read_str_from_txt&gt; =&gt; &lt;base64_ascii_str_pickle_to_object&gt; -&gt; &lt;float_to_bool&gt;$]

ERROR while parsing [/home/travis/build/smarie/python-parsyfiles/parsyfiles/tests/combining_parsers_converters/test_data/b64pickle-float-1.0=True.txt] into a [bool] using [$&lt;read_str_from_txt&gt; =&gt; &lt;str_to_bool&gt;$]. Set log level to DEBUG for details
Rebuilding local parsing plan with next candidate parser: $&lt;read_str_from_txt&gt; =&gt; &lt;base64_ascii_str_pickle_to_object&gt; -&gt; &lt;float_to_bool&gt;$
DONE Rebuilding local parsing plan for [/home/travis/build/smarie/python-parsyfiles/parsyfiles/tests/combining_parsers_converters/test_data/b64pickle-float-1.0=True.txt]. Resuming parsing...
SUCCESS parsed [/home/travis/build/smarie/python-parsyfiles/parsyfiles/tests/combining_parsers_converters/test_data/b64pickle-float-1.0=True.txt] as a [bool] successfully. Parser used was [$&lt;read_str_from_txt&gt; =&gt; &lt;base64_ascii_str_pickle_to_object&gt; -&gt; &lt;float_to_bool&gt;$]

ERROR while parsing [/home/travis/build/smarie/python-parsyfiles/parsyfiles/tests/combining_parsers_converters/test_data/b64pickle-float-1.0=True.txt] into a [bool] using [$&lt;read_str_from_txt&gt; =&gt; &lt;str_to_bool&gt;$]. Set log level to DEBUG for details
Rebuilding local parsing plan with next candidate parser: $&lt;read_str_from_txt&gt; =&gt; &lt;base64_ascii_str_pickle_to_object&gt; -&gt; &lt;float_to_bool&gt;$
DONE Rebuilding local parsing plan for [/home/travis/build/smarie/python-parsyfiles/parsyfiles/tests/combining_parsers_converters/test_data/b64pickle-float-1.0=True.txt]. Resuming parsing...
SUCCESS parsed [/home/travis/build/smarie/python-parsyfiles/parsyfiles/tests/combining_parsers_converters/test_data/b64pickle-float-1.0=True.txt] as a [bool] successfully. Parser used was [$&lt;read_str_from_txt&gt; =&gt; &lt;base64_ascii_str_pickle_to_object&gt; -&gt; &lt;float_to_bool&gt;$]

ERROR while parsing [/home/travis/build/smarie/python-parsyfiles/parsyfiles/tests/combining_parsers_converters/test_data/b64pickle-float-1.0=True.txt] into a [bool] using [$&lt;read_str_from_txt&gt; =&gt; &lt;str_to_bool&gt;$]. Set log level to DEBUG for details
Rebuilding local parsing plan with next candidate parser: $&lt;read_str_from_txt&gt; =&gt; &lt;base64_ascii_str_pickle_to_object&gt; -&gt; &lt;float_to_bool&gt;$
DONE Rebuilding local parsing plan for [/home/travis/build/smarie/python-parsyfiles/parsyfiles/tests/combining_parsers_converters/test_data/b64pickle-float-1.0=True.txt]. Resuming parsing...
SUCCESS parsed [/home/travis/build/smarie/python-parsyfiles/parsyfiles/tests/combining_parsers_converters/test_data/b64pickle-float-1.0=True.txt] as a [bool] successfully. Parser used was [$&lt;read_str_from_txt&gt; =&gt; &lt;base64_ascii_str_pickle_to_object&gt; -&gt; &lt;float_to_bool&gt;$]

ERROR while parsing [/home/travis/build/smarie/python-parsyfiles/parsyfiles/tests/combining_parsers_converters/test_data/b64pickle-float-1.0=True.txt] into a [bool] using [$&lt;read_str_from_txt&gt; =&gt; &lt;str_to_bool&gt;$]. Set log level to DEBUG for details
Rebuilding local parsing plan with next candidate parser: $&lt;read_str_from_txt&gt; =&gt; &lt;base64_ascii_str_pickle_to_object&gt; -&gt; &lt;float_to_bool&gt;$
DONE Rebuilding local parsing plan for [/home/travis/build/smarie/python-parsyfiles/parsyfiles/tests/combining_parsers_converters/test_data/b64pickle-float-1.0=True.txt]. Resuming parsing...
SUCCESS parsed [/home/travis/build/smarie/python-parsyfiles/parsyfiles/tests/combining_parsers_converters/test_data/b64pickle-float-1.0=True.txt] as a [bool] successfully. Parser used was [$&lt;read_str_from_txt&gt; =&gt; &lt;base64_ascii_str_pickle_to_object&gt; -&gt; &lt;float_to_bool&gt;$]

</system-out></testcase><testcase classname="parsyfiles.tests.combining_parsers_converters.test_default_instance_creation" file="parsyfiles/tests/combining_parsers_converters/test_default_instance_creation.py" line="44" name="test_create_default_instance_through_method" time="2.7980127334594727"><system-out>ERROR while parsing [/home/travis/build/smarie/python-parsyfiles/parsyfiles/tests/combining_parsers_converters/test_data/b64pickle-float-1.0=True.txt] into a [bool] using [$&lt;read_str_from_txt&gt; =&gt; &lt;str_to_bool&gt;$]. Set log level to DEBUG for details
Rebuilding local parsing plan with next candidate parser: $&lt;read_str_from_txt&gt; =&gt; &lt;base64_ascii_str_pickle_to_object&gt; -&gt; &lt;float_to_bool&gt;$
DONE Rebuilding local parsing plan for [/home/travis/build/smarie/python-parsyfiles/parsyfiles/tests/combining_parsers_converters/test_data/b64pickle-float-1.0=True.txt]. Resuming parsing...
SUCCESS parsed [/home/travis/build/smarie/python-parsyfiles/parsyfiles/tests/combining_parsers_converters/test_data/b64pickle-float-1.0=True.txt] as a [bool] successfully. Parser used was [$&lt;read_str_from_txt&gt; =&gt; &lt;base64_ascii_str_pickle_to_object&gt; -&gt; &lt;float_to_bool&gt;$]

ERROR while parsing [/home/travis/build/smarie/python-parsyfiles/parsyfiles/tests/combining_parsers_converters/test_data/b64pickle-float-1.0=True.txt] into a [bool] using [$&lt;read_str_from_txt&gt; =&gt; &lt;str_to_bool&gt;$]. Set log level to DEBUG for details
Rebuilding local parsing plan with next candidate parser: $&lt;read_str_from_txt&gt; =&gt; &lt;base64_ascii_str_pickle_to_object&gt; -&gt; &lt;float_to_bool&gt;$
DONE Rebuilding local parsing plan for [/home/travis/build/smarie/python-parsyfiles/parsyfiles/tests/combining_parsers_converters/test_data/b64pickle-float-1.0=True.txt]. Resuming parsing...
SUCCESS parsed [/home/travis/build/smarie/python-parsyfiles/parsyfiles/tests/combining_parsers_converters/test_data/b64pickle-float-1.0=True.txt] as a [bool] successfully. Parser used was [$&lt;read_str_from_txt&gt; =&gt; &lt;base64_ascii_str_pickle_to_object&gt; -&gt; &lt;float_to_bool&gt;$]

ERROR while parsing [/home/travis/build/smarie/python-parsyfiles/parsyfiles/tests/combining_parsers_converters/test_data/b64pickle-float-1.0=True.txt] into a [bool] using [$&lt;read_str_from_txt&gt; =&gt; &lt;str_to_bool&gt;$]. Set log level to DEBUG for details
Rebuilding local parsing plan with next candidate parser: $&lt;read_str_from_txt&gt; =&gt; &lt;base64_ascii_str_pickle_to_object&gt; -&gt; &lt;float_to_bool&gt;$
DONE Rebuilding local parsing plan for [/home/travis/build/smarie/python-parsyfiles/parsyfiles/tests/combining_parsers_converters/test_data/b64pickle-float-1.0=True.txt]. Resuming parsing...
SUCCESS parsed [/home/travis/build/smarie/python-parsyfiles/parsyfiles/tests/combining_parsers_converters/test_data/b64pickle-float-1.0=True.txt] as a [bool] successfully. Parser used was [$&lt;read_str_from_txt&gt; =&gt; &lt;base64_ascii_str_pickle_to_object&gt; -&gt; &lt;float_to_bool&gt;$]

ERROR while parsing [/home/travis/build/smarie/python-parsyfiles/parsyfiles/tests/combining_parsers_converters/test_data/b64pickle-float-1.0=True.txt] into a [bool] using [$&lt;read_str_from_txt&gt; =&gt; &lt;str_to_bool&gt;$]. Set log level to DEBUG for details
Rebuilding local parsing plan with next candidate parser: $&lt;read_str_from_txt&gt; =&gt; &lt;base64_ascii_str_pickle_to_object&gt; -&gt; &lt;float_to_bool&gt;$
DONE Rebuilding local parsing plan for [/home/travis/build/smarie/python-parsyfiles/parsyfiles/tests/combining_parsers_converters/test_data/b64pickle-float-1.0=True.txt]. Resuming parsing...
SUCCESS parsed [/home/travis/build/smarie/python-parsyfiles/parsyfiles/tests/combining_parsers_converters/test_data/b64pickle-float-1.0=True.txt] as a [bool] successfully. Parser used was [$&lt;read_str_from_txt&gt; =&gt; &lt;base64_ascii_str_pickle_to_object&gt; -&gt; &lt;float_to_bool&gt;$]

ERROR while parsing [/home/travis/build/smarie/python-parsyfiles/parsyfiles/tests/combining_parsers_converters/test_data/b64pickle-float-1.0=True.txt] into a [bool] using [$&lt;read_str_from_txt&gt; =&gt; &lt;str_to_bool&gt;$]. Set log level to DEBUG for details
Rebuilding local parsing plan with next candidate parser: $&lt;read_str_from_txt&gt; =&gt; &lt;base64_ascii_str_pickle_to_object&gt; -&gt; &lt;float_to_bool&gt;$
DONE Rebuilding local parsing plan for [/home/travis/build/smarie/python-parsyfiles/parsyfiles/tests/combining_parsers_converters/test_data/b64pickle-float-1.0=True.txt]. Resuming parsing...
SUCCESS parsed [/home/travis/build/smarie/python-parsyfiles/parsyfiles/tests/combining_parsers_converters/test_data/b64pickle-float-1.0=True.txt] as a [bool] successfully. Parser used was [$&lt;read_str_from_txt&gt; =&gt; &lt;base64_ascii_str_pickle_to_object&gt; -&gt; &lt;float_to_bool&gt;$]

ERROR while parsing [/home/travis/build/smarie/python-parsyfiles/parsyfiles/tests/combining_parsers_converters/test_data/b64pickle-float-1.0=True.txt] into a [bool] using [$&lt;read_str_from_txt&gt; =&gt; &lt;str_to_bool&gt;$]. Set log level to DEBUG for details
Rebuilding local parsing plan with next candidate parser: $&lt;read_str_from_txt&gt; =&gt; &lt;base64_ascii_str_pickle_to_object&gt; -&gt; &lt;float_to_bool&gt;$
DONE Rebuilding local parsing plan for [/home/travis/build/smarie/python-parsyfiles/parsyfiles/tests/combining_parsers_converters/test_data/b64pickle-float-1.0=True.txt]. Resuming parsing...
SUCCESS parsed [/home/travis/build/smarie/python-parsyfiles/parsyfiles/tests/combining_parsers_converters/test_data/b64pickle-float-1.0=True.txt] as a [bool] successfully. Parser used was [$&lt;read_str_from_txt&gt; =&gt; &lt;base64_ascii_str_pickle_to_object&gt; -&gt; &lt;float_to_bool&gt;$]

ERROR while parsing [/home/travis/build/smarie/python-parsyfiles/parsyfiles/tests/combining_parsers_converters/test_data/b64pickle-float-1.0=True.txt] into a [bool] using [$&lt;read_str_from_txt&gt; =&gt; &lt;str_to_bool&gt;$]. Set log level to DEBUG for details
Rebuilding local parsing plan with next candidate parser: $&lt;read_str_from_txt&gt; =&gt; &lt;base64_ascii_str_pickle_to_object&gt; -&gt; &lt;float_to_bool&gt;$
DONE Rebuilding local parsing plan for [/home/travis/build/smarie/python-parsyfiles/parsyfiles/tests/combining_parsers_converters/test_data/b64pickle-float-1.0=True.txt]. Resuming parsing...
SUCCESS parsed [/home/travis/build/smarie/python-parsyfiles/parsyfiles/tests/combining_parsers_converters/test_data/b64pickle-float-1.0=True.txt] as a [bool] successfully. Parser used was [$&lt;read_str_from_txt&gt; =&gt; &lt;base64_ascii_str_pickle_to_object&gt; -&gt; &lt;float_to_bool&gt;$]

ERROR while parsing [/home/travis/build/smarie/python-parsyfiles/parsyfiles/tests/combining_parsers_converters/test_data/b64pickle-float-1.0=True.txt] into a [bool] using [$&lt;read_str_from_txt&gt; =&gt; &lt;str_to_bool&gt;$]. Set log level to DEBUG for details
Rebuilding local parsing plan with next candidate parser: $&lt;read_str_from_txt&gt; =&gt; &lt;base64_ascii_str_pickle_to_object&gt; -&gt; &lt;float_to_bool&gt;$
DONE Rebuilding local parsing plan for [/home/travis/build/smarie/python-parsyfiles/parsyfiles/tests/combining_parsers_converters/test_data/b64pickle-float-1.0=True.txt]. Resuming parsing...
SUCCESS parsed [/home/travis/build/smarie/python-parsyfiles/parsyfiles/tests/combining_parsers_converters/test_data/b64pickle-float-1.0=True.txt] as a [bool] successfully. Parser used was [$&lt;read_str_from_txt&gt; =&gt; &lt;base64_ascii_str_pickle_to_object&gt; -&gt; &lt;float_to_bool&gt;$]

ERROR while parsing [/home/travis/build/smarie/python-parsyfiles/parsyfiles/tests/combining_parsers_converters/test_data/b64pickle-float-1.0=True.txt] into a [bool] using [$&lt;read_str_from_txt&gt; =&gt; &lt;str_to_bool&gt;$]. Set log level to DEBUG for details
Rebuilding local parsing plan with next candidate parser: $&lt;read_str_from_txt&gt; =&gt; &lt;base64_ascii_str_pickle_to_object&gt; -&gt; &lt;float_to_bool&gt;$
DONE Rebuilding local parsing plan for [/home/travis/build/smarie/python-parsyfiles/parsyfiles/tests/combining_parsers_converters/test_data/b64pickle-float-1.0=True.txt]. Resuming parsing...
SUCCESS parsed [/home/travis/build/smarie/python-parsyfiles/parsyfiles/tests/combining_parsers_converters/test_data/b64pickle-float-1.0=True.txt] as a [bool] successfully. Parser used was [$&lt;read_str_from_txt&gt; =&gt; &lt;base64_ascii_str_pickle_to_object&gt; -&gt; &lt;float_to_bool&gt;$]

ERROR while parsing [/home/travis/build/smarie/python-parsyfiles/parsyfiles/tests/combining_parsers_converters/test_data/b64pickle-float-1.0=True.txt] into a [bool] using [$&lt;read_str_from_txt&gt; =&gt; &lt;str_to_bool&gt;$]. Set log level to DEBUG for details
Rebuilding local parsing plan with next candidate parser: $&lt;read_str_from_txt&gt; =&gt; &lt;base64_ascii_str_pickle_to_object&gt; -&gt; &lt;float_to_bool&gt;$
DONE Rebuilding local parsing plan for [/home/travis/build/smarie/python-parsyfiles/parsyfiles/tests/combining_parsers_converters/test_data/b64pickle-float-1.0=True.txt]. Resuming parsing...
SUCCESS parsed [/home/travis/build/smarie/python-parsyfiles/parsyfiles/tests/combining_parsers_converters/test_data/b64pickle-float-1.0=True.txt] as a [bool] successfully. Parser used was [$&lt;read_str_from_txt&gt; =&gt; &lt;base64_ascii_str_pickle_to_object&gt; -&gt; &lt;float_to_bool&gt;$]

ERROR while parsing [/home/travis/build/smarie/python-parsyfiles/parsyfiles/tests/combining_parsers_converters/test_data/b64pickle-float-1.0=True.txt] into a [bool] using [$&lt;read_str_from_txt&gt; =&gt; &lt;str_to_bool&gt;$]. Set log level to DEBUG for details
Rebuilding local parsing plan with next candidate parser: $&lt;read_str_from_txt&gt; =&gt; &lt;base64_ascii_str_pickle_to_object&gt; -&gt; &lt;float_to_bool&gt;$
DONE Rebuilding local parsing plan for [/home/travis/build/smarie/python-parsyfiles/parsyfiles/tests/combining_parsers_converters/test_data/b64pickle-float-1.0=True.txt]. Resuming parsing...
SUCCESS parsed [/home/travis/build/smarie/python-parsyfiles/parsyfiles/tests/combining_parsers_converters/test_data/b64pickle-float-1.0=True.txt] as a [bool] successfully. Parser used was [$&lt;read_str_from_txt&gt; =&gt; &lt;base64_ascii_str_pickle_to_object&gt; -&gt; &lt;float_to_bool&gt;$]

ERROR while parsing [/home/travis/build/smarie/python-parsyfiles/parsyfiles/tests/combining_parsers_converters/test_data/b64pickle-float-1.0=True.txt] into a [bool] using [$&lt;read_str_from_txt&gt; =&gt; &lt;str_to_bool&gt;$]. Set log level to DEBUG for details
Rebuilding local parsing plan with next candidate parser: $&lt;read_str_from_txt&gt; =&gt; &lt;base64_ascii_str_pickle_to_object&gt; -&gt; &lt;float_to_bool&gt;$
DONE Rebuilding local parsing plan for [/home/travis/build/smarie/python-parsyfiles/parsyfiles/tests/combining_parsers_converters/test_data/b64pickle-float-1.0=True.txt]. Resuming parsing...
SUCCESS parsed [/home/travis/build/smarie/python-parsyfiles/parsyfiles/tests/combining_parsers_converters/test_data/b64pickle-float-1.0=True.txt] as a [bool] successfully. Parser used was [$&lt;read_str_from_txt&gt; =&gt; &lt;base64_ascii_str_pickle_to_object&gt; -&gt; &lt;float_to_bool&gt;$]

ERROR while parsing [/home/travis/build/smarie/python-parsyfiles/parsyfiles/tests/combining_parsers_converters/test_data/b64pickle-float-1.0=True.txt] into a [bool] using [$&lt;read_str_from_txt&gt; =&gt; &lt;str_to_bool&gt;$]. Set log level to DEBUG for details
Rebuilding local parsing plan with next candidate parser: $&lt;read_str_from_txt&gt; =&gt; &lt;base64_ascii_str_pickle_to_object&gt; -&gt; &lt;float_to_bool&gt;$
DONE Rebuilding local parsing plan for [/home/travis/build/smarie/python-parsyfiles/parsyfiles/tests/combining_parsers_converters/test_data/b64pickle-float-1.0=True.txt]. Resuming parsing...
SUCCESS parsed [/home/travis/build/smarie/python-parsyfiles/parsyfiles/tests/combining_parsers_converters/test_data/b64pickle-float-1.0=True.txt] as a [bool] successfully. Parser used was [$&lt;read_str_from_txt&gt; =&gt; &lt;base64_ascii_str_pickle_to_object&gt; -&gt; &lt;float_to_bool&gt;$]

ERROR while parsing [/home/travis/build/smarie/python-parsyfiles/parsyfiles/tests/combining_parsers_converters/test_data/b64pickle-float-1.0=True.txt] into a [bool] using [$&lt;read_str_from_txt&gt; =&gt; &lt;str_to_bool&gt;$]. Set log level to DEBUG for details
Rebuilding local parsing plan with next candidate parser: $&lt;read_str_from_txt&gt; =&gt; &lt;base64_ascii_str_pickle_to_object&gt; -&gt; &lt;float_to_bool&gt;$
DONE Rebuilding local parsing plan for [/home/travis/build/smarie/python-parsyfiles/parsyfiles/tests/combining_parsers_converters/test_data/b64pickle-float-1.0=True.txt]. Resuming parsing...
SUCCESS parsed [/home/travis/build/smarie/python-parsyfiles/parsyfiles/tests/combining_parsers_converters/test_data/b64pickle-float-1.0=True.txt] as a [bool] successfully. Parser used was [$&lt;read_str_from_txt&gt; =&gt; &lt;base64_ascii_str_pickle_to_object&gt; -&gt; &lt;float_to_bool&gt;$]

ERROR while parsing [/home/travis/build/smarie/python-parsyfiles/parsyfiles/tests/combining_parsers_converters/test_data/b64pickle-float-1.0=True.txt] into a [bool] using [$&lt;read_str_from_txt&gt; =&gt; &lt;str_to_bool&gt;$]. Set log level to DEBUG for details
Rebuilding local parsing plan with next candidate parser: $&lt;read_str_from_txt&gt; =&gt; &lt;base64_ascii_str_pickle_to_object&gt; -&gt; &lt;float_to_bool&gt;$
DONE Rebuilding local parsing plan for [/home/travis/build/smarie/python-parsyfiles/parsyfiles/tests/combining_parsers_converters/test_data/b64pickle-float-1.0=True.txt]. Resuming parsing...
SUCCESS parsed [/home/travis/build/smarie/python-parsyfiles/parsyfiles/tests/combining_parsers_converters/test_data/b64pickle-float-1.0=True.txt] as a [bool] successfully. Parser used was [$&lt;read_str_from_txt&gt; =&gt; &lt;base64_ascii_str_pickle_to_object&gt; -&gt; &lt;float_to_bool&gt;$]

ERROR while parsing [/home/travis/build/smarie/python-parsyfiles/parsyfiles/tests/combining_parsers_converters/test_data/b64pickle-float-1.0=True.txt] into a [bool] using [$&lt;read_str_from_txt&gt; =&gt; &lt;str_to_bool&gt;$]. Set log level to DEBUG for details
Rebuilding local parsing plan with next candidate parser: $&lt;read_str_from_txt&gt; =&gt; &lt;base64_ascii_str_pickle_to_object&gt; -&gt; &lt;float_to_bool&gt;$
DONE Rebuilding local parsing plan for [/home/travis/build/smarie/python-parsyfiles/parsyfiles/tests/combining_parsers_converters/test_data/b64pickle-float-1.0=True.txt]. Resuming parsing...
SUCCESS parsed [/home/travis/build/smarie/python-parsyfiles/parsyfiles/tests/combining_parsers_converters/test_data/b64pickle-float-1.0=True.txt] as a [bool] successfully. Parser used was [$&lt;read_str_from_txt&gt; =&gt; &lt;base64_ascii_str_pickle_to_object&gt; -&gt; &lt;float_to_bool&gt;$]

ERROR while parsing [/home/travis/build/smarie/python-parsyfiles/parsyfiles/tests/combining_parsers_converters/test_data/b64pickle-float-1.0=True.txt] into a [bool] using [$&lt;read_str_from_txt&gt; =&gt; &lt;str_to_bool&gt;$]. Set log level to DEBUG for details
Rebuilding local parsing plan with next candidate parser: $&lt;read_str_from_txt&gt; =&gt; &lt;base64_ascii_str_pickle_to_object&gt; -&gt; &lt;float_to_bool&gt;$
DONE Rebuilding local parsing plan for [/home/travis/build/smarie/python-parsyfiles/parsyfiles/tests/combining_parsers_converters/test_data/b64pickle-float-1.0=True.txt]. Resuming parsing...
SUCCESS parsed [/home/travis/build/smarie/python-parsyfiles/parsyfiles/tests/combining_parsers_converters/test_data/b64pickle-float-1.0=True.txt] as a [bool] successfully. Parser used was [$&lt;read_str_from_txt&gt; =&gt; &lt;base64_ascii_str_pickle_to_object&gt; -&gt; &lt;float_to_bool&gt;$]

ERROR while parsing [/home/travis/build/smarie/python-parsyfiles/parsyfiles/tests/combining_parsers_converters/test_data/b64pickle-float-1.0=True.txt] into a [bool] using [$&lt;read_str_from_txt&gt; =&gt; &lt;str_to_bool&gt;$]. Set log level to DEBUG for details
Rebuilding local parsing plan with next candidate parser: $&lt;read_str_from_txt&gt; =&gt; &lt;base64_ascii_str_pickle_to_object&gt; -&gt; &lt;float_to_bool&gt;$
DONE Rebuilding local parsing plan for [/home/travis/build/smarie/python-parsyfiles/parsyfiles/tests/combining_parsers_converters/test_data/b64pickle-float-1.0=True.txt]. Resuming parsing...
SUCCESS parsed [/home/travis/build/smarie/python-parsyfiles/parsyfiles/tests/combining_parsers_converters/test_data/b64pickle-float-1.0=True.txt] as a [bool] successfully. Parser used was [$&lt;read_str_from_txt&gt; =&gt; &lt;base64_ascii_str_pickle_to_object&gt; -&gt; &lt;float_to_bool&gt;$]

ERROR while parsing [/home/travis/build/smarie/python-parsyfiles/parsyfiles/tests/combining_parsers_converters/test_data/b64pickle-float-1.0=True.txt] into a [bool] using [$&lt;read_str_from_txt&gt; =&gt; &lt;str_to_bool&gt;$]. Set log level to DEBUG for details
Rebuilding local parsing plan with next candidate parser: $&lt;read_str_from_txt&gt; =&gt; &lt;base64_ascii_str_pickle_to_object&gt; -&gt; &lt;float_to_bool&gt;$
DONE Rebuilding local parsing plan for [/home/travis/build/smarie/python-parsyfiles/parsyfiles/tests/combining_parsers_converters/test_data/b64pickle-float-1.0=True.txt]. Resuming parsing...
SUCCESS parsed [/home/travis/build/smarie/python-parsyfiles/parsyfiles/tests/combining_parsers_converters/test_data/b64pickle-float-1.0=True.txt] as a [bool] successfully. Parser used was [$&lt;read_str_from_txt&gt; =&gt; &lt;base64_ascii_str_pickle_to_object&gt; -&gt; &lt;float_to_bool&gt;$]

ERROR while parsing [/home/travis/build/smarie/python-parsyfiles/parsyfiles/tests/combining_parsers_converters/test_data/b64pickle-float-1.0=True.txt] into a [bool] using [$&lt;read_str_from_txt&gt; =&gt; &lt;str_to_bool&gt;$]. Set log level to DEBUG for details
Rebuilding local parsing plan with next candidate parser: $&lt;read_str_from_txt&gt; =&gt; &lt;base64_ascii_str_pickle_to_object&gt; -&gt; &lt;float_to_bool&gt;$
DONE Rebuilding local parsing plan for [/home/travis/build/smarie/python-parsyfiles/parsyfiles/tests/combining_parsers_converters/test_data/b64pickle-float-1.0=True.txt]. Resuming parsing...
SUCCESS parsed [/home/travis/build/smarie/python-parsyfiles/parsyfiles/tests/combining_parsers_converters/test_data/b64pickle-float-1.0=True.txt] as a [bool] successfully. Parser used was [$&lt;read_str_from_txt&gt; =&gt; &lt;base64_ascii_str_pickle_to_object&gt; -&gt; &lt;float_to_bool&gt;$]

ERROR while parsing [/home/travis/build/smarie/python-parsyfiles/parsyfiles/tests/combining_parsers_converters/test_data/b64pickle-float-1.0=True.txt] into a [bool] using [$&lt;read_str_from_txt&gt; =&gt; &lt;str_to_bool&gt;$]. Set log level to DEBUG for details
Rebuilding local parsing plan with next candidate parser: $&lt;read_str_from_txt&gt; =&gt; &lt;base64_ascii_str_pickle_to_object&gt; -&gt; &lt;float_to_bool&gt;$
DONE Rebuilding local parsing plan for [/home/travis/build/smarie/python-parsyfiles/parsyfiles/tests/combining_parsers_converters/test_data/b64pickle-float-1.0=True.txt]. Resuming parsing...
SUCCESS parsed [/home/travis/build/smarie/python-parsyfiles/parsyfiles/tests/combining_parsers_converters/test_data/b64pickle-float-1.0=True.txt] as a [bool] successfully. Parser used was [$&lt;read_str_from_txt&gt; =&gt; &lt;base64_ascii_str_pickle_to_object&gt; -&gt; &lt;float_to_bool&gt;$]

ERROR while parsing [/home/travis/build/smarie/python-parsyfiles/parsyfiles/tests/combining_parsers_converters/test_data/b64pickle-float-1.0=True.txt] into a [bool] using [$&lt;read_str_from_txt&gt; =&gt; &lt;str_to_bool&gt;$]. Set log level to DEBUG for details
Rebuilding local parsing plan with next candidate parser: $&lt;read_str_from_txt&gt; =&gt; &lt;base64_ascii_str_pickle_to_object&gt; -&gt; &lt;float_to_bool&gt;$
DONE Rebuilding local parsing plan for [/home/travis/build/smarie/python-parsyfiles/parsyfiles/tests/combining_parsers_converters/test_data/b64pickle-float-1.0=True.txt]. Resuming parsing...
SUCCESS parsed [/home/travis/build/smarie/python-parsyfiles/parsyfiles/tests/combining_parsers_converters/test_data/b64pickle-float-1.0=True.txt] as a [bool] successfully. Parser used was [$&lt;read_str_from_txt&gt; =&gt; &lt;base64_ascii_str_pickle_to_object&gt; -&gt; &lt;float_to_bool&gt;$]

ERROR while parsing [/home/travis/build/smarie/python-parsyfiles/parsyfiles/tests/combining_parsers_converters/test_data/b64pickle-float-1.0=True.txt] into a [bool] using [$&lt;read_str_from_txt&gt; =&gt; &lt;str_to_bool&gt;$]. Set log level to DEBUG for details
Rebuilding local parsing plan with next candidate parser: $&lt;read_str_from_txt&gt; =&gt; &lt;base64_ascii_str_pickle_to_object&gt; -&gt; &lt;float_to_bool&gt;$
DONE Rebuilding local parsing plan for [/home/travis/build/smarie/python-parsyfiles/parsyfiles/tests/combining_parsers_converters/test_data/b64pickle-float-1.0=True.txt]. Resuming parsing...
SUCCESS parsed [/home/travis/build/smarie/python-parsyfiles/parsyfiles/tests/combining_parsers_converters/test_data/b64pickle-float-1.0=True.txt] as a [bool] successfully. Parser used was [$&lt;read_str_from_txt&gt; =&gt; &lt;base64_ascii_str_pickle_to_object&gt; -&gt; &lt;float_to_bool&gt;$]

ERROR while parsing [/home/travis/build/smarie/python-parsyfiles/parsyfiles/tests/combining_parsers_converters/test_data/b64pickle-float-1.0=True.txt] into a [bool] using [$&lt;read_str_from_txt&gt; =&gt; &lt;str_to_bool&gt;$]. Set log level to DEBUG for details
Rebuilding local parsing plan with next candidate parser: $&lt;read_str_from_txt&gt; =&gt; &lt;base64_ascii_str_pickle_to_object&gt; -&gt; &lt;float_to_bool&gt;$
DONE Rebuilding local parsing plan for [/home/travis/build/smarie/python-parsyfiles/parsyfiles/tests/combining_parsers_converters/test_data/b64pickle-float-1.0=True.txt]. Resuming parsing...
SUCCESS parsed [/home/travis/build/smarie/python-parsyfiles/parsyfiles/tests/combining_parsers_converters/test_data/b64pickle-float-1.0=True.txt] as a [bool] successfully. Parser used was [$&lt;read_str_from_txt&gt; =&gt; &lt;base64_ascii_str_pickle_to_object&gt; -&gt; &lt;float_to_bool&gt;$]

ERROR while parsing [/home/travis/build/smarie/python-parsyfiles/parsyfiles/tests/combining_parsers_converters/test_data/b64pickle-float-1.0=True.txt] into a [bool] using [$&lt;read_str_from_txt&gt; =&gt; &lt;str_to_bool&gt;$]. Set log level to DEBUG for details
Rebuilding local parsing plan with next candidate parser: $&lt;read_str_from_txt&gt; =&gt; &lt;base64_ascii_str_pickle_to_object&gt; -&gt; &lt;float_to_bool&gt;$
DONE Rebuilding local parsing plan for [/home/travis/build/smarie/python-parsyfiles/parsyfiles/tests/combining_parsers_converters/test_data/b64pickle-float-1.0=True.txt]. Resuming parsing...
SUCCESS parsed [/home/travis/build/smarie/python-parsyfiles/parsyfiles/tests/combining_parsers_converters/test_data/b64pickle-float-1.0=True.txt] as a [bool] successfully. Parser used was [$&lt;read_str_from_txt&gt; =&gt; &lt;base64_ascii_str_pickle_to_object&gt; -&gt; &lt;float_to_bool&gt;$]

ERROR while parsing [/home/travis/build/smarie/python-parsyfiles/parsyfiles/tests/combining_parsers_converters/test_data/b64pickle-float-1.0=True.txt] into a [bool] using [$&lt;read_str_from_txt&gt; =&gt; &lt;str_to_bool&gt;$]. Set log level to DEBUG for details
Rebuilding local parsing plan with next candidate parser: $&lt;read_str_from_txt&gt; =&gt; &lt;base64_ascii_str_pickle_to_object&gt; -&gt; &lt;float_to_bool&gt;$
DONE Rebuilding local parsing plan for [/home/travis/build/smarie/python-parsyfiles/parsyfiles/tests/combining_parsers_converters/test_data/b64pickle-float-1.0=True.txt]. Resuming parsing...
SUCCESS parsed [/home/travis/build/smarie/python-parsyfiles/parsyfiles/tests/combining_parsers_converters/test_data/b64pickle-float-1.0=True.txt] as a [bool] successfully. Parser used was [$&lt;read_str_from_txt&gt; =&gt; &lt;base64_ascii_str_pickle_to_object&gt; -&gt; &lt;float_to_bool&gt;$]

ERROR while parsing [/home/travis/build/smarie/python-parsyfiles/parsyfiles/tests/combining_parsers_converters/test_data/b64pickle-float-1.0=True.txt] into a [bool] using [$&lt;read_str_from_txt&gt; =&gt; &lt;str_to_bool&gt;$]. Set log level to DEBUG for details
Rebuilding local parsing plan with next candidate parser: $&lt;read_str_from_txt&gt; =&gt; &lt;base64_ascii_str_pickle_to_object&gt; -&gt; &lt;float_to_bool&gt;$
DONE Rebuilding local parsing plan for [/home/travis/build/smarie/python-parsyfiles/parsyfiles/tests/combining_parsers_converters/test_data/b64pickle-float-1.0=True.txt]. Resuming parsing...
SUCCESS parsed [/home/travis/build/smarie/python-parsyfiles/parsyfiles/tests/combining_parsers_converters/test_data/b64pickle-float-1.0=True.txt] as a [bool] successfully. Parser used was [$&lt;read_str_from_txt&gt; =&gt; &lt;base64_ascii_str_pickle_to_object&gt; -&gt; &lt;float_to_bool&gt;$]

ERROR while parsing [/home/travis/build/smarie/python-parsyfiles/parsyfiles/tests/combining_parsers_converters/test_data/b64pickle-float-1.0=True.txt] into a [bool] using [$&lt;read_str_from_txt&gt; =&gt; &lt;str_to_bool&gt;$]. Set log level to DEBUG for details
Rebuilding local parsing plan with next candidate parser: $&lt;read_str_from_txt&gt; =&gt; &lt;base64_ascii_str_pickle_to_object&gt; -&gt; &lt;float_to_bool&gt;$
DONE Rebuilding local parsing plan for [/home/travis/build/smarie/python-parsyfiles/parsyfiles/tests/combining_parsers_converters/test_data/b64pickle-float-1.0=True.txt]. Resuming parsing...
SUCCESS parsed [/home/travis/build/smarie/python-parsyfiles/parsyfiles/tests/combining_parsers_converters/test_data/b64pickle-float-1.0=True.txt] as a [bool] successfully. Parser used was [$&lt;read_str_from_txt&gt; =&gt; &lt;base64_ascii_str_pickle_to_object&gt; -&gt; &lt;float_to_bool&gt;$]

ERROR while parsing [/home/travis/build/smarie/python-parsyfiles/parsyfiles/tests/combining_parsers_converters/test_data/b64pickle-float-1.0=True.txt] into a [bool] using [$&lt;read_str_from_txt&gt; =&gt; &lt;str_to_bool&gt;$]. Set log level to DEBUG for details
Rebuilding local parsing plan with next candidate parser: $&lt;read_str_from_txt&gt; =&gt; &lt;base64_ascii_str_pickle_to_object&gt; -&gt; &lt;float_to_bool&gt;$
DONE Rebuilding local parsing plan for [/home/travis/build/smarie/python-parsyfiles/parsyfiles/tests/combining_parsers_converters/test_data/b64pickle-float-1.0=True.txt]. Resuming parsing...
SUCCESS parsed [/home/travis/build/smarie/python-parsyfiles/parsyfiles/tests/combining_parsers_converters/test_data/b64pickle-float-1.0=True.txt] as a [bool] successfully. Parser used was [$&lt;read_str_from_txt&gt; =&gt; &lt;base64_ascii_str_pickle_to_object&gt; -&gt; &lt;float_to_bool&gt;$]

ERROR while parsing [/home/travis/build/smarie/python-parsyfiles/parsyfiles/tests/combining_parsers_converters/test_data/b64pickle-float-1.0=True.txt] into a [bool] using [$&lt;read_str_from_txt&gt; =&gt; &lt;str_to_bool&gt;$]. Set log level to DEBUG for details
Rebuilding local parsing plan with next candidate parser: $&lt;read_str_from_txt&gt; =&gt; &lt;base64_ascii_str_pickle_to_object&gt; -&gt; &lt;float_to_bool&gt;$
DONE Rebuilding local parsing plan for [/home/travis/build/smarie/python-parsyfiles/parsyfiles/tests/combining_parsers_converters/test_data/b64pickle-float-1.0=True.txt]. Resuming parsing...
SUCCESS parsed [/home/travis/build/smarie/python-parsyfiles/parsyfiles/tests/combining_parsers_converters/test_data/b64pickle-float-1.0=True.txt] as a [bool] successfully. Parser used was [$&lt;read_str_from_txt&gt; =&gt; &lt;base64_ascii_str_pickle_to_object&gt; -&gt; &lt;float_to_bool&gt;$]

ERROR while parsing [/home/travis/build/smarie/python-parsyfiles/parsyfiles/tests/combining_parsers_converters/test_data/b64pickle-float-1.0=True.txt] into a [bool] using [$&lt;read_str_from_txt&gt; =&gt; &lt;str_to_bool&gt;$]. Set log level to DEBUG for details
Rebuilding local parsing plan with next candidate parser: $&lt;read_str_from_txt&gt; =&gt; &lt;base64_ascii_str_pickle_to_object&gt; -&gt; &lt;float_to_bool&gt;$
DONE Rebuilding local parsing plan for [/home/travis/build/smarie/python-parsyfiles/parsyfiles/tests/combining_parsers_converters/test_data/b64pickle-float-1.0=True.txt]. Resuming parsing...
SUCCESS parsed [/home/travis/build/smarie/python-parsyfiles/parsyfiles/tests/combining_parsers_converters/test_data/b64pickle-float-1.0=True.txt] as a [bool] successfully. Parser used was [$&lt;read_str_from_txt&gt; =&gt; &lt;base64_ascii_str_pickle_to_object&gt; -&gt; &lt;float_to_bool&gt;$]

ERROR while parsing [/home/travis/build/smarie/python-parsyfiles/parsyfiles/tests/combining_parsers_converters/test_data/b64pickle-float-1.0=True.txt] into a [bool] using [$&lt;read_str_from_txt&gt; =&gt; &lt;str_to_bool&gt;$]. Set log level to DEBUG for details
Rebuilding local parsing plan with next candidate parser: $&lt;read_str_from_txt&gt; =&gt; &lt;base64_ascii_str_pickle_to_object&gt; -&gt; &lt;float_to_bool&gt;$
DONE Rebuilding local parsing plan for [/home/travis/build/smarie/python-parsyfiles/parsyfiles/tests/combining_parsers_converters/test_data/b64pickle-float-1.0=True.txt]. Resuming parsing...
SUCCESS parsed [/home/travis/build/smarie/python-parsyfiles/parsyfiles/tests/combining_parsers_converters/test_data/b64pickle-float-1.0=True.txt] as a [bool] successfully. Parser used was [$&lt;read_str_from_txt&gt; =&gt; &lt;base64_ascii_str_pickle_to_object&gt; -&gt; &lt;float_to_bool&gt;$]

ERROR while parsing [/home/travis/build/smarie/python-parsyfiles/parsyfiles/tests/combining_parsers_converters/test_data/b64pickle-float-1.0=True.txt] into a [bool] using [$&lt;read_str_from_txt&gt; =&gt; &lt;str_to_bool&gt;$]. Set log level to DEBUG for details
Rebuilding local parsing plan with next candidate parser: $&lt;read_str_from_txt&gt; =&gt; &lt;base64_ascii_str_pickle_to_object&gt; -&gt; &lt;float_to_bool&gt;$
DONE Rebuilding local parsing plan for [/home/travis/build/smarie/python-parsyfiles/parsyfiles/tests/combining_parsers_converters/test_data/b64pickle-float-1.0=True.txt]. Resuming parsing...
SUCCESS parsed [/home/travis/build/smarie/python-parsyfiles/parsyfiles/tests/combining_parsers_converters/test_data/b64pickle-float-1.0=True.txt] as a [bool] successfully. Parser used was [$&lt;read_str_from_txt&gt; =&gt; &lt;base64_ascii_str_pickle_to_object&gt; -&gt; &lt;float_to_bool&gt;$]

ERROR while parsing [/home/travis/build/smarie/python-parsyfiles/parsyfiles/tests/combining_parsers_converters/test_data/b64pickle-float-1.0=True.txt] into a [bool] using [$&lt;read_str_from_txt&gt; =&gt; &lt;str_to_bool&gt;$]. Set log level to DEBUG for details
Rebuilding local parsing plan with next candidate parser: $&lt;read_str_from_txt&gt; =&gt; &lt;base64_ascii_str_pickle_to_object&gt; -&gt; &lt;float_to_bool&gt;$
DONE Rebuilding local parsing plan for [/home/travis/build/smarie/python-parsyfiles/parsyfiles/tests/combining_parsers_converters/test_data/b64pickle-float-1.0=True.txt]. Resuming parsing...
SUCCESS parsed [/home/travis/build/smarie/python-parsyfiles/parsyfiles/tests/combining_parsers_converters/test_data/b64pickle-float-1.0=True.txt] as a [bool] successfully. Parser used was [$&lt;read_str_from_txt&gt; =&gt; &lt;base64_ascii_str_pickle_to_object&gt; -&gt; &lt;float_to_bool&gt;$]

ERROR while parsing [/home/travis/build/smarie/python-parsyfiles/parsyfiles/tests/combining_parsers_converters/test_data/b64pickle-float-1.0=True.txt] into a [bool] using [$&lt;read_str_from_txt&gt; =&gt; &lt;str_to_bool&gt;$]. Set log level to DEBUG for details
Rebuilding local parsing plan with next candidate parser: $&lt;read_str_from_txt&gt; =&gt; &lt;base64_ascii_str_pickle_to_object&gt; -&gt; &lt;float_to_bool&gt;$
DONE Rebuilding local parsing plan for [/home/travis/build/smarie/python-parsyfiles/parsyfiles/tests/combining_parsers_converters/test_data/b64pickle-float-1.0=True.txt]. Resuming parsing...
SUCCESS parsed [/home/travis/build/smarie/python-parsyfiles/parsyfiles/tests/combining_parsers_converters/test_data/b64pickle-float-1.0=True.txt] as a [bool] successfully. Parser used was [$&lt;read_str_from_txt&gt; =&gt; &lt;base64_ascii_str_pickle_to_object&gt; -&gt; &lt;float_to_bool&gt;$]

ERROR while parsing [/home/travis/build/smarie/python-parsyfiles/parsyfiles/tests/combining_parsers_converters/test_data/b64pickle-float-1.0=True.txt] into a [bool] using [$&lt;read_str_from_txt&gt; =&gt; &lt;str_to_bool&gt;$]. Set log level to DEBUG for details
Rebuilding local parsing plan with next candidate parser: $&lt;read_str_from_txt&gt; =&gt; &lt;base64_ascii_str_pickle_to_object&gt; -&gt; &lt;float_to_bool&gt;$
DONE Rebuilding local parsing plan for [/home/travis/build/smarie/python-parsyfiles/parsyfiles/tests/combining_parsers_converters/test_data/b64pickle-float-1.0=True.txt]. Resuming parsing...
SUCCESS parsed [/home/travis/build/smarie/python-parsyfiles/parsyfiles/tests/combining_parsers_converters/test_data/b64pickle-float-1.0=True.txt] as a [bool] successfully. Parser used was [$&lt;read_str_from_txt&gt; =&gt; &lt;base64_ascii_str_pickle_to_object&gt; -&gt; &lt;float_to_bool&gt;$]

ERROR while parsing [/home/travis/build/smarie/python-parsyfiles/parsyfiles/tests/combining_parsers_converters/test_data/b64pickle-float-1.0=True.txt] into a [bool] using [$&lt;read_str_from_txt&gt; =&gt; &lt;str_to_bool&gt;$]. Set log level to DEBUG for details
Rebuilding local parsing plan with next candidate parser: $&lt;read_str_from_txt&gt; =&gt; &lt;base64_ascii_str_pickle_to_object&gt; -&gt; &lt;float_to_bool&gt;$
DONE Rebuilding local parsing plan for [/home/travis/build/smarie/python-parsyfiles/parsyfiles/tests/combining_parsers_converters/test_data/b64pickle-float-1.0=True.txt]. Resuming parsing...
SUCCESS parsed [/home/travis/build/smarie/python-parsyfiles/parsyfiles/tests/combining_parsers_converters/test_data/b64pickle-float-1.0=True.txt] as a [bool] successfully. Parser used was [$&lt;read_str_from_txt&gt; =&gt; &lt;base64_ascii_str_pickle_to_object&gt; -&gt; &lt;float_to_bool&gt;$]

ERROR while parsing [/home/travis/build/smarie/python-parsyfiles/parsyfiles/tests/combining_parsers_converters/test_data/b64pickle-float-1.0=True.txt] into a [bool] using [$&lt;read_str_from_txt&gt; =&gt; &lt;str_to_bool&gt;$]. Set log level to DEBUG for details
Rebuilding local parsing plan with next candidate parser: $&lt;read_str_from_txt&gt; =&gt; &lt;base64_ascii_str_pickle_to_object&gt; -&gt; &lt;float_to_bool&gt;$
DONE Rebuilding local parsing plan for [/home/travis/build/smarie/python-parsyfiles/parsyfiles/tests/combining_parsers_converters/test_data/b64pickle-float-1.0=True.txt]. Resuming parsing...
SUCCESS parsed [/home/travis/build/smarie/python-parsyfiles/parsyfiles/tests/combining_parsers_converters/test_data/b64pickle-float-1.0=True.txt] as a [bool] successfully. Parser used was [$&lt;read_str_from_txt&gt; =&gt; &lt;base64_ascii_str_pickle_to_object&gt; -&gt; &lt;float_to_bool&gt;$]

ERROR while parsing [/home/travis/build/smarie/python-parsyfiles/parsyfiles/tests/combining_parsers_converters/test_data/b64pickle-float-1.0=True.txt] into a [bool] using [$&lt;read_str_from_txt&gt; =&gt; &lt;str_to_bool&gt;$]. Set log level to DEBUG for details
Rebuilding local parsing plan with next candidate parser: $&lt;read_str_from_txt&gt; =&gt; &lt;base64_ascii_str_pickle_to_object&gt; -&gt; &lt;float_to_bool&gt;$
DONE Rebuilding local parsing plan for [/home/travis/build/smarie/python-parsyfiles/parsyfiles/tests/combining_parsers_converters/test_data/b64pickle-float-1.0=True.txt]. Resuming parsing...
SUCCESS parsed [/home/travis/build/smarie/python-parsyfiles/parsyfiles/tests/combining_parsers_converters/test_data/b64pickle-float-1.0=True.txt] as a [bool] successfully. Parser used was [$&lt;read_str_from_txt&gt; =&gt; &lt;base64_ascii_str_pickle_to_object&gt; -&gt; &lt;float_to_bool&gt;$]

ERROR while parsing [/home/travis/build/smarie/python-parsyfiles/parsyfiles/tests/combining_parsers_converters/test_data/b64pickle-float-1.0=True.txt] into a [bool] using [$&lt;read_str_from_txt&gt; =&gt; &lt;str_to_bool&gt;$]. Set log level to DEBUG for details
Rebuilding local parsing plan with next candidate parser: $&lt;read_str_from_txt&gt; =&gt; &lt;base64_ascii_str_pickle_to_object&gt; -&gt; &lt;float_to_bool&gt;$
DONE Rebuilding local parsing plan for [/home/travis/build/smarie/python-parsyfiles/parsyfiles/tests/combining_parsers_converters/test_data/b64pickle-float-1.0=True.txt]. Resuming parsing...
SUCCESS parsed [/home/travis/build/smarie/python-parsyfiles/parsyfiles/tests/combining_parsers_converters/test_data/b64pickle-float-1.0=True.txt] as a [bool] successfully. Parser used was [$&lt;read_str_from_txt&gt; =&gt; &lt;base64_ascii_str_pickle_to_object&gt; -&gt; &lt;float_to_bool&gt;$]

ERROR while parsing [/home/travis/build/smarie/python-parsyfiles/parsyfiles/tests/combining_parsers_converters/test_data/b64pickle-float-1.0=True.txt] into a [bool] using [$&lt;read_str_from_txt&gt; =&gt; &lt;str_to_bool&gt;$]. Set log level to DEBUG for details
Rebuilding local parsing plan with next candidate parser: $&lt;read_str_from_txt&gt; =&gt; &lt;base64_ascii_str_pickle_to_object&gt; -&gt; &lt;float_to_bool&gt;$
DONE Rebuilding local parsing plan for [/home/travis/build/smarie/python-parsyfiles/parsyfiles/tests/combining_parsers_converters/test_data/b64pickle-float-1.0=True.txt]. Resuming parsing...
SUCCESS parsed [/home/travis/build/smarie/python-parsyfiles/parsyfiles/tests/combining_parsers_converters/test_data/b64pickle-float-1.0=True.txt] as a [bool] successfully. Parser used was [$&lt;read_str_from_txt&gt; =&gt; &lt;base64_ascii_str_pickle_to_object&gt; -&gt; &lt;float_to_bool&gt;$]

ERROR while parsing [/home/travis/build/smarie/python-parsyfiles/parsyfiles/tests/combining_parsers_converters/test_data/b64pickle-float-1.0=True.txt] into a [bool] using [$&lt;read_str_from_txt&gt; =&gt; &lt;str_to_bool&gt;$]. Set log level to DEBUG for details
Rebuilding local parsing plan with next candidate parser: $&lt;read_str_from_txt&gt; =&gt; &lt;base64_ascii_str_pickle_to_object&gt; -&gt; &lt;float_to_bool&gt;$
DONE Rebuilding local parsing plan for [/home/travis/build/smarie/python-parsyfiles/parsyfiles/tests/combining_parsers_converters/test_data/b64pickle-float-1.0=True.txt]. Resuming parsing...
SUCCESS parsed [/home/travis/build/smarie/python-parsyfiles/parsyfiles/tests/combining_parsers_converters/test_data/b64pickle-float-1.0=True.txt] as a [bool] successfully. Parser used was [$&lt;read_str_from_txt&gt; =&gt; &lt;base64_ascii_str_pickle_to_object&gt; -&gt; &lt;float_to_bool&gt;$]

ERROR while parsing [/home/travis/build/smarie/python-parsyfiles/parsyfiles/tests/combining_parsers_converters/test_data/b64pickle-float-1.0=True.txt] into a [bool] using [$&lt;read_str_from_txt&gt; =&gt; &lt;str_to_bool&gt;$]. Set log level to DEBUG for details
Rebuilding local parsing plan with next candidate parser: $&lt;read_str_from_txt&gt; =&gt; &lt;base64_ascii_str_pickle_to_object&gt; -&gt; &lt;float_to_bool&gt;$
DONE Rebuilding local parsing plan for [/home/travis/build/smarie/python-parsyfiles/parsyfiles/tests/combining_parsers_converters/test_data/b64pickle-float-1.0=True.txt]. Resuming parsing...
SUCCESS parsed [/home/travis/build/smarie/python-parsyfiles/parsyfiles/tests/combining_parsers_converters/test_data/b64pickle-float-1.0=True.txt] as a [bool] successfully. Parser used was [$&lt;read_str_from_txt&gt; =&gt; &lt;base64_ascii_str_pickle_to_object&gt; -&gt; &lt;float_to_bool&gt;$]

ERROR while parsing [/home/travis/build/smarie/python-parsyfiles/parsyfiles/tests/combining_parsers_converters/test_data/b64pickle-float-1.0=True.txt] into a [bool] using [$&lt;read_str_from_txt&gt; =&gt; &lt;str_to_bool&gt;$]. Set log level to DEBUG for details
Rebuilding local parsing plan with next candidate parser: $&lt;read_str_from_txt&gt; =&gt; &lt;base64_ascii_str_pickle_to_object&gt; -&gt; &lt;float_to_bool&gt;$
DONE Rebuilding local parsing plan for [/home/travis/build/smarie/python-parsyfiles/parsyfiles/tests/combining_parsers_converters/test_data/b64pickle-float-1.0=True.txt]. Resuming parsing...
SUCCESS parsed [/home/travis/build/smarie/python-parsyfiles/parsyfiles/tests/combining_parsers_converters/test_data/b64pickle-float-1.0=True.txt] as a [bool] successfully. Parser used was [$&lt;read_str_from_txt&gt; =&gt; &lt;base64_ascii_str_pickle_to_object&gt; -&gt; &lt;float_to_bool&gt;$]

ERROR while parsing [/home/travis/build/smarie/python-parsyfiles/parsyfiles/tests/combining_parsers_converters/test_data/b64pickle-float-1.0=True.txt] into a [bool] using [$&lt;read_str_from_txt&gt; =&gt; &lt;str_to_bool&gt;$]. Set log level to DEBUG for details
Rebuilding local parsing plan with next candidate parser: $&lt;read_str_from_txt&gt; =&gt; &lt;base64_ascii_str_pickle_to_object&gt; -&gt; &lt;float_to_bool&gt;$
DONE Rebuilding local parsing plan for [/home/travis/build/smarie/python-parsyfiles/parsyfiles/tests/combining_parsers_converters/test_data/b64pickle-float-1.0=True.txt]. Resuming parsing...
SUCCESS parsed [/home/travis/build/smarie/python-parsyfiles/parsyfiles/tests/combining_parsers_converters/test_data/b64pickle-float-1.0=True.txt] as a [bool] successfully. Parser used was [$&lt;read_str_from_txt&gt; =&gt; &lt;base64_ascii_str_pickle_to_object&gt; -&gt; &lt;float_to_bool&gt;$]

ERROR while parsing [/home/travis/build/smarie/python-parsyfiles/parsyfiles/tests/combining_parsers_converters/test_data/b64pickle-float-1.0=True.txt] into a [bool] using [$&lt;read_str_from_txt&gt; =&gt; &lt;str_to_bool&gt;$]. Set log level to DEBUG for details
Rebuilding local parsing plan with next candidate parser: $&lt;read_str_from_txt&gt; =&gt; &lt;base64_ascii_str_pickle_to_object&gt; -&gt; &lt;float_to_bool&gt;$
DONE Rebuilding local parsing plan for [/home/travis/build/smarie/python-parsyfiles/parsyfiles/tests/combining_parsers_converters/test_data/b64pickle-float-1.0=True.txt]. Resuming parsing...
SUCCESS parsed [/home/travis/build/smarie/python-parsyfiles/parsyfiles/tests/combining_parsers_converters/test_data/b64pickle-float-1.0=True.txt] as a [bool] successfully. Parser used was [$&lt;read_str_from_txt&gt; =&gt; &lt;base64_ascii_str_pickle_to_object&gt; -&gt; &lt;float_to_bool&gt;$]

ERROR while parsing [/home/travis/build/smarie/python-parsyfiles/parsyfiles/tests/combining_parsers_converters/test_data/b64pickle-float-1.0=True.txt] into a [bool] using [$&lt;read_str_from_txt&gt; =&gt; &lt;str_to_bool&gt;$]. Set log level to DEBUG for details
Rebuilding local parsing plan with next candidate parser: $&lt;read_str_from_txt&gt; =&gt; &lt;base64_ascii_str_pickle_to_object&gt; -&gt; &lt;float_to_bool&gt;$
DONE Rebuilding local parsing plan for [/home/travis/build/smarie/python-parsyfiles/parsyfiles/tests/combining_parsers_converters/test_data/b64pickle-float-1.0=True.txt]. Resuming parsing...
SUCCESS parsed [/home/travis/build/smarie/python-parsyfiles/parsyfiles/tests/combining_parsers_converters/test_data/b64pickle-float-1.0=True.txt] as a [bool] successfully. Parser used was [$&lt;read_str_from_txt&gt; =&gt; &lt;base64_ascii_str_pickle_to_object&gt; -&gt; &lt;float_to_bool&gt;$]

ERROR while parsing [/home/travis/build/smarie/python-parsyfiles/parsyfiles/tests/combining_parsers_converters/test_data/b64pickle-float-1.0=True.txt] into a [bool] using [$&lt;read_str_from_txt&gt; =&gt; &lt;str_to_bool&gt;$]. Set log level to DEBUG for details
Rebuilding local parsing plan with next candidate parser: $&lt;read_str_from_txt&gt; =&gt; &lt;base64_ascii_str_pickle_to_object&gt; -&gt; &lt;float_to_bool&gt;$
DONE Rebuilding local parsing plan for [/home/travis/build/smarie/python-parsyfiles/parsyfiles/tests/combining_parsers_converters/test_data/b64pickle-float-1.0=True.txt]. Resuming parsing...
SUCCESS parsed [/home/travis/build/smarie/python-parsyfiles/parsyfiles/tests/combining_parsers_converters/test_data/b64pickle-float-1.0=True.txt] as a [bool] successfully. Parser used was [$&lt;read_str_from_txt&gt; =&gt; &lt;base64_ascii_str_pickle_to_object&gt; -&gt; &lt;float_to_bool&gt;$]

ERROR while parsing [/home/travis/build/smarie/python-parsyfiles/parsyfiles/tests/combining_parsers_converters/test_data/b64pickle-float-1.0=True.txt] into a [bool] using [$&lt;read_str_from_txt&gt; =&gt; &lt;str_to_bool&gt;$]. Set log level to DEBUG for details
Rebuilding local parsing plan with next candidate parser: $&lt;read_str_from_txt&gt; =&gt; &lt;base64_ascii_str_pickle_to_object&gt; -&gt; &lt;float_to_bool&gt;$
DONE Rebuilding local parsing plan for [/home/travis/build/smarie/python-parsyfiles/parsyfiles/tests/combining_parsers_converters/test_data/b64pickle-float-1.0=True.txt]. Resuming parsing...
SUCCESS parsed [/home/travis/build/smarie/python-parsyfiles/parsyfiles/tests/combining_parsers_converters/test_data/b64pickle-float-1.0=True.txt] as a [bool] successfully. Parser used was [$&lt;read_str_from_txt&gt; =&gt; &lt;base64_ascii_str_pickle_to_object&gt; -&gt; &lt;float_to_bool&gt;$]

ERROR while parsing [/home/travis/build/smarie/python-parsyfiles/parsyfiles/tests/combining_parsers_converters/test_data/b64pickle-float-1.0=True.txt] into a [bool] using [$&lt;read_str_from_txt&gt; =&gt; &lt;str_to_bool&gt;$]. Set log level to DEBUG for details
Rebuilding local parsing plan with next candidate parser: $&lt;read_str_from_txt&gt; =&gt; &lt;base64_ascii_str_pickle_to_object&gt; -&gt; &lt;float_to_bool&gt;$
DONE Rebuilding local parsing plan for [/home/travis/build/smarie/python-parsyfiles/parsyfiles/tests/combining_parsers_converters/test_data/b64pickle-float-1.0=True.txt]. Resuming parsing...
SUCCESS parsed [/home/travis/build/smarie/python-parsyfiles/parsyfiles/tests/combining_parsers_converters/test_data/b64pickle-float-1.0=True.txt] as a [bool] successfully. Parser used was [$&lt;read_str_from_txt&gt; =&gt; &lt;base64_ascii_str_pickle_to_object&gt; -&gt; &lt;float_to_bool&gt;$]

ERROR while parsing [/home/travis/build/smarie/python-parsyfiles/parsyfiles/tests/combining_parsers_converters/test_data/b64pickle-float-1.0=True.txt] into a [bool] using [$&lt;read_str_from_txt&gt; =&gt; &lt;str_to_bool&gt;$]. Set log level to DEBUG for details
Rebuilding local parsing plan with next candidate parser: $&lt;read_str_from_txt&gt; =&gt; &lt;base64_ascii_str_pickle_to_object&gt; -&gt; &lt;float_to_bool&gt;$
DONE Rebuilding local parsing plan for [/home/travis/build/smarie/python-parsyfiles/parsyfiles/tests/combining_parsers_converters/test_data/b64pickle-float-1.0=True.txt]. Resuming parsing...
SUCCESS parsed [/home/travis/build/smarie/python-parsyfiles/parsyfiles/tests/combining_parsers_converters/test_data/b64pickle-float-1.0=True.txt] as a [bool] successfully. Parser used was [$&lt;read_str_from_txt&gt; =&gt; &lt;base64_ascii_str_pickle_to_object&gt; -&gt; &lt;float_to_bool&gt;$]

ERROR while parsing [/home/travis/build/smarie/python-parsyfiles/parsyfiles/tests/combining_parsers_converters/test_data/b64pickle-float-1.0=True.txt] into a [bool] using [$&lt;read_str_from_txt&gt; =&gt; &lt;str_to_bool&gt;$]. Set log level to DEBUG for details
Rebuilding local parsing plan with next candidate parser: $&lt;read_str_from_txt&gt; =&gt; &lt;base64_ascii_str_pickle_to_object&gt; -&gt; &lt;float_to_bool&gt;$
DONE Rebuilding local parsing plan for [/home/travis/build/smarie/python-parsyfiles/parsyfiles/tests/combining_parsers_converters/test_data/b64pickle-float-1.0=True.txt]. Resuming parsing...
SUCCESS parsed [/home/travis/build/smarie/python-parsyfiles/parsyfiles/tests/combining_parsers_converters/test_data/b64pickle-float-1.0=True.txt] as a [bool] successfully. Parser used was [$&lt;read_str_from_txt&gt; =&gt; &lt;base64_ascii_str_pickle_to_object&gt; -&gt; &lt;float_to_bool&gt;$]

ERROR while parsing [/home/travis/build/smarie/python-parsyfiles/parsyfiles/tests/combining_parsers_converters/test_data/b64pickle-float-1.0=True.txt] into a [bool] using [$&lt;read_str_from_txt&gt; =&gt; &lt;str_to_bool&gt;$]. Set log level to DEBUG for details
Rebuilding local parsing plan with next candidate parser: $&lt;read_str_from_txt&gt; =&gt; &lt;base64_ascii_str_pickle_to_object&gt; -&gt; &lt;float_to_bool&gt;$
DONE Rebuilding local parsing plan for [/home/travis/build/smarie/python-parsyfiles/parsyfiles/tests/combining_parsers_converters/test_data/b64pickle-float-1.0=True.txt]. Resuming parsing...
SUCCESS parsed [/home/travis/build/smarie/python-parsyfiles/parsyfiles/tests/combining_parsers_converters/test_data/b64pickle-float-1.0=True.txt] as a [bool] successfully. Parser used was [$&lt;read_str_from_txt&gt; =&gt; &lt;base64_ascii_str_pickle_to_object&gt; -&gt; &lt;float_to_bool&gt;$]

ERROR while parsing [/home/travis/build/smarie/python-parsyfiles/parsyfiles/tests/combining_parsers_converters/test_data/b64pickle-float-1.0=True.txt] into a [bool] using [$&lt;read_str_from_txt&gt; =&gt; &lt;str_to_bool&gt;$]. Set log level to DEBUG for details
Rebuilding local parsing plan with next candidate parser: $&lt;read_str_from_txt&gt; =&gt; &lt;base64_ascii_str_pickle_to_object&gt; -&gt; &lt;float_to_bool&gt;$
DONE Rebuilding local parsing plan for [/home/travis/build/smarie/python-parsyfiles/parsyfiles/tests/combining_parsers_converters/test_data/b64pickle-float-1.0=True.txt]. Resuming parsing...
SUCCESS parsed [/home/travis/build/smarie/python-parsyfiles/parsyfiles/tests/combining_parsers_converters/test_data/b64pickle-float-1.0=True.txt] as a [bool] successfully. Parser used was [$&lt;read_str_from_txt&gt; =&gt; &lt;base64_ascii_str_pickle_to_object&gt; -&gt; &lt;float_to_bool&gt;$]

ERROR while parsing [/home/travis/build/smarie/python-parsyfiles/parsyfiles/tests/combining_parsers_converters/test_data/b64pickle-float-1.0=True.txt] into a [bool] using [$&lt;read_str_from_txt&gt; =&gt; &lt;str_to_bool&gt;$]. Set log level to DEBUG for details
Rebuilding local parsing plan with next candidate parser: $&lt;read_str_from_txt&gt; =&gt; &lt;base64_ascii_str_pickle_to_object&gt; -&gt; &lt;float_to_bool&gt;$
DONE Rebuilding local parsing plan for [/home/travis/build/smarie/python-parsyfiles/parsyfiles/tests/combining_parsers_converters/test_data/b64pickle-float-1.0=True.txt]. Resuming parsing...
SUCCESS parsed [/home/travis/build/smarie/python-parsyfiles/parsyfiles/tests/combining_parsers_converters/test_data/b64pickle-float-1.0=True.txt] as a [bool] successfully. Parser used was [$&lt;read_str_from_txt&gt; =&gt; &lt;base64_ascii_str_pickle_to_object&gt; -&gt; &lt;float_to_bool&gt;$]

ERROR while parsing [/home/travis/build/smarie/python-parsyfiles/parsyfiles/tests/combining_parsers_converters/test_data/b64pickle-float-1.0=True.txt] into a [bool] using [$&lt;read_str_from_txt&gt; =&gt; &lt;str_to_bool&gt;$]. Set log level to DEBUG for details
Rebuilding local parsing plan with next candidate parser: $&lt;read_str_from_txt&gt; =&gt; &lt;base64_ascii_str_pickle_to_object&gt; -&gt; &lt;float_to_bool&gt;$
DONE Rebuilding local parsing plan for [/home/travis/build/smarie/python-parsyfiles/parsyfiles/tests/combining_parsers_converters/test_data/b64pickle-float-1.0=True.txt]. Resuming parsing...
SUCCESS parsed [/home/travis/build/smarie/python-parsyfiles/parsyfiles/tests/combining_parsers_converters/test_data/b64pickle-float-1.0=True.txt] as a [bool] successfully. Parser used was [$&lt;read_str_from_txt&gt; =&gt; &lt;base64_ascii_str_pickle_to_object&gt; -&gt; &lt;float_to_bool&gt;$]

ERROR while parsing [/home/travis/build/smarie/python-parsyfiles/parsyfiles/tests/combining_parsers_converters/test_data/b64pickle-float-1.0=True.txt] into a [bool] using [$&lt;read_str_from_txt&gt; =&gt; &lt;str_to_bool&gt;$]. Set log level to DEBUG for details
Rebuilding local parsing plan with next candidate parser: $&lt;read_str_from_txt&gt; =&gt; &lt;base64_ascii_str_pickle_to_object&gt; -&gt; &lt;float_to_bool&gt;$
DONE Rebuilding local parsing plan for [/home/travis/build/smarie/python-parsyfiles/parsyfiles/tests/combining_parsers_converters/test_data/b64pickle-float-1.0=True.txt]. Resuming parsing...
SUCCESS parsed [/home/travis/build/smarie/python-parsyfiles/parsyfiles/tests/combining_parsers_converters/test_data/b64pickle-float-1.0=True.txt] as a [bool] successfully. Parser used was [$&lt;read_str_from_txt&gt; =&gt; &lt;base64_ascii_str_pickle_to_object&gt; -&gt; &lt;float_to_bool&gt;$]

ERROR while parsing [/home/travis/build/smarie/python-parsyfiles/parsyfiles/tests/combining_parsers_converters/test_data/b64pickle-float-1.0=True.txt] into a [bool] using [$&lt;read_str_from_txt&gt; =&gt; &lt;str_to_bool&gt;$]. Set log level to DEBUG for details
Rebuilding local parsing plan with next candidate parser: $&lt;read_str_from_txt&gt; =&gt; &lt;base64_ascii_str_pickle_to_object&gt; -&gt; &lt;float_to_bool&gt;$
DONE Rebuilding local parsing plan for [/home/travis/build/smarie/python-parsyfiles/parsyfiles/tests/combining_parsers_converters/test_data/b64pickle-float-1.0=True.txt]. Resuming parsing...
SUCCESS parsed [/home/travis/build/smarie/python-parsyfiles/parsyfiles/tests/combining_parsers_converters/test_data/b64pickle-float-1.0=True.txt] as a [bool] successfully. Parser used was [$&lt;read_str_from_txt&gt; =&gt; &lt;base64_ascii_str_pickle_to_object&gt; -&gt; &lt;float_to_bool&gt;$]

ERROR while parsing [/home/travis/build/smarie/python-parsyfiles/parsyfiles/tests/combining_parsers_converters/test_data/b64pickle-float-1.0=True.txt] into a [bool] using [$&lt;read_str_from_txt&gt; =&gt; &lt;str_to_bool&gt;$]. Set log level to DEBUG for details
Rebuilding local parsing plan with next candidate parser: $&lt;read_str_from_txt&gt; =&gt; &lt;base64_ascii_str_pickle_to_object&gt; -&gt; &lt;float_to_bool&gt;$
DONE Rebuilding local parsing plan for [/home/travis/build/smarie/python-parsyfiles/parsyfiles/tests/combining_parsers_converters/test_data/b64pickle-float-1.0=True.txt]. Resuming parsing...
SUCCESS parsed [/home/travis/build/smarie/python-parsyfiles/parsyfiles/tests/combining_parsers_converters/test_data/b64pickle-float-1.0=True.txt] as a [bool] successfully. Parser used was [$&lt;read_str_from_txt&gt; =&gt; &lt;base64_ascii_str_pickle_to_object&gt; -&gt; &lt;float_to_bool&gt;$]

ERROR while parsing [/home/travis/build/smarie/python-parsyfiles/parsyfiles/tests/combining_parsers_converters/test_data/b64pickle-float-1.0=True.txt] into a [bool] using [$&lt;read_str_from_txt&gt; =&gt; &lt;str_to_bool&gt;$]. Set log level to DEBUG for details
Rebuilding local parsing plan with next candidate parser: $&lt;read_str_from_txt&gt; =&gt; &lt;base64_ascii_str_pickle_to_object&gt; -&gt; &lt;float_to_bool&gt;$
DONE Rebuilding local parsing plan for [/home/travis/build/smarie/python-parsyfiles/parsyfiles/tests/combining_parsers_converters/test_data/b64pickle-float-1.0=True.txt]. Resuming parsing...
SUCCESS parsed [/home/travis/build/smarie/python-parsyfiles/parsyfiles/tests/combining_parsers_converters/test_data/b64pickle-float-1.0=True.txt] as a [bool] successfully. Parser used was [$&lt;read_str_from_txt&gt; =&gt; &lt;base64_ascii_str_pickle_to_object&gt; -&gt; &lt;float_to_bool&gt;$]

ERROR while parsing [/home/travis/build/smarie/python-parsyfiles/parsyfiles/tests/combining_parsers_converters/test_data/b64pickle-float-1.0=True.txt] into a [bool] using [$&lt;read_str_from_txt&gt; =&gt; &lt;str_to_bool&gt;$]. Set log level to DEBUG for details
Rebuilding local parsing plan with next candidate parser: $&lt;read_str_from_txt&gt; =&gt; &lt;base64_ascii_str_pickle_to_object&gt; -&gt; &lt;float_to_bool&gt;$
DONE Rebuilding local parsing plan for [/home/travis/build/smarie/python-parsyfiles/parsyfiles/tests/combining_parsers_converters/test_data/b64pickle-float-1.0=True.txt]. Resuming parsing...
SUCCESS parsed [/home/travis/build/smarie/python-parsyfiles/parsyfiles/tests/combining_parsers_converters/test_data/b64pickle-float-1.0=True.txt] as a [bool] successfully. Parser used was [$&lt;read_str_from_txt&gt; =&gt; &lt;base64_ascii_str_pickle_to_object&gt; -&gt; &lt;float_to_bool&gt;$]

ERROR while parsing [/home/travis/build/smarie/python-parsyfiles/parsyfiles/tests/combining_parsers_converters/test_data/b64pickle-float-1.0=True.txt] into a [bool] using [$&lt;read_str_from_txt&gt; =&gt; &lt;str_to_bool&gt;$]. Set log level to DEBUG for details
Rebuilding local parsing plan with next candidate parser: $&lt;read_str_from_txt&gt; =&gt; &lt;base64_ascii_str_pickle_to_object&gt; -&gt; &lt;float_to_bool&gt;$
DONE Rebuilding local parsing plan for [/home/travis/build/smarie/python-parsyfiles/parsyfiles/tests/combining_parsers_converters/test_data/b64pickle-float-1.0=True.txt]. Resuming parsing...
SUCCESS parsed [/home/travis/build/smarie/python-parsyfiles/parsyfiles/tests/combining_parsers_converters/test_data/b64pickle-float-1.0=True.txt] as a [bool] successfully. Parser used was [$&lt;read_str_from_txt&gt; =&gt; &lt;base64_ascii_str_pickle_to_object&gt; -&gt; &lt;float_to_bool&gt;$]

ERROR while parsing [/home/travis/build/smarie/python-parsyfiles/parsyfiles/tests/combining_parsers_converters/test_data/b64pickle-float-1.0=True.txt] into a [bool] using [$&lt;read_str_from_txt&gt; =&gt; &lt;str_to_bool&gt;$]. Set log level to DEBUG for details
Rebuilding local parsing plan with next candidate parser: $&lt;read_str_from_txt&gt; =&gt; &lt;base64_ascii_str_pickle_to_object&gt; -&gt; &lt;float_to_bool&gt;$
DONE Rebuilding local parsing plan for [/home/travis/build/smarie/python-parsyfiles/parsyfiles/tests/combining_parsers_converters/test_data/b64pickle-float-1.0=True.txt]. Resuming parsing...
SUCCESS parsed [/home/travis/build/smarie/python-parsyfiles/parsyfiles/tests/combining_parsers_converters/test_data/b64pickle-float-1.0=True.txt] as a [bool] successfully. Parser used was [$&lt;read_str_from_txt&gt; =&gt; &lt;base64_ascii_str_pickle_to_object&gt; -&gt; &lt;float_to_bool&gt;$]

ERROR while parsing [/home/travis/build/smarie/python-parsyfiles/parsyfiles/tests/combining_parsers_converters/test_data/b64pickle-float-1.0=True.txt] into a [bool] using [$&lt;read_str_from_txt&gt; =&gt; &lt;str_to_bool&gt;$]. Set log level to DEBUG for details
Rebuilding local parsing plan with next candidate parser: $&lt;read_str_from_txt&gt; =&gt; &lt;base64_ascii_str_pickle_to_object&gt; -&gt; &lt;float_to_bool&gt;$
DONE Rebuilding local parsing plan for [/home/travis/build/smarie/python-parsyfiles/parsyfiles/tests/combining_parsers_converters/test_data/b64pickle-float-1.0=True.txt]. Resuming parsing...
SUCCESS parsed [/home/travis/build/smarie/python-parsyfiles/parsyfiles/tests/combining_parsers_converters/test_data/b64pickle-float-1.0=True.txt] as a [bool] successfully. Parser used was [$&lt;read_str_from_txt&gt; =&gt; &lt;base64_ascii_str_pickle_to_object&gt; -&gt; &lt;float_to_bool&gt;$]

ERROR while parsing [/home/travis/build/smarie/python-parsyfiles/parsyfiles/tests/combining_parsers_converters/test_data/b64pickle-float-1.0=True.txt] into a [bool] using [$&lt;read_str_from_txt&gt; =&gt; &lt;str_to_bool&gt;$]. Set log level to DEBUG for details
Rebuilding local parsing plan with next candidate parser: $&lt;read_str_from_txt&gt; =&gt; &lt;base64_ascii_str_pickle_to_object&gt; -&gt; &lt;float_to_bool&gt;$
DONE Rebuilding local parsing plan for [/home/travis/build/smarie/python-parsyfiles/parsyfiles/tests/combining_parsers_converters/test_data/b64pickle-float-1.0=True.txt]. Resuming parsing...
SUCCESS parsed [/home/travis/build/smarie/python-parsyfiles/parsyfiles/tests/combining_parsers_converters/test_data/b64pickle-float-1.0=True.txt] as a [bool] successfully. Parser used was [$&lt;read_str_from_txt&gt; =&gt; &lt;base64_ascii_str_pickle_to_object&gt; -&gt; &lt;float_to_bool&gt;$]

ERROR while parsing [/home/travis/build/smarie/python-parsyfiles/parsyfiles/tests/combining_parsers_converters/test_data/b64pickle-float-1.0=True.txt] into a [bool] using [$&lt;read_str_from_txt&gt; =&gt; &lt;str_to_bool&gt;$]. Set log level to DEBUG for details
Rebuilding local parsing plan with next candidate parser: $&lt;read_str_from_txt&gt; =&gt; &lt;base64_ascii_str_pickle_to_object&gt; -&gt; &lt;float_to_bool&gt;$
DONE Rebuilding local parsing plan for [/home/travis/build/smarie/python-parsyfiles/parsyfiles/tests/combining_parsers_converters/test_data/b64pickle-float-1.0=True.txt]. Resuming parsing...
SUCCESS parsed [/home/travis/build/smarie/python-parsyfiles/parsyfiles/tests/combining_parsers_converters/test_data/b64pickle-float-1.0=True.txt] as a [bool] successfully. Parser used was [$&lt;read_str_from_txt&gt; =&gt; &lt;base64_ascii_str_pickle_to_object&gt; -&gt; &lt;float_to_bool&gt;$]

ERROR while parsing [/home/travis/build/smarie/python-parsyfiles/parsyfiles/tests/combining_parsers_converters/test_data/b64pickle-float-1.0=True.txt] into a [bool] using [$&lt;read_str_from_txt&gt; =&gt; &lt;str_to_bool&gt;$]. Set log level to DEBUG for details
Rebuilding local parsing plan with next candidate parser: $&lt;read_str_from_txt&gt; =&gt; &lt;base64_ascii_str_pickle_to_object&gt; -&gt; &lt;float_to_bool&gt;$
DONE Rebuilding local parsing plan for [/home/travis/build/smarie/python-parsyfiles/parsyfiles/tests/combining_parsers_converters/test_data/b64pickle-float-1.0=True.txt]. Resuming parsing...
SUCCESS parsed [/home/travis/build/smarie/python-parsyfiles/parsyfiles/tests/combining_parsers_converters/test_data/b64pickle-float-1.0=True.txt] as a [bool] successfully. Parser used was [$&lt;read_str_from_txt&gt; =&gt; &lt;base64_ascii_str_pickle_to_object&gt; -&gt; &lt;float_to_bool&gt;$]

ERROR while parsing [/home/travis/build/smarie/python-parsyfiles/parsyfiles/tests/combining_parsers_converters/test_data/b64pickle-float-1.0=True.txt] into a [bool] using [$&lt;read_str_from_txt&gt; =&gt; &lt;str_to_bool&gt;$]. Set log level to DEBUG for details
Rebuilding local parsing plan with next candidate parser: $&lt;read_str_from_txt&gt; =&gt; &lt;base64_ascii_str_pickle_to_object&gt; -&gt; &lt;float_to_bool&gt;$
DONE Rebuilding local parsing plan for [/home/travis/build/smarie/python-parsyfiles/parsyfiles/tests/combining_parsers_converters/test_data/b64pickle-float-1.0=True.txt]. Resuming parsing...
SUCCESS parsed [/home/travis/build/smarie/python-parsyfiles/parsyfiles/tests/combining_parsers_converters/test_data/b64pickle-float-1.0=True.txt] as a [bool] successfully. Parser used was [$&lt;read_str_from_txt&gt; =&gt; &lt;base64_ascii_str_pickle_to_object&gt; -&gt; &lt;float_to_bool&gt;$]

ERROR while parsing [/home/travis/build/smarie/python-parsyfiles/parsyfiles/tests/combining_parsers_converters/test_data/b64pickle-float-1.0=True.txt] into a [bool] using [$&lt;read_str_from_txt&gt; =&gt; &lt;str_to_bool&gt;$]. Set log level to DEBUG for details
Rebuilding local parsing plan with next candidate parser: $&lt;read_str_from_txt&gt; =&gt; &lt;base64_ascii_str_pickle_to_object&gt; -&gt; &lt;float_to_bool&gt;$
DONE Rebuilding local parsing plan for [/home/travis/build/smarie/python-parsyfiles/parsyfiles/tests/combining_parsers_converters/test_data/b64pickle-float-1.0=True.txt]. Resuming parsing...
SUCCESS parsed [/home/travis/build/smarie/python-parsyfiles/parsyfiles/tests/combining_parsers_converters/test_data/b64pickle-float-1.0=True.txt] as a [bool] successfully. Parser used was [$&lt;read_str_from_txt&gt; =&gt; &lt;base64_ascii_str_pickle_to_object&gt; -&gt; &lt;float_to_bool&gt;$]

ERROR while parsing [/home/travis/build/smarie/python-parsyfiles/parsyfiles/tests/combining_parsers_converters/test_data/b64pickle-float-1.0=True.txt] into a [bool] using [$&lt;read_str_from_txt&gt; =&gt; &lt;str_to_bool&gt;$]. Set log level to DEBUG for details
Rebuilding local parsing plan with next candidate parser: $&lt;read_str_from_txt&gt; =&gt; &lt;base64_ascii_str_pickle_to_object&gt; -&gt; &lt;float_to_bool&gt;$
DONE Rebuilding local parsing plan for [/home/travis/build/smarie/python-parsyfiles/parsyfiles/tests/combining_parsers_converters/test_data/b64pickle-float-1.0=True.txt]. Resuming parsing...
SUCCESS parsed [/home/travis/build/smarie/python-parsyfiles/parsyfiles/tests/combining_parsers_converters/test_data/b64pickle-float-1.0=True.txt] as a [bool] successfully. Parser used was [$&lt;read_str_from_txt&gt; =&gt; &lt;base64_ascii_str_pickle_to_object&gt; -&gt; &lt;float_to_bool&gt;$]

ERROR while parsing [/home/travis/build/smarie/python-parsyfiles/parsyfiles/tests/combining_parsers_converters/test_data/b64pickle-float-1.0=True.txt] into a [bool] using [$&lt;read_str_from_txt&gt; =&gt; &lt;str_to_bool&gt;$]. Set log level to DEBUG for details
Rebuilding local parsing plan with next candidate parser: $&lt;read_str_from_txt&gt; =&gt; &lt;base64_ascii_str_pickle_to_object&gt; -&gt; &lt;float_to_bool&gt;$
DONE Rebuilding local parsing plan for [/home/travis/build/smarie/python-parsyfiles/parsyfiles/tests/combining_parsers_converters/test_data/b64pickle-float-1.0=True.txt]. Resuming parsing...
SUCCESS parsed [/home/travis/build/smarie/python-parsyfiles/parsyfiles/tests/combining_parsers_converters/test_data/b64pickle-float-1.0=True.txt] as a [bool] successfully. Parser used was [$&lt;read_str_from_txt&gt; =&gt; &lt;base64_ascii_str_pickle_to_object&gt; -&gt; &lt;float_to_bool&gt;$]

ERROR while parsing [/home/travis/build/smarie/python-parsyfiles/parsyfiles/tests/combining_parsers_converters/test_data/b64pickle-float-1.0=True.txt] into a [bool] using [$&lt;read_str_from_txt&gt; =&gt; &lt;str_to_bool&gt;$]. Set log level to DEBUG for details
Rebuilding local parsing plan with next candidate parser: $&lt;read_str_from_txt&gt; =&gt; &lt;base64_ascii_str_pickle_to_object&gt; -&gt; &lt;float_to_bool&gt;$
DONE Rebuilding local parsing plan for [/home/travis/build/smarie/python-parsyfiles/parsyfiles/tests/combining_parsers_converters/test_data/b64pickle-float-1.0=True.txt]. Resuming parsing...
SUCCESS parsed [/home/travis/build/smarie/python-parsyfiles/parsyfiles/tests/combining_parsers_converters/test_data/b64pickle-float-1.0=True.txt] as a [bool] successfully. Parser used was [$&lt;read_str_from_txt&gt; =&gt; &lt;base64_ascii_str_pickle_to_object&gt; -&gt; &lt;float_to_bool&gt;$]

ERROR while parsing [/home/travis/build/smarie/python-parsyfiles/parsyfiles/tests/combining_parsers_converters/test_data/b64pickle-float-1.0=True.txt] into a [bool] using [$&lt;read_str_from_txt&gt; =&gt; &lt;str_to_bool&gt;$]. Set log level to DEBUG for details
Rebuilding local parsing plan with next candidate parser: $&lt;read_str_from_txt&gt; =&gt; &lt;base64_ascii_str_pickle_to_object&gt; -&gt; &lt;float_to_bool&gt;$
DONE Rebuilding local parsing plan for [/home/travis/build/smarie/python-parsyfiles/parsyfiles/tests/combining_parsers_converters/test_data/b64pickle-float-1.0=True.txt]. Resuming parsing...
SUCCESS parsed [/home/travis/build/smarie/python-parsyfiles/parsyfiles/tests/combining_parsers_converters/test_data/b64pickle-float-1.0=True.txt] as a [bool] successfully. Parser used was [$&lt;read_str_from_txt&gt; =&gt; &lt;base64_ascii_str_pickle_to_object&gt; -&gt; &lt;float_to_bool&gt;$]

ERROR while parsing [/home/travis/build/smarie/python-parsyfiles/parsyfiles/tests/combining_parsers_converters/test_data/b64pickle-float-1.0=True.txt] into a [bool] using [$&lt;read_str_from_txt&gt; =&gt; &lt;str_to_bool&gt;$]. Set log level to DEBUG for details
Rebuilding local parsing plan with next candidate parser: $&lt;read_str_from_txt&gt; =&gt; &lt;base64_ascii_str_pickle_to_object&gt; -&gt; &lt;float_to_bool&gt;$
DONE Rebuilding local parsing plan for [/home/travis/build/smarie/python-parsyfiles/parsyfiles/tests/combining_parsers_converters/test_data/b64pickle-float-1.0=True.txt]. Resuming parsing...
SUCCESS parsed [/home/travis/build/smarie/python-parsyfiles/parsyfiles/tests/combining_parsers_converters/test_data/b64pickle-float-1.0=True.txt] as a [bool] successfully. Parser used was [$&lt;read_str_from_txt&gt; =&gt; &lt;base64_ascii_str_pickle_to_object&gt; -&gt; &lt;float_to_bool&gt;$]

ERROR while parsing [/home/travis/build/smarie/python-parsyfiles/parsyfiles/tests/combining_parsers_converters/test_data/b64pickle-float-1.0=True.txt] into a [bool] using [$&lt;read_str_from_txt&gt; =&gt; &lt;str_to_bool&gt;$]. Set log level to DEBUG for details
Rebuilding local parsing plan with next candidate parser: $&lt;read_str_from_txt&gt; =&gt; &lt;base64_ascii_str_pickle_to_object&gt; -&gt; &lt;float_to_bool&gt;$
DONE Rebuilding local parsing plan for [/home/travis/build/smarie/python-parsyfiles/parsyfiles/tests/combining_parsers_converters/test_data/b64pickle-float-1.0=True.txt]. Resuming parsing...
SUCCESS parsed [/home/travis/build/smarie/python-parsyfiles/parsyfiles/tests/combining_parsers_converters/test_data/b64pickle-float-1.0=True.txt] as a [bool] successfully. Parser used was [$&lt;read_str_from_txt&gt; =&gt; &lt;base64_ascii_str_pickle_to_object&gt; -&gt; &lt;float_to_bool&gt;$]

ERROR while parsing [/home/travis/build/smarie/python-parsyfiles/parsyfiles/tests/combining_parsers_converters/test_data/b64pickle-float-1.0=True.txt] into a [bool] using [$&lt;read_str_from_txt&gt; =&gt; &lt;str_to_bool&gt;$]. Set log level to DEBUG for details
Rebuilding local parsing plan with next candidate parser: $&lt;read_str_from_txt&gt; =&gt; &lt;base64_ascii_str_pickle_to_object&gt; -&gt; &lt;float_to_bool&gt;$
DONE Rebuilding local parsing plan for [/home/travis/build/smarie/python-parsyfiles/parsyfiles/tests/combining_parsers_converters/test_data/b64pickle-float-1.0=True.txt]. Resuming parsing...
SUCCESS parsed [/home/travis/build/smarie/python-parsyfiles/parsyfiles/tests/combining_parsers_converters/test_data/b64pickle-float-1.0=True.txt] as a [bool] successfully. Parser used was [$&lt;read_str_from_txt&gt; =&gt; &lt;base64_ascii_str_pickle_to_object&gt; -&gt; &lt;float_to_bool&gt;$]

ERROR while parsing [/home/travis/build/smarie/python-parsyfiles/parsyfiles/tests/combining_parsers_converters/test_data/b64pickle-float-1.0=True.txt] into a [bool] using [$&lt;read_str_from_txt&gt; =&gt; &lt;str_to_bool&gt;$]. Set log level to DEBUG for details
Rebuilding local parsing plan with next candidate parser: $&lt;read_str_from_txt&gt; =&gt; &lt;base64_ascii_str_pickle_to_object&gt; -&gt; &lt;float_to_bool&gt;$
DONE Rebuilding local parsing plan for [/home/travis/build/smarie/python-parsyfiles/parsyfiles/tests/combining_parsers_converters/test_data/b64pickle-float-1.0=True.txt]. Resuming parsing...
SUCCESS parsed [/home/travis/build/smarie/python-parsyfiles/parsyfiles/tests/combining_parsers_converters/test_data/b64pickle-float-1.0=True.txt] as a [bool] successfully. Parser used was [$&lt;read_str_from_txt&gt; =&gt; &lt;base64_ascii_str_pickle_to_object&gt; -&gt; &lt;float_to_bool&gt;$]

ERROR while parsing [/home/travis/build/smarie/python-parsyfiles/parsyfiles/tests/combining_parsers_converters/test_data/b64pickle-float-1.0=True.txt] into a [bool] using [$&lt;read_str_from_txt&gt; =&gt; &lt;str_to_bool&gt;$]. Set log level to DEBUG for details
Rebuilding local parsing plan with next candidate parser: $&lt;read_str_from_txt&gt; =&gt; &lt;base64_ascii_str_pickle_to_object&gt; -&gt; &lt;float_to_bool&gt;$
DONE Rebuilding local parsing plan for [/home/travis/build/smarie/python-parsyfiles/parsyfiles/tests/combining_parsers_converters/test_data/b64pickle-float-1.0=True.txt]. Resuming parsing...
SUCCESS parsed [/home/travis/build/smarie/python-parsyfiles/parsyfiles/tests/combining_parsers_converters/test_data/b64pickle-float-1.0=True.txt] as a [bool] successfully. Parser used was [$&lt;read_str_from_txt&gt; =&gt; &lt;base64_ascii_str_pickle_to_object&gt; -&gt; &lt;float_to_bool&gt;$]

ERROR while parsing [/home/travis/build/smarie/python-parsyfiles/parsyfiles/tests/combining_parsers_converters/test_data/b64pickle-float-1.0=True.txt] into a [bool] using [$&lt;read_str_from_txt&gt; =&gt; &lt;str_to_bool&gt;$]. Set log level to DEBUG for details
Rebuilding local parsing plan with next candidate parser: $&lt;read_str_from_txt&gt; =&gt; &lt;base64_ascii_str_pickle_to_object&gt; -&gt; &lt;float_to_bool&gt;$
DONE Rebuilding local parsing plan for [/home/travis/build/smarie/python-parsyfiles/parsyfiles/tests/combining_parsers_converters/test_data/b64pickle-float-1.0=True.txt]. Resuming parsing...
SUCCESS parsed [/home/travis/build/smarie/python-parsyfiles/parsyfiles/tests/combining_parsers_converters/test_data/b64pickle-float-1.0=True.txt] as a [bool] successfully. Parser used was [$&lt;read_str_from_txt&gt; =&gt; &lt;base64_ascii_str_pickle_to_object&gt; -&gt; &lt;float_to_bool&gt;$]

ERROR while parsing [/home/travis/build/smarie/python-parsyfiles/parsyfiles/tests/combining_parsers_converters/test_data/b64pickle-float-1.0=True.txt] into a [bool] using [$&lt;read_str_from_txt&gt; =&gt; &lt;str_to_bool&gt;$]. Set log level to DEBUG for details
Rebuilding local parsing plan with next candidate parser: $&lt;read_str_from_txt&gt; =&gt; &lt;base64_ascii_str_pickle_to_object&gt; -&gt; &lt;float_to_bool&gt;$
DONE Rebuilding local parsing plan for [/home/travis/build/smarie/python-parsyfiles/parsyfiles/tests/combining_parsers_converters/test_data/b64pickle-float-1.0=True.txt]. Resuming parsing...
SUCCESS parsed [/home/travis/build/smarie/python-parsyfiles/parsyfiles/tests/combining_parsers_converters/test_data/b64pickle-float-1.0=True.txt] as a [bool] successfully. Parser used was [$&lt;read_str_from_txt&gt; =&gt; &lt;base64_ascii_str_pickle_to_object&gt; -&gt; &lt;float_to_bool&gt;$]

ERROR while parsing [/home/travis/build/smarie/python-parsyfiles/parsyfiles/tests/combining_parsers_converters/test_data/b64pickle-float-1.0=True.txt] into a [bool] using [$&lt;read_str_from_txt&gt; =&gt; &lt;str_to_bool&gt;$]. Set log level to DEBUG for details
Rebuilding local parsing plan with next candidate parser: $&lt;read_str_from_txt&gt; =&gt; &lt;base64_ascii_str_pickle_to_object&gt; -&gt; &lt;float_to_bool&gt;$
DONE Rebuilding local parsing plan for [/home/travis/build/smarie/python-parsyfiles/parsyfiles/tests/combining_parsers_converters/test_data/b64pickle-float-1.0=True.txt]. Resuming parsing...
SUCCESS parsed [/home/travis/build/smarie/python-parsyfiles/parsyfiles/tests/combining_parsers_converters/test_data/b64pickle-float-1.0=True.txt] as a [bool] successfully. Parser used was [$&lt;read_str_from_txt&gt; =&gt; &lt;base64_ascii_str_pickle_to_object&gt; -&gt; &lt;float_to_bool&gt;$]

ERROR while parsing [/home/travis/build/smarie/python-parsyfiles/parsyfiles/tests/combining_parsers_converters/test_data/b64pickle-float-1.0=True.txt] into a [bool] using [$&lt;read_str_from_txt&gt; =&gt; &lt;str_to_bool&gt;$]. Set log level to DEBUG for details
Rebuilding local parsing plan with next candidate parser: $&lt;read_str_from_txt&gt; =&gt; &lt;base64_ascii_str_pickle_to_object&gt; -&gt; &lt;float_to_bool&gt;$
DONE Rebuilding local parsing plan for [/home/travis/build/smarie/python-parsyfiles/parsyfiles/tests/combining_parsers_converters/test_data/b64pickle-float-1.0=True.txt]. Resuming parsing...
SUCCESS parsed [/home/travis/build/smarie/python-parsyfiles/parsyfiles/tests/combining_parsers_converters/test_data/b64pickle-float-1.0=True.txt] as a [bool] successfully. Parser used was [$&lt;read_str_from_txt&gt; =&gt; &lt;base64_ascii_str_pickle_to_object&gt; -&gt; &lt;float_to_bool&gt;$]

ERROR while parsing [/home/travis/build/smarie/python-parsyfiles/parsyfiles/tests/combining_parsers_converters/test_data/b64pickle-float-1.0=True.txt] into a [bool] using [$&lt;read_str_from_txt&gt; =&gt; &lt;str_to_bool&gt;$]. Set log level to DEBUG for details
Rebuilding local parsing plan with next candidate parser: $&lt;read_str_from_txt&gt; =&gt; &lt;base64_ascii_str_pickle_to_object&gt; -&gt; &lt;float_to_bool&gt;$
DONE Rebuilding local parsing plan for [/home/travis/build/smarie/python-parsyfiles/parsyfiles/tests/combining_parsers_converters/test_data/b64pickle-float-1.0=True.txt]. Resuming parsing...
SUCCESS parsed [/home/travis/build/smarie/python-parsyfiles/parsyfiles/tests/combining_parsers_converters/test_data/b64pickle-float-1.0=True.txt] as a [bool] successfully. Parser used was [$&lt;read_str_from_txt&gt; =&gt; &lt;base64_ascii_str_pickle_to_object&gt; -&gt; &lt;float_to_bool&gt;$]

ERROR while parsing [/home/travis/build/smarie/python-parsyfiles/parsyfiles/tests/combining_parsers_converters/test_data/b64pickle-float-1.0=True.txt] into a [bool] using [$&lt;read_str_from_txt&gt; =&gt; &lt;str_to_bool&gt;$]. Set log level to DEBUG for details
Rebuilding local parsing plan with next candidate parser: $&lt;read_str_from_txt&gt; =&gt; &lt;base64_ascii_str_pickle_to_object&gt; -&gt; &lt;float_to_bool&gt;$
DONE Rebuilding local parsing plan for [/home/travis/build/smarie/python-parsyfiles/parsyfiles/tests/combining_parsers_converters/test_data/b64pickle-float-1.0=True.txt]. Resuming parsing...
SUCCESS parsed [/home/travis/build/smarie/python-parsyfiles/parsyfiles/tests/combining_parsers_converters/test_data/b64pickle-float-1.0=True.txt] as a [bool] successfully. Parser used was [$&lt;read_str_from_txt&gt; =&gt; &lt;base64_ascii_str_pickle_to_object&gt; -&gt; &lt;float_to_bool&gt;$]

ERROR while parsing [/home/travis/build/smarie/python-parsyfiles/parsyfiles/tests/combining_parsers_converters/test_data/b64pickle-float-1.0=True.txt] into a [bool] using [$&lt;read_str_from_txt&gt; =&gt; &lt;str_to_bool&gt;$]. Set log level to DEBUG for details
Rebuilding local parsing plan with next candidate parser: $&lt;read_str_from_txt&gt; =&gt; &lt;base64_ascii_str_pickle_to_object&gt; -&gt; &lt;float_to_bool&gt;$
DONE Rebuilding local parsing plan for [/home/travis/build/smarie/python-parsyfiles/parsyfiles/tests/combining_parsers_converters/test_data/b64pickle-float-1.0=True.txt]. Resuming parsing...
SUCCESS parsed [/home/travis/build/smarie/python-parsyfiles/parsyfiles/tests/combining_parsers_converters/test_data/b64pickle-float-1.0=True.txt] as a [bool] successfully. Parser used was [$&lt;read_str_from_txt&gt; =&gt; &lt;base64_ascii_str_pickle_to_object&gt; -&gt; &lt;float_to_bool&gt;$]

ERROR while parsing [/home/travis/build/smarie/python-parsyfiles/parsyfiles/tests/combining_parsers_converters/test_data/b64pickle-float-1.0=True.txt] into a [bool] using [$&lt;read_str_from_txt&gt; =&gt; &lt;str_to_bool&gt;$]. Set log level to DEBUG for details
Rebuilding local parsing plan with next candidate parser: $&lt;read_str_from_txt&gt; =&gt; &lt;base64_ascii_str_pickle_to_object&gt; -&gt; &lt;float_to_bool&gt;$
DONE Rebuilding local parsing plan for [/home/travis/build/smarie/python-parsyfiles/parsyfiles/tests/combining_parsers_converters/test_data/b64pickle-float-1.0=True.txt]. Resuming parsing...
SUCCESS parsed [/home/travis/build/smarie/python-parsyfiles/parsyfiles/tests/combining_parsers_converters/test_data/b64pickle-float-1.0=True.txt] as a [bool] successfully. Parser used was [$&lt;read_str_from_txt&gt; =&gt; &lt;base64_ascii_str_pickle_to_object&gt; -&gt; &lt;float_to_bool&gt;$]

ERROR while parsing [/home/travis/build/smarie/python-parsyfiles/parsyfiles/tests/combining_parsers_converters/test_data/b64pickle-float-1.0=True.txt] into a [bool] using [$&lt;read_str_from_txt&gt; =&gt; &lt;str_to_bool&gt;$]. Set log level to DEBUG for details
Rebuilding local parsing plan with next candidate parser: $&lt;read_str_from_txt&gt; =&gt; &lt;base64_ascii_str_pickle_to_object&gt; -&gt; &lt;float_to_bool&gt;$
DONE Rebuilding local parsing plan for [/home/travis/build/smarie/python-parsyfiles/parsyfiles/tests/combining_parsers_converters/test_data/b64pickle-float-1.0=True.txt]. Resuming parsing...
SUCCESS parsed [/home/travis/build/smarie/python-parsyfiles/parsyfiles/tests/combining_parsers_converters/test_data/b64pickle-float-1.0=True.txt] as a [bool] successfully. Parser used was [$&lt;read_str_from_txt&gt; =&gt; &lt;base64_ascii_str_pickle_to_object&gt; -&gt; &lt;float_to_bool&gt;$]

ERROR while parsing [/home/travis/build/smarie/python-parsyfiles/parsyfiles/tests/combining_parsers_converters/test_data/b64pickle-float-1.0=True.txt] into a [bool] using [$&lt;read_str_from_txt&gt; =&gt; &lt;str_to_bool&gt;$]. Set log level to DEBUG for details
Rebuilding local parsing plan with next candidate parser: $&lt;read_str_from_txt&gt; =&gt; &lt;base64_ascii_str_pickle_to_object&gt; -&gt; &lt;float_to_bool&gt;$
DONE Rebuilding local parsing plan for [/home/travis/build/smarie/python-parsyfiles/parsyfiles/tests/combining_parsers_converters/test_data/b64pickle-float-1.0=True.txt]. Resuming parsing...
SUCCESS parsed [/home/travis/build/smarie/python-parsyfiles/parsyfiles/tests/combining_parsers_converters/test_data/b64pickle-float-1.0=True.txt] as a [bool] successfully. Parser used was [$&lt;read_str_from_txt&gt; =&gt; &lt;base64_ascii_str_pickle_to_object&gt; -&gt; &lt;float_to_bool&gt;$]

ERROR while parsing [/home/travis/build/smarie/python-parsyfiles/parsyfiles/tests/combining_parsers_converters/test_data/b64pickle-float-1.0=True.txt] into a [bool] using [$&lt;read_str_from_txt&gt; =&gt; &lt;str_to_bool&gt;$]. Set log level to DEBUG for details
Rebuilding local parsing plan with next candidate parser: $&lt;read_str_from_txt&gt; =&gt; &lt;base64_ascii_str_pickle_to_object&gt; -&gt; &lt;float_to_bool&gt;$
DONE Rebuilding local parsing plan for [/home/travis/build/smarie/python-parsyfiles/parsyfiles/tests/combining_parsers_converters/test_data/b64pickle-float-1.0=True.txt]. Resuming parsing...
SUCCESS parsed [/home/travis/build/smarie/python-parsyfiles/parsyfiles/tests/combining_parsers_converters/test_data/b64pickle-float-1.0=True.txt] as a [bool] successfully. Parser used was [$&lt;read_str_from_txt&gt; =&gt; &lt;base64_ascii_str_pickle_to_object&gt; -&gt; &lt;float_to_bool&gt;$]

ERROR while parsing [/home/travis/build/smarie/python-parsyfiles/parsyfiles/tests/combining_parsers_converters/test_data/b64pickle-float-1.0=True.txt] into a [bool] using [$&lt;read_str_from_txt&gt; =&gt; &lt;str_to_bool&gt;$]. Set log level to DEBUG for details
Rebuilding local parsing plan with next candidate parser: $&lt;read_str_from_txt&gt; =&gt; &lt;base64_ascii_str_pickle_to_object&gt; -&gt; &lt;float_to_bool&gt;$
DONE Rebuilding local parsing plan for [/home/travis/build/smarie/python-parsyfiles/parsyfiles/tests/combining_parsers_converters/test_data/b64pickle-float-1.0=True.txt]. Resuming parsing...
SUCCESS parsed [/home/travis/build/smarie/python-parsyfiles/parsyfiles/tests/combining_parsers_converters/test_data/b64pickle-float-1.0=True.txt] as a [bool] successfully. Parser used was [$&lt;read_str_from_txt&gt; =&gt; &lt;base64_ascii_str_pickle_to_object&gt; -&gt; &lt;float_to_bool&gt;$]

ERROR while parsing [/home/travis/build/smarie/python-parsyfiles/parsyfiles/tests/combining_parsers_converters/test_data/b64pickle-float-1.0=True.txt] into a [bool] using [$&lt;read_str_from_txt&gt; =&gt; &lt;str_to_bool&gt;$]. Set log level to DEBUG for details
Rebuilding local parsing plan with next candidate parser: $&lt;read_str_from_txt&gt; =&gt; &lt;base64_ascii_str_pickle_to_object&gt; -&gt; &lt;float_to_bool&gt;$
DONE Rebuilding local parsing plan for [/home/travis/build/smarie/python-parsyfiles/parsyfiles/tests/combining_parsers_converters/test_data/b64pickle-float-1.0=True.txt]. Resuming parsing...
SUCCESS parsed [/home/travis/build/smarie/python-parsyfiles/parsyfiles/tests/combining_parsers_converters/test_data/b64pickle-float-1.0=True.txt] as a [bool] successfully. Parser used was [$&lt;read_str_from_txt&gt; =&gt; &lt;base64_ascii_str_pickle_to_object&gt; -&gt; &lt;float_to_bool&gt;$]

ERROR while parsing [/home/travis/build/smarie/python-parsyfiles/parsyfiles/tests/combining_parsers_converters/test_data/b64pickle-float-1.0=True.txt] into a [bool] using [$&lt;read_str_from_txt&gt; =&gt; &lt;str_to_bool&gt;$]. Set log level to DEBUG for details
Rebuilding local parsing plan with next candidate parser: $&lt;read_str_from_txt&gt; =&gt; &lt;base64_ascii_str_pickle_to_object&gt; -&gt; &lt;float_to_bool&gt;$
DONE Rebuilding local parsing plan for [/home/travis/build/smarie/python-parsyfiles/parsyfiles/tests/combining_parsers_converters/test_data/b64pickle-float-1.0=True.txt]. Resuming parsing...
SUCCESS parsed [/home/travis/build/smarie/python-parsyfiles/parsyfiles/tests/combining_parsers_converters/test_data/b64pickle-float-1.0=True.txt] as a [bool] successfully. Parser used was [$&lt;read_str_from_txt&gt; =&gt; &lt;base64_ascii_str_pickle_to_object&gt; -&gt; &lt;float_to_bool&gt;$]

ERROR while parsing [/home/travis/build/smarie/python-parsyfiles/parsyfiles/tests/combining_parsers_converters/test_data/b64pickle-float-1.0=True.txt] into a [bool] using [$&lt;read_str_from_txt&gt; =&gt; &lt;str_to_bool&gt;$]. Set log level to DEBUG for details
Rebuilding local parsing plan with next candidate parser: $&lt;read_str_from_txt&gt; =&gt; &lt;base64_ascii_str_pickle_to_object&gt; -&gt; &lt;float_to_bool&gt;$
DONE Rebuilding local parsing plan for [/home/travis/build/smarie/python-parsyfiles/parsyfiles/tests/combining_parsers_converters/test_data/b64pickle-float-1.0=True.txt]. Resuming parsing...
SUCCESS parsed [/home/travis/build/smarie/python-parsyfiles/parsyfiles/tests/combining_parsers_converters/test_data/b64pickle-float-1.0=True.txt] as a [bool] successfully. Parser used was [$&lt;read_str_from_txt&gt; =&gt; &lt;base64_ascii_str_pickle_to_object&gt; -&gt; &lt;float_to_bool&gt;$]

ERROR while parsing [/home/travis/build/smarie/python-parsyfiles/parsyfiles/tests/combining_parsers_converters/test_data/b64pickle-float-1.0=True.txt] into a [bool] using [$&lt;read_str_from_txt&gt; =&gt; &lt;str_to_bool&gt;$]. Set log level to DEBUG for details
Rebuilding local parsing plan with next candidate parser: $&lt;read_str_from_txt&gt; =&gt; &lt;base64_ascii_str_pickle_to_object&gt; -&gt; &lt;float_to_bool&gt;$
DONE Rebuilding local parsing plan for [/home/travis/build/smarie/python-parsyfiles/parsyfiles/tests/combining_parsers_converters/test_data/b64pickle-float-1.0=True.txt]. Resuming parsing...
SUCCESS parsed [/home/travis/build/smarie/python-parsyfiles/parsyfiles/tests/combining_parsers_converters/test_data/b64pickle-float-1.0=True.txt] as a [bool] successfully. Parser used was [$&lt;read_str_from_txt&gt; =&gt; &lt;base64_ascii_str_pickle_to_object&gt; -&gt; &lt;float_to_bool&gt;$]

ERROR while parsing [/home/travis/build/smarie/python-parsyfiles/parsyfiles/tests/combining_parsers_converters/test_data/b64pickle-float-1.0=True.txt] into a [bool] using [$&lt;read_str_from_txt&gt; =&gt; &lt;str_to_bool&gt;$]. Set log level to DEBUG for details
Rebuilding local parsing plan with next candidate parser: $&lt;read_str_from_txt&gt; =&gt; &lt;base64_ascii_str_pickle_to_object&gt; -&gt; &lt;float_to_bool&gt;$
DONE Rebuilding local parsing plan for [/home/travis/build/smarie/python-parsyfiles/parsyfiles/tests/combining_parsers_converters/test_data/b64pickle-float-1.0=True.txt]. Resuming parsing...
SUCCESS parsed [/home/travis/build/smarie/python-parsyfiles/parsyfiles/tests/combining_parsers_converters/test_data/b64pickle-float-1.0=True.txt] as a [bool] successfully. Parser used was [$&lt;read_str_from_txt&gt; =&gt; &lt;base64_ascii_str_pickle_to_object&gt; -&gt; &lt;float_to_bool&gt;$]

ERROR while parsing [/home/travis/build/smarie/python-parsyfiles/parsyfiles/tests/combining_parsers_converters/test_data/b64pickle-float-1.0=True.txt] into a [bool] using [$&lt;read_str_from_txt&gt; =&gt; &lt;str_to_bool&gt;$]. Set log level to DEBUG for details
Rebuilding local parsing plan with next candidate parser: $&lt;read_str_from_txt&gt; =&gt; &lt;base64_ascii_str_pickle_to_object&gt; -&gt; &lt;float_to_bool&gt;$
DONE Rebuilding local parsing plan for [/home/travis/build/smarie/python-parsyfiles/parsyfiles/tests/combining_parsers_converters/test_data/b64pickle-float-1.0=True.txt]. Resuming parsing...
SUCCESS parsed [/home/travis/build/smarie/python-parsyfiles/parsyfiles/tests/combining_parsers_converters/test_data/b64pickle-float-1.0=True.txt] as a [bool] successfully. Parser used was [$&lt;read_str_from_txt&gt; =&gt; &lt;base64_ascii_str_pickle_to_object&gt; -&gt; &lt;float_to_bool&gt;$]

ERROR while parsing [/home/travis/build/smarie/python-parsyfiles/parsyfiles/tests/combining_parsers_converters/test_data/b64pickle-float-1.0=True.txt] into a [bool] using [$&lt;read_str_from_txt&gt; =&gt; &lt;str_to_bool&gt;$]. Set log level to DEBUG for details
Rebuilding local parsing plan with next candidate parser: $&lt;read_str_from_txt&gt; =&gt; &lt;base64_ascii_str_pickle_to_object&gt; -&gt; &lt;float_to_bool&gt;$
DONE Rebuilding local parsing plan for [/home/travis/build/smarie/python-parsyfiles/parsyfiles/tests/combining_parsers_converters/test_data/b64pickle-float-1.0=True.txt]. Resuming parsing...
SUCCESS parsed [/home/travis/build/smarie/python-parsyfiles/parsyfiles/tests/combining_parsers_converters/test_data/b64pickle-float-1.0=True.txt] as a [bool] successfully. Parser used was [$&lt;read_str_from_txt&gt; =&gt; &lt;base64_ascii_str_pickle_to_object&gt; -&gt; &lt;float_to_bool&gt;$]

ERROR while parsing [/home/travis/build/smarie/python-parsyfiles/parsyfiles/tests/combining_parsers_converters/test_data/b64pickle-float-1.0=True.txt] into a [bool] using [$&lt;read_str_from_txt&gt; =&gt; &lt;str_to_bool&gt;$]. Set log level to DEBUG for details
Rebuilding local parsing plan with next candidate parser: $&lt;read_str_from_txt&gt; =&gt; &lt;base64_ascii_str_pickle_to_object&gt; -&gt; &lt;float_to_bool&gt;$
DONE Rebuilding local parsing plan for [/home/travis/build/smarie/python-parsyfiles/parsyfiles/tests/combining_parsers_converters/test_data/b64pickle-float-1.0=True.txt]. Resuming parsing...
SUCCESS parsed [/home/travis/build/smarie/python-parsyfiles/parsyfiles/tests/combining_parsers_converters/test_data/b64pickle-float-1.0=True.txt] as a [bool] successfully. Parser used was [$&lt;read_str_from_txt&gt; =&gt; &lt;base64_ascii_str_pickle_to_object&gt; -&gt; &lt;float_to_bool&gt;$]

ERROR while parsing [/home/travis/build/smarie/python-parsyfiles/parsyfiles/tests/combining_parsers_converters/test_data/b64pickle-float-1.0=True.txt] into a [bool] using [$&lt;read_str_from_txt&gt; =&gt; &lt;str_to_bool&gt;$]. Set log level to DEBUG for details
Rebuilding local parsing plan with next candidate parser: $&lt;read_str_from_txt&gt; =&gt; &lt;base64_ascii_str_pickle_to_object&gt; -&gt; &lt;float_to_bool&gt;$
DONE Rebuilding local parsing plan for [/home/travis/build/smarie/python-parsyfiles/parsyfiles/tests/combining_parsers_converters/test_data/b64pickle-float-1.0=True.txt]. Resuming parsing...
SUCCESS parsed [/home/travis/build/smarie/python-parsyfiles/parsyfiles/tests/combining_parsers_converters/test_data/b64pickle-float-1.0=True.txt] as a [bool] successfully. Parser used was [$&lt;read_str_from_txt&gt; =&gt; &lt;base64_ascii_str_pickle_to_object&gt; -&gt; &lt;float_to_bool&gt;$]

ERROR while parsing [/home/travis/build/smarie/python-parsyfiles/parsyfiles/tests/combining_parsers_converters/test_data/b64pickle-float-1.0=True.txt] into a [bool] using [$&lt;read_str_from_txt&gt; =&gt; &lt;str_to_bool&gt;$]. Set log level to DEBUG for details
Rebuilding local parsing plan with next candidate parser: $&lt;read_str_from_txt&gt; =&gt; &lt;base64_ascii_str_pickle_to_object&gt; -&gt; &lt;float_to_bool&gt;$
DONE Rebuilding local parsing plan for [/home/travis/build/smarie/python-parsyfiles/parsyfiles/tests/combining_parsers_converters/test_data/b64pickle-float-1.0=True.txt]. Resuming parsing...
SUCCESS parsed [/home/travis/build/smarie/python-parsyfiles/parsyfiles/tests/combining_parsers_converters/test_data/b64pickle-float-1.0=True.txt] as a [bool] successfully. Parser used was [$&lt;read_str_from_txt&gt; =&gt; &lt;base64_ascii_str_pickle_to_object&gt; -&gt; &lt;float_to_bool&gt;$]

</system-out></testcase><testcase classname="parsyfiles.tests.combining_parsers_converters.test_registries.TestParserRegistry" file="parsyfiles/tests/combining_parsers_converters/test_registries.py" line="277" name="test_a_all_extensions_and_types_are_present" time="0.015208721160888672"><system-out>.
.d
.c
.cd
.b
.bd
.bc
.bcd
.a
.ad
.ac
.acd
.ab
.abd
.abc
.abcd
</system-out></testcase><testcase classname="parsyfiles.tests.combining_parsers_converters.test_registries.TestParserRegistry" file="parsyfiles/tests/combining_parsers_converters/test_registries.py" line="292" name="test_b_capabilities_equal_query_strict" time="0.541140079498291"><system-out>.
.d
.c
.cd
.b
.bd
.bc
.bcd
.a
.ad
.ac
.acd
.ab
.abd
.abc
.abcd
Asserting (strict mode) type=B ext=.cd
Asserting (strict mode) type=D ext=.cd
Asserting (strict mode) type=C ext=.cd
Asserting (strict mode) type=AnyObject ext=.cd
Asserting (strict mode) type=A ext=.cd
Asserting (strict mode) type=B ext=.ab
Asserting (strict mode) type=D ext=.ab
Asserting (strict mode) type=C ext=.ab
Asserting (strict mode) type=AnyObject ext=.ab
Asserting (strict mode) type=A ext=.ab
Asserting (strict mode) type=D ext=.d
Asserting (strict mode) type=C ext=.d
Asserting (strict mode) type=AnyObject ext=.d
Asserting (strict mode) type=A ext=.d
Asserting (strict mode) type=B ext=.b
Asserting (strict mode) type=C ext=.b
Asserting (strict mode) type=A ext=.b
Asserting (strict mode) type=B ext=.ac
Asserting (strict mode) type=D ext=.ac
Asserting (strict mode) type=C ext=.ac
Asserting (strict mode) type=AnyObject ext=.ac
Asserting (strict mode) type=A ext=.ac
Asserting (strict mode) type=B ext=&lt;multifile&gt;
Asserting (strict mode) type=D ext=&lt;multifile&gt;
Asserting (strict mode) type=C ext=&lt;multifile&gt;
Asserting (strict mode) type=AnyObject ext=&lt;multifile&gt;
Asserting (strict mode) type=A ext=&lt;multifile&gt;
Asserting (strict mode) type=B ext=.bd
Asserting (strict mode) type=D ext=.bd
Asserting (strict mode) type=C ext=.bd
Asserting (strict mode) type=AnyObject ext=.bd
Asserting (strict mode) type=A ext=.bd
Asserting (strict mode) type=B ext=.abd
Asserting (strict mode) type=D ext=.abd
Asserting (strict mode) type=C ext=.abd
Asserting (strict mode) type=AnyObject ext=.abd
Asserting (strict mode) type=A ext=.abd
Asserting (strict mode) type=B ext=.abc
Asserting (strict mode) type=D ext=.abc
Asserting (strict mode) type=C ext=.abc
Asserting (strict mode) type=AnyObject ext=.abc
Asserting (strict mode) type=A ext=.abc
Asserting (strict mode) type=B ext=.bcd
Asserting (strict mode) type=D ext=.bcd
Asserting (strict mode) type=C ext=.bcd
Asserting (strict mode) type=AnyObject ext=.bcd
Asserting (strict mode) type=A ext=.bcd
Asserting (strict mode) type=B ext=.abcd
Asserting (strict mode) type=D ext=.abcd
Asserting (strict mode) type=C ext=.abcd
Asserting (strict mode) type=AnyObject ext=.abcd
Asserting (strict mode) type=A ext=.abcd
Asserting (strict mode) type=B ext=.c
Asserting (strict mode) type=D ext=.c
Asserting (strict mode) type=C ext=.c
Asserting (strict mode) type=A ext=.c
Asserting (strict mode) type=B ext=.bc
Asserting (strict mode) type=D ext=.bc
Asserting (strict mode) type=C ext=.bc
Asserting (strict mode) type=A ext=.bc
Asserting (strict mode) type=B ext=.a
Asserting (strict mode) type=D ext=.a
Asserting (strict mode) type=C ext=.a
Asserting (strict mode) type=AnyObject ext=.a
Asserting (strict mode) type=A ext=.a
Asserting (strict mode) type=B ext=.ad
Asserting (strict mode) type=D ext=.ad
Asserting (strict mode) type=C ext=.ad
Asserting (strict mode) type=AnyObject ext=.ad
Asserting (strict mode) type=A ext=.ad
Asserting (strict mode) type=B ext=.acd
Asserting (strict mode) type=D ext=.acd
Asserting (strict mode) type=C ext=.acd
Asserting (strict mode) type=AnyObject ext=.acd
Asserting (strict mode) type=A ext=.acd
Asserting (strict mode) type=B ext=&lt;multifile&gt;
Asserting (strict mode) type=D ext=&lt;multifile&gt;
Asserting (strict mode) type=C ext=&lt;multifile&gt;
Asserting (strict mode) type=AnyObject ext=&lt;multifile&gt;
Asserting (strict mode) type=A ext=&lt;multifile&gt;
Asserting (strict mode) type=B ext=.ab
Asserting (strict mode) type=D ext=.ab
Asserting (strict mode) type=C ext=.ab
Asserting (strict mode) type=AnyObject ext=.ab
Asserting (strict mode) type=A ext=.ab
Asserting (strict mode) type=D ext=.d
Asserting (strict mode) type=C ext=.d
Asserting (strict mode) type=AnyObject ext=.d
Asserting (strict mode) type=A ext=.d
Asserting (strict mode) type=B ext=.b
Asserting (strict mode) type=C ext=.b
Asserting (strict mode) type=A ext=.b
Asserting (strict mode) type=B ext=.ac
Asserting (strict mode) type=D ext=.ac
Asserting (strict mode) type=C ext=.ac
Asserting (strict mode) type=AnyObject ext=.ac
Asserting (strict mode) type=A ext=.ac
Asserting (strict mode) type=B ext=.cd
Asserting (strict mode) type=D ext=.cd
Asserting (strict mode) type=C ext=.cd
Asserting (strict mode) type=AnyObject ext=.cd
Asserting (strict mode) type=A ext=.cd
Asserting (strict mode) type=B ext=.bd
Asserting (strict mode) type=D ext=.bd
Asserting (strict mode) type=C ext=.bd
Asserting (strict mode) type=AnyObject ext=.bd
Asserting (strict mode) type=A ext=.bd
Asserting (strict mode) type=B ext=.abd
Asserting (strict mode) type=D ext=.abd
Asserting (strict mode) type=C ext=.abd
Asserting (strict mode) type=AnyObject ext=.abd
Asserting (strict mode) type=A ext=.abd
Asserting (strict mode) type=B ext=.abc
Asserting (strict mode) type=D ext=.abc
Asserting (strict mode) type=C ext=.abc
Asserting (strict mode) type=AnyObject ext=.abc
Asserting (strict mode) type=A ext=.abc
Asserting (strict mode) type=B ext=.bcd
Asserting (strict mode) type=D ext=.bcd
Asserting (strict mode) type=C ext=.bcd
Asserting (strict mode) type=AnyObject ext=.bcd
Asserting (strict mode) type=A ext=.bcd
Asserting (strict mode) type=B ext=.abcd
Asserting (strict mode) type=D ext=.abcd
Asserting (strict mode) type=C ext=.abcd
Asserting (strict mode) type=AnyObject ext=.abcd
Asserting (strict mode) type=A ext=.abcd
Asserting (strict mode) type=B ext=.c
Asserting (strict mode) type=D ext=.c
Asserting (strict mode) type=C ext=.c
Asserting (strict mode) type=A ext=.c
Asserting (strict mode) type=B ext=.bc
Asserting (strict mode) type=D ext=.bc
Asserting (strict mode) type=C ext=.bc
Asserting (strict mode) type=A ext=.bc
Asserting (strict mode) type=B ext=.a
Asserting (strict mode) type=D ext=.a
Asserting (strict mode) type=C ext=.a
Asserting (strict mode) type=AnyObject ext=.a
Asserting (strict mode) type=A ext=.a
Asserting (strict mode) type=B ext=.ad
Asserting (strict mode) type=D ext=.ad
Asserting (strict mode) type=C ext=.ad
Asserting (strict mode) type=AnyObject ext=.ad
Asserting (strict mode) type=A ext=.ad
Asserting (strict mode) type=B ext=.acd
Asserting (strict mode) type=D ext=.acd
Asserting (strict mode) type=C ext=.acd
Asserting (strict mode) type=AnyObject ext=.acd
Asserting (strict mode) type=A ext=.acd
Asserting (strict mode) type=B ext=&lt;multifile&gt;
Asserting (strict mode) type=D ext=&lt;multifile&gt;
Asserting (strict mode) type=C ext=&lt;multifile&gt;
Asserting (strict mode) type=AnyObject ext=&lt;multifile&gt;
Asserting (strict mode) type=A ext=&lt;multifile&gt;
Asserting (strict mode) type=B ext=.ab
Asserting (strict mode) type=D ext=.ab
Asserting (strict mode) type=C ext=.ab
Asserting (strict mode) type=AnyObject ext=.ab
Asserting (strict mode) type=A ext=.ab
Asserting (strict mode) type=D ext=.d
Asserting (strict mode) type=C ext=.d
Asserting (strict mode) type=AnyObject ext=.d
Asserting (strict mode) type=A ext=.d
Asserting (strict mode) type=B ext=.b
Asserting (strict mode) type=C ext=.b
Asserting (strict mode) type=A ext=.b
Asserting (strict mode) type=B ext=.ac
Asserting (strict mode) type=D ext=.ac
Asserting (strict mode) type=C ext=.ac
Asserting (strict mode) type=AnyObject ext=.ac
Asserting (strict mode) type=A ext=.ac
Asserting (strict mode) type=B ext=.cd
Asserting (strict mode) type=D ext=.cd
Asserting (strict mode) type=C ext=.cd
Asserting (strict mode) type=AnyObject ext=.cd
Asserting (strict mode) type=A ext=.cd
Asserting (strict mode) type=B ext=.bd
Asserting (strict mode) type=D ext=.bd
Asserting (strict mode) type=C ext=.bd
Asserting (strict mode) type=AnyObject ext=.bd
Asserting (strict mode) type=A ext=.bd
Asserting (strict mode) type=B ext=.abd
Asserting (strict mode) type=D ext=.abd
Asserting (strict mode) type=C ext=.abd
Asserting (strict mode) type=AnyObject ext=.abd
Asserting (strict mode) type=A ext=.abd
Asserting (strict mode) type=B ext=.abc
Asserting (strict mode) type=D ext=.abc
Asserting (strict mode) type=C ext=.abc
Asserting (strict mode) type=AnyObject ext=.abc
Asserting (strict mode) type=A ext=.abc
Asserting (strict mode) type=B ext=.bcd
Asserting (strict mode) type=D ext=.bcd
Asserting (strict mode) type=C ext=.bcd
Asserting (strict mode) type=AnyObject ext=.bcd
Asserting (strict mode) type=A ext=.bcd
Asserting (strict mode) type=B ext=.abcd
Asserting (strict mode) type=D ext=.abcd
Asserting (strict mode) type=C ext=.abcd
Asserting (strict mode) type=AnyObject ext=.abcd
Asserting (strict mode) type=A ext=.abcd
Asserting (strict mode) type=B ext=.c
Asserting (strict mode) type=D ext=.c
Asserting (strict mode) type=C ext=.c
Asserting (strict mode) type=A ext=.c
Asserting (strict mode) type=B ext=.bc
Asserting (strict mode) type=D ext=.bc
Asserting (strict mode) type=C ext=.bc
Asserting (strict mode) type=A ext=.bc
Asserting (strict mode) type=B ext=.a
Asserting (strict mode) type=D ext=.a
Asserting (strict mode) type=C ext=.a
Asserting (strict mode) type=AnyObject ext=.a
Asserting (strict mode) type=A ext=.a
Asserting (strict mode) type=B ext=.ad
Asserting (strict mode) type=D ext=.ad
Asserting (strict mode) type=C ext=.ad
Asserting (strict mode) type=AnyObject ext=.ad
Asserting (strict mode) type=A ext=.ad
Asserting (strict mode) type=B ext=.acd
Asserting (strict mode) type=D ext=.acd
Asserting (strict mode) type=C ext=.acd
Asserting (strict mode) type=AnyObject ext=.acd
Asserting (strict mode) type=A ext=.acd
Asserting (strict mode) type=B ext=.cd
Asserting (strict mode) type=D ext=.cd
Asserting (strict mode) type=C ext=.cd
Asserting (strict mode) type=AnyObject ext=.cd
Asserting (strict mode) type=A ext=.cd
Asserting (strict mode) type=B ext=.ab
Asserting (strict mode) type=D ext=.ab
Asserting (strict mode) type=C ext=.ab
Asserting (strict mode) type=AnyObject ext=.ab
Asserting (strict mode) type=A ext=.ab
Asserting (strict mode) type=D ext=.d
Asserting (strict mode) type=C ext=.d
Asserting (strict mode) type=AnyObject ext=.d
Asserting (strict mode) type=A ext=.d
Asserting (strict mode) type=B ext=.b
Asserting (strict mode) type=C ext=.b
Asserting (strict mode) type=A ext=.b
Asserting (strict mode) type=B ext=.ac
Asserting (strict mode) type=D ext=.ac
Asserting (strict mode) type=C ext=.ac
Asserting (strict mode) type=AnyObject ext=.ac
Asserting (strict mode) type=A ext=.ac
Asserting (strict mode) type=B ext=&lt;multifile&gt;
Asserting (strict mode) type=D ext=&lt;multifile&gt;
Asserting (strict mode) type=C ext=&lt;multifile&gt;
Asserting (strict mode) type=AnyObject ext=&lt;multifile&gt;
Asserting (strict mode) type=A ext=&lt;multifile&gt;
Asserting (strict mode) type=B ext=.bd
Asserting (strict mode) type=D ext=.bd
Asserting (strict mode) type=C ext=.bd
Asserting (strict mode) type=AnyObject ext=.bd
Asserting (strict mode) type=A ext=.bd
Asserting (strict mode) type=B ext=.abd
Asserting (strict mode) type=D ext=.abd
Asserting (strict mode) type=C ext=.abd
Asserting (strict mode) type=AnyObject ext=.abd
Asserting (strict mode) type=A ext=.abd
Asserting (strict mode) type=B ext=.abc
Asserting (strict mode) type=D ext=.abc
Asserting (strict mode) type=C ext=.abc
Asserting (strict mode) type=AnyObject ext=.abc
Asserting (strict mode) type=A ext=.abc
Asserting (strict mode) type=B ext=.bcd
Asserting (strict mode) type=D ext=.bcd
Asserting (strict mode) type=C ext=.bcd
Asserting (strict mode) type=AnyObject ext=.bcd
Asserting (strict mode) type=A ext=.bcd
Asserting (strict mode) type=B ext=.abcd
Asserting (strict mode) type=D ext=.abcd
Asserting (strict mode) type=C ext=.abcd
Asserting (strict mode) type=AnyObject ext=.abcd
Asserting (strict mode) type=A ext=.abcd
Asserting (strict mode) type=B ext=.c
Asserting (strict mode) type=D ext=.c
Asserting (strict mode) type=C ext=.c
Asserting (strict mode) type=A ext=.c
Asserting (strict mode) type=B ext=.bc
Asserting (strict mode) type=D ext=.bc
Asserting (strict mode) type=C ext=.bc
Asserting (strict mode) type=A ext=.bc
Asserting (strict mode) type=B ext=.a
Asserting (strict mode) type=D ext=.a
Asserting (strict mode) type=C ext=.a
Asserting (strict mode) type=AnyObject ext=.a
Asserting (strict mode) type=A ext=.a
Asserting (strict mode) type=B ext=.ad
Asserting (strict mode) type=D ext=.ad
Asserting (strict mode) type=C ext=.ad
Asserting (strict mode) type=AnyObject ext=.ad
Asserting (strict mode) type=A ext=.ad
Asserting (strict mode) type=B ext=.acd
Asserting (strict mode) type=D ext=.acd
Asserting (strict mode) type=C ext=.acd
Asserting (strict mode) type=AnyObject ext=.acd
Asserting (strict mode) type=A ext=.acd
Asserting (strict mode) type=B ext=.cd
Asserting (strict mode) type=D ext=.cd
Asserting (strict mode) type=C ext=.cd
Asserting (strict mode) type=AnyObject ext=.cd
Asserting (strict mode) type=A ext=.cd
Asserting (strict mode) type=B ext=.ab
Asserting (strict mode) type=D ext=.ab
Asserting (strict mode) type=C ext=.ab
Asserting (strict mode) type=AnyObject ext=.ab
Asserting (strict mode) type=A ext=.ab
Asserting (strict mode) type=D ext=.d
Asserting (strict mode) type=C ext=.d
Asserting (strict mode) type=AnyObject ext=.d
Asserting (strict mode) type=A ext=.d
Asserting (strict mode) type=B ext=.b
Asserting (strict mode) type=C ext=.b
Asserting (strict mode) type=A ext=.b
Asserting (strict mode) type=B ext=.ac
Asserting (strict mode) type=D ext=.ac
Asserting (strict mode) type=C ext=.ac
Asserting (strict mode) type=AnyObject ext=.ac
Asserting (strict mode) type=A ext=.ac
Asserting (strict mode) type=B ext=&lt;multifile&gt;
Asserting (strict mode) type=D ext=&lt;multifile&gt;
Asserting (strict mode) type=C ext=&lt;multifile&gt;
Asserting (strict mode) type=AnyObject ext=&lt;multifile&gt;
Asserting (strict mode) type=A ext=&lt;multifile&gt;
Asserting (strict mode) type=B ext=.bd
Asserting (strict mode) type=D ext=.bd
Asserting (strict mode) type=C ext=.bd
Asserting (strict mode) type=AnyObject ext=.bd
Asserting (strict mode) type=A ext=.bd
Asserting (strict mode) type=B ext=.abd
Asserting (strict mode) type=D ext=.abd
Asserting (strict mode) type=C ext=.abd
Asserting (strict mode) type=AnyObject ext=.abd
Asserting (strict mode) type=A ext=.abd
Asserting (strict mode) type=B ext=.abc
Asserting (strict mode) type=D ext=.abc
Asserting (strict mode) type=C ext=.abc
Asserting (strict mode) type=AnyObject ext=.abc
Asserting (strict mode) type=A ext=.abc
Asserting (strict mode) type=B ext=.bcd
Asserting (strict mode) type=D ext=.bcd
Asserting (strict mode) type=C ext=.bcd
Asserting (strict mode) type=AnyObject ext=.bcd
Asserting (strict mode) type=A ext=.bcd
Asserting (strict mode) type=B ext=.abcd
Asserting (strict mode) type=D ext=.abcd
Asserting (strict mode) type=C ext=.abcd
Asserting (strict mode) type=AnyObject ext=.abcd
Asserting (strict mode) type=A ext=.abcd
Asserting (strict mode) type=B ext=.c
Asserting (strict mode) type=D ext=.c
Asserting (strict mode) type=C ext=.c
Asserting (strict mode) type=A ext=.c
Asserting (strict mode) type=B ext=.bc
Asserting (strict mode) type=D ext=.bc
Asserting (strict mode) type=C ext=.bc
Asserting (strict mode) type=A ext=.bc
Asserting (strict mode) type=B ext=.a
Asserting (strict mode) type=D ext=.a
Asserting (strict mode) type=C ext=.a
Asserting (strict mode) type=AnyObject ext=.a
Asserting (strict mode) type=A ext=.a
Asserting (strict mode) type=B ext=.ad
Asserting (strict mode) type=D ext=.ad
Asserting (strict mode) type=C ext=.ad
Asserting (strict mode) type=AnyObject ext=.ad
Asserting (strict mode) type=A ext=.ad
Asserting (strict mode) type=B ext=.acd
Asserting (strict mode) type=D ext=.acd
Asserting (strict mode) type=C ext=.acd
Asserting (strict mode) type=AnyObject ext=.acd
Asserting (strict mode) type=A ext=.acd
Asserting (strict mode) type=B ext=&lt;multifile&gt;
Asserting (strict mode) type=D ext=&lt;multifile&gt;
Asserting (strict mode) type=C ext=&lt;multifile&gt;
Asserting (strict mode) type=AnyObject ext=&lt;multifile&gt;
Asserting (strict mode) type=A ext=&lt;multifile&gt;
Asserting (strict mode) type=B ext=.ab
Asserting (strict mode) type=D ext=.ab
Asserting (strict mode) type=C ext=.ab
Asserting (strict mode) type=AnyObject ext=.ab
Asserting (strict mode) type=A ext=.ab
Asserting (strict mode) type=D ext=.d
Asserting (strict mode) type=C ext=.d
Asserting (strict mode) type=AnyObject ext=.d
Asserting (strict mode) type=A ext=.d
Asserting (strict mode) type=B ext=.b
Asserting (strict mode) type=C ext=.b
Asserting (strict mode) type=A ext=.b
Asserting (strict mode) type=B ext=.ac
Asserting (strict mode) type=D ext=.ac
Asserting (strict mode) type=C ext=.ac
Asserting (strict mode) type=AnyObject ext=.ac
Asserting (strict mode) type=A ext=.ac
Asserting (strict mode) type=B ext=.cd
Asserting (strict mode) type=D ext=.cd
Asserting (strict mode) type=C ext=.cd
Asserting (strict mode) type=AnyObject ext=.cd
Asserting (strict mode) type=A ext=.cd
Asserting (strict mode) type=B ext=.bd
Asserting (strict mode) type=D ext=.bd
Asserting (strict mode) type=C ext=.bd
Asserting (strict mode) type=AnyObject ext=.bd
Asserting (strict mode) type=A ext=.bd
Asserting (strict mode) type=B ext=.abd
Asserting (strict mode) type=D ext=.abd
Asserting (strict mode) type=C ext=.abd
Asserting (strict mode) type=AnyObject ext=.abd
Asserting (strict mode) type=A ext=.abd
Asserting (strict mode) type=B ext=.abc
Asserting (strict mode) type=D ext=.abc
Asserting (strict mode) type=C ext=.abc
Asserting (strict mode) type=AnyObject ext=.abc
Asserting (strict mode) type=A ext=.abc
Asserting (strict mode) type=B ext=.bcd
Asserting (strict mode) type=D ext=.bcd
Asserting (strict mode) type=C ext=.bcd
Asserting (strict mode) type=AnyObject ext=.bcd
Asserting (strict mode) type=A ext=.bcd
Asserting (strict mode) type=B ext=.abcd
Asserting (strict mode) type=D ext=.abcd
Asserting (strict mode) type=C ext=.abcd
Asserting (strict mode) type=AnyObject ext=.abcd
Asserting (strict mode) type=A ext=.abcd
Asserting (strict mode) type=B ext=.c
Asserting (strict mode) type=D ext=.c
Asserting (strict mode) type=C ext=.c
Asserting (strict mode) type=A ext=.c
Asserting (strict mode) type=B ext=.bc
Asserting (strict mode) type=D ext=.bc
Asserting (strict mode) type=C ext=.bc
Asserting (strict mode) type=A ext=.bc
Asserting (strict mode) type=B ext=.a
Asserting (strict mode) type=D ext=.a
Asserting (strict mode) type=C ext=.a
Asserting (strict mode) type=AnyObject ext=.a
Asserting (strict mode) type=A ext=.a
Asserting (strict mode) type=B ext=.ad
Asserting (strict mode) type=D ext=.ad
Asserting (strict mode) type=C ext=.ad
Asserting (strict mode) type=AnyObject ext=.ad
Asserting (strict mode) type=A ext=.ad
Asserting (strict mode) type=B ext=.acd
Asserting (strict mode) type=D ext=.acd
Asserting (strict mode) type=C ext=.acd
Asserting (strict mode) type=AnyObject ext=.acd
Asserting (strict mode) type=A ext=.acd
Asserting (strict mode) type=B ext=&lt;multifile&gt;
Asserting (strict mode) type=D ext=&lt;multifile&gt;
Asserting (strict mode) type=C ext=&lt;multifile&gt;
Asserting (strict mode) type=AnyObject ext=&lt;multifile&gt;
Asserting (strict mode) type=A ext=&lt;multifile&gt;
Asserting (strict mode) type=B ext=.ab
Asserting (strict mode) type=D ext=.ab
Asserting (strict mode) type=C ext=.ab
Asserting (strict mode) type=AnyObject ext=.ab
Asserting (strict mode) type=A ext=.ab
Asserting (strict mode) type=D ext=.d
Asserting (strict mode) type=C ext=.d
Asserting (strict mode) type=AnyObject ext=.d
Asserting (strict mode) type=A ext=.d
Asserting (strict mode) type=B ext=.b
Asserting (strict mode) type=C ext=.b
Asserting (strict mode) type=A ext=.b
Asserting (strict mode) type=B ext=.ac
Asserting (strict mode) type=D ext=.ac
Asserting (strict mode) type=C ext=.ac
Asserting (strict mode) type=AnyObject ext=.ac
Asserting (strict mode) type=A ext=.ac
Asserting (strict mode) type=B ext=.cd
Asserting (strict mode) type=D ext=.cd
Asserting (strict mode) type=C ext=.cd
Asserting (strict mode) type=AnyObject ext=.cd
Asserting (strict mode) type=A ext=.cd
Asserting (strict mode) type=B ext=.bd
Asserting (strict mode) type=D ext=.bd
Asserting (strict mode) type=C ext=.bd
Asserting (strict mode) type=AnyObject ext=.bd
Asserting (strict mode) type=A ext=.bd
Asserting (strict mode) type=B ext=.abd
Asserting (strict mode) type=D ext=.abd
Asserting (strict mode) type=C ext=.abd
Asserting (strict mode) type=AnyObject ext=.abd
Asserting (strict mode) type=A ext=.abd
Asserting (strict mode) type=B ext=.abc
Asserting (strict mode) type=D ext=.abc
Asserting (strict mode) type=C ext=.abc
Asserting (strict mode) type=AnyObject ext=.abc
Asserting (strict mode) type=A ext=.abc
Asserting (strict mode) type=B ext=.bcd
Asserting (strict mode) type=D ext=.bcd
Asserting (strict mode) type=C ext=.bcd
Asserting (strict mode) type=AnyObject ext=.bcd
Asserting (strict mode) type=A ext=.bcd
Asserting (strict mode) type=B ext=.abcd
Asserting (strict mode) type=D ext=.abcd
Asserting (strict mode) type=C ext=.abcd
Asserting (strict mode) type=AnyObject ext=.abcd
Asserting (strict mode) type=A ext=.abcd
Asserting (strict mode) type=B ext=.c
Asserting (strict mode) type=D ext=.c
Asserting (strict mode) type=C ext=.c
Asserting (strict mode) type=A ext=.c
Asserting (strict mode) type=B ext=.bc
Asserting (strict mode) type=D ext=.bc
Asserting (strict mode) type=C ext=.bc
Asserting (strict mode) type=A ext=.bc
Asserting (strict mode) type=B ext=.a
Asserting (strict mode) type=D ext=.a
Asserting (strict mode) type=C ext=.a
Asserting (strict mode) type=AnyObject ext=.a
Asserting (strict mode) type=A ext=.a
Asserting (strict mode) type=B ext=.ad
Asserting (strict mode) type=D ext=.ad
Asserting (strict mode) type=C ext=.ad
Asserting (strict mode) type=AnyObject ext=.ad
Asserting (strict mode) type=A ext=.ad
Asserting (strict mode) type=B ext=.acd
Asserting (strict mode) type=D ext=.acd
Asserting (strict mode) type=C ext=.acd
Asserting (strict mode) type=AnyObject ext=.acd
Asserting (strict mode) type=A ext=.acd
Asserting (strict mode) type=B ext=&lt;multifile&gt;
Asserting (strict mode) type=D ext=&lt;multifile&gt;
Asserting (strict mode) type=C ext=&lt;multifile&gt;
Asserting (strict mode) type=AnyObject ext=&lt;multifile&gt;
Asserting (strict mode) type=A ext=&lt;multifile&gt;
Asserting (strict mode) type=B ext=.ab
Asserting (strict mode) type=D ext=.ab
Asserting (strict mode) type=C ext=.ab
Asserting (strict mode) type=AnyObject ext=.ab
Asserting (strict mode) type=A ext=.ab
Asserting (strict mode) type=D ext=.d
Asserting (strict mode) type=C ext=.d
Asserting (strict mode) type=AnyObject ext=.d
Asserting (strict mode) type=A ext=.d
Asserting (strict mode) type=B ext=.b
Asserting (strict mode) type=C ext=.b
Asserting (strict mode) type=A ext=.b
Asserting (strict mode) type=B ext=.ac
Asserting (strict mode) type=D ext=.ac
Asserting (strict mode) type=C ext=.ac
Asserting (strict mode) type=AnyObject ext=.ac
Asserting (strict mode) type=A ext=.ac
Asserting (strict mode) type=B ext=.cd
Asserting (strict mode) type=D ext=.cd
Asserting (strict mode) type=C ext=.cd
Asserting (strict mode) type=AnyObject ext=.cd
Asserting (strict mode) type=A ext=.cd
Asserting (strict mode) type=B ext=.bd
Asserting (strict mode) type=D ext=.bd
Asserting (strict mode) type=C ext=.bd
Asserting (strict mode) type=AnyObject ext=.bd
Asserting (strict mode) type=A ext=.bd
Asserting (strict mode) type=B ext=.abd
Asserting (strict mode) type=D ext=.abd
Asserting (strict mode) type=C ext=.abd
Asserting (strict mode) type=AnyObject ext=.abd
Asserting (strict mode) type=A ext=.abd
Asserting (strict mode) type=B ext=.abc
Asserting (strict mode) type=D ext=.abc
Asserting (strict mode) type=C ext=.abc
Asserting (strict mode) type=AnyObject ext=.abc
Asserting (strict mode) type=A ext=.abc
Asserting (strict mode) type=B ext=.bcd
Asserting (strict mode) type=D ext=.bcd
Asserting (strict mode) type=C ext=.bcd
Asserting (strict mode) type=AnyObject ext=.bcd
Asserting (strict mode) type=A ext=.bcd
Asserting (strict mode) type=B ext=.abcd
Asserting (strict mode) type=D ext=.abcd
Asserting (strict mode) type=C ext=.abcd
Asserting (strict mode) type=AnyObject ext=.abcd
Asserting (strict mode) type=A ext=.abcd
Asserting (strict mode) type=B ext=.c
Asserting (strict mode) type=D ext=.c
Asserting (strict mode) type=C ext=.c
Asserting (strict mode) type=A ext=.c
Asserting (strict mode) type=B ext=.bc
Asserting (strict mode) type=D ext=.bc
Asserting (strict mode) type=C ext=.bc
Asserting (strict mode) type=A ext=.bc
Asserting (strict mode) type=B ext=.a
Asserting (strict mode) type=D ext=.a
Asserting (strict mode) type=C ext=.a
Asserting (strict mode) type=AnyObject ext=.a
Asserting (strict mode) type=A ext=.a
Asserting (strict mode) type=B ext=.ad
Asserting (strict mode) type=D ext=.ad
Asserting (strict mode) type=C ext=.ad
Asserting (strict mode) type=AnyObject ext=.ad
Asserting (strict mode) type=A ext=.ad
Asserting (strict mode) type=B ext=.acd
Asserting (strict mode) type=D ext=.acd
Asserting (strict mode) type=C ext=.acd
Asserting (strict mode) type=AnyObject ext=.acd
Asserting (strict mode) type=A ext=.acd
Asserting (strict mode) type=B ext=.cd
Asserting (strict mode) type=D ext=.cd
Asserting (strict mode) type=C ext=.cd
Asserting (strict mode) type=AnyObject ext=.cd
Asserting (strict mode) type=A ext=.cd
Asserting (strict mode) type=B ext=.ab
Asserting (strict mode) type=D ext=.ab
Asserting (strict mode) type=C ext=.ab
Asserting (strict mode) type=AnyObject ext=.ab
Asserting (strict mode) type=A ext=.ab
Asserting (strict mode) type=D ext=.d
Asserting (strict mode) type=C ext=.d
Asserting (strict mode) type=AnyObject ext=.d
Asserting (strict mode) type=A ext=.d
Asserting (strict mode) type=B ext=.b
Asserting (strict mode) type=C ext=.b
Asserting (strict mode) type=A ext=.b
Asserting (strict mode) type=B ext=.ac
Asserting (strict mode) type=D ext=.ac
Asserting (strict mode) type=C ext=.ac
Asserting (strict mode) type=AnyObject ext=.ac
Asserting (strict mode) type=A ext=.ac
Asserting (strict mode) type=B ext=&lt;multifile&gt;
Asserting (strict mode) type=D ext=&lt;multifile&gt;
Asserting (strict mode) type=C ext=&lt;multifile&gt;
Asserting (strict mode) type=AnyObject ext=&lt;multifile&gt;
Asserting (strict mode) type=A ext=&lt;multifile&gt;
Asserting (strict mode) type=B ext=.bd
Asserting (strict mode) type=D ext=.bd
Asserting (strict mode) type=C ext=.bd
Asserting (strict mode) type=AnyObject ext=.bd
Asserting (strict mode) type=A ext=.bd
Asserting (strict mode) type=B ext=.abd
Asserting (strict mode) type=D ext=.abd
Asserting (strict mode) type=C ext=.abd
Asserting (strict mode) type=AnyObject ext=.abd
Asserting (strict mode) type=A ext=.abd
Asserting (strict mode) type=B ext=.abc
Asserting (strict mode) type=D ext=.abc
Asserting (strict mode) type=C ext=.abc
Asserting (strict mode) type=AnyObject ext=.abc
Asserting (strict mode) type=A ext=.abc
Asserting (strict mode) type=B ext=.bcd
Asserting (strict mode) type=D ext=.bcd
Asserting (strict mode) type=C ext=.bcd
Asserting (strict mode) type=AnyObject ext=.bcd
Asserting (strict mode) type=A ext=.bcd
Asserting (strict mode) type=B ext=.abcd
Asserting (strict mode) type=D ext=.abcd
Asserting (strict mode) type=C ext=.abcd
Asserting (strict mode) type=AnyObject ext=.abcd
Asserting (strict mode) type=A ext=.abcd
Asserting (strict mode) type=B ext=.c
Asserting (strict mode) type=D ext=.c
Asserting (strict mode) type=C ext=.c
Asserting (strict mode) type=A ext=.c
Asserting (strict mode) type=B ext=.bc
Asserting (strict mode) type=D ext=.bc
Asserting (strict mode) type=C ext=.bc
Asserting (strict mode) type=A ext=.bc
Asserting (strict mode) type=B ext=.a
Asserting (strict mode) type=D ext=.a
Asserting (strict mode) type=C ext=.a
Asserting (strict mode) type=AnyObject ext=.a
Asserting (strict mode) type=A ext=.a
Asserting (strict mode) type=B ext=.ad
Asserting (strict mode) type=D ext=.ad
Asserting (strict mode) type=C ext=.ad
Asserting (strict mode) type=AnyObject ext=.ad
Asserting (strict mode) type=A ext=.ad
Asserting (strict mode) type=B ext=.acd
Asserting (strict mode) type=D ext=.acd
Asserting (strict mode) type=C ext=.acd
Asserting (strict mode) type=AnyObject ext=.acd
Asserting (strict mode) type=A ext=.acd
</system-out></testcase><testcase classname="parsyfiles.tests.combining_parsers_converters.test_registries.TestParserRegistry" file="parsyfiles/tests/combining_parsers_converters/test_registries.py" line="304" name="test_c_capabilities_equal_query_nonstrict" time="0.6571469306945801"><system-out>.
.d
.c
.cd
.b
.bd
.bc
.bcd
.a
.ad
.ac
.acd
.ab
.abd
.abc
.abcd
Asserting (non-strict mode) type=C ext=.cd
Asserting (non-strict mode) type=D ext=.cd
Asserting (non-strict mode) type=A ext=.cd
Asserting (non-strict mode) type=B ext=.cd
Asserting (non-strict mode) type=AnyObject ext=.cd
Asserting (non-strict mode) type=C ext=.ab
Asserting (non-strict mode) type=D ext=.ab
Asserting (non-strict mode) type=A ext=.ab
Asserting (non-strict mode) type=B ext=.ab
Asserting (non-strict mode) type=AnyObject ext=.ab
Asserting (non-strict mode) type=C ext=.d
Asserting (non-strict mode) type=A ext=.d
Asserting (non-strict mode) type=AnyObject ext=.d
Asserting (non-strict mode) type=D ext=.d
Asserting (non-strict mode) type=C ext=.b
Asserting (non-strict mode) type=A ext=.b
Asserting (non-strict mode) type=B ext=.b
Asserting (non-strict mode) type=C ext=.ac
Asserting (non-strict mode) type=D ext=.ac
Asserting (non-strict mode) type=A ext=.ac
Asserting (non-strict mode) type=B ext=.ac
Asserting (non-strict mode) type=AnyObject ext=.ac
Asserting (non-strict mode) type=C ext=&lt;multifile&gt;
Asserting (non-strict mode) type=D ext=&lt;multifile&gt;
Asserting (non-strict mode) type=A ext=&lt;multifile&gt;
Asserting (non-strict mode) type=B ext=&lt;multifile&gt;
Asserting (non-strict mode) type=AnyObject ext=&lt;multifile&gt;
Asserting (non-strict mode) type=C ext=.bd
Asserting (non-strict mode) type=D ext=.bd
Asserting (non-strict mode) type=A ext=.bd
Asserting (non-strict mode) type=B ext=.bd
Asserting (non-strict mode) type=AnyObject ext=.bd
Asserting (non-strict mode) type=C ext=.abd
Asserting (non-strict mode) type=D ext=.abd
Asserting (non-strict mode) type=A ext=.abd
Asserting (non-strict mode) type=B ext=.abd
Asserting (non-strict mode) type=AnyObject ext=.abd
Asserting (non-strict mode) type=C ext=.abc
Asserting (non-strict mode) type=D ext=.abc
Asserting (non-strict mode) type=A ext=.abc
Asserting (non-strict mode) type=B ext=.abc
Asserting (non-strict mode) type=AnyObject ext=.abc
Asserting (non-strict mode) type=C ext=.bcd
Asserting (non-strict mode) type=D ext=.bcd
Asserting (non-strict mode) type=A ext=.bcd
Asserting (non-strict mode) type=B ext=.bcd
Asserting (non-strict mode) type=AnyObject ext=.bcd
Asserting (non-strict mode) type=C ext=.abcd
Asserting (non-strict mode) type=D ext=.abcd
Asserting (non-strict mode) type=A ext=.abcd
Asserting (non-strict mode) type=B ext=.abcd
Asserting (non-strict mode) type=AnyObject ext=.abcd
Asserting (non-strict mode) type=C ext=.c
Asserting (non-strict mode) type=A ext=.c
Asserting (non-strict mode) type=B ext=.c
Asserting (non-strict mode) type=D ext=.c
Asserting (non-strict mode) type=C ext=.bc
Asserting (non-strict mode) type=A ext=.bc
Asserting (non-strict mode) type=B ext=.bc
Asserting (non-strict mode) type=D ext=.bc
Asserting (non-strict mode) type=C ext=.a
Asserting (non-strict mode) type=D ext=.a
Asserting (non-strict mode) type=A ext=.a
Asserting (non-strict mode) type=B ext=.a
Asserting (non-strict mode) type=AnyObject ext=.a
Asserting (non-strict mode) type=C ext=.ad
Asserting (non-strict mode) type=D ext=.ad
Asserting (non-strict mode) type=A ext=.ad
Asserting (non-strict mode) type=B ext=.ad
Asserting (non-strict mode) type=AnyObject ext=.ad
Asserting (non-strict mode) type=C ext=.acd
Asserting (non-strict mode) type=D ext=.acd
Asserting (non-strict mode) type=A ext=.acd
Asserting (non-strict mode) type=B ext=.acd
Asserting (non-strict mode) type=AnyObject ext=.acd
Asserting (non-strict mode) type=C ext=.cd
Asserting (non-strict mode) type=D ext=.cd
Asserting (non-strict mode) type=A ext=.cd
Asserting (non-strict mode) type=B ext=.cd
Asserting (non-strict mode) type=AnyObject ext=.cd
Asserting (non-strict mode) type=C ext=.ab
Asserting (non-strict mode) type=D ext=.ab
Asserting (non-strict mode) type=A ext=.ab
Asserting (non-strict mode) type=B ext=.ab
Asserting (non-strict mode) type=AnyObject ext=.ab
Asserting (non-strict mode) type=C ext=.d
Asserting (non-strict mode) type=A ext=.d
Asserting (non-strict mode) type=AnyObject ext=.d
Asserting (non-strict mode) type=D ext=.d
Asserting (non-strict mode) type=C ext=.b
Asserting (non-strict mode) type=A ext=.b
Asserting (non-strict mode) type=B ext=.b
Asserting (non-strict mode) type=C ext=.ac
Asserting (non-strict mode) type=D ext=.ac
Asserting (non-strict mode) type=A ext=.ac
Asserting (non-strict mode) type=B ext=.ac
Asserting (non-strict mode) type=AnyObject ext=.ac
Asserting (non-strict mode) type=C ext=&lt;multifile&gt;
Asserting (non-strict mode) type=D ext=&lt;multifile&gt;
Asserting (non-strict mode) type=A ext=&lt;multifile&gt;
Asserting (non-strict mode) type=B ext=&lt;multifile&gt;
Asserting (non-strict mode) type=AnyObject ext=&lt;multifile&gt;
Asserting (non-strict mode) type=C ext=.bd
Asserting (non-strict mode) type=D ext=.bd
Asserting (non-strict mode) type=A ext=.bd
Asserting (non-strict mode) type=B ext=.bd
Asserting (non-strict mode) type=AnyObject ext=.bd
Asserting (non-strict mode) type=C ext=.abd
Asserting (non-strict mode) type=D ext=.abd
Asserting (non-strict mode) type=A ext=.abd
Asserting (non-strict mode) type=B ext=.abd
Asserting (non-strict mode) type=AnyObject ext=.abd
Asserting (non-strict mode) type=C ext=.abc
Asserting (non-strict mode) type=D ext=.abc
Asserting (non-strict mode) type=A ext=.abc
Asserting (non-strict mode) type=B ext=.abc
Asserting (non-strict mode) type=AnyObject ext=.abc
Asserting (non-strict mode) type=C ext=.bcd
Asserting (non-strict mode) type=D ext=.bcd
Asserting (non-strict mode) type=A ext=.bcd
Asserting (non-strict mode) type=B ext=.bcd
Asserting (non-strict mode) type=AnyObject ext=.bcd
Asserting (non-strict mode) type=C ext=.abcd
Asserting (non-strict mode) type=D ext=.abcd
Asserting (non-strict mode) type=A ext=.abcd
Asserting (non-strict mode) type=B ext=.abcd
Asserting (non-strict mode) type=AnyObject ext=.abcd
Asserting (non-strict mode) type=C ext=.c
Asserting (non-strict mode) type=A ext=.c
Asserting (non-strict mode) type=B ext=.c
Asserting (non-strict mode) type=D ext=.c
Asserting (non-strict mode) type=C ext=.bc
Asserting (non-strict mode) type=A ext=.bc
Asserting (non-strict mode) type=B ext=.bc
Asserting (non-strict mode) type=D ext=.bc
Asserting (non-strict mode) type=C ext=.a
Asserting (non-strict mode) type=D ext=.a
Asserting (non-strict mode) type=A ext=.a
Asserting (non-strict mode) type=B ext=.a
Asserting (non-strict mode) type=AnyObject ext=.a
Asserting (non-strict mode) type=C ext=.ad
Asserting (non-strict mode) type=D ext=.ad
Asserting (non-strict mode) type=A ext=.ad
Asserting (non-strict mode) type=B ext=.ad
Asserting (non-strict mode) type=AnyObject ext=.ad
Asserting (non-strict mode) type=C ext=.acd
Asserting (non-strict mode) type=D ext=.acd
Asserting (non-strict mode) type=A ext=.acd
Asserting (non-strict mode) type=B ext=.acd
Asserting (non-strict mode) type=AnyObject ext=.acd
Asserting (non-strict mode) type=C ext=&lt;multifile&gt;
Asserting (non-strict mode) type=D ext=&lt;multifile&gt;
Asserting (non-strict mode) type=A ext=&lt;multifile&gt;
Asserting (non-strict mode) type=B ext=&lt;multifile&gt;
Asserting (non-strict mode) type=AnyObject ext=&lt;multifile&gt;
Asserting (non-strict mode) type=C ext=.ab
Asserting (non-strict mode) type=D ext=.ab
Asserting (non-strict mode) type=A ext=.ab
Asserting (non-strict mode) type=B ext=.ab
Asserting (non-strict mode) type=AnyObject ext=.ab
Asserting (non-strict mode) type=C ext=.d
Asserting (non-strict mode) type=A ext=.d
Asserting (non-strict mode) type=AnyObject ext=.d
Asserting (non-strict mode) type=D ext=.d
Asserting (non-strict mode) type=C ext=.b
Asserting (non-strict mode) type=A ext=.b
Asserting (non-strict mode) type=B ext=.b
Asserting (non-strict mode) type=C ext=.ac
Asserting (non-strict mode) type=D ext=.ac
Asserting (non-strict mode) type=A ext=.ac
Asserting (non-strict mode) type=B ext=.ac
Asserting (non-strict mode) type=AnyObject ext=.ac
Asserting (non-strict mode) type=C ext=.cd
Asserting (non-strict mode) type=D ext=.cd
Asserting (non-strict mode) type=A ext=.cd
Asserting (non-strict mode) type=B ext=.cd
Asserting (non-strict mode) type=AnyObject ext=.cd
Asserting (non-strict mode) type=C ext=.bd
Asserting (non-strict mode) type=D ext=.bd
Asserting (non-strict mode) type=A ext=.bd
Asserting (non-strict mode) type=B ext=.bd
Asserting (non-strict mode) type=AnyObject ext=.bd
Asserting (non-strict mode) type=C ext=.abd
Asserting (non-strict mode) type=D ext=.abd
Asserting (non-strict mode) type=A ext=.abd
Asserting (non-strict mode) type=B ext=.abd
Asserting (non-strict mode) type=AnyObject ext=.abd
Asserting (non-strict mode) type=C ext=.abc
Asserting (non-strict mode) type=D ext=.abc
Asserting (non-strict mode) type=A ext=.abc
Asserting (non-strict mode) type=B ext=.abc
Asserting (non-strict mode) type=AnyObject ext=.abc
Asserting (non-strict mode) type=C ext=.bcd
Asserting (non-strict mode) type=D ext=.bcd
Asserting (non-strict mode) type=A ext=.bcd
Asserting (non-strict mode) type=B ext=.bcd
Asserting (non-strict mode) type=AnyObject ext=.bcd
Asserting (non-strict mode) type=C ext=.abcd
Asserting (non-strict mode) type=D ext=.abcd
Asserting (non-strict mode) type=A ext=.abcd
Asserting (non-strict mode) type=B ext=.abcd
Asserting (non-strict mode) type=AnyObject ext=.abcd
Asserting (non-strict mode) type=C ext=.c
Asserting (non-strict mode) type=A ext=.c
Asserting (non-strict mode) type=B ext=.c
Asserting (non-strict mode) type=D ext=.c
Asserting (non-strict mode) type=C ext=.bc
Asserting (non-strict mode) type=A ext=.bc
Asserting (non-strict mode) type=B ext=.bc
Asserting (non-strict mode) type=D ext=.bc
Asserting (non-strict mode) type=C ext=.a
Asserting (non-strict mode) type=D ext=.a
Asserting (non-strict mode) type=A ext=.a
Asserting (non-strict mode) type=B ext=.a
Asserting (non-strict mode) type=AnyObject ext=.a
Asserting (non-strict mode) type=C ext=.ad
Asserting (non-strict mode) type=D ext=.ad
Asserting (non-strict mode) type=A ext=.ad
Asserting (non-strict mode) type=B ext=.ad
Asserting (non-strict mode) type=AnyObject ext=.ad
Asserting (non-strict mode) type=C ext=.acd
Asserting (non-strict mode) type=D ext=.acd
Asserting (non-strict mode) type=A ext=.acd
Asserting (non-strict mode) type=B ext=.acd
Asserting (non-strict mode) type=AnyObject ext=.acd
Asserting (non-strict mode) type=C ext=&lt;multifile&gt;
Asserting (non-strict mode) type=D ext=&lt;multifile&gt;
Asserting (non-strict mode) type=A ext=&lt;multifile&gt;
Asserting (non-strict mode) type=B ext=&lt;multifile&gt;
Asserting (non-strict mode) type=AnyObject ext=&lt;multifile&gt;
Asserting (non-strict mode) type=C ext=.ab
Asserting (non-strict mode) type=D ext=.ab
Asserting (non-strict mode) type=A ext=.ab
Asserting (non-strict mode) type=B ext=.ab
Asserting (non-strict mode) type=AnyObject ext=.ab
Asserting (non-strict mode) type=C ext=.d
Asserting (non-strict mode) type=A ext=.d
Asserting (non-strict mode) type=AnyObject ext=.d
Asserting (non-strict mode) type=D ext=.d
Asserting (non-strict mode) type=C ext=.b
Asserting (non-strict mode) type=A ext=.b
Asserting (non-strict mode) type=B ext=.b
Asserting (non-strict mode) type=C ext=.ac
Asserting (non-strict mode) type=D ext=.ac
Asserting (non-strict mode) type=A ext=.ac
Asserting (non-strict mode) type=B ext=.ac
Asserting (non-strict mode) type=AnyObject ext=.ac
Asserting (non-strict mode) type=C ext=.cd
Asserting (non-strict mode) type=D ext=.cd
Asserting (non-strict mode) type=A ext=.cd
Asserting (non-strict mode) type=B ext=.cd
Asserting (non-strict mode) type=AnyObject ext=.cd
Asserting (non-strict mode) type=C ext=.bd
Asserting (non-strict mode) type=D ext=.bd
Asserting (non-strict mode) type=A ext=.bd
Asserting (non-strict mode) type=B ext=.bd
Asserting (non-strict mode) type=AnyObject ext=.bd
Asserting (non-strict mode) type=C ext=.abd
Asserting (non-strict mode) type=D ext=.abd
Asserting (non-strict mode) type=A ext=.abd
Asserting (non-strict mode) type=B ext=.abd
Asserting (non-strict mode) type=AnyObject ext=.abd
Asserting (non-strict mode) type=C ext=.abc
Asserting (non-strict mode) type=D ext=.abc
Asserting (non-strict mode) type=A ext=.abc
Asserting (non-strict mode) type=B ext=.abc
Asserting (non-strict mode) type=AnyObject ext=.abc
Asserting (non-strict mode) type=C ext=.bcd
Asserting (non-strict mode) type=D ext=.bcd
Asserting (non-strict mode) type=A ext=.bcd
Asserting (non-strict mode) type=B ext=.bcd
Asserting (non-strict mode) type=AnyObject ext=.bcd
Asserting (non-strict mode) type=C ext=.abcd
Asserting (non-strict mode) type=D ext=.abcd
Asserting (non-strict mode) type=A ext=.abcd
Asserting (non-strict mode) type=B ext=.abcd
Asserting (non-strict mode) type=AnyObject ext=.abcd
Asserting (non-strict mode) type=C ext=.c
Asserting (non-strict mode) type=A ext=.c
Asserting (non-strict mode) type=B ext=.c
Asserting (non-strict mode) type=D ext=.c
Asserting (non-strict mode) type=C ext=.bc
Asserting (non-strict mode) type=A ext=.bc
Asserting (non-strict mode) type=B ext=.bc
Asserting (non-strict mode) type=D ext=.bc
Asserting (non-strict mode) type=C ext=.a
Asserting (non-strict mode) type=D ext=.a
Asserting (non-strict mode) type=A ext=.a
Asserting (non-strict mode) type=B ext=.a
Asserting (non-strict mode) type=AnyObject ext=.a
Asserting (non-strict mode) type=C ext=.ad
Asserting (non-strict mode) type=D ext=.ad
Asserting (non-strict mode) type=A ext=.ad
Asserting (non-strict mode) type=B ext=.ad
Asserting (non-strict mode) type=AnyObject ext=.ad
Asserting (non-strict mode) type=C ext=.acd
Asserting (non-strict mode) type=D ext=.acd
Asserting (non-strict mode) type=A ext=.acd
Asserting (non-strict mode) type=B ext=.acd
Asserting (non-strict mode) type=AnyObject ext=.acd
Asserting (non-strict mode) type=C ext=.cd
Asserting (non-strict mode) type=D ext=.cd
Asserting (non-strict mode) type=A ext=.cd
Asserting (non-strict mode) type=B ext=.cd
Asserting (non-strict mode) type=AnyObject ext=.cd
Asserting (non-strict mode) type=C ext=.ab
Asserting (non-strict mode) type=D ext=.ab
Asserting (non-strict mode) type=A ext=.ab
Asserting (non-strict mode) type=B ext=.ab
Asserting (non-strict mode) type=AnyObject ext=.ab
Asserting (non-strict mode) type=C ext=.d
Asserting (non-strict mode) type=A ext=.d
Asserting (non-strict mode) type=AnyObject ext=.d
Asserting (non-strict mode) type=D ext=.d
Asserting (non-strict mode) type=C ext=.b
Asserting (non-strict mode) type=A ext=.b
Asserting (non-strict mode) type=B ext=.b
Asserting (non-strict mode) type=C ext=.ac
Asserting (non-strict mode) type=D ext=.ac
Asserting (non-strict mode) type=A ext=.ac
Asserting (non-strict mode) type=B ext=.ac
Asserting (non-strict mode) type=AnyObject ext=.ac
Asserting (non-strict mode) type=C ext=&lt;multifile&gt;
Asserting (non-strict mode) type=D ext=&lt;multifile&gt;
Asserting (non-strict mode) type=A ext=&lt;multifile&gt;
Asserting (non-strict mode) type=B ext=&lt;multifile&gt;
Asserting (non-strict mode) type=AnyObject ext=&lt;multifile&gt;
Asserting (non-strict mode) type=C ext=.bd
Asserting (non-strict mode) type=D ext=.bd
Asserting (non-strict mode) type=A ext=.bd
Asserting (non-strict mode) type=B ext=.bd
Asserting (non-strict mode) type=AnyObject ext=.bd
Asserting (non-strict mode) type=C ext=.abd
Asserting (non-strict mode) type=D ext=.abd
Asserting (non-strict mode) type=A ext=.abd
Asserting (non-strict mode) type=B ext=.abd
Asserting (non-strict mode) type=AnyObject ext=.abd
Asserting (non-strict mode) type=C ext=.abc
Asserting (non-strict mode) type=D ext=.abc
Asserting (non-strict mode) type=A ext=.abc
Asserting (non-strict mode) type=B ext=.abc
Asserting (non-strict mode) type=AnyObject ext=.abc
Asserting (non-strict mode) type=C ext=.bcd
Asserting (non-strict mode) type=D ext=.bcd
Asserting (non-strict mode) type=A ext=.bcd
Asserting (non-strict mode) type=B ext=.bcd
Asserting (non-strict mode) type=AnyObject ext=.bcd
Asserting (non-strict mode) type=C ext=.abcd
Asserting (non-strict mode) type=D ext=.abcd
Asserting (non-strict mode) type=A ext=.abcd
Asserting (non-strict mode) type=B ext=.abcd
Asserting (non-strict mode) type=AnyObject ext=.abcd
Asserting (non-strict mode) type=C ext=.c
Asserting (non-strict mode) type=A ext=.c
Asserting (non-strict mode) type=B ext=.c
Asserting (non-strict mode) type=D ext=.c
Asserting (non-strict mode) type=C ext=.bc
Asserting (non-strict mode) type=A ext=.bc
Asserting (non-strict mode) type=B ext=.bc
Asserting (non-strict mode) type=D ext=.bc
Asserting (non-strict mode) type=C ext=.a
Asserting (non-strict mode) type=D ext=.a
Asserting (non-strict mode) type=A ext=.a
Asserting (non-strict mode) type=B ext=.a
Asserting (non-strict mode) type=AnyObject ext=.a
Asserting (non-strict mode) type=C ext=.ad
Asserting (non-strict mode) type=D ext=.ad
Asserting (non-strict mode) type=A ext=.ad
Asserting (non-strict mode) type=B ext=.ad
Asserting (non-strict mode) type=AnyObject ext=.ad
Asserting (non-strict mode) type=C ext=.acd
Asserting (non-strict mode) type=D ext=.acd
Asserting (non-strict mode) type=A ext=.acd
Asserting (non-strict mode) type=B ext=.acd
Asserting (non-strict mode) type=AnyObject ext=.acd
Asserting (non-strict mode) type=C ext=.cd
Asserting (non-strict mode) type=D ext=.cd
Asserting (non-strict mode) type=A ext=.cd
Asserting (non-strict mode) type=B ext=.cd
Asserting (non-strict mode) type=AnyObject ext=.cd
Asserting (non-strict mode) type=C ext=.ab
Asserting (non-strict mode) type=D ext=.ab
Asserting (non-strict mode) type=A ext=.ab
Asserting (non-strict mode) type=B ext=.ab
Asserting (non-strict mode) type=AnyObject ext=.ab
Asserting (non-strict mode) type=C ext=.d
Asserting (non-strict mode) type=A ext=.d
Asserting (non-strict mode) type=AnyObject ext=.d
Asserting (non-strict mode) type=D ext=.d
Asserting (non-strict mode) type=C ext=.b
Asserting (non-strict mode) type=A ext=.b
Asserting (non-strict mode) type=B ext=.b
Asserting (non-strict mode) type=C ext=.ac
Asserting (non-strict mode) type=D ext=.ac
Asserting (non-strict mode) type=A ext=.ac
Asserting (non-strict mode) type=B ext=.ac
Asserting (non-strict mode) type=AnyObject ext=.ac
Asserting (non-strict mode) type=C ext=&lt;multifile&gt;
Asserting (non-strict mode) type=D ext=&lt;multifile&gt;
Asserting (non-strict mode) type=A ext=&lt;multifile&gt;
Asserting (non-strict mode) type=B ext=&lt;multifile&gt;
Asserting (non-strict mode) type=AnyObject ext=&lt;multifile&gt;
Asserting (non-strict mode) type=C ext=.bd
Asserting (non-strict mode) type=D ext=.bd
Asserting (non-strict mode) type=A ext=.bd
Asserting (non-strict mode) type=B ext=.bd
Asserting (non-strict mode) type=AnyObject ext=.bd
Asserting (non-strict mode) type=C ext=.abd
Asserting (non-strict mode) type=D ext=.abd
Asserting (non-strict mode) type=A ext=.abd
Asserting (non-strict mode) type=B ext=.abd
Asserting (non-strict mode) type=AnyObject ext=.abd
Asserting (non-strict mode) type=C ext=.abc
Asserting (non-strict mode) type=D ext=.abc
Asserting (non-strict mode) type=A ext=.abc
Asserting (non-strict mode) type=B ext=.abc
Asserting (non-strict mode) type=AnyObject ext=.abc
Asserting (non-strict mode) type=C ext=.bcd
Asserting (non-strict mode) type=D ext=.bcd
Asserting (non-strict mode) type=A ext=.bcd
Asserting (non-strict mode) type=B ext=.bcd
Asserting (non-strict mode) type=AnyObject ext=.bcd
Asserting (non-strict mode) type=C ext=.abcd
Asserting (non-strict mode) type=D ext=.abcd
Asserting (non-strict mode) type=A ext=.abcd
Asserting (non-strict mode) type=B ext=.abcd
Asserting (non-strict mode) type=AnyObject ext=.abcd
Asserting (non-strict mode) type=C ext=.c
Asserting (non-strict mode) type=A ext=.c
Asserting (non-strict mode) type=B ext=.c
Asserting (non-strict mode) type=D ext=.c
Asserting (non-strict mode) type=C ext=.bc
Asserting (non-strict mode) type=A ext=.bc
Asserting (non-strict mode) type=B ext=.bc
Asserting (non-strict mode) type=D ext=.bc
Asserting (non-strict mode) type=C ext=.a
Asserting (non-strict mode) type=D ext=.a
Asserting (non-strict mode) type=A ext=.a
Asserting (non-strict mode) type=B ext=.a
Asserting (non-strict mode) type=AnyObject ext=.a
Asserting (non-strict mode) type=C ext=.ad
Asserting (non-strict mode) type=D ext=.ad
Asserting (non-strict mode) type=A ext=.ad
Asserting (non-strict mode) type=B ext=.ad
Asserting (non-strict mode) type=AnyObject ext=.ad
Asserting (non-strict mode) type=C ext=.acd
Asserting (non-strict mode) type=D ext=.acd
Asserting (non-strict mode) type=A ext=.acd
Asserting (non-strict mode) type=B ext=.acd
Asserting (non-strict mode) type=AnyObject ext=.acd
Asserting (non-strict mode) type=C ext=.cd
Asserting (non-strict mode) type=D ext=.cd
Asserting (non-strict mode) type=A ext=.cd
Asserting (non-strict mode) type=B ext=.cd
Asserting (non-strict mode) type=AnyObject ext=.cd
Asserting (non-strict mode) type=C ext=.ab
Asserting (non-strict mode) type=D ext=.ab
Asserting (non-strict mode) type=A ext=.ab
Asserting (non-strict mode) type=B ext=.ab
Asserting (non-strict mode) type=AnyObject ext=.ab
Asserting (non-strict mode) type=C ext=.d
Asserting (non-strict mode) type=A ext=.d
Asserting (non-strict mode) type=AnyObject ext=.d
Asserting (non-strict mode) type=D ext=.d
Asserting (non-strict mode) type=C ext=.b
Asserting (non-strict mode) type=A ext=.b
Asserting (non-strict mode) type=B ext=.b
Asserting (non-strict mode) type=C ext=.ac
Asserting (non-strict mode) type=D ext=.ac
Asserting (non-strict mode) type=A ext=.ac
Asserting (non-strict mode) type=B ext=.ac
Asserting (non-strict mode) type=AnyObject ext=.ac
Asserting (non-strict mode) type=C ext=&lt;multifile&gt;
Asserting (non-strict mode) type=D ext=&lt;multifile&gt;
Asserting (non-strict mode) type=A ext=&lt;multifile&gt;
Asserting (non-strict mode) type=B ext=&lt;multifile&gt;
Asserting (non-strict mode) type=AnyObject ext=&lt;multifile&gt;
Asserting (non-strict mode) type=C ext=.bd
Asserting (non-strict mode) type=D ext=.bd
Asserting (non-strict mode) type=A ext=.bd
Asserting (non-strict mode) type=B ext=.bd
Asserting (non-strict mode) type=AnyObject ext=.bd
Asserting (non-strict mode) type=C ext=.abd
Asserting (non-strict mode) type=D ext=.abd
Asserting (non-strict mode) type=A ext=.abd
Asserting (non-strict mode) type=B ext=.abd
Asserting (non-strict mode) type=AnyObject ext=.abd
Asserting (non-strict mode) type=C ext=.abc
Asserting (non-strict mode) type=D ext=.abc
Asserting (non-strict mode) type=A ext=.abc
Asserting (non-strict mode) type=B ext=.abc
Asserting (non-strict mode) type=AnyObject ext=.abc
Asserting (non-strict mode) type=C ext=.bcd
Asserting (non-strict mode) type=D ext=.bcd
Asserting (non-strict mode) type=A ext=.bcd
Asserting (non-strict mode) type=B ext=.bcd
Asserting (non-strict mode) type=AnyObject ext=.bcd
Asserting (non-strict mode) type=C ext=.abcd
Asserting (non-strict mode) type=D ext=.abcd
Asserting (non-strict mode) type=A ext=.abcd
Asserting (non-strict mode) type=B ext=.abcd
Asserting (non-strict mode) type=AnyObject ext=.abcd
Asserting (non-strict mode) type=C ext=.c
Asserting (non-strict mode) type=A ext=.c
Asserting (non-strict mode) type=B ext=.c
Asserting (non-strict mode) type=D ext=.c
Asserting (non-strict mode) type=C ext=.bc
Asserting (non-strict mode) type=A ext=.bc
Asserting (non-strict mode) type=B ext=.bc
Asserting (non-strict mode) type=D ext=.bc
Asserting (non-strict mode) type=C ext=.a
Asserting (non-strict mode) type=D ext=.a
Asserting (non-strict mode) type=A ext=.a
Asserting (non-strict mode) type=B ext=.a
Asserting (non-strict mode) type=AnyObject ext=.a
Asserting (non-strict mode) type=C ext=.ad
Asserting (non-strict mode) type=D ext=.ad
Asserting (non-strict mode) type=A ext=.ad
Asserting (non-strict mode) type=B ext=.ad
Asserting (non-strict mode) type=AnyObject ext=.ad
Asserting (non-strict mode) type=C ext=.acd
Asserting (non-strict mode) type=D ext=.acd
Asserting (non-strict mode) type=A ext=.acd
Asserting (non-strict mode) type=B ext=.acd
Asserting (non-strict mode) type=AnyObject ext=.acd
Asserting (non-strict mode) type=C ext=.cd
Asserting (non-strict mode) type=D ext=.cd
Asserting (non-strict mode) type=A ext=.cd
Asserting (non-strict mode) type=B ext=.cd
Asserting (non-strict mode) type=AnyObject ext=.cd
Asserting (non-strict mode) type=C ext=.ab
Asserting (non-strict mode) type=D ext=.ab
Asserting (non-strict mode) type=A ext=.ab
Asserting (non-strict mode) type=B ext=.ab
Asserting (non-strict mode) type=AnyObject ext=.ab
Asserting (non-strict mode) type=C ext=.d
Asserting (non-strict mode) type=A ext=.d
Asserting (non-strict mode) type=AnyObject ext=.d
Asserting (non-strict mode) type=D ext=.d
Asserting (non-strict mode) type=C ext=.b
Asserting (non-strict mode) type=A ext=.b
Asserting (non-strict mode) type=B ext=.b
Asserting (non-strict mode) type=C ext=.ac
Asserting (non-strict mode) type=D ext=.ac
Asserting (non-strict mode) type=A ext=.ac
Asserting (non-strict mode) type=B ext=.ac
Asserting (non-strict mode) type=AnyObject ext=.ac
Asserting (non-strict mode) type=C ext=&lt;multifile&gt;
Asserting (non-strict mode) type=D ext=&lt;multifile&gt;
Asserting (non-strict mode) type=A ext=&lt;multifile&gt;
Asserting (non-strict mode) type=B ext=&lt;multifile&gt;
Asserting (non-strict mode) type=AnyObject ext=&lt;multifile&gt;
Asserting (non-strict mode) type=C ext=.bd
Asserting (non-strict mode) type=D ext=.bd
Asserting (non-strict mode) type=A ext=.bd
Asserting (non-strict mode) type=B ext=.bd
Asserting (non-strict mode) type=AnyObject ext=.bd
Asserting (non-strict mode) type=C ext=.abd
Asserting (non-strict mode) type=D ext=.abd
Asserting (non-strict mode) type=A ext=.abd
Asserting (non-strict mode) type=B ext=.abd
Asserting (non-strict mode) type=AnyObject ext=.abd
Asserting (non-strict mode) type=C ext=.abc
Asserting (non-strict mode) type=D ext=.abc
Asserting (non-strict mode) type=A ext=.abc
Asserting (non-strict mode) type=B ext=.abc
Asserting (non-strict mode) type=AnyObject ext=.abc
Asserting (non-strict mode) type=C ext=.bcd
Asserting (non-strict mode) type=D ext=.bcd
Asserting (non-strict mode) type=A ext=.bcd
Asserting (non-strict mode) type=B ext=.bcd
Asserting (non-strict mode) type=AnyObject ext=.bcd
Asserting (non-strict mode) type=C ext=.abcd
Asserting (non-strict mode) type=D ext=.abcd
Asserting (non-strict mode) type=A ext=.abcd
Asserting (non-strict mode) type=B ext=.abcd
Asserting (non-strict mode) type=AnyObject ext=.abcd
Asserting (non-strict mode) type=C ext=.c
Asserting (non-strict mode) type=A ext=.c
Asserting (non-strict mode) type=B ext=.c
Asserting (non-strict mode) type=D ext=.c
Asserting (non-strict mode) type=C ext=.bc
Asserting (non-strict mode) type=A ext=.bc
Asserting (non-strict mode) type=B ext=.bc
Asserting (non-strict mode) type=D ext=.bc
Asserting (non-strict mode) type=C ext=.a
Asserting (non-strict mode) type=D ext=.a
Asserting (non-strict mode) type=A ext=.a
Asserting (non-strict mode) type=B ext=.a
Asserting (non-strict mode) type=AnyObject ext=.a
Asserting (non-strict mode) type=C ext=.ad
Asserting (non-strict mode) type=D ext=.ad
Asserting (non-strict mode) type=A ext=.ad
Asserting (non-strict mode) type=B ext=.ad
Asserting (non-strict mode) type=AnyObject ext=.ad
Asserting (non-strict mode) type=C ext=.acd
Asserting (non-strict mode) type=D ext=.acd
Asserting (non-strict mode) type=A ext=.acd
Asserting (non-strict mode) type=B ext=.acd
Asserting (non-strict mode) type=AnyObject ext=.acd
Asserting (non-strict mode) type=C ext=.cd
Asserting (non-strict mode) type=D ext=.cd
Asserting (non-strict mode) type=A ext=.cd
Asserting (non-strict mode) type=B ext=.cd
Asserting (non-strict mode) type=AnyObject ext=.cd
Asserting (non-strict mode) type=C ext=.ab
Asserting (non-strict mode) type=D ext=.ab
Asserting (non-strict mode) type=A ext=.ab
Asserting (non-strict mode) type=B ext=.ab
Asserting (non-strict mode) type=AnyObject ext=.ab
Asserting (non-strict mode) type=C ext=.d
Asserting (non-strict mode) type=A ext=.d
Asserting (non-strict mode) type=AnyObject ext=.d
Asserting (non-strict mode) type=D ext=.d
Asserting (non-strict mode) type=C ext=.b
Asserting (non-strict mode) type=A ext=.b
Asserting (non-strict mode) type=B ext=.b
Asserting (non-strict mode) type=C ext=.ac
Asserting (non-strict mode) type=D ext=.ac
Asserting (non-strict mode) type=A ext=.ac
Asserting (non-strict mode) type=B ext=.ac
Asserting (non-strict mode) type=AnyObject ext=.ac
Asserting (non-strict mode) type=C ext=&lt;multifile&gt;
Asserting (non-strict mode) type=D ext=&lt;multifile&gt;
Asserting (non-strict mode) type=A ext=&lt;multifile&gt;
Asserting (non-strict mode) type=B ext=&lt;multifile&gt;
Asserting (non-strict mode) type=AnyObject ext=&lt;multifile&gt;
Asserting (non-strict mode) type=C ext=.bd
Asserting (non-strict mode) type=D ext=.bd
Asserting (non-strict mode) type=A ext=.bd
Asserting (non-strict mode) type=B ext=.bd
Asserting (non-strict mode) type=AnyObject ext=.bd
Asserting (non-strict mode) type=C ext=.abd
Asserting (non-strict mode) type=D ext=.abd
Asserting (non-strict mode) type=A ext=.abd
Asserting (non-strict mode) type=B ext=.abd
Asserting (non-strict mode) type=AnyObject ext=.abd
Asserting (non-strict mode) type=C ext=.abc
Asserting (non-strict mode) type=D ext=.abc
Asserting (non-strict mode) type=A ext=.abc
Asserting (non-strict mode) type=B ext=.abc
Asserting (non-strict mode) type=AnyObject ext=.abc
Asserting (non-strict mode) type=C ext=.bcd
Asserting (non-strict mode) type=D ext=.bcd
Asserting (non-strict mode) type=A ext=.bcd
Asserting (non-strict mode) type=B ext=.bcd
Asserting (non-strict mode) type=AnyObject ext=.bcd
Asserting (non-strict mode) type=C ext=.abcd
Asserting (non-strict mode) type=D ext=.abcd
Asserting (non-strict mode) type=A ext=.abcd
Asserting (non-strict mode) type=B ext=.abcd
Asserting (non-strict mode) type=AnyObject ext=.abcd
Asserting (non-strict mode) type=C ext=.c
Asserting (non-strict mode) type=A ext=.c
Asserting (non-strict mode) type=B ext=.c
Asserting (non-strict mode) type=D ext=.c
Asserting (non-strict mode) type=C ext=.bc
Asserting (non-strict mode) type=A ext=.bc
Asserting (non-strict mode) type=B ext=.bc
Asserting (non-strict mode) type=D ext=.bc
Asserting (non-strict mode) type=C ext=.a
Asserting (non-strict mode) type=D ext=.a
Asserting (non-strict mode) type=A ext=.a
Asserting (non-strict mode) type=B ext=.a
Asserting (non-strict mode) type=AnyObject ext=.a
Asserting (non-strict mode) type=C ext=.ad
Asserting (non-strict mode) type=D ext=.ad
Asserting (non-strict mode) type=A ext=.ad
Asserting (non-strict mode) type=B ext=.ad
Asserting (non-strict mode) type=AnyObject ext=.ad
Asserting (non-strict mode) type=C ext=.acd
Asserting (non-strict mode) type=D ext=.acd
Asserting (non-strict mode) type=A ext=.acd
Asserting (non-strict mode) type=B ext=.acd
Asserting (non-strict mode) type=AnyObject ext=.acd
</system-out></testcase><testcase classname="parsyfiles.tests.combining_parsers_converters.test_registries.TestParserRegistry" file="parsyfiles/tests/combining_parsers_converters/test_registries.py" line="356" name="test_d_correct_parsers_in_order_strict" time="0.26253294944763184"><system-out>.
.d
.c
.cd
.b
.bd
.bc
.bcd
.a
.ad
.ac
.acd
.ab
.abd
.abc
.abcd
Checking list of parsers returned for (strict mode) type=A ext=&lt;multifile&gt;
First generic
Then specific strict
Checking list of parsers returned for (strict mode) type=A ext=.cd
First generic
Then specific strict
Checking list of parsers returned for (strict mode) type=A ext=.ab
First generic
Then specific strict
Checking list of parsers returned for (strict mode) type=A ext=.d
First generic
Then specific strict
Checking list of parsers returned for (strict mode) type=A ext=.b
First generic
Then specific strict
Checking list of parsers returned for (strict mode) type=A ext=.ac
First generic
Then specific strict
Checking list of parsers returned for (strict mode) type=A ext=.bd
First generic
Then specific strict
Checking list of parsers returned for (strict mode) type=A ext=.abd
First generic
Then specific strict
Checking list of parsers returned for (strict mode) type=A ext=.c
First generic
Then specific strict
Checking list of parsers returned for (strict mode) type=A ext=.bcd
First generic
Then specific strict
Checking list of parsers returned for (strict mode) type=A ext=.abc
First generic
Then specific strict
Checking list of parsers returned for (strict mode) type=A ext=.abcd
First generic
Then specific strict
Checking list of parsers returned for (strict mode) type=A ext=.acd
First generic
Then specific strict
Checking list of parsers returned for (strict mode) type=A ext=.bc
First generic
Then specific strict
Checking list of parsers returned for (strict mode) type=A ext=.a
First generic
Then specific strict
Checking list of parsers returned for (strict mode) type=A ext=.ad
First generic
Then specific strict
Checking list of parsers returned for (strict mode) type=B ext=&lt;multifile&gt;
First generic
Then specific strict
Checking list of parsers returned for (strict mode) type=B ext=.cd
First generic
Then specific strict
Checking list of parsers returned for (strict mode) type=B ext=.ab
First generic
Then specific strict
Checking list of parsers returned for (strict mode) type=B ext=.d
First generic
Then specific strict
Checking list of parsers returned for (strict mode) type=B ext=.b
First generic
Then specific strict
Checking list of parsers returned for (strict mode) type=B ext=.ac
First generic
Then specific strict
Checking list of parsers returned for (strict mode) type=B ext=.bd
First generic
Then specific strict
Checking list of parsers returned for (strict mode) type=B ext=.abd
First generic
Then specific strict
Checking list of parsers returned for (strict mode) type=B ext=.c
First generic
Then specific strict
Checking list of parsers returned for (strict mode) type=B ext=.bcd
First generic
Then specific strict
Checking list of parsers returned for (strict mode) type=B ext=.abc
First generic
Then specific strict
Checking list of parsers returned for (strict mode) type=B ext=.abcd
First generic
Then specific strict
Checking list of parsers returned for (strict mode) type=B ext=.acd
First generic
Then specific strict
Checking list of parsers returned for (strict mode) type=B ext=.bc
First generic
Then specific strict
Checking list of parsers returned for (strict mode) type=B ext=.a
First generic
Then specific strict
Checking list of parsers returned for (strict mode) type=B ext=.ad
First generic
Then specific strict
Checking list of parsers returned for (strict mode) type=C ext=&lt;multifile&gt;
First generic
Then specific strict
Checking list of parsers returned for (strict mode) type=C ext=.cd
First generic
Then specific strict
Checking list of parsers returned for (strict mode) type=C ext=.ab
First generic
Then specific strict
Checking list of parsers returned for (strict mode) type=C ext=.d
First generic
Then specific strict
Checking list of parsers returned for (strict mode) type=C ext=.b
First generic
Then specific strict
Checking list of parsers returned for (strict mode) type=C ext=.ac
First generic
Then specific strict
Checking list of parsers returned for (strict mode) type=C ext=.bd
First generic
Then specific strict
Checking list of parsers returned for (strict mode) type=C ext=.abd
First generic
Then specific strict
Checking list of parsers returned for (strict mode) type=C ext=.c
First generic
Then specific strict
Checking list of parsers returned for (strict mode) type=C ext=.bcd
First generic
Then specific strict
Checking list of parsers returned for (strict mode) type=C ext=.abc
First generic
Then specific strict
Checking list of parsers returned for (strict mode) type=C ext=.abcd
First generic
Then specific strict
Checking list of parsers returned for (strict mode) type=C ext=.acd
First generic
Then specific strict
Checking list of parsers returned for (strict mode) type=C ext=.bc
First generic
Then specific strict
Checking list of parsers returned for (strict mode) type=C ext=.a
First generic
Then specific strict
Checking list of parsers returned for (strict mode) type=C ext=.ad
First generic
Then specific strict
Checking list of parsers returned for (strict mode) type=D ext=&lt;multifile&gt;
First generic
Then specific strict
Checking list of parsers returned for (strict mode) type=D ext=.cd
First generic
Then specific strict
Checking list of parsers returned for (strict mode) type=D ext=.ab
First generic
Then specific strict
Checking list of parsers returned for (strict mode) type=D ext=.d
First generic
Then specific strict
Checking list of parsers returned for (strict mode) type=D ext=.b
First generic
Then specific strict
Checking list of parsers returned for (strict mode) type=D ext=.ac
First generic
Then specific strict
Checking list of parsers returned for (strict mode) type=D ext=.bd
First generic
Then specific strict
Checking list of parsers returned for (strict mode) type=D ext=.abd
First generic
Then specific strict
Checking list of parsers returned for (strict mode) type=D ext=.c
First generic
Then specific strict
Checking list of parsers returned for (strict mode) type=D ext=.bcd
First generic
Then specific strict
Checking list of parsers returned for (strict mode) type=D ext=.abc
First generic
Then specific strict
Checking list of parsers returned for (strict mode) type=D ext=.abcd
First generic
Then specific strict
Checking list of parsers returned for (strict mode) type=D ext=.acd
First generic
Then specific strict
Checking list of parsers returned for (strict mode) type=D ext=.bc
First generic
Then specific strict
Checking list of parsers returned for (strict mode) type=D ext=.a
First generic
Then specific strict
Checking list of parsers returned for (strict mode) type=D ext=.ad
First generic
Then specific strict
Checking list of parsers returned for (strict mode) type=A ext=&lt;multifile&gt;
First generic
Then specific strict
Checking list of parsers returned for (strict mode) type=A ext=.cd
First generic
Then specific strict
Checking list of parsers returned for (strict mode) type=A ext=.ab
First generic
Then specific strict
Checking list of parsers returned for (strict mode) type=A ext=.d
First generic
Then specific strict
Checking list of parsers returned for (strict mode) type=A ext=.b
First generic
Then specific strict
Checking list of parsers returned for (strict mode) type=A ext=.ac
First generic
Then specific strict
Checking list of parsers returned for (strict mode) type=A ext=.bd
First generic
Then specific strict
Checking list of parsers returned for (strict mode) type=A ext=.abd
First generic
Then specific strict
Checking list of parsers returned for (strict mode) type=A ext=.c
First generic
Then specific strict
Checking list of parsers returned for (strict mode) type=A ext=.bcd
First generic
Then specific strict
Checking list of parsers returned for (strict mode) type=A ext=.abc
First generic
Then specific strict
Checking list of parsers returned for (strict mode) type=A ext=.abcd
First generic
Then specific strict
Checking list of parsers returned for (strict mode) type=A ext=.acd
First generic
Then specific strict
Checking list of parsers returned for (strict mode) type=A ext=.bc
First generic
Then specific strict
Checking list of parsers returned for (strict mode) type=A ext=.a
First generic
Then specific strict
Checking list of parsers returned for (strict mode) type=A ext=.ad
First generic
Then specific strict
Checking list of parsers returned for (strict mode) type=B ext=&lt;multifile&gt;
First generic
Then specific strict
Checking list of parsers returned for (strict mode) type=B ext=.cd
First generic
Then specific strict
Checking list of parsers returned for (strict mode) type=B ext=.ab
First generic
Then specific strict
Checking list of parsers returned for (strict mode) type=B ext=.d
First generic
Then specific strict
Checking list of parsers returned for (strict mode) type=B ext=.b
First generic
Then specific strict
Checking list of parsers returned for (strict mode) type=B ext=.ac
First generic
Then specific strict
Checking list of parsers returned for (strict mode) type=B ext=.bd
First generic
Then specific strict
Checking list of parsers returned for (strict mode) type=B ext=.abd
First generic
Then specific strict
Checking list of parsers returned for (strict mode) type=B ext=.c
First generic
Then specific strict
Checking list of parsers returned for (strict mode) type=B ext=.bcd
First generic
Then specific strict
Checking list of parsers returned for (strict mode) type=B ext=.abc
First generic
Then specific strict
Checking list of parsers returned for (strict mode) type=B ext=.abcd
First generic
Then specific strict
Checking list of parsers returned for (strict mode) type=B ext=.acd
First generic
Then specific strict
Checking list of parsers returned for (strict mode) type=B ext=.bc
First generic
Then specific strict
Checking list of parsers returned for (strict mode) type=B ext=.a
First generic
Then specific strict
Checking list of parsers returned for (strict mode) type=B ext=.ad
First generic
Then specific strict
Checking list of parsers returned for (strict mode) type=C ext=&lt;multifile&gt;
First generic
Then specific strict
Checking list of parsers returned for (strict mode) type=C ext=.cd
First generic
Then specific strict
Checking list of parsers returned for (strict mode) type=C ext=.ab
First generic
Then specific strict
Checking list of parsers returned for (strict mode) type=C ext=.d
First generic
Then specific strict
Checking list of parsers returned for (strict mode) type=C ext=.b
First generic
Then specific strict
Checking list of parsers returned for (strict mode) type=C ext=.ac
First generic
Then specific strict
Checking list of parsers returned for (strict mode) type=C ext=.bd
First generic
Then specific strict
Checking list of parsers returned for (strict mode) type=C ext=.abd
First generic
Then specific strict
Checking list of parsers returned for (strict mode) type=C ext=.c
First generic
Then specific strict
Checking list of parsers returned for (strict mode) type=C ext=.bcd
First generic
Then specific strict
Checking list of parsers returned for (strict mode) type=C ext=.abc
First generic
Then specific strict
Checking list of parsers returned for (strict mode) type=C ext=.abcd
First generic
Then specific strict
Checking list of parsers returned for (strict mode) type=C ext=.acd
First generic
Then specific strict
Checking list of parsers returned for (strict mode) type=C ext=.bc
First generic
Then specific strict
Checking list of parsers returned for (strict mode) type=C ext=.a
First generic
Then specific strict
Checking list of parsers returned for (strict mode) type=C ext=.ad
First generic
Then specific strict
Checking list of parsers returned for (strict mode) type=D ext=&lt;multifile&gt;
First generic
Then specific strict
Checking list of parsers returned for (strict mode) type=D ext=.cd
First generic
Then specific strict
Checking list of parsers returned for (strict mode) type=D ext=.ab
First generic
Then specific strict
Checking list of parsers returned for (strict mode) type=D ext=.d
First generic
Then specific strict
Checking list of parsers returned for (strict mode) type=D ext=.b
First generic
Then specific strict
Checking list of parsers returned for (strict mode) type=D ext=.ac
First generic
Then specific strict
Checking list of parsers returned for (strict mode) type=D ext=.bd
First generic
Then specific strict
Checking list of parsers returned for (strict mode) type=D ext=.abd
First generic
Then specific strict
Checking list of parsers returned for (strict mode) type=D ext=.c
First generic
Then specific strict
Checking list of parsers returned for (strict mode) type=D ext=.bcd
First generic
Then specific strict
Checking list of parsers returned for (strict mode) type=D ext=.abc
First generic
Then specific strict
Checking list of parsers returned for (strict mode) type=D ext=.abcd
First generic
Then specific strict
Checking list of parsers returned for (strict mode) type=D ext=.acd
First generic
Then specific strict
Checking list of parsers returned for (strict mode) type=D ext=.bc
First generic
Then specific strict
Checking list of parsers returned for (strict mode) type=D ext=.a
First generic
Then specific strict
Checking list of parsers returned for (strict mode) type=D ext=.ad
First generic
Then specific strict
Checking list of parsers returned for (strict mode) type=A ext=&lt;multifile&gt;
First generic
Then specific strict
Checking list of parsers returned for (strict mode) type=A ext=.cd
First generic
Then specific strict
Checking list of parsers returned for (strict mode) type=A ext=.ab
First generic
Then specific strict
Checking list of parsers returned for (strict mode) type=A ext=.d
First generic
Then specific strict
Checking list of parsers returned for (strict mode) type=A ext=.b
First generic
Then specific strict
Checking list of parsers returned for (strict mode) type=A ext=.ac
First generic
Then specific strict
Checking list of parsers returned for (strict mode) type=A ext=.bd
First generic
Then specific strict
Checking list of parsers returned for (strict mode) type=A ext=.abd
First generic
Then specific strict
Checking list of parsers returned for (strict mode) type=A ext=.c
First generic
Then specific strict
Checking list of parsers returned for (strict mode) type=A ext=.bcd
First generic
Then specific strict
Checking list of parsers returned for (strict mode) type=A ext=.abc
First generic
Then specific strict
Checking list of parsers returned for (strict mode) type=A ext=.abcd
First generic
Then specific strict
Checking list of parsers returned for (strict mode) type=A ext=.acd
First generic
Then specific strict
Checking list of parsers returned for (strict mode) type=A ext=.bc
First generic
Then specific strict
Checking list of parsers returned for (strict mode) type=A ext=.a
First generic
Then specific strict
Checking list of parsers returned for (strict mode) type=A ext=.ad
First generic
Then specific strict
Checking list of parsers returned for (strict mode) type=B ext=&lt;multifile&gt;
First generic
Then specific strict
Checking list of parsers returned for (strict mode) type=B ext=.cd
First generic
Then specific strict
Checking list of parsers returned for (strict mode) type=B ext=.ab
First generic
Then specific strict
Checking list of parsers returned for (strict mode) type=B ext=.d
First generic
Then specific strict
Checking list of parsers returned for (strict mode) type=B ext=.b
First generic
Then specific strict
Checking list of parsers returned for (strict mode) type=B ext=.ac
First generic
Then specific strict
Checking list of parsers returned for (strict mode) type=B ext=.bd
First generic
Then specific strict
Checking list of parsers returned for (strict mode) type=B ext=.abd
First generic
Then specific strict
Checking list of parsers returned for (strict mode) type=B ext=.c
First generic
Then specific strict
Checking list of parsers returned for (strict mode) type=B ext=.bcd
First generic
Then specific strict
Checking list of parsers returned for (strict mode) type=B ext=.abc
First generic
Then specific strict
Checking list of parsers returned for (strict mode) type=B ext=.abcd
First generic
Then specific strict
Checking list of parsers returned for (strict mode) type=B ext=.acd
First generic
Then specific strict
Checking list of parsers returned for (strict mode) type=B ext=.bc
First generic
Then specific strict
Checking list of parsers returned for (strict mode) type=B ext=.a
First generic
Then specific strict
Checking list of parsers returned for (strict mode) type=B ext=.ad
First generic
Then specific strict
Checking list of parsers returned for (strict mode) type=C ext=&lt;multifile&gt;
First generic
Then specific strict
Checking list of parsers returned for (strict mode) type=C ext=.cd
First generic
Then specific strict
Checking list of parsers returned for (strict mode) type=C ext=.ab
First generic
Then specific strict
Checking list of parsers returned for (strict mode) type=C ext=.d
First generic
Then specific strict
Checking list of parsers returned for (strict mode) type=C ext=.b
First generic
Then specific strict
Checking list of parsers returned for (strict mode) type=C ext=.ac
First generic
Then specific strict
Checking list of parsers returned for (strict mode) type=C ext=.bd
First generic
Then specific strict
Checking list of parsers returned for (strict mode) type=C ext=.abd
First generic
Then specific strict
Checking list of parsers returned for (strict mode) type=C ext=.c
First generic
Then specific strict
Checking list of parsers returned for (strict mode) type=C ext=.bcd
First generic
Then specific strict
Checking list of parsers returned for (strict mode) type=C ext=.abc
First generic
Then specific strict
Checking list of parsers returned for (strict mode) type=C ext=.abcd
First generic
Then specific strict
Checking list of parsers returned for (strict mode) type=C ext=.acd
First generic
Then specific strict
Checking list of parsers returned for (strict mode) type=C ext=.bc
First generic
Then specific strict
Checking list of parsers returned for (strict mode) type=C ext=.a
First generic
Then specific strict
Checking list of parsers returned for (strict mode) type=C ext=.ad
First generic
Then specific strict
Checking list of parsers returned for (strict mode) type=D ext=&lt;multifile&gt;
First generic
Then specific strict
Checking list of parsers returned for (strict mode) type=D ext=.cd
First generic
Then specific strict
Checking list of parsers returned for (strict mode) type=D ext=.ab
First generic
Then specific strict
Checking list of parsers returned for (strict mode) type=D ext=.d
First generic
Then specific strict
Checking list of parsers returned for (strict mode) type=D ext=.b
First generic
Then specific strict
Checking list of parsers returned for (strict mode) type=D ext=.ac
First generic
Then specific strict
Checking list of parsers returned for (strict mode) type=D ext=.bd
First generic
Then specific strict
Checking list of parsers returned for (strict mode) type=D ext=.abd
First generic
Then specific strict
Checking list of parsers returned for (strict mode) type=D ext=.c
First generic
Then specific strict
Checking list of parsers returned for (strict mode) type=D ext=.bcd
First generic
Then specific strict
Checking list of parsers returned for (strict mode) type=D ext=.abc
First generic
Then specific strict
Checking list of parsers returned for (strict mode) type=D ext=.abcd
First generic
Then specific strict
Checking list of parsers returned for (strict mode) type=D ext=.acd
First generic
Then specific strict
Checking list of parsers returned for (strict mode) type=D ext=.bc
First generic
Then specific strict
Checking list of parsers returned for (strict mode) type=D ext=.a
First generic
Then specific strict
Checking list of parsers returned for (strict mode) type=D ext=.ad
First generic
Then specific strict
Checking list of parsers returned for (strict mode) type=A ext=&lt;multifile&gt;
First generic
Then specific strict
Checking list of parsers returned for (strict mode) type=A ext=.cd
First generic
Then specific strict
Checking list of parsers returned for (strict mode) type=A ext=.ab
First generic
Then specific strict
Checking list of parsers returned for (strict mode) type=A ext=.d
First generic
Then specific strict
Checking list of parsers returned for (strict mode) type=A ext=.b
First generic
Then specific strict
Checking list of parsers returned for (strict mode) type=A ext=.ac
First generic
Then specific strict
Checking list of parsers returned for (strict mode) type=A ext=.bd
First generic
Then specific strict
Checking list of parsers returned for (strict mode) type=A ext=.abd
First generic
Then specific strict
Checking list of parsers returned for (strict mode) type=A ext=.c
First generic
Then specific strict
Checking list of parsers returned for (strict mode) type=A ext=.bcd
First generic
Then specific strict
Checking list of parsers returned for (strict mode) type=A ext=.abc
First generic
Then specific strict
Checking list of parsers returned for (strict mode) type=A ext=.abcd
First generic
Then specific strict
Checking list of parsers returned for (strict mode) type=A ext=.acd
First generic
Then specific strict
Checking list of parsers returned for (strict mode) type=A ext=.bc
First generic
Then specific strict
Checking list of parsers returned for (strict mode) type=A ext=.a
First generic
Then specific strict
Checking list of parsers returned for (strict mode) type=A ext=.ad
First generic
Then specific strict
Checking list of parsers returned for (strict mode) type=B ext=&lt;multifile&gt;
First generic
Then specific strict
Checking list of parsers returned for (strict mode) type=B ext=.cd
First generic
Then specific strict
Checking list of parsers returned for (strict mode) type=B ext=.ab
First generic
Then specific strict
Checking list of parsers returned for (strict mode) type=B ext=.d
First generic
Then specific strict
Checking list of parsers returned for (strict mode) type=B ext=.b
First generic
Then specific strict
Checking list of parsers returned for (strict mode) type=B ext=.ac
First generic
Then specific strict
Checking list of parsers returned for (strict mode) type=B ext=.bd
First generic
Then specific strict
Checking list of parsers returned for (strict mode) type=B ext=.abd
First generic
Then specific strict
Checking list of parsers returned for (strict mode) type=B ext=.c
First generic
Then specific strict
Checking list of parsers returned for (strict mode) type=B ext=.bcd
First generic
Then specific strict
Checking list of parsers returned for (strict mode) type=B ext=.abc
First generic
Then specific strict
Checking list of parsers returned for (strict mode) type=B ext=.abcd
First generic
Then specific strict
Checking list of parsers returned for (strict mode) type=B ext=.acd
First generic
Then specific strict
Checking list of parsers returned for (strict mode) type=B ext=.bc
First generic
Then specific strict
Checking list of parsers returned for (strict mode) type=B ext=.a
First generic
Then specific strict
Checking list of parsers returned for (strict mode) type=B ext=.ad
First generic
Then specific strict
Checking list of parsers returned for (strict mode) type=C ext=&lt;multifile&gt;
First generic
Then specific strict
Checking list of parsers returned for (strict mode) type=C ext=.cd
First generic
Then specific strict
Checking list of parsers returned for (strict mode) type=C ext=.ab
First generic
Then specific strict
Checking list of parsers returned for (strict mode) type=C ext=.d
First generic
Then specific strict
Checking list of parsers returned for (strict mode) type=C ext=.b
First generic
Then specific strict
Checking list of parsers returned for (strict mode) type=C ext=.ac
First generic
Then specific strict
Checking list of parsers returned for (strict mode) type=C ext=.bd
First generic
Then specific strict
Checking list of parsers returned for (strict mode) type=C ext=.abd
First generic
Then specific strict
Checking list of parsers returned for (strict mode) type=C ext=.c
First generic
Then specific strict
Checking list of parsers returned for (strict mode) type=C ext=.bcd
First generic
Then specific strict
Checking list of parsers returned for (strict mode) type=C ext=.abc
First generic
Then specific strict
Checking list of parsers returned for (strict mode) type=C ext=.abcd
First generic
Then specific strict
Checking list of parsers returned for (strict mode) type=C ext=.acd
First generic
Then specific strict
Checking list of parsers returned for (strict mode) type=C ext=.bc
First generic
Then specific strict
Checking list of parsers returned for (strict mode) type=C ext=.a
First generic
Then specific strict
Checking list of parsers returned for (strict mode) type=C ext=.ad
First generic
Then specific strict
Checking list of parsers returned for (strict mode) type=D ext=&lt;multifile&gt;
First generic
Then specific strict
Checking list of parsers returned for (strict mode) type=D ext=.cd
First generic
Then specific strict
Checking list of parsers returned for (strict mode) type=D ext=.ab
First generic
Then specific strict
Checking list of parsers returned for (strict mode) type=D ext=.d
First generic
Then specific strict
Checking list of parsers returned for (strict mode) type=D ext=.b
First generic
Then specific strict
Checking list of parsers returned for (strict mode) type=D ext=.ac
First generic
Then specific strict
Checking list of parsers returned for (strict mode) type=D ext=.bd
First generic
Then specific strict
Checking list of parsers returned for (strict mode) type=D ext=.abd
First generic
Then specific strict
Checking list of parsers returned for (strict mode) type=D ext=.c
First generic
Then specific strict
Checking list of parsers returned for (strict mode) type=D ext=.bcd
First generic
Then specific strict
Checking list of parsers returned for (strict mode) type=D ext=.abc
First generic
Then specific strict
Checking list of parsers returned for (strict mode) type=D ext=.abcd
First generic
Then specific strict
Checking list of parsers returned for (strict mode) type=D ext=.acd
First generic
Then specific strict
Checking list of parsers returned for (strict mode) type=D ext=.bc
First generic
Then specific strict
Checking list of parsers returned for (strict mode) type=D ext=.a
First generic
Then specific strict
Checking list of parsers returned for (strict mode) type=D ext=.ad
First generic
Then specific strict
Checking list of parsers returned for (strict mode) type=A ext=&lt;multifile&gt;
First generic
Then specific strict
Checking list of parsers returned for (strict mode) type=A ext=.cd
First generic
Then specific strict
Checking list of parsers returned for (strict mode) type=A ext=.ab
First generic
Then specific strict
Checking list of parsers returned for (strict mode) type=A ext=.d
First generic
Then specific strict
Checking list of parsers returned for (strict mode) type=A ext=.b
First generic
Then specific strict
Checking list of parsers returned for (strict mode) type=A ext=.ac
First generic
Then specific strict
Checking list of parsers returned for (strict mode) type=A ext=.bd
First generic
Then specific strict
Checking list of parsers returned for (strict mode) type=A ext=.abd
First generic
Then specific strict
Checking list of parsers returned for (strict mode) type=A ext=.c
First generic
Then specific strict
Checking list of parsers returned for (strict mode) type=A ext=.bcd
First generic
Then specific strict
Checking list of parsers returned for (strict mode) type=A ext=.abc
First generic
Then specific strict
Checking list of parsers returned for (strict mode) type=A ext=.abcd
First generic
Then specific strict
Checking list of parsers returned for (strict mode) type=A ext=.acd
First generic
Then specific strict
Checking list of parsers returned for (strict mode) type=A ext=.bc
First generic
Then specific strict
Checking list of parsers returned for (strict mode) type=A ext=.a
First generic
Then specific strict
Checking list of parsers returned for (strict mode) type=A ext=.ad
First generic
Then specific strict
Checking list of parsers returned for (strict mode) type=B ext=&lt;multifile&gt;
First generic
Then specific strict
Checking list of parsers returned for (strict mode) type=B ext=.cd
First generic
Then specific strict
Checking list of parsers returned for (strict mode) type=B ext=.ab
First generic
Then specific strict
Checking list of parsers returned for (strict mode) type=B ext=.d
First generic
Then specific strict
Checking list of parsers returned for (strict mode) type=B ext=.b
First generic
Then specific strict
Checking list of parsers returned for (strict mode) type=B ext=.ac
First generic
Then specific strict
Checking list of parsers returned for (strict mode) type=B ext=.bd
First generic
Then specific strict
Checking list of parsers returned for (strict mode) type=B ext=.abd
First generic
Then specific strict
Checking list of parsers returned for (strict mode) type=B ext=.c
First generic
Then specific strict
Checking list of parsers returned for (strict mode) type=B ext=.bcd
First generic
Then specific strict
Checking list of parsers returned for (strict mode) type=B ext=.abc
First generic
Then specific strict
Checking list of parsers returned for (strict mode) type=B ext=.abcd
First generic
Then specific strict
Checking list of parsers returned for (strict mode) type=B ext=.acd
First generic
Then specific strict
Checking list of parsers returned for (strict mode) type=B ext=.bc
First generic
Then specific strict
Checking list of parsers returned for (strict mode) type=B ext=.a
First generic
Then specific strict
Checking list of parsers returned for (strict mode) type=B ext=.ad
First generic
Then specific strict
Checking list of parsers returned for (strict mode) type=C ext=&lt;multifile&gt;
First generic
Then specific strict
Checking list of parsers returned for (strict mode) type=C ext=.cd
First generic
Then specific strict
Checking list of parsers returned for (strict mode) type=C ext=.ab
First generic
Then specific strict
Checking list of parsers returned for (strict mode) type=C ext=.d
First generic
Then specific strict
Checking list of parsers returned for (strict mode) type=C ext=.b
First generic
Then specific strict
Checking list of parsers returned for (strict mode) type=C ext=.ac
First generic
Then specific strict
Checking list of parsers returned for (strict mode) type=C ext=.bd
First generic
Then specific strict
Checking list of parsers returned for (strict mode) type=C ext=.abd
First generic
Then specific strict
Checking list of parsers returned for (strict mode) type=C ext=.c
First generic
Then specific strict
Checking list of parsers returned for (strict mode) type=C ext=.bcd
First generic
Then specific strict
Checking list of parsers returned for (strict mode) type=C ext=.abc
First generic
Then specific strict
Checking list of parsers returned for (strict mode) type=C ext=.abcd
First generic
Then specific strict
Checking list of parsers returned for (strict mode) type=C ext=.acd
First generic
Then specific strict
Checking list of parsers returned for (strict mode) type=C ext=.bc
First generic
Then specific strict
Checking list of parsers returned for (strict mode) type=C ext=.a
First generic
Then specific strict
Checking list of parsers returned for (strict mode) type=C ext=.ad
First generic
Then specific strict
Checking list of parsers returned for (strict mode) type=D ext=&lt;multifile&gt;
First generic
Then specific strict
Checking list of parsers returned for (strict mode) type=D ext=.cd
First generic
Then specific strict
Checking list of parsers returned for (strict mode) type=D ext=.ab
First generic
Then specific strict
Checking list of parsers returned for (strict mode) type=D ext=.d
First generic
Then specific strict
Checking list of parsers returned for (strict mode) type=D ext=.b
First generic
Then specific strict
Checking list of parsers returned for (strict mode) type=D ext=.ac
First generic
Then specific strict
Checking list of parsers returned for (strict mode) type=D ext=.bd
First generic
Then specific strict
Checking list of parsers returned for (strict mode) type=D ext=.abd
First generic
Then specific strict
Checking list of parsers returned for (strict mode) type=D ext=.c
First generic
Then specific strict
Checking list of parsers returned for (strict mode) type=D ext=.bcd
First generic
Then specific strict
Checking list of parsers returned for (strict mode) type=D ext=.abc
First generic
Then specific strict
Checking list of parsers returned for (strict mode) type=D ext=.abcd
First generic
Then specific strict
Checking list of parsers returned for (strict mode) type=D ext=.acd
First generic
Then specific strict
Checking list of parsers returned for (strict mode) type=D ext=.bc
First generic
Then specific strict
Checking list of parsers returned for (strict mode) type=D ext=.a
First generic
Then specific strict
Checking list of parsers returned for (strict mode) type=D ext=.ad
First generic
Then specific strict
Checking list of parsers returned for (strict mode) type=A ext=&lt;multifile&gt;
First generic
Then specific strict
Checking list of parsers returned for (strict mode) type=A ext=.cd
First generic
Then specific strict
Checking list of parsers returned for (strict mode) type=A ext=.ab
First generic
Then specific strict
Checking list of parsers returned for (strict mode) type=A ext=.d
First generic
Then specific strict
Checking list of parsers returned for (strict mode) type=A ext=.b
First generic
Then specific strict
Checking list of parsers returned for (strict mode) type=A ext=.ac
First generic
Then specific strict
Checking list of parsers returned for (strict mode) type=A ext=.bd
First generic
Then specific strict
Checking list of parsers returned for (strict mode) type=A ext=.abd
First generic
Then specific strict
Checking list of parsers returned for (strict mode) type=A ext=.c
First generic
Then specific strict
Checking list of parsers returned for (strict mode) type=A ext=.bcd
First generic
Then specific strict
Checking list of parsers returned for (strict mode) type=A ext=.abc
First generic
Then specific strict
Checking list of parsers returned for (strict mode) type=A ext=.abcd
First generic
Then specific strict
Checking list of parsers returned for (strict mode) type=A ext=.acd
First generic
Then specific strict
Checking list of parsers returned for (strict mode) type=A ext=.bc
First generic
Then specific strict
Checking list of parsers returned for (strict mode) type=A ext=.a
First generic
Then specific strict
Checking list of parsers returned for (strict mode) type=A ext=.ad
First generic
Then specific strict
Checking list of parsers returned for (strict mode) type=B ext=&lt;multifile&gt;
First generic
Then specific strict
Checking list of parsers returned for (strict mode) type=B ext=.cd
First generic
Then specific strict
Checking list of parsers returned for (strict mode) type=B ext=.ab
First generic
Then specific strict
Checking list of parsers returned for (strict mode) type=B ext=.d
First generic
Then specific strict
Checking list of parsers returned for (strict mode) type=B ext=.b
First generic
Then specific strict
Checking list of parsers returned for (strict mode) type=B ext=.ac
First generic
Then specific strict
Checking list of parsers returned for (strict mode) type=B ext=.bd
First generic
Then specific strict
Checking list of parsers returned for (strict mode) type=B ext=.abd
First generic
Then specific strict
Checking list of parsers returned for (strict mode) type=B ext=.c
First generic
Then specific strict
Checking list of parsers returned for (strict mode) type=B ext=.bcd
First generic
Then specific strict
Checking list of parsers returned for (strict mode) type=B ext=.abc
First generic
Then specific strict
Checking list of parsers returned for (strict mode) type=B ext=.abcd
First generic
Then specific strict
Checking list of parsers returned for (strict mode) type=B ext=.acd
First generic
Then specific strict
Checking list of parsers returned for (strict mode) type=B ext=.bc
First generic
Then specific strict
Checking list of parsers returned for (strict mode) type=B ext=.a
First generic
Then specific strict
Checking list of parsers returned for (strict mode) type=B ext=.ad
First generic
Then specific strict
Checking list of parsers returned for (strict mode) type=C ext=&lt;multifile&gt;
First generic
Then specific strict
Checking list of parsers returned for (strict mode) type=C ext=.cd
First generic
Then specific strict
Checking list of parsers returned for (strict mode) type=C ext=.ab
First generic
Then specific strict
Checking list of parsers returned for (strict mode) type=C ext=.d
First generic
Then specific strict
Checking list of parsers returned for (strict mode) type=C ext=.b
First generic
Then specific strict
Checking list of parsers returned for (strict mode) type=C ext=.ac
First generic
Then specific strict
Checking list of parsers returned for (strict mode) type=C ext=.bd
First generic
Then specific strict
Checking list of parsers returned for (strict mode) type=C ext=.abd
First generic
Then specific strict
Checking list of parsers returned for (strict mode) type=C ext=.c
First generic
Then specific strict
Checking list of parsers returned for (strict mode) type=C ext=.bcd
First generic
Then specific strict
Checking list of parsers returned for (strict mode) type=C ext=.abc
First generic
Then specific strict
Checking list of parsers returned for (strict mode) type=C ext=.abcd
First generic
Then specific strict
Checking list of parsers returned for (strict mode) type=C ext=.acd
First generic
Then specific strict
Checking list of parsers returned for (strict mode) type=C ext=.bc
First generic
Then specific strict
Checking list of parsers returned for (strict mode) type=C ext=.a
First generic
Then specific strict
Checking list of parsers returned for (strict mode) type=C ext=.ad
First generic
Then specific strict
Checking list of parsers returned for (strict mode) type=D ext=&lt;multifile&gt;
First generic
Then specific strict
Checking list of parsers returned for (strict mode) type=D ext=.cd
First generic
Then specific strict
Checking list of parsers returned for (strict mode) type=D ext=.ab
First generic
Then specific strict
Checking list of parsers returned for (strict mode) type=D ext=.d
First generic
Then specific strict
Checking list of parsers returned for (strict mode) type=D ext=.b
First generic
Then specific strict
Checking list of parsers returned for (strict mode) type=D ext=.ac
First generic
Then specific strict
Checking list of parsers returned for (strict mode) type=D ext=.bd
First generic
Then specific strict
Checking list of parsers returned for (strict mode) type=D ext=.abd
First generic
Then specific strict
Checking list of parsers returned for (strict mode) type=D ext=.c
First generic
Then specific strict
Checking list of parsers returned for (strict mode) type=D ext=.bcd
First generic
Then specific strict
Checking list of parsers returned for (strict mode) type=D ext=.abc
First generic
Then specific strict
Checking list of parsers returned for (strict mode) type=D ext=.abcd
First generic
Then specific strict
Checking list of parsers returned for (strict mode) type=D ext=.acd
First generic
Then specific strict
Checking list of parsers returned for (strict mode) type=D ext=.bc
First generic
Then specific strict
Checking list of parsers returned for (strict mode) type=D ext=.a
First generic
Then specific strict
Checking list of parsers returned for (strict mode) type=D ext=.ad
First generic
Then specific strict
Checking list of parsers returned for (strict mode) type=A ext=&lt;multifile&gt;
First generic
Then specific strict
Checking list of parsers returned for (strict mode) type=A ext=.cd
First generic
Then specific strict
Checking list of parsers returned for (strict mode) type=A ext=.ab
First generic
Then specific strict
Checking list of parsers returned for (strict mode) type=A ext=.d
First generic
Then specific strict
Checking list of parsers returned for (strict mode) type=A ext=.b
First generic
Then specific strict
Checking list of parsers returned for (strict mode) type=A ext=.ac
First generic
Then specific strict
Checking list of parsers returned for (strict mode) type=A ext=.bd
First generic
Then specific strict
Checking list of parsers returned for (strict mode) type=A ext=.abd
First generic
Then specific strict
Checking list of parsers returned for (strict mode) type=A ext=.c
First generic
Then specific strict
Checking list of parsers returned for (strict mode) type=A ext=.bcd
First generic
Then specific strict
Checking list of parsers returned for (strict mode) type=A ext=.abc
First generic
Then specific strict
Checking list of parsers returned for (strict mode) type=A ext=.abcd
First generic
Then specific strict
Checking list of parsers returned for (strict mode) type=A ext=.acd
First generic
Then specific strict
Checking list of parsers returned for (strict mode) type=A ext=.bc
First generic
Then specific strict
Checking list of parsers returned for (strict mode) type=A ext=.a
First generic
Then specific strict
Checking list of parsers returned for (strict mode) type=A ext=.ad
First generic
Then specific strict
Checking list of parsers returned for (strict mode) type=B ext=&lt;multifile&gt;
First generic
Then specific strict
Checking list of parsers returned for (strict mode) type=B ext=.cd
First generic
Then specific strict
Checking list of parsers returned for (strict mode) type=B ext=.ab
First generic
Then specific strict
Checking list of parsers returned for (strict mode) type=B ext=.d
First generic
Then specific strict
Checking list of parsers returned for (strict mode) type=B ext=.b
First generic
Then specific strict
Checking list of parsers returned for (strict mode) type=B ext=.ac
First generic
Then specific strict
Checking list of parsers returned for (strict mode) type=B ext=.bd
First generic
Then specific strict
Checking list of parsers returned for (strict mode) type=B ext=.abd
First generic
Then specific strict
Checking list of parsers returned for (strict mode) type=B ext=.c
First generic
Then specific strict
Checking list of parsers returned for (strict mode) type=B ext=.bcd
First generic
Then specific strict
Checking list of parsers returned for (strict mode) type=B ext=.abc
First generic
Then specific strict
Checking list of parsers returned for (strict mode) type=B ext=.abcd
First generic
Then specific strict
Checking list of parsers returned for (strict mode) type=B ext=.acd
First generic
Then specific strict
Checking list of parsers returned for (strict mode) type=B ext=.bc
First generic
Then specific strict
Checking list of parsers returned for (strict mode) type=B ext=.a
First generic
Then specific strict
Checking list of parsers returned for (strict mode) type=B ext=.ad
First generic
Then specific strict
Checking list of parsers returned for (strict mode) type=C ext=&lt;multifile&gt;
First generic
Then specific strict
Checking list of parsers returned for (strict mode) type=C ext=.cd
First generic
Then specific strict
Checking list of parsers returned for (strict mode) type=C ext=.ab
First generic
Then specific strict
Checking list of parsers returned for (strict mode) type=C ext=.d
First generic
Then specific strict
Checking list of parsers returned for (strict mode) type=C ext=.b
First generic
Then specific strict
Checking list of parsers returned for (strict mode) type=C ext=.ac
First generic
Then specific strict
Checking list of parsers returned for (strict mode) type=C ext=.bd
First generic
Then specific strict
Checking list of parsers returned for (strict mode) type=C ext=.abd
First generic
Then specific strict
Checking list of parsers returned for (strict mode) type=C ext=.c
First generic
Then specific strict
Checking list of parsers returned for (strict mode) type=C ext=.bcd
First generic
Then specific strict
Checking list of parsers returned for (strict mode) type=C ext=.abc
First generic
Then specific strict
Checking list of parsers returned for (strict mode) type=C ext=.abcd
First generic
Then specific strict
Checking list of parsers returned for (strict mode) type=C ext=.acd
First generic
Then specific strict
Checking list of parsers returned for (strict mode) type=C ext=.bc
First generic
Then specific strict
Checking list of parsers returned for (strict mode) type=C ext=.a
First generic
Then specific strict
Checking list of parsers returned for (strict mode) type=C ext=.ad
First generic
Then specific strict
Checking list of parsers returned for (strict mode) type=D ext=&lt;multifile&gt;
First generic
Then specific strict
Checking list of parsers returned for (strict mode) type=D ext=.cd
First generic
Then specific strict
Checking list of parsers returned for (strict mode) type=D ext=.ab
First generic
Then specific strict
Checking list of parsers returned for (strict mode) type=D ext=.d
First generic
Then specific strict
Checking list of parsers returned for (strict mode) type=D ext=.b
First generic
Then specific strict
Checking list of parsers returned for (strict mode) type=D ext=.ac
First generic
Then specific strict
Checking list of parsers returned for (strict mode) type=D ext=.bd
First generic
Then specific strict
Checking list of parsers returned for (strict mode) type=D ext=.abd
First generic
Then specific strict
Checking list of parsers returned for (strict mode) type=D ext=.c
First generic
Then specific strict
Checking list of parsers returned for (strict mode) type=D ext=.bcd
First generic
Then specific strict
Checking list of parsers returned for (strict mode) type=D ext=.abc
First generic
Then specific strict
Checking list of parsers returned for (strict mode) type=D ext=.abcd
First generic
Then specific strict
Checking list of parsers returned for (strict mode) type=D ext=.acd
First generic
Then specific strict
Checking list of parsers returned for (strict mode) type=D ext=.bc
First generic
Then specific strict
Checking list of parsers returned for (strict mode) type=D ext=.a
First generic
Then specific strict
Checking list of parsers returned for (strict mode) type=D ext=.ad
First generic
Then specific strict
Checking list of parsers returned for (strict mode) type=A ext=&lt;multifile&gt;
First generic
Then specific strict
Checking list of parsers returned for (strict mode) type=A ext=.cd
First generic
Then specific strict
Checking list of parsers returned for (strict mode) type=A ext=.ab
First generic
Then specific strict
Checking list of parsers returned for (strict mode) type=A ext=.d
First generic
Then specific strict
Checking list of parsers returned for (strict mode) type=A ext=.b
First generic
Then specific strict
Checking list of parsers returned for (strict mode) type=A ext=.ac
First generic
Then specific strict
Checking list of parsers returned for (strict mode) type=A ext=.bd
First generic
Then specific strict
Checking list of parsers returned for (strict mode) type=A ext=.abd
First generic
Then specific strict
Checking list of parsers returned for (strict mode) type=A ext=.c
First generic
Then specific strict
Checking list of parsers returned for (strict mode) type=A ext=.bcd
First generic
Then specific strict
Checking list of parsers returned for (strict mode) type=A ext=.abc
First generic
Then specific strict
Checking list of parsers returned for (strict mode) type=A ext=.abcd
First generic
Then specific strict
Checking list of parsers returned for (strict mode) type=A ext=.acd
First generic
Then specific strict
Checking list of parsers returned for (strict mode) type=A ext=.bc
First generic
Then specific strict
Checking list of parsers returned for (strict mode) type=A ext=.a
First generic
Then specific strict
Checking list of parsers returned for (strict mode) type=A ext=.ad
First generic
Then specific strict
Checking list of parsers returned for (strict mode) type=B ext=&lt;multifile&gt;
First generic
Then specific strict
Checking list of parsers returned for (strict mode) type=B ext=.cd
First generic
Then specific strict
Checking list of parsers returned for (strict mode) type=B ext=.ab
First generic
Then specific strict
Checking list of parsers returned for (strict mode) type=B ext=.d
First generic
Then specific strict
Checking list of parsers returned for (strict mode) type=B ext=.b
First generic
Then specific strict
Checking list of parsers returned for (strict mode) type=B ext=.ac
First generic
Then specific strict
Checking list of parsers returned for (strict mode) type=B ext=.bd
First generic
Then specific strict
Checking list of parsers returned for (strict mode) type=B ext=.abd
First generic
Then specific strict
Checking list of parsers returned for (strict mode) type=B ext=.c
First generic
Then specific strict
Checking list of parsers returned for (strict mode) type=B ext=.bcd
First generic
Then specific strict
Checking list of parsers returned for (strict mode) type=B ext=.abc
First generic
Then specific strict
Checking list of parsers returned for (strict mode) type=B ext=.abcd
First generic
Then specific strict
Checking list of parsers returned for (strict mode) type=B ext=.acd
First generic
Then specific strict
Checking list of parsers returned for (strict mode) type=B ext=.bc
First generic
Then specific strict
Checking list of parsers returned for (strict mode) type=B ext=.a
First generic
Then specific strict
Checking list of parsers returned for (strict mode) type=B ext=.ad
First generic
Then specific strict
Checking list of parsers returned for (strict mode) type=C ext=&lt;multifile&gt;
First generic
Then specific strict
Checking list of parsers returned for (strict mode) type=C ext=.cd
First generic
Then specific strict
Checking list of parsers returned for (strict mode) type=C ext=.ab
First generic
Then specific strict
Checking list of parsers returned for (strict mode) type=C ext=.d
First generic
Then specific strict
Checking list of parsers returned for (strict mode) type=C ext=.b
First generic
Then specific strict
Checking list of parsers returned for (strict mode) type=C ext=.ac
First generic
Then specific strict
Checking list of parsers returned for (strict mode) type=C ext=.bd
First generic
Then specific strict
Checking list of parsers returned for (strict mode) type=C ext=.abd
First generic
Then specific strict
Checking list of parsers returned for (strict mode) type=C ext=.c
First generic
Then specific strict
Checking list of parsers returned for (strict mode) type=C ext=.bcd
First generic
Then specific strict
Checking list of parsers returned for (strict mode) type=C ext=.abc
First generic
Then specific strict
Checking list of parsers returned for (strict mode) type=C ext=.abcd
First generic
Then specific strict
Checking list of parsers returned for (strict mode) type=C ext=.acd
First generic
Then specific strict
Checking list of parsers returned for (strict mode) type=C ext=.bc
First generic
Then specific strict
Checking list of parsers returned for (strict mode) type=C ext=.a
First generic
Then specific strict
Checking list of parsers returned for (strict mode) type=C ext=.ad
First generic
Then specific strict
Checking list of parsers returned for (strict mode) type=D ext=&lt;multifile&gt;
First generic
Then specific strict
Checking list of parsers returned for (strict mode) type=D ext=.cd
First generic
Then specific strict
Checking list of parsers returned for (strict mode) type=D ext=.ab
First generic
Then specific strict
Checking list of parsers returned for (strict mode) type=D ext=.d
First generic
Then specific strict
Checking list of parsers returned for (strict mode) type=D ext=.b
First generic
Then specific strict
Checking list of parsers returned for (strict mode) type=D ext=.ac
First generic
Then specific strict
Checking list of parsers returned for (strict mode) type=D ext=.bd
First generic
Then specific strict
Checking list of parsers returned for (strict mode) type=D ext=.abd
First generic
Then specific strict
Checking list of parsers returned for (strict mode) type=D ext=.c
First generic
Then specific strict
Checking list of parsers returned for (strict mode) type=D ext=.bcd
First generic
Then specific strict
Checking list of parsers returned for (strict mode) type=D ext=.abc
First generic
Then specific strict
Checking list of parsers returned for (strict mode) type=D ext=.abcd
First generic
Then specific strict
Checking list of parsers returned for (strict mode) type=D ext=.acd
First generic
Then specific strict
Checking list of parsers returned for (strict mode) type=D ext=.bc
First generic
Then specific strict
Checking list of parsers returned for (strict mode) type=D ext=.a
First generic
Then specific strict
Checking list of parsers returned for (strict mode) type=D ext=.ad
First generic
Then specific strict
Checking list of parsers returned for (strict mode) type=A ext=&lt;multifile&gt;
First generic
Then specific strict
Checking list of parsers returned for (strict mode) type=A ext=.cd
First generic
Then specific strict
Checking list of parsers returned for (strict mode) type=A ext=.ab
First generic
Then specific strict
Checking list of parsers returned for (strict mode) type=A ext=.d
First generic
Then specific strict
Checking list of parsers returned for (strict mode) type=A ext=.b
First generic
Then specific strict
Checking list of parsers returned for (strict mode) type=A ext=.ac
First generic
Then specific strict
Checking list of parsers returned for (strict mode) type=A ext=.bd
First generic
Then specific strict
Checking list of parsers returned for (strict mode) type=A ext=.abd
First generic
Then specific strict
Checking list of parsers returned for (strict mode) type=A ext=.c
First generic
Then specific strict
Checking list of parsers returned for (strict mode) type=A ext=.bcd
First generic
Then specific strict
Checking list of parsers returned for (strict mode) type=A ext=.abc
First generic
Then specific strict
Checking list of parsers returned for (strict mode) type=A ext=.abcd
First generic
Then specific strict
Checking list of parsers returned for (strict mode) type=A ext=.acd
First generic
Then specific strict
Checking list of parsers returned for (strict mode) type=A ext=.bc
First generic
Then specific strict
Checking list of parsers returned for (strict mode) type=A ext=.a
First generic
Then specific strict
Checking list of parsers returned for (strict mode) type=A ext=.ad
First generic
Then specific strict
Checking list of parsers returned for (strict mode) type=B ext=&lt;multifile&gt;
First generic
Then specific strict
Checking list of parsers returned for (strict mode) type=B ext=.cd
First generic
Then specific strict
Checking list of parsers returned for (strict mode) type=B ext=.ab
First generic
Then specific strict
Checking list of parsers returned for (strict mode) type=B ext=.d
First generic
Then specific strict
Checking list of parsers returned for (strict mode) type=B ext=.b
First generic
Then specific strict
Checking list of parsers returned for (strict mode) type=B ext=.ac
First generic
Then specific strict
Checking list of parsers returned for (strict mode) type=B ext=.bd
First generic
Then specific strict
Checking list of parsers returned for (strict mode) type=B ext=.abd
First generic
Then specific strict
Checking list of parsers returned for (strict mode) type=B ext=.c
First generic
Then specific strict
Checking list of parsers returned for (strict mode) type=B ext=.bcd
First generic
Then specific strict
Checking list of parsers returned for (strict mode) type=B ext=.abc
First generic
Then specific strict
Checking list of parsers returned for (strict mode) type=B ext=.abcd
First generic
Then specific strict
Checking list of parsers returned for (strict mode) type=B ext=.acd
First generic
Then specific strict
Checking list of parsers returned for (strict mode) type=B ext=.bc
First generic
Then specific strict
Checking list of parsers returned for (strict mode) type=B ext=.a
First generic
Then specific strict
Checking list of parsers returned for (strict mode) type=B ext=.ad
First generic
Then specific strict
Checking list of parsers returned for (strict mode) type=C ext=&lt;multifile&gt;
First generic
Then specific strict
Checking list of parsers returned for (strict mode) type=C ext=.cd
First generic
Then specific strict
Checking list of parsers returned for (strict mode) type=C ext=.ab
First generic
Then specific strict
Checking list of parsers returned for (strict mode) type=C ext=.d
First generic
Then specific strict
Checking list of parsers returned for (strict mode) type=C ext=.b
First generic
Then specific strict
Checking list of parsers returned for (strict mode) type=C ext=.ac
First generic
Then specific strict
Checking list of parsers returned for (strict mode) type=C ext=.bd
First generic
Then specific strict
Checking list of parsers returned for (strict mode) type=C ext=.abd
First generic
Then specific strict
Checking list of parsers returned for (strict mode) type=C ext=.c
First generic
Then specific strict
Checking list of parsers returned for (strict mode) type=C ext=.bcd
First generic
Then specific strict
Checking list of parsers returned for (strict mode) type=C ext=.abc
First generic
Then specific strict
Checking list of parsers returned for (strict mode) type=C ext=.abcd
First generic
Then specific strict
Checking list of parsers returned for (strict mode) type=C ext=.acd
First generic
Then specific strict
Checking list of parsers returned for (strict mode) type=C ext=.bc
First generic
Then specific strict
Checking list of parsers returned for (strict mode) type=C ext=.a
First generic
Then specific strict
Checking list of parsers returned for (strict mode) type=C ext=.ad
First generic
Then specific strict
Checking list of parsers returned for (strict mode) type=D ext=&lt;multifile&gt;
First generic
Then specific strict
Checking list of parsers returned for (strict mode) type=D ext=.cd
First generic
Then specific strict
Checking list of parsers returned for (strict mode) type=D ext=.ab
First generic
Then specific strict
Checking list of parsers returned for (strict mode) type=D ext=.d
First generic
Then specific strict
Checking list of parsers returned for (strict mode) type=D ext=.b
First generic
Then specific strict
Checking list of parsers returned for (strict mode) type=D ext=.ac
First generic
Then specific strict
Checking list of parsers returned for (strict mode) type=D ext=.bd
First generic
Then specific strict
Checking list of parsers returned for (strict mode) type=D ext=.abd
First generic
Then specific strict
Checking list of parsers returned for (strict mode) type=D ext=.c
First generic
Then specific strict
Checking list of parsers returned for (strict mode) type=D ext=.bcd
First generic
Then specific strict
Checking list of parsers returned for (strict mode) type=D ext=.abc
First generic
Then specific strict
Checking list of parsers returned for (strict mode) type=D ext=.abcd
First generic
Then specific strict
Checking list of parsers returned for (strict mode) type=D ext=.acd
First generic
Then specific strict
Checking list of parsers returned for (strict mode) type=D ext=.bc
First generic
Then specific strict
Checking list of parsers returned for (strict mode) type=D ext=.a
First generic
Then specific strict
Checking list of parsers returned for (strict mode) type=D ext=.ad
First generic
Then specific strict
</system-out></testcase><testcase classname="parsyfiles.tests.combining_parsers_converters.test_registries.TestParserRegistry" file="parsyfiles/tests/combining_parsers_converters/test_registries.py" line="364" name="test_e_correct_parsers_in_order_nonstrict" time="0.2845754623413086"><system-out>.
.d
.c
.cd
.b
.bd
.bc
.bcd
.a
.ad
.ac
.acd
.ab
.abd
.abc
.abcd
Checking list of parsers returned for (non-strict mode) type=A ext=&lt;multifile&gt;
First generic
Then specific non-strict
Then specific strict
Checking list of parsers returned for (non-strict mode) type=A ext=.cd
First generic
Then specific non-strict
Then specific strict
Checking list of parsers returned for (non-strict mode) type=A ext=.ab
First generic
Then specific non-strict
Then specific strict
Checking list of parsers returned for (non-strict mode) type=A ext=.d
First generic
Then specific non-strict
Then specific strict
Checking list of parsers returned for (non-strict mode) type=A ext=.b
First generic
Then specific non-strict
Then specific strict
Checking list of parsers returned for (non-strict mode) type=A ext=.ac
First generic
Then specific non-strict
Then specific strict
Checking list of parsers returned for (non-strict mode) type=A ext=.bd
First generic
Then specific non-strict
Then specific strict
Checking list of parsers returned for (non-strict mode) type=A ext=.abd
First generic
Then specific non-strict
Then specific strict
Checking list of parsers returned for (non-strict mode) type=A ext=.c
First generic
Then specific non-strict
Then specific strict
Checking list of parsers returned for (non-strict mode) type=A ext=.bcd
First generic
Then specific non-strict
Then specific strict
Checking list of parsers returned for (non-strict mode) type=A ext=.abc
First generic
Then specific non-strict
Then specific strict
Checking list of parsers returned for (non-strict mode) type=A ext=.abcd
First generic
Then specific non-strict
Then specific strict
Checking list of parsers returned for (non-strict mode) type=A ext=.acd
First generic
Then specific non-strict
Then specific strict
Checking list of parsers returned for (non-strict mode) type=A ext=.bc
First generic
Then specific non-strict
Then specific strict
Checking list of parsers returned for (non-strict mode) type=A ext=.a
First generic
Then specific non-strict
Then specific strict
Checking list of parsers returned for (non-strict mode) type=A ext=.ad
First generic
Then specific non-strict
Then specific strict
Checking list of parsers returned for (strict mode) type=B ext=&lt;multifile&gt;
First generic
Then specific strict
Checking list of parsers returned for (strict mode) type=B ext=.cd
First generic
Then specific strict
Checking list of parsers returned for (strict mode) type=B ext=.ab
First generic
Then specific strict
Checking list of parsers returned for (strict mode) type=B ext=.d
First generic
Then specific strict
Checking list of parsers returned for (strict mode) type=B ext=.b
First generic
Then specific strict
Checking list of parsers returned for (strict mode) type=B ext=.ac
First generic
Then specific strict
Checking list of parsers returned for (strict mode) type=B ext=.bd
First generic
Then specific strict
Checking list of parsers returned for (strict mode) type=B ext=.abd
First generic
Then specific strict
Checking list of parsers returned for (strict mode) type=B ext=.c
First generic
Then specific strict
Checking list of parsers returned for (strict mode) type=B ext=.bcd
First generic
Then specific strict
Checking list of parsers returned for (strict mode) type=B ext=.abc
First generic
Then specific strict
Checking list of parsers returned for (strict mode) type=B ext=.abcd
First generic
Then specific strict
Checking list of parsers returned for (strict mode) type=B ext=.acd
First generic
Then specific strict
Checking list of parsers returned for (strict mode) type=B ext=.bc
First generic
Then specific strict
Checking list of parsers returned for (strict mode) type=B ext=.a
First generic
Then specific strict
Checking list of parsers returned for (strict mode) type=B ext=.ad
First generic
Then specific strict
Checking list of parsers returned for (non-strict mode) type=C ext=&lt;multifile&gt;
First generic
Then specific non-strict
Then specific strict
Checking list of parsers returned for (non-strict mode) type=C ext=.cd
First generic
Then specific non-strict
Then specific strict
Checking list of parsers returned for (non-strict mode) type=C ext=.ab
First generic
Then specific non-strict
Then specific strict
Checking list of parsers returned for (non-strict mode) type=C ext=.d
First generic
Then specific non-strict
Then specific strict
Checking list of parsers returned for (non-strict mode) type=C ext=.b
First generic
Then specific non-strict
Then specific strict
Checking list of parsers returned for (non-strict mode) type=C ext=.ac
First generic
Then specific non-strict
Then specific strict
Checking list of parsers returned for (non-strict mode) type=C ext=.bd
First generic
Then specific non-strict
Then specific strict
Checking list of parsers returned for (non-strict mode) type=C ext=.abd
First generic
Then specific non-strict
Then specific strict
Checking list of parsers returned for (non-strict mode) type=C ext=.c
First generic
Then specific non-strict
Then specific strict
Checking list of parsers returned for (non-strict mode) type=C ext=.bcd
First generic
Then specific non-strict
Then specific strict
Checking list of parsers returned for (non-strict mode) type=C ext=.abc
First generic
Then specific non-strict
Then specific strict
Checking list of parsers returned for (non-strict mode) type=C ext=.abcd
First generic
Then specific non-strict
Then specific strict
Checking list of parsers returned for (non-strict mode) type=C ext=.acd
First generic
Then specific non-strict
Then specific strict
Checking list of parsers returned for (non-strict mode) type=C ext=.bc
First generic
Then specific non-strict
Then specific strict
Checking list of parsers returned for (non-strict mode) type=C ext=.a
First generic
Then specific non-strict
Then specific strict
Checking list of parsers returned for (non-strict mode) type=C ext=.ad
First generic
Then specific non-strict
Then specific strict
Checking list of parsers returned for (strict mode) type=D ext=&lt;multifile&gt;
First generic
Then specific strict
Checking list of parsers returned for (strict mode) type=D ext=.cd
First generic
Then specific strict
Checking list of parsers returned for (strict mode) type=D ext=.ab
First generic
Then specific strict
Checking list of parsers returned for (strict mode) type=D ext=.d
First generic
Then specific strict
Checking list of parsers returned for (strict mode) type=D ext=.b
First generic
Then specific strict
Checking list of parsers returned for (strict mode) type=D ext=.ac
First generic
Then specific strict
Checking list of parsers returned for (strict mode) type=D ext=.bd
First generic
Then specific strict
Checking list of parsers returned for (strict mode) type=D ext=.abd
First generic
Then specific strict
Checking list of parsers returned for (strict mode) type=D ext=.c
First generic
Then specific strict
Checking list of parsers returned for (strict mode) type=D ext=.bcd
First generic
Then specific strict
Checking list of parsers returned for (strict mode) type=D ext=.abc
First generic
Then specific strict
Checking list of parsers returned for (strict mode) type=D ext=.abcd
First generic
Then specific strict
Checking list of parsers returned for (strict mode) type=D ext=.acd
First generic
Then specific strict
Checking list of parsers returned for (strict mode) type=D ext=.bc
First generic
Then specific strict
Checking list of parsers returned for (strict mode) type=D ext=.a
First generic
Then specific strict
Checking list of parsers returned for (strict mode) type=D ext=.ad
First generic
Then specific strict
Checking list of parsers returned for (non-strict mode) type=A ext=&lt;multifile&gt;
First generic
Then specific non-strict
Then specific strict
Checking list of parsers returned for (non-strict mode) type=A ext=.cd
First generic
Then specific non-strict
Then specific strict
Checking list of parsers returned for (non-strict mode) type=A ext=.ab
First generic
Then specific non-strict
Then specific strict
Checking list of parsers returned for (non-strict mode) type=A ext=.d
First generic
Then specific non-strict
Then specific strict
Checking list of parsers returned for (non-strict mode) type=A ext=.b
First generic
Then specific non-strict
Then specific strict
Checking list of parsers returned for (non-strict mode) type=A ext=.ac
First generic
Then specific non-strict
Then specific strict
Checking list of parsers returned for (non-strict mode) type=A ext=.bd
First generic
Then specific non-strict
Then specific strict
Checking list of parsers returned for (non-strict mode) type=A ext=.abd
First generic
Then specific non-strict
Then specific strict
Checking list of parsers returned for (non-strict mode) type=A ext=.c
First generic
Then specific non-strict
Then specific strict
Checking list of parsers returned for (non-strict mode) type=A ext=.bcd
First generic
Then specific non-strict
Then specific strict
Checking list of parsers returned for (non-strict mode) type=A ext=.abc
First generic
Then specific non-strict
Then specific strict
Checking list of parsers returned for (non-strict mode) type=A ext=.abcd
First generic
Then specific non-strict
Then specific strict
Checking list of parsers returned for (non-strict mode) type=A ext=.acd
First generic
Then specific non-strict
Then specific strict
Checking list of parsers returned for (non-strict mode) type=A ext=.bc
First generic
Then specific non-strict
Then specific strict
Checking list of parsers returned for (non-strict mode) type=A ext=.a
First generic
Then specific non-strict
Then specific strict
Checking list of parsers returned for (non-strict mode) type=A ext=.ad
First generic
Then specific non-strict
Then specific strict
Checking list of parsers returned for (strict mode) type=B ext=&lt;multifile&gt;
First generic
Then specific strict
Checking list of parsers returned for (strict mode) type=B ext=.cd
First generic
Then specific strict
Checking list of parsers returned for (strict mode) type=B ext=.ab
First generic
Then specific strict
Checking list of parsers returned for (strict mode) type=B ext=.d
First generic
Then specific strict
Checking list of parsers returned for (strict mode) type=B ext=.b
First generic
Then specific strict
Checking list of parsers returned for (strict mode) type=B ext=.ac
First generic
Then specific strict
Checking list of parsers returned for (strict mode) type=B ext=.bd
First generic
Then specific strict
Checking list of parsers returned for (strict mode) type=B ext=.abd
First generic
Then specific strict
Checking list of parsers returned for (strict mode) type=B ext=.c
First generic
Then specific strict
Checking list of parsers returned for (strict mode) type=B ext=.bcd
First generic
Then specific strict
Checking list of parsers returned for (strict mode) type=B ext=.abc
First generic
Then specific strict
Checking list of parsers returned for (strict mode) type=B ext=.abcd
First generic
Then specific strict
Checking list of parsers returned for (strict mode) type=B ext=.acd
First generic
Then specific strict
Checking list of parsers returned for (strict mode) type=B ext=.bc
First generic
Then specific strict
Checking list of parsers returned for (strict mode) type=B ext=.a
First generic
Then specific strict
Checking list of parsers returned for (strict mode) type=B ext=.ad
First generic
Then specific strict
Checking list of parsers returned for (non-strict mode) type=C ext=&lt;multifile&gt;
First generic
Then specific non-strict
Then specific strict
Checking list of parsers returned for (non-strict mode) type=C ext=.cd
First generic
Then specific non-strict
Then specific strict
Checking list of parsers returned for (non-strict mode) type=C ext=.ab
First generic
Then specific non-strict
Then specific strict
Checking list of parsers returned for (non-strict mode) type=C ext=.d
First generic
Then specific non-strict
Then specific strict
Checking list of parsers returned for (non-strict mode) type=C ext=.b
First generic
Then specific non-strict
Then specific strict
Checking list of parsers returned for (non-strict mode) type=C ext=.ac
First generic
Then specific non-strict
Then specific strict
Checking list of parsers returned for (non-strict mode) type=C ext=.bd
First generic
Then specific non-strict
Then specific strict
Checking list of parsers returned for (non-strict mode) type=C ext=.abd
First generic
Then specific non-strict
Then specific strict
Checking list of parsers returned for (non-strict mode) type=C ext=.c
First generic
Then specific non-strict
Then specific strict
Checking list of parsers returned for (non-strict mode) type=C ext=.bcd
First generic
Then specific non-strict
Then specific strict
Checking list of parsers returned for (non-strict mode) type=C ext=.abc
First generic
Then specific non-strict
Then specific strict
Checking list of parsers returned for (non-strict mode) type=C ext=.abcd
First generic
Then specific non-strict
Then specific strict
Checking list of parsers returned for (non-strict mode) type=C ext=.acd
First generic
Then specific non-strict
Then specific strict
Checking list of parsers returned for (non-strict mode) type=C ext=.bc
First generic
Then specific non-strict
Then specific strict
Checking list of parsers returned for (non-strict mode) type=C ext=.a
First generic
Then specific non-strict
Then specific strict
Checking list of parsers returned for (non-strict mode) type=C ext=.ad
First generic
Then specific non-strict
Then specific strict
Checking list of parsers returned for (strict mode) type=D ext=&lt;multifile&gt;
First generic
Then specific strict
Checking list of parsers returned for (strict mode) type=D ext=.cd
First generic
Then specific strict
Checking list of parsers returned for (strict mode) type=D ext=.ab
First generic
Then specific strict
Checking list of parsers returned for (strict mode) type=D ext=.d
First generic
Then specific strict
Checking list of parsers returned for (strict mode) type=D ext=.b
First generic
Then specific strict
Checking list of parsers returned for (strict mode) type=D ext=.ac
First generic
Then specific strict
Checking list of parsers returned for (strict mode) type=D ext=.bd
First generic
Then specific strict
Checking list of parsers returned for (strict mode) type=D ext=.abd
First generic
Then specific strict
Checking list of parsers returned for (strict mode) type=D ext=.c
First generic
Then specific strict
Checking list of parsers returned for (strict mode) type=D ext=.bcd
First generic
Then specific strict
Checking list of parsers returned for (strict mode) type=D ext=.abc
First generic
Then specific strict
Checking list of parsers returned for (strict mode) type=D ext=.abcd
First generic
Then specific strict
Checking list of parsers returned for (strict mode) type=D ext=.acd
First generic
Then specific strict
Checking list of parsers returned for (strict mode) type=D ext=.bc
First generic
Then specific strict
Checking list of parsers returned for (strict mode) type=D ext=.a
First generic
Then specific strict
Checking list of parsers returned for (strict mode) type=D ext=.ad
First generic
Then specific strict
Checking list of parsers returned for (non-strict mode) type=A ext=&lt;multifile&gt;
First generic
Then specific non-strict
Then specific strict
Checking list of parsers returned for (non-strict mode) type=A ext=.cd
First generic
Then specific non-strict
Then specific strict
Checking list of parsers returned for (non-strict mode) type=A ext=.ab
First generic
Then specific non-strict
Then specific strict
Checking list of parsers returned for (non-strict mode) type=A ext=.d
First generic
Then specific non-strict
Then specific strict
Checking list of parsers returned for (non-strict mode) type=A ext=.b
First generic
Then specific non-strict
Then specific strict
Checking list of parsers returned for (non-strict mode) type=A ext=.ac
First generic
Then specific non-strict
Then specific strict
Checking list of parsers returned for (non-strict mode) type=A ext=.bd
First generic
Then specific non-strict
Then specific strict
Checking list of parsers returned for (non-strict mode) type=A ext=.abd
First generic
Then specific non-strict
Then specific strict
Checking list of parsers returned for (non-strict mode) type=A ext=.c
First generic
Then specific non-strict
Then specific strict
Checking list of parsers returned for (non-strict mode) type=A ext=.bcd
First generic
Then specific non-strict
Then specific strict
Checking list of parsers returned for (non-strict mode) type=A ext=.abc
First generic
Then specific non-strict
Then specific strict
Checking list of parsers returned for (non-strict mode) type=A ext=.abcd
First generic
Then specific non-strict
Then specific strict
Checking list of parsers returned for (non-strict mode) type=A ext=.acd
First generic
Then specific non-strict
Then specific strict
Checking list of parsers returned for (non-strict mode) type=A ext=.bc
First generic
Then specific non-strict
Then specific strict
Checking list of parsers returned for (non-strict mode) type=A ext=.a
First generic
Then specific non-strict
Then specific strict
Checking list of parsers returned for (non-strict mode) type=A ext=.ad
First generic
Then specific non-strict
Then specific strict
Checking list of parsers returned for (strict mode) type=B ext=&lt;multifile&gt;
First generic
Then specific strict
Checking list of parsers returned for (strict mode) type=B ext=.cd
First generic
Then specific strict
Checking list of parsers returned for (strict mode) type=B ext=.ab
First generic
Then specific strict
Checking list of parsers returned for (strict mode) type=B ext=.d
First generic
Then specific strict
Checking list of parsers returned for (strict mode) type=B ext=.b
First generic
Then specific strict
Checking list of parsers returned for (strict mode) type=B ext=.ac
First generic
Then specific strict
Checking list of parsers returned for (strict mode) type=B ext=.bd
First generic
Then specific strict
Checking list of parsers returned for (strict mode) type=B ext=.abd
First generic
Then specific strict
Checking list of parsers returned for (strict mode) type=B ext=.c
First generic
Then specific strict
Checking list of parsers returned for (strict mode) type=B ext=.bcd
First generic
Then specific strict
Checking list of parsers returned for (strict mode) type=B ext=.abc
First generic
Then specific strict
Checking list of parsers returned for (strict mode) type=B ext=.abcd
First generic
Then specific strict
Checking list of parsers returned for (strict mode) type=B ext=.acd
First generic
Then specific strict
Checking list of parsers returned for (strict mode) type=B ext=.bc
First generic
Then specific strict
Checking list of parsers returned for (strict mode) type=B ext=.a
First generic
Then specific strict
Checking list of parsers returned for (strict mode) type=B ext=.ad
First generic
Then specific strict
Checking list of parsers returned for (non-strict mode) type=C ext=&lt;multifile&gt;
First generic
Then specific non-strict
Then specific strict
Checking list of parsers returned for (non-strict mode) type=C ext=.cd
First generic
Then specific non-strict
Then specific strict
Checking list of parsers returned for (non-strict mode) type=C ext=.ab
First generic
Then specific non-strict
Then specific strict
Checking list of parsers returned for (non-strict mode) type=C ext=.d
First generic
Then specific non-strict
Then specific strict
Checking list of parsers returned for (non-strict mode) type=C ext=.b
First generic
Then specific non-strict
Then specific strict
Checking list of parsers returned for (non-strict mode) type=C ext=.ac
First generic
Then specific non-strict
Then specific strict
Checking list of parsers returned for (non-strict mode) type=C ext=.bd
First generic
Then specific non-strict
Then specific strict
Checking list of parsers returned for (non-strict mode) type=C ext=.abd
First generic
Then specific non-strict
Then specific strict
Checking list of parsers returned for (non-strict mode) type=C ext=.c
First generic
Then specific non-strict
Then specific strict
Checking list of parsers returned for (non-strict mode) type=C ext=.bcd
First generic
Then specific non-strict
Then specific strict
Checking list of parsers returned for (non-strict mode) type=C ext=.abc
First generic
Then specific non-strict
Then specific strict
Checking list of parsers returned for (non-strict mode) type=C ext=.abcd
First generic
Then specific non-strict
Then specific strict
Checking list of parsers returned for (non-strict mode) type=C ext=.acd
First generic
Then specific non-strict
Then specific strict
Checking list of parsers returned for (non-strict mode) type=C ext=.bc
First generic
Then specific non-strict
Then specific strict
Checking list of parsers returned for (non-strict mode) type=C ext=.a
First generic
Then specific non-strict
Then specific strict
Checking list of parsers returned for (non-strict mode) type=C ext=.ad
First generic
Then specific non-strict
Then specific strict
Checking list of parsers returned for (strict mode) type=D ext=&lt;multifile&gt;
First generic
Then specific strict
Checking list of parsers returned for (strict mode) type=D ext=.cd
First generic
Then specific strict
Checking list of parsers returned for (strict mode) type=D ext=.ab
First generic
Then specific strict
Checking list of parsers returned for (strict mode) type=D ext=.d
First generic
Then specific strict
Checking list of parsers returned for (strict mode) type=D ext=.b
First generic
Then specific strict
Checking list of parsers returned for (strict mode) type=D ext=.ac
First generic
Then specific strict
Checking list of parsers returned for (strict mode) type=D ext=.bd
First generic
Then specific strict
Checking list of parsers returned for (strict mode) type=D ext=.abd
First generic
Then specific strict
Checking list of parsers returned for (strict mode) type=D ext=.c
First generic
Then specific strict
Checking list of parsers returned for (strict mode) type=D ext=.bcd
First generic
Then specific strict
Checking list of parsers returned for (strict mode) type=D ext=.abc
First generic
Then specific strict
Checking list of parsers returned for (strict mode) type=D ext=.abcd
First generic
Then specific strict
Checking list of parsers returned for (strict mode) type=D ext=.acd
First generic
Then specific strict
Checking list of parsers returned for (strict mode) type=D ext=.bc
First generic
Then specific strict
Checking list of parsers returned for (strict mode) type=D ext=.a
First generic
Then specific strict
Checking list of parsers returned for (strict mode) type=D ext=.ad
First generic
Then specific strict
Checking list of parsers returned for (non-strict mode) type=A ext=&lt;multifile&gt;
First generic
Then specific non-strict
Then specific strict
Checking list of parsers returned for (non-strict mode) type=A ext=.cd
First generic
Then specific non-strict
Then specific strict
Checking list of parsers returned for (non-strict mode) type=A ext=.ab
First generic
Then specific non-strict
Then specific strict
Checking list of parsers returned for (non-strict mode) type=A ext=.d
First generic
Then specific non-strict
Then specific strict
Checking list of parsers returned for (non-strict mode) type=A ext=.b
First generic
Then specific non-strict
Then specific strict
Checking list of parsers returned for (non-strict mode) type=A ext=.ac
First generic
Then specific non-strict
Then specific strict
Checking list of parsers returned for (non-strict mode) type=A ext=.bd
First generic
Then specific non-strict
Then specific strict
Checking list of parsers returned for (non-strict mode) type=A ext=.abd
First generic
Then specific non-strict
Then specific strict
Checking list of parsers returned for (non-strict mode) type=A ext=.c
First generic
Then specific non-strict
Then specific strict
Checking list of parsers returned for (non-strict mode) type=A ext=.bcd
First generic
Then specific non-strict
Then specific strict
Checking list of parsers returned for (non-strict mode) type=A ext=.abc
First generic
Then specific non-strict
Then specific strict
Checking list of parsers returned for (non-strict mode) type=A ext=.abcd
First generic
Then specific non-strict
Then specific strict
Checking list of parsers returned for (non-strict mode) type=A ext=.acd
First generic
Then specific non-strict
Then specific strict
Checking list of parsers returned for (non-strict mode) type=A ext=.bc
First generic
Then specific non-strict
Then specific strict
Checking list of parsers returned for (non-strict mode) type=A ext=.a
First generic
Then specific non-strict
Then specific strict
Checking list of parsers returned for (non-strict mode) type=A ext=.ad
First generic
Then specific non-strict
Then specific strict
Checking list of parsers returned for (strict mode) type=B ext=&lt;multifile&gt;
First generic
Then specific strict
Checking list of parsers returned for (strict mode) type=B ext=.cd
First generic
Then specific strict
Checking list of parsers returned for (strict mode) type=B ext=.ab
First generic
Then specific strict
Checking list of parsers returned for (strict mode) type=B ext=.d
First generic
Then specific strict
Checking list of parsers returned for (strict mode) type=B ext=.b
First generic
Then specific strict
Checking list of parsers returned for (strict mode) type=B ext=.ac
First generic
Then specific strict
Checking list of parsers returned for (strict mode) type=B ext=.bd
First generic
Then specific strict
Checking list of parsers returned for (strict mode) type=B ext=.abd
First generic
Then specific strict
Checking list of parsers returned for (strict mode) type=B ext=.c
First generic
Then specific strict
Checking list of parsers returned for (strict mode) type=B ext=.bcd
First generic
Then specific strict
Checking list of parsers returned for (strict mode) type=B ext=.abc
First generic
Then specific strict
Checking list of parsers returned for (strict mode) type=B ext=.abcd
First generic
Then specific strict
Checking list of parsers returned for (strict mode) type=B ext=.acd
First generic
Then specific strict
Checking list of parsers returned for (strict mode) type=B ext=.bc
First generic
Then specific strict
Checking list of parsers returned for (strict mode) type=B ext=.a
First generic
Then specific strict
Checking list of parsers returned for (strict mode) type=B ext=.ad
First generic
Then specific strict
Checking list of parsers returned for (non-strict mode) type=C ext=&lt;multifile&gt;
First generic
Then specific non-strict
Then specific strict
Checking list of parsers returned for (non-strict mode) type=C ext=.cd
First generic
Then specific non-strict
Then specific strict
Checking list of parsers returned for (non-strict mode) type=C ext=.ab
First generic
Then specific non-strict
Then specific strict
Checking list of parsers returned for (non-strict mode) type=C ext=.d
First generic
Then specific non-strict
Then specific strict
Checking list of parsers returned for (non-strict mode) type=C ext=.b
First generic
Then specific non-strict
Then specific strict
Checking list of parsers returned for (non-strict mode) type=C ext=.ac
First generic
Then specific non-strict
Then specific strict
Checking list of parsers returned for (non-strict mode) type=C ext=.bd
First generic
Then specific non-strict
Then specific strict
Checking list of parsers returned for (non-strict mode) type=C ext=.abd
First generic
Then specific non-strict
Then specific strict
Checking list of parsers returned for (non-strict mode) type=C ext=.c
First generic
Then specific non-strict
Then specific strict
Checking list of parsers returned for (non-strict mode) type=C ext=.bcd
First generic
Then specific non-strict
Then specific strict
Checking list of parsers returned for (non-strict mode) type=C ext=.abc
First generic
Then specific non-strict
Then specific strict
Checking list of parsers returned for (non-strict mode) type=C ext=.abcd
First generic
Then specific non-strict
Then specific strict
Checking list of parsers returned for (non-strict mode) type=C ext=.acd
First generic
Then specific non-strict
Then specific strict
Checking list of parsers returned for (non-strict mode) type=C ext=.bc
First generic
Then specific non-strict
Then specific strict
Checking list of parsers returned for (non-strict mode) type=C ext=.a
First generic
Then specific non-strict
Then specific strict
Checking list of parsers returned for (non-strict mode) type=C ext=.ad
First generic
Then specific non-strict
Then specific strict
Checking list of parsers returned for (strict mode) type=D ext=&lt;multifile&gt;
First generic
Then specific strict
Checking list of parsers returned for (strict mode) type=D ext=.cd
First generic
Then specific strict
Checking list of parsers returned for (strict mode) type=D ext=.ab
First generic
Then specific strict
Checking list of parsers returned for (strict mode) type=D ext=.d
First generic
Then specific strict
Checking list of parsers returned for (strict mode) type=D ext=.b
First generic
Then specific strict
Checking list of parsers returned for (strict mode) type=D ext=.ac
First generic
Then specific strict
Checking list of parsers returned for (strict mode) type=D ext=.bd
First generic
Then specific strict
Checking list of parsers returned for (strict mode) type=D ext=.abd
First generic
Then specific strict
Checking list of parsers returned for (strict mode) type=D ext=.c
First generic
Then specific strict
Checking list of parsers returned for (strict mode) type=D ext=.bcd
First generic
Then specific strict
Checking list of parsers returned for (strict mode) type=D ext=.abc
First generic
Then specific strict
Checking list of parsers returned for (strict mode) type=D ext=.abcd
First generic
Then specific strict
Checking list of parsers returned for (strict mode) type=D ext=.acd
First generic
Then specific strict
Checking list of parsers returned for (strict mode) type=D ext=.bc
First generic
Then specific strict
Checking list of parsers returned for (strict mode) type=D ext=.a
First generic
Then specific strict
Checking list of parsers returned for (strict mode) type=D ext=.ad
First generic
Then specific strict
Checking list of parsers returned for (non-strict mode) type=A ext=&lt;multifile&gt;
First generic
Then specific non-strict
Then specific strict
Checking list of parsers returned for (non-strict mode) type=A ext=.cd
First generic
Then specific non-strict
Then specific strict
Checking list of parsers returned for (non-strict mode) type=A ext=.ab
First generic
Then specific non-strict
Then specific strict
Checking list of parsers returned for (non-strict mode) type=A ext=.d
First generic
Then specific non-strict
Then specific strict
Checking list of parsers returned for (non-strict mode) type=A ext=.b
First generic
Then specific non-strict
Then specific strict
Checking list of parsers returned for (non-strict mode) type=A ext=.ac
First generic
Then specific non-strict
Then specific strict
Checking list of parsers returned for (non-strict mode) type=A ext=.bd
First generic
Then specific non-strict
Then specific strict
Checking list of parsers returned for (non-strict mode) type=A ext=.abd
First generic
Then specific non-strict
Then specific strict
Checking list of parsers returned for (non-strict mode) type=A ext=.c
First generic
Then specific non-strict
Then specific strict
Checking list of parsers returned for (non-strict mode) type=A ext=.bcd
First generic
Then specific non-strict
Then specific strict
Checking list of parsers returned for (non-strict mode) type=A ext=.abc
First generic
Then specific non-strict
Then specific strict
Checking list of parsers returned for (non-strict mode) type=A ext=.abcd
First generic
Then specific non-strict
Then specific strict
Checking list of parsers returned for (non-strict mode) type=A ext=.acd
First generic
Then specific non-strict
Then specific strict
Checking list of parsers returned for (non-strict mode) type=A ext=.bc
First generic
Then specific non-strict
Then specific strict
Checking list of parsers returned for (non-strict mode) type=A ext=.a
First generic
Then specific non-strict
Then specific strict
Checking list of parsers returned for (non-strict mode) type=A ext=.ad
First generic
Then specific non-strict
Then specific strict
Checking list of parsers returned for (strict mode) type=B ext=&lt;multifile&gt;
First generic
Then specific strict
Checking list of parsers returned for (strict mode) type=B ext=.cd
First generic
Then specific strict
Checking list of parsers returned for (strict mode) type=B ext=.ab
First generic
Then specific strict
Checking list of parsers returned for (strict mode) type=B ext=.d
First generic
Then specific strict
Checking list of parsers returned for (strict mode) type=B ext=.b
First generic
Then specific strict
Checking list of parsers returned for (strict mode) type=B ext=.ac
First generic
Then specific strict
Checking list of parsers returned for (strict mode) type=B ext=.bd
First generic
Then specific strict
Checking list of parsers returned for (strict mode) type=B ext=.abd
First generic
Then specific strict
Checking list of parsers returned for (strict mode) type=B ext=.c
First generic
Then specific strict
Checking list of parsers returned for (strict mode) type=B ext=.bcd
First generic
Then specific strict
Checking list of parsers returned for (strict mode) type=B ext=.abc
First generic
Then specific strict
Checking list of parsers returned for (strict mode) type=B ext=.abcd
First generic
Then specific strict
Checking list of parsers returned for (strict mode) type=B ext=.acd
First generic
Then specific strict
Checking list of parsers returned for (strict mode) type=B ext=.bc
First generic
Then specific strict
Checking list of parsers returned for (strict mode) type=B ext=.a
First generic
Then specific strict
Checking list of parsers returned for (strict mode) type=B ext=.ad
First generic
Then specific strict
Checking list of parsers returned for (non-strict mode) type=C ext=&lt;multifile&gt;
First generic
Then specific non-strict
Then specific strict
Checking list of parsers returned for (non-strict mode) type=C ext=.cd
First generic
Then specific non-strict
Then specific strict
Checking list of parsers returned for (non-strict mode) type=C ext=.ab
First generic
Then specific non-strict
Then specific strict
Checking list of parsers returned for (non-strict mode) type=C ext=.d
First generic
Then specific non-strict
Then specific strict
Checking list of parsers returned for (non-strict mode) type=C ext=.b
First generic
Then specific non-strict
Then specific strict
Checking list of parsers returned for (non-strict mode) type=C ext=.ac
First generic
Then specific non-strict
Then specific strict
Checking list of parsers returned for (non-strict mode) type=C ext=.bd
First generic
Then specific non-strict
Then specific strict
Checking list of parsers returned for (non-strict mode) type=C ext=.abd
First generic
Then specific non-strict
Then specific strict
Checking list of parsers returned for (non-strict mode) type=C ext=.c
First generic
Then specific non-strict
Then specific strict
Checking list of parsers returned for (non-strict mode) type=C ext=.bcd
First generic
Then specific non-strict
Then specific strict
Checking list of parsers returned for (non-strict mode) type=C ext=.abc
First generic
Then specific non-strict
Then specific strict
Checking list of parsers returned for (non-strict mode) type=C ext=.abcd
First generic
Then specific non-strict
Then specific strict
Checking list of parsers returned for (non-strict mode) type=C ext=.acd
First generic
Then specific non-strict
Then specific strict
Checking list of parsers returned for (non-strict mode) type=C ext=.bc
First generic
Then specific non-strict
Then specific strict
Checking list of parsers returned for (non-strict mode) type=C ext=.a
First generic
Then specific non-strict
Then specific strict
Checking list of parsers returned for (non-strict mode) type=C ext=.ad
First generic
Then specific non-strict
Then specific strict
Checking list of parsers returned for (strict mode) type=D ext=&lt;multifile&gt;
First generic
Then specific strict
Checking list of parsers returned for (strict mode) type=D ext=.cd
First generic
Then specific strict
Checking list of parsers returned for (strict mode) type=D ext=.ab
First generic
Then specific strict
Checking list of parsers returned for (strict mode) type=D ext=.d
First generic
Then specific strict
Checking list of parsers returned for (strict mode) type=D ext=.b
First generic
Then specific strict
Checking list of parsers returned for (strict mode) type=D ext=.ac
First generic
Then specific strict
Checking list of parsers returned for (strict mode) type=D ext=.bd
First generic
Then specific strict
Checking list of parsers returned for (strict mode) type=D ext=.abd
First generic
Then specific strict
Checking list of parsers returned for (strict mode) type=D ext=.c
First generic
Then specific strict
Checking list of parsers returned for (strict mode) type=D ext=.bcd
First generic
Then specific strict
Checking list of parsers returned for (strict mode) type=D ext=.abc
First generic
Then specific strict
Checking list of parsers returned for (strict mode) type=D ext=.abcd
First generic
Then specific strict
Checking list of parsers returned for (strict mode) type=D ext=.acd
First generic
Then specific strict
Checking list of parsers returned for (strict mode) type=D ext=.bc
First generic
Then specific strict
Checking list of parsers returned for (strict mode) type=D ext=.a
First generic
Then specific strict
Checking list of parsers returned for (strict mode) type=D ext=.ad
First generic
Then specific strict
Checking list of parsers returned for (non-strict mode) type=A ext=&lt;multifile&gt;
First generic
Then specific non-strict
Then specific strict
Checking list of parsers returned for (non-strict mode) type=A ext=.cd
First generic
Then specific non-strict
Then specific strict
Checking list of parsers returned for (non-strict mode) type=A ext=.ab
First generic
Then specific non-strict
Then specific strict
Checking list of parsers returned for (non-strict mode) type=A ext=.d
First generic
Then specific non-strict
Then specific strict
Checking list of parsers returned for (non-strict mode) type=A ext=.b
First generic
Then specific non-strict
Then specific strict
Checking list of parsers returned for (non-strict mode) type=A ext=.ac
First generic
Then specific non-strict
Then specific strict
Checking list of parsers returned for (non-strict mode) type=A ext=.bd
First generic
Then specific non-strict
Then specific strict
Checking list of parsers returned for (non-strict mode) type=A ext=.abd
First generic
Then specific non-strict
Then specific strict
Checking list of parsers returned for (non-strict mode) type=A ext=.c
First generic
Then specific non-strict
Then specific strict
Checking list of parsers returned for (non-strict mode) type=A ext=.bcd
First generic
Then specific non-strict
Then specific strict
Checking list of parsers returned for (non-strict mode) type=A ext=.abc
First generic
Then specific non-strict
Then specific strict
Checking list of parsers returned for (non-strict mode) type=A ext=.abcd
First generic
Then specific non-strict
Then specific strict
Checking list of parsers returned for (non-strict mode) type=A ext=.acd
First generic
Then specific non-strict
Then specific strict
Checking list of parsers returned for (non-strict mode) type=A ext=.bc
First generic
Then specific non-strict
Then specific strict
Checking list of parsers returned for (non-strict mode) type=A ext=.a
First generic
Then specific non-strict
Then specific strict
Checking list of parsers returned for (non-strict mode) type=A ext=.ad
First generic
Then specific non-strict
Then specific strict
Checking list of parsers returned for (strict mode) type=B ext=&lt;multifile&gt;
First generic
Then specific strict
Checking list of parsers returned for (strict mode) type=B ext=.cd
First generic
Then specific strict
Checking list of parsers returned for (strict mode) type=B ext=.ab
First generic
Then specific strict
Checking list of parsers returned for (strict mode) type=B ext=.d
First generic
Then specific strict
Checking list of parsers returned for (strict mode) type=B ext=.b
First generic
Then specific strict
Checking list of parsers returned for (strict mode) type=B ext=.ac
First generic
Then specific strict
Checking list of parsers returned for (strict mode) type=B ext=.bd
First generic
Then specific strict
Checking list of parsers returned for (strict mode) type=B ext=.abd
First generic
Then specific strict
Checking list of parsers returned for (strict mode) type=B ext=.c
First generic
Then specific strict
Checking list of parsers returned for (strict mode) type=B ext=.bcd
First generic
Then specific strict
Checking list of parsers returned for (strict mode) type=B ext=.abc
First generic
Then specific strict
Checking list of parsers returned for (strict mode) type=B ext=.abcd
First generic
Then specific strict
Checking list of parsers returned for (strict mode) type=B ext=.acd
First generic
Then specific strict
Checking list of parsers returned for (strict mode) type=B ext=.bc
First generic
Then specific strict
Checking list of parsers returned for (strict mode) type=B ext=.a
First generic
Then specific strict
Checking list of parsers returned for (strict mode) type=B ext=.ad
First generic
Then specific strict
Checking list of parsers returned for (non-strict mode) type=C ext=&lt;multifile&gt;
First generic
Then specific non-strict
Then specific strict
Checking list of parsers returned for (non-strict mode) type=C ext=.cd
First generic
Then specific non-strict
Then specific strict
Checking list of parsers returned for (non-strict mode) type=C ext=.ab
First generic
Then specific non-strict
Then specific strict
Checking list of parsers returned for (non-strict mode) type=C ext=.d
First generic
Then specific non-strict
Then specific strict
Checking list of parsers returned for (non-strict mode) type=C ext=.b
First generic
Then specific non-strict
Then specific strict
Checking list of parsers returned for (non-strict mode) type=C ext=.ac
First generic
Then specific non-strict
Then specific strict
Checking list of parsers returned for (non-strict mode) type=C ext=.bd
First generic
Then specific non-strict
Then specific strict
Checking list of parsers returned for (non-strict mode) type=C ext=.abd
First generic
Then specific non-strict
Then specific strict
Checking list of parsers returned for (non-strict mode) type=C ext=.c
First generic
Then specific non-strict
Then specific strict
Checking list of parsers returned for (non-strict mode) type=C ext=.bcd
First generic
Then specific non-strict
Then specific strict
Checking list of parsers returned for (non-strict mode) type=C ext=.abc
First generic
Then specific non-strict
Then specific strict
Checking list of parsers returned for (non-strict mode) type=C ext=.abcd
First generic
Then specific non-strict
Then specific strict
Checking list of parsers returned for (non-strict mode) type=C ext=.acd
First generic
Then specific non-strict
Then specific strict
Checking list of parsers returned for (non-strict mode) type=C ext=.bc
First generic
Then specific non-strict
Then specific strict
Checking list of parsers returned for (non-strict mode) type=C ext=.a
First generic
Then specific non-strict
Then specific strict
Checking list of parsers returned for (non-strict mode) type=C ext=.ad
First generic
Then specific non-strict
Then specific strict
Checking list of parsers returned for (strict mode) type=D ext=&lt;multifile&gt;
First generic
Then specific strict
Checking list of parsers returned for (strict mode) type=D ext=.cd
First generic
Then specific strict
Checking list of parsers returned for (strict mode) type=D ext=.ab
First generic
Then specific strict
Checking list of parsers returned for (strict mode) type=D ext=.d
First generic
Then specific strict
Checking list of parsers returned for (strict mode) type=D ext=.b
First generic
Then specific strict
Checking list of parsers returned for (strict mode) type=D ext=.ac
First generic
Then specific strict
Checking list of parsers returned for (strict mode) type=D ext=.bd
First generic
Then specific strict
Checking list of parsers returned for (strict mode) type=D ext=.abd
First generic
Then specific strict
Checking list of parsers returned for (strict mode) type=D ext=.c
First generic
Then specific strict
Checking list of parsers returned for (strict mode) type=D ext=.bcd
First generic
Then specific strict
Checking list of parsers returned for (strict mode) type=D ext=.abc
First generic
Then specific strict
Checking list of parsers returned for (strict mode) type=D ext=.abcd
First generic
Then specific strict
Checking list of parsers returned for (strict mode) type=D ext=.acd
First generic
Then specific strict
Checking list of parsers returned for (strict mode) type=D ext=.bc
First generic
Then specific strict
Checking list of parsers returned for (strict mode) type=D ext=.a
First generic
Then specific strict
Checking list of parsers returned for (strict mode) type=D ext=.ad
First generic
Then specific strict
Checking list of parsers returned for (non-strict mode) type=A ext=&lt;multifile&gt;
First generic
Then specific non-strict
Then specific strict
Checking list of parsers returned for (non-strict mode) type=A ext=.cd
First generic
Then specific non-strict
Then specific strict
Checking list of parsers returned for (non-strict mode) type=A ext=.ab
First generic
Then specific non-strict
Then specific strict
Checking list of parsers returned for (non-strict mode) type=A ext=.d
First generic
Then specific non-strict
Then specific strict
Checking list of parsers returned for (non-strict mode) type=A ext=.b
First generic
Then specific non-strict
Then specific strict
Checking list of parsers returned for (non-strict mode) type=A ext=.ac
First generic
Then specific non-strict
Then specific strict
Checking list of parsers returned for (non-strict mode) type=A ext=.bd
First generic
Then specific non-strict
Then specific strict
Checking list of parsers returned for (non-strict mode) type=A ext=.abd
First generic
Then specific non-strict
Then specific strict
Checking list of parsers returned for (non-strict mode) type=A ext=.c
First generic
Then specific non-strict
Then specific strict
Checking list of parsers returned for (non-strict mode) type=A ext=.bcd
First generic
Then specific non-strict
Then specific strict
Checking list of parsers returned for (non-strict mode) type=A ext=.abc
First generic
Then specific non-strict
Then specific strict
Checking list of parsers returned for (non-strict mode) type=A ext=.abcd
First generic
Then specific non-strict
Then specific strict
Checking list of parsers returned for (non-strict mode) type=A ext=.acd
First generic
Then specific non-strict
Then specific strict
Checking list of parsers returned for (non-strict mode) type=A ext=.bc
First generic
Then specific non-strict
Then specific strict
Checking list of parsers returned for (non-strict mode) type=A ext=.a
First generic
Then specific non-strict
Then specific strict
Checking list of parsers returned for (non-strict mode) type=A ext=.ad
First generic
Then specific non-strict
Then specific strict
Checking list of parsers returned for (strict mode) type=B ext=&lt;multifile&gt;
First generic
Then specific strict
Checking list of parsers returned for (strict mode) type=B ext=.cd
First generic
Then specific strict
Checking list of parsers returned for (strict mode) type=B ext=.ab
First generic
Then specific strict
Checking list of parsers returned for (strict mode) type=B ext=.d
First generic
Then specific strict
Checking list of parsers returned for (strict mode) type=B ext=.b
First generic
Then specific strict
Checking list of parsers returned for (strict mode) type=B ext=.ac
First generic
Then specific strict
Checking list of parsers returned for (strict mode) type=B ext=.bd
First generic
Then specific strict
Checking list of parsers returned for (strict mode) type=B ext=.abd
First generic
Then specific strict
Checking list of parsers returned for (strict mode) type=B ext=.c
First generic
Then specific strict
Checking list of parsers returned for (strict mode) type=B ext=.bcd
First generic
Then specific strict
Checking list of parsers returned for (strict mode) type=B ext=.abc
First generic
Then specific strict
Checking list of parsers returned for (strict mode) type=B ext=.abcd
First generic
Then specific strict
Checking list of parsers returned for (strict mode) type=B ext=.acd
First generic
Then specific strict
Checking list of parsers returned for (strict mode) type=B ext=.bc
First generic
Then specific strict
Checking list of parsers returned for (strict mode) type=B ext=.a
First generic
Then specific strict
Checking list of parsers returned for (strict mode) type=B ext=.ad
First generic
Then specific strict
Checking list of parsers returned for (non-strict mode) type=C ext=&lt;multifile&gt;
First generic
Then specific non-strict
Then specific strict
Checking list of parsers returned for (non-strict mode) type=C ext=.cd
First generic
Then specific non-strict
Then specific strict
Checking list of parsers returned for (non-strict mode) type=C ext=.ab
First generic
Then specific non-strict
Then specific strict
Checking list of parsers returned for (non-strict mode) type=C ext=.d
First generic
Then specific non-strict
Then specific strict
Checking list of parsers returned for (non-strict mode) type=C ext=.b
First generic
Then specific non-strict
Then specific strict
Checking list of parsers returned for (non-strict mode) type=C ext=.ac
First generic
Then specific non-strict
Then specific strict
Checking list of parsers returned for (non-strict mode) type=C ext=.bd
First generic
Then specific non-strict
Then specific strict
Checking list of parsers returned for (non-strict mode) type=C ext=.abd
First generic
Then specific non-strict
Then specific strict
Checking list of parsers returned for (non-strict mode) type=C ext=.c
First generic
Then specific non-strict
Then specific strict
Checking list of parsers returned for (non-strict mode) type=C ext=.bcd
First generic
Then specific non-strict
Then specific strict
Checking list of parsers returned for (non-strict mode) type=C ext=.abc
First generic
Then specific non-strict
Then specific strict
Checking list of parsers returned for (non-strict mode) type=C ext=.abcd
First generic
Then specific non-strict
Then specific strict
Checking list of parsers returned for (non-strict mode) type=C ext=.acd
First generic
Then specific non-strict
Then specific strict
Checking list of parsers returned for (non-strict mode) type=C ext=.bc
First generic
Then specific non-strict
Then specific strict
Checking list of parsers returned for (non-strict mode) type=C ext=.a
First generic
Then specific non-strict
Then specific strict
Checking list of parsers returned for (non-strict mode) type=C ext=.ad
First generic
Then specific non-strict
Then specific strict
Checking list of parsers returned for (strict mode) type=D ext=&lt;multifile&gt;
First generic
Then specific strict
Checking list of parsers returned for (strict mode) type=D ext=.cd
First generic
Then specific strict
Checking list of parsers returned for (strict mode) type=D ext=.ab
First generic
Then specific strict
Checking list of parsers returned for (strict mode) type=D ext=.d
First generic
Then specific strict
Checking list of parsers returned for (strict mode) type=D ext=.b
First generic
Then specific strict
Checking list of parsers returned for (strict mode) type=D ext=.ac
First generic
Then specific strict
Checking list of parsers returned for (strict mode) type=D ext=.bd
First generic
Then specific strict
Checking list of parsers returned for (strict mode) type=D ext=.abd
First generic
Then specific strict
Checking list of parsers returned for (strict mode) type=D ext=.c
First generic
Then specific strict
Checking list of parsers returned for (strict mode) type=D ext=.bcd
First generic
Then specific strict
Checking list of parsers returned for (strict mode) type=D ext=.abc
First generic
Then specific strict
Checking list of parsers returned for (strict mode) type=D ext=.abcd
First generic
Then specific strict
Checking list of parsers returned for (strict mode) type=D ext=.acd
First generic
Then specific strict
Checking list of parsers returned for (strict mode) type=D ext=.bc
First generic
Then specific strict
Checking list of parsers returned for (strict mode) type=D ext=.a
First generic
Then specific strict
Checking list of parsers returned for (strict mode) type=D ext=.ad
First generic
Then specific strict
Checking list of parsers returned for (non-strict mode) type=A ext=&lt;multifile&gt;
First generic
Then specific non-strict
Then specific strict
Checking list of parsers returned for (non-strict mode) type=A ext=.cd
First generic
Then specific non-strict
Then specific strict
Checking list of parsers returned for (non-strict mode) type=A ext=.ab
First generic
Then specific non-strict
Then specific strict
Checking list of parsers returned for (non-strict mode) type=A ext=.d
First generic
Then specific non-strict
Then specific strict
Checking list of parsers returned for (non-strict mode) type=A ext=.b
First generic
Then specific non-strict
Then specific strict
Checking list of parsers returned for (non-strict mode) type=A ext=.ac
First generic
Then specific non-strict
Then specific strict
Checking list of parsers returned for (non-strict mode) type=A ext=.bd
First generic
Then specific non-strict
Then specific strict
Checking list of parsers returned for (non-strict mode) type=A ext=.abd
First generic
Then specific non-strict
Then specific strict
Checking list of parsers returned for (non-strict mode) type=A ext=.c
First generic
Then specific non-strict
Then specific strict
Checking list of parsers returned for (non-strict mode) type=A ext=.bcd
First generic
Then specific non-strict
Then specific strict
Checking list of parsers returned for (non-strict mode) type=A ext=.abc
First generic
Then specific non-strict
Then specific strict
Checking list of parsers returned for (non-strict mode) type=A ext=.abcd
First generic
Then specific non-strict
Then specific strict
Checking list of parsers returned for (non-strict mode) type=A ext=.acd
First generic
Then specific non-strict
Then specific strict
Checking list of parsers returned for (non-strict mode) type=A ext=.bc
First generic
Then specific non-strict
Then specific strict
Checking list of parsers returned for (non-strict mode) type=A ext=.a
First generic
Then specific non-strict
Then specific strict
Checking list of parsers returned for (non-strict mode) type=A ext=.ad
First generic
Then specific non-strict
Then specific strict
Checking list of parsers returned for (strict mode) type=B ext=&lt;multifile&gt;
First generic
Then specific strict
Checking list of parsers returned for (strict mode) type=B ext=.cd
First generic
Then specific strict
Checking list of parsers returned for (strict mode) type=B ext=.ab
First generic
Then specific strict
Checking list of parsers returned for (strict mode) type=B ext=.d
First generic
Then specific strict
Checking list of parsers returned for (strict mode) type=B ext=.b
First generic
Then specific strict
Checking list of parsers returned for (strict mode) type=B ext=.ac
First generic
Then specific strict
Checking list of parsers returned for (strict mode) type=B ext=.bd
First generic
Then specific strict
Checking list of parsers returned for (strict mode) type=B ext=.abd
First generic
Then specific strict
Checking list of parsers returned for (strict mode) type=B ext=.c
First generic
Then specific strict
Checking list of parsers returned for (strict mode) type=B ext=.bcd
First generic
Then specific strict
Checking list of parsers returned for (strict mode) type=B ext=.abc
First generic
Then specific strict
Checking list of parsers returned for (strict mode) type=B ext=.abcd
First generic
Then specific strict
Checking list of parsers returned for (strict mode) type=B ext=.acd
First generic
Then specific strict
Checking list of parsers returned for (strict mode) type=B ext=.bc
First generic
Then specific strict
Checking list of parsers returned for (strict mode) type=B ext=.a
First generic
Then specific strict
Checking list of parsers returned for (strict mode) type=B ext=.ad
First generic
Then specific strict
Checking list of parsers returned for (non-strict mode) type=C ext=&lt;multifile&gt;
First generic
Then specific non-strict
Then specific strict
Checking list of parsers returned for (non-strict mode) type=C ext=.cd
First generic
Then specific non-strict
Then specific strict
Checking list of parsers returned for (non-strict mode) type=C ext=.ab
First generic
Then specific non-strict
Then specific strict
Checking list of parsers returned for (non-strict mode) type=C ext=.d
First generic
Then specific non-strict
Then specific strict
Checking list of parsers returned for (non-strict mode) type=C ext=.b
First generic
Then specific non-strict
Then specific strict
Checking list of parsers returned for (non-strict mode) type=C ext=.ac
First generic
Then specific non-strict
Then specific strict
Checking list of parsers returned for (non-strict mode) type=C ext=.bd
First generic
Then specific non-strict
Then specific strict
Checking list of parsers returned for (non-strict mode) type=C ext=.abd
First generic
Then specific non-strict
Then specific strict
Checking list of parsers returned for (non-strict mode) type=C ext=.c
First generic
Then specific non-strict
Then specific strict
Checking list of parsers returned for (non-strict mode) type=C ext=.bcd
First generic
Then specific non-strict
Then specific strict
Checking list of parsers returned for (non-strict mode) type=C ext=.abc
First generic
Then specific non-strict
Then specific strict
Checking list of parsers returned for (non-strict mode) type=C ext=.abcd
First generic
Then specific non-strict
Then specific strict
Checking list of parsers returned for (non-strict mode) type=C ext=.acd
First generic
Then specific non-strict
Then specific strict
Checking list of parsers returned for (non-strict mode) type=C ext=.bc
First generic
Then specific non-strict
Then specific strict
Checking list of parsers returned for (non-strict mode) type=C ext=.a
First generic
Then specific non-strict
Then specific strict
Checking list of parsers returned for (non-strict mode) type=C ext=.ad
First generic
Then specific non-strict
Then specific strict
Checking list of parsers returned for (strict mode) type=D ext=&lt;multifile&gt;
First generic
Then specific strict
Checking list of parsers returned for (strict mode) type=D ext=.cd
First generic
Then specific strict
Checking list of parsers returned for (strict mode) type=D ext=.ab
First generic
Then specific strict
Checking list of parsers returned for (strict mode) type=D ext=.d
First generic
Then specific strict
Checking list of parsers returned for (strict mode) type=D ext=.b
First generic
Then specific strict
Checking list of parsers returned for (strict mode) type=D ext=.ac
First generic
Then specific strict
Checking list of parsers returned for (strict mode) type=D ext=.bd
First generic
Then specific strict
Checking list of parsers returned for (strict mode) type=D ext=.abd
First generic
Then specific strict
Checking list of parsers returned for (strict mode) type=D ext=.c
First generic
Then specific strict
Checking list of parsers returned for (strict mode) type=D ext=.bcd
First generic
Then specific strict
Checking list of parsers returned for (strict mode) type=D ext=.abc
First generic
Then specific strict
Checking list of parsers returned for (strict mode) type=D ext=.abcd
First generic
Then specific strict
Checking list of parsers returned for (strict mode) type=D ext=.acd
First generic
Then specific strict
Checking list of parsers returned for (strict mode) type=D ext=.bc
First generic
Then specific strict
Checking list of parsers returned for (strict mode) type=D ext=.a
First generic
Then specific strict
Checking list of parsers returned for (strict mode) type=D ext=.ad
First generic
Then specific strict
Checking list of parsers returned for (non-strict mode) type=A ext=&lt;multifile&gt;
First generic
Then specific non-strict
Then specific strict
Checking list of parsers returned for (non-strict mode) type=A ext=.cd
First generic
Then specific non-strict
Then specific strict
Checking list of parsers returned for (non-strict mode) type=A ext=.ab
First generic
Then specific non-strict
Then specific strict
Checking list of parsers returned for (non-strict mode) type=A ext=.d
First generic
Then specific non-strict
Then specific strict
Checking list of parsers returned for (non-strict mode) type=A ext=.b
First generic
Then specific non-strict
Then specific strict
Checking list of parsers returned for (non-strict mode) type=A ext=.ac
First generic
Then specific non-strict
Then specific strict
Checking list of parsers returned for (non-strict mode) type=A ext=.bd
First generic
Then specific non-strict
Then specific strict
Checking list of parsers returned for (non-strict mode) type=A ext=.abd
First generic
Then specific non-strict
Then specific strict
Checking list of parsers returned for (non-strict mode) type=A ext=.c
First generic
Then specific non-strict
Then specific strict
Checking list of parsers returned for (non-strict mode) type=A ext=.bcd
First generic
Then specific non-strict
Then specific strict
Checking list of parsers returned for (non-strict mode) type=A ext=.abc
First generic
Then specific non-strict
Then specific strict
Checking list of parsers returned for (non-strict mode) type=A ext=.abcd
First generic
Then specific non-strict
Then specific strict
Checking list of parsers returned for (non-strict mode) type=A ext=.acd
First generic
Then specific non-strict
Then specific strict
Checking list of parsers returned for (non-strict mode) type=A ext=.bc
First generic
Then specific non-strict
Then specific strict
Checking list of parsers returned for (non-strict mode) type=A ext=.a
First generic
Then specific non-strict
Then specific strict
Checking list of parsers returned for (non-strict mode) type=A ext=.ad
First generic
Then specific non-strict
Then specific strict
Checking list of parsers returned for (strict mode) type=B ext=&lt;multifile&gt;
First generic
Then specific strict
Checking list of parsers returned for (strict mode) type=B ext=.cd
First generic
Then specific strict
Checking list of parsers returned for (strict mode) type=B ext=.ab
First generic
Then specific strict
Checking list of parsers returned for (strict mode) type=B ext=.d
First generic
Then specific strict
Checking list of parsers returned for (strict mode) type=B ext=.b
First generic
Then specific strict
Checking list of parsers returned for (strict mode) type=B ext=.ac
First generic
Then specific strict
Checking list of parsers returned for (strict mode) type=B ext=.bd
First generic
Then specific strict
Checking list of parsers returned for (strict mode) type=B ext=.abd
First generic
Then specific strict
Checking list of parsers returned for (strict mode) type=B ext=.c
First generic
Then specific strict
Checking list of parsers returned for (strict mode) type=B ext=.bcd
First generic
Then specific strict
Checking list of parsers returned for (strict mode) type=B ext=.abc
First generic
Then specific strict
Checking list of parsers returned for (strict mode) type=B ext=.abcd
First generic
Then specific strict
Checking list of parsers returned for (strict mode) type=B ext=.acd
First generic
Then specific strict
Checking list of parsers returned for (strict mode) type=B ext=.bc
First generic
Then specific strict
Checking list of parsers returned for (strict mode) type=B ext=.a
First generic
Then specific strict
Checking list of parsers returned for (strict mode) type=B ext=.ad
First generic
Then specific strict
Checking list of parsers returned for (non-strict mode) type=C ext=&lt;multifile&gt;
First generic
Then specific non-strict
Then specific strict
Checking list of parsers returned for (non-strict mode) type=C ext=.cd
First generic
Then specific non-strict
Then specific strict
Checking list of parsers returned for (non-strict mode) type=C ext=.ab
First generic
Then specific non-strict
Then specific strict
Checking list of parsers returned for (non-strict mode) type=C ext=.d
First generic
Then specific non-strict
Then specific strict
Checking list of parsers returned for (non-strict mode) type=C ext=.b
First generic
Then specific non-strict
Then specific strict
Checking list of parsers returned for (non-strict mode) type=C ext=.ac
First generic
Then specific non-strict
Then specific strict
Checking list of parsers returned for (non-strict mode) type=C ext=.bd
First generic
Then specific non-strict
Then specific strict
Checking list of parsers returned for (non-strict mode) type=C ext=.abd
First generic
Then specific non-strict
Then specific strict
Checking list of parsers returned for (non-strict mode) type=C ext=.c
First generic
Then specific non-strict
Then specific strict
Checking list of parsers returned for (non-strict mode) type=C ext=.bcd
First generic
Then specific non-strict
Then specific strict
Checking list of parsers returned for (non-strict mode) type=C ext=.abc
First generic
Then specific non-strict
Then specific strict
Checking list of parsers returned for (non-strict mode) type=C ext=.abcd
First generic
Then specific non-strict
Then specific strict
Checking list of parsers returned for (non-strict mode) type=C ext=.acd
First generic
Then specific non-strict
Then specific strict
Checking list of parsers returned for (non-strict mode) type=C ext=.bc
First generic
Then specific non-strict
Then specific strict
Checking list of parsers returned for (non-strict mode) type=C ext=.a
First generic
Then specific non-strict
Then specific strict
Checking list of parsers returned for (non-strict mode) type=C ext=.ad
First generic
Then specific non-strict
Then specific strict
Checking list of parsers returned for (strict mode) type=D ext=&lt;multifile&gt;
First generic
Then specific strict
Checking list of parsers returned for (strict mode) type=D ext=.cd
First generic
Then specific strict
Checking list of parsers returned for (strict mode) type=D ext=.ab
First generic
Then specific strict
Checking list of parsers returned for (strict mode) type=D ext=.d
First generic
Then specific strict
Checking list of parsers returned for (strict mode) type=D ext=.b
First generic
Then specific strict
Checking list of parsers returned for (strict mode) type=D ext=.ac
First generic
Then specific strict
Checking list of parsers returned for (strict mode) type=D ext=.bd
First generic
Then specific strict
Checking list of parsers returned for (strict mode) type=D ext=.abd
First generic
Then specific strict
Checking list of parsers returned for (strict mode) type=D ext=.c
First generic
Then specific strict
Checking list of parsers returned for (strict mode) type=D ext=.bcd
First generic
Then specific strict
Checking list of parsers returned for (strict mode) type=D ext=.abc
First generic
Then specific strict
Checking list of parsers returned for (strict mode) type=D ext=.abcd
First generic
Then specific strict
Checking list of parsers returned for (strict mode) type=D ext=.acd
First generic
Then specific strict
Checking list of parsers returned for (strict mode) type=D ext=.bc
First generic
Then specific strict
Checking list of parsers returned for (strict mode) type=D ext=.a
First generic
Then specific strict
Checking list of parsers returned for (strict mode) type=D ext=.ad
First generic
Then specific strict
</system-out></testcase><testcase classname="parsyfiles.tests.demo.test_parsyfiles_readme.DemoTests" file="parsyfiles/tests/demo/test_parsyfiles_readme.py" line="32" name="test_a_helloworld" time="0.05949664115905762"><system-out>SUCCESS parsed [/home/travis/build/smarie/python-parsyfiles/parsyfiles/tests/demo/a_helloworld/hello_world.txt] as a [str] successfully. Parser used was [&lt;read_str_from_txt&gt;]

hello
</system-out></testcase><testcase classname="parsyfiles.tests.demo.test_parsyfiles_readme.DemoTests" file="parsyfiles/tests/demo/test_parsyfiles_readme.py" line="281" name="test_multifile_objects" time="0.2644824981689453"><system-out>SUCCESS parsed [/home/travis/build/smarie/python-parsyfiles/parsyfiles/tests/demo/./complex_objects/case1/expected_results.txt] as a [AlgoResults] successfully. Parser used was [$&lt;read_dict_from_properties&gt; =&gt; &lt;dict_to_object&gt;$]
SUCCESS parsed [/home/travis/build/smarie/python-parsyfiles/parsyfiles/tests/demo/./complex_objects/case1/x.csv] as a [Series] successfully. Parser used was [&lt;read_df_or_series_from_csv&gt;]
SUCCESS parsed [/home/travis/build/smarie/python-parsyfiles/parsyfiles/tests/demo/./complex_objects/case1/y.txt] as a [AlgoConf] successfully. Parser used was [$&lt;read_dict_from_properties&gt; =&gt; &lt;dict_to_object&gt;$]
SUCCESS parsed [/home/travis/build/smarie/python-parsyfiles/parsyfiles/tests/demo/./complex_objects/case1] as a [ExecOpSeriesTest] successfully. Parser used was [Multifile Object parser (parsyfiles defaults)]
SUCCESS parsed [/home/travis/build/smarie/python-parsyfiles/parsyfiles/tests/demo/./complex_objects/case2/expected_results.txt] as a [AlgoResults] successfully. Parser used was [$&lt;read_dict_from_properties&gt; =&gt; &lt;dict_to_object&gt;$]
SUCCESS parsed [/home/travis/build/smarie/python-parsyfiles/parsyfiles/tests/demo/./complex_objects/case2/x.csv] as a [Series] successfully. Parser used was [&lt;read_df_or_series_from_csv&gt;]
SUCCESS parsed [/home/travis/build/smarie/python-parsyfiles/parsyfiles/tests/demo/./complex_objects/case2/y.txt] as a [AlgoConf] successfully. Parser used was [$&lt;read_dict_from_properties&gt; =&gt; &lt;dict_to_object&gt;$]
SUCCESS parsed [/home/travis/build/smarie/python-parsyfiles/parsyfiles/tests/demo/./complex_objects/case2] as a [ExecOpSeriesTest] successfully. Parser used was [Multifile Object parser (parsyfiles defaults)]
SUCCESS parsed [/home/travis/build/smarie/python-parsyfiles/parsyfiles/tests/demo/./complex_objects] as a [Dict[str, ExecOpSeriesTest]] successfully. Parser used was [Multifile Collection parser (parsyfiles defaults)]

OrderedDict([(&apos;case1&apos;,
              &lt;test_parsyfiles_readme.DemoTests.test_multifile_objects.&lt;locals&gt;.ExecOpSeriesTest object at 0x7f05a70a0710&gt;),
             (&apos;case2&apos;,
              &lt;test_parsyfiles_readme.DemoTests.test_multifile_objects.&lt;locals&gt;.ExecOpSeriesTest object at 0x7f05a7063780&gt;)])
{&apos;.cfg&apos;: {&apos;3_generic&apos;: [$&lt;read_config&gt; =&gt; &lt;merge_all_config_sections_into_a_single_dict&gt; -&gt; &lt;dict_to_object&gt;$,
                        $&lt;read_config&gt; =&gt; &lt;config_to_dict_of_dict&gt; -&gt; &lt;dict_of_dict_to_object&gt;$,
                        $&lt;read_config&gt; =&gt; &lt;config_to_dict_of_dict&gt; -&gt; &lt;dict_to_object&gt;$]},
 &apos;.csv&apos;: {&apos;3_generic&apos;: [$&lt;read_df_or_series_from_csv&gt; =&gt; &lt;single_row_or_col_df_to_dict&gt; -&gt; &lt;dict_to_object&gt;$]},
 &apos;.ini&apos;: {&apos;3_generic&apos;: [$&lt;read_config&gt; =&gt; &lt;merge_all_config_sections_into_a_single_dict&gt; -&gt; &lt;dict_to_object&gt;$,
                        $&lt;read_config&gt; =&gt; &lt;config_to_dict_of_dict&gt; -&gt; &lt;dict_of_dict_to_object&gt;$,
                        $&lt;read_config&gt; =&gt; &lt;config_to_dict_of_dict&gt; -&gt; &lt;dict_to_object&gt;$]},
 &apos;.json&apos;: {&apos;3_generic&apos;: [$&lt;read_dict_or_list_from_json&gt; =&gt; &lt;dict_to_object&gt;$]},
 &apos;.properties&apos;: {&apos;3_generic&apos;: [$&lt;read_dict_from_properties&gt; =&gt; &lt;dict_to_object&gt;$]},
 &apos;.pyc&apos;: {&apos;3_generic&apos;: [&lt;read_object_from_pickle&gt;]},
 &apos;.txt&apos;: {&apos;3_generic&apos;: [$&lt;read_dict_from_properties&gt; =&gt; &lt;dict_to_object&gt;$,
                        $&lt;read_str_from_txt&gt; =&gt; &lt;constructor_with_str_arg&gt;$,
                        $&lt;read_str_from_txt&gt; =&gt; &lt;base64_ascii_str_pickle_to_object&gt;$,
                        $&lt;read_df_or_series_from_csv&gt; =&gt; &lt;single_row_or_col_df_to_dict&gt; -&gt; &lt;dict_to_object&gt;$]},
 &apos;.xls&apos;: {&apos;3_generic&apos;: [$&lt;read_dataframe_from_xls&gt; =&gt; &lt;single_row_or_col_df_to_dict&gt; -&gt; &lt;dict_to_object&gt;$]},
 &apos;.xlsm&apos;: {&apos;3_generic&apos;: [$&lt;read_dataframe_from_xls&gt; =&gt; &lt;single_row_or_col_df_to_dict&gt; -&gt; &lt;dict_to_object&gt;$]},
 &apos;.xlsx&apos;: {&apos;3_generic&apos;: [$&lt;read_dataframe_from_xls&gt; =&gt; &lt;single_row_or_col_df_to_dict&gt; -&gt; &lt;dict_to_object&gt;$]},
 &apos;.yaml&apos;: {&apos;3_generic&apos;: [&lt;read_object_from_yaml&gt;,
                         $&lt;read_collection_from_yaml&gt; =&gt; &lt;dict_to_object&gt;$]},
 &apos;.yml&apos;: {&apos;3_generic&apos;: [&lt;read_object_from_yaml&gt;,
                        $&lt;read_collection_from_yaml&gt; =&gt; &lt;dict_to_object&gt;$]},
 &apos;&lt;multifile&gt;&apos;: {&apos;3_generic&apos;: [Multifile Object parser (parsyfiles defaults)]}}
SUCCESS parsed [/home/travis/build/smarie/python-parsyfiles/parsyfiles/tests/demo/./complex_objects_flat/case1--expected_results.txt] as a [DataFrame] successfully. Parser used was [&lt;read_df_or_series_from_csv&gt;]
SUCCESS parsed [/home/travis/build/smarie/python-parsyfiles/parsyfiles/tests/demo/./complex_objects_flat/case1--x.csv] as a [DataFrame] successfully. Parser used was [&lt;read_df_or_series_from_csv&gt;]
SUCCESS parsed [/home/travis/build/smarie/python-parsyfiles/parsyfiles/tests/demo/./complex_objects_flat/case1--y.txt] as a [DataFrame] successfully. Parser used was [&lt;read_df_or_series_from_csv&gt;]
SUCCESS parsed [/home/travis/build/smarie/python-parsyfiles/parsyfiles/tests/demo/./complex_objects_flat/case2--expected_results.txt] as a [DataFrame] successfully. Parser used was [&lt;read_df_or_series_from_csv&gt;]
SUCCESS parsed [/home/travis/build/smarie/python-parsyfiles/parsyfiles/tests/demo/./complex_objects_flat/case2--x.csv] as a [DataFrame] successfully. Parser used was [&lt;read_df_or_series_from_csv&gt;]
SUCCESS parsed [/home/travis/build/smarie/python-parsyfiles/parsyfiles/tests/demo/./complex_objects_flat/case2--y.txt] as a [DataFrame] successfully. Parser used was [&lt;read_df_or_series_from_csv&gt;]
SUCCESS parsed [/home/travis/build/smarie/python-parsyfiles/parsyfiles/tests/demo/./complex_objects_flat] as a [Dict[str, DataFrame]] successfully. Parser used was [Multifile Collection parser (parsyfiles defaults)]

OrderedDict([(&apos;case1--expected_results&apos;,   score = 5.0
0  perf = 2.1),
             (&apos;case1--x&apos;,
                          t       v
0  2000-01-01     bug
1  2000-01-02  normal),
             (&apos;case1--y&apos;,   foo_param = &quot;foo&quot;
0   bar_param = 2.0),
             (&apos;case2--expected_results&apos;,   score = 5.0
0  perf = 2.1),
             (&apos;case2--x&apos;,   2000-01-05 2000-01-06
0        foo        bar),
             (&apos;case2--y&apos;,   foo_param = &quot;bar&quot;
0     bar_param = 2)])
</system-out></testcase><testcase classname="parsyfiles.tests.demo.test_parsyfiles_readme.DemoTests" file="parsyfiles/tests/demo/test_parsyfiles_readme.py" line="360" name="test_parse_subclass_of_known_with_custom_converter" time="0.08488345146179199"><system-out>SUCCESS parsed [/home/travis/build/smarie/python-parsyfiles/parsyfiles/tests/demo/./ts_collection/a.csv] as a [TimeSeries] successfully. Parser used was [$&lt;read_df_or_series_from_csv&gt; =&gt; &lt;df_to_ts&gt;$]
SUCCESS parsed [/home/travis/build/smarie/python-parsyfiles/parsyfiles/tests/demo/./ts_collection/b.txt] as a [TimeSeries] successfully. Parser used was [$&lt;read_df_or_series_from_csv&gt; =&gt; &lt;df_to_ts&gt;$]
SUCCESS parsed [/home/travis/build/smarie/python-parsyfiles/parsyfiles/tests/demo/./ts_collection/c.xlsx] as a [TimeSeries] successfully. Parser used was [$&lt;read_dataframe_from_xls&gt; =&gt; &lt;df_to_ts&gt;$]
SUCCESS parsed [/home/travis/build/smarie/python-parsyfiles/parsyfiles/tests/demo/./ts_collection] as a [Dict[str, TimeSeries]] successfully. Parser used was [Multifile Collection parser (parsyfiles defaults)]

</system-out></testcase><testcase classname="parsyfiles.tests.demo.test_parsyfiles_readme.DemoTests" file="parsyfiles/tests/demo/test_parsyfiles_readme.py" line="428" name="test_parse_with_custom_parser" time="0.03340411186218262"><system-out>SUCCESS parsed [/home/travis/build/smarie/python-parsyfiles/parsyfiles/tests/demo/./xml_collection/a.xml] as a [ElementTree] successfully. Parser used was [&lt;read_xml&gt;]
SUCCESS parsed [/home/travis/build/smarie/python-parsyfiles/parsyfiles/tests/demo/./xml_collection/b.xml] as a [ElementTree] successfully. Parser used was [&lt;read_xml&gt;]
SUCCESS parsed [/home/travis/build/smarie/python-parsyfiles/parsyfiles/tests/demo/./xml_collection] as a [Dict[str, ElementTree]] successfully. Parser used was [Multifile Collection parser (parsyfiles defaults)]

{&apos;a&apos;: b&apos;&lt;a&gt;\n\t&lt;hello /&gt;\n&lt;/a&gt;&apos;, &apos;b&apos;: b&apos;&lt;a&gt;\n\t&lt;hello /&gt;\n&lt;/a&gt;&apos;}
</system-out></testcase><testcase classname="parsyfiles.tests.demo.test_parsyfiles_readme.DemoTests" file="parsyfiles/tests/demo/test_parsyfiles_readme.py" line="328" name="test_pass_parser_options" time="0.13697242736816406"><system-out>Parser id for csv is : read_df_or_series_from_csv, implementing function is &lt;function read_df_or_series_from_csv at 0x7f05a73610d0&gt;
option hints : read_df_or_series_from_csv: all options from read_csv are supported, see http://pandas.pydata.org/pandas-docs/stable/generated/pandas.read_csv.html
Parser id for csv is : read_dataframe_from_xls, implementing function is &lt;function read_dataframe_from_xls at 0x7f05a84d7d08&gt;
option hints : read_dataframe_from_xls: all options from read_excel are supported, see http://pandas.pydata.org/pandas-docs/stable/generated/pandas.read_excel.html
SUCCESS parsed [/home/travis/build/smarie/python-parsyfiles/parsyfiles/tests/demo/./ts_collection/a.csv] as a [DataFrame] successfully. Parser used was [&lt;read_df_or_series_from_csv&gt;]
SUCCESS parsed [/home/travis/build/smarie/python-parsyfiles/parsyfiles/tests/demo/./ts_collection/b.txt] as a [DataFrame] successfully. Parser used was [&lt;read_df_or_series_from_csv&gt;]
SUCCESS parsed [/home/travis/build/smarie/python-parsyfiles/parsyfiles/tests/demo/./ts_collection/c.xlsx] as a [DataFrame] successfully. Parser used was [&lt;read_dataframe_from_xls&gt;]
SUCCESS parsed [/home/travis/build/smarie/python-parsyfiles/parsyfiles/tests/demo/./ts_collection] as a [Dict[str, DataFrame]] successfully. Parser used was [Multifile Collection parser (parsyfiles defaults)]

OrderedDict([(&apos;a&apos;,                      a  b  c  d
time                           
2015-08-28 23:30:00  1  2  3  4
2015-08-29 00:00:00  1  2  3  5), (&apos;b&apos;,                      a  b  c  d
time                           
2015-08-28 23:30:00  1  2  3  4
2015-08-29 00:00:00  1  2  3  5), (&apos;c&apos;,             a  b
date            
2015-01-01  1  2
2015-01-02  4  3)])
</system-out></testcase><testcase classname="parsyfiles.tests.demo.test_parsyfiles_readme.DemoTests" file="parsyfiles/tests/demo/test_parsyfiles_readme.py" line="44" name="test_simple_collection" time="0.23655986785888672"><system-out>SUCCESS parsed [/home/travis/build/smarie/python-parsyfiles/parsyfiles/tests/demo/./simple_collection/a.csv] as a [DataFrame] successfully. Parser used was [&lt;read_df_or_series_from_csv&gt;]
SUCCESS parsed [/home/travis/build/smarie/python-parsyfiles/parsyfiles/tests/demo/./simple_collection/b.txt] as a [DataFrame] successfully. Parser used was [&lt;read_df_or_series_from_csv&gt;]
SUCCESS parsed [/home/travis/build/smarie/python-parsyfiles/parsyfiles/tests/demo/./simple_collection/c.xls] as a [DataFrame] successfully. Parser used was [&lt;read_dataframe_from_xls&gt;]
SUCCESS parsed [/home/travis/build/smarie/python-parsyfiles/parsyfiles/tests/demo/./simple_collection/d.xlsx] as a [DataFrame] successfully. Parser used was [&lt;read_dataframe_from_xls&gt;]
SUCCESS parsed [/home/travis/build/smarie/python-parsyfiles/parsyfiles/tests/demo/./simple_collection/e.xlsm] as a [DataFrame] successfully. Parser used was [&lt;read_dataframe_from_xls&gt;]
SUCCESS parsed [/home/travis/build/smarie/python-parsyfiles/parsyfiles/tests/demo/./simple_collection] as a [Dict[str, DataFrame]] successfully. Parser used was [Multifile Collection parser (parsyfiles defaults)]

OrderedDict([(&apos;a&apos;,    a  b  c  d
0  1  2  3  4),
             (&apos;b&apos;,    a  b  c  d
0  1  2  3  4),
             (&apos;c&apos;,    c   5
0  d   8
1  e  12
2  f   3),
             (&apos;d&apos;,    c   5
0  d   8
1  e  12
2  f   3),
             (&apos;e&apos;,    c   5
0  d   8
1  e  12
2  f   3)])
SUCCESS parsed [/home/travis/build/smarie/python-parsyfiles/parsyfiles/tests/demo/./simple_collection/c.xls] as a [DataFrame] successfully. Parser used was [&lt;read_dataframe_from_xls&gt;]

   c   5
0  d   8
1  e  12
2  f   3
{&apos;.cfg&apos;: {&apos;1_exact_match&apos;: [$&lt;read_config&gt; =&gt; &lt;merge_all_config_sections_into_a_single_dict&gt; -&gt; &lt;dict_to_df&gt;$,
                            $&lt;read_config&gt; =&gt; &lt;config_to_dict_of_dict&gt; -&gt; &lt;dict_to_df&gt;$]},
 &apos;.csv&apos;: {&apos;1_exact_match&apos;: [&lt;read_df_or_series_from_csv&gt;]},
 &apos;.ini&apos;: {&apos;1_exact_match&apos;: [$&lt;read_config&gt; =&gt; &lt;merge_all_config_sections_into_a_single_dict&gt; -&gt; &lt;dict_to_df&gt;$,
                            $&lt;read_config&gt; =&gt; &lt;config_to_dict_of_dict&gt; -&gt; &lt;dict_to_df&gt;$]},
 &apos;.json&apos;: {&apos;1_exact_match&apos;: [$&lt;read_dict_or_list_from_json&gt; =&gt; &lt;dict_to_df&gt;$]},
 &apos;.properties&apos;: {&apos;1_exact_match&apos;: [$&lt;read_dict_from_properties&gt; =&gt; &lt;dict_to_df&gt;$]},
 &apos;.pyc&apos;: {&apos;1_exact_match&apos;: [$&lt;read_object_from_pickle&gt; =&gt; &lt;dict_to_df&gt;$,
                            $&lt;read_object_from_pickle&gt; =&gt; &lt;merge_all_config_sections_into_a_single_dict&gt; -&gt; &lt;dict_to_df&gt;$,
                            $&lt;read_object_from_pickle&gt; =&gt; &lt;config_to_dict_of_dict&gt; -&gt; &lt;dict_to_df&gt;$],
          &apos;3_generic&apos;: [&lt;read_object_from_pickle&gt;]},
 &apos;.txt&apos;: {&apos;1_exact_match&apos;: [&lt;read_df_or_series_from_csv&gt;,
                            $&lt;read_dict_from_properties&gt; =&gt; &lt;dict_to_df&gt;$],
          &apos;3_generic&apos;: [$&lt;read_str_from_txt&gt; =&gt; &lt;constructor_with_str_arg&gt;$,
                        $&lt;read_str_from_txt&gt; =&gt; &lt;base64_ascii_str_pickle_to_object&gt;$]},
 &apos;.xls&apos;: {&apos;1_exact_match&apos;: [&lt;read_dataframe_from_xls&gt;]},
 &apos;.xlsm&apos;: {&apos;1_exact_match&apos;: [&lt;read_dataframe_from_xls&gt;]},
 &apos;.xlsx&apos;: {&apos;1_exact_match&apos;: [&lt;read_dataframe_from_xls&gt;]},
 &apos;.yaml&apos;: {&apos;1_exact_match&apos;: [$&lt;read_object_from_yaml&gt; =&gt; &lt;dict_to_df&gt;$,
                             $&lt;read_collection_from_yaml&gt; =&gt; &lt;dict_to_df&gt;$,
                             $&lt;read_object_from_yaml&gt; =&gt; &lt;merge_all_config_sections_into_a_single_dict&gt; -&gt; &lt;dict_to_df&gt;$,
                             $&lt;read_object_from_yaml&gt; =&gt; &lt;config_to_dict_of_dict&gt; -&gt; &lt;dict_to_df&gt;$],
           &apos;3_generic&apos;: [&lt;read_object_from_yaml&gt;]},
 &apos;.yml&apos;: {&apos;1_exact_match&apos;: [$&lt;read_object_from_yaml&gt; =&gt; &lt;dict_to_df&gt;$,
                            $&lt;read_collection_from_yaml&gt; =&gt; &lt;dict_to_df&gt;$,
                            $&lt;read_object_from_yaml&gt; =&gt; &lt;merge_all_config_sections_into_a_single_dict&gt; -&gt; &lt;dict_to_df&gt;$,
                            $&lt;read_object_from_yaml&gt; =&gt; &lt;config_to_dict_of_dict&gt; -&gt; &lt;dict_to_df&gt;$],
          &apos;3_generic&apos;: [&lt;read_object_from_yaml&gt;]},
 &apos;&lt;multifile&gt;&apos;: {}}
</system-out></testcase><testcase classname="parsyfiles.tests.demo.test_parsyfiles_readme.DemoTests" file="parsyfiles/tests/demo/test_parsyfiles_readme.py" line="318" name="test_simple_collection_dataframe_all" time="0.1470015048980713"><system-out>SUCCESS parsed [/home/travis/build/smarie/python-parsyfiles/parsyfiles/tests/demo/./simple_collection_dataframe_inference/a.csv] as a [DataFrame] successfully. Parser used was [&lt;read_df_or_series_from_csv&gt;]
SUCCESS parsed [/home/travis/build/smarie/python-parsyfiles/parsyfiles/tests/demo/./simple_collection_dataframe_inference/b.txt] as a [DataFrame] successfully. Parser used was [&lt;read_df_or_series_from_csv&gt;]
SUCCESS parsed [/home/travis/build/smarie/python-parsyfiles/parsyfiles/tests/demo/./simple_collection_dataframe_inference/c.xls] as a [DataFrame] successfully. Parser used was [&lt;read_dataframe_from_xls&gt;]
SUCCESS parsed [/home/travis/build/smarie/python-parsyfiles/parsyfiles/tests/demo/./simple_collection_dataframe_inference/d.xlsx] as a [DataFrame] successfully. Parser used was [&lt;read_dataframe_from_xls&gt;]
SUCCESS parsed [/home/travis/build/smarie/python-parsyfiles/parsyfiles/tests/demo/./simple_collection_dataframe_inference/s_b64_pickle.txt] as a [DataFrame] successfully. Parser used was [&lt;read_df_or_series_from_csv&gt;]
SUCCESS parsed [/home/travis/build/smarie/python-parsyfiles/parsyfiles/tests/demo/./simple_collection_dataframe_inference/u.json] as a [DataFrame] successfully. Parser used was [$&lt;read_dict_or_list_from_json&gt; =&gt; &lt;dict_to_df&gt;$]
SUCCESS parsed [/home/travis/build/smarie/python-parsyfiles/parsyfiles/tests/demo/./simple_collection_dataframe_inference/v_properties.txt] as a [DataFrame] successfully. Parser used was [&lt;read_df_or_series_from_csv&gt;]
SUCCESS parsed [/home/travis/build/smarie/python-parsyfiles/parsyfiles/tests/demo/./simple_collection_dataframe_inference/w.properties] as a [DataFrame] successfully. Parser used was [$&lt;read_dict_from_properties&gt; =&gt; &lt;dict_to_df&gt;$]
SUCCESS parsed [/home/travis/build/smarie/python-parsyfiles/parsyfiles/tests/demo/./simple_collection_dataframe_inference/x.yaml] as a [DataFrame] successfully. Parser used was [$&lt;read_object_from_yaml&gt; =&gt; &lt;dict_to_df&gt;$]
SUCCESS parsed [/home/travis/build/smarie/python-parsyfiles/parsyfiles/tests/demo/./simple_collection_dataframe_inference/y.cfg] as a [DataFrame] successfully. Parser used was [$&lt;read_config&gt; =&gt; &lt;merge_all_config_sections_into_a_single_dict&gt; -&gt; &lt;dict_to_df&gt;$]
SUCCESS parsed [/home/travis/build/smarie/python-parsyfiles/parsyfiles/tests/demo/./simple_collection_dataframe_inference/z.ini] as a [DataFrame] successfully. Parser used was [$&lt;read_config&gt; =&gt; &lt;merge_all_config_sections_into_a_single_dict&gt; -&gt; &lt;dict_to_df&gt;$]
SUCCESS parsed [/home/travis/build/smarie/python-parsyfiles/parsyfiles/tests/demo/./simple_collection_dataframe_inference] as a [Dict[str, DataFrame]] successfully. Parser used was [Multifile Collection parser (parsyfiles defaults)]

OrderedDict([(&apos;a&apos;,    a  b  c  d
0  1  2  3  4),
             (&apos;b&apos;,    a  b  c  d
0  1  2  3  4),
             (&apos;c&apos;, Empty DataFrame
Columns: []
Index: []),
             (&apos;d&apos;, Empty DataFrame
Columns: []
Index: []),
             (&apos;s_b64_pickle&apos;,
              Empty DataFrame
Columns: [gANjcGFuZGFzLmNvcmUuZnJhbWUKRGF0YUZyYW1lCnEAKYFxAX1xAihYCQAAAF9tZXRhZGF0YXEDXXEEWAQAAABfdHlwcQVYCQAAAGRhdGFmcmFtZXEGWAUAAABfZGF0YXEHY3BhbmRhcy5jb3JlLmludGVybmFscwpCbG9ja01hbmFnZXIKcQgpgXEJKF1xCihjcGFuZGFzLmluZGV4ZXMuYmFzZQpfbmV3X0luZGV4CnELY3BhbmRhcy5pbmRleGVzLmJhc2UKSW5kZXgKcQx9cQ0oWAQAAABkYXRhcQ5jbnVtcHkuY29yZS5tdWx0aWFycmF5Cl9yZWNvbnN0cnVjdApxD2NudW1weQpuZGFycmF5CnEQSwCFcRFDAWJxEodxE1JxFChLAUsChXEVY251bXB5CmR0eXBlCnEWWAIAAABPOHEXSwBLAYdxGFJxGShLA1gBAAAAfHEaTk5OSv////9K/////0s/dHEbYoldcRwoWAEAAABjcR1LBWV0cR5iWAQAAABuYW1lcR9OdYZxIFJxIWgLY3BhbmRhcy5pbmRleGVzLnJhbmdlClJhbmdlSW5kZXgKcSJ9cSMoWAUAAABzdGFydHEkSwBYBAAAAHN0ZXBxJUsBWAQAAABzdG9wcSZLA2gfTnWGcSdScShlXXEpKGgPaBBLAIVxKmgSh3ErUnEsKEsBSwFLA4ZxLWgWWAIAAABpOHEuSwBLAYdxL1JxMChLA1gBAAAAPHExTk5OSv////9K/////0sAdHEyYolDGAgAAAAAAAAADAAAAAAAAAADAAAAAAAAAHEzdHE0YmgPaBBLAIVxNWgSh3E2UnE3KEsBSwFLA4ZxOGgZiV1xOShYAQAAAGRxOlgBAAAAZXE7WAEAAABmcTxldHE9YmVdcT4oaAtoDH1xPyhoDmgPaBBLAIVxQGgSh3FBUnFCKEsBSwGFcUNoGYldcURLBWF0cUViaB9OdYZxRlJxR2gLaAx9cUgoaA5oD2gQSwCFcUloEodxSlJxSyhLAUsBhXFMaBmJXXFNaB1hdHFOYmgfTnWGcU9ScVBlfXFRWAYAAAAwLjE0LjFxUn1xUyhYBAAAAGF4ZXNxVGgKWAYAAABibG9ja3NxVV1xVih9cVcoWAYAAAB2YWx1ZXNxWGgsWAgAAABtZ3JfbG9jc3FZY2J1aWx0aW5zCnNsaWNlCnFaSwFLAksBh3FbUnFcdX1xXShoWGg3aFloWksASwFLAYdxXlJxX3VldXN0cWBidWIu]
Index: []),
             (&apos;u&apos;,    a  b  c  d
0  1  2  +  3),
             (&apos;v_properties&apos;,    a = 1
0  b = 1
1  c = +
2  d = 2),
             (&apos;w&apos;,    a  b  c  d
0  0  1  +  1),
             (&apos;x&apos;,    r  t  u  x
0  7  +  5  2),
             (&apos;y&apos;,    d  r  s  t
0  0  1  1  -),
             (&apos;z&apos;,     d  r  s  t
0  -1  0  1  -)])
</system-out></testcase><testcase classname="parsyfiles.tests.demo.test_parsyfiles_readme.DemoTests" file="parsyfiles/tests/demo/test_parsyfiles_readme.py" line="92" name="test_simple_collection_lazy" time="0.1085212230682373"><system-out>SUCCESS parsed [/home/travis/build/smarie/python-parsyfiles/parsyfiles/tests/demo/./simple_collection] as a [Dict[str, DataFrame]] successfully. Parser used was [Multifile Collection parser (parsyfiles defaults)]

dfs length : 5
dfs keys : odict_keys([&apos;a&apos;, &apos;b&apos;, &apos;c&apos;, &apos;d&apos;, &apos;e&apos;])
Is b in dfs : True
SUCCESS parsed [/home/travis/build/smarie/python-parsyfiles/parsyfiles/tests/demo/./simple_collection/b.txt] as a [DataFrame] successfully. Parser used was [&lt;read_df_or_series_from_csv&gt;]
   a  b  c  d
0  1  2  3  4
SUCCESS parsed [/home/travis/build/smarie/python-parsyfiles/parsyfiles/tests/demo/./simple_collection/a.csv] as a [DataFrame] successfully. Parser used was [&lt;read_df_or_series_from_csv&gt;]
   a  b  c  d
0  1  2  3  4
   a  b  c  d
0  1  2  3  4
SUCCESS parsed [/home/travis/build/smarie/python-parsyfiles/parsyfiles/tests/demo/./simple_collection/c.xls] as a [DataFrame] successfully. Parser used was [&lt;read_dataframe_from_xls&gt;]
   c   5
0  d   8
1  e  12
2  f   3
SUCCESS parsed [/home/travis/build/smarie/python-parsyfiles/parsyfiles/tests/demo/./simple_collection/d.xlsx] as a [DataFrame] successfully. Parser used was [&lt;read_dataframe_from_xls&gt;]
   c   5
0  d   8
1  e  12
2  f   3
SUCCESS parsed [/home/travis/build/smarie/python-parsyfiles/parsyfiles/tests/demo/./simple_collection/e.xlsm] as a [DataFrame] successfully. Parser used was [&lt;read_dataframe_from_xls&gt;]
   c   5
0  d   8
1  e  12
2  f   3
   a  b  c  d
0  1  2  3  4
   a  b  c  d
0  1  2  3  4
   c   5
0  d   8
1  e  12
2  f   3
   c   5
0  d   8
1  e  12
2  f   3
   c   5
0  d   8
1  e  12
2  f   3
{&apos;a&apos;:    a  b  c  d
0  1  2  3  4,
 &apos;b&apos;:    a  b  c  d
0  1  2  3  4,
 &apos;c&apos;:    c   5
0  d   8
1  e  12
2  f   3,
 &apos;d&apos;:    c   5
0  d   8
1  e  12
2  f   3,
 &apos;e&apos;:    c   5
0  d   8
1  e  12
2  f   3}
</system-out></testcase><testcase classname="parsyfiles.tests.demo.test_parsyfiles_readme.DemoTests" file="parsyfiles/tests/demo/test_parsyfiles_readme.py" line="73" name="test_simple_collection_nologs" time="0.12807512283325195"><system-out>OrderedDict([(&apos;a&apos;,    a  b  c  d
0  1  2  3  4),
             (&apos;b&apos;,    a  b  c  d
0  1  2  3  4),
             (&apos;c&apos;,    c   5
0  d   8
1  e  12
2  f   3),
             (&apos;d&apos;,    c   5
0  d   8
1  e  12
2  f   3),
             (&apos;e&apos;,    c   5
0  d   8
1  e  12
2  f   3)])
   c   5
0  d   8
1  e  12
2  f   3
</system-out></testcase><testcase classname="parsyfiles.tests.demo.test_parsyfiles_readme.DemoTests" file="parsyfiles/tests/demo/test_parsyfiles_readme.py" line="58" name="test_simple_collection_set_list_tuple" time="0.14550089836120605"><system-out>SUCCESS parsed [/home/travis/build/smarie/python-parsyfiles/parsyfiles/tests/demo/./simple_collection/a.csv] as a [DataFrame] successfully. Parser used was [&lt;read_df_or_series_from_csv&gt;]
SUCCESS parsed [/home/travis/build/smarie/python-parsyfiles/parsyfiles/tests/demo/./simple_collection/b.txt] as a [DataFrame] successfully. Parser used was [&lt;read_df_or_series_from_csv&gt;]
SUCCESS parsed [/home/travis/build/smarie/python-parsyfiles/parsyfiles/tests/demo/./simple_collection/c.xls] as a [DataFrame] successfully. Parser used was [&lt;read_dataframe_from_xls&gt;]
SUCCESS parsed [/home/travis/build/smarie/python-parsyfiles/parsyfiles/tests/demo/./simple_collection/d.xlsx] as a [DataFrame] successfully. Parser used was [&lt;read_dataframe_from_xls&gt;]
SUCCESS parsed [/home/travis/build/smarie/python-parsyfiles/parsyfiles/tests/demo/./simple_collection/e.xlsm] as a [DataFrame] successfully. Parser used was [&lt;read_dataframe_from_xls&gt;]
SUCCESS parsed [/home/travis/build/smarie/python-parsyfiles/parsyfiles/tests/demo/./simple_collection] as a [List[DataFrame]] successfully. Parser used was [Multifile Collection parser (parsyfiles defaults)]

[   a  b  c  d
0  1  2  3  4,    a  b  c  d
0  1  2  3  4,    c   5
0  d   8
1  e  12
2  f   3,    c   5
0  d   8
1  e  12
2  f   3,    c   5
0  d   8
1  e  12
2  f   3]
SUCCESS parsed [/home/travis/build/smarie/python-parsyfiles/parsyfiles/tests/demo/./simple_collection/a.csv] as a [DataFrame] successfully. Parser used was [&lt;read_df_or_series_from_csv&gt;]
SUCCESS parsed [/home/travis/build/smarie/python-parsyfiles/parsyfiles/tests/demo/./simple_collection/b.txt] as a [DataFrame] successfully. Parser used was [&lt;read_df_or_series_from_csv&gt;]
SUCCESS parsed [/home/travis/build/smarie/python-parsyfiles/parsyfiles/tests/demo/./simple_collection/c.xls] as a [DataFrame] successfully. Parser used was [&lt;read_dataframe_from_xls&gt;]
SUCCESS parsed [/home/travis/build/smarie/python-parsyfiles/parsyfiles/tests/demo/./simple_collection/d.xlsx] as a [DataFrame] successfully. Parser used was [&lt;read_dataframe_from_xls&gt;]
SUCCESS parsed [/home/travis/build/smarie/python-parsyfiles/parsyfiles/tests/demo/./simple_collection/e.xlsm] as a [DataFrame] successfully. Parser used was [&lt;read_dataframe_from_xls&gt;]
SUCCESS parsed [/home/travis/build/smarie/python-parsyfiles/parsyfiles/tests/demo/./simple_collection] as a [Tuple[DataFrame, DataFrame, DataFrame, DataFrame, DataFrame]] successfully. Parser used was [Multifile Collection parser (parsyfiles defaults)]

(   a  b  c  d
0  1  2  3  4,    a  b  c  d
0  1  2  3  4,    c   5
0  d   8
1  e  12
2  f   3,    c   5
0  d   8
1  e  12
2  f   3,    c   5
0  d   8
1  e  12
2  f   3)
</system-out></testcase><testcase classname="parsyfiles.tests.demo.test_parsyfiles_readme.DemoTests" file="parsyfiles/tests/demo/test_parsyfiles_readme.py" line="253" name="test_simple_object_with_contract_attrs" time="0.08004450798034668"><system-out>ERROR while parsing [/home/travis/build/smarie/python-parsyfiles/parsyfiles/tests/demo/./simple_objects/test_diff_1.cfg] into a [ExecOpTest] using [$&lt;read_config&gt; =&gt; &lt;merge_all_config_sections_into_a_single_dict&gt; -&gt; &lt;dict_to_object&gt;$]. Set log level to DEBUG for details
Rebuilding local parsing plan with next candidate parser: $&lt;read_config&gt; =&gt; &lt;config_to_dict_of_dict&gt; -&gt; &lt;dict_of_dict_to_object&gt;$
DONE Rebuilding local parsing plan for [/home/travis/build/smarie/python-parsyfiles/parsyfiles/tests/demo/./simple_objects/test_diff_1.cfg]. Resuming parsing...
ERROR while parsing [/home/travis/build/smarie/python-parsyfiles/parsyfiles/tests/demo/./simple_objects/test_diff_1.cfg] into a [ExecOpTest] using [$&lt;read_config&gt; =&gt; &lt;config_to_dict_of_dict&gt; -&gt; &lt;dict_of_dict_to_object&gt;$]. Set log level to DEBUG for details
Rebuilding local parsing plan with next candidate parser: $&lt;read_config&gt; =&gt; &lt;config_to_dict_of_dict&gt; -&gt; &lt;dict_to_object&gt;$
DONE Rebuilding local parsing plan for [/home/travis/build/smarie/python-parsyfiles/parsyfiles/tests/demo/./simple_objects/test_diff_1.cfg]. Resuming parsing...
ERROR while parsing [/home/travis/build/smarie/python-parsyfiles/parsyfiles/tests/demo/./simple_objects/test_diff_1.cfg] into a [ExecOpTest] using [$&lt;read_config&gt; =&gt; &lt;config_to_dict_of_dict&gt; -&gt; &lt;dict_to_object&gt;$]. Set log level to DEBUG for details
</system-out></testcase><testcase classname="parsyfiles.tests.demo.test_parsyfiles_readme.DemoTests" file="parsyfiles/tests/demo/test_parsyfiles_readme.py" line="213" name="test_simple_object_with_contract_autoclass_enforce" time="0.07494425773620605"><system-out>ERROR while parsing [/home/travis/build/smarie/python-parsyfiles/parsyfiles/tests/demo/./simple_objects/test_diff_1.cfg] into a [ExecOpTest] using [$&lt;read_config&gt; =&gt; &lt;merge_all_config_sections_into_a_single_dict&gt; -&gt; &lt;dict_to_object&gt;$]. Set log level to DEBUG for details
Rebuilding local parsing plan with next candidate parser: $&lt;read_config&gt; =&gt; &lt;config_to_dict_of_dict&gt; -&gt; &lt;dict_of_dict_to_object&gt;$
DONE Rebuilding local parsing plan for [/home/travis/build/smarie/python-parsyfiles/parsyfiles/tests/demo/./simple_objects/test_diff_1.cfg]. Resuming parsing...
ERROR while parsing [/home/travis/build/smarie/python-parsyfiles/parsyfiles/tests/demo/./simple_objects/test_diff_1.cfg] into a [ExecOpTest] using [$&lt;read_config&gt; =&gt; &lt;config_to_dict_of_dict&gt; -&gt; &lt;dict_of_dict_to_object&gt;$]. Set log level to DEBUG for details
Rebuilding local parsing plan with next candidate parser: $&lt;read_config&gt; =&gt; &lt;config_to_dict_of_dict&gt; -&gt; &lt;dict_to_object&gt;$
DONE Rebuilding local parsing plan for [/home/travis/build/smarie/python-parsyfiles/parsyfiles/tests/demo/./simple_objects/test_diff_1.cfg]. Resuming parsing...
ERROR while parsing [/home/travis/build/smarie/python-parsyfiles/parsyfiles/tests/demo/./simple_objects/test_diff_1.cfg] into a [ExecOpTest] using [$&lt;read_config&gt; =&gt; &lt;config_to_dict_of_dict&gt; -&gt; &lt;dict_to_object&gt;$]. Set log level to DEBUG for details
</system-out></testcase><testcase classname="parsyfiles.tests.demo.test_parsyfiles_readme.DemoTests" file="parsyfiles/tests/demo/test_parsyfiles_readme.py" line="180" name="test_simple_object_with_contract_autoclass_pycontract" time="0.3201014995574951"><system-out>ERROR while parsing [/home/travis/build/smarie/python-parsyfiles/parsyfiles/tests/demo/./simple_objects/test_diff_1.cfg] into a [ExecOpTest] using [$&lt;read_config&gt; =&gt; &lt;merge_all_config_sections_into_a_single_dict&gt; -&gt; &lt;dict_to_object&gt;$]. Set log level to DEBUG for details
Rebuilding local parsing plan with next candidate parser: $&lt;read_config&gt; =&gt; &lt;config_to_dict_of_dict&gt; -&gt; &lt;dict_of_dict_to_object&gt;$
DONE Rebuilding local parsing plan for [/home/travis/build/smarie/python-parsyfiles/parsyfiles/tests/demo/./simple_objects/test_diff_1.cfg]. Resuming parsing...
ERROR while parsing [/home/travis/build/smarie/python-parsyfiles/parsyfiles/tests/demo/./simple_objects/test_diff_1.cfg] into a [ExecOpTest] using [$&lt;read_config&gt; =&gt; &lt;config_to_dict_of_dict&gt; -&gt; &lt;dict_of_dict_to_object&gt;$]. Set log level to DEBUG for details
Rebuilding local parsing plan with next candidate parser: $&lt;read_config&gt; =&gt; &lt;config_to_dict_of_dict&gt; -&gt; &lt;dict_to_object&gt;$
DONE Rebuilding local parsing plan for [/home/travis/build/smarie/python-parsyfiles/parsyfiles/tests/demo/./simple_objects/test_diff_1.cfg]. Resuming parsing...
ERROR while parsing [/home/travis/build/smarie/python-parsyfiles/parsyfiles/tests/demo/./simple_objects/test_diff_1.cfg] into a [ExecOpTest] using [$&lt;read_config&gt; =&gt; &lt;config_to_dict_of_dict&gt; -&gt; &lt;dict_to_object&gt;$]. Set log level to DEBUG for details
</system-out></testcase><testcase classname="parsyfiles.tests.demo.test_parsyfiles_readme.DemoTests" file="parsyfiles/tests/demo/test_parsyfiles_readme.py" line="133" name="test_simple_objects" time="0.39016127586364746"><system-out>SUCCESS parsed [/home/travis/build/smarie/python-parsyfiles/parsyfiles/tests/demo/./simple_objects/test_diff_1.cfg] as a [Dict] successfully. Parser used was [$&lt;read_config&gt; =&gt; &lt;merge_all_config_sections_into_a_single_dict&gt;$]
SUCCESS parsed [/home/travis/build/smarie/python-parsyfiles/parsyfiles/tests/demo/./simple_objects/test_diff_2.ini] as a [Dict] successfully. Parser used was [$&lt;read_config&gt; =&gt; &lt;merge_all_config_sections_into_a_single_dict&gt;$]
SUCCESS parsed [/home/travis/build/smarie/python-parsyfiles/parsyfiles/tests/demo/./simple_objects/test_diff_3_csv_format.txt] as a [Dict] successfully. Parser used was [&lt;read_dict_from_properties&gt;]
SUCCESS parsed [/home/travis/build/smarie/python-parsyfiles/parsyfiles/tests/demo/./simple_objects/test_diff_4_csv_format2.txt] as a [Dict] successfully. Parser used was [&lt;read_dict_from_properties&gt;]
SUCCESS parsed [/home/travis/build/smarie/python-parsyfiles/parsyfiles/tests/demo/./simple_objects/test_sum_1.json] as a [Dict] successfully. Parser used was [&lt;read_dict_or_list_from_json&gt;]
SUCCESS parsed [/home/travis/build/smarie/python-parsyfiles/parsyfiles/tests/demo/./simple_objects/test_sum_2.properties] as a [Dict] successfully. Parser used was [&lt;read_dict_from_properties&gt;]
SUCCESS parsed [/home/travis/build/smarie/python-parsyfiles/parsyfiles/tests/demo/./simple_objects/test_sum_3_properties_format.txt] as a [Dict] successfully. Parser used was [&lt;read_dict_from_properties&gt;]
SUCCESS parsed [/home/travis/build/smarie/python-parsyfiles/parsyfiles/tests/demo/./simple_objects/test_sum_4.yaml] as a [Dict] successfully. Parser used was [&lt;read_collection_from_yaml&gt;]
SUCCESS parsed [/home/travis/build/smarie/python-parsyfiles/parsyfiles/tests/demo/./simple_objects/test_sum_5.xls] as a [Dict] successfully. Parser used was [$&lt;read_dataframe_from_xls&gt; =&gt; &lt;single_row_or_col_df_to_dict&gt;$]
SUCCESS parsed [/home/travis/build/smarie/python-parsyfiles/parsyfiles/tests/demo/./simple_objects/test_sum_6.xlsx] as a [Dict] successfully. Parser used was [$&lt;read_dataframe_from_xls&gt; =&gt; &lt;single_row_or_col_df_to_dict&gt;$]
SUCCESS parsed [/home/travis/build/smarie/python-parsyfiles/parsyfiles/tests/demo/./simple_objects/test_sum_7.xlsm] as a [Dict] successfully. Parser used was [$&lt;read_dataframe_from_xls&gt; =&gt; &lt;single_row_or_col_df_to_dict&gt;$]
SUCCESS parsed [/home/travis/build/smarie/python-parsyfiles/parsyfiles/tests/demo/./simple_objects] as a [Dict[str, Dict]] successfully. Parser used was [Multifile Collection parser (parsyfiles defaults)]

SUCCESS parsed [/home/travis/build/smarie/python-parsyfiles/parsyfiles/tests/demo/./simple_objects/test_diff_1.cfg] as a [ExecOpTest] successfully. Parser used was [$&lt;read_config&gt; =&gt; &lt;merge_all_config_sections_into_a_single_dict&gt; -&gt; &lt;dict_to_object&gt;$]
SUCCESS parsed [/home/travis/build/smarie/python-parsyfiles/parsyfiles/tests/demo/./simple_objects/test_diff_2.ini] as a [ExecOpTest] successfully. Parser used was [$&lt;read_config&gt; =&gt; &lt;merge_all_config_sections_into_a_single_dict&gt; -&gt; &lt;dict_to_object&gt;$]
ERROR while parsing [/home/travis/build/smarie/python-parsyfiles/parsyfiles/tests/demo/./simple_objects/test_diff_3_csv_format.txt] into a [ExecOpTest] using [$&lt;read_dict_from_properties&gt; =&gt; &lt;dict_to_object&gt;$]. Set log level to DEBUG for details
Rebuilding local parsing plan with next candidate parser: $&lt;read_str_from_txt&gt; =&gt; &lt;constructor_with_str_arg&gt;$
DONE Rebuilding local parsing plan for [/home/travis/build/smarie/python-parsyfiles/parsyfiles/tests/demo/./simple_objects/test_diff_3_csv_format.txt]. Resuming parsing...
ERROR while parsing [/home/travis/build/smarie/python-parsyfiles/parsyfiles/tests/demo/./simple_objects/test_diff_3_csv_format.txt] into a [ExecOpTest] using [$&lt;read_str_from_txt&gt; =&gt; &lt;constructor_with_str_arg&gt;$]. Set log level to DEBUG for details
Rebuilding local parsing plan with next candidate parser: $&lt;read_str_from_txt&gt; =&gt; &lt;base64_ascii_str_pickle_to_object&gt;$
DONE Rebuilding local parsing plan for [/home/travis/build/smarie/python-parsyfiles/parsyfiles/tests/demo/./simple_objects/test_diff_3_csv_format.txt]. Resuming parsing...
ERROR while parsing [/home/travis/build/smarie/python-parsyfiles/parsyfiles/tests/demo/./simple_objects/test_diff_3_csv_format.txt] into a [ExecOpTest] using [$&lt;read_str_from_txt&gt; =&gt; &lt;base64_ascii_str_pickle_to_object&gt;$]. Set log level to DEBUG for details
Rebuilding local parsing plan with next candidate parser: $&lt;read_df_or_series_from_csv&gt; =&gt; &lt;single_row_or_col_df_to_dict&gt; -&gt; &lt;dict_to_object&gt;$
DONE Rebuilding local parsing plan for [/home/travis/build/smarie/python-parsyfiles/parsyfiles/tests/demo/./simple_objects/test_diff_3_csv_format.txt]. Resuming parsing...
SUCCESS parsed [/home/travis/build/smarie/python-parsyfiles/parsyfiles/tests/demo/./simple_objects/test_diff_3_csv_format.txt] as a [ExecOpTest] successfully. Parser used was [$&lt;read_df_or_series_from_csv&gt; =&gt; &lt;single_row_or_col_df_to_dict&gt; -&gt; &lt;dict_to_object&gt;$]
ERROR while parsing [/home/travis/build/smarie/python-parsyfiles/parsyfiles/tests/demo/./simple_objects/test_diff_4_csv_format2.txt] into a [ExecOpTest] using [$&lt;read_dict_from_properties&gt; =&gt; &lt;dict_to_object&gt;$]. Set log level to DEBUG for details
Rebuilding local parsing plan with next candidate parser: $&lt;read_str_from_txt&gt; =&gt; &lt;constructor_with_str_arg&gt;$
DONE Rebuilding local parsing plan for [/home/travis/build/smarie/python-parsyfiles/parsyfiles/tests/demo/./simple_objects/test_diff_4_csv_format2.txt]. Resuming parsing...
ERROR while parsing [/home/travis/build/smarie/python-parsyfiles/parsyfiles/tests/demo/./simple_objects/test_diff_4_csv_format2.txt] into a [ExecOpTest] using [$&lt;read_str_from_txt&gt; =&gt; &lt;constructor_with_str_arg&gt;$]. Set log level to DEBUG for details
Rebuilding local parsing plan with next candidate parser: $&lt;read_str_from_txt&gt; =&gt; &lt;base64_ascii_str_pickle_to_object&gt;$
DONE Rebuilding local parsing plan for [/home/travis/build/smarie/python-parsyfiles/parsyfiles/tests/demo/./simple_objects/test_diff_4_csv_format2.txt]. Resuming parsing...
ERROR while parsing [/home/travis/build/smarie/python-parsyfiles/parsyfiles/tests/demo/./simple_objects/test_diff_4_csv_format2.txt] into a [ExecOpTest] using [$&lt;read_str_from_txt&gt; =&gt; &lt;base64_ascii_str_pickle_to_object&gt;$]. Set log level to DEBUG for details
Rebuilding local parsing plan with next candidate parser: $&lt;read_df_or_series_from_csv&gt; =&gt; &lt;single_row_or_col_df_to_dict&gt; -&gt; &lt;dict_to_object&gt;$
DONE Rebuilding local parsing plan for [/home/travis/build/smarie/python-parsyfiles/parsyfiles/tests/demo/./simple_objects/test_diff_4_csv_format2.txt]. Resuming parsing...
SUCCESS parsed [/home/travis/build/smarie/python-parsyfiles/parsyfiles/tests/demo/./simple_objects/test_diff_4_csv_format2.txt] as a [ExecOpTest] successfully. Parser used was [$&lt;read_df_or_series_from_csv&gt; =&gt; &lt;single_row_or_col_df_to_dict&gt; -&gt; &lt;dict_to_object&gt;$]
SUCCESS parsed [/home/travis/build/smarie/python-parsyfiles/parsyfiles/tests/demo/./simple_objects/test_sum_1.json] as a [ExecOpTest] successfully. Parser used was [$&lt;read_dict_or_list_from_json&gt; =&gt; &lt;dict_to_object&gt;$]
SUCCESS parsed [/home/travis/build/smarie/python-parsyfiles/parsyfiles/tests/demo/./simple_objects/test_sum_2.properties] as a [ExecOpTest] successfully. Parser used was [$&lt;read_dict_from_properties&gt; =&gt; &lt;dict_to_object&gt;$]
SUCCESS parsed [/home/travis/build/smarie/python-parsyfiles/parsyfiles/tests/demo/./simple_objects/test_sum_3_properties_format.txt] as a [ExecOpTest] successfully. Parser used was [$&lt;read_dict_from_properties&gt; =&gt; &lt;dict_to_object&gt;$]
ERROR while parsing [/home/travis/build/smarie/python-parsyfiles/parsyfiles/tests/demo/./simple_objects/test_sum_4.yaml] into a [ExecOpTest] using [&lt;read_object_from_yaml&gt;]. Set log level to DEBUG for details
Rebuilding local parsing plan with next candidate parser: $&lt;read_collection_from_yaml&gt; =&gt; &lt;dict_to_object&gt;$
DONE Rebuilding local parsing plan for [/home/travis/build/smarie/python-parsyfiles/parsyfiles/tests/demo/./simple_objects/test_sum_4.yaml]. Resuming parsing...
SUCCESS parsed [/home/travis/build/smarie/python-parsyfiles/parsyfiles/tests/demo/./simple_objects/test_sum_4.yaml] as a [ExecOpTest] successfully. Parser used was [$&lt;read_collection_from_yaml&gt; =&gt; &lt;dict_to_object&gt;$]
SUCCESS parsed [/home/travis/build/smarie/python-parsyfiles/parsyfiles/tests/demo/./simple_objects/test_sum_5.xls] as a [ExecOpTest] successfully. Parser used was [$&lt;read_dataframe_from_xls&gt; =&gt; &lt;single_row_or_col_df_to_dict&gt; -&gt; &lt;dict_to_object&gt;$]
SUCCESS parsed [/home/travis/build/smarie/python-parsyfiles/parsyfiles/tests/demo/./simple_objects/test_sum_6.xlsx] as a [ExecOpTest] successfully. Parser used was [$&lt;read_dataframe_from_xls&gt; =&gt; &lt;single_row_or_col_df_to_dict&gt; -&gt; &lt;dict_to_object&gt;$]
SUCCESS parsed [/home/travis/build/smarie/python-parsyfiles/parsyfiles/tests/demo/./simple_objects/test_sum_7.xlsm] as a [ExecOpTest] successfully. Parser used was [$&lt;read_dataframe_from_xls&gt; =&gt; &lt;single_row_or_col_df_to_dict&gt; -&gt; &lt;dict_to_object&gt;$]
SUCCESS parsed [/home/travis/build/smarie/python-parsyfiles/parsyfiles/tests/demo/./simple_objects] as a [Dict[str, ExecOpTest]] successfully. Parser used was [Multifile Collection parser (parsyfiles defaults)]

OrderedDict([(&apos;test_diff_1&apos;, 1.0 - 1.0 =? 0.0),
             (&apos;test_diff_2&apos;, 0.0 - 1.0 =? -1.0),
             (&apos;test_diff_3_csv_format&apos;, 5.0 - 4.0 =? 1.0),
             (&apos;test_diff_4_csv_format2&apos;, 4.0 - 4.0 =? 0.0),
             (&apos;test_sum_1&apos;, 1.0 + 2.0 =? 3.0),
             (&apos;test_sum_2&apos;, 0.0 + 1.0 =? 1.0),
             (&apos;test_sum_3_properties_format&apos;, 1.0 + 1.0 =? 2.0),
             (&apos;test_sum_4&apos;, 2.0 + 5.0 =? 7.0),
             (&apos;test_sum_5&apos;, 56.0 + 12.0 =? 68.0),
             (&apos;test_sum_6&apos;, 56.0 + 13.0 =? 69.0),
             (&apos;test_sum_7&apos;, 56.0 + 14.0 =? 70.0)])
{&apos;.cfg&apos;: {&apos;3_generic&apos;: [$&lt;read_config&gt; =&gt; &lt;merge_all_config_sections_into_a_single_dict&gt; -&gt; &lt;dict_to_object&gt;$,
                        $&lt;read_config&gt; =&gt; &lt;config_to_dict_of_dict&gt; -&gt; &lt;dict_of_dict_to_object&gt;$,
                        $&lt;read_config&gt; =&gt; &lt;config_to_dict_of_dict&gt; -&gt; &lt;dict_to_object&gt;$]},
 &apos;.csv&apos;: {&apos;3_generic&apos;: [$&lt;read_df_or_series_from_csv&gt; =&gt; &lt;single_row_or_col_df_to_dict&gt; -&gt; &lt;dict_to_object&gt;$]},
 &apos;.ini&apos;: {&apos;3_generic&apos;: [$&lt;read_config&gt; =&gt; &lt;merge_all_config_sections_into_a_single_dict&gt; -&gt; &lt;dict_to_object&gt;$,
                        $&lt;read_config&gt; =&gt; &lt;config_to_dict_of_dict&gt; -&gt; &lt;dict_of_dict_to_object&gt;$,
                        $&lt;read_config&gt; =&gt; &lt;config_to_dict_of_dict&gt; -&gt; &lt;dict_to_object&gt;$]},
 &apos;.json&apos;: {&apos;3_generic&apos;: [$&lt;read_dict_or_list_from_json&gt; =&gt; &lt;dict_to_object&gt;$]},
 &apos;.properties&apos;: {&apos;3_generic&apos;: [$&lt;read_dict_from_properties&gt; =&gt; &lt;dict_to_object&gt;$]},
 &apos;.pyc&apos;: {&apos;3_generic&apos;: [&lt;read_object_from_pickle&gt;]},
 &apos;.txt&apos;: {&apos;3_generic&apos;: [$&lt;read_dict_from_properties&gt; =&gt; &lt;dict_to_object&gt;$,
                        $&lt;read_str_from_txt&gt; =&gt; &lt;constructor_with_str_arg&gt;$,
                        $&lt;read_str_from_txt&gt; =&gt; &lt;base64_ascii_str_pickle_to_object&gt;$,
                        $&lt;read_df_or_series_from_csv&gt; =&gt; &lt;single_row_or_col_df_to_dict&gt; -&gt; &lt;dict_to_object&gt;$]},
 &apos;.xls&apos;: {&apos;3_generic&apos;: [$&lt;read_dataframe_from_xls&gt; =&gt; &lt;single_row_or_col_df_to_dict&gt; -&gt; &lt;dict_to_object&gt;$]},
 &apos;.xlsm&apos;: {&apos;3_generic&apos;: [$&lt;read_dataframe_from_xls&gt; =&gt; &lt;single_row_or_col_df_to_dict&gt; -&gt; &lt;dict_to_object&gt;$]},
 &apos;.xlsx&apos;: {&apos;3_generic&apos;: [$&lt;read_dataframe_from_xls&gt; =&gt; &lt;single_row_or_col_df_to_dict&gt; -&gt; &lt;dict_to_object&gt;$]},
 &apos;.yaml&apos;: {&apos;3_generic&apos;: [&lt;read_object_from_yaml&gt;,
                         $&lt;read_collection_from_yaml&gt; =&gt; &lt;dict_to_object&gt;$]},
 &apos;.yml&apos;: {&apos;3_generic&apos;: [&lt;read_object_from_yaml&gt;,
                        $&lt;read_collection_from_yaml&gt; =&gt; &lt;dict_to_object&gt;$]},
 &apos;&lt;multifile&gt;&apos;: {&apos;3_generic&apos;: [Multifile Object parser (parsyfiles defaults)]}}
</system-out></testcase><testcase classname="parsyfiles.tests.old.test_parsyfiles_old.MultifileAndCustomFunctionsTest" file="parsyfiles/tests/old/test_parsyfiles_old.py" line="71" name="test_list_object_with_folders" time="0.09857344627380371"><system-out>[setup]
Elapsed: 0.019448041915893555
WARNING parsing [/home/travis/build/smarie/python-parsyfiles/parsyfiles/tests/old/./custom_with_folders/item3] as a [MainFooBarItem]: optional constructor attribute [expected_perf] not found on file system. This may be normal - this message is displayed &apos;just in case&apos;.
SUCCESS parsed [/home/travis/build/smarie/python-parsyfiles/parsyfiles/tests/old/./custom_with_folders/item1/expected_out.txt] as a [Config] successfully. Parser used was [&lt;test_custom_read_config_from_config_file_stream&gt;]
SUCCESS parsed [/home/travis/build/smarie/python-parsyfiles/parsyfiles/tests/old/./custom_with_folders/item1/expected_perf.cfg] as a [Config] successfully. Parser used was [&lt;test_custom_read_config_from_config_file_stream&gt;]
SUCCESS parsed [/home/travis/build/smarie/python-parsyfiles/parsyfiles/tests/old/./custom_with_folders/item1/input_simple.txt] as a [OneLiner] successfully. Parser used was [&lt;test_custom_read_oneliner_from_txt_file_stream&gt;]
SUCCESS parsed [/home/travis/build/smarie/python-parsyfiles/parsyfiles/tests/old/./custom_with_folders/item1] as a [MainFooBarItem] successfully. Parser used was [Multifile Object parser (parsyfiles defaults)]
SUCCESS parsed [/home/travis/build/smarie/python-parsyfiles/parsyfiles/tests/old/./custom_with_folders/item2/expected_out.cfg] as a [Config] successfully. Parser used was [&lt;test_custom_read_config_from_config_file_stream&gt;]
SUCCESS parsed [/home/travis/build/smarie/python-parsyfiles/parsyfiles/tests/old/./custom_with_folders/item2/expected_perf.cfg] as a [Config] successfully. Parser used was [&lt;test_custom_read_config_from_config_file_stream&gt;]
SUCCESS parsed [/home/travis/build/smarie/python-parsyfiles/parsyfiles/tests/old/./custom_with_folders/item2/input_simple.txt] as a [OneLiner] successfully. Parser used was [&lt;test_custom_read_oneliner_from_txt_file_stream&gt;]
SUCCESS parsed [/home/travis/build/smarie/python-parsyfiles/parsyfiles/tests/old/./custom_with_folders/item2] as a [MainFooBarItem] successfully. Parser used was [Multifile Object parser (parsyfiles defaults)]
SUCCESS parsed [/home/travis/build/smarie/python-parsyfiles/parsyfiles/tests/old/./custom_with_folders/item3/expected_out.cfg] as a [Config] successfully. Parser used was [&lt;test_custom_read_config_from_config_file_stream&gt;]
SUCCESS parsed [/home/travis/build/smarie/python-parsyfiles/parsyfiles/tests/old/./custom_with_folders/item3/input_simple.txt] as a [OneLiner] successfully. Parser used was [&lt;test_custom_read_oneliner_from_txt_file_stream&gt;]
SUCCESS parsed [/home/travis/build/smarie/python-parsyfiles/parsyfiles/tests/old/./custom_with_folders/item3] as a [MainFooBarItem] successfully. Parser used was [Multifile Object parser (parsyfiles defaults)]
SUCCESS parsed [/home/travis/build/smarie/python-parsyfiles/parsyfiles/tests/old/./custom_with_folders] as a [List[MainFooBarItem]] successfully. Parser used was [Multifile Collection parser (parsyfiles defaults)]

[{&apos;input_simple&apos;: this content is really interesting, &apos;expected_out&apos;: &lt;test_parsyfiles_old.MultifileAndCustomFunctionsTest._create_root_parser.&lt;locals&gt;.Config object at 0x7f05a63d32e8&gt;, &apos;expected_perf&apos;: &lt;test_parsyfiles_old.MultifileAndCustomFunctionsTest._create_root_parser.&lt;locals&gt;.Config object at 0x7f05a63d35f8&gt;}, {&apos;input_simple&apos;: this content is really interesting, &apos;expected_out&apos;: &lt;test_parsyfiles_old.MultifileAndCustomFunctionsTest._create_root_parser.&lt;locals&gt;.Config object at 0x7f05a63d39b0&gt;, &apos;expected_perf&apos;: &lt;test_parsyfiles_old.MultifileAndCustomFunctionsTest._create_root_parser.&lt;locals&gt;.Config object at 0x7f05a63d3cf8&gt;}, {&apos;input_simple&apos;: this content is really interesting, &apos;expected_out&apos;: &lt;test_parsyfiles_old.MultifileAndCustomFunctionsTest._create_root_parser.&lt;locals&gt;.Config object at 0x7f05a63f4160&gt;, &apos;expected_perf&apos;: None}]
</system-out></testcase><testcase classname="parsyfiles.tests.old.test_parsyfiles_old.MultifileAndCustomFunctionsTest" file="parsyfiles/tests/old/test_parsyfiles_old.py" line="89" name="test_no_folders" time="0.0939493179321289"><system-out>[setup]
Elapsed: 0.019031286239624023
WARNING parsing [/home/travis/build/smarie/python-parsyfiles/parsyfiles/tests/old/./custom_without_folders/item3] as a [MainFooBarItem]: optional constructor attribute [expected_perf] not found on file system. This may be normal - this message is displayed &apos;just in case&apos;.
SUCCESS parsed [/home/travis/build/smarie/python-parsyfiles/parsyfiles/tests/old/./custom_without_folders/item1.expected_out.txt] as a [Config] successfully. Parser used was [&lt;test_custom_read_config_from_config_file_stream&gt;]
SUCCESS parsed [/home/travis/build/smarie/python-parsyfiles/parsyfiles/tests/old/./custom_without_folders/item1.expected_perf.cfg] as a [Config] successfully. Parser used was [&lt;test_custom_read_config_from_config_file_stream&gt;]
SUCCESS parsed [/home/travis/build/smarie/python-parsyfiles/parsyfiles/tests/old/./custom_without_folders/item1.input_simple.txt] as a [OneLiner] successfully. Parser used was [&lt;test_custom_read_oneliner_from_txt_file_stream&gt;]
SUCCESS parsed [/home/travis/build/smarie/python-parsyfiles/parsyfiles/tests/old/./custom_without_folders/item1] as a [MainFooBarItem] successfully. Parser used was [Multifile Object parser (parsyfiles defaults)]
SUCCESS parsed [/home/travis/build/smarie/python-parsyfiles/parsyfiles/tests/old/./custom_without_folders/item2.expected_out.cfg] as a [Config] successfully. Parser used was [&lt;test_custom_read_config_from_config_file_stream&gt;]
SUCCESS parsed [/home/travis/build/smarie/python-parsyfiles/parsyfiles/tests/old/./custom_without_folders/item2.expected_perf.cfg] as a [Config] successfully. Parser used was [&lt;test_custom_read_config_from_config_file_stream&gt;]
SUCCESS parsed [/home/travis/build/smarie/python-parsyfiles/parsyfiles/tests/old/./custom_without_folders/item2.input_simple.txt] as a [OneLiner] successfully. Parser used was [&lt;test_custom_read_oneliner_from_txt_file_stream&gt;]
SUCCESS parsed [/home/travis/build/smarie/python-parsyfiles/parsyfiles/tests/old/./custom_without_folders/item2] as a [MainFooBarItem] successfully. Parser used was [Multifile Object parser (parsyfiles defaults)]
SUCCESS parsed [/home/travis/build/smarie/python-parsyfiles/parsyfiles/tests/old/./custom_without_folders/item3.expected_out.cfg] as a [Config] successfully. Parser used was [&lt;test_custom_read_config_from_config_file_stream&gt;]
SUCCESS parsed [/home/travis/build/smarie/python-parsyfiles/parsyfiles/tests/old/./custom_without_folders/item3.input_simple.txt] as a [OneLiner] successfully. Parser used was [&lt;test_custom_read_oneliner_from_txt_file_stream&gt;]
SUCCESS parsed [/home/travis/build/smarie/python-parsyfiles/parsyfiles/tests/old/./custom_without_folders/item3] as a [MainFooBarItem] successfully. Parser used was [Multifile Object parser (parsyfiles defaults)]
SUCCESS parsed [/home/travis/build/smarie/python-parsyfiles/parsyfiles/tests/old/./custom_without_folders] as a [Dict[str, MainFooBarItem]] successfully. Parser used was [Multifile Collection parser (parsyfiles defaults)]

OrderedDict([(&apos;item1&apos;,
              {&apos;input_simple&apos;: this content is really interesting, &apos;expected_out&apos;: &lt;test_parsyfiles_old.MultifileAndCustomFunctionsTest._create_root_parser.&lt;locals&gt;.Config object at 0x7f05a63f58d0&gt;, &apos;expected_perf&apos;: &lt;test_parsyfiles_old.MultifileAndCustomFunctionsTest._create_root_parser.&lt;locals&gt;.Config object at 0x7f05a63f5be0&gt;}),
             (&apos;item2&apos;,
              {&apos;input_simple&apos;: this content is really interesting, &apos;expected_out&apos;: &lt;test_parsyfiles_old.MultifileAndCustomFunctionsTest._create_root_parser.&lt;locals&gt;.Config object at 0x7f05a63f5f98&gt;, &apos;expected_perf&apos;: &lt;test_parsyfiles_old.MultifileAndCustomFunctionsTest._create_root_parser.&lt;locals&gt;.Config object at 0x7f05a63fb320&gt;}),
             (&apos;item3&apos;,
              {&apos;input_simple&apos;: this content is really interesting, &apos;expected_out&apos;: &lt;test_parsyfiles_old.MultifileAndCustomFunctionsTest._create_root_parser.&lt;locals&gt;.Config object at 0x7f05a63fb748&gt;, &apos;expected_perf&apos;: None})])
</system-out></testcase><testcase classname="parsyfiles.tests.old.test_parsyfiles_old.MultifileAndCustomFunctionsTest" file="parsyfiles/tests/old/test_parsyfiles_old.py" line="65" name="test_single_list_object_with_folders" time="0.10025167465209961"><system-out>[setup]
Elapsed: 0.018661022186279297
WARNING parsing [/home/travis/build/smarie/python-parsyfiles/parsyfiles/tests/old/./custom_with_folders/item3] as a [MainFooBarItem]: optional constructor attribute [expected_perf] not found on file system. This may be normal - this message is displayed &apos;just in case&apos;.
SUCCESS parsed [/home/travis/build/smarie/python-parsyfiles/parsyfiles/tests/old/./custom_with_folders/item1/expected_out.txt] as a [Config] successfully. Parser used was [&lt;test_custom_read_config_from_config_file_stream&gt;]
SUCCESS parsed [/home/travis/build/smarie/python-parsyfiles/parsyfiles/tests/old/./custom_with_folders/item1/expected_perf.cfg] as a [Config] successfully. Parser used was [&lt;test_custom_read_config_from_config_file_stream&gt;]
SUCCESS parsed [/home/travis/build/smarie/python-parsyfiles/parsyfiles/tests/old/./custom_with_folders/item1/input_simple.txt] as a [OneLiner] successfully. Parser used was [&lt;test_custom_read_oneliner_from_txt_file_stream&gt;]
SUCCESS parsed [/home/travis/build/smarie/python-parsyfiles/parsyfiles/tests/old/./custom_with_folders/item1] as a [MainFooBarItem] successfully. Parser used was [Multifile Object parser (parsyfiles defaults)]
SUCCESS parsed [/home/travis/build/smarie/python-parsyfiles/parsyfiles/tests/old/./custom_with_folders/item2/expected_out.cfg] as a [Config] successfully. Parser used was [&lt;test_custom_read_config_from_config_file_stream&gt;]
SUCCESS parsed [/home/travis/build/smarie/python-parsyfiles/parsyfiles/tests/old/./custom_with_folders/item2/expected_perf.cfg] as a [Config] successfully. Parser used was [&lt;test_custom_read_config_from_config_file_stream&gt;]
SUCCESS parsed [/home/travis/build/smarie/python-parsyfiles/parsyfiles/tests/old/./custom_with_folders/item2/input_simple.txt] as a [OneLiner] successfully. Parser used was [&lt;test_custom_read_oneliner_from_txt_file_stream&gt;]
SUCCESS parsed [/home/travis/build/smarie/python-parsyfiles/parsyfiles/tests/old/./custom_with_folders/item2] as a [MainFooBarItem] successfully. Parser used was [Multifile Object parser (parsyfiles defaults)]
SUCCESS parsed [/home/travis/build/smarie/python-parsyfiles/parsyfiles/tests/old/./custom_with_folders/item3/expected_out.cfg] as a [Config] successfully. Parser used was [&lt;test_custom_read_config_from_config_file_stream&gt;]
SUCCESS parsed [/home/travis/build/smarie/python-parsyfiles/parsyfiles/tests/old/./custom_with_folders/item3/input_simple.txt] as a [OneLiner] successfully. Parser used was [&lt;test_custom_read_oneliner_from_txt_file_stream&gt;]
SUCCESS parsed [/home/travis/build/smarie/python-parsyfiles/parsyfiles/tests/old/./custom_with_folders/item3] as a [MainFooBarItem] successfully. Parser used was [Multifile Object parser (parsyfiles defaults)]
SUCCESS parsed [/home/travis/build/smarie/python-parsyfiles/parsyfiles/tests/old/./custom_with_folders] as a [List[MainFooBarItem]] successfully. Parser used was [Multifile Collection parser (parsyfiles defaults)]

[{&apos;input_simple&apos;: this content is really interesting, &apos;expected_out&apos;: &lt;test_parsyfiles_old.MultifileAndCustomFunctionsTest._create_root_parser.&lt;locals&gt;.Config object at 0x7f05a63f3f60&gt;, &apos;expected_perf&apos;: &lt;test_parsyfiles_old.MultifileAndCustomFunctionsTest._create_root_parser.&lt;locals&gt;.Config object at 0x7f05a63892b0&gt;}, {&apos;input_simple&apos;: this content is really interesting, &apos;expected_out&apos;: &lt;test_parsyfiles_old.MultifileAndCustomFunctionsTest._create_root_parser.&lt;locals&gt;.Config object at 0x7f05a6389668&gt;, &apos;expected_perf&apos;: &lt;test_parsyfiles_old.MultifileAndCustomFunctionsTest._create_root_parser.&lt;locals&gt;.Config object at 0x7f05a63899b0&gt;}, {&apos;input_simple&apos;: this content is really interesting, &apos;expected_out&apos;: &lt;test_parsyfiles_old.MultifileAndCustomFunctionsTest._create_root_parser.&lt;locals&gt;.Config object at 0x7f05a6389dd8&gt;, &apos;expected_perf&apos;: None}]
</system-out></testcase><testcase classname="parsyfiles.tests.old.test_parsyfiles_old.MultifileAndCustomFunctionsTest" file="parsyfiles/tests/old/test_parsyfiles_old.py" line="53" name="test_single_multifile_object_flatmode" time="0.08629989624023438"><system-out>[setup]
Elapsed: 0.01709723472595215
ERROR while parsing [/home/travis/build/smarie/python-parsyfiles/parsyfiles/tests/old/./custom_without_folders/item1.expected_out.txt] into a [MainFooBarItem] using [$&lt;read_dict_from_properties&gt; =&gt; &lt;dict_to_object&gt;$]. Set log level to DEBUG for details
Rebuilding local parsing plan with next candidate parser: $&lt;read_str_from_txt&gt; =&gt; &lt;constructor_with_str_arg&gt;$
DONE Rebuilding local parsing plan for [/home/travis/build/smarie/python-parsyfiles/parsyfiles/tests/old/./custom_without_folders/item1.expected_out.txt]. Resuming parsing...
ERROR while parsing [/home/travis/build/smarie/python-parsyfiles/parsyfiles/tests/old/./custom_without_folders/item1.expected_out.txt] into a [MainFooBarItem] using [$&lt;read_str_from_txt&gt; =&gt; &lt;constructor_with_str_arg&gt;$]. Set log level to DEBUG for details
Rebuilding local parsing plan with next candidate parser: $&lt;read_str_from_txt&gt; =&gt; &lt;base64_ascii_str_pickle_to_object&gt;$
DONE Rebuilding local parsing plan for [/home/travis/build/smarie/python-parsyfiles/parsyfiles/tests/old/./custom_without_folders/item1.expected_out.txt]. Resuming parsing...
ERROR while parsing [/home/travis/build/smarie/python-parsyfiles/parsyfiles/tests/old/./custom_without_folders/item1.expected_out.txt] into a [MainFooBarItem] using [$&lt;read_str_from_txt&gt; =&gt; &lt;base64_ascii_str_pickle_to_object&gt;$]. Set log level to DEBUG for details
Rebuilding local parsing plan with next candidate parser: $&lt;read_df_or_series_from_csv&gt; =&gt; &lt;single_row_or_col_df_to_dict&gt; -&gt; &lt;dict_to_object&gt;$
DONE Rebuilding local parsing plan for [/home/travis/build/smarie/python-parsyfiles/parsyfiles/tests/old/./custom_without_folders/item1.expected_out.txt]. Resuming parsing...
ERROR while parsing [/home/travis/build/smarie/python-parsyfiles/parsyfiles/tests/old/./custom_without_folders/item1.expected_out.txt] into a [MainFooBarItem] using [$&lt;read_df_or_series_from_csv&gt; =&gt; &lt;single_row_or_col_df_to_dict&gt; -&gt; &lt;dict_to_object&gt;$]. Set log level to DEBUG for details
Rebuilding local parsing plan with next candidate parser: $&lt;test_custom_read_config_from_config_file_stream&gt; =&gt; &lt;merge_all_config_sections_into_a_single_dict&gt; -&gt; &lt;dict_to_object&gt;$
DONE Rebuilding local parsing plan for [/home/travis/build/smarie/python-parsyfiles/parsyfiles/tests/old/./custom_without_folders/item1.expected_out.txt]. Resuming parsing...
ERROR while parsing [/home/travis/build/smarie/python-parsyfiles/parsyfiles/tests/old/./custom_without_folders/item1.expected_out.txt] into a [MainFooBarItem] using [$&lt;test_custom_read_config_from_config_file_stream&gt; =&gt; &lt;merge_all_config_sections_into_a_single_dict&gt; -&gt; &lt;dict_to_object&gt;$]. Set log level to DEBUG for details
Rebuilding local parsing plan with next candidate parser: $&lt;test_custom_read_config_from_config_file_stream&gt; =&gt; &lt;config_to_dict_of_dict&gt; -&gt; &lt;dict_of_dict_to_object&gt;$
DONE Rebuilding local parsing plan for [/home/travis/build/smarie/python-parsyfiles/parsyfiles/tests/old/./custom_without_folders/item1.expected_out.txt]. Resuming parsing...
ERROR while parsing [/home/travis/build/smarie/python-parsyfiles/parsyfiles/tests/old/./custom_without_folders/item1.expected_out.txt] into a [MainFooBarItem] using [$&lt;test_custom_read_config_from_config_file_stream&gt; =&gt; &lt;config_to_dict_of_dict&gt; -&gt; &lt;dict_of_dict_to_object&gt;$]. Set log level to DEBUG for details
Rebuilding local parsing plan with next candidate parser: $&lt;test_custom_read_config_from_config_file_stream&gt; =&gt; &lt;config_to_dict_of_dict&gt; -&gt; &lt;dict_to_object&gt;$
DONE Rebuilding local parsing plan for [/home/travis/build/smarie/python-parsyfiles/parsyfiles/tests/old/./custom_without_folders/item1.expected_out.txt]. Resuming parsing...
ERROR while parsing [/home/travis/build/smarie/python-parsyfiles/parsyfiles/tests/old/./custom_without_folders/item1.expected_out.txt] into a [MainFooBarItem] using [$&lt;test_custom_read_config_from_config_file_stream&gt; =&gt; &lt;config_to_dict_of_dict&gt; -&gt; &lt;dict_to_object&gt;$]. Set log level to DEBUG for details
SUCCESS parsed [/home/travis/build/smarie/python-parsyfiles/parsyfiles/tests/old/./custom_without_folders/item1.expected_out.txt] as a [Config] successfully. Parser used was [&lt;test_custom_read_config_from_config_file_stream&gt;]
SUCCESS parsed [/home/travis/build/smarie/python-parsyfiles/parsyfiles/tests/old/./custom_without_folders/item1.expected_perf.cfg] as a [Config] successfully. Parser used was [&lt;test_custom_read_config_from_config_file_stream&gt;]
SUCCESS parsed [/home/travis/build/smarie/python-parsyfiles/parsyfiles/tests/old/./custom_without_folders/item1.input_simple.txt] as a [OneLiner] successfully. Parser used was [&lt;test_custom_read_oneliner_from_txt_file_stream&gt;]
SUCCESS parsed [/home/travis/build/smarie/python-parsyfiles/parsyfiles/tests/old/./custom_without_folders/item1] as a [MainFooBarItem] successfully. Parser used was [Multifile Object parser (parsyfiles defaults)]

{&apos;input_simple&apos;: this content is really interesting, &apos;expected_out&apos;: &lt;test_parsyfiles_old.MultifileAndCustomFunctionsTest._create_root_parser.&lt;locals&gt;.Config object at 0x7f05a6400780&gt;, &apos;expected_perf&apos;: &lt;test_parsyfiles_old.MultifileAndCustomFunctionsTest._create_root_parser.&lt;locals&gt;.Config object at 0x7f05a6393278&gt;}
</system-out></testcase><testcase classname="parsyfiles.tests.old.test_parsyfiles_old.MultifileAndCustomFunctionsTest" file="parsyfiles/tests/old/test_parsyfiles_old.py" line="48" name="test_single_multifile_object_folders" time="0.050957679748535156"><system-out>[setup]
Elapsed: 0.02091050148010254
SUCCESS parsed [/home/travis/build/smarie/python-parsyfiles/parsyfiles/tests/old/./custom_with_folders/item1/expected_out.txt] as a [Config] successfully. Parser used was [&lt;test_custom_read_config_from_config_file_stream&gt;]
SUCCESS parsed [/home/travis/build/smarie/python-parsyfiles/parsyfiles/tests/old/./custom_with_folders/item1/expected_perf.cfg] as a [Config] successfully. Parser used was [&lt;test_custom_read_config_from_config_file_stream&gt;]
SUCCESS parsed [/home/travis/build/smarie/python-parsyfiles/parsyfiles/tests/old/./custom_with_folders/item1/input_simple.txt] as a [OneLiner] successfully. Parser used was [&lt;test_custom_read_oneliner_from_txt_file_stream&gt;]
SUCCESS parsed [/home/travis/build/smarie/python-parsyfiles/parsyfiles/tests/old/./custom_with_folders/item1] as a [MainFooBarItem] successfully. Parser used was [Multifile Object parser (parsyfiles defaults)]

{&apos;input_simple&apos;: this content is really interesting, &apos;expected_out&apos;: &lt;test_parsyfiles_old.MultifileAndCustomFunctionsTest._create_root_parser.&lt;locals&gt;.Config object at 0x7f05a63f3048&gt;, &apos;expected_perf&apos;: &lt;test_parsyfiles_old.MultifileAndCustomFunctionsTest._create_root_parser.&lt;locals&gt;.Config object at 0x7f05a63f3cf8&gt;}
</system-out></testcase><testcase classname="parsyfiles.tests.old.test_parsyfiles_old.MultifileAndCustomFunctionsTest" file="parsyfiles/tests/old/test_parsyfiles_old.py" line="83" name="test_with_folders_dict" time="0.09116911888122559"><system-out>[setup]
Elapsed: 0.016050100326538086
WARNING parsing [/home/travis/build/smarie/python-parsyfiles/parsyfiles/tests/old/./custom_with_folders/item3] as a [MainFooBarItem]: optional constructor attribute [expected_perf] not found on file system. This may be normal - this message is displayed &apos;just in case&apos;.
SUCCESS parsed [/home/travis/build/smarie/python-parsyfiles/parsyfiles/tests/old/./custom_with_folders/item1/expected_out.txt] as a [Config] successfully. Parser used was [&lt;test_custom_read_config_from_config_file_stream&gt;]
SUCCESS parsed [/home/travis/build/smarie/python-parsyfiles/parsyfiles/tests/old/./custom_with_folders/item1/expected_perf.cfg] as a [Config] successfully. Parser used was [&lt;test_custom_read_config_from_config_file_stream&gt;]
SUCCESS parsed [/home/travis/build/smarie/python-parsyfiles/parsyfiles/tests/old/./custom_with_folders/item1/input_simple.txt] as a [OneLiner] successfully. Parser used was [&lt;test_custom_read_oneliner_from_txt_file_stream&gt;]
SUCCESS parsed [/home/travis/build/smarie/python-parsyfiles/parsyfiles/tests/old/./custom_with_folders/item1] as a [MainFooBarItem] successfully. Parser used was [Multifile Object parser (parsyfiles defaults)]
SUCCESS parsed [/home/travis/build/smarie/python-parsyfiles/parsyfiles/tests/old/./custom_with_folders/item2/expected_out.cfg] as a [Config] successfully. Parser used was [&lt;test_custom_read_config_from_config_file_stream&gt;]
SUCCESS parsed [/home/travis/build/smarie/python-parsyfiles/parsyfiles/tests/old/./custom_with_folders/item2/expected_perf.cfg] as a [Config] successfully. Parser used was [&lt;test_custom_read_config_from_config_file_stream&gt;]
SUCCESS parsed [/home/travis/build/smarie/python-parsyfiles/parsyfiles/tests/old/./custom_with_folders/item2/input_simple.txt] as a [OneLiner] successfully. Parser used was [&lt;test_custom_read_oneliner_from_txt_file_stream&gt;]
SUCCESS parsed [/home/travis/build/smarie/python-parsyfiles/parsyfiles/tests/old/./custom_with_folders/item2] as a [MainFooBarItem] successfully. Parser used was [Multifile Object parser (parsyfiles defaults)]
SUCCESS parsed [/home/travis/build/smarie/python-parsyfiles/parsyfiles/tests/old/./custom_with_folders/item3/expected_out.cfg] as a [Config] successfully. Parser used was [&lt;test_custom_read_config_from_config_file_stream&gt;]
SUCCESS parsed [/home/travis/build/smarie/python-parsyfiles/parsyfiles/tests/old/./custom_with_folders/item3/input_simple.txt] as a [OneLiner] successfully. Parser used was [&lt;test_custom_read_oneliner_from_txt_file_stream&gt;]
SUCCESS parsed [/home/travis/build/smarie/python-parsyfiles/parsyfiles/tests/old/./custom_with_folders/item3] as a [MainFooBarItem] successfully. Parser used was [Multifile Object parser (parsyfiles defaults)]
SUCCESS parsed [/home/travis/build/smarie/python-parsyfiles/parsyfiles/tests/old/./custom_with_folders] as a [Dict[str, MainFooBarItem]] successfully. Parser used was [Multifile Collection parser (parsyfiles defaults)]

OrderedDict([(&apos;item1&apos;,
              {&apos;input_simple&apos;: this content is really interesting, &apos;expected_out&apos;: &lt;test_parsyfiles_old.MultifileAndCustomFunctionsTest._create_root_parser.&lt;locals&gt;.Config object at 0x7f05a6aea080&gt;, &apos;expected_perf&apos;: &lt;test_parsyfiles_old.MultifileAndCustomFunctionsTest._create_root_parser.&lt;locals&gt;.Config object at 0x7f05a6aea390&gt;}),
             (&apos;item2&apos;,
              {&apos;input_simple&apos;: this content is really interesting, &apos;expected_out&apos;: &lt;test_parsyfiles_old.MultifileAndCustomFunctionsTest._create_root_parser.&lt;locals&gt;.Config object at 0x7f05a6aea748&gt;, &apos;expected_perf&apos;: &lt;test_parsyfiles_old.MultifileAndCustomFunctionsTest._create_root_parser.&lt;locals&gt;.Config object at 0x7f05a6aeaeb8&gt;}),
             (&apos;item3&apos;,
              {&apos;input_simple&apos;: this content is really interesting, &apos;expected_out&apos;: &lt;test_parsyfiles_old.MultifileAndCustomFunctionsTest._create_root_parser.&lt;locals&gt;.Config object at 0x7f05a6adf898&gt;, &apos;expected_perf&apos;: None})])
</system-out></testcase><testcase classname="parsyfiles.tests.old.test_parsyfiles_old.MultifileAndCustomFunctionsTest" file="parsyfiles/tests/old/test_parsyfiles_old.py" line="77" name="test_with_folders_set" time="0.09365272521972656"><system-out>[setup]
Elapsed: 0.020246028900146484
WARNING parsing [/home/travis/build/smarie/python-parsyfiles/parsyfiles/tests/old/./custom_with_folders/item3] as a [MainFooBarItem]: optional constructor attribute [expected_perf] not found on file system. This may be normal - this message is displayed &apos;just in case&apos;.
SUCCESS parsed [/home/travis/build/smarie/python-parsyfiles/parsyfiles/tests/old/./custom_with_folders/item1/expected_out.txt] as a [Config] successfully. Parser used was [&lt;test_custom_read_config_from_config_file_stream&gt;]
SUCCESS parsed [/home/travis/build/smarie/python-parsyfiles/parsyfiles/tests/old/./custom_with_folders/item1/expected_perf.cfg] as a [Config] successfully. Parser used was [&lt;test_custom_read_config_from_config_file_stream&gt;]
SUCCESS parsed [/home/travis/build/smarie/python-parsyfiles/parsyfiles/tests/old/./custom_with_folders/item1/input_simple.txt] as a [OneLiner] successfully. Parser used was [&lt;test_custom_read_oneliner_from_txt_file_stream&gt;]
SUCCESS parsed [/home/travis/build/smarie/python-parsyfiles/parsyfiles/tests/old/./custom_with_folders/item1] as a [MainFooBarItem] successfully. Parser used was [Multifile Object parser (parsyfiles defaults)]
SUCCESS parsed [/home/travis/build/smarie/python-parsyfiles/parsyfiles/tests/old/./custom_with_folders/item2/expected_out.cfg] as a [Config] successfully. Parser used was [&lt;test_custom_read_config_from_config_file_stream&gt;]
SUCCESS parsed [/home/travis/build/smarie/python-parsyfiles/parsyfiles/tests/old/./custom_with_folders/item2/expected_perf.cfg] as a [Config] successfully. Parser used was [&lt;test_custom_read_config_from_config_file_stream&gt;]
SUCCESS parsed [/home/travis/build/smarie/python-parsyfiles/parsyfiles/tests/old/./custom_with_folders/item2/input_simple.txt] as a [OneLiner] successfully. Parser used was [&lt;test_custom_read_oneliner_from_txt_file_stream&gt;]
SUCCESS parsed [/home/travis/build/smarie/python-parsyfiles/parsyfiles/tests/old/./custom_with_folders/item2] as a [MainFooBarItem] successfully. Parser used was [Multifile Object parser (parsyfiles defaults)]
SUCCESS parsed [/home/travis/build/smarie/python-parsyfiles/parsyfiles/tests/old/./custom_with_folders/item3/expected_out.cfg] as a [Config] successfully. Parser used was [&lt;test_custom_read_config_from_config_file_stream&gt;]
SUCCESS parsed [/home/travis/build/smarie/python-parsyfiles/parsyfiles/tests/old/./custom_with_folders/item3/input_simple.txt] as a [OneLiner] successfully. Parser used was [&lt;test_custom_read_oneliner_from_txt_file_stream&gt;]
SUCCESS parsed [/home/travis/build/smarie/python-parsyfiles/parsyfiles/tests/old/./custom_with_folders/item3] as a [MainFooBarItem] successfully. Parser used was [Multifile Object parser (parsyfiles defaults)]
SUCCESS parsed [/home/travis/build/smarie/python-parsyfiles/parsyfiles/tests/old/./custom_with_folders] as a [Set[MainFooBarItem]] successfully. Parser used was [Multifile Collection parser (parsyfiles defaults)]

{{&apos;input_simple&apos;: this content is really interesting, &apos;expected_out&apos;: &lt;test_parsyfiles_old.MultifileAndCustomFunctionsTest._create_root_parser.&lt;locals&gt;.Config object at 0x7f05a7039978&gt;, &apos;expected_perf&apos;: &lt;test_parsyfiles_old.MultifileAndCustomFunctionsTest._create_root_parser.&lt;locals&gt;.Config object at 0x7f05a6fad6a0&gt;}, {&apos;input_simple&apos;: this content is really interesting, &apos;expected_out&apos;: &lt;test_parsyfiles_old.MultifileAndCustomFunctionsTest._create_root_parser.&lt;locals&gt;.Config object at 0x7f05a70395f8&gt;, &apos;expected_perf&apos;: &lt;test_parsyfiles_old.MultifileAndCustomFunctionsTest._create_root_parser.&lt;locals&gt;.Config object at 0x7f05a70392b0&gt;}, {&apos;input_simple&apos;: this content is really interesting, &apos;expected_out&apos;: &lt;test_parsyfiles_old.MultifileAndCustomFunctionsTest._create_root_parser.&lt;locals&gt;.Config object at 0x7f05a638d160&gt;, &apos;expected_perf&apos;: None}}
</system-out></testcase><testcase classname="parsyfiles.tests.old.test_parsyfiles_old.TestDemo" file="parsyfiles/tests/old/test_parsyfiles_old.py" line="238" name="test_old_demo" time="0.09179401397705078"><system-out>WARNING parsing [/home/travis/build/smarie/python-parsyfiles/parsyfiles/tests/old/./custom_old_demo/case1] as a [OpTestCase]: optional constructor attribute [options] not found on file system. This may be normal - this message is displayed &apos;just in case&apos;.
SUCCESS parsed [/home/travis/build/smarie/python-parsyfiles/parsyfiles/tests/old/./custom_old_demo/case1/input_a.txt] as a [int] successfully. Parser used was [&lt;test_parse_int_file&gt;]
SUCCESS parsed [/home/travis/build/smarie/python-parsyfiles/parsyfiles/tests/old/./custom_old_demo/case1/input_b.txt] as a [int] successfully. Parser used was [&lt;test_parse_int_file&gt;]
SUCCESS parsed [/home/travis/build/smarie/python-parsyfiles/parsyfiles/tests/old/./custom_old_demo/case1/output.txt] as a [int] successfully. Parser used was [&lt;test_parse_int_file&gt;]
SUCCESS parsed [/home/travis/build/smarie/python-parsyfiles/parsyfiles/tests/old/./custom_old_demo/case1] as a [OpTestCase] successfully. Parser used was [Multifile Object parser (parsyfiles defaults+test custom functions)]
SUCCESS parsed [/home/travis/build/smarie/python-parsyfiles/parsyfiles/tests/old/./custom_old_demo/case2/input_a.txt] as a [int] successfully. Parser used was [&lt;test_parse_int_file&gt;]
SUCCESS parsed [/home/travis/build/smarie/python-parsyfiles/parsyfiles/tests/old/./custom_old_demo/case2/input_b.txt] as a [int] successfully. Parser used was [&lt;test_parse_int_file&gt;]
SUCCESS parsed [/home/travis/build/smarie/python-parsyfiles/parsyfiles/tests/old/./custom_old_demo/case2/options.txt] as a [OpConfig] successfully. Parser used was [&lt;test_parse_configuration_txt_file&gt;]
SUCCESS parsed [/home/travis/build/smarie/python-parsyfiles/parsyfiles/tests/old/./custom_old_demo/case2/output.txt] as a [int] successfully. Parser used was [&lt;test_parse_int_file&gt;]
SUCCESS parsed [/home/travis/build/smarie/python-parsyfiles/parsyfiles/tests/old/./custom_old_demo/case2] as a [OpTestCase] successfully. Parser used was [Multifile Object parser (parsyfiles defaults+test custom functions)]
SUCCESS parsed [/home/travis/build/smarie/python-parsyfiles/parsyfiles/tests/old/./custom_old_demo/case3/input_a.txt] as a [int] successfully. Parser used was [&lt;test_parse_int_file&gt;]
SUCCESS parsed [/home/travis/build/smarie/python-parsyfiles/parsyfiles/tests/old/./custom_old_demo/case3/input_b.txt] as a [int] successfully. Parser used was [&lt;test_parse_int_file&gt;]
SUCCESS parsed [/home/travis/build/smarie/python-parsyfiles/parsyfiles/tests/old/./custom_old_demo/case3/options.cfg] as a [OpConfig] successfully. Parser used was [&lt;test_parse_configuration_cfg_file&gt;]
SUCCESS parsed [/home/travis/build/smarie/python-parsyfiles/parsyfiles/tests/old/./custom_old_demo/case3/output.txt] as a [int] successfully. Parser used was [&lt;test_parse_int_file&gt;]
SUCCESS parsed [/home/travis/build/smarie/python-parsyfiles/parsyfiles/tests/old/./custom_old_demo/case3] as a [OpTestCase] successfully. Parser used was [Multifile Object parser (parsyfiles defaults+test custom functions)]
SUCCESS parsed [/home/travis/build/smarie/python-parsyfiles/parsyfiles/tests/old/./custom_old_demo] as a [Dict[str, OpTestCase]] successfully. Parser used was [Multifile Collection parser (parsyfiles defaults+test custom functions)]

OrderedDict([(&apos;case1&apos;, 1 + 2 =? 3),
             (&apos;case2&apos;, 1 + 3 =? 4),
             (&apos;case3&apos;, 1 - 2 =? -1)])
WARNING parsing [/home/travis/build/smarie/python-parsyfiles/parsyfiles/tests/old/./custom_old_demo_flat/case1] as a [OpTestCase]: optional constructor attribute [options] not found on file system. This may be normal - this message is displayed &apos;just in case&apos;.
SUCCESS parsed [/home/travis/build/smarie/python-parsyfiles/parsyfiles/tests/old/./custom_old_demo_flat/case1--input_a.txt] as a [int] successfully. Parser used was [&lt;test_parse_int_file&gt;]
SUCCESS parsed [/home/travis/build/smarie/python-parsyfiles/parsyfiles/tests/old/./custom_old_demo_flat/case1--input_b.txt] as a [int] successfully. Parser used was [&lt;test_parse_int_file&gt;]
SUCCESS parsed [/home/travis/build/smarie/python-parsyfiles/parsyfiles/tests/old/./custom_old_demo_flat/case1--output.txt] as a [int] successfully. Parser used was [&lt;test_parse_int_file&gt;]
SUCCESS parsed [/home/travis/build/smarie/python-parsyfiles/parsyfiles/tests/old/./custom_old_demo_flat/case1] as a [OpTestCase] successfully. Parser used was [Multifile Object parser (parsyfiles defaults+test custom functions)]
SUCCESS parsed [/home/travis/build/smarie/python-parsyfiles/parsyfiles/tests/old/./custom_old_demo_flat/case2--input_a.txt] as a [int] successfully. Parser used was [&lt;test_parse_int_file&gt;]
SUCCESS parsed [/home/travis/build/smarie/python-parsyfiles/parsyfiles/tests/old/./custom_old_demo_flat/case2--input_b.txt] as a [int] successfully. Parser used was [&lt;test_parse_int_file&gt;]
SUCCESS parsed [/home/travis/build/smarie/python-parsyfiles/parsyfiles/tests/old/./custom_old_demo_flat/case2--options.txt] as a [OpConfig] successfully. Parser used was [&lt;test_parse_configuration_txt_file&gt;]
SUCCESS parsed [/home/travis/build/smarie/python-parsyfiles/parsyfiles/tests/old/./custom_old_demo_flat/case2--output.txt] as a [int] successfully. Parser used was [&lt;test_parse_int_file&gt;]
SUCCESS parsed [/home/travis/build/smarie/python-parsyfiles/parsyfiles/tests/old/./custom_old_demo_flat/case2] as a [OpTestCase] successfully. Parser used was [Multifile Object parser (parsyfiles defaults+test custom functions)]
SUCCESS parsed [/home/travis/build/smarie/python-parsyfiles/parsyfiles/tests/old/./custom_old_demo_flat/case3--input_a.txt] as a [int] successfully. Parser used was [&lt;test_parse_int_file&gt;]
SUCCESS parsed [/home/travis/build/smarie/python-parsyfiles/parsyfiles/tests/old/./custom_old_demo_flat/case3--input_b.txt] as a [int] successfully. Parser used was [&lt;test_parse_int_file&gt;]
SUCCESS parsed [/home/travis/build/smarie/python-parsyfiles/parsyfiles/tests/old/./custom_old_demo_flat/case3--options.cfg] as a [OpConfig] successfully. Parser used was [&lt;test_parse_configuration_cfg_file&gt;]
SUCCESS parsed [/home/travis/build/smarie/python-parsyfiles/parsyfiles/tests/old/./custom_old_demo_flat/case3--output.txt] as a [int] successfully. Parser used was [&lt;test_parse_int_file&gt;]
SUCCESS parsed [/home/travis/build/smarie/python-parsyfiles/parsyfiles/tests/old/./custom_old_demo_flat/case3] as a [OpTestCase] successfully. Parser used was [Multifile Object parser (parsyfiles defaults+test custom functions)]
SUCCESS parsed [/home/travis/build/smarie/python-parsyfiles/parsyfiles/tests/old/./custom_old_demo_flat] as a [Dict[str, OpTestCase]] successfully. Parser used was [Multifile Collection parser (parsyfiles defaults+test custom functions)]

OrderedDict([(&apos;case1&apos;, 1 + 2 =? 3),
             (&apos;case2&apos;, 1 + 3 =? 4),
             (&apos;case3&apos;, 1 - 2 =? -1)])
WARNING parsing [/home/travis/build/smarie/python-parsyfiles/parsyfiles/tests/old/./custom_old_demo_flat_coll/case1] as a [OpTestCaseColl]: optional constructor attribute [input_c] not found on file system. This may be normal - this message is displayed &apos;just in case&apos;.
WARNING parsing [/home/travis/build/smarie/python-parsyfiles/parsyfiles/tests/old/./custom_old_demo_flat_coll/case1] as a [OpTestCaseColl]: optional constructor attribute [options] not found on file system. This may be normal - this message is displayed &apos;just in case&apos;.
WARNING parsing [/home/travis/build/smarie/python-parsyfiles/parsyfiles/tests/old/./custom_old_demo_flat_coll/case2] as a [OpTestCaseColl]: optional constructor attribute [input_c] not found on file system. This may be normal - this message is displayed &apos;just in case&apos;.
SUCCESS parsed [/home/travis/build/smarie/python-parsyfiles/parsyfiles/tests/old/./custom_old_demo_flat_coll/case1--input_a.txt] as a [int] successfully. Parser used was [&lt;test_parse_int_file&gt;]
SUCCESS parsed [/home/travis/build/smarie/python-parsyfiles/parsyfiles/tests/old/./custom_old_demo_flat_coll/case1--input_b.txt] as a [int] successfully. Parser used was [&lt;test_parse_int_file&gt;]
SUCCESS parsed [/home/travis/build/smarie/python-parsyfiles/parsyfiles/tests/old/./custom_old_demo_flat_coll/case1--output.txt] as a [int] successfully. Parser used was [&lt;test_parse_int_file&gt;]
SUCCESS parsed [/home/travis/build/smarie/python-parsyfiles/parsyfiles/tests/old/./custom_old_demo_flat_coll/case1] as a [OpTestCaseColl] successfully. Parser used was [Multifile Object parser (parsyfiles defaults+test custom functions)]
SUCCESS parsed [/home/travis/build/smarie/python-parsyfiles/parsyfiles/tests/old/./custom_old_demo_flat_coll/case2--input_a.txt] as a [int] successfully. Parser used was [&lt;test_parse_int_file&gt;]
SUCCESS parsed [/home/travis/build/smarie/python-parsyfiles/parsyfiles/tests/old/./custom_old_demo_flat_coll/case2--input_b.txt] as a [int] successfully. Parser used was [&lt;test_parse_int_file&gt;]
SUCCESS parsed [/home/travis/build/smarie/python-parsyfiles/parsyfiles/tests/old/./custom_old_demo_flat_coll/case2--options.txt] as a [OpConfig] successfully. Parser used was [&lt;test_parse_configuration_txt_file&gt;]
SUCCESS parsed [/home/travis/build/smarie/python-parsyfiles/parsyfiles/tests/old/./custom_old_demo_flat_coll/case2--output.txt] as a [int] successfully. Parser used was [&lt;test_parse_int_file&gt;]
SUCCESS parsed [/home/travis/build/smarie/python-parsyfiles/parsyfiles/tests/old/./custom_old_demo_flat_coll/case2] as a [OpTestCaseColl] successfully. Parser used was [Multifile Object parser (parsyfiles defaults+test custom functions)]
SUCCESS parsed [/home/travis/build/smarie/python-parsyfiles/parsyfiles/tests/old/./custom_old_demo_flat_coll/case3--input_a.txt] as a [int] successfully. Parser used was [&lt;test_parse_int_file&gt;]
SUCCESS parsed [/home/travis/build/smarie/python-parsyfiles/parsyfiles/tests/old/./custom_old_demo_flat_coll/case3--input_b.txt] as a [int] successfully. Parser used was [&lt;test_parse_int_file&gt;]
SUCCESS parsed [/home/travis/build/smarie/python-parsyfiles/parsyfiles/tests/old/./custom_old_demo_flat_coll/case3--input_c--keyA--item1.txt] as a [int] successfully. Parser used was [&lt;test_parse_int_file&gt;]
SUCCESS parsed [/home/travis/build/smarie/python-parsyfiles/parsyfiles/tests/old/./custom_old_demo_flat_coll/case3--input_c--keyA--item2.txt] as a [int] successfully. Parser used was [&lt;test_parse_int_file&gt;]
SUCCESS parsed [/home/travis/build/smarie/python-parsyfiles/parsyfiles/tests/old/./custom_old_demo_flat_coll/case3--input_c--keyA] as a [List[int]] successfully. Parser used was [Multifile Collection parser (parsyfiles defaults+test custom functions)]
SUCCESS parsed [/home/travis/build/smarie/python-parsyfiles/parsyfiles/tests/old/./custom_old_demo_flat_coll/case3--input_c--keyB--item1.txt] as a [int] successfully. Parser used was [&lt;test_parse_int_file&gt;]
SUCCESS parsed [/home/travis/build/smarie/python-parsyfiles/parsyfiles/tests/old/./custom_old_demo_flat_coll/case3--input_c--keyB] as a [List[int]] successfully. Parser used was [Multifile Collection parser (parsyfiles defaults+test custom functions)]
SUCCESS parsed [/home/travis/build/smarie/python-parsyfiles/parsyfiles/tests/old/./custom_old_demo_flat_coll/case3--input_c] as a [Dict[str, List[int]]] successfully. Parser used was [Multifile Collection parser (parsyfiles defaults+test custom functions)]
SUCCESS parsed [/home/travis/build/smarie/python-parsyfiles/parsyfiles/tests/old/./custom_old_demo_flat_coll/case3--options.cfg] as a [OpConfig] successfully. Parser used was [&lt;test_parse_configuration_cfg_file&gt;]
SUCCESS parsed [/home/travis/build/smarie/python-parsyfiles/parsyfiles/tests/old/./custom_old_demo_flat_coll/case3--output.txt] as a [int] successfully. Parser used was [&lt;test_parse_int_file&gt;]
SUCCESS parsed [/home/travis/build/smarie/python-parsyfiles/parsyfiles/tests/old/./custom_old_demo_flat_coll/case3] as a [OpTestCaseColl] successfully. Parser used was [Multifile Object parser (parsyfiles defaults+test custom functions)]
SUCCESS parsed [/home/travis/build/smarie/python-parsyfiles/parsyfiles/tests/old/./custom_old_demo_flat_coll] as a [Dict[str, OpTestCaseColl]] successfully. Parser used was [Multifile Collection parser (parsyfiles defaults+test custom functions)]

{&apos;keyA&apos;: [-1, -1], &apos;keyB&apos;: [-1]}
WARNING parsing [/home/travis/build/smarie/python-parsyfiles/parsyfiles/tests/old/./custom_old_demo_coll/case1] as a [OpTestCaseColl]: optional constructor attribute [input_c] not found on file system. This may be normal - this message is displayed &apos;just in case&apos;.
WARNING parsing [/home/travis/build/smarie/python-parsyfiles/parsyfiles/tests/old/./custom_old_demo_coll/case1] as a [OpTestCaseColl]: optional constructor attribute [options] not found on file system. This may be normal - this message is displayed &apos;just in case&apos;.
WARNING parsing [/home/travis/build/smarie/python-parsyfiles/parsyfiles/tests/old/./custom_old_demo_coll/case2] as a [OpTestCaseColl]: optional constructor attribute [input_c] not found on file system. This may be normal - this message is displayed &apos;just in case&apos;.
SUCCESS parsed [/home/travis/build/smarie/python-parsyfiles/parsyfiles/tests/old/./custom_old_demo_coll/case1/input_a.txt] as a [int] successfully. Parser used was [&lt;test_parse_int_file&gt;]
SUCCESS parsed [/home/travis/build/smarie/python-parsyfiles/parsyfiles/tests/old/./custom_old_demo_coll/case1/input_b.txt] as a [int] successfully. Parser used was [&lt;test_parse_int_file&gt;]
SUCCESS parsed [/home/travis/build/smarie/python-parsyfiles/parsyfiles/tests/old/./custom_old_demo_coll/case1/output.txt] as a [int] successfully. Parser used was [&lt;test_parse_int_file&gt;]
SUCCESS parsed [/home/travis/build/smarie/python-parsyfiles/parsyfiles/tests/old/./custom_old_demo_coll/case1] as a [OpTestCaseColl] successfully. Parser used was [Multifile Object parser (parsyfiles defaults+test custom functions)]
SUCCESS parsed [/home/travis/build/smarie/python-parsyfiles/parsyfiles/tests/old/./custom_old_demo_coll/case2/input_a.txt] as a [int] successfully. Parser used was [&lt;test_parse_int_file&gt;]
SUCCESS parsed [/home/travis/build/smarie/python-parsyfiles/parsyfiles/tests/old/./custom_old_demo_coll/case2/input_b.txt] as a [int] successfully. Parser used was [&lt;test_parse_int_file&gt;]
SUCCESS parsed [/home/travis/build/smarie/python-parsyfiles/parsyfiles/tests/old/./custom_old_demo_coll/case2/options.txt] as a [OpConfig] successfully. Parser used was [&lt;test_parse_configuration_txt_file&gt;]
SUCCESS parsed [/home/travis/build/smarie/python-parsyfiles/parsyfiles/tests/old/./custom_old_demo_coll/case2/output.txt] as a [int] successfully. Parser used was [&lt;test_parse_int_file&gt;]
SUCCESS parsed [/home/travis/build/smarie/python-parsyfiles/parsyfiles/tests/old/./custom_old_demo_coll/case2] as a [OpTestCaseColl] successfully. Parser used was [Multifile Object parser (parsyfiles defaults+test custom functions)]
SUCCESS parsed [/home/travis/build/smarie/python-parsyfiles/parsyfiles/tests/old/./custom_old_demo_coll/case3/input_a.txt] as a [int] successfully. Parser used was [&lt;test_parse_int_file&gt;]
SUCCESS parsed [/home/travis/build/smarie/python-parsyfiles/parsyfiles/tests/old/./custom_old_demo_coll/case3/input_b.txt] as a [int] successfully. Parser used was [&lt;test_parse_int_file&gt;]
SUCCESS parsed [/home/travis/build/smarie/python-parsyfiles/parsyfiles/tests/old/./custom_old_demo_coll/case3/input_c/keyA/item1.txt] as a [int] successfully. Parser used was [&lt;test_parse_int_file&gt;]
SUCCESS parsed [/home/travis/build/smarie/python-parsyfiles/parsyfiles/tests/old/./custom_old_demo_coll/case3/input_c/keyA/item2.txt] as a [int] successfully. Parser used was [&lt;test_parse_int_file&gt;]
SUCCESS parsed [/home/travis/build/smarie/python-parsyfiles/parsyfiles/tests/old/./custom_old_demo_coll/case3/input_c/keyA] as a [List[int]] successfully. Parser used was [Multifile Collection parser (parsyfiles defaults+test custom functions)]
SUCCESS parsed [/home/travis/build/smarie/python-parsyfiles/parsyfiles/tests/old/./custom_old_demo_coll/case3/input_c/keyB/item1.txt] as a [int] successfully. Parser used was [&lt;test_parse_int_file&gt;]
SUCCESS parsed [/home/travis/build/smarie/python-parsyfiles/parsyfiles/tests/old/./custom_old_demo_coll/case3/input_c/keyB] as a [List[int]] successfully. Parser used was [Multifile Collection parser (parsyfiles defaults+test custom functions)]
SUCCESS parsed [/home/travis/build/smarie/python-parsyfiles/parsyfiles/tests/old/./custom_old_demo_coll/case3/input_c] as a [Dict[str, List[int]]] successfully. Parser used was [Multifile Collection parser (parsyfiles defaults+test custom functions)]
SUCCESS parsed [/home/travis/build/smarie/python-parsyfiles/parsyfiles/tests/old/./custom_old_demo_coll/case3/options.cfg] as a [OpConfig] successfully. Parser used was [&lt;test_parse_configuration_cfg_file&gt;]
SUCCESS parsed [/home/travis/build/smarie/python-parsyfiles/parsyfiles/tests/old/./custom_old_demo_coll/case3/output.txt] as a [int] successfully. Parser used was [&lt;test_parse_int_file&gt;]
SUCCESS parsed [/home/travis/build/smarie/python-parsyfiles/parsyfiles/tests/old/./custom_old_demo_coll/case3] as a [OpTestCaseColl] successfully. Parser used was [Multifile Object parser (parsyfiles defaults+test custom functions)]
SUCCESS parsed [/home/travis/build/smarie/python-parsyfiles/parsyfiles/tests/old/./custom_old_demo_coll] as a [Dict[str, OpTestCaseColl]] successfully. Parser used was [Multifile Collection parser (parsyfiles defaults+test custom functions)]

{&apos;keyA&apos;: [-1, -1], &apos;keyB&apos;: [-1]}
</system-out></testcase><testcase classname="parsyfiles.tests.parsing_capabilities_by_type.test_parse_collections" file="parsyfiles/tests/parsing_capabilities_by_type/test_parse_collections.py" line="13" name="test_collections" time="0.2434697151184082"><system-out>SUCCESS parsed [/home/travis/build/smarie/python-parsyfiles/parsyfiles/tests/parsing_capabilities_by_type/collections_data/./dict/a.txt] as a [int] successfully. Parser used was [$&lt;read_str_from_txt&gt; =&gt; &lt;str_to_int&gt;$]
SUCCESS parsed [/home/travis/build/smarie/python-parsyfiles/parsyfiles/tests/parsing_capabilities_by_type/collections_data/./dict/b.txt] as a [int] successfully. Parser used was [$&lt;read_str_from_txt&gt; =&gt; &lt;str_to_int&gt;$]
SUCCESS parsed [/home/travis/build/smarie/python-parsyfiles/parsyfiles/tests/parsing_capabilities_by_type/collections_data/./dict/c.txt] as a [int] successfully. Parser used was [$&lt;read_str_from_txt&gt; =&gt; &lt;str_to_int&gt;$]
SUCCESS parsed [/home/travis/build/smarie/python-parsyfiles/parsyfiles/tests/parsing_capabilities_by_type/collections_data/./dict] as a [Dict[str, int]] successfully. Parser used was [Multifile Collection parser (parsyfiles defaults)]
SUCCESS parsed [/home/travis/build/smarie/python-parsyfiles/parsyfiles/tests/parsing_capabilities_by_type/collections_data/./list/a.txt] as a [int] successfully. Parser used was [$&lt;read_str_from_txt&gt; =&gt; &lt;str_to_int&gt;$]
SUCCESS parsed [/home/travis/build/smarie/python-parsyfiles/parsyfiles/tests/parsing_capabilities_by_type/collections_data/./list/b.txt] as a [int] successfully. Parser used was [$&lt;read_str_from_txt&gt; =&gt; &lt;str_to_int&gt;$]
SUCCESS parsed [/home/travis/build/smarie/python-parsyfiles/parsyfiles/tests/parsing_capabilities_by_type/collections_data/./list/c.txt] as a [int] successfully. Parser used was [$&lt;read_str_from_txt&gt; =&gt; &lt;str_to_int&gt;$]
SUCCESS parsed [/home/travis/build/smarie/python-parsyfiles/parsyfiles/tests/parsing_capabilities_by_type/collections_data/./list] as a [List[int]] successfully. Parser used was [Multifile Collection parser (parsyfiles defaults)]
SUCCESS parsed [/home/travis/build/smarie/python-parsyfiles/parsyfiles/tests/parsing_capabilities_by_type/collections_data/./set/a.txt] as a [int] successfully. Parser used was [$&lt;read_str_from_txt&gt; =&gt; &lt;str_to_int&gt;$]
SUCCESS parsed [/home/travis/build/smarie/python-parsyfiles/parsyfiles/tests/parsing_capabilities_by_type/collections_data/./set/b.txt] as a [int] successfully. Parser used was [$&lt;read_str_from_txt&gt; =&gt; &lt;str_to_int&gt;$]
SUCCESS parsed [/home/travis/build/smarie/python-parsyfiles/parsyfiles/tests/parsing_capabilities_by_type/collections_data/./set/c.txt] as a [int] successfully. Parser used was [$&lt;read_str_from_txt&gt; =&gt; &lt;str_to_int&gt;$]
SUCCESS parsed [/home/travis/build/smarie/python-parsyfiles/parsyfiles/tests/parsing_capabilities_by_type/collections_data/./set] as a [Set[int]] successfully. Parser used was [Multifile Collection parser (parsyfiles defaults)]
SUCCESS parsed [/home/travis/build/smarie/python-parsyfiles/parsyfiles/tests/parsing_capabilities_by_type/collections_data/./tuple/a.txt] as a [str] successfully. Parser used was [&lt;read_str_from_txt&gt;]
SUCCESS parsed [/home/travis/build/smarie/python-parsyfiles/parsyfiles/tests/parsing_capabilities_by_type/collections_data/./tuple/b.txt] as a [int] successfully. Parser used was [$&lt;read_str_from_txt&gt; =&gt; &lt;str_to_int&gt;$]
SUCCESS parsed [/home/travis/build/smarie/python-parsyfiles/parsyfiles/tests/parsing_capabilities_by_type/collections_data/./tuple/c.txt] as a [str] successfully. Parser used was [&lt;read_str_from_txt&gt;]
SUCCESS parsed [/home/travis/build/smarie/python-parsyfiles/parsyfiles/tests/parsing_capabilities_by_type/collections_data/./tuple] as a [Tuple[str, int, str]] successfully. Parser used was [Multifile Collection parser (parsyfiles defaults)]
SUCCESS parsed [/home/travis/build/smarie/python-parsyfiles/parsyfiles/tests/parsing_capabilities_by_type/collections_data/.] as a [Tuple[Dict[str, int], List[int], Set[int], Tuple[str, int, str]]] successfully. Parser used was [Multifile Collection parser (parsyfiles defaults)]

(OrderedDict([(&apos;a&apos;, 1), (&apos;b&apos;, 2), (&apos;c&apos;, 3)]), [1, 2, 3], {1, 2, 3}, (&apos;text&apos;, 2, &apos;text&apos;))
</system-out></testcase><testcase classname="parsyfiles.tests.parsing_capabilities_by_type.test_parse_collections" file="parsyfiles/tests/parsing_capabilities_by_type/test_parse_collections.py" line="37" name="test_nested_and_custom_dict1" time="0.03304743766784668"><system-out>SUCCESS parsed [/home/travis/build/smarie/python-parsyfiles/parsyfiles/tests/parsing_capabilities_by_type/collections_data2/foo_file.yaml] as a [Dict[str, Foo]] successfully. Parser used was [&lt;read_collection_from_yaml&gt;]

</system-out></testcase><testcase classname="parsyfiles.tests.parsing_capabilities_by_type.test_parse_collections" file="parsyfiles/tests/parsing_capabilities_by_type/test_parse_collections.py" line="45" name="test_nested_and_custom_dict2" time="0.03579068183898926"><system-out>SUCCESS parsed [/home/travis/build/smarie/python-parsyfiles/parsyfiles/tests/parsing_capabilities_by_type/collections_data2/foo_file2.yaml] as a [Dict[str, FooDct]] successfully. Parser used was [&lt;read_collection_from_yaml&gt;]

</system-out></testcase><testcase classname="parsyfiles.tests.parsing_capabilities_by_type.test_parse_collections" file="parsyfiles/tests/parsing_capabilities_by_type/test_parse_collections.py" line="53" name="test_nested_and_custom_dict3" time="0.03770875930786133"><system-out>ERROR while parsing [/home/travis/build/smarie/python-parsyfiles/parsyfiles/tests/parsing_capabilities_by_type/collections_data2/foo_file.yaml] into a [FooDct] using [&lt;read_object_from_yaml&gt;]. Set log level to DEBUG for details
Rebuilding local parsing plan with next candidate parser: $&lt;read_collection_from_yaml&gt; =&gt; &lt;dict_to_object&gt;$
DONE Rebuilding local parsing plan for [/home/travis/build/smarie/python-parsyfiles/parsyfiles/tests/parsing_capabilities_by_type/collections_data2/foo_file.yaml]. Resuming parsing...
SUCCESS parsed [/home/travis/build/smarie/python-parsyfiles/parsyfiles/tests/parsing_capabilities_by_type/collections_data2/foo_file.yaml] as a [FooDct] successfully. Parser used was [$&lt;read_collection_from_yaml&gt; =&gt; &lt;dict_to_object&gt;$]

</system-out></testcase><testcase classname="parsyfiles.tests.parsing_capabilities_by_type.test_parse_custom_object" file="parsyfiles/tests/parsing_capabilities_by_type/test_parse_custom_object.py" line="36" name="test_simple_objects_support" time="0.2693498134613037"><system-out>SUCCESS parsed [/home/travis/build/smarie/python-parsyfiles/parsyfiles/tests/parsing_capabilities_by_type/objects_data/./test_diff_1.cfg] as a [ExecOpTest] successfully. Parser used was [$&lt;read_config&gt; =&gt; &lt;merge_all_config_sections_into_a_single_dict&gt; -&gt; &lt;dict_to_object&gt;$]

1.0 - 1.0 =? 0.0
SUCCESS parsed [/home/travis/build/smarie/python-parsyfiles/parsyfiles/tests/parsing_capabilities_by_type/objects_data/./test_diff_1.cfg] as a [ExecOpTest] successfully. Parser used was [$&lt;read_config&gt; =&gt; &lt;merge_all_config_sections_into_a_single_dict&gt; -&gt; &lt;dict_to_object&gt;$]
SUCCESS parsed [/home/travis/build/smarie/python-parsyfiles/parsyfiles/tests/parsing_capabilities_by_type/objects_data/./test_diff_2.ini] as a [ExecOpTest] successfully. Parser used was [$&lt;read_config&gt; =&gt; &lt;merge_all_config_sections_into_a_single_dict&gt; -&gt; &lt;dict_to_object&gt;$]
SUCCESS parsed [/home/travis/build/smarie/python-parsyfiles/parsyfiles/tests/parsing_capabilities_by_type/objects_data/./test_diff_3/expected_result.txt] as a [float] successfully. Parser used was [$&lt;read_str_from_txt&gt; =&gt; &lt;str_to_float&gt;$]
SUCCESS parsed [/home/travis/build/smarie/python-parsyfiles/parsyfiles/tests/parsing_capabilities_by_type/objects_data/./test_diff_3/op.txt] as a [str] successfully. Parser used was [&lt;read_str_from_txt&gt;]
SUCCESS parsed [/home/travis/build/smarie/python-parsyfiles/parsyfiles/tests/parsing_capabilities_by_type/objects_data/./test_diff_3/x.txt] as a [float] successfully. Parser used was [$&lt;read_str_from_txt&gt; =&gt; &lt;str_to_float&gt;$]
SUCCESS parsed [/home/travis/build/smarie/python-parsyfiles/parsyfiles/tests/parsing_capabilities_by_type/objects_data/./test_diff_3/y.txt] as a [float] successfully. Parser used was [$&lt;read_str_from_txt&gt; =&gt; &lt;str_to_float&gt;$]
SUCCESS parsed [/home/travis/build/smarie/python-parsyfiles/parsyfiles/tests/parsing_capabilities_by_type/objects_data/./test_diff_3] as a [ExecOpTest] successfully. Parser used was [Multifile Object parser (parsyfiles defaults)]
ERROR while parsing [/home/travis/build/smarie/python-parsyfiles/parsyfiles/tests/parsing_capabilities_by_type/objects_data/./test_diff_3_csv_format.txt] into a [ExecOpTest] using [$&lt;read_dict_from_properties&gt; =&gt; &lt;dict_to_object&gt;$]. Set log level to DEBUG for details
Rebuilding local parsing plan with next candidate parser: $&lt;read_str_from_txt&gt; =&gt; &lt;constructor_with_str_arg&gt;$
DONE Rebuilding local parsing plan for [/home/travis/build/smarie/python-parsyfiles/parsyfiles/tests/parsing_capabilities_by_type/objects_data/./test_diff_3_csv_format.txt]. Resuming parsing...
ERROR while parsing [/home/travis/build/smarie/python-parsyfiles/parsyfiles/tests/parsing_capabilities_by_type/objects_data/./test_diff_3_csv_format.txt] into a [ExecOpTest] using [$&lt;read_str_from_txt&gt; =&gt; &lt;constructor_with_str_arg&gt;$]. Set log level to DEBUG for details
Rebuilding local parsing plan with next candidate parser: $&lt;read_str_from_txt&gt; =&gt; &lt;base64_ascii_str_pickle_to_object&gt;$
DONE Rebuilding local parsing plan for [/home/travis/build/smarie/python-parsyfiles/parsyfiles/tests/parsing_capabilities_by_type/objects_data/./test_diff_3_csv_format.txt]. Resuming parsing...
ERROR while parsing [/home/travis/build/smarie/python-parsyfiles/parsyfiles/tests/parsing_capabilities_by_type/objects_data/./test_diff_3_csv_format.txt] into a [ExecOpTest] using [$&lt;read_str_from_txt&gt; =&gt; &lt;base64_ascii_str_pickle_to_object&gt;$]. Set log level to DEBUG for details
Rebuilding local parsing plan with next candidate parser: $&lt;read_df_or_series_from_csv&gt; =&gt; &lt;single_row_or_col_df_to_dict&gt; -&gt; &lt;dict_to_object&gt;$
DONE Rebuilding local parsing plan for [/home/travis/build/smarie/python-parsyfiles/parsyfiles/tests/parsing_capabilities_by_type/objects_data/./test_diff_3_csv_format.txt]. Resuming parsing...
SUCCESS parsed [/home/travis/build/smarie/python-parsyfiles/parsyfiles/tests/parsing_capabilities_by_type/objects_data/./test_diff_3_csv_format.txt] as a [ExecOpTest] successfully. Parser used was [$&lt;read_df_or_series_from_csv&gt; =&gt; &lt;single_row_or_col_df_to_dict&gt; -&gt; &lt;dict_to_object&gt;$]
ERROR while parsing [/home/travis/build/smarie/python-parsyfiles/parsyfiles/tests/parsing_capabilities_by_type/objects_data/./test_diff_4_csv_format2.txt] into a [ExecOpTest] using [$&lt;read_dict_from_properties&gt; =&gt; &lt;dict_to_object&gt;$]. Set log level to DEBUG for details
Rebuilding local parsing plan with next candidate parser: $&lt;read_str_from_txt&gt; =&gt; &lt;constructor_with_str_arg&gt;$
DONE Rebuilding local parsing plan for [/home/travis/build/smarie/python-parsyfiles/parsyfiles/tests/parsing_capabilities_by_type/objects_data/./test_diff_4_csv_format2.txt]. Resuming parsing...
ERROR while parsing [/home/travis/build/smarie/python-parsyfiles/parsyfiles/tests/parsing_capabilities_by_type/objects_data/./test_diff_4_csv_format2.txt] into a [ExecOpTest] using [$&lt;read_str_from_txt&gt; =&gt; &lt;constructor_with_str_arg&gt;$]. Set log level to DEBUG for details
Rebuilding local parsing plan with next candidate parser: $&lt;read_str_from_txt&gt; =&gt; &lt;base64_ascii_str_pickle_to_object&gt;$
DONE Rebuilding local parsing plan for [/home/travis/build/smarie/python-parsyfiles/parsyfiles/tests/parsing_capabilities_by_type/objects_data/./test_diff_4_csv_format2.txt]. Resuming parsing...
ERROR while parsing [/home/travis/build/smarie/python-parsyfiles/parsyfiles/tests/parsing_capabilities_by_type/objects_data/./test_diff_4_csv_format2.txt] into a [ExecOpTest] using [$&lt;read_str_from_txt&gt; =&gt; &lt;base64_ascii_str_pickle_to_object&gt;$]. Set log level to DEBUG for details
Rebuilding local parsing plan with next candidate parser: $&lt;read_df_or_series_from_csv&gt; =&gt; &lt;single_row_or_col_df_to_dict&gt; -&gt; &lt;dict_to_object&gt;$
DONE Rebuilding local parsing plan for [/home/travis/build/smarie/python-parsyfiles/parsyfiles/tests/parsing_capabilities_by_type/objects_data/./test_diff_4_csv_format2.txt]. Resuming parsing...
SUCCESS parsed [/home/travis/build/smarie/python-parsyfiles/parsyfiles/tests/parsing_capabilities_by_type/objects_data/./test_diff_4_csv_format2.txt] as a [ExecOpTest] successfully. Parser used was [$&lt;read_df_or_series_from_csv&gt; =&gt; &lt;single_row_or_col_df_to_dict&gt; -&gt; &lt;dict_to_object&gt;$]
SUCCESS parsed [/home/travis/build/smarie/python-parsyfiles/parsyfiles/tests/parsing_capabilities_by_type/objects_data/./test_sum_1.json] as a [ExecOpTest] successfully. Parser used was [$&lt;read_dict_or_list_from_json&gt; =&gt; &lt;dict_to_object&gt;$]
SUCCESS parsed [/home/travis/build/smarie/python-parsyfiles/parsyfiles/tests/parsing_capabilities_by_type/objects_data/./test_sum_2.properties] as a [ExecOpTest] successfully. Parser used was [$&lt;read_dict_from_properties&gt; =&gt; &lt;dict_to_object&gt;$]
SUCCESS parsed [/home/travis/build/smarie/python-parsyfiles/parsyfiles/tests/parsing_capabilities_by_type/objects_data/./test_sum_3_properties_format.txt] as a [ExecOpTest] successfully. Parser used was [$&lt;read_dict_from_properties&gt; =&gt; &lt;dict_to_object&gt;$]
SUCCESS parsed [/home/travis/build/smarie/python-parsyfiles/parsyfiles/tests/parsing_capabilities_by_type/objects_data/./test_sum_3_with_inner_b64_pickle.txt] as a [ExecOpTest] successfully. Parser used was [$&lt;read_dict_from_properties&gt; =&gt; &lt;dict_to_object&gt;$]
ERROR while parsing [/home/travis/build/smarie/python-parsyfiles/parsyfiles/tests/parsing_capabilities_by_type/objects_data/./test_sum_4.yaml] into a [ExecOpTest] using [&lt;read_object_from_yaml&gt;]. Set log level to DEBUG for details
Rebuilding local parsing plan with next candidate parser: $&lt;read_collection_from_yaml&gt; =&gt; &lt;dict_to_object&gt;$
DONE Rebuilding local parsing plan for [/home/travis/build/smarie/python-parsyfiles/parsyfiles/tests/parsing_capabilities_by_type/objects_data/./test_sum_4.yaml]. Resuming parsing...
SUCCESS parsed [/home/travis/build/smarie/python-parsyfiles/parsyfiles/tests/parsing_capabilities_by_type/objects_data/./test_sum_4.yaml] as a [ExecOpTest] successfully. Parser used was [$&lt;read_collection_from_yaml&gt; =&gt; &lt;dict_to_object&gt;$]
ERROR while parsing [/home/travis/build/smarie/python-parsyfiles/parsyfiles/tests/parsing_capabilities_by_type/objects_data/./test_sum_5.yaml] into a [ExecOpTest] using [&lt;read_object_from_yaml&gt;]. Set log level to DEBUG for details
Rebuilding local parsing plan with next candidate parser: $&lt;read_collection_from_yaml&gt; =&gt; &lt;dict_to_object&gt;$
DONE Rebuilding local parsing plan for [/home/travis/build/smarie/python-parsyfiles/parsyfiles/tests/parsing_capabilities_by_type/objects_data/./test_sum_5.yaml]. Resuming parsing...
SUCCESS parsed [/home/travis/build/smarie/python-parsyfiles/parsyfiles/tests/parsing_capabilities_by_type/objects_data/./test_sum_5.yaml] as a [ExecOpTest] successfully. Parser used was [$&lt;read_collection_from_yaml&gt; =&gt; &lt;dict_to_object&gt;$]
SUCCESS parsed [/home/travis/build/smarie/python-parsyfiles/parsyfiles/tests/parsing_capabilities_by_type/objects_data/./test_sum_6.xlsx] as a [ExecOpTest] successfully. Parser used was [$&lt;read_dataframe_from_xls&gt; =&gt; &lt;single_row_or_col_df_to_dict&gt; -&gt; &lt;dict_to_object&gt;$]
SUCCESS parsed [/home/travis/build/smarie/python-parsyfiles/parsyfiles/tests/parsing_capabilities_by_type/objects_data/./test_sum_7.xlsm] as a [ExecOpTest] successfully. Parser used was [$&lt;read_dataframe_from_xls&gt; =&gt; &lt;single_row_or_col_df_to_dict&gt; -&gt; &lt;dict_to_object&gt;$]
SUCCESS parsed [/home/travis/build/smarie/python-parsyfiles/parsyfiles/tests/parsing_capabilities_by_type/objects_data/./test_sum_8.xls] as a [ExecOpTest] successfully. Parser used was [$&lt;read_dataframe_from_xls&gt; =&gt; &lt;single_row_or_col_df_to_dict&gt; -&gt; &lt;dict_to_object&gt;$]
SUCCESS parsed [/home/travis/build/smarie/python-parsyfiles/parsyfiles/tests/parsing_capabilities_by_type/objects_data/.] as a [Dict[str, ExecOpTest]] successfully. Parser used was [Multifile Collection parser (parsyfiles defaults)]

OrderedDict([(&apos;test_diff_1&apos;, 1.0 - 1.0 =? 0.0),
             (&apos;test_diff_2&apos;, 0.0 - 1.0 =? -1.0),
             (&apos;test_diff_3&apos;, 6.0 - 1.0 =? 5.0),
             (&apos;test_diff_3_csv_format&apos;, 5.0 - 4.0 =? 1.0),
             (&apos;test_diff_4_csv_format2&apos;, 4.0 - 4.0 =? 0.0),
             (&apos;test_sum_1&apos;, 1.0 + 2.0 =? 3.0),
             (&apos;test_sum_2&apos;, 0.0 + 1.0 =? 1.0),
             (&apos;test_sum_3_properties_format&apos;, 1.0 + 1.0 =? 2.0),
             (&apos;test_sum_3_with_inner_b64_pickle&apos;, 1.0 + 1.0 =? 2.0),
             (&apos;test_sum_4&apos;, 2.0 + 5.0 =? 7.0),
             (&apos;test_sum_5&apos;, 1.0 + 5.0 =? 6.0),
             (&apos;test_sum_6&apos;, 56.0 + 13.0 =? 69.0),
             (&apos;test_sum_7&apos;, 56.0 + 14.0 =? 70.0),
             (&apos;test_sum_8&apos;, 56.0 + 12.0 =? 68.0)])
</system-out></testcase><testcase classname="parsyfiles.tests.parsing_capabilities_by_type.test_parse_primitives" file="parsyfiles/tests/parsing_capabilities_by_type/test_parse_primitives.py" line="147" name="test_get_capabilities_for_type[float]" time="0.20464205741882324"><system-out>{&apos;.cfg&apos;: {},
 &apos;.csv&apos;: {},
 &apos;.ini&apos;: {},
 &apos;.json&apos;: {},
 &apos;.properties&apos;: {},
 &apos;.pyc&apos;: {&apos;1_exact_match&apos;: [$&lt;read_object_from_pickle&gt; =&gt; &lt;bool_to_float&gt;$,
                            $&lt;read_object_from_pickle&gt; =&gt; &lt;int_to_float&gt;$,
                            $&lt;read_object_from_pickle&gt; =&gt; &lt;str_to_float&gt;$],
          &apos;3_generic&apos;: [&lt;read_object_from_pickle&gt;]},
 &apos;.txt&apos;: {&apos;1_exact_match&apos;: [$&lt;read_str_from_txt&gt; =&gt; &lt;str_to_float&gt;$,
                            $&lt;read_str_from_txt&gt; =&gt; &lt;base64_ascii_str_pickle_to_object&gt; -&gt; &lt;bool_to_float&gt;$,
                            $&lt;read_str_from_txt&gt; =&gt; &lt;base64_ascii_str_pickle_to_object&gt; -&gt; &lt;int_to_float&gt;$,
                            $&lt;read_str_from_txt&gt; =&gt; &lt;base64_ascii_str_pickle_to_object&gt; -&gt; &lt;str_to_float&gt;$],
          &apos;3_generic&apos;: [$&lt;read_str_from_txt&gt; =&gt; &lt;base64_ascii_str_pickle_to_object&gt;$]},
 &apos;.xls&apos;: {},
 &apos;.xlsm&apos;: {},
 &apos;.xlsx&apos;: {},
 &apos;.yaml&apos;: {&apos;1_exact_match&apos;: [$&lt;read_object_from_yaml&gt; =&gt; &lt;bool_to_float&gt;$,
                             $&lt;read_object_from_yaml&gt; =&gt; &lt;int_to_float&gt;$,
                             $&lt;read_object_from_yaml&gt; =&gt; &lt;str_to_float&gt;$],
           &apos;3_generic&apos;: [&lt;read_object_from_yaml&gt;]},
 &apos;.yml&apos;: {&apos;1_exact_match&apos;: [$&lt;read_object_from_yaml&gt; =&gt; &lt;bool_to_float&gt;$,
                            $&lt;read_object_from_yaml&gt; =&gt; &lt;int_to_float&gt;$,
                            $&lt;read_object_from_yaml&gt; =&gt; &lt;str_to_float&gt;$],
          &apos;3_generic&apos;: [&lt;read_object_from_yaml&gt;]},
 &apos;&lt;multifile&gt;&apos;: {}}
</system-out></testcase><testcase classname="parsyfiles.tests.parsing_capabilities_by_type.test_parse_primitives" file="parsyfiles/tests/parsing_capabilities_by_type/test_parse_primitives.py" line="147" name="test_get_capabilities_for_type[int]" time="0.2658529281616211"><system-out>{&apos;.cfg&apos;: {},
 &apos;.csv&apos;: {},
 &apos;.ini&apos;: {},
 &apos;.json&apos;: {},
 &apos;.properties&apos;: {},
 &apos;.pyc&apos;: {&apos;1_exact_match&apos;: [$&lt;read_object_from_pickle&gt; =&gt; &lt;bool_to_int&gt;$,
                            $&lt;read_object_from_pickle&gt; =&gt; &lt;float_to_int&gt;$,
                            $&lt;read_object_from_pickle&gt; =&gt; &lt;str_to_int&gt;$],
          &apos;2_approx_match&apos;: [$&lt;read_object_from_pickle&gt; =&gt; &lt;float_to_bool&gt;$,
                             $&lt;read_object_from_pickle&gt; =&gt; &lt;int_to_bool&gt;$,
                             $&lt;read_object_from_pickle&gt; =&gt; &lt;str_to_bool&gt;$],
          &apos;3_generic&apos;: [&lt;read_object_from_pickle&gt;]},
 &apos;.txt&apos;: {&apos;1_exact_match&apos;: [$&lt;read_str_from_txt&gt; =&gt; &lt;str_to_int&gt;$,
                            $&lt;read_str_from_txt&gt; =&gt; &lt;base64_ascii_str_pickle_to_object&gt; -&gt; &lt;bool_to_int&gt;$,
                            $&lt;read_str_from_txt&gt; =&gt; &lt;base64_ascii_str_pickle_to_object&gt; -&gt; &lt;float_to_int&gt;$,
                            $&lt;read_str_from_txt&gt; =&gt; &lt;base64_ascii_str_pickle_to_object&gt; -&gt; &lt;str_to_int&gt;$],
          &apos;2_approx_match&apos;: [$&lt;read_str_from_txt&gt; =&gt; &lt;str_to_bool&gt;$,
                             $&lt;read_str_from_txt&gt; =&gt; &lt;base64_ascii_str_pickle_to_object&gt; -&gt; &lt;float_to_bool&gt;$,
                             $&lt;read_str_from_txt&gt; =&gt; &lt;base64_ascii_str_pickle_to_object&gt; -&gt; &lt;int_to_bool&gt;$,
                             $&lt;read_str_from_txt&gt; =&gt; &lt;base64_ascii_str_pickle_to_object&gt; -&gt; &lt;str_to_bool&gt;$],
          &apos;3_generic&apos;: [$&lt;read_str_from_txt&gt; =&gt; &lt;base64_ascii_str_pickle_to_object&gt;$]},
 &apos;.xls&apos;: {},
 &apos;.xlsm&apos;: {},
 &apos;.xlsx&apos;: {},
 &apos;.yaml&apos;: {&apos;1_exact_match&apos;: [$&lt;read_object_from_yaml&gt; =&gt; &lt;bool_to_int&gt;$,
                             $&lt;read_object_from_yaml&gt; =&gt; &lt;float_to_int&gt;$,
                             $&lt;read_object_from_yaml&gt; =&gt; &lt;str_to_int&gt;$],
           &apos;2_approx_match&apos;: [$&lt;read_object_from_yaml&gt; =&gt; &lt;float_to_bool&gt;$,
                              $&lt;read_object_from_yaml&gt; =&gt; &lt;int_to_bool&gt;$,
                              $&lt;read_object_from_yaml&gt; =&gt; &lt;str_to_bool&gt;$],
           &apos;3_generic&apos;: [&lt;read_object_from_yaml&gt;]},
 &apos;.yml&apos;: {&apos;1_exact_match&apos;: [$&lt;read_object_from_yaml&gt; =&gt; &lt;bool_to_int&gt;$,
                            $&lt;read_object_from_yaml&gt; =&gt; &lt;float_to_int&gt;$,
                            $&lt;read_object_from_yaml&gt; =&gt; &lt;str_to_int&gt;$],
          &apos;2_approx_match&apos;: [$&lt;read_object_from_yaml&gt; =&gt; &lt;float_to_bool&gt;$,
                             $&lt;read_object_from_yaml&gt; =&gt; &lt;int_to_bool&gt;$,
                             $&lt;read_object_from_yaml&gt; =&gt; &lt;str_to_bool&gt;$],
          &apos;3_generic&apos;: [&lt;read_object_from_yaml&gt;]},
 &apos;&lt;multifile&gt;&apos;: {}}
</system-out></testcase><testcase classname="parsyfiles.tests.parsing_capabilities_by_type.test_parse_primitives" file="parsyfiles/tests/parsing_capabilities_by_type/test_parse_primitives.py" line="147" name="test_get_capabilities_for_type[bool]" time="0.19971132278442383"><system-out>{&apos;.cfg&apos;: {},
 &apos;.csv&apos;: {},
 &apos;.ini&apos;: {},
 &apos;.json&apos;: {},
 &apos;.properties&apos;: {},
 &apos;.pyc&apos;: {&apos;1_exact_match&apos;: [$&lt;read_object_from_pickle&gt; =&gt; &lt;float_to_bool&gt;$,
                            $&lt;read_object_from_pickle&gt; =&gt; &lt;int_to_bool&gt;$,
                            $&lt;read_object_from_pickle&gt; =&gt; &lt;str_to_bool&gt;$],
          &apos;3_generic&apos;: [&lt;read_object_from_pickle&gt;]},
 &apos;.txt&apos;: {&apos;1_exact_match&apos;: [$&lt;read_str_from_txt&gt; =&gt; &lt;str_to_bool&gt;$,
                            $&lt;read_str_from_txt&gt; =&gt; &lt;base64_ascii_str_pickle_to_object&gt; -&gt; &lt;float_to_bool&gt;$,
                            $&lt;read_str_from_txt&gt; =&gt; &lt;base64_ascii_str_pickle_to_object&gt; -&gt; &lt;int_to_bool&gt;$,
                            $&lt;read_str_from_txt&gt; =&gt; &lt;base64_ascii_str_pickle_to_object&gt; -&gt; &lt;str_to_bool&gt;$],
          &apos;3_generic&apos;: [$&lt;read_str_from_txt&gt; =&gt; &lt;base64_ascii_str_pickle_to_object&gt;$]},
 &apos;.xls&apos;: {},
 &apos;.xlsm&apos;: {},
 &apos;.xlsx&apos;: {},
 &apos;.yaml&apos;: {&apos;1_exact_match&apos;: [$&lt;read_object_from_yaml&gt; =&gt; &lt;float_to_bool&gt;$,
                             $&lt;read_object_from_yaml&gt; =&gt; &lt;int_to_bool&gt;$,
                             $&lt;read_object_from_yaml&gt; =&gt; &lt;str_to_bool&gt;$],
           &apos;3_generic&apos;: [&lt;read_object_from_yaml&gt;]},
 &apos;.yml&apos;: {&apos;1_exact_match&apos;: [$&lt;read_object_from_yaml&gt; =&gt; &lt;float_to_bool&gt;$,
                            $&lt;read_object_from_yaml&gt; =&gt; &lt;int_to_bool&gt;$,
                            $&lt;read_object_from_yaml&gt; =&gt; &lt;str_to_bool&gt;$],
          &apos;3_generic&apos;: [&lt;read_object_from_yaml&gt;]},
 &apos;&lt;multifile&gt;&apos;: {}}
</system-out></testcase><testcase classname="parsyfiles.tests.parsing_capabilities_by_type.test_parse_primitives" file="parsyfiles/tests/parsing_capabilities_by_type/test_parse_primitives.py" line="147" name="test_get_capabilities_for_type[str]" time="0.18735575675964355"><system-out>{&apos;.cfg&apos;: {},
 &apos;.csv&apos;: {},
 &apos;.ini&apos;: {},
 &apos;.json&apos;: {},
 &apos;.properties&apos;: {},
 &apos;.pyc&apos;: {&apos;1_exact_match&apos;: [$&lt;read_object_from_pickle&gt; =&gt; &lt;bool_to_string&gt;$,
                            $&lt;read_object_from_pickle&gt; =&gt; &lt;float_to_string&gt;$,
                            $&lt;read_object_from_pickle&gt; =&gt; &lt;int_to_string&gt;$],
          &apos;3_generic&apos;: [&lt;read_object_from_pickle&gt;]},
 &apos;.txt&apos;: {&apos;1_exact_match&apos;: [&lt;read_str_from_txt&gt;]},
 &apos;.xls&apos;: {},
 &apos;.xlsm&apos;: {},
 &apos;.xlsx&apos;: {},
 &apos;.yaml&apos;: {&apos;1_exact_match&apos;: [$&lt;read_object_from_yaml&gt; =&gt; &lt;bool_to_string&gt;$,
                             $&lt;read_object_from_yaml&gt; =&gt; &lt;float_to_string&gt;$,
                             $&lt;read_object_from_yaml&gt; =&gt; &lt;int_to_string&gt;$],
           &apos;3_generic&apos;: [&lt;read_object_from_yaml&gt;]},
 &apos;.yml&apos;: {&apos;1_exact_match&apos;: [$&lt;read_object_from_yaml&gt; =&gt; &lt;bool_to_string&gt;$,
                            $&lt;read_object_from_yaml&gt; =&gt; &lt;float_to_string&gt;$,
                            $&lt;read_object_from_yaml&gt; =&gt; &lt;int_to_string&gt;$],
          &apos;3_generic&apos;: [&lt;read_object_from_yaml&gt;]},
 &apos;&lt;multifile&gt;&apos;: {}}
</system-out></testcase><testcase classname="parsyfiles.tests.parsing_capabilities_by_type.test_parse_primitives" file="parsyfiles/tests/parsing_capabilities_by_type/test_parse_primitives.py" line="179" name="test_parse_by_type[float-ok-b64pickle-float--5.2=-5.2.txt]" time="0.03404736518859863"><system-out>ERROR while parsing [/home/travis/build/smarie/python-parsyfiles/parsyfiles/tests/parsing_capabilities_by_type/primitives_data/float/ok/b64pickle-float--5.2=-5.2.txt] into a [float] using [$&lt;read_str_from_txt&gt; =&gt; &lt;str_to_float&gt;$]. Set log level to DEBUG for details
Rebuilding local parsing plan with next candidate parser: $&lt;read_str_from_txt&gt; =&gt; &lt;base64_ascii_str_pickle_to_object&gt; -&gt; &lt;bool_to_float&gt;$
DONE Rebuilding local parsing plan for [/home/travis/build/smarie/python-parsyfiles/parsyfiles/tests/parsing_capabilities_by_type/primitives_data/float/ok/b64pickle-float--5.2=-5.2.txt]. Resuming parsing...
ERROR while parsing [/home/travis/build/smarie/python-parsyfiles/parsyfiles/tests/parsing_capabilities_by_type/primitives_data/float/ok/b64pickle-float--5.2=-5.2.txt] into a [float] using [$&lt;read_str_from_txt&gt; =&gt; &lt;base64_ascii_str_pickle_to_object&gt; -&gt; &lt;bool_to_float&gt;$]. Set log level to DEBUG for details
Rebuilding local parsing plan with next candidate parser: $&lt;read_str_from_txt&gt; =&gt; &lt;base64_ascii_str_pickle_to_object&gt; -&gt; &lt;int_to_float&gt;$
DONE Rebuilding local parsing plan for [/home/travis/build/smarie/python-parsyfiles/parsyfiles/tests/parsing_capabilities_by_type/primitives_data/float/ok/b64pickle-float--5.2=-5.2.txt]. Resuming parsing...
ERROR while parsing [/home/travis/build/smarie/python-parsyfiles/parsyfiles/tests/parsing_capabilities_by_type/primitives_data/float/ok/b64pickle-float--5.2=-5.2.txt] into a [float] using [$&lt;read_str_from_txt&gt; =&gt; &lt;base64_ascii_str_pickle_to_object&gt; -&gt; &lt;int_to_float&gt;$]. Set log level to DEBUG for details
Rebuilding local parsing plan with next candidate parser: $&lt;read_str_from_txt&gt; =&gt; &lt;base64_ascii_str_pickle_to_object&gt; -&gt; &lt;str_to_float&gt;$
DONE Rebuilding local parsing plan for [/home/travis/build/smarie/python-parsyfiles/parsyfiles/tests/parsing_capabilities_by_type/primitives_data/float/ok/b64pickle-float--5.2=-5.2.txt]. Resuming parsing...
ERROR while parsing [/home/travis/build/smarie/python-parsyfiles/parsyfiles/tests/parsing_capabilities_by_type/primitives_data/float/ok/b64pickle-float--5.2=-5.2.txt] into a [float] using [$&lt;read_str_from_txt&gt; =&gt; &lt;base64_ascii_str_pickle_to_object&gt; -&gt; &lt;str_to_float&gt;$]. Set log level to DEBUG for details
Rebuilding local parsing plan with next candidate parser: $&lt;read_str_from_txt&gt; =&gt; &lt;base64_ascii_str_pickle_to_object&gt;$
DONE Rebuilding local parsing plan for [/home/travis/build/smarie/python-parsyfiles/parsyfiles/tests/parsing_capabilities_by_type/primitives_data/float/ok/b64pickle-float--5.2=-5.2.txt]. Resuming parsing...
SUCCESS parsed [/home/travis/build/smarie/python-parsyfiles/parsyfiles/tests/parsing_capabilities_by_type/primitives_data/float/ok/b64pickle-float--5.2=-5.2.txt] as a [float] successfully. Parser used was [$&lt;read_str_from_txt&gt; =&gt; &lt;base64_ascii_str_pickle_to_object&gt;$]

-5.2==-5.2
</system-out></testcase><testcase classname="parsyfiles.tests.parsing_capabilities_by_type.test_parse_primitives" file="parsyfiles/tests/parsing_capabilities_by_type/test_parse_primitives.py" line="179" name="test_parse_by_type[float-ok-b64pickle-int--2=-2.0.txt]" time="0.031233549118041992"><system-out>ERROR while parsing [/home/travis/build/smarie/python-parsyfiles/parsyfiles/tests/parsing_capabilities_by_type/primitives_data/float/ok/b64pickle-int--2=-2.0.txt] into a [float] using [$&lt;read_str_from_txt&gt; =&gt; &lt;str_to_float&gt;$]. Set log level to DEBUG for details
Rebuilding local parsing plan with next candidate parser: $&lt;read_str_from_txt&gt; =&gt; &lt;base64_ascii_str_pickle_to_object&gt; -&gt; &lt;bool_to_float&gt;$
DONE Rebuilding local parsing plan for [/home/travis/build/smarie/python-parsyfiles/parsyfiles/tests/parsing_capabilities_by_type/primitives_data/float/ok/b64pickle-int--2=-2.0.txt]. Resuming parsing...
ERROR while parsing [/home/travis/build/smarie/python-parsyfiles/parsyfiles/tests/parsing_capabilities_by_type/primitives_data/float/ok/b64pickle-int--2=-2.0.txt] into a [float] using [$&lt;read_str_from_txt&gt; =&gt; &lt;base64_ascii_str_pickle_to_object&gt; -&gt; &lt;bool_to_float&gt;$]. Set log level to DEBUG for details
Rebuilding local parsing plan with next candidate parser: $&lt;read_str_from_txt&gt; =&gt; &lt;base64_ascii_str_pickle_to_object&gt; -&gt; &lt;int_to_float&gt;$
DONE Rebuilding local parsing plan for [/home/travis/build/smarie/python-parsyfiles/parsyfiles/tests/parsing_capabilities_by_type/primitives_data/float/ok/b64pickle-int--2=-2.0.txt]. Resuming parsing...
SUCCESS parsed [/home/travis/build/smarie/python-parsyfiles/parsyfiles/tests/parsing_capabilities_by_type/primitives_data/float/ok/b64pickle-int--2=-2.0.txt] as a [float] successfully. Parser used was [$&lt;read_str_from_txt&gt; =&gt; &lt;base64_ascii_str_pickle_to_object&gt; -&gt; &lt;int_to_float&gt;$]

-2.0==-2.0
</system-out></testcase><testcase classname="parsyfiles.tests.parsing_capabilities_by_type.test_parse_primitives" file="parsyfiles/tests/parsing_capabilities_by_type/test_parse_primitives.py" line="179" name="test_parse_by_type[float-ok-txt-float--5.2=-5.2.txt]" time="0.03267812728881836"><system-out>SUCCESS parsed [/home/travis/build/smarie/python-parsyfiles/parsyfiles/tests/parsing_capabilities_by_type/primitives_data/float/ok/txt-float--5.2=-5.2.txt] as a [float] successfully. Parser used was [$&lt;read_str_from_txt&gt; =&gt; &lt;str_to_float&gt;$]

-5.2==-5.2
</system-out></testcase><testcase classname="parsyfiles.tests.parsing_capabilities_by_type.test_parse_primitives" file="parsyfiles/tests/parsing_capabilities_by_type/test_parse_primitives.py" line="179" name="test_parse_by_type[float-ok-b64pickle-int-5=5.0.txt]" time="0.03720355033874512"><system-out>ERROR while parsing [/home/travis/build/smarie/python-parsyfiles/parsyfiles/tests/parsing_capabilities_by_type/primitives_data/float/ok/b64pickle-int-5=5.0.txt] into a [float] using [$&lt;read_str_from_txt&gt; =&gt; &lt;str_to_float&gt;$]. Set log level to DEBUG for details
Rebuilding local parsing plan with next candidate parser: $&lt;read_str_from_txt&gt; =&gt; &lt;base64_ascii_str_pickle_to_object&gt; -&gt; &lt;bool_to_float&gt;$
DONE Rebuilding local parsing plan for [/home/travis/build/smarie/python-parsyfiles/parsyfiles/tests/parsing_capabilities_by_type/primitives_data/float/ok/b64pickle-int-5=5.0.txt]. Resuming parsing...
ERROR while parsing [/home/travis/build/smarie/python-parsyfiles/parsyfiles/tests/parsing_capabilities_by_type/primitives_data/float/ok/b64pickle-int-5=5.0.txt] into a [float] using [$&lt;read_str_from_txt&gt; =&gt; &lt;base64_ascii_str_pickle_to_object&gt; -&gt; &lt;bool_to_float&gt;$]. Set log level to DEBUG for details
Rebuilding local parsing plan with next candidate parser: $&lt;read_str_from_txt&gt; =&gt; &lt;base64_ascii_str_pickle_to_object&gt; -&gt; &lt;int_to_float&gt;$
DONE Rebuilding local parsing plan for [/home/travis/build/smarie/python-parsyfiles/parsyfiles/tests/parsing_capabilities_by_type/primitives_data/float/ok/b64pickle-int-5=5.0.txt]. Resuming parsing...
SUCCESS parsed [/home/travis/build/smarie/python-parsyfiles/parsyfiles/tests/parsing_capabilities_by_type/primitives_data/float/ok/b64pickle-int-5=5.0.txt] as a [float] successfully. Parser used was [$&lt;read_str_from_txt&gt; =&gt; &lt;base64_ascii_str_pickle_to_object&gt; -&gt; &lt;int_to_float&gt;$]

5.0==5.0
</system-out></testcase><testcase classname="parsyfiles.tests.parsing_capabilities_by_type.test_parse_primitives" file="parsyfiles/tests/parsing_capabilities_by_type/test_parse_primitives.py" line="179" name="test_parse_by_type[float-ok-b64pickle-bool-False=0.0.txt]" time="0.04445958137512207"><system-out>ERROR while parsing [/home/travis/build/smarie/python-parsyfiles/parsyfiles/tests/parsing_capabilities_by_type/primitives_data/float/ok/b64pickle-bool-False=0.0.txt] into a [float] using [$&lt;read_str_from_txt&gt; =&gt; &lt;str_to_float&gt;$]. Set log level to DEBUG for details
Rebuilding local parsing plan with next candidate parser: $&lt;read_str_from_txt&gt; =&gt; &lt;base64_ascii_str_pickle_to_object&gt; -&gt; &lt;bool_to_float&gt;$
DONE Rebuilding local parsing plan for [/home/travis/build/smarie/python-parsyfiles/parsyfiles/tests/parsing_capabilities_by_type/primitives_data/float/ok/b64pickle-bool-False=0.0.txt]. Resuming parsing...
SUCCESS parsed [/home/travis/build/smarie/python-parsyfiles/parsyfiles/tests/parsing_capabilities_by_type/primitives_data/float/ok/b64pickle-bool-False=0.0.txt] as a [float] successfully. Parser used was [$&lt;read_str_from_txt&gt; =&gt; &lt;base64_ascii_str_pickle_to_object&gt; -&gt; &lt;bool_to_float&gt;$]

0.0==0.0
</system-out></testcase><testcase classname="parsyfiles.tests.parsing_capabilities_by_type.test_parse_primitives" file="parsyfiles/tests/parsing_capabilities_by_type/test_parse_primitives.py" line="179" name="test_parse_by_type[float-ok-pickle-bool-False=0.0.pyc]" time="0.03139162063598633"><system-out>SUCCESS parsed [/home/travis/build/smarie/python-parsyfiles/parsyfiles/tests/parsing_capabilities_by_type/primitives_data/float/ok/pickle-bool-False=0.0.pyc] as a [float] successfully. Parser used was [$&lt;read_object_from_pickle&gt; =&gt; &lt;bool_to_float&gt;$]

0.0==0.0
</system-out></testcase><testcase classname="parsyfiles.tests.parsing_capabilities_by_type.test_parse_primitives" file="parsyfiles/tests/parsing_capabilities_by_type/test_parse_primitives.py" line="179" name="test_parse_by_type[float-ok-txt-bool-True=1.0.txt]" time="0.033468008041381836"><system-out>SUCCESS parsed [/home/travis/build/smarie/python-parsyfiles/parsyfiles/tests/parsing_capabilities_by_type/primitives_data/float/ok/txt-bool-True=1.0.txt] as a [float] successfully. Parser used was [$&lt;read_str_from_txt&gt; =&gt; &lt;str_to_float&gt;$]

1.0==1.0
</system-out></testcase><testcase classname="parsyfiles.tests.parsing_capabilities_by_type.test_parse_primitives" file="parsyfiles/tests/parsing_capabilities_by_type/test_parse_primitives.py" line="179" name="test_parse_by_type[float-ok-txt-float-10.1=10.1.txt]" time="0.034139156341552734"><system-out>SUCCESS parsed [/home/travis/build/smarie/python-parsyfiles/parsyfiles/tests/parsing_capabilities_by_type/primitives_data/float/ok/txt-float-10.1=10.1.txt] as a [float] successfully. Parser used was [$&lt;read_str_from_txt&gt; =&gt; &lt;str_to_float&gt;$]

10.1==10.1
</system-out></testcase><testcase classname="parsyfiles.tests.parsing_capabilities_by_type.test_parse_primitives" file="parsyfiles/tests/parsing_capabilities_by_type/test_parse_primitives.py" line="179" name="test_parse_by_type[float-ok-b64pickle-int-0=0.0.txt]" time="0.03136563301086426"><system-out>ERROR while parsing [/home/travis/build/smarie/python-parsyfiles/parsyfiles/tests/parsing_capabilities_by_type/primitives_data/float/ok/b64pickle-int-0=0.0.txt] into a [float] using [$&lt;read_str_from_txt&gt; =&gt; &lt;str_to_float&gt;$]. Set log level to DEBUG for details
Rebuilding local parsing plan with next candidate parser: $&lt;read_str_from_txt&gt; =&gt; &lt;base64_ascii_str_pickle_to_object&gt; -&gt; &lt;bool_to_float&gt;$
DONE Rebuilding local parsing plan for [/home/travis/build/smarie/python-parsyfiles/parsyfiles/tests/parsing_capabilities_by_type/primitives_data/float/ok/b64pickle-int-0=0.0.txt]. Resuming parsing...
ERROR while parsing [/home/travis/build/smarie/python-parsyfiles/parsyfiles/tests/parsing_capabilities_by_type/primitives_data/float/ok/b64pickle-int-0=0.0.txt] into a [float] using [$&lt;read_str_from_txt&gt; =&gt; &lt;base64_ascii_str_pickle_to_object&gt; -&gt; &lt;bool_to_float&gt;$]. Set log level to DEBUG for details
Rebuilding local parsing plan with next candidate parser: $&lt;read_str_from_txt&gt; =&gt; &lt;base64_ascii_str_pickle_to_object&gt; -&gt; &lt;int_to_float&gt;$
DONE Rebuilding local parsing plan for [/home/travis/build/smarie/python-parsyfiles/parsyfiles/tests/parsing_capabilities_by_type/primitives_data/float/ok/b64pickle-int-0=0.0.txt]. Resuming parsing...
SUCCESS parsed [/home/travis/build/smarie/python-parsyfiles/parsyfiles/tests/parsing_capabilities_by_type/primitives_data/float/ok/b64pickle-int-0=0.0.txt] as a [float] successfully. Parser used was [$&lt;read_str_from_txt&gt; =&gt; &lt;base64_ascii_str_pickle_to_object&gt; -&gt; &lt;int_to_float&gt;$]

0.0==0.0
</system-out></testcase><testcase classname="parsyfiles.tests.parsing_capabilities_by_type.test_parse_primitives" file="parsyfiles/tests/parsing_capabilities_by_type/test_parse_primitives.py" line="179" name="test_parse_by_type[float-ok-pickle-bool-True=1.0.pyc]" time="0.03252148628234863"><system-out>SUCCESS parsed [/home/travis/build/smarie/python-parsyfiles/parsyfiles/tests/parsing_capabilities_by_type/primitives_data/float/ok/pickle-bool-True=1.0.pyc] as a [float] successfully. Parser used was [$&lt;read_object_from_pickle&gt; =&gt; &lt;bool_to_float&gt;$]

1.0==1.0
</system-out></testcase><testcase classname="parsyfiles.tests.parsing_capabilities_by_type.test_parse_primitives" file="parsyfiles/tests/parsing_capabilities_by_type/test_parse_primitives.py" line="179" name="test_parse_by_type[float-ok-pickle-float-10.1=10.1.pyc]" time="0.03320002555847168"><system-out>ERROR while parsing [/home/travis/build/smarie/python-parsyfiles/parsyfiles/tests/parsing_capabilities_by_type/primitives_data/float/ok/pickle-float-10.1=10.1.pyc] into a [float] using [$&lt;read_object_from_pickle&gt; =&gt; &lt;bool_to_float&gt;$]. Set log level to DEBUG for details
Rebuilding local parsing plan with next candidate parser: $&lt;read_object_from_pickle&gt; =&gt; &lt;int_to_float&gt;$
DONE Rebuilding local parsing plan for [/home/travis/build/smarie/python-parsyfiles/parsyfiles/tests/parsing_capabilities_by_type/primitives_data/float/ok/pickle-float-10.1=10.1.pyc]. Resuming parsing...
ERROR while parsing [/home/travis/build/smarie/python-parsyfiles/parsyfiles/tests/parsing_capabilities_by_type/primitives_data/float/ok/pickle-float-10.1=10.1.pyc] into a [float] using [$&lt;read_object_from_pickle&gt; =&gt; &lt;int_to_float&gt;$]. Set log level to DEBUG for details
Rebuilding local parsing plan with next candidate parser: $&lt;read_object_from_pickle&gt; =&gt; &lt;str_to_float&gt;$
DONE Rebuilding local parsing plan for [/home/travis/build/smarie/python-parsyfiles/parsyfiles/tests/parsing_capabilities_by_type/primitives_data/float/ok/pickle-float-10.1=10.1.pyc]. Resuming parsing...
ERROR while parsing [/home/travis/build/smarie/python-parsyfiles/parsyfiles/tests/parsing_capabilities_by_type/primitives_data/float/ok/pickle-float-10.1=10.1.pyc] into a [float] using [$&lt;read_object_from_pickle&gt; =&gt; &lt;str_to_float&gt;$]. Set log level to DEBUG for details
Rebuilding local parsing plan with next candidate parser: &lt;read_object_from_pickle&gt;
DONE Rebuilding local parsing plan for [/home/travis/build/smarie/python-parsyfiles/parsyfiles/tests/parsing_capabilities_by_type/primitives_data/float/ok/pickle-float-10.1=10.1.pyc]. Resuming parsing...
SUCCESS parsed [/home/travis/build/smarie/python-parsyfiles/parsyfiles/tests/parsing_capabilities_by_type/primitives_data/float/ok/pickle-float-10.1=10.1.pyc] as a [float] successfully. Parser used was [&lt;read_object_from_pickle&gt;]

10.1==10.1
</system-out></testcase><testcase classname="parsyfiles.tests.parsing_capabilities_by_type.test_parse_primitives" file="parsyfiles/tests/parsing_capabilities_by_type/test_parse_primitives.py" line="179" name="test_parse_by_type[float-ok-pickle-float--5.2=-5.2.pyc]" time="0.03798627853393555"><system-out>ERROR while parsing [/home/travis/build/smarie/python-parsyfiles/parsyfiles/tests/parsing_capabilities_by_type/primitives_data/float/ok/pickle-float--5.2=-5.2.pyc] into a [float] using [$&lt;read_object_from_pickle&gt; =&gt; &lt;bool_to_float&gt;$]. Set log level to DEBUG for details
Rebuilding local parsing plan with next candidate parser: $&lt;read_object_from_pickle&gt; =&gt; &lt;int_to_float&gt;$
DONE Rebuilding local parsing plan for [/home/travis/build/smarie/python-parsyfiles/parsyfiles/tests/parsing_capabilities_by_type/primitives_data/float/ok/pickle-float--5.2=-5.2.pyc]. Resuming parsing...
ERROR while parsing [/home/travis/build/smarie/python-parsyfiles/parsyfiles/tests/parsing_capabilities_by_type/primitives_data/float/ok/pickle-float--5.2=-5.2.pyc] into a [float] using [$&lt;read_object_from_pickle&gt; =&gt; &lt;int_to_float&gt;$]. Set log level to DEBUG for details
Rebuilding local parsing plan with next candidate parser: $&lt;read_object_from_pickle&gt; =&gt; &lt;str_to_float&gt;$
DONE Rebuilding local parsing plan for [/home/travis/build/smarie/python-parsyfiles/parsyfiles/tests/parsing_capabilities_by_type/primitives_data/float/ok/pickle-float--5.2=-5.2.pyc]. Resuming parsing...
ERROR while parsing [/home/travis/build/smarie/python-parsyfiles/parsyfiles/tests/parsing_capabilities_by_type/primitives_data/float/ok/pickle-float--5.2=-5.2.pyc] into a [float] using [$&lt;read_object_from_pickle&gt; =&gt; &lt;str_to_float&gt;$]. Set log level to DEBUG for details
Rebuilding local parsing plan with next candidate parser: &lt;read_object_from_pickle&gt;
DONE Rebuilding local parsing plan for [/home/travis/build/smarie/python-parsyfiles/parsyfiles/tests/parsing_capabilities_by_type/primitives_data/float/ok/pickle-float--5.2=-5.2.pyc]. Resuming parsing...
SUCCESS parsed [/home/travis/build/smarie/python-parsyfiles/parsyfiles/tests/parsing_capabilities_by_type/primitives_data/float/ok/pickle-float--5.2=-5.2.pyc] as a [float] successfully. Parser used was [&lt;read_object_from_pickle&gt;]

-5.2==-5.2
</system-out></testcase><testcase classname="parsyfiles.tests.parsing_capabilities_by_type.test_parse_primitives" file="parsyfiles/tests/parsing_capabilities_by_type/test_parse_primitives.py" line="179" name="test_parse_by_type[float-ok-pickle-float-0.0=0.0.pyc]" time="0.035550594329833984"><system-out>ERROR while parsing [/home/travis/build/smarie/python-parsyfiles/parsyfiles/tests/parsing_capabilities_by_type/primitives_data/float/ok/pickle-float-0.0=0.0.pyc] into a [float] using [$&lt;read_object_from_pickle&gt; =&gt; &lt;bool_to_float&gt;$]. Set log level to DEBUG for details
Rebuilding local parsing plan with next candidate parser: $&lt;read_object_from_pickle&gt; =&gt; &lt;int_to_float&gt;$
DONE Rebuilding local parsing plan for [/home/travis/build/smarie/python-parsyfiles/parsyfiles/tests/parsing_capabilities_by_type/primitives_data/float/ok/pickle-float-0.0=0.0.pyc]. Resuming parsing...
ERROR while parsing [/home/travis/build/smarie/python-parsyfiles/parsyfiles/tests/parsing_capabilities_by_type/primitives_data/float/ok/pickle-float-0.0=0.0.pyc] into a [float] using [$&lt;read_object_from_pickle&gt; =&gt; &lt;int_to_float&gt;$]. Set log level to DEBUG for details
Rebuilding local parsing plan with next candidate parser: $&lt;read_object_from_pickle&gt; =&gt; &lt;str_to_float&gt;$
DONE Rebuilding local parsing plan for [/home/travis/build/smarie/python-parsyfiles/parsyfiles/tests/parsing_capabilities_by_type/primitives_data/float/ok/pickle-float-0.0=0.0.pyc]. Resuming parsing...
ERROR while parsing [/home/travis/build/smarie/python-parsyfiles/parsyfiles/tests/parsing_capabilities_by_type/primitives_data/float/ok/pickle-float-0.0=0.0.pyc] into a [float] using [$&lt;read_object_from_pickle&gt; =&gt; &lt;str_to_float&gt;$]. Set log level to DEBUG for details
Rebuilding local parsing plan with next candidate parser: &lt;read_object_from_pickle&gt;
DONE Rebuilding local parsing plan for [/home/travis/build/smarie/python-parsyfiles/parsyfiles/tests/parsing_capabilities_by_type/primitives_data/float/ok/pickle-float-0.0=0.0.pyc]. Resuming parsing...
SUCCESS parsed [/home/travis/build/smarie/python-parsyfiles/parsyfiles/tests/parsing_capabilities_by_type/primitives_data/float/ok/pickle-float-0.0=0.0.pyc] as a [float] successfully. Parser used was [&lt;read_object_from_pickle&gt;]

0.0==0.0
</system-out></testcase><testcase classname="parsyfiles.tests.parsing_capabilities_by_type.test_parse_primitives" file="parsyfiles/tests/parsing_capabilities_by_type/test_parse_primitives.py" line="179" name="test_parse_by_type[float-ok-txt-int--2=-2.0.txt]" time="0.03251957893371582"><system-out>SUCCESS parsed [/home/travis/build/smarie/python-parsyfiles/parsyfiles/tests/parsing_capabilities_by_type/primitives_data/float/ok/txt-int--2=-2.0.txt] as a [float] successfully. Parser used was [$&lt;read_str_from_txt&gt; =&gt; &lt;str_to_float&gt;$]

-2.0==-2.0
</system-out></testcase><testcase classname="parsyfiles.tests.parsing_capabilities_by_type.test_parse_primitives" file="parsyfiles/tests/parsing_capabilities_by_type/test_parse_primitives.py" line="179" name="test_parse_by_type[float-ok-txt-float-0.0=0.0.txt]" time="0.03288912773132324"><system-out>SUCCESS parsed [/home/travis/build/smarie/python-parsyfiles/parsyfiles/tests/parsing_capabilities_by_type/primitives_data/float/ok/txt-float-0.0=0.0.txt] as a [float] successfully. Parser used was [$&lt;read_str_from_txt&gt; =&gt; &lt;str_to_float&gt;$]

0.0==0.0
</system-out></testcase><testcase classname="parsyfiles.tests.parsing_capabilities_by_type.test_parse_primitives" file="parsyfiles/tests/parsing_capabilities_by_type/test_parse_primitives.py" line="179" name="test_parse_by_type[float-ok-txt-int-0=0.0.txt]" time="0.03269529342651367"><system-out>SUCCESS parsed [/home/travis/build/smarie/python-parsyfiles/parsyfiles/tests/parsing_capabilities_by_type/primitives_data/float/ok/txt-int-0=0.0.txt] as a [float] successfully. Parser used was [$&lt;read_str_from_txt&gt; =&gt; &lt;str_to_float&gt;$]

0.0==0.0
</system-out></testcase><testcase classname="parsyfiles.tests.parsing_capabilities_by_type.test_parse_primitives" file="parsyfiles/tests/parsing_capabilities_by_type/test_parse_primitives.py" line="179" name="test_parse_by_type[float-ok-pickle-int--2=-2.0.pyc]" time="0.03224802017211914"><system-out>ERROR while parsing [/home/travis/build/smarie/python-parsyfiles/parsyfiles/tests/parsing_capabilities_by_type/primitives_data/float/ok/pickle-int--2=-2.0.pyc] into a [float] using [$&lt;read_object_from_pickle&gt; =&gt; &lt;bool_to_float&gt;$]. Set log level to DEBUG for details
Rebuilding local parsing plan with next candidate parser: $&lt;read_object_from_pickle&gt; =&gt; &lt;int_to_float&gt;$
DONE Rebuilding local parsing plan for [/home/travis/build/smarie/python-parsyfiles/parsyfiles/tests/parsing_capabilities_by_type/primitives_data/float/ok/pickle-int--2=-2.0.pyc]. Resuming parsing...
SUCCESS parsed [/home/travis/build/smarie/python-parsyfiles/parsyfiles/tests/parsing_capabilities_by_type/primitives_data/float/ok/pickle-int--2=-2.0.pyc] as a [float] successfully. Parser used was [$&lt;read_object_from_pickle&gt; =&gt; &lt;int_to_float&gt;$]

-2.0==-2.0
</system-out></testcase><testcase classname="parsyfiles.tests.parsing_capabilities_by_type.test_parse_primitives" file="parsyfiles/tests/parsing_capabilities_by_type/test_parse_primitives.py" line="179" name="test_parse_by_type[float-ok-pickle-int-0=0.0.pyc]" time="0.033864498138427734"><system-out>ERROR while parsing [/home/travis/build/smarie/python-parsyfiles/parsyfiles/tests/parsing_capabilities_by_type/primitives_data/float/ok/pickle-int-0=0.0.pyc] into a [float] using [$&lt;read_object_from_pickle&gt; =&gt; &lt;bool_to_float&gt;$]. Set log level to DEBUG for details
Rebuilding local parsing plan with next candidate parser: $&lt;read_object_from_pickle&gt; =&gt; &lt;int_to_float&gt;$
DONE Rebuilding local parsing plan for [/home/travis/build/smarie/python-parsyfiles/parsyfiles/tests/parsing_capabilities_by_type/primitives_data/float/ok/pickle-int-0=0.0.pyc]. Resuming parsing...
SUCCESS parsed [/home/travis/build/smarie/python-parsyfiles/parsyfiles/tests/parsing_capabilities_by_type/primitives_data/float/ok/pickle-int-0=0.0.pyc] as a [float] successfully. Parser used was [$&lt;read_object_from_pickle&gt; =&gt; &lt;int_to_float&gt;$]

0.0==0.0
</system-out></testcase><testcase classname="parsyfiles.tests.parsing_capabilities_by_type.test_parse_primitives" file="parsyfiles/tests/parsing_capabilities_by_type/test_parse_primitives.py" line="179" name="test_parse_by_type[float-ok-txt-int-5=5.0.txt]" time="0.03372597694396973"><system-out>SUCCESS parsed [/home/travis/build/smarie/python-parsyfiles/parsyfiles/tests/parsing_capabilities_by_type/primitives_data/float/ok/txt-int-5=5.0.txt] as a [float] successfully. Parser used was [$&lt;read_str_from_txt&gt; =&gt; &lt;str_to_float&gt;$]

5.0==5.0
</system-out></testcase><testcase classname="parsyfiles.tests.parsing_capabilities_by_type.test_parse_primitives" file="parsyfiles/tests/parsing_capabilities_by_type/test_parse_primitives.py" line="179" name="test_parse_by_type[float-ok-pickle-int-5=5.0.pyc]" time="0.03224945068359375"><system-out>ERROR while parsing [/home/travis/build/smarie/python-parsyfiles/parsyfiles/tests/parsing_capabilities_by_type/primitives_data/float/ok/pickle-int-5=5.0.pyc] into a [float] using [$&lt;read_object_from_pickle&gt; =&gt; &lt;bool_to_float&gt;$]. Set log level to DEBUG for details
Rebuilding local parsing plan with next candidate parser: $&lt;read_object_from_pickle&gt; =&gt; &lt;int_to_float&gt;$
DONE Rebuilding local parsing plan for [/home/travis/build/smarie/python-parsyfiles/parsyfiles/tests/parsing_capabilities_by_type/primitives_data/float/ok/pickle-int-5=5.0.pyc]. Resuming parsing...
SUCCESS parsed [/home/travis/build/smarie/python-parsyfiles/parsyfiles/tests/parsing_capabilities_by_type/primitives_data/float/ok/pickle-int-5=5.0.pyc] as a [float] successfully. Parser used was [$&lt;read_object_from_pickle&gt; =&gt; &lt;int_to_float&gt;$]

5.0==5.0
</system-out></testcase><testcase classname="parsyfiles.tests.parsing_capabilities_by_type.test_parse_primitives" file="parsyfiles/tests/parsing_capabilities_by_type/test_parse_primitives.py" line="179" name="test_parse_by_type[float-ok-b64pickle-bool-True=1.0.txt]" time="0.03136444091796875"><system-out>ERROR while parsing [/home/travis/build/smarie/python-parsyfiles/parsyfiles/tests/parsing_capabilities_by_type/primitives_data/float/ok/b64pickle-bool-True=1.0.txt] into a [float] using [$&lt;read_str_from_txt&gt; =&gt; &lt;str_to_float&gt;$]. Set log level to DEBUG for details
Rebuilding local parsing plan with next candidate parser: $&lt;read_str_from_txt&gt; =&gt; &lt;base64_ascii_str_pickle_to_object&gt; -&gt; &lt;bool_to_float&gt;$
DONE Rebuilding local parsing plan for [/home/travis/build/smarie/python-parsyfiles/parsyfiles/tests/parsing_capabilities_by_type/primitives_data/float/ok/b64pickle-bool-True=1.0.txt]. Resuming parsing...
SUCCESS parsed [/home/travis/build/smarie/python-parsyfiles/parsyfiles/tests/parsing_capabilities_by_type/primitives_data/float/ok/b64pickle-bool-True=1.0.txt] as a [float] successfully. Parser used was [$&lt;read_str_from_txt&gt; =&gt; &lt;base64_ascii_str_pickle_to_object&gt; -&gt; &lt;bool_to_float&gt;$]

1.0==1.0
</system-out></testcase><testcase classname="parsyfiles.tests.parsing_capabilities_by_type.test_parse_primitives" file="parsyfiles/tests/parsing_capabilities_by_type/test_parse_primitives.py" line="179" name="test_parse_by_type[float-ok-b64pickle-float-0.0=0.0.txt]" time="0.035596370697021484"><system-out>ERROR while parsing [/home/travis/build/smarie/python-parsyfiles/parsyfiles/tests/parsing_capabilities_by_type/primitives_data/float/ok/b64pickle-float-0.0=0.0.txt] into a [float] using [$&lt;read_str_from_txt&gt; =&gt; &lt;str_to_float&gt;$]. Set log level to DEBUG for details
Rebuilding local parsing plan with next candidate parser: $&lt;read_str_from_txt&gt; =&gt; &lt;base64_ascii_str_pickle_to_object&gt; -&gt; &lt;bool_to_float&gt;$
DONE Rebuilding local parsing plan for [/home/travis/build/smarie/python-parsyfiles/parsyfiles/tests/parsing_capabilities_by_type/primitives_data/float/ok/b64pickle-float-0.0=0.0.txt]. Resuming parsing...
ERROR while parsing [/home/travis/build/smarie/python-parsyfiles/parsyfiles/tests/parsing_capabilities_by_type/primitives_data/float/ok/b64pickle-float-0.0=0.0.txt] into a [float] using [$&lt;read_str_from_txt&gt; =&gt; &lt;base64_ascii_str_pickle_to_object&gt; -&gt; &lt;bool_to_float&gt;$]. Set log level to DEBUG for details
Rebuilding local parsing plan with next candidate parser: $&lt;read_str_from_txt&gt; =&gt; &lt;base64_ascii_str_pickle_to_object&gt; -&gt; &lt;int_to_float&gt;$
DONE Rebuilding local parsing plan for [/home/travis/build/smarie/python-parsyfiles/parsyfiles/tests/parsing_capabilities_by_type/primitives_data/float/ok/b64pickle-float-0.0=0.0.txt]. Resuming parsing...
ERROR while parsing [/home/travis/build/smarie/python-parsyfiles/parsyfiles/tests/parsing_capabilities_by_type/primitives_data/float/ok/b64pickle-float-0.0=0.0.txt] into a [float] using [$&lt;read_str_from_txt&gt; =&gt; &lt;base64_ascii_str_pickle_to_object&gt; -&gt; &lt;int_to_float&gt;$]. Set log level to DEBUG for details
Rebuilding local parsing plan with next candidate parser: $&lt;read_str_from_txt&gt; =&gt; &lt;base64_ascii_str_pickle_to_object&gt; -&gt; &lt;str_to_float&gt;$
DONE Rebuilding local parsing plan for [/home/travis/build/smarie/python-parsyfiles/parsyfiles/tests/parsing_capabilities_by_type/primitives_data/float/ok/b64pickle-float-0.0=0.0.txt]. Resuming parsing...
ERROR while parsing [/home/travis/build/smarie/python-parsyfiles/parsyfiles/tests/parsing_capabilities_by_type/primitives_data/float/ok/b64pickle-float-0.0=0.0.txt] into a [float] using [$&lt;read_str_from_txt&gt; =&gt; &lt;base64_ascii_str_pickle_to_object&gt; -&gt; &lt;str_to_float&gt;$]. Set log level to DEBUG for details
Rebuilding local parsing plan with next candidate parser: $&lt;read_str_from_txt&gt; =&gt; &lt;base64_ascii_str_pickle_to_object&gt;$
DONE Rebuilding local parsing plan for [/home/travis/build/smarie/python-parsyfiles/parsyfiles/tests/parsing_capabilities_by_type/primitives_data/float/ok/b64pickle-float-0.0=0.0.txt]. Resuming parsing...
SUCCESS parsed [/home/travis/build/smarie/python-parsyfiles/parsyfiles/tests/parsing_capabilities_by_type/primitives_data/float/ok/b64pickle-float-0.0=0.0.txt] as a [float] successfully. Parser used was [$&lt;read_str_from_txt&gt; =&gt; &lt;base64_ascii_str_pickle_to_object&gt;$]

0.0==0.0
</system-out></testcase><testcase classname="parsyfiles.tests.parsing_capabilities_by_type.test_parse_primitives" file="parsyfiles/tests/parsing_capabilities_by_type/test_parse_primitives.py" line="179" name="test_parse_by_type[float-ok-txt-bool-False=0.0.txt]" time="0.03455853462219238"><system-out>SUCCESS parsed [/home/travis/build/smarie/python-parsyfiles/parsyfiles/tests/parsing_capabilities_by_type/primitives_data/float/ok/txt-bool-False=0.0.txt] as a [float] successfully. Parser used was [$&lt;read_str_from_txt&gt; =&gt; &lt;str_to_float&gt;$]

0.0==0.0
</system-out></testcase><testcase classname="parsyfiles.tests.parsing_capabilities_by_type.test_parse_primitives" file="parsyfiles/tests/parsing_capabilities_by_type/test_parse_primitives.py" line="179" name="test_parse_by_type[float-ok-b64pickle-float-10.1=10.1.txt]" time="0.0367281436920166"><system-out>ERROR while parsing [/home/travis/build/smarie/python-parsyfiles/parsyfiles/tests/parsing_capabilities_by_type/primitives_data/float/ok/b64pickle-float-10.1=10.1.txt] into a [float] using [$&lt;read_str_from_txt&gt; =&gt; &lt;str_to_float&gt;$]. Set log level to DEBUG for details
Rebuilding local parsing plan with next candidate parser: $&lt;read_str_from_txt&gt; =&gt; &lt;base64_ascii_str_pickle_to_object&gt; -&gt; &lt;bool_to_float&gt;$
DONE Rebuilding local parsing plan for [/home/travis/build/smarie/python-parsyfiles/parsyfiles/tests/parsing_capabilities_by_type/primitives_data/float/ok/b64pickle-float-10.1=10.1.txt]. Resuming parsing...
ERROR while parsing [/home/travis/build/smarie/python-parsyfiles/parsyfiles/tests/parsing_capabilities_by_type/primitives_data/float/ok/b64pickle-float-10.1=10.1.txt] into a [float] using [$&lt;read_str_from_txt&gt; =&gt; &lt;base64_ascii_str_pickle_to_object&gt; -&gt; &lt;bool_to_float&gt;$]. Set log level to DEBUG for details
Rebuilding local parsing plan with next candidate parser: $&lt;read_str_from_txt&gt; =&gt; &lt;base64_ascii_str_pickle_to_object&gt; -&gt; &lt;int_to_float&gt;$
DONE Rebuilding local parsing plan for [/home/travis/build/smarie/python-parsyfiles/parsyfiles/tests/parsing_capabilities_by_type/primitives_data/float/ok/b64pickle-float-10.1=10.1.txt]. Resuming parsing...
ERROR while parsing [/home/travis/build/smarie/python-parsyfiles/parsyfiles/tests/parsing_capabilities_by_type/primitives_data/float/ok/b64pickle-float-10.1=10.1.txt] into a [float] using [$&lt;read_str_from_txt&gt; =&gt; &lt;base64_ascii_str_pickle_to_object&gt; -&gt; &lt;int_to_float&gt;$]. Set log level to DEBUG for details
Rebuilding local parsing plan with next candidate parser: $&lt;read_str_from_txt&gt; =&gt; &lt;base64_ascii_str_pickle_to_object&gt; -&gt; &lt;str_to_float&gt;$
DONE Rebuilding local parsing plan for [/home/travis/build/smarie/python-parsyfiles/parsyfiles/tests/parsing_capabilities_by_type/primitives_data/float/ok/b64pickle-float-10.1=10.1.txt]. Resuming parsing...
ERROR while parsing [/home/travis/build/smarie/python-parsyfiles/parsyfiles/tests/parsing_capabilities_by_type/primitives_data/float/ok/b64pickle-float-10.1=10.1.txt] into a [float] using [$&lt;read_str_from_txt&gt; =&gt; &lt;base64_ascii_str_pickle_to_object&gt; -&gt; &lt;str_to_float&gt;$]. Set log level to DEBUG for details
Rebuilding local parsing plan with next candidate parser: $&lt;read_str_from_txt&gt; =&gt; &lt;base64_ascii_str_pickle_to_object&gt;$
DONE Rebuilding local parsing plan for [/home/travis/build/smarie/python-parsyfiles/parsyfiles/tests/parsing_capabilities_by_type/primitives_data/float/ok/b64pickle-float-10.1=10.1.txt]. Resuming parsing...
SUCCESS parsed [/home/travis/build/smarie/python-parsyfiles/parsyfiles/tests/parsing_capabilities_by_type/primitives_data/float/ok/b64pickle-float-10.1=10.1.txt] as a [float] successfully. Parser used was [$&lt;read_str_from_txt&gt; =&gt; &lt;base64_ascii_str_pickle_to_object&gt;$]

10.1==10.1
</system-out></testcase><testcase classname="parsyfiles.tests.parsing_capabilities_by_type.test_parse_primitives" file="parsyfiles/tests/parsing_capabilities_by_type/test_parse_primitives.py" line="179" name="test_parse_by_type[float-err-pickle-str-.pyc]" time="0.03505730628967285"><system-out>ERROR while parsing [/home/travis/build/smarie/python-parsyfiles/parsyfiles/tests/parsing_capabilities_by_type/primitives_data/float/err/pickle-str-.pyc] into a [float] using [$&lt;read_object_from_pickle&gt; =&gt; &lt;bool_to_float&gt;$]. Set log level to DEBUG for details
Rebuilding local parsing plan with next candidate parser: $&lt;read_object_from_pickle&gt; =&gt; &lt;int_to_float&gt;$
DONE Rebuilding local parsing plan for [/home/travis/build/smarie/python-parsyfiles/parsyfiles/tests/parsing_capabilities_by_type/primitives_data/float/err/pickle-str-.pyc]. Resuming parsing...
ERROR while parsing [/home/travis/build/smarie/python-parsyfiles/parsyfiles/tests/parsing_capabilities_by_type/primitives_data/float/err/pickle-str-.pyc] into a [float] using [$&lt;read_object_from_pickle&gt; =&gt; &lt;int_to_float&gt;$]. Set log level to DEBUG for details
Rebuilding local parsing plan with next candidate parser: $&lt;read_object_from_pickle&gt; =&gt; &lt;str_to_float&gt;$
DONE Rebuilding local parsing plan for [/home/travis/build/smarie/python-parsyfiles/parsyfiles/tests/parsing_capabilities_by_type/primitives_data/float/err/pickle-str-.pyc]. Resuming parsing...
ERROR while parsing [/home/travis/build/smarie/python-parsyfiles/parsyfiles/tests/parsing_capabilities_by_type/primitives_data/float/err/pickle-str-.pyc] into a [float] using [$&lt;read_object_from_pickle&gt; =&gt; &lt;str_to_float&gt;$]. Set log level to DEBUG for details
Rebuilding local parsing plan with next candidate parser: &lt;read_object_from_pickle&gt;
DONE Rebuilding local parsing plan for [/home/travis/build/smarie/python-parsyfiles/parsyfiles/tests/parsing_capabilities_by_type/primitives_data/float/err/pickle-str-.pyc]. Resuming parsing...
ERROR while parsing [/home/travis/build/smarie/python-parsyfiles/parsyfiles/tests/parsing_capabilities_by_type/primitives_data/float/err/pickle-str-.pyc] into a [float] using [&lt;read_object_from_pickle&gt;]. Set log level to DEBUG for details
</system-out></testcase><testcase classname="parsyfiles.tests.parsing_capabilities_by_type.test_parse_primitives" file="parsyfiles/tests/parsing_capabilities_by_type/test_parse_primitives.py" line="179" name="test_parse_by_type[float-err-pickle-str-truth.pyc]" time="0.03585457801818848"><system-out>ERROR while parsing [/home/travis/build/smarie/python-parsyfiles/parsyfiles/tests/parsing_capabilities_by_type/primitives_data/float/err/pickle-str-truth.pyc] into a [float] using [$&lt;read_object_from_pickle&gt; =&gt; &lt;bool_to_float&gt;$]. Set log level to DEBUG for details
Rebuilding local parsing plan with next candidate parser: $&lt;read_object_from_pickle&gt; =&gt; &lt;int_to_float&gt;$
DONE Rebuilding local parsing plan for [/home/travis/build/smarie/python-parsyfiles/parsyfiles/tests/parsing_capabilities_by_type/primitives_data/float/err/pickle-str-truth.pyc]. Resuming parsing...
ERROR while parsing [/home/travis/build/smarie/python-parsyfiles/parsyfiles/tests/parsing_capabilities_by_type/primitives_data/float/err/pickle-str-truth.pyc] into a [float] using [$&lt;read_object_from_pickle&gt; =&gt; &lt;int_to_float&gt;$]. Set log level to DEBUG for details
Rebuilding local parsing plan with next candidate parser: $&lt;read_object_from_pickle&gt; =&gt; &lt;str_to_float&gt;$
DONE Rebuilding local parsing plan for [/home/travis/build/smarie/python-parsyfiles/parsyfiles/tests/parsing_capabilities_by_type/primitives_data/float/err/pickle-str-truth.pyc]. Resuming parsing...
ERROR while parsing [/home/travis/build/smarie/python-parsyfiles/parsyfiles/tests/parsing_capabilities_by_type/primitives_data/float/err/pickle-str-truth.pyc] into a [float] using [$&lt;read_object_from_pickle&gt; =&gt; &lt;str_to_float&gt;$]. Set log level to DEBUG for details
Rebuilding local parsing plan with next candidate parser: &lt;read_object_from_pickle&gt;
DONE Rebuilding local parsing plan for [/home/travis/build/smarie/python-parsyfiles/parsyfiles/tests/parsing_capabilities_by_type/primitives_data/float/err/pickle-str-truth.pyc]. Resuming parsing...
ERROR while parsing [/home/travis/build/smarie/python-parsyfiles/parsyfiles/tests/parsing_capabilities_by_type/primitives_data/float/err/pickle-str-truth.pyc] into a [float] using [&lt;read_object_from_pickle&gt;]. Set log level to DEBUG for details
</system-out></testcase><testcase classname="parsyfiles.tests.parsing_capabilities_by_type.test_parse_primitives" file="parsyfiles/tests/parsing_capabilities_by_type/test_parse_primitives.py" line="179" name="test_parse_by_type[float-err-txt-str-.txt]" time="0.03557133674621582"><system-out>ERROR while parsing [/home/travis/build/smarie/python-parsyfiles/parsyfiles/tests/parsing_capabilities_by_type/primitives_data/float/err/txt-str-.txt] into a [float] using [$&lt;read_str_from_txt&gt; =&gt; &lt;str_to_float&gt;$]. Set log level to DEBUG for details
Rebuilding local parsing plan with next candidate parser: $&lt;read_str_from_txt&gt; =&gt; &lt;base64_ascii_str_pickle_to_object&gt; -&gt; &lt;bool_to_float&gt;$
DONE Rebuilding local parsing plan for [/home/travis/build/smarie/python-parsyfiles/parsyfiles/tests/parsing_capabilities_by_type/primitives_data/float/err/txt-str-.txt]. Resuming parsing...
ERROR while parsing [/home/travis/build/smarie/python-parsyfiles/parsyfiles/tests/parsing_capabilities_by_type/primitives_data/float/err/txt-str-.txt] into a [float] using [$&lt;read_str_from_txt&gt; =&gt; &lt;base64_ascii_str_pickle_to_object&gt; -&gt; &lt;bool_to_float&gt;$]. Set log level to DEBUG for details
Rebuilding local parsing plan with next candidate parser: $&lt;read_str_from_txt&gt; =&gt; &lt;base64_ascii_str_pickle_to_object&gt; -&gt; &lt;int_to_float&gt;$
DONE Rebuilding local parsing plan for [/home/travis/build/smarie/python-parsyfiles/parsyfiles/tests/parsing_capabilities_by_type/primitives_data/float/err/txt-str-.txt]. Resuming parsing...
ERROR while parsing [/home/travis/build/smarie/python-parsyfiles/parsyfiles/tests/parsing_capabilities_by_type/primitives_data/float/err/txt-str-.txt] into a [float] using [$&lt;read_str_from_txt&gt; =&gt; &lt;base64_ascii_str_pickle_to_object&gt; -&gt; &lt;int_to_float&gt;$]. Set log level to DEBUG for details
Rebuilding local parsing plan with next candidate parser: $&lt;read_str_from_txt&gt; =&gt; &lt;base64_ascii_str_pickle_to_object&gt; -&gt; &lt;str_to_float&gt;$
DONE Rebuilding local parsing plan for [/home/travis/build/smarie/python-parsyfiles/parsyfiles/tests/parsing_capabilities_by_type/primitives_data/float/err/txt-str-.txt]. Resuming parsing...
ERROR while parsing [/home/travis/build/smarie/python-parsyfiles/parsyfiles/tests/parsing_capabilities_by_type/primitives_data/float/err/txt-str-.txt] into a [float] using [$&lt;read_str_from_txt&gt; =&gt; &lt;base64_ascii_str_pickle_to_object&gt; -&gt; &lt;str_to_float&gt;$]. Set log level to DEBUG for details
Rebuilding local parsing plan with next candidate parser: $&lt;read_str_from_txt&gt; =&gt; &lt;base64_ascii_str_pickle_to_object&gt;$
DONE Rebuilding local parsing plan for [/home/travis/build/smarie/python-parsyfiles/parsyfiles/tests/parsing_capabilities_by_type/primitives_data/float/err/txt-str-.txt]. Resuming parsing...
ERROR while parsing [/home/travis/build/smarie/python-parsyfiles/parsyfiles/tests/parsing_capabilities_by_type/primitives_data/float/err/txt-str-.txt] into a [float] using [$&lt;read_str_from_txt&gt; =&gt; &lt;base64_ascii_str_pickle_to_object&gt;$]. Set log level to DEBUG for details
</system-out></testcase><testcase classname="parsyfiles.tests.parsing_capabilities_by_type.test_parse_primitives" file="parsyfiles/tests/parsing_capabilities_by_type/test_parse_primitives.py" line="179" name="test_parse_by_type[float-err-b64pickle-str-.txt]" time="0.03582930564880371"><system-out>ERROR while parsing [/home/travis/build/smarie/python-parsyfiles/parsyfiles/tests/parsing_capabilities_by_type/primitives_data/float/err/b64pickle-str-.txt] into a [float] using [$&lt;read_str_from_txt&gt; =&gt; &lt;str_to_float&gt;$]. Set log level to DEBUG for details
Rebuilding local parsing plan with next candidate parser: $&lt;read_str_from_txt&gt; =&gt; &lt;base64_ascii_str_pickle_to_object&gt; -&gt; &lt;bool_to_float&gt;$
DONE Rebuilding local parsing plan for [/home/travis/build/smarie/python-parsyfiles/parsyfiles/tests/parsing_capabilities_by_type/primitives_data/float/err/b64pickle-str-.txt]. Resuming parsing...
ERROR while parsing [/home/travis/build/smarie/python-parsyfiles/parsyfiles/tests/parsing_capabilities_by_type/primitives_data/float/err/b64pickle-str-.txt] into a [float] using [$&lt;read_str_from_txt&gt; =&gt; &lt;base64_ascii_str_pickle_to_object&gt; -&gt; &lt;bool_to_float&gt;$]. Set log level to DEBUG for details
Rebuilding local parsing plan with next candidate parser: $&lt;read_str_from_txt&gt; =&gt; &lt;base64_ascii_str_pickle_to_object&gt; -&gt; &lt;int_to_float&gt;$
DONE Rebuilding local parsing plan for [/home/travis/build/smarie/python-parsyfiles/parsyfiles/tests/parsing_capabilities_by_type/primitives_data/float/err/b64pickle-str-.txt]. Resuming parsing...
ERROR while parsing [/home/travis/build/smarie/python-parsyfiles/parsyfiles/tests/parsing_capabilities_by_type/primitives_data/float/err/b64pickle-str-.txt] into a [float] using [$&lt;read_str_from_txt&gt; =&gt; &lt;base64_ascii_str_pickle_to_object&gt; -&gt; &lt;int_to_float&gt;$]. Set log level to DEBUG for details
Rebuilding local parsing plan with next candidate parser: $&lt;read_str_from_txt&gt; =&gt; &lt;base64_ascii_str_pickle_to_object&gt; -&gt; &lt;str_to_float&gt;$
DONE Rebuilding local parsing plan for [/home/travis/build/smarie/python-parsyfiles/parsyfiles/tests/parsing_capabilities_by_type/primitives_data/float/err/b64pickle-str-.txt]. Resuming parsing...
ERROR while parsing [/home/travis/build/smarie/python-parsyfiles/parsyfiles/tests/parsing_capabilities_by_type/primitives_data/float/err/b64pickle-str-.txt] into a [float] using [$&lt;read_str_from_txt&gt; =&gt; &lt;base64_ascii_str_pickle_to_object&gt; -&gt; &lt;str_to_float&gt;$]. Set log level to DEBUG for details
Rebuilding local parsing plan with next candidate parser: $&lt;read_str_from_txt&gt; =&gt; &lt;base64_ascii_str_pickle_to_object&gt;$
DONE Rebuilding local parsing plan for [/home/travis/build/smarie/python-parsyfiles/parsyfiles/tests/parsing_capabilities_by_type/primitives_data/float/err/b64pickle-str-.txt]. Resuming parsing...
ERROR while parsing [/home/travis/build/smarie/python-parsyfiles/parsyfiles/tests/parsing_capabilities_by_type/primitives_data/float/err/b64pickle-str-.txt] into a [float] using [$&lt;read_str_from_txt&gt; =&gt; &lt;base64_ascii_str_pickle_to_object&gt;$]. Set log level to DEBUG for details
</system-out></testcase><testcase classname="parsyfiles.tests.parsing_capabilities_by_type.test_parse_primitives" file="parsyfiles/tests/parsing_capabilities_by_type/test_parse_primitives.py" line="179" name="test_parse_by_type[float-err-b64pickle-str-truth.txt]" time="0.03344249725341797"><system-out>ERROR while parsing [/home/travis/build/smarie/python-parsyfiles/parsyfiles/tests/parsing_capabilities_by_type/primitives_data/float/err/b64pickle-str-truth.txt] into a [float] using [$&lt;read_str_from_txt&gt; =&gt; &lt;str_to_float&gt;$]. Set log level to DEBUG for details
Rebuilding local parsing plan with next candidate parser: $&lt;read_str_from_txt&gt; =&gt; &lt;base64_ascii_str_pickle_to_object&gt; -&gt; &lt;bool_to_float&gt;$
DONE Rebuilding local parsing plan for [/home/travis/build/smarie/python-parsyfiles/parsyfiles/tests/parsing_capabilities_by_type/primitives_data/float/err/b64pickle-str-truth.txt]. Resuming parsing...
ERROR while parsing [/home/travis/build/smarie/python-parsyfiles/parsyfiles/tests/parsing_capabilities_by_type/primitives_data/float/err/b64pickle-str-truth.txt] into a [float] using [$&lt;read_str_from_txt&gt; =&gt; &lt;base64_ascii_str_pickle_to_object&gt; -&gt; &lt;bool_to_float&gt;$]. Set log level to DEBUG for details
Rebuilding local parsing plan with next candidate parser: $&lt;read_str_from_txt&gt; =&gt; &lt;base64_ascii_str_pickle_to_object&gt; -&gt; &lt;int_to_float&gt;$
DONE Rebuilding local parsing plan for [/home/travis/build/smarie/python-parsyfiles/parsyfiles/tests/parsing_capabilities_by_type/primitives_data/float/err/b64pickle-str-truth.txt]. Resuming parsing...
ERROR while parsing [/home/travis/build/smarie/python-parsyfiles/parsyfiles/tests/parsing_capabilities_by_type/primitives_data/float/err/b64pickle-str-truth.txt] into a [float] using [$&lt;read_str_from_txt&gt; =&gt; &lt;base64_ascii_str_pickle_to_object&gt; -&gt; &lt;int_to_float&gt;$]. Set log level to DEBUG for details
Rebuilding local parsing plan with next candidate parser: $&lt;read_str_from_txt&gt; =&gt; &lt;base64_ascii_str_pickle_to_object&gt; -&gt; &lt;str_to_float&gt;$
DONE Rebuilding local parsing plan for [/home/travis/build/smarie/python-parsyfiles/parsyfiles/tests/parsing_capabilities_by_type/primitives_data/float/err/b64pickle-str-truth.txt]. Resuming parsing...
ERROR while parsing [/home/travis/build/smarie/python-parsyfiles/parsyfiles/tests/parsing_capabilities_by_type/primitives_data/float/err/b64pickle-str-truth.txt] into a [float] using [$&lt;read_str_from_txt&gt; =&gt; &lt;base64_ascii_str_pickle_to_object&gt; -&gt; &lt;str_to_float&gt;$]. Set log level to DEBUG for details
Rebuilding local parsing plan with next candidate parser: $&lt;read_str_from_txt&gt; =&gt; &lt;base64_ascii_str_pickle_to_object&gt;$
DONE Rebuilding local parsing plan for [/home/travis/build/smarie/python-parsyfiles/parsyfiles/tests/parsing_capabilities_by_type/primitives_data/float/err/b64pickle-str-truth.txt]. Resuming parsing...
ERROR while parsing [/home/travis/build/smarie/python-parsyfiles/parsyfiles/tests/parsing_capabilities_by_type/primitives_data/float/err/b64pickle-str-truth.txt] into a [float] using [$&lt;read_str_from_txt&gt; =&gt; &lt;base64_ascii_str_pickle_to_object&gt;$]. Set log level to DEBUG for details
</system-out></testcase><testcase classname="parsyfiles.tests.parsing_capabilities_by_type.test_parse_primitives" file="parsyfiles/tests/parsing_capabilities_by_type/test_parse_primitives.py" line="179" name="test_parse_by_type[float-err-txt-str-truth.txt]" time="0.036096811294555664"><system-out>ERROR while parsing [/home/travis/build/smarie/python-parsyfiles/parsyfiles/tests/parsing_capabilities_by_type/primitives_data/float/err/txt-str-truth.txt] into a [float] using [$&lt;read_str_from_txt&gt; =&gt; &lt;str_to_float&gt;$]. Set log level to DEBUG for details
Rebuilding local parsing plan with next candidate parser: $&lt;read_str_from_txt&gt; =&gt; &lt;base64_ascii_str_pickle_to_object&gt; -&gt; &lt;bool_to_float&gt;$
DONE Rebuilding local parsing plan for [/home/travis/build/smarie/python-parsyfiles/parsyfiles/tests/parsing_capabilities_by_type/primitives_data/float/err/txt-str-truth.txt]. Resuming parsing...
ERROR while parsing [/home/travis/build/smarie/python-parsyfiles/parsyfiles/tests/parsing_capabilities_by_type/primitives_data/float/err/txt-str-truth.txt] into a [float] using [$&lt;read_str_from_txt&gt; =&gt; &lt;base64_ascii_str_pickle_to_object&gt; -&gt; &lt;bool_to_float&gt;$]. Set log level to DEBUG for details
Rebuilding local parsing plan with next candidate parser: $&lt;read_str_from_txt&gt; =&gt; &lt;base64_ascii_str_pickle_to_object&gt; -&gt; &lt;int_to_float&gt;$
DONE Rebuilding local parsing plan for [/home/travis/build/smarie/python-parsyfiles/parsyfiles/tests/parsing_capabilities_by_type/primitives_data/float/err/txt-str-truth.txt]. Resuming parsing...
ERROR while parsing [/home/travis/build/smarie/python-parsyfiles/parsyfiles/tests/parsing_capabilities_by_type/primitives_data/float/err/txt-str-truth.txt] into a [float] using [$&lt;read_str_from_txt&gt; =&gt; &lt;base64_ascii_str_pickle_to_object&gt; -&gt; &lt;int_to_float&gt;$]. Set log level to DEBUG for details
Rebuilding local parsing plan with next candidate parser: $&lt;read_str_from_txt&gt; =&gt; &lt;base64_ascii_str_pickle_to_object&gt; -&gt; &lt;str_to_float&gt;$
DONE Rebuilding local parsing plan for [/home/travis/build/smarie/python-parsyfiles/parsyfiles/tests/parsing_capabilities_by_type/primitives_data/float/err/txt-str-truth.txt]. Resuming parsing...
ERROR while parsing [/home/travis/build/smarie/python-parsyfiles/parsyfiles/tests/parsing_capabilities_by_type/primitives_data/float/err/txt-str-truth.txt] into a [float] using [$&lt;read_str_from_txt&gt; =&gt; &lt;base64_ascii_str_pickle_to_object&gt; -&gt; &lt;str_to_float&gt;$]. Set log level to DEBUG for details
Rebuilding local parsing plan with next candidate parser: $&lt;read_str_from_txt&gt; =&gt; &lt;base64_ascii_str_pickle_to_object&gt;$
DONE Rebuilding local parsing plan for [/home/travis/build/smarie/python-parsyfiles/parsyfiles/tests/parsing_capabilities_by_type/primitives_data/float/err/txt-str-truth.txt]. Resuming parsing...
ERROR while parsing [/home/travis/build/smarie/python-parsyfiles/parsyfiles/tests/parsing_capabilities_by_type/primitives_data/float/err/txt-str-truth.txt] into a [float] using [$&lt;read_str_from_txt&gt; =&gt; &lt;base64_ascii_str_pickle_to_object&gt;$]. Set log level to DEBUG for details
</system-out></testcase><testcase classname="parsyfiles.tests.parsing_capabilities_by_type.test_parse_primitives" file="parsyfiles/tests/parsing_capabilities_by_type/test_parse_primitives.py" line="179" name="test_parse_by_type[int-ok-b64pickle-bool-False=0.txt]" time="0.038567304611206055"><system-out>ERROR while parsing [/home/travis/build/smarie/python-parsyfiles/parsyfiles/tests/parsing_capabilities_by_type/primitives_data/int/ok/b64pickle-bool-False=0.txt] into a [int] using [$&lt;read_str_from_txt&gt; =&gt; &lt;str_to_int&gt;$]. Set log level to DEBUG for details
Rebuilding local parsing plan with next candidate parser: $&lt;read_str_from_txt&gt; =&gt; &lt;base64_ascii_str_pickle_to_object&gt; -&gt; &lt;bool_to_int&gt;$
DONE Rebuilding local parsing plan for [/home/travis/build/smarie/python-parsyfiles/parsyfiles/tests/parsing_capabilities_by_type/primitives_data/int/ok/b64pickle-bool-False=0.txt]. Resuming parsing...
SUCCESS parsed [/home/travis/build/smarie/python-parsyfiles/parsyfiles/tests/parsing_capabilities_by_type/primitives_data/int/ok/b64pickle-bool-False=0.txt] as a [int] successfully. Parser used was [$&lt;read_str_from_txt&gt; =&gt; &lt;base64_ascii_str_pickle_to_object&gt; -&gt; &lt;bool_to_int&gt;$]

0==0
</system-out></testcase><testcase classname="parsyfiles.tests.parsing_capabilities_by_type.test_parse_primitives" file="parsyfiles/tests/parsing_capabilities_by_type/test_parse_primitives.py" line="179" name="test_parse_by_type[int-ok-b64pickle-float--5.0=-5.txt]" time="0.039287567138671875"><system-out>ERROR while parsing [/home/travis/build/smarie/python-parsyfiles/parsyfiles/tests/parsing_capabilities_by_type/primitives_data/int/ok/b64pickle-float--5.0=-5.txt] into a [int] using [$&lt;read_str_from_txt&gt; =&gt; &lt;str_to_int&gt;$]. Set log level to DEBUG for details
Rebuilding local parsing plan with next candidate parser: $&lt;read_str_from_txt&gt; =&gt; &lt;base64_ascii_str_pickle_to_object&gt; -&gt; &lt;bool_to_int&gt;$
DONE Rebuilding local parsing plan for [/home/travis/build/smarie/python-parsyfiles/parsyfiles/tests/parsing_capabilities_by_type/primitives_data/int/ok/b64pickle-float--5.0=-5.txt]. Resuming parsing...
ERROR while parsing [/home/travis/build/smarie/python-parsyfiles/parsyfiles/tests/parsing_capabilities_by_type/primitives_data/int/ok/b64pickle-float--5.0=-5.txt] into a [int] using [$&lt;read_str_from_txt&gt; =&gt; &lt;base64_ascii_str_pickle_to_object&gt; -&gt; &lt;bool_to_int&gt;$]. Set log level to DEBUG for details
Rebuilding local parsing plan with next candidate parser: $&lt;read_str_from_txt&gt; =&gt; &lt;base64_ascii_str_pickle_to_object&gt; -&gt; &lt;float_to_int&gt;$
DONE Rebuilding local parsing plan for [/home/travis/build/smarie/python-parsyfiles/parsyfiles/tests/parsing_capabilities_by_type/primitives_data/int/ok/b64pickle-float--5.0=-5.txt]. Resuming parsing...
SUCCESS parsed [/home/travis/build/smarie/python-parsyfiles/parsyfiles/tests/parsing_capabilities_by_type/primitives_data/int/ok/b64pickle-float--5.0=-5.txt] as a [int] successfully. Parser used was [$&lt;read_str_from_txt&gt; =&gt; &lt;base64_ascii_str_pickle_to_object&gt; -&gt; &lt;float_to_int&gt;$]

-5==-5
</system-out></testcase><testcase classname="parsyfiles.tests.parsing_capabilities_by_type.test_parse_primitives" file="parsyfiles/tests/parsing_capabilities_by_type/test_parse_primitives.py" line="179" name="test_parse_by_type[int-ok-b64pickle-int--2=-2.txt]" time="0.04488945007324219"><system-out>ERROR while parsing [/home/travis/build/smarie/python-parsyfiles/parsyfiles/tests/parsing_capabilities_by_type/primitives_data/int/ok/b64pickle-int--2=-2.txt] into a [int] using [$&lt;read_str_from_txt&gt; =&gt; &lt;str_to_int&gt;$]. Set log level to DEBUG for details
Rebuilding local parsing plan with next candidate parser: $&lt;read_str_from_txt&gt; =&gt; &lt;base64_ascii_str_pickle_to_object&gt; -&gt; &lt;bool_to_int&gt;$
DONE Rebuilding local parsing plan for [/home/travis/build/smarie/python-parsyfiles/parsyfiles/tests/parsing_capabilities_by_type/primitives_data/int/ok/b64pickle-int--2=-2.txt]. Resuming parsing...
ERROR while parsing [/home/travis/build/smarie/python-parsyfiles/parsyfiles/tests/parsing_capabilities_by_type/primitives_data/int/ok/b64pickle-int--2=-2.txt] into a [int] using [$&lt;read_str_from_txt&gt; =&gt; &lt;base64_ascii_str_pickle_to_object&gt; -&gt; &lt;bool_to_int&gt;$]. Set log level to DEBUG for details
Rebuilding local parsing plan with next candidate parser: $&lt;read_str_from_txt&gt; =&gt; &lt;base64_ascii_str_pickle_to_object&gt; -&gt; &lt;float_to_int&gt;$
DONE Rebuilding local parsing plan for [/home/travis/build/smarie/python-parsyfiles/parsyfiles/tests/parsing_capabilities_by_type/primitives_data/int/ok/b64pickle-int--2=-2.txt]. Resuming parsing...
ERROR while parsing [/home/travis/build/smarie/python-parsyfiles/parsyfiles/tests/parsing_capabilities_by_type/primitives_data/int/ok/b64pickle-int--2=-2.txt] into a [int] using [$&lt;read_str_from_txt&gt; =&gt; &lt;base64_ascii_str_pickle_to_object&gt; -&gt; &lt;float_to_int&gt;$]. Set log level to DEBUG for details
Rebuilding local parsing plan with next candidate parser: $&lt;read_str_from_txt&gt; =&gt; &lt;base64_ascii_str_pickle_to_object&gt; -&gt; &lt;str_to_int&gt;$
DONE Rebuilding local parsing plan for [/home/travis/build/smarie/python-parsyfiles/parsyfiles/tests/parsing_capabilities_by_type/primitives_data/int/ok/b64pickle-int--2=-2.txt]. Resuming parsing...
ERROR while parsing [/home/travis/build/smarie/python-parsyfiles/parsyfiles/tests/parsing_capabilities_by_type/primitives_data/int/ok/b64pickle-int--2=-2.txt] into a [int] using [$&lt;read_str_from_txt&gt; =&gt; &lt;base64_ascii_str_pickle_to_object&gt; -&gt; &lt;str_to_int&gt;$]. Set log level to DEBUG for details
Rebuilding local parsing plan with next candidate parser: $&lt;read_str_from_txt&gt; =&gt; &lt;str_to_bool&gt;$
DONE Rebuilding local parsing plan for [/home/travis/build/smarie/python-parsyfiles/parsyfiles/tests/parsing_capabilities_by_type/primitives_data/int/ok/b64pickle-int--2=-2.txt]. Resuming parsing...
ERROR while parsing [/home/travis/build/smarie/python-parsyfiles/parsyfiles/tests/parsing_capabilities_by_type/primitives_data/int/ok/b64pickle-int--2=-2.txt] into a [int] using [$&lt;read_str_from_txt&gt; =&gt; &lt;str_to_bool&gt;$]. Set log level to DEBUG for details
Rebuilding local parsing plan with next candidate parser: $&lt;read_str_from_txt&gt; =&gt; &lt;base64_ascii_str_pickle_to_object&gt; -&gt; &lt;float_to_bool&gt;$
DONE Rebuilding local parsing plan for [/home/travis/build/smarie/python-parsyfiles/parsyfiles/tests/parsing_capabilities_by_type/primitives_data/int/ok/b64pickle-int--2=-2.txt]. Resuming parsing...
ERROR while parsing [/home/travis/build/smarie/python-parsyfiles/parsyfiles/tests/parsing_capabilities_by_type/primitives_data/int/ok/b64pickle-int--2=-2.txt] into a [int] using [$&lt;read_str_from_txt&gt; =&gt; &lt;base64_ascii_str_pickle_to_object&gt; -&gt; &lt;float_to_bool&gt;$]. Set log level to DEBUG for details
Rebuilding local parsing plan with next candidate parser: $&lt;read_str_from_txt&gt; =&gt; &lt;base64_ascii_str_pickle_to_object&gt; -&gt; &lt;int_to_bool&gt;$
DONE Rebuilding local parsing plan for [/home/travis/build/smarie/python-parsyfiles/parsyfiles/tests/parsing_capabilities_by_type/primitives_data/int/ok/b64pickle-int--2=-2.txt]. Resuming parsing...
ERROR while parsing [/home/travis/build/smarie/python-parsyfiles/parsyfiles/tests/parsing_capabilities_by_type/primitives_data/int/ok/b64pickle-int--2=-2.txt] into a [int] using [$&lt;read_str_from_txt&gt; =&gt; &lt;base64_ascii_str_pickle_to_object&gt; -&gt; &lt;int_to_bool&gt;$]. Set log level to DEBUG for details
Rebuilding local parsing plan with next candidate parser: $&lt;read_str_from_txt&gt; =&gt; &lt;base64_ascii_str_pickle_to_object&gt; -&gt; &lt;str_to_bool&gt;$
DONE Rebuilding local parsing plan for [/home/travis/build/smarie/python-parsyfiles/parsyfiles/tests/parsing_capabilities_by_type/primitives_data/int/ok/b64pickle-int--2=-2.txt]. Resuming parsing...
ERROR while parsing [/home/travis/build/smarie/python-parsyfiles/parsyfiles/tests/parsing_capabilities_by_type/primitives_data/int/ok/b64pickle-int--2=-2.txt] into a [int] using [$&lt;read_str_from_txt&gt; =&gt; &lt;base64_ascii_str_pickle_to_object&gt; -&gt; &lt;str_to_bool&gt;$]. Set log level to DEBUG for details
Rebuilding local parsing plan with next candidate parser: $&lt;read_str_from_txt&gt; =&gt; &lt;base64_ascii_str_pickle_to_object&gt;$
DONE Rebuilding local parsing plan for [/home/travis/build/smarie/python-parsyfiles/parsyfiles/tests/parsing_capabilities_by_type/primitives_data/int/ok/b64pickle-int--2=-2.txt]. Resuming parsing...
SUCCESS parsed [/home/travis/build/smarie/python-parsyfiles/parsyfiles/tests/parsing_capabilities_by_type/primitives_data/int/ok/b64pickle-int--2=-2.txt] as a [int] successfully. Parser used was [$&lt;read_str_from_txt&gt; =&gt; &lt;base64_ascii_str_pickle_to_object&gt;$]

-2==-2
</system-out></testcase><testcase classname="parsyfiles.tests.parsing_capabilities_by_type.test_parse_primitives" file="parsyfiles/tests/parsing_capabilities_by_type/test_parse_primitives.py" line="179" name="test_parse_by_type[int-ok-pickle-float--5.0=-5.pyc]" time="0.03828930854797363"><system-out>ERROR while parsing [/home/travis/build/smarie/python-parsyfiles/parsyfiles/tests/parsing_capabilities_by_type/primitives_data/int/ok/pickle-float--5.0=-5.pyc] into a [int] using [$&lt;read_object_from_pickle&gt; =&gt; &lt;bool_to_int&gt;$]. Set log level to DEBUG for details
Rebuilding local parsing plan with next candidate parser: $&lt;read_object_from_pickle&gt; =&gt; &lt;float_to_int&gt;$
DONE Rebuilding local parsing plan for [/home/travis/build/smarie/python-parsyfiles/parsyfiles/tests/parsing_capabilities_by_type/primitives_data/int/ok/pickle-float--5.0=-5.pyc]. Resuming parsing...
SUCCESS parsed [/home/travis/build/smarie/python-parsyfiles/parsyfiles/tests/parsing_capabilities_by_type/primitives_data/int/ok/pickle-float--5.0=-5.pyc] as a [int] successfully. Parser used was [$&lt;read_object_from_pickle&gt; =&gt; &lt;float_to_int&gt;$]

-5==-5
</system-out></testcase><testcase classname="parsyfiles.tests.parsing_capabilities_by_type.test_parse_primitives" file="parsyfiles/tests/parsing_capabilities_by_type/test_parse_primitives.py" line="179" name="test_parse_by_type[int-ok-b64pickle-float-0.0=0.txt]" time="0.03873443603515625"><system-out>ERROR while parsing [/home/travis/build/smarie/python-parsyfiles/parsyfiles/tests/parsing_capabilities_by_type/primitives_data/int/ok/b64pickle-float-0.0=0.txt] into a [int] using [$&lt;read_str_from_txt&gt; =&gt; &lt;str_to_int&gt;$]. Set log level to DEBUG for details
Rebuilding local parsing plan with next candidate parser: $&lt;read_str_from_txt&gt; =&gt; &lt;base64_ascii_str_pickle_to_object&gt; -&gt; &lt;bool_to_int&gt;$
DONE Rebuilding local parsing plan for [/home/travis/build/smarie/python-parsyfiles/parsyfiles/tests/parsing_capabilities_by_type/primitives_data/int/ok/b64pickle-float-0.0=0.txt]. Resuming parsing...
ERROR while parsing [/home/travis/build/smarie/python-parsyfiles/parsyfiles/tests/parsing_capabilities_by_type/primitives_data/int/ok/b64pickle-float-0.0=0.txt] into a [int] using [$&lt;read_str_from_txt&gt; =&gt; &lt;base64_ascii_str_pickle_to_object&gt; -&gt; &lt;bool_to_int&gt;$]. Set log level to DEBUG for details
Rebuilding local parsing plan with next candidate parser: $&lt;read_str_from_txt&gt; =&gt; &lt;base64_ascii_str_pickle_to_object&gt; -&gt; &lt;float_to_int&gt;$
DONE Rebuilding local parsing plan for [/home/travis/build/smarie/python-parsyfiles/parsyfiles/tests/parsing_capabilities_by_type/primitives_data/int/ok/b64pickle-float-0.0=0.txt]. Resuming parsing...
SUCCESS parsed [/home/travis/build/smarie/python-parsyfiles/parsyfiles/tests/parsing_capabilities_by_type/primitives_data/int/ok/b64pickle-float-0.0=0.txt] as a [int] successfully. Parser used was [$&lt;read_str_from_txt&gt; =&gt; &lt;base64_ascii_str_pickle_to_object&gt; -&gt; &lt;float_to_int&gt;$]

0==0
</system-out></testcase><testcase classname="parsyfiles.tests.parsing_capabilities_by_type.test_parse_primitives" file="parsyfiles/tests/parsing_capabilities_by_type/test_parse_primitives.py" line="179" name="test_parse_by_type[int-ok-txt-float-10.0=10.txt]" time="0.03862762451171875"><system-out>SUCCESS parsed [/home/travis/build/smarie/python-parsyfiles/parsyfiles/tests/parsing_capabilities_by_type/primitives_data/int/ok/txt-float-10.0=10.txt] as a [int] successfully. Parser used was [$&lt;read_str_from_txt&gt; =&gt; &lt;str_to_int&gt;$]

10==10
</system-out></testcase><testcase classname="parsyfiles.tests.parsing_capabilities_by_type.test_parse_primitives" file="parsyfiles/tests/parsing_capabilities_by_type/test_parse_primitives.py" line="179" name="test_parse_by_type[int-ok-txt-int--2=-2.txt]" time="0.03884005546569824"><system-out>SUCCESS parsed [/home/travis/build/smarie/python-parsyfiles/parsyfiles/tests/parsing_capabilities_by_type/primitives_data/int/ok/txt-int--2=-2.txt] as a [int] successfully. Parser used was [$&lt;read_str_from_txt&gt; =&gt; &lt;str_to_int&gt;$]

-2==-2
</system-out></testcase><testcase classname="parsyfiles.tests.parsing_capabilities_by_type.test_parse_primitives" file="parsyfiles/tests/parsing_capabilities_by_type/test_parse_primitives.py" line="179" name="test_parse_by_type[int-ok-pickle-bool-True=1.pyc]" time="0.0368194580078125"><system-out>SUCCESS parsed [/home/travis/build/smarie/python-parsyfiles/parsyfiles/tests/parsing_capabilities_by_type/primitives_data/int/ok/pickle-bool-True=1.pyc] as a [int] successfully. Parser used was [$&lt;read_object_from_pickle&gt; =&gt; &lt;bool_to_int&gt;$]

1==1
</system-out></testcase><testcase classname="parsyfiles.tests.parsing_capabilities_by_type.test_parse_primitives" file="parsyfiles/tests/parsing_capabilities_by_type/test_parse_primitives.py" line="179" name="test_parse_by_type[int-ok-b64pickle-float-10.0=10.txt]" time="0.04092097282409668"><system-out>ERROR while parsing [/home/travis/build/smarie/python-parsyfiles/parsyfiles/tests/parsing_capabilities_by_type/primitives_data/int/ok/b64pickle-float-10.0=10.txt] into a [int] using [$&lt;read_str_from_txt&gt; =&gt; &lt;str_to_int&gt;$]. Set log level to DEBUG for details
Rebuilding local parsing plan with next candidate parser: $&lt;read_str_from_txt&gt; =&gt; &lt;base64_ascii_str_pickle_to_object&gt; -&gt; &lt;bool_to_int&gt;$
DONE Rebuilding local parsing plan for [/home/travis/build/smarie/python-parsyfiles/parsyfiles/tests/parsing_capabilities_by_type/primitives_data/int/ok/b64pickle-float-10.0=10.txt]. Resuming parsing...
ERROR while parsing [/home/travis/build/smarie/python-parsyfiles/parsyfiles/tests/parsing_capabilities_by_type/primitives_data/int/ok/b64pickle-float-10.0=10.txt] into a [int] using [$&lt;read_str_from_txt&gt; =&gt; &lt;base64_ascii_str_pickle_to_object&gt; -&gt; &lt;bool_to_int&gt;$]. Set log level to DEBUG for details
Rebuilding local parsing plan with next candidate parser: $&lt;read_str_from_txt&gt; =&gt; &lt;base64_ascii_str_pickle_to_object&gt; -&gt; &lt;float_to_int&gt;$
DONE Rebuilding local parsing plan for [/home/travis/build/smarie/python-parsyfiles/parsyfiles/tests/parsing_capabilities_by_type/primitives_data/int/ok/b64pickle-float-10.0=10.txt]. Resuming parsing...
SUCCESS parsed [/home/travis/build/smarie/python-parsyfiles/parsyfiles/tests/parsing_capabilities_by_type/primitives_data/int/ok/b64pickle-float-10.0=10.txt] as a [int] successfully. Parser used was [$&lt;read_str_from_txt&gt; =&gt; &lt;base64_ascii_str_pickle_to_object&gt; -&gt; &lt;float_to_int&gt;$]

10==10
</system-out></testcase><testcase classname="parsyfiles.tests.parsing_capabilities_by_type.test_parse_primitives" file="parsyfiles/tests/parsing_capabilities_by_type/test_parse_primitives.py" line="179" name="test_parse_by_type[int-ok-b64pickle-int-0=0.txt]" time="0.04123353958129883"><system-out>ERROR while parsing [/home/travis/build/smarie/python-parsyfiles/parsyfiles/tests/parsing_capabilities_by_type/primitives_data/int/ok/b64pickle-int-0=0.txt] into a [int] using [$&lt;read_str_from_txt&gt; =&gt; &lt;str_to_int&gt;$]. Set log level to DEBUG for details
Rebuilding local parsing plan with next candidate parser: $&lt;read_str_from_txt&gt; =&gt; &lt;base64_ascii_str_pickle_to_object&gt; -&gt; &lt;bool_to_int&gt;$
DONE Rebuilding local parsing plan for [/home/travis/build/smarie/python-parsyfiles/parsyfiles/tests/parsing_capabilities_by_type/primitives_data/int/ok/b64pickle-int-0=0.txt]. Resuming parsing...
ERROR while parsing [/home/travis/build/smarie/python-parsyfiles/parsyfiles/tests/parsing_capabilities_by_type/primitives_data/int/ok/b64pickle-int-0=0.txt] into a [int] using [$&lt;read_str_from_txt&gt; =&gt; &lt;base64_ascii_str_pickle_to_object&gt; -&gt; &lt;bool_to_int&gt;$]. Set log level to DEBUG for details
Rebuilding local parsing plan with next candidate parser: $&lt;read_str_from_txt&gt; =&gt; &lt;base64_ascii_str_pickle_to_object&gt; -&gt; &lt;float_to_int&gt;$
DONE Rebuilding local parsing plan for [/home/travis/build/smarie/python-parsyfiles/parsyfiles/tests/parsing_capabilities_by_type/primitives_data/int/ok/b64pickle-int-0=0.txt]. Resuming parsing...
ERROR while parsing [/home/travis/build/smarie/python-parsyfiles/parsyfiles/tests/parsing_capabilities_by_type/primitives_data/int/ok/b64pickle-int-0=0.txt] into a [int] using [$&lt;read_str_from_txt&gt; =&gt; &lt;base64_ascii_str_pickle_to_object&gt; -&gt; &lt;float_to_int&gt;$]. Set log level to DEBUG for details
Rebuilding local parsing plan with next candidate parser: $&lt;read_str_from_txt&gt; =&gt; &lt;base64_ascii_str_pickle_to_object&gt; -&gt; &lt;str_to_int&gt;$
DONE Rebuilding local parsing plan for [/home/travis/build/smarie/python-parsyfiles/parsyfiles/tests/parsing_capabilities_by_type/primitives_data/int/ok/b64pickle-int-0=0.txt]. Resuming parsing...
ERROR while parsing [/home/travis/build/smarie/python-parsyfiles/parsyfiles/tests/parsing_capabilities_by_type/primitives_data/int/ok/b64pickle-int-0=0.txt] into a [int] using [$&lt;read_str_from_txt&gt; =&gt; &lt;base64_ascii_str_pickle_to_object&gt; -&gt; &lt;str_to_int&gt;$]. Set log level to DEBUG for details
Rebuilding local parsing plan with next candidate parser: $&lt;read_str_from_txt&gt; =&gt; &lt;str_to_bool&gt;$
DONE Rebuilding local parsing plan for [/home/travis/build/smarie/python-parsyfiles/parsyfiles/tests/parsing_capabilities_by_type/primitives_data/int/ok/b64pickle-int-0=0.txt]. Resuming parsing...
ERROR while parsing [/home/travis/build/smarie/python-parsyfiles/parsyfiles/tests/parsing_capabilities_by_type/primitives_data/int/ok/b64pickle-int-0=0.txt] into a [int] using [$&lt;read_str_from_txt&gt; =&gt; &lt;str_to_bool&gt;$]. Set log level to DEBUG for details
Rebuilding local parsing plan with next candidate parser: $&lt;read_str_from_txt&gt; =&gt; &lt;base64_ascii_str_pickle_to_object&gt; -&gt; &lt;float_to_bool&gt;$
DONE Rebuilding local parsing plan for [/home/travis/build/smarie/python-parsyfiles/parsyfiles/tests/parsing_capabilities_by_type/primitives_data/int/ok/b64pickle-int-0=0.txt]. Resuming parsing...
ERROR while parsing [/home/travis/build/smarie/python-parsyfiles/parsyfiles/tests/parsing_capabilities_by_type/primitives_data/int/ok/b64pickle-int-0=0.txt] into a [int] using [$&lt;read_str_from_txt&gt; =&gt; &lt;base64_ascii_str_pickle_to_object&gt; -&gt; &lt;float_to_bool&gt;$]. Set log level to DEBUG for details
Rebuilding local parsing plan with next candidate parser: $&lt;read_str_from_txt&gt; =&gt; &lt;base64_ascii_str_pickle_to_object&gt; -&gt; &lt;int_to_bool&gt;$
DONE Rebuilding local parsing plan for [/home/travis/build/smarie/python-parsyfiles/parsyfiles/tests/parsing_capabilities_by_type/primitives_data/int/ok/b64pickle-int-0=0.txt]. Resuming parsing...
SUCCESS parsed [/home/travis/build/smarie/python-parsyfiles/parsyfiles/tests/parsing_capabilities_by_type/primitives_data/int/ok/b64pickle-int-0=0.txt] as a [int] successfully. Parser used was [$&lt;read_str_from_txt&gt; =&gt; &lt;base64_ascii_str_pickle_to_object&gt; -&gt; &lt;int_to_bool&gt;$]

False==0
</system-out></testcase><testcase classname="parsyfiles.tests.parsing_capabilities_by_type.test_parse_primitives" file="parsyfiles/tests/parsing_capabilities_by_type/test_parse_primitives.py" line="179" name="test_parse_by_type[int-ok-pickle-bool-False=0.pyc]" time="0.03852272033691406"><system-out>SUCCESS parsed [/home/travis/build/smarie/python-parsyfiles/parsyfiles/tests/parsing_capabilities_by_type/primitives_data/int/ok/pickle-bool-False=0.pyc] as a [int] successfully. Parser used was [$&lt;read_object_from_pickle&gt; =&gt; &lt;bool_to_int&gt;$]

0==0
</system-out></testcase><testcase classname="parsyfiles.tests.parsing_capabilities_by_type.test_parse_primitives" file="parsyfiles/tests/parsing_capabilities_by_type/test_parse_primitives.py" line="179" name="test_parse_by_type[int-ok-pickle-float-10.0=10.pyc]" time="0.039791107177734375"><system-out>ERROR while parsing [/home/travis/build/smarie/python-parsyfiles/parsyfiles/tests/parsing_capabilities_by_type/primitives_data/int/ok/pickle-float-10.0=10.pyc] into a [int] using [$&lt;read_object_from_pickle&gt; =&gt; &lt;bool_to_int&gt;$]. Set log level to DEBUG for details
Rebuilding local parsing plan with next candidate parser: $&lt;read_object_from_pickle&gt; =&gt; &lt;float_to_int&gt;$
DONE Rebuilding local parsing plan for [/home/travis/build/smarie/python-parsyfiles/parsyfiles/tests/parsing_capabilities_by_type/primitives_data/int/ok/pickle-float-10.0=10.pyc]. Resuming parsing...
SUCCESS parsed [/home/travis/build/smarie/python-parsyfiles/parsyfiles/tests/parsing_capabilities_by_type/primitives_data/int/ok/pickle-float-10.0=10.pyc] as a [int] successfully. Parser used was [$&lt;read_object_from_pickle&gt; =&gt; &lt;float_to_int&gt;$]

10==10
</system-out></testcase><testcase classname="parsyfiles.tests.parsing_capabilities_by_type.test_parse_primitives" file="parsyfiles/tests/parsing_capabilities_by_type/test_parse_primitives.py" line="179" name="test_parse_by_type[int-ok-pickle-int--2=-2.pyc]" time="0.039479732513427734"><system-out>ERROR while parsing [/home/travis/build/smarie/python-parsyfiles/parsyfiles/tests/parsing_capabilities_by_type/primitives_data/int/ok/pickle-int--2=-2.pyc] into a [int] using [$&lt;read_object_from_pickle&gt; =&gt; &lt;bool_to_int&gt;$]. Set log level to DEBUG for details
Rebuilding local parsing plan with next candidate parser: $&lt;read_object_from_pickle&gt; =&gt; &lt;float_to_int&gt;$
DONE Rebuilding local parsing plan for [/home/travis/build/smarie/python-parsyfiles/parsyfiles/tests/parsing_capabilities_by_type/primitives_data/int/ok/pickle-int--2=-2.pyc]. Resuming parsing...
ERROR while parsing [/home/travis/build/smarie/python-parsyfiles/parsyfiles/tests/parsing_capabilities_by_type/primitives_data/int/ok/pickle-int--2=-2.pyc] into a [int] using [$&lt;read_object_from_pickle&gt; =&gt; &lt;float_to_int&gt;$]. Set log level to DEBUG for details
Rebuilding local parsing plan with next candidate parser: $&lt;read_object_from_pickle&gt; =&gt; &lt;str_to_int&gt;$
DONE Rebuilding local parsing plan for [/home/travis/build/smarie/python-parsyfiles/parsyfiles/tests/parsing_capabilities_by_type/primitives_data/int/ok/pickle-int--2=-2.pyc]. Resuming parsing...
ERROR while parsing [/home/travis/build/smarie/python-parsyfiles/parsyfiles/tests/parsing_capabilities_by_type/primitives_data/int/ok/pickle-int--2=-2.pyc] into a [int] using [$&lt;read_object_from_pickle&gt; =&gt; &lt;str_to_int&gt;$]. Set log level to DEBUG for details
Rebuilding local parsing plan with next candidate parser: $&lt;read_object_from_pickle&gt; =&gt; &lt;float_to_bool&gt;$
DONE Rebuilding local parsing plan for [/home/travis/build/smarie/python-parsyfiles/parsyfiles/tests/parsing_capabilities_by_type/primitives_data/int/ok/pickle-int--2=-2.pyc]. Resuming parsing...
ERROR while parsing [/home/travis/build/smarie/python-parsyfiles/parsyfiles/tests/parsing_capabilities_by_type/primitives_data/int/ok/pickle-int--2=-2.pyc] into a [int] using [$&lt;read_object_from_pickle&gt; =&gt; &lt;float_to_bool&gt;$]. Set log level to DEBUG for details
Rebuilding local parsing plan with next candidate parser: $&lt;read_object_from_pickle&gt; =&gt; &lt;int_to_bool&gt;$
DONE Rebuilding local parsing plan for [/home/travis/build/smarie/python-parsyfiles/parsyfiles/tests/parsing_capabilities_by_type/primitives_data/int/ok/pickle-int--2=-2.pyc]. Resuming parsing...
ERROR while parsing [/home/travis/build/smarie/python-parsyfiles/parsyfiles/tests/parsing_capabilities_by_type/primitives_data/int/ok/pickle-int--2=-2.pyc] into a [int] using [$&lt;read_object_from_pickle&gt; =&gt; &lt;int_to_bool&gt;$]. Set log level to DEBUG for details
Rebuilding local parsing plan with next candidate parser: $&lt;read_object_from_pickle&gt; =&gt; &lt;str_to_bool&gt;$
DONE Rebuilding local parsing plan for [/home/travis/build/smarie/python-parsyfiles/parsyfiles/tests/parsing_capabilities_by_type/primitives_data/int/ok/pickle-int--2=-2.pyc]. Resuming parsing...
ERROR while parsing [/home/travis/build/smarie/python-parsyfiles/parsyfiles/tests/parsing_capabilities_by_type/primitives_data/int/ok/pickle-int--2=-2.pyc] into a [int] using [$&lt;read_object_from_pickle&gt; =&gt; &lt;str_to_bool&gt;$]. Set log level to DEBUG for details
Rebuilding local parsing plan with next candidate parser: &lt;read_object_from_pickle&gt;
DONE Rebuilding local parsing plan for [/home/travis/build/smarie/python-parsyfiles/parsyfiles/tests/parsing_capabilities_by_type/primitives_data/int/ok/pickle-int--2=-2.pyc]. Resuming parsing...
SUCCESS parsed [/home/travis/build/smarie/python-parsyfiles/parsyfiles/tests/parsing_capabilities_by_type/primitives_data/int/ok/pickle-int--2=-2.pyc] as a [int] successfully. Parser used was [&lt;read_object_from_pickle&gt;]

-2==-2
</system-out></testcase><testcase classname="parsyfiles.tests.parsing_capabilities_by_type.test_parse_primitives" file="parsyfiles/tests/parsing_capabilities_by_type/test_parse_primitives.py" line="179" name="test_parse_by_type[int-ok-b64pickle-bool-True=1.txt]" time="0.03838324546813965"><system-out>ERROR while parsing [/home/travis/build/smarie/python-parsyfiles/parsyfiles/tests/parsing_capabilities_by_type/primitives_data/int/ok/b64pickle-bool-True=1.txt] into a [int] using [$&lt;read_str_from_txt&gt; =&gt; &lt;str_to_int&gt;$]. Set log level to DEBUG for details
Rebuilding local parsing plan with next candidate parser: $&lt;read_str_from_txt&gt; =&gt; &lt;base64_ascii_str_pickle_to_object&gt; -&gt; &lt;bool_to_int&gt;$
DONE Rebuilding local parsing plan for [/home/travis/build/smarie/python-parsyfiles/parsyfiles/tests/parsing_capabilities_by_type/primitives_data/int/ok/b64pickle-bool-True=1.txt]. Resuming parsing...
SUCCESS parsed [/home/travis/build/smarie/python-parsyfiles/parsyfiles/tests/parsing_capabilities_by_type/primitives_data/int/ok/b64pickle-bool-True=1.txt] as a [int] successfully. Parser used was [$&lt;read_str_from_txt&gt; =&gt; &lt;base64_ascii_str_pickle_to_object&gt; -&gt; &lt;bool_to_int&gt;$]

1==1
</system-out></testcase><testcase classname="parsyfiles.tests.parsing_capabilities_by_type.test_parse_primitives" file="parsyfiles/tests/parsing_capabilities_by_type/test_parse_primitives.py" line="179" name="test_parse_by_type[int-ok-pickle-int-0=0.pyc]" time="0.039671897888183594"><system-out>ERROR while parsing [/home/travis/build/smarie/python-parsyfiles/parsyfiles/tests/parsing_capabilities_by_type/primitives_data/int/ok/pickle-int-0=0.pyc] into a [int] using [$&lt;read_object_from_pickle&gt; =&gt; &lt;bool_to_int&gt;$]. Set log level to DEBUG for details
Rebuilding local parsing plan with next candidate parser: $&lt;read_object_from_pickle&gt; =&gt; &lt;float_to_int&gt;$
DONE Rebuilding local parsing plan for [/home/travis/build/smarie/python-parsyfiles/parsyfiles/tests/parsing_capabilities_by_type/primitives_data/int/ok/pickle-int-0=0.pyc]. Resuming parsing...
ERROR while parsing [/home/travis/build/smarie/python-parsyfiles/parsyfiles/tests/parsing_capabilities_by_type/primitives_data/int/ok/pickle-int-0=0.pyc] into a [int] using [$&lt;read_object_from_pickle&gt; =&gt; &lt;float_to_int&gt;$]. Set log level to DEBUG for details
Rebuilding local parsing plan with next candidate parser: $&lt;read_object_from_pickle&gt; =&gt; &lt;str_to_int&gt;$
DONE Rebuilding local parsing plan for [/home/travis/build/smarie/python-parsyfiles/parsyfiles/tests/parsing_capabilities_by_type/primitives_data/int/ok/pickle-int-0=0.pyc]. Resuming parsing...
ERROR while parsing [/home/travis/build/smarie/python-parsyfiles/parsyfiles/tests/parsing_capabilities_by_type/primitives_data/int/ok/pickle-int-0=0.pyc] into a [int] using [$&lt;read_object_from_pickle&gt; =&gt; &lt;str_to_int&gt;$]. Set log level to DEBUG for details
Rebuilding local parsing plan with next candidate parser: $&lt;read_object_from_pickle&gt; =&gt; &lt;float_to_bool&gt;$
DONE Rebuilding local parsing plan for [/home/travis/build/smarie/python-parsyfiles/parsyfiles/tests/parsing_capabilities_by_type/primitives_data/int/ok/pickle-int-0=0.pyc]. Resuming parsing...
ERROR while parsing [/home/travis/build/smarie/python-parsyfiles/parsyfiles/tests/parsing_capabilities_by_type/primitives_data/int/ok/pickle-int-0=0.pyc] into a [int] using [$&lt;read_object_from_pickle&gt; =&gt; &lt;float_to_bool&gt;$]. Set log level to DEBUG for details
Rebuilding local parsing plan with next candidate parser: $&lt;read_object_from_pickle&gt; =&gt; &lt;int_to_bool&gt;$
DONE Rebuilding local parsing plan for [/home/travis/build/smarie/python-parsyfiles/parsyfiles/tests/parsing_capabilities_by_type/primitives_data/int/ok/pickle-int-0=0.pyc]. Resuming parsing...
SUCCESS parsed [/home/travis/build/smarie/python-parsyfiles/parsyfiles/tests/parsing_capabilities_by_type/primitives_data/int/ok/pickle-int-0=0.pyc] as a [int] successfully. Parser used was [$&lt;read_object_from_pickle&gt; =&gt; &lt;int_to_bool&gt;$]

False==0
</system-out></testcase><testcase classname="parsyfiles.tests.parsing_capabilities_by_type.test_parse_primitives" file="parsyfiles/tests/parsing_capabilities_by_type/test_parse_primitives.py" line="179" name="test_parse_by_type[int-ok-txt-bool-False=0.txt]" time="0.03785276412963867"><system-out>SUCCESS parsed [/home/travis/build/smarie/python-parsyfiles/parsyfiles/tests/parsing_capabilities_by_type/primitives_data/int/ok/txt-bool-False=0.txt] as a [int] successfully. Parser used was [$&lt;read_str_from_txt&gt; =&gt; &lt;str_to_int&gt;$]

0==0
</system-out></testcase><testcase classname="parsyfiles.tests.parsing_capabilities_by_type.test_parse_primitives" file="parsyfiles/tests/parsing_capabilities_by_type/test_parse_primitives.py" line="179" name="test_parse_by_type[int-ok-txt-int-5=5.txt]" time="0.03650355339050293"><system-out>SUCCESS parsed [/home/travis/build/smarie/python-parsyfiles/parsyfiles/tests/parsing_capabilities_by_type/primitives_data/int/ok/txt-int-5=5.txt] as a [int] successfully. Parser used was [$&lt;read_str_from_txt&gt; =&gt; &lt;str_to_int&gt;$]

5==5
</system-out></testcase><testcase classname="parsyfiles.tests.parsing_capabilities_by_type.test_parse_primitives" file="parsyfiles/tests/parsing_capabilities_by_type/test_parse_primitives.py" line="179" name="test_parse_by_type[int-ok-b64pickle-int-5=5.txt]" time="0.04355597496032715"><system-out>ERROR while parsing [/home/travis/build/smarie/python-parsyfiles/parsyfiles/tests/parsing_capabilities_by_type/primitives_data/int/ok/b64pickle-int-5=5.txt] into a [int] using [$&lt;read_str_from_txt&gt; =&gt; &lt;str_to_int&gt;$]. Set log level to DEBUG for details
Rebuilding local parsing plan with next candidate parser: $&lt;read_str_from_txt&gt; =&gt; &lt;base64_ascii_str_pickle_to_object&gt; -&gt; &lt;bool_to_int&gt;$
DONE Rebuilding local parsing plan for [/home/travis/build/smarie/python-parsyfiles/parsyfiles/tests/parsing_capabilities_by_type/primitives_data/int/ok/b64pickle-int-5=5.txt]. Resuming parsing...
ERROR while parsing [/home/travis/build/smarie/python-parsyfiles/parsyfiles/tests/parsing_capabilities_by_type/primitives_data/int/ok/b64pickle-int-5=5.txt] into a [int] using [$&lt;read_str_from_txt&gt; =&gt; &lt;base64_ascii_str_pickle_to_object&gt; -&gt; &lt;bool_to_int&gt;$]. Set log level to DEBUG for details
Rebuilding local parsing plan with next candidate parser: $&lt;read_str_from_txt&gt; =&gt; &lt;base64_ascii_str_pickle_to_object&gt; -&gt; &lt;float_to_int&gt;$
DONE Rebuilding local parsing plan for [/home/travis/build/smarie/python-parsyfiles/parsyfiles/tests/parsing_capabilities_by_type/primitives_data/int/ok/b64pickle-int-5=5.txt]. Resuming parsing...
ERROR while parsing [/home/travis/build/smarie/python-parsyfiles/parsyfiles/tests/parsing_capabilities_by_type/primitives_data/int/ok/b64pickle-int-5=5.txt] into a [int] using [$&lt;read_str_from_txt&gt; =&gt; &lt;base64_ascii_str_pickle_to_object&gt; -&gt; &lt;float_to_int&gt;$]. Set log level to DEBUG for details
Rebuilding local parsing plan with next candidate parser: $&lt;read_str_from_txt&gt; =&gt; &lt;base64_ascii_str_pickle_to_object&gt; -&gt; &lt;str_to_int&gt;$
DONE Rebuilding local parsing plan for [/home/travis/build/smarie/python-parsyfiles/parsyfiles/tests/parsing_capabilities_by_type/primitives_data/int/ok/b64pickle-int-5=5.txt]. Resuming parsing...
ERROR while parsing [/home/travis/build/smarie/python-parsyfiles/parsyfiles/tests/parsing_capabilities_by_type/primitives_data/int/ok/b64pickle-int-5=5.txt] into a [int] using [$&lt;read_str_from_txt&gt; =&gt; &lt;base64_ascii_str_pickle_to_object&gt; -&gt; &lt;str_to_int&gt;$]. Set log level to DEBUG for details
Rebuilding local parsing plan with next candidate parser: $&lt;read_str_from_txt&gt; =&gt; &lt;str_to_bool&gt;$
DONE Rebuilding local parsing plan for [/home/travis/build/smarie/python-parsyfiles/parsyfiles/tests/parsing_capabilities_by_type/primitives_data/int/ok/b64pickle-int-5=5.txt]. Resuming parsing...
ERROR while parsing [/home/travis/build/smarie/python-parsyfiles/parsyfiles/tests/parsing_capabilities_by_type/primitives_data/int/ok/b64pickle-int-5=5.txt] into a [int] using [$&lt;read_str_from_txt&gt; =&gt; &lt;str_to_bool&gt;$]. Set log level to DEBUG for details
Rebuilding local parsing plan with next candidate parser: $&lt;read_str_from_txt&gt; =&gt; &lt;base64_ascii_str_pickle_to_object&gt; -&gt; &lt;float_to_bool&gt;$
DONE Rebuilding local parsing plan for [/home/travis/build/smarie/python-parsyfiles/parsyfiles/tests/parsing_capabilities_by_type/primitives_data/int/ok/b64pickle-int-5=5.txt]. Resuming parsing...
ERROR while parsing [/home/travis/build/smarie/python-parsyfiles/parsyfiles/tests/parsing_capabilities_by_type/primitives_data/int/ok/b64pickle-int-5=5.txt] into a [int] using [$&lt;read_str_from_txt&gt; =&gt; &lt;base64_ascii_str_pickle_to_object&gt; -&gt; &lt;float_to_bool&gt;$]. Set log level to DEBUG for details
Rebuilding local parsing plan with next candidate parser: $&lt;read_str_from_txt&gt; =&gt; &lt;base64_ascii_str_pickle_to_object&gt; -&gt; &lt;int_to_bool&gt;$
DONE Rebuilding local parsing plan for [/home/travis/build/smarie/python-parsyfiles/parsyfiles/tests/parsing_capabilities_by_type/primitives_data/int/ok/b64pickle-int-5=5.txt]. Resuming parsing...
ERROR while parsing [/home/travis/build/smarie/python-parsyfiles/parsyfiles/tests/parsing_capabilities_by_type/primitives_data/int/ok/b64pickle-int-5=5.txt] into a [int] using [$&lt;read_str_from_txt&gt; =&gt; &lt;base64_ascii_str_pickle_to_object&gt; -&gt; &lt;int_to_bool&gt;$]. Set log level to DEBUG for details
Rebuilding local parsing plan with next candidate parser: $&lt;read_str_from_txt&gt; =&gt; &lt;base64_ascii_str_pickle_to_object&gt; -&gt; &lt;str_to_bool&gt;$
DONE Rebuilding local parsing plan for [/home/travis/build/smarie/python-parsyfiles/parsyfiles/tests/parsing_capabilities_by_type/primitives_data/int/ok/b64pickle-int-5=5.txt]. Resuming parsing...
ERROR while parsing [/home/travis/build/smarie/python-parsyfiles/parsyfiles/tests/parsing_capabilities_by_type/primitives_data/int/ok/b64pickle-int-5=5.txt] into a [int] using [$&lt;read_str_from_txt&gt; =&gt; &lt;base64_ascii_str_pickle_to_object&gt; -&gt; &lt;str_to_bool&gt;$]. Set log level to DEBUG for details
Rebuilding local parsing plan with next candidate parser: $&lt;read_str_from_txt&gt; =&gt; &lt;base64_ascii_str_pickle_to_object&gt;$
DONE Rebuilding local parsing plan for [/home/travis/build/smarie/python-parsyfiles/parsyfiles/tests/parsing_capabilities_by_type/primitives_data/int/ok/b64pickle-int-5=5.txt]. Resuming parsing...
SUCCESS parsed [/home/travis/build/smarie/python-parsyfiles/parsyfiles/tests/parsing_capabilities_by_type/primitives_data/int/ok/b64pickle-int-5=5.txt] as a [int] successfully. Parser used was [$&lt;read_str_from_txt&gt; =&gt; &lt;base64_ascii_str_pickle_to_object&gt;$]

5==5
</system-out></testcase><testcase classname="parsyfiles.tests.parsing_capabilities_by_type.test_parse_primitives" file="parsyfiles/tests/parsing_capabilities_by_type/test_parse_primitives.py" line="179" name="test_parse_by_type[int-ok-txt-bool-True=1.txt]" time="0.036478519439697266"><system-out>SUCCESS parsed [/home/travis/build/smarie/python-parsyfiles/parsyfiles/tests/parsing_capabilities_by_type/primitives_data/int/ok/txt-bool-True=1.txt] as a [int] successfully. Parser used was [$&lt;read_str_from_txt&gt; =&gt; &lt;str_to_int&gt;$]

1==1
</system-out></testcase><testcase classname="parsyfiles.tests.parsing_capabilities_by_type.test_parse_primitives" file="parsyfiles/tests/parsing_capabilities_by_type/test_parse_primitives.py" line="179" name="test_parse_by_type[int-ok-txt-float--5.0=-5.txt]" time="0.03649616241455078"><system-out>SUCCESS parsed [/home/travis/build/smarie/python-parsyfiles/parsyfiles/tests/parsing_capabilities_by_type/primitives_data/int/ok/txt-float--5.0=-5.txt] as a [int] successfully. Parser used was [$&lt;read_str_from_txt&gt; =&gt; &lt;str_to_int&gt;$]

-5==-5
</system-out></testcase><testcase classname="parsyfiles.tests.parsing_capabilities_by_type.test_parse_primitives" file="parsyfiles/tests/parsing_capabilities_by_type/test_parse_primitives.py" line="179" name="test_parse_by_type[int-ok-txt-int-0=0.txt]" time="0.03940773010253906"><system-out>SUCCESS parsed [/home/travis/build/smarie/python-parsyfiles/parsyfiles/tests/parsing_capabilities_by_type/primitives_data/int/ok/txt-int-0=0.txt] as a [int] successfully. Parser used was [$&lt;read_str_from_txt&gt; =&gt; &lt;str_to_int&gt;$]

0==0
</system-out></testcase><testcase classname="parsyfiles.tests.parsing_capabilities_by_type.test_parse_primitives" file="parsyfiles/tests/parsing_capabilities_by_type/test_parse_primitives.py" line="179" name="test_parse_by_type[int-ok-pickle-int-5=5.pyc]" time="0.03919100761413574"><system-out>ERROR while parsing [/home/travis/build/smarie/python-parsyfiles/parsyfiles/tests/parsing_capabilities_by_type/primitives_data/int/ok/pickle-int-5=5.pyc] into a [int] using [$&lt;read_object_from_pickle&gt; =&gt; &lt;bool_to_int&gt;$]. Set log level to DEBUG for details
Rebuilding local parsing plan with next candidate parser: $&lt;read_object_from_pickle&gt; =&gt; &lt;float_to_int&gt;$
DONE Rebuilding local parsing plan for [/home/travis/build/smarie/python-parsyfiles/parsyfiles/tests/parsing_capabilities_by_type/primitives_data/int/ok/pickle-int-5=5.pyc]. Resuming parsing...
ERROR while parsing [/home/travis/build/smarie/python-parsyfiles/parsyfiles/tests/parsing_capabilities_by_type/primitives_data/int/ok/pickle-int-5=5.pyc] into a [int] using [$&lt;read_object_from_pickle&gt; =&gt; &lt;float_to_int&gt;$]. Set log level to DEBUG for details
Rebuilding local parsing plan with next candidate parser: $&lt;read_object_from_pickle&gt; =&gt; &lt;str_to_int&gt;$
DONE Rebuilding local parsing plan for [/home/travis/build/smarie/python-parsyfiles/parsyfiles/tests/parsing_capabilities_by_type/primitives_data/int/ok/pickle-int-5=5.pyc]. Resuming parsing...
ERROR while parsing [/home/travis/build/smarie/python-parsyfiles/parsyfiles/tests/parsing_capabilities_by_type/primitives_data/int/ok/pickle-int-5=5.pyc] into a [int] using [$&lt;read_object_from_pickle&gt; =&gt; &lt;str_to_int&gt;$]. Set log level to DEBUG for details
Rebuilding local parsing plan with next candidate parser: $&lt;read_object_from_pickle&gt; =&gt; &lt;float_to_bool&gt;$
DONE Rebuilding local parsing plan for [/home/travis/build/smarie/python-parsyfiles/parsyfiles/tests/parsing_capabilities_by_type/primitives_data/int/ok/pickle-int-5=5.pyc]. Resuming parsing...
ERROR while parsing [/home/travis/build/smarie/python-parsyfiles/parsyfiles/tests/parsing_capabilities_by_type/primitives_data/int/ok/pickle-int-5=5.pyc] into a [int] using [$&lt;read_object_from_pickle&gt; =&gt; &lt;float_to_bool&gt;$]. Set log level to DEBUG for details
Rebuilding local parsing plan with next candidate parser: $&lt;read_object_from_pickle&gt; =&gt; &lt;int_to_bool&gt;$
DONE Rebuilding local parsing plan for [/home/travis/build/smarie/python-parsyfiles/parsyfiles/tests/parsing_capabilities_by_type/primitives_data/int/ok/pickle-int-5=5.pyc]. Resuming parsing...
ERROR while parsing [/home/travis/build/smarie/python-parsyfiles/parsyfiles/tests/parsing_capabilities_by_type/primitives_data/int/ok/pickle-int-5=5.pyc] into a [int] using [$&lt;read_object_from_pickle&gt; =&gt; &lt;int_to_bool&gt;$]. Set log level to DEBUG for details
Rebuilding local parsing plan with next candidate parser: $&lt;read_object_from_pickle&gt; =&gt; &lt;str_to_bool&gt;$
DONE Rebuilding local parsing plan for [/home/travis/build/smarie/python-parsyfiles/parsyfiles/tests/parsing_capabilities_by_type/primitives_data/int/ok/pickle-int-5=5.pyc]. Resuming parsing...
ERROR while parsing [/home/travis/build/smarie/python-parsyfiles/parsyfiles/tests/parsing_capabilities_by_type/primitives_data/int/ok/pickle-int-5=5.pyc] into a [int] using [$&lt;read_object_from_pickle&gt; =&gt; &lt;str_to_bool&gt;$]. Set log level to DEBUG for details
Rebuilding local parsing plan with next candidate parser: &lt;read_object_from_pickle&gt;
DONE Rebuilding local parsing plan for [/home/travis/build/smarie/python-parsyfiles/parsyfiles/tests/parsing_capabilities_by_type/primitives_data/int/ok/pickle-int-5=5.pyc]. Resuming parsing...
SUCCESS parsed [/home/travis/build/smarie/python-parsyfiles/parsyfiles/tests/parsing_capabilities_by_type/primitives_data/int/ok/pickle-int-5=5.pyc] as a [int] successfully. Parser used was [&lt;read_object_from_pickle&gt;]

5==5
</system-out></testcase><testcase classname="parsyfiles.tests.parsing_capabilities_by_type.test_parse_primitives" file="parsyfiles/tests/parsing_capabilities_by_type/test_parse_primitives.py" line="179" name="test_parse_by_type[int-ok-txt-float-0.0=0.txt]" time="0.03818035125732422"><system-out>SUCCESS parsed [/home/travis/build/smarie/python-parsyfiles/parsyfiles/tests/parsing_capabilities_by_type/primitives_data/int/ok/txt-float-0.0=0.txt] as a [int] successfully. Parser used was [$&lt;read_str_from_txt&gt; =&gt; &lt;str_to_int&gt;$]

0==0
</system-out></testcase><testcase classname="parsyfiles.tests.parsing_capabilities_by_type.test_parse_primitives" file="parsyfiles/tests/parsing_capabilities_by_type/test_parse_primitives.py" line="179" name="test_parse_by_type[int-ok-pickle-float-0.0=0.pyc]" time="0.038671016693115234"><system-out>ERROR while parsing [/home/travis/build/smarie/python-parsyfiles/parsyfiles/tests/parsing_capabilities_by_type/primitives_data/int/ok/pickle-float-0.0=0.pyc] into a [int] using [$&lt;read_object_from_pickle&gt; =&gt; &lt;bool_to_int&gt;$]. Set log level to DEBUG for details
Rebuilding local parsing plan with next candidate parser: $&lt;read_object_from_pickle&gt; =&gt; &lt;float_to_int&gt;$
DONE Rebuilding local parsing plan for [/home/travis/build/smarie/python-parsyfiles/parsyfiles/tests/parsing_capabilities_by_type/primitives_data/int/ok/pickle-float-0.0=0.pyc]. Resuming parsing...
SUCCESS parsed [/home/travis/build/smarie/python-parsyfiles/parsyfiles/tests/parsing_capabilities_by_type/primitives_data/int/ok/pickle-float-0.0=0.pyc] as a [int] successfully. Parser used was [$&lt;read_object_from_pickle&gt; =&gt; &lt;float_to_int&gt;$]

0==0
</system-out></testcase><testcase classname="parsyfiles.tests.parsing_capabilities_by_type.test_parse_primitives" file="parsyfiles/tests/parsing_capabilities_by_type/test_parse_primitives.py" line="179" name="test_parse_by_type[int-err-pickle-str-.pyc]" time="0.04596304893493652"><system-out>ERROR while parsing [/home/travis/build/smarie/python-parsyfiles/parsyfiles/tests/parsing_capabilities_by_type/primitives_data/int/err/pickle-str-.pyc] into a [int] using [$&lt;read_object_from_pickle&gt; =&gt; &lt;bool_to_int&gt;$]. Set log level to DEBUG for details
Rebuilding local parsing plan with next candidate parser: $&lt;read_object_from_pickle&gt; =&gt; &lt;float_to_int&gt;$
DONE Rebuilding local parsing plan for [/home/travis/build/smarie/python-parsyfiles/parsyfiles/tests/parsing_capabilities_by_type/primitives_data/int/err/pickle-str-.pyc]. Resuming parsing...
ERROR while parsing [/home/travis/build/smarie/python-parsyfiles/parsyfiles/tests/parsing_capabilities_by_type/primitives_data/int/err/pickle-str-.pyc] into a [int] using [$&lt;read_object_from_pickle&gt; =&gt; &lt;float_to_int&gt;$]. Set log level to DEBUG for details
Rebuilding local parsing plan with next candidate parser: $&lt;read_object_from_pickle&gt; =&gt; &lt;str_to_int&gt;$
DONE Rebuilding local parsing plan for [/home/travis/build/smarie/python-parsyfiles/parsyfiles/tests/parsing_capabilities_by_type/primitives_data/int/err/pickle-str-.pyc]. Resuming parsing...
ERROR while parsing [/home/travis/build/smarie/python-parsyfiles/parsyfiles/tests/parsing_capabilities_by_type/primitives_data/int/err/pickle-str-.pyc] into a [int] using [$&lt;read_object_from_pickle&gt; =&gt; &lt;str_to_int&gt;$]. Set log level to DEBUG for details
Rebuilding local parsing plan with next candidate parser: $&lt;read_object_from_pickle&gt; =&gt; &lt;float_to_bool&gt;$
DONE Rebuilding local parsing plan for [/home/travis/build/smarie/python-parsyfiles/parsyfiles/tests/parsing_capabilities_by_type/primitives_data/int/err/pickle-str-.pyc]. Resuming parsing...
ERROR while parsing [/home/travis/build/smarie/python-parsyfiles/parsyfiles/tests/parsing_capabilities_by_type/primitives_data/int/err/pickle-str-.pyc] into a [int] using [$&lt;read_object_from_pickle&gt; =&gt; &lt;float_to_bool&gt;$]. Set log level to DEBUG for details
Rebuilding local parsing plan with next candidate parser: $&lt;read_object_from_pickle&gt; =&gt; &lt;int_to_bool&gt;$
DONE Rebuilding local parsing plan for [/home/travis/build/smarie/python-parsyfiles/parsyfiles/tests/parsing_capabilities_by_type/primitives_data/int/err/pickle-str-.pyc]. Resuming parsing...
ERROR while parsing [/home/travis/build/smarie/python-parsyfiles/parsyfiles/tests/parsing_capabilities_by_type/primitives_data/int/err/pickle-str-.pyc] into a [int] using [$&lt;read_object_from_pickle&gt; =&gt; &lt;int_to_bool&gt;$]. Set log level to DEBUG for details
Rebuilding local parsing plan with next candidate parser: $&lt;read_object_from_pickle&gt; =&gt; &lt;str_to_bool&gt;$
DONE Rebuilding local parsing plan for [/home/travis/build/smarie/python-parsyfiles/parsyfiles/tests/parsing_capabilities_by_type/primitives_data/int/err/pickle-str-.pyc]. Resuming parsing...
ERROR while parsing [/home/travis/build/smarie/python-parsyfiles/parsyfiles/tests/parsing_capabilities_by_type/primitives_data/int/err/pickle-str-.pyc] into a [int] using [$&lt;read_object_from_pickle&gt; =&gt; &lt;str_to_bool&gt;$]. Set log level to DEBUG for details
Rebuilding local parsing plan with next candidate parser: &lt;read_object_from_pickle&gt;
DONE Rebuilding local parsing plan for [/home/travis/build/smarie/python-parsyfiles/parsyfiles/tests/parsing_capabilities_by_type/primitives_data/int/err/pickle-str-.pyc]. Resuming parsing...
ERROR while parsing [/home/travis/build/smarie/python-parsyfiles/parsyfiles/tests/parsing_capabilities_by_type/primitives_data/int/err/pickle-str-.pyc] into a [int] using [&lt;read_object_from_pickle&gt;]. Set log level to DEBUG for details
</system-out></testcase><testcase classname="parsyfiles.tests.parsing_capabilities_by_type.test_parse_primitives" file="parsyfiles/tests/parsing_capabilities_by_type/test_parse_primitives.py" line="179" name="test_parse_by_type[int-err-pickle-str-truth.pyc]" time="0.04424333572387695"><system-out>ERROR while parsing [/home/travis/build/smarie/python-parsyfiles/parsyfiles/tests/parsing_capabilities_by_type/primitives_data/int/err/pickle-str-truth.pyc] into a [int] using [$&lt;read_object_from_pickle&gt; =&gt; &lt;bool_to_int&gt;$]. Set log level to DEBUG for details
Rebuilding local parsing plan with next candidate parser: $&lt;read_object_from_pickle&gt; =&gt; &lt;float_to_int&gt;$
DONE Rebuilding local parsing plan for [/home/travis/build/smarie/python-parsyfiles/parsyfiles/tests/parsing_capabilities_by_type/primitives_data/int/err/pickle-str-truth.pyc]. Resuming parsing...
ERROR while parsing [/home/travis/build/smarie/python-parsyfiles/parsyfiles/tests/parsing_capabilities_by_type/primitives_data/int/err/pickle-str-truth.pyc] into a [int] using [$&lt;read_object_from_pickle&gt; =&gt; &lt;float_to_int&gt;$]. Set log level to DEBUG for details
Rebuilding local parsing plan with next candidate parser: $&lt;read_object_from_pickle&gt; =&gt; &lt;str_to_int&gt;$
DONE Rebuilding local parsing plan for [/home/travis/build/smarie/python-parsyfiles/parsyfiles/tests/parsing_capabilities_by_type/primitives_data/int/err/pickle-str-truth.pyc]. Resuming parsing...
ERROR while parsing [/home/travis/build/smarie/python-parsyfiles/parsyfiles/tests/parsing_capabilities_by_type/primitives_data/int/err/pickle-str-truth.pyc] into a [int] using [$&lt;read_object_from_pickle&gt; =&gt; &lt;str_to_int&gt;$]. Set log level to DEBUG for details
Rebuilding local parsing plan with next candidate parser: $&lt;read_object_from_pickle&gt; =&gt; &lt;float_to_bool&gt;$
DONE Rebuilding local parsing plan for [/home/travis/build/smarie/python-parsyfiles/parsyfiles/tests/parsing_capabilities_by_type/primitives_data/int/err/pickle-str-truth.pyc]. Resuming parsing...
ERROR while parsing [/home/travis/build/smarie/python-parsyfiles/parsyfiles/tests/parsing_capabilities_by_type/primitives_data/int/err/pickle-str-truth.pyc] into a [int] using [$&lt;read_object_from_pickle&gt; =&gt; &lt;float_to_bool&gt;$]. Set log level to DEBUG for details
Rebuilding local parsing plan with next candidate parser: $&lt;read_object_from_pickle&gt; =&gt; &lt;int_to_bool&gt;$
DONE Rebuilding local parsing plan for [/home/travis/build/smarie/python-parsyfiles/parsyfiles/tests/parsing_capabilities_by_type/primitives_data/int/err/pickle-str-truth.pyc]. Resuming parsing...
ERROR while parsing [/home/travis/build/smarie/python-parsyfiles/parsyfiles/tests/parsing_capabilities_by_type/primitives_data/int/err/pickle-str-truth.pyc] into a [int] using [$&lt;read_object_from_pickle&gt; =&gt; &lt;int_to_bool&gt;$]. Set log level to DEBUG for details
Rebuilding local parsing plan with next candidate parser: $&lt;read_object_from_pickle&gt; =&gt; &lt;str_to_bool&gt;$
DONE Rebuilding local parsing plan for [/home/travis/build/smarie/python-parsyfiles/parsyfiles/tests/parsing_capabilities_by_type/primitives_data/int/err/pickle-str-truth.pyc]. Resuming parsing...
ERROR while parsing [/home/travis/build/smarie/python-parsyfiles/parsyfiles/tests/parsing_capabilities_by_type/primitives_data/int/err/pickle-str-truth.pyc] into a [int] using [$&lt;read_object_from_pickle&gt; =&gt; &lt;str_to_bool&gt;$]. Set log level to DEBUG for details
Rebuilding local parsing plan with next candidate parser: &lt;read_object_from_pickle&gt;
DONE Rebuilding local parsing plan for [/home/travis/build/smarie/python-parsyfiles/parsyfiles/tests/parsing_capabilities_by_type/primitives_data/int/err/pickle-str-truth.pyc]. Resuming parsing...
ERROR while parsing [/home/travis/build/smarie/python-parsyfiles/parsyfiles/tests/parsing_capabilities_by_type/primitives_data/int/err/pickle-str-truth.pyc] into a [int] using [&lt;read_object_from_pickle&gt;]. Set log level to DEBUG for details
</system-out></testcase><testcase classname="parsyfiles.tests.parsing_capabilities_by_type.test_parse_primitives" file="parsyfiles/tests/parsing_capabilities_by_type/test_parse_primitives.py" line="179" name="test_parse_by_type[int-err-txt-str-.txt]" time="0.04483819007873535"><system-out>ERROR while parsing [/home/travis/build/smarie/python-parsyfiles/parsyfiles/tests/parsing_capabilities_by_type/primitives_data/int/err/txt-str-.txt] into a [int] using [$&lt;read_str_from_txt&gt; =&gt; &lt;str_to_int&gt;$]. Set log level to DEBUG for details
Rebuilding local parsing plan with next candidate parser: $&lt;read_str_from_txt&gt; =&gt; &lt;base64_ascii_str_pickle_to_object&gt; -&gt; &lt;bool_to_int&gt;$
DONE Rebuilding local parsing plan for [/home/travis/build/smarie/python-parsyfiles/parsyfiles/tests/parsing_capabilities_by_type/primitives_data/int/err/txt-str-.txt]. Resuming parsing...
ERROR while parsing [/home/travis/build/smarie/python-parsyfiles/parsyfiles/tests/parsing_capabilities_by_type/primitives_data/int/err/txt-str-.txt] into a [int] using [$&lt;read_str_from_txt&gt; =&gt; &lt;base64_ascii_str_pickle_to_object&gt; -&gt; &lt;bool_to_int&gt;$]. Set log level to DEBUG for details
Rebuilding local parsing plan with next candidate parser: $&lt;read_str_from_txt&gt; =&gt; &lt;base64_ascii_str_pickle_to_object&gt; -&gt; &lt;float_to_int&gt;$
DONE Rebuilding local parsing plan for [/home/travis/build/smarie/python-parsyfiles/parsyfiles/tests/parsing_capabilities_by_type/primitives_data/int/err/txt-str-.txt]. Resuming parsing...
ERROR while parsing [/home/travis/build/smarie/python-parsyfiles/parsyfiles/tests/parsing_capabilities_by_type/primitives_data/int/err/txt-str-.txt] into a [int] using [$&lt;read_str_from_txt&gt; =&gt; &lt;base64_ascii_str_pickle_to_object&gt; -&gt; &lt;float_to_int&gt;$]. Set log level to DEBUG for details
Rebuilding local parsing plan with next candidate parser: $&lt;read_str_from_txt&gt; =&gt; &lt;base64_ascii_str_pickle_to_object&gt; -&gt; &lt;str_to_int&gt;$
DONE Rebuilding local parsing plan for [/home/travis/build/smarie/python-parsyfiles/parsyfiles/tests/parsing_capabilities_by_type/primitives_data/int/err/txt-str-.txt]. Resuming parsing...
ERROR while parsing [/home/travis/build/smarie/python-parsyfiles/parsyfiles/tests/parsing_capabilities_by_type/primitives_data/int/err/txt-str-.txt] into a [int] using [$&lt;read_str_from_txt&gt; =&gt; &lt;base64_ascii_str_pickle_to_object&gt; -&gt; &lt;str_to_int&gt;$]. Set log level to DEBUG for details
Rebuilding local parsing plan with next candidate parser: $&lt;read_str_from_txt&gt; =&gt; &lt;str_to_bool&gt;$
DONE Rebuilding local parsing plan for [/home/travis/build/smarie/python-parsyfiles/parsyfiles/tests/parsing_capabilities_by_type/primitives_data/int/err/txt-str-.txt]. Resuming parsing...
ERROR while parsing [/home/travis/build/smarie/python-parsyfiles/parsyfiles/tests/parsing_capabilities_by_type/primitives_data/int/err/txt-str-.txt] into a [int] using [$&lt;read_str_from_txt&gt; =&gt; &lt;str_to_bool&gt;$]. Set log level to DEBUG for details
Rebuilding local parsing plan with next candidate parser: $&lt;read_str_from_txt&gt; =&gt; &lt;base64_ascii_str_pickle_to_object&gt; -&gt; &lt;float_to_bool&gt;$
DONE Rebuilding local parsing plan for [/home/travis/build/smarie/python-parsyfiles/parsyfiles/tests/parsing_capabilities_by_type/primitives_data/int/err/txt-str-.txt]. Resuming parsing...
ERROR while parsing [/home/travis/build/smarie/python-parsyfiles/parsyfiles/tests/parsing_capabilities_by_type/primitives_data/int/err/txt-str-.txt] into a [int] using [$&lt;read_str_from_txt&gt; =&gt; &lt;base64_ascii_str_pickle_to_object&gt; -&gt; &lt;float_to_bool&gt;$]. Set log level to DEBUG for details
Rebuilding local parsing plan with next candidate parser: $&lt;read_str_from_txt&gt; =&gt; &lt;base64_ascii_str_pickle_to_object&gt; -&gt; &lt;int_to_bool&gt;$
DONE Rebuilding local parsing plan for [/home/travis/build/smarie/python-parsyfiles/parsyfiles/tests/parsing_capabilities_by_type/primitives_data/int/err/txt-str-.txt]. Resuming parsing...
ERROR while parsing [/home/travis/build/smarie/python-parsyfiles/parsyfiles/tests/parsing_capabilities_by_type/primitives_data/int/err/txt-str-.txt] into a [int] using [$&lt;read_str_from_txt&gt; =&gt; &lt;base64_ascii_str_pickle_to_object&gt; -&gt; &lt;int_to_bool&gt;$]. Set log level to DEBUG for details
Rebuilding local parsing plan with next candidate parser: $&lt;read_str_from_txt&gt; =&gt; &lt;base64_ascii_str_pickle_to_object&gt; -&gt; &lt;str_to_bool&gt;$
DONE Rebuilding local parsing plan for [/home/travis/build/smarie/python-parsyfiles/parsyfiles/tests/parsing_capabilities_by_type/primitives_data/int/err/txt-str-.txt]. Resuming parsing...
ERROR while parsing [/home/travis/build/smarie/python-parsyfiles/parsyfiles/tests/parsing_capabilities_by_type/primitives_data/int/err/txt-str-.txt] into a [int] using [$&lt;read_str_from_txt&gt; =&gt; &lt;base64_ascii_str_pickle_to_object&gt; -&gt; &lt;str_to_bool&gt;$]. Set log level to DEBUG for details
Rebuilding local parsing plan with next candidate parser: $&lt;read_str_from_txt&gt; =&gt; &lt;base64_ascii_str_pickle_to_object&gt;$
DONE Rebuilding local parsing plan for [/home/travis/build/smarie/python-parsyfiles/parsyfiles/tests/parsing_capabilities_by_type/primitives_data/int/err/txt-str-.txt]. Resuming parsing...
ERROR while parsing [/home/travis/build/smarie/python-parsyfiles/parsyfiles/tests/parsing_capabilities_by_type/primitives_data/int/err/txt-str-.txt] into a [int] using [$&lt;read_str_from_txt&gt; =&gt; &lt;base64_ascii_str_pickle_to_object&gt;$]. Set log level to DEBUG for details
</system-out></testcase><testcase classname="parsyfiles.tests.parsing_capabilities_by_type.test_parse_primitives" file="parsyfiles/tests/parsing_capabilities_by_type/test_parse_primitives.py" line="179" name="test_parse_by_type[int-err-txt-float--5.5.txt]" time="0.04475140571594238"><system-out>ERROR while parsing [/home/travis/build/smarie/python-parsyfiles/parsyfiles/tests/parsing_capabilities_by_type/primitives_data/int/err/txt-float--5.5.txt] into a [int] using [$&lt;read_str_from_txt&gt; =&gt; &lt;str_to_int&gt;$]. Set log level to DEBUG for details
Rebuilding local parsing plan with next candidate parser: $&lt;read_str_from_txt&gt; =&gt; &lt;base64_ascii_str_pickle_to_object&gt; -&gt; &lt;bool_to_int&gt;$
DONE Rebuilding local parsing plan for [/home/travis/build/smarie/python-parsyfiles/parsyfiles/tests/parsing_capabilities_by_type/primitives_data/int/err/txt-float--5.5.txt]. Resuming parsing...
ERROR while parsing [/home/travis/build/smarie/python-parsyfiles/parsyfiles/tests/parsing_capabilities_by_type/primitives_data/int/err/txt-float--5.5.txt] into a [int] using [$&lt;read_str_from_txt&gt; =&gt; &lt;base64_ascii_str_pickle_to_object&gt; -&gt; &lt;bool_to_int&gt;$]. Set log level to DEBUG for details
Rebuilding local parsing plan with next candidate parser: $&lt;read_str_from_txt&gt; =&gt; &lt;base64_ascii_str_pickle_to_object&gt; -&gt; &lt;float_to_int&gt;$
DONE Rebuilding local parsing plan for [/home/travis/build/smarie/python-parsyfiles/parsyfiles/tests/parsing_capabilities_by_type/primitives_data/int/err/txt-float--5.5.txt]. Resuming parsing...
ERROR while parsing [/home/travis/build/smarie/python-parsyfiles/parsyfiles/tests/parsing_capabilities_by_type/primitives_data/int/err/txt-float--5.5.txt] into a [int] using [$&lt;read_str_from_txt&gt; =&gt; &lt;base64_ascii_str_pickle_to_object&gt; -&gt; &lt;float_to_int&gt;$]. Set log level to DEBUG for details
Rebuilding local parsing plan with next candidate parser: $&lt;read_str_from_txt&gt; =&gt; &lt;base64_ascii_str_pickle_to_object&gt; -&gt; &lt;str_to_int&gt;$
DONE Rebuilding local parsing plan for [/home/travis/build/smarie/python-parsyfiles/parsyfiles/tests/parsing_capabilities_by_type/primitives_data/int/err/txt-float--5.5.txt]. Resuming parsing...
ERROR while parsing [/home/travis/build/smarie/python-parsyfiles/parsyfiles/tests/parsing_capabilities_by_type/primitives_data/int/err/txt-float--5.5.txt] into a [int] using [$&lt;read_str_from_txt&gt; =&gt; &lt;base64_ascii_str_pickle_to_object&gt; -&gt; &lt;str_to_int&gt;$]. Set log level to DEBUG for details
Rebuilding local parsing plan with next candidate parser: $&lt;read_str_from_txt&gt; =&gt; &lt;str_to_bool&gt;$
DONE Rebuilding local parsing plan for [/home/travis/build/smarie/python-parsyfiles/parsyfiles/tests/parsing_capabilities_by_type/primitives_data/int/err/txt-float--5.5.txt]. Resuming parsing...
ERROR while parsing [/home/travis/build/smarie/python-parsyfiles/parsyfiles/tests/parsing_capabilities_by_type/primitives_data/int/err/txt-float--5.5.txt] into a [int] using [$&lt;read_str_from_txt&gt; =&gt; &lt;str_to_bool&gt;$]. Set log level to DEBUG for details
Rebuilding local parsing plan with next candidate parser: $&lt;read_str_from_txt&gt; =&gt; &lt;base64_ascii_str_pickle_to_object&gt; -&gt; &lt;float_to_bool&gt;$
DONE Rebuilding local parsing plan for [/home/travis/build/smarie/python-parsyfiles/parsyfiles/tests/parsing_capabilities_by_type/primitives_data/int/err/txt-float--5.5.txt]. Resuming parsing...
ERROR while parsing [/home/travis/build/smarie/python-parsyfiles/parsyfiles/tests/parsing_capabilities_by_type/primitives_data/int/err/txt-float--5.5.txt] into a [int] using [$&lt;read_str_from_txt&gt; =&gt; &lt;base64_ascii_str_pickle_to_object&gt; -&gt; &lt;float_to_bool&gt;$]. Set log level to DEBUG for details
Rebuilding local parsing plan with next candidate parser: $&lt;read_str_from_txt&gt; =&gt; &lt;base64_ascii_str_pickle_to_object&gt; -&gt; &lt;int_to_bool&gt;$
DONE Rebuilding local parsing plan for [/home/travis/build/smarie/python-parsyfiles/parsyfiles/tests/parsing_capabilities_by_type/primitives_data/int/err/txt-float--5.5.txt]. Resuming parsing...
ERROR while parsing [/home/travis/build/smarie/python-parsyfiles/parsyfiles/tests/parsing_capabilities_by_type/primitives_data/int/err/txt-float--5.5.txt] into a [int] using [$&lt;read_str_from_txt&gt; =&gt; &lt;base64_ascii_str_pickle_to_object&gt; -&gt; &lt;int_to_bool&gt;$]. Set log level to DEBUG for details
Rebuilding local parsing plan with next candidate parser: $&lt;read_str_from_txt&gt; =&gt; &lt;base64_ascii_str_pickle_to_object&gt; -&gt; &lt;str_to_bool&gt;$
DONE Rebuilding local parsing plan for [/home/travis/build/smarie/python-parsyfiles/parsyfiles/tests/parsing_capabilities_by_type/primitives_data/int/err/txt-float--5.5.txt]. Resuming parsing...
ERROR while parsing [/home/travis/build/smarie/python-parsyfiles/parsyfiles/tests/parsing_capabilities_by_type/primitives_data/int/err/txt-float--5.5.txt] into a [int] using [$&lt;read_str_from_txt&gt; =&gt; &lt;base64_ascii_str_pickle_to_object&gt; -&gt; &lt;str_to_bool&gt;$]. Set log level to DEBUG for details
Rebuilding local parsing plan with next candidate parser: $&lt;read_str_from_txt&gt; =&gt; &lt;base64_ascii_str_pickle_to_object&gt;$
DONE Rebuilding local parsing plan for [/home/travis/build/smarie/python-parsyfiles/parsyfiles/tests/parsing_capabilities_by_type/primitives_data/int/err/txt-float--5.5.txt]. Resuming parsing...
ERROR while parsing [/home/travis/build/smarie/python-parsyfiles/parsyfiles/tests/parsing_capabilities_by_type/primitives_data/int/err/txt-float--5.5.txt] into a [int] using [$&lt;read_str_from_txt&gt; =&gt; &lt;base64_ascii_str_pickle_to_object&gt;$]. Set log level to DEBUG for details
</system-out></testcase><testcase classname="parsyfiles.tests.parsing_capabilities_by_type.test_parse_primitives" file="parsyfiles/tests/parsing_capabilities_by_type/test_parse_primitives.py" line="179" name="test_parse_by_type[int-err-b64pickle-str-.txt]" time="0.04445004463195801"><system-out>ERROR while parsing [/home/travis/build/smarie/python-parsyfiles/parsyfiles/tests/parsing_capabilities_by_type/primitives_data/int/err/b64pickle-str-.txt] into a [int] using [$&lt;read_str_from_txt&gt; =&gt; &lt;str_to_int&gt;$]. Set log level to DEBUG for details
Rebuilding local parsing plan with next candidate parser: $&lt;read_str_from_txt&gt; =&gt; &lt;base64_ascii_str_pickle_to_object&gt; -&gt; &lt;bool_to_int&gt;$
DONE Rebuilding local parsing plan for [/home/travis/build/smarie/python-parsyfiles/parsyfiles/tests/parsing_capabilities_by_type/primitives_data/int/err/b64pickle-str-.txt]. Resuming parsing...
ERROR while parsing [/home/travis/build/smarie/python-parsyfiles/parsyfiles/tests/parsing_capabilities_by_type/primitives_data/int/err/b64pickle-str-.txt] into a [int] using [$&lt;read_str_from_txt&gt; =&gt; &lt;base64_ascii_str_pickle_to_object&gt; -&gt; &lt;bool_to_int&gt;$]. Set log level to DEBUG for details
Rebuilding local parsing plan with next candidate parser: $&lt;read_str_from_txt&gt; =&gt; &lt;base64_ascii_str_pickle_to_object&gt; -&gt; &lt;float_to_int&gt;$
DONE Rebuilding local parsing plan for [/home/travis/build/smarie/python-parsyfiles/parsyfiles/tests/parsing_capabilities_by_type/primitives_data/int/err/b64pickle-str-.txt]. Resuming parsing...
ERROR while parsing [/home/travis/build/smarie/python-parsyfiles/parsyfiles/tests/parsing_capabilities_by_type/primitives_data/int/err/b64pickle-str-.txt] into a [int] using [$&lt;read_str_from_txt&gt; =&gt; &lt;base64_ascii_str_pickle_to_object&gt; -&gt; &lt;float_to_int&gt;$]. Set log level to DEBUG for details
Rebuilding local parsing plan with next candidate parser: $&lt;read_str_from_txt&gt; =&gt; &lt;base64_ascii_str_pickle_to_object&gt; -&gt; &lt;str_to_int&gt;$
DONE Rebuilding local parsing plan for [/home/travis/build/smarie/python-parsyfiles/parsyfiles/tests/parsing_capabilities_by_type/primitives_data/int/err/b64pickle-str-.txt]. Resuming parsing...
ERROR while parsing [/home/travis/build/smarie/python-parsyfiles/parsyfiles/tests/parsing_capabilities_by_type/primitives_data/int/err/b64pickle-str-.txt] into a [int] using [$&lt;read_str_from_txt&gt; =&gt; &lt;base64_ascii_str_pickle_to_object&gt; -&gt; &lt;str_to_int&gt;$]. Set log level to DEBUG for details
Rebuilding local parsing plan with next candidate parser: $&lt;read_str_from_txt&gt; =&gt; &lt;str_to_bool&gt;$
DONE Rebuilding local parsing plan for [/home/travis/build/smarie/python-parsyfiles/parsyfiles/tests/parsing_capabilities_by_type/primitives_data/int/err/b64pickle-str-.txt]. Resuming parsing...
ERROR while parsing [/home/travis/build/smarie/python-parsyfiles/parsyfiles/tests/parsing_capabilities_by_type/primitives_data/int/err/b64pickle-str-.txt] into a [int] using [$&lt;read_str_from_txt&gt; =&gt; &lt;str_to_bool&gt;$]. Set log level to DEBUG for details
Rebuilding local parsing plan with next candidate parser: $&lt;read_str_from_txt&gt; =&gt; &lt;base64_ascii_str_pickle_to_object&gt; -&gt; &lt;float_to_bool&gt;$
DONE Rebuilding local parsing plan for [/home/travis/build/smarie/python-parsyfiles/parsyfiles/tests/parsing_capabilities_by_type/primitives_data/int/err/b64pickle-str-.txt]. Resuming parsing...
ERROR while parsing [/home/travis/build/smarie/python-parsyfiles/parsyfiles/tests/parsing_capabilities_by_type/primitives_data/int/err/b64pickle-str-.txt] into a [int] using [$&lt;read_str_from_txt&gt; =&gt; &lt;base64_ascii_str_pickle_to_object&gt; -&gt; &lt;float_to_bool&gt;$]. Set log level to DEBUG for details
Rebuilding local parsing plan with next candidate parser: $&lt;read_str_from_txt&gt; =&gt; &lt;base64_ascii_str_pickle_to_object&gt; -&gt; &lt;int_to_bool&gt;$
DONE Rebuilding local parsing plan for [/home/travis/build/smarie/python-parsyfiles/parsyfiles/tests/parsing_capabilities_by_type/primitives_data/int/err/b64pickle-str-.txt]. Resuming parsing...
ERROR while parsing [/home/travis/build/smarie/python-parsyfiles/parsyfiles/tests/parsing_capabilities_by_type/primitives_data/int/err/b64pickle-str-.txt] into a [int] using [$&lt;read_str_from_txt&gt; =&gt; &lt;base64_ascii_str_pickle_to_object&gt; -&gt; &lt;int_to_bool&gt;$]. Set log level to DEBUG for details
Rebuilding local parsing plan with next candidate parser: $&lt;read_str_from_txt&gt; =&gt; &lt;base64_ascii_str_pickle_to_object&gt; -&gt; &lt;str_to_bool&gt;$
DONE Rebuilding local parsing plan for [/home/travis/build/smarie/python-parsyfiles/parsyfiles/tests/parsing_capabilities_by_type/primitives_data/int/err/b64pickle-str-.txt]. Resuming parsing...
ERROR while parsing [/home/travis/build/smarie/python-parsyfiles/parsyfiles/tests/parsing_capabilities_by_type/primitives_data/int/err/b64pickle-str-.txt] into a [int] using [$&lt;read_str_from_txt&gt; =&gt; &lt;base64_ascii_str_pickle_to_object&gt; -&gt; &lt;str_to_bool&gt;$]. Set log level to DEBUG for details
Rebuilding local parsing plan with next candidate parser: $&lt;read_str_from_txt&gt; =&gt; &lt;base64_ascii_str_pickle_to_object&gt;$
DONE Rebuilding local parsing plan for [/home/travis/build/smarie/python-parsyfiles/parsyfiles/tests/parsing_capabilities_by_type/primitives_data/int/err/b64pickle-str-.txt]. Resuming parsing...
ERROR while parsing [/home/travis/build/smarie/python-parsyfiles/parsyfiles/tests/parsing_capabilities_by_type/primitives_data/int/err/b64pickle-str-.txt] into a [int] using [$&lt;read_str_from_txt&gt; =&gt; &lt;base64_ascii_str_pickle_to_object&gt;$]. Set log level to DEBUG for details
</system-out></testcase><testcase classname="parsyfiles.tests.parsing_capabilities_by_type.test_parse_primitives" file="parsyfiles/tests/parsing_capabilities_by_type/test_parse_primitives.py" line="179" name="test_parse_by_type[int-err-pickle-float--5.5.pyc]" time="0.0412287712097168"><system-out>ERROR while parsing [/home/travis/build/smarie/python-parsyfiles/parsyfiles/tests/parsing_capabilities_by_type/primitives_data/int/err/pickle-float--5.5.pyc] into a [int] using [$&lt;read_object_from_pickle&gt; =&gt; &lt;bool_to_int&gt;$]. Set log level to DEBUG for details
Rebuilding local parsing plan with next candidate parser: $&lt;read_object_from_pickle&gt; =&gt; &lt;float_to_int&gt;$
DONE Rebuilding local parsing plan for [/home/travis/build/smarie/python-parsyfiles/parsyfiles/tests/parsing_capabilities_by_type/primitives_data/int/err/pickle-float--5.5.pyc]. Resuming parsing...
ERROR while parsing [/home/travis/build/smarie/python-parsyfiles/parsyfiles/tests/parsing_capabilities_by_type/primitives_data/int/err/pickle-float--5.5.pyc] into a [int] using [$&lt;read_object_from_pickle&gt; =&gt; &lt;float_to_int&gt;$]. Set log level to DEBUG for details
Rebuilding local parsing plan with next candidate parser: $&lt;read_object_from_pickle&gt; =&gt; &lt;str_to_int&gt;$
DONE Rebuilding local parsing plan for [/home/travis/build/smarie/python-parsyfiles/parsyfiles/tests/parsing_capabilities_by_type/primitives_data/int/err/pickle-float--5.5.pyc]. Resuming parsing...
ERROR while parsing [/home/travis/build/smarie/python-parsyfiles/parsyfiles/tests/parsing_capabilities_by_type/primitives_data/int/err/pickle-float--5.5.pyc] into a [int] using [$&lt;read_object_from_pickle&gt; =&gt; &lt;str_to_int&gt;$]. Set log level to DEBUG for details
Rebuilding local parsing plan with next candidate parser: $&lt;read_object_from_pickle&gt; =&gt; &lt;float_to_bool&gt;$
DONE Rebuilding local parsing plan for [/home/travis/build/smarie/python-parsyfiles/parsyfiles/tests/parsing_capabilities_by_type/primitives_data/int/err/pickle-float--5.5.pyc]. Resuming parsing...
ERROR while parsing [/home/travis/build/smarie/python-parsyfiles/parsyfiles/tests/parsing_capabilities_by_type/primitives_data/int/err/pickle-float--5.5.pyc] into a [int] using [$&lt;read_object_from_pickle&gt; =&gt; &lt;float_to_bool&gt;$]. Set log level to DEBUG for details
Rebuilding local parsing plan with next candidate parser: $&lt;read_object_from_pickle&gt; =&gt; &lt;int_to_bool&gt;$
DONE Rebuilding local parsing plan for [/home/travis/build/smarie/python-parsyfiles/parsyfiles/tests/parsing_capabilities_by_type/primitives_data/int/err/pickle-float--5.5.pyc]. Resuming parsing...
ERROR while parsing [/home/travis/build/smarie/python-parsyfiles/parsyfiles/tests/parsing_capabilities_by_type/primitives_data/int/err/pickle-float--5.5.pyc] into a [int] using [$&lt;read_object_from_pickle&gt; =&gt; &lt;int_to_bool&gt;$]. Set log level to DEBUG for details
Rebuilding local parsing plan with next candidate parser: $&lt;read_object_from_pickle&gt; =&gt; &lt;str_to_bool&gt;$
DONE Rebuilding local parsing plan for [/home/travis/build/smarie/python-parsyfiles/parsyfiles/tests/parsing_capabilities_by_type/primitives_data/int/err/pickle-float--5.5.pyc]. Resuming parsing...
ERROR while parsing [/home/travis/build/smarie/python-parsyfiles/parsyfiles/tests/parsing_capabilities_by_type/primitives_data/int/err/pickle-float--5.5.pyc] into a [int] using [$&lt;read_object_from_pickle&gt; =&gt; &lt;str_to_bool&gt;$]. Set log level to DEBUG for details
Rebuilding local parsing plan with next candidate parser: &lt;read_object_from_pickle&gt;
DONE Rebuilding local parsing plan for [/home/travis/build/smarie/python-parsyfiles/parsyfiles/tests/parsing_capabilities_by_type/primitives_data/int/err/pickle-float--5.5.pyc]. Resuming parsing...
ERROR while parsing [/home/travis/build/smarie/python-parsyfiles/parsyfiles/tests/parsing_capabilities_by_type/primitives_data/int/err/pickle-float--5.5.pyc] into a [int] using [&lt;read_object_from_pickle&gt;]. Set log level to DEBUG for details
</system-out></testcase><testcase classname="parsyfiles.tests.parsing_capabilities_by_type.test_parse_primitives" file="parsyfiles/tests/parsing_capabilities_by_type/test_parse_primitives.py" line="179" name="test_parse_by_type[int-err-b64pickle-str-truth.txt]" time="0.04633140563964844"><system-out>ERROR while parsing [/home/travis/build/smarie/python-parsyfiles/parsyfiles/tests/parsing_capabilities_by_type/primitives_data/int/err/b64pickle-str-truth.txt] into a [int] using [$&lt;read_str_from_txt&gt; =&gt; &lt;str_to_int&gt;$]. Set log level to DEBUG for details
Rebuilding local parsing plan with next candidate parser: $&lt;read_str_from_txt&gt; =&gt; &lt;base64_ascii_str_pickle_to_object&gt; -&gt; &lt;bool_to_int&gt;$
DONE Rebuilding local parsing plan for [/home/travis/build/smarie/python-parsyfiles/parsyfiles/tests/parsing_capabilities_by_type/primitives_data/int/err/b64pickle-str-truth.txt]. Resuming parsing...
ERROR while parsing [/home/travis/build/smarie/python-parsyfiles/parsyfiles/tests/parsing_capabilities_by_type/primitives_data/int/err/b64pickle-str-truth.txt] into a [int] using [$&lt;read_str_from_txt&gt; =&gt; &lt;base64_ascii_str_pickle_to_object&gt; -&gt; &lt;bool_to_int&gt;$]. Set log level to DEBUG for details
Rebuilding local parsing plan with next candidate parser: $&lt;read_str_from_txt&gt; =&gt; &lt;base64_ascii_str_pickle_to_object&gt; -&gt; &lt;float_to_int&gt;$
DONE Rebuilding local parsing plan for [/home/travis/build/smarie/python-parsyfiles/parsyfiles/tests/parsing_capabilities_by_type/primitives_data/int/err/b64pickle-str-truth.txt]. Resuming parsing...
ERROR while parsing [/home/travis/build/smarie/python-parsyfiles/parsyfiles/tests/parsing_capabilities_by_type/primitives_data/int/err/b64pickle-str-truth.txt] into a [int] using [$&lt;read_str_from_txt&gt; =&gt; &lt;base64_ascii_str_pickle_to_object&gt; -&gt; &lt;float_to_int&gt;$]. Set log level to DEBUG for details
Rebuilding local parsing plan with next candidate parser: $&lt;read_str_from_txt&gt; =&gt; &lt;base64_ascii_str_pickle_to_object&gt; -&gt; &lt;str_to_int&gt;$
DONE Rebuilding local parsing plan for [/home/travis/build/smarie/python-parsyfiles/parsyfiles/tests/parsing_capabilities_by_type/primitives_data/int/err/b64pickle-str-truth.txt]. Resuming parsing...
ERROR while parsing [/home/travis/build/smarie/python-parsyfiles/parsyfiles/tests/parsing_capabilities_by_type/primitives_data/int/err/b64pickle-str-truth.txt] into a [int] using [$&lt;read_str_from_txt&gt; =&gt; &lt;base64_ascii_str_pickle_to_object&gt; -&gt; &lt;str_to_int&gt;$]. Set log level to DEBUG for details
Rebuilding local parsing plan with next candidate parser: $&lt;read_str_from_txt&gt; =&gt; &lt;str_to_bool&gt;$
DONE Rebuilding local parsing plan for [/home/travis/build/smarie/python-parsyfiles/parsyfiles/tests/parsing_capabilities_by_type/primitives_data/int/err/b64pickle-str-truth.txt]. Resuming parsing...
ERROR while parsing [/home/travis/build/smarie/python-parsyfiles/parsyfiles/tests/parsing_capabilities_by_type/primitives_data/int/err/b64pickle-str-truth.txt] into a [int] using [$&lt;read_str_from_txt&gt; =&gt; &lt;str_to_bool&gt;$]. Set log level to DEBUG for details
Rebuilding local parsing plan with next candidate parser: $&lt;read_str_from_txt&gt; =&gt; &lt;base64_ascii_str_pickle_to_object&gt; -&gt; &lt;float_to_bool&gt;$
DONE Rebuilding local parsing plan for [/home/travis/build/smarie/python-parsyfiles/parsyfiles/tests/parsing_capabilities_by_type/primitives_data/int/err/b64pickle-str-truth.txt]. Resuming parsing...
ERROR while parsing [/home/travis/build/smarie/python-parsyfiles/parsyfiles/tests/parsing_capabilities_by_type/primitives_data/int/err/b64pickle-str-truth.txt] into a [int] using [$&lt;read_str_from_txt&gt; =&gt; &lt;base64_ascii_str_pickle_to_object&gt; -&gt; &lt;float_to_bool&gt;$]. Set log level to DEBUG for details
Rebuilding local parsing plan with next candidate parser: $&lt;read_str_from_txt&gt; =&gt; &lt;base64_ascii_str_pickle_to_object&gt; -&gt; &lt;int_to_bool&gt;$
DONE Rebuilding local parsing plan for [/home/travis/build/smarie/python-parsyfiles/parsyfiles/tests/parsing_capabilities_by_type/primitives_data/int/err/b64pickle-str-truth.txt]. Resuming parsing...
ERROR while parsing [/home/travis/build/smarie/python-parsyfiles/parsyfiles/tests/parsing_capabilities_by_type/primitives_data/int/err/b64pickle-str-truth.txt] into a [int] using [$&lt;read_str_from_txt&gt; =&gt; &lt;base64_ascii_str_pickle_to_object&gt; -&gt; &lt;int_to_bool&gt;$]. Set log level to DEBUG for details
Rebuilding local parsing plan with next candidate parser: $&lt;read_str_from_txt&gt; =&gt; &lt;base64_ascii_str_pickle_to_object&gt; -&gt; &lt;str_to_bool&gt;$
DONE Rebuilding local parsing plan for [/home/travis/build/smarie/python-parsyfiles/parsyfiles/tests/parsing_capabilities_by_type/primitives_data/int/err/b64pickle-str-truth.txt]. Resuming parsing...
ERROR while parsing [/home/travis/build/smarie/python-parsyfiles/parsyfiles/tests/parsing_capabilities_by_type/primitives_data/int/err/b64pickle-str-truth.txt] into a [int] using [$&lt;read_str_from_txt&gt; =&gt; &lt;base64_ascii_str_pickle_to_object&gt; -&gt; &lt;str_to_bool&gt;$]. Set log level to DEBUG for details
Rebuilding local parsing plan with next candidate parser: $&lt;read_str_from_txt&gt; =&gt; &lt;base64_ascii_str_pickle_to_object&gt;$
DONE Rebuilding local parsing plan for [/home/travis/build/smarie/python-parsyfiles/parsyfiles/tests/parsing_capabilities_by_type/primitives_data/int/err/b64pickle-str-truth.txt]. Resuming parsing...
ERROR while parsing [/home/travis/build/smarie/python-parsyfiles/parsyfiles/tests/parsing_capabilities_by_type/primitives_data/int/err/b64pickle-str-truth.txt] into a [int] using [$&lt;read_str_from_txt&gt; =&gt; &lt;base64_ascii_str_pickle_to_object&gt;$]. Set log level to DEBUG for details
</system-out></testcase><testcase classname="parsyfiles.tests.parsing_capabilities_by_type.test_parse_primitives" file="parsyfiles/tests/parsing_capabilities_by_type/test_parse_primitives.py" line="179" name="test_parse_by_type[int-err-txt-str-truth.txt]" time="0.13107800483703613"><system-out>ERROR while parsing [/home/travis/build/smarie/python-parsyfiles/parsyfiles/tests/parsing_capabilities_by_type/primitives_data/int/err/txt-str-truth.txt] into a [int] using [$&lt;read_str_from_txt&gt; =&gt; &lt;str_to_int&gt;$]. Set log level to DEBUG for details
Rebuilding local parsing plan with next candidate parser: $&lt;read_str_from_txt&gt; =&gt; &lt;base64_ascii_str_pickle_to_object&gt; -&gt; &lt;bool_to_int&gt;$
DONE Rebuilding local parsing plan for [/home/travis/build/smarie/python-parsyfiles/parsyfiles/tests/parsing_capabilities_by_type/primitives_data/int/err/txt-str-truth.txt]. Resuming parsing...
ERROR while parsing [/home/travis/build/smarie/python-parsyfiles/parsyfiles/tests/parsing_capabilities_by_type/primitives_data/int/err/txt-str-truth.txt] into a [int] using [$&lt;read_str_from_txt&gt; =&gt; &lt;base64_ascii_str_pickle_to_object&gt; -&gt; &lt;bool_to_int&gt;$]. Set log level to DEBUG for details
Rebuilding local parsing plan with next candidate parser: $&lt;read_str_from_txt&gt; =&gt; &lt;base64_ascii_str_pickle_to_object&gt; -&gt; &lt;float_to_int&gt;$
DONE Rebuilding local parsing plan for [/home/travis/build/smarie/python-parsyfiles/parsyfiles/tests/parsing_capabilities_by_type/primitives_data/int/err/txt-str-truth.txt]. Resuming parsing...
ERROR while parsing [/home/travis/build/smarie/python-parsyfiles/parsyfiles/tests/parsing_capabilities_by_type/primitives_data/int/err/txt-str-truth.txt] into a [int] using [$&lt;read_str_from_txt&gt; =&gt; &lt;base64_ascii_str_pickle_to_object&gt; -&gt; &lt;float_to_int&gt;$]. Set log level to DEBUG for details
Rebuilding local parsing plan with next candidate parser: $&lt;read_str_from_txt&gt; =&gt; &lt;base64_ascii_str_pickle_to_object&gt; -&gt; &lt;str_to_int&gt;$
DONE Rebuilding local parsing plan for [/home/travis/build/smarie/python-parsyfiles/parsyfiles/tests/parsing_capabilities_by_type/primitives_data/int/err/txt-str-truth.txt]. Resuming parsing...
ERROR while parsing [/home/travis/build/smarie/python-parsyfiles/parsyfiles/tests/parsing_capabilities_by_type/primitives_data/int/err/txt-str-truth.txt] into a [int] using [$&lt;read_str_from_txt&gt; =&gt; &lt;base64_ascii_str_pickle_to_object&gt; -&gt; &lt;str_to_int&gt;$]. Set log level to DEBUG for details
Rebuilding local parsing plan with next candidate parser: $&lt;read_str_from_txt&gt; =&gt; &lt;str_to_bool&gt;$
DONE Rebuilding local parsing plan for [/home/travis/build/smarie/python-parsyfiles/parsyfiles/tests/parsing_capabilities_by_type/primitives_data/int/err/txt-str-truth.txt]. Resuming parsing...
ERROR while parsing [/home/travis/build/smarie/python-parsyfiles/parsyfiles/tests/parsing_capabilities_by_type/primitives_data/int/err/txt-str-truth.txt] into a [int] using [$&lt;read_str_from_txt&gt; =&gt; &lt;str_to_bool&gt;$]. Set log level to DEBUG for details
Rebuilding local parsing plan with next candidate parser: $&lt;read_str_from_txt&gt; =&gt; &lt;base64_ascii_str_pickle_to_object&gt; -&gt; &lt;float_to_bool&gt;$
DONE Rebuilding local parsing plan for [/home/travis/build/smarie/python-parsyfiles/parsyfiles/tests/parsing_capabilities_by_type/primitives_data/int/err/txt-str-truth.txt]. Resuming parsing...
ERROR while parsing [/home/travis/build/smarie/python-parsyfiles/parsyfiles/tests/parsing_capabilities_by_type/primitives_data/int/err/txt-str-truth.txt] into a [int] using [$&lt;read_str_from_txt&gt; =&gt; &lt;base64_ascii_str_pickle_to_object&gt; -&gt; &lt;float_to_bool&gt;$]. Set log level to DEBUG for details
Rebuilding local parsing plan with next candidate parser: $&lt;read_str_from_txt&gt; =&gt; &lt;base64_ascii_str_pickle_to_object&gt; -&gt; &lt;int_to_bool&gt;$
DONE Rebuilding local parsing plan for [/home/travis/build/smarie/python-parsyfiles/parsyfiles/tests/parsing_capabilities_by_type/primitives_data/int/err/txt-str-truth.txt]. Resuming parsing...
ERROR while parsing [/home/travis/build/smarie/python-parsyfiles/parsyfiles/tests/parsing_capabilities_by_type/primitives_data/int/err/txt-str-truth.txt] into a [int] using [$&lt;read_str_from_txt&gt; =&gt; &lt;base64_ascii_str_pickle_to_object&gt; -&gt; &lt;int_to_bool&gt;$]. Set log level to DEBUG for details
Rebuilding local parsing plan with next candidate parser: $&lt;read_str_from_txt&gt; =&gt; &lt;base64_ascii_str_pickle_to_object&gt; -&gt; &lt;str_to_bool&gt;$
DONE Rebuilding local parsing plan for [/home/travis/build/smarie/python-parsyfiles/parsyfiles/tests/parsing_capabilities_by_type/primitives_data/int/err/txt-str-truth.txt]. Resuming parsing...
ERROR while parsing [/home/travis/build/smarie/python-parsyfiles/parsyfiles/tests/parsing_capabilities_by_type/primitives_data/int/err/txt-str-truth.txt] into a [int] using [$&lt;read_str_from_txt&gt; =&gt; &lt;base64_ascii_str_pickle_to_object&gt; -&gt; &lt;str_to_bool&gt;$]. Set log level to DEBUG for details
Rebuilding local parsing plan with next candidate parser: $&lt;read_str_from_txt&gt; =&gt; &lt;base64_ascii_str_pickle_to_object&gt;$
DONE Rebuilding local parsing plan for [/home/travis/build/smarie/python-parsyfiles/parsyfiles/tests/parsing_capabilities_by_type/primitives_data/int/err/txt-str-truth.txt]. Resuming parsing...
ERROR while parsing [/home/travis/build/smarie/python-parsyfiles/parsyfiles/tests/parsing_capabilities_by_type/primitives_data/int/err/txt-str-truth.txt] into a [int] using [$&lt;read_str_from_txt&gt; =&gt; &lt;base64_ascii_str_pickle_to_object&gt;$]. Set log level to DEBUG for details
</system-out></testcase><testcase classname="parsyfiles.tests.parsing_capabilities_by_type.test_parse_primitives" file="parsyfiles/tests/parsing_capabilities_by_type/test_parse_primitives.py" line="179" name="test_parse_by_type[int-err-b64pickle-float--5.5.txt]" time="0.0491642951965332"><system-out>ERROR while parsing [/home/travis/build/smarie/python-parsyfiles/parsyfiles/tests/parsing_capabilities_by_type/primitives_data/int/err/b64pickle-float--5.5.txt] into a [int] using [$&lt;read_str_from_txt&gt; =&gt; &lt;str_to_int&gt;$]. Set log level to DEBUG for details
Rebuilding local parsing plan with next candidate parser: $&lt;read_str_from_txt&gt; =&gt; &lt;base64_ascii_str_pickle_to_object&gt; -&gt; &lt;bool_to_int&gt;$
DONE Rebuilding local parsing plan for [/home/travis/build/smarie/python-parsyfiles/parsyfiles/tests/parsing_capabilities_by_type/primitives_data/int/err/b64pickle-float--5.5.txt]. Resuming parsing...
ERROR while parsing [/home/travis/build/smarie/python-parsyfiles/parsyfiles/tests/parsing_capabilities_by_type/primitives_data/int/err/b64pickle-float--5.5.txt] into a [int] using [$&lt;read_str_from_txt&gt; =&gt; &lt;base64_ascii_str_pickle_to_object&gt; -&gt; &lt;bool_to_int&gt;$]. Set log level to DEBUG for details
Rebuilding local parsing plan with next candidate parser: $&lt;read_str_from_txt&gt; =&gt; &lt;base64_ascii_str_pickle_to_object&gt; -&gt; &lt;float_to_int&gt;$
DONE Rebuilding local parsing plan for [/home/travis/build/smarie/python-parsyfiles/parsyfiles/tests/parsing_capabilities_by_type/primitives_data/int/err/b64pickle-float--5.5.txt]. Resuming parsing...
ERROR while parsing [/home/travis/build/smarie/python-parsyfiles/parsyfiles/tests/parsing_capabilities_by_type/primitives_data/int/err/b64pickle-float--5.5.txt] into a [int] using [$&lt;read_str_from_txt&gt; =&gt; &lt;base64_ascii_str_pickle_to_object&gt; -&gt; &lt;float_to_int&gt;$]. Set log level to DEBUG for details
Rebuilding local parsing plan with next candidate parser: $&lt;read_str_from_txt&gt; =&gt; &lt;base64_ascii_str_pickle_to_object&gt; -&gt; &lt;str_to_int&gt;$
DONE Rebuilding local parsing plan for [/home/travis/build/smarie/python-parsyfiles/parsyfiles/tests/parsing_capabilities_by_type/primitives_data/int/err/b64pickle-float--5.5.txt]. Resuming parsing...
ERROR while parsing [/home/travis/build/smarie/python-parsyfiles/parsyfiles/tests/parsing_capabilities_by_type/primitives_data/int/err/b64pickle-float--5.5.txt] into a [int] using [$&lt;read_str_from_txt&gt; =&gt; &lt;base64_ascii_str_pickle_to_object&gt; -&gt; &lt;str_to_int&gt;$]. Set log level to DEBUG for details
Rebuilding local parsing plan with next candidate parser: $&lt;read_str_from_txt&gt; =&gt; &lt;str_to_bool&gt;$
DONE Rebuilding local parsing plan for [/home/travis/build/smarie/python-parsyfiles/parsyfiles/tests/parsing_capabilities_by_type/primitives_data/int/err/b64pickle-float--5.5.txt]. Resuming parsing...
ERROR while parsing [/home/travis/build/smarie/python-parsyfiles/parsyfiles/tests/parsing_capabilities_by_type/primitives_data/int/err/b64pickle-float--5.5.txt] into a [int] using [$&lt;read_str_from_txt&gt; =&gt; &lt;str_to_bool&gt;$]. Set log level to DEBUG for details
Rebuilding local parsing plan with next candidate parser: $&lt;read_str_from_txt&gt; =&gt; &lt;base64_ascii_str_pickle_to_object&gt; -&gt; &lt;float_to_bool&gt;$
DONE Rebuilding local parsing plan for [/home/travis/build/smarie/python-parsyfiles/parsyfiles/tests/parsing_capabilities_by_type/primitives_data/int/err/b64pickle-float--5.5.txt]. Resuming parsing...
ERROR while parsing [/home/travis/build/smarie/python-parsyfiles/parsyfiles/tests/parsing_capabilities_by_type/primitives_data/int/err/b64pickle-float--5.5.txt] into a [int] using [$&lt;read_str_from_txt&gt; =&gt; &lt;base64_ascii_str_pickle_to_object&gt; -&gt; &lt;float_to_bool&gt;$]. Set log level to DEBUG for details
Rebuilding local parsing plan with next candidate parser: $&lt;read_str_from_txt&gt; =&gt; &lt;base64_ascii_str_pickle_to_object&gt; -&gt; &lt;int_to_bool&gt;$
DONE Rebuilding local parsing plan for [/home/travis/build/smarie/python-parsyfiles/parsyfiles/tests/parsing_capabilities_by_type/primitives_data/int/err/b64pickle-float--5.5.txt]. Resuming parsing...
ERROR while parsing [/home/travis/build/smarie/python-parsyfiles/parsyfiles/tests/parsing_capabilities_by_type/primitives_data/int/err/b64pickle-float--5.5.txt] into a [int] using [$&lt;read_str_from_txt&gt; =&gt; &lt;base64_ascii_str_pickle_to_object&gt; -&gt; &lt;int_to_bool&gt;$]. Set log level to DEBUG for details
Rebuilding local parsing plan with next candidate parser: $&lt;read_str_from_txt&gt; =&gt; &lt;base64_ascii_str_pickle_to_object&gt; -&gt; &lt;str_to_bool&gt;$
DONE Rebuilding local parsing plan for [/home/travis/build/smarie/python-parsyfiles/parsyfiles/tests/parsing_capabilities_by_type/primitives_data/int/err/b64pickle-float--5.5.txt]. Resuming parsing...
ERROR while parsing [/home/travis/build/smarie/python-parsyfiles/parsyfiles/tests/parsing_capabilities_by_type/primitives_data/int/err/b64pickle-float--5.5.txt] into a [int] using [$&lt;read_str_from_txt&gt; =&gt; &lt;base64_ascii_str_pickle_to_object&gt; -&gt; &lt;str_to_bool&gt;$]. Set log level to DEBUG for details
Rebuilding local parsing plan with next candidate parser: $&lt;read_str_from_txt&gt; =&gt; &lt;base64_ascii_str_pickle_to_object&gt;$
DONE Rebuilding local parsing plan for [/home/travis/build/smarie/python-parsyfiles/parsyfiles/tests/parsing_capabilities_by_type/primitives_data/int/err/b64pickle-float--5.5.txt]. Resuming parsing...
ERROR while parsing [/home/travis/build/smarie/python-parsyfiles/parsyfiles/tests/parsing_capabilities_by_type/primitives_data/int/err/b64pickle-float--5.5.txt] into a [int] using [$&lt;read_str_from_txt&gt; =&gt; &lt;base64_ascii_str_pickle_to_object&gt;$]. Set log level to DEBUG for details
</system-out></testcase><testcase classname="parsyfiles.tests.parsing_capabilities_by_type.test_parse_primitives" file="parsyfiles/tests/parsing_capabilities_by_type/test_parse_primitives.py" line="179" name="test_parse_by_type[bool-ok-b64pickle-bool-False=False.txt]" time="0.04071640968322754"><system-out>ERROR while parsing [/home/travis/build/smarie/python-parsyfiles/parsyfiles/tests/parsing_capabilities_by_type/primitives_data/bool/ok/b64pickle-bool-False=False.txt] into a [bool] using [$&lt;read_str_from_txt&gt; =&gt; &lt;str_to_bool&gt;$]. Set log level to DEBUG for details
Rebuilding local parsing plan with next candidate parser: $&lt;read_str_from_txt&gt; =&gt; &lt;base64_ascii_str_pickle_to_object&gt; -&gt; &lt;float_to_bool&gt;$
DONE Rebuilding local parsing plan for [/home/travis/build/smarie/python-parsyfiles/parsyfiles/tests/parsing_capabilities_by_type/primitives_data/bool/ok/b64pickle-bool-False=False.txt]. Resuming parsing...
ERROR while parsing [/home/travis/build/smarie/python-parsyfiles/parsyfiles/tests/parsing_capabilities_by_type/primitives_data/bool/ok/b64pickle-bool-False=False.txt] into a [bool] using [$&lt;read_str_from_txt&gt; =&gt; &lt;base64_ascii_str_pickle_to_object&gt; -&gt; &lt;float_to_bool&gt;$]. Set log level to DEBUG for details
Rebuilding local parsing plan with next candidate parser: $&lt;read_str_from_txt&gt; =&gt; &lt;base64_ascii_str_pickle_to_object&gt; -&gt; &lt;int_to_bool&gt;$
DONE Rebuilding local parsing plan for [/home/travis/build/smarie/python-parsyfiles/parsyfiles/tests/parsing_capabilities_by_type/primitives_data/bool/ok/b64pickle-bool-False=False.txt]. Resuming parsing...
ERROR while parsing [/home/travis/build/smarie/python-parsyfiles/parsyfiles/tests/parsing_capabilities_by_type/primitives_data/bool/ok/b64pickle-bool-False=False.txt] into a [bool] using [$&lt;read_str_from_txt&gt; =&gt; &lt;base64_ascii_str_pickle_to_object&gt; -&gt; &lt;int_to_bool&gt;$]. Set log level to DEBUG for details
Rebuilding local parsing plan with next candidate parser: $&lt;read_str_from_txt&gt; =&gt; &lt;base64_ascii_str_pickle_to_object&gt; -&gt; &lt;str_to_bool&gt;$
DONE Rebuilding local parsing plan for [/home/travis/build/smarie/python-parsyfiles/parsyfiles/tests/parsing_capabilities_by_type/primitives_data/bool/ok/b64pickle-bool-False=False.txt]. Resuming parsing...
ERROR while parsing [/home/travis/build/smarie/python-parsyfiles/parsyfiles/tests/parsing_capabilities_by_type/primitives_data/bool/ok/b64pickle-bool-False=False.txt] into a [bool] using [$&lt;read_str_from_txt&gt; =&gt; &lt;base64_ascii_str_pickle_to_object&gt; -&gt; &lt;str_to_bool&gt;$]. Set log level to DEBUG for details
Rebuilding local parsing plan with next candidate parser: $&lt;read_str_from_txt&gt; =&gt; &lt;base64_ascii_str_pickle_to_object&gt;$
DONE Rebuilding local parsing plan for [/home/travis/build/smarie/python-parsyfiles/parsyfiles/tests/parsing_capabilities_by_type/primitives_data/bool/ok/b64pickle-bool-False=False.txt]. Resuming parsing...
SUCCESS parsed [/home/travis/build/smarie/python-parsyfiles/parsyfiles/tests/parsing_capabilities_by_type/primitives_data/bool/ok/b64pickle-bool-False=False.txt] as a [bool] successfully. Parser used was [$&lt;read_str_from_txt&gt; =&gt; &lt;base64_ascii_str_pickle_to_object&gt;$]

False==0
</system-out></testcase><testcase classname="parsyfiles.tests.parsing_capabilities_by_type.test_parse_primitives" file="parsyfiles/tests/parsing_capabilities_by_type/test_parse_primitives.py" line="179" name="test_parse_by_type[bool-ok-pickle-bool-False=False.pyc]" time="0.04117631912231445"><system-out>ERROR while parsing [/home/travis/build/smarie/python-parsyfiles/parsyfiles/tests/parsing_capabilities_by_type/primitives_data/bool/ok/pickle-bool-False=False.pyc] into a [bool] using [$&lt;read_object_from_pickle&gt; =&gt; &lt;float_to_bool&gt;$]. Set log level to DEBUG for details
Rebuilding local parsing plan with next candidate parser: $&lt;read_object_from_pickle&gt; =&gt; &lt;int_to_bool&gt;$
DONE Rebuilding local parsing plan for [/home/travis/build/smarie/python-parsyfiles/parsyfiles/tests/parsing_capabilities_by_type/primitives_data/bool/ok/pickle-bool-False=False.pyc]. Resuming parsing...
ERROR while parsing [/home/travis/build/smarie/python-parsyfiles/parsyfiles/tests/parsing_capabilities_by_type/primitives_data/bool/ok/pickle-bool-False=False.pyc] into a [bool] using [$&lt;read_object_from_pickle&gt; =&gt; &lt;int_to_bool&gt;$]. Set log level to DEBUG for details
Rebuilding local parsing plan with next candidate parser: $&lt;read_object_from_pickle&gt; =&gt; &lt;str_to_bool&gt;$
DONE Rebuilding local parsing plan for [/home/travis/build/smarie/python-parsyfiles/parsyfiles/tests/parsing_capabilities_by_type/primitives_data/bool/ok/pickle-bool-False=False.pyc]. Resuming parsing...
ERROR while parsing [/home/travis/build/smarie/python-parsyfiles/parsyfiles/tests/parsing_capabilities_by_type/primitives_data/bool/ok/pickle-bool-False=False.pyc] into a [bool] using [$&lt;read_object_from_pickle&gt; =&gt; &lt;str_to_bool&gt;$]. Set log level to DEBUG for details
Rebuilding local parsing plan with next candidate parser: &lt;read_object_from_pickle&gt;
DONE Rebuilding local parsing plan for [/home/travis/build/smarie/python-parsyfiles/parsyfiles/tests/parsing_capabilities_by_type/primitives_data/bool/ok/pickle-bool-False=False.pyc]. Resuming parsing...
SUCCESS parsed [/home/travis/build/smarie/python-parsyfiles/parsyfiles/tests/parsing_capabilities_by_type/primitives_data/bool/ok/pickle-bool-False=False.pyc] as a [bool] successfully. Parser used was [&lt;read_object_from_pickle&gt;]

False==0
</system-out></testcase><testcase classname="parsyfiles.tests.parsing_capabilities_by_type.test_parse_primitives" file="parsyfiles/tests/parsing_capabilities_by_type/test_parse_primitives.py" line="179" name="test_parse_by_type[bool-ok-txt-bool-False=False.txt]" time="0.03337430953979492"><system-out>SUCCESS parsed [/home/travis/build/smarie/python-parsyfiles/parsyfiles/tests/parsing_capabilities_by_type/primitives_data/bool/ok/txt-bool-False=False.txt] as a [bool] successfully. Parser used was [$&lt;read_str_from_txt&gt; =&gt; &lt;str_to_bool&gt;$]

False==0
</system-out></testcase><testcase classname="parsyfiles.tests.parsing_capabilities_by_type.test_parse_primitives" file="parsyfiles/tests/parsing_capabilities_by_type/test_parse_primitives.py" line="179" name="test_parse_by_type[bool-ok-pickle-float-0.0=False.pyc]" time="0.033057212829589844"><system-out>SUCCESS parsed [/home/travis/build/smarie/python-parsyfiles/parsyfiles/tests/parsing_capabilities_by_type/primitives_data/bool/ok/pickle-float-0.0=False.pyc] as a [bool] successfully. Parser used was [$&lt;read_object_from_pickle&gt; =&gt; &lt;float_to_bool&gt;$]

False==0
</system-out></testcase><testcase classname="parsyfiles.tests.parsing_capabilities_by_type.test_parse_primitives" file="parsyfiles/tests/parsing_capabilities_by_type/test_parse_primitives.py" line="179" name="test_parse_by_type[bool-ok-txt-str-y=True.txt]" time="0.03478288650512695"><system-out>SUCCESS parsed [/home/travis/build/smarie/python-parsyfiles/parsyfiles/tests/parsing_capabilities_by_type/primitives_data/bool/ok/txt-str-y=True.txt] as a [bool] successfully. Parser used was [$&lt;read_str_from_txt&gt; =&gt; &lt;str_to_bool&gt;$]

True==1
</system-out></testcase><testcase classname="parsyfiles.tests.parsing_capabilities_by_type.test_parse_primitives" file="parsyfiles/tests/parsing_capabilities_by_type/test_parse_primitives.py" line="179" name="test_parse_by_type[bool-ok-txt-int-0=False.txt]" time="0.03533792495727539"><system-out>SUCCESS parsed [/home/travis/build/smarie/python-parsyfiles/parsyfiles/tests/parsing_capabilities_by_type/primitives_data/bool/ok/txt-int-0=False.txt] as a [bool] successfully. Parser used was [$&lt;read_str_from_txt&gt; =&gt; &lt;str_to_bool&gt;$]

False==0
</system-out></testcase><testcase classname="parsyfiles.tests.parsing_capabilities_by_type.test_parse_primitives" file="parsyfiles/tests/parsing_capabilities_by_type/test_parse_primitives.py" line="179" name="test_parse_by_type[bool-ok-pickle-bool-True=True.pyc]" time="0.03882622718811035"><system-out>ERROR while parsing [/home/travis/build/smarie/python-parsyfiles/parsyfiles/tests/parsing_capabilities_by_type/primitives_data/bool/ok/pickle-bool-True=True.pyc] into a [bool] using [$&lt;read_object_from_pickle&gt; =&gt; &lt;float_to_bool&gt;$]. Set log level to DEBUG for details
Rebuilding local parsing plan with next candidate parser: $&lt;read_object_from_pickle&gt; =&gt; &lt;int_to_bool&gt;$
DONE Rebuilding local parsing plan for [/home/travis/build/smarie/python-parsyfiles/parsyfiles/tests/parsing_capabilities_by_type/primitives_data/bool/ok/pickle-bool-True=True.pyc]. Resuming parsing...
ERROR while parsing [/home/travis/build/smarie/python-parsyfiles/parsyfiles/tests/parsing_capabilities_by_type/primitives_data/bool/ok/pickle-bool-True=True.pyc] into a [bool] using [$&lt;read_object_from_pickle&gt; =&gt; &lt;int_to_bool&gt;$]. Set log level to DEBUG for details
Rebuilding local parsing plan with next candidate parser: $&lt;read_object_from_pickle&gt; =&gt; &lt;str_to_bool&gt;$
DONE Rebuilding local parsing plan for [/home/travis/build/smarie/python-parsyfiles/parsyfiles/tests/parsing_capabilities_by_type/primitives_data/bool/ok/pickle-bool-True=True.pyc]. Resuming parsing...
ERROR while parsing [/home/travis/build/smarie/python-parsyfiles/parsyfiles/tests/parsing_capabilities_by_type/primitives_data/bool/ok/pickle-bool-True=True.pyc] into a [bool] using [$&lt;read_object_from_pickle&gt; =&gt; &lt;str_to_bool&gt;$]. Set log level to DEBUG for details
Rebuilding local parsing plan with next candidate parser: &lt;read_object_from_pickle&gt;
DONE Rebuilding local parsing plan for [/home/travis/build/smarie/python-parsyfiles/parsyfiles/tests/parsing_capabilities_by_type/primitives_data/bool/ok/pickle-bool-True=True.pyc]. Resuming parsing...
SUCCESS parsed [/home/travis/build/smarie/python-parsyfiles/parsyfiles/tests/parsing_capabilities_by_type/primitives_data/bool/ok/pickle-bool-True=True.pyc] as a [bool] successfully. Parser used was [&lt;read_object_from_pickle&gt;]

True==1
</system-out></testcase><testcase classname="parsyfiles.tests.parsing_capabilities_by_type.test_parse_primitives" file="parsyfiles/tests/parsing_capabilities_by_type/test_parse_primitives.py" line="179" name="test_parse_by_type[bool-ok-b64pickle-float-0.0=False.txt]" time="0.0341339111328125"><system-out>ERROR while parsing [/home/travis/build/smarie/python-parsyfiles/parsyfiles/tests/parsing_capabilities_by_type/primitives_data/bool/ok/b64pickle-float-0.0=False.txt] into a [bool] using [$&lt;read_str_from_txt&gt; =&gt; &lt;str_to_bool&gt;$]. Set log level to DEBUG for details
Rebuilding local parsing plan with next candidate parser: $&lt;read_str_from_txt&gt; =&gt; &lt;base64_ascii_str_pickle_to_object&gt; -&gt; &lt;float_to_bool&gt;$
DONE Rebuilding local parsing plan for [/home/travis/build/smarie/python-parsyfiles/parsyfiles/tests/parsing_capabilities_by_type/primitives_data/bool/ok/b64pickle-float-0.0=False.txt]. Resuming parsing...
SUCCESS parsed [/home/travis/build/smarie/python-parsyfiles/parsyfiles/tests/parsing_capabilities_by_type/primitives_data/bool/ok/b64pickle-float-0.0=False.txt] as a [bool] successfully. Parser used was [$&lt;read_str_from_txt&gt; =&gt; &lt;base64_ascii_str_pickle_to_object&gt; -&gt; &lt;float_to_bool&gt;$]

False==0
</system-out></testcase><testcase classname="parsyfiles.tests.parsing_capabilities_by_type.test_parse_primitives" file="parsyfiles/tests/parsing_capabilities_by_type/test_parse_primitives.py" line="179" name="test_parse_by_type[bool-ok-pickle-str-y=True.pyc]" time="0.033685922622680664"><system-out>ERROR while parsing [/home/travis/build/smarie/python-parsyfiles/parsyfiles/tests/parsing_capabilities_by_type/primitives_data/bool/ok/pickle-str-y=True.pyc] into a [bool] using [$&lt;read_object_from_pickle&gt; =&gt; &lt;float_to_bool&gt;$]. Set log level to DEBUG for details
Rebuilding local parsing plan with next candidate parser: $&lt;read_object_from_pickle&gt; =&gt; &lt;int_to_bool&gt;$
DONE Rebuilding local parsing plan for [/home/travis/build/smarie/python-parsyfiles/parsyfiles/tests/parsing_capabilities_by_type/primitives_data/bool/ok/pickle-str-y=True.pyc]. Resuming parsing...
ERROR while parsing [/home/travis/build/smarie/python-parsyfiles/parsyfiles/tests/parsing_capabilities_by_type/primitives_data/bool/ok/pickle-str-y=True.pyc] into a [bool] using [$&lt;read_object_from_pickle&gt; =&gt; &lt;int_to_bool&gt;$]. Set log level to DEBUG for details
Rebuilding local parsing plan with next candidate parser: $&lt;read_object_from_pickle&gt; =&gt; &lt;str_to_bool&gt;$
DONE Rebuilding local parsing plan for [/home/travis/build/smarie/python-parsyfiles/parsyfiles/tests/parsing_capabilities_by_type/primitives_data/bool/ok/pickle-str-y=True.pyc]. Resuming parsing...
SUCCESS parsed [/home/travis/build/smarie/python-parsyfiles/parsyfiles/tests/parsing_capabilities_by_type/primitives_data/bool/ok/pickle-str-y=True.pyc] as a [bool] successfully. Parser used was [$&lt;read_object_from_pickle&gt; =&gt; &lt;str_to_bool&gt;$]

True==1
</system-out></testcase><testcase classname="parsyfiles.tests.parsing_capabilities_by_type.test_parse_primitives" file="parsyfiles/tests/parsing_capabilities_by_type/test_parse_primitives.py" line="179" name="test_parse_by_type[bool-ok-txt-float-0.0=False.txt]" time="0.03633260726928711"><system-out>SUCCESS parsed [/home/travis/build/smarie/python-parsyfiles/parsyfiles/tests/parsing_capabilities_by_type/primitives_data/bool/ok/txt-float-0.0=False.txt] as a [bool] successfully. Parser used was [$&lt;read_str_from_txt&gt; =&gt; &lt;str_to_bool&gt;$]

False==0
</system-out></testcase><testcase classname="parsyfiles.tests.parsing_capabilities_by_type.test_parse_primitives" file="parsyfiles/tests/parsing_capabilities_by_type/test_parse_primitives.py" line="179" name="test_parse_by_type[bool-ok-b64pickle-bool-True=True.txt]" time="0.03833127021789551"><system-out>ERROR while parsing [/home/travis/build/smarie/python-parsyfiles/parsyfiles/tests/parsing_capabilities_by_type/primitives_data/bool/ok/b64pickle-bool-True=True.txt] into a [bool] using [$&lt;read_str_from_txt&gt; =&gt; &lt;str_to_bool&gt;$]. Set log level to DEBUG for details
Rebuilding local parsing plan with next candidate parser: $&lt;read_str_from_txt&gt; =&gt; &lt;base64_ascii_str_pickle_to_object&gt; -&gt; &lt;float_to_bool&gt;$
DONE Rebuilding local parsing plan for [/home/travis/build/smarie/python-parsyfiles/parsyfiles/tests/parsing_capabilities_by_type/primitives_data/bool/ok/b64pickle-bool-True=True.txt]. Resuming parsing...
ERROR while parsing [/home/travis/build/smarie/python-parsyfiles/parsyfiles/tests/parsing_capabilities_by_type/primitives_data/bool/ok/b64pickle-bool-True=True.txt] into a [bool] using [$&lt;read_str_from_txt&gt; =&gt; &lt;base64_ascii_str_pickle_to_object&gt; -&gt; &lt;float_to_bool&gt;$]. Set log level to DEBUG for details
Rebuilding local parsing plan with next candidate parser: $&lt;read_str_from_txt&gt; =&gt; &lt;base64_ascii_str_pickle_to_object&gt; -&gt; &lt;int_to_bool&gt;$
DONE Rebuilding local parsing plan for [/home/travis/build/smarie/python-parsyfiles/parsyfiles/tests/parsing_capabilities_by_type/primitives_data/bool/ok/b64pickle-bool-True=True.txt]. Resuming parsing...
ERROR while parsing [/home/travis/build/smarie/python-parsyfiles/parsyfiles/tests/parsing_capabilities_by_type/primitives_data/bool/ok/b64pickle-bool-True=True.txt] into a [bool] using [$&lt;read_str_from_txt&gt; =&gt; &lt;base64_ascii_str_pickle_to_object&gt; -&gt; &lt;int_to_bool&gt;$]. Set log level to DEBUG for details
Rebuilding local parsing plan with next candidate parser: $&lt;read_str_from_txt&gt; =&gt; &lt;base64_ascii_str_pickle_to_object&gt; -&gt; &lt;str_to_bool&gt;$
DONE Rebuilding local parsing plan for [/home/travis/build/smarie/python-parsyfiles/parsyfiles/tests/parsing_capabilities_by_type/primitives_data/bool/ok/b64pickle-bool-True=True.txt]. Resuming parsing...
ERROR while parsing [/home/travis/build/smarie/python-parsyfiles/parsyfiles/tests/parsing_capabilities_by_type/primitives_data/bool/ok/b64pickle-bool-True=True.txt] into a [bool] using [$&lt;read_str_from_txt&gt; =&gt; &lt;base64_ascii_str_pickle_to_object&gt; -&gt; &lt;str_to_bool&gt;$]. Set log level to DEBUG for details
Rebuilding local parsing plan with next candidate parser: $&lt;read_str_from_txt&gt; =&gt; &lt;base64_ascii_str_pickle_to_object&gt;$
DONE Rebuilding local parsing plan for [/home/travis/build/smarie/python-parsyfiles/parsyfiles/tests/parsing_capabilities_by_type/primitives_data/bool/ok/b64pickle-bool-True=True.txt]. Resuming parsing...
SUCCESS parsed [/home/travis/build/smarie/python-parsyfiles/parsyfiles/tests/parsing_capabilities_by_type/primitives_data/bool/ok/b64pickle-bool-True=True.txt] as a [bool] successfully. Parser used was [$&lt;read_str_from_txt&gt; =&gt; &lt;base64_ascii_str_pickle_to_object&gt;$]

True==1
</system-out></testcase><testcase classname="parsyfiles.tests.parsing_capabilities_by_type.test_parse_primitives" file="parsyfiles/tests/parsing_capabilities_by_type/test_parse_primitives.py" line="179" name="test_parse_by_type[bool-ok-txt-float-1.0=True.txt]" time="0.03377580642700195"><system-out>SUCCESS parsed [/home/travis/build/smarie/python-parsyfiles/parsyfiles/tests/parsing_capabilities_by_type/primitives_data/bool/ok/txt-float-1.0=True.txt] as a [bool] successfully. Parser used was [$&lt;read_str_from_txt&gt; =&gt; &lt;str_to_bool&gt;$]

True==1
</system-out></testcase><testcase classname="parsyfiles.tests.parsing_capabilities_by_type.test_parse_primitives" file="parsyfiles/tests/parsing_capabilities_by_type/test_parse_primitives.py" line="179" name="test_parse_by_type[bool-ok-b64pickle-str-No=False.txt]" time="0.03901553153991699"><system-out>ERROR while parsing [/home/travis/build/smarie/python-parsyfiles/parsyfiles/tests/parsing_capabilities_by_type/primitives_data/bool/ok/b64pickle-str-No=False.txt] into a [bool] using [$&lt;read_str_from_txt&gt; =&gt; &lt;str_to_bool&gt;$]. Set log level to DEBUG for details
Rebuilding local parsing plan with next candidate parser: $&lt;read_str_from_txt&gt; =&gt; &lt;base64_ascii_str_pickle_to_object&gt; -&gt; &lt;float_to_bool&gt;$
DONE Rebuilding local parsing plan for [/home/travis/build/smarie/python-parsyfiles/parsyfiles/tests/parsing_capabilities_by_type/primitives_data/bool/ok/b64pickle-str-No=False.txt]. Resuming parsing...
ERROR while parsing [/home/travis/build/smarie/python-parsyfiles/parsyfiles/tests/parsing_capabilities_by_type/primitives_data/bool/ok/b64pickle-str-No=False.txt] into a [bool] using [$&lt;read_str_from_txt&gt; =&gt; &lt;base64_ascii_str_pickle_to_object&gt; -&gt; &lt;float_to_bool&gt;$]. Set log level to DEBUG for details
Rebuilding local parsing plan with next candidate parser: $&lt;read_str_from_txt&gt; =&gt; &lt;base64_ascii_str_pickle_to_object&gt; -&gt; &lt;int_to_bool&gt;$
DONE Rebuilding local parsing plan for [/home/travis/build/smarie/python-parsyfiles/parsyfiles/tests/parsing_capabilities_by_type/primitives_data/bool/ok/b64pickle-str-No=False.txt]. Resuming parsing...
ERROR while parsing [/home/travis/build/smarie/python-parsyfiles/parsyfiles/tests/parsing_capabilities_by_type/primitives_data/bool/ok/b64pickle-str-No=False.txt] into a [bool] using [$&lt;read_str_from_txt&gt; =&gt; &lt;base64_ascii_str_pickle_to_object&gt; -&gt; &lt;int_to_bool&gt;$]. Set log level to DEBUG for details
Rebuilding local parsing plan with next candidate parser: $&lt;read_str_from_txt&gt; =&gt; &lt;base64_ascii_str_pickle_to_object&gt; -&gt; &lt;str_to_bool&gt;$
DONE Rebuilding local parsing plan for [/home/travis/build/smarie/python-parsyfiles/parsyfiles/tests/parsing_capabilities_by_type/primitives_data/bool/ok/b64pickle-str-No=False.txt]. Resuming parsing...
SUCCESS parsed [/home/travis/build/smarie/python-parsyfiles/parsyfiles/tests/parsing_capabilities_by_type/primitives_data/bool/ok/b64pickle-str-No=False.txt] as a [bool] successfully. Parser used was [$&lt;read_str_from_txt&gt; =&gt; &lt;base64_ascii_str_pickle_to_object&gt; -&gt; &lt;str_to_bool&gt;$]

False==0
</system-out></testcase><testcase classname="parsyfiles.tests.parsing_capabilities_by_type.test_parse_primitives" file="parsyfiles/tests/parsing_capabilities_by_type/test_parse_primitives.py" line="179" name="test_parse_by_type[bool-ok-b64pickle-str-y=True.txt]" time="0.03556180000305176"><system-out>ERROR while parsing [/home/travis/build/smarie/python-parsyfiles/parsyfiles/tests/parsing_capabilities_by_type/primitives_data/bool/ok/b64pickle-str-y=True.txt] into a [bool] using [$&lt;read_str_from_txt&gt; =&gt; &lt;str_to_bool&gt;$]. Set log level to DEBUG for details
Rebuilding local parsing plan with next candidate parser: $&lt;read_str_from_txt&gt; =&gt; &lt;base64_ascii_str_pickle_to_object&gt; -&gt; &lt;float_to_bool&gt;$
DONE Rebuilding local parsing plan for [/home/travis/build/smarie/python-parsyfiles/parsyfiles/tests/parsing_capabilities_by_type/primitives_data/bool/ok/b64pickle-str-y=True.txt]. Resuming parsing...
ERROR while parsing [/home/travis/build/smarie/python-parsyfiles/parsyfiles/tests/parsing_capabilities_by_type/primitives_data/bool/ok/b64pickle-str-y=True.txt] into a [bool] using [$&lt;read_str_from_txt&gt; =&gt; &lt;base64_ascii_str_pickle_to_object&gt; -&gt; &lt;float_to_bool&gt;$]. Set log level to DEBUG for details
Rebuilding local parsing plan with next candidate parser: $&lt;read_str_from_txt&gt; =&gt; &lt;base64_ascii_str_pickle_to_object&gt; -&gt; &lt;int_to_bool&gt;$
DONE Rebuilding local parsing plan for [/home/travis/build/smarie/python-parsyfiles/parsyfiles/tests/parsing_capabilities_by_type/primitives_data/bool/ok/b64pickle-str-y=True.txt]. Resuming parsing...
ERROR while parsing [/home/travis/build/smarie/python-parsyfiles/parsyfiles/tests/parsing_capabilities_by_type/primitives_data/bool/ok/b64pickle-str-y=True.txt] into a [bool] using [$&lt;read_str_from_txt&gt; =&gt; &lt;base64_ascii_str_pickle_to_object&gt; -&gt; &lt;int_to_bool&gt;$]. Set log level to DEBUG for details
Rebuilding local parsing plan with next candidate parser: $&lt;read_str_from_txt&gt; =&gt; &lt;base64_ascii_str_pickle_to_object&gt; -&gt; &lt;str_to_bool&gt;$
DONE Rebuilding local parsing plan for [/home/travis/build/smarie/python-parsyfiles/parsyfiles/tests/parsing_capabilities_by_type/primitives_data/bool/ok/b64pickle-str-y=True.txt]. Resuming parsing...
SUCCESS parsed [/home/travis/build/smarie/python-parsyfiles/parsyfiles/tests/parsing_capabilities_by_type/primitives_data/bool/ok/b64pickle-str-y=True.txt] as a [bool] successfully. Parser used was [$&lt;read_str_from_txt&gt; =&gt; &lt;base64_ascii_str_pickle_to_object&gt; -&gt; &lt;str_to_bool&gt;$]

True==1
</system-out></testcase><testcase classname="parsyfiles.tests.parsing_capabilities_by_type.test_parse_primitives" file="parsyfiles/tests/parsing_capabilities_by_type/test_parse_primitives.py" line="179" name="test_parse_by_type[bool-ok-pickle-int-1=True.pyc]" time="0.03367948532104492"><system-out>ERROR while parsing [/home/travis/build/smarie/python-parsyfiles/parsyfiles/tests/parsing_capabilities_by_type/primitives_data/bool/ok/pickle-int-1=True.pyc] into a [bool] using [$&lt;read_object_from_pickle&gt; =&gt; &lt;float_to_bool&gt;$]. Set log level to DEBUG for details
Rebuilding local parsing plan with next candidate parser: $&lt;read_object_from_pickle&gt; =&gt; &lt;int_to_bool&gt;$
DONE Rebuilding local parsing plan for [/home/travis/build/smarie/python-parsyfiles/parsyfiles/tests/parsing_capabilities_by_type/primitives_data/bool/ok/pickle-int-1=True.pyc]. Resuming parsing...
SUCCESS parsed [/home/travis/build/smarie/python-parsyfiles/parsyfiles/tests/parsing_capabilities_by_type/primitives_data/bool/ok/pickle-int-1=True.pyc] as a [bool] successfully. Parser used was [$&lt;read_object_from_pickle&gt; =&gt; &lt;int_to_bool&gt;$]

True==1
</system-out></testcase><testcase classname="parsyfiles.tests.parsing_capabilities_by_type.test_parse_primitives" file="parsyfiles/tests/parsing_capabilities_by_type/test_parse_primitives.py" line="179" name="test_parse_by_type[bool-ok-txt-int-1=True.txt]" time="0.034132957458496094"><system-out>SUCCESS parsed [/home/travis/build/smarie/python-parsyfiles/parsyfiles/tests/parsing_capabilities_by_type/primitives_data/bool/ok/txt-int-1=True.txt] as a [bool] successfully. Parser used was [$&lt;read_str_from_txt&gt; =&gt; &lt;str_to_bool&gt;$]

True==1
</system-out></testcase><testcase classname="parsyfiles.tests.parsing_capabilities_by_type.test_parse_primitives" file="parsyfiles/tests/parsing_capabilities_by_type/test_parse_primitives.py" line="179" name="test_parse_by_type[bool-ok-txt-bool-True=True.txt]" time="0.03710484504699707"><system-out>SUCCESS parsed [/home/travis/build/smarie/python-parsyfiles/parsyfiles/tests/parsing_capabilities_by_type/primitives_data/bool/ok/txt-bool-True=True.txt] as a [bool] successfully. Parser used was [$&lt;read_str_from_txt&gt; =&gt; &lt;str_to_bool&gt;$]

True==1
</system-out></testcase><testcase classname="parsyfiles.tests.parsing_capabilities_by_type.test_parse_primitives" file="parsyfiles/tests/parsing_capabilities_by_type/test_parse_primitives.py" line="179" name="test_parse_by_type[bool-ok-b64pickle-int-0=False.txt]" time="0.03145194053649902"><system-out>ERROR while parsing [/home/travis/build/smarie/python-parsyfiles/parsyfiles/tests/parsing_capabilities_by_type/primitives_data/bool/ok/b64pickle-int-0=False.txt] into a [bool] using [$&lt;read_str_from_txt&gt; =&gt; &lt;str_to_bool&gt;$]. Set log level to DEBUG for details
Rebuilding local parsing plan with next candidate parser: $&lt;read_str_from_txt&gt; =&gt; &lt;base64_ascii_str_pickle_to_object&gt; -&gt; &lt;float_to_bool&gt;$
DONE Rebuilding local parsing plan for [/home/travis/build/smarie/python-parsyfiles/parsyfiles/tests/parsing_capabilities_by_type/primitives_data/bool/ok/b64pickle-int-0=False.txt]. Resuming parsing...
ERROR while parsing [/home/travis/build/smarie/python-parsyfiles/parsyfiles/tests/parsing_capabilities_by_type/primitives_data/bool/ok/b64pickle-int-0=False.txt] into a [bool] using [$&lt;read_str_from_txt&gt; =&gt; &lt;base64_ascii_str_pickle_to_object&gt; -&gt; &lt;float_to_bool&gt;$]. Set log level to DEBUG for details
Rebuilding local parsing plan with next candidate parser: $&lt;read_str_from_txt&gt; =&gt; &lt;base64_ascii_str_pickle_to_object&gt; -&gt; &lt;int_to_bool&gt;$
DONE Rebuilding local parsing plan for [/home/travis/build/smarie/python-parsyfiles/parsyfiles/tests/parsing_capabilities_by_type/primitives_data/bool/ok/b64pickle-int-0=False.txt]. Resuming parsing...
SUCCESS parsed [/home/travis/build/smarie/python-parsyfiles/parsyfiles/tests/parsing_capabilities_by_type/primitives_data/bool/ok/b64pickle-int-0=False.txt] as a [bool] successfully. Parser used was [$&lt;read_str_from_txt&gt; =&gt; &lt;base64_ascii_str_pickle_to_object&gt; -&gt; &lt;int_to_bool&gt;$]

False==0
</system-out></testcase><testcase classname="parsyfiles.tests.parsing_capabilities_by_type.test_parse_primitives" file="parsyfiles/tests/parsing_capabilities_by_type/test_parse_primitives.py" line="179" name="test_parse_by_type[bool-ok-pickle-int-0=False.pyc]" time="0.033481597900390625"><system-out>ERROR while parsing [/home/travis/build/smarie/python-parsyfiles/parsyfiles/tests/parsing_capabilities_by_type/primitives_data/bool/ok/pickle-int-0=False.pyc] into a [bool] using [$&lt;read_object_from_pickle&gt; =&gt; &lt;float_to_bool&gt;$]. Set log level to DEBUG for details
Rebuilding local parsing plan with next candidate parser: $&lt;read_object_from_pickle&gt; =&gt; &lt;int_to_bool&gt;$
DONE Rebuilding local parsing plan for [/home/travis/build/smarie/python-parsyfiles/parsyfiles/tests/parsing_capabilities_by_type/primitives_data/bool/ok/pickle-int-0=False.pyc]. Resuming parsing...
SUCCESS parsed [/home/travis/build/smarie/python-parsyfiles/parsyfiles/tests/parsing_capabilities_by_type/primitives_data/bool/ok/pickle-int-0=False.pyc] as a [bool] successfully. Parser used was [$&lt;read_object_from_pickle&gt; =&gt; &lt;int_to_bool&gt;$]

False==0
</system-out></testcase><testcase classname="parsyfiles.tests.parsing_capabilities_by_type.test_parse_primitives" file="parsyfiles/tests/parsing_capabilities_by_type/test_parse_primitives.py" line="179" name="test_parse_by_type[bool-ok-b64pickle-int-1=True.txt]" time="0.035227298736572266"><system-out>ERROR while parsing [/home/travis/build/smarie/python-parsyfiles/parsyfiles/tests/parsing_capabilities_by_type/primitives_data/bool/ok/b64pickle-int-1=True.txt] into a [bool] using [$&lt;read_str_from_txt&gt; =&gt; &lt;str_to_bool&gt;$]. Set log level to DEBUG for details
Rebuilding local parsing plan with next candidate parser: $&lt;read_str_from_txt&gt; =&gt; &lt;base64_ascii_str_pickle_to_object&gt; -&gt; &lt;float_to_bool&gt;$
DONE Rebuilding local parsing plan for [/home/travis/build/smarie/python-parsyfiles/parsyfiles/tests/parsing_capabilities_by_type/primitives_data/bool/ok/b64pickle-int-1=True.txt]. Resuming parsing...
ERROR while parsing [/home/travis/build/smarie/python-parsyfiles/parsyfiles/tests/parsing_capabilities_by_type/primitives_data/bool/ok/b64pickle-int-1=True.txt] into a [bool] using [$&lt;read_str_from_txt&gt; =&gt; &lt;base64_ascii_str_pickle_to_object&gt; -&gt; &lt;float_to_bool&gt;$]. Set log level to DEBUG for details
Rebuilding local parsing plan with next candidate parser: $&lt;read_str_from_txt&gt; =&gt; &lt;base64_ascii_str_pickle_to_object&gt; -&gt; &lt;int_to_bool&gt;$
DONE Rebuilding local parsing plan for [/home/travis/build/smarie/python-parsyfiles/parsyfiles/tests/parsing_capabilities_by_type/primitives_data/bool/ok/b64pickle-int-1=True.txt]. Resuming parsing...
SUCCESS parsed [/home/travis/build/smarie/python-parsyfiles/parsyfiles/tests/parsing_capabilities_by_type/primitives_data/bool/ok/b64pickle-int-1=True.txt] as a [bool] successfully. Parser used was [$&lt;read_str_from_txt&gt; =&gt; &lt;base64_ascii_str_pickle_to_object&gt; -&gt; &lt;int_to_bool&gt;$]

True==1
</system-out></testcase><testcase classname="parsyfiles.tests.parsing_capabilities_by_type.test_parse_primitives" file="parsyfiles/tests/parsing_capabilities_by_type/test_parse_primitives.py" line="179" name="test_parse_by_type[bool-ok-pickle-float-1.0=True.pyc]" time="0.03117227554321289"><system-out>SUCCESS parsed [/home/travis/build/smarie/python-parsyfiles/parsyfiles/tests/parsing_capabilities_by_type/primitives_data/bool/ok/pickle-float-1.0=True.pyc] as a [bool] successfully. Parser used was [$&lt;read_object_from_pickle&gt; =&gt; &lt;float_to_bool&gt;$]

True==1
</system-out></testcase><testcase classname="parsyfiles.tests.parsing_capabilities_by_type.test_parse_primitives" file="parsyfiles/tests/parsing_capabilities_by_type/test_parse_primitives.py" line="179" name="test_parse_by_type[bool-ok-txt-str-No=False.txt]" time="0.032523393630981445"><system-out>SUCCESS parsed [/home/travis/build/smarie/python-parsyfiles/parsyfiles/tests/parsing_capabilities_by_type/primitives_data/bool/ok/txt-str-No=False.txt] as a [bool] successfully. Parser used was [$&lt;read_str_from_txt&gt; =&gt; &lt;str_to_bool&gt;$]

False==0
</system-out></testcase><testcase classname="parsyfiles.tests.parsing_capabilities_by_type.test_parse_primitives" file="parsyfiles/tests/parsing_capabilities_by_type/test_parse_primitives.py" line="179" name="test_parse_by_type[bool-ok-pickle-str-No=False.pyc]" time="0.03501129150390625"><system-out>ERROR while parsing [/home/travis/build/smarie/python-parsyfiles/parsyfiles/tests/parsing_capabilities_by_type/primitives_data/bool/ok/pickle-str-No=False.pyc] into a [bool] using [$&lt;read_object_from_pickle&gt; =&gt; &lt;float_to_bool&gt;$]. Set log level to DEBUG for details
Rebuilding local parsing plan with next candidate parser: $&lt;read_object_from_pickle&gt; =&gt; &lt;int_to_bool&gt;$
DONE Rebuilding local parsing plan for [/home/travis/build/smarie/python-parsyfiles/parsyfiles/tests/parsing_capabilities_by_type/primitives_data/bool/ok/pickle-str-No=False.pyc]. Resuming parsing...
ERROR while parsing [/home/travis/build/smarie/python-parsyfiles/parsyfiles/tests/parsing_capabilities_by_type/primitives_data/bool/ok/pickle-str-No=False.pyc] into a [bool] using [$&lt;read_object_from_pickle&gt; =&gt; &lt;int_to_bool&gt;$]. Set log level to DEBUG for details
Rebuilding local parsing plan with next candidate parser: $&lt;read_object_from_pickle&gt; =&gt; &lt;str_to_bool&gt;$
DONE Rebuilding local parsing plan for [/home/travis/build/smarie/python-parsyfiles/parsyfiles/tests/parsing_capabilities_by_type/primitives_data/bool/ok/pickle-str-No=False.pyc]. Resuming parsing...
SUCCESS parsed [/home/travis/build/smarie/python-parsyfiles/parsyfiles/tests/parsing_capabilities_by_type/primitives_data/bool/ok/pickle-str-No=False.pyc] as a [bool] successfully. Parser used was [$&lt;read_object_from_pickle&gt; =&gt; &lt;str_to_bool&gt;$]

False==0
</system-out></testcase><testcase classname="parsyfiles.tests.parsing_capabilities_by_type.test_parse_primitives" file="parsyfiles/tests/parsing_capabilities_by_type/test_parse_primitives.py" line="179" name="test_parse_by_type[bool-ok-b64pickle-float-1.0=True.txt]" time="0.035144805908203125"><system-out>ERROR while parsing [/home/travis/build/smarie/python-parsyfiles/parsyfiles/tests/parsing_capabilities_by_type/primitives_data/bool/ok/b64pickle-float-1.0=True.txt] into a [bool] using [$&lt;read_str_from_txt&gt; =&gt; &lt;str_to_bool&gt;$]. Set log level to DEBUG for details
Rebuilding local parsing plan with next candidate parser: $&lt;read_str_from_txt&gt; =&gt; &lt;base64_ascii_str_pickle_to_object&gt; -&gt; &lt;float_to_bool&gt;$
DONE Rebuilding local parsing plan for [/home/travis/build/smarie/python-parsyfiles/parsyfiles/tests/parsing_capabilities_by_type/primitives_data/bool/ok/b64pickle-float-1.0=True.txt]. Resuming parsing...
SUCCESS parsed [/home/travis/build/smarie/python-parsyfiles/parsyfiles/tests/parsing_capabilities_by_type/primitives_data/bool/ok/b64pickle-float-1.0=True.txt] as a [bool] successfully. Parser used was [$&lt;read_str_from_txt&gt; =&gt; &lt;base64_ascii_str_pickle_to_object&gt; -&gt; &lt;float_to_bool&gt;$]

True==1
</system-out></testcase><testcase classname="parsyfiles.tests.parsing_capabilities_by_type.test_parse_primitives" file="parsyfiles/tests/parsing_capabilities_by_type/test_parse_primitives.py" line="179" name="test_parse_by_type[bool-err-pickle-str-.pyc]" time="0.03665280342102051"><system-out>ERROR while parsing [/home/travis/build/smarie/python-parsyfiles/parsyfiles/tests/parsing_capabilities_by_type/primitives_data/bool/err/pickle-str-.pyc] into a [bool] using [$&lt;read_object_from_pickle&gt; =&gt; &lt;float_to_bool&gt;$]. Set log level to DEBUG for details
Rebuilding local parsing plan with next candidate parser: $&lt;read_object_from_pickle&gt; =&gt; &lt;int_to_bool&gt;$
DONE Rebuilding local parsing plan for [/home/travis/build/smarie/python-parsyfiles/parsyfiles/tests/parsing_capabilities_by_type/primitives_data/bool/err/pickle-str-.pyc]. Resuming parsing...
ERROR while parsing [/home/travis/build/smarie/python-parsyfiles/parsyfiles/tests/parsing_capabilities_by_type/primitives_data/bool/err/pickle-str-.pyc] into a [bool] using [$&lt;read_object_from_pickle&gt; =&gt; &lt;int_to_bool&gt;$]. Set log level to DEBUG for details
Rebuilding local parsing plan with next candidate parser: $&lt;read_object_from_pickle&gt; =&gt; &lt;str_to_bool&gt;$
DONE Rebuilding local parsing plan for [/home/travis/build/smarie/python-parsyfiles/parsyfiles/tests/parsing_capabilities_by_type/primitives_data/bool/err/pickle-str-.pyc]. Resuming parsing...
ERROR while parsing [/home/travis/build/smarie/python-parsyfiles/parsyfiles/tests/parsing_capabilities_by_type/primitives_data/bool/err/pickle-str-.pyc] into a [bool] using [$&lt;read_object_from_pickle&gt; =&gt; &lt;str_to_bool&gt;$]. Set log level to DEBUG for details
Rebuilding local parsing plan with next candidate parser: &lt;read_object_from_pickle&gt;
DONE Rebuilding local parsing plan for [/home/travis/build/smarie/python-parsyfiles/parsyfiles/tests/parsing_capabilities_by_type/primitives_data/bool/err/pickle-str-.pyc]. Resuming parsing...
ERROR while parsing [/home/travis/build/smarie/python-parsyfiles/parsyfiles/tests/parsing_capabilities_by_type/primitives_data/bool/err/pickle-str-.pyc] into a [bool] using [&lt;read_object_from_pickle&gt;]. Set log level to DEBUG for details
</system-out></testcase><testcase classname="parsyfiles.tests.parsing_capabilities_by_type.test_parse_primitives" file="parsyfiles/tests/parsing_capabilities_by_type/test_parse_primitives.py" line="179" name="test_parse_by_type[bool-err-pickle-str-truth.pyc]" time="0.0368039608001709"><system-out>ERROR while parsing [/home/travis/build/smarie/python-parsyfiles/parsyfiles/tests/parsing_capabilities_by_type/primitives_data/bool/err/pickle-str-truth.pyc] into a [bool] using [$&lt;read_object_from_pickle&gt; =&gt; &lt;float_to_bool&gt;$]. Set log level to DEBUG for details
Rebuilding local parsing plan with next candidate parser: $&lt;read_object_from_pickle&gt; =&gt; &lt;int_to_bool&gt;$
DONE Rebuilding local parsing plan for [/home/travis/build/smarie/python-parsyfiles/parsyfiles/tests/parsing_capabilities_by_type/primitives_data/bool/err/pickle-str-truth.pyc]. Resuming parsing...
ERROR while parsing [/home/travis/build/smarie/python-parsyfiles/parsyfiles/tests/parsing_capabilities_by_type/primitives_data/bool/err/pickle-str-truth.pyc] into a [bool] using [$&lt;read_object_from_pickle&gt; =&gt; &lt;int_to_bool&gt;$]. Set log level to DEBUG for details
Rebuilding local parsing plan with next candidate parser: $&lt;read_object_from_pickle&gt; =&gt; &lt;str_to_bool&gt;$
DONE Rebuilding local parsing plan for [/home/travis/build/smarie/python-parsyfiles/parsyfiles/tests/parsing_capabilities_by_type/primitives_data/bool/err/pickle-str-truth.pyc]. Resuming parsing...
ERROR while parsing [/home/travis/build/smarie/python-parsyfiles/parsyfiles/tests/parsing_capabilities_by_type/primitives_data/bool/err/pickle-str-truth.pyc] into a [bool] using [$&lt;read_object_from_pickle&gt; =&gt; &lt;str_to_bool&gt;$]. Set log level to DEBUG for details
Rebuilding local parsing plan with next candidate parser: &lt;read_object_from_pickle&gt;
DONE Rebuilding local parsing plan for [/home/travis/build/smarie/python-parsyfiles/parsyfiles/tests/parsing_capabilities_by_type/primitives_data/bool/err/pickle-str-truth.pyc]. Resuming parsing...
ERROR while parsing [/home/travis/build/smarie/python-parsyfiles/parsyfiles/tests/parsing_capabilities_by_type/primitives_data/bool/err/pickle-str-truth.pyc] into a [bool] using [&lt;read_object_from_pickle&gt;]. Set log level to DEBUG for details
</system-out></testcase><testcase classname="parsyfiles.tests.parsing_capabilities_by_type.test_parse_primitives" file="parsyfiles/tests/parsing_capabilities_by_type/test_parse_primitives.py" line="179" name="test_parse_by_type[bool-err-txt-float--1.0.txt]" time="0.03622579574584961"><system-out>ERROR while parsing [/home/travis/build/smarie/python-parsyfiles/parsyfiles/tests/parsing_capabilities_by_type/primitives_data/bool/err/txt-float--1.0.txt] into a [bool] using [$&lt;read_str_from_txt&gt; =&gt; &lt;str_to_bool&gt;$]. Set log level to DEBUG for details
Rebuilding local parsing plan with next candidate parser: $&lt;read_str_from_txt&gt; =&gt; &lt;base64_ascii_str_pickle_to_object&gt; -&gt; &lt;float_to_bool&gt;$
DONE Rebuilding local parsing plan for [/home/travis/build/smarie/python-parsyfiles/parsyfiles/tests/parsing_capabilities_by_type/primitives_data/bool/err/txt-float--1.0.txt]. Resuming parsing...
ERROR while parsing [/home/travis/build/smarie/python-parsyfiles/parsyfiles/tests/parsing_capabilities_by_type/primitives_data/bool/err/txt-float--1.0.txt] into a [bool] using [$&lt;read_str_from_txt&gt; =&gt; &lt;base64_ascii_str_pickle_to_object&gt; -&gt; &lt;float_to_bool&gt;$]. Set log level to DEBUG for details
Rebuilding local parsing plan with next candidate parser: $&lt;read_str_from_txt&gt; =&gt; &lt;base64_ascii_str_pickle_to_object&gt; -&gt; &lt;int_to_bool&gt;$
DONE Rebuilding local parsing plan for [/home/travis/build/smarie/python-parsyfiles/parsyfiles/tests/parsing_capabilities_by_type/primitives_data/bool/err/txt-float--1.0.txt]. Resuming parsing...
ERROR while parsing [/home/travis/build/smarie/python-parsyfiles/parsyfiles/tests/parsing_capabilities_by_type/primitives_data/bool/err/txt-float--1.0.txt] into a [bool] using [$&lt;read_str_from_txt&gt; =&gt; &lt;base64_ascii_str_pickle_to_object&gt; -&gt; &lt;int_to_bool&gt;$]. Set log level to DEBUG for details
Rebuilding local parsing plan with next candidate parser: $&lt;read_str_from_txt&gt; =&gt; &lt;base64_ascii_str_pickle_to_object&gt; -&gt; &lt;str_to_bool&gt;$
DONE Rebuilding local parsing plan for [/home/travis/build/smarie/python-parsyfiles/parsyfiles/tests/parsing_capabilities_by_type/primitives_data/bool/err/txt-float--1.0.txt]. Resuming parsing...
ERROR while parsing [/home/travis/build/smarie/python-parsyfiles/parsyfiles/tests/parsing_capabilities_by_type/primitives_data/bool/err/txt-float--1.0.txt] into a [bool] using [$&lt;read_str_from_txt&gt; =&gt; &lt;base64_ascii_str_pickle_to_object&gt; -&gt; &lt;str_to_bool&gt;$]. Set log level to DEBUG for details
Rebuilding local parsing plan with next candidate parser: $&lt;read_str_from_txt&gt; =&gt; &lt;base64_ascii_str_pickle_to_object&gt;$
DONE Rebuilding local parsing plan for [/home/travis/build/smarie/python-parsyfiles/parsyfiles/tests/parsing_capabilities_by_type/primitives_data/bool/err/txt-float--1.0.txt]. Resuming parsing...
ERROR while parsing [/home/travis/build/smarie/python-parsyfiles/parsyfiles/tests/parsing_capabilities_by_type/primitives_data/bool/err/txt-float--1.0.txt] into a [bool] using [$&lt;read_str_from_txt&gt; =&gt; &lt;base64_ascii_str_pickle_to_object&gt;$]. Set log level to DEBUG for details
</system-out></testcase><testcase classname="parsyfiles.tests.parsing_capabilities_by_type.test_parse_primitives" file="parsyfiles/tests/parsing_capabilities_by_type/test_parse_primitives.py" line="179" name="test_parse_by_type[bool-err-txt-str-.txt]" time="0.043445587158203125"><system-out>ERROR while parsing [/home/travis/build/smarie/python-parsyfiles/parsyfiles/tests/parsing_capabilities_by_type/primitives_data/bool/err/txt-str-.txt] into a [bool] using [$&lt;read_str_from_txt&gt; =&gt; &lt;str_to_bool&gt;$]. Set log level to DEBUG for details
Rebuilding local parsing plan with next candidate parser: $&lt;read_str_from_txt&gt; =&gt; &lt;base64_ascii_str_pickle_to_object&gt; -&gt; &lt;float_to_bool&gt;$
DONE Rebuilding local parsing plan for [/home/travis/build/smarie/python-parsyfiles/parsyfiles/tests/parsing_capabilities_by_type/primitives_data/bool/err/txt-str-.txt]. Resuming parsing...
ERROR while parsing [/home/travis/build/smarie/python-parsyfiles/parsyfiles/tests/parsing_capabilities_by_type/primitives_data/bool/err/txt-str-.txt] into a [bool] using [$&lt;read_str_from_txt&gt; =&gt; &lt;base64_ascii_str_pickle_to_object&gt; -&gt; &lt;float_to_bool&gt;$]. Set log level to DEBUG for details
Rebuilding local parsing plan with next candidate parser: $&lt;read_str_from_txt&gt; =&gt; &lt;base64_ascii_str_pickle_to_object&gt; -&gt; &lt;int_to_bool&gt;$
DONE Rebuilding local parsing plan for [/home/travis/build/smarie/python-parsyfiles/parsyfiles/tests/parsing_capabilities_by_type/primitives_data/bool/err/txt-str-.txt]. Resuming parsing...
ERROR while parsing [/home/travis/build/smarie/python-parsyfiles/parsyfiles/tests/parsing_capabilities_by_type/primitives_data/bool/err/txt-str-.txt] into a [bool] using [$&lt;read_str_from_txt&gt; =&gt; &lt;base64_ascii_str_pickle_to_object&gt; -&gt; &lt;int_to_bool&gt;$]. Set log level to DEBUG for details
Rebuilding local parsing plan with next candidate parser: $&lt;read_str_from_txt&gt; =&gt; &lt;base64_ascii_str_pickle_to_object&gt; -&gt; &lt;str_to_bool&gt;$
DONE Rebuilding local parsing plan for [/home/travis/build/smarie/python-parsyfiles/parsyfiles/tests/parsing_capabilities_by_type/primitives_data/bool/err/txt-str-.txt]. Resuming parsing...
ERROR while parsing [/home/travis/build/smarie/python-parsyfiles/parsyfiles/tests/parsing_capabilities_by_type/primitives_data/bool/err/txt-str-.txt] into a [bool] using [$&lt;read_str_from_txt&gt; =&gt; &lt;base64_ascii_str_pickle_to_object&gt; -&gt; &lt;str_to_bool&gt;$]. Set log level to DEBUG for details
Rebuilding local parsing plan with next candidate parser: $&lt;read_str_from_txt&gt; =&gt; &lt;base64_ascii_str_pickle_to_object&gt;$
DONE Rebuilding local parsing plan for [/home/travis/build/smarie/python-parsyfiles/parsyfiles/tests/parsing_capabilities_by_type/primitives_data/bool/err/txt-str-.txt]. Resuming parsing...
ERROR while parsing [/home/travis/build/smarie/python-parsyfiles/parsyfiles/tests/parsing_capabilities_by_type/primitives_data/bool/err/txt-str-.txt] into a [bool] using [$&lt;read_str_from_txt&gt; =&gt; &lt;base64_ascii_str_pickle_to_object&gt;$]. Set log level to DEBUG for details
</system-out></testcase><testcase classname="parsyfiles.tests.parsing_capabilities_by_type.test_parse_primitives" file="parsyfiles/tests/parsing_capabilities_by_type/test_parse_primitives.py" line="179" name="test_parse_by_type[bool-err-b64pickle-int-6.txt]" time="0.036791324615478516"><system-out>ERROR while parsing [/home/travis/build/smarie/python-parsyfiles/parsyfiles/tests/parsing_capabilities_by_type/primitives_data/bool/err/b64pickle-int-6.txt] into a [bool] using [$&lt;read_str_from_txt&gt; =&gt; &lt;str_to_bool&gt;$]. Set log level to DEBUG for details
Rebuilding local parsing plan with next candidate parser: $&lt;read_str_from_txt&gt; =&gt; &lt;base64_ascii_str_pickle_to_object&gt; -&gt; &lt;float_to_bool&gt;$
DONE Rebuilding local parsing plan for [/home/travis/build/smarie/python-parsyfiles/parsyfiles/tests/parsing_capabilities_by_type/primitives_data/bool/err/b64pickle-int-6.txt]. Resuming parsing...
ERROR while parsing [/home/travis/build/smarie/python-parsyfiles/parsyfiles/tests/parsing_capabilities_by_type/primitives_data/bool/err/b64pickle-int-6.txt] into a [bool] using [$&lt;read_str_from_txt&gt; =&gt; &lt;base64_ascii_str_pickle_to_object&gt; -&gt; &lt;float_to_bool&gt;$]. Set log level to DEBUG for details
Rebuilding local parsing plan with next candidate parser: $&lt;read_str_from_txt&gt; =&gt; &lt;base64_ascii_str_pickle_to_object&gt; -&gt; &lt;int_to_bool&gt;$
DONE Rebuilding local parsing plan for [/home/travis/build/smarie/python-parsyfiles/parsyfiles/tests/parsing_capabilities_by_type/primitives_data/bool/err/b64pickle-int-6.txt]. Resuming parsing...
ERROR while parsing [/home/travis/build/smarie/python-parsyfiles/parsyfiles/tests/parsing_capabilities_by_type/primitives_data/bool/err/b64pickle-int-6.txt] into a [bool] using [$&lt;read_str_from_txt&gt; =&gt; &lt;base64_ascii_str_pickle_to_object&gt; -&gt; &lt;int_to_bool&gt;$]. Set log level to DEBUG for details
Rebuilding local parsing plan with next candidate parser: $&lt;read_str_from_txt&gt; =&gt; &lt;base64_ascii_str_pickle_to_object&gt; -&gt; &lt;str_to_bool&gt;$
DONE Rebuilding local parsing plan for [/home/travis/build/smarie/python-parsyfiles/parsyfiles/tests/parsing_capabilities_by_type/primitives_data/bool/err/b64pickle-int-6.txt]. Resuming parsing...
ERROR while parsing [/home/travis/build/smarie/python-parsyfiles/parsyfiles/tests/parsing_capabilities_by_type/primitives_data/bool/err/b64pickle-int-6.txt] into a [bool] using [$&lt;read_str_from_txt&gt; =&gt; &lt;base64_ascii_str_pickle_to_object&gt; -&gt; &lt;str_to_bool&gt;$]. Set log level to DEBUG for details
Rebuilding local parsing plan with next candidate parser: $&lt;read_str_from_txt&gt; =&gt; &lt;base64_ascii_str_pickle_to_object&gt;$
DONE Rebuilding local parsing plan for [/home/travis/build/smarie/python-parsyfiles/parsyfiles/tests/parsing_capabilities_by_type/primitives_data/bool/err/b64pickle-int-6.txt]. Resuming parsing...
ERROR while parsing [/home/travis/build/smarie/python-parsyfiles/parsyfiles/tests/parsing_capabilities_by_type/primitives_data/bool/err/b64pickle-int-6.txt] into a [bool] using [$&lt;read_str_from_txt&gt; =&gt; &lt;base64_ascii_str_pickle_to_object&gt;$]. Set log level to DEBUG for details
</system-out></testcase><testcase classname="parsyfiles.tests.parsing_capabilities_by_type.test_parse_primitives" file="parsyfiles/tests/parsing_capabilities_by_type/test_parse_primitives.py" line="179" name="test_parse_by_type[bool-err-b64pickle-str-.txt]" time="0.03740954399108887"><system-out>ERROR while parsing [/home/travis/build/smarie/python-parsyfiles/parsyfiles/tests/parsing_capabilities_by_type/primitives_data/bool/err/b64pickle-str-.txt] into a [bool] using [$&lt;read_str_from_txt&gt; =&gt; &lt;str_to_bool&gt;$]. Set log level to DEBUG for details
Rebuilding local parsing plan with next candidate parser: $&lt;read_str_from_txt&gt; =&gt; &lt;base64_ascii_str_pickle_to_object&gt; -&gt; &lt;float_to_bool&gt;$
DONE Rebuilding local parsing plan for [/home/travis/build/smarie/python-parsyfiles/parsyfiles/tests/parsing_capabilities_by_type/primitives_data/bool/err/b64pickle-str-.txt]. Resuming parsing...
ERROR while parsing [/home/travis/build/smarie/python-parsyfiles/parsyfiles/tests/parsing_capabilities_by_type/primitives_data/bool/err/b64pickle-str-.txt] into a [bool] using [$&lt;read_str_from_txt&gt; =&gt; &lt;base64_ascii_str_pickle_to_object&gt; -&gt; &lt;float_to_bool&gt;$]. Set log level to DEBUG for details
Rebuilding local parsing plan with next candidate parser: $&lt;read_str_from_txt&gt; =&gt; &lt;base64_ascii_str_pickle_to_object&gt; -&gt; &lt;int_to_bool&gt;$
DONE Rebuilding local parsing plan for [/home/travis/build/smarie/python-parsyfiles/parsyfiles/tests/parsing_capabilities_by_type/primitives_data/bool/err/b64pickle-str-.txt]. Resuming parsing...
ERROR while parsing [/home/travis/build/smarie/python-parsyfiles/parsyfiles/tests/parsing_capabilities_by_type/primitives_data/bool/err/b64pickle-str-.txt] into a [bool] using [$&lt;read_str_from_txt&gt; =&gt; &lt;base64_ascii_str_pickle_to_object&gt; -&gt; &lt;int_to_bool&gt;$]. Set log level to DEBUG for details
Rebuilding local parsing plan with next candidate parser: $&lt;read_str_from_txt&gt; =&gt; &lt;base64_ascii_str_pickle_to_object&gt; -&gt; &lt;str_to_bool&gt;$
DONE Rebuilding local parsing plan for [/home/travis/build/smarie/python-parsyfiles/parsyfiles/tests/parsing_capabilities_by_type/primitives_data/bool/err/b64pickle-str-.txt]. Resuming parsing...
ERROR while parsing [/home/travis/build/smarie/python-parsyfiles/parsyfiles/tests/parsing_capabilities_by_type/primitives_data/bool/err/b64pickle-str-.txt] into a [bool] using [$&lt;read_str_from_txt&gt; =&gt; &lt;base64_ascii_str_pickle_to_object&gt; -&gt; &lt;str_to_bool&gt;$]. Set log level to DEBUG for details
Rebuilding local parsing plan with next candidate parser: $&lt;read_str_from_txt&gt; =&gt; &lt;base64_ascii_str_pickle_to_object&gt;$
DONE Rebuilding local parsing plan for [/home/travis/build/smarie/python-parsyfiles/parsyfiles/tests/parsing_capabilities_by_type/primitives_data/bool/err/b64pickle-str-.txt]. Resuming parsing...
ERROR while parsing [/home/travis/build/smarie/python-parsyfiles/parsyfiles/tests/parsing_capabilities_by_type/primitives_data/bool/err/b64pickle-str-.txt] into a [bool] using [$&lt;read_str_from_txt&gt; =&gt; &lt;base64_ascii_str_pickle_to_object&gt;$]. Set log level to DEBUG for details
</system-out></testcase><testcase classname="parsyfiles.tests.parsing_capabilities_by_type.test_parse_primitives" file="parsyfiles/tests/parsing_capabilities_by_type/test_parse_primitives.py" line="179" name="test_parse_by_type[bool-err-pickle-float--1.0.pyc]" time="0.037920236587524414"><system-out>ERROR while parsing [/home/travis/build/smarie/python-parsyfiles/parsyfiles/tests/parsing_capabilities_by_type/primitives_data/bool/err/pickle-float--1.0.pyc] into a [bool] using [$&lt;read_object_from_pickle&gt; =&gt; &lt;float_to_bool&gt;$]. Set log level to DEBUG for details
Rebuilding local parsing plan with next candidate parser: $&lt;read_object_from_pickle&gt; =&gt; &lt;int_to_bool&gt;$
DONE Rebuilding local parsing plan for [/home/travis/build/smarie/python-parsyfiles/parsyfiles/tests/parsing_capabilities_by_type/primitives_data/bool/err/pickle-float--1.0.pyc]. Resuming parsing...
ERROR while parsing [/home/travis/build/smarie/python-parsyfiles/parsyfiles/tests/parsing_capabilities_by_type/primitives_data/bool/err/pickle-float--1.0.pyc] into a [bool] using [$&lt;read_object_from_pickle&gt; =&gt; &lt;int_to_bool&gt;$]. Set log level to DEBUG for details
Rebuilding local parsing plan with next candidate parser: $&lt;read_object_from_pickle&gt; =&gt; &lt;str_to_bool&gt;$
DONE Rebuilding local parsing plan for [/home/travis/build/smarie/python-parsyfiles/parsyfiles/tests/parsing_capabilities_by_type/primitives_data/bool/err/pickle-float--1.0.pyc]. Resuming parsing...
ERROR while parsing [/home/travis/build/smarie/python-parsyfiles/parsyfiles/tests/parsing_capabilities_by_type/primitives_data/bool/err/pickle-float--1.0.pyc] into a [bool] using [$&lt;read_object_from_pickle&gt; =&gt; &lt;str_to_bool&gt;$]. Set log level to DEBUG for details
Rebuilding local parsing plan with next candidate parser: &lt;read_object_from_pickle&gt;
DONE Rebuilding local parsing plan for [/home/travis/build/smarie/python-parsyfiles/parsyfiles/tests/parsing_capabilities_by_type/primitives_data/bool/err/pickle-float--1.0.pyc]. Resuming parsing...
ERROR while parsing [/home/travis/build/smarie/python-parsyfiles/parsyfiles/tests/parsing_capabilities_by_type/primitives_data/bool/err/pickle-float--1.0.pyc] into a [bool] using [&lt;read_object_from_pickle&gt;]. Set log level to DEBUG for details
</system-out></testcase><testcase classname="parsyfiles.tests.parsing_capabilities_by_type.test_parse_primitives" file="parsyfiles/tests/parsing_capabilities_by_type/test_parse_primitives.py" line="179" name="test_parse_by_type[bool-err-b64pickle-str-truth.txt]" time="0.03680920600891113"><system-out>ERROR while parsing [/home/travis/build/smarie/python-parsyfiles/parsyfiles/tests/parsing_capabilities_by_type/primitives_data/bool/err/b64pickle-str-truth.txt] into a [bool] using [$&lt;read_str_from_txt&gt; =&gt; &lt;str_to_bool&gt;$]. Set log level to DEBUG for details
Rebuilding local parsing plan with next candidate parser: $&lt;read_str_from_txt&gt; =&gt; &lt;base64_ascii_str_pickle_to_object&gt; -&gt; &lt;float_to_bool&gt;$
DONE Rebuilding local parsing plan for [/home/travis/build/smarie/python-parsyfiles/parsyfiles/tests/parsing_capabilities_by_type/primitives_data/bool/err/b64pickle-str-truth.txt]. Resuming parsing...
ERROR while parsing [/home/travis/build/smarie/python-parsyfiles/parsyfiles/tests/parsing_capabilities_by_type/primitives_data/bool/err/b64pickle-str-truth.txt] into a [bool] using [$&lt;read_str_from_txt&gt; =&gt; &lt;base64_ascii_str_pickle_to_object&gt; -&gt; &lt;float_to_bool&gt;$]. Set log level to DEBUG for details
Rebuilding local parsing plan with next candidate parser: $&lt;read_str_from_txt&gt; =&gt; &lt;base64_ascii_str_pickle_to_object&gt; -&gt; &lt;int_to_bool&gt;$
DONE Rebuilding local parsing plan for [/home/travis/build/smarie/python-parsyfiles/parsyfiles/tests/parsing_capabilities_by_type/primitives_data/bool/err/b64pickle-str-truth.txt]. Resuming parsing...
ERROR while parsing [/home/travis/build/smarie/python-parsyfiles/parsyfiles/tests/parsing_capabilities_by_type/primitives_data/bool/err/b64pickle-str-truth.txt] into a [bool] using [$&lt;read_str_from_txt&gt; =&gt; &lt;base64_ascii_str_pickle_to_object&gt; -&gt; &lt;int_to_bool&gt;$]. Set log level to DEBUG for details
Rebuilding local parsing plan with next candidate parser: $&lt;read_str_from_txt&gt; =&gt; &lt;base64_ascii_str_pickle_to_object&gt; -&gt; &lt;str_to_bool&gt;$
DONE Rebuilding local parsing plan for [/home/travis/build/smarie/python-parsyfiles/parsyfiles/tests/parsing_capabilities_by_type/primitives_data/bool/err/b64pickle-str-truth.txt]. Resuming parsing...
ERROR while parsing [/home/travis/build/smarie/python-parsyfiles/parsyfiles/tests/parsing_capabilities_by_type/primitives_data/bool/err/b64pickle-str-truth.txt] into a [bool] using [$&lt;read_str_from_txt&gt; =&gt; &lt;base64_ascii_str_pickle_to_object&gt; -&gt; &lt;str_to_bool&gt;$]. Set log level to DEBUG for details
Rebuilding local parsing plan with next candidate parser: $&lt;read_str_from_txt&gt; =&gt; &lt;base64_ascii_str_pickle_to_object&gt;$
DONE Rebuilding local parsing plan for [/home/travis/build/smarie/python-parsyfiles/parsyfiles/tests/parsing_capabilities_by_type/primitives_data/bool/err/b64pickle-str-truth.txt]. Resuming parsing...
ERROR while parsing [/home/travis/build/smarie/python-parsyfiles/parsyfiles/tests/parsing_capabilities_by_type/primitives_data/bool/err/b64pickle-str-truth.txt] into a [bool] using [$&lt;read_str_from_txt&gt; =&gt; &lt;base64_ascii_str_pickle_to_object&gt;$]. Set log level to DEBUG for details
</system-out></testcase><testcase classname="parsyfiles.tests.parsing_capabilities_by_type.test_parse_primitives" file="parsyfiles/tests/parsing_capabilities_by_type/test_parse_primitives.py" line="179" name="test_parse_by_type[bool-err-txt-int-6.txt]" time="0.03687238693237305"><system-out>ERROR while parsing [/home/travis/build/smarie/python-parsyfiles/parsyfiles/tests/parsing_capabilities_by_type/primitives_data/bool/err/txt-int-6.txt] into a [bool] using [$&lt;read_str_from_txt&gt; =&gt; &lt;str_to_bool&gt;$]. Set log level to DEBUG for details
Rebuilding local parsing plan with next candidate parser: $&lt;read_str_from_txt&gt; =&gt; &lt;base64_ascii_str_pickle_to_object&gt; -&gt; &lt;float_to_bool&gt;$
DONE Rebuilding local parsing plan for [/home/travis/build/smarie/python-parsyfiles/parsyfiles/tests/parsing_capabilities_by_type/primitives_data/bool/err/txt-int-6.txt]. Resuming parsing...
ERROR while parsing [/home/travis/build/smarie/python-parsyfiles/parsyfiles/tests/parsing_capabilities_by_type/primitives_data/bool/err/txt-int-6.txt] into a [bool] using [$&lt;read_str_from_txt&gt; =&gt; &lt;base64_ascii_str_pickle_to_object&gt; -&gt; &lt;float_to_bool&gt;$]. Set log level to DEBUG for details
Rebuilding local parsing plan with next candidate parser: $&lt;read_str_from_txt&gt; =&gt; &lt;base64_ascii_str_pickle_to_object&gt; -&gt; &lt;int_to_bool&gt;$
DONE Rebuilding local parsing plan for [/home/travis/build/smarie/python-parsyfiles/parsyfiles/tests/parsing_capabilities_by_type/primitives_data/bool/err/txt-int-6.txt]. Resuming parsing...
ERROR while parsing [/home/travis/build/smarie/python-parsyfiles/parsyfiles/tests/parsing_capabilities_by_type/primitives_data/bool/err/txt-int-6.txt] into a [bool] using [$&lt;read_str_from_txt&gt; =&gt; &lt;base64_ascii_str_pickle_to_object&gt; -&gt; &lt;int_to_bool&gt;$]. Set log level to DEBUG for details
Rebuilding local parsing plan with next candidate parser: $&lt;read_str_from_txt&gt; =&gt; &lt;base64_ascii_str_pickle_to_object&gt; -&gt; &lt;str_to_bool&gt;$
DONE Rebuilding local parsing plan for [/home/travis/build/smarie/python-parsyfiles/parsyfiles/tests/parsing_capabilities_by_type/primitives_data/bool/err/txt-int-6.txt]. Resuming parsing...
ERROR while parsing [/home/travis/build/smarie/python-parsyfiles/parsyfiles/tests/parsing_capabilities_by_type/primitives_data/bool/err/txt-int-6.txt] into a [bool] using [$&lt;read_str_from_txt&gt; =&gt; &lt;base64_ascii_str_pickle_to_object&gt; -&gt; &lt;str_to_bool&gt;$]. Set log level to DEBUG for details
Rebuilding local parsing plan with next candidate parser: $&lt;read_str_from_txt&gt; =&gt; &lt;base64_ascii_str_pickle_to_object&gt;$
DONE Rebuilding local parsing plan for [/home/travis/build/smarie/python-parsyfiles/parsyfiles/tests/parsing_capabilities_by_type/primitives_data/bool/err/txt-int-6.txt]. Resuming parsing...
ERROR while parsing [/home/travis/build/smarie/python-parsyfiles/parsyfiles/tests/parsing_capabilities_by_type/primitives_data/bool/err/txt-int-6.txt] into a [bool] using [$&lt;read_str_from_txt&gt; =&gt; &lt;base64_ascii_str_pickle_to_object&gt;$]. Set log level to DEBUG for details
</system-out></testcase><testcase classname="parsyfiles.tests.parsing_capabilities_by_type.test_parse_primitives" file="parsyfiles/tests/parsing_capabilities_by_type/test_parse_primitives.py" line="179" name="test_parse_by_type[bool-err-b64pickle-float-0.1.txt]" time="0.03846430778503418"><system-out>ERROR while parsing [/home/travis/build/smarie/python-parsyfiles/parsyfiles/tests/parsing_capabilities_by_type/primitives_data/bool/err/b64pickle-float-0.1.txt] into a [bool] using [$&lt;read_str_from_txt&gt; =&gt; &lt;str_to_bool&gt;$]. Set log level to DEBUG for details
Rebuilding local parsing plan with next candidate parser: $&lt;read_str_from_txt&gt; =&gt; &lt;base64_ascii_str_pickle_to_object&gt; -&gt; &lt;float_to_bool&gt;$
DONE Rebuilding local parsing plan for [/home/travis/build/smarie/python-parsyfiles/parsyfiles/tests/parsing_capabilities_by_type/primitives_data/bool/err/b64pickle-float-0.1.txt]. Resuming parsing...
ERROR while parsing [/home/travis/build/smarie/python-parsyfiles/parsyfiles/tests/parsing_capabilities_by_type/primitives_data/bool/err/b64pickle-float-0.1.txt] into a [bool] using [$&lt;read_str_from_txt&gt; =&gt; &lt;base64_ascii_str_pickle_to_object&gt; -&gt; &lt;float_to_bool&gt;$]. Set log level to DEBUG for details
Rebuilding local parsing plan with next candidate parser: $&lt;read_str_from_txt&gt; =&gt; &lt;base64_ascii_str_pickle_to_object&gt; -&gt; &lt;int_to_bool&gt;$
DONE Rebuilding local parsing plan for [/home/travis/build/smarie/python-parsyfiles/parsyfiles/tests/parsing_capabilities_by_type/primitives_data/bool/err/b64pickle-float-0.1.txt]. Resuming parsing...
ERROR while parsing [/home/travis/build/smarie/python-parsyfiles/parsyfiles/tests/parsing_capabilities_by_type/primitives_data/bool/err/b64pickle-float-0.1.txt] into a [bool] using [$&lt;read_str_from_txt&gt; =&gt; &lt;base64_ascii_str_pickle_to_object&gt; -&gt; &lt;int_to_bool&gt;$]. Set log level to DEBUG for details
Rebuilding local parsing plan with next candidate parser: $&lt;read_str_from_txt&gt; =&gt; &lt;base64_ascii_str_pickle_to_object&gt; -&gt; &lt;str_to_bool&gt;$
DONE Rebuilding local parsing plan for [/home/travis/build/smarie/python-parsyfiles/parsyfiles/tests/parsing_capabilities_by_type/primitives_data/bool/err/b64pickle-float-0.1.txt]. Resuming parsing...
ERROR while parsing [/home/travis/build/smarie/python-parsyfiles/parsyfiles/tests/parsing_capabilities_by_type/primitives_data/bool/err/b64pickle-float-0.1.txt] into a [bool] using [$&lt;read_str_from_txt&gt; =&gt; &lt;base64_ascii_str_pickle_to_object&gt; -&gt; &lt;str_to_bool&gt;$]. Set log level to DEBUG for details
Rebuilding local parsing plan with next candidate parser: $&lt;read_str_from_txt&gt; =&gt; &lt;base64_ascii_str_pickle_to_object&gt;$
DONE Rebuilding local parsing plan for [/home/travis/build/smarie/python-parsyfiles/parsyfiles/tests/parsing_capabilities_by_type/primitives_data/bool/err/b64pickle-float-0.1.txt]. Resuming parsing...
ERROR while parsing [/home/travis/build/smarie/python-parsyfiles/parsyfiles/tests/parsing_capabilities_by_type/primitives_data/bool/err/b64pickle-float-0.1.txt] into a [bool] using [$&lt;read_str_from_txt&gt; =&gt; &lt;base64_ascii_str_pickle_to_object&gt;$]. Set log level to DEBUG for details
</system-out></testcase><testcase classname="parsyfiles.tests.parsing_capabilities_by_type.test_parse_primitives" file="parsyfiles/tests/parsing_capabilities_by_type/test_parse_primitives.py" line="179" name="test_parse_by_type[bool-err-b64pickle-float--1.0.txt]" time="0.041849374771118164"><system-out>ERROR while parsing [/home/travis/build/smarie/python-parsyfiles/parsyfiles/tests/parsing_capabilities_by_type/primitives_data/bool/err/b64pickle-float--1.0.txt] into a [bool] using [$&lt;read_str_from_txt&gt; =&gt; &lt;str_to_bool&gt;$]. Set log level to DEBUG for details
Rebuilding local parsing plan with next candidate parser: $&lt;read_str_from_txt&gt; =&gt; &lt;base64_ascii_str_pickle_to_object&gt; -&gt; &lt;float_to_bool&gt;$
DONE Rebuilding local parsing plan for [/home/travis/build/smarie/python-parsyfiles/parsyfiles/tests/parsing_capabilities_by_type/primitives_data/bool/err/b64pickle-float--1.0.txt]. Resuming parsing...
ERROR while parsing [/home/travis/build/smarie/python-parsyfiles/parsyfiles/tests/parsing_capabilities_by_type/primitives_data/bool/err/b64pickle-float--1.0.txt] into a [bool] using [$&lt;read_str_from_txt&gt; =&gt; &lt;base64_ascii_str_pickle_to_object&gt; -&gt; &lt;float_to_bool&gt;$]. Set log level to DEBUG for details
Rebuilding local parsing plan with next candidate parser: $&lt;read_str_from_txt&gt; =&gt; &lt;base64_ascii_str_pickle_to_object&gt; -&gt; &lt;int_to_bool&gt;$
DONE Rebuilding local parsing plan for [/home/travis/build/smarie/python-parsyfiles/parsyfiles/tests/parsing_capabilities_by_type/primitives_data/bool/err/b64pickle-float--1.0.txt]. Resuming parsing...
ERROR while parsing [/home/travis/build/smarie/python-parsyfiles/parsyfiles/tests/parsing_capabilities_by_type/primitives_data/bool/err/b64pickle-float--1.0.txt] into a [bool] using [$&lt;read_str_from_txt&gt; =&gt; &lt;base64_ascii_str_pickle_to_object&gt; -&gt; &lt;int_to_bool&gt;$]. Set log level to DEBUG for details
Rebuilding local parsing plan with next candidate parser: $&lt;read_str_from_txt&gt; =&gt; &lt;base64_ascii_str_pickle_to_object&gt; -&gt; &lt;str_to_bool&gt;$
DONE Rebuilding local parsing plan for [/home/travis/build/smarie/python-parsyfiles/parsyfiles/tests/parsing_capabilities_by_type/primitives_data/bool/err/b64pickle-float--1.0.txt]. Resuming parsing...
ERROR while parsing [/home/travis/build/smarie/python-parsyfiles/parsyfiles/tests/parsing_capabilities_by_type/primitives_data/bool/err/b64pickle-float--1.0.txt] into a [bool] using [$&lt;read_str_from_txt&gt; =&gt; &lt;base64_ascii_str_pickle_to_object&gt; -&gt; &lt;str_to_bool&gt;$]. Set log level to DEBUG for details
Rebuilding local parsing plan with next candidate parser: $&lt;read_str_from_txt&gt; =&gt; &lt;base64_ascii_str_pickle_to_object&gt;$
DONE Rebuilding local parsing plan for [/home/travis/build/smarie/python-parsyfiles/parsyfiles/tests/parsing_capabilities_by_type/primitives_data/bool/err/b64pickle-float--1.0.txt]. Resuming parsing...
ERROR while parsing [/home/travis/build/smarie/python-parsyfiles/parsyfiles/tests/parsing_capabilities_by_type/primitives_data/bool/err/b64pickle-float--1.0.txt] into a [bool] using [$&lt;read_str_from_txt&gt; =&gt; &lt;base64_ascii_str_pickle_to_object&gt;$]. Set log level to DEBUG for details
</system-out></testcase><testcase classname="parsyfiles.tests.parsing_capabilities_by_type.test_parse_primitives" file="parsyfiles/tests/parsing_capabilities_by_type/test_parse_primitives.py" line="179" name="test_parse_by_type[bool-err-pickle-float-0.1.pyc]" time="0.0360715389251709"><system-out>ERROR while parsing [/home/travis/build/smarie/python-parsyfiles/parsyfiles/tests/parsing_capabilities_by_type/primitives_data/bool/err/pickle-float-0.1.pyc] into a [bool] using [$&lt;read_object_from_pickle&gt; =&gt; &lt;float_to_bool&gt;$]. Set log level to DEBUG for details
Rebuilding local parsing plan with next candidate parser: $&lt;read_object_from_pickle&gt; =&gt; &lt;int_to_bool&gt;$
DONE Rebuilding local parsing plan for [/home/travis/build/smarie/python-parsyfiles/parsyfiles/tests/parsing_capabilities_by_type/primitives_data/bool/err/pickle-float-0.1.pyc]. Resuming parsing...
ERROR while parsing [/home/travis/build/smarie/python-parsyfiles/parsyfiles/tests/parsing_capabilities_by_type/primitives_data/bool/err/pickle-float-0.1.pyc] into a [bool] using [$&lt;read_object_from_pickle&gt; =&gt; &lt;int_to_bool&gt;$]. Set log level to DEBUG for details
Rebuilding local parsing plan with next candidate parser: $&lt;read_object_from_pickle&gt; =&gt; &lt;str_to_bool&gt;$
DONE Rebuilding local parsing plan for [/home/travis/build/smarie/python-parsyfiles/parsyfiles/tests/parsing_capabilities_by_type/primitives_data/bool/err/pickle-float-0.1.pyc]. Resuming parsing...
ERROR while parsing [/home/travis/build/smarie/python-parsyfiles/parsyfiles/tests/parsing_capabilities_by_type/primitives_data/bool/err/pickle-float-0.1.pyc] into a [bool] using [$&lt;read_object_from_pickle&gt; =&gt; &lt;str_to_bool&gt;$]. Set log level to DEBUG for details
Rebuilding local parsing plan with next candidate parser: &lt;read_object_from_pickle&gt;
DONE Rebuilding local parsing plan for [/home/travis/build/smarie/python-parsyfiles/parsyfiles/tests/parsing_capabilities_by_type/primitives_data/bool/err/pickle-float-0.1.pyc]. Resuming parsing...
ERROR while parsing [/home/travis/build/smarie/python-parsyfiles/parsyfiles/tests/parsing_capabilities_by_type/primitives_data/bool/err/pickle-float-0.1.pyc] into a [bool] using [&lt;read_object_from_pickle&gt;]. Set log level to DEBUG for details
</system-out></testcase><testcase classname="parsyfiles.tests.parsing_capabilities_by_type.test_parse_primitives" file="parsyfiles/tests/parsing_capabilities_by_type/test_parse_primitives.py" line="179" name="test_parse_by_type[bool-err-pickle-int-6.pyc]" time="0.03733539581298828"><system-out>ERROR while parsing [/home/travis/build/smarie/python-parsyfiles/parsyfiles/tests/parsing_capabilities_by_type/primitives_data/bool/err/pickle-int-6.pyc] into a [bool] using [$&lt;read_object_from_pickle&gt; =&gt; &lt;float_to_bool&gt;$]. Set log level to DEBUG for details
Rebuilding local parsing plan with next candidate parser: $&lt;read_object_from_pickle&gt; =&gt; &lt;int_to_bool&gt;$
DONE Rebuilding local parsing plan for [/home/travis/build/smarie/python-parsyfiles/parsyfiles/tests/parsing_capabilities_by_type/primitives_data/bool/err/pickle-int-6.pyc]. Resuming parsing...
ERROR while parsing [/home/travis/build/smarie/python-parsyfiles/parsyfiles/tests/parsing_capabilities_by_type/primitives_data/bool/err/pickle-int-6.pyc] into a [bool] using [$&lt;read_object_from_pickle&gt; =&gt; &lt;int_to_bool&gt;$]. Set log level to DEBUG for details
Rebuilding local parsing plan with next candidate parser: $&lt;read_object_from_pickle&gt; =&gt; &lt;str_to_bool&gt;$
DONE Rebuilding local parsing plan for [/home/travis/build/smarie/python-parsyfiles/parsyfiles/tests/parsing_capabilities_by_type/primitives_data/bool/err/pickle-int-6.pyc]. Resuming parsing...
ERROR while parsing [/home/travis/build/smarie/python-parsyfiles/parsyfiles/tests/parsing_capabilities_by_type/primitives_data/bool/err/pickle-int-6.pyc] into a [bool] using [$&lt;read_object_from_pickle&gt; =&gt; &lt;str_to_bool&gt;$]. Set log level to DEBUG for details
Rebuilding local parsing plan with next candidate parser: &lt;read_object_from_pickle&gt;
DONE Rebuilding local parsing plan for [/home/travis/build/smarie/python-parsyfiles/parsyfiles/tests/parsing_capabilities_by_type/primitives_data/bool/err/pickle-int-6.pyc]. Resuming parsing...
ERROR while parsing [/home/travis/build/smarie/python-parsyfiles/parsyfiles/tests/parsing_capabilities_by_type/primitives_data/bool/err/pickle-int-6.pyc] into a [bool] using [&lt;read_object_from_pickle&gt;]. Set log level to DEBUG for details
</system-out></testcase><testcase classname="parsyfiles.tests.parsing_capabilities_by_type.test_parse_primitives" file="parsyfiles/tests/parsing_capabilities_by_type/test_parse_primitives.py" line="179" name="test_parse_by_type[bool-err-txt-str-truth.txt]" time="0.03861832618713379"><system-out>ERROR while parsing [/home/travis/build/smarie/python-parsyfiles/parsyfiles/tests/parsing_capabilities_by_type/primitives_data/bool/err/txt-str-truth.txt] into a [bool] using [$&lt;read_str_from_txt&gt; =&gt; &lt;str_to_bool&gt;$]. Set log level to DEBUG for details
Rebuilding local parsing plan with next candidate parser: $&lt;read_str_from_txt&gt; =&gt; &lt;base64_ascii_str_pickle_to_object&gt; -&gt; &lt;float_to_bool&gt;$
DONE Rebuilding local parsing plan for [/home/travis/build/smarie/python-parsyfiles/parsyfiles/tests/parsing_capabilities_by_type/primitives_data/bool/err/txt-str-truth.txt]. Resuming parsing...
ERROR while parsing [/home/travis/build/smarie/python-parsyfiles/parsyfiles/tests/parsing_capabilities_by_type/primitives_data/bool/err/txt-str-truth.txt] into a [bool] using [$&lt;read_str_from_txt&gt; =&gt; &lt;base64_ascii_str_pickle_to_object&gt; -&gt; &lt;float_to_bool&gt;$]. Set log level to DEBUG for details
Rebuilding local parsing plan with next candidate parser: $&lt;read_str_from_txt&gt; =&gt; &lt;base64_ascii_str_pickle_to_object&gt; -&gt; &lt;int_to_bool&gt;$
DONE Rebuilding local parsing plan for [/home/travis/build/smarie/python-parsyfiles/parsyfiles/tests/parsing_capabilities_by_type/primitives_data/bool/err/txt-str-truth.txt]. Resuming parsing...
ERROR while parsing [/home/travis/build/smarie/python-parsyfiles/parsyfiles/tests/parsing_capabilities_by_type/primitives_data/bool/err/txt-str-truth.txt] into a [bool] using [$&lt;read_str_from_txt&gt; =&gt; &lt;base64_ascii_str_pickle_to_object&gt; -&gt; &lt;int_to_bool&gt;$]. Set log level to DEBUG for details
Rebuilding local parsing plan with next candidate parser: $&lt;read_str_from_txt&gt; =&gt; &lt;base64_ascii_str_pickle_to_object&gt; -&gt; &lt;str_to_bool&gt;$
DONE Rebuilding local parsing plan for [/home/travis/build/smarie/python-parsyfiles/parsyfiles/tests/parsing_capabilities_by_type/primitives_data/bool/err/txt-str-truth.txt]. Resuming parsing...
ERROR while parsing [/home/travis/build/smarie/python-parsyfiles/parsyfiles/tests/parsing_capabilities_by_type/primitives_data/bool/err/txt-str-truth.txt] into a [bool] using [$&lt;read_str_from_txt&gt; =&gt; &lt;base64_ascii_str_pickle_to_object&gt; -&gt; &lt;str_to_bool&gt;$]. Set log level to DEBUG for details
Rebuilding local parsing plan with next candidate parser: $&lt;read_str_from_txt&gt; =&gt; &lt;base64_ascii_str_pickle_to_object&gt;$
DONE Rebuilding local parsing plan for [/home/travis/build/smarie/python-parsyfiles/parsyfiles/tests/parsing_capabilities_by_type/primitives_data/bool/err/txt-str-truth.txt]. Resuming parsing...
ERROR while parsing [/home/travis/build/smarie/python-parsyfiles/parsyfiles/tests/parsing_capabilities_by_type/primitives_data/bool/err/txt-str-truth.txt] into a [bool] using [$&lt;read_str_from_txt&gt; =&gt; &lt;base64_ascii_str_pickle_to_object&gt;$]. Set log level to DEBUG for details
</system-out></testcase><testcase classname="parsyfiles.tests.parsing_capabilities_by_type.test_parse_primitives" file="parsyfiles/tests/parsing_capabilities_by_type/test_parse_primitives.py" line="179" name="test_parse_by_type[bool-err-txt-float-0.1.txt]" time="0.03614163398742676"><system-out>ERROR while parsing [/home/travis/build/smarie/python-parsyfiles/parsyfiles/tests/parsing_capabilities_by_type/primitives_data/bool/err/txt-float-0.1.txt] into a [bool] using [$&lt;read_str_from_txt&gt; =&gt; &lt;str_to_bool&gt;$]. Set log level to DEBUG for details
Rebuilding local parsing plan with next candidate parser: $&lt;read_str_from_txt&gt; =&gt; &lt;base64_ascii_str_pickle_to_object&gt; -&gt; &lt;float_to_bool&gt;$
DONE Rebuilding local parsing plan for [/home/travis/build/smarie/python-parsyfiles/parsyfiles/tests/parsing_capabilities_by_type/primitives_data/bool/err/txt-float-0.1.txt]. Resuming parsing...
ERROR while parsing [/home/travis/build/smarie/python-parsyfiles/parsyfiles/tests/parsing_capabilities_by_type/primitives_data/bool/err/txt-float-0.1.txt] into a [bool] using [$&lt;read_str_from_txt&gt; =&gt; &lt;base64_ascii_str_pickle_to_object&gt; -&gt; &lt;float_to_bool&gt;$]. Set log level to DEBUG for details
Rebuilding local parsing plan with next candidate parser: $&lt;read_str_from_txt&gt; =&gt; &lt;base64_ascii_str_pickle_to_object&gt; -&gt; &lt;int_to_bool&gt;$
DONE Rebuilding local parsing plan for [/home/travis/build/smarie/python-parsyfiles/parsyfiles/tests/parsing_capabilities_by_type/primitives_data/bool/err/txt-float-0.1.txt]. Resuming parsing...
ERROR while parsing [/home/travis/build/smarie/python-parsyfiles/parsyfiles/tests/parsing_capabilities_by_type/primitives_data/bool/err/txt-float-0.1.txt] into a [bool] using [$&lt;read_str_from_txt&gt; =&gt; &lt;base64_ascii_str_pickle_to_object&gt; -&gt; &lt;int_to_bool&gt;$]. Set log level to DEBUG for details
Rebuilding local parsing plan with next candidate parser: $&lt;read_str_from_txt&gt; =&gt; &lt;base64_ascii_str_pickle_to_object&gt; -&gt; &lt;str_to_bool&gt;$
DONE Rebuilding local parsing plan for [/home/travis/build/smarie/python-parsyfiles/parsyfiles/tests/parsing_capabilities_by_type/primitives_data/bool/err/txt-float-0.1.txt]. Resuming parsing...
ERROR while parsing [/home/travis/build/smarie/python-parsyfiles/parsyfiles/tests/parsing_capabilities_by_type/primitives_data/bool/err/txt-float-0.1.txt] into a [bool] using [$&lt;read_str_from_txt&gt; =&gt; &lt;base64_ascii_str_pickle_to_object&gt; -&gt; &lt;str_to_bool&gt;$]. Set log level to DEBUG for details
Rebuilding local parsing plan with next candidate parser: $&lt;read_str_from_txt&gt; =&gt; &lt;base64_ascii_str_pickle_to_object&gt;$
DONE Rebuilding local parsing plan for [/home/travis/build/smarie/python-parsyfiles/parsyfiles/tests/parsing_capabilities_by_type/primitives_data/bool/err/txt-float-0.1.txt]. Resuming parsing...
ERROR while parsing [/home/travis/build/smarie/python-parsyfiles/parsyfiles/tests/parsing_capabilities_by_type/primitives_data/bool/err/txt-float-0.1.txt] into a [bool] using [$&lt;read_str_from_txt&gt; =&gt; &lt;base64_ascii_str_pickle_to_object&gt;$]. Set log level to DEBUG for details
</system-out></testcase><testcase classname="parsyfiles.tests.parsing_capabilities_by_type.test_parse_primitives" file="parsyfiles/tests/parsing_capabilities_by_type/test_parse_primitives.py" line="179" name="test_parse_by_type[str-ok-pickle-str-=.pyc]" time="0.03389453887939453"><system-out>ERROR while parsing [/home/travis/build/smarie/python-parsyfiles/parsyfiles/tests/parsing_capabilities_by_type/primitives_data/str/ok/pickle-str-=.pyc] into a [str] using [$&lt;read_object_from_pickle&gt; =&gt; &lt;bool_to_string&gt;$]. Set log level to DEBUG for details
Rebuilding local parsing plan with next candidate parser: $&lt;read_object_from_pickle&gt; =&gt; &lt;float_to_string&gt;$
DONE Rebuilding local parsing plan for [/home/travis/build/smarie/python-parsyfiles/parsyfiles/tests/parsing_capabilities_by_type/primitives_data/str/ok/pickle-str-=.pyc]. Resuming parsing...
ERROR while parsing [/home/travis/build/smarie/python-parsyfiles/parsyfiles/tests/parsing_capabilities_by_type/primitives_data/str/ok/pickle-str-=.pyc] into a [str] using [$&lt;read_object_from_pickle&gt; =&gt; &lt;float_to_string&gt;$]. Set log level to DEBUG for details
Rebuilding local parsing plan with next candidate parser: $&lt;read_object_from_pickle&gt; =&gt; &lt;int_to_string&gt;$
DONE Rebuilding local parsing plan for [/home/travis/build/smarie/python-parsyfiles/parsyfiles/tests/parsing_capabilities_by_type/primitives_data/str/ok/pickle-str-=.pyc]. Resuming parsing...
ERROR while parsing [/home/travis/build/smarie/python-parsyfiles/parsyfiles/tests/parsing_capabilities_by_type/primitives_data/str/ok/pickle-str-=.pyc] into a [str] using [$&lt;read_object_from_pickle&gt; =&gt; &lt;int_to_string&gt;$]. Set log level to DEBUG for details
Rebuilding local parsing plan with next candidate parser: &lt;read_object_from_pickle&gt;
DONE Rebuilding local parsing plan for [/home/travis/build/smarie/python-parsyfiles/parsyfiles/tests/parsing_capabilities_by_type/primitives_data/str/ok/pickle-str-=.pyc]. Resuming parsing...
SUCCESS parsed [/home/travis/build/smarie/python-parsyfiles/parsyfiles/tests/parsing_capabilities_by_type/primitives_data/str/ok/pickle-str-=.pyc] as a [str] successfully. Parser used was [&lt;read_object_from_pickle&gt;]

==
</system-out></testcase><testcase classname="parsyfiles.tests.parsing_capabilities_by_type.test_parse_primitives" file="parsyfiles/tests/parsing_capabilities_by_type/test_parse_primitives.py" line="179" name="test_parse_by_type[str-ok-pickle-bool-False=False.pyc]" time="0.03189277648925781"><system-out>SUCCESS parsed [/home/travis/build/smarie/python-parsyfiles/parsyfiles/tests/parsing_capabilities_by_type/primitives_data/str/ok/pickle-bool-False=False.pyc] as a [str] successfully. Parser used was [$&lt;read_object_from_pickle&gt; =&gt; &lt;bool_to_string&gt;$]

False==False
</system-out></testcase><testcase classname="parsyfiles.tests.parsing_capabilities_by_type.test_parse_primitives" file="parsyfiles/tests/parsing_capabilities_by_type/test_parse_primitives.py" line="179" name="test_parse_by_type[str-ok-txt-str-=.txt]" time="0.031891822814941406"><system-out>SUCCESS parsed [/home/travis/build/smarie/python-parsyfiles/parsyfiles/tests/parsing_capabilities_by_type/primitives_data/str/ok/txt-str-=.txt] as a [str] successfully. Parser used was [&lt;read_str_from_txt&gt;]

==
</system-out></testcase><testcase classname="parsyfiles.tests.parsing_capabilities_by_type.test_parse_primitives" file="parsyfiles/tests/parsing_capabilities_by_type/test_parse_primitives.py" line="179" name="test_parse_by_type[str-ok-txt-float--5.2=-5.2.txt]" time="0.031562089920043945"><system-out>SUCCESS parsed [/home/travis/build/smarie/python-parsyfiles/parsyfiles/tests/parsing_capabilities_by_type/primitives_data/str/ok/txt-float--5.2=-5.2.txt] as a [str] successfully. Parser used was [&lt;read_str_from_txt&gt;]

-5.2==-5.2
</system-out></testcase><testcase classname="parsyfiles.tests.parsing_capabilities_by_type.test_parse_primitives" file="parsyfiles/tests/parsing_capabilities_by_type/test_parse_primitives.py" line="179" name="test_parse_by_type[str-ok-txt-bool-False=False.txt]" time="0.03128385543823242"><system-out>SUCCESS parsed [/home/travis/build/smarie/python-parsyfiles/parsyfiles/tests/parsing_capabilities_by_type/primitives_data/str/ok/txt-bool-False=False.txt] as a [str] successfully. Parser used was [&lt;read_str_from_txt&gt;]

False==False
</system-out></testcase><testcase classname="parsyfiles.tests.parsing_capabilities_by_type.test_parse_primitives" file="parsyfiles/tests/parsing_capabilities_by_type/test_parse_primitives.py" line="179" name="test_parse_by_type[str-ok-pickle-bool-True=True.pyc]" time="0.033406734466552734"><system-out>SUCCESS parsed [/home/travis/build/smarie/python-parsyfiles/parsyfiles/tests/parsing_capabilities_by_type/primitives_data/str/ok/pickle-bool-True=True.pyc] as a [str] successfully. Parser used was [$&lt;read_object_from_pickle&gt; =&gt; &lt;bool_to_string&gt;$]

True==True
</system-out></testcase><testcase classname="parsyfiles.tests.parsing_capabilities_by_type.test_parse_primitives" file="parsyfiles/tests/parsing_capabilities_by_type/test_parse_primitives.py" line="179" name="test_parse_by_type[str-ok-b64pickle-str-a=a.txt]" time="0.0331268310546875"><failure message="AssertionError: assert &apos;gANYAQAAAGFxAC4=&apos; == &apos;a&apos;
  - gANYAQAAAGFxAC4=
  + a">typ = &apos;str&apos;, ok_or_err = &apos;ok&apos;, file = &apos;b64pickle-str-a=a.txt&apos;
root_parser = parsyfiles defaults

    @pytest.mark.parametrize(&quot;typ,ok_or_err,file&quot;, all_tests)
    def test_parse_by_type(typ: str, ok_or_err: str, file: str, root_parser):
        typp = eval(typ)
        # pprint(get_capabilities_for_type(typp))
    
        try:
            # ignore unresolved reference : method `profile` is created on the fly by the line_profiler
            RootParser.parse_item = profile(RootParser.parse_item)
        except:
            pass
    
        if ok_or_err is &apos;ok&apos;:
            parsed = root_parser.parse_item(location=get_file_path_no_ext(typ, ok_or_err, file), item_type=typp)
&gt;           assert parsed == get_expected_answer(file, typp)
E           AssertionError: assert &apos;gANYAQAAAGFxAC4=&apos; == &apos;a&apos;
E             - gANYAQAAAGFxAC4=
E             + a

parsyfiles/tests/parsing_capabilities_by_type/test_parse_primitives.py:193: AssertionError</failure><system-out>SUCCESS parsed [/home/travis/build/smarie/python-parsyfiles/parsyfiles/tests/parsing_capabilities_by_type/primitives_data/str/ok/b64pickle-str-a=a.txt] as a [str] successfully. Parser used was [&lt;read_str_from_txt&gt;]

</system-out></testcase><testcase classname="parsyfiles.tests.parsing_capabilities_by_type.test_parse_primitives" file="parsyfiles/tests/parsing_capabilities_by_type/test_parse_primitives.py" line="179" name="test_parse_by_type[str-ok-txt-str-toto=toto.txt]" time="0.03187084197998047"><system-out>SUCCESS parsed [/home/travis/build/smarie/python-parsyfiles/parsyfiles/tests/parsing_capabilities_by_type/primitives_data/str/ok/txt-str-toto=toto.txt] as a [str] successfully. Parser used was [&lt;read_str_from_txt&gt;]

toto==toto
</system-out></testcase><testcase classname="parsyfiles.tests.parsing_capabilities_by_type.test_parse_primitives" file="parsyfiles/tests/parsing_capabilities_by_type/test_parse_primitives.py" line="179" name="test_parse_by_type[str-ok-txt-float-10.1=10.1.txt]" time="0.03139853477478027"><system-out>SUCCESS parsed [/home/travis/build/smarie/python-parsyfiles/parsyfiles/tests/parsing_capabilities_by_type/primitives_data/str/ok/txt-float-10.1=10.1.txt] as a [str] successfully. Parser used was [&lt;read_str_from_txt&gt;]

10.1==10.1
</system-out></testcase><testcase classname="parsyfiles.tests.parsing_capabilities_by_type.test_parse_primitives" file="parsyfiles/tests/parsing_capabilities_by_type/test_parse_primitives.py" line="179" name="test_parse_by_type[str-ok-txt-int--2=-2.txt]" time="0.03191113471984863"><system-out>SUCCESS parsed [/home/travis/build/smarie/python-parsyfiles/parsyfiles/tests/parsing_capabilities_by_type/primitives_data/str/ok/txt-int--2=-2.txt] as a [str] successfully. Parser used was [&lt;read_str_from_txt&gt;]

-2==-2
</system-out></testcase><testcase classname="parsyfiles.tests.parsing_capabilities_by_type.test_parse_primitives" file="parsyfiles/tests/parsing_capabilities_by_type/test_parse_primitives.py" line="179" name="test_parse_by_type[str-ok-pickle-float-10.1=10.1.pyc]" time="0.03960156440734863"><system-out>ERROR while parsing [/home/travis/build/smarie/python-parsyfiles/parsyfiles/tests/parsing_capabilities_by_type/primitives_data/str/ok/pickle-float-10.1=10.1.pyc] into a [str] using [$&lt;read_object_from_pickle&gt; =&gt; &lt;bool_to_string&gt;$]. Set log level to DEBUG for details
Rebuilding local parsing plan with next candidate parser: $&lt;read_object_from_pickle&gt; =&gt; &lt;float_to_string&gt;$
DONE Rebuilding local parsing plan for [/home/travis/build/smarie/python-parsyfiles/parsyfiles/tests/parsing_capabilities_by_type/primitives_data/str/ok/pickle-float-10.1=10.1.pyc]. Resuming parsing...
SUCCESS parsed [/home/travis/build/smarie/python-parsyfiles/parsyfiles/tests/parsing_capabilities_by_type/primitives_data/str/ok/pickle-float-10.1=10.1.pyc] as a [str] successfully. Parser used was [$&lt;read_object_from_pickle&gt; =&gt; &lt;float_to_string&gt;$]

10.1==10.1
</system-out></testcase><testcase classname="parsyfiles.tests.parsing_capabilities_by_type.test_parse_primitives" file="parsyfiles/tests/parsing_capabilities_by_type/test_parse_primitives.py" line="179" name="test_parse_by_type[str-ok-txt-str-lots%%tof%%nspecial%%rchars=lots%%tof%%nspecial%%rchars.txt]" time="0.03460049629211426"><failure message="AssertionError: assert &apos;lots\tof\nspecial\nchars&apos; == &apos;lots\tof\nspecial\rchars&apos;
    lots	of
  - special
  ?        ^
  + special
  ?        ^
    chars">typ = &apos;str&apos;, ok_or_err = &apos;ok&apos;
file = &apos;txt-str-lots%%tof%%nspecial%%rchars=lots%%tof%%nspecial%%rchars.txt&apos;
root_parser = parsyfiles defaults

    @pytest.mark.parametrize(&quot;typ,ok_or_err,file&quot;, all_tests)
    def test_parse_by_type(typ: str, ok_or_err: str, file: str, root_parser):
        typp = eval(typ)
        # pprint(get_capabilities_for_type(typp))
    
        try:
            # ignore unresolved reference : method `profile` is created on the fly by the line_profiler
            RootParser.parse_item = profile(RootParser.parse_item)
        except:
            pass
    
        if ok_or_err is &apos;ok&apos;:
            parsed = root_parser.parse_item(location=get_file_path_no_ext(typ, ok_or_err, file), item_type=typp)
&gt;           assert parsed == get_expected_answer(file, typp)
E           AssertionError: assert &apos;lots\tof\nspecial\nchars&apos; == &apos;lots\tof\nspecial\rchars&apos;
E               lots	of
E             - special
E             ?        ^
E             + special
E             ?        ^
E               chars

parsyfiles/tests/parsing_capabilities_by_type/test_parse_primitives.py:193: AssertionError</failure><system-out>SUCCESS parsed [/home/travis/build/smarie/python-parsyfiles/parsyfiles/tests/parsing_capabilities_by_type/primitives_data/str/ok/txt-str-lots%%tof%%nspecial%%rchars=lots%%tof%%nspecial%%rchars.txt] as a [str] successfully. Parser used was [&lt;read_str_from_txt&gt;]

</system-out></testcase><testcase classname="parsyfiles.tests.parsing_capabilities_by_type.test_parse_primitives" file="parsyfiles/tests/parsing_capabilities_by_type/test_parse_primitives.py" line="179" name="test_parse_by_type[str-ok-pickle-float--5.2=-5.2.pyc]" time="0.037082672119140625"><system-out>ERROR while parsing [/home/travis/build/smarie/python-parsyfiles/parsyfiles/tests/parsing_capabilities_by_type/primitives_data/str/ok/pickle-float--5.2=-5.2.pyc] into a [str] using [$&lt;read_object_from_pickle&gt; =&gt; &lt;bool_to_string&gt;$]. Set log level to DEBUG for details
Rebuilding local parsing plan with next candidate parser: $&lt;read_object_from_pickle&gt; =&gt; &lt;float_to_string&gt;$
DONE Rebuilding local parsing plan for [/home/travis/build/smarie/python-parsyfiles/parsyfiles/tests/parsing_capabilities_by_type/primitives_data/str/ok/pickle-float--5.2=-5.2.pyc]. Resuming parsing...
SUCCESS parsed [/home/travis/build/smarie/python-parsyfiles/parsyfiles/tests/parsing_capabilities_by_type/primitives_data/str/ok/pickle-float--5.2=-5.2.pyc] as a [str] successfully. Parser used was [$&lt;read_object_from_pickle&gt; =&gt; &lt;float_to_string&gt;$]

-5.2==-5.2
</system-out></testcase><testcase classname="parsyfiles.tests.parsing_capabilities_by_type.test_parse_primitives" file="parsyfiles/tests/parsing_capabilities_by_type/test_parse_primitives.py" line="179" name="test_parse_by_type[str-ok-pickle-float-0.0=0.0.pyc]" time="0.03370165824890137"><system-out>ERROR while parsing [/home/travis/build/smarie/python-parsyfiles/parsyfiles/tests/parsing_capabilities_by_type/primitives_data/str/ok/pickle-float-0.0=0.0.pyc] into a [str] using [$&lt;read_object_from_pickle&gt; =&gt; &lt;bool_to_string&gt;$]. Set log level to DEBUG for details
Rebuilding local parsing plan with next candidate parser: $&lt;read_object_from_pickle&gt; =&gt; &lt;float_to_string&gt;$
DONE Rebuilding local parsing plan for [/home/travis/build/smarie/python-parsyfiles/parsyfiles/tests/parsing_capabilities_by_type/primitives_data/str/ok/pickle-float-0.0=0.0.pyc]. Resuming parsing...
SUCCESS parsed [/home/travis/build/smarie/python-parsyfiles/parsyfiles/tests/parsing_capabilities_by_type/primitives_data/str/ok/pickle-float-0.0=0.0.pyc] as a [str] successfully. Parser used was [$&lt;read_object_from_pickle&gt; =&gt; &lt;float_to_string&gt;$]

0.0==0.0
</system-out></testcase><testcase classname="parsyfiles.tests.parsing_capabilities_by_type.test_parse_primitives" file="parsyfiles/tests/parsing_capabilities_by_type/test_parse_primitives.py" line="179" name="test_parse_by_type[str-ok-pickle-str-lots%%tof%%nspecial%%rchars=lots%%tof%%nspecial%%rchars.pyc]" time="0.03595685958862305"><system-out>ERROR while parsing [/home/travis/build/smarie/python-parsyfiles/parsyfiles/tests/parsing_capabilities_by_type/primitives_data/str/ok/pickle-str-lots%%tof%%nspecial%%rchars=lots%%tof%%nspecial%%rchars.pyc] into a [str] using [$&lt;read_object_from_pickle&gt; =&gt; &lt;bool_to_string&gt;$]. Set log level to DEBUG for details
Rebuilding local parsing plan with next candidate parser: $&lt;read_object_from_pickle&gt; =&gt; &lt;float_to_string&gt;$
DONE Rebuilding local parsing plan for [/home/travis/build/smarie/python-parsyfiles/parsyfiles/tests/parsing_capabilities_by_type/primitives_data/str/ok/pickle-str-lots%%tof%%nspecial%%rchars=lots%%tof%%nspecial%%rchars.pyc]. Resuming parsing...
ERROR while parsing [/home/travis/build/smarie/python-parsyfiles/parsyfiles/tests/parsing_capabilities_by_type/primitives_data/str/ok/pickle-str-lots%%tof%%nspecial%%rchars=lots%%tof%%nspecial%%rchars.pyc] into a [str] using [$&lt;read_object_from_pickle&gt; =&gt; &lt;float_to_string&gt;$]. Set log level to DEBUG for details
Rebuilding local parsing plan with next candidate parser: $&lt;read_object_from_pickle&gt; =&gt; &lt;int_to_string&gt;$
DONE Rebuilding local parsing plan for [/home/travis/build/smarie/python-parsyfiles/parsyfiles/tests/parsing_capabilities_by_type/primitives_data/str/ok/pickle-str-lots%%tof%%nspecial%%rchars=lots%%tof%%nspecial%%rchars.pyc]. Resuming parsing...
ERROR while parsing [/home/travis/build/smarie/python-parsyfiles/parsyfiles/tests/parsing_capabilities_by_type/primitives_data/str/ok/pickle-str-lots%%tof%%nspecial%%rchars=lots%%tof%%nspecial%%rchars.pyc] into a [str] using [$&lt;read_object_from_pickle&gt; =&gt; &lt;int_to_string&gt;$]. Set log level to DEBUG for details
Rebuilding local parsing plan with next candidate parser: &lt;read_object_from_pickle&gt;
DONE Rebuilding local parsing plan for [/home/travis/build/smarie/python-parsyfiles/parsyfiles/tests/parsing_capabilities_by_type/primitives_data/str/ok/pickle-str-lots%%tof%%nspecial%%rchars=lots%%tof%%nspecial%%rchars.pyc]. Resuming parsing...
SUCCESS parsed [/home/travis/build/smarie/python-parsyfiles/parsyfiles/tests/parsing_capabilities_by_type/primitives_data/str/ok/pickle-str-lots%%tof%%nspecial%%rchars=lots%%tof%%nspecial%%rchars.pyc] as a [str] successfully. Parser used was [&lt;read_object_from_pickle&gt;]

lots	of
specialchars==lots	of
specialchars
</system-out></testcase><testcase classname="parsyfiles.tests.parsing_capabilities_by_type.test_parse_primitives" file="parsyfiles/tests/parsing_capabilities_by_type/test_parse_primitives.py" line="179" name="test_parse_by_type[str-ok-txt-float-0.0=0.0.txt]" time="0.03333854675292969"><system-out>SUCCESS parsed [/home/travis/build/smarie/python-parsyfiles/parsyfiles/tests/parsing_capabilities_by_type/primitives_data/str/ok/txt-float-0.0=0.0.txt] as a [str] successfully. Parser used was [&lt;read_str_from_txt&gt;]

0.0==0.0
</system-out></testcase><testcase classname="parsyfiles.tests.parsing_capabilities_by_type.test_parse_primitives" file="parsyfiles/tests/parsing_capabilities_by_type/test_parse_primitives.py" line="179" name="test_parse_by_type[str-ok-pickle-int--2=-2.pyc]" time="0.03187131881713867"><system-out>ERROR while parsing [/home/travis/build/smarie/python-parsyfiles/parsyfiles/tests/parsing_capabilities_by_type/primitives_data/str/ok/pickle-int--2=-2.pyc] into a [str] using [$&lt;read_object_from_pickle&gt; =&gt; &lt;bool_to_string&gt;$]. Set log level to DEBUG for details
Rebuilding local parsing plan with next candidate parser: $&lt;read_object_from_pickle&gt; =&gt; &lt;float_to_string&gt;$
DONE Rebuilding local parsing plan for [/home/travis/build/smarie/python-parsyfiles/parsyfiles/tests/parsing_capabilities_by_type/primitives_data/str/ok/pickle-int--2=-2.pyc]. Resuming parsing...
ERROR while parsing [/home/travis/build/smarie/python-parsyfiles/parsyfiles/tests/parsing_capabilities_by_type/primitives_data/str/ok/pickle-int--2=-2.pyc] into a [str] using [$&lt;read_object_from_pickle&gt; =&gt; &lt;float_to_string&gt;$]. Set log level to DEBUG for details
Rebuilding local parsing plan with next candidate parser: $&lt;read_object_from_pickle&gt; =&gt; &lt;int_to_string&gt;$
DONE Rebuilding local parsing plan for [/home/travis/build/smarie/python-parsyfiles/parsyfiles/tests/parsing_capabilities_by_type/primitives_data/str/ok/pickle-int--2=-2.pyc]. Resuming parsing...
SUCCESS parsed [/home/travis/build/smarie/python-parsyfiles/parsyfiles/tests/parsing_capabilities_by_type/primitives_data/str/ok/pickle-int--2=-2.pyc] as a [str] successfully. Parser used was [$&lt;read_object_from_pickle&gt; =&gt; &lt;int_to_string&gt;$]

-2==-2
</system-out></testcase><testcase classname="parsyfiles.tests.parsing_capabilities_by_type.test_parse_primitives" file="parsyfiles/tests/parsing_capabilities_by_type/test_parse_primitives.py" line="179" name="test_parse_by_type[str-ok-pickle-int-0=0.pyc]" time="0.03422808647155762"><system-out>ERROR while parsing [/home/travis/build/smarie/python-parsyfiles/parsyfiles/tests/parsing_capabilities_by_type/primitives_data/str/ok/pickle-int-0=0.pyc] into a [str] using [$&lt;read_object_from_pickle&gt; =&gt; &lt;bool_to_string&gt;$]. Set log level to DEBUG for details
Rebuilding local parsing plan with next candidate parser: $&lt;read_object_from_pickle&gt; =&gt; &lt;float_to_string&gt;$
DONE Rebuilding local parsing plan for [/home/travis/build/smarie/python-parsyfiles/parsyfiles/tests/parsing_capabilities_by_type/primitives_data/str/ok/pickle-int-0=0.pyc]. Resuming parsing...
ERROR while parsing [/home/travis/build/smarie/python-parsyfiles/parsyfiles/tests/parsing_capabilities_by_type/primitives_data/str/ok/pickle-int-0=0.pyc] into a [str] using [$&lt;read_object_from_pickle&gt; =&gt; &lt;float_to_string&gt;$]. Set log level to DEBUG for details
Rebuilding local parsing plan with next candidate parser: $&lt;read_object_from_pickle&gt; =&gt; &lt;int_to_string&gt;$
DONE Rebuilding local parsing plan for [/home/travis/build/smarie/python-parsyfiles/parsyfiles/tests/parsing_capabilities_by_type/primitives_data/str/ok/pickle-int-0=0.pyc]. Resuming parsing...
SUCCESS parsed [/home/travis/build/smarie/python-parsyfiles/parsyfiles/tests/parsing_capabilities_by_type/primitives_data/str/ok/pickle-int-0=0.pyc] as a [str] successfully. Parser used was [$&lt;read_object_from_pickle&gt; =&gt; &lt;int_to_string&gt;$]

0==0
</system-out></testcase><testcase classname="parsyfiles.tests.parsing_capabilities_by_type.test_parse_primitives" file="parsyfiles/tests/parsing_capabilities_by_type/test_parse_primitives.py" line="179" name="test_parse_by_type[str-ok-txt-int-5=5.txt]" time="0.032918453216552734"><system-out>SUCCESS parsed [/home/travis/build/smarie/python-parsyfiles/parsyfiles/tests/parsing_capabilities_by_type/primitives_data/str/ok/txt-int-5=5.txt] as a [str] successfully. Parser used was [&lt;read_str_from_txt&gt;]

5==5
</system-out></testcase><testcase classname="parsyfiles.tests.parsing_capabilities_by_type.test_parse_primitives" file="parsyfiles/tests/parsing_capabilities_by_type/test_parse_primitives.py" line="179" name="test_parse_by_type[str-ok-pickle-str-toto=toto.pyc]" time="0.03353095054626465"><system-out>ERROR while parsing [/home/travis/build/smarie/python-parsyfiles/parsyfiles/tests/parsing_capabilities_by_type/primitives_data/str/ok/pickle-str-toto=toto.pyc] into a [str] using [$&lt;read_object_from_pickle&gt; =&gt; &lt;bool_to_string&gt;$]. Set log level to DEBUG for details
Rebuilding local parsing plan with next candidate parser: $&lt;read_object_from_pickle&gt; =&gt; &lt;float_to_string&gt;$
DONE Rebuilding local parsing plan for [/home/travis/build/smarie/python-parsyfiles/parsyfiles/tests/parsing_capabilities_by_type/primitives_data/str/ok/pickle-str-toto=toto.pyc]. Resuming parsing...
ERROR while parsing [/home/travis/build/smarie/python-parsyfiles/parsyfiles/tests/parsing_capabilities_by_type/primitives_data/str/ok/pickle-str-toto=toto.pyc] into a [str] using [$&lt;read_object_from_pickle&gt; =&gt; &lt;float_to_string&gt;$]. Set log level to DEBUG for details
Rebuilding local parsing plan with next candidate parser: $&lt;read_object_from_pickle&gt; =&gt; &lt;int_to_string&gt;$
DONE Rebuilding local parsing plan for [/home/travis/build/smarie/python-parsyfiles/parsyfiles/tests/parsing_capabilities_by_type/primitives_data/str/ok/pickle-str-toto=toto.pyc]. Resuming parsing...
ERROR while parsing [/home/travis/build/smarie/python-parsyfiles/parsyfiles/tests/parsing_capabilities_by_type/primitives_data/str/ok/pickle-str-toto=toto.pyc] into a [str] using [$&lt;read_object_from_pickle&gt; =&gt; &lt;int_to_string&gt;$]. Set log level to DEBUG for details
Rebuilding local parsing plan with next candidate parser: &lt;read_object_from_pickle&gt;
DONE Rebuilding local parsing plan for [/home/travis/build/smarie/python-parsyfiles/parsyfiles/tests/parsing_capabilities_by_type/primitives_data/str/ok/pickle-str-toto=toto.pyc]. Resuming parsing...
SUCCESS parsed [/home/travis/build/smarie/python-parsyfiles/parsyfiles/tests/parsing_capabilities_by_type/primitives_data/str/ok/pickle-str-toto=toto.pyc] as a [str] successfully. Parser used was [&lt;read_object_from_pickle&gt;]

toto==toto
</system-out></testcase><testcase classname="parsyfiles.tests.parsing_capabilities_by_type.test_parse_primitives" file="parsyfiles/tests/parsing_capabilities_by_type/test_parse_primitives.py" line="179" name="test_parse_by_type[str-ok-txt-int-0=0.txt]" time="0.03340792655944824"><system-out>SUCCESS parsed [/home/travis/build/smarie/python-parsyfiles/parsyfiles/tests/parsing_capabilities_by_type/primitives_data/str/ok/txt-int-0=0.txt] as a [str] successfully. Parser used was [&lt;read_str_from_txt&gt;]

0==0
</system-out></testcase><testcase classname="parsyfiles.tests.parsing_capabilities_by_type.test_parse_primitives" file="parsyfiles/tests/parsing_capabilities_by_type/test_parse_primitives.py" line="179" name="test_parse_by_type[str-ok-txt-bool-True=True.txt]" time="0.031236886978149414"><system-out>SUCCESS parsed [/home/travis/build/smarie/python-parsyfiles/parsyfiles/tests/parsing_capabilities_by_type/primitives_data/str/ok/txt-bool-True=True.txt] as a [str] successfully. Parser used was [&lt;read_str_from_txt&gt;]

True==True
</system-out></testcase><testcase classname="parsyfiles.tests.parsing_capabilities_by_type.test_parse_primitives" file="parsyfiles/tests/parsing_capabilities_by_type/test_parse_primitives.py" line="179" name="test_parse_by_type[str-ok-pickle-int-5=5.pyc]" time="0.03295016288757324"><system-out>ERROR while parsing [/home/travis/build/smarie/python-parsyfiles/parsyfiles/tests/parsing_capabilities_by_type/primitives_data/str/ok/pickle-int-5=5.pyc] into a [str] using [$&lt;read_object_from_pickle&gt; =&gt; &lt;bool_to_string&gt;$]. Set log level to DEBUG for details
Rebuilding local parsing plan with next candidate parser: $&lt;read_object_from_pickle&gt; =&gt; &lt;float_to_string&gt;$
DONE Rebuilding local parsing plan for [/home/travis/build/smarie/python-parsyfiles/parsyfiles/tests/parsing_capabilities_by_type/primitives_data/str/ok/pickle-int-5=5.pyc]. Resuming parsing...
ERROR while parsing [/home/travis/build/smarie/python-parsyfiles/parsyfiles/tests/parsing_capabilities_by_type/primitives_data/str/ok/pickle-int-5=5.pyc] into a [str] using [$&lt;read_object_from_pickle&gt; =&gt; &lt;float_to_string&gt;$]. Set log level to DEBUG for details
Rebuilding local parsing plan with next candidate parser: $&lt;read_object_from_pickle&gt; =&gt; &lt;int_to_string&gt;$
DONE Rebuilding local parsing plan for [/home/travis/build/smarie/python-parsyfiles/parsyfiles/tests/parsing_capabilities_by_type/primitives_data/str/ok/pickle-int-5=5.pyc]. Resuming parsing...
SUCCESS parsed [/home/travis/build/smarie/python-parsyfiles/parsyfiles/tests/parsing_capabilities_by_type/primitives_data/str/ok/pickle-int-5=5.pyc] as a [str] successfully. Parser used was [$&lt;read_object_from_pickle&gt; =&gt; &lt;int_to_string&gt;$]

5==5
</system-out></testcase><testcase classname="parsyfiles.tests.parsing_capabilities_by_type.test_parse_primitives" file="parsyfiles/tests/parsing_capabilities_by_type/test_parse_primitives.py" line="179" name="test_parse_by_type[str-ok-pickle-str-a=a.pyc]" time="0.03293919563293457"><system-out>ERROR while parsing [/home/travis/build/smarie/python-parsyfiles/parsyfiles/tests/parsing_capabilities_by_type/primitives_data/str/ok/pickle-str-a=a.pyc] into a [str] using [$&lt;read_object_from_pickle&gt; =&gt; &lt;bool_to_string&gt;$]. Set log level to DEBUG for details
Rebuilding local parsing plan with next candidate parser: $&lt;read_object_from_pickle&gt; =&gt; &lt;float_to_string&gt;$
DONE Rebuilding local parsing plan for [/home/travis/build/smarie/python-parsyfiles/parsyfiles/tests/parsing_capabilities_by_type/primitives_data/str/ok/pickle-str-a=a.pyc]. Resuming parsing...
ERROR while parsing [/home/travis/build/smarie/python-parsyfiles/parsyfiles/tests/parsing_capabilities_by_type/primitives_data/str/ok/pickle-str-a=a.pyc] into a [str] using [$&lt;read_object_from_pickle&gt; =&gt; &lt;float_to_string&gt;$]. Set log level to DEBUG for details
Rebuilding local parsing plan with next candidate parser: $&lt;read_object_from_pickle&gt; =&gt; &lt;int_to_string&gt;$
DONE Rebuilding local parsing plan for [/home/travis/build/smarie/python-parsyfiles/parsyfiles/tests/parsing_capabilities_by_type/primitives_data/str/ok/pickle-str-a=a.pyc]. Resuming parsing...
ERROR while parsing [/home/travis/build/smarie/python-parsyfiles/parsyfiles/tests/parsing_capabilities_by_type/primitives_data/str/ok/pickle-str-a=a.pyc] into a [str] using [$&lt;read_object_from_pickle&gt; =&gt; &lt;int_to_string&gt;$]. Set log level to DEBUG for details
Rebuilding local parsing plan with next candidate parser: &lt;read_object_from_pickle&gt;
DONE Rebuilding local parsing plan for [/home/travis/build/smarie/python-parsyfiles/parsyfiles/tests/parsing_capabilities_by_type/primitives_data/str/ok/pickle-str-a=a.pyc]. Resuming parsing...
SUCCESS parsed [/home/travis/build/smarie/python-parsyfiles/parsyfiles/tests/parsing_capabilities_by_type/primitives_data/str/ok/pickle-str-a=a.pyc] as a [str] successfully. Parser used was [&lt;read_object_from_pickle&gt;]

a==a
</system-out></testcase><testcase classname="parsyfiles.tests.parsing_capabilities_by_type.test_parse_primitives" file="parsyfiles/tests/parsing_capabilities_by_type/test_parse_primitives.py" line="179" name="test_parse_by_type[str-ok-txt-str-a=a.txt]" time="0.03104853630065918"><system-out>SUCCESS parsed [/home/travis/build/smarie/python-parsyfiles/parsyfiles/tests/parsing_capabilities_by_type/primitives_data/str/ok/txt-str-a=a.txt] as a [str] successfully. Parser used was [&lt;read_str_from_txt&gt;]

a==a
</system-out></testcase><testcase classname="parsyfiles.tests.pytest_integration.test_pytest" file="parsyfiles/tests/pytest_integration/test_pytest.py" line="18" name="test_simple_objects[test_diff_1]" time="0.008314847946166992"><system-out>SUCCESS parsed [/home/travis/build/smarie/python-parsyfiles/parsyfiles/tests/pytest_integration/../parsing_capabilities_by_type/objects_data/test_diff_1.cfg] as a [ExecOpTest] successfully. Parser used was [$&lt;read_config&gt; =&gt; &lt;merge_all_config_sections_into_a_single_dict&gt; -&gt; &lt;dict_to_object&gt;$]
1.0 - 1.0 =? 0.0
</system-out></testcase><testcase classname="parsyfiles.tests.pytest_integration.test_pytest" file="parsyfiles/tests/pytest_integration/test_pytest.py" line="18" name="test_simple_objects[test_diff_2]" time="0.008635520935058594"><system-out>SUCCESS parsed [/home/travis/build/smarie/python-parsyfiles/parsyfiles/tests/pytest_integration/../parsing_capabilities_by_type/objects_data/test_diff_2.ini] as a [ExecOpTest] successfully. Parser used was [$&lt;read_config&gt; =&gt; &lt;merge_all_config_sections_into_a_single_dict&gt; -&gt; &lt;dict_to_object&gt;$]
0.0 - 1.0 =? -1.0
</system-out></testcase><testcase classname="parsyfiles.tests.pytest_integration.test_pytest" file="parsyfiles/tests/pytest_integration/test_pytest.py" line="18" name="test_simple_objects[test_diff_3]" time="0.004555225372314453"><system-out>SUCCESS parsed [/home/travis/build/smarie/python-parsyfiles/parsyfiles/tests/pytest_integration/../parsing_capabilities_by_type/objects_data/test_diff_3/expected_result.txt] as a [float] successfully. Parser used was [$&lt;read_str_from_txt&gt; =&gt; &lt;str_to_float&gt;$]
SUCCESS parsed [/home/travis/build/smarie/python-parsyfiles/parsyfiles/tests/pytest_integration/../parsing_capabilities_by_type/objects_data/test_diff_3/op.txt] as a [str] successfully. Parser used was [&lt;read_str_from_txt&gt;]
SUCCESS parsed [/home/travis/build/smarie/python-parsyfiles/parsyfiles/tests/pytest_integration/../parsing_capabilities_by_type/objects_data/test_diff_3/x.txt] as a [float] successfully. Parser used was [$&lt;read_str_from_txt&gt; =&gt; &lt;str_to_float&gt;$]
SUCCESS parsed [/home/travis/build/smarie/python-parsyfiles/parsyfiles/tests/pytest_integration/../parsing_capabilities_by_type/objects_data/test_diff_3/y.txt] as a [float] successfully. Parser used was [$&lt;read_str_from_txt&gt; =&gt; &lt;str_to_float&gt;$]
SUCCESS parsed [/home/travis/build/smarie/python-parsyfiles/parsyfiles/tests/pytest_integration/../parsing_capabilities_by_type/objects_data/test_diff_3] as a [ExecOpTest] successfully. Parser used was [Multifile Object parser (parsyfiles defaults)]
6.0 - 1.0 =? 5.0
</system-out></testcase><testcase classname="parsyfiles.tests.pytest_integration.test_pytest" file="parsyfiles/tests/pytest_integration/test_pytest.py" line="18" name="test_simple_objects[test_diff_3_csv_format]" time="0.012579679489135742"><system-out>ERROR while parsing [/home/travis/build/smarie/python-parsyfiles/parsyfiles/tests/pytest_integration/../parsing_capabilities_by_type/objects_data/test_diff_3_csv_format.txt] into a [ExecOpTest] using [$&lt;read_dict_from_properties&gt; =&gt; &lt;dict_to_object&gt;$]. Set log level to DEBUG for details
Rebuilding local parsing plan with next candidate parser: $&lt;read_str_from_txt&gt; =&gt; &lt;constructor_with_str_arg&gt;$
DONE Rebuilding local parsing plan for [/home/travis/build/smarie/python-parsyfiles/parsyfiles/tests/pytest_integration/../parsing_capabilities_by_type/objects_data/test_diff_3_csv_format.txt]. Resuming parsing...
ERROR while parsing [/home/travis/build/smarie/python-parsyfiles/parsyfiles/tests/pytest_integration/../parsing_capabilities_by_type/objects_data/test_diff_3_csv_format.txt] into a [ExecOpTest] using [$&lt;read_str_from_txt&gt; =&gt; &lt;constructor_with_str_arg&gt;$]. Set log level to DEBUG for details
Rebuilding local parsing plan with next candidate parser: $&lt;read_str_from_txt&gt; =&gt; &lt;base64_ascii_str_pickle_to_object&gt;$
DONE Rebuilding local parsing plan for [/home/travis/build/smarie/python-parsyfiles/parsyfiles/tests/pytest_integration/../parsing_capabilities_by_type/objects_data/test_diff_3_csv_format.txt]. Resuming parsing...
ERROR while parsing [/home/travis/build/smarie/python-parsyfiles/parsyfiles/tests/pytest_integration/../parsing_capabilities_by_type/objects_data/test_diff_3_csv_format.txt] into a [ExecOpTest] using [$&lt;read_str_from_txt&gt; =&gt; &lt;base64_ascii_str_pickle_to_object&gt;$]. Set log level to DEBUG for details
Rebuilding local parsing plan with next candidate parser: $&lt;read_df_or_series_from_csv&gt; =&gt; &lt;single_row_or_col_df_to_dict&gt; -&gt; &lt;dict_to_object&gt;$
DONE Rebuilding local parsing plan for [/home/travis/build/smarie/python-parsyfiles/parsyfiles/tests/pytest_integration/../parsing_capabilities_by_type/objects_data/test_diff_3_csv_format.txt]. Resuming parsing...
SUCCESS parsed [/home/travis/build/smarie/python-parsyfiles/parsyfiles/tests/pytest_integration/../parsing_capabilities_by_type/objects_data/test_diff_3_csv_format.txt] as a [ExecOpTest] successfully. Parser used was [$&lt;read_df_or_series_from_csv&gt; =&gt; &lt;single_row_or_col_df_to_dict&gt; -&gt; &lt;dict_to_object&gt;$]
5.0 - 4.0 =? 1.0
</system-out></testcase><testcase classname="parsyfiles.tests.pytest_integration.test_pytest" file="parsyfiles/tests/pytest_integration/test_pytest.py" line="18" name="test_simple_objects[test_diff_4_csv_format2]" time="0.013927936553955078"><system-out>ERROR while parsing [/home/travis/build/smarie/python-parsyfiles/parsyfiles/tests/pytest_integration/../parsing_capabilities_by_type/objects_data/test_diff_4_csv_format2.txt] into a [ExecOpTest] using [$&lt;read_dict_from_properties&gt; =&gt; &lt;dict_to_object&gt;$]. Set log level to DEBUG for details
Rebuilding local parsing plan with next candidate parser: $&lt;read_str_from_txt&gt; =&gt; &lt;constructor_with_str_arg&gt;$
DONE Rebuilding local parsing plan for [/home/travis/build/smarie/python-parsyfiles/parsyfiles/tests/pytest_integration/../parsing_capabilities_by_type/objects_data/test_diff_4_csv_format2.txt]. Resuming parsing...
ERROR while parsing [/home/travis/build/smarie/python-parsyfiles/parsyfiles/tests/pytest_integration/../parsing_capabilities_by_type/objects_data/test_diff_4_csv_format2.txt] into a [ExecOpTest] using [$&lt;read_str_from_txt&gt; =&gt; &lt;constructor_with_str_arg&gt;$]. Set log level to DEBUG for details
Rebuilding local parsing plan with next candidate parser: $&lt;read_str_from_txt&gt; =&gt; &lt;base64_ascii_str_pickle_to_object&gt;$
DONE Rebuilding local parsing plan for [/home/travis/build/smarie/python-parsyfiles/parsyfiles/tests/pytest_integration/../parsing_capabilities_by_type/objects_data/test_diff_4_csv_format2.txt]. Resuming parsing...
ERROR while parsing [/home/travis/build/smarie/python-parsyfiles/parsyfiles/tests/pytest_integration/../parsing_capabilities_by_type/objects_data/test_diff_4_csv_format2.txt] into a [ExecOpTest] using [$&lt;read_str_from_txt&gt; =&gt; &lt;base64_ascii_str_pickle_to_object&gt;$]. Set log level to DEBUG for details
Rebuilding local parsing plan with next candidate parser: $&lt;read_df_or_series_from_csv&gt; =&gt; &lt;single_row_or_col_df_to_dict&gt; -&gt; &lt;dict_to_object&gt;$
DONE Rebuilding local parsing plan for [/home/travis/build/smarie/python-parsyfiles/parsyfiles/tests/pytest_integration/../parsing_capabilities_by_type/objects_data/test_diff_4_csv_format2.txt]. Resuming parsing...
SUCCESS parsed [/home/travis/build/smarie/python-parsyfiles/parsyfiles/tests/pytest_integration/../parsing_capabilities_by_type/objects_data/test_diff_4_csv_format2.txt] as a [ExecOpTest] successfully. Parser used was [$&lt;read_df_or_series_from_csv&gt; =&gt; &lt;single_row_or_col_df_to_dict&gt; -&gt; &lt;dict_to_object&gt;$]
4.0 - 4.0 =? 0.0
</system-out></testcase><testcase classname="parsyfiles.tests.pytest_integration.test_pytest" file="parsyfiles/tests/pytest_integration/test_pytest.py" line="18" name="test_simple_objects[test_sum_1]" time="0.007119178771972656"><system-out>SUCCESS parsed [/home/travis/build/smarie/python-parsyfiles/parsyfiles/tests/pytest_integration/../parsing_capabilities_by_type/objects_data/test_sum_1.json] as a [ExecOpTest] successfully. Parser used was [$&lt;read_dict_or_list_from_json&gt; =&gt; &lt;dict_to_object&gt;$]
1.0 + 2.0 =? 3.0
</system-out></testcase><testcase classname="parsyfiles.tests.pytest_integration.test_pytest" file="parsyfiles/tests/pytest_integration/test_pytest.py" line="18" name="test_simple_objects[test_sum_2]" time="0.007295131683349609"><system-out>SUCCESS parsed [/home/travis/build/smarie/python-parsyfiles/parsyfiles/tests/pytest_integration/../parsing_capabilities_by_type/objects_data/test_sum_2.properties] as a [ExecOpTest] successfully. Parser used was [$&lt;read_dict_from_properties&gt; =&gt; &lt;dict_to_object&gt;$]
0.0 + 1.0 =? 1.0
</system-out></testcase><testcase classname="parsyfiles.tests.pytest_integration.test_pytest" file="parsyfiles/tests/pytest_integration/test_pytest.py" line="18" name="test_simple_objects[test_sum_3_properties_format]" time="0.008008003234863281"><system-out>SUCCESS parsed [/home/travis/build/smarie/python-parsyfiles/parsyfiles/tests/pytest_integration/../parsing_capabilities_by_type/objects_data/test_sum_3_properties_format.txt] as a [ExecOpTest] successfully. Parser used was [$&lt;read_dict_from_properties&gt; =&gt; &lt;dict_to_object&gt;$]
1.0 + 1.0 =? 2.0
</system-out></testcase><testcase classname="parsyfiles.tests.pytest_integration.test_pytest" file="parsyfiles/tests/pytest_integration/test_pytest.py" line="18" name="test_simple_objects[test_sum_3_with_inner_b64_pickle]" time="0.0074117183685302734"><system-out>SUCCESS parsed [/home/travis/build/smarie/python-parsyfiles/parsyfiles/tests/pytest_integration/../parsing_capabilities_by_type/objects_data/test_sum_3_with_inner_b64_pickle.txt] as a [ExecOpTest] successfully. Parser used was [$&lt;read_dict_from_properties&gt; =&gt; &lt;dict_to_object&gt;$]
1.0 + 1.0 =? 2.0
</system-out></testcase><testcase classname="parsyfiles.tests.pytest_integration.test_pytest" file="parsyfiles/tests/pytest_integration/test_pytest.py" line="18" name="test_simple_objects[test_sum_4]" time="0.013754844665527344"><system-out>ERROR while parsing [/home/travis/build/smarie/python-parsyfiles/parsyfiles/tests/pytest_integration/../parsing_capabilities_by_type/objects_data/test_sum_4.yaml] into a [ExecOpTest] using [&lt;read_object_from_yaml&gt;]. Set log level to DEBUG for details
Rebuilding local parsing plan with next candidate parser: $&lt;read_collection_from_yaml&gt; =&gt; &lt;dict_to_object&gt;$
DONE Rebuilding local parsing plan for [/home/travis/build/smarie/python-parsyfiles/parsyfiles/tests/pytest_integration/../parsing_capabilities_by_type/objects_data/test_sum_4.yaml]. Resuming parsing...
SUCCESS parsed [/home/travis/build/smarie/python-parsyfiles/parsyfiles/tests/pytest_integration/../parsing_capabilities_by_type/objects_data/test_sum_4.yaml] as a [ExecOpTest] successfully. Parser used was [$&lt;read_collection_from_yaml&gt; =&gt; &lt;dict_to_object&gt;$]
2.0 + 5.0 =? 7.0
</system-out></testcase><testcase classname="parsyfiles.tests.pytest_integration.test_pytest" file="parsyfiles/tests/pytest_integration/test_pytest.py" line="18" name="test_simple_objects[test_sum_5]" time="0.011887311935424805"><system-out>ERROR while parsing [/home/travis/build/smarie/python-parsyfiles/parsyfiles/tests/pytest_integration/../parsing_capabilities_by_type/objects_data/test_sum_5.yaml] into a [ExecOpTest] using [&lt;read_object_from_yaml&gt;]. Set log level to DEBUG for details
Rebuilding local parsing plan with next candidate parser: $&lt;read_collection_from_yaml&gt; =&gt; &lt;dict_to_object&gt;$
DONE Rebuilding local parsing plan for [/home/travis/build/smarie/python-parsyfiles/parsyfiles/tests/pytest_integration/../parsing_capabilities_by_type/objects_data/test_sum_5.yaml]. Resuming parsing...
SUCCESS parsed [/home/travis/build/smarie/python-parsyfiles/parsyfiles/tests/pytest_integration/../parsing_capabilities_by_type/objects_data/test_sum_5.yaml] as a [ExecOpTest] successfully. Parser used was [$&lt;read_collection_from_yaml&gt; =&gt; &lt;dict_to_object&gt;$]
1.0 + 5.0 =? 6.0
</system-out></testcase><testcase classname="parsyfiles.tests.pytest_integration.test_pytest" file="parsyfiles/tests/pytest_integration/test_pytest.py" line="18" name="test_simple_objects[test_sum_6]" time="0.013986587524414062"><system-out>SUCCESS parsed [/home/travis/build/smarie/python-parsyfiles/parsyfiles/tests/pytest_integration/../parsing_capabilities_by_type/objects_data/test_sum_6.xlsx] as a [ExecOpTest] successfully. Parser used was [$&lt;read_dataframe_from_xls&gt; =&gt; &lt;single_row_or_col_df_to_dict&gt; -&gt; &lt;dict_to_object&gt;$]
56.0 + 13.0 =? 69.0
</system-out></testcase><testcase classname="parsyfiles.tests.pytest_integration.test_pytest" file="parsyfiles/tests/pytest_integration/test_pytest.py" line="18" name="test_simple_objects[test_sum_7]" time="0.013838052749633789"><system-out>SUCCESS parsed [/home/travis/build/smarie/python-parsyfiles/parsyfiles/tests/pytest_integration/../parsing_capabilities_by_type/objects_data/test_sum_7.xlsm] as a [ExecOpTest] successfully. Parser used was [$&lt;read_dataframe_from_xls&gt; =&gt; &lt;single_row_or_col_df_to_dict&gt; -&gt; &lt;dict_to_object&gt;$]
56.0 + 14.0 =? 70.0
</system-out></testcase><testcase classname="parsyfiles.tests.pytest_integration.test_pytest" file="parsyfiles/tests/pytest_integration/test_pytest.py" line="18" name="test_simple_objects[test_sum_8]" time="0.019073963165283203"><system-out>SUCCESS parsed [/home/travis/build/smarie/python-parsyfiles/parsyfiles/tests/pytest_integration/../parsing_capabilities_by_type/objects_data/test_sum_8.xls] as a [ExecOpTest] successfully. Parser used was [$&lt;read_dataframe_from_xls&gt; =&gt; &lt;single_row_or_col_df_to_dict&gt; -&gt; &lt;dict_to_object&gt;$]
56.0 + 12.0 =? 68.0
</system-out></testcase><testcase classname="parsyfiles.tests.unittests.test_type_inspection_tools" file="parsyfiles/tests/unittests/test_type_inspection_tools.py" line="36" name="test_robust_isinstance[r-&lt;class &apos;str&apos;&gt;-True]" time="0.0022382736206054688"></testcase><testcase classname="parsyfiles.tests.unittests.test_type_inspection_tools" file="parsyfiles/tests/unittests/test_type_inspection_tools.py" line="36" name="test_robust_isinstance[r-&lt;class &apos;int&apos;&gt;-False]" time="0.002826213836669922"></testcase><testcase classname="parsyfiles.tests.unittests.test_type_inspection_tools" file="parsyfiles/tests/unittests/test_type_inspection_tools.py" line="36" name="test_robust_isinstance[[]-typing.List-True]" time="0.002354860305786133"></testcase><testcase classname="parsyfiles.tests.unittests.test_type_inspection_tools" file="parsyfiles/tests/unittests/test_type_inspection_tools.py" line="36" name="test_robust_isinstance[[]-typing.Set-False]" time="0.002157449722290039"></testcase><testcase classname="parsyfiles.tests.unittests.test_type_inspection_tools" file="parsyfiles/tests/unittests/test_type_inspection_tools.py" line="36" name="test_robust_isinstance[{1: 2}-typing.Dict-True]" time="0.0028328895568847656"></testcase><testcase classname="parsyfiles.tests.unittests.test_type_inspection_tools" file="parsyfiles/tests/unittests/test_type_inspection_tools.py" line="36" name="test_robust_isinstance[set()-typing.Set-True]" time="0.0038475990295410156"></testcase><testcase classname="parsyfiles.tests.unittests.test_type_inspection_tools" file="parsyfiles/tests/unittests/test_type_inspection_tools.py" line="36" name="test_robust_isinstance[~T-typing.TypeVar-True]" time="0.002637147903442383"></testcase><testcase classname="parsyfiles.tests.unittests.test_type_inspection_tools" file="parsyfiles/tests/unittests/test_type_inspection_tools.py" line="36" name="test_robust_isinstance[~T-&lt;class &apos;str&apos;&gt;-False]" time="0.0020494461059570312"></testcase><testcase classname="parsyfiles.tests.unittests.test_type_inspection_tools" file="parsyfiles/tests/unittests/test_type_inspection_tools.py" line="36" name="test_robust_isinstance[(1, 2)-typing.Tuple-True]" time="0.002912759780883789"></testcase><testcase classname="parsyfiles.tests.unittests.test_type_inspection_tools" file="parsyfiles/tests/unittests/test_type_inspection_tools.py" line="36" name="test_robust_isinstance[[]-typing.Union[typing.Any, str]-True]" time="0.002002716064453125"></testcase><testcase classname="parsyfiles.tests.unittests.test_type_inspection_tools" file="parsyfiles/tests/unittests/test_type_inspection_tools.py" line="36" name="test_robust_isinstance[&lt;function &lt;lambda&gt; at 0x7f05a70fa9d8&gt;-typing.Callable-True]" time="0.0021066665649414062"></testcase><testcase classname="parsyfiles.tests.unittests.test_type_inspection_tools" file="parsyfiles/tests/unittests/test_type_inspection_tools.py" line="36" name="test_robust_isinstance[&lt;function &lt;lambda&gt; at 0x7f05a70fa950&gt;-typing.Tuple-False]" time="0.002398967742919922"></testcase><testcase classname="parsyfiles.tests.unittests.test_type_inspection_tools" file="parsyfiles/tests/unittests/test_type_inspection_tools.py" line="36" name="test_robust_isinstance[(1, 2)-typing.Tuple[numbers.Integral, numbers.Integral]-True]" time="0.0033593177795410156"></testcase><testcase classname="parsyfiles.tests.unittests.test_type_inspection_tools" file="parsyfiles/tests/unittests/test_type_inspection_tools.py" line="36" name="test_robust_isinstance[(1, 2)-typing.Tuple[str, str]-True]" time="0.001993894577026367"></testcase><testcase classname="parsyfiles.tests.unittests.test_type_inspection_tools" file="parsyfiles/tests/unittests/test_type_inspection_tools.py" line="36" name="test_robust_isinstance[[&apos;r&apos;, None]-typing.List[str]-True]" time="0.00189208984375"></testcase><testcase classname="parsyfiles.tests.unittests.test_type_inspection_tools" file="parsyfiles/tests/unittests/test_type_inspection_tools.py" line="36" name="test_robust_isinstance[{1: 2}-typing.Dict[typing.Any, typing.Any]-True]" time="0.002822399139404297"></testcase><testcase classname="parsyfiles.tests.unittests.test_type_inspection_tools" file="parsyfiles/tests/unittests/test_type_inspection_tools.py" line="36" name="test_robust_isinstance[{1: 2}-typing.Set[typing.Any]-False]" time="0.0017902851104736328"></testcase><testcase classname="parsyfiles.tests.unittests.test_type_inspection_tools" file="parsyfiles/tests/unittests/test_type_inspection_tools.py" line="36" name="test_robust_isinstance[set()-typing.Set[str]-True]" time="0.0026853084564208984"></testcase><testcase classname="parsyfiles.tests.unittests.test_type_inspection_tools" file="parsyfiles/tests/unittests/test_type_inspection_tools.py" line="62" name="test_get_base_generic_type[&lt;class &apos;str&apos;&gt;-&lt;class &apos;str&apos;&gt;]" time="0.0020389556884765625"></testcase><testcase classname="parsyfiles.tests.unittests.test_type_inspection_tools" file="parsyfiles/tests/unittests/test_type_inspection_tools.py" line="62" name="test_get_base_generic_type[&lt;class &apos;int&apos;&gt;-&lt;class &apos;int&apos;&gt;]" time="0.0019419193267822266"></testcase><testcase classname="parsyfiles.tests.unittests.test_type_inspection_tools" file="parsyfiles/tests/unittests/test_type_inspection_tools.py" line="62" name="test_get_base_generic_type[typing.Dict-typing.Dict]" time="0.002063751220703125"></testcase><testcase classname="parsyfiles.tests.unittests.test_type_inspection_tools" file="parsyfiles/tests/unittests/test_type_inspection_tools.py" line="62" name="test_get_base_generic_type[typing.List-typing.List]" time="0.0020532608032226562"></testcase><testcase classname="parsyfiles.tests.unittests.test_type_inspection_tools" file="parsyfiles/tests/unittests/test_type_inspection_tools.py" line="62" name="test_get_base_generic_type[typing.Set-typing.Set]" time="0.002270221710205078"></testcase><testcase classname="parsyfiles.tests.unittests.test_type_inspection_tools" file="parsyfiles/tests/unittests/test_type_inspection_tools.py" line="62" name="test_get_base_generic_type[typing.Tuple-typing.Tuple]" time="0.0025599002838134766"></testcase><testcase classname="parsyfiles.tests.unittests.test_type_inspection_tools" file="parsyfiles/tests/unittests/test_type_inspection_tools.py" line="62" name="test_get_base_generic_type[typing.Dict[str, int]-typing.Dict]" time="0.0025708675384521484"></testcase><testcase classname="parsyfiles.tests.unittests.test_type_inspection_tools" file="parsyfiles/tests/unittests/test_type_inspection_tools.py" line="62" name="test_get_base_generic_type[typing.List[typing.List[str]]-typing.List]" time="0.0019414424896240234"></testcase><testcase classname="parsyfiles.tests.unittests.test_type_inspection_tools" file="parsyfiles/tests/unittests/test_type_inspection_tools.py" line="62" name="test_get_base_generic_type[typing.Set[str]-typing.Set]" time="0.002126932144165039"></testcase><testcase classname="parsyfiles.tests.unittests.test_type_inspection_tools" file="parsyfiles/tests/unittests/test_type_inspection_tools.py" line="62" name="test_get_base_generic_type[typing.Tuple[int, str]-typing.Tuple]" time="0.0019249916076660156"></testcase><testcase classname="parsyfiles.tests.unittests.test_type_inspection_tools" file="parsyfiles/tests/unittests/test_type_inspection_tools.py" line="62" name="test_get_base_generic_type[typing.Any-typing.Any]" time="0.0021708011627197266"></testcase><testcase classname="parsyfiles.tests.unittests.test_type_inspection_tools" file="parsyfiles/tests/unittests/test_type_inspection_tools.py" line="62" name="test_get_base_generic_type[typing.Union-typing.Union]" time="0.002483367919921875"></testcase><testcase classname="parsyfiles.tests.unittests.test_type_inspection_tools" file="parsyfiles/tests/unittests/test_type_inspection_tools.py" line="62" name="test_get_base_generic_type[typing.Union[typing.Any, NoneType]-typing.Union]" time="0.0018658638000488281"></testcase><testcase classname="parsyfiles.tests.unittests.test_type_inspection_tools" file="parsyfiles/tests/unittests/test_type_inspection_tools.py" line="118" name="test_is_collection[&lt;class &apos;str&apos;&gt;-True-False]" time="0.003092050552368164"></testcase><testcase classname="parsyfiles.tests.unittests.test_type_inspection_tools" file="parsyfiles/tests/unittests/test_type_inspection_tools.py" line="118" name="test_is_collection[&lt;class &apos;int&apos;&gt;-False-False]" time="0.002940654754638672"></testcase><testcase classname="parsyfiles.tests.unittests.test_type_inspection_tools" file="parsyfiles/tests/unittests/test_type_inspection_tools.py" line="118" name="test_is_collection[&lt;class &apos;list&apos;&gt;-True-True]" time="0.0028913021087646484"></testcase><testcase classname="parsyfiles.tests.unittests.test_type_inspection_tools" file="parsyfiles/tests/unittests/test_type_inspection_tools.py" line="118" name="test_is_collection[&lt;class &apos;list&apos;&gt;-False-True]" time="0.00220489501953125"></testcase><testcase classname="parsyfiles.tests.unittests.test_type_inspection_tools" file="parsyfiles/tests/unittests/test_type_inspection_tools.py" line="118" name="test_is_collection[&lt;class &apos;set&apos;&gt;-True-True]" time="0.002724885940551758"></testcase><testcase classname="parsyfiles.tests.unittests.test_type_inspection_tools" file="parsyfiles/tests/unittests/test_type_inspection_tools.py" line="118" name="test_is_collection[&lt;class &apos;dict&apos;&gt;-True-True]" time="0.002044677734375"></testcase><testcase classname="parsyfiles.tests.unittests.test_type_inspection_tools" file="parsyfiles/tests/unittests/test_type_inspection_tools.py" line="118" name="test_is_collection[&lt;class &apos;tuple&apos;&gt;-True-True]" time="0.002074003219604492"></testcase><testcase classname="parsyfiles.tests.unittests.test_type_inspection_tools" file="parsyfiles/tests/unittests/test_type_inspection_tools.py" line="118" name="test_is_collection[typing.Dict-True-True]" time="0.002283811569213867"></testcase><testcase classname="parsyfiles.tests.unittests.test_type_inspection_tools" file="parsyfiles/tests/unittests/test_type_inspection_tools.py" line="118" name="test_is_collection[typing.List-True-True]" time="0.002830028533935547"></testcase><testcase classname="parsyfiles.tests.unittests.test_type_inspection_tools" file="parsyfiles/tests/unittests/test_type_inspection_tools.py" line="118" name="test_is_collection[typing.Set-True-True]" time="0.002576589584350586"></testcase><testcase classname="parsyfiles.tests.unittests.test_type_inspection_tools" file="parsyfiles/tests/unittests/test_type_inspection_tools.py" line="118" name="test_is_collection[typing.Tuple-True-True]" time="0.0026633739471435547"></testcase><testcase classname="parsyfiles.tests.unittests.test_type_inspection_tools" file="parsyfiles/tests/unittests/test_type_inspection_tools.py" line="118" name="test_is_collection[typing.Dict[str, int]-True-True]" time="0.10518503189086914"></testcase><testcase classname="parsyfiles.tests.unittests.test_type_inspection_tools" file="parsyfiles/tests/unittests/test_type_inspection_tools.py" line="118" name="test_is_collection[typing.List[typing.List[str]]-True-True]" time="0.002128124237060547"></testcase><testcase classname="parsyfiles.tests.unittests.test_type_inspection_tools" file="parsyfiles/tests/unittests/test_type_inspection_tools.py" line="118" name="test_is_collection[typing.Set[str]-True-True]" time="0.0020155906677246094"></testcase><testcase classname="parsyfiles.tests.unittests.test_type_inspection_tools" file="parsyfiles/tests/unittests/test_type_inspection_tools.py" line="118" name="test_is_collection[typing.Tuple[int, str]-True-True]" time="0.002454042434692383"></testcase><testcase classname="parsyfiles.tests.unittests.test_type_inspection_tools" file="parsyfiles/tests/unittests/test_type_inspection_tools.py" line="118" name="test_is_collection[&lt;class &apos;test_type_inspection_tools.MyDict&apos;&gt;-True-False]" time="0.0030367374420166016"></testcase><testcase classname="parsyfiles.tests.unittests.test_type_inspection_tools" file="parsyfiles/tests/unittests/test_type_inspection_tools.py" line="118" name="test_is_collection[&lt;class &apos;test_type_inspection_tools.MyDict&apos;&gt;-False-True]" time="0.002736806869506836"></testcase><testcase classname="parsyfiles.tests.unittests.test_type_inspection_tools" file="parsyfiles/tests/unittests/test_type_inspection_tools.py" line="118" name="test_is_collection[test_type_inspection_tools.MyDict2-True-False]" time="0.003568410873413086"></testcase><testcase classname="parsyfiles.tests.unittests.test_type_inspection_tools" file="parsyfiles/tests/unittests/test_type_inspection_tools.py" line="118" name="test_is_collection[test_type_inspection_tools.MyDict2-False-True]" time="0.0026090145111083984"></testcase><testcase classname="parsyfiles.tests.unittests.test_type_inspection_tools" file="parsyfiles/tests/unittests/test_type_inspection_tools.py" line="118" name="test_is_collection[test_type_inspection_tools.MyDict3-True-False]" time="0.0019600391387939453"></testcase><testcase classname="parsyfiles.tests.unittests.test_type_inspection_tools" file="parsyfiles/tests/unittests/test_type_inspection_tools.py" line="118" name="test_is_collection[test_type_inspection_tools.MyDict3-False-True]" time="0.0024924278259277344"></testcase><testcase classname="parsyfiles.tests.unittests.test_type_inspection_tools" file="parsyfiles/tests/unittests/test_type_inspection_tools.py" line="118" name="test_is_collection[test_type_inspection_tools.MyDict4-True-False]" time="0.002549409866333008"></testcase><testcase classname="parsyfiles.tests.unittests.test_type_inspection_tools" file="parsyfiles/tests/unittests/test_type_inspection_tools.py" line="118" name="test_is_collection[test_type_inspection_tools.MyDict4-False-True]" time="0.0029060840606689453"></testcase><testcase classname="parsyfiles.tests.unittests.test_type_inspection_tools" file="parsyfiles/tests/unittests/test_type_inspection_tools.py" line="118" name="test_is_collection[typing.Any-False-False]" time="0.0020787715911865234"></testcase><testcase classname="parsyfiles.tests.unittests.test_type_inspection_tools" file="parsyfiles/tests/unittests/test_type_inspection_tools.py" line="118" name="test_is_collection[typing.Union-False-False]" time="0.0028874874114990234"></testcase><testcase classname="parsyfiles.tests.unittests.test_type_inspection_tools" file="parsyfiles/tests/unittests/test_type_inspection_tools.py" line="118" name="test_is_collection[typing.Union[typing.Any, NoneType]-False-False]" time="0.0021131038665771484"></testcase><testcase classname="parsyfiles.tests.unittests.test_type_inspection_tools" file="parsyfiles/tests/unittests/test_type_inspection_tools.py" line="133" name="test__extract_collection_base_type[typing.Dict[str, int]-(&lt;class &apos;int&apos;&gt;, &lt;class &apos;str&apos;&gt;)]" time="0.0021004676818847656"></testcase><testcase classname="parsyfiles.tests.unittests.test_type_inspection_tools" file="parsyfiles/tests/unittests/test_type_inspection_tools.py" line="133" name="test__extract_collection_base_type[typing.Set[int]-(&lt;class &apos;int&apos;&gt;, None)]" time="0.002778291702270508"></testcase><testcase classname="parsyfiles.tests.unittests.test_type_inspection_tools" file="parsyfiles/tests/unittests/test_type_inspection_tools.py" line="133" name="test__extract_collection_base_type[typing.List[int]-(&lt;class &apos;int&apos;&gt;, None)]" time="0.0025670528411865234"></testcase><testcase classname="parsyfiles.tests.unittests.test_type_inspection_tools" file="parsyfiles/tests/unittests/test_type_inspection_tools.py" line="133" name="test__extract_collection_base_type[typing.Tuple[int, str]-((&lt;class &apos;int&apos;&gt;, &lt;class &apos;str&apos;&gt;), None)]" time="0.0017800331115722656"></testcase><testcase classname="parsyfiles.tests.unittests.test_type_inspection_tools" file="parsyfiles/tests/unittests/test_type_inspection_tools.py" line="133" name="test__extract_collection_base_type[typing.Dict[str, typing.Tuple[int, str]]-(typing.Tuple[int, str], &lt;class &apos;str&apos;&gt;)]" time="0.0018994808197021484"></testcase><testcase classname="parsyfiles.tests.unittests.test_type_inspection_tools" file="parsyfiles/tests/unittests/test_type_inspection_tools.py" line="133" name="test__extract_collection_base_type[typing.Tuple[typing.Dict[str, int], typing.List[int], typing.Set[int], typing.Tuple[str, int, str]]-((typing.Dict[str, int], typing.List[int], typing.Set[int], typing.Tuple[str, int, str]), None)]" time="0.003403186798095703"></testcase></testsuite>