<?xml version="1.0" encoding="utf-8"?><testsuite errors="0" failures="2" name="pytest" skips="0" tests="253" time="32.014"><testcase classname="parsyfiles.tests.combining_parsers_converters.test_default_instance" file="parsyfiles/tests/combining_parsers_converters/test_default_instance.py" line="50" name="test_copy" time="0.04012727737426758"></testcase><testcase classname="parsyfiles.tests.combining_parsers_converters.test_default_instance" file="parsyfiles/tests/combining_parsers_converters/test_default_instance.py" line="55" name="test_deep_copy" time="0.03950762748718262"></testcase><testcase classname="parsyfiles.tests.combining_parsers_converters.test_default_instance" file="parsyfiles/tests/combining_parsers_converters/test_default_instance.py" line="60" name="test_get_all_parsers" time="0.07083725929260254"><system-out>
127 Root parser parsers:
[$&lt;read_config&gt; =&gt; &lt;config_to_dict_of_dict&gt; -&gt; &lt;dict_to_object&gt;$,
 $&lt;read_config&gt; =&gt; &lt;config_to_dict_of_dict&gt; -&gt; &lt;dict_of_dict_to_object&gt;$,
 $&lt;read_config&gt; =&gt; &lt;merge_all_config_sections_into_a_single_dict&gt; -&gt; &lt;dict_to_object&gt;$,
 $&lt;read_dataframe_from_xls&gt; =&gt; &lt;single_row_or_col_df_to_dict&gt; -&gt; &lt;dict_to_object&gt;$,
 $&lt;read_df_or_series_from_csv&gt; =&gt; &lt;single_row_or_col_df_to_dict&gt; -&gt; &lt;dict_to_object&gt;$,
 $&lt;read_str_from_txt&gt; =&gt; &lt;base64_ascii_str_pickle_to_object&gt;$,
 $&lt;read_collection_from_yaml&gt; =&gt; &lt;dict_to_object&gt;$,
 $&lt;read_str_from_txt&gt; =&gt; &lt;constructor_with_str_arg&gt;$,
 $&lt;read_dict_or_list_from_json&gt; =&gt; &lt;dict_to_object&gt;$,
 $&lt;read_dict_from_properties&gt; =&gt; &lt;dict_to_object&gt;$,
 &lt;read_object_from_pickle&gt;,
 Multifile Object parser (parsyfiles defaults),
 &lt;read_object_from_yaml&gt;,
 $&lt;read_object_from_pickle&gt; =&gt; &lt;config_to_dict_of_dict&gt; -&gt; &lt;dict_to_df&gt; -&gt; &lt;single_row_or_col_df_to_series&gt;$,
 $&lt;read_object_from_pickle&gt; =&gt; &lt;merge_all_config_sections_into_a_single_dict&gt; -&gt; &lt;dict_to_df&gt; -&gt; &lt;single_row_or_col_df_to_series&gt;$,
 $Multifile Object parser (parsyfiles defaults) =&gt; &lt;config_to_dict_of_dict&gt; -&gt; &lt;dict_to_df&gt; -&gt; &lt;single_row_or_col_df_to_series&gt;$,
 $Multifile Object parser (parsyfiles defaults) =&gt; &lt;merge_all_config_sections_into_a_single_dict&gt; -&gt; &lt;dict_to_df&gt; -&gt; &lt;single_row_or_col_df_to_series&gt;$,
 $&lt;read_object_from_yaml&gt; =&gt; &lt;config_to_dict_of_dict&gt; -&gt; &lt;dict_to_df&gt; -&gt; &lt;single_row_or_col_df_to_series&gt;$,
 $&lt;read_object_from_yaml&gt; =&gt; &lt;merge_all_config_sections_into_a_single_dict&gt; -&gt; &lt;dict_to_df&gt; -&gt; &lt;single_row_or_col_df_to_series&gt;$,
 $&lt;read_config&gt; =&gt; &lt;config_to_dict_of_dict&gt; -&gt; &lt;dict_to_df&gt; -&gt; &lt;single_row_or_col_df_to_series&gt;$,
 $&lt;read_config&gt; =&gt; &lt;merge_all_config_sections_into_a_single_dict&gt; -&gt; &lt;dict_to_df&gt; -&gt; &lt;single_row_or_col_df_to_series&gt;$,
 $&lt;read_str_from_txt&gt; =&gt; &lt;base64_ascii_str_pickle_to_object&gt; -&gt; &lt;str_to_int&gt;$,
 $&lt;read_str_from_txt&gt; =&gt; &lt;base64_ascii_str_pickle_to_object&gt; -&gt; &lt;float_to_int&gt;$,
 $&lt;read_str_from_txt&gt; =&gt; &lt;base64_ascii_str_pickle_to_object&gt; -&gt; &lt;bool_to_int&gt;$,
 $&lt;read_str_from_txt&gt; =&gt; &lt;base64_ascii_str_pickle_to_object&gt; -&gt; &lt;str_to_float&gt;$,
 $&lt;read_str_from_txt&gt; =&gt; &lt;base64_ascii_str_pickle_to_object&gt; -&gt; &lt;int_to_float&gt;$,
 $&lt;read_str_from_txt&gt; =&gt; &lt;base64_ascii_str_pickle_to_object&gt; -&gt; &lt;bool_to_float&gt;$,
 $&lt;read_str_from_txt&gt; =&gt; &lt;base64_ascii_str_pickle_to_object&gt; -&gt; &lt;str_to_bool&gt;$,
 $&lt;read_str_from_txt&gt; =&gt; &lt;base64_ascii_str_pickle_to_object&gt; -&gt; &lt;int_to_bool&gt;$,
 $&lt;read_str_from_txt&gt; =&gt; &lt;base64_ascii_str_pickle_to_object&gt; -&gt; &lt;float_to_bool&gt;$,
 $&lt;read_str_from_txt&gt; =&gt; &lt;base64_ascii_str_pickle_to_object&gt; -&gt; &lt;list_to_set&gt;$,
 $&lt;read_str_from_txt&gt; =&gt; &lt;base64_ascii_str_pickle_to_object&gt; -&gt; &lt;list_to_tuple&gt;$,
 $&lt;read_collection_from_yaml&gt; =&gt; &lt;dict_to_df&gt; -&gt; &lt;single_row_or_col_df_to_series&gt;$,
 $&lt;read_object_from_pickle&gt; =&gt; &lt;config_to_dict_of_dict&gt; -&gt; &lt;dict_to_df&gt;$,
 $&lt;read_object_from_pickle&gt; =&gt; &lt;merge_all_config_sections_into_a_single_dict&gt; -&gt; &lt;dict_to_df&gt;$,
 $&lt;read_object_from_pickle&gt; =&gt; &lt;dict_to_df&gt; -&gt; &lt;single_row_or_col_df_to_series&gt;$,
 $Multifile Object parser (parsyfiles defaults) =&gt; &lt;config_to_dict_of_dict&gt; -&gt; &lt;dict_to_df&gt;$,
 $Multifile Object parser (parsyfiles defaults) =&gt; &lt;merge_all_config_sections_into_a_single_dict&gt; -&gt; &lt;dict_to_df&gt;$,
 $Multifile Object parser (parsyfiles defaults) =&gt; &lt;dict_to_df&gt; -&gt; &lt;single_row_or_col_df_to_series&gt;$,
 $&lt;read_object_from_yaml&gt; =&gt; &lt;config_to_dict_of_dict&gt; -&gt; &lt;dict_to_df&gt;$,
 $&lt;read_object_from_yaml&gt; =&gt; &lt;merge_all_config_sections_into_a_single_dict&gt; -&gt; &lt;dict_to_df&gt;$,
 $&lt;read_object_from_yaml&gt; =&gt; &lt;dict_to_df&gt; -&gt; &lt;single_row_or_col_df_to_series&gt;$,
 $&lt;read_dict_or_list_from_json&gt; =&gt; &lt;dict_to_df&gt; -&gt; &lt;single_row_or_col_df_to_series&gt;$,
 $&lt;read_config&gt; =&gt; &lt;config_to_dict_of_dict&gt; -&gt; &lt;dict_to_df&gt;$,
 $&lt;read_config&gt; =&gt; &lt;merge_all_config_sections_into_a_single_dict&gt; -&gt; &lt;dict_to_df&gt;$,
 $&lt;read_dict_from_properties&gt; =&gt; &lt;dict_to_df&gt; -&gt; &lt;single_row_or_col_df_to_series&gt;$,
 $&lt;read_dict_or_list_from_json&gt; =&gt; &lt;list_to_set&gt;$,
 $&lt;read_dict_or_list_from_json&gt; =&gt; &lt;list_to_tuple&gt;$,
 $&lt;read_collection_from_yaml&gt; =&gt; &lt;dict_to_df&gt;$,
 $&lt;read_object_from_pickle&gt; =&gt; &lt;str_to_int&gt;$,
 $&lt;read_object_from_pickle&gt; =&gt; &lt;float_to_int&gt;$,
 $&lt;read_object_from_pickle&gt; =&gt; &lt;bool_to_int&gt;$,
 $&lt;read_object_from_pickle&gt; =&gt; &lt;str_to_float&gt;$,
 $&lt;read_object_from_pickle&gt; =&gt; &lt;int_to_float&gt;$,
 $&lt;read_object_from_pickle&gt; =&gt; &lt;bool_to_float&gt;$,
 $&lt;read_object_from_pickle&gt; =&gt; &lt;str_to_bool&gt;$,
 $&lt;read_object_from_pickle&gt; =&gt; &lt;int_to_bool&gt;$,
 $&lt;read_object_from_pickle&gt; =&gt; &lt;float_to_bool&gt;$,
 $&lt;read_object_from_pickle&gt; =&gt; &lt;int_to_string&gt;$,
 $&lt;read_object_from_pickle&gt; =&gt; &lt;float_to_string&gt;$,
 $&lt;read_object_from_pickle&gt; =&gt; &lt;bool_to_string&gt;$,
 $&lt;read_object_from_pickle&gt; =&gt; &lt;list_to_set&gt;$,
 $&lt;read_object_from_pickle&gt; =&gt; &lt;list_to_tuple&gt;$,
 $&lt;read_object_from_pickle&gt; =&gt; &lt;config_to_dict_of_dict&gt;$,
 $&lt;read_object_from_pickle&gt; =&gt; &lt;merge_all_config_sections_into_a_single_dict&gt;$,
 $&lt;read_object_from_pickle&gt; =&gt; &lt;single_row_or_col_df_to_dict&gt;$,
 $&lt;read_object_from_pickle&gt; =&gt; &lt;dict_to_df&gt;$,
 $&lt;read_object_from_pickle&gt; =&gt; &lt;single_row_or_col_df_to_series&gt;$,
 $Multifile Object parser (parsyfiles defaults) =&gt; &lt;str_to_int&gt;$,
 $Multifile Object parser (parsyfiles defaults) =&gt; &lt;float_to_int&gt;$,
 $Multifile Object parser (parsyfiles defaults) =&gt; &lt;bool_to_int&gt;$,
 $Multifile Object parser (parsyfiles defaults) =&gt; &lt;str_to_float&gt;$,
 $Multifile Object parser (parsyfiles defaults) =&gt; &lt;int_to_float&gt;$,
 $Multifile Object parser (parsyfiles defaults) =&gt; &lt;bool_to_float&gt;$,
 $Multifile Object parser (parsyfiles defaults) =&gt; &lt;str_to_bool&gt;$,
 $Multifile Object parser (parsyfiles defaults) =&gt; &lt;int_to_bool&gt;$,
 $Multifile Object parser (parsyfiles defaults) =&gt; &lt;float_to_bool&gt;$,
 $Multifile Object parser (parsyfiles defaults) =&gt; &lt;int_to_string&gt;$,
 $Multifile Object parser (parsyfiles defaults) =&gt; &lt;float_to_string&gt;$,
 $Multifile Object parser (parsyfiles defaults) =&gt; &lt;bool_to_string&gt;$,
 $Multifile Object parser (parsyfiles defaults) =&gt; &lt;list_to_set&gt;$,
 $Multifile Object parser (parsyfiles defaults) =&gt; &lt;list_to_tuple&gt;$,
 $Multifile Object parser (parsyfiles defaults) =&gt; &lt;config_to_dict_of_dict&gt;$,
 $Multifile Object parser (parsyfiles defaults) =&gt; &lt;merge_all_config_sections_into_a_single_dict&gt;$,
 $Multifile Object parser (parsyfiles defaults) =&gt; &lt;single_row_or_col_df_to_dict&gt;$,
 $Multifile Object parser (parsyfiles defaults) =&gt; &lt;dict_to_df&gt;$,
 $Multifile Object parser (parsyfiles defaults) =&gt; &lt;single_row_or_col_df_to_series&gt;$,
 $&lt;read_object_from_yaml&gt; =&gt; &lt;str_to_int&gt;$,
 $&lt;read_object_from_yaml&gt; =&gt; &lt;float_to_int&gt;$,
 $&lt;read_object_from_yaml&gt; =&gt; &lt;bool_to_int&gt;$,
 $&lt;read_object_from_yaml&gt; =&gt; &lt;str_to_float&gt;$,
 $&lt;read_object_from_yaml&gt; =&gt; &lt;int_to_float&gt;$,
 $&lt;read_object_from_yaml&gt; =&gt; &lt;bool_to_float&gt;$,
 $&lt;read_object_from_yaml&gt; =&gt; &lt;str_to_bool&gt;$,
 $&lt;read_object_from_yaml&gt; =&gt; &lt;int_to_bool&gt;$,
 $&lt;read_object_from_yaml&gt; =&gt; &lt;float_to_bool&gt;$,
 $&lt;read_object_from_yaml&gt; =&gt; &lt;int_to_string&gt;$,
 $&lt;read_object_from_yaml&gt; =&gt; &lt;float_to_string&gt;$,
 $&lt;read_object_from_yaml&gt; =&gt; &lt;bool_to_string&gt;$,
 $&lt;read_object_from_yaml&gt; =&gt; &lt;list_to_set&gt;$,
 $&lt;read_object_from_yaml&gt; =&gt; &lt;list_to_tuple&gt;$,
 $&lt;read_object_from_yaml&gt; =&gt; &lt;config_to_dict_of_dict&gt;$,
 $&lt;read_object_from_yaml&gt; =&gt; &lt;merge_all_config_sections_into_a_single_dict&gt;$,
 $&lt;read_object_from_yaml&gt; =&gt; &lt;single_row_or_col_df_to_dict&gt;$,
 $&lt;read_object_from_yaml&gt; =&gt; &lt;dict_to_df&gt;$,
 $&lt;read_object_from_yaml&gt; =&gt; &lt;single_row_or_col_df_to_series&gt;$,
 $&lt;read_str_from_txt&gt; =&gt; &lt;str_to_int&gt;$,
 $&lt;read_str_from_txt&gt; =&gt; &lt;str_to_float&gt;$,
 $&lt;read_str_from_txt&gt; =&gt; &lt;str_to_bool&gt;$,
 $&lt;read_dict_or_list_from_json&gt; =&gt; &lt;dict_to_df&gt;$,
 $&lt;read_config&gt; =&gt; &lt;config_to_dict_of_dict&gt;$,
 $&lt;read_config&gt; =&gt; &lt;merge_all_config_sections_into_a_single_dict&gt;$,
 $&lt;read_dict_from_properties&gt; =&gt; &lt;dict_to_df&gt;$,
 $&lt;read_collection_from_yaml&gt; =&gt; &lt;list_to_set&gt;$,
 $&lt;read_collection_from_yaml&gt; =&gt; &lt;list_to_tuple&gt;$,
 $&lt;read_dataframe_from_xls&gt; =&gt; &lt;single_row_or_col_df_to_dict&gt;$,
 $&lt;read_dataframe_from_xls&gt; =&gt; &lt;single_row_or_col_df_to_series&gt;$,
 $&lt;read_df_or_series_from_csv&gt; =&gt; &lt;single_row_or_col_df_to_dict&gt;$,
 $&lt;read_df_or_series_from_csv&gt; =&gt; &lt;single_row_or_col_df_to_series&gt;$,
 &lt;read_str_from_txt&gt;,
 &lt;read_dict_or_list_from_json&gt;,
 Multifile Collection parser (parsyfiles defaults),
 &lt;read_config&gt;,
 &lt;read_dict_from_properties&gt;,
 &lt;read_collection_from_yaml&gt;,
 &lt;read_dataframe_from_xls&gt;,
 &lt;read_df_or_series_from_csv&gt;]
</system-out></testcase><testcase classname="parsyfiles.tests.combining_parsers_converters.test_default_instance" file="parsyfiles/tests/combining_parsers_converters/test_default_instance.py" line="73" name="test_option_hints" time="0.08223843574523926"><system-out>Testing option hints for parsing chain
read_config: No declared option
config_to_dict_of_dict: No declared option
dict_to_object: No declared option

</system-out></testcase><testcase classname="parsyfiles.tests.combining_parsers_converters.test_default_instance" file="parsyfiles/tests/combining_parsers_converters/test_default_instance.py" line="81" name="test_get_all_conversion_chains" time="0.040431976318359375"><system-out>
22(generic) + 200(specific) Root parser converters:
([$&lt;config_to_dict_of_dict&gt; -&gt; &lt;dict_to_object&gt;$,
  $&lt;config_to_dict_of_dict&gt; -&gt; &lt;dict_of_dict_to_object&gt;$,
  $&lt;merge_all_config_sections_into_a_single_dict&gt; -&gt; &lt;dict_to_object&gt;$,
  $&lt;single_row_or_col_df_to_dict&gt; -&gt; &lt;dict_to_object&gt;$,
  $&lt;constructor_with_str_arg&gt;$,
  $&lt;base64_ascii_str_pickle_to_object&gt;$,
  $&lt;dict_of_dict_to_object&gt;$,
  $&lt;dict_to_object&gt;$,
  $&lt;construct_from_bool_&gt;$,
  $&lt;construct_from_int8&gt;$,
  $&lt;construct_from_int16&gt;$,
  $&lt;construct_from_int32&gt;$,
  $&lt;construct_from_int64&gt;$,
  $&lt;construct_from_uint8&gt;$,
  $&lt;construct_from_uint16&gt;$,
  $&lt;construct_from_uint32&gt;$,
  $&lt;construct_from_uint64&gt;$,
  $&lt;construct_from_float16&gt;$,
  $&lt;construct_from_float32&gt;$,
  $&lt;construct_from_float64&gt;$,
  $&lt;construct_from_complex64&gt;$,
  $&lt;construct_from_complex128&gt;$],
 [],
 [$&lt;config_to_dict_of_dict&gt; -&gt; &lt;dict_to_df&gt; -&gt; &lt;single_row_or_col_df_to_series&gt;$,
  $&lt;config_to_dict_of_dict&gt; -&gt; &lt;dict_to_df&gt;$,
  $&lt;merge_all_config_sections_into_a_single_dict&gt; -&gt; &lt;dict_to_df&gt; -&gt; &lt;single_row_or_col_df_to_series&gt;$,
  $&lt;base64_ascii_str_pickle_to_object&gt; -&gt; &lt;str_to_int&gt;$,
  $&lt;base64_ascii_str_pickle_to_object&gt; -&gt; &lt;float_to_int&gt;$,
  $&lt;base64_ascii_str_pickle_to_object&gt; -&gt; &lt;bool_to_int&gt;$,
  $&lt;base64_ascii_str_pickle_to_object&gt; -&gt; &lt;str_to_float&gt;$,
  $&lt;base64_ascii_str_pickle_to_object&gt; -&gt; &lt;int_to_float&gt;$,
  $&lt;base64_ascii_str_pickle_to_object&gt; -&gt; &lt;bool_to_float&gt;$,
  $&lt;base64_ascii_str_pickle_to_object&gt; -&gt; &lt;str_to_bool&gt;$,
  $&lt;base64_ascii_str_pickle_to_object&gt; -&gt; &lt;int_to_bool&gt;$,
  $&lt;base64_ascii_str_pickle_to_object&gt; -&gt; &lt;float_to_bool&gt;$,
  $&lt;base64_ascii_str_pickle_to_object&gt; -&gt; &lt;int_to_string&gt;$,
  $&lt;base64_ascii_str_pickle_to_object&gt; -&gt; &lt;float_to_string&gt;$,
  $&lt;base64_ascii_str_pickle_to_object&gt; -&gt; &lt;bool_to_string&gt;$,
  $&lt;base64_ascii_str_pickle_to_object&gt; -&gt; &lt;list_to_set&gt;$,
  $&lt;base64_ascii_str_pickle_to_object&gt; -&gt; &lt;list_to_tuple&gt;$,
  $&lt;construct_from_bool_&gt; -&gt; &lt;str_to_int&gt;$,
  $&lt;construct_from_bool_&gt; -&gt; &lt;float_to_int&gt;$,
  $&lt;construct_from_bool_&gt; -&gt; &lt;bool_to_int&gt;$,
  $&lt;construct_from_bool_&gt; -&gt; &lt;str_to_float&gt;$,
  $&lt;construct_from_bool_&gt; -&gt; &lt;int_to_float&gt;$,
  $&lt;construct_from_bool_&gt; -&gt; &lt;bool_to_float&gt;$,
  $&lt;construct_from_bool_&gt; -&gt; &lt;str_to_bool&gt;$,
  $&lt;construct_from_bool_&gt; -&gt; &lt;int_to_bool&gt;$,
  $&lt;construct_from_bool_&gt; -&gt; &lt;float_to_bool&gt;$,
  $&lt;construct_from_bool_&gt; -&gt; &lt;int_to_string&gt;$,
  $&lt;construct_from_bool_&gt; -&gt; &lt;float_to_string&gt;$,
  $&lt;construct_from_bool_&gt; -&gt; &lt;bool_to_string&gt;$,
  $&lt;construct_from_int8&gt; -&gt; &lt;str_to_int&gt;$,
  $&lt;construct_from_int8&gt; -&gt; &lt;float_to_int&gt;$,
  $&lt;construct_from_int8&gt; -&gt; &lt;bool_to_int&gt;$,
  $&lt;construct_from_int8&gt; -&gt; &lt;str_to_float&gt;$,
  $&lt;construct_from_int8&gt; -&gt; &lt;int_to_float&gt;$,
  $&lt;construct_from_int8&gt; -&gt; &lt;bool_to_float&gt;$,
  $&lt;construct_from_int8&gt; -&gt; &lt;str_to_bool&gt;$,
  $&lt;construct_from_int8&gt; -&gt; &lt;int_to_bool&gt;$,
  $&lt;construct_from_int8&gt; -&gt; &lt;float_to_bool&gt;$,
  $&lt;construct_from_int8&gt; -&gt; &lt;int_to_string&gt;$,
  $&lt;construct_from_int8&gt; -&gt; &lt;float_to_string&gt;$,
  $&lt;construct_from_int8&gt; -&gt; &lt;bool_to_string&gt;$,
  $&lt;construct_from_int16&gt; -&gt; &lt;str_to_int&gt;$,
  $&lt;construct_from_int16&gt; -&gt; &lt;float_to_int&gt;$,
  $&lt;construct_from_int16&gt; -&gt; &lt;bool_to_int&gt;$,
  $&lt;construct_from_int16&gt; -&gt; &lt;str_to_float&gt;$,
  $&lt;construct_from_int16&gt; -&gt; &lt;int_to_float&gt;$,
  $&lt;construct_from_int16&gt; -&gt; &lt;bool_to_float&gt;$,
  $&lt;construct_from_int16&gt; -&gt; &lt;str_to_bool&gt;$,
  $&lt;construct_from_int16&gt; -&gt; &lt;int_to_bool&gt;$,
  $&lt;construct_from_int16&gt; -&gt; &lt;float_to_bool&gt;$,
  $&lt;construct_from_int16&gt; -&gt; &lt;int_to_string&gt;$,
  $&lt;construct_from_int16&gt; -&gt; &lt;float_to_string&gt;$,
  $&lt;construct_from_int16&gt; -&gt; &lt;bool_to_string&gt;$,
  $&lt;construct_from_int32&gt; -&gt; &lt;str_to_int&gt;$,
  $&lt;construct_from_int32&gt; -&gt; &lt;float_to_int&gt;$,
  $&lt;construct_from_int32&gt; -&gt; &lt;bool_to_int&gt;$,
  $&lt;construct_from_int32&gt; -&gt; &lt;str_to_float&gt;$,
  $&lt;construct_from_int32&gt; -&gt; &lt;int_to_float&gt;$,
  $&lt;construct_from_int32&gt; -&gt; &lt;bool_to_float&gt;$,
  $&lt;construct_from_int32&gt; -&gt; &lt;str_to_bool&gt;$,
  $&lt;construct_from_int32&gt; -&gt; &lt;int_to_bool&gt;$,
  $&lt;construct_from_int32&gt; -&gt; &lt;float_to_bool&gt;$,
  $&lt;construct_from_int32&gt; -&gt; &lt;int_to_string&gt;$,
  $&lt;construct_from_int32&gt; -&gt; &lt;float_to_string&gt;$,
  $&lt;construct_from_int32&gt; -&gt; &lt;bool_to_string&gt;$,
  $&lt;construct_from_int64&gt; -&gt; &lt;str_to_int&gt;$,
  $&lt;construct_from_int64&gt; -&gt; &lt;float_to_int&gt;$,
  $&lt;construct_from_int64&gt; -&gt; &lt;bool_to_int&gt;$,
  $&lt;construct_from_int64&gt; -&gt; &lt;str_to_float&gt;$,
  $&lt;construct_from_int64&gt; -&gt; &lt;int_to_float&gt;$,
  $&lt;construct_from_int64&gt; -&gt; &lt;bool_to_float&gt;$,
  $&lt;construct_from_int64&gt; -&gt; &lt;str_to_bool&gt;$,
  $&lt;construct_from_int64&gt; -&gt; &lt;int_to_bool&gt;$,
  $&lt;construct_from_int64&gt; -&gt; &lt;float_to_bool&gt;$,
  $&lt;construct_from_int64&gt; -&gt; &lt;int_to_string&gt;$,
  $&lt;construct_from_int64&gt; -&gt; &lt;float_to_string&gt;$,
  $&lt;construct_from_int64&gt; -&gt; &lt;bool_to_string&gt;$,
  $&lt;construct_from_uint8&gt; -&gt; &lt;str_to_int&gt;$,
  $&lt;construct_from_uint8&gt; -&gt; &lt;float_to_int&gt;$,
  $&lt;construct_from_uint8&gt; -&gt; &lt;bool_to_int&gt;$,
  $&lt;construct_from_uint8&gt; -&gt; &lt;str_to_float&gt;$,
  $&lt;construct_from_uint8&gt; -&gt; &lt;int_to_float&gt;$,
  $&lt;construct_from_uint8&gt; -&gt; &lt;bool_to_float&gt;$,
  $&lt;construct_from_uint8&gt; -&gt; &lt;str_to_bool&gt;$,
  $&lt;construct_from_uint8&gt; -&gt; &lt;int_to_bool&gt;$,
  $&lt;construct_from_uint8&gt; -&gt; &lt;float_to_bool&gt;$,
  $&lt;construct_from_uint8&gt; -&gt; &lt;int_to_string&gt;$,
  $&lt;construct_from_uint8&gt; -&gt; &lt;float_to_string&gt;$,
  $&lt;construct_from_uint8&gt; -&gt; &lt;bool_to_string&gt;$,
  $&lt;construct_from_uint16&gt; -&gt; &lt;str_to_int&gt;$,
  $&lt;construct_from_uint16&gt; -&gt; &lt;float_to_int&gt;$,
  $&lt;construct_from_uint16&gt; -&gt; &lt;bool_to_int&gt;$,
  $&lt;construct_from_uint16&gt; -&gt; &lt;str_to_float&gt;$,
  $&lt;construct_from_uint16&gt; -&gt; &lt;int_to_float&gt;$,
  $&lt;construct_from_uint16&gt; -&gt; &lt;bool_to_float&gt;$,
  $&lt;construct_from_uint16&gt; -&gt; &lt;str_to_bool&gt;$,
  $&lt;construct_from_uint16&gt; -&gt; &lt;int_to_bool&gt;$,
  $&lt;construct_from_uint16&gt; -&gt; &lt;float_to_bool&gt;$,
  $&lt;construct_from_uint16&gt; -&gt; &lt;int_to_string&gt;$,
  $&lt;construct_from_uint16&gt; -&gt; &lt;float_to_string&gt;$,
  $&lt;construct_from_uint16&gt; -&gt; &lt;bool_to_string&gt;$,
  $&lt;construct_from_uint32&gt; -&gt; &lt;str_to_int&gt;$,
  $&lt;construct_from_uint32&gt; -&gt; &lt;float_to_int&gt;$,
  $&lt;construct_from_uint32&gt; -&gt; &lt;bool_to_int&gt;$,
  $&lt;construct_from_uint32&gt; -&gt; &lt;str_to_float&gt;$,
  $&lt;construct_from_uint32&gt; -&gt; &lt;int_to_float&gt;$,
  $&lt;construct_from_uint32&gt; -&gt; &lt;bool_to_float&gt;$,
  $&lt;construct_from_uint32&gt; -&gt; &lt;str_to_bool&gt;$,
  $&lt;construct_from_uint32&gt; -&gt; &lt;int_to_bool&gt;$,
  $&lt;construct_from_uint32&gt; -&gt; &lt;float_to_bool&gt;$,
  $&lt;construct_from_uint32&gt; -&gt; &lt;int_to_string&gt;$,
  $&lt;construct_from_uint32&gt; -&gt; &lt;float_to_string&gt;$,
  $&lt;construct_from_uint32&gt; -&gt; &lt;bool_to_string&gt;$,
  $&lt;construct_from_uint64&gt; -&gt; &lt;str_to_int&gt;$,
  $&lt;construct_from_uint64&gt; -&gt; &lt;float_to_int&gt;$,
  $&lt;construct_from_uint64&gt; -&gt; &lt;bool_to_int&gt;$,
  $&lt;construct_from_uint64&gt; -&gt; &lt;str_to_float&gt;$,
  $&lt;construct_from_uint64&gt; -&gt; &lt;int_to_float&gt;$,
  $&lt;construct_from_uint64&gt; -&gt; &lt;bool_to_float&gt;$,
  $&lt;construct_from_uint64&gt; -&gt; &lt;str_to_bool&gt;$,
  $&lt;construct_from_uint64&gt; -&gt; &lt;int_to_bool&gt;$,
  $&lt;construct_from_uint64&gt; -&gt; &lt;float_to_bool&gt;$,
  $&lt;construct_from_uint64&gt; -&gt; &lt;int_to_string&gt;$,
  $&lt;construct_from_uint64&gt; -&gt; &lt;float_to_string&gt;$,
  $&lt;construct_from_uint64&gt; -&gt; &lt;bool_to_string&gt;$,
  $&lt;construct_from_float16&gt; -&gt; &lt;str_to_int&gt;$,
  $&lt;construct_from_float16&gt; -&gt; &lt;float_to_int&gt;$,
  $&lt;construct_from_float16&gt; -&gt; &lt;bool_to_int&gt;$,
  $&lt;construct_from_float16&gt; -&gt; &lt;str_to_float&gt;$,
  $&lt;construct_from_float16&gt; -&gt; &lt;int_to_float&gt;$,
  $&lt;construct_from_float16&gt; -&gt; &lt;bool_to_float&gt;$,
  $&lt;construct_from_float16&gt; -&gt; &lt;str_to_bool&gt;$,
  $&lt;construct_from_float16&gt; -&gt; &lt;int_to_bool&gt;$,
  $&lt;construct_from_float16&gt; -&gt; &lt;float_to_bool&gt;$,
  $&lt;construct_from_float16&gt; -&gt; &lt;int_to_string&gt;$,
  $&lt;construct_from_float16&gt; -&gt; &lt;float_to_string&gt;$,
  $&lt;construct_from_float16&gt; -&gt; &lt;bool_to_string&gt;$,
  $&lt;construct_from_float32&gt; -&gt; &lt;str_to_int&gt;$,
  $&lt;construct_from_float32&gt; -&gt; &lt;float_to_int&gt;$,
  $&lt;construct_from_float32&gt; -&gt; &lt;bool_to_int&gt;$,
  $&lt;construct_from_float32&gt; -&gt; &lt;str_to_float&gt;$,
  $&lt;construct_from_float32&gt; -&gt; &lt;int_to_float&gt;$,
  $&lt;construct_from_float32&gt; -&gt; &lt;bool_to_float&gt;$,
  $&lt;construct_from_float32&gt; -&gt; &lt;str_to_bool&gt;$,
  $&lt;construct_from_float32&gt; -&gt; &lt;int_to_bool&gt;$,
  $&lt;construct_from_float32&gt; -&gt; &lt;float_to_bool&gt;$,
  $&lt;construct_from_float32&gt; -&gt; &lt;int_to_string&gt;$,
  $&lt;construct_from_float32&gt; -&gt; &lt;float_to_string&gt;$,
  $&lt;construct_from_float32&gt; -&gt; &lt;bool_to_string&gt;$,
  $&lt;construct_from_float64&gt; -&gt; &lt;str_to_int&gt;$,
  $&lt;construct_from_float64&gt; -&gt; &lt;bool_to_int&gt;$,
  $&lt;construct_from_float64&gt; -&gt; &lt;str_to_bool&gt;$,
  $&lt;construct_from_float64&gt; -&gt; &lt;int_to_bool&gt;$,
  $&lt;construct_from_float64&gt; -&gt; &lt;int_to_string&gt;$,
  $&lt;construct_from_float64&gt; -&gt; &lt;bool_to_string&gt;$,
  $&lt;construct_from_complex64&gt; -&gt; &lt;str_to_int&gt;$,
  $&lt;construct_from_complex64&gt; -&gt; &lt;float_to_int&gt;$,
  $&lt;construct_from_complex64&gt; -&gt; &lt;bool_to_int&gt;$,
  $&lt;construct_from_complex64&gt; -&gt; &lt;str_to_float&gt;$,
  $&lt;construct_from_complex64&gt; -&gt; &lt;int_to_float&gt;$,
  $&lt;construct_from_complex64&gt; -&gt; &lt;bool_to_float&gt;$,
  $&lt;construct_from_complex64&gt; -&gt; &lt;str_to_bool&gt;$,
  $&lt;construct_from_complex64&gt; -&gt; &lt;int_to_bool&gt;$,
  $&lt;construct_from_complex64&gt; -&gt; &lt;float_to_bool&gt;$,
  $&lt;construct_from_complex64&gt; -&gt; &lt;int_to_string&gt;$,
  $&lt;construct_from_complex64&gt; -&gt; &lt;float_to_string&gt;$,
  $&lt;construct_from_complex64&gt; -&gt; &lt;bool_to_string&gt;$,
  $&lt;construct_from_complex128&gt; -&gt; &lt;str_to_int&gt;$,
  $&lt;construct_from_complex128&gt; -&gt; &lt;float_to_int&gt;$,
  $&lt;construct_from_complex128&gt; -&gt; &lt;bool_to_int&gt;$,
  $&lt;construct_from_complex128&gt; -&gt; &lt;str_to_float&gt;$,
  $&lt;construct_from_complex128&gt; -&gt; &lt;int_to_float&gt;$,
  $&lt;construct_from_complex128&gt; -&gt; &lt;bool_to_float&gt;$,
  $&lt;construct_from_complex128&gt; -&gt; &lt;str_to_bool&gt;$,
  $&lt;construct_from_complex128&gt; -&gt; &lt;int_to_bool&gt;$,
  $&lt;construct_from_complex128&gt; -&gt; &lt;float_to_bool&gt;$,
  $&lt;construct_from_complex128&gt; -&gt; &lt;int_to_string&gt;$,
  $&lt;construct_from_complex128&gt; -&gt; &lt;float_to_string&gt;$,
  $&lt;construct_from_complex128&gt; -&gt; &lt;bool_to_string&gt;$,
  $&lt;merge_all_config_sections_into_a_single_dict&gt; -&gt; &lt;dict_to_df&gt;$,
  $&lt;dict_to_df&gt; -&gt; &lt;single_row_or_col_df_to_series&gt;$,
  $&lt;str_to_int&gt;$,
  $&lt;float_to_int&gt;$,
  $&lt;bool_to_int&gt;$,
  $&lt;str_to_float&gt;$,
  $&lt;int_to_float&gt;$,
  $&lt;bool_to_float&gt;$,
  $&lt;str_to_bool&gt;$,
  $&lt;int_to_bool&gt;$,
  $&lt;float_to_bool&gt;$,
  $&lt;int_to_string&gt;$,
  $&lt;float_to_string&gt;$,
  $&lt;bool_to_string&gt;$,
  $&lt;list_to_set&gt;$,
  $&lt;list_to_tuple&gt;$,
  $&lt;config_to_dict_of_dict&gt;$,
  $&lt;merge_all_config_sections_into_a_single_dict&gt;$,
  $&lt;single_row_or_col_df_to_dict&gt;$,
  $&lt;dict_to_df&gt;$,
  $&lt;single_row_or_col_df_to_series&gt;$])
</system-out></testcase><testcase classname="parsyfiles.tests.combining_parsers_converters.test_default_instance" file="parsyfiles/tests/combining_parsers_converters/test_default_instance.py" line="101" name="test_get_all_supported_exts" time="0.0826101303100586"><system-out>
13 Root parser supported extensions:
{&apos;.cfg&apos;,
 &apos;.csv&apos;,
 &apos;.ini&apos;,
 &apos;.json&apos;,
 &apos;.properties&apos;,
 &apos;.pyc&apos;,
 &apos;.txt&apos;,
 &apos;.xls&apos;,
 &apos;.xlsm&apos;,
 &apos;.xlsx&apos;,
 &apos;.yaml&apos;,
 &apos;.yml&apos;,
 &apos;&lt;multifile&gt;&apos;}
</system-out></testcase><testcase classname="parsyfiles.tests.combining_parsers_converters.test_default_instance" file="parsyfiles/tests/combining_parsers_converters/test_default_instance.py" line="113" name="test_get_all_supported_types_pretty_str" time="0.10131311416625977"><system-out>
15 Root parser supported types:
{&apos;AnyObject&apos;,
 &apos;ConfigParser&apos;,
 &apos;DataFrame&apos;,
 &apos;Dict&apos;,
 &apos;DictOfDict&apos;,
 &apos;List&apos;,
 &apos;Series&apos;,
 &apos;Set&apos;,
 &apos;Tuple&apos;,
 &apos;bool&apos;,
 &apos;dict&apos;,
 &apos;float&apos;,
 &apos;int&apos;,
 &apos;list&apos;,
 &apos;str&apos;}
</system-out></testcase><testcase classname="parsyfiles.tests.combining_parsers_converters.test_default_instance" file="parsyfiles/tests/combining_parsers_converters/test_default_instance.py" line="124" name="test_print_and_get_capabilities_by_ext" time="1.6152479648590088"><system-out>
13 Root parser capabilities by ext:

Capabilities by file extension: 
{&apos;.cfg&apos;: {&apos;AnyObject&apos;: {&apos;1_exact_match&apos;: [$&lt;read_config&gt; =&gt; &lt;merge_all_config_sections_into_a_single_dict&gt; -&gt; &lt;dict_to_object&gt;$,
                                          $&lt;read_config&gt; =&gt; &lt;config_to_dict_of_dict&gt; -&gt; &lt;dict_of_dict_to_object&gt;$,
                                          $&lt;read_config&gt; =&gt; &lt;config_to_dict_of_dict&gt; -&gt; &lt;dict_to_object&gt;$]},
          &apos;ConfigParser&apos;: {&apos;1_exact_match&apos;: [&lt;read_config&gt;]},
          &apos;DataFrame&apos;: {&apos;1_exact_match&apos;: [$&lt;read_config&gt; =&gt; &lt;merge_all_config_sections_into_a_single_dict&gt; -&gt; &lt;dict_to_df&gt;$,
                                          $&lt;read_config&gt; =&gt; &lt;config_to_dict_of_dict&gt; -&gt; &lt;dict_to_df&gt;$]},
          &apos;DictOfDict&apos;: {&apos;1_exact_match&apos;: [$&lt;read_config&gt; =&gt; &lt;config_to_dict_of_dict&gt;$]},
          &apos;Series&apos;: {&apos;1_exact_match&apos;: [$&lt;read_config&gt; =&gt; &lt;merge_all_config_sections_into_a_single_dict&gt; -&gt; &lt;dict_to_df&gt; -&gt; &lt;single_row_or_col_df_to_series&gt;$,
                                       $&lt;read_config&gt; =&gt; &lt;config_to_dict_of_dict&gt; -&gt; &lt;dict_to_df&gt; -&gt; &lt;single_row_or_col_df_to_series&gt;$]},
          &apos;dict&apos;: {&apos;1_exact_match&apos;: [$&lt;read_config&gt; =&gt; &lt;merge_all_config_sections_into_a_single_dict&gt;$],
                   &apos;2_approx_match&apos;: [$&lt;read_config&gt; =&gt; &lt;config_to_dict_of_dict&gt;$]}},
 &apos;.csv&apos;: {&apos;AnyObject&apos;: {&apos;1_exact_match&apos;: [$&lt;read_df_or_series_from_csv&gt; =&gt; &lt;single_row_or_col_df_to_dict&gt; -&gt; &lt;dict_to_object&gt;$]},
          &apos;DataFrame&apos;: {&apos;1_exact_match&apos;: [&lt;read_df_or_series_from_csv&gt;]},
          &apos;Series&apos;: {&apos;1_exact_match&apos;: [&lt;read_df_or_series_from_csv&gt;]},
          &apos;dict&apos;: {&apos;1_exact_match&apos;: [$&lt;read_df_or_series_from_csv&gt; =&gt; &lt;single_row_or_col_df_to_dict&gt;$]}},
 &apos;.ini&apos;: {&apos;AnyObject&apos;: {&apos;1_exact_match&apos;: [$&lt;read_config&gt; =&gt; &lt;merge_all_config_sections_into_a_single_dict&gt; -&gt; &lt;dict_to_object&gt;$,
                                          $&lt;read_config&gt; =&gt; &lt;config_to_dict_of_dict&gt; -&gt; &lt;dict_of_dict_to_object&gt;$,
                                          $&lt;read_config&gt; =&gt; &lt;config_to_dict_of_dict&gt; -&gt; &lt;dict_to_object&gt;$]},
          &apos;ConfigParser&apos;: {&apos;1_exact_match&apos;: [&lt;read_config&gt;]},
          &apos;DataFrame&apos;: {&apos;1_exact_match&apos;: [$&lt;read_config&gt; =&gt; &lt;merge_all_config_sections_into_a_single_dict&gt; -&gt; &lt;dict_to_df&gt;$,
                                          $&lt;read_config&gt; =&gt; &lt;config_to_dict_of_dict&gt; -&gt; &lt;dict_to_df&gt;$]},
          &apos;DictOfDict&apos;: {&apos;1_exact_match&apos;: [$&lt;read_config&gt; =&gt; &lt;config_to_dict_of_dict&gt;$]},
          &apos;Series&apos;: {&apos;1_exact_match&apos;: [$&lt;read_config&gt; =&gt; &lt;merge_all_config_sections_into_a_single_dict&gt; -&gt; &lt;dict_to_df&gt; -&gt; &lt;single_row_or_col_df_to_series&gt;$,
                                       $&lt;read_config&gt; =&gt; &lt;config_to_dict_of_dict&gt; -&gt; &lt;dict_to_df&gt; -&gt; &lt;single_row_or_col_df_to_series&gt;$]},
          &apos;dict&apos;: {&apos;1_exact_match&apos;: [$&lt;read_config&gt; =&gt; &lt;merge_all_config_sections_into_a_single_dict&gt;$],
                   &apos;2_approx_match&apos;: [$&lt;read_config&gt; =&gt; &lt;config_to_dict_of_dict&gt;$]}},
 &apos;.json&apos;: {&apos;AnyObject&apos;: {&apos;1_exact_match&apos;: [$&lt;read_dict_or_list_from_json&gt; =&gt; &lt;dict_to_object&gt;$]},
           &apos;DataFrame&apos;: {&apos;1_exact_match&apos;: [$&lt;read_dict_or_list_from_json&gt; =&gt; &lt;dict_to_df&gt;$]},
           &apos;Series&apos;: {&apos;1_exact_match&apos;: [$&lt;read_dict_or_list_from_json&gt; =&gt; &lt;dict_to_df&gt; -&gt; &lt;single_row_or_col_df_to_series&gt;$]},
           &apos;Set&apos;: {&apos;1_exact_match&apos;: [$&lt;read_dict_or_list_from_json&gt; =&gt; &lt;list_to_set&gt;$]},
           &apos;Tuple&apos;: {&apos;1_exact_match&apos;: [$&lt;read_dict_or_list_from_json&gt; =&gt; &lt;list_to_tuple&gt;$]},
           &apos;dict&apos;: {&apos;1_exact_match&apos;: [&lt;read_dict_or_list_from_json&gt;]},
           &apos;list&apos;: {&apos;1_exact_match&apos;: [&lt;read_dict_or_list_from_json&gt;]}},
 &apos;.properties&apos;: {&apos;AnyObject&apos;: {&apos;1_exact_match&apos;: [$&lt;read_dict_from_properties&gt; =&gt; &lt;dict_to_object&gt;$]},
                 &apos;DataFrame&apos;: {&apos;1_exact_match&apos;: [$&lt;read_dict_from_properties&gt; =&gt; &lt;dict_to_df&gt;$]},
                 &apos;Series&apos;: {&apos;1_exact_match&apos;: [$&lt;read_dict_from_properties&gt; =&gt; &lt;dict_to_df&gt; -&gt; &lt;single_row_or_col_df_to_series&gt;$]},
                 &apos;dict&apos;: {&apos;1_exact_match&apos;: [&lt;read_dict_from_properties&gt;]}},
 &apos;.pyc&apos;: {&apos;AnyObject&apos;: {&apos;1_exact_match&apos;: [&lt;read_object_from_pickle&gt;]},
          &apos;DataFrame&apos;: {&apos;1_exact_match&apos;: [$&lt;read_object_from_pickle&gt; =&gt; &lt;dict_to_df&gt;$,
                                          $&lt;read_object_from_pickle&gt; =&gt; &lt;merge_all_config_sections_into_a_single_dict&gt; -&gt; &lt;dict_to_df&gt;$,
                                          $&lt;read_object_from_pickle&gt; =&gt; &lt;config_to_dict_of_dict&gt; -&gt; &lt;dict_to_df&gt;$],
                        &apos;3_generic&apos;: [&lt;read_object_from_pickle&gt;]},
          &apos;DictOfDict&apos;: {&apos;1_exact_match&apos;: [$&lt;read_object_from_pickle&gt; =&gt; &lt;config_to_dict_of_dict&gt;$],
                         &apos;3_generic&apos;: [&lt;read_object_from_pickle&gt;]},
          &apos;Series&apos;: {&apos;1_exact_match&apos;: [$&lt;read_object_from_pickle&gt; =&gt; &lt;single_row_or_col_df_to_series&gt;$,
                                       $&lt;read_object_from_pickle&gt; =&gt; &lt;dict_to_df&gt; -&gt; &lt;single_row_or_col_df_to_series&gt;$,
                                       $&lt;read_object_from_pickle&gt; =&gt; &lt;merge_all_config_sections_into_a_single_dict&gt; -&gt; &lt;dict_to_df&gt; -&gt; &lt;single_row_or_col_df_to_series&gt;$,
                                       $&lt;read_object_from_pickle&gt; =&gt; &lt;config_to_dict_of_dict&gt; -&gt; &lt;dict_to_df&gt; -&gt; &lt;single_row_or_col_df_to_series&gt;$],
                     &apos;3_generic&apos;: [&lt;read_object_from_pickle&gt;]},
          &apos;Set&apos;: {&apos;1_exact_match&apos;: [$&lt;read_object_from_pickle&gt; =&gt; &lt;list_to_set&gt;$],
                  &apos;3_generic&apos;: [&lt;read_object_from_pickle&gt;]},
          &apos;Tuple&apos;: {&apos;1_exact_match&apos;: [$&lt;read_object_from_pickle&gt; =&gt; &lt;list_to_tuple&gt;$],
                    &apos;3_generic&apos;: [&lt;read_object_from_pickle&gt;]},
          &apos;bool&apos;: {&apos;1_exact_match&apos;: [$&lt;read_object_from_pickle&gt; =&gt; &lt;float_to_bool&gt;$,
                                     $&lt;read_object_from_pickle&gt; =&gt; &lt;int_to_bool&gt;$,
                                     $&lt;read_object_from_pickle&gt; =&gt; &lt;str_to_bool&gt;$],
                   &apos;3_generic&apos;: [&lt;read_object_from_pickle&gt;]},
          &apos;dict&apos;: {&apos;1_exact_match&apos;: [$&lt;read_object_from_pickle&gt; =&gt; &lt;single_row_or_col_df_to_dict&gt;$,
                                     $&lt;read_object_from_pickle&gt; =&gt; &lt;merge_all_config_sections_into_a_single_dict&gt;$],
                   &apos;2_approx_match&apos;: [$&lt;read_object_from_pickle&gt; =&gt; &lt;config_to_dict_of_dict&gt;$],
                   &apos;3_generic&apos;: [&lt;read_object_from_pickle&gt;]},
          &apos;float&apos;: {&apos;1_exact_match&apos;: [$&lt;read_object_from_pickle&gt; =&gt; &lt;bool_to_float&gt;$,
                                      $&lt;read_object_from_pickle&gt; =&gt; &lt;int_to_float&gt;$,
                                      $&lt;read_object_from_pickle&gt; =&gt; &lt;str_to_float&gt;$],
                    &apos;3_generic&apos;: [&lt;read_object_from_pickle&gt;]},
          &apos;int&apos;: {&apos;1_exact_match&apos;: [$&lt;read_object_from_pickle&gt; =&gt; &lt;bool_to_int&gt;$,
                                    $&lt;read_object_from_pickle&gt; =&gt; &lt;float_to_int&gt;$,
                                    $&lt;read_object_from_pickle&gt; =&gt; &lt;str_to_int&gt;$],
                  &apos;2_approx_match&apos;: [$&lt;read_object_from_pickle&gt; =&gt; &lt;float_to_bool&gt;$,
                                     $&lt;read_object_from_pickle&gt; =&gt; &lt;int_to_bool&gt;$,
                                     $&lt;read_object_from_pickle&gt; =&gt; &lt;str_to_bool&gt;$],
                  &apos;3_generic&apos;: [&lt;read_object_from_pickle&gt;]},
          &apos;str&apos;: {&apos;1_exact_match&apos;: [$&lt;read_object_from_pickle&gt; =&gt; &lt;bool_to_string&gt;$,
                                    $&lt;read_object_from_pickle&gt; =&gt; &lt;float_to_string&gt;$,
                                    $&lt;read_object_from_pickle&gt; =&gt; &lt;int_to_string&gt;$],
                  &apos;3_generic&apos;: [&lt;read_object_from_pickle&gt;]}},
 &apos;.txt&apos;: {&apos;AnyObject&apos;: {&apos;1_exact_match&apos;: [$&lt;read_dict_from_properties&gt; =&gt; &lt;dict_to_object&gt;$,
                                          $&lt;read_str_from_txt&gt; =&gt; &lt;constructor_with_str_arg&gt;$,
                                          $&lt;read_str_from_txt&gt; =&gt; &lt;base64_ascii_str_pickle_to_object&gt;$,
                                          $&lt;read_df_or_series_from_csv&gt; =&gt; &lt;single_row_or_col_df_to_dict&gt; -&gt; &lt;dict_to_object&gt;$]},
          &apos;DataFrame&apos;: {&apos;1_exact_match&apos;: [&lt;read_df_or_series_from_csv&gt;,
                                          $&lt;read_dict_from_properties&gt; =&gt; &lt;dict_to_df&gt;$],
                        &apos;3_generic&apos;: [$&lt;read_str_from_txt&gt; =&gt; &lt;constructor_with_str_arg&gt;$,
                                      $&lt;read_str_from_txt&gt; =&gt; &lt;base64_ascii_str_pickle_to_object&gt;$]},
          &apos;Series&apos;: {&apos;1_exact_match&apos;: [&lt;read_df_or_series_from_csv&gt;,
                                       $&lt;read_dict_from_properties&gt; =&gt; &lt;dict_to_df&gt; -&gt; &lt;single_row_or_col_df_to_series&gt;$],
                     &apos;3_generic&apos;: [$&lt;read_str_from_txt&gt; =&gt; &lt;constructor_with_str_arg&gt;$,
                                   $&lt;read_str_from_txt&gt; =&gt; &lt;base64_ascii_str_pickle_to_object&gt;$]},
          &apos;Set&apos;: {&apos;1_exact_match&apos;: [$&lt;read_str_from_txt&gt; =&gt; &lt;base64_ascii_str_pickle_to_object&gt; -&gt; &lt;list_to_set&gt;$],
                  &apos;3_generic&apos;: [$&lt;read_str_from_txt&gt; =&gt; &lt;constructor_with_str_arg&gt;$,
                                $&lt;read_str_from_txt&gt; =&gt; &lt;base64_ascii_str_pickle_to_object&gt;$]},
          &apos;Tuple&apos;: {&apos;1_exact_match&apos;: [$&lt;read_str_from_txt&gt; =&gt; &lt;base64_ascii_str_pickle_to_object&gt; -&gt; &lt;list_to_tuple&gt;$],
                    &apos;3_generic&apos;: [$&lt;read_str_from_txt&gt; =&gt; &lt;constructor_with_str_arg&gt;$,
                                  $&lt;read_str_from_txt&gt; =&gt; &lt;base64_ascii_str_pickle_to_object&gt;$]},
          &apos;bool&apos;: {&apos;1_exact_match&apos;: [$&lt;read_str_from_txt&gt; =&gt; &lt;str_to_bool&gt;$,
                                     $&lt;read_str_from_txt&gt; =&gt; &lt;base64_ascii_str_pickle_to_object&gt; -&gt; &lt;float_to_bool&gt;$,
                                     $&lt;read_str_from_txt&gt; =&gt; &lt;base64_ascii_str_pickle_to_object&gt; -&gt; &lt;int_to_bool&gt;$,
                                     $&lt;read_str_from_txt&gt; =&gt; &lt;base64_ascii_str_pickle_to_object&gt; -&gt; &lt;str_to_bool&gt;$],
                   &apos;3_generic&apos;: [$&lt;read_str_from_txt&gt; =&gt; &lt;base64_ascii_str_pickle_to_object&gt;$]},
          &apos;dict&apos;: {&apos;1_exact_match&apos;: [&lt;read_dict_from_properties&gt;,
                                     $&lt;read_df_or_series_from_csv&gt; =&gt; &lt;single_row_or_col_df_to_dict&gt;$],
                   &apos;3_generic&apos;: [$&lt;read_str_from_txt&gt; =&gt; &lt;constructor_with_str_arg&gt;$,
                                 $&lt;read_str_from_txt&gt; =&gt; &lt;base64_ascii_str_pickle_to_object&gt;$]},
          &apos;float&apos;: {&apos;1_exact_match&apos;: [$&lt;read_str_from_txt&gt; =&gt; &lt;str_to_float&gt;$,
                                      $&lt;read_str_from_txt&gt; =&gt; &lt;base64_ascii_str_pickle_to_object&gt; -&gt; &lt;bool_to_float&gt;$,
                                      $&lt;read_str_from_txt&gt; =&gt; &lt;base64_ascii_str_pickle_to_object&gt; -&gt; &lt;int_to_float&gt;$,
                                      $&lt;read_str_from_txt&gt; =&gt; &lt;base64_ascii_str_pickle_to_object&gt; -&gt; &lt;str_to_float&gt;$],
                    &apos;3_generic&apos;: [$&lt;read_str_from_txt&gt; =&gt; &lt;base64_ascii_str_pickle_to_object&gt;$]},
          &apos;int&apos;: {&apos;1_exact_match&apos;: [$&lt;read_str_from_txt&gt; =&gt; &lt;str_to_int&gt;$,
                                    $&lt;read_str_from_txt&gt; =&gt; &lt;base64_ascii_str_pickle_to_object&gt; -&gt; &lt;bool_to_int&gt;$,
                                    $&lt;read_str_from_txt&gt; =&gt; &lt;base64_ascii_str_pickle_to_object&gt; -&gt; &lt;float_to_int&gt;$,
                                    $&lt;read_str_from_txt&gt; =&gt; &lt;base64_ascii_str_pickle_to_object&gt; -&gt; &lt;str_to_int&gt;$],
                  &apos;2_approx_match&apos;: [$&lt;read_str_from_txt&gt; =&gt; &lt;str_to_bool&gt;$,
                                     $&lt;read_str_from_txt&gt; =&gt; &lt;base64_ascii_str_pickle_to_object&gt; -&gt; &lt;float_to_bool&gt;$,
                                     $&lt;read_str_from_txt&gt; =&gt; &lt;base64_ascii_str_pickle_to_object&gt; -&gt; &lt;int_to_bool&gt;$,
                                     $&lt;read_str_from_txt&gt; =&gt; &lt;base64_ascii_str_pickle_to_object&gt; -&gt; &lt;str_to_bool&gt;$],
                  &apos;3_generic&apos;: [$&lt;read_str_from_txt&gt; =&gt; &lt;base64_ascii_str_pickle_to_object&gt;$]},
          &apos;str&apos;: {&apos;1_exact_match&apos;: [&lt;read_str_from_txt&gt;]}},
 &apos;.xls&apos;: {&apos;AnyObject&apos;: {&apos;1_exact_match&apos;: [$&lt;read_dataframe_from_xls&gt; =&gt; &lt;single_row_or_col_df_to_dict&gt; -&gt; &lt;dict_to_object&gt;$]},
          &apos;DataFrame&apos;: {&apos;1_exact_match&apos;: [&lt;read_dataframe_from_xls&gt;]},
          &apos;Series&apos;: {&apos;1_exact_match&apos;: [$&lt;read_dataframe_from_xls&gt; =&gt; &lt;single_row_or_col_df_to_series&gt;$]},
          &apos;dict&apos;: {&apos;1_exact_match&apos;: [$&lt;read_dataframe_from_xls&gt; =&gt; &lt;single_row_or_col_df_to_dict&gt;$]}},
 &apos;.xlsm&apos;: {&apos;AnyObject&apos;: {&apos;1_exact_match&apos;: [$&lt;read_dataframe_from_xls&gt; =&gt; &lt;single_row_or_col_df_to_dict&gt; -&gt; &lt;dict_to_object&gt;$]},
           &apos;DataFrame&apos;: {&apos;1_exact_match&apos;: [&lt;read_dataframe_from_xls&gt;]},
           &apos;Series&apos;: {&apos;1_exact_match&apos;: [$&lt;read_dataframe_from_xls&gt; =&gt; &lt;single_row_or_col_df_to_series&gt;$]},
           &apos;dict&apos;: {&apos;1_exact_match&apos;: [$&lt;read_dataframe_from_xls&gt; =&gt; &lt;single_row_or_col_df_to_dict&gt;$]}},
 &apos;.xlsx&apos;: {&apos;AnyObject&apos;: {&apos;1_exact_match&apos;: [$&lt;read_dataframe_from_xls&gt; =&gt; &lt;single_row_or_col_df_to_dict&gt; -&gt; &lt;dict_to_object&gt;$]},
           &apos;DataFrame&apos;: {&apos;1_exact_match&apos;: [&lt;read_dataframe_from_xls&gt;]},
           &apos;Series&apos;: {&apos;1_exact_match&apos;: [$&lt;read_dataframe_from_xls&gt; =&gt; &lt;single_row_or_col_df_to_series&gt;$]},
           &apos;dict&apos;: {&apos;1_exact_match&apos;: [$&lt;read_dataframe_from_xls&gt; =&gt; &lt;single_row_or_col_df_to_dict&gt;$]}},
 &apos;.yaml&apos;: {&apos;AnyObject&apos;: {&apos;1_exact_match&apos;: [&lt;read_object_from_yaml&gt;,
                                           $&lt;read_collection_from_yaml&gt; =&gt; &lt;dict_to_object&gt;$]},
           &apos;DataFrame&apos;: {&apos;1_exact_match&apos;: [$&lt;read_object_from_yaml&gt; =&gt; &lt;dict_to_df&gt;$,
                                           $&lt;read_collection_from_yaml&gt; =&gt; &lt;dict_to_df&gt;$,
                                           $&lt;read_object_from_yaml&gt; =&gt; &lt;merge_all_config_sections_into_a_single_dict&gt; -&gt; &lt;dict_to_df&gt;$,
                                           $&lt;read_object_from_yaml&gt; =&gt; &lt;config_to_dict_of_dict&gt; -&gt; &lt;dict_to_df&gt;$],
                         &apos;3_generic&apos;: [&lt;read_object_from_yaml&gt;]},
           &apos;Dict&apos;: {&apos;1_exact_match&apos;: [&lt;read_collection_from_yaml&gt;],
                    &apos;2_approx_match&apos;: [$&lt;read_object_from_yaml&gt; =&gt; &lt;single_row_or_col_df_to_dict&gt;$,
                                       $&lt;read_object_from_yaml&gt; =&gt; &lt;merge_all_config_sections_into_a_single_dict&gt;$,
                                       $&lt;read_object_from_yaml&gt; =&gt; &lt;config_to_dict_of_dict&gt;$],
                    &apos;3_generic&apos;: [&lt;read_object_from_yaml&gt;]},
           &apos;DictOfDict&apos;: {&apos;1_exact_match&apos;: [$&lt;read_object_from_yaml&gt; =&gt; &lt;config_to_dict_of_dict&gt;$],
                          &apos;3_generic&apos;: [&lt;read_object_from_yaml&gt;]},
           &apos;List&apos;: {&apos;1_exact_match&apos;: [&lt;read_collection_from_yaml&gt;],
                    &apos;3_generic&apos;: [&lt;read_object_from_yaml&gt;]},
           &apos;Series&apos;: {&apos;1_exact_match&apos;: [$&lt;read_object_from_yaml&gt; =&gt; &lt;single_row_or_col_df_to_series&gt;$,
                                        $&lt;read_object_from_yaml&gt; =&gt; &lt;dict_to_df&gt; -&gt; &lt;single_row_or_col_df_to_series&gt;$,
                                        $&lt;read_collection_from_yaml&gt; =&gt; &lt;dict_to_df&gt; -&gt; &lt;single_row_or_col_df_to_series&gt;$,
                                        $&lt;read_object_from_yaml&gt; =&gt; &lt;merge_all_config_sections_into_a_single_dict&gt; -&gt; &lt;dict_to_df&gt; -&gt; &lt;single_row_or_col_df_to_series&gt;$,
                                        $&lt;read_object_from_yaml&gt; =&gt; &lt;config_to_dict_of_dict&gt; -&gt; &lt;dict_to_df&gt; -&gt; &lt;single_row_or_col_df_to_series&gt;$],
                      &apos;3_generic&apos;: [&lt;read_object_from_yaml&gt;]},
           &apos;Set&apos;: {&apos;1_exact_match&apos;: [&lt;read_collection_from_yaml&gt;,
                                     $&lt;read_object_from_yaml&gt; =&gt; &lt;list_to_set&gt;$],
                   &apos;3_generic&apos;: [&lt;read_object_from_yaml&gt;]},
           &apos;Tuple&apos;: {&apos;1_exact_match&apos;: [&lt;read_collection_from_yaml&gt;,
                                       $&lt;read_object_from_yaml&gt; =&gt; &lt;list_to_tuple&gt;$],
                     &apos;3_generic&apos;: [&lt;read_object_from_yaml&gt;]},
           &apos;bool&apos;: {&apos;1_exact_match&apos;: [$&lt;read_object_from_yaml&gt; =&gt; &lt;float_to_bool&gt;$,
                                      $&lt;read_object_from_yaml&gt; =&gt; &lt;int_to_bool&gt;$,
                                      $&lt;read_object_from_yaml&gt; =&gt; &lt;str_to_bool&gt;$],
                    &apos;3_generic&apos;: [&lt;read_object_from_yaml&gt;]},
           &apos;dict&apos;: {&apos;1_exact_match&apos;: [$&lt;read_object_from_yaml&gt; =&gt; &lt;single_row_or_col_df_to_dict&gt;$,
                                      $&lt;read_object_from_yaml&gt; =&gt; &lt;merge_all_config_sections_into_a_single_dict&gt;$],
                    &apos;2_approx_match&apos;: [&lt;read_collection_from_yaml&gt;,
                                       $&lt;read_object_from_yaml&gt; =&gt; &lt;config_to_dict_of_dict&gt;$],
                    &apos;3_generic&apos;: [&lt;read_object_from_yaml&gt;]},
           &apos;float&apos;: {&apos;1_exact_match&apos;: [$&lt;read_object_from_yaml&gt; =&gt; &lt;bool_to_float&gt;$,
                                       $&lt;read_object_from_yaml&gt; =&gt; &lt;int_to_float&gt;$,
                                       $&lt;read_object_from_yaml&gt; =&gt; &lt;str_to_float&gt;$],
                     &apos;3_generic&apos;: [&lt;read_object_from_yaml&gt;]},
           &apos;int&apos;: {&apos;1_exact_match&apos;: [$&lt;read_object_from_yaml&gt; =&gt; &lt;bool_to_int&gt;$,
                                     $&lt;read_object_from_yaml&gt; =&gt; &lt;float_to_int&gt;$,
                                     $&lt;read_object_from_yaml&gt; =&gt; &lt;str_to_int&gt;$],
                   &apos;2_approx_match&apos;: [$&lt;read_object_from_yaml&gt; =&gt; &lt;float_to_bool&gt;$,
                                      $&lt;read_object_from_yaml&gt; =&gt; &lt;int_to_bool&gt;$,
                                      $&lt;read_object_from_yaml&gt; =&gt; &lt;str_to_bool&gt;$],
                   &apos;3_generic&apos;: [&lt;read_object_from_yaml&gt;]},
           &apos;str&apos;: {&apos;1_exact_match&apos;: [$&lt;read_object_from_yaml&gt; =&gt; &lt;bool_to_string&gt;$,
                                     $&lt;read_object_from_yaml&gt; =&gt; &lt;float_to_string&gt;$,
                                     $&lt;read_object_from_yaml&gt; =&gt; &lt;int_to_string&gt;$],
                   &apos;3_generic&apos;: [&lt;read_object_from_yaml&gt;]}},
 &apos;.yml&apos;: {&apos;AnyObject&apos;: {&apos;1_exact_match&apos;: [&lt;read_object_from_yaml&gt;,
                                          $&lt;read_collection_from_yaml&gt; =&gt; &lt;dict_to_object&gt;$]},
          &apos;DataFrame&apos;: {&apos;1_exact_match&apos;: [$&lt;read_object_from_yaml&gt; =&gt; &lt;dict_to_df&gt;$,
                                          $&lt;read_collection_from_yaml&gt; =&gt; &lt;dict_to_df&gt;$,
                                          $&lt;read_object_from_yaml&gt; =&gt; &lt;merge_all_config_sections_into_a_single_dict&gt; -&gt; &lt;dict_to_df&gt;$,
                                          $&lt;read_object_from_yaml&gt; =&gt; &lt;config_to_dict_of_dict&gt; -&gt; &lt;dict_to_df&gt;$],
                        &apos;3_generic&apos;: [&lt;read_object_from_yaml&gt;]},
          &apos;Dict&apos;: {&apos;1_exact_match&apos;: [&lt;read_collection_from_yaml&gt;],
                   &apos;2_approx_match&apos;: [$&lt;read_object_from_yaml&gt; =&gt; &lt;single_row_or_col_df_to_dict&gt;$,
                                      $&lt;read_object_from_yaml&gt; =&gt; &lt;merge_all_config_sections_into_a_single_dict&gt;$,
                                      $&lt;read_object_from_yaml&gt; =&gt; &lt;config_to_dict_of_dict&gt;$],
                   &apos;3_generic&apos;: [&lt;read_object_from_yaml&gt;]},
          &apos;DictOfDict&apos;: {&apos;1_exact_match&apos;: [$&lt;read_object_from_yaml&gt; =&gt; &lt;config_to_dict_of_dict&gt;$],
                         &apos;3_generic&apos;: [&lt;read_object_from_yaml&gt;]},
          &apos;List&apos;: {&apos;1_exact_match&apos;: [&lt;read_collection_from_yaml&gt;],
                   &apos;3_generic&apos;: [&lt;read_object_from_yaml&gt;]},
          &apos;Series&apos;: {&apos;1_exact_match&apos;: [$&lt;read_object_from_yaml&gt; =&gt; &lt;single_row_or_col_df_to_series&gt;$,
                                       $&lt;read_object_from_yaml&gt; =&gt; &lt;dict_to_df&gt; -&gt; &lt;single_row_or_col_df_to_series&gt;$,
                                       $&lt;read_collection_from_yaml&gt; =&gt; &lt;dict_to_df&gt; -&gt; &lt;single_row_or_col_df_to_series&gt;$,
                                       $&lt;read_object_from_yaml&gt; =&gt; &lt;merge_all_config_sections_into_a_single_dict&gt; -&gt; &lt;dict_to_df&gt; -&gt; &lt;single_row_or_col_df_to_series&gt;$,
                                       $&lt;read_object_from_yaml&gt; =&gt; &lt;config_to_dict_of_dict&gt; -&gt; &lt;dict_to_df&gt; -&gt; &lt;single_row_or_col_df_to_series&gt;$],
                     &apos;3_generic&apos;: [&lt;read_object_from_yaml&gt;]},
          &apos;Set&apos;: {&apos;1_exact_match&apos;: [&lt;read_collection_from_yaml&gt;,
                                    $&lt;read_object_from_yaml&gt; =&gt; &lt;list_to_set&gt;$],
                  &apos;3_generic&apos;: [&lt;read_object_from_yaml&gt;]},
          &apos;Tuple&apos;: {&apos;1_exact_match&apos;: [&lt;read_collection_from_yaml&gt;,
                                      $&lt;read_object_from_yaml&gt; =&gt; &lt;list_to_tuple&gt;$],
                    &apos;3_generic&apos;: [&lt;read_object_from_yaml&gt;]},
          &apos;bool&apos;: {&apos;1_exact_match&apos;: [$&lt;read_object_from_yaml&gt; =&gt; &lt;float_to_bool&gt;$,
                                     $&lt;read_object_from_yaml&gt; =&gt; &lt;int_to_bool&gt;$,
                                     $&lt;read_object_from_yaml&gt; =&gt; &lt;str_to_bool&gt;$],
                   &apos;3_generic&apos;: [&lt;read_object_from_yaml&gt;]},
          &apos;dict&apos;: {&apos;1_exact_match&apos;: [$&lt;read_object_from_yaml&gt; =&gt; &lt;single_row_or_col_df_to_dict&gt;$,
                                     $&lt;read_object_from_yaml&gt; =&gt; &lt;merge_all_config_sections_into_a_single_dict&gt;$],
                   &apos;2_approx_match&apos;: [&lt;read_collection_from_yaml&gt;,
                                      $&lt;read_object_from_yaml&gt; =&gt; &lt;config_to_dict_of_dict&gt;$],
                   &apos;3_generic&apos;: [&lt;read_object_from_yaml&gt;]},
          &apos;float&apos;: {&apos;1_exact_match&apos;: [$&lt;read_object_from_yaml&gt; =&gt; &lt;bool_to_float&gt;$,
                                      $&lt;read_object_from_yaml&gt; =&gt; &lt;int_to_float&gt;$,
                                      $&lt;read_object_from_yaml&gt; =&gt; &lt;str_to_float&gt;$],
                    &apos;3_generic&apos;: [&lt;read_object_from_yaml&gt;]},
          &apos;int&apos;: {&apos;1_exact_match&apos;: [$&lt;read_object_from_yaml&gt; =&gt; &lt;bool_to_int&gt;$,
                                    $&lt;read_object_from_yaml&gt; =&gt; &lt;float_to_int&gt;$,
                                    $&lt;read_object_from_yaml&gt; =&gt; &lt;str_to_int&gt;$],
                  &apos;2_approx_match&apos;: [$&lt;read_object_from_yaml&gt; =&gt; &lt;float_to_bool&gt;$,
                                     $&lt;read_object_from_yaml&gt; =&gt; &lt;int_to_bool&gt;$,
                                     $&lt;read_object_from_yaml&gt; =&gt; &lt;str_to_bool&gt;$],
                  &apos;3_generic&apos;: [&lt;read_object_from_yaml&gt;]},
          &apos;str&apos;: {&apos;1_exact_match&apos;: [$&lt;read_object_from_yaml&gt; =&gt; &lt;bool_to_string&gt;$,
                                    $&lt;read_object_from_yaml&gt; =&gt; &lt;float_to_string&gt;$,
                                    $&lt;read_object_from_yaml&gt; =&gt; &lt;int_to_string&gt;$],
                  &apos;3_generic&apos;: [&lt;read_object_from_yaml&gt;]}},
 &apos;&lt;multifile&gt;&apos;: {&apos;AnyObject&apos;: {&apos;1_exact_match&apos;: [Multifile Object parser (parsyfiles defaults)]},
                 &apos;DataFrame&apos;: {},
                 &apos;Dict&apos;: {&apos;1_exact_match&apos;: [Multifile Collection parser (parsyfiles defaults)]},
                 &apos;DictOfDict&apos;: {},
                 &apos;List&apos;: {&apos;1_exact_match&apos;: [Multifile Collection parser (parsyfiles defaults)]},
                 &apos;Series&apos;: {},
                 &apos;Set&apos;: {&apos;1_exact_match&apos;: [Multifile Collection parser (parsyfiles defaults)]},
                 &apos;Tuple&apos;: {&apos;1_exact_match&apos;: [Multifile Collection parser (parsyfiles defaults)]},
                 &apos;bool&apos;: {},
                 &apos;dict&apos;: {&apos;2_approx_match&apos;: [Multifile Collection parser (parsyfiles defaults)]},
                 &apos;float&apos;: {},
                 &apos;int&apos;: {},
                 &apos;str&apos;: {}}}


</system-out></testcase><testcase classname="parsyfiles.tests.combining_parsers_converters.test_default_instance" file="parsyfiles/tests/combining_parsers_converters/test_default_instance.py" line="139" name="test_print_and_get_capabilities_by_type" time="4.60273551940918"><system-out>
15 Root parser capabilities by type:

Capabilities by object type: 
{&apos;AnyObject&apos;: {&apos;.cfg&apos;: {&apos;1_exact_match&apos;: [$&lt;read_config&gt; =&gt; &lt;merge_all_config_sections_into_a_single_dict&gt; -&gt; &lt;dict_to_object&gt;$,
                                          $&lt;read_config&gt; =&gt; &lt;config_to_dict_of_dict&gt; -&gt; &lt;dict_of_dict_to_object&gt;$,
                                          $&lt;read_config&gt; =&gt; &lt;config_to_dict_of_dict&gt; -&gt; &lt;dict_to_object&gt;$]},
               &apos;.csv&apos;: {&apos;1_exact_match&apos;: [$&lt;read_df_or_series_from_csv&gt; =&gt; &lt;single_row_or_col_df_to_dict&gt; -&gt; &lt;dict_to_object&gt;$]},
               &apos;.ini&apos;: {&apos;1_exact_match&apos;: [$&lt;read_config&gt; =&gt; &lt;merge_all_config_sections_into_a_single_dict&gt; -&gt; &lt;dict_to_object&gt;$,
                                          $&lt;read_config&gt; =&gt; &lt;config_to_dict_of_dict&gt; -&gt; &lt;dict_of_dict_to_object&gt;$,
                                          $&lt;read_config&gt; =&gt; &lt;config_to_dict_of_dict&gt; -&gt; &lt;dict_to_object&gt;$]},
               &apos;.json&apos;: {&apos;1_exact_match&apos;: [$&lt;read_dict_or_list_from_json&gt; =&gt; &lt;dict_to_object&gt;$]},
               &apos;.properties&apos;: {&apos;1_exact_match&apos;: [$&lt;read_dict_from_properties&gt; =&gt; &lt;dict_to_object&gt;$]},
               &apos;.pyc&apos;: {&apos;1_exact_match&apos;: [&lt;read_object_from_pickle&gt;]},
               &apos;.txt&apos;: {&apos;1_exact_match&apos;: [$&lt;read_dict_from_properties&gt; =&gt; &lt;dict_to_object&gt;$,
                                          $&lt;read_str_from_txt&gt; =&gt; &lt;constructor_with_str_arg&gt;$,
                                          $&lt;read_str_from_txt&gt; =&gt; &lt;base64_ascii_str_pickle_to_object&gt;$,
                                          $&lt;read_df_or_series_from_csv&gt; =&gt; &lt;single_row_or_col_df_to_dict&gt; -&gt; &lt;dict_to_object&gt;$]},
               &apos;.xls&apos;: {&apos;1_exact_match&apos;: [$&lt;read_dataframe_from_xls&gt; =&gt; &lt;single_row_or_col_df_to_dict&gt; -&gt; &lt;dict_to_object&gt;$]},
               &apos;.xlsm&apos;: {&apos;1_exact_match&apos;: [$&lt;read_dataframe_from_xls&gt; =&gt; &lt;single_row_or_col_df_to_dict&gt; -&gt; &lt;dict_to_object&gt;$]},
               &apos;.xlsx&apos;: {&apos;1_exact_match&apos;: [$&lt;read_dataframe_from_xls&gt; =&gt; &lt;single_row_or_col_df_to_dict&gt; -&gt; &lt;dict_to_object&gt;$]},
               &apos;.yaml&apos;: {&apos;1_exact_match&apos;: [&lt;read_object_from_yaml&gt;,
                                           $&lt;read_collection_from_yaml&gt; =&gt; &lt;dict_to_object&gt;$]},
               &apos;.yml&apos;: {&apos;1_exact_match&apos;: [&lt;read_object_from_yaml&gt;,
                                          $&lt;read_collection_from_yaml&gt; =&gt; &lt;dict_to_object&gt;$]},
               &apos;&lt;multifile&gt;&apos;: {&apos;1_exact_match&apos;: [Multifile Object parser (parsyfiles defaults)]}},
 &apos;ConfigParser&apos;: {&apos;.cfg&apos;: {&apos;1_exact_match&apos;: [&lt;read_config&gt;]},
                  &apos;.csv&apos;: {},
                  &apos;.ini&apos;: {&apos;1_exact_match&apos;: [&lt;read_config&gt;]},
                  &apos;.json&apos;: {},
                  &apos;.properties&apos;: {},
                  &apos;.pyc&apos;: {&apos;3_generic&apos;: [&lt;read_object_from_pickle&gt;]},
                  &apos;.txt&apos;: {&apos;3_generic&apos;: [$&lt;read_str_from_txt&gt; =&gt; &lt;constructor_with_str_arg&gt;$,
                                         $&lt;read_str_from_txt&gt; =&gt; &lt;base64_ascii_str_pickle_to_object&gt;$]},
                  &apos;.xls&apos;: {},
                  &apos;.xlsm&apos;: {},
                  &apos;.xlsx&apos;: {},
                  &apos;.yaml&apos;: {&apos;3_generic&apos;: [&lt;read_object_from_yaml&gt;]},
                  &apos;.yml&apos;: {&apos;3_generic&apos;: [&lt;read_object_from_yaml&gt;]},
                  &apos;&lt;multifile&gt;&apos;: {}},
 &apos;DataFrame&apos;: {&apos;.cfg&apos;: {&apos;1_exact_match&apos;: [$&lt;read_config&gt; =&gt; &lt;merge_all_config_sections_into_a_single_dict&gt; -&gt; &lt;dict_to_df&gt;$,
                                          $&lt;read_config&gt; =&gt; &lt;config_to_dict_of_dict&gt; -&gt; &lt;dict_to_df&gt;$]},
               &apos;.csv&apos;: {&apos;1_exact_match&apos;: [&lt;read_df_or_series_from_csv&gt;]},
               &apos;.ini&apos;: {&apos;1_exact_match&apos;: [$&lt;read_config&gt; =&gt; &lt;merge_all_config_sections_into_a_single_dict&gt; -&gt; &lt;dict_to_df&gt;$,
                                          $&lt;read_config&gt; =&gt; &lt;config_to_dict_of_dict&gt; -&gt; &lt;dict_to_df&gt;$]},
               &apos;.json&apos;: {&apos;1_exact_match&apos;: [$&lt;read_dict_or_list_from_json&gt; =&gt; &lt;dict_to_df&gt;$]},
               &apos;.properties&apos;: {&apos;1_exact_match&apos;: [$&lt;read_dict_from_properties&gt; =&gt; &lt;dict_to_df&gt;$]},
               &apos;.pyc&apos;: {&apos;1_exact_match&apos;: [$&lt;read_object_from_pickle&gt; =&gt; &lt;dict_to_df&gt;$,
                                          $&lt;read_object_from_pickle&gt; =&gt; &lt;merge_all_config_sections_into_a_single_dict&gt; -&gt; &lt;dict_to_df&gt;$,
                                          $&lt;read_object_from_pickle&gt; =&gt; &lt;config_to_dict_of_dict&gt; -&gt; &lt;dict_to_df&gt;$],
                        &apos;3_generic&apos;: [&lt;read_object_from_pickle&gt;]},
               &apos;.txt&apos;: {&apos;1_exact_match&apos;: [&lt;read_df_or_series_from_csv&gt;,
                                          $&lt;read_dict_from_properties&gt; =&gt; &lt;dict_to_df&gt;$],
                        &apos;3_generic&apos;: [$&lt;read_str_from_txt&gt; =&gt; &lt;constructor_with_str_arg&gt;$,
                                      $&lt;read_str_from_txt&gt; =&gt; &lt;base64_ascii_str_pickle_to_object&gt;$]},
               &apos;.xls&apos;: {&apos;1_exact_match&apos;: [&lt;read_dataframe_from_xls&gt;]},
               &apos;.xlsm&apos;: {&apos;1_exact_match&apos;: [&lt;read_dataframe_from_xls&gt;]},
               &apos;.xlsx&apos;: {&apos;1_exact_match&apos;: [&lt;read_dataframe_from_xls&gt;]},
               &apos;.yaml&apos;: {&apos;1_exact_match&apos;: [$&lt;read_object_from_yaml&gt; =&gt; &lt;dict_to_df&gt;$,
                                           $&lt;read_collection_from_yaml&gt; =&gt; &lt;dict_to_df&gt;$,
                                           $&lt;read_object_from_yaml&gt; =&gt; &lt;merge_all_config_sections_into_a_single_dict&gt; -&gt; &lt;dict_to_df&gt;$,
                                           $&lt;read_object_from_yaml&gt; =&gt; &lt;config_to_dict_of_dict&gt; -&gt; &lt;dict_to_df&gt;$],
                         &apos;3_generic&apos;: [&lt;read_object_from_yaml&gt;]},
               &apos;.yml&apos;: {&apos;1_exact_match&apos;: [$&lt;read_object_from_yaml&gt; =&gt; &lt;dict_to_df&gt;$,
                                          $&lt;read_collection_from_yaml&gt; =&gt; &lt;dict_to_df&gt;$,
                                          $&lt;read_object_from_yaml&gt; =&gt; &lt;merge_all_config_sections_into_a_single_dict&gt; -&gt; &lt;dict_to_df&gt;$,
                                          $&lt;read_object_from_yaml&gt; =&gt; &lt;config_to_dict_of_dict&gt; -&gt; &lt;dict_to_df&gt;$],
                        &apos;3_generic&apos;: [&lt;read_object_from_yaml&gt;]},
               &apos;&lt;multifile&gt;&apos;: {}},
 &apos;Dict&apos;: {&apos;.cfg&apos;: {&apos;2_approx_match&apos;: [$&lt;read_config&gt; =&gt; &lt;merge_all_config_sections_into_a_single_dict&gt;$,
                                      $&lt;read_config&gt; =&gt; &lt;config_to_dict_of_dict&gt;$]},
          &apos;.csv&apos;: {&apos;2_approx_match&apos;: [$&lt;read_df_or_series_from_csv&gt; =&gt; &lt;single_row_or_col_df_to_dict&gt;$]},
          &apos;.ini&apos;: {&apos;2_approx_match&apos;: [$&lt;read_config&gt; =&gt; &lt;merge_all_config_sections_into_a_single_dict&gt;$,
                                      $&lt;read_config&gt; =&gt; &lt;config_to_dict_of_dict&gt;$]},
          &apos;.json&apos;: {&apos;2_approx_match&apos;: [&lt;read_dict_or_list_from_json&gt;]},
          &apos;.properties&apos;: {&apos;2_approx_match&apos;: [&lt;read_dict_from_properties&gt;]},
          &apos;.pyc&apos;: {&apos;2_approx_match&apos;: [$&lt;read_object_from_pickle&gt; =&gt; &lt;single_row_or_col_df_to_dict&gt;$,
                                      $&lt;read_object_from_pickle&gt; =&gt; &lt;merge_all_config_sections_into_a_single_dict&gt;$,
                                      $&lt;read_object_from_pickle&gt; =&gt; &lt;config_to_dict_of_dict&gt;$],
                   &apos;3_generic&apos;: [&lt;read_object_from_pickle&gt;]},
          &apos;.txt&apos;: {&apos;2_approx_match&apos;: [&lt;read_dict_from_properties&gt;,
                                      $&lt;read_df_or_series_from_csv&gt; =&gt; &lt;single_row_or_col_df_to_dict&gt;$],
                   &apos;3_generic&apos;: [$&lt;read_str_from_txt&gt; =&gt; &lt;constructor_with_str_arg&gt;$,
                                 $&lt;read_str_from_txt&gt; =&gt; &lt;base64_ascii_str_pickle_to_object&gt;$]},
          &apos;.xls&apos;: {&apos;2_approx_match&apos;: [$&lt;read_dataframe_from_xls&gt; =&gt; &lt;single_row_or_col_df_to_dict&gt;$]},
          &apos;.xlsm&apos;: {&apos;2_approx_match&apos;: [$&lt;read_dataframe_from_xls&gt; =&gt; &lt;single_row_or_col_df_to_dict&gt;$]},
          &apos;.xlsx&apos;: {&apos;2_approx_match&apos;: [$&lt;read_dataframe_from_xls&gt; =&gt; &lt;single_row_or_col_df_to_dict&gt;$]},
          &apos;.yaml&apos;: {&apos;1_exact_match&apos;: [&lt;read_collection_from_yaml&gt;],
                    &apos;2_approx_match&apos;: [$&lt;read_object_from_yaml&gt; =&gt; &lt;single_row_or_col_df_to_dict&gt;$,
                                       $&lt;read_object_from_yaml&gt; =&gt; &lt;merge_all_config_sections_into_a_single_dict&gt;$,
                                       $&lt;read_object_from_yaml&gt; =&gt; &lt;config_to_dict_of_dict&gt;$],
                    &apos;3_generic&apos;: [&lt;read_object_from_yaml&gt;]},
          &apos;.yml&apos;: {&apos;1_exact_match&apos;: [&lt;read_collection_from_yaml&gt;],
                   &apos;2_approx_match&apos;: [$&lt;read_object_from_yaml&gt; =&gt; &lt;single_row_or_col_df_to_dict&gt;$,
                                      $&lt;read_object_from_yaml&gt; =&gt; &lt;merge_all_config_sections_into_a_single_dict&gt;$,
                                      $&lt;read_object_from_yaml&gt; =&gt; &lt;config_to_dict_of_dict&gt;$],
                   &apos;3_generic&apos;: [&lt;read_object_from_yaml&gt;]},
          &apos;&lt;multifile&gt;&apos;: {&apos;1_exact_match&apos;: [Multifile Collection parser (parsyfiles defaults)]}},
 &apos;DictOfDict&apos;: {&apos;.cfg&apos;: {&apos;1_exact_match&apos;: [$&lt;read_config&gt; =&gt; &lt;config_to_dict_of_dict&gt;$]},
                &apos;.csv&apos;: {},
                &apos;.ini&apos;: {&apos;1_exact_match&apos;: [$&lt;read_config&gt; =&gt; &lt;config_to_dict_of_dict&gt;$]},
                &apos;.json&apos;: {},
                &apos;.properties&apos;: {},
                &apos;.pyc&apos;: {&apos;1_exact_match&apos;: [$&lt;read_object_from_pickle&gt; =&gt; &lt;config_to_dict_of_dict&gt;$],
                         &apos;3_generic&apos;: [&lt;read_object_from_pickle&gt;]},
                &apos;.txt&apos;: {&apos;3_generic&apos;: [$&lt;read_str_from_txt&gt; =&gt; &lt;constructor_with_str_arg&gt;$,
                                       $&lt;read_str_from_txt&gt; =&gt; &lt;base64_ascii_str_pickle_to_object&gt;$]},
                &apos;.xls&apos;: {},
                &apos;.xlsm&apos;: {},
                &apos;.xlsx&apos;: {},
                &apos;.yaml&apos;: {&apos;1_exact_match&apos;: [$&lt;read_object_from_yaml&gt; =&gt; &lt;config_to_dict_of_dict&gt;$],
                          &apos;3_generic&apos;: [&lt;read_object_from_yaml&gt;]},
                &apos;.yml&apos;: {&apos;1_exact_match&apos;: [$&lt;read_object_from_yaml&gt; =&gt; &lt;config_to_dict_of_dict&gt;$],
                         &apos;3_generic&apos;: [&lt;read_object_from_yaml&gt;]},
                &apos;&lt;multifile&gt;&apos;: {}},
 &apos;List&apos;: {&apos;.cfg&apos;: {},
          &apos;.csv&apos;: {},
          &apos;.ini&apos;: {},
          &apos;.json&apos;: {&apos;2_approx_match&apos;: [&lt;read_dict_or_list_from_json&gt;]},
          &apos;.properties&apos;: {},
          &apos;.pyc&apos;: {&apos;3_generic&apos;: [&lt;read_object_from_pickle&gt;]},
          &apos;.txt&apos;: {&apos;3_generic&apos;: [$&lt;read_str_from_txt&gt; =&gt; &lt;constructor_with_str_arg&gt;$,
                                 $&lt;read_str_from_txt&gt; =&gt; &lt;base64_ascii_str_pickle_to_object&gt;$]},
          &apos;.xls&apos;: {},
          &apos;.xlsm&apos;: {},
          &apos;.xlsx&apos;: {},
          &apos;.yaml&apos;: {&apos;1_exact_match&apos;: [&lt;read_collection_from_yaml&gt;],
                    &apos;3_generic&apos;: [&lt;read_object_from_yaml&gt;]},
          &apos;.yml&apos;: {&apos;1_exact_match&apos;: [&lt;read_collection_from_yaml&gt;],
                   &apos;3_generic&apos;: [&lt;read_object_from_yaml&gt;]},
          &apos;&lt;multifile&gt;&apos;: {&apos;1_exact_match&apos;: [Multifile Collection parser (parsyfiles defaults)]}},
 &apos;Series&apos;: {&apos;.cfg&apos;: {&apos;1_exact_match&apos;: [$&lt;read_config&gt; =&gt; &lt;merge_all_config_sections_into_a_single_dict&gt; -&gt; &lt;dict_to_df&gt; -&gt; &lt;single_row_or_col_df_to_series&gt;$,
                                       $&lt;read_config&gt; =&gt; &lt;config_to_dict_of_dict&gt; -&gt; &lt;dict_to_df&gt; -&gt; &lt;single_row_or_col_df_to_series&gt;$]},
            &apos;.csv&apos;: {&apos;1_exact_match&apos;: [&lt;read_df_or_series_from_csv&gt;]},
            &apos;.ini&apos;: {&apos;1_exact_match&apos;: [$&lt;read_config&gt; =&gt; &lt;merge_all_config_sections_into_a_single_dict&gt; -&gt; &lt;dict_to_df&gt; -&gt; &lt;single_row_or_col_df_to_series&gt;$,
                                       $&lt;read_config&gt; =&gt; &lt;config_to_dict_of_dict&gt; -&gt; &lt;dict_to_df&gt; -&gt; &lt;single_row_or_col_df_to_series&gt;$]},
            &apos;.json&apos;: {&apos;1_exact_match&apos;: [$&lt;read_dict_or_list_from_json&gt; =&gt; &lt;dict_to_df&gt; -&gt; &lt;single_row_or_col_df_to_series&gt;$]},
            &apos;.properties&apos;: {&apos;1_exact_match&apos;: [$&lt;read_dict_from_properties&gt; =&gt; &lt;dict_to_df&gt; -&gt; &lt;single_row_or_col_df_to_series&gt;$]},
            &apos;.pyc&apos;: {&apos;1_exact_match&apos;: [$&lt;read_object_from_pickle&gt; =&gt; &lt;single_row_or_col_df_to_series&gt;$,
                                       $&lt;read_object_from_pickle&gt; =&gt; &lt;dict_to_df&gt; -&gt; &lt;single_row_or_col_df_to_series&gt;$,
                                       $&lt;read_object_from_pickle&gt; =&gt; &lt;merge_all_config_sections_into_a_single_dict&gt; -&gt; &lt;dict_to_df&gt; -&gt; &lt;single_row_or_col_df_to_series&gt;$,
                                       $&lt;read_object_from_pickle&gt; =&gt; &lt;config_to_dict_of_dict&gt; -&gt; &lt;dict_to_df&gt; -&gt; &lt;single_row_or_col_df_to_series&gt;$],
                     &apos;3_generic&apos;: [&lt;read_object_from_pickle&gt;]},
            &apos;.txt&apos;: {&apos;1_exact_match&apos;: [&lt;read_df_or_series_from_csv&gt;,
                                       $&lt;read_dict_from_properties&gt; =&gt; &lt;dict_to_df&gt; -&gt; &lt;single_row_or_col_df_to_series&gt;$],
                     &apos;3_generic&apos;: [$&lt;read_str_from_txt&gt; =&gt; &lt;constructor_with_str_arg&gt;$,
                                   $&lt;read_str_from_txt&gt; =&gt; &lt;base64_ascii_str_pickle_to_object&gt;$]},
            &apos;.xls&apos;: {&apos;1_exact_match&apos;: [$&lt;read_dataframe_from_xls&gt; =&gt; &lt;single_row_or_col_df_to_series&gt;$]},
            &apos;.xlsm&apos;: {&apos;1_exact_match&apos;: [$&lt;read_dataframe_from_xls&gt; =&gt; &lt;single_row_or_col_df_to_series&gt;$]},
            &apos;.xlsx&apos;: {&apos;1_exact_match&apos;: [$&lt;read_dataframe_from_xls&gt; =&gt; &lt;single_row_or_col_df_to_series&gt;$]},
            &apos;.yaml&apos;: {&apos;1_exact_match&apos;: [$&lt;read_object_from_yaml&gt; =&gt; &lt;single_row_or_col_df_to_series&gt;$,
                                        $&lt;read_object_from_yaml&gt; =&gt; &lt;dict_to_df&gt; -&gt; &lt;single_row_or_col_df_to_series&gt;$,
                                        $&lt;read_collection_from_yaml&gt; =&gt; &lt;dict_to_df&gt; -&gt; &lt;single_row_or_col_df_to_series&gt;$,
                                        $&lt;read_object_from_yaml&gt; =&gt; &lt;merge_all_config_sections_into_a_single_dict&gt; -&gt; &lt;dict_to_df&gt; -&gt; &lt;single_row_or_col_df_to_series&gt;$,
                                        $&lt;read_object_from_yaml&gt; =&gt; &lt;config_to_dict_of_dict&gt; -&gt; &lt;dict_to_df&gt; -&gt; &lt;single_row_or_col_df_to_series&gt;$],
                      &apos;3_generic&apos;: [&lt;read_object_from_yaml&gt;]},
            &apos;.yml&apos;: {&apos;1_exact_match&apos;: [$&lt;read_object_from_yaml&gt; =&gt; &lt;single_row_or_col_df_to_series&gt;$,
                                       $&lt;read_object_from_yaml&gt; =&gt; &lt;dict_to_df&gt; -&gt; &lt;single_row_or_col_df_to_series&gt;$,
                                       $&lt;read_collection_from_yaml&gt; =&gt; &lt;dict_to_df&gt; -&gt; &lt;single_row_or_col_df_to_series&gt;$,
                                       $&lt;read_object_from_yaml&gt; =&gt; &lt;merge_all_config_sections_into_a_single_dict&gt; -&gt; &lt;dict_to_df&gt; -&gt; &lt;single_row_or_col_df_to_series&gt;$,
                                       $&lt;read_object_from_yaml&gt; =&gt; &lt;config_to_dict_of_dict&gt; -&gt; &lt;dict_to_df&gt; -&gt; &lt;single_row_or_col_df_to_series&gt;$],
                     &apos;3_generic&apos;: [&lt;read_object_from_yaml&gt;]},
            &apos;&lt;multifile&gt;&apos;: {}},
 &apos;Set&apos;: {&apos;.cfg&apos;: {},
         &apos;.csv&apos;: {},
         &apos;.ini&apos;: {},
         &apos;.json&apos;: {&apos;1_exact_match&apos;: [$&lt;read_dict_or_list_from_json&gt; =&gt; &lt;list_to_set&gt;$]},
         &apos;.properties&apos;: {},
         &apos;.pyc&apos;: {&apos;1_exact_match&apos;: [$&lt;read_object_from_pickle&gt; =&gt; &lt;list_to_set&gt;$],
                  &apos;3_generic&apos;: [&lt;read_object_from_pickle&gt;]},
         &apos;.txt&apos;: {&apos;1_exact_match&apos;: [$&lt;read_str_from_txt&gt; =&gt; &lt;base64_ascii_str_pickle_to_object&gt; -&gt; &lt;list_to_set&gt;$],
                  &apos;3_generic&apos;: [$&lt;read_str_from_txt&gt; =&gt; &lt;constructor_with_str_arg&gt;$,
                                $&lt;read_str_from_txt&gt; =&gt; &lt;base64_ascii_str_pickle_to_object&gt;$]},
         &apos;.xls&apos;: {},
         &apos;.xlsm&apos;: {},
         &apos;.xlsx&apos;: {},
         &apos;.yaml&apos;: {&apos;1_exact_match&apos;: [&lt;read_collection_from_yaml&gt;,
                                     $&lt;read_object_from_yaml&gt; =&gt; &lt;list_to_set&gt;$],
                   &apos;3_generic&apos;: [&lt;read_object_from_yaml&gt;]},
         &apos;.yml&apos;: {&apos;1_exact_match&apos;: [&lt;read_collection_from_yaml&gt;,
                                    $&lt;read_object_from_yaml&gt; =&gt; &lt;list_to_set&gt;$],
                  &apos;3_generic&apos;: [&lt;read_object_from_yaml&gt;]},
         &apos;&lt;multifile&gt;&apos;: {&apos;1_exact_match&apos;: [Multifile Collection parser (parsyfiles defaults)]}},
 &apos;Tuple&apos;: {&apos;.cfg&apos;: {},
           &apos;.csv&apos;: {},
           &apos;.ini&apos;: {},
           &apos;.json&apos;: {&apos;1_exact_match&apos;: [$&lt;read_dict_or_list_from_json&gt; =&gt; &lt;list_to_tuple&gt;$]},
           &apos;.properties&apos;: {},
           &apos;.pyc&apos;: {&apos;1_exact_match&apos;: [$&lt;read_object_from_pickle&gt; =&gt; &lt;list_to_tuple&gt;$],
                    &apos;3_generic&apos;: [&lt;read_object_from_pickle&gt;]},
           &apos;.txt&apos;: {&apos;1_exact_match&apos;: [$&lt;read_str_from_txt&gt; =&gt; &lt;base64_ascii_str_pickle_to_object&gt; -&gt; &lt;list_to_tuple&gt;$],
                    &apos;3_generic&apos;: [$&lt;read_str_from_txt&gt; =&gt; &lt;constructor_with_str_arg&gt;$,
                                  $&lt;read_str_from_txt&gt; =&gt; &lt;base64_ascii_str_pickle_to_object&gt;$]},
           &apos;.xls&apos;: {},
           &apos;.xlsm&apos;: {},
           &apos;.xlsx&apos;: {},
           &apos;.yaml&apos;: {&apos;1_exact_match&apos;: [&lt;read_collection_from_yaml&gt;,
                                       $&lt;read_object_from_yaml&gt; =&gt; &lt;list_to_tuple&gt;$],
                     &apos;3_generic&apos;: [&lt;read_object_from_yaml&gt;]},
           &apos;.yml&apos;: {&apos;1_exact_match&apos;: [&lt;read_collection_from_yaml&gt;,
                                      $&lt;read_object_from_yaml&gt; =&gt; &lt;list_to_tuple&gt;$],
                    &apos;3_generic&apos;: [&lt;read_object_from_yaml&gt;]},
           &apos;&lt;multifile&gt;&apos;: {&apos;1_exact_match&apos;: [Multifile Collection parser (parsyfiles defaults)]}},
 &apos;bool&apos;: {&apos;.cfg&apos;: {},
          &apos;.csv&apos;: {},
          &apos;.ini&apos;: {},
          &apos;.json&apos;: {},
          &apos;.properties&apos;: {},
          &apos;.pyc&apos;: {&apos;1_exact_match&apos;: [$&lt;read_object_from_pickle&gt; =&gt; &lt;float_to_bool&gt;$,
                                     $&lt;read_object_from_pickle&gt; =&gt; &lt;int_to_bool&gt;$,
                                     $&lt;read_object_from_pickle&gt; =&gt; &lt;str_to_bool&gt;$],
                   &apos;3_generic&apos;: [&lt;read_object_from_pickle&gt;]},
          &apos;.txt&apos;: {&apos;1_exact_match&apos;: [$&lt;read_str_from_txt&gt; =&gt; &lt;str_to_bool&gt;$,
                                     $&lt;read_str_from_txt&gt; =&gt; &lt;base64_ascii_str_pickle_to_object&gt; -&gt; &lt;float_to_bool&gt;$,
                                     $&lt;read_str_from_txt&gt; =&gt; &lt;base64_ascii_str_pickle_to_object&gt; -&gt; &lt;int_to_bool&gt;$,
                                     $&lt;read_str_from_txt&gt; =&gt; &lt;base64_ascii_str_pickle_to_object&gt; -&gt; &lt;str_to_bool&gt;$],
                   &apos;3_generic&apos;: [$&lt;read_str_from_txt&gt; =&gt; &lt;base64_ascii_str_pickle_to_object&gt;$]},
          &apos;.xls&apos;: {},
          &apos;.xlsm&apos;: {},
          &apos;.xlsx&apos;: {},
          &apos;.yaml&apos;: {&apos;1_exact_match&apos;: [$&lt;read_object_from_yaml&gt; =&gt; &lt;float_to_bool&gt;$,
                                      $&lt;read_object_from_yaml&gt; =&gt; &lt;int_to_bool&gt;$,
                                      $&lt;read_object_from_yaml&gt; =&gt; &lt;str_to_bool&gt;$],
                    &apos;3_generic&apos;: [&lt;read_object_from_yaml&gt;]},
          &apos;.yml&apos;: {&apos;1_exact_match&apos;: [$&lt;read_object_from_yaml&gt; =&gt; &lt;float_to_bool&gt;$,
                                     $&lt;read_object_from_yaml&gt; =&gt; &lt;int_to_bool&gt;$,
                                     $&lt;read_object_from_yaml&gt; =&gt; &lt;str_to_bool&gt;$],
                   &apos;3_generic&apos;: [&lt;read_object_from_yaml&gt;]},
          &apos;&lt;multifile&gt;&apos;: {}},
 &apos;dict&apos;: {&apos;.cfg&apos;: {&apos;1_exact_match&apos;: [$&lt;read_config&gt; =&gt; &lt;merge_all_config_sections_into_a_single_dict&gt;$],
                   &apos;2_approx_match&apos;: [$&lt;read_config&gt; =&gt; &lt;config_to_dict_of_dict&gt;$]},
          &apos;.csv&apos;: {&apos;1_exact_match&apos;: [$&lt;read_df_or_series_from_csv&gt; =&gt; &lt;single_row_or_col_df_to_dict&gt;$]},
          &apos;.ini&apos;: {&apos;1_exact_match&apos;: [$&lt;read_config&gt; =&gt; &lt;merge_all_config_sections_into_a_single_dict&gt;$],
                   &apos;2_approx_match&apos;: [$&lt;read_config&gt; =&gt; &lt;config_to_dict_of_dict&gt;$]},
          &apos;.json&apos;: {&apos;1_exact_match&apos;: [&lt;read_dict_or_list_from_json&gt;]},
          &apos;.properties&apos;: {&apos;1_exact_match&apos;: [&lt;read_dict_from_properties&gt;]},
          &apos;.pyc&apos;: {&apos;1_exact_match&apos;: [$&lt;read_object_from_pickle&gt; =&gt; &lt;single_row_or_col_df_to_dict&gt;$,
                                     $&lt;read_object_from_pickle&gt; =&gt; &lt;merge_all_config_sections_into_a_single_dict&gt;$],
                   &apos;2_approx_match&apos;: [$&lt;read_object_from_pickle&gt; =&gt; &lt;config_to_dict_of_dict&gt;$],
                   &apos;3_generic&apos;: [&lt;read_object_from_pickle&gt;]},
          &apos;.txt&apos;: {&apos;1_exact_match&apos;: [&lt;read_dict_from_properties&gt;,
                                     $&lt;read_df_or_series_from_csv&gt; =&gt; &lt;single_row_or_col_df_to_dict&gt;$],
                   &apos;3_generic&apos;: [$&lt;read_str_from_txt&gt; =&gt; &lt;constructor_with_str_arg&gt;$,
                                 $&lt;read_str_from_txt&gt; =&gt; &lt;base64_ascii_str_pickle_to_object&gt;$]},
          &apos;.xls&apos;: {&apos;1_exact_match&apos;: [$&lt;read_dataframe_from_xls&gt; =&gt; &lt;single_row_or_col_df_to_dict&gt;$]},
          &apos;.xlsm&apos;: {&apos;1_exact_match&apos;: [$&lt;read_dataframe_from_xls&gt; =&gt; &lt;single_row_or_col_df_to_dict&gt;$]},
          &apos;.xlsx&apos;: {&apos;1_exact_match&apos;: [$&lt;read_dataframe_from_xls&gt; =&gt; &lt;single_row_or_col_df_to_dict&gt;$]},
          &apos;.yaml&apos;: {&apos;1_exact_match&apos;: [$&lt;read_object_from_yaml&gt; =&gt; &lt;single_row_or_col_df_to_dict&gt;$,
                                      $&lt;read_object_from_yaml&gt; =&gt; &lt;merge_all_config_sections_into_a_single_dict&gt;$],
                    &apos;2_approx_match&apos;: [&lt;read_collection_from_yaml&gt;,
                                       $&lt;read_object_from_yaml&gt; =&gt; &lt;config_to_dict_of_dict&gt;$],
                    &apos;3_generic&apos;: [&lt;read_object_from_yaml&gt;]},
          &apos;.yml&apos;: {&apos;1_exact_match&apos;: [$&lt;read_object_from_yaml&gt; =&gt; &lt;single_row_or_col_df_to_dict&gt;$,
                                     $&lt;read_object_from_yaml&gt; =&gt; &lt;merge_all_config_sections_into_a_single_dict&gt;$],
                   &apos;2_approx_match&apos;: [&lt;read_collection_from_yaml&gt;,
                                      $&lt;read_object_from_yaml&gt; =&gt; &lt;config_to_dict_of_dict&gt;$],
                   &apos;3_generic&apos;: [&lt;read_object_from_yaml&gt;]},
          &apos;&lt;multifile&gt;&apos;: {&apos;2_approx_match&apos;: [Multifile Collection parser (parsyfiles defaults)]}},
 &apos;float&apos;: {&apos;.cfg&apos;: {},
           &apos;.csv&apos;: {},
           &apos;.ini&apos;: {},
           &apos;.json&apos;: {},
           &apos;.properties&apos;: {},
           &apos;.pyc&apos;: {&apos;1_exact_match&apos;: [$&lt;read_object_from_pickle&gt; =&gt; &lt;bool_to_float&gt;$,
                                      $&lt;read_object_from_pickle&gt; =&gt; &lt;int_to_float&gt;$,
                                      $&lt;read_object_from_pickle&gt; =&gt; &lt;str_to_float&gt;$],
                    &apos;3_generic&apos;: [&lt;read_object_from_pickle&gt;]},
           &apos;.txt&apos;: {&apos;1_exact_match&apos;: [$&lt;read_str_from_txt&gt; =&gt; &lt;str_to_float&gt;$,
                                      $&lt;read_str_from_txt&gt; =&gt; &lt;base64_ascii_str_pickle_to_object&gt; -&gt; &lt;bool_to_float&gt;$,
                                      $&lt;read_str_from_txt&gt; =&gt; &lt;base64_ascii_str_pickle_to_object&gt; -&gt; &lt;int_to_float&gt;$,
                                      $&lt;read_str_from_txt&gt; =&gt; &lt;base64_ascii_str_pickle_to_object&gt; -&gt; &lt;str_to_float&gt;$],
                    &apos;3_generic&apos;: [$&lt;read_str_from_txt&gt; =&gt; &lt;base64_ascii_str_pickle_to_object&gt;$]},
           &apos;.xls&apos;: {},
           &apos;.xlsm&apos;: {},
           &apos;.xlsx&apos;: {},
           &apos;.yaml&apos;: {&apos;1_exact_match&apos;: [$&lt;read_object_from_yaml&gt; =&gt; &lt;bool_to_float&gt;$,
                                       $&lt;read_object_from_yaml&gt; =&gt; &lt;int_to_float&gt;$,
                                       $&lt;read_object_from_yaml&gt; =&gt; &lt;str_to_float&gt;$],
                     &apos;3_generic&apos;: [&lt;read_object_from_yaml&gt;]},
           &apos;.yml&apos;: {&apos;1_exact_match&apos;: [$&lt;read_object_from_yaml&gt; =&gt; &lt;bool_to_float&gt;$,
                                      $&lt;read_object_from_yaml&gt; =&gt; &lt;int_to_float&gt;$,
                                      $&lt;read_object_from_yaml&gt; =&gt; &lt;str_to_float&gt;$],
                    &apos;3_generic&apos;: [&lt;read_object_from_yaml&gt;]},
           &apos;&lt;multifile&gt;&apos;: {}},
 &apos;int&apos;: {&apos;.cfg&apos;: {},
         &apos;.csv&apos;: {},
         &apos;.ini&apos;: {},
         &apos;.json&apos;: {},
         &apos;.properties&apos;: {},
         &apos;.pyc&apos;: {&apos;1_exact_match&apos;: [$&lt;read_object_from_pickle&gt; =&gt; &lt;bool_to_int&gt;$,
                                    $&lt;read_object_from_pickle&gt; =&gt; &lt;float_to_int&gt;$,
                                    $&lt;read_object_from_pickle&gt; =&gt; &lt;str_to_int&gt;$],
                  &apos;2_approx_match&apos;: [$&lt;read_object_from_pickle&gt; =&gt; &lt;float_to_bool&gt;$,
                                     $&lt;read_object_from_pickle&gt; =&gt; &lt;int_to_bool&gt;$,
                                     $&lt;read_object_from_pickle&gt; =&gt; &lt;str_to_bool&gt;$],
                  &apos;3_generic&apos;: [&lt;read_object_from_pickle&gt;]},
         &apos;.txt&apos;: {&apos;1_exact_match&apos;: [$&lt;read_str_from_txt&gt; =&gt; &lt;str_to_int&gt;$,
                                    $&lt;read_str_from_txt&gt; =&gt; &lt;base64_ascii_str_pickle_to_object&gt; -&gt; &lt;bool_to_int&gt;$,
                                    $&lt;read_str_from_txt&gt; =&gt; &lt;base64_ascii_str_pickle_to_object&gt; -&gt; &lt;float_to_int&gt;$,
                                    $&lt;read_str_from_txt&gt; =&gt; &lt;base64_ascii_str_pickle_to_object&gt; -&gt; &lt;str_to_int&gt;$],
                  &apos;2_approx_match&apos;: [$&lt;read_str_from_txt&gt; =&gt; &lt;str_to_bool&gt;$,
                                     $&lt;read_str_from_txt&gt; =&gt; &lt;base64_ascii_str_pickle_to_object&gt; -&gt; &lt;float_to_bool&gt;$,
                                     $&lt;read_str_from_txt&gt; =&gt; &lt;base64_ascii_str_pickle_to_object&gt; -&gt; &lt;int_to_bool&gt;$,
                                     $&lt;read_str_from_txt&gt; =&gt; &lt;base64_ascii_str_pickle_to_object&gt; -&gt; &lt;str_to_bool&gt;$],
                  &apos;3_generic&apos;: [$&lt;read_str_from_txt&gt; =&gt; &lt;base64_ascii_str_pickle_to_object&gt;$]},
         &apos;.xls&apos;: {},
         &apos;.xlsm&apos;: {},
         &apos;.xlsx&apos;: {},
         &apos;.yaml&apos;: {&apos;1_exact_match&apos;: [$&lt;read_object_from_yaml&gt; =&gt; &lt;bool_to_int&gt;$,
                                     $&lt;read_object_from_yaml&gt; =&gt; &lt;float_to_int&gt;$,
                                     $&lt;read_object_from_yaml&gt; =&gt; &lt;str_to_int&gt;$],
                   &apos;2_approx_match&apos;: [$&lt;read_object_from_yaml&gt; =&gt; &lt;float_to_bool&gt;$,
                                      $&lt;read_object_from_yaml&gt; =&gt; &lt;int_to_bool&gt;$,
                                      $&lt;read_object_from_yaml&gt; =&gt; &lt;str_to_bool&gt;$],
                   &apos;3_generic&apos;: [&lt;read_object_from_yaml&gt;]},
         &apos;.yml&apos;: {&apos;1_exact_match&apos;: [$&lt;read_object_from_yaml&gt; =&gt; &lt;bool_to_int&gt;$,
                                    $&lt;read_object_from_yaml&gt; =&gt; &lt;float_to_int&gt;$,
                                    $&lt;read_object_from_yaml&gt; =&gt; &lt;str_to_int&gt;$],
                  &apos;2_approx_match&apos;: [$&lt;read_object_from_yaml&gt; =&gt; &lt;float_to_bool&gt;$,
                                     $&lt;read_object_from_yaml&gt; =&gt; &lt;int_to_bool&gt;$,
                                     $&lt;read_object_from_yaml&gt; =&gt; &lt;str_to_bool&gt;$],
                  &apos;3_generic&apos;: [&lt;read_object_from_yaml&gt;]},
         &apos;&lt;multifile&gt;&apos;: {}},
 &apos;list&apos;: {&apos;.cfg&apos;: {},
          &apos;.csv&apos;: {},
          &apos;.ini&apos;: {},
          &apos;.json&apos;: {&apos;1_exact_match&apos;: [&lt;read_dict_or_list_from_json&gt;]},
          &apos;.properties&apos;: {},
          &apos;.pyc&apos;: {&apos;3_generic&apos;: [&lt;read_object_from_pickle&gt;]},
          &apos;.txt&apos;: {&apos;3_generic&apos;: [$&lt;read_str_from_txt&gt; =&gt; &lt;constructor_with_str_arg&gt;$,
                                 $&lt;read_str_from_txt&gt; =&gt; &lt;base64_ascii_str_pickle_to_object&gt;$]},
          &apos;.xls&apos;: {},
          &apos;.xlsm&apos;: {},
          &apos;.xlsx&apos;: {},
          &apos;.yaml&apos;: {&apos;2_approx_match&apos;: [&lt;read_collection_from_yaml&gt;],
                    &apos;3_generic&apos;: [&lt;read_object_from_yaml&gt;]},
          &apos;.yml&apos;: {&apos;2_approx_match&apos;: [&lt;read_collection_from_yaml&gt;],
                   &apos;3_generic&apos;: [&lt;read_object_from_yaml&gt;]},
          &apos;&lt;multifile&gt;&apos;: {&apos;2_approx_match&apos;: [Multifile Collection parser (parsyfiles defaults)]}},
 &apos;str&apos;: {&apos;.cfg&apos;: {},
         &apos;.csv&apos;: {},
         &apos;.ini&apos;: {},
         &apos;.json&apos;: {},
         &apos;.properties&apos;: {},
         &apos;.pyc&apos;: {&apos;1_exact_match&apos;: [$&lt;read_object_from_pickle&gt; =&gt; &lt;bool_to_string&gt;$,
                                    $&lt;read_object_from_pickle&gt; =&gt; &lt;float_to_string&gt;$,
                                    $&lt;read_object_from_pickle&gt; =&gt; &lt;int_to_string&gt;$],
                  &apos;3_generic&apos;: [&lt;read_object_from_pickle&gt;]},
         &apos;.txt&apos;: {&apos;1_exact_match&apos;: [&lt;read_str_from_txt&gt;]},
         &apos;.xls&apos;: {},
         &apos;.xlsm&apos;: {},
         &apos;.xlsx&apos;: {},
         &apos;.yaml&apos;: {&apos;1_exact_match&apos;: [$&lt;read_object_from_yaml&gt; =&gt; &lt;bool_to_string&gt;$,
                                     $&lt;read_object_from_yaml&gt; =&gt; &lt;float_to_string&gt;$,
                                     $&lt;read_object_from_yaml&gt; =&gt; &lt;int_to_string&gt;$],
                   &apos;3_generic&apos;: [&lt;read_object_from_yaml&gt;]},
         &apos;.yml&apos;: {&apos;1_exact_match&apos;: [$&lt;read_object_from_yaml&gt; =&gt; &lt;bool_to_string&gt;$,
                                    $&lt;read_object_from_yaml&gt; =&gt; &lt;float_to_string&gt;$,
                                    $&lt;read_object_from_yaml&gt; =&gt; &lt;int_to_string&gt;$],
                  &apos;3_generic&apos;: [&lt;read_object_from_yaml&gt;]},
         &apos;&lt;multifile&gt;&apos;: {}}}


</system-out></testcase><testcase classname="parsyfiles.tests.combining_parsers_converters.test_default_instance" file="parsyfiles/tests/combining_parsers_converters/test_default_instance.py" line="154" name="test_root_parser_any" time="0.1477184295654297"><system-out>{&apos;.cfg&apos;: {&apos;1_exact_match&apos;: [$&lt;read_config&gt; =&gt; &lt;merge_all_config_sections_into_a_single_dict&gt; -&gt; &lt;dict_to_object&gt;$,
                            $&lt;read_config&gt; =&gt; &lt;config_to_dict_of_dict&gt; -&gt; &lt;dict_of_dict_to_object&gt;$,
                            $&lt;read_config&gt; =&gt; &lt;config_to_dict_of_dict&gt; -&gt; &lt;dict_to_object&gt;$]},
 &apos;.csv&apos;: {&apos;1_exact_match&apos;: [$&lt;read_df_or_series_from_csv&gt; =&gt; &lt;single_row_or_col_df_to_dict&gt; -&gt; &lt;dict_to_object&gt;$]},
 &apos;.ini&apos;: {&apos;1_exact_match&apos;: [$&lt;read_config&gt; =&gt; &lt;merge_all_config_sections_into_a_single_dict&gt; -&gt; &lt;dict_to_object&gt;$,
                            $&lt;read_config&gt; =&gt; &lt;config_to_dict_of_dict&gt; -&gt; &lt;dict_of_dict_to_object&gt;$,
                            $&lt;read_config&gt; =&gt; &lt;config_to_dict_of_dict&gt; -&gt; &lt;dict_to_object&gt;$]},
 &apos;.json&apos;: {&apos;1_exact_match&apos;: [$&lt;read_dict_or_list_from_json&gt; =&gt; &lt;dict_to_object&gt;$]},
 &apos;.properties&apos;: {&apos;1_exact_match&apos;: [$&lt;read_dict_from_properties&gt; =&gt; &lt;dict_to_object&gt;$]},
 &apos;.pyc&apos;: {&apos;1_exact_match&apos;: [&lt;read_object_from_pickle&gt;]},
 &apos;.txt&apos;: {&apos;1_exact_match&apos;: [$&lt;read_dict_from_properties&gt; =&gt; &lt;dict_to_object&gt;$,
                            $&lt;read_str_from_txt&gt; =&gt; &lt;constructor_with_str_arg&gt;$,
                            $&lt;read_str_from_txt&gt; =&gt; &lt;base64_ascii_str_pickle_to_object&gt;$,
                            $&lt;read_df_or_series_from_csv&gt; =&gt; &lt;single_row_or_col_df_to_dict&gt; -&gt; &lt;dict_to_object&gt;$]},
 &apos;.xls&apos;: {&apos;1_exact_match&apos;: [$&lt;read_dataframe_from_xls&gt; =&gt; &lt;single_row_or_col_df_to_dict&gt; -&gt; &lt;dict_to_object&gt;$]},
 &apos;.xlsm&apos;: {&apos;1_exact_match&apos;: [$&lt;read_dataframe_from_xls&gt; =&gt; &lt;single_row_or_col_df_to_dict&gt; -&gt; &lt;dict_to_object&gt;$]},
 &apos;.xlsx&apos;: {&apos;1_exact_match&apos;: [$&lt;read_dataframe_from_xls&gt; =&gt; &lt;single_row_or_col_df_to_dict&gt; -&gt; &lt;dict_to_object&gt;$]},
 &apos;.yaml&apos;: {&apos;1_exact_match&apos;: [&lt;read_object_from_yaml&gt;,
                             $&lt;read_collection_from_yaml&gt; =&gt; &lt;dict_to_object&gt;$]},
 &apos;.yml&apos;: {&apos;1_exact_match&apos;: [&lt;read_object_from_yaml&gt;,
                            $&lt;read_collection_from_yaml&gt; =&gt; &lt;dict_to_object&gt;$]},
 &apos;&lt;multifile&gt;&apos;: {&apos;1_exact_match&apos;: [Multifile Object parser (parsyfiles defaults)]}}
</system-out></testcase><testcase classname="parsyfiles.tests.combining_parsers_converters.test_default_instance" file="parsyfiles/tests/combining_parsers_converters/test_default_instance.py" line="170" name="test_custom_parser_ok_for_subclasses" time="0.21663212776184082"><system-out>SUCCESS parsed [/home/travis/build/smarie/python-parsyfiles/parsyfiles/tests/combining_parsers_converters/test_data/b64pickle-float-1.0=True.txt] as a [A] successfully. Parser used was [&lt;read_B_from_txt&gt;]
</system-out></testcase><testcase classname="parsyfiles.tests.combining_parsers_converters.test_default_instance_creation" file="parsyfiles/tests/combining_parsers_converters/test_default_instance_creation.py" line="21" name="test_create_default_instance_with_constructor" time="3.4150288105010986"><system-out>ERROR while parsing [/home/travis/build/smarie/python-parsyfiles/parsyfiles/tests/combining_parsers_converters/test_data/b64pickle-float-1.0=True.txt] into a [bool] using [$&lt;read_str_from_txt&gt; =&gt; &lt;str_to_bool&gt;$]. Set log level to DEBUG for details
Rebuilding local parsing plan with next candidate parser: $&lt;read_str_from_txt&gt; =&gt; &lt;base64_ascii_str_pickle_to_object&gt; -&gt; &lt;float_to_bool&gt;$
DONE Rebuilding local parsing plan for [/home/travis/build/smarie/python-parsyfiles/parsyfiles/tests/combining_parsers_converters/test_data/b64pickle-float-1.0=True.txt]. Resuming parsing...
SUCCESS parsed [/home/travis/build/smarie/python-parsyfiles/parsyfiles/tests/combining_parsers_converters/test_data/b64pickle-float-1.0=True.txt] as a [bool] successfully. Parser used was [$&lt;read_str_from_txt&gt; =&gt; &lt;base64_ascii_str_pickle_to_object&gt; -&gt; &lt;float_to_bool&gt;$]
ERROR while parsing [/home/travis/build/smarie/python-parsyfiles/parsyfiles/tests/combining_parsers_converters/test_data/b64pickle-float-1.0=True.txt] into a [bool] using [$&lt;read_str_from_txt&gt; =&gt; &lt;str_to_bool&gt;$]. Set log level to DEBUG for details
Rebuilding local parsing plan with next candidate parser: $&lt;read_str_from_txt&gt; =&gt; &lt;base64_ascii_str_pickle_to_object&gt; -&gt; &lt;float_to_bool&gt;$
DONE Rebuilding local parsing plan for [/home/travis/build/smarie/python-parsyfiles/parsyfiles/tests/combining_parsers_converters/test_data/b64pickle-float-1.0=True.txt]. Resuming parsing...
SUCCESS parsed [/home/travis/build/smarie/python-parsyfiles/parsyfiles/tests/combining_parsers_converters/test_data/b64pickle-float-1.0=True.txt] as a [bool] successfully. Parser used was [$&lt;read_str_from_txt&gt; =&gt; &lt;base64_ascii_str_pickle_to_object&gt; -&gt; &lt;float_to_bool&gt;$]
ERROR while parsing [/home/travis/build/smarie/python-parsyfiles/parsyfiles/tests/combining_parsers_converters/test_data/b64pickle-float-1.0=True.txt] into a [bool] using [$&lt;read_str_from_txt&gt; =&gt; &lt;str_to_bool&gt;$]. Set log level to DEBUG for details
Rebuilding local parsing plan with next candidate parser: $&lt;read_str_from_txt&gt; =&gt; &lt;base64_ascii_str_pickle_to_object&gt; -&gt; &lt;float_to_bool&gt;$
DONE Rebuilding local parsing plan for [/home/travis/build/smarie/python-parsyfiles/parsyfiles/tests/combining_parsers_converters/test_data/b64pickle-float-1.0=True.txt]. Resuming parsing...
SUCCESS parsed [/home/travis/build/smarie/python-parsyfiles/parsyfiles/tests/combining_parsers_converters/test_data/b64pickle-float-1.0=True.txt] as a [bool] successfully. Parser used was [$&lt;read_str_from_txt&gt; =&gt; &lt;base64_ascii_str_pickle_to_object&gt; -&gt; &lt;float_to_bool&gt;$]
ERROR while parsing [/home/travis/build/smarie/python-parsyfiles/parsyfiles/tests/combining_parsers_converters/test_data/b64pickle-float-1.0=True.txt] into a [bool] using [$&lt;read_str_from_txt&gt; =&gt; &lt;str_to_bool&gt;$]. Set log level to DEBUG for details
Rebuilding local parsing plan with next candidate parser: $&lt;read_str_from_txt&gt; =&gt; &lt;base64_ascii_str_pickle_to_object&gt; -&gt; &lt;float_to_bool&gt;$
DONE Rebuilding local parsing plan for [/home/travis/build/smarie/python-parsyfiles/parsyfiles/tests/combining_parsers_converters/test_data/b64pickle-float-1.0=True.txt]. Resuming parsing...
SUCCESS parsed [/home/travis/build/smarie/python-parsyfiles/parsyfiles/tests/combining_parsers_converters/test_data/b64pickle-float-1.0=True.txt] as a [bool] successfully. Parser used was [$&lt;read_str_from_txt&gt; =&gt; &lt;base64_ascii_str_pickle_to_object&gt; -&gt; &lt;float_to_bool&gt;$]
ERROR while parsing [/home/travis/build/smarie/python-parsyfiles/parsyfiles/tests/combining_parsers_converters/test_data/b64pickle-float-1.0=True.txt] into a [bool] using [$&lt;read_str_from_txt&gt; =&gt; &lt;str_to_bool&gt;$]. Set log level to DEBUG for details
Rebuilding local parsing plan with next candidate parser: $&lt;read_str_from_txt&gt; =&gt; &lt;base64_ascii_str_pickle_to_object&gt; -&gt; &lt;float_to_bool&gt;$
DONE Rebuilding local parsing plan for [/home/travis/build/smarie/python-parsyfiles/parsyfiles/tests/combining_parsers_converters/test_data/b64pickle-float-1.0=True.txt]. Resuming parsing...
SUCCESS parsed [/home/travis/build/smarie/python-parsyfiles/parsyfiles/tests/combining_parsers_converters/test_data/b64pickle-float-1.0=True.txt] as a [bool] successfully. Parser used was [$&lt;read_str_from_txt&gt; =&gt; &lt;base64_ascii_str_pickle_to_object&gt; -&gt; &lt;float_to_bool&gt;$]
ERROR while parsing [/home/travis/build/smarie/python-parsyfiles/parsyfiles/tests/combining_parsers_converters/test_data/b64pickle-float-1.0=True.txt] into a [bool] using [$&lt;read_str_from_txt&gt; =&gt; &lt;str_to_bool&gt;$]. Set log level to DEBUG for details
Rebuilding local parsing plan with next candidate parser: $&lt;read_str_from_txt&gt; =&gt; &lt;base64_ascii_str_pickle_to_object&gt; -&gt; &lt;float_to_bool&gt;$
DONE Rebuilding local parsing plan for [/home/travis/build/smarie/python-parsyfiles/parsyfiles/tests/combining_parsers_converters/test_data/b64pickle-float-1.0=True.txt]. Resuming parsing...
SUCCESS parsed [/home/travis/build/smarie/python-parsyfiles/parsyfiles/tests/combining_parsers_converters/test_data/b64pickle-float-1.0=True.txt] as a [bool] successfully. Parser used was [$&lt;read_str_from_txt&gt; =&gt; &lt;base64_ascii_str_pickle_to_object&gt; -&gt; &lt;float_to_bool&gt;$]
ERROR while parsing [/home/travis/build/smarie/python-parsyfiles/parsyfiles/tests/combining_parsers_converters/test_data/b64pickle-float-1.0=True.txt] into a [bool] using [$&lt;read_str_from_txt&gt; =&gt; &lt;str_to_bool&gt;$]. Set log level to DEBUG for details
Rebuilding local parsing plan with next candidate parser: $&lt;read_str_from_txt&gt; =&gt; &lt;base64_ascii_str_pickle_to_object&gt; -&gt; &lt;float_to_bool&gt;$
DONE Rebuilding local parsing plan for [/home/travis/build/smarie/python-parsyfiles/parsyfiles/tests/combining_parsers_converters/test_data/b64pickle-float-1.0=True.txt]. Resuming parsing...
SUCCESS parsed [/home/travis/build/smarie/python-parsyfiles/parsyfiles/tests/combining_parsers_converters/test_data/b64pickle-float-1.0=True.txt] as a [bool] successfully. Parser used was [$&lt;read_str_from_txt&gt; =&gt; &lt;base64_ascii_str_pickle_to_object&gt; -&gt; &lt;float_to_bool&gt;$]
ERROR while parsing [/home/travis/build/smarie/python-parsyfiles/parsyfiles/tests/combining_parsers_converters/test_data/b64pickle-float-1.0=True.txt] into a [bool] using [$&lt;read_str_from_txt&gt; =&gt; &lt;str_to_bool&gt;$]. Set log level to DEBUG for details
Rebuilding local parsing plan with next candidate parser: $&lt;read_str_from_txt&gt; =&gt; &lt;base64_ascii_str_pickle_to_object&gt; -&gt; &lt;float_to_bool&gt;$
DONE Rebuilding local parsing plan for [/home/travis/build/smarie/python-parsyfiles/parsyfiles/tests/combining_parsers_converters/test_data/b64pickle-float-1.0=True.txt]. Resuming parsing...
SUCCESS parsed [/home/travis/build/smarie/python-parsyfiles/parsyfiles/tests/combining_parsers_converters/test_data/b64pickle-float-1.0=True.txt] as a [bool] successfully. Parser used was [$&lt;read_str_from_txt&gt; =&gt; &lt;base64_ascii_str_pickle_to_object&gt; -&gt; &lt;float_to_bool&gt;$]
ERROR while parsing [/home/travis/build/smarie/python-parsyfiles/parsyfiles/tests/combining_parsers_converters/test_data/b64pickle-float-1.0=True.txt] into a [bool] using [$&lt;read_str_from_txt&gt; =&gt; &lt;str_to_bool&gt;$]. Set log level to DEBUG for details
Rebuilding local parsing plan with next candidate parser: $&lt;read_str_from_txt&gt; =&gt; &lt;base64_ascii_str_pickle_to_object&gt; -&gt; &lt;float_to_bool&gt;$
DONE Rebuilding local parsing plan for [/home/travis/build/smarie/python-parsyfiles/parsyfiles/tests/combining_parsers_converters/test_data/b64pickle-float-1.0=True.txt]. Resuming parsing...
SUCCESS parsed [/home/travis/build/smarie/python-parsyfiles/parsyfiles/tests/combining_parsers_converters/test_data/b64pickle-float-1.0=True.txt] as a [bool] successfully. Parser used was [$&lt;read_str_from_txt&gt; =&gt; &lt;base64_ascii_str_pickle_to_object&gt; -&gt; &lt;float_to_bool&gt;$]
ERROR while parsing [/home/travis/build/smarie/python-parsyfiles/parsyfiles/tests/combining_parsers_converters/test_data/b64pickle-float-1.0=True.txt] into a [bool] using [$&lt;read_str_from_txt&gt; =&gt; &lt;str_to_bool&gt;$]. Set log level to DEBUG for details
Rebuilding local parsing plan with next candidate parser: $&lt;read_str_from_txt&gt; =&gt; &lt;base64_ascii_str_pickle_to_object&gt; -&gt; &lt;float_to_bool&gt;$
DONE Rebuilding local parsing plan for [/home/travis/build/smarie/python-parsyfiles/parsyfiles/tests/combining_parsers_converters/test_data/b64pickle-float-1.0=True.txt]. Resuming parsing...
SUCCESS parsed [/home/travis/build/smarie/python-parsyfiles/parsyfiles/tests/combining_parsers_converters/test_data/b64pickle-float-1.0=True.txt] as a [bool] successfully. Parser used was [$&lt;read_str_from_txt&gt; =&gt; &lt;base64_ascii_str_pickle_to_object&gt; -&gt; &lt;float_to_bool&gt;$]
ERROR while parsing [/home/travis/build/smarie/python-parsyfiles/parsyfiles/tests/combining_parsers_converters/test_data/b64pickle-float-1.0=True.txt] into a [bool] using [$&lt;read_str_from_txt&gt; =&gt; &lt;str_to_bool&gt;$]. Set log level to DEBUG for details
Rebuilding local parsing plan with next candidate parser: $&lt;read_str_from_txt&gt; =&gt; &lt;base64_ascii_str_pickle_to_object&gt; -&gt; &lt;float_to_bool&gt;$
DONE Rebuilding local parsing plan for [/home/travis/build/smarie/python-parsyfiles/parsyfiles/tests/combining_parsers_converters/test_data/b64pickle-float-1.0=True.txt]. Resuming parsing...
SUCCESS parsed [/home/travis/build/smarie/python-parsyfiles/parsyfiles/tests/combining_parsers_converters/test_data/b64pickle-float-1.0=True.txt] as a [bool] successfully. Parser used was [$&lt;read_str_from_txt&gt; =&gt; &lt;base64_ascii_str_pickle_to_object&gt; -&gt; &lt;float_to_bool&gt;$]
ERROR while parsing [/home/travis/build/smarie/python-parsyfiles/parsyfiles/tests/combining_parsers_converters/test_data/b64pickle-float-1.0=True.txt] into a [bool] using [$&lt;read_str_from_txt&gt; =&gt; &lt;str_to_bool&gt;$]. Set log level to DEBUG for details
Rebuilding local parsing plan with next candidate parser: $&lt;read_str_from_txt&gt; =&gt; &lt;base64_ascii_str_pickle_to_object&gt; -&gt; &lt;float_to_bool&gt;$
DONE Rebuilding local parsing plan for [/home/travis/build/smarie/python-parsyfiles/parsyfiles/tests/combining_parsers_converters/test_data/b64pickle-float-1.0=True.txt]. Resuming parsing...
SUCCESS parsed [/home/travis/build/smarie/python-parsyfiles/parsyfiles/tests/combining_parsers_converters/test_data/b64pickle-float-1.0=True.txt] as a [bool] successfully. Parser used was [$&lt;read_str_from_txt&gt; =&gt; &lt;base64_ascii_str_pickle_to_object&gt; -&gt; &lt;float_to_bool&gt;$]
ERROR while parsing [/home/travis/build/smarie/python-parsyfiles/parsyfiles/tests/combining_parsers_converters/test_data/b64pickle-float-1.0=True.txt] into a [bool] using [$&lt;read_str_from_txt&gt; =&gt; &lt;str_to_bool&gt;$]. Set log level to DEBUG for details
Rebuilding local parsing plan with next candidate parser: $&lt;read_str_from_txt&gt; =&gt; &lt;base64_ascii_str_pickle_to_object&gt; -&gt; &lt;float_to_bool&gt;$
DONE Rebuilding local parsing plan for [/home/travis/build/smarie/python-parsyfiles/parsyfiles/tests/combining_parsers_converters/test_data/b64pickle-float-1.0=True.txt]. Resuming parsing...
SUCCESS parsed [/home/travis/build/smarie/python-parsyfiles/parsyfiles/tests/combining_parsers_converters/test_data/b64pickle-float-1.0=True.txt] as a [bool] successfully. Parser used was [$&lt;read_str_from_txt&gt; =&gt; &lt;base64_ascii_str_pickle_to_object&gt; -&gt; &lt;float_to_bool&gt;$]
ERROR while parsing [/home/travis/build/smarie/python-parsyfiles/parsyfiles/tests/combining_parsers_converters/test_data/b64pickle-float-1.0=True.txt] into a [bool] using [$&lt;read_str_from_txt&gt; =&gt; &lt;str_to_bool&gt;$]. Set log level to DEBUG for details
Rebuilding local parsing plan with next candidate parser: $&lt;read_str_from_txt&gt; =&gt; &lt;base64_ascii_str_pickle_to_object&gt; -&gt; &lt;float_to_bool&gt;$
DONE Rebuilding local parsing plan for [/home/travis/build/smarie/python-parsyfiles/parsyfiles/tests/combining_parsers_converters/test_data/b64pickle-float-1.0=True.txt]. Resuming parsing...
SUCCESS parsed [/home/travis/build/smarie/python-parsyfiles/parsyfiles/tests/combining_parsers_converters/test_data/b64pickle-float-1.0=True.txt] as a [bool] successfully. Parser used was [$&lt;read_str_from_txt&gt; =&gt; &lt;base64_ascii_str_pickle_to_object&gt; -&gt; &lt;float_to_bool&gt;$]
ERROR while parsing [/home/travis/build/smarie/python-parsyfiles/parsyfiles/tests/combining_parsers_converters/test_data/b64pickle-float-1.0=True.txt] into a [bool] using [$&lt;read_str_from_txt&gt; =&gt; &lt;str_to_bool&gt;$]. Set log level to DEBUG for details
Rebuilding local parsing plan with next candidate parser: $&lt;read_str_from_txt&gt; =&gt; &lt;base64_ascii_str_pickle_to_object&gt; -&gt; &lt;float_to_bool&gt;$
DONE Rebuilding local parsing plan for [/home/travis/build/smarie/python-parsyfiles/parsyfiles/tests/combining_parsers_converters/test_data/b64pickle-float-1.0=True.txt]. Resuming parsing...
SUCCESS parsed [/home/travis/build/smarie/python-parsyfiles/parsyfiles/tests/combining_parsers_converters/test_data/b64pickle-float-1.0=True.txt] as a [bool] successfully. Parser used was [$&lt;read_str_from_txt&gt; =&gt; &lt;base64_ascii_str_pickle_to_object&gt; -&gt; &lt;float_to_bool&gt;$]
ERROR while parsing [/home/travis/build/smarie/python-parsyfiles/parsyfiles/tests/combining_parsers_converters/test_data/b64pickle-float-1.0=True.txt] into a [bool] using [$&lt;read_str_from_txt&gt; =&gt; &lt;str_to_bool&gt;$]. Set log level to DEBUG for details
Rebuilding local parsing plan with next candidate parser: $&lt;read_str_from_txt&gt; =&gt; &lt;base64_ascii_str_pickle_to_object&gt; -&gt; &lt;float_to_bool&gt;$
DONE Rebuilding local parsing plan for [/home/travis/build/smarie/python-parsyfiles/parsyfiles/tests/combining_parsers_converters/test_data/b64pickle-float-1.0=True.txt]. Resuming parsing...
SUCCESS parsed [/home/travis/build/smarie/python-parsyfiles/parsyfiles/tests/combining_parsers_converters/test_data/b64pickle-float-1.0=True.txt] as a [bool] successfully. Parser used was [$&lt;read_str_from_txt&gt; =&gt; &lt;base64_ascii_str_pickle_to_object&gt; -&gt; &lt;float_to_bool&gt;$]
ERROR while parsing [/home/travis/build/smarie/python-parsyfiles/parsyfiles/tests/combining_parsers_converters/test_data/b64pickle-float-1.0=True.txt] into a [bool] using [$&lt;read_str_from_txt&gt; =&gt; &lt;str_to_bool&gt;$]. Set log level to DEBUG for details
Rebuilding local parsing plan with next candidate parser: $&lt;read_str_from_txt&gt; =&gt; &lt;base64_ascii_str_pickle_to_object&gt; -&gt; &lt;float_to_bool&gt;$
DONE Rebuilding local parsing plan for [/home/travis/build/smarie/python-parsyfiles/parsyfiles/tests/combining_parsers_converters/test_data/b64pickle-float-1.0=True.txt]. Resuming parsing...
SUCCESS parsed [/home/travis/build/smarie/python-parsyfiles/parsyfiles/tests/combining_parsers_converters/test_data/b64pickle-float-1.0=True.txt] as a [bool] successfully. Parser used was [$&lt;read_str_from_txt&gt; =&gt; &lt;base64_ascii_str_pickle_to_object&gt; -&gt; &lt;float_to_bool&gt;$]
ERROR while parsing [/home/travis/build/smarie/python-parsyfiles/parsyfiles/tests/combining_parsers_converters/test_data/b64pickle-float-1.0=True.txt] into a [bool] using [$&lt;read_str_from_txt&gt; =&gt; &lt;str_to_bool&gt;$]. Set log level to DEBUG for details
Rebuilding local parsing plan with next candidate parser: $&lt;read_str_from_txt&gt; =&gt; &lt;base64_ascii_str_pickle_to_object&gt; -&gt; &lt;float_to_bool&gt;$
DONE Rebuilding local parsing plan for [/home/travis/build/smarie/python-parsyfiles/parsyfiles/tests/combining_parsers_converters/test_data/b64pickle-float-1.0=True.txt]. Resuming parsing...
SUCCESS parsed [/home/travis/build/smarie/python-parsyfiles/parsyfiles/tests/combining_parsers_converters/test_data/b64pickle-float-1.0=True.txt] as a [bool] successfully. Parser used was [$&lt;read_str_from_txt&gt; =&gt; &lt;base64_ascii_str_pickle_to_object&gt; -&gt; &lt;float_to_bool&gt;$]
ERROR while parsing [/home/travis/build/smarie/python-parsyfiles/parsyfiles/tests/combining_parsers_converters/test_data/b64pickle-float-1.0=True.txt] into a [bool] using [$&lt;read_str_from_txt&gt; =&gt; &lt;str_to_bool&gt;$]. Set log level to DEBUG for details
Rebuilding local parsing plan with next candidate parser: $&lt;read_str_from_txt&gt; =&gt; &lt;base64_ascii_str_pickle_to_object&gt; -&gt; &lt;float_to_bool&gt;$
DONE Rebuilding local parsing plan for [/home/travis/build/smarie/python-parsyfiles/parsyfiles/tests/combining_parsers_converters/test_data/b64pickle-float-1.0=True.txt]. Resuming parsing...
SUCCESS parsed [/home/travis/build/smarie/python-parsyfiles/parsyfiles/tests/combining_parsers_converters/test_data/b64pickle-float-1.0=True.txt] as a [bool] successfully. Parser used was [$&lt;read_str_from_txt&gt; =&gt; &lt;base64_ascii_str_pickle_to_object&gt; -&gt; &lt;float_to_bool&gt;$]
ERROR while parsing [/home/travis/build/smarie/python-parsyfiles/parsyfiles/tests/combining_parsers_converters/test_data/b64pickle-float-1.0=True.txt] into a [bool] using [$&lt;read_str_from_txt&gt; =&gt; &lt;str_to_bool&gt;$]. Set log level to DEBUG for details
Rebuilding local parsing plan with next candidate parser: $&lt;read_str_from_txt&gt; =&gt; &lt;base64_ascii_str_pickle_to_object&gt; -&gt; &lt;float_to_bool&gt;$
DONE Rebuilding local parsing plan for [/home/travis/build/smarie/python-parsyfiles/parsyfiles/tests/combining_parsers_converters/test_data/b64pickle-float-1.0=True.txt]. Resuming parsing...
SUCCESS parsed [/home/travis/build/smarie/python-parsyfiles/parsyfiles/tests/combining_parsers_converters/test_data/b64pickle-float-1.0=True.txt] as a [bool] successfully. Parser used was [$&lt;read_str_from_txt&gt; =&gt; &lt;base64_ascii_str_pickle_to_object&gt; -&gt; &lt;float_to_bool&gt;$]
ERROR while parsing [/home/travis/build/smarie/python-parsyfiles/parsyfiles/tests/combining_parsers_converters/test_data/b64pickle-float-1.0=True.txt] into a [bool] using [$&lt;read_str_from_txt&gt; =&gt; &lt;str_to_bool&gt;$]. Set log level to DEBUG for details
Rebuilding local parsing plan with next candidate parser: $&lt;read_str_from_txt&gt; =&gt; &lt;base64_ascii_str_pickle_to_object&gt; -&gt; &lt;float_to_bool&gt;$
DONE Rebuilding local parsing plan for [/home/travis/build/smarie/python-parsyfiles/parsyfiles/tests/combining_parsers_converters/test_data/b64pickle-float-1.0=True.txt]. Resuming parsing...
SUCCESS parsed [/home/travis/build/smarie/python-parsyfiles/parsyfiles/tests/combining_parsers_converters/test_data/b64pickle-float-1.0=True.txt] as a [bool] successfully. Parser used was [$&lt;read_str_from_txt&gt; =&gt; &lt;base64_ascii_str_pickle_to_object&gt; -&gt; &lt;float_to_bool&gt;$]
ERROR while parsing [/home/travis/build/smarie/python-parsyfiles/parsyfiles/tests/combining_parsers_converters/test_data/b64pickle-float-1.0=True.txt] into a [bool] using [$&lt;read_str_from_txt&gt; =&gt; &lt;str_to_bool&gt;$]. Set log level to DEBUG for details
Rebuilding local parsing plan with next candidate parser: $&lt;read_str_from_txt&gt; =&gt; &lt;base64_ascii_str_pickle_to_object&gt; -&gt; &lt;float_to_bool&gt;$
DONE Rebuilding local parsing plan for [/home/travis/build/smarie/python-parsyfiles/parsyfiles/tests/combining_parsers_converters/test_data/b64pickle-float-1.0=True.txt]. Resuming parsing...
SUCCESS parsed [/home/travis/build/smarie/python-parsyfiles/parsyfiles/tests/combining_parsers_converters/test_data/b64pickle-float-1.0=True.txt] as a [bool] successfully. Parser used was [$&lt;read_str_from_txt&gt; =&gt; &lt;base64_ascii_str_pickle_to_object&gt; -&gt; &lt;float_to_bool&gt;$]
ERROR while parsing [/home/travis/build/smarie/python-parsyfiles/parsyfiles/tests/combining_parsers_converters/test_data/b64pickle-float-1.0=True.txt] into a [bool] using [$&lt;read_str_from_txt&gt; =&gt; &lt;str_to_bool&gt;$]. Set log level to DEBUG for details
Rebuilding local parsing plan with next candidate parser: $&lt;read_str_from_txt&gt; =&gt; &lt;base64_ascii_str_pickle_to_object&gt; -&gt; &lt;float_to_bool&gt;$
DONE Rebuilding local parsing plan for [/home/travis/build/smarie/python-parsyfiles/parsyfiles/tests/combining_parsers_converters/test_data/b64pickle-float-1.0=True.txt]. Resuming parsing...
SUCCESS parsed [/home/travis/build/smarie/python-parsyfiles/parsyfiles/tests/combining_parsers_converters/test_data/b64pickle-float-1.0=True.txt] as a [bool] successfully. Parser used was [$&lt;read_str_from_txt&gt; =&gt; &lt;base64_ascii_str_pickle_to_object&gt; -&gt; &lt;float_to_bool&gt;$]
ERROR while parsing [/home/travis/build/smarie/python-parsyfiles/parsyfiles/tests/combining_parsers_converters/test_data/b64pickle-float-1.0=True.txt] into a [bool] using [$&lt;read_str_from_txt&gt; =&gt; &lt;str_to_bool&gt;$]. Set log level to DEBUG for details
Rebuilding local parsing plan with next candidate parser: $&lt;read_str_from_txt&gt; =&gt; &lt;base64_ascii_str_pickle_to_object&gt; -&gt; &lt;float_to_bool&gt;$
DONE Rebuilding local parsing plan for [/home/travis/build/smarie/python-parsyfiles/parsyfiles/tests/combining_parsers_converters/test_data/b64pickle-float-1.0=True.txt]. Resuming parsing...
SUCCESS parsed [/home/travis/build/smarie/python-parsyfiles/parsyfiles/tests/combining_parsers_converters/test_data/b64pickle-float-1.0=True.txt] as a [bool] successfully. Parser used was [$&lt;read_str_from_txt&gt; =&gt; &lt;base64_ascii_str_pickle_to_object&gt; -&gt; &lt;float_to_bool&gt;$]
ERROR while parsing [/home/travis/build/smarie/python-parsyfiles/parsyfiles/tests/combining_parsers_converters/test_data/b64pickle-float-1.0=True.txt] into a [bool] using [$&lt;read_str_from_txt&gt; =&gt; &lt;str_to_bool&gt;$]. Set log level to DEBUG for details
Rebuilding local parsing plan with next candidate parser: $&lt;read_str_from_txt&gt; =&gt; &lt;base64_ascii_str_pickle_to_object&gt; -&gt; &lt;float_to_bool&gt;$
DONE Rebuilding local parsing plan for [/home/travis/build/smarie/python-parsyfiles/parsyfiles/tests/combining_parsers_converters/test_data/b64pickle-float-1.0=True.txt]. Resuming parsing...
SUCCESS parsed [/home/travis/build/smarie/python-parsyfiles/parsyfiles/tests/combining_parsers_converters/test_data/b64pickle-float-1.0=True.txt] as a [bool] successfully. Parser used was [$&lt;read_str_from_txt&gt; =&gt; &lt;base64_ascii_str_pickle_to_object&gt; -&gt; &lt;float_to_bool&gt;$]
ERROR while parsing [/home/travis/build/smarie/python-parsyfiles/parsyfiles/tests/combining_parsers_converters/test_data/b64pickle-float-1.0=True.txt] into a [bool] using [$&lt;read_str_from_txt&gt; =&gt; &lt;str_to_bool&gt;$]. Set log level to DEBUG for details
Rebuilding local parsing plan with next candidate parser: $&lt;read_str_from_txt&gt; =&gt; &lt;base64_ascii_str_pickle_to_object&gt; -&gt; &lt;float_to_bool&gt;$
DONE Rebuilding local parsing plan for [/home/travis/build/smarie/python-parsyfiles/parsyfiles/tests/combining_parsers_converters/test_data/b64pickle-float-1.0=True.txt]. Resuming parsing...
SUCCESS parsed [/home/travis/build/smarie/python-parsyfiles/parsyfiles/tests/combining_parsers_converters/test_data/b64pickle-float-1.0=True.txt] as a [bool] successfully. Parser used was [$&lt;read_str_from_txt&gt; =&gt; &lt;base64_ascii_str_pickle_to_object&gt; -&gt; &lt;float_to_bool&gt;$]
ERROR while parsing [/home/travis/build/smarie/python-parsyfiles/parsyfiles/tests/combining_parsers_converters/test_data/b64pickle-float-1.0=True.txt] into a [bool] using [$&lt;read_str_from_txt&gt; =&gt; &lt;str_to_bool&gt;$]. Set log level to DEBUG for details
Rebuilding local parsing plan with next candidate parser: $&lt;read_str_from_txt&gt; =&gt; &lt;base64_ascii_str_pickle_to_object&gt; -&gt; &lt;float_to_bool&gt;$
DONE Rebuilding local parsing plan for [/home/travis/build/smarie/python-parsyfiles/parsyfiles/tests/combining_parsers_converters/test_data/b64pickle-float-1.0=True.txt]. Resuming parsing...
SUCCESS parsed [/home/travis/build/smarie/python-parsyfiles/parsyfiles/tests/combining_parsers_converters/test_data/b64pickle-float-1.0=True.txt] as a [bool] successfully. Parser used was [$&lt;read_str_from_txt&gt; =&gt; &lt;base64_ascii_str_pickle_to_object&gt; -&gt; &lt;float_to_bool&gt;$]
ERROR while parsing [/home/travis/build/smarie/python-parsyfiles/parsyfiles/tests/combining_parsers_converters/test_data/b64pickle-float-1.0=True.txt] into a [bool] using [$&lt;read_str_from_txt&gt; =&gt; &lt;str_to_bool&gt;$]. Set log level to DEBUG for details
Rebuilding local parsing plan with next candidate parser: $&lt;read_str_from_txt&gt; =&gt; &lt;base64_ascii_str_pickle_to_object&gt; -&gt; &lt;float_to_bool&gt;$
DONE Rebuilding local parsing plan for [/home/travis/build/smarie/python-parsyfiles/parsyfiles/tests/combining_parsers_converters/test_data/b64pickle-float-1.0=True.txt]. Resuming parsing...
SUCCESS parsed [/home/travis/build/smarie/python-parsyfiles/parsyfiles/tests/combining_parsers_converters/test_data/b64pickle-float-1.0=True.txt] as a [bool] successfully. Parser used was [$&lt;read_str_from_txt&gt; =&gt; &lt;base64_ascii_str_pickle_to_object&gt; -&gt; &lt;float_to_bool&gt;$]
ERROR while parsing [/home/travis/build/smarie/python-parsyfiles/parsyfiles/tests/combining_parsers_converters/test_data/b64pickle-float-1.0=True.txt] into a [bool] using [$&lt;read_str_from_txt&gt; =&gt; &lt;str_to_bool&gt;$]. Set log level to DEBUG for details
Rebuilding local parsing plan with next candidate parser: $&lt;read_str_from_txt&gt; =&gt; &lt;base64_ascii_str_pickle_to_object&gt; -&gt; &lt;float_to_bool&gt;$
DONE Rebuilding local parsing plan for [/home/travis/build/smarie/python-parsyfiles/parsyfiles/tests/combining_parsers_converters/test_data/b64pickle-float-1.0=True.txt]. Resuming parsing...
SUCCESS parsed [/home/travis/build/smarie/python-parsyfiles/parsyfiles/tests/combining_parsers_converters/test_data/b64pickle-float-1.0=True.txt] as a [bool] successfully. Parser used was [$&lt;read_str_from_txt&gt; =&gt; &lt;base64_ascii_str_pickle_to_object&gt; -&gt; &lt;float_to_bool&gt;$]
ERROR while parsing [/home/travis/build/smarie/python-parsyfiles/parsyfiles/tests/combining_parsers_converters/test_data/b64pickle-float-1.0=True.txt] into a [bool] using [$&lt;read_str_from_txt&gt; =&gt; &lt;str_to_bool&gt;$]. Set log level to DEBUG for details
Rebuilding local parsing plan with next candidate parser: $&lt;read_str_from_txt&gt; =&gt; &lt;base64_ascii_str_pickle_to_object&gt; -&gt; &lt;float_to_bool&gt;$
DONE Rebuilding local parsing plan for [/home/travis/build/smarie/python-parsyfiles/parsyfiles/tests/combining_parsers_converters/test_data/b64pickle-float-1.0=True.txt]. Resuming parsing...
SUCCESS parsed [/home/travis/build/smarie/python-parsyfiles/parsyfiles/tests/combining_parsers_converters/test_data/b64pickle-float-1.0=True.txt] as a [bool] successfully. Parser used was [$&lt;read_str_from_txt&gt; =&gt; &lt;base64_ascii_str_pickle_to_object&gt; -&gt; &lt;float_to_bool&gt;$]
ERROR while parsing [/home/travis/build/smarie/python-parsyfiles/parsyfiles/tests/combining_parsers_converters/test_data/b64pickle-float-1.0=True.txt] into a [bool] using [$&lt;read_str_from_txt&gt; =&gt; &lt;str_to_bool&gt;$]. Set log level to DEBUG for details
Rebuilding local parsing plan with next candidate parser: $&lt;read_str_from_txt&gt; =&gt; &lt;base64_ascii_str_pickle_to_object&gt; -&gt; &lt;float_to_bool&gt;$
DONE Rebuilding local parsing plan for [/home/travis/build/smarie/python-parsyfiles/parsyfiles/tests/combining_parsers_converters/test_data/b64pickle-float-1.0=True.txt]. Resuming parsing...
SUCCESS parsed [/home/travis/build/smarie/python-parsyfiles/parsyfiles/tests/combining_parsers_converters/test_data/b64pickle-float-1.0=True.txt] as a [bool] successfully. Parser used was [$&lt;read_str_from_txt&gt; =&gt; &lt;base64_ascii_str_pickle_to_object&gt; -&gt; &lt;float_to_bool&gt;$]
ERROR while parsing [/home/travis/build/smarie/python-parsyfiles/parsyfiles/tests/combining_parsers_converters/test_data/b64pickle-float-1.0=True.txt] into a [bool] using [$&lt;read_str_from_txt&gt; =&gt; &lt;str_to_bool&gt;$]. Set log level to DEBUG for details
Rebuilding local parsing plan with next candidate parser: $&lt;read_str_from_txt&gt; =&gt; &lt;base64_ascii_str_pickle_to_object&gt; -&gt; &lt;float_to_bool&gt;$
DONE Rebuilding local parsing plan for [/home/travis/build/smarie/python-parsyfiles/parsyfiles/tests/combining_parsers_converters/test_data/b64pickle-float-1.0=True.txt]. Resuming parsing...
SUCCESS parsed [/home/travis/build/smarie/python-parsyfiles/parsyfiles/tests/combining_parsers_converters/test_data/b64pickle-float-1.0=True.txt] as a [bool] successfully. Parser used was [$&lt;read_str_from_txt&gt; =&gt; &lt;base64_ascii_str_pickle_to_object&gt; -&gt; &lt;float_to_bool&gt;$]
ERROR while parsing [/home/travis/build/smarie/python-parsyfiles/parsyfiles/tests/combining_parsers_converters/test_data/b64pickle-float-1.0=True.txt] into a [bool] using [$&lt;read_str_from_txt&gt; =&gt; &lt;str_to_bool&gt;$]. Set log level to DEBUG for details
Rebuilding local parsing plan with next candidate parser: $&lt;read_str_from_txt&gt; =&gt; &lt;base64_ascii_str_pickle_to_object&gt; -&gt; &lt;float_to_bool&gt;$
DONE Rebuilding local parsing plan for [/home/travis/build/smarie/python-parsyfiles/parsyfiles/tests/combining_parsers_converters/test_data/b64pickle-float-1.0=True.txt]. Resuming parsing...
SUCCESS parsed [/home/travis/build/smarie/python-parsyfiles/parsyfiles/tests/combining_parsers_converters/test_data/b64pickle-float-1.0=True.txt] as a [bool] successfully. Parser used was [$&lt;read_str_from_txt&gt; =&gt; &lt;base64_ascii_str_pickle_to_object&gt; -&gt; &lt;float_to_bool&gt;$]
ERROR while parsing [/home/travis/build/smarie/python-parsyfiles/parsyfiles/tests/combining_parsers_converters/test_data/b64pickle-float-1.0=True.txt] into a [bool] using [$&lt;read_str_from_txt&gt; =&gt; &lt;str_to_bool&gt;$]. Set log level to DEBUG for details
Rebuilding local parsing plan with next candidate parser: $&lt;read_str_from_txt&gt; =&gt; &lt;base64_ascii_str_pickle_to_object&gt; -&gt; &lt;float_to_bool&gt;$
DONE Rebuilding local parsing plan for [/home/travis/build/smarie/python-parsyfiles/parsyfiles/tests/combining_parsers_converters/test_data/b64pickle-float-1.0=True.txt]. Resuming parsing...
SUCCESS parsed [/home/travis/build/smarie/python-parsyfiles/parsyfiles/tests/combining_parsers_converters/test_data/b64pickle-float-1.0=True.txt] as a [bool] successfully. Parser used was [$&lt;read_str_from_txt&gt; =&gt; &lt;base64_ascii_str_pickle_to_object&gt; -&gt; &lt;float_to_bool&gt;$]
ERROR while parsing [/home/travis/build/smarie/python-parsyfiles/parsyfiles/tests/combining_parsers_converters/test_data/b64pickle-float-1.0=True.txt] into a [bool] using [$&lt;read_str_from_txt&gt; =&gt; &lt;str_to_bool&gt;$]. Set log level to DEBUG for details
Rebuilding local parsing plan with next candidate parser: $&lt;read_str_from_txt&gt; =&gt; &lt;base64_ascii_str_pickle_to_object&gt; -&gt; &lt;float_to_bool&gt;$
DONE Rebuilding local parsing plan for [/home/travis/build/smarie/python-parsyfiles/parsyfiles/tests/combining_parsers_converters/test_data/b64pickle-float-1.0=True.txt]. Resuming parsing...
SUCCESS parsed [/home/travis/build/smarie/python-parsyfiles/parsyfiles/tests/combining_parsers_converters/test_data/b64pickle-float-1.0=True.txt] as a [bool] successfully. Parser used was [$&lt;read_str_from_txt&gt; =&gt; &lt;base64_ascii_str_pickle_to_object&gt; -&gt; &lt;float_to_bool&gt;$]
ERROR while parsing [/home/travis/build/smarie/python-parsyfiles/parsyfiles/tests/combining_parsers_converters/test_data/b64pickle-float-1.0=True.txt] into a [bool] using [$&lt;read_str_from_txt&gt; =&gt; &lt;str_to_bool&gt;$]. Set log level to DEBUG for details
Rebuilding local parsing plan with next candidate parser: $&lt;read_str_from_txt&gt; =&gt; &lt;base64_ascii_str_pickle_to_object&gt; -&gt; &lt;float_to_bool&gt;$
DONE Rebuilding local parsing plan for [/home/travis/build/smarie/python-parsyfiles/parsyfiles/tests/combining_parsers_converters/test_data/b64pickle-float-1.0=True.txt]. Resuming parsing...
SUCCESS parsed [/home/travis/build/smarie/python-parsyfiles/parsyfiles/tests/combining_parsers_converters/test_data/b64pickle-float-1.0=True.txt] as a [bool] successfully. Parser used was [$&lt;read_str_from_txt&gt; =&gt; &lt;base64_ascii_str_pickle_to_object&gt; -&gt; &lt;float_to_bool&gt;$]
ERROR while parsing [/home/travis/build/smarie/python-parsyfiles/parsyfiles/tests/combining_parsers_converters/test_data/b64pickle-float-1.0=True.txt] into a [bool] using [$&lt;read_str_from_txt&gt; =&gt; &lt;str_to_bool&gt;$]. Set log level to DEBUG for details
Rebuilding local parsing plan with next candidate parser: $&lt;read_str_from_txt&gt; =&gt; &lt;base64_ascii_str_pickle_to_object&gt; -&gt; &lt;float_to_bool&gt;$
DONE Rebuilding local parsing plan for [/home/travis/build/smarie/python-parsyfiles/parsyfiles/tests/combining_parsers_converters/test_data/b64pickle-float-1.0=True.txt]. Resuming parsing...
SUCCESS parsed [/home/travis/build/smarie/python-parsyfiles/parsyfiles/tests/combining_parsers_converters/test_data/b64pickle-float-1.0=True.txt] as a [bool] successfully. Parser used was [$&lt;read_str_from_txt&gt; =&gt; &lt;base64_ascii_str_pickle_to_object&gt; -&gt; &lt;float_to_bool&gt;$]
ERROR while parsing [/home/travis/build/smarie/python-parsyfiles/parsyfiles/tests/combining_parsers_converters/test_data/b64pickle-float-1.0=True.txt] into a [bool] using [$&lt;read_str_from_txt&gt; =&gt; &lt;str_to_bool&gt;$]. Set log level to DEBUG for details
Rebuilding local parsing plan with next candidate parser: $&lt;read_str_from_txt&gt; =&gt; &lt;base64_ascii_str_pickle_to_object&gt; -&gt; &lt;float_to_bool&gt;$
DONE Rebuilding local parsing plan for [/home/travis/build/smarie/python-parsyfiles/parsyfiles/tests/combining_parsers_converters/test_data/b64pickle-float-1.0=True.txt]. Resuming parsing...
SUCCESS parsed [/home/travis/build/smarie/python-parsyfiles/parsyfiles/tests/combining_parsers_converters/test_data/b64pickle-float-1.0=True.txt] as a [bool] successfully. Parser used was [$&lt;read_str_from_txt&gt; =&gt; &lt;base64_ascii_str_pickle_to_object&gt; -&gt; &lt;float_to_bool&gt;$]
ERROR while parsing [/home/travis/build/smarie/python-parsyfiles/parsyfiles/tests/combining_parsers_converters/test_data/b64pickle-float-1.0=True.txt] into a [bool] using [$&lt;read_str_from_txt&gt; =&gt; &lt;str_to_bool&gt;$]. Set log level to DEBUG for details
Rebuilding local parsing plan with next candidate parser: $&lt;read_str_from_txt&gt; =&gt; &lt;base64_ascii_str_pickle_to_object&gt; -&gt; &lt;float_to_bool&gt;$
DONE Rebuilding local parsing plan for [/home/travis/build/smarie/python-parsyfiles/parsyfiles/tests/combining_parsers_converters/test_data/b64pickle-float-1.0=True.txt]. Resuming parsing...
SUCCESS parsed [/home/travis/build/smarie/python-parsyfiles/parsyfiles/tests/combining_parsers_converters/test_data/b64pickle-float-1.0=True.txt] as a [bool] successfully. Parser used was [$&lt;read_str_from_txt&gt; =&gt; &lt;base64_ascii_str_pickle_to_object&gt; -&gt; &lt;float_to_bool&gt;$]
ERROR while parsing [/home/travis/build/smarie/python-parsyfiles/parsyfiles/tests/combining_parsers_converters/test_data/b64pickle-float-1.0=True.txt] into a [bool] using [$&lt;read_str_from_txt&gt; =&gt; &lt;str_to_bool&gt;$]. Set log level to DEBUG for details
Rebuilding local parsing plan with next candidate parser: $&lt;read_str_from_txt&gt; =&gt; &lt;base64_ascii_str_pickle_to_object&gt; -&gt; &lt;float_to_bool&gt;$
DONE Rebuilding local parsing plan for [/home/travis/build/smarie/python-parsyfiles/parsyfiles/tests/combining_parsers_converters/test_data/b64pickle-float-1.0=True.txt]. Resuming parsing...
SUCCESS parsed [/home/travis/build/smarie/python-parsyfiles/parsyfiles/tests/combining_parsers_converters/test_data/b64pickle-float-1.0=True.txt] as a [bool] successfully. Parser used was [$&lt;read_str_from_txt&gt; =&gt; &lt;base64_ascii_str_pickle_to_object&gt; -&gt; &lt;float_to_bool&gt;$]
ERROR while parsing [/home/travis/build/smarie/python-parsyfiles/parsyfiles/tests/combining_parsers_converters/test_data/b64pickle-float-1.0=True.txt] into a [bool] using [$&lt;read_str_from_txt&gt; =&gt; &lt;str_to_bool&gt;$]. Set log level to DEBUG for details
Rebuilding local parsing plan with next candidate parser: $&lt;read_str_from_txt&gt; =&gt; &lt;base64_ascii_str_pickle_to_object&gt; -&gt; &lt;float_to_bool&gt;$
DONE Rebuilding local parsing plan for [/home/travis/build/smarie/python-parsyfiles/parsyfiles/tests/combining_parsers_converters/test_data/b64pickle-float-1.0=True.txt]. Resuming parsing...
SUCCESS parsed [/home/travis/build/smarie/python-parsyfiles/parsyfiles/tests/combining_parsers_converters/test_data/b64pickle-float-1.0=True.txt] as a [bool] successfully. Parser used was [$&lt;read_str_from_txt&gt; =&gt; &lt;base64_ascii_str_pickle_to_object&gt; -&gt; &lt;float_to_bool&gt;$]
ERROR while parsing [/home/travis/build/smarie/python-parsyfiles/parsyfiles/tests/combining_parsers_converters/test_data/b64pickle-float-1.0=True.txt] into a [bool] using [$&lt;read_str_from_txt&gt; =&gt; &lt;str_to_bool&gt;$]. Set log level to DEBUG for details
Rebuilding local parsing plan with next candidate parser: $&lt;read_str_from_txt&gt; =&gt; &lt;base64_ascii_str_pickle_to_object&gt; -&gt; &lt;float_to_bool&gt;$
DONE Rebuilding local parsing plan for [/home/travis/build/smarie/python-parsyfiles/parsyfiles/tests/combining_parsers_converters/test_data/b64pickle-float-1.0=True.txt]. Resuming parsing...
SUCCESS parsed [/home/travis/build/smarie/python-parsyfiles/parsyfiles/tests/combining_parsers_converters/test_data/b64pickle-float-1.0=True.txt] as a [bool] successfully. Parser used was [$&lt;read_str_from_txt&gt; =&gt; &lt;base64_ascii_str_pickle_to_object&gt; -&gt; &lt;float_to_bool&gt;$]
ERROR while parsing [/home/travis/build/smarie/python-parsyfiles/parsyfiles/tests/combining_parsers_converters/test_data/b64pickle-float-1.0=True.txt] into a [bool] using [$&lt;read_str_from_txt&gt; =&gt; &lt;str_to_bool&gt;$]. Set log level to DEBUG for details
Rebuilding local parsing plan with next candidate parser: $&lt;read_str_from_txt&gt; =&gt; &lt;base64_ascii_str_pickle_to_object&gt; -&gt; &lt;float_to_bool&gt;$
DONE Rebuilding local parsing plan for [/home/travis/build/smarie/python-parsyfiles/parsyfiles/tests/combining_parsers_converters/test_data/b64pickle-float-1.0=True.txt]. Resuming parsing...
SUCCESS parsed [/home/travis/build/smarie/python-parsyfiles/parsyfiles/tests/combining_parsers_converters/test_data/b64pickle-float-1.0=True.txt] as a [bool] successfully. Parser used was [$&lt;read_str_from_txt&gt; =&gt; &lt;base64_ascii_str_pickle_to_object&gt; -&gt; &lt;float_to_bool&gt;$]
ERROR while parsing [/home/travis/build/smarie/python-parsyfiles/parsyfiles/tests/combining_parsers_converters/test_data/b64pickle-float-1.0=True.txt] into a [bool] using [$&lt;read_str_from_txt&gt; =&gt; &lt;str_to_bool&gt;$]. Set log level to DEBUG for details
Rebuilding local parsing plan with next candidate parser: $&lt;read_str_from_txt&gt; =&gt; &lt;base64_ascii_str_pickle_to_object&gt; -&gt; &lt;float_to_bool&gt;$
DONE Rebuilding local parsing plan for [/home/travis/build/smarie/python-parsyfiles/parsyfiles/tests/combining_parsers_converters/test_data/b64pickle-float-1.0=True.txt]. Resuming parsing...
SUCCESS parsed [/home/travis/build/smarie/python-parsyfiles/parsyfiles/tests/combining_parsers_converters/test_data/b64pickle-float-1.0=True.txt] as a [bool] successfully. Parser used was [$&lt;read_str_from_txt&gt; =&gt; &lt;base64_ascii_str_pickle_to_object&gt; -&gt; &lt;float_to_bool&gt;$]
ERROR while parsing [/home/travis/build/smarie/python-parsyfiles/parsyfiles/tests/combining_parsers_converters/test_data/b64pickle-float-1.0=True.txt] into a [bool] using [$&lt;read_str_from_txt&gt; =&gt; &lt;str_to_bool&gt;$]. Set log level to DEBUG for details
Rebuilding local parsing plan with next candidate parser: $&lt;read_str_from_txt&gt; =&gt; &lt;base64_ascii_str_pickle_to_object&gt; -&gt; &lt;float_to_bool&gt;$
DONE Rebuilding local parsing plan for [/home/travis/build/smarie/python-parsyfiles/parsyfiles/tests/combining_parsers_converters/test_data/b64pickle-float-1.0=True.txt]. Resuming parsing...
SUCCESS parsed [/home/travis/build/smarie/python-parsyfiles/parsyfiles/tests/combining_parsers_converters/test_data/b64pickle-float-1.0=True.txt] as a [bool] successfully. Parser used was [$&lt;read_str_from_txt&gt; =&gt; &lt;base64_ascii_str_pickle_to_object&gt; -&gt; &lt;float_to_bool&gt;$]
ERROR while parsing [/home/travis/build/smarie/python-parsyfiles/parsyfiles/tests/combining_parsers_converters/test_data/b64pickle-float-1.0=True.txt] into a [bool] using [$&lt;read_str_from_txt&gt; =&gt; &lt;str_to_bool&gt;$]. Set log level to DEBUG for details
Rebuilding local parsing plan with next candidate parser: $&lt;read_str_from_txt&gt; =&gt; &lt;base64_ascii_str_pickle_to_object&gt; -&gt; &lt;float_to_bool&gt;$
DONE Rebuilding local parsing plan for [/home/travis/build/smarie/python-parsyfiles/parsyfiles/tests/combining_parsers_converters/test_data/b64pickle-float-1.0=True.txt]. Resuming parsing...
SUCCESS parsed [/home/travis/build/smarie/python-parsyfiles/parsyfiles/tests/combining_parsers_converters/test_data/b64pickle-float-1.0=True.txt] as a [bool] successfully. Parser used was [$&lt;read_str_from_txt&gt; =&gt; &lt;base64_ascii_str_pickle_to_object&gt; -&gt; &lt;float_to_bool&gt;$]
ERROR while parsing [/home/travis/build/smarie/python-parsyfiles/parsyfiles/tests/combining_parsers_converters/test_data/b64pickle-float-1.0=True.txt] into a [bool] using [$&lt;read_str_from_txt&gt; =&gt; &lt;str_to_bool&gt;$]. Set log level to DEBUG for details
Rebuilding local parsing plan with next candidate parser: $&lt;read_str_from_txt&gt; =&gt; &lt;base64_ascii_str_pickle_to_object&gt; -&gt; &lt;float_to_bool&gt;$
DONE Rebuilding local parsing plan for [/home/travis/build/smarie/python-parsyfiles/parsyfiles/tests/combining_parsers_converters/test_data/b64pickle-float-1.0=True.txt]. Resuming parsing...
SUCCESS parsed [/home/travis/build/smarie/python-parsyfiles/parsyfiles/tests/combining_parsers_converters/test_data/b64pickle-float-1.0=True.txt] as a [bool] successfully. Parser used was [$&lt;read_str_from_txt&gt; =&gt; &lt;base64_ascii_str_pickle_to_object&gt; -&gt; &lt;float_to_bool&gt;$]
ERROR while parsing [/home/travis/build/smarie/python-parsyfiles/parsyfiles/tests/combining_parsers_converters/test_data/b64pickle-float-1.0=True.txt] into a [bool] using [$&lt;read_str_from_txt&gt; =&gt; &lt;str_to_bool&gt;$]. Set log level to DEBUG for details
Rebuilding local parsing plan with next candidate parser: $&lt;read_str_from_txt&gt; =&gt; &lt;base64_ascii_str_pickle_to_object&gt; -&gt; &lt;float_to_bool&gt;$
DONE Rebuilding local parsing plan for [/home/travis/build/smarie/python-parsyfiles/parsyfiles/tests/combining_parsers_converters/test_data/b64pickle-float-1.0=True.txt]. Resuming parsing...
SUCCESS parsed [/home/travis/build/smarie/python-parsyfiles/parsyfiles/tests/combining_parsers_converters/test_data/b64pickle-float-1.0=True.txt] as a [bool] successfully. Parser used was [$&lt;read_str_from_txt&gt; =&gt; &lt;base64_ascii_str_pickle_to_object&gt; -&gt; &lt;float_to_bool&gt;$]
ERROR while parsing [/home/travis/build/smarie/python-parsyfiles/parsyfiles/tests/combining_parsers_converters/test_data/b64pickle-float-1.0=True.txt] into a [bool] using [$&lt;read_str_from_txt&gt; =&gt; &lt;str_to_bool&gt;$]. Set log level to DEBUG for details
Rebuilding local parsing plan with next candidate parser: $&lt;read_str_from_txt&gt; =&gt; &lt;base64_ascii_str_pickle_to_object&gt; -&gt; &lt;float_to_bool&gt;$
DONE Rebuilding local parsing plan for [/home/travis/build/smarie/python-parsyfiles/parsyfiles/tests/combining_parsers_converters/test_data/b64pickle-float-1.0=True.txt]. Resuming parsing...
SUCCESS parsed [/home/travis/build/smarie/python-parsyfiles/parsyfiles/tests/combining_parsers_converters/test_data/b64pickle-float-1.0=True.txt] as a [bool] successfully. Parser used was [$&lt;read_str_from_txt&gt; =&gt; &lt;base64_ascii_str_pickle_to_object&gt; -&gt; &lt;float_to_bool&gt;$]
ERROR while parsing [/home/travis/build/smarie/python-parsyfiles/parsyfiles/tests/combining_parsers_converters/test_data/b64pickle-float-1.0=True.txt] into a [bool] using [$&lt;read_str_from_txt&gt; =&gt; &lt;str_to_bool&gt;$]. Set log level to DEBUG for details
Rebuilding local parsing plan with next candidate parser: $&lt;read_str_from_txt&gt; =&gt; &lt;base64_ascii_str_pickle_to_object&gt; -&gt; &lt;float_to_bool&gt;$
DONE Rebuilding local parsing plan for [/home/travis/build/smarie/python-parsyfiles/parsyfiles/tests/combining_parsers_converters/test_data/b64pickle-float-1.0=True.txt]. Resuming parsing...
SUCCESS parsed [/home/travis/build/smarie/python-parsyfiles/parsyfiles/tests/combining_parsers_converters/test_data/b64pickle-float-1.0=True.txt] as a [bool] successfully. Parser used was [$&lt;read_str_from_txt&gt; =&gt; &lt;base64_ascii_str_pickle_to_object&gt; -&gt; &lt;float_to_bool&gt;$]
ERROR while parsing [/home/travis/build/smarie/python-parsyfiles/parsyfiles/tests/combining_parsers_converters/test_data/b64pickle-float-1.0=True.txt] into a [bool] using [$&lt;read_str_from_txt&gt; =&gt; &lt;str_to_bool&gt;$]. Set log level to DEBUG for details
Rebuilding local parsing plan with next candidate parser: $&lt;read_str_from_txt&gt; =&gt; &lt;base64_ascii_str_pickle_to_object&gt; -&gt; &lt;float_to_bool&gt;$
DONE Rebuilding local parsing plan for [/home/travis/build/smarie/python-parsyfiles/parsyfiles/tests/combining_parsers_converters/test_data/b64pickle-float-1.0=True.txt]. Resuming parsing...
SUCCESS parsed [/home/travis/build/smarie/python-parsyfiles/parsyfiles/tests/combining_parsers_converters/test_data/b64pickle-float-1.0=True.txt] as a [bool] successfully. Parser used was [$&lt;read_str_from_txt&gt; =&gt; &lt;base64_ascii_str_pickle_to_object&gt; -&gt; &lt;float_to_bool&gt;$]
ERROR while parsing [/home/travis/build/smarie/python-parsyfiles/parsyfiles/tests/combining_parsers_converters/test_data/b64pickle-float-1.0=True.txt] into a [bool] using [$&lt;read_str_from_txt&gt; =&gt; &lt;str_to_bool&gt;$]. Set log level to DEBUG for details
Rebuilding local parsing plan with next candidate parser: $&lt;read_str_from_txt&gt; =&gt; &lt;base64_ascii_str_pickle_to_object&gt; -&gt; &lt;float_to_bool&gt;$
DONE Rebuilding local parsing plan for [/home/travis/build/smarie/python-parsyfiles/parsyfiles/tests/combining_parsers_converters/test_data/b64pickle-float-1.0=True.txt]. Resuming parsing...
SUCCESS parsed [/home/travis/build/smarie/python-parsyfiles/parsyfiles/tests/combining_parsers_converters/test_data/b64pickle-float-1.0=True.txt] as a [bool] successfully. Parser used was [$&lt;read_str_from_txt&gt; =&gt; &lt;base64_ascii_str_pickle_to_object&gt; -&gt; &lt;float_to_bool&gt;$]
ERROR while parsing [/home/travis/build/smarie/python-parsyfiles/parsyfiles/tests/combining_parsers_converters/test_data/b64pickle-float-1.0=True.txt] into a [bool] using [$&lt;read_str_from_txt&gt; =&gt; &lt;str_to_bool&gt;$]. Set log level to DEBUG for details
Rebuilding local parsing plan with next candidate parser: $&lt;read_str_from_txt&gt; =&gt; &lt;base64_ascii_str_pickle_to_object&gt; -&gt; &lt;float_to_bool&gt;$
DONE Rebuilding local parsing plan for [/home/travis/build/smarie/python-parsyfiles/parsyfiles/tests/combining_parsers_converters/test_data/b64pickle-float-1.0=True.txt]. Resuming parsing...
SUCCESS parsed [/home/travis/build/smarie/python-parsyfiles/parsyfiles/tests/combining_parsers_converters/test_data/b64pickle-float-1.0=True.txt] as a [bool] successfully. Parser used was [$&lt;read_str_from_txt&gt; =&gt; &lt;base64_ascii_str_pickle_to_object&gt; -&gt; &lt;float_to_bool&gt;$]
ERROR while parsing [/home/travis/build/smarie/python-parsyfiles/parsyfiles/tests/combining_parsers_converters/test_data/b64pickle-float-1.0=True.txt] into a [bool] using [$&lt;read_str_from_txt&gt; =&gt; &lt;str_to_bool&gt;$]. Set log level to DEBUG for details
Rebuilding local parsing plan with next candidate parser: $&lt;read_str_from_txt&gt; =&gt; &lt;base64_ascii_str_pickle_to_object&gt; -&gt; &lt;float_to_bool&gt;$
DONE Rebuilding local parsing plan for [/home/travis/build/smarie/python-parsyfiles/parsyfiles/tests/combining_parsers_converters/test_data/b64pickle-float-1.0=True.txt]. Resuming parsing...
SUCCESS parsed [/home/travis/build/smarie/python-parsyfiles/parsyfiles/tests/combining_parsers_converters/test_data/b64pickle-float-1.0=True.txt] as a [bool] successfully. Parser used was [$&lt;read_str_from_txt&gt; =&gt; &lt;base64_ascii_str_pickle_to_object&gt; -&gt; &lt;float_to_bool&gt;$]
ERROR while parsing [/home/travis/build/smarie/python-parsyfiles/parsyfiles/tests/combining_parsers_converters/test_data/b64pickle-float-1.0=True.txt] into a [bool] using [$&lt;read_str_from_txt&gt; =&gt; &lt;str_to_bool&gt;$]. Set log level to DEBUG for details
Rebuilding local parsing plan with next candidate parser: $&lt;read_str_from_txt&gt; =&gt; &lt;base64_ascii_str_pickle_to_object&gt; -&gt; &lt;float_to_bool&gt;$
DONE Rebuilding local parsing plan for [/home/travis/build/smarie/python-parsyfiles/parsyfiles/tests/combining_parsers_converters/test_data/b64pickle-float-1.0=True.txt]. Resuming parsing...
SUCCESS parsed [/home/travis/build/smarie/python-parsyfiles/parsyfiles/tests/combining_parsers_converters/test_data/b64pickle-float-1.0=True.txt] as a [bool] successfully. Parser used was [$&lt;read_str_from_txt&gt; =&gt; &lt;base64_ascii_str_pickle_to_object&gt; -&gt; &lt;float_to_bool&gt;$]
ERROR while parsing [/home/travis/build/smarie/python-parsyfiles/parsyfiles/tests/combining_parsers_converters/test_data/b64pickle-float-1.0=True.txt] into a [bool] using [$&lt;read_str_from_txt&gt; =&gt; &lt;str_to_bool&gt;$]. Set log level to DEBUG for details
Rebuilding local parsing plan with next candidate parser: $&lt;read_str_from_txt&gt; =&gt; &lt;base64_ascii_str_pickle_to_object&gt; -&gt; &lt;float_to_bool&gt;$
DONE Rebuilding local parsing plan for [/home/travis/build/smarie/python-parsyfiles/parsyfiles/tests/combining_parsers_converters/test_data/b64pickle-float-1.0=True.txt]. Resuming parsing...
SUCCESS parsed [/home/travis/build/smarie/python-parsyfiles/parsyfiles/tests/combining_parsers_converters/test_data/b64pickle-float-1.0=True.txt] as a [bool] successfully. Parser used was [$&lt;read_str_from_txt&gt; =&gt; &lt;base64_ascii_str_pickle_to_object&gt; -&gt; &lt;float_to_bool&gt;$]
ERROR while parsing [/home/travis/build/smarie/python-parsyfiles/parsyfiles/tests/combining_parsers_converters/test_data/b64pickle-float-1.0=True.txt] into a [bool] using [$&lt;read_str_from_txt&gt; =&gt; &lt;str_to_bool&gt;$]. Set log level to DEBUG for details
Rebuilding local parsing plan with next candidate parser: $&lt;read_str_from_txt&gt; =&gt; &lt;base64_ascii_str_pickle_to_object&gt; -&gt; &lt;float_to_bool&gt;$
DONE Rebuilding local parsing plan for [/home/travis/build/smarie/python-parsyfiles/parsyfiles/tests/combining_parsers_converters/test_data/b64pickle-float-1.0=True.txt]. Resuming parsing...
SUCCESS parsed [/home/travis/build/smarie/python-parsyfiles/parsyfiles/tests/combining_parsers_converters/test_data/b64pickle-float-1.0=True.txt] as a [bool] successfully. Parser used was [$&lt;read_str_from_txt&gt; =&gt; &lt;base64_ascii_str_pickle_to_object&gt; -&gt; &lt;float_to_bool&gt;$]
ERROR while parsing [/home/travis/build/smarie/python-parsyfiles/parsyfiles/tests/combining_parsers_converters/test_data/b64pickle-float-1.0=True.txt] into a [bool] using [$&lt;read_str_from_txt&gt; =&gt; &lt;str_to_bool&gt;$]. Set log level to DEBUG for details
Rebuilding local parsing plan with next candidate parser: $&lt;read_str_from_txt&gt; =&gt; &lt;base64_ascii_str_pickle_to_object&gt; -&gt; &lt;float_to_bool&gt;$
DONE Rebuilding local parsing plan for [/home/travis/build/smarie/python-parsyfiles/parsyfiles/tests/combining_parsers_converters/test_data/b64pickle-float-1.0=True.txt]. Resuming parsing...
SUCCESS parsed [/home/travis/build/smarie/python-parsyfiles/parsyfiles/tests/combining_parsers_converters/test_data/b64pickle-float-1.0=True.txt] as a [bool] successfully. Parser used was [$&lt;read_str_from_txt&gt; =&gt; &lt;base64_ascii_str_pickle_to_object&gt; -&gt; &lt;float_to_bool&gt;$]
ERROR while parsing [/home/travis/build/smarie/python-parsyfiles/parsyfiles/tests/combining_parsers_converters/test_data/b64pickle-float-1.0=True.txt] into a [bool] using [$&lt;read_str_from_txt&gt; =&gt; &lt;str_to_bool&gt;$]. Set log level to DEBUG for details
Rebuilding local parsing plan with next candidate parser: $&lt;read_str_from_txt&gt; =&gt; &lt;base64_ascii_str_pickle_to_object&gt; -&gt; &lt;float_to_bool&gt;$
DONE Rebuilding local parsing plan for [/home/travis/build/smarie/python-parsyfiles/parsyfiles/tests/combining_parsers_converters/test_data/b64pickle-float-1.0=True.txt]. Resuming parsing...
SUCCESS parsed [/home/travis/build/smarie/python-parsyfiles/parsyfiles/tests/combining_parsers_converters/test_data/b64pickle-float-1.0=True.txt] as a [bool] successfully. Parser used was [$&lt;read_str_from_txt&gt; =&gt; &lt;base64_ascii_str_pickle_to_object&gt; -&gt; &lt;float_to_bool&gt;$]
ERROR while parsing [/home/travis/build/smarie/python-parsyfiles/parsyfiles/tests/combining_parsers_converters/test_data/b64pickle-float-1.0=True.txt] into a [bool] using [$&lt;read_str_from_txt&gt; =&gt; &lt;str_to_bool&gt;$]. Set log level to DEBUG for details
Rebuilding local parsing plan with next candidate parser: $&lt;read_str_from_txt&gt; =&gt; &lt;base64_ascii_str_pickle_to_object&gt; -&gt; &lt;float_to_bool&gt;$
DONE Rebuilding local parsing plan for [/home/travis/build/smarie/python-parsyfiles/parsyfiles/tests/combining_parsers_converters/test_data/b64pickle-float-1.0=True.txt]. Resuming parsing...
SUCCESS parsed [/home/travis/build/smarie/python-parsyfiles/parsyfiles/tests/combining_parsers_converters/test_data/b64pickle-float-1.0=True.txt] as a [bool] successfully. Parser used was [$&lt;read_str_from_txt&gt; =&gt; &lt;base64_ascii_str_pickle_to_object&gt; -&gt; &lt;float_to_bool&gt;$]
ERROR while parsing [/home/travis/build/smarie/python-parsyfiles/parsyfiles/tests/combining_parsers_converters/test_data/b64pickle-float-1.0=True.txt] into a [bool] using [$&lt;read_str_from_txt&gt; =&gt; &lt;str_to_bool&gt;$]. Set log level to DEBUG for details
Rebuilding local parsing plan with next candidate parser: $&lt;read_str_from_txt&gt; =&gt; &lt;base64_ascii_str_pickle_to_object&gt; -&gt; &lt;float_to_bool&gt;$
DONE Rebuilding local parsing plan for [/home/travis/build/smarie/python-parsyfiles/parsyfiles/tests/combining_parsers_converters/test_data/b64pickle-float-1.0=True.txt]. Resuming parsing...
SUCCESS parsed [/home/travis/build/smarie/python-parsyfiles/parsyfiles/tests/combining_parsers_converters/test_data/b64pickle-float-1.0=True.txt] as a [bool] successfully. Parser used was [$&lt;read_str_from_txt&gt; =&gt; &lt;base64_ascii_str_pickle_to_object&gt; -&gt; &lt;float_to_bool&gt;$]
ERROR while parsing [/home/travis/build/smarie/python-parsyfiles/parsyfiles/tests/combining_parsers_converters/test_data/b64pickle-float-1.0=True.txt] into a [bool] using [$&lt;read_str_from_txt&gt; =&gt; &lt;str_to_bool&gt;$]. Set log level to DEBUG for details
Rebuilding local parsing plan with next candidate parser: $&lt;read_str_from_txt&gt; =&gt; &lt;base64_ascii_str_pickle_to_object&gt; -&gt; &lt;float_to_bool&gt;$
DONE Rebuilding local parsing plan for [/home/travis/build/smarie/python-parsyfiles/parsyfiles/tests/combining_parsers_converters/test_data/b64pickle-float-1.0=True.txt]. Resuming parsing...
SUCCESS parsed [/home/travis/build/smarie/python-parsyfiles/parsyfiles/tests/combining_parsers_converters/test_data/b64pickle-float-1.0=True.txt] as a [bool] successfully. Parser used was [$&lt;read_str_from_txt&gt; =&gt; &lt;base64_ascii_str_pickle_to_object&gt; -&gt; &lt;float_to_bool&gt;$]
ERROR while parsing [/home/travis/build/smarie/python-parsyfiles/parsyfiles/tests/combining_parsers_converters/test_data/b64pickle-float-1.0=True.txt] into a [bool] using [$&lt;read_str_from_txt&gt; =&gt; &lt;str_to_bool&gt;$]. Set log level to DEBUG for details
Rebuilding local parsing plan with next candidate parser: $&lt;read_str_from_txt&gt; =&gt; &lt;base64_ascii_str_pickle_to_object&gt; -&gt; &lt;float_to_bool&gt;$
DONE Rebuilding local parsing plan for [/home/travis/build/smarie/python-parsyfiles/parsyfiles/tests/combining_parsers_converters/test_data/b64pickle-float-1.0=True.txt]. Resuming parsing...
SUCCESS parsed [/home/travis/build/smarie/python-parsyfiles/parsyfiles/tests/combining_parsers_converters/test_data/b64pickle-float-1.0=True.txt] as a [bool] successfully. Parser used was [$&lt;read_str_from_txt&gt; =&gt; &lt;base64_ascii_str_pickle_to_object&gt; -&gt; &lt;float_to_bool&gt;$]
ERROR while parsing [/home/travis/build/smarie/python-parsyfiles/parsyfiles/tests/combining_parsers_converters/test_data/b64pickle-float-1.0=True.txt] into a [bool] using [$&lt;read_str_from_txt&gt; =&gt; &lt;str_to_bool&gt;$]. Set log level to DEBUG for details
Rebuilding local parsing plan with next candidate parser: $&lt;read_str_from_txt&gt; =&gt; &lt;base64_ascii_str_pickle_to_object&gt; -&gt; &lt;float_to_bool&gt;$
DONE Rebuilding local parsing plan for [/home/travis/build/smarie/python-parsyfiles/parsyfiles/tests/combining_parsers_converters/test_data/b64pickle-float-1.0=True.txt]. Resuming parsing...
SUCCESS parsed [/home/travis/build/smarie/python-parsyfiles/parsyfiles/tests/combining_parsers_converters/test_data/b64pickle-float-1.0=True.txt] as a [bool] successfully. Parser used was [$&lt;read_str_from_txt&gt; =&gt; &lt;base64_ascii_str_pickle_to_object&gt; -&gt; &lt;float_to_bool&gt;$]
ERROR while parsing [/home/travis/build/smarie/python-parsyfiles/parsyfiles/tests/combining_parsers_converters/test_data/b64pickle-float-1.0=True.txt] into a [bool] using [$&lt;read_str_from_txt&gt; =&gt; &lt;str_to_bool&gt;$]. Set log level to DEBUG for details
Rebuilding local parsing plan with next candidate parser: $&lt;read_str_from_txt&gt; =&gt; &lt;base64_ascii_str_pickle_to_object&gt; -&gt; &lt;float_to_bool&gt;$
DONE Rebuilding local parsing plan for [/home/travis/build/smarie/python-parsyfiles/parsyfiles/tests/combining_parsers_converters/test_data/b64pickle-float-1.0=True.txt]. Resuming parsing...
SUCCESS parsed [/home/travis/build/smarie/python-parsyfiles/parsyfiles/tests/combining_parsers_converters/test_data/b64pickle-float-1.0=True.txt] as a [bool] successfully. Parser used was [$&lt;read_str_from_txt&gt; =&gt; &lt;base64_ascii_str_pickle_to_object&gt; -&gt; &lt;float_to_bool&gt;$]
ERROR while parsing [/home/travis/build/smarie/python-parsyfiles/parsyfiles/tests/combining_parsers_converters/test_data/b64pickle-float-1.0=True.txt] into a [bool] using [$&lt;read_str_from_txt&gt; =&gt; &lt;str_to_bool&gt;$]. Set log level to DEBUG for details
Rebuilding local parsing plan with next candidate parser: $&lt;read_str_from_txt&gt; =&gt; &lt;base64_ascii_str_pickle_to_object&gt; -&gt; &lt;float_to_bool&gt;$
DONE Rebuilding local parsing plan for [/home/travis/build/smarie/python-parsyfiles/parsyfiles/tests/combining_parsers_converters/test_data/b64pickle-float-1.0=True.txt]. Resuming parsing...
SUCCESS parsed [/home/travis/build/smarie/python-parsyfiles/parsyfiles/tests/combining_parsers_converters/test_data/b64pickle-float-1.0=True.txt] as a [bool] successfully. Parser used was [$&lt;read_str_from_txt&gt; =&gt; &lt;base64_ascii_str_pickle_to_object&gt; -&gt; &lt;float_to_bool&gt;$]
ERROR while parsing [/home/travis/build/smarie/python-parsyfiles/parsyfiles/tests/combining_parsers_converters/test_data/b64pickle-float-1.0=True.txt] into a [bool] using [$&lt;read_str_from_txt&gt; =&gt; &lt;str_to_bool&gt;$]. Set log level to DEBUG for details
Rebuilding local parsing plan with next candidate parser: $&lt;read_str_from_txt&gt; =&gt; &lt;base64_ascii_str_pickle_to_object&gt; -&gt; &lt;float_to_bool&gt;$
DONE Rebuilding local parsing plan for [/home/travis/build/smarie/python-parsyfiles/parsyfiles/tests/combining_parsers_converters/test_data/b64pickle-float-1.0=True.txt]. Resuming parsing...
SUCCESS parsed [/home/travis/build/smarie/python-parsyfiles/parsyfiles/tests/combining_parsers_converters/test_data/b64pickle-float-1.0=True.txt] as a [bool] successfully. Parser used was [$&lt;read_str_from_txt&gt; =&gt; &lt;base64_ascii_str_pickle_to_object&gt; -&gt; &lt;float_to_bool&gt;$]
ERROR while parsing [/home/travis/build/smarie/python-parsyfiles/parsyfiles/tests/combining_parsers_converters/test_data/b64pickle-float-1.0=True.txt] into a [bool] using [$&lt;read_str_from_txt&gt; =&gt; &lt;str_to_bool&gt;$]. Set log level to DEBUG for details
Rebuilding local parsing plan with next candidate parser: $&lt;read_str_from_txt&gt; =&gt; &lt;base64_ascii_str_pickle_to_object&gt; -&gt; &lt;float_to_bool&gt;$
DONE Rebuilding local parsing plan for [/home/travis/build/smarie/python-parsyfiles/parsyfiles/tests/combining_parsers_converters/test_data/b64pickle-float-1.0=True.txt]. Resuming parsing...
SUCCESS parsed [/home/travis/build/smarie/python-parsyfiles/parsyfiles/tests/combining_parsers_converters/test_data/b64pickle-float-1.0=True.txt] as a [bool] successfully. Parser used was [$&lt;read_str_from_txt&gt; =&gt; &lt;base64_ascii_str_pickle_to_object&gt; -&gt; &lt;float_to_bool&gt;$]
ERROR while parsing [/home/travis/build/smarie/python-parsyfiles/parsyfiles/tests/combining_parsers_converters/test_data/b64pickle-float-1.0=True.txt] into a [bool] using [$&lt;read_str_from_txt&gt; =&gt; &lt;str_to_bool&gt;$]. Set log level to DEBUG for details
Rebuilding local parsing plan with next candidate parser: $&lt;read_str_from_txt&gt; =&gt; &lt;base64_ascii_str_pickle_to_object&gt; -&gt; &lt;float_to_bool&gt;$
DONE Rebuilding local parsing plan for [/home/travis/build/smarie/python-parsyfiles/parsyfiles/tests/combining_parsers_converters/test_data/b64pickle-float-1.0=True.txt]. Resuming parsing...
SUCCESS parsed [/home/travis/build/smarie/python-parsyfiles/parsyfiles/tests/combining_parsers_converters/test_data/b64pickle-float-1.0=True.txt] as a [bool] successfully. Parser used was [$&lt;read_str_from_txt&gt; =&gt; &lt;base64_ascii_str_pickle_to_object&gt; -&gt; &lt;float_to_bool&gt;$]
ERROR while parsing [/home/travis/build/smarie/python-parsyfiles/parsyfiles/tests/combining_parsers_converters/test_data/b64pickle-float-1.0=True.txt] into a [bool] using [$&lt;read_str_from_txt&gt; =&gt; &lt;str_to_bool&gt;$]. Set log level to DEBUG for details
Rebuilding local parsing plan with next candidate parser: $&lt;read_str_from_txt&gt; =&gt; &lt;base64_ascii_str_pickle_to_object&gt; -&gt; &lt;float_to_bool&gt;$
DONE Rebuilding local parsing plan for [/home/travis/build/smarie/python-parsyfiles/parsyfiles/tests/combining_parsers_converters/test_data/b64pickle-float-1.0=True.txt]. Resuming parsing...
SUCCESS parsed [/home/travis/build/smarie/python-parsyfiles/parsyfiles/tests/combining_parsers_converters/test_data/b64pickle-float-1.0=True.txt] as a [bool] successfully. Parser used was [$&lt;read_str_from_txt&gt; =&gt; &lt;base64_ascii_str_pickle_to_object&gt; -&gt; &lt;float_to_bool&gt;$]
ERROR while parsing [/home/travis/build/smarie/python-parsyfiles/parsyfiles/tests/combining_parsers_converters/test_data/b64pickle-float-1.0=True.txt] into a [bool] using [$&lt;read_str_from_txt&gt; =&gt; &lt;str_to_bool&gt;$]. Set log level to DEBUG for details
Rebuilding local parsing plan with next candidate parser: $&lt;read_str_from_txt&gt; =&gt; &lt;base64_ascii_str_pickle_to_object&gt; -&gt; &lt;float_to_bool&gt;$
DONE Rebuilding local parsing plan for [/home/travis/build/smarie/python-parsyfiles/parsyfiles/tests/combining_parsers_converters/test_data/b64pickle-float-1.0=True.txt]. Resuming parsing...
SUCCESS parsed [/home/travis/build/smarie/python-parsyfiles/parsyfiles/tests/combining_parsers_converters/test_data/b64pickle-float-1.0=True.txt] as a [bool] successfully. Parser used was [$&lt;read_str_from_txt&gt; =&gt; &lt;base64_ascii_str_pickle_to_object&gt; -&gt; &lt;float_to_bool&gt;$]
ERROR while parsing [/home/travis/build/smarie/python-parsyfiles/parsyfiles/tests/combining_parsers_converters/test_data/b64pickle-float-1.0=True.txt] into a [bool] using [$&lt;read_str_from_txt&gt; =&gt; &lt;str_to_bool&gt;$]. Set log level to DEBUG for details
Rebuilding local parsing plan with next candidate parser: $&lt;read_str_from_txt&gt; =&gt; &lt;base64_ascii_str_pickle_to_object&gt; -&gt; &lt;float_to_bool&gt;$
DONE Rebuilding local parsing plan for [/home/travis/build/smarie/python-parsyfiles/parsyfiles/tests/combining_parsers_converters/test_data/b64pickle-float-1.0=True.txt]. Resuming parsing...
SUCCESS parsed [/home/travis/build/smarie/python-parsyfiles/parsyfiles/tests/combining_parsers_converters/test_data/b64pickle-float-1.0=True.txt] as a [bool] successfully. Parser used was [$&lt;read_str_from_txt&gt; =&gt; &lt;base64_ascii_str_pickle_to_object&gt; -&gt; &lt;float_to_bool&gt;$]
ERROR while parsing [/home/travis/build/smarie/python-parsyfiles/parsyfiles/tests/combining_parsers_converters/test_data/b64pickle-float-1.0=True.txt] into a [bool] using [$&lt;read_str_from_txt&gt; =&gt; &lt;str_to_bool&gt;$]. Set log level to DEBUG for details
Rebuilding local parsing plan with next candidate parser: $&lt;read_str_from_txt&gt; =&gt; &lt;base64_ascii_str_pickle_to_object&gt; -&gt; &lt;float_to_bool&gt;$
DONE Rebuilding local parsing plan for [/home/travis/build/smarie/python-parsyfiles/parsyfiles/tests/combining_parsers_converters/test_data/b64pickle-float-1.0=True.txt]. Resuming parsing...
SUCCESS parsed [/home/travis/build/smarie/python-parsyfiles/parsyfiles/tests/combining_parsers_converters/test_data/b64pickle-float-1.0=True.txt] as a [bool] successfully. Parser used was [$&lt;read_str_from_txt&gt; =&gt; &lt;base64_ascii_str_pickle_to_object&gt; -&gt; &lt;float_to_bool&gt;$]
ERROR while parsing [/home/travis/build/smarie/python-parsyfiles/parsyfiles/tests/combining_parsers_converters/test_data/b64pickle-float-1.0=True.txt] into a [bool] using [$&lt;read_str_from_txt&gt; =&gt; &lt;str_to_bool&gt;$]. Set log level to DEBUG for details
Rebuilding local parsing plan with next candidate parser: $&lt;read_str_from_txt&gt; =&gt; &lt;base64_ascii_str_pickle_to_object&gt; -&gt; &lt;float_to_bool&gt;$
DONE Rebuilding local parsing plan for [/home/travis/build/smarie/python-parsyfiles/parsyfiles/tests/combining_parsers_converters/test_data/b64pickle-float-1.0=True.txt]. Resuming parsing...
SUCCESS parsed [/home/travis/build/smarie/python-parsyfiles/parsyfiles/tests/combining_parsers_converters/test_data/b64pickle-float-1.0=True.txt] as a [bool] successfully. Parser used was [$&lt;read_str_from_txt&gt; =&gt; &lt;base64_ascii_str_pickle_to_object&gt; -&gt; &lt;float_to_bool&gt;$]
ERROR while parsing [/home/travis/build/smarie/python-parsyfiles/parsyfiles/tests/combining_parsers_converters/test_data/b64pickle-float-1.0=True.txt] into a [bool] using [$&lt;read_str_from_txt&gt; =&gt; &lt;str_to_bool&gt;$]. Set log level to DEBUG for details
Rebuilding local parsing plan with next candidate parser: $&lt;read_str_from_txt&gt; =&gt; &lt;base64_ascii_str_pickle_to_object&gt; -&gt; &lt;float_to_bool&gt;$
DONE Rebuilding local parsing plan for [/home/travis/build/smarie/python-parsyfiles/parsyfiles/tests/combining_parsers_converters/test_data/b64pickle-float-1.0=True.txt]. Resuming parsing...
SUCCESS parsed [/home/travis/build/smarie/python-parsyfiles/parsyfiles/tests/combining_parsers_converters/test_data/b64pickle-float-1.0=True.txt] as a [bool] successfully. Parser used was [$&lt;read_str_from_txt&gt; =&gt; &lt;base64_ascii_str_pickle_to_object&gt; -&gt; &lt;float_to_bool&gt;$]
ERROR while parsing [/home/travis/build/smarie/python-parsyfiles/parsyfiles/tests/combining_parsers_converters/test_data/b64pickle-float-1.0=True.txt] into a [bool] using [$&lt;read_str_from_txt&gt; =&gt; &lt;str_to_bool&gt;$]. Set log level to DEBUG for details
Rebuilding local parsing plan with next candidate parser: $&lt;read_str_from_txt&gt; =&gt; &lt;base64_ascii_str_pickle_to_object&gt; -&gt; &lt;float_to_bool&gt;$
DONE Rebuilding local parsing plan for [/home/travis/build/smarie/python-parsyfiles/parsyfiles/tests/combining_parsers_converters/test_data/b64pickle-float-1.0=True.txt]. Resuming parsing...
SUCCESS parsed [/home/travis/build/smarie/python-parsyfiles/parsyfiles/tests/combining_parsers_converters/test_data/b64pickle-float-1.0=True.txt] as a [bool] successfully. Parser used was [$&lt;read_str_from_txt&gt; =&gt; &lt;base64_ascii_str_pickle_to_object&gt; -&gt; &lt;float_to_bool&gt;$]
ERROR while parsing [/home/travis/build/smarie/python-parsyfiles/parsyfiles/tests/combining_parsers_converters/test_data/b64pickle-float-1.0=True.txt] into a [bool] using [$&lt;read_str_from_txt&gt; =&gt; &lt;str_to_bool&gt;$]. Set log level to DEBUG for details
Rebuilding local parsing plan with next candidate parser: $&lt;read_str_from_txt&gt; =&gt; &lt;base64_ascii_str_pickle_to_object&gt; -&gt; &lt;float_to_bool&gt;$
DONE Rebuilding local parsing plan for [/home/travis/build/smarie/python-parsyfiles/parsyfiles/tests/combining_parsers_converters/test_data/b64pickle-float-1.0=True.txt]. Resuming parsing...
SUCCESS parsed [/home/travis/build/smarie/python-parsyfiles/parsyfiles/tests/combining_parsers_converters/test_data/b64pickle-float-1.0=True.txt] as a [bool] successfully. Parser used was [$&lt;read_str_from_txt&gt; =&gt; &lt;base64_ascii_str_pickle_to_object&gt; -&gt; &lt;float_to_bool&gt;$]
ERROR while parsing [/home/travis/build/smarie/python-parsyfiles/parsyfiles/tests/combining_parsers_converters/test_data/b64pickle-float-1.0=True.txt] into a [bool] using [$&lt;read_str_from_txt&gt; =&gt; &lt;str_to_bool&gt;$]. Set log level to DEBUG for details
Rebuilding local parsing plan with next candidate parser: $&lt;read_str_from_txt&gt; =&gt; &lt;base64_ascii_str_pickle_to_object&gt; -&gt; &lt;float_to_bool&gt;$
DONE Rebuilding local parsing plan for [/home/travis/build/smarie/python-parsyfiles/parsyfiles/tests/combining_parsers_converters/test_data/b64pickle-float-1.0=True.txt]. Resuming parsing...
SUCCESS parsed [/home/travis/build/smarie/python-parsyfiles/parsyfiles/tests/combining_parsers_converters/test_data/b64pickle-float-1.0=True.txt] as a [bool] successfully. Parser used was [$&lt;read_str_from_txt&gt; =&gt; &lt;base64_ascii_str_pickle_to_object&gt; -&gt; &lt;float_to_bool&gt;$]
ERROR while parsing [/home/travis/build/smarie/python-parsyfiles/parsyfiles/tests/combining_parsers_converters/test_data/b64pickle-float-1.0=True.txt] into a [bool] using [$&lt;read_str_from_txt&gt; =&gt; &lt;str_to_bool&gt;$]. Set log level to DEBUG for details
Rebuilding local parsing plan with next candidate parser: $&lt;read_str_from_txt&gt; =&gt; &lt;base64_ascii_str_pickle_to_object&gt; -&gt; &lt;float_to_bool&gt;$
DONE Rebuilding local parsing plan for [/home/travis/build/smarie/python-parsyfiles/parsyfiles/tests/combining_parsers_converters/test_data/b64pickle-float-1.0=True.txt]. Resuming parsing...
SUCCESS parsed [/home/travis/build/smarie/python-parsyfiles/parsyfiles/tests/combining_parsers_converters/test_data/b64pickle-float-1.0=True.txt] as a [bool] successfully. Parser used was [$&lt;read_str_from_txt&gt; =&gt; &lt;base64_ascii_str_pickle_to_object&gt; -&gt; &lt;float_to_bool&gt;$]
ERROR while parsing [/home/travis/build/smarie/python-parsyfiles/parsyfiles/tests/combining_parsers_converters/test_data/b64pickle-float-1.0=True.txt] into a [bool] using [$&lt;read_str_from_txt&gt; =&gt; &lt;str_to_bool&gt;$]. Set log level to DEBUG for details
Rebuilding local parsing plan with next candidate parser: $&lt;read_str_from_txt&gt; =&gt; &lt;base64_ascii_str_pickle_to_object&gt; -&gt; &lt;float_to_bool&gt;$
DONE Rebuilding local parsing plan for [/home/travis/build/smarie/python-parsyfiles/parsyfiles/tests/combining_parsers_converters/test_data/b64pickle-float-1.0=True.txt]. Resuming parsing...
SUCCESS parsed [/home/travis/build/smarie/python-parsyfiles/parsyfiles/tests/combining_parsers_converters/test_data/b64pickle-float-1.0=True.txt] as a [bool] successfully. Parser used was [$&lt;read_str_from_txt&gt; =&gt; &lt;base64_ascii_str_pickle_to_object&gt; -&gt; &lt;float_to_bool&gt;$]
ERROR while parsing [/home/travis/build/smarie/python-parsyfiles/parsyfiles/tests/combining_parsers_converters/test_data/b64pickle-float-1.0=True.txt] into a [bool] using [$&lt;read_str_from_txt&gt; =&gt; &lt;str_to_bool&gt;$]. Set log level to DEBUG for details
Rebuilding local parsing plan with next candidate parser: $&lt;read_str_from_txt&gt; =&gt; &lt;base64_ascii_str_pickle_to_object&gt; -&gt; &lt;float_to_bool&gt;$
DONE Rebuilding local parsing plan for [/home/travis/build/smarie/python-parsyfiles/parsyfiles/tests/combining_parsers_converters/test_data/b64pickle-float-1.0=True.txt]. Resuming parsing...
SUCCESS parsed [/home/travis/build/smarie/python-parsyfiles/parsyfiles/tests/combining_parsers_converters/test_data/b64pickle-float-1.0=True.txt] as a [bool] successfully. Parser used was [$&lt;read_str_from_txt&gt; =&gt; &lt;base64_ascii_str_pickle_to_object&gt; -&gt; &lt;float_to_bool&gt;$]
ERROR while parsing [/home/travis/build/smarie/python-parsyfiles/parsyfiles/tests/combining_parsers_converters/test_data/b64pickle-float-1.0=True.txt] into a [bool] using [$&lt;read_str_from_txt&gt; =&gt; &lt;str_to_bool&gt;$]. Set log level to DEBUG for details
Rebuilding local parsing plan with next candidate parser: $&lt;read_str_from_txt&gt; =&gt; &lt;base64_ascii_str_pickle_to_object&gt; -&gt; &lt;float_to_bool&gt;$
DONE Rebuilding local parsing plan for [/home/travis/build/smarie/python-parsyfiles/parsyfiles/tests/combining_parsers_converters/test_data/b64pickle-float-1.0=True.txt]. Resuming parsing...
SUCCESS parsed [/home/travis/build/smarie/python-parsyfiles/parsyfiles/tests/combining_parsers_converters/test_data/b64pickle-float-1.0=True.txt] as a [bool] successfully. Parser used was [$&lt;read_str_from_txt&gt; =&gt; &lt;base64_ascii_str_pickle_to_object&gt; -&gt; &lt;float_to_bool&gt;$]
ERROR while parsing [/home/travis/build/smarie/python-parsyfiles/parsyfiles/tests/combining_parsers_converters/test_data/b64pickle-float-1.0=True.txt] into a [bool] using [$&lt;read_str_from_txt&gt; =&gt; &lt;str_to_bool&gt;$]. Set log level to DEBUG for details
Rebuilding local parsing plan with next candidate parser: $&lt;read_str_from_txt&gt; =&gt; &lt;base64_ascii_str_pickle_to_object&gt; -&gt; &lt;float_to_bool&gt;$
DONE Rebuilding local parsing plan for [/home/travis/build/smarie/python-parsyfiles/parsyfiles/tests/combining_parsers_converters/test_data/b64pickle-float-1.0=True.txt]. Resuming parsing...
SUCCESS parsed [/home/travis/build/smarie/python-parsyfiles/parsyfiles/tests/combining_parsers_converters/test_data/b64pickle-float-1.0=True.txt] as a [bool] successfully. Parser used was [$&lt;read_str_from_txt&gt; =&gt; &lt;base64_ascii_str_pickle_to_object&gt; -&gt; &lt;float_to_bool&gt;$]
ERROR while parsing [/home/travis/build/smarie/python-parsyfiles/parsyfiles/tests/combining_parsers_converters/test_data/b64pickle-float-1.0=True.txt] into a [bool] using [$&lt;read_str_from_txt&gt; =&gt; &lt;str_to_bool&gt;$]. Set log level to DEBUG for details
Rebuilding local parsing plan with next candidate parser: $&lt;read_str_from_txt&gt; =&gt; &lt;base64_ascii_str_pickle_to_object&gt; -&gt; &lt;float_to_bool&gt;$
DONE Rebuilding local parsing plan for [/home/travis/build/smarie/python-parsyfiles/parsyfiles/tests/combining_parsers_converters/test_data/b64pickle-float-1.0=True.txt]. Resuming parsing...
SUCCESS parsed [/home/travis/build/smarie/python-parsyfiles/parsyfiles/tests/combining_parsers_converters/test_data/b64pickle-float-1.0=True.txt] as a [bool] successfully. Parser used was [$&lt;read_str_from_txt&gt; =&gt; &lt;base64_ascii_str_pickle_to_object&gt; -&gt; &lt;float_to_bool&gt;$]
ERROR while parsing [/home/travis/build/smarie/python-parsyfiles/parsyfiles/tests/combining_parsers_converters/test_data/b64pickle-float-1.0=True.txt] into a [bool] using [$&lt;read_str_from_txt&gt; =&gt; &lt;str_to_bool&gt;$]. Set log level to DEBUG for details
Rebuilding local parsing plan with next candidate parser: $&lt;read_str_from_txt&gt; =&gt; &lt;base64_ascii_str_pickle_to_object&gt; -&gt; &lt;float_to_bool&gt;$
DONE Rebuilding local parsing plan for [/home/travis/build/smarie/python-parsyfiles/parsyfiles/tests/combining_parsers_converters/test_data/b64pickle-float-1.0=True.txt]. Resuming parsing...
SUCCESS parsed [/home/travis/build/smarie/python-parsyfiles/parsyfiles/tests/combining_parsers_converters/test_data/b64pickle-float-1.0=True.txt] as a [bool] successfully. Parser used was [$&lt;read_str_from_txt&gt; =&gt; &lt;base64_ascii_str_pickle_to_object&gt; -&gt; &lt;float_to_bool&gt;$]
ERROR while parsing [/home/travis/build/smarie/python-parsyfiles/parsyfiles/tests/combining_parsers_converters/test_data/b64pickle-float-1.0=True.txt] into a [bool] using [$&lt;read_str_from_txt&gt; =&gt; &lt;str_to_bool&gt;$]. Set log level to DEBUG for details
Rebuilding local parsing plan with next candidate parser: $&lt;read_str_from_txt&gt; =&gt; &lt;base64_ascii_str_pickle_to_object&gt; -&gt; &lt;float_to_bool&gt;$
DONE Rebuilding local parsing plan for [/home/travis/build/smarie/python-parsyfiles/parsyfiles/tests/combining_parsers_converters/test_data/b64pickle-float-1.0=True.txt]. Resuming parsing...
SUCCESS parsed [/home/travis/build/smarie/python-parsyfiles/parsyfiles/tests/combining_parsers_converters/test_data/b64pickle-float-1.0=True.txt] as a [bool] successfully. Parser used was [$&lt;read_str_from_txt&gt; =&gt; &lt;base64_ascii_str_pickle_to_object&gt; -&gt; &lt;float_to_bool&gt;$]
ERROR while parsing [/home/travis/build/smarie/python-parsyfiles/parsyfiles/tests/combining_parsers_converters/test_data/b64pickle-float-1.0=True.txt] into a [bool] using [$&lt;read_str_from_txt&gt; =&gt; &lt;str_to_bool&gt;$]. Set log level to DEBUG for details
Rebuilding local parsing plan with next candidate parser: $&lt;read_str_from_txt&gt; =&gt; &lt;base64_ascii_str_pickle_to_object&gt; -&gt; &lt;float_to_bool&gt;$
DONE Rebuilding local parsing plan for [/home/travis/build/smarie/python-parsyfiles/parsyfiles/tests/combining_parsers_converters/test_data/b64pickle-float-1.0=True.txt]. Resuming parsing...
SUCCESS parsed [/home/travis/build/smarie/python-parsyfiles/parsyfiles/tests/combining_parsers_converters/test_data/b64pickle-float-1.0=True.txt] as a [bool] successfully. Parser used was [$&lt;read_str_from_txt&gt; =&gt; &lt;base64_ascii_str_pickle_to_object&gt; -&gt; &lt;float_to_bool&gt;$]
ERROR while parsing [/home/travis/build/smarie/python-parsyfiles/parsyfiles/tests/combining_parsers_converters/test_data/b64pickle-float-1.0=True.txt] into a [bool] using [$&lt;read_str_from_txt&gt; =&gt; &lt;str_to_bool&gt;$]. Set log level to DEBUG for details
Rebuilding local parsing plan with next candidate parser: $&lt;read_str_from_txt&gt; =&gt; &lt;base64_ascii_str_pickle_to_object&gt; -&gt; &lt;float_to_bool&gt;$
DONE Rebuilding local parsing plan for [/home/travis/build/smarie/python-parsyfiles/parsyfiles/tests/combining_parsers_converters/test_data/b64pickle-float-1.0=True.txt]. Resuming parsing...
SUCCESS parsed [/home/travis/build/smarie/python-parsyfiles/parsyfiles/tests/combining_parsers_converters/test_data/b64pickle-float-1.0=True.txt] as a [bool] successfully. Parser used was [$&lt;read_str_from_txt&gt; =&gt; &lt;base64_ascii_str_pickle_to_object&gt; -&gt; &lt;float_to_bool&gt;$]
ERROR while parsing [/home/travis/build/smarie/python-parsyfiles/parsyfiles/tests/combining_parsers_converters/test_data/b64pickle-float-1.0=True.txt] into a [bool] using [$&lt;read_str_from_txt&gt; =&gt; &lt;str_to_bool&gt;$]. Set log level to DEBUG for details
Rebuilding local parsing plan with next candidate parser: $&lt;read_str_from_txt&gt; =&gt; &lt;base64_ascii_str_pickle_to_object&gt; -&gt; &lt;float_to_bool&gt;$
DONE Rebuilding local parsing plan for [/home/travis/build/smarie/python-parsyfiles/parsyfiles/tests/combining_parsers_converters/test_data/b64pickle-float-1.0=True.txt]. Resuming parsing...
SUCCESS parsed [/home/travis/build/smarie/python-parsyfiles/parsyfiles/tests/combining_parsers_converters/test_data/b64pickle-float-1.0=True.txt] as a [bool] successfully. Parser used was [$&lt;read_str_from_txt&gt; =&gt; &lt;base64_ascii_str_pickle_to_object&gt; -&gt; &lt;float_to_bool&gt;$]
ERROR while parsing [/home/travis/build/smarie/python-parsyfiles/parsyfiles/tests/combining_parsers_converters/test_data/b64pickle-float-1.0=True.txt] into a [bool] using [$&lt;read_str_from_txt&gt; =&gt; &lt;str_to_bool&gt;$]. Set log level to DEBUG for details
Rebuilding local parsing plan with next candidate parser: $&lt;read_str_from_txt&gt; =&gt; &lt;base64_ascii_str_pickle_to_object&gt; -&gt; &lt;float_to_bool&gt;$
DONE Rebuilding local parsing plan for [/home/travis/build/smarie/python-parsyfiles/parsyfiles/tests/combining_parsers_converters/test_data/b64pickle-float-1.0=True.txt]. Resuming parsing...
SUCCESS parsed [/home/travis/build/smarie/python-parsyfiles/parsyfiles/tests/combining_parsers_converters/test_data/b64pickle-float-1.0=True.txt] as a [bool] successfully. Parser used was [$&lt;read_str_from_txt&gt; =&gt; &lt;base64_ascii_str_pickle_to_object&gt; -&gt; &lt;float_to_bool&gt;$]
ERROR while parsing [/home/travis/build/smarie/python-parsyfiles/parsyfiles/tests/combining_parsers_converters/test_data/b64pickle-float-1.0=True.txt] into a [bool] using [$&lt;read_str_from_txt&gt; =&gt; &lt;str_to_bool&gt;$]. Set log level to DEBUG for details
Rebuilding local parsing plan with next candidate parser: $&lt;read_str_from_txt&gt; =&gt; &lt;base64_ascii_str_pickle_to_object&gt; -&gt; &lt;float_to_bool&gt;$
DONE Rebuilding local parsing plan for [/home/travis/build/smarie/python-parsyfiles/parsyfiles/tests/combining_parsers_converters/test_data/b64pickle-float-1.0=True.txt]. Resuming parsing...
SUCCESS parsed [/home/travis/build/smarie/python-parsyfiles/parsyfiles/tests/combining_parsers_converters/test_data/b64pickle-float-1.0=True.txt] as a [bool] successfully. Parser used was [$&lt;read_str_from_txt&gt; =&gt; &lt;base64_ascii_str_pickle_to_object&gt; -&gt; &lt;float_to_bool&gt;$]
ERROR while parsing [/home/travis/build/smarie/python-parsyfiles/parsyfiles/tests/combining_parsers_converters/test_data/b64pickle-float-1.0=True.txt] into a [bool] using [$&lt;read_str_from_txt&gt; =&gt; &lt;str_to_bool&gt;$]. Set log level to DEBUG for details
Rebuilding local parsing plan with next candidate parser: $&lt;read_str_from_txt&gt; =&gt; &lt;base64_ascii_str_pickle_to_object&gt; -&gt; &lt;float_to_bool&gt;$
DONE Rebuilding local parsing plan for [/home/travis/build/smarie/python-parsyfiles/parsyfiles/tests/combining_parsers_converters/test_data/b64pickle-float-1.0=True.txt]. Resuming parsing...
SUCCESS parsed [/home/travis/build/smarie/python-parsyfiles/parsyfiles/tests/combining_parsers_converters/test_data/b64pickle-float-1.0=True.txt] as a [bool] successfully. Parser used was [$&lt;read_str_from_txt&gt; =&gt; &lt;base64_ascii_str_pickle_to_object&gt; -&gt; &lt;float_to_bool&gt;$]
ERROR while parsing [/home/travis/build/smarie/python-parsyfiles/parsyfiles/tests/combining_parsers_converters/test_data/b64pickle-float-1.0=True.txt] into a [bool] using [$&lt;read_str_from_txt&gt; =&gt; &lt;str_to_bool&gt;$]. Set log level to DEBUG for details
Rebuilding local parsing plan with next candidate parser: $&lt;read_str_from_txt&gt; =&gt; &lt;base64_ascii_str_pickle_to_object&gt; -&gt; &lt;float_to_bool&gt;$
DONE Rebuilding local parsing plan for [/home/travis/build/smarie/python-parsyfiles/parsyfiles/tests/combining_parsers_converters/test_data/b64pickle-float-1.0=True.txt]. Resuming parsing...
SUCCESS parsed [/home/travis/build/smarie/python-parsyfiles/parsyfiles/tests/combining_parsers_converters/test_data/b64pickle-float-1.0=True.txt] as a [bool] successfully. Parser used was [$&lt;read_str_from_txt&gt; =&gt; &lt;base64_ascii_str_pickle_to_object&gt; -&gt; &lt;float_to_bool&gt;$]
ERROR while parsing [/home/travis/build/smarie/python-parsyfiles/parsyfiles/tests/combining_parsers_converters/test_data/b64pickle-float-1.0=True.txt] into a [bool] using [$&lt;read_str_from_txt&gt; =&gt; &lt;str_to_bool&gt;$]. Set log level to DEBUG for details
Rebuilding local parsing plan with next candidate parser: $&lt;read_str_from_txt&gt; =&gt; &lt;base64_ascii_str_pickle_to_object&gt; -&gt; &lt;float_to_bool&gt;$
DONE Rebuilding local parsing plan for [/home/travis/build/smarie/python-parsyfiles/parsyfiles/tests/combining_parsers_converters/test_data/b64pickle-float-1.0=True.txt]. Resuming parsing...
SUCCESS parsed [/home/travis/build/smarie/python-parsyfiles/parsyfiles/tests/combining_parsers_converters/test_data/b64pickle-float-1.0=True.txt] as a [bool] successfully. Parser used was [$&lt;read_str_from_txt&gt; =&gt; &lt;base64_ascii_str_pickle_to_object&gt; -&gt; &lt;float_to_bool&gt;$]
ERROR while parsing [/home/travis/build/smarie/python-parsyfiles/parsyfiles/tests/combining_parsers_converters/test_data/b64pickle-float-1.0=True.txt] into a [bool] using [$&lt;read_str_from_txt&gt; =&gt; &lt;str_to_bool&gt;$]. Set log level to DEBUG for details
Rebuilding local parsing plan with next candidate parser: $&lt;read_str_from_txt&gt; =&gt; &lt;base64_ascii_str_pickle_to_object&gt; -&gt; &lt;float_to_bool&gt;$
DONE Rebuilding local parsing plan for [/home/travis/build/smarie/python-parsyfiles/parsyfiles/tests/combining_parsers_converters/test_data/b64pickle-float-1.0=True.txt]. Resuming parsing...
SUCCESS parsed [/home/travis/build/smarie/python-parsyfiles/parsyfiles/tests/combining_parsers_converters/test_data/b64pickle-float-1.0=True.txt] as a [bool] successfully. Parser used was [$&lt;read_str_from_txt&gt; =&gt; &lt;base64_ascii_str_pickle_to_object&gt; -&gt; &lt;float_to_bool&gt;$]
ERROR while parsing [/home/travis/build/smarie/python-parsyfiles/parsyfiles/tests/combining_parsers_converters/test_data/b64pickle-float-1.0=True.txt] into a [bool] using [$&lt;read_str_from_txt&gt; =&gt; &lt;str_to_bool&gt;$]. Set log level to DEBUG for details
Rebuilding local parsing plan with next candidate parser: $&lt;read_str_from_txt&gt; =&gt; &lt;base64_ascii_str_pickle_to_object&gt; -&gt; &lt;float_to_bool&gt;$
DONE Rebuilding local parsing plan for [/home/travis/build/smarie/python-parsyfiles/parsyfiles/tests/combining_parsers_converters/test_data/b64pickle-float-1.0=True.txt]. Resuming parsing...
SUCCESS parsed [/home/travis/build/smarie/python-parsyfiles/parsyfiles/tests/combining_parsers_converters/test_data/b64pickle-float-1.0=True.txt] as a [bool] successfully. Parser used was [$&lt;read_str_from_txt&gt; =&gt; &lt;base64_ascii_str_pickle_to_object&gt; -&gt; &lt;float_to_bool&gt;$]
ERROR while parsing [/home/travis/build/smarie/python-parsyfiles/parsyfiles/tests/combining_parsers_converters/test_data/b64pickle-float-1.0=True.txt] into a [bool] using [$&lt;read_str_from_txt&gt; =&gt; &lt;str_to_bool&gt;$]. Set log level to DEBUG for details
Rebuilding local parsing plan with next candidate parser: $&lt;read_str_from_txt&gt; =&gt; &lt;base64_ascii_str_pickle_to_object&gt; -&gt; &lt;float_to_bool&gt;$
DONE Rebuilding local parsing plan for [/home/travis/build/smarie/python-parsyfiles/parsyfiles/tests/combining_parsers_converters/test_data/b64pickle-float-1.0=True.txt]. Resuming parsing...
SUCCESS parsed [/home/travis/build/smarie/python-parsyfiles/parsyfiles/tests/combining_parsers_converters/test_data/b64pickle-float-1.0=True.txt] as a [bool] successfully. Parser used was [$&lt;read_str_from_txt&gt; =&gt; &lt;base64_ascii_str_pickle_to_object&gt; -&gt; &lt;float_to_bool&gt;$]
ERROR while parsing [/home/travis/build/smarie/python-parsyfiles/parsyfiles/tests/combining_parsers_converters/test_data/b64pickle-float-1.0=True.txt] into a [bool] using [$&lt;read_str_from_txt&gt; =&gt; &lt;str_to_bool&gt;$]. Set log level to DEBUG for details
Rebuilding local parsing plan with next candidate parser: $&lt;read_str_from_txt&gt; =&gt; &lt;base64_ascii_str_pickle_to_object&gt; -&gt; &lt;float_to_bool&gt;$
DONE Rebuilding local parsing plan for [/home/travis/build/smarie/python-parsyfiles/parsyfiles/tests/combining_parsers_converters/test_data/b64pickle-float-1.0=True.txt]. Resuming parsing...
SUCCESS parsed [/home/travis/build/smarie/python-parsyfiles/parsyfiles/tests/combining_parsers_converters/test_data/b64pickle-float-1.0=True.txt] as a [bool] successfully. Parser used was [$&lt;read_str_from_txt&gt; =&gt; &lt;base64_ascii_str_pickle_to_object&gt; -&gt; &lt;float_to_bool&gt;$]
ERROR while parsing [/home/travis/build/smarie/python-parsyfiles/parsyfiles/tests/combining_parsers_converters/test_data/b64pickle-float-1.0=True.txt] into a [bool] using [$&lt;read_str_from_txt&gt; =&gt; &lt;str_to_bool&gt;$]. Set log level to DEBUG for details
Rebuilding local parsing plan with next candidate parser: $&lt;read_str_from_txt&gt; =&gt; &lt;base64_ascii_str_pickle_to_object&gt; -&gt; &lt;float_to_bool&gt;$
DONE Rebuilding local parsing plan for [/home/travis/build/smarie/python-parsyfiles/parsyfiles/tests/combining_parsers_converters/test_data/b64pickle-float-1.0=True.txt]. Resuming parsing...
SUCCESS parsed [/home/travis/build/smarie/python-parsyfiles/parsyfiles/tests/combining_parsers_converters/test_data/b64pickle-float-1.0=True.txt] as a [bool] successfully. Parser used was [$&lt;read_str_from_txt&gt; =&gt; &lt;base64_ascii_str_pickle_to_object&gt; -&gt; &lt;float_to_bool&gt;$]
ERROR while parsing [/home/travis/build/smarie/python-parsyfiles/parsyfiles/tests/combining_parsers_converters/test_data/b64pickle-float-1.0=True.txt] into a [bool] using [$&lt;read_str_from_txt&gt; =&gt; &lt;str_to_bool&gt;$]. Set log level to DEBUG for details
Rebuilding local parsing plan with next candidate parser: $&lt;read_str_from_txt&gt; =&gt; &lt;base64_ascii_str_pickle_to_object&gt; -&gt; &lt;float_to_bool&gt;$
DONE Rebuilding local parsing plan for [/home/travis/build/smarie/python-parsyfiles/parsyfiles/tests/combining_parsers_converters/test_data/b64pickle-float-1.0=True.txt]. Resuming parsing...
SUCCESS parsed [/home/travis/build/smarie/python-parsyfiles/parsyfiles/tests/combining_parsers_converters/test_data/b64pickle-float-1.0=True.txt] as a [bool] successfully. Parser used was [$&lt;read_str_from_txt&gt; =&gt; &lt;base64_ascii_str_pickle_to_object&gt; -&gt; &lt;float_to_bool&gt;$]
</system-out></testcase><testcase classname="parsyfiles.tests.combining_parsers_converters.test_default_instance_creation" file="parsyfiles/tests/combining_parsers_converters/test_default_instance_creation.py" line="44" name="test_create_default_instance_through_method" time="3.4173691272735596"><system-out>ERROR while parsing [/home/travis/build/smarie/python-parsyfiles/parsyfiles/tests/combining_parsers_converters/test_data/b64pickle-float-1.0=True.txt] into a [bool] using [$&lt;read_str_from_txt&gt; =&gt; &lt;str_to_bool&gt;$]. Set log level to DEBUG for details
Rebuilding local parsing plan with next candidate parser: $&lt;read_str_from_txt&gt; =&gt; &lt;base64_ascii_str_pickle_to_object&gt; -&gt; &lt;float_to_bool&gt;$
DONE Rebuilding local parsing plan for [/home/travis/build/smarie/python-parsyfiles/parsyfiles/tests/combining_parsers_converters/test_data/b64pickle-float-1.0=True.txt]. Resuming parsing...
SUCCESS parsed [/home/travis/build/smarie/python-parsyfiles/parsyfiles/tests/combining_parsers_converters/test_data/b64pickle-float-1.0=True.txt] as a [bool] successfully. Parser used was [$&lt;read_str_from_txt&gt; =&gt; &lt;base64_ascii_str_pickle_to_object&gt; -&gt; &lt;float_to_bool&gt;$]
ERROR while parsing [/home/travis/build/smarie/python-parsyfiles/parsyfiles/tests/combining_parsers_converters/test_data/b64pickle-float-1.0=True.txt] into a [bool] using [$&lt;read_str_from_txt&gt; =&gt; &lt;str_to_bool&gt;$]. Set log level to DEBUG for details
Rebuilding local parsing plan with next candidate parser: $&lt;read_str_from_txt&gt; =&gt; &lt;base64_ascii_str_pickle_to_object&gt; -&gt; &lt;float_to_bool&gt;$
DONE Rebuilding local parsing plan for [/home/travis/build/smarie/python-parsyfiles/parsyfiles/tests/combining_parsers_converters/test_data/b64pickle-float-1.0=True.txt]. Resuming parsing...
SUCCESS parsed [/home/travis/build/smarie/python-parsyfiles/parsyfiles/tests/combining_parsers_converters/test_data/b64pickle-float-1.0=True.txt] as a [bool] successfully. Parser used was [$&lt;read_str_from_txt&gt; =&gt; &lt;base64_ascii_str_pickle_to_object&gt; -&gt; &lt;float_to_bool&gt;$]
ERROR while parsing [/home/travis/build/smarie/python-parsyfiles/parsyfiles/tests/combining_parsers_converters/test_data/b64pickle-float-1.0=True.txt] into a [bool] using [$&lt;read_str_from_txt&gt; =&gt; &lt;str_to_bool&gt;$]. Set log level to DEBUG for details
Rebuilding local parsing plan with next candidate parser: $&lt;read_str_from_txt&gt; =&gt; &lt;base64_ascii_str_pickle_to_object&gt; -&gt; &lt;float_to_bool&gt;$
DONE Rebuilding local parsing plan for [/home/travis/build/smarie/python-parsyfiles/parsyfiles/tests/combining_parsers_converters/test_data/b64pickle-float-1.0=True.txt]. Resuming parsing...
SUCCESS parsed [/home/travis/build/smarie/python-parsyfiles/parsyfiles/tests/combining_parsers_converters/test_data/b64pickle-float-1.0=True.txt] as a [bool] successfully. Parser used was [$&lt;read_str_from_txt&gt; =&gt; &lt;base64_ascii_str_pickle_to_object&gt; -&gt; &lt;float_to_bool&gt;$]
ERROR while parsing [/home/travis/build/smarie/python-parsyfiles/parsyfiles/tests/combining_parsers_converters/test_data/b64pickle-float-1.0=True.txt] into a [bool] using [$&lt;read_str_from_txt&gt; =&gt; &lt;str_to_bool&gt;$]. Set log level to DEBUG for details
Rebuilding local parsing plan with next candidate parser: $&lt;read_str_from_txt&gt; =&gt; &lt;base64_ascii_str_pickle_to_object&gt; -&gt; &lt;float_to_bool&gt;$
DONE Rebuilding local parsing plan for [/home/travis/build/smarie/python-parsyfiles/parsyfiles/tests/combining_parsers_converters/test_data/b64pickle-float-1.0=True.txt]. Resuming parsing...
SUCCESS parsed [/home/travis/build/smarie/python-parsyfiles/parsyfiles/tests/combining_parsers_converters/test_data/b64pickle-float-1.0=True.txt] as a [bool] successfully. Parser used was [$&lt;read_str_from_txt&gt; =&gt; &lt;base64_ascii_str_pickle_to_object&gt; -&gt; &lt;float_to_bool&gt;$]
ERROR while parsing [/home/travis/build/smarie/python-parsyfiles/parsyfiles/tests/combining_parsers_converters/test_data/b64pickle-float-1.0=True.txt] into a [bool] using [$&lt;read_str_from_txt&gt; =&gt; &lt;str_to_bool&gt;$]. Set log level to DEBUG for details
Rebuilding local parsing plan with next candidate parser: $&lt;read_str_from_txt&gt; =&gt; &lt;base64_ascii_str_pickle_to_object&gt; -&gt; &lt;float_to_bool&gt;$
DONE Rebuilding local parsing plan for [/home/travis/build/smarie/python-parsyfiles/parsyfiles/tests/combining_parsers_converters/test_data/b64pickle-float-1.0=True.txt]. Resuming parsing...
SUCCESS parsed [/home/travis/build/smarie/python-parsyfiles/parsyfiles/tests/combining_parsers_converters/test_data/b64pickle-float-1.0=True.txt] as a [bool] successfully. Parser used was [$&lt;read_str_from_txt&gt; =&gt; &lt;base64_ascii_str_pickle_to_object&gt; -&gt; &lt;float_to_bool&gt;$]
ERROR while parsing [/home/travis/build/smarie/python-parsyfiles/parsyfiles/tests/combining_parsers_converters/test_data/b64pickle-float-1.0=True.txt] into a [bool] using [$&lt;read_str_from_txt&gt; =&gt; &lt;str_to_bool&gt;$]. Set log level to DEBUG for details
Rebuilding local parsing plan with next candidate parser: $&lt;read_str_from_txt&gt; =&gt; &lt;base64_ascii_str_pickle_to_object&gt; -&gt; &lt;float_to_bool&gt;$
DONE Rebuilding local parsing plan for [/home/travis/build/smarie/python-parsyfiles/parsyfiles/tests/combining_parsers_converters/test_data/b64pickle-float-1.0=True.txt]. Resuming parsing...
SUCCESS parsed [/home/travis/build/smarie/python-parsyfiles/parsyfiles/tests/combining_parsers_converters/test_data/b64pickle-float-1.0=True.txt] as a [bool] successfully. Parser used was [$&lt;read_str_from_txt&gt; =&gt; &lt;base64_ascii_str_pickle_to_object&gt; -&gt; &lt;float_to_bool&gt;$]
ERROR while parsing [/home/travis/build/smarie/python-parsyfiles/parsyfiles/tests/combining_parsers_converters/test_data/b64pickle-float-1.0=True.txt] into a [bool] using [$&lt;read_str_from_txt&gt; =&gt; &lt;str_to_bool&gt;$]. Set log level to DEBUG for details
Rebuilding local parsing plan with next candidate parser: $&lt;read_str_from_txt&gt; =&gt; &lt;base64_ascii_str_pickle_to_object&gt; -&gt; &lt;float_to_bool&gt;$
DONE Rebuilding local parsing plan for [/home/travis/build/smarie/python-parsyfiles/parsyfiles/tests/combining_parsers_converters/test_data/b64pickle-float-1.0=True.txt]. Resuming parsing...
SUCCESS parsed [/home/travis/build/smarie/python-parsyfiles/parsyfiles/tests/combining_parsers_converters/test_data/b64pickle-float-1.0=True.txt] as a [bool] successfully. Parser used was [$&lt;read_str_from_txt&gt; =&gt; &lt;base64_ascii_str_pickle_to_object&gt; -&gt; &lt;float_to_bool&gt;$]
ERROR while parsing [/home/travis/build/smarie/python-parsyfiles/parsyfiles/tests/combining_parsers_converters/test_data/b64pickle-float-1.0=True.txt] into a [bool] using [$&lt;read_str_from_txt&gt; =&gt; &lt;str_to_bool&gt;$]. Set log level to DEBUG for details
Rebuilding local parsing plan with next candidate parser: $&lt;read_str_from_txt&gt; =&gt; &lt;base64_ascii_str_pickle_to_object&gt; -&gt; &lt;float_to_bool&gt;$
DONE Rebuilding local parsing plan for [/home/travis/build/smarie/python-parsyfiles/parsyfiles/tests/combining_parsers_converters/test_data/b64pickle-float-1.0=True.txt]. Resuming parsing...
SUCCESS parsed [/home/travis/build/smarie/python-parsyfiles/parsyfiles/tests/combining_parsers_converters/test_data/b64pickle-float-1.0=True.txt] as a [bool] successfully. Parser used was [$&lt;read_str_from_txt&gt; =&gt; &lt;base64_ascii_str_pickle_to_object&gt; -&gt; &lt;float_to_bool&gt;$]
ERROR while parsing [/home/travis/build/smarie/python-parsyfiles/parsyfiles/tests/combining_parsers_converters/test_data/b64pickle-float-1.0=True.txt] into a [bool] using [$&lt;read_str_from_txt&gt; =&gt; &lt;str_to_bool&gt;$]. Set log level to DEBUG for details
Rebuilding local parsing plan with next candidate parser: $&lt;read_str_from_txt&gt; =&gt; &lt;base64_ascii_str_pickle_to_object&gt; -&gt; &lt;float_to_bool&gt;$
DONE Rebuilding local parsing plan for [/home/travis/build/smarie/python-parsyfiles/parsyfiles/tests/combining_parsers_converters/test_data/b64pickle-float-1.0=True.txt]. Resuming parsing...
SUCCESS parsed [/home/travis/build/smarie/python-parsyfiles/parsyfiles/tests/combining_parsers_converters/test_data/b64pickle-float-1.0=True.txt] as a [bool] successfully. Parser used was [$&lt;read_str_from_txt&gt; =&gt; &lt;base64_ascii_str_pickle_to_object&gt; -&gt; &lt;float_to_bool&gt;$]
ERROR while parsing [/home/travis/build/smarie/python-parsyfiles/parsyfiles/tests/combining_parsers_converters/test_data/b64pickle-float-1.0=True.txt] into a [bool] using [$&lt;read_str_from_txt&gt; =&gt; &lt;str_to_bool&gt;$]. Set log level to DEBUG for details
Rebuilding local parsing plan with next candidate parser: $&lt;read_str_from_txt&gt; =&gt; &lt;base64_ascii_str_pickle_to_object&gt; -&gt; &lt;float_to_bool&gt;$
DONE Rebuilding local parsing plan for [/home/travis/build/smarie/python-parsyfiles/parsyfiles/tests/combining_parsers_converters/test_data/b64pickle-float-1.0=True.txt]. Resuming parsing...
SUCCESS parsed [/home/travis/build/smarie/python-parsyfiles/parsyfiles/tests/combining_parsers_converters/test_data/b64pickle-float-1.0=True.txt] as a [bool] successfully. Parser used was [$&lt;read_str_from_txt&gt; =&gt; &lt;base64_ascii_str_pickle_to_object&gt; -&gt; &lt;float_to_bool&gt;$]
ERROR while parsing [/home/travis/build/smarie/python-parsyfiles/parsyfiles/tests/combining_parsers_converters/test_data/b64pickle-float-1.0=True.txt] into a [bool] using [$&lt;read_str_from_txt&gt; =&gt; &lt;str_to_bool&gt;$]. Set log level to DEBUG for details
Rebuilding local parsing plan with next candidate parser: $&lt;read_str_from_txt&gt; =&gt; &lt;base64_ascii_str_pickle_to_object&gt; -&gt; &lt;float_to_bool&gt;$
DONE Rebuilding local parsing plan for [/home/travis/build/smarie/python-parsyfiles/parsyfiles/tests/combining_parsers_converters/test_data/b64pickle-float-1.0=True.txt]. Resuming parsing...
SUCCESS parsed [/home/travis/build/smarie/python-parsyfiles/parsyfiles/tests/combining_parsers_converters/test_data/b64pickle-float-1.0=True.txt] as a [bool] successfully. Parser used was [$&lt;read_str_from_txt&gt; =&gt; &lt;base64_ascii_str_pickle_to_object&gt; -&gt; &lt;float_to_bool&gt;$]
ERROR while parsing [/home/travis/build/smarie/python-parsyfiles/parsyfiles/tests/combining_parsers_converters/test_data/b64pickle-float-1.0=True.txt] into a [bool] using [$&lt;read_str_from_txt&gt; =&gt; &lt;str_to_bool&gt;$]. Set log level to DEBUG for details
Rebuilding local parsing plan with next candidate parser: $&lt;read_str_from_txt&gt; =&gt; &lt;base64_ascii_str_pickle_to_object&gt; -&gt; &lt;float_to_bool&gt;$
DONE Rebuilding local parsing plan for [/home/travis/build/smarie/python-parsyfiles/parsyfiles/tests/combining_parsers_converters/test_data/b64pickle-float-1.0=True.txt]. Resuming parsing...
SUCCESS parsed [/home/travis/build/smarie/python-parsyfiles/parsyfiles/tests/combining_parsers_converters/test_data/b64pickle-float-1.0=True.txt] as a [bool] successfully. Parser used was [$&lt;read_str_from_txt&gt; =&gt; &lt;base64_ascii_str_pickle_to_object&gt; -&gt; &lt;float_to_bool&gt;$]
ERROR while parsing [/home/travis/build/smarie/python-parsyfiles/parsyfiles/tests/combining_parsers_converters/test_data/b64pickle-float-1.0=True.txt] into a [bool] using [$&lt;read_str_from_txt&gt; =&gt; &lt;str_to_bool&gt;$]. Set log level to DEBUG for details
Rebuilding local parsing plan with next candidate parser: $&lt;read_str_from_txt&gt; =&gt; &lt;base64_ascii_str_pickle_to_object&gt; -&gt; &lt;float_to_bool&gt;$
DONE Rebuilding local parsing plan for [/home/travis/build/smarie/python-parsyfiles/parsyfiles/tests/combining_parsers_converters/test_data/b64pickle-float-1.0=True.txt]. Resuming parsing...
SUCCESS parsed [/home/travis/build/smarie/python-parsyfiles/parsyfiles/tests/combining_parsers_converters/test_data/b64pickle-float-1.0=True.txt] as a [bool] successfully. Parser used was [$&lt;read_str_from_txt&gt; =&gt; &lt;base64_ascii_str_pickle_to_object&gt; -&gt; &lt;float_to_bool&gt;$]
ERROR while parsing [/home/travis/build/smarie/python-parsyfiles/parsyfiles/tests/combining_parsers_converters/test_data/b64pickle-float-1.0=True.txt] into a [bool] using [$&lt;read_str_from_txt&gt; =&gt; &lt;str_to_bool&gt;$]. Set log level to DEBUG for details
Rebuilding local parsing plan with next candidate parser: $&lt;read_str_from_txt&gt; =&gt; &lt;base64_ascii_str_pickle_to_object&gt; -&gt; &lt;float_to_bool&gt;$
DONE Rebuilding local parsing plan for [/home/travis/build/smarie/python-parsyfiles/parsyfiles/tests/combining_parsers_converters/test_data/b64pickle-float-1.0=True.txt]. Resuming parsing...
SUCCESS parsed [/home/travis/build/smarie/python-parsyfiles/parsyfiles/tests/combining_parsers_converters/test_data/b64pickle-float-1.0=True.txt] as a [bool] successfully. Parser used was [$&lt;read_str_from_txt&gt; =&gt; &lt;base64_ascii_str_pickle_to_object&gt; -&gt; &lt;float_to_bool&gt;$]
ERROR while parsing [/home/travis/build/smarie/python-parsyfiles/parsyfiles/tests/combining_parsers_converters/test_data/b64pickle-float-1.0=True.txt] into a [bool] using [$&lt;read_str_from_txt&gt; =&gt; &lt;str_to_bool&gt;$]. Set log level to DEBUG for details
Rebuilding local parsing plan with next candidate parser: $&lt;read_str_from_txt&gt; =&gt; &lt;base64_ascii_str_pickle_to_object&gt; -&gt; &lt;float_to_bool&gt;$
DONE Rebuilding local parsing plan for [/home/travis/build/smarie/python-parsyfiles/parsyfiles/tests/combining_parsers_converters/test_data/b64pickle-float-1.0=True.txt]. Resuming parsing...
SUCCESS parsed [/home/travis/build/smarie/python-parsyfiles/parsyfiles/tests/combining_parsers_converters/test_data/b64pickle-float-1.0=True.txt] as a [bool] successfully. Parser used was [$&lt;read_str_from_txt&gt; =&gt; &lt;base64_ascii_str_pickle_to_object&gt; -&gt; &lt;float_to_bool&gt;$]
ERROR while parsing [/home/travis/build/smarie/python-parsyfiles/parsyfiles/tests/combining_parsers_converters/test_data/b64pickle-float-1.0=True.txt] into a [bool] using [$&lt;read_str_from_txt&gt; =&gt; &lt;str_to_bool&gt;$]. Set log level to DEBUG for details
Rebuilding local parsing plan with next candidate parser: $&lt;read_str_from_txt&gt; =&gt; &lt;base64_ascii_str_pickle_to_object&gt; -&gt; &lt;float_to_bool&gt;$
DONE Rebuilding local parsing plan for [/home/travis/build/smarie/python-parsyfiles/parsyfiles/tests/combining_parsers_converters/test_data/b64pickle-float-1.0=True.txt]. Resuming parsing...
SUCCESS parsed [/home/travis/build/smarie/python-parsyfiles/parsyfiles/tests/combining_parsers_converters/test_data/b64pickle-float-1.0=True.txt] as a [bool] successfully. Parser used was [$&lt;read_str_from_txt&gt; =&gt; &lt;base64_ascii_str_pickle_to_object&gt; -&gt; &lt;float_to_bool&gt;$]
ERROR while parsing [/home/travis/build/smarie/python-parsyfiles/parsyfiles/tests/combining_parsers_converters/test_data/b64pickle-float-1.0=True.txt] into a [bool] using [$&lt;read_str_from_txt&gt; =&gt; &lt;str_to_bool&gt;$]. Set log level to DEBUG for details
Rebuilding local parsing plan with next candidate parser: $&lt;read_str_from_txt&gt; =&gt; &lt;base64_ascii_str_pickle_to_object&gt; -&gt; &lt;float_to_bool&gt;$
DONE Rebuilding local parsing plan for [/home/travis/build/smarie/python-parsyfiles/parsyfiles/tests/combining_parsers_converters/test_data/b64pickle-float-1.0=True.txt]. Resuming parsing...
SUCCESS parsed [/home/travis/build/smarie/python-parsyfiles/parsyfiles/tests/combining_parsers_converters/test_data/b64pickle-float-1.0=True.txt] as a [bool] successfully. Parser used was [$&lt;read_str_from_txt&gt; =&gt; &lt;base64_ascii_str_pickle_to_object&gt; -&gt; &lt;float_to_bool&gt;$]
ERROR while parsing [/home/travis/build/smarie/python-parsyfiles/parsyfiles/tests/combining_parsers_converters/test_data/b64pickle-float-1.0=True.txt] into a [bool] using [$&lt;read_str_from_txt&gt; =&gt; &lt;str_to_bool&gt;$]. Set log level to DEBUG for details
Rebuilding local parsing plan with next candidate parser: $&lt;read_str_from_txt&gt; =&gt; &lt;base64_ascii_str_pickle_to_object&gt; -&gt; &lt;float_to_bool&gt;$
DONE Rebuilding local parsing plan for [/home/travis/build/smarie/python-parsyfiles/parsyfiles/tests/combining_parsers_converters/test_data/b64pickle-float-1.0=True.txt]. Resuming parsing...
SUCCESS parsed [/home/travis/build/smarie/python-parsyfiles/parsyfiles/tests/combining_parsers_converters/test_data/b64pickle-float-1.0=True.txt] as a [bool] successfully. Parser used was [$&lt;read_str_from_txt&gt; =&gt; &lt;base64_ascii_str_pickle_to_object&gt; -&gt; &lt;float_to_bool&gt;$]
ERROR while parsing [/home/travis/build/smarie/python-parsyfiles/parsyfiles/tests/combining_parsers_converters/test_data/b64pickle-float-1.0=True.txt] into a [bool] using [$&lt;read_str_from_txt&gt; =&gt; &lt;str_to_bool&gt;$]. Set log level to DEBUG for details
Rebuilding local parsing plan with next candidate parser: $&lt;read_str_from_txt&gt; =&gt; &lt;base64_ascii_str_pickle_to_object&gt; -&gt; &lt;float_to_bool&gt;$
DONE Rebuilding local parsing plan for [/home/travis/build/smarie/python-parsyfiles/parsyfiles/tests/combining_parsers_converters/test_data/b64pickle-float-1.0=True.txt]. Resuming parsing...
SUCCESS parsed [/home/travis/build/smarie/python-parsyfiles/parsyfiles/tests/combining_parsers_converters/test_data/b64pickle-float-1.0=True.txt] as a [bool] successfully. Parser used was [$&lt;read_str_from_txt&gt; =&gt; &lt;base64_ascii_str_pickle_to_object&gt; -&gt; &lt;float_to_bool&gt;$]
ERROR while parsing [/home/travis/build/smarie/python-parsyfiles/parsyfiles/tests/combining_parsers_converters/test_data/b64pickle-float-1.0=True.txt] into a [bool] using [$&lt;read_str_from_txt&gt; =&gt; &lt;str_to_bool&gt;$]. Set log level to DEBUG for details
Rebuilding local parsing plan with next candidate parser: $&lt;read_str_from_txt&gt; =&gt; &lt;base64_ascii_str_pickle_to_object&gt; -&gt; &lt;float_to_bool&gt;$
DONE Rebuilding local parsing plan for [/home/travis/build/smarie/python-parsyfiles/parsyfiles/tests/combining_parsers_converters/test_data/b64pickle-float-1.0=True.txt]. Resuming parsing...
SUCCESS parsed [/home/travis/build/smarie/python-parsyfiles/parsyfiles/tests/combining_parsers_converters/test_data/b64pickle-float-1.0=True.txt] as a [bool] successfully. Parser used was [$&lt;read_str_from_txt&gt; =&gt; &lt;base64_ascii_str_pickle_to_object&gt; -&gt; &lt;float_to_bool&gt;$]
ERROR while parsing [/home/travis/build/smarie/python-parsyfiles/parsyfiles/tests/combining_parsers_converters/test_data/b64pickle-float-1.0=True.txt] into a [bool] using [$&lt;read_str_from_txt&gt; =&gt; &lt;str_to_bool&gt;$]. Set log level to DEBUG for details
Rebuilding local parsing plan with next candidate parser: $&lt;read_str_from_txt&gt; =&gt; &lt;base64_ascii_str_pickle_to_object&gt; -&gt; &lt;float_to_bool&gt;$
DONE Rebuilding local parsing plan for [/home/travis/build/smarie/python-parsyfiles/parsyfiles/tests/combining_parsers_converters/test_data/b64pickle-float-1.0=True.txt]. Resuming parsing...
SUCCESS parsed [/home/travis/build/smarie/python-parsyfiles/parsyfiles/tests/combining_parsers_converters/test_data/b64pickle-float-1.0=True.txt] as a [bool] successfully. Parser used was [$&lt;read_str_from_txt&gt; =&gt; &lt;base64_ascii_str_pickle_to_object&gt; -&gt; &lt;float_to_bool&gt;$]
ERROR while parsing [/home/travis/build/smarie/python-parsyfiles/parsyfiles/tests/combining_parsers_converters/test_data/b64pickle-float-1.0=True.txt] into a [bool] using [$&lt;read_str_from_txt&gt; =&gt; &lt;str_to_bool&gt;$]. Set log level to DEBUG for details
Rebuilding local parsing plan with next candidate parser: $&lt;read_str_from_txt&gt; =&gt; &lt;base64_ascii_str_pickle_to_object&gt; -&gt; &lt;float_to_bool&gt;$
DONE Rebuilding local parsing plan for [/home/travis/build/smarie/python-parsyfiles/parsyfiles/tests/combining_parsers_converters/test_data/b64pickle-float-1.0=True.txt]. Resuming parsing...
SUCCESS parsed [/home/travis/build/smarie/python-parsyfiles/parsyfiles/tests/combining_parsers_converters/test_data/b64pickle-float-1.0=True.txt] as a [bool] successfully. Parser used was [$&lt;read_str_from_txt&gt; =&gt; &lt;base64_ascii_str_pickle_to_object&gt; -&gt; &lt;float_to_bool&gt;$]
ERROR while parsing [/home/travis/build/smarie/python-parsyfiles/parsyfiles/tests/combining_parsers_converters/test_data/b64pickle-float-1.0=True.txt] into a [bool] using [$&lt;read_str_from_txt&gt; =&gt; &lt;str_to_bool&gt;$]. Set log level to DEBUG for details
Rebuilding local parsing plan with next candidate parser: $&lt;read_str_from_txt&gt; =&gt; &lt;base64_ascii_str_pickle_to_object&gt; -&gt; &lt;float_to_bool&gt;$
DONE Rebuilding local parsing plan for [/home/travis/build/smarie/python-parsyfiles/parsyfiles/tests/combining_parsers_converters/test_data/b64pickle-float-1.0=True.txt]. Resuming parsing...
SUCCESS parsed [/home/travis/build/smarie/python-parsyfiles/parsyfiles/tests/combining_parsers_converters/test_data/b64pickle-float-1.0=True.txt] as a [bool] successfully. Parser used was [$&lt;read_str_from_txt&gt; =&gt; &lt;base64_ascii_str_pickle_to_object&gt; -&gt; &lt;float_to_bool&gt;$]
ERROR while parsing [/home/travis/build/smarie/python-parsyfiles/parsyfiles/tests/combining_parsers_converters/test_data/b64pickle-float-1.0=True.txt] into a [bool] using [$&lt;read_str_from_txt&gt; =&gt; &lt;str_to_bool&gt;$]. Set log level to DEBUG for details
Rebuilding local parsing plan with next candidate parser: $&lt;read_str_from_txt&gt; =&gt; &lt;base64_ascii_str_pickle_to_object&gt; -&gt; &lt;float_to_bool&gt;$
DONE Rebuilding local parsing plan for [/home/travis/build/smarie/python-parsyfiles/parsyfiles/tests/combining_parsers_converters/test_data/b64pickle-float-1.0=True.txt]. Resuming parsing...
SUCCESS parsed [/home/travis/build/smarie/python-parsyfiles/parsyfiles/tests/combining_parsers_converters/test_data/b64pickle-float-1.0=True.txt] as a [bool] successfully. Parser used was [$&lt;read_str_from_txt&gt; =&gt; &lt;base64_ascii_str_pickle_to_object&gt; -&gt; &lt;float_to_bool&gt;$]
ERROR while parsing [/home/travis/build/smarie/python-parsyfiles/parsyfiles/tests/combining_parsers_converters/test_data/b64pickle-float-1.0=True.txt] into a [bool] using [$&lt;read_str_from_txt&gt; =&gt; &lt;str_to_bool&gt;$]. Set log level to DEBUG for details
Rebuilding local parsing plan with next candidate parser: $&lt;read_str_from_txt&gt; =&gt; &lt;base64_ascii_str_pickle_to_object&gt; -&gt; &lt;float_to_bool&gt;$
DONE Rebuilding local parsing plan for [/home/travis/build/smarie/python-parsyfiles/parsyfiles/tests/combining_parsers_converters/test_data/b64pickle-float-1.0=True.txt]. Resuming parsing...
SUCCESS parsed [/home/travis/build/smarie/python-parsyfiles/parsyfiles/tests/combining_parsers_converters/test_data/b64pickle-float-1.0=True.txt] as a [bool] successfully. Parser used was [$&lt;read_str_from_txt&gt; =&gt; &lt;base64_ascii_str_pickle_to_object&gt; -&gt; &lt;float_to_bool&gt;$]
ERROR while parsing [/home/travis/build/smarie/python-parsyfiles/parsyfiles/tests/combining_parsers_converters/test_data/b64pickle-float-1.0=True.txt] into a [bool] using [$&lt;read_str_from_txt&gt; =&gt; &lt;str_to_bool&gt;$]. Set log level to DEBUG for details
Rebuilding local parsing plan with next candidate parser: $&lt;read_str_from_txt&gt; =&gt; &lt;base64_ascii_str_pickle_to_object&gt; -&gt; &lt;float_to_bool&gt;$
DONE Rebuilding local parsing plan for [/home/travis/build/smarie/python-parsyfiles/parsyfiles/tests/combining_parsers_converters/test_data/b64pickle-float-1.0=True.txt]. Resuming parsing...
SUCCESS parsed [/home/travis/build/smarie/python-parsyfiles/parsyfiles/tests/combining_parsers_converters/test_data/b64pickle-float-1.0=True.txt] as a [bool] successfully. Parser used was [$&lt;read_str_from_txt&gt; =&gt; &lt;base64_ascii_str_pickle_to_object&gt; -&gt; &lt;float_to_bool&gt;$]
ERROR while parsing [/home/travis/build/smarie/python-parsyfiles/parsyfiles/tests/combining_parsers_converters/test_data/b64pickle-float-1.0=True.txt] into a [bool] using [$&lt;read_str_from_txt&gt; =&gt; &lt;str_to_bool&gt;$]. Set log level to DEBUG for details
Rebuilding local parsing plan with next candidate parser: $&lt;read_str_from_txt&gt; =&gt; &lt;base64_ascii_str_pickle_to_object&gt; -&gt; &lt;float_to_bool&gt;$
DONE Rebuilding local parsing plan for [/home/travis/build/smarie/python-parsyfiles/parsyfiles/tests/combining_parsers_converters/test_data/b64pickle-float-1.0=True.txt]. Resuming parsing...
SUCCESS parsed [/home/travis/build/smarie/python-parsyfiles/parsyfiles/tests/combining_parsers_converters/test_data/b64pickle-float-1.0=True.txt] as a [bool] successfully. Parser used was [$&lt;read_str_from_txt&gt; =&gt; &lt;base64_ascii_str_pickle_to_object&gt; -&gt; &lt;float_to_bool&gt;$]
ERROR while parsing [/home/travis/build/smarie/python-parsyfiles/parsyfiles/tests/combining_parsers_converters/test_data/b64pickle-float-1.0=True.txt] into a [bool] using [$&lt;read_str_from_txt&gt; =&gt; &lt;str_to_bool&gt;$]. Set log level to DEBUG for details
Rebuilding local parsing plan with next candidate parser: $&lt;read_str_from_txt&gt; =&gt; &lt;base64_ascii_str_pickle_to_object&gt; -&gt; &lt;float_to_bool&gt;$
DONE Rebuilding local parsing plan for [/home/travis/build/smarie/python-parsyfiles/parsyfiles/tests/combining_parsers_converters/test_data/b64pickle-float-1.0=True.txt]. Resuming parsing...
SUCCESS parsed [/home/travis/build/smarie/python-parsyfiles/parsyfiles/tests/combining_parsers_converters/test_data/b64pickle-float-1.0=True.txt] as a [bool] successfully. Parser used was [$&lt;read_str_from_txt&gt; =&gt; &lt;base64_ascii_str_pickle_to_object&gt; -&gt; &lt;float_to_bool&gt;$]
ERROR while parsing [/home/travis/build/smarie/python-parsyfiles/parsyfiles/tests/combining_parsers_converters/test_data/b64pickle-float-1.0=True.txt] into a [bool] using [$&lt;read_str_from_txt&gt; =&gt; &lt;str_to_bool&gt;$]. Set log level to DEBUG for details
Rebuilding local parsing plan with next candidate parser: $&lt;read_str_from_txt&gt; =&gt; &lt;base64_ascii_str_pickle_to_object&gt; -&gt; &lt;float_to_bool&gt;$
DONE Rebuilding local parsing plan for [/home/travis/build/smarie/python-parsyfiles/parsyfiles/tests/combining_parsers_converters/test_data/b64pickle-float-1.0=True.txt]. Resuming parsing...
SUCCESS parsed [/home/travis/build/smarie/python-parsyfiles/parsyfiles/tests/combining_parsers_converters/test_data/b64pickle-float-1.0=True.txt] as a [bool] successfully. Parser used was [$&lt;read_str_from_txt&gt; =&gt; &lt;base64_ascii_str_pickle_to_object&gt; -&gt; &lt;float_to_bool&gt;$]
ERROR while parsing [/home/travis/build/smarie/python-parsyfiles/parsyfiles/tests/combining_parsers_converters/test_data/b64pickle-float-1.0=True.txt] into a [bool] using [$&lt;read_str_from_txt&gt; =&gt; &lt;str_to_bool&gt;$]. Set log level to DEBUG for details
Rebuilding local parsing plan with next candidate parser: $&lt;read_str_from_txt&gt; =&gt; &lt;base64_ascii_str_pickle_to_object&gt; -&gt; &lt;float_to_bool&gt;$
DONE Rebuilding local parsing plan for [/home/travis/build/smarie/python-parsyfiles/parsyfiles/tests/combining_parsers_converters/test_data/b64pickle-float-1.0=True.txt]. Resuming parsing...
SUCCESS parsed [/home/travis/build/smarie/python-parsyfiles/parsyfiles/tests/combining_parsers_converters/test_data/b64pickle-float-1.0=True.txt] as a [bool] successfully. Parser used was [$&lt;read_str_from_txt&gt; =&gt; &lt;base64_ascii_str_pickle_to_object&gt; -&gt; &lt;float_to_bool&gt;$]
ERROR while parsing [/home/travis/build/smarie/python-parsyfiles/parsyfiles/tests/combining_parsers_converters/test_data/b64pickle-float-1.0=True.txt] into a [bool] using [$&lt;read_str_from_txt&gt; =&gt; &lt;str_to_bool&gt;$]. Set log level to DEBUG for details
Rebuilding local parsing plan with next candidate parser: $&lt;read_str_from_txt&gt; =&gt; &lt;base64_ascii_str_pickle_to_object&gt; -&gt; &lt;float_to_bool&gt;$
DONE Rebuilding local parsing plan for [/home/travis/build/smarie/python-parsyfiles/parsyfiles/tests/combining_parsers_converters/test_data/b64pickle-float-1.0=True.txt]. Resuming parsing...
SUCCESS parsed [/home/travis/build/smarie/python-parsyfiles/parsyfiles/tests/combining_parsers_converters/test_data/b64pickle-float-1.0=True.txt] as a [bool] successfully. Parser used was [$&lt;read_str_from_txt&gt; =&gt; &lt;base64_ascii_str_pickle_to_object&gt; -&gt; &lt;float_to_bool&gt;$]
ERROR while parsing [/home/travis/build/smarie/python-parsyfiles/parsyfiles/tests/combining_parsers_converters/test_data/b64pickle-float-1.0=True.txt] into a [bool] using [$&lt;read_str_from_txt&gt; =&gt; &lt;str_to_bool&gt;$]. Set log level to DEBUG for details
Rebuilding local parsing plan with next candidate parser: $&lt;read_str_from_txt&gt; =&gt; &lt;base64_ascii_str_pickle_to_object&gt; -&gt; &lt;float_to_bool&gt;$
DONE Rebuilding local parsing plan for [/home/travis/build/smarie/python-parsyfiles/parsyfiles/tests/combining_parsers_converters/test_data/b64pickle-float-1.0=True.txt]. Resuming parsing...
SUCCESS parsed [/home/travis/build/smarie/python-parsyfiles/parsyfiles/tests/combining_parsers_converters/test_data/b64pickle-float-1.0=True.txt] as a [bool] successfully. Parser used was [$&lt;read_str_from_txt&gt; =&gt; &lt;base64_ascii_str_pickle_to_object&gt; -&gt; &lt;float_to_bool&gt;$]
ERROR while parsing [/home/travis/build/smarie/python-parsyfiles/parsyfiles/tests/combining_parsers_converters/test_data/b64pickle-float-1.0=True.txt] into a [bool] using [$&lt;read_str_from_txt&gt; =&gt; &lt;str_to_bool&gt;$]. Set log level to DEBUG for details
Rebuilding local parsing plan with next candidate parser: $&lt;read_str_from_txt&gt; =&gt; &lt;base64_ascii_str_pickle_to_object&gt; -&gt; &lt;float_to_bool&gt;$
DONE Rebuilding local parsing plan for [/home/travis/build/smarie/python-parsyfiles/parsyfiles/tests/combining_parsers_converters/test_data/b64pickle-float-1.0=True.txt]. Resuming parsing...
SUCCESS parsed [/home/travis/build/smarie/python-parsyfiles/parsyfiles/tests/combining_parsers_converters/test_data/b64pickle-float-1.0=True.txt] as a [bool] successfully. Parser used was [$&lt;read_str_from_txt&gt; =&gt; &lt;base64_ascii_str_pickle_to_object&gt; -&gt; &lt;float_to_bool&gt;$]
ERROR while parsing [/home/travis/build/smarie/python-parsyfiles/parsyfiles/tests/combining_parsers_converters/test_data/b64pickle-float-1.0=True.txt] into a [bool] using [$&lt;read_str_from_txt&gt; =&gt; &lt;str_to_bool&gt;$]. Set log level to DEBUG for details
Rebuilding local parsing plan with next candidate parser: $&lt;read_str_from_txt&gt; =&gt; &lt;base64_ascii_str_pickle_to_object&gt; -&gt; &lt;float_to_bool&gt;$
DONE Rebuilding local parsing plan for [/home/travis/build/smarie/python-parsyfiles/parsyfiles/tests/combining_parsers_converters/test_data/b64pickle-float-1.0=True.txt]. Resuming parsing...
SUCCESS parsed [/home/travis/build/smarie/python-parsyfiles/parsyfiles/tests/combining_parsers_converters/test_data/b64pickle-float-1.0=True.txt] as a [bool] successfully. Parser used was [$&lt;read_str_from_txt&gt; =&gt; &lt;base64_ascii_str_pickle_to_object&gt; -&gt; &lt;float_to_bool&gt;$]
ERROR while parsing [/home/travis/build/smarie/python-parsyfiles/parsyfiles/tests/combining_parsers_converters/test_data/b64pickle-float-1.0=True.txt] into a [bool] using [$&lt;read_str_from_txt&gt; =&gt; &lt;str_to_bool&gt;$]. Set log level to DEBUG for details
Rebuilding local parsing plan with next candidate parser: $&lt;read_str_from_txt&gt; =&gt; &lt;base64_ascii_str_pickle_to_object&gt; -&gt; &lt;float_to_bool&gt;$
DONE Rebuilding local parsing plan for [/home/travis/build/smarie/python-parsyfiles/parsyfiles/tests/combining_parsers_converters/test_data/b64pickle-float-1.0=True.txt]. Resuming parsing...
SUCCESS parsed [/home/travis/build/smarie/python-parsyfiles/parsyfiles/tests/combining_parsers_converters/test_data/b64pickle-float-1.0=True.txt] as a [bool] successfully. Parser used was [$&lt;read_str_from_txt&gt; =&gt; &lt;base64_ascii_str_pickle_to_object&gt; -&gt; &lt;float_to_bool&gt;$]
ERROR while parsing [/home/travis/build/smarie/python-parsyfiles/parsyfiles/tests/combining_parsers_converters/test_data/b64pickle-float-1.0=True.txt] into a [bool] using [$&lt;read_str_from_txt&gt; =&gt; &lt;str_to_bool&gt;$]. Set log level to DEBUG for details
Rebuilding local parsing plan with next candidate parser: $&lt;read_str_from_txt&gt; =&gt; &lt;base64_ascii_str_pickle_to_object&gt; -&gt; &lt;float_to_bool&gt;$
DONE Rebuilding local parsing plan for [/home/travis/build/smarie/python-parsyfiles/parsyfiles/tests/combining_parsers_converters/test_data/b64pickle-float-1.0=True.txt]. Resuming parsing...
SUCCESS parsed [/home/travis/build/smarie/python-parsyfiles/parsyfiles/tests/combining_parsers_converters/test_data/b64pickle-float-1.0=True.txt] as a [bool] successfully. Parser used was [$&lt;read_str_from_txt&gt; =&gt; &lt;base64_ascii_str_pickle_to_object&gt; -&gt; &lt;float_to_bool&gt;$]
ERROR while parsing [/home/travis/build/smarie/python-parsyfiles/parsyfiles/tests/combining_parsers_converters/test_data/b64pickle-float-1.0=True.txt] into a [bool] using [$&lt;read_str_from_txt&gt; =&gt; &lt;str_to_bool&gt;$]. Set log level to DEBUG for details
Rebuilding local parsing plan with next candidate parser: $&lt;read_str_from_txt&gt; =&gt; &lt;base64_ascii_str_pickle_to_object&gt; -&gt; &lt;float_to_bool&gt;$
DONE Rebuilding local parsing plan for [/home/travis/build/smarie/python-parsyfiles/parsyfiles/tests/combining_parsers_converters/test_data/b64pickle-float-1.0=True.txt]. Resuming parsing...
SUCCESS parsed [/home/travis/build/smarie/python-parsyfiles/parsyfiles/tests/combining_parsers_converters/test_data/b64pickle-float-1.0=True.txt] as a [bool] successfully. Parser used was [$&lt;read_str_from_txt&gt; =&gt; &lt;base64_ascii_str_pickle_to_object&gt; -&gt; &lt;float_to_bool&gt;$]
ERROR while parsing [/home/travis/build/smarie/python-parsyfiles/parsyfiles/tests/combining_parsers_converters/test_data/b64pickle-float-1.0=True.txt] into a [bool] using [$&lt;read_str_from_txt&gt; =&gt; &lt;str_to_bool&gt;$]. Set log level to DEBUG for details
Rebuilding local parsing plan with next candidate parser: $&lt;read_str_from_txt&gt; =&gt; &lt;base64_ascii_str_pickle_to_object&gt; -&gt; &lt;float_to_bool&gt;$
DONE Rebuilding local parsing plan for [/home/travis/build/smarie/python-parsyfiles/parsyfiles/tests/combining_parsers_converters/test_data/b64pickle-float-1.0=True.txt]. Resuming parsing...
SUCCESS parsed [/home/travis/build/smarie/python-parsyfiles/parsyfiles/tests/combining_parsers_converters/test_data/b64pickle-float-1.0=True.txt] as a [bool] successfully. Parser used was [$&lt;read_str_from_txt&gt; =&gt; &lt;base64_ascii_str_pickle_to_object&gt; -&gt; &lt;float_to_bool&gt;$]
ERROR while parsing [/home/travis/build/smarie/python-parsyfiles/parsyfiles/tests/combining_parsers_converters/test_data/b64pickle-float-1.0=True.txt] into a [bool] using [$&lt;read_str_from_txt&gt; =&gt; &lt;str_to_bool&gt;$]. Set log level to DEBUG for details
Rebuilding local parsing plan with next candidate parser: $&lt;read_str_from_txt&gt; =&gt; &lt;base64_ascii_str_pickle_to_object&gt; -&gt; &lt;float_to_bool&gt;$
DONE Rebuilding local parsing plan for [/home/travis/build/smarie/python-parsyfiles/parsyfiles/tests/combining_parsers_converters/test_data/b64pickle-float-1.0=True.txt]. Resuming parsing...
SUCCESS parsed [/home/travis/build/smarie/python-parsyfiles/parsyfiles/tests/combining_parsers_converters/test_data/b64pickle-float-1.0=True.txt] as a [bool] successfully. Parser used was [$&lt;read_str_from_txt&gt; =&gt; &lt;base64_ascii_str_pickle_to_object&gt; -&gt; &lt;float_to_bool&gt;$]
ERROR while parsing [/home/travis/build/smarie/python-parsyfiles/parsyfiles/tests/combining_parsers_converters/test_data/b64pickle-float-1.0=True.txt] into a [bool] using [$&lt;read_str_from_txt&gt; =&gt; &lt;str_to_bool&gt;$]. Set log level to DEBUG for details
Rebuilding local parsing plan with next candidate parser: $&lt;read_str_from_txt&gt; =&gt; &lt;base64_ascii_str_pickle_to_object&gt; -&gt; &lt;float_to_bool&gt;$
DONE Rebuilding local parsing plan for [/home/travis/build/smarie/python-parsyfiles/parsyfiles/tests/combining_parsers_converters/test_data/b64pickle-float-1.0=True.txt]. Resuming parsing...
SUCCESS parsed [/home/travis/build/smarie/python-parsyfiles/parsyfiles/tests/combining_parsers_converters/test_data/b64pickle-float-1.0=True.txt] as a [bool] successfully. Parser used was [$&lt;read_str_from_txt&gt; =&gt; &lt;base64_ascii_str_pickle_to_object&gt; -&gt; &lt;float_to_bool&gt;$]
ERROR while parsing [/home/travis/build/smarie/python-parsyfiles/parsyfiles/tests/combining_parsers_converters/test_data/b64pickle-float-1.0=True.txt] into a [bool] using [$&lt;read_str_from_txt&gt; =&gt; &lt;str_to_bool&gt;$]. Set log level to DEBUG for details
Rebuilding local parsing plan with next candidate parser: $&lt;read_str_from_txt&gt; =&gt; &lt;base64_ascii_str_pickle_to_object&gt; -&gt; &lt;float_to_bool&gt;$
DONE Rebuilding local parsing plan for [/home/travis/build/smarie/python-parsyfiles/parsyfiles/tests/combining_parsers_converters/test_data/b64pickle-float-1.0=True.txt]. Resuming parsing...
SUCCESS parsed [/home/travis/build/smarie/python-parsyfiles/parsyfiles/tests/combining_parsers_converters/test_data/b64pickle-float-1.0=True.txt] as a [bool] successfully. Parser used was [$&lt;read_str_from_txt&gt; =&gt; &lt;base64_ascii_str_pickle_to_object&gt; -&gt; &lt;float_to_bool&gt;$]
ERROR while parsing [/home/travis/build/smarie/python-parsyfiles/parsyfiles/tests/combining_parsers_converters/test_data/b64pickle-float-1.0=True.txt] into a [bool] using [$&lt;read_str_from_txt&gt; =&gt; &lt;str_to_bool&gt;$]. Set log level to DEBUG for details
Rebuilding local parsing plan with next candidate parser: $&lt;read_str_from_txt&gt; =&gt; &lt;base64_ascii_str_pickle_to_object&gt; -&gt; &lt;float_to_bool&gt;$
DONE Rebuilding local parsing plan for [/home/travis/build/smarie/python-parsyfiles/parsyfiles/tests/combining_parsers_converters/test_data/b64pickle-float-1.0=True.txt]. Resuming parsing...
SUCCESS parsed [/home/travis/build/smarie/python-parsyfiles/parsyfiles/tests/combining_parsers_converters/test_data/b64pickle-float-1.0=True.txt] as a [bool] successfully. Parser used was [$&lt;read_str_from_txt&gt; =&gt; &lt;base64_ascii_str_pickle_to_object&gt; -&gt; &lt;float_to_bool&gt;$]
ERROR while parsing [/home/travis/build/smarie/python-parsyfiles/parsyfiles/tests/combining_parsers_converters/test_data/b64pickle-float-1.0=True.txt] into a [bool] using [$&lt;read_str_from_txt&gt; =&gt; &lt;str_to_bool&gt;$]. Set log level to DEBUG for details
Rebuilding local parsing plan with next candidate parser: $&lt;read_str_from_txt&gt; =&gt; &lt;base64_ascii_str_pickle_to_object&gt; -&gt; &lt;float_to_bool&gt;$
DONE Rebuilding local parsing plan for [/home/travis/build/smarie/python-parsyfiles/parsyfiles/tests/combining_parsers_converters/test_data/b64pickle-float-1.0=True.txt]. Resuming parsing...
SUCCESS parsed [/home/travis/build/smarie/python-parsyfiles/parsyfiles/tests/combining_parsers_converters/test_data/b64pickle-float-1.0=True.txt] as a [bool] successfully. Parser used was [$&lt;read_str_from_txt&gt; =&gt; &lt;base64_ascii_str_pickle_to_object&gt; -&gt; &lt;float_to_bool&gt;$]
ERROR while parsing [/home/travis/build/smarie/python-parsyfiles/parsyfiles/tests/combining_parsers_converters/test_data/b64pickle-float-1.0=True.txt] into a [bool] using [$&lt;read_str_from_txt&gt; =&gt; &lt;str_to_bool&gt;$]. Set log level to DEBUG for details
Rebuilding local parsing plan with next candidate parser: $&lt;read_str_from_txt&gt; =&gt; &lt;base64_ascii_str_pickle_to_object&gt; -&gt; &lt;float_to_bool&gt;$
DONE Rebuilding local parsing plan for [/home/travis/build/smarie/python-parsyfiles/parsyfiles/tests/combining_parsers_converters/test_data/b64pickle-float-1.0=True.txt]. Resuming parsing...
SUCCESS parsed [/home/travis/build/smarie/python-parsyfiles/parsyfiles/tests/combining_parsers_converters/test_data/b64pickle-float-1.0=True.txt] as a [bool] successfully. Parser used was [$&lt;read_str_from_txt&gt; =&gt; &lt;base64_ascii_str_pickle_to_object&gt; -&gt; &lt;float_to_bool&gt;$]
ERROR while parsing [/home/travis/build/smarie/python-parsyfiles/parsyfiles/tests/combining_parsers_converters/test_data/b64pickle-float-1.0=True.txt] into a [bool] using [$&lt;read_str_from_txt&gt; =&gt; &lt;str_to_bool&gt;$]. Set log level to DEBUG for details
Rebuilding local parsing plan with next candidate parser: $&lt;read_str_from_txt&gt; =&gt; &lt;base64_ascii_str_pickle_to_object&gt; -&gt; &lt;float_to_bool&gt;$
DONE Rebuilding local parsing plan for [/home/travis/build/smarie/python-parsyfiles/parsyfiles/tests/combining_parsers_converters/test_data/b64pickle-float-1.0=True.txt]. Resuming parsing...
SUCCESS parsed [/home/travis/build/smarie/python-parsyfiles/parsyfiles/tests/combining_parsers_converters/test_data/b64pickle-float-1.0=True.txt] as a [bool] successfully. Parser used was [$&lt;read_str_from_txt&gt; =&gt; &lt;base64_ascii_str_pickle_to_object&gt; -&gt; &lt;float_to_bool&gt;$]
ERROR while parsing [/home/travis/build/smarie/python-parsyfiles/parsyfiles/tests/combining_parsers_converters/test_data/b64pickle-float-1.0=True.txt] into a [bool] using [$&lt;read_str_from_txt&gt; =&gt; &lt;str_to_bool&gt;$]. Set log level to DEBUG for details
Rebuilding local parsing plan with next candidate parser: $&lt;read_str_from_txt&gt; =&gt; &lt;base64_ascii_str_pickle_to_object&gt; -&gt; &lt;float_to_bool&gt;$
DONE Rebuilding local parsing plan for [/home/travis/build/smarie/python-parsyfiles/parsyfiles/tests/combining_parsers_converters/test_data/b64pickle-float-1.0=True.txt]. Resuming parsing...
SUCCESS parsed [/home/travis/build/smarie/python-parsyfiles/parsyfiles/tests/combining_parsers_converters/test_data/b64pickle-float-1.0=True.txt] as a [bool] successfully. Parser used was [$&lt;read_str_from_txt&gt; =&gt; &lt;base64_ascii_str_pickle_to_object&gt; -&gt; &lt;float_to_bool&gt;$]
ERROR while parsing [/home/travis/build/smarie/python-parsyfiles/parsyfiles/tests/combining_parsers_converters/test_data/b64pickle-float-1.0=True.txt] into a [bool] using [$&lt;read_str_from_txt&gt; =&gt; &lt;str_to_bool&gt;$]. Set log level to DEBUG for details
Rebuilding local parsing plan with next candidate parser: $&lt;read_str_from_txt&gt; =&gt; &lt;base64_ascii_str_pickle_to_object&gt; -&gt; &lt;float_to_bool&gt;$
DONE Rebuilding local parsing plan for [/home/travis/build/smarie/python-parsyfiles/parsyfiles/tests/combining_parsers_converters/test_data/b64pickle-float-1.0=True.txt]. Resuming parsing...
SUCCESS parsed [/home/travis/build/smarie/python-parsyfiles/parsyfiles/tests/combining_parsers_converters/test_data/b64pickle-float-1.0=True.txt] as a [bool] successfully. Parser used was [$&lt;read_str_from_txt&gt; =&gt; &lt;base64_ascii_str_pickle_to_object&gt; -&gt; &lt;float_to_bool&gt;$]
ERROR while parsing [/home/travis/build/smarie/python-parsyfiles/parsyfiles/tests/combining_parsers_converters/test_data/b64pickle-float-1.0=True.txt] into a [bool] using [$&lt;read_str_from_txt&gt; =&gt; &lt;str_to_bool&gt;$]. Set log level to DEBUG for details
Rebuilding local parsing plan with next candidate parser: $&lt;read_str_from_txt&gt; =&gt; &lt;base64_ascii_str_pickle_to_object&gt; -&gt; &lt;float_to_bool&gt;$
DONE Rebuilding local parsing plan for [/home/travis/build/smarie/python-parsyfiles/parsyfiles/tests/combining_parsers_converters/test_data/b64pickle-float-1.0=True.txt]. Resuming parsing...
SUCCESS parsed [/home/travis/build/smarie/python-parsyfiles/parsyfiles/tests/combining_parsers_converters/test_data/b64pickle-float-1.0=True.txt] as a [bool] successfully. Parser used was [$&lt;read_str_from_txt&gt; =&gt; &lt;base64_ascii_str_pickle_to_object&gt; -&gt; &lt;float_to_bool&gt;$]
ERROR while parsing [/home/travis/build/smarie/python-parsyfiles/parsyfiles/tests/combining_parsers_converters/test_data/b64pickle-float-1.0=True.txt] into a [bool] using [$&lt;read_str_from_txt&gt; =&gt; &lt;str_to_bool&gt;$]. Set log level to DEBUG for details
Rebuilding local parsing plan with next candidate parser: $&lt;read_str_from_txt&gt; =&gt; &lt;base64_ascii_str_pickle_to_object&gt; -&gt; &lt;float_to_bool&gt;$
DONE Rebuilding local parsing plan for [/home/travis/build/smarie/python-parsyfiles/parsyfiles/tests/combining_parsers_converters/test_data/b64pickle-float-1.0=True.txt]. Resuming parsing...
SUCCESS parsed [/home/travis/build/smarie/python-parsyfiles/parsyfiles/tests/combining_parsers_converters/test_data/b64pickle-float-1.0=True.txt] as a [bool] successfully. Parser used was [$&lt;read_str_from_txt&gt; =&gt; &lt;base64_ascii_str_pickle_to_object&gt; -&gt; &lt;float_to_bool&gt;$]
ERROR while parsing [/home/travis/build/smarie/python-parsyfiles/parsyfiles/tests/combining_parsers_converters/test_data/b64pickle-float-1.0=True.txt] into a [bool] using [$&lt;read_str_from_txt&gt; =&gt; &lt;str_to_bool&gt;$]. Set log level to DEBUG for details
Rebuilding local parsing plan with next candidate parser: $&lt;read_str_from_txt&gt; =&gt; &lt;base64_ascii_str_pickle_to_object&gt; -&gt; &lt;float_to_bool&gt;$
DONE Rebuilding local parsing plan for [/home/travis/build/smarie/python-parsyfiles/parsyfiles/tests/combining_parsers_converters/test_data/b64pickle-float-1.0=True.txt]. Resuming parsing...
SUCCESS parsed [/home/travis/build/smarie/python-parsyfiles/parsyfiles/tests/combining_parsers_converters/test_data/b64pickle-float-1.0=True.txt] as a [bool] successfully. Parser used was [$&lt;read_str_from_txt&gt; =&gt; &lt;base64_ascii_str_pickle_to_object&gt; -&gt; &lt;float_to_bool&gt;$]
ERROR while parsing [/home/travis/build/smarie/python-parsyfiles/parsyfiles/tests/combining_parsers_converters/test_data/b64pickle-float-1.0=True.txt] into a [bool] using [$&lt;read_str_from_txt&gt; =&gt; &lt;str_to_bool&gt;$]. Set log level to DEBUG for details
Rebuilding local parsing plan with next candidate parser: $&lt;read_str_from_txt&gt; =&gt; &lt;base64_ascii_str_pickle_to_object&gt; -&gt; &lt;float_to_bool&gt;$
DONE Rebuilding local parsing plan for [/home/travis/build/smarie/python-parsyfiles/parsyfiles/tests/combining_parsers_converters/test_data/b64pickle-float-1.0=True.txt]. Resuming parsing...
SUCCESS parsed [/home/travis/build/smarie/python-parsyfiles/parsyfiles/tests/combining_parsers_converters/test_data/b64pickle-float-1.0=True.txt] as a [bool] successfully. Parser used was [$&lt;read_str_from_txt&gt; =&gt; &lt;base64_ascii_str_pickle_to_object&gt; -&gt; &lt;float_to_bool&gt;$]
ERROR while parsing [/home/travis/build/smarie/python-parsyfiles/parsyfiles/tests/combining_parsers_converters/test_data/b64pickle-float-1.0=True.txt] into a [bool] using [$&lt;read_str_from_txt&gt; =&gt; &lt;str_to_bool&gt;$]. Set log level to DEBUG for details
Rebuilding local parsing plan with next candidate parser: $&lt;read_str_from_txt&gt; =&gt; &lt;base64_ascii_str_pickle_to_object&gt; -&gt; &lt;float_to_bool&gt;$
DONE Rebuilding local parsing plan for [/home/travis/build/smarie/python-parsyfiles/parsyfiles/tests/combining_parsers_converters/test_data/b64pickle-float-1.0=True.txt]. Resuming parsing...
SUCCESS parsed [/home/travis/build/smarie/python-parsyfiles/parsyfiles/tests/combining_parsers_converters/test_data/b64pickle-float-1.0=True.txt] as a [bool] successfully. Parser used was [$&lt;read_str_from_txt&gt; =&gt; &lt;base64_ascii_str_pickle_to_object&gt; -&gt; &lt;float_to_bool&gt;$]
ERROR while parsing [/home/travis/build/smarie/python-parsyfiles/parsyfiles/tests/combining_parsers_converters/test_data/b64pickle-float-1.0=True.txt] into a [bool] using [$&lt;read_str_from_txt&gt; =&gt; &lt;str_to_bool&gt;$]. Set log level to DEBUG for details
Rebuilding local parsing plan with next candidate parser: $&lt;read_str_from_txt&gt; =&gt; &lt;base64_ascii_str_pickle_to_object&gt; -&gt; &lt;float_to_bool&gt;$
DONE Rebuilding local parsing plan for [/home/travis/build/smarie/python-parsyfiles/parsyfiles/tests/combining_parsers_converters/test_data/b64pickle-float-1.0=True.txt]. Resuming parsing...
SUCCESS parsed [/home/travis/build/smarie/python-parsyfiles/parsyfiles/tests/combining_parsers_converters/test_data/b64pickle-float-1.0=True.txt] as a [bool] successfully. Parser used was [$&lt;read_str_from_txt&gt; =&gt; &lt;base64_ascii_str_pickle_to_object&gt; -&gt; &lt;float_to_bool&gt;$]
ERROR while parsing [/home/travis/build/smarie/python-parsyfiles/parsyfiles/tests/combining_parsers_converters/test_data/b64pickle-float-1.0=True.txt] into a [bool] using [$&lt;read_str_from_txt&gt; =&gt; &lt;str_to_bool&gt;$]. Set log level to DEBUG for details
Rebuilding local parsing plan with next candidate parser: $&lt;read_str_from_txt&gt; =&gt; &lt;base64_ascii_str_pickle_to_object&gt; -&gt; &lt;float_to_bool&gt;$
DONE Rebuilding local parsing plan for [/home/travis/build/smarie/python-parsyfiles/parsyfiles/tests/combining_parsers_converters/test_data/b64pickle-float-1.0=True.txt]. Resuming parsing...
SUCCESS parsed [/home/travis/build/smarie/python-parsyfiles/parsyfiles/tests/combining_parsers_converters/test_data/b64pickle-float-1.0=True.txt] as a [bool] successfully. Parser used was [$&lt;read_str_from_txt&gt; =&gt; &lt;base64_ascii_str_pickle_to_object&gt; -&gt; &lt;float_to_bool&gt;$]
ERROR while parsing [/home/travis/build/smarie/python-parsyfiles/parsyfiles/tests/combining_parsers_converters/test_data/b64pickle-float-1.0=True.txt] into a [bool] using [$&lt;read_str_from_txt&gt; =&gt; &lt;str_to_bool&gt;$]. Set log level to DEBUG for details
Rebuilding local parsing plan with next candidate parser: $&lt;read_str_from_txt&gt; =&gt; &lt;base64_ascii_str_pickle_to_object&gt; -&gt; &lt;float_to_bool&gt;$
DONE Rebuilding local parsing plan for [/home/travis/build/smarie/python-parsyfiles/parsyfiles/tests/combining_parsers_converters/test_data/b64pickle-float-1.0=True.txt]. Resuming parsing...
SUCCESS parsed [/home/travis/build/smarie/python-parsyfiles/parsyfiles/tests/combining_parsers_converters/test_data/b64pickle-float-1.0=True.txt] as a [bool] successfully. Parser used was [$&lt;read_str_from_txt&gt; =&gt; &lt;base64_ascii_str_pickle_to_object&gt; -&gt; &lt;float_to_bool&gt;$]
ERROR while parsing [/home/travis/build/smarie/python-parsyfiles/parsyfiles/tests/combining_parsers_converters/test_data/b64pickle-float-1.0=True.txt] into a [bool] using [$&lt;read_str_from_txt&gt; =&gt; &lt;str_to_bool&gt;$]. Set log level to DEBUG for details
Rebuilding local parsing plan with next candidate parser: $&lt;read_str_from_txt&gt; =&gt; &lt;base64_ascii_str_pickle_to_object&gt; -&gt; &lt;float_to_bool&gt;$
DONE Rebuilding local parsing plan for [/home/travis/build/smarie/python-parsyfiles/parsyfiles/tests/combining_parsers_converters/test_data/b64pickle-float-1.0=True.txt]. Resuming parsing...
SUCCESS parsed [/home/travis/build/smarie/python-parsyfiles/parsyfiles/tests/combining_parsers_converters/test_data/b64pickle-float-1.0=True.txt] as a [bool] successfully. Parser used was [$&lt;read_str_from_txt&gt; =&gt; &lt;base64_ascii_str_pickle_to_object&gt; -&gt; &lt;float_to_bool&gt;$]
ERROR while parsing [/home/travis/build/smarie/python-parsyfiles/parsyfiles/tests/combining_parsers_converters/test_data/b64pickle-float-1.0=True.txt] into a [bool] using [$&lt;read_str_from_txt&gt; =&gt; &lt;str_to_bool&gt;$]. Set log level to DEBUG for details
Rebuilding local parsing plan with next candidate parser: $&lt;read_str_from_txt&gt; =&gt; &lt;base64_ascii_str_pickle_to_object&gt; -&gt; &lt;float_to_bool&gt;$
DONE Rebuilding local parsing plan for [/home/travis/build/smarie/python-parsyfiles/parsyfiles/tests/combining_parsers_converters/test_data/b64pickle-float-1.0=True.txt]. Resuming parsing...
SUCCESS parsed [/home/travis/build/smarie/python-parsyfiles/parsyfiles/tests/combining_parsers_converters/test_data/b64pickle-float-1.0=True.txt] as a [bool] successfully. Parser used was [$&lt;read_str_from_txt&gt; =&gt; &lt;base64_ascii_str_pickle_to_object&gt; -&gt; &lt;float_to_bool&gt;$]
ERROR while parsing [/home/travis/build/smarie/python-parsyfiles/parsyfiles/tests/combining_parsers_converters/test_data/b64pickle-float-1.0=True.txt] into a [bool] using [$&lt;read_str_from_txt&gt; =&gt; &lt;str_to_bool&gt;$]. Set log level to DEBUG for details
Rebuilding local parsing plan with next candidate parser: $&lt;read_str_from_txt&gt; =&gt; &lt;base64_ascii_str_pickle_to_object&gt; -&gt; &lt;float_to_bool&gt;$
DONE Rebuilding local parsing plan for [/home/travis/build/smarie/python-parsyfiles/parsyfiles/tests/combining_parsers_converters/test_data/b64pickle-float-1.0=True.txt]. Resuming parsing...
SUCCESS parsed [/home/travis/build/smarie/python-parsyfiles/parsyfiles/tests/combining_parsers_converters/test_data/b64pickle-float-1.0=True.txt] as a [bool] successfully. Parser used was [$&lt;read_str_from_txt&gt; =&gt; &lt;base64_ascii_str_pickle_to_object&gt; -&gt; &lt;float_to_bool&gt;$]
ERROR while parsing [/home/travis/build/smarie/python-parsyfiles/parsyfiles/tests/combining_parsers_converters/test_data/b64pickle-float-1.0=True.txt] into a [bool] using [$&lt;read_str_from_txt&gt; =&gt; &lt;str_to_bool&gt;$]. Set log level to DEBUG for details
Rebuilding local parsing plan with next candidate parser: $&lt;read_str_from_txt&gt; =&gt; &lt;base64_ascii_str_pickle_to_object&gt; -&gt; &lt;float_to_bool&gt;$
DONE Rebuilding local parsing plan for [/home/travis/build/smarie/python-parsyfiles/parsyfiles/tests/combining_parsers_converters/test_data/b64pickle-float-1.0=True.txt]. Resuming parsing...
SUCCESS parsed [/home/travis/build/smarie/python-parsyfiles/parsyfiles/tests/combining_parsers_converters/test_data/b64pickle-float-1.0=True.txt] as a [bool] successfully. Parser used was [$&lt;read_str_from_txt&gt; =&gt; &lt;base64_ascii_str_pickle_to_object&gt; -&gt; &lt;float_to_bool&gt;$]
ERROR while parsing [/home/travis/build/smarie/python-parsyfiles/parsyfiles/tests/combining_parsers_converters/test_data/b64pickle-float-1.0=True.txt] into a [bool] using [$&lt;read_str_from_txt&gt; =&gt; &lt;str_to_bool&gt;$]. Set log level to DEBUG for details
Rebuilding local parsing plan with next candidate parser: $&lt;read_str_from_txt&gt; =&gt; &lt;base64_ascii_str_pickle_to_object&gt; -&gt; &lt;float_to_bool&gt;$
DONE Rebuilding local parsing plan for [/home/travis/build/smarie/python-parsyfiles/parsyfiles/tests/combining_parsers_converters/test_data/b64pickle-float-1.0=True.txt]. Resuming parsing...
SUCCESS parsed [/home/travis/build/smarie/python-parsyfiles/parsyfiles/tests/combining_parsers_converters/test_data/b64pickle-float-1.0=True.txt] as a [bool] successfully. Parser used was [$&lt;read_str_from_txt&gt; =&gt; &lt;base64_ascii_str_pickle_to_object&gt; -&gt; &lt;float_to_bool&gt;$]
ERROR while parsing [/home/travis/build/smarie/python-parsyfiles/parsyfiles/tests/combining_parsers_converters/test_data/b64pickle-float-1.0=True.txt] into a [bool] using [$&lt;read_str_from_txt&gt; =&gt; &lt;str_to_bool&gt;$]. Set log level to DEBUG for details
Rebuilding local parsing plan with next candidate parser: $&lt;read_str_from_txt&gt; =&gt; &lt;base64_ascii_str_pickle_to_object&gt; -&gt; &lt;float_to_bool&gt;$
DONE Rebuilding local parsing plan for [/home/travis/build/smarie/python-parsyfiles/parsyfiles/tests/combining_parsers_converters/test_data/b64pickle-float-1.0=True.txt]. Resuming parsing...
SUCCESS parsed [/home/travis/build/smarie/python-parsyfiles/parsyfiles/tests/combining_parsers_converters/test_data/b64pickle-float-1.0=True.txt] as a [bool] successfully. Parser used was [$&lt;read_str_from_txt&gt; =&gt; &lt;base64_ascii_str_pickle_to_object&gt; -&gt; &lt;float_to_bool&gt;$]
ERROR while parsing [/home/travis/build/smarie/python-parsyfiles/parsyfiles/tests/combining_parsers_converters/test_data/b64pickle-float-1.0=True.txt] into a [bool] using [$&lt;read_str_from_txt&gt; =&gt; &lt;str_to_bool&gt;$]. Set log level to DEBUG for details
Rebuilding local parsing plan with next candidate parser: $&lt;read_str_from_txt&gt; =&gt; &lt;base64_ascii_str_pickle_to_object&gt; -&gt; &lt;float_to_bool&gt;$
DONE Rebuilding local parsing plan for [/home/travis/build/smarie/python-parsyfiles/parsyfiles/tests/combining_parsers_converters/test_data/b64pickle-float-1.0=True.txt]. Resuming parsing...
SUCCESS parsed [/home/travis/build/smarie/python-parsyfiles/parsyfiles/tests/combining_parsers_converters/test_data/b64pickle-float-1.0=True.txt] as a [bool] successfully. Parser used was [$&lt;read_str_from_txt&gt; =&gt; &lt;base64_ascii_str_pickle_to_object&gt; -&gt; &lt;float_to_bool&gt;$]
ERROR while parsing [/home/travis/build/smarie/python-parsyfiles/parsyfiles/tests/combining_parsers_converters/test_data/b64pickle-float-1.0=True.txt] into a [bool] using [$&lt;read_str_from_txt&gt; =&gt; &lt;str_to_bool&gt;$]. Set log level to DEBUG for details
Rebuilding local parsing plan with next candidate parser: $&lt;read_str_from_txt&gt; =&gt; &lt;base64_ascii_str_pickle_to_object&gt; -&gt; &lt;float_to_bool&gt;$
DONE Rebuilding local parsing plan for [/home/travis/build/smarie/python-parsyfiles/parsyfiles/tests/combining_parsers_converters/test_data/b64pickle-float-1.0=True.txt]. Resuming parsing...
SUCCESS parsed [/home/travis/build/smarie/python-parsyfiles/parsyfiles/tests/combining_parsers_converters/test_data/b64pickle-float-1.0=True.txt] as a [bool] successfully. Parser used was [$&lt;read_str_from_txt&gt; =&gt; &lt;base64_ascii_str_pickle_to_object&gt; -&gt; &lt;float_to_bool&gt;$]
ERROR while parsing [/home/travis/build/smarie/python-parsyfiles/parsyfiles/tests/combining_parsers_converters/test_data/b64pickle-float-1.0=True.txt] into a [bool] using [$&lt;read_str_from_txt&gt; =&gt; &lt;str_to_bool&gt;$]. Set log level to DEBUG for details
Rebuilding local parsing plan with next candidate parser: $&lt;read_str_from_txt&gt; =&gt; &lt;base64_ascii_str_pickle_to_object&gt; -&gt; &lt;float_to_bool&gt;$
DONE Rebuilding local parsing plan for [/home/travis/build/smarie/python-parsyfiles/parsyfiles/tests/combining_parsers_converters/test_data/b64pickle-float-1.0=True.txt]. Resuming parsing...
SUCCESS parsed [/home/travis/build/smarie/python-parsyfiles/parsyfiles/tests/combining_parsers_converters/test_data/b64pickle-float-1.0=True.txt] as a [bool] successfully. Parser used was [$&lt;read_str_from_txt&gt; =&gt; &lt;base64_ascii_str_pickle_to_object&gt; -&gt; &lt;float_to_bool&gt;$]
ERROR while parsing [/home/travis/build/smarie/python-parsyfiles/parsyfiles/tests/combining_parsers_converters/test_data/b64pickle-float-1.0=True.txt] into a [bool] using [$&lt;read_str_from_txt&gt; =&gt; &lt;str_to_bool&gt;$]. Set log level to DEBUG for details
Rebuilding local parsing plan with next candidate parser: $&lt;read_str_from_txt&gt; =&gt; &lt;base64_ascii_str_pickle_to_object&gt; -&gt; &lt;float_to_bool&gt;$
DONE Rebuilding local parsing plan for [/home/travis/build/smarie/python-parsyfiles/parsyfiles/tests/combining_parsers_converters/test_data/b64pickle-float-1.0=True.txt]. Resuming parsing...
SUCCESS parsed [/home/travis/build/smarie/python-parsyfiles/parsyfiles/tests/combining_parsers_converters/test_data/b64pickle-float-1.0=True.txt] as a [bool] successfully. Parser used was [$&lt;read_str_from_txt&gt; =&gt; &lt;base64_ascii_str_pickle_to_object&gt; -&gt; &lt;float_to_bool&gt;$]
ERROR while parsing [/home/travis/build/smarie/python-parsyfiles/parsyfiles/tests/combining_parsers_converters/test_data/b64pickle-float-1.0=True.txt] into a [bool] using [$&lt;read_str_from_txt&gt; =&gt; &lt;str_to_bool&gt;$]. Set log level to DEBUG for details
Rebuilding local parsing plan with next candidate parser: $&lt;read_str_from_txt&gt; =&gt; &lt;base64_ascii_str_pickle_to_object&gt; -&gt; &lt;float_to_bool&gt;$
DONE Rebuilding local parsing plan for [/home/travis/build/smarie/python-parsyfiles/parsyfiles/tests/combining_parsers_converters/test_data/b64pickle-float-1.0=True.txt]. Resuming parsing...
SUCCESS parsed [/home/travis/build/smarie/python-parsyfiles/parsyfiles/tests/combining_parsers_converters/test_data/b64pickle-float-1.0=True.txt] as a [bool] successfully. Parser used was [$&lt;read_str_from_txt&gt; =&gt; &lt;base64_ascii_str_pickle_to_object&gt; -&gt; &lt;float_to_bool&gt;$]
ERROR while parsing [/home/travis/build/smarie/python-parsyfiles/parsyfiles/tests/combining_parsers_converters/test_data/b64pickle-float-1.0=True.txt] into a [bool] using [$&lt;read_str_from_txt&gt; =&gt; &lt;str_to_bool&gt;$]. Set log level to DEBUG for details
Rebuilding local parsing plan with next candidate parser: $&lt;read_str_from_txt&gt; =&gt; &lt;base64_ascii_str_pickle_to_object&gt; -&gt; &lt;float_to_bool&gt;$
DONE Rebuilding local parsing plan for [/home/travis/build/smarie/python-parsyfiles/parsyfiles/tests/combining_parsers_converters/test_data/b64pickle-float-1.0=True.txt]. Resuming parsing...
SUCCESS parsed [/home/travis/build/smarie/python-parsyfiles/parsyfiles/tests/combining_parsers_converters/test_data/b64pickle-float-1.0=True.txt] as a [bool] successfully. Parser used was [$&lt;read_str_from_txt&gt; =&gt; &lt;base64_ascii_str_pickle_to_object&gt; -&gt; &lt;float_to_bool&gt;$]
ERROR while parsing [/home/travis/build/smarie/python-parsyfiles/parsyfiles/tests/combining_parsers_converters/test_data/b64pickle-float-1.0=True.txt] into a [bool] using [$&lt;read_str_from_txt&gt; =&gt; &lt;str_to_bool&gt;$]. Set log level to DEBUG for details
Rebuilding local parsing plan with next candidate parser: $&lt;read_str_from_txt&gt; =&gt; &lt;base64_ascii_str_pickle_to_object&gt; -&gt; &lt;float_to_bool&gt;$
DONE Rebuilding local parsing plan for [/home/travis/build/smarie/python-parsyfiles/parsyfiles/tests/combining_parsers_converters/test_data/b64pickle-float-1.0=True.txt]. Resuming parsing...
SUCCESS parsed [/home/travis/build/smarie/python-parsyfiles/parsyfiles/tests/combining_parsers_converters/test_data/b64pickle-float-1.0=True.txt] as a [bool] successfully. Parser used was [$&lt;read_str_from_txt&gt; =&gt; &lt;base64_ascii_str_pickle_to_object&gt; -&gt; &lt;float_to_bool&gt;$]
ERROR while parsing [/home/travis/build/smarie/python-parsyfiles/parsyfiles/tests/combining_parsers_converters/test_data/b64pickle-float-1.0=True.txt] into a [bool] using [$&lt;read_str_from_txt&gt; =&gt; &lt;str_to_bool&gt;$]. Set log level to DEBUG for details
Rebuilding local parsing plan with next candidate parser: $&lt;read_str_from_txt&gt; =&gt; &lt;base64_ascii_str_pickle_to_object&gt; -&gt; &lt;float_to_bool&gt;$
DONE Rebuilding local parsing plan for [/home/travis/build/smarie/python-parsyfiles/parsyfiles/tests/combining_parsers_converters/test_data/b64pickle-float-1.0=True.txt]. Resuming parsing...
SUCCESS parsed [/home/travis/build/smarie/python-parsyfiles/parsyfiles/tests/combining_parsers_converters/test_data/b64pickle-float-1.0=True.txt] as a [bool] successfully. Parser used was [$&lt;read_str_from_txt&gt; =&gt; &lt;base64_ascii_str_pickle_to_object&gt; -&gt; &lt;float_to_bool&gt;$]
ERROR while parsing [/home/travis/build/smarie/python-parsyfiles/parsyfiles/tests/combining_parsers_converters/test_data/b64pickle-float-1.0=True.txt] into a [bool] using [$&lt;read_str_from_txt&gt; =&gt; &lt;str_to_bool&gt;$]. Set log level to DEBUG for details
Rebuilding local parsing plan with next candidate parser: $&lt;read_str_from_txt&gt; =&gt; &lt;base64_ascii_str_pickle_to_object&gt; -&gt; &lt;float_to_bool&gt;$
DONE Rebuilding local parsing plan for [/home/travis/build/smarie/python-parsyfiles/parsyfiles/tests/combining_parsers_converters/test_data/b64pickle-float-1.0=True.txt]. Resuming parsing...
SUCCESS parsed [/home/travis/build/smarie/python-parsyfiles/parsyfiles/tests/combining_parsers_converters/test_data/b64pickle-float-1.0=True.txt] as a [bool] successfully. Parser used was [$&lt;read_str_from_txt&gt; =&gt; &lt;base64_ascii_str_pickle_to_object&gt; -&gt; &lt;float_to_bool&gt;$]
ERROR while parsing [/home/travis/build/smarie/python-parsyfiles/parsyfiles/tests/combining_parsers_converters/test_data/b64pickle-float-1.0=True.txt] into a [bool] using [$&lt;read_str_from_txt&gt; =&gt; &lt;str_to_bool&gt;$]. Set log level to DEBUG for details
Rebuilding local parsing plan with next candidate parser: $&lt;read_str_from_txt&gt; =&gt; &lt;base64_ascii_str_pickle_to_object&gt; -&gt; &lt;float_to_bool&gt;$
DONE Rebuilding local parsing plan for [/home/travis/build/smarie/python-parsyfiles/parsyfiles/tests/combining_parsers_converters/test_data/b64pickle-float-1.0=True.txt]. Resuming parsing...
SUCCESS parsed [/home/travis/build/smarie/python-parsyfiles/parsyfiles/tests/combining_parsers_converters/test_data/b64pickle-float-1.0=True.txt] as a [bool] successfully. Parser used was [$&lt;read_str_from_txt&gt; =&gt; &lt;base64_ascii_str_pickle_to_object&gt; -&gt; &lt;float_to_bool&gt;$]
ERROR while parsing [/home/travis/build/smarie/python-parsyfiles/parsyfiles/tests/combining_parsers_converters/test_data/b64pickle-float-1.0=True.txt] into a [bool] using [$&lt;read_str_from_txt&gt; =&gt; &lt;str_to_bool&gt;$]. Set log level to DEBUG for details
Rebuilding local parsing plan with next candidate parser: $&lt;read_str_from_txt&gt; =&gt; &lt;base64_ascii_str_pickle_to_object&gt; -&gt; &lt;float_to_bool&gt;$
DONE Rebuilding local parsing plan for [/home/travis/build/smarie/python-parsyfiles/parsyfiles/tests/combining_parsers_converters/test_data/b64pickle-float-1.0=True.txt]. Resuming parsing...
SUCCESS parsed [/home/travis/build/smarie/python-parsyfiles/parsyfiles/tests/combining_parsers_converters/test_data/b64pickle-float-1.0=True.txt] as a [bool] successfully. Parser used was [$&lt;read_str_from_txt&gt; =&gt; &lt;base64_ascii_str_pickle_to_object&gt; -&gt; &lt;float_to_bool&gt;$]
ERROR while parsing [/home/travis/build/smarie/python-parsyfiles/parsyfiles/tests/combining_parsers_converters/test_data/b64pickle-float-1.0=True.txt] into a [bool] using [$&lt;read_str_from_txt&gt; =&gt; &lt;str_to_bool&gt;$]. Set log level to DEBUG for details
Rebuilding local parsing plan with next candidate parser: $&lt;read_str_from_txt&gt; =&gt; &lt;base64_ascii_str_pickle_to_object&gt; -&gt; &lt;float_to_bool&gt;$
DONE Rebuilding local parsing plan for [/home/travis/build/smarie/python-parsyfiles/parsyfiles/tests/combining_parsers_converters/test_data/b64pickle-float-1.0=True.txt]. Resuming parsing...
SUCCESS parsed [/home/travis/build/smarie/python-parsyfiles/parsyfiles/tests/combining_parsers_converters/test_data/b64pickle-float-1.0=True.txt] as a [bool] successfully. Parser used was [$&lt;read_str_from_txt&gt; =&gt; &lt;base64_ascii_str_pickle_to_object&gt; -&gt; &lt;float_to_bool&gt;$]
ERROR while parsing [/home/travis/build/smarie/python-parsyfiles/parsyfiles/tests/combining_parsers_converters/test_data/b64pickle-float-1.0=True.txt] into a [bool] using [$&lt;read_str_from_txt&gt; =&gt; &lt;str_to_bool&gt;$]. Set log level to DEBUG for details
Rebuilding local parsing plan with next candidate parser: $&lt;read_str_from_txt&gt; =&gt; &lt;base64_ascii_str_pickle_to_object&gt; -&gt; &lt;float_to_bool&gt;$
DONE Rebuilding local parsing plan for [/home/travis/build/smarie/python-parsyfiles/parsyfiles/tests/combining_parsers_converters/test_data/b64pickle-float-1.0=True.txt]. Resuming parsing...
SUCCESS parsed [/home/travis/build/smarie/python-parsyfiles/parsyfiles/tests/combining_parsers_converters/test_data/b64pickle-float-1.0=True.txt] as a [bool] successfully. Parser used was [$&lt;read_str_from_txt&gt; =&gt; &lt;base64_ascii_str_pickle_to_object&gt; -&gt; &lt;float_to_bool&gt;$]
ERROR while parsing [/home/travis/build/smarie/python-parsyfiles/parsyfiles/tests/combining_parsers_converters/test_data/b64pickle-float-1.0=True.txt] into a [bool] using [$&lt;read_str_from_txt&gt; =&gt; &lt;str_to_bool&gt;$]. Set log level to DEBUG for details
Rebuilding local parsing plan with next candidate parser: $&lt;read_str_from_txt&gt; =&gt; &lt;base64_ascii_str_pickle_to_object&gt; -&gt; &lt;float_to_bool&gt;$
DONE Rebuilding local parsing plan for [/home/travis/build/smarie/python-parsyfiles/parsyfiles/tests/combining_parsers_converters/test_data/b64pickle-float-1.0=True.txt]. Resuming parsing...
SUCCESS parsed [/home/travis/build/smarie/python-parsyfiles/parsyfiles/tests/combining_parsers_converters/test_data/b64pickle-float-1.0=True.txt] as a [bool] successfully. Parser used was [$&lt;read_str_from_txt&gt; =&gt; &lt;base64_ascii_str_pickle_to_object&gt; -&gt; &lt;float_to_bool&gt;$]
ERROR while parsing [/home/travis/build/smarie/python-parsyfiles/parsyfiles/tests/combining_parsers_converters/test_data/b64pickle-float-1.0=True.txt] into a [bool] using [$&lt;read_str_from_txt&gt; =&gt; &lt;str_to_bool&gt;$]. Set log level to DEBUG for details
Rebuilding local parsing plan with next candidate parser: $&lt;read_str_from_txt&gt; =&gt; &lt;base64_ascii_str_pickle_to_object&gt; -&gt; &lt;float_to_bool&gt;$
DONE Rebuilding local parsing plan for [/home/travis/build/smarie/python-parsyfiles/parsyfiles/tests/combining_parsers_converters/test_data/b64pickle-float-1.0=True.txt]. Resuming parsing...
SUCCESS parsed [/home/travis/build/smarie/python-parsyfiles/parsyfiles/tests/combining_parsers_converters/test_data/b64pickle-float-1.0=True.txt] as a [bool] successfully. Parser used was [$&lt;read_str_from_txt&gt; =&gt; &lt;base64_ascii_str_pickle_to_object&gt; -&gt; &lt;float_to_bool&gt;$]
ERROR while parsing [/home/travis/build/smarie/python-parsyfiles/parsyfiles/tests/combining_parsers_converters/test_data/b64pickle-float-1.0=True.txt] into a [bool] using [$&lt;read_str_from_txt&gt; =&gt; &lt;str_to_bool&gt;$]. Set log level to DEBUG for details
Rebuilding local parsing plan with next candidate parser: $&lt;read_str_from_txt&gt; =&gt; &lt;base64_ascii_str_pickle_to_object&gt; -&gt; &lt;float_to_bool&gt;$
DONE Rebuilding local parsing plan for [/home/travis/build/smarie/python-parsyfiles/parsyfiles/tests/combining_parsers_converters/test_data/b64pickle-float-1.0=True.txt]. Resuming parsing...
SUCCESS parsed [/home/travis/build/smarie/python-parsyfiles/parsyfiles/tests/combining_parsers_converters/test_data/b64pickle-float-1.0=True.txt] as a [bool] successfully. Parser used was [$&lt;read_str_from_txt&gt; =&gt; &lt;base64_ascii_str_pickle_to_object&gt; -&gt; &lt;float_to_bool&gt;$]
ERROR while parsing [/home/travis/build/smarie/python-parsyfiles/parsyfiles/tests/combining_parsers_converters/test_data/b64pickle-float-1.0=True.txt] into a [bool] using [$&lt;read_str_from_txt&gt; =&gt; &lt;str_to_bool&gt;$]. Set log level to DEBUG for details
Rebuilding local parsing plan with next candidate parser: $&lt;read_str_from_txt&gt; =&gt; &lt;base64_ascii_str_pickle_to_object&gt; -&gt; &lt;float_to_bool&gt;$
DONE Rebuilding local parsing plan for [/home/travis/build/smarie/python-parsyfiles/parsyfiles/tests/combining_parsers_converters/test_data/b64pickle-float-1.0=True.txt]. Resuming parsing...
SUCCESS parsed [/home/travis/build/smarie/python-parsyfiles/parsyfiles/tests/combining_parsers_converters/test_data/b64pickle-float-1.0=True.txt] as a [bool] successfully. Parser used was [$&lt;read_str_from_txt&gt; =&gt; &lt;base64_ascii_str_pickle_to_object&gt; -&gt; &lt;float_to_bool&gt;$]
ERROR while parsing [/home/travis/build/smarie/python-parsyfiles/parsyfiles/tests/combining_parsers_converters/test_data/b64pickle-float-1.0=True.txt] into a [bool] using [$&lt;read_str_from_txt&gt; =&gt; &lt;str_to_bool&gt;$]. Set log level to DEBUG for details
Rebuilding local parsing plan with next candidate parser: $&lt;read_str_from_txt&gt; =&gt; &lt;base64_ascii_str_pickle_to_object&gt; -&gt; &lt;float_to_bool&gt;$
DONE Rebuilding local parsing plan for [/home/travis/build/smarie/python-parsyfiles/parsyfiles/tests/combining_parsers_converters/test_data/b64pickle-float-1.0=True.txt]. Resuming parsing...
SUCCESS parsed [/home/travis/build/smarie/python-parsyfiles/parsyfiles/tests/combining_parsers_converters/test_data/b64pickle-float-1.0=True.txt] as a [bool] successfully. Parser used was [$&lt;read_str_from_txt&gt; =&gt; &lt;base64_ascii_str_pickle_to_object&gt; -&gt; &lt;float_to_bool&gt;$]
ERROR while parsing [/home/travis/build/smarie/python-parsyfiles/parsyfiles/tests/combining_parsers_converters/test_data/b64pickle-float-1.0=True.txt] into a [bool] using [$&lt;read_str_from_txt&gt; =&gt; &lt;str_to_bool&gt;$]. Set log level to DEBUG for details
Rebuilding local parsing plan with next candidate parser: $&lt;read_str_from_txt&gt; =&gt; &lt;base64_ascii_str_pickle_to_object&gt; -&gt; &lt;float_to_bool&gt;$
DONE Rebuilding local parsing plan for [/home/travis/build/smarie/python-parsyfiles/parsyfiles/tests/combining_parsers_converters/test_data/b64pickle-float-1.0=True.txt]. Resuming parsing...
SUCCESS parsed [/home/travis/build/smarie/python-parsyfiles/parsyfiles/tests/combining_parsers_converters/test_data/b64pickle-float-1.0=True.txt] as a [bool] successfully. Parser used was [$&lt;read_str_from_txt&gt; =&gt; &lt;base64_ascii_str_pickle_to_object&gt; -&gt; &lt;float_to_bool&gt;$]
ERROR while parsing [/home/travis/build/smarie/python-parsyfiles/parsyfiles/tests/combining_parsers_converters/test_data/b64pickle-float-1.0=True.txt] into a [bool] using [$&lt;read_str_from_txt&gt; =&gt; &lt;str_to_bool&gt;$]. Set log level to DEBUG for details
Rebuilding local parsing plan with next candidate parser: $&lt;read_str_from_txt&gt; =&gt; &lt;base64_ascii_str_pickle_to_object&gt; -&gt; &lt;float_to_bool&gt;$
DONE Rebuilding local parsing plan for [/home/travis/build/smarie/python-parsyfiles/parsyfiles/tests/combining_parsers_converters/test_data/b64pickle-float-1.0=True.txt]. Resuming parsing...
SUCCESS parsed [/home/travis/build/smarie/python-parsyfiles/parsyfiles/tests/combining_parsers_converters/test_data/b64pickle-float-1.0=True.txt] as a [bool] successfully. Parser used was [$&lt;read_str_from_txt&gt; =&gt; &lt;base64_ascii_str_pickle_to_object&gt; -&gt; &lt;float_to_bool&gt;$]
ERROR while parsing [/home/travis/build/smarie/python-parsyfiles/parsyfiles/tests/combining_parsers_converters/test_data/b64pickle-float-1.0=True.txt] into a [bool] using [$&lt;read_str_from_txt&gt; =&gt; &lt;str_to_bool&gt;$]. Set log level to DEBUG for details
Rebuilding local parsing plan with next candidate parser: $&lt;read_str_from_txt&gt; =&gt; &lt;base64_ascii_str_pickle_to_object&gt; -&gt; &lt;float_to_bool&gt;$
DONE Rebuilding local parsing plan for [/home/travis/build/smarie/python-parsyfiles/parsyfiles/tests/combining_parsers_converters/test_data/b64pickle-float-1.0=True.txt]. Resuming parsing...
SUCCESS parsed [/home/travis/build/smarie/python-parsyfiles/parsyfiles/tests/combining_parsers_converters/test_data/b64pickle-float-1.0=True.txt] as a [bool] successfully. Parser used was [$&lt;read_str_from_txt&gt; =&gt; &lt;base64_ascii_str_pickle_to_object&gt; -&gt; &lt;float_to_bool&gt;$]
ERROR while parsing [/home/travis/build/smarie/python-parsyfiles/parsyfiles/tests/combining_parsers_converters/test_data/b64pickle-float-1.0=True.txt] into a [bool] using [$&lt;read_str_from_txt&gt; =&gt; &lt;str_to_bool&gt;$]. Set log level to DEBUG for details
Rebuilding local parsing plan with next candidate parser: $&lt;read_str_from_txt&gt; =&gt; &lt;base64_ascii_str_pickle_to_object&gt; -&gt; &lt;float_to_bool&gt;$
DONE Rebuilding local parsing plan for [/home/travis/build/smarie/python-parsyfiles/parsyfiles/tests/combining_parsers_converters/test_data/b64pickle-float-1.0=True.txt]. Resuming parsing...
SUCCESS parsed [/home/travis/build/smarie/python-parsyfiles/parsyfiles/tests/combining_parsers_converters/test_data/b64pickle-float-1.0=True.txt] as a [bool] successfully. Parser used was [$&lt;read_str_from_txt&gt; =&gt; &lt;base64_ascii_str_pickle_to_object&gt; -&gt; &lt;float_to_bool&gt;$]
ERROR while parsing [/home/travis/build/smarie/python-parsyfiles/parsyfiles/tests/combining_parsers_converters/test_data/b64pickle-float-1.0=True.txt] into a [bool] using [$&lt;read_str_from_txt&gt; =&gt; &lt;str_to_bool&gt;$]. Set log level to DEBUG for details
Rebuilding local parsing plan with next candidate parser: $&lt;read_str_from_txt&gt; =&gt; &lt;base64_ascii_str_pickle_to_object&gt; -&gt; &lt;float_to_bool&gt;$
DONE Rebuilding local parsing plan for [/home/travis/build/smarie/python-parsyfiles/parsyfiles/tests/combining_parsers_converters/test_data/b64pickle-float-1.0=True.txt]. Resuming parsing...
SUCCESS parsed [/home/travis/build/smarie/python-parsyfiles/parsyfiles/tests/combining_parsers_converters/test_data/b64pickle-float-1.0=True.txt] as a [bool] successfully. Parser used was [$&lt;read_str_from_txt&gt; =&gt; &lt;base64_ascii_str_pickle_to_object&gt; -&gt; &lt;float_to_bool&gt;$]
ERROR while parsing [/home/travis/build/smarie/python-parsyfiles/parsyfiles/tests/combining_parsers_converters/test_data/b64pickle-float-1.0=True.txt] into a [bool] using [$&lt;read_str_from_txt&gt; =&gt; &lt;str_to_bool&gt;$]. Set log level to DEBUG for details
Rebuilding local parsing plan with next candidate parser: $&lt;read_str_from_txt&gt; =&gt; &lt;base64_ascii_str_pickle_to_object&gt; -&gt; &lt;float_to_bool&gt;$
DONE Rebuilding local parsing plan for [/home/travis/build/smarie/python-parsyfiles/parsyfiles/tests/combining_parsers_converters/test_data/b64pickle-float-1.0=True.txt]. Resuming parsing...
SUCCESS parsed [/home/travis/build/smarie/python-parsyfiles/parsyfiles/tests/combining_parsers_converters/test_data/b64pickle-float-1.0=True.txt] as a [bool] successfully. Parser used was [$&lt;read_str_from_txt&gt; =&gt; &lt;base64_ascii_str_pickle_to_object&gt; -&gt; &lt;float_to_bool&gt;$]
ERROR while parsing [/home/travis/build/smarie/python-parsyfiles/parsyfiles/tests/combining_parsers_converters/test_data/b64pickle-float-1.0=True.txt] into a [bool] using [$&lt;read_str_from_txt&gt; =&gt; &lt;str_to_bool&gt;$]. Set log level to DEBUG for details
Rebuilding local parsing plan with next candidate parser: $&lt;read_str_from_txt&gt; =&gt; &lt;base64_ascii_str_pickle_to_object&gt; -&gt; &lt;float_to_bool&gt;$
DONE Rebuilding local parsing plan for [/home/travis/build/smarie/python-parsyfiles/parsyfiles/tests/combining_parsers_converters/test_data/b64pickle-float-1.0=True.txt]. Resuming parsing...
SUCCESS parsed [/home/travis/build/smarie/python-parsyfiles/parsyfiles/tests/combining_parsers_converters/test_data/b64pickle-float-1.0=True.txt] as a [bool] successfully. Parser used was [$&lt;read_str_from_txt&gt; =&gt; &lt;base64_ascii_str_pickle_to_object&gt; -&gt; &lt;float_to_bool&gt;$]
ERROR while parsing [/home/travis/build/smarie/python-parsyfiles/parsyfiles/tests/combining_parsers_converters/test_data/b64pickle-float-1.0=True.txt] into a [bool] using [$&lt;read_str_from_txt&gt; =&gt; &lt;str_to_bool&gt;$]. Set log level to DEBUG for details
Rebuilding local parsing plan with next candidate parser: $&lt;read_str_from_txt&gt; =&gt; &lt;base64_ascii_str_pickle_to_object&gt; -&gt; &lt;float_to_bool&gt;$
DONE Rebuilding local parsing plan for [/home/travis/build/smarie/python-parsyfiles/parsyfiles/tests/combining_parsers_converters/test_data/b64pickle-float-1.0=True.txt]. Resuming parsing...
SUCCESS parsed [/home/travis/build/smarie/python-parsyfiles/parsyfiles/tests/combining_parsers_converters/test_data/b64pickle-float-1.0=True.txt] as a [bool] successfully. Parser used was [$&lt;read_str_from_txt&gt; =&gt; &lt;base64_ascii_str_pickle_to_object&gt; -&gt; &lt;float_to_bool&gt;$]
ERROR while parsing [/home/travis/build/smarie/python-parsyfiles/parsyfiles/tests/combining_parsers_converters/test_data/b64pickle-float-1.0=True.txt] into a [bool] using [$&lt;read_str_from_txt&gt; =&gt; &lt;str_to_bool&gt;$]. Set log level to DEBUG for details
Rebuilding local parsing plan with next candidate parser: $&lt;read_str_from_txt&gt; =&gt; &lt;base64_ascii_str_pickle_to_object&gt; -&gt; &lt;float_to_bool&gt;$
DONE Rebuilding local parsing plan for [/home/travis/build/smarie/python-parsyfiles/parsyfiles/tests/combining_parsers_converters/test_data/b64pickle-float-1.0=True.txt]. Resuming parsing...
SUCCESS parsed [/home/travis/build/smarie/python-parsyfiles/parsyfiles/tests/combining_parsers_converters/test_data/b64pickle-float-1.0=True.txt] as a [bool] successfully. Parser used was [$&lt;read_str_from_txt&gt; =&gt; &lt;base64_ascii_str_pickle_to_object&gt; -&gt; &lt;float_to_bool&gt;$]
ERROR while parsing [/home/travis/build/smarie/python-parsyfiles/parsyfiles/tests/combining_parsers_converters/test_data/b64pickle-float-1.0=True.txt] into a [bool] using [$&lt;read_str_from_txt&gt; =&gt; &lt;str_to_bool&gt;$]. Set log level to DEBUG for details
Rebuilding local parsing plan with next candidate parser: $&lt;read_str_from_txt&gt; =&gt; &lt;base64_ascii_str_pickle_to_object&gt; -&gt; &lt;float_to_bool&gt;$
DONE Rebuilding local parsing plan for [/home/travis/build/smarie/python-parsyfiles/parsyfiles/tests/combining_parsers_converters/test_data/b64pickle-float-1.0=True.txt]. Resuming parsing...
SUCCESS parsed [/home/travis/build/smarie/python-parsyfiles/parsyfiles/tests/combining_parsers_converters/test_data/b64pickle-float-1.0=True.txt] as a [bool] successfully. Parser used was [$&lt;read_str_from_txt&gt; =&gt; &lt;base64_ascii_str_pickle_to_object&gt; -&gt; &lt;float_to_bool&gt;$]
ERROR while parsing [/home/travis/build/smarie/python-parsyfiles/parsyfiles/tests/combining_parsers_converters/test_data/b64pickle-float-1.0=True.txt] into a [bool] using [$&lt;read_str_from_txt&gt; =&gt; &lt;str_to_bool&gt;$]. Set log level to DEBUG for details
Rebuilding local parsing plan with next candidate parser: $&lt;read_str_from_txt&gt; =&gt; &lt;base64_ascii_str_pickle_to_object&gt; -&gt; &lt;float_to_bool&gt;$
DONE Rebuilding local parsing plan for [/home/travis/build/smarie/python-parsyfiles/parsyfiles/tests/combining_parsers_converters/test_data/b64pickle-float-1.0=True.txt]. Resuming parsing...
SUCCESS parsed [/home/travis/build/smarie/python-parsyfiles/parsyfiles/tests/combining_parsers_converters/test_data/b64pickle-float-1.0=True.txt] as a [bool] successfully. Parser used was [$&lt;read_str_from_txt&gt; =&gt; &lt;base64_ascii_str_pickle_to_object&gt; -&gt; &lt;float_to_bool&gt;$]
ERROR while parsing [/home/travis/build/smarie/python-parsyfiles/parsyfiles/tests/combining_parsers_converters/test_data/b64pickle-float-1.0=True.txt] into a [bool] using [$&lt;read_str_from_txt&gt; =&gt; &lt;str_to_bool&gt;$]. Set log level to DEBUG for details
Rebuilding local parsing plan with next candidate parser: $&lt;read_str_from_txt&gt; =&gt; &lt;base64_ascii_str_pickle_to_object&gt; -&gt; &lt;float_to_bool&gt;$
DONE Rebuilding local parsing plan for [/home/travis/build/smarie/python-parsyfiles/parsyfiles/tests/combining_parsers_converters/test_data/b64pickle-float-1.0=True.txt]. Resuming parsing...
SUCCESS parsed [/home/travis/build/smarie/python-parsyfiles/parsyfiles/tests/combining_parsers_converters/test_data/b64pickle-float-1.0=True.txt] as a [bool] successfully. Parser used was [$&lt;read_str_from_txt&gt; =&gt; &lt;base64_ascii_str_pickle_to_object&gt; -&gt; &lt;float_to_bool&gt;$]
ERROR while parsing [/home/travis/build/smarie/python-parsyfiles/parsyfiles/tests/combining_parsers_converters/test_data/b64pickle-float-1.0=True.txt] into a [bool] using [$&lt;read_str_from_txt&gt; =&gt; &lt;str_to_bool&gt;$]. Set log level to DEBUG for details
Rebuilding local parsing plan with next candidate parser: $&lt;read_str_from_txt&gt; =&gt; &lt;base64_ascii_str_pickle_to_object&gt; -&gt; &lt;float_to_bool&gt;$
DONE Rebuilding local parsing plan for [/home/travis/build/smarie/python-parsyfiles/parsyfiles/tests/combining_parsers_converters/test_data/b64pickle-float-1.0=True.txt]. Resuming parsing...
SUCCESS parsed [/home/travis/build/smarie/python-parsyfiles/parsyfiles/tests/combining_parsers_converters/test_data/b64pickle-float-1.0=True.txt] as a [bool] successfully. Parser used was [$&lt;read_str_from_txt&gt; =&gt; &lt;base64_ascii_str_pickle_to_object&gt; -&gt; &lt;float_to_bool&gt;$]
ERROR while parsing [/home/travis/build/smarie/python-parsyfiles/parsyfiles/tests/combining_parsers_converters/test_data/b64pickle-float-1.0=True.txt] into a [bool] using [$&lt;read_str_from_txt&gt; =&gt; &lt;str_to_bool&gt;$]. Set log level to DEBUG for details
Rebuilding local parsing plan with next candidate parser: $&lt;read_str_from_txt&gt; =&gt; &lt;base64_ascii_str_pickle_to_object&gt; -&gt; &lt;float_to_bool&gt;$
DONE Rebuilding local parsing plan for [/home/travis/build/smarie/python-parsyfiles/parsyfiles/tests/combining_parsers_converters/test_data/b64pickle-float-1.0=True.txt]. Resuming parsing...
SUCCESS parsed [/home/travis/build/smarie/python-parsyfiles/parsyfiles/tests/combining_parsers_converters/test_data/b64pickle-float-1.0=True.txt] as a [bool] successfully. Parser used was [$&lt;read_str_from_txt&gt; =&gt; &lt;base64_ascii_str_pickle_to_object&gt; -&gt; &lt;float_to_bool&gt;$]
ERROR while parsing [/home/travis/build/smarie/python-parsyfiles/parsyfiles/tests/combining_parsers_converters/test_data/b64pickle-float-1.0=True.txt] into a [bool] using [$&lt;read_str_from_txt&gt; =&gt; &lt;str_to_bool&gt;$]. Set log level to DEBUG for details
Rebuilding local parsing plan with next candidate parser: $&lt;read_str_from_txt&gt; =&gt; &lt;base64_ascii_str_pickle_to_object&gt; -&gt; &lt;float_to_bool&gt;$
DONE Rebuilding local parsing plan for [/home/travis/build/smarie/python-parsyfiles/parsyfiles/tests/combining_parsers_converters/test_data/b64pickle-float-1.0=True.txt]. Resuming parsing...
SUCCESS parsed [/home/travis/build/smarie/python-parsyfiles/parsyfiles/tests/combining_parsers_converters/test_data/b64pickle-float-1.0=True.txt] as a [bool] successfully. Parser used was [$&lt;read_str_from_txt&gt; =&gt; &lt;base64_ascii_str_pickle_to_object&gt; -&gt; &lt;float_to_bool&gt;$]
ERROR while parsing [/home/travis/build/smarie/python-parsyfiles/parsyfiles/tests/combining_parsers_converters/test_data/b64pickle-float-1.0=True.txt] into a [bool] using [$&lt;read_str_from_txt&gt; =&gt; &lt;str_to_bool&gt;$]. Set log level to DEBUG for details
Rebuilding local parsing plan with next candidate parser: $&lt;read_str_from_txt&gt; =&gt; &lt;base64_ascii_str_pickle_to_object&gt; -&gt; &lt;float_to_bool&gt;$
DONE Rebuilding local parsing plan for [/home/travis/build/smarie/python-parsyfiles/parsyfiles/tests/combining_parsers_converters/test_data/b64pickle-float-1.0=True.txt]. Resuming parsing...
SUCCESS parsed [/home/travis/build/smarie/python-parsyfiles/parsyfiles/tests/combining_parsers_converters/test_data/b64pickle-float-1.0=True.txt] as a [bool] successfully. Parser used was [$&lt;read_str_from_txt&gt; =&gt; &lt;base64_ascii_str_pickle_to_object&gt; -&gt; &lt;float_to_bool&gt;$]
ERROR while parsing [/home/travis/build/smarie/python-parsyfiles/parsyfiles/tests/combining_parsers_converters/test_data/b64pickle-float-1.0=True.txt] into a [bool] using [$&lt;read_str_from_txt&gt; =&gt; &lt;str_to_bool&gt;$]. Set log level to DEBUG for details
Rebuilding local parsing plan with next candidate parser: $&lt;read_str_from_txt&gt; =&gt; &lt;base64_ascii_str_pickle_to_object&gt; -&gt; &lt;float_to_bool&gt;$
DONE Rebuilding local parsing plan for [/home/travis/build/smarie/python-parsyfiles/parsyfiles/tests/combining_parsers_converters/test_data/b64pickle-float-1.0=True.txt]. Resuming parsing...
SUCCESS parsed [/home/travis/build/smarie/python-parsyfiles/parsyfiles/tests/combining_parsers_converters/test_data/b64pickle-float-1.0=True.txt] as a [bool] successfully. Parser used was [$&lt;read_str_from_txt&gt; =&gt; &lt;base64_ascii_str_pickle_to_object&gt; -&gt; &lt;float_to_bool&gt;$]
ERROR while parsing [/home/travis/build/smarie/python-parsyfiles/parsyfiles/tests/combining_parsers_converters/test_data/b64pickle-float-1.0=True.txt] into a [bool] using [$&lt;read_str_from_txt&gt; =&gt; &lt;str_to_bool&gt;$]. Set log level to DEBUG for details
Rebuilding local parsing plan with next candidate parser: $&lt;read_str_from_txt&gt; =&gt; &lt;base64_ascii_str_pickle_to_object&gt; -&gt; &lt;float_to_bool&gt;$
DONE Rebuilding local parsing plan for [/home/travis/build/smarie/python-parsyfiles/parsyfiles/tests/combining_parsers_converters/test_data/b64pickle-float-1.0=True.txt]. Resuming parsing...
SUCCESS parsed [/home/travis/build/smarie/python-parsyfiles/parsyfiles/tests/combining_parsers_converters/test_data/b64pickle-float-1.0=True.txt] as a [bool] successfully. Parser used was [$&lt;read_str_from_txt&gt; =&gt; &lt;base64_ascii_str_pickle_to_object&gt; -&gt; &lt;float_to_bool&gt;$]
ERROR while parsing [/home/travis/build/smarie/python-parsyfiles/parsyfiles/tests/combining_parsers_converters/test_data/b64pickle-float-1.0=True.txt] into a [bool] using [$&lt;read_str_from_txt&gt; =&gt; &lt;str_to_bool&gt;$]. Set log level to DEBUG for details
Rebuilding local parsing plan with next candidate parser: $&lt;read_str_from_txt&gt; =&gt; &lt;base64_ascii_str_pickle_to_object&gt; -&gt; &lt;float_to_bool&gt;$
DONE Rebuilding local parsing plan for [/home/travis/build/smarie/python-parsyfiles/parsyfiles/tests/combining_parsers_converters/test_data/b64pickle-float-1.0=True.txt]. Resuming parsing...
SUCCESS parsed [/home/travis/build/smarie/python-parsyfiles/parsyfiles/tests/combining_parsers_converters/test_data/b64pickle-float-1.0=True.txt] as a [bool] successfully. Parser used was [$&lt;read_str_from_txt&gt; =&gt; &lt;base64_ascii_str_pickle_to_object&gt; -&gt; &lt;float_to_bool&gt;$]
ERROR while parsing [/home/travis/build/smarie/python-parsyfiles/parsyfiles/tests/combining_parsers_converters/test_data/b64pickle-float-1.0=True.txt] into a [bool] using [$&lt;read_str_from_txt&gt; =&gt; &lt;str_to_bool&gt;$]. Set log level to DEBUG for details
Rebuilding local parsing plan with next candidate parser: $&lt;read_str_from_txt&gt; =&gt; &lt;base64_ascii_str_pickle_to_object&gt; -&gt; &lt;float_to_bool&gt;$
DONE Rebuilding local parsing plan for [/home/travis/build/smarie/python-parsyfiles/parsyfiles/tests/combining_parsers_converters/test_data/b64pickle-float-1.0=True.txt]. Resuming parsing...
SUCCESS parsed [/home/travis/build/smarie/python-parsyfiles/parsyfiles/tests/combining_parsers_converters/test_data/b64pickle-float-1.0=True.txt] as a [bool] successfully. Parser used was [$&lt;read_str_from_txt&gt; =&gt; &lt;base64_ascii_str_pickle_to_object&gt; -&gt; &lt;float_to_bool&gt;$]
ERROR while parsing [/home/travis/build/smarie/python-parsyfiles/parsyfiles/tests/combining_parsers_converters/test_data/b64pickle-float-1.0=True.txt] into a [bool] using [$&lt;read_str_from_txt&gt; =&gt; &lt;str_to_bool&gt;$]. Set log level to DEBUG for details
Rebuilding local parsing plan with next candidate parser: $&lt;read_str_from_txt&gt; =&gt; &lt;base64_ascii_str_pickle_to_object&gt; -&gt; &lt;float_to_bool&gt;$
DONE Rebuilding local parsing plan for [/home/travis/build/smarie/python-parsyfiles/parsyfiles/tests/combining_parsers_converters/test_data/b64pickle-float-1.0=True.txt]. Resuming parsing...
SUCCESS parsed [/home/travis/build/smarie/python-parsyfiles/parsyfiles/tests/combining_parsers_converters/test_data/b64pickle-float-1.0=True.txt] as a [bool] successfully. Parser used was [$&lt;read_str_from_txt&gt; =&gt; &lt;base64_ascii_str_pickle_to_object&gt; -&gt; &lt;float_to_bool&gt;$]
</system-out></testcase><testcase classname="parsyfiles.tests.combining_parsers_converters.test_registries.TestParserRegistry" file="parsyfiles/tests/combining_parsers_converters/test_registries.py" line="277" name="test_a_all_extensions_and_types_are_present" time="0.019291400909423828"><system-out>.
.d
.c
.cd
.b
.bd
.bc
.bcd
.a
.ad
.ac
.acd
.ab
.abd
.abc
.abcd
</system-out></testcase><testcase classname="parsyfiles.tests.combining_parsers_converters.test_registries.TestParserRegistry" file="parsyfiles/tests/combining_parsers_converters/test_registries.py" line="292" name="test_b_capabilities_equal_query_strict" time="0.6491203308105469"><system-out>.
.d
.c
.cd
.b
.bd
.bc
.bcd
.a
.ad
.ac
.acd
.ab
.abd
.abc
.abcd
Asserting (strict mode) type=A ext=&lt;multifile&gt;
Asserting (strict mode) type=D ext=&lt;multifile&gt;
Asserting (strict mode) type=AnyObject ext=&lt;multifile&gt;
Asserting (strict mode) type=C ext=&lt;multifile&gt;
Asserting (strict mode) type=B ext=&lt;multifile&gt;
Asserting (strict mode) type=A ext=.abcd
Asserting (strict mode) type=D ext=.abcd
Asserting (strict mode) type=AnyObject ext=.abcd
Asserting (strict mode) type=C ext=.abcd
Asserting (strict mode) type=B ext=.abcd
Asserting (strict mode) type=A ext=.b
Asserting (strict mode) type=C ext=.b
Asserting (strict mode) type=B ext=.b
Asserting (strict mode) type=A ext=.bcd
Asserting (strict mode) type=D ext=.bcd
Asserting (strict mode) type=AnyObject ext=.bcd
Asserting (strict mode) type=C ext=.bcd
Asserting (strict mode) type=B ext=.bcd
Asserting (strict mode) type=A ext=.d
Asserting (strict mode) type=D ext=.d
Asserting (strict mode) type=AnyObject ext=.d
Asserting (strict mode) type=C ext=.d
Asserting (strict mode) type=A ext=.ad
Asserting (strict mode) type=D ext=.ad
Asserting (strict mode) type=AnyObject ext=.ad
Asserting (strict mode) type=C ext=.ad
Asserting (strict mode) type=B ext=.ad
Asserting (strict mode) type=A ext=.ac
Asserting (strict mode) type=D ext=.ac
Asserting (strict mode) type=AnyObject ext=.ac
Asserting (strict mode) type=C ext=.ac
Asserting (strict mode) type=B ext=.ac
Asserting (strict mode) type=A ext=.acd
Asserting (strict mode) type=D ext=.acd
Asserting (strict mode) type=AnyObject ext=.acd
Asserting (strict mode) type=C ext=.acd
Asserting (strict mode) type=B ext=.acd
Asserting (strict mode) type=A ext=.bd
Asserting (strict mode) type=D ext=.bd
Asserting (strict mode) type=AnyObject ext=.bd
Asserting (strict mode) type=C ext=.bd
Asserting (strict mode) type=B ext=.bd
Asserting (strict mode) type=A ext=.abd
Asserting (strict mode) type=D ext=.abd
Asserting (strict mode) type=AnyObject ext=.abd
Asserting (strict mode) type=C ext=.abd
Asserting (strict mode) type=B ext=.abd
Asserting (strict mode) type=A ext=.cd
Asserting (strict mode) type=D ext=.cd
Asserting (strict mode) type=AnyObject ext=.cd
Asserting (strict mode) type=C ext=.cd
Asserting (strict mode) type=B ext=.cd
Asserting (strict mode) type=A ext=.c
Asserting (strict mode) type=D ext=.c
Asserting (strict mode) type=C ext=.c
Asserting (strict mode) type=B ext=.c
Asserting (strict mode) type=A ext=.ab
Asserting (strict mode) type=D ext=.ab
Asserting (strict mode) type=AnyObject ext=.ab
Asserting (strict mode) type=C ext=.ab
Asserting (strict mode) type=B ext=.ab
Asserting (strict mode) type=A ext=.bc
Asserting (strict mode) type=D ext=.bc
Asserting (strict mode) type=C ext=.bc
Asserting (strict mode) type=B ext=.bc
Asserting (strict mode) type=A ext=.a
Asserting (strict mode) type=D ext=.a
Asserting (strict mode) type=AnyObject ext=.a
Asserting (strict mode) type=C ext=.a
Asserting (strict mode) type=B ext=.a
Asserting (strict mode) type=A ext=.abc
Asserting (strict mode) type=D ext=.abc
Asserting (strict mode) type=AnyObject ext=.abc
Asserting (strict mode) type=C ext=.abc
Asserting (strict mode) type=B ext=.abc
Asserting (strict mode) type=A ext=&lt;multifile&gt;
Asserting (strict mode) type=D ext=&lt;multifile&gt;
Asserting (strict mode) type=AnyObject ext=&lt;multifile&gt;
Asserting (strict mode) type=C ext=&lt;multifile&gt;
Asserting (strict mode) type=B ext=&lt;multifile&gt;
Asserting (strict mode) type=A ext=.abcd
Asserting (strict mode) type=D ext=.abcd
Asserting (strict mode) type=AnyObject ext=.abcd
Asserting (strict mode) type=C ext=.abcd
Asserting (strict mode) type=B ext=.abcd
Asserting (strict mode) type=A ext=.b
Asserting (strict mode) type=C ext=.b
Asserting (strict mode) type=B ext=.b
Asserting (strict mode) type=A ext=.bcd
Asserting (strict mode) type=D ext=.bcd
Asserting (strict mode) type=AnyObject ext=.bcd
Asserting (strict mode) type=C ext=.bcd
Asserting (strict mode) type=B ext=.bcd
Asserting (strict mode) type=A ext=.d
Asserting (strict mode) type=D ext=.d
Asserting (strict mode) type=AnyObject ext=.d
Asserting (strict mode) type=C ext=.d
Asserting (strict mode) type=A ext=.ad
Asserting (strict mode) type=D ext=.ad
Asserting (strict mode) type=AnyObject ext=.ad
Asserting (strict mode) type=C ext=.ad
Asserting (strict mode) type=B ext=.ad
Asserting (strict mode) type=A ext=.ac
Asserting (strict mode) type=D ext=.ac
Asserting (strict mode) type=AnyObject ext=.ac
Asserting (strict mode) type=C ext=.ac
Asserting (strict mode) type=B ext=.ac
Asserting (strict mode) type=A ext=.acd
Asserting (strict mode) type=D ext=.acd
Asserting (strict mode) type=AnyObject ext=.acd
Asserting (strict mode) type=C ext=.acd
Asserting (strict mode) type=B ext=.acd
Asserting (strict mode) type=A ext=.bd
Asserting (strict mode) type=D ext=.bd
Asserting (strict mode) type=AnyObject ext=.bd
Asserting (strict mode) type=C ext=.bd
Asserting (strict mode) type=B ext=.bd
Asserting (strict mode) type=A ext=.abd
Asserting (strict mode) type=D ext=.abd
Asserting (strict mode) type=AnyObject ext=.abd
Asserting (strict mode) type=C ext=.abd
Asserting (strict mode) type=B ext=.abd
Asserting (strict mode) type=A ext=.cd
Asserting (strict mode) type=D ext=.cd
Asserting (strict mode) type=AnyObject ext=.cd
Asserting (strict mode) type=C ext=.cd
Asserting (strict mode) type=B ext=.cd
Asserting (strict mode) type=A ext=.c
Asserting (strict mode) type=D ext=.c
Asserting (strict mode) type=C ext=.c
Asserting (strict mode) type=B ext=.c
Asserting (strict mode) type=A ext=.ab
Asserting (strict mode) type=D ext=.ab
Asserting (strict mode) type=AnyObject ext=.ab
Asserting (strict mode) type=C ext=.ab
Asserting (strict mode) type=B ext=.ab
Asserting (strict mode) type=A ext=.bc
Asserting (strict mode) type=D ext=.bc
Asserting (strict mode) type=C ext=.bc
Asserting (strict mode) type=B ext=.bc
Asserting (strict mode) type=A ext=.a
Asserting (strict mode) type=D ext=.a
Asserting (strict mode) type=AnyObject ext=.a
Asserting (strict mode) type=C ext=.a
Asserting (strict mode) type=B ext=.a
Asserting (strict mode) type=A ext=.abc
Asserting (strict mode) type=D ext=.abc
Asserting (strict mode) type=AnyObject ext=.abc
Asserting (strict mode) type=C ext=.abc
Asserting (strict mode) type=B ext=.abc
Asserting (strict mode) type=A ext=&lt;multifile&gt;
Asserting (strict mode) type=D ext=&lt;multifile&gt;
Asserting (strict mode) type=AnyObject ext=&lt;multifile&gt;
Asserting (strict mode) type=C ext=&lt;multifile&gt;
Asserting (strict mode) type=B ext=&lt;multifile&gt;
Asserting (strict mode) type=A ext=.abcd
Asserting (strict mode) type=D ext=.abcd
Asserting (strict mode) type=AnyObject ext=.abcd
Asserting (strict mode) type=C ext=.abcd
Asserting (strict mode) type=B ext=.abcd
Asserting (strict mode) type=A ext=.b
Asserting (strict mode) type=C ext=.b
Asserting (strict mode) type=B ext=.b
Asserting (strict mode) type=A ext=.bcd
Asserting (strict mode) type=D ext=.bcd
Asserting (strict mode) type=AnyObject ext=.bcd
Asserting (strict mode) type=C ext=.bcd
Asserting (strict mode) type=B ext=.bcd
Asserting (strict mode) type=A ext=.d
Asserting (strict mode) type=D ext=.d
Asserting (strict mode) type=AnyObject ext=.d
Asserting (strict mode) type=C ext=.d
Asserting (strict mode) type=A ext=.ad
Asserting (strict mode) type=D ext=.ad
Asserting (strict mode) type=AnyObject ext=.ad
Asserting (strict mode) type=C ext=.ad
Asserting (strict mode) type=B ext=.ad
Asserting (strict mode) type=A ext=.ac
Asserting (strict mode) type=D ext=.ac
Asserting (strict mode) type=AnyObject ext=.ac
Asserting (strict mode) type=C ext=.ac
Asserting (strict mode) type=B ext=.ac
Asserting (strict mode) type=A ext=.acd
Asserting (strict mode) type=D ext=.acd
Asserting (strict mode) type=AnyObject ext=.acd
Asserting (strict mode) type=C ext=.acd
Asserting (strict mode) type=B ext=.acd
Asserting (strict mode) type=A ext=.bd
Asserting (strict mode) type=D ext=.bd
Asserting (strict mode) type=AnyObject ext=.bd
Asserting (strict mode) type=C ext=.bd
Asserting (strict mode) type=B ext=.bd
Asserting (strict mode) type=A ext=.abd
Asserting (strict mode) type=D ext=.abd
Asserting (strict mode) type=AnyObject ext=.abd
Asserting (strict mode) type=C ext=.abd
Asserting (strict mode) type=B ext=.abd
Asserting (strict mode) type=A ext=.cd
Asserting (strict mode) type=D ext=.cd
Asserting (strict mode) type=AnyObject ext=.cd
Asserting (strict mode) type=C ext=.cd
Asserting (strict mode) type=B ext=.cd
Asserting (strict mode) type=A ext=.c
Asserting (strict mode) type=D ext=.c
Asserting (strict mode) type=C ext=.c
Asserting (strict mode) type=B ext=.c
Asserting (strict mode) type=A ext=.ab
Asserting (strict mode) type=D ext=.ab
Asserting (strict mode) type=AnyObject ext=.ab
Asserting (strict mode) type=C ext=.ab
Asserting (strict mode) type=B ext=.ab
Asserting (strict mode) type=A ext=.bc
Asserting (strict mode) type=D ext=.bc
Asserting (strict mode) type=C ext=.bc
Asserting (strict mode) type=B ext=.bc
Asserting (strict mode) type=A ext=.a
Asserting (strict mode) type=D ext=.a
Asserting (strict mode) type=AnyObject ext=.a
Asserting (strict mode) type=C ext=.a
Asserting (strict mode) type=B ext=.a
Asserting (strict mode) type=A ext=.abc
Asserting (strict mode) type=D ext=.abc
Asserting (strict mode) type=AnyObject ext=.abc
Asserting (strict mode) type=C ext=.abc
Asserting (strict mode) type=B ext=.abc
Asserting (strict mode) type=A ext=&lt;multifile&gt;
Asserting (strict mode) type=D ext=&lt;multifile&gt;
Asserting (strict mode) type=AnyObject ext=&lt;multifile&gt;
Asserting (strict mode) type=C ext=&lt;multifile&gt;
Asserting (strict mode) type=B ext=&lt;multifile&gt;
Asserting (strict mode) type=A ext=.abcd
Asserting (strict mode) type=D ext=.abcd
Asserting (strict mode) type=AnyObject ext=.abcd
Asserting (strict mode) type=C ext=.abcd
Asserting (strict mode) type=B ext=.abcd
Asserting (strict mode) type=A ext=.b
Asserting (strict mode) type=C ext=.b
Asserting (strict mode) type=B ext=.b
Asserting (strict mode) type=A ext=.bcd
Asserting (strict mode) type=D ext=.bcd
Asserting (strict mode) type=AnyObject ext=.bcd
Asserting (strict mode) type=C ext=.bcd
Asserting (strict mode) type=B ext=.bcd
Asserting (strict mode) type=A ext=.d
Asserting (strict mode) type=D ext=.d
Asserting (strict mode) type=AnyObject ext=.d
Asserting (strict mode) type=C ext=.d
Asserting (strict mode) type=A ext=.ad
Asserting (strict mode) type=D ext=.ad
Asserting (strict mode) type=AnyObject ext=.ad
Asserting (strict mode) type=C ext=.ad
Asserting (strict mode) type=B ext=.ad
Asserting (strict mode) type=A ext=.ac
Asserting (strict mode) type=D ext=.ac
Asserting (strict mode) type=AnyObject ext=.ac
Asserting (strict mode) type=C ext=.ac
Asserting (strict mode) type=B ext=.ac
Asserting (strict mode) type=A ext=.acd
Asserting (strict mode) type=D ext=.acd
Asserting (strict mode) type=AnyObject ext=.acd
Asserting (strict mode) type=C ext=.acd
Asserting (strict mode) type=B ext=.acd
Asserting (strict mode) type=A ext=.bd
Asserting (strict mode) type=D ext=.bd
Asserting (strict mode) type=AnyObject ext=.bd
Asserting (strict mode) type=C ext=.bd
Asserting (strict mode) type=B ext=.bd
Asserting (strict mode) type=A ext=.abd
Asserting (strict mode) type=D ext=.abd
Asserting (strict mode) type=AnyObject ext=.abd
Asserting (strict mode) type=C ext=.abd
Asserting (strict mode) type=B ext=.abd
Asserting (strict mode) type=A ext=.cd
Asserting (strict mode) type=D ext=.cd
Asserting (strict mode) type=AnyObject ext=.cd
Asserting (strict mode) type=C ext=.cd
Asserting (strict mode) type=B ext=.cd
Asserting (strict mode) type=A ext=.c
Asserting (strict mode) type=D ext=.c
Asserting (strict mode) type=C ext=.c
Asserting (strict mode) type=B ext=.c
Asserting (strict mode) type=A ext=.ab
Asserting (strict mode) type=D ext=.ab
Asserting (strict mode) type=AnyObject ext=.ab
Asserting (strict mode) type=C ext=.ab
Asserting (strict mode) type=B ext=.ab
Asserting (strict mode) type=A ext=.bc
Asserting (strict mode) type=D ext=.bc
Asserting (strict mode) type=C ext=.bc
Asserting (strict mode) type=B ext=.bc
Asserting (strict mode) type=A ext=.a
Asserting (strict mode) type=D ext=.a
Asserting (strict mode) type=AnyObject ext=.a
Asserting (strict mode) type=C ext=.a
Asserting (strict mode) type=B ext=.a
Asserting (strict mode) type=A ext=.abc
Asserting (strict mode) type=D ext=.abc
Asserting (strict mode) type=AnyObject ext=.abc
Asserting (strict mode) type=C ext=.abc
Asserting (strict mode) type=B ext=.abc
Asserting (strict mode) type=A ext=&lt;multifile&gt;
Asserting (strict mode) type=D ext=&lt;multifile&gt;
Asserting (strict mode) type=AnyObject ext=&lt;multifile&gt;
Asserting (strict mode) type=C ext=&lt;multifile&gt;
Asserting (strict mode) type=B ext=&lt;multifile&gt;
Asserting (strict mode) type=A ext=.abcd
Asserting (strict mode) type=D ext=.abcd
Asserting (strict mode) type=AnyObject ext=.abcd
Asserting (strict mode) type=C ext=.abcd
Asserting (strict mode) type=B ext=.abcd
Asserting (strict mode) type=A ext=.b
Asserting (strict mode) type=C ext=.b
Asserting (strict mode) type=B ext=.b
Asserting (strict mode) type=A ext=.bcd
Asserting (strict mode) type=D ext=.bcd
Asserting (strict mode) type=AnyObject ext=.bcd
Asserting (strict mode) type=C ext=.bcd
Asserting (strict mode) type=B ext=.bcd
Asserting (strict mode) type=A ext=.d
Asserting (strict mode) type=D ext=.d
Asserting (strict mode) type=AnyObject ext=.d
Asserting (strict mode) type=C ext=.d
Asserting (strict mode) type=A ext=.ad
Asserting (strict mode) type=D ext=.ad
Asserting (strict mode) type=AnyObject ext=.ad
Asserting (strict mode) type=C ext=.ad
Asserting (strict mode) type=B ext=.ad
Asserting (strict mode) type=A ext=.ac
Asserting (strict mode) type=D ext=.ac
Asserting (strict mode) type=AnyObject ext=.ac
Asserting (strict mode) type=C ext=.ac
Asserting (strict mode) type=B ext=.ac
Asserting (strict mode) type=A ext=.acd
Asserting (strict mode) type=D ext=.acd
Asserting (strict mode) type=AnyObject ext=.acd
Asserting (strict mode) type=C ext=.acd
Asserting (strict mode) type=B ext=.acd
Asserting (strict mode) type=A ext=.bd
Asserting (strict mode) type=D ext=.bd
Asserting (strict mode) type=AnyObject ext=.bd
Asserting (strict mode) type=C ext=.bd
Asserting (strict mode) type=B ext=.bd
Asserting (strict mode) type=A ext=.abd
Asserting (strict mode) type=D ext=.abd
Asserting (strict mode) type=AnyObject ext=.abd
Asserting (strict mode) type=C ext=.abd
Asserting (strict mode) type=B ext=.abd
Asserting (strict mode) type=A ext=.cd
Asserting (strict mode) type=D ext=.cd
Asserting (strict mode) type=AnyObject ext=.cd
Asserting (strict mode) type=C ext=.cd
Asserting (strict mode) type=B ext=.cd
Asserting (strict mode) type=A ext=.c
Asserting (strict mode) type=D ext=.c
Asserting (strict mode) type=C ext=.c
Asserting (strict mode) type=B ext=.c
Asserting (strict mode) type=A ext=.ab
Asserting (strict mode) type=D ext=.ab
Asserting (strict mode) type=AnyObject ext=.ab
Asserting (strict mode) type=C ext=.ab
Asserting (strict mode) type=B ext=.ab
Asserting (strict mode) type=A ext=.bc
Asserting (strict mode) type=D ext=.bc
Asserting (strict mode) type=C ext=.bc
Asserting (strict mode) type=B ext=.bc
Asserting (strict mode) type=A ext=.a
Asserting (strict mode) type=D ext=.a
Asserting (strict mode) type=AnyObject ext=.a
Asserting (strict mode) type=C ext=.a
Asserting (strict mode) type=B ext=.a
Asserting (strict mode) type=A ext=.abc
Asserting (strict mode) type=D ext=.abc
Asserting (strict mode) type=AnyObject ext=.abc
Asserting (strict mode) type=C ext=.abc
Asserting (strict mode) type=B ext=.abc
Asserting (strict mode) type=A ext=&lt;multifile&gt;
Asserting (strict mode) type=D ext=&lt;multifile&gt;
Asserting (strict mode) type=AnyObject ext=&lt;multifile&gt;
Asserting (strict mode) type=C ext=&lt;multifile&gt;
Asserting (strict mode) type=B ext=&lt;multifile&gt;
Asserting (strict mode) type=A ext=.abcd
Asserting (strict mode) type=D ext=.abcd
Asserting (strict mode) type=AnyObject ext=.abcd
Asserting (strict mode) type=C ext=.abcd
Asserting (strict mode) type=B ext=.abcd
Asserting (strict mode) type=A ext=.b
Asserting (strict mode) type=C ext=.b
Asserting (strict mode) type=B ext=.b
Asserting (strict mode) type=A ext=.bcd
Asserting (strict mode) type=D ext=.bcd
Asserting (strict mode) type=AnyObject ext=.bcd
Asserting (strict mode) type=C ext=.bcd
Asserting (strict mode) type=B ext=.bcd
Asserting (strict mode) type=A ext=.d
Asserting (strict mode) type=D ext=.d
Asserting (strict mode) type=AnyObject ext=.d
Asserting (strict mode) type=C ext=.d
Asserting (strict mode) type=A ext=.ad
Asserting (strict mode) type=D ext=.ad
Asserting (strict mode) type=AnyObject ext=.ad
Asserting (strict mode) type=C ext=.ad
Asserting (strict mode) type=B ext=.ad
Asserting (strict mode) type=A ext=.ac
Asserting (strict mode) type=D ext=.ac
Asserting (strict mode) type=AnyObject ext=.ac
Asserting (strict mode) type=C ext=.ac
Asserting (strict mode) type=B ext=.ac
Asserting (strict mode) type=A ext=.acd
Asserting (strict mode) type=D ext=.acd
Asserting (strict mode) type=AnyObject ext=.acd
Asserting (strict mode) type=C ext=.acd
Asserting (strict mode) type=B ext=.acd
Asserting (strict mode) type=A ext=.bd
Asserting (strict mode) type=D ext=.bd
Asserting (strict mode) type=AnyObject ext=.bd
Asserting (strict mode) type=C ext=.bd
Asserting (strict mode) type=B ext=.bd
Asserting (strict mode) type=A ext=.abd
Asserting (strict mode) type=D ext=.abd
Asserting (strict mode) type=AnyObject ext=.abd
Asserting (strict mode) type=C ext=.abd
Asserting (strict mode) type=B ext=.abd
Asserting (strict mode) type=A ext=.cd
Asserting (strict mode) type=D ext=.cd
Asserting (strict mode) type=AnyObject ext=.cd
Asserting (strict mode) type=C ext=.cd
Asserting (strict mode) type=B ext=.cd
Asserting (strict mode) type=A ext=.c
Asserting (strict mode) type=D ext=.c
Asserting (strict mode) type=C ext=.c
Asserting (strict mode) type=B ext=.c
Asserting (strict mode) type=A ext=.ab
Asserting (strict mode) type=D ext=.ab
Asserting (strict mode) type=AnyObject ext=.ab
Asserting (strict mode) type=C ext=.ab
Asserting (strict mode) type=B ext=.ab
Asserting (strict mode) type=A ext=.bc
Asserting (strict mode) type=D ext=.bc
Asserting (strict mode) type=C ext=.bc
Asserting (strict mode) type=B ext=.bc
Asserting (strict mode) type=A ext=.a
Asserting (strict mode) type=D ext=.a
Asserting (strict mode) type=AnyObject ext=.a
Asserting (strict mode) type=C ext=.a
Asserting (strict mode) type=B ext=.a
Asserting (strict mode) type=A ext=.abc
Asserting (strict mode) type=D ext=.abc
Asserting (strict mode) type=AnyObject ext=.abc
Asserting (strict mode) type=C ext=.abc
Asserting (strict mode) type=B ext=.abc
Asserting (strict mode) type=A ext=&lt;multifile&gt;
Asserting (strict mode) type=D ext=&lt;multifile&gt;
Asserting (strict mode) type=AnyObject ext=&lt;multifile&gt;
Asserting (strict mode) type=C ext=&lt;multifile&gt;
Asserting (strict mode) type=B ext=&lt;multifile&gt;
Asserting (strict mode) type=A ext=.abcd
Asserting (strict mode) type=D ext=.abcd
Asserting (strict mode) type=AnyObject ext=.abcd
Asserting (strict mode) type=C ext=.abcd
Asserting (strict mode) type=B ext=.abcd
Asserting (strict mode) type=A ext=.b
Asserting (strict mode) type=C ext=.b
Asserting (strict mode) type=B ext=.b
Asserting (strict mode) type=A ext=.bcd
Asserting (strict mode) type=D ext=.bcd
Asserting (strict mode) type=AnyObject ext=.bcd
Asserting (strict mode) type=C ext=.bcd
Asserting (strict mode) type=B ext=.bcd
Asserting (strict mode) type=A ext=.d
Asserting (strict mode) type=D ext=.d
Asserting (strict mode) type=AnyObject ext=.d
Asserting (strict mode) type=C ext=.d
Asserting (strict mode) type=A ext=.ad
Asserting (strict mode) type=D ext=.ad
Asserting (strict mode) type=AnyObject ext=.ad
Asserting (strict mode) type=C ext=.ad
Asserting (strict mode) type=B ext=.ad
Asserting (strict mode) type=A ext=.ac
Asserting (strict mode) type=D ext=.ac
Asserting (strict mode) type=AnyObject ext=.ac
Asserting (strict mode) type=C ext=.ac
Asserting (strict mode) type=B ext=.ac
Asserting (strict mode) type=A ext=.acd
Asserting (strict mode) type=D ext=.acd
Asserting (strict mode) type=AnyObject ext=.acd
Asserting (strict mode) type=C ext=.acd
Asserting (strict mode) type=B ext=.acd
Asserting (strict mode) type=A ext=.bd
Asserting (strict mode) type=D ext=.bd
Asserting (strict mode) type=AnyObject ext=.bd
Asserting (strict mode) type=C ext=.bd
Asserting (strict mode) type=B ext=.bd
Asserting (strict mode) type=A ext=.abd
Asserting (strict mode) type=D ext=.abd
Asserting (strict mode) type=AnyObject ext=.abd
Asserting (strict mode) type=C ext=.abd
Asserting (strict mode) type=B ext=.abd
Asserting (strict mode) type=A ext=.cd
Asserting (strict mode) type=D ext=.cd
Asserting (strict mode) type=AnyObject ext=.cd
Asserting (strict mode) type=C ext=.cd
Asserting (strict mode) type=B ext=.cd
Asserting (strict mode) type=A ext=.c
Asserting (strict mode) type=D ext=.c
Asserting (strict mode) type=C ext=.c
Asserting (strict mode) type=B ext=.c
Asserting (strict mode) type=A ext=.ab
Asserting (strict mode) type=D ext=.ab
Asserting (strict mode) type=AnyObject ext=.ab
Asserting (strict mode) type=C ext=.ab
Asserting (strict mode) type=B ext=.ab
Asserting (strict mode) type=A ext=.bc
Asserting (strict mode) type=D ext=.bc
Asserting (strict mode) type=C ext=.bc
Asserting (strict mode) type=B ext=.bc
Asserting (strict mode) type=A ext=.a
Asserting (strict mode) type=D ext=.a
Asserting (strict mode) type=AnyObject ext=.a
Asserting (strict mode) type=C ext=.a
Asserting (strict mode) type=B ext=.a
Asserting (strict mode) type=A ext=.abc
Asserting (strict mode) type=D ext=.abc
Asserting (strict mode) type=AnyObject ext=.abc
Asserting (strict mode) type=C ext=.abc
Asserting (strict mode) type=B ext=.abc
Asserting (strict mode) type=A ext=&lt;multifile&gt;
Asserting (strict mode) type=D ext=&lt;multifile&gt;
Asserting (strict mode) type=AnyObject ext=&lt;multifile&gt;
Asserting (strict mode) type=C ext=&lt;multifile&gt;
Asserting (strict mode) type=B ext=&lt;multifile&gt;
Asserting (strict mode) type=A ext=.abcd
Asserting (strict mode) type=D ext=.abcd
Asserting (strict mode) type=AnyObject ext=.abcd
Asserting (strict mode) type=C ext=.abcd
Asserting (strict mode) type=B ext=.abcd
Asserting (strict mode) type=A ext=.b
Asserting (strict mode) type=C ext=.b
Asserting (strict mode) type=B ext=.b
Asserting (strict mode) type=A ext=.bcd
Asserting (strict mode) type=D ext=.bcd
Asserting (strict mode) type=AnyObject ext=.bcd
Asserting (strict mode) type=C ext=.bcd
Asserting (strict mode) type=B ext=.bcd
Asserting (strict mode) type=A ext=.d
Asserting (strict mode) type=D ext=.d
Asserting (strict mode) type=AnyObject ext=.d
Asserting (strict mode) type=C ext=.d
Asserting (strict mode) type=A ext=.ad
Asserting (strict mode) type=D ext=.ad
Asserting (strict mode) type=AnyObject ext=.ad
Asserting (strict mode) type=C ext=.ad
Asserting (strict mode) type=B ext=.ad
Asserting (strict mode) type=A ext=.ac
Asserting (strict mode) type=D ext=.ac
Asserting (strict mode) type=AnyObject ext=.ac
Asserting (strict mode) type=C ext=.ac
Asserting (strict mode) type=B ext=.ac
Asserting (strict mode) type=A ext=.acd
Asserting (strict mode) type=D ext=.acd
Asserting (strict mode) type=AnyObject ext=.acd
Asserting (strict mode) type=C ext=.acd
Asserting (strict mode) type=B ext=.acd
Asserting (strict mode) type=A ext=.bd
Asserting (strict mode) type=D ext=.bd
Asserting (strict mode) type=AnyObject ext=.bd
Asserting (strict mode) type=C ext=.bd
Asserting (strict mode) type=B ext=.bd
Asserting (strict mode) type=A ext=.abd
Asserting (strict mode) type=D ext=.abd
Asserting (strict mode) type=AnyObject ext=.abd
Asserting (strict mode) type=C ext=.abd
Asserting (strict mode) type=B ext=.abd
Asserting (strict mode) type=A ext=.cd
Asserting (strict mode) type=D ext=.cd
Asserting (strict mode) type=AnyObject ext=.cd
Asserting (strict mode) type=C ext=.cd
Asserting (strict mode) type=B ext=.cd
Asserting (strict mode) type=A ext=.c
Asserting (strict mode) type=D ext=.c
Asserting (strict mode) type=C ext=.c
Asserting (strict mode) type=B ext=.c
Asserting (strict mode) type=A ext=.ab
Asserting (strict mode) type=D ext=.ab
Asserting (strict mode) type=AnyObject ext=.ab
Asserting (strict mode) type=C ext=.ab
Asserting (strict mode) type=B ext=.ab
Asserting (strict mode) type=A ext=.bc
Asserting (strict mode) type=D ext=.bc
Asserting (strict mode) type=C ext=.bc
Asserting (strict mode) type=B ext=.bc
Asserting (strict mode) type=A ext=.a
Asserting (strict mode) type=D ext=.a
Asserting (strict mode) type=AnyObject ext=.a
Asserting (strict mode) type=C ext=.a
Asserting (strict mode) type=B ext=.a
Asserting (strict mode) type=A ext=.abc
Asserting (strict mode) type=D ext=.abc
Asserting (strict mode) type=AnyObject ext=.abc
Asserting (strict mode) type=C ext=.abc
Asserting (strict mode) type=B ext=.abc
Asserting (strict mode) type=A ext=&lt;multifile&gt;
Asserting (strict mode) type=D ext=&lt;multifile&gt;
Asserting (strict mode) type=AnyObject ext=&lt;multifile&gt;
Asserting (strict mode) type=C ext=&lt;multifile&gt;
Asserting (strict mode) type=B ext=&lt;multifile&gt;
Asserting (strict mode) type=A ext=.abcd
Asserting (strict mode) type=D ext=.abcd
Asserting (strict mode) type=AnyObject ext=.abcd
Asserting (strict mode) type=C ext=.abcd
Asserting (strict mode) type=B ext=.abcd
Asserting (strict mode) type=A ext=.b
Asserting (strict mode) type=C ext=.b
Asserting (strict mode) type=B ext=.b
Asserting (strict mode) type=A ext=.bcd
Asserting (strict mode) type=D ext=.bcd
Asserting (strict mode) type=AnyObject ext=.bcd
Asserting (strict mode) type=C ext=.bcd
Asserting (strict mode) type=B ext=.bcd
Asserting (strict mode) type=A ext=.d
Asserting (strict mode) type=D ext=.d
Asserting (strict mode) type=AnyObject ext=.d
Asserting (strict mode) type=C ext=.d
Asserting (strict mode) type=A ext=.ad
Asserting (strict mode) type=D ext=.ad
Asserting (strict mode) type=AnyObject ext=.ad
Asserting (strict mode) type=C ext=.ad
Asserting (strict mode) type=B ext=.ad
Asserting (strict mode) type=A ext=.ac
Asserting (strict mode) type=D ext=.ac
Asserting (strict mode) type=AnyObject ext=.ac
Asserting (strict mode) type=C ext=.ac
Asserting (strict mode) type=B ext=.ac
Asserting (strict mode) type=A ext=.acd
Asserting (strict mode) type=D ext=.acd
Asserting (strict mode) type=AnyObject ext=.acd
Asserting (strict mode) type=C ext=.acd
Asserting (strict mode) type=B ext=.acd
Asserting (strict mode) type=A ext=.bd
Asserting (strict mode) type=D ext=.bd
Asserting (strict mode) type=AnyObject ext=.bd
Asserting (strict mode) type=C ext=.bd
Asserting (strict mode) type=B ext=.bd
Asserting (strict mode) type=A ext=.abd
Asserting (strict mode) type=D ext=.abd
Asserting (strict mode) type=AnyObject ext=.abd
Asserting (strict mode) type=C ext=.abd
Asserting (strict mode) type=B ext=.abd
Asserting (strict mode) type=A ext=.cd
Asserting (strict mode) type=D ext=.cd
Asserting (strict mode) type=AnyObject ext=.cd
Asserting (strict mode) type=C ext=.cd
Asserting (strict mode) type=B ext=.cd
Asserting (strict mode) type=A ext=.c
Asserting (strict mode) type=D ext=.c
Asserting (strict mode) type=C ext=.c
Asserting (strict mode) type=B ext=.c
Asserting (strict mode) type=A ext=.ab
Asserting (strict mode) type=D ext=.ab
Asserting (strict mode) type=AnyObject ext=.ab
Asserting (strict mode) type=C ext=.ab
Asserting (strict mode) type=B ext=.ab
Asserting (strict mode) type=A ext=.bc
Asserting (strict mode) type=D ext=.bc
Asserting (strict mode) type=C ext=.bc
Asserting (strict mode) type=B ext=.bc
Asserting (strict mode) type=A ext=.a
Asserting (strict mode) type=D ext=.a
Asserting (strict mode) type=AnyObject ext=.a
Asserting (strict mode) type=C ext=.a
Asserting (strict mode) type=B ext=.a
Asserting (strict mode) type=A ext=.abc
Asserting (strict mode) type=D ext=.abc
Asserting (strict mode) type=AnyObject ext=.abc
Asserting (strict mode) type=C ext=.abc
Asserting (strict mode) type=B ext=.abc
</system-out></testcase><testcase classname="parsyfiles.tests.combining_parsers_converters.test_registries.TestParserRegistry" file="parsyfiles/tests/combining_parsers_converters/test_registries.py" line="304" name="test_c_capabilities_equal_query_nonstrict" time="0.8028593063354492"><system-out>.
.d
.c
.cd
.b
.bd
.bc
.bcd
.a
.ad
.ac
.acd
.ab
.abd
.abc
.abcd
Asserting (non-strict mode) type=A ext=&lt;multifile&gt;
Asserting (non-strict mode) type=D ext=&lt;multifile&gt;
Asserting (non-strict mode) type=AnyObject ext=&lt;multifile&gt;
Asserting (non-strict mode) type=C ext=&lt;multifile&gt;
Asserting (non-strict mode) type=B ext=&lt;multifile&gt;
Asserting (non-strict mode) type=A ext=.abcd
Asserting (non-strict mode) type=D ext=.abcd
Asserting (non-strict mode) type=AnyObject ext=.abcd
Asserting (non-strict mode) type=C ext=.abcd
Asserting (non-strict mode) type=B ext=.abcd
Asserting (non-strict mode) type=A ext=.b
Asserting (non-strict mode) type=B ext=.b
Asserting (non-strict mode) type=C ext=.b
Asserting (non-strict mode) type=A ext=.bcd
Asserting (non-strict mode) type=D ext=.bcd
Asserting (non-strict mode) type=AnyObject ext=.bcd
Asserting (non-strict mode) type=C ext=.bcd
Asserting (non-strict mode) type=B ext=.bcd
Asserting (non-strict mode) type=A ext=.d
Asserting (non-strict mode) type=D ext=.d
Asserting (non-strict mode) type=AnyObject ext=.d
Asserting (non-strict mode) type=C ext=.d
Asserting (non-strict mode) type=A ext=.ad
Asserting (non-strict mode) type=D ext=.ad
Asserting (non-strict mode) type=AnyObject ext=.ad
Asserting (non-strict mode) type=C ext=.ad
Asserting (non-strict mode) type=B ext=.ad
Asserting (non-strict mode) type=A ext=.ac
Asserting (non-strict mode) type=D ext=.ac
Asserting (non-strict mode) type=AnyObject ext=.ac
Asserting (non-strict mode) type=C ext=.ac
Asserting (non-strict mode) type=B ext=.ac
Asserting (non-strict mode) type=A ext=.acd
Asserting (non-strict mode) type=D ext=.acd
Asserting (non-strict mode) type=AnyObject ext=.acd
Asserting (non-strict mode) type=C ext=.acd
Asserting (non-strict mode) type=B ext=.acd
Asserting (non-strict mode) type=A ext=.bd
Asserting (non-strict mode) type=D ext=.bd
Asserting (non-strict mode) type=AnyObject ext=.bd
Asserting (non-strict mode) type=C ext=.bd
Asserting (non-strict mode) type=B ext=.bd
Asserting (non-strict mode) type=A ext=.abd
Asserting (non-strict mode) type=D ext=.abd
Asserting (non-strict mode) type=AnyObject ext=.abd
Asserting (non-strict mode) type=C ext=.abd
Asserting (non-strict mode) type=B ext=.abd
Asserting (non-strict mode) type=A ext=.cd
Asserting (non-strict mode) type=D ext=.cd
Asserting (non-strict mode) type=AnyObject ext=.cd
Asserting (non-strict mode) type=C ext=.cd
Asserting (non-strict mode) type=B ext=.cd
Asserting (non-strict mode) type=A ext=.c
Asserting (non-strict mode) type=D ext=.c
Asserting (non-strict mode) type=C ext=.c
Asserting (non-strict mode) type=B ext=.c
Asserting (non-strict mode) type=A ext=.ab
Asserting (non-strict mode) type=D ext=.ab
Asserting (non-strict mode) type=AnyObject ext=.ab
Asserting (non-strict mode) type=C ext=.ab
Asserting (non-strict mode) type=B ext=.ab
Asserting (non-strict mode) type=A ext=.bc
Asserting (non-strict mode) type=D ext=.bc
Asserting (non-strict mode) type=C ext=.bc
Asserting (non-strict mode) type=B ext=.bc
Asserting (non-strict mode) type=A ext=.a
Asserting (non-strict mode) type=D ext=.a
Asserting (non-strict mode) type=AnyObject ext=.a
Asserting (non-strict mode) type=C ext=.a
Asserting (non-strict mode) type=B ext=.a
Asserting (non-strict mode) type=A ext=.abc
Asserting (non-strict mode) type=D ext=.abc
Asserting (non-strict mode) type=AnyObject ext=.abc
Asserting (non-strict mode) type=C ext=.abc
Asserting (non-strict mode) type=B ext=.abc
Asserting (non-strict mode) type=A ext=&lt;multifile&gt;
Asserting (non-strict mode) type=D ext=&lt;multifile&gt;
Asserting (non-strict mode) type=AnyObject ext=&lt;multifile&gt;
Asserting (non-strict mode) type=C ext=&lt;multifile&gt;
Asserting (non-strict mode) type=B ext=&lt;multifile&gt;
Asserting (non-strict mode) type=A ext=.abcd
Asserting (non-strict mode) type=D ext=.abcd
Asserting (non-strict mode) type=AnyObject ext=.abcd
Asserting (non-strict mode) type=C ext=.abcd
Asserting (non-strict mode) type=B ext=.abcd
Asserting (non-strict mode) type=A ext=.b
Asserting (non-strict mode) type=B ext=.b
Asserting (non-strict mode) type=C ext=.b
Asserting (non-strict mode) type=A ext=.bcd
Asserting (non-strict mode) type=D ext=.bcd
Asserting (non-strict mode) type=AnyObject ext=.bcd
Asserting (non-strict mode) type=C ext=.bcd
Asserting (non-strict mode) type=B ext=.bcd
Asserting (non-strict mode) type=A ext=.d
Asserting (non-strict mode) type=D ext=.d
Asserting (non-strict mode) type=AnyObject ext=.d
Asserting (non-strict mode) type=C ext=.d
Asserting (non-strict mode) type=A ext=.ad
Asserting (non-strict mode) type=D ext=.ad
Asserting (non-strict mode) type=AnyObject ext=.ad
Asserting (non-strict mode) type=C ext=.ad
Asserting (non-strict mode) type=B ext=.ad
Asserting (non-strict mode) type=A ext=.ac
Asserting (non-strict mode) type=D ext=.ac
Asserting (non-strict mode) type=AnyObject ext=.ac
Asserting (non-strict mode) type=C ext=.ac
Asserting (non-strict mode) type=B ext=.ac
Asserting (non-strict mode) type=A ext=.acd
Asserting (non-strict mode) type=D ext=.acd
Asserting (non-strict mode) type=AnyObject ext=.acd
Asserting (non-strict mode) type=C ext=.acd
Asserting (non-strict mode) type=B ext=.acd
Asserting (non-strict mode) type=A ext=.bd
Asserting (non-strict mode) type=D ext=.bd
Asserting (non-strict mode) type=AnyObject ext=.bd
Asserting (non-strict mode) type=C ext=.bd
Asserting (non-strict mode) type=B ext=.bd
Asserting (non-strict mode) type=A ext=.abd
Asserting (non-strict mode) type=D ext=.abd
Asserting (non-strict mode) type=AnyObject ext=.abd
Asserting (non-strict mode) type=C ext=.abd
Asserting (non-strict mode) type=B ext=.abd
Asserting (non-strict mode) type=A ext=.cd
Asserting (non-strict mode) type=D ext=.cd
Asserting (non-strict mode) type=AnyObject ext=.cd
Asserting (non-strict mode) type=C ext=.cd
Asserting (non-strict mode) type=B ext=.cd
Asserting (non-strict mode) type=A ext=.c
Asserting (non-strict mode) type=D ext=.c
Asserting (non-strict mode) type=C ext=.c
Asserting (non-strict mode) type=B ext=.c
Asserting (non-strict mode) type=A ext=.ab
Asserting (non-strict mode) type=D ext=.ab
Asserting (non-strict mode) type=AnyObject ext=.ab
Asserting (non-strict mode) type=C ext=.ab
Asserting (non-strict mode) type=B ext=.ab
Asserting (non-strict mode) type=A ext=.bc
Asserting (non-strict mode) type=D ext=.bc
Asserting (non-strict mode) type=C ext=.bc
Asserting (non-strict mode) type=B ext=.bc
Asserting (non-strict mode) type=A ext=.a
Asserting (non-strict mode) type=D ext=.a
Asserting (non-strict mode) type=AnyObject ext=.a
Asserting (non-strict mode) type=C ext=.a
Asserting (non-strict mode) type=B ext=.a
Asserting (non-strict mode) type=A ext=.abc
Asserting (non-strict mode) type=D ext=.abc
Asserting (non-strict mode) type=AnyObject ext=.abc
Asserting (non-strict mode) type=C ext=.abc
Asserting (non-strict mode) type=B ext=.abc
Asserting (non-strict mode) type=A ext=&lt;multifile&gt;
Asserting (non-strict mode) type=D ext=&lt;multifile&gt;
Asserting (non-strict mode) type=AnyObject ext=&lt;multifile&gt;
Asserting (non-strict mode) type=C ext=&lt;multifile&gt;
Asserting (non-strict mode) type=B ext=&lt;multifile&gt;
Asserting (non-strict mode) type=A ext=.abcd
Asserting (non-strict mode) type=D ext=.abcd
Asserting (non-strict mode) type=AnyObject ext=.abcd
Asserting (non-strict mode) type=C ext=.abcd
Asserting (non-strict mode) type=B ext=.abcd
Asserting (non-strict mode) type=A ext=.b
Asserting (non-strict mode) type=B ext=.b
Asserting (non-strict mode) type=C ext=.b
Asserting (non-strict mode) type=A ext=.bcd
Asserting (non-strict mode) type=D ext=.bcd
Asserting (non-strict mode) type=AnyObject ext=.bcd
Asserting (non-strict mode) type=C ext=.bcd
Asserting (non-strict mode) type=B ext=.bcd
Asserting (non-strict mode) type=A ext=.d
Asserting (non-strict mode) type=D ext=.d
Asserting (non-strict mode) type=AnyObject ext=.d
Asserting (non-strict mode) type=C ext=.d
Asserting (non-strict mode) type=A ext=.ad
Asserting (non-strict mode) type=D ext=.ad
Asserting (non-strict mode) type=AnyObject ext=.ad
Asserting (non-strict mode) type=C ext=.ad
Asserting (non-strict mode) type=B ext=.ad
Asserting (non-strict mode) type=A ext=.ac
Asserting (non-strict mode) type=D ext=.ac
Asserting (non-strict mode) type=AnyObject ext=.ac
Asserting (non-strict mode) type=C ext=.ac
Asserting (non-strict mode) type=B ext=.ac
Asserting (non-strict mode) type=A ext=.acd
Asserting (non-strict mode) type=D ext=.acd
Asserting (non-strict mode) type=AnyObject ext=.acd
Asserting (non-strict mode) type=C ext=.acd
Asserting (non-strict mode) type=B ext=.acd
Asserting (non-strict mode) type=A ext=.bd
Asserting (non-strict mode) type=D ext=.bd
Asserting (non-strict mode) type=AnyObject ext=.bd
Asserting (non-strict mode) type=C ext=.bd
Asserting (non-strict mode) type=B ext=.bd
Asserting (non-strict mode) type=A ext=.abd
Asserting (non-strict mode) type=D ext=.abd
Asserting (non-strict mode) type=AnyObject ext=.abd
Asserting (non-strict mode) type=C ext=.abd
Asserting (non-strict mode) type=B ext=.abd
Asserting (non-strict mode) type=A ext=.cd
Asserting (non-strict mode) type=D ext=.cd
Asserting (non-strict mode) type=AnyObject ext=.cd
Asserting (non-strict mode) type=C ext=.cd
Asserting (non-strict mode) type=B ext=.cd
Asserting (non-strict mode) type=A ext=.c
Asserting (non-strict mode) type=D ext=.c
Asserting (non-strict mode) type=C ext=.c
Asserting (non-strict mode) type=B ext=.c
Asserting (non-strict mode) type=A ext=.ab
Asserting (non-strict mode) type=D ext=.ab
Asserting (non-strict mode) type=AnyObject ext=.ab
Asserting (non-strict mode) type=C ext=.ab
Asserting (non-strict mode) type=B ext=.ab
Asserting (non-strict mode) type=A ext=.bc
Asserting (non-strict mode) type=D ext=.bc
Asserting (non-strict mode) type=C ext=.bc
Asserting (non-strict mode) type=B ext=.bc
Asserting (non-strict mode) type=A ext=.a
Asserting (non-strict mode) type=D ext=.a
Asserting (non-strict mode) type=AnyObject ext=.a
Asserting (non-strict mode) type=C ext=.a
Asserting (non-strict mode) type=B ext=.a
Asserting (non-strict mode) type=A ext=.abc
Asserting (non-strict mode) type=D ext=.abc
Asserting (non-strict mode) type=AnyObject ext=.abc
Asserting (non-strict mode) type=C ext=.abc
Asserting (non-strict mode) type=B ext=.abc
Asserting (non-strict mode) type=A ext=&lt;multifile&gt;
Asserting (non-strict mode) type=D ext=&lt;multifile&gt;
Asserting (non-strict mode) type=AnyObject ext=&lt;multifile&gt;
Asserting (non-strict mode) type=C ext=&lt;multifile&gt;
Asserting (non-strict mode) type=B ext=&lt;multifile&gt;
Asserting (non-strict mode) type=A ext=.abcd
Asserting (non-strict mode) type=D ext=.abcd
Asserting (non-strict mode) type=AnyObject ext=.abcd
Asserting (non-strict mode) type=C ext=.abcd
Asserting (non-strict mode) type=B ext=.abcd
Asserting (non-strict mode) type=A ext=.b
Asserting (non-strict mode) type=B ext=.b
Asserting (non-strict mode) type=C ext=.b
Asserting (non-strict mode) type=A ext=.bcd
Asserting (non-strict mode) type=D ext=.bcd
Asserting (non-strict mode) type=AnyObject ext=.bcd
Asserting (non-strict mode) type=C ext=.bcd
Asserting (non-strict mode) type=B ext=.bcd
Asserting (non-strict mode) type=A ext=.d
Asserting (non-strict mode) type=D ext=.d
Asserting (non-strict mode) type=AnyObject ext=.d
Asserting (non-strict mode) type=C ext=.d
Asserting (non-strict mode) type=A ext=.ad
Asserting (non-strict mode) type=D ext=.ad
Asserting (non-strict mode) type=AnyObject ext=.ad
Asserting (non-strict mode) type=C ext=.ad
Asserting (non-strict mode) type=B ext=.ad
Asserting (non-strict mode) type=A ext=.ac
Asserting (non-strict mode) type=D ext=.ac
Asserting (non-strict mode) type=AnyObject ext=.ac
Asserting (non-strict mode) type=C ext=.ac
Asserting (non-strict mode) type=B ext=.ac
Asserting (non-strict mode) type=A ext=.acd
Asserting (non-strict mode) type=D ext=.acd
Asserting (non-strict mode) type=AnyObject ext=.acd
Asserting (non-strict mode) type=C ext=.acd
Asserting (non-strict mode) type=B ext=.acd
Asserting (non-strict mode) type=A ext=.bd
Asserting (non-strict mode) type=D ext=.bd
Asserting (non-strict mode) type=AnyObject ext=.bd
Asserting (non-strict mode) type=C ext=.bd
Asserting (non-strict mode) type=B ext=.bd
Asserting (non-strict mode) type=A ext=.abd
Asserting (non-strict mode) type=D ext=.abd
Asserting (non-strict mode) type=AnyObject ext=.abd
Asserting (non-strict mode) type=C ext=.abd
Asserting (non-strict mode) type=B ext=.abd
Asserting (non-strict mode) type=A ext=.cd
Asserting (non-strict mode) type=D ext=.cd
Asserting (non-strict mode) type=AnyObject ext=.cd
Asserting (non-strict mode) type=C ext=.cd
Asserting (non-strict mode) type=B ext=.cd
Asserting (non-strict mode) type=A ext=.c
Asserting (non-strict mode) type=D ext=.c
Asserting (non-strict mode) type=C ext=.c
Asserting (non-strict mode) type=B ext=.c
Asserting (non-strict mode) type=A ext=.ab
Asserting (non-strict mode) type=D ext=.ab
Asserting (non-strict mode) type=AnyObject ext=.ab
Asserting (non-strict mode) type=C ext=.ab
Asserting (non-strict mode) type=B ext=.ab
Asserting (non-strict mode) type=A ext=.bc
Asserting (non-strict mode) type=D ext=.bc
Asserting (non-strict mode) type=C ext=.bc
Asserting (non-strict mode) type=B ext=.bc
Asserting (non-strict mode) type=A ext=.a
Asserting (non-strict mode) type=D ext=.a
Asserting (non-strict mode) type=AnyObject ext=.a
Asserting (non-strict mode) type=C ext=.a
Asserting (non-strict mode) type=B ext=.a
Asserting (non-strict mode) type=A ext=.abc
Asserting (non-strict mode) type=D ext=.abc
Asserting (non-strict mode) type=AnyObject ext=.abc
Asserting (non-strict mode) type=C ext=.abc
Asserting (non-strict mode) type=B ext=.abc
Asserting (non-strict mode) type=A ext=&lt;multifile&gt;
Asserting (non-strict mode) type=D ext=&lt;multifile&gt;
Asserting (non-strict mode) type=AnyObject ext=&lt;multifile&gt;
Asserting (non-strict mode) type=C ext=&lt;multifile&gt;
Asserting (non-strict mode) type=B ext=&lt;multifile&gt;
Asserting (non-strict mode) type=A ext=.abcd
Asserting (non-strict mode) type=D ext=.abcd
Asserting (non-strict mode) type=AnyObject ext=.abcd
Asserting (non-strict mode) type=B ext=.abcd
Asserting (non-strict mode) type=C ext=.abcd
Asserting (non-strict mode) type=A ext=.b
Asserting (non-strict mode) type=B ext=.b
Asserting (non-strict mode) type=C ext=.b
Asserting (non-strict mode) type=A ext=.bcd
Asserting (non-strict mode) type=D ext=.bcd
Asserting (non-strict mode) type=AnyObject ext=.bcd
Asserting (non-strict mode) type=B ext=.bcd
Asserting (non-strict mode) type=C ext=.bcd
Asserting (non-strict mode) type=A ext=.d
Asserting (non-strict mode) type=D ext=.d
Asserting (non-strict mode) type=AnyObject ext=.d
Asserting (non-strict mode) type=C ext=.d
Asserting (non-strict mode) type=A ext=.ad
Asserting (non-strict mode) type=D ext=.ad
Asserting (non-strict mode) type=AnyObject ext=.ad
Asserting (non-strict mode) type=C ext=.ad
Asserting (non-strict mode) type=B ext=.ad
Asserting (non-strict mode) type=A ext=.ac
Asserting (non-strict mode) type=D ext=.ac
Asserting (non-strict mode) type=AnyObject ext=.ac
Asserting (non-strict mode) type=C ext=.ac
Asserting (non-strict mode) type=B ext=.ac
Asserting (non-strict mode) type=A ext=.acd
Asserting (non-strict mode) type=D ext=.acd
Asserting (non-strict mode) type=AnyObject ext=.acd
Asserting (non-strict mode) type=C ext=.acd
Asserting (non-strict mode) type=B ext=.acd
Asserting (non-strict mode) type=A ext=.bd
Asserting (non-strict mode) type=D ext=.bd
Asserting (non-strict mode) type=AnyObject ext=.bd
Asserting (non-strict mode) type=B ext=.bd
Asserting (non-strict mode) type=C ext=.bd
Asserting (non-strict mode) type=A ext=.abd
Asserting (non-strict mode) type=D ext=.abd
Asserting (non-strict mode) type=AnyObject ext=.abd
Asserting (non-strict mode) type=B ext=.abd
Asserting (non-strict mode) type=C ext=.abd
Asserting (non-strict mode) type=A ext=.cd
Asserting (non-strict mode) type=D ext=.cd
Asserting (non-strict mode) type=AnyObject ext=.cd
Asserting (non-strict mode) type=C ext=.cd
Asserting (non-strict mode) type=B ext=.cd
Asserting (non-strict mode) type=A ext=.c
Asserting (non-strict mode) type=D ext=.c
Asserting (non-strict mode) type=C ext=.c
Asserting (non-strict mode) type=B ext=.c
Asserting (non-strict mode) type=A ext=.ab
Asserting (non-strict mode) type=D ext=.ab
Asserting (non-strict mode) type=AnyObject ext=.ab
Asserting (non-strict mode) type=B ext=.ab
Asserting (non-strict mode) type=C ext=.ab
Asserting (non-strict mode) type=A ext=.bc
Asserting (non-strict mode) type=D ext=.bc
Asserting (non-strict mode) type=B ext=.bc
Asserting (non-strict mode) type=C ext=.bc
Asserting (non-strict mode) type=A ext=.a
Asserting (non-strict mode) type=D ext=.a
Asserting (non-strict mode) type=AnyObject ext=.a
Asserting (non-strict mode) type=C ext=.a
Asserting (non-strict mode) type=B ext=.a
Asserting (non-strict mode) type=A ext=.abc
Asserting (non-strict mode) type=D ext=.abc
Asserting (non-strict mode) type=AnyObject ext=.abc
Asserting (non-strict mode) type=B ext=.abc
Asserting (non-strict mode) type=C ext=.abc
Asserting (non-strict mode) type=A ext=&lt;multifile&gt;
Asserting (non-strict mode) type=D ext=&lt;multifile&gt;
Asserting (non-strict mode) type=AnyObject ext=&lt;multifile&gt;
Asserting (non-strict mode) type=C ext=&lt;multifile&gt;
Asserting (non-strict mode) type=B ext=&lt;multifile&gt;
Asserting (non-strict mode) type=A ext=.abcd
Asserting (non-strict mode) type=D ext=.abcd
Asserting (non-strict mode) type=AnyObject ext=.abcd
Asserting (non-strict mode) type=C ext=.abcd
Asserting (non-strict mode) type=B ext=.abcd
Asserting (non-strict mode) type=A ext=.b
Asserting (non-strict mode) type=B ext=.b
Asserting (non-strict mode) type=C ext=.b
Asserting (non-strict mode) type=A ext=.bcd
Asserting (non-strict mode) type=D ext=.bcd
Asserting (non-strict mode) type=AnyObject ext=.bcd
Asserting (non-strict mode) type=C ext=.bcd
Asserting (non-strict mode) type=B ext=.bcd
Asserting (non-strict mode) type=A ext=.d
Asserting (non-strict mode) type=D ext=.d
Asserting (non-strict mode) type=AnyObject ext=.d
Asserting (non-strict mode) type=C ext=.d
Asserting (non-strict mode) type=A ext=.ad
Asserting (non-strict mode) type=D ext=.ad
Asserting (non-strict mode) type=AnyObject ext=.ad
Asserting (non-strict mode) type=C ext=.ad
Asserting (non-strict mode) type=B ext=.ad
Asserting (non-strict mode) type=A ext=.ac
Asserting (non-strict mode) type=D ext=.ac
Asserting (non-strict mode) type=AnyObject ext=.ac
Asserting (non-strict mode) type=C ext=.ac
Asserting (non-strict mode) type=B ext=.ac
Asserting (non-strict mode) type=A ext=.acd
Asserting (non-strict mode) type=D ext=.acd
Asserting (non-strict mode) type=AnyObject ext=.acd
Asserting (non-strict mode) type=C ext=.acd
Asserting (non-strict mode) type=B ext=.acd
Asserting (non-strict mode) type=A ext=.bd
Asserting (non-strict mode) type=D ext=.bd
Asserting (non-strict mode) type=AnyObject ext=.bd
Asserting (non-strict mode) type=C ext=.bd
Asserting (non-strict mode) type=B ext=.bd
Asserting (non-strict mode) type=A ext=.abd
Asserting (non-strict mode) type=D ext=.abd
Asserting (non-strict mode) type=AnyObject ext=.abd
Asserting (non-strict mode) type=C ext=.abd
Asserting (non-strict mode) type=B ext=.abd
Asserting (non-strict mode) type=A ext=.cd
Asserting (non-strict mode) type=D ext=.cd
Asserting (non-strict mode) type=AnyObject ext=.cd
Asserting (non-strict mode) type=C ext=.cd
Asserting (non-strict mode) type=B ext=.cd
Asserting (non-strict mode) type=A ext=.c
Asserting (non-strict mode) type=D ext=.c
Asserting (non-strict mode) type=C ext=.c
Asserting (non-strict mode) type=B ext=.c
Asserting (non-strict mode) type=A ext=.ab
Asserting (non-strict mode) type=D ext=.ab
Asserting (non-strict mode) type=AnyObject ext=.ab
Asserting (non-strict mode) type=C ext=.ab
Asserting (non-strict mode) type=B ext=.ab
Asserting (non-strict mode) type=A ext=.bc
Asserting (non-strict mode) type=D ext=.bc
Asserting (non-strict mode) type=C ext=.bc
Asserting (non-strict mode) type=B ext=.bc
Asserting (non-strict mode) type=A ext=.a
Asserting (non-strict mode) type=D ext=.a
Asserting (non-strict mode) type=AnyObject ext=.a
Asserting (non-strict mode) type=C ext=.a
Asserting (non-strict mode) type=B ext=.a
Asserting (non-strict mode) type=A ext=.abc
Asserting (non-strict mode) type=D ext=.abc
Asserting (non-strict mode) type=AnyObject ext=.abc
Asserting (non-strict mode) type=C ext=.abc
Asserting (non-strict mode) type=B ext=.abc
Asserting (non-strict mode) type=A ext=&lt;multifile&gt;
Asserting (non-strict mode) type=D ext=&lt;multifile&gt;
Asserting (non-strict mode) type=AnyObject ext=&lt;multifile&gt;
Asserting (non-strict mode) type=C ext=&lt;multifile&gt;
Asserting (non-strict mode) type=B ext=&lt;multifile&gt;
Asserting (non-strict mode) type=B ext=.abcd
Asserting (non-strict mode) type=D ext=.abcd
Asserting (non-strict mode) type=AnyObject ext=.abcd
Asserting (non-strict mode) type=C ext=.abcd
Asserting (non-strict mode) type=A ext=.abcd
Asserting (non-strict mode) type=A ext=.b
Asserting (non-strict mode) type=B ext=.b
Asserting (non-strict mode) type=C ext=.b
Asserting (non-strict mode) type=B ext=.bcd
Asserting (non-strict mode) type=D ext=.bcd
Asserting (non-strict mode) type=AnyObject ext=.bcd
Asserting (non-strict mode) type=C ext=.bcd
Asserting (non-strict mode) type=A ext=.bcd
Asserting (non-strict mode) type=A ext=.d
Asserting (non-strict mode) type=D ext=.d
Asserting (non-strict mode) type=AnyObject ext=.d
Asserting (non-strict mode) type=C ext=.d
Asserting (non-strict mode) type=A ext=.ad
Asserting (non-strict mode) type=D ext=.ad
Asserting (non-strict mode) type=AnyObject ext=.ad
Asserting (non-strict mode) type=C ext=.ad
Asserting (non-strict mode) type=B ext=.ad
Asserting (non-strict mode) type=A ext=.ac
Asserting (non-strict mode) type=D ext=.ac
Asserting (non-strict mode) type=AnyObject ext=.ac
Asserting (non-strict mode) type=C ext=.ac
Asserting (non-strict mode) type=B ext=.ac
Asserting (non-strict mode) type=A ext=.acd
Asserting (non-strict mode) type=D ext=.acd
Asserting (non-strict mode) type=AnyObject ext=.acd
Asserting (non-strict mode) type=C ext=.acd
Asserting (non-strict mode) type=B ext=.acd
Asserting (non-strict mode) type=A ext=.bd
Asserting (non-strict mode) type=D ext=.bd
Asserting (non-strict mode) type=AnyObject ext=.bd
Asserting (non-strict mode) type=B ext=.bd
Asserting (non-strict mode) type=C ext=.bd
Asserting (non-strict mode) type=A ext=.abd
Asserting (non-strict mode) type=D ext=.abd
Asserting (non-strict mode) type=AnyObject ext=.abd
Asserting (non-strict mode) type=B ext=.abd
Asserting (non-strict mode) type=C ext=.abd
Asserting (non-strict mode) type=A ext=.cd
Asserting (non-strict mode) type=D ext=.cd
Asserting (non-strict mode) type=AnyObject ext=.cd
Asserting (non-strict mode) type=C ext=.cd
Asserting (non-strict mode) type=B ext=.cd
Asserting (non-strict mode) type=A ext=.c
Asserting (non-strict mode) type=D ext=.c
Asserting (non-strict mode) type=C ext=.c
Asserting (non-strict mode) type=B ext=.c
Asserting (non-strict mode) type=A ext=.ab
Asserting (non-strict mode) type=D ext=.ab
Asserting (non-strict mode) type=AnyObject ext=.ab
Asserting (non-strict mode) type=B ext=.ab
Asserting (non-strict mode) type=C ext=.ab
Asserting (non-strict mode) type=B ext=.bc
Asserting (non-strict mode) type=D ext=.bc
Asserting (non-strict mode) type=A ext=.bc
Asserting (non-strict mode) type=C ext=.bc
Asserting (non-strict mode) type=A ext=.a
Asserting (non-strict mode) type=D ext=.a
Asserting (non-strict mode) type=AnyObject ext=.a
Asserting (non-strict mode) type=C ext=.a
Asserting (non-strict mode) type=B ext=.a
Asserting (non-strict mode) type=B ext=.abc
Asserting (non-strict mode) type=D ext=.abc
Asserting (non-strict mode) type=AnyObject ext=.abc
Asserting (non-strict mode) type=C ext=.abc
Asserting (non-strict mode) type=A ext=.abc
Asserting (non-strict mode) type=A ext=&lt;multifile&gt;
Asserting (non-strict mode) type=D ext=&lt;multifile&gt;
Asserting (non-strict mode) type=AnyObject ext=&lt;multifile&gt;
Asserting (non-strict mode) type=B ext=&lt;multifile&gt;
Asserting (non-strict mode) type=C ext=&lt;multifile&gt;
Asserting (non-strict mode) type=A ext=.abcd
Asserting (non-strict mode) type=D ext=.abcd
Asserting (non-strict mode) type=AnyObject ext=.abcd
Asserting (non-strict mode) type=B ext=.abcd
Asserting (non-strict mode) type=C ext=.abcd
Asserting (non-strict mode) type=A ext=.b
Asserting (non-strict mode) type=B ext=.b
Asserting (non-strict mode) type=C ext=.b
Asserting (non-strict mode) type=A ext=.bcd
Asserting (non-strict mode) type=D ext=.bcd
Asserting (non-strict mode) type=AnyObject ext=.bcd
Asserting (non-strict mode) type=B ext=.bcd
Asserting (non-strict mode) type=C ext=.bcd
Asserting (non-strict mode) type=A ext=.d
Asserting (non-strict mode) type=D ext=.d
Asserting (non-strict mode) type=AnyObject ext=.d
Asserting (non-strict mode) type=C ext=.d
Asserting (non-strict mode) type=A ext=.ad
Asserting (non-strict mode) type=D ext=.ad
Asserting (non-strict mode) type=AnyObject ext=.ad
Asserting (non-strict mode) type=C ext=.ad
Asserting (non-strict mode) type=B ext=.ad
Asserting (non-strict mode) type=A ext=.ac
Asserting (non-strict mode) type=D ext=.ac
Asserting (non-strict mode) type=AnyObject ext=.ac
Asserting (non-strict mode) type=C ext=.ac
Asserting (non-strict mode) type=B ext=.ac
Asserting (non-strict mode) type=A ext=.acd
Asserting (non-strict mode) type=D ext=.acd
Asserting (non-strict mode) type=AnyObject ext=.acd
Asserting (non-strict mode) type=C ext=.acd
Asserting (non-strict mode) type=B ext=.acd
Asserting (non-strict mode) type=A ext=.bd
Asserting (non-strict mode) type=D ext=.bd
Asserting (non-strict mode) type=AnyObject ext=.bd
Asserting (non-strict mode) type=B ext=.bd
Asserting (non-strict mode) type=C ext=.bd
Asserting (non-strict mode) type=A ext=.abd
Asserting (non-strict mode) type=D ext=.abd
Asserting (non-strict mode) type=AnyObject ext=.abd
Asserting (non-strict mode) type=B ext=.abd
Asserting (non-strict mode) type=C ext=.abd
Asserting (non-strict mode) type=A ext=.cd
Asserting (non-strict mode) type=D ext=.cd
Asserting (non-strict mode) type=AnyObject ext=.cd
Asserting (non-strict mode) type=C ext=.cd
Asserting (non-strict mode) type=B ext=.cd
Asserting (non-strict mode) type=A ext=.c
Asserting (non-strict mode) type=D ext=.c
Asserting (non-strict mode) type=C ext=.c
Asserting (non-strict mode) type=B ext=.c
Asserting (non-strict mode) type=A ext=.ab
Asserting (non-strict mode) type=D ext=.ab
Asserting (non-strict mode) type=AnyObject ext=.ab
Asserting (non-strict mode) type=B ext=.ab
Asserting (non-strict mode) type=C ext=.ab
Asserting (non-strict mode) type=A ext=.bc
Asserting (non-strict mode) type=D ext=.bc
Asserting (non-strict mode) type=B ext=.bc
Asserting (non-strict mode) type=C ext=.bc
Asserting (non-strict mode) type=A ext=.a
Asserting (non-strict mode) type=D ext=.a
Asserting (non-strict mode) type=AnyObject ext=.a
Asserting (non-strict mode) type=C ext=.a
Asserting (non-strict mode) type=B ext=.a
Asserting (non-strict mode) type=A ext=.abc
Asserting (non-strict mode) type=D ext=.abc
Asserting (non-strict mode) type=AnyObject ext=.abc
Asserting (non-strict mode) type=B ext=.abc
Asserting (non-strict mode) type=C ext=.abc
Asserting (non-strict mode) type=A ext=&lt;multifile&gt;
Asserting (non-strict mode) type=D ext=&lt;multifile&gt;
Asserting (non-strict mode) type=AnyObject ext=&lt;multifile&gt;
Asserting (non-strict mode) type=C ext=&lt;multifile&gt;
Asserting (non-strict mode) type=B ext=&lt;multifile&gt;
Asserting (non-strict mode) type=A ext=.abcd
Asserting (non-strict mode) type=D ext=.abcd
Asserting (non-strict mode) type=AnyObject ext=.abcd
Asserting (non-strict mode) type=C ext=.abcd
Asserting (non-strict mode) type=B ext=.abcd
Asserting (non-strict mode) type=A ext=.b
Asserting (non-strict mode) type=B ext=.b
Asserting (non-strict mode) type=C ext=.b
Asserting (non-strict mode) type=A ext=.bcd
Asserting (non-strict mode) type=D ext=.bcd
Asserting (non-strict mode) type=AnyObject ext=.bcd
Asserting (non-strict mode) type=C ext=.bcd
Asserting (non-strict mode) type=B ext=.bcd
Asserting (non-strict mode) type=A ext=.d
Asserting (non-strict mode) type=D ext=.d
Asserting (non-strict mode) type=AnyObject ext=.d
Asserting (non-strict mode) type=C ext=.d
Asserting (non-strict mode) type=A ext=.ad
Asserting (non-strict mode) type=D ext=.ad
Asserting (non-strict mode) type=AnyObject ext=.ad
Asserting (non-strict mode) type=C ext=.ad
Asserting (non-strict mode) type=B ext=.ad
Asserting (non-strict mode) type=A ext=.ac
Asserting (non-strict mode) type=D ext=.ac
Asserting (non-strict mode) type=AnyObject ext=.ac
Asserting (non-strict mode) type=C ext=.ac
Asserting (non-strict mode) type=B ext=.ac
Asserting (non-strict mode) type=A ext=.acd
Asserting (non-strict mode) type=D ext=.acd
Asserting (non-strict mode) type=AnyObject ext=.acd
Asserting (non-strict mode) type=C ext=.acd
Asserting (non-strict mode) type=B ext=.acd
Asserting (non-strict mode) type=A ext=.bd
Asserting (non-strict mode) type=D ext=.bd
Asserting (non-strict mode) type=AnyObject ext=.bd
Asserting (non-strict mode) type=C ext=.bd
Asserting (non-strict mode) type=B ext=.bd
Asserting (non-strict mode) type=A ext=.abd
Asserting (non-strict mode) type=D ext=.abd
Asserting (non-strict mode) type=AnyObject ext=.abd
Asserting (non-strict mode) type=C ext=.abd
Asserting (non-strict mode) type=B ext=.abd
Asserting (non-strict mode) type=A ext=.cd
Asserting (non-strict mode) type=D ext=.cd
Asserting (non-strict mode) type=AnyObject ext=.cd
Asserting (non-strict mode) type=C ext=.cd
Asserting (non-strict mode) type=B ext=.cd
Asserting (non-strict mode) type=A ext=.c
Asserting (non-strict mode) type=D ext=.c
Asserting (non-strict mode) type=C ext=.c
Asserting (non-strict mode) type=B ext=.c
Asserting (non-strict mode) type=A ext=.ab
Asserting (non-strict mode) type=D ext=.ab
Asserting (non-strict mode) type=AnyObject ext=.ab
Asserting (non-strict mode) type=C ext=.ab
Asserting (non-strict mode) type=B ext=.ab
Asserting (non-strict mode) type=A ext=.bc
Asserting (non-strict mode) type=D ext=.bc
Asserting (non-strict mode) type=C ext=.bc
Asserting (non-strict mode) type=B ext=.bc
Asserting (non-strict mode) type=A ext=.a
Asserting (non-strict mode) type=D ext=.a
Asserting (non-strict mode) type=AnyObject ext=.a
Asserting (non-strict mode) type=C ext=.a
Asserting (non-strict mode) type=B ext=.a
Asserting (non-strict mode) type=A ext=.abc
Asserting (non-strict mode) type=D ext=.abc
Asserting (non-strict mode) type=AnyObject ext=.abc
Asserting (non-strict mode) type=C ext=.abc
Asserting (non-strict mode) type=B ext=.abc
</system-out></testcase><testcase classname="parsyfiles.tests.combining_parsers_converters.test_registries.TestParserRegistry" file="parsyfiles/tests/combining_parsers_converters/test_registries.py" line="356" name="test_d_correct_parsers_in_order_strict" time="0.3282036781311035"><system-out>.
.d
.c
.cd
.b
.bd
.bc
.bcd
.a
.ad
.ac
.acd
.ab
.abd
.abc
.abcd
Checking list of parsers returned for (strict mode) type=A ext=&lt;multifile&gt;
First generic
Then specific strict
Checking list of parsers returned for (strict mode) type=A ext=.abcd
First generic
Then specific strict
Checking list of parsers returned for (strict mode) type=A ext=.bcd
First generic
Then specific strict
Checking list of parsers returned for (strict mode) type=A ext=.d
First generic
Then specific strict
Checking list of parsers returned for (strict mode) type=A ext=.ad
First generic
Then specific strict
Checking list of parsers returned for (strict mode) type=A ext=.ac
First generic
Then specific strict
Checking list of parsers returned for (strict mode) type=A ext=.bd
First generic
Then specific strict
Checking list of parsers returned for (strict mode) type=A ext=.b
First generic
Then specific strict
Checking list of parsers returned for (strict mode) type=A ext=.abd
First generic
Then specific strict
Checking list of parsers returned for (strict mode) type=A ext=.cd
First generic
Then specific strict
Checking list of parsers returned for (strict mode) type=A ext=.c
First generic
Then specific strict
Checking list of parsers returned for (strict mode) type=A ext=.ab
First generic
Then specific strict
Checking list of parsers returned for (strict mode) type=A ext=.bc
First generic
Then specific strict
Checking list of parsers returned for (strict mode) type=A ext=.acd
First generic
Then specific strict
Checking list of parsers returned for (strict mode) type=A ext=.a
First generic
Then specific strict
Checking list of parsers returned for (strict mode) type=A ext=.abc
First generic
Then specific strict
Checking list of parsers returned for (strict mode) type=B ext=&lt;multifile&gt;
First generic
Then specific strict
Checking list of parsers returned for (strict mode) type=B ext=.abcd
First generic
Then specific strict
Checking list of parsers returned for (strict mode) type=B ext=.bcd
First generic
Then specific strict
Checking list of parsers returned for (strict mode) type=B ext=.d
First generic
Then specific strict
Checking list of parsers returned for (strict mode) type=B ext=.ad
First generic
Then specific strict
Checking list of parsers returned for (strict mode) type=B ext=.ac
First generic
Then specific strict
Checking list of parsers returned for (strict mode) type=B ext=.bd
First generic
Then specific strict
Checking list of parsers returned for (strict mode) type=B ext=.b
First generic
Then specific strict
Checking list of parsers returned for (strict mode) type=B ext=.abd
First generic
Then specific strict
Checking list of parsers returned for (strict mode) type=B ext=.cd
First generic
Then specific strict
Checking list of parsers returned for (strict mode) type=B ext=.c
First generic
Then specific strict
Checking list of parsers returned for (strict mode) type=B ext=.ab
First generic
Then specific strict
Checking list of parsers returned for (strict mode) type=B ext=.bc
First generic
Then specific strict
Checking list of parsers returned for (strict mode) type=B ext=.acd
First generic
Then specific strict
Checking list of parsers returned for (strict mode) type=B ext=.a
First generic
Then specific strict
Checking list of parsers returned for (strict mode) type=B ext=.abc
First generic
Then specific strict
Checking list of parsers returned for (strict mode) type=C ext=&lt;multifile&gt;
First generic
Then specific strict
Checking list of parsers returned for (strict mode) type=C ext=.abcd
First generic
Then specific strict
Checking list of parsers returned for (strict mode) type=C ext=.bcd
First generic
Then specific strict
Checking list of parsers returned for (strict mode) type=C ext=.d
First generic
Then specific strict
Checking list of parsers returned for (strict mode) type=C ext=.ad
First generic
Then specific strict
Checking list of parsers returned for (strict mode) type=C ext=.ac
First generic
Then specific strict
Checking list of parsers returned for (strict mode) type=C ext=.bd
First generic
Then specific strict
Checking list of parsers returned for (strict mode) type=C ext=.b
First generic
Then specific strict
Checking list of parsers returned for (strict mode) type=C ext=.abd
First generic
Then specific strict
Checking list of parsers returned for (strict mode) type=C ext=.cd
First generic
Then specific strict
Checking list of parsers returned for (strict mode) type=C ext=.c
First generic
Then specific strict
Checking list of parsers returned for (strict mode) type=C ext=.ab
First generic
Then specific strict
Checking list of parsers returned for (strict mode) type=C ext=.bc
First generic
Then specific strict
Checking list of parsers returned for (strict mode) type=C ext=.acd
First generic
Then specific strict
Checking list of parsers returned for (strict mode) type=C ext=.a
First generic
Then specific strict
Checking list of parsers returned for (strict mode) type=C ext=.abc
First generic
Then specific strict
Checking list of parsers returned for (strict mode) type=D ext=&lt;multifile&gt;
First generic
Then specific strict
Checking list of parsers returned for (strict mode) type=D ext=.abcd
First generic
Then specific strict
Checking list of parsers returned for (strict mode) type=D ext=.bcd
First generic
Then specific strict
Checking list of parsers returned for (strict mode) type=D ext=.d
First generic
Then specific strict
Checking list of parsers returned for (strict mode) type=D ext=.ad
First generic
Then specific strict
Checking list of parsers returned for (strict mode) type=D ext=.ac
First generic
Then specific strict
Checking list of parsers returned for (strict mode) type=D ext=.bd
First generic
Then specific strict
Checking list of parsers returned for (strict mode) type=D ext=.b
First generic
Then specific strict
Checking list of parsers returned for (strict mode) type=D ext=.abd
First generic
Then specific strict
Checking list of parsers returned for (strict mode) type=D ext=.cd
First generic
Then specific strict
Checking list of parsers returned for (strict mode) type=D ext=.c
First generic
Then specific strict
Checking list of parsers returned for (strict mode) type=D ext=.ab
First generic
Then specific strict
Checking list of parsers returned for (strict mode) type=D ext=.bc
First generic
Then specific strict
Checking list of parsers returned for (strict mode) type=D ext=.acd
First generic
Then specific strict
Checking list of parsers returned for (strict mode) type=D ext=.a
First generic
Then specific strict
Checking list of parsers returned for (strict mode) type=D ext=.abc
First generic
Then specific strict
Checking list of parsers returned for (strict mode) type=A ext=&lt;multifile&gt;
First generic
Then specific strict
Checking list of parsers returned for (strict mode) type=A ext=.abcd
First generic
Then specific strict
Checking list of parsers returned for (strict mode) type=A ext=.bcd
First generic
Then specific strict
Checking list of parsers returned for (strict mode) type=A ext=.d
First generic
Then specific strict
Checking list of parsers returned for (strict mode) type=A ext=.ad
First generic
Then specific strict
Checking list of parsers returned for (strict mode) type=A ext=.ac
First generic
Then specific strict
Checking list of parsers returned for (strict mode) type=A ext=.bd
First generic
Then specific strict
Checking list of parsers returned for (strict mode) type=A ext=.b
First generic
Then specific strict
Checking list of parsers returned for (strict mode) type=A ext=.abd
First generic
Then specific strict
Checking list of parsers returned for (strict mode) type=A ext=.cd
First generic
Then specific strict
Checking list of parsers returned for (strict mode) type=A ext=.c
First generic
Then specific strict
Checking list of parsers returned for (strict mode) type=A ext=.ab
First generic
Then specific strict
Checking list of parsers returned for (strict mode) type=A ext=.bc
First generic
Then specific strict
Checking list of parsers returned for (strict mode) type=A ext=.acd
First generic
Then specific strict
Checking list of parsers returned for (strict mode) type=A ext=.a
First generic
Then specific strict
Checking list of parsers returned for (strict mode) type=A ext=.abc
First generic
Then specific strict
Checking list of parsers returned for (strict mode) type=B ext=&lt;multifile&gt;
First generic
Then specific strict
Checking list of parsers returned for (strict mode) type=B ext=.abcd
First generic
Then specific strict
Checking list of parsers returned for (strict mode) type=B ext=.bcd
First generic
Then specific strict
Checking list of parsers returned for (strict mode) type=B ext=.d
First generic
Then specific strict
Checking list of parsers returned for (strict mode) type=B ext=.ad
First generic
Then specific strict
Checking list of parsers returned for (strict mode) type=B ext=.ac
First generic
Then specific strict
Checking list of parsers returned for (strict mode) type=B ext=.bd
First generic
Then specific strict
Checking list of parsers returned for (strict mode) type=B ext=.b
First generic
Then specific strict
Checking list of parsers returned for (strict mode) type=B ext=.abd
First generic
Then specific strict
Checking list of parsers returned for (strict mode) type=B ext=.cd
First generic
Then specific strict
Checking list of parsers returned for (strict mode) type=B ext=.c
First generic
Then specific strict
Checking list of parsers returned for (strict mode) type=B ext=.ab
First generic
Then specific strict
Checking list of parsers returned for (strict mode) type=B ext=.bc
First generic
Then specific strict
Checking list of parsers returned for (strict mode) type=B ext=.acd
First generic
Then specific strict
Checking list of parsers returned for (strict mode) type=B ext=.a
First generic
Then specific strict
Checking list of parsers returned for (strict mode) type=B ext=.abc
First generic
Then specific strict
Checking list of parsers returned for (strict mode) type=C ext=&lt;multifile&gt;
First generic
Then specific strict
Checking list of parsers returned for (strict mode) type=C ext=.abcd
First generic
Then specific strict
Checking list of parsers returned for (strict mode) type=C ext=.bcd
First generic
Then specific strict
Checking list of parsers returned for (strict mode) type=C ext=.d
First generic
Then specific strict
Checking list of parsers returned for (strict mode) type=C ext=.ad
First generic
Then specific strict
Checking list of parsers returned for (strict mode) type=C ext=.ac
First generic
Then specific strict
Checking list of parsers returned for (strict mode) type=C ext=.bd
First generic
Then specific strict
Checking list of parsers returned for (strict mode) type=C ext=.b
First generic
Then specific strict
Checking list of parsers returned for (strict mode) type=C ext=.abd
First generic
Then specific strict
Checking list of parsers returned for (strict mode) type=C ext=.cd
First generic
Then specific strict
Checking list of parsers returned for (strict mode) type=C ext=.c
First generic
Then specific strict
Checking list of parsers returned for (strict mode) type=C ext=.ab
First generic
Then specific strict
Checking list of parsers returned for (strict mode) type=C ext=.bc
First generic
Then specific strict
Checking list of parsers returned for (strict mode) type=C ext=.acd
First generic
Then specific strict
Checking list of parsers returned for (strict mode) type=C ext=.a
First generic
Then specific strict
Checking list of parsers returned for (strict mode) type=C ext=.abc
First generic
Then specific strict
Checking list of parsers returned for (strict mode) type=D ext=&lt;multifile&gt;
First generic
Then specific strict
Checking list of parsers returned for (strict mode) type=D ext=.abcd
First generic
Then specific strict
Checking list of parsers returned for (strict mode) type=D ext=.bcd
First generic
Then specific strict
Checking list of parsers returned for (strict mode) type=D ext=.d
First generic
Then specific strict
Checking list of parsers returned for (strict mode) type=D ext=.ad
First generic
Then specific strict
Checking list of parsers returned for (strict mode) type=D ext=.ac
First generic
Then specific strict
Checking list of parsers returned for (strict mode) type=D ext=.bd
First generic
Then specific strict
Checking list of parsers returned for (strict mode) type=D ext=.b
First generic
Then specific strict
Checking list of parsers returned for (strict mode) type=D ext=.abd
First generic
Then specific strict
Checking list of parsers returned for (strict mode) type=D ext=.cd
First generic
Then specific strict
Checking list of parsers returned for (strict mode) type=D ext=.c
First generic
Then specific strict
Checking list of parsers returned for (strict mode) type=D ext=.ab
First generic
Then specific strict
Checking list of parsers returned for (strict mode) type=D ext=.bc
First generic
Then specific strict
Checking list of parsers returned for (strict mode) type=D ext=.acd
First generic
Then specific strict
Checking list of parsers returned for (strict mode) type=D ext=.a
First generic
Then specific strict
Checking list of parsers returned for (strict mode) type=D ext=.abc
First generic
Then specific strict
Checking list of parsers returned for (strict mode) type=A ext=&lt;multifile&gt;
First generic
Then specific strict
Checking list of parsers returned for (strict mode) type=A ext=.abcd
First generic
Then specific strict
Checking list of parsers returned for (strict mode) type=A ext=.bcd
First generic
Then specific strict
Checking list of parsers returned for (strict mode) type=A ext=.d
First generic
Then specific strict
Checking list of parsers returned for (strict mode) type=A ext=.ad
First generic
Then specific strict
Checking list of parsers returned for (strict mode) type=A ext=.ac
First generic
Then specific strict
Checking list of parsers returned for (strict mode) type=A ext=.bd
First generic
Then specific strict
Checking list of parsers returned for (strict mode) type=A ext=.b
First generic
Then specific strict
Checking list of parsers returned for (strict mode) type=A ext=.abd
First generic
Then specific strict
Checking list of parsers returned for (strict mode) type=A ext=.cd
First generic
Then specific strict
Checking list of parsers returned for (strict mode) type=A ext=.c
First generic
Then specific strict
Checking list of parsers returned for (strict mode) type=A ext=.ab
First generic
Then specific strict
Checking list of parsers returned for (strict mode) type=A ext=.bc
First generic
Then specific strict
Checking list of parsers returned for (strict mode) type=A ext=.acd
First generic
Then specific strict
Checking list of parsers returned for (strict mode) type=A ext=.a
First generic
Then specific strict
Checking list of parsers returned for (strict mode) type=A ext=.abc
First generic
Then specific strict
Checking list of parsers returned for (strict mode) type=B ext=&lt;multifile&gt;
First generic
Then specific strict
Checking list of parsers returned for (strict mode) type=B ext=.abcd
First generic
Then specific strict
Checking list of parsers returned for (strict mode) type=B ext=.bcd
First generic
Then specific strict
Checking list of parsers returned for (strict mode) type=B ext=.d
First generic
Then specific strict
Checking list of parsers returned for (strict mode) type=B ext=.ad
First generic
Then specific strict
Checking list of parsers returned for (strict mode) type=B ext=.ac
First generic
Then specific strict
Checking list of parsers returned for (strict mode) type=B ext=.bd
First generic
Then specific strict
Checking list of parsers returned for (strict mode) type=B ext=.b
First generic
Then specific strict
Checking list of parsers returned for (strict mode) type=B ext=.abd
First generic
Then specific strict
Checking list of parsers returned for (strict mode) type=B ext=.cd
First generic
Then specific strict
Checking list of parsers returned for (strict mode) type=B ext=.c
First generic
Then specific strict
Checking list of parsers returned for (strict mode) type=B ext=.ab
First generic
Then specific strict
Checking list of parsers returned for (strict mode) type=B ext=.bc
First generic
Then specific strict
Checking list of parsers returned for (strict mode) type=B ext=.acd
First generic
Then specific strict
Checking list of parsers returned for (strict mode) type=B ext=.a
First generic
Then specific strict
Checking list of parsers returned for (strict mode) type=B ext=.abc
First generic
Then specific strict
Checking list of parsers returned for (strict mode) type=C ext=&lt;multifile&gt;
First generic
Then specific strict
Checking list of parsers returned for (strict mode) type=C ext=.abcd
First generic
Then specific strict
Checking list of parsers returned for (strict mode) type=C ext=.bcd
First generic
Then specific strict
Checking list of parsers returned for (strict mode) type=C ext=.d
First generic
Then specific strict
Checking list of parsers returned for (strict mode) type=C ext=.ad
First generic
Then specific strict
Checking list of parsers returned for (strict mode) type=C ext=.ac
First generic
Then specific strict
Checking list of parsers returned for (strict mode) type=C ext=.bd
First generic
Then specific strict
Checking list of parsers returned for (strict mode) type=C ext=.b
First generic
Then specific strict
Checking list of parsers returned for (strict mode) type=C ext=.abd
First generic
Then specific strict
Checking list of parsers returned for (strict mode) type=C ext=.cd
First generic
Then specific strict
Checking list of parsers returned for (strict mode) type=C ext=.c
First generic
Then specific strict
Checking list of parsers returned for (strict mode) type=C ext=.ab
First generic
Then specific strict
Checking list of parsers returned for (strict mode) type=C ext=.bc
First generic
Then specific strict
Checking list of parsers returned for (strict mode) type=C ext=.acd
First generic
Then specific strict
Checking list of parsers returned for (strict mode) type=C ext=.a
First generic
Then specific strict
Checking list of parsers returned for (strict mode) type=C ext=.abc
First generic
Then specific strict
Checking list of parsers returned for (strict mode) type=D ext=&lt;multifile&gt;
First generic
Then specific strict
Checking list of parsers returned for (strict mode) type=D ext=.abcd
First generic
Then specific strict
Checking list of parsers returned for (strict mode) type=D ext=.bcd
First generic
Then specific strict
Checking list of parsers returned for (strict mode) type=D ext=.d
First generic
Then specific strict
Checking list of parsers returned for (strict mode) type=D ext=.ad
First generic
Then specific strict
Checking list of parsers returned for (strict mode) type=D ext=.ac
First generic
Then specific strict
Checking list of parsers returned for (strict mode) type=D ext=.bd
First generic
Then specific strict
Checking list of parsers returned for (strict mode) type=D ext=.b
First generic
Then specific strict
Checking list of parsers returned for (strict mode) type=D ext=.abd
First generic
Then specific strict
Checking list of parsers returned for (strict mode) type=D ext=.cd
First generic
Then specific strict
Checking list of parsers returned for (strict mode) type=D ext=.c
First generic
Then specific strict
Checking list of parsers returned for (strict mode) type=D ext=.ab
First generic
Then specific strict
Checking list of parsers returned for (strict mode) type=D ext=.bc
First generic
Then specific strict
Checking list of parsers returned for (strict mode) type=D ext=.acd
First generic
Then specific strict
Checking list of parsers returned for (strict mode) type=D ext=.a
First generic
Then specific strict
Checking list of parsers returned for (strict mode) type=D ext=.abc
First generic
Then specific strict
Checking list of parsers returned for (strict mode) type=A ext=&lt;multifile&gt;
First generic
Then specific strict
Checking list of parsers returned for (strict mode) type=A ext=.abcd
First generic
Then specific strict
Checking list of parsers returned for (strict mode) type=A ext=.bcd
First generic
Then specific strict
Checking list of parsers returned for (strict mode) type=A ext=.d
First generic
Then specific strict
Checking list of parsers returned for (strict mode) type=A ext=.ad
First generic
Then specific strict
Checking list of parsers returned for (strict mode) type=A ext=.ac
First generic
Then specific strict
Checking list of parsers returned for (strict mode) type=A ext=.bd
First generic
Then specific strict
Checking list of parsers returned for (strict mode) type=A ext=.b
First generic
Then specific strict
Checking list of parsers returned for (strict mode) type=A ext=.abd
First generic
Then specific strict
Checking list of parsers returned for (strict mode) type=A ext=.cd
First generic
Then specific strict
Checking list of parsers returned for (strict mode) type=A ext=.c
First generic
Then specific strict
Checking list of parsers returned for (strict mode) type=A ext=.ab
First generic
Then specific strict
Checking list of parsers returned for (strict mode) type=A ext=.bc
First generic
Then specific strict
Checking list of parsers returned for (strict mode) type=A ext=.acd
First generic
Then specific strict
Checking list of parsers returned for (strict mode) type=A ext=.a
First generic
Then specific strict
Checking list of parsers returned for (strict mode) type=A ext=.abc
First generic
Then specific strict
Checking list of parsers returned for (strict mode) type=B ext=&lt;multifile&gt;
First generic
Then specific strict
Checking list of parsers returned for (strict mode) type=B ext=.abcd
First generic
Then specific strict
Checking list of parsers returned for (strict mode) type=B ext=.bcd
First generic
Then specific strict
Checking list of parsers returned for (strict mode) type=B ext=.d
First generic
Then specific strict
Checking list of parsers returned for (strict mode) type=B ext=.ad
First generic
Then specific strict
Checking list of parsers returned for (strict mode) type=B ext=.ac
First generic
Then specific strict
Checking list of parsers returned for (strict mode) type=B ext=.bd
First generic
Then specific strict
Checking list of parsers returned for (strict mode) type=B ext=.b
First generic
Then specific strict
Checking list of parsers returned for (strict mode) type=B ext=.abd
First generic
Then specific strict
Checking list of parsers returned for (strict mode) type=B ext=.cd
First generic
Then specific strict
Checking list of parsers returned for (strict mode) type=B ext=.c
First generic
Then specific strict
Checking list of parsers returned for (strict mode) type=B ext=.ab
First generic
Then specific strict
Checking list of parsers returned for (strict mode) type=B ext=.bc
First generic
Then specific strict
Checking list of parsers returned for (strict mode) type=B ext=.acd
First generic
Then specific strict
Checking list of parsers returned for (strict mode) type=B ext=.a
First generic
Then specific strict
Checking list of parsers returned for (strict mode) type=B ext=.abc
First generic
Then specific strict
Checking list of parsers returned for (strict mode) type=C ext=&lt;multifile&gt;
First generic
Then specific strict
Checking list of parsers returned for (strict mode) type=C ext=.abcd
First generic
Then specific strict
Checking list of parsers returned for (strict mode) type=C ext=.bcd
First generic
Then specific strict
Checking list of parsers returned for (strict mode) type=C ext=.d
First generic
Then specific strict
Checking list of parsers returned for (strict mode) type=C ext=.ad
First generic
Then specific strict
Checking list of parsers returned for (strict mode) type=C ext=.ac
First generic
Then specific strict
Checking list of parsers returned for (strict mode) type=C ext=.bd
First generic
Then specific strict
Checking list of parsers returned for (strict mode) type=C ext=.b
First generic
Then specific strict
Checking list of parsers returned for (strict mode) type=C ext=.abd
First generic
Then specific strict
Checking list of parsers returned for (strict mode) type=C ext=.cd
First generic
Then specific strict
Checking list of parsers returned for (strict mode) type=C ext=.c
First generic
Then specific strict
Checking list of parsers returned for (strict mode) type=C ext=.ab
First generic
Then specific strict
Checking list of parsers returned for (strict mode) type=C ext=.bc
First generic
Then specific strict
Checking list of parsers returned for (strict mode) type=C ext=.acd
First generic
Then specific strict
Checking list of parsers returned for (strict mode) type=C ext=.a
First generic
Then specific strict
Checking list of parsers returned for (strict mode) type=C ext=.abc
First generic
Then specific strict
Checking list of parsers returned for (strict mode) type=D ext=&lt;multifile&gt;
First generic
Then specific strict
Checking list of parsers returned for (strict mode) type=D ext=.abcd
First generic
Then specific strict
Checking list of parsers returned for (strict mode) type=D ext=.bcd
First generic
Then specific strict
Checking list of parsers returned for (strict mode) type=D ext=.d
First generic
Then specific strict
Checking list of parsers returned for (strict mode) type=D ext=.ad
First generic
Then specific strict
Checking list of parsers returned for (strict mode) type=D ext=.ac
First generic
Then specific strict
Checking list of parsers returned for (strict mode) type=D ext=.bd
First generic
Then specific strict
Checking list of parsers returned for (strict mode) type=D ext=.b
First generic
Then specific strict
Checking list of parsers returned for (strict mode) type=D ext=.abd
First generic
Then specific strict
Checking list of parsers returned for (strict mode) type=D ext=.cd
First generic
Then specific strict
Checking list of parsers returned for (strict mode) type=D ext=.c
First generic
Then specific strict
Checking list of parsers returned for (strict mode) type=D ext=.ab
First generic
Then specific strict
Checking list of parsers returned for (strict mode) type=D ext=.bc
First generic
Then specific strict
Checking list of parsers returned for (strict mode) type=D ext=.acd
First generic
Then specific strict
Checking list of parsers returned for (strict mode) type=D ext=.a
First generic
Then specific strict
Checking list of parsers returned for (strict mode) type=D ext=.abc
First generic
Then specific strict
Checking list of parsers returned for (strict mode) type=A ext=&lt;multifile&gt;
First generic
Then specific strict
Checking list of parsers returned for (strict mode) type=A ext=.abcd
First generic
Then specific strict
Checking list of parsers returned for (strict mode) type=A ext=.bcd
First generic
Then specific strict
Checking list of parsers returned for (strict mode) type=A ext=.d
First generic
Then specific strict
Checking list of parsers returned for (strict mode) type=A ext=.ad
First generic
Then specific strict
Checking list of parsers returned for (strict mode) type=A ext=.ac
First generic
Then specific strict
Checking list of parsers returned for (strict mode) type=A ext=.bd
First generic
Then specific strict
Checking list of parsers returned for (strict mode) type=A ext=.b
First generic
Then specific strict
Checking list of parsers returned for (strict mode) type=A ext=.abd
First generic
Then specific strict
Checking list of parsers returned for (strict mode) type=A ext=.cd
First generic
Then specific strict
Checking list of parsers returned for (strict mode) type=A ext=.c
First generic
Then specific strict
Checking list of parsers returned for (strict mode) type=A ext=.ab
First generic
Then specific strict
Checking list of parsers returned for (strict mode) type=A ext=.bc
First generic
Then specific strict
Checking list of parsers returned for (strict mode) type=A ext=.acd
First generic
Then specific strict
Checking list of parsers returned for (strict mode) type=A ext=.a
First generic
Then specific strict
Checking list of parsers returned for (strict mode) type=A ext=.abc
First generic
Then specific strict
Checking list of parsers returned for (strict mode) type=B ext=&lt;multifile&gt;
First generic
Then specific strict
Checking list of parsers returned for (strict mode) type=B ext=.abcd
First generic
Then specific strict
Checking list of parsers returned for (strict mode) type=B ext=.bcd
First generic
Then specific strict
Checking list of parsers returned for (strict mode) type=B ext=.d
First generic
Then specific strict
Checking list of parsers returned for (strict mode) type=B ext=.ad
First generic
Then specific strict
Checking list of parsers returned for (strict mode) type=B ext=.ac
First generic
Then specific strict
Checking list of parsers returned for (strict mode) type=B ext=.bd
First generic
Then specific strict
Checking list of parsers returned for (strict mode) type=B ext=.b
First generic
Then specific strict
Checking list of parsers returned for (strict mode) type=B ext=.abd
First generic
Then specific strict
Checking list of parsers returned for (strict mode) type=B ext=.cd
First generic
Then specific strict
Checking list of parsers returned for (strict mode) type=B ext=.c
First generic
Then specific strict
Checking list of parsers returned for (strict mode) type=B ext=.ab
First generic
Then specific strict
Checking list of parsers returned for (strict mode) type=B ext=.bc
First generic
Then specific strict
Checking list of parsers returned for (strict mode) type=B ext=.acd
First generic
Then specific strict
Checking list of parsers returned for (strict mode) type=B ext=.a
First generic
Then specific strict
Checking list of parsers returned for (strict mode) type=B ext=.abc
First generic
Then specific strict
Checking list of parsers returned for (strict mode) type=C ext=&lt;multifile&gt;
First generic
Then specific strict
Checking list of parsers returned for (strict mode) type=C ext=.abcd
First generic
Then specific strict
Checking list of parsers returned for (strict mode) type=C ext=.bcd
First generic
Then specific strict
Checking list of parsers returned for (strict mode) type=C ext=.d
First generic
Then specific strict
Checking list of parsers returned for (strict mode) type=C ext=.ad
First generic
Then specific strict
Checking list of parsers returned for (strict mode) type=C ext=.ac
First generic
Then specific strict
Checking list of parsers returned for (strict mode) type=C ext=.bd
First generic
Then specific strict
Checking list of parsers returned for (strict mode) type=C ext=.b
First generic
Then specific strict
Checking list of parsers returned for (strict mode) type=C ext=.abd
First generic
Then specific strict
Checking list of parsers returned for (strict mode) type=C ext=.cd
First generic
Then specific strict
Checking list of parsers returned for (strict mode) type=C ext=.c
First generic
Then specific strict
Checking list of parsers returned for (strict mode) type=C ext=.ab
First generic
Then specific strict
Checking list of parsers returned for (strict mode) type=C ext=.bc
First generic
Then specific strict
Checking list of parsers returned for (strict mode) type=C ext=.acd
First generic
Then specific strict
Checking list of parsers returned for (strict mode) type=C ext=.a
First generic
Then specific strict
Checking list of parsers returned for (strict mode) type=C ext=.abc
First generic
Then specific strict
Checking list of parsers returned for (strict mode) type=D ext=&lt;multifile&gt;
First generic
Then specific strict
Checking list of parsers returned for (strict mode) type=D ext=.abcd
First generic
Then specific strict
Checking list of parsers returned for (strict mode) type=D ext=.bcd
First generic
Then specific strict
Checking list of parsers returned for (strict mode) type=D ext=.d
First generic
Then specific strict
Checking list of parsers returned for (strict mode) type=D ext=.ad
First generic
Then specific strict
Checking list of parsers returned for (strict mode) type=D ext=.ac
First generic
Then specific strict
Checking list of parsers returned for (strict mode) type=D ext=.bd
First generic
Then specific strict
Checking list of parsers returned for (strict mode) type=D ext=.b
First generic
Then specific strict
Checking list of parsers returned for (strict mode) type=D ext=.abd
First generic
Then specific strict
Checking list of parsers returned for (strict mode) type=D ext=.cd
First generic
Then specific strict
Checking list of parsers returned for (strict mode) type=D ext=.c
First generic
Then specific strict
Checking list of parsers returned for (strict mode) type=D ext=.ab
First generic
Then specific strict
Checking list of parsers returned for (strict mode) type=D ext=.bc
First generic
Then specific strict
Checking list of parsers returned for (strict mode) type=D ext=.acd
First generic
Then specific strict
Checking list of parsers returned for (strict mode) type=D ext=.a
First generic
Then specific strict
Checking list of parsers returned for (strict mode) type=D ext=.abc
First generic
Then specific strict
Checking list of parsers returned for (strict mode) type=A ext=&lt;multifile&gt;
First generic
Then specific strict
Checking list of parsers returned for (strict mode) type=A ext=.abcd
First generic
Then specific strict
Checking list of parsers returned for (strict mode) type=A ext=.bcd
First generic
Then specific strict
Checking list of parsers returned for (strict mode) type=A ext=.d
First generic
Then specific strict
Checking list of parsers returned for (strict mode) type=A ext=.ad
First generic
Then specific strict
Checking list of parsers returned for (strict mode) type=A ext=.ac
First generic
Then specific strict
Checking list of parsers returned for (strict mode) type=A ext=.bd
First generic
Then specific strict
Checking list of parsers returned for (strict mode) type=A ext=.b
First generic
Then specific strict
Checking list of parsers returned for (strict mode) type=A ext=.abd
First generic
Then specific strict
Checking list of parsers returned for (strict mode) type=A ext=.cd
First generic
Then specific strict
Checking list of parsers returned for (strict mode) type=A ext=.c
First generic
Then specific strict
Checking list of parsers returned for (strict mode) type=A ext=.ab
First generic
Then specific strict
Checking list of parsers returned for (strict mode) type=A ext=.bc
First generic
Then specific strict
Checking list of parsers returned for (strict mode) type=A ext=.acd
First generic
Then specific strict
Checking list of parsers returned for (strict mode) type=A ext=.a
First generic
Then specific strict
Checking list of parsers returned for (strict mode) type=A ext=.abc
First generic
Then specific strict
Checking list of parsers returned for (strict mode) type=B ext=&lt;multifile&gt;
First generic
Then specific strict
Checking list of parsers returned for (strict mode) type=B ext=.abcd
First generic
Then specific strict
Checking list of parsers returned for (strict mode) type=B ext=.bcd
First generic
Then specific strict
Checking list of parsers returned for (strict mode) type=B ext=.d
First generic
Then specific strict
Checking list of parsers returned for (strict mode) type=B ext=.ad
First generic
Then specific strict
Checking list of parsers returned for (strict mode) type=B ext=.ac
First generic
Then specific strict
Checking list of parsers returned for (strict mode) type=B ext=.bd
First generic
Then specific strict
Checking list of parsers returned for (strict mode) type=B ext=.b
First generic
Then specific strict
Checking list of parsers returned for (strict mode) type=B ext=.abd
First generic
Then specific strict
Checking list of parsers returned for (strict mode) type=B ext=.cd
First generic
Then specific strict
Checking list of parsers returned for (strict mode) type=B ext=.c
First generic
Then specific strict
Checking list of parsers returned for (strict mode) type=B ext=.ab
First generic
Then specific strict
Checking list of parsers returned for (strict mode) type=B ext=.bc
First generic
Then specific strict
Checking list of parsers returned for (strict mode) type=B ext=.acd
First generic
Then specific strict
Checking list of parsers returned for (strict mode) type=B ext=.a
First generic
Then specific strict
Checking list of parsers returned for (strict mode) type=B ext=.abc
First generic
Then specific strict
Checking list of parsers returned for (strict mode) type=C ext=&lt;multifile&gt;
First generic
Then specific strict
Checking list of parsers returned for (strict mode) type=C ext=.abcd
First generic
Then specific strict
Checking list of parsers returned for (strict mode) type=C ext=.bcd
First generic
Then specific strict
Checking list of parsers returned for (strict mode) type=C ext=.d
First generic
Then specific strict
Checking list of parsers returned for (strict mode) type=C ext=.ad
First generic
Then specific strict
Checking list of parsers returned for (strict mode) type=C ext=.ac
First generic
Then specific strict
Checking list of parsers returned for (strict mode) type=C ext=.bd
First generic
Then specific strict
Checking list of parsers returned for (strict mode) type=C ext=.b
First generic
Then specific strict
Checking list of parsers returned for (strict mode) type=C ext=.abd
First generic
Then specific strict
Checking list of parsers returned for (strict mode) type=C ext=.cd
First generic
Then specific strict
Checking list of parsers returned for (strict mode) type=C ext=.c
First generic
Then specific strict
Checking list of parsers returned for (strict mode) type=C ext=.ab
First generic
Then specific strict
Checking list of parsers returned for (strict mode) type=C ext=.bc
First generic
Then specific strict
Checking list of parsers returned for (strict mode) type=C ext=.acd
First generic
Then specific strict
Checking list of parsers returned for (strict mode) type=C ext=.a
First generic
Then specific strict
Checking list of parsers returned for (strict mode) type=C ext=.abc
First generic
Then specific strict
Checking list of parsers returned for (strict mode) type=D ext=&lt;multifile&gt;
First generic
Then specific strict
Checking list of parsers returned for (strict mode) type=D ext=.abcd
First generic
Then specific strict
Checking list of parsers returned for (strict mode) type=D ext=.bcd
First generic
Then specific strict
Checking list of parsers returned for (strict mode) type=D ext=.d
First generic
Then specific strict
Checking list of parsers returned for (strict mode) type=D ext=.ad
First generic
Then specific strict
Checking list of parsers returned for (strict mode) type=D ext=.ac
First generic
Then specific strict
Checking list of parsers returned for (strict mode) type=D ext=.bd
First generic
Then specific strict
Checking list of parsers returned for (strict mode) type=D ext=.b
First generic
Then specific strict
Checking list of parsers returned for (strict mode) type=D ext=.abd
First generic
Then specific strict
Checking list of parsers returned for (strict mode) type=D ext=.cd
First generic
Then specific strict
Checking list of parsers returned for (strict mode) type=D ext=.c
First generic
Then specific strict
Checking list of parsers returned for (strict mode) type=D ext=.ab
First generic
Then specific strict
Checking list of parsers returned for (strict mode) type=D ext=.bc
First generic
Then specific strict
Checking list of parsers returned for (strict mode) type=D ext=.acd
First generic
Then specific strict
Checking list of parsers returned for (strict mode) type=D ext=.a
First generic
Then specific strict
Checking list of parsers returned for (strict mode) type=D ext=.abc
First generic
Then specific strict
Checking list of parsers returned for (strict mode) type=A ext=&lt;multifile&gt;
First generic
Then specific strict
Checking list of parsers returned for (strict mode) type=A ext=.abcd
First generic
Then specific strict
Checking list of parsers returned for (strict mode) type=A ext=.bcd
First generic
Then specific strict
Checking list of parsers returned for (strict mode) type=A ext=.d
First generic
Then specific strict
Checking list of parsers returned for (strict mode) type=A ext=.ad
First generic
Then specific strict
Checking list of parsers returned for (strict mode) type=A ext=.ac
First generic
Then specific strict
Checking list of parsers returned for (strict mode) type=A ext=.bd
First generic
Then specific strict
Checking list of parsers returned for (strict mode) type=A ext=.b
First generic
Then specific strict
Checking list of parsers returned for (strict mode) type=A ext=.abd
First generic
Then specific strict
Checking list of parsers returned for (strict mode) type=A ext=.cd
First generic
Then specific strict
Checking list of parsers returned for (strict mode) type=A ext=.c
First generic
Then specific strict
Checking list of parsers returned for (strict mode) type=A ext=.ab
First generic
Then specific strict
Checking list of parsers returned for (strict mode) type=A ext=.bc
First generic
Then specific strict
Checking list of parsers returned for (strict mode) type=A ext=.acd
First generic
Then specific strict
Checking list of parsers returned for (strict mode) type=A ext=.a
First generic
Then specific strict
Checking list of parsers returned for (strict mode) type=A ext=.abc
First generic
Then specific strict
Checking list of parsers returned for (strict mode) type=B ext=&lt;multifile&gt;
First generic
Then specific strict
Checking list of parsers returned for (strict mode) type=B ext=.abcd
First generic
Then specific strict
Checking list of parsers returned for (strict mode) type=B ext=.bcd
First generic
Then specific strict
Checking list of parsers returned for (strict mode) type=B ext=.d
First generic
Then specific strict
Checking list of parsers returned for (strict mode) type=B ext=.ad
First generic
Then specific strict
Checking list of parsers returned for (strict mode) type=B ext=.ac
First generic
Then specific strict
Checking list of parsers returned for (strict mode) type=B ext=.bd
First generic
Then specific strict
Checking list of parsers returned for (strict mode) type=B ext=.b
First generic
Then specific strict
Checking list of parsers returned for (strict mode) type=B ext=.abd
First generic
Then specific strict
Checking list of parsers returned for (strict mode) type=B ext=.cd
First generic
Then specific strict
Checking list of parsers returned for (strict mode) type=B ext=.c
First generic
Then specific strict
Checking list of parsers returned for (strict mode) type=B ext=.ab
First generic
Then specific strict
Checking list of parsers returned for (strict mode) type=B ext=.bc
First generic
Then specific strict
Checking list of parsers returned for (strict mode) type=B ext=.acd
First generic
Then specific strict
Checking list of parsers returned for (strict mode) type=B ext=.a
First generic
Then specific strict
Checking list of parsers returned for (strict mode) type=B ext=.abc
First generic
Then specific strict
Checking list of parsers returned for (strict mode) type=C ext=&lt;multifile&gt;
First generic
Then specific strict
Checking list of parsers returned for (strict mode) type=C ext=.abcd
First generic
Then specific strict
Checking list of parsers returned for (strict mode) type=C ext=.bcd
First generic
Then specific strict
Checking list of parsers returned for (strict mode) type=C ext=.d
First generic
Then specific strict
Checking list of parsers returned for (strict mode) type=C ext=.ad
First generic
Then specific strict
Checking list of parsers returned for (strict mode) type=C ext=.ac
First generic
Then specific strict
Checking list of parsers returned for (strict mode) type=C ext=.bd
First generic
Then specific strict
Checking list of parsers returned for (strict mode) type=C ext=.b
First generic
Then specific strict
Checking list of parsers returned for (strict mode) type=C ext=.abd
First generic
Then specific strict
Checking list of parsers returned for (strict mode) type=C ext=.cd
First generic
Then specific strict
Checking list of parsers returned for (strict mode) type=C ext=.c
First generic
Then specific strict
Checking list of parsers returned for (strict mode) type=C ext=.ab
First generic
Then specific strict
Checking list of parsers returned for (strict mode) type=C ext=.bc
First generic
Then specific strict
Checking list of parsers returned for (strict mode) type=C ext=.acd
First generic
Then specific strict
Checking list of parsers returned for (strict mode) type=C ext=.a
First generic
Then specific strict
Checking list of parsers returned for (strict mode) type=C ext=.abc
First generic
Then specific strict
Checking list of parsers returned for (strict mode) type=D ext=&lt;multifile&gt;
First generic
Then specific strict
Checking list of parsers returned for (strict mode) type=D ext=.abcd
First generic
Then specific strict
Checking list of parsers returned for (strict mode) type=D ext=.bcd
First generic
Then specific strict
Checking list of parsers returned for (strict mode) type=D ext=.d
First generic
Then specific strict
Checking list of parsers returned for (strict mode) type=D ext=.ad
First generic
Then specific strict
Checking list of parsers returned for (strict mode) type=D ext=.ac
First generic
Then specific strict
Checking list of parsers returned for (strict mode) type=D ext=.bd
First generic
Then specific strict
Checking list of parsers returned for (strict mode) type=D ext=.b
First generic
Then specific strict
Checking list of parsers returned for (strict mode) type=D ext=.abd
First generic
Then specific strict
Checking list of parsers returned for (strict mode) type=D ext=.cd
First generic
Then specific strict
Checking list of parsers returned for (strict mode) type=D ext=.c
First generic
Then specific strict
Checking list of parsers returned for (strict mode) type=D ext=.ab
First generic
Then specific strict
Checking list of parsers returned for (strict mode) type=D ext=.bc
First generic
Then specific strict
Checking list of parsers returned for (strict mode) type=D ext=.acd
First generic
Then specific strict
Checking list of parsers returned for (strict mode) type=D ext=.a
First generic
Then specific strict
Checking list of parsers returned for (strict mode) type=D ext=.abc
First generic
Then specific strict
Checking list of parsers returned for (strict mode) type=A ext=&lt;multifile&gt;
First generic
Then specific strict
Checking list of parsers returned for (strict mode) type=A ext=.abcd
First generic
Then specific strict
Checking list of parsers returned for (strict mode) type=A ext=.bcd
First generic
Then specific strict
Checking list of parsers returned for (strict mode) type=A ext=.d
First generic
Then specific strict
Checking list of parsers returned for (strict mode) type=A ext=.ad
First generic
Then specific strict
Checking list of parsers returned for (strict mode) type=A ext=.ac
First generic
Then specific strict
Checking list of parsers returned for (strict mode) type=A ext=.bd
First generic
Then specific strict
Checking list of parsers returned for (strict mode) type=A ext=.b
First generic
Then specific strict
Checking list of parsers returned for (strict mode) type=A ext=.abd
First generic
Then specific strict
Checking list of parsers returned for (strict mode) type=A ext=.cd
First generic
Then specific strict
Checking list of parsers returned for (strict mode) type=A ext=.c
First generic
Then specific strict
Checking list of parsers returned for (strict mode) type=A ext=.ab
First generic
Then specific strict
Checking list of parsers returned for (strict mode) type=A ext=.bc
First generic
Then specific strict
Checking list of parsers returned for (strict mode) type=A ext=.acd
First generic
Then specific strict
Checking list of parsers returned for (strict mode) type=A ext=.a
First generic
Then specific strict
Checking list of parsers returned for (strict mode) type=A ext=.abc
First generic
Then specific strict
Checking list of parsers returned for (strict mode) type=B ext=&lt;multifile&gt;
First generic
Then specific strict
Checking list of parsers returned for (strict mode) type=B ext=.abcd
First generic
Then specific strict
Checking list of parsers returned for (strict mode) type=B ext=.bcd
First generic
Then specific strict
Checking list of parsers returned for (strict mode) type=B ext=.d
First generic
Then specific strict
Checking list of parsers returned for (strict mode) type=B ext=.ad
First generic
Then specific strict
Checking list of parsers returned for (strict mode) type=B ext=.ac
First generic
Then specific strict
Checking list of parsers returned for (strict mode) type=B ext=.bd
First generic
Then specific strict
Checking list of parsers returned for (strict mode) type=B ext=.b
First generic
Then specific strict
Checking list of parsers returned for (strict mode) type=B ext=.abd
First generic
Then specific strict
Checking list of parsers returned for (strict mode) type=B ext=.cd
First generic
Then specific strict
Checking list of parsers returned for (strict mode) type=B ext=.c
First generic
Then specific strict
Checking list of parsers returned for (strict mode) type=B ext=.ab
First generic
Then specific strict
Checking list of parsers returned for (strict mode) type=B ext=.bc
First generic
Then specific strict
Checking list of parsers returned for (strict mode) type=B ext=.acd
First generic
Then specific strict
Checking list of parsers returned for (strict mode) type=B ext=.a
First generic
Then specific strict
Checking list of parsers returned for (strict mode) type=B ext=.abc
First generic
Then specific strict
Checking list of parsers returned for (strict mode) type=C ext=&lt;multifile&gt;
First generic
Then specific strict
Checking list of parsers returned for (strict mode) type=C ext=.abcd
First generic
Then specific strict
Checking list of parsers returned for (strict mode) type=C ext=.bcd
First generic
Then specific strict
Checking list of parsers returned for (strict mode) type=C ext=.d
First generic
Then specific strict
Checking list of parsers returned for (strict mode) type=C ext=.ad
First generic
Then specific strict
Checking list of parsers returned for (strict mode) type=C ext=.ac
First generic
Then specific strict
Checking list of parsers returned for (strict mode) type=C ext=.bd
First generic
Then specific strict
Checking list of parsers returned for (strict mode) type=C ext=.b
First generic
Then specific strict
Checking list of parsers returned for (strict mode) type=C ext=.abd
First generic
Then specific strict
Checking list of parsers returned for (strict mode) type=C ext=.cd
First generic
Then specific strict
Checking list of parsers returned for (strict mode) type=C ext=.c
First generic
Then specific strict
Checking list of parsers returned for (strict mode) type=C ext=.ab
First generic
Then specific strict
Checking list of parsers returned for (strict mode) type=C ext=.bc
First generic
Then specific strict
Checking list of parsers returned for (strict mode) type=C ext=.acd
First generic
Then specific strict
Checking list of parsers returned for (strict mode) type=C ext=.a
First generic
Then specific strict
Checking list of parsers returned for (strict mode) type=C ext=.abc
First generic
Then specific strict
Checking list of parsers returned for (strict mode) type=D ext=&lt;multifile&gt;
First generic
Then specific strict
Checking list of parsers returned for (strict mode) type=D ext=.abcd
First generic
Then specific strict
Checking list of parsers returned for (strict mode) type=D ext=.bcd
First generic
Then specific strict
Checking list of parsers returned for (strict mode) type=D ext=.d
First generic
Then specific strict
Checking list of parsers returned for (strict mode) type=D ext=.ad
First generic
Then specific strict
Checking list of parsers returned for (strict mode) type=D ext=.ac
First generic
Then specific strict
Checking list of parsers returned for (strict mode) type=D ext=.bd
First generic
Then specific strict
Checking list of parsers returned for (strict mode) type=D ext=.b
First generic
Then specific strict
Checking list of parsers returned for (strict mode) type=D ext=.abd
First generic
Then specific strict
Checking list of parsers returned for (strict mode) type=D ext=.cd
First generic
Then specific strict
Checking list of parsers returned for (strict mode) type=D ext=.c
First generic
Then specific strict
Checking list of parsers returned for (strict mode) type=D ext=.ab
First generic
Then specific strict
Checking list of parsers returned for (strict mode) type=D ext=.bc
First generic
Then specific strict
Checking list of parsers returned for (strict mode) type=D ext=.acd
First generic
Then specific strict
Checking list of parsers returned for (strict mode) type=D ext=.a
First generic
Then specific strict
Checking list of parsers returned for (strict mode) type=D ext=.abc
First generic
Then specific strict
Checking list of parsers returned for (strict mode) type=A ext=&lt;multifile&gt;
First generic
Then specific strict
Checking list of parsers returned for (strict mode) type=A ext=.abcd
First generic
Then specific strict
Checking list of parsers returned for (strict mode) type=A ext=.bcd
First generic
Then specific strict
Checking list of parsers returned for (strict mode) type=A ext=.d
First generic
Then specific strict
Checking list of parsers returned for (strict mode) type=A ext=.ad
First generic
Then specific strict
Checking list of parsers returned for (strict mode) type=A ext=.ac
First generic
Then specific strict
Checking list of parsers returned for (strict mode) type=A ext=.bd
First generic
Then specific strict
Checking list of parsers returned for (strict mode) type=A ext=.b
First generic
Then specific strict
Checking list of parsers returned for (strict mode) type=A ext=.abd
First generic
Then specific strict
Checking list of parsers returned for (strict mode) type=A ext=.cd
First generic
Then specific strict
Checking list of parsers returned for (strict mode) type=A ext=.c
First generic
Then specific strict
Checking list of parsers returned for (strict mode) type=A ext=.ab
First generic
Then specific strict
Checking list of parsers returned for (strict mode) type=A ext=.bc
First generic
Then specific strict
Checking list of parsers returned for (strict mode) type=A ext=.acd
First generic
Then specific strict
Checking list of parsers returned for (strict mode) type=A ext=.a
First generic
Then specific strict
Checking list of parsers returned for (strict mode) type=A ext=.abc
First generic
Then specific strict
Checking list of parsers returned for (strict mode) type=B ext=&lt;multifile&gt;
First generic
Then specific strict
Checking list of parsers returned for (strict mode) type=B ext=.abcd
First generic
Then specific strict
Checking list of parsers returned for (strict mode) type=B ext=.bcd
First generic
Then specific strict
Checking list of parsers returned for (strict mode) type=B ext=.d
First generic
Then specific strict
Checking list of parsers returned for (strict mode) type=B ext=.ad
First generic
Then specific strict
Checking list of parsers returned for (strict mode) type=B ext=.ac
First generic
Then specific strict
Checking list of parsers returned for (strict mode) type=B ext=.bd
First generic
Then specific strict
Checking list of parsers returned for (strict mode) type=B ext=.b
First generic
Then specific strict
Checking list of parsers returned for (strict mode) type=B ext=.abd
First generic
Then specific strict
Checking list of parsers returned for (strict mode) type=B ext=.cd
First generic
Then specific strict
Checking list of parsers returned for (strict mode) type=B ext=.c
First generic
Then specific strict
Checking list of parsers returned for (strict mode) type=B ext=.ab
First generic
Then specific strict
Checking list of parsers returned for (strict mode) type=B ext=.bc
First generic
Then specific strict
Checking list of parsers returned for (strict mode) type=B ext=.acd
First generic
Then specific strict
Checking list of parsers returned for (strict mode) type=B ext=.a
First generic
Then specific strict
Checking list of parsers returned for (strict mode) type=B ext=.abc
First generic
Then specific strict
Checking list of parsers returned for (strict mode) type=C ext=&lt;multifile&gt;
First generic
Then specific strict
Checking list of parsers returned for (strict mode) type=C ext=.abcd
First generic
Then specific strict
Checking list of parsers returned for (strict mode) type=C ext=.bcd
First generic
Then specific strict
Checking list of parsers returned for (strict mode) type=C ext=.d
First generic
Then specific strict
Checking list of parsers returned for (strict mode) type=C ext=.ad
First generic
Then specific strict
Checking list of parsers returned for (strict mode) type=C ext=.ac
First generic
Then specific strict
Checking list of parsers returned for (strict mode) type=C ext=.bd
First generic
Then specific strict
Checking list of parsers returned for (strict mode) type=C ext=.b
First generic
Then specific strict
Checking list of parsers returned for (strict mode) type=C ext=.abd
First generic
Then specific strict
Checking list of parsers returned for (strict mode) type=C ext=.cd
First generic
Then specific strict
Checking list of parsers returned for (strict mode) type=C ext=.c
First generic
Then specific strict
Checking list of parsers returned for (strict mode) type=C ext=.ab
First generic
Then specific strict
Checking list of parsers returned for (strict mode) type=C ext=.bc
First generic
Then specific strict
Checking list of parsers returned for (strict mode) type=C ext=.acd
First generic
Then specific strict
Checking list of parsers returned for (strict mode) type=C ext=.a
First generic
Then specific strict
Checking list of parsers returned for (strict mode) type=C ext=.abc
First generic
Then specific strict
Checking list of parsers returned for (strict mode) type=D ext=&lt;multifile&gt;
First generic
Then specific strict
Checking list of parsers returned for (strict mode) type=D ext=.abcd
First generic
Then specific strict
Checking list of parsers returned for (strict mode) type=D ext=.bcd
First generic
Then specific strict
Checking list of parsers returned for (strict mode) type=D ext=.d
First generic
Then specific strict
Checking list of parsers returned for (strict mode) type=D ext=.ad
First generic
Then specific strict
Checking list of parsers returned for (strict mode) type=D ext=.ac
First generic
Then specific strict
Checking list of parsers returned for (strict mode) type=D ext=.bd
First generic
Then specific strict
Checking list of parsers returned for (strict mode) type=D ext=.b
First generic
Then specific strict
Checking list of parsers returned for (strict mode) type=D ext=.abd
First generic
Then specific strict
Checking list of parsers returned for (strict mode) type=D ext=.cd
First generic
Then specific strict
Checking list of parsers returned for (strict mode) type=D ext=.c
First generic
Then specific strict
Checking list of parsers returned for (strict mode) type=D ext=.ab
First generic
Then specific strict
Checking list of parsers returned for (strict mode) type=D ext=.bc
First generic
Then specific strict
Checking list of parsers returned for (strict mode) type=D ext=.acd
First generic
Then specific strict
Checking list of parsers returned for (strict mode) type=D ext=.a
First generic
Then specific strict
Checking list of parsers returned for (strict mode) type=D ext=.abc
First generic
Then specific strict
</system-out></testcase><testcase classname="parsyfiles.tests.combining_parsers_converters.test_registries.TestParserRegistry" file="parsyfiles/tests/combining_parsers_converters/test_registries.py" line="364" name="test_e_correct_parsers_in_order_nonstrict" time="0.36272239685058594"><system-out>.
.d
.c
.cd
.b
.bd
.bc
.bcd
.a
.ad
.ac
.acd
.ab
.abd
.abc
.abcd
Checking list of parsers returned for (non-strict mode) type=A ext=&lt;multifile&gt;
First generic
Then specific non-strict
Then specific strict
Checking list of parsers returned for (non-strict mode) type=A ext=.abcd
First generic
Then specific non-strict
Then specific strict
Checking list of parsers returned for (non-strict mode) type=A ext=.bcd
First generic
Then specific non-strict
Then specific strict
Checking list of parsers returned for (non-strict mode) type=A ext=.d
First generic
Then specific non-strict
Then specific strict
Checking list of parsers returned for (non-strict mode) type=A ext=.ad
First generic
Then specific non-strict
Then specific strict
Checking list of parsers returned for (non-strict mode) type=A ext=.ac
First generic
Then specific non-strict
Then specific strict
Checking list of parsers returned for (non-strict mode) type=A ext=.bd
First generic
Then specific non-strict
Then specific strict
Checking list of parsers returned for (non-strict mode) type=A ext=.b
First generic
Then specific non-strict
Then specific strict
Checking list of parsers returned for (non-strict mode) type=A ext=.abd
First generic
Then specific non-strict
Then specific strict
Checking list of parsers returned for (non-strict mode) type=A ext=.cd
First generic
Then specific non-strict
Then specific strict
Checking list of parsers returned for (non-strict mode) type=A ext=.c
First generic
Then specific non-strict
Then specific strict
Checking list of parsers returned for (non-strict mode) type=A ext=.ab
First generic
Then specific non-strict
Then specific strict
Checking list of parsers returned for (non-strict mode) type=A ext=.bc
First generic
Then specific non-strict
Then specific strict
Checking list of parsers returned for (non-strict mode) type=A ext=.acd
First generic
Then specific non-strict
Then specific strict
Checking list of parsers returned for (non-strict mode) type=A ext=.a
First generic
Then specific non-strict
Then specific strict
Checking list of parsers returned for (non-strict mode) type=A ext=.abc
First generic
Then specific non-strict
Then specific strict
Checking list of parsers returned for (strict mode) type=B ext=&lt;multifile&gt;
First generic
Then specific strict
Checking list of parsers returned for (strict mode) type=B ext=.abcd
First generic
Then specific strict
Checking list of parsers returned for (strict mode) type=B ext=.bcd
First generic
Then specific strict
Checking list of parsers returned for (strict mode) type=B ext=.d
First generic
Then specific strict
Checking list of parsers returned for (strict mode) type=B ext=.ad
First generic
Then specific strict
Checking list of parsers returned for (strict mode) type=B ext=.ac
First generic
Then specific strict
Checking list of parsers returned for (strict mode) type=B ext=.bd
First generic
Then specific strict
Checking list of parsers returned for (strict mode) type=B ext=.b
First generic
Then specific strict
Checking list of parsers returned for (strict mode) type=B ext=.abd
First generic
Then specific strict
Checking list of parsers returned for (strict mode) type=B ext=.cd
First generic
Then specific strict
Checking list of parsers returned for (strict mode) type=B ext=.c
First generic
Then specific strict
Checking list of parsers returned for (strict mode) type=B ext=.ab
First generic
Then specific strict
Checking list of parsers returned for (strict mode) type=B ext=.bc
First generic
Then specific strict
Checking list of parsers returned for (strict mode) type=B ext=.acd
First generic
Then specific strict
Checking list of parsers returned for (strict mode) type=B ext=.a
First generic
Then specific strict
Checking list of parsers returned for (strict mode) type=B ext=.abc
First generic
Then specific strict
Checking list of parsers returned for (non-strict mode) type=C ext=&lt;multifile&gt;
First generic
Then specific non-strict
Then specific strict
Checking list of parsers returned for (non-strict mode) type=C ext=.abcd
First generic
Then specific non-strict
Then specific strict
Checking list of parsers returned for (non-strict mode) type=C ext=.bcd
First generic
Then specific non-strict
Then specific strict
Checking list of parsers returned for (non-strict mode) type=C ext=.d
First generic
Then specific non-strict
Then specific strict
Checking list of parsers returned for (non-strict mode) type=C ext=.ad
First generic
Then specific non-strict
Then specific strict
Checking list of parsers returned for (non-strict mode) type=C ext=.ac
First generic
Then specific non-strict
Then specific strict
Checking list of parsers returned for (non-strict mode) type=C ext=.bd
First generic
Then specific non-strict
Then specific strict
Checking list of parsers returned for (non-strict mode) type=C ext=.b
First generic
Then specific non-strict
Then specific strict
Checking list of parsers returned for (non-strict mode) type=C ext=.abd
First generic
Then specific non-strict
Then specific strict
Checking list of parsers returned for (non-strict mode) type=C ext=.cd
First generic
Then specific non-strict
Then specific strict
Checking list of parsers returned for (non-strict mode) type=C ext=.c
First generic
Then specific non-strict
Then specific strict
Checking list of parsers returned for (non-strict mode) type=C ext=.ab
First generic
Then specific non-strict
Then specific strict
Checking list of parsers returned for (non-strict mode) type=C ext=.bc
First generic
Then specific non-strict
Then specific strict
Checking list of parsers returned for (non-strict mode) type=C ext=.acd
First generic
Then specific non-strict
Then specific strict
Checking list of parsers returned for (non-strict mode) type=C ext=.a
First generic
Then specific non-strict
Then specific strict
Checking list of parsers returned for (non-strict mode) type=C ext=.abc
First generic
Then specific non-strict
Then specific strict
Checking list of parsers returned for (strict mode) type=D ext=&lt;multifile&gt;
First generic
Then specific strict
Checking list of parsers returned for (strict mode) type=D ext=.abcd
First generic
Then specific strict
Checking list of parsers returned for (strict mode) type=D ext=.bcd
First generic
Then specific strict
Checking list of parsers returned for (strict mode) type=D ext=.d
First generic
Then specific strict
Checking list of parsers returned for (strict mode) type=D ext=.ad
First generic
Then specific strict
Checking list of parsers returned for (strict mode) type=D ext=.ac
First generic
Then specific strict
Checking list of parsers returned for (strict mode) type=D ext=.bd
First generic
Then specific strict
Checking list of parsers returned for (strict mode) type=D ext=.b
First generic
Then specific strict
Checking list of parsers returned for (strict mode) type=D ext=.abd
First generic
Then specific strict
Checking list of parsers returned for (strict mode) type=D ext=.cd
First generic
Then specific strict
Checking list of parsers returned for (strict mode) type=D ext=.c
First generic
Then specific strict
Checking list of parsers returned for (strict mode) type=D ext=.ab
First generic
Then specific strict
Checking list of parsers returned for (strict mode) type=D ext=.bc
First generic
Then specific strict
Checking list of parsers returned for (strict mode) type=D ext=.acd
First generic
Then specific strict
Checking list of parsers returned for (strict mode) type=D ext=.a
First generic
Then specific strict
Checking list of parsers returned for (strict mode) type=D ext=.abc
First generic
Then specific strict
Checking list of parsers returned for (non-strict mode) type=A ext=&lt;multifile&gt;
First generic
Then specific non-strict
Then specific strict
Checking list of parsers returned for (non-strict mode) type=A ext=.abcd
First generic
Then specific non-strict
Then specific strict
Checking list of parsers returned for (non-strict mode) type=A ext=.bcd
First generic
Then specific non-strict
Then specific strict
Checking list of parsers returned for (non-strict mode) type=A ext=.d
First generic
Then specific non-strict
Then specific strict
Checking list of parsers returned for (non-strict mode) type=A ext=.ad
First generic
Then specific non-strict
Then specific strict
Checking list of parsers returned for (non-strict mode) type=A ext=.ac
First generic
Then specific non-strict
Then specific strict
Checking list of parsers returned for (non-strict mode) type=A ext=.bd
First generic
Then specific non-strict
Then specific strict
Checking list of parsers returned for (non-strict mode) type=A ext=.b
First generic
Then specific non-strict
Then specific strict
Checking list of parsers returned for (non-strict mode) type=A ext=.abd
First generic
Then specific non-strict
Then specific strict
Checking list of parsers returned for (non-strict mode) type=A ext=.cd
First generic
Then specific non-strict
Then specific strict
Checking list of parsers returned for (non-strict mode) type=A ext=.c
First generic
Then specific non-strict
Then specific strict
Checking list of parsers returned for (non-strict mode) type=A ext=.ab
First generic
Then specific non-strict
Then specific strict
Checking list of parsers returned for (non-strict mode) type=A ext=.bc
First generic
Then specific non-strict
Then specific strict
Checking list of parsers returned for (non-strict mode) type=A ext=.acd
First generic
Then specific non-strict
Then specific strict
Checking list of parsers returned for (non-strict mode) type=A ext=.a
First generic
Then specific non-strict
Then specific strict
Checking list of parsers returned for (non-strict mode) type=A ext=.abc
First generic
Then specific non-strict
Then specific strict
Checking list of parsers returned for (strict mode) type=B ext=&lt;multifile&gt;
First generic
Then specific strict
Checking list of parsers returned for (strict mode) type=B ext=.abcd
First generic
Then specific strict
Checking list of parsers returned for (strict mode) type=B ext=.bcd
First generic
Then specific strict
Checking list of parsers returned for (strict mode) type=B ext=.d
First generic
Then specific strict
Checking list of parsers returned for (strict mode) type=B ext=.ad
First generic
Then specific strict
Checking list of parsers returned for (strict mode) type=B ext=.ac
First generic
Then specific strict
Checking list of parsers returned for (strict mode) type=B ext=.bd
First generic
Then specific strict
Checking list of parsers returned for (strict mode) type=B ext=.b
First generic
Then specific strict
Checking list of parsers returned for (strict mode) type=B ext=.abd
First generic
Then specific strict
Checking list of parsers returned for (strict mode) type=B ext=.cd
First generic
Then specific strict
Checking list of parsers returned for (strict mode) type=B ext=.c
First generic
Then specific strict
Checking list of parsers returned for (strict mode) type=B ext=.ab
First generic
Then specific strict
Checking list of parsers returned for (strict mode) type=B ext=.bc
First generic
Then specific strict
Checking list of parsers returned for (strict mode) type=B ext=.acd
First generic
Then specific strict
Checking list of parsers returned for (strict mode) type=B ext=.a
First generic
Then specific strict
Checking list of parsers returned for (strict mode) type=B ext=.abc
First generic
Then specific strict
Checking list of parsers returned for (non-strict mode) type=C ext=&lt;multifile&gt;
First generic
Then specific non-strict
Then specific strict
Checking list of parsers returned for (non-strict mode) type=C ext=.abcd
First generic
Then specific non-strict
Then specific strict
Checking list of parsers returned for (non-strict mode) type=C ext=.bcd
First generic
Then specific non-strict
Then specific strict
Checking list of parsers returned for (non-strict mode) type=C ext=.d
First generic
Then specific non-strict
Then specific strict
Checking list of parsers returned for (non-strict mode) type=C ext=.ad
First generic
Then specific non-strict
Then specific strict
Checking list of parsers returned for (non-strict mode) type=C ext=.ac
First generic
Then specific non-strict
Then specific strict
Checking list of parsers returned for (non-strict mode) type=C ext=.bd
First generic
Then specific non-strict
Then specific strict
Checking list of parsers returned for (non-strict mode) type=C ext=.b
First generic
Then specific non-strict
Then specific strict
Checking list of parsers returned for (non-strict mode) type=C ext=.abd
First generic
Then specific non-strict
Then specific strict
Checking list of parsers returned for (non-strict mode) type=C ext=.cd
First generic
Then specific non-strict
Then specific strict
Checking list of parsers returned for (non-strict mode) type=C ext=.c
First generic
Then specific non-strict
Then specific strict
Checking list of parsers returned for (non-strict mode) type=C ext=.ab
First generic
Then specific non-strict
Then specific strict
Checking list of parsers returned for (non-strict mode) type=C ext=.bc
First generic
Then specific non-strict
Then specific strict
Checking list of parsers returned for (non-strict mode) type=C ext=.acd
First generic
Then specific non-strict
Then specific strict
Checking list of parsers returned for (non-strict mode) type=C ext=.a
First generic
Then specific non-strict
Then specific strict
Checking list of parsers returned for (non-strict mode) type=C ext=.abc
First generic
Then specific non-strict
Then specific strict
Checking list of parsers returned for (strict mode) type=D ext=&lt;multifile&gt;
First generic
Then specific strict
Checking list of parsers returned for (strict mode) type=D ext=.abcd
First generic
Then specific strict
Checking list of parsers returned for (strict mode) type=D ext=.bcd
First generic
Then specific strict
Checking list of parsers returned for (strict mode) type=D ext=.d
First generic
Then specific strict
Checking list of parsers returned for (strict mode) type=D ext=.ad
First generic
Then specific strict
Checking list of parsers returned for (strict mode) type=D ext=.ac
First generic
Then specific strict
Checking list of parsers returned for (strict mode) type=D ext=.bd
First generic
Then specific strict
Checking list of parsers returned for (strict mode) type=D ext=.b
First generic
Then specific strict
Checking list of parsers returned for (strict mode) type=D ext=.abd
First generic
Then specific strict
Checking list of parsers returned for (strict mode) type=D ext=.cd
First generic
Then specific strict
Checking list of parsers returned for (strict mode) type=D ext=.c
First generic
Then specific strict
Checking list of parsers returned for (strict mode) type=D ext=.ab
First generic
Then specific strict
Checking list of parsers returned for (strict mode) type=D ext=.bc
First generic
Then specific strict
Checking list of parsers returned for (strict mode) type=D ext=.acd
First generic
Then specific strict
Checking list of parsers returned for (strict mode) type=D ext=.a
First generic
Then specific strict
Checking list of parsers returned for (strict mode) type=D ext=.abc
First generic
Then specific strict
Checking list of parsers returned for (non-strict mode) type=A ext=&lt;multifile&gt;
First generic
Then specific non-strict
Then specific strict
Checking list of parsers returned for (non-strict mode) type=A ext=.abcd
First generic
Then specific non-strict
Then specific strict
Checking list of parsers returned for (non-strict mode) type=A ext=.bcd
First generic
Then specific non-strict
Then specific strict
Checking list of parsers returned for (non-strict mode) type=A ext=.d
First generic
Then specific non-strict
Then specific strict
Checking list of parsers returned for (non-strict mode) type=A ext=.ad
First generic
Then specific non-strict
Then specific strict
Checking list of parsers returned for (non-strict mode) type=A ext=.ac
First generic
Then specific non-strict
Then specific strict
Checking list of parsers returned for (non-strict mode) type=A ext=.bd
First generic
Then specific non-strict
Then specific strict
Checking list of parsers returned for (non-strict mode) type=A ext=.b
First generic
Then specific non-strict
Then specific strict
Checking list of parsers returned for (non-strict mode) type=A ext=.abd
First generic
Then specific non-strict
Then specific strict
Checking list of parsers returned for (non-strict mode) type=A ext=.cd
First generic
Then specific non-strict
Then specific strict
Checking list of parsers returned for (non-strict mode) type=A ext=.c
First generic
Then specific non-strict
Then specific strict
Checking list of parsers returned for (non-strict mode) type=A ext=.ab
First generic
Then specific non-strict
Then specific strict
Checking list of parsers returned for (non-strict mode) type=A ext=.bc
First generic
Then specific non-strict
Then specific strict
Checking list of parsers returned for (non-strict mode) type=A ext=.acd
First generic
Then specific non-strict
Then specific strict
Checking list of parsers returned for (non-strict mode) type=A ext=.a
First generic
Then specific non-strict
Then specific strict
Checking list of parsers returned for (non-strict mode) type=A ext=.abc
First generic
Then specific non-strict
Then specific strict
Checking list of parsers returned for (strict mode) type=B ext=&lt;multifile&gt;
First generic
Then specific strict
Checking list of parsers returned for (strict mode) type=B ext=.abcd
First generic
Then specific strict
Checking list of parsers returned for (strict mode) type=B ext=.bcd
First generic
Then specific strict
Checking list of parsers returned for (strict mode) type=B ext=.d
First generic
Then specific strict
Checking list of parsers returned for (strict mode) type=B ext=.ad
First generic
Then specific strict
Checking list of parsers returned for (strict mode) type=B ext=.ac
First generic
Then specific strict
Checking list of parsers returned for (strict mode) type=B ext=.bd
First generic
Then specific strict
Checking list of parsers returned for (strict mode) type=B ext=.b
First generic
Then specific strict
Checking list of parsers returned for (strict mode) type=B ext=.abd
First generic
Then specific strict
Checking list of parsers returned for (strict mode) type=B ext=.cd
First generic
Then specific strict
Checking list of parsers returned for (strict mode) type=B ext=.c
First generic
Then specific strict
Checking list of parsers returned for (strict mode) type=B ext=.ab
First generic
Then specific strict
Checking list of parsers returned for (strict mode) type=B ext=.bc
First generic
Then specific strict
Checking list of parsers returned for (strict mode) type=B ext=.acd
First generic
Then specific strict
Checking list of parsers returned for (strict mode) type=B ext=.a
First generic
Then specific strict
Checking list of parsers returned for (strict mode) type=B ext=.abc
First generic
Then specific strict
Checking list of parsers returned for (non-strict mode) type=C ext=&lt;multifile&gt;
First generic
Then specific non-strict
Then specific strict
Checking list of parsers returned for (non-strict mode) type=C ext=.abcd
First generic
Then specific non-strict
Then specific strict
Checking list of parsers returned for (non-strict mode) type=C ext=.bcd
First generic
Then specific non-strict
Then specific strict
Checking list of parsers returned for (non-strict mode) type=C ext=.d
First generic
Then specific non-strict
Then specific strict
Checking list of parsers returned for (non-strict mode) type=C ext=.ad
First generic
Then specific non-strict
Then specific strict
Checking list of parsers returned for (non-strict mode) type=C ext=.ac
First generic
Then specific non-strict
Then specific strict
Checking list of parsers returned for (non-strict mode) type=C ext=.bd
First generic
Then specific non-strict
Then specific strict
Checking list of parsers returned for (non-strict mode) type=C ext=.b
First generic
Then specific non-strict
Then specific strict
Checking list of parsers returned for (non-strict mode) type=C ext=.abd
First generic
Then specific non-strict
Then specific strict
Checking list of parsers returned for (non-strict mode) type=C ext=.cd
First generic
Then specific non-strict
Then specific strict
Checking list of parsers returned for (non-strict mode) type=C ext=.c
First generic
Then specific non-strict
Then specific strict
Checking list of parsers returned for (non-strict mode) type=C ext=.ab
First generic
Then specific non-strict
Then specific strict
Checking list of parsers returned for (non-strict mode) type=C ext=.bc
First generic
Then specific non-strict
Then specific strict
Checking list of parsers returned for (non-strict mode) type=C ext=.acd
First generic
Then specific non-strict
Then specific strict
Checking list of parsers returned for (non-strict mode) type=C ext=.a
First generic
Then specific non-strict
Then specific strict
Checking list of parsers returned for (non-strict mode) type=C ext=.abc
First generic
Then specific non-strict
Then specific strict
Checking list of parsers returned for (strict mode) type=D ext=&lt;multifile&gt;
First generic
Then specific strict
Checking list of parsers returned for (strict mode) type=D ext=.abcd
First generic
Then specific strict
Checking list of parsers returned for (strict mode) type=D ext=.bcd
First generic
Then specific strict
Checking list of parsers returned for (strict mode) type=D ext=.d
First generic
Then specific strict
Checking list of parsers returned for (strict mode) type=D ext=.ad
First generic
Then specific strict
Checking list of parsers returned for (strict mode) type=D ext=.ac
First generic
Then specific strict
Checking list of parsers returned for (strict mode) type=D ext=.bd
First generic
Then specific strict
Checking list of parsers returned for (strict mode) type=D ext=.b
First generic
Then specific strict
Checking list of parsers returned for (strict mode) type=D ext=.abd
First generic
Then specific strict
Checking list of parsers returned for (strict mode) type=D ext=.cd
First generic
Then specific strict
Checking list of parsers returned for (strict mode) type=D ext=.c
First generic
Then specific strict
Checking list of parsers returned for (strict mode) type=D ext=.ab
First generic
Then specific strict
Checking list of parsers returned for (strict mode) type=D ext=.bc
First generic
Then specific strict
Checking list of parsers returned for (strict mode) type=D ext=.acd
First generic
Then specific strict
Checking list of parsers returned for (strict mode) type=D ext=.a
First generic
Then specific strict
Checking list of parsers returned for (strict mode) type=D ext=.abc
First generic
Then specific strict
Checking list of parsers returned for (non-strict mode) type=A ext=&lt;multifile&gt;
First generic
Then specific non-strict
Then specific strict
Checking list of parsers returned for (non-strict mode) type=A ext=.abcd
First generic
Then specific non-strict
Then specific strict
Checking list of parsers returned for (non-strict mode) type=A ext=.bcd
First generic
Then specific non-strict
Then specific strict
Checking list of parsers returned for (non-strict mode) type=A ext=.d
First generic
Then specific non-strict
Then specific strict
Checking list of parsers returned for (non-strict mode) type=A ext=.ad
First generic
Then specific non-strict
Then specific strict
Checking list of parsers returned for (non-strict mode) type=A ext=.ac
First generic
Then specific non-strict
Then specific strict
Checking list of parsers returned for (non-strict mode) type=A ext=.bd
First generic
Then specific non-strict
Then specific strict
Checking list of parsers returned for (non-strict mode) type=A ext=.b
First generic
Then specific non-strict
Then specific strict
Checking list of parsers returned for (non-strict mode) type=A ext=.abd
First generic
Then specific non-strict
Then specific strict
Checking list of parsers returned for (non-strict mode) type=A ext=.cd
First generic
Then specific non-strict
Then specific strict
Checking list of parsers returned for (non-strict mode) type=A ext=.c
First generic
Then specific non-strict
Then specific strict
Checking list of parsers returned for (non-strict mode) type=A ext=.ab
First generic
Then specific non-strict
Then specific strict
Checking list of parsers returned for (non-strict mode) type=A ext=.bc
First generic
Then specific non-strict
Then specific strict
Checking list of parsers returned for (non-strict mode) type=A ext=.acd
First generic
Then specific non-strict
Then specific strict
Checking list of parsers returned for (non-strict mode) type=A ext=.a
First generic
Then specific non-strict
Then specific strict
Checking list of parsers returned for (non-strict mode) type=A ext=.abc
First generic
Then specific non-strict
Then specific strict
Checking list of parsers returned for (strict mode) type=B ext=&lt;multifile&gt;
First generic
Then specific strict
Checking list of parsers returned for (strict mode) type=B ext=.abcd
First generic
Then specific strict
Checking list of parsers returned for (strict mode) type=B ext=.bcd
First generic
Then specific strict
Checking list of parsers returned for (strict mode) type=B ext=.d
First generic
Then specific strict
Checking list of parsers returned for (strict mode) type=B ext=.ad
First generic
Then specific strict
Checking list of parsers returned for (strict mode) type=B ext=.ac
First generic
Then specific strict
Checking list of parsers returned for (strict mode) type=B ext=.bd
First generic
Then specific strict
Checking list of parsers returned for (strict mode) type=B ext=.b
First generic
Then specific strict
Checking list of parsers returned for (strict mode) type=B ext=.abd
First generic
Then specific strict
Checking list of parsers returned for (strict mode) type=B ext=.cd
First generic
Then specific strict
Checking list of parsers returned for (strict mode) type=B ext=.c
First generic
Then specific strict
Checking list of parsers returned for (strict mode) type=B ext=.ab
First generic
Then specific strict
Checking list of parsers returned for (strict mode) type=B ext=.bc
First generic
Then specific strict
Checking list of parsers returned for (strict mode) type=B ext=.acd
First generic
Then specific strict
Checking list of parsers returned for (strict mode) type=B ext=.a
First generic
Then specific strict
Checking list of parsers returned for (strict mode) type=B ext=.abc
First generic
Then specific strict
Checking list of parsers returned for (non-strict mode) type=C ext=&lt;multifile&gt;
First generic
Then specific non-strict
Then specific strict
Checking list of parsers returned for (non-strict mode) type=C ext=.abcd
First generic
Then specific non-strict
Then specific strict
Checking list of parsers returned for (non-strict mode) type=C ext=.bcd
First generic
Then specific non-strict
Then specific strict
Checking list of parsers returned for (non-strict mode) type=C ext=.d
First generic
Then specific non-strict
Then specific strict
Checking list of parsers returned for (non-strict mode) type=C ext=.ad
First generic
Then specific non-strict
Then specific strict
Checking list of parsers returned for (non-strict mode) type=C ext=.ac
First generic
Then specific non-strict
Then specific strict
Checking list of parsers returned for (non-strict mode) type=C ext=.bd
First generic
Then specific non-strict
Then specific strict
Checking list of parsers returned for (non-strict mode) type=C ext=.b
First generic
Then specific non-strict
Then specific strict
Checking list of parsers returned for (non-strict mode) type=C ext=.abd
First generic
Then specific non-strict
Then specific strict
Checking list of parsers returned for (non-strict mode) type=C ext=.cd
First generic
Then specific non-strict
Then specific strict
Checking list of parsers returned for (non-strict mode) type=C ext=.c
First generic
Then specific non-strict
Then specific strict
Checking list of parsers returned for (non-strict mode) type=C ext=.ab
First generic
Then specific non-strict
Then specific strict
Checking list of parsers returned for (non-strict mode) type=C ext=.bc
First generic
Then specific non-strict
Then specific strict
Checking list of parsers returned for (non-strict mode) type=C ext=.acd
First generic
Then specific non-strict
Then specific strict
Checking list of parsers returned for (non-strict mode) type=C ext=.a
First generic
Then specific non-strict
Then specific strict
Checking list of parsers returned for (non-strict mode) type=C ext=.abc
First generic
Then specific non-strict
Then specific strict
Checking list of parsers returned for (strict mode) type=D ext=&lt;multifile&gt;
First generic
Then specific strict
Checking list of parsers returned for (strict mode) type=D ext=.abcd
First generic
Then specific strict
Checking list of parsers returned for (strict mode) type=D ext=.bcd
First generic
Then specific strict
Checking list of parsers returned for (strict mode) type=D ext=.d
First generic
Then specific strict
Checking list of parsers returned for (strict mode) type=D ext=.ad
First generic
Then specific strict
Checking list of parsers returned for (strict mode) type=D ext=.ac
First generic
Then specific strict
Checking list of parsers returned for (strict mode) type=D ext=.bd
First generic
Then specific strict
Checking list of parsers returned for (strict mode) type=D ext=.b
First generic
Then specific strict
Checking list of parsers returned for (strict mode) type=D ext=.abd
First generic
Then specific strict
Checking list of parsers returned for (strict mode) type=D ext=.cd
First generic
Then specific strict
Checking list of parsers returned for (strict mode) type=D ext=.c
First generic
Then specific strict
Checking list of parsers returned for (strict mode) type=D ext=.ab
First generic
Then specific strict
Checking list of parsers returned for (strict mode) type=D ext=.bc
First generic
Then specific strict
Checking list of parsers returned for (strict mode) type=D ext=.acd
First generic
Then specific strict
Checking list of parsers returned for (strict mode) type=D ext=.a
First generic
Then specific strict
Checking list of parsers returned for (strict mode) type=D ext=.abc
First generic
Then specific strict
Checking list of parsers returned for (non-strict mode) type=A ext=&lt;multifile&gt;
First generic
Then specific non-strict
Then specific strict
Checking list of parsers returned for (non-strict mode) type=A ext=.abcd
First generic
Then specific non-strict
Then specific strict
Checking list of parsers returned for (non-strict mode) type=A ext=.bcd
First generic
Then specific non-strict
Then specific strict
Checking list of parsers returned for (non-strict mode) type=A ext=.d
First generic
Then specific non-strict
Then specific strict
Checking list of parsers returned for (non-strict mode) type=A ext=.ad
First generic
Then specific non-strict
Then specific strict
Checking list of parsers returned for (non-strict mode) type=A ext=.ac
First generic
Then specific non-strict
Then specific strict
Checking list of parsers returned for (non-strict mode) type=A ext=.bd
First generic
Then specific non-strict
Then specific strict
Checking list of parsers returned for (non-strict mode) type=A ext=.b
First generic
Then specific non-strict
Then specific strict
Checking list of parsers returned for (non-strict mode) type=A ext=.abd
First generic
Then specific non-strict
Then specific strict
Checking list of parsers returned for (non-strict mode) type=A ext=.cd
First generic
Then specific non-strict
Then specific strict
Checking list of parsers returned for (non-strict mode) type=A ext=.c
First generic
Then specific non-strict
Then specific strict
Checking list of parsers returned for (non-strict mode) type=A ext=.ab
First generic
Then specific non-strict
Then specific strict
Checking list of parsers returned for (non-strict mode) type=A ext=.bc
First generic
Then specific non-strict
Then specific strict
Checking list of parsers returned for (non-strict mode) type=A ext=.acd
First generic
Then specific non-strict
Then specific strict
Checking list of parsers returned for (non-strict mode) type=A ext=.a
First generic
Then specific non-strict
Then specific strict
Checking list of parsers returned for (non-strict mode) type=A ext=.abc
First generic
Then specific non-strict
Then specific strict
Checking list of parsers returned for (strict mode) type=B ext=&lt;multifile&gt;
First generic
Then specific strict
Checking list of parsers returned for (strict mode) type=B ext=.abcd
First generic
Then specific strict
Checking list of parsers returned for (strict mode) type=B ext=.bcd
First generic
Then specific strict
Checking list of parsers returned for (strict mode) type=B ext=.d
First generic
Then specific strict
Checking list of parsers returned for (strict mode) type=B ext=.ad
First generic
Then specific strict
Checking list of parsers returned for (strict mode) type=B ext=.ac
First generic
Then specific strict
Checking list of parsers returned for (strict mode) type=B ext=.bd
First generic
Then specific strict
Checking list of parsers returned for (strict mode) type=B ext=.b
First generic
Then specific strict
Checking list of parsers returned for (strict mode) type=B ext=.abd
First generic
Then specific strict
Checking list of parsers returned for (strict mode) type=B ext=.cd
First generic
Then specific strict
Checking list of parsers returned for (strict mode) type=B ext=.c
First generic
Then specific strict
Checking list of parsers returned for (strict mode) type=B ext=.ab
First generic
Then specific strict
Checking list of parsers returned for (strict mode) type=B ext=.bc
First generic
Then specific strict
Checking list of parsers returned for (strict mode) type=B ext=.acd
First generic
Then specific strict
Checking list of parsers returned for (strict mode) type=B ext=.a
First generic
Then specific strict
Checking list of parsers returned for (strict mode) type=B ext=.abc
First generic
Then specific strict
Checking list of parsers returned for (non-strict mode) type=C ext=&lt;multifile&gt;
First generic
Then specific non-strict
Then specific strict
Checking list of parsers returned for (non-strict mode) type=C ext=.abcd
First generic
Then specific non-strict
Then specific strict
Checking list of parsers returned for (non-strict mode) type=C ext=.bcd
First generic
Then specific non-strict
Then specific strict
Checking list of parsers returned for (non-strict mode) type=C ext=.d
First generic
Then specific non-strict
Then specific strict
Checking list of parsers returned for (non-strict mode) type=C ext=.ad
First generic
Then specific non-strict
Then specific strict
Checking list of parsers returned for (non-strict mode) type=C ext=.ac
First generic
Then specific non-strict
Then specific strict
Checking list of parsers returned for (non-strict mode) type=C ext=.bd
First generic
Then specific non-strict
Then specific strict
Checking list of parsers returned for (non-strict mode) type=C ext=.b
First generic
Then specific non-strict
Then specific strict
Checking list of parsers returned for (non-strict mode) type=C ext=.abd
First generic
Then specific non-strict
Then specific strict
Checking list of parsers returned for (non-strict mode) type=C ext=.cd
First generic
Then specific non-strict
Then specific strict
Checking list of parsers returned for (non-strict mode) type=C ext=.c
First generic
Then specific non-strict
Then specific strict
Checking list of parsers returned for (non-strict mode) type=C ext=.ab
First generic
Then specific non-strict
Then specific strict
Checking list of parsers returned for (non-strict mode) type=C ext=.bc
First generic
Then specific non-strict
Then specific strict
Checking list of parsers returned for (non-strict mode) type=C ext=.acd
First generic
Then specific non-strict
Then specific strict
Checking list of parsers returned for (non-strict mode) type=C ext=.a
First generic
Then specific non-strict
Then specific strict
Checking list of parsers returned for (non-strict mode) type=C ext=.abc
First generic
Then specific non-strict
Then specific strict
Checking list of parsers returned for (strict mode) type=D ext=&lt;multifile&gt;
First generic
Then specific strict
Checking list of parsers returned for (strict mode) type=D ext=.abcd
First generic
Then specific strict
Checking list of parsers returned for (strict mode) type=D ext=.bcd
First generic
Then specific strict
Checking list of parsers returned for (strict mode) type=D ext=.d
First generic
Then specific strict
Checking list of parsers returned for (strict mode) type=D ext=.ad
First generic
Then specific strict
Checking list of parsers returned for (strict mode) type=D ext=.ac
First generic
Then specific strict
Checking list of parsers returned for (strict mode) type=D ext=.bd
First generic
Then specific strict
Checking list of parsers returned for (strict mode) type=D ext=.b
First generic
Then specific strict
Checking list of parsers returned for (strict mode) type=D ext=.abd
First generic
Then specific strict
Checking list of parsers returned for (strict mode) type=D ext=.cd
First generic
Then specific strict
Checking list of parsers returned for (strict mode) type=D ext=.c
First generic
Then specific strict
Checking list of parsers returned for (strict mode) type=D ext=.ab
First generic
Then specific strict
Checking list of parsers returned for (strict mode) type=D ext=.bc
First generic
Then specific strict
Checking list of parsers returned for (strict mode) type=D ext=.acd
First generic
Then specific strict
Checking list of parsers returned for (strict mode) type=D ext=.a
First generic
Then specific strict
Checking list of parsers returned for (strict mode) type=D ext=.abc
First generic
Then specific strict
Checking list of parsers returned for (non-strict mode) type=A ext=&lt;multifile&gt;
First generic
Then specific non-strict
Then specific strict
Checking list of parsers returned for (non-strict mode) type=A ext=.abcd
First generic
Then specific non-strict
Then specific strict
Checking list of parsers returned for (non-strict mode) type=A ext=.bcd
First generic
Then specific non-strict
Then specific strict
Checking list of parsers returned for (non-strict mode) type=A ext=.d
First generic
Then specific non-strict
Then specific strict
Checking list of parsers returned for (non-strict mode) type=A ext=.ad
First generic
Then specific non-strict
Then specific strict
Checking list of parsers returned for (non-strict mode) type=A ext=.ac
First generic
Then specific non-strict
Then specific strict
Checking list of parsers returned for (non-strict mode) type=A ext=.bd
First generic
Then specific non-strict
Then specific strict
Checking list of parsers returned for (non-strict mode) type=A ext=.b
First generic
Then specific non-strict
Then specific strict
Checking list of parsers returned for (non-strict mode) type=A ext=.abd
First generic
Then specific non-strict
Then specific strict
Checking list of parsers returned for (non-strict mode) type=A ext=.cd
First generic
Then specific non-strict
Then specific strict
Checking list of parsers returned for (non-strict mode) type=A ext=.c
First generic
Then specific non-strict
Then specific strict
Checking list of parsers returned for (non-strict mode) type=A ext=.ab
First generic
Then specific non-strict
Then specific strict
Checking list of parsers returned for (non-strict mode) type=A ext=.bc
First generic
Then specific non-strict
Then specific strict
Checking list of parsers returned for (non-strict mode) type=A ext=.acd
First generic
Then specific non-strict
Then specific strict
Checking list of parsers returned for (non-strict mode) type=A ext=.a
First generic
Then specific non-strict
Then specific strict
Checking list of parsers returned for (non-strict mode) type=A ext=.abc
First generic
Then specific non-strict
Then specific strict
Checking list of parsers returned for (strict mode) type=B ext=&lt;multifile&gt;
First generic
Then specific strict
Checking list of parsers returned for (strict mode) type=B ext=.abcd
First generic
Then specific strict
Checking list of parsers returned for (strict mode) type=B ext=.bcd
First generic
Then specific strict
Checking list of parsers returned for (strict mode) type=B ext=.d
First generic
Then specific strict
Checking list of parsers returned for (strict mode) type=B ext=.ad
First generic
Then specific strict
Checking list of parsers returned for (strict mode) type=B ext=.ac
First generic
Then specific strict
Checking list of parsers returned for (strict mode) type=B ext=.bd
First generic
Then specific strict
Checking list of parsers returned for (strict mode) type=B ext=.b
First generic
Then specific strict
Checking list of parsers returned for (strict mode) type=B ext=.abd
First generic
Then specific strict
Checking list of parsers returned for (strict mode) type=B ext=.cd
First generic
Then specific strict
Checking list of parsers returned for (strict mode) type=B ext=.c
First generic
Then specific strict
Checking list of parsers returned for (strict mode) type=B ext=.ab
First generic
Then specific strict
Checking list of parsers returned for (strict mode) type=B ext=.bc
First generic
Then specific strict
Checking list of parsers returned for (strict mode) type=B ext=.acd
First generic
Then specific strict
Checking list of parsers returned for (strict mode) type=B ext=.a
First generic
Then specific strict
Checking list of parsers returned for (strict mode) type=B ext=.abc
First generic
Then specific strict
Checking list of parsers returned for (non-strict mode) type=C ext=&lt;multifile&gt;
First generic
Then specific non-strict
Then specific strict
Checking list of parsers returned for (non-strict mode) type=C ext=.abcd
First generic
Then specific non-strict
Then specific strict
Checking list of parsers returned for (non-strict mode) type=C ext=.bcd
First generic
Then specific non-strict
Then specific strict
Checking list of parsers returned for (non-strict mode) type=C ext=.d
First generic
Then specific non-strict
Then specific strict
Checking list of parsers returned for (non-strict mode) type=C ext=.ad
First generic
Then specific non-strict
Then specific strict
Checking list of parsers returned for (non-strict mode) type=C ext=.ac
First generic
Then specific non-strict
Then specific strict
Checking list of parsers returned for (non-strict mode) type=C ext=.bd
First generic
Then specific non-strict
Then specific strict
Checking list of parsers returned for (non-strict mode) type=C ext=.b
First generic
Then specific non-strict
Then specific strict
Checking list of parsers returned for (non-strict mode) type=C ext=.abd
First generic
Then specific non-strict
Then specific strict
Checking list of parsers returned for (non-strict mode) type=C ext=.cd
First generic
Then specific non-strict
Then specific strict
Checking list of parsers returned for (non-strict mode) type=C ext=.c
First generic
Then specific non-strict
Then specific strict
Checking list of parsers returned for (non-strict mode) type=C ext=.ab
First generic
Then specific non-strict
Then specific strict
Checking list of parsers returned for (non-strict mode) type=C ext=.bc
First generic
Then specific non-strict
Then specific strict
Checking list of parsers returned for (non-strict mode) type=C ext=.acd
First generic
Then specific non-strict
Then specific strict
Checking list of parsers returned for (non-strict mode) type=C ext=.a
First generic
Then specific non-strict
Then specific strict
Checking list of parsers returned for (non-strict mode) type=C ext=.abc
First generic
Then specific non-strict
Then specific strict
Checking list of parsers returned for (strict mode) type=D ext=&lt;multifile&gt;
First generic
Then specific strict
Checking list of parsers returned for (strict mode) type=D ext=.abcd
First generic
Then specific strict
Checking list of parsers returned for (strict mode) type=D ext=.bcd
First generic
Then specific strict
Checking list of parsers returned for (strict mode) type=D ext=.d
First generic
Then specific strict
Checking list of parsers returned for (strict mode) type=D ext=.ad
First generic
Then specific strict
Checking list of parsers returned for (strict mode) type=D ext=.ac
First generic
Then specific strict
Checking list of parsers returned for (strict mode) type=D ext=.bd
First generic
Then specific strict
Checking list of parsers returned for (strict mode) type=D ext=.b
First generic
Then specific strict
Checking list of parsers returned for (strict mode) type=D ext=.abd
First generic
Then specific strict
Checking list of parsers returned for (strict mode) type=D ext=.cd
First generic
Then specific strict
Checking list of parsers returned for (strict mode) type=D ext=.c
First generic
Then specific strict
Checking list of parsers returned for (strict mode) type=D ext=.ab
First generic
Then specific strict
Checking list of parsers returned for (strict mode) type=D ext=.bc
First generic
Then specific strict
Checking list of parsers returned for (strict mode) type=D ext=.acd
First generic
Then specific strict
Checking list of parsers returned for (strict mode) type=D ext=.a
First generic
Then specific strict
Checking list of parsers returned for (strict mode) type=D ext=.abc
First generic
Then specific strict
Checking list of parsers returned for (non-strict mode) type=A ext=&lt;multifile&gt;
First generic
Then specific non-strict
Then specific strict
Checking list of parsers returned for (non-strict mode) type=A ext=.abcd
First generic
Then specific non-strict
Then specific strict
Checking list of parsers returned for (non-strict mode) type=A ext=.bcd
First generic
Then specific non-strict
Then specific strict
Checking list of parsers returned for (non-strict mode) type=A ext=.d
First generic
Then specific non-strict
Then specific strict
Checking list of parsers returned for (non-strict mode) type=A ext=.ad
First generic
Then specific non-strict
Then specific strict
Checking list of parsers returned for (non-strict mode) type=A ext=.ac
First generic
Then specific non-strict
Then specific strict
Checking list of parsers returned for (non-strict mode) type=A ext=.bd
First generic
Then specific non-strict
Then specific strict
Checking list of parsers returned for (non-strict mode) type=A ext=.b
First generic
Then specific non-strict
Then specific strict
Checking list of parsers returned for (non-strict mode) type=A ext=.abd
First generic
Then specific non-strict
Then specific strict
Checking list of parsers returned for (non-strict mode) type=A ext=.cd
First generic
Then specific non-strict
Then specific strict
Checking list of parsers returned for (non-strict mode) type=A ext=.c
First generic
Then specific non-strict
Then specific strict
Checking list of parsers returned for (non-strict mode) type=A ext=.ab
First generic
Then specific non-strict
Then specific strict
Checking list of parsers returned for (non-strict mode) type=A ext=.bc
First generic
Then specific non-strict
Then specific strict
Checking list of parsers returned for (non-strict mode) type=A ext=.acd
First generic
Then specific non-strict
Then specific strict
Checking list of parsers returned for (non-strict mode) type=A ext=.a
First generic
Then specific non-strict
Then specific strict
Checking list of parsers returned for (non-strict mode) type=A ext=.abc
First generic
Then specific non-strict
Then specific strict
Checking list of parsers returned for (strict mode) type=B ext=&lt;multifile&gt;
First generic
Then specific strict
Checking list of parsers returned for (strict mode) type=B ext=.abcd
First generic
Then specific strict
Checking list of parsers returned for (strict mode) type=B ext=.bcd
First generic
Then specific strict
Checking list of parsers returned for (strict mode) type=B ext=.d
First generic
Then specific strict
Checking list of parsers returned for (strict mode) type=B ext=.ad
First generic
Then specific strict
Checking list of parsers returned for (strict mode) type=B ext=.ac
First generic
Then specific strict
Checking list of parsers returned for (strict mode) type=B ext=.bd
First generic
Then specific strict
Checking list of parsers returned for (strict mode) type=B ext=.b
First generic
Then specific strict
Checking list of parsers returned for (strict mode) type=B ext=.abd
First generic
Then specific strict
Checking list of parsers returned for (strict mode) type=B ext=.cd
First generic
Then specific strict
Checking list of parsers returned for (strict mode) type=B ext=.c
First generic
Then specific strict
Checking list of parsers returned for (strict mode) type=B ext=.ab
First generic
Then specific strict
Checking list of parsers returned for (strict mode) type=B ext=.bc
First generic
Then specific strict
Checking list of parsers returned for (strict mode) type=B ext=.acd
First generic
Then specific strict
Checking list of parsers returned for (strict mode) type=B ext=.a
First generic
Then specific strict
Checking list of parsers returned for (strict mode) type=B ext=.abc
First generic
Then specific strict
Checking list of parsers returned for (non-strict mode) type=C ext=&lt;multifile&gt;
First generic
Then specific non-strict
Then specific strict
Checking list of parsers returned for (non-strict mode) type=C ext=.abcd
First generic
Then specific non-strict
Then specific strict
Checking list of parsers returned for (non-strict mode) type=C ext=.bcd
First generic
Then specific non-strict
Then specific strict
Checking list of parsers returned for (non-strict mode) type=C ext=.d
First generic
Then specific non-strict
Then specific strict
Checking list of parsers returned for (non-strict mode) type=C ext=.ad
First generic
Then specific non-strict
Then specific strict
Checking list of parsers returned for (non-strict mode) type=C ext=.ac
First generic
Then specific non-strict
Then specific strict
Checking list of parsers returned for (non-strict mode) type=C ext=.bd
First generic
Then specific non-strict
Then specific strict
Checking list of parsers returned for (non-strict mode) type=C ext=.b
First generic
Then specific non-strict
Then specific strict
Checking list of parsers returned for (non-strict mode) type=C ext=.abd
First generic
Then specific non-strict
Then specific strict
Checking list of parsers returned for (non-strict mode) type=C ext=.cd
First generic
Then specific non-strict
Then specific strict
Checking list of parsers returned for (non-strict mode) type=C ext=.c
First generic
Then specific non-strict
Then specific strict
Checking list of parsers returned for (non-strict mode) type=C ext=.ab
First generic
Then specific non-strict
Then specific strict
Checking list of parsers returned for (non-strict mode) type=C ext=.bc
First generic
Then specific non-strict
Then specific strict
Checking list of parsers returned for (non-strict mode) type=C ext=.acd
First generic
Then specific non-strict
Then specific strict
Checking list of parsers returned for (non-strict mode) type=C ext=.a
First generic
Then specific non-strict
Then specific strict
Checking list of parsers returned for (non-strict mode) type=C ext=.abc
First generic
Then specific non-strict
Then specific strict
Checking list of parsers returned for (strict mode) type=D ext=&lt;multifile&gt;
First generic
Then specific strict
Checking list of parsers returned for (strict mode) type=D ext=.abcd
First generic
Then specific strict
Checking list of parsers returned for (strict mode) type=D ext=.bcd
First generic
Then specific strict
Checking list of parsers returned for (strict mode) type=D ext=.d
First generic
Then specific strict
Checking list of parsers returned for (strict mode) type=D ext=.ad
First generic
Then specific strict
Checking list of parsers returned for (strict mode) type=D ext=.ac
First generic
Then specific strict
Checking list of parsers returned for (strict mode) type=D ext=.bd
First generic
Then specific strict
Checking list of parsers returned for (strict mode) type=D ext=.b
First generic
Then specific strict
Checking list of parsers returned for (strict mode) type=D ext=.abd
First generic
Then specific strict
Checking list of parsers returned for (strict mode) type=D ext=.cd
First generic
Then specific strict
Checking list of parsers returned for (strict mode) type=D ext=.c
First generic
Then specific strict
Checking list of parsers returned for (strict mode) type=D ext=.ab
First generic
Then specific strict
Checking list of parsers returned for (strict mode) type=D ext=.bc
First generic
Then specific strict
Checking list of parsers returned for (strict mode) type=D ext=.acd
First generic
Then specific strict
Checking list of parsers returned for (strict mode) type=D ext=.a
First generic
Then specific strict
Checking list of parsers returned for (strict mode) type=D ext=.abc
First generic
Then specific strict
Checking list of parsers returned for (non-strict mode) type=A ext=&lt;multifile&gt;
First generic
Then specific non-strict
Then specific strict
Checking list of parsers returned for (non-strict mode) type=A ext=.abcd
First generic
Then specific non-strict
Then specific strict
Checking list of parsers returned for (non-strict mode) type=A ext=.bcd
First generic
Then specific non-strict
Then specific strict
Checking list of parsers returned for (non-strict mode) type=A ext=.d
First generic
Then specific non-strict
Then specific strict
Checking list of parsers returned for (non-strict mode) type=A ext=.ad
First generic
Then specific non-strict
Then specific strict
Checking list of parsers returned for (non-strict mode) type=A ext=.ac
First generic
Then specific non-strict
Then specific strict
Checking list of parsers returned for (non-strict mode) type=A ext=.bd
First generic
Then specific non-strict
Then specific strict
Checking list of parsers returned for (non-strict mode) type=A ext=.b
First generic
Then specific non-strict
Then specific strict
Checking list of parsers returned for (non-strict mode) type=A ext=.abd
First generic
Then specific non-strict
Then specific strict
Checking list of parsers returned for (non-strict mode) type=A ext=.cd
First generic
Then specific non-strict
Then specific strict
Checking list of parsers returned for (non-strict mode) type=A ext=.c
First generic
Then specific non-strict
Then specific strict
Checking list of parsers returned for (non-strict mode) type=A ext=.ab
First generic
Then specific non-strict
Then specific strict
Checking list of parsers returned for (non-strict mode) type=A ext=.bc
First generic
Then specific non-strict
Then specific strict
Checking list of parsers returned for (non-strict mode) type=A ext=.acd
First generic
Then specific non-strict
Then specific strict
Checking list of parsers returned for (non-strict mode) type=A ext=.a
First generic
Then specific non-strict
Then specific strict
Checking list of parsers returned for (non-strict mode) type=A ext=.abc
First generic
Then specific non-strict
Then specific strict
Checking list of parsers returned for (strict mode) type=B ext=&lt;multifile&gt;
First generic
Then specific strict
Checking list of parsers returned for (strict mode) type=B ext=.abcd
First generic
Then specific strict
Checking list of parsers returned for (strict mode) type=B ext=.bcd
First generic
Then specific strict
Checking list of parsers returned for (strict mode) type=B ext=.d
First generic
Then specific strict
Checking list of parsers returned for (strict mode) type=B ext=.ad
First generic
Then specific strict
Checking list of parsers returned for (strict mode) type=B ext=.ac
First generic
Then specific strict
Checking list of parsers returned for (strict mode) type=B ext=.bd
First generic
Then specific strict
Checking list of parsers returned for (strict mode) type=B ext=.b
First generic
Then specific strict
Checking list of parsers returned for (strict mode) type=B ext=.abd
First generic
Then specific strict
Checking list of parsers returned for (strict mode) type=B ext=.cd
First generic
Then specific strict
Checking list of parsers returned for (strict mode) type=B ext=.c
First generic
Then specific strict
Checking list of parsers returned for (strict mode) type=B ext=.ab
First generic
Then specific strict
Checking list of parsers returned for (strict mode) type=B ext=.bc
First generic
Then specific strict
Checking list of parsers returned for (strict mode) type=B ext=.acd
First generic
Then specific strict
Checking list of parsers returned for (strict mode) type=B ext=.a
First generic
Then specific strict
Checking list of parsers returned for (strict mode) type=B ext=.abc
First generic
Then specific strict
Checking list of parsers returned for (non-strict mode) type=C ext=&lt;multifile&gt;
First generic
Then specific non-strict
Then specific strict
Checking list of parsers returned for (non-strict mode) type=C ext=.abcd
First generic
Then specific non-strict
Then specific strict
Checking list of parsers returned for (non-strict mode) type=C ext=.bcd
First generic
Then specific non-strict
Then specific strict
Checking list of parsers returned for (non-strict mode) type=C ext=.d
First generic
Then specific non-strict
Then specific strict
Checking list of parsers returned for (non-strict mode) type=C ext=.ad
First generic
Then specific non-strict
Then specific strict
Checking list of parsers returned for (non-strict mode) type=C ext=.ac
First generic
Then specific non-strict
Then specific strict
Checking list of parsers returned for (non-strict mode) type=C ext=.bd
First generic
Then specific non-strict
Then specific strict
Checking list of parsers returned for (non-strict mode) type=C ext=.b
First generic
Then specific non-strict
Then specific strict
Checking list of parsers returned for (non-strict mode) type=C ext=.abd
First generic
Then specific non-strict
Then specific strict
Checking list of parsers returned for (non-strict mode) type=C ext=.cd
First generic
Then specific non-strict
Then specific strict
Checking list of parsers returned for (non-strict mode) type=C ext=.c
First generic
Then specific non-strict
Then specific strict
Checking list of parsers returned for (non-strict mode) type=C ext=.ab
First generic
Then specific non-strict
Then specific strict
Checking list of parsers returned for (non-strict mode) type=C ext=.bc
First generic
Then specific non-strict
Then specific strict
Checking list of parsers returned for (non-strict mode) type=C ext=.acd
First generic
Then specific non-strict
Then specific strict
Checking list of parsers returned for (non-strict mode) type=C ext=.a
First generic
Then specific non-strict
Then specific strict
Checking list of parsers returned for (non-strict mode) type=C ext=.abc
First generic
Then specific non-strict
Then specific strict
Checking list of parsers returned for (strict mode) type=D ext=&lt;multifile&gt;
First generic
Then specific strict
Checking list of parsers returned for (strict mode) type=D ext=.abcd
First generic
Then specific strict
Checking list of parsers returned for (strict mode) type=D ext=.bcd
First generic
Then specific strict
Checking list of parsers returned for (strict mode) type=D ext=.d
First generic
Then specific strict
Checking list of parsers returned for (strict mode) type=D ext=.ad
First generic
Then specific strict
Checking list of parsers returned for (strict mode) type=D ext=.ac
First generic
Then specific strict
Checking list of parsers returned for (strict mode) type=D ext=.bd
First generic
Then specific strict
Checking list of parsers returned for (strict mode) type=D ext=.b
First generic
Then specific strict
Checking list of parsers returned for (strict mode) type=D ext=.abd
First generic
Then specific strict
Checking list of parsers returned for (strict mode) type=D ext=.cd
First generic
Then specific strict
Checking list of parsers returned for (strict mode) type=D ext=.c
First generic
Then specific strict
Checking list of parsers returned for (strict mode) type=D ext=.ab
First generic
Then specific strict
Checking list of parsers returned for (strict mode) type=D ext=.bc
First generic
Then specific strict
Checking list of parsers returned for (strict mode) type=D ext=.acd
First generic
Then specific strict
Checking list of parsers returned for (strict mode) type=D ext=.a
First generic
Then specific strict
Checking list of parsers returned for (strict mode) type=D ext=.abc
First generic
Then specific strict
Checking list of parsers returned for (non-strict mode) type=A ext=&lt;multifile&gt;
First generic
Then specific non-strict
Then specific strict
Checking list of parsers returned for (non-strict mode) type=A ext=.abcd
First generic
Then specific non-strict
Then specific strict
Checking list of parsers returned for (non-strict mode) type=A ext=.bcd
First generic
Then specific non-strict
Then specific strict
Checking list of parsers returned for (non-strict mode) type=A ext=.d
First generic
Then specific non-strict
Then specific strict
Checking list of parsers returned for (non-strict mode) type=A ext=.ad
First generic
Then specific non-strict
Then specific strict
Checking list of parsers returned for (non-strict mode) type=A ext=.ac
First generic
Then specific non-strict
Then specific strict
Checking list of parsers returned for (non-strict mode) type=A ext=.bd
First generic
Then specific non-strict
Then specific strict
Checking list of parsers returned for (non-strict mode) type=A ext=.b
First generic
Then specific non-strict
Then specific strict
Checking list of parsers returned for (non-strict mode) type=A ext=.abd
First generic
Then specific non-strict
Then specific strict
Checking list of parsers returned for (non-strict mode) type=A ext=.cd
First generic
Then specific non-strict
Then specific strict
Checking list of parsers returned for (non-strict mode) type=A ext=.c
First generic
Then specific non-strict
Then specific strict
Checking list of parsers returned for (non-strict mode) type=A ext=.ab
First generic
Then specific non-strict
Then specific strict
Checking list of parsers returned for (non-strict mode) type=A ext=.bc
First generic
Then specific non-strict
Then specific strict
Checking list of parsers returned for (non-strict mode) type=A ext=.acd
First generic
Then specific non-strict
Then specific strict
Checking list of parsers returned for (non-strict mode) type=A ext=.a
First generic
Then specific non-strict
Then specific strict
Checking list of parsers returned for (non-strict mode) type=A ext=.abc
First generic
Then specific non-strict
Then specific strict
Checking list of parsers returned for (strict mode) type=B ext=&lt;multifile&gt;
First generic
Then specific strict
Checking list of parsers returned for (strict mode) type=B ext=.abcd
First generic
Then specific strict
Checking list of parsers returned for (strict mode) type=B ext=.bcd
First generic
Then specific strict
Checking list of parsers returned for (strict mode) type=B ext=.d
First generic
Then specific strict
Checking list of parsers returned for (strict mode) type=B ext=.ad
First generic
Then specific strict
Checking list of parsers returned for (strict mode) type=B ext=.ac
First generic
Then specific strict
Checking list of parsers returned for (strict mode) type=B ext=.bd
First generic
Then specific strict
Checking list of parsers returned for (strict mode) type=B ext=.b
First generic
Then specific strict
Checking list of parsers returned for (strict mode) type=B ext=.abd
First generic
Then specific strict
Checking list of parsers returned for (strict mode) type=B ext=.cd
First generic
Then specific strict
Checking list of parsers returned for (strict mode) type=B ext=.c
First generic
Then specific strict
Checking list of parsers returned for (strict mode) type=B ext=.ab
First generic
Then specific strict
Checking list of parsers returned for (strict mode) type=B ext=.bc
First generic
Then specific strict
Checking list of parsers returned for (strict mode) type=B ext=.acd
First generic
Then specific strict
Checking list of parsers returned for (strict mode) type=B ext=.a
First generic
Then specific strict
Checking list of parsers returned for (strict mode) type=B ext=.abc
First generic
Then specific strict
Checking list of parsers returned for (non-strict mode) type=C ext=&lt;multifile&gt;
First generic
Then specific non-strict
Then specific strict
Checking list of parsers returned for (non-strict mode) type=C ext=.abcd
First generic
Then specific non-strict
Then specific strict
Checking list of parsers returned for (non-strict mode) type=C ext=.bcd
First generic
Then specific non-strict
Then specific strict
Checking list of parsers returned for (non-strict mode) type=C ext=.d
First generic
Then specific non-strict
Then specific strict
Checking list of parsers returned for (non-strict mode) type=C ext=.ad
First generic
Then specific non-strict
Then specific strict
Checking list of parsers returned for (non-strict mode) type=C ext=.ac
First generic
Then specific non-strict
Then specific strict
Checking list of parsers returned for (non-strict mode) type=C ext=.bd
First generic
Then specific non-strict
Then specific strict
Checking list of parsers returned for (non-strict mode) type=C ext=.b
First generic
Then specific non-strict
Then specific strict
Checking list of parsers returned for (non-strict mode) type=C ext=.abd
First generic
Then specific non-strict
Then specific strict
Checking list of parsers returned for (non-strict mode) type=C ext=.cd
First generic
Then specific non-strict
Then specific strict
Checking list of parsers returned for (non-strict mode) type=C ext=.c
First generic
Then specific non-strict
Then specific strict
Checking list of parsers returned for (non-strict mode) type=C ext=.ab
First generic
Then specific non-strict
Then specific strict
Checking list of parsers returned for (non-strict mode) type=C ext=.bc
First generic
Then specific non-strict
Then specific strict
Checking list of parsers returned for (non-strict mode) type=C ext=.acd
First generic
Then specific non-strict
Then specific strict
Checking list of parsers returned for (non-strict mode) type=C ext=.a
First generic
Then specific non-strict
Then specific strict
Checking list of parsers returned for (non-strict mode) type=C ext=.abc
First generic
Then specific non-strict
Then specific strict
Checking list of parsers returned for (strict mode) type=D ext=&lt;multifile&gt;
First generic
Then specific strict
Checking list of parsers returned for (strict mode) type=D ext=.abcd
First generic
Then specific strict
Checking list of parsers returned for (strict mode) type=D ext=.bcd
First generic
Then specific strict
Checking list of parsers returned for (strict mode) type=D ext=.d
First generic
Then specific strict
Checking list of parsers returned for (strict mode) type=D ext=.ad
First generic
Then specific strict
Checking list of parsers returned for (strict mode) type=D ext=.ac
First generic
Then specific strict
Checking list of parsers returned for (strict mode) type=D ext=.bd
First generic
Then specific strict
Checking list of parsers returned for (strict mode) type=D ext=.b
First generic
Then specific strict
Checking list of parsers returned for (strict mode) type=D ext=.abd
First generic
Then specific strict
Checking list of parsers returned for (strict mode) type=D ext=.cd
First generic
Then specific strict
Checking list of parsers returned for (strict mode) type=D ext=.c
First generic
Then specific strict
Checking list of parsers returned for (strict mode) type=D ext=.ab
First generic
Then specific strict
Checking list of parsers returned for (strict mode) type=D ext=.bc
First generic
Then specific strict
Checking list of parsers returned for (strict mode) type=D ext=.acd
First generic
Then specific strict
Checking list of parsers returned for (strict mode) type=D ext=.a
First generic
Then specific strict
Checking list of parsers returned for (strict mode) type=D ext=.abc
First generic
Then specific strict
</system-out></testcase><testcase classname="parsyfiles.tests.demo.test_parsyfiles_readme.DemoTests" file="parsyfiles/tests/demo/test_parsyfiles_readme.py" line="32" name="test_a_helloworld" time="0.09047412872314453"><system-out>SUCCESS parsed [/home/travis/build/smarie/python-parsyfiles/parsyfiles/tests/demo/a_helloworld/hello_world.txt] as a [str] successfully. Parser used was [&lt;read_str_from_txt&gt;]
hello
</system-out></testcase><testcase classname="parsyfiles.tests.demo.test_parsyfiles_readme.DemoTests" file="parsyfiles/tests/demo/test_parsyfiles_readme.py" line="281" name="test_multifile_objects" time="0.3356499671936035"><system-out>SUCCESS parsed [/home/travis/build/smarie/python-parsyfiles/parsyfiles/tests/demo/./complex_objects/case1/expected_results.txt] as a [AlgoResults] successfully. Parser used was [$&lt;read_dict_from_properties&gt; =&gt; &lt;dict_to_object&gt;$]
SUCCESS parsed [/home/travis/build/smarie/python-parsyfiles/parsyfiles/tests/demo/./complex_objects/case1/x.csv] as a [Series] successfully. Parser used was [&lt;read_df_or_series_from_csv&gt;]
SUCCESS parsed [/home/travis/build/smarie/python-parsyfiles/parsyfiles/tests/demo/./complex_objects/case1/y.txt] as a [AlgoConf] successfully. Parser used was [$&lt;read_dict_from_properties&gt; =&gt; &lt;dict_to_object&gt;$]
SUCCESS parsed [/home/travis/build/smarie/python-parsyfiles/parsyfiles/tests/demo/./complex_objects/case1] as a [ExecOpSeriesTest] successfully. Parser used was [Multifile Object parser (parsyfiles defaults)]
SUCCESS parsed [/home/travis/build/smarie/python-parsyfiles/parsyfiles/tests/demo/./complex_objects/case2/expected_results.txt] as a [AlgoResults] successfully. Parser used was [$&lt;read_dict_from_properties&gt; =&gt; &lt;dict_to_object&gt;$]
SUCCESS parsed [/home/travis/build/smarie/python-parsyfiles/parsyfiles/tests/demo/./complex_objects/case2/x.csv] as a [Series] successfully. Parser used was [&lt;read_df_or_series_from_csv&gt;]
SUCCESS parsed [/home/travis/build/smarie/python-parsyfiles/parsyfiles/tests/demo/./complex_objects/case2/y.txt] as a [AlgoConf] successfully. Parser used was [$&lt;read_dict_from_properties&gt; =&gt; &lt;dict_to_object&gt;$]
SUCCESS parsed [/home/travis/build/smarie/python-parsyfiles/parsyfiles/tests/demo/./complex_objects/case2] as a [ExecOpSeriesTest] successfully. Parser used was [Multifile Object parser (parsyfiles defaults)]
SUCCESS parsed [/home/travis/build/smarie/python-parsyfiles/parsyfiles/tests/demo/./complex_objects] as a [Dict[str, ExecOpSeriesTest]] successfully. Parser used was [Multifile Collection parser (parsyfiles defaults)]
OrderedDict([(&apos;case1&apos;,
              &lt;test_parsyfiles_readme.DemoTests.test_multifile_objects.&lt;locals&gt;.ExecOpSeriesTest object at 0x7fa78c2ccb70&gt;),
             (&apos;case2&apos;,
              &lt;test_parsyfiles_readme.DemoTests.test_multifile_objects.&lt;locals&gt;.ExecOpSeriesTest object at 0x7fa78c3667f0&gt;)])
{&apos;.cfg&apos;: {&apos;3_generic&apos;: [$&lt;read_config&gt; =&gt; &lt;merge_all_config_sections_into_a_single_dict&gt; -&gt; &lt;dict_to_object&gt;$,
                        $&lt;read_config&gt; =&gt; &lt;config_to_dict_of_dict&gt; -&gt; &lt;dict_of_dict_to_object&gt;$,
                        $&lt;read_config&gt; =&gt; &lt;config_to_dict_of_dict&gt; -&gt; &lt;dict_to_object&gt;$]},
 &apos;.csv&apos;: {&apos;3_generic&apos;: [$&lt;read_df_or_series_from_csv&gt; =&gt; &lt;single_row_or_col_df_to_dict&gt; -&gt; &lt;dict_to_object&gt;$]},
 &apos;.ini&apos;: {&apos;3_generic&apos;: [$&lt;read_config&gt; =&gt; &lt;merge_all_config_sections_into_a_single_dict&gt; -&gt; &lt;dict_to_object&gt;$,
                        $&lt;read_config&gt; =&gt; &lt;config_to_dict_of_dict&gt; -&gt; &lt;dict_of_dict_to_object&gt;$,
                        $&lt;read_config&gt; =&gt; &lt;config_to_dict_of_dict&gt; -&gt; &lt;dict_to_object&gt;$]},
 &apos;.json&apos;: {&apos;3_generic&apos;: [$&lt;read_dict_or_list_from_json&gt; =&gt; &lt;dict_to_object&gt;$]},
 &apos;.properties&apos;: {&apos;3_generic&apos;: [$&lt;read_dict_from_properties&gt; =&gt; &lt;dict_to_object&gt;$]},
 &apos;.pyc&apos;: {&apos;3_generic&apos;: [&lt;read_object_from_pickle&gt;]},
 &apos;.txt&apos;: {&apos;3_generic&apos;: [$&lt;read_dict_from_properties&gt; =&gt; &lt;dict_to_object&gt;$,
                        $&lt;read_str_from_txt&gt; =&gt; &lt;constructor_with_str_arg&gt;$,
                        $&lt;read_str_from_txt&gt; =&gt; &lt;base64_ascii_str_pickle_to_object&gt;$,
                        $&lt;read_df_or_series_from_csv&gt; =&gt; &lt;single_row_or_col_df_to_dict&gt; -&gt; &lt;dict_to_object&gt;$]},
 &apos;.xls&apos;: {&apos;3_generic&apos;: [$&lt;read_dataframe_from_xls&gt; =&gt; &lt;single_row_or_col_df_to_dict&gt; -&gt; &lt;dict_to_object&gt;$]},
 &apos;.xlsm&apos;: {&apos;3_generic&apos;: [$&lt;read_dataframe_from_xls&gt; =&gt; &lt;single_row_or_col_df_to_dict&gt; -&gt; &lt;dict_to_object&gt;$]},
 &apos;.xlsx&apos;: {&apos;3_generic&apos;: [$&lt;read_dataframe_from_xls&gt; =&gt; &lt;single_row_or_col_df_to_dict&gt; -&gt; &lt;dict_to_object&gt;$]},
 &apos;.yaml&apos;: {&apos;3_generic&apos;: [&lt;read_object_from_yaml&gt;,
                         $&lt;read_collection_from_yaml&gt; =&gt; &lt;dict_to_object&gt;$]},
 &apos;.yml&apos;: {&apos;3_generic&apos;: [&lt;read_object_from_yaml&gt;,
                        $&lt;read_collection_from_yaml&gt; =&gt; &lt;dict_to_object&gt;$]},
 &apos;&lt;multifile&gt;&apos;: {&apos;3_generic&apos;: [Multifile Object parser (parsyfiles defaults)]}}
SUCCESS parsed [/home/travis/build/smarie/python-parsyfiles/parsyfiles/tests/demo/./complex_objects_flat/case1--expected_results.txt] as a [DataFrame] successfully. Parser used was [&lt;read_df_or_series_from_csv&gt;]
SUCCESS parsed [/home/travis/build/smarie/python-parsyfiles/parsyfiles/tests/demo/./complex_objects_flat/case1--x.csv] as a [DataFrame] successfully. Parser used was [&lt;read_df_or_series_from_csv&gt;]
SUCCESS parsed [/home/travis/build/smarie/python-parsyfiles/parsyfiles/tests/demo/./complex_objects_flat/case1--y.txt] as a [DataFrame] successfully. Parser used was [&lt;read_df_or_series_from_csv&gt;]
SUCCESS parsed [/home/travis/build/smarie/python-parsyfiles/parsyfiles/tests/demo/./complex_objects_flat/case2--expected_results.txt] as a [DataFrame] successfully. Parser used was [&lt;read_df_or_series_from_csv&gt;]
SUCCESS parsed [/home/travis/build/smarie/python-parsyfiles/parsyfiles/tests/demo/./complex_objects_flat/case2--x.csv] as a [DataFrame] successfully. Parser used was [&lt;read_df_or_series_from_csv&gt;]
SUCCESS parsed [/home/travis/build/smarie/python-parsyfiles/parsyfiles/tests/demo/./complex_objects_flat/case2--y.txt] as a [DataFrame] successfully. Parser used was [&lt;read_df_or_series_from_csv&gt;]
SUCCESS parsed [/home/travis/build/smarie/python-parsyfiles/parsyfiles/tests/demo/./complex_objects_flat] as a [Dict[str, DataFrame]] successfully. Parser used was [Multifile Collection parser (parsyfiles defaults)]
OrderedDict([(&apos;case1--expected_results&apos;,   score = 5.0
0  perf = 2.1),
             (&apos;case1--x&apos;,
                          t       v
0  2000-01-01     bug
1  2000-01-02  normal),
             (&apos;case1--y&apos;,   foo_param = &quot;foo&quot;
0   bar_param = 2.0),
             (&apos;case2--expected_results&apos;,   score = 5.0
0  perf = 2.1),
             (&apos;case2--x&apos;,   2000-01-05 2000-01-06
0        foo        bar),
             (&apos;case2--y&apos;,   foo_param = &quot;bar&quot;
0     bar_param = 2)])
</system-out></testcase><testcase classname="parsyfiles.tests.demo.test_parsyfiles_readme.DemoTests" file="parsyfiles/tests/demo/test_parsyfiles_readme.py" line="360" name="test_parse_subclass_of_known_with_custom_converter" time="0.11570978164672852"><system-out>SUCCESS parsed [/home/travis/build/smarie/python-parsyfiles/parsyfiles/tests/demo/./ts_collection/a.csv] as a [TimeSeries] successfully. Parser used was [$&lt;read_df_or_series_from_csv&gt; =&gt; &lt;df_to_ts&gt;$]
SUCCESS parsed [/home/travis/build/smarie/python-parsyfiles/parsyfiles/tests/demo/./ts_collection/b.txt] as a [TimeSeries] successfully. Parser used was [$&lt;read_df_or_series_from_csv&gt; =&gt; &lt;df_to_ts&gt;$]
SUCCESS parsed [/home/travis/build/smarie/python-parsyfiles/parsyfiles/tests/demo/./ts_collection/c.xlsx] as a [TimeSeries] successfully. Parser used was [$&lt;read_dataframe_from_xls&gt; =&gt; &lt;df_to_ts&gt;$]
SUCCESS parsed [/home/travis/build/smarie/python-parsyfiles/parsyfiles/tests/demo/./ts_collection] as a [Dict[str, TimeSeries]] successfully. Parser used was [Multifile Collection parser (parsyfiles defaults)]
</system-out></testcase><testcase classname="parsyfiles.tests.demo.test_parsyfiles_readme.DemoTests" file="parsyfiles/tests/demo/test_parsyfiles_readme.py" line="428" name="test_parse_with_custom_parser" time="0.04726982116699219"><system-out>SUCCESS parsed [/home/travis/build/smarie/python-parsyfiles/parsyfiles/tests/demo/./xml_collection/a.xml] as a [ElementTree] successfully. Parser used was [&lt;read_xml&gt;]
SUCCESS parsed [/home/travis/build/smarie/python-parsyfiles/parsyfiles/tests/demo/./xml_collection/b.xml] as a [ElementTree] successfully. Parser used was [&lt;read_xml&gt;]
SUCCESS parsed [/home/travis/build/smarie/python-parsyfiles/parsyfiles/tests/demo/./xml_collection] as a [Dict[str, ElementTree]] successfully. Parser used was [Multifile Collection parser (parsyfiles defaults)]
{&apos;a&apos;: b&apos;&lt;a&gt;\n\t&lt;hello /&gt;\n&lt;/a&gt;&apos;, &apos;b&apos;: b&apos;&lt;a&gt;\n\t&lt;hello /&gt;\n&lt;/a&gt;&apos;}
</system-out></testcase><testcase classname="parsyfiles.tests.demo.test_parsyfiles_readme.DemoTests" file="parsyfiles/tests/demo/test_parsyfiles_readme.py" line="328" name="test_pass_parser_options" time="0.13240909576416016"><system-out>Parser id for csv is : read_df_or_series_from_csv, implementing function is &lt;function read_df_or_series_from_csv at 0x7fa78c5e8158&gt;
option hints : read_df_or_series_from_csv: all options from read_csv are supported, see http://pandas.pydata.org/pandas-docs/stable/generated/pandas.read_csv.html
Parser id for csv is : read_dataframe_from_xls, implementing function is &lt;function read_dataframe_from_xls at 0x7fa78d75ed90&gt;
option hints : read_dataframe_from_xls: all options from read_excel are supported, see http://pandas.pydata.org/pandas-docs/stable/generated/pandas.read_excel.html
SUCCESS parsed [/home/travis/build/smarie/python-parsyfiles/parsyfiles/tests/demo/./ts_collection/a.csv] as a [DataFrame] successfully. Parser used was [&lt;read_df_or_series_from_csv&gt;]
SUCCESS parsed [/home/travis/build/smarie/python-parsyfiles/parsyfiles/tests/demo/./ts_collection/b.txt] as a [DataFrame] successfully. Parser used was [&lt;read_df_or_series_from_csv&gt;]
SUCCESS parsed [/home/travis/build/smarie/python-parsyfiles/parsyfiles/tests/demo/./ts_collection/c.xlsx] as a [DataFrame] successfully. Parser used was [&lt;read_dataframe_from_xls&gt;]
SUCCESS parsed [/home/travis/build/smarie/python-parsyfiles/parsyfiles/tests/demo/./ts_collection] as a [Dict[str, DataFrame]] successfully. Parser used was [Multifile Collection parser (parsyfiles defaults)]
OrderedDict([(&apos;a&apos;,                      a  b  c  d
time                           
2015-08-28 23:30:00  1  2  3  4
2015-08-29 00:00:00  1  2  3  5), (&apos;b&apos;,                      a  b  c  d
time                           
2015-08-28 23:30:00  1  2  3  4
2015-08-29 00:00:00  1  2  3  5), (&apos;c&apos;,             a  b
date            
2015-01-01  1  2
2015-01-02  4  3)])
</system-out></testcase><testcase classname="parsyfiles.tests.demo.test_parsyfiles_readme.DemoTests" file="parsyfiles/tests/demo/test_parsyfiles_readme.py" line="44" name="test_simple_collection" time="0.28694629669189453"><system-out>SUCCESS parsed [/home/travis/build/smarie/python-parsyfiles/parsyfiles/tests/demo/./simple_collection/a.csv] as a [DataFrame] successfully. Parser used was [&lt;read_df_or_series_from_csv&gt;]
SUCCESS parsed [/home/travis/build/smarie/python-parsyfiles/parsyfiles/tests/demo/./simple_collection/b.txt] as a [DataFrame] successfully. Parser used was [&lt;read_df_or_series_from_csv&gt;]
SUCCESS parsed [/home/travis/build/smarie/python-parsyfiles/parsyfiles/tests/demo/./simple_collection/c.xls] as a [DataFrame] successfully. Parser used was [&lt;read_dataframe_from_xls&gt;]
SUCCESS parsed [/home/travis/build/smarie/python-parsyfiles/parsyfiles/tests/demo/./simple_collection/d.xlsx] as a [DataFrame] successfully. Parser used was [&lt;read_dataframe_from_xls&gt;]
SUCCESS parsed [/home/travis/build/smarie/python-parsyfiles/parsyfiles/tests/demo/./simple_collection/e.xlsm] as a [DataFrame] successfully. Parser used was [&lt;read_dataframe_from_xls&gt;]
SUCCESS parsed [/home/travis/build/smarie/python-parsyfiles/parsyfiles/tests/demo/./simple_collection] as a [Dict[str, DataFrame]] successfully. Parser used was [Multifile Collection parser (parsyfiles defaults)]
OrderedDict([(&apos;a&apos;,    a  b  c  d
0  1  2  3  4),
             (&apos;b&apos;,    a  b  c  d
0  1  2  3  4),
             (&apos;c&apos;,    c   5
0  d   8
1  e  12
2  f   3),
             (&apos;d&apos;,    c   5
0  d   8
1  e  12
2  f   3),
             (&apos;e&apos;,    c   5
0  d   8
1  e  12
2  f   3)])
SUCCESS parsed [/home/travis/build/smarie/python-parsyfiles/parsyfiles/tests/demo/./simple_collection/c.xls] as a [DataFrame] successfully. Parser used was [&lt;read_dataframe_from_xls&gt;]
   c   5
0  d   8
1  e  12
2  f   3
{&apos;.cfg&apos;: {&apos;1_exact_match&apos;: [$&lt;read_config&gt; =&gt; &lt;merge_all_config_sections_into_a_single_dict&gt; -&gt; &lt;dict_to_df&gt;$,
                            $&lt;read_config&gt; =&gt; &lt;config_to_dict_of_dict&gt; -&gt; &lt;dict_to_df&gt;$]},
 &apos;.csv&apos;: {&apos;1_exact_match&apos;: [&lt;read_df_or_series_from_csv&gt;]},
 &apos;.ini&apos;: {&apos;1_exact_match&apos;: [$&lt;read_config&gt; =&gt; &lt;merge_all_config_sections_into_a_single_dict&gt; -&gt; &lt;dict_to_df&gt;$,
                            $&lt;read_config&gt; =&gt; &lt;config_to_dict_of_dict&gt; -&gt; &lt;dict_to_df&gt;$]},
 &apos;.json&apos;: {&apos;1_exact_match&apos;: [$&lt;read_dict_or_list_from_json&gt; =&gt; &lt;dict_to_df&gt;$]},
 &apos;.properties&apos;: {&apos;1_exact_match&apos;: [$&lt;read_dict_from_properties&gt; =&gt; &lt;dict_to_df&gt;$]},
 &apos;.pyc&apos;: {&apos;1_exact_match&apos;: [$&lt;read_object_from_pickle&gt; =&gt; &lt;dict_to_df&gt;$,
                            $&lt;read_object_from_pickle&gt; =&gt; &lt;merge_all_config_sections_into_a_single_dict&gt; -&gt; &lt;dict_to_df&gt;$,
                            $&lt;read_object_from_pickle&gt; =&gt; &lt;config_to_dict_of_dict&gt; -&gt; &lt;dict_to_df&gt;$],
          &apos;3_generic&apos;: [&lt;read_object_from_pickle&gt;]},
 &apos;.txt&apos;: {&apos;1_exact_match&apos;: [&lt;read_df_or_series_from_csv&gt;,
                            $&lt;read_dict_from_properties&gt; =&gt; &lt;dict_to_df&gt;$],
          &apos;3_generic&apos;: [$&lt;read_str_from_txt&gt; =&gt; &lt;constructor_with_str_arg&gt;$,
                        $&lt;read_str_from_txt&gt; =&gt; &lt;base64_ascii_str_pickle_to_object&gt;$]},
 &apos;.xls&apos;: {&apos;1_exact_match&apos;: [&lt;read_dataframe_from_xls&gt;]},
 &apos;.xlsm&apos;: {&apos;1_exact_match&apos;: [&lt;read_dataframe_from_xls&gt;]},
 &apos;.xlsx&apos;: {&apos;1_exact_match&apos;: [&lt;read_dataframe_from_xls&gt;]},
 &apos;.yaml&apos;: {&apos;1_exact_match&apos;: [$&lt;read_object_from_yaml&gt; =&gt; &lt;dict_to_df&gt;$,
                             $&lt;read_collection_from_yaml&gt; =&gt; &lt;dict_to_df&gt;$,
                             $&lt;read_object_from_yaml&gt; =&gt; &lt;merge_all_config_sections_into_a_single_dict&gt; -&gt; &lt;dict_to_df&gt;$,
                             $&lt;read_object_from_yaml&gt; =&gt; &lt;config_to_dict_of_dict&gt; -&gt; &lt;dict_to_df&gt;$],
           &apos;3_generic&apos;: [&lt;read_object_from_yaml&gt;]},
 &apos;.yml&apos;: {&apos;1_exact_match&apos;: [$&lt;read_object_from_yaml&gt; =&gt; &lt;dict_to_df&gt;$,
                            $&lt;read_collection_from_yaml&gt; =&gt; &lt;dict_to_df&gt;$,
                            $&lt;read_object_from_yaml&gt; =&gt; &lt;merge_all_config_sections_into_a_single_dict&gt; -&gt; &lt;dict_to_df&gt;$,
                            $&lt;read_object_from_yaml&gt; =&gt; &lt;config_to_dict_of_dict&gt; -&gt; &lt;dict_to_df&gt;$],
          &apos;3_generic&apos;: [&lt;read_object_from_yaml&gt;]},
 &apos;&lt;multifile&gt;&apos;: {}}
</system-out></testcase><testcase classname="parsyfiles.tests.demo.test_parsyfiles_readme.DemoTests" file="parsyfiles/tests/demo/test_parsyfiles_readme.py" line="318" name="test_simple_collection_dataframe_all" time="0.20664501190185547"><system-out>SUCCESS parsed [/home/travis/build/smarie/python-parsyfiles/parsyfiles/tests/demo/./simple_collection_dataframe_inference/a.csv] as a [DataFrame] successfully. Parser used was [&lt;read_df_or_series_from_csv&gt;]
SUCCESS parsed [/home/travis/build/smarie/python-parsyfiles/parsyfiles/tests/demo/./simple_collection_dataframe_inference/b.txt] as a [DataFrame] successfully. Parser used was [&lt;read_df_or_series_from_csv&gt;]
SUCCESS parsed [/home/travis/build/smarie/python-parsyfiles/parsyfiles/tests/demo/./simple_collection_dataframe_inference/c.xls] as a [DataFrame] successfully. Parser used was [&lt;read_dataframe_from_xls&gt;]
SUCCESS parsed [/home/travis/build/smarie/python-parsyfiles/parsyfiles/tests/demo/./simple_collection_dataframe_inference/d.xlsx] as a [DataFrame] successfully. Parser used was [&lt;read_dataframe_from_xls&gt;]
SUCCESS parsed [/home/travis/build/smarie/python-parsyfiles/parsyfiles/tests/demo/./simple_collection_dataframe_inference/s_b64_pickle.txt] as a [DataFrame] successfully. Parser used was [&lt;read_df_or_series_from_csv&gt;]
SUCCESS parsed [/home/travis/build/smarie/python-parsyfiles/parsyfiles/tests/demo/./simple_collection_dataframe_inference/u.json] as a [DataFrame] successfully. Parser used was [$&lt;read_dict_or_list_from_json&gt; =&gt; &lt;dict_to_df&gt;$]
SUCCESS parsed [/home/travis/build/smarie/python-parsyfiles/parsyfiles/tests/demo/./simple_collection_dataframe_inference/v_properties.txt] as a [DataFrame] successfully. Parser used was [&lt;read_df_or_series_from_csv&gt;]
SUCCESS parsed [/home/travis/build/smarie/python-parsyfiles/parsyfiles/tests/demo/./simple_collection_dataframe_inference/w.properties] as a [DataFrame] successfully. Parser used was [$&lt;read_dict_from_properties&gt; =&gt; &lt;dict_to_df&gt;$]
SUCCESS parsed [/home/travis/build/smarie/python-parsyfiles/parsyfiles/tests/demo/./simple_collection_dataframe_inference/x.yaml] as a [DataFrame] successfully. Parser used was [$&lt;read_object_from_yaml&gt; =&gt; &lt;dict_to_df&gt;$]
SUCCESS parsed [/home/travis/build/smarie/python-parsyfiles/parsyfiles/tests/demo/./simple_collection_dataframe_inference/y.cfg] as a [DataFrame] successfully. Parser used was [$&lt;read_config&gt; =&gt; &lt;merge_all_config_sections_into_a_single_dict&gt; -&gt; &lt;dict_to_df&gt;$]
SUCCESS parsed [/home/travis/build/smarie/python-parsyfiles/parsyfiles/tests/demo/./simple_collection_dataframe_inference/z.ini] as a [DataFrame] successfully. Parser used was [$&lt;read_config&gt; =&gt; &lt;merge_all_config_sections_into_a_single_dict&gt; -&gt; &lt;dict_to_df&gt;$]
SUCCESS parsed [/home/travis/build/smarie/python-parsyfiles/parsyfiles/tests/demo/./simple_collection_dataframe_inference] as a [Dict[str, DataFrame]] successfully. Parser used was [Multifile Collection parser (parsyfiles defaults)]
OrderedDict([(&apos;a&apos;,    a  b  c  d
0  1  2  3  4),
             (&apos;b&apos;,    a  b  c  d
0  1  2  3  4),
             (&apos;c&apos;, Empty DataFrame
Columns: []
Index: []),
             (&apos;d&apos;, Empty DataFrame
Columns: []
Index: []),
             (&apos;s_b64_pickle&apos;,
              Empty DataFrame
Columns: [gANjcGFuZGFzLmNvcmUuZnJhbWUKRGF0YUZyYW1lCnEAKYFxAX1xAihYCQAAAF9tZXRhZGF0YXEDXXEEWAQAAABfdHlwcQVYCQAAAGRhdGFmcmFtZXEGWAUAAABfZGF0YXEHY3BhbmRhcy5jb3JlLmludGVybmFscwpCbG9ja01hbmFnZXIKcQgpgXEJKF1xCihjcGFuZGFzLmluZGV4ZXMuYmFzZQpfbmV3X0luZGV4CnELY3BhbmRhcy5pbmRleGVzLmJhc2UKSW5kZXgKcQx9cQ0oWAQAAABkYXRhcQ5jbnVtcHkuY29yZS5tdWx0aWFycmF5Cl9yZWNvbnN0cnVjdApxD2NudW1weQpuZGFycmF5CnEQSwCFcRFDAWJxEodxE1JxFChLAUsChXEVY251bXB5CmR0eXBlCnEWWAIAAABPOHEXSwBLAYdxGFJxGShLA1gBAAAAfHEaTk5OSv////9K/////0s/dHEbYoldcRwoWAEAAABjcR1LBWV0cR5iWAQAAABuYW1lcR9OdYZxIFJxIWgLY3BhbmRhcy5pbmRleGVzLnJhbmdlClJhbmdlSW5kZXgKcSJ9cSMoWAUAAABzdGFydHEkSwBYBAAAAHN0ZXBxJUsBWAQAAABzdG9wcSZLA2gfTnWGcSdScShlXXEpKGgPaBBLAIVxKmgSh3ErUnEsKEsBSwFLA4ZxLWgWWAIAAABpOHEuSwBLAYdxL1JxMChLA1gBAAAAPHExTk5OSv////9K/////0sAdHEyYolDGAgAAAAAAAAADAAAAAAAAAADAAAAAAAAAHEzdHE0YmgPaBBLAIVxNWgSh3E2UnE3KEsBSwFLA4ZxOGgZiV1xOShYAQAAAGRxOlgBAAAAZXE7WAEAAABmcTxldHE9YmVdcT4oaAtoDH1xPyhoDmgPaBBLAIVxQGgSh3FBUnFCKEsBSwGFcUNoGYldcURLBWF0cUViaB9OdYZxRlJxR2gLaAx9cUgoaA5oD2gQSwCFcUloEodxSlJxSyhLAUsBhXFMaBmJXXFNaB1hdHFOYmgfTnWGcU9ScVBlfXFRWAYAAAAwLjE0LjFxUn1xUyhYBAAAAGF4ZXNxVGgKWAYAAABibG9ja3NxVV1xVih9cVcoWAYAAAB2YWx1ZXNxWGgsWAgAAABtZ3JfbG9jc3FZY2J1aWx0aW5zCnNsaWNlCnFaSwFLAksBh3FbUnFcdX1xXShoWGg3aFloWksASwFLAYdxXlJxX3VldXN0cWBidWIu]
Index: []),
             (&apos;u&apos;,    a  b  c  d
0  1  2  +  3),
             (&apos;v_properties&apos;,    a = 1
0  b = 1
1  c = +
2  d = 2),
             (&apos;w&apos;,    a  b  c  d
0  0  1  +  1),
             (&apos;x&apos;,    r  t  u  x
0  7  +  5  2),
             (&apos;y&apos;,    d  r  s  t
0  0  1  1  -),
             (&apos;z&apos;,     d  r  s  t
0  -1  0  1  -)])
</system-out></testcase><testcase classname="parsyfiles.tests.demo.test_parsyfiles_readme.DemoTests" file="parsyfiles/tests/demo/test_parsyfiles_readme.py" line="92" name="test_simple_collection_lazy" time="0.14387083053588867"><system-out>SUCCESS parsed [/home/travis/build/smarie/python-parsyfiles/parsyfiles/tests/demo/./simple_collection] as a [Dict[str, DataFrame]] successfully. Parser used was [Multifile Collection parser (parsyfiles defaults)]
dfs length : 5
dfs keys : odict_keys([&apos;a&apos;, &apos;b&apos;, &apos;c&apos;, &apos;d&apos;, &apos;e&apos;])
Is b in dfs : True
SUCCESS parsed [/home/travis/build/smarie/python-parsyfiles/parsyfiles/tests/demo/./simple_collection/b.txt] as a [DataFrame] successfully. Parser used was [&lt;read_df_or_series_from_csv&gt;]
   a  b  c  d
0  1  2  3  4
SUCCESS parsed [/home/travis/build/smarie/python-parsyfiles/parsyfiles/tests/demo/./simple_collection/a.csv] as a [DataFrame] successfully. Parser used was [&lt;read_df_or_series_from_csv&gt;]
   a  b  c  d
0  1  2  3  4
   a  b  c  d
0  1  2  3  4
SUCCESS parsed [/home/travis/build/smarie/python-parsyfiles/parsyfiles/tests/demo/./simple_collection/c.xls] as a [DataFrame] successfully. Parser used was [&lt;read_dataframe_from_xls&gt;]
   c   5
0  d   8
1  e  12
2  f   3
SUCCESS parsed [/home/travis/build/smarie/python-parsyfiles/parsyfiles/tests/demo/./simple_collection/d.xlsx] as a [DataFrame] successfully. Parser used was [&lt;read_dataframe_from_xls&gt;]
   c   5
0  d   8
1  e  12
2  f   3
SUCCESS parsed [/home/travis/build/smarie/python-parsyfiles/parsyfiles/tests/demo/./simple_collection/e.xlsm] as a [DataFrame] successfully. Parser used was [&lt;read_dataframe_from_xls&gt;]
   c   5
0  d   8
1  e  12
2  f   3
   a  b  c  d
0  1  2  3  4
   a  b  c  d
0  1  2  3  4
   c   5
0  d   8
1  e  12
2  f   3
   c   5
0  d   8
1  e  12
2  f   3
   c   5
0  d   8
1  e  12
2  f   3
{&apos;a&apos;:    a  b  c  d
0  1  2  3  4,
 &apos;b&apos;:    a  b  c  d
0  1  2  3  4,
 &apos;c&apos;:    c   5
0  d   8
1  e  12
2  f   3,
 &apos;d&apos;:    c   5
0  d   8
1  e  12
2  f   3,
 &apos;e&apos;:    c   5
0  d   8
1  e  12
2  f   3}
</system-out></testcase><testcase classname="parsyfiles.tests.demo.test_parsyfiles_readme.DemoTests" file="parsyfiles/tests/demo/test_parsyfiles_readme.py" line="73" name="test_simple_collection_nologs" time="0.1723630428314209"><system-out>OrderedDict([(&apos;a&apos;,    a  b  c  d
0  1  2  3  4),
             (&apos;b&apos;,    a  b  c  d
0  1  2  3  4),
             (&apos;c&apos;,    c   5
0  d   8
1  e  12
2  f   3),
             (&apos;d&apos;,    c   5
0  d   8
1  e  12
2  f   3),
             (&apos;e&apos;,    c   5
0  d   8
1  e  12
2  f   3)])
   c   5
0  d   8
1  e  12
2  f   3
</system-out></testcase><testcase classname="parsyfiles.tests.demo.test_parsyfiles_readme.DemoTests" file="parsyfiles/tests/demo/test_parsyfiles_readme.py" line="58" name="test_simple_collection_set_list_tuple" time="0.18729138374328613"><system-out>SUCCESS parsed [/home/travis/build/smarie/python-parsyfiles/parsyfiles/tests/demo/./simple_collection/a.csv] as a [DataFrame] successfully. Parser used was [&lt;read_df_or_series_from_csv&gt;]
SUCCESS parsed [/home/travis/build/smarie/python-parsyfiles/parsyfiles/tests/demo/./simple_collection/b.txt] as a [DataFrame] successfully. Parser used was [&lt;read_df_or_series_from_csv&gt;]
SUCCESS parsed [/home/travis/build/smarie/python-parsyfiles/parsyfiles/tests/demo/./simple_collection/c.xls] as a [DataFrame] successfully. Parser used was [&lt;read_dataframe_from_xls&gt;]
SUCCESS parsed [/home/travis/build/smarie/python-parsyfiles/parsyfiles/tests/demo/./simple_collection/d.xlsx] as a [DataFrame] successfully. Parser used was [&lt;read_dataframe_from_xls&gt;]
SUCCESS parsed [/home/travis/build/smarie/python-parsyfiles/parsyfiles/tests/demo/./simple_collection/e.xlsm] as a [DataFrame] successfully. Parser used was [&lt;read_dataframe_from_xls&gt;]
SUCCESS parsed [/home/travis/build/smarie/python-parsyfiles/parsyfiles/tests/demo/./simple_collection] as a [List[DataFrame]] successfully. Parser used was [Multifile Collection parser (parsyfiles defaults)]
[   a  b  c  d
0  1  2  3  4,    a  b  c  d
0  1  2  3  4,    c   5
0  d   8
1  e  12
2  f   3,    c   5
0  d   8
1  e  12
2  f   3,    c   5
0  d   8
1  e  12
2  f   3]
SUCCESS parsed [/home/travis/build/smarie/python-parsyfiles/parsyfiles/tests/demo/./simple_collection/a.csv] as a [DataFrame] successfully. Parser used was [&lt;read_df_or_series_from_csv&gt;]
SUCCESS parsed [/home/travis/build/smarie/python-parsyfiles/parsyfiles/tests/demo/./simple_collection/b.txt] as a [DataFrame] successfully. Parser used was [&lt;read_df_or_series_from_csv&gt;]
SUCCESS parsed [/home/travis/build/smarie/python-parsyfiles/parsyfiles/tests/demo/./simple_collection/c.xls] as a [DataFrame] successfully. Parser used was [&lt;read_dataframe_from_xls&gt;]
SUCCESS parsed [/home/travis/build/smarie/python-parsyfiles/parsyfiles/tests/demo/./simple_collection/d.xlsx] as a [DataFrame] successfully. Parser used was [&lt;read_dataframe_from_xls&gt;]
SUCCESS parsed [/home/travis/build/smarie/python-parsyfiles/parsyfiles/tests/demo/./simple_collection/e.xlsm] as a [DataFrame] successfully. Parser used was [&lt;read_dataframe_from_xls&gt;]
SUCCESS parsed [/home/travis/build/smarie/python-parsyfiles/parsyfiles/tests/demo/./simple_collection] as a [Tuple[DataFrame, DataFrame, DataFrame, DataFrame, DataFrame]] successfully. Parser used was [Multifile Collection parser (parsyfiles defaults)]
(   a  b  c  d
0  1  2  3  4,    a  b  c  d
0  1  2  3  4,    c   5
0  d   8
1  e  12
2  f   3,    c   5
0  d   8
1  e  12
2  f   3,    c   5
0  d   8
1  e  12
2  f   3)
</system-out></testcase><testcase classname="parsyfiles.tests.demo.test_parsyfiles_readme.DemoTests" file="parsyfiles/tests/demo/test_parsyfiles_readme.py" line="253" name="test_simple_object_with_contract_attrs" time="0.09788870811462402"><system-out>ERROR while parsing [/home/travis/build/smarie/python-parsyfiles/parsyfiles/tests/demo/./simple_objects/test_diff_1.cfg] into a [ExecOpTest] using [$&lt;read_config&gt; =&gt; &lt;merge_all_config_sections_into_a_single_dict&gt; -&gt; &lt;dict_to_object&gt;$]. Set log level to DEBUG for details
Rebuilding local parsing plan with next candidate parser: $&lt;read_config&gt; =&gt; &lt;config_to_dict_of_dict&gt; -&gt; &lt;dict_of_dict_to_object&gt;$
DONE Rebuilding local parsing plan for [/home/travis/build/smarie/python-parsyfiles/parsyfiles/tests/demo/./simple_objects/test_diff_1.cfg]. Resuming parsing...
ERROR while parsing [/home/travis/build/smarie/python-parsyfiles/parsyfiles/tests/demo/./simple_objects/test_diff_1.cfg] into a [ExecOpTest] using [$&lt;read_config&gt; =&gt; &lt;config_to_dict_of_dict&gt; -&gt; &lt;dict_of_dict_to_object&gt;$]. Set log level to DEBUG for details
Rebuilding local parsing plan with next candidate parser: $&lt;read_config&gt; =&gt; &lt;config_to_dict_of_dict&gt; -&gt; &lt;dict_to_object&gt;$
DONE Rebuilding local parsing plan for [/home/travis/build/smarie/python-parsyfiles/parsyfiles/tests/demo/./simple_objects/test_diff_1.cfg]. Resuming parsing...
ERROR while parsing [/home/travis/build/smarie/python-parsyfiles/parsyfiles/tests/demo/./simple_objects/test_diff_1.cfg] into a [ExecOpTest] using [$&lt;read_config&gt; =&gt; &lt;config_to_dict_of_dict&gt; -&gt; &lt;dict_to_object&gt;$]. Set log level to DEBUG for details
</system-out></testcase><testcase classname="parsyfiles.tests.demo.test_parsyfiles_readme.DemoTests" file="parsyfiles/tests/demo/test_parsyfiles_readme.py" line="213" name="test_simple_object_with_contract_autoclass_enforce" time="0.09156012535095215"><system-out>ERROR while parsing [/home/travis/build/smarie/python-parsyfiles/parsyfiles/tests/demo/./simple_objects/test_diff_1.cfg] into a [ExecOpTest] using [$&lt;read_config&gt; =&gt; &lt;merge_all_config_sections_into_a_single_dict&gt; -&gt; &lt;dict_to_object&gt;$]. Set log level to DEBUG for details
Rebuilding local parsing plan with next candidate parser: $&lt;read_config&gt; =&gt; &lt;config_to_dict_of_dict&gt; -&gt; &lt;dict_of_dict_to_object&gt;$
DONE Rebuilding local parsing plan for [/home/travis/build/smarie/python-parsyfiles/parsyfiles/tests/demo/./simple_objects/test_diff_1.cfg]. Resuming parsing...
ERROR while parsing [/home/travis/build/smarie/python-parsyfiles/parsyfiles/tests/demo/./simple_objects/test_diff_1.cfg] into a [ExecOpTest] using [$&lt;read_config&gt; =&gt; &lt;config_to_dict_of_dict&gt; -&gt; &lt;dict_of_dict_to_object&gt;$]. Set log level to DEBUG for details
Rebuilding local parsing plan with next candidate parser: $&lt;read_config&gt; =&gt; &lt;config_to_dict_of_dict&gt; -&gt; &lt;dict_to_object&gt;$
DONE Rebuilding local parsing plan for [/home/travis/build/smarie/python-parsyfiles/parsyfiles/tests/demo/./simple_objects/test_diff_1.cfg]. Resuming parsing...
ERROR while parsing [/home/travis/build/smarie/python-parsyfiles/parsyfiles/tests/demo/./simple_objects/test_diff_1.cfg] into a [ExecOpTest] using [$&lt;read_config&gt; =&gt; &lt;config_to_dict_of_dict&gt; -&gt; &lt;dict_to_object&gt;$]. Set log level to DEBUG for details
</system-out></testcase><testcase classname="parsyfiles.tests.demo.test_parsyfiles_readme.DemoTests" file="parsyfiles/tests/demo/test_parsyfiles_readme.py" line="180" name="test_simple_object_with_contract_autoclass_pycontract" time="0.3714015483856201"><system-out>ERROR while parsing [/home/travis/build/smarie/python-parsyfiles/parsyfiles/tests/demo/./simple_objects/test_diff_1.cfg] into a [ExecOpTest] using [$&lt;read_config&gt; =&gt; &lt;merge_all_config_sections_into_a_single_dict&gt; -&gt; &lt;dict_to_object&gt;$]. Set log level to DEBUG for details
Rebuilding local parsing plan with next candidate parser: $&lt;read_config&gt; =&gt; &lt;config_to_dict_of_dict&gt; -&gt; &lt;dict_of_dict_to_object&gt;$
DONE Rebuilding local parsing plan for [/home/travis/build/smarie/python-parsyfiles/parsyfiles/tests/demo/./simple_objects/test_diff_1.cfg]. Resuming parsing...
ERROR while parsing [/home/travis/build/smarie/python-parsyfiles/parsyfiles/tests/demo/./simple_objects/test_diff_1.cfg] into a [ExecOpTest] using [$&lt;read_config&gt; =&gt; &lt;config_to_dict_of_dict&gt; -&gt; &lt;dict_of_dict_to_object&gt;$]. Set log level to DEBUG for details
Rebuilding local parsing plan with next candidate parser: $&lt;read_config&gt; =&gt; &lt;config_to_dict_of_dict&gt; -&gt; &lt;dict_to_object&gt;$
DONE Rebuilding local parsing plan for [/home/travis/build/smarie/python-parsyfiles/parsyfiles/tests/demo/./simple_objects/test_diff_1.cfg]. Resuming parsing...
ERROR while parsing [/home/travis/build/smarie/python-parsyfiles/parsyfiles/tests/demo/./simple_objects/test_diff_1.cfg] into a [ExecOpTest] using [$&lt;read_config&gt; =&gt; &lt;config_to_dict_of_dict&gt; -&gt; &lt;dict_to_object&gt;$]. Set log level to DEBUG for details
</system-out></testcase><testcase classname="parsyfiles.tests.demo.test_parsyfiles_readme.DemoTests" file="parsyfiles/tests/demo/test_parsyfiles_readme.py" line="133" name="test_simple_objects" time="0.48575758934020996"><system-out>SUCCESS parsed [/home/travis/build/smarie/python-parsyfiles/parsyfiles/tests/demo/./simple_objects/test_diff_1.cfg] as a [Dict] successfully. Parser used was [$&lt;read_config&gt; =&gt; &lt;merge_all_config_sections_into_a_single_dict&gt;$]
SUCCESS parsed [/home/travis/build/smarie/python-parsyfiles/parsyfiles/tests/demo/./simple_objects/test_diff_2.ini] as a [Dict] successfully. Parser used was [$&lt;read_config&gt; =&gt; &lt;merge_all_config_sections_into_a_single_dict&gt;$]
SUCCESS parsed [/home/travis/build/smarie/python-parsyfiles/parsyfiles/tests/demo/./simple_objects/test_diff_3_csv_format.txt] as a [Dict] successfully. Parser used was [&lt;read_dict_from_properties&gt;]
SUCCESS parsed [/home/travis/build/smarie/python-parsyfiles/parsyfiles/tests/demo/./simple_objects/test_diff_4_csv_format2.txt] as a [Dict] successfully. Parser used was [&lt;read_dict_from_properties&gt;]
SUCCESS parsed [/home/travis/build/smarie/python-parsyfiles/parsyfiles/tests/demo/./simple_objects/test_sum_1.json] as a [Dict] successfully. Parser used was [&lt;read_dict_or_list_from_json&gt;]
SUCCESS parsed [/home/travis/build/smarie/python-parsyfiles/parsyfiles/tests/demo/./simple_objects/test_sum_2.properties] as a [Dict] successfully. Parser used was [&lt;read_dict_from_properties&gt;]
SUCCESS parsed [/home/travis/build/smarie/python-parsyfiles/parsyfiles/tests/demo/./simple_objects/test_sum_3_properties_format.txt] as a [Dict] successfully. Parser used was [&lt;read_dict_from_properties&gt;]
SUCCESS parsed [/home/travis/build/smarie/python-parsyfiles/parsyfiles/tests/demo/./simple_objects/test_sum_4.yaml] as a [Dict] successfully. Parser used was [&lt;read_collection_from_yaml&gt;]
SUCCESS parsed [/home/travis/build/smarie/python-parsyfiles/parsyfiles/tests/demo/./simple_objects/test_sum_5.xls] as a [Dict] successfully. Parser used was [$&lt;read_dataframe_from_xls&gt; =&gt; &lt;single_row_or_col_df_to_dict&gt;$]
SUCCESS parsed [/home/travis/build/smarie/python-parsyfiles/parsyfiles/tests/demo/./simple_objects/test_sum_6.xlsx] as a [Dict] successfully. Parser used was [$&lt;read_dataframe_from_xls&gt; =&gt; &lt;single_row_or_col_df_to_dict&gt;$]
SUCCESS parsed [/home/travis/build/smarie/python-parsyfiles/parsyfiles/tests/demo/./simple_objects/test_sum_7.xlsm] as a [Dict] successfully. Parser used was [$&lt;read_dataframe_from_xls&gt; =&gt; &lt;single_row_or_col_df_to_dict&gt;$]
SUCCESS parsed [/home/travis/build/smarie/python-parsyfiles/parsyfiles/tests/demo/./simple_objects] as a [Dict[str, Dict]] successfully. Parser used was [Multifile Collection parser (parsyfiles defaults)]
SUCCESS parsed [/home/travis/build/smarie/python-parsyfiles/parsyfiles/tests/demo/./simple_objects/test_diff_1.cfg] as a [ExecOpTest] successfully. Parser used was [$&lt;read_config&gt; =&gt; &lt;merge_all_config_sections_into_a_single_dict&gt; -&gt; &lt;dict_to_object&gt;$]
SUCCESS parsed [/home/travis/build/smarie/python-parsyfiles/parsyfiles/tests/demo/./simple_objects/test_diff_2.ini] as a [ExecOpTest] successfully. Parser used was [$&lt;read_config&gt; =&gt; &lt;merge_all_config_sections_into_a_single_dict&gt; -&gt; &lt;dict_to_object&gt;$]
ERROR while parsing [/home/travis/build/smarie/python-parsyfiles/parsyfiles/tests/demo/./simple_objects/test_diff_3_csv_format.txt] into a [ExecOpTest] using [$&lt;read_dict_from_properties&gt; =&gt; &lt;dict_to_object&gt;$]. Set log level to DEBUG for details
Rebuilding local parsing plan with next candidate parser: $&lt;read_str_from_txt&gt; =&gt; &lt;constructor_with_str_arg&gt;$
DONE Rebuilding local parsing plan for [/home/travis/build/smarie/python-parsyfiles/parsyfiles/tests/demo/./simple_objects/test_diff_3_csv_format.txt]. Resuming parsing...
ERROR while parsing [/home/travis/build/smarie/python-parsyfiles/parsyfiles/tests/demo/./simple_objects/test_diff_3_csv_format.txt] into a [ExecOpTest] using [$&lt;read_str_from_txt&gt; =&gt; &lt;constructor_with_str_arg&gt;$]. Set log level to DEBUG for details
Rebuilding local parsing plan with next candidate parser: $&lt;read_str_from_txt&gt; =&gt; &lt;base64_ascii_str_pickle_to_object&gt;$
DONE Rebuilding local parsing plan for [/home/travis/build/smarie/python-parsyfiles/parsyfiles/tests/demo/./simple_objects/test_diff_3_csv_format.txt]. Resuming parsing...
ERROR while parsing [/home/travis/build/smarie/python-parsyfiles/parsyfiles/tests/demo/./simple_objects/test_diff_3_csv_format.txt] into a [ExecOpTest] using [$&lt;read_str_from_txt&gt; =&gt; &lt;base64_ascii_str_pickle_to_object&gt;$]. Set log level to DEBUG for details
Rebuilding local parsing plan with next candidate parser: $&lt;read_df_or_series_from_csv&gt; =&gt; &lt;single_row_or_col_df_to_dict&gt; -&gt; &lt;dict_to_object&gt;$
DONE Rebuilding local parsing plan for [/home/travis/build/smarie/python-parsyfiles/parsyfiles/tests/demo/./simple_objects/test_diff_3_csv_format.txt]. Resuming parsing...
SUCCESS parsed [/home/travis/build/smarie/python-parsyfiles/parsyfiles/tests/demo/./simple_objects/test_diff_3_csv_format.txt] as a [ExecOpTest] successfully. Parser used was [$&lt;read_df_or_series_from_csv&gt; =&gt; &lt;single_row_or_col_df_to_dict&gt; -&gt; &lt;dict_to_object&gt;$]
ERROR while parsing [/home/travis/build/smarie/python-parsyfiles/parsyfiles/tests/demo/./simple_objects/test_diff_4_csv_format2.txt] into a [ExecOpTest] using [$&lt;read_dict_from_properties&gt; =&gt; &lt;dict_to_object&gt;$]. Set log level to DEBUG for details
Rebuilding local parsing plan with next candidate parser: $&lt;read_str_from_txt&gt; =&gt; &lt;constructor_with_str_arg&gt;$
DONE Rebuilding local parsing plan for [/home/travis/build/smarie/python-parsyfiles/parsyfiles/tests/demo/./simple_objects/test_diff_4_csv_format2.txt]. Resuming parsing...
ERROR while parsing [/home/travis/build/smarie/python-parsyfiles/parsyfiles/tests/demo/./simple_objects/test_diff_4_csv_format2.txt] into a [ExecOpTest] using [$&lt;read_str_from_txt&gt; =&gt; &lt;constructor_with_str_arg&gt;$]. Set log level to DEBUG for details
Rebuilding local parsing plan with next candidate parser: $&lt;read_str_from_txt&gt; =&gt; &lt;base64_ascii_str_pickle_to_object&gt;$
DONE Rebuilding local parsing plan for [/home/travis/build/smarie/python-parsyfiles/parsyfiles/tests/demo/./simple_objects/test_diff_4_csv_format2.txt]. Resuming parsing...
ERROR while parsing [/home/travis/build/smarie/python-parsyfiles/parsyfiles/tests/demo/./simple_objects/test_diff_4_csv_format2.txt] into a [ExecOpTest] using [$&lt;read_str_from_txt&gt; =&gt; &lt;base64_ascii_str_pickle_to_object&gt;$]. Set log level to DEBUG for details
Rebuilding local parsing plan with next candidate parser: $&lt;read_df_or_series_from_csv&gt; =&gt; &lt;single_row_or_col_df_to_dict&gt; -&gt; &lt;dict_to_object&gt;$
DONE Rebuilding local parsing plan for [/home/travis/build/smarie/python-parsyfiles/parsyfiles/tests/demo/./simple_objects/test_diff_4_csv_format2.txt]. Resuming parsing...
SUCCESS parsed [/home/travis/build/smarie/python-parsyfiles/parsyfiles/tests/demo/./simple_objects/test_diff_4_csv_format2.txt] as a [ExecOpTest] successfully. Parser used was [$&lt;read_df_or_series_from_csv&gt; =&gt; &lt;single_row_or_col_df_to_dict&gt; -&gt; &lt;dict_to_object&gt;$]
SUCCESS parsed [/home/travis/build/smarie/python-parsyfiles/parsyfiles/tests/demo/./simple_objects/test_sum_1.json] as a [ExecOpTest] successfully. Parser used was [$&lt;read_dict_or_list_from_json&gt; =&gt; &lt;dict_to_object&gt;$]
SUCCESS parsed [/home/travis/build/smarie/python-parsyfiles/parsyfiles/tests/demo/./simple_objects/test_sum_2.properties] as a [ExecOpTest] successfully. Parser used was [$&lt;read_dict_from_properties&gt; =&gt; &lt;dict_to_object&gt;$]
SUCCESS parsed [/home/travis/build/smarie/python-parsyfiles/parsyfiles/tests/demo/./simple_objects/test_sum_3_properties_format.txt] as a [ExecOpTest] successfully. Parser used was [$&lt;read_dict_from_properties&gt; =&gt; &lt;dict_to_object&gt;$]
ERROR while parsing [/home/travis/build/smarie/python-parsyfiles/parsyfiles/tests/demo/./simple_objects/test_sum_4.yaml] into a [ExecOpTest] using [&lt;read_object_from_yaml&gt;]. Set log level to DEBUG for details
Rebuilding local parsing plan with next candidate parser: $&lt;read_collection_from_yaml&gt; =&gt; &lt;dict_to_object&gt;$
DONE Rebuilding local parsing plan for [/home/travis/build/smarie/python-parsyfiles/parsyfiles/tests/demo/./simple_objects/test_sum_4.yaml]. Resuming parsing...
SUCCESS parsed [/home/travis/build/smarie/python-parsyfiles/parsyfiles/tests/demo/./simple_objects/test_sum_4.yaml] as a [ExecOpTest] successfully. Parser used was [$&lt;read_collection_from_yaml&gt; =&gt; &lt;dict_to_object&gt;$]
SUCCESS parsed [/home/travis/build/smarie/python-parsyfiles/parsyfiles/tests/demo/./simple_objects/test_sum_5.xls] as a [ExecOpTest] successfully. Parser used was [$&lt;read_dataframe_from_xls&gt; =&gt; &lt;single_row_or_col_df_to_dict&gt; -&gt; &lt;dict_to_object&gt;$]
SUCCESS parsed [/home/travis/build/smarie/python-parsyfiles/parsyfiles/tests/demo/./simple_objects/test_sum_6.xlsx] as a [ExecOpTest] successfully. Parser used was [$&lt;read_dataframe_from_xls&gt; =&gt; &lt;single_row_or_col_df_to_dict&gt; -&gt; &lt;dict_to_object&gt;$]
SUCCESS parsed [/home/travis/build/smarie/python-parsyfiles/parsyfiles/tests/demo/./simple_objects/test_sum_7.xlsm] as a [ExecOpTest] successfully. Parser used was [$&lt;read_dataframe_from_xls&gt; =&gt; &lt;single_row_or_col_df_to_dict&gt; -&gt; &lt;dict_to_object&gt;$]
SUCCESS parsed [/home/travis/build/smarie/python-parsyfiles/parsyfiles/tests/demo/./simple_objects] as a [Dict[str, ExecOpTest]] successfully. Parser used was [Multifile Collection parser (parsyfiles defaults)]
OrderedDict([(&apos;test_diff_1&apos;, 1.0 - 1.0 =? 0.0),
             (&apos;test_diff_2&apos;, 0.0 - 1.0 =? -1.0),
             (&apos;test_diff_3_csv_format&apos;, 5.0 - 4.0 =? 1.0),
             (&apos;test_diff_4_csv_format2&apos;, 4.0 - 4.0 =? 0.0),
             (&apos;test_sum_1&apos;, 1.0 + 2.0 =? 3.0),
             (&apos;test_sum_2&apos;, 0.0 + 1.0 =? 1.0),
             (&apos;test_sum_3_properties_format&apos;, 1.0 + 1.0 =? 2.0),
             (&apos;test_sum_4&apos;, 2.0 + 5.0 =? 7.0),
             (&apos;test_sum_5&apos;, 56.0 + 12.0 =? 68.0),
             (&apos;test_sum_6&apos;, 56.0 + 13.0 =? 69.0),
             (&apos;test_sum_7&apos;, 56.0 + 14.0 =? 70.0)])
{&apos;.cfg&apos;: {&apos;3_generic&apos;: [$&lt;read_config&gt; =&gt; &lt;merge_all_config_sections_into_a_single_dict&gt; -&gt; &lt;dict_to_object&gt;$,
                        $&lt;read_config&gt; =&gt; &lt;config_to_dict_of_dict&gt; -&gt; &lt;dict_of_dict_to_object&gt;$,
                        $&lt;read_config&gt; =&gt; &lt;config_to_dict_of_dict&gt; -&gt; &lt;dict_to_object&gt;$]},
 &apos;.csv&apos;: {&apos;3_generic&apos;: [$&lt;read_df_or_series_from_csv&gt; =&gt; &lt;single_row_or_col_df_to_dict&gt; -&gt; &lt;dict_to_object&gt;$]},
 &apos;.ini&apos;: {&apos;3_generic&apos;: [$&lt;read_config&gt; =&gt; &lt;merge_all_config_sections_into_a_single_dict&gt; -&gt; &lt;dict_to_object&gt;$,
                        $&lt;read_config&gt; =&gt; &lt;config_to_dict_of_dict&gt; -&gt; &lt;dict_of_dict_to_object&gt;$,
                        $&lt;read_config&gt; =&gt; &lt;config_to_dict_of_dict&gt; -&gt; &lt;dict_to_object&gt;$]},
 &apos;.json&apos;: {&apos;3_generic&apos;: [$&lt;read_dict_or_list_from_json&gt; =&gt; &lt;dict_to_object&gt;$]},
 &apos;.properties&apos;: {&apos;3_generic&apos;: [$&lt;read_dict_from_properties&gt; =&gt; &lt;dict_to_object&gt;$]},
 &apos;.pyc&apos;: {&apos;3_generic&apos;: [&lt;read_object_from_pickle&gt;]},
 &apos;.txt&apos;: {&apos;3_generic&apos;: [$&lt;read_dict_from_properties&gt; =&gt; &lt;dict_to_object&gt;$,
                        $&lt;read_str_from_txt&gt; =&gt; &lt;constructor_with_str_arg&gt;$,
                        $&lt;read_str_from_txt&gt; =&gt; &lt;base64_ascii_str_pickle_to_object&gt;$,
                        $&lt;read_df_or_series_from_csv&gt; =&gt; &lt;single_row_or_col_df_to_dict&gt; -&gt; &lt;dict_to_object&gt;$]},
 &apos;.xls&apos;: {&apos;3_generic&apos;: [$&lt;read_dataframe_from_xls&gt; =&gt; &lt;single_row_or_col_df_to_dict&gt; -&gt; &lt;dict_to_object&gt;$]},
 &apos;.xlsm&apos;: {&apos;3_generic&apos;: [$&lt;read_dataframe_from_xls&gt; =&gt; &lt;single_row_or_col_df_to_dict&gt; -&gt; &lt;dict_to_object&gt;$]},
 &apos;.xlsx&apos;: {&apos;3_generic&apos;: [$&lt;read_dataframe_from_xls&gt; =&gt; &lt;single_row_or_col_df_to_dict&gt; -&gt; &lt;dict_to_object&gt;$]},
 &apos;.yaml&apos;: {&apos;3_generic&apos;: [&lt;read_object_from_yaml&gt;,
                         $&lt;read_collection_from_yaml&gt; =&gt; &lt;dict_to_object&gt;$]},
 &apos;.yml&apos;: {&apos;3_generic&apos;: [&lt;read_object_from_yaml&gt;,
                        $&lt;read_collection_from_yaml&gt; =&gt; &lt;dict_to_object&gt;$]},
 &apos;&lt;multifile&gt;&apos;: {&apos;3_generic&apos;: [Multifile Object parser (parsyfiles defaults)]}}
</system-out></testcase><testcase classname="parsyfiles.tests.old.test_parsyfiles_old.MultifileAndCustomFunctionsTest" file="parsyfiles/tests/old/test_parsyfiles_old.py" line="71" name="test_list_object_with_folders" time="0.11621594429016113"><system-out>[setup]
Elapsed: 0.026421785354614258
WARNING parsing [/home/travis/build/smarie/python-parsyfiles/parsyfiles/tests/old/./custom_with_folders/item3] as a [MainFooBarItem]: optional constructor attribute [expected_perf] not found on file system. This may be normal - this message is displayed &apos;just in case&apos;.
SUCCESS parsed [/home/travis/build/smarie/python-parsyfiles/parsyfiles/tests/old/./custom_with_folders/item1/expected_out.txt] as a [Config] successfully. Parser used was [&lt;test_custom_read_config_from_config_file_stream&gt;]
SUCCESS parsed [/home/travis/build/smarie/python-parsyfiles/parsyfiles/tests/old/./custom_with_folders/item1/expected_perf.cfg] as a [Config] successfully. Parser used was [&lt;test_custom_read_config_from_config_file_stream&gt;]
SUCCESS parsed [/home/travis/build/smarie/python-parsyfiles/parsyfiles/tests/old/./custom_with_folders/item1/input_simple.txt] as a [OneLiner] successfully. Parser used was [&lt;test_custom_read_oneliner_from_txt_file_stream&gt;]
SUCCESS parsed [/home/travis/build/smarie/python-parsyfiles/parsyfiles/tests/old/./custom_with_folders/item1] as a [MainFooBarItem] successfully. Parser used was [Multifile Object parser (parsyfiles defaults)]
SUCCESS parsed [/home/travis/build/smarie/python-parsyfiles/parsyfiles/tests/old/./custom_with_folders/item2/expected_out.cfg] as a [Config] successfully. Parser used was [&lt;test_custom_read_config_from_config_file_stream&gt;]
SUCCESS parsed [/home/travis/build/smarie/python-parsyfiles/parsyfiles/tests/old/./custom_with_folders/item2/expected_perf.cfg] as a [Config] successfully. Parser used was [&lt;test_custom_read_config_from_config_file_stream&gt;]
SUCCESS parsed [/home/travis/build/smarie/python-parsyfiles/parsyfiles/tests/old/./custom_with_folders/item2/input_simple.txt] as a [OneLiner] successfully. Parser used was [&lt;test_custom_read_oneliner_from_txt_file_stream&gt;]
SUCCESS parsed [/home/travis/build/smarie/python-parsyfiles/parsyfiles/tests/old/./custom_with_folders/item2] as a [MainFooBarItem] successfully. Parser used was [Multifile Object parser (parsyfiles defaults)]
SUCCESS parsed [/home/travis/build/smarie/python-parsyfiles/parsyfiles/tests/old/./custom_with_folders/item3/expected_out.cfg] as a [Config] successfully. Parser used was [&lt;test_custom_read_config_from_config_file_stream&gt;]
SUCCESS parsed [/home/travis/build/smarie/python-parsyfiles/parsyfiles/tests/old/./custom_with_folders/item3/input_simple.txt] as a [OneLiner] successfully. Parser used was [&lt;test_custom_read_oneliner_from_txt_file_stream&gt;]
SUCCESS parsed [/home/travis/build/smarie/python-parsyfiles/parsyfiles/tests/old/./custom_with_folders/item3] as a [MainFooBarItem] successfully. Parser used was [Multifile Object parser (parsyfiles defaults)]
SUCCESS parsed [/home/travis/build/smarie/python-parsyfiles/parsyfiles/tests/old/./custom_with_folders] as a [List[MainFooBarItem]] successfully. Parser used was [Multifile Collection parser (parsyfiles defaults)]
[{&apos;expected_perf&apos;: &lt;test_parsyfiles_old.MultifileAndCustomFunctionsTest._create_root_parser.&lt;locals&gt;.Config object at 0x7fa78b678208&gt;, &apos;expected_out&apos;: &lt;test_parsyfiles_old.MultifileAndCustomFunctionsTest._create_root_parser.&lt;locals&gt;.Config object at 0x7fa78b659eb8&gt;, &apos;input_simple&apos;: this content is really interesting}, {&apos;expected_perf&apos;: &lt;test_parsyfiles_old.MultifileAndCustomFunctionsTest._create_root_parser.&lt;locals&gt;.Config object at 0x7fa78b678908&gt;, &apos;expected_out&apos;: &lt;test_parsyfiles_old.MultifileAndCustomFunctionsTest._create_root_parser.&lt;locals&gt;.Config object at 0x7fa78b6785c0&gt;, &apos;input_simple&apos;: this content is really interesting}, {&apos;expected_perf&apos;: None, &apos;expected_out&apos;: &lt;test_parsyfiles_old.MultifileAndCustomFunctionsTest._create_root_parser.&lt;locals&gt;.Config object at 0x7fa78b678d30&gt;, &apos;input_simple&apos;: this content is really interesting}]
</system-out></testcase><testcase classname="parsyfiles.tests.old.test_parsyfiles_old.MultifileAndCustomFunctionsTest" file="parsyfiles/tests/old/test_parsyfiles_old.py" line="89" name="test_no_folders" time="0.12403750419616699"><system-out>[setup]
Elapsed: 0.024804353713989258
WARNING parsing [/home/travis/build/smarie/python-parsyfiles/parsyfiles/tests/old/./custom_without_folders/item3] as a [MainFooBarItem]: optional constructor attribute [expected_perf] not found on file system. This may be normal - this message is displayed &apos;just in case&apos;.
SUCCESS parsed [/home/travis/build/smarie/python-parsyfiles/parsyfiles/tests/old/./custom_without_folders/item1.expected_out.txt] as a [Config] successfully. Parser used was [&lt;test_custom_read_config_from_config_file_stream&gt;]
SUCCESS parsed [/home/travis/build/smarie/python-parsyfiles/parsyfiles/tests/old/./custom_without_folders/item1.expected_perf.cfg] as a [Config] successfully. Parser used was [&lt;test_custom_read_config_from_config_file_stream&gt;]
SUCCESS parsed [/home/travis/build/smarie/python-parsyfiles/parsyfiles/tests/old/./custom_without_folders/item1.input_simple.txt] as a [OneLiner] successfully. Parser used was [&lt;test_custom_read_oneliner_from_txt_file_stream&gt;]
SUCCESS parsed [/home/travis/build/smarie/python-parsyfiles/parsyfiles/tests/old/./custom_without_folders/item1] as a [MainFooBarItem] successfully. Parser used was [Multifile Object parser (parsyfiles defaults)]
SUCCESS parsed [/home/travis/build/smarie/python-parsyfiles/parsyfiles/tests/old/./custom_without_folders/item2.expected_out.cfg] as a [Config] successfully. Parser used was [&lt;test_custom_read_config_from_config_file_stream&gt;]
SUCCESS parsed [/home/travis/build/smarie/python-parsyfiles/parsyfiles/tests/old/./custom_without_folders/item2.expected_perf.cfg] as a [Config] successfully. Parser used was [&lt;test_custom_read_config_from_config_file_stream&gt;]
SUCCESS parsed [/home/travis/build/smarie/python-parsyfiles/parsyfiles/tests/old/./custom_without_folders/item2.input_simple.txt] as a [OneLiner] successfully. Parser used was [&lt;test_custom_read_oneliner_from_txt_file_stream&gt;]
SUCCESS parsed [/home/travis/build/smarie/python-parsyfiles/parsyfiles/tests/old/./custom_without_folders/item2] as a [MainFooBarItem] successfully. Parser used was [Multifile Object parser (parsyfiles defaults)]
SUCCESS parsed [/home/travis/build/smarie/python-parsyfiles/parsyfiles/tests/old/./custom_without_folders/item3.expected_out.cfg] as a [Config] successfully. Parser used was [&lt;test_custom_read_config_from_config_file_stream&gt;]
SUCCESS parsed [/home/travis/build/smarie/python-parsyfiles/parsyfiles/tests/old/./custom_without_folders/item3.input_simple.txt] as a [OneLiner] successfully. Parser used was [&lt;test_custom_read_oneliner_from_txt_file_stream&gt;]
SUCCESS parsed [/home/travis/build/smarie/python-parsyfiles/parsyfiles/tests/old/./custom_without_folders/item3] as a [MainFooBarItem] successfully. Parser used was [Multifile Object parser (parsyfiles defaults)]
SUCCESS parsed [/home/travis/build/smarie/python-parsyfiles/parsyfiles/tests/old/./custom_without_folders] as a [Dict[str, MainFooBarItem]] successfully. Parser used was [Multifile Collection parser (parsyfiles defaults)]
OrderedDict([(&apos;item1&apos;,
              {&apos;expected_perf&apos;: &lt;test_parsyfiles_old.MultifileAndCustomFunctionsTest._create_root_parser.&lt;locals&gt;.Config object at 0x7fa78b67c7b8&gt;, &apos;expected_out&apos;: &lt;test_parsyfiles_old.MultifileAndCustomFunctionsTest._create_root_parser.&lt;locals&gt;.Config object at 0x7fa78b67c4a8&gt;, &apos;input_simple&apos;: this content is really interesting}),
             (&apos;item2&apos;,
              {&apos;expected_perf&apos;: &lt;test_parsyfiles_old.MultifileAndCustomFunctionsTest._create_root_parser.&lt;locals&gt;.Config object at 0x7fa78b67ceb8&gt;, &apos;expected_out&apos;: &lt;test_parsyfiles_old.MultifileAndCustomFunctionsTest._create_root_parser.&lt;locals&gt;.Config object at 0x7fa78b67cb70&gt;, &apos;input_simple&apos;: this content is really interesting}),
             (&apos;item3&apos;,
              {&apos;expected_perf&apos;: None, &apos;expected_out&apos;: &lt;test_parsyfiles_old.MultifileAndCustomFunctionsTest._create_root_parser.&lt;locals&gt;.Config object at 0x7fa78b682320&gt;, &apos;input_simple&apos;: this content is really interesting})])
</system-out></testcase><testcase classname="parsyfiles.tests.old.test_parsyfiles_old.MultifileAndCustomFunctionsTest" file="parsyfiles/tests/old/test_parsyfiles_old.py" line="65" name="test_single_list_object_with_folders" time="0.12407612800598145"><system-out>[setup]
Elapsed: 0.025743484497070312
WARNING parsing [/home/travis/build/smarie/python-parsyfiles/parsyfiles/tests/old/./custom_with_folders/item3] as a [MainFooBarItem]: optional constructor attribute [expected_perf] not found on file system. This may be normal - this message is displayed &apos;just in case&apos;.
SUCCESS parsed [/home/travis/build/smarie/python-parsyfiles/parsyfiles/tests/old/./custom_with_folders/item1/expected_out.txt] as a [Config] successfully. Parser used was [&lt;test_custom_read_config_from_config_file_stream&gt;]
SUCCESS parsed [/home/travis/build/smarie/python-parsyfiles/parsyfiles/tests/old/./custom_with_folders/item1/expected_perf.cfg] as a [Config] successfully. Parser used was [&lt;test_custom_read_config_from_config_file_stream&gt;]
SUCCESS parsed [/home/travis/build/smarie/python-parsyfiles/parsyfiles/tests/old/./custom_with_folders/item1/input_simple.txt] as a [OneLiner] successfully. Parser used was [&lt;test_custom_read_oneliner_from_txt_file_stream&gt;]
SUCCESS parsed [/home/travis/build/smarie/python-parsyfiles/parsyfiles/tests/old/./custom_with_folders/item1] as a [MainFooBarItem] successfully. Parser used was [Multifile Object parser (parsyfiles defaults)]
SUCCESS parsed [/home/travis/build/smarie/python-parsyfiles/parsyfiles/tests/old/./custom_with_folders/item2/expected_out.cfg] as a [Config] successfully. Parser used was [&lt;test_custom_read_config_from_config_file_stream&gt;]
SUCCESS parsed [/home/travis/build/smarie/python-parsyfiles/parsyfiles/tests/old/./custom_with_folders/item2/expected_perf.cfg] as a [Config] successfully. Parser used was [&lt;test_custom_read_config_from_config_file_stream&gt;]
SUCCESS parsed [/home/travis/build/smarie/python-parsyfiles/parsyfiles/tests/old/./custom_with_folders/item2/input_simple.txt] as a [OneLiner] successfully. Parser used was [&lt;test_custom_read_oneliner_from_txt_file_stream&gt;]
SUCCESS parsed [/home/travis/build/smarie/python-parsyfiles/parsyfiles/tests/old/./custom_with_folders/item2] as a [MainFooBarItem] successfully. Parser used was [Multifile Object parser (parsyfiles defaults)]
SUCCESS parsed [/home/travis/build/smarie/python-parsyfiles/parsyfiles/tests/old/./custom_with_folders/item3/expected_out.cfg] as a [Config] successfully. Parser used was [&lt;test_custom_read_config_from_config_file_stream&gt;]
SUCCESS parsed [/home/travis/build/smarie/python-parsyfiles/parsyfiles/tests/old/./custom_with_folders/item3/input_simple.txt] as a [OneLiner] successfully. Parser used was [&lt;test_custom_read_oneliner_from_txt_file_stream&gt;]
SUCCESS parsed [/home/travis/build/smarie/python-parsyfiles/parsyfiles/tests/old/./custom_with_folders/item3] as a [MainFooBarItem] successfully. Parser used was [Multifile Object parser (parsyfiles defaults)]
SUCCESS parsed [/home/travis/build/smarie/python-parsyfiles/parsyfiles/tests/old/./custom_with_folders] as a [List[MainFooBarItem]] successfully. Parser used was [Multifile Collection parser (parsyfiles defaults)]
[{&apos;expected_perf&apos;: &lt;test_parsyfiles_old.MultifileAndCustomFunctionsTest._create_root_parser.&lt;locals&gt;.Config object at 0x7fa78b681e10&gt;, &apos;expected_out&apos;: &lt;test_parsyfiles_old.MultifileAndCustomFunctionsTest._create_root_parser.&lt;locals&gt;.Config object at 0x7fa78b681b00&gt;, &apos;input_simple&apos;: this content is really interesting}, {&apos;expected_perf&apos;: &lt;test_parsyfiles_old.MultifileAndCustomFunctionsTest._create_root_parser.&lt;locals&gt;.Config object at 0x7fa78b686550&gt;, &apos;expected_out&apos;: &lt;test_parsyfiles_old.MultifileAndCustomFunctionsTest._create_root_parser.&lt;locals&gt;.Config object at 0x7fa78b686208&gt;, &apos;input_simple&apos;: this content is really interesting}, {&apos;expected_perf&apos;: None, &apos;expected_out&apos;: &lt;test_parsyfiles_old.MultifileAndCustomFunctionsTest._create_root_parser.&lt;locals&gt;.Config object at 0x7fa78b686978&gt;, &apos;input_simple&apos;: this content is really interesting}]
</system-out></testcase><testcase classname="parsyfiles.tests.old.test_parsyfiles_old.MultifileAndCustomFunctionsTest" file="parsyfiles/tests/old/test_parsyfiles_old.py" line="53" name="test_single_multifile_object_flatmode" time="0.09907793998718262"><system-out>[setup]
Elapsed: 0.02226734161376953
ERROR while parsing [/home/travis/build/smarie/python-parsyfiles/parsyfiles/tests/old/./custom_without_folders/item1.expected_out.txt] into a [MainFooBarItem] using [$&lt;read_dict_from_properties&gt; =&gt; &lt;dict_to_object&gt;$]. Set log level to DEBUG for details
Rebuilding local parsing plan with next candidate parser: $&lt;read_str_from_txt&gt; =&gt; &lt;constructor_with_str_arg&gt;$
DONE Rebuilding local parsing plan for [/home/travis/build/smarie/python-parsyfiles/parsyfiles/tests/old/./custom_without_folders/item1.expected_out.txt]. Resuming parsing...
ERROR while parsing [/home/travis/build/smarie/python-parsyfiles/parsyfiles/tests/old/./custom_without_folders/item1.expected_out.txt] into a [MainFooBarItem] using [$&lt;read_str_from_txt&gt; =&gt; &lt;constructor_with_str_arg&gt;$]. Set log level to DEBUG for details
Rebuilding local parsing plan with next candidate parser: $&lt;read_str_from_txt&gt; =&gt; &lt;base64_ascii_str_pickle_to_object&gt;$
DONE Rebuilding local parsing plan for [/home/travis/build/smarie/python-parsyfiles/parsyfiles/tests/old/./custom_without_folders/item1.expected_out.txt]. Resuming parsing...
ERROR while parsing [/home/travis/build/smarie/python-parsyfiles/parsyfiles/tests/old/./custom_without_folders/item1.expected_out.txt] into a [MainFooBarItem] using [$&lt;read_str_from_txt&gt; =&gt; &lt;base64_ascii_str_pickle_to_object&gt;$]. Set log level to DEBUG for details
Rebuilding local parsing plan with next candidate parser: $&lt;read_df_or_series_from_csv&gt; =&gt; &lt;single_row_or_col_df_to_dict&gt; -&gt; &lt;dict_to_object&gt;$
DONE Rebuilding local parsing plan for [/home/travis/build/smarie/python-parsyfiles/parsyfiles/tests/old/./custom_without_folders/item1.expected_out.txt]. Resuming parsing...
ERROR while parsing [/home/travis/build/smarie/python-parsyfiles/parsyfiles/tests/old/./custom_without_folders/item1.expected_out.txt] into a [MainFooBarItem] using [$&lt;read_df_or_series_from_csv&gt; =&gt; &lt;single_row_or_col_df_to_dict&gt; -&gt; &lt;dict_to_object&gt;$]. Set log level to DEBUG for details
Rebuilding local parsing plan with next candidate parser: $&lt;test_custom_read_config_from_config_file_stream&gt; =&gt; &lt;merge_all_config_sections_into_a_single_dict&gt; -&gt; &lt;dict_to_object&gt;$
DONE Rebuilding local parsing plan for [/home/travis/build/smarie/python-parsyfiles/parsyfiles/tests/old/./custom_without_folders/item1.expected_out.txt]. Resuming parsing...
ERROR while parsing [/home/travis/build/smarie/python-parsyfiles/parsyfiles/tests/old/./custom_without_folders/item1.expected_out.txt] into a [MainFooBarItem] using [$&lt;test_custom_read_config_from_config_file_stream&gt; =&gt; &lt;merge_all_config_sections_into_a_single_dict&gt; -&gt; &lt;dict_to_object&gt;$]. Set log level to DEBUG for details
Rebuilding local parsing plan with next candidate parser: $&lt;test_custom_read_config_from_config_file_stream&gt; =&gt; &lt;config_to_dict_of_dict&gt; -&gt; &lt;dict_of_dict_to_object&gt;$
DONE Rebuilding local parsing plan for [/home/travis/build/smarie/python-parsyfiles/parsyfiles/tests/old/./custom_without_folders/item1.expected_out.txt]. Resuming parsing...
ERROR while parsing [/home/travis/build/smarie/python-parsyfiles/parsyfiles/tests/old/./custom_without_folders/item1.expected_out.txt] into a [MainFooBarItem] using [$&lt;test_custom_read_config_from_config_file_stream&gt; =&gt; &lt;config_to_dict_of_dict&gt; -&gt; &lt;dict_of_dict_to_object&gt;$]. Set log level to DEBUG for details
Rebuilding local parsing plan with next candidate parser: $&lt;test_custom_read_config_from_config_file_stream&gt; =&gt; &lt;config_to_dict_of_dict&gt; -&gt; &lt;dict_to_object&gt;$
DONE Rebuilding local parsing plan for [/home/travis/build/smarie/python-parsyfiles/parsyfiles/tests/old/./custom_without_folders/item1.expected_out.txt]. Resuming parsing...
ERROR while parsing [/home/travis/build/smarie/python-parsyfiles/parsyfiles/tests/old/./custom_without_folders/item1.expected_out.txt] into a [MainFooBarItem] using [$&lt;test_custom_read_config_from_config_file_stream&gt; =&gt; &lt;config_to_dict_of_dict&gt; -&gt; &lt;dict_to_object&gt;$]. Set log level to DEBUG for details
SUCCESS parsed [/home/travis/build/smarie/python-parsyfiles/parsyfiles/tests/old/./custom_without_folders/item1.expected_out.txt] as a [Config] successfully. Parser used was [&lt;test_custom_read_config_from_config_file_stream&gt;]
SUCCESS parsed [/home/travis/build/smarie/python-parsyfiles/parsyfiles/tests/old/./custom_without_folders/item1.expected_perf.cfg] as a [Config] successfully. Parser used was [&lt;test_custom_read_config_from_config_file_stream&gt;]
SUCCESS parsed [/home/travis/build/smarie/python-parsyfiles/parsyfiles/tests/old/./custom_without_folders/item1.input_simple.txt] as a [OneLiner] successfully. Parser used was [&lt;test_custom_read_oneliner_from_txt_file_stream&gt;]
SUCCESS parsed [/home/travis/build/smarie/python-parsyfiles/parsyfiles/tests/old/./custom_without_folders/item1] as a [MainFooBarItem] successfully. Parser used was [Multifile Object parser (parsyfiles defaults)]
{&apos;expected_perf&apos;: &lt;test_parsyfiles_old.MultifileAndCustomFunctionsTest._create_root_parser.&lt;locals&gt;.Config object at 0x7fa78b620160&gt;, &apos;expected_out&apos;: &lt;test_parsyfiles_old.MultifileAndCustomFunctionsTest._create_root_parser.&lt;locals&gt;.Config object at 0x7fa78b68a358&gt;, &apos;input_simple&apos;: this content is really interesting}
</system-out></testcase><testcase classname="parsyfiles.tests.old.test_parsyfiles_old.MultifileAndCustomFunctionsTest" file="parsyfiles/tests/old/test_parsyfiles_old.py" line="48" name="test_single_multifile_object_folders" time="0.12767553329467773"><system-out>[setup]
Elapsed: 0.0296328067779541
SUCCESS parsed [/home/travis/build/smarie/python-parsyfiles/parsyfiles/tests/old/./custom_with_folders/item1/expected_out.txt] as a [Config] successfully. Parser used was [&lt;test_custom_read_config_from_config_file_stream&gt;]
SUCCESS parsed [/home/travis/build/smarie/python-parsyfiles/parsyfiles/tests/old/./custom_with_folders/item1/expected_perf.cfg] as a [Config] successfully. Parser used was [&lt;test_custom_read_config_from_config_file_stream&gt;]
SUCCESS parsed [/home/travis/build/smarie/python-parsyfiles/parsyfiles/tests/old/./custom_with_folders/item1/input_simple.txt] as a [OneLiner] successfully. Parser used was [&lt;test_custom_read_oneliner_from_txt_file_stream&gt;]
SUCCESS parsed [/home/travis/build/smarie/python-parsyfiles/parsyfiles/tests/old/./custom_with_folders/item1] as a [MainFooBarItem] successfully. Parser used was [Multifile Object parser (parsyfiles defaults)]
{&apos;expected_perf&apos;: &lt;test_parsyfiles_old.MultifileAndCustomFunctionsTest._create_root_parser.&lt;locals&gt;.Config object at 0x7fa78b686390&gt;, &apos;expected_out&apos;: &lt;test_parsyfiles_old.MultifileAndCustomFunctionsTest._create_root_parser.&lt;locals&gt;.Config object at 0x7fa78b6866d8&gt;, &apos;input_simple&apos;: this content is really interesting}
</system-out></testcase><testcase classname="parsyfiles.tests.old.test_parsyfiles_old.MultifileAndCustomFunctionsTest" file="parsyfiles/tests/old/test_parsyfiles_old.py" line="83" name="test_with_folders_dict" time="0.12512516975402832"><system-out>[setup]
Elapsed: 0.025270938873291016
WARNING parsing [/home/travis/build/smarie/python-parsyfiles/parsyfiles/tests/old/./custom_with_folders/item3] as a [MainFooBarItem]: optional constructor attribute [expected_perf] not found on file system. This may be normal - this message is displayed &apos;just in case&apos;.
SUCCESS parsed [/home/travis/build/smarie/python-parsyfiles/parsyfiles/tests/old/./custom_with_folders/item1/expected_out.txt] as a [Config] successfully. Parser used was [&lt;test_custom_read_config_from_config_file_stream&gt;]
SUCCESS parsed [/home/travis/build/smarie/python-parsyfiles/parsyfiles/tests/old/./custom_with_folders/item1/expected_perf.cfg] as a [Config] successfully. Parser used was [&lt;test_custom_read_config_from_config_file_stream&gt;]
SUCCESS parsed [/home/travis/build/smarie/python-parsyfiles/parsyfiles/tests/old/./custom_with_folders/item1/input_simple.txt] as a [OneLiner] successfully. Parser used was [&lt;test_custom_read_oneliner_from_txt_file_stream&gt;]
SUCCESS parsed [/home/travis/build/smarie/python-parsyfiles/parsyfiles/tests/old/./custom_with_folders/item1] as a [MainFooBarItem] successfully. Parser used was [Multifile Object parser (parsyfiles defaults)]
SUCCESS parsed [/home/travis/build/smarie/python-parsyfiles/parsyfiles/tests/old/./custom_with_folders/item2/expected_out.cfg] as a [Config] successfully. Parser used was [&lt;test_custom_read_config_from_config_file_stream&gt;]
SUCCESS parsed [/home/travis/build/smarie/python-parsyfiles/parsyfiles/tests/old/./custom_with_folders/item2/expected_perf.cfg] as a [Config] successfully. Parser used was [&lt;test_custom_read_config_from_config_file_stream&gt;]
SUCCESS parsed [/home/travis/build/smarie/python-parsyfiles/parsyfiles/tests/old/./custom_with_folders/item2/input_simple.txt] as a [OneLiner] successfully. Parser used was [&lt;test_custom_read_oneliner_from_txt_file_stream&gt;]
SUCCESS parsed [/home/travis/build/smarie/python-parsyfiles/parsyfiles/tests/old/./custom_with_folders/item2] as a [MainFooBarItem] successfully. Parser used was [Multifile Object parser (parsyfiles defaults)]
SUCCESS parsed [/home/travis/build/smarie/python-parsyfiles/parsyfiles/tests/old/./custom_with_folders/item3/expected_out.cfg] as a [Config] successfully. Parser used was [&lt;test_custom_read_config_from_config_file_stream&gt;]
SUCCESS parsed [/home/travis/build/smarie/python-parsyfiles/parsyfiles/tests/old/./custom_with_folders/item3/input_simple.txt] as a [OneLiner] successfully. Parser used was [&lt;test_custom_read_oneliner_from_txt_file_stream&gt;]
SUCCESS parsed [/home/travis/build/smarie/python-parsyfiles/parsyfiles/tests/old/./custom_with_folders/item3] as a [MainFooBarItem] successfully. Parser used was [Multifile Object parser (parsyfiles defaults)]
SUCCESS parsed [/home/travis/build/smarie/python-parsyfiles/parsyfiles/tests/old/./custom_with_folders] as a [Dict[str, MainFooBarItem]] successfully. Parser used was [Multifile Collection parser (parsyfiles defaults)]
OrderedDict([(&apos;item1&apos;,
              {&apos;expected_perf&apos;: &lt;test_parsyfiles_old.MultifileAndCustomFunctionsTest._create_root_parser.&lt;locals&gt;.Config object at 0x7fa78c1e4400&gt;, &apos;expected_out&apos;: &lt;test_parsyfiles_old.MultifileAndCustomFunctionsTest._create_root_parser.&lt;locals&gt;.Config object at 0x7fa78c1ed630&gt;, &apos;input_simple&apos;: this content is really interesting}),
             (&apos;item2&apos;,
              {&apos;expected_perf&apos;: &lt;test_parsyfiles_old.MultifileAndCustomFunctionsTest._create_root_parser.&lt;locals&gt;.Config object at 0x7fa78c2bc7f0&gt;, &apos;expected_out&apos;: &lt;test_parsyfiles_old.MultifileAndCustomFunctionsTest._create_root_parser.&lt;locals&gt;.Config object at 0x7fa78c366e48&gt;, &apos;input_simple&apos;: this content is really interesting}),
             (&apos;item3&apos;,
              {&apos;expected_perf&apos;: None, &apos;expected_out&apos;: &lt;test_parsyfiles_old.MultifileAndCustomFunctionsTest._create_root_parser.&lt;locals&gt;.Config object at 0x7fa78c1bc278&gt;, &apos;input_simple&apos;: this content is really interesting})])
</system-out></testcase><testcase classname="parsyfiles.tests.old.test_parsyfiles_old.MultifileAndCustomFunctionsTest" file="parsyfiles/tests/old/test_parsyfiles_old.py" line="77" name="test_with_folders_set" time="0.12162446975708008"><system-out>[setup]
Elapsed: 0.02458047866821289
WARNING parsing [/home/travis/build/smarie/python-parsyfiles/parsyfiles/tests/old/./custom_with_folders/item3] as a [MainFooBarItem]: optional constructor attribute [expected_perf] not found on file system. This may be normal - this message is displayed &apos;just in case&apos;.
SUCCESS parsed [/home/travis/build/smarie/python-parsyfiles/parsyfiles/tests/old/./custom_with_folders/item1/expected_out.txt] as a [Config] successfully. Parser used was [&lt;test_custom_read_config_from_config_file_stream&gt;]
SUCCESS parsed [/home/travis/build/smarie/python-parsyfiles/parsyfiles/tests/old/./custom_with_folders/item1/expected_perf.cfg] as a [Config] successfully. Parser used was [&lt;test_custom_read_config_from_config_file_stream&gt;]
SUCCESS parsed [/home/travis/build/smarie/python-parsyfiles/parsyfiles/tests/old/./custom_with_folders/item1/input_simple.txt] as a [OneLiner] successfully. Parser used was [&lt;test_custom_read_oneliner_from_txt_file_stream&gt;]
SUCCESS parsed [/home/travis/build/smarie/python-parsyfiles/parsyfiles/tests/old/./custom_with_folders/item1] as a [MainFooBarItem] successfully. Parser used was [Multifile Object parser (parsyfiles defaults)]
SUCCESS parsed [/home/travis/build/smarie/python-parsyfiles/parsyfiles/tests/old/./custom_with_folders/item2/expected_out.cfg] as a [Config] successfully. Parser used was [&lt;test_custom_read_config_from_config_file_stream&gt;]
SUCCESS parsed [/home/travis/build/smarie/python-parsyfiles/parsyfiles/tests/old/./custom_with_folders/item2/expected_perf.cfg] as a [Config] successfully. Parser used was [&lt;test_custom_read_config_from_config_file_stream&gt;]
SUCCESS parsed [/home/travis/build/smarie/python-parsyfiles/parsyfiles/tests/old/./custom_with_folders/item2/input_simple.txt] as a [OneLiner] successfully. Parser used was [&lt;test_custom_read_oneliner_from_txt_file_stream&gt;]
SUCCESS parsed [/home/travis/build/smarie/python-parsyfiles/parsyfiles/tests/old/./custom_with_folders/item2] as a [MainFooBarItem] successfully. Parser used was [Multifile Object parser (parsyfiles defaults)]
SUCCESS parsed [/home/travis/build/smarie/python-parsyfiles/parsyfiles/tests/old/./custom_with_folders/item3/expected_out.cfg] as a [Config] successfully. Parser used was [&lt;test_custom_read_config_from_config_file_stream&gt;]
SUCCESS parsed [/home/travis/build/smarie/python-parsyfiles/parsyfiles/tests/old/./custom_with_folders/item3/input_simple.txt] as a [OneLiner] successfully. Parser used was [&lt;test_custom_read_oneliner_from_txt_file_stream&gt;]
SUCCESS parsed [/home/travis/build/smarie/python-parsyfiles/parsyfiles/tests/old/./custom_with_folders/item3] as a [MainFooBarItem] successfully. Parser used was [Multifile Object parser (parsyfiles defaults)]
SUCCESS parsed [/home/travis/build/smarie/python-parsyfiles/parsyfiles/tests/old/./custom_with_folders] as a [Set[MainFooBarItem]] successfully. Parser used was [Multifile Collection parser (parsyfiles defaults)]
{{&apos;expected_perf&apos;: &lt;test_parsyfiles_old.MultifileAndCustomFunctionsTest._create_root_parser.&lt;locals&gt;.Config object at 0x7fa78b60e4e0&gt;, &apos;expected_out&apos;: &lt;test_parsyfiles_old.MultifileAndCustomFunctionsTest._create_root_parser.&lt;locals&gt;.Config object at 0x7fa78b60e978&gt;, &apos;input_simple&apos;: this content is really interesting}, {&apos;expected_perf&apos;: None, &apos;expected_out&apos;: &lt;test_parsyfiles_old.MultifileAndCustomFunctionsTest._create_root_parser.&lt;locals&gt;.Config object at 0x7fa78b67c668&gt;, &apos;input_simple&apos;: this content is really interesting}, {&apos;expected_perf&apos;: &lt;test_parsyfiles_old.MultifileAndCustomFunctionsTest._create_root_parser.&lt;locals&gt;.Config object at 0x7fa78b67cf28&gt;, &apos;expected_out&apos;: &lt;test_parsyfiles_old.MultifileAndCustomFunctionsTest._create_root_parser.&lt;locals&gt;.Config object at 0x7fa78b67ca20&gt;, &apos;input_simple&apos;: this content is really interesting}}
</system-out></testcase><testcase classname="parsyfiles.tests.old.test_parsyfiles_old.TestDemo" file="parsyfiles/tests/old/test_parsyfiles_old.py" line="238" name="test_old_demo" time="0.1085052490234375"><system-out>WARNING parsing [/home/travis/build/smarie/python-parsyfiles/parsyfiles/tests/old/./custom_old_demo/case1] as a [OpTestCase]: optional constructor attribute [options] not found on file system. This may be normal - this message is displayed &apos;just in case&apos;.
SUCCESS parsed [/home/travis/build/smarie/python-parsyfiles/parsyfiles/tests/old/./custom_old_demo/case1/input_a.txt] as a [int] successfully. Parser used was [&lt;test_parse_int_file&gt;]
SUCCESS parsed [/home/travis/build/smarie/python-parsyfiles/parsyfiles/tests/old/./custom_old_demo/case1/input_b.txt] as a [int] successfully. Parser used was [&lt;test_parse_int_file&gt;]
SUCCESS parsed [/home/travis/build/smarie/python-parsyfiles/parsyfiles/tests/old/./custom_old_demo/case1/output.txt] as a [int] successfully. Parser used was [&lt;test_parse_int_file&gt;]
SUCCESS parsed [/home/travis/build/smarie/python-parsyfiles/parsyfiles/tests/old/./custom_old_demo/case1] as a [OpTestCase] successfully. Parser used was [Multifile Object parser (parsyfiles defaults+test custom functions)]
SUCCESS parsed [/home/travis/build/smarie/python-parsyfiles/parsyfiles/tests/old/./custom_old_demo/case2/input_a.txt] as a [int] successfully. Parser used was [&lt;test_parse_int_file&gt;]
SUCCESS parsed [/home/travis/build/smarie/python-parsyfiles/parsyfiles/tests/old/./custom_old_demo/case2/input_b.txt] as a [int] successfully. Parser used was [&lt;test_parse_int_file&gt;]
SUCCESS parsed [/home/travis/build/smarie/python-parsyfiles/parsyfiles/tests/old/./custom_old_demo/case2/options.txt] as a [OpConfig] successfully. Parser used was [&lt;test_parse_configuration_txt_file&gt;]
SUCCESS parsed [/home/travis/build/smarie/python-parsyfiles/parsyfiles/tests/old/./custom_old_demo/case2/output.txt] as a [int] successfully. Parser used was [&lt;test_parse_int_file&gt;]
SUCCESS parsed [/home/travis/build/smarie/python-parsyfiles/parsyfiles/tests/old/./custom_old_demo/case2] as a [OpTestCase] successfully. Parser used was [Multifile Object parser (parsyfiles defaults+test custom functions)]
SUCCESS parsed [/home/travis/build/smarie/python-parsyfiles/parsyfiles/tests/old/./custom_old_demo/case3/input_a.txt] as a [int] successfully. Parser used was [&lt;test_parse_int_file&gt;]
SUCCESS parsed [/home/travis/build/smarie/python-parsyfiles/parsyfiles/tests/old/./custom_old_demo/case3/input_b.txt] as a [int] successfully. Parser used was [&lt;test_parse_int_file&gt;]
SUCCESS parsed [/home/travis/build/smarie/python-parsyfiles/parsyfiles/tests/old/./custom_old_demo/case3/options.cfg] as a [OpConfig] successfully. Parser used was [&lt;test_parse_configuration_cfg_file&gt;]
SUCCESS parsed [/home/travis/build/smarie/python-parsyfiles/parsyfiles/tests/old/./custom_old_demo/case3/output.txt] as a [int] successfully. Parser used was [&lt;test_parse_int_file&gt;]
SUCCESS parsed [/home/travis/build/smarie/python-parsyfiles/parsyfiles/tests/old/./custom_old_demo/case3] as a [OpTestCase] successfully. Parser used was [Multifile Object parser (parsyfiles defaults+test custom functions)]
SUCCESS parsed [/home/travis/build/smarie/python-parsyfiles/parsyfiles/tests/old/./custom_old_demo] as a [Dict[str, OpTestCase]] successfully. Parser used was [Multifile Collection parser (parsyfiles defaults+test custom functions)]
OrderedDict([(&apos;case1&apos;, 1 + 2 =? 3),
             (&apos;case2&apos;, 1 + 3 =? 4),
             (&apos;case3&apos;, 1 - 2 =? -1)])
WARNING parsing [/home/travis/build/smarie/python-parsyfiles/parsyfiles/tests/old/./custom_old_demo_flat/case1] as a [OpTestCase]: optional constructor attribute [options] not found on file system. This may be normal - this message is displayed &apos;just in case&apos;.
SUCCESS parsed [/home/travis/build/smarie/python-parsyfiles/parsyfiles/tests/old/./custom_old_demo_flat/case1--input_a.txt] as a [int] successfully. Parser used was [&lt;test_parse_int_file&gt;]
SUCCESS parsed [/home/travis/build/smarie/python-parsyfiles/parsyfiles/tests/old/./custom_old_demo_flat/case1--input_b.txt] as a [int] successfully. Parser used was [&lt;test_parse_int_file&gt;]
SUCCESS parsed [/home/travis/build/smarie/python-parsyfiles/parsyfiles/tests/old/./custom_old_demo_flat/case1--output.txt] as a [int] successfully. Parser used was [&lt;test_parse_int_file&gt;]
SUCCESS parsed [/home/travis/build/smarie/python-parsyfiles/parsyfiles/tests/old/./custom_old_demo_flat/case1] as a [OpTestCase] successfully. Parser used was [Multifile Object parser (parsyfiles defaults+test custom functions)]
SUCCESS parsed [/home/travis/build/smarie/python-parsyfiles/parsyfiles/tests/old/./custom_old_demo_flat/case2--input_a.txt] as a [int] successfully. Parser used was [&lt;test_parse_int_file&gt;]
SUCCESS parsed [/home/travis/build/smarie/python-parsyfiles/parsyfiles/tests/old/./custom_old_demo_flat/case2--input_b.txt] as a [int] successfully. Parser used was [&lt;test_parse_int_file&gt;]
SUCCESS parsed [/home/travis/build/smarie/python-parsyfiles/parsyfiles/tests/old/./custom_old_demo_flat/case2--options.txt] as a [OpConfig] successfully. Parser used was [&lt;test_parse_configuration_txt_file&gt;]
SUCCESS parsed [/home/travis/build/smarie/python-parsyfiles/parsyfiles/tests/old/./custom_old_demo_flat/case2--output.txt] as a [int] successfully. Parser used was [&lt;test_parse_int_file&gt;]
SUCCESS parsed [/home/travis/build/smarie/python-parsyfiles/parsyfiles/tests/old/./custom_old_demo_flat/case2] as a [OpTestCase] successfully. Parser used was [Multifile Object parser (parsyfiles defaults+test custom functions)]
SUCCESS parsed [/home/travis/build/smarie/python-parsyfiles/parsyfiles/tests/old/./custom_old_demo_flat/case3--input_a.txt] as a [int] successfully. Parser used was [&lt;test_parse_int_file&gt;]
SUCCESS parsed [/home/travis/build/smarie/python-parsyfiles/parsyfiles/tests/old/./custom_old_demo_flat/case3--input_b.txt] as a [int] successfully. Parser used was [&lt;test_parse_int_file&gt;]
SUCCESS parsed [/home/travis/build/smarie/python-parsyfiles/parsyfiles/tests/old/./custom_old_demo_flat/case3--options.cfg] as a [OpConfig] successfully. Parser used was [&lt;test_parse_configuration_cfg_file&gt;]
SUCCESS parsed [/home/travis/build/smarie/python-parsyfiles/parsyfiles/tests/old/./custom_old_demo_flat/case3--output.txt] as a [int] successfully. Parser used was [&lt;test_parse_int_file&gt;]
SUCCESS parsed [/home/travis/build/smarie/python-parsyfiles/parsyfiles/tests/old/./custom_old_demo_flat/case3] as a [OpTestCase] successfully. Parser used was [Multifile Object parser (parsyfiles defaults+test custom functions)]
SUCCESS parsed [/home/travis/build/smarie/python-parsyfiles/parsyfiles/tests/old/./custom_old_demo_flat] as a [Dict[str, OpTestCase]] successfully. Parser used was [Multifile Collection parser (parsyfiles defaults+test custom functions)]
OrderedDict([(&apos;case1&apos;, 1 + 2 =? 3),
             (&apos;case2&apos;, 1 + 3 =? 4),
             (&apos;case3&apos;, 1 - 2 =? -1)])
WARNING parsing [/home/travis/build/smarie/python-parsyfiles/parsyfiles/tests/old/./custom_old_demo_flat_coll/case1] as a [OpTestCaseColl]: optional constructor attribute [input_c] not found on file system. This may be normal - this message is displayed &apos;just in case&apos;.
WARNING parsing [/home/travis/build/smarie/python-parsyfiles/parsyfiles/tests/old/./custom_old_demo_flat_coll/case1] as a [OpTestCaseColl]: optional constructor attribute [options] not found on file system. This may be normal - this message is displayed &apos;just in case&apos;.
WARNING parsing [/home/travis/build/smarie/python-parsyfiles/parsyfiles/tests/old/./custom_old_demo_flat_coll/case2] as a [OpTestCaseColl]: optional constructor attribute [input_c] not found on file system. This may be normal - this message is displayed &apos;just in case&apos;.
SUCCESS parsed [/home/travis/build/smarie/python-parsyfiles/parsyfiles/tests/old/./custom_old_demo_flat_coll/case1--input_a.txt] as a [int] successfully. Parser used was [&lt;test_parse_int_file&gt;]
SUCCESS parsed [/home/travis/build/smarie/python-parsyfiles/parsyfiles/tests/old/./custom_old_demo_flat_coll/case1--input_b.txt] as a [int] successfully. Parser used was [&lt;test_parse_int_file&gt;]
SUCCESS parsed [/home/travis/build/smarie/python-parsyfiles/parsyfiles/tests/old/./custom_old_demo_flat_coll/case1--output.txt] as a [int] successfully. Parser used was [&lt;test_parse_int_file&gt;]
SUCCESS parsed [/home/travis/build/smarie/python-parsyfiles/parsyfiles/tests/old/./custom_old_demo_flat_coll/case1] as a [OpTestCaseColl] successfully. Parser used was [Multifile Object parser (parsyfiles defaults+test custom functions)]
SUCCESS parsed [/home/travis/build/smarie/python-parsyfiles/parsyfiles/tests/old/./custom_old_demo_flat_coll/case2--input_a.txt] as a [int] successfully. Parser used was [&lt;test_parse_int_file&gt;]
SUCCESS parsed [/home/travis/build/smarie/python-parsyfiles/parsyfiles/tests/old/./custom_old_demo_flat_coll/case2--input_b.txt] as a [int] successfully. Parser used was [&lt;test_parse_int_file&gt;]
SUCCESS parsed [/home/travis/build/smarie/python-parsyfiles/parsyfiles/tests/old/./custom_old_demo_flat_coll/case2--options.txt] as a [OpConfig] successfully. Parser used was [&lt;test_parse_configuration_txt_file&gt;]
SUCCESS parsed [/home/travis/build/smarie/python-parsyfiles/parsyfiles/tests/old/./custom_old_demo_flat_coll/case2--output.txt] as a [int] successfully. Parser used was [&lt;test_parse_int_file&gt;]
SUCCESS parsed [/home/travis/build/smarie/python-parsyfiles/parsyfiles/tests/old/./custom_old_demo_flat_coll/case2] as a [OpTestCaseColl] successfully. Parser used was [Multifile Object parser (parsyfiles defaults+test custom functions)]
SUCCESS parsed [/home/travis/build/smarie/python-parsyfiles/parsyfiles/tests/old/./custom_old_demo_flat_coll/case3--input_a.txt] as a [int] successfully. Parser used was [&lt;test_parse_int_file&gt;]
SUCCESS parsed [/home/travis/build/smarie/python-parsyfiles/parsyfiles/tests/old/./custom_old_demo_flat_coll/case3--input_b.txt] as a [int] successfully. Parser used was [&lt;test_parse_int_file&gt;]
SUCCESS parsed [/home/travis/build/smarie/python-parsyfiles/parsyfiles/tests/old/./custom_old_demo_flat_coll/case3--input_c--keyA--item1.txt] as a [int] successfully. Parser used was [&lt;test_parse_int_file&gt;]
SUCCESS parsed [/home/travis/build/smarie/python-parsyfiles/parsyfiles/tests/old/./custom_old_demo_flat_coll/case3--input_c--keyA--item2.txt] as a [int] successfully. Parser used was [&lt;test_parse_int_file&gt;]
SUCCESS parsed [/home/travis/build/smarie/python-parsyfiles/parsyfiles/tests/old/./custom_old_demo_flat_coll/case3--input_c--keyA] as a [List[int]] successfully. Parser used was [Multifile Collection parser (parsyfiles defaults+test custom functions)]
SUCCESS parsed [/home/travis/build/smarie/python-parsyfiles/parsyfiles/tests/old/./custom_old_demo_flat_coll/case3--input_c--keyB--item1.txt] as a [int] successfully. Parser used was [&lt;test_parse_int_file&gt;]
SUCCESS parsed [/home/travis/build/smarie/python-parsyfiles/parsyfiles/tests/old/./custom_old_demo_flat_coll/case3--input_c--keyB] as a [List[int]] successfully. Parser used was [Multifile Collection parser (parsyfiles defaults+test custom functions)]
SUCCESS parsed [/home/travis/build/smarie/python-parsyfiles/parsyfiles/tests/old/./custom_old_demo_flat_coll/case3--input_c] as a [Dict[str, List[int]]] successfully. Parser used was [Multifile Collection parser (parsyfiles defaults+test custom functions)]
SUCCESS parsed [/home/travis/build/smarie/python-parsyfiles/parsyfiles/tests/old/./custom_old_demo_flat_coll/case3--options.cfg] as a [OpConfig] successfully. Parser used was [&lt;test_parse_configuration_cfg_file&gt;]
SUCCESS parsed [/home/travis/build/smarie/python-parsyfiles/parsyfiles/tests/old/./custom_old_demo_flat_coll/case3--output.txt] as a [int] successfully. Parser used was [&lt;test_parse_int_file&gt;]
SUCCESS parsed [/home/travis/build/smarie/python-parsyfiles/parsyfiles/tests/old/./custom_old_demo_flat_coll/case3] as a [OpTestCaseColl] successfully. Parser used was [Multifile Object parser (parsyfiles defaults+test custom functions)]
SUCCESS parsed [/home/travis/build/smarie/python-parsyfiles/parsyfiles/tests/old/./custom_old_demo_flat_coll] as a [Dict[str, OpTestCaseColl]] successfully. Parser used was [Multifile Collection parser (parsyfiles defaults+test custom functions)]
{&apos;keyA&apos;: [-1, -1], &apos;keyB&apos;: [-1]}
WARNING parsing [/home/travis/build/smarie/python-parsyfiles/parsyfiles/tests/old/./custom_old_demo_coll/case1] as a [OpTestCaseColl]: optional constructor attribute [input_c] not found on file system. This may be normal - this message is displayed &apos;just in case&apos;.
WARNING parsing [/home/travis/build/smarie/python-parsyfiles/parsyfiles/tests/old/./custom_old_demo_coll/case1] as a [OpTestCaseColl]: optional constructor attribute [options] not found on file system. This may be normal - this message is displayed &apos;just in case&apos;.
WARNING parsing [/home/travis/build/smarie/python-parsyfiles/parsyfiles/tests/old/./custom_old_demo_coll/case2] as a [OpTestCaseColl]: optional constructor attribute [input_c] not found on file system. This may be normal - this message is displayed &apos;just in case&apos;.
SUCCESS parsed [/home/travis/build/smarie/python-parsyfiles/parsyfiles/tests/old/./custom_old_demo_coll/case1/input_a.txt] as a [int] successfully. Parser used was [&lt;test_parse_int_file&gt;]
SUCCESS parsed [/home/travis/build/smarie/python-parsyfiles/parsyfiles/tests/old/./custom_old_demo_coll/case1/input_b.txt] as a [int] successfully. Parser used was [&lt;test_parse_int_file&gt;]
SUCCESS parsed [/home/travis/build/smarie/python-parsyfiles/parsyfiles/tests/old/./custom_old_demo_coll/case1/output.txt] as a [int] successfully. Parser used was [&lt;test_parse_int_file&gt;]
SUCCESS parsed [/home/travis/build/smarie/python-parsyfiles/parsyfiles/tests/old/./custom_old_demo_coll/case1] as a [OpTestCaseColl] successfully. Parser used was [Multifile Object parser (parsyfiles defaults+test custom functions)]
SUCCESS parsed [/home/travis/build/smarie/python-parsyfiles/parsyfiles/tests/old/./custom_old_demo_coll/case2/input_a.txt] as a [int] successfully. Parser used was [&lt;test_parse_int_file&gt;]
SUCCESS parsed [/home/travis/build/smarie/python-parsyfiles/parsyfiles/tests/old/./custom_old_demo_coll/case2/input_b.txt] as a [int] successfully. Parser used was [&lt;test_parse_int_file&gt;]
SUCCESS parsed [/home/travis/build/smarie/python-parsyfiles/parsyfiles/tests/old/./custom_old_demo_coll/case2/options.txt] as a [OpConfig] successfully. Parser used was [&lt;test_parse_configuration_txt_file&gt;]
SUCCESS parsed [/home/travis/build/smarie/python-parsyfiles/parsyfiles/tests/old/./custom_old_demo_coll/case2/output.txt] as a [int] successfully. Parser used was [&lt;test_parse_int_file&gt;]
SUCCESS parsed [/home/travis/build/smarie/python-parsyfiles/parsyfiles/tests/old/./custom_old_demo_coll/case2] as a [OpTestCaseColl] successfully. Parser used was [Multifile Object parser (parsyfiles defaults+test custom functions)]
SUCCESS parsed [/home/travis/build/smarie/python-parsyfiles/parsyfiles/tests/old/./custom_old_demo_coll/case3/input_a.txt] as a [int] successfully. Parser used was [&lt;test_parse_int_file&gt;]
SUCCESS parsed [/home/travis/build/smarie/python-parsyfiles/parsyfiles/tests/old/./custom_old_demo_coll/case3/input_b.txt] as a [int] successfully. Parser used was [&lt;test_parse_int_file&gt;]
SUCCESS parsed [/home/travis/build/smarie/python-parsyfiles/parsyfiles/tests/old/./custom_old_demo_coll/case3/input_c/keyA/item1.txt] as a [int] successfully. Parser used was [&lt;test_parse_int_file&gt;]
SUCCESS parsed [/home/travis/build/smarie/python-parsyfiles/parsyfiles/tests/old/./custom_old_demo_coll/case3/input_c/keyA/item2.txt] as a [int] successfully. Parser used was [&lt;test_parse_int_file&gt;]
SUCCESS parsed [/home/travis/build/smarie/python-parsyfiles/parsyfiles/tests/old/./custom_old_demo_coll/case3/input_c/keyA] as a [List[int]] successfully. Parser used was [Multifile Collection parser (parsyfiles defaults+test custom functions)]
SUCCESS parsed [/home/travis/build/smarie/python-parsyfiles/parsyfiles/tests/old/./custom_old_demo_coll/case3/input_c/keyB/item1.txt] as a [int] successfully. Parser used was [&lt;test_parse_int_file&gt;]
SUCCESS parsed [/home/travis/build/smarie/python-parsyfiles/parsyfiles/tests/old/./custom_old_demo_coll/case3/input_c/keyB] as a [List[int]] successfully. Parser used was [Multifile Collection parser (parsyfiles defaults+test custom functions)]
SUCCESS parsed [/home/travis/build/smarie/python-parsyfiles/parsyfiles/tests/old/./custom_old_demo_coll/case3/input_c] as a [Dict[str, List[int]]] successfully. Parser used was [Multifile Collection parser (parsyfiles defaults+test custom functions)]
SUCCESS parsed [/home/travis/build/smarie/python-parsyfiles/parsyfiles/tests/old/./custom_old_demo_coll/case3/options.cfg] as a [OpConfig] successfully. Parser used was [&lt;test_parse_configuration_cfg_file&gt;]
SUCCESS parsed [/home/travis/build/smarie/python-parsyfiles/parsyfiles/tests/old/./custom_old_demo_coll/case3/output.txt] as a [int] successfully. Parser used was [&lt;test_parse_int_file&gt;]
SUCCESS parsed [/home/travis/build/smarie/python-parsyfiles/parsyfiles/tests/old/./custom_old_demo_coll/case3] as a [OpTestCaseColl] successfully. Parser used was [Multifile Object parser (parsyfiles defaults+test custom functions)]
SUCCESS parsed [/home/travis/build/smarie/python-parsyfiles/parsyfiles/tests/old/./custom_old_demo_coll] as a [Dict[str, OpTestCaseColl]] successfully. Parser used was [Multifile Collection parser (parsyfiles defaults+test custom functions)]
{&apos;keyA&apos;: [-1, -1], &apos;keyB&apos;: [-1]}
</system-out></testcase><testcase classname="parsyfiles.tests.parsing_capabilities_by_type.test_parse_collections" file="parsyfiles/tests/parsing_capabilities_by_type/test_parse_collections.py" line="13" name="test_collections" time="0.2371997833251953"><system-out>SUCCESS parsed [/home/travis/build/smarie/python-parsyfiles/parsyfiles/tests/parsing_capabilities_by_type/collections_data/./dict/a.txt] as a [int] successfully. Parser used was [$&lt;read_str_from_txt&gt; =&gt; &lt;str_to_int&gt;$]
SUCCESS parsed [/home/travis/build/smarie/python-parsyfiles/parsyfiles/tests/parsing_capabilities_by_type/collections_data/./dict/b.txt] as a [int] successfully. Parser used was [$&lt;read_str_from_txt&gt; =&gt; &lt;str_to_int&gt;$]
SUCCESS parsed [/home/travis/build/smarie/python-parsyfiles/parsyfiles/tests/parsing_capabilities_by_type/collections_data/./dict/c.txt] as a [int] successfully. Parser used was [$&lt;read_str_from_txt&gt; =&gt; &lt;str_to_int&gt;$]
SUCCESS parsed [/home/travis/build/smarie/python-parsyfiles/parsyfiles/tests/parsing_capabilities_by_type/collections_data/./dict] as a [Dict[str, int]] successfully. Parser used was [Multifile Collection parser (parsyfiles defaults)]
SUCCESS parsed [/home/travis/build/smarie/python-parsyfiles/parsyfiles/tests/parsing_capabilities_by_type/collections_data/./list/a.txt] as a [int] successfully. Parser used was [$&lt;read_str_from_txt&gt; =&gt; &lt;str_to_int&gt;$]
SUCCESS parsed [/home/travis/build/smarie/python-parsyfiles/parsyfiles/tests/parsing_capabilities_by_type/collections_data/./list/b.txt] as a [int] successfully. Parser used was [$&lt;read_str_from_txt&gt; =&gt; &lt;str_to_int&gt;$]
SUCCESS parsed [/home/travis/build/smarie/python-parsyfiles/parsyfiles/tests/parsing_capabilities_by_type/collections_data/./list/c.txt] as a [int] successfully. Parser used was [$&lt;read_str_from_txt&gt; =&gt; &lt;str_to_int&gt;$]
SUCCESS parsed [/home/travis/build/smarie/python-parsyfiles/parsyfiles/tests/parsing_capabilities_by_type/collections_data/./list] as a [List[int]] successfully. Parser used was [Multifile Collection parser (parsyfiles defaults)]
SUCCESS parsed [/home/travis/build/smarie/python-parsyfiles/parsyfiles/tests/parsing_capabilities_by_type/collections_data/./set/a.txt] as a [int] successfully. Parser used was [$&lt;read_str_from_txt&gt; =&gt; &lt;str_to_int&gt;$]
SUCCESS parsed [/home/travis/build/smarie/python-parsyfiles/parsyfiles/tests/parsing_capabilities_by_type/collections_data/./set/b.txt] as a [int] successfully. Parser used was [$&lt;read_str_from_txt&gt; =&gt; &lt;str_to_int&gt;$]
SUCCESS parsed [/home/travis/build/smarie/python-parsyfiles/parsyfiles/tests/parsing_capabilities_by_type/collections_data/./set/c.txt] as a [int] successfully. Parser used was [$&lt;read_str_from_txt&gt; =&gt; &lt;str_to_int&gt;$]
SUCCESS parsed [/home/travis/build/smarie/python-parsyfiles/parsyfiles/tests/parsing_capabilities_by_type/collections_data/./set] as a [Set[int]] successfully. Parser used was [Multifile Collection parser (parsyfiles defaults)]
SUCCESS parsed [/home/travis/build/smarie/python-parsyfiles/parsyfiles/tests/parsing_capabilities_by_type/collections_data/./tuple/a.txt] as a [str] successfully. Parser used was [&lt;read_str_from_txt&gt;]
SUCCESS parsed [/home/travis/build/smarie/python-parsyfiles/parsyfiles/tests/parsing_capabilities_by_type/collections_data/./tuple/b.txt] as a [int] successfully. Parser used was [$&lt;read_str_from_txt&gt; =&gt; &lt;str_to_int&gt;$]
SUCCESS parsed [/home/travis/build/smarie/python-parsyfiles/parsyfiles/tests/parsing_capabilities_by_type/collections_data/./tuple/c.txt] as a [str] successfully. Parser used was [&lt;read_str_from_txt&gt;]
SUCCESS parsed [/home/travis/build/smarie/python-parsyfiles/parsyfiles/tests/parsing_capabilities_by_type/collections_data/./tuple] as a [Tuple[str, int, str]] successfully. Parser used was [Multifile Collection parser (parsyfiles defaults)]
SUCCESS parsed [/home/travis/build/smarie/python-parsyfiles/parsyfiles/tests/parsing_capabilities_by_type/collections_data/.] as a [Tuple[Dict[str, int], List[int], Set[int], Tuple[str, int, str]]] successfully. Parser used was [Multifile Collection parser (parsyfiles defaults)]
(OrderedDict([(&apos;a&apos;, 1), (&apos;b&apos;, 2), (&apos;c&apos;, 3)]), [1, 2, 3], {1, 2, 3}, (&apos;text&apos;, 2, &apos;text&apos;))
</system-out></testcase><testcase classname="parsyfiles.tests.parsing_capabilities_by_type.test_parse_collections" file="parsyfiles/tests/parsing_capabilities_by_type/test_parse_collections.py" line="37" name="test_nested_and_custom_dict1" time="0.045469045639038086"><system-out>SUCCESS parsed [/home/travis/build/smarie/python-parsyfiles/parsyfiles/tests/parsing_capabilities_by_type/collections_data2/foo_file.yaml] as a [Dict[str, Foo]] successfully. Parser used was [&lt;read_collection_from_yaml&gt;]
</system-out></testcase><testcase classname="parsyfiles.tests.parsing_capabilities_by_type.test_parse_collections" file="parsyfiles/tests/parsing_capabilities_by_type/test_parse_collections.py" line="45" name="test_nested_and_custom_dict2" time="0.05123424530029297"><system-out>SUCCESS parsed [/home/travis/build/smarie/python-parsyfiles/parsyfiles/tests/parsing_capabilities_by_type/collections_data2/foo_file2.yaml] as a [Dict[str, FooDct]] successfully. Parser used was [&lt;read_collection_from_yaml&gt;]
</system-out></testcase><testcase classname="parsyfiles.tests.parsing_capabilities_by_type.test_parse_collections" file="parsyfiles/tests/parsing_capabilities_by_type/test_parse_collections.py" line="53" name="test_nested_and_custom_dict3" time="0.05142855644226074"><system-out>ERROR while parsing [/home/travis/build/smarie/python-parsyfiles/parsyfiles/tests/parsing_capabilities_by_type/collections_data2/foo_file.yaml] into a [FooDct] using [&lt;read_object_from_yaml&gt;]. Set log level to DEBUG for details
Rebuilding local parsing plan with next candidate parser: $&lt;read_collection_from_yaml&gt; =&gt; &lt;dict_to_object&gt;$
DONE Rebuilding local parsing plan for [/home/travis/build/smarie/python-parsyfiles/parsyfiles/tests/parsing_capabilities_by_type/collections_data2/foo_file.yaml]. Resuming parsing...
SUCCESS parsed [/home/travis/build/smarie/python-parsyfiles/parsyfiles/tests/parsing_capabilities_by_type/collections_data2/foo_file.yaml] as a [FooDct] successfully. Parser used was [$&lt;read_collection_from_yaml&gt; =&gt; &lt;dict_to_object&gt;$]
</system-out></testcase><testcase classname="parsyfiles.tests.parsing_capabilities_by_type.test_parse_custom_object" file="parsyfiles/tests/parsing_capabilities_by_type/test_parse_custom_object.py" line="36" name="test_simple_objects_support" time="0.36386704444885254"><system-out>SUCCESS parsed [/home/travis/build/smarie/python-parsyfiles/parsyfiles/tests/parsing_capabilities_by_type/objects_data/./test_diff_1.cfg] as a [ExecOpTest] successfully. Parser used was [$&lt;read_config&gt; =&gt; &lt;merge_all_config_sections_into_a_single_dict&gt; -&gt; &lt;dict_to_object&gt;$]
1.0 - 1.0 =? 0.0
SUCCESS parsed [/home/travis/build/smarie/python-parsyfiles/parsyfiles/tests/parsing_capabilities_by_type/objects_data/./test_diff_1.cfg] as a [ExecOpTest] successfully. Parser used was [$&lt;read_config&gt; =&gt; &lt;merge_all_config_sections_into_a_single_dict&gt; -&gt; &lt;dict_to_object&gt;$]
SUCCESS parsed [/home/travis/build/smarie/python-parsyfiles/parsyfiles/tests/parsing_capabilities_by_type/objects_data/./test_diff_2.ini] as a [ExecOpTest] successfully. Parser used was [$&lt;read_config&gt; =&gt; &lt;merge_all_config_sections_into_a_single_dict&gt; -&gt; &lt;dict_to_object&gt;$]
SUCCESS parsed [/home/travis/build/smarie/python-parsyfiles/parsyfiles/tests/parsing_capabilities_by_type/objects_data/./test_diff_3/expected_result.txt] as a [float] successfully. Parser used was [$&lt;read_str_from_txt&gt; =&gt; &lt;str_to_float&gt;$]
SUCCESS parsed [/home/travis/build/smarie/python-parsyfiles/parsyfiles/tests/parsing_capabilities_by_type/objects_data/./test_diff_3/op.txt] as a [str] successfully. Parser used was [&lt;read_str_from_txt&gt;]
SUCCESS parsed [/home/travis/build/smarie/python-parsyfiles/parsyfiles/tests/parsing_capabilities_by_type/objects_data/./test_diff_3/x.txt] as a [float] successfully. Parser used was [$&lt;read_str_from_txt&gt; =&gt; &lt;str_to_float&gt;$]
SUCCESS parsed [/home/travis/build/smarie/python-parsyfiles/parsyfiles/tests/parsing_capabilities_by_type/objects_data/./test_diff_3/y.txt] as a [float] successfully. Parser used was [$&lt;read_str_from_txt&gt; =&gt; &lt;str_to_float&gt;$]
SUCCESS parsed [/home/travis/build/smarie/python-parsyfiles/parsyfiles/tests/parsing_capabilities_by_type/objects_data/./test_diff_3] as a [ExecOpTest] successfully. Parser used was [Multifile Object parser (parsyfiles defaults)]
ERROR while parsing [/home/travis/build/smarie/python-parsyfiles/parsyfiles/tests/parsing_capabilities_by_type/objects_data/./test_diff_3_csv_format.txt] into a [ExecOpTest] using [$&lt;read_dict_from_properties&gt; =&gt; &lt;dict_to_object&gt;$]. Set log level to DEBUG for details
Rebuilding local parsing plan with next candidate parser: $&lt;read_str_from_txt&gt; =&gt; &lt;constructor_with_str_arg&gt;$
DONE Rebuilding local parsing plan for [/home/travis/build/smarie/python-parsyfiles/parsyfiles/tests/parsing_capabilities_by_type/objects_data/./test_diff_3_csv_format.txt]. Resuming parsing...
ERROR while parsing [/home/travis/build/smarie/python-parsyfiles/parsyfiles/tests/parsing_capabilities_by_type/objects_data/./test_diff_3_csv_format.txt] into a [ExecOpTest] using [$&lt;read_str_from_txt&gt; =&gt; &lt;constructor_with_str_arg&gt;$]. Set log level to DEBUG for details
Rebuilding local parsing plan with next candidate parser: $&lt;read_str_from_txt&gt; =&gt; &lt;base64_ascii_str_pickle_to_object&gt;$
DONE Rebuilding local parsing plan for [/home/travis/build/smarie/python-parsyfiles/parsyfiles/tests/parsing_capabilities_by_type/objects_data/./test_diff_3_csv_format.txt]. Resuming parsing...
ERROR while parsing [/home/travis/build/smarie/python-parsyfiles/parsyfiles/tests/parsing_capabilities_by_type/objects_data/./test_diff_3_csv_format.txt] into a [ExecOpTest] using [$&lt;read_str_from_txt&gt; =&gt; &lt;base64_ascii_str_pickle_to_object&gt;$]. Set log level to DEBUG for details
Rebuilding local parsing plan with next candidate parser: $&lt;read_df_or_series_from_csv&gt; =&gt; &lt;single_row_or_col_df_to_dict&gt; -&gt; &lt;dict_to_object&gt;$
DONE Rebuilding local parsing plan for [/home/travis/build/smarie/python-parsyfiles/parsyfiles/tests/parsing_capabilities_by_type/objects_data/./test_diff_3_csv_format.txt]. Resuming parsing...
SUCCESS parsed [/home/travis/build/smarie/python-parsyfiles/parsyfiles/tests/parsing_capabilities_by_type/objects_data/./test_diff_3_csv_format.txt] as a [ExecOpTest] successfully. Parser used was [$&lt;read_df_or_series_from_csv&gt; =&gt; &lt;single_row_or_col_df_to_dict&gt; -&gt; &lt;dict_to_object&gt;$]
ERROR while parsing [/home/travis/build/smarie/python-parsyfiles/parsyfiles/tests/parsing_capabilities_by_type/objects_data/./test_diff_4_csv_format2.txt] into a [ExecOpTest] using [$&lt;read_dict_from_properties&gt; =&gt; &lt;dict_to_object&gt;$]. Set log level to DEBUG for details
Rebuilding local parsing plan with next candidate parser: $&lt;read_str_from_txt&gt; =&gt; &lt;constructor_with_str_arg&gt;$
DONE Rebuilding local parsing plan for [/home/travis/build/smarie/python-parsyfiles/parsyfiles/tests/parsing_capabilities_by_type/objects_data/./test_diff_4_csv_format2.txt]. Resuming parsing...
ERROR while parsing [/home/travis/build/smarie/python-parsyfiles/parsyfiles/tests/parsing_capabilities_by_type/objects_data/./test_diff_4_csv_format2.txt] into a [ExecOpTest] using [$&lt;read_str_from_txt&gt; =&gt; &lt;constructor_with_str_arg&gt;$]. Set log level to DEBUG for details
Rebuilding local parsing plan with next candidate parser: $&lt;read_str_from_txt&gt; =&gt; &lt;base64_ascii_str_pickle_to_object&gt;$
DONE Rebuilding local parsing plan for [/home/travis/build/smarie/python-parsyfiles/parsyfiles/tests/parsing_capabilities_by_type/objects_data/./test_diff_4_csv_format2.txt]. Resuming parsing...
ERROR while parsing [/home/travis/build/smarie/python-parsyfiles/parsyfiles/tests/parsing_capabilities_by_type/objects_data/./test_diff_4_csv_format2.txt] into a [ExecOpTest] using [$&lt;read_str_from_txt&gt; =&gt; &lt;base64_ascii_str_pickle_to_object&gt;$]. Set log level to DEBUG for details
Rebuilding local parsing plan with next candidate parser: $&lt;read_df_or_series_from_csv&gt; =&gt; &lt;single_row_or_col_df_to_dict&gt; -&gt; &lt;dict_to_object&gt;$
DONE Rebuilding local parsing plan for [/home/travis/build/smarie/python-parsyfiles/parsyfiles/tests/parsing_capabilities_by_type/objects_data/./test_diff_4_csv_format2.txt]. Resuming parsing...
SUCCESS parsed [/home/travis/build/smarie/python-parsyfiles/parsyfiles/tests/parsing_capabilities_by_type/objects_data/./test_diff_4_csv_format2.txt] as a [ExecOpTest] successfully. Parser used was [$&lt;read_df_or_series_from_csv&gt; =&gt; &lt;single_row_or_col_df_to_dict&gt; -&gt; &lt;dict_to_object&gt;$]
SUCCESS parsed [/home/travis/build/smarie/python-parsyfiles/parsyfiles/tests/parsing_capabilities_by_type/objects_data/./test_sum_1.json] as a [ExecOpTest] successfully. Parser used was [$&lt;read_dict_or_list_from_json&gt; =&gt; &lt;dict_to_object&gt;$]
SUCCESS parsed [/home/travis/build/smarie/python-parsyfiles/parsyfiles/tests/parsing_capabilities_by_type/objects_data/./test_sum_2.properties] as a [ExecOpTest] successfully. Parser used was [$&lt;read_dict_from_properties&gt; =&gt; &lt;dict_to_object&gt;$]
SUCCESS parsed [/home/travis/build/smarie/python-parsyfiles/parsyfiles/tests/parsing_capabilities_by_type/objects_data/./test_sum_3_properties_format.txt] as a [ExecOpTest] successfully. Parser used was [$&lt;read_dict_from_properties&gt; =&gt; &lt;dict_to_object&gt;$]
SUCCESS parsed [/home/travis/build/smarie/python-parsyfiles/parsyfiles/tests/parsing_capabilities_by_type/objects_data/./test_sum_3_with_inner_b64_pickle.txt] as a [ExecOpTest] successfully. Parser used was [$&lt;read_dict_from_properties&gt; =&gt; &lt;dict_to_object&gt;$]
ERROR while parsing [/home/travis/build/smarie/python-parsyfiles/parsyfiles/tests/parsing_capabilities_by_type/objects_data/./test_sum_4.yaml] into a [ExecOpTest] using [&lt;read_object_from_yaml&gt;]. Set log level to DEBUG for details
Rebuilding local parsing plan with next candidate parser: $&lt;read_collection_from_yaml&gt; =&gt; &lt;dict_to_object&gt;$
DONE Rebuilding local parsing plan for [/home/travis/build/smarie/python-parsyfiles/parsyfiles/tests/parsing_capabilities_by_type/objects_data/./test_sum_4.yaml]. Resuming parsing...
SUCCESS parsed [/home/travis/build/smarie/python-parsyfiles/parsyfiles/tests/parsing_capabilities_by_type/objects_data/./test_sum_4.yaml] as a [ExecOpTest] successfully. Parser used was [$&lt;read_collection_from_yaml&gt; =&gt; &lt;dict_to_object&gt;$]
ERROR while parsing [/home/travis/build/smarie/python-parsyfiles/parsyfiles/tests/parsing_capabilities_by_type/objects_data/./test_sum_5.yaml] into a [ExecOpTest] using [&lt;read_object_from_yaml&gt;]. Set log level to DEBUG for details
Rebuilding local parsing plan with next candidate parser: $&lt;read_collection_from_yaml&gt; =&gt; &lt;dict_to_object&gt;$
DONE Rebuilding local parsing plan for [/home/travis/build/smarie/python-parsyfiles/parsyfiles/tests/parsing_capabilities_by_type/objects_data/./test_sum_5.yaml]. Resuming parsing...
SUCCESS parsed [/home/travis/build/smarie/python-parsyfiles/parsyfiles/tests/parsing_capabilities_by_type/objects_data/./test_sum_5.yaml] as a [ExecOpTest] successfully. Parser used was [$&lt;read_collection_from_yaml&gt; =&gt; &lt;dict_to_object&gt;$]
SUCCESS parsed [/home/travis/build/smarie/python-parsyfiles/parsyfiles/tests/parsing_capabilities_by_type/objects_data/./test_sum_6.xlsx] as a [ExecOpTest] successfully. Parser used was [$&lt;read_dataframe_from_xls&gt; =&gt; &lt;single_row_or_col_df_to_dict&gt; -&gt; &lt;dict_to_object&gt;$]
SUCCESS parsed [/home/travis/build/smarie/python-parsyfiles/parsyfiles/tests/parsing_capabilities_by_type/objects_data/./test_sum_7.xlsm] as a [ExecOpTest] successfully. Parser used was [$&lt;read_dataframe_from_xls&gt; =&gt; &lt;single_row_or_col_df_to_dict&gt; -&gt; &lt;dict_to_object&gt;$]
SUCCESS parsed [/home/travis/build/smarie/python-parsyfiles/parsyfiles/tests/parsing_capabilities_by_type/objects_data/./test_sum_8.xls] as a [ExecOpTest] successfully. Parser used was [$&lt;read_dataframe_from_xls&gt; =&gt; &lt;single_row_or_col_df_to_dict&gt; -&gt; &lt;dict_to_object&gt;$]
SUCCESS parsed [/home/travis/build/smarie/python-parsyfiles/parsyfiles/tests/parsing_capabilities_by_type/objects_data/.] as a [Dict[str, ExecOpTest]] successfully. Parser used was [Multifile Collection parser (parsyfiles defaults)]
OrderedDict([(&apos;test_diff_1&apos;, 1.0 - 1.0 =? 0.0),
             (&apos;test_diff_2&apos;, 0.0 - 1.0 =? -1.0),
             (&apos;test_diff_3&apos;, 6.0 - 1.0 =? 5.0),
             (&apos;test_diff_3_csv_format&apos;, 5.0 - 4.0 =? 1.0),
             (&apos;test_diff_4_csv_format2&apos;, 4.0 - 4.0 =? 0.0),
             (&apos;test_sum_1&apos;, 1.0 + 2.0 =? 3.0),
             (&apos;test_sum_2&apos;, 0.0 + 1.0 =? 1.0),
             (&apos;test_sum_3_properties_format&apos;, 1.0 + 1.0 =? 2.0),
             (&apos;test_sum_3_with_inner_b64_pickle&apos;, 1.0 + 1.0 =? 2.0),
             (&apos;test_sum_4&apos;, 2.0 + 5.0 =? 7.0),
             (&apos;test_sum_5&apos;, 1.0 + 5.0 =? 6.0),
             (&apos;test_sum_6&apos;, 56.0 + 13.0 =? 69.0),
             (&apos;test_sum_7&apos;, 56.0 + 14.0 =? 70.0),
             (&apos;test_sum_8&apos;, 56.0 + 12.0 =? 68.0)])
</system-out></testcase><testcase classname="parsyfiles.tests.parsing_capabilities_by_type.test_parse_primitives" file="parsyfiles/tests/parsing_capabilities_by_type/test_parse_primitives.py" line="147" name="test_get_capabilities_for_type[float]" time="0.27660608291625977"><system-out>{&apos;.cfg&apos;: {},
 &apos;.csv&apos;: {},
 &apos;.ini&apos;: {},
 &apos;.json&apos;: {},
 &apos;.properties&apos;: {},
 &apos;.pyc&apos;: {&apos;1_exact_match&apos;: [$&lt;read_object_from_pickle&gt; =&gt; &lt;bool_to_float&gt;$,
                            $&lt;read_object_from_pickle&gt; =&gt; &lt;int_to_float&gt;$,
                            $&lt;read_object_from_pickle&gt; =&gt; &lt;str_to_float&gt;$],
          &apos;3_generic&apos;: [&lt;read_object_from_pickle&gt;]},
 &apos;.txt&apos;: {&apos;1_exact_match&apos;: [$&lt;read_str_from_txt&gt; =&gt; &lt;str_to_float&gt;$,
                            $&lt;read_str_from_txt&gt; =&gt; &lt;base64_ascii_str_pickle_to_object&gt; -&gt; &lt;bool_to_float&gt;$,
                            $&lt;read_str_from_txt&gt; =&gt; &lt;base64_ascii_str_pickle_to_object&gt; -&gt; &lt;int_to_float&gt;$,
                            $&lt;read_str_from_txt&gt; =&gt; &lt;base64_ascii_str_pickle_to_object&gt; -&gt; &lt;str_to_float&gt;$],
          &apos;3_generic&apos;: [$&lt;read_str_from_txt&gt; =&gt; &lt;base64_ascii_str_pickle_to_object&gt;$]},
 &apos;.xls&apos;: {},
 &apos;.xlsm&apos;: {},
 &apos;.xlsx&apos;: {},
 &apos;.yaml&apos;: {&apos;1_exact_match&apos;: [$&lt;read_object_from_yaml&gt; =&gt; &lt;bool_to_float&gt;$,
                             $&lt;read_object_from_yaml&gt; =&gt; &lt;int_to_float&gt;$,
                             $&lt;read_object_from_yaml&gt; =&gt; &lt;str_to_float&gt;$],
           &apos;3_generic&apos;: [&lt;read_object_from_yaml&gt;]},
 &apos;.yml&apos;: {&apos;1_exact_match&apos;: [$&lt;read_object_from_yaml&gt; =&gt; &lt;bool_to_float&gt;$,
                            $&lt;read_object_from_yaml&gt; =&gt; &lt;int_to_float&gt;$,
                            $&lt;read_object_from_yaml&gt; =&gt; &lt;str_to_float&gt;$],
          &apos;3_generic&apos;: [&lt;read_object_from_yaml&gt;]},
 &apos;&lt;multifile&gt;&apos;: {}}
</system-out></testcase><testcase classname="parsyfiles.tests.parsing_capabilities_by_type.test_parse_primitives" file="parsyfiles/tests/parsing_capabilities_by_type/test_parse_primitives.py" line="147" name="test_get_capabilities_for_type[int]" time="0.3213059902191162"><system-out>{&apos;.cfg&apos;: {},
 &apos;.csv&apos;: {},
 &apos;.ini&apos;: {},
 &apos;.json&apos;: {},
 &apos;.properties&apos;: {},
 &apos;.pyc&apos;: {&apos;1_exact_match&apos;: [$&lt;read_object_from_pickle&gt; =&gt; &lt;bool_to_int&gt;$,
                            $&lt;read_object_from_pickle&gt; =&gt; &lt;float_to_int&gt;$,
                            $&lt;read_object_from_pickle&gt; =&gt; &lt;str_to_int&gt;$],
          &apos;2_approx_match&apos;: [$&lt;read_object_from_pickle&gt; =&gt; &lt;float_to_bool&gt;$,
                             $&lt;read_object_from_pickle&gt; =&gt; &lt;int_to_bool&gt;$,
                             $&lt;read_object_from_pickle&gt; =&gt; &lt;str_to_bool&gt;$],
          &apos;3_generic&apos;: [&lt;read_object_from_pickle&gt;]},
 &apos;.txt&apos;: {&apos;1_exact_match&apos;: [$&lt;read_str_from_txt&gt; =&gt; &lt;str_to_int&gt;$,
                            $&lt;read_str_from_txt&gt; =&gt; &lt;base64_ascii_str_pickle_to_object&gt; -&gt; &lt;bool_to_int&gt;$,
                            $&lt;read_str_from_txt&gt; =&gt; &lt;base64_ascii_str_pickle_to_object&gt; -&gt; &lt;float_to_int&gt;$,
                            $&lt;read_str_from_txt&gt; =&gt; &lt;base64_ascii_str_pickle_to_object&gt; -&gt; &lt;str_to_int&gt;$],
          &apos;2_approx_match&apos;: [$&lt;read_str_from_txt&gt; =&gt; &lt;str_to_bool&gt;$,
                             $&lt;read_str_from_txt&gt; =&gt; &lt;base64_ascii_str_pickle_to_object&gt; -&gt; &lt;float_to_bool&gt;$,
                             $&lt;read_str_from_txt&gt; =&gt; &lt;base64_ascii_str_pickle_to_object&gt; -&gt; &lt;int_to_bool&gt;$,
                             $&lt;read_str_from_txt&gt; =&gt; &lt;base64_ascii_str_pickle_to_object&gt; -&gt; &lt;str_to_bool&gt;$],
          &apos;3_generic&apos;: [$&lt;read_str_from_txt&gt; =&gt; &lt;base64_ascii_str_pickle_to_object&gt;$]},
 &apos;.xls&apos;: {},
 &apos;.xlsm&apos;: {},
 &apos;.xlsx&apos;: {},
 &apos;.yaml&apos;: {&apos;1_exact_match&apos;: [$&lt;read_object_from_yaml&gt; =&gt; &lt;bool_to_int&gt;$,
                             $&lt;read_object_from_yaml&gt; =&gt; &lt;float_to_int&gt;$,
                             $&lt;read_object_from_yaml&gt; =&gt; &lt;str_to_int&gt;$],
           &apos;2_approx_match&apos;: [$&lt;read_object_from_yaml&gt; =&gt; &lt;float_to_bool&gt;$,
                              $&lt;read_object_from_yaml&gt; =&gt; &lt;int_to_bool&gt;$,
                              $&lt;read_object_from_yaml&gt; =&gt; &lt;str_to_bool&gt;$],
           &apos;3_generic&apos;: [&lt;read_object_from_yaml&gt;]},
 &apos;.yml&apos;: {&apos;1_exact_match&apos;: [$&lt;read_object_from_yaml&gt; =&gt; &lt;bool_to_int&gt;$,
                            $&lt;read_object_from_yaml&gt; =&gt; &lt;float_to_int&gt;$,
                            $&lt;read_object_from_yaml&gt; =&gt; &lt;str_to_int&gt;$],
          &apos;2_approx_match&apos;: [$&lt;read_object_from_yaml&gt; =&gt; &lt;float_to_bool&gt;$,
                             $&lt;read_object_from_yaml&gt; =&gt; &lt;int_to_bool&gt;$,
                             $&lt;read_object_from_yaml&gt; =&gt; &lt;str_to_bool&gt;$],
          &apos;3_generic&apos;: [&lt;read_object_from_yaml&gt;]},
 &apos;&lt;multifile&gt;&apos;: {}}
</system-out></testcase><testcase classname="parsyfiles.tests.parsing_capabilities_by_type.test_parse_primitives" file="parsyfiles/tests/parsing_capabilities_by_type/test_parse_primitives.py" line="147" name="test_get_capabilities_for_type[bool]" time="0.2453620433807373"><system-out>{&apos;.cfg&apos;: {},
 &apos;.csv&apos;: {},
 &apos;.ini&apos;: {},
 &apos;.json&apos;: {},
 &apos;.properties&apos;: {},
 &apos;.pyc&apos;: {&apos;1_exact_match&apos;: [$&lt;read_object_from_pickle&gt; =&gt; &lt;float_to_bool&gt;$,
                            $&lt;read_object_from_pickle&gt; =&gt; &lt;int_to_bool&gt;$,
                            $&lt;read_object_from_pickle&gt; =&gt; &lt;str_to_bool&gt;$],
          &apos;3_generic&apos;: [&lt;read_object_from_pickle&gt;]},
 &apos;.txt&apos;: {&apos;1_exact_match&apos;: [$&lt;read_str_from_txt&gt; =&gt; &lt;str_to_bool&gt;$,
                            $&lt;read_str_from_txt&gt; =&gt; &lt;base64_ascii_str_pickle_to_object&gt; -&gt; &lt;float_to_bool&gt;$,
                            $&lt;read_str_from_txt&gt; =&gt; &lt;base64_ascii_str_pickle_to_object&gt; -&gt; &lt;int_to_bool&gt;$,
                            $&lt;read_str_from_txt&gt; =&gt; &lt;base64_ascii_str_pickle_to_object&gt; -&gt; &lt;str_to_bool&gt;$],
          &apos;3_generic&apos;: [$&lt;read_str_from_txt&gt; =&gt; &lt;base64_ascii_str_pickle_to_object&gt;$]},
 &apos;.xls&apos;: {},
 &apos;.xlsm&apos;: {},
 &apos;.xlsx&apos;: {},
 &apos;.yaml&apos;: {&apos;1_exact_match&apos;: [$&lt;read_object_from_yaml&gt; =&gt; &lt;float_to_bool&gt;$,
                             $&lt;read_object_from_yaml&gt; =&gt; &lt;int_to_bool&gt;$,
                             $&lt;read_object_from_yaml&gt; =&gt; &lt;str_to_bool&gt;$],
           &apos;3_generic&apos;: [&lt;read_object_from_yaml&gt;]},
 &apos;.yml&apos;: {&apos;1_exact_match&apos;: [$&lt;read_object_from_yaml&gt; =&gt; &lt;float_to_bool&gt;$,
                            $&lt;read_object_from_yaml&gt; =&gt; &lt;int_to_bool&gt;$,
                            $&lt;read_object_from_yaml&gt; =&gt; &lt;str_to_bool&gt;$],
          &apos;3_generic&apos;: [&lt;read_object_from_yaml&gt;]},
 &apos;&lt;multifile&gt;&apos;: {}}
</system-out></testcase><testcase classname="parsyfiles.tests.parsing_capabilities_by_type.test_parse_primitives" file="parsyfiles/tests/parsing_capabilities_by_type/test_parse_primitives.py" line="147" name="test_get_capabilities_for_type[str]" time="0.26653504371643066"><system-out>{&apos;.cfg&apos;: {},
 &apos;.csv&apos;: {},
 &apos;.ini&apos;: {},
 &apos;.json&apos;: {},
 &apos;.properties&apos;: {},
 &apos;.pyc&apos;: {&apos;1_exact_match&apos;: [$&lt;read_object_from_pickle&gt; =&gt; &lt;bool_to_string&gt;$,
                            $&lt;read_object_from_pickle&gt; =&gt; &lt;float_to_string&gt;$,
                            $&lt;read_object_from_pickle&gt; =&gt; &lt;int_to_string&gt;$],
          &apos;3_generic&apos;: [&lt;read_object_from_pickle&gt;]},
 &apos;.txt&apos;: {&apos;1_exact_match&apos;: [&lt;read_str_from_txt&gt;]},
 &apos;.xls&apos;: {},
 &apos;.xlsm&apos;: {},
 &apos;.xlsx&apos;: {},
 &apos;.yaml&apos;: {&apos;1_exact_match&apos;: [$&lt;read_object_from_yaml&gt; =&gt; &lt;bool_to_string&gt;$,
                             $&lt;read_object_from_yaml&gt; =&gt; &lt;float_to_string&gt;$,
                             $&lt;read_object_from_yaml&gt; =&gt; &lt;int_to_string&gt;$],
           &apos;3_generic&apos;: [&lt;read_object_from_yaml&gt;]},
 &apos;.yml&apos;: {&apos;1_exact_match&apos;: [$&lt;read_object_from_yaml&gt; =&gt; &lt;bool_to_string&gt;$,
                            $&lt;read_object_from_yaml&gt; =&gt; &lt;float_to_string&gt;$,
                            $&lt;read_object_from_yaml&gt; =&gt; &lt;int_to_string&gt;$],
          &apos;3_generic&apos;: [&lt;read_object_from_yaml&gt;]},
 &apos;&lt;multifile&gt;&apos;: {}}
</system-out></testcase><testcase classname="parsyfiles.tests.parsing_capabilities_by_type.test_parse_primitives" file="parsyfiles/tests/parsing_capabilities_by_type/test_parse_primitives.py" line="179" name="test_parse_by_type[float-ok-b64pickle-float--5.2=-5.2.txt]" time="0.04689788818359375"><system-out>ERROR while parsing [/home/travis/build/smarie/python-parsyfiles/parsyfiles/tests/parsing_capabilities_by_type/primitives_data/float/ok/b64pickle-float--5.2=-5.2.txt] into a [float] using [$&lt;read_str_from_txt&gt; =&gt; &lt;str_to_float&gt;$]. Set log level to DEBUG for details
Rebuilding local parsing plan with next candidate parser: $&lt;read_str_from_txt&gt; =&gt; &lt;base64_ascii_str_pickle_to_object&gt; -&gt; &lt;bool_to_float&gt;$
DONE Rebuilding local parsing plan for [/home/travis/build/smarie/python-parsyfiles/parsyfiles/tests/parsing_capabilities_by_type/primitives_data/float/ok/b64pickle-float--5.2=-5.2.txt]. Resuming parsing...
ERROR while parsing [/home/travis/build/smarie/python-parsyfiles/parsyfiles/tests/parsing_capabilities_by_type/primitives_data/float/ok/b64pickle-float--5.2=-5.2.txt] into a [float] using [$&lt;read_str_from_txt&gt; =&gt; &lt;base64_ascii_str_pickle_to_object&gt; -&gt; &lt;bool_to_float&gt;$]. Set log level to DEBUG for details
Rebuilding local parsing plan with next candidate parser: $&lt;read_str_from_txt&gt; =&gt; &lt;base64_ascii_str_pickle_to_object&gt; -&gt; &lt;int_to_float&gt;$
DONE Rebuilding local parsing plan for [/home/travis/build/smarie/python-parsyfiles/parsyfiles/tests/parsing_capabilities_by_type/primitives_data/float/ok/b64pickle-float--5.2=-5.2.txt]. Resuming parsing...
ERROR while parsing [/home/travis/build/smarie/python-parsyfiles/parsyfiles/tests/parsing_capabilities_by_type/primitives_data/float/ok/b64pickle-float--5.2=-5.2.txt] into a [float] using [$&lt;read_str_from_txt&gt; =&gt; &lt;base64_ascii_str_pickle_to_object&gt; -&gt; &lt;int_to_float&gt;$]. Set log level to DEBUG for details
Rebuilding local parsing plan with next candidate parser: $&lt;read_str_from_txt&gt; =&gt; &lt;base64_ascii_str_pickle_to_object&gt; -&gt; &lt;str_to_float&gt;$
DONE Rebuilding local parsing plan for [/home/travis/build/smarie/python-parsyfiles/parsyfiles/tests/parsing_capabilities_by_type/primitives_data/float/ok/b64pickle-float--5.2=-5.2.txt]. Resuming parsing...
ERROR while parsing [/home/travis/build/smarie/python-parsyfiles/parsyfiles/tests/parsing_capabilities_by_type/primitives_data/float/ok/b64pickle-float--5.2=-5.2.txt] into a [float] using [$&lt;read_str_from_txt&gt; =&gt; &lt;base64_ascii_str_pickle_to_object&gt; -&gt; &lt;str_to_float&gt;$]. Set log level to DEBUG for details
Rebuilding local parsing plan with next candidate parser: $&lt;read_str_from_txt&gt; =&gt; &lt;base64_ascii_str_pickle_to_object&gt;$
DONE Rebuilding local parsing plan for [/home/travis/build/smarie/python-parsyfiles/parsyfiles/tests/parsing_capabilities_by_type/primitives_data/float/ok/b64pickle-float--5.2=-5.2.txt]. Resuming parsing...
SUCCESS parsed [/home/travis/build/smarie/python-parsyfiles/parsyfiles/tests/parsing_capabilities_by_type/primitives_data/float/ok/b64pickle-float--5.2=-5.2.txt] as a [float] successfully. Parser used was [$&lt;read_str_from_txt&gt; =&gt; &lt;base64_ascii_str_pickle_to_object&gt;$]
-5.2==-5.2
</system-out></testcase><testcase classname="parsyfiles.tests.parsing_capabilities_by_type.test_parse_primitives" file="parsyfiles/tests/parsing_capabilities_by_type/test_parse_primitives.py" line="179" name="test_parse_by_type[float-ok-b64pickle-int--2=-2.0.txt]" time="0.044656991958618164"><system-out>ERROR while parsing [/home/travis/build/smarie/python-parsyfiles/parsyfiles/tests/parsing_capabilities_by_type/primitives_data/float/ok/b64pickle-int--2=-2.0.txt] into a [float] using [$&lt;read_str_from_txt&gt; =&gt; &lt;str_to_float&gt;$]. Set log level to DEBUG for details
Rebuilding local parsing plan with next candidate parser: $&lt;read_str_from_txt&gt; =&gt; &lt;base64_ascii_str_pickle_to_object&gt; -&gt; &lt;bool_to_float&gt;$
DONE Rebuilding local parsing plan for [/home/travis/build/smarie/python-parsyfiles/parsyfiles/tests/parsing_capabilities_by_type/primitives_data/float/ok/b64pickle-int--2=-2.0.txt]. Resuming parsing...
ERROR while parsing [/home/travis/build/smarie/python-parsyfiles/parsyfiles/tests/parsing_capabilities_by_type/primitives_data/float/ok/b64pickle-int--2=-2.0.txt] into a [float] using [$&lt;read_str_from_txt&gt; =&gt; &lt;base64_ascii_str_pickle_to_object&gt; -&gt; &lt;bool_to_float&gt;$]. Set log level to DEBUG for details
Rebuilding local parsing plan with next candidate parser: $&lt;read_str_from_txt&gt; =&gt; &lt;base64_ascii_str_pickle_to_object&gt; -&gt; &lt;int_to_float&gt;$
DONE Rebuilding local parsing plan for [/home/travis/build/smarie/python-parsyfiles/parsyfiles/tests/parsing_capabilities_by_type/primitives_data/float/ok/b64pickle-int--2=-2.0.txt]. Resuming parsing...
SUCCESS parsed [/home/travis/build/smarie/python-parsyfiles/parsyfiles/tests/parsing_capabilities_by_type/primitives_data/float/ok/b64pickle-int--2=-2.0.txt] as a [float] successfully. Parser used was [$&lt;read_str_from_txt&gt; =&gt; &lt;base64_ascii_str_pickle_to_object&gt; -&gt; &lt;int_to_float&gt;$]
-2.0==-2.0
</system-out></testcase><testcase classname="parsyfiles.tests.parsing_capabilities_by_type.test_parse_primitives" file="parsyfiles/tests/parsing_capabilities_by_type/test_parse_primitives.py" line="179" name="test_parse_by_type[float-ok-txt-float--5.2=-5.2.txt]" time="0.0362699031829834"><system-out>SUCCESS parsed [/home/travis/build/smarie/python-parsyfiles/parsyfiles/tests/parsing_capabilities_by_type/primitives_data/float/ok/txt-float--5.2=-5.2.txt] as a [float] successfully. Parser used was [$&lt;read_str_from_txt&gt; =&gt; &lt;str_to_float&gt;$]
-5.2==-5.2
</system-out></testcase><testcase classname="parsyfiles.tests.parsing_capabilities_by_type.test_parse_primitives" file="parsyfiles/tests/parsing_capabilities_by_type/test_parse_primitives.py" line="179" name="test_parse_by_type[float-ok-b64pickle-int-5=5.0.txt]" time="0.04022812843322754"><system-out>ERROR while parsing [/home/travis/build/smarie/python-parsyfiles/parsyfiles/tests/parsing_capabilities_by_type/primitives_data/float/ok/b64pickle-int-5=5.0.txt] into a [float] using [$&lt;read_str_from_txt&gt; =&gt; &lt;str_to_float&gt;$]. Set log level to DEBUG for details
Rebuilding local parsing plan with next candidate parser: $&lt;read_str_from_txt&gt; =&gt; &lt;base64_ascii_str_pickle_to_object&gt; -&gt; &lt;bool_to_float&gt;$
DONE Rebuilding local parsing plan for [/home/travis/build/smarie/python-parsyfiles/parsyfiles/tests/parsing_capabilities_by_type/primitives_data/float/ok/b64pickle-int-5=5.0.txt]. Resuming parsing...
ERROR while parsing [/home/travis/build/smarie/python-parsyfiles/parsyfiles/tests/parsing_capabilities_by_type/primitives_data/float/ok/b64pickle-int-5=5.0.txt] into a [float] using [$&lt;read_str_from_txt&gt; =&gt; &lt;base64_ascii_str_pickle_to_object&gt; -&gt; &lt;bool_to_float&gt;$]. Set log level to DEBUG for details
Rebuilding local parsing plan with next candidate parser: $&lt;read_str_from_txt&gt; =&gt; &lt;base64_ascii_str_pickle_to_object&gt; -&gt; &lt;int_to_float&gt;$
DONE Rebuilding local parsing plan for [/home/travis/build/smarie/python-parsyfiles/parsyfiles/tests/parsing_capabilities_by_type/primitives_data/float/ok/b64pickle-int-5=5.0.txt]. Resuming parsing...
SUCCESS parsed [/home/travis/build/smarie/python-parsyfiles/parsyfiles/tests/parsing_capabilities_by_type/primitives_data/float/ok/b64pickle-int-5=5.0.txt] as a [float] successfully. Parser used was [$&lt;read_str_from_txt&gt; =&gt; &lt;base64_ascii_str_pickle_to_object&gt; -&gt; &lt;int_to_float&gt;$]
5.0==5.0
</system-out></testcase><testcase classname="parsyfiles.tests.parsing_capabilities_by_type.test_parse_primitives" file="parsyfiles/tests/parsing_capabilities_by_type/test_parse_primitives.py" line="179" name="test_parse_by_type[float-ok-b64pickle-bool-False=0.0.txt]" time="0.045124053955078125"><system-out>ERROR while parsing [/home/travis/build/smarie/python-parsyfiles/parsyfiles/tests/parsing_capabilities_by_type/primitives_data/float/ok/b64pickle-bool-False=0.0.txt] into a [float] using [$&lt;read_str_from_txt&gt; =&gt; &lt;str_to_float&gt;$]. Set log level to DEBUG for details
Rebuilding local parsing plan with next candidate parser: $&lt;read_str_from_txt&gt; =&gt; &lt;base64_ascii_str_pickle_to_object&gt; -&gt; &lt;bool_to_float&gt;$
DONE Rebuilding local parsing plan for [/home/travis/build/smarie/python-parsyfiles/parsyfiles/tests/parsing_capabilities_by_type/primitives_data/float/ok/b64pickle-bool-False=0.0.txt]. Resuming parsing...
SUCCESS parsed [/home/travis/build/smarie/python-parsyfiles/parsyfiles/tests/parsing_capabilities_by_type/primitives_data/float/ok/b64pickle-bool-False=0.0.txt] as a [float] successfully. Parser used was [$&lt;read_str_from_txt&gt; =&gt; &lt;base64_ascii_str_pickle_to_object&gt; -&gt; &lt;bool_to_float&gt;$]
0.0==0.0
</system-out></testcase><testcase classname="parsyfiles.tests.parsing_capabilities_by_type.test_parse_primitives" file="parsyfiles/tests/parsing_capabilities_by_type/test_parse_primitives.py" line="179" name="test_parse_by_type[float-ok-pickle-bool-False=0.0.pyc]" time="0.045508623123168945"><system-out>SUCCESS parsed [/home/travis/build/smarie/python-parsyfiles/parsyfiles/tests/parsing_capabilities_by_type/primitives_data/float/ok/pickle-bool-False=0.0.pyc] as a [float] successfully. Parser used was [$&lt;read_object_from_pickle&gt; =&gt; &lt;bool_to_float&gt;$]
0.0==0.0
</system-out></testcase><testcase classname="parsyfiles.tests.parsing_capabilities_by_type.test_parse_primitives" file="parsyfiles/tests/parsing_capabilities_by_type/test_parse_primitives.py" line="179" name="test_parse_by_type[float-ok-txt-bool-True=1.0.txt]" time="0.042917490005493164"><system-out>SUCCESS parsed [/home/travis/build/smarie/python-parsyfiles/parsyfiles/tests/parsing_capabilities_by_type/primitives_data/float/ok/txt-bool-True=1.0.txt] as a [float] successfully. Parser used was [$&lt;read_str_from_txt&gt; =&gt; &lt;str_to_float&gt;$]
1.0==1.0
</system-out></testcase><testcase classname="parsyfiles.tests.parsing_capabilities_by_type.test_parse_primitives" file="parsyfiles/tests/parsing_capabilities_by_type/test_parse_primitives.py" line="179" name="test_parse_by_type[float-ok-txt-float-10.1=10.1.txt]" time="0.04314470291137695"><system-out>SUCCESS parsed [/home/travis/build/smarie/python-parsyfiles/parsyfiles/tests/parsing_capabilities_by_type/primitives_data/float/ok/txt-float-10.1=10.1.txt] as a [float] successfully. Parser used was [$&lt;read_str_from_txt&gt; =&gt; &lt;str_to_float&gt;$]
10.1==10.1
</system-out></testcase><testcase classname="parsyfiles.tests.parsing_capabilities_by_type.test_parse_primitives" file="parsyfiles/tests/parsing_capabilities_by_type/test_parse_primitives.py" line="179" name="test_parse_by_type[float-ok-b64pickle-int-0=0.0.txt]" time="0.039043426513671875"><system-out>ERROR while parsing [/home/travis/build/smarie/python-parsyfiles/parsyfiles/tests/parsing_capabilities_by_type/primitives_data/float/ok/b64pickle-int-0=0.0.txt] into a [float] using [$&lt;read_str_from_txt&gt; =&gt; &lt;str_to_float&gt;$]. Set log level to DEBUG for details
Rebuilding local parsing plan with next candidate parser: $&lt;read_str_from_txt&gt; =&gt; &lt;base64_ascii_str_pickle_to_object&gt; -&gt; &lt;bool_to_float&gt;$
DONE Rebuilding local parsing plan for [/home/travis/build/smarie/python-parsyfiles/parsyfiles/tests/parsing_capabilities_by_type/primitives_data/float/ok/b64pickle-int-0=0.0.txt]. Resuming parsing...
ERROR while parsing [/home/travis/build/smarie/python-parsyfiles/parsyfiles/tests/parsing_capabilities_by_type/primitives_data/float/ok/b64pickle-int-0=0.0.txt] into a [float] using [$&lt;read_str_from_txt&gt; =&gt; &lt;base64_ascii_str_pickle_to_object&gt; -&gt; &lt;bool_to_float&gt;$]. Set log level to DEBUG for details
Rebuilding local parsing plan with next candidate parser: $&lt;read_str_from_txt&gt; =&gt; &lt;base64_ascii_str_pickle_to_object&gt; -&gt; &lt;int_to_float&gt;$
DONE Rebuilding local parsing plan for [/home/travis/build/smarie/python-parsyfiles/parsyfiles/tests/parsing_capabilities_by_type/primitives_data/float/ok/b64pickle-int-0=0.0.txt]. Resuming parsing...
SUCCESS parsed [/home/travis/build/smarie/python-parsyfiles/parsyfiles/tests/parsing_capabilities_by_type/primitives_data/float/ok/b64pickle-int-0=0.0.txt] as a [float] successfully. Parser used was [$&lt;read_str_from_txt&gt; =&gt; &lt;base64_ascii_str_pickle_to_object&gt; -&gt; &lt;int_to_float&gt;$]
0.0==0.0
</system-out></testcase><testcase classname="parsyfiles.tests.parsing_capabilities_by_type.test_parse_primitives" file="parsyfiles/tests/parsing_capabilities_by_type/test_parse_primitives.py" line="179" name="test_parse_by_type[float-ok-pickle-bool-True=1.0.pyc]" time="0.044825077056884766"><system-out>SUCCESS parsed [/home/travis/build/smarie/python-parsyfiles/parsyfiles/tests/parsing_capabilities_by_type/primitives_data/float/ok/pickle-bool-True=1.0.pyc] as a [float] successfully. Parser used was [$&lt;read_object_from_pickle&gt; =&gt; &lt;bool_to_float&gt;$]
1.0==1.0
</system-out></testcase><testcase classname="parsyfiles.tests.parsing_capabilities_by_type.test_parse_primitives" file="parsyfiles/tests/parsing_capabilities_by_type/test_parse_primitives.py" line="179" name="test_parse_by_type[float-ok-pickle-float-10.1=10.1.pyc]" time="0.04487323760986328"><system-out>ERROR while parsing [/home/travis/build/smarie/python-parsyfiles/parsyfiles/tests/parsing_capabilities_by_type/primitives_data/float/ok/pickle-float-10.1=10.1.pyc] into a [float] using [$&lt;read_object_from_pickle&gt; =&gt; &lt;bool_to_float&gt;$]. Set log level to DEBUG for details
Rebuilding local parsing plan with next candidate parser: $&lt;read_object_from_pickle&gt; =&gt; &lt;int_to_float&gt;$
DONE Rebuilding local parsing plan for [/home/travis/build/smarie/python-parsyfiles/parsyfiles/tests/parsing_capabilities_by_type/primitives_data/float/ok/pickle-float-10.1=10.1.pyc]. Resuming parsing...
ERROR while parsing [/home/travis/build/smarie/python-parsyfiles/parsyfiles/tests/parsing_capabilities_by_type/primitives_data/float/ok/pickle-float-10.1=10.1.pyc] into a [float] using [$&lt;read_object_from_pickle&gt; =&gt; &lt;int_to_float&gt;$]. Set log level to DEBUG for details
Rebuilding local parsing plan with next candidate parser: $&lt;read_object_from_pickle&gt; =&gt; &lt;str_to_float&gt;$
DONE Rebuilding local parsing plan for [/home/travis/build/smarie/python-parsyfiles/parsyfiles/tests/parsing_capabilities_by_type/primitives_data/float/ok/pickle-float-10.1=10.1.pyc]. Resuming parsing...
ERROR while parsing [/home/travis/build/smarie/python-parsyfiles/parsyfiles/tests/parsing_capabilities_by_type/primitives_data/float/ok/pickle-float-10.1=10.1.pyc] into a [float] using [$&lt;read_object_from_pickle&gt; =&gt; &lt;str_to_float&gt;$]. Set log level to DEBUG for details
Rebuilding local parsing plan with next candidate parser: &lt;read_object_from_pickle&gt;
DONE Rebuilding local parsing plan for [/home/travis/build/smarie/python-parsyfiles/parsyfiles/tests/parsing_capabilities_by_type/primitives_data/float/ok/pickle-float-10.1=10.1.pyc]. Resuming parsing...
SUCCESS parsed [/home/travis/build/smarie/python-parsyfiles/parsyfiles/tests/parsing_capabilities_by_type/primitives_data/float/ok/pickle-float-10.1=10.1.pyc] as a [float] successfully. Parser used was [&lt;read_object_from_pickle&gt;]
10.1==10.1
</system-out></testcase><testcase classname="parsyfiles.tests.parsing_capabilities_by_type.test_parse_primitives" file="parsyfiles/tests/parsing_capabilities_by_type/test_parse_primitives.py" line="179" name="test_parse_by_type[float-ok-pickle-float--5.2=-5.2.pyc]" time="0.041300058364868164"><system-out>ERROR while parsing [/home/travis/build/smarie/python-parsyfiles/parsyfiles/tests/parsing_capabilities_by_type/primitives_data/float/ok/pickle-float--5.2=-5.2.pyc] into a [float] using [$&lt;read_object_from_pickle&gt; =&gt; &lt;bool_to_float&gt;$]. Set log level to DEBUG for details
Rebuilding local parsing plan with next candidate parser: $&lt;read_object_from_pickle&gt; =&gt; &lt;int_to_float&gt;$
DONE Rebuilding local parsing plan for [/home/travis/build/smarie/python-parsyfiles/parsyfiles/tests/parsing_capabilities_by_type/primitives_data/float/ok/pickle-float--5.2=-5.2.pyc]. Resuming parsing...
ERROR while parsing [/home/travis/build/smarie/python-parsyfiles/parsyfiles/tests/parsing_capabilities_by_type/primitives_data/float/ok/pickle-float--5.2=-5.2.pyc] into a [float] using [$&lt;read_object_from_pickle&gt; =&gt; &lt;int_to_float&gt;$]. Set log level to DEBUG for details
Rebuilding local parsing plan with next candidate parser: $&lt;read_object_from_pickle&gt; =&gt; &lt;str_to_float&gt;$
DONE Rebuilding local parsing plan for [/home/travis/build/smarie/python-parsyfiles/parsyfiles/tests/parsing_capabilities_by_type/primitives_data/float/ok/pickle-float--5.2=-5.2.pyc]. Resuming parsing...
ERROR while parsing [/home/travis/build/smarie/python-parsyfiles/parsyfiles/tests/parsing_capabilities_by_type/primitives_data/float/ok/pickle-float--5.2=-5.2.pyc] into a [float] using [$&lt;read_object_from_pickle&gt; =&gt; &lt;str_to_float&gt;$]. Set log level to DEBUG for details
Rebuilding local parsing plan with next candidate parser: &lt;read_object_from_pickle&gt;
DONE Rebuilding local parsing plan for [/home/travis/build/smarie/python-parsyfiles/parsyfiles/tests/parsing_capabilities_by_type/primitives_data/float/ok/pickle-float--5.2=-5.2.pyc]. Resuming parsing...
SUCCESS parsed [/home/travis/build/smarie/python-parsyfiles/parsyfiles/tests/parsing_capabilities_by_type/primitives_data/float/ok/pickle-float--5.2=-5.2.pyc] as a [float] successfully. Parser used was [&lt;read_object_from_pickle&gt;]
-5.2==-5.2
</system-out></testcase><testcase classname="parsyfiles.tests.parsing_capabilities_by_type.test_parse_primitives" file="parsyfiles/tests/parsing_capabilities_by_type/test_parse_primitives.py" line="179" name="test_parse_by_type[float-ok-pickle-float-0.0=0.0.pyc]" time="0.03630876541137695"><system-out>ERROR while parsing [/home/travis/build/smarie/python-parsyfiles/parsyfiles/tests/parsing_capabilities_by_type/primitives_data/float/ok/pickle-float-0.0=0.0.pyc] into a [float] using [$&lt;read_object_from_pickle&gt; =&gt; &lt;bool_to_float&gt;$]. Set log level to DEBUG for details
Rebuilding local parsing plan with next candidate parser: $&lt;read_object_from_pickle&gt; =&gt; &lt;int_to_float&gt;$
DONE Rebuilding local parsing plan for [/home/travis/build/smarie/python-parsyfiles/parsyfiles/tests/parsing_capabilities_by_type/primitives_data/float/ok/pickle-float-0.0=0.0.pyc]. Resuming parsing...
ERROR while parsing [/home/travis/build/smarie/python-parsyfiles/parsyfiles/tests/parsing_capabilities_by_type/primitives_data/float/ok/pickle-float-0.0=0.0.pyc] into a [float] using [$&lt;read_object_from_pickle&gt; =&gt; &lt;int_to_float&gt;$]. Set log level to DEBUG for details
Rebuilding local parsing plan with next candidate parser: $&lt;read_object_from_pickle&gt; =&gt; &lt;str_to_float&gt;$
DONE Rebuilding local parsing plan for [/home/travis/build/smarie/python-parsyfiles/parsyfiles/tests/parsing_capabilities_by_type/primitives_data/float/ok/pickle-float-0.0=0.0.pyc]. Resuming parsing...
ERROR while parsing [/home/travis/build/smarie/python-parsyfiles/parsyfiles/tests/parsing_capabilities_by_type/primitives_data/float/ok/pickle-float-0.0=0.0.pyc] into a [float] using [$&lt;read_object_from_pickle&gt; =&gt; &lt;str_to_float&gt;$]. Set log level to DEBUG for details
Rebuilding local parsing plan with next candidate parser: &lt;read_object_from_pickle&gt;
DONE Rebuilding local parsing plan for [/home/travis/build/smarie/python-parsyfiles/parsyfiles/tests/parsing_capabilities_by_type/primitives_data/float/ok/pickle-float-0.0=0.0.pyc]. Resuming parsing...
SUCCESS parsed [/home/travis/build/smarie/python-parsyfiles/parsyfiles/tests/parsing_capabilities_by_type/primitives_data/float/ok/pickle-float-0.0=0.0.pyc] as a [float] successfully. Parser used was [&lt;read_object_from_pickle&gt;]
0.0==0.0
</system-out></testcase><testcase classname="parsyfiles.tests.parsing_capabilities_by_type.test_parse_primitives" file="parsyfiles/tests/parsing_capabilities_by_type/test_parse_primitives.py" line="179" name="test_parse_by_type[float-ok-txt-int--2=-2.0.txt]" time="0.029937028884887695"><system-out>SUCCESS parsed [/home/travis/build/smarie/python-parsyfiles/parsyfiles/tests/parsing_capabilities_by_type/primitives_data/float/ok/txt-int--2=-2.0.txt] as a [float] successfully. Parser used was [$&lt;read_str_from_txt&gt; =&gt; &lt;str_to_float&gt;$]
-2.0==-2.0
</system-out></testcase><testcase classname="parsyfiles.tests.parsing_capabilities_by_type.test_parse_primitives" file="parsyfiles/tests/parsing_capabilities_by_type/test_parse_primitives.py" line="179" name="test_parse_by_type[float-ok-txt-float-0.0=0.0.txt]" time="0.029890775680541992"><system-out>SUCCESS parsed [/home/travis/build/smarie/python-parsyfiles/parsyfiles/tests/parsing_capabilities_by_type/primitives_data/float/ok/txt-float-0.0=0.0.txt] as a [float] successfully. Parser used was [$&lt;read_str_from_txt&gt; =&gt; &lt;str_to_float&gt;$]
0.0==0.0
</system-out></testcase><testcase classname="parsyfiles.tests.parsing_capabilities_by_type.test_parse_primitives" file="parsyfiles/tests/parsing_capabilities_by_type/test_parse_primitives.py" line="179" name="test_parse_by_type[float-ok-txt-int-0=0.0.txt]" time="0.031116724014282227"><system-out>SUCCESS parsed [/home/travis/build/smarie/python-parsyfiles/parsyfiles/tests/parsing_capabilities_by_type/primitives_data/float/ok/txt-int-0=0.0.txt] as a [float] successfully. Parser used was [$&lt;read_str_from_txt&gt; =&gt; &lt;str_to_float&gt;$]
0.0==0.0
</system-out></testcase><testcase classname="parsyfiles.tests.parsing_capabilities_by_type.test_parse_primitives" file="parsyfiles/tests/parsing_capabilities_by_type/test_parse_primitives.py" line="179" name="test_parse_by_type[float-ok-pickle-int--2=-2.0.pyc]" time="0.03459572792053223"><system-out>ERROR while parsing [/home/travis/build/smarie/python-parsyfiles/parsyfiles/tests/parsing_capabilities_by_type/primitives_data/float/ok/pickle-int--2=-2.0.pyc] into a [float] using [$&lt;read_object_from_pickle&gt; =&gt; &lt;bool_to_float&gt;$]. Set log level to DEBUG for details
Rebuilding local parsing plan with next candidate parser: $&lt;read_object_from_pickle&gt; =&gt; &lt;int_to_float&gt;$
DONE Rebuilding local parsing plan for [/home/travis/build/smarie/python-parsyfiles/parsyfiles/tests/parsing_capabilities_by_type/primitives_data/float/ok/pickle-int--2=-2.0.pyc]. Resuming parsing...
SUCCESS parsed [/home/travis/build/smarie/python-parsyfiles/parsyfiles/tests/parsing_capabilities_by_type/primitives_data/float/ok/pickle-int--2=-2.0.pyc] as a [float] successfully. Parser used was [$&lt;read_object_from_pickle&gt; =&gt; &lt;int_to_float&gt;$]
-2.0==-2.0
</system-out></testcase><testcase classname="parsyfiles.tests.parsing_capabilities_by_type.test_parse_primitives" file="parsyfiles/tests/parsing_capabilities_by_type/test_parse_primitives.py" line="179" name="test_parse_by_type[float-ok-pickle-int-0=0.0.pyc]" time="0.03861284255981445"><system-out>ERROR while parsing [/home/travis/build/smarie/python-parsyfiles/parsyfiles/tests/parsing_capabilities_by_type/primitives_data/float/ok/pickle-int-0=0.0.pyc] into a [float] using [$&lt;read_object_from_pickle&gt; =&gt; &lt;bool_to_float&gt;$]. Set log level to DEBUG for details
Rebuilding local parsing plan with next candidate parser: $&lt;read_object_from_pickle&gt; =&gt; &lt;int_to_float&gt;$
DONE Rebuilding local parsing plan for [/home/travis/build/smarie/python-parsyfiles/parsyfiles/tests/parsing_capabilities_by_type/primitives_data/float/ok/pickle-int-0=0.0.pyc]. Resuming parsing...
SUCCESS parsed [/home/travis/build/smarie/python-parsyfiles/parsyfiles/tests/parsing_capabilities_by_type/primitives_data/float/ok/pickle-int-0=0.0.pyc] as a [float] successfully. Parser used was [$&lt;read_object_from_pickle&gt; =&gt; &lt;int_to_float&gt;$]
0.0==0.0
</system-out></testcase><testcase classname="parsyfiles.tests.parsing_capabilities_by_type.test_parse_primitives" file="parsyfiles/tests/parsing_capabilities_by_type/test_parse_primitives.py" line="179" name="test_parse_by_type[float-ok-txt-int-5=5.0.txt]" time="0.04358029365539551"><system-out>SUCCESS parsed [/home/travis/build/smarie/python-parsyfiles/parsyfiles/tests/parsing_capabilities_by_type/primitives_data/float/ok/txt-int-5=5.0.txt] as a [float] successfully. Parser used was [$&lt;read_str_from_txt&gt; =&gt; &lt;str_to_float&gt;$]
5.0==5.0
</system-out></testcase><testcase classname="parsyfiles.tests.parsing_capabilities_by_type.test_parse_primitives" file="parsyfiles/tests/parsing_capabilities_by_type/test_parse_primitives.py" line="179" name="test_parse_by_type[float-ok-pickle-int-5=5.0.pyc]" time="0.04000568389892578"><system-out>ERROR while parsing [/home/travis/build/smarie/python-parsyfiles/parsyfiles/tests/parsing_capabilities_by_type/primitives_data/float/ok/pickle-int-5=5.0.pyc] into a [float] using [$&lt;read_object_from_pickle&gt; =&gt; &lt;bool_to_float&gt;$]. Set log level to DEBUG for details
Rebuilding local parsing plan with next candidate parser: $&lt;read_object_from_pickle&gt; =&gt; &lt;int_to_float&gt;$
DONE Rebuilding local parsing plan for [/home/travis/build/smarie/python-parsyfiles/parsyfiles/tests/parsing_capabilities_by_type/primitives_data/float/ok/pickle-int-5=5.0.pyc]. Resuming parsing...
SUCCESS parsed [/home/travis/build/smarie/python-parsyfiles/parsyfiles/tests/parsing_capabilities_by_type/primitives_data/float/ok/pickle-int-5=5.0.pyc] as a [float] successfully. Parser used was [$&lt;read_object_from_pickle&gt; =&gt; &lt;int_to_float&gt;$]
5.0==5.0
</system-out></testcase><testcase classname="parsyfiles.tests.parsing_capabilities_by_type.test_parse_primitives" file="parsyfiles/tests/parsing_capabilities_by_type/test_parse_primitives.py" line="179" name="test_parse_by_type[float-ok-b64pickle-bool-True=1.0.txt]" time="0.04394054412841797"><system-out>ERROR while parsing [/home/travis/build/smarie/python-parsyfiles/parsyfiles/tests/parsing_capabilities_by_type/primitives_data/float/ok/b64pickle-bool-True=1.0.txt] into a [float] using [$&lt;read_str_from_txt&gt; =&gt; &lt;str_to_float&gt;$]. Set log level to DEBUG for details
Rebuilding local parsing plan with next candidate parser: $&lt;read_str_from_txt&gt; =&gt; &lt;base64_ascii_str_pickle_to_object&gt; -&gt; &lt;bool_to_float&gt;$
DONE Rebuilding local parsing plan for [/home/travis/build/smarie/python-parsyfiles/parsyfiles/tests/parsing_capabilities_by_type/primitives_data/float/ok/b64pickle-bool-True=1.0.txt]. Resuming parsing...
SUCCESS parsed [/home/travis/build/smarie/python-parsyfiles/parsyfiles/tests/parsing_capabilities_by_type/primitives_data/float/ok/b64pickle-bool-True=1.0.txt] as a [float] successfully. Parser used was [$&lt;read_str_from_txt&gt; =&gt; &lt;base64_ascii_str_pickle_to_object&gt; -&gt; &lt;bool_to_float&gt;$]
1.0==1.0
</system-out></testcase><testcase classname="parsyfiles.tests.parsing_capabilities_by_type.test_parse_primitives" file="parsyfiles/tests/parsing_capabilities_by_type/test_parse_primitives.py" line="179" name="test_parse_by_type[float-ok-b64pickle-float-0.0=0.0.txt]" time="0.04582929611206055"><system-out>ERROR while parsing [/home/travis/build/smarie/python-parsyfiles/parsyfiles/tests/parsing_capabilities_by_type/primitives_data/float/ok/b64pickle-float-0.0=0.0.txt] into a [float] using [$&lt;read_str_from_txt&gt; =&gt; &lt;str_to_float&gt;$]. Set log level to DEBUG for details
Rebuilding local parsing plan with next candidate parser: $&lt;read_str_from_txt&gt; =&gt; &lt;base64_ascii_str_pickle_to_object&gt; -&gt; &lt;bool_to_float&gt;$
DONE Rebuilding local parsing plan for [/home/travis/build/smarie/python-parsyfiles/parsyfiles/tests/parsing_capabilities_by_type/primitives_data/float/ok/b64pickle-float-0.0=0.0.txt]. Resuming parsing...
ERROR while parsing [/home/travis/build/smarie/python-parsyfiles/parsyfiles/tests/parsing_capabilities_by_type/primitives_data/float/ok/b64pickle-float-0.0=0.0.txt] into a [float] using [$&lt;read_str_from_txt&gt; =&gt; &lt;base64_ascii_str_pickle_to_object&gt; -&gt; &lt;bool_to_float&gt;$]. Set log level to DEBUG for details
Rebuilding local parsing plan with next candidate parser: $&lt;read_str_from_txt&gt; =&gt; &lt;base64_ascii_str_pickle_to_object&gt; -&gt; &lt;int_to_float&gt;$
DONE Rebuilding local parsing plan for [/home/travis/build/smarie/python-parsyfiles/parsyfiles/tests/parsing_capabilities_by_type/primitives_data/float/ok/b64pickle-float-0.0=0.0.txt]. Resuming parsing...
ERROR while parsing [/home/travis/build/smarie/python-parsyfiles/parsyfiles/tests/parsing_capabilities_by_type/primitives_data/float/ok/b64pickle-float-0.0=0.0.txt] into a [float] using [$&lt;read_str_from_txt&gt; =&gt; &lt;base64_ascii_str_pickle_to_object&gt; -&gt; &lt;int_to_float&gt;$]. Set log level to DEBUG for details
Rebuilding local parsing plan with next candidate parser: $&lt;read_str_from_txt&gt; =&gt; &lt;base64_ascii_str_pickle_to_object&gt; -&gt; &lt;str_to_float&gt;$
DONE Rebuilding local parsing plan for [/home/travis/build/smarie/python-parsyfiles/parsyfiles/tests/parsing_capabilities_by_type/primitives_data/float/ok/b64pickle-float-0.0=0.0.txt]. Resuming parsing...
ERROR while parsing [/home/travis/build/smarie/python-parsyfiles/parsyfiles/tests/parsing_capabilities_by_type/primitives_data/float/ok/b64pickle-float-0.0=0.0.txt] into a [float] using [$&lt;read_str_from_txt&gt; =&gt; &lt;base64_ascii_str_pickle_to_object&gt; -&gt; &lt;str_to_float&gt;$]. Set log level to DEBUG for details
Rebuilding local parsing plan with next candidate parser: $&lt;read_str_from_txt&gt; =&gt; &lt;base64_ascii_str_pickle_to_object&gt;$
DONE Rebuilding local parsing plan for [/home/travis/build/smarie/python-parsyfiles/parsyfiles/tests/parsing_capabilities_by_type/primitives_data/float/ok/b64pickle-float-0.0=0.0.txt]. Resuming parsing...
SUCCESS parsed [/home/travis/build/smarie/python-parsyfiles/parsyfiles/tests/parsing_capabilities_by_type/primitives_data/float/ok/b64pickle-float-0.0=0.0.txt] as a [float] successfully. Parser used was [$&lt;read_str_from_txt&gt; =&gt; &lt;base64_ascii_str_pickle_to_object&gt;$]
0.0==0.0
</system-out></testcase><testcase classname="parsyfiles.tests.parsing_capabilities_by_type.test_parse_primitives" file="parsyfiles/tests/parsing_capabilities_by_type/test_parse_primitives.py" line="179" name="test_parse_by_type[float-ok-txt-bool-False=0.0.txt]" time="0.040560007095336914"><system-out>SUCCESS parsed [/home/travis/build/smarie/python-parsyfiles/parsyfiles/tests/parsing_capabilities_by_type/primitives_data/float/ok/txt-bool-False=0.0.txt] as a [float] successfully. Parser used was [$&lt;read_str_from_txt&gt; =&gt; &lt;str_to_float&gt;$]
0.0==0.0
</system-out></testcase><testcase classname="parsyfiles.tests.parsing_capabilities_by_type.test_parse_primitives" file="parsyfiles/tests/parsing_capabilities_by_type/test_parse_primitives.py" line="179" name="test_parse_by_type[float-ok-b64pickle-float-10.1=10.1.txt]" time="0.04032611846923828"><system-out>ERROR while parsing [/home/travis/build/smarie/python-parsyfiles/parsyfiles/tests/parsing_capabilities_by_type/primitives_data/float/ok/b64pickle-float-10.1=10.1.txt] into a [float] using [$&lt;read_str_from_txt&gt; =&gt; &lt;str_to_float&gt;$]. Set log level to DEBUG for details
Rebuilding local parsing plan with next candidate parser: $&lt;read_str_from_txt&gt; =&gt; &lt;base64_ascii_str_pickle_to_object&gt; -&gt; &lt;bool_to_float&gt;$
DONE Rebuilding local parsing plan for [/home/travis/build/smarie/python-parsyfiles/parsyfiles/tests/parsing_capabilities_by_type/primitives_data/float/ok/b64pickle-float-10.1=10.1.txt]. Resuming parsing...
ERROR while parsing [/home/travis/build/smarie/python-parsyfiles/parsyfiles/tests/parsing_capabilities_by_type/primitives_data/float/ok/b64pickle-float-10.1=10.1.txt] into a [float] using [$&lt;read_str_from_txt&gt; =&gt; &lt;base64_ascii_str_pickle_to_object&gt; -&gt; &lt;bool_to_float&gt;$]. Set log level to DEBUG for details
Rebuilding local parsing plan with next candidate parser: $&lt;read_str_from_txt&gt; =&gt; &lt;base64_ascii_str_pickle_to_object&gt; -&gt; &lt;int_to_float&gt;$
DONE Rebuilding local parsing plan for [/home/travis/build/smarie/python-parsyfiles/parsyfiles/tests/parsing_capabilities_by_type/primitives_data/float/ok/b64pickle-float-10.1=10.1.txt]. Resuming parsing...
ERROR while parsing [/home/travis/build/smarie/python-parsyfiles/parsyfiles/tests/parsing_capabilities_by_type/primitives_data/float/ok/b64pickle-float-10.1=10.1.txt] into a [float] using [$&lt;read_str_from_txt&gt; =&gt; &lt;base64_ascii_str_pickle_to_object&gt; -&gt; &lt;int_to_float&gt;$]. Set log level to DEBUG for details
Rebuilding local parsing plan with next candidate parser: $&lt;read_str_from_txt&gt; =&gt; &lt;base64_ascii_str_pickle_to_object&gt; -&gt; &lt;str_to_float&gt;$
DONE Rebuilding local parsing plan for [/home/travis/build/smarie/python-parsyfiles/parsyfiles/tests/parsing_capabilities_by_type/primitives_data/float/ok/b64pickle-float-10.1=10.1.txt]. Resuming parsing...
ERROR while parsing [/home/travis/build/smarie/python-parsyfiles/parsyfiles/tests/parsing_capabilities_by_type/primitives_data/float/ok/b64pickle-float-10.1=10.1.txt] into a [float] using [$&lt;read_str_from_txt&gt; =&gt; &lt;base64_ascii_str_pickle_to_object&gt; -&gt; &lt;str_to_float&gt;$]. Set log level to DEBUG for details
Rebuilding local parsing plan with next candidate parser: $&lt;read_str_from_txt&gt; =&gt; &lt;base64_ascii_str_pickle_to_object&gt;$
DONE Rebuilding local parsing plan for [/home/travis/build/smarie/python-parsyfiles/parsyfiles/tests/parsing_capabilities_by_type/primitives_data/float/ok/b64pickle-float-10.1=10.1.txt]. Resuming parsing...
SUCCESS parsed [/home/travis/build/smarie/python-parsyfiles/parsyfiles/tests/parsing_capabilities_by_type/primitives_data/float/ok/b64pickle-float-10.1=10.1.txt] as a [float] successfully. Parser used was [$&lt;read_str_from_txt&gt; =&gt; &lt;base64_ascii_str_pickle_to_object&gt;$]
10.1==10.1
</system-out></testcase><testcase classname="parsyfiles.tests.parsing_capabilities_by_type.test_parse_primitives" file="parsyfiles/tests/parsing_capabilities_by_type/test_parse_primitives.py" line="179" name="test_parse_by_type[float-err-pickle-str-.pyc]" time="0.03987288475036621"><system-out>ERROR while parsing [/home/travis/build/smarie/python-parsyfiles/parsyfiles/tests/parsing_capabilities_by_type/primitives_data/float/err/pickle-str-.pyc] into a [float] using [$&lt;read_object_from_pickle&gt; =&gt; &lt;bool_to_float&gt;$]. Set log level to DEBUG for details
Rebuilding local parsing plan with next candidate parser: $&lt;read_object_from_pickle&gt; =&gt; &lt;int_to_float&gt;$
DONE Rebuilding local parsing plan for [/home/travis/build/smarie/python-parsyfiles/parsyfiles/tests/parsing_capabilities_by_type/primitives_data/float/err/pickle-str-.pyc]. Resuming parsing...
ERROR while parsing [/home/travis/build/smarie/python-parsyfiles/parsyfiles/tests/parsing_capabilities_by_type/primitives_data/float/err/pickle-str-.pyc] into a [float] using [$&lt;read_object_from_pickle&gt; =&gt; &lt;int_to_float&gt;$]. Set log level to DEBUG for details
Rebuilding local parsing plan with next candidate parser: $&lt;read_object_from_pickle&gt; =&gt; &lt;str_to_float&gt;$
DONE Rebuilding local parsing plan for [/home/travis/build/smarie/python-parsyfiles/parsyfiles/tests/parsing_capabilities_by_type/primitives_data/float/err/pickle-str-.pyc]. Resuming parsing...
ERROR while parsing [/home/travis/build/smarie/python-parsyfiles/parsyfiles/tests/parsing_capabilities_by_type/primitives_data/float/err/pickle-str-.pyc] into a [float] using [$&lt;read_object_from_pickle&gt; =&gt; &lt;str_to_float&gt;$]. Set log level to DEBUG for details
Rebuilding local parsing plan with next candidate parser: &lt;read_object_from_pickle&gt;
DONE Rebuilding local parsing plan for [/home/travis/build/smarie/python-parsyfiles/parsyfiles/tests/parsing_capabilities_by_type/primitives_data/float/err/pickle-str-.pyc]. Resuming parsing...
ERROR while parsing [/home/travis/build/smarie/python-parsyfiles/parsyfiles/tests/parsing_capabilities_by_type/primitives_data/float/err/pickle-str-.pyc] into a [float] using [&lt;read_object_from_pickle&gt;]. Set log level to DEBUG for details
</system-out></testcase><testcase classname="parsyfiles.tests.parsing_capabilities_by_type.test_parse_primitives" file="parsyfiles/tests/parsing_capabilities_by_type/test_parse_primitives.py" line="179" name="test_parse_by_type[float-err-pickle-str-truth.pyc]" time="0.04752850532531738"><system-out>ERROR while parsing [/home/travis/build/smarie/python-parsyfiles/parsyfiles/tests/parsing_capabilities_by_type/primitives_data/float/err/pickle-str-truth.pyc] into a [float] using [$&lt;read_object_from_pickle&gt; =&gt; &lt;bool_to_float&gt;$]. Set log level to DEBUG for details
Rebuilding local parsing plan with next candidate parser: $&lt;read_object_from_pickle&gt; =&gt; &lt;int_to_float&gt;$
DONE Rebuilding local parsing plan for [/home/travis/build/smarie/python-parsyfiles/parsyfiles/tests/parsing_capabilities_by_type/primitives_data/float/err/pickle-str-truth.pyc]. Resuming parsing...
ERROR while parsing [/home/travis/build/smarie/python-parsyfiles/parsyfiles/tests/parsing_capabilities_by_type/primitives_data/float/err/pickle-str-truth.pyc] into a [float] using [$&lt;read_object_from_pickle&gt; =&gt; &lt;int_to_float&gt;$]. Set log level to DEBUG for details
Rebuilding local parsing plan with next candidate parser: $&lt;read_object_from_pickle&gt; =&gt; &lt;str_to_float&gt;$
DONE Rebuilding local parsing plan for [/home/travis/build/smarie/python-parsyfiles/parsyfiles/tests/parsing_capabilities_by_type/primitives_data/float/err/pickle-str-truth.pyc]. Resuming parsing...
ERROR while parsing [/home/travis/build/smarie/python-parsyfiles/parsyfiles/tests/parsing_capabilities_by_type/primitives_data/float/err/pickle-str-truth.pyc] into a [float] using [$&lt;read_object_from_pickle&gt; =&gt; &lt;str_to_float&gt;$]. Set log level to DEBUG for details
Rebuilding local parsing plan with next candidate parser: &lt;read_object_from_pickle&gt;
DONE Rebuilding local parsing plan for [/home/travis/build/smarie/python-parsyfiles/parsyfiles/tests/parsing_capabilities_by_type/primitives_data/float/err/pickle-str-truth.pyc]. Resuming parsing...
ERROR while parsing [/home/travis/build/smarie/python-parsyfiles/parsyfiles/tests/parsing_capabilities_by_type/primitives_data/float/err/pickle-str-truth.pyc] into a [float] using [&lt;read_object_from_pickle&gt;]. Set log level to DEBUG for details
</system-out></testcase><testcase classname="parsyfiles.tests.parsing_capabilities_by_type.test_parse_primitives" file="parsyfiles/tests/parsing_capabilities_by_type/test_parse_primitives.py" line="179" name="test_parse_by_type[float-err-txt-str-.txt]" time="0.04231119155883789"><system-out>ERROR while parsing [/home/travis/build/smarie/python-parsyfiles/parsyfiles/tests/parsing_capabilities_by_type/primitives_data/float/err/txt-str-.txt] into a [float] using [$&lt;read_str_from_txt&gt; =&gt; &lt;str_to_float&gt;$]. Set log level to DEBUG for details
Rebuilding local parsing plan with next candidate parser: $&lt;read_str_from_txt&gt; =&gt; &lt;base64_ascii_str_pickle_to_object&gt; -&gt; &lt;bool_to_float&gt;$
DONE Rebuilding local parsing plan for [/home/travis/build/smarie/python-parsyfiles/parsyfiles/tests/parsing_capabilities_by_type/primitives_data/float/err/txt-str-.txt]. Resuming parsing...
ERROR while parsing [/home/travis/build/smarie/python-parsyfiles/parsyfiles/tests/parsing_capabilities_by_type/primitives_data/float/err/txt-str-.txt] into a [float] using [$&lt;read_str_from_txt&gt; =&gt; &lt;base64_ascii_str_pickle_to_object&gt; -&gt; &lt;bool_to_float&gt;$]. Set log level to DEBUG for details
Rebuilding local parsing plan with next candidate parser: $&lt;read_str_from_txt&gt; =&gt; &lt;base64_ascii_str_pickle_to_object&gt; -&gt; &lt;int_to_float&gt;$
DONE Rebuilding local parsing plan for [/home/travis/build/smarie/python-parsyfiles/parsyfiles/tests/parsing_capabilities_by_type/primitives_data/float/err/txt-str-.txt]. Resuming parsing...
ERROR while parsing [/home/travis/build/smarie/python-parsyfiles/parsyfiles/tests/parsing_capabilities_by_type/primitives_data/float/err/txt-str-.txt] into a [float] using [$&lt;read_str_from_txt&gt; =&gt; &lt;base64_ascii_str_pickle_to_object&gt; -&gt; &lt;int_to_float&gt;$]. Set log level to DEBUG for details
Rebuilding local parsing plan with next candidate parser: $&lt;read_str_from_txt&gt; =&gt; &lt;base64_ascii_str_pickle_to_object&gt; -&gt; &lt;str_to_float&gt;$
DONE Rebuilding local parsing plan for [/home/travis/build/smarie/python-parsyfiles/parsyfiles/tests/parsing_capabilities_by_type/primitives_data/float/err/txt-str-.txt]. Resuming parsing...
ERROR while parsing [/home/travis/build/smarie/python-parsyfiles/parsyfiles/tests/parsing_capabilities_by_type/primitives_data/float/err/txt-str-.txt] into a [float] using [$&lt;read_str_from_txt&gt; =&gt; &lt;base64_ascii_str_pickle_to_object&gt; -&gt; &lt;str_to_float&gt;$]. Set log level to DEBUG for details
Rebuilding local parsing plan with next candidate parser: $&lt;read_str_from_txt&gt; =&gt; &lt;base64_ascii_str_pickle_to_object&gt;$
DONE Rebuilding local parsing plan for [/home/travis/build/smarie/python-parsyfiles/parsyfiles/tests/parsing_capabilities_by_type/primitives_data/float/err/txt-str-.txt]. Resuming parsing...
ERROR while parsing [/home/travis/build/smarie/python-parsyfiles/parsyfiles/tests/parsing_capabilities_by_type/primitives_data/float/err/txt-str-.txt] into a [float] using [$&lt;read_str_from_txt&gt; =&gt; &lt;base64_ascii_str_pickle_to_object&gt;$]. Set log level to DEBUG for details
</system-out></testcase><testcase classname="parsyfiles.tests.parsing_capabilities_by_type.test_parse_primitives" file="parsyfiles/tests/parsing_capabilities_by_type/test_parse_primitives.py" line="179" name="test_parse_by_type[float-err-b64pickle-str-.txt]" time="0.044272661209106445"><system-out>ERROR while parsing [/home/travis/build/smarie/python-parsyfiles/parsyfiles/tests/parsing_capabilities_by_type/primitives_data/float/err/b64pickle-str-.txt] into a [float] using [$&lt;read_str_from_txt&gt; =&gt; &lt;str_to_float&gt;$]. Set log level to DEBUG for details
Rebuilding local parsing plan with next candidate parser: $&lt;read_str_from_txt&gt; =&gt; &lt;base64_ascii_str_pickle_to_object&gt; -&gt; &lt;bool_to_float&gt;$
DONE Rebuilding local parsing plan for [/home/travis/build/smarie/python-parsyfiles/parsyfiles/tests/parsing_capabilities_by_type/primitives_data/float/err/b64pickle-str-.txt]. Resuming parsing...
ERROR while parsing [/home/travis/build/smarie/python-parsyfiles/parsyfiles/tests/parsing_capabilities_by_type/primitives_data/float/err/b64pickle-str-.txt] into a [float] using [$&lt;read_str_from_txt&gt; =&gt; &lt;base64_ascii_str_pickle_to_object&gt; -&gt; &lt;bool_to_float&gt;$]. Set log level to DEBUG for details
Rebuilding local parsing plan with next candidate parser: $&lt;read_str_from_txt&gt; =&gt; &lt;base64_ascii_str_pickle_to_object&gt; -&gt; &lt;int_to_float&gt;$
DONE Rebuilding local parsing plan for [/home/travis/build/smarie/python-parsyfiles/parsyfiles/tests/parsing_capabilities_by_type/primitives_data/float/err/b64pickle-str-.txt]. Resuming parsing...
ERROR while parsing [/home/travis/build/smarie/python-parsyfiles/parsyfiles/tests/parsing_capabilities_by_type/primitives_data/float/err/b64pickle-str-.txt] into a [float] using [$&lt;read_str_from_txt&gt; =&gt; &lt;base64_ascii_str_pickle_to_object&gt; -&gt; &lt;int_to_float&gt;$]. Set log level to DEBUG for details
Rebuilding local parsing plan with next candidate parser: $&lt;read_str_from_txt&gt; =&gt; &lt;base64_ascii_str_pickle_to_object&gt; -&gt; &lt;str_to_float&gt;$
DONE Rebuilding local parsing plan for [/home/travis/build/smarie/python-parsyfiles/parsyfiles/tests/parsing_capabilities_by_type/primitives_data/float/err/b64pickle-str-.txt]. Resuming parsing...
ERROR while parsing [/home/travis/build/smarie/python-parsyfiles/parsyfiles/tests/parsing_capabilities_by_type/primitives_data/float/err/b64pickle-str-.txt] into a [float] using [$&lt;read_str_from_txt&gt; =&gt; &lt;base64_ascii_str_pickle_to_object&gt; -&gt; &lt;str_to_float&gt;$]. Set log level to DEBUG for details
Rebuilding local parsing plan with next candidate parser: $&lt;read_str_from_txt&gt; =&gt; &lt;base64_ascii_str_pickle_to_object&gt;$
DONE Rebuilding local parsing plan for [/home/travis/build/smarie/python-parsyfiles/parsyfiles/tests/parsing_capabilities_by_type/primitives_data/float/err/b64pickle-str-.txt]. Resuming parsing...
ERROR while parsing [/home/travis/build/smarie/python-parsyfiles/parsyfiles/tests/parsing_capabilities_by_type/primitives_data/float/err/b64pickle-str-.txt] into a [float] using [$&lt;read_str_from_txt&gt; =&gt; &lt;base64_ascii_str_pickle_to_object&gt;$]. Set log level to DEBUG for details
</system-out></testcase><testcase classname="parsyfiles.tests.parsing_capabilities_by_type.test_parse_primitives" file="parsyfiles/tests/parsing_capabilities_by_type/test_parse_primitives.py" line="179" name="test_parse_by_type[float-err-b64pickle-str-truth.txt]" time="0.040796518325805664"><system-out>ERROR while parsing [/home/travis/build/smarie/python-parsyfiles/parsyfiles/tests/parsing_capabilities_by_type/primitives_data/float/err/b64pickle-str-truth.txt] into a [float] using [$&lt;read_str_from_txt&gt; =&gt; &lt;str_to_float&gt;$]. Set log level to DEBUG for details
Rebuilding local parsing plan with next candidate parser: $&lt;read_str_from_txt&gt; =&gt; &lt;base64_ascii_str_pickle_to_object&gt; -&gt; &lt;bool_to_float&gt;$
DONE Rebuilding local parsing plan for [/home/travis/build/smarie/python-parsyfiles/parsyfiles/tests/parsing_capabilities_by_type/primitives_data/float/err/b64pickle-str-truth.txt]. Resuming parsing...
ERROR while parsing [/home/travis/build/smarie/python-parsyfiles/parsyfiles/tests/parsing_capabilities_by_type/primitives_data/float/err/b64pickle-str-truth.txt] into a [float] using [$&lt;read_str_from_txt&gt; =&gt; &lt;base64_ascii_str_pickle_to_object&gt; -&gt; &lt;bool_to_float&gt;$]. Set log level to DEBUG for details
Rebuilding local parsing plan with next candidate parser: $&lt;read_str_from_txt&gt; =&gt; &lt;base64_ascii_str_pickle_to_object&gt; -&gt; &lt;int_to_float&gt;$
DONE Rebuilding local parsing plan for [/home/travis/build/smarie/python-parsyfiles/parsyfiles/tests/parsing_capabilities_by_type/primitives_data/float/err/b64pickle-str-truth.txt]. Resuming parsing...
ERROR while parsing [/home/travis/build/smarie/python-parsyfiles/parsyfiles/tests/parsing_capabilities_by_type/primitives_data/float/err/b64pickle-str-truth.txt] into a [float] using [$&lt;read_str_from_txt&gt; =&gt; &lt;base64_ascii_str_pickle_to_object&gt; -&gt; &lt;int_to_float&gt;$]. Set log level to DEBUG for details
Rebuilding local parsing plan with next candidate parser: $&lt;read_str_from_txt&gt; =&gt; &lt;base64_ascii_str_pickle_to_object&gt; -&gt; &lt;str_to_float&gt;$
DONE Rebuilding local parsing plan for [/home/travis/build/smarie/python-parsyfiles/parsyfiles/tests/parsing_capabilities_by_type/primitives_data/float/err/b64pickle-str-truth.txt]. Resuming parsing...
ERROR while parsing [/home/travis/build/smarie/python-parsyfiles/parsyfiles/tests/parsing_capabilities_by_type/primitives_data/float/err/b64pickle-str-truth.txt] into a [float] using [$&lt;read_str_from_txt&gt; =&gt; &lt;base64_ascii_str_pickle_to_object&gt; -&gt; &lt;str_to_float&gt;$]. Set log level to DEBUG for details
Rebuilding local parsing plan with next candidate parser: $&lt;read_str_from_txt&gt; =&gt; &lt;base64_ascii_str_pickle_to_object&gt;$
DONE Rebuilding local parsing plan for [/home/travis/build/smarie/python-parsyfiles/parsyfiles/tests/parsing_capabilities_by_type/primitives_data/float/err/b64pickle-str-truth.txt]. Resuming parsing...
ERROR while parsing [/home/travis/build/smarie/python-parsyfiles/parsyfiles/tests/parsing_capabilities_by_type/primitives_data/float/err/b64pickle-str-truth.txt] into a [float] using [$&lt;read_str_from_txt&gt; =&gt; &lt;base64_ascii_str_pickle_to_object&gt;$]. Set log level to DEBUG for details
</system-out></testcase><testcase classname="parsyfiles.tests.parsing_capabilities_by_type.test_parse_primitives" file="parsyfiles/tests/parsing_capabilities_by_type/test_parse_primitives.py" line="179" name="test_parse_by_type[float-err-txt-str-truth.txt]" time="0.044148921966552734"><system-out>ERROR while parsing [/home/travis/build/smarie/python-parsyfiles/parsyfiles/tests/parsing_capabilities_by_type/primitives_data/float/err/txt-str-truth.txt] into a [float] using [$&lt;read_str_from_txt&gt; =&gt; &lt;str_to_float&gt;$]. Set log level to DEBUG for details
Rebuilding local parsing plan with next candidate parser: $&lt;read_str_from_txt&gt; =&gt; &lt;base64_ascii_str_pickle_to_object&gt; -&gt; &lt;bool_to_float&gt;$
DONE Rebuilding local parsing plan for [/home/travis/build/smarie/python-parsyfiles/parsyfiles/tests/parsing_capabilities_by_type/primitives_data/float/err/txt-str-truth.txt]. Resuming parsing...
ERROR while parsing [/home/travis/build/smarie/python-parsyfiles/parsyfiles/tests/parsing_capabilities_by_type/primitives_data/float/err/txt-str-truth.txt] into a [float] using [$&lt;read_str_from_txt&gt; =&gt; &lt;base64_ascii_str_pickle_to_object&gt; -&gt; &lt;bool_to_float&gt;$]. Set log level to DEBUG for details
Rebuilding local parsing plan with next candidate parser: $&lt;read_str_from_txt&gt; =&gt; &lt;base64_ascii_str_pickle_to_object&gt; -&gt; &lt;int_to_float&gt;$
DONE Rebuilding local parsing plan for [/home/travis/build/smarie/python-parsyfiles/parsyfiles/tests/parsing_capabilities_by_type/primitives_data/float/err/txt-str-truth.txt]. Resuming parsing...
ERROR while parsing [/home/travis/build/smarie/python-parsyfiles/parsyfiles/tests/parsing_capabilities_by_type/primitives_data/float/err/txt-str-truth.txt] into a [float] using [$&lt;read_str_from_txt&gt; =&gt; &lt;base64_ascii_str_pickle_to_object&gt; -&gt; &lt;int_to_float&gt;$]. Set log level to DEBUG for details
Rebuilding local parsing plan with next candidate parser: $&lt;read_str_from_txt&gt; =&gt; &lt;base64_ascii_str_pickle_to_object&gt; -&gt; &lt;str_to_float&gt;$
DONE Rebuilding local parsing plan for [/home/travis/build/smarie/python-parsyfiles/parsyfiles/tests/parsing_capabilities_by_type/primitives_data/float/err/txt-str-truth.txt]. Resuming parsing...
ERROR while parsing [/home/travis/build/smarie/python-parsyfiles/parsyfiles/tests/parsing_capabilities_by_type/primitives_data/float/err/txt-str-truth.txt] into a [float] using [$&lt;read_str_from_txt&gt; =&gt; &lt;base64_ascii_str_pickle_to_object&gt; -&gt; &lt;str_to_float&gt;$]. Set log level to DEBUG for details
Rebuilding local parsing plan with next candidate parser: $&lt;read_str_from_txt&gt; =&gt; &lt;base64_ascii_str_pickle_to_object&gt;$
DONE Rebuilding local parsing plan for [/home/travis/build/smarie/python-parsyfiles/parsyfiles/tests/parsing_capabilities_by_type/primitives_data/float/err/txt-str-truth.txt]. Resuming parsing...
ERROR while parsing [/home/travis/build/smarie/python-parsyfiles/parsyfiles/tests/parsing_capabilities_by_type/primitives_data/float/err/txt-str-truth.txt] into a [float] using [$&lt;read_str_from_txt&gt; =&gt; &lt;base64_ascii_str_pickle_to_object&gt;$]. Set log level to DEBUG for details
</system-out></testcase><testcase classname="parsyfiles.tests.parsing_capabilities_by_type.test_parse_primitives" file="parsyfiles/tests/parsing_capabilities_by_type/test_parse_primitives.py" line="179" name="test_parse_by_type[int-ok-b64pickle-bool-False=0.txt]" time="0.04079294204711914"><system-out>ERROR while parsing [/home/travis/build/smarie/python-parsyfiles/parsyfiles/tests/parsing_capabilities_by_type/primitives_data/int/ok/b64pickle-bool-False=0.txt] into a [int] using [$&lt;read_str_from_txt&gt; =&gt; &lt;str_to_int&gt;$]. Set log level to DEBUG for details
Rebuilding local parsing plan with next candidate parser: $&lt;read_str_from_txt&gt; =&gt; &lt;base64_ascii_str_pickle_to_object&gt; -&gt; &lt;bool_to_int&gt;$
DONE Rebuilding local parsing plan for [/home/travis/build/smarie/python-parsyfiles/parsyfiles/tests/parsing_capabilities_by_type/primitives_data/int/ok/b64pickle-bool-False=0.txt]. Resuming parsing...
SUCCESS parsed [/home/travis/build/smarie/python-parsyfiles/parsyfiles/tests/parsing_capabilities_by_type/primitives_data/int/ok/b64pickle-bool-False=0.txt] as a [int] successfully. Parser used was [$&lt;read_str_from_txt&gt; =&gt; &lt;base64_ascii_str_pickle_to_object&gt; -&gt; &lt;bool_to_int&gt;$]
0==0
</system-out></testcase><testcase classname="parsyfiles.tests.parsing_capabilities_by_type.test_parse_primitives" file="parsyfiles/tests/parsing_capabilities_by_type/test_parse_primitives.py" line="179" name="test_parse_by_type[int-ok-b64pickle-float--5.0=-5.txt]" time="0.05256819725036621"><system-out>ERROR while parsing [/home/travis/build/smarie/python-parsyfiles/parsyfiles/tests/parsing_capabilities_by_type/primitives_data/int/ok/b64pickle-float--5.0=-5.txt] into a [int] using [$&lt;read_str_from_txt&gt; =&gt; &lt;str_to_int&gt;$]. Set log level to DEBUG for details
Rebuilding local parsing plan with next candidate parser: $&lt;read_str_from_txt&gt; =&gt; &lt;base64_ascii_str_pickle_to_object&gt; -&gt; &lt;bool_to_int&gt;$
DONE Rebuilding local parsing plan for [/home/travis/build/smarie/python-parsyfiles/parsyfiles/tests/parsing_capabilities_by_type/primitives_data/int/ok/b64pickle-float--5.0=-5.txt]. Resuming parsing...
ERROR while parsing [/home/travis/build/smarie/python-parsyfiles/parsyfiles/tests/parsing_capabilities_by_type/primitives_data/int/ok/b64pickle-float--5.0=-5.txt] into a [int] using [$&lt;read_str_from_txt&gt; =&gt; &lt;base64_ascii_str_pickle_to_object&gt; -&gt; &lt;bool_to_int&gt;$]. Set log level to DEBUG for details
Rebuilding local parsing plan with next candidate parser: $&lt;read_str_from_txt&gt; =&gt; &lt;base64_ascii_str_pickle_to_object&gt; -&gt; &lt;float_to_int&gt;$
DONE Rebuilding local parsing plan for [/home/travis/build/smarie/python-parsyfiles/parsyfiles/tests/parsing_capabilities_by_type/primitives_data/int/ok/b64pickle-float--5.0=-5.txt]. Resuming parsing...
SUCCESS parsed [/home/travis/build/smarie/python-parsyfiles/parsyfiles/tests/parsing_capabilities_by_type/primitives_data/int/ok/b64pickle-float--5.0=-5.txt] as a [int] successfully. Parser used was [$&lt;read_str_from_txt&gt; =&gt; &lt;base64_ascii_str_pickle_to_object&gt; -&gt; &lt;float_to_int&gt;$]
-5==-5
</system-out></testcase><testcase classname="parsyfiles.tests.parsing_capabilities_by_type.test_parse_primitives" file="parsyfiles/tests/parsing_capabilities_by_type/test_parse_primitives.py" line="179" name="test_parse_by_type[int-ok-b64pickle-int--2=-2.txt]" time="0.05978679656982422"><system-out>ERROR while parsing [/home/travis/build/smarie/python-parsyfiles/parsyfiles/tests/parsing_capabilities_by_type/primitives_data/int/ok/b64pickle-int--2=-2.txt] into a [int] using [$&lt;read_str_from_txt&gt; =&gt; &lt;str_to_int&gt;$]. Set log level to DEBUG for details
Rebuilding local parsing plan with next candidate parser: $&lt;read_str_from_txt&gt; =&gt; &lt;base64_ascii_str_pickle_to_object&gt; -&gt; &lt;bool_to_int&gt;$
DONE Rebuilding local parsing plan for [/home/travis/build/smarie/python-parsyfiles/parsyfiles/tests/parsing_capabilities_by_type/primitives_data/int/ok/b64pickle-int--2=-2.txt]. Resuming parsing...
ERROR while parsing [/home/travis/build/smarie/python-parsyfiles/parsyfiles/tests/parsing_capabilities_by_type/primitives_data/int/ok/b64pickle-int--2=-2.txt] into a [int] using [$&lt;read_str_from_txt&gt; =&gt; &lt;base64_ascii_str_pickle_to_object&gt; -&gt; &lt;bool_to_int&gt;$]. Set log level to DEBUG for details
Rebuilding local parsing plan with next candidate parser: $&lt;read_str_from_txt&gt; =&gt; &lt;base64_ascii_str_pickle_to_object&gt; -&gt; &lt;float_to_int&gt;$
DONE Rebuilding local parsing plan for [/home/travis/build/smarie/python-parsyfiles/parsyfiles/tests/parsing_capabilities_by_type/primitives_data/int/ok/b64pickle-int--2=-2.txt]. Resuming parsing...
ERROR while parsing [/home/travis/build/smarie/python-parsyfiles/parsyfiles/tests/parsing_capabilities_by_type/primitives_data/int/ok/b64pickle-int--2=-2.txt] into a [int] using [$&lt;read_str_from_txt&gt; =&gt; &lt;base64_ascii_str_pickle_to_object&gt; -&gt; &lt;float_to_int&gt;$]. Set log level to DEBUG for details
Rebuilding local parsing plan with next candidate parser: $&lt;read_str_from_txt&gt; =&gt; &lt;base64_ascii_str_pickle_to_object&gt; -&gt; &lt;str_to_int&gt;$
DONE Rebuilding local parsing plan for [/home/travis/build/smarie/python-parsyfiles/parsyfiles/tests/parsing_capabilities_by_type/primitives_data/int/ok/b64pickle-int--2=-2.txt]. Resuming parsing...
ERROR while parsing [/home/travis/build/smarie/python-parsyfiles/parsyfiles/tests/parsing_capabilities_by_type/primitives_data/int/ok/b64pickle-int--2=-2.txt] into a [int] using [$&lt;read_str_from_txt&gt; =&gt; &lt;base64_ascii_str_pickle_to_object&gt; -&gt; &lt;str_to_int&gt;$]. Set log level to DEBUG for details
Rebuilding local parsing plan with next candidate parser: $&lt;read_str_from_txt&gt; =&gt; &lt;str_to_bool&gt;$
DONE Rebuilding local parsing plan for [/home/travis/build/smarie/python-parsyfiles/parsyfiles/tests/parsing_capabilities_by_type/primitives_data/int/ok/b64pickle-int--2=-2.txt]. Resuming parsing...
ERROR while parsing [/home/travis/build/smarie/python-parsyfiles/parsyfiles/tests/parsing_capabilities_by_type/primitives_data/int/ok/b64pickle-int--2=-2.txt] into a [int] using [$&lt;read_str_from_txt&gt; =&gt; &lt;str_to_bool&gt;$]. Set log level to DEBUG for details
Rebuilding local parsing plan with next candidate parser: $&lt;read_str_from_txt&gt; =&gt; &lt;base64_ascii_str_pickle_to_object&gt; -&gt; &lt;float_to_bool&gt;$
DONE Rebuilding local parsing plan for [/home/travis/build/smarie/python-parsyfiles/parsyfiles/tests/parsing_capabilities_by_type/primitives_data/int/ok/b64pickle-int--2=-2.txt]. Resuming parsing...
ERROR while parsing [/home/travis/build/smarie/python-parsyfiles/parsyfiles/tests/parsing_capabilities_by_type/primitives_data/int/ok/b64pickle-int--2=-2.txt] into a [int] using [$&lt;read_str_from_txt&gt; =&gt; &lt;base64_ascii_str_pickle_to_object&gt; -&gt; &lt;float_to_bool&gt;$]. Set log level to DEBUG for details
Rebuilding local parsing plan with next candidate parser: $&lt;read_str_from_txt&gt; =&gt; &lt;base64_ascii_str_pickle_to_object&gt; -&gt; &lt;int_to_bool&gt;$
DONE Rebuilding local parsing plan for [/home/travis/build/smarie/python-parsyfiles/parsyfiles/tests/parsing_capabilities_by_type/primitives_data/int/ok/b64pickle-int--2=-2.txt]. Resuming parsing...
ERROR while parsing [/home/travis/build/smarie/python-parsyfiles/parsyfiles/tests/parsing_capabilities_by_type/primitives_data/int/ok/b64pickle-int--2=-2.txt] into a [int] using [$&lt;read_str_from_txt&gt; =&gt; &lt;base64_ascii_str_pickle_to_object&gt; -&gt; &lt;int_to_bool&gt;$]. Set log level to DEBUG for details
Rebuilding local parsing plan with next candidate parser: $&lt;read_str_from_txt&gt; =&gt; &lt;base64_ascii_str_pickle_to_object&gt; -&gt; &lt;str_to_bool&gt;$
DONE Rebuilding local parsing plan for [/home/travis/build/smarie/python-parsyfiles/parsyfiles/tests/parsing_capabilities_by_type/primitives_data/int/ok/b64pickle-int--2=-2.txt]. Resuming parsing...
ERROR while parsing [/home/travis/build/smarie/python-parsyfiles/parsyfiles/tests/parsing_capabilities_by_type/primitives_data/int/ok/b64pickle-int--2=-2.txt] into a [int] using [$&lt;read_str_from_txt&gt; =&gt; &lt;base64_ascii_str_pickle_to_object&gt; -&gt; &lt;str_to_bool&gt;$]. Set log level to DEBUG for details
Rebuilding local parsing plan with next candidate parser: $&lt;read_str_from_txt&gt; =&gt; &lt;base64_ascii_str_pickle_to_object&gt;$
DONE Rebuilding local parsing plan for [/home/travis/build/smarie/python-parsyfiles/parsyfiles/tests/parsing_capabilities_by_type/primitives_data/int/ok/b64pickle-int--2=-2.txt]. Resuming parsing...
SUCCESS parsed [/home/travis/build/smarie/python-parsyfiles/parsyfiles/tests/parsing_capabilities_by_type/primitives_data/int/ok/b64pickle-int--2=-2.txt] as a [int] successfully. Parser used was [$&lt;read_str_from_txt&gt; =&gt; &lt;base64_ascii_str_pickle_to_object&gt;$]
-2==-2
</system-out></testcase><testcase classname="parsyfiles.tests.parsing_capabilities_by_type.test_parse_primitives" file="parsyfiles/tests/parsing_capabilities_by_type/test_parse_primitives.py" line="179" name="test_parse_by_type[int-ok-pickle-float--5.0=-5.pyc]" time="0.045525550842285156"><system-out>ERROR while parsing [/home/travis/build/smarie/python-parsyfiles/parsyfiles/tests/parsing_capabilities_by_type/primitives_data/int/ok/pickle-float--5.0=-5.pyc] into a [int] using [$&lt;read_object_from_pickle&gt; =&gt; &lt;bool_to_int&gt;$]. Set log level to DEBUG for details
Rebuilding local parsing plan with next candidate parser: $&lt;read_object_from_pickle&gt; =&gt; &lt;float_to_int&gt;$
DONE Rebuilding local parsing plan for [/home/travis/build/smarie/python-parsyfiles/parsyfiles/tests/parsing_capabilities_by_type/primitives_data/int/ok/pickle-float--5.0=-5.pyc]. Resuming parsing...
SUCCESS parsed [/home/travis/build/smarie/python-parsyfiles/parsyfiles/tests/parsing_capabilities_by_type/primitives_data/int/ok/pickle-float--5.0=-5.pyc] as a [int] successfully. Parser used was [$&lt;read_object_from_pickle&gt; =&gt; &lt;float_to_int&gt;$]
-5==-5
</system-out></testcase><testcase classname="parsyfiles.tests.parsing_capabilities_by_type.test_parse_primitives" file="parsyfiles/tests/parsing_capabilities_by_type/test_parse_primitives.py" line="179" name="test_parse_by_type[int-ok-b64pickle-float-0.0=0.txt]" time="0.04382491111755371"><system-out>ERROR while parsing [/home/travis/build/smarie/python-parsyfiles/parsyfiles/tests/parsing_capabilities_by_type/primitives_data/int/ok/b64pickle-float-0.0=0.txt] into a [int] using [$&lt;read_str_from_txt&gt; =&gt; &lt;str_to_int&gt;$]. Set log level to DEBUG for details
Rebuilding local parsing plan with next candidate parser: $&lt;read_str_from_txt&gt; =&gt; &lt;base64_ascii_str_pickle_to_object&gt; -&gt; &lt;bool_to_int&gt;$
DONE Rebuilding local parsing plan for [/home/travis/build/smarie/python-parsyfiles/parsyfiles/tests/parsing_capabilities_by_type/primitives_data/int/ok/b64pickle-float-0.0=0.txt]. Resuming parsing...
ERROR while parsing [/home/travis/build/smarie/python-parsyfiles/parsyfiles/tests/parsing_capabilities_by_type/primitives_data/int/ok/b64pickle-float-0.0=0.txt] into a [int] using [$&lt;read_str_from_txt&gt; =&gt; &lt;base64_ascii_str_pickle_to_object&gt; -&gt; &lt;bool_to_int&gt;$]. Set log level to DEBUG for details
Rebuilding local parsing plan with next candidate parser: $&lt;read_str_from_txt&gt; =&gt; &lt;base64_ascii_str_pickle_to_object&gt; -&gt; &lt;float_to_int&gt;$
DONE Rebuilding local parsing plan for [/home/travis/build/smarie/python-parsyfiles/parsyfiles/tests/parsing_capabilities_by_type/primitives_data/int/ok/b64pickle-float-0.0=0.txt]. Resuming parsing...
SUCCESS parsed [/home/travis/build/smarie/python-parsyfiles/parsyfiles/tests/parsing_capabilities_by_type/primitives_data/int/ok/b64pickle-float-0.0=0.txt] as a [int] successfully. Parser used was [$&lt;read_str_from_txt&gt; =&gt; &lt;base64_ascii_str_pickle_to_object&gt; -&gt; &lt;float_to_int&gt;$]
0==0
</system-out></testcase><testcase classname="parsyfiles.tests.parsing_capabilities_by_type.test_parse_primitives" file="parsyfiles/tests/parsing_capabilities_by_type/test_parse_primitives.py" line="179" name="test_parse_by_type[int-ok-txt-float-10.0=10.txt]" time="0.05058407783508301"><system-out>SUCCESS parsed [/home/travis/build/smarie/python-parsyfiles/parsyfiles/tests/parsing_capabilities_by_type/primitives_data/int/ok/txt-float-10.0=10.txt] as a [int] successfully. Parser used was [$&lt;read_str_from_txt&gt; =&gt; &lt;str_to_int&gt;$]
10==10
</system-out></testcase><testcase classname="parsyfiles.tests.parsing_capabilities_by_type.test_parse_primitives" file="parsyfiles/tests/parsing_capabilities_by_type/test_parse_primitives.py" line="179" name="test_parse_by_type[int-ok-txt-int--2=-2.txt]" time="0.039927005767822266"><system-out>SUCCESS parsed [/home/travis/build/smarie/python-parsyfiles/parsyfiles/tests/parsing_capabilities_by_type/primitives_data/int/ok/txt-int--2=-2.txt] as a [int] successfully. Parser used was [$&lt;read_str_from_txt&gt; =&gt; &lt;str_to_int&gt;$]
-2==-2
</system-out></testcase><testcase classname="parsyfiles.tests.parsing_capabilities_by_type.test_parse_primitives" file="parsyfiles/tests/parsing_capabilities_by_type/test_parse_primitives.py" line="179" name="test_parse_by_type[int-ok-pickle-bool-True=1.pyc]" time="0.04477357864379883"><system-out>SUCCESS parsed [/home/travis/build/smarie/python-parsyfiles/parsyfiles/tests/parsing_capabilities_by_type/primitives_data/int/ok/pickle-bool-True=1.pyc] as a [int] successfully. Parser used was [$&lt;read_object_from_pickle&gt; =&gt; &lt;bool_to_int&gt;$]
1==1
</system-out></testcase><testcase classname="parsyfiles.tests.parsing_capabilities_by_type.test_parse_primitives" file="parsyfiles/tests/parsing_capabilities_by_type/test_parse_primitives.py" line="179" name="test_parse_by_type[int-ok-b64pickle-float-10.0=10.txt]" time="0.05328655242919922"><system-out>ERROR while parsing [/home/travis/build/smarie/python-parsyfiles/parsyfiles/tests/parsing_capabilities_by_type/primitives_data/int/ok/b64pickle-float-10.0=10.txt] into a [int] using [$&lt;read_str_from_txt&gt; =&gt; &lt;str_to_int&gt;$]. Set log level to DEBUG for details
Rebuilding local parsing plan with next candidate parser: $&lt;read_str_from_txt&gt; =&gt; &lt;base64_ascii_str_pickle_to_object&gt; -&gt; &lt;bool_to_int&gt;$
DONE Rebuilding local parsing plan for [/home/travis/build/smarie/python-parsyfiles/parsyfiles/tests/parsing_capabilities_by_type/primitives_data/int/ok/b64pickle-float-10.0=10.txt]. Resuming parsing...
ERROR while parsing [/home/travis/build/smarie/python-parsyfiles/parsyfiles/tests/parsing_capabilities_by_type/primitives_data/int/ok/b64pickle-float-10.0=10.txt] into a [int] using [$&lt;read_str_from_txt&gt; =&gt; &lt;base64_ascii_str_pickle_to_object&gt; -&gt; &lt;bool_to_int&gt;$]. Set log level to DEBUG for details
Rebuilding local parsing plan with next candidate parser: $&lt;read_str_from_txt&gt; =&gt; &lt;base64_ascii_str_pickle_to_object&gt; -&gt; &lt;float_to_int&gt;$
DONE Rebuilding local parsing plan for [/home/travis/build/smarie/python-parsyfiles/parsyfiles/tests/parsing_capabilities_by_type/primitives_data/int/ok/b64pickle-float-10.0=10.txt]. Resuming parsing...
SUCCESS parsed [/home/travis/build/smarie/python-parsyfiles/parsyfiles/tests/parsing_capabilities_by_type/primitives_data/int/ok/b64pickle-float-10.0=10.txt] as a [int] successfully. Parser used was [$&lt;read_str_from_txt&gt; =&gt; &lt;base64_ascii_str_pickle_to_object&gt; -&gt; &lt;float_to_int&gt;$]
10==10
</system-out></testcase><testcase classname="parsyfiles.tests.parsing_capabilities_by_type.test_parse_primitives" file="parsyfiles/tests/parsing_capabilities_by_type/test_parse_primitives.py" line="179" name="test_parse_by_type[int-ok-b64pickle-int-0=0.txt]" time="0.05075502395629883"><system-out>ERROR while parsing [/home/travis/build/smarie/python-parsyfiles/parsyfiles/tests/parsing_capabilities_by_type/primitives_data/int/ok/b64pickle-int-0=0.txt] into a [int] using [$&lt;read_str_from_txt&gt; =&gt; &lt;str_to_int&gt;$]. Set log level to DEBUG for details
Rebuilding local parsing plan with next candidate parser: $&lt;read_str_from_txt&gt; =&gt; &lt;base64_ascii_str_pickle_to_object&gt; -&gt; &lt;bool_to_int&gt;$
DONE Rebuilding local parsing plan for [/home/travis/build/smarie/python-parsyfiles/parsyfiles/tests/parsing_capabilities_by_type/primitives_data/int/ok/b64pickle-int-0=0.txt]. Resuming parsing...
ERROR while parsing [/home/travis/build/smarie/python-parsyfiles/parsyfiles/tests/parsing_capabilities_by_type/primitives_data/int/ok/b64pickle-int-0=0.txt] into a [int] using [$&lt;read_str_from_txt&gt; =&gt; &lt;base64_ascii_str_pickle_to_object&gt; -&gt; &lt;bool_to_int&gt;$]. Set log level to DEBUG for details
Rebuilding local parsing plan with next candidate parser: $&lt;read_str_from_txt&gt; =&gt; &lt;base64_ascii_str_pickle_to_object&gt; -&gt; &lt;float_to_int&gt;$
DONE Rebuilding local parsing plan for [/home/travis/build/smarie/python-parsyfiles/parsyfiles/tests/parsing_capabilities_by_type/primitives_data/int/ok/b64pickle-int-0=0.txt]. Resuming parsing...
ERROR while parsing [/home/travis/build/smarie/python-parsyfiles/parsyfiles/tests/parsing_capabilities_by_type/primitives_data/int/ok/b64pickle-int-0=0.txt] into a [int] using [$&lt;read_str_from_txt&gt; =&gt; &lt;base64_ascii_str_pickle_to_object&gt; -&gt; &lt;float_to_int&gt;$]. Set log level to DEBUG for details
Rebuilding local parsing plan with next candidate parser: $&lt;read_str_from_txt&gt; =&gt; &lt;base64_ascii_str_pickle_to_object&gt; -&gt; &lt;str_to_int&gt;$
DONE Rebuilding local parsing plan for [/home/travis/build/smarie/python-parsyfiles/parsyfiles/tests/parsing_capabilities_by_type/primitives_data/int/ok/b64pickle-int-0=0.txt]. Resuming parsing...
ERROR while parsing [/home/travis/build/smarie/python-parsyfiles/parsyfiles/tests/parsing_capabilities_by_type/primitives_data/int/ok/b64pickle-int-0=0.txt] into a [int] using [$&lt;read_str_from_txt&gt; =&gt; &lt;base64_ascii_str_pickle_to_object&gt; -&gt; &lt;str_to_int&gt;$]. Set log level to DEBUG for details
Rebuilding local parsing plan with next candidate parser: $&lt;read_str_from_txt&gt; =&gt; &lt;str_to_bool&gt;$
DONE Rebuilding local parsing plan for [/home/travis/build/smarie/python-parsyfiles/parsyfiles/tests/parsing_capabilities_by_type/primitives_data/int/ok/b64pickle-int-0=0.txt]. Resuming parsing...
ERROR while parsing [/home/travis/build/smarie/python-parsyfiles/parsyfiles/tests/parsing_capabilities_by_type/primitives_data/int/ok/b64pickle-int-0=0.txt] into a [int] using [$&lt;read_str_from_txt&gt; =&gt; &lt;str_to_bool&gt;$]. Set log level to DEBUG for details
Rebuilding local parsing plan with next candidate parser: $&lt;read_str_from_txt&gt; =&gt; &lt;base64_ascii_str_pickle_to_object&gt; -&gt; &lt;float_to_bool&gt;$
DONE Rebuilding local parsing plan for [/home/travis/build/smarie/python-parsyfiles/parsyfiles/tests/parsing_capabilities_by_type/primitives_data/int/ok/b64pickle-int-0=0.txt]. Resuming parsing...
ERROR while parsing [/home/travis/build/smarie/python-parsyfiles/parsyfiles/tests/parsing_capabilities_by_type/primitives_data/int/ok/b64pickle-int-0=0.txt] into a [int] using [$&lt;read_str_from_txt&gt; =&gt; &lt;base64_ascii_str_pickle_to_object&gt; -&gt; &lt;float_to_bool&gt;$]. Set log level to DEBUG for details
Rebuilding local parsing plan with next candidate parser: $&lt;read_str_from_txt&gt; =&gt; &lt;base64_ascii_str_pickle_to_object&gt; -&gt; &lt;int_to_bool&gt;$
DONE Rebuilding local parsing plan for [/home/travis/build/smarie/python-parsyfiles/parsyfiles/tests/parsing_capabilities_by_type/primitives_data/int/ok/b64pickle-int-0=0.txt]. Resuming parsing...
SUCCESS parsed [/home/travis/build/smarie/python-parsyfiles/parsyfiles/tests/parsing_capabilities_by_type/primitives_data/int/ok/b64pickle-int-0=0.txt] as a [int] successfully. Parser used was [$&lt;read_str_from_txt&gt; =&gt; &lt;base64_ascii_str_pickle_to_object&gt; -&gt; &lt;int_to_bool&gt;$]
False==0
</system-out></testcase><testcase classname="parsyfiles.tests.parsing_capabilities_by_type.test_parse_primitives" file="parsyfiles/tests/parsing_capabilities_by_type/test_parse_primitives.py" line="179" name="test_parse_by_type[int-ok-pickle-bool-False=0.pyc]" time="0.04393196105957031"><system-out>SUCCESS parsed [/home/travis/build/smarie/python-parsyfiles/parsyfiles/tests/parsing_capabilities_by_type/primitives_data/int/ok/pickle-bool-False=0.pyc] as a [int] successfully. Parser used was [$&lt;read_object_from_pickle&gt; =&gt; &lt;bool_to_int&gt;$]
0==0
</system-out></testcase><testcase classname="parsyfiles.tests.parsing_capabilities_by_type.test_parse_primitives" file="parsyfiles/tests/parsing_capabilities_by_type/test_parse_primitives.py" line="179" name="test_parse_by_type[int-ok-pickle-float-10.0=10.pyc]" time="0.0454862117767334"><system-out>ERROR while parsing [/home/travis/build/smarie/python-parsyfiles/parsyfiles/tests/parsing_capabilities_by_type/primitives_data/int/ok/pickle-float-10.0=10.pyc] into a [int] using [$&lt;read_object_from_pickle&gt; =&gt; &lt;bool_to_int&gt;$]. Set log level to DEBUG for details
Rebuilding local parsing plan with next candidate parser: $&lt;read_object_from_pickle&gt; =&gt; &lt;float_to_int&gt;$
DONE Rebuilding local parsing plan for [/home/travis/build/smarie/python-parsyfiles/parsyfiles/tests/parsing_capabilities_by_type/primitives_data/int/ok/pickle-float-10.0=10.pyc]. Resuming parsing...
SUCCESS parsed [/home/travis/build/smarie/python-parsyfiles/parsyfiles/tests/parsing_capabilities_by_type/primitives_data/int/ok/pickle-float-10.0=10.pyc] as a [int] successfully. Parser used was [$&lt;read_object_from_pickle&gt; =&gt; &lt;float_to_int&gt;$]
10==10
</system-out></testcase><testcase classname="parsyfiles.tests.parsing_capabilities_by_type.test_parse_primitives" file="parsyfiles/tests/parsing_capabilities_by_type/test_parse_primitives.py" line="179" name="test_parse_by_type[int-ok-pickle-int--2=-2.pyc]" time="0.0458681583404541"><system-out>ERROR while parsing [/home/travis/build/smarie/python-parsyfiles/parsyfiles/tests/parsing_capabilities_by_type/primitives_data/int/ok/pickle-int--2=-2.pyc] into a [int] using [$&lt;read_object_from_pickle&gt; =&gt; &lt;bool_to_int&gt;$]. Set log level to DEBUG for details
Rebuilding local parsing plan with next candidate parser: $&lt;read_object_from_pickle&gt; =&gt; &lt;float_to_int&gt;$
DONE Rebuilding local parsing plan for [/home/travis/build/smarie/python-parsyfiles/parsyfiles/tests/parsing_capabilities_by_type/primitives_data/int/ok/pickle-int--2=-2.pyc]. Resuming parsing...
ERROR while parsing [/home/travis/build/smarie/python-parsyfiles/parsyfiles/tests/parsing_capabilities_by_type/primitives_data/int/ok/pickle-int--2=-2.pyc] into a [int] using [$&lt;read_object_from_pickle&gt; =&gt; &lt;float_to_int&gt;$]. Set log level to DEBUG for details
Rebuilding local parsing plan with next candidate parser: $&lt;read_object_from_pickle&gt; =&gt; &lt;str_to_int&gt;$
DONE Rebuilding local parsing plan for [/home/travis/build/smarie/python-parsyfiles/parsyfiles/tests/parsing_capabilities_by_type/primitives_data/int/ok/pickle-int--2=-2.pyc]. Resuming parsing...
ERROR while parsing [/home/travis/build/smarie/python-parsyfiles/parsyfiles/tests/parsing_capabilities_by_type/primitives_data/int/ok/pickle-int--2=-2.pyc] into a [int] using [$&lt;read_object_from_pickle&gt; =&gt; &lt;str_to_int&gt;$]. Set log level to DEBUG for details
Rebuilding local parsing plan with next candidate parser: $&lt;read_object_from_pickle&gt; =&gt; &lt;float_to_bool&gt;$
DONE Rebuilding local parsing plan for [/home/travis/build/smarie/python-parsyfiles/parsyfiles/tests/parsing_capabilities_by_type/primitives_data/int/ok/pickle-int--2=-2.pyc]. Resuming parsing...
ERROR while parsing [/home/travis/build/smarie/python-parsyfiles/parsyfiles/tests/parsing_capabilities_by_type/primitives_data/int/ok/pickle-int--2=-2.pyc] into a [int] using [$&lt;read_object_from_pickle&gt; =&gt; &lt;float_to_bool&gt;$]. Set log level to DEBUG for details
Rebuilding local parsing plan with next candidate parser: $&lt;read_object_from_pickle&gt; =&gt; &lt;int_to_bool&gt;$
DONE Rebuilding local parsing plan for [/home/travis/build/smarie/python-parsyfiles/parsyfiles/tests/parsing_capabilities_by_type/primitives_data/int/ok/pickle-int--2=-2.pyc]. Resuming parsing...
ERROR while parsing [/home/travis/build/smarie/python-parsyfiles/parsyfiles/tests/parsing_capabilities_by_type/primitives_data/int/ok/pickle-int--2=-2.pyc] into a [int] using [$&lt;read_object_from_pickle&gt; =&gt; &lt;int_to_bool&gt;$]. Set log level to DEBUG for details
Rebuilding local parsing plan with next candidate parser: $&lt;read_object_from_pickle&gt; =&gt; &lt;str_to_bool&gt;$
DONE Rebuilding local parsing plan for [/home/travis/build/smarie/python-parsyfiles/parsyfiles/tests/parsing_capabilities_by_type/primitives_data/int/ok/pickle-int--2=-2.pyc]. Resuming parsing...
ERROR while parsing [/home/travis/build/smarie/python-parsyfiles/parsyfiles/tests/parsing_capabilities_by_type/primitives_data/int/ok/pickle-int--2=-2.pyc] into a [int] using [$&lt;read_object_from_pickle&gt; =&gt; &lt;str_to_bool&gt;$]. Set log level to DEBUG for details
Rebuilding local parsing plan with next candidate parser: &lt;read_object_from_pickle&gt;
DONE Rebuilding local parsing plan for [/home/travis/build/smarie/python-parsyfiles/parsyfiles/tests/parsing_capabilities_by_type/primitives_data/int/ok/pickle-int--2=-2.pyc]. Resuming parsing...
SUCCESS parsed [/home/travis/build/smarie/python-parsyfiles/parsyfiles/tests/parsing_capabilities_by_type/primitives_data/int/ok/pickle-int--2=-2.pyc] as a [int] successfully. Parser used was [&lt;read_object_from_pickle&gt;]
-2==-2
</system-out></testcase><testcase classname="parsyfiles.tests.parsing_capabilities_by_type.test_parse_primitives" file="parsyfiles/tests/parsing_capabilities_by_type/test_parse_primitives.py" line="179" name="test_parse_by_type[int-ok-b64pickle-bool-True=1.txt]" time="0.04089188575744629"><system-out>ERROR while parsing [/home/travis/build/smarie/python-parsyfiles/parsyfiles/tests/parsing_capabilities_by_type/primitives_data/int/ok/b64pickle-bool-True=1.txt] into a [int] using [$&lt;read_str_from_txt&gt; =&gt; &lt;str_to_int&gt;$]. Set log level to DEBUG for details
Rebuilding local parsing plan with next candidate parser: $&lt;read_str_from_txt&gt; =&gt; &lt;base64_ascii_str_pickle_to_object&gt; -&gt; &lt;bool_to_int&gt;$
DONE Rebuilding local parsing plan for [/home/travis/build/smarie/python-parsyfiles/parsyfiles/tests/parsing_capabilities_by_type/primitives_data/int/ok/b64pickle-bool-True=1.txt]. Resuming parsing...
SUCCESS parsed [/home/travis/build/smarie/python-parsyfiles/parsyfiles/tests/parsing_capabilities_by_type/primitives_data/int/ok/b64pickle-bool-True=1.txt] as a [int] successfully. Parser used was [$&lt;read_str_from_txt&gt; =&gt; &lt;base64_ascii_str_pickle_to_object&gt; -&gt; &lt;bool_to_int&gt;$]
1==1
</system-out></testcase><testcase classname="parsyfiles.tests.parsing_capabilities_by_type.test_parse_primitives" file="parsyfiles/tests/parsing_capabilities_by_type/test_parse_primitives.py" line="179" name="test_parse_by_type[int-ok-pickle-int-0=0.pyc]" time="0.049920082092285156"><system-out>ERROR while parsing [/home/travis/build/smarie/python-parsyfiles/parsyfiles/tests/parsing_capabilities_by_type/primitives_data/int/ok/pickle-int-0=0.pyc] into a [int] using [$&lt;read_object_from_pickle&gt; =&gt; &lt;bool_to_int&gt;$]. Set log level to DEBUG for details
Rebuilding local parsing plan with next candidate parser: $&lt;read_object_from_pickle&gt; =&gt; &lt;float_to_int&gt;$
DONE Rebuilding local parsing plan for [/home/travis/build/smarie/python-parsyfiles/parsyfiles/tests/parsing_capabilities_by_type/primitives_data/int/ok/pickle-int-0=0.pyc]. Resuming parsing...
ERROR while parsing [/home/travis/build/smarie/python-parsyfiles/parsyfiles/tests/parsing_capabilities_by_type/primitives_data/int/ok/pickle-int-0=0.pyc] into a [int] using [$&lt;read_object_from_pickle&gt; =&gt; &lt;float_to_int&gt;$]. Set log level to DEBUG for details
Rebuilding local parsing plan with next candidate parser: $&lt;read_object_from_pickle&gt; =&gt; &lt;str_to_int&gt;$
DONE Rebuilding local parsing plan for [/home/travis/build/smarie/python-parsyfiles/parsyfiles/tests/parsing_capabilities_by_type/primitives_data/int/ok/pickle-int-0=0.pyc]. Resuming parsing...
ERROR while parsing [/home/travis/build/smarie/python-parsyfiles/parsyfiles/tests/parsing_capabilities_by_type/primitives_data/int/ok/pickle-int-0=0.pyc] into a [int] using [$&lt;read_object_from_pickle&gt; =&gt; &lt;str_to_int&gt;$]. Set log level to DEBUG for details
Rebuilding local parsing plan with next candidate parser: $&lt;read_object_from_pickle&gt; =&gt; &lt;float_to_bool&gt;$
DONE Rebuilding local parsing plan for [/home/travis/build/smarie/python-parsyfiles/parsyfiles/tests/parsing_capabilities_by_type/primitives_data/int/ok/pickle-int-0=0.pyc]. Resuming parsing...
ERROR while parsing [/home/travis/build/smarie/python-parsyfiles/parsyfiles/tests/parsing_capabilities_by_type/primitives_data/int/ok/pickle-int-0=0.pyc] into a [int] using [$&lt;read_object_from_pickle&gt; =&gt; &lt;float_to_bool&gt;$]. Set log level to DEBUG for details
Rebuilding local parsing plan with next candidate parser: $&lt;read_object_from_pickle&gt; =&gt; &lt;int_to_bool&gt;$
DONE Rebuilding local parsing plan for [/home/travis/build/smarie/python-parsyfiles/parsyfiles/tests/parsing_capabilities_by_type/primitives_data/int/ok/pickle-int-0=0.pyc]. Resuming parsing...
SUCCESS parsed [/home/travis/build/smarie/python-parsyfiles/parsyfiles/tests/parsing_capabilities_by_type/primitives_data/int/ok/pickle-int-0=0.pyc] as a [int] successfully. Parser used was [$&lt;read_object_from_pickle&gt; =&gt; &lt;int_to_bool&gt;$]
False==0
</system-out></testcase><testcase classname="parsyfiles.tests.parsing_capabilities_by_type.test_parse_primitives" file="parsyfiles/tests/parsing_capabilities_by_type/test_parse_primitives.py" line="179" name="test_parse_by_type[int-ok-txt-bool-False=0.txt]" time="0.05109405517578125"><system-out>SUCCESS parsed [/home/travis/build/smarie/python-parsyfiles/parsyfiles/tests/parsing_capabilities_by_type/primitives_data/int/ok/txt-bool-False=0.txt] as a [int] successfully. Parser used was [$&lt;read_str_from_txt&gt; =&gt; &lt;str_to_int&gt;$]
0==0
</system-out></testcase><testcase classname="parsyfiles.tests.parsing_capabilities_by_type.test_parse_primitives" file="parsyfiles/tests/parsing_capabilities_by_type/test_parse_primitives.py" line="179" name="test_parse_by_type[int-ok-txt-int-5=5.txt]" time="0.0440371036529541"><system-out>SUCCESS parsed [/home/travis/build/smarie/python-parsyfiles/parsyfiles/tests/parsing_capabilities_by_type/primitives_data/int/ok/txt-int-5=5.txt] as a [int] successfully. Parser used was [$&lt;read_str_from_txt&gt; =&gt; &lt;str_to_int&gt;$]
5==5
</system-out></testcase><testcase classname="parsyfiles.tests.parsing_capabilities_by_type.test_parse_primitives" file="parsyfiles/tests/parsing_capabilities_by_type/test_parse_primitives.py" line="179" name="test_parse_by_type[int-ok-b64pickle-int-5=5.txt]" time="0.0477747917175293"><system-out>ERROR while parsing [/home/travis/build/smarie/python-parsyfiles/parsyfiles/tests/parsing_capabilities_by_type/primitives_data/int/ok/b64pickle-int-5=5.txt] into a [int] using [$&lt;read_str_from_txt&gt; =&gt; &lt;str_to_int&gt;$]. Set log level to DEBUG for details
Rebuilding local parsing plan with next candidate parser: $&lt;read_str_from_txt&gt; =&gt; &lt;base64_ascii_str_pickle_to_object&gt; -&gt; &lt;bool_to_int&gt;$
DONE Rebuilding local parsing plan for [/home/travis/build/smarie/python-parsyfiles/parsyfiles/tests/parsing_capabilities_by_type/primitives_data/int/ok/b64pickle-int-5=5.txt]. Resuming parsing...
ERROR while parsing [/home/travis/build/smarie/python-parsyfiles/parsyfiles/tests/parsing_capabilities_by_type/primitives_data/int/ok/b64pickle-int-5=5.txt] into a [int] using [$&lt;read_str_from_txt&gt; =&gt; &lt;base64_ascii_str_pickle_to_object&gt; -&gt; &lt;bool_to_int&gt;$]. Set log level to DEBUG for details
Rebuilding local parsing plan with next candidate parser: $&lt;read_str_from_txt&gt; =&gt; &lt;base64_ascii_str_pickle_to_object&gt; -&gt; &lt;float_to_int&gt;$
DONE Rebuilding local parsing plan for [/home/travis/build/smarie/python-parsyfiles/parsyfiles/tests/parsing_capabilities_by_type/primitives_data/int/ok/b64pickle-int-5=5.txt]. Resuming parsing...
ERROR while parsing [/home/travis/build/smarie/python-parsyfiles/parsyfiles/tests/parsing_capabilities_by_type/primitives_data/int/ok/b64pickle-int-5=5.txt] into a [int] using [$&lt;read_str_from_txt&gt; =&gt; &lt;base64_ascii_str_pickle_to_object&gt; -&gt; &lt;float_to_int&gt;$]. Set log level to DEBUG for details
Rebuilding local parsing plan with next candidate parser: $&lt;read_str_from_txt&gt; =&gt; &lt;base64_ascii_str_pickle_to_object&gt; -&gt; &lt;str_to_int&gt;$
DONE Rebuilding local parsing plan for [/home/travis/build/smarie/python-parsyfiles/parsyfiles/tests/parsing_capabilities_by_type/primitives_data/int/ok/b64pickle-int-5=5.txt]. Resuming parsing...
ERROR while parsing [/home/travis/build/smarie/python-parsyfiles/parsyfiles/tests/parsing_capabilities_by_type/primitives_data/int/ok/b64pickle-int-5=5.txt] into a [int] using [$&lt;read_str_from_txt&gt; =&gt; &lt;base64_ascii_str_pickle_to_object&gt; -&gt; &lt;str_to_int&gt;$]. Set log level to DEBUG for details
Rebuilding local parsing plan with next candidate parser: $&lt;read_str_from_txt&gt; =&gt; &lt;str_to_bool&gt;$
DONE Rebuilding local parsing plan for [/home/travis/build/smarie/python-parsyfiles/parsyfiles/tests/parsing_capabilities_by_type/primitives_data/int/ok/b64pickle-int-5=5.txt]. Resuming parsing...
ERROR while parsing [/home/travis/build/smarie/python-parsyfiles/parsyfiles/tests/parsing_capabilities_by_type/primitives_data/int/ok/b64pickle-int-5=5.txt] into a [int] using [$&lt;read_str_from_txt&gt; =&gt; &lt;str_to_bool&gt;$]. Set log level to DEBUG for details
Rebuilding local parsing plan with next candidate parser: $&lt;read_str_from_txt&gt; =&gt; &lt;base64_ascii_str_pickle_to_object&gt; -&gt; &lt;float_to_bool&gt;$
DONE Rebuilding local parsing plan for [/home/travis/build/smarie/python-parsyfiles/parsyfiles/tests/parsing_capabilities_by_type/primitives_data/int/ok/b64pickle-int-5=5.txt]. Resuming parsing...
ERROR while parsing [/home/travis/build/smarie/python-parsyfiles/parsyfiles/tests/parsing_capabilities_by_type/primitives_data/int/ok/b64pickle-int-5=5.txt] into a [int] using [$&lt;read_str_from_txt&gt; =&gt; &lt;base64_ascii_str_pickle_to_object&gt; -&gt; &lt;float_to_bool&gt;$]. Set log level to DEBUG for details
Rebuilding local parsing plan with next candidate parser: $&lt;read_str_from_txt&gt; =&gt; &lt;base64_ascii_str_pickle_to_object&gt; -&gt; &lt;int_to_bool&gt;$
DONE Rebuilding local parsing plan for [/home/travis/build/smarie/python-parsyfiles/parsyfiles/tests/parsing_capabilities_by_type/primitives_data/int/ok/b64pickle-int-5=5.txt]. Resuming parsing...
ERROR while parsing [/home/travis/build/smarie/python-parsyfiles/parsyfiles/tests/parsing_capabilities_by_type/primitives_data/int/ok/b64pickle-int-5=5.txt] into a [int] using [$&lt;read_str_from_txt&gt; =&gt; &lt;base64_ascii_str_pickle_to_object&gt; -&gt; &lt;int_to_bool&gt;$]. Set log level to DEBUG for details
Rebuilding local parsing plan with next candidate parser: $&lt;read_str_from_txt&gt; =&gt; &lt;base64_ascii_str_pickle_to_object&gt; -&gt; &lt;str_to_bool&gt;$
DONE Rebuilding local parsing plan for [/home/travis/build/smarie/python-parsyfiles/parsyfiles/tests/parsing_capabilities_by_type/primitives_data/int/ok/b64pickle-int-5=5.txt]. Resuming parsing...
ERROR while parsing [/home/travis/build/smarie/python-parsyfiles/parsyfiles/tests/parsing_capabilities_by_type/primitives_data/int/ok/b64pickle-int-5=5.txt] into a [int] using [$&lt;read_str_from_txt&gt; =&gt; &lt;base64_ascii_str_pickle_to_object&gt; -&gt; &lt;str_to_bool&gt;$]. Set log level to DEBUG for details
Rebuilding local parsing plan with next candidate parser: $&lt;read_str_from_txt&gt; =&gt; &lt;base64_ascii_str_pickle_to_object&gt;$
DONE Rebuilding local parsing plan for [/home/travis/build/smarie/python-parsyfiles/parsyfiles/tests/parsing_capabilities_by_type/primitives_data/int/ok/b64pickle-int-5=5.txt]. Resuming parsing...
SUCCESS parsed [/home/travis/build/smarie/python-parsyfiles/parsyfiles/tests/parsing_capabilities_by_type/primitives_data/int/ok/b64pickle-int-5=5.txt] as a [int] successfully. Parser used was [$&lt;read_str_from_txt&gt; =&gt; &lt;base64_ascii_str_pickle_to_object&gt;$]
5==5
</system-out></testcase><testcase classname="parsyfiles.tests.parsing_capabilities_by_type.test_parse_primitives" file="parsyfiles/tests/parsing_capabilities_by_type/test_parse_primitives.py" line="179" name="test_parse_by_type[int-ok-txt-bool-True=1.txt]" time="0.04190397262573242"><system-out>SUCCESS parsed [/home/travis/build/smarie/python-parsyfiles/parsyfiles/tests/parsing_capabilities_by_type/primitives_data/int/ok/txt-bool-True=1.txt] as a [int] successfully. Parser used was [$&lt;read_str_from_txt&gt; =&gt; &lt;str_to_int&gt;$]
1==1
</system-out></testcase><testcase classname="parsyfiles.tests.parsing_capabilities_by_type.test_parse_primitives" file="parsyfiles/tests/parsing_capabilities_by_type/test_parse_primitives.py" line="179" name="test_parse_by_type[int-ok-txt-float--5.0=-5.txt]" time="0.04691815376281738"><system-out>SUCCESS parsed [/home/travis/build/smarie/python-parsyfiles/parsyfiles/tests/parsing_capabilities_by_type/primitives_data/int/ok/txt-float--5.0=-5.txt] as a [int] successfully. Parser used was [$&lt;read_str_from_txt&gt; =&gt; &lt;str_to_int&gt;$]
-5==-5
</system-out></testcase><testcase classname="parsyfiles.tests.parsing_capabilities_by_type.test_parse_primitives" file="parsyfiles/tests/parsing_capabilities_by_type/test_parse_primitives.py" line="179" name="test_parse_by_type[int-ok-txt-int-0=0.txt]" time="0.041181325912475586"><system-out>SUCCESS parsed [/home/travis/build/smarie/python-parsyfiles/parsyfiles/tests/parsing_capabilities_by_type/primitives_data/int/ok/txt-int-0=0.txt] as a [int] successfully. Parser used was [$&lt;read_str_from_txt&gt; =&gt; &lt;str_to_int&gt;$]
0==0
</system-out></testcase><testcase classname="parsyfiles.tests.parsing_capabilities_by_type.test_parse_primitives" file="parsyfiles/tests/parsing_capabilities_by_type/test_parse_primitives.py" line="179" name="test_parse_by_type[int-ok-pickle-int-5=5.pyc]" time="0.05189085006713867"><system-out>ERROR while parsing [/home/travis/build/smarie/python-parsyfiles/parsyfiles/tests/parsing_capabilities_by_type/primitives_data/int/ok/pickle-int-5=5.pyc] into a [int] using [$&lt;read_object_from_pickle&gt; =&gt; &lt;bool_to_int&gt;$]. Set log level to DEBUG for details
Rebuilding local parsing plan with next candidate parser: $&lt;read_object_from_pickle&gt; =&gt; &lt;float_to_int&gt;$
DONE Rebuilding local parsing plan for [/home/travis/build/smarie/python-parsyfiles/parsyfiles/tests/parsing_capabilities_by_type/primitives_data/int/ok/pickle-int-5=5.pyc]. Resuming parsing...
ERROR while parsing [/home/travis/build/smarie/python-parsyfiles/parsyfiles/tests/parsing_capabilities_by_type/primitives_data/int/ok/pickle-int-5=5.pyc] into a [int] using [$&lt;read_object_from_pickle&gt; =&gt; &lt;float_to_int&gt;$]. Set log level to DEBUG for details
Rebuilding local parsing plan with next candidate parser: $&lt;read_object_from_pickle&gt; =&gt; &lt;str_to_int&gt;$
DONE Rebuilding local parsing plan for [/home/travis/build/smarie/python-parsyfiles/parsyfiles/tests/parsing_capabilities_by_type/primitives_data/int/ok/pickle-int-5=5.pyc]. Resuming parsing...
ERROR while parsing [/home/travis/build/smarie/python-parsyfiles/parsyfiles/tests/parsing_capabilities_by_type/primitives_data/int/ok/pickle-int-5=5.pyc] into a [int] using [$&lt;read_object_from_pickle&gt; =&gt; &lt;str_to_int&gt;$]. Set log level to DEBUG for details
Rebuilding local parsing plan with next candidate parser: $&lt;read_object_from_pickle&gt; =&gt; &lt;float_to_bool&gt;$
DONE Rebuilding local parsing plan for [/home/travis/build/smarie/python-parsyfiles/parsyfiles/tests/parsing_capabilities_by_type/primitives_data/int/ok/pickle-int-5=5.pyc]. Resuming parsing...
ERROR while parsing [/home/travis/build/smarie/python-parsyfiles/parsyfiles/tests/parsing_capabilities_by_type/primitives_data/int/ok/pickle-int-5=5.pyc] into a [int] using [$&lt;read_object_from_pickle&gt; =&gt; &lt;float_to_bool&gt;$]. Set log level to DEBUG for details
Rebuilding local parsing plan with next candidate parser: $&lt;read_object_from_pickle&gt; =&gt; &lt;int_to_bool&gt;$
DONE Rebuilding local parsing plan for [/home/travis/build/smarie/python-parsyfiles/parsyfiles/tests/parsing_capabilities_by_type/primitives_data/int/ok/pickle-int-5=5.pyc]. Resuming parsing...
ERROR while parsing [/home/travis/build/smarie/python-parsyfiles/parsyfiles/tests/parsing_capabilities_by_type/primitives_data/int/ok/pickle-int-5=5.pyc] into a [int] using [$&lt;read_object_from_pickle&gt; =&gt; &lt;int_to_bool&gt;$]. Set log level to DEBUG for details
Rebuilding local parsing plan with next candidate parser: $&lt;read_object_from_pickle&gt; =&gt; &lt;str_to_bool&gt;$
DONE Rebuilding local parsing plan for [/home/travis/build/smarie/python-parsyfiles/parsyfiles/tests/parsing_capabilities_by_type/primitives_data/int/ok/pickle-int-5=5.pyc]. Resuming parsing...
ERROR while parsing [/home/travis/build/smarie/python-parsyfiles/parsyfiles/tests/parsing_capabilities_by_type/primitives_data/int/ok/pickle-int-5=5.pyc] into a [int] using [$&lt;read_object_from_pickle&gt; =&gt; &lt;str_to_bool&gt;$]. Set log level to DEBUG for details
Rebuilding local parsing plan with next candidate parser: &lt;read_object_from_pickle&gt;
DONE Rebuilding local parsing plan for [/home/travis/build/smarie/python-parsyfiles/parsyfiles/tests/parsing_capabilities_by_type/primitives_data/int/ok/pickle-int-5=5.pyc]. Resuming parsing...
SUCCESS parsed [/home/travis/build/smarie/python-parsyfiles/parsyfiles/tests/parsing_capabilities_by_type/primitives_data/int/ok/pickle-int-5=5.pyc] as a [int] successfully. Parser used was [&lt;read_object_from_pickle&gt;]
5==5
</system-out></testcase><testcase classname="parsyfiles.tests.parsing_capabilities_by_type.test_parse_primitives" file="parsyfiles/tests/parsing_capabilities_by_type/test_parse_primitives.py" line="179" name="test_parse_by_type[int-ok-txt-float-0.0=0.txt]" time="0.04693889617919922"><system-out>SUCCESS parsed [/home/travis/build/smarie/python-parsyfiles/parsyfiles/tests/parsing_capabilities_by_type/primitives_data/int/ok/txt-float-0.0=0.txt] as a [int] successfully. Parser used was [$&lt;read_str_from_txt&gt; =&gt; &lt;str_to_int&gt;$]
0==0
</system-out></testcase><testcase classname="parsyfiles.tests.parsing_capabilities_by_type.test_parse_primitives" file="parsyfiles/tests/parsing_capabilities_by_type/test_parse_primitives.py" line="179" name="test_parse_by_type[int-ok-pickle-float-0.0=0.pyc]" time="0.04642677307128906"><system-out>ERROR while parsing [/home/travis/build/smarie/python-parsyfiles/parsyfiles/tests/parsing_capabilities_by_type/primitives_data/int/ok/pickle-float-0.0=0.pyc] into a [int] using [$&lt;read_object_from_pickle&gt; =&gt; &lt;bool_to_int&gt;$]. Set log level to DEBUG for details
Rebuilding local parsing plan with next candidate parser: $&lt;read_object_from_pickle&gt; =&gt; &lt;float_to_int&gt;$
DONE Rebuilding local parsing plan for [/home/travis/build/smarie/python-parsyfiles/parsyfiles/tests/parsing_capabilities_by_type/primitives_data/int/ok/pickle-float-0.0=0.pyc]. Resuming parsing...
SUCCESS parsed [/home/travis/build/smarie/python-parsyfiles/parsyfiles/tests/parsing_capabilities_by_type/primitives_data/int/ok/pickle-float-0.0=0.pyc] as a [int] successfully. Parser used was [$&lt;read_object_from_pickle&gt; =&gt; &lt;float_to_int&gt;$]
0==0
</system-out></testcase><testcase classname="parsyfiles.tests.parsing_capabilities_by_type.test_parse_primitives" file="parsyfiles/tests/parsing_capabilities_by_type/test_parse_primitives.py" line="179" name="test_parse_by_type[int-err-pickle-str-.pyc]" time="0.06013011932373047"><system-out>ERROR while parsing [/home/travis/build/smarie/python-parsyfiles/parsyfiles/tests/parsing_capabilities_by_type/primitives_data/int/err/pickle-str-.pyc] into a [int] using [$&lt;read_object_from_pickle&gt; =&gt; &lt;bool_to_int&gt;$]. Set log level to DEBUG for details
Rebuilding local parsing plan with next candidate parser: $&lt;read_object_from_pickle&gt; =&gt; &lt;float_to_int&gt;$
DONE Rebuilding local parsing plan for [/home/travis/build/smarie/python-parsyfiles/parsyfiles/tests/parsing_capabilities_by_type/primitives_data/int/err/pickle-str-.pyc]. Resuming parsing...
ERROR while parsing [/home/travis/build/smarie/python-parsyfiles/parsyfiles/tests/parsing_capabilities_by_type/primitives_data/int/err/pickle-str-.pyc] into a [int] using [$&lt;read_object_from_pickle&gt; =&gt; &lt;float_to_int&gt;$]. Set log level to DEBUG for details
Rebuilding local parsing plan with next candidate parser: $&lt;read_object_from_pickle&gt; =&gt; &lt;str_to_int&gt;$
DONE Rebuilding local parsing plan for [/home/travis/build/smarie/python-parsyfiles/parsyfiles/tests/parsing_capabilities_by_type/primitives_data/int/err/pickle-str-.pyc]. Resuming parsing...
ERROR while parsing [/home/travis/build/smarie/python-parsyfiles/parsyfiles/tests/parsing_capabilities_by_type/primitives_data/int/err/pickle-str-.pyc] into a [int] using [$&lt;read_object_from_pickle&gt; =&gt; &lt;str_to_int&gt;$]. Set log level to DEBUG for details
Rebuilding local parsing plan with next candidate parser: $&lt;read_object_from_pickle&gt; =&gt; &lt;float_to_bool&gt;$
DONE Rebuilding local parsing plan for [/home/travis/build/smarie/python-parsyfiles/parsyfiles/tests/parsing_capabilities_by_type/primitives_data/int/err/pickle-str-.pyc]. Resuming parsing...
ERROR while parsing [/home/travis/build/smarie/python-parsyfiles/parsyfiles/tests/parsing_capabilities_by_type/primitives_data/int/err/pickle-str-.pyc] into a [int] using [$&lt;read_object_from_pickle&gt; =&gt; &lt;float_to_bool&gt;$]. Set log level to DEBUG for details
Rebuilding local parsing plan with next candidate parser: $&lt;read_object_from_pickle&gt; =&gt; &lt;int_to_bool&gt;$
DONE Rebuilding local parsing plan for [/home/travis/build/smarie/python-parsyfiles/parsyfiles/tests/parsing_capabilities_by_type/primitives_data/int/err/pickle-str-.pyc]. Resuming parsing...
ERROR while parsing [/home/travis/build/smarie/python-parsyfiles/parsyfiles/tests/parsing_capabilities_by_type/primitives_data/int/err/pickle-str-.pyc] into a [int] using [$&lt;read_object_from_pickle&gt; =&gt; &lt;int_to_bool&gt;$]. Set log level to DEBUG for details
Rebuilding local parsing plan with next candidate parser: $&lt;read_object_from_pickle&gt; =&gt; &lt;str_to_bool&gt;$
DONE Rebuilding local parsing plan for [/home/travis/build/smarie/python-parsyfiles/parsyfiles/tests/parsing_capabilities_by_type/primitives_data/int/err/pickle-str-.pyc]. Resuming parsing...
ERROR while parsing [/home/travis/build/smarie/python-parsyfiles/parsyfiles/tests/parsing_capabilities_by_type/primitives_data/int/err/pickle-str-.pyc] into a [int] using [$&lt;read_object_from_pickle&gt; =&gt; &lt;str_to_bool&gt;$]. Set log level to DEBUG for details
Rebuilding local parsing plan with next candidate parser: &lt;read_object_from_pickle&gt;
DONE Rebuilding local parsing plan for [/home/travis/build/smarie/python-parsyfiles/parsyfiles/tests/parsing_capabilities_by_type/primitives_data/int/err/pickle-str-.pyc]. Resuming parsing...
ERROR while parsing [/home/travis/build/smarie/python-parsyfiles/parsyfiles/tests/parsing_capabilities_by_type/primitives_data/int/err/pickle-str-.pyc] into a [int] using [&lt;read_object_from_pickle&gt;]. Set log level to DEBUG for details
</system-out></testcase><testcase classname="parsyfiles.tests.parsing_capabilities_by_type.test_parse_primitives" file="parsyfiles/tests/parsing_capabilities_by_type/test_parse_primitives.py" line="179" name="test_parse_by_type[int-err-pickle-str-truth.pyc]" time="0.04992175102233887"><system-out>ERROR while parsing [/home/travis/build/smarie/python-parsyfiles/parsyfiles/tests/parsing_capabilities_by_type/primitives_data/int/err/pickle-str-truth.pyc] into a [int] using [$&lt;read_object_from_pickle&gt; =&gt; &lt;bool_to_int&gt;$]. Set log level to DEBUG for details
Rebuilding local parsing plan with next candidate parser: $&lt;read_object_from_pickle&gt; =&gt; &lt;float_to_int&gt;$
DONE Rebuilding local parsing plan for [/home/travis/build/smarie/python-parsyfiles/parsyfiles/tests/parsing_capabilities_by_type/primitives_data/int/err/pickle-str-truth.pyc]. Resuming parsing...
ERROR while parsing [/home/travis/build/smarie/python-parsyfiles/parsyfiles/tests/parsing_capabilities_by_type/primitives_data/int/err/pickle-str-truth.pyc] into a [int] using [$&lt;read_object_from_pickle&gt; =&gt; &lt;float_to_int&gt;$]. Set log level to DEBUG for details
Rebuilding local parsing plan with next candidate parser: $&lt;read_object_from_pickle&gt; =&gt; &lt;str_to_int&gt;$
DONE Rebuilding local parsing plan for [/home/travis/build/smarie/python-parsyfiles/parsyfiles/tests/parsing_capabilities_by_type/primitives_data/int/err/pickle-str-truth.pyc]. Resuming parsing...
ERROR while parsing [/home/travis/build/smarie/python-parsyfiles/parsyfiles/tests/parsing_capabilities_by_type/primitives_data/int/err/pickle-str-truth.pyc] into a [int] using [$&lt;read_object_from_pickle&gt; =&gt; &lt;str_to_int&gt;$]. Set log level to DEBUG for details
Rebuilding local parsing plan with next candidate parser: $&lt;read_object_from_pickle&gt; =&gt; &lt;float_to_bool&gt;$
DONE Rebuilding local parsing plan for [/home/travis/build/smarie/python-parsyfiles/parsyfiles/tests/parsing_capabilities_by_type/primitives_data/int/err/pickle-str-truth.pyc]. Resuming parsing...
ERROR while parsing [/home/travis/build/smarie/python-parsyfiles/parsyfiles/tests/parsing_capabilities_by_type/primitives_data/int/err/pickle-str-truth.pyc] into a [int] using [$&lt;read_object_from_pickle&gt; =&gt; &lt;float_to_bool&gt;$]. Set log level to DEBUG for details
Rebuilding local parsing plan with next candidate parser: $&lt;read_object_from_pickle&gt; =&gt; &lt;int_to_bool&gt;$
DONE Rebuilding local parsing plan for [/home/travis/build/smarie/python-parsyfiles/parsyfiles/tests/parsing_capabilities_by_type/primitives_data/int/err/pickle-str-truth.pyc]. Resuming parsing...
ERROR while parsing [/home/travis/build/smarie/python-parsyfiles/parsyfiles/tests/parsing_capabilities_by_type/primitives_data/int/err/pickle-str-truth.pyc] into a [int] using [$&lt;read_object_from_pickle&gt; =&gt; &lt;int_to_bool&gt;$]. Set log level to DEBUG for details
Rebuilding local parsing plan with next candidate parser: $&lt;read_object_from_pickle&gt; =&gt; &lt;str_to_bool&gt;$
DONE Rebuilding local parsing plan for [/home/travis/build/smarie/python-parsyfiles/parsyfiles/tests/parsing_capabilities_by_type/primitives_data/int/err/pickle-str-truth.pyc]. Resuming parsing...
ERROR while parsing [/home/travis/build/smarie/python-parsyfiles/parsyfiles/tests/parsing_capabilities_by_type/primitives_data/int/err/pickle-str-truth.pyc] into a [int] using [$&lt;read_object_from_pickle&gt; =&gt; &lt;str_to_bool&gt;$]. Set log level to DEBUG for details
Rebuilding local parsing plan with next candidate parser: &lt;read_object_from_pickle&gt;
DONE Rebuilding local parsing plan for [/home/travis/build/smarie/python-parsyfiles/parsyfiles/tests/parsing_capabilities_by_type/primitives_data/int/err/pickle-str-truth.pyc]. Resuming parsing...
ERROR while parsing [/home/travis/build/smarie/python-parsyfiles/parsyfiles/tests/parsing_capabilities_by_type/primitives_data/int/err/pickle-str-truth.pyc] into a [int] using [&lt;read_object_from_pickle&gt;]. Set log level to DEBUG for details
</system-out></testcase><testcase classname="parsyfiles.tests.parsing_capabilities_by_type.test_parse_primitives" file="parsyfiles/tests/parsing_capabilities_by_type/test_parse_primitives.py" line="179" name="test_parse_by_type[int-err-txt-str-.txt]" time="0.053846120834350586"><system-out>ERROR while parsing [/home/travis/build/smarie/python-parsyfiles/parsyfiles/tests/parsing_capabilities_by_type/primitives_data/int/err/txt-str-.txt] into a [int] using [$&lt;read_str_from_txt&gt; =&gt; &lt;str_to_int&gt;$]. Set log level to DEBUG for details
Rebuilding local parsing plan with next candidate parser: $&lt;read_str_from_txt&gt; =&gt; &lt;base64_ascii_str_pickle_to_object&gt; -&gt; &lt;bool_to_int&gt;$
DONE Rebuilding local parsing plan for [/home/travis/build/smarie/python-parsyfiles/parsyfiles/tests/parsing_capabilities_by_type/primitives_data/int/err/txt-str-.txt]. Resuming parsing...
ERROR while parsing [/home/travis/build/smarie/python-parsyfiles/parsyfiles/tests/parsing_capabilities_by_type/primitives_data/int/err/txt-str-.txt] into a [int] using [$&lt;read_str_from_txt&gt; =&gt; &lt;base64_ascii_str_pickle_to_object&gt; -&gt; &lt;bool_to_int&gt;$]. Set log level to DEBUG for details
Rebuilding local parsing plan with next candidate parser: $&lt;read_str_from_txt&gt; =&gt; &lt;base64_ascii_str_pickle_to_object&gt; -&gt; &lt;float_to_int&gt;$
DONE Rebuilding local parsing plan for [/home/travis/build/smarie/python-parsyfiles/parsyfiles/tests/parsing_capabilities_by_type/primitives_data/int/err/txt-str-.txt]. Resuming parsing...
ERROR while parsing [/home/travis/build/smarie/python-parsyfiles/parsyfiles/tests/parsing_capabilities_by_type/primitives_data/int/err/txt-str-.txt] into a [int] using [$&lt;read_str_from_txt&gt; =&gt; &lt;base64_ascii_str_pickle_to_object&gt; -&gt; &lt;float_to_int&gt;$]. Set log level to DEBUG for details
Rebuilding local parsing plan with next candidate parser: $&lt;read_str_from_txt&gt; =&gt; &lt;base64_ascii_str_pickle_to_object&gt; -&gt; &lt;str_to_int&gt;$
DONE Rebuilding local parsing plan for [/home/travis/build/smarie/python-parsyfiles/parsyfiles/tests/parsing_capabilities_by_type/primitives_data/int/err/txt-str-.txt]. Resuming parsing...
ERROR while parsing [/home/travis/build/smarie/python-parsyfiles/parsyfiles/tests/parsing_capabilities_by_type/primitives_data/int/err/txt-str-.txt] into a [int] using [$&lt;read_str_from_txt&gt; =&gt; &lt;base64_ascii_str_pickle_to_object&gt; -&gt; &lt;str_to_int&gt;$]. Set log level to DEBUG for details
Rebuilding local parsing plan with next candidate parser: $&lt;read_str_from_txt&gt; =&gt; &lt;str_to_bool&gt;$
DONE Rebuilding local parsing plan for [/home/travis/build/smarie/python-parsyfiles/parsyfiles/tests/parsing_capabilities_by_type/primitives_data/int/err/txt-str-.txt]. Resuming parsing...
ERROR while parsing [/home/travis/build/smarie/python-parsyfiles/parsyfiles/tests/parsing_capabilities_by_type/primitives_data/int/err/txt-str-.txt] into a [int] using [$&lt;read_str_from_txt&gt; =&gt; &lt;str_to_bool&gt;$]. Set log level to DEBUG for details
Rebuilding local parsing plan with next candidate parser: $&lt;read_str_from_txt&gt; =&gt; &lt;base64_ascii_str_pickle_to_object&gt; -&gt; &lt;float_to_bool&gt;$
DONE Rebuilding local parsing plan for [/home/travis/build/smarie/python-parsyfiles/parsyfiles/tests/parsing_capabilities_by_type/primitives_data/int/err/txt-str-.txt]. Resuming parsing...
ERROR while parsing [/home/travis/build/smarie/python-parsyfiles/parsyfiles/tests/parsing_capabilities_by_type/primitives_data/int/err/txt-str-.txt] into a [int] using [$&lt;read_str_from_txt&gt; =&gt; &lt;base64_ascii_str_pickle_to_object&gt; -&gt; &lt;float_to_bool&gt;$]. Set log level to DEBUG for details
Rebuilding local parsing plan with next candidate parser: $&lt;read_str_from_txt&gt; =&gt; &lt;base64_ascii_str_pickle_to_object&gt; -&gt; &lt;int_to_bool&gt;$
DONE Rebuilding local parsing plan for [/home/travis/build/smarie/python-parsyfiles/parsyfiles/tests/parsing_capabilities_by_type/primitives_data/int/err/txt-str-.txt]. Resuming parsing...
ERROR while parsing [/home/travis/build/smarie/python-parsyfiles/parsyfiles/tests/parsing_capabilities_by_type/primitives_data/int/err/txt-str-.txt] into a [int] using [$&lt;read_str_from_txt&gt; =&gt; &lt;base64_ascii_str_pickle_to_object&gt; -&gt; &lt;int_to_bool&gt;$]. Set log level to DEBUG for details
Rebuilding local parsing plan with next candidate parser: $&lt;read_str_from_txt&gt; =&gt; &lt;base64_ascii_str_pickle_to_object&gt; -&gt; &lt;str_to_bool&gt;$
DONE Rebuilding local parsing plan for [/home/travis/build/smarie/python-parsyfiles/parsyfiles/tests/parsing_capabilities_by_type/primitives_data/int/err/txt-str-.txt]. Resuming parsing...
ERROR while parsing [/home/travis/build/smarie/python-parsyfiles/parsyfiles/tests/parsing_capabilities_by_type/primitives_data/int/err/txt-str-.txt] into a [int] using [$&lt;read_str_from_txt&gt; =&gt; &lt;base64_ascii_str_pickle_to_object&gt; -&gt; &lt;str_to_bool&gt;$]. Set log level to DEBUG for details
Rebuilding local parsing plan with next candidate parser: $&lt;read_str_from_txt&gt; =&gt; &lt;base64_ascii_str_pickle_to_object&gt;$
DONE Rebuilding local parsing plan for [/home/travis/build/smarie/python-parsyfiles/parsyfiles/tests/parsing_capabilities_by_type/primitives_data/int/err/txt-str-.txt]. Resuming parsing...
ERROR while parsing [/home/travis/build/smarie/python-parsyfiles/parsyfiles/tests/parsing_capabilities_by_type/primitives_data/int/err/txt-str-.txt] into a [int] using [$&lt;read_str_from_txt&gt; =&gt; &lt;base64_ascii_str_pickle_to_object&gt;$]. Set log level to DEBUG for details
</system-out></testcase><testcase classname="parsyfiles.tests.parsing_capabilities_by_type.test_parse_primitives" file="parsyfiles/tests/parsing_capabilities_by_type/test_parse_primitives.py" line="179" name="test_parse_by_type[int-err-txt-float--5.5.txt]" time="0.05487871170043945"><system-out>ERROR while parsing [/home/travis/build/smarie/python-parsyfiles/parsyfiles/tests/parsing_capabilities_by_type/primitives_data/int/err/txt-float--5.5.txt] into a [int] using [$&lt;read_str_from_txt&gt; =&gt; &lt;str_to_int&gt;$]. Set log level to DEBUG for details
Rebuilding local parsing plan with next candidate parser: $&lt;read_str_from_txt&gt; =&gt; &lt;base64_ascii_str_pickle_to_object&gt; -&gt; &lt;bool_to_int&gt;$
DONE Rebuilding local parsing plan for [/home/travis/build/smarie/python-parsyfiles/parsyfiles/tests/parsing_capabilities_by_type/primitives_data/int/err/txt-float--5.5.txt]. Resuming parsing...
ERROR while parsing [/home/travis/build/smarie/python-parsyfiles/parsyfiles/tests/parsing_capabilities_by_type/primitives_data/int/err/txt-float--5.5.txt] into a [int] using [$&lt;read_str_from_txt&gt; =&gt; &lt;base64_ascii_str_pickle_to_object&gt; -&gt; &lt;bool_to_int&gt;$]. Set log level to DEBUG for details
Rebuilding local parsing plan with next candidate parser: $&lt;read_str_from_txt&gt; =&gt; &lt;base64_ascii_str_pickle_to_object&gt; -&gt; &lt;float_to_int&gt;$
DONE Rebuilding local parsing plan for [/home/travis/build/smarie/python-parsyfiles/parsyfiles/tests/parsing_capabilities_by_type/primitives_data/int/err/txt-float--5.5.txt]. Resuming parsing...
ERROR while parsing [/home/travis/build/smarie/python-parsyfiles/parsyfiles/tests/parsing_capabilities_by_type/primitives_data/int/err/txt-float--5.5.txt] into a [int] using [$&lt;read_str_from_txt&gt; =&gt; &lt;base64_ascii_str_pickle_to_object&gt; -&gt; &lt;float_to_int&gt;$]. Set log level to DEBUG for details
Rebuilding local parsing plan with next candidate parser: $&lt;read_str_from_txt&gt; =&gt; &lt;base64_ascii_str_pickle_to_object&gt; -&gt; &lt;str_to_int&gt;$
DONE Rebuilding local parsing plan for [/home/travis/build/smarie/python-parsyfiles/parsyfiles/tests/parsing_capabilities_by_type/primitives_data/int/err/txt-float--5.5.txt]. Resuming parsing...
ERROR while parsing [/home/travis/build/smarie/python-parsyfiles/parsyfiles/tests/parsing_capabilities_by_type/primitives_data/int/err/txt-float--5.5.txt] into a [int] using [$&lt;read_str_from_txt&gt; =&gt; &lt;base64_ascii_str_pickle_to_object&gt; -&gt; &lt;str_to_int&gt;$]. Set log level to DEBUG for details
Rebuilding local parsing plan with next candidate parser: $&lt;read_str_from_txt&gt; =&gt; &lt;str_to_bool&gt;$
DONE Rebuilding local parsing plan for [/home/travis/build/smarie/python-parsyfiles/parsyfiles/tests/parsing_capabilities_by_type/primitives_data/int/err/txt-float--5.5.txt]. Resuming parsing...
ERROR while parsing [/home/travis/build/smarie/python-parsyfiles/parsyfiles/tests/parsing_capabilities_by_type/primitives_data/int/err/txt-float--5.5.txt] into a [int] using [$&lt;read_str_from_txt&gt; =&gt; &lt;str_to_bool&gt;$]. Set log level to DEBUG for details
Rebuilding local parsing plan with next candidate parser: $&lt;read_str_from_txt&gt; =&gt; &lt;base64_ascii_str_pickle_to_object&gt; -&gt; &lt;float_to_bool&gt;$
DONE Rebuilding local parsing plan for [/home/travis/build/smarie/python-parsyfiles/parsyfiles/tests/parsing_capabilities_by_type/primitives_data/int/err/txt-float--5.5.txt]. Resuming parsing...
ERROR while parsing [/home/travis/build/smarie/python-parsyfiles/parsyfiles/tests/parsing_capabilities_by_type/primitives_data/int/err/txt-float--5.5.txt] into a [int] using [$&lt;read_str_from_txt&gt; =&gt; &lt;base64_ascii_str_pickle_to_object&gt; -&gt; &lt;float_to_bool&gt;$]. Set log level to DEBUG for details
Rebuilding local parsing plan with next candidate parser: $&lt;read_str_from_txt&gt; =&gt; &lt;base64_ascii_str_pickle_to_object&gt; -&gt; &lt;int_to_bool&gt;$
DONE Rebuilding local parsing plan for [/home/travis/build/smarie/python-parsyfiles/parsyfiles/tests/parsing_capabilities_by_type/primitives_data/int/err/txt-float--5.5.txt]. Resuming parsing...
ERROR while parsing [/home/travis/build/smarie/python-parsyfiles/parsyfiles/tests/parsing_capabilities_by_type/primitives_data/int/err/txt-float--5.5.txt] into a [int] using [$&lt;read_str_from_txt&gt; =&gt; &lt;base64_ascii_str_pickle_to_object&gt; -&gt; &lt;int_to_bool&gt;$]. Set log level to DEBUG for details
Rebuilding local parsing plan with next candidate parser: $&lt;read_str_from_txt&gt; =&gt; &lt;base64_ascii_str_pickle_to_object&gt; -&gt; &lt;str_to_bool&gt;$
DONE Rebuilding local parsing plan for [/home/travis/build/smarie/python-parsyfiles/parsyfiles/tests/parsing_capabilities_by_type/primitives_data/int/err/txt-float--5.5.txt]. Resuming parsing...
ERROR while parsing [/home/travis/build/smarie/python-parsyfiles/parsyfiles/tests/parsing_capabilities_by_type/primitives_data/int/err/txt-float--5.5.txt] into a [int] using [$&lt;read_str_from_txt&gt; =&gt; &lt;base64_ascii_str_pickle_to_object&gt; -&gt; &lt;str_to_bool&gt;$]. Set log level to DEBUG for details
Rebuilding local parsing plan with next candidate parser: $&lt;read_str_from_txt&gt; =&gt; &lt;base64_ascii_str_pickle_to_object&gt;$
DONE Rebuilding local parsing plan for [/home/travis/build/smarie/python-parsyfiles/parsyfiles/tests/parsing_capabilities_by_type/primitives_data/int/err/txt-float--5.5.txt]. Resuming parsing...
ERROR while parsing [/home/travis/build/smarie/python-parsyfiles/parsyfiles/tests/parsing_capabilities_by_type/primitives_data/int/err/txt-float--5.5.txt] into a [int] using [$&lt;read_str_from_txt&gt; =&gt; &lt;base64_ascii_str_pickle_to_object&gt;$]. Set log level to DEBUG for details
</system-out></testcase><testcase classname="parsyfiles.tests.parsing_capabilities_by_type.test_parse_primitives" file="parsyfiles/tests/parsing_capabilities_by_type/test_parse_primitives.py" line="179" name="test_parse_by_type[int-err-b64pickle-str-.txt]" time="0.05348515510559082"><system-out>ERROR while parsing [/home/travis/build/smarie/python-parsyfiles/parsyfiles/tests/parsing_capabilities_by_type/primitives_data/int/err/b64pickle-str-.txt] into a [int] using [$&lt;read_str_from_txt&gt; =&gt; &lt;str_to_int&gt;$]. Set log level to DEBUG for details
Rebuilding local parsing plan with next candidate parser: $&lt;read_str_from_txt&gt; =&gt; &lt;base64_ascii_str_pickle_to_object&gt; -&gt; &lt;bool_to_int&gt;$
DONE Rebuilding local parsing plan for [/home/travis/build/smarie/python-parsyfiles/parsyfiles/tests/parsing_capabilities_by_type/primitives_data/int/err/b64pickle-str-.txt]. Resuming parsing...
ERROR while parsing [/home/travis/build/smarie/python-parsyfiles/parsyfiles/tests/parsing_capabilities_by_type/primitives_data/int/err/b64pickle-str-.txt] into a [int] using [$&lt;read_str_from_txt&gt; =&gt; &lt;base64_ascii_str_pickle_to_object&gt; -&gt; &lt;bool_to_int&gt;$]. Set log level to DEBUG for details
Rebuilding local parsing plan with next candidate parser: $&lt;read_str_from_txt&gt; =&gt; &lt;base64_ascii_str_pickle_to_object&gt; -&gt; &lt;float_to_int&gt;$
DONE Rebuilding local parsing plan for [/home/travis/build/smarie/python-parsyfiles/parsyfiles/tests/parsing_capabilities_by_type/primitives_data/int/err/b64pickle-str-.txt]. Resuming parsing...
ERROR while parsing [/home/travis/build/smarie/python-parsyfiles/parsyfiles/tests/parsing_capabilities_by_type/primitives_data/int/err/b64pickle-str-.txt] into a [int] using [$&lt;read_str_from_txt&gt; =&gt; &lt;base64_ascii_str_pickle_to_object&gt; -&gt; &lt;float_to_int&gt;$]. Set log level to DEBUG for details
Rebuilding local parsing plan with next candidate parser: $&lt;read_str_from_txt&gt; =&gt; &lt;base64_ascii_str_pickle_to_object&gt; -&gt; &lt;str_to_int&gt;$
DONE Rebuilding local parsing plan for [/home/travis/build/smarie/python-parsyfiles/parsyfiles/tests/parsing_capabilities_by_type/primitives_data/int/err/b64pickle-str-.txt]. Resuming parsing...
ERROR while parsing [/home/travis/build/smarie/python-parsyfiles/parsyfiles/tests/parsing_capabilities_by_type/primitives_data/int/err/b64pickle-str-.txt] into a [int] using [$&lt;read_str_from_txt&gt; =&gt; &lt;base64_ascii_str_pickle_to_object&gt; -&gt; &lt;str_to_int&gt;$]. Set log level to DEBUG for details
Rebuilding local parsing plan with next candidate parser: $&lt;read_str_from_txt&gt; =&gt; &lt;str_to_bool&gt;$
DONE Rebuilding local parsing plan for [/home/travis/build/smarie/python-parsyfiles/parsyfiles/tests/parsing_capabilities_by_type/primitives_data/int/err/b64pickle-str-.txt]. Resuming parsing...
ERROR while parsing [/home/travis/build/smarie/python-parsyfiles/parsyfiles/tests/parsing_capabilities_by_type/primitives_data/int/err/b64pickle-str-.txt] into a [int] using [$&lt;read_str_from_txt&gt; =&gt; &lt;str_to_bool&gt;$]. Set log level to DEBUG for details
Rebuilding local parsing plan with next candidate parser: $&lt;read_str_from_txt&gt; =&gt; &lt;base64_ascii_str_pickle_to_object&gt; -&gt; &lt;float_to_bool&gt;$
DONE Rebuilding local parsing plan for [/home/travis/build/smarie/python-parsyfiles/parsyfiles/tests/parsing_capabilities_by_type/primitives_data/int/err/b64pickle-str-.txt]. Resuming parsing...
ERROR while parsing [/home/travis/build/smarie/python-parsyfiles/parsyfiles/tests/parsing_capabilities_by_type/primitives_data/int/err/b64pickle-str-.txt] into a [int] using [$&lt;read_str_from_txt&gt; =&gt; &lt;base64_ascii_str_pickle_to_object&gt; -&gt; &lt;float_to_bool&gt;$]. Set log level to DEBUG for details
Rebuilding local parsing plan with next candidate parser: $&lt;read_str_from_txt&gt; =&gt; &lt;base64_ascii_str_pickle_to_object&gt; -&gt; &lt;int_to_bool&gt;$
DONE Rebuilding local parsing plan for [/home/travis/build/smarie/python-parsyfiles/parsyfiles/tests/parsing_capabilities_by_type/primitives_data/int/err/b64pickle-str-.txt]. Resuming parsing...
ERROR while parsing [/home/travis/build/smarie/python-parsyfiles/parsyfiles/tests/parsing_capabilities_by_type/primitives_data/int/err/b64pickle-str-.txt] into a [int] using [$&lt;read_str_from_txt&gt; =&gt; &lt;base64_ascii_str_pickle_to_object&gt; -&gt; &lt;int_to_bool&gt;$]. Set log level to DEBUG for details
Rebuilding local parsing plan with next candidate parser: $&lt;read_str_from_txt&gt; =&gt; &lt;base64_ascii_str_pickle_to_object&gt; -&gt; &lt;str_to_bool&gt;$
DONE Rebuilding local parsing plan for [/home/travis/build/smarie/python-parsyfiles/parsyfiles/tests/parsing_capabilities_by_type/primitives_data/int/err/b64pickle-str-.txt]. Resuming parsing...
ERROR while parsing [/home/travis/build/smarie/python-parsyfiles/parsyfiles/tests/parsing_capabilities_by_type/primitives_data/int/err/b64pickle-str-.txt] into a [int] using [$&lt;read_str_from_txt&gt; =&gt; &lt;base64_ascii_str_pickle_to_object&gt; -&gt; &lt;str_to_bool&gt;$]. Set log level to DEBUG for details
Rebuilding local parsing plan with next candidate parser: $&lt;read_str_from_txt&gt; =&gt; &lt;base64_ascii_str_pickle_to_object&gt;$
DONE Rebuilding local parsing plan for [/home/travis/build/smarie/python-parsyfiles/parsyfiles/tests/parsing_capabilities_by_type/primitives_data/int/err/b64pickle-str-.txt]. Resuming parsing...
ERROR while parsing [/home/travis/build/smarie/python-parsyfiles/parsyfiles/tests/parsing_capabilities_by_type/primitives_data/int/err/b64pickle-str-.txt] into a [int] using [$&lt;read_str_from_txt&gt; =&gt; &lt;base64_ascii_str_pickle_to_object&gt;$]. Set log level to DEBUG for details
</system-out></testcase><testcase classname="parsyfiles.tests.parsing_capabilities_by_type.test_parse_primitives" file="parsyfiles/tests/parsing_capabilities_by_type/test_parse_primitives.py" line="179" name="test_parse_by_type[int-err-pickle-float--5.5.pyc]" time="0.04809713363647461"><system-out>ERROR while parsing [/home/travis/build/smarie/python-parsyfiles/parsyfiles/tests/parsing_capabilities_by_type/primitives_data/int/err/pickle-float--5.5.pyc] into a [int] using [$&lt;read_object_from_pickle&gt; =&gt; &lt;bool_to_int&gt;$]. Set log level to DEBUG for details
Rebuilding local parsing plan with next candidate parser: $&lt;read_object_from_pickle&gt; =&gt; &lt;float_to_int&gt;$
DONE Rebuilding local parsing plan for [/home/travis/build/smarie/python-parsyfiles/parsyfiles/tests/parsing_capabilities_by_type/primitives_data/int/err/pickle-float--5.5.pyc]. Resuming parsing...
ERROR while parsing [/home/travis/build/smarie/python-parsyfiles/parsyfiles/tests/parsing_capabilities_by_type/primitives_data/int/err/pickle-float--5.5.pyc] into a [int] using [$&lt;read_object_from_pickle&gt; =&gt; &lt;float_to_int&gt;$]. Set log level to DEBUG for details
Rebuilding local parsing plan with next candidate parser: $&lt;read_object_from_pickle&gt; =&gt; &lt;str_to_int&gt;$
DONE Rebuilding local parsing plan for [/home/travis/build/smarie/python-parsyfiles/parsyfiles/tests/parsing_capabilities_by_type/primitives_data/int/err/pickle-float--5.5.pyc]. Resuming parsing...
ERROR while parsing [/home/travis/build/smarie/python-parsyfiles/parsyfiles/tests/parsing_capabilities_by_type/primitives_data/int/err/pickle-float--5.5.pyc] into a [int] using [$&lt;read_object_from_pickle&gt; =&gt; &lt;str_to_int&gt;$]. Set log level to DEBUG for details
Rebuilding local parsing plan with next candidate parser: $&lt;read_object_from_pickle&gt; =&gt; &lt;float_to_bool&gt;$
DONE Rebuilding local parsing plan for [/home/travis/build/smarie/python-parsyfiles/parsyfiles/tests/parsing_capabilities_by_type/primitives_data/int/err/pickle-float--5.5.pyc]. Resuming parsing...
ERROR while parsing [/home/travis/build/smarie/python-parsyfiles/parsyfiles/tests/parsing_capabilities_by_type/primitives_data/int/err/pickle-float--5.5.pyc] into a [int] using [$&lt;read_object_from_pickle&gt; =&gt; &lt;float_to_bool&gt;$]. Set log level to DEBUG for details
Rebuilding local parsing plan with next candidate parser: $&lt;read_object_from_pickle&gt; =&gt; &lt;int_to_bool&gt;$
DONE Rebuilding local parsing plan for [/home/travis/build/smarie/python-parsyfiles/parsyfiles/tests/parsing_capabilities_by_type/primitives_data/int/err/pickle-float--5.5.pyc]. Resuming parsing...
ERROR while parsing [/home/travis/build/smarie/python-parsyfiles/parsyfiles/tests/parsing_capabilities_by_type/primitives_data/int/err/pickle-float--5.5.pyc] into a [int] using [$&lt;read_object_from_pickle&gt; =&gt; &lt;int_to_bool&gt;$]. Set log level to DEBUG for details
Rebuilding local parsing plan with next candidate parser: $&lt;read_object_from_pickle&gt; =&gt; &lt;str_to_bool&gt;$
DONE Rebuilding local parsing plan for [/home/travis/build/smarie/python-parsyfiles/parsyfiles/tests/parsing_capabilities_by_type/primitives_data/int/err/pickle-float--5.5.pyc]. Resuming parsing...
ERROR while parsing [/home/travis/build/smarie/python-parsyfiles/parsyfiles/tests/parsing_capabilities_by_type/primitives_data/int/err/pickle-float--5.5.pyc] into a [int] using [$&lt;read_object_from_pickle&gt; =&gt; &lt;str_to_bool&gt;$]. Set log level to DEBUG for details
Rebuilding local parsing plan with next candidate parser: &lt;read_object_from_pickle&gt;
DONE Rebuilding local parsing plan for [/home/travis/build/smarie/python-parsyfiles/parsyfiles/tests/parsing_capabilities_by_type/primitives_data/int/err/pickle-float--5.5.pyc]. Resuming parsing...
ERROR while parsing [/home/travis/build/smarie/python-parsyfiles/parsyfiles/tests/parsing_capabilities_by_type/primitives_data/int/err/pickle-float--5.5.pyc] into a [int] using [&lt;read_object_from_pickle&gt;]. Set log level to DEBUG for details
</system-out></testcase><testcase classname="parsyfiles.tests.parsing_capabilities_by_type.test_parse_primitives" file="parsyfiles/tests/parsing_capabilities_by_type/test_parse_primitives.py" line="179" name="test_parse_by_type[int-err-b64pickle-str-truth.txt]" time="0.05488324165344238"><system-out>ERROR while parsing [/home/travis/build/smarie/python-parsyfiles/parsyfiles/tests/parsing_capabilities_by_type/primitives_data/int/err/b64pickle-str-truth.txt] into a [int] using [$&lt;read_str_from_txt&gt; =&gt; &lt;str_to_int&gt;$]. Set log level to DEBUG for details
Rebuilding local parsing plan with next candidate parser: $&lt;read_str_from_txt&gt; =&gt; &lt;base64_ascii_str_pickle_to_object&gt; -&gt; &lt;bool_to_int&gt;$
DONE Rebuilding local parsing plan for [/home/travis/build/smarie/python-parsyfiles/parsyfiles/tests/parsing_capabilities_by_type/primitives_data/int/err/b64pickle-str-truth.txt]. Resuming parsing...
ERROR while parsing [/home/travis/build/smarie/python-parsyfiles/parsyfiles/tests/parsing_capabilities_by_type/primitives_data/int/err/b64pickle-str-truth.txt] into a [int] using [$&lt;read_str_from_txt&gt; =&gt; &lt;base64_ascii_str_pickle_to_object&gt; -&gt; &lt;bool_to_int&gt;$]. Set log level to DEBUG for details
Rebuilding local parsing plan with next candidate parser: $&lt;read_str_from_txt&gt; =&gt; &lt;base64_ascii_str_pickle_to_object&gt; -&gt; &lt;float_to_int&gt;$
DONE Rebuilding local parsing plan for [/home/travis/build/smarie/python-parsyfiles/parsyfiles/tests/parsing_capabilities_by_type/primitives_data/int/err/b64pickle-str-truth.txt]. Resuming parsing...
ERROR while parsing [/home/travis/build/smarie/python-parsyfiles/parsyfiles/tests/parsing_capabilities_by_type/primitives_data/int/err/b64pickle-str-truth.txt] into a [int] using [$&lt;read_str_from_txt&gt; =&gt; &lt;base64_ascii_str_pickle_to_object&gt; -&gt; &lt;float_to_int&gt;$]. Set log level to DEBUG for details
Rebuilding local parsing plan with next candidate parser: $&lt;read_str_from_txt&gt; =&gt; &lt;base64_ascii_str_pickle_to_object&gt; -&gt; &lt;str_to_int&gt;$
DONE Rebuilding local parsing plan for [/home/travis/build/smarie/python-parsyfiles/parsyfiles/tests/parsing_capabilities_by_type/primitives_data/int/err/b64pickle-str-truth.txt]. Resuming parsing...
ERROR while parsing [/home/travis/build/smarie/python-parsyfiles/parsyfiles/tests/parsing_capabilities_by_type/primitives_data/int/err/b64pickle-str-truth.txt] into a [int] using [$&lt;read_str_from_txt&gt; =&gt; &lt;base64_ascii_str_pickle_to_object&gt; -&gt; &lt;str_to_int&gt;$]. Set log level to DEBUG for details
Rebuilding local parsing plan with next candidate parser: $&lt;read_str_from_txt&gt; =&gt; &lt;str_to_bool&gt;$
DONE Rebuilding local parsing plan for [/home/travis/build/smarie/python-parsyfiles/parsyfiles/tests/parsing_capabilities_by_type/primitives_data/int/err/b64pickle-str-truth.txt]. Resuming parsing...
ERROR while parsing [/home/travis/build/smarie/python-parsyfiles/parsyfiles/tests/parsing_capabilities_by_type/primitives_data/int/err/b64pickle-str-truth.txt] into a [int] using [$&lt;read_str_from_txt&gt; =&gt; &lt;str_to_bool&gt;$]. Set log level to DEBUG for details
Rebuilding local parsing plan with next candidate parser: $&lt;read_str_from_txt&gt; =&gt; &lt;base64_ascii_str_pickle_to_object&gt; -&gt; &lt;float_to_bool&gt;$
DONE Rebuilding local parsing plan for [/home/travis/build/smarie/python-parsyfiles/parsyfiles/tests/parsing_capabilities_by_type/primitives_data/int/err/b64pickle-str-truth.txt]. Resuming parsing...
ERROR while parsing [/home/travis/build/smarie/python-parsyfiles/parsyfiles/tests/parsing_capabilities_by_type/primitives_data/int/err/b64pickle-str-truth.txt] into a [int] using [$&lt;read_str_from_txt&gt; =&gt; &lt;base64_ascii_str_pickle_to_object&gt; -&gt; &lt;float_to_bool&gt;$]. Set log level to DEBUG for details
Rebuilding local parsing plan with next candidate parser: $&lt;read_str_from_txt&gt; =&gt; &lt;base64_ascii_str_pickle_to_object&gt; -&gt; &lt;int_to_bool&gt;$
DONE Rebuilding local parsing plan for [/home/travis/build/smarie/python-parsyfiles/parsyfiles/tests/parsing_capabilities_by_type/primitives_data/int/err/b64pickle-str-truth.txt]. Resuming parsing...
ERROR while parsing [/home/travis/build/smarie/python-parsyfiles/parsyfiles/tests/parsing_capabilities_by_type/primitives_data/int/err/b64pickle-str-truth.txt] into a [int] using [$&lt;read_str_from_txt&gt; =&gt; &lt;base64_ascii_str_pickle_to_object&gt; -&gt; &lt;int_to_bool&gt;$]. Set log level to DEBUG for details
Rebuilding local parsing plan with next candidate parser: $&lt;read_str_from_txt&gt; =&gt; &lt;base64_ascii_str_pickle_to_object&gt; -&gt; &lt;str_to_bool&gt;$
DONE Rebuilding local parsing plan for [/home/travis/build/smarie/python-parsyfiles/parsyfiles/tests/parsing_capabilities_by_type/primitives_data/int/err/b64pickle-str-truth.txt]. Resuming parsing...
ERROR while parsing [/home/travis/build/smarie/python-parsyfiles/parsyfiles/tests/parsing_capabilities_by_type/primitives_data/int/err/b64pickle-str-truth.txt] into a [int] using [$&lt;read_str_from_txt&gt; =&gt; &lt;base64_ascii_str_pickle_to_object&gt; -&gt; &lt;str_to_bool&gt;$]. Set log level to DEBUG for details
Rebuilding local parsing plan with next candidate parser: $&lt;read_str_from_txt&gt; =&gt; &lt;base64_ascii_str_pickle_to_object&gt;$
DONE Rebuilding local parsing plan for [/home/travis/build/smarie/python-parsyfiles/parsyfiles/tests/parsing_capabilities_by_type/primitives_data/int/err/b64pickle-str-truth.txt]. Resuming parsing...
ERROR while parsing [/home/travis/build/smarie/python-parsyfiles/parsyfiles/tests/parsing_capabilities_by_type/primitives_data/int/err/b64pickle-str-truth.txt] into a [int] using [$&lt;read_str_from_txt&gt; =&gt; &lt;base64_ascii_str_pickle_to_object&gt;$]. Set log level to DEBUG for details
</system-out></testcase><testcase classname="parsyfiles.tests.parsing_capabilities_by_type.test_parse_primitives" file="parsyfiles/tests/parsing_capabilities_by_type/test_parse_primitives.py" line="179" name="test_parse_by_type[int-err-txt-str-truth.txt]" time="0.13987350463867188"><system-out>ERROR while parsing [/home/travis/build/smarie/python-parsyfiles/parsyfiles/tests/parsing_capabilities_by_type/primitives_data/int/err/txt-str-truth.txt] into a [int] using [$&lt;read_str_from_txt&gt; =&gt; &lt;str_to_int&gt;$]. Set log level to DEBUG for details
Rebuilding local parsing plan with next candidate parser: $&lt;read_str_from_txt&gt; =&gt; &lt;base64_ascii_str_pickle_to_object&gt; -&gt; &lt;bool_to_int&gt;$
DONE Rebuilding local parsing plan for [/home/travis/build/smarie/python-parsyfiles/parsyfiles/tests/parsing_capabilities_by_type/primitives_data/int/err/txt-str-truth.txt]. Resuming parsing...
ERROR while parsing [/home/travis/build/smarie/python-parsyfiles/parsyfiles/tests/parsing_capabilities_by_type/primitives_data/int/err/txt-str-truth.txt] into a [int] using [$&lt;read_str_from_txt&gt; =&gt; &lt;base64_ascii_str_pickle_to_object&gt; -&gt; &lt;bool_to_int&gt;$]. Set log level to DEBUG for details
Rebuilding local parsing plan with next candidate parser: $&lt;read_str_from_txt&gt; =&gt; &lt;base64_ascii_str_pickle_to_object&gt; -&gt; &lt;float_to_int&gt;$
DONE Rebuilding local parsing plan for [/home/travis/build/smarie/python-parsyfiles/parsyfiles/tests/parsing_capabilities_by_type/primitives_data/int/err/txt-str-truth.txt]. Resuming parsing...
ERROR while parsing [/home/travis/build/smarie/python-parsyfiles/parsyfiles/tests/parsing_capabilities_by_type/primitives_data/int/err/txt-str-truth.txt] into a [int] using [$&lt;read_str_from_txt&gt; =&gt; &lt;base64_ascii_str_pickle_to_object&gt; -&gt; &lt;float_to_int&gt;$]. Set log level to DEBUG for details
Rebuilding local parsing plan with next candidate parser: $&lt;read_str_from_txt&gt; =&gt; &lt;base64_ascii_str_pickle_to_object&gt; -&gt; &lt;str_to_int&gt;$
DONE Rebuilding local parsing plan for [/home/travis/build/smarie/python-parsyfiles/parsyfiles/tests/parsing_capabilities_by_type/primitives_data/int/err/txt-str-truth.txt]. Resuming parsing...
ERROR while parsing [/home/travis/build/smarie/python-parsyfiles/parsyfiles/tests/parsing_capabilities_by_type/primitives_data/int/err/txt-str-truth.txt] into a [int] using [$&lt;read_str_from_txt&gt; =&gt; &lt;base64_ascii_str_pickle_to_object&gt; -&gt; &lt;str_to_int&gt;$]. Set log level to DEBUG for details
Rebuilding local parsing plan with next candidate parser: $&lt;read_str_from_txt&gt; =&gt; &lt;str_to_bool&gt;$
DONE Rebuilding local parsing plan for [/home/travis/build/smarie/python-parsyfiles/parsyfiles/tests/parsing_capabilities_by_type/primitives_data/int/err/txt-str-truth.txt]. Resuming parsing...
ERROR while parsing [/home/travis/build/smarie/python-parsyfiles/parsyfiles/tests/parsing_capabilities_by_type/primitives_data/int/err/txt-str-truth.txt] into a [int] using [$&lt;read_str_from_txt&gt; =&gt; &lt;str_to_bool&gt;$]. Set log level to DEBUG for details
Rebuilding local parsing plan with next candidate parser: $&lt;read_str_from_txt&gt; =&gt; &lt;base64_ascii_str_pickle_to_object&gt; -&gt; &lt;float_to_bool&gt;$
DONE Rebuilding local parsing plan for [/home/travis/build/smarie/python-parsyfiles/parsyfiles/tests/parsing_capabilities_by_type/primitives_data/int/err/txt-str-truth.txt]. Resuming parsing...
ERROR while parsing [/home/travis/build/smarie/python-parsyfiles/parsyfiles/tests/parsing_capabilities_by_type/primitives_data/int/err/txt-str-truth.txt] into a [int] using [$&lt;read_str_from_txt&gt; =&gt; &lt;base64_ascii_str_pickle_to_object&gt; -&gt; &lt;float_to_bool&gt;$]. Set log level to DEBUG for details
Rebuilding local parsing plan with next candidate parser: $&lt;read_str_from_txt&gt; =&gt; &lt;base64_ascii_str_pickle_to_object&gt; -&gt; &lt;int_to_bool&gt;$
DONE Rebuilding local parsing plan for [/home/travis/build/smarie/python-parsyfiles/parsyfiles/tests/parsing_capabilities_by_type/primitives_data/int/err/txt-str-truth.txt]. Resuming parsing...
ERROR while parsing [/home/travis/build/smarie/python-parsyfiles/parsyfiles/tests/parsing_capabilities_by_type/primitives_data/int/err/txt-str-truth.txt] into a [int] using [$&lt;read_str_from_txt&gt; =&gt; &lt;base64_ascii_str_pickle_to_object&gt; -&gt; &lt;int_to_bool&gt;$]. Set log level to DEBUG for details
Rebuilding local parsing plan with next candidate parser: $&lt;read_str_from_txt&gt; =&gt; &lt;base64_ascii_str_pickle_to_object&gt; -&gt; &lt;str_to_bool&gt;$
DONE Rebuilding local parsing plan for [/home/travis/build/smarie/python-parsyfiles/parsyfiles/tests/parsing_capabilities_by_type/primitives_data/int/err/txt-str-truth.txt]. Resuming parsing...
ERROR while parsing [/home/travis/build/smarie/python-parsyfiles/parsyfiles/tests/parsing_capabilities_by_type/primitives_data/int/err/txt-str-truth.txt] into a [int] using [$&lt;read_str_from_txt&gt; =&gt; &lt;base64_ascii_str_pickle_to_object&gt; -&gt; &lt;str_to_bool&gt;$]. Set log level to DEBUG for details
Rebuilding local parsing plan with next candidate parser: $&lt;read_str_from_txt&gt; =&gt; &lt;base64_ascii_str_pickle_to_object&gt;$
DONE Rebuilding local parsing plan for [/home/travis/build/smarie/python-parsyfiles/parsyfiles/tests/parsing_capabilities_by_type/primitives_data/int/err/txt-str-truth.txt]. Resuming parsing...
ERROR while parsing [/home/travis/build/smarie/python-parsyfiles/parsyfiles/tests/parsing_capabilities_by_type/primitives_data/int/err/txt-str-truth.txt] into a [int] using [$&lt;read_str_from_txt&gt; =&gt; &lt;base64_ascii_str_pickle_to_object&gt;$]. Set log level to DEBUG for details
</system-out></testcase><testcase classname="parsyfiles.tests.parsing_capabilities_by_type.test_parse_primitives" file="parsyfiles/tests/parsing_capabilities_by_type/test_parse_primitives.py" line="179" name="test_parse_by_type[int-err-b64pickle-float--5.5.txt]" time="0.05690503120422363"><system-out>ERROR while parsing [/home/travis/build/smarie/python-parsyfiles/parsyfiles/tests/parsing_capabilities_by_type/primitives_data/int/err/b64pickle-float--5.5.txt] into a [int] using [$&lt;read_str_from_txt&gt; =&gt; &lt;str_to_int&gt;$]. Set log level to DEBUG for details
Rebuilding local parsing plan with next candidate parser: $&lt;read_str_from_txt&gt; =&gt; &lt;base64_ascii_str_pickle_to_object&gt; -&gt; &lt;bool_to_int&gt;$
DONE Rebuilding local parsing plan for [/home/travis/build/smarie/python-parsyfiles/parsyfiles/tests/parsing_capabilities_by_type/primitives_data/int/err/b64pickle-float--5.5.txt]. Resuming parsing...
ERROR while parsing [/home/travis/build/smarie/python-parsyfiles/parsyfiles/tests/parsing_capabilities_by_type/primitives_data/int/err/b64pickle-float--5.5.txt] into a [int] using [$&lt;read_str_from_txt&gt; =&gt; &lt;base64_ascii_str_pickle_to_object&gt; -&gt; &lt;bool_to_int&gt;$]. Set log level to DEBUG for details
Rebuilding local parsing plan with next candidate parser: $&lt;read_str_from_txt&gt; =&gt; &lt;base64_ascii_str_pickle_to_object&gt; -&gt; &lt;float_to_int&gt;$
DONE Rebuilding local parsing plan for [/home/travis/build/smarie/python-parsyfiles/parsyfiles/tests/parsing_capabilities_by_type/primitives_data/int/err/b64pickle-float--5.5.txt]. Resuming parsing...
ERROR while parsing [/home/travis/build/smarie/python-parsyfiles/parsyfiles/tests/parsing_capabilities_by_type/primitives_data/int/err/b64pickle-float--5.5.txt] into a [int] using [$&lt;read_str_from_txt&gt; =&gt; &lt;base64_ascii_str_pickle_to_object&gt; -&gt; &lt;float_to_int&gt;$]. Set log level to DEBUG for details
Rebuilding local parsing plan with next candidate parser: $&lt;read_str_from_txt&gt; =&gt; &lt;base64_ascii_str_pickle_to_object&gt; -&gt; &lt;str_to_int&gt;$
DONE Rebuilding local parsing plan for [/home/travis/build/smarie/python-parsyfiles/parsyfiles/tests/parsing_capabilities_by_type/primitives_data/int/err/b64pickle-float--5.5.txt]. Resuming parsing...
ERROR while parsing [/home/travis/build/smarie/python-parsyfiles/parsyfiles/tests/parsing_capabilities_by_type/primitives_data/int/err/b64pickle-float--5.5.txt] into a [int] using [$&lt;read_str_from_txt&gt; =&gt; &lt;base64_ascii_str_pickle_to_object&gt; -&gt; &lt;str_to_int&gt;$]. Set log level to DEBUG for details
Rebuilding local parsing plan with next candidate parser: $&lt;read_str_from_txt&gt; =&gt; &lt;str_to_bool&gt;$
DONE Rebuilding local parsing plan for [/home/travis/build/smarie/python-parsyfiles/parsyfiles/tests/parsing_capabilities_by_type/primitives_data/int/err/b64pickle-float--5.5.txt]. Resuming parsing...
ERROR while parsing [/home/travis/build/smarie/python-parsyfiles/parsyfiles/tests/parsing_capabilities_by_type/primitives_data/int/err/b64pickle-float--5.5.txt] into a [int] using [$&lt;read_str_from_txt&gt; =&gt; &lt;str_to_bool&gt;$]. Set log level to DEBUG for details
Rebuilding local parsing plan with next candidate parser: $&lt;read_str_from_txt&gt; =&gt; &lt;base64_ascii_str_pickle_to_object&gt; -&gt; &lt;float_to_bool&gt;$
DONE Rebuilding local parsing plan for [/home/travis/build/smarie/python-parsyfiles/parsyfiles/tests/parsing_capabilities_by_type/primitives_data/int/err/b64pickle-float--5.5.txt]. Resuming parsing...
ERROR while parsing [/home/travis/build/smarie/python-parsyfiles/parsyfiles/tests/parsing_capabilities_by_type/primitives_data/int/err/b64pickle-float--5.5.txt] into a [int] using [$&lt;read_str_from_txt&gt; =&gt; &lt;base64_ascii_str_pickle_to_object&gt; -&gt; &lt;float_to_bool&gt;$]. Set log level to DEBUG for details
Rebuilding local parsing plan with next candidate parser: $&lt;read_str_from_txt&gt; =&gt; &lt;base64_ascii_str_pickle_to_object&gt; -&gt; &lt;int_to_bool&gt;$
DONE Rebuilding local parsing plan for [/home/travis/build/smarie/python-parsyfiles/parsyfiles/tests/parsing_capabilities_by_type/primitives_data/int/err/b64pickle-float--5.5.txt]. Resuming parsing...
ERROR while parsing [/home/travis/build/smarie/python-parsyfiles/parsyfiles/tests/parsing_capabilities_by_type/primitives_data/int/err/b64pickle-float--5.5.txt] into a [int] using [$&lt;read_str_from_txt&gt; =&gt; &lt;base64_ascii_str_pickle_to_object&gt; -&gt; &lt;int_to_bool&gt;$]. Set log level to DEBUG for details
Rebuilding local parsing plan with next candidate parser: $&lt;read_str_from_txt&gt; =&gt; &lt;base64_ascii_str_pickle_to_object&gt; -&gt; &lt;str_to_bool&gt;$
DONE Rebuilding local parsing plan for [/home/travis/build/smarie/python-parsyfiles/parsyfiles/tests/parsing_capabilities_by_type/primitives_data/int/err/b64pickle-float--5.5.txt]. Resuming parsing...
ERROR while parsing [/home/travis/build/smarie/python-parsyfiles/parsyfiles/tests/parsing_capabilities_by_type/primitives_data/int/err/b64pickle-float--5.5.txt] into a [int] using [$&lt;read_str_from_txt&gt; =&gt; &lt;base64_ascii_str_pickle_to_object&gt; -&gt; &lt;str_to_bool&gt;$]. Set log level to DEBUG for details
Rebuilding local parsing plan with next candidate parser: $&lt;read_str_from_txt&gt; =&gt; &lt;base64_ascii_str_pickle_to_object&gt;$
DONE Rebuilding local parsing plan for [/home/travis/build/smarie/python-parsyfiles/parsyfiles/tests/parsing_capabilities_by_type/primitives_data/int/err/b64pickle-float--5.5.txt]. Resuming parsing...
ERROR while parsing [/home/travis/build/smarie/python-parsyfiles/parsyfiles/tests/parsing_capabilities_by_type/primitives_data/int/err/b64pickle-float--5.5.txt] into a [int] using [$&lt;read_str_from_txt&gt; =&gt; &lt;base64_ascii_str_pickle_to_object&gt;$]. Set log level to DEBUG for details
</system-out></testcase><testcase classname="parsyfiles.tests.parsing_capabilities_by_type.test_parse_primitives" file="parsyfiles/tests/parsing_capabilities_by_type/test_parse_primitives.py" line="179" name="test_parse_by_type[bool-ok-b64pickle-bool-False=False.txt]" time="0.051141977310180664"><system-out>ERROR while parsing [/home/travis/build/smarie/python-parsyfiles/parsyfiles/tests/parsing_capabilities_by_type/primitives_data/bool/ok/b64pickle-bool-False=False.txt] into a [bool] using [$&lt;read_str_from_txt&gt; =&gt; &lt;str_to_bool&gt;$]. Set log level to DEBUG for details
Rebuilding local parsing plan with next candidate parser: $&lt;read_str_from_txt&gt; =&gt; &lt;base64_ascii_str_pickle_to_object&gt; -&gt; &lt;float_to_bool&gt;$
DONE Rebuilding local parsing plan for [/home/travis/build/smarie/python-parsyfiles/parsyfiles/tests/parsing_capabilities_by_type/primitives_data/bool/ok/b64pickle-bool-False=False.txt]. Resuming parsing...
ERROR while parsing [/home/travis/build/smarie/python-parsyfiles/parsyfiles/tests/parsing_capabilities_by_type/primitives_data/bool/ok/b64pickle-bool-False=False.txt] into a [bool] using [$&lt;read_str_from_txt&gt; =&gt; &lt;base64_ascii_str_pickle_to_object&gt; -&gt; &lt;float_to_bool&gt;$]. Set log level to DEBUG for details
Rebuilding local parsing plan with next candidate parser: $&lt;read_str_from_txt&gt; =&gt; &lt;base64_ascii_str_pickle_to_object&gt; -&gt; &lt;int_to_bool&gt;$
DONE Rebuilding local parsing plan for [/home/travis/build/smarie/python-parsyfiles/parsyfiles/tests/parsing_capabilities_by_type/primitives_data/bool/ok/b64pickle-bool-False=False.txt]. Resuming parsing...
ERROR while parsing [/home/travis/build/smarie/python-parsyfiles/parsyfiles/tests/parsing_capabilities_by_type/primitives_data/bool/ok/b64pickle-bool-False=False.txt] into a [bool] using [$&lt;read_str_from_txt&gt; =&gt; &lt;base64_ascii_str_pickle_to_object&gt; -&gt; &lt;int_to_bool&gt;$]. Set log level to DEBUG for details
Rebuilding local parsing plan with next candidate parser: $&lt;read_str_from_txt&gt; =&gt; &lt;base64_ascii_str_pickle_to_object&gt; -&gt; &lt;str_to_bool&gt;$
DONE Rebuilding local parsing plan for [/home/travis/build/smarie/python-parsyfiles/parsyfiles/tests/parsing_capabilities_by_type/primitives_data/bool/ok/b64pickle-bool-False=False.txt]. Resuming parsing...
ERROR while parsing [/home/travis/build/smarie/python-parsyfiles/parsyfiles/tests/parsing_capabilities_by_type/primitives_data/bool/ok/b64pickle-bool-False=False.txt] into a [bool] using [$&lt;read_str_from_txt&gt; =&gt; &lt;base64_ascii_str_pickle_to_object&gt; -&gt; &lt;str_to_bool&gt;$]. Set log level to DEBUG for details
Rebuilding local parsing plan with next candidate parser: $&lt;read_str_from_txt&gt; =&gt; &lt;base64_ascii_str_pickle_to_object&gt;$
DONE Rebuilding local parsing plan for [/home/travis/build/smarie/python-parsyfiles/parsyfiles/tests/parsing_capabilities_by_type/primitives_data/bool/ok/b64pickle-bool-False=False.txt]. Resuming parsing...
SUCCESS parsed [/home/travis/build/smarie/python-parsyfiles/parsyfiles/tests/parsing_capabilities_by_type/primitives_data/bool/ok/b64pickle-bool-False=False.txt] as a [bool] successfully. Parser used was [$&lt;read_str_from_txt&gt; =&gt; &lt;base64_ascii_str_pickle_to_object&gt;$]
False==0
</system-out></testcase><testcase classname="parsyfiles.tests.parsing_capabilities_by_type.test_parse_primitives" file="parsyfiles/tests/parsing_capabilities_by_type/test_parse_primitives.py" line="179" name="test_parse_by_type[bool-ok-pickle-bool-False=False.pyc]" time="0.04488563537597656"><system-out>ERROR while parsing [/home/travis/build/smarie/python-parsyfiles/parsyfiles/tests/parsing_capabilities_by_type/primitives_data/bool/ok/pickle-bool-False=False.pyc] into a [bool] using [$&lt;read_object_from_pickle&gt; =&gt; &lt;float_to_bool&gt;$]. Set log level to DEBUG for details
Rebuilding local parsing plan with next candidate parser: $&lt;read_object_from_pickle&gt; =&gt; &lt;int_to_bool&gt;$
DONE Rebuilding local parsing plan for [/home/travis/build/smarie/python-parsyfiles/parsyfiles/tests/parsing_capabilities_by_type/primitives_data/bool/ok/pickle-bool-False=False.pyc]. Resuming parsing...
ERROR while parsing [/home/travis/build/smarie/python-parsyfiles/parsyfiles/tests/parsing_capabilities_by_type/primitives_data/bool/ok/pickle-bool-False=False.pyc] into a [bool] using [$&lt;read_object_from_pickle&gt; =&gt; &lt;int_to_bool&gt;$]. Set log level to DEBUG for details
Rebuilding local parsing plan with next candidate parser: $&lt;read_object_from_pickle&gt; =&gt; &lt;str_to_bool&gt;$
DONE Rebuilding local parsing plan for [/home/travis/build/smarie/python-parsyfiles/parsyfiles/tests/parsing_capabilities_by_type/primitives_data/bool/ok/pickle-bool-False=False.pyc]. Resuming parsing...
ERROR while parsing [/home/travis/build/smarie/python-parsyfiles/parsyfiles/tests/parsing_capabilities_by_type/primitives_data/bool/ok/pickle-bool-False=False.pyc] into a [bool] using [$&lt;read_object_from_pickle&gt; =&gt; &lt;str_to_bool&gt;$]. Set log level to DEBUG for details
Rebuilding local parsing plan with next candidate parser: &lt;read_object_from_pickle&gt;
DONE Rebuilding local parsing plan for [/home/travis/build/smarie/python-parsyfiles/parsyfiles/tests/parsing_capabilities_by_type/primitives_data/bool/ok/pickle-bool-False=False.pyc]. Resuming parsing...
SUCCESS parsed [/home/travis/build/smarie/python-parsyfiles/parsyfiles/tests/parsing_capabilities_by_type/primitives_data/bool/ok/pickle-bool-False=False.pyc] as a [bool] successfully. Parser used was [&lt;read_object_from_pickle&gt;]
False==0
</system-out></testcase><testcase classname="parsyfiles.tests.parsing_capabilities_by_type.test_parse_primitives" file="parsyfiles/tests/parsing_capabilities_by_type/test_parse_primitives.py" line="179" name="test_parse_by_type[bool-ok-txt-bool-False=False.txt]" time="0.04490828514099121"><system-out>SUCCESS parsed [/home/travis/build/smarie/python-parsyfiles/parsyfiles/tests/parsing_capabilities_by_type/primitives_data/bool/ok/txt-bool-False=False.txt] as a [bool] successfully. Parser used was [$&lt;read_str_from_txt&gt; =&gt; &lt;str_to_bool&gt;$]
False==0
</system-out></testcase><testcase classname="parsyfiles.tests.parsing_capabilities_by_type.test_parse_primitives" file="parsyfiles/tests/parsing_capabilities_by_type/test_parse_primitives.py" line="179" name="test_parse_by_type[bool-ok-pickle-float-0.0=False.pyc]" time="0.04170942306518555"><system-out>SUCCESS parsed [/home/travis/build/smarie/python-parsyfiles/parsyfiles/tests/parsing_capabilities_by_type/primitives_data/bool/ok/pickle-float-0.0=False.pyc] as a [bool] successfully. Parser used was [$&lt;read_object_from_pickle&gt; =&gt; &lt;float_to_bool&gt;$]
False==0
</system-out></testcase><testcase classname="parsyfiles.tests.parsing_capabilities_by_type.test_parse_primitives" file="parsyfiles/tests/parsing_capabilities_by_type/test_parse_primitives.py" line="179" name="test_parse_by_type[bool-ok-txt-str-y=True.txt]" time="0.04204821586608887"><system-out>SUCCESS parsed [/home/travis/build/smarie/python-parsyfiles/parsyfiles/tests/parsing_capabilities_by_type/primitives_data/bool/ok/txt-str-y=True.txt] as a [bool] successfully. Parser used was [$&lt;read_str_from_txt&gt; =&gt; &lt;str_to_bool&gt;$]
True==1
</system-out></testcase><testcase classname="parsyfiles.tests.parsing_capabilities_by_type.test_parse_primitives" file="parsyfiles/tests/parsing_capabilities_by_type/test_parse_primitives.py" line="179" name="test_parse_by_type[bool-ok-txt-int-0=False.txt]" time="0.044365882873535156"><system-out>SUCCESS parsed [/home/travis/build/smarie/python-parsyfiles/parsyfiles/tests/parsing_capabilities_by_type/primitives_data/bool/ok/txt-int-0=False.txt] as a [bool] successfully. Parser used was [$&lt;read_str_from_txt&gt; =&gt; &lt;str_to_bool&gt;$]
False==0
</system-out></testcase><testcase classname="parsyfiles.tests.parsing_capabilities_by_type.test_parse_primitives" file="parsyfiles/tests/parsing_capabilities_by_type/test_parse_primitives.py" line="179" name="test_parse_by_type[bool-ok-pickle-bool-True=True.pyc]" time="0.03826260566711426"><system-out>ERROR while parsing [/home/travis/build/smarie/python-parsyfiles/parsyfiles/tests/parsing_capabilities_by_type/primitives_data/bool/ok/pickle-bool-True=True.pyc] into a [bool] using [$&lt;read_object_from_pickle&gt; =&gt; &lt;float_to_bool&gt;$]. Set log level to DEBUG for details
Rebuilding local parsing plan with next candidate parser: $&lt;read_object_from_pickle&gt; =&gt; &lt;int_to_bool&gt;$
DONE Rebuilding local parsing plan for [/home/travis/build/smarie/python-parsyfiles/parsyfiles/tests/parsing_capabilities_by_type/primitives_data/bool/ok/pickle-bool-True=True.pyc]. Resuming parsing...
ERROR while parsing [/home/travis/build/smarie/python-parsyfiles/parsyfiles/tests/parsing_capabilities_by_type/primitives_data/bool/ok/pickle-bool-True=True.pyc] into a [bool] using [$&lt;read_object_from_pickle&gt; =&gt; &lt;int_to_bool&gt;$]. Set log level to DEBUG for details
Rebuilding local parsing plan with next candidate parser: $&lt;read_object_from_pickle&gt; =&gt; &lt;str_to_bool&gt;$
DONE Rebuilding local parsing plan for [/home/travis/build/smarie/python-parsyfiles/parsyfiles/tests/parsing_capabilities_by_type/primitives_data/bool/ok/pickle-bool-True=True.pyc]. Resuming parsing...
ERROR while parsing [/home/travis/build/smarie/python-parsyfiles/parsyfiles/tests/parsing_capabilities_by_type/primitives_data/bool/ok/pickle-bool-True=True.pyc] into a [bool] using [$&lt;read_object_from_pickle&gt; =&gt; &lt;str_to_bool&gt;$]. Set log level to DEBUG for details
Rebuilding local parsing plan with next candidate parser: &lt;read_object_from_pickle&gt;
DONE Rebuilding local parsing plan for [/home/travis/build/smarie/python-parsyfiles/parsyfiles/tests/parsing_capabilities_by_type/primitives_data/bool/ok/pickle-bool-True=True.pyc]. Resuming parsing...
SUCCESS parsed [/home/travis/build/smarie/python-parsyfiles/parsyfiles/tests/parsing_capabilities_by_type/primitives_data/bool/ok/pickle-bool-True=True.pyc] as a [bool] successfully. Parser used was [&lt;read_object_from_pickle&gt;]
True==1
</system-out></testcase><testcase classname="parsyfiles.tests.parsing_capabilities_by_type.test_parse_primitives" file="parsyfiles/tests/parsing_capabilities_by_type/test_parse_primitives.py" line="179" name="test_parse_by_type[bool-ok-b64pickle-float-0.0=False.txt]" time="0.041909217834472656"><system-out>ERROR while parsing [/home/travis/build/smarie/python-parsyfiles/parsyfiles/tests/parsing_capabilities_by_type/primitives_data/bool/ok/b64pickle-float-0.0=False.txt] into a [bool] using [$&lt;read_str_from_txt&gt; =&gt; &lt;str_to_bool&gt;$]. Set log level to DEBUG for details
Rebuilding local parsing plan with next candidate parser: $&lt;read_str_from_txt&gt; =&gt; &lt;base64_ascii_str_pickle_to_object&gt; -&gt; &lt;float_to_bool&gt;$
DONE Rebuilding local parsing plan for [/home/travis/build/smarie/python-parsyfiles/parsyfiles/tests/parsing_capabilities_by_type/primitives_data/bool/ok/b64pickle-float-0.0=False.txt]. Resuming parsing...
SUCCESS parsed [/home/travis/build/smarie/python-parsyfiles/parsyfiles/tests/parsing_capabilities_by_type/primitives_data/bool/ok/b64pickle-float-0.0=False.txt] as a [bool] successfully. Parser used was [$&lt;read_str_from_txt&gt; =&gt; &lt;base64_ascii_str_pickle_to_object&gt; -&gt; &lt;float_to_bool&gt;$]
False==0
</system-out></testcase><testcase classname="parsyfiles.tests.parsing_capabilities_by_type.test_parse_primitives" file="parsyfiles/tests/parsing_capabilities_by_type/test_parse_primitives.py" line="179" name="test_parse_by_type[bool-ok-pickle-str-y=True.pyc]" time="0.04037165641784668"><system-out>ERROR while parsing [/home/travis/build/smarie/python-parsyfiles/parsyfiles/tests/parsing_capabilities_by_type/primitives_data/bool/ok/pickle-str-y=True.pyc] into a [bool] using [$&lt;read_object_from_pickle&gt; =&gt; &lt;float_to_bool&gt;$]. Set log level to DEBUG for details
Rebuilding local parsing plan with next candidate parser: $&lt;read_object_from_pickle&gt; =&gt; &lt;int_to_bool&gt;$
DONE Rebuilding local parsing plan for [/home/travis/build/smarie/python-parsyfiles/parsyfiles/tests/parsing_capabilities_by_type/primitives_data/bool/ok/pickle-str-y=True.pyc]. Resuming parsing...
ERROR while parsing [/home/travis/build/smarie/python-parsyfiles/parsyfiles/tests/parsing_capabilities_by_type/primitives_data/bool/ok/pickle-str-y=True.pyc] into a [bool] using [$&lt;read_object_from_pickle&gt; =&gt; &lt;int_to_bool&gt;$]. Set log level to DEBUG for details
Rebuilding local parsing plan with next candidate parser: $&lt;read_object_from_pickle&gt; =&gt; &lt;str_to_bool&gt;$
DONE Rebuilding local parsing plan for [/home/travis/build/smarie/python-parsyfiles/parsyfiles/tests/parsing_capabilities_by_type/primitives_data/bool/ok/pickle-str-y=True.pyc]. Resuming parsing...
SUCCESS parsed [/home/travis/build/smarie/python-parsyfiles/parsyfiles/tests/parsing_capabilities_by_type/primitives_data/bool/ok/pickle-str-y=True.pyc] as a [bool] successfully. Parser used was [$&lt;read_object_from_pickle&gt; =&gt; &lt;str_to_bool&gt;$]
True==1
</system-out></testcase><testcase classname="parsyfiles.tests.parsing_capabilities_by_type.test_parse_primitives" file="parsyfiles/tests/parsing_capabilities_by_type/test_parse_primitives.py" line="179" name="test_parse_by_type[bool-ok-txt-float-0.0=False.txt]" time="0.04206275939941406"><system-out>SUCCESS parsed [/home/travis/build/smarie/python-parsyfiles/parsyfiles/tests/parsing_capabilities_by_type/primitives_data/bool/ok/txt-float-0.0=False.txt] as a [bool] successfully. Parser used was [$&lt;read_str_from_txt&gt; =&gt; &lt;str_to_bool&gt;$]
False==0
</system-out></testcase><testcase classname="parsyfiles.tests.parsing_capabilities_by_type.test_parse_primitives" file="parsyfiles/tests/parsing_capabilities_by_type/test_parse_primitives.py" line="179" name="test_parse_by_type[bool-ok-b64pickle-bool-True=True.txt]" time="0.043393850326538086"><system-out>ERROR while parsing [/home/travis/build/smarie/python-parsyfiles/parsyfiles/tests/parsing_capabilities_by_type/primitives_data/bool/ok/b64pickle-bool-True=True.txt] into a [bool] using [$&lt;read_str_from_txt&gt; =&gt; &lt;str_to_bool&gt;$]. Set log level to DEBUG for details
Rebuilding local parsing plan with next candidate parser: $&lt;read_str_from_txt&gt; =&gt; &lt;base64_ascii_str_pickle_to_object&gt; -&gt; &lt;float_to_bool&gt;$
DONE Rebuilding local parsing plan for [/home/travis/build/smarie/python-parsyfiles/parsyfiles/tests/parsing_capabilities_by_type/primitives_data/bool/ok/b64pickle-bool-True=True.txt]. Resuming parsing...
ERROR while parsing [/home/travis/build/smarie/python-parsyfiles/parsyfiles/tests/parsing_capabilities_by_type/primitives_data/bool/ok/b64pickle-bool-True=True.txt] into a [bool] using [$&lt;read_str_from_txt&gt; =&gt; &lt;base64_ascii_str_pickle_to_object&gt; -&gt; &lt;float_to_bool&gt;$]. Set log level to DEBUG for details
Rebuilding local parsing plan with next candidate parser: $&lt;read_str_from_txt&gt; =&gt; &lt;base64_ascii_str_pickle_to_object&gt; -&gt; &lt;int_to_bool&gt;$
DONE Rebuilding local parsing plan for [/home/travis/build/smarie/python-parsyfiles/parsyfiles/tests/parsing_capabilities_by_type/primitives_data/bool/ok/b64pickle-bool-True=True.txt]. Resuming parsing...
ERROR while parsing [/home/travis/build/smarie/python-parsyfiles/parsyfiles/tests/parsing_capabilities_by_type/primitives_data/bool/ok/b64pickle-bool-True=True.txt] into a [bool] using [$&lt;read_str_from_txt&gt; =&gt; &lt;base64_ascii_str_pickle_to_object&gt; -&gt; &lt;int_to_bool&gt;$]. Set log level to DEBUG for details
Rebuilding local parsing plan with next candidate parser: $&lt;read_str_from_txt&gt; =&gt; &lt;base64_ascii_str_pickle_to_object&gt; -&gt; &lt;str_to_bool&gt;$
DONE Rebuilding local parsing plan for [/home/travis/build/smarie/python-parsyfiles/parsyfiles/tests/parsing_capabilities_by_type/primitives_data/bool/ok/b64pickle-bool-True=True.txt]. Resuming parsing...
ERROR while parsing [/home/travis/build/smarie/python-parsyfiles/parsyfiles/tests/parsing_capabilities_by_type/primitives_data/bool/ok/b64pickle-bool-True=True.txt] into a [bool] using [$&lt;read_str_from_txt&gt; =&gt; &lt;base64_ascii_str_pickle_to_object&gt; -&gt; &lt;str_to_bool&gt;$]. Set log level to DEBUG for details
Rebuilding local parsing plan with next candidate parser: $&lt;read_str_from_txt&gt; =&gt; &lt;base64_ascii_str_pickle_to_object&gt;$
DONE Rebuilding local parsing plan for [/home/travis/build/smarie/python-parsyfiles/parsyfiles/tests/parsing_capabilities_by_type/primitives_data/bool/ok/b64pickle-bool-True=True.txt]. Resuming parsing...
SUCCESS parsed [/home/travis/build/smarie/python-parsyfiles/parsyfiles/tests/parsing_capabilities_by_type/primitives_data/bool/ok/b64pickle-bool-True=True.txt] as a [bool] successfully. Parser used was [$&lt;read_str_from_txt&gt; =&gt; &lt;base64_ascii_str_pickle_to_object&gt;$]
True==1
</system-out></testcase><testcase classname="parsyfiles.tests.parsing_capabilities_by_type.test_parse_primitives" file="parsyfiles/tests/parsing_capabilities_by_type/test_parse_primitives.py" line="179" name="test_parse_by_type[bool-ok-txt-float-1.0=True.txt]" time="0.03961443901062012"><system-out>SUCCESS parsed [/home/travis/build/smarie/python-parsyfiles/parsyfiles/tests/parsing_capabilities_by_type/primitives_data/bool/ok/txt-float-1.0=True.txt] as a [bool] successfully. Parser used was [$&lt;read_str_from_txt&gt; =&gt; &lt;str_to_bool&gt;$]
True==1
</system-out></testcase><testcase classname="parsyfiles.tests.parsing_capabilities_by_type.test_parse_primitives" file="parsyfiles/tests/parsing_capabilities_by_type/test_parse_primitives.py" line="179" name="test_parse_by_type[bool-ok-b64pickle-str-No=False.txt]" time="0.04549431800842285"><system-out>ERROR while parsing [/home/travis/build/smarie/python-parsyfiles/parsyfiles/tests/parsing_capabilities_by_type/primitives_data/bool/ok/b64pickle-str-No=False.txt] into a [bool] using [$&lt;read_str_from_txt&gt; =&gt; &lt;str_to_bool&gt;$]. Set log level to DEBUG for details
Rebuilding local parsing plan with next candidate parser: $&lt;read_str_from_txt&gt; =&gt; &lt;base64_ascii_str_pickle_to_object&gt; -&gt; &lt;float_to_bool&gt;$
DONE Rebuilding local parsing plan for [/home/travis/build/smarie/python-parsyfiles/parsyfiles/tests/parsing_capabilities_by_type/primitives_data/bool/ok/b64pickle-str-No=False.txt]. Resuming parsing...
ERROR while parsing [/home/travis/build/smarie/python-parsyfiles/parsyfiles/tests/parsing_capabilities_by_type/primitives_data/bool/ok/b64pickle-str-No=False.txt] into a [bool] using [$&lt;read_str_from_txt&gt; =&gt; &lt;base64_ascii_str_pickle_to_object&gt; -&gt; &lt;float_to_bool&gt;$]. Set log level to DEBUG for details
Rebuilding local parsing plan with next candidate parser: $&lt;read_str_from_txt&gt; =&gt; &lt;base64_ascii_str_pickle_to_object&gt; -&gt; &lt;int_to_bool&gt;$
DONE Rebuilding local parsing plan for [/home/travis/build/smarie/python-parsyfiles/parsyfiles/tests/parsing_capabilities_by_type/primitives_data/bool/ok/b64pickle-str-No=False.txt]. Resuming parsing...
ERROR while parsing [/home/travis/build/smarie/python-parsyfiles/parsyfiles/tests/parsing_capabilities_by_type/primitives_data/bool/ok/b64pickle-str-No=False.txt] into a [bool] using [$&lt;read_str_from_txt&gt; =&gt; &lt;base64_ascii_str_pickle_to_object&gt; -&gt; &lt;int_to_bool&gt;$]. Set log level to DEBUG for details
Rebuilding local parsing plan with next candidate parser: $&lt;read_str_from_txt&gt; =&gt; &lt;base64_ascii_str_pickle_to_object&gt; -&gt; &lt;str_to_bool&gt;$
DONE Rebuilding local parsing plan for [/home/travis/build/smarie/python-parsyfiles/parsyfiles/tests/parsing_capabilities_by_type/primitives_data/bool/ok/b64pickle-str-No=False.txt]. Resuming parsing...
SUCCESS parsed [/home/travis/build/smarie/python-parsyfiles/parsyfiles/tests/parsing_capabilities_by_type/primitives_data/bool/ok/b64pickle-str-No=False.txt] as a [bool] successfully. Parser used was [$&lt;read_str_from_txt&gt; =&gt; &lt;base64_ascii_str_pickle_to_object&gt; -&gt; &lt;str_to_bool&gt;$]
False==0
</system-out></testcase><testcase classname="parsyfiles.tests.parsing_capabilities_by_type.test_parse_primitives" file="parsyfiles/tests/parsing_capabilities_by_type/test_parse_primitives.py" line="179" name="test_parse_by_type[bool-ok-b64pickle-str-y=True.txt]" time="0.03515315055847168"><system-out>ERROR while parsing [/home/travis/build/smarie/python-parsyfiles/parsyfiles/tests/parsing_capabilities_by_type/primitives_data/bool/ok/b64pickle-str-y=True.txt] into a [bool] using [$&lt;read_str_from_txt&gt; =&gt; &lt;str_to_bool&gt;$]. Set log level to DEBUG for details
Rebuilding local parsing plan with next candidate parser: $&lt;read_str_from_txt&gt; =&gt; &lt;base64_ascii_str_pickle_to_object&gt; -&gt; &lt;float_to_bool&gt;$
DONE Rebuilding local parsing plan for [/home/travis/build/smarie/python-parsyfiles/parsyfiles/tests/parsing_capabilities_by_type/primitives_data/bool/ok/b64pickle-str-y=True.txt]. Resuming parsing...
ERROR while parsing [/home/travis/build/smarie/python-parsyfiles/parsyfiles/tests/parsing_capabilities_by_type/primitives_data/bool/ok/b64pickle-str-y=True.txt] into a [bool] using [$&lt;read_str_from_txt&gt; =&gt; &lt;base64_ascii_str_pickle_to_object&gt; -&gt; &lt;float_to_bool&gt;$]. Set log level to DEBUG for details
Rebuilding local parsing plan with next candidate parser: $&lt;read_str_from_txt&gt; =&gt; &lt;base64_ascii_str_pickle_to_object&gt; -&gt; &lt;int_to_bool&gt;$
DONE Rebuilding local parsing plan for [/home/travis/build/smarie/python-parsyfiles/parsyfiles/tests/parsing_capabilities_by_type/primitives_data/bool/ok/b64pickle-str-y=True.txt]. Resuming parsing...
ERROR while parsing [/home/travis/build/smarie/python-parsyfiles/parsyfiles/tests/parsing_capabilities_by_type/primitives_data/bool/ok/b64pickle-str-y=True.txt] into a [bool] using [$&lt;read_str_from_txt&gt; =&gt; &lt;base64_ascii_str_pickle_to_object&gt; -&gt; &lt;int_to_bool&gt;$]. Set log level to DEBUG for details
Rebuilding local parsing plan with next candidate parser: $&lt;read_str_from_txt&gt; =&gt; &lt;base64_ascii_str_pickle_to_object&gt; -&gt; &lt;str_to_bool&gt;$
DONE Rebuilding local parsing plan for [/home/travis/build/smarie/python-parsyfiles/parsyfiles/tests/parsing_capabilities_by_type/primitives_data/bool/ok/b64pickle-str-y=True.txt]. Resuming parsing...
SUCCESS parsed [/home/travis/build/smarie/python-parsyfiles/parsyfiles/tests/parsing_capabilities_by_type/primitives_data/bool/ok/b64pickle-str-y=True.txt] as a [bool] successfully. Parser used was [$&lt;read_str_from_txt&gt; =&gt; &lt;base64_ascii_str_pickle_to_object&gt; -&gt; &lt;str_to_bool&gt;$]
True==1
</system-out></testcase><testcase classname="parsyfiles.tests.parsing_capabilities_by_type.test_parse_primitives" file="parsyfiles/tests/parsing_capabilities_by_type/test_parse_primitives.py" line="179" name="test_parse_by_type[bool-ok-pickle-int-1=True.pyc]" time="0.038138389587402344"><system-out>ERROR while parsing [/home/travis/build/smarie/python-parsyfiles/parsyfiles/tests/parsing_capabilities_by_type/primitives_data/bool/ok/pickle-int-1=True.pyc] into a [bool] using [$&lt;read_object_from_pickle&gt; =&gt; &lt;float_to_bool&gt;$]. Set log level to DEBUG for details
Rebuilding local parsing plan with next candidate parser: $&lt;read_object_from_pickle&gt; =&gt; &lt;int_to_bool&gt;$
DONE Rebuilding local parsing plan for [/home/travis/build/smarie/python-parsyfiles/parsyfiles/tests/parsing_capabilities_by_type/primitives_data/bool/ok/pickle-int-1=True.pyc]. Resuming parsing...
SUCCESS parsed [/home/travis/build/smarie/python-parsyfiles/parsyfiles/tests/parsing_capabilities_by_type/primitives_data/bool/ok/pickle-int-1=True.pyc] as a [bool] successfully. Parser used was [$&lt;read_object_from_pickle&gt; =&gt; &lt;int_to_bool&gt;$]
True==1
</system-out></testcase><testcase classname="parsyfiles.tests.parsing_capabilities_by_type.test_parse_primitives" file="parsyfiles/tests/parsing_capabilities_by_type/test_parse_primitives.py" line="179" name="test_parse_by_type[bool-ok-txt-int-1=True.txt]" time="0.03892803192138672"><system-out>SUCCESS parsed [/home/travis/build/smarie/python-parsyfiles/parsyfiles/tests/parsing_capabilities_by_type/primitives_data/bool/ok/txt-int-1=True.txt] as a [bool] successfully. Parser used was [$&lt;read_str_from_txt&gt; =&gt; &lt;str_to_bool&gt;$]
True==1
</system-out></testcase><testcase classname="parsyfiles.tests.parsing_capabilities_by_type.test_parse_primitives" file="parsyfiles/tests/parsing_capabilities_by_type/test_parse_primitives.py" line="179" name="test_parse_by_type[bool-ok-txt-bool-True=True.txt]" time="0.03747987747192383"><system-out>SUCCESS parsed [/home/travis/build/smarie/python-parsyfiles/parsyfiles/tests/parsing_capabilities_by_type/primitives_data/bool/ok/txt-bool-True=True.txt] as a [bool] successfully. Parser used was [$&lt;read_str_from_txt&gt; =&gt; &lt;str_to_bool&gt;$]
True==1
</system-out></testcase><testcase classname="parsyfiles.tests.parsing_capabilities_by_type.test_parse_primitives" file="parsyfiles/tests/parsing_capabilities_by_type/test_parse_primitives.py" line="179" name="test_parse_by_type[bool-ok-b64pickle-int-0=False.txt]" time="0.04228067398071289"><system-out>ERROR while parsing [/home/travis/build/smarie/python-parsyfiles/parsyfiles/tests/parsing_capabilities_by_type/primitives_data/bool/ok/b64pickle-int-0=False.txt] into a [bool] using [$&lt;read_str_from_txt&gt; =&gt; &lt;str_to_bool&gt;$]. Set log level to DEBUG for details
Rebuilding local parsing plan with next candidate parser: $&lt;read_str_from_txt&gt; =&gt; &lt;base64_ascii_str_pickle_to_object&gt; -&gt; &lt;float_to_bool&gt;$
DONE Rebuilding local parsing plan for [/home/travis/build/smarie/python-parsyfiles/parsyfiles/tests/parsing_capabilities_by_type/primitives_data/bool/ok/b64pickle-int-0=False.txt]. Resuming parsing...
ERROR while parsing [/home/travis/build/smarie/python-parsyfiles/parsyfiles/tests/parsing_capabilities_by_type/primitives_data/bool/ok/b64pickle-int-0=False.txt] into a [bool] using [$&lt;read_str_from_txt&gt; =&gt; &lt;base64_ascii_str_pickle_to_object&gt; -&gt; &lt;float_to_bool&gt;$]. Set log level to DEBUG for details
Rebuilding local parsing plan with next candidate parser: $&lt;read_str_from_txt&gt; =&gt; &lt;base64_ascii_str_pickle_to_object&gt; -&gt; &lt;int_to_bool&gt;$
DONE Rebuilding local parsing plan for [/home/travis/build/smarie/python-parsyfiles/parsyfiles/tests/parsing_capabilities_by_type/primitives_data/bool/ok/b64pickle-int-0=False.txt]. Resuming parsing...
SUCCESS parsed [/home/travis/build/smarie/python-parsyfiles/parsyfiles/tests/parsing_capabilities_by_type/primitives_data/bool/ok/b64pickle-int-0=False.txt] as a [bool] successfully. Parser used was [$&lt;read_str_from_txt&gt; =&gt; &lt;base64_ascii_str_pickle_to_object&gt; -&gt; &lt;int_to_bool&gt;$]
False==0
</system-out></testcase><testcase classname="parsyfiles.tests.parsing_capabilities_by_type.test_parse_primitives" file="parsyfiles/tests/parsing_capabilities_by_type/test_parse_primitives.py" line="179" name="test_parse_by_type[bool-ok-pickle-int-0=False.pyc]" time="0.04179811477661133"><system-out>ERROR while parsing [/home/travis/build/smarie/python-parsyfiles/parsyfiles/tests/parsing_capabilities_by_type/primitives_data/bool/ok/pickle-int-0=False.pyc] into a [bool] using [$&lt;read_object_from_pickle&gt; =&gt; &lt;float_to_bool&gt;$]. Set log level to DEBUG for details
Rebuilding local parsing plan with next candidate parser: $&lt;read_object_from_pickle&gt; =&gt; &lt;int_to_bool&gt;$
DONE Rebuilding local parsing plan for [/home/travis/build/smarie/python-parsyfiles/parsyfiles/tests/parsing_capabilities_by_type/primitives_data/bool/ok/pickle-int-0=False.pyc]. Resuming parsing...
SUCCESS parsed [/home/travis/build/smarie/python-parsyfiles/parsyfiles/tests/parsing_capabilities_by_type/primitives_data/bool/ok/pickle-int-0=False.pyc] as a [bool] successfully. Parser used was [$&lt;read_object_from_pickle&gt; =&gt; &lt;int_to_bool&gt;$]
False==0
</system-out></testcase><testcase classname="parsyfiles.tests.parsing_capabilities_by_type.test_parse_primitives" file="parsyfiles/tests/parsing_capabilities_by_type/test_parse_primitives.py" line="179" name="test_parse_by_type[bool-ok-b64pickle-int-1=True.txt]" time="0.047179460525512695"><system-out>ERROR while parsing [/home/travis/build/smarie/python-parsyfiles/parsyfiles/tests/parsing_capabilities_by_type/primitives_data/bool/ok/b64pickle-int-1=True.txt] into a [bool] using [$&lt;read_str_from_txt&gt; =&gt; &lt;str_to_bool&gt;$]. Set log level to DEBUG for details
Rebuilding local parsing plan with next candidate parser: $&lt;read_str_from_txt&gt; =&gt; &lt;base64_ascii_str_pickle_to_object&gt; -&gt; &lt;float_to_bool&gt;$
DONE Rebuilding local parsing plan for [/home/travis/build/smarie/python-parsyfiles/parsyfiles/tests/parsing_capabilities_by_type/primitives_data/bool/ok/b64pickle-int-1=True.txt]. Resuming parsing...
ERROR while parsing [/home/travis/build/smarie/python-parsyfiles/parsyfiles/tests/parsing_capabilities_by_type/primitives_data/bool/ok/b64pickle-int-1=True.txt] into a [bool] using [$&lt;read_str_from_txt&gt; =&gt; &lt;base64_ascii_str_pickle_to_object&gt; -&gt; &lt;float_to_bool&gt;$]. Set log level to DEBUG for details
Rebuilding local parsing plan with next candidate parser: $&lt;read_str_from_txt&gt; =&gt; &lt;base64_ascii_str_pickle_to_object&gt; -&gt; &lt;int_to_bool&gt;$
DONE Rebuilding local parsing plan for [/home/travis/build/smarie/python-parsyfiles/parsyfiles/tests/parsing_capabilities_by_type/primitives_data/bool/ok/b64pickle-int-1=True.txt]. Resuming parsing...
SUCCESS parsed [/home/travis/build/smarie/python-parsyfiles/parsyfiles/tests/parsing_capabilities_by_type/primitives_data/bool/ok/b64pickle-int-1=True.txt] as a [bool] successfully. Parser used was [$&lt;read_str_from_txt&gt; =&gt; &lt;base64_ascii_str_pickle_to_object&gt; -&gt; &lt;int_to_bool&gt;$]
True==1
</system-out></testcase><testcase classname="parsyfiles.tests.parsing_capabilities_by_type.test_parse_primitives" file="parsyfiles/tests/parsing_capabilities_by_type/test_parse_primitives.py" line="179" name="test_parse_by_type[bool-ok-pickle-float-1.0=True.pyc]" time="0.040964365005493164"><system-out>SUCCESS parsed [/home/travis/build/smarie/python-parsyfiles/parsyfiles/tests/parsing_capabilities_by_type/primitives_data/bool/ok/pickle-float-1.0=True.pyc] as a [bool] successfully. Parser used was [$&lt;read_object_from_pickle&gt; =&gt; &lt;float_to_bool&gt;$]
True==1
</system-out></testcase><testcase classname="parsyfiles.tests.parsing_capabilities_by_type.test_parse_primitives" file="parsyfiles/tests/parsing_capabilities_by_type/test_parse_primitives.py" line="179" name="test_parse_by_type[bool-ok-txt-str-No=False.txt]" time="0.04100632667541504"><system-out>SUCCESS parsed [/home/travis/build/smarie/python-parsyfiles/parsyfiles/tests/parsing_capabilities_by_type/primitives_data/bool/ok/txt-str-No=False.txt] as a [bool] successfully. Parser used was [$&lt;read_str_from_txt&gt; =&gt; &lt;str_to_bool&gt;$]
False==0
</system-out></testcase><testcase classname="parsyfiles.tests.parsing_capabilities_by_type.test_parse_primitives" file="parsyfiles/tests/parsing_capabilities_by_type/test_parse_primitives.py" line="179" name="test_parse_by_type[bool-ok-pickle-str-No=False.pyc]" time="0.0437922477722168"><system-out>ERROR while parsing [/home/travis/build/smarie/python-parsyfiles/parsyfiles/tests/parsing_capabilities_by_type/primitives_data/bool/ok/pickle-str-No=False.pyc] into a [bool] using [$&lt;read_object_from_pickle&gt; =&gt; &lt;float_to_bool&gt;$]. Set log level to DEBUG for details
Rebuilding local parsing plan with next candidate parser: $&lt;read_object_from_pickle&gt; =&gt; &lt;int_to_bool&gt;$
DONE Rebuilding local parsing plan for [/home/travis/build/smarie/python-parsyfiles/parsyfiles/tests/parsing_capabilities_by_type/primitives_data/bool/ok/pickle-str-No=False.pyc]. Resuming parsing...
ERROR while parsing [/home/travis/build/smarie/python-parsyfiles/parsyfiles/tests/parsing_capabilities_by_type/primitives_data/bool/ok/pickle-str-No=False.pyc] into a [bool] using [$&lt;read_object_from_pickle&gt; =&gt; &lt;int_to_bool&gt;$]. Set log level to DEBUG for details
Rebuilding local parsing plan with next candidate parser: $&lt;read_object_from_pickle&gt; =&gt; &lt;str_to_bool&gt;$
DONE Rebuilding local parsing plan for [/home/travis/build/smarie/python-parsyfiles/parsyfiles/tests/parsing_capabilities_by_type/primitives_data/bool/ok/pickle-str-No=False.pyc]. Resuming parsing...
SUCCESS parsed [/home/travis/build/smarie/python-parsyfiles/parsyfiles/tests/parsing_capabilities_by_type/primitives_data/bool/ok/pickle-str-No=False.pyc] as a [bool] successfully. Parser used was [$&lt;read_object_from_pickle&gt; =&gt; &lt;str_to_bool&gt;$]
False==0
</system-out></testcase><testcase classname="parsyfiles.tests.parsing_capabilities_by_type.test_parse_primitives" file="parsyfiles/tests/parsing_capabilities_by_type/test_parse_primitives.py" line="179" name="test_parse_by_type[bool-ok-b64pickle-float-1.0=True.txt]" time="0.0403289794921875"><system-out>ERROR while parsing [/home/travis/build/smarie/python-parsyfiles/parsyfiles/tests/parsing_capabilities_by_type/primitives_data/bool/ok/b64pickle-float-1.0=True.txt] into a [bool] using [$&lt;read_str_from_txt&gt; =&gt; &lt;str_to_bool&gt;$]. Set log level to DEBUG for details
Rebuilding local parsing plan with next candidate parser: $&lt;read_str_from_txt&gt; =&gt; &lt;base64_ascii_str_pickle_to_object&gt; -&gt; &lt;float_to_bool&gt;$
DONE Rebuilding local parsing plan for [/home/travis/build/smarie/python-parsyfiles/parsyfiles/tests/parsing_capabilities_by_type/primitives_data/bool/ok/b64pickle-float-1.0=True.txt]. Resuming parsing...
SUCCESS parsed [/home/travis/build/smarie/python-parsyfiles/parsyfiles/tests/parsing_capabilities_by_type/primitives_data/bool/ok/b64pickle-float-1.0=True.txt] as a [bool] successfully. Parser used was [$&lt;read_str_from_txt&gt; =&gt; &lt;base64_ascii_str_pickle_to_object&gt; -&gt; &lt;float_to_bool&gt;$]
True==1
</system-out></testcase><testcase classname="parsyfiles.tests.parsing_capabilities_by_type.test_parse_primitives" file="parsyfiles/tests/parsing_capabilities_by_type/test_parse_primitives.py" line="179" name="test_parse_by_type[bool-err-pickle-str-.pyc]" time="0.05016756057739258"><system-out>ERROR while parsing [/home/travis/build/smarie/python-parsyfiles/parsyfiles/tests/parsing_capabilities_by_type/primitives_data/bool/err/pickle-str-.pyc] into a [bool] using [$&lt;read_object_from_pickle&gt; =&gt; &lt;float_to_bool&gt;$]. Set log level to DEBUG for details
Rebuilding local parsing plan with next candidate parser: $&lt;read_object_from_pickle&gt; =&gt; &lt;int_to_bool&gt;$
DONE Rebuilding local parsing plan for [/home/travis/build/smarie/python-parsyfiles/parsyfiles/tests/parsing_capabilities_by_type/primitives_data/bool/err/pickle-str-.pyc]. Resuming parsing...
ERROR while parsing [/home/travis/build/smarie/python-parsyfiles/parsyfiles/tests/parsing_capabilities_by_type/primitives_data/bool/err/pickle-str-.pyc] into a [bool] using [$&lt;read_object_from_pickle&gt; =&gt; &lt;int_to_bool&gt;$]. Set log level to DEBUG for details
Rebuilding local parsing plan with next candidate parser: $&lt;read_object_from_pickle&gt; =&gt; &lt;str_to_bool&gt;$
DONE Rebuilding local parsing plan for [/home/travis/build/smarie/python-parsyfiles/parsyfiles/tests/parsing_capabilities_by_type/primitives_data/bool/err/pickle-str-.pyc]. Resuming parsing...
ERROR while parsing [/home/travis/build/smarie/python-parsyfiles/parsyfiles/tests/parsing_capabilities_by_type/primitives_data/bool/err/pickle-str-.pyc] into a [bool] using [$&lt;read_object_from_pickle&gt; =&gt; &lt;str_to_bool&gt;$]. Set log level to DEBUG for details
Rebuilding local parsing plan with next candidate parser: &lt;read_object_from_pickle&gt;
DONE Rebuilding local parsing plan for [/home/travis/build/smarie/python-parsyfiles/parsyfiles/tests/parsing_capabilities_by_type/primitives_data/bool/err/pickle-str-.pyc]. Resuming parsing...
ERROR while parsing [/home/travis/build/smarie/python-parsyfiles/parsyfiles/tests/parsing_capabilities_by_type/primitives_data/bool/err/pickle-str-.pyc] into a [bool] using [&lt;read_object_from_pickle&gt;]. Set log level to DEBUG for details
</system-out></testcase><testcase classname="parsyfiles.tests.parsing_capabilities_by_type.test_parse_primitives" file="parsyfiles/tests/parsing_capabilities_by_type/test_parse_primitives.py" line="179" name="test_parse_by_type[bool-err-pickle-str-truth.pyc]" time="0.04961419105529785"><system-out>ERROR while parsing [/home/travis/build/smarie/python-parsyfiles/parsyfiles/tests/parsing_capabilities_by_type/primitives_data/bool/err/pickle-str-truth.pyc] into a [bool] using [$&lt;read_object_from_pickle&gt; =&gt; &lt;float_to_bool&gt;$]. Set log level to DEBUG for details
Rebuilding local parsing plan with next candidate parser: $&lt;read_object_from_pickle&gt; =&gt; &lt;int_to_bool&gt;$
DONE Rebuilding local parsing plan for [/home/travis/build/smarie/python-parsyfiles/parsyfiles/tests/parsing_capabilities_by_type/primitives_data/bool/err/pickle-str-truth.pyc]. Resuming parsing...
ERROR while parsing [/home/travis/build/smarie/python-parsyfiles/parsyfiles/tests/parsing_capabilities_by_type/primitives_data/bool/err/pickle-str-truth.pyc] into a [bool] using [$&lt;read_object_from_pickle&gt; =&gt; &lt;int_to_bool&gt;$]. Set log level to DEBUG for details
Rebuilding local parsing plan with next candidate parser: $&lt;read_object_from_pickle&gt; =&gt; &lt;str_to_bool&gt;$
DONE Rebuilding local parsing plan for [/home/travis/build/smarie/python-parsyfiles/parsyfiles/tests/parsing_capabilities_by_type/primitives_data/bool/err/pickle-str-truth.pyc]. Resuming parsing...
ERROR while parsing [/home/travis/build/smarie/python-parsyfiles/parsyfiles/tests/parsing_capabilities_by_type/primitives_data/bool/err/pickle-str-truth.pyc] into a [bool] using [$&lt;read_object_from_pickle&gt; =&gt; &lt;str_to_bool&gt;$]. Set log level to DEBUG for details
Rebuilding local parsing plan with next candidate parser: &lt;read_object_from_pickle&gt;
DONE Rebuilding local parsing plan for [/home/travis/build/smarie/python-parsyfiles/parsyfiles/tests/parsing_capabilities_by_type/primitives_data/bool/err/pickle-str-truth.pyc]. Resuming parsing...
ERROR while parsing [/home/travis/build/smarie/python-parsyfiles/parsyfiles/tests/parsing_capabilities_by_type/primitives_data/bool/err/pickle-str-truth.pyc] into a [bool] using [&lt;read_object_from_pickle&gt;]. Set log level to DEBUG for details
</system-out></testcase><testcase classname="parsyfiles.tests.parsing_capabilities_by_type.test_parse_primitives" file="parsyfiles/tests/parsing_capabilities_by_type/test_parse_primitives.py" line="179" name="test_parse_by_type[bool-err-txt-float--1.0.txt]" time="0.046874046325683594"><system-out>ERROR while parsing [/home/travis/build/smarie/python-parsyfiles/parsyfiles/tests/parsing_capabilities_by_type/primitives_data/bool/err/txt-float--1.0.txt] into a [bool] using [$&lt;read_str_from_txt&gt; =&gt; &lt;str_to_bool&gt;$]. Set log level to DEBUG for details
Rebuilding local parsing plan with next candidate parser: $&lt;read_str_from_txt&gt; =&gt; &lt;base64_ascii_str_pickle_to_object&gt; -&gt; &lt;float_to_bool&gt;$
DONE Rebuilding local parsing plan for [/home/travis/build/smarie/python-parsyfiles/parsyfiles/tests/parsing_capabilities_by_type/primitives_data/bool/err/txt-float--1.0.txt]. Resuming parsing...
ERROR while parsing [/home/travis/build/smarie/python-parsyfiles/parsyfiles/tests/parsing_capabilities_by_type/primitives_data/bool/err/txt-float--1.0.txt] into a [bool] using [$&lt;read_str_from_txt&gt; =&gt; &lt;base64_ascii_str_pickle_to_object&gt; -&gt; &lt;float_to_bool&gt;$]. Set log level to DEBUG for details
Rebuilding local parsing plan with next candidate parser: $&lt;read_str_from_txt&gt; =&gt; &lt;base64_ascii_str_pickle_to_object&gt; -&gt; &lt;int_to_bool&gt;$
DONE Rebuilding local parsing plan for [/home/travis/build/smarie/python-parsyfiles/parsyfiles/tests/parsing_capabilities_by_type/primitives_data/bool/err/txt-float--1.0.txt]. Resuming parsing...
ERROR while parsing [/home/travis/build/smarie/python-parsyfiles/parsyfiles/tests/parsing_capabilities_by_type/primitives_data/bool/err/txt-float--1.0.txt] into a [bool] using [$&lt;read_str_from_txt&gt; =&gt; &lt;base64_ascii_str_pickle_to_object&gt; -&gt; &lt;int_to_bool&gt;$]. Set log level to DEBUG for details
Rebuilding local parsing plan with next candidate parser: $&lt;read_str_from_txt&gt; =&gt; &lt;base64_ascii_str_pickle_to_object&gt; -&gt; &lt;str_to_bool&gt;$
DONE Rebuilding local parsing plan for [/home/travis/build/smarie/python-parsyfiles/parsyfiles/tests/parsing_capabilities_by_type/primitives_data/bool/err/txt-float--1.0.txt]. Resuming parsing...
ERROR while parsing [/home/travis/build/smarie/python-parsyfiles/parsyfiles/tests/parsing_capabilities_by_type/primitives_data/bool/err/txt-float--1.0.txt] into a [bool] using [$&lt;read_str_from_txt&gt; =&gt; &lt;base64_ascii_str_pickle_to_object&gt; -&gt; &lt;str_to_bool&gt;$]. Set log level to DEBUG for details
Rebuilding local parsing plan with next candidate parser: $&lt;read_str_from_txt&gt; =&gt; &lt;base64_ascii_str_pickle_to_object&gt;$
DONE Rebuilding local parsing plan for [/home/travis/build/smarie/python-parsyfiles/parsyfiles/tests/parsing_capabilities_by_type/primitives_data/bool/err/txt-float--1.0.txt]. Resuming parsing...
ERROR while parsing [/home/travis/build/smarie/python-parsyfiles/parsyfiles/tests/parsing_capabilities_by_type/primitives_data/bool/err/txt-float--1.0.txt] into a [bool] using [$&lt;read_str_from_txt&gt; =&gt; &lt;base64_ascii_str_pickle_to_object&gt;$]. Set log level to DEBUG for details
</system-out></testcase><testcase classname="parsyfiles.tests.parsing_capabilities_by_type.test_parse_primitives" file="parsyfiles/tests/parsing_capabilities_by_type/test_parse_primitives.py" line="179" name="test_parse_by_type[bool-err-txt-str-.txt]" time="0.052629709243774414"><system-out>ERROR while parsing [/home/travis/build/smarie/python-parsyfiles/parsyfiles/tests/parsing_capabilities_by_type/primitives_data/bool/err/txt-str-.txt] into a [bool] using [$&lt;read_str_from_txt&gt; =&gt; &lt;str_to_bool&gt;$]. Set log level to DEBUG for details
Rebuilding local parsing plan with next candidate parser: $&lt;read_str_from_txt&gt; =&gt; &lt;base64_ascii_str_pickle_to_object&gt; -&gt; &lt;float_to_bool&gt;$
DONE Rebuilding local parsing plan for [/home/travis/build/smarie/python-parsyfiles/parsyfiles/tests/parsing_capabilities_by_type/primitives_data/bool/err/txt-str-.txt]. Resuming parsing...
ERROR while parsing [/home/travis/build/smarie/python-parsyfiles/parsyfiles/tests/parsing_capabilities_by_type/primitives_data/bool/err/txt-str-.txt] into a [bool] using [$&lt;read_str_from_txt&gt; =&gt; &lt;base64_ascii_str_pickle_to_object&gt; -&gt; &lt;float_to_bool&gt;$]. Set log level to DEBUG for details
Rebuilding local parsing plan with next candidate parser: $&lt;read_str_from_txt&gt; =&gt; &lt;base64_ascii_str_pickle_to_object&gt; -&gt; &lt;int_to_bool&gt;$
DONE Rebuilding local parsing plan for [/home/travis/build/smarie/python-parsyfiles/parsyfiles/tests/parsing_capabilities_by_type/primitives_data/bool/err/txt-str-.txt]. Resuming parsing...
ERROR while parsing [/home/travis/build/smarie/python-parsyfiles/parsyfiles/tests/parsing_capabilities_by_type/primitives_data/bool/err/txt-str-.txt] into a [bool] using [$&lt;read_str_from_txt&gt; =&gt; &lt;base64_ascii_str_pickle_to_object&gt; -&gt; &lt;int_to_bool&gt;$]. Set log level to DEBUG for details
Rebuilding local parsing plan with next candidate parser: $&lt;read_str_from_txt&gt; =&gt; &lt;base64_ascii_str_pickle_to_object&gt; -&gt; &lt;str_to_bool&gt;$
DONE Rebuilding local parsing plan for [/home/travis/build/smarie/python-parsyfiles/parsyfiles/tests/parsing_capabilities_by_type/primitives_data/bool/err/txt-str-.txt]. Resuming parsing...
ERROR while parsing [/home/travis/build/smarie/python-parsyfiles/parsyfiles/tests/parsing_capabilities_by_type/primitives_data/bool/err/txt-str-.txt] into a [bool] using [$&lt;read_str_from_txt&gt; =&gt; &lt;base64_ascii_str_pickle_to_object&gt; -&gt; &lt;str_to_bool&gt;$]. Set log level to DEBUG for details
Rebuilding local parsing plan with next candidate parser: $&lt;read_str_from_txt&gt; =&gt; &lt;base64_ascii_str_pickle_to_object&gt;$
DONE Rebuilding local parsing plan for [/home/travis/build/smarie/python-parsyfiles/parsyfiles/tests/parsing_capabilities_by_type/primitives_data/bool/err/txt-str-.txt]. Resuming parsing...
ERROR while parsing [/home/travis/build/smarie/python-parsyfiles/parsyfiles/tests/parsing_capabilities_by_type/primitives_data/bool/err/txt-str-.txt] into a [bool] using [$&lt;read_str_from_txt&gt; =&gt; &lt;base64_ascii_str_pickle_to_object&gt;$]. Set log level to DEBUG for details
</system-out></testcase><testcase classname="parsyfiles.tests.parsing_capabilities_by_type.test_parse_primitives" file="parsyfiles/tests/parsing_capabilities_by_type/test_parse_primitives.py" line="179" name="test_parse_by_type[bool-err-b64pickle-int-6.txt]" time="0.051733970642089844"><system-out>ERROR while parsing [/home/travis/build/smarie/python-parsyfiles/parsyfiles/tests/parsing_capabilities_by_type/primitives_data/bool/err/b64pickle-int-6.txt] into a [bool] using [$&lt;read_str_from_txt&gt; =&gt; &lt;str_to_bool&gt;$]. Set log level to DEBUG for details
Rebuilding local parsing plan with next candidate parser: $&lt;read_str_from_txt&gt; =&gt; &lt;base64_ascii_str_pickle_to_object&gt; -&gt; &lt;float_to_bool&gt;$
DONE Rebuilding local parsing plan for [/home/travis/build/smarie/python-parsyfiles/parsyfiles/tests/parsing_capabilities_by_type/primitives_data/bool/err/b64pickle-int-6.txt]. Resuming parsing...
ERROR while parsing [/home/travis/build/smarie/python-parsyfiles/parsyfiles/tests/parsing_capabilities_by_type/primitives_data/bool/err/b64pickle-int-6.txt] into a [bool] using [$&lt;read_str_from_txt&gt; =&gt; &lt;base64_ascii_str_pickle_to_object&gt; -&gt; &lt;float_to_bool&gt;$]. Set log level to DEBUG for details
Rebuilding local parsing plan with next candidate parser: $&lt;read_str_from_txt&gt; =&gt; &lt;base64_ascii_str_pickle_to_object&gt; -&gt; &lt;int_to_bool&gt;$
DONE Rebuilding local parsing plan for [/home/travis/build/smarie/python-parsyfiles/parsyfiles/tests/parsing_capabilities_by_type/primitives_data/bool/err/b64pickle-int-6.txt]. Resuming parsing...
ERROR while parsing [/home/travis/build/smarie/python-parsyfiles/parsyfiles/tests/parsing_capabilities_by_type/primitives_data/bool/err/b64pickle-int-6.txt] into a [bool] using [$&lt;read_str_from_txt&gt; =&gt; &lt;base64_ascii_str_pickle_to_object&gt; -&gt; &lt;int_to_bool&gt;$]. Set log level to DEBUG for details
Rebuilding local parsing plan with next candidate parser: $&lt;read_str_from_txt&gt; =&gt; &lt;base64_ascii_str_pickle_to_object&gt; -&gt; &lt;str_to_bool&gt;$
DONE Rebuilding local parsing plan for [/home/travis/build/smarie/python-parsyfiles/parsyfiles/tests/parsing_capabilities_by_type/primitives_data/bool/err/b64pickle-int-6.txt]. Resuming parsing...
ERROR while parsing [/home/travis/build/smarie/python-parsyfiles/parsyfiles/tests/parsing_capabilities_by_type/primitives_data/bool/err/b64pickle-int-6.txt] into a [bool] using [$&lt;read_str_from_txt&gt; =&gt; &lt;base64_ascii_str_pickle_to_object&gt; -&gt; &lt;str_to_bool&gt;$]. Set log level to DEBUG for details
Rebuilding local parsing plan with next candidate parser: $&lt;read_str_from_txt&gt; =&gt; &lt;base64_ascii_str_pickle_to_object&gt;$
DONE Rebuilding local parsing plan for [/home/travis/build/smarie/python-parsyfiles/parsyfiles/tests/parsing_capabilities_by_type/primitives_data/bool/err/b64pickle-int-6.txt]. Resuming parsing...
ERROR while parsing [/home/travis/build/smarie/python-parsyfiles/parsyfiles/tests/parsing_capabilities_by_type/primitives_data/bool/err/b64pickle-int-6.txt] into a [bool] using [$&lt;read_str_from_txt&gt; =&gt; &lt;base64_ascii_str_pickle_to_object&gt;$]. Set log level to DEBUG for details
</system-out></testcase><testcase classname="parsyfiles.tests.parsing_capabilities_by_type.test_parse_primitives" file="parsyfiles/tests/parsing_capabilities_by_type/test_parse_primitives.py" line="179" name="test_parse_by_type[bool-err-b64pickle-str-.txt]" time="0.0452113151550293"><system-out>ERROR while parsing [/home/travis/build/smarie/python-parsyfiles/parsyfiles/tests/parsing_capabilities_by_type/primitives_data/bool/err/b64pickle-str-.txt] into a [bool] using [$&lt;read_str_from_txt&gt; =&gt; &lt;str_to_bool&gt;$]. Set log level to DEBUG for details
Rebuilding local parsing plan with next candidate parser: $&lt;read_str_from_txt&gt; =&gt; &lt;base64_ascii_str_pickle_to_object&gt; -&gt; &lt;float_to_bool&gt;$
DONE Rebuilding local parsing plan for [/home/travis/build/smarie/python-parsyfiles/parsyfiles/tests/parsing_capabilities_by_type/primitives_data/bool/err/b64pickle-str-.txt]. Resuming parsing...
ERROR while parsing [/home/travis/build/smarie/python-parsyfiles/parsyfiles/tests/parsing_capabilities_by_type/primitives_data/bool/err/b64pickle-str-.txt] into a [bool] using [$&lt;read_str_from_txt&gt; =&gt; &lt;base64_ascii_str_pickle_to_object&gt; -&gt; &lt;float_to_bool&gt;$]. Set log level to DEBUG for details
Rebuilding local parsing plan with next candidate parser: $&lt;read_str_from_txt&gt; =&gt; &lt;base64_ascii_str_pickle_to_object&gt; -&gt; &lt;int_to_bool&gt;$
DONE Rebuilding local parsing plan for [/home/travis/build/smarie/python-parsyfiles/parsyfiles/tests/parsing_capabilities_by_type/primitives_data/bool/err/b64pickle-str-.txt]. Resuming parsing...
ERROR while parsing [/home/travis/build/smarie/python-parsyfiles/parsyfiles/tests/parsing_capabilities_by_type/primitives_data/bool/err/b64pickle-str-.txt] into a [bool] using [$&lt;read_str_from_txt&gt; =&gt; &lt;base64_ascii_str_pickle_to_object&gt; -&gt; &lt;int_to_bool&gt;$]. Set log level to DEBUG for details
Rebuilding local parsing plan with next candidate parser: $&lt;read_str_from_txt&gt; =&gt; &lt;base64_ascii_str_pickle_to_object&gt; -&gt; &lt;str_to_bool&gt;$
DONE Rebuilding local parsing plan for [/home/travis/build/smarie/python-parsyfiles/parsyfiles/tests/parsing_capabilities_by_type/primitives_data/bool/err/b64pickle-str-.txt]. Resuming parsing...
ERROR while parsing [/home/travis/build/smarie/python-parsyfiles/parsyfiles/tests/parsing_capabilities_by_type/primitives_data/bool/err/b64pickle-str-.txt] into a [bool] using [$&lt;read_str_from_txt&gt; =&gt; &lt;base64_ascii_str_pickle_to_object&gt; -&gt; &lt;str_to_bool&gt;$]. Set log level to DEBUG for details
Rebuilding local parsing plan with next candidate parser: $&lt;read_str_from_txt&gt; =&gt; &lt;base64_ascii_str_pickle_to_object&gt;$
DONE Rebuilding local parsing plan for [/home/travis/build/smarie/python-parsyfiles/parsyfiles/tests/parsing_capabilities_by_type/primitives_data/bool/err/b64pickle-str-.txt]. Resuming parsing...
ERROR while parsing [/home/travis/build/smarie/python-parsyfiles/parsyfiles/tests/parsing_capabilities_by_type/primitives_data/bool/err/b64pickle-str-.txt] into a [bool] using [$&lt;read_str_from_txt&gt; =&gt; &lt;base64_ascii_str_pickle_to_object&gt;$]. Set log level to DEBUG for details
</system-out></testcase><testcase classname="parsyfiles.tests.parsing_capabilities_by_type.test_parse_primitives" file="parsyfiles/tests/parsing_capabilities_by_type/test_parse_primitives.py" line="179" name="test_parse_by_type[bool-err-pickle-float--1.0.pyc]" time="0.04623246192932129"><system-out>ERROR while parsing [/home/travis/build/smarie/python-parsyfiles/parsyfiles/tests/parsing_capabilities_by_type/primitives_data/bool/err/pickle-float--1.0.pyc] into a [bool] using [$&lt;read_object_from_pickle&gt; =&gt; &lt;float_to_bool&gt;$]. Set log level to DEBUG for details
Rebuilding local parsing plan with next candidate parser: $&lt;read_object_from_pickle&gt; =&gt; &lt;int_to_bool&gt;$
DONE Rebuilding local parsing plan for [/home/travis/build/smarie/python-parsyfiles/parsyfiles/tests/parsing_capabilities_by_type/primitives_data/bool/err/pickle-float--1.0.pyc]. Resuming parsing...
ERROR while parsing [/home/travis/build/smarie/python-parsyfiles/parsyfiles/tests/parsing_capabilities_by_type/primitives_data/bool/err/pickle-float--1.0.pyc] into a [bool] using [$&lt;read_object_from_pickle&gt; =&gt; &lt;int_to_bool&gt;$]. Set log level to DEBUG for details
Rebuilding local parsing plan with next candidate parser: $&lt;read_object_from_pickle&gt; =&gt; &lt;str_to_bool&gt;$
DONE Rebuilding local parsing plan for [/home/travis/build/smarie/python-parsyfiles/parsyfiles/tests/parsing_capabilities_by_type/primitives_data/bool/err/pickle-float--1.0.pyc]. Resuming parsing...
ERROR while parsing [/home/travis/build/smarie/python-parsyfiles/parsyfiles/tests/parsing_capabilities_by_type/primitives_data/bool/err/pickle-float--1.0.pyc] into a [bool] using [$&lt;read_object_from_pickle&gt; =&gt; &lt;str_to_bool&gt;$]. Set log level to DEBUG for details
Rebuilding local parsing plan with next candidate parser: &lt;read_object_from_pickle&gt;
DONE Rebuilding local parsing plan for [/home/travis/build/smarie/python-parsyfiles/parsyfiles/tests/parsing_capabilities_by_type/primitives_data/bool/err/pickle-float--1.0.pyc]. Resuming parsing...
ERROR while parsing [/home/travis/build/smarie/python-parsyfiles/parsyfiles/tests/parsing_capabilities_by_type/primitives_data/bool/err/pickle-float--1.0.pyc] into a [bool] using [&lt;read_object_from_pickle&gt;]. Set log level to DEBUG for details
</system-out></testcase><testcase classname="parsyfiles.tests.parsing_capabilities_by_type.test_parse_primitives" file="parsyfiles/tests/parsing_capabilities_by_type/test_parse_primitives.py" line="179" name="test_parse_by_type[bool-err-b64pickle-str-truth.txt]" time="0.04827427864074707"><system-out>ERROR while parsing [/home/travis/build/smarie/python-parsyfiles/parsyfiles/tests/parsing_capabilities_by_type/primitives_data/bool/err/b64pickle-str-truth.txt] into a [bool] using [$&lt;read_str_from_txt&gt; =&gt; &lt;str_to_bool&gt;$]. Set log level to DEBUG for details
Rebuilding local parsing plan with next candidate parser: $&lt;read_str_from_txt&gt; =&gt; &lt;base64_ascii_str_pickle_to_object&gt; -&gt; &lt;float_to_bool&gt;$
DONE Rebuilding local parsing plan for [/home/travis/build/smarie/python-parsyfiles/parsyfiles/tests/parsing_capabilities_by_type/primitives_data/bool/err/b64pickle-str-truth.txt]. Resuming parsing...
ERROR while parsing [/home/travis/build/smarie/python-parsyfiles/parsyfiles/tests/parsing_capabilities_by_type/primitives_data/bool/err/b64pickle-str-truth.txt] into a [bool] using [$&lt;read_str_from_txt&gt; =&gt; &lt;base64_ascii_str_pickle_to_object&gt; -&gt; &lt;float_to_bool&gt;$]. Set log level to DEBUG for details
Rebuilding local parsing plan with next candidate parser: $&lt;read_str_from_txt&gt; =&gt; &lt;base64_ascii_str_pickle_to_object&gt; -&gt; &lt;int_to_bool&gt;$
DONE Rebuilding local parsing plan for [/home/travis/build/smarie/python-parsyfiles/parsyfiles/tests/parsing_capabilities_by_type/primitives_data/bool/err/b64pickle-str-truth.txt]. Resuming parsing...
ERROR while parsing [/home/travis/build/smarie/python-parsyfiles/parsyfiles/tests/parsing_capabilities_by_type/primitives_data/bool/err/b64pickle-str-truth.txt] into a [bool] using [$&lt;read_str_from_txt&gt; =&gt; &lt;base64_ascii_str_pickle_to_object&gt; -&gt; &lt;int_to_bool&gt;$]. Set log level to DEBUG for details
Rebuilding local parsing plan with next candidate parser: $&lt;read_str_from_txt&gt; =&gt; &lt;base64_ascii_str_pickle_to_object&gt; -&gt; &lt;str_to_bool&gt;$
DONE Rebuilding local parsing plan for [/home/travis/build/smarie/python-parsyfiles/parsyfiles/tests/parsing_capabilities_by_type/primitives_data/bool/err/b64pickle-str-truth.txt]. Resuming parsing...
ERROR while parsing [/home/travis/build/smarie/python-parsyfiles/parsyfiles/tests/parsing_capabilities_by_type/primitives_data/bool/err/b64pickle-str-truth.txt] into a [bool] using [$&lt;read_str_from_txt&gt; =&gt; &lt;base64_ascii_str_pickle_to_object&gt; -&gt; &lt;str_to_bool&gt;$]. Set log level to DEBUG for details
Rebuilding local parsing plan with next candidate parser: $&lt;read_str_from_txt&gt; =&gt; &lt;base64_ascii_str_pickle_to_object&gt;$
DONE Rebuilding local parsing plan for [/home/travis/build/smarie/python-parsyfiles/parsyfiles/tests/parsing_capabilities_by_type/primitives_data/bool/err/b64pickle-str-truth.txt]. Resuming parsing...
ERROR while parsing [/home/travis/build/smarie/python-parsyfiles/parsyfiles/tests/parsing_capabilities_by_type/primitives_data/bool/err/b64pickle-str-truth.txt] into a [bool] using [$&lt;read_str_from_txt&gt; =&gt; &lt;base64_ascii_str_pickle_to_object&gt;$]. Set log level to DEBUG for details
</system-out></testcase><testcase classname="parsyfiles.tests.parsing_capabilities_by_type.test_parse_primitives" file="parsyfiles/tests/parsing_capabilities_by_type/test_parse_primitives.py" line="179" name="test_parse_by_type[bool-err-txt-int-6.txt]" time="0.044098854064941406"><system-out>ERROR while parsing [/home/travis/build/smarie/python-parsyfiles/parsyfiles/tests/parsing_capabilities_by_type/primitives_data/bool/err/txt-int-6.txt] into a [bool] using [$&lt;read_str_from_txt&gt; =&gt; &lt;str_to_bool&gt;$]. Set log level to DEBUG for details
Rebuilding local parsing plan with next candidate parser: $&lt;read_str_from_txt&gt; =&gt; &lt;base64_ascii_str_pickle_to_object&gt; -&gt; &lt;float_to_bool&gt;$
DONE Rebuilding local parsing plan for [/home/travis/build/smarie/python-parsyfiles/parsyfiles/tests/parsing_capabilities_by_type/primitives_data/bool/err/txt-int-6.txt]. Resuming parsing...
ERROR while parsing [/home/travis/build/smarie/python-parsyfiles/parsyfiles/tests/parsing_capabilities_by_type/primitives_data/bool/err/txt-int-6.txt] into a [bool] using [$&lt;read_str_from_txt&gt; =&gt; &lt;base64_ascii_str_pickle_to_object&gt; -&gt; &lt;float_to_bool&gt;$]. Set log level to DEBUG for details
Rebuilding local parsing plan with next candidate parser: $&lt;read_str_from_txt&gt; =&gt; &lt;base64_ascii_str_pickle_to_object&gt; -&gt; &lt;int_to_bool&gt;$
DONE Rebuilding local parsing plan for [/home/travis/build/smarie/python-parsyfiles/parsyfiles/tests/parsing_capabilities_by_type/primitives_data/bool/err/txt-int-6.txt]. Resuming parsing...
ERROR while parsing [/home/travis/build/smarie/python-parsyfiles/parsyfiles/tests/parsing_capabilities_by_type/primitives_data/bool/err/txt-int-6.txt] into a [bool] using [$&lt;read_str_from_txt&gt; =&gt; &lt;base64_ascii_str_pickle_to_object&gt; -&gt; &lt;int_to_bool&gt;$]. Set log level to DEBUG for details
Rebuilding local parsing plan with next candidate parser: $&lt;read_str_from_txt&gt; =&gt; &lt;base64_ascii_str_pickle_to_object&gt; -&gt; &lt;str_to_bool&gt;$
DONE Rebuilding local parsing plan for [/home/travis/build/smarie/python-parsyfiles/parsyfiles/tests/parsing_capabilities_by_type/primitives_data/bool/err/txt-int-6.txt]. Resuming parsing...
ERROR while parsing [/home/travis/build/smarie/python-parsyfiles/parsyfiles/tests/parsing_capabilities_by_type/primitives_data/bool/err/txt-int-6.txt] into a [bool] using [$&lt;read_str_from_txt&gt; =&gt; &lt;base64_ascii_str_pickle_to_object&gt; -&gt; &lt;str_to_bool&gt;$]. Set log level to DEBUG for details
Rebuilding local parsing plan with next candidate parser: $&lt;read_str_from_txt&gt; =&gt; &lt;base64_ascii_str_pickle_to_object&gt;$
DONE Rebuilding local parsing plan for [/home/travis/build/smarie/python-parsyfiles/parsyfiles/tests/parsing_capabilities_by_type/primitives_data/bool/err/txt-int-6.txt]. Resuming parsing...
ERROR while parsing [/home/travis/build/smarie/python-parsyfiles/parsyfiles/tests/parsing_capabilities_by_type/primitives_data/bool/err/txt-int-6.txt] into a [bool] using [$&lt;read_str_from_txt&gt; =&gt; &lt;base64_ascii_str_pickle_to_object&gt;$]. Set log level to DEBUG for details
</system-out></testcase><testcase classname="parsyfiles.tests.parsing_capabilities_by_type.test_parse_primitives" file="parsyfiles/tests/parsing_capabilities_by_type/test_parse_primitives.py" line="179" name="test_parse_by_type[bool-err-b64pickle-float-0.1.txt]" time="0.04576277732849121"><system-out>ERROR while parsing [/home/travis/build/smarie/python-parsyfiles/parsyfiles/tests/parsing_capabilities_by_type/primitives_data/bool/err/b64pickle-float-0.1.txt] into a [bool] using [$&lt;read_str_from_txt&gt; =&gt; &lt;str_to_bool&gt;$]. Set log level to DEBUG for details
Rebuilding local parsing plan with next candidate parser: $&lt;read_str_from_txt&gt; =&gt; &lt;base64_ascii_str_pickle_to_object&gt; -&gt; &lt;float_to_bool&gt;$
DONE Rebuilding local parsing plan for [/home/travis/build/smarie/python-parsyfiles/parsyfiles/tests/parsing_capabilities_by_type/primitives_data/bool/err/b64pickle-float-0.1.txt]. Resuming parsing...
ERROR while parsing [/home/travis/build/smarie/python-parsyfiles/parsyfiles/tests/parsing_capabilities_by_type/primitives_data/bool/err/b64pickle-float-0.1.txt] into a [bool] using [$&lt;read_str_from_txt&gt; =&gt; &lt;base64_ascii_str_pickle_to_object&gt; -&gt; &lt;float_to_bool&gt;$]. Set log level to DEBUG for details
Rebuilding local parsing plan with next candidate parser: $&lt;read_str_from_txt&gt; =&gt; &lt;base64_ascii_str_pickle_to_object&gt; -&gt; &lt;int_to_bool&gt;$
DONE Rebuilding local parsing plan for [/home/travis/build/smarie/python-parsyfiles/parsyfiles/tests/parsing_capabilities_by_type/primitives_data/bool/err/b64pickle-float-0.1.txt]. Resuming parsing...
ERROR while parsing [/home/travis/build/smarie/python-parsyfiles/parsyfiles/tests/parsing_capabilities_by_type/primitives_data/bool/err/b64pickle-float-0.1.txt] into a [bool] using [$&lt;read_str_from_txt&gt; =&gt; &lt;base64_ascii_str_pickle_to_object&gt; -&gt; &lt;int_to_bool&gt;$]. Set log level to DEBUG for details
Rebuilding local parsing plan with next candidate parser: $&lt;read_str_from_txt&gt; =&gt; &lt;base64_ascii_str_pickle_to_object&gt; -&gt; &lt;str_to_bool&gt;$
DONE Rebuilding local parsing plan for [/home/travis/build/smarie/python-parsyfiles/parsyfiles/tests/parsing_capabilities_by_type/primitives_data/bool/err/b64pickle-float-0.1.txt]. Resuming parsing...
ERROR while parsing [/home/travis/build/smarie/python-parsyfiles/parsyfiles/tests/parsing_capabilities_by_type/primitives_data/bool/err/b64pickle-float-0.1.txt] into a [bool] using [$&lt;read_str_from_txt&gt; =&gt; &lt;base64_ascii_str_pickle_to_object&gt; -&gt; &lt;str_to_bool&gt;$]. Set log level to DEBUG for details
Rebuilding local parsing plan with next candidate parser: $&lt;read_str_from_txt&gt; =&gt; &lt;base64_ascii_str_pickle_to_object&gt;$
DONE Rebuilding local parsing plan for [/home/travis/build/smarie/python-parsyfiles/parsyfiles/tests/parsing_capabilities_by_type/primitives_data/bool/err/b64pickle-float-0.1.txt]. Resuming parsing...
ERROR while parsing [/home/travis/build/smarie/python-parsyfiles/parsyfiles/tests/parsing_capabilities_by_type/primitives_data/bool/err/b64pickle-float-0.1.txt] into a [bool] using [$&lt;read_str_from_txt&gt; =&gt; &lt;base64_ascii_str_pickle_to_object&gt;$]. Set log level to DEBUG for details
</system-out></testcase><testcase classname="parsyfiles.tests.parsing_capabilities_by_type.test_parse_primitives" file="parsyfiles/tests/parsing_capabilities_by_type/test_parse_primitives.py" line="179" name="test_parse_by_type[bool-err-b64pickle-float--1.0.txt]" time="0.05049896240234375"><system-out>ERROR while parsing [/home/travis/build/smarie/python-parsyfiles/parsyfiles/tests/parsing_capabilities_by_type/primitives_data/bool/err/b64pickle-float--1.0.txt] into a [bool] using [$&lt;read_str_from_txt&gt; =&gt; &lt;str_to_bool&gt;$]. Set log level to DEBUG for details
Rebuilding local parsing plan with next candidate parser: $&lt;read_str_from_txt&gt; =&gt; &lt;base64_ascii_str_pickle_to_object&gt; -&gt; &lt;float_to_bool&gt;$
DONE Rebuilding local parsing plan for [/home/travis/build/smarie/python-parsyfiles/parsyfiles/tests/parsing_capabilities_by_type/primitives_data/bool/err/b64pickle-float--1.0.txt]. Resuming parsing...
ERROR while parsing [/home/travis/build/smarie/python-parsyfiles/parsyfiles/tests/parsing_capabilities_by_type/primitives_data/bool/err/b64pickle-float--1.0.txt] into a [bool] using [$&lt;read_str_from_txt&gt; =&gt; &lt;base64_ascii_str_pickle_to_object&gt; -&gt; &lt;float_to_bool&gt;$]. Set log level to DEBUG for details
Rebuilding local parsing plan with next candidate parser: $&lt;read_str_from_txt&gt; =&gt; &lt;base64_ascii_str_pickle_to_object&gt; -&gt; &lt;int_to_bool&gt;$
DONE Rebuilding local parsing plan for [/home/travis/build/smarie/python-parsyfiles/parsyfiles/tests/parsing_capabilities_by_type/primitives_data/bool/err/b64pickle-float--1.0.txt]. Resuming parsing...
ERROR while parsing [/home/travis/build/smarie/python-parsyfiles/parsyfiles/tests/parsing_capabilities_by_type/primitives_data/bool/err/b64pickle-float--1.0.txt] into a [bool] using [$&lt;read_str_from_txt&gt; =&gt; &lt;base64_ascii_str_pickle_to_object&gt; -&gt; &lt;int_to_bool&gt;$]. Set log level to DEBUG for details
Rebuilding local parsing plan with next candidate parser: $&lt;read_str_from_txt&gt; =&gt; &lt;base64_ascii_str_pickle_to_object&gt; -&gt; &lt;str_to_bool&gt;$
DONE Rebuilding local parsing plan for [/home/travis/build/smarie/python-parsyfiles/parsyfiles/tests/parsing_capabilities_by_type/primitives_data/bool/err/b64pickle-float--1.0.txt]. Resuming parsing...
ERROR while parsing [/home/travis/build/smarie/python-parsyfiles/parsyfiles/tests/parsing_capabilities_by_type/primitives_data/bool/err/b64pickle-float--1.0.txt] into a [bool] using [$&lt;read_str_from_txt&gt; =&gt; &lt;base64_ascii_str_pickle_to_object&gt; -&gt; &lt;str_to_bool&gt;$]. Set log level to DEBUG for details
Rebuilding local parsing plan with next candidate parser: $&lt;read_str_from_txt&gt; =&gt; &lt;base64_ascii_str_pickle_to_object&gt;$
DONE Rebuilding local parsing plan for [/home/travis/build/smarie/python-parsyfiles/parsyfiles/tests/parsing_capabilities_by_type/primitives_data/bool/err/b64pickle-float--1.0.txt]. Resuming parsing...
ERROR while parsing [/home/travis/build/smarie/python-parsyfiles/parsyfiles/tests/parsing_capabilities_by_type/primitives_data/bool/err/b64pickle-float--1.0.txt] into a [bool] using [$&lt;read_str_from_txt&gt; =&gt; &lt;base64_ascii_str_pickle_to_object&gt;$]. Set log level to DEBUG for details
</system-out></testcase><testcase classname="parsyfiles.tests.parsing_capabilities_by_type.test_parse_primitives" file="parsyfiles/tests/parsing_capabilities_by_type/test_parse_primitives.py" line="179" name="test_parse_by_type[bool-err-pickle-float-0.1.pyc]" time="0.045603275299072266"><system-out>ERROR while parsing [/home/travis/build/smarie/python-parsyfiles/parsyfiles/tests/parsing_capabilities_by_type/primitives_data/bool/err/pickle-float-0.1.pyc] into a [bool] using [$&lt;read_object_from_pickle&gt; =&gt; &lt;float_to_bool&gt;$]. Set log level to DEBUG for details
Rebuilding local parsing plan with next candidate parser: $&lt;read_object_from_pickle&gt; =&gt; &lt;int_to_bool&gt;$
DONE Rebuilding local parsing plan for [/home/travis/build/smarie/python-parsyfiles/parsyfiles/tests/parsing_capabilities_by_type/primitives_data/bool/err/pickle-float-0.1.pyc]. Resuming parsing...
ERROR while parsing [/home/travis/build/smarie/python-parsyfiles/parsyfiles/tests/parsing_capabilities_by_type/primitives_data/bool/err/pickle-float-0.1.pyc] into a [bool] using [$&lt;read_object_from_pickle&gt; =&gt; &lt;int_to_bool&gt;$]. Set log level to DEBUG for details
Rebuilding local parsing plan with next candidate parser: $&lt;read_object_from_pickle&gt; =&gt; &lt;str_to_bool&gt;$
DONE Rebuilding local parsing plan for [/home/travis/build/smarie/python-parsyfiles/parsyfiles/tests/parsing_capabilities_by_type/primitives_data/bool/err/pickle-float-0.1.pyc]. Resuming parsing...
ERROR while parsing [/home/travis/build/smarie/python-parsyfiles/parsyfiles/tests/parsing_capabilities_by_type/primitives_data/bool/err/pickle-float-0.1.pyc] into a [bool] using [$&lt;read_object_from_pickle&gt; =&gt; &lt;str_to_bool&gt;$]. Set log level to DEBUG for details
Rebuilding local parsing plan with next candidate parser: &lt;read_object_from_pickle&gt;
DONE Rebuilding local parsing plan for [/home/travis/build/smarie/python-parsyfiles/parsyfiles/tests/parsing_capabilities_by_type/primitives_data/bool/err/pickle-float-0.1.pyc]. Resuming parsing...
ERROR while parsing [/home/travis/build/smarie/python-parsyfiles/parsyfiles/tests/parsing_capabilities_by_type/primitives_data/bool/err/pickle-float-0.1.pyc] into a [bool] using [&lt;read_object_from_pickle&gt;]. Set log level to DEBUG for details
</system-out></testcase><testcase classname="parsyfiles.tests.parsing_capabilities_by_type.test_parse_primitives" file="parsyfiles/tests/parsing_capabilities_by_type/test_parse_primitives.py" line="179" name="test_parse_by_type[bool-err-pickle-int-6.pyc]" time="0.04220914840698242"><system-out>ERROR while parsing [/home/travis/build/smarie/python-parsyfiles/parsyfiles/tests/parsing_capabilities_by_type/primitives_data/bool/err/pickle-int-6.pyc] into a [bool] using [$&lt;read_object_from_pickle&gt; =&gt; &lt;float_to_bool&gt;$]. Set log level to DEBUG for details
Rebuilding local parsing plan with next candidate parser: $&lt;read_object_from_pickle&gt; =&gt; &lt;int_to_bool&gt;$
DONE Rebuilding local parsing plan for [/home/travis/build/smarie/python-parsyfiles/parsyfiles/tests/parsing_capabilities_by_type/primitives_data/bool/err/pickle-int-6.pyc]. Resuming parsing...
ERROR while parsing [/home/travis/build/smarie/python-parsyfiles/parsyfiles/tests/parsing_capabilities_by_type/primitives_data/bool/err/pickle-int-6.pyc] into a [bool] using [$&lt;read_object_from_pickle&gt; =&gt; &lt;int_to_bool&gt;$]. Set log level to DEBUG for details
Rebuilding local parsing plan with next candidate parser: $&lt;read_object_from_pickle&gt; =&gt; &lt;str_to_bool&gt;$
DONE Rebuilding local parsing plan for [/home/travis/build/smarie/python-parsyfiles/parsyfiles/tests/parsing_capabilities_by_type/primitives_data/bool/err/pickle-int-6.pyc]. Resuming parsing...
ERROR while parsing [/home/travis/build/smarie/python-parsyfiles/parsyfiles/tests/parsing_capabilities_by_type/primitives_data/bool/err/pickle-int-6.pyc] into a [bool] using [$&lt;read_object_from_pickle&gt; =&gt; &lt;str_to_bool&gt;$]. Set log level to DEBUG for details
Rebuilding local parsing plan with next candidate parser: &lt;read_object_from_pickle&gt;
DONE Rebuilding local parsing plan for [/home/travis/build/smarie/python-parsyfiles/parsyfiles/tests/parsing_capabilities_by_type/primitives_data/bool/err/pickle-int-6.pyc]. Resuming parsing...
ERROR while parsing [/home/travis/build/smarie/python-parsyfiles/parsyfiles/tests/parsing_capabilities_by_type/primitives_data/bool/err/pickle-int-6.pyc] into a [bool] using [&lt;read_object_from_pickle&gt;]. Set log level to DEBUG for details
</system-out></testcase><testcase classname="parsyfiles.tests.parsing_capabilities_by_type.test_parse_primitives" file="parsyfiles/tests/parsing_capabilities_by_type/test_parse_primitives.py" line="179" name="test_parse_by_type[bool-err-txt-str-truth.txt]" time="0.0489192008972168"><system-out>ERROR while parsing [/home/travis/build/smarie/python-parsyfiles/parsyfiles/tests/parsing_capabilities_by_type/primitives_data/bool/err/txt-str-truth.txt] into a [bool] using [$&lt;read_str_from_txt&gt; =&gt; &lt;str_to_bool&gt;$]. Set log level to DEBUG for details
Rebuilding local parsing plan with next candidate parser: $&lt;read_str_from_txt&gt; =&gt; &lt;base64_ascii_str_pickle_to_object&gt; -&gt; &lt;float_to_bool&gt;$
DONE Rebuilding local parsing plan for [/home/travis/build/smarie/python-parsyfiles/parsyfiles/tests/parsing_capabilities_by_type/primitives_data/bool/err/txt-str-truth.txt]. Resuming parsing...
ERROR while parsing [/home/travis/build/smarie/python-parsyfiles/parsyfiles/tests/parsing_capabilities_by_type/primitives_data/bool/err/txt-str-truth.txt] into a [bool] using [$&lt;read_str_from_txt&gt; =&gt; &lt;base64_ascii_str_pickle_to_object&gt; -&gt; &lt;float_to_bool&gt;$]. Set log level to DEBUG for details
Rebuilding local parsing plan with next candidate parser: $&lt;read_str_from_txt&gt; =&gt; &lt;base64_ascii_str_pickle_to_object&gt; -&gt; &lt;int_to_bool&gt;$
DONE Rebuilding local parsing plan for [/home/travis/build/smarie/python-parsyfiles/parsyfiles/tests/parsing_capabilities_by_type/primitives_data/bool/err/txt-str-truth.txt]. Resuming parsing...
ERROR while parsing [/home/travis/build/smarie/python-parsyfiles/parsyfiles/tests/parsing_capabilities_by_type/primitives_data/bool/err/txt-str-truth.txt] into a [bool] using [$&lt;read_str_from_txt&gt; =&gt; &lt;base64_ascii_str_pickle_to_object&gt; -&gt; &lt;int_to_bool&gt;$]. Set log level to DEBUG for details
Rebuilding local parsing plan with next candidate parser: $&lt;read_str_from_txt&gt; =&gt; &lt;base64_ascii_str_pickle_to_object&gt; -&gt; &lt;str_to_bool&gt;$
DONE Rebuilding local parsing plan for [/home/travis/build/smarie/python-parsyfiles/parsyfiles/tests/parsing_capabilities_by_type/primitives_data/bool/err/txt-str-truth.txt]. Resuming parsing...
ERROR while parsing [/home/travis/build/smarie/python-parsyfiles/parsyfiles/tests/parsing_capabilities_by_type/primitives_data/bool/err/txt-str-truth.txt] into a [bool] using [$&lt;read_str_from_txt&gt; =&gt; &lt;base64_ascii_str_pickle_to_object&gt; -&gt; &lt;str_to_bool&gt;$]. Set log level to DEBUG for details
Rebuilding local parsing plan with next candidate parser: $&lt;read_str_from_txt&gt; =&gt; &lt;base64_ascii_str_pickle_to_object&gt;$
DONE Rebuilding local parsing plan for [/home/travis/build/smarie/python-parsyfiles/parsyfiles/tests/parsing_capabilities_by_type/primitives_data/bool/err/txt-str-truth.txt]. Resuming parsing...
ERROR while parsing [/home/travis/build/smarie/python-parsyfiles/parsyfiles/tests/parsing_capabilities_by_type/primitives_data/bool/err/txt-str-truth.txt] into a [bool] using [$&lt;read_str_from_txt&gt; =&gt; &lt;base64_ascii_str_pickle_to_object&gt;$]. Set log level to DEBUG for details
</system-out></testcase><testcase classname="parsyfiles.tests.parsing_capabilities_by_type.test_parse_primitives" file="parsyfiles/tests/parsing_capabilities_by_type/test_parse_primitives.py" line="179" name="test_parse_by_type[bool-err-txt-float-0.1.txt]" time="0.04302978515625"><system-out>ERROR while parsing [/home/travis/build/smarie/python-parsyfiles/parsyfiles/tests/parsing_capabilities_by_type/primitives_data/bool/err/txt-float-0.1.txt] into a [bool] using [$&lt;read_str_from_txt&gt; =&gt; &lt;str_to_bool&gt;$]. Set log level to DEBUG for details
Rebuilding local parsing plan with next candidate parser: $&lt;read_str_from_txt&gt; =&gt; &lt;base64_ascii_str_pickle_to_object&gt; -&gt; &lt;float_to_bool&gt;$
DONE Rebuilding local parsing plan for [/home/travis/build/smarie/python-parsyfiles/parsyfiles/tests/parsing_capabilities_by_type/primitives_data/bool/err/txt-float-0.1.txt]. Resuming parsing...
ERROR while parsing [/home/travis/build/smarie/python-parsyfiles/parsyfiles/tests/parsing_capabilities_by_type/primitives_data/bool/err/txt-float-0.1.txt] into a [bool] using [$&lt;read_str_from_txt&gt; =&gt; &lt;base64_ascii_str_pickle_to_object&gt; -&gt; &lt;float_to_bool&gt;$]. Set log level to DEBUG for details
Rebuilding local parsing plan with next candidate parser: $&lt;read_str_from_txt&gt; =&gt; &lt;base64_ascii_str_pickle_to_object&gt; -&gt; &lt;int_to_bool&gt;$
DONE Rebuilding local parsing plan for [/home/travis/build/smarie/python-parsyfiles/parsyfiles/tests/parsing_capabilities_by_type/primitives_data/bool/err/txt-float-0.1.txt]. Resuming parsing...
ERROR while parsing [/home/travis/build/smarie/python-parsyfiles/parsyfiles/tests/parsing_capabilities_by_type/primitives_data/bool/err/txt-float-0.1.txt] into a [bool] using [$&lt;read_str_from_txt&gt; =&gt; &lt;base64_ascii_str_pickle_to_object&gt; -&gt; &lt;int_to_bool&gt;$]. Set log level to DEBUG for details
Rebuilding local parsing plan with next candidate parser: $&lt;read_str_from_txt&gt; =&gt; &lt;base64_ascii_str_pickle_to_object&gt; -&gt; &lt;str_to_bool&gt;$
DONE Rebuilding local parsing plan for [/home/travis/build/smarie/python-parsyfiles/parsyfiles/tests/parsing_capabilities_by_type/primitives_data/bool/err/txt-float-0.1.txt]. Resuming parsing...
ERROR while parsing [/home/travis/build/smarie/python-parsyfiles/parsyfiles/tests/parsing_capabilities_by_type/primitives_data/bool/err/txt-float-0.1.txt] into a [bool] using [$&lt;read_str_from_txt&gt; =&gt; &lt;base64_ascii_str_pickle_to_object&gt; -&gt; &lt;str_to_bool&gt;$]. Set log level to DEBUG for details
Rebuilding local parsing plan with next candidate parser: $&lt;read_str_from_txt&gt; =&gt; &lt;base64_ascii_str_pickle_to_object&gt;$
DONE Rebuilding local parsing plan for [/home/travis/build/smarie/python-parsyfiles/parsyfiles/tests/parsing_capabilities_by_type/primitives_data/bool/err/txt-float-0.1.txt]. Resuming parsing...
ERROR while parsing [/home/travis/build/smarie/python-parsyfiles/parsyfiles/tests/parsing_capabilities_by_type/primitives_data/bool/err/txt-float-0.1.txt] into a [bool] using [$&lt;read_str_from_txt&gt; =&gt; &lt;base64_ascii_str_pickle_to_object&gt;$]. Set log level to DEBUG for details
</system-out></testcase><testcase classname="parsyfiles.tests.parsing_capabilities_by_type.test_parse_primitives" file="parsyfiles/tests/parsing_capabilities_by_type/test_parse_primitives.py" line="179" name="test_parse_by_type[str-ok-pickle-str-=.pyc]" time="0.04165840148925781"><system-out>ERROR while parsing [/home/travis/build/smarie/python-parsyfiles/parsyfiles/tests/parsing_capabilities_by_type/primitives_data/str/ok/pickle-str-=.pyc] into a [str] using [$&lt;read_object_from_pickle&gt; =&gt; &lt;bool_to_string&gt;$]. Set log level to DEBUG for details
Rebuilding local parsing plan with next candidate parser: $&lt;read_object_from_pickle&gt; =&gt; &lt;float_to_string&gt;$
DONE Rebuilding local parsing plan for [/home/travis/build/smarie/python-parsyfiles/parsyfiles/tests/parsing_capabilities_by_type/primitives_data/str/ok/pickle-str-=.pyc]. Resuming parsing...
ERROR while parsing [/home/travis/build/smarie/python-parsyfiles/parsyfiles/tests/parsing_capabilities_by_type/primitives_data/str/ok/pickle-str-=.pyc] into a [str] using [$&lt;read_object_from_pickle&gt; =&gt; &lt;float_to_string&gt;$]. Set log level to DEBUG for details
Rebuilding local parsing plan with next candidate parser: $&lt;read_object_from_pickle&gt; =&gt; &lt;int_to_string&gt;$
DONE Rebuilding local parsing plan for [/home/travis/build/smarie/python-parsyfiles/parsyfiles/tests/parsing_capabilities_by_type/primitives_data/str/ok/pickle-str-=.pyc]. Resuming parsing...
ERROR while parsing [/home/travis/build/smarie/python-parsyfiles/parsyfiles/tests/parsing_capabilities_by_type/primitives_data/str/ok/pickle-str-=.pyc] into a [str] using [$&lt;read_object_from_pickle&gt; =&gt; &lt;int_to_string&gt;$]. Set log level to DEBUG for details
Rebuilding local parsing plan with next candidate parser: &lt;read_object_from_pickle&gt;
DONE Rebuilding local parsing plan for [/home/travis/build/smarie/python-parsyfiles/parsyfiles/tests/parsing_capabilities_by_type/primitives_data/str/ok/pickle-str-=.pyc]. Resuming parsing...
SUCCESS parsed [/home/travis/build/smarie/python-parsyfiles/parsyfiles/tests/parsing_capabilities_by_type/primitives_data/str/ok/pickle-str-=.pyc] as a [str] successfully. Parser used was [&lt;read_object_from_pickle&gt;]
==
</system-out></testcase><testcase classname="parsyfiles.tests.parsing_capabilities_by_type.test_parse_primitives" file="parsyfiles/tests/parsing_capabilities_by_type/test_parse_primitives.py" line="179" name="test_parse_by_type[str-ok-pickle-bool-False=False.pyc]" time="0.02854132652282715"><system-out>SUCCESS parsed [/home/travis/build/smarie/python-parsyfiles/parsyfiles/tests/parsing_capabilities_by_type/primitives_data/str/ok/pickle-bool-False=False.pyc] as a [str] successfully. Parser used was [$&lt;read_object_from_pickle&gt; =&gt; &lt;bool_to_string&gt;$]
False==False
</system-out></testcase><testcase classname="parsyfiles.tests.parsing_capabilities_by_type.test_parse_primitives" file="parsyfiles/tests/parsing_capabilities_by_type/test_parse_primitives.py" line="179" name="test_parse_by_type[str-ok-txt-str-=.txt]" time="0.029717445373535156"><system-out>SUCCESS parsed [/home/travis/build/smarie/python-parsyfiles/parsyfiles/tests/parsing_capabilities_by_type/primitives_data/str/ok/txt-str-=.txt] as a [str] successfully. Parser used was [&lt;read_str_from_txt&gt;]
==
</system-out></testcase><testcase classname="parsyfiles.tests.parsing_capabilities_by_type.test_parse_primitives" file="parsyfiles/tests/parsing_capabilities_by_type/test_parse_primitives.py" line="179" name="test_parse_by_type[str-ok-txt-float--5.2=-5.2.txt]" time="0.029037952423095703"><system-out>SUCCESS parsed [/home/travis/build/smarie/python-parsyfiles/parsyfiles/tests/parsing_capabilities_by_type/primitives_data/str/ok/txt-float--5.2=-5.2.txt] as a [str] successfully. Parser used was [&lt;read_str_from_txt&gt;]
-5.2==-5.2
</system-out></testcase><testcase classname="parsyfiles.tests.parsing_capabilities_by_type.test_parse_primitives" file="parsyfiles/tests/parsing_capabilities_by_type/test_parse_primitives.py" line="179" name="test_parse_by_type[str-ok-txt-bool-False=False.txt]" time="0.029956817626953125"><system-out>SUCCESS parsed [/home/travis/build/smarie/python-parsyfiles/parsyfiles/tests/parsing_capabilities_by_type/primitives_data/str/ok/txt-bool-False=False.txt] as a [str] successfully. Parser used was [&lt;read_str_from_txt&gt;]
False==False
</system-out></testcase><testcase classname="parsyfiles.tests.parsing_capabilities_by_type.test_parse_primitives" file="parsyfiles/tests/parsing_capabilities_by_type/test_parse_primitives.py" line="179" name="test_parse_by_type[str-ok-pickle-bool-True=True.pyc]" time="0.03431296348571777"><system-out>SUCCESS parsed [/home/travis/build/smarie/python-parsyfiles/parsyfiles/tests/parsing_capabilities_by_type/primitives_data/str/ok/pickle-bool-True=True.pyc] as a [str] successfully. Parser used was [$&lt;read_object_from_pickle&gt; =&gt; &lt;bool_to_string&gt;$]
True==True
</system-out></testcase><testcase classname="parsyfiles.tests.parsing_capabilities_by_type.test_parse_primitives" file="parsyfiles/tests/parsing_capabilities_by_type/test_parse_primitives.py" line="179" name="test_parse_by_type[str-ok-b64pickle-str-a=a.txt]" time="0.041818857192993164"><failure message="AssertionError: assert &apos;gANYAQAAAGFxAC4=&apos; == &apos;a&apos;
  - gANYAQAAAGFxAC4=
  + a">typ = &apos;str&apos;, ok_or_err = &apos;ok&apos;, file = &apos;b64pickle-str-a=a.txt&apos;
root_parser = parsyfiles defaults

    @pytest.mark.parametrize(&quot;typ,ok_or_err,file&quot;, all_tests)
    def test_parse_by_type(typ: str, ok_or_err: str, file: str, root_parser):
        typp = eval(typ)
        # pprint(get_capabilities_for_type(typp))
    
        try:
            # ignore unresolved reference : method `profile` is created on the fly by the line_profiler
            RootParser.parse_item = profile(RootParser.parse_item)
        except:
            pass
    
        if ok_or_err is &apos;ok&apos;:
            parsed = root_parser.parse_item(location=get_file_path_no_ext(typ, ok_or_err, file), item_type=typp)
&gt;           assert parsed == get_expected_answer(file, typp)
E           AssertionError: assert &apos;gANYAQAAAGFxAC4=&apos; == &apos;a&apos;
E             - gANYAQAAAGFxAC4=
E             + a

parsyfiles/tests/parsing_capabilities_by_type/test_parse_primitives.py:193: AssertionError</failure><system-out>SUCCESS parsed [/home/travis/build/smarie/python-parsyfiles/parsyfiles/tests/parsing_capabilities_by_type/primitives_data/str/ok/b64pickle-str-a=a.txt] as a [str] successfully. Parser used was [&lt;read_str_from_txt&gt;]
</system-out></testcase><testcase classname="parsyfiles.tests.parsing_capabilities_by_type.test_parse_primitives" file="parsyfiles/tests/parsing_capabilities_by_type/test_parse_primitives.py" line="179" name="test_parse_by_type[str-ok-txt-str-toto=toto.txt]" time="0.029373884201049805"><system-out>SUCCESS parsed [/home/travis/build/smarie/python-parsyfiles/parsyfiles/tests/parsing_capabilities_by_type/primitives_data/str/ok/txt-str-toto=toto.txt] as a [str] successfully. Parser used was [&lt;read_str_from_txt&gt;]
toto==toto
</system-out></testcase><testcase classname="parsyfiles.tests.parsing_capabilities_by_type.test_parse_primitives" file="parsyfiles/tests/parsing_capabilities_by_type/test_parse_primitives.py" line="179" name="test_parse_by_type[str-ok-txt-float-10.1=10.1.txt]" time="0.0286712646484375"><system-out>SUCCESS parsed [/home/travis/build/smarie/python-parsyfiles/parsyfiles/tests/parsing_capabilities_by_type/primitives_data/str/ok/txt-float-10.1=10.1.txt] as a [str] successfully. Parser used was [&lt;read_str_from_txt&gt;]
10.1==10.1
</system-out></testcase><testcase classname="parsyfiles.tests.parsing_capabilities_by_type.test_parse_primitives" file="parsyfiles/tests/parsing_capabilities_by_type/test_parse_primitives.py" line="179" name="test_parse_by_type[str-ok-txt-int--2=-2.txt]" time="0.028861045837402344"><system-out>SUCCESS parsed [/home/travis/build/smarie/python-parsyfiles/parsyfiles/tests/parsing_capabilities_by_type/primitives_data/str/ok/txt-int--2=-2.txt] as a [str] successfully. Parser used was [&lt;read_str_from_txt&gt;]
-2==-2
</system-out></testcase><testcase classname="parsyfiles.tests.parsing_capabilities_by_type.test_parse_primitives" file="parsyfiles/tests/parsing_capabilities_by_type/test_parse_primitives.py" line="179" name="test_parse_by_type[str-ok-pickle-float-10.1=10.1.pyc]" time="0.029639720916748047"><system-out>ERROR while parsing [/home/travis/build/smarie/python-parsyfiles/parsyfiles/tests/parsing_capabilities_by_type/primitives_data/str/ok/pickle-float-10.1=10.1.pyc] into a [str] using [$&lt;read_object_from_pickle&gt; =&gt; &lt;bool_to_string&gt;$]. Set log level to DEBUG for details
Rebuilding local parsing plan with next candidate parser: $&lt;read_object_from_pickle&gt; =&gt; &lt;float_to_string&gt;$
DONE Rebuilding local parsing plan for [/home/travis/build/smarie/python-parsyfiles/parsyfiles/tests/parsing_capabilities_by_type/primitives_data/str/ok/pickle-float-10.1=10.1.pyc]. Resuming parsing...
SUCCESS parsed [/home/travis/build/smarie/python-parsyfiles/parsyfiles/tests/parsing_capabilities_by_type/primitives_data/str/ok/pickle-float-10.1=10.1.pyc] as a [str] successfully. Parser used was [$&lt;read_object_from_pickle&gt; =&gt; &lt;float_to_string&gt;$]
10.1==10.1
</system-out></testcase><testcase classname="parsyfiles.tests.parsing_capabilities_by_type.test_parse_primitives" file="parsyfiles/tests/parsing_capabilities_by_type/test_parse_primitives.py" line="179" name="test_parse_by_type[str-ok-txt-str-lots%%tof%%nspecial%%rchars=lots%%tof%%nspecial%%rchars.txt]" time="0.030965566635131836"><failure message="AssertionError: assert &apos;lots\tof\nspecial\nchars&apos; == &apos;lots\tof\nspecial\rchars&apos;
    lots	of
  - special
  ?        ^
  + special
  ?        ^
    chars">typ = &apos;str&apos;, ok_or_err = &apos;ok&apos;
file = &apos;txt-str-lots%%tof%%nspecial%%rchars=lots%%tof%%nspecial%%rchars.txt&apos;
root_parser = parsyfiles defaults

    @pytest.mark.parametrize(&quot;typ,ok_or_err,file&quot;, all_tests)
    def test_parse_by_type(typ: str, ok_or_err: str, file: str, root_parser):
        typp = eval(typ)
        # pprint(get_capabilities_for_type(typp))
    
        try:
            # ignore unresolved reference : method `profile` is created on the fly by the line_profiler
            RootParser.parse_item = profile(RootParser.parse_item)
        except:
            pass
    
        if ok_or_err is &apos;ok&apos;:
            parsed = root_parser.parse_item(location=get_file_path_no_ext(typ, ok_or_err, file), item_type=typp)
&gt;           assert parsed == get_expected_answer(file, typp)
E           AssertionError: assert &apos;lots\tof\nspecial\nchars&apos; == &apos;lots\tof\nspecial\rchars&apos;
E               lots	of
E             - special
E             ?        ^
E             + special
E             ?        ^
E               chars

parsyfiles/tests/parsing_capabilities_by_type/test_parse_primitives.py:193: AssertionError</failure><system-out>SUCCESS parsed [/home/travis/build/smarie/python-parsyfiles/parsyfiles/tests/parsing_capabilities_by_type/primitives_data/str/ok/txt-str-lots%%tof%%nspecial%%rchars=lots%%tof%%nspecial%%rchars.txt] as a [str] successfully. Parser used was [&lt;read_str_from_txt&gt;]
</system-out></testcase><testcase classname="parsyfiles.tests.parsing_capabilities_by_type.test_parse_primitives" file="parsyfiles/tests/parsing_capabilities_by_type/test_parse_primitives.py" line="179" name="test_parse_by_type[str-ok-pickle-float--5.2=-5.2.pyc]" time="0.028797388076782227"><system-out>ERROR while parsing [/home/travis/build/smarie/python-parsyfiles/parsyfiles/tests/parsing_capabilities_by_type/primitives_data/str/ok/pickle-float--5.2=-5.2.pyc] into a [str] using [$&lt;read_object_from_pickle&gt; =&gt; &lt;bool_to_string&gt;$]. Set log level to DEBUG for details
Rebuilding local parsing plan with next candidate parser: $&lt;read_object_from_pickle&gt; =&gt; &lt;float_to_string&gt;$
DONE Rebuilding local parsing plan for [/home/travis/build/smarie/python-parsyfiles/parsyfiles/tests/parsing_capabilities_by_type/primitives_data/str/ok/pickle-float--5.2=-5.2.pyc]. Resuming parsing...
SUCCESS parsed [/home/travis/build/smarie/python-parsyfiles/parsyfiles/tests/parsing_capabilities_by_type/primitives_data/str/ok/pickle-float--5.2=-5.2.pyc] as a [str] successfully. Parser used was [$&lt;read_object_from_pickle&gt; =&gt; &lt;float_to_string&gt;$]
-5.2==-5.2
</system-out></testcase><testcase classname="parsyfiles.tests.parsing_capabilities_by_type.test_parse_primitives" file="parsyfiles/tests/parsing_capabilities_by_type/test_parse_primitives.py" line="179" name="test_parse_by_type[str-ok-pickle-float-0.0=0.0.pyc]" time="0.029174089431762695"><system-out>ERROR while parsing [/home/travis/build/smarie/python-parsyfiles/parsyfiles/tests/parsing_capabilities_by_type/primitives_data/str/ok/pickle-float-0.0=0.0.pyc] into a [str] using [$&lt;read_object_from_pickle&gt; =&gt; &lt;bool_to_string&gt;$]. Set log level to DEBUG for details
Rebuilding local parsing plan with next candidate parser: $&lt;read_object_from_pickle&gt; =&gt; &lt;float_to_string&gt;$
DONE Rebuilding local parsing plan for [/home/travis/build/smarie/python-parsyfiles/parsyfiles/tests/parsing_capabilities_by_type/primitives_data/str/ok/pickle-float-0.0=0.0.pyc]. Resuming parsing...
SUCCESS parsed [/home/travis/build/smarie/python-parsyfiles/parsyfiles/tests/parsing_capabilities_by_type/primitives_data/str/ok/pickle-float-0.0=0.0.pyc] as a [str] successfully. Parser used was [$&lt;read_object_from_pickle&gt; =&gt; &lt;float_to_string&gt;$]
0.0==0.0
</system-out></testcase><testcase classname="parsyfiles.tests.parsing_capabilities_by_type.test_parse_primitives" file="parsyfiles/tests/parsing_capabilities_by_type/test_parse_primitives.py" line="179" name="test_parse_by_type[str-ok-pickle-str-lots%%tof%%nspecial%%rchars=lots%%tof%%nspecial%%rchars.pyc]" time="0.03082418441772461"><system-out>ERROR while parsing [/home/travis/build/smarie/python-parsyfiles/parsyfiles/tests/parsing_capabilities_by_type/primitives_data/str/ok/pickle-str-lots%%tof%%nspecial%%rchars=lots%%tof%%nspecial%%rchars.pyc] into a [str] using [$&lt;read_object_from_pickle&gt; =&gt; &lt;bool_to_string&gt;$]. Set log level to DEBUG for details
Rebuilding local parsing plan with next candidate parser: $&lt;read_object_from_pickle&gt; =&gt; &lt;float_to_string&gt;$
DONE Rebuilding local parsing plan for [/home/travis/build/smarie/python-parsyfiles/parsyfiles/tests/parsing_capabilities_by_type/primitives_data/str/ok/pickle-str-lots%%tof%%nspecial%%rchars=lots%%tof%%nspecial%%rchars.pyc]. Resuming parsing...
ERROR while parsing [/home/travis/build/smarie/python-parsyfiles/parsyfiles/tests/parsing_capabilities_by_type/primitives_data/str/ok/pickle-str-lots%%tof%%nspecial%%rchars=lots%%tof%%nspecial%%rchars.pyc] into a [str] using [$&lt;read_object_from_pickle&gt; =&gt; &lt;float_to_string&gt;$]. Set log level to DEBUG for details
Rebuilding local parsing plan with next candidate parser: $&lt;read_object_from_pickle&gt; =&gt; &lt;int_to_string&gt;$
DONE Rebuilding local parsing plan for [/home/travis/build/smarie/python-parsyfiles/parsyfiles/tests/parsing_capabilities_by_type/primitives_data/str/ok/pickle-str-lots%%tof%%nspecial%%rchars=lots%%tof%%nspecial%%rchars.pyc]. Resuming parsing...
ERROR while parsing [/home/travis/build/smarie/python-parsyfiles/parsyfiles/tests/parsing_capabilities_by_type/primitives_data/str/ok/pickle-str-lots%%tof%%nspecial%%rchars=lots%%tof%%nspecial%%rchars.pyc] into a [str] using [$&lt;read_object_from_pickle&gt; =&gt; &lt;int_to_string&gt;$]. Set log level to DEBUG for details
Rebuilding local parsing plan with next candidate parser: &lt;read_object_from_pickle&gt;
DONE Rebuilding local parsing plan for [/home/travis/build/smarie/python-parsyfiles/parsyfiles/tests/parsing_capabilities_by_type/primitives_data/str/ok/pickle-str-lots%%tof%%nspecial%%rchars=lots%%tof%%nspecial%%rchars.pyc]. Resuming parsing...
SUCCESS parsed [/home/travis/build/smarie/python-parsyfiles/parsyfiles/tests/parsing_capabilities_by_type/primitives_data/str/ok/pickle-str-lots%%tof%%nspecial%%rchars=lots%%tof%%nspecial%%rchars.pyc] as a [str] successfully. Parser used was [&lt;read_object_from_pickle&gt;]
lots	of
specialchars==lots	of
specialchars
</system-out></testcase><testcase classname="parsyfiles.tests.parsing_capabilities_by_type.test_parse_primitives" file="parsyfiles/tests/parsing_capabilities_by_type/test_parse_primitives.py" line="179" name="test_parse_by_type[str-ok-txt-float-0.0=0.0.txt]" time="0.03558468818664551"><system-out>SUCCESS parsed [/home/travis/build/smarie/python-parsyfiles/parsyfiles/tests/parsing_capabilities_by_type/primitives_data/str/ok/txt-float-0.0=0.0.txt] as a [str] successfully. Parser used was [&lt;read_str_from_txt&gt;]
0.0==0.0
</system-out></testcase><testcase classname="parsyfiles.tests.parsing_capabilities_by_type.test_parse_primitives" file="parsyfiles/tests/parsing_capabilities_by_type/test_parse_primitives.py" line="179" name="test_parse_by_type[str-ok-pickle-int--2=-2.pyc]" time="0.04528975486755371"><system-out>ERROR while parsing [/home/travis/build/smarie/python-parsyfiles/parsyfiles/tests/parsing_capabilities_by_type/primitives_data/str/ok/pickle-int--2=-2.pyc] into a [str] using [$&lt;read_object_from_pickle&gt; =&gt; &lt;bool_to_string&gt;$]. Set log level to DEBUG for details
Rebuilding local parsing plan with next candidate parser: $&lt;read_object_from_pickle&gt; =&gt; &lt;float_to_string&gt;$
DONE Rebuilding local parsing plan for [/home/travis/build/smarie/python-parsyfiles/parsyfiles/tests/parsing_capabilities_by_type/primitives_data/str/ok/pickle-int--2=-2.pyc]. Resuming parsing...
ERROR while parsing [/home/travis/build/smarie/python-parsyfiles/parsyfiles/tests/parsing_capabilities_by_type/primitives_data/str/ok/pickle-int--2=-2.pyc] into a [str] using [$&lt;read_object_from_pickle&gt; =&gt; &lt;float_to_string&gt;$]. Set log level to DEBUG for details
Rebuilding local parsing plan with next candidate parser: $&lt;read_object_from_pickle&gt; =&gt; &lt;int_to_string&gt;$
DONE Rebuilding local parsing plan for [/home/travis/build/smarie/python-parsyfiles/parsyfiles/tests/parsing_capabilities_by_type/primitives_data/str/ok/pickle-int--2=-2.pyc]. Resuming parsing...
SUCCESS parsed [/home/travis/build/smarie/python-parsyfiles/parsyfiles/tests/parsing_capabilities_by_type/primitives_data/str/ok/pickle-int--2=-2.pyc] as a [str] successfully. Parser used was [$&lt;read_object_from_pickle&gt; =&gt; &lt;int_to_string&gt;$]
-2==-2
</system-out></testcase><testcase classname="parsyfiles.tests.parsing_capabilities_by_type.test_parse_primitives" file="parsyfiles/tests/parsing_capabilities_by_type/test_parse_primitives.py" line="179" name="test_parse_by_type[str-ok-pickle-int-0=0.pyc]" time="0.04841017723083496"><system-out>ERROR while parsing [/home/travis/build/smarie/python-parsyfiles/parsyfiles/tests/parsing_capabilities_by_type/primitives_data/str/ok/pickle-int-0=0.pyc] into a [str] using [$&lt;read_object_from_pickle&gt; =&gt; &lt;bool_to_string&gt;$]. Set log level to DEBUG for details
Rebuilding local parsing plan with next candidate parser: $&lt;read_object_from_pickle&gt; =&gt; &lt;float_to_string&gt;$
DONE Rebuilding local parsing plan for [/home/travis/build/smarie/python-parsyfiles/parsyfiles/tests/parsing_capabilities_by_type/primitives_data/str/ok/pickle-int-0=0.pyc]. Resuming parsing...
ERROR while parsing [/home/travis/build/smarie/python-parsyfiles/parsyfiles/tests/parsing_capabilities_by_type/primitives_data/str/ok/pickle-int-0=0.pyc] into a [str] using [$&lt;read_object_from_pickle&gt; =&gt; &lt;float_to_string&gt;$]. Set log level to DEBUG for details
Rebuilding local parsing plan with next candidate parser: $&lt;read_object_from_pickle&gt; =&gt; &lt;int_to_string&gt;$
DONE Rebuilding local parsing plan for [/home/travis/build/smarie/python-parsyfiles/parsyfiles/tests/parsing_capabilities_by_type/primitives_data/str/ok/pickle-int-0=0.pyc]. Resuming parsing...
SUCCESS parsed [/home/travis/build/smarie/python-parsyfiles/parsyfiles/tests/parsing_capabilities_by_type/primitives_data/str/ok/pickle-int-0=0.pyc] as a [str] successfully. Parser used was [$&lt;read_object_from_pickle&gt; =&gt; &lt;int_to_string&gt;$]
0==0
</system-out></testcase><testcase classname="parsyfiles.tests.parsing_capabilities_by_type.test_parse_primitives" file="parsyfiles/tests/parsing_capabilities_by_type/test_parse_primitives.py" line="179" name="test_parse_by_type[str-ok-txt-int-5=5.txt]" time="0.04198312759399414"><system-out>SUCCESS parsed [/home/travis/build/smarie/python-parsyfiles/parsyfiles/tests/parsing_capabilities_by_type/primitives_data/str/ok/txt-int-5=5.txt] as a [str] successfully. Parser used was [&lt;read_str_from_txt&gt;]
5==5
</system-out></testcase><testcase classname="parsyfiles.tests.parsing_capabilities_by_type.test_parse_primitives" file="parsyfiles/tests/parsing_capabilities_by_type/test_parse_primitives.py" line="179" name="test_parse_by_type[str-ok-pickle-str-toto=toto.pyc]" time="0.04431867599487305"><system-out>ERROR while parsing [/home/travis/build/smarie/python-parsyfiles/parsyfiles/tests/parsing_capabilities_by_type/primitives_data/str/ok/pickle-str-toto=toto.pyc] into a [str] using [$&lt;read_object_from_pickle&gt; =&gt; &lt;bool_to_string&gt;$]. Set log level to DEBUG for details
Rebuilding local parsing plan with next candidate parser: $&lt;read_object_from_pickle&gt; =&gt; &lt;float_to_string&gt;$
DONE Rebuilding local parsing plan for [/home/travis/build/smarie/python-parsyfiles/parsyfiles/tests/parsing_capabilities_by_type/primitives_data/str/ok/pickle-str-toto=toto.pyc]. Resuming parsing...
ERROR while parsing [/home/travis/build/smarie/python-parsyfiles/parsyfiles/tests/parsing_capabilities_by_type/primitives_data/str/ok/pickle-str-toto=toto.pyc] into a [str] using [$&lt;read_object_from_pickle&gt; =&gt; &lt;float_to_string&gt;$]. Set log level to DEBUG for details
Rebuilding local parsing plan with next candidate parser: $&lt;read_object_from_pickle&gt; =&gt; &lt;int_to_string&gt;$
DONE Rebuilding local parsing plan for [/home/travis/build/smarie/python-parsyfiles/parsyfiles/tests/parsing_capabilities_by_type/primitives_data/str/ok/pickle-str-toto=toto.pyc]. Resuming parsing...
ERROR while parsing [/home/travis/build/smarie/python-parsyfiles/parsyfiles/tests/parsing_capabilities_by_type/primitives_data/str/ok/pickle-str-toto=toto.pyc] into a [str] using [$&lt;read_object_from_pickle&gt; =&gt; &lt;int_to_string&gt;$]. Set log level to DEBUG for details
Rebuilding local parsing plan with next candidate parser: &lt;read_object_from_pickle&gt;
DONE Rebuilding local parsing plan for [/home/travis/build/smarie/python-parsyfiles/parsyfiles/tests/parsing_capabilities_by_type/primitives_data/str/ok/pickle-str-toto=toto.pyc]. Resuming parsing...
SUCCESS parsed [/home/travis/build/smarie/python-parsyfiles/parsyfiles/tests/parsing_capabilities_by_type/primitives_data/str/ok/pickle-str-toto=toto.pyc] as a [str] successfully. Parser used was [&lt;read_object_from_pickle&gt;]
toto==toto
</system-out></testcase><testcase classname="parsyfiles.tests.parsing_capabilities_by_type.test_parse_primitives" file="parsyfiles/tests/parsing_capabilities_by_type/test_parse_primitives.py" line="179" name="test_parse_by_type[str-ok-txt-int-0=0.txt]" time="0.04423213005065918"><system-out>SUCCESS parsed [/home/travis/build/smarie/python-parsyfiles/parsyfiles/tests/parsing_capabilities_by_type/primitives_data/str/ok/txt-int-0=0.txt] as a [str] successfully. Parser used was [&lt;read_str_from_txt&gt;]
0==0
</system-out></testcase><testcase classname="parsyfiles.tests.parsing_capabilities_by_type.test_parse_primitives" file="parsyfiles/tests/parsing_capabilities_by_type/test_parse_primitives.py" line="179" name="test_parse_by_type[str-ok-txt-bool-True=True.txt]" time="0.04211711883544922"><system-out>SUCCESS parsed [/home/travis/build/smarie/python-parsyfiles/parsyfiles/tests/parsing_capabilities_by_type/primitives_data/str/ok/txt-bool-True=True.txt] as a [str] successfully. Parser used was [&lt;read_str_from_txt&gt;]
True==True
</system-out></testcase><testcase classname="parsyfiles.tests.parsing_capabilities_by_type.test_parse_primitives" file="parsyfiles/tests/parsing_capabilities_by_type/test_parse_primitives.py" line="179" name="test_parse_by_type[str-ok-pickle-int-5=5.pyc]" time="0.04781794548034668"><system-out>ERROR while parsing [/home/travis/build/smarie/python-parsyfiles/parsyfiles/tests/parsing_capabilities_by_type/primitives_data/str/ok/pickle-int-5=5.pyc] into a [str] using [$&lt;read_object_from_pickle&gt; =&gt; &lt;bool_to_string&gt;$]. Set log level to DEBUG for details
Rebuilding local parsing plan with next candidate parser: $&lt;read_object_from_pickle&gt; =&gt; &lt;float_to_string&gt;$
DONE Rebuilding local parsing plan for [/home/travis/build/smarie/python-parsyfiles/parsyfiles/tests/parsing_capabilities_by_type/primitives_data/str/ok/pickle-int-5=5.pyc]. Resuming parsing...
ERROR while parsing [/home/travis/build/smarie/python-parsyfiles/parsyfiles/tests/parsing_capabilities_by_type/primitives_data/str/ok/pickle-int-5=5.pyc] into a [str] using [$&lt;read_object_from_pickle&gt; =&gt; &lt;float_to_string&gt;$]. Set log level to DEBUG for details
Rebuilding local parsing plan with next candidate parser: $&lt;read_object_from_pickle&gt; =&gt; &lt;int_to_string&gt;$
DONE Rebuilding local parsing plan for [/home/travis/build/smarie/python-parsyfiles/parsyfiles/tests/parsing_capabilities_by_type/primitives_data/str/ok/pickle-int-5=5.pyc]. Resuming parsing...
SUCCESS parsed [/home/travis/build/smarie/python-parsyfiles/parsyfiles/tests/parsing_capabilities_by_type/primitives_data/str/ok/pickle-int-5=5.pyc] as a [str] successfully. Parser used was [$&lt;read_object_from_pickle&gt; =&gt; &lt;int_to_string&gt;$]
5==5
</system-out></testcase><testcase classname="parsyfiles.tests.parsing_capabilities_by_type.test_parse_primitives" file="parsyfiles/tests/parsing_capabilities_by_type/test_parse_primitives.py" line="179" name="test_parse_by_type[str-ok-pickle-str-a=a.pyc]" time="0.04684877395629883"><system-out>ERROR while parsing [/home/travis/build/smarie/python-parsyfiles/parsyfiles/tests/parsing_capabilities_by_type/primitives_data/str/ok/pickle-str-a=a.pyc] into a [str] using [$&lt;read_object_from_pickle&gt; =&gt; &lt;bool_to_string&gt;$]. Set log level to DEBUG for details
Rebuilding local parsing plan with next candidate parser: $&lt;read_object_from_pickle&gt; =&gt; &lt;float_to_string&gt;$
DONE Rebuilding local parsing plan for [/home/travis/build/smarie/python-parsyfiles/parsyfiles/tests/parsing_capabilities_by_type/primitives_data/str/ok/pickle-str-a=a.pyc]. Resuming parsing...
ERROR while parsing [/home/travis/build/smarie/python-parsyfiles/parsyfiles/tests/parsing_capabilities_by_type/primitives_data/str/ok/pickle-str-a=a.pyc] into a [str] using [$&lt;read_object_from_pickle&gt; =&gt; &lt;float_to_string&gt;$]. Set log level to DEBUG for details
Rebuilding local parsing plan with next candidate parser: $&lt;read_object_from_pickle&gt; =&gt; &lt;int_to_string&gt;$
DONE Rebuilding local parsing plan for [/home/travis/build/smarie/python-parsyfiles/parsyfiles/tests/parsing_capabilities_by_type/primitives_data/str/ok/pickle-str-a=a.pyc]. Resuming parsing...
ERROR while parsing [/home/travis/build/smarie/python-parsyfiles/parsyfiles/tests/parsing_capabilities_by_type/primitives_data/str/ok/pickle-str-a=a.pyc] into a [str] using [$&lt;read_object_from_pickle&gt; =&gt; &lt;int_to_string&gt;$]. Set log level to DEBUG for details
Rebuilding local parsing plan with next candidate parser: &lt;read_object_from_pickle&gt;
DONE Rebuilding local parsing plan for [/home/travis/build/smarie/python-parsyfiles/parsyfiles/tests/parsing_capabilities_by_type/primitives_data/str/ok/pickle-str-a=a.pyc]. Resuming parsing...
SUCCESS parsed [/home/travis/build/smarie/python-parsyfiles/parsyfiles/tests/parsing_capabilities_by_type/primitives_data/str/ok/pickle-str-a=a.pyc] as a [str] successfully. Parser used was [&lt;read_object_from_pickle&gt;]
a==a
</system-out></testcase><testcase classname="parsyfiles.tests.parsing_capabilities_by_type.test_parse_primitives" file="parsyfiles/tests/parsing_capabilities_by_type/test_parse_primitives.py" line="179" name="test_parse_by_type[str-ok-txt-str-a=a.txt]" time="0.04243278503417969"><system-out>SUCCESS parsed [/home/travis/build/smarie/python-parsyfiles/parsyfiles/tests/parsing_capabilities_by_type/primitives_data/str/ok/txt-str-a=a.txt] as a [str] successfully. Parser used was [&lt;read_str_from_txt&gt;]
a==a
</system-out></testcase><testcase classname="parsyfiles.tests.pytest_integration.test_pytest" file="parsyfiles/tests/pytest_integration/test_pytest.py" line="18" name="test_simple_objects[test_diff_1]" time="0.011376142501831055"><system-out>SUCCESS parsed [/home/travis/build/smarie/python-parsyfiles/parsyfiles/tests/pytest_integration/../parsing_capabilities_by_type/objects_data/test_diff_1.cfg] as a [ExecOpTest] successfully. Parser used was [$&lt;read_config&gt; =&gt; &lt;merge_all_config_sections_into_a_single_dict&gt; -&gt; &lt;dict_to_object&gt;$]
1.0 - 1.0 =? 0.0
</system-out></testcase><testcase classname="parsyfiles.tests.pytest_integration.test_pytest" file="parsyfiles/tests/pytest_integration/test_pytest.py" line="18" name="test_simple_objects[test_diff_2]" time="0.01186513900756836"><system-out>SUCCESS parsed [/home/travis/build/smarie/python-parsyfiles/parsyfiles/tests/pytest_integration/../parsing_capabilities_by_type/objects_data/test_diff_2.ini] as a [ExecOpTest] successfully. Parser used was [$&lt;read_config&gt; =&gt; &lt;merge_all_config_sections_into_a_single_dict&gt; -&gt; &lt;dict_to_object&gt;$]
0.0 - 1.0 =? -1.0
</system-out></testcase><testcase classname="parsyfiles.tests.pytest_integration.test_pytest" file="parsyfiles/tests/pytest_integration/test_pytest.py" line="18" name="test_simple_objects[test_diff_3]" time="0.0066258907318115234"><system-out>SUCCESS parsed [/home/travis/build/smarie/python-parsyfiles/parsyfiles/tests/pytest_integration/../parsing_capabilities_by_type/objects_data/test_diff_3/expected_result.txt] as a [float] successfully. Parser used was [$&lt;read_str_from_txt&gt; =&gt; &lt;str_to_float&gt;$]
SUCCESS parsed [/home/travis/build/smarie/python-parsyfiles/parsyfiles/tests/pytest_integration/../parsing_capabilities_by_type/objects_data/test_diff_3/op.txt] as a [str] successfully. Parser used was [&lt;read_str_from_txt&gt;]
SUCCESS parsed [/home/travis/build/smarie/python-parsyfiles/parsyfiles/tests/pytest_integration/../parsing_capabilities_by_type/objects_data/test_diff_3/x.txt] as a [float] successfully. Parser used was [$&lt;read_str_from_txt&gt; =&gt; &lt;str_to_float&gt;$]
SUCCESS parsed [/home/travis/build/smarie/python-parsyfiles/parsyfiles/tests/pytest_integration/../parsing_capabilities_by_type/objects_data/test_diff_3/y.txt] as a [float] successfully. Parser used was [$&lt;read_str_from_txt&gt; =&gt; &lt;str_to_float&gt;$]
SUCCESS parsed [/home/travis/build/smarie/python-parsyfiles/parsyfiles/tests/pytest_integration/../parsing_capabilities_by_type/objects_data/test_diff_3] as a [ExecOpTest] successfully. Parser used was [Multifile Object parser (parsyfiles defaults)]
6.0 - 1.0 =? 5.0
</system-out></testcase><testcase classname="parsyfiles.tests.pytest_integration.test_pytest" file="parsyfiles/tests/pytest_integration/test_pytest.py" line="18" name="test_simple_objects[test_diff_3_csv_format]" time="0.018443822860717773"><system-out>ERROR while parsing [/home/travis/build/smarie/python-parsyfiles/parsyfiles/tests/pytest_integration/../parsing_capabilities_by_type/objects_data/test_diff_3_csv_format.txt] into a [ExecOpTest] using [$&lt;read_dict_from_properties&gt; =&gt; &lt;dict_to_object&gt;$]. Set log level to DEBUG for details
Rebuilding local parsing plan with next candidate parser: $&lt;read_str_from_txt&gt; =&gt; &lt;constructor_with_str_arg&gt;$
DONE Rebuilding local parsing plan for [/home/travis/build/smarie/python-parsyfiles/parsyfiles/tests/pytest_integration/../parsing_capabilities_by_type/objects_data/test_diff_3_csv_format.txt]. Resuming parsing...
ERROR while parsing [/home/travis/build/smarie/python-parsyfiles/parsyfiles/tests/pytest_integration/../parsing_capabilities_by_type/objects_data/test_diff_3_csv_format.txt] into a [ExecOpTest] using [$&lt;read_str_from_txt&gt; =&gt; &lt;constructor_with_str_arg&gt;$]. Set log level to DEBUG for details
Rebuilding local parsing plan with next candidate parser: $&lt;read_str_from_txt&gt; =&gt; &lt;base64_ascii_str_pickle_to_object&gt;$
DONE Rebuilding local parsing plan for [/home/travis/build/smarie/python-parsyfiles/parsyfiles/tests/pytest_integration/../parsing_capabilities_by_type/objects_data/test_diff_3_csv_format.txt]. Resuming parsing...
ERROR while parsing [/home/travis/build/smarie/python-parsyfiles/parsyfiles/tests/pytest_integration/../parsing_capabilities_by_type/objects_data/test_diff_3_csv_format.txt] into a [ExecOpTest] using [$&lt;read_str_from_txt&gt; =&gt; &lt;base64_ascii_str_pickle_to_object&gt;$]. Set log level to DEBUG for details
Rebuilding local parsing plan with next candidate parser: $&lt;read_df_or_series_from_csv&gt; =&gt; &lt;single_row_or_col_df_to_dict&gt; -&gt; &lt;dict_to_object&gt;$
DONE Rebuilding local parsing plan for [/home/travis/build/smarie/python-parsyfiles/parsyfiles/tests/pytest_integration/../parsing_capabilities_by_type/objects_data/test_diff_3_csv_format.txt]. Resuming parsing...
SUCCESS parsed [/home/travis/build/smarie/python-parsyfiles/parsyfiles/tests/pytest_integration/../parsing_capabilities_by_type/objects_data/test_diff_3_csv_format.txt] as a [ExecOpTest] successfully. Parser used was [$&lt;read_df_or_series_from_csv&gt; =&gt; &lt;single_row_or_col_df_to_dict&gt; -&gt; &lt;dict_to_object&gt;$]
5.0 - 4.0 =? 1.0
</system-out></testcase><testcase classname="parsyfiles.tests.pytest_integration.test_pytest" file="parsyfiles/tests/pytest_integration/test_pytest.py" line="18" name="test_simple_objects[test_diff_4_csv_format2]" time="0.017271995544433594"><system-out>ERROR while parsing [/home/travis/build/smarie/python-parsyfiles/parsyfiles/tests/pytest_integration/../parsing_capabilities_by_type/objects_data/test_diff_4_csv_format2.txt] into a [ExecOpTest] using [$&lt;read_dict_from_properties&gt; =&gt; &lt;dict_to_object&gt;$]. Set log level to DEBUG for details
Rebuilding local parsing plan with next candidate parser: $&lt;read_str_from_txt&gt; =&gt; &lt;constructor_with_str_arg&gt;$
DONE Rebuilding local parsing plan for [/home/travis/build/smarie/python-parsyfiles/parsyfiles/tests/pytest_integration/../parsing_capabilities_by_type/objects_data/test_diff_4_csv_format2.txt]. Resuming parsing...
ERROR while parsing [/home/travis/build/smarie/python-parsyfiles/parsyfiles/tests/pytest_integration/../parsing_capabilities_by_type/objects_data/test_diff_4_csv_format2.txt] into a [ExecOpTest] using [$&lt;read_str_from_txt&gt; =&gt; &lt;constructor_with_str_arg&gt;$]. Set log level to DEBUG for details
Rebuilding local parsing plan with next candidate parser: $&lt;read_str_from_txt&gt; =&gt; &lt;base64_ascii_str_pickle_to_object&gt;$
DONE Rebuilding local parsing plan for [/home/travis/build/smarie/python-parsyfiles/parsyfiles/tests/pytest_integration/../parsing_capabilities_by_type/objects_data/test_diff_4_csv_format2.txt]. Resuming parsing...
ERROR while parsing [/home/travis/build/smarie/python-parsyfiles/parsyfiles/tests/pytest_integration/../parsing_capabilities_by_type/objects_data/test_diff_4_csv_format2.txt] into a [ExecOpTest] using [$&lt;read_str_from_txt&gt; =&gt; &lt;base64_ascii_str_pickle_to_object&gt;$]. Set log level to DEBUG for details
Rebuilding local parsing plan with next candidate parser: $&lt;read_df_or_series_from_csv&gt; =&gt; &lt;single_row_or_col_df_to_dict&gt; -&gt; &lt;dict_to_object&gt;$
DONE Rebuilding local parsing plan for [/home/travis/build/smarie/python-parsyfiles/parsyfiles/tests/pytest_integration/../parsing_capabilities_by_type/objects_data/test_diff_4_csv_format2.txt]. Resuming parsing...
SUCCESS parsed [/home/travis/build/smarie/python-parsyfiles/parsyfiles/tests/pytest_integration/../parsing_capabilities_by_type/objects_data/test_diff_4_csv_format2.txt] as a [ExecOpTest] successfully. Parser used was [$&lt;read_df_or_series_from_csv&gt; =&gt; &lt;single_row_or_col_df_to_dict&gt; -&gt; &lt;dict_to_object&gt;$]
4.0 - 4.0 =? 0.0
</system-out></testcase><testcase classname="parsyfiles.tests.pytest_integration.test_pytest" file="parsyfiles/tests/pytest_integration/test_pytest.py" line="18" name="test_simple_objects[test_sum_1]" time="0.010630130767822266"><system-out>SUCCESS parsed [/home/travis/build/smarie/python-parsyfiles/parsyfiles/tests/pytest_integration/../parsing_capabilities_by_type/objects_data/test_sum_1.json] as a [ExecOpTest] successfully. Parser used was [$&lt;read_dict_or_list_from_json&gt; =&gt; &lt;dict_to_object&gt;$]
1.0 + 2.0 =? 3.0
</system-out></testcase><testcase classname="parsyfiles.tests.pytest_integration.test_pytest" file="parsyfiles/tests/pytest_integration/test_pytest.py" line="18" name="test_simple_objects[test_sum_2]" time="0.009505748748779297"><system-out>SUCCESS parsed [/home/travis/build/smarie/python-parsyfiles/parsyfiles/tests/pytest_integration/../parsing_capabilities_by_type/objects_data/test_sum_2.properties] as a [ExecOpTest] successfully. Parser used was [$&lt;read_dict_from_properties&gt; =&gt; &lt;dict_to_object&gt;$]
0.0 + 1.0 =? 1.0
</system-out></testcase><testcase classname="parsyfiles.tests.pytest_integration.test_pytest" file="parsyfiles/tests/pytest_integration/test_pytest.py" line="18" name="test_simple_objects[test_sum_3_properties_format]" time="0.00743412971496582"><system-out>SUCCESS parsed [/home/travis/build/smarie/python-parsyfiles/parsyfiles/tests/pytest_integration/../parsing_capabilities_by_type/objects_data/test_sum_3_properties_format.txt] as a [ExecOpTest] successfully. Parser used was [$&lt;read_dict_from_properties&gt; =&gt; &lt;dict_to_object&gt;$]
1.0 + 1.0 =? 2.0
</system-out></testcase><testcase classname="parsyfiles.tests.pytest_integration.test_pytest" file="parsyfiles/tests/pytest_integration/test_pytest.py" line="18" name="test_simple_objects[test_sum_3_with_inner_b64_pickle]" time="0.007432222366333008"><system-out>SUCCESS parsed [/home/travis/build/smarie/python-parsyfiles/parsyfiles/tests/pytest_integration/../parsing_capabilities_by_type/objects_data/test_sum_3_with_inner_b64_pickle.txt] as a [ExecOpTest] successfully. Parser used was [$&lt;read_dict_from_properties&gt; =&gt; &lt;dict_to_object&gt;$]
1.0 + 1.0 =? 2.0
</system-out></testcase><testcase classname="parsyfiles.tests.pytest_integration.test_pytest" file="parsyfiles/tests/pytest_integration/test_pytest.py" line="18" name="test_simple_objects[test_sum_4]" time="0.011790037155151367"><system-out>ERROR while parsing [/home/travis/build/smarie/python-parsyfiles/parsyfiles/tests/pytest_integration/../parsing_capabilities_by_type/objects_data/test_sum_4.yaml] into a [ExecOpTest] using [&lt;read_object_from_yaml&gt;]. Set log level to DEBUG for details
Rebuilding local parsing plan with next candidate parser: $&lt;read_collection_from_yaml&gt; =&gt; &lt;dict_to_object&gt;$
DONE Rebuilding local parsing plan for [/home/travis/build/smarie/python-parsyfiles/parsyfiles/tests/pytest_integration/../parsing_capabilities_by_type/objects_data/test_sum_4.yaml]. Resuming parsing...
SUCCESS parsed [/home/travis/build/smarie/python-parsyfiles/parsyfiles/tests/pytest_integration/../parsing_capabilities_by_type/objects_data/test_sum_4.yaml] as a [ExecOpTest] successfully. Parser used was [$&lt;read_collection_from_yaml&gt; =&gt; &lt;dict_to_object&gt;$]
2.0 + 5.0 =? 7.0
</system-out></testcase><testcase classname="parsyfiles.tests.pytest_integration.test_pytest" file="parsyfiles/tests/pytest_integration/test_pytest.py" line="18" name="test_simple_objects[test_sum_5]" time="0.010499954223632812"><system-out>ERROR while parsing [/home/travis/build/smarie/python-parsyfiles/parsyfiles/tests/pytest_integration/../parsing_capabilities_by_type/objects_data/test_sum_5.yaml] into a [ExecOpTest] using [&lt;read_object_from_yaml&gt;]. Set log level to DEBUG for details
Rebuilding local parsing plan with next candidate parser: $&lt;read_collection_from_yaml&gt; =&gt; &lt;dict_to_object&gt;$
DONE Rebuilding local parsing plan for [/home/travis/build/smarie/python-parsyfiles/parsyfiles/tests/pytest_integration/../parsing_capabilities_by_type/objects_data/test_sum_5.yaml]. Resuming parsing...
SUCCESS parsed [/home/travis/build/smarie/python-parsyfiles/parsyfiles/tests/pytest_integration/../parsing_capabilities_by_type/objects_data/test_sum_5.yaml] as a [ExecOpTest] successfully. Parser used was [$&lt;read_collection_from_yaml&gt; =&gt; &lt;dict_to_object&gt;$]
1.0 + 5.0 =? 6.0
</system-out></testcase><testcase classname="parsyfiles.tests.pytest_integration.test_pytest" file="parsyfiles/tests/pytest_integration/test_pytest.py" line="18" name="test_simple_objects[test_sum_6]" time="0.01996135711669922"><system-out>SUCCESS parsed [/home/travis/build/smarie/python-parsyfiles/parsyfiles/tests/pytest_integration/../parsing_capabilities_by_type/objects_data/test_sum_6.xlsx] as a [ExecOpTest] successfully. Parser used was [$&lt;read_dataframe_from_xls&gt; =&gt; &lt;single_row_or_col_df_to_dict&gt; -&gt; &lt;dict_to_object&gt;$]
56.0 + 13.0 =? 69.0
</system-out></testcase><testcase classname="parsyfiles.tests.pytest_integration.test_pytest" file="parsyfiles/tests/pytest_integration/test_pytest.py" line="18" name="test_simple_objects[test_sum_7]" time="0.013648748397827148"><system-out>SUCCESS parsed [/home/travis/build/smarie/python-parsyfiles/parsyfiles/tests/pytest_integration/../parsing_capabilities_by_type/objects_data/test_sum_7.xlsm] as a [ExecOpTest] successfully. Parser used was [$&lt;read_dataframe_from_xls&gt; =&gt; &lt;single_row_or_col_df_to_dict&gt; -&gt; &lt;dict_to_object&gt;$]
56.0 + 14.0 =? 70.0
</system-out></testcase><testcase classname="parsyfiles.tests.pytest_integration.test_pytest" file="parsyfiles/tests/pytest_integration/test_pytest.py" line="18" name="test_simple_objects[test_sum_8]" time="0.022508621215820312"><system-out>SUCCESS parsed [/home/travis/build/smarie/python-parsyfiles/parsyfiles/tests/pytest_integration/../parsing_capabilities_by_type/objects_data/test_sum_8.xls] as a [ExecOpTest] successfully. Parser used was [$&lt;read_dataframe_from_xls&gt; =&gt; &lt;single_row_or_col_df_to_dict&gt; -&gt; &lt;dict_to_object&gt;$]
56.0 + 12.0 =? 68.0
</system-out></testcase><testcase classname="parsyfiles.tests.unittests.test_type_inspection_tools" file="parsyfiles/tests/unittests/test_type_inspection_tools.py" line="36" name="test_robust_isinstance[r-&lt;class &apos;str&apos;&gt;-True]" time="0.002465486526489258"></testcase><testcase classname="parsyfiles.tests.unittests.test_type_inspection_tools" file="parsyfiles/tests/unittests/test_type_inspection_tools.py" line="36" name="test_robust_isinstance[r-&lt;class &apos;int&apos;&gt;-False]" time="0.002050161361694336"></testcase><testcase classname="parsyfiles.tests.unittests.test_type_inspection_tools" file="parsyfiles/tests/unittests/test_type_inspection_tools.py" line="36" name="test_robust_isinstance[[]-typing.List-True]" time="0.002912759780883789"></testcase><testcase classname="parsyfiles.tests.unittests.test_type_inspection_tools" file="parsyfiles/tests/unittests/test_type_inspection_tools.py" line="36" name="test_robust_isinstance[[]-typing.Set-False]" time="0.0025157928466796875"></testcase><testcase classname="parsyfiles.tests.unittests.test_type_inspection_tools" file="parsyfiles/tests/unittests/test_type_inspection_tools.py" line="36" name="test_robust_isinstance[{1: 2}-typing.Dict-True]" time="0.001955747604370117"></testcase><testcase classname="parsyfiles.tests.unittests.test_type_inspection_tools" file="parsyfiles/tests/unittests/test_type_inspection_tools.py" line="36" name="test_robust_isinstance[set()-typing.Set-True]" time="0.002964496612548828"></testcase><testcase classname="parsyfiles.tests.unittests.test_type_inspection_tools" file="parsyfiles/tests/unittests/test_type_inspection_tools.py" line="36" name="test_robust_isinstance[~T-typing.TypeVar-True]" time="0.0025777816772460938"></testcase><testcase classname="parsyfiles.tests.unittests.test_type_inspection_tools" file="parsyfiles/tests/unittests/test_type_inspection_tools.py" line="36" name="test_robust_isinstance[~T-&lt;class &apos;str&apos;&gt;-False]" time="0.003052949905395508"></testcase><testcase classname="parsyfiles.tests.unittests.test_type_inspection_tools" file="parsyfiles/tests/unittests/test_type_inspection_tools.py" line="36" name="test_robust_isinstance[(1, 2)-typing.Tuple-True]" time="0.002590179443359375"></testcase><testcase classname="parsyfiles.tests.unittests.test_type_inspection_tools" file="parsyfiles/tests/unittests/test_type_inspection_tools.py" line="36" name="test_robust_isinstance[[]-typing.Union[typing.Any, str]-True]" time="0.0018503665924072266"></testcase><testcase classname="parsyfiles.tests.unittests.test_type_inspection_tools" file="parsyfiles/tests/unittests/test_type_inspection_tools.py" line="36" name="test_robust_isinstance[&lt;function &lt;lambda&gt; at 0x7fa78c3818c8&gt;-typing.Callable-True]" time="0.0026230812072753906"></testcase><testcase classname="parsyfiles.tests.unittests.test_type_inspection_tools" file="parsyfiles/tests/unittests/test_type_inspection_tools.py" line="36" name="test_robust_isinstance[&lt;function &lt;lambda&gt; at 0x7fa78c381840&gt;-typing.Tuple-False]" time="0.0013854503631591797"></testcase><testcase classname="parsyfiles.tests.unittests.test_type_inspection_tools" file="parsyfiles/tests/unittests/test_type_inspection_tools.py" line="36" name="test_robust_isinstance[(1, 2)-typing.Tuple[numbers.Integral, numbers.Integral]-True]" time="0.0032296180725097656"></testcase><testcase classname="parsyfiles.tests.unittests.test_type_inspection_tools" file="parsyfiles/tests/unittests/test_type_inspection_tools.py" line="36" name="test_robust_isinstance[(1, 2)-typing.Tuple[str, str]-True]" time="0.0022869110107421875"></testcase><testcase classname="parsyfiles.tests.unittests.test_type_inspection_tools" file="parsyfiles/tests/unittests/test_type_inspection_tools.py" line="36" name="test_robust_isinstance[[&apos;r&apos;, None]-typing.List[str]-True]" time="0.002456188201904297"></testcase><testcase classname="parsyfiles.tests.unittests.test_type_inspection_tools" file="parsyfiles/tests/unittests/test_type_inspection_tools.py" line="36" name="test_robust_isinstance[{1: 2}-typing.Dict[typing.Any, typing.Any]-True]" time="0.002902507781982422"></testcase><testcase classname="parsyfiles.tests.unittests.test_type_inspection_tools" file="parsyfiles/tests/unittests/test_type_inspection_tools.py" line="36" name="test_robust_isinstance[{1: 2}-typing.Set[typing.Any]-False]" time="0.002363443374633789"></testcase><testcase classname="parsyfiles.tests.unittests.test_type_inspection_tools" file="parsyfiles/tests/unittests/test_type_inspection_tools.py" line="36" name="test_robust_isinstance[set()-typing.Set[str]-True]" time="0.002115011215209961"></testcase><testcase classname="parsyfiles.tests.unittests.test_type_inspection_tools" file="parsyfiles/tests/unittests/test_type_inspection_tools.py" line="62" name="test_get_base_generic_type[&lt;class &apos;str&apos;&gt;-&lt;class &apos;str&apos;&gt;]" time="0.0019147396087646484"></testcase><testcase classname="parsyfiles.tests.unittests.test_type_inspection_tools" file="parsyfiles/tests/unittests/test_type_inspection_tools.py" line="62" name="test_get_base_generic_type[&lt;class &apos;int&apos;&gt;-&lt;class &apos;int&apos;&gt;]" time="0.002194643020629883"></testcase><testcase classname="parsyfiles.tests.unittests.test_type_inspection_tools" file="parsyfiles/tests/unittests/test_type_inspection_tools.py" line="62" name="test_get_base_generic_type[typing.Dict-typing.Dict]" time="0.0019648075103759766"></testcase><testcase classname="parsyfiles.tests.unittests.test_type_inspection_tools" file="parsyfiles/tests/unittests/test_type_inspection_tools.py" line="62" name="test_get_base_generic_type[typing.List-typing.List]" time="0.001524209976196289"></testcase><testcase classname="parsyfiles.tests.unittests.test_type_inspection_tools" file="parsyfiles/tests/unittests/test_type_inspection_tools.py" line="62" name="test_get_base_generic_type[typing.Set-typing.Set]" time="0.002215147018432617"></testcase><testcase classname="parsyfiles.tests.unittests.test_type_inspection_tools" file="parsyfiles/tests/unittests/test_type_inspection_tools.py" line="62" name="test_get_base_generic_type[typing.Tuple-typing.Tuple]" time="0.0032868385314941406"></testcase><testcase classname="parsyfiles.tests.unittests.test_type_inspection_tools" file="parsyfiles/tests/unittests/test_type_inspection_tools.py" line="62" name="test_get_base_generic_type[typing.Dict[str, int]-typing.Dict]" time="0.0019559860229492188"></testcase><testcase classname="parsyfiles.tests.unittests.test_type_inspection_tools" file="parsyfiles/tests/unittests/test_type_inspection_tools.py" line="62" name="test_get_base_generic_type[typing.List[typing.List[str]]-typing.List]" time="0.0017693042755126953"></testcase><testcase classname="parsyfiles.tests.unittests.test_type_inspection_tools" file="parsyfiles/tests/unittests/test_type_inspection_tools.py" line="62" name="test_get_base_generic_type[typing.Set[str]-typing.Set]" time="0.001947164535522461"></testcase><testcase classname="parsyfiles.tests.unittests.test_type_inspection_tools" file="parsyfiles/tests/unittests/test_type_inspection_tools.py" line="62" name="test_get_base_generic_type[typing.Tuple[int, str]-typing.Tuple]" time="0.002254962921142578"></testcase><testcase classname="parsyfiles.tests.unittests.test_type_inspection_tools" file="parsyfiles/tests/unittests/test_type_inspection_tools.py" line="62" name="test_get_base_generic_type[typing.Any-typing.Any]" time="0.0018649101257324219"></testcase><testcase classname="parsyfiles.tests.unittests.test_type_inspection_tools" file="parsyfiles/tests/unittests/test_type_inspection_tools.py" line="62" name="test_get_base_generic_type[typing.Union-typing.Union]" time="0.0019047260284423828"></testcase><testcase classname="parsyfiles.tests.unittests.test_type_inspection_tools" file="parsyfiles/tests/unittests/test_type_inspection_tools.py" line="62" name="test_get_base_generic_type[typing.Union[typing.Any, NoneType]-typing.Union]" time="0.0018808841705322266"></testcase><testcase classname="parsyfiles.tests.unittests.test_type_inspection_tools" file="parsyfiles/tests/unittests/test_type_inspection_tools.py" line="118" name="test_is_collection[&lt;class &apos;str&apos;&gt;-True-False]" time="0.0026483535766601562"></testcase><testcase classname="parsyfiles.tests.unittests.test_type_inspection_tools" file="parsyfiles/tests/unittests/test_type_inspection_tools.py" line="118" name="test_is_collection[&lt;class &apos;int&apos;&gt;-False-False]" time="0.0023870468139648438"></testcase><testcase classname="parsyfiles.tests.unittests.test_type_inspection_tools" file="parsyfiles/tests/unittests/test_type_inspection_tools.py" line="118" name="test_is_collection[&lt;class &apos;list&apos;&gt;-True-True]" time="0.002636432647705078"></testcase><testcase classname="parsyfiles.tests.unittests.test_type_inspection_tools" file="parsyfiles/tests/unittests/test_type_inspection_tools.py" line="118" name="test_is_collection[&lt;class &apos;list&apos;&gt;-False-True]" time="0.003148317337036133"></testcase><testcase classname="parsyfiles.tests.unittests.test_type_inspection_tools" file="parsyfiles/tests/unittests/test_type_inspection_tools.py" line="118" name="test_is_collection[&lt;class &apos;set&apos;&gt;-True-True]" time="0.0021865367889404297"></testcase><testcase classname="parsyfiles.tests.unittests.test_type_inspection_tools" file="parsyfiles/tests/unittests/test_type_inspection_tools.py" line="118" name="test_is_collection[&lt;class &apos;dict&apos;&gt;-True-True]" time="0.0026421546936035156"></testcase><testcase classname="parsyfiles.tests.unittests.test_type_inspection_tools" file="parsyfiles/tests/unittests/test_type_inspection_tools.py" line="118" name="test_is_collection[&lt;class &apos;tuple&apos;&gt;-True-True]" time="0.002987384796142578"></testcase><testcase classname="parsyfiles.tests.unittests.test_type_inspection_tools" file="parsyfiles/tests/unittests/test_type_inspection_tools.py" line="118" name="test_is_collection[typing.Dict-True-True]" time="0.003655672073364258"></testcase><testcase classname="parsyfiles.tests.unittests.test_type_inspection_tools" file="parsyfiles/tests/unittests/test_type_inspection_tools.py" line="118" name="test_is_collection[typing.List-True-True]" time="0.001978635787963867"></testcase><testcase classname="parsyfiles.tests.unittests.test_type_inspection_tools" file="parsyfiles/tests/unittests/test_type_inspection_tools.py" line="118" name="test_is_collection[typing.Set-True-True]" time="0.0023555755615234375"></testcase><testcase classname="parsyfiles.tests.unittests.test_type_inspection_tools" file="parsyfiles/tests/unittests/test_type_inspection_tools.py" line="118" name="test_is_collection[typing.Tuple-True-True]" time="0.0032804012298583984"></testcase><testcase classname="parsyfiles.tests.unittests.test_type_inspection_tools" file="parsyfiles/tests/unittests/test_type_inspection_tools.py" line="118" name="test_is_collection[typing.Dict[str, int]-True-True]" time="0.002463102340698242"></testcase><testcase classname="parsyfiles.tests.unittests.test_type_inspection_tools" file="parsyfiles/tests/unittests/test_type_inspection_tools.py" line="118" name="test_is_collection[typing.List[typing.List[str]]-True-True]" time="0.0014979839324951172"></testcase><testcase classname="parsyfiles.tests.unittests.test_type_inspection_tools" file="parsyfiles/tests/unittests/test_type_inspection_tools.py" line="118" name="test_is_collection[typing.Set[str]-True-True]" time="0.0028073787689208984"></testcase><testcase classname="parsyfiles.tests.unittests.test_type_inspection_tools" file="parsyfiles/tests/unittests/test_type_inspection_tools.py" line="118" name="test_is_collection[typing.Tuple[int, str]-True-True]" time="0.002710580825805664"></testcase><testcase classname="parsyfiles.tests.unittests.test_type_inspection_tools" file="parsyfiles/tests/unittests/test_type_inspection_tools.py" line="118" name="test_is_collection[&lt;class &apos;test_type_inspection_tools.MyDict&apos;&gt;-True-False]" time="0.002540111541748047"></testcase><testcase classname="parsyfiles.tests.unittests.test_type_inspection_tools" file="parsyfiles/tests/unittests/test_type_inspection_tools.py" line="118" name="test_is_collection[&lt;class &apos;test_type_inspection_tools.MyDict&apos;&gt;-False-True]" time="0.0026264190673828125"></testcase><testcase classname="parsyfiles.tests.unittests.test_type_inspection_tools" file="parsyfiles/tests/unittests/test_type_inspection_tools.py" line="118" name="test_is_collection[test_type_inspection_tools.MyDict2-True-False]" time="0.0023152828216552734"></testcase><testcase classname="parsyfiles.tests.unittests.test_type_inspection_tools" file="parsyfiles/tests/unittests/test_type_inspection_tools.py" line="118" name="test_is_collection[test_type_inspection_tools.MyDict2-False-True]" time="0.003201723098754883"></testcase><testcase classname="parsyfiles.tests.unittests.test_type_inspection_tools" file="parsyfiles/tests/unittests/test_type_inspection_tools.py" line="118" name="test_is_collection[test_type_inspection_tools.MyDict3-True-False]" time="0.002240419387817383"></testcase><testcase classname="parsyfiles.tests.unittests.test_type_inspection_tools" file="parsyfiles/tests/unittests/test_type_inspection_tools.py" line="118" name="test_is_collection[test_type_inspection_tools.MyDict3-False-True]" time="0.003052234649658203"></testcase><testcase classname="parsyfiles.tests.unittests.test_type_inspection_tools" file="parsyfiles/tests/unittests/test_type_inspection_tools.py" line="118" name="test_is_collection[test_type_inspection_tools.MyDict4-True-False]" time="0.0019457340240478516"></testcase><testcase classname="parsyfiles.tests.unittests.test_type_inspection_tools" file="parsyfiles/tests/unittests/test_type_inspection_tools.py" line="118" name="test_is_collection[test_type_inspection_tools.MyDict4-False-True]" time="0.0018947124481201172"></testcase><testcase classname="parsyfiles.tests.unittests.test_type_inspection_tools" file="parsyfiles/tests/unittests/test_type_inspection_tools.py" line="118" name="test_is_collection[typing.Any-False-False]" time="0.0025658607482910156"></testcase><testcase classname="parsyfiles.tests.unittests.test_type_inspection_tools" file="parsyfiles/tests/unittests/test_type_inspection_tools.py" line="118" name="test_is_collection[typing.Union-False-False]" time="0.0022170543670654297"></testcase><testcase classname="parsyfiles.tests.unittests.test_type_inspection_tools" file="parsyfiles/tests/unittests/test_type_inspection_tools.py" line="118" name="test_is_collection[typing.Union[typing.Any, NoneType]-False-False]" time="0.002153158187866211"></testcase><testcase classname="parsyfiles.tests.unittests.test_type_inspection_tools" file="parsyfiles/tests/unittests/test_type_inspection_tools.py" line="133" name="test__extract_collection_base_type[typing.Dict[str, int]-(&lt;class &apos;int&apos;&gt;, &lt;class &apos;str&apos;&gt;)]" time="0.0021276473999023438"></testcase><testcase classname="parsyfiles.tests.unittests.test_type_inspection_tools" file="parsyfiles/tests/unittests/test_type_inspection_tools.py" line="133" name="test__extract_collection_base_type[typing.Set[int]-(&lt;class &apos;int&apos;&gt;, None)]" time="0.002788543701171875"></testcase><testcase classname="parsyfiles.tests.unittests.test_type_inspection_tools" file="parsyfiles/tests/unittests/test_type_inspection_tools.py" line="133" name="test__extract_collection_base_type[typing.List[int]-(&lt;class &apos;int&apos;&gt;, None)]" time="0.0020585060119628906"></testcase><testcase classname="parsyfiles.tests.unittests.test_type_inspection_tools" file="parsyfiles/tests/unittests/test_type_inspection_tools.py" line="133" name="test__extract_collection_base_type[typing.Tuple[int, str]-((&lt;class &apos;int&apos;&gt;, &lt;class &apos;str&apos;&gt;), None)]" time="0.002124309539794922"></testcase><testcase classname="parsyfiles.tests.unittests.test_type_inspection_tools" file="parsyfiles/tests/unittests/test_type_inspection_tools.py" line="133" name="test__extract_collection_base_type[typing.Dict[str, typing.Tuple[int, str]]-(typing.Tuple[int, str], &lt;class &apos;str&apos;&gt;)]" time="0.002054452896118164"></testcase><testcase classname="parsyfiles.tests.unittests.test_type_inspection_tools" file="parsyfiles/tests/unittests/test_type_inspection_tools.py" line="133" name="test__extract_collection_base_type[typing.Tuple[typing.Dict[str, int], typing.List[int], typing.Set[int], typing.Tuple[str, int, str]]-((typing.Dict[str, int], typing.List[int], typing.Set[int], typing.Tuple[str, int, str]), None)]" time="0.005630016326904297"></testcase></testsuite>