<?xml version="1.0" encoding="utf-8"?><testsuite errors="1" failures="0" name="pytest" skips="0" tests="1" time="1.815"><testcase classname="" file="parsyfiles/tests/demo/test_parsyfiles_readme.py" name="parsyfiles.tests.demo.test_parsyfiles_readme" time="0"><error message="collection failure">ImportError while importing test module &apos;/home/travis/build/smarie/python-parsyfiles/parsyfiles/tests/demo/test_parsyfiles_readme.py&apos;.
Hint: make sure your test modules/packages have valid Python names.
Traceback:
parsyfiles/tests/demo/test_parsyfiles_readme.py:8: in &lt;module&gt;
    from autoclass import is_in
E   ImportError: cannot import name &apos;is_in&apos;</error></testcase></testsuite>